<?xml version="1.0" encoding="UTF-8"?>
<testsuite xmlns:xsi="http://www.w3.org/2001/XMLSchema-instance" xsi:noNamespaceSchemaLocation="https://maven.apache.org/surefire/maven-surefire-plugin/xsd/surefire-test-report-3.0.xsd" version="3.0" name="org.apache.hadoop.ozone.client.rpc.TestWatchForCommit" time="51.541" tests="1" errors="0" skipped="0" failures="0">
  <properties>
    <property name="awt.toolkit" value="sun.awt.X11.XToolkit"/>
    <property name="file.encoding.pkg" value="sun.io"/>
    <property name="java.specification.version" value="1.8"/>
    <property name="sun.cpu.isalist" value=""/>
    <property name="sun.jnu.encoding" value="UTF-8"/>
    <property name="gradle.enterprise.listener.surefire.forkId" value="1"/>
    <property name="java.class.path" value="/home/runner/work/ozone/ozone/hadoop-ozone/integration-test/target/test-classes:/home/runner/work/ozone/ozone/hadoop-ozone/integration-test/target/classes:/home/runner/.m2/repository/org/apache/ozone/ozone-common/1.5.0-SNAPSHOT/ozone-common-1.5.0-SNAPSHOT.jar:/home/runner/.m2/repository/io/grpc/grpc-netty/1.58.0/grpc-netty-1.58.0.jar:/home/runner/.m2/repository/io/grpc/grpc-core/1.58.0/grpc-core-1.58.0.jar:/home/runner/.m2/repository/com/google/android/annotations/4.1.1.4/annotations-4.1.1.4.jar:/home/runner/.m2/repository/org/codehaus/mojo/animal-sniffer-annotations/1.23/animal-sniffer-annotations-1.23.jar:/home/runner/.m2/repository/io/grpc/grpc-context/1.58.0/grpc-context-1.58.0.jar:/home/runner/.m2/repository/io/grpc/grpc-util/1.58.0/grpc-util-1.58.0.jar:/home/runner/.m2/repository/com/google/errorprone/error_prone_annotations/2.2.0/error_prone_annotations-2.2.0.jar:/home/runner/.m2/repository/io/perfmark/perfmark-api/0.26.0/perfmark-api-0.26.0.jar:/home/runner/.m2/repository/io/netty/netty-codec-http2/4.1.100.Final/netty-codec-http2-4.1.100.Final.jar:/home/runner/.m2/repository/io/netty/netty-common/4.1.100.Final/netty-common-4.1.100.Final.jar:/home/runner/.m2/repository/io/netty/netty-buffer/4.1.100.Final/netty-buffer-4.1.100.Final.jar:/home/runner/.m2/repository/io/netty/netty-codec-http/4.1.100.Final/netty-codec-http-4.1.100.Final.jar:/home/runner/.m2/repository/io/netty/netty-handler-proxy/4.1.100.Final/netty-handler-proxy-4.1.100.Final.jar:/home/runner/.m2/repository/io/netty/netty-codec-socks/4.1.100.Final/netty-codec-socks-4.1.100.Final.jar:/home/runner/.m2/repository/io/netty/netty-tcnative-boringssl-static/2.0.61.Final/netty-tcnative-boringssl-static-2.0.61.Final.jar:/home/runner/.m2/repository/io/netty/netty-tcnative-classes/2.0.61.Final/netty-tcnative-classes-2.0.61.Final.jar:/home/runner/.m2/repository/io/netty/netty-tcnative-boringssl-static/2.0.61.Final/netty-tcnative-boringssl-static-2.0.61.Final-linux-x86_64.jar:/home/runner/.m2/repository/io/netty/netty-tcnative-boringssl-static/2.0.61.Final/netty-tcnative-boringssl-static-2.0.61.Final-linux-aarch_64.jar:/home/runner/.m2/repository/io/netty/netty-tcnative-boringssl-static/2.0.61.Final/netty-tcnative-boringssl-static-2.0.61.Final-osx-x86_64.jar:/home/runner/.m2/repository/io/netty/netty-tcnative-boringssl-static/2.0.61.Final/netty-tcnative-boringssl-static-2.0.61.Final-osx-aarch_64.jar:/home/runner/.m2/repository/io/netty/netty-tcnative-boringssl-static/2.0.61.Final/netty-tcnative-boringssl-static-2.0.61.Final-windows-x86_64.jar:/home/runner/.m2/repository/org/apache/commons/commons-compress/1.26.0/commons-compress-1.26.0.jar:/home/runner/.m2/repository/org/apache/ozone/hdds-common/1.5.0-SNAPSHOT/hdds-common-1.5.0-SNAPSHOT.jar:/home/runner/.m2/repository/org/apache/ozone/hdds-client/1.5.0-SNAPSHOT/hdds-client-1.5.0-SNAPSHOT.jar:/home/runner/.m2/repository/org/apache/ozone/ozone-interface-client/1.5.0-SNAPSHOT/ozone-interface-client-1.5.0-SNAPSHOT.jar:/home/runner/.m2/repository/org/apache/hadoop/hadoop-hdfs-client/3.3.6/hadoop-hdfs-client-3.3.6.jar:/home/runner/.m2/repository/com/squareup/okhttp3/okhttp/4.12.0/okhttp-4.12.0.jar:/home/runner/.m2/repository/com/squareup/okio/okio/3.6.0/okio-3.6.0.jar:/home/runner/.m2/repository/com/squareup/okio/okio-jvm/3.6.0/okio-jvm-3.6.0.jar:/home/runner/.m2/repository/org/jetbrains/kotlin/kotlin-stdlib-jdk8/1.9.22/kotlin-stdlib-jdk8-1.9.22.jar:/home/runner/.m2/repository/org/jetbrains/kotlin/kotlin-stdlib-jdk7/1.9.22/kotlin-stdlib-jdk7-1.9.22.jar:/home/runner/.m2/repository/org/jetbrains/kotlin/kotlin-stdlib-common/1.9.22/kotlin-stdlib-common-1.9.22.jar:/home/runner/.m2/repository/org/apache/ozone/hdds-test-utils/1.5.0-SNAPSHOT/hdds-test-utils-1.5.0-SNAPSHOT.jar:/home/runner/.m2/repository/org/assertj/assertj-core/3.12.2/assertj-core-3.12.2.jar:/home/runner/.m2/repository/com/google/guava/guava/32.0.0-jre/guava-32.0.0-jre.jar:/home/runner/.m2/repository/com/google/guava/failureaccess/1.0.1/failureaccess-1.0.1.jar:/home/runner/.m2/repository/com/google/guava/listenablefuture/9999.0-empty-to-avoid-conflict-with-guava/listenablefuture-9999.0-empty-to-avoid-conflict-with-guava.jar:/home/runner/.m2/repository/org/checkerframework/checker-qual/3.33.0/checker-qual-3.33.0.jar:/home/runner/.m2/repository/com/google/j2objc/j2objc-annotations/2.8/j2objc-annotations-2.8.jar:/home/runner/.m2/repository/commons-io/commons-io/2.15.1/commons-io-2.15.1.jar:/home/runner/.m2/repository/commons-logging/commons-logging/1.2/commons-logging-1.2.jar:/home/runner/.m2/repository/org/junit/jupiter/junit-jupiter-api/5.10.1/junit-jupiter-api-5.10.1.jar:/home/runner/.m2/repository/org/opentest4j/opentest4j/1.3.0/opentest4j-1.3.0.jar:/home/runner/.m2/repository/org/junit/platform/junit-platform-commons/1.10.1/junit-platform-commons-1.10.1.jar:/home/runner/.m2/repository/ch/qos/reload4j/reload4j/1.2.25/reload4j-1.2.25.jar:/home/runner/.m2/repository/jakarta/annotation/jakarta.annotation-api/2.1.1/jakarta.annotation-api-2.1.1.jar:/home/runner/.m2/repository/org/slf4j/slf4j-api/2.0.12/slf4j-api-2.0.12.jar:/home/runner/.m2/repository/org/apache/logging/log4j/log4j-api/2.17.1/log4j-api-2.17.1.jar:/home/runner/.m2/repository/org/apache/ozone/hdds-server-scm/1.5.0-SNAPSHOT/hdds-server-scm-1.5.0-SNAPSHOT.jar:/home/runner/.m2/repository/com/google/protobuf/protobuf-java/2.5.0/protobuf-java-2.5.0.jar:/home/runner/.m2/repository/org/apache/ozone/hdds-container-service/1.5.0-SNAPSHOT/hdds-container-service-1.5.0-SNAPSHOT.jar:/home/runner/.m2/repository/org/apache/ozone/hdds-hadoop-dependency-server/1.5.0-SNAPSHOT/hdds-hadoop-dependency-server-1.5.0-SNAPSHOT.jar:/home/runner/.m2/repository/org/apache/hadoop/hadoop-hdfs/3.3.6/hadoop-hdfs-3.3.6.jar:/home/runner/.m2/repository/commons-daemon/commons-daemon/1.0.13/commons-daemon-1.0.13.jar:/home/runner/.m2/repository/org/xerial/snappy/snappy-java/1.1.10.5/snappy-java-1.1.10.5.jar:/home/runner/.m2/repository/org/apache/ozone/hdds-server-framework/1.5.0-SNAPSHOT/hdds-server-framework-1.5.0-SNAPSHOT.jar:/home/runner/.m2/repository/org/bouncycastle/bcprov-jdk18on/1.77/bcprov-jdk18on-1.77.jar:/home/runner/.m2/repository/io/dropwizard/metrics/metrics-core/3.2.4/metrics-core-3.2.4.jar:/home/runner/.m2/repository/org/apache/commons/commons-text/1.11.0/commons-text-1.11.0.jar:/home/runner/.m2/repository/org/apache/ozone/hdds-server-framework/1.5.0-SNAPSHOT/hdds-server-framework-1.5.0-SNAPSHOT-tests.jar:/home/runner/.m2/repository/org/apache/ozone/hdds-interface-server/1.5.0-SNAPSHOT/hdds-interface-server-1.5.0-SNAPSHOT.jar:/home/runner/.m2/repository/org/apache/ozone/hdds-interface-admin/1.5.0-SNAPSHOT/hdds-interface-admin-1.5.0-SNAPSHOT.jar:/home/runner/.m2/repository/org/apache/ozone/hdds-managed-rocksdb/1.5.0-SNAPSHOT/hdds-managed-rocksdb-1.5.0-SNAPSHOT.jar:/home/runner/.m2/repository/org/rocksdb/rocksdbjni/7.7.3/rocksdbjni-7.7.3.jar:/home/runner/.m2/repository/org/slf4j/slf4j-reload4j/2.0.12/slf4j-reload4j-2.0.12.jar:/home/runner/.m2/repository/org/apache/commons/commons-configuration2/2.8.0/commons-configuration2-2.8.0.jar:/home/runner/.m2/repository/commons-fileupload/commons-fileupload/1.5/commons-fileupload-1.5.jar:/home/runner/.m2/repository/org/apache/logging/log4j/log4j-core/2.17.1/log4j-core-2.17.1.jar:/home/runner/.m2/repository/com/lmax/disruptor/3.4.2/disruptor-3.4.2.jar:/home/runner/.m2/repository/org/eclipse/jetty/jetty-util/9.4.53.v20231009/jetty-util-9.4.53.v20231009.jar:/home/runner/.m2/repository/org/eclipse/jetty/jetty-server/9.4.53.v20231009/jetty-server-9.4.53.v20231009.jar:/home/runner/.m2/repository/org/eclipse/jetty/jetty-http/9.4.53.v20231009/jetty-http-9.4.53.v20231009.jar:/home/runner/.m2/repository/org/eclipse/jetty/jetty-io/9.4.53.v20231009/jetty-io-9.4.53.v20231009.jar:/home/runner/.m2/repository/org/eclipse/jetty/jetty-servlet/9.4.53.v20231009/jetty-servlet-9.4.53.v20231009.jar:/home/runner/.m2/repository/org/eclipse/jetty/jetty-security/9.4.53.v20231009/jetty-security-9.4.53.v20231009.jar:/home/runner/.m2/repository/org/eclipse/jetty/jetty-util-ajax/9.4.53.v20231009/jetty-util-ajax-9.4.53.v20231009.jar:/home/runner/.m2/repository/org/eclipse/jetty/jetty-webapp/9.4.53.v20231009/jetty-webapp-9.4.53.v20231009.jar:/home/runner/.m2/repository/org/eclipse/jetty/jetty-xml/9.4.53.v20231009/jetty-xml-9.4.53.v20231009.jar:/home/runner/.m2/repository/org/apache/ratis/ratis-server/3.0.1/ratis-server-3.0.1.jar:/home/runner/.m2/repository/org/apache/ratis/ratis-thirdparty-misc/1.0.5/ratis-thirdparty-misc-1.0.5.jar:/home/runner/.m2/repository/org/apache/ratis/ratis-proto/3.0.1/ratis-proto-3.0.1.jar:/home/runner/.m2/repository/org/apache/ratis/ratis-common/3.0.1/ratis-common-3.0.1.jar:/home/runner/.m2/repository/org/apache/ratis/ratis-client/3.0.1/ratis-client-3.0.1.jar:/home/runner/.m2/repository/org/apache/ratis/ratis-server-api/3.0.1/ratis-server-api-3.0.1.jar:/home/runner/.m2/repository/org/apache/ratis/ratis-metrics-api/3.0.1/ratis-metrics-api-3.0.1.jar:/home/runner/.m2/repository/org/apache/ratis/ratis-metrics-dropwizard3/3.0.1/ratis-metrics-dropwizard3-3.0.1.jar:/home/runner/.m2/repository/io/prometheus/simpleclient_dropwizard/0.16.0/simpleclient_dropwizard-0.16.0.jar:/home/runner/.m2/repository/io/prometheus/simpleclient/0.16.0/simpleclient-0.16.0.jar:/home/runner/.m2/repository/io/prometheus/simpleclient_common/0.16.0/simpleclient_common-0.16.0.jar:/home/runner/.m2/repository/com/fasterxml/jackson/datatype/jackson-datatype-jsr310/2.16.1/jackson-datatype-jsr310-2.16.1.jar:/home/runner/.m2/repository/com/fasterxml/jackson/core/jackson-core/2.16.1/jackson-core-2.16.1.jar:/home/runner/.m2/repository/org/apache/ozone/rocksdb-checkpoint-differ/1.5.0-SNAPSHOT/rocksdb-checkpoint-differ-1.5.0-SNAPSHOT.jar:/home/runner/.m2/repository/org/jgrapht/jgrapht-core/1.4.0/jgrapht-core-1.4.0.jar:/home/runner/.m2/repository/org/jheaps/jheaps/0.11/jheaps-0.11.jar:/home/runner/.m2/repository/org/jgrapht/jgrapht-ext/1.4.0/jgrapht-ext-1.4.0.jar:/home/runner/.m2/repository/com/github/vlsi/mxgraph/jgraphx/3.9.8.1/jgraphx-3.9.8.1.jar:/home/runner/.m2/repository/org/apache/ozone/ozone-manager/1.5.0-SNAPSHOT/ozone-manager-1.5.0-SNAPSHOT.jar:/home/runner/.m2/repository/org/aspectj/aspectjrt/1.9.7/aspectjrt-1.9.7.jar:/home/runner/.m2/repository/org/aspectj/aspectjweaver/1.9.7/aspectjweaver-1.9.7.jar:/home/runner/.m2/repository/org/apache/ozone/hdds-interface-client/1.5.0-SNAPSHOT/hdds-interface-client-1.5.0-SNAPSHOT.jar:/home/runner/.m2/repository/org/apache/hadoop/thirdparty/hadoop-shaded-protobuf_3_7/1.1.1/hadoop-shaded-protobuf_3_7-1.1.1.jar:/home/runner/.m2/repository/org/apache/ozone/ozone-interface-storage/1.5.0-SNAPSHOT/ozone-interface-storage-1.5.0-SNAPSHOT.jar:/home/runner/.m2/repository/org/reflections/reflections/0.9.11/reflections-0.9.11.jar:/home/runner/.m2/repository/com/sun/jersey/jersey-client/1.19.4/jersey-client-1.19.4.jar:/home/runner/.m2/repository/org/codehaus/jackson/jackson-core-asl/1.9.13/jackson-core-asl-1.9.13.jar:/home/runner/.m2/repository/org/codehaus/jackson/jackson-mapper-asl/1.9.13/jackson-mapper-asl-1.9.13.jar:/home/runner/.m2/repository/org/codehaus/jackson/jackson-jaxrs/1.9.13/jackson-jaxrs-1.9.13.jar:/home/runner/.m2/repository/org/apache/ranger/ranger-intg/2.3.0/ranger-intg-2.3.0.jar:/home/runner/.m2/repository/org/apache/ranger/ranger-plugins-common/2.3.0/ranger-plugins-common-2.3.0.jar:/home/runner/.m2/repository/commons-lang/commons-lang/2.6/commons-lang-2.6.jar:/home/runner/.m2/repository/org/apache/ranger/ranger-plugins-cred/2.3.0/ranger-plugins-cred-2.3.0.jar:/home/runner/.m2/repository/org/apache/ranger/ranger-plugins-audit/2.3.0/ranger-plugins-audit-2.3.0.jar:/home/runner/.m2/repository/org/eclipse/jetty/jetty-client/9.4.53.v20231009/jetty-client-9.4.53.v20231009.jar:/home/runner/.m2/repository/org/apache/httpcomponents/httpmime/4.5.6/httpmime-4.5.6.jar:/home/runner/.m2/repository/org/apache/httpcomponents/httpcore-nio/4.4.16/httpcore-nio-4.4.16.jar:/home/runner/.m2/repository/org/apache/httpcomponents/httpasyncclient/4.1.3/httpasyncclient-4.1.3.jar:/home/runner/.m2/repository/com/carrotsearch/hppc/0.8.0/hppc-0.8.0.jar:/home/runner/.m2/repository/org/apache/orc/orc-core/1.5.8/orc-core-1.5.8.jar:/home/runner/.m2/repository/net/java/dev/jna/jna/5.2.0/jna-5.2.0.jar:/home/runner/.m2/repository/net/java/dev/jna/jna-platform/5.2.0/jna-platform-5.2.0.jar:/home/runner/.m2/repository/com/kstruct/gethostname4j/0.0.2/gethostname4j-0.0.2.jar:/home/runner/.m2/repository/org/apache/ranger/ranger-plugin-classloader/2.3.0/ranger-plugin-classloader-2.3.0.jar:/home/runner/.m2/repository/org/apache/ozone/hdds-rocks-native/1.5.0-SNAPSHOT/hdds-rocks-native-1.5.0-SNAPSHOT.jar:/home/runner/.m2/repository/org/apache/hadoop/hadoop-minikdc/3.3.6/hadoop-minikdc-3.3.6.jar:/home/runner/.m2/repository/org/apache/kerby/kerb-simplekdc/1.0.1/kerb-simplekdc-1.0.1.jar:/home/runner/.m2/repository/org/apache/kerby/kerb-client/1.0.1/kerb-client-1.0.1.jar:/home/runner/.m2/repository/org/apache/kerby/kerby-config/1.0.1/kerby-config-1.0.1.jar:/home/runner/.m2/repository/org/apache/kerby/kerb-common/1.0.1/kerb-common-1.0.1.jar:/home/runner/.m2/repository/org/apache/kerby/kerb-crypto/1.0.1/kerb-crypto-1.0.1.jar:/home/runner/.m2/repository/org/apache/kerby/kerb-util/1.0.1/kerb-util-1.0.1.jar:/home/runner/.m2/repository/org/apache/kerby/token-provider/1.0.1/token-provider-1.0.1.jar:/home/runner/.m2/repository/org/apache/kerby/kerb-admin/1.0.1/kerb-admin-1.0.1.jar:/home/runner/.m2/repository/org/apache/kerby/kerb-server/1.0.1/kerb-server-1.0.1.jar:/home/runner/.m2/repository/org/apache/kerby/kerb-identity/1.0.1/kerb-identity-1.0.1.jar:/home/runner/.m2/repository/org/apache/kerby/kerby-xdr/1.0.1/kerby-xdr-1.0.1.jar:/home/runner/.m2/repository/junit/junit/4.13.2/junit-4.13.2.jar:/home/runner/.m2/repository/org/hamcrest/hamcrest-core/1.3/hamcrest-core-1.3.jar:/home/runner/.m2/repository/org/apache/ozone/ozone-s3gateway/1.5.0-SNAPSHOT/ozone-s3gateway-1.5.0-SNAPSHOT.jar:/home/runner/.m2/repository/org/javassist/javassist/3.21.0-GA/javassist-3.21.0-GA.jar:/home/runner/.m2/repository/org/jboss/weld/servlet/weld-servlet-shaded/3.1.9.Final/weld-servlet-shaded-3.1.9.Final.jar:/home/runner/.m2/repository/org/glassfish/jersey/containers/jersey-container-servlet-core/2.41/jersey-container-servlet-core-2.41.jar:/home/runner/.m2/repository/org/glassfish/hk2/external/jakarta.inject/2.6.1/jakarta.inject-2.6.1.jar:/home/runner/.m2/repository/org/glassfish/jersey/core/jersey-common/2.41/jersey-common-2.41.jar:/home/runner/.m2/repository/jakarta/ws/rs/jakarta.ws.rs-api/2.1.6/jakarta.ws.rs-api-2.1.6.jar:/home/runner/.m2/repository/org/glassfish/jersey/ext/cdi/jersey-cdi1x/2.41/jersey-cdi1x-2.41.jar:/home/runner/.m2/repository/org/glassfish/jersey/inject/jersey-hk2/2.41/jersey-hk2-2.41.jar:/home/runner/.m2/repository/org/glassfish/hk2/hk2-locator/2.6.1/hk2-locator-2.6.1.jar:/home/runner/.m2/repository/org/glassfish/jersey/media/jersey-media-jaxb/2.41/jersey-media-jaxb-2.41.jar:/home/runner/.m2/repository/org/glassfish/hk2/osgi-resource-locator/1.0.3/osgi-resource-locator-1.0.3.jar:/home/runner/.m2/repository/org/glassfish/hk2/hk2-api/2.6.1/hk2-api-2.6.1.jar:/home/runner/.m2/repository/org/glassfish/hk2/hk2-utils/2.6.1/hk2-utils-2.6.1.jar:/home/runner/.m2/repository/org/glassfish/hk2/external/aopalliance-repackaged/2.6.1/aopalliance-repackaged-2.6.1.jar:/home/runner/.m2/repository/com/fasterxml/jackson/dataformat/jackson-dataformat-xml/2.16.1/jackson-dataformat-xml-2.16.1.jar:/home/runner/.m2/repository/org/codehaus/woodstox/stax2-api/4.2.2/stax2-api-4.2.2.jar:/home/runner/.m2/repository/com/fasterxml/woodstox/woodstox-core/5.4.0/woodstox-core-5.4.0.jar:/home/runner/.m2/repository/com/fasterxml/jackson/module/jackson-module-jaxb-annotations/2.16.1/jackson-module-jaxb-annotations-2.16.1.jar:/home/runner/.m2/repository/javax/enterprise/cdi-api/2.0/cdi-api-2.0.jar:/home/runner/.m2/repository/javax/el/javax.el-api/3.0.0/javax.el-api-3.0.0.jar:/home/runner/.m2/repository/javax/interceptor/javax.interceptor-api/1.2/javax.interceptor-api-1.2.jar:/home/runner/.m2/repository/javax/inject/javax.inject/1/javax.inject-1.jar:/home/runner/.m2/repository/jakarta/xml/bind/jakarta.xml.bind-api/2.3.3/jakarta.xml.bind-api-2.3.3.jar:/home/runner/.m2/repository/org/glassfish/jaxb/jaxb-runtime/2.3.9/jaxb-runtime-2.3.9.jar:/home/runner/.m2/repository/org/glassfish/jaxb/txw2/2.3.9/txw2-2.3.9.jar:/home/runner/.m2/repository/com/sun/istack/istack-commons-runtime/3.0.12/istack-commons-runtime-3.0.12.jar:/home/runner/.m2/repository/com/sun/activation/jakarta.activation/1.2.2/jakarta.activation-1.2.2.jar:/home/runner/.m2/repository/jakarta/activation/jakarta.activation-api/1.2.2/jakarta.activation-api-1.2.2.jar:/home/runner/.m2/repository/io/grpc/grpc-protobuf/1.58.0/grpc-protobuf-1.58.0.jar:/home/runner/.m2/repository/com/google/api/grpc/proto-google-common-protos/2.22.0/proto-google-common-protos-2.22.0.jar:/home/runner/.m2/repository/io/grpc/grpc-protobuf-lite/1.58.0/grpc-protobuf-lite-1.58.0.jar:/home/runner/.m2/repository/io/grpc/grpc-stub/1.58.0/grpc-stub-1.58.0.jar:/home/runner/.m2/repository/io/netty/netty-transport/4.1.100.Final/netty-transport-4.1.100.Final.jar:/home/runner/.m2/repository/io/netty/netty-resolver/4.1.100.Final/netty-resolver-4.1.100.Final.jar:/home/runner/.m2/repository/org/apache/ozone/ozone-csi/1.5.0-SNAPSHOT/ozone-csi-1.5.0-SNAPSHOT.jar:/home/runner/.m2/repository/com/google/protobuf/protobuf-java-util/3.19.6/protobuf-java-util-3.19.6.jar:/home/runner/.m2/repository/com/google/code/gson/gson/2.9.0/gson-2.9.0.jar:/home/runner/.m2/repository/org/apache/ozone/hdds-config/1.5.0-SNAPSHOT/hdds-config-1.5.0-SNAPSHOT.jar:/home/runner/.m2/repository/io/netty/netty-transport-native-epoll/4.1.100.Final/netty-transport-native-epoll-4.1.100.Final-linux-x86_64.jar:/home/runner/.m2/repository/io/netty/netty-transport-classes-epoll/4.1.100.Final/netty-transport-classes-epoll-4.1.100.Final.jar:/home/runner/.m2/repository/io/netty/netty-transport-native-unix-common/4.1.100.Final/netty-transport-native-unix-common-4.1.100.Final.jar:/home/runner/.m2/repository/org/apache/ozone/ozone-recon/1.5.0-SNAPSHOT/ozone-recon-1.5.0-SNAPSHOT.jar:/home/runner/.m2/repository/org/apache/ozone/ozone-reconcodegen/1.5.0-SNAPSHOT/ozone-reconcodegen-1.5.0-SNAPSHOT.jar:/home/runner/.m2/repository/com/google/inject/guice/6.0.0/guice-6.0.0.jar:/home/runner/.m2/repository/jakarta/inject/jakarta.inject-api/2.0.1/jakarta.inject-api-2.0.1.jar:/home/runner/.m2/repository/aopalliance/aopalliance/1.0/aopalliance-1.0.jar:/home/runner/.m2/repository/com/google/inject/extensions/guice-assistedinject/6.0.0/guice-assistedinject-6.0.0.jar:/home/runner/.m2/repository/com/google/inject/extensions/guice-servlet/6.0.0/guice-servlet-6.0.0.jar:/home/runner/.m2/repository/org/glassfish/jersey/containers/jersey-container-servlet/2.41/jersey-container-servlet-2.41.jar:/home/runner/.m2/repository/org/glassfish/hk2/guice-bridge/2.6.1/guice-bridge-2.6.1.jar:/home/runner/.m2/repository/org/glassfish/jersey/core/jersey-server/2.41/jersey-server-2.41.jar:/home/runner/.m2/repository/org/glassfish/jersey/core/jersey-client/2.41/jersey-client-2.41.jar:/home/runner/.m2/repository/jakarta/validation/jakarta.validation-api/2.0.2/jakarta.validation-api-2.0.2.jar:/home/runner/.m2/repository/org/glassfish/jersey/media/jersey-media-json-jackson/2.41/jersey-media-json-jackson-2.41.jar:/home/runner/.m2/repository/org/glassfish/jersey/ext/jersey-entity-filtering/2.41/jersey-entity-filtering-2.41.jar:/home/runner/.m2/repository/org/jooq/jooq/3.11.10/jooq-3.11.10.jar:/home/runner/.m2/repository/org/jooq/jooq-meta/3.11.10/jooq-meta-3.11.10.jar:/home/runner/.m2/repository/org/jooq/jooq-codegen/3.11.10/jooq-codegen-3.11.10.jar:/home/runner/.m2/repository/com/jolbox/bonecp/0.8.0.RELEASE/bonecp-0.8.0.RELEASE.jar:/home/runner/.m2/repository/org/apache/derby/derby/10.14.2.0/derby-10.14.2.0.jar:/home/runner/.m2/repository/org/xerial/sqlite-jdbc/3.44.1.0/sqlite-jdbc-3.44.1.0.jar:/home/runner/.m2/repository/org/springframework/spring-jdbc/5.3.27/spring-jdbc-5.3.27.jar:/home/runner/.m2/repository/org/springframework/spring-beans/5.3.27/spring-beans-5.3.27.jar:/home/runner/.m2/repository/org/springframework/spring-core/5.3.27/spring-core-5.3.27.jar:/home/runner/.m2/repository/org/springframework/spring-tx/5.3.27/spring-tx-5.3.27.jar:/home/runner/.m2/repository/org/apache/ozone/ozone-client/1.5.0-SNAPSHOT/ozone-client-1.5.0-SNAPSHOT.jar:/home/runner/.m2/repository/org/apache/ozone/hdds-erasurecode/1.5.0-SNAPSHOT/hdds-erasurecode-1.5.0-SNAPSHOT.jar:/home/runner/.m2/repository/org/apache/ozone/ozone-filesystem/1.5.0-SNAPSHOT/ozone-filesystem-1.5.0-SNAPSHOT.jar:/home/runner/.m2/repository/org/apache/ozone/ozone-filesystem-common/1.5.0-SNAPSHOT/ozone-filesystem-common-1.5.0-SNAPSHOT.jar:/home/runner/.m2/repository/org/apache/ozone/ozone-tools/1.5.0-SNAPSHOT/ozone-tools-1.5.0-SNAPSHOT.jar:/home/runner/.m2/repository/com/amazonaws/aws-java-sdk-core/1.12.661/aws-java-sdk-core-1.12.661.jar:/home/runner/.m2/repository/org/apache/httpcomponents/httpclient/4.5.14/httpclient-4.5.14.jar:/home/runner/.m2/repository/org/apache/httpcomponents/httpcore/4.4.16/httpcore-4.4.16.jar:/home/runner/.m2/repository/com/fasterxml/jackson/dataformat/jackson-dataformat-cbor/2.16.1/jackson-dataformat-cbor-2.16.1.jar:/home/runner/.m2/repository/joda-time/joda-time/2.12.7/joda-time-2.12.7.jar:/home/runner/.m2/repository/com/amazonaws/aws-java-sdk-s3/1.12.661/aws-java-sdk-s3-1.12.661.jar:/home/runner/.m2/repository/com/amazonaws/aws-java-sdk-kms/1.12.661/aws-java-sdk-kms-1.12.661.jar:/home/runner/.m2/repository/com/amazonaws/jmespath-java/1.12.661/jmespath-java-1.12.661.jar:/home/runner/.m2/repository/org/kohsuke/metainf-services/metainf-services/1.11/metainf-services-1.11.jar:/home/runner/.m2/repository/org/apache/ozone/hdds-tools/1.5.0-SNAPSHOT/hdds-tools-1.5.0-SNAPSHOT.jar:/home/runner/.m2/repository/org/apache/ratis/ratis-tools/3.0.1/ratis-tools-3.0.1.jar:/home/runner/.m2/repository/commons-cli/commons-cli/1.6.0/commons-cli-1.6.0.jar:/home/runner/.m2/repository/org/apache/commons/commons-lang3/3.14.0/commons-lang3-3.14.0.jar:/home/runner/.m2/repository/org/apache/ozone/ozone-manager/1.5.0-SNAPSHOT/ozone-manager-1.5.0-SNAPSHOT-tests.jar:/home/runner/.m2/repository/org/apache/ozone/hdds-common/1.5.0-SNAPSHOT/hdds-common-1.5.0-SNAPSHOT-tests.jar:/home/runner/.m2/repository/org/apache/ozone/hdds-hadoop-dependency-client/1.5.0-SNAPSHOT/hdds-hadoop-dependency-client-1.5.0-SNAPSHOT.jar:/home/runner/.m2/repository/info/picocli/picocli/4.7.5/picocli-4.7.5.jar:/home/runner/.m2/repository/com/fasterxml/jackson/core/jackson-annotations/2.16.1/jackson-annotations-2.16.1.jar:/home/runner/.m2/repository/org/apache/ozone/hdds-annotation-processing/1.5.0-SNAPSHOT/hdds-annotation-processing-1.5.0-SNAPSHOT.jar:/home/runner/.m2/repository/javax/annotation/javax.annotation-api/1.3.2/javax.annotation-api-1.3.2.jar:/home/runner/.m2/repository/org/apache/ratis/ratis-netty/3.0.1/ratis-netty-3.0.1.jar:/home/runner/.m2/repository/org/apache/ratis/ratis-grpc/3.0.1/ratis-grpc-3.0.1.jar:/home/runner/.m2/repository/org/bouncycastle/bcpkix-jdk18on/1.77/bcpkix-jdk18on-1.77.jar:/home/runner/.m2/repository/org/bouncycastle/bcutil-jdk18on/1.77/bcutil-jdk18on-1.77.jar:/home/runner/.m2/repository/commons-validator/commons-validator/1.6/commons-validator-1.6.jar:/home/runner/.m2/repository/commons-beanutils/commons-beanutils/1.9.4/commons-beanutils-1.9.4.jar:/home/runner/.m2/repository/commons-digester/commons-digester/1.8.1/commons-digester-1.8.1.jar:/home/runner/.m2/repository/commons-collections/commons-collections/3.2.2/commons-collections-3.2.2.jar:/home/runner/.m2/repository/io/jaegertracing/jaeger-client/1.8.1/jaeger-client-1.8.1.jar:/home/runner/.m2/repository/io/jaegertracing/jaeger-thrift/1.8.1/jaeger-thrift-1.8.1.jar:/home/runner/.m2/repository/org/apache/thrift/libthrift/0.15.0/libthrift-0.15.0.jar:/home/runner/.m2/repository/io/jaegertracing/jaeger-core/1.8.1/jaeger-core-1.8.1.jar:/home/runner/.m2/repository/io/jaegertracing/jaeger-tracerresolver/1.8.1/jaeger-tracerresolver-1.8.1.jar:/home/runner/.m2/repository/io/opentracing/contrib/opentracing-tracerresolver/0.1.8/opentracing-tracerresolver-0.1.8.jar:/home/runner/.m2/repository/org/jetbrains/kotlin/kotlin-stdlib/1.9.22/kotlin-stdlib-1.9.22.jar:/home/runner/.m2/repository/org/jetbrains/annotations/13.0/annotations-13.0.jar:/home/runner/.m2/repository/io/opentracing/opentracing-util/0.33.0/opentracing-util-0.33.0.jar:/home/runner/.m2/repository/io/opentracing/opentracing-api/0.33.0/opentracing-api-0.33.0.jar:/home/runner/.m2/repository/io/opentracing/opentracing-noop/0.33.0/opentracing-noop-0.33.0.jar:/home/runner/.m2/repository/org/yaml/snakeyaml/2.0/snakeyaml-2.0.jar:/home/runner/.m2/repository/io/grpc/grpc-api/1.58.0/grpc-api-1.58.0.jar:/home/runner/.m2/repository/org/junit/jupiter/junit-jupiter-engine/5.10.1/junit-jupiter-engine-5.10.1.jar:/home/runner/.m2/repository/org/junit/platform/junit-platform-engine/1.10.1/junit-platform-engine-1.10.1.jar:/home/runner/.m2/repository/org/apiguardian/apiguardian-api/1.1.2/apiguardian-api-1.1.2.jar:/home/runner/.m2/repository/org/junit/platform/junit-platform-launcher/1.10.1/junit-platform-launcher-1.10.1.jar:/home/runner/.m2/repository/org/apache/hadoop/hadoop-kms/3.3.6/hadoop-kms-3.3.6.jar:/home/runner/.m2/repository/org/apache/hadoop/hadoop-auth/3.3.6/hadoop-auth-3.3.6.jar:/home/runner/.m2/repository/com/nimbusds/nimbus-jose-jwt/9.8.1/nimbus-jose-jwt-9.8.1.jar:/home/runner/.m2/repository/com/github/stephenc/jcip/jcip-annotations/1.0-1/jcip-annotations-1.0-1.jar:/home/runner/.m2/repository/org/apache/zookeeper/zookeeper/3.7.2/zookeeper-3.7.2.jar:/home/runner/.m2/repository/org/apache/zookeeper/zookeeper-jute/3.7.2/zookeeper-jute-3.7.2.jar:/home/runner/.m2/repository/org/apache/yetus/audience-annotations/0.12.0/audience-annotations-0.12.0.jar:/home/runner/.m2/repository/org/apache/curator/curator-framework/4.2.0/curator-framework-4.2.0.jar:/home/runner/.m2/repository/org/apache/hadoop/thirdparty/hadoop-shaded-guava/1.1.1/hadoop-shaded-guava-1.1.1.jar:/home/runner/.m2/repository/com/sun/jersey/jersey-core/1.19.4/jersey-core-1.19.4.jar:/home/runner/.m2/repository/javax/ws/rs/jsr311-api/1.1.1/jsr311-api-1.1.1.jar:/home/runner/.m2/repository/com/sun/jersey/jersey-server/1.19.4/jersey-server-1.19.4.jar:/home/runner/.m2/repository/javax/servlet/javax.servlet-api/3.1.0/javax.servlet-api-3.1.0.jar:/home/runner/.m2/repository/org/apache/hadoop/hadoop-common/3.3.6/hadoop-common-3.3.6.jar:/home/runner/.m2/repository/org/apache/commons/commons-math3/3.6.1/commons-math3-3.6.1.jar:/home/runner/.m2/repository/commons-net/commons-net/3.10.0/commons-net-3.10.0.jar:/home/runner/.m2/repository/com/sun/jersey/jersey-servlet/1.19.4/jersey-servlet-1.19.4.jar:/home/runner/.m2/repository/com/github/pjfanning/jersey-json/1.20/jersey-json-1.20.jar:/home/runner/.m2/repository/org/codehaus/jettison/jettison/1.1/jettison-1.1.jar:/home/runner/.m2/repository/com/sun/xml/bind/jaxb-impl/2.2.3-1/jaxb-impl-2.2.3-1.jar:/home/runner/.m2/repository/com/google/re2j/re2j/1.7/re2j-1.7.jar:/home/runner/.m2/repository/com/jcraft/jsch/0.1.54/jsch-0.1.54.jar:/home/runner/.m2/repository/org/apache/curator/curator-client/4.2.0/curator-client-4.2.0.jar:/home/runner/.m2/repository/org/apache/curator/curator-recipes/5.2.0/curator-recipes-5.2.0.jar:/home/runner/.m2/repository/com/google/code/findbugs/jsr305/3.0.2/jsr305-3.0.2.jar:/home/runner/.m2/repository/org/apache/kerby/kerb-core/1.0.1/kerb-core-1.0.1.jar:/home/runner/.m2/repository/org/apache/kerby/kerby-pkix/1.0.1/kerby-pkix-1.0.1.jar:/home/runner/.m2/repository/org/apache/kerby/kerby-asn1/1.0.1/kerby-asn1-1.0.1.jar:/home/runner/.m2/repository/org/apache/kerby/kerby-util/1.0.1/kerby-util-1.0.1.jar:/home/runner/.m2/repository/dnsjava/dnsjava/2.1.7/dnsjava-2.1.7.jar:/home/runner/.m2/repository/com/fasterxml/jackson/core/jackson-databind/2.16.1/jackson-databind-2.16.1.jar:/home/runner/.m2/repository/org/apache/hadoop/hadoop-kms/3.3.6/hadoop-kms-3.3.6-tests.jar:/home/runner/.m2/repository/org/apache/ozone/hdds-server-scm/1.5.0-SNAPSHOT/hdds-server-scm-1.5.0-SNAPSHOT-tests.jar:/home/runner/.m2/repository/org/apache/ozone/hdds-container-service/1.5.0-SNAPSHOT/hdds-container-service-1.5.0-SNAPSHOT-tests.jar:/home/runner/.m2/repository/com/github/luben/zstd-jni/1.5.2-5/zstd-jni-1.5.2-5.jar:/home/runner/.m2/repository/commons-codec/commons-codec/1.15/commons-codec-1.15.jar:/home/runner/.m2/repository/io/netty/netty-codec/4.1.100.Final/netty-codec-4.1.100.Final.jar:/home/runner/.m2/repository/io/netty/netty-handler/4.1.100.Final/netty-handler-4.1.100.Final.jar:/home/runner/.m2/repository/org/apache/ozone/hdds-hadoop-dependency-test/1.5.0-SNAPSHOT/hdds-hadoop-dependency-test-1.5.0-SNAPSHOT.jar:/home/runner/.m2/repository/org/apache/hadoop/hadoop-common/3.3.6/hadoop-common-3.3.6-tests.jar:/home/runner/.m2/repository/org/apache/hadoop/hadoop-hdfs/3.3.6/hadoop-hdfs-3.3.6-tests.jar:/home/runner/.m2/repository/org/junit/jupiter/junit-jupiter-params/5.10.1/junit-jupiter-params-5.10.1.jar:/home/runner/.m2/repository/org/mockito/mockito-core/4.11.0/mockito-core-4.11.0.jar:/home/runner/.m2/repository/net/bytebuddy/byte-buddy/1.12.19/byte-buddy-1.12.19.jar:/home/runner/.m2/repository/net/bytebuddy/byte-buddy-agent/1.12.19/byte-buddy-agent-1.12.19.jar:/home/runner/.m2/repository/org/objenesis/objenesis/1.0/objenesis-1.0.jar:/home/runner/.m2/repository/org/mockito/mockito-junit-jupiter/4.11.0/mockito-junit-jupiter-4.11.0.jar:/home/runner/.m2/repository/org/apache/hadoop/hadoop-distcp/3.3.6/hadoop-distcp-3.3.6.jar:/home/runner/.m2/repository/org/apache/hadoop/hadoop-mapreduce-client-jobclient/3.3.6/hadoop-mapreduce-client-jobclient-3.3.6.jar:/home/runner/.m2/repository/org/apache/hadoop/hadoop-mapreduce-client-common/3.3.6/hadoop-mapreduce-client-common-3.3.6.jar:/home/runner/.m2/repository/org/apache/hadoop/hadoop-yarn-common/3.3.6/hadoop-yarn-common-3.3.6.jar:/home/runner/.m2/repository/org/apache/hadoop/hadoop-yarn-api/3.3.6/hadoop-yarn-api-3.3.6.jar:/home/runner/.m2/repository/javax/xml/bind/jaxb-api/2.2.11/jaxb-api-2.2.11.jar:/home/runner/.m2/repository/com/sun/jersey/contribs/jersey-guice/1.19.4/jersey-guice-1.19.4.jar:/home/runner/.m2/repository/com/fasterxml/jackson/jaxrs/jackson-jaxrs-json-provider/2.16.1/jackson-jaxrs-json-provider-2.16.1.jar:/home/runner/.m2/repository/com/fasterxml/jackson/jaxrs/jackson-jaxrs-base/2.16.1/jackson-jaxrs-base-2.16.1.jar:/home/runner/.m2/repository/org/apache/hadoop/hadoop-yarn-client/3.3.6/hadoop-yarn-client-3.3.6.jar:/home/runner/.m2/repository/org/eclipse/jetty/websocket/websocket-client/9.4.51.v20230217/websocket-client-9.4.51.v20230217.jar:/home/runner/.m2/repository/org/eclipse/jetty/websocket/websocket-common/9.4.51.v20230217/websocket-common-9.4.51.v20230217.jar:/home/runner/.m2/repository/org/eclipse/jetty/websocket/websocket-api/9.4.51.v20230217/websocket-api-9.4.51.v20230217.jar:/home/runner/.m2/repository/org/jline/jline/3.9.0/jline-3.9.0.jar:/home/runner/.m2/repository/org/apache/hadoop/hadoop-mapreduce-client-core/3.3.6/hadoop-mapreduce-client-core-3.3.6.jar:/home/runner/.m2/repository/org/apache/avro/avro/1.7.7/avro-1.7.7.jar:/home/runner/.m2/repository/com/thoughtworks/paranamer/paranamer/2.3/paranamer-2.3.jar:/home/runner/.m2/repository/org/apache/hadoop/hadoop-annotations/3.3.6/hadoop-annotations-3.3.6.jar:/usr/lib/jvm/temurin-8-jdk-amd64/jre/../lib/tools.jar:/home/runner/.m2/repository/io/netty/netty/3.10.6.Final/netty-3.10.6.Final.jar:/home/runner/.m2/repository/org/apache/hadoop/hadoop-distcp/3.3.6/hadoop-distcp-3.3.6-tests.jar:/home/runner/.m2/repository/org/hamcrest/hamcrest/2.2/hamcrest-2.2.jar:/home/runner/.m2/repository/org/slf4j/jul-to-slf4j/2.0.12/jul-to-slf4j-2.0.12.jar:/home/runner/work/ozone/ozone/hadoop-ozone/integration-test/target/gradle-enterprise/test-listeners.jar:"/>
    <property name="java.vm.vendor" value="Temurin"/>
    <property name="sun.arch.data.model" value="64"/>
    <property name="test.build.dir" value="/home/runner/work/ozone/ozone/hadoop-ozone/integration-test/target/test-dir"/>
    <property name="test.cache.data" value=""/>
    <property name="java.vendor.url" value="https://adoptium.net/"/>
    <property name="user.timezone" value="Etc/UTC"/>
    <property name="maven-surefire-plugin.argLineAccessArgs" value=""/>
    <property name="os.name" value="Linux"/>
    <property name="java.vm.specification.version" value="1.8"/>
    <property name="test.build.data" value="/home/runner/work/ozone/ozone/hadoop-ozone/integration-test/target/test-dir"/>
    <property name="sun.java.launcher" value="SUN_STANDARD"/>
    <property name="sun.boot.library.path" value="/usr/lib/jvm/temurin-8-jdk-amd64/jre/lib/amd64"/>
    <property name="sun.java.command" value="/home/runner/work/ozone/ozone/hadoop-ozone/integration-test/target/surefire/surefirebooter5128804324934667436.jar /home/runner/work/ozone/ozone/hadoop-ozone/integration-test/target/surefire 2024-03-15T21-21-37_603-jvmRun1 surefire3554603141559494991tmp surefire_118850451853971746552tmp"/>
    <property name="native.lib.tmp.dir" value="/tmp"/>
    <property name="surefire.test.class.path" value="/home/runner/work/ozone/ozone/hadoop-ozone/integration-test/target/test-classes:/home/runner/work/ozone/ozone/hadoop-ozone/integration-test/target/classes:/home/runner/.m2/repository/org/apache/ozone/ozone-common/1.5.0-SNAPSHOT/ozone-common-1.5.0-SNAPSHOT.jar:/home/runner/.m2/repository/io/grpc/grpc-netty/1.58.0/grpc-netty-1.58.0.jar:/home/runner/.m2/repository/io/grpc/grpc-core/1.58.0/grpc-core-1.58.0.jar:/home/runner/.m2/repository/com/google/android/annotations/4.1.1.4/annotations-4.1.1.4.jar:/home/runner/.m2/repository/org/codehaus/mojo/animal-sniffer-annotations/1.23/animal-sniffer-annotations-1.23.jar:/home/runner/.m2/repository/io/grpc/grpc-context/1.58.0/grpc-context-1.58.0.jar:/home/runner/.m2/repository/io/grpc/grpc-util/1.58.0/grpc-util-1.58.0.jar:/home/runner/.m2/repository/com/google/errorprone/error_prone_annotations/2.2.0/error_prone_annotations-2.2.0.jar:/home/runner/.m2/repository/io/perfmark/perfmark-api/0.26.0/perfmark-api-0.26.0.jar:/home/runner/.m2/repository/io/netty/netty-codec-http2/4.1.100.Final/netty-codec-http2-4.1.100.Final.jar:/home/runner/.m2/repository/io/netty/netty-common/4.1.100.Final/netty-common-4.1.100.Final.jar:/home/runner/.m2/repository/io/netty/netty-buffer/4.1.100.Final/netty-buffer-4.1.100.Final.jar:/home/runner/.m2/repository/io/netty/netty-codec-http/4.1.100.Final/netty-codec-http-4.1.100.Final.jar:/home/runner/.m2/repository/io/netty/netty-handler-proxy/4.1.100.Final/netty-handler-proxy-4.1.100.Final.jar:/home/runner/.m2/repository/io/netty/netty-codec-socks/4.1.100.Final/netty-codec-socks-4.1.100.Final.jar:/home/runner/.m2/repository/io/netty/netty-tcnative-boringssl-static/2.0.61.Final/netty-tcnative-boringssl-static-2.0.61.Final.jar:/home/runner/.m2/repository/io/netty/netty-tcnative-classes/2.0.61.Final/netty-tcnative-classes-2.0.61.Final.jar:/home/runner/.m2/repository/io/netty/netty-tcnative-boringssl-static/2.0.61.Final/netty-tcnative-boringssl-static-2.0.61.Final-linux-x86_64.jar:/home/runner/.m2/repository/io/netty/netty-tcnative-boringssl-static/2.0.61.Final/netty-tcnative-boringssl-static-2.0.61.Final-linux-aarch_64.jar:/home/runner/.m2/repository/io/netty/netty-tcnative-boringssl-static/2.0.61.Final/netty-tcnative-boringssl-static-2.0.61.Final-osx-x86_64.jar:/home/runner/.m2/repository/io/netty/netty-tcnative-boringssl-static/2.0.61.Final/netty-tcnative-boringssl-static-2.0.61.Final-osx-aarch_64.jar:/home/runner/.m2/repository/io/netty/netty-tcnative-boringssl-static/2.0.61.Final/netty-tcnative-boringssl-static-2.0.61.Final-windows-x86_64.jar:/home/runner/.m2/repository/org/apache/commons/commons-compress/1.26.0/commons-compress-1.26.0.jar:/home/runner/.m2/repository/org/apache/ozone/hdds-common/1.5.0-SNAPSHOT/hdds-common-1.5.0-SNAPSHOT.jar:/home/runner/.m2/repository/org/apache/ozone/hdds-client/1.5.0-SNAPSHOT/hdds-client-1.5.0-SNAPSHOT.jar:/home/runner/.m2/repository/org/apache/ozone/ozone-interface-client/1.5.0-SNAPSHOT/ozone-interface-client-1.5.0-SNAPSHOT.jar:/home/runner/.m2/repository/org/apache/hadoop/hadoop-hdfs-client/3.3.6/hadoop-hdfs-client-3.3.6.jar:/home/runner/.m2/repository/com/squareup/okhttp3/okhttp/4.12.0/okhttp-4.12.0.jar:/home/runner/.m2/repository/com/squareup/okio/okio/3.6.0/okio-3.6.0.jar:/home/runner/.m2/repository/com/squareup/okio/okio-jvm/3.6.0/okio-jvm-3.6.0.jar:/home/runner/.m2/repository/org/jetbrains/kotlin/kotlin-stdlib-jdk8/1.9.22/kotlin-stdlib-jdk8-1.9.22.jar:/home/runner/.m2/repository/org/jetbrains/kotlin/kotlin-stdlib-jdk7/1.9.22/kotlin-stdlib-jdk7-1.9.22.jar:/home/runner/.m2/repository/org/jetbrains/kotlin/kotlin-stdlib-common/1.9.22/kotlin-stdlib-common-1.9.22.jar:/home/runner/.m2/repository/org/apache/ozone/hdds-test-utils/1.5.0-SNAPSHOT/hdds-test-utils-1.5.0-SNAPSHOT.jar:/home/runner/.m2/repository/org/assertj/assertj-core/3.12.2/assertj-core-3.12.2.jar:/home/runner/.m2/repository/com/google/guava/guava/32.0.0-jre/guava-32.0.0-jre.jar:/home/runner/.m2/repository/com/google/guava/failureaccess/1.0.1/failureaccess-1.0.1.jar:/home/runner/.m2/repository/com/google/guava/listenablefuture/9999.0-empty-to-avoid-conflict-with-guava/listenablefuture-9999.0-empty-to-avoid-conflict-with-guava.jar:/home/runner/.m2/repository/org/checkerframework/checker-qual/3.33.0/checker-qual-3.33.0.jar:/home/runner/.m2/repository/com/google/j2objc/j2objc-annotations/2.8/j2objc-annotations-2.8.jar:/home/runner/.m2/repository/commons-io/commons-io/2.15.1/commons-io-2.15.1.jar:/home/runner/.m2/repository/commons-logging/commons-logging/1.2/commons-logging-1.2.jar:/home/runner/.m2/repository/org/junit/jupiter/junit-jupiter-api/5.10.1/junit-jupiter-api-5.10.1.jar:/home/runner/.m2/repository/org/opentest4j/opentest4j/1.3.0/opentest4j-1.3.0.jar:/home/runner/.m2/repository/org/junit/platform/junit-platform-commons/1.10.1/junit-platform-commons-1.10.1.jar:/home/runner/.m2/repository/ch/qos/reload4j/reload4j/1.2.25/reload4j-1.2.25.jar:/home/runner/.m2/repository/jakarta/annotation/jakarta.annotation-api/2.1.1/jakarta.annotation-api-2.1.1.jar:/home/runner/.m2/repository/org/slf4j/slf4j-api/2.0.12/slf4j-api-2.0.12.jar:/home/runner/.m2/repository/org/apache/logging/log4j/log4j-api/2.17.1/log4j-api-2.17.1.jar:/home/runner/.m2/repository/org/apache/ozone/hdds-server-scm/1.5.0-SNAPSHOT/hdds-server-scm-1.5.0-SNAPSHOT.jar:/home/runner/.m2/repository/com/google/protobuf/protobuf-java/2.5.0/protobuf-java-2.5.0.jar:/home/runner/.m2/repository/org/apache/ozone/hdds-container-service/1.5.0-SNAPSHOT/hdds-container-service-1.5.0-SNAPSHOT.jar:/home/runner/.m2/repository/org/apache/ozone/hdds-hadoop-dependency-server/1.5.0-SNAPSHOT/hdds-hadoop-dependency-server-1.5.0-SNAPSHOT.jar:/home/runner/.m2/repository/org/apache/hadoop/hadoop-hdfs/3.3.6/hadoop-hdfs-3.3.6.jar:/home/runner/.m2/repository/commons-daemon/commons-daemon/1.0.13/commons-daemon-1.0.13.jar:/home/runner/.m2/repository/org/xerial/snappy/snappy-java/1.1.10.5/snappy-java-1.1.10.5.jar:/home/runner/.m2/repository/org/apache/ozone/hdds-server-framework/1.5.0-SNAPSHOT/hdds-server-framework-1.5.0-SNAPSHOT.jar:/home/runner/.m2/repository/org/bouncycastle/bcprov-jdk18on/1.77/bcprov-jdk18on-1.77.jar:/home/runner/.m2/repository/io/dropwizard/metrics/metrics-core/3.2.4/metrics-core-3.2.4.jar:/home/runner/.m2/repository/org/apache/commons/commons-text/1.11.0/commons-text-1.11.0.jar:/home/runner/.m2/repository/org/apache/ozone/hdds-server-framework/1.5.0-SNAPSHOT/hdds-server-framework-1.5.0-SNAPSHOT-tests.jar:/home/runner/.m2/repository/org/apache/ozone/hdds-interface-server/1.5.0-SNAPSHOT/hdds-interface-server-1.5.0-SNAPSHOT.jar:/home/runner/.m2/repository/org/apache/ozone/hdds-interface-admin/1.5.0-SNAPSHOT/hdds-interface-admin-1.5.0-SNAPSHOT.jar:/home/runner/.m2/repository/org/apache/ozone/hdds-managed-rocksdb/1.5.0-SNAPSHOT/hdds-managed-rocksdb-1.5.0-SNAPSHOT.jar:/home/runner/.m2/repository/org/rocksdb/rocksdbjni/7.7.3/rocksdbjni-7.7.3.jar:/home/runner/.m2/repository/org/slf4j/slf4j-reload4j/2.0.12/slf4j-reload4j-2.0.12.jar:/home/runner/.m2/repository/org/apache/commons/commons-configuration2/2.8.0/commons-configuration2-2.8.0.jar:/home/runner/.m2/repository/commons-fileupload/commons-fileupload/1.5/commons-fileupload-1.5.jar:/home/runner/.m2/repository/org/apache/logging/log4j/log4j-core/2.17.1/log4j-core-2.17.1.jar:/home/runner/.m2/repository/com/lmax/disruptor/3.4.2/disruptor-3.4.2.jar:/home/runner/.m2/repository/org/eclipse/jetty/jetty-util/9.4.53.v20231009/jetty-util-9.4.53.v20231009.jar:/home/runner/.m2/repository/org/eclipse/jetty/jetty-server/9.4.53.v20231009/jetty-server-9.4.53.v20231009.jar:/home/runner/.m2/repository/org/eclipse/jetty/jetty-http/9.4.53.v20231009/jetty-http-9.4.53.v20231009.jar:/home/runner/.m2/repository/org/eclipse/jetty/jetty-io/9.4.53.v20231009/jetty-io-9.4.53.v20231009.jar:/home/runner/.m2/repository/org/eclipse/jetty/jetty-servlet/9.4.53.v20231009/jetty-servlet-9.4.53.v20231009.jar:/home/runner/.m2/repository/org/eclipse/jetty/jetty-security/9.4.53.v20231009/jetty-security-9.4.53.v20231009.jar:/home/runner/.m2/repository/org/eclipse/jetty/jetty-util-ajax/9.4.53.v20231009/jetty-util-ajax-9.4.53.v20231009.jar:/home/runner/.m2/repository/org/eclipse/jetty/jetty-webapp/9.4.53.v20231009/jetty-webapp-9.4.53.v20231009.jar:/home/runner/.m2/repository/org/eclipse/jetty/jetty-xml/9.4.53.v20231009/jetty-xml-9.4.53.v20231009.jar:/home/runner/.m2/repository/org/apache/ratis/ratis-server/3.0.1/ratis-server-3.0.1.jar:/home/runner/.m2/repository/org/apache/ratis/ratis-thirdparty-misc/1.0.5/ratis-thirdparty-misc-1.0.5.jar:/home/runner/.m2/repository/org/apache/ratis/ratis-proto/3.0.1/ratis-proto-3.0.1.jar:/home/runner/.m2/repository/org/apache/ratis/ratis-common/3.0.1/ratis-common-3.0.1.jar:/home/runner/.m2/repository/org/apache/ratis/ratis-client/3.0.1/ratis-client-3.0.1.jar:/home/runner/.m2/repository/org/apache/ratis/ratis-server-api/3.0.1/ratis-server-api-3.0.1.jar:/home/runner/.m2/repository/org/apache/ratis/ratis-metrics-api/3.0.1/ratis-metrics-api-3.0.1.jar:/home/runner/.m2/repository/org/apache/ratis/ratis-metrics-dropwizard3/3.0.1/ratis-metrics-dropwizard3-3.0.1.jar:/home/runner/.m2/repository/io/prometheus/simpleclient_dropwizard/0.16.0/simpleclient_dropwizard-0.16.0.jar:/home/runner/.m2/repository/io/prometheus/simpleclient/0.16.0/simpleclient-0.16.0.jar:/home/runner/.m2/repository/io/prometheus/simpleclient_common/0.16.0/simpleclient_common-0.16.0.jar:/home/runner/.m2/repository/com/fasterxml/jackson/datatype/jackson-datatype-jsr310/2.16.1/jackson-datatype-jsr310-2.16.1.jar:/home/runner/.m2/repository/com/fasterxml/jackson/core/jackson-core/2.16.1/jackson-core-2.16.1.jar:/home/runner/.m2/repository/org/apache/ozone/rocksdb-checkpoint-differ/1.5.0-SNAPSHOT/rocksdb-checkpoint-differ-1.5.0-SNAPSHOT.jar:/home/runner/.m2/repository/org/jgrapht/jgrapht-core/1.4.0/jgrapht-core-1.4.0.jar:/home/runner/.m2/repository/org/jheaps/jheaps/0.11/jheaps-0.11.jar:/home/runner/.m2/repository/org/jgrapht/jgrapht-ext/1.4.0/jgrapht-ext-1.4.0.jar:/home/runner/.m2/repository/com/github/vlsi/mxgraph/jgraphx/3.9.8.1/jgraphx-3.9.8.1.jar:/home/runner/.m2/repository/org/apache/ozone/ozone-manager/1.5.0-SNAPSHOT/ozone-manager-1.5.0-SNAPSHOT.jar:/home/runner/.m2/repository/org/aspectj/aspectjrt/1.9.7/aspectjrt-1.9.7.jar:/home/runner/.m2/repository/org/aspectj/aspectjweaver/1.9.7/aspectjweaver-1.9.7.jar:/home/runner/.m2/repository/org/apache/ozone/hdds-interface-client/1.5.0-SNAPSHOT/hdds-interface-client-1.5.0-SNAPSHOT.jar:/home/runner/.m2/repository/org/apache/hadoop/thirdparty/hadoop-shaded-protobuf_3_7/1.1.1/hadoop-shaded-protobuf_3_7-1.1.1.jar:/home/runner/.m2/repository/org/apache/ozone/ozone-interface-storage/1.5.0-SNAPSHOT/ozone-interface-storage-1.5.0-SNAPSHOT.jar:/home/runner/.m2/repository/org/reflections/reflections/0.9.11/reflections-0.9.11.jar:/home/runner/.m2/repository/com/sun/jersey/jersey-client/1.19.4/jersey-client-1.19.4.jar:/home/runner/.m2/repository/org/codehaus/jackson/jackson-core-asl/1.9.13/jackson-core-asl-1.9.13.jar:/home/runner/.m2/repository/org/codehaus/jackson/jackson-mapper-asl/1.9.13/jackson-mapper-asl-1.9.13.jar:/home/runner/.m2/repository/org/codehaus/jackson/jackson-jaxrs/1.9.13/jackson-jaxrs-1.9.13.jar:/home/runner/.m2/repository/org/apache/ranger/ranger-intg/2.3.0/ranger-intg-2.3.0.jar:/home/runner/.m2/repository/org/apache/ranger/ranger-plugins-common/2.3.0/ranger-plugins-common-2.3.0.jar:/home/runner/.m2/repository/commons-lang/commons-lang/2.6/commons-lang-2.6.jar:/home/runner/.m2/repository/org/apache/ranger/ranger-plugins-cred/2.3.0/ranger-plugins-cred-2.3.0.jar:/home/runner/.m2/repository/org/apache/ranger/ranger-plugins-audit/2.3.0/ranger-plugins-audit-2.3.0.jar:/home/runner/.m2/repository/org/eclipse/jetty/jetty-client/9.4.53.v20231009/jetty-client-9.4.53.v20231009.jar:/home/runner/.m2/repository/org/apache/httpcomponents/httpmime/4.5.6/httpmime-4.5.6.jar:/home/runner/.m2/repository/org/apache/httpcomponents/httpcore-nio/4.4.16/httpcore-nio-4.4.16.jar:/home/runner/.m2/repository/org/apache/httpcomponents/httpasyncclient/4.1.3/httpasyncclient-4.1.3.jar:/home/runner/.m2/repository/com/carrotsearch/hppc/0.8.0/hppc-0.8.0.jar:/home/runner/.m2/repository/org/apache/orc/orc-core/1.5.8/orc-core-1.5.8.jar:/home/runner/.m2/repository/net/java/dev/jna/jna/5.2.0/jna-5.2.0.jar:/home/runner/.m2/repository/net/java/dev/jna/jna-platform/5.2.0/jna-platform-5.2.0.jar:/home/runner/.m2/repository/com/kstruct/gethostname4j/0.0.2/gethostname4j-0.0.2.jar:/home/runner/.m2/repository/org/apache/ranger/ranger-plugin-classloader/2.3.0/ranger-plugin-classloader-2.3.0.jar:/home/runner/.m2/repository/org/apache/ozone/hdds-rocks-native/1.5.0-SNAPSHOT/hdds-rocks-native-1.5.0-SNAPSHOT.jar:/home/runner/.m2/repository/org/apache/hadoop/hadoop-minikdc/3.3.6/hadoop-minikdc-3.3.6.jar:/home/runner/.m2/repository/org/apache/kerby/kerb-simplekdc/1.0.1/kerb-simplekdc-1.0.1.jar:/home/runner/.m2/repository/org/apache/kerby/kerb-client/1.0.1/kerb-client-1.0.1.jar:/home/runner/.m2/repository/org/apache/kerby/kerby-config/1.0.1/kerby-config-1.0.1.jar:/home/runner/.m2/repository/org/apache/kerby/kerb-common/1.0.1/kerb-common-1.0.1.jar:/home/runner/.m2/repository/org/apache/kerby/kerb-crypto/1.0.1/kerb-crypto-1.0.1.jar:/home/runner/.m2/repository/org/apache/kerby/kerb-util/1.0.1/kerb-util-1.0.1.jar:/home/runner/.m2/repository/org/apache/kerby/token-provider/1.0.1/token-provider-1.0.1.jar:/home/runner/.m2/repository/org/apache/kerby/kerb-admin/1.0.1/kerb-admin-1.0.1.jar:/home/runner/.m2/repository/org/apache/kerby/kerb-server/1.0.1/kerb-server-1.0.1.jar:/home/runner/.m2/repository/org/apache/kerby/kerb-identity/1.0.1/kerb-identity-1.0.1.jar:/home/runner/.m2/repository/org/apache/kerby/kerby-xdr/1.0.1/kerby-xdr-1.0.1.jar:/home/runner/.m2/repository/junit/junit/4.13.2/junit-4.13.2.jar:/home/runner/.m2/repository/org/hamcrest/hamcrest-core/1.3/hamcrest-core-1.3.jar:/home/runner/.m2/repository/org/apache/ozone/ozone-s3gateway/1.5.0-SNAPSHOT/ozone-s3gateway-1.5.0-SNAPSHOT.jar:/home/runner/.m2/repository/org/javassist/javassist/3.21.0-GA/javassist-3.21.0-GA.jar:/home/runner/.m2/repository/org/jboss/weld/servlet/weld-servlet-shaded/3.1.9.Final/weld-servlet-shaded-3.1.9.Final.jar:/home/runner/.m2/repository/org/glassfish/jersey/containers/jersey-container-servlet-core/2.41/jersey-container-servlet-core-2.41.jar:/home/runner/.m2/repository/org/glassfish/hk2/external/jakarta.inject/2.6.1/jakarta.inject-2.6.1.jar:/home/runner/.m2/repository/org/glassfish/jersey/core/jersey-common/2.41/jersey-common-2.41.jar:/home/runner/.m2/repository/jakarta/ws/rs/jakarta.ws.rs-api/2.1.6/jakarta.ws.rs-api-2.1.6.jar:/home/runner/.m2/repository/org/glassfish/jersey/ext/cdi/jersey-cdi1x/2.41/jersey-cdi1x-2.41.jar:/home/runner/.m2/repository/org/glassfish/jersey/inject/jersey-hk2/2.41/jersey-hk2-2.41.jar:/home/runner/.m2/repository/org/glassfish/hk2/hk2-locator/2.6.1/hk2-locator-2.6.1.jar:/home/runner/.m2/repository/org/glassfish/jersey/media/jersey-media-jaxb/2.41/jersey-media-jaxb-2.41.jar:/home/runner/.m2/repository/org/glassfish/hk2/osgi-resource-locator/1.0.3/osgi-resource-locator-1.0.3.jar:/home/runner/.m2/repository/org/glassfish/hk2/hk2-api/2.6.1/hk2-api-2.6.1.jar:/home/runner/.m2/repository/org/glassfish/hk2/hk2-utils/2.6.1/hk2-utils-2.6.1.jar:/home/runner/.m2/repository/org/glassfish/hk2/external/aopalliance-repackaged/2.6.1/aopalliance-repackaged-2.6.1.jar:/home/runner/.m2/repository/com/fasterxml/jackson/dataformat/jackson-dataformat-xml/2.16.1/jackson-dataformat-xml-2.16.1.jar:/home/runner/.m2/repository/org/codehaus/woodstox/stax2-api/4.2.2/stax2-api-4.2.2.jar:/home/runner/.m2/repository/com/fasterxml/woodstox/woodstox-core/5.4.0/woodstox-core-5.4.0.jar:/home/runner/.m2/repository/com/fasterxml/jackson/module/jackson-module-jaxb-annotations/2.16.1/jackson-module-jaxb-annotations-2.16.1.jar:/home/runner/.m2/repository/javax/enterprise/cdi-api/2.0/cdi-api-2.0.jar:/home/runner/.m2/repository/javax/el/javax.el-api/3.0.0/javax.el-api-3.0.0.jar:/home/runner/.m2/repository/javax/interceptor/javax.interceptor-api/1.2/javax.interceptor-api-1.2.jar:/home/runner/.m2/repository/javax/inject/javax.inject/1/javax.inject-1.jar:/home/runner/.m2/repository/jakarta/xml/bind/jakarta.xml.bind-api/2.3.3/jakarta.xml.bind-api-2.3.3.jar:/home/runner/.m2/repository/org/glassfish/jaxb/jaxb-runtime/2.3.9/jaxb-runtime-2.3.9.jar:/home/runner/.m2/repository/org/glassfish/jaxb/txw2/2.3.9/txw2-2.3.9.jar:/home/runner/.m2/repository/com/sun/istack/istack-commons-runtime/3.0.12/istack-commons-runtime-3.0.12.jar:/home/runner/.m2/repository/com/sun/activation/jakarta.activation/1.2.2/jakarta.activation-1.2.2.jar:/home/runner/.m2/repository/jakarta/activation/jakarta.activation-api/1.2.2/jakarta.activation-api-1.2.2.jar:/home/runner/.m2/repository/io/grpc/grpc-protobuf/1.58.0/grpc-protobuf-1.58.0.jar:/home/runner/.m2/repository/com/google/api/grpc/proto-google-common-protos/2.22.0/proto-google-common-protos-2.22.0.jar:/home/runner/.m2/repository/io/grpc/grpc-protobuf-lite/1.58.0/grpc-protobuf-lite-1.58.0.jar:/home/runner/.m2/repository/io/grpc/grpc-stub/1.58.0/grpc-stub-1.58.0.jar:/home/runner/.m2/repository/io/netty/netty-transport/4.1.100.Final/netty-transport-4.1.100.Final.jar:/home/runner/.m2/repository/io/netty/netty-resolver/4.1.100.Final/netty-resolver-4.1.100.Final.jar:/home/runner/.m2/repository/org/apache/ozone/ozone-csi/1.5.0-SNAPSHOT/ozone-csi-1.5.0-SNAPSHOT.jar:/home/runner/.m2/repository/com/google/protobuf/protobuf-java-util/3.19.6/protobuf-java-util-3.19.6.jar:/home/runner/.m2/repository/com/google/code/gson/gson/2.9.0/gson-2.9.0.jar:/home/runner/.m2/repository/org/apache/ozone/hdds-config/1.5.0-SNAPSHOT/hdds-config-1.5.0-SNAPSHOT.jar:/home/runner/.m2/repository/io/netty/netty-transport-native-epoll/4.1.100.Final/netty-transport-native-epoll-4.1.100.Final-linux-x86_64.jar:/home/runner/.m2/repository/io/netty/netty-transport-classes-epoll/4.1.100.Final/netty-transport-classes-epoll-4.1.100.Final.jar:/home/runner/.m2/repository/io/netty/netty-transport-native-unix-common/4.1.100.Final/netty-transport-native-unix-common-4.1.100.Final.jar:/home/runner/.m2/repository/org/apache/ozone/ozone-recon/1.5.0-SNAPSHOT/ozone-recon-1.5.0-SNAPSHOT.jar:/home/runner/.m2/repository/org/apache/ozone/ozone-reconcodegen/1.5.0-SNAPSHOT/ozone-reconcodegen-1.5.0-SNAPSHOT.jar:/home/runner/.m2/repository/com/google/inject/guice/6.0.0/guice-6.0.0.jar:/home/runner/.m2/repository/jakarta/inject/jakarta.inject-api/2.0.1/jakarta.inject-api-2.0.1.jar:/home/runner/.m2/repository/aopalliance/aopalliance/1.0/aopalliance-1.0.jar:/home/runner/.m2/repository/com/google/inject/extensions/guice-assistedinject/6.0.0/guice-assistedinject-6.0.0.jar:/home/runner/.m2/repository/com/google/inject/extensions/guice-servlet/6.0.0/guice-servlet-6.0.0.jar:/home/runner/.m2/repository/org/glassfish/jersey/containers/jersey-container-servlet/2.41/jersey-container-servlet-2.41.jar:/home/runner/.m2/repository/org/glassfish/hk2/guice-bridge/2.6.1/guice-bridge-2.6.1.jar:/home/runner/.m2/repository/org/glassfish/jersey/core/jersey-server/2.41/jersey-server-2.41.jar:/home/runner/.m2/repository/org/glassfish/jersey/core/jersey-client/2.41/jersey-client-2.41.jar:/home/runner/.m2/repository/jakarta/validation/jakarta.validation-api/2.0.2/jakarta.validation-api-2.0.2.jar:/home/runner/.m2/repository/org/glassfish/jersey/media/jersey-media-json-jackson/2.41/jersey-media-json-jackson-2.41.jar:/home/runner/.m2/repository/org/glassfish/jersey/ext/jersey-entity-filtering/2.41/jersey-entity-filtering-2.41.jar:/home/runner/.m2/repository/org/jooq/jooq/3.11.10/jooq-3.11.10.jar:/home/runner/.m2/repository/org/jooq/jooq-meta/3.11.10/jooq-meta-3.11.10.jar:/home/runner/.m2/repository/org/jooq/jooq-codegen/3.11.10/jooq-codegen-3.11.10.jar:/home/runner/.m2/repository/com/jolbox/bonecp/0.8.0.RELEASE/bonecp-0.8.0.RELEASE.jar:/home/runner/.m2/repository/org/apache/derby/derby/10.14.2.0/derby-10.14.2.0.jar:/home/runner/.m2/repository/org/xerial/sqlite-jdbc/3.44.1.0/sqlite-jdbc-3.44.1.0.jar:/home/runner/.m2/repository/org/springframework/spring-jdbc/5.3.27/spring-jdbc-5.3.27.jar:/home/runner/.m2/repository/org/springframework/spring-beans/5.3.27/spring-beans-5.3.27.jar:/home/runner/.m2/repository/org/springframework/spring-core/5.3.27/spring-core-5.3.27.jar:/home/runner/.m2/repository/org/springframework/spring-tx/5.3.27/spring-tx-5.3.27.jar:/home/runner/.m2/repository/org/apache/ozone/ozone-client/1.5.0-SNAPSHOT/ozone-client-1.5.0-SNAPSHOT.jar:/home/runner/.m2/repository/org/apache/ozone/hdds-erasurecode/1.5.0-SNAPSHOT/hdds-erasurecode-1.5.0-SNAPSHOT.jar:/home/runner/.m2/repository/org/apache/ozone/ozone-filesystem/1.5.0-SNAPSHOT/ozone-filesystem-1.5.0-SNAPSHOT.jar:/home/runner/.m2/repository/org/apache/ozone/ozone-filesystem-common/1.5.0-SNAPSHOT/ozone-filesystem-common-1.5.0-SNAPSHOT.jar:/home/runner/.m2/repository/org/apache/ozone/ozone-tools/1.5.0-SNAPSHOT/ozone-tools-1.5.0-SNAPSHOT.jar:/home/runner/.m2/repository/com/amazonaws/aws-java-sdk-core/1.12.661/aws-java-sdk-core-1.12.661.jar:/home/runner/.m2/repository/org/apache/httpcomponents/httpclient/4.5.14/httpclient-4.5.14.jar:/home/runner/.m2/repository/org/apache/httpcomponents/httpcore/4.4.16/httpcore-4.4.16.jar:/home/runner/.m2/repository/com/fasterxml/jackson/dataformat/jackson-dataformat-cbor/2.16.1/jackson-dataformat-cbor-2.16.1.jar:/home/runner/.m2/repository/joda-time/joda-time/2.12.7/joda-time-2.12.7.jar:/home/runner/.m2/repository/com/amazonaws/aws-java-sdk-s3/1.12.661/aws-java-sdk-s3-1.12.661.jar:/home/runner/.m2/repository/com/amazonaws/aws-java-sdk-kms/1.12.661/aws-java-sdk-kms-1.12.661.jar:/home/runner/.m2/repository/com/amazonaws/jmespath-java/1.12.661/jmespath-java-1.12.661.jar:/home/runner/.m2/repository/org/kohsuke/metainf-services/metainf-services/1.11/metainf-services-1.11.jar:/home/runner/.m2/repository/org/apache/ozone/hdds-tools/1.5.0-SNAPSHOT/hdds-tools-1.5.0-SNAPSHOT.jar:/home/runner/.m2/repository/org/apache/ratis/ratis-tools/3.0.1/ratis-tools-3.0.1.jar:/home/runner/.m2/repository/commons-cli/commons-cli/1.6.0/commons-cli-1.6.0.jar:/home/runner/.m2/repository/org/apache/commons/commons-lang3/3.14.0/commons-lang3-3.14.0.jar:/home/runner/.m2/repository/org/apache/ozone/ozone-manager/1.5.0-SNAPSHOT/ozone-manager-1.5.0-SNAPSHOT-tests.jar:/home/runner/.m2/repository/org/apache/ozone/hdds-common/1.5.0-SNAPSHOT/hdds-common-1.5.0-SNAPSHOT-tests.jar:/home/runner/.m2/repository/org/apache/ozone/hdds-hadoop-dependency-client/1.5.0-SNAPSHOT/hdds-hadoop-dependency-client-1.5.0-SNAPSHOT.jar:/home/runner/.m2/repository/info/picocli/picocli/4.7.5/picocli-4.7.5.jar:/home/runner/.m2/repository/com/fasterxml/jackson/core/jackson-annotations/2.16.1/jackson-annotations-2.16.1.jar:/home/runner/.m2/repository/org/apache/ozone/hdds-annotation-processing/1.5.0-SNAPSHOT/hdds-annotation-processing-1.5.0-SNAPSHOT.jar:/home/runner/.m2/repository/javax/annotation/javax.annotation-api/1.3.2/javax.annotation-api-1.3.2.jar:/home/runner/.m2/repository/org/apache/ratis/ratis-netty/3.0.1/ratis-netty-3.0.1.jar:/home/runner/.m2/repository/org/apache/ratis/ratis-grpc/3.0.1/ratis-grpc-3.0.1.jar:/home/runner/.m2/repository/org/bouncycastle/bcpkix-jdk18on/1.77/bcpkix-jdk18on-1.77.jar:/home/runner/.m2/repository/org/bouncycastle/bcutil-jdk18on/1.77/bcutil-jdk18on-1.77.jar:/home/runner/.m2/repository/commons-validator/commons-validator/1.6/commons-validator-1.6.jar:/home/runner/.m2/repository/commons-beanutils/commons-beanutils/1.9.4/commons-beanutils-1.9.4.jar:/home/runner/.m2/repository/commons-digester/commons-digester/1.8.1/commons-digester-1.8.1.jar:/home/runner/.m2/repository/commons-collections/commons-collections/3.2.2/commons-collections-3.2.2.jar:/home/runner/.m2/repository/io/jaegertracing/jaeger-client/1.8.1/jaeger-client-1.8.1.jar:/home/runner/.m2/repository/io/jaegertracing/jaeger-thrift/1.8.1/jaeger-thrift-1.8.1.jar:/home/runner/.m2/repository/org/apache/thrift/libthrift/0.15.0/libthrift-0.15.0.jar:/home/runner/.m2/repository/io/jaegertracing/jaeger-core/1.8.1/jaeger-core-1.8.1.jar:/home/runner/.m2/repository/io/jaegertracing/jaeger-tracerresolver/1.8.1/jaeger-tracerresolver-1.8.1.jar:/home/runner/.m2/repository/io/opentracing/contrib/opentracing-tracerresolver/0.1.8/opentracing-tracerresolver-0.1.8.jar:/home/runner/.m2/repository/org/jetbrains/kotlin/kotlin-stdlib/1.9.22/kotlin-stdlib-1.9.22.jar:/home/runner/.m2/repository/org/jetbrains/annotations/13.0/annotations-13.0.jar:/home/runner/.m2/repository/io/opentracing/opentracing-util/0.33.0/opentracing-util-0.33.0.jar:/home/runner/.m2/repository/io/opentracing/opentracing-api/0.33.0/opentracing-api-0.33.0.jar:/home/runner/.m2/repository/io/opentracing/opentracing-noop/0.33.0/opentracing-noop-0.33.0.jar:/home/runner/.m2/repository/org/yaml/snakeyaml/2.0/snakeyaml-2.0.jar:/home/runner/.m2/repository/io/grpc/grpc-api/1.58.0/grpc-api-1.58.0.jar:/home/runner/.m2/repository/org/junit/jupiter/junit-jupiter-engine/5.10.1/junit-jupiter-engine-5.10.1.jar:/home/runner/.m2/repository/org/junit/platform/junit-platform-engine/1.10.1/junit-platform-engine-1.10.1.jar:/home/runner/.m2/repository/org/apiguardian/apiguardian-api/1.1.2/apiguardian-api-1.1.2.jar:/home/runner/.m2/repository/org/junit/platform/junit-platform-launcher/1.10.1/junit-platform-launcher-1.10.1.jar:/home/runner/.m2/repository/org/apache/hadoop/hadoop-kms/3.3.6/hadoop-kms-3.3.6.jar:/home/runner/.m2/repository/org/apache/hadoop/hadoop-auth/3.3.6/hadoop-auth-3.3.6.jar:/home/runner/.m2/repository/com/nimbusds/nimbus-jose-jwt/9.8.1/nimbus-jose-jwt-9.8.1.jar:/home/runner/.m2/repository/com/github/stephenc/jcip/jcip-annotations/1.0-1/jcip-annotations-1.0-1.jar:/home/runner/.m2/repository/org/apache/zookeeper/zookeeper/3.7.2/zookeeper-3.7.2.jar:/home/runner/.m2/repository/org/apache/zookeeper/zookeeper-jute/3.7.2/zookeeper-jute-3.7.2.jar:/home/runner/.m2/repository/org/apache/yetus/audience-annotations/0.12.0/audience-annotations-0.12.0.jar:/home/runner/.m2/repository/org/apache/curator/curator-framework/4.2.0/curator-framework-4.2.0.jar:/home/runner/.m2/repository/org/apache/hadoop/thirdparty/hadoop-shaded-guava/1.1.1/hadoop-shaded-guava-1.1.1.jar:/home/runner/.m2/repository/com/sun/jersey/jersey-core/1.19.4/jersey-core-1.19.4.jar:/home/runner/.m2/repository/javax/ws/rs/jsr311-api/1.1.1/jsr311-api-1.1.1.jar:/home/runner/.m2/repository/com/sun/jersey/jersey-server/1.19.4/jersey-server-1.19.4.jar:/home/runner/.m2/repository/javax/servlet/javax.servlet-api/3.1.0/javax.servlet-api-3.1.0.jar:/home/runner/.m2/repository/org/apache/hadoop/hadoop-common/3.3.6/hadoop-common-3.3.6.jar:/home/runner/.m2/repository/org/apache/commons/commons-math3/3.6.1/commons-math3-3.6.1.jar:/home/runner/.m2/repository/commons-net/commons-net/3.10.0/commons-net-3.10.0.jar:/home/runner/.m2/repository/com/sun/jersey/jersey-servlet/1.19.4/jersey-servlet-1.19.4.jar:/home/runner/.m2/repository/com/github/pjfanning/jersey-json/1.20/jersey-json-1.20.jar:/home/runner/.m2/repository/org/codehaus/jettison/jettison/1.1/jettison-1.1.jar:/home/runner/.m2/repository/com/sun/xml/bind/jaxb-impl/2.2.3-1/jaxb-impl-2.2.3-1.jar:/home/runner/.m2/repository/com/google/re2j/re2j/1.7/re2j-1.7.jar:/home/runner/.m2/repository/com/jcraft/jsch/0.1.54/jsch-0.1.54.jar:/home/runner/.m2/repository/org/apache/curator/curator-client/4.2.0/curator-client-4.2.0.jar:/home/runner/.m2/repository/org/apache/curator/curator-recipes/5.2.0/curator-recipes-5.2.0.jar:/home/runner/.m2/repository/com/google/code/findbugs/jsr305/3.0.2/jsr305-3.0.2.jar:/home/runner/.m2/repository/org/apache/kerby/kerb-core/1.0.1/kerb-core-1.0.1.jar:/home/runner/.m2/repository/org/apache/kerby/kerby-pkix/1.0.1/kerby-pkix-1.0.1.jar:/home/runner/.m2/repository/org/apache/kerby/kerby-asn1/1.0.1/kerby-asn1-1.0.1.jar:/home/runner/.m2/repository/org/apache/kerby/kerby-util/1.0.1/kerby-util-1.0.1.jar:/home/runner/.m2/repository/dnsjava/dnsjava/2.1.7/dnsjava-2.1.7.jar:/home/runner/.m2/repository/com/fasterxml/jackson/core/jackson-databind/2.16.1/jackson-databind-2.16.1.jar:/home/runner/.m2/repository/org/apache/hadoop/hadoop-kms/3.3.6/hadoop-kms-3.3.6-tests.jar:/home/runner/.m2/repository/org/apache/ozone/hdds-server-scm/1.5.0-SNAPSHOT/hdds-server-scm-1.5.0-SNAPSHOT-tests.jar:/home/runner/.m2/repository/org/apache/ozone/hdds-container-service/1.5.0-SNAPSHOT/hdds-container-service-1.5.0-SNAPSHOT-tests.jar:/home/runner/.m2/repository/com/github/luben/zstd-jni/1.5.2-5/zstd-jni-1.5.2-5.jar:/home/runner/.m2/repository/commons-codec/commons-codec/1.15/commons-codec-1.15.jar:/home/runner/.m2/repository/io/netty/netty-codec/4.1.100.Final/netty-codec-4.1.100.Final.jar:/home/runner/.m2/repository/io/netty/netty-handler/4.1.100.Final/netty-handler-4.1.100.Final.jar:/home/runner/.m2/repository/org/apache/ozone/hdds-hadoop-dependency-test/1.5.0-SNAPSHOT/hdds-hadoop-dependency-test-1.5.0-SNAPSHOT.jar:/home/runner/.m2/repository/org/apache/hadoop/hadoop-common/3.3.6/hadoop-common-3.3.6-tests.jar:/home/runner/.m2/repository/org/apache/hadoop/hadoop-hdfs/3.3.6/hadoop-hdfs-3.3.6-tests.jar:/home/runner/.m2/repository/org/junit/jupiter/junit-jupiter-params/5.10.1/junit-jupiter-params-5.10.1.jar:/home/runner/.m2/repository/org/mockito/mockito-core/4.11.0/mockito-core-4.11.0.jar:/home/runner/.m2/repository/net/bytebuddy/byte-buddy/1.12.19/byte-buddy-1.12.19.jar:/home/runner/.m2/repository/net/bytebuddy/byte-buddy-agent/1.12.19/byte-buddy-agent-1.12.19.jar:/home/runner/.m2/repository/org/objenesis/objenesis/1.0/objenesis-1.0.jar:/home/runner/.m2/repository/org/mockito/mockito-junit-jupiter/4.11.0/mockito-junit-jupiter-4.11.0.jar:/home/runner/.m2/repository/org/apache/hadoop/hadoop-distcp/3.3.6/hadoop-distcp-3.3.6.jar:/home/runner/.m2/repository/org/apache/hadoop/hadoop-mapreduce-client-jobclient/3.3.6/hadoop-mapreduce-client-jobclient-3.3.6.jar:/home/runner/.m2/repository/org/apache/hadoop/hadoop-mapreduce-client-common/3.3.6/hadoop-mapreduce-client-common-3.3.6.jar:/home/runner/.m2/repository/org/apache/hadoop/hadoop-yarn-common/3.3.6/hadoop-yarn-common-3.3.6.jar:/home/runner/.m2/repository/org/apache/hadoop/hadoop-yarn-api/3.3.6/hadoop-yarn-api-3.3.6.jar:/home/runner/.m2/repository/javax/xml/bind/jaxb-api/2.2.11/jaxb-api-2.2.11.jar:/home/runner/.m2/repository/com/sun/jersey/contribs/jersey-guice/1.19.4/jersey-guice-1.19.4.jar:/home/runner/.m2/repository/com/fasterxml/jackson/jaxrs/jackson-jaxrs-json-provider/2.16.1/jackson-jaxrs-json-provider-2.16.1.jar:/home/runner/.m2/repository/com/fasterxml/jackson/jaxrs/jackson-jaxrs-base/2.16.1/jackson-jaxrs-base-2.16.1.jar:/home/runner/.m2/repository/org/apache/hadoop/hadoop-yarn-client/3.3.6/hadoop-yarn-client-3.3.6.jar:/home/runner/.m2/repository/org/eclipse/jetty/websocket/websocket-client/9.4.51.v20230217/websocket-client-9.4.51.v20230217.jar:/home/runner/.m2/repository/org/eclipse/jetty/websocket/websocket-common/9.4.51.v20230217/websocket-common-9.4.51.v20230217.jar:/home/runner/.m2/repository/org/eclipse/jetty/websocket/websocket-api/9.4.51.v20230217/websocket-api-9.4.51.v20230217.jar:/home/runner/.m2/repository/org/jline/jline/3.9.0/jline-3.9.0.jar:/home/runner/.m2/repository/org/apache/hadoop/hadoop-mapreduce-client-core/3.3.6/hadoop-mapreduce-client-core-3.3.6.jar:/home/runner/.m2/repository/org/apache/avro/avro/1.7.7/avro-1.7.7.jar:/home/runner/.m2/repository/com/thoughtworks/paranamer/paranamer/2.3/paranamer-2.3.jar:/home/runner/.m2/repository/org/apache/hadoop/hadoop-annotations/3.3.6/hadoop-annotations-3.3.6.jar:/usr/lib/jvm/temurin-8-jdk-amd64/jre/../lib/tools.jar:/home/runner/.m2/repository/io/netty/netty/3.10.6.Final/netty-3.10.6.Final.jar:/home/runner/.m2/repository/org/apache/hadoop/hadoop-distcp/3.3.6/hadoop-distcp-3.3.6-tests.jar:/home/runner/.m2/repository/org/hamcrest/hamcrest/2.2/hamcrest-2.2.jar:/home/runner/.m2/repository/org/slf4j/jul-to-slf4j/2.0.12/jul-to-slf4j-2.0.12.jar:/home/runner/work/ozone/ozone/hadoop-ozone/integration-test/target/gradle-enterprise/test-listeners.jar:"/>
    <property name="sun.cpu.endian" value="little"/>
    <property name="user.home" value="/home/runner"/>
    <property name="user.language" value="en"/>
    <property name="java.specification.vendor" value="Oracle Corporation"/>
    <property name="java.home" value="/usr/lib/jvm/temurin-8-jdk-amd64/jre"/>
    <property name="java.security.krb5.conf" value="/home/runner/work/ozone/ozone/hadoop-ozone/integration-test/target/test-classes/krb5.conf"/>
    <property name="file.separator" value="/"/>
    <property name="basedir" value="/home/runner/work/ozone/ozone/hadoop-ozone/integration-test"/>
    <property name="line.separator" value="&#10;"/>
    <property name="java.vm.specification.vendor" value="Oracle Corporation"/>
    <property name="java.specification.name" value="Java Platform API Specification"/>
    <property name="skip.installnpx" value="true"/>
    <property name="java.awt.graphicsenv" value="sun.awt.X11GraphicsEnvironment"/>
    <property name="surefire.fork.timeout" value="3600"/>
    <property name="surefire.real.class.path" value="/home/runner/work/ozone/ozone/hadoop-ozone/integration-test/target/surefire/surefirebooter5128804324934667436.jar:/home/runner/.m2/repository/org/jacoco/org.jacoco.agent/0.8.11/org.jacoco.agent-0.8.11-runtime.jar"/>
    <property name="sun.boot.class.path" value="/usr/lib/jvm/temurin-8-jdk-amd64/jre/lib/resources.jar:/usr/lib/jvm/temurin-8-jdk-amd64/jre/lib/rt.jar:/usr/lib/jvm/temurin-8-jdk-amd64/jre/lib/sunrsasign.jar:/usr/lib/jvm/temurin-8-jdk-amd64/jre/lib/jsse.jar:/usr/lib/jvm/temurin-8-jdk-amd64/jre/lib/jce.jar:/usr/lib/jvm/temurin-8-jdk-amd64/jre/lib/charsets.jar:/usr/lib/jvm/temurin-8-jdk-amd64/jre/lib/jfr.jar:/usr/lib/jvm/temurin-8-jdk-amd64/jre/classes"/>
    <property name="hadoop.log.dir" value="/home/runner/work/ozone/ozone/hadoop-ozone/integration-test/target/log"/>
    <property name="sun.management.compiler" value="HotSpot 64-Bit Tiered Compilers"/>
    <property name="java.runtime.version" value="1.8.0_402-b06"/>
    <property name="skip.npx" value="true"/>
    <property name="user.name" value="runner"/>
    <property name="java.net.preferIPv4Stack" value="true"/>
    <property name="path.separator" value=":"/>
    <property name="java.security.egd" value="file:///dev/urandom"/>
    <property name="os.version" value="5.15.0-1058-azure"/>
    <property name="java.endorsed.dirs" value="/usr/lib/jvm/temurin-8-jdk-amd64/jre/lib/endorsed"/>
    <property name="java.runtime.name" value="OpenJDK Runtime Environment"/>
    <property name="com.gradle.maven.scan.extension.test.listener.junitplatform.NestedExecutionSafeDelegatingTestExecutionListener" value="22db916b"/>
    <property name="file.encoding" value="UTF-8"/>
    <property name="java.vm.name" value="OpenJDK 64-Bit Server VM"/>
    <property name="test.build.webapps" value=""/>
    <property name="localRepository" value="/home/runner/.m2/repository"/>
    <property name="gradle.enterprise.listener.port" value="36045"/>
    <property name="jetty.git.hash" value="27bde00a0b95a1d5bbee0eae7984f891d2d0f8c9"/>
    <property name="java.vendor.url.bug" value="https://github.com/adoptium/adoptium-support/issues"/>
    <property name="require.test.libhadoop" value=""/>
    <property name="java.io.tmpdir" value="/tmp"/>
    <property name="java.version" value="1.8.0_402"/>
    <property name="surefire.rerunFailingTestsCount" value="5"/>
    <property name="user.dir" value="/home/runner/work/ozone/ozone/hadoop-ozone/integration-test"/>
    <property name="os.arch" value="amd64"/>
    <property name="test.build.classes" value="/home/runner/work/ozone/ozone/hadoop-ozone/integration-test/target/test-classes"/>
    <property name="java.vm.specification.name" value="Java Virtual Machine Specification"/>
    <property name="java.awt.printerjob" value="sun.print.PSPrinterJob"/>
    <property name="sun.os.patch.level" value="unknown"/>
    <property name="org.apache.ratis.thirdparty.io.netty.allocator.useCacheForAllThreads" value="false"/>
    <property name="hadoop.tmp.dir" value="/home/runner/work/ozone/ozone/hadoop-ozone/integration-test/target/tmp"/>
    <property name="java.library.path" value="/usr/java/packages/lib/amd64:/usr/lib64:/lib64:/lib:/usr/lib"/>
    <property name="java.vendor" value="Temurin"/>
    <property name="java.vm.info" value="mixed mode"/>
    <property name="java.vm.version" value="25.402-b06"/>
    <property name="java.specification.maintenance.version" value="5"/>
    <property name="sun.io.unicode.encoding" value="UnicodeLittle"/>
    <property name="java.ext.dirs" value="/usr/lib/jvm/temurin-8-jdk-amd64/jre/lib/ext:/usr/java/packages/lib/ext"/>
    <property name="java.class.version" value="52.0"/>
  </properties>
  <testcase name="testWatchForCommitWithKeyWrite" classname="org.apache.hadoop.ozone.client.rpc.TestWatchForCommit" time="48.531"/>
  <testcase name="testWatchForCommitForRetryfailure" classname="org.apache.hadoop.ozone.client.rpc.TestWatchForCommit" time="51.54">
    <flakyError type="java.util.concurrent.ExecutionException">
      <stackTrace><![CDATA[java.util.concurrent.ExecutionException: org.apache.ratis.protocol.exceptions.AlreadyClosedException: SlidingWindow$Client:client-DA8BCC3BDE38->RAFT is closed.
	at java.util.concurrent.CompletableFuture.reportGet(CompletableFuture.java:357)
	at java.util.concurrent.CompletableFuture.get(CompletableFuture.java:1908)
	at org.apache.hadoop.ozone.client.rpc.TestWatchForCommit.testWatchForCommitForRetryfailure(TestWatchForCommit.java:274)
	at java.lang.reflect.Method.invoke(Method.java:498)
	at java.util.ArrayList.forEach(ArrayList.java:1259)
	at java.util.ArrayList.forEach(ArrayList.java:1259)
Caused by: org.apache.ratis.protocol.exceptions.AlreadyClosedException: SlidingWindow$Client:client-DA8BCC3BDE38->RAFT is closed.
	at org.apache.ratis.util.SlidingWindow$Client.alreadyClosed(SlidingWindow.java:406)
	at org.apache.ratis.util.SlidingWindow$Client.fail(SlidingWindow.java:394)
	at org.apache.ratis.client.impl.OrderedAsync.failAllAsyncRequests(OrderedAsync.java:149)
	at org.apache.ratis.client.impl.OrderedAsync.handleAsyncRetryFailure(OrderedAsync.java:153)
	at org.apache.ratis.client.impl.OrderedAsync.lambda$sendRequest$9(OrderedAsync.java:253)
	at java.util.concurrent.CompletableFuture.uniExceptionally(CompletableFuture.java:884)
	at java.util.concurrent.CompletableFuture$UniExceptionally.tryFire(CompletableFuture.java:866)
	at java.util.concurrent.CompletableFuture.postComplete(CompletableFuture.java:488)
	at java.util.concurrent.CompletableFuture.completeExceptionally(CompletableFuture.java:1990)
	at org.apache.ratis.grpc.client.GrpcClientProtocolClient$AsyncStreamObservers.completeReplyExceptionally(GrpcClientProtocolClient.java:394)
	at org.apache.ratis.grpc.client.GrpcClientProtocolClient$AsyncStreamObservers.access$000(GrpcClientProtocolClient.java:300)
	at org.apache.ratis.grpc.client.GrpcClientProtocolClient$AsyncStreamObservers$1.onNext(GrpcClientProtocolClient.java:314)
	at org.apache.ratis.grpc.client.GrpcClientProtocolClient$AsyncStreamObservers$1.onNext(GrpcClientProtocolClient.java:305)
	at org.apache.ratis.thirdparty.io.grpc.stub.ClientCalls$StreamObserverToCallListenerAdapter.onMessage(ClientCalls.java:468)
	at org.apache.ratis.thirdparty.io.grpc.ForwardingClientCallListener.onMessage(ForwardingClientCallListener.java:33)
	at org.apache.ratis.thirdparty.io.grpc.internal.DelayedClientCall$DelayedListener.onMessage(DelayedClientCall.java:473)
	at org.apache.ratis.thirdparty.io.grpc.internal.ClientCallImpl$ClientStreamListenerImpl$1MessagesAvailable.runInternal(ClientCallImpl.java:660)
	at org.apache.ratis.thirdparty.io.grpc.internal.ClientCallImpl$ClientStreamListenerImpl$1MessagesAvailable.runInContext(ClientCallImpl.java:647)
	at org.apache.ratis.thirdparty.io.grpc.internal.ContextRunnable.run(ContextRunnable.java:37)
	at org.apache.ratis.thirdparty.io.grpc.internal.SerializingExecutor.run(SerializingExecutor.java:133)
	at java.util.concurrent.ThreadPoolExecutor.runWorker(ThreadPoolExecutor.java:1149)
	at java.util.concurrent.ThreadPoolExecutor$Worker.run(ThreadPoolExecutor.java:624)
	at java.lang.Thread.run(Thread.java:750)
Caused by: org.apache.ratis.protocol.exceptions.RaftRetryFailureException: Failed RaftClientRequest:client-DA8BCC3BDE38->8b353431-6b66-4460-9602-55c815b93317@group-FF386EC77000, cid=46, seq=1*, Watch(0), null for 3 attempts with RequestTypeDependentRetryPolicy{WRITE->ExceptionDependentRetry(maxAttempts=2147483647; defaultPolicy=MultipleLinearRandomRetry[5x5s, 5x10s, 5x15s, 5x20s, 5x25s, 10x60s]; map={org.apache.ratis.protocol.exceptions.GroupMismatchException->NoRetry, org.apache.ratis.protocol.exceptions.NotReplicatedException->NoRetry, org.apache.ratis.protocol.exceptions.ResourceUnavailableException->org.apache.ratis.retry.ExponentialBackoffRetry@66a7337a, org.apache.ratis.protocol.exceptions.StateMachineException->NoRetry, org.apache.ratis.protocol.exceptions.TimeoutIOException->org.apache.ratis.retry.ExponentialBackoffRetry@66a7337a}), WATCH->ExceptionDependentRetry(maxAttempts=2147483647; defaultPolicy=MultipleLinearRandomRetry[5x5s, 5x10s, 5x15s, 5x20s, 5x25s, 10x60s]; map={org.apache.ratis.protocol.exceptions.GroupMismatchException->NoRetry, org.apache.ratis.protocol.exceptions.NotReplicatedException->NoRetry, org.apache.ratis.protocol.exceptions.ResourceUnavailableException->org.apache.ratis.retry.ExponentialBackoffRetry@66a7337a, org.apache.ratis.protocol.exceptions.StateMachineException->NoRetry, org.apache.ratis.protocol.exceptions.TimeoutIOException->NoRetry})}
	at org.apache.ratis.client.impl.RaftClientImpl.noMoreRetries(RaftClientImpl.java:353)
	... 20 more
Caused by: org.apache.ratis.protocol.exceptions.NotLeaderException: Server 8b353431-6b66-4460-9602-55c815b93317@group-FF386EC77000 is not the leader e76b1ec9-b399-499f-a8ce-a1f080404f38|10.1.0.11:15166
	at org.apache.ratis.client.impl.ClientProtoUtils.toRaftClientReply(ClientProtoUtils.java:397)
	at org.apache.ratis.grpc.client.GrpcClientProtocolClient$AsyncStreamObservers$1.onNext(GrpcClientProtocolClient.java:310)
	... 11 more
]]></stackTrace>
      <system-out><![CDATA[2024-03-15 21:38:53,402 [main] WARN  server.ServerUtils (ServerUtils.java:getScmDbDir(143)) - ozone.scm.db.dirs is not configured. We recommend adding this setting. Falling back to ozone.metadata.dirs instead.
2024-03-15 21:38:53,405 [main] WARN  server.ServerUtils (ServerUtils.java:getScmDbDir(143)) - ozone.scm.db.dirs is not configured. We recommend adding this setting. Falling back to ozone.metadata.dirs instead.
2024-03-15 21:38:53,405 [main] INFO  ha.SCMHANodeDetails (SCMHANodeDetails.java:loadSCMHAConfig(207)) - ServiceID for StorageContainerManager is null
2024-03-15 21:38:53,405 [main] INFO  ha.SCMHANodeDetails (SCMHANodeDetails.java:loadSCMHAConfig(212)) - ozone.scm.default.service.id is not defined, falling back to ozone.scm.service.ids to find serviceID for StorageContainerManager if it is HA enabled cluster
2024-03-15 21:38:53,406 [main] WARN  utils.HAUtils (HAUtils.java:getMetaDir(339)) - ozone.scm.db.dirs is not configured. We recommend adding this setting. Falling back to ozone.metadata.dirs instead.
2024-03-15 21:38:53,407 [main] WARN  db.DBStoreBuilder (DBStoreBuilder.java:applyDBDefinition(171)) - ozone.scm.db.dirs is not configured. We recommend adding this setting. Falling back to ozone.metadata.dirs instead.
2024-03-15 21:38:53,483 [main] INFO  net.NodeSchemaLoader (NodeSchemaLoader.java:loadSchemaFromFile(129)) - Loading schema from [jar:file:/home/runner/.m2/repository/org/apache/ozone/hdds-common/1.5.0-SNAPSHOT/hdds-common-1.5.0-SNAPSHOT.jar!/network-topology-default.xml]
2024-03-15 21:38:53,483 [main] INFO  net.NodeSchemaLoader (NodeSchemaLoader.java:loadSchema(176)) - Loading network topology layer schema file
2024-03-15 21:38:53,486 [main] INFO  upgrade.AbstractLayoutVersionManager (AbstractLayoutVersionManager.java:init(83)) - Initializing Layout version manager with metadata layout = HADOOP_PRC_PORTS_IN_DATANODEDETAILS (version = 7), software layout = HADOOP_PRC_PORTS_IN_DATANODEDETAILS (version = 7)
2024-03-15 21:38:53,488 [main] INFO  ha.SequenceIdGenerator (SequenceIdGenerator.java:upgradeToSequenceId(370)) - upgrade localId to 113750153625600000
2024-03-15 21:38:53,488 [main] INFO  ha.SequenceIdGenerator (SequenceIdGenerator.java:upgradeToSequenceId(380)) - upgrade delTxnId to 0
2024-03-15 21:38:53,490 [main] INFO  ha.SequenceIdGenerator (SequenceIdGenerator.java:upgradeToSequenceId(397)) - upgrade containerId to 0
2024-03-15 21:38:53,491 [main] INFO  ha.SequenceIdGenerator (SequenceIdGenerator.java:upgradeToCertificateSequenceId(444)) - upgrade CertificateId to 2
2024-03-15 21:38:53,491 [main] INFO  ha.SequenceIdGenerator (SequenceIdGenerator.java:<init>(241)) - Init the HA SequenceIdGenerator.
2024-03-15 21:38:53,492 [main] INFO  node.SCMNodeManager (SCMNodeManager.java:<init>(177)) - Entering startup safe mode.
2024-03-15 21:38:53,492 [main] INFO  algorithms.ContainerPlacementPolicyFactory (ContainerPlacementPolicyFactory.java:getPolicyInternal(86)) - Create container placement policy of type org.apache.hadoop.hdds.scm.container.placement.algorithms.SCMContainerPlacementRackAware
2024-03-15 21:38:53,493 [main] INFO  algorithms.ContainerPlacementPolicyFactory (ContainerPlacementPolicyFactory.java:getPolicyInternal(86)) - Create container placement policy of type org.apache.hadoop.hdds.scm.container.placement.algorithms.SCMContainerPlacementRackScatter
2024-03-15 21:38:53,493 [main] INFO  pipeline.PipelineStateManagerImpl (PipelineStateManagerImpl.java:initialize(78)) - No pipeline exists in current db
2024-03-15 21:38:53,493 [main] INFO  algorithms.LeaderChoosePolicyFactory (LeaderChoosePolicyFactory.java:getPolicy(57)) - Create leader choose policy of type org.apache.hadoop.hdds.scm.pipeline.leader.choose.algorithms.MinLeaderCountChoosePolicy
2024-03-15 21:38:53,493 [main] INFO  algorithms.ContainerPlacementPolicyFactory (ContainerPlacementPolicyFactory.java:getPolicyInternal(86)) - Create container placement policy of type org.apache.hadoop.hdds.scm.container.placement.algorithms.SCMContainerPlacementRackScatter
2024-03-15 21:38:53,494 [main] INFO  ha.SCMServiceManager (SCMServiceManager.java:register(42)) - Registering service BackgroundPipelineCreator.
2024-03-15 21:38:53,494 [main] INFO  pipeline.BackgroundPipelineCreator (BackgroundPipelineCreator.java:start(127)) - Starting RatisPipelineUtilsThread.
2024-03-15 21:38:53,495 [main] INFO  BackgroundPipelineScrubber (BackgroundSCMService.java:start(65)) - Starting BackgroundPipelineScrubber Service.
2024-03-15 21:38:53,497 [main] INFO  ha.SCMServiceManager (SCMServiceManager.java:register(42)) - Registering service BackgroundPipelineScrubber.
2024-03-15 21:38:53,497 [main] INFO  ExpiredContainerReplicaOpScrubber (BackgroundSCMService.java:start(65)) - Starting ExpiredContainerReplicaOpScrubber Service.
2024-03-15 21:38:53,498 [main] INFO  ha.SCMServiceManager (SCMServiceManager.java:register(42)) - Registering service ExpiredContainerReplicaOpScrubber.
2024-03-15 21:38:53,499 [main] INFO  algorithms.PipelineChoosePolicyFactory (PipelineChoosePolicyFactory.java:createPipelineChoosePolicyFromClass(80)) - Create pipeline choose policy of type org.apache.hadoop.hdds.scm.pipeline.choose.algorithms.RandomPipelineChoosePolicy
2024-03-15 21:38:53,499 [main] INFO  algorithms.PipelineChoosePolicyFactory (PipelineChoosePolicyFactory.java:createPipelineChoosePolicyFromClass(80)) - Create pipeline choose policy of type org.apache.hadoop.hdds.scm.pipeline.choose.algorithms.RandomPipelineChoosePolicy
2024-03-15 21:38:53,500 [main] INFO  ha.SCMServiceManager (SCMServiceManager.java:register(42)) - Registering service SCMBlockDeletingService.
2024-03-15 21:38:53,500 [main] INFO  replication.ReplicationManager (ReplicationManager.java:start(295)) - Starting Replication Monitor Thread.
2024-03-15 21:38:53,501 [ReplicationMonitor] INFO  replication.ReplicationManager (ReplicationManager.java:processAll(371)) - Replication Manager is not ready to run until 3000ms after safemode exit
2024-03-15 21:38:53,501 [main] INFO  ha.SCMServiceManager (SCMServiceManager.java:register(42)) - Registering service ReplicationManager.
2024-03-15 21:38:53,501 [main] INFO  safemode.ContainerSafeModeRule (ContainerSafeModeRule.java:<init>(91)) - containers with one replica threshold count 0
2024-03-15 21:38:53,502 [main] INFO  safemode.HealthyPipelineSafeModeRule (HealthyPipelineSafeModeRule.java:initializeRule(176)) - Total pipeline count is 0, healthy pipeline threshold count is 1
2024-03-15 21:38:53,502 [main] INFO  safemode.OneReplicaPipelineSafeModeRule (OneReplicaPipelineSafeModeRule.java:initializeRule(193)) - Total pipeline count is 0, pipeline's with at least one datanode reported threshold count is 0
2024-03-15 21:38:53,502 [main] INFO  server.StorageContainerManager (StorageContainerManager.java:<init>(440)) - SCM start with adminUsers: [runner]
2024-03-15 21:38:53,503 [main] INFO  ipc.CallQueueManager (CallQueueManager.java:<init>(90)) - Using callQueue: class java.util.concurrent.LinkedBlockingQueue, queueCapacity: 10000, scheduler: class org.apache.hadoop.ipc.DefaultRpcScheduler, ipcBackoff: false.
2024-03-15 21:38:53,503 [main] INFO  ipc.Server (Server.java:<init>(1287)) - Listener at 0.0.0.0:15091
2024-03-15 21:38:53,503 [Socket Reader #1 for port 15091] INFO  ipc.Server (Server.java:run(1323)) - Starting Socket Reader #1 for port 15091
2024-03-15 21:38:53,505 [main] INFO  ipc.CallQueueManager (CallQueueManager.java:<init>(90)) - Using callQueue: class java.util.concurrent.LinkedBlockingQueue, queueCapacity: 10000, scheduler: class org.apache.hadoop.ipc.DefaultRpcScheduler, ipcBackoff: false.
2024-03-15 21:38:53,505 [main] INFO  ipc.Server (Server.java:<init>(1287)) - Listener at 0.0.0.0:15090
2024-03-15 21:38:53,505 [Socket Reader #1 for port 15090] INFO  ipc.Server (Server.java:run(1323)) - Starting Socket Reader #1 for port 15090
2024-03-15 21:38:53,510 [main] INFO  ipc.CallQueueManager (CallQueueManager.java:<init>(90)) - Using callQueue: class java.util.concurrent.LinkedBlockingQueue, queueCapacity: 10000, scheduler: class org.apache.hadoop.ipc.DefaultRpcScheduler, ipcBackoff: false.
2024-03-15 21:38:53,510 [main] INFO  ipc.Server (Server.java:<init>(1287)) - Listener at 0.0.0.0:15089
2024-03-15 21:38:53,510 [Socket Reader #1 for port 15089] INFO  ipc.Server (Server.java:run(1323)) - Starting Socket Reader #1 for port 15089
2024-03-15 21:38:53,520 [main] INFO  ha.SCMServiceManager (SCMServiceManager.java:register(42)) - Registering service ContainerBalancer.
2024-03-15 21:38:53,520 [main] INFO  ha.SCMContext (SCMContext.java:updateSafeModeStatus(225)) - Update SafeModeStatus from SafeModeStatus{safeModeStatus=true, preCheckPassed=false} to SafeModeStatus{safeModeStatus=true, preCheckPassed=false}.
2024-03-15 21:38:53,520 [main] INFO  server.StorageContainerManager (StorageContainerManager.java:start(1545)) - StorageContainerLocationProtocol RPC server is listening at /0.0.0.0:15089
2024-03-15 21:38:53,521 [main] WARN  impl.MetricsConfig (MetricsConfig.java:loadFirst(136)) - Cannot locate configuration: tried hadoop-metrics2-storagecontainermanager.properties,hadoop-metrics2.properties
2024-03-15 21:38:53,522 [main] INFO  impl.MetricsSystemImpl (MetricsSystemImpl.java:startTimer(378)) - Scheduled Metric snapshot period at 10 second(s).
2024-03-15 21:38:53,522 [main] INFO  impl.MetricsSystemImpl (MetricsSystemImpl.java:start(191)) - StorageContainerManager metrics system started
2024-03-15 21:38:53,529 [main] INFO  impl.MetricsSinkAdapter (MetricsSinkAdapter.java:start(204)) - Sink prometheus started
2024-03-15 21:38:53,529 [main] INFO  impl.MetricsSystemImpl (MetricsSystemImpl.java:registerSink(305)) - Registered sink prometheus
2024-03-15 21:38:53,548 [main] INFO  server.SCMClientProtocolServer (SCMClientProtocolServer.java:start(204)) - RPC server for Client  is listening at /0.0.0.0:15089
2024-03-15 21:38:53,549 [IPC Server Responder] INFO  ipc.Server (Server.java:run(1562)) - IPC Server Responder: starting
2024-03-15 21:38:53,549 [IPC Server listener on 15089] INFO  ipc.Server (Server.java:run(1402)) - IPC Server listener on 15089: starting
2024-03-15 21:38:53,574 [main] INFO  server.StorageContainerManager (StorageContainerManager.java:start(1558)) - ScmBlockLocationProtocol RPC server is listening at /0.0.0.0:15090
2024-03-15 21:38:53,574 [main] INFO  server.SCMBlockProtocolServer (SCMBlockProtocolServer.java:start(162)) - RPC server for Block Protocol is listening at /0.0.0.0:15090
2024-03-15 21:38:53,574 [IPC Server Responder] INFO  ipc.Server (Server.java:run(1562)) - IPC Server Responder: starting
2024-03-15 21:38:53,575 [IPC Server listener on 15090] INFO  ipc.Server (Server.java:run(1402)) - IPC Server listener on 15090: starting
2024-03-15 21:38:53,583 [main] INFO  server.SCMDatanodeProtocolServer (SCMDatanodeProtocolServer.java:start(194)) - ScmDatanodeProtocol RPC server for DataNodes is listening at /0.0.0.0:15091
2024-03-15 21:38:53,585 [IPC Server Responder] INFO  ipc.Server (Server.java:run(1562)) - IPC Server Responder: starting
2024-03-15 21:38:53,585 [IPC Server listener on 15091] INFO  ipc.Server (Server.java:run(1402)) - IPC Server listener on 15091: starting
2024-03-15 21:38:53,601 [JvmPauseMonitor11] INFO  util.JvmPauseMonitor (JvmPauseMonitor.java:run(146)) - JvmPauseMonitor-72dba6e7-bdb0-481c-8835-4f0c14e404d2: Started
2024-03-15 21:38:53,602 [main] INFO  http.BaseHttpServer (BaseHttpServer.java:newHttpServer2BuilderForOzone(223)) - Starting Web-server for scm at: http://0.0.0.0:15092
2024-03-15 21:38:53,603 [main] INFO  http.BaseHttpServer (BaseHttpServer.java:<init>(110)) - Hadoop Security Enabled: false Ozone Security Enabled: false Ozone HTTP Security Enabled: false 
2024-03-15 21:38:53,604 [main] WARN  server.AuthenticationFilter (AuthenticationFilter.java:constructSecretProvider(240)) - Unable to initialize FileSignerSecretProvider, falling back to use random secrets. Reason: Could not read signature secret file: /home/runner/hadoop-http-auth-signature-secret
2024-03-15 21:38:53,605 [main] INFO  http.HttpRequestLog (HttpRequestLog.java:getRequestLog(86)) - Http request log for http.requests.scm is not defined
2024-03-15 21:38:53,606 [main] INFO  http.HttpServer2 (HttpServer2.java:addGlobalFilter(1036)) - Added global filter 'safety' (class=org.apache.hadoop.hdds.server.http.HttpServer2$QuotingInputFilter)
2024-03-15 21:38:53,607 [main] INFO  http.HttpServer2 (HttpServer2.java:addFilter(1012)) - Added filter static_user_filter (class=org.apache.hadoop.http.lib.StaticUserWebFilter$StaticUserFilter) to context scm
2024-03-15 21:38:53,607 [main] INFO  http.HttpServer2 (HttpServer2.java:addFilter(1020)) - Added filter static_user_filter (class=org.apache.hadoop.http.lib.StaticUserWebFilter$StaticUserFilter) to context static
2024-03-15 21:38:53,608 [main] INFO  http.HttpServer2 (HttpServer2.java:addFilter(1020)) - Added filter static_user_filter (class=org.apache.hadoop.http.lib.StaticUserWebFilter$StaticUserFilter) to context logs
2024-03-15 21:38:53,608 [main] INFO  http.BaseHttpServer (BaseHttpServer.java:<init>(189)) - HTTP server of scm uses base directory /home/runner/work/ozone/ozone/hadoop-ozone/integration-test/target/test-dir/MiniOzoneClusterImpl-3a4de177-78ca-4f6d-b60b-6b5c736a6a4e/ozone-meta/webserver
2024-03-15 21:38:53,609 [main] INFO  http.HttpServer2 (HttpServer2.java:bindListener(1236)) - Jetty bound to port 15092
2024-03-15 21:38:53,609 [main] INFO  server.Server (Server.java:doStart(375)) - jetty-9.4.53.v20231009; built: 2023-10-09T12:29:09.265Z; git: 27bde00a0b95a1d5bbee0eae7984f891d2d0f8c9; jvm 1.8.0_402-b06
2024-03-15 21:38:53,610 [main] INFO  server.session (DefaultSessionIdManager.java:doStart(334)) - DefaultSessionIdManager workerName=node0
2024-03-15 21:38:53,610 [main] INFO  server.session (DefaultSessionIdManager.java:doStart(339)) - No SessionScavenger set, using defaults
2024-03-15 21:38:53,611 [main] INFO  server.session (HouseKeeper.java:startScavenging(132)) - node0 Scavenging every 660000ms
2024-03-15 21:38:53,611 [main] INFO  handler.ContextHandler (ContextHandler.java:doStart(921)) - Started o.e.j.s.ServletContextHandler@33e6018a{logs,/logs,file:///home/runner/work/ozone/ozone/hadoop-ozone/integration-test/target/log,AVAILABLE}
2024-03-15 21:38:53,611 [main] INFO  handler.ContextHandler (ContextHandler.java:doStart(921)) - Started o.e.j.s.ServletContextHandler@5aec03d7{static,/static,file:///home/runner/work/ozone/ozone/hadoop-ozone/integration-test/target/test-classes/webapps/static,AVAILABLE}
2024-03-15 21:38:53,614 [main] INFO  handler.ContextHandler (ContextHandler.java:doStart(921)) - Started o.e.j.w.WebAppContext@4d1d4bfd{scm,/,file:///home/runner/work/ozone/ozone/hadoop-ozone/integration-test/target/test-classes/webapps/scm/,AVAILABLE}{file:/home/runner/work/ozone/ozone/hadoop-ozone/integration-test/target/test-classes/webapps/scm}
2024-03-15 21:38:53,616 [main] INFO  server.AbstractConnector (AbstractConnector.java:doStart(333)) - Started ServerConnector@65de0061{HTTP/1.1, (http/1.1)}{0.0.0.0:15092}
2024-03-15 21:38:53,616 [main] INFO  server.Server (Server.java:doStart(415)) - Started @49680ms
2024-03-15 21:38:53,616 [main] WARN  impl.MetricsSystemImpl (MetricsSystemImpl.java:register(279)) - Sink prometheus already exists!
2024-03-15 21:38:53,617 [main] INFO  http.BaseHttpServer (BaseHttpServer.java:updateConnectorAddress(354)) - HTTP server of scm listening at http://0.0.0.0:15092
2024-03-15 21:38:53,617 [main] WARN  server.ServerUtils (ServerUtils.java:getDBPath(299)) - ozone.om.db.dirs is not configured. We recommend adding this setting. Falling back to ozone.metadata.dirs instead.
2024-03-15 21:38:53,619 [main] INFO  ha.OMHANodeDetails (OMHANodeDetails.java:loadOMHAConfig(115)) - ozone.om.internal.service.id is not defined, falling back to ozone.om.service.ids to find serviceID for OzoneManager if it is HA enabled cluster
2024-03-15 21:38:53,619 [main] INFO  ha.OMHANodeDetails (OMHANodeDetails.java:loadOMHAConfig(226)) - Configuration does not have ozone.om.address set. Falling back to the default OM address /127.0.0.1:15093
2024-03-15 21:38:53,619 [main] INFO  ha.OMHANodeDetails (OMHANodeDetails.java:getOMNodeDetailsForNonHA(254)) - OM Service ID is not set. Setting it to the default ID: omServiceIdDefault
2024-03-15 21:38:53,619 [main] INFO  ha.OMHANodeDetails (OMHANodeDetails.java:getOMNodeDetailsForNonHA(261)) - OM Node ID is not set. Setting it to the default ID: om1
2024-03-15 21:38:53,620 [main] WARN  server.ServerUtils (ServerUtils.java:getDBPath(299)) - ozone.om.db.dirs is not configured. We recommend adding this setting. Falling back to ozone.metadata.dirs instead.
2024-03-15 21:38:53,621 [main] INFO  upgrade.AbstractLayoutVersionManager (AbstractLayoutVersionManager.java:init(83)) - Initializing Layout version manager with metadata layout = QUOTA (version = 6), software layout = QUOTA (version = 6)
2024-03-15 21:38:53,678 [main] INFO  upgrade.OMLayoutVersionManager (OMLayoutVersionManager.java:lambda$0(113)) - Skipping Upgrade Action QuotaRepairUpgradeAction since it has been finalized.
2024-03-15 21:38:53,678 [main] INFO  upgrade.OMLayoutVersionManager (OMLayoutVersionManager.java:lambda$0(113)) - Skipping Upgrade Action MockOmUpgradeAction since it has been finalized.
2024-03-15 21:38:53,678 [main] WARN  server.ServerUtils (ServerUtils.java:getDBPath(299)) - ozone.om.db.dirs is not configured. We recommend adding this setting. Falling back to ozone.metadata.dirs instead.
2024-03-15 21:38:53,679 [main] INFO  proxy.SCMBlockLocationFailoverProxyProvider (SCMBlockLocationFailoverProxyProvider.java:<init>(115)) - Created block location fail-over proxy with 1 nodes: [nodeId=scmNodeId,nodeAddress=/0.0.0.0:15090]
2024-03-15 21:38:53,681 [main] INFO  proxy.SCMBlockLocationFailoverProxyProvider (SCMBlockLocationFailoverProxyProvider.java:<init>(115)) - Created block location fail-over proxy with 1 nodes: [nodeId=scmNodeId,nodeAddress=/0.0.0.0:15090]
2024-03-15 21:38:53,687 [main] INFO  om.OzoneManager (OzoneManager.java:<init>(678)) - OM start with adminUsers: [runner]
2024-03-15 21:38:53,689 [main] WARN  server.ServerUtils (ServerUtils.java:getDBPath(299)) - ozone.om.db.dirs is not configured. We recommend adding this setting. Falling back to ozone.metadata.dirs instead.
2024-03-15 21:38:53,689 [main] INFO  helpers.OmKeyInfo (OmKeyInfo.java:getCodec(71)) - OmKeyInfo.getCodec ignorePipeline = true
2024-03-15 21:38:53,839 [main] INFO  om.OzoneManager (OzoneManager.java:instantiateServices(810)) - S3 Multi-Tenancy is disabled
2024-03-15 21:38:53,840 [main] INFO  om.OmSnapshotManager (OmSnapshotManager.java:<init>(177)) - Ozone filesystem snapshot feature is enabled.
2024-03-15 21:38:53,840 [main] WARN  server.ServerUtils (ServerUtils.java:getDBPath(299)) - ozone.om.snapshot.diff.db.dir is not configured. We recommend adding this setting. Falling back to ozone.metadata.dirs instead.
2024-03-15 21:38:53,856 [main] INFO  utils.NativeLibraryLoader (NativeLibraryLoader.java:loadLibrary(108)) - Loading Library: ozone_rocksdb_tools
2024-03-15 21:38:53,857 [main] ERROR snapshot.SnapshotDiffManager (SnapshotDiffManager.java:initNativeLibraryForEfficientDiff(287)) - Native Library for raw sst file reading loading failed.
org.apache.hadoop.hdds.utils.NativeLibraryNotLoadedException: Unable to load library ozone_rocksdb_tools from both java.library.path & resource file libozone_rocksdb_tools.so from jar.
	at org.apache.hadoop.hdds.utils.db.managed.ManagedRawSSTFileReader.loadLibrary(ManagedRawSSTFileReader.java:38)
	at org.apache.hadoop.ozone.om.snapshot.SnapshotDiffManager.initNativeLibraryForEfficientDiff(SnapshotDiffManager.java:285)
	at org.apache.hadoop.ozone.om.snapshot.SnapshotDiffManager.<init>(SnapshotDiffManager.java:259)
	at org.apache.hadoop.ozone.om.OmSnapshotManager.<init>(OmSnapshotManager.java:279)
	at org.apache.hadoop.ozone.om.OzoneManager.instantiateServices(OzoneManager.java:862)
	at org.apache.hadoop.ozone.om.OzoneManager.<init>(OzoneManager.java:688)
	at org.apache.hadoop.ozone.om.OzoneManager.createOm(OzoneManager.java:773)
	at org.apache.hadoop.ozone.MiniOzoneClusterImpl$Builder.createOM(MiniOzoneClusterImpl.java:689)
	at org.apache.hadoop.ozone.MiniOzoneClusterImpl$Builder.createAndStartSingleOM(MiniOzoneClusterImpl.java:673)
	at org.apache.hadoop.ozone.MiniOzoneClusterImpl$Builder.build(MiniOzoneClusterImpl.java:535)
	at org.apache.hadoop.ozone.client.rpc.TestWatchForCommit.init(TestWatchForCommit.java:154)
	at sun.reflect.NativeMethodAccessorImpl.invoke0(Native Method)
	at sun.reflect.NativeMethodAccessorImpl.invoke(NativeMethodAccessorImpl.java:62)
	at sun.reflect.DelegatingMethodAccessorImpl.invoke(DelegatingMethodAccessorImpl.java:43)
	at java.lang.reflect.Method.invoke(Method.java:498)
	at org.junit.platform.commons.util.ReflectionUtils.invokeMethod(ReflectionUtils.java:728)
	at org.junit.jupiter.engine.execution.MethodInvocation.proceed(MethodInvocation.java:60)
	at org.junit.jupiter.engine.execution.InvocationInterceptorChain$ValidatingInvocation.proceed(InvocationInterceptorChain.java:131)
	at org.junit.jupiter.engine.extension.TimeoutExtension.intercept(TimeoutExtension.java:156)
	at org.junit.jupiter.engine.extension.TimeoutExtension.interceptLifecycleMethod(TimeoutExtension.java:128)
	at org.junit.jupiter.engine.extension.TimeoutExtension.interceptBeforeEachMethod(TimeoutExtension.java:78)
	at org.junit.jupiter.engine.execution.InterceptingExecutableInvoker$ReflectiveInterceptorCall.lambda$ofVoidMethod$0(InterceptingExecutableInvoker.java:103)
	at org.junit.jupiter.engine.execution.InterceptingExecutableInvoker.lambda$invoke$0(InterceptingExecutableInvoker.java:93)
	at org.junit.jupiter.engine.execution.InvocationInterceptorChain$InterceptedInvocation.proceed(InvocationInterceptorChain.java:106)
	at org.junit.jupiter.engine.execution.InvocationInterceptorChain.proceed(InvocationInterceptorChain.java:64)
	at org.junit.jupiter.engine.execution.InvocationInterceptorChain.chainAndInvoke(InvocationInterceptorChain.java:45)
	at org.junit.jupiter.engine.execution.InvocationInterceptorChain.invoke(InvocationInterceptorChain.java:37)
	at org.junit.jupiter.engine.execution.InterceptingExecutableInvoker.invoke(InterceptingExecutableInvoker.java:92)
	at org.junit.jupiter.engine.execution.InterceptingExecutableInvoker.invoke(InterceptingExecutableInvoker.java:86)
	at org.junit.jupiter.engine.descriptor.ClassBasedTestDescriptor.invokeMethodInExtensionContext(ClassBasedTestDescriptor.java:521)
	at org.junit.jupiter.engine.descriptor.ClassBasedTestDescriptor.lambda$synthesizeBeforeEachMethodAdapter$23(ClassBasedTestDescriptor.java:506)
	at org.junit.jupiter.engine.descriptor.TestMethodTestDescriptor.lambda$invokeBeforeEachMethods$3(TestMethodTestDescriptor.java:175)
	at org.junit.jupiter.engine.descriptor.TestMethodTestDescriptor.lambda$invokeBeforeMethodsOrCallbacksUntilExceptionOccurs$6(TestMethodTestDescriptor.java:203)
	at org.junit.platform.engine.support.hierarchical.ThrowableCollector.execute(ThrowableCollector.java:73)
	at org.junit.jupiter.engine.descriptor.TestMethodTestDescriptor.invokeBeforeMethodsOrCallbacksUntilExceptionOccurs(TestMethodTestDescriptor.java:203)
	at org.junit.jupiter.engine.descriptor.TestMethodTestDescriptor.invokeBeforeEachMethods(TestMethodTestDescriptor.java:172)
	at org.junit.jupiter.engine.descriptor.TestMethodTestDescriptor.execute(TestMethodTestDescriptor.java:135)
	at org.junit.jupiter.engine.descriptor.TestMethodTestDescriptor.execute(TestMethodTestDescriptor.java:69)
	at org.junit.platform.engine.support.hierarchical.NodeTestTask.lambda$executeRecursively$6(NodeTestTask.java:151)
	at org.junit.platform.engine.support.hierarchical.ThrowableCollector.execute(ThrowableCollector.java:73)
	at org.junit.platform.engine.support.hierarchical.NodeTestTask.lambda$executeRecursively$8(NodeTestTask.java:141)
	at org.junit.platform.engine.support.hierarchical.Node.around(Node.java:137)
	at org.junit.platform.engine.support.hierarchical.NodeTestTask.lambda$executeRecursively$9(NodeTestTask.java:139)
	at org.junit.platform.engine.support.hierarchical.ThrowableCollector.execute(ThrowableCollector.java:73)
	at org.junit.platform.engine.support.hierarchical.NodeTestTask.executeRecursively(NodeTestTask.java:138)
	at org.junit.platform.engine.support.hierarchical.NodeTestTask.execute(NodeTestTask.java:95)
	at java.util.ArrayList.forEach(ArrayList.java:1259)
	at org.junit.platform.engine.support.hierarchical.SameThreadHierarchicalTestExecutorService.invokeAll(SameThreadHierarchicalTestExecutorService.java:41)
	at org.junit.platform.engine.support.hierarchical.NodeTestTask.lambda$executeRecursively$6(NodeTestTask.java:155)
	at org.junit.platform.engine.support.hierarchical.ThrowableCollector.execute(ThrowableCollector.java:73)
	at org.junit.platform.engine.support.hierarchical.NodeTestTask.lambda$executeRecursively$8(NodeTestTask.java:141)
	at org.junit.platform.engine.support.hierarchical.Node.around(Node.java:137)
	at org.junit.platform.engine.support.hierarchical.NodeTestTask.lambda$executeRecursively$9(NodeTestTask.java:139)
	at org.junit.platform.engine.support.hierarchical.ThrowableCollector.execute(ThrowableCollector.java:73)
	at org.junit.platform.engine.support.hierarchical.NodeTestTask.executeRecursively(NodeTestTask.java:138)
	at org.junit.platform.engine.support.hierarchical.NodeTestTask.execute(NodeTestTask.java:95)
	at java.util.ArrayList.forEach(ArrayList.java:1259)
	at org.junit.platform.engine.support.hierarchical.SameThreadHierarchicalTestExecutorService.invokeAll(SameThreadHierarchicalTestExecutorService.java:41)
	at org.junit.platform.engine.support.hierarchical.NodeTestTask.lambda$executeRecursively$6(NodeTestTask.java:155)
	at org.junit.platform.engine.support.hierarchical.ThrowableCollector.execute(ThrowableCollector.java:73)
	at org.junit.platform.engine.support.hierarchical.NodeTestTask.lambda$executeRecursively$8(NodeTestTask.java:141)
	at org.junit.platform.engine.support.hierarchical.Node.around(Node.java:137)
	at org.junit.platform.engine.support.hierarchical.NodeTestTask.lambda$executeRecursively$9(NodeTestTask.java:139)
	at org.junit.platform.engine.support.hierarchical.ThrowableCollector.execute(ThrowableCollector.java:73)
	at org.junit.platform.engine.support.hierarchical.NodeTestTask.executeRecursively(NodeTestTask.java:138)
	at org.junit.platform.engine.support.hierarchical.NodeTestTask.execute(NodeTestTask.java:95)
	at org.junit.platform.engine.support.hierarchical.SameThreadHierarchicalTestExecutorService.submit(SameThreadHierarchicalTestExecutorService.java:35)
	at org.junit.platform.engine.support.hierarchical.HierarchicalTestExecutor.execute(HierarchicalTestExecutor.java:57)
	at org.junit.platform.engine.support.hierarchical.HierarchicalTestEngine.execute(HierarchicalTestEngine.java:54)
	at org.junit.platform.launcher.core.EngineExecutionOrchestrator.execute(EngineExecutionOrchestrator.java:198)
	at org.junit.platform.launcher.core.EngineExecutionOrchestrator.execute(EngineExecutionOrchestrator.java:169)
	at org.junit.platform.launcher.core.EngineExecutionOrchestrator.execute(EngineExecutionOrchestrator.java:93)
	at org.junit.platform.launcher.core.EngineExecutionOrchestrator.lambda$execute$0(EngineExecutionOrchestrator.java:58)
	at org.junit.platform.launcher.core.EngineExecutionOrchestrator.withInterceptedStreams(EngineExecutionOrchestrator.java:141)
	at org.junit.platform.launcher.core.EngineExecutionOrchestrator.execute(EngineExecutionOrchestrator.java:57)
	at org.junit.platform.launcher.core.DefaultLauncher.execute(DefaultLauncher.java:103)
	at org.junit.platform.launcher.core.DefaultLauncher.execute(DefaultLauncher.java:85)
	at org.junit.platform.launcher.core.DelegatingLauncher.execute(DelegatingLauncher.java:47)
	at org.junit.platform.launcher.core.SessionPerRequestLauncher.execute(SessionPerRequestLauncher.java:63)
	at org.apache.maven.surefire.junitplatform.JUnitPlatformProvider.execute(JUnitPlatformProvider.java:188)
	at org.apache.maven.surefire.junitplatform.JUnitPlatformProvider.invokeAllTests(JUnitPlatformProvider.java:154)
	at org.apache.maven.surefire.junitplatform.JUnitPlatformProvider.invoke(JUnitPlatformProvider.java:124)
	at org.apache.maven.surefire.booter.ForkedBooter.runSuitesInProcess(ForkedBooter.java:428)
	at org.apache.maven.surefire.booter.ForkedBooter.execute(ForkedBooter.java:162)
	at org.apache.maven.surefire.booter.ForkedBooter.run(ForkedBooter.java:562)
	at org.apache.maven.surefire.booter.ForkedBooter.main(ForkedBooter.java:548)
2024-03-15 21:38:53,860 [main] INFO  om.OzoneManager (OzoneManager.java:addS3GVolumeToDB(4462)) - Created Volume s3v With Owner runner required for S3Gateway operations.
2024-03-15 21:38:53,860 [main] WARN  server.ServerUtils (ServerUtils.java:getDefaultRatisDirectory(311)) - Storage directory for Ratis is not configured. It is a good idea to map this to an SSD disk. Falling back to ozone.metadata.dirs
2024-03-15 21:38:53,860 [main] WARN  utils.OzoneManagerRatisUtils (OzoneManagerRatisUtils.java:getOMRatisSnapshotDirectory(476)) - ozone.om.ratis.snapshot.dir is not configured. Falling back to ozone.metadata.dirs config
2024-03-15 21:38:53,861 [main] WARN  server.ServerUtils (ServerUtils.java:getDefaultRatisDirectory(311)) - Storage directory for Ratis is not configured. It is a good idea to map this to an SSD disk. Falling back to ozone.metadata.dirs
2024-03-15 21:38:53,862 [main] INFO  ratis.OzoneManagerRatisServer (OzoneManagerRatisServer.java:<init>(167)) - Instantiating OM Ratis server with groupID: omServiceIdDefault and peers: localhost:15096
2024-03-15 21:38:53,862 [main] INFO  ratis.OzoneManagerStateMachine (OzoneManagerStateMachine.java:loadSnapshotInfoFromDB(575)) - TransactionInfo not found in OM DB.
2024-03-15 21:38:53,863 [main] INFO  server.RaftServer (ConfUtils.java:logGet(46)) - raft.rpc.type = GRPC (default)
2024-03-15 21:38:53,863 [main] INFO  grpc.GrpcConfigKeys (ConfUtils.java:logFallback(53)) - raft.grpc.admin.host = null (fallback to raft.grpc.server.host)
2024-03-15 21:38:53,863 [main] INFO  grpc.GrpcConfigKeys (ConfUtils.java:logFallback(53)) - raft.grpc.admin.port = 15096 (fallback to raft.grpc.server.port)
2024-03-15 21:38:53,863 [main] INFO  grpc.GrpcConfigKeys (ConfUtils.java:logFallback(53)) - raft.grpc.client.host = null (fallback to raft.grpc.server.host)
2024-03-15 21:38:53,863 [main] INFO  grpc.GrpcConfigKeys (ConfUtils.java:logFallback(53)) - raft.grpc.client.port = 15096 (fallback to raft.grpc.server.port)
2024-03-15 21:38:53,863 [main] INFO  grpc.GrpcConfigKeys (ConfUtils.java:logGet(46)) - raft.grpc.server.host = null (default)
2024-03-15 21:38:53,864 [main] INFO  grpc.GrpcConfigKeys (ConfUtils.java:logGet(46)) - raft.grpc.server.port = 15096 (custom)
2024-03-15 21:38:53,864 [main] INFO  server.GrpcService (ConfUtils.java:logGet(46)) - raft.grpc.message.size.max = 4194304 (custom)
2024-03-15 21:38:53,864 [main] INFO  server.RaftServerConfigKeys (ConfUtils.java:logGet(46)) - raft.server.log.appender.buffer.byte-limit = 4194304 (custom)
2024-03-15 21:38:53,864 [main] INFO  server.GrpcService (ConfUtils.java:logGet(46)) - raft.grpc.flow.control.window = 1MB (=1048576) (default)
2024-03-15 21:38:53,864 [main] INFO  server.RaftServerConfigKeys (ConfUtils.java:logGet(46)) - raft.server.rpc.request.timeout = 3000ms (default)
2024-03-15 21:38:53,864 [main] INFO  grpc.GrpcConfigKeys (ConfUtils.java:logGet(46)) - raft.grpc.server.heartbeat.channel = true (default)
2024-03-15 21:38:53,865 [main] INFO  grpc.GrpcConfigKeys (ConfUtils.java:logGet(46)) - raft.grpc.server.async.request.thread.pool.cached = true (default)
2024-03-15 21:38:53,865 [main] INFO  grpc.GrpcConfigKeys (ConfUtils.java:logGet(46)) - raft.grpc.server.async.request.thread.pool.size = 32 (default)
2024-03-15 21:38:53,866 [main] INFO  impl.DataStreamServerImpl (ConfUtils.java:logGet(46)) - raft.datastream.type = DISABLED (default)
2024-03-15 21:38:53,866 [main] INFO  server.RaftServerConfigKeys (ConfUtils.java:logGet(46)) - raft.server.sleep.deviation.threshold = 300ms (default)
2024-03-15 21:38:53,866 [main] INFO  server.RaftServerConfigKeys (ConfUtils.java:logGet(46)) - raft.server.close.threshold = 60s (default)
2024-03-15 21:38:53,866 [main] INFO  server.RaftServerConfigKeys (ConfUtils.java:logGet(46)) - raft.server.leaderelection.leader.step-down.wait-time = 10s (default)
2024-03-15 21:38:53,867 [main] INFO  server.RaftServerConfigKeys (ConfUtils.java:logGet(46)) - raft.server.storage.dir = [/home/runner/work/ozone/ozone/hadoop-ozone/integration-test/target/test-dir/MiniOzoneClusterImpl-3a4de177-78ca-4f6d-b60b-6b5c736a6a4e/ozone-meta/ratis] (custom)
2024-03-15 21:38:53,867 [main] INFO  server.RaftServerConfigKeys (ConfUtils.java:logGet(46)) - raft.server.threadpool.proxy.cached = true (default)
2024-03-15 21:38:53,867 [main] INFO  server.RaftServerConfigKeys (ConfUtils.java:logGet(46)) - raft.server.threadpool.proxy.size = 0 (default)
2024-03-15 21:38:53,868 [main] INFO  server.RaftServer (RaftServerProxy.java:addNew(100)) - om1: addNew group-C5BA1605619E:[om1|localhost:15096] returns group-C5BA1605619E:java.util.concurrent.CompletableFuture@1ee7f57f[Not completed]
2024-03-15 21:38:53,868 [om1-groupManagement] INFO  server.RaftServer$Division (RaftServerImpl.java:<init>(256)) - om1: new RaftServerImpl for group-C5BA1605619E:[om1|localhost:15096] with OzoneManagerStateMachine:uninitialized
2024-03-15 21:38:53,868 [main] INFO  om.OzoneManager (OzoneManager.java:initializeRatisServer(2171)) - OzoneManager Ratis server initialized at port 15096
2024-03-15 21:38:53,868 [main] INFO  om.OzoneManager (OzoneManager.java:getRpcServer(1230)) - Creating RPC Server
2024-03-15 21:38:53,868 [om1-groupManagement] INFO  server.RaftServerConfigKeys (ConfUtils.java:logGet(46)) - raft.server.rpc.timeout.min = 1s (custom)
2024-03-15 21:38:53,869 [om1-groupManagement] INFO  server.RaftServerConfigKeys (ConfUtils.java:logGet(46)) - raft.server.rpc.timeout.max = 1200ms (custom)
2024-03-15 21:38:53,869 [om1-groupManagement] INFO  server.RaftServerConfigKeys (ConfUtils.java:logGet(46)) - raft.server.rpc.sleep.time = 25ms (default)
2024-03-15 21:38:53,869 [om1-groupManagement] INFO  server.RaftServerConfigKeys (ConfUtils.java:logGet(46)) - raft.server.rpc.slowness.timeout = 120s (custom)
2024-03-15 21:38:53,869 [om1-groupManagement] INFO  server.RaftServerConfigKeys (ConfUtils.java:logGet(46)) - raft.server.leaderelection.leader.step-down.wait-time = 10s (default)
2024-03-15 21:38:53,869 [om1-groupManagement] INFO  server.RaftServerConfigKeys (ConfUtils.java:logGet(46)) - raft.server.leaderelection.member.majority-add = false (default)
2024-03-15 21:38:53,871 [om1-groupManagement] INFO  server.RaftServerConfigKeys (ConfUtils.java:logGet(46)) - raft.server.sleep.deviation.threshold = 300ms (default)
2024-03-15 21:38:53,871 [om1-groupManagement] INFO  server.RaftServer$Division (ServerState.java:<init>(113)) - om1@group-C5BA1605619E: ConfigurationManager, init=-1: peers:[om1|localhost:15096]|listeners:[], old=null, confs=<EMPTY_MAP>
2024-03-15 21:38:53,871 [om1-groupManagement] INFO  server.RaftServerConfigKeys (ConfUtils.java:logGet(46)) - raft.server.notification.no-leader.timeout = 120s (custom)
2024-03-15 21:38:53,871 [om1-groupManagement] INFO  server.RaftServerConfigKeys (ConfUtils.java:logGet(46)) - raft.server.read.timeout = 10s (default)
2024-03-15 21:38:53,871 [om1-groupManagement] INFO  server.RaftServerConfigKeys (ConfUtils.java:logGet(46)) - raft.server.retrycache.expirytime = 300s (custom)
2024-03-15 21:38:53,871 [om1-groupManagement] INFO  server.RaftServerConfigKeys (ConfUtils.java:logGet(46)) - raft.server.retrycache.statistics.expirytime = 100ms (default)
2024-03-15 21:38:53,871 [om1-groupManagement] INFO  server.RaftServerConfigKeys (ConfUtils.java:logGet(46)) - raft.server.read.option = DEFAULT (default)
2024-03-15 21:38:53,871 [om1-groupManagement] INFO  server.RaftServerConfigKeys (ConfUtils.java:logGet(46)) - raft.server.read.read-after-write-consistent.write-index-cache.expiry-time = 60s (default)
2024-03-15 21:38:53,872 [om1-groupManagement] INFO  server.RaftServerConfigKeys (ConfUtils.java:logGet(46)) - raft.server.rpc.request.timeout = 3000ms (default)
2024-03-15 21:38:53,873 [om1-groupManagement] INFO  server.RaftServerConfigKeys (ConfUtils.java:logGet(46)) - raft.server.log.appender.install.snapshot.enabled = false (custom)
2024-03-15 21:38:53,873 [om1-groupManagement] INFO  server.RaftServerConfigKeys (ConfUtils.java:logGet(46)) - raft.server.threadpool.server.cached = true (default)
2024-03-15 21:38:53,873 [om1-groupManagement] INFO  server.RaftServerConfigKeys (ConfUtils.java:logGet(46)) - raft.server.threadpool.server.size = 0 (default)
2024-03-15 21:38:53,873 [om1-groupManagement] INFO  server.RaftServerConfigKeys (ConfUtils.java:logGet(46)) - raft.server.threadpool.client.cached = true (default)
2024-03-15 21:38:53,873 [om1-groupManagement] INFO  server.RaftServerConfigKeys (ConfUtils.java:logGet(46)) - raft.server.threadpool.client.size = 0 (default)
2024-03-15 21:38:54,121 [main] INFO  ipc.CallQueueManager (CallQueueManager.java:<init>(90)) - Using callQueue: class java.util.concurrent.LinkedBlockingQueue, queueCapacity: 2000, scheduler: class org.apache.hadoop.ipc.DefaultRpcScheduler, ipcBackoff: false.
2024-03-15 21:38:54,121 [main] INFO  ipc.Server (Server.java:<init>(1287)) - Listener at 127.0.0.1:15093
2024-03-15 21:38:54,121 [Socket Reader #1 for port 15093] INFO  ipc.Server (Server.java:run(1323)) - Starting Socket Reader #1 for port 15093
2024-03-15 21:38:54,140 [main] INFO  impl.MetricsSystemImpl (MetricsSystemImpl.java:init(158)) - OzoneManager metrics system started (again)
2024-03-15 21:38:54,148 [main] INFO  om.OzoneManager (OzoneManager.java:start(1652)) - OzoneManager RPC server is listening at localhost/127.0.0.1:15093
2024-03-15 21:38:54,148 [main] INFO  ratis.OzoneManagerRatisServer (OzoneManagerRatisServer.java:start(588)) - Starting OzoneManagerRatisServer om1 at port 15096
2024-03-15 21:38:54,149 [om1-impl-thread1] INFO  server.RaftServerConfigKeys (ConfUtils.java:logGet(46)) - raft.server.storage.free-space.min = 0MB (=0) (default)
2024-03-15 21:38:54,149 [om1-impl-thread1] INFO  server.RaftServerConfigKeys (ConfUtils.java:logGet(46)) - raft.server.log.corruption.policy = EXCEPTION (default)
2024-03-15 21:38:54,149 [om1-impl-thread1] INFO  server.RaftServerConfigKeys (ConfUtils.java:logGet(46)) - raft.server.storage.dir = [/home/runner/work/ozone/ozone/hadoop-ozone/integration-test/target/test-dir/MiniOzoneClusterImpl-3a4de177-78ca-4f6d-b60b-6b5c736a6a4e/ozone-meta/ratis] (custom)
2024-03-15 21:38:54,149 [om1-impl-thread1] INFO  storage.RaftStorageDirectory (RaftStorageDirectoryImpl.java:analyzeStorage(138)) - The storage directory /home/runner/work/ozone/ozone/hadoop-ozone/integration-test/target/test-dir/MiniOzoneClusterImpl-3a4de177-78ca-4f6d-b60b-6b5c736a6a4e/ozone-meta/ratis/bf265839-605b-3f16-9796-c5ba1605619e does not exist. Creating ...
2024-03-15 21:38:54,150 [om1-impl-thread1] INFO  storage.RaftStorageDirectory (RaftStorageDirectoryImpl.java:tryLock(228)) - Lock on /home/runner/work/ozone/ozone/hadoop-ozone/integration-test/target/test-dir/MiniOzoneClusterImpl-3a4de177-78ca-4f6d-b60b-6b5c736a6a4e/ozone-meta/ratis/bf265839-605b-3f16-9796-c5ba1605619e/in_use.lock acquired by nodename 60682@fv-az528-102
2024-03-15 21:38:54,151 [om1-impl-thread1] INFO  storage.RaftStorage (RaftStorageImpl.java:format(99)) - Storage directory /home/runner/work/ozone/ozone/hadoop-ozone/integration-test/target/test-dir/MiniOzoneClusterImpl-3a4de177-78ca-4f6d-b60b-6b5c736a6a4e/ozone-meta/ratis/bf265839-605b-3f16-9796-c5ba1605619e has been successfully formatted.
2024-03-15 21:38:54,151 [om1-impl-thread1] WARN  util.FileUtils (LogUtils.java:supplyAndLog(63)) - Failed to Files.newInputStream /home/runner/work/ozone/ozone/hadoop-ozone/integration-test/target/test-dir/MiniOzoneClusterImpl-3a4de177-78ca-4f6d-b60b-6b5c736a6a4e/ozone-meta/ratis/bf265839-605b-3f16-9796-c5ba1605619e/current/raft-meta.conf with options []: java.nio.file.NoSuchFileException: /home/runner/work/ozone/ozone/hadoop-ozone/integration-test/target/test-dir/MiniOzoneClusterImpl-3a4de177-78ca-4f6d-b60b-6b5c736a6a4e/ozone-meta/ratis/bf265839-605b-3f16-9796-c5ba1605619e/current/raft-meta.conf
2024-03-15 21:38:54,152 [om1-impl-thread1] INFO  server.RaftServerConfigKeys (ConfUtils.java:logGet(46)) - raft.server.log.use.memory = false (default)
2024-03-15 21:38:54,152 [om1-impl-thread1] INFO  server.RaftServerConfigKeys (ConfUtils.java:logGet(46)) - raft.server.log.purge.gap = 1000000 (custom)
2024-03-15 21:38:54,152 [om1-impl-thread1] INFO  server.RaftServerConfigKeys (ConfUtils.java:logGet(46)) - raft.server.log.appender.buffer.byte-limit = 4194304 (custom)
2024-03-15 21:38:54,152 [om1-impl-thread1] INFO  server.RaftServerConfigKeys (ConfUtils.java:logGet(46)) - raft.server.log.statemachine.data.read.timeout = 1000ms (default)
2024-03-15 21:38:54,152 [om1-impl-thread1] INFO  server.RaftServerConfigKeys (ConfUtils.java:logGet(46)) - raft.server.log.purge.preservation.log.num = 0 (default)
2024-03-15 21:38:54,152 [om1-impl-thread1] INFO  server.RaftServerConfigKeys (ConfUtils.java:logGet(46)) - raft.server.log.segment.size.max = 4194304 (custom)
2024-03-15 21:38:54,152 [om1-impl-thread1] INFO  server.RaftServerConfigKeys (ConfUtils.java:logGet(46)) - raft.server.log.segment.cache.num.max = 2 (custom)
2024-03-15 21:38:54,153 [om1-impl-thread1] INFO  server.RaftServerConfigKeys (ConfUtils.java:logGet(46)) - raft.server.log.segment.cache.size.max = 200MB (=209715200) (default)
2024-03-15 21:38:54,153 [om1-impl-thread1] INFO  server.RaftServerConfigKeys (ConfUtils.java:logGet(46)) - raft.server.log.appender.buffer.byte-limit = 4194304 (custom)
2024-03-15 21:38:54,153 [om1-impl-thread1] INFO  util.AwaitToRun (AwaitToRun.java:start(81)) - Thread[om1@group-C5BA1605619E-cacheEviction-AwaitToRun,5,main] started
2024-03-15 21:38:54,153 [om1-impl-thread1] INFO  segmented.SegmentedRaftLogWorker (SegmentedRaftLogWorker.java:<init>(182)) - new om1@group-C5BA1605619E-SegmentedRaftLogWorker for RaftStorageImpl:Storage Directory /home/runner/work/ozone/ozone/hadoop-ozone/integration-test/target/test-dir/MiniOzoneClusterImpl-3a4de177-78ca-4f6d-b60b-6b5c736a6a4e/ozone-meta/ratis/bf265839-605b-3f16-9796-c5ba1605619e
2024-03-15 21:38:54,153 [om1-impl-thread1] INFO  server.RaftServerConfigKeys (ConfUtils.java:logGet(46)) - raft.server.log.queue.byte-limit = 64MB (=67108864) (default)
2024-03-15 21:38:54,153 [om1-impl-thread1] INFO  server.RaftServerConfigKeys (ConfUtils.java:logGet(46)) - raft.server.log.queue.element-limit = 4096 (default)
2024-03-15 21:38:54,153 [om1-impl-thread1] INFO  server.RaftServerConfigKeys (ConfUtils.java:logGet(46)) - raft.server.log.segment.size.max = 4194304 (custom)
2024-03-15 21:38:54,153 [om1-impl-thread1] INFO  server.RaftServerConfigKeys (ConfUtils.java:logGet(46)) - raft.server.log.preallocated.size = 4194304 (custom)
2024-03-15 21:38:54,153 [om1-impl-thread1] INFO  server.RaftServerConfigKeys (ConfUtils.java:logGet(46)) - raft.server.log.force.sync.num = 128 (default)
2024-03-15 21:38:54,153 [om1-impl-thread1] INFO  server.RaftServerConfigKeys (ConfUtils.java:logGet(46)) - raft.server.log.statemachine.data.sync = true (default)
2024-03-15 21:38:54,154 [om1-impl-thread1] INFO  server.RaftServerConfigKeys (ConfUtils.java:logGet(46)) - raft.server.log.statemachine.data.sync.timeout = 10s (default)
2024-03-15 21:38:54,154 [om1-impl-thread1] INFO  server.RaftServerConfigKeys (ConfUtils.java:logGet(46)) - raft.server.log.statemachine.data.sync.timeout.retry = -1 (default)
2024-03-15 21:38:54,154 [om1-impl-thread1] INFO  server.RaftServerConfigKeys (ConfUtils.java:logGet(46)) - raft.server.log.write.buffer.size = 4194312 (custom)
2024-03-15 21:38:54,155 [om1-impl-thread1] INFO  server.RaftServerConfigKeys (ConfUtils.java:logGet(46)) - raft.server.log.appender.buffer.byte-limit = 4194304 (custom)
2024-03-15 21:38:54,155 [om1-impl-thread1] INFO  server.RaftServerConfigKeys (ConfUtils.java:logGet(46)) - raft.server.log.unsafe-flush.enabled = false (default)
2024-03-15 21:38:54,155 [om1-impl-thread1] INFO  server.RaftServerConfigKeys (ConfUtils.java:logGet(46)) - raft.server.log.async-flush.enabled = false (default)
2024-03-15 21:38:54,155 [om1-impl-thread1] INFO  server.RaftServerConfigKeys (ConfUtils.java:logGet(46)) - raft.server.log.statemachine.data.caching.enabled = false (default)
2024-03-15 21:38:54,155 [om1-impl-thread1] INFO  segmented.SegmentedRaftLogWorker (SegmentedRaftLogWorker.java:lambda$new$0(134)) - om1@group-C5BA1605619E-SegmentedRaftLogWorker: flushIndex: setUnconditionally 0 -> -1
2024-03-15 21:38:54,155 [om1-impl-thread1] INFO  segmented.SegmentedRaftLogWorker (SegmentedRaftLogWorker.java:lambda$new$0(134)) - om1@group-C5BA1605619E-SegmentedRaftLogWorker: safeCacheEvictIndex: setUnconditionally 0 -> -1
2024-03-15 21:38:54,155 [om1-impl-thread1] INFO  server.RaftServer$Division (RaftServerImpl.java:start(396)) - om1@group-C5BA1605619E: start as a follower, conf=-1: peers:[om1|localhost:15096]|listeners:[], old=null
2024-03-15 21:38:54,156 [om1-impl-thread1] INFO  server.RaftServer$Division (RaftServerImpl.java:setRole(383)) - om1@group-C5BA1605619E: changes role from      null to FOLLOWER at term 0 for startAsFollower
2024-03-15 21:38:54,156 [om1-impl-thread1] INFO  impl.RoleInfo (RoleInfo.java:updateAndGet(139)) - om1: start om1@group-C5BA1605619E-FollowerState
2024-03-15 21:38:54,156 [om1@group-C5BA1605619E-FollowerState] INFO  server.RaftServerConfigKeys (ConfUtils.java:logFallback(53)) - raft.server.rpc.first-election.timeout.min = 1s (fallback to raft.server.rpc.timeout.min)
2024-03-15 21:38:54,157 [om1-impl-thread1] INFO  util.JmxRegister (JmxRegister.java:tryRegister(44)) - Successfully registered JMX Bean with object name Ratis:service=RaftServer,group=group-C5BA1605619E,id=om1
2024-03-15 21:38:54,157 [om1@group-C5BA1605619E-FollowerState] INFO  server.RaftServerConfigKeys (ConfUtils.java:logFallback(53)) - raft.server.rpc.first-election.timeout.max = 1200ms (fallback to raft.server.rpc.timeout.max)
2024-03-15 21:38:54,158 [om1-impl-thread1] INFO  server.RaftServerConfigKeys (ConfUtils.java:logGet(46)) - raft.server.snapshot.trigger-when-stop.enabled = true (default)
2024-03-15 21:38:54,158 [om1-impl-thread1] INFO  server.RaftServerConfigKeys (ConfUtils.java:logGet(46)) - raft.server.snapshot.auto.trigger.enabled = true (custom)
2024-03-15 21:38:54,158 [om1-impl-thread1] INFO  server.RaftServerConfigKeys (ConfUtils.java:logGet(46)) - raft.server.snapshot.auto.trigger.threshold = 400000 (default)
2024-03-15 21:38:54,158 [om1-impl-thread1] INFO  server.RaftServerConfigKeys (ConfUtils.java:logGet(46)) - raft.server.snapshot.retention.file.num = -1 (default)
2024-03-15 21:38:54,158 [om1-impl-thread1] INFO  server.RaftServerConfigKeys (ConfUtils.java:logGet(46)) - raft.server.log.purge.upto.snapshot.index = true (custom)
2024-03-15 21:38:54,158 [main] INFO  server.RaftServer (RaftServerProxy.java:startImpl(406)) - om1: start RPC server
2024-03-15 21:38:54,159 [main] INFO  server.GrpcService (GrpcService.java:startImpl(302)) - om1: GrpcService started, listening on 15096
2024-03-15 21:38:54,159 [JvmPauseMonitor12] INFO  util.JvmPauseMonitor (JvmPauseMonitor.java:run(146)) - JvmPauseMonitor-om1: Started
2024-03-15 21:38:54,160 [main] INFO  om.OzoneManager (OzoneManager.java:start(1668)) - Version File has different layout version (6) than OM DB (null). That is expected if this OM has never been finalized to a newer layout version.
2024-03-15 21:38:54,164 [main] INFO  client.ScmTopologyClient (ScmTopologyClient.java:start(67)) - Initial network topology fetched from SCM: /.
2024-03-15 21:38:54,166 [main] INFO  http.BaseHttpServer (BaseHttpServer.java:newHttpServer2BuilderForOzone(223)) - Starting Web-server for ozoneManager at: http://0.0.0.0:15094
2024-03-15 21:38:54,166 [main] INFO  http.BaseHttpServer (BaseHttpServer.java:<init>(110)) - Hadoop Security Enabled: false Ozone Security Enabled: false Ozone HTTP Security Enabled: false 
2024-03-15 21:38:54,167 [main] WARN  server.AuthenticationFilter (AuthenticationFilter.java:constructSecretProvider(240)) - Unable to initialize FileSignerSecretProvider, falling back to use random secrets. Reason: Could not read signature secret file: /home/runner/hadoop-http-auth-signature-secret
2024-03-15 21:38:54,168 [main] INFO  http.HttpRequestLog (HttpRequestLog.java:getRequestLog(86)) - Http request log for http.requests.ozoneManager is not defined
2024-03-15 21:38:54,169 [main] INFO  http.HttpServer2 (HttpServer2.java:addGlobalFilter(1036)) - Added global filter 'safety' (class=org.apache.hadoop.hdds.server.http.HttpServer2$QuotingInputFilter)
2024-03-15 21:38:54,169 [main] INFO  http.HttpServer2 (HttpServer2.java:addFilter(1012)) - Added filter static_user_filter (class=org.apache.hadoop.http.lib.StaticUserWebFilter$StaticUserFilter) to context ozoneManager
2024-03-15 21:38:54,169 [main] INFO  http.HttpServer2 (HttpServer2.java:addFilter(1020)) - Added filter static_user_filter (class=org.apache.hadoop.http.lib.StaticUserWebFilter$StaticUserFilter) to context logs
2024-03-15 21:38:54,170 [main] INFO  http.HttpServer2 (HttpServer2.java:addFilter(1020)) - Added filter static_user_filter (class=org.apache.hadoop.http.lib.StaticUserWebFilter$StaticUserFilter) to context static
2024-03-15 21:38:54,170 [main] INFO  http.BaseHttpServer (BaseHttpServer.java:<init>(189)) - HTTP server of ozoneManager uses base directory /home/runner/work/ozone/ozone/hadoop-ozone/integration-test/target/test-dir/MiniOzoneClusterImpl-3a4de177-78ca-4f6d-b60b-6b5c736a6a4e/ozone-meta/webserver
2024-03-15 21:38:54,170 [main] INFO  http.HttpServer2 (HttpServer2.java:bindListener(1236)) - Jetty bound to port 15094
2024-03-15 21:38:54,171 [main] INFO  server.Server (Server.java:doStart(375)) - jetty-9.4.53.v20231009; built: 2023-10-09T12:29:09.265Z; git: 27bde00a0b95a1d5bbee0eae7984f891d2d0f8c9; jvm 1.8.0_402-b06
2024-03-15 21:38:54,171 [main] INFO  server.session (DefaultSessionIdManager.java:doStart(334)) - DefaultSessionIdManager workerName=node0
2024-03-15 21:38:54,172 [main] INFO  server.session (DefaultSessionIdManager.java:doStart(339)) - No SessionScavenger set, using defaults
2024-03-15 21:38:54,172 [main] INFO  server.session (HouseKeeper.java:startScavenging(132)) - node0 Scavenging every 660000ms
2024-03-15 21:38:54,172 [main] INFO  handler.ContextHandler (ContextHandler.java:doStart(921)) - Started o.e.j.s.ServletContextHandler@64b108b8{logs,/logs,file:///home/runner/work/ozone/ozone/hadoop-ozone/integration-test/target/log,AVAILABLE}
2024-03-15 21:38:54,173 [main] INFO  handler.ContextHandler (ContextHandler.java:doStart(921)) - Started o.e.j.s.ServletContextHandler@47b00dbb{static,/static,file:///home/runner/work/ozone/ozone/hadoop-ozone/integration-test/target/test-classes/webapps/static,AVAILABLE}
2024-03-15 21:38:54,175 [main] INFO  handler.ContextHandler (ContextHandler.java:doStart(921)) - Started o.e.j.w.WebAppContext@29d55215{ozoneManager,/,file:///home/runner/work/ozone/ozone/hadoop-ozone/integration-test/target/test-classes/webapps/ozoneManager/,AVAILABLE}{file:/home/runner/work/ozone/ozone/hadoop-ozone/integration-test/target/test-classes/webapps/ozoneManager}
2024-03-15 21:38:54,177 [main] INFO  server.AbstractConnector (AbstractConnector.java:doStart(333)) - Started ServerConnector@15fe3f22{HTTP/1.1, (http/1.1)}{0.0.0.0:15094}
2024-03-15 21:38:54,177 [main] INFO  server.Server (Server.java:doStart(415)) - Started @50241ms
2024-03-15 21:38:54,177 [main] WARN  impl.MetricsSystemImpl (MetricsSystemImpl.java:register(279)) - Sink prometheus already exists!
2024-03-15 21:38:54,178 [main] INFO  http.BaseHttpServer (BaseHttpServer.java:updateConnectorAddress(354)) - HTTP server of ozoneManager listening at http://0.0.0.0:15094
2024-03-15 21:38:54,178 [IPC Server Responder] INFO  ipc.Server (Server.java:run(1562)) - IPC Server Responder: starting
2024-03-15 21:38:54,178 [IPC Server listener on 15093] INFO  ipc.Server (Server.java:run(1402)) - IPC Server listener on 15093: starting
2024-03-15 21:38:54,185 [main] INFO  om.OzoneManager (OzoneManager.java:startTrashEmptier(2124)) - Trash Interval set to 0. Files deleted won't move to trash
2024-03-15 21:38:54,206 [main] WARN  dropwizard3.Dm3MetricRegistriesImpl (Dm3MetricRegistriesImpl.java:addReporterRegistration(113)) - New reporters are added after registries were created. Some metrics will be missing from the reporter. Please add reporter before adding any new registry.
2024-03-15 21:38:54,207 [main] WARN  dropwizard3.Dm3MetricRegistriesImpl (Dm3MetricRegistriesImpl.java:addReporterRegistration(113)) - New reporters are added after registries were created. Some metrics will be missing from the reporter. Please add reporter before adding any new registry.
2024-03-15 21:38:54,207 [main] INFO  impl.MetricsSystemImpl (MetricsSystemImpl.java:init(158)) - HddsDatanode metrics system started (again)
2024-03-15 21:38:54,216 [main] INFO  ozone.HddsDatanodeService (HddsDatanodeService.java:start(240)) - HddsDatanodeService host:fv-az528-102.abqymjqvoexebeyq30kq3sdubb.bx.internal.cloudapp.net ip:10.1.0.11
2024-03-15 21:38:54,235 [main] INFO  upgrade.AbstractLayoutVersionManager (AbstractLayoutVersionManager.java:init(83)) - Initializing Layout version manager with metadata layout = HADOOP_PRC_PORTS_IN_DATANODEDETAILS (version = 7), software layout = HADOOP_PRC_PORTS_IN_DATANODEDETAILS (version = 7)
2024-03-15 21:38:54,236 [main] INFO  statemachine.DatanodeStateMachine (DatanodeStateMachine.java:getEndPointTaskThreadPoolSize(299)) - Datanode State Machine Task Thread Pool size 2
2024-03-15 21:38:54,237 [main] INFO  volume.HddsVolume (HddsVolume.java:<init>(125)) - Creating HddsVolume: /home/runner/work/ozone/ozone/hadoop-ozone/integration-test/target/test-dir/MiniOzoneClusterImpl-3a4de177-78ca-4f6d-b60b-6b5c736a6a4e/ozone-meta/datanode-1/data-0/hdds of storage type : DISK capacity : 9223372036854775807
2024-03-15 21:38:54,237 [main] INFO  volume.MutableVolumeSet (MutableVolumeSet.java:initializeVolumeSet(173)) - Added Volume : /home/runner/work/ozone/ozone/hadoop-ozone/integration-test/target/test-dir/MiniOzoneClusterImpl-3a4de177-78ca-4f6d-b60b-6b5c736a6a4e/ozone-meta/datanode-1/data-0/hdds to VolumeSet
2024-03-15 21:38:54,238 [main] INFO  volume.MutableVolumeSet (MutableVolumeSet.java:initializeVolumeSet(173)) - Added Volume : /home/runner/work/ozone/ozone/hadoop-ozone/integration-test/target/test-dir/MiniOzoneClusterImpl-3a4de177-78ca-4f6d-b60b-6b5c736a6a4e/ozone-meta/datanode-1/ratis to VolumeSet
2024-03-15 21:38:54,238 [main] INFO  ozoneimpl.OzoneContainer (HddsVolumeUtil.java:loadAllHddsVolumeDbStore(103)) - Load 1 volumes DbStore cost: 0ms
2024-03-15 21:38:54,240 [main] INFO  server.RaftServer (ConfUtils.java:logGet(46)) - raft.rpc.type = GRPC (default)
2024-03-15 21:38:54,240 [main] INFO  grpc.GrpcConfigKeys (ConfUtils.java:logFallback(53)) - raft.grpc.admin.host = null (fallback to raft.grpc.server.host)
2024-03-15 21:38:54,240 [main] INFO  grpc.GrpcConfigKeys (ConfUtils.java:logGet(46)) - raft.grpc.admin.port = 15102 (custom)
2024-03-15 21:38:54,241 [main] INFO  grpc.GrpcConfigKeys (ConfUtils.java:logFallback(53)) - raft.grpc.client.host = null (fallback to raft.grpc.server.host)
2024-03-15 21:38:54,241 [main] INFO  grpc.GrpcConfigKeys (ConfUtils.java:logGet(46)) - raft.grpc.client.port = 15101 (custom)
2024-03-15 21:38:54,241 [main] INFO  grpc.GrpcConfigKeys (ConfUtils.java:logGet(46)) - raft.grpc.server.host = null (default)
2024-03-15 21:38:54,241 [main] INFO  grpc.GrpcConfigKeys (ConfUtils.java:logGet(46)) - raft.grpc.server.port = 15103 (custom)
2024-03-15 21:38:54,241 [main] INFO  server.GrpcService (ConfUtils.java:logGet(46)) - raft.grpc.message.size.max = 32MB (=33554432) (custom)
2024-03-15 21:38:54,241 [main] INFO  server.RaftServerConfigKeys (ConfUtils.java:logGet(46)) - raft.server.log.appender.buffer.byte-limit = 8388608 (custom)
2024-03-15 21:38:54,241 [main] INFO  server.GrpcService (ConfUtils.java:logGet(46)) - raft.grpc.flow.control.window = 5MB (=5242880) (custom)
2024-03-15 21:38:54,241 [main] INFO  server.RaftServerConfigKeys (ConfUtils.java:logGet(46)) - raft.server.rpc.request.timeout = 3000ms (default)
2024-03-15 21:38:54,242 [main] INFO  grpc.GrpcConfigKeys (ConfUtils.java:logGet(46)) - raft.grpc.server.heartbeat.channel = true (default)
2024-03-15 21:38:54,242 [main] INFO  grpc.GrpcConfigKeys (ConfUtils.java:logGet(46)) - raft.grpc.server.async.request.thread.pool.cached = true (default)
2024-03-15 21:38:54,242 [main] INFO  grpc.GrpcConfigKeys (ConfUtils.java:logGet(46)) - raft.grpc.server.async.request.thread.pool.size = 32 (default)
2024-03-15 21:38:54,244 [main] INFO  impl.DataStreamServerImpl (ConfUtils.java:logGet(46)) - raft.datastream.type = NETTY (custom)
2024-03-15 21:38:54,244 [main] INFO  server.RaftServerConfigKeys (ConfUtils.java:logGet(46)) - raft.server.data-stream.async.request.thread.pool.cached = false (default)
2024-03-15 21:38:54,244 [main] INFO  server.RaftServerConfigKeys (ConfUtils.java:logGet(46)) - raft.server.data-stream.async.request.thread.pool.size = 20 (custom)
2024-03-15 21:38:54,244 [main] INFO  server.RaftServerConfigKeys (ConfUtils.java:logGet(46)) - raft.server.data-stream.async.write.thread.pool.size = 16 (default)
2024-03-15 21:38:54,244 [main] INFO  netty.NettyConfigKeys$DataStream (ConfUtils.java:logGet(46)) - raft.netty.dataStream.server.channel.inactive.grace-period = 10min (default)
2024-03-15 21:38:54,244 [main] INFO  server.RaftServerConfigKeys (ConfUtils.java:logGet(46)) - raft.server.data-stream.client.pool.size = 10 (default)
2024-03-15 21:38:54,244 [main] INFO  netty.NettyConfigKeys$DataStream (ConfUtils.java:logGet(46)) - raft.netty.dataStream.server.use-epoll = true (default)
2024-03-15 21:38:54,245 [main] INFO  netty.NettyConfigKeys$DataStream (ConfUtils.java:logGet(46)) - raft.netty.dataStream.server.boss-group.size = 0 (default)
2024-03-15 21:38:54,245 [main] INFO  netty.NettyUtils (NettyUtils.java:newEventLoopGroup(69)) - Create EpollEventLoopGroup for b499248e-0c06-432d-b10b-4f9787fe0788-NettyServerStreamRpc-bossGroup; Thread size is 0.
2024-03-15 21:38:54,245 [main] INFO  netty.NettyConfigKeys$DataStream (ConfUtils.java:logGet(46)) - raft.netty.dataStream.server.worker-group.size = 0 (default)
2024-03-15 21:38:54,245 [main] INFO  netty.NettyUtils (NettyUtils.java:newEventLoopGroup(69)) - Create EpollEventLoopGroup for b499248e-0c06-432d-b10b-4f9787fe0788-NettyServerStreamRpc-workerGroup; Thread size is 0.
2024-03-15 21:38:54,245 [main] INFO  netty.NettyConfigKeys$DataStream (ConfUtils.java:logGet(46)) - raft.netty.dataStream.server.tls.conf = null (default)
2024-03-15 21:38:54,246 [main] INFO  netty.NettyConfigKeys$DataStream (ConfUtils.java:logGet(46)) - raft.netty.dataStream.host = null (default)
2024-03-15 21:38:54,246 [main] INFO  netty.NettyConfigKeys$DataStream (ConfUtils.java:logGet(46)) - raft.netty.dataStream.port = 15104 (custom)
2024-03-15 21:38:54,246 [main] INFO  server.RaftServerConfigKeys (ConfUtils.java:logGet(46)) - raft.server.sleep.deviation.threshold = 300ms (default)
2024-03-15 21:38:54,246 [main] INFO  server.RaftServerConfigKeys (ConfUtils.java:logGet(46)) - raft.server.close.threshold = 60s (default)
2024-03-15 21:38:54,246 [b499248e-0c06-432d-b10b-4f9787fe0788-NettyServerStreamRpc-bossGroup--thread1] INFO  logging.LoggingHandler (AbstractInternalLogger.java:log(148)) - [id: 0x504816f3] REGISTERED
2024-03-15 21:38:54,246 [main] INFO  server.RaftServerConfigKeys (ConfUtils.java:logGet(46)) - raft.server.leaderelection.leader.step-down.wait-time = 10s (default)
2024-03-15 21:38:54,247 [b499248e-0c06-432d-b10b-4f9787fe0788-NettyServerStreamRpc-bossGroup--thread1] INFO  logging.LoggingHandler (AbstractInternalLogger.java:log(148)) - [id: 0x504816f3] BIND: 0.0.0.0/0.0.0.0:15104
2024-03-15 21:38:54,247 [main] INFO  server.RaftServerConfigKeys (ConfUtils.java:logGet(46)) - raft.server.storage.dir = [/home/runner/work/ozone/ozone/hadoop-ozone/integration-test/target/test-dir/MiniOzoneClusterImpl-3a4de177-78ca-4f6d-b60b-6b5c736a6a4e/ozone-meta/datanode-1/ratis] (custom)
2024-03-15 21:38:54,247 [b499248e-0c06-432d-b10b-4f9787fe0788-NettyServerStreamRpc-bossGroup--thread1] INFO  logging.LoggingHandler (AbstractInternalLogger.java:log(148)) - [id: 0x504816f3, L:/0.0.0.0:15104] ACTIVE
2024-03-15 21:38:54,247 [main] INFO  server.RaftServerConfigKeys (ConfUtils.java:logGet(46)) - raft.server.threadpool.proxy.cached = true (default)
2024-03-15 21:38:54,247 [main] INFO  server.RaftServerConfigKeys (ConfUtils.java:logGet(46)) - raft.server.threadpool.proxy.size = 0 (default)
2024-03-15 21:38:54,247 [b499248e-0c06-432d-b10b-4f9787fe0788-impl-thread1] INFO  server.RaftServer (RaftServerProxy.java:initGroupDir(264)) - b499248e-0c06-432d-b10b-4f9787fe0788: found a subdirectory /home/runner/work/ozone/ozone/hadoop-ozone/integration-test/target/test-dir/MiniOzoneClusterImpl-3a4de177-78ca-4f6d-b60b-6b5c736a6a4e/ozone-meta/datanode-1/ratis/tmp
2024-03-15 21:38:54,248 [b499248e-0c06-432d-b10b-4f9787fe0788-impl-thread1] INFO  server.RaftServer (RaftServerProxy.java:initGroupDir(269)) - b499248e-0c06-432d-b10b-4f9787fe0788: The directory /home/runner/work/ozone/ozone/hadoop-ozone/integration-test/target/test-dir/MiniOzoneClusterImpl-3a4de177-78ca-4f6d-b60b-6b5c736a6a4e/ozone-meta/datanode-1/ratis/tmp is not a group directory; ignoring it. 
2024-03-15 21:38:54,248 [main] INFO  replication.ReplicationServer (ReplicationServer.java:<init>(86)) - Initializing replication server with thread count = 10 queue length = 4096
2024-03-15 21:38:54,249 [main] INFO  server.XceiverServerGrpc (XceiverServerGrpc.java:<init>(141)) - GrpcServer channel type EpollServerSocketChannel
2024-03-15 21:38:54,250 [main] INFO  replication.ReplicationSupervisor (ReplicationSupervisor.java:build(163)) - Initializing replication supervisor with thread count = 10
2024-03-15 21:38:54,250 [main] INFO  replication.ReplicationSupervisor (ReplicationSupervisor.java:nodeStateUpdated(317)) - Node state updated to IN_SERVICE, scaling executor pool size to 10
2024-03-15 21:38:54,252 [main] INFO  http.BaseHttpServer (BaseHttpServer.java:newHttpServer2BuilderForOzone(223)) - Starting Web-server for hddsDatanode at: http://0.0.0.0:15098
2024-03-15 21:38:54,252 [main] INFO  http.BaseHttpServer (BaseHttpServer.java:<init>(110)) - Hadoop Security Enabled: false Ozone Security Enabled: false Ozone HTTP Security Enabled: false 
2024-03-15 21:38:54,253 [main] WARN  server.AuthenticationFilter (AuthenticationFilter.java:constructSecretProvider(240)) - Unable to initialize FileSignerSecretProvider, falling back to use random secrets. Reason: Could not read signature secret file: /home/runner/hadoop-http-auth-signature-secret
2024-03-15 21:38:54,254 [main] INFO  http.HttpRequestLog (HttpRequestLog.java:getRequestLog(86)) - Http request log for http.requests.hddsDatanode is not defined
2024-03-15 21:38:54,255 [main] INFO  http.HttpServer2 (HttpServer2.java:addGlobalFilter(1036)) - Added global filter 'safety' (class=org.apache.hadoop.hdds.server.http.HttpServer2$QuotingInputFilter)
2024-03-15 21:38:54,255 [main] INFO  http.HttpServer2 (HttpServer2.java:addFilter(1012)) - Added filter static_user_filter (class=org.apache.hadoop.http.lib.StaticUserWebFilter$StaticUserFilter) to context hddsDatanode
2024-03-15 21:38:54,255 [main] INFO  http.HttpServer2 (HttpServer2.java:addFilter(1020)) - Added filter static_user_filter (class=org.apache.hadoop.http.lib.StaticUserWebFilter$StaticUserFilter) to context logs
2024-03-15 21:38:54,256 [main] INFO  http.HttpServer2 (HttpServer2.java:addFilter(1020)) - Added filter static_user_filter (class=org.apache.hadoop.http.lib.StaticUserWebFilter$StaticUserFilter) to context static
2024-03-15 21:38:54,256 [main] INFO  http.BaseHttpServer (BaseHttpServer.java:<init>(189)) - HTTP server of hddsDatanode uses base directory /home/runner/work/ozone/ozone/hadoop-ozone/integration-test/target/test-dir/MiniOzoneClusterImpl-3a4de177-78ca-4f6d-b60b-6b5c736a6a4e/ozone-meta/datanode-1/meta/webserver
2024-03-15 21:38:54,257 [main] INFO  http.HttpServer2 (HttpServer2.java:bindListener(1236)) - Jetty bound to port 15098
2024-03-15 21:38:54,257 [main] INFO  server.Server (Server.java:doStart(375)) - jetty-9.4.53.v20231009; built: 2023-10-09T12:29:09.265Z; git: 27bde00a0b95a1d5bbee0eae7984f891d2d0f8c9; jvm 1.8.0_402-b06
2024-03-15 21:38:54,258 [main] INFO  server.session (DefaultSessionIdManager.java:doStart(334)) - DefaultSessionIdManager workerName=node0
2024-03-15 21:38:54,258 [main] INFO  server.session (DefaultSessionIdManager.java:doStart(339)) - No SessionScavenger set, using defaults
2024-03-15 21:38:54,258 [main] INFO  server.session (HouseKeeper.java:startScavenging(132)) - node0 Scavenging every 660000ms
2024-03-15 21:38:54,259 [main] INFO  handler.ContextHandler (ContextHandler.java:doStart(921)) - Started o.e.j.s.ServletContextHandler@14d412d7{logs,/logs,file:///home/runner/work/ozone/ozone/hadoop-ozone/integration-test/target/log,AVAILABLE}
2024-03-15 21:38:54,259 [main] INFO  handler.ContextHandler (ContextHandler.java:doStart(921)) - Started o.e.j.s.ServletContextHandler@674982c3{static,/static,jar:file:/home/runner/.m2/repository/org/apache/ozone/hdds-container-service/1.5.0-SNAPSHOT/hdds-container-service-1.5.0-SNAPSHOT.jar!/webapps/static,AVAILABLE}
2024-03-15 21:38:54,296 [main] INFO  handler.ContextHandler (ContextHandler.java:doStart(921)) - Started o.e.j.w.WebAppContext@22741e1d{hddsDatanode,/,file:///home/runner/work/ozone/ozone/hadoop-ozone/integration-test/target/test-dir/MiniOzoneClusterImpl-3a4de177-78ca-4f6d-b60b-6b5c736a6a4e/ozone-meta/datanode-1/meta/webserver/jetty-0_0_0_0-15098-hdds-container-service-1_5_0-SNAPSHOT_jar-_-any-8675578940988630923/webapp/,AVAILABLE}{jar:file:/home/runner/.m2/repository/org/apache/ozone/hdds-container-service/1.5.0-SNAPSHOT/hdds-container-service-1.5.0-SNAPSHOT.jar!/webapps/hddsDatanode}
2024-03-15 21:38:54,297 [main] INFO  server.AbstractConnector (AbstractConnector.java:doStart(333)) - Started ServerConnector@5e04a8d{HTTP/1.1, (http/1.1)}{0.0.0.0:15098}
2024-03-15 21:38:54,297 [main] INFO  server.Server (Server.java:doStart(415)) - Started @50361ms
2024-03-15 21:38:54,298 [main] WARN  impl.MetricsSystemImpl (MetricsSystemImpl.java:register(279)) - Sink prometheus already exists!
2024-03-15 21:38:54,298 [main] INFO  http.BaseHttpServer (BaseHttpServer.java:updateConnectorAddress(354)) - HTTP server of hddsDatanode listening at http://0.0.0.0:15098
2024-03-15 21:38:54,299 [main] INFO  ipc.CallQueueManager (CallQueueManager.java:<init>(90)) - Using callQueue: class java.util.concurrent.LinkedBlockingQueue, queueCapacity: 100, scheduler: class org.apache.hadoop.ipc.DefaultRpcScheduler, ipcBackoff: false.
2024-03-15 21:38:54,299 [main] INFO  ipc.Server (Server.java:<init>(1287)) - Listener at 0.0.0.0:15099
2024-03-15 21:38:54,299 [Socket Reader #1 for port 15099] INFO  ipc.Server (Server.java:run(1323)) - Starting Socket Reader #1 for port 15099
2024-03-15 21:38:54,301 [main] INFO  ozone.HddsDatanodeService (HddsDatanodeService.java:start(327)) - Datanode start with admins: [runner]
2024-03-15 21:38:54,301 [main] INFO  ozone.HddsDatanodeClientProtocolServer (HddsDatanodeClientProtocolServer.java:start(77)) - RPC server for Client /0.0.0.0:15099
2024-03-15 21:38:54,303 [IPC Server Responder] INFO  ipc.Server (Server.java:run(1562)) - IPC Server Responder: starting
2024-03-15 21:38:54,303 [IPC Server listener on 15099] INFO  ipc.Server (Server.java:run(1402)) - IPC Server listener on 15099: starting
2024-03-15 21:38:54,310 [b499248e-0c06-432d-b10b-4f9787fe0788-DatanodeStateMachineDaemonThread] INFO  statemachine.DatanodeStateMachine (DatanodeStateMachine.java:lambda$startDaemon$1(555)) - Ozone container server started.
2024-03-15 21:38:54,310 [main] WARN  dropwizard3.Dm3MetricRegistriesImpl (Dm3MetricRegistriesImpl.java:addReporterRegistration(113)) - New reporters are added after registries were created. Some metrics will be missing from the reporter. Please add reporter before adding any new registry.
2024-03-15 21:38:54,310 [main] WARN  dropwizard3.Dm3MetricRegistriesImpl (Dm3MetricRegistriesImpl.java:addReporterRegistration(113)) - New reporters are added after registries were created. Some metrics will be missing from the reporter. Please add reporter before adding any new registry.
2024-03-15 21:38:54,310 [main] INFO  impl.MetricsSystemImpl (MetricsSystemImpl.java:init(158)) - HddsDatanode metrics system started (again)
2024-03-15 21:38:54,314 [b499248e-0c06-432d-b10b-4f9787fe0788-DatanodeStateMachineTaskThread-0] INFO  datanode.InitDatanodeState (InitDatanodeState.java:persistContainerDatanodeDetails(139)) - DatanodeDetails is persisted to /home/runner/work/ozone/ozone/hadoop-ozone/integration-test/target/test-dir/MiniOzoneClusterImpl-3a4de177-78ca-4f6d-b60b-6b5c736a6a4e/ozone-meta/datanode-1/meta/datanode.id
2024-03-15 21:38:54,319 [main] INFO  ozone.HddsDatanodeService (HddsDatanodeService.java:start(240)) - HddsDatanodeService host:fv-az528-102.abqymjqvoexebeyq30kq3sdubb.bx.internal.cloudapp.net ip:10.1.0.11
2024-03-15 21:38:54,337 [main] INFO  upgrade.AbstractLayoutVersionManager (AbstractLayoutVersionManager.java:init(83)) - Initializing Layout version manager with metadata layout = HADOOP_PRC_PORTS_IN_DATANODEDETAILS (version = 7), software layout = HADOOP_PRC_PORTS_IN_DATANODEDETAILS (version = 7)
2024-03-15 21:38:54,337 [main] INFO  statemachine.DatanodeStateMachine (DatanodeStateMachine.java:getEndPointTaskThreadPoolSize(299)) - Datanode State Machine Task Thread Pool size 2
2024-03-15 21:38:54,338 [main] INFO  volume.HddsVolume (HddsVolume.java:<init>(125)) - Creating HddsVolume: /home/runner/work/ozone/ozone/hadoop-ozone/integration-test/target/test-dir/MiniOzoneClusterImpl-3a4de177-78ca-4f6d-b60b-6b5c736a6a4e/ozone-meta/datanode-2/data-0/hdds of storage type : DISK capacity : 9223372036854775807
2024-03-15 21:38:54,339 [main] INFO  volume.MutableVolumeSet (MutableVolumeSet.java:initializeVolumeSet(173)) - Added Volume : /home/runner/work/ozone/ozone/hadoop-ozone/integration-test/target/test-dir/MiniOzoneClusterImpl-3a4de177-78ca-4f6d-b60b-6b5c736a6a4e/ozone-meta/datanode-2/data-0/hdds to VolumeSet
2024-03-15 21:38:54,339 [main] INFO  volume.MutableVolumeSet (MutableVolumeSet.java:initializeVolumeSet(173)) - Added Volume : /home/runner/work/ozone/ozone/hadoop-ozone/integration-test/target/test-dir/MiniOzoneClusterImpl-3a4de177-78ca-4f6d-b60b-6b5c736a6a4e/ozone-meta/datanode-2/ratis to VolumeSet
2024-03-15 21:38:54,339 [main] INFO  ozoneimpl.OzoneContainer (HddsVolumeUtil.java:loadAllHddsVolumeDbStore(103)) - Load 1 volumes DbStore cost: 0ms
2024-03-15 21:38:54,341 [main] INFO  server.RaftServer (ConfUtils.java:logGet(46)) - raft.rpc.type = GRPC (default)
2024-03-15 21:38:54,341 [main] INFO  grpc.GrpcConfigKeys (ConfUtils.java:logFallback(53)) - raft.grpc.admin.host = null (fallback to raft.grpc.server.host)
2024-03-15 21:38:54,341 [main] INFO  grpc.GrpcConfigKeys (ConfUtils.java:logGet(46)) - raft.grpc.admin.port = 15111 (custom)
2024-03-15 21:38:54,342 [main] INFO  grpc.GrpcConfigKeys (ConfUtils.java:logFallback(53)) - raft.grpc.client.host = null (fallback to raft.grpc.server.host)
2024-03-15 21:38:54,342 [main] INFO  grpc.GrpcConfigKeys (ConfUtils.java:logGet(46)) - raft.grpc.client.port = 15110 (custom)
2024-03-15 21:38:54,342 [main] INFO  grpc.GrpcConfigKeys (ConfUtils.java:logGet(46)) - raft.grpc.server.host = null (default)
2024-03-15 21:38:54,342 [main] INFO  grpc.GrpcConfigKeys (ConfUtils.java:logGet(46)) - raft.grpc.server.port = 15112 (custom)
2024-03-15 21:38:54,342 [main] INFO  server.GrpcService (ConfUtils.java:logGet(46)) - raft.grpc.message.size.max = 32MB (=33554432) (custom)
2024-03-15 21:38:54,342 [main] INFO  server.RaftServerConfigKeys (ConfUtils.java:logGet(46)) - raft.server.log.appender.buffer.byte-limit = 8388608 (custom)
2024-03-15 21:38:54,342 [main] INFO  server.GrpcService (ConfUtils.java:logGet(46)) - raft.grpc.flow.control.window = 5MB (=5242880) (custom)
2024-03-15 21:38:54,342 [main] INFO  server.RaftServerConfigKeys (ConfUtils.java:logGet(46)) - raft.server.rpc.request.timeout = 3000ms (default)
2024-03-15 21:38:54,342 [main] INFO  grpc.GrpcConfigKeys (ConfUtils.java:logGet(46)) - raft.grpc.server.heartbeat.channel = true (default)
2024-03-15 21:38:54,343 [main] INFO  grpc.GrpcConfigKeys (ConfUtils.java:logGet(46)) - raft.grpc.server.async.request.thread.pool.cached = true (default)
2024-03-15 21:38:54,343 [main] INFO  grpc.GrpcConfigKeys (ConfUtils.java:logGet(46)) - raft.grpc.server.async.request.thread.pool.size = 32 (default)
2024-03-15 21:38:54,344 [main] INFO  impl.DataStreamServerImpl (ConfUtils.java:logGet(46)) - raft.datastream.type = NETTY (custom)
2024-03-15 21:38:54,345 [main] INFO  server.RaftServerConfigKeys (ConfUtils.java:logGet(46)) - raft.server.data-stream.async.request.thread.pool.cached = false (default)
2024-03-15 21:38:54,345 [main] INFO  server.RaftServerConfigKeys (ConfUtils.java:logGet(46)) - raft.server.data-stream.async.request.thread.pool.size = 20 (custom)
2024-03-15 21:38:54,345 [main] INFO  server.RaftServerConfigKeys (ConfUtils.java:logGet(46)) - raft.server.data-stream.async.write.thread.pool.size = 16 (default)
2024-03-15 21:38:54,345 [main] INFO  netty.NettyConfigKeys$DataStream (ConfUtils.java:logGet(46)) - raft.netty.dataStream.server.channel.inactive.grace-period = 10min (default)
2024-03-15 21:38:54,345 [main] INFO  server.RaftServerConfigKeys (ConfUtils.java:logGet(46)) - raft.server.data-stream.client.pool.size = 10 (default)
2024-03-15 21:38:54,345 [main] INFO  netty.NettyConfigKeys$DataStream (ConfUtils.java:logGet(46)) - raft.netty.dataStream.server.use-epoll = true (default)
2024-03-15 21:38:54,345 [main] INFO  netty.NettyConfigKeys$DataStream (ConfUtils.java:logGet(46)) - raft.netty.dataStream.server.boss-group.size = 0 (default)
2024-03-15 21:38:54,345 [main] INFO  netty.NettyUtils (NettyUtils.java:newEventLoopGroup(69)) - Create EpollEventLoopGroup for ab213e82-42b9-48b1-ae0f-aa83a6d4a4a6-NettyServerStreamRpc-bossGroup; Thread size is 0.
2024-03-15 21:38:54,346 [main] INFO  netty.NettyConfigKeys$DataStream (ConfUtils.java:logGet(46)) - raft.netty.dataStream.server.worker-group.size = 0 (default)
2024-03-15 21:38:54,346 [main] INFO  netty.NettyUtils (NettyUtils.java:newEventLoopGroup(69)) - Create EpollEventLoopGroup for ab213e82-42b9-48b1-ae0f-aa83a6d4a4a6-NettyServerStreamRpc-workerGroup; Thread size is 0.
2024-03-15 21:38:54,346 [main] INFO  netty.NettyConfigKeys$DataStream (ConfUtils.java:logGet(46)) - raft.netty.dataStream.server.tls.conf = null (default)
2024-03-15 21:38:54,346 [main] INFO  netty.NettyConfigKeys$DataStream (ConfUtils.java:logGet(46)) - raft.netty.dataStream.host = null (default)
2024-03-15 21:38:54,346 [main] INFO  netty.NettyConfigKeys$DataStream (ConfUtils.java:logGet(46)) - raft.netty.dataStream.port = 15113 (custom)
2024-03-15 21:38:54,347 [main] INFO  server.RaftServerConfigKeys (ConfUtils.java:logGet(46)) - raft.server.sleep.deviation.threshold = 300ms (default)
2024-03-15 21:38:54,347 [main] INFO  server.RaftServerConfigKeys (ConfUtils.java:logGet(46)) - raft.server.close.threshold = 60s (default)
2024-03-15 21:38:54,348 [main] INFO  server.RaftServerConfigKeys (ConfUtils.java:logGet(46)) - raft.server.leaderelection.leader.step-down.wait-time = 10s (default)
2024-03-15 21:38:54,348 [main] INFO  server.RaftServerConfigKeys (ConfUtils.java:logGet(46)) - raft.server.storage.dir = [/home/runner/work/ozone/ozone/hadoop-ozone/integration-test/target/test-dir/MiniOzoneClusterImpl-3a4de177-78ca-4f6d-b60b-6b5c736a6a4e/ozone-meta/datanode-2/ratis] (custom)
2024-03-15 21:38:54,348 [main] INFO  server.RaftServerConfigKeys (ConfUtils.java:logGet(46)) - raft.server.threadpool.proxy.cached = true (default)
2024-03-15 21:38:54,348 [main] INFO  server.RaftServerConfigKeys (ConfUtils.java:logGet(46)) - raft.server.threadpool.proxy.size = 0 (default)
2024-03-15 21:38:54,349 [ab213e82-42b9-48b1-ae0f-aa83a6d4a4a6-impl-thread1] INFO  server.RaftServer (RaftServerProxy.java:initGroupDir(264)) - ab213e82-42b9-48b1-ae0f-aa83a6d4a4a6: found a subdirectory /home/runner/work/ozone/ozone/hadoop-ozone/integration-test/target/test-dir/MiniOzoneClusterImpl-3a4de177-78ca-4f6d-b60b-6b5c736a6a4e/ozone-meta/datanode-2/ratis/tmp
2024-03-15 21:38:54,349 [ab213e82-42b9-48b1-ae0f-aa83a6d4a4a6-NettyServerStreamRpc-bossGroup--thread1] INFO  logging.LoggingHandler (AbstractInternalLogger.java:log(148)) - [id: 0x650bd15d] REGISTERED
2024-03-15 21:38:54,349 [ab213e82-42b9-48b1-ae0f-aa83a6d4a4a6-impl-thread1] INFO  server.RaftServer (RaftServerProxy.java:initGroupDir(269)) - ab213e82-42b9-48b1-ae0f-aa83a6d4a4a6: The directory /home/runner/work/ozone/ozone/hadoop-ozone/integration-test/target/test-dir/MiniOzoneClusterImpl-3a4de177-78ca-4f6d-b60b-6b5c736a6a4e/ozone-meta/datanode-2/ratis/tmp is not a group directory; ignoring it. 
2024-03-15 21:38:54,349 [ab213e82-42b9-48b1-ae0f-aa83a6d4a4a6-NettyServerStreamRpc-bossGroup--thread1] INFO  logging.LoggingHandler (AbstractInternalLogger.java:log(148)) - [id: 0x650bd15d] BIND: 0.0.0.0/0.0.0.0:15113
2024-03-15 21:38:54,349 [main] INFO  replication.ReplicationServer (ReplicationServer.java:<init>(86)) - Initializing replication server with thread count = 10 queue length = 4096
2024-03-15 21:38:54,350 [ab213e82-42b9-48b1-ae0f-aa83a6d4a4a6-NettyServerStreamRpc-bossGroup--thread1] INFO  logging.LoggingHandler (AbstractInternalLogger.java:log(148)) - [id: 0x650bd15d, L:/0.0.0.0:15113] ACTIVE
2024-03-15 21:38:54,350 [main] INFO  server.XceiverServerGrpc (XceiverServerGrpc.java:<init>(141)) - GrpcServer channel type EpollServerSocketChannel
2024-03-15 21:38:54,351 [main] INFO  replication.ReplicationSupervisor (ReplicationSupervisor.java:build(163)) - Initializing replication supervisor with thread count = 10
2024-03-15 21:38:54,352 [main] INFO  replication.ReplicationSupervisor (ReplicationSupervisor.java:nodeStateUpdated(317)) - Node state updated to IN_SERVICE, scaling executor pool size to 10
2024-03-15 21:38:54,354 [main] INFO  http.BaseHttpServer (BaseHttpServer.java:newHttpServer2BuilderForOzone(223)) - Starting Web-server for hddsDatanode at: http://0.0.0.0:15107
2024-03-15 21:38:54,354 [main] INFO  http.BaseHttpServer (BaseHttpServer.java:<init>(110)) - Hadoop Security Enabled: false Ozone Security Enabled: false Ozone HTTP Security Enabled: false 
2024-03-15 21:38:54,355 [main] WARN  server.AuthenticationFilter (AuthenticationFilter.java:constructSecretProvider(240)) - Unable to initialize FileSignerSecretProvider, falling back to use random secrets. Reason: Could not read signature secret file: /home/runner/hadoop-http-auth-signature-secret
2024-03-15 21:38:54,355 [main] INFO  http.HttpRequestLog (HttpRequestLog.java:getRequestLog(86)) - Http request log for http.requests.hddsDatanode is not defined
2024-03-15 21:38:54,356 [main] INFO  http.HttpServer2 (HttpServer2.java:addGlobalFilter(1036)) - Added global filter 'safety' (class=org.apache.hadoop.hdds.server.http.HttpServer2$QuotingInputFilter)
2024-03-15 21:38:54,357 [main] INFO  http.HttpServer2 (HttpServer2.java:addFilter(1012)) - Added filter static_user_filter (class=org.apache.hadoop.http.lib.StaticUserWebFilter$StaticUserFilter) to context hddsDatanode
2024-03-15 21:38:54,357 [main] INFO  http.HttpServer2 (HttpServer2.java:addFilter(1020)) - Added filter static_user_filter (class=org.apache.hadoop.http.lib.StaticUserWebFilter$StaticUserFilter) to context logs
2024-03-15 21:38:54,357 [main] INFO  http.HttpServer2 (HttpServer2.java:addFilter(1020)) - Added filter static_user_filter (class=org.apache.hadoop.http.lib.StaticUserWebFilter$StaticUserFilter) to context static
2024-03-15 21:38:54,357 [main] INFO  http.BaseHttpServer (BaseHttpServer.java:<init>(189)) - HTTP server of hddsDatanode uses base directory /home/runner/work/ozone/ozone/hadoop-ozone/integration-test/target/test-dir/MiniOzoneClusterImpl-3a4de177-78ca-4f6d-b60b-6b5c736a6a4e/ozone-meta/datanode-2/meta/webserver
2024-03-15 21:38:54,358 [main] INFO  http.HttpServer2 (HttpServer2.java:bindListener(1236)) - Jetty bound to port 15107
2024-03-15 21:38:54,358 [main] INFO  server.Server (Server.java:doStart(375)) - jetty-9.4.53.v20231009; built: 2023-10-09T12:29:09.265Z; git: 27bde00a0b95a1d5bbee0eae7984f891d2d0f8c9; jvm 1.8.0_402-b06
2024-03-15 21:38:54,359 [main] INFO  server.session (DefaultSessionIdManager.java:doStart(334)) - DefaultSessionIdManager workerName=node0
2024-03-15 21:38:54,359 [main] INFO  server.session (DefaultSessionIdManager.java:doStart(339)) - No SessionScavenger set, using defaults
2024-03-15 21:38:54,359 [main] INFO  server.session (HouseKeeper.java:startScavenging(132)) - node0 Scavenging every 600000ms
2024-03-15 21:38:54,360 [main] INFO  handler.ContextHandler (ContextHandler.java:doStart(921)) - Started o.e.j.s.ServletContextHandler@6d8fd852{logs,/logs,file:///home/runner/work/ozone/ozone/hadoop-ozone/integration-test/target/log,AVAILABLE}
2024-03-15 21:38:54,360 [main] INFO  handler.ContextHandler (ContextHandler.java:doStart(921)) - Started o.e.j.s.ServletContextHandler@7c4a3a84{static,/static,jar:file:/home/runner/.m2/repository/org/apache/ozone/hdds-container-service/1.5.0-SNAPSHOT/hdds-container-service-1.5.0-SNAPSHOT.jar!/webapps/static,AVAILABLE}
2024-03-15 21:38:54,395 [main] INFO  handler.ContextHandler (ContextHandler.java:doStart(921)) - Started o.e.j.w.WebAppContext@59e5fca2{hddsDatanode,/,file:///home/runner/work/ozone/ozone/hadoop-ozone/integration-test/target/test-dir/MiniOzoneClusterImpl-3a4de177-78ca-4f6d-b60b-6b5c736a6a4e/ozone-meta/datanode-2/meta/webserver/jetty-0_0_0_0-15107-hdds-container-service-1_5_0-SNAPSHOT_jar-_-any-7946269661679471479/webapp/,AVAILABLE}{jar:file:/home/runner/.m2/repository/org/apache/ozone/hdds-container-service/1.5.0-SNAPSHOT/hdds-container-service-1.5.0-SNAPSHOT.jar!/webapps/hddsDatanode}
2024-03-15 21:38:54,396 [main] INFO  server.AbstractConnector (AbstractConnector.java:doStart(333)) - Started ServerConnector@5cfb0061{HTTP/1.1, (http/1.1)}{0.0.0.0:15107}
2024-03-15 21:38:54,397 [main] INFO  server.Server (Server.java:doStart(415)) - Started @50461ms
2024-03-15 21:38:54,397 [main] WARN  impl.MetricsSystemImpl (MetricsSystemImpl.java:register(279)) - Sink prometheus already exists!
2024-03-15 21:38:54,398 [main] INFO  http.BaseHttpServer (BaseHttpServer.java:updateConnectorAddress(354)) - HTTP server of hddsDatanode listening at http://0.0.0.0:15107
2024-03-15 21:38:54,398 [main] INFO  ipc.CallQueueManager (CallQueueManager.java:<init>(90)) - Using callQueue: class java.util.concurrent.LinkedBlockingQueue, queueCapacity: 100, scheduler: class org.apache.hadoop.ipc.DefaultRpcScheduler, ipcBackoff: false.
2024-03-15 21:38:54,398 [main] INFO  ipc.Server (Server.java:<init>(1287)) - Listener at 0.0.0.0:15108
2024-03-15 21:38:54,398 [Socket Reader #1 for port 15108] INFO  ipc.Server (Server.java:run(1323)) - Starting Socket Reader #1 for port 15108
2024-03-15 21:38:54,406 [main] INFO  ozone.HddsDatanodeService (HddsDatanodeService.java:start(327)) - Datanode start with admins: [runner]
2024-03-15 21:38:54,406 [main] INFO  ozone.HddsDatanodeClientProtocolServer (HddsDatanodeClientProtocolServer.java:start(77)) - RPC server for Client /0.0.0.0:15108
2024-03-15 21:38:54,408 [IPC Server Responder] INFO  ipc.Server (Server.java:run(1562)) - IPC Server Responder: starting
2024-03-15 21:38:54,408 [main] WARN  dropwizard3.Dm3MetricRegistriesImpl (Dm3MetricRegistriesImpl.java:addReporterRegistration(113)) - New reporters are added after registries were created. Some metrics will be missing from the reporter. Please add reporter before adding any new registry.
2024-03-15 21:38:54,409 [main] WARN  dropwizard3.Dm3MetricRegistriesImpl (Dm3MetricRegistriesImpl.java:addReporterRegistration(113)) - New reporters are added after registries were created. Some metrics will be missing from the reporter. Please add reporter before adding any new registry.
2024-03-15 21:38:54,408 [ab213e82-42b9-48b1-ae0f-aa83a6d4a4a6-DatanodeStateMachineDaemonThread] INFO  statemachine.DatanodeStateMachine (DatanodeStateMachine.java:lambda$startDaemon$1(555)) - Ozone container server started.
2024-03-15 21:38:54,408 [IPC Server listener on 15108] INFO  ipc.Server (Server.java:run(1402)) - IPC Server listener on 15108: starting
2024-03-15 21:38:54,409 [main] INFO  impl.MetricsSystemImpl (MetricsSystemImpl.java:init(158)) - HddsDatanode metrics system started (again)
2024-03-15 21:38:54,428 [main] INFO  ozone.HddsDatanodeService (HddsDatanodeService.java:start(240)) - HddsDatanodeService host:fv-az528-102.abqymjqvoexebeyq30kq3sdubb.bx.internal.cloudapp.net ip:10.1.0.11
2024-03-15 21:38:54,429 [ab213e82-42b9-48b1-ae0f-aa83a6d4a4a6-DatanodeStateMachineTaskThread-0] INFO  datanode.InitDatanodeState (InitDatanodeState.java:persistContainerDatanodeDetails(139)) - DatanodeDetails is persisted to /home/runner/work/ozone/ozone/hadoop-ozone/integration-test/target/test-dir/MiniOzoneClusterImpl-3a4de177-78ca-4f6d-b60b-6b5c736a6a4e/ozone-meta/datanode-2/meta/datanode.id
2024-03-15 21:38:54,445 [main] INFO  upgrade.AbstractLayoutVersionManager (AbstractLayoutVersionManager.java:init(83)) - Initializing Layout version manager with metadata layout = HADOOP_PRC_PORTS_IN_DATANODEDETAILS (version = 7), software layout = HADOOP_PRC_PORTS_IN_DATANODEDETAILS (version = 7)
2024-03-15 21:38:54,445 [main] INFO  statemachine.DatanodeStateMachine (DatanodeStateMachine.java:getEndPointTaskThreadPoolSize(299)) - Datanode State Machine Task Thread Pool size 2
2024-03-15 21:38:54,447 [main] INFO  volume.HddsVolume (HddsVolume.java:<init>(125)) - Creating HddsVolume: /home/runner/work/ozone/ozone/hadoop-ozone/integration-test/target/test-dir/MiniOzoneClusterImpl-3a4de177-78ca-4f6d-b60b-6b5c736a6a4e/ozone-meta/datanode-3/data-0/hdds of storage type : DISK capacity : 9223372036854775807
2024-03-15 21:38:54,447 [main] INFO  volume.MutableVolumeSet (MutableVolumeSet.java:initializeVolumeSet(173)) - Added Volume : /home/runner/work/ozone/ozone/hadoop-ozone/integration-test/target/test-dir/MiniOzoneClusterImpl-3a4de177-78ca-4f6d-b60b-6b5c736a6a4e/ozone-meta/datanode-3/data-0/hdds to VolumeSet
2024-03-15 21:38:54,447 [main] INFO  volume.MutableVolumeSet (MutableVolumeSet.java:initializeVolumeSet(173)) - Added Volume : /home/runner/work/ozone/ozone/hadoop-ozone/integration-test/target/test-dir/MiniOzoneClusterImpl-3a4de177-78ca-4f6d-b60b-6b5c736a6a4e/ozone-meta/datanode-3/ratis to VolumeSet
2024-03-15 21:38:54,448 [main] INFO  ozoneimpl.OzoneContainer (HddsVolumeUtil.java:loadAllHddsVolumeDbStore(103)) - Load 1 volumes DbStore cost: 0ms
2024-03-15 21:38:54,450 [main] INFO  server.RaftServer (ConfUtils.java:logGet(46)) - raft.rpc.type = GRPC (default)
2024-03-15 21:38:54,450 [main] INFO  grpc.GrpcConfigKeys (ConfUtils.java:logFallback(53)) - raft.grpc.admin.host = null (fallback to raft.grpc.server.host)
2024-03-15 21:38:54,450 [main] INFO  grpc.GrpcConfigKeys (ConfUtils.java:logGet(46)) - raft.grpc.admin.port = 15120 (custom)
2024-03-15 21:38:54,451 [main] INFO  grpc.GrpcConfigKeys (ConfUtils.java:logFallback(53)) - raft.grpc.client.host = null (fallback to raft.grpc.server.host)
2024-03-15 21:38:54,451 [main] INFO  grpc.GrpcConfigKeys (ConfUtils.java:logGet(46)) - raft.grpc.client.port = 15119 (custom)
2024-03-15 21:38:54,451 [main] INFO  grpc.GrpcConfigKeys (ConfUtils.java:logGet(46)) - raft.grpc.server.host = null (default)
2024-03-15 21:38:54,451 [main] INFO  grpc.GrpcConfigKeys (ConfUtils.java:logGet(46)) - raft.grpc.server.port = 15121 (custom)
2024-03-15 21:38:54,451 [main] INFO  server.GrpcService (ConfUtils.java:logGet(46)) - raft.grpc.message.size.max = 32MB (=33554432) (custom)
2024-03-15 21:38:54,451 [main] INFO  server.RaftServerConfigKeys (ConfUtils.java:logGet(46)) - raft.server.log.appender.buffer.byte-limit = 8388608 (custom)
2024-03-15 21:38:54,451 [main] INFO  server.GrpcService (ConfUtils.java:logGet(46)) - raft.grpc.flow.control.window = 5MB (=5242880) (custom)
2024-03-15 21:38:54,451 [main] INFO  server.RaftServerConfigKeys (ConfUtils.java:logGet(46)) - raft.server.rpc.request.timeout = 3000ms (default)
2024-03-15 21:38:54,451 [main] INFO  grpc.GrpcConfigKeys (ConfUtils.java:logGet(46)) - raft.grpc.server.heartbeat.channel = true (default)
2024-03-15 21:38:54,452 [main] INFO  grpc.GrpcConfigKeys (ConfUtils.java:logGet(46)) - raft.grpc.server.async.request.thread.pool.cached = true (default)
2024-03-15 21:38:54,452 [main] INFO  grpc.GrpcConfigKeys (ConfUtils.java:logGet(46)) - raft.grpc.server.async.request.thread.pool.size = 32 (default)
2024-03-15 21:38:54,454 [main] INFO  impl.DataStreamServerImpl (ConfUtils.java:logGet(46)) - raft.datastream.type = NETTY (custom)
2024-03-15 21:38:54,454 [main] INFO  server.RaftServerConfigKeys (ConfUtils.java:logGet(46)) - raft.server.data-stream.async.request.thread.pool.cached = false (default)
2024-03-15 21:38:54,454 [main] INFO  server.RaftServerConfigKeys (ConfUtils.java:logGet(46)) - raft.server.data-stream.async.request.thread.pool.size = 20 (custom)
2024-03-15 21:38:54,454 [main] INFO  server.RaftServerConfigKeys (ConfUtils.java:logGet(46)) - raft.server.data-stream.async.write.thread.pool.size = 16 (default)
2024-03-15 21:38:54,454 [main] INFO  netty.NettyConfigKeys$DataStream (ConfUtils.java:logGet(46)) - raft.netty.dataStream.server.channel.inactive.grace-period = 10min (default)
2024-03-15 21:38:54,455 [main] INFO  server.RaftServerConfigKeys (ConfUtils.java:logGet(46)) - raft.server.data-stream.client.pool.size = 10 (default)
2024-03-15 21:38:54,455 [main] INFO  netty.NettyConfigKeys$DataStream (ConfUtils.java:logGet(46)) - raft.netty.dataStream.server.use-epoll = true (default)
2024-03-15 21:38:54,455 [main] INFO  netty.NettyConfigKeys$DataStream (ConfUtils.java:logGet(46)) - raft.netty.dataStream.server.boss-group.size = 0 (default)
2024-03-15 21:38:54,455 [main] INFO  netty.NettyUtils (NettyUtils.java:newEventLoopGroup(69)) - Create EpollEventLoopGroup for 91ca698e-74b5-4d15-9852-8e087478f801-NettyServerStreamRpc-bossGroup; Thread size is 0.
2024-03-15 21:38:54,455 [main] INFO  netty.NettyConfigKeys$DataStream (ConfUtils.java:logGet(46)) - raft.netty.dataStream.server.worker-group.size = 0 (default)
2024-03-15 21:38:54,455 [main] INFO  netty.NettyUtils (NettyUtils.java:newEventLoopGroup(69)) - Create EpollEventLoopGroup for 91ca698e-74b5-4d15-9852-8e087478f801-NettyServerStreamRpc-workerGroup; Thread size is 0.
2024-03-15 21:38:54,456 [main] INFO  netty.NettyConfigKeys$DataStream (ConfUtils.java:logGet(46)) - raft.netty.dataStream.server.tls.conf = null (default)
2024-03-15 21:38:54,456 [main] INFO  netty.NettyConfigKeys$DataStream (ConfUtils.java:logGet(46)) - raft.netty.dataStream.host = null (default)
2024-03-15 21:38:54,456 [main] INFO  netty.NettyConfigKeys$DataStream (ConfUtils.java:logGet(46)) - raft.netty.dataStream.port = 15122 (custom)
2024-03-15 21:38:54,457 [main] INFO  server.RaftServerConfigKeys (ConfUtils.java:logGet(46)) - raft.server.sleep.deviation.threshold = 300ms (default)
2024-03-15 21:38:54,457 [main] INFO  server.RaftServerConfigKeys (ConfUtils.java:logGet(46)) - raft.server.close.threshold = 60s (default)
2024-03-15 21:38:54,457 [main] INFO  server.RaftServerConfigKeys (ConfUtils.java:logGet(46)) - raft.server.leaderelection.leader.step-down.wait-time = 10s (default)
2024-03-15 21:38:54,458 [main] INFO  server.RaftServerConfigKeys (ConfUtils.java:logGet(46)) - raft.server.storage.dir = [/home/runner/work/ozone/ozone/hadoop-ozone/integration-test/target/test-dir/MiniOzoneClusterImpl-3a4de177-78ca-4f6d-b60b-6b5c736a6a4e/ozone-meta/datanode-3/ratis] (custom)
2024-03-15 21:38:54,458 [91ca698e-74b5-4d15-9852-8e087478f801-NettyServerStreamRpc-bossGroup--thread1] INFO  logging.LoggingHandler (AbstractInternalLogger.java:log(148)) - [id: 0xd2fc1a2c] REGISTERED
2024-03-15 21:38:54,458 [main] INFO  server.RaftServerConfigKeys (ConfUtils.java:logGet(46)) - raft.server.threadpool.proxy.cached = true (default)
2024-03-15 21:38:54,458 [91ca698e-74b5-4d15-9852-8e087478f801-NettyServerStreamRpc-bossGroup--thread1] INFO  logging.LoggingHandler (AbstractInternalLogger.java:log(148)) - [id: 0xd2fc1a2c] BIND: 0.0.0.0/0.0.0.0:15122
2024-03-15 21:38:54,458 [main] INFO  server.RaftServerConfigKeys (ConfUtils.java:logGet(46)) - raft.server.threadpool.proxy.size = 0 (default)
2024-03-15 21:38:54,458 [91ca698e-74b5-4d15-9852-8e087478f801-NettyServerStreamRpc-bossGroup--thread1] INFO  logging.LoggingHandler (AbstractInternalLogger.java:log(148)) - [id: 0xd2fc1a2c, L:/0.0.0.0:15122] ACTIVE
2024-03-15 21:38:54,459 [91ca698e-74b5-4d15-9852-8e087478f801-impl-thread1] INFO  server.RaftServer (RaftServerProxy.java:initGroupDir(264)) - 91ca698e-74b5-4d15-9852-8e087478f801: found a subdirectory /home/runner/work/ozone/ozone/hadoop-ozone/integration-test/target/test-dir/MiniOzoneClusterImpl-3a4de177-78ca-4f6d-b60b-6b5c736a6a4e/ozone-meta/datanode-3/ratis/tmp
2024-03-15 21:38:54,459 [91ca698e-74b5-4d15-9852-8e087478f801-impl-thread1] INFO  server.RaftServer (RaftServerProxy.java:initGroupDir(269)) - 91ca698e-74b5-4d15-9852-8e087478f801: The directory /home/runner/work/ozone/ozone/hadoop-ozone/integration-test/target/test-dir/MiniOzoneClusterImpl-3a4de177-78ca-4f6d-b60b-6b5c736a6a4e/ozone-meta/datanode-3/ratis/tmp is not a group directory; ignoring it. 
2024-03-15 21:38:54,460 [main] INFO  replication.ReplicationServer (ReplicationServer.java:<init>(86)) - Initializing replication server with thread count = 10 queue length = 4096
2024-03-15 21:38:54,461 [main] INFO  server.XceiverServerGrpc (XceiverServerGrpc.java:<init>(141)) - GrpcServer channel type EpollServerSocketChannel
2024-03-15 21:38:54,462 [main] INFO  replication.ReplicationSupervisor (ReplicationSupervisor.java:build(163)) - Initializing replication supervisor with thread count = 10
2024-03-15 21:38:54,463 [main] INFO  replication.ReplicationSupervisor (ReplicationSupervisor.java:nodeStateUpdated(317)) - Node state updated to IN_SERVICE, scaling executor pool size to 10
2024-03-15 21:38:54,464 [main] INFO  http.BaseHttpServer (BaseHttpServer.java:newHttpServer2BuilderForOzone(223)) - Starting Web-server for hddsDatanode at: http://0.0.0.0:15116
2024-03-15 21:38:54,464 [main] INFO  http.BaseHttpServer (BaseHttpServer.java:<init>(110)) - Hadoop Security Enabled: false Ozone Security Enabled: false Ozone HTTP Security Enabled: false 
2024-03-15 21:38:54,466 [main] WARN  server.AuthenticationFilter (AuthenticationFilter.java:constructSecretProvider(240)) - Unable to initialize FileSignerSecretProvider, falling back to use random secrets. Reason: Could not read signature secret file: /home/runner/hadoop-http-auth-signature-secret
2024-03-15 21:38:54,466 [main] INFO  http.HttpRequestLog (HttpRequestLog.java:getRequestLog(86)) - Http request log for http.requests.hddsDatanode is not defined
2024-03-15 21:38:54,467 [main] INFO  http.HttpServer2 (HttpServer2.java:addGlobalFilter(1036)) - Added global filter 'safety' (class=org.apache.hadoop.hdds.server.http.HttpServer2$QuotingInputFilter)
2024-03-15 21:38:54,468 [main] INFO  http.HttpServer2 (HttpServer2.java:addFilter(1012)) - Added filter static_user_filter (class=org.apache.hadoop.http.lib.StaticUserWebFilter$StaticUserFilter) to context hddsDatanode
2024-03-15 21:38:54,468 [main] INFO  http.HttpServer2 (HttpServer2.java:addFilter(1020)) - Added filter static_user_filter (class=org.apache.hadoop.http.lib.StaticUserWebFilter$StaticUserFilter) to context static
2024-03-15 21:38:54,468 [main] INFO  http.HttpServer2 (HttpServer2.java:addFilter(1020)) - Added filter static_user_filter (class=org.apache.hadoop.http.lib.StaticUserWebFilter$StaticUserFilter) to context logs
2024-03-15 21:38:54,469 [main] INFO  http.BaseHttpServer (BaseHttpServer.java:<init>(189)) - HTTP server of hddsDatanode uses base directory /home/runner/work/ozone/ozone/hadoop-ozone/integration-test/target/test-dir/MiniOzoneClusterImpl-3a4de177-78ca-4f6d-b60b-6b5c736a6a4e/ozone-meta/datanode-3/meta/webserver
2024-03-15 21:38:54,469 [main] INFO  http.HttpServer2 (HttpServer2.java:bindListener(1236)) - Jetty bound to port 15116
2024-03-15 21:38:54,469 [main] INFO  server.Server (Server.java:doStart(375)) - jetty-9.4.53.v20231009; built: 2023-10-09T12:29:09.265Z; git: 27bde00a0b95a1d5bbee0eae7984f891d2d0f8c9; jvm 1.8.0_402-b06
2024-03-15 21:38:54,471 [main] INFO  server.session (DefaultSessionIdManager.java:doStart(334)) - DefaultSessionIdManager workerName=node0
2024-03-15 21:38:54,471 [main] INFO  server.session (DefaultSessionIdManager.java:doStart(339)) - No SessionScavenger set, using defaults
2024-03-15 21:38:54,471 [main] INFO  server.session (HouseKeeper.java:startScavenging(132)) - node0 Scavenging every 600000ms
2024-03-15 21:38:54,472 [main] INFO  handler.ContextHandler (ContextHandler.java:doStart(921)) - Started o.e.j.s.ServletContextHandler@41d1bea3{logs,/logs,file:///home/runner/work/ozone/ozone/hadoop-ozone/integration-test/target/log,AVAILABLE}
2024-03-15 21:38:54,472 [main] INFO  handler.ContextHandler (ContextHandler.java:doStart(921)) - Started o.e.j.s.ServletContextHandler@261f44ce{static,/static,jar:file:/home/runner/.m2/repository/org/apache/ozone/hdds-container-service/1.5.0-SNAPSHOT/hdds-container-service-1.5.0-SNAPSHOT.jar!/webapps/static,AVAILABLE}
2024-03-15 21:38:54,518 [main] INFO  handler.ContextHandler (ContextHandler.java:doStart(921)) - Started o.e.j.w.WebAppContext@3754e4b2{hddsDatanode,/,file:///home/runner/work/ozone/ozone/hadoop-ozone/integration-test/target/test-dir/MiniOzoneClusterImpl-3a4de177-78ca-4f6d-b60b-6b5c736a6a4e/ozone-meta/datanode-3/meta/webserver/jetty-0_0_0_0-15116-hdds-container-service-1_5_0-SNAPSHOT_jar-_-any-1277981495609715759/webapp/,AVAILABLE}{jar:file:/home/runner/.m2/repository/org/apache/ozone/hdds-container-service/1.5.0-SNAPSHOT/hdds-container-service-1.5.0-SNAPSHOT.jar!/webapps/hddsDatanode}
2024-03-15 21:38:54,520 [main] INFO  server.AbstractConnector (AbstractConnector.java:doStart(333)) - Started ServerConnector@3e6ec8d6{HTTP/1.1, (http/1.1)}{0.0.0.0:15116}
2024-03-15 21:38:54,520 [main] INFO  server.Server (Server.java:doStart(415)) - Started @50584ms
2024-03-15 21:38:54,520 [main] WARN  impl.MetricsSystemImpl (MetricsSystemImpl.java:register(279)) - Sink prometheus already exists!
2024-03-15 21:38:54,521 [main] INFO  http.BaseHttpServer (BaseHttpServer.java:updateConnectorAddress(354)) - HTTP server of hddsDatanode listening at http://0.0.0.0:15116
2024-03-15 21:38:54,521 [main] INFO  ipc.CallQueueManager (CallQueueManager.java:<init>(90)) - Using callQueue: class java.util.concurrent.LinkedBlockingQueue, queueCapacity: 100, scheduler: class org.apache.hadoop.ipc.DefaultRpcScheduler, ipcBackoff: false.
2024-03-15 21:38:54,522 [main] INFO  ipc.Server (Server.java:<init>(1287)) - Listener at 0.0.0.0:15117
2024-03-15 21:38:54,522 [Socket Reader #1 for port 15117] INFO  ipc.Server (Server.java:run(1323)) - Starting Socket Reader #1 for port 15117
2024-03-15 21:38:54,524 [main] INFO  ozone.HddsDatanodeService (HddsDatanodeService.java:start(327)) - Datanode start with admins: [runner]
2024-03-15 21:38:54,524 [main] INFO  ozone.HddsDatanodeClientProtocolServer (HddsDatanodeClientProtocolServer.java:start(77)) - RPC server for Client /0.0.0.0:15117
2024-03-15 21:38:54,525 [IPC Server Responder] INFO  ipc.Server (Server.java:run(1562)) - IPC Server Responder: starting
2024-03-15 21:38:54,526 [91ca698e-74b5-4d15-9852-8e087478f801-DatanodeStateMachineDaemonThread] INFO  statemachine.DatanodeStateMachine (DatanodeStateMachine.java:lambda$startDaemon$1(555)) - Ozone container server started.
2024-03-15 21:38:54,526 [main] WARN  dropwizard3.Dm3MetricRegistriesImpl (Dm3MetricRegistriesImpl.java:addReporterRegistration(113)) - New reporters are added after registries were created. Some metrics will be missing from the reporter. Please add reporter before adding any new registry.
2024-03-15 21:38:54,526 [IPC Server listener on 15117] INFO  ipc.Server (Server.java:run(1402)) - IPC Server listener on 15117: starting
2024-03-15 21:38:54,528 [main] WARN  dropwizard3.Dm3MetricRegistriesImpl (Dm3MetricRegistriesImpl.java:addReporterRegistration(113)) - New reporters are added after registries were created. Some metrics will be missing from the reporter. Please add reporter before adding any new registry.
2024-03-15 21:38:54,529 [main] INFO  impl.MetricsSystemImpl (MetricsSystemImpl.java:init(158)) - HddsDatanode metrics system started (again)
2024-03-15 21:38:54,532 [91ca698e-74b5-4d15-9852-8e087478f801-DatanodeStateMachineTaskThread-0] INFO  datanode.InitDatanodeState (InitDatanodeState.java:persistContainerDatanodeDetails(139)) - DatanodeDetails is persisted to /home/runner/work/ozone/ozone/hadoop-ozone/integration-test/target/test-dir/MiniOzoneClusterImpl-3a4de177-78ca-4f6d-b60b-6b5c736a6a4e/ozone-meta/datanode-3/meta/datanode.id
2024-03-15 21:38:54,540 [main] INFO  ozone.HddsDatanodeService (HddsDatanodeService.java:start(240)) - HddsDatanodeService host:fv-az528-102.abqymjqvoexebeyq30kq3sdubb.bx.internal.cloudapp.net ip:10.1.0.11
2024-03-15 21:38:54,556 [main] INFO  upgrade.AbstractLayoutVersionManager (AbstractLayoutVersionManager.java:init(83)) - Initializing Layout version manager with metadata layout = HADOOP_PRC_PORTS_IN_DATANODEDETAILS (version = 7), software layout = HADOOP_PRC_PORTS_IN_DATANODEDETAILS (version = 7)
2024-03-15 21:38:54,557 [main] INFO  statemachine.DatanodeStateMachine (DatanodeStateMachine.java:getEndPointTaskThreadPoolSize(299)) - Datanode State Machine Task Thread Pool size 2
2024-03-15 21:38:54,558 [main] INFO  volume.HddsVolume (HddsVolume.java:<init>(125)) - Creating HddsVolume: /home/runner/work/ozone/ozone/hadoop-ozone/integration-test/target/test-dir/MiniOzoneClusterImpl-3a4de177-78ca-4f6d-b60b-6b5c736a6a4e/ozone-meta/datanode-4/data-0/hdds of storage type : DISK capacity : 9223372036854775807
2024-03-15 21:38:54,558 [main] INFO  volume.MutableVolumeSet (MutableVolumeSet.java:initializeVolumeSet(173)) - Added Volume : /home/runner/work/ozone/ozone/hadoop-ozone/integration-test/target/test-dir/MiniOzoneClusterImpl-3a4de177-78ca-4f6d-b60b-6b5c736a6a4e/ozone-meta/datanode-4/data-0/hdds to VolumeSet
2024-03-15 21:38:54,559 [main] INFO  volume.MutableVolumeSet (MutableVolumeSet.java:initializeVolumeSet(173)) - Added Volume : /home/runner/work/ozone/ozone/hadoop-ozone/integration-test/target/test-dir/MiniOzoneClusterImpl-3a4de177-78ca-4f6d-b60b-6b5c736a6a4e/ozone-meta/datanode-4/ratis to VolumeSet
2024-03-15 21:38:54,559 [main] INFO  ozoneimpl.OzoneContainer (HddsVolumeUtil.java:loadAllHddsVolumeDbStore(103)) - Load 1 volumes DbStore cost: 0ms
2024-03-15 21:38:54,561 [main] INFO  server.RaftServer (ConfUtils.java:logGet(46)) - raft.rpc.type = GRPC (default)
2024-03-15 21:38:54,561 [main] INFO  grpc.GrpcConfigKeys (ConfUtils.java:logFallback(53)) - raft.grpc.admin.host = null (fallback to raft.grpc.server.host)
2024-03-15 21:38:54,561 [main] INFO  grpc.GrpcConfigKeys (ConfUtils.java:logGet(46)) - raft.grpc.admin.port = 15129 (custom)
2024-03-15 21:38:54,562 [main] INFO  grpc.GrpcConfigKeys (ConfUtils.java:logFallback(53)) - raft.grpc.client.host = null (fallback to raft.grpc.server.host)
2024-03-15 21:38:54,562 [main] INFO  grpc.GrpcConfigKeys (ConfUtils.java:logGet(46)) - raft.grpc.client.port = 15128 (custom)
2024-03-15 21:38:54,562 [main] INFO  grpc.GrpcConfigKeys (ConfUtils.java:logGet(46)) - raft.grpc.server.host = null (default)
2024-03-15 21:38:54,562 [main] INFO  grpc.GrpcConfigKeys (ConfUtils.java:logGet(46)) - raft.grpc.server.port = 15130 (custom)
2024-03-15 21:38:54,562 [main] INFO  server.GrpcService (ConfUtils.java:logGet(46)) - raft.grpc.message.size.max = 32MB (=33554432) (custom)
2024-03-15 21:38:54,563 [main] INFO  server.RaftServerConfigKeys (ConfUtils.java:logGet(46)) - raft.server.log.appender.buffer.byte-limit = 8388608 (custom)
2024-03-15 21:38:54,563 [main] INFO  server.GrpcService (ConfUtils.java:logGet(46)) - raft.grpc.flow.control.window = 5MB (=5242880) (custom)
2024-03-15 21:38:54,563 [main] INFO  server.RaftServerConfigKeys (ConfUtils.java:logGet(46)) - raft.server.rpc.request.timeout = 3000ms (default)
2024-03-15 21:38:54,563 [main] INFO  grpc.GrpcConfigKeys (ConfUtils.java:logGet(46)) - raft.grpc.server.heartbeat.channel = true (default)
2024-03-15 21:38:54,563 [main] INFO  grpc.GrpcConfigKeys (ConfUtils.java:logGet(46)) - raft.grpc.server.async.request.thread.pool.cached = true (default)
2024-03-15 21:38:54,564 [main] INFO  grpc.GrpcConfigKeys (ConfUtils.java:logGet(46)) - raft.grpc.server.async.request.thread.pool.size = 32 (default)
2024-03-15 21:38:54,566 [main] INFO  impl.DataStreamServerImpl (ConfUtils.java:logGet(46)) - raft.datastream.type = NETTY (custom)
2024-03-15 21:38:54,566 [main] INFO  server.RaftServerConfigKeys (ConfUtils.java:logGet(46)) - raft.server.data-stream.async.request.thread.pool.cached = false (default)
2024-03-15 21:38:54,566 [main] INFO  server.RaftServerConfigKeys (ConfUtils.java:logGet(46)) - raft.server.data-stream.async.request.thread.pool.size = 20 (custom)
2024-03-15 21:38:54,566 [main] INFO  server.RaftServerConfigKeys (ConfUtils.java:logGet(46)) - raft.server.data-stream.async.write.thread.pool.size = 16 (default)
2024-03-15 21:38:54,567 [main] INFO  netty.NettyConfigKeys$DataStream (ConfUtils.java:logGet(46)) - raft.netty.dataStream.server.channel.inactive.grace-period = 10min (default)
2024-03-15 21:38:54,567 [main] INFO  server.RaftServerConfigKeys (ConfUtils.java:logGet(46)) - raft.server.data-stream.client.pool.size = 10 (default)
2024-03-15 21:38:54,567 [main] INFO  netty.NettyConfigKeys$DataStream (ConfUtils.java:logGet(46)) - raft.netty.dataStream.server.use-epoll = true (default)
2024-03-15 21:38:54,567 [main] INFO  netty.NettyConfigKeys$DataStream (ConfUtils.java:logGet(46)) - raft.netty.dataStream.server.boss-group.size = 0 (default)
2024-03-15 21:38:54,567 [main] INFO  netty.NettyUtils (NettyUtils.java:newEventLoopGroup(69)) - Create EpollEventLoopGroup for 05ef7519-d18f-4616-94d2-fdbdf5167048-NettyServerStreamRpc-bossGroup; Thread size is 0.
2024-03-15 21:38:54,568 [main] INFO  netty.NettyConfigKeys$DataStream (ConfUtils.java:logGet(46)) - raft.netty.dataStream.server.worker-group.size = 0 (default)
2024-03-15 21:38:54,568 [main] INFO  netty.NettyUtils (NettyUtils.java:newEventLoopGroup(69)) - Create EpollEventLoopGroup for 05ef7519-d18f-4616-94d2-fdbdf5167048-NettyServerStreamRpc-workerGroup; Thread size is 0.
2024-03-15 21:38:54,568 [main] INFO  netty.NettyConfigKeys$DataStream (ConfUtils.java:logGet(46)) - raft.netty.dataStream.server.tls.conf = null (default)
2024-03-15 21:38:54,569 [main] INFO  netty.NettyConfigKeys$DataStream (ConfUtils.java:logGet(46)) - raft.netty.dataStream.host = null (default)
2024-03-15 21:38:54,569 [main] INFO  netty.NettyConfigKeys$DataStream (ConfUtils.java:logGet(46)) - raft.netty.dataStream.port = 15131 (custom)
2024-03-15 21:38:54,569 [main] INFO  server.RaftServerConfigKeys (ConfUtils.java:logGet(46)) - raft.server.sleep.deviation.threshold = 300ms (default)
2024-03-15 21:38:54,570 [main] INFO  server.RaftServerConfigKeys (ConfUtils.java:logGet(46)) - raft.server.close.threshold = 60s (default)
2024-03-15 21:38:54,570 [main] INFO  server.RaftServerConfigKeys (ConfUtils.java:logGet(46)) - raft.server.leaderelection.leader.step-down.wait-time = 10s (default)
2024-03-15 21:38:54,570 [main] INFO  server.RaftServerConfigKeys (ConfUtils.java:logGet(46)) - raft.server.storage.dir = [/home/runner/work/ozone/ozone/hadoop-ozone/integration-test/target/test-dir/MiniOzoneClusterImpl-3a4de177-78ca-4f6d-b60b-6b5c736a6a4e/ozone-meta/datanode-4/ratis] (custom)
2024-03-15 21:38:54,570 [main] INFO  server.RaftServerConfigKeys (ConfUtils.java:logGet(46)) - raft.server.threadpool.proxy.cached = true (default)
2024-03-15 21:38:54,570 [main] INFO  server.RaftServerConfigKeys (ConfUtils.java:logGet(46)) - raft.server.threadpool.proxy.size = 0 (default)
2024-03-15 21:38:54,571 [05ef7519-d18f-4616-94d2-fdbdf5167048-impl-thread1] INFO  server.RaftServer (RaftServerProxy.java:initGroupDir(264)) - 05ef7519-d18f-4616-94d2-fdbdf5167048: found a subdirectory /home/runner/work/ozone/ozone/hadoop-ozone/integration-test/target/test-dir/MiniOzoneClusterImpl-3a4de177-78ca-4f6d-b60b-6b5c736a6a4e/ozone-meta/datanode-4/ratis/tmp
2024-03-15 21:38:54,571 [05ef7519-d18f-4616-94d2-fdbdf5167048-impl-thread1] INFO  server.RaftServer (RaftServerProxy.java:initGroupDir(269)) - 05ef7519-d18f-4616-94d2-fdbdf5167048: The directory /home/runner/work/ozone/ozone/hadoop-ozone/integration-test/target/test-dir/MiniOzoneClusterImpl-3a4de177-78ca-4f6d-b60b-6b5c736a6a4e/ozone-meta/datanode-4/ratis/tmp is not a group directory; ignoring it. 
2024-03-15 21:38:54,572 [main] INFO  replication.ReplicationServer (ReplicationServer.java:<init>(86)) - Initializing replication server with thread count = 10 queue length = 4096
2024-03-15 21:38:54,572 [05ef7519-d18f-4616-94d2-fdbdf5167048-NettyServerStreamRpc-bossGroup--thread1] INFO  logging.LoggingHandler (AbstractInternalLogger.java:log(148)) - [id: 0x8acef07c] REGISTERED
2024-03-15 21:38:54,573 [05ef7519-d18f-4616-94d2-fdbdf5167048-NettyServerStreamRpc-bossGroup--thread1] INFO  logging.LoggingHandler (AbstractInternalLogger.java:log(148)) - [id: 0x8acef07c] BIND: 0.0.0.0/0.0.0.0:15131
2024-03-15 21:38:54,573 [05ef7519-d18f-4616-94d2-fdbdf5167048-NettyServerStreamRpc-bossGroup--thread1] INFO  logging.LoggingHandler (AbstractInternalLogger.java:log(148)) - [id: 0x8acef07c, L:/0.0.0.0:15131] ACTIVE
2024-03-15 21:38:54,573 [main] INFO  server.XceiverServerGrpc (XceiverServerGrpc.java:<init>(141)) - GrpcServer channel type EpollServerSocketChannel
2024-03-15 21:38:54,574 [main] INFO  replication.ReplicationSupervisor (ReplicationSupervisor.java:build(163)) - Initializing replication supervisor with thread count = 10
2024-03-15 21:38:54,575 [main] INFO  replication.ReplicationSupervisor (ReplicationSupervisor.java:nodeStateUpdated(317)) - Node state updated to IN_SERVICE, scaling executor pool size to 10
2024-03-15 21:38:54,576 [main] INFO  http.BaseHttpServer (BaseHttpServer.java:newHttpServer2BuilderForOzone(223)) - Starting Web-server for hddsDatanode at: http://0.0.0.0:15125
2024-03-15 21:38:54,577 [main] INFO  http.BaseHttpServer (BaseHttpServer.java:<init>(110)) - Hadoop Security Enabled: false Ozone Security Enabled: false Ozone HTTP Security Enabled: false 
2024-03-15 21:38:54,578 [main] WARN  server.AuthenticationFilter (AuthenticationFilter.java:constructSecretProvider(240)) - Unable to initialize FileSignerSecretProvider, falling back to use random secrets. Reason: Could not read signature secret file: /home/runner/hadoop-http-auth-signature-secret
2024-03-15 21:38:54,578 [main] INFO  http.HttpRequestLog (HttpRequestLog.java:getRequestLog(86)) - Http request log for http.requests.hddsDatanode is not defined
2024-03-15 21:38:54,579 [main] INFO  http.HttpServer2 (HttpServer2.java:addGlobalFilter(1036)) - Added global filter 'safety' (class=org.apache.hadoop.hdds.server.http.HttpServer2$QuotingInputFilter)
2024-03-15 21:38:54,580 [main] INFO  http.HttpServer2 (HttpServer2.java:addFilter(1012)) - Added filter static_user_filter (class=org.apache.hadoop.http.lib.StaticUserWebFilter$StaticUserFilter) to context hddsDatanode
2024-03-15 21:38:54,580 [main] INFO  http.HttpServer2 (HttpServer2.java:addFilter(1020)) - Added filter static_user_filter (class=org.apache.hadoop.http.lib.StaticUserWebFilter$StaticUserFilter) to context logs
2024-03-15 21:38:54,580 [main] INFO  http.HttpServer2 (HttpServer2.java:addFilter(1020)) - Added filter static_user_filter (class=org.apache.hadoop.http.lib.StaticUserWebFilter$StaticUserFilter) to context static
2024-03-15 21:38:54,581 [main] INFO  http.BaseHttpServer (BaseHttpServer.java:<init>(189)) - HTTP server of hddsDatanode uses base directory /home/runner/work/ozone/ozone/hadoop-ozone/integration-test/target/test-dir/MiniOzoneClusterImpl-3a4de177-78ca-4f6d-b60b-6b5c736a6a4e/ozone-meta/datanode-4/meta/webserver
2024-03-15 21:38:54,583 [main] INFO  http.HttpServer2 (HttpServer2.java:bindListener(1236)) - Jetty bound to port 15125
2024-03-15 21:38:54,583 [main] INFO  server.Server (Server.java:doStart(375)) - jetty-9.4.53.v20231009; built: 2023-10-09T12:29:09.265Z; git: 27bde00a0b95a1d5bbee0eae7984f891d2d0f8c9; jvm 1.8.0_402-b06
2024-03-15 21:38:54,590 [main] INFO  server.session (DefaultSessionIdManager.java:doStart(334)) - DefaultSessionIdManager workerName=node0
2024-03-15 21:38:54,590 [main] INFO  server.session (DefaultSessionIdManager.java:doStart(339)) - No SessionScavenger set, using defaults
2024-03-15 21:38:54,590 [main] INFO  server.session (HouseKeeper.java:startScavenging(132)) - node0 Scavenging every 660000ms
2024-03-15 21:38:54,591 [main] INFO  handler.ContextHandler (ContextHandler.java:doStart(921)) - Started o.e.j.s.ServletContextHandler@d8d746c{logs,/logs,file:///home/runner/work/ozone/ozone/hadoop-ozone/integration-test/target/log,AVAILABLE}
2024-03-15 21:38:54,591 [main] INFO  handler.ContextHandler (ContextHandler.java:doStart(921)) - Started o.e.j.s.ServletContextHandler@49830d67{static,/static,jar:file:/home/runner/.m2/repository/org/apache/ozone/hdds-container-service/1.5.0-SNAPSHOT/hdds-container-service-1.5.0-SNAPSHOT.jar!/webapps/static,AVAILABLE}
2024-03-15 21:38:54,628 [main] INFO  handler.ContextHandler (ContextHandler.java:doStart(921)) - Started o.e.j.w.WebAppContext@7a177ead{hddsDatanode,/,file:///home/runner/work/ozone/ozone/hadoop-ozone/integration-test/target/test-dir/MiniOzoneClusterImpl-3a4de177-78ca-4f6d-b60b-6b5c736a6a4e/ozone-meta/datanode-4/meta/webserver/jetty-0_0_0_0-15125-hdds-container-service-1_5_0-SNAPSHOT_jar-_-any-3061655948978094676/webapp/,AVAILABLE}{jar:file:/home/runner/.m2/repository/org/apache/ozone/hdds-container-service/1.5.0-SNAPSHOT/hdds-container-service-1.5.0-SNAPSHOT.jar!/webapps/hddsDatanode}
2024-03-15 21:38:54,630 [main] INFO  server.AbstractConnector (AbstractConnector.java:doStart(333)) - Started ServerConnector@6b3ccd93{HTTP/1.1, (http/1.1)}{0.0.0.0:15125}
2024-03-15 21:38:54,630 [main] INFO  server.Server (Server.java:doStart(415)) - Started @50694ms
2024-03-15 21:38:54,630 [main] WARN  impl.MetricsSystemImpl (MetricsSystemImpl.java:register(279)) - Sink prometheus already exists!
2024-03-15 21:38:54,631 [main] INFO  http.BaseHttpServer (BaseHttpServer.java:updateConnectorAddress(354)) - HTTP server of hddsDatanode listening at http://0.0.0.0:15125
2024-03-15 21:38:54,631 [main] INFO  ipc.CallQueueManager (CallQueueManager.java:<init>(90)) - Using callQueue: class java.util.concurrent.LinkedBlockingQueue, queueCapacity: 100, scheduler: class org.apache.hadoop.ipc.DefaultRpcScheduler, ipcBackoff: false.
2024-03-15 21:38:54,631 [main] INFO  ipc.Server (Server.java:<init>(1287)) - Listener at 0.0.0.0:15126
2024-03-15 21:38:54,632 [Socket Reader #1 for port 15126] INFO  ipc.Server (Server.java:run(1323)) - Starting Socket Reader #1 for port 15126
2024-03-15 21:38:54,633 [main] INFO  ozone.HddsDatanodeService (HddsDatanodeService.java:start(327)) - Datanode start with admins: [runner]
2024-03-15 21:38:54,634 [main] INFO  ozone.HddsDatanodeClientProtocolServer (HddsDatanodeClientProtocolServer.java:start(77)) - RPC server for Client /0.0.0.0:15126
2024-03-15 21:38:54,634 [IPC Server Responder] INFO  ipc.Server (Server.java:run(1562)) - IPC Server Responder: starting
2024-03-15 21:38:54,634 [IPC Server listener on 15126] INFO  ipc.Server (Server.java:run(1402)) - IPC Server listener on 15126: starting
2024-03-15 21:38:54,641 [05ef7519-d18f-4616-94d2-fdbdf5167048-DatanodeStateMachineDaemonThread] INFO  statemachine.DatanodeStateMachine (DatanodeStateMachine.java:lambda$startDaemon$1(555)) - Ozone container server started.
2024-03-15 21:38:54,645 [main] WARN  dropwizard3.Dm3MetricRegistriesImpl (Dm3MetricRegistriesImpl.java:addReporterRegistration(113)) - New reporters are added after registries were created. Some metrics will be missing from the reporter. Please add reporter before adding any new registry.
2024-03-15 21:38:54,645 [main] WARN  dropwizard3.Dm3MetricRegistriesImpl (Dm3MetricRegistriesImpl.java:addReporterRegistration(113)) - New reporters are added after registries were created. Some metrics will be missing from the reporter. Please add reporter before adding any new registry.
2024-03-15 21:38:54,645 [main] INFO  impl.MetricsSystemImpl (MetricsSystemImpl.java:init(158)) - HddsDatanode metrics system started (again)
2024-03-15 21:38:54,648 [05ef7519-d18f-4616-94d2-fdbdf5167048-DatanodeStateMachineTaskThread-0] INFO  datanode.InitDatanodeState (InitDatanodeState.java:persistContainerDatanodeDetails(139)) - DatanodeDetails is persisted to /home/runner/work/ozone/ozone/hadoop-ozone/integration-test/target/test-dir/MiniOzoneClusterImpl-3a4de177-78ca-4f6d-b60b-6b5c736a6a4e/ozone-meta/datanode-4/meta/datanode.id
2024-03-15 21:38:54,655 [main] INFO  ozone.HddsDatanodeService (HddsDatanodeService.java:start(240)) - HddsDatanodeService host:fv-az528-102.abqymjqvoexebeyq30kq3sdubb.bx.internal.cloudapp.net ip:10.1.0.11
2024-03-15 21:38:54,675 [main] INFO  upgrade.AbstractLayoutVersionManager (AbstractLayoutVersionManager.java:init(83)) - Initializing Layout version manager with metadata layout = HADOOP_PRC_PORTS_IN_DATANODEDETAILS (version = 7), software layout = HADOOP_PRC_PORTS_IN_DATANODEDETAILS (version = 7)
2024-03-15 21:38:54,676 [main] INFO  statemachine.DatanodeStateMachine (DatanodeStateMachine.java:getEndPointTaskThreadPoolSize(299)) - Datanode State Machine Task Thread Pool size 2
2024-03-15 21:38:54,677 [main] INFO  volume.HddsVolume (HddsVolume.java:<init>(125)) - Creating HddsVolume: /home/runner/work/ozone/ozone/hadoop-ozone/integration-test/target/test-dir/MiniOzoneClusterImpl-3a4de177-78ca-4f6d-b60b-6b5c736a6a4e/ozone-meta/datanode-5/data-0/hdds of storage type : DISK capacity : 9223372036854775807
2024-03-15 21:38:54,678 [main] INFO  volume.MutableVolumeSet (MutableVolumeSet.java:initializeVolumeSet(173)) - Added Volume : /home/runner/work/ozone/ozone/hadoop-ozone/integration-test/target/test-dir/MiniOzoneClusterImpl-3a4de177-78ca-4f6d-b60b-6b5c736a6a4e/ozone-meta/datanode-5/data-0/hdds to VolumeSet
2024-03-15 21:38:54,678 [main] INFO  volume.MutableVolumeSet (MutableVolumeSet.java:initializeVolumeSet(173)) - Added Volume : /home/runner/work/ozone/ozone/hadoop-ozone/integration-test/target/test-dir/MiniOzoneClusterImpl-3a4de177-78ca-4f6d-b60b-6b5c736a6a4e/ozone-meta/datanode-5/ratis to VolumeSet
2024-03-15 21:38:54,679 [main] INFO  ozoneimpl.OzoneContainer (HddsVolumeUtil.java:loadAllHddsVolumeDbStore(103)) - Load 1 volumes DbStore cost: 1ms
2024-03-15 21:38:54,681 [main] INFO  server.RaftServer (ConfUtils.java:logGet(46)) - raft.rpc.type = GRPC (default)
2024-03-15 21:38:54,681 [main] INFO  grpc.GrpcConfigKeys (ConfUtils.java:logFallback(53)) - raft.grpc.admin.host = null (fallback to raft.grpc.server.host)
2024-03-15 21:38:54,681 [main] INFO  grpc.GrpcConfigKeys (ConfUtils.java:logGet(46)) - raft.grpc.admin.port = 15138 (custom)
2024-03-15 21:38:54,681 [main] INFO  grpc.GrpcConfigKeys (ConfUtils.java:logFallback(53)) - raft.grpc.client.host = null (fallback to raft.grpc.server.host)
2024-03-15 21:38:54,681 [main] INFO  grpc.GrpcConfigKeys (ConfUtils.java:logGet(46)) - raft.grpc.client.port = 15137 (custom)
2024-03-15 21:38:54,681 [main] INFO  grpc.GrpcConfigKeys (ConfUtils.java:logGet(46)) - raft.grpc.server.host = null (default)
2024-03-15 21:38:54,682 [main] INFO  grpc.GrpcConfigKeys (ConfUtils.java:logGet(46)) - raft.grpc.server.port = 15139 (custom)
2024-03-15 21:38:54,682 [main] INFO  server.GrpcService (ConfUtils.java:logGet(46)) - raft.grpc.message.size.max = 32MB (=33554432) (custom)
2024-03-15 21:38:54,682 [main] INFO  server.RaftServerConfigKeys (ConfUtils.java:logGet(46)) - raft.server.log.appender.buffer.byte-limit = 8388608 (custom)
2024-03-15 21:38:54,682 [main] INFO  server.GrpcService (ConfUtils.java:logGet(46)) - raft.grpc.flow.control.window = 5MB (=5242880) (custom)
2024-03-15 21:38:54,682 [main] INFO  server.RaftServerConfigKeys (ConfUtils.java:logGet(46)) - raft.server.rpc.request.timeout = 3000ms (default)
2024-03-15 21:38:54,682 [main] INFO  grpc.GrpcConfigKeys (ConfUtils.java:logGet(46)) - raft.grpc.server.heartbeat.channel = true (default)
2024-03-15 21:38:54,682 [main] INFO  grpc.GrpcConfigKeys (ConfUtils.java:logGet(46)) - raft.grpc.server.async.request.thread.pool.cached = true (default)
2024-03-15 21:38:54,683 [main] INFO  grpc.GrpcConfigKeys (ConfUtils.java:logGet(46)) - raft.grpc.server.async.request.thread.pool.size = 32 (default)
2024-03-15 21:38:54,686 [main] INFO  impl.DataStreamServerImpl (ConfUtils.java:logGet(46)) - raft.datastream.type = NETTY (custom)
2024-03-15 21:38:54,686 [main] INFO  server.RaftServerConfigKeys (ConfUtils.java:logGet(46)) - raft.server.data-stream.async.request.thread.pool.cached = false (default)
2024-03-15 21:38:54,686 [main] INFO  server.RaftServerConfigKeys (ConfUtils.java:logGet(46)) - raft.server.data-stream.async.request.thread.pool.size = 20 (custom)
2024-03-15 21:38:54,687 [main] INFO  server.RaftServerConfigKeys (ConfUtils.java:logGet(46)) - raft.server.data-stream.async.write.thread.pool.size = 16 (default)
2024-03-15 21:38:54,687 [main] INFO  netty.NettyConfigKeys$DataStream (ConfUtils.java:logGet(46)) - raft.netty.dataStream.server.channel.inactive.grace-period = 10min (default)
2024-03-15 21:38:54,687 [main] INFO  server.RaftServerConfigKeys (ConfUtils.java:logGet(46)) - raft.server.data-stream.client.pool.size = 10 (default)
2024-03-15 21:38:54,687 [main] INFO  netty.NettyConfigKeys$DataStream (ConfUtils.java:logGet(46)) - raft.netty.dataStream.server.use-epoll = true (default)
2024-03-15 21:38:54,688 [main] INFO  netty.NettyConfigKeys$DataStream (ConfUtils.java:logGet(46)) - raft.netty.dataStream.server.boss-group.size = 0 (default)
2024-03-15 21:38:54,688 [main] INFO  netty.NettyUtils (NettyUtils.java:newEventLoopGroup(69)) - Create EpollEventLoopGroup for bf6310f0-ec4f-414e-a975-974a715da885-NettyServerStreamRpc-bossGroup; Thread size is 0.
2024-03-15 21:38:54,688 [main] INFO  netty.NettyConfigKeys$DataStream (ConfUtils.java:logGet(46)) - raft.netty.dataStream.server.worker-group.size = 0 (default)
2024-03-15 21:38:54,688 [main] INFO  netty.NettyUtils (NettyUtils.java:newEventLoopGroup(69)) - Create EpollEventLoopGroup for bf6310f0-ec4f-414e-a975-974a715da885-NettyServerStreamRpc-workerGroup; Thread size is 0.
2024-03-15 21:38:54,689 [main] INFO  netty.NettyConfigKeys$DataStream (ConfUtils.java:logGet(46)) - raft.netty.dataStream.server.tls.conf = null (default)
2024-03-15 21:38:54,689 [main] INFO  netty.NettyConfigKeys$DataStream (ConfUtils.java:logGet(46)) - raft.netty.dataStream.host = null (default)
2024-03-15 21:38:54,689 [main] INFO  netty.NettyConfigKeys$DataStream (ConfUtils.java:logGet(46)) - raft.netty.dataStream.port = 15140 (custom)
2024-03-15 21:38:54,690 [main] INFO  server.RaftServerConfigKeys (ConfUtils.java:logGet(46)) - raft.server.sleep.deviation.threshold = 300ms (default)
2024-03-15 21:38:54,716 [main] INFO  server.RaftServerConfigKeys (ConfUtils.java:logGet(46)) - raft.server.close.threshold = 60s (default)
2024-03-15 21:38:54,717 [main] INFO  server.RaftServerConfigKeys (ConfUtils.java:logGet(46)) - raft.server.leaderelection.leader.step-down.wait-time = 10s (default)
2024-03-15 21:38:54,717 [main] INFO  server.RaftServerConfigKeys (ConfUtils.java:logGet(46)) - raft.server.storage.dir = [/home/runner/work/ozone/ozone/hadoop-ozone/integration-test/target/test-dir/MiniOzoneClusterImpl-3a4de177-78ca-4f6d-b60b-6b5c736a6a4e/ozone-meta/datanode-5/ratis] (custom)
2024-03-15 21:38:54,717 [main] INFO  server.RaftServerConfigKeys (ConfUtils.java:logGet(46)) - raft.server.threadpool.proxy.cached = true (default)
2024-03-15 21:38:54,717 [main] INFO  server.RaftServerConfigKeys (ConfUtils.java:logGet(46)) - raft.server.threadpool.proxy.size = 0 (default)
2024-03-15 21:38:54,715 [bf6310f0-ec4f-414e-a975-974a715da885-NettyServerStreamRpc-bossGroup--thread1] INFO  logging.LoggingHandler (AbstractInternalLogger.java:log(148)) - [id: 0x72e65e9a] REGISTERED
2024-03-15 21:38:54,718 [bf6310f0-ec4f-414e-a975-974a715da885-NettyServerStreamRpc-bossGroup--thread1] INFO  logging.LoggingHandler (AbstractInternalLogger.java:log(148)) - [id: 0x72e65e9a] BIND: 0.0.0.0/0.0.0.0:15140
2024-03-15 21:38:54,718 [bf6310f0-ec4f-414e-a975-974a715da885-NettyServerStreamRpc-bossGroup--thread1] INFO  logging.LoggingHandler (AbstractInternalLogger.java:log(148)) - [id: 0x72e65e9a, L:/0.0.0.0:15140] ACTIVE
2024-03-15 21:38:54,719 [bf6310f0-ec4f-414e-a975-974a715da885-impl-thread1] INFO  server.RaftServer (RaftServerProxy.java:initGroupDir(264)) - bf6310f0-ec4f-414e-a975-974a715da885: found a subdirectory /home/runner/work/ozone/ozone/hadoop-ozone/integration-test/target/test-dir/MiniOzoneClusterImpl-3a4de177-78ca-4f6d-b60b-6b5c736a6a4e/ozone-meta/datanode-5/ratis/tmp
2024-03-15 21:38:54,720 [bf6310f0-ec4f-414e-a975-974a715da885-impl-thread1] INFO  server.RaftServer (RaftServerProxy.java:initGroupDir(269)) - bf6310f0-ec4f-414e-a975-974a715da885: The directory /home/runner/work/ozone/ozone/hadoop-ozone/integration-test/target/test-dir/MiniOzoneClusterImpl-3a4de177-78ca-4f6d-b60b-6b5c736a6a4e/ozone-meta/datanode-5/ratis/tmp is not a group directory; ignoring it. 
2024-03-15 21:38:54,720 [main] INFO  replication.ReplicationServer (ReplicationServer.java:<init>(86)) - Initializing replication server with thread count = 10 queue length = 4096
2024-03-15 21:38:54,722 [main] INFO  server.XceiverServerGrpc (XceiverServerGrpc.java:<init>(141)) - GrpcServer channel type EpollServerSocketChannel
2024-03-15 21:38:54,729 [main] INFO  replication.ReplicationSupervisor (ReplicationSupervisor.java:build(163)) - Initializing replication supervisor with thread count = 10
2024-03-15 21:38:54,729 [main] INFO  replication.ReplicationSupervisor (ReplicationSupervisor.java:nodeStateUpdated(317)) - Node state updated to IN_SERVICE, scaling executor pool size to 10
2024-03-15 21:38:54,734 [main] INFO  http.BaseHttpServer (BaseHttpServer.java:newHttpServer2BuilderForOzone(223)) - Starting Web-server for hddsDatanode at: http://0.0.0.0:15134
2024-03-15 21:38:54,734 [main] INFO  http.BaseHttpServer (BaseHttpServer.java:<init>(110)) - Hadoop Security Enabled: false Ozone Security Enabled: false Ozone HTTP Security Enabled: false 
2024-03-15 21:38:54,735 [main] WARN  server.AuthenticationFilter (AuthenticationFilter.java:constructSecretProvider(240)) - Unable to initialize FileSignerSecretProvider, falling back to use random secrets. Reason: Could not read signature secret file: /home/runner/hadoop-http-auth-signature-secret
2024-03-15 21:38:54,737 [main] INFO  http.HttpRequestLog (HttpRequestLog.java:getRequestLog(86)) - Http request log for http.requests.hddsDatanode is not defined
2024-03-15 21:38:54,738 [main] INFO  http.HttpServer2 (HttpServer2.java:addGlobalFilter(1036)) - Added global filter 'safety' (class=org.apache.hadoop.hdds.server.http.HttpServer2$QuotingInputFilter)
2024-03-15 21:38:54,739 [main] INFO  http.HttpServer2 (HttpServer2.java:addFilter(1012)) - Added filter static_user_filter (class=org.apache.hadoop.http.lib.StaticUserWebFilter$StaticUserFilter) to context hddsDatanode
2024-03-15 21:38:54,739 [main] INFO  http.HttpServer2 (HttpServer2.java:addFilter(1020)) - Added filter static_user_filter (class=org.apache.hadoop.http.lib.StaticUserWebFilter$StaticUserFilter) to context static
2024-03-15 21:38:54,739 [main] INFO  http.HttpServer2 (HttpServer2.java:addFilter(1020)) - Added filter static_user_filter (class=org.apache.hadoop.http.lib.StaticUserWebFilter$StaticUserFilter) to context logs
2024-03-15 21:38:54,740 [main] INFO  http.BaseHttpServer (BaseHttpServer.java:<init>(189)) - HTTP server of hddsDatanode uses base directory /home/runner/work/ozone/ozone/hadoop-ozone/integration-test/target/test-dir/MiniOzoneClusterImpl-3a4de177-78ca-4f6d-b60b-6b5c736a6a4e/ozone-meta/datanode-5/meta/webserver
2024-03-15 21:38:54,740 [main] INFO  http.HttpServer2 (HttpServer2.java:bindListener(1236)) - Jetty bound to port 15134
2024-03-15 21:38:54,740 [main] INFO  server.Server (Server.java:doStart(375)) - jetty-9.4.53.v20231009; built: 2023-10-09T12:29:09.265Z; git: 27bde00a0b95a1d5bbee0eae7984f891d2d0f8c9; jvm 1.8.0_402-b06
2024-03-15 21:38:54,743 [main] INFO  server.session (DefaultSessionIdManager.java:doStart(334)) - DefaultSessionIdManager workerName=node0
2024-03-15 21:38:54,744 [main] INFO  server.session (DefaultSessionIdManager.java:doStart(339)) - No SessionScavenger set, using defaults
2024-03-15 21:38:54,744 [main] INFO  server.session (HouseKeeper.java:startScavenging(132)) - node0 Scavenging every 660000ms
2024-03-15 21:38:54,745 [main] INFO  handler.ContextHandler (ContextHandler.java:doStart(921)) - Started o.e.j.s.ServletContextHandler@64da162d{logs,/logs,file:///home/runner/work/ozone/ozone/hadoop-ozone/integration-test/target/log,AVAILABLE}
2024-03-15 21:38:54,745 [main] INFO  handler.ContextHandler (ContextHandler.java:doStart(921)) - Started o.e.j.s.ServletContextHandler@822db97{static,/static,jar:file:/home/runner/.m2/repository/org/apache/ozone/hdds-container-service/1.5.0-SNAPSHOT/hdds-container-service-1.5.0-SNAPSHOT.jar!/webapps/static,AVAILABLE}
2024-03-15 21:38:54,792 [main] INFO  handler.ContextHandler (ContextHandler.java:doStart(921)) - Started o.e.j.w.WebAppContext@6d73caea{hddsDatanode,/,file:///home/runner/work/ozone/ozone/hadoop-ozone/integration-test/target/test-dir/MiniOzoneClusterImpl-3a4de177-78ca-4f6d-b60b-6b5c736a6a4e/ozone-meta/datanode-5/meta/webserver/jetty-0_0_0_0-15134-hdds-container-service-1_5_0-SNAPSHOT_jar-_-any-4957699285920045741/webapp/,AVAILABLE}{jar:file:/home/runner/.m2/repository/org/apache/ozone/hdds-container-service/1.5.0-SNAPSHOT/hdds-container-service-1.5.0-SNAPSHOT.jar!/webapps/hddsDatanode}
2024-03-15 21:38:54,794 [main] INFO  server.AbstractConnector (AbstractConnector.java:doStart(333)) - Started ServerConnector@6f360d61{HTTP/1.1, (http/1.1)}{0.0.0.0:15134}
2024-03-15 21:38:54,795 [main] INFO  server.Server (Server.java:doStart(415)) - Started @50858ms
2024-03-15 21:38:54,795 [main] WARN  impl.MetricsSystemImpl (MetricsSystemImpl.java:register(279)) - Sink prometheus already exists!
2024-03-15 21:38:54,795 [main] INFO  http.BaseHttpServer (BaseHttpServer.java:updateConnectorAddress(354)) - HTTP server of hddsDatanode listening at http://0.0.0.0:15134
2024-03-15 21:38:54,796 [main] INFO  ipc.CallQueueManager (CallQueueManager.java:<init>(90)) - Using callQueue: class java.util.concurrent.LinkedBlockingQueue, queueCapacity: 100, scheduler: class org.apache.hadoop.ipc.DefaultRpcScheduler, ipcBackoff: false.
2024-03-15 21:38:54,796 [main] INFO  ipc.Server (Server.java:<init>(1287)) - Listener at 0.0.0.0:15135
2024-03-15 21:38:54,798 [Socket Reader #1 for port 15135] INFO  ipc.Server (Server.java:run(1323)) - Starting Socket Reader #1 for port 15135
2024-03-15 21:38:54,803 [main] INFO  ozone.HddsDatanodeService (HddsDatanodeService.java:start(327)) - Datanode start with admins: [runner]
2024-03-15 21:38:54,803 [main] INFO  ozone.HddsDatanodeClientProtocolServer (HddsDatanodeClientProtocolServer.java:start(77)) - RPC server for Client /0.0.0.0:15135
2024-03-15 21:38:54,803 [IPC Server Responder] INFO  ipc.Server (Server.java:run(1562)) - IPC Server Responder: starting
2024-03-15 21:38:54,805 [IPC Server listener on 15135] INFO  ipc.Server (Server.java:run(1402)) - IPC Server listener on 15135: starting
2024-03-15 21:38:54,816 [bf6310f0-ec4f-414e-a975-974a715da885-DatanodeStateMachineDaemonThread] INFO  statemachine.DatanodeStateMachine (DatanodeStateMachine.java:lambda$startDaemon$1(555)) - Ozone container server started.
2024-03-15 21:38:54,816 [main] WARN  dropwizard3.Dm3MetricRegistriesImpl (Dm3MetricRegistriesImpl.java:addReporterRegistration(113)) - New reporters are added after registries were created. Some metrics will be missing from the reporter. Please add reporter before adding any new registry.
2024-03-15 21:38:54,818 [main] WARN  dropwizard3.Dm3MetricRegistriesImpl (Dm3MetricRegistriesImpl.java:addReporterRegistration(113)) - New reporters are added after registries were created. Some metrics will be missing from the reporter. Please add reporter before adding any new registry.
2024-03-15 21:38:54,818 [main] INFO  impl.MetricsSystemImpl (MetricsSystemImpl.java:init(158)) - HddsDatanode metrics system started (again)
2024-03-15 21:38:54,823 [bf6310f0-ec4f-414e-a975-974a715da885-DatanodeStateMachineTaskThread-0] INFO  datanode.InitDatanodeState (InitDatanodeState.java:persistContainerDatanodeDetails(139)) - DatanodeDetails is persisted to /home/runner/work/ozone/ozone/hadoop-ozone/integration-test/target/test-dir/MiniOzoneClusterImpl-3a4de177-78ca-4f6d-b60b-6b5c736a6a4e/ozone-meta/datanode-5/meta/datanode.id
2024-03-15 21:38:54,840 [main] INFO  ozone.HddsDatanodeService (HddsDatanodeService.java:start(240)) - HddsDatanodeService host:fv-az528-102.abqymjqvoexebeyq30kq3sdubb.bx.internal.cloudapp.net ip:10.1.0.11
2024-03-15 21:38:54,861 [main] INFO  upgrade.AbstractLayoutVersionManager (AbstractLayoutVersionManager.java:init(83)) - Initializing Layout version manager with metadata layout = HADOOP_PRC_PORTS_IN_DATANODEDETAILS (version = 7), software layout = HADOOP_PRC_PORTS_IN_DATANODEDETAILS (version = 7)
2024-03-15 21:38:54,862 [main] INFO  statemachine.DatanodeStateMachine (DatanodeStateMachine.java:getEndPointTaskThreadPoolSize(299)) - Datanode State Machine Task Thread Pool size 2
2024-03-15 21:38:54,863 [main] INFO  volume.HddsVolume (HddsVolume.java:<init>(125)) - Creating HddsVolume: /home/runner/work/ozone/ozone/hadoop-ozone/integration-test/target/test-dir/MiniOzoneClusterImpl-3a4de177-78ca-4f6d-b60b-6b5c736a6a4e/ozone-meta/datanode-6/data-0/hdds of storage type : DISK capacity : 9223372036854775807
2024-03-15 21:38:54,863 [main] INFO  volume.MutableVolumeSet (MutableVolumeSet.java:initializeVolumeSet(173)) - Added Volume : /home/runner/work/ozone/ozone/hadoop-ozone/integration-test/target/test-dir/MiniOzoneClusterImpl-3a4de177-78ca-4f6d-b60b-6b5c736a6a4e/ozone-meta/datanode-6/data-0/hdds to VolumeSet
2024-03-15 21:38:54,864 [main] INFO  volume.MutableVolumeSet (MutableVolumeSet.java:initializeVolumeSet(173)) - Added Volume : /home/runner/work/ozone/ozone/hadoop-ozone/integration-test/target/test-dir/MiniOzoneClusterImpl-3a4de177-78ca-4f6d-b60b-6b5c736a6a4e/ozone-meta/datanode-6/ratis to VolumeSet
2024-03-15 21:38:54,864 [main] INFO  ozoneimpl.OzoneContainer (HddsVolumeUtil.java:loadAllHddsVolumeDbStore(103)) - Load 1 volumes DbStore cost: 0ms
2024-03-15 21:38:54,866 [main] INFO  server.RaftServer (ConfUtils.java:logGet(46)) - raft.rpc.type = GRPC (default)
2024-03-15 21:38:54,866 [main] INFO  grpc.GrpcConfigKeys (ConfUtils.java:logFallback(53)) - raft.grpc.admin.host = null (fallback to raft.grpc.server.host)
2024-03-15 21:38:54,866 [main] INFO  grpc.GrpcConfigKeys (ConfUtils.java:logGet(46)) - raft.grpc.admin.port = 15147 (custom)
2024-03-15 21:38:54,867 [main] INFO  grpc.GrpcConfigKeys (ConfUtils.java:logFallback(53)) - raft.grpc.client.host = null (fallback to raft.grpc.server.host)
2024-03-15 21:38:54,867 [main] INFO  grpc.GrpcConfigKeys (ConfUtils.java:logGet(46)) - raft.grpc.client.port = 15146 (custom)
2024-03-15 21:38:54,867 [main] INFO  grpc.GrpcConfigKeys (ConfUtils.java:logGet(46)) - raft.grpc.server.host = null (default)
2024-03-15 21:38:54,867 [main] INFO  grpc.GrpcConfigKeys (ConfUtils.java:logGet(46)) - raft.grpc.server.port = 15148 (custom)
2024-03-15 21:38:54,867 [main] INFO  server.GrpcService (ConfUtils.java:logGet(46)) - raft.grpc.message.size.max = 32MB (=33554432) (custom)
2024-03-15 21:38:54,868 [main] INFO  server.RaftServerConfigKeys (ConfUtils.java:logGet(46)) - raft.server.log.appender.buffer.byte-limit = 8388608 (custom)
2024-03-15 21:38:54,868 [main] INFO  server.GrpcService (ConfUtils.java:logGet(46)) - raft.grpc.flow.control.window = 5MB (=5242880) (custom)
2024-03-15 21:38:54,868 [main] INFO  server.RaftServerConfigKeys (ConfUtils.java:logGet(46)) - raft.server.rpc.request.timeout = 3000ms (default)
2024-03-15 21:38:54,868 [main] INFO  grpc.GrpcConfigKeys (ConfUtils.java:logGet(46)) - raft.grpc.server.heartbeat.channel = true (default)
2024-03-15 21:38:54,868 [main] INFO  grpc.GrpcConfigKeys (ConfUtils.java:logGet(46)) - raft.grpc.server.async.request.thread.pool.cached = true (default)
2024-03-15 21:38:54,869 [main] INFO  grpc.GrpcConfigKeys (ConfUtils.java:logGet(46)) - raft.grpc.server.async.request.thread.pool.size = 32 (default)
2024-03-15 21:38:54,871 [main] INFO  impl.DataStreamServerImpl (ConfUtils.java:logGet(46)) - raft.datastream.type = NETTY (custom)
2024-03-15 21:38:54,871 [main] INFO  server.RaftServerConfigKeys (ConfUtils.java:logGet(46)) - raft.server.data-stream.async.request.thread.pool.cached = false (default)
2024-03-15 21:38:54,871 [main] INFO  server.RaftServerConfigKeys (ConfUtils.java:logGet(46)) - raft.server.data-stream.async.request.thread.pool.size = 20 (custom)
2024-03-15 21:38:54,871 [main] INFO  server.RaftServerConfigKeys (ConfUtils.java:logGet(46)) - raft.server.data-stream.async.write.thread.pool.size = 16 (default)
2024-03-15 21:38:54,871 [main] INFO  netty.NettyConfigKeys$DataStream (ConfUtils.java:logGet(46)) - raft.netty.dataStream.server.channel.inactive.grace-period = 10min (default)
2024-03-15 21:38:54,872 [main] INFO  server.RaftServerConfigKeys (ConfUtils.java:logGet(46)) - raft.server.data-stream.client.pool.size = 10 (default)
2024-03-15 21:38:54,872 [main] INFO  netty.NettyConfigKeys$DataStream (ConfUtils.java:logGet(46)) - raft.netty.dataStream.server.use-epoll = true (default)
2024-03-15 21:38:54,872 [main] INFO  netty.NettyConfigKeys$DataStream (ConfUtils.java:logGet(46)) - raft.netty.dataStream.server.boss-group.size = 0 (default)
2024-03-15 21:38:54,872 [main] INFO  netty.NettyUtils (NettyUtils.java:newEventLoopGroup(69)) - Create EpollEventLoopGroup for 455def2e-61ff-4e49-9c6f-295594c4a0b8-NettyServerStreamRpc-bossGroup; Thread size is 0.
2024-03-15 21:38:54,873 [main] INFO  netty.NettyConfigKeys$DataStream (ConfUtils.java:logGet(46)) - raft.netty.dataStream.server.worker-group.size = 0 (default)
2024-03-15 21:38:54,873 [main] INFO  netty.NettyUtils (NettyUtils.java:newEventLoopGroup(69)) - Create EpollEventLoopGroup for 455def2e-61ff-4e49-9c6f-295594c4a0b8-NettyServerStreamRpc-workerGroup; Thread size is 0.
2024-03-15 21:38:54,873 [main] INFO  netty.NettyConfigKeys$DataStream (ConfUtils.java:logGet(46)) - raft.netty.dataStream.server.tls.conf = null (default)
2024-03-15 21:38:54,874 [main] INFO  netty.NettyConfigKeys$DataStream (ConfUtils.java:logGet(46)) - raft.netty.dataStream.host = null (default)
2024-03-15 21:38:54,874 [main] INFO  netty.NettyConfigKeys$DataStream (ConfUtils.java:logGet(46)) - raft.netty.dataStream.port = 15149 (custom)
2024-03-15 21:38:54,874 [main] INFO  server.RaftServerConfigKeys (ConfUtils.java:logGet(46)) - raft.server.sleep.deviation.threshold = 300ms (default)
2024-03-15 21:38:54,875 [main] INFO  server.RaftServerConfigKeys (ConfUtils.java:logGet(46)) - raft.server.close.threshold = 60s (default)
2024-03-15 21:38:54,875 [main] INFO  server.RaftServerConfigKeys (ConfUtils.java:logGet(46)) - raft.server.leaderelection.leader.step-down.wait-time = 10s (default)
2024-03-15 21:38:54,875 [main] INFO  server.RaftServerConfigKeys (ConfUtils.java:logGet(46)) - raft.server.storage.dir = [/home/runner/work/ozone/ozone/hadoop-ozone/integration-test/target/test-dir/MiniOzoneClusterImpl-3a4de177-78ca-4f6d-b60b-6b5c736a6a4e/ozone-meta/datanode-6/ratis] (custom)
2024-03-15 21:38:54,875 [main] INFO  server.RaftServerConfigKeys (ConfUtils.java:logGet(46)) - raft.server.threadpool.proxy.cached = true (default)
2024-03-15 21:38:54,875 [main] INFO  server.RaftServerConfigKeys (ConfUtils.java:logGet(46)) - raft.server.threadpool.proxy.size = 0 (default)
2024-03-15 21:38:54,876 [455def2e-61ff-4e49-9c6f-295594c4a0b8-NettyServerStreamRpc-bossGroup--thread1] INFO  logging.LoggingHandler (AbstractInternalLogger.java:log(148)) - [id: 0x7a40e7a9] REGISTERED
2024-03-15 21:38:54,876 [455def2e-61ff-4e49-9c6f-295594c4a0b8-NettyServerStreamRpc-bossGroup--thread1] INFO  logging.LoggingHandler (AbstractInternalLogger.java:log(148)) - [id: 0x7a40e7a9] BIND: 0.0.0.0/0.0.0.0:15149
2024-03-15 21:38:54,877 [455def2e-61ff-4e49-9c6f-295594c4a0b8-NettyServerStreamRpc-bossGroup--thread1] INFO  logging.LoggingHandler (AbstractInternalLogger.java:log(148)) - [id: 0x7a40e7a9, L:/0.0.0.0:15149] ACTIVE
2024-03-15 21:38:54,877 [455def2e-61ff-4e49-9c6f-295594c4a0b8-impl-thread1] INFO  server.RaftServer (RaftServerProxy.java:initGroupDir(264)) - 455def2e-61ff-4e49-9c6f-295594c4a0b8: found a subdirectory /home/runner/work/ozone/ozone/hadoop-ozone/integration-test/target/test-dir/MiniOzoneClusterImpl-3a4de177-78ca-4f6d-b60b-6b5c736a6a4e/ozone-meta/datanode-6/ratis/tmp
2024-03-15 21:38:54,877 [455def2e-61ff-4e49-9c6f-295594c4a0b8-impl-thread1] INFO  server.RaftServer (RaftServerProxy.java:initGroupDir(269)) - 455def2e-61ff-4e49-9c6f-295594c4a0b8: The directory /home/runner/work/ozone/ozone/hadoop-ozone/integration-test/target/test-dir/MiniOzoneClusterImpl-3a4de177-78ca-4f6d-b60b-6b5c736a6a4e/ozone-meta/datanode-6/ratis/tmp is not a group directory; ignoring it. 
2024-03-15 21:38:54,878 [main] INFO  replication.ReplicationServer (ReplicationServer.java:<init>(86)) - Initializing replication server with thread count = 10 queue length = 4096
2024-03-15 21:38:54,879 [main] INFO  server.XceiverServerGrpc (XceiverServerGrpc.java:<init>(141)) - GrpcServer channel type EpollServerSocketChannel
2024-03-15 21:38:54,881 [main] INFO  replication.ReplicationSupervisor (ReplicationSupervisor.java:build(163)) - Initializing replication supervisor with thread count = 10
2024-03-15 21:38:54,881 [main] INFO  replication.ReplicationSupervisor (ReplicationSupervisor.java:nodeStateUpdated(317)) - Node state updated to IN_SERVICE, scaling executor pool size to 10
2024-03-15 21:38:54,883 [main] INFO  http.BaseHttpServer (BaseHttpServer.java:newHttpServer2BuilderForOzone(223)) - Starting Web-server for hddsDatanode at: http://0.0.0.0:15143
2024-03-15 21:38:54,883 [main] INFO  http.BaseHttpServer (BaseHttpServer.java:<init>(110)) - Hadoop Security Enabled: false Ozone Security Enabled: false Ozone HTTP Security Enabled: false 
2024-03-15 21:38:54,884 [main] WARN  server.AuthenticationFilter (AuthenticationFilter.java:constructSecretProvider(240)) - Unable to initialize FileSignerSecretProvider, falling back to use random secrets. Reason: Could not read signature secret file: /home/runner/hadoop-http-auth-signature-secret
2024-03-15 21:38:54,885 [main] INFO  http.HttpRequestLog (HttpRequestLog.java:getRequestLog(86)) - Http request log for http.requests.hddsDatanode is not defined
2024-03-15 21:38:54,886 [main] INFO  http.HttpServer2 (HttpServer2.java:addGlobalFilter(1036)) - Added global filter 'safety' (class=org.apache.hadoop.hdds.server.http.HttpServer2$QuotingInputFilter)
2024-03-15 21:38:54,886 [main] INFO  http.HttpServer2 (HttpServer2.java:addFilter(1012)) - Added filter static_user_filter (class=org.apache.hadoop.http.lib.StaticUserWebFilter$StaticUserFilter) to context hddsDatanode
2024-03-15 21:38:54,887 [main] INFO  http.HttpServer2 (HttpServer2.java:addFilter(1020)) - Added filter static_user_filter (class=org.apache.hadoop.http.lib.StaticUserWebFilter$StaticUserFilter) to context static
2024-03-15 21:38:54,887 [main] INFO  http.HttpServer2 (HttpServer2.java:addFilter(1020)) - Added filter static_user_filter (class=org.apache.hadoop.http.lib.StaticUserWebFilter$StaticUserFilter) to context logs
2024-03-15 21:38:54,887 [main] INFO  http.BaseHttpServer (BaseHttpServer.java:<init>(189)) - HTTP server of hddsDatanode uses base directory /home/runner/work/ozone/ozone/hadoop-ozone/integration-test/target/test-dir/MiniOzoneClusterImpl-3a4de177-78ca-4f6d-b60b-6b5c736a6a4e/ozone-meta/datanode-6/meta/webserver
2024-03-15 21:38:54,888 [main] INFO  http.HttpServer2 (HttpServer2.java:bindListener(1236)) - Jetty bound to port 15143
2024-03-15 21:38:54,888 [main] INFO  server.Server (Server.java:doStart(375)) - jetty-9.4.53.v20231009; built: 2023-10-09T12:29:09.265Z; git: 27bde00a0b95a1d5bbee0eae7984f891d2d0f8c9; jvm 1.8.0_402-b06
2024-03-15 21:38:54,894 [main] INFO  server.session (DefaultSessionIdManager.java:doStart(334)) - DefaultSessionIdManager workerName=node0
2024-03-15 21:38:54,894 [main] INFO  server.session (DefaultSessionIdManager.java:doStart(339)) - No SessionScavenger set, using defaults
2024-03-15 21:38:54,895 [main] INFO  server.session (HouseKeeper.java:startScavenging(132)) - node0 Scavenging every 600000ms
2024-03-15 21:38:54,895 [main] INFO  handler.ContextHandler (ContextHandler.java:doStart(921)) - Started o.e.j.s.ServletContextHandler@60ca0605{logs,/logs,file:///home/runner/work/ozone/ozone/hadoop-ozone/integration-test/target/log,AVAILABLE}
2024-03-15 21:38:54,896 [main] INFO  handler.ContextHandler (ContextHandler.java:doStart(921)) - Started o.e.j.s.ServletContextHandler@6bcdc5c6{static,/static,jar:file:/home/runner/.m2/repository/org/apache/ozone/hdds-container-service/1.5.0-SNAPSHOT/hdds-container-service-1.5.0-SNAPSHOT.jar!/webapps/static,AVAILABLE}
2024-03-15 21:38:54,930 [main] INFO  handler.ContextHandler (ContextHandler.java:doStart(921)) - Started o.e.j.w.WebAppContext@563e84eb{hddsDatanode,/,file:///home/runner/work/ozone/ozone/hadoop-ozone/integration-test/target/test-dir/MiniOzoneClusterImpl-3a4de177-78ca-4f6d-b60b-6b5c736a6a4e/ozone-meta/datanode-6/meta/webserver/jetty-0_0_0_0-15143-hdds-container-service-1_5_0-SNAPSHOT_jar-_-any-4643483896334492599/webapp/,AVAILABLE}{jar:file:/home/runner/.m2/repository/org/apache/ozone/hdds-container-service/1.5.0-SNAPSHOT/hdds-container-service-1.5.0-SNAPSHOT.jar!/webapps/hddsDatanode}
2024-03-15 21:38:54,932 [main] INFO  server.AbstractConnector (AbstractConnector.java:doStart(333)) - Started ServerConnector@7c773286{HTTP/1.1, (http/1.1)}{0.0.0.0:15143}
2024-03-15 21:38:54,932 [main] INFO  server.Server (Server.java:doStart(415)) - Started @50996ms
2024-03-15 21:38:54,933 [main] WARN  impl.MetricsSystemImpl (MetricsSystemImpl.java:register(279)) - Sink prometheus already exists!
2024-03-15 21:38:54,933 [main] INFO  http.BaseHttpServer (BaseHttpServer.java:updateConnectorAddress(354)) - HTTP server of hddsDatanode listening at http://0.0.0.0:15143
2024-03-15 21:38:54,933 [main] INFO  ipc.CallQueueManager (CallQueueManager.java:<init>(90)) - Using callQueue: class java.util.concurrent.LinkedBlockingQueue, queueCapacity: 100, scheduler: class org.apache.hadoop.ipc.DefaultRpcScheduler, ipcBackoff: false.
2024-03-15 21:38:54,934 [main] INFO  ipc.Server (Server.java:<init>(1287)) - Listener at 0.0.0.0:15144
2024-03-15 21:38:54,934 [Socket Reader #1 for port 15144] INFO  ipc.Server (Server.java:run(1323)) - Starting Socket Reader #1 for port 15144
2024-03-15 21:38:54,937 [main] INFO  ozone.HddsDatanodeService (HddsDatanodeService.java:start(327)) - Datanode start with admins: [runner]
2024-03-15 21:38:54,937 [main] INFO  ozone.HddsDatanodeClientProtocolServer (HddsDatanodeClientProtocolServer.java:start(77)) - RPC server for Client /0.0.0.0:15144
2024-03-15 21:38:54,937 [IPC Server Responder] INFO  ipc.Server (Server.java:run(1562)) - IPC Server Responder: starting
2024-03-15 21:38:54,937 [IPC Server listener on 15144] INFO  ipc.Server (Server.java:run(1402)) - IPC Server listener on 15144: starting
2024-03-15 21:38:54,941 [455def2e-61ff-4e49-9c6f-295594c4a0b8-DatanodeStateMachineDaemonThread] INFO  statemachine.DatanodeStateMachine (DatanodeStateMachine.java:lambda$startDaemon$1(555)) - Ozone container server started.
2024-03-15 21:38:54,941 [main] WARN  dropwizard3.Dm3MetricRegistriesImpl (Dm3MetricRegistriesImpl.java:addReporterRegistration(113)) - New reporters are added after registries were created. Some metrics will be missing from the reporter. Please add reporter before adding any new registry.
2024-03-15 21:38:54,942 [main] WARN  dropwizard3.Dm3MetricRegistriesImpl (Dm3MetricRegistriesImpl.java:addReporterRegistration(113)) - New reporters are added after registries were created. Some metrics will be missing from the reporter. Please add reporter before adding any new registry.
2024-03-15 21:38:54,943 [main] INFO  impl.MetricsSystemImpl (MetricsSystemImpl.java:init(158)) - HddsDatanode metrics system started (again)
2024-03-15 21:38:54,945 [455def2e-61ff-4e49-9c6f-295594c4a0b8-DatanodeStateMachineTaskThread-0] INFO  datanode.InitDatanodeState (InitDatanodeState.java:persistContainerDatanodeDetails(139)) - DatanodeDetails is persisted to /home/runner/work/ozone/ozone/hadoop-ozone/integration-test/target/test-dir/MiniOzoneClusterImpl-3a4de177-78ca-4f6d-b60b-6b5c736a6a4e/ozone-meta/datanode-6/meta/datanode.id
2024-03-15 21:38:54,951 [main] INFO  ozone.HddsDatanodeService (HddsDatanodeService.java:start(240)) - HddsDatanodeService host:fv-az528-102.abqymjqvoexebeyq30kq3sdubb.bx.internal.cloudapp.net ip:10.1.0.11
2024-03-15 21:38:54,968 [main] INFO  upgrade.AbstractLayoutVersionManager (AbstractLayoutVersionManager.java:init(83)) - Initializing Layout version manager with metadata layout = HADOOP_PRC_PORTS_IN_DATANODEDETAILS (version = 7), software layout = HADOOP_PRC_PORTS_IN_DATANODEDETAILS (version = 7)
2024-03-15 21:38:54,968 [main] INFO  statemachine.DatanodeStateMachine (DatanodeStateMachine.java:getEndPointTaskThreadPoolSize(299)) - Datanode State Machine Task Thread Pool size 2
2024-03-15 21:38:54,969 [main] INFO  volume.HddsVolume (HddsVolume.java:<init>(125)) - Creating HddsVolume: /home/runner/work/ozone/ozone/hadoop-ozone/integration-test/target/test-dir/MiniOzoneClusterImpl-3a4de177-78ca-4f6d-b60b-6b5c736a6a4e/ozone-meta/datanode-7/data-0/hdds of storage type : DISK capacity : 9223372036854775807
2024-03-15 21:38:54,969 [main] INFO  volume.MutableVolumeSet (MutableVolumeSet.java:initializeVolumeSet(173)) - Added Volume : /home/runner/work/ozone/ozone/hadoop-ozone/integration-test/target/test-dir/MiniOzoneClusterImpl-3a4de177-78ca-4f6d-b60b-6b5c736a6a4e/ozone-meta/datanode-7/data-0/hdds to VolumeSet
2024-03-15 21:38:54,970 [main] INFO  volume.MutableVolumeSet (MutableVolumeSet.java:initializeVolumeSet(173)) - Added Volume : /home/runner/work/ozone/ozone/hadoop-ozone/integration-test/target/test-dir/MiniOzoneClusterImpl-3a4de177-78ca-4f6d-b60b-6b5c736a6a4e/ozone-meta/datanode-7/ratis to VolumeSet
2024-03-15 21:38:54,970 [main] INFO  ozoneimpl.OzoneContainer (HddsVolumeUtil.java:loadAllHddsVolumeDbStore(103)) - Load 1 volumes DbStore cost: 0ms
2024-03-15 21:38:54,972 [main] INFO  server.RaftServer (ConfUtils.java:logGet(46)) - raft.rpc.type = GRPC (default)
2024-03-15 21:38:54,972 [main] INFO  grpc.GrpcConfigKeys (ConfUtils.java:logFallback(53)) - raft.grpc.admin.host = null (fallback to raft.grpc.server.host)
2024-03-15 21:38:54,972 [main] INFO  grpc.GrpcConfigKeys (ConfUtils.java:logGet(46)) - raft.grpc.admin.port = 15156 (custom)
2024-03-15 21:38:54,973 [main] INFO  grpc.GrpcConfigKeys (ConfUtils.java:logFallback(53)) - raft.grpc.client.host = null (fallback to raft.grpc.server.host)
2024-03-15 21:38:54,973 [main] INFO  grpc.GrpcConfigKeys (ConfUtils.java:logGet(46)) - raft.grpc.client.port = 15155 (custom)
2024-03-15 21:38:54,973 [main] INFO  grpc.GrpcConfigKeys (ConfUtils.java:logGet(46)) - raft.grpc.server.host = null (default)
2024-03-15 21:38:54,973 [main] INFO  grpc.GrpcConfigKeys (ConfUtils.java:logGet(46)) - raft.grpc.server.port = 15157 (custom)
2024-03-15 21:38:54,973 [main] INFO  server.GrpcService (ConfUtils.java:logGet(46)) - raft.grpc.message.size.max = 32MB (=33554432) (custom)
2024-03-15 21:38:54,974 [main] INFO  server.RaftServerConfigKeys (ConfUtils.java:logGet(46)) - raft.server.log.appender.buffer.byte-limit = 8388608 (custom)
2024-03-15 21:38:54,974 [main] INFO  server.GrpcService (ConfUtils.java:logGet(46)) - raft.grpc.flow.control.window = 5MB (=5242880) (custom)
2024-03-15 21:38:54,974 [main] INFO  server.RaftServerConfigKeys (ConfUtils.java:logGet(46)) - raft.server.rpc.request.timeout = 3000ms (default)
2024-03-15 21:38:54,974 [main] INFO  grpc.GrpcConfigKeys (ConfUtils.java:logGet(46)) - raft.grpc.server.heartbeat.channel = true (default)
2024-03-15 21:38:54,974 [main] INFO  grpc.GrpcConfigKeys (ConfUtils.java:logGet(46)) - raft.grpc.server.async.request.thread.pool.cached = true (default)
2024-03-15 21:38:54,975 [main] INFO  grpc.GrpcConfigKeys (ConfUtils.java:logGet(46)) - raft.grpc.server.async.request.thread.pool.size = 32 (default)
2024-03-15 21:38:54,976 [main] INFO  impl.DataStreamServerImpl (ConfUtils.java:logGet(46)) - raft.datastream.type = NETTY (custom)
2024-03-15 21:38:54,977 [main] INFO  server.RaftServerConfigKeys (ConfUtils.java:logGet(46)) - raft.server.data-stream.async.request.thread.pool.cached = false (default)
2024-03-15 21:38:54,977 [main] INFO  server.RaftServerConfigKeys (ConfUtils.java:logGet(46)) - raft.server.data-stream.async.request.thread.pool.size = 20 (custom)
2024-03-15 21:38:54,977 [main] INFO  server.RaftServerConfigKeys (ConfUtils.java:logGet(46)) - raft.server.data-stream.async.write.thread.pool.size = 16 (default)
2024-03-15 21:38:54,977 [main] INFO  netty.NettyConfigKeys$DataStream (ConfUtils.java:logGet(46)) - raft.netty.dataStream.server.channel.inactive.grace-period = 10min (default)
2024-03-15 21:38:54,977 [main] INFO  server.RaftServerConfigKeys (ConfUtils.java:logGet(46)) - raft.server.data-stream.client.pool.size = 10 (default)
2024-03-15 21:38:54,978 [main] INFO  netty.NettyConfigKeys$DataStream (ConfUtils.java:logGet(46)) - raft.netty.dataStream.server.use-epoll = true (default)
2024-03-15 21:38:54,978 [main] INFO  netty.NettyConfigKeys$DataStream (ConfUtils.java:logGet(46)) - raft.netty.dataStream.server.boss-group.size = 0 (default)
2024-03-15 21:38:54,978 [main] INFO  netty.NettyUtils (NettyUtils.java:newEventLoopGroup(69)) - Create EpollEventLoopGroup for e952460c-8236-4bec-b567-d040e1d0e4f9-NettyServerStreamRpc-bossGroup; Thread size is 0.
2024-03-15 21:38:54,978 [main] INFO  netty.NettyConfigKeys$DataStream (ConfUtils.java:logGet(46)) - raft.netty.dataStream.server.worker-group.size = 0 (default)
2024-03-15 21:38:54,979 [main] INFO  netty.NettyUtils (NettyUtils.java:newEventLoopGroup(69)) - Create EpollEventLoopGroup for e952460c-8236-4bec-b567-d040e1d0e4f9-NettyServerStreamRpc-workerGroup; Thread size is 0.
2024-03-15 21:38:54,979 [main] INFO  netty.NettyConfigKeys$DataStream (ConfUtils.java:logGet(46)) - raft.netty.dataStream.server.tls.conf = null (default)
2024-03-15 21:38:54,979 [main] INFO  netty.NettyConfigKeys$DataStream (ConfUtils.java:logGet(46)) - raft.netty.dataStream.host = null (default)
2024-03-15 21:38:54,979 [main] INFO  netty.NettyConfigKeys$DataStream (ConfUtils.java:logGet(46)) - raft.netty.dataStream.port = 15158 (custom)
2024-03-15 21:38:54,980 [main] INFO  server.RaftServerConfigKeys (ConfUtils.java:logGet(46)) - raft.server.sleep.deviation.threshold = 300ms (default)
2024-03-15 21:38:54,980 [main] INFO  server.RaftServerConfigKeys (ConfUtils.java:logGet(46)) - raft.server.close.threshold = 60s (default)
2024-03-15 21:38:54,980 [e952460c-8236-4bec-b567-d040e1d0e4f9-NettyServerStreamRpc-bossGroup--thread1] INFO  logging.LoggingHandler (AbstractInternalLogger.java:log(148)) - [id: 0xb949f448] REGISTERED
2024-03-15 21:38:54,980 [main] INFO  server.RaftServerConfigKeys (ConfUtils.java:logGet(46)) - raft.server.leaderelection.leader.step-down.wait-time = 10s (default)
2024-03-15 21:38:54,980 [e952460c-8236-4bec-b567-d040e1d0e4f9-NettyServerStreamRpc-bossGroup--thread1] INFO  logging.LoggingHandler (AbstractInternalLogger.java:log(148)) - [id: 0xb949f448] BIND: 0.0.0.0/0.0.0.0:15158
2024-03-15 21:38:54,980 [main] INFO  server.RaftServerConfigKeys (ConfUtils.java:logGet(46)) - raft.server.storage.dir = [/home/runner/work/ozone/ozone/hadoop-ozone/integration-test/target/test-dir/MiniOzoneClusterImpl-3a4de177-78ca-4f6d-b60b-6b5c736a6a4e/ozone-meta/datanode-7/ratis] (custom)
2024-03-15 21:38:54,980 [e952460c-8236-4bec-b567-d040e1d0e4f9-NettyServerStreamRpc-bossGroup--thread1] INFO  logging.LoggingHandler (AbstractInternalLogger.java:log(148)) - [id: 0xb949f448, L:/0.0.0.0:15158] ACTIVE
2024-03-15 21:38:54,981 [main] INFO  server.RaftServerConfigKeys (ConfUtils.java:logGet(46)) - raft.server.threadpool.proxy.cached = true (default)
2024-03-15 21:38:54,981 [main] INFO  server.RaftServerConfigKeys (ConfUtils.java:logGet(46)) - raft.server.threadpool.proxy.size = 0 (default)
2024-03-15 21:38:54,981 [e952460c-8236-4bec-b567-d040e1d0e4f9-impl-thread1] INFO  server.RaftServer (RaftServerProxy.java:initGroupDir(264)) - e952460c-8236-4bec-b567-d040e1d0e4f9: found a subdirectory /home/runner/work/ozone/ozone/hadoop-ozone/integration-test/target/test-dir/MiniOzoneClusterImpl-3a4de177-78ca-4f6d-b60b-6b5c736a6a4e/ozone-meta/datanode-7/ratis/tmp
2024-03-15 21:38:54,981 [e952460c-8236-4bec-b567-d040e1d0e4f9-impl-thread1] INFO  server.RaftServer (RaftServerProxy.java:initGroupDir(269)) - e952460c-8236-4bec-b567-d040e1d0e4f9: The directory /home/runner/work/ozone/ozone/hadoop-ozone/integration-test/target/test-dir/MiniOzoneClusterImpl-3a4de177-78ca-4f6d-b60b-6b5c736a6a4e/ozone-meta/datanode-7/ratis/tmp is not a group directory; ignoring it. 
2024-03-15 21:38:54,981 [main] INFO  replication.ReplicationServer (ReplicationServer.java:<init>(86)) - Initializing replication server with thread count = 10 queue length = 4096
2024-03-15 21:38:54,982 [main] INFO  server.XceiverServerGrpc (XceiverServerGrpc.java:<init>(141)) - GrpcServer channel type EpollServerSocketChannel
2024-03-15 21:38:54,984 [main] INFO  replication.ReplicationSupervisor (ReplicationSupervisor.java:build(163)) - Initializing replication supervisor with thread count = 10
2024-03-15 21:38:54,984 [main] INFO  replication.ReplicationSupervisor (ReplicationSupervisor.java:nodeStateUpdated(317)) - Node state updated to IN_SERVICE, scaling executor pool size to 10
2024-03-15 21:38:54,986 [main] INFO  http.BaseHttpServer (BaseHttpServer.java:newHttpServer2BuilderForOzone(223)) - Starting Web-server for hddsDatanode at: http://0.0.0.0:15152
2024-03-15 21:38:54,986 [main] INFO  http.BaseHttpServer (BaseHttpServer.java:<init>(110)) - Hadoop Security Enabled: false Ozone Security Enabled: false Ozone HTTP Security Enabled: false 
2024-03-15 21:38:54,987 [main] WARN  server.AuthenticationFilter (AuthenticationFilter.java:constructSecretProvider(240)) - Unable to initialize FileSignerSecretProvider, falling back to use random secrets. Reason: Could not read signature secret file: /home/runner/hadoop-http-auth-signature-secret
2024-03-15 21:38:54,987 [main] INFO  http.HttpRequestLog (HttpRequestLog.java:getRequestLog(86)) - Http request log for http.requests.hddsDatanode is not defined
2024-03-15 21:38:54,988 [main] INFO  http.HttpServer2 (HttpServer2.java:addGlobalFilter(1036)) - Added global filter 'safety' (class=org.apache.hadoop.hdds.server.http.HttpServer2$QuotingInputFilter)
2024-03-15 21:38:54,989 [main] INFO  http.HttpServer2 (HttpServer2.java:addFilter(1012)) - Added filter static_user_filter (class=org.apache.hadoop.http.lib.StaticUserWebFilter$StaticUserFilter) to context hddsDatanode
2024-03-15 21:38:54,989 [main] INFO  http.HttpServer2 (HttpServer2.java:addFilter(1020)) - Added filter static_user_filter (class=org.apache.hadoop.http.lib.StaticUserWebFilter$StaticUserFilter) to context static
2024-03-15 21:38:54,989 [main] INFO  http.HttpServer2 (HttpServer2.java:addFilter(1020)) - Added filter static_user_filter (class=org.apache.hadoop.http.lib.StaticUserWebFilter$StaticUserFilter) to context logs
2024-03-15 21:38:54,989 [main] INFO  http.BaseHttpServer (BaseHttpServer.java:<init>(189)) - HTTP server of hddsDatanode uses base directory /home/runner/work/ozone/ozone/hadoop-ozone/integration-test/target/test-dir/MiniOzoneClusterImpl-3a4de177-78ca-4f6d-b60b-6b5c736a6a4e/ozone-meta/datanode-7/meta/webserver
2024-03-15 21:38:54,990 [main] INFO  http.HttpServer2 (HttpServer2.java:bindListener(1236)) - Jetty bound to port 15152
2024-03-15 21:38:54,990 [main] INFO  server.Server (Server.java:doStart(375)) - jetty-9.4.53.v20231009; built: 2023-10-09T12:29:09.265Z; git: 27bde00a0b95a1d5bbee0eae7984f891d2d0f8c9; jvm 1.8.0_402-b06
2024-03-15 21:38:54,991 [main] INFO  server.session (DefaultSessionIdManager.java:doStart(334)) - DefaultSessionIdManager workerName=node0
2024-03-15 21:38:54,991 [main] INFO  server.session (DefaultSessionIdManager.java:doStart(339)) - No SessionScavenger set, using defaults
2024-03-15 21:38:54,991 [main] INFO  server.session (HouseKeeper.java:startScavenging(132)) - node0 Scavenging every 600000ms
2024-03-15 21:38:54,992 [main] INFO  handler.ContextHandler (ContextHandler.java:doStart(921)) - Started o.e.j.s.ServletContextHandler@ca5a9b8{logs,/logs,file:///home/runner/work/ozone/ozone/hadoop-ozone/integration-test/target/log,AVAILABLE}
2024-03-15 21:38:54,992 [main] INFO  handler.ContextHandler (ContextHandler.java:doStart(921)) - Started o.e.j.s.ServletContextHandler@6eef7465{static,/static,jar:file:/home/runner/.m2/repository/org/apache/ozone/hdds-container-service/1.5.0-SNAPSHOT/hdds-container-service-1.5.0-SNAPSHOT.jar!/webapps/static,AVAILABLE}
2024-03-15 21:38:55,025 [main] INFO  handler.ContextHandler (ContextHandler.java:doStart(921)) - Started o.e.j.w.WebAppContext@5121d097{hddsDatanode,/,file:///home/runner/work/ozone/ozone/hadoop-ozone/integration-test/target/test-dir/MiniOzoneClusterImpl-3a4de177-78ca-4f6d-b60b-6b5c736a6a4e/ozone-meta/datanode-7/meta/webserver/jetty-0_0_0_0-15152-hdds-container-service-1_5_0-SNAPSHOT_jar-_-any-9159665288976335616/webapp/,AVAILABLE}{jar:file:/home/runner/.m2/repository/org/apache/ozone/hdds-container-service/1.5.0-SNAPSHOT/hdds-container-service-1.5.0-SNAPSHOT.jar!/webapps/hddsDatanode}
2024-03-15 21:38:55,027 [main] INFO  server.AbstractConnector (AbstractConnector.java:doStart(333)) - Started ServerConnector@14e8e0c9{HTTP/1.1, (http/1.1)}{0.0.0.0:15152}
2024-03-15 21:38:55,027 [main] INFO  server.Server (Server.java:doStart(415)) - Started @51091ms
2024-03-15 21:38:55,027 [main] WARN  impl.MetricsSystemImpl (MetricsSystemImpl.java:register(279)) - Sink prometheus already exists!
2024-03-15 21:38:55,028 [main] INFO  http.BaseHttpServer (BaseHttpServer.java:updateConnectorAddress(354)) - HTTP server of hddsDatanode listening at http://0.0.0.0:15152
2024-03-15 21:38:55,028 [main] INFO  ipc.CallQueueManager (CallQueueManager.java:<init>(90)) - Using callQueue: class java.util.concurrent.LinkedBlockingQueue, queueCapacity: 100, scheduler: class org.apache.hadoop.ipc.DefaultRpcScheduler, ipcBackoff: false.
2024-03-15 21:38:55,028 [main] INFO  ipc.Server (Server.java:<init>(1287)) - Listener at 0.0.0.0:15153
2024-03-15 21:38:55,028 [Socket Reader #1 for port 15153] INFO  ipc.Server (Server.java:run(1323)) - Starting Socket Reader #1 for port 15153
2024-03-15 21:38:55,034 [main] INFO  ozone.HddsDatanodeService (HddsDatanodeService.java:start(327)) - Datanode start with admins: [runner]
2024-03-15 21:38:55,034 [main] INFO  ozone.HddsDatanodeClientProtocolServer (HddsDatanodeClientProtocolServer.java:start(77)) - RPC server for Client /0.0.0.0:15153
2024-03-15 21:38:55,034 [IPC Server Responder] INFO  ipc.Server (Server.java:run(1562)) - IPC Server Responder: starting
2024-03-15 21:38:55,035 [IPC Server listener on 15153] INFO  ipc.Server (Server.java:run(1402)) - IPC Server listener on 15153: starting
2024-03-15 21:38:55,036 [e952460c-8236-4bec-b567-d040e1d0e4f9-DatanodeStateMachineDaemonThread] INFO  statemachine.DatanodeStateMachine (DatanodeStateMachine.java:lambda$startDaemon$1(555)) - Ozone container server started.
2024-03-15 21:38:55,036 [main] WARN  dropwizard3.Dm3MetricRegistriesImpl (Dm3MetricRegistriesImpl.java:addReporterRegistration(113)) - New reporters are added after registries were created. Some metrics will be missing from the reporter. Please add reporter before adding any new registry.
2024-03-15 21:38:55,038 [main] WARN  dropwizard3.Dm3MetricRegistriesImpl (Dm3MetricRegistriesImpl.java:addReporterRegistration(113)) - New reporters are added after registries were created. Some metrics will be missing from the reporter. Please add reporter before adding any new registry.
2024-03-15 21:38:55,038 [main] INFO  impl.MetricsSystemImpl (MetricsSystemImpl.java:init(158)) - HddsDatanode metrics system started (again)
2024-03-15 21:38:55,046 [e952460c-8236-4bec-b567-d040e1d0e4f9-DatanodeStateMachineTaskThread-0] INFO  datanode.InitDatanodeState (InitDatanodeState.java:persistContainerDatanodeDetails(139)) - DatanodeDetails is persisted to /home/runner/work/ozone/ozone/hadoop-ozone/integration-test/target/test-dir/MiniOzoneClusterImpl-3a4de177-78ca-4f6d-b60b-6b5c736a6a4e/ozone-meta/datanode-7/meta/datanode.id
2024-03-15 21:38:55,047 [main] INFO  ozone.HddsDatanodeService (HddsDatanodeService.java:start(240)) - HddsDatanodeService host:fv-az528-102.abqymjqvoexebeyq30kq3sdubb.bx.internal.cloudapp.net ip:10.1.0.11
2024-03-15 21:38:55,062 [main] INFO  upgrade.AbstractLayoutVersionManager (AbstractLayoutVersionManager.java:init(83)) - Initializing Layout version manager with metadata layout = HADOOP_PRC_PORTS_IN_DATANODEDETAILS (version = 7), software layout = HADOOP_PRC_PORTS_IN_DATANODEDETAILS (version = 7)
2024-03-15 21:38:55,063 [main] INFO  statemachine.DatanodeStateMachine (DatanodeStateMachine.java:getEndPointTaskThreadPoolSize(299)) - Datanode State Machine Task Thread Pool size 2
2024-03-15 21:38:55,064 [main] INFO  volume.HddsVolume (HddsVolume.java:<init>(125)) - Creating HddsVolume: /home/runner/work/ozone/ozone/hadoop-ozone/integration-test/target/test-dir/MiniOzoneClusterImpl-3a4de177-78ca-4f6d-b60b-6b5c736a6a4e/ozone-meta/datanode-8/data-0/hdds of storage type : DISK capacity : 9223372036854775807
2024-03-15 21:38:55,064 [main] INFO  volume.MutableVolumeSet (MutableVolumeSet.java:initializeVolumeSet(173)) - Added Volume : /home/runner/work/ozone/ozone/hadoop-ozone/integration-test/target/test-dir/MiniOzoneClusterImpl-3a4de177-78ca-4f6d-b60b-6b5c736a6a4e/ozone-meta/datanode-8/data-0/hdds to VolumeSet
2024-03-15 21:38:55,065 [main] INFO  volume.MutableVolumeSet (MutableVolumeSet.java:initializeVolumeSet(173)) - Added Volume : /home/runner/work/ozone/ozone/hadoop-ozone/integration-test/target/test-dir/MiniOzoneClusterImpl-3a4de177-78ca-4f6d-b60b-6b5c736a6a4e/ozone-meta/datanode-8/ratis to VolumeSet
2024-03-15 21:38:55,065 [main] INFO  ozoneimpl.OzoneContainer (HddsVolumeUtil.java:loadAllHddsVolumeDbStore(103)) - Load 1 volumes DbStore cost: 0ms
2024-03-15 21:38:55,067 [main] INFO  server.RaftServer (ConfUtils.java:logGet(46)) - raft.rpc.type = GRPC (default)
2024-03-15 21:38:55,067 [main] INFO  grpc.GrpcConfigKeys (ConfUtils.java:logFallback(53)) - raft.grpc.admin.host = null (fallback to raft.grpc.server.host)
2024-03-15 21:38:55,067 [main] INFO  grpc.GrpcConfigKeys (ConfUtils.java:logGet(46)) - raft.grpc.admin.port = 15165 (custom)
2024-03-15 21:38:55,067 [main] INFO  grpc.GrpcConfigKeys (ConfUtils.java:logFallback(53)) - raft.grpc.client.host = null (fallback to raft.grpc.server.host)
2024-03-15 21:38:55,067 [main] INFO  grpc.GrpcConfigKeys (ConfUtils.java:logGet(46)) - raft.grpc.client.port = 15164 (custom)
2024-03-15 21:38:55,068 [main] INFO  grpc.GrpcConfigKeys (ConfUtils.java:logGet(46)) - raft.grpc.server.host = null (default)
2024-03-15 21:38:55,068 [main] INFO  grpc.GrpcConfigKeys (ConfUtils.java:logGet(46)) - raft.grpc.server.port = 15166 (custom)
2024-03-15 21:38:55,068 [main] INFO  server.GrpcService (ConfUtils.java:logGet(46)) - raft.grpc.message.size.max = 32MB (=33554432) (custom)
2024-03-15 21:38:55,068 [main] INFO  server.RaftServerConfigKeys (ConfUtils.java:logGet(46)) - raft.server.log.appender.buffer.byte-limit = 8388608 (custom)
2024-03-15 21:38:55,068 [main] INFO  server.GrpcService (ConfUtils.java:logGet(46)) - raft.grpc.flow.control.window = 5MB (=5242880) (custom)
2024-03-15 21:38:55,069 [main] INFO  server.RaftServerConfigKeys (ConfUtils.java:logGet(46)) - raft.server.rpc.request.timeout = 3000ms (default)
2024-03-15 21:38:55,069 [main] INFO  grpc.GrpcConfigKeys (ConfUtils.java:logGet(46)) - raft.grpc.server.heartbeat.channel = true (default)
2024-03-15 21:38:55,069 [main] INFO  grpc.GrpcConfigKeys (ConfUtils.java:logGet(46)) - raft.grpc.server.async.request.thread.pool.cached = true (default)
2024-03-15 21:38:55,069 [main] INFO  grpc.GrpcConfigKeys (ConfUtils.java:logGet(46)) - raft.grpc.server.async.request.thread.pool.size = 32 (default)
2024-03-15 21:38:55,071 [main] INFO  impl.DataStreamServerImpl (ConfUtils.java:logGet(46)) - raft.datastream.type = NETTY (custom)
2024-03-15 21:38:55,071 [main] INFO  server.RaftServerConfigKeys (ConfUtils.java:logGet(46)) - raft.server.data-stream.async.request.thread.pool.cached = false (default)
2024-03-15 21:38:55,072 [main] INFO  server.RaftServerConfigKeys (ConfUtils.java:logGet(46)) - raft.server.data-stream.async.request.thread.pool.size = 20 (custom)
2024-03-15 21:38:55,072 [main] INFO  server.RaftServerConfigKeys (ConfUtils.java:logGet(46)) - raft.server.data-stream.async.write.thread.pool.size = 16 (default)
2024-03-15 21:38:55,072 [main] INFO  netty.NettyConfigKeys$DataStream (ConfUtils.java:logGet(46)) - raft.netty.dataStream.server.channel.inactive.grace-period = 10min (default)
2024-03-15 21:38:55,072 [main] INFO  server.RaftServerConfigKeys (ConfUtils.java:logGet(46)) - raft.server.data-stream.client.pool.size = 10 (default)
2024-03-15 21:38:55,072 [main] INFO  netty.NettyConfigKeys$DataStream (ConfUtils.java:logGet(46)) - raft.netty.dataStream.server.use-epoll = true (default)
2024-03-15 21:38:55,073 [main] INFO  netty.NettyConfigKeys$DataStream (ConfUtils.java:logGet(46)) - raft.netty.dataStream.server.boss-group.size = 0 (default)
2024-03-15 21:38:55,073 [main] INFO  netty.NettyUtils (NettyUtils.java:newEventLoopGroup(69)) - Create EpollEventLoopGroup for e76b1ec9-b399-499f-a8ce-a1f080404f38-NettyServerStreamRpc-bossGroup; Thread size is 0.
2024-03-15 21:38:55,073 [main] INFO  netty.NettyConfigKeys$DataStream (ConfUtils.java:logGet(46)) - raft.netty.dataStream.server.worker-group.size = 0 (default)
2024-03-15 21:38:55,073 [main] INFO  netty.NettyUtils (NettyUtils.java:newEventLoopGroup(69)) - Create EpollEventLoopGroup for e76b1ec9-b399-499f-a8ce-a1f080404f38-NettyServerStreamRpc-workerGroup; Thread size is 0.
2024-03-15 21:38:55,074 [main] INFO  netty.NettyConfigKeys$DataStream (ConfUtils.java:logGet(46)) - raft.netty.dataStream.server.tls.conf = null (default)
2024-03-15 21:38:55,074 [main] INFO  netty.NettyConfigKeys$DataStream (ConfUtils.java:logGet(46)) - raft.netty.dataStream.host = null (default)
2024-03-15 21:38:55,074 [main] INFO  netty.NettyConfigKeys$DataStream (ConfUtils.java:logGet(46)) - raft.netty.dataStream.port = 15167 (custom)
2024-03-15 21:38:55,075 [main] INFO  server.RaftServerConfigKeys (ConfUtils.java:logGet(46)) - raft.server.sleep.deviation.threshold = 300ms (default)
2024-03-15 21:38:55,075 [main] INFO  server.RaftServerConfigKeys (ConfUtils.java:logGet(46)) - raft.server.close.threshold = 60s (default)
2024-03-15 21:38:55,075 [e76b1ec9-b399-499f-a8ce-a1f080404f38-NettyServerStreamRpc-bossGroup--thread1] INFO  logging.LoggingHandler (AbstractInternalLogger.java:log(148)) - [id: 0xed35903d] REGISTERED
2024-03-15 21:38:55,075 [main] INFO  server.RaftServerConfigKeys (ConfUtils.java:logGet(46)) - raft.server.leaderelection.leader.step-down.wait-time = 10s (default)
2024-03-15 21:38:55,075 [e76b1ec9-b399-499f-a8ce-a1f080404f38-NettyServerStreamRpc-bossGroup--thread1] INFO  logging.LoggingHandler (AbstractInternalLogger.java:log(148)) - [id: 0xed35903d] BIND: 0.0.0.0/0.0.0.0:15167
2024-03-15 21:38:55,075 [main] INFO  server.RaftServerConfigKeys (ConfUtils.java:logGet(46)) - raft.server.storage.dir = [/home/runner/work/ozone/ozone/hadoop-ozone/integration-test/target/test-dir/MiniOzoneClusterImpl-3a4de177-78ca-4f6d-b60b-6b5c736a6a4e/ozone-meta/datanode-8/ratis] (custom)
2024-03-15 21:38:55,075 [e76b1ec9-b399-499f-a8ce-a1f080404f38-NettyServerStreamRpc-bossGroup--thread1] INFO  logging.LoggingHandler (AbstractInternalLogger.java:log(148)) - [id: 0xed35903d, L:/0.0.0.0:15167] ACTIVE
2024-03-15 21:38:55,075 [main] INFO  server.RaftServerConfigKeys (ConfUtils.java:logGet(46)) - raft.server.threadpool.proxy.cached = true (default)
2024-03-15 21:38:55,076 [main] INFO  server.RaftServerConfigKeys (ConfUtils.java:logGet(46)) - raft.server.threadpool.proxy.size = 0 (default)
2024-03-15 21:38:55,076 [e76b1ec9-b399-499f-a8ce-a1f080404f38-impl-thread1] INFO  server.RaftServer (RaftServerProxy.java:initGroupDir(264)) - e76b1ec9-b399-499f-a8ce-a1f080404f38: found a subdirectory /home/runner/work/ozone/ozone/hadoop-ozone/integration-test/target/test-dir/MiniOzoneClusterImpl-3a4de177-78ca-4f6d-b60b-6b5c736a6a4e/ozone-meta/datanode-8/ratis/tmp
2024-03-15 21:38:55,076 [e76b1ec9-b399-499f-a8ce-a1f080404f38-impl-thread1] INFO  server.RaftServer (RaftServerProxy.java:initGroupDir(269)) - e76b1ec9-b399-499f-a8ce-a1f080404f38: The directory /home/runner/work/ozone/ozone/hadoop-ozone/integration-test/target/test-dir/MiniOzoneClusterImpl-3a4de177-78ca-4f6d-b60b-6b5c736a6a4e/ozone-meta/datanode-8/ratis/tmp is not a group directory; ignoring it. 
2024-03-15 21:38:55,076 [main] INFO  replication.ReplicationServer (ReplicationServer.java:<init>(86)) - Initializing replication server with thread count = 10 queue length = 4096
2024-03-15 21:38:55,077 [main] INFO  server.XceiverServerGrpc (XceiverServerGrpc.java:<init>(141)) - GrpcServer channel type EpollServerSocketChannel
2024-03-15 21:38:55,079 [main] INFO  replication.ReplicationSupervisor (ReplicationSupervisor.java:build(163)) - Initializing replication supervisor with thread count = 10
2024-03-15 21:38:55,079 [main] INFO  replication.ReplicationSupervisor (ReplicationSupervisor.java:nodeStateUpdated(317)) - Node state updated to IN_SERVICE, scaling executor pool size to 10
2024-03-15 21:38:55,081 [main] INFO  http.BaseHttpServer (BaseHttpServer.java:newHttpServer2BuilderForOzone(223)) - Starting Web-server for hddsDatanode at: http://0.0.0.0:15161
2024-03-15 21:38:55,081 [main] INFO  http.BaseHttpServer (BaseHttpServer.java:<init>(110)) - Hadoop Security Enabled: false Ozone Security Enabled: false Ozone HTTP Security Enabled: false 
2024-03-15 21:38:55,084 [main] WARN  server.AuthenticationFilter (AuthenticationFilter.java:constructSecretProvider(240)) - Unable to initialize FileSignerSecretProvider, falling back to use random secrets. Reason: Could not read signature secret file: /home/runner/hadoop-http-auth-signature-secret
2024-03-15 21:38:55,085 [main] INFO  http.HttpRequestLog (HttpRequestLog.java:getRequestLog(86)) - Http request log for http.requests.hddsDatanode is not defined
2024-03-15 21:38:55,086 [main] INFO  http.HttpServer2 (HttpServer2.java:addGlobalFilter(1036)) - Added global filter 'safety' (class=org.apache.hadoop.hdds.server.http.HttpServer2$QuotingInputFilter)
2024-03-15 21:38:55,087 [main] INFO  http.HttpServer2 (HttpServer2.java:addFilter(1012)) - Added filter static_user_filter (class=org.apache.hadoop.http.lib.StaticUserWebFilter$StaticUserFilter) to context hddsDatanode
2024-03-15 21:38:55,087 [main] INFO  http.HttpServer2 (HttpServer2.java:addFilter(1020)) - Added filter static_user_filter (class=org.apache.hadoop.http.lib.StaticUserWebFilter$StaticUserFilter) to context logs
2024-03-15 21:38:55,087 [main] INFO  http.HttpServer2 (HttpServer2.java:addFilter(1020)) - Added filter static_user_filter (class=org.apache.hadoop.http.lib.StaticUserWebFilter$StaticUserFilter) to context static
2024-03-15 21:38:55,088 [main] INFO  http.BaseHttpServer (BaseHttpServer.java:<init>(189)) - HTTP server of hddsDatanode uses base directory /home/runner/work/ozone/ozone/hadoop-ozone/integration-test/target/test-dir/MiniOzoneClusterImpl-3a4de177-78ca-4f6d-b60b-6b5c736a6a4e/ozone-meta/datanode-8/meta/webserver
2024-03-15 21:38:55,088 [main] INFO  http.HttpServer2 (HttpServer2.java:bindListener(1236)) - Jetty bound to port 15161
2024-03-15 21:38:55,088 [main] INFO  server.Server (Server.java:doStart(375)) - jetty-9.4.53.v20231009; built: 2023-10-09T12:29:09.265Z; git: 27bde00a0b95a1d5bbee0eae7984f891d2d0f8c9; jvm 1.8.0_402-b06
2024-03-15 21:38:55,089 [main] INFO  server.session (DefaultSessionIdManager.java:doStart(334)) - DefaultSessionIdManager workerName=node0
2024-03-15 21:38:55,089 [main] INFO  server.session (DefaultSessionIdManager.java:doStart(339)) - No SessionScavenger set, using defaults
2024-03-15 21:38:55,091 [main] INFO  server.session (HouseKeeper.java:startScavenging(132)) - node0 Scavenging every 600000ms
2024-03-15 21:38:55,092 [main] INFO  handler.ContextHandler (ContextHandler.java:doStart(921)) - Started o.e.j.s.ServletContextHandler@7fd2ffd{logs,/logs,file:///home/runner/work/ozone/ozone/hadoop-ozone/integration-test/target/log,AVAILABLE}
2024-03-15 21:38:55,092 [main] INFO  handler.ContextHandler (ContextHandler.java:doStart(921)) - Started o.e.j.s.ServletContextHandler@60615d72{static,/static,jar:file:/home/runner/.m2/repository/org/apache/ozone/hdds-container-service/1.5.0-SNAPSHOT/hdds-container-service-1.5.0-SNAPSHOT.jar!/webapps/static,AVAILABLE}
2024-03-15 21:38:55,132 [main] INFO  handler.ContextHandler (ContextHandler.java:doStart(921)) - Started o.e.j.w.WebAppContext@269dd863{hddsDatanode,/,file:///home/runner/work/ozone/ozone/hadoop-ozone/integration-test/target/test-dir/MiniOzoneClusterImpl-3a4de177-78ca-4f6d-b60b-6b5c736a6a4e/ozone-meta/datanode-8/meta/webserver/jetty-0_0_0_0-15161-hdds-container-service-1_5_0-SNAPSHOT_jar-_-any-2166921850361167115/webapp/,AVAILABLE}{jar:file:/home/runner/.m2/repository/org/apache/ozone/hdds-container-service/1.5.0-SNAPSHOT/hdds-container-service-1.5.0-SNAPSHOT.jar!/webapps/hddsDatanode}
2024-03-15 21:38:55,136 [main] INFO  server.AbstractConnector (AbstractConnector.java:doStart(333)) - Started ServerConnector@2c1c10b5{HTTP/1.1, (http/1.1)}{0.0.0.0:15161}
2024-03-15 21:38:55,136 [main] INFO  server.Server (Server.java:doStart(415)) - Started @51200ms
2024-03-15 21:38:55,136 [main] WARN  impl.MetricsSystemImpl (MetricsSystemImpl.java:register(279)) - Sink prometheus already exists!
2024-03-15 21:38:55,136 [main] INFO  http.BaseHttpServer (BaseHttpServer.java:updateConnectorAddress(354)) - HTTP server of hddsDatanode listening at http://0.0.0.0:15161
2024-03-15 21:38:55,137 [main] INFO  ipc.CallQueueManager (CallQueueManager.java:<init>(90)) - Using callQueue: class java.util.concurrent.LinkedBlockingQueue, queueCapacity: 100, scheduler: class org.apache.hadoop.ipc.DefaultRpcScheduler, ipcBackoff: false.
2024-03-15 21:38:55,137 [main] INFO  ipc.Server (Server.java:<init>(1287)) - Listener at 0.0.0.0:15162
2024-03-15 21:38:55,137 [Socket Reader #1 for port 15162] INFO  ipc.Server (Server.java:run(1323)) - Starting Socket Reader #1 for port 15162
2024-03-15 21:38:55,139 [main] INFO  ozone.HddsDatanodeService (HddsDatanodeService.java:start(327)) - Datanode start with admins: [runner]
2024-03-15 21:38:55,139 [main] INFO  ozone.HddsDatanodeClientProtocolServer (HddsDatanodeClientProtocolServer.java:start(77)) - RPC server for Client /0.0.0.0:15162
2024-03-15 21:38:55,139 [IPC Server Responder] INFO  ipc.Server (Server.java:run(1562)) - IPC Server Responder: starting
2024-03-15 21:38:55,139 [IPC Server listener on 15162] INFO  ipc.Server (Server.java:run(1402)) - IPC Server listener on 15162: starting
2024-03-15 21:38:55,141 [e76b1ec9-b399-499f-a8ce-a1f080404f38-DatanodeStateMachineDaemonThread] INFO  statemachine.DatanodeStateMachine (DatanodeStateMachine.java:lambda$startDaemon$1(555)) - Ozone container server started.
2024-03-15 21:38:55,141 [main] WARN  dropwizard3.Dm3MetricRegistriesImpl (Dm3MetricRegistriesImpl.java:addReporterRegistration(113)) - New reporters are added after registries were created. Some metrics will be missing from the reporter. Please add reporter before adding any new registry.
2024-03-15 21:38:55,142 [main] WARN  dropwizard3.Dm3MetricRegistriesImpl (Dm3MetricRegistriesImpl.java:addReporterRegistration(113)) - New reporters are added after registries were created. Some metrics will be missing from the reporter. Please add reporter before adding any new registry.
2024-03-15 21:38:55,142 [main] INFO  impl.MetricsSystemImpl (MetricsSystemImpl.java:init(158)) - HddsDatanode metrics system started (again)
2024-03-15 21:38:55,145 [e76b1ec9-b399-499f-a8ce-a1f080404f38-DatanodeStateMachineTaskThread-0] INFO  datanode.InitDatanodeState (InitDatanodeState.java:persistContainerDatanodeDetails(139)) - DatanodeDetails is persisted to /home/runner/work/ozone/ozone/hadoop-ozone/integration-test/target/test-dir/MiniOzoneClusterImpl-3a4de177-78ca-4f6d-b60b-6b5c736a6a4e/ozone-meta/datanode-8/meta/datanode.id
2024-03-15 21:38:55,152 [main] INFO  ozone.HddsDatanodeService (HddsDatanodeService.java:start(240)) - HddsDatanodeService host:fv-az528-102.abqymjqvoexebeyq30kq3sdubb.bx.internal.cloudapp.net ip:10.1.0.11
2024-03-15 21:38:55,167 [main] INFO  upgrade.AbstractLayoutVersionManager (AbstractLayoutVersionManager.java:init(83)) - Initializing Layout version manager with metadata layout = HADOOP_PRC_PORTS_IN_DATANODEDETAILS (version = 7), software layout = HADOOP_PRC_PORTS_IN_DATANODEDETAILS (version = 7)
2024-03-15 21:38:55,167 [main] INFO  statemachine.DatanodeStateMachine (DatanodeStateMachine.java:getEndPointTaskThreadPoolSize(299)) - Datanode State Machine Task Thread Pool size 2
2024-03-15 21:38:55,169 [main] INFO  volume.HddsVolume (HddsVolume.java:<init>(125)) - Creating HddsVolume: /home/runner/work/ozone/ozone/hadoop-ozone/integration-test/target/test-dir/MiniOzoneClusterImpl-3a4de177-78ca-4f6d-b60b-6b5c736a6a4e/ozone-meta/datanode-9/data-0/hdds of storage type : DISK capacity : 9223372036854775807
2024-03-15 21:38:55,169 [main] INFO  volume.MutableVolumeSet (MutableVolumeSet.java:initializeVolumeSet(173)) - Added Volume : /home/runner/work/ozone/ozone/hadoop-ozone/integration-test/target/test-dir/MiniOzoneClusterImpl-3a4de177-78ca-4f6d-b60b-6b5c736a6a4e/ozone-meta/datanode-9/data-0/hdds to VolumeSet
2024-03-15 21:38:55,170 [main] INFO  volume.MutableVolumeSet (MutableVolumeSet.java:initializeVolumeSet(173)) - Added Volume : /home/runner/work/ozone/ozone/hadoop-ozone/integration-test/target/test-dir/MiniOzoneClusterImpl-3a4de177-78ca-4f6d-b60b-6b5c736a6a4e/ozone-meta/datanode-9/ratis to VolumeSet
2024-03-15 21:38:55,170 [main] INFO  ozoneimpl.OzoneContainer (HddsVolumeUtil.java:loadAllHddsVolumeDbStore(103)) - Load 1 volumes DbStore cost: 0ms
2024-03-15 21:38:55,172 [main] INFO  server.RaftServer (ConfUtils.java:logGet(46)) - raft.rpc.type = GRPC (default)
2024-03-15 21:38:55,172 [main] INFO  grpc.GrpcConfigKeys (ConfUtils.java:logFallback(53)) - raft.grpc.admin.host = null (fallback to raft.grpc.server.host)
2024-03-15 21:38:55,172 [main] INFO  grpc.GrpcConfigKeys (ConfUtils.java:logGet(46)) - raft.grpc.admin.port = 15174 (custom)
2024-03-15 21:38:55,173 [main] INFO  grpc.GrpcConfigKeys (ConfUtils.java:logFallback(53)) - raft.grpc.client.host = null (fallback to raft.grpc.server.host)
2024-03-15 21:38:55,173 [main] INFO  grpc.GrpcConfigKeys (ConfUtils.java:logGet(46)) - raft.grpc.client.port = 15173 (custom)
2024-03-15 21:38:55,173 [main] INFO  grpc.GrpcConfigKeys (ConfUtils.java:logGet(46)) - raft.grpc.server.host = null (default)
2024-03-15 21:38:55,173 [main] INFO  grpc.GrpcConfigKeys (ConfUtils.java:logGet(46)) - raft.grpc.server.port = 15175 (custom)
2024-03-15 21:38:55,173 [main] INFO  server.GrpcService (ConfUtils.java:logGet(46)) - raft.grpc.message.size.max = 32MB (=33554432) (custom)
2024-03-15 21:38:55,174 [main] INFO  server.RaftServerConfigKeys (ConfUtils.java:logGet(46)) - raft.server.log.appender.buffer.byte-limit = 8388608 (custom)
2024-03-15 21:38:55,174 [main] INFO  server.GrpcService (ConfUtils.java:logGet(46)) - raft.grpc.flow.control.window = 5MB (=5242880) (custom)
2024-03-15 21:38:55,174 [main] INFO  server.RaftServerConfigKeys (ConfUtils.java:logGet(46)) - raft.server.rpc.request.timeout = 3000ms (default)
2024-03-15 21:38:55,174 [main] INFO  grpc.GrpcConfigKeys (ConfUtils.java:logGet(46)) - raft.grpc.server.heartbeat.channel = true (default)
2024-03-15 21:38:55,174 [main] INFO  grpc.GrpcConfigKeys (ConfUtils.java:logGet(46)) - raft.grpc.server.async.request.thread.pool.cached = true (default)
2024-03-15 21:38:55,174 [main] INFO  grpc.GrpcConfigKeys (ConfUtils.java:logGet(46)) - raft.grpc.server.async.request.thread.pool.size = 32 (default)
2024-03-15 21:38:55,176 [main] INFO  impl.DataStreamServerImpl (ConfUtils.java:logGet(46)) - raft.datastream.type = NETTY (custom)
2024-03-15 21:38:55,176 [main] INFO  server.RaftServerConfigKeys (ConfUtils.java:logGet(46)) - raft.server.data-stream.async.request.thread.pool.cached = false (default)
2024-03-15 21:38:55,176 [main] INFO  server.RaftServerConfigKeys (ConfUtils.java:logGet(46)) - raft.server.data-stream.async.request.thread.pool.size = 20 (custom)
2024-03-15 21:38:55,177 [main] INFO  server.RaftServerConfigKeys (ConfUtils.java:logGet(46)) - raft.server.data-stream.async.write.thread.pool.size = 16 (default)
2024-03-15 21:38:55,177 [main] INFO  netty.NettyConfigKeys$DataStream (ConfUtils.java:logGet(46)) - raft.netty.dataStream.server.channel.inactive.grace-period = 10min (default)
2024-03-15 21:38:55,177 [main] INFO  server.RaftServerConfigKeys (ConfUtils.java:logGet(46)) - raft.server.data-stream.client.pool.size = 10 (default)
2024-03-15 21:38:55,177 [main] INFO  netty.NettyConfigKeys$DataStream (ConfUtils.java:logGet(46)) - raft.netty.dataStream.server.use-epoll = true (default)
2024-03-15 21:38:55,177 [main] INFO  netty.NettyConfigKeys$DataStream (ConfUtils.java:logGet(46)) - raft.netty.dataStream.server.boss-group.size = 0 (default)
2024-03-15 21:38:55,177 [main] INFO  netty.NettyUtils (NettyUtils.java:newEventLoopGroup(69)) - Create EpollEventLoopGroup for 8b353431-6b66-4460-9602-55c815b93317-NettyServerStreamRpc-bossGroup; Thread size is 0.
2024-03-15 21:38:55,178 [main] INFO  netty.NettyConfigKeys$DataStream (ConfUtils.java:logGet(46)) - raft.netty.dataStream.server.worker-group.size = 0 (default)
2024-03-15 21:38:55,178 [main] INFO  netty.NettyUtils (NettyUtils.java:newEventLoopGroup(69)) - Create EpollEventLoopGroup for 8b353431-6b66-4460-9602-55c815b93317-NettyServerStreamRpc-workerGroup; Thread size is 0.
2024-03-15 21:38:55,178 [main] INFO  netty.NettyConfigKeys$DataStream (ConfUtils.java:logGet(46)) - raft.netty.dataStream.server.tls.conf = null (default)
2024-03-15 21:38:55,178 [main] INFO  netty.NettyConfigKeys$DataStream (ConfUtils.java:logGet(46)) - raft.netty.dataStream.host = null (default)
2024-03-15 21:38:55,178 [main] INFO  netty.NettyConfigKeys$DataStream (ConfUtils.java:logGet(46)) - raft.netty.dataStream.port = 15176 (custom)
2024-03-15 21:38:55,179 [main] INFO  server.RaftServerConfigKeys (ConfUtils.java:logGet(46)) - raft.server.sleep.deviation.threshold = 300ms (default)
2024-03-15 21:38:55,179 [main] INFO  server.RaftServerConfigKeys (ConfUtils.java:logGet(46)) - raft.server.close.threshold = 60s (default)
2024-03-15 21:38:55,179 [main] INFO  server.RaftServerConfigKeys (ConfUtils.java:logGet(46)) - raft.server.leaderelection.leader.step-down.wait-time = 10s (default)
2024-03-15 21:38:55,179 [8b353431-6b66-4460-9602-55c815b93317-NettyServerStreamRpc-bossGroup--thread1] INFO  logging.LoggingHandler (AbstractInternalLogger.java:log(148)) - [id: 0xa8d89345] REGISTERED
2024-03-15 21:38:55,179 [main] INFO  server.RaftServerConfigKeys (ConfUtils.java:logGet(46)) - raft.server.storage.dir = [/home/runner/work/ozone/ozone/hadoop-ozone/integration-test/target/test-dir/MiniOzoneClusterImpl-3a4de177-78ca-4f6d-b60b-6b5c736a6a4e/ozone-meta/datanode-9/ratis] (custom)
2024-03-15 21:38:55,180 [8b353431-6b66-4460-9602-55c815b93317-NettyServerStreamRpc-bossGroup--thread1] INFO  logging.LoggingHandler (AbstractInternalLogger.java:log(148)) - [id: 0xa8d89345] BIND: 0.0.0.0/0.0.0.0:15176
2024-03-15 21:38:55,180 [main] INFO  server.RaftServerConfigKeys (ConfUtils.java:logGet(46)) - raft.server.threadpool.proxy.cached = true (default)
2024-03-15 21:38:55,180 [8b353431-6b66-4460-9602-55c815b93317-NettyServerStreamRpc-bossGroup--thread1] INFO  logging.LoggingHandler (AbstractInternalLogger.java:log(148)) - [id: 0xa8d89345, L:/0.0.0.0:15176] ACTIVE
2024-03-15 21:38:55,180 [main] INFO  server.RaftServerConfigKeys (ConfUtils.java:logGet(46)) - raft.server.threadpool.proxy.size = 0 (default)
2024-03-15 21:38:55,180 [8b353431-6b66-4460-9602-55c815b93317-impl-thread1] INFO  server.RaftServer (RaftServerProxy.java:initGroupDir(264)) - 8b353431-6b66-4460-9602-55c815b93317: found a subdirectory /home/runner/work/ozone/ozone/hadoop-ozone/integration-test/target/test-dir/MiniOzoneClusterImpl-3a4de177-78ca-4f6d-b60b-6b5c736a6a4e/ozone-meta/datanode-9/ratis/tmp
2024-03-15 21:38:55,180 [8b353431-6b66-4460-9602-55c815b93317-impl-thread1] INFO  server.RaftServer (RaftServerProxy.java:initGroupDir(269)) - 8b353431-6b66-4460-9602-55c815b93317: The directory /home/runner/work/ozone/ozone/hadoop-ozone/integration-test/target/test-dir/MiniOzoneClusterImpl-3a4de177-78ca-4f6d-b60b-6b5c736a6a4e/ozone-meta/datanode-9/ratis/tmp is not a group directory; ignoring it. 
2024-03-15 21:38:55,181 [main] INFO  replication.ReplicationServer (ReplicationServer.java:<init>(86)) - Initializing replication server with thread count = 10 queue length = 4096
2024-03-15 21:38:55,181 [main] INFO  server.XceiverServerGrpc (XceiverServerGrpc.java:<init>(141)) - GrpcServer channel type EpollServerSocketChannel
2024-03-15 21:38:55,182 [main] INFO  replication.ReplicationSupervisor (ReplicationSupervisor.java:build(163)) - Initializing replication supervisor with thread count = 10
2024-03-15 21:38:55,182 [main] INFO  replication.ReplicationSupervisor (ReplicationSupervisor.java:nodeStateUpdated(317)) - Node state updated to IN_SERVICE, scaling executor pool size to 10
2024-03-15 21:38:55,184 [main] INFO  http.BaseHttpServer (BaseHttpServer.java:newHttpServer2BuilderForOzone(223)) - Starting Web-server for hddsDatanode at: http://0.0.0.0:15170
2024-03-15 21:38:55,184 [main] INFO  http.BaseHttpServer (BaseHttpServer.java:<init>(110)) - Hadoop Security Enabled: false Ozone Security Enabled: false Ozone HTTP Security Enabled: false 
2024-03-15 21:38:55,185 [main] WARN  server.AuthenticationFilter (AuthenticationFilter.java:constructSecretProvider(240)) - Unable to initialize FileSignerSecretProvider, falling back to use random secrets. Reason: Could not read signature secret file: /home/runner/hadoop-http-auth-signature-secret
2024-03-15 21:38:55,185 [main] INFO  http.HttpRequestLog (HttpRequestLog.java:getRequestLog(86)) - Http request log for http.requests.hddsDatanode is not defined
2024-03-15 21:38:55,186 [main] INFO  http.HttpServer2 (HttpServer2.java:addGlobalFilter(1036)) - Added global filter 'safety' (class=org.apache.hadoop.hdds.server.http.HttpServer2$QuotingInputFilter)
2024-03-15 21:38:55,187 [main] INFO  http.HttpServer2 (HttpServer2.java:addFilter(1012)) - Added filter static_user_filter (class=org.apache.hadoop.http.lib.StaticUserWebFilter$StaticUserFilter) to context hddsDatanode
2024-03-15 21:38:55,187 [main] INFO  http.HttpServer2 (HttpServer2.java:addFilter(1020)) - Added filter static_user_filter (class=org.apache.hadoop.http.lib.StaticUserWebFilter$StaticUserFilter) to context static
2024-03-15 21:38:55,187 [main] INFO  http.HttpServer2 (HttpServer2.java:addFilter(1020)) - Added filter static_user_filter (class=org.apache.hadoop.http.lib.StaticUserWebFilter$StaticUserFilter) to context logs
2024-03-15 21:38:55,187 [main] INFO  http.BaseHttpServer (BaseHttpServer.java:<init>(189)) - HTTP server of hddsDatanode uses base directory /home/runner/work/ozone/ozone/hadoop-ozone/integration-test/target/test-dir/MiniOzoneClusterImpl-3a4de177-78ca-4f6d-b60b-6b5c736a6a4e/ozone-meta/datanode-9/meta/webserver
2024-03-15 21:38:55,188 [main] INFO  http.HttpServer2 (HttpServer2.java:bindListener(1236)) - Jetty bound to port 15170
2024-03-15 21:38:55,188 [main] INFO  server.Server (Server.java:doStart(375)) - jetty-9.4.53.v20231009; built: 2023-10-09T12:29:09.265Z; git: 27bde00a0b95a1d5bbee0eae7984f891d2d0f8c9; jvm 1.8.0_402-b06
2024-03-15 21:38:55,189 [main] INFO  server.session (DefaultSessionIdManager.java:doStart(334)) - DefaultSessionIdManager workerName=node0
2024-03-15 21:38:55,189 [main] INFO  server.session (DefaultSessionIdManager.java:doStart(339)) - No SessionScavenger set, using defaults
2024-03-15 21:38:55,189 [main] INFO  server.session (HouseKeeper.java:startScavenging(132)) - node0 Scavenging every 600000ms
2024-03-15 21:38:55,190 [main] INFO  handler.ContextHandler (ContextHandler.java:doStart(921)) - Started o.e.j.s.ServletContextHandler@792b67f1{logs,/logs,file:///home/runner/work/ozone/ozone/hadoop-ozone/integration-test/target/log,AVAILABLE}
2024-03-15 21:38:55,190 [main] INFO  handler.ContextHandler (ContextHandler.java:doStart(921)) - Started o.e.j.s.ServletContextHandler@54b1bd57{static,/static,jar:file:/home/runner/.m2/repository/org/apache/ozone/hdds-container-service/1.5.0-SNAPSHOT/hdds-container-service-1.5.0-SNAPSHOT.jar!/webapps/static,AVAILABLE}
2024-03-15 21:38:55,222 [main] INFO  handler.ContextHandler (ContextHandler.java:doStart(921)) - Started o.e.j.w.WebAppContext@7ce9c69f{hddsDatanode,/,file:///home/runner/work/ozone/ozone/hadoop-ozone/integration-test/target/test-dir/MiniOzoneClusterImpl-3a4de177-78ca-4f6d-b60b-6b5c736a6a4e/ozone-meta/datanode-9/meta/webserver/jetty-0_0_0_0-15170-hdds-container-service-1_5_0-SNAPSHOT_jar-_-any-1051264230675479830/webapp/,AVAILABLE}{jar:file:/home/runner/.m2/repository/org/apache/ozone/hdds-container-service/1.5.0-SNAPSHOT/hdds-container-service-1.5.0-SNAPSHOT.jar!/webapps/hddsDatanode}
2024-03-15 21:38:55,225 [main] INFO  server.AbstractConnector (AbstractConnector.java:doStart(333)) - Started ServerConnector@69fdf6ed{HTTP/1.1, (http/1.1)}{0.0.0.0:15170}
2024-03-15 21:38:55,225 [main] INFO  server.Server (Server.java:doStart(415)) - Started @51289ms
2024-03-15 21:38:55,225 [main] WARN  impl.MetricsSystemImpl (MetricsSystemImpl.java:register(279)) - Sink prometheus already exists!
2024-03-15 21:38:55,226 [main] INFO  http.BaseHttpServer (BaseHttpServer.java:updateConnectorAddress(354)) - HTTP server of hddsDatanode listening at http://0.0.0.0:15170
2024-03-15 21:38:55,226 [main] INFO  ipc.CallQueueManager (CallQueueManager.java:<init>(90)) - Using callQueue: class java.util.concurrent.LinkedBlockingQueue, queueCapacity: 100, scheduler: class org.apache.hadoop.ipc.DefaultRpcScheduler, ipcBackoff: false.
2024-03-15 21:38:55,226 [main] INFO  ipc.Server (Server.java:<init>(1287)) - Listener at 0.0.0.0:15171
2024-03-15 21:38:55,227 [Socket Reader #1 for port 15171] INFO  ipc.Server (Server.java:run(1323)) - Starting Socket Reader #1 for port 15171
2024-03-15 21:38:55,230 [main] INFO  ozone.HddsDatanodeService (HddsDatanodeService.java:start(327)) - Datanode start with admins: [runner]
2024-03-15 21:38:55,230 [main] INFO  ozone.HddsDatanodeClientProtocolServer (HddsDatanodeClientProtocolServer.java:start(77)) - RPC server for Client /0.0.0.0:15171
2024-03-15 21:38:55,233 [IPC Server Responder] INFO  ipc.Server (Server.java:run(1562)) - IPC Server Responder: starting
2024-03-15 21:38:55,233 [IPC Server listener on 15171] INFO  ipc.Server (Server.java:run(1402)) - IPC Server listener on 15171: starting
2024-03-15 21:38:55,242 [8b353431-6b66-4460-9602-55c815b93317-DatanodeStateMachineDaemonThread] INFO  statemachine.DatanodeStateMachine (DatanodeStateMachine.java:lambda$startDaemon$1(555)) - Ozone container server started.
2024-03-15 21:38:55,244 [main] INFO  ozone.MiniOzoneClusterImpl (MiniOzoneClusterImpl.java:lambda$waitForClusterToBeReady$0(194)) - Waiting for nodes to be ready. Got 0 of 9 DN Heartbeats.
2024-03-15 21:38:55,244 [main] INFO  ozone.MiniOzoneClusterImpl (MiniOzoneClusterImpl.java:lambda$waitForClusterToBeReady$0(197)) - Waiting for cluster to exit safe mode
2024-03-15 21:38:55,245 [main] INFO  ozone.MiniOzoneClusterImpl (MiniOzoneClusterImpl.java:lambda$waitForClusterToBeReady$0(199)) - SCM became leader
2024-03-15 21:38:55,248 [8b353431-6b66-4460-9602-55c815b93317-DatanodeStateMachineTaskThread-0] INFO  datanode.InitDatanodeState (InitDatanodeState.java:persistContainerDatanodeDetails(139)) - DatanodeDetails is persisted to /home/runner/work/ozone/ozone/hadoop-ozone/integration-test/target/test-dir/MiniOzoneClusterImpl-3a4de177-78ca-4f6d-b60b-6b5c736a6a4e/ozone-meta/datanode-9/meta/datanode.id
2024-03-15 21:38:55,271 [om1@group-C5BA1605619E-FollowerState] INFO  impl.FollowerState (FollowerState.java:run(143)) - om1@group-C5BA1605619E-FollowerState: change to CANDIDATE, lastRpcElapsedTime:1115053307ns, electionTimeout:1113ms
2024-03-15 21:38:55,271 [om1@group-C5BA1605619E-FollowerState] INFO  impl.RoleInfo (RoleInfo.java:shutdownFollowerState(110)) - om1: shutdown om1@group-C5BA1605619E-FollowerState
2024-03-15 21:38:55,271 [om1@group-C5BA1605619E-FollowerState] INFO  server.RaftServer$Division (RaftServerImpl.java:setRole(383)) - om1@group-C5BA1605619E: changes role from  FOLLOWER to CANDIDATE at term 0 for changeToCandidate
2024-03-15 21:38:55,271 [om1@group-C5BA1605619E-FollowerState] INFO  server.RaftServerConfigKeys (ConfUtils.java:logGet(46)) - raft.server.leaderelection.pre-vote = true (default)
2024-03-15 21:38:55,271 [om1@group-C5BA1605619E-FollowerState] INFO  impl.RoleInfo (RoleInfo.java:updateAndGet(139)) - om1: start om1@group-C5BA1605619E-LeaderElection17
2024-03-15 21:38:55,274 [om1@group-C5BA1605619E-LeaderElection17] INFO  impl.LeaderElection (LeaderElection.java:askForVotes(321)) - om1@group-C5BA1605619E-LeaderElection17 PRE_VOTE round 0: submit vote requests at term 0 for -1: peers:[om1|localhost:15096]|listeners:[], old=null
2024-03-15 21:38:55,274 [om1@group-C5BA1605619E-LeaderElection17] INFO  impl.LeaderElection (LeaderElection.java:askForVotes(323)) - om1@group-C5BA1605619E-LeaderElection17 PRE_VOTE round 0: result PASSED (term=0)
2024-03-15 21:38:55,275 [om1@group-C5BA1605619E-LeaderElection17] INFO  impl.LeaderElection (LeaderElection.java:askForVotes(321)) - om1@group-C5BA1605619E-LeaderElection17 ELECTION round 0: submit vote requests at term 1 for -1: peers:[om1|localhost:15096]|listeners:[], old=null
2024-03-15 21:38:55,275 [om1@group-C5BA1605619E-LeaderElection17] INFO  impl.LeaderElection (LeaderElection.java:askForVotes(323)) - om1@group-C5BA1605619E-LeaderElection17 ELECTION round 0: result PASSED (term=1)
2024-03-15 21:38:55,275 [om1@group-C5BA1605619E-LeaderElection17] INFO  impl.RoleInfo (RoleInfo.java:shutdownLeaderElection(130)) - om1: shutdown om1@group-C5BA1605619E-LeaderElection17
2024-03-15 21:38:55,275 [om1@group-C5BA1605619E-LeaderElection17] INFO  server.RaftServer$Division (RaftServerImpl.java:setRole(383)) - om1@group-C5BA1605619E: changes role from CANDIDATE to LEADER at term 1 for changeToLeader
2024-03-15 21:38:55,275 [om1@group-C5BA1605619E-LeaderElection17] INFO  server.RaftServerConfigKeys (ConfUtils.java:logGet(46)) - raft.server.staging.catchup.gap = 1000 (default)
2024-03-15 21:38:55,275 [om1@group-C5BA1605619E-LeaderElection17] INFO  server.RaftServerConfigKeys (ConfUtils.java:logGet(46)) - raft.server.write.element-limit = 4096 (default)
2024-03-15 21:38:55,276 [om1@group-C5BA1605619E-LeaderElection17] INFO  server.RaftServerConfigKeys (ConfUtils.java:logGet(46)) - raft.server.write.byte-limit = 64MB (=67108864) (default)
2024-03-15 21:38:55,276 [om1@group-C5BA1605619E-LeaderElection17] INFO  server.RaftServerConfigKeys (ConfUtils.java:logGet(46)) - raft.server.watch.timeout = 10s (default)
2024-03-15 21:38:55,276 [om1@group-C5BA1605619E-LeaderElection17] INFO  server.RaftServerConfigKeys (ConfUtils.java:logGet(46)) - raft.server.watch.timeout.denomination = 1s (default)
2024-03-15 21:38:55,276 [om1@group-C5BA1605619E-LeaderElection17] INFO  server.RaftServerConfigKeys (ConfUtils.java:logGet(46)) - raft.server.watch.element-limit = 65536 (default)
2024-03-15 21:38:55,276 [om1@group-C5BA1605619E-LeaderElection17] INFO  server.RaftServerConfigKeys (ConfUtils.java:logGet(46)) - raft.server.read.leader.lease.enabled = false (default)
2024-03-15 21:38:55,276 [om1@group-C5BA1605619E-LeaderElection17] INFO  server.RaftServerConfigKeys (ConfUtils.java:logGet(46)) - raft.server.read.leader.lease.timeout.ratio = 0.9 (default)
2024-03-15 21:38:55,276 [om1@group-C5BA1605619E-LeaderElection17] INFO  server.RaftServerConfigKeys (ConfUtils.java:logGet(46)) - raft.server.rpc.timeout.min = 1s (custom)
2024-03-15 21:38:55,276 [om1@group-C5BA1605619E-LeaderElection17] INFO  server.RaftServerConfigKeys (ConfUtils.java:logGet(46)) - raft.server.write.element-limit = 4096 (default)
2024-03-15 21:38:55,276 [om1@group-C5BA1605619E-LeaderElection17] INFO  server.RaftServerConfigKeys (ConfUtils.java:logGet(46)) - raft.server.write.follower.gap.ratio.max = -1.0 (default)
2024-03-15 21:38:55,276 [om1@group-C5BA1605619E-LeaderElection17] INFO  impl.RoleInfo (RoleInfo.java:updateAndGet(139)) - om1: start om1@group-C5BA1605619E-LeaderStateImpl
2024-03-15 21:38:55,277 [om1@group-C5BA1605619E-LeaderElection17] INFO  server.RaftServer$Division (RaftServerImpl.java:setFirstElection(574)) - om1@group-C5BA1605619E: set firstElectionSinceStartup to false for becomeLeader
2024-03-15 21:38:55,277 [om1@group-C5BA1605619E-LeaderElection17] INFO  server.RaftServer$Division (ServerState.java:setLeader(269)) - om1@group-C5BA1605619E: change Leader from null to om1 at term 1 for becomeLeader, leader elected after 1405ms
2024-03-15 21:38:55,277 [om1@group-C5BA1605619E-LeaderElection17] INFO  segmented.SegmentedRaftLogWorker (SegmentedRaftLogWorker.java:startLogSegment(430)) - om1@group-C5BA1605619E-SegmentedRaftLogWorker: Starting segment from index:0
2024-03-15 21:38:55,280 [om1@group-C5BA1605619E-SegmentedRaftLogWorker] INFO  segmented.BufferedWriteChannel (BufferedWriteChannel.java:open(62)) - open log_inprogress_0 at position 0
2024-03-15 21:38:55,280 [om1@group-C5BA1605619E-LeaderElection17] INFO  server.RaftServer$Division (ServerState.java:setRaftConf(386)) - om1@group-C5BA1605619E: set configuration 0: peers:[om1|localhost:15096]|listeners:[], old=null
2024-03-15 21:38:55,287 [om1@group-C5BA1605619E-SegmentedRaftLogWorker] INFO  segmented.SegmentedRaftLogWorker (SegmentedRaftLogWorker.java:execute(634)) - om1@group-C5BA1605619E-SegmentedRaftLogWorker: created new log segment /home/runner/work/ozone/ozone/hadoop-ozone/integration-test/target/test-dir/MiniOzoneClusterImpl-3a4de177-78ca-4f6d-b60b-6b5c736a6a4e/ozone-meta/ratis/bf265839-605b-3f16-9796-c5ba1605619e/current/log_inprogress_0
2024-03-15 21:38:55,288 [om1@group-C5BA1605619E-StateMachineUpdater] INFO  ratis.OzoneManagerStateMachine (OzoneManagerStateMachine.java:notifyConfigurationChanged(198)) - Received Configuration change notification from Ratis. New Peer list:
[id: "om1"
address: "localhost:15096"
startupRole: FOLLOWER
]
2024-03-15 21:38:55,289 [om1@group-C5BA1605619E-StateMachineUpdater] INFO  server.RaftServer$Division (LeaderStateImpl.java:isApplied(320)) - leader is ready since appliedIndex == 0 >= startIndex == 0
2024-03-15 21:38:56,245 [main] INFO  ozone.MiniOzoneClusterImpl (MiniOzoneClusterImpl.java:lambda$waitForClusterToBeReady$0(194)) - Waiting for nodes to be ready. Got 0 of 9 DN Heartbeats.
2024-03-15 21:38:56,245 [main] INFO  ozone.MiniOzoneClusterImpl (MiniOzoneClusterImpl.java:lambda$waitForClusterToBeReady$0(197)) - Waiting for cluster to exit safe mode
2024-03-15 21:38:56,245 [main] INFO  ozone.MiniOzoneClusterImpl (MiniOzoneClusterImpl.java:lambda$waitForClusterToBeReady$0(199)) - SCM became leader
2024-03-15 21:38:56,332 [b499248e-0c06-432d-b10b-4f9787fe0788-EndpointStateMachineTaskThread-/0.0.0.0:15091-0 ] INFO  utils.DatanodeStoreCache (DatanodeStoreCache.java:addDB(72)) - Added db /home/runner/work/ozone/ozone/hadoop-ozone/integration-test/target/test-dir/MiniOzoneClusterImpl-3a4de177-78ca-4f6d-b60b-6b5c736a6a4e/ozone-meta/datanode-1/data-0/hdds/3a4de177-78ca-4f6d-b60b-6b5c736a6a4e/DS-31c5c04b-17a6-49a8-87ae-533e4163a288/container.db to cache
2024-03-15 21:38:56,332 [b499248e-0c06-432d-b10b-4f9787fe0788-EndpointStateMachineTaskThread-/0.0.0.0:15091-0 ] INFO  volume.HddsVolume (HddsVolume.java:createDbStore(420)) - SchemaV3 db is created and loaded at /home/runner/work/ozone/ozone/hadoop-ozone/integration-test/target/test-dir/MiniOzoneClusterImpl-3a4de177-78ca-4f6d-b60b-6b5c736a6a4e/ozone-meta/datanode-1/data-0/hdds/3a4de177-78ca-4f6d-b60b-6b5c736a6a4e/DS-31c5c04b-17a6-49a8-87ae-533e4163a288/container.db for volume DS-31c5c04b-17a6-49a8-87ae-533e4163a288
2024-03-15 21:38:56,333 [b499248e-0c06-432d-b10b-4f9787fe0788-ContainerReader-0] INFO  ozoneimpl.ContainerReader (ContainerReader.java:readVolume(148)) - Start to verify containers on volume /home/runner/work/ozone/ozone/hadoop-ozone/integration-test/target/test-dir/MiniOzoneClusterImpl-3a4de177-78ca-4f6d-b60b-6b5c736a6a4e/ozone-meta/datanode-1/data-0/hdds
2024-03-15 21:38:56,333 [b499248e-0c06-432d-b10b-4f9787fe0788-ContainerReader-0] INFO  ozoneimpl.ContainerReader (ContainerReader.java:readVolume(178)) - Finish verifying containers on volume /home/runner/work/ozone/ozone/hadoop-ozone/integration-test/target/test-dir/MiniOzoneClusterImpl-3a4de177-78ca-4f6d-b60b-6b5c736a6a4e/ozone-meta/datanode-1/data-0/hdds
2024-03-15 21:38:56,333 [b499248e-0c06-432d-b10b-4f9787fe0788-EndpointStateMachineTaskThread-/0.0.0.0:15091-0 ] INFO  ozoneimpl.OzoneContainer (OzoneContainer.java:buildContainerSet(328)) - Build ContainerSet costs 0s
2024-03-15 21:38:56,334 [b499248e-0c06-432d-b10b-4f9787fe0788-EndpointStateMachineTaskThread-/0.0.0.0:15091-0 ] INFO  volume.ThrottledAsyncChecker (ThrottledAsyncChecker.java:schedule(141)) - Scheduling a check for /home/runner/work/ozone/ozone/hadoop-ozone/integration-test/target/test-dir/MiniOzoneClusterImpl-3a4de177-78ca-4f6d-b60b-6b5c736a6a4e/ozone-meta/datanode-1/data-0/hdds
2024-03-15 21:38:56,334 [b499248e-0c06-432d-b10b-4f9787fe0788-EndpointStateMachineTaskThread-/0.0.0.0:15091-0 ] INFO  volume.StorageVolumeChecker (StorageVolumeChecker.java:checkAllVolumes(218)) - Scheduled health check for volume /home/runner/work/ozone/ozone/hadoop-ozone/integration-test/target/test-dir/MiniOzoneClusterImpl-3a4de177-78ca-4f6d-b60b-6b5c736a6a4e/ozone-meta/datanode-1/data-0/hdds
2024-03-15 21:38:56,336 [b499248e-0c06-432d-b10b-4f9787fe0788-EndpointStateMachineTaskThread-/0.0.0.0:15091-0 ] INFO  volume.ThrottledAsyncChecker (ThrottledAsyncChecker.java:schedule(141)) - Scheduling a check for /home/runner/work/ozone/ozone/hadoop-ozone/integration-test/target/test-dir/MiniOzoneClusterImpl-3a4de177-78ca-4f6d-b60b-6b5c736a6a4e/ozone-meta/datanode-1/ratis
2024-03-15 21:38:56,336 [b499248e-0c06-432d-b10b-4f9787fe0788-EndpointStateMachineTaskThread-/0.0.0.0:15091-0 ] INFO  volume.StorageVolumeChecker (StorageVolumeChecker.java:checkAllVolumes(218)) - Scheduled health check for volume /home/runner/work/ozone/ozone/hadoop-ozone/integration-test/target/test-dir/MiniOzoneClusterImpl-3a4de177-78ca-4f6d-b60b-6b5c736a6a4e/ozone-meta/datanode-1/ratis
2024-03-15 21:38:56,336 [b499248e-0c06-432d-b10b-4f9787fe0788-EndpointStateMachineTaskThread-/0.0.0.0:15091-0 ] INFO  ozoneimpl.OzoneContainer (OzoneContainer.java:start(459)) - Attempting to start container services.
2024-03-15 21:38:56,337 [ContainerMetadataScanner] INFO  ozoneimpl.AbstractBackgroundContainerScanner (AbstractBackgroundContainerScanner.java:runIteration(87)) - Completed an iteration in 0 minutes. Number of iterations (since the data-node restart) : 1, Number of containers scanned in this iteration : 0, Number of unhealthy containers found in this iteration : 0
2024-03-15 21:38:56,337 [ContainerDataScanner(/home/runner/work/ozone/ozone/hadoop-ozone/integration-test/target/test-dir/MiniOzoneClusterImpl-3a4de177-78ca-4f6d-b60b-6b5c736a6a4e/ozone-meta/datanode-1/data-0/hdds)] INFO  ozoneimpl.AbstractBackgroundContainerScanner (AbstractBackgroundContainerScanner.java:runIteration(87)) - Completed an iteration in 0 minutes. Number of iterations (since the data-node restart) : 1, Number of containers scanned in this iteration : 0, Number of unhealthy containers found in this iteration : 0
2024-03-15 21:38:56,337 [b499248e-0c06-432d-b10b-4f9787fe0788-EndpointStateMachineTaskThread-/0.0.0.0:15091-0 ] INFO  replication.ReplicationServer (ReplicationServer.java:start(142)) - ReplicationServer is started using port 15105
2024-03-15 21:38:56,337 [b499248e-0c06-432d-b10b-4f9787fe0788-EndpointStateMachineTaskThread-/0.0.0.0:15091-0 ] INFO  ratis.XceiverServerRatis (XceiverServerRatis.java:start(566)) - Starting XceiverServerRatis b499248e-0c06-432d-b10b-4f9787fe0788
2024-03-15 21:38:56,338 [b499248e-0c06-432d-b10b-4f9787fe0788-EndpointStateMachineTaskThread-/0.0.0.0:15091-0 ] INFO  server.RaftServer (RaftServerProxy.java:startImpl(406)) - b499248e-0c06-432d-b10b-4f9787fe0788: start RPC server
2024-03-15 21:38:56,338 [b499248e-0c06-432d-b10b-4f9787fe0788-EndpointStateMachineTaskThread-/0.0.0.0:15091-0 ] INFO  server.GrpcService (GrpcService.java:startImpl(302)) - b499248e-0c06-432d-b10b-4f9787fe0788: GrpcService started, listening on 15101
2024-03-15 21:38:56,338 [b499248e-0c06-432d-b10b-4f9787fe0788-EndpointStateMachineTaskThread-/0.0.0.0:15091-0 ] INFO  server.GrpcService (GrpcService.java:startImpl(302)) - b499248e-0c06-432d-b10b-4f9787fe0788: GrpcService started, listening on 15103
2024-03-15 21:38:56,338 [b499248e-0c06-432d-b10b-4f9787fe0788-EndpointStateMachineTaskThread-/0.0.0.0:15091-0 ] INFO  server.GrpcService (GrpcService.java:startImpl(302)) - b499248e-0c06-432d-b10b-4f9787fe0788: GrpcService started, listening on 15102
2024-03-15 21:38:56,339 [b499248e-0c06-432d-b10b-4f9787fe0788-EndpointStateMachineTaskThread-/0.0.0.0:15091-0 ] INFO  ratis.XceiverServerRatis (XceiverServerRatis.java:getRealPort(592)) - XceiverServerRatis b499248e-0c06-432d-b10b-4f9787fe0788 is started using port 15101 for RATIS
2024-03-15 21:38:56,339 [JvmPauseMonitor13] INFO  util.JvmPauseMonitor (JvmPauseMonitor.java:run(146)) - JvmPauseMonitor-b499248e-0c06-432d-b10b-4f9787fe0788: Started
2024-03-15 21:38:56,339 [b499248e-0c06-432d-b10b-4f9787fe0788-EndpointStateMachineTaskThread-/0.0.0.0:15091-0 ] INFO  ratis.XceiverServerRatis (XceiverServerRatis.java:getRealPort(592)) - XceiverServerRatis b499248e-0c06-432d-b10b-4f9787fe0788 is started using port 15102 for RATIS_ADMIN
2024-03-15 21:38:56,339 [b499248e-0c06-432d-b10b-4f9787fe0788-EndpointStateMachineTaskThread-/0.0.0.0:15091-0 ] INFO  ratis.XceiverServerRatis (XceiverServerRatis.java:getRealPort(592)) - XceiverServerRatis b499248e-0c06-432d-b10b-4f9787fe0788 is started using port 15103 for RATIS_SERVER
2024-03-15 21:38:56,339 [b499248e-0c06-432d-b10b-4f9787fe0788-EndpointStateMachineTaskThread-/0.0.0.0:15091-0 ] INFO  ratis.XceiverServerRatis (XceiverServerRatis.java:getRealPort(592)) - XceiverServerRatis b499248e-0c06-432d-b10b-4f9787fe0788 is started using port 15104 for RATIS_DATASTREAM
2024-03-15 21:38:56,340 [b499248e-0c06-432d-b10b-4f9787fe0788-BlockDeletingService#0] INFO  interfaces.ContainerDeletionChoosingPolicyTemplate (ContainerDeletionChoosingPolicyTemplate.java:chooseContainerForBlockDeletion(85)) - Chosen 0/5000 blocks from 0 candidate containers.
2024-03-15 21:38:56,445 [ab213e82-42b9-48b1-ae0f-aa83a6d4a4a6-EndpointStateMachineTaskThread-/0.0.0.0:15091-0 ] INFO  utils.DatanodeStoreCache (DatanodeStoreCache.java:addDB(72)) - Added db /home/runner/work/ozone/ozone/hadoop-ozone/integration-test/target/test-dir/MiniOzoneClusterImpl-3a4de177-78ca-4f6d-b60b-6b5c736a6a4e/ozone-meta/datanode-2/data-0/hdds/3a4de177-78ca-4f6d-b60b-6b5c736a6a4e/DS-f4e254d4-e94f-4a37-bfdc-b875373ca5db/container.db to cache
2024-03-15 21:38:56,445 [ab213e82-42b9-48b1-ae0f-aa83a6d4a4a6-EndpointStateMachineTaskThread-/0.0.0.0:15091-0 ] INFO  volume.HddsVolume (HddsVolume.java:createDbStore(420)) - SchemaV3 db is created and loaded at /home/runner/work/ozone/ozone/hadoop-ozone/integration-test/target/test-dir/MiniOzoneClusterImpl-3a4de177-78ca-4f6d-b60b-6b5c736a6a4e/ozone-meta/datanode-2/data-0/hdds/3a4de177-78ca-4f6d-b60b-6b5c736a6a4e/DS-f4e254d4-e94f-4a37-bfdc-b875373ca5db/container.db for volume DS-f4e254d4-e94f-4a37-bfdc-b875373ca5db
2024-03-15 21:38:56,447 [ab213e82-42b9-48b1-ae0f-aa83a6d4a4a6-ContainerReader-0] INFO  ozoneimpl.ContainerReader (ContainerReader.java:readVolume(148)) - Start to verify containers on volume /home/runner/work/ozone/ozone/hadoop-ozone/integration-test/target/test-dir/MiniOzoneClusterImpl-3a4de177-78ca-4f6d-b60b-6b5c736a6a4e/ozone-meta/datanode-2/data-0/hdds
2024-03-15 21:38:56,447 [ab213e82-42b9-48b1-ae0f-aa83a6d4a4a6-ContainerReader-0] INFO  ozoneimpl.ContainerReader (ContainerReader.java:readVolume(178)) - Finish verifying containers on volume /home/runner/work/ozone/ozone/hadoop-ozone/integration-test/target/test-dir/MiniOzoneClusterImpl-3a4de177-78ca-4f6d-b60b-6b5c736a6a4e/ozone-meta/datanode-2/data-0/hdds
2024-03-15 21:38:56,447 [ab213e82-42b9-48b1-ae0f-aa83a6d4a4a6-EndpointStateMachineTaskThread-/0.0.0.0:15091-0 ] INFO  ozoneimpl.OzoneContainer (OzoneContainer.java:buildContainerSet(328)) - Build ContainerSet costs 0s
2024-03-15 21:38:56,447 [ab213e82-42b9-48b1-ae0f-aa83a6d4a4a6-EndpointStateMachineTaskThread-/0.0.0.0:15091-0 ] INFO  volume.ThrottledAsyncChecker (ThrottledAsyncChecker.java:schedule(141)) - Scheduling a check for /home/runner/work/ozone/ozone/hadoop-ozone/integration-test/target/test-dir/MiniOzoneClusterImpl-3a4de177-78ca-4f6d-b60b-6b5c736a6a4e/ozone-meta/datanode-2/data-0/hdds
2024-03-15 21:38:56,447 [ab213e82-42b9-48b1-ae0f-aa83a6d4a4a6-EndpointStateMachineTaskThread-/0.0.0.0:15091-0 ] INFO  volume.StorageVolumeChecker (StorageVolumeChecker.java:checkAllVolumes(218)) - Scheduled health check for volume /home/runner/work/ozone/ozone/hadoop-ozone/integration-test/target/test-dir/MiniOzoneClusterImpl-3a4de177-78ca-4f6d-b60b-6b5c736a6a4e/ozone-meta/datanode-2/data-0/hdds
2024-03-15 21:38:56,449 [ab213e82-42b9-48b1-ae0f-aa83a6d4a4a6-EndpointStateMachineTaskThread-/0.0.0.0:15091-0 ] INFO  volume.ThrottledAsyncChecker (ThrottledAsyncChecker.java:schedule(141)) - Scheduling a check for /home/runner/work/ozone/ozone/hadoop-ozone/integration-test/target/test-dir/MiniOzoneClusterImpl-3a4de177-78ca-4f6d-b60b-6b5c736a6a4e/ozone-meta/datanode-2/ratis
2024-03-15 21:38:56,449 [ab213e82-42b9-48b1-ae0f-aa83a6d4a4a6-EndpointStateMachineTaskThread-/0.0.0.0:15091-0 ] INFO  volume.StorageVolumeChecker (StorageVolumeChecker.java:checkAllVolumes(218)) - Scheduled health check for volume /home/runner/work/ozone/ozone/hadoop-ozone/integration-test/target/test-dir/MiniOzoneClusterImpl-3a4de177-78ca-4f6d-b60b-6b5c736a6a4e/ozone-meta/datanode-2/ratis
2024-03-15 21:38:56,450 [ab213e82-42b9-48b1-ae0f-aa83a6d4a4a6-EndpointStateMachineTaskThread-/0.0.0.0:15091-0 ] INFO  ozoneimpl.OzoneContainer (OzoneContainer.java:start(459)) - Attempting to start container services.
2024-03-15 21:38:56,450 [ab213e82-42b9-48b1-ae0f-aa83a6d4a4a6-EndpointStateMachineTaskThread-/0.0.0.0:15091-0 ] WARN  ozoneimpl.OnDemandContainerDataScanner (OnDemandContainerDataScanner.java:init(75)) - Trying to initialize on demand scanner a second time on a datanode.
2024-03-15 21:38:56,450 [ContainerMetadataScanner] INFO  ozoneimpl.AbstractBackgroundContainerScanner (AbstractBackgroundContainerScanner.java:runIteration(87)) - Completed an iteration in 0 minutes. Number of iterations (since the data-node restart) : 1, Number of containers scanned in this iteration : 0, Number of unhealthy containers found in this iteration : 0
2024-03-15 21:38:56,451 [ContainerDataScanner(/home/runner/work/ozone/ozone/hadoop-ozone/integration-test/target/test-dir/MiniOzoneClusterImpl-3a4de177-78ca-4f6d-b60b-6b5c736a6a4e/ozone-meta/datanode-2/data-0/hdds)] INFO  ozoneimpl.AbstractBackgroundContainerScanner (AbstractBackgroundContainerScanner.java:runIteration(87)) - Completed an iteration in 0 minutes. Number of iterations (since the data-node restart) : 1, Number of containers scanned in this iteration : 0, Number of unhealthy containers found in this iteration : 0
2024-03-15 21:38:56,451 [ab213e82-42b9-48b1-ae0f-aa83a6d4a4a6-EndpointStateMachineTaskThread-/0.0.0.0:15091-0 ] INFO  replication.ReplicationServer (ReplicationServer.java:start(142)) - ReplicationServer is started using port 15114
2024-03-15 21:38:56,451 [ab213e82-42b9-48b1-ae0f-aa83a6d4a4a6-EndpointStateMachineTaskThread-/0.0.0.0:15091-0 ] INFO  ratis.XceiverServerRatis (XceiverServerRatis.java:start(566)) - Starting XceiverServerRatis ab213e82-42b9-48b1-ae0f-aa83a6d4a4a6
2024-03-15 21:38:56,453 [ab213e82-42b9-48b1-ae0f-aa83a6d4a4a6-EndpointStateMachineTaskThread-/0.0.0.0:15091-0 ] INFO  server.RaftServer (RaftServerProxy.java:startImpl(406)) - ab213e82-42b9-48b1-ae0f-aa83a6d4a4a6: start RPC server
2024-03-15 21:38:56,453 [ab213e82-42b9-48b1-ae0f-aa83a6d4a4a6-EndpointStateMachineTaskThread-/0.0.0.0:15091-0 ] INFO  server.GrpcService (GrpcService.java:startImpl(302)) - ab213e82-42b9-48b1-ae0f-aa83a6d4a4a6: GrpcService started, listening on 15110
2024-03-15 21:38:56,454 [ab213e82-42b9-48b1-ae0f-aa83a6d4a4a6-EndpointStateMachineTaskThread-/0.0.0.0:15091-0 ] INFO  server.GrpcService (GrpcService.java:startImpl(302)) - ab213e82-42b9-48b1-ae0f-aa83a6d4a4a6: GrpcService started, listening on 15112
2024-03-15 21:38:56,454 [ab213e82-42b9-48b1-ae0f-aa83a6d4a4a6-EndpointStateMachineTaskThread-/0.0.0.0:15091-0 ] INFO  server.GrpcService (GrpcService.java:startImpl(302)) - ab213e82-42b9-48b1-ae0f-aa83a6d4a4a6: GrpcService started, listening on 15111
2024-03-15 21:38:56,454 [ab213e82-42b9-48b1-ae0f-aa83a6d4a4a6-EndpointStateMachineTaskThread-/0.0.0.0:15091-0 ] INFO  ratis.XceiverServerRatis (XceiverServerRatis.java:getRealPort(592)) - XceiverServerRatis ab213e82-42b9-48b1-ae0f-aa83a6d4a4a6 is started using port 15110 for RATIS
2024-03-15 21:38:56,454 [ab213e82-42b9-48b1-ae0f-aa83a6d4a4a6-EndpointStateMachineTaskThread-/0.0.0.0:15091-0 ] INFO  ratis.XceiverServerRatis (XceiverServerRatis.java:getRealPort(592)) - XceiverServerRatis ab213e82-42b9-48b1-ae0f-aa83a6d4a4a6 is started using port 15111 for RATIS_ADMIN
2024-03-15 21:38:56,454 [ab213e82-42b9-48b1-ae0f-aa83a6d4a4a6-EndpointStateMachineTaskThread-/0.0.0.0:15091-0 ] INFO  ratis.XceiverServerRatis (XceiverServerRatis.java:getRealPort(592)) - XceiverServerRatis ab213e82-42b9-48b1-ae0f-aa83a6d4a4a6 is started using port 15112 for RATIS_SERVER
2024-03-15 21:38:56,454 [ab213e82-42b9-48b1-ae0f-aa83a6d4a4a6-EndpointStateMachineTaskThread-/0.0.0.0:15091-0 ] INFO  ratis.XceiverServerRatis (XceiverServerRatis.java:getRealPort(592)) - XceiverServerRatis ab213e82-42b9-48b1-ae0f-aa83a6d4a4a6 is started using port 15113 for RATIS_DATASTREAM
2024-03-15 21:38:56,454 [JvmPauseMonitor14] INFO  util.JvmPauseMonitor (JvmPauseMonitor.java:run(146)) - JvmPauseMonitor-ab213e82-42b9-48b1-ae0f-aa83a6d4a4a6: Started
2024-03-15 21:38:56,456 [ab213e82-42b9-48b1-ae0f-aa83a6d4a4a6-BlockDeletingService#0] INFO  interfaces.ContainerDeletionChoosingPolicyTemplate (ContainerDeletionChoosingPolicyTemplate.java:chooseContainerForBlockDeletion(85)) - Chosen 0/5000 blocks from 0 candidate containers.
2024-03-15 21:38:56,547 [91ca698e-74b5-4d15-9852-8e087478f801-EndpointStateMachineTaskThread-/0.0.0.0:15091-0 ] INFO  utils.DatanodeStoreCache (DatanodeStoreCache.java:addDB(72)) - Added db /home/runner/work/ozone/ozone/hadoop-ozone/integration-test/target/test-dir/MiniOzoneClusterImpl-3a4de177-78ca-4f6d-b60b-6b5c736a6a4e/ozone-meta/datanode-3/data-0/hdds/3a4de177-78ca-4f6d-b60b-6b5c736a6a4e/DS-866e7ddb-15bc-424d-a4f4-661536b3ac02/container.db to cache
2024-03-15 21:38:56,547 [91ca698e-74b5-4d15-9852-8e087478f801-EndpointStateMachineTaskThread-/0.0.0.0:15091-0 ] INFO  volume.HddsVolume (HddsVolume.java:createDbStore(420)) - SchemaV3 db is created and loaded at /home/runner/work/ozone/ozone/hadoop-ozone/integration-test/target/test-dir/MiniOzoneClusterImpl-3a4de177-78ca-4f6d-b60b-6b5c736a6a4e/ozone-meta/datanode-3/data-0/hdds/3a4de177-78ca-4f6d-b60b-6b5c736a6a4e/DS-866e7ddb-15bc-424d-a4f4-661536b3ac02/container.db for volume DS-866e7ddb-15bc-424d-a4f4-661536b3ac02
2024-03-15 21:38:56,548 [91ca698e-74b5-4d15-9852-8e087478f801-ContainerReader-0] INFO  ozoneimpl.ContainerReader (ContainerReader.java:readVolume(148)) - Start to verify containers on volume /home/runner/work/ozone/ozone/hadoop-ozone/integration-test/target/test-dir/MiniOzoneClusterImpl-3a4de177-78ca-4f6d-b60b-6b5c736a6a4e/ozone-meta/datanode-3/data-0/hdds
2024-03-15 21:38:56,548 [91ca698e-74b5-4d15-9852-8e087478f801-ContainerReader-0] INFO  ozoneimpl.ContainerReader (ContainerReader.java:readVolume(178)) - Finish verifying containers on volume /home/runner/work/ozone/ozone/hadoop-ozone/integration-test/target/test-dir/MiniOzoneClusterImpl-3a4de177-78ca-4f6d-b60b-6b5c736a6a4e/ozone-meta/datanode-3/data-0/hdds
2024-03-15 21:38:56,548 [91ca698e-74b5-4d15-9852-8e087478f801-EndpointStateMachineTaskThread-/0.0.0.0:15091-0 ] INFO  ozoneimpl.OzoneContainer (OzoneContainer.java:buildContainerSet(328)) - Build ContainerSet costs 0s
2024-03-15 21:38:56,549 [91ca698e-74b5-4d15-9852-8e087478f801-EndpointStateMachineTaskThread-/0.0.0.0:15091-0 ] INFO  volume.ThrottledAsyncChecker (ThrottledAsyncChecker.java:schedule(141)) - Scheduling a check for /home/runner/work/ozone/ozone/hadoop-ozone/integration-test/target/test-dir/MiniOzoneClusterImpl-3a4de177-78ca-4f6d-b60b-6b5c736a6a4e/ozone-meta/datanode-3/data-0/hdds
2024-03-15 21:38:56,549 [91ca698e-74b5-4d15-9852-8e087478f801-EndpointStateMachineTaskThread-/0.0.0.0:15091-0 ] INFO  volume.StorageVolumeChecker (StorageVolumeChecker.java:checkAllVolumes(218)) - Scheduled health check for volume /home/runner/work/ozone/ozone/hadoop-ozone/integration-test/target/test-dir/MiniOzoneClusterImpl-3a4de177-78ca-4f6d-b60b-6b5c736a6a4e/ozone-meta/datanode-3/data-0/hdds
2024-03-15 21:38:56,551 [91ca698e-74b5-4d15-9852-8e087478f801-EndpointStateMachineTaskThread-/0.0.0.0:15091-0 ] INFO  volume.ThrottledAsyncChecker (ThrottledAsyncChecker.java:schedule(141)) - Scheduling a check for /home/runner/work/ozone/ozone/hadoop-ozone/integration-test/target/test-dir/MiniOzoneClusterImpl-3a4de177-78ca-4f6d-b60b-6b5c736a6a4e/ozone-meta/datanode-3/ratis
2024-03-15 21:38:56,551 [91ca698e-74b5-4d15-9852-8e087478f801-EndpointStateMachineTaskThread-/0.0.0.0:15091-0 ] INFO  volume.StorageVolumeChecker (StorageVolumeChecker.java:checkAllVolumes(218)) - Scheduled health check for volume /home/runner/work/ozone/ozone/hadoop-ozone/integration-test/target/test-dir/MiniOzoneClusterImpl-3a4de177-78ca-4f6d-b60b-6b5c736a6a4e/ozone-meta/datanode-3/ratis
2024-03-15 21:38:56,551 [91ca698e-74b5-4d15-9852-8e087478f801-EndpointStateMachineTaskThread-/0.0.0.0:15091-0 ] INFO  ozoneimpl.OzoneContainer (OzoneContainer.java:start(459)) - Attempting to start container services.
2024-03-15 21:38:56,552 [91ca698e-74b5-4d15-9852-8e087478f801-EndpointStateMachineTaskThread-/0.0.0.0:15091-0 ] WARN  ozoneimpl.OnDemandContainerDataScanner (OnDemandContainerDataScanner.java:init(75)) - Trying to initialize on demand scanner a second time on a datanode.
2024-03-15 21:38:56,552 [ContainerMetadataScanner] INFO  ozoneimpl.AbstractBackgroundContainerScanner (AbstractBackgroundContainerScanner.java:runIteration(87)) - Completed an iteration in 0 minutes. Number of iterations (since the data-node restart) : 1, Number of containers scanned in this iteration : 0, Number of unhealthy containers found in this iteration : 0
2024-03-15 21:38:56,552 [ContainerDataScanner(/home/runner/work/ozone/ozone/hadoop-ozone/integration-test/target/test-dir/MiniOzoneClusterImpl-3a4de177-78ca-4f6d-b60b-6b5c736a6a4e/ozone-meta/datanode-3/data-0/hdds)] INFO  ozoneimpl.AbstractBackgroundContainerScanner (AbstractBackgroundContainerScanner.java:runIteration(87)) - Completed an iteration in 0 minutes. Number of iterations (since the data-node restart) : 1, Number of containers scanned in this iteration : 0, Number of unhealthy containers found in this iteration : 0
2024-03-15 21:38:56,553 [91ca698e-74b5-4d15-9852-8e087478f801-EndpointStateMachineTaskThread-/0.0.0.0:15091-0 ] INFO  replication.ReplicationServer (ReplicationServer.java:start(142)) - ReplicationServer is started using port 15123
2024-03-15 21:38:56,553 [91ca698e-74b5-4d15-9852-8e087478f801-EndpointStateMachineTaskThread-/0.0.0.0:15091-0 ] INFO  ratis.XceiverServerRatis (XceiverServerRatis.java:start(566)) - Starting XceiverServerRatis 91ca698e-74b5-4d15-9852-8e087478f801
2024-03-15 21:38:56,554 [91ca698e-74b5-4d15-9852-8e087478f801-EndpointStateMachineTaskThread-/0.0.0.0:15091-0 ] INFO  server.RaftServer (RaftServerProxy.java:startImpl(406)) - 91ca698e-74b5-4d15-9852-8e087478f801: start RPC server
2024-03-15 21:38:56,554 [91ca698e-74b5-4d15-9852-8e087478f801-EndpointStateMachineTaskThread-/0.0.0.0:15091-0 ] INFO  server.GrpcService (GrpcService.java:startImpl(302)) - 91ca698e-74b5-4d15-9852-8e087478f801: GrpcService started, listening on 15119
2024-03-15 21:38:56,554 [91ca698e-74b5-4d15-9852-8e087478f801-EndpointStateMachineTaskThread-/0.0.0.0:15091-0 ] INFO  server.GrpcService (GrpcService.java:startImpl(302)) - 91ca698e-74b5-4d15-9852-8e087478f801: GrpcService started, listening on 15121
2024-03-15 21:38:56,555 [91ca698e-74b5-4d15-9852-8e087478f801-EndpointStateMachineTaskThread-/0.0.0.0:15091-0 ] INFO  server.GrpcService (GrpcService.java:startImpl(302)) - 91ca698e-74b5-4d15-9852-8e087478f801: GrpcService started, listening on 15120
2024-03-15 21:38:56,555 [91ca698e-74b5-4d15-9852-8e087478f801-EndpointStateMachineTaskThread-/0.0.0.0:15091-0 ] INFO  ratis.XceiverServerRatis (XceiverServerRatis.java:getRealPort(592)) - XceiverServerRatis 91ca698e-74b5-4d15-9852-8e087478f801 is started using port 15119 for RATIS
2024-03-15 21:38:56,555 [JvmPauseMonitor15] INFO  util.JvmPauseMonitor (JvmPauseMonitor.java:run(146)) - JvmPauseMonitor-91ca698e-74b5-4d15-9852-8e087478f801: Started
2024-03-15 21:38:56,555 [91ca698e-74b5-4d15-9852-8e087478f801-EndpointStateMachineTaskThread-/0.0.0.0:15091-0 ] INFO  ratis.XceiverServerRatis (XceiverServerRatis.java:getRealPort(592)) - XceiverServerRatis 91ca698e-74b5-4d15-9852-8e087478f801 is started using port 15120 for RATIS_ADMIN
2024-03-15 21:38:56,555 [91ca698e-74b5-4d15-9852-8e087478f801-EndpointStateMachineTaskThread-/0.0.0.0:15091-0 ] INFO  ratis.XceiverServerRatis (XceiverServerRatis.java:getRealPort(592)) - XceiverServerRatis 91ca698e-74b5-4d15-9852-8e087478f801 is started using port 15121 for RATIS_SERVER
2024-03-15 21:38:56,555 [91ca698e-74b5-4d15-9852-8e087478f801-EndpointStateMachineTaskThread-/0.0.0.0:15091-0 ] INFO  ratis.XceiverServerRatis (XceiverServerRatis.java:getRealPort(592)) - XceiverServerRatis 91ca698e-74b5-4d15-9852-8e087478f801 is started using port 15122 for RATIS_DATASTREAM
2024-03-15 21:38:56,556 [91ca698e-74b5-4d15-9852-8e087478f801-BlockDeletingService#0] INFO  interfaces.ContainerDeletionChoosingPolicyTemplate (ContainerDeletionChoosingPolicyTemplate.java:chooseContainerForBlockDeletion(85)) - Chosen 0/5000 blocks from 0 candidate containers.
2024-03-15 21:38:56,664 [05ef7519-d18f-4616-94d2-fdbdf5167048-EndpointStateMachineTaskThread-/0.0.0.0:15091-0 ] INFO  utils.DatanodeStoreCache (DatanodeStoreCache.java:addDB(72)) - Added db /home/runner/work/ozone/ozone/hadoop-ozone/integration-test/target/test-dir/MiniOzoneClusterImpl-3a4de177-78ca-4f6d-b60b-6b5c736a6a4e/ozone-meta/datanode-4/data-0/hdds/3a4de177-78ca-4f6d-b60b-6b5c736a6a4e/DS-38769df1-d2c7-4b50-8889-454d9c274802/container.db to cache
2024-03-15 21:38:56,664 [05ef7519-d18f-4616-94d2-fdbdf5167048-EndpointStateMachineTaskThread-/0.0.0.0:15091-0 ] INFO  volume.HddsVolume (HddsVolume.java:createDbStore(420)) - SchemaV3 db is created and loaded at /home/runner/work/ozone/ozone/hadoop-ozone/integration-test/target/test-dir/MiniOzoneClusterImpl-3a4de177-78ca-4f6d-b60b-6b5c736a6a4e/ozone-meta/datanode-4/data-0/hdds/3a4de177-78ca-4f6d-b60b-6b5c736a6a4e/DS-38769df1-d2c7-4b50-8889-454d9c274802/container.db for volume DS-38769df1-d2c7-4b50-8889-454d9c274802
2024-03-15 21:38:56,666 [05ef7519-d18f-4616-94d2-fdbdf5167048-ContainerReader-0] INFO  ozoneimpl.ContainerReader (ContainerReader.java:readVolume(148)) - Start to verify containers on volume /home/runner/work/ozone/ozone/hadoop-ozone/integration-test/target/test-dir/MiniOzoneClusterImpl-3a4de177-78ca-4f6d-b60b-6b5c736a6a4e/ozone-meta/datanode-4/data-0/hdds
2024-03-15 21:38:56,666 [05ef7519-d18f-4616-94d2-fdbdf5167048-ContainerReader-0] INFO  ozoneimpl.ContainerReader (ContainerReader.java:readVolume(178)) - Finish verifying containers on volume /home/runner/work/ozone/ozone/hadoop-ozone/integration-test/target/test-dir/MiniOzoneClusterImpl-3a4de177-78ca-4f6d-b60b-6b5c736a6a4e/ozone-meta/datanode-4/data-0/hdds
2024-03-15 21:38:56,666 [05ef7519-d18f-4616-94d2-fdbdf5167048-EndpointStateMachineTaskThread-/0.0.0.0:15091-0 ] INFO  ozoneimpl.OzoneContainer (OzoneContainer.java:buildContainerSet(328)) - Build ContainerSet costs 0s
2024-03-15 21:38:56,666 [05ef7519-d18f-4616-94d2-fdbdf5167048-EndpointStateMachineTaskThread-/0.0.0.0:15091-0 ] INFO  volume.ThrottledAsyncChecker (ThrottledAsyncChecker.java:schedule(141)) - Scheduling a check for /home/runner/work/ozone/ozone/hadoop-ozone/integration-test/target/test-dir/MiniOzoneClusterImpl-3a4de177-78ca-4f6d-b60b-6b5c736a6a4e/ozone-meta/datanode-4/data-0/hdds
2024-03-15 21:38:56,666 [05ef7519-d18f-4616-94d2-fdbdf5167048-EndpointStateMachineTaskThread-/0.0.0.0:15091-0 ] INFO  volume.StorageVolumeChecker (StorageVolumeChecker.java:checkAllVolumes(218)) - Scheduled health check for volume /home/runner/work/ozone/ozone/hadoop-ozone/integration-test/target/test-dir/MiniOzoneClusterImpl-3a4de177-78ca-4f6d-b60b-6b5c736a6a4e/ozone-meta/datanode-4/data-0/hdds
2024-03-15 21:38:56,668 [05ef7519-d18f-4616-94d2-fdbdf5167048-EndpointStateMachineTaskThread-/0.0.0.0:15091-0 ] INFO  volume.ThrottledAsyncChecker (ThrottledAsyncChecker.java:schedule(141)) - Scheduling a check for /home/runner/work/ozone/ozone/hadoop-ozone/integration-test/target/test-dir/MiniOzoneClusterImpl-3a4de177-78ca-4f6d-b60b-6b5c736a6a4e/ozone-meta/datanode-4/ratis
2024-03-15 21:38:56,668 [05ef7519-d18f-4616-94d2-fdbdf5167048-EndpointStateMachineTaskThread-/0.0.0.0:15091-0 ] INFO  volume.StorageVolumeChecker (StorageVolumeChecker.java:checkAllVolumes(218)) - Scheduled health check for volume /home/runner/work/ozone/ozone/hadoop-ozone/integration-test/target/test-dir/MiniOzoneClusterImpl-3a4de177-78ca-4f6d-b60b-6b5c736a6a4e/ozone-meta/datanode-4/ratis
2024-03-15 21:38:56,669 [05ef7519-d18f-4616-94d2-fdbdf5167048-EndpointStateMachineTaskThread-/0.0.0.0:15091-0 ] INFO  ozoneimpl.OzoneContainer (OzoneContainer.java:start(459)) - Attempting to start container services.
2024-03-15 21:38:56,669 [05ef7519-d18f-4616-94d2-fdbdf5167048-EndpointStateMachineTaskThread-/0.0.0.0:15091-0 ] WARN  ozoneimpl.OnDemandContainerDataScanner (OnDemandContainerDataScanner.java:init(75)) - Trying to initialize on demand scanner a second time on a datanode.
2024-03-15 21:38:56,670 [ContainerMetadataScanner] INFO  ozoneimpl.AbstractBackgroundContainerScanner (AbstractBackgroundContainerScanner.java:runIteration(87)) - Completed an iteration in 0 minutes. Number of iterations (since the data-node restart) : 1, Number of containers scanned in this iteration : 0, Number of unhealthy containers found in this iteration : 0
2024-03-15 21:38:56,670 [ContainerDataScanner(/home/runner/work/ozone/ozone/hadoop-ozone/integration-test/target/test-dir/MiniOzoneClusterImpl-3a4de177-78ca-4f6d-b60b-6b5c736a6a4e/ozone-meta/datanode-4/data-0/hdds)] INFO  ozoneimpl.AbstractBackgroundContainerScanner (AbstractBackgroundContainerScanner.java:runIteration(87)) - Completed an iteration in 0 minutes. Number of iterations (since the data-node restart) : 1, Number of containers scanned in this iteration : 0, Number of unhealthy containers found in this iteration : 0
2024-03-15 21:38:56,670 [05ef7519-d18f-4616-94d2-fdbdf5167048-EndpointStateMachineTaskThread-/0.0.0.0:15091-0 ] INFO  replication.ReplicationServer (ReplicationServer.java:start(142)) - ReplicationServer is started using port 15132
2024-03-15 21:38:56,670 [05ef7519-d18f-4616-94d2-fdbdf5167048-EndpointStateMachineTaskThread-/0.0.0.0:15091-0 ] INFO  ratis.XceiverServerRatis (XceiverServerRatis.java:start(566)) - Starting XceiverServerRatis 05ef7519-d18f-4616-94d2-fdbdf5167048
2024-03-15 21:38:56,670 [05ef7519-d18f-4616-94d2-fdbdf5167048-EndpointStateMachineTaskThread-/0.0.0.0:15091-0 ] INFO  server.RaftServer (RaftServerProxy.java:startImpl(406)) - 05ef7519-d18f-4616-94d2-fdbdf5167048: start RPC server
2024-03-15 21:38:56,671 [05ef7519-d18f-4616-94d2-fdbdf5167048-EndpointStateMachineTaskThread-/0.0.0.0:15091-0 ] INFO  server.GrpcService (GrpcService.java:startImpl(302)) - 05ef7519-d18f-4616-94d2-fdbdf5167048: GrpcService started, listening on 15128
2024-03-15 21:38:56,671 [05ef7519-d18f-4616-94d2-fdbdf5167048-EndpointStateMachineTaskThread-/0.0.0.0:15091-0 ] INFO  server.GrpcService (GrpcService.java:startImpl(302)) - 05ef7519-d18f-4616-94d2-fdbdf5167048: GrpcService started, listening on 15130
2024-03-15 21:38:56,671 [05ef7519-d18f-4616-94d2-fdbdf5167048-EndpointStateMachineTaskThread-/0.0.0.0:15091-0 ] INFO  server.GrpcService (GrpcService.java:startImpl(302)) - 05ef7519-d18f-4616-94d2-fdbdf5167048: GrpcService started, listening on 15129
2024-03-15 21:38:56,671 [05ef7519-d18f-4616-94d2-fdbdf5167048-EndpointStateMachineTaskThread-/0.0.0.0:15091-0 ] INFO  ratis.XceiverServerRatis (XceiverServerRatis.java:getRealPort(592)) - XceiverServerRatis 05ef7519-d18f-4616-94d2-fdbdf5167048 is started using port 15128 for RATIS
2024-03-15 21:38:56,671 [JvmPauseMonitor16] INFO  util.JvmPauseMonitor (JvmPauseMonitor.java:run(146)) - JvmPauseMonitor-05ef7519-d18f-4616-94d2-fdbdf5167048: Started
2024-03-15 21:38:56,671 [05ef7519-d18f-4616-94d2-fdbdf5167048-EndpointStateMachineTaskThread-/0.0.0.0:15091-0 ] INFO  ratis.XceiverServerRatis (XceiverServerRatis.java:getRealPort(592)) - XceiverServerRatis 05ef7519-d18f-4616-94d2-fdbdf5167048 is started using port 15129 for RATIS_ADMIN
2024-03-15 21:38:56,671 [05ef7519-d18f-4616-94d2-fdbdf5167048-EndpointStateMachineTaskThread-/0.0.0.0:15091-0 ] INFO  ratis.XceiverServerRatis (XceiverServerRatis.java:getRealPort(592)) - XceiverServerRatis 05ef7519-d18f-4616-94d2-fdbdf5167048 is started using port 15130 for RATIS_SERVER
2024-03-15 21:38:56,672 [05ef7519-d18f-4616-94d2-fdbdf5167048-EndpointStateMachineTaskThread-/0.0.0.0:15091-0 ] INFO  ratis.XceiverServerRatis (XceiverServerRatis.java:getRealPort(592)) - XceiverServerRatis 05ef7519-d18f-4616-94d2-fdbdf5167048 is started using port 15131 for RATIS_DATASTREAM
2024-03-15 21:38:56,673 [05ef7519-d18f-4616-94d2-fdbdf5167048-BlockDeletingService#0] INFO  interfaces.ContainerDeletionChoosingPolicyTemplate (ContainerDeletionChoosingPolicyTemplate.java:chooseContainerForBlockDeletion(85)) - Chosen 0/5000 blocks from 0 candidate containers.
2024-03-15 21:38:56,840 [bf6310f0-ec4f-414e-a975-974a715da885-EndpointStateMachineTaskThread-/0.0.0.0:15091-0 ] INFO  utils.DatanodeStoreCache (DatanodeStoreCache.java:addDB(72)) - Added db /home/runner/work/ozone/ozone/hadoop-ozone/integration-test/target/test-dir/MiniOzoneClusterImpl-3a4de177-78ca-4f6d-b60b-6b5c736a6a4e/ozone-meta/datanode-5/data-0/hdds/3a4de177-78ca-4f6d-b60b-6b5c736a6a4e/DS-f39889e0-46b8-4eec-ae3e-509c2e1aae2d/container.db to cache
2024-03-15 21:38:56,840 [bf6310f0-ec4f-414e-a975-974a715da885-EndpointStateMachineTaskThread-/0.0.0.0:15091-0 ] INFO  volume.HddsVolume (HddsVolume.java:createDbStore(420)) - SchemaV3 db is created and loaded at /home/runner/work/ozone/ozone/hadoop-ozone/integration-test/target/test-dir/MiniOzoneClusterImpl-3a4de177-78ca-4f6d-b60b-6b5c736a6a4e/ozone-meta/datanode-5/data-0/hdds/3a4de177-78ca-4f6d-b60b-6b5c736a6a4e/DS-f39889e0-46b8-4eec-ae3e-509c2e1aae2d/container.db for volume DS-f39889e0-46b8-4eec-ae3e-509c2e1aae2d
2024-03-15 21:38:56,841 [bf6310f0-ec4f-414e-a975-974a715da885-ContainerReader-0] INFO  ozoneimpl.ContainerReader (ContainerReader.java:readVolume(148)) - Start to verify containers on volume /home/runner/work/ozone/ozone/hadoop-ozone/integration-test/target/test-dir/MiniOzoneClusterImpl-3a4de177-78ca-4f6d-b60b-6b5c736a6a4e/ozone-meta/datanode-5/data-0/hdds
2024-03-15 21:38:56,841 [bf6310f0-ec4f-414e-a975-974a715da885-ContainerReader-0] INFO  ozoneimpl.ContainerReader (ContainerReader.java:readVolume(178)) - Finish verifying containers on volume /home/runner/work/ozone/ozone/hadoop-ozone/integration-test/target/test-dir/MiniOzoneClusterImpl-3a4de177-78ca-4f6d-b60b-6b5c736a6a4e/ozone-meta/datanode-5/data-0/hdds
2024-03-15 21:38:56,841 [bf6310f0-ec4f-414e-a975-974a715da885-EndpointStateMachineTaskThread-/0.0.0.0:15091-0 ] INFO  ozoneimpl.OzoneContainer (OzoneContainer.java:buildContainerSet(328)) - Build ContainerSet costs 0s
2024-03-15 21:38:56,842 [bf6310f0-ec4f-414e-a975-974a715da885-EndpointStateMachineTaskThread-/0.0.0.0:15091-0 ] INFO  volume.ThrottledAsyncChecker (ThrottledAsyncChecker.java:schedule(141)) - Scheduling a check for /home/runner/work/ozone/ozone/hadoop-ozone/integration-test/target/test-dir/MiniOzoneClusterImpl-3a4de177-78ca-4f6d-b60b-6b5c736a6a4e/ozone-meta/datanode-5/data-0/hdds
2024-03-15 21:38:56,842 [bf6310f0-ec4f-414e-a975-974a715da885-EndpointStateMachineTaskThread-/0.0.0.0:15091-0 ] INFO  volume.StorageVolumeChecker (StorageVolumeChecker.java:checkAllVolumes(218)) - Scheduled health check for volume /home/runner/work/ozone/ozone/hadoop-ozone/integration-test/target/test-dir/MiniOzoneClusterImpl-3a4de177-78ca-4f6d-b60b-6b5c736a6a4e/ozone-meta/datanode-5/data-0/hdds
2024-03-15 21:38:56,844 [bf6310f0-ec4f-414e-a975-974a715da885-EndpointStateMachineTaskThread-/0.0.0.0:15091-0 ] INFO  volume.ThrottledAsyncChecker (ThrottledAsyncChecker.java:schedule(141)) - Scheduling a check for /home/runner/work/ozone/ozone/hadoop-ozone/integration-test/target/test-dir/MiniOzoneClusterImpl-3a4de177-78ca-4f6d-b60b-6b5c736a6a4e/ozone-meta/datanode-5/ratis
2024-03-15 21:38:56,844 [bf6310f0-ec4f-414e-a975-974a715da885-EndpointStateMachineTaskThread-/0.0.0.0:15091-0 ] INFO  volume.StorageVolumeChecker (StorageVolumeChecker.java:checkAllVolumes(218)) - Scheduled health check for volume /home/runner/work/ozone/ozone/hadoop-ozone/integration-test/target/test-dir/MiniOzoneClusterImpl-3a4de177-78ca-4f6d-b60b-6b5c736a6a4e/ozone-meta/datanode-5/ratis
2024-03-15 21:38:56,845 [bf6310f0-ec4f-414e-a975-974a715da885-EndpointStateMachineTaskThread-/0.0.0.0:15091-0 ] INFO  ozoneimpl.OzoneContainer (OzoneContainer.java:start(459)) - Attempting to start container services.
2024-03-15 21:38:56,845 [bf6310f0-ec4f-414e-a975-974a715da885-EndpointStateMachineTaskThread-/0.0.0.0:15091-0 ] WARN  ozoneimpl.OnDemandContainerDataScanner (OnDemandContainerDataScanner.java:init(75)) - Trying to initialize on demand scanner a second time on a datanode.
2024-03-15 21:38:56,845 [ContainerMetadataScanner] INFO  ozoneimpl.AbstractBackgroundContainerScanner (AbstractBackgroundContainerScanner.java:runIteration(87)) - Completed an iteration in 0 minutes. Number of iterations (since the data-node restart) : 1, Number of containers scanned in this iteration : 0, Number of unhealthy containers found in this iteration : 0
2024-03-15 21:38:56,846 [ContainerDataScanner(/home/runner/work/ozone/ozone/hadoop-ozone/integration-test/target/test-dir/MiniOzoneClusterImpl-3a4de177-78ca-4f6d-b60b-6b5c736a6a4e/ozone-meta/datanode-5/data-0/hdds)] INFO  ozoneimpl.AbstractBackgroundContainerScanner (AbstractBackgroundContainerScanner.java:runIteration(87)) - Completed an iteration in 0 minutes. Number of iterations (since the data-node restart) : 1, Number of containers scanned in this iteration : 0, Number of unhealthy containers found in this iteration : 0
2024-03-15 21:38:56,846 [bf6310f0-ec4f-414e-a975-974a715da885-EndpointStateMachineTaskThread-/0.0.0.0:15091-0 ] INFO  replication.ReplicationServer (ReplicationServer.java:start(142)) - ReplicationServer is started using port 15141
2024-03-15 21:38:56,846 [bf6310f0-ec4f-414e-a975-974a715da885-EndpointStateMachineTaskThread-/0.0.0.0:15091-0 ] INFO  ratis.XceiverServerRatis (XceiverServerRatis.java:start(566)) - Starting XceiverServerRatis bf6310f0-ec4f-414e-a975-974a715da885
2024-03-15 21:38:56,846 [bf6310f0-ec4f-414e-a975-974a715da885-EndpointStateMachineTaskThread-/0.0.0.0:15091-0 ] INFO  server.RaftServer (RaftServerProxy.java:startImpl(406)) - bf6310f0-ec4f-414e-a975-974a715da885: start RPC server
2024-03-15 21:38:56,847 [bf6310f0-ec4f-414e-a975-974a715da885-EndpointStateMachineTaskThread-/0.0.0.0:15091-0 ] INFO  server.GrpcService (GrpcService.java:startImpl(302)) - bf6310f0-ec4f-414e-a975-974a715da885: GrpcService started, listening on 15137
2024-03-15 21:38:56,847 [bf6310f0-ec4f-414e-a975-974a715da885-EndpointStateMachineTaskThread-/0.0.0.0:15091-0 ] INFO  server.GrpcService (GrpcService.java:startImpl(302)) - bf6310f0-ec4f-414e-a975-974a715da885: GrpcService started, listening on 15139
2024-03-15 21:38:56,847 [bf6310f0-ec4f-414e-a975-974a715da885-EndpointStateMachineTaskThread-/0.0.0.0:15091-0 ] INFO  server.GrpcService (GrpcService.java:startImpl(302)) - bf6310f0-ec4f-414e-a975-974a715da885: GrpcService started, listening on 15138
2024-03-15 21:38:56,847 [bf6310f0-ec4f-414e-a975-974a715da885-EndpointStateMachineTaskThread-/0.0.0.0:15091-0 ] INFO  ratis.XceiverServerRatis (XceiverServerRatis.java:getRealPort(592)) - XceiverServerRatis bf6310f0-ec4f-414e-a975-974a715da885 is started using port 15137 for RATIS
2024-03-15 21:38:56,847 [bf6310f0-ec4f-414e-a975-974a715da885-EndpointStateMachineTaskThread-/0.0.0.0:15091-0 ] INFO  ratis.XceiverServerRatis (XceiverServerRatis.java:getRealPort(592)) - XceiverServerRatis bf6310f0-ec4f-414e-a975-974a715da885 is started using port 15138 for RATIS_ADMIN
2024-03-15 21:38:56,847 [bf6310f0-ec4f-414e-a975-974a715da885-EndpointStateMachineTaskThread-/0.0.0.0:15091-0 ] INFO  ratis.XceiverServerRatis (XceiverServerRatis.java:getRealPort(592)) - XceiverServerRatis bf6310f0-ec4f-414e-a975-974a715da885 is started using port 15139 for RATIS_SERVER
2024-03-15 21:38:56,848 [bf6310f0-ec4f-414e-a975-974a715da885-EndpointStateMachineTaskThread-/0.0.0.0:15091-0 ] INFO  ratis.XceiverServerRatis (XceiverServerRatis.java:getRealPort(592)) - XceiverServerRatis bf6310f0-ec4f-414e-a975-974a715da885 is started using port 15140 for RATIS_DATASTREAM
2024-03-15 21:38:56,847 [JvmPauseMonitor17] INFO  util.JvmPauseMonitor (JvmPauseMonitor.java:run(146)) - JvmPauseMonitor-bf6310f0-ec4f-414e-a975-974a715da885: Started
2024-03-15 21:38:56,849 [bf6310f0-ec4f-414e-a975-974a715da885-BlockDeletingService#0] INFO  interfaces.ContainerDeletionChoosingPolicyTemplate (ContainerDeletionChoosingPolicyTemplate.java:chooseContainerForBlockDeletion(85)) - Chosen 0/5000 blocks from 0 candidate containers.
2024-03-15 21:38:56,961 [455def2e-61ff-4e49-9c6f-295594c4a0b8-EndpointStateMachineTaskThread-/0.0.0.0:15091-0 ] INFO  utils.DatanodeStoreCache (DatanodeStoreCache.java:addDB(72)) - Added db /home/runner/work/ozone/ozone/hadoop-ozone/integration-test/target/test-dir/MiniOzoneClusterImpl-3a4de177-78ca-4f6d-b60b-6b5c736a6a4e/ozone-meta/datanode-6/data-0/hdds/3a4de177-78ca-4f6d-b60b-6b5c736a6a4e/DS-eb995b45-3013-4025-a805-5bff8d4cfbe3/container.db to cache
2024-03-15 21:38:56,961 [455def2e-61ff-4e49-9c6f-295594c4a0b8-EndpointStateMachineTaskThread-/0.0.0.0:15091-0 ] INFO  volume.HddsVolume (HddsVolume.java:createDbStore(420)) - SchemaV3 db is created and loaded at /home/runner/work/ozone/ozone/hadoop-ozone/integration-test/target/test-dir/MiniOzoneClusterImpl-3a4de177-78ca-4f6d-b60b-6b5c736a6a4e/ozone-meta/datanode-6/data-0/hdds/3a4de177-78ca-4f6d-b60b-6b5c736a6a4e/DS-eb995b45-3013-4025-a805-5bff8d4cfbe3/container.db for volume DS-eb995b45-3013-4025-a805-5bff8d4cfbe3
2024-03-15 21:38:56,963 [455def2e-61ff-4e49-9c6f-295594c4a0b8-ContainerReader-0] INFO  ozoneimpl.ContainerReader (ContainerReader.java:readVolume(148)) - Start to verify containers on volume /home/runner/work/ozone/ozone/hadoop-ozone/integration-test/target/test-dir/MiniOzoneClusterImpl-3a4de177-78ca-4f6d-b60b-6b5c736a6a4e/ozone-meta/datanode-6/data-0/hdds
2024-03-15 21:38:56,963 [455def2e-61ff-4e49-9c6f-295594c4a0b8-ContainerReader-0] INFO  ozoneimpl.ContainerReader (ContainerReader.java:readVolume(178)) - Finish verifying containers on volume /home/runner/work/ozone/ozone/hadoop-ozone/integration-test/target/test-dir/MiniOzoneClusterImpl-3a4de177-78ca-4f6d-b60b-6b5c736a6a4e/ozone-meta/datanode-6/data-0/hdds
2024-03-15 21:38:56,963 [455def2e-61ff-4e49-9c6f-295594c4a0b8-EndpointStateMachineTaskThread-/0.0.0.0:15091-0 ] INFO  ozoneimpl.OzoneContainer (OzoneContainer.java:buildContainerSet(328)) - Build ContainerSet costs 0s
2024-03-15 21:38:56,963 [455def2e-61ff-4e49-9c6f-295594c4a0b8-EndpointStateMachineTaskThread-/0.0.0.0:15091-0 ] INFO  volume.ThrottledAsyncChecker (ThrottledAsyncChecker.java:schedule(141)) - Scheduling a check for /home/runner/work/ozone/ozone/hadoop-ozone/integration-test/target/test-dir/MiniOzoneClusterImpl-3a4de177-78ca-4f6d-b60b-6b5c736a6a4e/ozone-meta/datanode-6/data-0/hdds
2024-03-15 21:38:56,963 [455def2e-61ff-4e49-9c6f-295594c4a0b8-EndpointStateMachineTaskThread-/0.0.0.0:15091-0 ] INFO  volume.StorageVolumeChecker (StorageVolumeChecker.java:checkAllVolumes(218)) - Scheduled health check for volume /home/runner/work/ozone/ozone/hadoop-ozone/integration-test/target/test-dir/MiniOzoneClusterImpl-3a4de177-78ca-4f6d-b60b-6b5c736a6a4e/ozone-meta/datanode-6/data-0/hdds
2024-03-15 21:38:56,965 [455def2e-61ff-4e49-9c6f-295594c4a0b8-EndpointStateMachineTaskThread-/0.0.0.0:15091-0 ] INFO  volume.ThrottledAsyncChecker (ThrottledAsyncChecker.java:schedule(141)) - Scheduling a check for /home/runner/work/ozone/ozone/hadoop-ozone/integration-test/target/test-dir/MiniOzoneClusterImpl-3a4de177-78ca-4f6d-b60b-6b5c736a6a4e/ozone-meta/datanode-6/ratis
2024-03-15 21:38:56,965 [455def2e-61ff-4e49-9c6f-295594c4a0b8-EndpointStateMachineTaskThread-/0.0.0.0:15091-0 ] INFO  volume.StorageVolumeChecker (StorageVolumeChecker.java:checkAllVolumes(218)) - Scheduled health check for volume /home/runner/work/ozone/ozone/hadoop-ozone/integration-test/target/test-dir/MiniOzoneClusterImpl-3a4de177-78ca-4f6d-b60b-6b5c736a6a4e/ozone-meta/datanode-6/ratis
2024-03-15 21:38:56,966 [455def2e-61ff-4e49-9c6f-295594c4a0b8-EndpointStateMachineTaskThread-/0.0.0.0:15091-0 ] INFO  ozoneimpl.OzoneContainer (OzoneContainer.java:start(459)) - Attempting to start container services.
2024-03-15 21:38:56,966 [455def2e-61ff-4e49-9c6f-295594c4a0b8-EndpointStateMachineTaskThread-/0.0.0.0:15091-0 ] WARN  ozoneimpl.OnDemandContainerDataScanner (OnDemandContainerDataScanner.java:init(75)) - Trying to initialize on demand scanner a second time on a datanode.
2024-03-15 21:38:56,967 [ContainerMetadataScanner] INFO  ozoneimpl.AbstractBackgroundContainerScanner (AbstractBackgroundContainerScanner.java:runIteration(87)) - Completed an iteration in 0 minutes. Number of iterations (since the data-node restart) : 1, Number of containers scanned in this iteration : 0, Number of unhealthy containers found in this iteration : 0
2024-03-15 21:38:56,967 [ContainerDataScanner(/home/runner/work/ozone/ozone/hadoop-ozone/integration-test/target/test-dir/MiniOzoneClusterImpl-3a4de177-78ca-4f6d-b60b-6b5c736a6a4e/ozone-meta/datanode-6/data-0/hdds)] INFO  ozoneimpl.AbstractBackgroundContainerScanner (AbstractBackgroundContainerScanner.java:runIteration(87)) - Completed an iteration in 0 minutes. Number of iterations (since the data-node restart) : 1, Number of containers scanned in this iteration : 0, Number of unhealthy containers found in this iteration : 0
2024-03-15 21:38:56,967 [455def2e-61ff-4e49-9c6f-295594c4a0b8-EndpointStateMachineTaskThread-/0.0.0.0:15091-0 ] INFO  replication.ReplicationServer (ReplicationServer.java:start(142)) - ReplicationServer is started using port 15150
2024-03-15 21:38:56,967 [455def2e-61ff-4e49-9c6f-295594c4a0b8-EndpointStateMachineTaskThread-/0.0.0.0:15091-0 ] INFO  ratis.XceiverServerRatis (XceiverServerRatis.java:start(566)) - Starting XceiverServerRatis 455def2e-61ff-4e49-9c6f-295594c4a0b8
2024-03-15 21:38:56,973 [455def2e-61ff-4e49-9c6f-295594c4a0b8-EndpointStateMachineTaskThread-/0.0.0.0:15091-0 ] INFO  server.RaftServer (RaftServerProxy.java:startImpl(406)) - 455def2e-61ff-4e49-9c6f-295594c4a0b8: start RPC server
2024-03-15 21:38:56,973 [455def2e-61ff-4e49-9c6f-295594c4a0b8-EndpointStateMachineTaskThread-/0.0.0.0:15091-0 ] INFO  server.GrpcService (GrpcService.java:startImpl(302)) - 455def2e-61ff-4e49-9c6f-295594c4a0b8: GrpcService started, listening on 15146
2024-03-15 21:38:56,973 [455def2e-61ff-4e49-9c6f-295594c4a0b8-EndpointStateMachineTaskThread-/0.0.0.0:15091-0 ] INFO  server.GrpcService (GrpcService.java:startImpl(302)) - 455def2e-61ff-4e49-9c6f-295594c4a0b8: GrpcService started, listening on 15148
2024-03-15 21:38:56,973 [455def2e-61ff-4e49-9c6f-295594c4a0b8-EndpointStateMachineTaskThread-/0.0.0.0:15091-0 ] INFO  server.GrpcService (GrpcService.java:startImpl(302)) - 455def2e-61ff-4e49-9c6f-295594c4a0b8: GrpcService started, listening on 15147
2024-03-15 21:38:56,974 [455def2e-61ff-4e49-9c6f-295594c4a0b8-EndpointStateMachineTaskThread-/0.0.0.0:15091-0 ] INFO  ratis.XceiverServerRatis (XceiverServerRatis.java:getRealPort(592)) - XceiverServerRatis 455def2e-61ff-4e49-9c6f-295594c4a0b8 is started using port 15146 for RATIS
2024-03-15 21:38:56,974 [455def2e-61ff-4e49-9c6f-295594c4a0b8-EndpointStateMachineTaskThread-/0.0.0.0:15091-0 ] INFO  ratis.XceiverServerRatis (XceiverServerRatis.java:getRealPort(592)) - XceiverServerRatis 455def2e-61ff-4e49-9c6f-295594c4a0b8 is started using port 15147 for RATIS_ADMIN
2024-03-15 21:38:56,974 [455def2e-61ff-4e49-9c6f-295594c4a0b8-EndpointStateMachineTaskThread-/0.0.0.0:15091-0 ] INFO  ratis.XceiverServerRatis (XceiverServerRatis.java:getRealPort(592)) - XceiverServerRatis 455def2e-61ff-4e49-9c6f-295594c4a0b8 is started using port 15148 for RATIS_SERVER
2024-03-15 21:38:56,974 [455def2e-61ff-4e49-9c6f-295594c4a0b8-EndpointStateMachineTaskThread-/0.0.0.0:15091-0 ] INFO  ratis.XceiverServerRatis (XceiverServerRatis.java:getRealPort(592)) - XceiverServerRatis 455def2e-61ff-4e49-9c6f-295594c4a0b8 is started using port 15149 for RATIS_DATASTREAM
2024-03-15 21:38:56,974 [JvmPauseMonitor18] INFO  util.JvmPauseMonitor (JvmPauseMonitor.java:run(146)) - JvmPauseMonitor-455def2e-61ff-4e49-9c6f-295594c4a0b8: Started
2024-03-15 21:38:56,978 [455def2e-61ff-4e49-9c6f-295594c4a0b8-BlockDeletingService#0] INFO  interfaces.ContainerDeletionChoosingPolicyTemplate (ContainerDeletionChoosingPolicyTemplate.java:chooseContainerForBlockDeletion(85)) - Chosen 0/5000 blocks from 0 candidate containers.
2024-03-15 21:38:57,064 [e952460c-8236-4bec-b567-d040e1d0e4f9-EndpointStateMachineTaskThread-/0.0.0.0:15091-0 ] INFO  utils.DatanodeStoreCache (DatanodeStoreCache.java:addDB(72)) - Added db /home/runner/work/ozone/ozone/hadoop-ozone/integration-test/target/test-dir/MiniOzoneClusterImpl-3a4de177-78ca-4f6d-b60b-6b5c736a6a4e/ozone-meta/datanode-7/data-0/hdds/3a4de177-78ca-4f6d-b60b-6b5c736a6a4e/DS-5a5b2c87-26d2-4941-9393-f517ebeab43e/container.db to cache
2024-03-15 21:38:57,065 [e952460c-8236-4bec-b567-d040e1d0e4f9-EndpointStateMachineTaskThread-/0.0.0.0:15091-0 ] INFO  volume.HddsVolume (HddsVolume.java:createDbStore(420)) - SchemaV3 db is created and loaded at /home/runner/work/ozone/ozone/hadoop-ozone/integration-test/target/test-dir/MiniOzoneClusterImpl-3a4de177-78ca-4f6d-b60b-6b5c736a6a4e/ozone-meta/datanode-7/data-0/hdds/3a4de177-78ca-4f6d-b60b-6b5c736a6a4e/DS-5a5b2c87-26d2-4941-9393-f517ebeab43e/container.db for volume DS-5a5b2c87-26d2-4941-9393-f517ebeab43e
2024-03-15 21:38:57,066 [e952460c-8236-4bec-b567-d040e1d0e4f9-ContainerReader-0] INFO  ozoneimpl.ContainerReader (ContainerReader.java:readVolume(148)) - Start to verify containers on volume /home/runner/work/ozone/ozone/hadoop-ozone/integration-test/target/test-dir/MiniOzoneClusterImpl-3a4de177-78ca-4f6d-b60b-6b5c736a6a4e/ozone-meta/datanode-7/data-0/hdds
2024-03-15 21:38:57,066 [e952460c-8236-4bec-b567-d040e1d0e4f9-ContainerReader-0] INFO  ozoneimpl.ContainerReader (ContainerReader.java:readVolume(178)) - Finish verifying containers on volume /home/runner/work/ozone/ozone/hadoop-ozone/integration-test/target/test-dir/MiniOzoneClusterImpl-3a4de177-78ca-4f6d-b60b-6b5c736a6a4e/ozone-meta/datanode-7/data-0/hdds
2024-03-15 21:38:57,066 [e952460c-8236-4bec-b567-d040e1d0e4f9-EndpointStateMachineTaskThread-/0.0.0.0:15091-0 ] INFO  ozoneimpl.OzoneContainer (OzoneContainer.java:buildContainerSet(328)) - Build ContainerSet costs 0s
2024-03-15 21:38:57,066 [e952460c-8236-4bec-b567-d040e1d0e4f9-EndpointStateMachineTaskThread-/0.0.0.0:15091-0 ] INFO  volume.ThrottledAsyncChecker (ThrottledAsyncChecker.java:schedule(141)) - Scheduling a check for /home/runner/work/ozone/ozone/hadoop-ozone/integration-test/target/test-dir/MiniOzoneClusterImpl-3a4de177-78ca-4f6d-b60b-6b5c736a6a4e/ozone-meta/datanode-7/data-0/hdds
2024-03-15 21:38:57,067 [e952460c-8236-4bec-b567-d040e1d0e4f9-EndpointStateMachineTaskThread-/0.0.0.0:15091-0 ] INFO  volume.StorageVolumeChecker (StorageVolumeChecker.java:checkAllVolumes(218)) - Scheduled health check for volume /home/runner/work/ozone/ozone/hadoop-ozone/integration-test/target/test-dir/MiniOzoneClusterImpl-3a4de177-78ca-4f6d-b60b-6b5c736a6a4e/ozone-meta/datanode-7/data-0/hdds
2024-03-15 21:38:57,068 [e952460c-8236-4bec-b567-d040e1d0e4f9-EndpointStateMachineTaskThread-/0.0.0.0:15091-0 ] INFO  volume.ThrottledAsyncChecker (ThrottledAsyncChecker.java:schedule(141)) - Scheduling a check for /home/runner/work/ozone/ozone/hadoop-ozone/integration-test/target/test-dir/MiniOzoneClusterImpl-3a4de177-78ca-4f6d-b60b-6b5c736a6a4e/ozone-meta/datanode-7/ratis
2024-03-15 21:38:57,068 [e952460c-8236-4bec-b567-d040e1d0e4f9-EndpointStateMachineTaskThread-/0.0.0.0:15091-0 ] INFO  volume.StorageVolumeChecker (StorageVolumeChecker.java:checkAllVolumes(218)) - Scheduled health check for volume /home/runner/work/ozone/ozone/hadoop-ozone/integration-test/target/test-dir/MiniOzoneClusterImpl-3a4de177-78ca-4f6d-b60b-6b5c736a6a4e/ozone-meta/datanode-7/ratis
2024-03-15 21:38:57,070 [e952460c-8236-4bec-b567-d040e1d0e4f9-EndpointStateMachineTaskThread-/0.0.0.0:15091-0 ] INFO  ozoneimpl.OzoneContainer (OzoneContainer.java:start(459)) - Attempting to start container services.
2024-03-15 21:38:57,070 [e952460c-8236-4bec-b567-d040e1d0e4f9-EndpointStateMachineTaskThread-/0.0.0.0:15091-0 ] WARN  ozoneimpl.OnDemandContainerDataScanner (OnDemandContainerDataScanner.java:init(75)) - Trying to initialize on demand scanner a second time on a datanode.
2024-03-15 21:38:57,071 [ContainerMetadataScanner] INFO  ozoneimpl.AbstractBackgroundContainerScanner (AbstractBackgroundContainerScanner.java:runIteration(87)) - Completed an iteration in 0 minutes. Number of iterations (since the data-node restart) : 1, Number of containers scanned in this iteration : 0, Number of unhealthy containers found in this iteration : 0
2024-03-15 21:38:57,071 [ContainerDataScanner(/home/runner/work/ozone/ozone/hadoop-ozone/integration-test/target/test-dir/MiniOzoneClusterImpl-3a4de177-78ca-4f6d-b60b-6b5c736a6a4e/ozone-meta/datanode-7/data-0/hdds)] INFO  ozoneimpl.AbstractBackgroundContainerScanner (AbstractBackgroundContainerScanner.java:runIteration(87)) - Completed an iteration in 0 minutes. Number of iterations (since the data-node restart) : 1, Number of containers scanned in this iteration : 0, Number of unhealthy containers found in this iteration : 0
2024-03-15 21:38:57,071 [e952460c-8236-4bec-b567-d040e1d0e4f9-EndpointStateMachineTaskThread-/0.0.0.0:15091-0 ] INFO  replication.ReplicationServer (ReplicationServer.java:start(142)) - ReplicationServer is started using port 15159
2024-03-15 21:38:57,071 [e952460c-8236-4bec-b567-d040e1d0e4f9-EndpointStateMachineTaskThread-/0.0.0.0:15091-0 ] INFO  ratis.XceiverServerRatis (XceiverServerRatis.java:start(566)) - Starting XceiverServerRatis e952460c-8236-4bec-b567-d040e1d0e4f9
2024-03-15 21:38:57,072 [e952460c-8236-4bec-b567-d040e1d0e4f9-EndpointStateMachineTaskThread-/0.0.0.0:15091-0 ] INFO  server.RaftServer (RaftServerProxy.java:startImpl(406)) - e952460c-8236-4bec-b567-d040e1d0e4f9: start RPC server
2024-03-15 21:38:57,072 [e952460c-8236-4bec-b567-d040e1d0e4f9-EndpointStateMachineTaskThread-/0.0.0.0:15091-0 ] INFO  server.GrpcService (GrpcService.java:startImpl(302)) - e952460c-8236-4bec-b567-d040e1d0e4f9: GrpcService started, listening on 15155
2024-03-15 21:38:57,072 [e952460c-8236-4bec-b567-d040e1d0e4f9-EndpointStateMachineTaskThread-/0.0.0.0:15091-0 ] INFO  server.GrpcService (GrpcService.java:startImpl(302)) - e952460c-8236-4bec-b567-d040e1d0e4f9: GrpcService started, listening on 15157
2024-03-15 21:38:57,072 [e952460c-8236-4bec-b567-d040e1d0e4f9-EndpointStateMachineTaskThread-/0.0.0.0:15091-0 ] INFO  server.GrpcService (GrpcService.java:startImpl(302)) - e952460c-8236-4bec-b567-d040e1d0e4f9: GrpcService started, listening on 15156
2024-03-15 21:38:57,073 [e952460c-8236-4bec-b567-d040e1d0e4f9-EndpointStateMachineTaskThread-/0.0.0.0:15091-0 ] INFO  ratis.XceiverServerRatis (XceiverServerRatis.java:getRealPort(592)) - XceiverServerRatis e952460c-8236-4bec-b567-d040e1d0e4f9 is started using port 15155 for RATIS
2024-03-15 21:38:57,073 [e952460c-8236-4bec-b567-d040e1d0e4f9-EndpointStateMachineTaskThread-/0.0.0.0:15091-0 ] INFO  ratis.XceiverServerRatis (XceiverServerRatis.java:getRealPort(592)) - XceiverServerRatis e952460c-8236-4bec-b567-d040e1d0e4f9 is started using port 15156 for RATIS_ADMIN
2024-03-15 21:38:57,073 [e952460c-8236-4bec-b567-d040e1d0e4f9-EndpointStateMachineTaskThread-/0.0.0.0:15091-0 ] INFO  ratis.XceiverServerRatis (XceiverServerRatis.java:getRealPort(592)) - XceiverServerRatis e952460c-8236-4bec-b567-d040e1d0e4f9 is started using port 15157 for RATIS_SERVER
2024-03-15 21:38:57,073 [e952460c-8236-4bec-b567-d040e1d0e4f9-EndpointStateMachineTaskThread-/0.0.0.0:15091-0 ] INFO  ratis.XceiverServerRatis (XceiverServerRatis.java:getRealPort(592)) - XceiverServerRatis e952460c-8236-4bec-b567-d040e1d0e4f9 is started using port 15158 for RATIS_DATASTREAM
2024-03-15 21:38:57,073 [JvmPauseMonitor19] INFO  util.JvmPauseMonitor (JvmPauseMonitor.java:run(146)) - JvmPauseMonitor-e952460c-8236-4bec-b567-d040e1d0e4f9: Started
2024-03-15 21:38:57,077 [e952460c-8236-4bec-b567-d040e1d0e4f9-BlockDeletingService#0] INFO  interfaces.ContainerDeletionChoosingPolicyTemplate (ContainerDeletionChoosingPolicyTemplate.java:chooseContainerForBlockDeletion(85)) - Chosen 0/5000 blocks from 0 candidate containers.
2024-03-15 21:38:57,160 [e76b1ec9-b399-499f-a8ce-a1f080404f38-EndpointStateMachineTaskThread-/0.0.0.0:15091-0 ] INFO  utils.DatanodeStoreCache (DatanodeStoreCache.java:addDB(72)) - Added db /home/runner/work/ozone/ozone/hadoop-ozone/integration-test/target/test-dir/MiniOzoneClusterImpl-3a4de177-78ca-4f6d-b60b-6b5c736a6a4e/ozone-meta/datanode-8/data-0/hdds/3a4de177-78ca-4f6d-b60b-6b5c736a6a4e/DS-be6c2b23-2620-49df-96a7-7023bed0cd4c/container.db to cache
2024-03-15 21:38:57,160 [e76b1ec9-b399-499f-a8ce-a1f080404f38-EndpointStateMachineTaskThread-/0.0.0.0:15091-0 ] INFO  volume.HddsVolume (HddsVolume.java:createDbStore(420)) - SchemaV3 db is created and loaded at /home/runner/work/ozone/ozone/hadoop-ozone/integration-test/target/test-dir/MiniOzoneClusterImpl-3a4de177-78ca-4f6d-b60b-6b5c736a6a4e/ozone-meta/datanode-8/data-0/hdds/3a4de177-78ca-4f6d-b60b-6b5c736a6a4e/DS-be6c2b23-2620-49df-96a7-7023bed0cd4c/container.db for volume DS-be6c2b23-2620-49df-96a7-7023bed0cd4c
2024-03-15 21:38:57,162 [e76b1ec9-b399-499f-a8ce-a1f080404f38-ContainerReader-0] INFO  ozoneimpl.ContainerReader (ContainerReader.java:readVolume(148)) - Start to verify containers on volume /home/runner/work/ozone/ozone/hadoop-ozone/integration-test/target/test-dir/MiniOzoneClusterImpl-3a4de177-78ca-4f6d-b60b-6b5c736a6a4e/ozone-meta/datanode-8/data-0/hdds
2024-03-15 21:38:57,162 [e76b1ec9-b399-499f-a8ce-a1f080404f38-ContainerReader-0] INFO  ozoneimpl.ContainerReader (ContainerReader.java:readVolume(178)) - Finish verifying containers on volume /home/runner/work/ozone/ozone/hadoop-ozone/integration-test/target/test-dir/MiniOzoneClusterImpl-3a4de177-78ca-4f6d-b60b-6b5c736a6a4e/ozone-meta/datanode-8/data-0/hdds
2024-03-15 21:38:57,162 [e76b1ec9-b399-499f-a8ce-a1f080404f38-EndpointStateMachineTaskThread-/0.0.0.0:15091-0 ] INFO  ozoneimpl.OzoneContainer (OzoneContainer.java:buildContainerSet(328)) - Build ContainerSet costs 0s
2024-03-15 21:38:57,162 [e76b1ec9-b399-499f-a8ce-a1f080404f38-EndpointStateMachineTaskThread-/0.0.0.0:15091-0 ] INFO  volume.ThrottledAsyncChecker (ThrottledAsyncChecker.java:schedule(141)) - Scheduling a check for /home/runner/work/ozone/ozone/hadoop-ozone/integration-test/target/test-dir/MiniOzoneClusterImpl-3a4de177-78ca-4f6d-b60b-6b5c736a6a4e/ozone-meta/datanode-8/data-0/hdds
2024-03-15 21:38:57,162 [e76b1ec9-b399-499f-a8ce-a1f080404f38-EndpointStateMachineTaskThread-/0.0.0.0:15091-0 ] INFO  volume.StorageVolumeChecker (StorageVolumeChecker.java:checkAllVolumes(218)) - Scheduled health check for volume /home/runner/work/ozone/ozone/hadoop-ozone/integration-test/target/test-dir/MiniOzoneClusterImpl-3a4de177-78ca-4f6d-b60b-6b5c736a6a4e/ozone-meta/datanode-8/data-0/hdds
2024-03-15 21:38:57,164 [e76b1ec9-b399-499f-a8ce-a1f080404f38-EndpointStateMachineTaskThread-/0.0.0.0:15091-0 ] INFO  volume.ThrottledAsyncChecker (ThrottledAsyncChecker.java:schedule(141)) - Scheduling a check for /home/runner/work/ozone/ozone/hadoop-ozone/integration-test/target/test-dir/MiniOzoneClusterImpl-3a4de177-78ca-4f6d-b60b-6b5c736a6a4e/ozone-meta/datanode-8/ratis
2024-03-15 21:38:57,164 [e76b1ec9-b399-499f-a8ce-a1f080404f38-EndpointStateMachineTaskThread-/0.0.0.0:15091-0 ] INFO  volume.StorageVolumeChecker (StorageVolumeChecker.java:checkAllVolumes(218)) - Scheduled health check for volume /home/runner/work/ozone/ozone/hadoop-ozone/integration-test/target/test-dir/MiniOzoneClusterImpl-3a4de177-78ca-4f6d-b60b-6b5c736a6a4e/ozone-meta/datanode-8/ratis
2024-03-15 21:38:57,165 [e76b1ec9-b399-499f-a8ce-a1f080404f38-EndpointStateMachineTaskThread-/0.0.0.0:15091-0 ] INFO  ozoneimpl.OzoneContainer (OzoneContainer.java:start(459)) - Attempting to start container services.
2024-03-15 21:38:57,165 [e76b1ec9-b399-499f-a8ce-a1f080404f38-EndpointStateMachineTaskThread-/0.0.0.0:15091-0 ] WARN  ozoneimpl.OnDemandContainerDataScanner (OnDemandContainerDataScanner.java:init(75)) - Trying to initialize on demand scanner a second time on a datanode.
2024-03-15 21:38:57,166 [ContainerMetadataScanner] INFO  ozoneimpl.AbstractBackgroundContainerScanner (AbstractBackgroundContainerScanner.java:runIteration(87)) - Completed an iteration in 0 minutes. Number of iterations (since the data-node restart) : 1, Number of containers scanned in this iteration : 0, Number of unhealthy containers found in this iteration : 0
2024-03-15 21:38:57,166 [ContainerDataScanner(/home/runner/work/ozone/ozone/hadoop-ozone/integration-test/target/test-dir/MiniOzoneClusterImpl-3a4de177-78ca-4f6d-b60b-6b5c736a6a4e/ozone-meta/datanode-8/data-0/hdds)] INFO  ozoneimpl.AbstractBackgroundContainerScanner (AbstractBackgroundContainerScanner.java:runIteration(87)) - Completed an iteration in 0 minutes. Number of iterations (since the data-node restart) : 1, Number of containers scanned in this iteration : 0, Number of unhealthy containers found in this iteration : 0
2024-03-15 21:38:57,166 [e76b1ec9-b399-499f-a8ce-a1f080404f38-EndpointStateMachineTaskThread-/0.0.0.0:15091-0 ] INFO  replication.ReplicationServer (ReplicationServer.java:start(142)) - ReplicationServer is started using port 15168
2024-03-15 21:38:57,166 [e76b1ec9-b399-499f-a8ce-a1f080404f38-EndpointStateMachineTaskThread-/0.0.0.0:15091-0 ] INFO  ratis.XceiverServerRatis (XceiverServerRatis.java:start(566)) - Starting XceiverServerRatis e76b1ec9-b399-499f-a8ce-a1f080404f38
2024-03-15 21:38:57,166 [e76b1ec9-b399-499f-a8ce-a1f080404f38-EndpointStateMachineTaskThread-/0.0.0.0:15091-0 ] INFO  server.RaftServer (RaftServerProxy.java:startImpl(406)) - e76b1ec9-b399-499f-a8ce-a1f080404f38: start RPC server
2024-03-15 21:38:57,167 [e76b1ec9-b399-499f-a8ce-a1f080404f38-EndpointStateMachineTaskThread-/0.0.0.0:15091-0 ] INFO  server.GrpcService (GrpcService.java:startImpl(302)) - e76b1ec9-b399-499f-a8ce-a1f080404f38: GrpcService started, listening on 15164
2024-03-15 21:38:57,167 [e76b1ec9-b399-499f-a8ce-a1f080404f38-EndpointStateMachineTaskThread-/0.0.0.0:15091-0 ] INFO  server.GrpcService (GrpcService.java:startImpl(302)) - e76b1ec9-b399-499f-a8ce-a1f080404f38: GrpcService started, listening on 15166
2024-03-15 21:38:57,167 [e76b1ec9-b399-499f-a8ce-a1f080404f38-EndpointStateMachineTaskThread-/0.0.0.0:15091-0 ] INFO  server.GrpcService (GrpcService.java:startImpl(302)) - e76b1ec9-b399-499f-a8ce-a1f080404f38: GrpcService started, listening on 15165
2024-03-15 21:38:57,167 [e76b1ec9-b399-499f-a8ce-a1f080404f38-EndpointStateMachineTaskThread-/0.0.0.0:15091-0 ] INFO  ratis.XceiverServerRatis (XceiverServerRatis.java:getRealPort(592)) - XceiverServerRatis e76b1ec9-b399-499f-a8ce-a1f080404f38 is started using port 15164 for RATIS
2024-03-15 21:38:57,167 [JvmPauseMonitor20] INFO  util.JvmPauseMonitor (JvmPauseMonitor.java:run(146)) - JvmPauseMonitor-e76b1ec9-b399-499f-a8ce-a1f080404f38: Started
2024-03-15 21:38:57,167 [e76b1ec9-b399-499f-a8ce-a1f080404f38-EndpointStateMachineTaskThread-/0.0.0.0:15091-0 ] INFO  ratis.XceiverServerRatis (XceiverServerRatis.java:getRealPort(592)) - XceiverServerRatis e76b1ec9-b399-499f-a8ce-a1f080404f38 is started using port 15165 for RATIS_ADMIN
2024-03-15 21:38:57,167 [e76b1ec9-b399-499f-a8ce-a1f080404f38-EndpointStateMachineTaskThread-/0.0.0.0:15091-0 ] INFO  ratis.XceiverServerRatis (XceiverServerRatis.java:getRealPort(592)) - XceiverServerRatis e76b1ec9-b399-499f-a8ce-a1f080404f38 is started using port 15166 for RATIS_SERVER
2024-03-15 21:38:57,167 [e76b1ec9-b399-499f-a8ce-a1f080404f38-EndpointStateMachineTaskThread-/0.0.0.0:15091-0 ] INFO  ratis.XceiverServerRatis (XceiverServerRatis.java:getRealPort(592)) - XceiverServerRatis e76b1ec9-b399-499f-a8ce-a1f080404f38 is started using port 15167 for RATIS_DATASTREAM
2024-03-15 21:38:57,168 [e76b1ec9-b399-499f-a8ce-a1f080404f38-BlockDeletingService#0] INFO  interfaces.ContainerDeletionChoosingPolicyTemplate (ContainerDeletionChoosingPolicyTemplate.java:chooseContainerForBlockDeletion(85)) - Chosen 0/5000 blocks from 0 candidate containers.
2024-03-15 21:38:57,245 [main] INFO  ozone.MiniOzoneClusterImpl (MiniOzoneClusterImpl.java:lambda$waitForClusterToBeReady$0(194)) - Waiting for nodes to be ready. Got 0 of 9 DN Heartbeats.
2024-03-15 21:38:57,246 [main] INFO  ozone.MiniOzoneClusterImpl (MiniOzoneClusterImpl.java:lambda$waitForClusterToBeReady$0(197)) - Waiting for cluster to exit safe mode
2024-03-15 21:38:57,246 [main] INFO  ozone.MiniOzoneClusterImpl (MiniOzoneClusterImpl.java:lambda$waitForClusterToBeReady$0(199)) - SCM became leader
2024-03-15 21:38:57,264 [8b353431-6b66-4460-9602-55c815b93317-EndpointStateMachineTaskThread-/0.0.0.0:15091-0 ] INFO  utils.DatanodeStoreCache (DatanodeStoreCache.java:addDB(72)) - Added db /home/runner/work/ozone/ozone/hadoop-ozone/integration-test/target/test-dir/MiniOzoneClusterImpl-3a4de177-78ca-4f6d-b60b-6b5c736a6a4e/ozone-meta/datanode-9/data-0/hdds/3a4de177-78ca-4f6d-b60b-6b5c736a6a4e/DS-95e6eb80-b89c-4097-9d9a-3fbbe089db5c/container.db to cache
2024-03-15 21:38:57,264 [8b353431-6b66-4460-9602-55c815b93317-EndpointStateMachineTaskThread-/0.0.0.0:15091-0 ] INFO  volume.HddsVolume (HddsVolume.java:createDbStore(420)) - SchemaV3 db is created and loaded at /home/runner/work/ozone/ozone/hadoop-ozone/integration-test/target/test-dir/MiniOzoneClusterImpl-3a4de177-78ca-4f6d-b60b-6b5c736a6a4e/ozone-meta/datanode-9/data-0/hdds/3a4de177-78ca-4f6d-b60b-6b5c736a6a4e/DS-95e6eb80-b89c-4097-9d9a-3fbbe089db5c/container.db for volume DS-95e6eb80-b89c-4097-9d9a-3fbbe089db5c
2024-03-15 21:38:57,266 [8b353431-6b66-4460-9602-55c815b93317-ContainerReader-0] INFO  ozoneimpl.ContainerReader (ContainerReader.java:readVolume(148)) - Start to verify containers on volume /home/runner/work/ozone/ozone/hadoop-ozone/integration-test/target/test-dir/MiniOzoneClusterImpl-3a4de177-78ca-4f6d-b60b-6b5c736a6a4e/ozone-meta/datanode-9/data-0/hdds
2024-03-15 21:38:57,266 [8b353431-6b66-4460-9602-55c815b93317-ContainerReader-0] INFO  ozoneimpl.ContainerReader (ContainerReader.java:readVolume(178)) - Finish verifying containers on volume /home/runner/work/ozone/ozone/hadoop-ozone/integration-test/target/test-dir/MiniOzoneClusterImpl-3a4de177-78ca-4f6d-b60b-6b5c736a6a4e/ozone-meta/datanode-9/data-0/hdds
2024-03-15 21:38:57,266 [8b353431-6b66-4460-9602-55c815b93317-EndpointStateMachineTaskThread-/0.0.0.0:15091-0 ] INFO  ozoneimpl.OzoneContainer (OzoneContainer.java:buildContainerSet(328)) - Build ContainerSet costs 0s
2024-03-15 21:38:57,266 [8b353431-6b66-4460-9602-55c815b93317-EndpointStateMachineTaskThread-/0.0.0.0:15091-0 ] INFO  volume.ThrottledAsyncChecker (ThrottledAsyncChecker.java:schedule(141)) - Scheduling a check for /home/runner/work/ozone/ozone/hadoop-ozone/integration-test/target/test-dir/MiniOzoneClusterImpl-3a4de177-78ca-4f6d-b60b-6b5c736a6a4e/ozone-meta/datanode-9/data-0/hdds
2024-03-15 21:38:57,269 [8b353431-6b66-4460-9602-55c815b93317-EndpointStateMachineTaskThread-/0.0.0.0:15091-0 ] INFO  volume.StorageVolumeChecker (StorageVolumeChecker.java:checkAllVolumes(218)) - Scheduled health check for volume /home/runner/work/ozone/ozone/hadoop-ozone/integration-test/target/test-dir/MiniOzoneClusterImpl-3a4de177-78ca-4f6d-b60b-6b5c736a6a4e/ozone-meta/datanode-9/data-0/hdds
2024-03-15 21:38:57,270 [8b353431-6b66-4460-9602-55c815b93317-EndpointStateMachineTaskThread-/0.0.0.0:15091-0 ] INFO  volume.ThrottledAsyncChecker (ThrottledAsyncChecker.java:schedule(141)) - Scheduling a check for /home/runner/work/ozone/ozone/hadoop-ozone/integration-test/target/test-dir/MiniOzoneClusterImpl-3a4de177-78ca-4f6d-b60b-6b5c736a6a4e/ozone-meta/datanode-9/ratis
2024-03-15 21:38:57,270 [8b353431-6b66-4460-9602-55c815b93317-EndpointStateMachineTaskThread-/0.0.0.0:15091-0 ] INFO  volume.StorageVolumeChecker (StorageVolumeChecker.java:checkAllVolumes(218)) - Scheduled health check for volume /home/runner/work/ozone/ozone/hadoop-ozone/integration-test/target/test-dir/MiniOzoneClusterImpl-3a4de177-78ca-4f6d-b60b-6b5c736a6a4e/ozone-meta/datanode-9/ratis
2024-03-15 21:38:57,271 [8b353431-6b66-4460-9602-55c815b93317-EndpointStateMachineTaskThread-/0.0.0.0:15091-0 ] INFO  ozoneimpl.OzoneContainer (OzoneContainer.java:start(459)) - Attempting to start container services.
2024-03-15 21:38:57,272 [8b353431-6b66-4460-9602-55c815b93317-EndpointStateMachineTaskThread-/0.0.0.0:15091-0 ] WARN  ozoneimpl.OnDemandContainerDataScanner (OnDemandContainerDataScanner.java:init(75)) - Trying to initialize on demand scanner a second time on a datanode.
2024-03-15 21:38:57,272 [ContainerMetadataScanner] INFO  ozoneimpl.AbstractBackgroundContainerScanner (AbstractBackgroundContainerScanner.java:runIteration(87)) - Completed an iteration in 0 minutes. Number of iterations (since the data-node restart) : 1, Number of containers scanned in this iteration : 0, Number of unhealthy containers found in this iteration : 0
2024-03-15 21:38:57,272 [ContainerDataScanner(/home/runner/work/ozone/ozone/hadoop-ozone/integration-test/target/test-dir/MiniOzoneClusterImpl-3a4de177-78ca-4f6d-b60b-6b5c736a6a4e/ozone-meta/datanode-9/data-0/hdds)] INFO  ozoneimpl.AbstractBackgroundContainerScanner (AbstractBackgroundContainerScanner.java:runIteration(87)) - Completed an iteration in 0 minutes. Number of iterations (since the data-node restart) : 1, Number of containers scanned in this iteration : 0, Number of unhealthy containers found in this iteration : 0
2024-03-15 21:38:57,273 [8b353431-6b66-4460-9602-55c815b93317-EndpointStateMachineTaskThread-/0.0.0.0:15091-0 ] INFO  replication.ReplicationServer (ReplicationServer.java:start(142)) - ReplicationServer is started using port 15177
2024-03-15 21:38:57,273 [8b353431-6b66-4460-9602-55c815b93317-EndpointStateMachineTaskThread-/0.0.0.0:15091-0 ] INFO  ratis.XceiverServerRatis (XceiverServerRatis.java:start(566)) - Starting XceiverServerRatis 8b353431-6b66-4460-9602-55c815b93317
2024-03-15 21:38:57,273 [8b353431-6b66-4460-9602-55c815b93317-EndpointStateMachineTaskThread-/0.0.0.0:15091-0 ] INFO  server.RaftServer (RaftServerProxy.java:startImpl(406)) - 8b353431-6b66-4460-9602-55c815b93317: start RPC server
2024-03-15 21:38:57,273 [8b353431-6b66-4460-9602-55c815b93317-EndpointStateMachineTaskThread-/0.0.0.0:15091-0 ] INFO  server.GrpcService (GrpcService.java:startImpl(302)) - 8b353431-6b66-4460-9602-55c815b93317: GrpcService started, listening on 15173
2024-03-15 21:38:57,274 [8b353431-6b66-4460-9602-55c815b93317-EndpointStateMachineTaskThread-/0.0.0.0:15091-0 ] INFO  server.GrpcService (GrpcService.java:startImpl(302)) - 8b353431-6b66-4460-9602-55c815b93317: GrpcService started, listening on 15175
2024-03-15 21:38:57,274 [8b353431-6b66-4460-9602-55c815b93317-EndpointStateMachineTaskThread-/0.0.0.0:15091-0 ] INFO  server.GrpcService (GrpcService.java:startImpl(302)) - 8b353431-6b66-4460-9602-55c815b93317: GrpcService started, listening on 15174
2024-03-15 21:38:57,274 [8b353431-6b66-4460-9602-55c815b93317-EndpointStateMachineTaskThread-/0.0.0.0:15091-0 ] INFO  ratis.XceiverServerRatis (XceiverServerRatis.java:getRealPort(592)) - XceiverServerRatis 8b353431-6b66-4460-9602-55c815b93317 is started using port 15173 for RATIS
2024-03-15 21:38:57,274 [JvmPauseMonitor21] INFO  util.JvmPauseMonitor (JvmPauseMonitor.java:run(146)) - JvmPauseMonitor-8b353431-6b66-4460-9602-55c815b93317: Started
2024-03-15 21:38:57,274 [8b353431-6b66-4460-9602-55c815b93317-EndpointStateMachineTaskThread-/0.0.0.0:15091-0 ] INFO  ratis.XceiverServerRatis (XceiverServerRatis.java:getRealPort(592)) - XceiverServerRatis 8b353431-6b66-4460-9602-55c815b93317 is started using port 15174 for RATIS_ADMIN
2024-03-15 21:38:57,274 [8b353431-6b66-4460-9602-55c815b93317-EndpointStateMachineTaskThread-/0.0.0.0:15091-0 ] INFO  ratis.XceiverServerRatis (XceiverServerRatis.java:getRealPort(592)) - XceiverServerRatis 8b353431-6b66-4460-9602-55c815b93317 is started using port 15175 for RATIS_SERVER
2024-03-15 21:38:57,274 [8b353431-6b66-4460-9602-55c815b93317-EndpointStateMachineTaskThread-/0.0.0.0:15091-0 ] INFO  ratis.XceiverServerRatis (XceiverServerRatis.java:getRealPort(592)) - XceiverServerRatis 8b353431-6b66-4460-9602-55c815b93317 is started using port 15176 for RATIS_DATASTREAM
2024-03-15 21:38:57,275 [8b353431-6b66-4460-9602-55c815b93317-BlockDeletingService#0] INFO  interfaces.ContainerDeletionChoosingPolicyTemplate (ContainerDeletionChoosingPolicyTemplate.java:chooseContainerForBlockDeletion(85)) - Chosen 0/5000 blocks from 0 candidate containers.
2024-03-15 21:38:58,246 [main] INFO  ozone.MiniOzoneClusterImpl (MiniOzoneClusterImpl.java:lambda$waitForClusterToBeReady$0(194)) - Waiting for nodes to be ready. Got 0 of 9 DN Heartbeats.
2024-03-15 21:38:58,246 [main] INFO  ozone.MiniOzoneClusterImpl (MiniOzoneClusterImpl.java:lambda$waitForClusterToBeReady$0(197)) - Waiting for cluster to exit safe mode
2024-03-15 21:38:58,247 [main] INFO  ozone.MiniOzoneClusterImpl (MiniOzoneClusterImpl.java:lambda$waitForClusterToBeReady$0(199)) - SCM became leader
2024-03-15 21:38:58,312 [IPC Server handler 6 on default port 15091] INFO  net.NetworkTopologyImpl (NetworkTopologyImpl.java:add(133)) - Added a new node: /default-rack/b499248e-0c06-432d-b10b-4f9787fe0788
2024-03-15 21:38:58,313 [IPC Server handler 6 on default port 15091] INFO  node.SCMNodeManager (SCMNodeManager.java:register(421)) - Registered datanode: b499248e-0c06-432d-b10b-4f9787fe0788{ip: 10.1.0.11, host: fv-az528-102.abqymjqvoexebeyq30kq3sdubb.bx.internal.cloudapp.net, ports: [HTTP=15098, CLIENT_RPC=15099, REPLICATION=15105, RATIS=15101, RATIS_ADMIN=15102, RATIS_SERVER=15103, RATIS_DATASTREAM=15104, STANDALONE=15100], networkLocation: /default-rack, certSerialId: null, persistedOpState: null, persistedOpStateExpiryEpochSec: 0}
2024-03-15 21:38:58,315 [EventQueue-NewNodeForNewNodeHandler] INFO  pipeline.BackgroundPipelineCreator (BackgroundPipelineCreator.java:notifyEventTriggered(280)) - trigger a one-shot run on RatisPipelineUtilsThread.
2024-03-15 21:38:58,315 [EventQueue-NodeRegistrationContainerReportForContainerSafeModeRule] INFO  safemode.SCMSafeModeManager (SCMSafeModeManager.java:validateSafeModeExitRules(200)) - ContainerSafeModeRule rule is successfully validated
2024-03-15 21:38:58,315 [RatisPipelineUtilsThread-0] INFO  pipeline.RatisPipelineProvider (RatisPipelineProvider.java:lambda$create$0(205)) - Sending CreatePipelineCommand for pipeline:PipelineID=b3e70927-3de0-4d2c-a1d4-ec98f60edcf9 to datanode:b499248e-0c06-432d-b10b-4f9787fe0788
2024-03-15 21:38:58,315 [EventQueue-NodeRegistrationContainerReportForDataNodeSafeModeRule] INFO  safemode.SCMSafeModeManager (DataNodeSafeModeRule.java:process(71)) - SCM in safe mode. 1 DataNodes registered, 3 required.
2024-03-15 21:38:58,316 [EventQueue-PipelineReportForOneReplicaPipelineSafeModeRule] INFO  safemode.SCMSafeModeManager (SCMSafeModeManager.java:validateSafeModeExitRules(200)) - AtleastOneDatanodeReportedRule rule is successfully validated
2024-03-15 21:38:58,317 [RatisPipelineUtilsThread-0] INFO  pipeline.BackgroundPipelineCreator (BackgroundPipelineCreator.java:createPipelines(236)) - Created new pipeline Pipeline[ Id: b3e70927-3de0-4d2c-a1d4-ec98f60edcf9, Nodes: b499248e-0c06-432d-b10b-4f9787fe0788(fv-az528-102.abqymjqvoexebeyq30kq3sdubb.bx.internal.cloudapp.net/10.1.0.11), ReplicationConfig: RATIS/ONE, State:ALLOCATED, leaderId:, CreationTimestamp2024-03-15T21:38:58.315Z[Etc/UTC]]
2024-03-15 21:38:58,426 [IPC Server handler 7 on default port 15091] INFO  net.NetworkTopologyImpl (NetworkTopologyImpl.java:add(133)) - Added a new node: /default-rack/ab213e82-42b9-48b1-ae0f-aa83a6d4a4a6
2024-03-15 21:38:58,426 [IPC Server handler 7 on default port 15091] INFO  node.SCMNodeManager (SCMNodeManager.java:register(421)) - Registered datanode: ab213e82-42b9-48b1-ae0f-aa83a6d4a4a6{ip: 10.1.0.11, host: fv-az528-102.abqymjqvoexebeyq30kq3sdubb.bx.internal.cloudapp.net, ports: [HTTP=15107, CLIENT_RPC=15108, REPLICATION=15114, RATIS=15110, RATIS_ADMIN=15111, RATIS_SERVER=15112, RATIS_DATASTREAM=15113, STANDALONE=15109], networkLocation: /default-rack, certSerialId: null, persistedOpState: null, persistedOpStateExpiryEpochSec: 0}
2024-03-15 21:38:58,427 [EventQueue-NewNodeForNewNodeHandler] INFO  pipeline.BackgroundPipelineCreator (BackgroundPipelineCreator.java:notifyEventTriggered(280)) - trigger a one-shot run on RatisPipelineUtilsThread.
2024-03-15 21:38:58,427 [RatisPipelineUtilsThread-0] INFO  pipeline.RatisPipelineProvider (RatisPipelineProvider.java:lambda$create$0(205)) - Sending CreatePipelineCommand for pipeline:PipelineID=9e234054-0ec3-4025-b74b-74d59befe15b to datanode:ab213e82-42b9-48b1-ae0f-aa83a6d4a4a6
2024-03-15 21:38:58,428 [RatisPipelineUtilsThread-0] INFO  pipeline.BackgroundPipelineCreator (BackgroundPipelineCreator.java:createPipelines(236)) - Created new pipeline Pipeline[ Id: 9e234054-0ec3-4025-b74b-74d59befe15b, Nodes: ab213e82-42b9-48b1-ae0f-aa83a6d4a4a6(fv-az528-102.abqymjqvoexebeyq30kq3sdubb.bx.internal.cloudapp.net/10.1.0.11), ReplicationConfig: RATIS/ONE, State:ALLOCATED, leaderId:, CreationTimestamp2024-03-15T21:38:58.427Z[Etc/UTC]]
2024-03-15 21:38:58,427 [EventQueue-NodeRegistrationContainerReportForDataNodeSafeModeRule] INFO  safemode.SCMSafeModeManager (DataNodeSafeModeRule.java:process(71)) - SCM in safe mode. 2 DataNodes registered, 3 required.
2024-03-15 21:38:58,530 [IPC Server handler 8 on default port 15091] INFO  net.NetworkTopologyImpl (NetworkTopologyImpl.java:add(133)) - Added a new node: /default-rack/91ca698e-74b5-4d15-9852-8e087478f801
2024-03-15 21:38:58,530 [IPC Server handler 8 on default port 15091] INFO  node.SCMNodeManager (SCMNodeManager.java:register(421)) - Registered datanode: 91ca698e-74b5-4d15-9852-8e087478f801{ip: 10.1.0.11, host: fv-az528-102.abqymjqvoexebeyq30kq3sdubb.bx.internal.cloudapp.net, ports: [HTTP=15116, CLIENT_RPC=15117, REPLICATION=15123, RATIS=15119, RATIS_ADMIN=15120, RATIS_SERVER=15121, RATIS_DATASTREAM=15122, STANDALONE=15118], networkLocation: /default-rack, certSerialId: null, persistedOpState: null, persistedOpStateExpiryEpochSec: 0}
2024-03-15 21:38:58,530 [EventQueue-NodeRegistrationContainerReportForDataNodeSafeModeRule] INFO  safemode.SCMSafeModeManager (DataNodeSafeModeRule.java:process(71)) - SCM in safe mode. 3 DataNodes registered, 3 required.
2024-03-15 21:38:58,530 [EventQueue-NodeRegistrationContainerReportForDataNodeSafeModeRule] INFO  safemode.SCMSafeModeManager (SCMSafeModeManager.java:validateSafeModeExitRules(200)) - DataNodeSafeModeRule rule is successfully validated
2024-03-15 21:38:58,530 [EventQueue-NodeRegistrationContainerReportForDataNodeSafeModeRule] INFO  safemode.SCMSafeModeManager (SCMSafeModeManager.java:completePreCheck(229)) - All SCM safe mode pre check rules have passed
2024-03-15 21:38:58,530 [EventQueue-NewNodeForNewNodeHandler] INFO  pipeline.BackgroundPipelineCreator (BackgroundPipelineCreator.java:notifyEventTriggered(280)) - trigger a one-shot run on RatisPipelineUtilsThread.
2024-03-15 21:38:58,531 [EventQueue-NodeRegistrationContainerReportForDataNodeSafeModeRule] INFO  ha.SCMContext (SCMContext.java:updateSafeModeStatus(225)) - Update SafeModeStatus from SafeModeStatus{safeModeStatus=true, preCheckPassed=false} to SafeModeStatus{safeModeStatus=true, preCheckPassed=true}.
2024-03-15 21:38:58,531 [RatisPipelineUtilsThread-0] INFO  pipeline.RatisPipelineProvider (RatisPipelineProvider.java:lambda$create$0(205)) - Sending CreatePipelineCommand for pipeline:PipelineID=81c55f63-aa9b-437b-8855-5945c1bd35ec to datanode:91ca698e-74b5-4d15-9852-8e087478f801
2024-03-15 21:38:58,531 [EventQueue-NodeRegistrationContainerReportForDataNodeSafeModeRule] INFO  pipeline.BackgroundPipelineCreator (BackgroundPipelineCreator.java:notifyEventTriggered(280)) - trigger a one-shot run on RatisPipelineUtilsThread.
2024-03-15 21:38:58,532 [RatisPipelineUtilsThread-0] INFO  pipeline.BackgroundPipelineCreator (BackgroundPipelineCreator.java:createPipelines(236)) - Created new pipeline Pipeline[ Id: 81c55f63-aa9b-437b-8855-5945c1bd35ec, Nodes: 91ca698e-74b5-4d15-9852-8e087478f801(fv-az528-102.abqymjqvoexebeyq30kq3sdubb.bx.internal.cloudapp.net/10.1.0.11), ReplicationConfig: RATIS/ONE, State:ALLOCATED, leaderId:, CreationTimestamp2024-03-15T21:38:58.531Z[Etc/UTC]]
2024-03-15 21:38:58,532 [RatisPipelineUtilsThread-0] INFO  pipeline.RatisPipelineProvider (RatisPipelineProvider.java:lambda$create$0(205)) - Sending CreatePipelineCommand for pipeline:PipelineID=71be99a8-5358-4ab1-a8a7-c58d29ee5220 to datanode:91ca698e-74b5-4d15-9852-8e087478f801
2024-03-15 21:38:58,532 [RatisPipelineUtilsThread-0] INFO  pipeline.RatisPipelineProvider (RatisPipelineProvider.java:lambda$create$0(205)) - Sending CreatePipelineCommand for pipeline:PipelineID=71be99a8-5358-4ab1-a8a7-c58d29ee5220 to datanode:b499248e-0c06-432d-b10b-4f9787fe0788
2024-03-15 21:38:58,532 [RatisPipelineUtilsThread-0] INFO  pipeline.RatisPipelineProvider (RatisPipelineProvider.java:lambda$create$0(205)) - Sending CreatePipelineCommand for pipeline:PipelineID=71be99a8-5358-4ab1-a8a7-c58d29ee5220 to datanode:ab213e82-42b9-48b1-ae0f-aa83a6d4a4a6
2024-03-15 21:38:58,533 [RatisPipelineUtilsThread-0] INFO  pipeline.BackgroundPipelineCreator (BackgroundPipelineCreator.java:createPipelines(236)) - Created new pipeline Pipeline[ Id: 71be99a8-5358-4ab1-a8a7-c58d29ee5220, Nodes: 91ca698e-74b5-4d15-9852-8e087478f801(fv-az528-102.abqymjqvoexebeyq30kq3sdubb.bx.internal.cloudapp.net/10.1.0.11)b499248e-0c06-432d-b10b-4f9787fe0788(fv-az528-102.abqymjqvoexebeyq30kq3sdubb.bx.internal.cloudapp.net/10.1.0.11)ab213e82-42b9-48b1-ae0f-aa83a6d4a4a6(fv-az528-102.abqymjqvoexebeyq30kq3sdubb.bx.internal.cloudapp.net/10.1.0.11), ReplicationConfig: RATIS/THREE, State:ALLOCATED, leaderId:, CreationTimestamp2024-03-15T21:38:58.532Z[Etc/UTC]]
2024-03-15 21:38:58,648 [IPC Server handler 0 on default port 15091] INFO  net.NetworkTopologyImpl (NetworkTopologyImpl.java:add(133)) - Added a new node: /default-rack/05ef7519-d18f-4616-94d2-fdbdf5167048
2024-03-15 21:38:58,648 [IPC Server handler 0 on default port 15091] INFO  node.SCMNodeManager (SCMNodeManager.java:register(421)) - Registered datanode: 05ef7519-d18f-4616-94d2-fdbdf5167048{ip: 10.1.0.11, host: fv-az528-102.abqymjqvoexebeyq30kq3sdubb.bx.internal.cloudapp.net, ports: [HTTP=15125, CLIENT_RPC=15126, REPLICATION=15132, RATIS=15128, RATIS_ADMIN=15129, RATIS_SERVER=15130, RATIS_DATASTREAM=15131, STANDALONE=15127], networkLocation: /default-rack, certSerialId: null, persistedOpState: null, persistedOpStateExpiryEpochSec: 0}
2024-03-15 21:38:58,648 [EventQueue-NewNodeForNewNodeHandler] INFO  pipeline.BackgroundPipelineCreator (BackgroundPipelineCreator.java:notifyEventTriggered(280)) - trigger a one-shot run on RatisPipelineUtilsThread.
2024-03-15 21:38:58,649 [RatisPipelineUtilsThread-0] INFO  pipeline.RatisPipelineProvider (RatisPipelineProvider.java:lambda$create$0(205)) - Sending CreatePipelineCommand for pipeline:PipelineID=4e0e85ca-9611-4d76-a150-25b99b4419a4 to datanode:05ef7519-d18f-4616-94d2-fdbdf5167048
2024-03-15 21:38:58,649 [RatisPipelineUtilsThread-0] INFO  pipeline.BackgroundPipelineCreator (BackgroundPipelineCreator.java:createPipelines(236)) - Created new pipeline Pipeline[ Id: 4e0e85ca-9611-4d76-a150-25b99b4419a4, Nodes: 05ef7519-d18f-4616-94d2-fdbdf5167048(fv-az528-102.abqymjqvoexebeyq30kq3sdubb.bx.internal.cloudapp.net/10.1.0.11), ReplicationConfig: RATIS/ONE, State:ALLOCATED, leaderId:, CreationTimestamp2024-03-15T21:38:58.649Z[Etc/UTC]]
2024-03-15 21:38:58,822 [IPC Server handler 2 on default port 15091] INFO  net.NetworkTopologyImpl (NetworkTopologyImpl.java:add(133)) - Added a new node: /default-rack/bf6310f0-ec4f-414e-a975-974a715da885
2024-03-15 21:38:58,822 [IPC Server handler 2 on default port 15091] INFO  node.SCMNodeManager (SCMNodeManager.java:register(421)) - Registered datanode: bf6310f0-ec4f-414e-a975-974a715da885{ip: 10.1.0.11, host: fv-az528-102.abqymjqvoexebeyq30kq3sdubb.bx.internal.cloudapp.net, ports: [HTTP=15134, CLIENT_RPC=15135, REPLICATION=15141, RATIS=15137, RATIS_ADMIN=15138, RATIS_SERVER=15139, RATIS_DATASTREAM=15140, STANDALONE=15136], networkLocation: /default-rack, certSerialId: null, persistedOpState: null, persistedOpStateExpiryEpochSec: 0}
2024-03-15 21:38:58,823 [EventQueue-NewNodeForNewNodeHandler] INFO  pipeline.BackgroundPipelineCreator (BackgroundPipelineCreator.java:notifyEventTriggered(280)) - trigger a one-shot run on RatisPipelineUtilsThread.
2024-03-15 21:38:58,824 [RatisPipelineUtilsThread-0] INFO  pipeline.RatisPipelineProvider (RatisPipelineProvider.java:lambda$create$0(205)) - Sending CreatePipelineCommand for pipeline:PipelineID=99487e4d-a984-4790-932f-e360525bf245 to datanode:bf6310f0-ec4f-414e-a975-974a715da885
2024-03-15 21:38:58,824 [RatisPipelineUtilsThread-0] INFO  pipeline.BackgroundPipelineCreator (BackgroundPipelineCreator.java:createPipelines(236)) - Created new pipeline Pipeline[ Id: 99487e4d-a984-4790-932f-e360525bf245, Nodes: bf6310f0-ec4f-414e-a975-974a715da885(fv-az528-102.abqymjqvoexebeyq30kq3sdubb.bx.internal.cloudapp.net/10.1.0.11), ReplicationConfig: RATIS/ONE, State:ALLOCATED, leaderId:, CreationTimestamp2024-03-15T21:38:58.824Z[Etc/UTC]]
2024-03-15 21:38:58,943 [IPC Server handler 4 on default port 15091] INFO  net.NetworkTopologyImpl (NetworkTopologyImpl.java:add(133)) - Added a new node: /default-rack/455def2e-61ff-4e49-9c6f-295594c4a0b8
2024-03-15 21:38:58,943 [IPC Server handler 4 on default port 15091] INFO  node.SCMNodeManager (SCMNodeManager.java:register(421)) - Registered datanode: 455def2e-61ff-4e49-9c6f-295594c4a0b8{ip: 10.1.0.11, host: fv-az528-102.abqymjqvoexebeyq30kq3sdubb.bx.internal.cloudapp.net, ports: [HTTP=15143, CLIENT_RPC=15144, REPLICATION=15150, RATIS=15146, RATIS_ADMIN=15147, RATIS_SERVER=15148, RATIS_DATASTREAM=15149, STANDALONE=15145], networkLocation: /default-rack, certSerialId: null, persistedOpState: null, persistedOpStateExpiryEpochSec: 0}
2024-03-15 21:38:58,943 [EventQueue-NewNodeForNewNodeHandler] INFO  pipeline.BackgroundPipelineCreator (BackgroundPipelineCreator.java:notifyEventTriggered(280)) - trigger a one-shot run on RatisPipelineUtilsThread.
2024-03-15 21:38:58,944 [RatisPipelineUtilsThread-0] INFO  pipeline.RatisPipelineProvider (RatisPipelineProvider.java:lambda$create$0(205)) - Sending CreatePipelineCommand for pipeline:PipelineID=bf539d78-5e63-4770-a86b-e417f808f81d to datanode:455def2e-61ff-4e49-9c6f-295594c4a0b8
2024-03-15 21:38:58,945 [RatisPipelineUtilsThread-0] INFO  pipeline.BackgroundPipelineCreator (BackgroundPipelineCreator.java:createPipelines(236)) - Created new pipeline Pipeline[ Id: bf539d78-5e63-4770-a86b-e417f808f81d, Nodes: 455def2e-61ff-4e49-9c6f-295594c4a0b8(fv-az528-102.abqymjqvoexebeyq30kq3sdubb.bx.internal.cloudapp.net/10.1.0.11), ReplicationConfig: RATIS/ONE, State:ALLOCATED, leaderId:, CreationTimestamp2024-03-15T21:38:58.944Z[Etc/UTC]]
2024-03-15 21:38:58,945 [RatisPipelineUtilsThread-0] INFO  pipeline.RatisPipelineProvider (RatisPipelineProvider.java:lambda$create$0(205)) - Sending CreatePipelineCommand for pipeline:PipelineID=61249fa0-0db7-4ece-b3d8-5640afa68d3e to datanode:bf6310f0-ec4f-414e-a975-974a715da885
2024-03-15 21:38:58,945 [RatisPipelineUtilsThread-0] INFO  pipeline.RatisPipelineProvider (RatisPipelineProvider.java:lambda$create$0(205)) - Sending CreatePipelineCommand for pipeline:PipelineID=61249fa0-0db7-4ece-b3d8-5640afa68d3e to datanode:05ef7519-d18f-4616-94d2-fdbdf5167048
2024-03-15 21:38:58,945 [RatisPipelineUtilsThread-0] INFO  pipeline.RatisPipelineProvider (RatisPipelineProvider.java:lambda$create$0(205)) - Sending CreatePipelineCommand for pipeline:PipelineID=61249fa0-0db7-4ece-b3d8-5640afa68d3e to datanode:455def2e-61ff-4e49-9c6f-295594c4a0b8
2024-03-15 21:38:58,946 [RatisPipelineUtilsThread-0] INFO  pipeline.BackgroundPipelineCreator (BackgroundPipelineCreator.java:createPipelines(236)) - Created new pipeline Pipeline[ Id: 61249fa0-0db7-4ece-b3d8-5640afa68d3e, Nodes: bf6310f0-ec4f-414e-a975-974a715da885(fv-az528-102.abqymjqvoexebeyq30kq3sdubb.bx.internal.cloudapp.net/10.1.0.11)05ef7519-d18f-4616-94d2-fdbdf5167048(fv-az528-102.abqymjqvoexebeyq30kq3sdubb.bx.internal.cloudapp.net/10.1.0.11)455def2e-61ff-4e49-9c6f-295594c4a0b8(fv-az528-102.abqymjqvoexebeyq30kq3sdubb.bx.internal.cloudapp.net/10.1.0.11), ReplicationConfig: RATIS/THREE, State:ALLOCATED, leaderId:, CreationTimestamp2024-03-15T21:38:58.945Z[Etc/UTC]]
2024-03-15 21:38:59,043 [IPC Server handler 3 on default port 15091] INFO  net.NetworkTopologyImpl (NetworkTopologyImpl.java:add(133)) - Added a new node: /default-rack/e952460c-8236-4bec-b567-d040e1d0e4f9
2024-03-15 21:38:59,043 [IPC Server handler 3 on default port 15091] INFO  node.SCMNodeManager (SCMNodeManager.java:register(421)) - Registered datanode: e952460c-8236-4bec-b567-d040e1d0e4f9{ip: 10.1.0.11, host: fv-az528-102.abqymjqvoexebeyq30kq3sdubb.bx.internal.cloudapp.net, ports: [HTTP=15152, CLIENT_RPC=15153, REPLICATION=15159, RATIS=15155, RATIS_ADMIN=15156, RATIS_SERVER=15157, RATIS_DATASTREAM=15158, STANDALONE=15154], networkLocation: /default-rack, certSerialId: null, persistedOpState: null, persistedOpStateExpiryEpochSec: 0}
2024-03-15 21:38:59,043 [EventQueue-NewNodeForNewNodeHandler] INFO  pipeline.BackgroundPipelineCreator (BackgroundPipelineCreator.java:notifyEventTriggered(280)) - trigger a one-shot run on RatisPipelineUtilsThread.
2024-03-15 21:38:59,045 [RatisPipelineUtilsThread-0] INFO  pipeline.RatisPipelineProvider (RatisPipelineProvider.java:lambda$create$0(205)) - Sending CreatePipelineCommand for pipeline:PipelineID=a5babb15-4020-4f26-8753-24e35b55f1e5 to datanode:e952460c-8236-4bec-b567-d040e1d0e4f9
2024-03-15 21:38:59,045 [RatisPipelineUtilsThread-0] INFO  pipeline.BackgroundPipelineCreator (BackgroundPipelineCreator.java:createPipelines(236)) - Created new pipeline Pipeline[ Id: a5babb15-4020-4f26-8753-24e35b55f1e5, Nodes: e952460c-8236-4bec-b567-d040e1d0e4f9(fv-az528-102.abqymjqvoexebeyq30kq3sdubb.bx.internal.cloudapp.net/10.1.0.11), ReplicationConfig: RATIS/ONE, State:ALLOCATED, leaderId:, CreationTimestamp2024-03-15T21:38:59.045Z[Etc/UTC]]
2024-03-15 21:38:59,144 [IPC Server handler 5 on default port 15091] INFO  net.NetworkTopologyImpl (NetworkTopologyImpl.java:add(133)) - Added a new node: /default-rack/e76b1ec9-b399-499f-a8ce-a1f080404f38
2024-03-15 21:38:59,144 [IPC Server handler 5 on default port 15091] INFO  node.SCMNodeManager (SCMNodeManager.java:register(421)) - Registered datanode: e76b1ec9-b399-499f-a8ce-a1f080404f38{ip: 10.1.0.11, host: fv-az528-102.abqymjqvoexebeyq30kq3sdubb.bx.internal.cloudapp.net, ports: [HTTP=15161, CLIENT_RPC=15162, REPLICATION=15168, RATIS=15164, RATIS_ADMIN=15165, RATIS_SERVER=15166, RATIS_DATASTREAM=15167, STANDALONE=15163], networkLocation: /default-rack, certSerialId: null, persistedOpState: null, persistedOpStateExpiryEpochSec: 0}
2024-03-15 21:38:59,145 [EventQueue-NewNodeForNewNodeHandler] INFO  pipeline.BackgroundPipelineCreator (BackgroundPipelineCreator.java:notifyEventTriggered(280)) - trigger a one-shot run on RatisPipelineUtilsThread.
2024-03-15 21:38:59,145 [RatisPipelineUtilsThread-0] INFO  pipeline.RatisPipelineProvider (RatisPipelineProvider.java:lambda$create$0(205)) - Sending CreatePipelineCommand for pipeline:PipelineID=e9349c41-e28b-4c31-aff5-cc7984c646fb to datanode:e76b1ec9-b399-499f-a8ce-a1f080404f38
2024-03-15 21:38:59,146 [RatisPipelineUtilsThread-0] INFO  pipeline.BackgroundPipelineCreator (BackgroundPipelineCreator.java:createPipelines(236)) - Created new pipeline Pipeline[ Id: e9349c41-e28b-4c31-aff5-cc7984c646fb, Nodes: e76b1ec9-b399-499f-a8ce-a1f080404f38(fv-az528-102.abqymjqvoexebeyq30kq3sdubb.bx.internal.cloudapp.net/10.1.0.11), ReplicationConfig: RATIS/ONE, State:ALLOCATED, leaderId:, CreationTimestamp2024-03-15T21:38:59.145Z[Etc/UTC]]
2024-03-15 21:38:59,246 [IPC Server handler 6 on default port 15091] INFO  net.NetworkTopologyImpl (NetworkTopologyImpl.java:add(133)) - Added a new node: /default-rack/8b353431-6b66-4460-9602-55c815b93317
2024-03-15 21:38:59,246 [IPC Server handler 6 on default port 15091] INFO  node.SCMNodeManager (SCMNodeManager.java:register(421)) - Registered datanode: 8b353431-6b66-4460-9602-55c815b93317{ip: 10.1.0.11, host: fv-az528-102.abqymjqvoexebeyq30kq3sdubb.bx.internal.cloudapp.net, ports: [HTTP=15170, CLIENT_RPC=15171, REPLICATION=15177, RATIS=15173, RATIS_ADMIN=15174, RATIS_SERVER=15175, RATIS_DATASTREAM=15176, STANDALONE=15172], networkLocation: /default-rack, certSerialId: null, persistedOpState: null, persistedOpStateExpiryEpochSec: 0}
2024-03-15 21:38:59,246 [EventQueue-NewNodeForNewNodeHandler] INFO  pipeline.BackgroundPipelineCreator (BackgroundPipelineCreator.java:notifyEventTriggered(280)) - trigger a one-shot run on RatisPipelineUtilsThread.
2024-03-15 21:38:59,247 [main] INFO  ozone.MiniOzoneClusterImpl (MiniOzoneClusterImpl.java:lambda$waitForClusterToBeReady$0(194)) - Nodes are ready. Got 9 of 9 DN Heartbeats.
2024-03-15 21:38:59,247 [main] INFO  ozone.MiniOzoneClusterImpl (MiniOzoneClusterImpl.java:lambda$waitForClusterToBeReady$0(197)) - Waiting for cluster to exit safe mode
2024-03-15 21:38:59,247 [main] INFO  ozone.MiniOzoneClusterImpl (MiniOzoneClusterImpl.java:lambda$waitForClusterToBeReady$0(199)) - SCM became leader
2024-03-15 21:38:59,247 [RatisPipelineUtilsThread-0] INFO  pipeline.RatisPipelineProvider (RatisPipelineProvider.java:lambda$create$0(205)) - Sending CreatePipelineCommand for pipeline:PipelineID=1cdcb637-a27b-4e5f-a9d3-33d64f3e057e to datanode:8b353431-6b66-4460-9602-55c815b93317
2024-03-15 21:38:59,248 [RatisPipelineUtilsThread-0] INFO  pipeline.BackgroundPipelineCreator (BackgroundPipelineCreator.java:createPipelines(236)) - Created new pipeline Pipeline[ Id: 1cdcb637-a27b-4e5f-a9d3-33d64f3e057e, Nodes: 8b353431-6b66-4460-9602-55c815b93317(fv-az528-102.abqymjqvoexebeyq30kq3sdubb.bx.internal.cloudapp.net/10.1.0.11), ReplicationConfig: RATIS/ONE, State:ALLOCATED, leaderId:, CreationTimestamp2024-03-15T21:38:59.247Z[Etc/UTC]]
2024-03-15 21:38:59,249 [RatisPipelineUtilsThread-0] INFO  pipeline.RatisPipelineProvider (RatisPipelineProvider.java:lambda$create$0(205)) - Sending CreatePipelineCommand for pipeline:PipelineID=d0b92eac-8624-4392-91d7-ff386ec77000 to datanode:e952460c-8236-4bec-b567-d040e1d0e4f9
2024-03-15 21:38:59,249 [RatisPipelineUtilsThread-0] INFO  pipeline.RatisPipelineProvider (RatisPipelineProvider.java:lambda$create$0(205)) - Sending CreatePipelineCommand for pipeline:PipelineID=d0b92eac-8624-4392-91d7-ff386ec77000 to datanode:8b353431-6b66-4460-9602-55c815b93317
2024-03-15 21:38:59,249 [RatisPipelineUtilsThread-0] INFO  pipeline.RatisPipelineProvider (RatisPipelineProvider.java:lambda$create$0(205)) - Sending CreatePipelineCommand for pipeline:PipelineID=d0b92eac-8624-4392-91d7-ff386ec77000 to datanode:e76b1ec9-b399-499f-a8ce-a1f080404f38
2024-03-15 21:38:59,250 [RatisPipelineUtilsThread-0] INFO  pipeline.BackgroundPipelineCreator (BackgroundPipelineCreator.java:createPipelines(236)) - Created new pipeline Pipeline[ Id: d0b92eac-8624-4392-91d7-ff386ec77000, Nodes: e952460c-8236-4bec-b567-d040e1d0e4f9(fv-az528-102.abqymjqvoexebeyq30kq3sdubb.bx.internal.cloudapp.net/10.1.0.11)8b353431-6b66-4460-9602-55c815b93317(fv-az528-102.abqymjqvoexebeyq30kq3sdubb.bx.internal.cloudapp.net/10.1.0.11)e76b1ec9-b399-499f-a8ce-a1f080404f38(fv-az528-102.abqymjqvoexebeyq30kq3sdubb.bx.internal.cloudapp.net/10.1.0.11), ReplicationConfig: RATIS/THREE, State:ALLOCATED, leaderId:, CreationTimestamp2024-03-15T21:38:59.249Z[Etc/UTC]]
2024-03-15 21:39:00,247 [main] INFO  ozone.MiniOzoneClusterImpl (MiniOzoneClusterImpl.java:lambda$waitForClusterToBeReady$0(194)) - Nodes are ready. Got 9 of 9 DN Heartbeats.
2024-03-15 21:39:00,248 [main] INFO  ozone.MiniOzoneClusterImpl (MiniOzoneClusterImpl.java:lambda$waitForClusterToBeReady$0(197)) - Waiting for cluster to exit safe mode
2024-03-15 21:39:00,248 [main] INFO  ozone.MiniOzoneClusterImpl (MiniOzoneClusterImpl.java:lambda$waitForClusterToBeReady$0(199)) - SCM became leader
2024-03-15 21:39:01,248 [main] INFO  ozone.MiniOzoneClusterImpl (MiniOzoneClusterImpl.java:lambda$waitForClusterToBeReady$0(194)) - Nodes are ready. Got 9 of 9 DN Heartbeats.
2024-03-15 21:39:01,248 [main] INFO  ozone.MiniOzoneClusterImpl (MiniOzoneClusterImpl.java:lambda$waitForClusterToBeReady$0(197)) - Waiting for cluster to exit safe mode
2024-03-15 21:39:01,249 [main] INFO  ozone.MiniOzoneClusterImpl (MiniOzoneClusterImpl.java:lambda$waitForClusterToBeReady$0(199)) - SCM became leader
2024-03-15 21:39:01,312 [b499248e-0c06-432d-b10b-4f9787fe0788-PipelineCommandHandlerThread-0] INFO  server.RaftServer (RaftServerProxy.java:addNew(100)) - b499248e-0c06-432d-b10b-4f9787fe0788: addNew group-EC98F60EDCF9:[b499248e-0c06-432d-b10b-4f9787fe0788|10.1.0.11:15103] returns group-EC98F60EDCF9:java.util.concurrent.CompletableFuture@1e18b68b[Not completed]
2024-03-15 21:39:01,314 [b499248e-0c06-432d-b10b-4f9787fe0788-groupManagement] INFO  server.RaftServer$Division (RaftServerImpl.java:<init>(256)) - b499248e-0c06-432d-b10b-4f9787fe0788: new RaftServerImpl for group-EC98F60EDCF9:[b499248e-0c06-432d-b10b-4f9787fe0788|10.1.0.11:15103] with ContainerStateMachine:uninitialized
2024-03-15 21:39:01,314 [b499248e-0c06-432d-b10b-4f9787fe0788-groupManagement] INFO  server.RaftServerConfigKeys (ConfUtils.java:logGet(46)) - raft.server.rpc.timeout.min = 5s (custom)
2024-03-15 21:39:01,314 [b499248e-0c06-432d-b10b-4f9787fe0788-groupManagement] INFO  server.RaftServerConfigKeys (ConfUtils.java:logGet(46)) - raft.server.rpc.timeout.max = 5200ms (custom)
2024-03-15 21:39:01,314 [b499248e-0c06-432d-b10b-4f9787fe0788-groupManagement] INFO  server.RaftServerConfigKeys (ConfUtils.java:logGet(46)) - raft.server.rpc.sleep.time = 25ms (default)
2024-03-15 21:39:01,314 [b499248e-0c06-432d-b10b-4f9787fe0788-groupManagement] INFO  server.RaftServerConfigKeys (ConfUtils.java:logGet(46)) - raft.server.rpc.slowness.timeout = 300000ms (custom)
2024-03-15 21:39:01,314 [b499248e-0c06-432d-b10b-4f9787fe0788-groupManagement] INFO  server.RaftServerConfigKeys (ConfUtils.java:logGet(46)) - raft.server.leaderelection.leader.step-down.wait-time = 10s (default)
2024-03-15 21:39:01,314 [b499248e-0c06-432d-b10b-4f9787fe0788-groupManagement] INFO  server.RaftServerConfigKeys (ConfUtils.java:logGet(46)) - raft.server.leaderelection.member.majority-add = false (default)
2024-03-15 21:39:01,314 [b499248e-0c06-432d-b10b-4f9787fe0788-groupManagement] INFO  server.RaftServerConfigKeys (ConfUtils.java:logGet(46)) - raft.server.sleep.deviation.threshold = 300ms (default)
2024-03-15 21:39:01,314 [b499248e-0c06-432d-b10b-4f9787fe0788-groupManagement] INFO  server.RaftServer$Division (ServerState.java:<init>(113)) - b499248e-0c06-432d-b10b-4f9787fe0788@group-EC98F60EDCF9: ConfigurationManager, init=-1: peers:[b499248e-0c06-432d-b10b-4f9787fe0788|10.1.0.11:15103]|listeners:[], old=null, confs=<EMPTY_MAP>
2024-03-15 21:39:01,314 [b499248e-0c06-432d-b10b-4f9787fe0788-groupManagement] INFO  server.RaftServerConfigKeys (ConfUtils.java:logGet(46)) - raft.server.notification.no-leader.timeout = 300000ms (custom)
2024-03-15 21:39:01,315 [b499248e-0c06-432d-b10b-4f9787fe0788-groupManagement] INFO  server.RaftServerConfigKeys (ConfUtils.java:logGet(46)) - raft.server.read.timeout = 10s (default)
2024-03-15 21:39:01,315 [b499248e-0c06-432d-b10b-4f9787fe0788-groupManagement] INFO  server.RaftServerConfigKeys (ConfUtils.java:logGet(46)) - raft.server.retrycache.expirytime = 600000ms (custom)
2024-03-15 21:39:01,315 [b499248e-0c06-432d-b10b-4f9787fe0788-groupManagement] INFO  server.RaftServerConfigKeys (ConfUtils.java:logGet(46)) - raft.server.retrycache.statistics.expirytime = 100ms (default)
2024-03-15 21:39:01,315 [b499248e-0c06-432d-b10b-4f9787fe0788-groupManagement] INFO  server.RaftServerConfigKeys (ConfUtils.java:logGet(46)) - raft.server.read.option = DEFAULT (default)
2024-03-15 21:39:01,315 [b499248e-0c06-432d-b10b-4f9787fe0788-groupManagement] INFO  server.RaftServerConfigKeys (ConfUtils.java:logGet(46)) - raft.server.read.read-after-write-consistent.write-index-cache.expiry-time = 60s (default)
2024-03-15 21:39:01,317 [b499248e-0c06-432d-b10b-4f9787fe0788-groupManagement] INFO  server.RaftServerConfigKeys (ConfUtils.java:logGet(46)) - raft.server.rpc.request.timeout = 3000ms (default)
2024-03-15 21:39:01,317 [b499248e-0c06-432d-b10b-4f9787fe0788-groupManagement] INFO  server.RaftServerConfigKeys (ConfUtils.java:logGet(46)) - raft.server.log.appender.install.snapshot.enabled = false (custom)
2024-03-15 21:39:01,317 [b499248e-0c06-432d-b10b-4f9787fe0788-groupManagement] INFO  server.RaftServerConfigKeys (ConfUtils.java:logGet(46)) - raft.server.threadpool.server.cached = true (default)
2024-03-15 21:39:01,317 [b499248e-0c06-432d-b10b-4f9787fe0788-groupManagement] INFO  server.RaftServerConfigKeys (ConfUtils.java:logGet(46)) - raft.server.threadpool.server.size = 0 (default)
2024-03-15 21:39:01,317 [b499248e-0c06-432d-b10b-4f9787fe0788-groupManagement] INFO  server.RaftServerConfigKeys (ConfUtils.java:logGet(46)) - raft.server.threadpool.client.cached = true (default)
2024-03-15 21:39:01,318 [b499248e-0c06-432d-b10b-4f9787fe0788-groupManagement] INFO  server.RaftServerConfigKeys (ConfUtils.java:logGet(46)) - raft.server.threadpool.client.size = 0 (default)
2024-03-15 21:39:01,318 [b499248e-0c06-432d-b10b-4f9787fe0788-groupManagement] INFO  server.RaftServerConfigKeys (ConfUtils.java:logGet(46)) - raft.server.storage.free-space.min = 0MB (=0) (default)
2024-03-15 21:39:01,318 [b499248e-0c06-432d-b10b-4f9787fe0788-groupManagement] INFO  server.RaftServerConfigKeys (ConfUtils.java:logGet(46)) - raft.server.log.corruption.policy = EXCEPTION (default)
2024-03-15 21:39:01,318 [b499248e-0c06-432d-b10b-4f9787fe0788-groupManagement] INFO  server.RaftServerConfigKeys (ConfUtils.java:logGet(46)) - raft.server.storage.dir = [/home/runner/work/ozone/ozone/hadoop-ozone/integration-test/target/test-dir/MiniOzoneClusterImpl-3a4de177-78ca-4f6d-b60b-6b5c736a6a4e/ozone-meta/datanode-1/ratis] (custom)
2024-03-15 21:39:01,318 [b499248e-0c06-432d-b10b-4f9787fe0788-groupManagement] INFO  storage.RaftStorageDirectory (RaftStorageDirectoryImpl.java:analyzeStorage(138)) - The storage directory /home/runner/work/ozone/ozone/hadoop-ozone/integration-test/target/test-dir/MiniOzoneClusterImpl-3a4de177-78ca-4f6d-b60b-6b5c736a6a4e/ozone-meta/datanode-1/ratis/b3e70927-3de0-4d2c-a1d4-ec98f60edcf9 does not exist. Creating ...
2024-03-15 21:39:01,319 [b499248e-0c06-432d-b10b-4f9787fe0788-groupManagement] INFO  storage.RaftStorageDirectory (RaftStorageDirectoryImpl.java:tryLock(228)) - Lock on /home/runner/work/ozone/ozone/hadoop-ozone/integration-test/target/test-dir/MiniOzoneClusterImpl-3a4de177-78ca-4f6d-b60b-6b5c736a6a4e/ozone-meta/datanode-1/ratis/b3e70927-3de0-4d2c-a1d4-ec98f60edcf9/in_use.lock acquired by nodename 60682@fv-az528-102
2024-03-15 21:39:01,320 [b499248e-0c06-432d-b10b-4f9787fe0788-groupManagement] INFO  storage.RaftStorage (RaftStorageImpl.java:format(99)) - Storage directory /home/runner/work/ozone/ozone/hadoop-ozone/integration-test/target/test-dir/MiniOzoneClusterImpl-3a4de177-78ca-4f6d-b60b-6b5c736a6a4e/ozone-meta/datanode-1/ratis/b3e70927-3de0-4d2c-a1d4-ec98f60edcf9 has been successfully formatted.
2024-03-15 21:39:01,321 [b499248e-0c06-432d-b10b-4f9787fe0788-groupManagement] WARN  util.FileUtils (LogUtils.java:supplyAndLog(63)) - Failed to Files.newInputStream /home/runner/work/ozone/ozone/hadoop-ozone/integration-test/target/test-dir/MiniOzoneClusterImpl-3a4de177-78ca-4f6d-b60b-6b5c736a6a4e/ozone-meta/datanode-1/ratis/b3e70927-3de0-4d2c-a1d4-ec98f60edcf9/current/raft-meta.conf with options []: java.nio.file.NoSuchFileException: /home/runner/work/ozone/ozone/hadoop-ozone/integration-test/target/test-dir/MiniOzoneClusterImpl-3a4de177-78ca-4f6d-b60b-6b5c736a6a4e/ozone-meta/datanode-1/ratis/b3e70927-3de0-4d2c-a1d4-ec98f60edcf9/current/raft-meta.conf
2024-03-15 21:39:01,322 [b499248e-0c06-432d-b10b-4f9787fe0788-groupManagement] INFO  ratis.ContainerStateMachine (ContainerStateMachine.java:loadSnapshot(287)) - group-EC98F60EDCF9: The snapshot info is null. Setting the last applied index to:(t:0, i:~)
2024-03-15 21:39:01,322 [b499248e-0c06-432d-b10b-4f9787fe0788-groupManagement] INFO  server.RaftServerConfigKeys (ConfUtils.java:logGet(46)) - raft.server.log.use.memory = false (default)
2024-03-15 21:39:01,322 [b499248e-0c06-432d-b10b-4f9787fe0788-groupManagement] INFO  server.RaftServerConfigKeys (ConfUtils.java:logGet(46)) - raft.server.log.purge.gap = 1000000 (custom)
2024-03-15 21:39:01,322 [b499248e-0c06-432d-b10b-4f9787fe0788-groupManagement] INFO  server.RaftServerConfigKeys (ConfUtils.java:logGet(46)) - raft.server.log.appender.buffer.byte-limit = 8388608 (custom)
2024-03-15 21:39:01,322 [b499248e-0c06-432d-b10b-4f9787fe0788-groupManagement] INFO  server.RaftServerConfigKeys (ConfUtils.java:logGet(46)) - raft.server.log.statemachine.data.read.timeout = 1000ms (default)
2024-03-15 21:39:01,322 [b499248e-0c06-432d-b10b-4f9787fe0788-groupManagement] INFO  server.RaftServerConfigKeys (ConfUtils.java:logGet(46)) - raft.server.log.purge.preservation.log.num = 0 (default)
2024-03-15 21:39:01,323 [EventQueue-PipelineReportForPipelineReportHandler] INFO  pipeline.PipelineReportHandler (PipelineReportHandler.java:processPipelineReport(136)) - Opened pipeline PipelineID=b3e70927-3de0-4d2c-a1d4-ec98f60edcf9
2024-03-15 21:39:01,325 [EventQueue-OpenPipelineForHealthyPipelineSafeModeRule] INFO  safemode.SCMSafeModeManager (HealthyPipelineSafeModeRule.java:process(140)) - SCM in safe mode. Healthy pipelines reported count is 0, required healthy pipeline reported count is 1
2024-03-15 21:39:01,325 [b499248e-0c06-432d-b10b-4f9787fe0788-groupManagement] INFO  server.RaftServerConfigKeys (ConfUtils.java:logGet(46)) - raft.server.log.segment.size.max = 67108864 (custom)
2024-03-15 21:39:01,325 [b499248e-0c06-432d-b10b-4f9787fe0788-groupManagement] INFO  server.RaftServerConfigKeys (ConfUtils.java:logGet(46)) - raft.server.log.segment.cache.num.max = 2 (custom)
2024-03-15 21:39:01,326 [b499248e-0c06-432d-b10b-4f9787fe0788-groupManagement] INFO  server.RaftServerConfigKeys (ConfUtils.java:logGet(46)) - raft.server.log.segment.cache.size.max = 200MB (=209715200) (default)
2024-03-15 21:39:01,326 [b499248e-0c06-432d-b10b-4f9787fe0788-groupManagement] INFO  server.RaftServerConfigKeys (ConfUtils.java:logGet(46)) - raft.server.log.appender.buffer.byte-limit = 8388608 (custom)
2024-03-15 21:39:01,326 [b499248e-0c06-432d-b10b-4f9787fe0788-groupManagement] INFO  util.AwaitToRun (AwaitToRun.java:start(81)) - Thread[b499248e-0c06-432d-b10b-4f9787fe0788@group-EC98F60EDCF9-cacheEviction-AwaitToRun,5,main] started
2024-03-15 21:39:01,326 [b499248e-0c06-432d-b10b-4f9787fe0788-groupManagement] INFO  segmented.SegmentedRaftLogWorker (SegmentedRaftLogWorker.java:<init>(182)) - new b499248e-0c06-432d-b10b-4f9787fe0788@group-EC98F60EDCF9-SegmentedRaftLogWorker for RaftStorageImpl:Storage Directory /home/runner/work/ozone/ozone/hadoop-ozone/integration-test/target/test-dir/MiniOzoneClusterImpl-3a4de177-78ca-4f6d-b60b-6b5c736a6a4e/ozone-meta/datanode-1/ratis/b3e70927-3de0-4d2c-a1d4-ec98f60edcf9
2024-03-15 21:39:01,326 [b499248e-0c06-432d-b10b-4f9787fe0788-groupManagement] INFO  server.RaftServerConfigKeys (ConfUtils.java:logGet(46)) - raft.server.log.queue.byte-limit = 4294967296 (custom)
2024-03-15 21:39:01,326 [b499248e-0c06-432d-b10b-4f9787fe0788-groupManagement] INFO  server.RaftServerConfigKeys (ConfUtils.java:logGet(46)) - raft.server.log.queue.element-limit = 1024 (custom)
2024-03-15 21:39:01,326 [b499248e-0c06-432d-b10b-4f9787fe0788-groupManagement] INFO  server.RaftServerConfigKeys (ConfUtils.java:logGet(46)) - raft.server.log.segment.size.max = 67108864 (custom)
2024-03-15 21:39:01,326 [b499248e-0c06-432d-b10b-4f9787fe0788-groupManagement] INFO  server.RaftServerConfigKeys (ConfUtils.java:logGet(46)) - raft.server.log.preallocated.size = 4194304 (custom)
2024-03-15 21:39:01,326 [b499248e-0c06-432d-b10b-4f9787fe0788-groupManagement] INFO  server.RaftServerConfigKeys (ConfUtils.java:logGet(46)) - raft.server.log.force.sync.num = 128 (default)
2024-03-15 21:39:01,327 [b499248e-0c06-432d-b10b-4f9787fe0788-groupManagement] INFO  server.RaftServerConfigKeys (ConfUtils.java:logGet(46)) - raft.server.log.statemachine.data.sync = true (default)
2024-03-15 21:39:01,327 [b499248e-0c06-432d-b10b-4f9787fe0788-groupManagement] INFO  server.RaftServerConfigKeys (ConfUtils.java:logGet(46)) - raft.server.log.statemachine.data.sync.timeout = 10s (default)
2024-03-15 21:39:01,327 [b499248e-0c06-432d-b10b-4f9787fe0788-groupManagement] INFO  server.RaftServerConfigKeys (ConfUtils.java:logGet(46)) - raft.server.log.statemachine.data.sync.timeout.retry = 0 (custom)
2024-03-15 21:39:01,327 [b499248e-0c06-432d-b10b-4f9787fe0788-groupManagement] INFO  server.RaftServerConfigKeys (ConfUtils.java:logGet(46)) - raft.server.log.write.buffer.size = 8388616 (custom)
2024-03-15 21:39:01,329 [b499248e-0c06-432d-b10b-4f9787fe0788-groupManagement] INFO  server.RaftServerConfigKeys (ConfUtils.java:logGet(46)) - raft.server.log.appender.buffer.byte-limit = 8388608 (custom)
2024-03-15 21:39:01,329 [b499248e-0c06-432d-b10b-4f9787fe0788-groupManagement] INFO  server.RaftServerConfigKeys (ConfUtils.java:logGet(46)) - raft.server.log.unsafe-flush.enabled = false (default)
2024-03-15 21:39:01,329 [b499248e-0c06-432d-b10b-4f9787fe0788-groupManagement] INFO  server.RaftServerConfigKeys (ConfUtils.java:logGet(46)) - raft.server.log.async-flush.enabled = false (default)
2024-03-15 21:39:01,329 [b499248e-0c06-432d-b10b-4f9787fe0788-groupManagement] INFO  server.RaftServerConfigKeys (ConfUtils.java:logGet(46)) - raft.server.log.statemachine.data.caching.enabled = true (custom)
2024-03-15 21:39:01,329 [b499248e-0c06-432d-b10b-4f9787fe0788-groupManagement] INFO  segmented.SegmentedRaftLogWorker (SegmentedRaftLogWorker.java:lambda$new$0(134)) - b499248e-0c06-432d-b10b-4f9787fe0788@group-EC98F60EDCF9-SegmentedRaftLogWorker: flushIndex: setUnconditionally 0 -> -1
2024-03-15 21:39:01,329 [b499248e-0c06-432d-b10b-4f9787fe0788-groupManagement] INFO  segmented.SegmentedRaftLogWorker (SegmentedRaftLogWorker.java:lambda$new$0(134)) - b499248e-0c06-432d-b10b-4f9787fe0788@group-EC98F60EDCF9-SegmentedRaftLogWorker: safeCacheEvictIndex: setUnconditionally 0 -> -1
2024-03-15 21:39:01,340 [b499248e-0c06-432d-b10b-4f9787fe0788-groupManagement] INFO  server.RaftServer$Division (RaftServerImpl.java:start(396)) - b499248e-0c06-432d-b10b-4f9787fe0788@group-EC98F60EDCF9: start as a follower, conf=-1: peers:[b499248e-0c06-432d-b10b-4f9787fe0788|10.1.0.11:15103]|listeners:[], old=null
2024-03-15 21:39:01,340 [b499248e-0c06-432d-b10b-4f9787fe0788-groupManagement] INFO  server.RaftServer$Division (RaftServerImpl.java:setRole(383)) - b499248e-0c06-432d-b10b-4f9787fe0788@group-EC98F60EDCF9: changes role from      null to FOLLOWER at term 0 for startAsFollower
2024-03-15 21:39:01,340 [b499248e-0c06-432d-b10b-4f9787fe0788-groupManagement] INFO  impl.RoleInfo (RoleInfo.java:updateAndGet(139)) - b499248e-0c06-432d-b10b-4f9787fe0788: start b499248e-0c06-432d-b10b-4f9787fe0788@group-EC98F60EDCF9-FollowerState
2024-03-15 21:39:01,341 [b499248e-0c06-432d-b10b-4f9787fe0788-groupManagement] INFO  util.JmxRegister (JmxRegister.java:tryRegister(44)) - Successfully registered JMX Bean with object name Ratis:service=RaftServer,group=group-EC98F60EDCF9,id=b499248e-0c06-432d-b10b-4f9787fe0788
2024-03-15 21:39:01,341 [b499248e-0c06-432d-b10b-4f9787fe0788-groupManagement] INFO  server.RaftServerConfigKeys (ConfUtils.java:logGet(46)) - raft.server.snapshot.trigger-when-stop.enabled = true (default)
2024-03-15 21:39:01,341 [b499248e-0c06-432d-b10b-4f9787fe0788-groupManagement] INFO  server.RaftServerConfigKeys (ConfUtils.java:logGet(46)) - raft.server.snapshot.auto.trigger.enabled = true (custom)
2024-03-15 21:39:01,341 [b499248e-0c06-432d-b10b-4f9787fe0788-groupManagement] INFO  server.RaftServerConfigKeys (ConfUtils.java:logGet(46)) - raft.server.snapshot.auto.trigger.threshold = 10000 (custom)
2024-03-15 21:39:01,341 [b499248e-0c06-432d-b10b-4f9787fe0788-groupManagement] INFO  server.RaftServerConfigKeys (ConfUtils.java:logGet(46)) - raft.server.snapshot.retention.file.num = 5 (custom)
2024-03-15 21:39:01,341 [b499248e-0c06-432d-b10b-4f9787fe0788-groupManagement] INFO  server.RaftServerConfigKeys (ConfUtils.java:logGet(46)) - raft.server.log.purge.upto.snapshot.index = false (default)
2024-03-15 21:39:01,342 [b499248e-0c06-432d-b10b-4f9787fe0788@group-EC98F60EDCF9-FollowerState] INFO  server.RaftServerConfigKeys (ConfUtils.java:logFallback(53)) - raft.server.rpc.first-election.timeout.min = 5s (fallback to raft.server.rpc.timeout.min)
2024-03-15 21:39:01,342 [b499248e-0c06-432d-b10b-4f9787fe0788-PipelineCommandHandlerThread-0] INFO  ratis.XceiverServerRatis (XceiverServerRatis.java:addGroup(864)) - Created group PipelineID=b3e70927-3de0-4d2c-a1d4-ec98f60edcf9
2024-03-15 21:39:01,342 [b499248e-0c06-432d-b10b-4f9787fe0788-PipelineCommandHandlerThread-0] INFO  commandhandler.CreatePipelineCommandHandler (CreatePipelineCommandHandler.java:lambda$handle$2(124)) - Created Pipeline RATIS ONE PipelineID=b3e70927-3de0-4d2c-a1d4-ec98f60edcf9.
2024-03-15 21:39:01,342 [b499248e-0c06-432d-b10b-4f9787fe0788-PipelineCommandHandlerThread-0] INFO  server.RaftServer (RaftServerProxy.java:addNew(100)) - b499248e-0c06-432d-b10b-4f9787fe0788: addNew group-C58D29EE5220:[ab213e82-42b9-48b1-ae0f-aa83a6d4a4a6|10.1.0.11:15112, 91ca698e-74b5-4d15-9852-8e087478f801|10.1.0.11:15121, b499248e-0c06-432d-b10b-4f9787fe0788|10.1.0.11:15103] returns group-C58D29EE5220:java.util.concurrent.CompletableFuture@1a273190[Not completed]
2024-03-15 21:39:01,342 [b499248e-0c06-432d-b10b-4f9787fe0788@group-EC98F60EDCF9-FollowerState] INFO  server.RaftServerConfigKeys (ConfUtils.java:logFallback(53)) - raft.server.rpc.first-election.timeout.max = 5200ms (fallback to raft.server.rpc.timeout.max)
2024-03-15 21:39:01,343 [b499248e-0c06-432d-b10b-4f9787fe0788-groupManagement] INFO  server.RaftServer$Division (RaftServerImpl.java:<init>(256)) - b499248e-0c06-432d-b10b-4f9787fe0788: new RaftServerImpl for group-C58D29EE5220:[ab213e82-42b9-48b1-ae0f-aa83a6d4a4a6|10.1.0.11:15112, 91ca698e-74b5-4d15-9852-8e087478f801|10.1.0.11:15121, b499248e-0c06-432d-b10b-4f9787fe0788|10.1.0.11:15103] with ContainerStateMachine:uninitialized
2024-03-15 21:39:01,343 [b499248e-0c06-432d-b10b-4f9787fe0788-groupManagement] INFO  server.RaftServerConfigKeys (ConfUtils.java:logGet(46)) - raft.server.rpc.timeout.min = 5s (custom)
2024-03-15 21:39:01,344 [b499248e-0c06-432d-b10b-4f9787fe0788-groupManagement] INFO  server.RaftServerConfigKeys (ConfUtils.java:logGet(46)) - raft.server.rpc.timeout.max = 5200ms (custom)
2024-03-15 21:39:01,344 [b499248e-0c06-432d-b10b-4f9787fe0788-groupManagement] INFO  server.RaftServerConfigKeys (ConfUtils.java:logGet(46)) - raft.server.rpc.sleep.time = 25ms (default)
2024-03-15 21:39:01,344 [b499248e-0c06-432d-b10b-4f9787fe0788-groupManagement] INFO  server.RaftServerConfigKeys (ConfUtils.java:logGet(46)) - raft.server.rpc.slowness.timeout = 300000ms (custom)
2024-03-15 21:39:01,344 [b499248e-0c06-432d-b10b-4f9787fe0788-groupManagement] INFO  server.RaftServerConfigKeys (ConfUtils.java:logGet(46)) - raft.server.leaderelection.leader.step-down.wait-time = 10s (default)
2024-03-15 21:39:01,344 [b499248e-0c06-432d-b10b-4f9787fe0788-groupManagement] INFO  server.RaftServerConfigKeys (ConfUtils.java:logGet(46)) - raft.server.leaderelection.member.majority-add = false (default)
2024-03-15 21:39:01,344 [b499248e-0c06-432d-b10b-4f9787fe0788-groupManagement] INFO  server.RaftServerConfigKeys (ConfUtils.java:logGet(46)) - raft.server.sleep.deviation.threshold = 300ms (default)
2024-03-15 21:39:01,344 [b499248e-0c06-432d-b10b-4f9787fe0788-groupManagement] INFO  server.RaftServer$Division (ServerState.java:<init>(113)) - b499248e-0c06-432d-b10b-4f9787fe0788@group-C58D29EE5220: ConfigurationManager, init=-1: peers:[ab213e82-42b9-48b1-ae0f-aa83a6d4a4a6|10.1.0.11:15112, 91ca698e-74b5-4d15-9852-8e087478f801|10.1.0.11:15121, b499248e-0c06-432d-b10b-4f9787fe0788|10.1.0.11:15103]|listeners:[], old=null, confs=<EMPTY_MAP>
2024-03-15 21:39:01,344 [b499248e-0c06-432d-b10b-4f9787fe0788-groupManagement] INFO  server.RaftServerConfigKeys (ConfUtils.java:logGet(46)) - raft.server.notification.no-leader.timeout = 300000ms (custom)
2024-03-15 21:39:01,344 [b499248e-0c06-432d-b10b-4f9787fe0788-groupManagement] INFO  server.RaftServerConfigKeys (ConfUtils.java:logGet(46)) - raft.server.read.timeout = 10s (default)
2024-03-15 21:39:01,344 [b499248e-0c06-432d-b10b-4f9787fe0788-groupManagement] INFO  server.RaftServerConfigKeys (ConfUtils.java:logGet(46)) - raft.server.retrycache.expirytime = 600000ms (custom)
2024-03-15 21:39:01,344 [b499248e-0c06-432d-b10b-4f9787fe0788-groupManagement] INFO  server.RaftServerConfigKeys (ConfUtils.java:logGet(46)) - raft.server.retrycache.statistics.expirytime = 100ms (default)
2024-03-15 21:39:01,344 [b499248e-0c06-432d-b10b-4f9787fe0788-groupManagement] INFO  server.RaftServerConfigKeys (ConfUtils.java:logGet(46)) - raft.server.read.option = DEFAULT (default)
2024-03-15 21:39:01,345 [b499248e-0c06-432d-b10b-4f9787fe0788-groupManagement] INFO  server.RaftServerConfigKeys (ConfUtils.java:logGet(46)) - raft.server.read.read-after-write-consistent.write-index-cache.expiry-time = 60s (default)
2024-03-15 21:39:01,347 [b499248e-0c06-432d-b10b-4f9787fe0788-groupManagement] INFO  server.RaftServerConfigKeys (ConfUtils.java:logGet(46)) - raft.server.rpc.request.timeout = 3000ms (default)
2024-03-15 21:39:01,347 [b499248e-0c06-432d-b10b-4f9787fe0788-groupManagement] INFO  server.RaftServerConfigKeys (ConfUtils.java:logGet(46)) - raft.server.log.appender.install.snapshot.enabled = false (custom)
2024-03-15 21:39:01,347 [b499248e-0c06-432d-b10b-4f9787fe0788-groupManagement] INFO  server.RaftServerConfigKeys (ConfUtils.java:logGet(46)) - raft.server.threadpool.server.cached = true (default)
2024-03-15 21:39:01,348 [b499248e-0c06-432d-b10b-4f9787fe0788-groupManagement] INFO  server.RaftServerConfigKeys (ConfUtils.java:logGet(46)) - raft.server.threadpool.server.size = 0 (default)
2024-03-15 21:39:01,348 [b499248e-0c06-432d-b10b-4f9787fe0788-groupManagement] INFO  server.RaftServerConfigKeys (ConfUtils.java:logGet(46)) - raft.server.threadpool.client.cached = true (default)
2024-03-15 21:39:01,348 [b499248e-0c06-432d-b10b-4f9787fe0788-groupManagement] INFO  server.RaftServerConfigKeys (ConfUtils.java:logGet(46)) - raft.server.threadpool.client.size = 0 (default)
2024-03-15 21:39:01,348 [b499248e-0c06-432d-b10b-4f9787fe0788-groupManagement] INFO  server.RaftServerConfigKeys (ConfUtils.java:logGet(46)) - raft.server.storage.free-space.min = 0MB (=0) (default)
2024-03-15 21:39:01,348 [b499248e-0c06-432d-b10b-4f9787fe0788-groupManagement] INFO  server.RaftServerConfigKeys (ConfUtils.java:logGet(46)) - raft.server.log.corruption.policy = EXCEPTION (default)
2024-03-15 21:39:01,348 [b499248e-0c06-432d-b10b-4f9787fe0788-groupManagement] INFO  server.RaftServerConfigKeys (ConfUtils.java:logGet(46)) - raft.server.storage.dir = [/home/runner/work/ozone/ozone/hadoop-ozone/integration-test/target/test-dir/MiniOzoneClusterImpl-3a4de177-78ca-4f6d-b60b-6b5c736a6a4e/ozone-meta/datanode-1/ratis] (custom)
2024-03-15 21:39:01,348 [b499248e-0c06-432d-b10b-4f9787fe0788-groupManagement] INFO  storage.RaftStorageDirectory (RaftStorageDirectoryImpl.java:analyzeStorage(138)) - The storage directory /home/runner/work/ozone/ozone/hadoop-ozone/integration-test/target/test-dir/MiniOzoneClusterImpl-3a4de177-78ca-4f6d-b60b-6b5c736a6a4e/ozone-meta/datanode-1/ratis/71be99a8-5358-4ab1-a8a7-c58d29ee5220 does not exist. Creating ...
2024-03-15 21:39:01,349 [b499248e-0c06-432d-b10b-4f9787fe0788-groupManagement] INFO  storage.RaftStorageDirectory (RaftStorageDirectoryImpl.java:tryLock(228)) - Lock on /home/runner/work/ozone/ozone/hadoop-ozone/integration-test/target/test-dir/MiniOzoneClusterImpl-3a4de177-78ca-4f6d-b60b-6b5c736a6a4e/ozone-meta/datanode-1/ratis/71be99a8-5358-4ab1-a8a7-c58d29ee5220/in_use.lock acquired by nodename 60682@fv-az528-102
2024-03-15 21:39:01,351 [b499248e-0c06-432d-b10b-4f9787fe0788-groupManagement] INFO  storage.RaftStorage (RaftStorageImpl.java:format(99)) - Storage directory /home/runner/work/ozone/ozone/hadoop-ozone/integration-test/target/test-dir/MiniOzoneClusterImpl-3a4de177-78ca-4f6d-b60b-6b5c736a6a4e/ozone-meta/datanode-1/ratis/71be99a8-5358-4ab1-a8a7-c58d29ee5220 has been successfully formatted.
2024-03-15 21:39:01,351 [b499248e-0c06-432d-b10b-4f9787fe0788-groupManagement] WARN  util.FileUtils (LogUtils.java:supplyAndLog(63)) - Failed to Files.newInputStream /home/runner/work/ozone/ozone/hadoop-ozone/integration-test/target/test-dir/MiniOzoneClusterImpl-3a4de177-78ca-4f6d-b60b-6b5c736a6a4e/ozone-meta/datanode-1/ratis/71be99a8-5358-4ab1-a8a7-c58d29ee5220/current/raft-meta.conf with options []: java.nio.file.NoSuchFileException: /home/runner/work/ozone/ozone/hadoop-ozone/integration-test/target/test-dir/MiniOzoneClusterImpl-3a4de177-78ca-4f6d-b60b-6b5c736a6a4e/ozone-meta/datanode-1/ratis/71be99a8-5358-4ab1-a8a7-c58d29ee5220/current/raft-meta.conf
2024-03-15 21:39:01,351 [b499248e-0c06-432d-b10b-4f9787fe0788-groupManagement] INFO  ratis.ContainerStateMachine (ContainerStateMachine.java:loadSnapshot(287)) - group-C58D29EE5220: The snapshot info is null. Setting the last applied index to:(t:0, i:~)
2024-03-15 21:39:01,352 [b499248e-0c06-432d-b10b-4f9787fe0788-groupManagement] INFO  server.RaftServerConfigKeys (ConfUtils.java:logGet(46)) - raft.server.log.use.memory = false (default)
2024-03-15 21:39:01,352 [b499248e-0c06-432d-b10b-4f9787fe0788-groupManagement] INFO  server.RaftServerConfigKeys (ConfUtils.java:logGet(46)) - raft.server.log.purge.gap = 1000000 (custom)
2024-03-15 21:39:01,353 [b499248e-0c06-432d-b10b-4f9787fe0788-groupManagement] INFO  server.RaftServerConfigKeys (ConfUtils.java:logGet(46)) - raft.server.log.appender.buffer.byte-limit = 8388608 (custom)
2024-03-15 21:39:01,353 [b499248e-0c06-432d-b10b-4f9787fe0788-groupManagement] INFO  server.RaftServerConfigKeys (ConfUtils.java:logGet(46)) - raft.server.log.statemachine.data.read.timeout = 1000ms (default)
2024-03-15 21:39:01,353 [b499248e-0c06-432d-b10b-4f9787fe0788-groupManagement] INFO  server.RaftServerConfigKeys (ConfUtils.java:logGet(46)) - raft.server.log.purge.preservation.log.num = 0 (default)
2024-03-15 21:39:01,355 [b499248e-0c06-432d-b10b-4f9787fe0788-groupManagement] INFO  server.RaftServerConfigKeys (ConfUtils.java:logGet(46)) - raft.server.log.segment.size.max = 67108864 (custom)
2024-03-15 21:39:01,355 [b499248e-0c06-432d-b10b-4f9787fe0788-groupManagement] INFO  server.RaftServerConfigKeys (ConfUtils.java:logGet(46)) - raft.server.log.segment.cache.num.max = 2 (custom)
2024-03-15 21:39:01,356 [b499248e-0c06-432d-b10b-4f9787fe0788-groupManagement] INFO  server.RaftServerConfigKeys (ConfUtils.java:logGet(46)) - raft.server.log.segment.cache.size.max = 200MB (=209715200) (default)
2024-03-15 21:39:01,356 [b499248e-0c06-432d-b10b-4f9787fe0788-groupManagement] INFO  server.RaftServerConfigKeys (ConfUtils.java:logGet(46)) - raft.server.log.appender.buffer.byte-limit = 8388608 (custom)
2024-03-15 21:39:01,356 [b499248e-0c06-432d-b10b-4f9787fe0788-groupManagement] INFO  util.AwaitToRun (AwaitToRun.java:start(81)) - Thread[b499248e-0c06-432d-b10b-4f9787fe0788@group-C58D29EE5220-cacheEviction-AwaitToRun,5,main] started
2024-03-15 21:39:01,352 [EventQueue-OpenPipelineForHealthyPipelineSafeModeRule] INFO  safemode.SCMSafeModeManager (HealthyPipelineSafeModeRule.java:process(140)) - SCM in safe mode. Healthy pipelines reported count is 0, required healthy pipeline reported count is 1
2024-03-15 21:39:01,357 [b499248e-0c06-432d-b10b-4f9787fe0788-groupManagement] INFO  segmented.SegmentedRaftLogWorker (SegmentedRaftLogWorker.java:<init>(182)) - new b499248e-0c06-432d-b10b-4f9787fe0788@group-C58D29EE5220-SegmentedRaftLogWorker for RaftStorageImpl:Storage Directory /home/runner/work/ozone/ozone/hadoop-ozone/integration-test/target/test-dir/MiniOzoneClusterImpl-3a4de177-78ca-4f6d-b60b-6b5c736a6a4e/ozone-meta/datanode-1/ratis/71be99a8-5358-4ab1-a8a7-c58d29ee5220
2024-03-15 21:39:01,361 [b499248e-0c06-432d-b10b-4f9787fe0788-groupManagement] INFO  server.RaftServerConfigKeys (ConfUtils.java:logGet(46)) - raft.server.log.queue.byte-limit = 4294967296 (custom)
2024-03-15 21:39:01,361 [b499248e-0c06-432d-b10b-4f9787fe0788-groupManagement] INFO  server.RaftServerConfigKeys (ConfUtils.java:logGet(46)) - raft.server.log.queue.element-limit = 1024 (custom)
2024-03-15 21:39:01,361 [b499248e-0c06-432d-b10b-4f9787fe0788-groupManagement] INFO  server.RaftServerConfigKeys (ConfUtils.java:logGet(46)) - raft.server.log.segment.size.max = 67108864 (custom)
2024-03-15 21:39:01,361 [b499248e-0c06-432d-b10b-4f9787fe0788-groupManagement] INFO  server.RaftServerConfigKeys (ConfUtils.java:logGet(46)) - raft.server.log.preallocated.size = 4194304 (custom)
2024-03-15 21:39:01,361 [b499248e-0c06-432d-b10b-4f9787fe0788-groupManagement] INFO  server.RaftServerConfigKeys (ConfUtils.java:logGet(46)) - raft.server.log.force.sync.num = 128 (default)
2024-03-15 21:39:01,361 [b499248e-0c06-432d-b10b-4f9787fe0788-groupManagement] INFO  server.RaftServerConfigKeys (ConfUtils.java:logGet(46)) - raft.server.log.statemachine.data.sync = true (default)
2024-03-15 21:39:01,361 [b499248e-0c06-432d-b10b-4f9787fe0788-groupManagement] INFO  server.RaftServerConfigKeys (ConfUtils.java:logGet(46)) - raft.server.log.statemachine.data.sync.timeout = 10s (default)
2024-03-15 21:39:01,361 [b499248e-0c06-432d-b10b-4f9787fe0788-groupManagement] INFO  server.RaftServerConfigKeys (ConfUtils.java:logGet(46)) - raft.server.log.statemachine.data.sync.timeout.retry = 0 (custom)
2024-03-15 21:39:01,361 [b499248e-0c06-432d-b10b-4f9787fe0788-groupManagement] INFO  server.RaftServerConfigKeys (ConfUtils.java:logGet(46)) - raft.server.log.write.buffer.size = 8388616 (custom)
2024-03-15 21:39:01,363 [b499248e-0c06-432d-b10b-4f9787fe0788-groupManagement] INFO  server.RaftServerConfigKeys (ConfUtils.java:logGet(46)) - raft.server.log.appender.buffer.byte-limit = 8388608 (custom)
2024-03-15 21:39:01,363 [b499248e-0c06-432d-b10b-4f9787fe0788-groupManagement] INFO  server.RaftServerConfigKeys (ConfUtils.java:logGet(46)) - raft.server.log.unsafe-flush.enabled = false (default)
2024-03-15 21:39:01,363 [b499248e-0c06-432d-b10b-4f9787fe0788-groupManagement] INFO  server.RaftServerConfigKeys (ConfUtils.java:logGet(46)) - raft.server.log.async-flush.enabled = false (default)
2024-03-15 21:39:01,363 [b499248e-0c06-432d-b10b-4f9787fe0788-groupManagement] INFO  server.RaftServerConfigKeys (ConfUtils.java:logGet(46)) - raft.server.log.statemachine.data.caching.enabled = true (custom)
2024-03-15 21:39:01,363 [b499248e-0c06-432d-b10b-4f9787fe0788-groupManagement] INFO  segmented.SegmentedRaftLogWorker (SegmentedRaftLogWorker.java:lambda$new$0(134)) - b499248e-0c06-432d-b10b-4f9787fe0788@group-C58D29EE5220-SegmentedRaftLogWorker: flushIndex: setUnconditionally 0 -> -1
2024-03-15 21:39:01,363 [b499248e-0c06-432d-b10b-4f9787fe0788-groupManagement] INFO  segmented.SegmentedRaftLogWorker (SegmentedRaftLogWorker.java:lambda$new$0(134)) - b499248e-0c06-432d-b10b-4f9787fe0788@group-C58D29EE5220-SegmentedRaftLogWorker: safeCacheEvictIndex: setUnconditionally 0 -> -1
2024-03-15 21:39:01,365 [b499248e-0c06-432d-b10b-4f9787fe0788-groupManagement] INFO  server.RaftServer$Division (RaftServerImpl.java:start(396)) - b499248e-0c06-432d-b10b-4f9787fe0788@group-C58D29EE5220: start as a follower, conf=-1: peers:[ab213e82-42b9-48b1-ae0f-aa83a6d4a4a6|10.1.0.11:15112, 91ca698e-74b5-4d15-9852-8e087478f801|10.1.0.11:15121, b499248e-0c06-432d-b10b-4f9787fe0788|10.1.0.11:15103]|listeners:[], old=null
2024-03-15 21:39:01,365 [b499248e-0c06-432d-b10b-4f9787fe0788-groupManagement] INFO  server.RaftServer$Division (RaftServerImpl.java:setRole(383)) - b499248e-0c06-432d-b10b-4f9787fe0788@group-C58D29EE5220: changes role from      null to FOLLOWER at term 0 for startAsFollower
2024-03-15 21:39:01,365 [b499248e-0c06-432d-b10b-4f9787fe0788-groupManagement] INFO  impl.RoleInfo (RoleInfo.java:updateAndGet(139)) - b499248e-0c06-432d-b10b-4f9787fe0788: start b499248e-0c06-432d-b10b-4f9787fe0788@group-C58D29EE5220-FollowerState
2024-03-15 21:39:01,366 [b499248e-0c06-432d-b10b-4f9787fe0788@group-C58D29EE5220-FollowerState] INFO  server.RaftServerConfigKeys (ConfUtils.java:logFallback(53)) - raft.server.rpc.first-election.timeout.min = 5s (fallback to raft.server.rpc.timeout.min)
2024-03-15 21:39:01,366 [b499248e-0c06-432d-b10b-4f9787fe0788@group-C58D29EE5220-FollowerState] INFO  server.RaftServerConfigKeys (ConfUtils.java:logFallback(53)) - raft.server.rpc.first-election.timeout.max = 5200ms (fallback to raft.server.rpc.timeout.max)
2024-03-15 21:39:01,366 [b499248e-0c06-432d-b10b-4f9787fe0788-groupManagement] INFO  util.JmxRegister (JmxRegister.java:tryRegister(44)) - Successfully registered JMX Bean with object name Ratis:service=RaftServer,group=group-C58D29EE5220,id=b499248e-0c06-432d-b10b-4f9787fe0788
2024-03-15 21:39:01,366 [b499248e-0c06-432d-b10b-4f9787fe0788-groupManagement] INFO  server.RaftServerConfigKeys (ConfUtils.java:logGet(46)) - raft.server.snapshot.trigger-when-stop.enabled = true (default)
2024-03-15 21:39:01,366 [b499248e-0c06-432d-b10b-4f9787fe0788-groupManagement] INFO  server.RaftServerConfigKeys (ConfUtils.java:logGet(46)) - raft.server.snapshot.auto.trigger.enabled = true (custom)
2024-03-15 21:39:01,366 [b499248e-0c06-432d-b10b-4f9787fe0788-groupManagement] INFO  server.RaftServerConfigKeys (ConfUtils.java:logGet(46)) - raft.server.snapshot.auto.trigger.threshold = 10000 (custom)
2024-03-15 21:39:01,366 [b499248e-0c06-432d-b10b-4f9787fe0788-groupManagement] INFO  server.RaftServerConfigKeys (ConfUtils.java:logGet(46)) - raft.server.snapshot.retention.file.num = 5 (custom)
2024-03-15 21:39:01,366 [b499248e-0c06-432d-b10b-4f9787fe0788-groupManagement] INFO  server.RaftServerConfigKeys (ConfUtils.java:logGet(46)) - raft.server.log.purge.upto.snapshot.index = false (default)
2024-03-15 21:39:01,367 [b499248e-0c06-432d-b10b-4f9787fe0788-PipelineCommandHandlerThread-0] INFO  ratis.XceiverServerRatis (XceiverServerRatis.java:addGroup(864)) - Created group PipelineID=71be99a8-5358-4ab1-a8a7-c58d29ee5220
2024-03-15 21:39:01,376 [grpc-default-executor-0] INFO  server.RaftServer (RaftServerProxy.java:addNew(100)) - 91ca698e-74b5-4d15-9852-8e087478f801: addNew group-C58D29EE5220:[ab213e82-42b9-48b1-ae0f-aa83a6d4a4a6|10.1.0.11:15112, 91ca698e-74b5-4d15-9852-8e087478f801|10.1.0.11:15121, b499248e-0c06-432d-b10b-4f9787fe0788|10.1.0.11:15103] returns group-C58D29EE5220:java.util.concurrent.CompletableFuture@5c2b5cb0[Not completed]
2024-03-15 21:39:01,377 [91ca698e-74b5-4d15-9852-8e087478f801-groupManagement] INFO  server.RaftServer$Division (RaftServerImpl.java:<init>(256)) - 91ca698e-74b5-4d15-9852-8e087478f801: new RaftServerImpl for group-C58D29EE5220:[ab213e82-42b9-48b1-ae0f-aa83a6d4a4a6|10.1.0.11:15112, 91ca698e-74b5-4d15-9852-8e087478f801|10.1.0.11:15121, b499248e-0c06-432d-b10b-4f9787fe0788|10.1.0.11:15103] with ContainerStateMachine:uninitialized
2024-03-15 21:39:01,377 [91ca698e-74b5-4d15-9852-8e087478f801-groupManagement] INFO  server.RaftServerConfigKeys (ConfUtils.java:logGet(46)) - raft.server.rpc.timeout.min = 5s (custom)
2024-03-15 21:39:01,377 [91ca698e-74b5-4d15-9852-8e087478f801-groupManagement] INFO  server.RaftServerConfigKeys (ConfUtils.java:logGet(46)) - raft.server.rpc.timeout.max = 5200ms (custom)
2024-03-15 21:39:01,377 [91ca698e-74b5-4d15-9852-8e087478f801-groupManagement] INFO  server.RaftServerConfigKeys (ConfUtils.java:logGet(46)) - raft.server.rpc.sleep.time = 25ms (default)
2024-03-15 21:39:01,377 [91ca698e-74b5-4d15-9852-8e087478f801-groupManagement] INFO  server.RaftServerConfigKeys (ConfUtils.java:logGet(46)) - raft.server.rpc.slowness.timeout = 300000ms (custom)
2024-03-15 21:39:01,377 [91ca698e-74b5-4d15-9852-8e087478f801-groupManagement] INFO  server.RaftServerConfigKeys (ConfUtils.java:logGet(46)) - raft.server.leaderelection.leader.step-down.wait-time = 10s (default)
2024-03-15 21:39:01,377 [91ca698e-74b5-4d15-9852-8e087478f801-groupManagement] INFO  server.RaftServerConfigKeys (ConfUtils.java:logGet(46)) - raft.server.leaderelection.member.majority-add = false (default)
2024-03-15 21:39:01,377 [91ca698e-74b5-4d15-9852-8e087478f801-groupManagement] INFO  server.RaftServerConfigKeys (ConfUtils.java:logGet(46)) - raft.server.sleep.deviation.threshold = 300ms (default)
2024-03-15 21:39:01,377 [91ca698e-74b5-4d15-9852-8e087478f801-groupManagement] INFO  server.RaftServer$Division (ServerState.java:<init>(113)) - 91ca698e-74b5-4d15-9852-8e087478f801@group-C58D29EE5220: ConfigurationManager, init=-1: peers:[ab213e82-42b9-48b1-ae0f-aa83a6d4a4a6|10.1.0.11:15112, 91ca698e-74b5-4d15-9852-8e087478f801|10.1.0.11:15121, b499248e-0c06-432d-b10b-4f9787fe0788|10.1.0.11:15103]|listeners:[], old=null, confs=<EMPTY_MAP>
2024-03-15 21:39:01,378 [91ca698e-74b5-4d15-9852-8e087478f801-groupManagement] INFO  server.RaftServerConfigKeys (ConfUtils.java:logGet(46)) - raft.server.notification.no-leader.timeout = 300000ms (custom)
2024-03-15 21:39:01,378 [91ca698e-74b5-4d15-9852-8e087478f801-groupManagement] INFO  server.RaftServerConfigKeys (ConfUtils.java:logGet(46)) - raft.server.read.timeout = 10s (default)
2024-03-15 21:39:01,378 [91ca698e-74b5-4d15-9852-8e087478f801-groupManagement] INFO  server.RaftServerConfigKeys (ConfUtils.java:logGet(46)) - raft.server.retrycache.expirytime = 600000ms (custom)
2024-03-15 21:39:01,378 [91ca698e-74b5-4d15-9852-8e087478f801-groupManagement] INFO  server.RaftServerConfigKeys (ConfUtils.java:logGet(46)) - raft.server.retrycache.statistics.expirytime = 100ms (default)
2024-03-15 21:39:01,378 [91ca698e-74b5-4d15-9852-8e087478f801-groupManagement] INFO  server.RaftServerConfigKeys (ConfUtils.java:logGet(46)) - raft.server.read.option = DEFAULT (default)
2024-03-15 21:39:01,378 [91ca698e-74b5-4d15-9852-8e087478f801-groupManagement] INFO  server.RaftServerConfigKeys (ConfUtils.java:logGet(46)) - raft.server.read.read-after-write-consistent.write-index-cache.expiry-time = 60s (default)
2024-03-15 21:39:01,380 [91ca698e-74b5-4d15-9852-8e087478f801-groupManagement] INFO  server.RaftServerConfigKeys (ConfUtils.java:logGet(46)) - raft.server.rpc.request.timeout = 3000ms (default)
2024-03-15 21:39:01,380 [91ca698e-74b5-4d15-9852-8e087478f801-groupManagement] INFO  server.RaftServerConfigKeys (ConfUtils.java:logGet(46)) - raft.server.log.appender.install.snapshot.enabled = false (custom)
2024-03-15 21:39:01,380 [91ca698e-74b5-4d15-9852-8e087478f801-groupManagement] INFO  server.RaftServerConfigKeys (ConfUtils.java:logGet(46)) - raft.server.threadpool.server.cached = true (default)
2024-03-15 21:39:01,380 [91ca698e-74b5-4d15-9852-8e087478f801-groupManagement] INFO  server.RaftServerConfigKeys (ConfUtils.java:logGet(46)) - raft.server.threadpool.server.size = 0 (default)
2024-03-15 21:39:01,380 [91ca698e-74b5-4d15-9852-8e087478f801-groupManagement] INFO  server.RaftServerConfigKeys (ConfUtils.java:logGet(46)) - raft.server.threadpool.client.cached = true (default)
2024-03-15 21:39:01,380 [91ca698e-74b5-4d15-9852-8e087478f801-groupManagement] INFO  server.RaftServerConfigKeys (ConfUtils.java:logGet(46)) - raft.server.threadpool.client.size = 0 (default)
2024-03-15 21:39:01,380 [91ca698e-74b5-4d15-9852-8e087478f801-groupManagement] INFO  server.RaftServerConfigKeys (ConfUtils.java:logGet(46)) - raft.server.storage.free-space.min = 0MB (=0) (default)
2024-03-15 21:39:01,380 [91ca698e-74b5-4d15-9852-8e087478f801-groupManagement] INFO  server.RaftServerConfigKeys (ConfUtils.java:logGet(46)) - raft.server.log.corruption.policy = EXCEPTION (default)
2024-03-15 21:39:01,381 [91ca698e-74b5-4d15-9852-8e087478f801-groupManagement] INFO  server.RaftServerConfigKeys (ConfUtils.java:logGet(46)) - raft.server.storage.dir = [/home/runner/work/ozone/ozone/hadoop-ozone/integration-test/target/test-dir/MiniOzoneClusterImpl-3a4de177-78ca-4f6d-b60b-6b5c736a6a4e/ozone-meta/datanode-3/ratis] (custom)
2024-03-15 21:39:01,381 [91ca698e-74b5-4d15-9852-8e087478f801-groupManagement] INFO  storage.RaftStorageDirectory (RaftStorageDirectoryImpl.java:analyzeStorage(138)) - The storage directory /home/runner/work/ozone/ozone/hadoop-ozone/integration-test/target/test-dir/MiniOzoneClusterImpl-3a4de177-78ca-4f6d-b60b-6b5c736a6a4e/ozone-meta/datanode-3/ratis/71be99a8-5358-4ab1-a8a7-c58d29ee5220 does not exist. Creating ...
2024-03-15 21:39:01,382 [91ca698e-74b5-4d15-9852-8e087478f801-groupManagement] INFO  storage.RaftStorageDirectory (RaftStorageDirectoryImpl.java:tryLock(228)) - Lock on /home/runner/work/ozone/ozone/hadoop-ozone/integration-test/target/test-dir/MiniOzoneClusterImpl-3a4de177-78ca-4f6d-b60b-6b5c736a6a4e/ozone-meta/datanode-3/ratis/71be99a8-5358-4ab1-a8a7-c58d29ee5220/in_use.lock acquired by nodename 60682@fv-az528-102
2024-03-15 21:39:01,383 [91ca698e-74b5-4d15-9852-8e087478f801-groupManagement] INFO  storage.RaftStorage (RaftStorageImpl.java:format(99)) - Storage directory /home/runner/work/ozone/ozone/hadoop-ozone/integration-test/target/test-dir/MiniOzoneClusterImpl-3a4de177-78ca-4f6d-b60b-6b5c736a6a4e/ozone-meta/datanode-3/ratis/71be99a8-5358-4ab1-a8a7-c58d29ee5220 has been successfully formatted.
2024-03-15 21:39:01,383 [91ca698e-74b5-4d15-9852-8e087478f801-groupManagement] WARN  util.FileUtils (LogUtils.java:supplyAndLog(63)) - Failed to Files.newInputStream /home/runner/work/ozone/ozone/hadoop-ozone/integration-test/target/test-dir/MiniOzoneClusterImpl-3a4de177-78ca-4f6d-b60b-6b5c736a6a4e/ozone-meta/datanode-3/ratis/71be99a8-5358-4ab1-a8a7-c58d29ee5220/current/raft-meta.conf with options []: java.nio.file.NoSuchFileException: /home/runner/work/ozone/ozone/hadoop-ozone/integration-test/target/test-dir/MiniOzoneClusterImpl-3a4de177-78ca-4f6d-b60b-6b5c736a6a4e/ozone-meta/datanode-3/ratis/71be99a8-5358-4ab1-a8a7-c58d29ee5220/current/raft-meta.conf
2024-03-15 21:39:01,384 [91ca698e-74b5-4d15-9852-8e087478f801-groupManagement] INFO  ratis.ContainerStateMachine (ContainerStateMachine.java:loadSnapshot(287)) - group-C58D29EE5220: The snapshot info is null. Setting the last applied index to:(t:0, i:~)
2024-03-15 21:39:01,384 [91ca698e-74b5-4d15-9852-8e087478f801-groupManagement] INFO  server.RaftServerConfigKeys (ConfUtils.java:logGet(46)) - raft.server.log.use.memory = false (default)
2024-03-15 21:39:01,384 [91ca698e-74b5-4d15-9852-8e087478f801-groupManagement] INFO  server.RaftServerConfigKeys (ConfUtils.java:logGet(46)) - raft.server.log.purge.gap = 1000000 (custom)
2024-03-15 21:39:01,384 [91ca698e-74b5-4d15-9852-8e087478f801-groupManagement] INFO  server.RaftServerConfigKeys (ConfUtils.java:logGet(46)) - raft.server.log.appender.buffer.byte-limit = 8388608 (custom)
2024-03-15 21:39:01,384 [91ca698e-74b5-4d15-9852-8e087478f801-groupManagement] INFO  server.RaftServerConfigKeys (ConfUtils.java:logGet(46)) - raft.server.log.statemachine.data.read.timeout = 1000ms (default)
2024-03-15 21:39:01,384 [91ca698e-74b5-4d15-9852-8e087478f801-groupManagement] INFO  server.RaftServerConfigKeys (ConfUtils.java:logGet(46)) - raft.server.log.purge.preservation.log.num = 0 (default)
2024-03-15 21:39:01,385 [91ca698e-74b5-4d15-9852-8e087478f801-groupManagement] INFO  server.RaftServerConfigKeys (ConfUtils.java:logGet(46)) - raft.server.log.segment.size.max = 67108864 (custom)
2024-03-15 21:39:01,385 [91ca698e-74b5-4d15-9852-8e087478f801-groupManagement] INFO  server.RaftServerConfigKeys (ConfUtils.java:logGet(46)) - raft.server.log.segment.cache.num.max = 2 (custom)
2024-03-15 21:39:01,385 [91ca698e-74b5-4d15-9852-8e087478f801-groupManagement] INFO  server.RaftServerConfigKeys (ConfUtils.java:logGet(46)) - raft.server.log.segment.cache.size.max = 200MB (=209715200) (default)
2024-03-15 21:39:01,385 [91ca698e-74b5-4d15-9852-8e087478f801-groupManagement] INFO  server.RaftServerConfigKeys (ConfUtils.java:logGet(46)) - raft.server.log.appender.buffer.byte-limit = 8388608 (custom)
2024-03-15 21:39:01,385 [91ca698e-74b5-4d15-9852-8e087478f801-groupManagement] INFO  util.AwaitToRun (AwaitToRun.java:start(81)) - Thread[91ca698e-74b5-4d15-9852-8e087478f801@group-C58D29EE5220-cacheEviction-AwaitToRun,5,main] started
2024-03-15 21:39:01,385 [91ca698e-74b5-4d15-9852-8e087478f801-groupManagement] INFO  segmented.SegmentedRaftLogWorker (SegmentedRaftLogWorker.java:<init>(182)) - new 91ca698e-74b5-4d15-9852-8e087478f801@group-C58D29EE5220-SegmentedRaftLogWorker for RaftStorageImpl:Storage Directory /home/runner/work/ozone/ozone/hadoop-ozone/integration-test/target/test-dir/MiniOzoneClusterImpl-3a4de177-78ca-4f6d-b60b-6b5c736a6a4e/ozone-meta/datanode-3/ratis/71be99a8-5358-4ab1-a8a7-c58d29ee5220
2024-03-15 21:39:01,386 [91ca698e-74b5-4d15-9852-8e087478f801-groupManagement] INFO  server.RaftServerConfigKeys (ConfUtils.java:logGet(46)) - raft.server.log.queue.byte-limit = 4294967296 (custom)
2024-03-15 21:39:01,386 [91ca698e-74b5-4d15-9852-8e087478f801-groupManagement] INFO  server.RaftServerConfigKeys (ConfUtils.java:logGet(46)) - raft.server.log.queue.element-limit = 1024 (custom)
2024-03-15 21:39:01,386 [91ca698e-74b5-4d15-9852-8e087478f801-groupManagement] INFO  server.RaftServerConfigKeys (ConfUtils.java:logGet(46)) - raft.server.log.segment.size.max = 67108864 (custom)
2024-03-15 21:39:01,386 [91ca698e-74b5-4d15-9852-8e087478f801-groupManagement] INFO  server.RaftServerConfigKeys (ConfUtils.java:logGet(46)) - raft.server.log.preallocated.size = 4194304 (custom)
2024-03-15 21:39:01,386 [91ca698e-74b5-4d15-9852-8e087478f801-groupManagement] INFO  server.RaftServerConfigKeys (ConfUtils.java:logGet(46)) - raft.server.log.force.sync.num = 128 (default)
2024-03-15 21:39:01,386 [91ca698e-74b5-4d15-9852-8e087478f801-groupManagement] INFO  server.RaftServerConfigKeys (ConfUtils.java:logGet(46)) - raft.server.log.statemachine.data.sync = true (default)
2024-03-15 21:39:01,386 [91ca698e-74b5-4d15-9852-8e087478f801-groupManagement] INFO  server.RaftServerConfigKeys (ConfUtils.java:logGet(46)) - raft.server.log.statemachine.data.sync.timeout = 10s (default)
2024-03-15 21:39:01,386 [91ca698e-74b5-4d15-9852-8e087478f801-groupManagement] INFO  server.RaftServerConfigKeys (ConfUtils.java:logGet(46)) - raft.server.log.statemachine.data.sync.timeout.retry = 0 (custom)
2024-03-15 21:39:01,386 [91ca698e-74b5-4d15-9852-8e087478f801-groupManagement] INFO  server.RaftServerConfigKeys (ConfUtils.java:logGet(46)) - raft.server.log.write.buffer.size = 8388616 (custom)
2024-03-15 21:39:01,387 [91ca698e-74b5-4d15-9852-8e087478f801-groupManagement] INFO  server.RaftServerConfigKeys (ConfUtils.java:logGet(46)) - raft.server.log.appender.buffer.byte-limit = 8388608 (custom)
2024-03-15 21:39:01,387 [91ca698e-74b5-4d15-9852-8e087478f801-groupManagement] INFO  server.RaftServerConfigKeys (ConfUtils.java:logGet(46)) - raft.server.log.unsafe-flush.enabled = false (default)
2024-03-15 21:39:01,387 [91ca698e-74b5-4d15-9852-8e087478f801-groupManagement] INFO  server.RaftServerConfigKeys (ConfUtils.java:logGet(46)) - raft.server.log.async-flush.enabled = false (default)
2024-03-15 21:39:01,387 [91ca698e-74b5-4d15-9852-8e087478f801-groupManagement] INFO  server.RaftServerConfigKeys (ConfUtils.java:logGet(46)) - raft.server.log.statemachine.data.caching.enabled = true (custom)
2024-03-15 21:39:01,387 [91ca698e-74b5-4d15-9852-8e087478f801-groupManagement] INFO  segmented.SegmentedRaftLogWorker (SegmentedRaftLogWorker.java:lambda$new$0(134)) - 91ca698e-74b5-4d15-9852-8e087478f801@group-C58D29EE5220-SegmentedRaftLogWorker: flushIndex: setUnconditionally 0 -> -1
2024-03-15 21:39:01,387 [91ca698e-74b5-4d15-9852-8e087478f801-groupManagement] INFO  segmented.SegmentedRaftLogWorker (SegmentedRaftLogWorker.java:lambda$new$0(134)) - 91ca698e-74b5-4d15-9852-8e087478f801@group-C58D29EE5220-SegmentedRaftLogWorker: safeCacheEvictIndex: setUnconditionally 0 -> -1
2024-03-15 21:39:01,388 [91ca698e-74b5-4d15-9852-8e087478f801-groupManagement] INFO  server.RaftServer$Division (RaftServerImpl.java:start(396)) - 91ca698e-74b5-4d15-9852-8e087478f801@group-C58D29EE5220: start as a follower, conf=-1: peers:[ab213e82-42b9-48b1-ae0f-aa83a6d4a4a6|10.1.0.11:15112, 91ca698e-74b5-4d15-9852-8e087478f801|10.1.0.11:15121, b499248e-0c06-432d-b10b-4f9787fe0788|10.1.0.11:15103]|listeners:[], old=null
2024-03-15 21:39:01,388 [91ca698e-74b5-4d15-9852-8e087478f801-groupManagement] INFO  server.RaftServer$Division (RaftServerImpl.java:setRole(383)) - 91ca698e-74b5-4d15-9852-8e087478f801@group-C58D29EE5220: changes role from      null to FOLLOWER at term 0 for startAsFollower
2024-03-15 21:39:01,388 [91ca698e-74b5-4d15-9852-8e087478f801-groupManagement] INFO  impl.RoleInfo (RoleInfo.java:updateAndGet(139)) - 91ca698e-74b5-4d15-9852-8e087478f801: start 91ca698e-74b5-4d15-9852-8e087478f801@group-C58D29EE5220-FollowerState
2024-03-15 21:39:01,388 [91ca698e-74b5-4d15-9852-8e087478f801@group-C58D29EE5220-FollowerState] INFO  server.RaftServerConfigKeys (ConfUtils.java:logFallback(53)) - raft.server.rpc.first-election.timeout.min = 5s (fallback to raft.server.rpc.timeout.min)
2024-03-15 21:39:01,388 [91ca698e-74b5-4d15-9852-8e087478f801-groupManagement] INFO  util.JmxRegister (JmxRegister.java:tryRegister(44)) - Successfully registered JMX Bean with object name Ratis:service=RaftServer,group=group-C58D29EE5220,id=91ca698e-74b5-4d15-9852-8e087478f801
2024-03-15 21:39:01,388 [91ca698e-74b5-4d15-9852-8e087478f801@group-C58D29EE5220-FollowerState] INFO  server.RaftServerConfigKeys (ConfUtils.java:logFallback(53)) - raft.server.rpc.first-election.timeout.max = 5200ms (fallback to raft.server.rpc.timeout.max)
2024-03-15 21:39:01,388 [91ca698e-74b5-4d15-9852-8e087478f801-groupManagement] INFO  server.RaftServerConfigKeys (ConfUtils.java:logGet(46)) - raft.server.snapshot.trigger-when-stop.enabled = true (default)
2024-03-15 21:39:01,388 [91ca698e-74b5-4d15-9852-8e087478f801-groupManagement] INFO  server.RaftServerConfigKeys (ConfUtils.java:logGet(46)) - raft.server.snapshot.auto.trigger.enabled = true (custom)
2024-03-15 21:39:01,388 [91ca698e-74b5-4d15-9852-8e087478f801-groupManagement] INFO  server.RaftServerConfigKeys (ConfUtils.java:logGet(46)) - raft.server.snapshot.auto.trigger.threshold = 10000 (custom)
2024-03-15 21:39:01,388 [91ca698e-74b5-4d15-9852-8e087478f801-groupManagement] INFO  server.RaftServerConfigKeys (ConfUtils.java:logGet(46)) - raft.server.snapshot.retention.file.num = 5 (custom)
2024-03-15 21:39:01,388 [91ca698e-74b5-4d15-9852-8e087478f801-groupManagement] INFO  server.RaftServerConfigKeys (ConfUtils.java:logGet(46)) - raft.server.log.purge.upto.snapshot.index = false (default)
2024-03-15 21:39:01,406 [grpc-default-executor-0] INFO  server.RaftServer (RaftServerProxy.java:addNew(100)) - ab213e82-42b9-48b1-ae0f-aa83a6d4a4a6: addNew group-C58D29EE5220:[ab213e82-42b9-48b1-ae0f-aa83a6d4a4a6|10.1.0.11:15112, 91ca698e-74b5-4d15-9852-8e087478f801|10.1.0.11:15121, b499248e-0c06-432d-b10b-4f9787fe0788|10.1.0.11:15103] returns group-C58D29EE5220:java.util.concurrent.CompletableFuture@29e3c0f4[Not completed]
2024-03-15 21:39:01,406 [ab213e82-42b9-48b1-ae0f-aa83a6d4a4a6-groupManagement] INFO  server.RaftServer$Division (RaftServerImpl.java:<init>(256)) - ab213e82-42b9-48b1-ae0f-aa83a6d4a4a6: new RaftServerImpl for group-C58D29EE5220:[ab213e82-42b9-48b1-ae0f-aa83a6d4a4a6|10.1.0.11:15112, 91ca698e-74b5-4d15-9852-8e087478f801|10.1.0.11:15121, b499248e-0c06-432d-b10b-4f9787fe0788|10.1.0.11:15103] with ContainerStateMachine:uninitialized
2024-03-15 21:39:01,406 [ab213e82-42b9-48b1-ae0f-aa83a6d4a4a6-groupManagement] INFO  server.RaftServerConfigKeys (ConfUtils.java:logGet(46)) - raft.server.rpc.timeout.min = 5s (custom)
2024-03-15 21:39:01,406 [ab213e82-42b9-48b1-ae0f-aa83a6d4a4a6-groupManagement] INFO  server.RaftServerConfigKeys (ConfUtils.java:logGet(46)) - raft.server.rpc.timeout.max = 5200ms (custom)
2024-03-15 21:39:01,407 [ab213e82-42b9-48b1-ae0f-aa83a6d4a4a6-groupManagement] INFO  server.RaftServerConfigKeys (ConfUtils.java:logGet(46)) - raft.server.rpc.sleep.time = 25ms (default)
2024-03-15 21:39:01,407 [ab213e82-42b9-48b1-ae0f-aa83a6d4a4a6-groupManagement] INFO  server.RaftServerConfigKeys (ConfUtils.java:logGet(46)) - raft.server.rpc.slowness.timeout = 300000ms (custom)
2024-03-15 21:39:01,407 [ab213e82-42b9-48b1-ae0f-aa83a6d4a4a6-groupManagement] INFO  server.RaftServerConfigKeys (ConfUtils.java:logGet(46)) - raft.server.leaderelection.leader.step-down.wait-time = 10s (default)
2024-03-15 21:39:01,407 [ab213e82-42b9-48b1-ae0f-aa83a6d4a4a6-groupManagement] INFO  server.RaftServerConfigKeys (ConfUtils.java:logGet(46)) - raft.server.leaderelection.member.majority-add = false (default)
2024-03-15 21:39:01,407 [ab213e82-42b9-48b1-ae0f-aa83a6d4a4a6-groupManagement] INFO  server.RaftServerConfigKeys (ConfUtils.java:logGet(46)) - raft.server.sleep.deviation.threshold = 300ms (default)
2024-03-15 21:39:01,407 [ab213e82-42b9-48b1-ae0f-aa83a6d4a4a6-groupManagement] INFO  server.RaftServer$Division (ServerState.java:<init>(113)) - ab213e82-42b9-48b1-ae0f-aa83a6d4a4a6@group-C58D29EE5220: ConfigurationManager, init=-1: peers:[ab213e82-42b9-48b1-ae0f-aa83a6d4a4a6|10.1.0.11:15112, 91ca698e-74b5-4d15-9852-8e087478f801|10.1.0.11:15121, b499248e-0c06-432d-b10b-4f9787fe0788|10.1.0.11:15103]|listeners:[], old=null, confs=<EMPTY_MAP>
2024-03-15 21:39:01,407 [ab213e82-42b9-48b1-ae0f-aa83a6d4a4a6-groupManagement] INFO  server.RaftServerConfigKeys (ConfUtils.java:logGet(46)) - raft.server.notification.no-leader.timeout = 300000ms (custom)
2024-03-15 21:39:01,407 [ab213e82-42b9-48b1-ae0f-aa83a6d4a4a6-groupManagement] INFO  server.RaftServerConfigKeys (ConfUtils.java:logGet(46)) - raft.server.read.timeout = 10s (default)
2024-03-15 21:39:01,407 [ab213e82-42b9-48b1-ae0f-aa83a6d4a4a6-groupManagement] INFO  server.RaftServerConfigKeys (ConfUtils.java:logGet(46)) - raft.server.retrycache.expirytime = 600000ms (custom)
2024-03-15 21:39:01,407 [ab213e82-42b9-48b1-ae0f-aa83a6d4a4a6-groupManagement] INFO  server.RaftServerConfigKeys (ConfUtils.java:logGet(46)) - raft.server.retrycache.statistics.expirytime = 100ms (default)
2024-03-15 21:39:01,407 [ab213e82-42b9-48b1-ae0f-aa83a6d4a4a6-groupManagement] INFO  server.RaftServerConfigKeys (ConfUtils.java:logGet(46)) - raft.server.read.option = DEFAULT (default)
2024-03-15 21:39:01,411 [ab213e82-42b9-48b1-ae0f-aa83a6d4a4a6-groupManagement] INFO  server.RaftServerConfigKeys (ConfUtils.java:logGet(46)) - raft.server.read.read-after-write-consistent.write-index-cache.expiry-time = 60s (default)
2024-03-15 21:39:01,414 [ab213e82-42b9-48b1-ae0f-aa83a6d4a4a6-groupManagement] INFO  server.RaftServerConfigKeys (ConfUtils.java:logGet(46)) - raft.server.rpc.request.timeout = 3000ms (default)
2024-03-15 21:39:01,414 [ab213e82-42b9-48b1-ae0f-aa83a6d4a4a6-groupManagement] INFO  server.RaftServerConfigKeys (ConfUtils.java:logGet(46)) - raft.server.log.appender.install.snapshot.enabled = false (custom)
2024-03-15 21:39:01,414 [ab213e82-42b9-48b1-ae0f-aa83a6d4a4a6-groupManagement] INFO  server.RaftServerConfigKeys (ConfUtils.java:logGet(46)) - raft.server.threadpool.server.cached = true (default)
2024-03-15 21:39:01,414 [ab213e82-42b9-48b1-ae0f-aa83a6d4a4a6-groupManagement] INFO  server.RaftServerConfigKeys (ConfUtils.java:logGet(46)) - raft.server.threadpool.server.size = 0 (default)
2024-03-15 21:39:01,414 [ab213e82-42b9-48b1-ae0f-aa83a6d4a4a6-groupManagement] INFO  server.RaftServerConfigKeys (ConfUtils.java:logGet(46)) - raft.server.threadpool.client.cached = true (default)
2024-03-15 21:39:01,414 [ab213e82-42b9-48b1-ae0f-aa83a6d4a4a6-groupManagement] INFO  server.RaftServerConfigKeys (ConfUtils.java:logGet(46)) - raft.server.threadpool.client.size = 0 (default)
2024-03-15 21:39:01,414 [ab213e82-42b9-48b1-ae0f-aa83a6d4a4a6-groupManagement] INFO  server.RaftServerConfigKeys (ConfUtils.java:logGet(46)) - raft.server.storage.free-space.min = 0MB (=0) (default)
2024-03-15 21:39:01,414 [ab213e82-42b9-48b1-ae0f-aa83a6d4a4a6-groupManagement] INFO  server.RaftServerConfigKeys (ConfUtils.java:logGet(46)) - raft.server.log.corruption.policy = EXCEPTION (default)
2024-03-15 21:39:01,414 [ab213e82-42b9-48b1-ae0f-aa83a6d4a4a6-groupManagement] INFO  server.RaftServerConfigKeys (ConfUtils.java:logGet(46)) - raft.server.storage.dir = [/home/runner/work/ozone/ozone/hadoop-ozone/integration-test/target/test-dir/MiniOzoneClusterImpl-3a4de177-78ca-4f6d-b60b-6b5c736a6a4e/ozone-meta/datanode-2/ratis] (custom)
2024-03-15 21:39:01,415 [ab213e82-42b9-48b1-ae0f-aa83a6d4a4a6-groupManagement] INFO  storage.RaftStorageDirectory (RaftStorageDirectoryImpl.java:analyzeStorage(138)) - The storage directory /home/runner/work/ozone/ozone/hadoop-ozone/integration-test/target/test-dir/MiniOzoneClusterImpl-3a4de177-78ca-4f6d-b60b-6b5c736a6a4e/ozone-meta/datanode-2/ratis/71be99a8-5358-4ab1-a8a7-c58d29ee5220 does not exist. Creating ...
2024-03-15 21:39:01,416 [ab213e82-42b9-48b1-ae0f-aa83a6d4a4a6-groupManagement] INFO  storage.RaftStorageDirectory (RaftStorageDirectoryImpl.java:tryLock(228)) - Lock on /home/runner/work/ozone/ozone/hadoop-ozone/integration-test/target/test-dir/MiniOzoneClusterImpl-3a4de177-78ca-4f6d-b60b-6b5c736a6a4e/ozone-meta/datanode-2/ratis/71be99a8-5358-4ab1-a8a7-c58d29ee5220/in_use.lock acquired by nodename 60682@fv-az528-102
2024-03-15 21:39:01,416 [ab213e82-42b9-48b1-ae0f-aa83a6d4a4a6-groupManagement] INFO  storage.RaftStorage (RaftStorageImpl.java:format(99)) - Storage directory /home/runner/work/ozone/ozone/hadoop-ozone/integration-test/target/test-dir/MiniOzoneClusterImpl-3a4de177-78ca-4f6d-b60b-6b5c736a6a4e/ozone-meta/datanode-2/ratis/71be99a8-5358-4ab1-a8a7-c58d29ee5220 has been successfully formatted.
2024-03-15 21:39:01,417 [ab213e82-42b9-48b1-ae0f-aa83a6d4a4a6-groupManagement] WARN  util.FileUtils (LogUtils.java:supplyAndLog(63)) - Failed to Files.newInputStream /home/runner/work/ozone/ozone/hadoop-ozone/integration-test/target/test-dir/MiniOzoneClusterImpl-3a4de177-78ca-4f6d-b60b-6b5c736a6a4e/ozone-meta/datanode-2/ratis/71be99a8-5358-4ab1-a8a7-c58d29ee5220/current/raft-meta.conf with options []: java.nio.file.NoSuchFileException: /home/runner/work/ozone/ozone/hadoop-ozone/integration-test/target/test-dir/MiniOzoneClusterImpl-3a4de177-78ca-4f6d-b60b-6b5c736a6a4e/ozone-meta/datanode-2/ratis/71be99a8-5358-4ab1-a8a7-c58d29ee5220/current/raft-meta.conf
2024-03-15 21:39:01,418 [ab213e82-42b9-48b1-ae0f-aa83a6d4a4a6-groupManagement] INFO  ratis.ContainerStateMachine (ContainerStateMachine.java:loadSnapshot(287)) - group-C58D29EE5220: The snapshot info is null. Setting the last applied index to:(t:0, i:~)
2024-03-15 21:39:01,418 [ab213e82-42b9-48b1-ae0f-aa83a6d4a4a6-groupManagement] INFO  server.RaftServerConfigKeys (ConfUtils.java:logGet(46)) - raft.server.log.use.memory = false (default)
2024-03-15 21:39:01,418 [ab213e82-42b9-48b1-ae0f-aa83a6d4a4a6-groupManagement] INFO  server.RaftServerConfigKeys (ConfUtils.java:logGet(46)) - raft.server.log.purge.gap = 1000000 (custom)
2024-03-15 21:39:01,418 [ab213e82-42b9-48b1-ae0f-aa83a6d4a4a6-groupManagement] INFO  server.RaftServerConfigKeys (ConfUtils.java:logGet(46)) - raft.server.log.appender.buffer.byte-limit = 8388608 (custom)
2024-03-15 21:39:01,418 [ab213e82-42b9-48b1-ae0f-aa83a6d4a4a6-groupManagement] INFO  server.RaftServerConfigKeys (ConfUtils.java:logGet(46)) - raft.server.log.statemachine.data.read.timeout = 1000ms (default)
2024-03-15 21:39:01,418 [ab213e82-42b9-48b1-ae0f-aa83a6d4a4a6-groupManagement] INFO  server.RaftServerConfigKeys (ConfUtils.java:logGet(46)) - raft.server.log.purge.preservation.log.num = 0 (default)
2024-03-15 21:39:01,420 [ab213e82-42b9-48b1-ae0f-aa83a6d4a4a6-groupManagement] INFO  server.RaftServerConfigKeys (ConfUtils.java:logGet(46)) - raft.server.log.segment.size.max = 67108864 (custom)
2024-03-15 21:39:01,420 [ab213e82-42b9-48b1-ae0f-aa83a6d4a4a6-groupManagement] INFO  server.RaftServerConfigKeys (ConfUtils.java:logGet(46)) - raft.server.log.segment.cache.num.max = 2 (custom)
2024-03-15 21:39:01,420 [ab213e82-42b9-48b1-ae0f-aa83a6d4a4a6-groupManagement] INFO  server.RaftServerConfigKeys (ConfUtils.java:logGet(46)) - raft.server.log.segment.cache.size.max = 200MB (=209715200) (default)
2024-03-15 21:39:01,420 [ab213e82-42b9-48b1-ae0f-aa83a6d4a4a6-groupManagement] INFO  server.RaftServerConfigKeys (ConfUtils.java:logGet(46)) - raft.server.log.appender.buffer.byte-limit = 8388608 (custom)
2024-03-15 21:39:01,420 [ab213e82-42b9-48b1-ae0f-aa83a6d4a4a6-groupManagement] INFO  util.AwaitToRun (AwaitToRun.java:start(81)) - Thread[ab213e82-42b9-48b1-ae0f-aa83a6d4a4a6@group-C58D29EE5220-cacheEviction-AwaitToRun,5,main] started
2024-03-15 21:39:01,421 [ab213e82-42b9-48b1-ae0f-aa83a6d4a4a6-groupManagement] INFO  segmented.SegmentedRaftLogWorker (SegmentedRaftLogWorker.java:<init>(182)) - new ab213e82-42b9-48b1-ae0f-aa83a6d4a4a6@group-C58D29EE5220-SegmentedRaftLogWorker for RaftStorageImpl:Storage Directory /home/runner/work/ozone/ozone/hadoop-ozone/integration-test/target/test-dir/MiniOzoneClusterImpl-3a4de177-78ca-4f6d-b60b-6b5c736a6a4e/ozone-meta/datanode-2/ratis/71be99a8-5358-4ab1-a8a7-c58d29ee5220
2024-03-15 21:39:01,421 [ab213e82-42b9-48b1-ae0f-aa83a6d4a4a6-groupManagement] INFO  server.RaftServerConfigKeys (ConfUtils.java:logGet(46)) - raft.server.log.queue.byte-limit = 4294967296 (custom)
2024-03-15 21:39:01,421 [ab213e82-42b9-48b1-ae0f-aa83a6d4a4a6-groupManagement] INFO  server.RaftServerConfigKeys (ConfUtils.java:logGet(46)) - raft.server.log.queue.element-limit = 1024 (custom)
2024-03-15 21:39:01,421 [ab213e82-42b9-48b1-ae0f-aa83a6d4a4a6-groupManagement] INFO  server.RaftServerConfigKeys (ConfUtils.java:logGet(46)) - raft.server.log.segment.size.max = 67108864 (custom)
2024-03-15 21:39:01,421 [ab213e82-42b9-48b1-ae0f-aa83a6d4a4a6-groupManagement] INFO  server.RaftServerConfigKeys (ConfUtils.java:logGet(46)) - raft.server.log.preallocated.size = 4194304 (custom)
2024-03-15 21:39:01,421 [ab213e82-42b9-48b1-ae0f-aa83a6d4a4a6-groupManagement] INFO  server.RaftServerConfigKeys (ConfUtils.java:logGet(46)) - raft.server.log.force.sync.num = 128 (default)
2024-03-15 21:39:01,421 [ab213e82-42b9-48b1-ae0f-aa83a6d4a4a6-groupManagement] INFO  server.RaftServerConfigKeys (ConfUtils.java:logGet(46)) - raft.server.log.statemachine.data.sync = true (default)
2024-03-15 21:39:01,421 [ab213e82-42b9-48b1-ae0f-aa83a6d4a4a6-groupManagement] INFO  server.RaftServerConfigKeys (ConfUtils.java:logGet(46)) - raft.server.log.statemachine.data.sync.timeout = 10s (default)
2024-03-15 21:39:01,421 [ab213e82-42b9-48b1-ae0f-aa83a6d4a4a6-groupManagement] INFO  server.RaftServerConfigKeys (ConfUtils.java:logGet(46)) - raft.server.log.statemachine.data.sync.timeout.retry = 0 (custom)
2024-03-15 21:39:01,422 [ab213e82-42b9-48b1-ae0f-aa83a6d4a4a6-groupManagement] INFO  server.RaftServerConfigKeys (ConfUtils.java:logGet(46)) - raft.server.log.write.buffer.size = 8388616 (custom)
2024-03-15 21:39:01,423 [ab213e82-42b9-48b1-ae0f-aa83a6d4a4a6-groupManagement] INFO  server.RaftServerConfigKeys (ConfUtils.java:logGet(46)) - raft.server.log.appender.buffer.byte-limit = 8388608 (custom)
2024-03-15 21:39:01,423 [ab213e82-42b9-48b1-ae0f-aa83a6d4a4a6-groupManagement] INFO  server.RaftServerConfigKeys (ConfUtils.java:logGet(46)) - raft.server.log.unsafe-flush.enabled = false (default)
2024-03-15 21:39:01,423 [ab213e82-42b9-48b1-ae0f-aa83a6d4a4a6-groupManagement] INFO  server.RaftServerConfigKeys (ConfUtils.java:logGet(46)) - raft.server.log.async-flush.enabled = false (default)
2024-03-15 21:39:01,424 [ab213e82-42b9-48b1-ae0f-aa83a6d4a4a6-groupManagement] INFO  server.RaftServerConfigKeys (ConfUtils.java:logGet(46)) - raft.server.log.statemachine.data.caching.enabled = true (custom)
2024-03-15 21:39:01,424 [ab213e82-42b9-48b1-ae0f-aa83a6d4a4a6-groupManagement] INFO  segmented.SegmentedRaftLogWorker (SegmentedRaftLogWorker.java:lambda$new$0(134)) - ab213e82-42b9-48b1-ae0f-aa83a6d4a4a6@group-C58D29EE5220-SegmentedRaftLogWorker: flushIndex: setUnconditionally 0 -> -1
2024-03-15 21:39:01,424 [ab213e82-42b9-48b1-ae0f-aa83a6d4a4a6-groupManagement] INFO  segmented.SegmentedRaftLogWorker (SegmentedRaftLogWorker.java:lambda$new$0(134)) - ab213e82-42b9-48b1-ae0f-aa83a6d4a4a6@group-C58D29EE5220-SegmentedRaftLogWorker: safeCacheEvictIndex: setUnconditionally 0 -> -1
2024-03-15 21:39:01,424 [ab213e82-42b9-48b1-ae0f-aa83a6d4a4a6-groupManagement] INFO  server.RaftServer$Division (RaftServerImpl.java:start(396)) - ab213e82-42b9-48b1-ae0f-aa83a6d4a4a6@group-C58D29EE5220: start as a follower, conf=-1: peers:[ab213e82-42b9-48b1-ae0f-aa83a6d4a4a6|10.1.0.11:15112, 91ca698e-74b5-4d15-9852-8e087478f801|10.1.0.11:15121, b499248e-0c06-432d-b10b-4f9787fe0788|10.1.0.11:15103]|listeners:[], old=null
2024-03-15 21:39:01,424 [ab213e82-42b9-48b1-ae0f-aa83a6d4a4a6-groupManagement] INFO  server.RaftServer$Division (RaftServerImpl.java:setRole(383)) - ab213e82-42b9-48b1-ae0f-aa83a6d4a4a6@group-C58D29EE5220: changes role from      null to FOLLOWER at term 0 for startAsFollower
2024-03-15 21:39:01,424 [ab213e82-42b9-48b1-ae0f-aa83a6d4a4a6-groupManagement] INFO  impl.RoleInfo (RoleInfo.java:updateAndGet(139)) - ab213e82-42b9-48b1-ae0f-aa83a6d4a4a6: start ab213e82-42b9-48b1-ae0f-aa83a6d4a4a6@group-C58D29EE5220-FollowerState
2024-03-15 21:39:01,424 [ab213e82-42b9-48b1-ae0f-aa83a6d4a4a6@group-C58D29EE5220-FollowerState] INFO  server.RaftServerConfigKeys (ConfUtils.java:logFallback(53)) - raft.server.rpc.first-election.timeout.min = 5s (fallback to raft.server.rpc.timeout.min)
2024-03-15 21:39:01,424 [ab213e82-42b9-48b1-ae0f-aa83a6d4a4a6-groupManagement] INFO  util.JmxRegister (JmxRegister.java:tryRegister(44)) - Successfully registered JMX Bean with object name Ratis:service=RaftServer,group=group-C58D29EE5220,id=ab213e82-42b9-48b1-ae0f-aa83a6d4a4a6
2024-03-15 21:39:01,424 [ab213e82-42b9-48b1-ae0f-aa83a6d4a4a6@group-C58D29EE5220-FollowerState] INFO  server.RaftServerConfigKeys (ConfUtils.java:logFallback(53)) - raft.server.rpc.first-election.timeout.max = 5200ms (fallback to raft.server.rpc.timeout.max)
2024-03-15 21:39:01,425 [ab213e82-42b9-48b1-ae0f-aa83a6d4a4a6-groupManagement] INFO  server.RaftServerConfigKeys (ConfUtils.java:logGet(46)) - raft.server.snapshot.trigger-when-stop.enabled = true (default)
2024-03-15 21:39:01,425 [ab213e82-42b9-48b1-ae0f-aa83a6d4a4a6-groupManagement] INFO  server.RaftServerConfigKeys (ConfUtils.java:logGet(46)) - raft.server.snapshot.auto.trigger.enabled = true (custom)
2024-03-15 21:39:01,425 [ab213e82-42b9-48b1-ae0f-aa83a6d4a4a6-groupManagement] INFO  server.RaftServerConfigKeys (ConfUtils.java:logGet(46)) - raft.server.snapshot.auto.trigger.threshold = 10000 (custom)
2024-03-15 21:39:01,425 [ab213e82-42b9-48b1-ae0f-aa83a6d4a4a6-groupManagement] INFO  server.RaftServerConfigKeys (ConfUtils.java:logGet(46)) - raft.server.snapshot.retention.file.num = 5 (custom)
2024-03-15 21:39:01,425 [ab213e82-42b9-48b1-ae0f-aa83a6d4a4a6-groupManagement] INFO  server.RaftServerConfigKeys (ConfUtils.java:logGet(46)) - raft.server.log.purge.upto.snapshot.index = false (default)
2024-03-15 21:39:01,431 [ab213e82-42b9-48b1-ae0f-aa83a6d4a4a6-PipelineCommandHandlerThread-0] INFO  server.RaftServer (RaftServerProxy.java:addNew(100)) - ab213e82-42b9-48b1-ae0f-aa83a6d4a4a6: addNew group-74D59BEFE15B:[ab213e82-42b9-48b1-ae0f-aa83a6d4a4a6|10.1.0.11:15112] returns group-74D59BEFE15B:java.util.concurrent.CompletableFuture@50279b92[Not completed]
2024-03-15 21:39:01,432 [ab213e82-42b9-48b1-ae0f-aa83a6d4a4a6-groupManagement] INFO  server.RaftServer$Division (RaftServerImpl.java:<init>(256)) - ab213e82-42b9-48b1-ae0f-aa83a6d4a4a6: new RaftServerImpl for group-74D59BEFE15B:[ab213e82-42b9-48b1-ae0f-aa83a6d4a4a6|10.1.0.11:15112] with ContainerStateMachine:uninitialized
2024-03-15 21:39:01,432 [ab213e82-42b9-48b1-ae0f-aa83a6d4a4a6-groupManagement] INFO  server.RaftServerConfigKeys (ConfUtils.java:logGet(46)) - raft.server.rpc.timeout.min = 5s (custom)
2024-03-15 21:39:01,432 [ab213e82-42b9-48b1-ae0f-aa83a6d4a4a6-groupManagement] INFO  server.RaftServerConfigKeys (ConfUtils.java:logGet(46)) - raft.server.rpc.timeout.max = 5200ms (custom)
2024-03-15 21:39:01,432 [ab213e82-42b9-48b1-ae0f-aa83a6d4a4a6-groupManagement] INFO  server.RaftServerConfigKeys (ConfUtils.java:logGet(46)) - raft.server.rpc.sleep.time = 25ms (default)
2024-03-15 21:39:01,432 [ab213e82-42b9-48b1-ae0f-aa83a6d4a4a6-groupManagement] INFO  server.RaftServerConfigKeys (ConfUtils.java:logGet(46)) - raft.server.rpc.slowness.timeout = 300000ms (custom)
2024-03-15 21:39:01,432 [ab213e82-42b9-48b1-ae0f-aa83a6d4a4a6-groupManagement] INFO  server.RaftServerConfigKeys (ConfUtils.java:logGet(46)) - raft.server.leaderelection.leader.step-down.wait-time = 10s (default)
2024-03-15 21:39:01,432 [ab213e82-42b9-48b1-ae0f-aa83a6d4a4a6-groupManagement] INFO  server.RaftServerConfigKeys (ConfUtils.java:logGet(46)) - raft.server.leaderelection.member.majority-add = false (default)
2024-03-15 21:39:01,432 [ab213e82-42b9-48b1-ae0f-aa83a6d4a4a6-groupManagement] INFO  server.RaftServerConfigKeys (ConfUtils.java:logGet(46)) - raft.server.sleep.deviation.threshold = 300ms (default)
2024-03-15 21:39:01,433 [ab213e82-42b9-48b1-ae0f-aa83a6d4a4a6-groupManagement] INFO  server.RaftServer$Division (ServerState.java:<init>(113)) - ab213e82-42b9-48b1-ae0f-aa83a6d4a4a6@group-74D59BEFE15B: ConfigurationManager, init=-1: peers:[ab213e82-42b9-48b1-ae0f-aa83a6d4a4a6|10.1.0.11:15112]|listeners:[], old=null, confs=<EMPTY_MAP>
2024-03-15 21:39:01,433 [ab213e82-42b9-48b1-ae0f-aa83a6d4a4a6-groupManagement] INFO  server.RaftServerConfigKeys (ConfUtils.java:logGet(46)) - raft.server.notification.no-leader.timeout = 300000ms (custom)
2024-03-15 21:39:01,433 [ab213e82-42b9-48b1-ae0f-aa83a6d4a4a6-groupManagement] INFO  server.RaftServerConfigKeys (ConfUtils.java:logGet(46)) - raft.server.read.timeout = 10s (default)
2024-03-15 21:39:01,433 [ab213e82-42b9-48b1-ae0f-aa83a6d4a4a6-groupManagement] INFO  server.RaftServerConfigKeys (ConfUtils.java:logGet(46)) - raft.server.retrycache.expirytime = 600000ms (custom)
2024-03-15 21:39:01,433 [ab213e82-42b9-48b1-ae0f-aa83a6d4a4a6-groupManagement] INFO  server.RaftServerConfigKeys (ConfUtils.java:logGet(46)) - raft.server.retrycache.statistics.expirytime = 100ms (default)
2024-03-15 21:39:01,433 [ab213e82-42b9-48b1-ae0f-aa83a6d4a4a6-groupManagement] INFO  server.RaftServerConfigKeys (ConfUtils.java:logGet(46)) - raft.server.read.option = DEFAULT (default)
2024-03-15 21:39:01,433 [ab213e82-42b9-48b1-ae0f-aa83a6d4a4a6-groupManagement] INFO  server.RaftServerConfigKeys (ConfUtils.java:logGet(46)) - raft.server.read.read-after-write-consistent.write-index-cache.expiry-time = 60s (default)
2024-03-15 21:39:01,436 [ab213e82-42b9-48b1-ae0f-aa83a6d4a4a6-groupManagement] INFO  server.RaftServerConfigKeys (ConfUtils.java:logGet(46)) - raft.server.rpc.request.timeout = 3000ms (default)
2024-03-15 21:39:01,436 [ab213e82-42b9-48b1-ae0f-aa83a6d4a4a6-groupManagement] INFO  server.RaftServerConfigKeys (ConfUtils.java:logGet(46)) - raft.server.log.appender.install.snapshot.enabled = false (custom)
2024-03-15 21:39:01,436 [ab213e82-42b9-48b1-ae0f-aa83a6d4a4a6-groupManagement] INFO  server.RaftServerConfigKeys (ConfUtils.java:logGet(46)) - raft.server.threadpool.server.cached = true (default)
2024-03-15 21:39:01,436 [ab213e82-42b9-48b1-ae0f-aa83a6d4a4a6-groupManagement] INFO  server.RaftServerConfigKeys (ConfUtils.java:logGet(46)) - raft.server.threadpool.server.size = 0 (default)
2024-03-15 21:39:01,436 [ab213e82-42b9-48b1-ae0f-aa83a6d4a4a6-groupManagement] INFO  server.RaftServerConfigKeys (ConfUtils.java:logGet(46)) - raft.server.threadpool.client.cached = true (default)
2024-03-15 21:39:01,436 [ab213e82-42b9-48b1-ae0f-aa83a6d4a4a6-groupManagement] INFO  server.RaftServerConfigKeys (ConfUtils.java:logGet(46)) - raft.server.threadpool.client.size = 0 (default)
2024-03-15 21:39:01,436 [ab213e82-42b9-48b1-ae0f-aa83a6d4a4a6-groupManagement] INFO  server.RaftServerConfigKeys (ConfUtils.java:logGet(46)) - raft.server.storage.free-space.min = 0MB (=0) (default)
2024-03-15 21:39:01,436 [ab213e82-42b9-48b1-ae0f-aa83a6d4a4a6-groupManagement] INFO  server.RaftServerConfigKeys (ConfUtils.java:logGet(46)) - raft.server.log.corruption.policy = EXCEPTION (default)
2024-03-15 21:39:01,437 [ab213e82-42b9-48b1-ae0f-aa83a6d4a4a6-groupManagement] INFO  server.RaftServerConfigKeys (ConfUtils.java:logGet(46)) - raft.server.storage.dir = [/home/runner/work/ozone/ozone/hadoop-ozone/integration-test/target/test-dir/MiniOzoneClusterImpl-3a4de177-78ca-4f6d-b60b-6b5c736a6a4e/ozone-meta/datanode-2/ratis] (custom)
2024-03-15 21:39:01,437 [ab213e82-42b9-48b1-ae0f-aa83a6d4a4a6-groupManagement] INFO  storage.RaftStorageDirectory (RaftStorageDirectoryImpl.java:analyzeStorage(138)) - The storage directory /home/runner/work/ozone/ozone/hadoop-ozone/integration-test/target/test-dir/MiniOzoneClusterImpl-3a4de177-78ca-4f6d-b60b-6b5c736a6a4e/ozone-meta/datanode-2/ratis/9e234054-0ec3-4025-b74b-74d59befe15b does not exist. Creating ...
2024-03-15 21:39:01,438 [ab213e82-42b9-48b1-ae0f-aa83a6d4a4a6-groupManagement] INFO  storage.RaftStorageDirectory (RaftStorageDirectoryImpl.java:tryLock(228)) - Lock on /home/runner/work/ozone/ozone/hadoop-ozone/integration-test/target/test-dir/MiniOzoneClusterImpl-3a4de177-78ca-4f6d-b60b-6b5c736a6a4e/ozone-meta/datanode-2/ratis/9e234054-0ec3-4025-b74b-74d59befe15b/in_use.lock acquired by nodename 60682@fv-az528-102
2024-03-15 21:39:01,438 [b499248e-0c06-432d-b10b-4f9787fe0788-PipelineCommandHandlerThread-0] INFO  commandhandler.CreatePipelineCommandHandler (CreatePipelineCommandHandler.java:lambda$handle$2(124)) - Created Pipeline RATIS THREE PipelineID=71be99a8-5358-4ab1-a8a7-c58d29ee5220.
2024-03-15 21:39:01,438 [ab213e82-42b9-48b1-ae0f-aa83a6d4a4a6-groupManagement] INFO  storage.RaftStorage (RaftStorageImpl.java:format(99)) - Storage directory /home/runner/work/ozone/ozone/hadoop-ozone/integration-test/target/test-dir/MiniOzoneClusterImpl-3a4de177-78ca-4f6d-b60b-6b5c736a6a4e/ozone-meta/datanode-2/ratis/9e234054-0ec3-4025-b74b-74d59befe15b has been successfully formatted.
2024-03-15 21:39:01,439 [ab213e82-42b9-48b1-ae0f-aa83a6d4a4a6-groupManagement] WARN  util.FileUtils (LogUtils.java:supplyAndLog(63)) - Failed to Files.newInputStream /home/runner/work/ozone/ozone/hadoop-ozone/integration-test/target/test-dir/MiniOzoneClusterImpl-3a4de177-78ca-4f6d-b60b-6b5c736a6a4e/ozone-meta/datanode-2/ratis/9e234054-0ec3-4025-b74b-74d59befe15b/current/raft-meta.conf with options []: java.nio.file.NoSuchFileException: /home/runner/work/ozone/ozone/hadoop-ozone/integration-test/target/test-dir/MiniOzoneClusterImpl-3a4de177-78ca-4f6d-b60b-6b5c736a6a4e/ozone-meta/datanode-2/ratis/9e234054-0ec3-4025-b74b-74d59befe15b/current/raft-meta.conf
2024-03-15 21:39:01,439 [ab213e82-42b9-48b1-ae0f-aa83a6d4a4a6-groupManagement] INFO  ratis.ContainerStateMachine (ContainerStateMachine.java:loadSnapshot(287)) - group-74D59BEFE15B: The snapshot info is null. Setting the last applied index to:(t:0, i:~)
2024-03-15 21:39:01,439 [ab213e82-42b9-48b1-ae0f-aa83a6d4a4a6-groupManagement] INFO  server.RaftServerConfigKeys (ConfUtils.java:logGet(46)) - raft.server.log.use.memory = false (default)
2024-03-15 21:39:01,439 [ab213e82-42b9-48b1-ae0f-aa83a6d4a4a6-groupManagement] INFO  server.RaftServerConfigKeys (ConfUtils.java:logGet(46)) - raft.server.log.purge.gap = 1000000 (custom)
2024-03-15 21:39:01,439 [ab213e82-42b9-48b1-ae0f-aa83a6d4a4a6-groupManagement] INFO  server.RaftServerConfigKeys (ConfUtils.java:logGet(46)) - raft.server.log.appender.buffer.byte-limit = 8388608 (custom)
2024-03-15 21:39:01,439 [ab213e82-42b9-48b1-ae0f-aa83a6d4a4a6-groupManagement] INFO  server.RaftServerConfigKeys (ConfUtils.java:logGet(46)) - raft.server.log.statemachine.data.read.timeout = 1000ms (default)
2024-03-15 21:39:01,440 [ab213e82-42b9-48b1-ae0f-aa83a6d4a4a6-groupManagement] INFO  server.RaftServerConfigKeys (ConfUtils.java:logGet(46)) - raft.server.log.purge.preservation.log.num = 0 (default)
2024-03-15 21:39:01,441 [ab213e82-42b9-48b1-ae0f-aa83a6d4a4a6-groupManagement] INFO  server.RaftServerConfigKeys (ConfUtils.java:logGet(46)) - raft.server.log.segment.size.max = 67108864 (custom)
2024-03-15 21:39:01,441 [EventQueue-PipelineReportForPipelineReportHandler] INFO  pipeline.PipelineReportHandler (PipelineReportHandler.java:processPipelineReport(136)) - Opened pipeline PipelineID=9e234054-0ec3-4025-b74b-74d59befe15b
2024-03-15 21:39:01,441 [EventQueue-OpenPipelineForHealthyPipelineSafeModeRule] INFO  safemode.SCMSafeModeManager (HealthyPipelineSafeModeRule.java:process(140)) - SCM in safe mode. Healthy pipelines reported count is 0, required healthy pipeline reported count is 1
2024-03-15 21:39:01,441 [ab213e82-42b9-48b1-ae0f-aa83a6d4a4a6-groupManagement] INFO  server.RaftServerConfigKeys (ConfUtils.java:logGet(46)) - raft.server.log.segment.cache.num.max = 2 (custom)
2024-03-15 21:39:01,442 [ab213e82-42b9-48b1-ae0f-aa83a6d4a4a6-groupManagement] INFO  server.RaftServerConfigKeys (ConfUtils.java:logGet(46)) - raft.server.log.segment.cache.size.max = 200MB (=209715200) (default)
2024-03-15 21:39:01,442 [ab213e82-42b9-48b1-ae0f-aa83a6d4a4a6-groupManagement] INFO  server.RaftServerConfigKeys (ConfUtils.java:logGet(46)) - raft.server.log.appender.buffer.byte-limit = 8388608 (custom)
2024-03-15 21:39:01,442 [ab213e82-42b9-48b1-ae0f-aa83a6d4a4a6-groupManagement] INFO  util.AwaitToRun (AwaitToRun.java:start(81)) - Thread[ab213e82-42b9-48b1-ae0f-aa83a6d4a4a6@group-74D59BEFE15B-cacheEviction-AwaitToRun,5,main] started
2024-03-15 21:39:01,442 [ab213e82-42b9-48b1-ae0f-aa83a6d4a4a6-groupManagement] INFO  segmented.SegmentedRaftLogWorker (SegmentedRaftLogWorker.java:<init>(182)) - new ab213e82-42b9-48b1-ae0f-aa83a6d4a4a6@group-74D59BEFE15B-SegmentedRaftLogWorker for RaftStorageImpl:Storage Directory /home/runner/work/ozone/ozone/hadoop-ozone/integration-test/target/test-dir/MiniOzoneClusterImpl-3a4de177-78ca-4f6d-b60b-6b5c736a6a4e/ozone-meta/datanode-2/ratis/9e234054-0ec3-4025-b74b-74d59befe15b
2024-03-15 21:39:01,442 [ab213e82-42b9-48b1-ae0f-aa83a6d4a4a6-groupManagement] INFO  server.RaftServerConfigKeys (ConfUtils.java:logGet(46)) - raft.server.log.queue.byte-limit = 4294967296 (custom)
2024-03-15 21:39:01,442 [ab213e82-42b9-48b1-ae0f-aa83a6d4a4a6-groupManagement] INFO  server.RaftServerConfigKeys (ConfUtils.java:logGet(46)) - raft.server.log.queue.element-limit = 1024 (custom)
2024-03-15 21:39:01,442 [ab213e82-42b9-48b1-ae0f-aa83a6d4a4a6-groupManagement] INFO  server.RaftServerConfigKeys (ConfUtils.java:logGet(46)) - raft.server.log.segment.size.max = 67108864 (custom)
2024-03-15 21:39:01,442 [ab213e82-42b9-48b1-ae0f-aa83a6d4a4a6-groupManagement] INFO  server.RaftServerConfigKeys (ConfUtils.java:logGet(46)) - raft.server.log.preallocated.size = 4194304 (custom)
2024-03-15 21:39:01,442 [ab213e82-42b9-48b1-ae0f-aa83a6d4a4a6-groupManagement] INFO  server.RaftServerConfigKeys (ConfUtils.java:logGet(46)) - raft.server.log.force.sync.num = 128 (default)
2024-03-15 21:39:01,442 [ab213e82-42b9-48b1-ae0f-aa83a6d4a4a6-groupManagement] INFO  server.RaftServerConfigKeys (ConfUtils.java:logGet(46)) - raft.server.log.statemachine.data.sync = true (default)
2024-03-15 21:39:01,442 [ab213e82-42b9-48b1-ae0f-aa83a6d4a4a6-groupManagement] INFO  server.RaftServerConfigKeys (ConfUtils.java:logGet(46)) - raft.server.log.statemachine.data.sync.timeout = 10s (default)
2024-03-15 21:39:01,442 [ab213e82-42b9-48b1-ae0f-aa83a6d4a4a6-groupManagement] INFO  server.RaftServerConfigKeys (ConfUtils.java:logGet(46)) - raft.server.log.statemachine.data.sync.timeout.retry = 0 (custom)
2024-03-15 21:39:01,443 [ab213e82-42b9-48b1-ae0f-aa83a6d4a4a6-groupManagement] INFO  server.RaftServerConfigKeys (ConfUtils.java:logGet(46)) - raft.server.log.write.buffer.size = 8388616 (custom)
2024-03-15 21:39:01,444 [ab213e82-42b9-48b1-ae0f-aa83a6d4a4a6-groupManagement] INFO  server.RaftServerConfigKeys (ConfUtils.java:logGet(46)) - raft.server.log.appender.buffer.byte-limit = 8388608 (custom)
2024-03-15 21:39:01,444 [ab213e82-42b9-48b1-ae0f-aa83a6d4a4a6-groupManagement] INFO  server.RaftServerConfigKeys (ConfUtils.java:logGet(46)) - raft.server.log.unsafe-flush.enabled = false (default)
2024-03-15 21:39:01,445 [ab213e82-42b9-48b1-ae0f-aa83a6d4a4a6-groupManagement] INFO  server.RaftServerConfigKeys (ConfUtils.java:logGet(46)) - raft.server.log.async-flush.enabled = false (default)
2024-03-15 21:39:01,445 [ab213e82-42b9-48b1-ae0f-aa83a6d4a4a6-groupManagement] INFO  server.RaftServerConfigKeys (ConfUtils.java:logGet(46)) - raft.server.log.statemachine.data.caching.enabled = true (custom)
2024-03-15 21:39:01,445 [ab213e82-42b9-48b1-ae0f-aa83a6d4a4a6-groupManagement] INFO  segmented.SegmentedRaftLogWorker (SegmentedRaftLogWorker.java:lambda$new$0(134)) - ab213e82-42b9-48b1-ae0f-aa83a6d4a4a6@group-74D59BEFE15B-SegmentedRaftLogWorker: flushIndex: setUnconditionally 0 -> -1
2024-03-15 21:39:01,445 [ab213e82-42b9-48b1-ae0f-aa83a6d4a4a6-groupManagement] INFO  segmented.SegmentedRaftLogWorker (SegmentedRaftLogWorker.java:lambda$new$0(134)) - ab213e82-42b9-48b1-ae0f-aa83a6d4a4a6@group-74D59BEFE15B-SegmentedRaftLogWorker: safeCacheEvictIndex: setUnconditionally 0 -> -1
2024-03-15 21:39:01,445 [ab213e82-42b9-48b1-ae0f-aa83a6d4a4a6-groupManagement] INFO  server.RaftServer$Division (RaftServerImpl.java:start(396)) - ab213e82-42b9-48b1-ae0f-aa83a6d4a4a6@group-74D59BEFE15B: start as a follower, conf=-1: peers:[ab213e82-42b9-48b1-ae0f-aa83a6d4a4a6|10.1.0.11:15112]|listeners:[], old=null
2024-03-15 21:39:01,445 [ab213e82-42b9-48b1-ae0f-aa83a6d4a4a6-groupManagement] INFO  server.RaftServer$Division (RaftServerImpl.java:setRole(383)) - ab213e82-42b9-48b1-ae0f-aa83a6d4a4a6@group-74D59BEFE15B: changes role from      null to FOLLOWER at term 0 for startAsFollower
2024-03-15 21:39:01,446 [ab213e82-42b9-48b1-ae0f-aa83a6d4a4a6-groupManagement] INFO  impl.RoleInfo (RoleInfo.java:updateAndGet(139)) - ab213e82-42b9-48b1-ae0f-aa83a6d4a4a6: start ab213e82-42b9-48b1-ae0f-aa83a6d4a4a6@group-74D59BEFE15B-FollowerState
2024-03-15 21:39:01,449 [ab213e82-42b9-48b1-ae0f-aa83a6d4a4a6-groupManagement] INFO  util.JmxRegister (JmxRegister.java:tryRegister(44)) - Successfully registered JMX Bean with object name Ratis:service=RaftServer,group=group-74D59BEFE15B,id=ab213e82-42b9-48b1-ae0f-aa83a6d4a4a6
2024-03-15 21:39:01,449 [ab213e82-42b9-48b1-ae0f-aa83a6d4a4a6-groupManagement] INFO  server.RaftServerConfigKeys (ConfUtils.java:logGet(46)) - raft.server.snapshot.trigger-when-stop.enabled = true (default)
2024-03-15 21:39:01,449 [ab213e82-42b9-48b1-ae0f-aa83a6d4a4a6-groupManagement] INFO  server.RaftServerConfigKeys (ConfUtils.java:logGet(46)) - raft.server.snapshot.auto.trigger.enabled = true (custom)
2024-03-15 21:39:01,449 [ab213e82-42b9-48b1-ae0f-aa83a6d4a4a6-groupManagement] INFO  server.RaftServerConfigKeys (ConfUtils.java:logGet(46)) - raft.server.snapshot.auto.trigger.threshold = 10000 (custom)
2024-03-15 21:39:01,449 [ab213e82-42b9-48b1-ae0f-aa83a6d4a4a6-groupManagement] INFO  server.RaftServerConfigKeys (ConfUtils.java:logGet(46)) - raft.server.snapshot.retention.file.num = 5 (custom)
2024-03-15 21:39:01,449 [ab213e82-42b9-48b1-ae0f-aa83a6d4a4a6-groupManagement] INFO  server.RaftServerConfigKeys (ConfUtils.java:logGet(46)) - raft.server.log.purge.upto.snapshot.index = false (default)
2024-03-15 21:39:01,450 [ab213e82-42b9-48b1-ae0f-aa83a6d4a4a6@group-74D59BEFE15B-FollowerState] INFO  server.RaftServerConfigKeys (ConfUtils.java:logFallback(53)) - raft.server.rpc.first-election.timeout.min = 5s (fallback to raft.server.rpc.timeout.min)
2024-03-15 21:39:01,450 [ab213e82-42b9-48b1-ae0f-aa83a6d4a4a6-PipelineCommandHandlerThread-0] INFO  ratis.XceiverServerRatis (XceiverServerRatis.java:addGroup(864)) - Created group PipelineID=9e234054-0ec3-4025-b74b-74d59befe15b
2024-03-15 21:39:01,450 [ab213e82-42b9-48b1-ae0f-aa83a6d4a4a6@group-74D59BEFE15B-FollowerState] INFO  server.RaftServerConfigKeys (ConfUtils.java:logFallback(53)) - raft.server.rpc.first-election.timeout.max = 5200ms (fallback to raft.server.rpc.timeout.max)
2024-03-15 21:39:01,450 [ab213e82-42b9-48b1-ae0f-aa83a6d4a4a6-PipelineCommandHandlerThread-0] INFO  commandhandler.CreatePipelineCommandHandler (CreatePipelineCommandHandler.java:lambda$handle$2(124)) - Created Pipeline RATIS ONE PipelineID=9e234054-0ec3-4025-b74b-74d59befe15b.
2024-03-15 21:39:01,530 [91ca698e-74b5-4d15-9852-8e087478f801-PipelineCommandHandlerThread-0] INFO  server.RaftServer (RaftServerProxy.java:addNew(100)) - 91ca698e-74b5-4d15-9852-8e087478f801: addNew group-5945C1BD35EC:[91ca698e-74b5-4d15-9852-8e087478f801|10.1.0.11:15121] returns group-5945C1BD35EC:java.util.concurrent.CompletableFuture@146d0869[Not completed]
2024-03-15 21:39:01,531 [91ca698e-74b5-4d15-9852-8e087478f801-groupManagement] INFO  server.RaftServer$Division (RaftServerImpl.java:<init>(256)) - 91ca698e-74b5-4d15-9852-8e087478f801: new RaftServerImpl for group-5945C1BD35EC:[91ca698e-74b5-4d15-9852-8e087478f801|10.1.0.11:15121] with ContainerStateMachine:uninitialized
2024-03-15 21:39:01,531 [91ca698e-74b5-4d15-9852-8e087478f801-groupManagement] INFO  server.RaftServerConfigKeys (ConfUtils.java:logGet(46)) - raft.server.rpc.timeout.min = 5s (custom)
2024-03-15 21:39:01,531 [91ca698e-74b5-4d15-9852-8e087478f801-groupManagement] INFO  server.RaftServerConfigKeys (ConfUtils.java:logGet(46)) - raft.server.rpc.timeout.max = 5200ms (custom)
2024-03-15 21:39:01,531 [91ca698e-74b5-4d15-9852-8e087478f801-groupManagement] INFO  server.RaftServerConfigKeys (ConfUtils.java:logGet(46)) - raft.server.rpc.sleep.time = 25ms (default)
2024-03-15 21:39:01,531 [91ca698e-74b5-4d15-9852-8e087478f801-groupManagement] INFO  server.RaftServerConfigKeys (ConfUtils.java:logGet(46)) - raft.server.rpc.slowness.timeout = 300000ms (custom)
2024-03-15 21:39:01,531 [91ca698e-74b5-4d15-9852-8e087478f801-groupManagement] INFO  server.RaftServerConfigKeys (ConfUtils.java:logGet(46)) - raft.server.leaderelection.leader.step-down.wait-time = 10s (default)
2024-03-15 21:39:01,531 [91ca698e-74b5-4d15-9852-8e087478f801-groupManagement] INFO  server.RaftServerConfigKeys (ConfUtils.java:logGet(46)) - raft.server.leaderelection.member.majority-add = false (default)
2024-03-15 21:39:01,531 [91ca698e-74b5-4d15-9852-8e087478f801-groupManagement] INFO  server.RaftServerConfigKeys (ConfUtils.java:logGet(46)) - raft.server.sleep.deviation.threshold = 300ms (default)
2024-03-15 21:39:01,531 [91ca698e-74b5-4d15-9852-8e087478f801-groupManagement] INFO  server.RaftServer$Division (ServerState.java:<init>(113)) - 91ca698e-74b5-4d15-9852-8e087478f801@group-5945C1BD35EC: ConfigurationManager, init=-1: peers:[91ca698e-74b5-4d15-9852-8e087478f801|10.1.0.11:15121]|listeners:[], old=null, confs=<EMPTY_MAP>
2024-03-15 21:39:01,531 [91ca698e-74b5-4d15-9852-8e087478f801-groupManagement] INFO  server.RaftServerConfigKeys (ConfUtils.java:logGet(46)) - raft.server.notification.no-leader.timeout = 300000ms (custom)
2024-03-15 21:39:01,531 [91ca698e-74b5-4d15-9852-8e087478f801-groupManagement] INFO  server.RaftServerConfigKeys (ConfUtils.java:logGet(46)) - raft.server.read.timeout = 10s (default)
2024-03-15 21:39:01,532 [91ca698e-74b5-4d15-9852-8e087478f801-groupManagement] INFO  server.RaftServerConfigKeys (ConfUtils.java:logGet(46)) - raft.server.retrycache.expirytime = 600000ms (custom)
2024-03-15 21:39:01,532 [91ca698e-74b5-4d15-9852-8e087478f801-groupManagement] INFO  server.RaftServerConfigKeys (ConfUtils.java:logGet(46)) - raft.server.retrycache.statistics.expirytime = 100ms (default)
2024-03-15 21:39:01,532 [91ca698e-74b5-4d15-9852-8e087478f801-groupManagement] INFO  server.RaftServerConfigKeys (ConfUtils.java:logGet(46)) - raft.server.read.option = DEFAULT (default)
2024-03-15 21:39:01,532 [91ca698e-74b5-4d15-9852-8e087478f801-groupManagement] INFO  server.RaftServerConfigKeys (ConfUtils.java:logGet(46)) - raft.server.read.read-after-write-consistent.write-index-cache.expiry-time = 60s (default)
2024-03-15 21:39:01,535 [91ca698e-74b5-4d15-9852-8e087478f801-groupManagement] INFO  server.RaftServerConfigKeys (ConfUtils.java:logGet(46)) - raft.server.rpc.request.timeout = 3000ms (default)
2024-03-15 21:39:01,535 [91ca698e-74b5-4d15-9852-8e087478f801-groupManagement] INFO  server.RaftServerConfigKeys (ConfUtils.java:logGet(46)) - raft.server.log.appender.install.snapshot.enabled = false (custom)
2024-03-15 21:39:01,535 [91ca698e-74b5-4d15-9852-8e087478f801-groupManagement] INFO  server.RaftServerConfigKeys (ConfUtils.java:logGet(46)) - raft.server.threadpool.server.cached = true (default)
2024-03-15 21:39:01,535 [91ca698e-74b5-4d15-9852-8e087478f801-groupManagement] INFO  server.RaftServerConfigKeys (ConfUtils.java:logGet(46)) - raft.server.threadpool.server.size = 0 (default)
2024-03-15 21:39:01,535 [91ca698e-74b5-4d15-9852-8e087478f801-groupManagement] INFO  server.RaftServerConfigKeys (ConfUtils.java:logGet(46)) - raft.server.threadpool.client.cached = true (default)
2024-03-15 21:39:01,535 [91ca698e-74b5-4d15-9852-8e087478f801-groupManagement] INFO  server.RaftServerConfigKeys (ConfUtils.java:logGet(46)) - raft.server.threadpool.client.size = 0 (default)
2024-03-15 21:39:01,535 [91ca698e-74b5-4d15-9852-8e087478f801-groupManagement] INFO  server.RaftServerConfigKeys (ConfUtils.java:logGet(46)) - raft.server.storage.free-space.min = 0MB (=0) (default)
2024-03-15 21:39:01,535 [91ca698e-74b5-4d15-9852-8e087478f801-groupManagement] INFO  server.RaftServerConfigKeys (ConfUtils.java:logGet(46)) - raft.server.log.corruption.policy = EXCEPTION (default)
2024-03-15 21:39:01,535 [91ca698e-74b5-4d15-9852-8e087478f801-groupManagement] INFO  server.RaftServerConfigKeys (ConfUtils.java:logGet(46)) - raft.server.storage.dir = [/home/runner/work/ozone/ozone/hadoop-ozone/integration-test/target/test-dir/MiniOzoneClusterImpl-3a4de177-78ca-4f6d-b60b-6b5c736a6a4e/ozone-meta/datanode-3/ratis] (custom)
2024-03-15 21:39:01,535 [91ca698e-74b5-4d15-9852-8e087478f801-groupManagement] INFO  storage.RaftStorageDirectory (RaftStorageDirectoryImpl.java:analyzeStorage(138)) - The storage directory /home/runner/work/ozone/ozone/hadoop-ozone/integration-test/target/test-dir/MiniOzoneClusterImpl-3a4de177-78ca-4f6d-b60b-6b5c736a6a4e/ozone-meta/datanode-3/ratis/81c55f63-aa9b-437b-8855-5945c1bd35ec does not exist. Creating ...
2024-03-15 21:39:01,537 [91ca698e-74b5-4d15-9852-8e087478f801-groupManagement] INFO  storage.RaftStorageDirectory (RaftStorageDirectoryImpl.java:tryLock(228)) - Lock on /home/runner/work/ozone/ozone/hadoop-ozone/integration-test/target/test-dir/MiniOzoneClusterImpl-3a4de177-78ca-4f6d-b60b-6b5c736a6a4e/ozone-meta/datanode-3/ratis/81c55f63-aa9b-437b-8855-5945c1bd35ec/in_use.lock acquired by nodename 60682@fv-az528-102
2024-03-15 21:39:01,538 [91ca698e-74b5-4d15-9852-8e087478f801-groupManagement] INFO  storage.RaftStorage (RaftStorageImpl.java:format(99)) - Storage directory /home/runner/work/ozone/ozone/hadoop-ozone/integration-test/target/test-dir/MiniOzoneClusterImpl-3a4de177-78ca-4f6d-b60b-6b5c736a6a4e/ozone-meta/datanode-3/ratis/81c55f63-aa9b-437b-8855-5945c1bd35ec has been successfully formatted.
2024-03-15 21:39:01,538 [91ca698e-74b5-4d15-9852-8e087478f801-groupManagement] WARN  util.FileUtils (LogUtils.java:supplyAndLog(63)) - Failed to Files.newInputStream /home/runner/work/ozone/ozone/hadoop-ozone/integration-test/target/test-dir/MiniOzoneClusterImpl-3a4de177-78ca-4f6d-b60b-6b5c736a6a4e/ozone-meta/datanode-3/ratis/81c55f63-aa9b-437b-8855-5945c1bd35ec/current/raft-meta.conf with options []: java.nio.file.NoSuchFileException: /home/runner/work/ozone/ozone/hadoop-ozone/integration-test/target/test-dir/MiniOzoneClusterImpl-3a4de177-78ca-4f6d-b60b-6b5c736a6a4e/ozone-meta/datanode-3/ratis/81c55f63-aa9b-437b-8855-5945c1bd35ec/current/raft-meta.conf
2024-03-15 21:39:01,538 [91ca698e-74b5-4d15-9852-8e087478f801-groupManagement] INFO  ratis.ContainerStateMachine (ContainerStateMachine.java:loadSnapshot(287)) - group-5945C1BD35EC: The snapshot info is null. Setting the last applied index to:(t:0, i:~)
2024-03-15 21:39:01,538 [91ca698e-74b5-4d15-9852-8e087478f801-groupManagement] INFO  server.RaftServerConfigKeys (ConfUtils.java:logGet(46)) - raft.server.log.use.memory = false (default)
2024-03-15 21:39:01,538 [91ca698e-74b5-4d15-9852-8e087478f801-groupManagement] INFO  server.RaftServerConfigKeys (ConfUtils.java:logGet(46)) - raft.server.log.purge.gap = 1000000 (custom)
2024-03-15 21:39:01,538 [91ca698e-74b5-4d15-9852-8e087478f801-groupManagement] INFO  server.RaftServerConfigKeys (ConfUtils.java:logGet(46)) - raft.server.log.appender.buffer.byte-limit = 8388608 (custom)
2024-03-15 21:39:01,538 [91ca698e-74b5-4d15-9852-8e087478f801-groupManagement] INFO  server.RaftServerConfigKeys (ConfUtils.java:logGet(46)) - raft.server.log.statemachine.data.read.timeout = 1000ms (default)
2024-03-15 21:39:01,538 [91ca698e-74b5-4d15-9852-8e087478f801-groupManagement] INFO  server.RaftServerConfigKeys (ConfUtils.java:logGet(46)) - raft.server.log.purge.preservation.log.num = 0 (default)
2024-03-15 21:39:01,540 [EventQueue-PipelineReportForPipelineReportHandler] INFO  pipeline.PipelineReportHandler (PipelineReportHandler.java:processPipelineReport(136)) - Opened pipeline PipelineID=81c55f63-aa9b-437b-8855-5945c1bd35ec
2024-03-15 21:39:01,540 [EventQueue-OpenPipelineForHealthyPipelineSafeModeRule] INFO  safemode.SCMSafeModeManager (HealthyPipelineSafeModeRule.java:process(140)) - SCM in safe mode. Healthy pipelines reported count is 0, required healthy pipeline reported count is 1
2024-03-15 21:39:01,540 [91ca698e-74b5-4d15-9852-8e087478f801-groupManagement] INFO  server.RaftServerConfigKeys (ConfUtils.java:logGet(46)) - raft.server.log.segment.size.max = 67108864 (custom)
2024-03-15 21:39:01,540 [91ca698e-74b5-4d15-9852-8e087478f801-groupManagement] INFO  server.RaftServerConfigKeys (ConfUtils.java:logGet(46)) - raft.server.log.segment.cache.num.max = 2 (custom)
2024-03-15 21:39:01,540 [91ca698e-74b5-4d15-9852-8e087478f801-groupManagement] INFO  server.RaftServerConfigKeys (ConfUtils.java:logGet(46)) - raft.server.log.segment.cache.size.max = 200MB (=209715200) (default)
2024-03-15 21:39:01,540 [91ca698e-74b5-4d15-9852-8e087478f801-groupManagement] INFO  server.RaftServerConfigKeys (ConfUtils.java:logGet(46)) - raft.server.log.appender.buffer.byte-limit = 8388608 (custom)
2024-03-15 21:39:01,540 [91ca698e-74b5-4d15-9852-8e087478f801-groupManagement] INFO  util.AwaitToRun (AwaitToRun.java:start(81)) - Thread[91ca698e-74b5-4d15-9852-8e087478f801@group-5945C1BD35EC-cacheEviction-AwaitToRun,5,main] started
2024-03-15 21:39:01,540 [91ca698e-74b5-4d15-9852-8e087478f801-groupManagement] INFO  segmented.SegmentedRaftLogWorker (SegmentedRaftLogWorker.java:<init>(182)) - new 91ca698e-74b5-4d15-9852-8e087478f801@group-5945C1BD35EC-SegmentedRaftLogWorker for RaftStorageImpl:Storage Directory /home/runner/work/ozone/ozone/hadoop-ozone/integration-test/target/test-dir/MiniOzoneClusterImpl-3a4de177-78ca-4f6d-b60b-6b5c736a6a4e/ozone-meta/datanode-3/ratis/81c55f63-aa9b-437b-8855-5945c1bd35ec
2024-03-15 21:39:01,541 [91ca698e-74b5-4d15-9852-8e087478f801-groupManagement] INFO  server.RaftServerConfigKeys (ConfUtils.java:logGet(46)) - raft.server.log.queue.byte-limit = 4294967296 (custom)
2024-03-15 21:39:01,541 [91ca698e-74b5-4d15-9852-8e087478f801-groupManagement] INFO  server.RaftServerConfigKeys (ConfUtils.java:logGet(46)) - raft.server.log.queue.element-limit = 1024 (custom)
2024-03-15 21:39:01,541 [91ca698e-74b5-4d15-9852-8e087478f801-groupManagement] INFO  server.RaftServerConfigKeys (ConfUtils.java:logGet(46)) - raft.server.log.segment.size.max = 67108864 (custom)
2024-03-15 21:39:01,541 [91ca698e-74b5-4d15-9852-8e087478f801-groupManagement] INFO  server.RaftServerConfigKeys (ConfUtils.java:logGet(46)) - raft.server.log.preallocated.size = 4194304 (custom)
2024-03-15 21:39:01,541 [91ca698e-74b5-4d15-9852-8e087478f801-groupManagement] INFO  server.RaftServerConfigKeys (ConfUtils.java:logGet(46)) - raft.server.log.force.sync.num = 128 (default)
2024-03-15 21:39:01,541 [91ca698e-74b5-4d15-9852-8e087478f801-groupManagement] INFO  server.RaftServerConfigKeys (ConfUtils.java:logGet(46)) - raft.server.log.statemachine.data.sync = true (default)
2024-03-15 21:39:01,541 [91ca698e-74b5-4d15-9852-8e087478f801-groupManagement] INFO  server.RaftServerConfigKeys (ConfUtils.java:logGet(46)) - raft.server.log.statemachine.data.sync.timeout = 10s (default)
2024-03-15 21:39:01,541 [91ca698e-74b5-4d15-9852-8e087478f801-groupManagement] INFO  server.RaftServerConfigKeys (ConfUtils.java:logGet(46)) - raft.server.log.statemachine.data.sync.timeout.retry = 0 (custom)
2024-03-15 21:39:01,541 [91ca698e-74b5-4d15-9852-8e087478f801-groupManagement] INFO  server.RaftServerConfigKeys (ConfUtils.java:logGet(46)) - raft.server.log.write.buffer.size = 8388616 (custom)
2024-03-15 21:39:01,543 [91ca698e-74b5-4d15-9852-8e087478f801-groupManagement] INFO  server.RaftServerConfigKeys (ConfUtils.java:logGet(46)) - raft.server.log.appender.buffer.byte-limit = 8388608 (custom)
2024-03-15 21:39:01,543 [91ca698e-74b5-4d15-9852-8e087478f801-groupManagement] INFO  server.RaftServerConfigKeys (ConfUtils.java:logGet(46)) - raft.server.log.unsafe-flush.enabled = false (default)
2024-03-15 21:39:01,543 [91ca698e-74b5-4d15-9852-8e087478f801-groupManagement] INFO  server.RaftServerConfigKeys (ConfUtils.java:logGet(46)) - raft.server.log.async-flush.enabled = false (default)
2024-03-15 21:39:01,543 [91ca698e-74b5-4d15-9852-8e087478f801-groupManagement] INFO  server.RaftServerConfigKeys (ConfUtils.java:logGet(46)) - raft.server.log.statemachine.data.caching.enabled = true (custom)
2024-03-15 21:39:01,543 [91ca698e-74b5-4d15-9852-8e087478f801-groupManagement] INFO  segmented.SegmentedRaftLogWorker (SegmentedRaftLogWorker.java:lambda$new$0(134)) - 91ca698e-74b5-4d15-9852-8e087478f801@group-5945C1BD35EC-SegmentedRaftLogWorker: flushIndex: setUnconditionally 0 -> -1
2024-03-15 21:39:01,543 [91ca698e-74b5-4d15-9852-8e087478f801-groupManagement] INFO  segmented.SegmentedRaftLogWorker (SegmentedRaftLogWorker.java:lambda$new$0(134)) - 91ca698e-74b5-4d15-9852-8e087478f801@group-5945C1BD35EC-SegmentedRaftLogWorker: safeCacheEvictIndex: setUnconditionally 0 -> -1
2024-03-15 21:39:01,543 [91ca698e-74b5-4d15-9852-8e087478f801-groupManagement] INFO  server.RaftServer$Division (RaftServerImpl.java:start(396)) - 91ca698e-74b5-4d15-9852-8e087478f801@group-5945C1BD35EC: start as a follower, conf=-1: peers:[91ca698e-74b5-4d15-9852-8e087478f801|10.1.0.11:15121]|listeners:[], old=null
2024-03-15 21:39:01,543 [91ca698e-74b5-4d15-9852-8e087478f801-groupManagement] INFO  server.RaftServer$Division (RaftServerImpl.java:setRole(383)) - 91ca698e-74b5-4d15-9852-8e087478f801@group-5945C1BD35EC: changes role from      null to FOLLOWER at term 0 for startAsFollower
2024-03-15 21:39:01,543 [91ca698e-74b5-4d15-9852-8e087478f801-groupManagement] INFO  impl.RoleInfo (RoleInfo.java:updateAndGet(139)) - 91ca698e-74b5-4d15-9852-8e087478f801: start 91ca698e-74b5-4d15-9852-8e087478f801@group-5945C1BD35EC-FollowerState
2024-03-15 21:39:01,544 [91ca698e-74b5-4d15-9852-8e087478f801@group-5945C1BD35EC-FollowerState] INFO  server.RaftServerConfigKeys (ConfUtils.java:logFallback(53)) - raft.server.rpc.first-election.timeout.min = 5s (fallback to raft.server.rpc.timeout.min)
2024-03-15 21:39:01,544 [91ca698e-74b5-4d15-9852-8e087478f801-groupManagement] INFO  util.JmxRegister (JmxRegister.java:tryRegister(44)) - Successfully registered JMX Bean with object name Ratis:service=RaftServer,group=group-5945C1BD35EC,id=91ca698e-74b5-4d15-9852-8e087478f801
2024-03-15 21:39:01,544 [91ca698e-74b5-4d15-9852-8e087478f801@group-5945C1BD35EC-FollowerState] INFO  server.RaftServerConfigKeys (ConfUtils.java:logFallback(53)) - raft.server.rpc.first-election.timeout.max = 5200ms (fallback to raft.server.rpc.timeout.max)
2024-03-15 21:39:01,544 [91ca698e-74b5-4d15-9852-8e087478f801-groupManagement] INFO  server.RaftServerConfigKeys (ConfUtils.java:logGet(46)) - raft.server.snapshot.trigger-when-stop.enabled = true (default)
2024-03-15 21:39:01,544 [91ca698e-74b5-4d15-9852-8e087478f801-groupManagement] INFO  server.RaftServerConfigKeys (ConfUtils.java:logGet(46)) - raft.server.snapshot.auto.trigger.enabled = true (custom)
2024-03-15 21:39:01,544 [91ca698e-74b5-4d15-9852-8e087478f801-groupManagement] INFO  server.RaftServerConfigKeys (ConfUtils.java:logGet(46)) - raft.server.snapshot.auto.trigger.threshold = 10000 (custom)
2024-03-15 21:39:01,544 [91ca698e-74b5-4d15-9852-8e087478f801-groupManagement] INFO  server.RaftServerConfigKeys (ConfUtils.java:logGet(46)) - raft.server.snapshot.retention.file.num = 5 (custom)
2024-03-15 21:39:01,544 [91ca698e-74b5-4d15-9852-8e087478f801-groupManagement] INFO  server.RaftServerConfigKeys (ConfUtils.java:logGet(46)) - raft.server.log.purge.upto.snapshot.index = false (default)
2024-03-15 21:39:01,545 [91ca698e-74b5-4d15-9852-8e087478f801-PipelineCommandHandlerThread-0] INFO  ratis.XceiverServerRatis (XceiverServerRatis.java:addGroup(864)) - Created group PipelineID=81c55f63-aa9b-437b-8855-5945c1bd35ec
2024-03-15 21:39:01,545 [91ca698e-74b5-4d15-9852-8e087478f801-PipelineCommandHandlerThread-0] INFO  commandhandler.CreatePipelineCommandHandler (CreatePipelineCommandHandler.java:lambda$handle$2(124)) - Created Pipeline RATIS ONE PipelineID=81c55f63-aa9b-437b-8855-5945c1bd35ec.
2024-03-15 21:39:01,648 [05ef7519-d18f-4616-94d2-fdbdf5167048-PipelineCommandHandlerThread-0] INFO  server.RaftServer (RaftServerProxy.java:addNew(100)) - 05ef7519-d18f-4616-94d2-fdbdf5167048: addNew group-25B99B4419A4:[05ef7519-d18f-4616-94d2-fdbdf5167048|10.1.0.11:15130] returns group-25B99B4419A4:java.util.concurrent.CompletableFuture@14493797[Not completed]
2024-03-15 21:39:01,649 [05ef7519-d18f-4616-94d2-fdbdf5167048-groupManagement] INFO  server.RaftServer$Division (RaftServerImpl.java:<init>(256)) - 05ef7519-d18f-4616-94d2-fdbdf5167048: new RaftServerImpl for group-25B99B4419A4:[05ef7519-d18f-4616-94d2-fdbdf5167048|10.1.0.11:15130] with ContainerStateMachine:uninitialized
2024-03-15 21:39:01,649 [05ef7519-d18f-4616-94d2-fdbdf5167048-groupManagement] INFO  server.RaftServerConfigKeys (ConfUtils.java:logGet(46)) - raft.server.rpc.timeout.min = 5s (custom)
2024-03-15 21:39:01,649 [05ef7519-d18f-4616-94d2-fdbdf5167048-groupManagement] INFO  server.RaftServerConfigKeys (ConfUtils.java:logGet(46)) - raft.server.rpc.timeout.max = 5200ms (custom)
2024-03-15 21:39:01,649 [05ef7519-d18f-4616-94d2-fdbdf5167048-groupManagement] INFO  server.RaftServerConfigKeys (ConfUtils.java:logGet(46)) - raft.server.rpc.sleep.time = 25ms (default)
2024-03-15 21:39:01,649 [05ef7519-d18f-4616-94d2-fdbdf5167048-groupManagement] INFO  server.RaftServerConfigKeys (ConfUtils.java:logGet(46)) - raft.server.rpc.slowness.timeout = 300000ms (custom)
2024-03-15 21:39:01,649 [05ef7519-d18f-4616-94d2-fdbdf5167048-groupManagement] INFO  server.RaftServerConfigKeys (ConfUtils.java:logGet(46)) - raft.server.leaderelection.leader.step-down.wait-time = 10s (default)
2024-03-15 21:39:01,649 [05ef7519-d18f-4616-94d2-fdbdf5167048-groupManagement] INFO  server.RaftServerConfigKeys (ConfUtils.java:logGet(46)) - raft.server.leaderelection.member.majority-add = false (default)
2024-03-15 21:39:01,649 [05ef7519-d18f-4616-94d2-fdbdf5167048-groupManagement] INFO  server.RaftServerConfigKeys (ConfUtils.java:logGet(46)) - raft.server.sleep.deviation.threshold = 300ms (default)
2024-03-15 21:39:01,650 [05ef7519-d18f-4616-94d2-fdbdf5167048-groupManagement] INFO  server.RaftServer$Division (ServerState.java:<init>(113)) - 05ef7519-d18f-4616-94d2-fdbdf5167048@group-25B99B4419A4: ConfigurationManager, init=-1: peers:[05ef7519-d18f-4616-94d2-fdbdf5167048|10.1.0.11:15130]|listeners:[], old=null, confs=<EMPTY_MAP>
2024-03-15 21:39:01,650 [05ef7519-d18f-4616-94d2-fdbdf5167048-groupManagement] INFO  server.RaftServerConfigKeys (ConfUtils.java:logGet(46)) - raft.server.notification.no-leader.timeout = 300000ms (custom)
2024-03-15 21:39:01,650 [05ef7519-d18f-4616-94d2-fdbdf5167048-groupManagement] INFO  server.RaftServerConfigKeys (ConfUtils.java:logGet(46)) - raft.server.read.timeout = 10s (default)
2024-03-15 21:39:01,650 [05ef7519-d18f-4616-94d2-fdbdf5167048-groupManagement] INFO  server.RaftServerConfigKeys (ConfUtils.java:logGet(46)) - raft.server.retrycache.expirytime = 600000ms (custom)
2024-03-15 21:39:01,650 [05ef7519-d18f-4616-94d2-fdbdf5167048-groupManagement] INFO  server.RaftServerConfigKeys (ConfUtils.java:logGet(46)) - raft.server.retrycache.statistics.expirytime = 100ms (default)
2024-03-15 21:39:01,650 [05ef7519-d18f-4616-94d2-fdbdf5167048-groupManagement] INFO  server.RaftServerConfigKeys (ConfUtils.java:logGet(46)) - raft.server.read.option = DEFAULT (default)
2024-03-15 21:39:01,650 [05ef7519-d18f-4616-94d2-fdbdf5167048-groupManagement] INFO  server.RaftServerConfigKeys (ConfUtils.java:logGet(46)) - raft.server.read.read-after-write-consistent.write-index-cache.expiry-time = 60s (default)
2024-03-15 21:39:01,652 [05ef7519-d18f-4616-94d2-fdbdf5167048-groupManagement] INFO  server.RaftServerConfigKeys (ConfUtils.java:logGet(46)) - raft.server.rpc.request.timeout = 3000ms (default)
2024-03-15 21:39:01,652 [05ef7519-d18f-4616-94d2-fdbdf5167048-groupManagement] INFO  server.RaftServerConfigKeys (ConfUtils.java:logGet(46)) - raft.server.log.appender.install.snapshot.enabled = false (custom)
2024-03-15 21:39:01,652 [05ef7519-d18f-4616-94d2-fdbdf5167048-groupManagement] INFO  server.RaftServerConfigKeys (ConfUtils.java:logGet(46)) - raft.server.threadpool.server.cached = true (default)
2024-03-15 21:39:01,652 [05ef7519-d18f-4616-94d2-fdbdf5167048-groupManagement] INFO  server.RaftServerConfigKeys (ConfUtils.java:logGet(46)) - raft.server.threadpool.server.size = 0 (default)
2024-03-15 21:39:01,652 [05ef7519-d18f-4616-94d2-fdbdf5167048-groupManagement] INFO  server.RaftServerConfigKeys (ConfUtils.java:logGet(46)) - raft.server.threadpool.client.cached = true (default)
2024-03-15 21:39:01,652 [05ef7519-d18f-4616-94d2-fdbdf5167048-groupManagement] INFO  server.RaftServerConfigKeys (ConfUtils.java:logGet(46)) - raft.server.threadpool.client.size = 0 (default)
2024-03-15 21:39:01,652 [05ef7519-d18f-4616-94d2-fdbdf5167048-groupManagement] INFO  server.RaftServerConfigKeys (ConfUtils.java:logGet(46)) - raft.server.storage.free-space.min = 0MB (=0) (default)
2024-03-15 21:39:01,652 [05ef7519-d18f-4616-94d2-fdbdf5167048-groupManagement] INFO  server.RaftServerConfigKeys (ConfUtils.java:logGet(46)) - raft.server.log.corruption.policy = EXCEPTION (default)
2024-03-15 21:39:01,652 [05ef7519-d18f-4616-94d2-fdbdf5167048-groupManagement] INFO  server.RaftServerConfigKeys (ConfUtils.java:logGet(46)) - raft.server.storage.dir = [/home/runner/work/ozone/ozone/hadoop-ozone/integration-test/target/test-dir/MiniOzoneClusterImpl-3a4de177-78ca-4f6d-b60b-6b5c736a6a4e/ozone-meta/datanode-4/ratis] (custom)
2024-03-15 21:39:01,653 [05ef7519-d18f-4616-94d2-fdbdf5167048-groupManagement] INFO  storage.RaftStorageDirectory (RaftStorageDirectoryImpl.java:analyzeStorage(138)) - The storage directory /home/runner/work/ozone/ozone/hadoop-ozone/integration-test/target/test-dir/MiniOzoneClusterImpl-3a4de177-78ca-4f6d-b60b-6b5c736a6a4e/ozone-meta/datanode-4/ratis/4e0e85ca-9611-4d76-a150-25b99b4419a4 does not exist. Creating ...
2024-03-15 21:39:01,654 [05ef7519-d18f-4616-94d2-fdbdf5167048-groupManagement] INFO  storage.RaftStorageDirectory (RaftStorageDirectoryImpl.java:tryLock(228)) - Lock on /home/runner/work/ozone/ozone/hadoop-ozone/integration-test/target/test-dir/MiniOzoneClusterImpl-3a4de177-78ca-4f6d-b60b-6b5c736a6a4e/ozone-meta/datanode-4/ratis/4e0e85ca-9611-4d76-a150-25b99b4419a4/in_use.lock acquired by nodename 60682@fv-az528-102
2024-03-15 21:39:01,655 [05ef7519-d18f-4616-94d2-fdbdf5167048-groupManagement] INFO  storage.RaftStorage (RaftStorageImpl.java:format(99)) - Storage directory /home/runner/work/ozone/ozone/hadoop-ozone/integration-test/target/test-dir/MiniOzoneClusterImpl-3a4de177-78ca-4f6d-b60b-6b5c736a6a4e/ozone-meta/datanode-4/ratis/4e0e85ca-9611-4d76-a150-25b99b4419a4 has been successfully formatted.
2024-03-15 21:39:01,655 [05ef7519-d18f-4616-94d2-fdbdf5167048-groupManagement] WARN  util.FileUtils (LogUtils.java:supplyAndLog(63)) - Failed to Files.newInputStream /home/runner/work/ozone/ozone/hadoop-ozone/integration-test/target/test-dir/MiniOzoneClusterImpl-3a4de177-78ca-4f6d-b60b-6b5c736a6a4e/ozone-meta/datanode-4/ratis/4e0e85ca-9611-4d76-a150-25b99b4419a4/current/raft-meta.conf with options []: java.nio.file.NoSuchFileException: /home/runner/work/ozone/ozone/hadoop-ozone/integration-test/target/test-dir/MiniOzoneClusterImpl-3a4de177-78ca-4f6d-b60b-6b5c736a6a4e/ozone-meta/datanode-4/ratis/4e0e85ca-9611-4d76-a150-25b99b4419a4/current/raft-meta.conf
2024-03-15 21:39:01,656 [05ef7519-d18f-4616-94d2-fdbdf5167048-groupManagement] INFO  ratis.ContainerStateMachine (ContainerStateMachine.java:loadSnapshot(287)) - group-25B99B4419A4: The snapshot info is null. Setting the last applied index to:(t:0, i:~)
2024-03-15 21:39:01,656 [05ef7519-d18f-4616-94d2-fdbdf5167048-groupManagement] INFO  server.RaftServerConfigKeys (ConfUtils.java:logGet(46)) - raft.server.log.use.memory = false (default)
2024-03-15 21:39:01,656 [05ef7519-d18f-4616-94d2-fdbdf5167048-groupManagement] INFO  server.RaftServerConfigKeys (ConfUtils.java:logGet(46)) - raft.server.log.purge.gap = 1000000 (custom)
2024-03-15 21:39:01,656 [05ef7519-d18f-4616-94d2-fdbdf5167048-groupManagement] INFO  server.RaftServerConfigKeys (ConfUtils.java:logGet(46)) - raft.server.log.appender.buffer.byte-limit = 8388608 (custom)
2024-03-15 21:39:01,656 [05ef7519-d18f-4616-94d2-fdbdf5167048-groupManagement] INFO  server.RaftServerConfigKeys (ConfUtils.java:logGet(46)) - raft.server.log.statemachine.data.read.timeout = 1000ms (default)
2024-03-15 21:39:01,656 [05ef7519-d18f-4616-94d2-fdbdf5167048-groupManagement] INFO  server.RaftServerConfigKeys (ConfUtils.java:logGet(46)) - raft.server.log.purge.preservation.log.num = 0 (default)
2024-03-15 21:39:01,658 [EventQueue-PipelineReportForPipelineReportHandler] INFO  pipeline.PipelineReportHandler (PipelineReportHandler.java:processPipelineReport(136)) - Opened pipeline PipelineID=4e0e85ca-9611-4d76-a150-25b99b4419a4
2024-03-15 21:39:01,658 [EventQueue-OpenPipelineForHealthyPipelineSafeModeRule] INFO  safemode.SCMSafeModeManager (HealthyPipelineSafeModeRule.java:process(140)) - SCM in safe mode. Healthy pipelines reported count is 0, required healthy pipeline reported count is 1
2024-03-15 21:39:01,658 [05ef7519-d18f-4616-94d2-fdbdf5167048-groupManagement] INFO  server.RaftServerConfigKeys (ConfUtils.java:logGet(46)) - raft.server.log.segment.size.max = 67108864 (custom)
2024-03-15 21:39:01,659 [05ef7519-d18f-4616-94d2-fdbdf5167048-groupManagement] INFO  server.RaftServerConfigKeys (ConfUtils.java:logGet(46)) - raft.server.log.segment.cache.num.max = 2 (custom)
2024-03-15 21:39:01,659 [05ef7519-d18f-4616-94d2-fdbdf5167048-groupManagement] INFO  server.RaftServerConfigKeys (ConfUtils.java:logGet(46)) - raft.server.log.segment.cache.size.max = 200MB (=209715200) (default)
2024-03-15 21:39:01,659 [05ef7519-d18f-4616-94d2-fdbdf5167048-groupManagement] INFO  server.RaftServerConfigKeys (ConfUtils.java:logGet(46)) - raft.server.log.appender.buffer.byte-limit = 8388608 (custom)
2024-03-15 21:39:01,659 [05ef7519-d18f-4616-94d2-fdbdf5167048-groupManagement] INFO  util.AwaitToRun (AwaitToRun.java:start(81)) - Thread[05ef7519-d18f-4616-94d2-fdbdf5167048@group-25B99B4419A4-cacheEviction-AwaitToRun,5,main] started
2024-03-15 21:39:01,659 [05ef7519-d18f-4616-94d2-fdbdf5167048-groupManagement] INFO  segmented.SegmentedRaftLogWorker (SegmentedRaftLogWorker.java:<init>(182)) - new 05ef7519-d18f-4616-94d2-fdbdf5167048@group-25B99B4419A4-SegmentedRaftLogWorker for RaftStorageImpl:Storage Directory /home/runner/work/ozone/ozone/hadoop-ozone/integration-test/target/test-dir/MiniOzoneClusterImpl-3a4de177-78ca-4f6d-b60b-6b5c736a6a4e/ozone-meta/datanode-4/ratis/4e0e85ca-9611-4d76-a150-25b99b4419a4
2024-03-15 21:39:01,659 [05ef7519-d18f-4616-94d2-fdbdf5167048-groupManagement] INFO  server.RaftServerConfigKeys (ConfUtils.java:logGet(46)) - raft.server.log.queue.byte-limit = 4294967296 (custom)
2024-03-15 21:39:01,659 [05ef7519-d18f-4616-94d2-fdbdf5167048-groupManagement] INFO  server.RaftServerConfigKeys (ConfUtils.java:logGet(46)) - raft.server.log.queue.element-limit = 1024 (custom)
2024-03-15 21:39:01,659 [05ef7519-d18f-4616-94d2-fdbdf5167048-groupManagement] INFO  server.RaftServerConfigKeys (ConfUtils.java:logGet(46)) - raft.server.log.segment.size.max = 67108864 (custom)
2024-03-15 21:39:01,659 [05ef7519-d18f-4616-94d2-fdbdf5167048-groupManagement] INFO  server.RaftServerConfigKeys (ConfUtils.java:logGet(46)) - raft.server.log.preallocated.size = 4194304 (custom)
2024-03-15 21:39:01,659 [05ef7519-d18f-4616-94d2-fdbdf5167048-groupManagement] INFO  server.RaftServerConfigKeys (ConfUtils.java:logGet(46)) - raft.server.log.force.sync.num = 128 (default)
2024-03-15 21:39:01,660 [05ef7519-d18f-4616-94d2-fdbdf5167048-groupManagement] INFO  server.RaftServerConfigKeys (ConfUtils.java:logGet(46)) - raft.server.log.statemachine.data.sync = true (default)
2024-03-15 21:39:01,660 [05ef7519-d18f-4616-94d2-fdbdf5167048-groupManagement] INFO  server.RaftServerConfigKeys (ConfUtils.java:logGet(46)) - raft.server.log.statemachine.data.sync.timeout = 10s (default)
2024-03-15 21:39:01,660 [05ef7519-d18f-4616-94d2-fdbdf5167048-groupManagement] INFO  server.RaftServerConfigKeys (ConfUtils.java:logGet(46)) - raft.server.log.statemachine.data.sync.timeout.retry = 0 (custom)
2024-03-15 21:39:01,660 [05ef7519-d18f-4616-94d2-fdbdf5167048-groupManagement] INFO  server.RaftServerConfigKeys (ConfUtils.java:logGet(46)) - raft.server.log.write.buffer.size = 8388616 (custom)
2024-03-15 21:39:01,661 [05ef7519-d18f-4616-94d2-fdbdf5167048-groupManagement] INFO  server.RaftServerConfigKeys (ConfUtils.java:logGet(46)) - raft.server.log.appender.buffer.byte-limit = 8388608 (custom)
2024-03-15 21:39:01,662 [05ef7519-d18f-4616-94d2-fdbdf5167048-groupManagement] INFO  server.RaftServerConfigKeys (ConfUtils.java:logGet(46)) - raft.server.log.unsafe-flush.enabled = false (default)
2024-03-15 21:39:01,662 [05ef7519-d18f-4616-94d2-fdbdf5167048-groupManagement] INFO  server.RaftServerConfigKeys (ConfUtils.java:logGet(46)) - raft.server.log.async-flush.enabled = false (default)
2024-03-15 21:39:01,662 [05ef7519-d18f-4616-94d2-fdbdf5167048-groupManagement] INFO  server.RaftServerConfigKeys (ConfUtils.java:logGet(46)) - raft.server.log.statemachine.data.caching.enabled = true (custom)
2024-03-15 21:39:01,662 [05ef7519-d18f-4616-94d2-fdbdf5167048-groupManagement] INFO  segmented.SegmentedRaftLogWorker (SegmentedRaftLogWorker.java:lambda$new$0(134)) - 05ef7519-d18f-4616-94d2-fdbdf5167048@group-25B99B4419A4-SegmentedRaftLogWorker: flushIndex: setUnconditionally 0 -> -1
2024-03-15 21:39:01,662 [05ef7519-d18f-4616-94d2-fdbdf5167048-groupManagement] INFO  segmented.SegmentedRaftLogWorker (SegmentedRaftLogWorker.java:lambda$new$0(134)) - 05ef7519-d18f-4616-94d2-fdbdf5167048@group-25B99B4419A4-SegmentedRaftLogWorker: safeCacheEvictIndex: setUnconditionally 0 -> -1
2024-03-15 21:39:01,662 [05ef7519-d18f-4616-94d2-fdbdf5167048-groupManagement] INFO  server.RaftServer$Division (RaftServerImpl.java:start(396)) - 05ef7519-d18f-4616-94d2-fdbdf5167048@group-25B99B4419A4: start as a follower, conf=-1: peers:[05ef7519-d18f-4616-94d2-fdbdf5167048|10.1.0.11:15130]|listeners:[], old=null
2024-03-15 21:39:01,662 [05ef7519-d18f-4616-94d2-fdbdf5167048-groupManagement] INFO  server.RaftServer$Division (RaftServerImpl.java:setRole(383)) - 05ef7519-d18f-4616-94d2-fdbdf5167048@group-25B99B4419A4: changes role from      null to FOLLOWER at term 0 for startAsFollower
2024-03-15 21:39:01,662 [05ef7519-d18f-4616-94d2-fdbdf5167048-groupManagement] INFO  impl.RoleInfo (RoleInfo.java:updateAndGet(139)) - 05ef7519-d18f-4616-94d2-fdbdf5167048: start 05ef7519-d18f-4616-94d2-fdbdf5167048@group-25B99B4419A4-FollowerState
2024-03-15 21:39:01,662 [05ef7519-d18f-4616-94d2-fdbdf5167048@group-25B99B4419A4-FollowerState] INFO  server.RaftServerConfigKeys (ConfUtils.java:logFallback(53)) - raft.server.rpc.first-election.timeout.min = 5s (fallback to raft.server.rpc.timeout.min)
2024-03-15 21:39:01,662 [05ef7519-d18f-4616-94d2-fdbdf5167048-groupManagement] INFO  util.JmxRegister (JmxRegister.java:tryRegister(44)) - Successfully registered JMX Bean with object name Ratis:service=RaftServer,group=group-25B99B4419A4,id=05ef7519-d18f-4616-94d2-fdbdf5167048
2024-03-15 21:39:01,663 [05ef7519-d18f-4616-94d2-fdbdf5167048-groupManagement] INFO  server.RaftServerConfigKeys (ConfUtils.java:logGet(46)) - raft.server.snapshot.trigger-when-stop.enabled = true (default)
2024-03-15 21:39:01,663 [05ef7519-d18f-4616-94d2-fdbdf5167048-groupManagement] INFO  server.RaftServerConfigKeys (ConfUtils.java:logGet(46)) - raft.server.snapshot.auto.trigger.enabled = true (custom)
2024-03-15 21:39:01,663 [05ef7519-d18f-4616-94d2-fdbdf5167048-groupManagement] INFO  server.RaftServerConfigKeys (ConfUtils.java:logGet(46)) - raft.server.snapshot.auto.trigger.threshold = 10000 (custom)
2024-03-15 21:39:01,663 [05ef7519-d18f-4616-94d2-fdbdf5167048-groupManagement] INFO  server.RaftServerConfigKeys (ConfUtils.java:logGet(46)) - raft.server.snapshot.retention.file.num = 5 (custom)
2024-03-15 21:39:01,663 [05ef7519-d18f-4616-94d2-fdbdf5167048-groupManagement] INFO  server.RaftServerConfigKeys (ConfUtils.java:logGet(46)) - raft.server.log.purge.upto.snapshot.index = false (default)
2024-03-15 21:39:01,663 [05ef7519-d18f-4616-94d2-fdbdf5167048@group-25B99B4419A4-FollowerState] INFO  server.RaftServerConfigKeys (ConfUtils.java:logFallback(53)) - raft.server.rpc.first-election.timeout.max = 5200ms (fallback to raft.server.rpc.timeout.max)
2024-03-15 21:39:01,663 [05ef7519-d18f-4616-94d2-fdbdf5167048-PipelineCommandHandlerThread-0] INFO  ratis.XceiverServerRatis (XceiverServerRatis.java:addGroup(864)) - Created group PipelineID=4e0e85ca-9611-4d76-a150-25b99b4419a4
2024-03-15 21:39:01,663 [05ef7519-d18f-4616-94d2-fdbdf5167048-PipelineCommandHandlerThread-0] INFO  commandhandler.CreatePipelineCommandHandler (CreatePipelineCommandHandler.java:lambda$handle$2(124)) - Created Pipeline RATIS ONE PipelineID=4e0e85ca-9611-4d76-a150-25b99b4419a4.
2024-03-15 21:39:01,664 [05ef7519-d18f-4616-94d2-fdbdf5167048-PipelineCommandHandlerThread-0] INFO  server.RaftServer (RaftServerProxy.java:addNew(100)) - 05ef7519-d18f-4616-94d2-fdbdf5167048: addNew group-5640AFA68D3E:[455def2e-61ff-4e49-9c6f-295594c4a0b8|10.1.0.11:15148, bf6310f0-ec4f-414e-a975-974a715da885|10.1.0.11:15139, 05ef7519-d18f-4616-94d2-fdbdf5167048|10.1.0.11:15130] returns group-5640AFA68D3E:java.util.concurrent.CompletableFuture@1076b1c6[Not completed]
2024-03-15 21:39:01,665 [05ef7519-d18f-4616-94d2-fdbdf5167048-groupManagement] INFO  server.RaftServer$Division (RaftServerImpl.java:<init>(256)) - 05ef7519-d18f-4616-94d2-fdbdf5167048: new RaftServerImpl for group-5640AFA68D3E:[455def2e-61ff-4e49-9c6f-295594c4a0b8|10.1.0.11:15148, bf6310f0-ec4f-414e-a975-974a715da885|10.1.0.11:15139, 05ef7519-d18f-4616-94d2-fdbdf5167048|10.1.0.11:15130] with ContainerStateMachine:uninitialized
2024-03-15 21:39:01,665 [05ef7519-d18f-4616-94d2-fdbdf5167048-groupManagement] INFO  server.RaftServerConfigKeys (ConfUtils.java:logGet(46)) - raft.server.rpc.timeout.min = 5s (custom)
2024-03-15 21:39:01,665 [05ef7519-d18f-4616-94d2-fdbdf5167048-groupManagement] INFO  server.RaftServerConfigKeys (ConfUtils.java:logGet(46)) - raft.server.rpc.timeout.max = 5200ms (custom)
2024-03-15 21:39:01,665 [05ef7519-d18f-4616-94d2-fdbdf5167048-groupManagement] INFO  server.RaftServerConfigKeys (ConfUtils.java:logGet(46)) - raft.server.rpc.sleep.time = 25ms (default)
2024-03-15 21:39:01,665 [05ef7519-d18f-4616-94d2-fdbdf5167048-groupManagement] INFO  server.RaftServerConfigKeys (ConfUtils.java:logGet(46)) - raft.server.rpc.slowness.timeout = 300000ms (custom)
2024-03-15 21:39:01,665 [05ef7519-d18f-4616-94d2-fdbdf5167048-groupManagement] INFO  server.RaftServerConfigKeys (ConfUtils.java:logGet(46)) - raft.server.leaderelection.leader.step-down.wait-time = 10s (default)
2024-03-15 21:39:01,665 [05ef7519-d18f-4616-94d2-fdbdf5167048-groupManagement] INFO  server.RaftServerConfigKeys (ConfUtils.java:logGet(46)) - raft.server.leaderelection.member.majority-add = false (default)
2024-03-15 21:39:01,665 [05ef7519-d18f-4616-94d2-fdbdf5167048-groupManagement] INFO  server.RaftServerConfigKeys (ConfUtils.java:logGet(46)) - raft.server.sleep.deviation.threshold = 300ms (default)
2024-03-15 21:39:01,665 [05ef7519-d18f-4616-94d2-fdbdf5167048-groupManagement] INFO  server.RaftServer$Division (ServerState.java:<init>(113)) - 05ef7519-d18f-4616-94d2-fdbdf5167048@group-5640AFA68D3E: ConfigurationManager, init=-1: peers:[455def2e-61ff-4e49-9c6f-295594c4a0b8|10.1.0.11:15148, bf6310f0-ec4f-414e-a975-974a715da885|10.1.0.11:15139, 05ef7519-d18f-4616-94d2-fdbdf5167048|10.1.0.11:15130]|listeners:[], old=null, confs=<EMPTY_MAP>
2024-03-15 21:39:01,666 [05ef7519-d18f-4616-94d2-fdbdf5167048-groupManagement] INFO  server.RaftServerConfigKeys (ConfUtils.java:logGet(46)) - raft.server.notification.no-leader.timeout = 300000ms (custom)
2024-03-15 21:39:01,666 [05ef7519-d18f-4616-94d2-fdbdf5167048-groupManagement] INFO  server.RaftServerConfigKeys (ConfUtils.java:logGet(46)) - raft.server.read.timeout = 10s (default)
2024-03-15 21:39:01,666 [05ef7519-d18f-4616-94d2-fdbdf5167048-groupManagement] INFO  server.RaftServerConfigKeys (ConfUtils.java:logGet(46)) - raft.server.retrycache.expirytime = 600000ms (custom)
2024-03-15 21:39:01,666 [05ef7519-d18f-4616-94d2-fdbdf5167048-groupManagement] INFO  server.RaftServerConfigKeys (ConfUtils.java:logGet(46)) - raft.server.retrycache.statistics.expirytime = 100ms (default)
2024-03-15 21:39:01,666 [05ef7519-d18f-4616-94d2-fdbdf5167048-groupManagement] INFO  server.RaftServerConfigKeys (ConfUtils.java:logGet(46)) - raft.server.read.option = DEFAULT (default)
2024-03-15 21:39:01,666 [05ef7519-d18f-4616-94d2-fdbdf5167048-groupManagement] INFO  server.RaftServerConfigKeys (ConfUtils.java:logGet(46)) - raft.server.read.read-after-write-consistent.write-index-cache.expiry-time = 60s (default)
2024-03-15 21:39:01,667 [05ef7519-d18f-4616-94d2-fdbdf5167048-groupManagement] INFO  server.RaftServerConfigKeys (ConfUtils.java:logGet(46)) - raft.server.rpc.request.timeout = 3000ms (default)
2024-03-15 21:39:01,667 [05ef7519-d18f-4616-94d2-fdbdf5167048-groupManagement] INFO  server.RaftServerConfigKeys (ConfUtils.java:logGet(46)) - raft.server.log.appender.install.snapshot.enabled = false (custom)
2024-03-15 21:39:01,668 [05ef7519-d18f-4616-94d2-fdbdf5167048-groupManagement] INFO  server.RaftServerConfigKeys (ConfUtils.java:logGet(46)) - raft.server.threadpool.server.cached = true (default)
2024-03-15 21:39:01,668 [05ef7519-d18f-4616-94d2-fdbdf5167048-groupManagement] INFO  server.RaftServerConfigKeys (ConfUtils.java:logGet(46)) - raft.server.threadpool.server.size = 0 (default)
2024-03-15 21:39:01,668 [05ef7519-d18f-4616-94d2-fdbdf5167048-groupManagement] INFO  server.RaftServerConfigKeys (ConfUtils.java:logGet(46)) - raft.server.threadpool.client.cached = true (default)
2024-03-15 21:39:01,668 [05ef7519-d18f-4616-94d2-fdbdf5167048-groupManagement] INFO  server.RaftServerConfigKeys (ConfUtils.java:logGet(46)) - raft.server.threadpool.client.size = 0 (default)
2024-03-15 21:39:01,668 [05ef7519-d18f-4616-94d2-fdbdf5167048-groupManagement] INFO  server.RaftServerConfigKeys (ConfUtils.java:logGet(46)) - raft.server.storage.free-space.min = 0MB (=0) (default)
2024-03-15 21:39:01,668 [05ef7519-d18f-4616-94d2-fdbdf5167048-groupManagement] INFO  server.RaftServerConfigKeys (ConfUtils.java:logGet(46)) - raft.server.log.corruption.policy = EXCEPTION (default)
2024-03-15 21:39:01,668 [05ef7519-d18f-4616-94d2-fdbdf5167048-groupManagement] INFO  server.RaftServerConfigKeys (ConfUtils.java:logGet(46)) - raft.server.storage.dir = [/home/runner/work/ozone/ozone/hadoop-ozone/integration-test/target/test-dir/MiniOzoneClusterImpl-3a4de177-78ca-4f6d-b60b-6b5c736a6a4e/ozone-meta/datanode-4/ratis] (custom)
2024-03-15 21:39:01,668 [05ef7519-d18f-4616-94d2-fdbdf5167048-groupManagement] INFO  storage.RaftStorageDirectory (RaftStorageDirectoryImpl.java:analyzeStorage(138)) - The storage directory /home/runner/work/ozone/ozone/hadoop-ozone/integration-test/target/test-dir/MiniOzoneClusterImpl-3a4de177-78ca-4f6d-b60b-6b5c736a6a4e/ozone-meta/datanode-4/ratis/61249fa0-0db7-4ece-b3d8-5640afa68d3e does not exist. Creating ...
2024-03-15 21:39:01,669 [05ef7519-d18f-4616-94d2-fdbdf5167048-groupManagement] INFO  storage.RaftStorageDirectory (RaftStorageDirectoryImpl.java:tryLock(228)) - Lock on /home/runner/work/ozone/ozone/hadoop-ozone/integration-test/target/test-dir/MiniOzoneClusterImpl-3a4de177-78ca-4f6d-b60b-6b5c736a6a4e/ozone-meta/datanode-4/ratis/61249fa0-0db7-4ece-b3d8-5640afa68d3e/in_use.lock acquired by nodename 60682@fv-az528-102
2024-03-15 21:39:01,671 [05ef7519-d18f-4616-94d2-fdbdf5167048-groupManagement] INFO  storage.RaftStorage (RaftStorageImpl.java:format(99)) - Storage directory /home/runner/work/ozone/ozone/hadoop-ozone/integration-test/target/test-dir/MiniOzoneClusterImpl-3a4de177-78ca-4f6d-b60b-6b5c736a6a4e/ozone-meta/datanode-4/ratis/61249fa0-0db7-4ece-b3d8-5640afa68d3e has been successfully formatted.
2024-03-15 21:39:01,671 [05ef7519-d18f-4616-94d2-fdbdf5167048-groupManagement] WARN  util.FileUtils (LogUtils.java:supplyAndLog(63)) - Failed to Files.newInputStream /home/runner/work/ozone/ozone/hadoop-ozone/integration-test/target/test-dir/MiniOzoneClusterImpl-3a4de177-78ca-4f6d-b60b-6b5c736a6a4e/ozone-meta/datanode-4/ratis/61249fa0-0db7-4ece-b3d8-5640afa68d3e/current/raft-meta.conf with options []: java.nio.file.NoSuchFileException: /home/runner/work/ozone/ozone/hadoop-ozone/integration-test/target/test-dir/MiniOzoneClusterImpl-3a4de177-78ca-4f6d-b60b-6b5c736a6a4e/ozone-meta/datanode-4/ratis/61249fa0-0db7-4ece-b3d8-5640afa68d3e/current/raft-meta.conf
2024-03-15 21:39:01,671 [05ef7519-d18f-4616-94d2-fdbdf5167048-groupManagement] INFO  ratis.ContainerStateMachine (ContainerStateMachine.java:loadSnapshot(287)) - group-5640AFA68D3E: The snapshot info is null. Setting the last applied index to:(t:0, i:~)
2024-03-15 21:39:01,671 [05ef7519-d18f-4616-94d2-fdbdf5167048-groupManagement] INFO  server.RaftServerConfigKeys (ConfUtils.java:logGet(46)) - raft.server.log.use.memory = false (default)
2024-03-15 21:39:01,671 [05ef7519-d18f-4616-94d2-fdbdf5167048-groupManagement] INFO  server.RaftServerConfigKeys (ConfUtils.java:logGet(46)) - raft.server.log.purge.gap = 1000000 (custom)
2024-03-15 21:39:01,671 [05ef7519-d18f-4616-94d2-fdbdf5167048-groupManagement] INFO  server.RaftServerConfigKeys (ConfUtils.java:logGet(46)) - raft.server.log.appender.buffer.byte-limit = 8388608 (custom)
2024-03-15 21:39:01,672 [05ef7519-d18f-4616-94d2-fdbdf5167048-groupManagement] INFO  server.RaftServerConfigKeys (ConfUtils.java:logGet(46)) - raft.server.log.statemachine.data.read.timeout = 1000ms (default)
2024-03-15 21:39:01,672 [05ef7519-d18f-4616-94d2-fdbdf5167048-groupManagement] INFO  server.RaftServerConfigKeys (ConfUtils.java:logGet(46)) - raft.server.log.purge.preservation.log.num = 0 (default)
2024-03-15 21:39:01,672 [EventQueue-OpenPipelineForHealthyPipelineSafeModeRule] INFO  safemode.SCMSafeModeManager (HealthyPipelineSafeModeRule.java:process(140)) - SCM in safe mode. Healthy pipelines reported count is 0, required healthy pipeline reported count is 1
2024-03-15 21:39:01,673 [05ef7519-d18f-4616-94d2-fdbdf5167048-groupManagement] INFO  server.RaftServerConfigKeys (ConfUtils.java:logGet(46)) - raft.server.log.segment.size.max = 67108864 (custom)
2024-03-15 21:39:01,674 [05ef7519-d18f-4616-94d2-fdbdf5167048-groupManagement] INFO  server.RaftServerConfigKeys (ConfUtils.java:logGet(46)) - raft.server.log.segment.cache.num.max = 2 (custom)
2024-03-15 21:39:01,674 [05ef7519-d18f-4616-94d2-fdbdf5167048-groupManagement] INFO  server.RaftServerConfigKeys (ConfUtils.java:logGet(46)) - raft.server.log.segment.cache.size.max = 200MB (=209715200) (default)
2024-03-15 21:39:01,674 [05ef7519-d18f-4616-94d2-fdbdf5167048-groupManagement] INFO  server.RaftServerConfigKeys (ConfUtils.java:logGet(46)) - raft.server.log.appender.buffer.byte-limit = 8388608 (custom)
2024-03-15 21:39:01,674 [05ef7519-d18f-4616-94d2-fdbdf5167048-groupManagement] INFO  util.AwaitToRun (AwaitToRun.java:start(81)) - Thread[05ef7519-d18f-4616-94d2-fdbdf5167048@group-5640AFA68D3E-cacheEviction-AwaitToRun,5,main] started
2024-03-15 21:39:01,674 [05ef7519-d18f-4616-94d2-fdbdf5167048-groupManagement] INFO  segmented.SegmentedRaftLogWorker (SegmentedRaftLogWorker.java:<init>(182)) - new 05ef7519-d18f-4616-94d2-fdbdf5167048@group-5640AFA68D3E-SegmentedRaftLogWorker for RaftStorageImpl:Storage Directory /home/runner/work/ozone/ozone/hadoop-ozone/integration-test/target/test-dir/MiniOzoneClusterImpl-3a4de177-78ca-4f6d-b60b-6b5c736a6a4e/ozone-meta/datanode-4/ratis/61249fa0-0db7-4ece-b3d8-5640afa68d3e
2024-03-15 21:39:01,674 [05ef7519-d18f-4616-94d2-fdbdf5167048-groupManagement] INFO  server.RaftServerConfigKeys (ConfUtils.java:logGet(46)) - raft.server.log.queue.byte-limit = 4294967296 (custom)
2024-03-15 21:39:01,674 [05ef7519-d18f-4616-94d2-fdbdf5167048-groupManagement] INFO  server.RaftServerConfigKeys (ConfUtils.java:logGet(46)) - raft.server.log.queue.element-limit = 1024 (custom)
2024-03-15 21:39:01,674 [05ef7519-d18f-4616-94d2-fdbdf5167048-groupManagement] INFO  server.RaftServerConfigKeys (ConfUtils.java:logGet(46)) - raft.server.log.segment.size.max = 67108864 (custom)
2024-03-15 21:39:01,674 [05ef7519-d18f-4616-94d2-fdbdf5167048-groupManagement] INFO  server.RaftServerConfigKeys (ConfUtils.java:logGet(46)) - raft.server.log.preallocated.size = 4194304 (custom)
2024-03-15 21:39:01,674 [05ef7519-d18f-4616-94d2-fdbdf5167048-groupManagement] INFO  server.RaftServerConfigKeys (ConfUtils.java:logGet(46)) - raft.server.log.force.sync.num = 128 (default)
2024-03-15 21:39:01,674 [05ef7519-d18f-4616-94d2-fdbdf5167048-groupManagement] INFO  server.RaftServerConfigKeys (ConfUtils.java:logGet(46)) - raft.server.log.statemachine.data.sync = true (default)
2024-03-15 21:39:01,674 [05ef7519-d18f-4616-94d2-fdbdf5167048-groupManagement] INFO  server.RaftServerConfigKeys (ConfUtils.java:logGet(46)) - raft.server.log.statemachine.data.sync.timeout = 10s (default)
2024-03-15 21:39:01,674 [05ef7519-d18f-4616-94d2-fdbdf5167048-groupManagement] INFO  server.RaftServerConfigKeys (ConfUtils.java:logGet(46)) - raft.server.log.statemachine.data.sync.timeout.retry = 0 (custom)
2024-03-15 21:39:01,675 [05ef7519-d18f-4616-94d2-fdbdf5167048-groupManagement] INFO  server.RaftServerConfigKeys (ConfUtils.java:logGet(46)) - raft.server.log.write.buffer.size = 8388616 (custom)
2024-03-15 21:39:01,676 [05ef7519-d18f-4616-94d2-fdbdf5167048-groupManagement] INFO  server.RaftServerConfigKeys (ConfUtils.java:logGet(46)) - raft.server.log.appender.buffer.byte-limit = 8388608 (custom)
2024-03-15 21:39:01,676 [05ef7519-d18f-4616-94d2-fdbdf5167048-groupManagement] INFO  server.RaftServerConfigKeys (ConfUtils.java:logGet(46)) - raft.server.log.unsafe-flush.enabled = false (default)
2024-03-15 21:39:01,676 [05ef7519-d18f-4616-94d2-fdbdf5167048-groupManagement] INFO  server.RaftServerConfigKeys (ConfUtils.java:logGet(46)) - raft.server.log.async-flush.enabled = false (default)
2024-03-15 21:39:01,676 [05ef7519-d18f-4616-94d2-fdbdf5167048-groupManagement] INFO  server.RaftServerConfigKeys (ConfUtils.java:logGet(46)) - raft.server.log.statemachine.data.caching.enabled = true (custom)
2024-03-15 21:39:01,676 [05ef7519-d18f-4616-94d2-fdbdf5167048-groupManagement] INFO  segmented.SegmentedRaftLogWorker (SegmentedRaftLogWorker.java:lambda$new$0(134)) - 05ef7519-d18f-4616-94d2-fdbdf5167048@group-5640AFA68D3E-SegmentedRaftLogWorker: flushIndex: setUnconditionally 0 -> -1
2024-03-15 21:39:01,676 [05ef7519-d18f-4616-94d2-fdbdf5167048-groupManagement] INFO  segmented.SegmentedRaftLogWorker (SegmentedRaftLogWorker.java:lambda$new$0(134)) - 05ef7519-d18f-4616-94d2-fdbdf5167048@group-5640AFA68D3E-SegmentedRaftLogWorker: safeCacheEvictIndex: setUnconditionally 0 -> -1
2024-03-15 21:39:01,676 [05ef7519-d18f-4616-94d2-fdbdf5167048-groupManagement] INFO  server.RaftServer$Division (RaftServerImpl.java:start(396)) - 05ef7519-d18f-4616-94d2-fdbdf5167048@group-5640AFA68D3E: start as a follower, conf=-1: peers:[455def2e-61ff-4e49-9c6f-295594c4a0b8|10.1.0.11:15148, bf6310f0-ec4f-414e-a975-974a715da885|10.1.0.11:15139, 05ef7519-d18f-4616-94d2-fdbdf5167048|10.1.0.11:15130]|listeners:[], old=null
2024-03-15 21:39:01,677 [05ef7519-d18f-4616-94d2-fdbdf5167048-groupManagement] INFO  server.RaftServer$Division (RaftServerImpl.java:setRole(383)) - 05ef7519-d18f-4616-94d2-fdbdf5167048@group-5640AFA68D3E: changes role from      null to FOLLOWER at term 0 for startAsFollower
2024-03-15 21:39:01,677 [05ef7519-d18f-4616-94d2-fdbdf5167048-groupManagement] INFO  impl.RoleInfo (RoleInfo.java:updateAndGet(139)) - 05ef7519-d18f-4616-94d2-fdbdf5167048: start 05ef7519-d18f-4616-94d2-fdbdf5167048@group-5640AFA68D3E-FollowerState
2024-03-15 21:39:01,681 [05ef7519-d18f-4616-94d2-fdbdf5167048-groupManagement] INFO  util.JmxRegister (JmxRegister.java:tryRegister(44)) - Successfully registered JMX Bean with object name Ratis:service=RaftServer,group=group-5640AFA68D3E,id=05ef7519-d18f-4616-94d2-fdbdf5167048
2024-03-15 21:39:01,681 [05ef7519-d18f-4616-94d2-fdbdf5167048-groupManagement] INFO  server.RaftServerConfigKeys (ConfUtils.java:logGet(46)) - raft.server.snapshot.trigger-when-stop.enabled = true (default)
2024-03-15 21:39:01,681 [05ef7519-d18f-4616-94d2-fdbdf5167048-groupManagement] INFO  server.RaftServerConfigKeys (ConfUtils.java:logGet(46)) - raft.server.snapshot.auto.trigger.enabled = true (custom)
2024-03-15 21:39:01,681 [05ef7519-d18f-4616-94d2-fdbdf5167048-groupManagement] INFO  server.RaftServerConfigKeys (ConfUtils.java:logGet(46)) - raft.server.snapshot.auto.trigger.threshold = 10000 (custom)
2024-03-15 21:39:01,681 [05ef7519-d18f-4616-94d2-fdbdf5167048-groupManagement] INFO  server.RaftServerConfigKeys (ConfUtils.java:logGet(46)) - raft.server.snapshot.retention.file.num = 5 (custom)
2024-03-15 21:39:01,681 [05ef7519-d18f-4616-94d2-fdbdf5167048-groupManagement] INFO  server.RaftServerConfigKeys (ConfUtils.java:logGet(46)) - raft.server.log.purge.upto.snapshot.index = false (default)
2024-03-15 21:39:01,681 [05ef7519-d18f-4616-94d2-fdbdf5167048@group-5640AFA68D3E-FollowerState] INFO  server.RaftServerConfigKeys (ConfUtils.java:logFallback(53)) - raft.server.rpc.first-election.timeout.min = 5s (fallback to raft.server.rpc.timeout.min)
2024-03-15 21:39:01,681 [05ef7519-d18f-4616-94d2-fdbdf5167048@group-5640AFA68D3E-FollowerState] INFO  server.RaftServerConfigKeys (ConfUtils.java:logFallback(53)) - raft.server.rpc.first-election.timeout.max = 5200ms (fallback to raft.server.rpc.timeout.max)
2024-03-15 21:39:01,682 [05ef7519-d18f-4616-94d2-fdbdf5167048-PipelineCommandHandlerThread-0] INFO  ratis.XceiverServerRatis (XceiverServerRatis.java:addGroup(864)) - Created group PipelineID=61249fa0-0db7-4ece-b3d8-5640afa68d3e
2024-03-15 21:39:01,689 [grpc-default-executor-0] INFO  server.RaftServer (RaftServerProxy.java:addNew(100)) - bf6310f0-ec4f-414e-a975-974a715da885: addNew group-5640AFA68D3E:[455def2e-61ff-4e49-9c6f-295594c4a0b8|10.1.0.11:15148, bf6310f0-ec4f-414e-a975-974a715da885|10.1.0.11:15139, 05ef7519-d18f-4616-94d2-fdbdf5167048|10.1.0.11:15130] returns group-5640AFA68D3E:java.util.concurrent.CompletableFuture@60789fa1[Not completed]
2024-03-15 21:39:01,689 [bf6310f0-ec4f-414e-a975-974a715da885-groupManagement] INFO  server.RaftServer$Division (RaftServerImpl.java:<init>(256)) - bf6310f0-ec4f-414e-a975-974a715da885: new RaftServerImpl for group-5640AFA68D3E:[455def2e-61ff-4e49-9c6f-295594c4a0b8|10.1.0.11:15148, bf6310f0-ec4f-414e-a975-974a715da885|10.1.0.11:15139, 05ef7519-d18f-4616-94d2-fdbdf5167048|10.1.0.11:15130] with ContainerStateMachine:uninitialized
2024-03-15 21:39:01,689 [bf6310f0-ec4f-414e-a975-974a715da885-groupManagement] INFO  server.RaftServerConfigKeys (ConfUtils.java:logGet(46)) - raft.server.rpc.timeout.min = 5s (custom)
2024-03-15 21:39:01,689 [bf6310f0-ec4f-414e-a975-974a715da885-groupManagement] INFO  server.RaftServerConfigKeys (ConfUtils.java:logGet(46)) - raft.server.rpc.timeout.max = 5200ms (custom)
2024-03-15 21:39:01,689 [bf6310f0-ec4f-414e-a975-974a715da885-groupManagement] INFO  server.RaftServerConfigKeys (ConfUtils.java:logGet(46)) - raft.server.rpc.sleep.time = 25ms (default)
2024-03-15 21:39:01,689 [bf6310f0-ec4f-414e-a975-974a715da885-groupManagement] INFO  server.RaftServerConfigKeys (ConfUtils.java:logGet(46)) - raft.server.rpc.slowness.timeout = 300000ms (custom)
2024-03-15 21:39:01,689 [bf6310f0-ec4f-414e-a975-974a715da885-groupManagement] INFO  server.RaftServerConfigKeys (ConfUtils.java:logGet(46)) - raft.server.leaderelection.leader.step-down.wait-time = 10s (default)
2024-03-15 21:39:01,690 [bf6310f0-ec4f-414e-a975-974a715da885-groupManagement] INFO  server.RaftServerConfigKeys (ConfUtils.java:logGet(46)) - raft.server.leaderelection.member.majority-add = false (default)
2024-03-15 21:39:01,690 [bf6310f0-ec4f-414e-a975-974a715da885-groupManagement] INFO  server.RaftServerConfigKeys (ConfUtils.java:logGet(46)) - raft.server.sleep.deviation.threshold = 300ms (default)
2024-03-15 21:39:01,690 [bf6310f0-ec4f-414e-a975-974a715da885-groupManagement] INFO  server.RaftServer$Division (ServerState.java:<init>(113)) - bf6310f0-ec4f-414e-a975-974a715da885@group-5640AFA68D3E: ConfigurationManager, init=-1: peers:[455def2e-61ff-4e49-9c6f-295594c4a0b8|10.1.0.11:15148, bf6310f0-ec4f-414e-a975-974a715da885|10.1.0.11:15139, 05ef7519-d18f-4616-94d2-fdbdf5167048|10.1.0.11:15130]|listeners:[], old=null, confs=<EMPTY_MAP>
2024-03-15 21:39:01,690 [bf6310f0-ec4f-414e-a975-974a715da885-groupManagement] INFO  server.RaftServerConfigKeys (ConfUtils.java:logGet(46)) - raft.server.notification.no-leader.timeout = 300000ms (custom)
2024-03-15 21:39:01,690 [bf6310f0-ec4f-414e-a975-974a715da885-groupManagement] INFO  server.RaftServerConfigKeys (ConfUtils.java:logGet(46)) - raft.server.read.timeout = 10s (default)
2024-03-15 21:39:01,690 [bf6310f0-ec4f-414e-a975-974a715da885-groupManagement] INFO  server.RaftServerConfigKeys (ConfUtils.java:logGet(46)) - raft.server.retrycache.expirytime = 600000ms (custom)
2024-03-15 21:39:01,690 [bf6310f0-ec4f-414e-a975-974a715da885-groupManagement] INFO  server.RaftServerConfigKeys (ConfUtils.java:logGet(46)) - raft.server.retrycache.statistics.expirytime = 100ms (default)
2024-03-15 21:39:01,690 [bf6310f0-ec4f-414e-a975-974a715da885-groupManagement] INFO  server.RaftServerConfigKeys (ConfUtils.java:logGet(46)) - raft.server.read.option = DEFAULT (default)
2024-03-15 21:39:01,690 [bf6310f0-ec4f-414e-a975-974a715da885-groupManagement] INFO  server.RaftServerConfigKeys (ConfUtils.java:logGet(46)) - raft.server.read.read-after-write-consistent.write-index-cache.expiry-time = 60s (default)
2024-03-15 21:39:01,692 [bf6310f0-ec4f-414e-a975-974a715da885-groupManagement] INFO  server.RaftServerConfigKeys (ConfUtils.java:logGet(46)) - raft.server.rpc.request.timeout = 3000ms (default)
2024-03-15 21:39:01,692 [bf6310f0-ec4f-414e-a975-974a715da885-groupManagement] INFO  server.RaftServerConfigKeys (ConfUtils.java:logGet(46)) - raft.server.log.appender.install.snapshot.enabled = false (custom)
2024-03-15 21:39:01,692 [bf6310f0-ec4f-414e-a975-974a715da885-groupManagement] INFO  server.RaftServerConfigKeys (ConfUtils.java:logGet(46)) - raft.server.threadpool.server.cached = true (default)
2024-03-15 21:39:01,692 [bf6310f0-ec4f-414e-a975-974a715da885-groupManagement] INFO  server.RaftServerConfigKeys (ConfUtils.java:logGet(46)) - raft.server.threadpool.server.size = 0 (default)
2024-03-15 21:39:01,692 [bf6310f0-ec4f-414e-a975-974a715da885-groupManagement] INFO  server.RaftServerConfigKeys (ConfUtils.java:logGet(46)) - raft.server.threadpool.client.cached = true (default)
2024-03-15 21:39:01,692 [bf6310f0-ec4f-414e-a975-974a715da885-groupManagement] INFO  server.RaftServerConfigKeys (ConfUtils.java:logGet(46)) - raft.server.threadpool.client.size = 0 (default)
2024-03-15 21:39:01,692 [bf6310f0-ec4f-414e-a975-974a715da885-groupManagement] INFO  server.RaftServerConfigKeys (ConfUtils.java:logGet(46)) - raft.server.storage.free-space.min = 0MB (=0) (default)
2024-03-15 21:39:01,692 [bf6310f0-ec4f-414e-a975-974a715da885-groupManagement] INFO  server.RaftServerConfigKeys (ConfUtils.java:logGet(46)) - raft.server.log.corruption.policy = EXCEPTION (default)
2024-03-15 21:39:01,692 [bf6310f0-ec4f-414e-a975-974a715da885-groupManagement] INFO  server.RaftServerConfigKeys (ConfUtils.java:logGet(46)) - raft.server.storage.dir = [/home/runner/work/ozone/ozone/hadoop-ozone/integration-test/target/test-dir/MiniOzoneClusterImpl-3a4de177-78ca-4f6d-b60b-6b5c736a6a4e/ozone-meta/datanode-5/ratis] (custom)
2024-03-15 21:39:01,692 [bf6310f0-ec4f-414e-a975-974a715da885-groupManagement] INFO  storage.RaftStorageDirectory (RaftStorageDirectoryImpl.java:analyzeStorage(138)) - The storage directory /home/runner/work/ozone/ozone/hadoop-ozone/integration-test/target/test-dir/MiniOzoneClusterImpl-3a4de177-78ca-4f6d-b60b-6b5c736a6a4e/ozone-meta/datanode-5/ratis/61249fa0-0db7-4ece-b3d8-5640afa68d3e does not exist. Creating ...
2024-03-15 21:39:01,694 [bf6310f0-ec4f-414e-a975-974a715da885-groupManagement] INFO  storage.RaftStorageDirectory (RaftStorageDirectoryImpl.java:tryLock(228)) - Lock on /home/runner/work/ozone/ozone/hadoop-ozone/integration-test/target/test-dir/MiniOzoneClusterImpl-3a4de177-78ca-4f6d-b60b-6b5c736a6a4e/ozone-meta/datanode-5/ratis/61249fa0-0db7-4ece-b3d8-5640afa68d3e/in_use.lock acquired by nodename 60682@fv-az528-102
2024-03-15 21:39:01,694 [bf6310f0-ec4f-414e-a975-974a715da885-groupManagement] INFO  storage.RaftStorage (RaftStorageImpl.java:format(99)) - Storage directory /home/runner/work/ozone/ozone/hadoop-ozone/integration-test/target/test-dir/MiniOzoneClusterImpl-3a4de177-78ca-4f6d-b60b-6b5c736a6a4e/ozone-meta/datanode-5/ratis/61249fa0-0db7-4ece-b3d8-5640afa68d3e has been successfully formatted.
2024-03-15 21:39:01,695 [bf6310f0-ec4f-414e-a975-974a715da885-groupManagement] WARN  util.FileUtils (LogUtils.java:supplyAndLog(63)) - Failed to Files.newInputStream /home/runner/work/ozone/ozone/hadoop-ozone/integration-test/target/test-dir/MiniOzoneClusterImpl-3a4de177-78ca-4f6d-b60b-6b5c736a6a4e/ozone-meta/datanode-5/ratis/61249fa0-0db7-4ece-b3d8-5640afa68d3e/current/raft-meta.conf with options []: java.nio.file.NoSuchFileException: /home/runner/work/ozone/ozone/hadoop-ozone/integration-test/target/test-dir/MiniOzoneClusterImpl-3a4de177-78ca-4f6d-b60b-6b5c736a6a4e/ozone-meta/datanode-5/ratis/61249fa0-0db7-4ece-b3d8-5640afa68d3e/current/raft-meta.conf
2024-03-15 21:39:01,696 [bf6310f0-ec4f-414e-a975-974a715da885-groupManagement] INFO  ratis.ContainerStateMachine (ContainerStateMachine.java:loadSnapshot(287)) - group-5640AFA68D3E: The snapshot info is null. Setting the last applied index to:(t:0, i:~)
2024-03-15 21:39:01,696 [bf6310f0-ec4f-414e-a975-974a715da885-groupManagement] INFO  server.RaftServerConfigKeys (ConfUtils.java:logGet(46)) - raft.server.log.use.memory = false (default)
2024-03-15 21:39:01,696 [bf6310f0-ec4f-414e-a975-974a715da885-groupManagement] INFO  server.RaftServerConfigKeys (ConfUtils.java:logGet(46)) - raft.server.log.purge.gap = 1000000 (custom)
2024-03-15 21:39:01,696 [bf6310f0-ec4f-414e-a975-974a715da885-groupManagement] INFO  server.RaftServerConfigKeys (ConfUtils.java:logGet(46)) - raft.server.log.appender.buffer.byte-limit = 8388608 (custom)
2024-03-15 21:39:01,696 [bf6310f0-ec4f-414e-a975-974a715da885-groupManagement] INFO  server.RaftServerConfigKeys (ConfUtils.java:logGet(46)) - raft.server.log.statemachine.data.read.timeout = 1000ms (default)
2024-03-15 21:39:01,696 [bf6310f0-ec4f-414e-a975-974a715da885-groupManagement] INFO  server.RaftServerConfigKeys (ConfUtils.java:logGet(46)) - raft.server.log.purge.preservation.log.num = 0 (default)
2024-03-15 21:39:01,699 [bf6310f0-ec4f-414e-a975-974a715da885-groupManagement] INFO  server.RaftServerConfigKeys (ConfUtils.java:logGet(46)) - raft.server.log.segment.size.max = 67108864 (custom)
2024-03-15 21:39:01,700 [bf6310f0-ec4f-414e-a975-974a715da885-groupManagement] INFO  server.RaftServerConfigKeys (ConfUtils.java:logGet(46)) - raft.server.log.segment.cache.num.max = 2 (custom)
2024-03-15 21:39:01,700 [bf6310f0-ec4f-414e-a975-974a715da885-groupManagement] INFO  server.RaftServerConfigKeys (ConfUtils.java:logGet(46)) - raft.server.log.segment.cache.size.max = 200MB (=209715200) (default)
2024-03-15 21:39:01,700 [bf6310f0-ec4f-414e-a975-974a715da885-groupManagement] INFO  server.RaftServerConfigKeys (ConfUtils.java:logGet(46)) - raft.server.log.appender.buffer.byte-limit = 8388608 (custom)
2024-03-15 21:39:01,700 [bf6310f0-ec4f-414e-a975-974a715da885-groupManagement] INFO  util.AwaitToRun (AwaitToRun.java:start(81)) - Thread[bf6310f0-ec4f-414e-a975-974a715da885@group-5640AFA68D3E-cacheEviction-AwaitToRun,5,main] started
2024-03-15 21:39:01,700 [bf6310f0-ec4f-414e-a975-974a715da885-groupManagement] INFO  segmented.SegmentedRaftLogWorker (SegmentedRaftLogWorker.java:<init>(182)) - new bf6310f0-ec4f-414e-a975-974a715da885@group-5640AFA68D3E-SegmentedRaftLogWorker for RaftStorageImpl:Storage Directory /home/runner/work/ozone/ozone/hadoop-ozone/integration-test/target/test-dir/MiniOzoneClusterImpl-3a4de177-78ca-4f6d-b60b-6b5c736a6a4e/ozone-meta/datanode-5/ratis/61249fa0-0db7-4ece-b3d8-5640afa68d3e
2024-03-15 21:39:01,700 [bf6310f0-ec4f-414e-a975-974a715da885-groupManagement] INFO  server.RaftServerConfigKeys (ConfUtils.java:logGet(46)) - raft.server.log.queue.byte-limit = 4294967296 (custom)
2024-03-15 21:39:01,700 [bf6310f0-ec4f-414e-a975-974a715da885-groupManagement] INFO  server.RaftServerConfigKeys (ConfUtils.java:logGet(46)) - raft.server.log.queue.element-limit = 1024 (custom)
2024-03-15 21:39:01,700 [bf6310f0-ec4f-414e-a975-974a715da885-groupManagement] INFO  server.RaftServerConfigKeys (ConfUtils.java:logGet(46)) - raft.server.log.segment.size.max = 67108864 (custom)
2024-03-15 21:39:01,700 [bf6310f0-ec4f-414e-a975-974a715da885-groupManagement] INFO  server.RaftServerConfigKeys (ConfUtils.java:logGet(46)) - raft.server.log.preallocated.size = 4194304 (custom)
2024-03-15 21:39:01,700 [bf6310f0-ec4f-414e-a975-974a715da885-groupManagement] INFO  server.RaftServerConfigKeys (ConfUtils.java:logGet(46)) - raft.server.log.force.sync.num = 128 (default)
2024-03-15 21:39:01,700 [bf6310f0-ec4f-414e-a975-974a715da885-groupManagement] INFO  server.RaftServerConfigKeys (ConfUtils.java:logGet(46)) - raft.server.log.statemachine.data.sync = true (default)
2024-03-15 21:39:01,700 [bf6310f0-ec4f-414e-a975-974a715da885-groupManagement] INFO  server.RaftServerConfigKeys (ConfUtils.java:logGet(46)) - raft.server.log.statemachine.data.sync.timeout = 10s (default)
2024-03-15 21:39:01,701 [bf6310f0-ec4f-414e-a975-974a715da885-groupManagement] INFO  server.RaftServerConfigKeys (ConfUtils.java:logGet(46)) - raft.server.log.statemachine.data.sync.timeout.retry = 0 (custom)
2024-03-15 21:39:01,701 [bf6310f0-ec4f-414e-a975-974a715da885-groupManagement] INFO  server.RaftServerConfigKeys (ConfUtils.java:logGet(46)) - raft.server.log.write.buffer.size = 8388616 (custom)
2024-03-15 21:39:01,702 [bf6310f0-ec4f-414e-a975-974a715da885-groupManagement] INFO  server.RaftServerConfigKeys (ConfUtils.java:logGet(46)) - raft.server.log.appender.buffer.byte-limit = 8388608 (custom)
2024-03-15 21:39:01,702 [bf6310f0-ec4f-414e-a975-974a715da885-groupManagement] INFO  server.RaftServerConfigKeys (ConfUtils.java:logGet(46)) - raft.server.log.unsafe-flush.enabled = false (default)
2024-03-15 21:39:01,702 [bf6310f0-ec4f-414e-a975-974a715da885-groupManagement] INFO  server.RaftServerConfigKeys (ConfUtils.java:logGet(46)) - raft.server.log.async-flush.enabled = false (default)
2024-03-15 21:39:01,703 [bf6310f0-ec4f-414e-a975-974a715da885-groupManagement] INFO  server.RaftServerConfigKeys (ConfUtils.java:logGet(46)) - raft.server.log.statemachine.data.caching.enabled = true (custom)
2024-03-15 21:39:01,703 [bf6310f0-ec4f-414e-a975-974a715da885-groupManagement] INFO  segmented.SegmentedRaftLogWorker (SegmentedRaftLogWorker.java:lambda$new$0(134)) - bf6310f0-ec4f-414e-a975-974a715da885@group-5640AFA68D3E-SegmentedRaftLogWorker: flushIndex: setUnconditionally 0 -> -1
2024-03-15 21:39:01,703 [bf6310f0-ec4f-414e-a975-974a715da885-groupManagement] INFO  segmented.SegmentedRaftLogWorker (SegmentedRaftLogWorker.java:lambda$new$0(134)) - bf6310f0-ec4f-414e-a975-974a715da885@group-5640AFA68D3E-SegmentedRaftLogWorker: safeCacheEvictIndex: setUnconditionally 0 -> -1
2024-03-15 21:39:01,703 [bf6310f0-ec4f-414e-a975-974a715da885-groupManagement] INFO  server.RaftServer$Division (RaftServerImpl.java:start(396)) - bf6310f0-ec4f-414e-a975-974a715da885@group-5640AFA68D3E: start as a follower, conf=-1: peers:[455def2e-61ff-4e49-9c6f-295594c4a0b8|10.1.0.11:15148, bf6310f0-ec4f-414e-a975-974a715da885|10.1.0.11:15139, 05ef7519-d18f-4616-94d2-fdbdf5167048|10.1.0.11:15130]|listeners:[], old=null
2024-03-15 21:39:01,703 [bf6310f0-ec4f-414e-a975-974a715da885-groupManagement] INFO  server.RaftServer$Division (RaftServerImpl.java:setRole(383)) - bf6310f0-ec4f-414e-a975-974a715da885@group-5640AFA68D3E: changes role from      null to FOLLOWER at term 0 for startAsFollower
2024-03-15 21:39:01,703 [bf6310f0-ec4f-414e-a975-974a715da885-groupManagement] INFO  impl.RoleInfo (RoleInfo.java:updateAndGet(139)) - bf6310f0-ec4f-414e-a975-974a715da885: start bf6310f0-ec4f-414e-a975-974a715da885@group-5640AFA68D3E-FollowerState
2024-03-15 21:39:01,703 [bf6310f0-ec4f-414e-a975-974a715da885@group-5640AFA68D3E-FollowerState] INFO  server.RaftServerConfigKeys (ConfUtils.java:logFallback(53)) - raft.server.rpc.first-election.timeout.min = 5s (fallback to raft.server.rpc.timeout.min)
2024-03-15 21:39:01,703 [bf6310f0-ec4f-414e-a975-974a715da885-groupManagement] INFO  util.JmxRegister (JmxRegister.java:tryRegister(44)) - Successfully registered JMX Bean with object name Ratis:service=RaftServer,group=group-5640AFA68D3E,id=bf6310f0-ec4f-414e-a975-974a715da885
2024-03-15 21:39:01,703 [bf6310f0-ec4f-414e-a975-974a715da885@group-5640AFA68D3E-FollowerState] INFO  server.RaftServerConfigKeys (ConfUtils.java:logFallback(53)) - raft.server.rpc.first-election.timeout.max = 5200ms (fallback to raft.server.rpc.timeout.max)
2024-03-15 21:39:01,703 [bf6310f0-ec4f-414e-a975-974a715da885-groupManagement] INFO  server.RaftServerConfigKeys (ConfUtils.java:logGet(46)) - raft.server.snapshot.trigger-when-stop.enabled = true (default)
2024-03-15 21:39:01,703 [bf6310f0-ec4f-414e-a975-974a715da885-groupManagement] INFO  server.RaftServerConfigKeys (ConfUtils.java:logGet(46)) - raft.server.snapshot.auto.trigger.enabled = true (custom)
2024-03-15 21:39:01,704 [bf6310f0-ec4f-414e-a975-974a715da885-groupManagement] INFO  server.RaftServerConfigKeys (ConfUtils.java:logGet(46)) - raft.server.snapshot.auto.trigger.threshold = 10000 (custom)
2024-03-15 21:39:01,704 [bf6310f0-ec4f-414e-a975-974a715da885-groupManagement] INFO  server.RaftServerConfigKeys (ConfUtils.java:logGet(46)) - raft.server.snapshot.retention.file.num = 5 (custom)
2024-03-15 21:39:01,704 [bf6310f0-ec4f-414e-a975-974a715da885-groupManagement] INFO  server.RaftServerConfigKeys (ConfUtils.java:logGet(46)) - raft.server.log.purge.upto.snapshot.index = false (default)
2024-03-15 21:39:01,714 [grpc-default-executor-0] INFO  server.RaftServer (RaftServerProxy.java:addNew(100)) - 455def2e-61ff-4e49-9c6f-295594c4a0b8: addNew group-5640AFA68D3E:[455def2e-61ff-4e49-9c6f-295594c4a0b8|10.1.0.11:15148, bf6310f0-ec4f-414e-a975-974a715da885|10.1.0.11:15139, 05ef7519-d18f-4616-94d2-fdbdf5167048|10.1.0.11:15130] returns group-5640AFA68D3E:java.util.concurrent.CompletableFuture@e4607cf[Not completed]
2024-03-15 21:39:01,714 [455def2e-61ff-4e49-9c6f-295594c4a0b8-groupManagement] INFO  server.RaftServer$Division (RaftServerImpl.java:<init>(256)) - 455def2e-61ff-4e49-9c6f-295594c4a0b8: new RaftServerImpl for group-5640AFA68D3E:[455def2e-61ff-4e49-9c6f-295594c4a0b8|10.1.0.11:15148, bf6310f0-ec4f-414e-a975-974a715da885|10.1.0.11:15139, 05ef7519-d18f-4616-94d2-fdbdf5167048|10.1.0.11:15130] with ContainerStateMachine:uninitialized
2024-03-15 21:39:01,714 [455def2e-61ff-4e49-9c6f-295594c4a0b8-groupManagement] INFO  server.RaftServerConfigKeys (ConfUtils.java:logGet(46)) - raft.server.rpc.timeout.min = 5s (custom)
2024-03-15 21:39:01,714 [455def2e-61ff-4e49-9c6f-295594c4a0b8-groupManagement] INFO  server.RaftServerConfigKeys (ConfUtils.java:logGet(46)) - raft.server.rpc.timeout.max = 5200ms (custom)
2024-03-15 21:39:01,714 [455def2e-61ff-4e49-9c6f-295594c4a0b8-groupManagement] INFO  server.RaftServerConfigKeys (ConfUtils.java:logGet(46)) - raft.server.rpc.sleep.time = 25ms (default)
2024-03-15 21:39:01,714 [455def2e-61ff-4e49-9c6f-295594c4a0b8-groupManagement] INFO  server.RaftServerConfigKeys (ConfUtils.java:logGet(46)) - raft.server.rpc.slowness.timeout = 300000ms (custom)
2024-03-15 21:39:01,715 [455def2e-61ff-4e49-9c6f-295594c4a0b8-groupManagement] INFO  server.RaftServerConfigKeys (ConfUtils.java:logGet(46)) - raft.server.leaderelection.leader.step-down.wait-time = 10s (default)
2024-03-15 21:39:01,715 [455def2e-61ff-4e49-9c6f-295594c4a0b8-groupManagement] INFO  server.RaftServerConfigKeys (ConfUtils.java:logGet(46)) - raft.server.leaderelection.member.majority-add = false (default)
2024-03-15 21:39:01,715 [455def2e-61ff-4e49-9c6f-295594c4a0b8-groupManagement] INFO  server.RaftServerConfigKeys (ConfUtils.java:logGet(46)) - raft.server.sleep.deviation.threshold = 300ms (default)
2024-03-15 21:39:01,715 [455def2e-61ff-4e49-9c6f-295594c4a0b8-groupManagement] INFO  server.RaftServer$Division (ServerState.java:<init>(113)) - 455def2e-61ff-4e49-9c6f-295594c4a0b8@group-5640AFA68D3E: ConfigurationManager, init=-1: peers:[455def2e-61ff-4e49-9c6f-295594c4a0b8|10.1.0.11:15148, bf6310f0-ec4f-414e-a975-974a715da885|10.1.0.11:15139, 05ef7519-d18f-4616-94d2-fdbdf5167048|10.1.0.11:15130]|listeners:[], old=null, confs=<EMPTY_MAP>
2024-03-15 21:39:01,715 [455def2e-61ff-4e49-9c6f-295594c4a0b8-groupManagement] INFO  server.RaftServerConfigKeys (ConfUtils.java:logGet(46)) - raft.server.notification.no-leader.timeout = 300000ms (custom)
2024-03-15 21:39:01,715 [455def2e-61ff-4e49-9c6f-295594c4a0b8-groupManagement] INFO  server.RaftServerConfigKeys (ConfUtils.java:logGet(46)) - raft.server.read.timeout = 10s (default)
2024-03-15 21:39:01,715 [455def2e-61ff-4e49-9c6f-295594c4a0b8-groupManagement] INFO  server.RaftServerConfigKeys (ConfUtils.java:logGet(46)) - raft.server.retrycache.expirytime = 600000ms (custom)
2024-03-15 21:39:01,715 [455def2e-61ff-4e49-9c6f-295594c4a0b8-groupManagement] INFO  server.RaftServerConfigKeys (ConfUtils.java:logGet(46)) - raft.server.retrycache.statistics.expirytime = 100ms (default)
2024-03-15 21:39:01,715 [455def2e-61ff-4e49-9c6f-295594c4a0b8-groupManagement] INFO  server.RaftServerConfigKeys (ConfUtils.java:logGet(46)) - raft.server.read.option = DEFAULT (default)
2024-03-15 21:39:01,716 [455def2e-61ff-4e49-9c6f-295594c4a0b8-groupManagement] INFO  server.RaftServerConfigKeys (ConfUtils.java:logGet(46)) - raft.server.read.read-after-write-consistent.write-index-cache.expiry-time = 60s (default)
2024-03-15 21:39:01,718 [455def2e-61ff-4e49-9c6f-295594c4a0b8-groupManagement] INFO  server.RaftServerConfigKeys (ConfUtils.java:logGet(46)) - raft.server.rpc.request.timeout = 3000ms (default)
2024-03-15 21:39:01,718 [455def2e-61ff-4e49-9c6f-295594c4a0b8-groupManagement] INFO  server.RaftServerConfigKeys (ConfUtils.java:logGet(46)) - raft.server.log.appender.install.snapshot.enabled = false (custom)
2024-03-15 21:39:01,718 [455def2e-61ff-4e49-9c6f-295594c4a0b8-groupManagement] INFO  server.RaftServerConfigKeys (ConfUtils.java:logGet(46)) - raft.server.threadpool.server.cached = true (default)
2024-03-15 21:39:01,718 [455def2e-61ff-4e49-9c6f-295594c4a0b8-groupManagement] INFO  server.RaftServerConfigKeys (ConfUtils.java:logGet(46)) - raft.server.threadpool.server.size = 0 (default)
2024-03-15 21:39:01,718 [455def2e-61ff-4e49-9c6f-295594c4a0b8-groupManagement] INFO  server.RaftServerConfigKeys (ConfUtils.java:logGet(46)) - raft.server.threadpool.client.cached = true (default)
2024-03-15 21:39:01,718 [455def2e-61ff-4e49-9c6f-295594c4a0b8-groupManagement] INFO  server.RaftServerConfigKeys (ConfUtils.java:logGet(46)) - raft.server.threadpool.client.size = 0 (default)
2024-03-15 21:39:01,719 [455def2e-61ff-4e49-9c6f-295594c4a0b8-groupManagement] INFO  server.RaftServerConfigKeys (ConfUtils.java:logGet(46)) - raft.server.storage.free-space.min = 0MB (=0) (default)
2024-03-15 21:39:01,719 [455def2e-61ff-4e49-9c6f-295594c4a0b8-groupManagement] INFO  server.RaftServerConfigKeys (ConfUtils.java:logGet(46)) - raft.server.log.corruption.policy = EXCEPTION (default)
2024-03-15 21:39:01,719 [455def2e-61ff-4e49-9c6f-295594c4a0b8-groupManagement] INFO  server.RaftServerConfigKeys (ConfUtils.java:logGet(46)) - raft.server.storage.dir = [/home/runner/work/ozone/ozone/hadoop-ozone/integration-test/target/test-dir/MiniOzoneClusterImpl-3a4de177-78ca-4f6d-b60b-6b5c736a6a4e/ozone-meta/datanode-6/ratis] (custom)
2024-03-15 21:39:01,719 [455def2e-61ff-4e49-9c6f-295594c4a0b8-groupManagement] INFO  storage.RaftStorageDirectory (RaftStorageDirectoryImpl.java:analyzeStorage(138)) - The storage directory /home/runner/work/ozone/ozone/hadoop-ozone/integration-test/target/test-dir/MiniOzoneClusterImpl-3a4de177-78ca-4f6d-b60b-6b5c736a6a4e/ozone-meta/datanode-6/ratis/61249fa0-0db7-4ece-b3d8-5640afa68d3e does not exist. Creating ...
2024-03-15 21:39:01,720 [455def2e-61ff-4e49-9c6f-295594c4a0b8-groupManagement] INFO  storage.RaftStorageDirectory (RaftStorageDirectoryImpl.java:tryLock(228)) - Lock on /home/runner/work/ozone/ozone/hadoop-ozone/integration-test/target/test-dir/MiniOzoneClusterImpl-3a4de177-78ca-4f6d-b60b-6b5c736a6a4e/ozone-meta/datanode-6/ratis/61249fa0-0db7-4ece-b3d8-5640afa68d3e/in_use.lock acquired by nodename 60682@fv-az528-102
2024-03-15 21:39:01,721 [455def2e-61ff-4e49-9c6f-295594c4a0b8-groupManagement] INFO  storage.RaftStorage (RaftStorageImpl.java:format(99)) - Storage directory /home/runner/work/ozone/ozone/hadoop-ozone/integration-test/target/test-dir/MiniOzoneClusterImpl-3a4de177-78ca-4f6d-b60b-6b5c736a6a4e/ozone-meta/datanode-6/ratis/61249fa0-0db7-4ece-b3d8-5640afa68d3e has been successfully formatted.
2024-03-15 21:39:01,721 [455def2e-61ff-4e49-9c6f-295594c4a0b8-groupManagement] WARN  util.FileUtils (LogUtils.java:supplyAndLog(63)) - Failed to Files.newInputStream /home/runner/work/ozone/ozone/hadoop-ozone/integration-test/target/test-dir/MiniOzoneClusterImpl-3a4de177-78ca-4f6d-b60b-6b5c736a6a4e/ozone-meta/datanode-6/ratis/61249fa0-0db7-4ece-b3d8-5640afa68d3e/current/raft-meta.conf with options []: java.nio.file.NoSuchFileException: /home/runner/work/ozone/ozone/hadoop-ozone/integration-test/target/test-dir/MiniOzoneClusterImpl-3a4de177-78ca-4f6d-b60b-6b5c736a6a4e/ozone-meta/datanode-6/ratis/61249fa0-0db7-4ece-b3d8-5640afa68d3e/current/raft-meta.conf
2024-03-15 21:39:01,722 [455def2e-61ff-4e49-9c6f-295594c4a0b8-groupManagement] INFO  ratis.ContainerStateMachine (ContainerStateMachine.java:loadSnapshot(287)) - group-5640AFA68D3E: The snapshot info is null. Setting the last applied index to:(t:0, i:~)
2024-03-15 21:39:01,722 [455def2e-61ff-4e49-9c6f-295594c4a0b8-groupManagement] INFO  server.RaftServerConfigKeys (ConfUtils.java:logGet(46)) - raft.server.log.use.memory = false (default)
2024-03-15 21:39:01,722 [455def2e-61ff-4e49-9c6f-295594c4a0b8-groupManagement] INFO  server.RaftServerConfigKeys (ConfUtils.java:logGet(46)) - raft.server.log.purge.gap = 1000000 (custom)
2024-03-15 21:39:01,723 [455def2e-61ff-4e49-9c6f-295594c4a0b8-groupManagement] INFO  server.RaftServerConfigKeys (ConfUtils.java:logGet(46)) - raft.server.log.appender.buffer.byte-limit = 8388608 (custom)
2024-03-15 21:39:01,723 [455def2e-61ff-4e49-9c6f-295594c4a0b8-groupManagement] INFO  server.RaftServerConfigKeys (ConfUtils.java:logGet(46)) - raft.server.log.statemachine.data.read.timeout = 1000ms (default)
2024-03-15 21:39:01,723 [455def2e-61ff-4e49-9c6f-295594c4a0b8-groupManagement] INFO  server.RaftServerConfigKeys (ConfUtils.java:logGet(46)) - raft.server.log.purge.preservation.log.num = 0 (default)
2024-03-15 21:39:01,724 [455def2e-61ff-4e49-9c6f-295594c4a0b8-groupManagement] INFO  server.RaftServerConfigKeys (ConfUtils.java:logGet(46)) - raft.server.log.segment.size.max = 67108864 (custom)
2024-03-15 21:39:01,725 [455def2e-61ff-4e49-9c6f-295594c4a0b8-groupManagement] INFO  server.RaftServerConfigKeys (ConfUtils.java:logGet(46)) - raft.server.log.segment.cache.num.max = 2 (custom)
2024-03-15 21:39:01,725 [455def2e-61ff-4e49-9c6f-295594c4a0b8-groupManagement] INFO  server.RaftServerConfigKeys (ConfUtils.java:logGet(46)) - raft.server.log.segment.cache.size.max = 200MB (=209715200) (default)
2024-03-15 21:39:01,725 [455def2e-61ff-4e49-9c6f-295594c4a0b8-groupManagement] INFO  server.RaftServerConfigKeys (ConfUtils.java:logGet(46)) - raft.server.log.appender.buffer.byte-limit = 8388608 (custom)
2024-03-15 21:39:01,725 [455def2e-61ff-4e49-9c6f-295594c4a0b8-groupManagement] INFO  util.AwaitToRun (AwaitToRun.java:start(81)) - Thread[455def2e-61ff-4e49-9c6f-295594c4a0b8@group-5640AFA68D3E-cacheEviction-AwaitToRun,5,main] started
2024-03-15 21:39:01,725 [455def2e-61ff-4e49-9c6f-295594c4a0b8-groupManagement] INFO  segmented.SegmentedRaftLogWorker (SegmentedRaftLogWorker.java:<init>(182)) - new 455def2e-61ff-4e49-9c6f-295594c4a0b8@group-5640AFA68D3E-SegmentedRaftLogWorker for RaftStorageImpl:Storage Directory /home/runner/work/ozone/ozone/hadoop-ozone/integration-test/target/test-dir/MiniOzoneClusterImpl-3a4de177-78ca-4f6d-b60b-6b5c736a6a4e/ozone-meta/datanode-6/ratis/61249fa0-0db7-4ece-b3d8-5640afa68d3e
2024-03-15 21:39:01,726 [455def2e-61ff-4e49-9c6f-295594c4a0b8-groupManagement] INFO  server.RaftServerConfigKeys (ConfUtils.java:logGet(46)) - raft.server.log.queue.byte-limit = 4294967296 (custom)
2024-03-15 21:39:01,726 [455def2e-61ff-4e49-9c6f-295594c4a0b8-groupManagement] INFO  server.RaftServerConfigKeys (ConfUtils.java:logGet(46)) - raft.server.log.queue.element-limit = 1024 (custom)
2024-03-15 21:39:01,726 [455def2e-61ff-4e49-9c6f-295594c4a0b8-groupManagement] INFO  server.RaftServerConfigKeys (ConfUtils.java:logGet(46)) - raft.server.log.segment.size.max = 67108864 (custom)
2024-03-15 21:39:01,726 [455def2e-61ff-4e49-9c6f-295594c4a0b8-groupManagement] INFO  server.RaftServerConfigKeys (ConfUtils.java:logGet(46)) - raft.server.log.preallocated.size = 4194304 (custom)
2024-03-15 21:39:01,726 [455def2e-61ff-4e49-9c6f-295594c4a0b8-groupManagement] INFO  server.RaftServerConfigKeys (ConfUtils.java:logGet(46)) - raft.server.log.force.sync.num = 128 (default)
2024-03-15 21:39:01,726 [455def2e-61ff-4e49-9c6f-295594c4a0b8-groupManagement] INFO  server.RaftServerConfigKeys (ConfUtils.java:logGet(46)) - raft.server.log.statemachine.data.sync = true (default)
2024-03-15 21:39:01,726 [455def2e-61ff-4e49-9c6f-295594c4a0b8-groupManagement] INFO  server.RaftServerConfigKeys (ConfUtils.java:logGet(46)) - raft.server.log.statemachine.data.sync.timeout = 10s (default)
2024-03-15 21:39:01,726 [455def2e-61ff-4e49-9c6f-295594c4a0b8-groupManagement] INFO  server.RaftServerConfigKeys (ConfUtils.java:logGet(46)) - raft.server.log.statemachine.data.sync.timeout.retry = 0 (custom)
2024-03-15 21:39:01,726 [455def2e-61ff-4e49-9c6f-295594c4a0b8-groupManagement] INFO  server.RaftServerConfigKeys (ConfUtils.java:logGet(46)) - raft.server.log.write.buffer.size = 8388616 (custom)
2024-03-15 21:39:01,728 [455def2e-61ff-4e49-9c6f-295594c4a0b8-groupManagement] INFO  server.RaftServerConfigKeys (ConfUtils.java:logGet(46)) - raft.server.log.appender.buffer.byte-limit = 8388608 (custom)
2024-03-15 21:39:01,728 [455def2e-61ff-4e49-9c6f-295594c4a0b8-groupManagement] INFO  server.RaftServerConfigKeys (ConfUtils.java:logGet(46)) - raft.server.log.unsafe-flush.enabled = false (default)
2024-03-15 21:39:01,728 [455def2e-61ff-4e49-9c6f-295594c4a0b8-groupManagement] INFO  server.RaftServerConfigKeys (ConfUtils.java:logGet(46)) - raft.server.log.async-flush.enabled = false (default)
2024-03-15 21:39:01,728 [455def2e-61ff-4e49-9c6f-295594c4a0b8-groupManagement] INFO  server.RaftServerConfigKeys (ConfUtils.java:logGet(46)) - raft.server.log.statemachine.data.caching.enabled = true (custom)
2024-03-15 21:39:01,728 [455def2e-61ff-4e49-9c6f-295594c4a0b8-groupManagement] INFO  segmented.SegmentedRaftLogWorker (SegmentedRaftLogWorker.java:lambda$new$0(134)) - 455def2e-61ff-4e49-9c6f-295594c4a0b8@group-5640AFA68D3E-SegmentedRaftLogWorker: flushIndex: setUnconditionally 0 -> -1
2024-03-15 21:39:01,728 [455def2e-61ff-4e49-9c6f-295594c4a0b8-groupManagement] INFO  segmented.SegmentedRaftLogWorker (SegmentedRaftLogWorker.java:lambda$new$0(134)) - 455def2e-61ff-4e49-9c6f-295594c4a0b8@group-5640AFA68D3E-SegmentedRaftLogWorker: safeCacheEvictIndex: setUnconditionally 0 -> -1
2024-03-15 21:39:01,728 [455def2e-61ff-4e49-9c6f-295594c4a0b8-groupManagement] INFO  server.RaftServer$Division (RaftServerImpl.java:start(396)) - 455def2e-61ff-4e49-9c6f-295594c4a0b8@group-5640AFA68D3E: start as a follower, conf=-1: peers:[455def2e-61ff-4e49-9c6f-295594c4a0b8|10.1.0.11:15148, bf6310f0-ec4f-414e-a975-974a715da885|10.1.0.11:15139, 05ef7519-d18f-4616-94d2-fdbdf5167048|10.1.0.11:15130]|listeners:[], old=null
2024-03-15 21:39:01,728 [455def2e-61ff-4e49-9c6f-295594c4a0b8-groupManagement] INFO  server.RaftServer$Division (RaftServerImpl.java:setRole(383)) - 455def2e-61ff-4e49-9c6f-295594c4a0b8@group-5640AFA68D3E: changes role from      null to FOLLOWER at term 0 for startAsFollower
2024-03-15 21:39:01,729 [455def2e-61ff-4e49-9c6f-295594c4a0b8-groupManagement] INFO  impl.RoleInfo (RoleInfo.java:updateAndGet(139)) - 455def2e-61ff-4e49-9c6f-295594c4a0b8: start 455def2e-61ff-4e49-9c6f-295594c4a0b8@group-5640AFA68D3E-FollowerState
2024-03-15 21:39:01,729 [455def2e-61ff-4e49-9c6f-295594c4a0b8@group-5640AFA68D3E-FollowerState] INFO  server.RaftServerConfigKeys (ConfUtils.java:logFallback(53)) - raft.server.rpc.first-election.timeout.min = 5s (fallback to raft.server.rpc.timeout.min)
2024-03-15 21:39:01,729 [455def2e-61ff-4e49-9c6f-295594c4a0b8@group-5640AFA68D3E-FollowerState] INFO  server.RaftServerConfigKeys (ConfUtils.java:logFallback(53)) - raft.server.rpc.first-election.timeout.max = 5200ms (fallback to raft.server.rpc.timeout.max)
2024-03-15 21:39:01,729 [455def2e-61ff-4e49-9c6f-295594c4a0b8-groupManagement] INFO  util.JmxRegister (JmxRegister.java:tryRegister(44)) - Successfully registered JMX Bean with object name Ratis:service=RaftServer,group=group-5640AFA68D3E,id=455def2e-61ff-4e49-9c6f-295594c4a0b8
2024-03-15 21:39:01,729 [455def2e-61ff-4e49-9c6f-295594c4a0b8-groupManagement] INFO  server.RaftServerConfigKeys (ConfUtils.java:logGet(46)) - raft.server.snapshot.trigger-when-stop.enabled = true (default)
2024-03-15 21:39:01,729 [455def2e-61ff-4e49-9c6f-295594c4a0b8-groupManagement] INFO  server.RaftServerConfigKeys (ConfUtils.java:logGet(46)) - raft.server.snapshot.auto.trigger.enabled = true (custom)
2024-03-15 21:39:01,729 [455def2e-61ff-4e49-9c6f-295594c4a0b8-groupManagement] INFO  server.RaftServerConfigKeys (ConfUtils.java:logGet(46)) - raft.server.snapshot.auto.trigger.threshold = 10000 (custom)
2024-03-15 21:39:01,729 [455def2e-61ff-4e49-9c6f-295594c4a0b8-groupManagement] INFO  server.RaftServerConfigKeys (ConfUtils.java:logGet(46)) - raft.server.snapshot.retention.file.num = 5 (custom)
2024-03-15 21:39:01,729 [455def2e-61ff-4e49-9c6f-295594c4a0b8-groupManagement] INFO  server.RaftServerConfigKeys (ConfUtils.java:logGet(46)) - raft.server.log.purge.upto.snapshot.index = false (default)
2024-03-15 21:39:01,734 [05ef7519-d18f-4616-94d2-fdbdf5167048-PipelineCommandHandlerThread-0] INFO  commandhandler.CreatePipelineCommandHandler (CreatePipelineCommandHandler.java:lambda$handle$2(124)) - Created Pipeline RATIS THREE PipelineID=61249fa0-0db7-4ece-b3d8-5640afa68d3e.
2024-03-15 21:39:01,821 [bf6310f0-ec4f-414e-a975-974a715da885-PipelineCommandHandlerThread-0] INFO  server.RaftServer (RaftServerProxy.java:addNew(100)) - bf6310f0-ec4f-414e-a975-974a715da885: addNew group-E360525BF245:[bf6310f0-ec4f-414e-a975-974a715da885|10.1.0.11:15139] returns group-E360525BF245:java.util.concurrent.CompletableFuture@42c3b947[Not completed]
2024-03-15 21:39:01,821 [bf6310f0-ec4f-414e-a975-974a715da885-groupManagement] INFO  server.RaftServer$Division (RaftServerImpl.java:<init>(256)) - bf6310f0-ec4f-414e-a975-974a715da885: new RaftServerImpl for group-E360525BF245:[bf6310f0-ec4f-414e-a975-974a715da885|10.1.0.11:15139] with ContainerStateMachine:uninitialized
2024-03-15 21:39:01,821 [bf6310f0-ec4f-414e-a975-974a715da885-groupManagement] INFO  server.RaftServerConfigKeys (ConfUtils.java:logGet(46)) - raft.server.rpc.timeout.min = 5s (custom)
2024-03-15 21:39:01,822 [bf6310f0-ec4f-414e-a975-974a715da885-groupManagement] INFO  server.RaftServerConfigKeys (ConfUtils.java:logGet(46)) - raft.server.rpc.timeout.max = 5200ms (custom)
2024-03-15 21:39:01,822 [bf6310f0-ec4f-414e-a975-974a715da885-groupManagement] INFO  server.RaftServerConfigKeys (ConfUtils.java:logGet(46)) - raft.server.rpc.sleep.time = 25ms (default)
2024-03-15 21:39:01,822 [bf6310f0-ec4f-414e-a975-974a715da885-groupManagement] INFO  server.RaftServerConfigKeys (ConfUtils.java:logGet(46)) - raft.server.rpc.slowness.timeout = 300000ms (custom)
2024-03-15 21:39:01,822 [bf6310f0-ec4f-414e-a975-974a715da885-groupManagement] INFO  server.RaftServerConfigKeys (ConfUtils.java:logGet(46)) - raft.server.leaderelection.leader.step-down.wait-time = 10s (default)
2024-03-15 21:39:01,822 [bf6310f0-ec4f-414e-a975-974a715da885-groupManagement] INFO  server.RaftServerConfigKeys (ConfUtils.java:logGet(46)) - raft.server.leaderelection.member.majority-add = false (default)
2024-03-15 21:39:01,822 [bf6310f0-ec4f-414e-a975-974a715da885-groupManagement] INFO  server.RaftServerConfigKeys (ConfUtils.java:logGet(46)) - raft.server.sleep.deviation.threshold = 300ms (default)
2024-03-15 21:39:01,822 [bf6310f0-ec4f-414e-a975-974a715da885-groupManagement] INFO  server.RaftServer$Division (ServerState.java:<init>(113)) - bf6310f0-ec4f-414e-a975-974a715da885@group-E360525BF245: ConfigurationManager, init=-1: peers:[bf6310f0-ec4f-414e-a975-974a715da885|10.1.0.11:15139]|listeners:[], old=null, confs=<EMPTY_MAP>
2024-03-15 21:39:01,822 [bf6310f0-ec4f-414e-a975-974a715da885-groupManagement] INFO  server.RaftServerConfigKeys (ConfUtils.java:logGet(46)) - raft.server.notification.no-leader.timeout = 300000ms (custom)
2024-03-15 21:39:01,822 [bf6310f0-ec4f-414e-a975-974a715da885-groupManagement] INFO  server.RaftServerConfigKeys (ConfUtils.java:logGet(46)) - raft.server.read.timeout = 10s (default)
2024-03-15 21:39:01,822 [bf6310f0-ec4f-414e-a975-974a715da885-groupManagement] INFO  server.RaftServerConfigKeys (ConfUtils.java:logGet(46)) - raft.server.retrycache.expirytime = 600000ms (custom)
2024-03-15 21:39:01,822 [bf6310f0-ec4f-414e-a975-974a715da885-groupManagement] INFO  server.RaftServerConfigKeys (ConfUtils.java:logGet(46)) - raft.server.retrycache.statistics.expirytime = 100ms (default)
2024-03-15 21:39:01,822 [bf6310f0-ec4f-414e-a975-974a715da885-groupManagement] INFO  server.RaftServerConfigKeys (ConfUtils.java:logGet(46)) - raft.server.read.option = DEFAULT (default)
2024-03-15 21:39:01,822 [bf6310f0-ec4f-414e-a975-974a715da885-groupManagement] INFO  server.RaftServerConfigKeys (ConfUtils.java:logGet(46)) - raft.server.read.read-after-write-consistent.write-index-cache.expiry-time = 60s (default)
2024-03-15 21:39:01,824 [bf6310f0-ec4f-414e-a975-974a715da885-groupManagement] INFO  server.RaftServerConfigKeys (ConfUtils.java:logGet(46)) - raft.server.rpc.request.timeout = 3000ms (default)
2024-03-15 21:39:01,824 [bf6310f0-ec4f-414e-a975-974a715da885-groupManagement] INFO  server.RaftServerConfigKeys (ConfUtils.java:logGet(46)) - raft.server.log.appender.install.snapshot.enabled = false (custom)
2024-03-15 21:39:01,824 [bf6310f0-ec4f-414e-a975-974a715da885-groupManagement] INFO  server.RaftServerConfigKeys (ConfUtils.java:logGet(46)) - raft.server.threadpool.server.cached = true (default)
2024-03-15 21:39:01,824 [bf6310f0-ec4f-414e-a975-974a715da885-groupManagement] INFO  server.RaftServerConfigKeys (ConfUtils.java:logGet(46)) - raft.server.threadpool.server.size = 0 (default)
2024-03-15 21:39:01,824 [bf6310f0-ec4f-414e-a975-974a715da885-groupManagement] INFO  server.RaftServerConfigKeys (ConfUtils.java:logGet(46)) - raft.server.threadpool.client.cached = true (default)
2024-03-15 21:39:01,824 [bf6310f0-ec4f-414e-a975-974a715da885-groupManagement] INFO  server.RaftServerConfigKeys (ConfUtils.java:logGet(46)) - raft.server.threadpool.client.size = 0 (default)
2024-03-15 21:39:01,824 [bf6310f0-ec4f-414e-a975-974a715da885-groupManagement] INFO  server.RaftServerConfigKeys (ConfUtils.java:logGet(46)) - raft.server.storage.free-space.min = 0MB (=0) (default)
2024-03-15 21:39:01,824 [bf6310f0-ec4f-414e-a975-974a715da885-groupManagement] INFO  server.RaftServerConfigKeys (ConfUtils.java:logGet(46)) - raft.server.log.corruption.policy = EXCEPTION (default)
2024-03-15 21:39:01,825 [bf6310f0-ec4f-414e-a975-974a715da885-groupManagement] INFO  server.RaftServerConfigKeys (ConfUtils.java:logGet(46)) - raft.server.storage.dir = [/home/runner/work/ozone/ozone/hadoop-ozone/integration-test/target/test-dir/MiniOzoneClusterImpl-3a4de177-78ca-4f6d-b60b-6b5c736a6a4e/ozone-meta/datanode-5/ratis] (custom)
2024-03-15 21:39:01,825 [bf6310f0-ec4f-414e-a975-974a715da885-groupManagement] INFO  storage.RaftStorageDirectory (RaftStorageDirectoryImpl.java:analyzeStorage(138)) - The storage directory /home/runner/work/ozone/ozone/hadoop-ozone/integration-test/target/test-dir/MiniOzoneClusterImpl-3a4de177-78ca-4f6d-b60b-6b5c736a6a4e/ozone-meta/datanode-5/ratis/99487e4d-a984-4790-932f-e360525bf245 does not exist. Creating ...
2024-03-15 21:39:01,826 [bf6310f0-ec4f-414e-a975-974a715da885-groupManagement] INFO  storage.RaftStorageDirectory (RaftStorageDirectoryImpl.java:tryLock(228)) - Lock on /home/runner/work/ozone/ozone/hadoop-ozone/integration-test/target/test-dir/MiniOzoneClusterImpl-3a4de177-78ca-4f6d-b60b-6b5c736a6a4e/ozone-meta/datanode-5/ratis/99487e4d-a984-4790-932f-e360525bf245/in_use.lock acquired by nodename 60682@fv-az528-102
2024-03-15 21:39:01,826 [bf6310f0-ec4f-414e-a975-974a715da885-groupManagement] INFO  storage.RaftStorage (RaftStorageImpl.java:format(99)) - Storage directory /home/runner/work/ozone/ozone/hadoop-ozone/integration-test/target/test-dir/MiniOzoneClusterImpl-3a4de177-78ca-4f6d-b60b-6b5c736a6a4e/ozone-meta/datanode-5/ratis/99487e4d-a984-4790-932f-e360525bf245 has been successfully formatted.
2024-03-15 21:39:01,827 [bf6310f0-ec4f-414e-a975-974a715da885-groupManagement] WARN  util.FileUtils (LogUtils.java:supplyAndLog(63)) - Failed to Files.newInputStream /home/runner/work/ozone/ozone/hadoop-ozone/integration-test/target/test-dir/MiniOzoneClusterImpl-3a4de177-78ca-4f6d-b60b-6b5c736a6a4e/ozone-meta/datanode-5/ratis/99487e4d-a984-4790-932f-e360525bf245/current/raft-meta.conf with options []: java.nio.file.NoSuchFileException: /home/runner/work/ozone/ozone/hadoop-ozone/integration-test/target/test-dir/MiniOzoneClusterImpl-3a4de177-78ca-4f6d-b60b-6b5c736a6a4e/ozone-meta/datanode-5/ratis/99487e4d-a984-4790-932f-e360525bf245/current/raft-meta.conf
2024-03-15 21:39:01,827 [bf6310f0-ec4f-414e-a975-974a715da885-groupManagement] INFO  ratis.ContainerStateMachine (ContainerStateMachine.java:loadSnapshot(287)) - group-E360525BF245: The snapshot info is null. Setting the last applied index to:(t:0, i:~)
2024-03-15 21:39:01,827 [bf6310f0-ec4f-414e-a975-974a715da885-groupManagement] INFO  server.RaftServerConfigKeys (ConfUtils.java:logGet(46)) - raft.server.log.use.memory = false (default)
2024-03-15 21:39:01,827 [bf6310f0-ec4f-414e-a975-974a715da885-groupManagement] INFO  server.RaftServerConfigKeys (ConfUtils.java:logGet(46)) - raft.server.log.purge.gap = 1000000 (custom)
2024-03-15 21:39:01,828 [bf6310f0-ec4f-414e-a975-974a715da885-groupManagement] INFO  server.RaftServerConfigKeys (ConfUtils.java:logGet(46)) - raft.server.log.appender.buffer.byte-limit = 8388608 (custom)
2024-03-15 21:39:01,828 [bf6310f0-ec4f-414e-a975-974a715da885-groupManagement] INFO  server.RaftServerConfigKeys (ConfUtils.java:logGet(46)) - raft.server.log.statemachine.data.read.timeout = 1000ms (default)
2024-03-15 21:39:01,828 [bf6310f0-ec4f-414e-a975-974a715da885-groupManagement] INFO  server.RaftServerConfigKeys (ConfUtils.java:logGet(46)) - raft.server.log.purge.preservation.log.num = 0 (default)
2024-03-15 21:39:01,829 [EventQueue-PipelineReportForPipelineReportHandler] INFO  pipeline.PipelineReportHandler (PipelineReportHandler.java:processPipelineReport(136)) - Opened pipeline PipelineID=99487e4d-a984-4790-932f-e360525bf245
2024-03-15 21:39:01,829 [EventQueue-OpenPipelineForHealthyPipelineSafeModeRule] INFO  safemode.SCMSafeModeManager (HealthyPipelineSafeModeRule.java:process(140)) - SCM in safe mode. Healthy pipelines reported count is 0, required healthy pipeline reported count is 1
2024-03-15 21:39:01,829 [bf6310f0-ec4f-414e-a975-974a715da885-groupManagement] INFO  server.RaftServerConfigKeys (ConfUtils.java:logGet(46)) - raft.server.log.segment.size.max = 67108864 (custom)
2024-03-15 21:39:01,829 [bf6310f0-ec4f-414e-a975-974a715da885-groupManagement] INFO  server.RaftServerConfigKeys (ConfUtils.java:logGet(46)) - raft.server.log.segment.cache.num.max = 2 (custom)
2024-03-15 21:39:01,829 [bf6310f0-ec4f-414e-a975-974a715da885-groupManagement] INFO  server.RaftServerConfigKeys (ConfUtils.java:logGet(46)) - raft.server.log.segment.cache.size.max = 200MB (=209715200) (default)
2024-03-15 21:39:01,829 [bf6310f0-ec4f-414e-a975-974a715da885-groupManagement] INFO  server.RaftServerConfigKeys (ConfUtils.java:logGet(46)) - raft.server.log.appender.buffer.byte-limit = 8388608 (custom)
2024-03-15 21:39:01,830 [bf6310f0-ec4f-414e-a975-974a715da885-groupManagement] INFO  util.AwaitToRun (AwaitToRun.java:start(81)) - Thread[bf6310f0-ec4f-414e-a975-974a715da885@group-E360525BF245-cacheEviction-AwaitToRun,5,main] started
2024-03-15 21:39:01,830 [bf6310f0-ec4f-414e-a975-974a715da885-groupManagement] INFO  segmented.SegmentedRaftLogWorker (SegmentedRaftLogWorker.java:<init>(182)) - new bf6310f0-ec4f-414e-a975-974a715da885@group-E360525BF245-SegmentedRaftLogWorker for RaftStorageImpl:Storage Directory /home/runner/work/ozone/ozone/hadoop-ozone/integration-test/target/test-dir/MiniOzoneClusterImpl-3a4de177-78ca-4f6d-b60b-6b5c736a6a4e/ozone-meta/datanode-5/ratis/99487e4d-a984-4790-932f-e360525bf245
2024-03-15 21:39:01,830 [bf6310f0-ec4f-414e-a975-974a715da885-groupManagement] INFO  server.RaftServerConfigKeys (ConfUtils.java:logGet(46)) - raft.server.log.queue.byte-limit = 4294967296 (custom)
2024-03-15 21:39:01,830 [bf6310f0-ec4f-414e-a975-974a715da885-groupManagement] INFO  server.RaftServerConfigKeys (ConfUtils.java:logGet(46)) - raft.server.log.queue.element-limit = 1024 (custom)
2024-03-15 21:39:01,830 [bf6310f0-ec4f-414e-a975-974a715da885-groupManagement] INFO  server.RaftServerConfigKeys (ConfUtils.java:logGet(46)) - raft.server.log.segment.size.max = 67108864 (custom)
2024-03-15 21:39:01,830 [bf6310f0-ec4f-414e-a975-974a715da885-groupManagement] INFO  server.RaftServerConfigKeys (ConfUtils.java:logGet(46)) - raft.server.log.preallocated.size = 4194304 (custom)
2024-03-15 21:39:01,830 [bf6310f0-ec4f-414e-a975-974a715da885-groupManagement] INFO  server.RaftServerConfigKeys (ConfUtils.java:logGet(46)) - raft.server.log.force.sync.num = 128 (default)
2024-03-15 21:39:01,830 [bf6310f0-ec4f-414e-a975-974a715da885-groupManagement] INFO  server.RaftServerConfigKeys (ConfUtils.java:logGet(46)) - raft.server.log.statemachine.data.sync = true (default)
2024-03-15 21:39:01,830 [bf6310f0-ec4f-414e-a975-974a715da885-groupManagement] INFO  server.RaftServerConfigKeys (ConfUtils.java:logGet(46)) - raft.server.log.statemachine.data.sync.timeout = 10s (default)
2024-03-15 21:39:01,830 [bf6310f0-ec4f-414e-a975-974a715da885-groupManagement] INFO  server.RaftServerConfigKeys (ConfUtils.java:logGet(46)) - raft.server.log.statemachine.data.sync.timeout.retry = 0 (custom)
2024-03-15 21:39:01,831 [bf6310f0-ec4f-414e-a975-974a715da885-groupManagement] INFO  server.RaftServerConfigKeys (ConfUtils.java:logGet(46)) - raft.server.log.write.buffer.size = 8388616 (custom)
2024-03-15 21:39:01,832 [bf6310f0-ec4f-414e-a975-974a715da885-groupManagement] INFO  server.RaftServerConfigKeys (ConfUtils.java:logGet(46)) - raft.server.log.appender.buffer.byte-limit = 8388608 (custom)
2024-03-15 21:39:01,832 [bf6310f0-ec4f-414e-a975-974a715da885-groupManagement] INFO  server.RaftServerConfigKeys (ConfUtils.java:logGet(46)) - raft.server.log.unsafe-flush.enabled = false (default)
2024-03-15 21:39:01,832 [bf6310f0-ec4f-414e-a975-974a715da885-groupManagement] INFO  server.RaftServerConfigKeys (ConfUtils.java:logGet(46)) - raft.server.log.async-flush.enabled = false (default)
2024-03-15 21:39:01,832 [bf6310f0-ec4f-414e-a975-974a715da885-groupManagement] INFO  server.RaftServerConfigKeys (ConfUtils.java:logGet(46)) - raft.server.log.statemachine.data.caching.enabled = true (custom)
2024-03-15 21:39:01,832 [bf6310f0-ec4f-414e-a975-974a715da885-groupManagement] INFO  segmented.SegmentedRaftLogWorker (SegmentedRaftLogWorker.java:lambda$new$0(134)) - bf6310f0-ec4f-414e-a975-974a715da885@group-E360525BF245-SegmentedRaftLogWorker: flushIndex: setUnconditionally 0 -> -1
2024-03-15 21:39:01,832 [bf6310f0-ec4f-414e-a975-974a715da885-groupManagement] INFO  segmented.SegmentedRaftLogWorker (SegmentedRaftLogWorker.java:lambda$new$0(134)) - bf6310f0-ec4f-414e-a975-974a715da885@group-E360525BF245-SegmentedRaftLogWorker: safeCacheEvictIndex: setUnconditionally 0 -> -1
2024-03-15 21:39:01,833 [bf6310f0-ec4f-414e-a975-974a715da885-groupManagement] INFO  server.RaftServer$Division (RaftServerImpl.java:start(396)) - bf6310f0-ec4f-414e-a975-974a715da885@group-E360525BF245: start as a follower, conf=-1: peers:[bf6310f0-ec4f-414e-a975-974a715da885|10.1.0.11:15139]|listeners:[], old=null
2024-03-15 21:39:01,833 [bf6310f0-ec4f-414e-a975-974a715da885-groupManagement] INFO  server.RaftServer$Division (RaftServerImpl.java:setRole(383)) - bf6310f0-ec4f-414e-a975-974a715da885@group-E360525BF245: changes role from      null to FOLLOWER at term 0 for startAsFollower
2024-03-15 21:39:01,833 [bf6310f0-ec4f-414e-a975-974a715da885-groupManagement] INFO  impl.RoleInfo (RoleInfo.java:updateAndGet(139)) - bf6310f0-ec4f-414e-a975-974a715da885: start bf6310f0-ec4f-414e-a975-974a715da885@group-E360525BF245-FollowerState
2024-03-15 21:39:01,833 [bf6310f0-ec4f-414e-a975-974a715da885@group-E360525BF245-FollowerState] INFO  server.RaftServerConfigKeys (ConfUtils.java:logFallback(53)) - raft.server.rpc.first-election.timeout.min = 5s (fallback to raft.server.rpc.timeout.min)
2024-03-15 21:39:01,833 [bf6310f0-ec4f-414e-a975-974a715da885-groupManagement] INFO  util.JmxRegister (JmxRegister.java:tryRegister(44)) - Successfully registered JMX Bean with object name Ratis:service=RaftServer,group=group-E360525BF245,id=bf6310f0-ec4f-414e-a975-974a715da885
2024-03-15 21:39:01,833 [bf6310f0-ec4f-414e-a975-974a715da885@group-E360525BF245-FollowerState] INFO  server.RaftServerConfigKeys (ConfUtils.java:logFallback(53)) - raft.server.rpc.first-election.timeout.max = 5200ms (fallback to raft.server.rpc.timeout.max)
2024-03-15 21:39:01,833 [bf6310f0-ec4f-414e-a975-974a715da885-groupManagement] INFO  server.RaftServerConfigKeys (ConfUtils.java:logGet(46)) - raft.server.snapshot.trigger-when-stop.enabled = true (default)
2024-03-15 21:39:01,833 [bf6310f0-ec4f-414e-a975-974a715da885-groupManagement] INFO  server.RaftServerConfigKeys (ConfUtils.java:logGet(46)) - raft.server.snapshot.auto.trigger.enabled = true (custom)
2024-03-15 21:39:01,833 [bf6310f0-ec4f-414e-a975-974a715da885-groupManagement] INFO  server.RaftServerConfigKeys (ConfUtils.java:logGet(46)) - raft.server.snapshot.auto.trigger.threshold = 10000 (custom)
2024-03-15 21:39:01,833 [bf6310f0-ec4f-414e-a975-974a715da885-groupManagement] INFO  server.RaftServerConfigKeys (ConfUtils.java:logGet(46)) - raft.server.snapshot.retention.file.num = 5 (custom)
2024-03-15 21:39:01,833 [bf6310f0-ec4f-414e-a975-974a715da885-groupManagement] INFO  server.RaftServerConfigKeys (ConfUtils.java:logGet(46)) - raft.server.log.purge.upto.snapshot.index = false (default)
2024-03-15 21:39:01,834 [bf6310f0-ec4f-414e-a975-974a715da885-PipelineCommandHandlerThread-0] INFO  ratis.XceiverServerRatis (XceiverServerRatis.java:addGroup(864)) - Created group PipelineID=99487e4d-a984-4790-932f-e360525bf245
2024-03-15 21:39:01,834 [bf6310f0-ec4f-414e-a975-974a715da885-PipelineCommandHandlerThread-0] INFO  commandhandler.CreatePipelineCommandHandler (CreatePipelineCommandHandler.java:lambda$handle$2(124)) - Created Pipeline RATIS ONE PipelineID=99487e4d-a984-4790-932f-e360525bf245.
2024-03-15 21:39:01,943 [455def2e-61ff-4e49-9c6f-295594c4a0b8-PipelineCommandHandlerThread-0] INFO  server.RaftServer (RaftServerProxy.java:addNew(100)) - 455def2e-61ff-4e49-9c6f-295594c4a0b8: addNew group-E417F808F81D:[455def2e-61ff-4e49-9c6f-295594c4a0b8|10.1.0.11:15148] returns group-E417F808F81D:java.util.concurrent.CompletableFuture@6126148c[Not completed]
2024-03-15 21:39:01,943 [455def2e-61ff-4e49-9c6f-295594c4a0b8-groupManagement] INFO  server.RaftServer$Division (RaftServerImpl.java:<init>(256)) - 455def2e-61ff-4e49-9c6f-295594c4a0b8: new RaftServerImpl for group-E417F808F81D:[455def2e-61ff-4e49-9c6f-295594c4a0b8|10.1.0.11:15148] with ContainerStateMachine:uninitialized
2024-03-15 21:39:01,943 [455def2e-61ff-4e49-9c6f-295594c4a0b8-groupManagement] INFO  server.RaftServerConfigKeys (ConfUtils.java:logGet(46)) - raft.server.rpc.timeout.min = 5s (custom)
2024-03-15 21:39:01,943 [455def2e-61ff-4e49-9c6f-295594c4a0b8-groupManagement] INFO  server.RaftServerConfigKeys (ConfUtils.java:logGet(46)) - raft.server.rpc.timeout.max = 5200ms (custom)
2024-03-15 21:39:01,943 [455def2e-61ff-4e49-9c6f-295594c4a0b8-groupManagement] INFO  server.RaftServerConfigKeys (ConfUtils.java:logGet(46)) - raft.server.rpc.sleep.time = 25ms (default)
2024-03-15 21:39:01,943 [455def2e-61ff-4e49-9c6f-295594c4a0b8-groupManagement] INFO  server.RaftServerConfigKeys (ConfUtils.java:logGet(46)) - raft.server.rpc.slowness.timeout = 300000ms (custom)
2024-03-15 21:39:01,944 [455def2e-61ff-4e49-9c6f-295594c4a0b8-groupManagement] INFO  server.RaftServerConfigKeys (ConfUtils.java:logGet(46)) - raft.server.leaderelection.leader.step-down.wait-time = 10s (default)
2024-03-15 21:39:01,944 [455def2e-61ff-4e49-9c6f-295594c4a0b8-groupManagement] INFO  server.RaftServerConfigKeys (ConfUtils.java:logGet(46)) - raft.server.leaderelection.member.majority-add = false (default)
2024-03-15 21:39:01,944 [455def2e-61ff-4e49-9c6f-295594c4a0b8-groupManagement] INFO  server.RaftServerConfigKeys (ConfUtils.java:logGet(46)) - raft.server.sleep.deviation.threshold = 300ms (default)
2024-03-15 21:39:01,944 [455def2e-61ff-4e49-9c6f-295594c4a0b8-groupManagement] INFO  server.RaftServer$Division (ServerState.java:<init>(113)) - 455def2e-61ff-4e49-9c6f-295594c4a0b8@group-E417F808F81D: ConfigurationManager, init=-1: peers:[455def2e-61ff-4e49-9c6f-295594c4a0b8|10.1.0.11:15148]|listeners:[], old=null, confs=<EMPTY_MAP>
2024-03-15 21:39:01,944 [455def2e-61ff-4e49-9c6f-295594c4a0b8-groupManagement] INFO  server.RaftServerConfigKeys (ConfUtils.java:logGet(46)) - raft.server.notification.no-leader.timeout = 300000ms (custom)
2024-03-15 21:39:01,944 [455def2e-61ff-4e49-9c6f-295594c4a0b8-groupManagement] INFO  server.RaftServerConfigKeys (ConfUtils.java:logGet(46)) - raft.server.read.timeout = 10s (default)
2024-03-15 21:39:01,944 [455def2e-61ff-4e49-9c6f-295594c4a0b8-groupManagement] INFO  server.RaftServerConfigKeys (ConfUtils.java:logGet(46)) - raft.server.retrycache.expirytime = 600000ms (custom)
2024-03-15 21:39:01,944 [455def2e-61ff-4e49-9c6f-295594c4a0b8-groupManagement] INFO  server.RaftServerConfigKeys (ConfUtils.java:logGet(46)) - raft.server.retrycache.statistics.expirytime = 100ms (default)
2024-03-15 21:39:01,944 [455def2e-61ff-4e49-9c6f-295594c4a0b8-groupManagement] INFO  server.RaftServerConfigKeys (ConfUtils.java:logGet(46)) - raft.server.read.option = DEFAULT (default)
2024-03-15 21:39:01,944 [455def2e-61ff-4e49-9c6f-295594c4a0b8-groupManagement] INFO  server.RaftServerConfigKeys (ConfUtils.java:logGet(46)) - raft.server.read.read-after-write-consistent.write-index-cache.expiry-time = 60s (default)
2024-03-15 21:39:01,946 [455def2e-61ff-4e49-9c6f-295594c4a0b8-groupManagement] INFO  server.RaftServerConfigKeys (ConfUtils.java:logGet(46)) - raft.server.rpc.request.timeout = 3000ms (default)
2024-03-15 21:39:01,946 [455def2e-61ff-4e49-9c6f-295594c4a0b8-groupManagement] INFO  server.RaftServerConfigKeys (ConfUtils.java:logGet(46)) - raft.server.log.appender.install.snapshot.enabled = false (custom)
2024-03-15 21:39:01,946 [455def2e-61ff-4e49-9c6f-295594c4a0b8-groupManagement] INFO  server.RaftServerConfigKeys (ConfUtils.java:logGet(46)) - raft.server.threadpool.server.cached = true (default)
2024-03-15 21:39:01,946 [455def2e-61ff-4e49-9c6f-295594c4a0b8-groupManagement] INFO  server.RaftServerConfigKeys (ConfUtils.java:logGet(46)) - raft.server.threadpool.server.size = 0 (default)
2024-03-15 21:39:01,946 [455def2e-61ff-4e49-9c6f-295594c4a0b8-groupManagement] INFO  server.RaftServerConfigKeys (ConfUtils.java:logGet(46)) - raft.server.threadpool.client.cached = true (default)
2024-03-15 21:39:01,946 [455def2e-61ff-4e49-9c6f-295594c4a0b8-groupManagement] INFO  server.RaftServerConfigKeys (ConfUtils.java:logGet(46)) - raft.server.threadpool.client.size = 0 (default)
2024-03-15 21:39:01,946 [455def2e-61ff-4e49-9c6f-295594c4a0b8-groupManagement] INFO  server.RaftServerConfigKeys (ConfUtils.java:logGet(46)) - raft.server.storage.free-space.min = 0MB (=0) (default)
2024-03-15 21:39:01,946 [455def2e-61ff-4e49-9c6f-295594c4a0b8-groupManagement] INFO  server.RaftServerConfigKeys (ConfUtils.java:logGet(46)) - raft.server.log.corruption.policy = EXCEPTION (default)
2024-03-15 21:39:01,946 [455def2e-61ff-4e49-9c6f-295594c4a0b8-groupManagement] INFO  server.RaftServerConfigKeys (ConfUtils.java:logGet(46)) - raft.server.storage.dir = [/home/runner/work/ozone/ozone/hadoop-ozone/integration-test/target/test-dir/MiniOzoneClusterImpl-3a4de177-78ca-4f6d-b60b-6b5c736a6a4e/ozone-meta/datanode-6/ratis] (custom)
2024-03-15 21:39:01,946 [455def2e-61ff-4e49-9c6f-295594c4a0b8-groupManagement] INFO  storage.RaftStorageDirectory (RaftStorageDirectoryImpl.java:analyzeStorage(138)) - The storage directory /home/runner/work/ozone/ozone/hadoop-ozone/integration-test/target/test-dir/MiniOzoneClusterImpl-3a4de177-78ca-4f6d-b60b-6b5c736a6a4e/ozone-meta/datanode-6/ratis/bf539d78-5e63-4770-a86b-e417f808f81d does not exist. Creating ...
2024-03-15 21:39:01,947 [455def2e-61ff-4e49-9c6f-295594c4a0b8-groupManagement] INFO  storage.RaftStorageDirectory (RaftStorageDirectoryImpl.java:tryLock(228)) - Lock on /home/runner/work/ozone/ozone/hadoop-ozone/integration-test/target/test-dir/MiniOzoneClusterImpl-3a4de177-78ca-4f6d-b60b-6b5c736a6a4e/ozone-meta/datanode-6/ratis/bf539d78-5e63-4770-a86b-e417f808f81d/in_use.lock acquired by nodename 60682@fv-az528-102
2024-03-15 21:39:01,948 [455def2e-61ff-4e49-9c6f-295594c4a0b8-groupManagement] INFO  storage.RaftStorage (RaftStorageImpl.java:format(99)) - Storage directory /home/runner/work/ozone/ozone/hadoop-ozone/integration-test/target/test-dir/MiniOzoneClusterImpl-3a4de177-78ca-4f6d-b60b-6b5c736a6a4e/ozone-meta/datanode-6/ratis/bf539d78-5e63-4770-a86b-e417f808f81d has been successfully formatted.
2024-03-15 21:39:01,949 [455def2e-61ff-4e49-9c6f-295594c4a0b8-groupManagement] WARN  util.FileUtils (LogUtils.java:supplyAndLog(63)) - Failed to Files.newInputStream /home/runner/work/ozone/ozone/hadoop-ozone/integration-test/target/test-dir/MiniOzoneClusterImpl-3a4de177-78ca-4f6d-b60b-6b5c736a6a4e/ozone-meta/datanode-6/ratis/bf539d78-5e63-4770-a86b-e417f808f81d/current/raft-meta.conf with options []: java.nio.file.NoSuchFileException: /home/runner/work/ozone/ozone/hadoop-ozone/integration-test/target/test-dir/MiniOzoneClusterImpl-3a4de177-78ca-4f6d-b60b-6b5c736a6a4e/ozone-meta/datanode-6/ratis/bf539d78-5e63-4770-a86b-e417f808f81d/current/raft-meta.conf
2024-03-15 21:39:01,949 [455def2e-61ff-4e49-9c6f-295594c4a0b8-groupManagement] INFO  ratis.ContainerStateMachine (ContainerStateMachine.java:loadSnapshot(287)) - group-E417F808F81D: The snapshot info is null. Setting the last applied index to:(t:0, i:~)
2024-03-15 21:39:01,949 [455def2e-61ff-4e49-9c6f-295594c4a0b8-groupManagement] INFO  server.RaftServerConfigKeys (ConfUtils.java:logGet(46)) - raft.server.log.use.memory = false (default)
2024-03-15 21:39:01,949 [455def2e-61ff-4e49-9c6f-295594c4a0b8-groupManagement] INFO  server.RaftServerConfigKeys (ConfUtils.java:logGet(46)) - raft.server.log.purge.gap = 1000000 (custom)
2024-03-15 21:39:01,950 [455def2e-61ff-4e49-9c6f-295594c4a0b8-groupManagement] INFO  server.RaftServerConfigKeys (ConfUtils.java:logGet(46)) - raft.server.log.appender.buffer.byte-limit = 8388608 (custom)
2024-03-15 21:39:01,950 [455def2e-61ff-4e49-9c6f-295594c4a0b8-groupManagement] INFO  server.RaftServerConfigKeys (ConfUtils.java:logGet(46)) - raft.server.log.statemachine.data.read.timeout = 1000ms (default)
2024-03-15 21:39:01,950 [455def2e-61ff-4e49-9c6f-295594c4a0b8-groupManagement] INFO  server.RaftServerConfigKeys (ConfUtils.java:logGet(46)) - raft.server.log.purge.preservation.log.num = 0 (default)
2024-03-15 21:39:01,950 [EventQueue-PipelineReportForPipelineReportHandler] INFO  pipeline.PipelineReportHandler (PipelineReportHandler.java:processPipelineReport(136)) - Opened pipeline PipelineID=bf539d78-5e63-4770-a86b-e417f808f81d
2024-03-15 21:39:01,950 [EventQueue-OpenPipelineForHealthyPipelineSafeModeRule] INFO  safemode.SCMSafeModeManager (HealthyPipelineSafeModeRule.java:process(140)) - SCM in safe mode. Healthy pipelines reported count is 0, required healthy pipeline reported count is 1
2024-03-15 21:39:01,951 [455def2e-61ff-4e49-9c6f-295594c4a0b8-groupManagement] INFO  server.RaftServerConfigKeys (ConfUtils.java:logGet(46)) - raft.server.log.segment.size.max = 67108864 (custom)
2024-03-15 21:39:01,952 [455def2e-61ff-4e49-9c6f-295594c4a0b8-groupManagement] INFO  server.RaftServerConfigKeys (ConfUtils.java:logGet(46)) - raft.server.log.segment.cache.num.max = 2 (custom)
2024-03-15 21:39:01,952 [455def2e-61ff-4e49-9c6f-295594c4a0b8-groupManagement] INFO  server.RaftServerConfigKeys (ConfUtils.java:logGet(46)) - raft.server.log.segment.cache.size.max = 200MB (=209715200) (default)
2024-03-15 21:39:01,952 [455def2e-61ff-4e49-9c6f-295594c4a0b8-groupManagement] INFO  server.RaftServerConfigKeys (ConfUtils.java:logGet(46)) - raft.server.log.appender.buffer.byte-limit = 8388608 (custom)
2024-03-15 21:39:01,952 [455def2e-61ff-4e49-9c6f-295594c4a0b8-groupManagement] INFO  util.AwaitToRun (AwaitToRun.java:start(81)) - Thread[455def2e-61ff-4e49-9c6f-295594c4a0b8@group-E417F808F81D-cacheEviction-AwaitToRun,5,main] started
2024-03-15 21:39:01,952 [455def2e-61ff-4e49-9c6f-295594c4a0b8-groupManagement] INFO  segmented.SegmentedRaftLogWorker (SegmentedRaftLogWorker.java:<init>(182)) - new 455def2e-61ff-4e49-9c6f-295594c4a0b8@group-E417F808F81D-SegmentedRaftLogWorker for RaftStorageImpl:Storage Directory /home/runner/work/ozone/ozone/hadoop-ozone/integration-test/target/test-dir/MiniOzoneClusterImpl-3a4de177-78ca-4f6d-b60b-6b5c736a6a4e/ozone-meta/datanode-6/ratis/bf539d78-5e63-4770-a86b-e417f808f81d
2024-03-15 21:39:01,952 [455def2e-61ff-4e49-9c6f-295594c4a0b8-groupManagement] INFO  server.RaftServerConfigKeys (ConfUtils.java:logGet(46)) - raft.server.log.queue.byte-limit = 4294967296 (custom)
2024-03-15 21:39:01,952 [455def2e-61ff-4e49-9c6f-295594c4a0b8-groupManagement] INFO  server.RaftServerConfigKeys (ConfUtils.java:logGet(46)) - raft.server.log.queue.element-limit = 1024 (custom)
2024-03-15 21:39:01,952 [455def2e-61ff-4e49-9c6f-295594c4a0b8-groupManagement] INFO  server.RaftServerConfigKeys (ConfUtils.java:logGet(46)) - raft.server.log.segment.size.max = 67108864 (custom)
2024-03-15 21:39:01,952 [455def2e-61ff-4e49-9c6f-295594c4a0b8-groupManagement] INFO  server.RaftServerConfigKeys (ConfUtils.java:logGet(46)) - raft.server.log.preallocated.size = 4194304 (custom)
2024-03-15 21:39:01,952 [455def2e-61ff-4e49-9c6f-295594c4a0b8-groupManagement] INFO  server.RaftServerConfigKeys (ConfUtils.java:logGet(46)) - raft.server.log.force.sync.num = 128 (default)
2024-03-15 21:39:01,952 [455def2e-61ff-4e49-9c6f-295594c4a0b8-groupManagement] INFO  server.RaftServerConfigKeys (ConfUtils.java:logGet(46)) - raft.server.log.statemachine.data.sync = true (default)
2024-03-15 21:39:01,953 [455def2e-61ff-4e49-9c6f-295594c4a0b8-groupManagement] INFO  server.RaftServerConfigKeys (ConfUtils.java:logGet(46)) - raft.server.log.statemachine.data.sync.timeout = 10s (default)
2024-03-15 21:39:01,953 [455def2e-61ff-4e49-9c6f-295594c4a0b8-groupManagement] INFO  server.RaftServerConfigKeys (ConfUtils.java:logGet(46)) - raft.server.log.statemachine.data.sync.timeout.retry = 0 (custom)
2024-03-15 21:39:01,953 [455def2e-61ff-4e49-9c6f-295594c4a0b8-groupManagement] INFO  server.RaftServerConfigKeys (ConfUtils.java:logGet(46)) - raft.server.log.write.buffer.size = 8388616 (custom)
2024-03-15 21:39:01,954 [455def2e-61ff-4e49-9c6f-295594c4a0b8-groupManagement] INFO  server.RaftServerConfigKeys (ConfUtils.java:logGet(46)) - raft.server.log.appender.buffer.byte-limit = 8388608 (custom)
2024-03-15 21:39:01,954 [455def2e-61ff-4e49-9c6f-295594c4a0b8-groupManagement] INFO  server.RaftServerConfigKeys (ConfUtils.java:logGet(46)) - raft.server.log.unsafe-flush.enabled = false (default)
2024-03-15 21:39:01,954 [455def2e-61ff-4e49-9c6f-295594c4a0b8-groupManagement] INFO  server.RaftServerConfigKeys (ConfUtils.java:logGet(46)) - raft.server.log.async-flush.enabled = false (default)
2024-03-15 21:39:01,954 [455def2e-61ff-4e49-9c6f-295594c4a0b8-groupManagement] INFO  server.RaftServerConfigKeys (ConfUtils.java:logGet(46)) - raft.server.log.statemachine.data.caching.enabled = true (custom)
2024-03-15 21:39:01,955 [455def2e-61ff-4e49-9c6f-295594c4a0b8-groupManagement] INFO  segmented.SegmentedRaftLogWorker (SegmentedRaftLogWorker.java:lambda$new$0(134)) - 455def2e-61ff-4e49-9c6f-295594c4a0b8@group-E417F808F81D-SegmentedRaftLogWorker: flushIndex: setUnconditionally 0 -> -1
2024-03-15 21:39:01,955 [455def2e-61ff-4e49-9c6f-295594c4a0b8-groupManagement] INFO  segmented.SegmentedRaftLogWorker (SegmentedRaftLogWorker.java:lambda$new$0(134)) - 455def2e-61ff-4e49-9c6f-295594c4a0b8@group-E417F808F81D-SegmentedRaftLogWorker: safeCacheEvictIndex: setUnconditionally 0 -> -1
2024-03-15 21:39:01,955 [455def2e-61ff-4e49-9c6f-295594c4a0b8-groupManagement] INFO  server.RaftServer$Division (RaftServerImpl.java:start(396)) - 455def2e-61ff-4e49-9c6f-295594c4a0b8@group-E417F808F81D: start as a follower, conf=-1: peers:[455def2e-61ff-4e49-9c6f-295594c4a0b8|10.1.0.11:15148]|listeners:[], old=null
2024-03-15 21:39:01,955 [455def2e-61ff-4e49-9c6f-295594c4a0b8-groupManagement] INFO  server.RaftServer$Division (RaftServerImpl.java:setRole(383)) - 455def2e-61ff-4e49-9c6f-295594c4a0b8@group-E417F808F81D: changes role from      null to FOLLOWER at term 0 for startAsFollower
2024-03-15 21:39:01,955 [455def2e-61ff-4e49-9c6f-295594c4a0b8-groupManagement] INFO  impl.RoleInfo (RoleInfo.java:updateAndGet(139)) - 455def2e-61ff-4e49-9c6f-295594c4a0b8: start 455def2e-61ff-4e49-9c6f-295594c4a0b8@group-E417F808F81D-FollowerState
2024-03-15 21:39:01,955 [455def2e-61ff-4e49-9c6f-295594c4a0b8@group-E417F808F81D-FollowerState] INFO  server.RaftServerConfigKeys (ConfUtils.java:logFallback(53)) - raft.server.rpc.first-election.timeout.min = 5s (fallback to raft.server.rpc.timeout.min)
2024-03-15 21:39:01,955 [455def2e-61ff-4e49-9c6f-295594c4a0b8-groupManagement] INFO  util.JmxRegister (JmxRegister.java:tryRegister(44)) - Successfully registered JMX Bean with object name Ratis:service=RaftServer,group=group-E417F808F81D,id=455def2e-61ff-4e49-9c6f-295594c4a0b8
2024-03-15 21:39:01,955 [455def2e-61ff-4e49-9c6f-295594c4a0b8@group-E417F808F81D-FollowerState] INFO  server.RaftServerConfigKeys (ConfUtils.java:logFallback(53)) - raft.server.rpc.first-election.timeout.max = 5200ms (fallback to raft.server.rpc.timeout.max)
2024-03-15 21:39:01,955 [455def2e-61ff-4e49-9c6f-295594c4a0b8-groupManagement] INFO  server.RaftServerConfigKeys (ConfUtils.java:logGet(46)) - raft.server.snapshot.trigger-when-stop.enabled = true (default)
2024-03-15 21:39:01,955 [455def2e-61ff-4e49-9c6f-295594c4a0b8-groupManagement] INFO  server.RaftServerConfigKeys (ConfUtils.java:logGet(46)) - raft.server.snapshot.auto.trigger.enabled = true (custom)
2024-03-15 21:39:01,956 [455def2e-61ff-4e49-9c6f-295594c4a0b8-groupManagement] INFO  server.RaftServerConfigKeys (ConfUtils.java:logGet(46)) - raft.server.snapshot.auto.trigger.threshold = 10000 (custom)
2024-03-15 21:39:01,956 [455def2e-61ff-4e49-9c6f-295594c4a0b8-groupManagement] INFO  server.RaftServerConfigKeys (ConfUtils.java:logGet(46)) - raft.server.snapshot.retention.file.num = 5 (custom)
2024-03-15 21:39:01,956 [455def2e-61ff-4e49-9c6f-295594c4a0b8-groupManagement] INFO  server.RaftServerConfigKeys (ConfUtils.java:logGet(46)) - raft.server.log.purge.upto.snapshot.index = false (default)
2024-03-15 21:39:01,956 [455def2e-61ff-4e49-9c6f-295594c4a0b8-PipelineCommandHandlerThread-0] INFO  ratis.XceiverServerRatis (XceiverServerRatis.java:addGroup(864)) - Created group PipelineID=bf539d78-5e63-4770-a86b-e417f808f81d
2024-03-15 21:39:01,956 [455def2e-61ff-4e49-9c6f-295594c4a0b8-PipelineCommandHandlerThread-0] INFO  commandhandler.CreatePipelineCommandHandler (CreatePipelineCommandHandler.java:lambda$handle$2(124)) - Created Pipeline RATIS ONE PipelineID=bf539d78-5e63-4770-a86b-e417f808f81d.
2024-03-15 21:39:02,044 [e952460c-8236-4bec-b567-d040e1d0e4f9-PipelineCommandHandlerThread-0] INFO  server.RaftServer (RaftServerProxy.java:addNew(100)) - e952460c-8236-4bec-b567-d040e1d0e4f9: addNew group-24E35B55F1E5:[e952460c-8236-4bec-b567-d040e1d0e4f9|10.1.0.11:15157] returns group-24E35B55F1E5:java.util.concurrent.CompletableFuture@33f3a2a1[Not completed]
2024-03-15 21:39:02,045 [e952460c-8236-4bec-b567-d040e1d0e4f9-groupManagement] INFO  server.RaftServer$Division (RaftServerImpl.java:<init>(256)) - e952460c-8236-4bec-b567-d040e1d0e4f9: new RaftServerImpl for group-24E35B55F1E5:[e952460c-8236-4bec-b567-d040e1d0e4f9|10.1.0.11:15157] with ContainerStateMachine:uninitialized
2024-03-15 21:39:02,045 [e952460c-8236-4bec-b567-d040e1d0e4f9-groupManagement] INFO  server.RaftServerConfigKeys (ConfUtils.java:logGet(46)) - raft.server.rpc.timeout.min = 5s (custom)
2024-03-15 21:39:02,045 [e952460c-8236-4bec-b567-d040e1d0e4f9-groupManagement] INFO  server.RaftServerConfigKeys (ConfUtils.java:logGet(46)) - raft.server.rpc.timeout.max = 5200ms (custom)
2024-03-15 21:39:02,045 [e952460c-8236-4bec-b567-d040e1d0e4f9-groupManagement] INFO  server.RaftServerConfigKeys (ConfUtils.java:logGet(46)) - raft.server.rpc.sleep.time = 25ms (default)
2024-03-15 21:39:02,045 [e952460c-8236-4bec-b567-d040e1d0e4f9-groupManagement] INFO  server.RaftServerConfigKeys (ConfUtils.java:logGet(46)) - raft.server.rpc.slowness.timeout = 300000ms (custom)
2024-03-15 21:39:02,045 [e952460c-8236-4bec-b567-d040e1d0e4f9-groupManagement] INFO  server.RaftServerConfigKeys (ConfUtils.java:logGet(46)) - raft.server.leaderelection.leader.step-down.wait-time = 10s (default)
2024-03-15 21:39:02,045 [e952460c-8236-4bec-b567-d040e1d0e4f9-groupManagement] INFO  server.RaftServerConfigKeys (ConfUtils.java:logGet(46)) - raft.server.leaderelection.member.majority-add = false (default)
2024-03-15 21:39:02,045 [e952460c-8236-4bec-b567-d040e1d0e4f9-groupManagement] INFO  server.RaftServerConfigKeys (ConfUtils.java:logGet(46)) - raft.server.sleep.deviation.threshold = 300ms (default)
2024-03-15 21:39:02,045 [e952460c-8236-4bec-b567-d040e1d0e4f9-groupManagement] INFO  server.RaftServer$Division (ServerState.java:<init>(113)) - e952460c-8236-4bec-b567-d040e1d0e4f9@group-24E35B55F1E5: ConfigurationManager, init=-1: peers:[e952460c-8236-4bec-b567-d040e1d0e4f9|10.1.0.11:15157]|listeners:[], old=null, confs=<EMPTY_MAP>
2024-03-15 21:39:02,045 [e952460c-8236-4bec-b567-d040e1d0e4f9-groupManagement] INFO  server.RaftServerConfigKeys (ConfUtils.java:logGet(46)) - raft.server.notification.no-leader.timeout = 300000ms (custom)
2024-03-15 21:39:02,046 [e952460c-8236-4bec-b567-d040e1d0e4f9-groupManagement] INFO  server.RaftServerConfigKeys (ConfUtils.java:logGet(46)) - raft.server.read.timeout = 10s (default)
2024-03-15 21:39:02,046 [e952460c-8236-4bec-b567-d040e1d0e4f9-groupManagement] INFO  server.RaftServerConfigKeys (ConfUtils.java:logGet(46)) - raft.server.retrycache.expirytime = 600000ms (custom)
2024-03-15 21:39:02,046 [e952460c-8236-4bec-b567-d040e1d0e4f9-groupManagement] INFO  server.RaftServerConfigKeys (ConfUtils.java:logGet(46)) - raft.server.retrycache.statistics.expirytime = 100ms (default)
2024-03-15 21:39:02,046 [e952460c-8236-4bec-b567-d040e1d0e4f9-groupManagement] INFO  server.RaftServerConfigKeys (ConfUtils.java:logGet(46)) - raft.server.read.option = DEFAULT (default)
2024-03-15 21:39:02,046 [e952460c-8236-4bec-b567-d040e1d0e4f9-groupManagement] INFO  server.RaftServerConfigKeys (ConfUtils.java:logGet(46)) - raft.server.read.read-after-write-consistent.write-index-cache.expiry-time = 60s (default)
2024-03-15 21:39:02,048 [e952460c-8236-4bec-b567-d040e1d0e4f9-groupManagement] INFO  server.RaftServerConfigKeys (ConfUtils.java:logGet(46)) - raft.server.rpc.request.timeout = 3000ms (default)
2024-03-15 21:39:02,048 [e952460c-8236-4bec-b567-d040e1d0e4f9-groupManagement] INFO  server.RaftServerConfigKeys (ConfUtils.java:logGet(46)) - raft.server.log.appender.install.snapshot.enabled = false (custom)
2024-03-15 21:39:02,048 [e952460c-8236-4bec-b567-d040e1d0e4f9-groupManagement] INFO  server.RaftServerConfigKeys (ConfUtils.java:logGet(46)) - raft.server.threadpool.server.cached = true (default)
2024-03-15 21:39:02,048 [e952460c-8236-4bec-b567-d040e1d0e4f9-groupManagement] INFO  server.RaftServerConfigKeys (ConfUtils.java:logGet(46)) - raft.server.threadpool.server.size = 0 (default)
2024-03-15 21:39:02,048 [e952460c-8236-4bec-b567-d040e1d0e4f9-groupManagement] INFO  server.RaftServerConfigKeys (ConfUtils.java:logGet(46)) - raft.server.threadpool.client.cached = true (default)
2024-03-15 21:39:02,048 [e952460c-8236-4bec-b567-d040e1d0e4f9-groupManagement] INFO  server.RaftServerConfigKeys (ConfUtils.java:logGet(46)) - raft.server.threadpool.client.size = 0 (default)
2024-03-15 21:39:02,048 [e952460c-8236-4bec-b567-d040e1d0e4f9-groupManagement] INFO  server.RaftServerConfigKeys (ConfUtils.java:logGet(46)) - raft.server.storage.free-space.min = 0MB (=0) (default)
2024-03-15 21:39:02,048 [e952460c-8236-4bec-b567-d040e1d0e4f9-groupManagement] INFO  server.RaftServerConfigKeys (ConfUtils.java:logGet(46)) - raft.server.log.corruption.policy = EXCEPTION (default)
2024-03-15 21:39:02,048 [e952460c-8236-4bec-b567-d040e1d0e4f9-groupManagement] INFO  server.RaftServerConfigKeys (ConfUtils.java:logGet(46)) - raft.server.storage.dir = [/home/runner/work/ozone/ozone/hadoop-ozone/integration-test/target/test-dir/MiniOzoneClusterImpl-3a4de177-78ca-4f6d-b60b-6b5c736a6a4e/ozone-meta/datanode-7/ratis] (custom)
2024-03-15 21:39:02,049 [e952460c-8236-4bec-b567-d040e1d0e4f9-groupManagement] INFO  storage.RaftStorageDirectory (RaftStorageDirectoryImpl.java:analyzeStorage(138)) - The storage directory /home/runner/work/ozone/ozone/hadoop-ozone/integration-test/target/test-dir/MiniOzoneClusterImpl-3a4de177-78ca-4f6d-b60b-6b5c736a6a4e/ozone-meta/datanode-7/ratis/a5babb15-4020-4f26-8753-24e35b55f1e5 does not exist. Creating ...
2024-03-15 21:39:02,050 [e952460c-8236-4bec-b567-d040e1d0e4f9-groupManagement] INFO  storage.RaftStorageDirectory (RaftStorageDirectoryImpl.java:tryLock(228)) - Lock on /home/runner/work/ozone/ozone/hadoop-ozone/integration-test/target/test-dir/MiniOzoneClusterImpl-3a4de177-78ca-4f6d-b60b-6b5c736a6a4e/ozone-meta/datanode-7/ratis/a5babb15-4020-4f26-8753-24e35b55f1e5/in_use.lock acquired by nodename 60682@fv-az528-102
2024-03-15 21:39:02,050 [e952460c-8236-4bec-b567-d040e1d0e4f9-groupManagement] INFO  storage.RaftStorage (RaftStorageImpl.java:format(99)) - Storage directory /home/runner/work/ozone/ozone/hadoop-ozone/integration-test/target/test-dir/MiniOzoneClusterImpl-3a4de177-78ca-4f6d-b60b-6b5c736a6a4e/ozone-meta/datanode-7/ratis/a5babb15-4020-4f26-8753-24e35b55f1e5 has been successfully formatted.
2024-03-15 21:39:02,051 [e952460c-8236-4bec-b567-d040e1d0e4f9-groupManagement] WARN  util.FileUtils (LogUtils.java:supplyAndLog(63)) - Failed to Files.newInputStream /home/runner/work/ozone/ozone/hadoop-ozone/integration-test/target/test-dir/MiniOzoneClusterImpl-3a4de177-78ca-4f6d-b60b-6b5c736a6a4e/ozone-meta/datanode-7/ratis/a5babb15-4020-4f26-8753-24e35b55f1e5/current/raft-meta.conf with options []: java.nio.file.NoSuchFileException: /home/runner/work/ozone/ozone/hadoop-ozone/integration-test/target/test-dir/MiniOzoneClusterImpl-3a4de177-78ca-4f6d-b60b-6b5c736a6a4e/ozone-meta/datanode-7/ratis/a5babb15-4020-4f26-8753-24e35b55f1e5/current/raft-meta.conf
2024-03-15 21:39:02,052 [e952460c-8236-4bec-b567-d040e1d0e4f9-groupManagement] INFO  ratis.ContainerStateMachine (ContainerStateMachine.java:loadSnapshot(287)) - group-24E35B55F1E5: The snapshot info is null. Setting the last applied index to:(t:0, i:~)
2024-03-15 21:39:02,052 [e952460c-8236-4bec-b567-d040e1d0e4f9-groupManagement] INFO  server.RaftServerConfigKeys (ConfUtils.java:logGet(46)) - raft.server.log.use.memory = false (default)
2024-03-15 21:39:02,052 [e952460c-8236-4bec-b567-d040e1d0e4f9-groupManagement] INFO  server.RaftServerConfigKeys (ConfUtils.java:logGet(46)) - raft.server.log.purge.gap = 1000000 (custom)
2024-03-15 21:39:02,052 [e952460c-8236-4bec-b567-d040e1d0e4f9-groupManagement] INFO  server.RaftServerConfigKeys (ConfUtils.java:logGet(46)) - raft.server.log.appender.buffer.byte-limit = 8388608 (custom)
2024-03-15 21:39:02,052 [e952460c-8236-4bec-b567-d040e1d0e4f9-groupManagement] INFO  server.RaftServerConfigKeys (ConfUtils.java:logGet(46)) - raft.server.log.statemachine.data.read.timeout = 1000ms (default)
2024-03-15 21:39:02,052 [e952460c-8236-4bec-b567-d040e1d0e4f9-groupManagement] INFO  server.RaftServerConfigKeys (ConfUtils.java:logGet(46)) - raft.server.log.purge.preservation.log.num = 0 (default)
2024-03-15 21:39:02,053 [EventQueue-PipelineReportForPipelineReportHandler] INFO  pipeline.PipelineReportHandler (PipelineReportHandler.java:processPipelineReport(136)) - Opened pipeline PipelineID=a5babb15-4020-4f26-8753-24e35b55f1e5
2024-03-15 21:39:02,053 [EventQueue-OpenPipelineForHealthyPipelineSafeModeRule] INFO  safemode.SCMSafeModeManager (HealthyPipelineSafeModeRule.java:process(140)) - SCM in safe mode. Healthy pipelines reported count is 0, required healthy pipeline reported count is 1
2024-03-15 21:39:02,053 [e952460c-8236-4bec-b567-d040e1d0e4f9-groupManagement] INFO  server.RaftServerConfigKeys (ConfUtils.java:logGet(46)) - raft.server.log.segment.size.max = 67108864 (custom)
2024-03-15 21:39:02,054 [e952460c-8236-4bec-b567-d040e1d0e4f9-groupManagement] INFO  server.RaftServerConfigKeys (ConfUtils.java:logGet(46)) - raft.server.log.segment.cache.num.max = 2 (custom)
2024-03-15 21:39:02,054 [e952460c-8236-4bec-b567-d040e1d0e4f9-groupManagement] INFO  server.RaftServerConfigKeys (ConfUtils.java:logGet(46)) - raft.server.log.segment.cache.size.max = 200MB (=209715200) (default)
2024-03-15 21:39:02,054 [e952460c-8236-4bec-b567-d040e1d0e4f9-groupManagement] INFO  server.RaftServerConfigKeys (ConfUtils.java:logGet(46)) - raft.server.log.appender.buffer.byte-limit = 8388608 (custom)
2024-03-15 21:39:02,054 [e952460c-8236-4bec-b567-d040e1d0e4f9-groupManagement] INFO  util.AwaitToRun (AwaitToRun.java:start(81)) - Thread[e952460c-8236-4bec-b567-d040e1d0e4f9@group-24E35B55F1E5-cacheEviction-AwaitToRun,5,main] started
2024-03-15 21:39:02,054 [e952460c-8236-4bec-b567-d040e1d0e4f9-groupManagement] INFO  segmented.SegmentedRaftLogWorker (SegmentedRaftLogWorker.java:<init>(182)) - new e952460c-8236-4bec-b567-d040e1d0e4f9@group-24E35B55F1E5-SegmentedRaftLogWorker for RaftStorageImpl:Storage Directory /home/runner/work/ozone/ozone/hadoop-ozone/integration-test/target/test-dir/MiniOzoneClusterImpl-3a4de177-78ca-4f6d-b60b-6b5c736a6a4e/ozone-meta/datanode-7/ratis/a5babb15-4020-4f26-8753-24e35b55f1e5
2024-03-15 21:39:02,054 [e952460c-8236-4bec-b567-d040e1d0e4f9-groupManagement] INFO  server.RaftServerConfigKeys (ConfUtils.java:logGet(46)) - raft.server.log.queue.byte-limit = 4294967296 (custom)
2024-03-15 21:39:02,054 [e952460c-8236-4bec-b567-d040e1d0e4f9-groupManagement] INFO  server.RaftServerConfigKeys (ConfUtils.java:logGet(46)) - raft.server.log.queue.element-limit = 1024 (custom)
2024-03-15 21:39:02,054 [e952460c-8236-4bec-b567-d040e1d0e4f9-groupManagement] INFO  server.RaftServerConfigKeys (ConfUtils.java:logGet(46)) - raft.server.log.segment.size.max = 67108864 (custom)
2024-03-15 21:39:02,054 [e952460c-8236-4bec-b567-d040e1d0e4f9-groupManagement] INFO  server.RaftServerConfigKeys (ConfUtils.java:logGet(46)) - raft.server.log.preallocated.size = 4194304 (custom)
2024-03-15 21:39:02,054 [e952460c-8236-4bec-b567-d040e1d0e4f9-groupManagement] INFO  server.RaftServerConfigKeys (ConfUtils.java:logGet(46)) - raft.server.log.force.sync.num = 128 (default)
2024-03-15 21:39:02,055 [e952460c-8236-4bec-b567-d040e1d0e4f9-groupManagement] INFO  server.RaftServerConfigKeys (ConfUtils.java:logGet(46)) - raft.server.log.statemachine.data.sync = true (default)
2024-03-15 21:39:02,055 [e952460c-8236-4bec-b567-d040e1d0e4f9-groupManagement] INFO  server.RaftServerConfigKeys (ConfUtils.java:logGet(46)) - raft.server.log.statemachine.data.sync.timeout = 10s (default)
2024-03-15 21:39:02,055 [e952460c-8236-4bec-b567-d040e1d0e4f9-groupManagement] INFO  server.RaftServerConfigKeys (ConfUtils.java:logGet(46)) - raft.server.log.statemachine.data.sync.timeout.retry = 0 (custom)
2024-03-15 21:39:02,055 [e952460c-8236-4bec-b567-d040e1d0e4f9-groupManagement] INFO  server.RaftServerConfigKeys (ConfUtils.java:logGet(46)) - raft.server.log.write.buffer.size = 8388616 (custom)
2024-03-15 21:39:02,056 [e952460c-8236-4bec-b567-d040e1d0e4f9-groupManagement] INFO  server.RaftServerConfigKeys (ConfUtils.java:logGet(46)) - raft.server.log.appender.buffer.byte-limit = 8388608 (custom)
2024-03-15 21:39:02,056 [e952460c-8236-4bec-b567-d040e1d0e4f9-groupManagement] INFO  server.RaftServerConfigKeys (ConfUtils.java:logGet(46)) - raft.server.log.unsafe-flush.enabled = false (default)
2024-03-15 21:39:02,056 [e952460c-8236-4bec-b567-d040e1d0e4f9-groupManagement] INFO  server.RaftServerConfigKeys (ConfUtils.java:logGet(46)) - raft.server.log.async-flush.enabled = false (default)
2024-03-15 21:39:02,056 [e952460c-8236-4bec-b567-d040e1d0e4f9-groupManagement] INFO  server.RaftServerConfigKeys (ConfUtils.java:logGet(46)) - raft.server.log.statemachine.data.caching.enabled = true (custom)
2024-03-15 21:39:02,056 [e952460c-8236-4bec-b567-d040e1d0e4f9-groupManagement] INFO  segmented.SegmentedRaftLogWorker (SegmentedRaftLogWorker.java:lambda$new$0(134)) - e952460c-8236-4bec-b567-d040e1d0e4f9@group-24E35B55F1E5-SegmentedRaftLogWorker: flushIndex: setUnconditionally 0 -> -1
2024-03-15 21:39:02,056 [e952460c-8236-4bec-b567-d040e1d0e4f9-groupManagement] INFO  segmented.SegmentedRaftLogWorker (SegmentedRaftLogWorker.java:lambda$new$0(134)) - e952460c-8236-4bec-b567-d040e1d0e4f9@group-24E35B55F1E5-SegmentedRaftLogWorker: safeCacheEvictIndex: setUnconditionally 0 -> -1
2024-03-15 21:39:02,057 [e952460c-8236-4bec-b567-d040e1d0e4f9-groupManagement] INFO  server.RaftServer$Division (RaftServerImpl.java:start(396)) - e952460c-8236-4bec-b567-d040e1d0e4f9@group-24E35B55F1E5: start as a follower, conf=-1: peers:[e952460c-8236-4bec-b567-d040e1d0e4f9|10.1.0.11:15157]|listeners:[], old=null
2024-03-15 21:39:02,057 [e952460c-8236-4bec-b567-d040e1d0e4f9-groupManagement] INFO  server.RaftServer$Division (RaftServerImpl.java:setRole(383)) - e952460c-8236-4bec-b567-d040e1d0e4f9@group-24E35B55F1E5: changes role from      null to FOLLOWER at term 0 for startAsFollower
2024-03-15 21:39:02,057 [e952460c-8236-4bec-b567-d040e1d0e4f9-groupManagement] INFO  impl.RoleInfo (RoleInfo.java:updateAndGet(139)) - e952460c-8236-4bec-b567-d040e1d0e4f9: start e952460c-8236-4bec-b567-d040e1d0e4f9@group-24E35B55F1E5-FollowerState
2024-03-15 21:39:02,057 [e952460c-8236-4bec-b567-d040e1d0e4f9-groupManagement] INFO  util.JmxRegister (JmxRegister.java:tryRegister(44)) - Successfully registered JMX Bean with object name Ratis:service=RaftServer,group=group-24E35B55F1E5,id=e952460c-8236-4bec-b567-d040e1d0e4f9
2024-03-15 21:39:02,057 [e952460c-8236-4bec-b567-d040e1d0e4f9@group-24E35B55F1E5-FollowerState] INFO  server.RaftServerConfigKeys (ConfUtils.java:logFallback(53)) - raft.server.rpc.first-election.timeout.min = 5s (fallback to raft.server.rpc.timeout.min)
2024-03-15 21:39:02,057 [e952460c-8236-4bec-b567-d040e1d0e4f9-groupManagement] INFO  server.RaftServerConfigKeys (ConfUtils.java:logGet(46)) - raft.server.snapshot.trigger-when-stop.enabled = true (default)
2024-03-15 21:39:02,057 [e952460c-8236-4bec-b567-d040e1d0e4f9@group-24E35B55F1E5-FollowerState] INFO  server.RaftServerConfigKeys (ConfUtils.java:logFallback(53)) - raft.server.rpc.first-election.timeout.max = 5200ms (fallback to raft.server.rpc.timeout.max)
2024-03-15 21:39:02,057 [e952460c-8236-4bec-b567-d040e1d0e4f9-groupManagement] INFO  server.RaftServerConfigKeys (ConfUtils.java:logGet(46)) - raft.server.snapshot.auto.trigger.enabled = true (custom)
2024-03-15 21:39:02,057 [e952460c-8236-4bec-b567-d040e1d0e4f9-groupManagement] INFO  server.RaftServerConfigKeys (ConfUtils.java:logGet(46)) - raft.server.snapshot.auto.trigger.threshold = 10000 (custom)
2024-03-15 21:39:02,057 [e952460c-8236-4bec-b567-d040e1d0e4f9-groupManagement] INFO  server.RaftServerConfigKeys (ConfUtils.java:logGet(46)) - raft.server.snapshot.retention.file.num = 5 (custom)
2024-03-15 21:39:02,057 [e952460c-8236-4bec-b567-d040e1d0e4f9-groupManagement] INFO  server.RaftServerConfigKeys (ConfUtils.java:logGet(46)) - raft.server.log.purge.upto.snapshot.index = false (default)
2024-03-15 21:39:02,058 [e952460c-8236-4bec-b567-d040e1d0e4f9-PipelineCommandHandlerThread-0] INFO  ratis.XceiverServerRatis (XceiverServerRatis.java:addGroup(864)) - Created group PipelineID=a5babb15-4020-4f26-8753-24e35b55f1e5
2024-03-15 21:39:02,058 [e952460c-8236-4bec-b567-d040e1d0e4f9-PipelineCommandHandlerThread-0] INFO  commandhandler.CreatePipelineCommandHandler (CreatePipelineCommandHandler.java:lambda$handle$2(124)) - Created Pipeline RATIS ONE PipelineID=a5babb15-4020-4f26-8753-24e35b55f1e5.
2024-03-15 21:39:02,058 [e952460c-8236-4bec-b567-d040e1d0e4f9-PipelineCommandHandlerThread-0] INFO  server.RaftServer (RaftServerProxy.java:addNew(100)) - e952460c-8236-4bec-b567-d040e1d0e4f9: addNew group-FF386EC77000:[e952460c-8236-4bec-b567-d040e1d0e4f9|10.1.0.11:15157, 8b353431-6b66-4460-9602-55c815b93317|10.1.0.11:15175, e76b1ec9-b399-499f-a8ce-a1f080404f38|10.1.0.11:15166] returns group-FF386EC77000:java.util.concurrent.CompletableFuture@37cc3007[Not completed]
2024-03-15 21:39:02,059 [e952460c-8236-4bec-b567-d040e1d0e4f9-groupManagement] INFO  server.RaftServer$Division (RaftServerImpl.java:<init>(256)) - e952460c-8236-4bec-b567-d040e1d0e4f9: new RaftServerImpl for group-FF386EC77000:[e952460c-8236-4bec-b567-d040e1d0e4f9|10.1.0.11:15157, 8b353431-6b66-4460-9602-55c815b93317|10.1.0.11:15175, e76b1ec9-b399-499f-a8ce-a1f080404f38|10.1.0.11:15166] with ContainerStateMachine:uninitialized
2024-03-15 21:39:02,059 [e952460c-8236-4bec-b567-d040e1d0e4f9-groupManagement] INFO  server.RaftServerConfigKeys (ConfUtils.java:logGet(46)) - raft.server.rpc.timeout.min = 5s (custom)
2024-03-15 21:39:02,059 [e952460c-8236-4bec-b567-d040e1d0e4f9-groupManagement] INFO  server.RaftServerConfigKeys (ConfUtils.java:logGet(46)) - raft.server.rpc.timeout.max = 5200ms (custom)
2024-03-15 21:39:02,059 [e952460c-8236-4bec-b567-d040e1d0e4f9-groupManagement] INFO  server.RaftServerConfigKeys (ConfUtils.java:logGet(46)) - raft.server.rpc.sleep.time = 25ms (default)
2024-03-15 21:39:02,059 [e952460c-8236-4bec-b567-d040e1d0e4f9-groupManagement] INFO  server.RaftServerConfigKeys (ConfUtils.java:logGet(46)) - raft.server.rpc.slowness.timeout = 300000ms (custom)
2024-03-15 21:39:02,059 [e952460c-8236-4bec-b567-d040e1d0e4f9-groupManagement] INFO  server.RaftServerConfigKeys (ConfUtils.java:logGet(46)) - raft.server.leaderelection.leader.step-down.wait-time = 10s (default)
2024-03-15 21:39:02,059 [e952460c-8236-4bec-b567-d040e1d0e4f9-groupManagement] INFO  server.RaftServerConfigKeys (ConfUtils.java:logGet(46)) - raft.server.leaderelection.member.majority-add = false (default)
2024-03-15 21:39:02,059 [e952460c-8236-4bec-b567-d040e1d0e4f9-groupManagement] INFO  server.RaftServerConfigKeys (ConfUtils.java:logGet(46)) - raft.server.sleep.deviation.threshold = 300ms (default)
2024-03-15 21:39:02,059 [e952460c-8236-4bec-b567-d040e1d0e4f9-groupManagement] INFO  server.RaftServer$Division (ServerState.java:<init>(113)) - e952460c-8236-4bec-b567-d040e1d0e4f9@group-FF386EC77000: ConfigurationManager, init=-1: peers:[e952460c-8236-4bec-b567-d040e1d0e4f9|10.1.0.11:15157, 8b353431-6b66-4460-9602-55c815b93317|10.1.0.11:15175, e76b1ec9-b399-499f-a8ce-a1f080404f38|10.1.0.11:15166]|listeners:[], old=null, confs=<EMPTY_MAP>
2024-03-15 21:39:02,059 [e952460c-8236-4bec-b567-d040e1d0e4f9-groupManagement] INFO  server.RaftServerConfigKeys (ConfUtils.java:logGet(46)) - raft.server.notification.no-leader.timeout = 300000ms (custom)
2024-03-15 21:39:02,060 [e952460c-8236-4bec-b567-d040e1d0e4f9-groupManagement] INFO  server.RaftServerConfigKeys (ConfUtils.java:logGet(46)) - raft.server.read.timeout = 10s (default)
2024-03-15 21:39:02,060 [e952460c-8236-4bec-b567-d040e1d0e4f9-groupManagement] INFO  server.RaftServerConfigKeys (ConfUtils.java:logGet(46)) - raft.server.retrycache.expirytime = 600000ms (custom)
2024-03-15 21:39:02,060 [e952460c-8236-4bec-b567-d040e1d0e4f9-groupManagement] INFO  server.RaftServerConfigKeys (ConfUtils.java:logGet(46)) - raft.server.retrycache.statistics.expirytime = 100ms (default)
2024-03-15 21:39:02,060 [e952460c-8236-4bec-b567-d040e1d0e4f9-groupManagement] INFO  server.RaftServerConfigKeys (ConfUtils.java:logGet(46)) - raft.server.read.option = DEFAULT (default)
2024-03-15 21:39:02,060 [e952460c-8236-4bec-b567-d040e1d0e4f9-groupManagement] INFO  server.RaftServerConfigKeys (ConfUtils.java:logGet(46)) - raft.server.read.read-after-write-consistent.write-index-cache.expiry-time = 60s (default)
2024-03-15 21:39:02,062 [e952460c-8236-4bec-b567-d040e1d0e4f9-groupManagement] INFO  server.RaftServerConfigKeys (ConfUtils.java:logGet(46)) - raft.server.rpc.request.timeout = 3000ms (default)
2024-03-15 21:39:02,062 [e952460c-8236-4bec-b567-d040e1d0e4f9-groupManagement] INFO  server.RaftServerConfigKeys (ConfUtils.java:logGet(46)) - raft.server.log.appender.install.snapshot.enabled = false (custom)
2024-03-15 21:39:02,062 [e952460c-8236-4bec-b567-d040e1d0e4f9-groupManagement] INFO  server.RaftServerConfigKeys (ConfUtils.java:logGet(46)) - raft.server.threadpool.server.cached = true (default)
2024-03-15 21:39:02,062 [e952460c-8236-4bec-b567-d040e1d0e4f9-groupManagement] INFO  server.RaftServerConfigKeys (ConfUtils.java:logGet(46)) - raft.server.threadpool.server.size = 0 (default)
2024-03-15 21:39:02,062 [e952460c-8236-4bec-b567-d040e1d0e4f9-groupManagement] INFO  server.RaftServerConfigKeys (ConfUtils.java:logGet(46)) - raft.server.threadpool.client.cached = true (default)
2024-03-15 21:39:02,062 [e952460c-8236-4bec-b567-d040e1d0e4f9-groupManagement] INFO  server.RaftServerConfigKeys (ConfUtils.java:logGet(46)) - raft.server.threadpool.client.size = 0 (default)
2024-03-15 21:39:02,062 [e952460c-8236-4bec-b567-d040e1d0e4f9-groupManagement] INFO  server.RaftServerConfigKeys (ConfUtils.java:logGet(46)) - raft.server.storage.free-space.min = 0MB (=0) (default)
2024-03-15 21:39:02,062 [e952460c-8236-4bec-b567-d040e1d0e4f9-groupManagement] INFO  server.RaftServerConfigKeys (ConfUtils.java:logGet(46)) - raft.server.log.corruption.policy = EXCEPTION (default)
2024-03-15 21:39:02,062 [e952460c-8236-4bec-b567-d040e1d0e4f9-groupManagement] INFO  server.RaftServerConfigKeys (ConfUtils.java:logGet(46)) - raft.server.storage.dir = [/home/runner/work/ozone/ozone/hadoop-ozone/integration-test/target/test-dir/MiniOzoneClusterImpl-3a4de177-78ca-4f6d-b60b-6b5c736a6a4e/ozone-meta/datanode-7/ratis] (custom)
2024-03-15 21:39:02,063 [e952460c-8236-4bec-b567-d040e1d0e4f9-groupManagement] INFO  storage.RaftStorageDirectory (RaftStorageDirectoryImpl.java:analyzeStorage(138)) - The storage directory /home/runner/work/ozone/ozone/hadoop-ozone/integration-test/target/test-dir/MiniOzoneClusterImpl-3a4de177-78ca-4f6d-b60b-6b5c736a6a4e/ozone-meta/datanode-7/ratis/d0b92eac-8624-4392-91d7-ff386ec77000 does not exist. Creating ...
2024-03-15 21:39:02,063 [e952460c-8236-4bec-b567-d040e1d0e4f9-groupManagement] INFO  storage.RaftStorageDirectory (RaftStorageDirectoryImpl.java:tryLock(228)) - Lock on /home/runner/work/ozone/ozone/hadoop-ozone/integration-test/target/test-dir/MiniOzoneClusterImpl-3a4de177-78ca-4f6d-b60b-6b5c736a6a4e/ozone-meta/datanode-7/ratis/d0b92eac-8624-4392-91d7-ff386ec77000/in_use.lock acquired by nodename 60682@fv-az528-102
2024-03-15 21:39:02,064 [e952460c-8236-4bec-b567-d040e1d0e4f9-groupManagement] INFO  storage.RaftStorage (RaftStorageImpl.java:format(99)) - Storage directory /home/runner/work/ozone/ozone/hadoop-ozone/integration-test/target/test-dir/MiniOzoneClusterImpl-3a4de177-78ca-4f6d-b60b-6b5c736a6a4e/ozone-meta/datanode-7/ratis/d0b92eac-8624-4392-91d7-ff386ec77000 has been successfully formatted.
2024-03-15 21:39:02,064 [e952460c-8236-4bec-b567-d040e1d0e4f9-groupManagement] WARN  util.FileUtils (LogUtils.java:supplyAndLog(63)) - Failed to Files.newInputStream /home/runner/work/ozone/ozone/hadoop-ozone/integration-test/target/test-dir/MiniOzoneClusterImpl-3a4de177-78ca-4f6d-b60b-6b5c736a6a4e/ozone-meta/datanode-7/ratis/d0b92eac-8624-4392-91d7-ff386ec77000/current/raft-meta.conf with options []: java.nio.file.NoSuchFileException: /home/runner/work/ozone/ozone/hadoop-ozone/integration-test/target/test-dir/MiniOzoneClusterImpl-3a4de177-78ca-4f6d-b60b-6b5c736a6a4e/ozone-meta/datanode-7/ratis/d0b92eac-8624-4392-91d7-ff386ec77000/current/raft-meta.conf
2024-03-15 21:39:02,065 [e952460c-8236-4bec-b567-d040e1d0e4f9-groupManagement] INFO  ratis.ContainerStateMachine (ContainerStateMachine.java:loadSnapshot(287)) - group-FF386EC77000: The snapshot info is null. Setting the last applied index to:(t:0, i:~)
2024-03-15 21:39:02,065 [e952460c-8236-4bec-b567-d040e1d0e4f9-groupManagement] INFO  server.RaftServerConfigKeys (ConfUtils.java:logGet(46)) - raft.server.log.use.memory = false (default)
2024-03-15 21:39:02,065 [e952460c-8236-4bec-b567-d040e1d0e4f9-groupManagement] INFO  server.RaftServerConfigKeys (ConfUtils.java:logGet(46)) - raft.server.log.purge.gap = 1000000 (custom)
2024-03-15 21:39:02,065 [e952460c-8236-4bec-b567-d040e1d0e4f9-groupManagement] INFO  server.RaftServerConfigKeys (ConfUtils.java:logGet(46)) - raft.server.log.appender.buffer.byte-limit = 8388608 (custom)
2024-03-15 21:39:02,065 [e952460c-8236-4bec-b567-d040e1d0e4f9-groupManagement] INFO  server.RaftServerConfigKeys (ConfUtils.java:logGet(46)) - raft.server.log.statemachine.data.read.timeout = 1000ms (default)
2024-03-15 21:39:02,065 [e952460c-8236-4bec-b567-d040e1d0e4f9-groupManagement] INFO  server.RaftServerConfigKeys (ConfUtils.java:logGet(46)) - raft.server.log.purge.preservation.log.num = 0 (default)
2024-03-15 21:39:02,066 [EventQueue-OpenPipelineForHealthyPipelineSafeModeRule] INFO  safemode.SCMSafeModeManager (HealthyPipelineSafeModeRule.java:process(140)) - SCM in safe mode. Healthy pipelines reported count is 0, required healthy pipeline reported count is 1
2024-03-15 21:39:02,066 [e952460c-8236-4bec-b567-d040e1d0e4f9-groupManagement] INFO  server.RaftServerConfigKeys (ConfUtils.java:logGet(46)) - raft.server.log.segment.size.max = 67108864 (custom)
2024-03-15 21:39:02,067 [e952460c-8236-4bec-b567-d040e1d0e4f9-groupManagement] INFO  server.RaftServerConfigKeys (ConfUtils.java:logGet(46)) - raft.server.log.segment.cache.num.max = 2 (custom)
2024-03-15 21:39:02,067 [e952460c-8236-4bec-b567-d040e1d0e4f9-groupManagement] INFO  server.RaftServerConfigKeys (ConfUtils.java:logGet(46)) - raft.server.log.segment.cache.size.max = 200MB (=209715200) (default)
2024-03-15 21:39:02,067 [e952460c-8236-4bec-b567-d040e1d0e4f9-groupManagement] INFO  server.RaftServerConfigKeys (ConfUtils.java:logGet(46)) - raft.server.log.appender.buffer.byte-limit = 8388608 (custom)
2024-03-15 21:39:02,067 [e952460c-8236-4bec-b567-d040e1d0e4f9-groupManagement] INFO  util.AwaitToRun (AwaitToRun.java:start(81)) - Thread[e952460c-8236-4bec-b567-d040e1d0e4f9@group-FF386EC77000-cacheEviction-AwaitToRun,5,main] started
2024-03-15 21:39:02,067 [e952460c-8236-4bec-b567-d040e1d0e4f9-groupManagement] INFO  segmented.SegmentedRaftLogWorker (SegmentedRaftLogWorker.java:<init>(182)) - new e952460c-8236-4bec-b567-d040e1d0e4f9@group-FF386EC77000-SegmentedRaftLogWorker for RaftStorageImpl:Storage Directory /home/runner/work/ozone/ozone/hadoop-ozone/integration-test/target/test-dir/MiniOzoneClusterImpl-3a4de177-78ca-4f6d-b60b-6b5c736a6a4e/ozone-meta/datanode-7/ratis/d0b92eac-8624-4392-91d7-ff386ec77000
2024-03-15 21:39:02,067 [e952460c-8236-4bec-b567-d040e1d0e4f9-groupManagement] INFO  server.RaftServerConfigKeys (ConfUtils.java:logGet(46)) - raft.server.log.queue.byte-limit = 4294967296 (custom)
2024-03-15 21:39:02,067 [e952460c-8236-4bec-b567-d040e1d0e4f9-groupManagement] INFO  server.RaftServerConfigKeys (ConfUtils.java:logGet(46)) - raft.server.log.queue.element-limit = 1024 (custom)
2024-03-15 21:39:02,067 [e952460c-8236-4bec-b567-d040e1d0e4f9-groupManagement] INFO  server.RaftServerConfigKeys (ConfUtils.java:logGet(46)) - raft.server.log.segment.size.max = 67108864 (custom)
2024-03-15 21:39:02,067 [e952460c-8236-4bec-b567-d040e1d0e4f9-groupManagement] INFO  server.RaftServerConfigKeys (ConfUtils.java:logGet(46)) - raft.server.log.preallocated.size = 4194304 (custom)
2024-03-15 21:39:02,067 [e952460c-8236-4bec-b567-d040e1d0e4f9-groupManagement] INFO  server.RaftServerConfigKeys (ConfUtils.java:logGet(46)) - raft.server.log.force.sync.num = 128 (default)
2024-03-15 21:39:02,067 [e952460c-8236-4bec-b567-d040e1d0e4f9-groupManagement] INFO  server.RaftServerConfigKeys (ConfUtils.java:logGet(46)) - raft.server.log.statemachine.data.sync = true (default)
2024-03-15 21:39:02,067 [e952460c-8236-4bec-b567-d040e1d0e4f9-groupManagement] INFO  server.RaftServerConfigKeys (ConfUtils.java:logGet(46)) - raft.server.log.statemachine.data.sync.timeout = 10s (default)
2024-03-15 21:39:02,067 [e952460c-8236-4bec-b567-d040e1d0e4f9-groupManagement] INFO  server.RaftServerConfigKeys (ConfUtils.java:logGet(46)) - raft.server.log.statemachine.data.sync.timeout.retry = 0 (custom)
2024-03-15 21:39:02,068 [e952460c-8236-4bec-b567-d040e1d0e4f9-groupManagement] INFO  server.RaftServerConfigKeys (ConfUtils.java:logGet(46)) - raft.server.log.write.buffer.size = 8388616 (custom)
2024-03-15 21:39:02,069 [e952460c-8236-4bec-b567-d040e1d0e4f9-groupManagement] INFO  server.RaftServerConfigKeys (ConfUtils.java:logGet(46)) - raft.server.log.appender.buffer.byte-limit = 8388608 (custom)
2024-03-15 21:39:02,069 [e952460c-8236-4bec-b567-d040e1d0e4f9-groupManagement] INFO  server.RaftServerConfigKeys (ConfUtils.java:logGet(46)) - raft.server.log.unsafe-flush.enabled = false (default)
2024-03-15 21:39:02,069 [e952460c-8236-4bec-b567-d040e1d0e4f9-groupManagement] INFO  server.RaftServerConfigKeys (ConfUtils.java:logGet(46)) - raft.server.log.async-flush.enabled = false (default)
2024-03-15 21:39:02,069 [e952460c-8236-4bec-b567-d040e1d0e4f9-groupManagement] INFO  server.RaftServerConfigKeys (ConfUtils.java:logGet(46)) - raft.server.log.statemachine.data.caching.enabled = true (custom)
2024-03-15 21:39:02,069 [e952460c-8236-4bec-b567-d040e1d0e4f9-groupManagement] INFO  segmented.SegmentedRaftLogWorker (SegmentedRaftLogWorker.java:lambda$new$0(134)) - e952460c-8236-4bec-b567-d040e1d0e4f9@group-FF386EC77000-SegmentedRaftLogWorker: flushIndex: setUnconditionally 0 -> -1
2024-03-15 21:39:02,069 [e952460c-8236-4bec-b567-d040e1d0e4f9-groupManagement] INFO  segmented.SegmentedRaftLogWorker (SegmentedRaftLogWorker.java:lambda$new$0(134)) - e952460c-8236-4bec-b567-d040e1d0e4f9@group-FF386EC77000-SegmentedRaftLogWorker: safeCacheEvictIndex: setUnconditionally 0 -> -1
2024-03-15 21:39:02,069 [e952460c-8236-4bec-b567-d040e1d0e4f9-groupManagement] INFO  server.RaftServer$Division (RaftServerImpl.java:start(396)) - e952460c-8236-4bec-b567-d040e1d0e4f9@group-FF386EC77000: start as a follower, conf=-1: peers:[e952460c-8236-4bec-b567-d040e1d0e4f9|10.1.0.11:15157, 8b353431-6b66-4460-9602-55c815b93317|10.1.0.11:15175, e76b1ec9-b399-499f-a8ce-a1f080404f38|10.1.0.11:15166]|listeners:[], old=null
2024-03-15 21:39:02,069 [e952460c-8236-4bec-b567-d040e1d0e4f9-groupManagement] INFO  server.RaftServer$Division (RaftServerImpl.java:setRole(383)) - e952460c-8236-4bec-b567-d040e1d0e4f9@group-FF386EC77000: changes role from      null to FOLLOWER at term 0 for startAsFollower
2024-03-15 21:39:02,069 [e952460c-8236-4bec-b567-d040e1d0e4f9-groupManagement] INFO  impl.RoleInfo (RoleInfo.java:updateAndGet(139)) - e952460c-8236-4bec-b567-d040e1d0e4f9: start e952460c-8236-4bec-b567-d040e1d0e4f9@group-FF386EC77000-FollowerState
2024-03-15 21:39:02,073 [e952460c-8236-4bec-b567-d040e1d0e4f9@group-FF386EC77000-FollowerState] INFO  server.RaftServerConfigKeys (ConfUtils.java:logFallback(53)) - raft.server.rpc.first-election.timeout.min = 5s (fallback to raft.server.rpc.timeout.min)
2024-03-15 21:39:02,073 [e952460c-8236-4bec-b567-d040e1d0e4f9-groupManagement] INFO  util.JmxRegister (JmxRegister.java:tryRegister(44)) - Successfully registered JMX Bean with object name Ratis:service=RaftServer,group=group-FF386EC77000,id=e952460c-8236-4bec-b567-d040e1d0e4f9
2024-03-15 21:39:02,073 [e952460c-8236-4bec-b567-d040e1d0e4f9@group-FF386EC77000-FollowerState] INFO  server.RaftServerConfigKeys (ConfUtils.java:logFallback(53)) - raft.server.rpc.first-election.timeout.max = 5200ms (fallback to raft.server.rpc.timeout.max)
2024-03-15 21:39:02,073 [e952460c-8236-4bec-b567-d040e1d0e4f9-groupManagement] INFO  server.RaftServerConfigKeys (ConfUtils.java:logGet(46)) - raft.server.snapshot.trigger-when-stop.enabled = true (default)
2024-03-15 21:39:02,073 [e952460c-8236-4bec-b567-d040e1d0e4f9-groupManagement] INFO  server.RaftServerConfigKeys (ConfUtils.java:logGet(46)) - raft.server.snapshot.auto.trigger.enabled = true (custom)
2024-03-15 21:39:02,073 [e952460c-8236-4bec-b567-d040e1d0e4f9-groupManagement] INFO  server.RaftServerConfigKeys (ConfUtils.java:logGet(46)) - raft.server.snapshot.auto.trigger.threshold = 10000 (custom)
2024-03-15 21:39:02,073 [e952460c-8236-4bec-b567-d040e1d0e4f9-groupManagement] INFO  server.RaftServerConfigKeys (ConfUtils.java:logGet(46)) - raft.server.snapshot.retention.file.num = 5 (custom)
2024-03-15 21:39:02,073 [e952460c-8236-4bec-b567-d040e1d0e4f9-groupManagement] INFO  server.RaftServerConfigKeys (ConfUtils.java:logGet(46)) - raft.server.log.purge.upto.snapshot.index = false (default)
2024-03-15 21:39:02,074 [e952460c-8236-4bec-b567-d040e1d0e4f9-PipelineCommandHandlerThread-0] INFO  ratis.XceiverServerRatis (XceiverServerRatis.java:addGroup(864)) - Created group PipelineID=d0b92eac-8624-4392-91d7-ff386ec77000
2024-03-15 21:39:02,080 [grpc-default-executor-0] INFO  server.RaftServer (RaftServerProxy.java:addNew(100)) - 8b353431-6b66-4460-9602-55c815b93317: addNew group-FF386EC77000:[e952460c-8236-4bec-b567-d040e1d0e4f9|10.1.0.11:15157, 8b353431-6b66-4460-9602-55c815b93317|10.1.0.11:15175, e76b1ec9-b399-499f-a8ce-a1f080404f38|10.1.0.11:15166] returns group-FF386EC77000:java.util.concurrent.CompletableFuture@5c98c9c9[Not completed]
2024-03-15 21:39:02,081 [8b353431-6b66-4460-9602-55c815b93317-groupManagement] INFO  server.RaftServer$Division (RaftServerImpl.java:<init>(256)) - 8b353431-6b66-4460-9602-55c815b93317: new RaftServerImpl for group-FF386EC77000:[e952460c-8236-4bec-b567-d040e1d0e4f9|10.1.0.11:15157, 8b353431-6b66-4460-9602-55c815b93317|10.1.0.11:15175, e76b1ec9-b399-499f-a8ce-a1f080404f38|10.1.0.11:15166] with ContainerStateMachine:uninitialized
2024-03-15 21:39:02,081 [8b353431-6b66-4460-9602-55c815b93317-groupManagement] INFO  server.RaftServerConfigKeys (ConfUtils.java:logGet(46)) - raft.server.rpc.timeout.min = 5s (custom)
2024-03-15 21:39:02,081 [8b353431-6b66-4460-9602-55c815b93317-groupManagement] INFO  server.RaftServerConfigKeys (ConfUtils.java:logGet(46)) - raft.server.rpc.timeout.max = 5200ms (custom)
2024-03-15 21:39:02,081 [8b353431-6b66-4460-9602-55c815b93317-groupManagement] INFO  server.RaftServerConfigKeys (ConfUtils.java:logGet(46)) - raft.server.rpc.sleep.time = 25ms (default)
2024-03-15 21:39:02,081 [8b353431-6b66-4460-9602-55c815b93317-groupManagement] INFO  server.RaftServerConfigKeys (ConfUtils.java:logGet(46)) - raft.server.rpc.slowness.timeout = 300000ms (custom)
2024-03-15 21:39:02,082 [8b353431-6b66-4460-9602-55c815b93317-groupManagement] INFO  server.RaftServerConfigKeys (ConfUtils.java:logGet(46)) - raft.server.leaderelection.leader.step-down.wait-time = 10s (default)
2024-03-15 21:39:02,082 [8b353431-6b66-4460-9602-55c815b93317-groupManagement] INFO  server.RaftServerConfigKeys (ConfUtils.java:logGet(46)) - raft.server.leaderelection.member.majority-add = false (default)
2024-03-15 21:39:02,082 [8b353431-6b66-4460-9602-55c815b93317-groupManagement] INFO  server.RaftServerConfigKeys (ConfUtils.java:logGet(46)) - raft.server.sleep.deviation.threshold = 300ms (default)
2024-03-15 21:39:02,082 [8b353431-6b66-4460-9602-55c815b93317-groupManagement] INFO  server.RaftServer$Division (ServerState.java:<init>(113)) - 8b353431-6b66-4460-9602-55c815b93317@group-FF386EC77000: ConfigurationManager, init=-1: peers:[e952460c-8236-4bec-b567-d040e1d0e4f9|10.1.0.11:15157, 8b353431-6b66-4460-9602-55c815b93317|10.1.0.11:15175, e76b1ec9-b399-499f-a8ce-a1f080404f38|10.1.0.11:15166]|listeners:[], old=null, confs=<EMPTY_MAP>
2024-03-15 21:39:02,082 [8b353431-6b66-4460-9602-55c815b93317-groupManagement] INFO  server.RaftServerConfigKeys (ConfUtils.java:logGet(46)) - raft.server.notification.no-leader.timeout = 300000ms (custom)
2024-03-15 21:39:02,082 [8b353431-6b66-4460-9602-55c815b93317-groupManagement] INFO  server.RaftServerConfigKeys (ConfUtils.java:logGet(46)) - raft.server.read.timeout = 10s (default)
2024-03-15 21:39:02,083 [8b353431-6b66-4460-9602-55c815b93317-groupManagement] INFO  server.RaftServerConfigKeys (ConfUtils.java:logGet(46)) - raft.server.retrycache.expirytime = 600000ms (custom)
2024-03-15 21:39:02,083 [8b353431-6b66-4460-9602-55c815b93317-groupManagement] INFO  server.RaftServerConfigKeys (ConfUtils.java:logGet(46)) - raft.server.retrycache.statistics.expirytime = 100ms (default)
2024-03-15 21:39:02,083 [8b353431-6b66-4460-9602-55c815b93317-groupManagement] INFO  server.RaftServerConfigKeys (ConfUtils.java:logGet(46)) - raft.server.read.option = DEFAULT (default)
2024-03-15 21:39:02,083 [8b353431-6b66-4460-9602-55c815b93317-groupManagement] INFO  server.RaftServerConfigKeys (ConfUtils.java:logGet(46)) - raft.server.read.read-after-write-consistent.write-index-cache.expiry-time = 60s (default)
2024-03-15 21:39:02,086 [8b353431-6b66-4460-9602-55c815b93317-groupManagement] INFO  server.RaftServerConfigKeys (ConfUtils.java:logGet(46)) - raft.server.rpc.request.timeout = 3000ms (default)
2024-03-15 21:39:02,086 [8b353431-6b66-4460-9602-55c815b93317-groupManagement] INFO  server.RaftServerConfigKeys (ConfUtils.java:logGet(46)) - raft.server.log.appender.install.snapshot.enabled = false (custom)
2024-03-15 21:39:02,086 [8b353431-6b66-4460-9602-55c815b93317-groupManagement] INFO  server.RaftServerConfigKeys (ConfUtils.java:logGet(46)) - raft.server.threadpool.server.cached = true (default)
2024-03-15 21:39:02,086 [8b353431-6b66-4460-9602-55c815b93317-groupManagement] INFO  server.RaftServerConfigKeys (ConfUtils.java:logGet(46)) - raft.server.threadpool.server.size = 0 (default)
2024-03-15 21:39:02,086 [8b353431-6b66-4460-9602-55c815b93317-groupManagement] INFO  server.RaftServerConfigKeys (ConfUtils.java:logGet(46)) - raft.server.threadpool.client.cached = true (default)
2024-03-15 21:39:02,086 [8b353431-6b66-4460-9602-55c815b93317-groupManagement] INFO  server.RaftServerConfigKeys (ConfUtils.java:logGet(46)) - raft.server.threadpool.client.size = 0 (default)
2024-03-15 21:39:02,086 [8b353431-6b66-4460-9602-55c815b93317-groupManagement] INFO  server.RaftServerConfigKeys (ConfUtils.java:logGet(46)) - raft.server.storage.free-space.min = 0MB (=0) (default)
2024-03-15 21:39:02,087 [8b353431-6b66-4460-9602-55c815b93317-groupManagement] INFO  server.RaftServerConfigKeys (ConfUtils.java:logGet(46)) - raft.server.log.corruption.policy = EXCEPTION (default)
2024-03-15 21:39:02,087 [8b353431-6b66-4460-9602-55c815b93317-groupManagement] INFO  server.RaftServerConfigKeys (ConfUtils.java:logGet(46)) - raft.server.storage.dir = [/home/runner/work/ozone/ozone/hadoop-ozone/integration-test/target/test-dir/MiniOzoneClusterImpl-3a4de177-78ca-4f6d-b60b-6b5c736a6a4e/ozone-meta/datanode-9/ratis] (custom)
2024-03-15 21:39:02,087 [8b353431-6b66-4460-9602-55c815b93317-groupManagement] INFO  storage.RaftStorageDirectory (RaftStorageDirectoryImpl.java:analyzeStorage(138)) - The storage directory /home/runner/work/ozone/ozone/hadoop-ozone/integration-test/target/test-dir/MiniOzoneClusterImpl-3a4de177-78ca-4f6d-b60b-6b5c736a6a4e/ozone-meta/datanode-9/ratis/d0b92eac-8624-4392-91d7-ff386ec77000 does not exist. Creating ...
2024-03-15 21:39:02,088 [8b353431-6b66-4460-9602-55c815b93317-groupManagement] INFO  storage.RaftStorageDirectory (RaftStorageDirectoryImpl.java:tryLock(228)) - Lock on /home/runner/work/ozone/ozone/hadoop-ozone/integration-test/target/test-dir/MiniOzoneClusterImpl-3a4de177-78ca-4f6d-b60b-6b5c736a6a4e/ozone-meta/datanode-9/ratis/d0b92eac-8624-4392-91d7-ff386ec77000/in_use.lock acquired by nodename 60682@fv-az528-102
2024-03-15 21:39:02,089 [8b353431-6b66-4460-9602-55c815b93317-groupManagement] INFO  storage.RaftStorage (RaftStorageImpl.java:format(99)) - Storage directory /home/runner/work/ozone/ozone/hadoop-ozone/integration-test/target/test-dir/MiniOzoneClusterImpl-3a4de177-78ca-4f6d-b60b-6b5c736a6a4e/ozone-meta/datanode-9/ratis/d0b92eac-8624-4392-91d7-ff386ec77000 has been successfully formatted.
2024-03-15 21:39:02,089 [8b353431-6b66-4460-9602-55c815b93317-groupManagement] WARN  util.FileUtils (LogUtils.java:supplyAndLog(63)) - Failed to Files.newInputStream /home/runner/work/ozone/ozone/hadoop-ozone/integration-test/target/test-dir/MiniOzoneClusterImpl-3a4de177-78ca-4f6d-b60b-6b5c736a6a4e/ozone-meta/datanode-9/ratis/d0b92eac-8624-4392-91d7-ff386ec77000/current/raft-meta.conf with options []: java.nio.file.NoSuchFileException: /home/runner/work/ozone/ozone/hadoop-ozone/integration-test/target/test-dir/MiniOzoneClusterImpl-3a4de177-78ca-4f6d-b60b-6b5c736a6a4e/ozone-meta/datanode-9/ratis/d0b92eac-8624-4392-91d7-ff386ec77000/current/raft-meta.conf
2024-03-15 21:39:02,090 [8b353431-6b66-4460-9602-55c815b93317-groupManagement] INFO  ratis.ContainerStateMachine (ContainerStateMachine.java:loadSnapshot(287)) - group-FF386EC77000: The snapshot info is null. Setting the last applied index to:(t:0, i:~)
2024-03-15 21:39:02,091 [8b353431-6b66-4460-9602-55c815b93317-groupManagement] INFO  server.RaftServerConfigKeys (ConfUtils.java:logGet(46)) - raft.server.log.use.memory = false (default)
2024-03-15 21:39:02,091 [8b353431-6b66-4460-9602-55c815b93317-groupManagement] INFO  server.RaftServerConfigKeys (ConfUtils.java:logGet(46)) - raft.server.log.purge.gap = 1000000 (custom)
2024-03-15 21:39:02,091 [8b353431-6b66-4460-9602-55c815b93317-groupManagement] INFO  server.RaftServerConfigKeys (ConfUtils.java:logGet(46)) - raft.server.log.appender.buffer.byte-limit = 8388608 (custom)
2024-03-15 21:39:02,091 [8b353431-6b66-4460-9602-55c815b93317-groupManagement] INFO  server.RaftServerConfigKeys (ConfUtils.java:logGet(46)) - raft.server.log.statemachine.data.read.timeout = 1000ms (default)
2024-03-15 21:39:02,091 [8b353431-6b66-4460-9602-55c815b93317-groupManagement] INFO  server.RaftServerConfigKeys (ConfUtils.java:logGet(46)) - raft.server.log.purge.preservation.log.num = 0 (default)
2024-03-15 21:39:02,092 [8b353431-6b66-4460-9602-55c815b93317-groupManagement] INFO  server.RaftServerConfigKeys (ConfUtils.java:logGet(46)) - raft.server.log.segment.size.max = 67108864 (custom)
2024-03-15 21:39:02,093 [8b353431-6b66-4460-9602-55c815b93317-groupManagement] INFO  server.RaftServerConfigKeys (ConfUtils.java:logGet(46)) - raft.server.log.segment.cache.num.max = 2 (custom)
2024-03-15 21:39:02,093 [8b353431-6b66-4460-9602-55c815b93317-groupManagement] INFO  server.RaftServerConfigKeys (ConfUtils.java:logGet(46)) - raft.server.log.segment.cache.size.max = 200MB (=209715200) (default)
2024-03-15 21:39:02,093 [8b353431-6b66-4460-9602-55c815b93317-groupManagement] INFO  server.RaftServerConfigKeys (ConfUtils.java:logGet(46)) - raft.server.log.appender.buffer.byte-limit = 8388608 (custom)
2024-03-15 21:39:02,093 [8b353431-6b66-4460-9602-55c815b93317-groupManagement] INFO  util.AwaitToRun (AwaitToRun.java:start(81)) - Thread[8b353431-6b66-4460-9602-55c815b93317@group-FF386EC77000-cacheEviction-AwaitToRun,5,main] started
2024-03-15 21:39:02,094 [8b353431-6b66-4460-9602-55c815b93317-groupManagement] INFO  segmented.SegmentedRaftLogWorker (SegmentedRaftLogWorker.java:<init>(182)) - new 8b353431-6b66-4460-9602-55c815b93317@group-FF386EC77000-SegmentedRaftLogWorker for RaftStorageImpl:Storage Directory /home/runner/work/ozone/ozone/hadoop-ozone/integration-test/target/test-dir/MiniOzoneClusterImpl-3a4de177-78ca-4f6d-b60b-6b5c736a6a4e/ozone-meta/datanode-9/ratis/d0b92eac-8624-4392-91d7-ff386ec77000
2024-03-15 21:39:02,094 [8b353431-6b66-4460-9602-55c815b93317-groupManagement] INFO  server.RaftServerConfigKeys (ConfUtils.java:logGet(46)) - raft.server.log.queue.byte-limit = 4294967296 (custom)
2024-03-15 21:39:02,094 [8b353431-6b66-4460-9602-55c815b93317-groupManagement] INFO  server.RaftServerConfigKeys (ConfUtils.java:logGet(46)) - raft.server.log.queue.element-limit = 1024 (custom)
2024-03-15 21:39:02,094 [8b353431-6b66-4460-9602-55c815b93317-groupManagement] INFO  server.RaftServerConfigKeys (ConfUtils.java:logGet(46)) - raft.server.log.segment.size.max = 67108864 (custom)
2024-03-15 21:39:02,094 [8b353431-6b66-4460-9602-55c815b93317-groupManagement] INFO  server.RaftServerConfigKeys (ConfUtils.java:logGet(46)) - raft.server.log.preallocated.size = 4194304 (custom)
2024-03-15 21:39:02,094 [8b353431-6b66-4460-9602-55c815b93317-groupManagement] INFO  server.RaftServerConfigKeys (ConfUtils.java:logGet(46)) - raft.server.log.force.sync.num = 128 (default)
2024-03-15 21:39:02,094 [8b353431-6b66-4460-9602-55c815b93317-groupManagement] INFO  server.RaftServerConfigKeys (ConfUtils.java:logGet(46)) - raft.server.log.statemachine.data.sync = true (default)
2024-03-15 21:39:02,094 [8b353431-6b66-4460-9602-55c815b93317-groupManagement] INFO  server.RaftServerConfigKeys (ConfUtils.java:logGet(46)) - raft.server.log.statemachine.data.sync.timeout = 10s (default)
2024-03-15 21:39:02,094 [8b353431-6b66-4460-9602-55c815b93317-groupManagement] INFO  server.RaftServerConfigKeys (ConfUtils.java:logGet(46)) - raft.server.log.statemachine.data.sync.timeout.retry = 0 (custom)
2024-03-15 21:39:02,094 [8b353431-6b66-4460-9602-55c815b93317-groupManagement] INFO  server.RaftServerConfigKeys (ConfUtils.java:logGet(46)) - raft.server.log.write.buffer.size = 8388616 (custom)
2024-03-15 21:39:02,096 [8b353431-6b66-4460-9602-55c815b93317-groupManagement] INFO  server.RaftServerConfigKeys (ConfUtils.java:logGet(46)) - raft.server.log.appender.buffer.byte-limit = 8388608 (custom)
2024-03-15 21:39:02,096 [8b353431-6b66-4460-9602-55c815b93317-groupManagement] INFO  server.RaftServerConfigKeys (ConfUtils.java:logGet(46)) - raft.server.log.unsafe-flush.enabled = false (default)
2024-03-15 21:39:02,096 [8b353431-6b66-4460-9602-55c815b93317-groupManagement] INFO  server.RaftServerConfigKeys (ConfUtils.java:logGet(46)) - raft.server.log.async-flush.enabled = false (default)
2024-03-15 21:39:02,096 [8b353431-6b66-4460-9602-55c815b93317-groupManagement] INFO  server.RaftServerConfigKeys (ConfUtils.java:logGet(46)) - raft.server.log.statemachine.data.caching.enabled = true (custom)
2024-03-15 21:39:02,096 [8b353431-6b66-4460-9602-55c815b93317-groupManagement] INFO  segmented.SegmentedRaftLogWorker (SegmentedRaftLogWorker.java:lambda$new$0(134)) - 8b353431-6b66-4460-9602-55c815b93317@group-FF386EC77000-SegmentedRaftLogWorker: flushIndex: setUnconditionally 0 -> -1
2024-03-15 21:39:02,097 [8b353431-6b66-4460-9602-55c815b93317-groupManagement] INFO  segmented.SegmentedRaftLogWorker (SegmentedRaftLogWorker.java:lambda$new$0(134)) - 8b353431-6b66-4460-9602-55c815b93317@group-FF386EC77000-SegmentedRaftLogWorker: safeCacheEvictIndex: setUnconditionally 0 -> -1
2024-03-15 21:39:02,097 [8b353431-6b66-4460-9602-55c815b93317-groupManagement] INFO  server.RaftServer$Division (RaftServerImpl.java:start(396)) - 8b353431-6b66-4460-9602-55c815b93317@group-FF386EC77000: start as a follower, conf=-1: peers:[e952460c-8236-4bec-b567-d040e1d0e4f9|10.1.0.11:15157, 8b353431-6b66-4460-9602-55c815b93317|10.1.0.11:15175, e76b1ec9-b399-499f-a8ce-a1f080404f38|10.1.0.11:15166]|listeners:[], old=null
2024-03-15 21:39:02,097 [8b353431-6b66-4460-9602-55c815b93317-groupManagement] INFO  server.RaftServer$Division (RaftServerImpl.java:setRole(383)) - 8b353431-6b66-4460-9602-55c815b93317@group-FF386EC77000: changes role from      null to FOLLOWER at term 0 for startAsFollower
2024-03-15 21:39:02,097 [8b353431-6b66-4460-9602-55c815b93317-groupManagement] INFO  impl.RoleInfo (RoleInfo.java:updateAndGet(139)) - 8b353431-6b66-4460-9602-55c815b93317: start 8b353431-6b66-4460-9602-55c815b93317@group-FF386EC77000-FollowerState
2024-03-15 21:39:02,099 [8b353431-6b66-4460-9602-55c815b93317-groupManagement] INFO  util.JmxRegister (JmxRegister.java:tryRegister(44)) - Successfully registered JMX Bean with object name Ratis:service=RaftServer,group=group-FF386EC77000,id=8b353431-6b66-4460-9602-55c815b93317
2024-03-15 21:39:02,099 [8b353431-6b66-4460-9602-55c815b93317-groupManagement] INFO  server.RaftServerConfigKeys (ConfUtils.java:logGet(46)) - raft.server.snapshot.trigger-when-stop.enabled = true (default)
2024-03-15 21:39:02,099 [8b353431-6b66-4460-9602-55c815b93317-groupManagement] INFO  server.RaftServerConfigKeys (ConfUtils.java:logGet(46)) - raft.server.snapshot.auto.trigger.enabled = true (custom)
2024-03-15 21:39:02,099 [8b353431-6b66-4460-9602-55c815b93317-groupManagement] INFO  server.RaftServerConfigKeys (ConfUtils.java:logGet(46)) - raft.server.snapshot.auto.trigger.threshold = 10000 (custom)
2024-03-15 21:39:02,099 [8b353431-6b66-4460-9602-55c815b93317-groupManagement] INFO  server.RaftServerConfigKeys (ConfUtils.java:logGet(46)) - raft.server.snapshot.retention.file.num = 5 (custom)
2024-03-15 21:39:02,099 [8b353431-6b66-4460-9602-55c815b93317-groupManagement] INFO  server.RaftServerConfigKeys (ConfUtils.java:logGet(46)) - raft.server.log.purge.upto.snapshot.index = false (default)
2024-03-15 21:39:02,099 [8b353431-6b66-4460-9602-55c815b93317@group-FF386EC77000-FollowerState] INFO  server.RaftServerConfigKeys (ConfUtils.java:logFallback(53)) - raft.server.rpc.first-election.timeout.min = 5s (fallback to raft.server.rpc.timeout.min)
2024-03-15 21:39:02,099 [8b353431-6b66-4460-9602-55c815b93317@group-FF386EC77000-FollowerState] INFO  server.RaftServerConfigKeys (ConfUtils.java:logFallback(53)) - raft.server.rpc.first-election.timeout.max = 5200ms (fallback to raft.server.rpc.timeout.max)
2024-03-15 21:39:02,110 [grpc-default-executor-0] INFO  server.RaftServer (RaftServerProxy.java:addNew(100)) - e76b1ec9-b399-499f-a8ce-a1f080404f38: addNew group-FF386EC77000:[e952460c-8236-4bec-b567-d040e1d0e4f9|10.1.0.11:15157, 8b353431-6b66-4460-9602-55c815b93317|10.1.0.11:15175, e76b1ec9-b399-499f-a8ce-a1f080404f38|10.1.0.11:15166] returns group-FF386EC77000:java.util.concurrent.CompletableFuture@51ede22a[Not completed]
2024-03-15 21:39:02,111 [e76b1ec9-b399-499f-a8ce-a1f080404f38-groupManagement] INFO  server.RaftServer$Division (RaftServerImpl.java:<init>(256)) - e76b1ec9-b399-499f-a8ce-a1f080404f38: new RaftServerImpl for group-FF386EC77000:[e952460c-8236-4bec-b567-d040e1d0e4f9|10.1.0.11:15157, 8b353431-6b66-4460-9602-55c815b93317|10.1.0.11:15175, e76b1ec9-b399-499f-a8ce-a1f080404f38|10.1.0.11:15166] with ContainerStateMachine:uninitialized
2024-03-15 21:39:02,111 [e76b1ec9-b399-499f-a8ce-a1f080404f38-groupManagement] INFO  server.RaftServerConfigKeys (ConfUtils.java:logGet(46)) - raft.server.rpc.timeout.min = 5s (custom)
2024-03-15 21:39:02,111 [e76b1ec9-b399-499f-a8ce-a1f080404f38-groupManagement] INFO  server.RaftServerConfigKeys (ConfUtils.java:logGet(46)) - raft.server.rpc.timeout.max = 5200ms (custom)
2024-03-15 21:39:02,111 [e76b1ec9-b399-499f-a8ce-a1f080404f38-groupManagement] INFO  server.RaftServerConfigKeys (ConfUtils.java:logGet(46)) - raft.server.rpc.sleep.time = 25ms (default)
2024-03-15 21:39:02,111 [e76b1ec9-b399-499f-a8ce-a1f080404f38-groupManagement] INFO  server.RaftServerConfigKeys (ConfUtils.java:logGet(46)) - raft.server.rpc.slowness.timeout = 300000ms (custom)
2024-03-15 21:39:02,111 [e76b1ec9-b399-499f-a8ce-a1f080404f38-groupManagement] INFO  server.RaftServerConfigKeys (ConfUtils.java:logGet(46)) - raft.server.leaderelection.leader.step-down.wait-time = 10s (default)
2024-03-15 21:39:02,111 [e76b1ec9-b399-499f-a8ce-a1f080404f38-groupManagement] INFO  server.RaftServerConfigKeys (ConfUtils.java:logGet(46)) - raft.server.leaderelection.member.majority-add = false (default)
2024-03-15 21:39:02,111 [e76b1ec9-b399-499f-a8ce-a1f080404f38-groupManagement] INFO  server.RaftServerConfigKeys (ConfUtils.java:logGet(46)) - raft.server.sleep.deviation.threshold = 300ms (default)
2024-03-15 21:39:02,111 [e76b1ec9-b399-499f-a8ce-a1f080404f38-groupManagement] INFO  server.RaftServer$Division (ServerState.java:<init>(113)) - e76b1ec9-b399-499f-a8ce-a1f080404f38@group-FF386EC77000: ConfigurationManager, init=-1: peers:[e952460c-8236-4bec-b567-d040e1d0e4f9|10.1.0.11:15157, 8b353431-6b66-4460-9602-55c815b93317|10.1.0.11:15175, e76b1ec9-b399-499f-a8ce-a1f080404f38|10.1.0.11:15166]|listeners:[], old=null, confs=<EMPTY_MAP>
2024-03-15 21:39:02,111 [e76b1ec9-b399-499f-a8ce-a1f080404f38-groupManagement] INFO  server.RaftServerConfigKeys (ConfUtils.java:logGet(46)) - raft.server.notification.no-leader.timeout = 300000ms (custom)
2024-03-15 21:39:02,111 [e76b1ec9-b399-499f-a8ce-a1f080404f38-groupManagement] INFO  server.RaftServerConfigKeys (ConfUtils.java:logGet(46)) - raft.server.read.timeout = 10s (default)
2024-03-15 21:39:02,111 [e76b1ec9-b399-499f-a8ce-a1f080404f38-groupManagement] INFO  server.RaftServerConfigKeys (ConfUtils.java:logGet(46)) - raft.server.retrycache.expirytime = 600000ms (custom)
2024-03-15 21:39:02,111 [e76b1ec9-b399-499f-a8ce-a1f080404f38-groupManagement] INFO  server.RaftServerConfigKeys (ConfUtils.java:logGet(46)) - raft.server.retrycache.statistics.expirytime = 100ms (default)
2024-03-15 21:39:02,111 [e76b1ec9-b399-499f-a8ce-a1f080404f38-groupManagement] INFO  server.RaftServerConfigKeys (ConfUtils.java:logGet(46)) - raft.server.read.option = DEFAULT (default)
2024-03-15 21:39:02,111 [e76b1ec9-b399-499f-a8ce-a1f080404f38-groupManagement] INFO  server.RaftServerConfigKeys (ConfUtils.java:logGet(46)) - raft.server.read.read-after-write-consistent.write-index-cache.expiry-time = 60s (default)
2024-03-15 21:39:02,113 [e76b1ec9-b399-499f-a8ce-a1f080404f38-groupManagement] INFO  server.RaftServerConfigKeys (ConfUtils.java:logGet(46)) - raft.server.rpc.request.timeout = 3000ms (default)
2024-03-15 21:39:02,113 [e76b1ec9-b399-499f-a8ce-a1f080404f38-groupManagement] INFO  server.RaftServerConfigKeys (ConfUtils.java:logGet(46)) - raft.server.log.appender.install.snapshot.enabled = false (custom)
2024-03-15 21:39:02,113 [e76b1ec9-b399-499f-a8ce-a1f080404f38-groupManagement] INFO  server.RaftServerConfigKeys (ConfUtils.java:logGet(46)) - raft.server.threadpool.server.cached = true (default)
2024-03-15 21:39:02,113 [e76b1ec9-b399-499f-a8ce-a1f080404f38-groupManagement] INFO  server.RaftServerConfigKeys (ConfUtils.java:logGet(46)) - raft.server.threadpool.server.size = 0 (default)
2024-03-15 21:39:02,113 [e76b1ec9-b399-499f-a8ce-a1f080404f38-groupManagement] INFO  server.RaftServerConfigKeys (ConfUtils.java:logGet(46)) - raft.server.threadpool.client.cached = true (default)
2024-03-15 21:39:02,113 [e76b1ec9-b399-499f-a8ce-a1f080404f38-groupManagement] INFO  server.RaftServerConfigKeys (ConfUtils.java:logGet(46)) - raft.server.threadpool.client.size = 0 (default)
2024-03-15 21:39:02,113 [e76b1ec9-b399-499f-a8ce-a1f080404f38-groupManagement] INFO  server.RaftServerConfigKeys (ConfUtils.java:logGet(46)) - raft.server.storage.free-space.min = 0MB (=0) (default)
2024-03-15 21:39:02,113 [e76b1ec9-b399-499f-a8ce-a1f080404f38-groupManagement] INFO  server.RaftServerConfigKeys (ConfUtils.java:logGet(46)) - raft.server.log.corruption.policy = EXCEPTION (default)
2024-03-15 21:39:02,113 [e76b1ec9-b399-499f-a8ce-a1f080404f38-groupManagement] INFO  server.RaftServerConfigKeys (ConfUtils.java:logGet(46)) - raft.server.storage.dir = [/home/runner/work/ozone/ozone/hadoop-ozone/integration-test/target/test-dir/MiniOzoneClusterImpl-3a4de177-78ca-4f6d-b60b-6b5c736a6a4e/ozone-meta/datanode-8/ratis] (custom)
2024-03-15 21:39:02,113 [e76b1ec9-b399-499f-a8ce-a1f080404f38-groupManagement] INFO  storage.RaftStorageDirectory (RaftStorageDirectoryImpl.java:analyzeStorage(138)) - The storage directory /home/runner/work/ozone/ozone/hadoop-ozone/integration-test/target/test-dir/MiniOzoneClusterImpl-3a4de177-78ca-4f6d-b60b-6b5c736a6a4e/ozone-meta/datanode-8/ratis/d0b92eac-8624-4392-91d7-ff386ec77000 does not exist. Creating ...
2024-03-15 21:39:02,116 [e76b1ec9-b399-499f-a8ce-a1f080404f38-groupManagement] INFO  storage.RaftStorageDirectory (RaftStorageDirectoryImpl.java:tryLock(228)) - Lock on /home/runner/work/ozone/ozone/hadoop-ozone/integration-test/target/test-dir/MiniOzoneClusterImpl-3a4de177-78ca-4f6d-b60b-6b5c736a6a4e/ozone-meta/datanode-8/ratis/d0b92eac-8624-4392-91d7-ff386ec77000/in_use.lock acquired by nodename 60682@fv-az528-102
2024-03-15 21:39:02,117 [e76b1ec9-b399-499f-a8ce-a1f080404f38-groupManagement] INFO  storage.RaftStorage (RaftStorageImpl.java:format(99)) - Storage directory /home/runner/work/ozone/ozone/hadoop-ozone/integration-test/target/test-dir/MiniOzoneClusterImpl-3a4de177-78ca-4f6d-b60b-6b5c736a6a4e/ozone-meta/datanode-8/ratis/d0b92eac-8624-4392-91d7-ff386ec77000 has been successfully formatted.
2024-03-15 21:39:02,118 [e76b1ec9-b399-499f-a8ce-a1f080404f38-groupManagement] WARN  util.FileUtils (LogUtils.java:supplyAndLog(63)) - Failed to Files.newInputStream /home/runner/work/ozone/ozone/hadoop-ozone/integration-test/target/test-dir/MiniOzoneClusterImpl-3a4de177-78ca-4f6d-b60b-6b5c736a6a4e/ozone-meta/datanode-8/ratis/d0b92eac-8624-4392-91d7-ff386ec77000/current/raft-meta.conf with options []: java.nio.file.NoSuchFileException: /home/runner/work/ozone/ozone/hadoop-ozone/integration-test/target/test-dir/MiniOzoneClusterImpl-3a4de177-78ca-4f6d-b60b-6b5c736a6a4e/ozone-meta/datanode-8/ratis/d0b92eac-8624-4392-91d7-ff386ec77000/current/raft-meta.conf
2024-03-15 21:39:02,119 [e76b1ec9-b399-499f-a8ce-a1f080404f38-groupManagement] INFO  ratis.ContainerStateMachine (ContainerStateMachine.java:loadSnapshot(287)) - group-FF386EC77000: The snapshot info is null. Setting the last applied index to:(t:0, i:~)
2024-03-15 21:39:02,119 [e76b1ec9-b399-499f-a8ce-a1f080404f38-groupManagement] INFO  server.RaftServerConfigKeys (ConfUtils.java:logGet(46)) - raft.server.log.use.memory = false (default)
2024-03-15 21:39:02,120 [e76b1ec9-b399-499f-a8ce-a1f080404f38-groupManagement] INFO  server.RaftServerConfigKeys (ConfUtils.java:logGet(46)) - raft.server.log.purge.gap = 1000000 (custom)
2024-03-15 21:39:02,120 [e76b1ec9-b399-499f-a8ce-a1f080404f38-groupManagement] INFO  server.RaftServerConfigKeys (ConfUtils.java:logGet(46)) - raft.server.log.appender.buffer.byte-limit = 8388608 (custom)
2024-03-15 21:39:02,120 [e76b1ec9-b399-499f-a8ce-a1f080404f38-groupManagement] INFO  server.RaftServerConfigKeys (ConfUtils.java:logGet(46)) - raft.server.log.statemachine.data.read.timeout = 1000ms (default)
2024-03-15 21:39:02,120 [e76b1ec9-b399-499f-a8ce-a1f080404f38-groupManagement] INFO  server.RaftServerConfigKeys (ConfUtils.java:logGet(46)) - raft.server.log.purge.preservation.log.num = 0 (default)
2024-03-15 21:39:02,121 [e76b1ec9-b399-499f-a8ce-a1f080404f38-groupManagement] INFO  server.RaftServerConfigKeys (ConfUtils.java:logGet(46)) - raft.server.log.segment.size.max = 67108864 (custom)
2024-03-15 21:39:02,122 [e76b1ec9-b399-499f-a8ce-a1f080404f38-groupManagement] INFO  server.RaftServerConfigKeys (ConfUtils.java:logGet(46)) - raft.server.log.segment.cache.num.max = 2 (custom)
2024-03-15 21:39:02,122 [e76b1ec9-b399-499f-a8ce-a1f080404f38-groupManagement] INFO  server.RaftServerConfigKeys (ConfUtils.java:logGet(46)) - raft.server.log.segment.cache.size.max = 200MB (=209715200) (default)
2024-03-15 21:39:02,122 [e76b1ec9-b399-499f-a8ce-a1f080404f38-groupManagement] INFO  server.RaftServerConfigKeys (ConfUtils.java:logGet(46)) - raft.server.log.appender.buffer.byte-limit = 8388608 (custom)
2024-03-15 21:39:02,122 [e76b1ec9-b399-499f-a8ce-a1f080404f38-groupManagement] INFO  util.AwaitToRun (AwaitToRun.java:start(81)) - Thread[e76b1ec9-b399-499f-a8ce-a1f080404f38@group-FF386EC77000-cacheEviction-AwaitToRun,5,main] started
2024-03-15 21:39:02,122 [e76b1ec9-b399-499f-a8ce-a1f080404f38-groupManagement] INFO  segmented.SegmentedRaftLogWorker (SegmentedRaftLogWorker.java:<init>(182)) - new e76b1ec9-b399-499f-a8ce-a1f080404f38@group-FF386EC77000-SegmentedRaftLogWorker for RaftStorageImpl:Storage Directory /home/runner/work/ozone/ozone/hadoop-ozone/integration-test/target/test-dir/MiniOzoneClusterImpl-3a4de177-78ca-4f6d-b60b-6b5c736a6a4e/ozone-meta/datanode-8/ratis/d0b92eac-8624-4392-91d7-ff386ec77000
2024-03-15 21:39:02,122 [e76b1ec9-b399-499f-a8ce-a1f080404f38-groupManagement] INFO  server.RaftServerConfigKeys (ConfUtils.java:logGet(46)) - raft.server.log.queue.byte-limit = 4294967296 (custom)
2024-03-15 21:39:02,122 [e76b1ec9-b399-499f-a8ce-a1f080404f38-groupManagement] INFO  server.RaftServerConfigKeys (ConfUtils.java:logGet(46)) - raft.server.log.queue.element-limit = 1024 (custom)
2024-03-15 21:39:02,122 [e76b1ec9-b399-499f-a8ce-a1f080404f38-groupManagement] INFO  server.RaftServerConfigKeys (ConfUtils.java:logGet(46)) - raft.server.log.segment.size.max = 67108864 (custom)
2024-03-15 21:39:02,122 [e76b1ec9-b399-499f-a8ce-a1f080404f38-groupManagement] INFO  server.RaftServerConfigKeys (ConfUtils.java:logGet(46)) - raft.server.log.preallocated.size = 4194304 (custom)
2024-03-15 21:39:02,122 [e76b1ec9-b399-499f-a8ce-a1f080404f38-groupManagement] INFO  server.RaftServerConfigKeys (ConfUtils.java:logGet(46)) - raft.server.log.force.sync.num = 128 (default)
2024-03-15 21:39:02,122 [e76b1ec9-b399-499f-a8ce-a1f080404f38-groupManagement] INFO  server.RaftServerConfigKeys (ConfUtils.java:logGet(46)) - raft.server.log.statemachine.data.sync = true (default)
2024-03-15 21:39:02,123 [e76b1ec9-b399-499f-a8ce-a1f080404f38-groupManagement] INFO  server.RaftServerConfigKeys (ConfUtils.java:logGet(46)) - raft.server.log.statemachine.data.sync.timeout = 10s (default)
2024-03-15 21:39:02,123 [e76b1ec9-b399-499f-a8ce-a1f080404f38-groupManagement] INFO  server.RaftServerConfigKeys (ConfUtils.java:logGet(46)) - raft.server.log.statemachine.data.sync.timeout.retry = 0 (custom)
2024-03-15 21:39:02,123 [e76b1ec9-b399-499f-a8ce-a1f080404f38-groupManagement] INFO  server.RaftServerConfigKeys (ConfUtils.java:logGet(46)) - raft.server.log.write.buffer.size = 8388616 (custom)
2024-03-15 21:39:02,124 [e76b1ec9-b399-499f-a8ce-a1f080404f38-groupManagement] INFO  server.RaftServerConfigKeys (ConfUtils.java:logGet(46)) - raft.server.log.appender.buffer.byte-limit = 8388608 (custom)
2024-03-15 21:39:02,124 [e76b1ec9-b399-499f-a8ce-a1f080404f38-groupManagement] INFO  server.RaftServerConfigKeys (ConfUtils.java:logGet(46)) - raft.server.log.unsafe-flush.enabled = false (default)
2024-03-15 21:39:02,124 [e76b1ec9-b399-499f-a8ce-a1f080404f38-groupManagement] INFO  server.RaftServerConfigKeys (ConfUtils.java:logGet(46)) - raft.server.log.async-flush.enabled = false (default)
2024-03-15 21:39:02,124 [e76b1ec9-b399-499f-a8ce-a1f080404f38-groupManagement] INFO  server.RaftServerConfigKeys (ConfUtils.java:logGet(46)) - raft.server.log.statemachine.data.caching.enabled = true (custom)
2024-03-15 21:39:02,124 [e76b1ec9-b399-499f-a8ce-a1f080404f38-groupManagement] INFO  segmented.SegmentedRaftLogWorker (SegmentedRaftLogWorker.java:lambda$new$0(134)) - e76b1ec9-b399-499f-a8ce-a1f080404f38@group-FF386EC77000-SegmentedRaftLogWorker: flushIndex: setUnconditionally 0 -> -1
2024-03-15 21:39:02,124 [e76b1ec9-b399-499f-a8ce-a1f080404f38-groupManagement] INFO  segmented.SegmentedRaftLogWorker (SegmentedRaftLogWorker.java:lambda$new$0(134)) - e76b1ec9-b399-499f-a8ce-a1f080404f38@group-FF386EC77000-SegmentedRaftLogWorker: safeCacheEvictIndex: setUnconditionally 0 -> -1
2024-03-15 21:39:02,124 [e76b1ec9-b399-499f-a8ce-a1f080404f38-groupManagement] INFO  server.RaftServer$Division (RaftServerImpl.java:start(396)) - e76b1ec9-b399-499f-a8ce-a1f080404f38@group-FF386EC77000: start as a follower, conf=-1: peers:[e952460c-8236-4bec-b567-d040e1d0e4f9|10.1.0.11:15157, 8b353431-6b66-4460-9602-55c815b93317|10.1.0.11:15175, e76b1ec9-b399-499f-a8ce-a1f080404f38|10.1.0.11:15166]|listeners:[], old=null
2024-03-15 21:39:02,125 [e76b1ec9-b399-499f-a8ce-a1f080404f38-groupManagement] INFO  server.RaftServer$Division (RaftServerImpl.java:setRole(383)) - e76b1ec9-b399-499f-a8ce-a1f080404f38@group-FF386EC77000: changes role from      null to FOLLOWER at term 0 for startAsFollower
2024-03-15 21:39:02,125 [e76b1ec9-b399-499f-a8ce-a1f080404f38-groupManagement] INFO  impl.RoleInfo (RoleInfo.java:updateAndGet(139)) - e76b1ec9-b399-499f-a8ce-a1f080404f38: start e76b1ec9-b399-499f-a8ce-a1f080404f38@group-FF386EC77000-FollowerState
2024-03-15 21:39:02,125 [e76b1ec9-b399-499f-a8ce-a1f080404f38-groupManagement] INFO  util.JmxRegister (JmxRegister.java:tryRegister(44)) - Successfully registered JMX Bean with object name Ratis:service=RaftServer,group=group-FF386EC77000,id=e76b1ec9-b399-499f-a8ce-a1f080404f38
2024-03-15 21:39:02,125 [e76b1ec9-b399-499f-a8ce-a1f080404f38-groupManagement] INFO  server.RaftServerConfigKeys (ConfUtils.java:logGet(46)) - raft.server.snapshot.trigger-when-stop.enabled = true (default)
2024-03-15 21:39:02,125 [e76b1ec9-b399-499f-a8ce-a1f080404f38-groupManagement] INFO  server.RaftServerConfigKeys (ConfUtils.java:logGet(46)) - raft.server.snapshot.auto.trigger.enabled = true (custom)
2024-03-15 21:39:02,125 [e76b1ec9-b399-499f-a8ce-a1f080404f38-groupManagement] INFO  server.RaftServerConfigKeys (ConfUtils.java:logGet(46)) - raft.server.snapshot.auto.trigger.threshold = 10000 (custom)
2024-03-15 21:39:02,125 [e76b1ec9-b399-499f-a8ce-a1f080404f38-groupManagement] INFO  server.RaftServerConfigKeys (ConfUtils.java:logGet(46)) - raft.server.snapshot.retention.file.num = 5 (custom)
2024-03-15 21:39:02,125 [e76b1ec9-b399-499f-a8ce-a1f080404f38-groupManagement] INFO  server.RaftServerConfigKeys (ConfUtils.java:logGet(46)) - raft.server.log.purge.upto.snapshot.index = false (default)
2024-03-15 21:39:02,126 [e76b1ec9-b399-499f-a8ce-a1f080404f38@group-FF386EC77000-FollowerState] INFO  server.RaftServerConfigKeys (ConfUtils.java:logFallback(53)) - raft.server.rpc.first-election.timeout.min = 5s (fallback to raft.server.rpc.timeout.min)
2024-03-15 21:39:02,126 [e76b1ec9-b399-499f-a8ce-a1f080404f38@group-FF386EC77000-FollowerState] INFO  server.RaftServerConfigKeys (ConfUtils.java:logFallback(53)) - raft.server.rpc.first-election.timeout.max = 5200ms (fallback to raft.server.rpc.timeout.max)
2024-03-15 21:39:02,138 [e952460c-8236-4bec-b567-d040e1d0e4f9-PipelineCommandHandlerThread-0] INFO  commandhandler.CreatePipelineCommandHandler (CreatePipelineCommandHandler.java:lambda$handle$2(124)) - Created Pipeline RATIS THREE PipelineID=d0b92eac-8624-4392-91d7-ff386ec77000.
2024-03-15 21:39:02,143 [e76b1ec9-b399-499f-a8ce-a1f080404f38-PipelineCommandHandlerThread-0] INFO  server.RaftServer (RaftServerProxy.java:addNew(100)) - e76b1ec9-b399-499f-a8ce-a1f080404f38: addNew group-CC7984C646FB:[e76b1ec9-b399-499f-a8ce-a1f080404f38|10.1.0.11:15166] returns group-CC7984C646FB:java.util.concurrent.CompletableFuture@320939aa[Not completed]
2024-03-15 21:39:02,144 [e76b1ec9-b399-499f-a8ce-a1f080404f38-groupManagement] INFO  server.RaftServer$Division (RaftServerImpl.java:<init>(256)) - e76b1ec9-b399-499f-a8ce-a1f080404f38: new RaftServerImpl for group-CC7984C646FB:[e76b1ec9-b399-499f-a8ce-a1f080404f38|10.1.0.11:15166] with ContainerStateMachine:uninitialized
2024-03-15 21:39:02,144 [e76b1ec9-b399-499f-a8ce-a1f080404f38-groupManagement] INFO  server.RaftServerConfigKeys (ConfUtils.java:logGet(46)) - raft.server.rpc.timeout.min = 5s (custom)
2024-03-15 21:39:02,144 [e76b1ec9-b399-499f-a8ce-a1f080404f38-groupManagement] INFO  server.RaftServerConfigKeys (ConfUtils.java:logGet(46)) - raft.server.rpc.timeout.max = 5200ms (custom)
2024-03-15 21:39:02,144 [e76b1ec9-b399-499f-a8ce-a1f080404f38-groupManagement] INFO  server.RaftServerConfigKeys (ConfUtils.java:logGet(46)) - raft.server.rpc.sleep.time = 25ms (default)
2024-03-15 21:39:02,144 [e76b1ec9-b399-499f-a8ce-a1f080404f38-groupManagement] INFO  server.RaftServerConfigKeys (ConfUtils.java:logGet(46)) - raft.server.rpc.slowness.timeout = 300000ms (custom)
2024-03-15 21:39:02,144 [e76b1ec9-b399-499f-a8ce-a1f080404f38-groupManagement] INFO  server.RaftServerConfigKeys (ConfUtils.java:logGet(46)) - raft.server.leaderelection.leader.step-down.wait-time = 10s (default)
2024-03-15 21:39:02,144 [e76b1ec9-b399-499f-a8ce-a1f080404f38-groupManagement] INFO  server.RaftServerConfigKeys (ConfUtils.java:logGet(46)) - raft.server.leaderelection.member.majority-add = false (default)
2024-03-15 21:39:02,144 [e76b1ec9-b399-499f-a8ce-a1f080404f38-groupManagement] INFO  server.RaftServerConfigKeys (ConfUtils.java:logGet(46)) - raft.server.sleep.deviation.threshold = 300ms (default)
2024-03-15 21:39:02,145 [e76b1ec9-b399-499f-a8ce-a1f080404f38-groupManagement] INFO  server.RaftServer$Division (ServerState.java:<init>(113)) - e76b1ec9-b399-499f-a8ce-a1f080404f38@group-CC7984C646FB: ConfigurationManager, init=-1: peers:[e76b1ec9-b399-499f-a8ce-a1f080404f38|10.1.0.11:15166]|listeners:[], old=null, confs=<EMPTY_MAP>
2024-03-15 21:39:02,145 [e76b1ec9-b399-499f-a8ce-a1f080404f38-groupManagement] INFO  server.RaftServerConfigKeys (ConfUtils.java:logGet(46)) - raft.server.notification.no-leader.timeout = 300000ms (custom)
2024-03-15 21:39:02,145 [e76b1ec9-b399-499f-a8ce-a1f080404f38-groupManagement] INFO  server.RaftServerConfigKeys (ConfUtils.java:logGet(46)) - raft.server.read.timeout = 10s (default)
2024-03-15 21:39:02,145 [e76b1ec9-b399-499f-a8ce-a1f080404f38-groupManagement] INFO  server.RaftServerConfigKeys (ConfUtils.java:logGet(46)) - raft.server.retrycache.expirytime = 600000ms (custom)
2024-03-15 21:39:02,145 [e76b1ec9-b399-499f-a8ce-a1f080404f38-groupManagement] INFO  server.RaftServerConfigKeys (ConfUtils.java:logGet(46)) - raft.server.retrycache.statistics.expirytime = 100ms (default)
2024-03-15 21:39:02,145 [e76b1ec9-b399-499f-a8ce-a1f080404f38-groupManagement] INFO  server.RaftServerConfigKeys (ConfUtils.java:logGet(46)) - raft.server.read.option = DEFAULT (default)
2024-03-15 21:39:02,145 [e76b1ec9-b399-499f-a8ce-a1f080404f38-groupManagement] INFO  server.RaftServerConfigKeys (ConfUtils.java:logGet(46)) - raft.server.read.read-after-write-consistent.write-index-cache.expiry-time = 60s (default)
2024-03-15 21:39:02,147 [e76b1ec9-b399-499f-a8ce-a1f080404f38-groupManagement] INFO  server.RaftServerConfigKeys (ConfUtils.java:logGet(46)) - raft.server.rpc.request.timeout = 3000ms (default)
2024-03-15 21:39:02,147 [e76b1ec9-b399-499f-a8ce-a1f080404f38-groupManagement] INFO  server.RaftServerConfigKeys (ConfUtils.java:logGet(46)) - raft.server.log.appender.install.snapshot.enabled = false (custom)
2024-03-15 21:39:02,147 [e76b1ec9-b399-499f-a8ce-a1f080404f38-groupManagement] INFO  server.RaftServerConfigKeys (ConfUtils.java:logGet(46)) - raft.server.threadpool.server.cached = true (default)
2024-03-15 21:39:02,147 [e76b1ec9-b399-499f-a8ce-a1f080404f38-groupManagement] INFO  server.RaftServerConfigKeys (ConfUtils.java:logGet(46)) - raft.server.threadpool.server.size = 0 (default)
2024-03-15 21:39:02,147 [e76b1ec9-b399-499f-a8ce-a1f080404f38-groupManagement] INFO  server.RaftServerConfigKeys (ConfUtils.java:logGet(46)) - raft.server.threadpool.client.cached = true (default)
2024-03-15 21:39:02,147 [e76b1ec9-b399-499f-a8ce-a1f080404f38-groupManagement] INFO  server.RaftServerConfigKeys (ConfUtils.java:logGet(46)) - raft.server.threadpool.client.size = 0 (default)
2024-03-15 21:39:02,147 [e76b1ec9-b399-499f-a8ce-a1f080404f38-groupManagement] INFO  server.RaftServerConfigKeys (ConfUtils.java:logGet(46)) - raft.server.storage.free-space.min = 0MB (=0) (default)
2024-03-15 21:39:02,147 [e76b1ec9-b399-499f-a8ce-a1f080404f38-groupManagement] INFO  server.RaftServerConfigKeys (ConfUtils.java:logGet(46)) - raft.server.log.corruption.policy = EXCEPTION (default)
2024-03-15 21:39:02,147 [e76b1ec9-b399-499f-a8ce-a1f080404f38-groupManagement] INFO  server.RaftServerConfigKeys (ConfUtils.java:logGet(46)) - raft.server.storage.dir = [/home/runner/work/ozone/ozone/hadoop-ozone/integration-test/target/test-dir/MiniOzoneClusterImpl-3a4de177-78ca-4f6d-b60b-6b5c736a6a4e/ozone-meta/datanode-8/ratis] (custom)
2024-03-15 21:39:02,148 [e76b1ec9-b399-499f-a8ce-a1f080404f38-groupManagement] INFO  storage.RaftStorageDirectory (RaftStorageDirectoryImpl.java:analyzeStorage(138)) - The storage directory /home/runner/work/ozone/ozone/hadoop-ozone/integration-test/target/test-dir/MiniOzoneClusterImpl-3a4de177-78ca-4f6d-b60b-6b5c736a6a4e/ozone-meta/datanode-8/ratis/e9349c41-e28b-4c31-aff5-cc7984c646fb does not exist. Creating ...
2024-03-15 21:39:02,149 [e76b1ec9-b399-499f-a8ce-a1f080404f38-groupManagement] INFO  storage.RaftStorageDirectory (RaftStorageDirectoryImpl.java:tryLock(228)) - Lock on /home/runner/work/ozone/ozone/hadoop-ozone/integration-test/target/test-dir/MiniOzoneClusterImpl-3a4de177-78ca-4f6d-b60b-6b5c736a6a4e/ozone-meta/datanode-8/ratis/e9349c41-e28b-4c31-aff5-cc7984c646fb/in_use.lock acquired by nodename 60682@fv-az528-102
2024-03-15 21:39:02,149 [e76b1ec9-b399-499f-a8ce-a1f080404f38-groupManagement] INFO  storage.RaftStorage (RaftStorageImpl.java:format(99)) - Storage directory /home/runner/work/ozone/ozone/hadoop-ozone/integration-test/target/test-dir/MiniOzoneClusterImpl-3a4de177-78ca-4f6d-b60b-6b5c736a6a4e/ozone-meta/datanode-8/ratis/e9349c41-e28b-4c31-aff5-cc7984c646fb has been successfully formatted.
2024-03-15 21:39:02,149 [e76b1ec9-b399-499f-a8ce-a1f080404f38-groupManagement] WARN  util.FileUtils (LogUtils.java:supplyAndLog(63)) - Failed to Files.newInputStream /home/runner/work/ozone/ozone/hadoop-ozone/integration-test/target/test-dir/MiniOzoneClusterImpl-3a4de177-78ca-4f6d-b60b-6b5c736a6a4e/ozone-meta/datanode-8/ratis/e9349c41-e28b-4c31-aff5-cc7984c646fb/current/raft-meta.conf with options []: java.nio.file.NoSuchFileException: /home/runner/work/ozone/ozone/hadoop-ozone/integration-test/target/test-dir/MiniOzoneClusterImpl-3a4de177-78ca-4f6d-b60b-6b5c736a6a4e/ozone-meta/datanode-8/ratis/e9349c41-e28b-4c31-aff5-cc7984c646fb/current/raft-meta.conf
2024-03-15 21:39:02,150 [e76b1ec9-b399-499f-a8ce-a1f080404f38-groupManagement] INFO  ratis.ContainerStateMachine (ContainerStateMachine.java:loadSnapshot(287)) - group-CC7984C646FB: The snapshot info is null. Setting the last applied index to:(t:0, i:~)
2024-03-15 21:39:02,150 [e76b1ec9-b399-499f-a8ce-a1f080404f38-groupManagement] INFO  server.RaftServerConfigKeys (ConfUtils.java:logGet(46)) - raft.server.log.use.memory = false (default)
2024-03-15 21:39:02,150 [e76b1ec9-b399-499f-a8ce-a1f080404f38-groupManagement] INFO  server.RaftServerConfigKeys (ConfUtils.java:logGet(46)) - raft.server.log.purge.gap = 1000000 (custom)
2024-03-15 21:39:02,150 [e76b1ec9-b399-499f-a8ce-a1f080404f38-groupManagement] INFO  server.RaftServerConfigKeys (ConfUtils.java:logGet(46)) - raft.server.log.appender.buffer.byte-limit = 8388608 (custom)
2024-03-15 21:39:02,150 [e76b1ec9-b399-499f-a8ce-a1f080404f38-groupManagement] INFO  server.RaftServerConfigKeys (ConfUtils.java:logGet(46)) - raft.server.log.statemachine.data.read.timeout = 1000ms (default)
2024-03-15 21:39:02,150 [e76b1ec9-b399-499f-a8ce-a1f080404f38-groupManagement] INFO  server.RaftServerConfigKeys (ConfUtils.java:logGet(46)) - raft.server.log.purge.preservation.log.num = 0 (default)
2024-03-15 21:39:02,151 [EventQueue-PipelineReportForPipelineReportHandler] INFO  pipeline.PipelineReportHandler (PipelineReportHandler.java:processPipelineReport(136)) - Opened pipeline PipelineID=e9349c41-e28b-4c31-aff5-cc7984c646fb
2024-03-15 21:39:02,151 [EventQueue-OpenPipelineForHealthyPipelineSafeModeRule] INFO  safemode.SCMSafeModeManager (HealthyPipelineSafeModeRule.java:process(140)) - SCM in safe mode. Healthy pipelines reported count is 0, required healthy pipeline reported count is 1
2024-03-15 21:39:02,152 [e76b1ec9-b399-499f-a8ce-a1f080404f38-groupManagement] INFO  server.RaftServerConfigKeys (ConfUtils.java:logGet(46)) - raft.server.log.segment.size.max = 67108864 (custom)
2024-03-15 21:39:02,152 [e76b1ec9-b399-499f-a8ce-a1f080404f38-groupManagement] INFO  server.RaftServerConfigKeys (ConfUtils.java:logGet(46)) - raft.server.log.segment.cache.num.max = 2 (custom)
2024-03-15 21:39:02,152 [e76b1ec9-b399-499f-a8ce-a1f080404f38-groupManagement] INFO  server.RaftServerConfigKeys (ConfUtils.java:logGet(46)) - raft.server.log.segment.cache.size.max = 200MB (=209715200) (default)
2024-03-15 21:39:02,152 [e76b1ec9-b399-499f-a8ce-a1f080404f38-groupManagement] INFO  server.RaftServerConfigKeys (ConfUtils.java:logGet(46)) - raft.server.log.appender.buffer.byte-limit = 8388608 (custom)
2024-03-15 21:39:02,152 [e76b1ec9-b399-499f-a8ce-a1f080404f38-groupManagement] INFO  util.AwaitToRun (AwaitToRun.java:start(81)) - Thread[e76b1ec9-b399-499f-a8ce-a1f080404f38@group-CC7984C646FB-cacheEviction-AwaitToRun,5,main] started
2024-03-15 21:39:02,152 [e76b1ec9-b399-499f-a8ce-a1f080404f38-groupManagement] INFO  segmented.SegmentedRaftLogWorker (SegmentedRaftLogWorker.java:<init>(182)) - new e76b1ec9-b399-499f-a8ce-a1f080404f38@group-CC7984C646FB-SegmentedRaftLogWorker for RaftStorageImpl:Storage Directory /home/runner/work/ozone/ozone/hadoop-ozone/integration-test/target/test-dir/MiniOzoneClusterImpl-3a4de177-78ca-4f6d-b60b-6b5c736a6a4e/ozone-meta/datanode-8/ratis/e9349c41-e28b-4c31-aff5-cc7984c646fb
2024-03-15 21:39:02,152 [e76b1ec9-b399-499f-a8ce-a1f080404f38-groupManagement] INFO  server.RaftServerConfigKeys (ConfUtils.java:logGet(46)) - raft.server.log.queue.byte-limit = 4294967296 (custom)
2024-03-15 21:39:02,153 [e76b1ec9-b399-499f-a8ce-a1f080404f38-groupManagement] INFO  server.RaftServerConfigKeys (ConfUtils.java:logGet(46)) - raft.server.log.queue.element-limit = 1024 (custom)
2024-03-15 21:39:02,153 [e76b1ec9-b399-499f-a8ce-a1f080404f38-groupManagement] INFO  server.RaftServerConfigKeys (ConfUtils.java:logGet(46)) - raft.server.log.segment.size.max = 67108864 (custom)
2024-03-15 21:39:02,153 [e76b1ec9-b399-499f-a8ce-a1f080404f38-groupManagement] INFO  server.RaftServerConfigKeys (ConfUtils.java:logGet(46)) - raft.server.log.preallocated.size = 4194304 (custom)
2024-03-15 21:39:02,153 [e76b1ec9-b399-499f-a8ce-a1f080404f38-groupManagement] INFO  server.RaftServerConfigKeys (ConfUtils.java:logGet(46)) - raft.server.log.force.sync.num = 128 (default)
2024-03-15 21:39:02,154 [e76b1ec9-b399-499f-a8ce-a1f080404f38-groupManagement] INFO  server.RaftServerConfigKeys (ConfUtils.java:logGet(46)) - raft.server.log.statemachine.data.sync = true (default)
2024-03-15 21:39:02,154 [e76b1ec9-b399-499f-a8ce-a1f080404f38-groupManagement] INFO  server.RaftServerConfigKeys (ConfUtils.java:logGet(46)) - raft.server.log.statemachine.data.sync.timeout = 10s (default)
2024-03-15 21:39:02,154 [e76b1ec9-b399-499f-a8ce-a1f080404f38-groupManagement] INFO  server.RaftServerConfigKeys (ConfUtils.java:logGet(46)) - raft.server.log.statemachine.data.sync.timeout.retry = 0 (custom)
2024-03-15 21:39:02,154 [e76b1ec9-b399-499f-a8ce-a1f080404f38-groupManagement] INFO  server.RaftServerConfigKeys (ConfUtils.java:logGet(46)) - raft.server.log.write.buffer.size = 8388616 (custom)
2024-03-15 21:39:02,155 [e76b1ec9-b399-499f-a8ce-a1f080404f38-groupManagement] INFO  server.RaftServerConfigKeys (ConfUtils.java:logGet(46)) - raft.server.log.appender.buffer.byte-limit = 8388608 (custom)
2024-03-15 21:39:02,155 [e76b1ec9-b399-499f-a8ce-a1f080404f38-groupManagement] INFO  server.RaftServerConfigKeys (ConfUtils.java:logGet(46)) - raft.server.log.unsafe-flush.enabled = false (default)
2024-03-15 21:39:02,155 [e76b1ec9-b399-499f-a8ce-a1f080404f38-groupManagement] INFO  server.RaftServerConfigKeys (ConfUtils.java:logGet(46)) - raft.server.log.async-flush.enabled = false (default)
2024-03-15 21:39:02,155 [e76b1ec9-b399-499f-a8ce-a1f080404f38-groupManagement] INFO  server.RaftServerConfigKeys (ConfUtils.java:logGet(46)) - raft.server.log.statemachine.data.caching.enabled = true (custom)
2024-03-15 21:39:02,155 [e76b1ec9-b399-499f-a8ce-a1f080404f38-groupManagement] INFO  segmented.SegmentedRaftLogWorker (SegmentedRaftLogWorker.java:lambda$new$0(134)) - e76b1ec9-b399-499f-a8ce-a1f080404f38@group-CC7984C646FB-SegmentedRaftLogWorker: flushIndex: setUnconditionally 0 -> -1
2024-03-15 21:39:02,156 [e76b1ec9-b399-499f-a8ce-a1f080404f38-groupManagement] INFO  segmented.SegmentedRaftLogWorker (SegmentedRaftLogWorker.java:lambda$new$0(134)) - e76b1ec9-b399-499f-a8ce-a1f080404f38@group-CC7984C646FB-SegmentedRaftLogWorker: safeCacheEvictIndex: setUnconditionally 0 -> -1
2024-03-15 21:39:02,156 [e76b1ec9-b399-499f-a8ce-a1f080404f38-groupManagement] INFO  server.RaftServer$Division (RaftServerImpl.java:start(396)) - e76b1ec9-b399-499f-a8ce-a1f080404f38@group-CC7984C646FB: start as a follower, conf=-1: peers:[e76b1ec9-b399-499f-a8ce-a1f080404f38|10.1.0.11:15166]|listeners:[], old=null
2024-03-15 21:39:02,156 [e76b1ec9-b399-499f-a8ce-a1f080404f38-groupManagement] INFO  server.RaftServer$Division (RaftServerImpl.java:setRole(383)) - e76b1ec9-b399-499f-a8ce-a1f080404f38@group-CC7984C646FB: changes role from      null to FOLLOWER at term 0 for startAsFollower
2024-03-15 21:39:02,156 [e76b1ec9-b399-499f-a8ce-a1f080404f38-groupManagement] INFO  impl.RoleInfo (RoleInfo.java:updateAndGet(139)) - e76b1ec9-b399-499f-a8ce-a1f080404f38: start e76b1ec9-b399-499f-a8ce-a1f080404f38@group-CC7984C646FB-FollowerState
2024-03-15 21:39:02,156 [e76b1ec9-b399-499f-a8ce-a1f080404f38-groupManagement] INFO  util.JmxRegister (JmxRegister.java:tryRegister(44)) - Successfully registered JMX Bean with object name Ratis:service=RaftServer,group=group-CC7984C646FB,id=e76b1ec9-b399-499f-a8ce-a1f080404f38
2024-03-15 21:39:02,156 [e76b1ec9-b399-499f-a8ce-a1f080404f38@group-CC7984C646FB-FollowerState] INFO  server.RaftServerConfigKeys (ConfUtils.java:logFallback(53)) - raft.server.rpc.first-election.timeout.min = 5s (fallback to raft.server.rpc.timeout.min)
2024-03-15 21:39:02,156 [e76b1ec9-b399-499f-a8ce-a1f080404f38-groupManagement] INFO  server.RaftServerConfigKeys (ConfUtils.java:logGet(46)) - raft.server.snapshot.trigger-when-stop.enabled = true (default)
2024-03-15 21:39:02,156 [e76b1ec9-b399-499f-a8ce-a1f080404f38@group-CC7984C646FB-FollowerState] INFO  server.RaftServerConfigKeys (ConfUtils.java:logFallback(53)) - raft.server.rpc.first-election.timeout.max = 5200ms (fallback to raft.server.rpc.timeout.max)
2024-03-15 21:39:02,156 [e76b1ec9-b399-499f-a8ce-a1f080404f38-groupManagement] INFO  server.RaftServerConfigKeys (ConfUtils.java:logGet(46)) - raft.server.snapshot.auto.trigger.enabled = true (custom)
2024-03-15 21:39:02,156 [e76b1ec9-b399-499f-a8ce-a1f080404f38-groupManagement] INFO  server.RaftServerConfigKeys (ConfUtils.java:logGet(46)) - raft.server.snapshot.auto.trigger.threshold = 10000 (custom)
2024-03-15 21:39:02,156 [e76b1ec9-b399-499f-a8ce-a1f080404f38-groupManagement] INFO  server.RaftServerConfigKeys (ConfUtils.java:logGet(46)) - raft.server.snapshot.retention.file.num = 5 (custom)
2024-03-15 21:39:02,156 [e76b1ec9-b399-499f-a8ce-a1f080404f38-groupManagement] INFO  server.RaftServerConfigKeys (ConfUtils.java:logGet(46)) - raft.server.log.purge.upto.snapshot.index = false (default)
2024-03-15 21:39:02,158 [e76b1ec9-b399-499f-a8ce-a1f080404f38-PipelineCommandHandlerThread-0] INFO  ratis.XceiverServerRatis (XceiverServerRatis.java:addGroup(864)) - Created group PipelineID=e9349c41-e28b-4c31-aff5-cc7984c646fb
2024-03-15 21:39:02,158 [e76b1ec9-b399-499f-a8ce-a1f080404f38-PipelineCommandHandlerThread-0] INFO  commandhandler.CreatePipelineCommandHandler (CreatePipelineCommandHandler.java:lambda$handle$2(124)) - Created Pipeline RATIS ONE PipelineID=e9349c41-e28b-4c31-aff5-cc7984c646fb.
2024-03-15 21:39:02,246 [8b353431-6b66-4460-9602-55c815b93317-PipelineCommandHandlerThread-0] INFO  server.RaftServer (RaftServerProxy.java:addNew(100)) - 8b353431-6b66-4460-9602-55c815b93317: addNew group-33D64F3E057E:[8b353431-6b66-4460-9602-55c815b93317|10.1.0.11:15175] returns group-33D64F3E057E:java.util.concurrent.CompletableFuture@7245d4fd[Not completed]
2024-03-15 21:39:02,246 [8b353431-6b66-4460-9602-55c815b93317-groupManagement] INFO  server.RaftServer$Division (RaftServerImpl.java:<init>(256)) - 8b353431-6b66-4460-9602-55c815b93317: new RaftServerImpl for group-33D64F3E057E:[8b353431-6b66-4460-9602-55c815b93317|10.1.0.11:15175] with ContainerStateMachine:uninitialized
2024-03-15 21:39:02,246 [8b353431-6b66-4460-9602-55c815b93317-groupManagement] INFO  server.RaftServerConfigKeys (ConfUtils.java:logGet(46)) - raft.server.rpc.timeout.min = 5s (custom)
2024-03-15 21:39:02,247 [8b353431-6b66-4460-9602-55c815b93317-groupManagement] INFO  server.RaftServerConfigKeys (ConfUtils.java:logGet(46)) - raft.server.rpc.timeout.max = 5200ms (custom)
2024-03-15 21:39:02,247 [8b353431-6b66-4460-9602-55c815b93317-groupManagement] INFO  server.RaftServerConfigKeys (ConfUtils.java:logGet(46)) - raft.server.rpc.sleep.time = 25ms (default)
2024-03-15 21:39:02,247 [8b353431-6b66-4460-9602-55c815b93317-groupManagement] INFO  server.RaftServerConfigKeys (ConfUtils.java:logGet(46)) - raft.server.rpc.slowness.timeout = 300000ms (custom)
2024-03-15 21:39:02,247 [8b353431-6b66-4460-9602-55c815b93317-groupManagement] INFO  server.RaftServerConfigKeys (ConfUtils.java:logGet(46)) - raft.server.leaderelection.leader.step-down.wait-time = 10s (default)
2024-03-15 21:39:02,247 [8b353431-6b66-4460-9602-55c815b93317-groupManagement] INFO  server.RaftServerConfigKeys (ConfUtils.java:logGet(46)) - raft.server.leaderelection.member.majority-add = false (default)
2024-03-15 21:39:02,247 [8b353431-6b66-4460-9602-55c815b93317-groupManagement] INFO  server.RaftServerConfigKeys (ConfUtils.java:logGet(46)) - raft.server.sleep.deviation.threshold = 300ms (default)
2024-03-15 21:39:02,247 [8b353431-6b66-4460-9602-55c815b93317-groupManagement] INFO  server.RaftServer$Division (ServerState.java:<init>(113)) - 8b353431-6b66-4460-9602-55c815b93317@group-33D64F3E057E: ConfigurationManager, init=-1: peers:[8b353431-6b66-4460-9602-55c815b93317|10.1.0.11:15175]|listeners:[], old=null, confs=<EMPTY_MAP>
2024-03-15 21:39:02,247 [8b353431-6b66-4460-9602-55c815b93317-groupManagement] INFO  server.RaftServerConfigKeys (ConfUtils.java:logGet(46)) - raft.server.notification.no-leader.timeout = 300000ms (custom)
2024-03-15 21:39:02,247 [8b353431-6b66-4460-9602-55c815b93317-groupManagement] INFO  server.RaftServerConfigKeys (ConfUtils.java:logGet(46)) - raft.server.read.timeout = 10s (default)
2024-03-15 21:39:02,247 [8b353431-6b66-4460-9602-55c815b93317-groupManagement] INFO  server.RaftServerConfigKeys (ConfUtils.java:logGet(46)) - raft.server.retrycache.expirytime = 600000ms (custom)
2024-03-15 21:39:02,247 [8b353431-6b66-4460-9602-55c815b93317-groupManagement] INFO  server.RaftServerConfigKeys (ConfUtils.java:logGet(46)) - raft.server.retrycache.statistics.expirytime = 100ms (default)
2024-03-15 21:39:02,247 [8b353431-6b66-4460-9602-55c815b93317-groupManagement] INFO  server.RaftServerConfigKeys (ConfUtils.java:logGet(46)) - raft.server.read.option = DEFAULT (default)
2024-03-15 21:39:02,247 [8b353431-6b66-4460-9602-55c815b93317-groupManagement] INFO  server.RaftServerConfigKeys (ConfUtils.java:logGet(46)) - raft.server.read.read-after-write-consistent.write-index-cache.expiry-time = 60s (default)
2024-03-15 21:39:02,249 [main] INFO  ozone.MiniOzoneClusterImpl (MiniOzoneClusterImpl.java:lambda$waitForClusterToBeReady$0(194)) - Nodes are ready. Got 9 of 9 DN Heartbeats.
2024-03-15 21:39:02,249 [main] INFO  ozone.MiniOzoneClusterImpl (MiniOzoneClusterImpl.java:lambda$waitForClusterToBeReady$0(197)) - Waiting for cluster to exit safe mode
2024-03-15 21:39:02,249 [main] INFO  ozone.MiniOzoneClusterImpl (MiniOzoneClusterImpl.java:lambda$waitForClusterToBeReady$0(199)) - SCM became leader
2024-03-15 21:39:02,250 [8b353431-6b66-4460-9602-55c815b93317-groupManagement] INFO  server.RaftServerConfigKeys (ConfUtils.java:logGet(46)) - raft.server.rpc.request.timeout = 3000ms (default)
2024-03-15 21:39:02,250 [8b353431-6b66-4460-9602-55c815b93317-groupManagement] INFO  server.RaftServerConfigKeys (ConfUtils.java:logGet(46)) - raft.server.log.appender.install.snapshot.enabled = false (custom)
2024-03-15 21:39:02,250 [8b353431-6b66-4460-9602-55c815b93317-groupManagement] INFO  server.RaftServerConfigKeys (ConfUtils.java:logGet(46)) - raft.server.threadpool.server.cached = true (default)
2024-03-15 21:39:02,250 [8b353431-6b66-4460-9602-55c815b93317-groupManagement] INFO  server.RaftServerConfigKeys (ConfUtils.java:logGet(46)) - raft.server.threadpool.server.size = 0 (default)
2024-03-15 21:39:02,250 [8b353431-6b66-4460-9602-55c815b93317-groupManagement] INFO  server.RaftServerConfigKeys (ConfUtils.java:logGet(46)) - raft.server.threadpool.client.cached = true (default)
2024-03-15 21:39:02,250 [8b353431-6b66-4460-9602-55c815b93317-groupManagement] INFO  server.RaftServerConfigKeys (ConfUtils.java:logGet(46)) - raft.server.threadpool.client.size = 0 (default)
2024-03-15 21:39:02,250 [8b353431-6b66-4460-9602-55c815b93317-groupManagement] INFO  server.RaftServerConfigKeys (ConfUtils.java:logGet(46)) - raft.server.storage.free-space.min = 0MB (=0) (default)
2024-03-15 21:39:02,250 [8b353431-6b66-4460-9602-55c815b93317-groupManagement] INFO  server.RaftServerConfigKeys (ConfUtils.java:logGet(46)) - raft.server.log.corruption.policy = EXCEPTION (default)
2024-03-15 21:39:02,250 [8b353431-6b66-4460-9602-55c815b93317-groupManagement] INFO  server.RaftServerConfigKeys (ConfUtils.java:logGet(46)) - raft.server.storage.dir = [/home/runner/work/ozone/ozone/hadoop-ozone/integration-test/target/test-dir/MiniOzoneClusterImpl-3a4de177-78ca-4f6d-b60b-6b5c736a6a4e/ozone-meta/datanode-9/ratis] (custom)
2024-03-15 21:39:02,250 [8b353431-6b66-4460-9602-55c815b93317-groupManagement] INFO  storage.RaftStorageDirectory (RaftStorageDirectoryImpl.java:analyzeStorage(138)) - The storage directory /home/runner/work/ozone/ozone/hadoop-ozone/integration-test/target/test-dir/MiniOzoneClusterImpl-3a4de177-78ca-4f6d-b60b-6b5c736a6a4e/ozone-meta/datanode-9/ratis/1cdcb637-a27b-4e5f-a9d3-33d64f3e057e does not exist. Creating ...
2024-03-15 21:39:02,251 [8b353431-6b66-4460-9602-55c815b93317-groupManagement] INFO  storage.RaftStorageDirectory (RaftStorageDirectoryImpl.java:tryLock(228)) - Lock on /home/runner/work/ozone/ozone/hadoop-ozone/integration-test/target/test-dir/MiniOzoneClusterImpl-3a4de177-78ca-4f6d-b60b-6b5c736a6a4e/ozone-meta/datanode-9/ratis/1cdcb637-a27b-4e5f-a9d3-33d64f3e057e/in_use.lock acquired by nodename 60682@fv-az528-102
2024-03-15 21:39:02,252 [8b353431-6b66-4460-9602-55c815b93317-groupManagement] INFO  storage.RaftStorage (RaftStorageImpl.java:format(99)) - Storage directory /home/runner/work/ozone/ozone/hadoop-ozone/integration-test/target/test-dir/MiniOzoneClusterImpl-3a4de177-78ca-4f6d-b60b-6b5c736a6a4e/ozone-meta/datanode-9/ratis/1cdcb637-a27b-4e5f-a9d3-33d64f3e057e has been successfully formatted.
2024-03-15 21:39:02,252 [8b353431-6b66-4460-9602-55c815b93317-groupManagement] WARN  util.FileUtils (LogUtils.java:supplyAndLog(63)) - Failed to Files.newInputStream /home/runner/work/ozone/ozone/hadoop-ozone/integration-test/target/test-dir/MiniOzoneClusterImpl-3a4de177-78ca-4f6d-b60b-6b5c736a6a4e/ozone-meta/datanode-9/ratis/1cdcb637-a27b-4e5f-a9d3-33d64f3e057e/current/raft-meta.conf with options []: java.nio.file.NoSuchFileException: /home/runner/work/ozone/ozone/hadoop-ozone/integration-test/target/test-dir/MiniOzoneClusterImpl-3a4de177-78ca-4f6d-b60b-6b5c736a6a4e/ozone-meta/datanode-9/ratis/1cdcb637-a27b-4e5f-a9d3-33d64f3e057e/current/raft-meta.conf
2024-03-15 21:39:02,253 [8b353431-6b66-4460-9602-55c815b93317-groupManagement] INFO  ratis.ContainerStateMachine (ContainerStateMachine.java:loadSnapshot(287)) - group-33D64F3E057E: The snapshot info is null. Setting the last applied index to:(t:0, i:~)
2024-03-15 21:39:02,253 [8b353431-6b66-4460-9602-55c815b93317-groupManagement] INFO  server.RaftServerConfigKeys (ConfUtils.java:logGet(46)) - raft.server.log.use.memory = false (default)
2024-03-15 21:39:02,253 [8b353431-6b66-4460-9602-55c815b93317-groupManagement] INFO  server.RaftServerConfigKeys (ConfUtils.java:logGet(46)) - raft.server.log.purge.gap = 1000000 (custom)
2024-03-15 21:39:02,254 [8b353431-6b66-4460-9602-55c815b93317-groupManagement] INFO  server.RaftServerConfigKeys (ConfUtils.java:logGet(46)) - raft.server.log.appender.buffer.byte-limit = 8388608 (custom)
2024-03-15 21:39:02,254 [8b353431-6b66-4460-9602-55c815b93317-groupManagement] INFO  server.RaftServerConfigKeys (ConfUtils.java:logGet(46)) - raft.server.log.statemachine.data.read.timeout = 1000ms (default)
2024-03-15 21:39:02,254 [8b353431-6b66-4460-9602-55c815b93317-groupManagement] INFO  server.RaftServerConfigKeys (ConfUtils.java:logGet(46)) - raft.server.log.purge.preservation.log.num = 0 (default)
2024-03-15 21:39:02,254 [EventQueue-PipelineReportForPipelineReportHandler] INFO  pipeline.PipelineReportHandler (PipelineReportHandler.java:processPipelineReport(136)) - Opened pipeline PipelineID=1cdcb637-a27b-4e5f-a9d3-33d64f3e057e
2024-03-15 21:39:02,254 [EventQueue-OpenPipelineForHealthyPipelineSafeModeRule] INFO  safemode.SCMSafeModeManager (HealthyPipelineSafeModeRule.java:process(140)) - SCM in safe mode. Healthy pipelines reported count is 0, required healthy pipeline reported count is 1
2024-03-15 21:39:02,255 [8b353431-6b66-4460-9602-55c815b93317-groupManagement] INFO  server.RaftServerConfigKeys (ConfUtils.java:logGet(46)) - raft.server.log.segment.size.max = 67108864 (custom)
2024-03-15 21:39:02,255 [8b353431-6b66-4460-9602-55c815b93317-groupManagement] INFO  server.RaftServerConfigKeys (ConfUtils.java:logGet(46)) - raft.server.log.segment.cache.num.max = 2 (custom)
2024-03-15 21:39:02,255 [8b353431-6b66-4460-9602-55c815b93317-groupManagement] INFO  server.RaftServerConfigKeys (ConfUtils.java:logGet(46)) - raft.server.log.segment.cache.size.max = 200MB (=209715200) (default)
2024-03-15 21:39:02,255 [8b353431-6b66-4460-9602-55c815b93317-groupManagement] INFO  server.RaftServerConfigKeys (ConfUtils.java:logGet(46)) - raft.server.log.appender.buffer.byte-limit = 8388608 (custom)
2024-03-15 21:39:02,256 [8b353431-6b66-4460-9602-55c815b93317-groupManagement] INFO  util.AwaitToRun (AwaitToRun.java:start(81)) - Thread[8b353431-6b66-4460-9602-55c815b93317@group-33D64F3E057E-cacheEviction-AwaitToRun,5,main] started
2024-03-15 21:39:02,256 [8b353431-6b66-4460-9602-55c815b93317-groupManagement] INFO  segmented.SegmentedRaftLogWorker (SegmentedRaftLogWorker.java:<init>(182)) - new 8b353431-6b66-4460-9602-55c815b93317@group-33D64F3E057E-SegmentedRaftLogWorker for RaftStorageImpl:Storage Directory /home/runner/work/ozone/ozone/hadoop-ozone/integration-test/target/test-dir/MiniOzoneClusterImpl-3a4de177-78ca-4f6d-b60b-6b5c736a6a4e/ozone-meta/datanode-9/ratis/1cdcb637-a27b-4e5f-a9d3-33d64f3e057e
2024-03-15 21:39:02,256 [8b353431-6b66-4460-9602-55c815b93317-groupManagement] INFO  server.RaftServerConfigKeys (ConfUtils.java:logGet(46)) - raft.server.log.queue.byte-limit = 4294967296 (custom)
2024-03-15 21:39:02,256 [8b353431-6b66-4460-9602-55c815b93317-groupManagement] INFO  server.RaftServerConfigKeys (ConfUtils.java:logGet(46)) - raft.server.log.queue.element-limit = 1024 (custom)
2024-03-15 21:39:02,256 [8b353431-6b66-4460-9602-55c815b93317-groupManagement] INFO  server.RaftServerConfigKeys (ConfUtils.java:logGet(46)) - raft.server.log.segment.size.max = 67108864 (custom)
2024-03-15 21:39:02,256 [8b353431-6b66-4460-9602-55c815b93317-groupManagement] INFO  server.RaftServerConfigKeys (ConfUtils.java:logGet(46)) - raft.server.log.preallocated.size = 4194304 (custom)
2024-03-15 21:39:02,256 [8b353431-6b66-4460-9602-55c815b93317-groupManagement] INFO  server.RaftServerConfigKeys (ConfUtils.java:logGet(46)) - raft.server.log.force.sync.num = 128 (default)
2024-03-15 21:39:02,256 [8b353431-6b66-4460-9602-55c815b93317-groupManagement] INFO  server.RaftServerConfigKeys (ConfUtils.java:logGet(46)) - raft.server.log.statemachine.data.sync = true (default)
2024-03-15 21:39:02,256 [8b353431-6b66-4460-9602-55c815b93317-groupManagement] INFO  server.RaftServerConfigKeys (ConfUtils.java:logGet(46)) - raft.server.log.statemachine.data.sync.timeout = 10s (default)
2024-03-15 21:39:02,256 [8b353431-6b66-4460-9602-55c815b93317-groupManagement] INFO  server.RaftServerConfigKeys (ConfUtils.java:logGet(46)) - raft.server.log.statemachine.data.sync.timeout.retry = 0 (custom)
2024-03-15 21:39:02,256 [8b353431-6b66-4460-9602-55c815b93317-groupManagement] INFO  server.RaftServerConfigKeys (ConfUtils.java:logGet(46)) - raft.server.log.write.buffer.size = 8388616 (custom)
2024-03-15 21:39:02,258 [8b353431-6b66-4460-9602-55c815b93317-groupManagement] INFO  server.RaftServerConfigKeys (ConfUtils.java:logGet(46)) - raft.server.log.appender.buffer.byte-limit = 8388608 (custom)
2024-03-15 21:39:02,258 [8b353431-6b66-4460-9602-55c815b93317-groupManagement] INFO  server.RaftServerConfigKeys (ConfUtils.java:logGet(46)) - raft.server.log.unsafe-flush.enabled = false (default)
2024-03-15 21:39:02,258 [8b353431-6b66-4460-9602-55c815b93317-groupManagement] INFO  server.RaftServerConfigKeys (ConfUtils.java:logGet(46)) - raft.server.log.async-flush.enabled = false (default)
2024-03-15 21:39:02,258 [8b353431-6b66-4460-9602-55c815b93317-groupManagement] INFO  server.RaftServerConfigKeys (ConfUtils.java:logGet(46)) - raft.server.log.statemachine.data.caching.enabled = true (custom)
2024-03-15 21:39:02,258 [8b353431-6b66-4460-9602-55c815b93317-groupManagement] INFO  segmented.SegmentedRaftLogWorker (SegmentedRaftLogWorker.java:lambda$new$0(134)) - 8b353431-6b66-4460-9602-55c815b93317@group-33D64F3E057E-SegmentedRaftLogWorker: flushIndex: setUnconditionally 0 -> -1
2024-03-15 21:39:02,258 [8b353431-6b66-4460-9602-55c815b93317-groupManagement] INFO  segmented.SegmentedRaftLogWorker (SegmentedRaftLogWorker.java:lambda$new$0(134)) - 8b353431-6b66-4460-9602-55c815b93317@group-33D64F3E057E-SegmentedRaftLogWorker: safeCacheEvictIndex: setUnconditionally 0 -> -1
2024-03-15 21:39:02,258 [8b353431-6b66-4460-9602-55c815b93317-groupManagement] INFO  server.RaftServer$Division (RaftServerImpl.java:start(396)) - 8b353431-6b66-4460-9602-55c815b93317@group-33D64F3E057E: start as a follower, conf=-1: peers:[8b353431-6b66-4460-9602-55c815b93317|10.1.0.11:15175]|listeners:[], old=null
2024-03-15 21:39:02,258 [8b353431-6b66-4460-9602-55c815b93317-groupManagement] INFO  server.RaftServer$Division (RaftServerImpl.java:setRole(383)) - 8b353431-6b66-4460-9602-55c815b93317@group-33D64F3E057E: changes role from      null to FOLLOWER at term 0 for startAsFollower
2024-03-15 21:39:02,258 [8b353431-6b66-4460-9602-55c815b93317-groupManagement] INFO  impl.RoleInfo (RoleInfo.java:updateAndGet(139)) - 8b353431-6b66-4460-9602-55c815b93317: start 8b353431-6b66-4460-9602-55c815b93317@group-33D64F3E057E-FollowerState
2024-03-15 21:39:02,258 [8b353431-6b66-4460-9602-55c815b93317@group-33D64F3E057E-FollowerState] INFO  server.RaftServerConfigKeys (ConfUtils.java:logFallback(53)) - raft.server.rpc.first-election.timeout.min = 5s (fallback to raft.server.rpc.timeout.min)
2024-03-15 21:39:02,258 [8b353431-6b66-4460-9602-55c815b93317-groupManagement] INFO  util.JmxRegister (JmxRegister.java:tryRegister(44)) - Successfully registered JMX Bean with object name Ratis:service=RaftServer,group=group-33D64F3E057E,id=8b353431-6b66-4460-9602-55c815b93317
2024-03-15 21:39:02,259 [8b353431-6b66-4460-9602-55c815b93317@group-33D64F3E057E-FollowerState] INFO  server.RaftServerConfigKeys (ConfUtils.java:logFallback(53)) - raft.server.rpc.first-election.timeout.max = 5200ms (fallback to raft.server.rpc.timeout.max)
2024-03-15 21:39:02,259 [8b353431-6b66-4460-9602-55c815b93317-groupManagement] INFO  server.RaftServerConfigKeys (ConfUtils.java:logGet(46)) - raft.server.snapshot.trigger-when-stop.enabled = true (default)
2024-03-15 21:39:02,259 [8b353431-6b66-4460-9602-55c815b93317-groupManagement] INFO  server.RaftServerConfigKeys (ConfUtils.java:logGet(46)) - raft.server.snapshot.auto.trigger.enabled = true (custom)
2024-03-15 21:39:02,259 [8b353431-6b66-4460-9602-55c815b93317-groupManagement] INFO  server.RaftServerConfigKeys (ConfUtils.java:logGet(46)) - raft.server.snapshot.auto.trigger.threshold = 10000 (custom)
2024-03-15 21:39:02,259 [8b353431-6b66-4460-9602-55c815b93317-groupManagement] INFO  server.RaftServerConfigKeys (ConfUtils.java:logGet(46)) - raft.server.snapshot.retention.file.num = 5 (custom)
2024-03-15 21:39:02,259 [8b353431-6b66-4460-9602-55c815b93317-groupManagement] INFO  server.RaftServerConfigKeys (ConfUtils.java:logGet(46)) - raft.server.log.purge.upto.snapshot.index = false (default)
2024-03-15 21:39:02,260 [8b353431-6b66-4460-9602-55c815b93317-PipelineCommandHandlerThread-0] INFO  ratis.XceiverServerRatis (XceiverServerRatis.java:addGroup(864)) - Created group PipelineID=1cdcb637-a27b-4e5f-a9d3-33d64f3e057e
2024-03-15 21:39:02,260 [8b353431-6b66-4460-9602-55c815b93317-PipelineCommandHandlerThread-0] INFO  commandhandler.CreatePipelineCommandHandler (CreatePipelineCommandHandler.java:lambda$handle$2(124)) - Created Pipeline RATIS ONE PipelineID=1cdcb637-a27b-4e5f-a9d3-33d64f3e057e.
2024-03-15 21:39:03,249 [main] INFO  ozone.MiniOzoneClusterImpl (MiniOzoneClusterImpl.java:lambda$waitForClusterToBeReady$0(194)) - Nodes are ready. Got 9 of 9 DN Heartbeats.
2024-03-15 21:39:03,250 [main] INFO  ozone.MiniOzoneClusterImpl (MiniOzoneClusterImpl.java:lambda$waitForClusterToBeReady$0(197)) - Waiting for cluster to exit safe mode
2024-03-15 21:39:03,250 [main] INFO  ozone.MiniOzoneClusterImpl (MiniOzoneClusterImpl.java:lambda$waitForClusterToBeReady$0(199)) - SCM became leader
2024-03-15 21:39:04,250 [main] INFO  ozone.MiniOzoneClusterImpl (MiniOzoneClusterImpl.java:lambda$waitForClusterToBeReady$0(194)) - Nodes are ready. Got 9 of 9 DN Heartbeats.
2024-03-15 21:39:04,250 [main] INFO  ozone.MiniOzoneClusterImpl (MiniOzoneClusterImpl.java:lambda$waitForClusterToBeReady$0(197)) - Waiting for cluster to exit safe mode
2024-03-15 21:39:04,250 [main] INFO  ozone.MiniOzoneClusterImpl (MiniOzoneClusterImpl.java:lambda$waitForClusterToBeReady$0(199)) - SCM became leader
2024-03-15 21:39:05,251 [main] INFO  ozone.MiniOzoneClusterImpl (MiniOzoneClusterImpl.java:lambda$waitForClusterToBeReady$0(194)) - Nodes are ready. Got 9 of 9 DN Heartbeats.
2024-03-15 21:39:05,251 [main] INFO  ozone.MiniOzoneClusterImpl (MiniOzoneClusterImpl.java:lambda$waitForClusterToBeReady$0(197)) - Waiting for cluster to exit safe mode
2024-03-15 21:39:05,251 [main] INFO  ozone.MiniOzoneClusterImpl (MiniOzoneClusterImpl.java:lambda$waitForClusterToBeReady$0(199)) - SCM became leader
2024-03-15 21:39:06,251 [main] INFO  ozone.MiniOzoneClusterImpl (MiniOzoneClusterImpl.java:lambda$waitForClusterToBeReady$0(194)) - Nodes are ready. Got 9 of 9 DN Heartbeats.
2024-03-15 21:39:06,251 [main] INFO  ozone.MiniOzoneClusterImpl (MiniOzoneClusterImpl.java:lambda$waitForClusterToBeReady$0(197)) - Waiting for cluster to exit safe mode
2024-03-15 21:39:06,252 [main] INFO  ozone.MiniOzoneClusterImpl (MiniOzoneClusterImpl.java:lambda$waitForClusterToBeReady$0(199)) - SCM became leader
2024-03-15 21:39:06,435 [ab213e82-42b9-48b1-ae0f-aa83a6d4a4a6@group-C58D29EE5220-FollowerState] INFO  impl.FollowerState (FollowerState.java:run(143)) - ab213e82-42b9-48b1-ae0f-aa83a6d4a4a6@group-C58D29EE5220-FollowerState: change to CANDIDATE, lastRpcElapsedTime:5010498968ns, electionTimeout:5010ms
2024-03-15 21:39:06,435 [ab213e82-42b9-48b1-ae0f-aa83a6d4a4a6@group-C58D29EE5220-FollowerState] INFO  impl.RoleInfo (RoleInfo.java:shutdownFollowerState(110)) - ab213e82-42b9-48b1-ae0f-aa83a6d4a4a6: shutdown ab213e82-42b9-48b1-ae0f-aa83a6d4a4a6@group-C58D29EE5220-FollowerState
2024-03-15 21:39:06,435 [ab213e82-42b9-48b1-ae0f-aa83a6d4a4a6@group-C58D29EE5220-FollowerState] INFO  server.RaftServer$Division (RaftServerImpl.java:setRole(383)) - ab213e82-42b9-48b1-ae0f-aa83a6d4a4a6@group-C58D29EE5220: changes role from  FOLLOWER to CANDIDATE at term 0 for changeToCandidate
2024-03-15 21:39:06,435 [ab213e82-42b9-48b1-ae0f-aa83a6d4a4a6@group-C58D29EE5220-FollowerState] INFO  server.RaftServerConfigKeys (ConfUtils.java:logGet(46)) - raft.server.leaderelection.pre-vote = true (default)
2024-03-15 21:39:06,435 [ab213e82-42b9-48b1-ae0f-aa83a6d4a4a6@group-C58D29EE5220-FollowerState] INFO  impl.RoleInfo (RoleInfo.java:updateAndGet(139)) - ab213e82-42b9-48b1-ae0f-aa83a6d4a4a6: start ab213e82-42b9-48b1-ae0f-aa83a6d4a4a6@group-C58D29EE5220-LeaderElection18
2024-03-15 21:39:06,437 [ab213e82-42b9-48b1-ae0f-aa83a6d4a4a6@group-C58D29EE5220-LeaderElection18] INFO  impl.LeaderElection (LeaderElection.java:askForVotes(321)) - ab213e82-42b9-48b1-ae0f-aa83a6d4a4a6@group-C58D29EE5220-LeaderElection18 PRE_VOTE round 0: submit vote requests at term 0 for -1: peers:[ab213e82-42b9-48b1-ae0f-aa83a6d4a4a6|10.1.0.11:15112, 91ca698e-74b5-4d15-9852-8e087478f801|10.1.0.11:15121, b499248e-0c06-432d-b10b-4f9787fe0788|10.1.0.11:15103]|listeners:[], old=null
2024-03-15 21:39:06,437 [ab213e82-42b9-48b1-ae0f-aa83a6d4a4a6@group-C58D29EE5220-LeaderElection18-1] INFO  server.GrpcServerProtocolClient (GrpcServerProtocolClient.java:<init>(65)) - Build channel for 91ca698e-74b5-4d15-9852-8e087478f801|10.1.0.11:15121
2024-03-15 21:39:06,438 [ab213e82-42b9-48b1-ae0f-aa83a6d4a4a6@group-C58D29EE5220-LeaderElection18-2] INFO  server.GrpcServerProtocolClient (GrpcServerProtocolClient.java:<init>(65)) - Build channel for b499248e-0c06-432d-b10b-4f9787fe0788|10.1.0.11:15103
2024-03-15 21:39:06,438 [ab213e82-42b9-48b1-ae0f-aa83a6d4a4a6@group-C58D29EE5220-LeaderElection18] INFO  server.RaftServerConfigKeys (ConfUtils.java:logFallback(53)) - raft.server.rpc.first-election.timeout.min = 5s (fallback to raft.server.rpc.timeout.min)
2024-03-15 21:39:06,438 [ab213e82-42b9-48b1-ae0f-aa83a6d4a4a6@group-C58D29EE5220-LeaderElection18] INFO  server.RaftServerConfigKeys (ConfUtils.java:logFallback(53)) - raft.server.rpc.first-election.timeout.max = 5200ms (fallback to raft.server.rpc.timeout.max)
2024-03-15 21:39:06,442 [b499248e-0c06-432d-b10b-4f9787fe0788@group-EC98F60EDCF9-FollowerState] INFO  impl.FollowerState (FollowerState.java:run(143)) - b499248e-0c06-432d-b10b-4f9787fe0788@group-EC98F60EDCF9-FollowerState: change to CANDIDATE, lastRpcElapsedTime:5101706790ns, electionTimeout:5093ms
2024-03-15 21:39:06,442 [b499248e-0c06-432d-b10b-4f9787fe0788@group-EC98F60EDCF9-FollowerState] INFO  impl.RoleInfo (RoleInfo.java:shutdownFollowerState(110)) - b499248e-0c06-432d-b10b-4f9787fe0788: shutdown b499248e-0c06-432d-b10b-4f9787fe0788@group-EC98F60EDCF9-FollowerState
2024-03-15 21:39:06,442 [b499248e-0c06-432d-b10b-4f9787fe0788@group-EC98F60EDCF9-FollowerState] INFO  server.RaftServer$Division (RaftServerImpl.java:setRole(383)) - b499248e-0c06-432d-b10b-4f9787fe0788@group-EC98F60EDCF9: changes role from  FOLLOWER to CANDIDATE at term 0 for changeToCandidate
2024-03-15 21:39:06,442 [b499248e-0c06-432d-b10b-4f9787fe0788@group-EC98F60EDCF9-FollowerState] INFO  server.RaftServerConfigKeys (ConfUtils.java:logGet(46)) - raft.server.leaderelection.pre-vote = true (default)
2024-03-15 21:39:06,442 [b499248e-0c06-432d-b10b-4f9787fe0788@group-EC98F60EDCF9-FollowerState] INFO  impl.RoleInfo (RoleInfo.java:updateAndGet(139)) - b499248e-0c06-432d-b10b-4f9787fe0788: start b499248e-0c06-432d-b10b-4f9787fe0788@group-EC98F60EDCF9-LeaderElection19
2024-03-15 21:39:06,443 [grpc-default-executor-0] INFO  server.RaftServer$Division (RaftServerImpl.java:requestVote(1389)) - 91ca698e-74b5-4d15-9852-8e087478f801@group-C58D29EE5220: receive requestVote(PRE_VOTE, ab213e82-42b9-48b1-ae0f-aa83a6d4a4a6, group-C58D29EE5220, 0, (t:0, i:0))
2024-03-15 21:39:06,443 [grpc-default-executor-0] INFO  impl.VoteContext (VoteContext.java:log(49)) - 91ca698e-74b5-4d15-9852-8e087478f801@group-C58D29EE5220-FOLLOWER: accept PRE_VOTE from ab213e82-42b9-48b1-ae0f-aa83a6d4a4a6: our priority 0 <= candidate's priority 1
2024-03-15 21:39:06,446 [grpc-default-executor-0] INFO  server.RaftServer$Division (RaftServerImpl.java:requestVote(1422)) - 91ca698e-74b5-4d15-9852-8e087478f801@group-C58D29EE5220 replies to PRE_VOTE vote request: ab213e82-42b9-48b1-ae0f-aa83a6d4a4a6<-91ca698e-74b5-4d15-9852-8e087478f801#0:OK-t0. Peer's state: 91ca698e-74b5-4d15-9852-8e087478f801@group-C58D29EE5220:t0, leader=null, voted=, raftlog=Memoized:91ca698e-74b5-4d15-9852-8e087478f801@group-C58D29EE5220-SegmentedRaftLog:OPENED:c-1, conf=-1: peers:[ab213e82-42b9-48b1-ae0f-aa83a6d4a4a6|10.1.0.11:15112, 91ca698e-74b5-4d15-9852-8e087478f801|10.1.0.11:15121, b499248e-0c06-432d-b10b-4f9787fe0788|10.1.0.11:15103]|listeners:[], old=null
2024-03-15 21:39:06,446 [b499248e-0c06-432d-b10b-4f9787fe0788@group-EC98F60EDCF9-LeaderElection19] INFO  impl.LeaderElection (LeaderElection.java:askForVotes(321)) - b499248e-0c06-432d-b10b-4f9787fe0788@group-EC98F60EDCF9-LeaderElection19 PRE_VOTE round 0: submit vote requests at term 0 for -1: peers:[b499248e-0c06-432d-b10b-4f9787fe0788|10.1.0.11:15103]|listeners:[], old=null
2024-03-15 21:39:06,446 [b499248e-0c06-432d-b10b-4f9787fe0788@group-EC98F60EDCF9-LeaderElection19] INFO  impl.LeaderElection (LeaderElection.java:askForVotes(323)) - b499248e-0c06-432d-b10b-4f9787fe0788@group-EC98F60EDCF9-LeaderElection19 PRE_VOTE round 0: result PASSED (term=0)
2024-03-15 21:39:06,446 [grpc-default-executor-1] INFO  server.RaftServer$Division (RaftServerImpl.java:requestVote(1389)) - b499248e-0c06-432d-b10b-4f9787fe0788@group-C58D29EE5220: receive requestVote(PRE_VOTE, ab213e82-42b9-48b1-ae0f-aa83a6d4a4a6, group-C58D29EE5220, 0, (t:0, i:0))
2024-03-15 21:39:06,447 [grpc-default-executor-1] INFO  impl.VoteContext (VoteContext.java:log(49)) - b499248e-0c06-432d-b10b-4f9787fe0788@group-C58D29EE5220-FOLLOWER: accept PRE_VOTE from ab213e82-42b9-48b1-ae0f-aa83a6d4a4a6: our priority 0 <= candidate's priority 1
2024-03-15 21:39:06,447 [grpc-default-executor-1] INFO  server.RaftServer$Division (RaftServerImpl.java:requestVote(1422)) - b499248e-0c06-432d-b10b-4f9787fe0788@group-C58D29EE5220 replies to PRE_VOTE vote request: ab213e82-42b9-48b1-ae0f-aa83a6d4a4a6<-b499248e-0c06-432d-b10b-4f9787fe0788#0:OK-t0. Peer's state: b499248e-0c06-432d-b10b-4f9787fe0788@group-C58D29EE5220:t0, leader=null, voted=, raftlog=Memoized:b499248e-0c06-432d-b10b-4f9787fe0788@group-C58D29EE5220-SegmentedRaftLog:OPENED:c-1, conf=-1: peers:[ab213e82-42b9-48b1-ae0f-aa83a6d4a4a6|10.1.0.11:15112, 91ca698e-74b5-4d15-9852-8e087478f801|10.1.0.11:15121, b499248e-0c06-432d-b10b-4f9787fe0788|10.1.0.11:15103]|listeners:[], old=null
2024-03-15 21:39:06,447 [b499248e-0c06-432d-b10b-4f9787fe0788@group-EC98F60EDCF9-LeaderElection19] INFO  impl.LeaderElection (LeaderElection.java:askForVotes(321)) - b499248e-0c06-432d-b10b-4f9787fe0788@group-EC98F60EDCF9-LeaderElection19 ELECTION round 0: submit vote requests at term 1 for -1: peers:[b499248e-0c06-432d-b10b-4f9787fe0788|10.1.0.11:15103]|listeners:[], old=null
2024-03-15 21:39:06,447 [b499248e-0c06-432d-b10b-4f9787fe0788@group-EC98F60EDCF9-LeaderElection19] INFO  impl.LeaderElection (LeaderElection.java:askForVotes(323)) - b499248e-0c06-432d-b10b-4f9787fe0788@group-EC98F60EDCF9-LeaderElection19 ELECTION round 0: result PASSED (term=1)
2024-03-15 21:39:06,447 [b499248e-0c06-432d-b10b-4f9787fe0788@group-EC98F60EDCF9-LeaderElection19] INFO  impl.RoleInfo (RoleInfo.java:shutdownLeaderElection(130)) - b499248e-0c06-432d-b10b-4f9787fe0788: shutdown b499248e-0c06-432d-b10b-4f9787fe0788@group-EC98F60EDCF9-LeaderElection19
2024-03-15 21:39:06,447 [b499248e-0c06-432d-b10b-4f9787fe0788@group-EC98F60EDCF9-LeaderElection19] INFO  server.RaftServer$Division (RaftServerImpl.java:setRole(383)) - b499248e-0c06-432d-b10b-4f9787fe0788@group-EC98F60EDCF9: changes role from CANDIDATE to LEADER at term 1 for changeToLeader
2024-03-15 21:39:06,447 [b499248e-0c06-432d-b10b-4f9787fe0788@group-EC98F60EDCF9-LeaderElection19] INFO  server.RaftServerConfigKeys (ConfUtils.java:logGet(46)) - raft.server.staging.catchup.gap = 1000 (default)
2024-03-15 21:39:06,448 [b499248e-0c06-432d-b10b-4f9787fe0788@group-EC98F60EDCF9-LeaderElection19] INFO  server.RaftServerConfigKeys (ConfUtils.java:logGet(46)) - raft.server.write.element-limit = 1024 (custom)
2024-03-15 21:39:06,448 [b499248e-0c06-432d-b10b-4f9787fe0788@group-EC98F60EDCF9-LeaderElection19] INFO  server.RaftServerConfigKeys (ConfUtils.java:logGet(46)) - raft.server.write.byte-limit = 1024 M (=1073741824) (custom)
2024-03-15 21:39:06,448 [b499248e-0c06-432d-b10b-4f9787fe0788@group-EC98F60EDCF9-LeaderElection19] INFO  server.RaftServerConfigKeys (ConfUtils.java:logGet(46)) - raft.server.watch.timeout = 3000ms (custom)
2024-03-15 21:39:06,449 [b499248e-0c06-432d-b10b-4f9787fe0788@group-EC98F60EDCF9-LeaderElection19] INFO  server.RaftServerConfigKeys (ConfUtils.java:logGet(46)) - raft.server.watch.timeout.denomination = 1s (default)
2024-03-15 21:39:06,449 [b499248e-0c06-432d-b10b-4f9787fe0788@group-EC98F60EDCF9-LeaderElection19] INFO  server.RaftServerConfigKeys (ConfUtils.java:logGet(46)) - raft.server.watch.element-limit = 65536 (default)
2024-03-15 21:39:06,449 [b499248e-0c06-432d-b10b-4f9787fe0788@group-EC98F60EDCF9-LeaderElection19] INFO  server.RaftServerConfigKeys (ConfUtils.java:logGet(46)) - raft.server.read.leader.lease.enabled = false (default)
2024-03-15 21:39:06,449 [ab213e82-42b9-48b1-ae0f-aa83a6d4a4a6@group-C58D29EE5220-LeaderElection18] INFO  impl.LeaderElection (LeaderElection.java:logAndReturn(89)) - ab213e82-42b9-48b1-ae0f-aa83a6d4a4a6@group-C58D29EE5220-LeaderElection18: PRE_VOTE PASSED received 1 response(s) and 0 exception(s):
2024-03-15 21:39:06,449 [ab213e82-42b9-48b1-ae0f-aa83a6d4a4a6@group-C58D29EE5220-LeaderElection18] INFO  impl.LeaderElection (LeaderElection.java:logAndReturn(93)) -   Response 0: ab213e82-42b9-48b1-ae0f-aa83a6d4a4a6<-91ca698e-74b5-4d15-9852-8e087478f801#0:OK-t0
2024-03-15 21:39:06,449 [ab213e82-42b9-48b1-ae0f-aa83a6d4a4a6@group-C58D29EE5220-LeaderElection18] INFO  impl.LeaderElection (LeaderElection.java:askForVotes(323)) - ab213e82-42b9-48b1-ae0f-aa83a6d4a4a6@group-C58D29EE5220-LeaderElection18 PRE_VOTE round 0: result PASSED
2024-03-15 21:39:06,450 [b499248e-0c06-432d-b10b-4f9787fe0788@group-EC98F60EDCF9-LeaderElection19] INFO  server.RaftServerConfigKeys (ConfUtils.java:logGet(46)) - raft.server.read.leader.lease.timeout.ratio = 0.9 (default)
2024-03-15 21:39:06,450 [b499248e-0c06-432d-b10b-4f9787fe0788@group-EC98F60EDCF9-LeaderElection19] INFO  server.RaftServerConfigKeys (ConfUtils.java:logGet(46)) - raft.server.rpc.timeout.min = 5s (custom)
2024-03-15 21:39:06,450 [b499248e-0c06-432d-b10b-4f9787fe0788@group-EC98F60EDCF9-LeaderElection19] INFO  server.RaftServerConfigKeys (ConfUtils.java:logGet(46)) - raft.server.write.element-limit = 1024 (custom)
2024-03-15 21:39:06,450 [b499248e-0c06-432d-b10b-4f9787fe0788@group-EC98F60EDCF9-LeaderElection19] INFO  server.RaftServerConfigKeys (ConfUtils.java:logGet(46)) - raft.server.write.follower.gap.ratio.max = -1.0 (default)
2024-03-15 21:39:06,450 [b499248e-0c06-432d-b10b-4f9787fe0788@group-EC98F60EDCF9-LeaderElection19] INFO  impl.RoleInfo (RoleInfo.java:updateAndGet(139)) - b499248e-0c06-432d-b10b-4f9787fe0788: start b499248e-0c06-432d-b10b-4f9787fe0788@group-EC98F60EDCF9-LeaderStateImpl
2024-03-15 21:39:06,450 [b499248e-0c06-432d-b10b-4f9787fe0788@group-EC98F60EDCF9-LeaderElection19] INFO  server.RaftServer$Division (RaftServerImpl.java:setFirstElection(574)) - b499248e-0c06-432d-b10b-4f9787fe0788@group-EC98F60EDCF9: set firstElectionSinceStartup to false for becomeLeader
2024-03-15 21:39:06,450 [b499248e-0c06-432d-b10b-4f9787fe0788@group-EC98F60EDCF9-LeaderElection19] INFO  ratis.XceiverServerRatis (XceiverServerRatis.java:handleLeaderChangedNotification(966)) - Leader change notification received for group: group-EC98F60EDCF9 with new leaderId: b499248e-0c06-432d-b10b-4f9787fe0788
2024-03-15 21:39:06,450 [b499248e-0c06-432d-b10b-4f9787fe0788@group-EC98F60EDCF9-LeaderElection19] INFO  server.RaftServer$Division (ServerState.java:setLeader(269)) - b499248e-0c06-432d-b10b-4f9787fe0788@group-EC98F60EDCF9: change Leader from null to b499248e-0c06-432d-b10b-4f9787fe0788 at term 1 for becomeLeader, leader elected after 5135ms
2024-03-15 21:39:06,451 [b499248e-0c06-432d-b10b-4f9787fe0788@group-EC98F60EDCF9-LeaderElection19] INFO  segmented.SegmentedRaftLogWorker (SegmentedRaftLogWorker.java:startLogSegment(430)) - b499248e-0c06-432d-b10b-4f9787fe0788@group-EC98F60EDCF9-SegmentedRaftLogWorker: Starting segment from index:0
2024-03-15 21:39:06,451 [b499248e-0c06-432d-b10b-4f9787fe0788@group-EC98F60EDCF9-SegmentedRaftLogWorker] INFO  segmented.BufferedWriteChannel (BufferedWriteChannel.java:open(62)) - open log_inprogress_0 at position 0
2024-03-15 21:39:06,452 [EventQueue-OpenPipelineForHealthyPipelineSafeModeRule] INFO  safemode.SCMSafeModeManager (HealthyPipelineSafeModeRule.java:process(140)) - SCM in safe mode. Healthy pipelines reported count is 0, required healthy pipeline reported count is 1
2024-03-15 21:39:06,451 [ab213e82-42b9-48b1-ae0f-aa83a6d4a4a6@group-C58D29EE5220-LeaderElection18] INFO  impl.LeaderElection (LeaderElection.java:askForVotes(321)) - ab213e82-42b9-48b1-ae0f-aa83a6d4a4a6@group-C58D29EE5220-LeaderElection18 ELECTION round 0: submit vote requests at term 1 for -1: peers:[ab213e82-42b9-48b1-ae0f-aa83a6d4a4a6|10.1.0.11:15112, 91ca698e-74b5-4d15-9852-8e087478f801|10.1.0.11:15121, b499248e-0c06-432d-b10b-4f9787fe0788|10.1.0.11:15103]|listeners:[], old=null
2024-03-15 21:39:06,455 [b499248e-0c06-432d-b10b-4f9787fe0788@group-EC98F60EDCF9-LeaderElection19] INFO  server.RaftServer$Division (ServerState.java:setRaftConf(386)) - b499248e-0c06-432d-b10b-4f9787fe0788@group-EC98F60EDCF9: set configuration 0: peers:[b499248e-0c06-432d-b10b-4f9787fe0788|10.1.0.11:15103]|listeners:[], old=null
2024-03-15 21:39:06,455 [ab213e82-42b9-48b1-ae0f-aa83a6d4a4a6@group-C58D29EE5220-LeaderElection18] INFO  server.RaftServerConfigKeys (ConfUtils.java:logFallback(53)) - raft.server.rpc.first-election.timeout.min = 5s (fallback to raft.server.rpc.timeout.min)
2024-03-15 21:39:06,455 [ab213e82-42b9-48b1-ae0f-aa83a6d4a4a6@group-C58D29EE5220-LeaderElection18] INFO  server.RaftServerConfigKeys (ConfUtils.java:logFallback(53)) - raft.server.rpc.first-election.timeout.max = 5200ms (fallback to raft.server.rpc.timeout.max)
2024-03-15 21:39:06,456 [grpc-default-executor-0] INFO  server.RaftServer$Division (RaftServerImpl.java:requestVote(1389)) - 91ca698e-74b5-4d15-9852-8e087478f801@group-C58D29EE5220: receive requestVote(ELECTION, ab213e82-42b9-48b1-ae0f-aa83a6d4a4a6, group-C58D29EE5220, 1, (t:0, i:0))
2024-03-15 21:39:06,456 [grpc-default-executor-0] INFO  impl.VoteContext (VoteContext.java:log(49)) - 91ca698e-74b5-4d15-9852-8e087478f801@group-C58D29EE5220-FOLLOWER: accept ELECTION from ab213e82-42b9-48b1-ae0f-aa83a6d4a4a6: our priority 0 <= candidate's priority 1
2024-03-15 21:39:06,456 [grpc-default-executor-0] INFO  server.RaftServer$Division (RaftServerImpl.java:setRole(383)) - 91ca698e-74b5-4d15-9852-8e087478f801@group-C58D29EE5220: changes role from  FOLLOWER to FOLLOWER at term 1 for candidate:ab213e82-42b9-48b1-ae0f-aa83a6d4a4a6
2024-03-15 21:39:06,457 [grpc-default-executor-0] INFO  impl.RoleInfo (RoleInfo.java:shutdownFollowerState(110)) - 91ca698e-74b5-4d15-9852-8e087478f801: shutdown 91ca698e-74b5-4d15-9852-8e087478f801@group-C58D29EE5220-FollowerState
2024-03-15 21:39:06,457 [grpc-default-executor-0] INFO  impl.RoleInfo (RoleInfo.java:updateAndGet(139)) - 91ca698e-74b5-4d15-9852-8e087478f801: start 91ca698e-74b5-4d15-9852-8e087478f801@group-C58D29EE5220-FollowerState
2024-03-15 21:39:06,457 [91ca698e-74b5-4d15-9852-8e087478f801@group-C58D29EE5220-FollowerState] INFO  impl.FollowerState (FollowerState.java:run(152)) - 91ca698e-74b5-4d15-9852-8e087478f801@group-C58D29EE5220-FollowerState was interrupted
2024-03-15 21:39:06,458 [grpc-default-executor-0] INFO  server.RaftServer$Division (RaftServerImpl.java:setFirstElection(574)) - 91ca698e-74b5-4d15-9852-8e087478f801@group-C58D29EE5220: set firstElectionSinceStartup to false for candidate:ab213e82-42b9-48b1-ae0f-aa83a6d4a4a6
2024-03-15 21:39:06,458 [grpc-default-executor-1] INFO  server.RaftServer$Division (RaftServerImpl.java:requestVote(1389)) - b499248e-0c06-432d-b10b-4f9787fe0788@group-C58D29EE5220: receive requestVote(ELECTION, ab213e82-42b9-48b1-ae0f-aa83a6d4a4a6, group-C58D29EE5220, 1, (t:0, i:0))
2024-03-15 21:39:06,460 [grpc-default-executor-1] INFO  impl.VoteContext (VoteContext.java:log(49)) - b499248e-0c06-432d-b10b-4f9787fe0788@group-C58D29EE5220-FOLLOWER: accept ELECTION from ab213e82-42b9-48b1-ae0f-aa83a6d4a4a6: our priority 0 <= candidate's priority 1
2024-03-15 21:39:06,460 [grpc-default-executor-1] INFO  server.RaftServer$Division (RaftServerImpl.java:setRole(383)) - b499248e-0c06-432d-b10b-4f9787fe0788@group-C58D29EE5220: changes role from  FOLLOWER to FOLLOWER at term 1 for candidate:ab213e82-42b9-48b1-ae0f-aa83a6d4a4a6
2024-03-15 21:39:06,460 [grpc-default-executor-1] INFO  impl.RoleInfo (RoleInfo.java:shutdownFollowerState(110)) - b499248e-0c06-432d-b10b-4f9787fe0788: shutdown b499248e-0c06-432d-b10b-4f9787fe0788@group-C58D29EE5220-FollowerState
2024-03-15 21:39:06,459 [b499248e-0c06-432d-b10b-4f9787fe0788@group-EC98F60EDCF9-SegmentedRaftLogWorker] INFO  segmented.SegmentedRaftLogWorker (SegmentedRaftLogWorker.java:execute(634)) - b499248e-0c06-432d-b10b-4f9787fe0788@group-EC98F60EDCF9-SegmentedRaftLogWorker: created new log segment /home/runner/work/ozone/ozone/hadoop-ozone/integration-test/target/test-dir/MiniOzoneClusterImpl-3a4de177-78ca-4f6d-b60b-6b5c736a6a4e/ozone-meta/datanode-1/ratis/b3e70927-3de0-4d2c-a1d4-ec98f60edcf9/current/log_inprogress_0
2024-03-15 21:39:06,460 [b499248e-0c06-432d-b10b-4f9787fe0788@group-C58D29EE5220-FollowerState] INFO  impl.FollowerState (FollowerState.java:run(152)) - b499248e-0c06-432d-b10b-4f9787fe0788@group-C58D29EE5220-FollowerState was interrupted
2024-03-15 21:39:06,460 [grpc-default-executor-1] INFO  impl.RoleInfo (RoleInfo.java:updateAndGet(139)) - b499248e-0c06-432d-b10b-4f9787fe0788: start b499248e-0c06-432d-b10b-4f9787fe0788@group-C58D29EE5220-FollowerState
2024-03-15 21:39:06,460 [grpc-default-executor-1] INFO  server.RaftServer$Division (RaftServerImpl.java:setFirstElection(574)) - b499248e-0c06-432d-b10b-4f9787fe0788@group-C58D29EE5220: set firstElectionSinceStartup to false for candidate:ab213e82-42b9-48b1-ae0f-aa83a6d4a4a6
2024-03-15 21:39:06,461 [grpc-default-executor-0] INFO  server.RaftServer$Division (RaftServerImpl.java:requestVote(1422)) - 91ca698e-74b5-4d15-9852-8e087478f801@group-C58D29EE5220 replies to ELECTION vote request: ab213e82-42b9-48b1-ae0f-aa83a6d4a4a6<-91ca698e-74b5-4d15-9852-8e087478f801#0:OK-t1. Peer's state: 91ca698e-74b5-4d15-9852-8e087478f801@group-C58D29EE5220:t1, leader=null, voted=ab213e82-42b9-48b1-ae0f-aa83a6d4a4a6, raftlog=Memoized:91ca698e-74b5-4d15-9852-8e087478f801@group-C58D29EE5220-SegmentedRaftLog:OPENED:c-1, conf=-1: peers:[ab213e82-42b9-48b1-ae0f-aa83a6d4a4a6|10.1.0.11:15112, 91ca698e-74b5-4d15-9852-8e087478f801|10.1.0.11:15121, b499248e-0c06-432d-b10b-4f9787fe0788|10.1.0.11:15103]|listeners:[], old=null
2024-03-15 21:39:06,466 [ab213e82-42b9-48b1-ae0f-aa83a6d4a4a6@group-C58D29EE5220-LeaderElection18] INFO  impl.LeaderElection (LeaderElection.java:logAndReturn(89)) - ab213e82-42b9-48b1-ae0f-aa83a6d4a4a6@group-C58D29EE5220-LeaderElection18: ELECTION PASSED received 1 response(s) and 0 exception(s):
2024-03-15 21:39:06,466 [ab213e82-42b9-48b1-ae0f-aa83a6d4a4a6@group-C58D29EE5220-LeaderElection18] INFO  impl.LeaderElection (LeaderElection.java:logAndReturn(93)) -   Response 0: ab213e82-42b9-48b1-ae0f-aa83a6d4a4a6<-91ca698e-74b5-4d15-9852-8e087478f801#0:OK-t1
2024-03-15 21:39:06,466 [ab213e82-42b9-48b1-ae0f-aa83a6d4a4a6@group-C58D29EE5220-LeaderElection18] INFO  impl.LeaderElection (LeaderElection.java:askForVotes(323)) - ab213e82-42b9-48b1-ae0f-aa83a6d4a4a6@group-C58D29EE5220-LeaderElection18 ELECTION round 0: result PASSED
2024-03-15 21:39:06,466 [ab213e82-42b9-48b1-ae0f-aa83a6d4a4a6@group-C58D29EE5220-LeaderElection18] INFO  impl.RoleInfo (RoleInfo.java:shutdownLeaderElection(130)) - ab213e82-42b9-48b1-ae0f-aa83a6d4a4a6: shutdown ab213e82-42b9-48b1-ae0f-aa83a6d4a4a6@group-C58D29EE5220-LeaderElection18
2024-03-15 21:39:06,466 [ab213e82-42b9-48b1-ae0f-aa83a6d4a4a6@group-C58D29EE5220-LeaderElection18] INFO  server.RaftServer$Division (RaftServerImpl.java:setRole(383)) - ab213e82-42b9-48b1-ae0f-aa83a6d4a4a6@group-C58D29EE5220: changes role from CANDIDATE to LEADER at term 1 for changeToLeader
2024-03-15 21:39:06,466 [ab213e82-42b9-48b1-ae0f-aa83a6d4a4a6@group-C58D29EE5220-LeaderElection18] INFO  server.RaftServerConfigKeys (ConfUtils.java:logGet(46)) - raft.server.staging.catchup.gap = 1000 (default)
2024-03-15 21:39:06,466 [b499248e-0c06-432d-b10b-4f9787fe0788@group-EC98F60EDCF9-StateMachineUpdater] INFO  server.RaftServer$Division (LeaderStateImpl.java:isApplied(320)) - leader is ready since appliedIndex == 0 >= startIndex == 0
2024-03-15 21:39:06,467 [ab213e82-42b9-48b1-ae0f-aa83a6d4a4a6@group-C58D29EE5220-LeaderElection18] INFO  server.RaftServerConfigKeys (ConfUtils.java:logGet(46)) - raft.server.write.element-limit = 1024 (custom)
2024-03-15 21:39:06,467 [ab213e82-42b9-48b1-ae0f-aa83a6d4a4a6@group-C58D29EE5220-LeaderElection18] INFO  server.RaftServerConfigKeys (ConfUtils.java:logGet(46)) - raft.server.write.byte-limit = 1024 M (=1073741824) (custom)
2024-03-15 21:39:06,467 [grpc-default-executor-1] INFO  server.RaftServer$Division (RaftServerImpl.java:requestVote(1422)) - b499248e-0c06-432d-b10b-4f9787fe0788@group-C58D29EE5220 replies to ELECTION vote request: ab213e82-42b9-48b1-ae0f-aa83a6d4a4a6<-b499248e-0c06-432d-b10b-4f9787fe0788#0:OK-t1. Peer's state: b499248e-0c06-432d-b10b-4f9787fe0788@group-C58D29EE5220:t1, leader=null, voted=ab213e82-42b9-48b1-ae0f-aa83a6d4a4a6, raftlog=Memoized:b499248e-0c06-432d-b10b-4f9787fe0788@group-C58D29EE5220-SegmentedRaftLog:OPENED:c-1, conf=-1: peers:[ab213e82-42b9-48b1-ae0f-aa83a6d4a4a6|10.1.0.11:15112, 91ca698e-74b5-4d15-9852-8e087478f801|10.1.0.11:15121, b499248e-0c06-432d-b10b-4f9787fe0788|10.1.0.11:15103]|listeners:[], old=null
2024-03-15 21:39:06,468 [ab213e82-42b9-48b1-ae0f-aa83a6d4a4a6@group-C58D29EE5220-LeaderElection18] INFO  server.RaftServerConfigKeys (ConfUtils.java:logGet(46)) - raft.server.watch.timeout = 3000ms (custom)
2024-03-15 21:39:06,468 [ab213e82-42b9-48b1-ae0f-aa83a6d4a4a6@group-C58D29EE5220-LeaderElection18] INFO  server.RaftServerConfigKeys (ConfUtils.java:logGet(46)) - raft.server.watch.timeout.denomination = 1s (default)
2024-03-15 21:39:06,468 [ab213e82-42b9-48b1-ae0f-aa83a6d4a4a6@group-C58D29EE5220-LeaderElection18] INFO  server.RaftServerConfigKeys (ConfUtils.java:logGet(46)) - raft.server.watch.element-limit = 65536 (default)
2024-03-15 21:39:06,468 [ab213e82-42b9-48b1-ae0f-aa83a6d4a4a6@group-C58D29EE5220-LeaderElection18] INFO  server.RaftServerConfigKeys (ConfUtils.java:logGet(46)) - raft.server.read.leader.lease.enabled = false (default)
2024-03-15 21:39:06,468 [ab213e82-42b9-48b1-ae0f-aa83a6d4a4a6@group-C58D29EE5220-LeaderElection18] INFO  server.RaftServerConfigKeys (ConfUtils.java:logGet(46)) - raft.server.read.leader.lease.timeout.ratio = 0.9 (default)
2024-03-15 21:39:06,468 [ab213e82-42b9-48b1-ae0f-aa83a6d4a4a6@group-C58D29EE5220-LeaderElection18] INFO  server.RaftServerConfigKeys (ConfUtils.java:logGet(46)) - raft.server.rpc.timeout.min = 5s (custom)
2024-03-15 21:39:06,468 [ab213e82-42b9-48b1-ae0f-aa83a6d4a4a6@group-C58D29EE5220-LeaderElection18] INFO  server.RaftServerConfigKeys (ConfUtils.java:logGet(46)) - raft.server.write.element-limit = 1024 (custom)
2024-03-15 21:39:06,469 [ab213e82-42b9-48b1-ae0f-aa83a6d4a4a6@group-C58D29EE5220-LeaderElection18] INFO  server.RaftServerConfigKeys (ConfUtils.java:logGet(46)) - raft.server.write.follower.gap.ratio.max = -1.0 (default)
2024-03-15 21:39:06,469 [ab213e82-42b9-48b1-ae0f-aa83a6d4a4a6@group-C58D29EE5220-LeaderElection18] INFO  server.RaftServerConfigKeys (ConfUtils.java:logGet(46)) - raft.server.log.appender.snapshot.chunk.size.max = 16MB (=16777216) (default)
2024-03-15 21:39:06,469 [ab213e82-42b9-48b1-ae0f-aa83a6d4a4a6@group-C58D29EE5220-LeaderElection18] INFO  server.RaftServerConfigKeys (ConfUtils.java:logGet(46)) - raft.server.log.appender.buffer.byte-limit = 8388608 (custom)
2024-03-15 21:39:06,469 [ab213e82-42b9-48b1-ae0f-aa83a6d4a4a6@group-C58D29EE5220-LeaderElection18] INFO  server.RaftServerConfigKeys (ConfUtils.java:logGet(46)) - raft.server.log.appender.buffer.element-limit = 1 (custom)
2024-03-15 21:39:06,469 [ab213e82-42b9-48b1-ae0f-aa83a6d4a4a6@group-C58D29EE5220-LeaderElection18] INFO  server.RaftServerConfigKeys (ConfUtils.java:logGet(46)) - raft.server.log.appender.wait-time.min = 0ms (custom)
2024-03-15 21:39:06,469 [ab213e82-42b9-48b1-ae0f-aa83a6d4a4a6@group-C58D29EE5220-LeaderElection18] INFO  grpc.GrpcConfigKeys (ConfUtils.java:logGet(46)) - raft.grpc.server.leader.outstanding.appends.max = 8 (default)
2024-03-15 21:39:06,469 [ab213e82-42b9-48b1-ae0f-aa83a6d4a4a6@group-C58D29EE5220-LeaderElection18] INFO  server.RaftServerConfigKeys (ConfUtils.java:logGet(46)) - raft.server.rpc.request.timeout = 3000ms (default)
2024-03-15 21:39:06,470 [ab213e82-42b9-48b1-ae0f-aa83a6d4a4a6@group-C58D29EE5220-LeaderElection18] INFO  grpc.GrpcConfigKeys (ConfUtils.java:logGet(46)) - raft.grpc.server.install_snapshot.request.element-limit = 8 (default)
2024-03-15 21:39:06,470 [ab213e82-42b9-48b1-ae0f-aa83a6d4a4a6@group-C58D29EE5220-LeaderElection18] INFO  grpc.GrpcConfigKeys (ConfUtils.java:logGet(46)) - raft.grpc.server.install_snapshot.request.timeout = 3000ms (default)
2024-03-15 21:39:06,470 [ab213e82-42b9-48b1-ae0f-aa83a6d4a4a6@group-C58D29EE5220-LeaderElection18] INFO  grpc.GrpcConfigKeys (ConfUtils.java:logGet(46)) - raft.grpc.server.log-message.batch.duration = 5s (default)
2024-03-15 21:39:06,470 [ab213e82-42b9-48b1-ae0f-aa83a6d4a4a6@group-C58D29EE5220-LeaderElection18] INFO  server.RaftServerConfigKeys (ConfUtils.java:logGet(46)) - raft.server.log.appender.install.snapshot.enabled = false (custom)
2024-03-15 21:39:06,470 [ab213e82-42b9-48b1-ae0f-aa83a6d4a4a6@group-C58D29EE5220-LeaderElection18] INFO  grpc.GrpcConfigKeys (ConfUtils.java:logGet(46)) - raft.grpc.server.heartbeat.channel = true (default)
2024-03-15 21:39:06,471 [ab213e82-42b9-48b1-ae0f-aa83a6d4a4a6@group-C58D29EE5220-LeaderElection18] INFO  server.RaftServerConfigKeys (ConfUtils.java:logGet(46)) - raft.server.log.appender.snapshot.chunk.size.max = 16MB (=16777216) (default)
2024-03-15 21:39:06,471 [ab213e82-42b9-48b1-ae0f-aa83a6d4a4a6@group-C58D29EE5220-LeaderElection18] INFO  server.RaftServerConfigKeys (ConfUtils.java:logGet(46)) - raft.server.log.appender.buffer.byte-limit = 8388608 (custom)
2024-03-15 21:39:06,471 [ab213e82-42b9-48b1-ae0f-aa83a6d4a4a6@group-C58D29EE5220-LeaderElection18] INFO  server.RaftServerConfigKeys (ConfUtils.java:logGet(46)) - raft.server.log.appender.buffer.element-limit = 1 (custom)
2024-03-15 21:39:06,471 [ab213e82-42b9-48b1-ae0f-aa83a6d4a4a6@group-C58D29EE5220-LeaderElection18] INFO  server.RaftServerConfigKeys (ConfUtils.java:logGet(46)) - raft.server.log.appender.wait-time.min = 0ms (custom)
2024-03-15 21:39:06,471 [ab213e82-42b9-48b1-ae0f-aa83a6d4a4a6@group-C58D29EE5220-LeaderElection18] INFO  grpc.GrpcConfigKeys (ConfUtils.java:logGet(46)) - raft.grpc.server.leader.outstanding.appends.max = 8 (default)
2024-03-15 21:39:06,471 [ab213e82-42b9-48b1-ae0f-aa83a6d4a4a6@group-C58D29EE5220-LeaderElection18] INFO  server.RaftServerConfigKeys (ConfUtils.java:logGet(46)) - raft.server.rpc.request.timeout = 3000ms (default)
2024-03-15 21:39:06,471 [ab213e82-42b9-48b1-ae0f-aa83a6d4a4a6@group-C58D29EE5220-LeaderElection18] INFO  grpc.GrpcConfigKeys (ConfUtils.java:logGet(46)) - raft.grpc.server.install_snapshot.request.element-limit = 8 (default)
2024-03-15 21:39:06,471 [ab213e82-42b9-48b1-ae0f-aa83a6d4a4a6@group-C58D29EE5220-LeaderElection18] INFO  grpc.GrpcConfigKeys (ConfUtils.java:logGet(46)) - raft.grpc.server.install_snapshot.request.timeout = 3000ms (default)
2024-03-15 21:39:06,472 [ab213e82-42b9-48b1-ae0f-aa83a6d4a4a6@group-C58D29EE5220-LeaderElection18] INFO  grpc.GrpcConfigKeys (ConfUtils.java:logGet(46)) - raft.grpc.server.log-message.batch.duration = 5s (default)
2024-03-15 21:39:06,472 [ab213e82-42b9-48b1-ae0f-aa83a6d4a4a6@group-C58D29EE5220-LeaderElection18] INFO  server.RaftServerConfigKeys (ConfUtils.java:logGet(46)) - raft.server.log.appender.install.snapshot.enabled = false (custom)
2024-03-15 21:39:06,472 [ab213e82-42b9-48b1-ae0f-aa83a6d4a4a6@group-C58D29EE5220-LeaderElection18] INFO  grpc.GrpcConfigKeys (ConfUtils.java:logGet(46)) - raft.grpc.server.heartbeat.channel = true (default)
2024-03-15 21:39:06,472 [ab213e82-42b9-48b1-ae0f-aa83a6d4a4a6@group-C58D29EE5220-LeaderElection18] INFO  impl.RoleInfo (RoleInfo.java:updateAndGet(139)) - ab213e82-42b9-48b1-ae0f-aa83a6d4a4a6: start ab213e82-42b9-48b1-ae0f-aa83a6d4a4a6@group-C58D29EE5220-LeaderStateImpl
2024-03-15 21:39:06,472 [ab213e82-42b9-48b1-ae0f-aa83a6d4a4a6@group-C58D29EE5220-LeaderElection18] INFO  server.RaftServer$Division (RaftServerImpl.java:setFirstElection(574)) - ab213e82-42b9-48b1-ae0f-aa83a6d4a4a6@group-C58D29EE5220: set firstElectionSinceStartup to false for becomeLeader
2024-03-15 21:39:06,472 [ab213e82-42b9-48b1-ae0f-aa83a6d4a4a6@group-C58D29EE5220-LeaderElection18] INFO  ratis.XceiverServerRatis (XceiverServerRatis.java:handleLeaderChangedNotification(966)) - Leader change notification received for group: group-C58D29EE5220 with new leaderId: ab213e82-42b9-48b1-ae0f-aa83a6d4a4a6
2024-03-15 21:39:06,472 [ab213e82-42b9-48b1-ae0f-aa83a6d4a4a6@group-C58D29EE5220-LeaderElection18] INFO  server.RaftServer$Division (ServerState.java:setLeader(269)) - ab213e82-42b9-48b1-ae0f-aa83a6d4a4a6@group-C58D29EE5220: change Leader from null to ab213e82-42b9-48b1-ae0f-aa83a6d4a4a6 at term 1 for becomeLeader, leader elected after 5065ms
2024-03-15 21:39:06,473 [ab213e82-42b9-48b1-ae0f-aa83a6d4a4a6@group-C58D29EE5220-LeaderElection18] INFO  segmented.SegmentedRaftLogWorker (SegmentedRaftLogWorker.java:startLogSegment(430)) - ab213e82-42b9-48b1-ae0f-aa83a6d4a4a6@group-C58D29EE5220-SegmentedRaftLogWorker: Starting segment from index:0
2024-03-15 21:39:06,474 [ab213e82-42b9-48b1-ae0f-aa83a6d4a4a6@group-C58D29EE5220-LeaderElection18] INFO  server.RaftServer$Division (ServerState.java:setRaftConf(386)) - ab213e82-42b9-48b1-ae0f-aa83a6d4a4a6@group-C58D29EE5220: set configuration 0: peers:[ab213e82-42b9-48b1-ae0f-aa83a6d4a4a6|10.1.0.11:15112, 91ca698e-74b5-4d15-9852-8e087478f801|10.1.0.11:15121, b499248e-0c06-432d-b10b-4f9787fe0788|10.1.0.11:15103]|listeners:[], old=null
2024-03-15 21:39:06,475 [ab213e82-42b9-48b1-ae0f-aa83a6d4a4a6@group-C58D29EE5220-SegmentedRaftLogWorker] INFO  segmented.BufferedWriteChannel (BufferedWriteChannel.java:open(62)) - open log_inprogress_0 at position 0
2024-03-15 21:39:06,481 [EventQueue-PipelineReportForPipelineReportHandler] INFO  pipeline.PipelineReportHandler (PipelineReportHandler.java:processPipelineReport(136)) - Opened pipeline PipelineID=71be99a8-5358-4ab1-a8a7-c58d29ee5220
2024-03-15 21:39:06,481 [EventQueue-OpenPipelineForHealthyPipelineSafeModeRule] INFO  safemode.SCMSafeModeManager (HealthyPipelineSafeModeRule.java:process(140)) - SCM in safe mode. Healthy pipelines reported count is 1, required healthy pipeline reported count is 1
2024-03-15 21:39:06,481 [EventQueue-OpenPipelineForHealthyPipelineSafeModeRule] INFO  safemode.SCMSafeModeManager (SCMSafeModeManager.java:validateSafeModeExitRules(200)) - HealthyPipelineSafeModeRule rule is successfully validated
2024-03-15 21:39:06,481 [EventQueue-OpenPipelineForHealthyPipelineSafeModeRule] INFO  safemode.SCMSafeModeManager (SCMSafeModeManager.java:validateSafeModeExitRules(215)) - ScmSafeModeManager, all rules are successfully validated
2024-03-15 21:39:06,481 [EventQueue-OpenPipelineForHealthyPipelineSafeModeRule] INFO  safemode.SCMSafeModeManager (SCMSafeModeManager.java:exitSafeMode(244)) - SCM exiting safe mode.
2024-03-15 21:39:06,481 [EventQueue-OpenPipelineForHealthyPipelineSafeModeRule] INFO  ha.SCMContext (SCMContext.java:updateSafeModeStatus(225)) - Update SafeModeStatus from SafeModeStatus{safeModeStatus=true, preCheckPassed=true} to SafeModeStatus{safeModeStatus=false, preCheckPassed=true}.
2024-03-15 21:39:06,481 [EventQueue-OpenPipelineForHealthyPipelineSafeModeRule] INFO  pipeline.BackgroundPipelineCreator (BackgroundPipelineCreator.java:notifyStatusChanged(258)) - Service BackgroundPipelineCreator transitions to RUNNING.
2024-03-15 21:39:06,481 [EventQueue-OpenPipelineForHealthyPipelineSafeModeRule] INFO  BackgroundPipelineScrubber (BackgroundSCMService.java:notifyStatusChanged(79)) - Service BackgroundPipelineScrubber transitions to RUNNING.
2024-03-15 21:39:06,481 [EventQueue-OpenPipelineForHealthyPipelineSafeModeRule] INFO  ExpiredContainerReplicaOpScrubber (BackgroundSCMService.java:notifyStatusChanged(79)) - Service ExpiredContainerReplicaOpScrubber transitions to RUNNING.
2024-03-15 21:39:06,481 [EventQueue-OpenPipelineForHealthyPipelineSafeModeRule] INFO  block.SCMBlockDeletingService (SCMBlockDeletingService.java:notifyStatusChanged(247)) - notifyStatusChanged:RUNNING
2024-03-15 21:39:06,482 [EventQueue-OpenPipelineForHealthyPipelineSafeModeRule] INFO  replication.ReplicationManager (ReplicationManager.java:notifyStatusChanged(1403)) - Service ReplicationManager transitions to RUNNING.
2024-03-15 21:39:06,482 [EventQueue-OpenPipelineForHealthyPipelineSafeModeRule] WARN  balancer.ContainerBalancer (ContainerBalancer.java:shouldRun(134)) - Could not find persisted configuration for ContainerBalancer when checking if ContainerBalancer should run. ContainerBalancer should not run now.
2024-03-15 21:39:06,483 [ab213e82-42b9-48b1-ae0f-aa83a6d4a4a6@group-C58D29EE5220-SegmentedRaftLogWorker] INFO  segmented.SegmentedRaftLogWorker (SegmentedRaftLogWorker.java:execute(634)) - ab213e82-42b9-48b1-ae0f-aa83a6d4a4a6@group-C58D29EE5220-SegmentedRaftLogWorker: created new log segment /home/runner/work/ozone/ozone/hadoop-ozone/integration-test/target/test-dir/MiniOzoneClusterImpl-3a4de177-78ca-4f6d-b60b-6b5c736a6a4e/ozone-meta/datanode-2/ratis/71be99a8-5358-4ab1-a8a7-c58d29ee5220/current/log_inprogress_0
2024-03-15 21:39:06,486 [91ca698e-74b5-4d15-9852-8e087478f801-server-thread1] INFO  ratis.XceiverServerRatis (XceiverServerRatis.java:handleLeaderChangedNotification(966)) - Leader change notification received for group: group-C58D29EE5220 with new leaderId: ab213e82-42b9-48b1-ae0f-aa83a6d4a4a6
2024-03-15 21:39:06,486 [91ca698e-74b5-4d15-9852-8e087478f801-server-thread1] INFO  server.RaftServer$Division (ServerState.java:setLeader(269)) - 91ca698e-74b5-4d15-9852-8e087478f801@group-C58D29EE5220: change Leader from null to ab213e82-42b9-48b1-ae0f-aa83a6d4a4a6 at term 1 for appendEntries, leader elected after 5108ms
2024-03-15 21:39:06,498 [91ca698e-74b5-4d15-9852-8e087478f801-server-thread3] INFO  server.RaftServer$Division (ServerState.java:setRaftConf(386)) - 91ca698e-74b5-4d15-9852-8e087478f801@group-C58D29EE5220: set configuration 0: peers:[ab213e82-42b9-48b1-ae0f-aa83a6d4a4a6|10.1.0.11:15112, 91ca698e-74b5-4d15-9852-8e087478f801|10.1.0.11:15121, b499248e-0c06-432d-b10b-4f9787fe0788|10.1.0.11:15103]|listeners:[], old=null
2024-03-15 21:39:06,500 [91ca698e-74b5-4d15-9852-8e087478f801-server-thread3] INFO  segmented.SegmentedRaftLogWorker (SegmentedRaftLogWorker.java:startLogSegment(430)) - 91ca698e-74b5-4d15-9852-8e087478f801@group-C58D29EE5220-SegmentedRaftLogWorker: Starting segment from index:0
2024-03-15 21:39:06,500 [91ca698e-74b5-4d15-9852-8e087478f801@group-C58D29EE5220-SegmentedRaftLogWorker] INFO  segmented.BufferedWriteChannel (BufferedWriteChannel.java:open(62)) - open log_inprogress_0 at position 0
2024-03-15 21:39:06,501 [b499248e-0c06-432d-b10b-4f9787fe0788-server-thread1] INFO  ratis.XceiverServerRatis (XceiverServerRatis.java:handleLeaderChangedNotification(966)) - Leader change notification received for group: group-C58D29EE5220 with new leaderId: ab213e82-42b9-48b1-ae0f-aa83a6d4a4a6
2024-03-15 21:39:06,501 [b499248e-0c06-432d-b10b-4f9787fe0788-server-thread1] INFO  server.RaftServer$Division (ServerState.java:setLeader(269)) - b499248e-0c06-432d-b10b-4f9787fe0788@group-C58D29EE5220: change Leader from null to ab213e82-42b9-48b1-ae0f-aa83a6d4a4a6 at term 1 for appendEntries, leader elected after 5156ms
2024-03-15 21:39:06,506 [b499248e-0c06-432d-b10b-4f9787fe0788-server-thread2] INFO  server.RaftServer$Division (ServerState.java:setRaftConf(386)) - b499248e-0c06-432d-b10b-4f9787fe0788@group-C58D29EE5220: set configuration 0: peers:[ab213e82-42b9-48b1-ae0f-aa83a6d4a4a6|10.1.0.11:15112, 91ca698e-74b5-4d15-9852-8e087478f801|10.1.0.11:15121, b499248e-0c06-432d-b10b-4f9787fe0788|10.1.0.11:15103]|listeners:[], old=null
2024-03-15 21:39:06,507 [b499248e-0c06-432d-b10b-4f9787fe0788-server-thread2] INFO  segmented.SegmentedRaftLogWorker (SegmentedRaftLogWorker.java:startLogSegment(430)) - b499248e-0c06-432d-b10b-4f9787fe0788@group-C58D29EE5220-SegmentedRaftLogWorker: Starting segment from index:0
2024-03-15 21:39:06,507 [b499248e-0c06-432d-b10b-4f9787fe0788@group-C58D29EE5220-SegmentedRaftLogWorker] INFO  segmented.BufferedWriteChannel (BufferedWriteChannel.java:open(62)) - open log_inprogress_0 at position 0
2024-03-15 21:39:06,514 [91ca698e-74b5-4d15-9852-8e087478f801@group-C58D29EE5220-SegmentedRaftLogWorker] INFO  segmented.SegmentedRaftLogWorker (SegmentedRaftLogWorker.java:execute(634)) - 91ca698e-74b5-4d15-9852-8e087478f801@group-C58D29EE5220-SegmentedRaftLogWorker: created new log segment /home/runner/work/ozone/ozone/hadoop-ozone/integration-test/target/test-dir/MiniOzoneClusterImpl-3a4de177-78ca-4f6d-b60b-6b5c736a6a4e/ozone-meta/datanode-3/ratis/71be99a8-5358-4ab1-a8a7-c58d29ee5220/current/log_inprogress_0
2024-03-15 21:39:06,515 [b499248e-0c06-432d-b10b-4f9787fe0788@group-C58D29EE5220-SegmentedRaftLogWorker] INFO  segmented.SegmentedRaftLogWorker (SegmentedRaftLogWorker.java:execute(634)) - b499248e-0c06-432d-b10b-4f9787fe0788@group-C58D29EE5220-SegmentedRaftLogWorker: created new log segment /home/runner/work/ozone/ozone/hadoop-ozone/integration-test/target/test-dir/MiniOzoneClusterImpl-3a4de177-78ca-4f6d-b60b-6b5c736a6a4e/ozone-meta/datanode-1/ratis/71be99a8-5358-4ab1-a8a7-c58d29ee5220/current/log_inprogress_0
2024-03-15 21:39:06,517 [ab213e82-42b9-48b1-ae0f-aa83a6d4a4a6@group-C58D29EE5220-StateMachineUpdater] INFO  server.RaftServer$Division (LeaderStateImpl.java:isApplied(320)) - leader is ready since appliedIndex == 0 >= startIndex == 0
2024-03-15 21:39:06,523 [ab213e82-42b9-48b1-ae0f-aa83a6d4a4a6@group-74D59BEFE15B-FollowerState] INFO  impl.FollowerState (FollowerState.java:run(143)) - ab213e82-42b9-48b1-ae0f-aa83a6d4a4a6@group-74D59BEFE15B-FollowerState: change to CANDIDATE, lastRpcElapsedTime:5077731056ns, electionTimeout:5073ms
2024-03-15 21:39:06,523 [ab213e82-42b9-48b1-ae0f-aa83a6d4a4a6@group-74D59BEFE15B-FollowerState] INFO  impl.RoleInfo (RoleInfo.java:shutdownFollowerState(110)) - ab213e82-42b9-48b1-ae0f-aa83a6d4a4a6: shutdown ab213e82-42b9-48b1-ae0f-aa83a6d4a4a6@group-74D59BEFE15B-FollowerState
2024-03-15 21:39:06,523 [ab213e82-42b9-48b1-ae0f-aa83a6d4a4a6@group-74D59BEFE15B-FollowerState] INFO  server.RaftServer$Division (RaftServerImpl.java:setRole(383)) - ab213e82-42b9-48b1-ae0f-aa83a6d4a4a6@group-74D59BEFE15B: changes role from  FOLLOWER to CANDIDATE at term 0 for changeToCandidate
2024-03-15 21:39:06,523 [ab213e82-42b9-48b1-ae0f-aa83a6d4a4a6@group-74D59BEFE15B-FollowerState] INFO  server.RaftServerConfigKeys (ConfUtils.java:logGet(46)) - raft.server.leaderelection.pre-vote = true (default)
2024-03-15 21:39:06,524 [ab213e82-42b9-48b1-ae0f-aa83a6d4a4a6@group-74D59BEFE15B-FollowerState] INFO  impl.RoleInfo (RoleInfo.java:updateAndGet(139)) - ab213e82-42b9-48b1-ae0f-aa83a6d4a4a6: start ab213e82-42b9-48b1-ae0f-aa83a6d4a4a6@group-74D59BEFE15B-LeaderElection20
2024-03-15 21:39:06,525 [ab213e82-42b9-48b1-ae0f-aa83a6d4a4a6@group-74D59BEFE15B-LeaderElection20] INFO  impl.LeaderElection (LeaderElection.java:askForVotes(321)) - ab213e82-42b9-48b1-ae0f-aa83a6d4a4a6@group-74D59BEFE15B-LeaderElection20 PRE_VOTE round 0: submit vote requests at term 0 for -1: peers:[ab213e82-42b9-48b1-ae0f-aa83a6d4a4a6|10.1.0.11:15112]|listeners:[], old=null
2024-03-15 21:39:06,526 [ab213e82-42b9-48b1-ae0f-aa83a6d4a4a6@group-74D59BEFE15B-LeaderElection20] INFO  impl.LeaderElection (LeaderElection.java:askForVotes(323)) - ab213e82-42b9-48b1-ae0f-aa83a6d4a4a6@group-74D59BEFE15B-LeaderElection20 PRE_VOTE round 0: result PASSED (term=0)
2024-03-15 21:39:06,527 [ab213e82-42b9-48b1-ae0f-aa83a6d4a4a6@group-74D59BEFE15B-LeaderElection20] INFO  impl.LeaderElection (LeaderElection.java:askForVotes(321)) - ab213e82-42b9-48b1-ae0f-aa83a6d4a4a6@group-74D59BEFE15B-LeaderElection20 ELECTION round 0: submit vote requests at term 1 for -1: peers:[ab213e82-42b9-48b1-ae0f-aa83a6d4a4a6|10.1.0.11:15112]|listeners:[], old=null
2024-03-15 21:39:06,527 [ab213e82-42b9-48b1-ae0f-aa83a6d4a4a6@group-74D59BEFE15B-LeaderElection20] INFO  impl.LeaderElection (LeaderElection.java:askForVotes(323)) - ab213e82-42b9-48b1-ae0f-aa83a6d4a4a6@group-74D59BEFE15B-LeaderElection20 ELECTION round 0: result PASSED (term=1)
2024-03-15 21:39:06,527 [ab213e82-42b9-48b1-ae0f-aa83a6d4a4a6@group-74D59BEFE15B-LeaderElection20] INFO  impl.RoleInfo (RoleInfo.java:shutdownLeaderElection(130)) - ab213e82-42b9-48b1-ae0f-aa83a6d4a4a6: shutdown ab213e82-42b9-48b1-ae0f-aa83a6d4a4a6@group-74D59BEFE15B-LeaderElection20
2024-03-15 21:39:06,527 [ab213e82-42b9-48b1-ae0f-aa83a6d4a4a6@group-74D59BEFE15B-LeaderElection20] INFO  server.RaftServer$Division (RaftServerImpl.java:setRole(383)) - ab213e82-42b9-48b1-ae0f-aa83a6d4a4a6@group-74D59BEFE15B: changes role from CANDIDATE to LEADER at term 1 for changeToLeader
2024-03-15 21:39:06,527 [ab213e82-42b9-48b1-ae0f-aa83a6d4a4a6@group-74D59BEFE15B-LeaderElection20] INFO  server.RaftServerConfigKeys (ConfUtils.java:logGet(46)) - raft.server.staging.catchup.gap = 1000 (default)
2024-03-15 21:39:06,527 [ab213e82-42b9-48b1-ae0f-aa83a6d4a4a6@group-74D59BEFE15B-LeaderElection20] INFO  server.RaftServerConfigKeys (ConfUtils.java:logGet(46)) - raft.server.write.element-limit = 1024 (custom)
2024-03-15 21:39:06,527 [ab213e82-42b9-48b1-ae0f-aa83a6d4a4a6@group-74D59BEFE15B-LeaderElection20] INFO  server.RaftServerConfigKeys (ConfUtils.java:logGet(46)) - raft.server.write.byte-limit = 1024 M (=1073741824) (custom)
2024-03-15 21:39:06,527 [ab213e82-42b9-48b1-ae0f-aa83a6d4a4a6@group-74D59BEFE15B-LeaderElection20] INFO  server.RaftServerConfigKeys (ConfUtils.java:logGet(46)) - raft.server.watch.timeout = 3000ms (custom)
2024-03-15 21:39:06,527 [ab213e82-42b9-48b1-ae0f-aa83a6d4a4a6@group-74D59BEFE15B-LeaderElection20] INFO  server.RaftServerConfigKeys (ConfUtils.java:logGet(46)) - raft.server.watch.timeout.denomination = 1s (default)
2024-03-15 21:39:06,527 [ab213e82-42b9-48b1-ae0f-aa83a6d4a4a6@group-74D59BEFE15B-LeaderElection20] INFO  server.RaftServerConfigKeys (ConfUtils.java:logGet(46)) - raft.server.watch.element-limit = 65536 (default)
2024-03-15 21:39:06,528 [ab213e82-42b9-48b1-ae0f-aa83a6d4a4a6@group-74D59BEFE15B-LeaderElection20] INFO  server.RaftServerConfigKeys (ConfUtils.java:logGet(46)) - raft.server.read.leader.lease.enabled = false (default)
2024-03-15 21:39:06,528 [ab213e82-42b9-48b1-ae0f-aa83a6d4a4a6@group-74D59BEFE15B-LeaderElection20] INFO  server.RaftServerConfigKeys (ConfUtils.java:logGet(46)) - raft.server.read.leader.lease.timeout.ratio = 0.9 (default)
2024-03-15 21:39:06,528 [ab213e82-42b9-48b1-ae0f-aa83a6d4a4a6@group-74D59BEFE15B-LeaderElection20] INFO  server.RaftServerConfigKeys (ConfUtils.java:logGet(46)) - raft.server.rpc.timeout.min = 5s (custom)
2024-03-15 21:39:06,528 [ab213e82-42b9-48b1-ae0f-aa83a6d4a4a6@group-74D59BEFE15B-LeaderElection20] INFO  server.RaftServerConfigKeys (ConfUtils.java:logGet(46)) - raft.server.write.element-limit = 1024 (custom)
2024-03-15 21:39:06,528 [ab213e82-42b9-48b1-ae0f-aa83a6d4a4a6@group-74D59BEFE15B-LeaderElection20] INFO  server.RaftServerConfigKeys (ConfUtils.java:logGet(46)) - raft.server.write.follower.gap.ratio.max = -1.0 (default)
2024-03-15 21:39:06,528 [ab213e82-42b9-48b1-ae0f-aa83a6d4a4a6@group-74D59BEFE15B-LeaderElection20] INFO  impl.RoleInfo (RoleInfo.java:updateAndGet(139)) - ab213e82-42b9-48b1-ae0f-aa83a6d4a4a6: start ab213e82-42b9-48b1-ae0f-aa83a6d4a4a6@group-74D59BEFE15B-LeaderStateImpl
2024-03-15 21:39:06,528 [ab213e82-42b9-48b1-ae0f-aa83a6d4a4a6@group-74D59BEFE15B-LeaderElection20] INFO  server.RaftServer$Division (RaftServerImpl.java:setFirstElection(574)) - ab213e82-42b9-48b1-ae0f-aa83a6d4a4a6@group-74D59BEFE15B: set firstElectionSinceStartup to false for becomeLeader
2024-03-15 21:39:06,528 [ab213e82-42b9-48b1-ae0f-aa83a6d4a4a6@group-74D59BEFE15B-LeaderElection20] INFO  ratis.XceiverServerRatis (XceiverServerRatis.java:handleLeaderChangedNotification(966)) - Leader change notification received for group: group-74D59BEFE15B with new leaderId: ab213e82-42b9-48b1-ae0f-aa83a6d4a4a6
2024-03-15 21:39:06,528 [ab213e82-42b9-48b1-ae0f-aa83a6d4a4a6@group-74D59BEFE15B-LeaderElection20] INFO  server.RaftServer$Division (ServerState.java:setLeader(269)) - ab213e82-42b9-48b1-ae0f-aa83a6d4a4a6@group-74D59BEFE15B: change Leader from null to ab213e82-42b9-48b1-ae0f-aa83a6d4a4a6 at term 1 for becomeLeader, leader elected after 5095ms
2024-03-15 21:39:06,528 [ab213e82-42b9-48b1-ae0f-aa83a6d4a4a6@group-74D59BEFE15B-LeaderElection20] INFO  segmented.SegmentedRaftLogWorker (SegmentedRaftLogWorker.java:startLogSegment(430)) - ab213e82-42b9-48b1-ae0f-aa83a6d4a4a6@group-74D59BEFE15B-SegmentedRaftLogWorker: Starting segment from index:0
2024-03-15 21:39:06,529 [ab213e82-42b9-48b1-ae0f-aa83a6d4a4a6@group-74D59BEFE15B-SegmentedRaftLogWorker] INFO  segmented.BufferedWriteChannel (BufferedWriteChannel.java:open(62)) - open log_inprogress_0 at position 0
2024-03-15 21:39:06,532 [ab213e82-42b9-48b1-ae0f-aa83a6d4a4a6@group-74D59BEFE15B-LeaderElection20] INFO  server.RaftServer$Division (ServerState.java:setRaftConf(386)) - ab213e82-42b9-48b1-ae0f-aa83a6d4a4a6@group-74D59BEFE15B: set configuration 0: peers:[ab213e82-42b9-48b1-ae0f-aa83a6d4a4a6|10.1.0.11:15112]|listeners:[], old=null
2024-03-15 21:39:06,535 [ab213e82-42b9-48b1-ae0f-aa83a6d4a4a6@group-74D59BEFE15B-SegmentedRaftLogWorker] INFO  segmented.SegmentedRaftLogWorker (SegmentedRaftLogWorker.java:execute(634)) - ab213e82-42b9-48b1-ae0f-aa83a6d4a4a6@group-74D59BEFE15B-SegmentedRaftLogWorker: created new log segment /home/runner/work/ozone/ozone/hadoop-ozone/integration-test/target/test-dir/MiniOzoneClusterImpl-3a4de177-78ca-4f6d-b60b-6b5c736a6a4e/ozone-meta/datanode-2/ratis/9e234054-0ec3-4025-b74b-74d59befe15b/current/log_inprogress_0
2024-03-15 21:39:06,537 [ab213e82-42b9-48b1-ae0f-aa83a6d4a4a6@group-74D59BEFE15B-StateMachineUpdater] INFO  server.RaftServer$Division (LeaderStateImpl.java:isApplied(320)) - leader is ready since appliedIndex == 0 >= startIndex == 0
2024-03-15 21:39:06,593 [91ca698e-74b5-4d15-9852-8e087478f801@group-5945C1BD35EC-FollowerState] INFO  impl.FollowerState (FollowerState.java:run(143)) - 91ca698e-74b5-4d15-9852-8e087478f801@group-5945C1BD35EC-FollowerState: change to CANDIDATE, lastRpcElapsedTime:5049433153ns, electionTimeout:5049ms
2024-03-15 21:39:06,593 [91ca698e-74b5-4d15-9852-8e087478f801@group-5945C1BD35EC-FollowerState] INFO  impl.RoleInfo (RoleInfo.java:shutdownFollowerState(110)) - 91ca698e-74b5-4d15-9852-8e087478f801: shutdown 91ca698e-74b5-4d15-9852-8e087478f801@group-5945C1BD35EC-FollowerState
2024-03-15 21:39:06,593 [91ca698e-74b5-4d15-9852-8e087478f801@group-5945C1BD35EC-FollowerState] INFO  server.RaftServer$Division (RaftServerImpl.java:setRole(383)) - 91ca698e-74b5-4d15-9852-8e087478f801@group-5945C1BD35EC: changes role from  FOLLOWER to CANDIDATE at term 0 for changeToCandidate
2024-03-15 21:39:06,593 [91ca698e-74b5-4d15-9852-8e087478f801@group-5945C1BD35EC-FollowerState] INFO  server.RaftServerConfigKeys (ConfUtils.java:logGet(46)) - raft.server.leaderelection.pre-vote = true (default)
2024-03-15 21:39:06,593 [91ca698e-74b5-4d15-9852-8e087478f801@group-5945C1BD35EC-FollowerState] INFO  impl.RoleInfo (RoleInfo.java:updateAndGet(139)) - 91ca698e-74b5-4d15-9852-8e087478f801: start 91ca698e-74b5-4d15-9852-8e087478f801@group-5945C1BD35EC-LeaderElection21
2024-03-15 21:39:06,595 [91ca698e-74b5-4d15-9852-8e087478f801@group-5945C1BD35EC-LeaderElection21] INFO  impl.LeaderElection (LeaderElection.java:askForVotes(321)) - 91ca698e-74b5-4d15-9852-8e087478f801@group-5945C1BD35EC-LeaderElection21 PRE_VOTE round 0: submit vote requests at term 0 for -1: peers:[91ca698e-74b5-4d15-9852-8e087478f801|10.1.0.11:15121]|listeners:[], old=null
2024-03-15 21:39:06,595 [91ca698e-74b5-4d15-9852-8e087478f801@group-5945C1BD35EC-LeaderElection21] INFO  impl.LeaderElection (LeaderElection.java:askForVotes(323)) - 91ca698e-74b5-4d15-9852-8e087478f801@group-5945C1BD35EC-LeaderElection21 PRE_VOTE round 0: result PASSED (term=0)
2024-03-15 21:39:06,596 [91ca698e-74b5-4d15-9852-8e087478f801@group-5945C1BD35EC-LeaderElection21] INFO  impl.LeaderElection (LeaderElection.java:askForVotes(321)) - 91ca698e-74b5-4d15-9852-8e087478f801@group-5945C1BD35EC-LeaderElection21 ELECTION round 0: submit vote requests at term 1 for -1: peers:[91ca698e-74b5-4d15-9852-8e087478f801|10.1.0.11:15121]|listeners:[], old=null
2024-03-15 21:39:06,596 [91ca698e-74b5-4d15-9852-8e087478f801@group-5945C1BD35EC-LeaderElection21] INFO  impl.LeaderElection (LeaderElection.java:askForVotes(323)) - 91ca698e-74b5-4d15-9852-8e087478f801@group-5945C1BD35EC-LeaderElection21 ELECTION round 0: result PASSED (term=1)
2024-03-15 21:39:06,596 [91ca698e-74b5-4d15-9852-8e087478f801@group-5945C1BD35EC-LeaderElection21] INFO  impl.RoleInfo (RoleInfo.java:shutdownLeaderElection(130)) - 91ca698e-74b5-4d15-9852-8e087478f801: shutdown 91ca698e-74b5-4d15-9852-8e087478f801@group-5945C1BD35EC-LeaderElection21
2024-03-15 21:39:06,596 [91ca698e-74b5-4d15-9852-8e087478f801@group-5945C1BD35EC-LeaderElection21] INFO  server.RaftServer$Division (RaftServerImpl.java:setRole(383)) - 91ca698e-74b5-4d15-9852-8e087478f801@group-5945C1BD35EC: changes role from CANDIDATE to LEADER at term 1 for changeToLeader
2024-03-15 21:39:06,596 [91ca698e-74b5-4d15-9852-8e087478f801@group-5945C1BD35EC-LeaderElection21] INFO  server.RaftServerConfigKeys (ConfUtils.java:logGet(46)) - raft.server.staging.catchup.gap = 1000 (default)
2024-03-15 21:39:06,596 [91ca698e-74b5-4d15-9852-8e087478f801@group-5945C1BD35EC-LeaderElection21] INFO  server.RaftServerConfigKeys (ConfUtils.java:logGet(46)) - raft.server.write.element-limit = 1024 (custom)
2024-03-15 21:39:06,596 [91ca698e-74b5-4d15-9852-8e087478f801@group-5945C1BD35EC-LeaderElection21] INFO  server.RaftServerConfigKeys (ConfUtils.java:logGet(46)) - raft.server.write.byte-limit = 1024 M (=1073741824) (custom)
2024-03-15 21:39:06,597 [91ca698e-74b5-4d15-9852-8e087478f801@group-5945C1BD35EC-LeaderElection21] INFO  server.RaftServerConfigKeys (ConfUtils.java:logGet(46)) - raft.server.watch.timeout = 3000ms (custom)
2024-03-15 21:39:06,597 [91ca698e-74b5-4d15-9852-8e087478f801@group-5945C1BD35EC-LeaderElection21] INFO  server.RaftServerConfigKeys (ConfUtils.java:logGet(46)) - raft.server.watch.timeout.denomination = 1s (default)
2024-03-15 21:39:06,597 [91ca698e-74b5-4d15-9852-8e087478f801@group-5945C1BD35EC-LeaderElection21] INFO  server.RaftServerConfigKeys (ConfUtils.java:logGet(46)) - raft.server.watch.element-limit = 65536 (default)
2024-03-15 21:39:06,597 [91ca698e-74b5-4d15-9852-8e087478f801@group-5945C1BD35EC-LeaderElection21] INFO  server.RaftServerConfigKeys (ConfUtils.java:logGet(46)) - raft.server.read.leader.lease.enabled = false (default)
2024-03-15 21:39:06,597 [91ca698e-74b5-4d15-9852-8e087478f801@group-5945C1BD35EC-LeaderElection21] INFO  server.RaftServerConfigKeys (ConfUtils.java:logGet(46)) - raft.server.read.leader.lease.timeout.ratio = 0.9 (default)
2024-03-15 21:39:06,597 [91ca698e-74b5-4d15-9852-8e087478f801@group-5945C1BD35EC-LeaderElection21] INFO  server.RaftServerConfigKeys (ConfUtils.java:logGet(46)) - raft.server.rpc.timeout.min = 5s (custom)
2024-03-15 21:39:06,597 [91ca698e-74b5-4d15-9852-8e087478f801@group-5945C1BD35EC-LeaderElection21] INFO  server.RaftServerConfigKeys (ConfUtils.java:logGet(46)) - raft.server.write.element-limit = 1024 (custom)
2024-03-15 21:39:06,597 [91ca698e-74b5-4d15-9852-8e087478f801@group-5945C1BD35EC-LeaderElection21] INFO  server.RaftServerConfigKeys (ConfUtils.java:logGet(46)) - raft.server.write.follower.gap.ratio.max = -1.0 (default)
2024-03-15 21:39:06,597 [91ca698e-74b5-4d15-9852-8e087478f801@group-5945C1BD35EC-LeaderElection21] INFO  impl.RoleInfo (RoleInfo.java:updateAndGet(139)) - 91ca698e-74b5-4d15-9852-8e087478f801: start 91ca698e-74b5-4d15-9852-8e087478f801@group-5945C1BD35EC-LeaderStateImpl
2024-03-15 21:39:06,597 [91ca698e-74b5-4d15-9852-8e087478f801@group-5945C1BD35EC-LeaderElection21] INFO  server.RaftServer$Division (RaftServerImpl.java:setFirstElection(574)) - 91ca698e-74b5-4d15-9852-8e087478f801@group-5945C1BD35EC: set firstElectionSinceStartup to false for becomeLeader
2024-03-15 21:39:06,597 [91ca698e-74b5-4d15-9852-8e087478f801@group-5945C1BD35EC-LeaderElection21] INFO  ratis.XceiverServerRatis (XceiverServerRatis.java:handleLeaderChangedNotification(966)) - Leader change notification received for group: group-5945C1BD35EC with new leaderId: 91ca698e-74b5-4d15-9852-8e087478f801
2024-03-15 21:39:06,597 [91ca698e-74b5-4d15-9852-8e087478f801@group-5945C1BD35EC-LeaderElection21] INFO  server.RaftServer$Division (ServerState.java:setLeader(269)) - 91ca698e-74b5-4d15-9852-8e087478f801@group-5945C1BD35EC: change Leader from null to 91ca698e-74b5-4d15-9852-8e087478f801 at term 1 for becomeLeader, leader elected after 5065ms
2024-03-15 21:39:06,598 [91ca698e-74b5-4d15-9852-8e087478f801@group-5945C1BD35EC-LeaderElection21] INFO  segmented.SegmentedRaftLogWorker (SegmentedRaftLogWorker.java:startLogSegment(430)) - 91ca698e-74b5-4d15-9852-8e087478f801@group-5945C1BD35EC-SegmentedRaftLogWorker: Starting segment from index:0
2024-03-15 21:39:06,599 [91ca698e-74b5-4d15-9852-8e087478f801@group-5945C1BD35EC-LeaderElection21] INFO  server.RaftServer$Division (ServerState.java:setRaftConf(386)) - 91ca698e-74b5-4d15-9852-8e087478f801@group-5945C1BD35EC: set configuration 0: peers:[91ca698e-74b5-4d15-9852-8e087478f801|10.1.0.11:15121]|listeners:[], old=null
2024-03-15 21:39:06,600 [91ca698e-74b5-4d15-9852-8e087478f801@group-5945C1BD35EC-SegmentedRaftLogWorker] INFO  segmented.BufferedWriteChannel (BufferedWriteChannel.java:open(62)) - open log_inprogress_0 at position 0
2024-03-15 21:39:06,607 [91ca698e-74b5-4d15-9852-8e087478f801@group-5945C1BD35EC-SegmentedRaftLogWorker] INFO  segmented.SegmentedRaftLogWorker (SegmentedRaftLogWorker.java:execute(634)) - 91ca698e-74b5-4d15-9852-8e087478f801@group-5945C1BD35EC-SegmentedRaftLogWorker: created new log segment /home/runner/work/ozone/ozone/hadoop-ozone/integration-test/target/test-dir/MiniOzoneClusterImpl-3a4de177-78ca-4f6d-b60b-6b5c736a6a4e/ozone-meta/datanode-3/ratis/81c55f63-aa9b-437b-8855-5945c1bd35ec/current/log_inprogress_0
2024-03-15 21:39:06,609 [91ca698e-74b5-4d15-9852-8e087478f801@group-5945C1BD35EC-StateMachineUpdater] INFO  server.RaftServer$Division (LeaderStateImpl.java:isApplied(320)) - leader is ready since appliedIndex == 0 >= startIndex == 0
2024-03-15 21:39:06,728 [05ef7519-d18f-4616-94d2-fdbdf5167048@group-25B99B4419A4-FollowerState] INFO  impl.FollowerState (FollowerState.java:run(143)) - 05ef7519-d18f-4616-94d2-fdbdf5167048@group-25B99B4419A4-FollowerState: change to CANDIDATE, lastRpcElapsedTime:5066212511ns, electionTimeout:5065ms
2024-03-15 21:39:06,728 [05ef7519-d18f-4616-94d2-fdbdf5167048@group-25B99B4419A4-FollowerState] INFO  impl.RoleInfo (RoleInfo.java:shutdownFollowerState(110)) - 05ef7519-d18f-4616-94d2-fdbdf5167048: shutdown 05ef7519-d18f-4616-94d2-fdbdf5167048@group-25B99B4419A4-FollowerState
2024-03-15 21:39:06,729 [05ef7519-d18f-4616-94d2-fdbdf5167048@group-25B99B4419A4-FollowerState] INFO  server.RaftServer$Division (RaftServerImpl.java:setRole(383)) - 05ef7519-d18f-4616-94d2-fdbdf5167048@group-25B99B4419A4: changes role from  FOLLOWER to CANDIDATE at term 0 for changeToCandidate
2024-03-15 21:39:06,729 [05ef7519-d18f-4616-94d2-fdbdf5167048@group-25B99B4419A4-FollowerState] INFO  server.RaftServerConfigKeys (ConfUtils.java:logGet(46)) - raft.server.leaderelection.pre-vote = true (default)
2024-03-15 21:39:06,729 [05ef7519-d18f-4616-94d2-fdbdf5167048@group-25B99B4419A4-FollowerState] INFO  impl.RoleInfo (RoleInfo.java:updateAndGet(139)) - 05ef7519-d18f-4616-94d2-fdbdf5167048: start 05ef7519-d18f-4616-94d2-fdbdf5167048@group-25B99B4419A4-LeaderElection22
2024-03-15 21:39:06,731 [05ef7519-d18f-4616-94d2-fdbdf5167048@group-25B99B4419A4-LeaderElection22] INFO  impl.LeaderElection (LeaderElection.java:askForVotes(321)) - 05ef7519-d18f-4616-94d2-fdbdf5167048@group-25B99B4419A4-LeaderElection22 PRE_VOTE round 0: submit vote requests at term 0 for -1: peers:[05ef7519-d18f-4616-94d2-fdbdf5167048|10.1.0.11:15130]|listeners:[], old=null
2024-03-15 21:39:06,731 [05ef7519-d18f-4616-94d2-fdbdf5167048@group-25B99B4419A4-LeaderElection22] INFO  impl.LeaderElection (LeaderElection.java:askForVotes(323)) - 05ef7519-d18f-4616-94d2-fdbdf5167048@group-25B99B4419A4-LeaderElection22 PRE_VOTE round 0: result PASSED (term=0)
2024-03-15 21:39:06,732 [05ef7519-d18f-4616-94d2-fdbdf5167048@group-25B99B4419A4-LeaderElection22] INFO  impl.LeaderElection (LeaderElection.java:askForVotes(321)) - 05ef7519-d18f-4616-94d2-fdbdf5167048@group-25B99B4419A4-LeaderElection22 ELECTION round 0: submit vote requests at term 1 for -1: peers:[05ef7519-d18f-4616-94d2-fdbdf5167048|10.1.0.11:15130]|listeners:[], old=null
2024-03-15 21:39:06,732 [05ef7519-d18f-4616-94d2-fdbdf5167048@group-25B99B4419A4-LeaderElection22] INFO  impl.LeaderElection (LeaderElection.java:askForVotes(323)) - 05ef7519-d18f-4616-94d2-fdbdf5167048@group-25B99B4419A4-LeaderElection22 ELECTION round 0: result PASSED (term=1)
2024-03-15 21:39:06,732 [05ef7519-d18f-4616-94d2-fdbdf5167048@group-25B99B4419A4-LeaderElection22] INFO  impl.RoleInfo (RoleInfo.java:shutdownLeaderElection(130)) - 05ef7519-d18f-4616-94d2-fdbdf5167048: shutdown 05ef7519-d18f-4616-94d2-fdbdf5167048@group-25B99B4419A4-LeaderElection22
2024-03-15 21:39:06,732 [05ef7519-d18f-4616-94d2-fdbdf5167048@group-25B99B4419A4-LeaderElection22] INFO  server.RaftServer$Division (RaftServerImpl.java:setRole(383)) - 05ef7519-d18f-4616-94d2-fdbdf5167048@group-25B99B4419A4: changes role from CANDIDATE to LEADER at term 1 for changeToLeader
2024-03-15 21:39:06,732 [05ef7519-d18f-4616-94d2-fdbdf5167048@group-25B99B4419A4-LeaderElection22] INFO  server.RaftServerConfigKeys (ConfUtils.java:logGet(46)) - raft.server.staging.catchup.gap = 1000 (default)
2024-03-15 21:39:06,732 [05ef7519-d18f-4616-94d2-fdbdf5167048@group-25B99B4419A4-LeaderElection22] INFO  server.RaftServerConfigKeys (ConfUtils.java:logGet(46)) - raft.server.write.element-limit = 1024 (custom)
2024-03-15 21:39:06,733 [05ef7519-d18f-4616-94d2-fdbdf5167048@group-25B99B4419A4-LeaderElection22] INFO  server.RaftServerConfigKeys (ConfUtils.java:logGet(46)) - raft.server.write.byte-limit = 1024 M (=1073741824) (custom)
2024-03-15 21:39:06,733 [05ef7519-d18f-4616-94d2-fdbdf5167048@group-25B99B4419A4-LeaderElection22] INFO  server.RaftServerConfigKeys (ConfUtils.java:logGet(46)) - raft.server.watch.timeout = 3000ms (custom)
2024-03-15 21:39:06,733 [05ef7519-d18f-4616-94d2-fdbdf5167048@group-25B99B4419A4-LeaderElection22] INFO  server.RaftServerConfigKeys (ConfUtils.java:logGet(46)) - raft.server.watch.timeout.denomination = 1s (default)
2024-03-15 21:39:06,733 [05ef7519-d18f-4616-94d2-fdbdf5167048@group-25B99B4419A4-LeaderElection22] INFO  server.RaftServerConfigKeys (ConfUtils.java:logGet(46)) - raft.server.watch.element-limit = 65536 (default)
2024-03-15 21:39:06,733 [05ef7519-d18f-4616-94d2-fdbdf5167048@group-25B99B4419A4-LeaderElection22] INFO  server.RaftServerConfigKeys (ConfUtils.java:logGet(46)) - raft.server.read.leader.lease.enabled = false (default)
2024-03-15 21:39:06,733 [05ef7519-d18f-4616-94d2-fdbdf5167048@group-25B99B4419A4-LeaderElection22] INFO  server.RaftServerConfigKeys (ConfUtils.java:logGet(46)) - raft.server.read.leader.lease.timeout.ratio = 0.9 (default)
2024-03-15 21:39:06,733 [05ef7519-d18f-4616-94d2-fdbdf5167048@group-25B99B4419A4-LeaderElection22] INFO  server.RaftServerConfigKeys (ConfUtils.java:logGet(46)) - raft.server.rpc.timeout.min = 5s (custom)
2024-03-15 21:39:06,733 [05ef7519-d18f-4616-94d2-fdbdf5167048@group-25B99B4419A4-LeaderElection22] INFO  server.RaftServerConfigKeys (ConfUtils.java:logGet(46)) - raft.server.write.element-limit = 1024 (custom)
2024-03-15 21:39:06,733 [05ef7519-d18f-4616-94d2-fdbdf5167048@group-25B99B4419A4-LeaderElection22] INFO  server.RaftServerConfigKeys (ConfUtils.java:logGet(46)) - raft.server.write.follower.gap.ratio.max = -1.0 (default)
2024-03-15 21:39:06,733 [05ef7519-d18f-4616-94d2-fdbdf5167048@group-25B99B4419A4-LeaderElection22] INFO  impl.RoleInfo (RoleInfo.java:updateAndGet(139)) - 05ef7519-d18f-4616-94d2-fdbdf5167048: start 05ef7519-d18f-4616-94d2-fdbdf5167048@group-25B99B4419A4-LeaderStateImpl
2024-03-15 21:39:06,733 [05ef7519-d18f-4616-94d2-fdbdf5167048@group-25B99B4419A4-LeaderElection22] INFO  server.RaftServer$Division (RaftServerImpl.java:setFirstElection(574)) - 05ef7519-d18f-4616-94d2-fdbdf5167048@group-25B99B4419A4: set firstElectionSinceStartup to false for becomeLeader
2024-03-15 21:39:06,733 [05ef7519-d18f-4616-94d2-fdbdf5167048@group-25B99B4419A4-LeaderElection22] INFO  ratis.XceiverServerRatis (XceiverServerRatis.java:handleLeaderChangedNotification(966)) - Leader change notification received for group: group-25B99B4419A4 with new leaderId: 05ef7519-d18f-4616-94d2-fdbdf5167048
2024-03-15 21:39:06,734 [05ef7519-d18f-4616-94d2-fdbdf5167048@group-25B99B4419A4-LeaderElection22] INFO  server.RaftServer$Division (ServerState.java:setLeader(269)) - 05ef7519-d18f-4616-94d2-fdbdf5167048@group-25B99B4419A4: change Leader from null to 05ef7519-d18f-4616-94d2-fdbdf5167048 at term 1 for becomeLeader, leader elected after 5083ms
2024-03-15 21:39:06,734 [05ef7519-d18f-4616-94d2-fdbdf5167048@group-25B99B4419A4-LeaderElection22] INFO  segmented.SegmentedRaftLogWorker (SegmentedRaftLogWorker.java:startLogSegment(430)) - 05ef7519-d18f-4616-94d2-fdbdf5167048@group-25B99B4419A4-SegmentedRaftLogWorker: Starting segment from index:0
2024-03-15 21:39:06,735 [05ef7519-d18f-4616-94d2-fdbdf5167048@group-25B99B4419A4-LeaderElection22] INFO  server.RaftServer$Division (ServerState.java:setRaftConf(386)) - 05ef7519-d18f-4616-94d2-fdbdf5167048@group-25B99B4419A4: set configuration 0: peers:[05ef7519-d18f-4616-94d2-fdbdf5167048|10.1.0.11:15130]|listeners:[], old=null
2024-03-15 21:39:06,735 [05ef7519-d18f-4616-94d2-fdbdf5167048@group-25B99B4419A4-SegmentedRaftLogWorker] INFO  segmented.BufferedWriteChannel (BufferedWriteChannel.java:open(62)) - open log_inprogress_0 at position 0
2024-03-15 21:39:06,742 [05ef7519-d18f-4616-94d2-fdbdf5167048@group-25B99B4419A4-SegmentedRaftLogWorker] INFO  segmented.SegmentedRaftLogWorker (SegmentedRaftLogWorker.java:execute(634)) - 05ef7519-d18f-4616-94d2-fdbdf5167048@group-25B99B4419A4-SegmentedRaftLogWorker: created new log segment /home/runner/work/ozone/ozone/hadoop-ozone/integration-test/target/test-dir/MiniOzoneClusterImpl-3a4de177-78ca-4f6d-b60b-6b5c736a6a4e/ozone-meta/datanode-4/ratis/4e0e85ca-9611-4d76-a150-25b99b4419a4/current/log_inprogress_0
2024-03-15 21:39:06,744 [05ef7519-d18f-4616-94d2-fdbdf5167048@group-25B99B4419A4-StateMachineUpdater] INFO  server.RaftServer$Division (LeaderStateImpl.java:isApplied(320)) - leader is ready since appliedIndex == 0 >= startIndex == 0
2024-03-15 21:39:06,825 [05ef7519-d18f-4616-94d2-fdbdf5167048@group-5640AFA68D3E-FollowerState] INFO  impl.FollowerState (FollowerState.java:run(143)) - 05ef7519-d18f-4616-94d2-fdbdf5167048@group-5640AFA68D3E-FollowerState: change to CANDIDATE, lastRpcElapsedTime:5147974252ns, electionTimeout:5143ms
2024-03-15 21:39:06,825 [05ef7519-d18f-4616-94d2-fdbdf5167048@group-5640AFA68D3E-FollowerState] INFO  impl.RoleInfo (RoleInfo.java:shutdownFollowerState(110)) - 05ef7519-d18f-4616-94d2-fdbdf5167048: shutdown 05ef7519-d18f-4616-94d2-fdbdf5167048@group-5640AFA68D3E-FollowerState
2024-03-15 21:39:06,825 [05ef7519-d18f-4616-94d2-fdbdf5167048@group-5640AFA68D3E-FollowerState] INFO  server.RaftServer$Division (RaftServerImpl.java:setRole(383)) - 05ef7519-d18f-4616-94d2-fdbdf5167048@group-5640AFA68D3E: changes role from  FOLLOWER to CANDIDATE at term 0 for changeToCandidate
2024-03-15 21:39:06,825 [05ef7519-d18f-4616-94d2-fdbdf5167048@group-5640AFA68D3E-FollowerState] INFO  server.RaftServerConfigKeys (ConfUtils.java:logGet(46)) - raft.server.leaderelection.pre-vote = true (default)
2024-03-15 21:39:06,825 [05ef7519-d18f-4616-94d2-fdbdf5167048@group-5640AFA68D3E-FollowerState] INFO  impl.RoleInfo (RoleInfo.java:updateAndGet(139)) - 05ef7519-d18f-4616-94d2-fdbdf5167048: start 05ef7519-d18f-4616-94d2-fdbdf5167048@group-5640AFA68D3E-LeaderElection23
2024-03-15 21:39:06,827 [05ef7519-d18f-4616-94d2-fdbdf5167048@group-5640AFA68D3E-LeaderElection23] INFO  impl.LeaderElection (LeaderElection.java:askForVotes(321)) - 05ef7519-d18f-4616-94d2-fdbdf5167048@group-5640AFA68D3E-LeaderElection23 PRE_VOTE round 0: submit vote requests at term 0 for -1: peers:[455def2e-61ff-4e49-9c6f-295594c4a0b8|10.1.0.11:15148, bf6310f0-ec4f-414e-a975-974a715da885|10.1.0.11:15139, 05ef7519-d18f-4616-94d2-fdbdf5167048|10.1.0.11:15130]|listeners:[], old=null
2024-03-15 21:39:06,827 [05ef7519-d18f-4616-94d2-fdbdf5167048@group-5640AFA68D3E-LeaderElection23-1] INFO  server.GrpcServerProtocolClient (GrpcServerProtocolClient.java:<init>(65)) - Build channel for 455def2e-61ff-4e49-9c6f-295594c4a0b8|10.1.0.11:15148
2024-03-15 21:39:06,827 [05ef7519-d18f-4616-94d2-fdbdf5167048@group-5640AFA68D3E-LeaderElection23] INFO  server.RaftServerConfigKeys (ConfUtils.java:logFallback(53)) - raft.server.rpc.first-election.timeout.min = 5s (fallback to raft.server.rpc.timeout.min)
2024-03-15 21:39:06,827 [05ef7519-d18f-4616-94d2-fdbdf5167048@group-5640AFA68D3E-LeaderElection23] INFO  server.RaftServerConfigKeys (ConfUtils.java:logFallback(53)) - raft.server.rpc.first-election.timeout.max = 5200ms (fallback to raft.server.rpc.timeout.max)
2024-03-15 21:39:06,827 [05ef7519-d18f-4616-94d2-fdbdf5167048@group-5640AFA68D3E-LeaderElection23-2] INFO  server.GrpcServerProtocolClient (GrpcServerProtocolClient.java:<init>(65)) - Build channel for bf6310f0-ec4f-414e-a975-974a715da885|10.1.0.11:15139
2024-03-15 21:39:06,831 [grpc-default-executor-0] INFO  server.RaftServer$Division (RaftServerImpl.java:requestVote(1389)) - 455def2e-61ff-4e49-9c6f-295594c4a0b8@group-5640AFA68D3E: receive requestVote(PRE_VOTE, 05ef7519-d18f-4616-94d2-fdbdf5167048, group-5640AFA68D3E, 0, (t:0, i:0))
2024-03-15 21:39:06,831 [grpc-default-executor-0] INFO  impl.VoteContext (VoteContext.java:log(49)) - 455def2e-61ff-4e49-9c6f-295594c4a0b8@group-5640AFA68D3E-FOLLOWER: reject PRE_VOTE from 05ef7519-d18f-4616-94d2-fdbdf5167048: our priority 1 > candidate's priority 0
2024-03-15 21:39:06,831 [grpc-default-executor-0] INFO  server.RaftServer$Division (RaftServerImpl.java:requestVote(1422)) - 455def2e-61ff-4e49-9c6f-295594c4a0b8@group-5640AFA68D3E replies to PRE_VOTE vote request: 05ef7519-d18f-4616-94d2-fdbdf5167048<-455def2e-61ff-4e49-9c6f-295594c4a0b8#0:FAIL-t0. Peer's state: 455def2e-61ff-4e49-9c6f-295594c4a0b8@group-5640AFA68D3E:t0, leader=null, voted=, raftlog=Memoized:455def2e-61ff-4e49-9c6f-295594c4a0b8@group-5640AFA68D3E-SegmentedRaftLog:OPENED:c-1, conf=-1: peers:[455def2e-61ff-4e49-9c6f-295594c4a0b8|10.1.0.11:15148, bf6310f0-ec4f-414e-a975-974a715da885|10.1.0.11:15139, 05ef7519-d18f-4616-94d2-fdbdf5167048|10.1.0.11:15130]|listeners:[], old=null
2024-03-15 21:39:06,832 [grpc-default-executor-2] INFO  server.RaftServer$Division (RaftServerImpl.java:requestVote(1389)) - bf6310f0-ec4f-414e-a975-974a715da885@group-5640AFA68D3E: receive requestVote(PRE_VOTE, 05ef7519-d18f-4616-94d2-fdbdf5167048, group-5640AFA68D3E, 0, (t:0, i:0))
2024-03-15 21:39:06,833 [grpc-default-executor-2] INFO  impl.VoteContext (VoteContext.java:log(49)) - bf6310f0-ec4f-414e-a975-974a715da885@group-5640AFA68D3E-FOLLOWER: accept PRE_VOTE from 05ef7519-d18f-4616-94d2-fdbdf5167048: our priority 0 <= candidate's priority 0
2024-03-15 21:39:06,833 [05ef7519-d18f-4616-94d2-fdbdf5167048@group-5640AFA68D3E-LeaderElection23] INFO  impl.LeaderElection (LeaderElection.java:logAndReturn(89)) - 05ef7519-d18f-4616-94d2-fdbdf5167048@group-5640AFA68D3E-LeaderElection23: PRE_VOTE REJECTED received 1 response(s) and 0 exception(s):
2024-03-15 21:39:06,833 [grpc-default-executor-2] INFO  server.RaftServer$Division (RaftServerImpl.java:requestVote(1422)) - bf6310f0-ec4f-414e-a975-974a715da885@group-5640AFA68D3E replies to PRE_VOTE vote request: 05ef7519-d18f-4616-94d2-fdbdf5167048<-bf6310f0-ec4f-414e-a975-974a715da885#0:OK-t0. Peer's state: bf6310f0-ec4f-414e-a975-974a715da885@group-5640AFA68D3E:t0, leader=null, voted=, raftlog=Memoized:bf6310f0-ec4f-414e-a975-974a715da885@group-5640AFA68D3E-SegmentedRaftLog:OPENED:c-1, conf=-1: peers:[455def2e-61ff-4e49-9c6f-295594c4a0b8|10.1.0.11:15148, bf6310f0-ec4f-414e-a975-974a715da885|10.1.0.11:15139, 05ef7519-d18f-4616-94d2-fdbdf5167048|10.1.0.11:15130]|listeners:[], old=null
2024-03-15 21:39:06,833 [05ef7519-d18f-4616-94d2-fdbdf5167048@group-5640AFA68D3E-LeaderElection23] INFO  impl.LeaderElection (LeaderElection.java:logAndReturn(93)) -   Response 0: 05ef7519-d18f-4616-94d2-fdbdf5167048<-455def2e-61ff-4e49-9c6f-295594c4a0b8#0:FAIL-t0
2024-03-15 21:39:06,833 [05ef7519-d18f-4616-94d2-fdbdf5167048@group-5640AFA68D3E-LeaderElection23] INFO  impl.LeaderElection (LeaderElection.java:askForVotes(323)) - 05ef7519-d18f-4616-94d2-fdbdf5167048@group-5640AFA68D3E-LeaderElection23 PRE_VOTE round 0: result REJECTED
2024-03-15 21:39:06,833 [05ef7519-d18f-4616-94d2-fdbdf5167048@group-5640AFA68D3E-LeaderElection23] INFO  server.RaftServer$Division (RaftServerImpl.java:setRole(383)) - 05ef7519-d18f-4616-94d2-fdbdf5167048@group-5640AFA68D3E: changes role from CANDIDATE to FOLLOWER at term 0 for REJECTED
2024-03-15 21:39:06,833 [05ef7519-d18f-4616-94d2-fdbdf5167048@group-5640AFA68D3E-LeaderElection23] INFO  impl.RoleInfo (RoleInfo.java:shutdownLeaderElection(130)) - 05ef7519-d18f-4616-94d2-fdbdf5167048: shutdown 05ef7519-d18f-4616-94d2-fdbdf5167048@group-5640AFA68D3E-LeaderElection23
2024-03-15 21:39:06,833 [05ef7519-d18f-4616-94d2-fdbdf5167048@group-5640AFA68D3E-LeaderElection23] INFO  impl.RoleInfo (RoleInfo.java:updateAndGet(139)) - 05ef7519-d18f-4616-94d2-fdbdf5167048: start 05ef7519-d18f-4616-94d2-fdbdf5167048@group-5640AFA68D3E-FollowerState
2024-03-15 21:39:06,833 [05ef7519-d18f-4616-94d2-fdbdf5167048@group-5640AFA68D3E-LeaderElection23] INFO  server.RaftServer$Division (RaftServerImpl.java:setFirstElection(574)) - 05ef7519-d18f-4616-94d2-fdbdf5167048@group-5640AFA68D3E: set firstElectionSinceStartup to false for REJECTED
2024-03-15 21:39:06,899 [bf6310f0-ec4f-414e-a975-974a715da885@group-5640AFA68D3E-FollowerState] INFO  server.RaftServerConfigKeys (ConfUtils.java:logFallback(53)) - raft.server.rpc.first-election.timeout.min = 5s (fallback to raft.server.rpc.timeout.min)
2024-03-15 21:39:06,899 [bf6310f0-ec4f-414e-a975-974a715da885@group-5640AFA68D3E-FollowerState] INFO  server.RaftServerConfigKeys (ConfUtils.java:logFallback(53)) - raft.server.rpc.first-election.timeout.max = 5200ms (fallback to raft.server.rpc.timeout.max)
2024-03-15 21:39:06,914 [bf6310f0-ec4f-414e-a975-974a715da885@group-E360525BF245-FollowerState] INFO  impl.FollowerState (FollowerState.java:run(143)) - bf6310f0-ec4f-414e-a975-974a715da885@group-E360525BF245-FollowerState: change to CANDIDATE, lastRpcElapsedTime:5081443793ns, electionTimeout:5081ms
2024-03-15 21:39:06,914 [bf6310f0-ec4f-414e-a975-974a715da885@group-E360525BF245-FollowerState] INFO  impl.RoleInfo (RoleInfo.java:shutdownFollowerState(110)) - bf6310f0-ec4f-414e-a975-974a715da885: shutdown bf6310f0-ec4f-414e-a975-974a715da885@group-E360525BF245-FollowerState
2024-03-15 21:39:06,914 [bf6310f0-ec4f-414e-a975-974a715da885@group-E360525BF245-FollowerState] INFO  server.RaftServer$Division (RaftServerImpl.java:setRole(383)) - bf6310f0-ec4f-414e-a975-974a715da885@group-E360525BF245: changes role from  FOLLOWER to CANDIDATE at term 0 for changeToCandidate
2024-03-15 21:39:06,914 [bf6310f0-ec4f-414e-a975-974a715da885@group-E360525BF245-FollowerState] INFO  server.RaftServerConfigKeys (ConfUtils.java:logGet(46)) - raft.server.leaderelection.pre-vote = true (default)
2024-03-15 21:39:06,914 [bf6310f0-ec4f-414e-a975-974a715da885@group-E360525BF245-FollowerState] INFO  impl.RoleInfo (RoleInfo.java:updateAndGet(139)) - bf6310f0-ec4f-414e-a975-974a715da885: start bf6310f0-ec4f-414e-a975-974a715da885@group-E360525BF245-LeaderElection24
2024-03-15 21:39:06,916 [bf6310f0-ec4f-414e-a975-974a715da885@group-E360525BF245-LeaderElection24] INFO  impl.LeaderElection (LeaderElection.java:askForVotes(321)) - bf6310f0-ec4f-414e-a975-974a715da885@group-E360525BF245-LeaderElection24 PRE_VOTE round 0: submit vote requests at term 0 for -1: peers:[bf6310f0-ec4f-414e-a975-974a715da885|10.1.0.11:15139]|listeners:[], old=null
2024-03-15 21:39:06,916 [bf6310f0-ec4f-414e-a975-974a715da885@group-E360525BF245-LeaderElection24] INFO  impl.LeaderElection (LeaderElection.java:askForVotes(323)) - bf6310f0-ec4f-414e-a975-974a715da885@group-E360525BF245-LeaderElection24 PRE_VOTE round 0: result PASSED (term=0)
2024-03-15 21:39:06,917 [bf6310f0-ec4f-414e-a975-974a715da885@group-E360525BF245-LeaderElection24] INFO  impl.LeaderElection (LeaderElection.java:askForVotes(321)) - bf6310f0-ec4f-414e-a975-974a715da885@group-E360525BF245-LeaderElection24 ELECTION round 0: submit vote requests at term 1 for -1: peers:[bf6310f0-ec4f-414e-a975-974a715da885|10.1.0.11:15139]|listeners:[], old=null
2024-03-15 21:39:06,917 [bf6310f0-ec4f-414e-a975-974a715da885@group-E360525BF245-LeaderElection24] INFO  impl.LeaderElection (LeaderElection.java:askForVotes(323)) - bf6310f0-ec4f-414e-a975-974a715da885@group-E360525BF245-LeaderElection24 ELECTION round 0: result PASSED (term=1)
2024-03-15 21:39:06,917 [bf6310f0-ec4f-414e-a975-974a715da885@group-E360525BF245-LeaderElection24] INFO  impl.RoleInfo (RoleInfo.java:shutdownLeaderElection(130)) - bf6310f0-ec4f-414e-a975-974a715da885: shutdown bf6310f0-ec4f-414e-a975-974a715da885@group-E360525BF245-LeaderElection24
2024-03-15 21:39:06,917 [bf6310f0-ec4f-414e-a975-974a715da885@group-E360525BF245-LeaderElection24] INFO  server.RaftServer$Division (RaftServerImpl.java:setRole(383)) - bf6310f0-ec4f-414e-a975-974a715da885@group-E360525BF245: changes role from CANDIDATE to LEADER at term 1 for changeToLeader
2024-03-15 21:39:06,917 [bf6310f0-ec4f-414e-a975-974a715da885@group-E360525BF245-LeaderElection24] INFO  server.RaftServerConfigKeys (ConfUtils.java:logGet(46)) - raft.server.staging.catchup.gap = 1000 (default)
2024-03-15 21:39:06,918 [bf6310f0-ec4f-414e-a975-974a715da885@group-E360525BF245-LeaderElection24] INFO  server.RaftServerConfigKeys (ConfUtils.java:logGet(46)) - raft.server.write.element-limit = 1024 (custom)
2024-03-15 21:39:06,918 [bf6310f0-ec4f-414e-a975-974a715da885@group-E360525BF245-LeaderElection24] INFO  server.RaftServerConfigKeys (ConfUtils.java:logGet(46)) - raft.server.write.byte-limit = 1024 M (=1073741824) (custom)
2024-03-15 21:39:06,918 [bf6310f0-ec4f-414e-a975-974a715da885@group-E360525BF245-LeaderElection24] INFO  server.RaftServerConfigKeys (ConfUtils.java:logGet(46)) - raft.server.watch.timeout = 3000ms (custom)
2024-03-15 21:39:06,918 [bf6310f0-ec4f-414e-a975-974a715da885@group-E360525BF245-LeaderElection24] INFO  server.RaftServerConfigKeys (ConfUtils.java:logGet(46)) - raft.server.watch.timeout.denomination = 1s (default)
2024-03-15 21:39:06,918 [bf6310f0-ec4f-414e-a975-974a715da885@group-E360525BF245-LeaderElection24] INFO  server.RaftServerConfigKeys (ConfUtils.java:logGet(46)) - raft.server.watch.element-limit = 65536 (default)
2024-03-15 21:39:06,918 [bf6310f0-ec4f-414e-a975-974a715da885@group-E360525BF245-LeaderElection24] INFO  server.RaftServerConfigKeys (ConfUtils.java:logGet(46)) - raft.server.read.leader.lease.enabled = false (default)
2024-03-15 21:39:06,918 [bf6310f0-ec4f-414e-a975-974a715da885@group-E360525BF245-LeaderElection24] INFO  server.RaftServerConfigKeys (ConfUtils.java:logGet(46)) - raft.server.read.leader.lease.timeout.ratio = 0.9 (default)
2024-03-15 21:39:06,918 [bf6310f0-ec4f-414e-a975-974a715da885@group-E360525BF245-LeaderElection24] INFO  server.RaftServerConfigKeys (ConfUtils.java:logGet(46)) - raft.server.rpc.timeout.min = 5s (custom)
2024-03-15 21:39:06,918 [bf6310f0-ec4f-414e-a975-974a715da885@group-E360525BF245-LeaderElection24] INFO  server.RaftServerConfigKeys (ConfUtils.java:logGet(46)) - raft.server.write.element-limit = 1024 (custom)
2024-03-15 21:39:06,918 [bf6310f0-ec4f-414e-a975-974a715da885@group-E360525BF245-LeaderElection24] INFO  server.RaftServerConfigKeys (ConfUtils.java:logGet(46)) - raft.server.write.follower.gap.ratio.max = -1.0 (default)
2024-03-15 21:39:06,918 [bf6310f0-ec4f-414e-a975-974a715da885@group-E360525BF245-LeaderElection24] INFO  impl.RoleInfo (RoleInfo.java:updateAndGet(139)) - bf6310f0-ec4f-414e-a975-974a715da885: start bf6310f0-ec4f-414e-a975-974a715da885@group-E360525BF245-LeaderStateImpl
2024-03-15 21:39:06,918 [bf6310f0-ec4f-414e-a975-974a715da885@group-E360525BF245-LeaderElection24] INFO  server.RaftServer$Division (RaftServerImpl.java:setFirstElection(574)) - bf6310f0-ec4f-414e-a975-974a715da885@group-E360525BF245: set firstElectionSinceStartup to false for becomeLeader
2024-03-15 21:39:06,919 [bf6310f0-ec4f-414e-a975-974a715da885@group-E360525BF245-LeaderElection24] INFO  ratis.XceiverServerRatis (XceiverServerRatis.java:handleLeaderChangedNotification(966)) - Leader change notification received for group: group-E360525BF245 with new leaderId: bf6310f0-ec4f-414e-a975-974a715da885
2024-03-15 21:39:06,919 [bf6310f0-ec4f-414e-a975-974a715da885@group-E360525BF245-LeaderElection24] INFO  server.RaftServer$Division (ServerState.java:setLeader(269)) - bf6310f0-ec4f-414e-a975-974a715da885@group-E360525BF245: change Leader from null to bf6310f0-ec4f-414e-a975-974a715da885 at term 1 for becomeLeader, leader elected after 5096ms
2024-03-15 21:39:06,919 [bf6310f0-ec4f-414e-a975-974a715da885@group-E360525BF245-LeaderElection24] INFO  segmented.SegmentedRaftLogWorker (SegmentedRaftLogWorker.java:startLogSegment(430)) - bf6310f0-ec4f-414e-a975-974a715da885@group-E360525BF245-SegmentedRaftLogWorker: Starting segment from index:0
2024-03-15 21:39:06,920 [bf6310f0-ec4f-414e-a975-974a715da885@group-E360525BF245-LeaderElection24] INFO  server.RaftServer$Division (ServerState.java:setRaftConf(386)) - bf6310f0-ec4f-414e-a975-974a715da885@group-E360525BF245: set configuration 0: peers:[bf6310f0-ec4f-414e-a975-974a715da885|10.1.0.11:15139]|listeners:[], old=null
2024-03-15 21:39:06,920 [bf6310f0-ec4f-414e-a975-974a715da885@group-E360525BF245-SegmentedRaftLogWorker] INFO  segmented.BufferedWriteChannel (BufferedWriteChannel.java:open(62)) - open log_inprogress_0 at position 0
2024-03-15 21:39:06,924 [455def2e-61ff-4e49-9c6f-295594c4a0b8@group-5640AFA68D3E-FollowerState] INFO  impl.FollowerState (FollowerState.java:run(143)) - 455def2e-61ff-4e49-9c6f-295594c4a0b8@group-5640AFA68D3E-FollowerState: change to CANDIDATE, lastRpcElapsedTime:5195190738ns, electionTimeout:5194ms
2024-03-15 21:39:06,924 [455def2e-61ff-4e49-9c6f-295594c4a0b8@group-5640AFA68D3E-FollowerState] INFO  impl.RoleInfo (RoleInfo.java:shutdownFollowerState(110)) - 455def2e-61ff-4e49-9c6f-295594c4a0b8: shutdown 455def2e-61ff-4e49-9c6f-295594c4a0b8@group-5640AFA68D3E-FollowerState
2024-03-15 21:39:06,924 [455def2e-61ff-4e49-9c6f-295594c4a0b8@group-5640AFA68D3E-FollowerState] INFO  server.RaftServer$Division (RaftServerImpl.java:setRole(383)) - 455def2e-61ff-4e49-9c6f-295594c4a0b8@group-5640AFA68D3E: changes role from  FOLLOWER to CANDIDATE at term 0 for changeToCandidate
2024-03-15 21:39:06,924 [455def2e-61ff-4e49-9c6f-295594c4a0b8@group-5640AFA68D3E-FollowerState] INFO  server.RaftServerConfigKeys (ConfUtils.java:logGet(46)) - raft.server.leaderelection.pre-vote = true (default)
2024-03-15 21:39:06,924 [455def2e-61ff-4e49-9c6f-295594c4a0b8@group-5640AFA68D3E-FollowerState] INFO  impl.RoleInfo (RoleInfo.java:updateAndGet(139)) - 455def2e-61ff-4e49-9c6f-295594c4a0b8: start 455def2e-61ff-4e49-9c6f-295594c4a0b8@group-5640AFA68D3E-LeaderElection25
2024-03-15 21:39:06,925 [455def2e-61ff-4e49-9c6f-295594c4a0b8@group-5640AFA68D3E-LeaderElection25] INFO  impl.LeaderElection (LeaderElection.java:askForVotes(321)) - 455def2e-61ff-4e49-9c6f-295594c4a0b8@group-5640AFA68D3E-LeaderElection25 PRE_VOTE round 0: submit vote requests at term 0 for -1: peers:[455def2e-61ff-4e49-9c6f-295594c4a0b8|10.1.0.11:15148, bf6310f0-ec4f-414e-a975-974a715da885|10.1.0.11:15139, 05ef7519-d18f-4616-94d2-fdbdf5167048|10.1.0.11:15130]|listeners:[], old=null
2024-03-15 21:39:06,925 [455def2e-61ff-4e49-9c6f-295594c4a0b8@group-5640AFA68D3E-LeaderElection25-1] INFO  server.GrpcServerProtocolClient (GrpcServerProtocolClient.java:<init>(65)) - Build channel for bf6310f0-ec4f-414e-a975-974a715da885|10.1.0.11:15139
2024-03-15 21:39:06,925 [455def2e-61ff-4e49-9c6f-295594c4a0b8@group-5640AFA68D3E-LeaderElection25-2] INFO  server.GrpcServerProtocolClient (GrpcServerProtocolClient.java:<init>(65)) - Build channel for 05ef7519-d18f-4616-94d2-fdbdf5167048|10.1.0.11:15130
2024-03-15 21:39:06,925 [455def2e-61ff-4e49-9c6f-295594c4a0b8@group-5640AFA68D3E-LeaderElection25] INFO  server.RaftServerConfigKeys (ConfUtils.java:logFallback(53)) - raft.server.rpc.first-election.timeout.min = 5s (fallback to raft.server.rpc.timeout.min)
2024-03-15 21:39:06,925 [455def2e-61ff-4e49-9c6f-295594c4a0b8@group-5640AFA68D3E-LeaderElection25] INFO  server.RaftServerConfigKeys (ConfUtils.java:logFallback(53)) - raft.server.rpc.first-election.timeout.max = 5200ms (fallback to raft.server.rpc.timeout.max)
2024-03-15 21:39:06,927 [bf6310f0-ec4f-414e-a975-974a715da885@group-E360525BF245-SegmentedRaftLogWorker] INFO  segmented.SegmentedRaftLogWorker (SegmentedRaftLogWorker.java:execute(634)) - bf6310f0-ec4f-414e-a975-974a715da885@group-E360525BF245-SegmentedRaftLogWorker: created new log segment /home/runner/work/ozone/ozone/hadoop-ozone/integration-test/target/test-dir/MiniOzoneClusterImpl-3a4de177-78ca-4f6d-b60b-6b5c736a6a4e/ozone-meta/datanode-5/ratis/99487e4d-a984-4790-932f-e360525bf245/current/log_inprogress_0
2024-03-15 21:39:06,932 [bf6310f0-ec4f-414e-a975-974a715da885@group-E360525BF245-StateMachineUpdater] INFO  server.RaftServer$Division (LeaderStateImpl.java:isApplied(320)) - leader is ready since appliedIndex == 0 >= startIndex == 0
2024-03-15 21:39:06,934 [grpc-default-executor-0] INFO  server.RaftServer$Division (RaftServerImpl.java:requestVote(1389)) - bf6310f0-ec4f-414e-a975-974a715da885@group-5640AFA68D3E: receive requestVote(PRE_VOTE, 455def2e-61ff-4e49-9c6f-295594c4a0b8, group-5640AFA68D3E, 0, (t:0, i:0))
2024-03-15 21:39:06,935 [grpc-default-executor-2] INFO  server.RaftServer$Division (RaftServerImpl.java:requestVote(1389)) - 05ef7519-d18f-4616-94d2-fdbdf5167048@group-5640AFA68D3E: receive requestVote(PRE_VOTE, 455def2e-61ff-4e49-9c6f-295594c4a0b8, group-5640AFA68D3E, 0, (t:0, i:0))
2024-03-15 21:39:06,935 [grpc-default-executor-0] INFO  impl.VoteContext (VoteContext.java:log(49)) - bf6310f0-ec4f-414e-a975-974a715da885@group-5640AFA68D3E-FOLLOWER: accept PRE_VOTE from 455def2e-61ff-4e49-9c6f-295594c4a0b8: our priority 0 <= candidate's priority 1
2024-03-15 21:39:06,935 [grpc-default-executor-2] INFO  impl.VoteContext (VoteContext.java:log(49)) - 05ef7519-d18f-4616-94d2-fdbdf5167048@group-5640AFA68D3E-FOLLOWER: accept PRE_VOTE from 455def2e-61ff-4e49-9c6f-295594c4a0b8: our priority 0 <= candidate's priority 1
2024-03-15 21:39:06,935 [grpc-default-executor-0] INFO  server.RaftServer$Division (RaftServerImpl.java:requestVote(1422)) - bf6310f0-ec4f-414e-a975-974a715da885@group-5640AFA68D3E replies to PRE_VOTE vote request: 455def2e-61ff-4e49-9c6f-295594c4a0b8<-bf6310f0-ec4f-414e-a975-974a715da885#0:OK-t0. Peer's state: bf6310f0-ec4f-414e-a975-974a715da885@group-5640AFA68D3E:t0, leader=null, voted=, raftlog=Memoized:bf6310f0-ec4f-414e-a975-974a715da885@group-5640AFA68D3E-SegmentedRaftLog:OPENED:c-1, conf=-1: peers:[455def2e-61ff-4e49-9c6f-295594c4a0b8|10.1.0.11:15148, bf6310f0-ec4f-414e-a975-974a715da885|10.1.0.11:15139, 05ef7519-d18f-4616-94d2-fdbdf5167048|10.1.0.11:15130]|listeners:[], old=null
2024-03-15 21:39:06,935 [grpc-default-executor-2] INFO  server.RaftServer$Division (RaftServerImpl.java:requestVote(1422)) - 05ef7519-d18f-4616-94d2-fdbdf5167048@group-5640AFA68D3E replies to PRE_VOTE vote request: 455def2e-61ff-4e49-9c6f-295594c4a0b8<-05ef7519-d18f-4616-94d2-fdbdf5167048#0:OK-t0. Peer's state: 05ef7519-d18f-4616-94d2-fdbdf5167048@group-5640AFA68D3E:t0, leader=null, voted=, raftlog=Memoized:05ef7519-d18f-4616-94d2-fdbdf5167048@group-5640AFA68D3E-SegmentedRaftLog:OPENED:c-1, conf=-1: peers:[455def2e-61ff-4e49-9c6f-295594c4a0b8|10.1.0.11:15148, bf6310f0-ec4f-414e-a975-974a715da885|10.1.0.11:15139, 05ef7519-d18f-4616-94d2-fdbdf5167048|10.1.0.11:15130]|listeners:[], old=null
2024-03-15 21:39:06,938 [455def2e-61ff-4e49-9c6f-295594c4a0b8@group-5640AFA68D3E-LeaderElection25] INFO  impl.LeaderElection (LeaderElection.java:logAndReturn(89)) - 455def2e-61ff-4e49-9c6f-295594c4a0b8@group-5640AFA68D3E-LeaderElection25: PRE_VOTE PASSED received 1 response(s) and 0 exception(s):
2024-03-15 21:39:06,938 [455def2e-61ff-4e49-9c6f-295594c4a0b8@group-5640AFA68D3E-LeaderElection25] INFO  impl.LeaderElection (LeaderElection.java:logAndReturn(93)) -   Response 0: 455def2e-61ff-4e49-9c6f-295594c4a0b8<-05ef7519-d18f-4616-94d2-fdbdf5167048#0:OK-t0
2024-03-15 21:39:06,938 [455def2e-61ff-4e49-9c6f-295594c4a0b8@group-5640AFA68D3E-LeaderElection25] INFO  impl.LeaderElection (LeaderElection.java:askForVotes(323)) - 455def2e-61ff-4e49-9c6f-295594c4a0b8@group-5640AFA68D3E-LeaderElection25 PRE_VOTE round 0: result PASSED
2024-03-15 21:39:06,939 [455def2e-61ff-4e49-9c6f-295594c4a0b8@group-5640AFA68D3E-LeaderElection25] INFO  impl.LeaderElection (LeaderElection.java:askForVotes(321)) - 455def2e-61ff-4e49-9c6f-295594c4a0b8@group-5640AFA68D3E-LeaderElection25 ELECTION round 0: submit vote requests at term 1 for -1: peers:[455def2e-61ff-4e49-9c6f-295594c4a0b8|10.1.0.11:15148, bf6310f0-ec4f-414e-a975-974a715da885|10.1.0.11:15139, 05ef7519-d18f-4616-94d2-fdbdf5167048|10.1.0.11:15130]|listeners:[], old=null
2024-03-15 21:39:06,939 [455def2e-61ff-4e49-9c6f-295594c4a0b8@group-5640AFA68D3E-LeaderElection25] INFO  server.RaftServerConfigKeys (ConfUtils.java:logFallback(53)) - raft.server.rpc.first-election.timeout.min = 5s (fallback to raft.server.rpc.timeout.min)
2024-03-15 21:39:06,939 [455def2e-61ff-4e49-9c6f-295594c4a0b8@group-5640AFA68D3E-LeaderElection25] INFO  server.RaftServerConfigKeys (ConfUtils.java:logFallback(53)) - raft.server.rpc.first-election.timeout.max = 5200ms (fallback to raft.server.rpc.timeout.max)
2024-03-15 21:39:06,940 [grpc-default-executor-2] INFO  server.RaftServer$Division (RaftServerImpl.java:requestVote(1389)) - 05ef7519-d18f-4616-94d2-fdbdf5167048@group-5640AFA68D3E: receive requestVote(ELECTION, 455def2e-61ff-4e49-9c6f-295594c4a0b8, group-5640AFA68D3E, 1, (t:0, i:0))
2024-03-15 21:39:06,940 [grpc-default-executor-0] INFO  server.RaftServer$Division (RaftServerImpl.java:requestVote(1389)) - bf6310f0-ec4f-414e-a975-974a715da885@group-5640AFA68D3E: receive requestVote(ELECTION, 455def2e-61ff-4e49-9c6f-295594c4a0b8, group-5640AFA68D3E, 1, (t:0, i:0))
2024-03-15 21:39:06,940 [grpc-default-executor-2] INFO  impl.VoteContext (VoteContext.java:log(49)) - 05ef7519-d18f-4616-94d2-fdbdf5167048@group-5640AFA68D3E-FOLLOWER: accept ELECTION from 455def2e-61ff-4e49-9c6f-295594c4a0b8: our priority 0 <= candidate's priority 1
2024-03-15 21:39:06,940 [grpc-default-executor-0] INFO  impl.VoteContext (VoteContext.java:log(49)) - bf6310f0-ec4f-414e-a975-974a715da885@group-5640AFA68D3E-FOLLOWER: accept ELECTION from 455def2e-61ff-4e49-9c6f-295594c4a0b8: our priority 0 <= candidate's priority 1
2024-03-15 21:39:06,940 [grpc-default-executor-0] INFO  server.RaftServer$Division (RaftServerImpl.java:setRole(383)) - bf6310f0-ec4f-414e-a975-974a715da885@group-5640AFA68D3E: changes role from  FOLLOWER to FOLLOWER at term 1 for candidate:455def2e-61ff-4e49-9c6f-295594c4a0b8
2024-03-15 21:39:06,940 [grpc-default-executor-0] INFO  impl.RoleInfo (RoleInfo.java:shutdownFollowerState(110)) - bf6310f0-ec4f-414e-a975-974a715da885: shutdown bf6310f0-ec4f-414e-a975-974a715da885@group-5640AFA68D3E-FollowerState
2024-03-15 21:39:06,940 [grpc-default-executor-0] INFO  impl.RoleInfo (RoleInfo.java:updateAndGet(139)) - bf6310f0-ec4f-414e-a975-974a715da885: start bf6310f0-ec4f-414e-a975-974a715da885@group-5640AFA68D3E-FollowerState
2024-03-15 21:39:06,940 [grpc-default-executor-2] INFO  server.RaftServer$Division (RaftServerImpl.java:setRole(383)) - 05ef7519-d18f-4616-94d2-fdbdf5167048@group-5640AFA68D3E: changes role from  FOLLOWER to FOLLOWER at term 1 for candidate:455def2e-61ff-4e49-9c6f-295594c4a0b8
2024-03-15 21:39:06,941 [grpc-default-executor-0] INFO  server.RaftServer$Division (RaftServerImpl.java:setFirstElection(574)) - bf6310f0-ec4f-414e-a975-974a715da885@group-5640AFA68D3E: set firstElectionSinceStartup to false for candidate:455def2e-61ff-4e49-9c6f-295594c4a0b8
2024-03-15 21:39:06,941 [grpc-default-executor-2] INFO  impl.RoleInfo (RoleInfo.java:shutdownFollowerState(110)) - 05ef7519-d18f-4616-94d2-fdbdf5167048: shutdown 05ef7519-d18f-4616-94d2-fdbdf5167048@group-5640AFA68D3E-FollowerState
2024-03-15 21:39:06,941 [grpc-default-executor-2] INFO  impl.RoleInfo (RoleInfo.java:updateAndGet(139)) - 05ef7519-d18f-4616-94d2-fdbdf5167048: start 05ef7519-d18f-4616-94d2-fdbdf5167048@group-5640AFA68D3E-FollowerState
2024-03-15 21:39:06,941 [bf6310f0-ec4f-414e-a975-974a715da885@group-5640AFA68D3E-FollowerState] INFO  impl.FollowerState (FollowerState.java:run(152)) - bf6310f0-ec4f-414e-a975-974a715da885@group-5640AFA68D3E-FollowerState was interrupted
2024-03-15 21:39:06,941 [05ef7519-d18f-4616-94d2-fdbdf5167048@group-5640AFA68D3E-FollowerState] INFO  impl.FollowerState (FollowerState.java:run(152)) - 05ef7519-d18f-4616-94d2-fdbdf5167048@group-5640AFA68D3E-FollowerState was interrupted
2024-03-15 21:39:06,945 [grpc-default-executor-0] INFO  server.RaftServer$Division (RaftServerImpl.java:requestVote(1422)) - bf6310f0-ec4f-414e-a975-974a715da885@group-5640AFA68D3E replies to ELECTION vote request: 455def2e-61ff-4e49-9c6f-295594c4a0b8<-bf6310f0-ec4f-414e-a975-974a715da885#0:OK-t1. Peer's state: bf6310f0-ec4f-414e-a975-974a715da885@group-5640AFA68D3E:t1, leader=null, voted=455def2e-61ff-4e49-9c6f-295594c4a0b8, raftlog=Memoized:bf6310f0-ec4f-414e-a975-974a715da885@group-5640AFA68D3E-SegmentedRaftLog:OPENED:c-1, conf=-1: peers:[455def2e-61ff-4e49-9c6f-295594c4a0b8|10.1.0.11:15148, bf6310f0-ec4f-414e-a975-974a715da885|10.1.0.11:15139, 05ef7519-d18f-4616-94d2-fdbdf5167048|10.1.0.11:15130]|listeners:[], old=null
2024-03-15 21:39:06,946 [455def2e-61ff-4e49-9c6f-295594c4a0b8@group-5640AFA68D3E-LeaderElection25] INFO  impl.LeaderElection (LeaderElection.java:logAndReturn(89)) - 455def2e-61ff-4e49-9c6f-295594c4a0b8@group-5640AFA68D3E-LeaderElection25: ELECTION PASSED received 1 response(s) and 0 exception(s):
2024-03-15 21:39:06,946 [455def2e-61ff-4e49-9c6f-295594c4a0b8@group-5640AFA68D3E-LeaderElection25] INFO  impl.LeaderElection (LeaderElection.java:logAndReturn(93)) -   Response 0: 455def2e-61ff-4e49-9c6f-295594c4a0b8<-bf6310f0-ec4f-414e-a975-974a715da885#0:OK-t1
2024-03-15 21:39:06,946 [grpc-default-executor-2] INFO  server.RaftServer$Division (RaftServerImpl.java:requestVote(1422)) - 05ef7519-d18f-4616-94d2-fdbdf5167048@group-5640AFA68D3E replies to ELECTION vote request: 455def2e-61ff-4e49-9c6f-295594c4a0b8<-05ef7519-d18f-4616-94d2-fdbdf5167048#0:OK-t1. Peer's state: 05ef7519-d18f-4616-94d2-fdbdf5167048@group-5640AFA68D3E:t1, leader=null, voted=455def2e-61ff-4e49-9c6f-295594c4a0b8, raftlog=Memoized:05ef7519-d18f-4616-94d2-fdbdf5167048@group-5640AFA68D3E-SegmentedRaftLog:OPENED:c-1, conf=-1: peers:[455def2e-61ff-4e49-9c6f-295594c4a0b8|10.1.0.11:15148, bf6310f0-ec4f-414e-a975-974a715da885|10.1.0.11:15139, 05ef7519-d18f-4616-94d2-fdbdf5167048|10.1.0.11:15130]|listeners:[], old=null
2024-03-15 21:39:06,946 [455def2e-61ff-4e49-9c6f-295594c4a0b8@group-5640AFA68D3E-LeaderElection25] INFO  impl.LeaderElection (LeaderElection.java:askForVotes(323)) - 455def2e-61ff-4e49-9c6f-295594c4a0b8@group-5640AFA68D3E-LeaderElection25 ELECTION round 0: result PASSED
2024-03-15 21:39:06,947 [455def2e-61ff-4e49-9c6f-295594c4a0b8@group-5640AFA68D3E-LeaderElection25] INFO  impl.RoleInfo (RoleInfo.java:shutdownLeaderElection(130)) - 455def2e-61ff-4e49-9c6f-295594c4a0b8: shutdown 455def2e-61ff-4e49-9c6f-295594c4a0b8@group-5640AFA68D3E-LeaderElection25
2024-03-15 21:39:06,947 [455def2e-61ff-4e49-9c6f-295594c4a0b8@group-5640AFA68D3E-LeaderElection25] INFO  server.RaftServer$Division (RaftServerImpl.java:setRole(383)) - 455def2e-61ff-4e49-9c6f-295594c4a0b8@group-5640AFA68D3E: changes role from CANDIDATE to LEADER at term 1 for changeToLeader
2024-03-15 21:39:06,947 [455def2e-61ff-4e49-9c6f-295594c4a0b8@group-5640AFA68D3E-LeaderElection25] INFO  server.RaftServerConfigKeys (ConfUtils.java:logGet(46)) - raft.server.staging.catchup.gap = 1000 (default)
2024-03-15 21:39:06,947 [455def2e-61ff-4e49-9c6f-295594c4a0b8@group-5640AFA68D3E-LeaderElection25] INFO  server.RaftServerConfigKeys (ConfUtils.java:logGet(46)) - raft.server.write.element-limit = 1024 (custom)
2024-03-15 21:39:06,947 [455def2e-61ff-4e49-9c6f-295594c4a0b8@group-5640AFA68D3E-LeaderElection25] INFO  server.RaftServerConfigKeys (ConfUtils.java:logGet(46)) - raft.server.write.byte-limit = 1024 M (=1073741824) (custom)
2024-03-15 21:39:06,947 [455def2e-61ff-4e49-9c6f-295594c4a0b8@group-5640AFA68D3E-LeaderElection25] INFO  server.RaftServerConfigKeys (ConfUtils.java:logGet(46)) - raft.server.watch.timeout = 3000ms (custom)
2024-03-15 21:39:06,947 [455def2e-61ff-4e49-9c6f-295594c4a0b8@group-5640AFA68D3E-LeaderElection25] INFO  server.RaftServerConfigKeys (ConfUtils.java:logGet(46)) - raft.server.watch.timeout.denomination = 1s (default)
2024-03-15 21:39:06,947 [455def2e-61ff-4e49-9c6f-295594c4a0b8@group-5640AFA68D3E-LeaderElection25] INFO  server.RaftServerConfigKeys (ConfUtils.java:logGet(46)) - raft.server.watch.element-limit = 65536 (default)
2024-03-15 21:39:06,947 [455def2e-61ff-4e49-9c6f-295594c4a0b8@group-5640AFA68D3E-LeaderElection25] INFO  server.RaftServerConfigKeys (ConfUtils.java:logGet(46)) - raft.server.read.leader.lease.enabled = false (default)
2024-03-15 21:39:06,947 [455def2e-61ff-4e49-9c6f-295594c4a0b8@group-5640AFA68D3E-LeaderElection25] INFO  server.RaftServerConfigKeys (ConfUtils.java:logGet(46)) - raft.server.read.leader.lease.timeout.ratio = 0.9 (default)
2024-03-15 21:39:06,947 [455def2e-61ff-4e49-9c6f-295594c4a0b8@group-5640AFA68D3E-LeaderElection25] INFO  server.RaftServerConfigKeys (ConfUtils.java:logGet(46)) - raft.server.rpc.timeout.min = 5s (custom)
2024-03-15 21:39:06,947 [455def2e-61ff-4e49-9c6f-295594c4a0b8@group-5640AFA68D3E-LeaderElection25] INFO  server.RaftServerConfigKeys (ConfUtils.java:logGet(46)) - raft.server.write.element-limit = 1024 (custom)
2024-03-15 21:39:06,947 [455def2e-61ff-4e49-9c6f-295594c4a0b8@group-5640AFA68D3E-LeaderElection25] INFO  server.RaftServerConfigKeys (ConfUtils.java:logGet(46)) - raft.server.write.follower.gap.ratio.max = -1.0 (default)
2024-03-15 21:39:06,948 [455def2e-61ff-4e49-9c6f-295594c4a0b8@group-5640AFA68D3E-LeaderElection25] INFO  server.RaftServerConfigKeys (ConfUtils.java:logGet(46)) - raft.server.log.appender.snapshot.chunk.size.max = 16MB (=16777216) (default)
2024-03-15 21:39:06,948 [455def2e-61ff-4e49-9c6f-295594c4a0b8@group-5640AFA68D3E-LeaderElection25] INFO  server.RaftServerConfigKeys (ConfUtils.java:logGet(46)) - raft.server.log.appender.buffer.byte-limit = 8388608 (custom)
2024-03-15 21:39:06,948 [455def2e-61ff-4e49-9c6f-295594c4a0b8@group-5640AFA68D3E-LeaderElection25] INFO  server.RaftServerConfigKeys (ConfUtils.java:logGet(46)) - raft.server.log.appender.buffer.element-limit = 1 (custom)
2024-03-15 21:39:06,948 [455def2e-61ff-4e49-9c6f-295594c4a0b8@group-5640AFA68D3E-LeaderElection25] INFO  server.RaftServerConfigKeys (ConfUtils.java:logGet(46)) - raft.server.log.appender.wait-time.min = 0ms (custom)
2024-03-15 21:39:06,948 [455def2e-61ff-4e49-9c6f-295594c4a0b8@group-5640AFA68D3E-LeaderElection25] INFO  grpc.GrpcConfigKeys (ConfUtils.java:logGet(46)) - raft.grpc.server.leader.outstanding.appends.max = 8 (default)
2024-03-15 21:39:06,948 [455def2e-61ff-4e49-9c6f-295594c4a0b8@group-5640AFA68D3E-LeaderElection25] INFO  server.RaftServerConfigKeys (ConfUtils.java:logGet(46)) - raft.server.rpc.request.timeout = 3000ms (default)
2024-03-15 21:39:06,948 [455def2e-61ff-4e49-9c6f-295594c4a0b8@group-5640AFA68D3E-LeaderElection25] INFO  grpc.GrpcConfigKeys (ConfUtils.java:logGet(46)) - raft.grpc.server.install_snapshot.request.element-limit = 8 (default)
2024-03-15 21:39:06,948 [455def2e-61ff-4e49-9c6f-295594c4a0b8@group-5640AFA68D3E-LeaderElection25] INFO  grpc.GrpcConfigKeys (ConfUtils.java:logGet(46)) - raft.grpc.server.install_snapshot.request.timeout = 3000ms (default)
2024-03-15 21:39:06,948 [455def2e-61ff-4e49-9c6f-295594c4a0b8@group-5640AFA68D3E-LeaderElection25] INFO  grpc.GrpcConfigKeys (ConfUtils.java:logGet(46)) - raft.grpc.server.log-message.batch.duration = 5s (default)
2024-03-15 21:39:06,948 [455def2e-61ff-4e49-9c6f-295594c4a0b8@group-5640AFA68D3E-LeaderElection25] INFO  server.RaftServerConfigKeys (ConfUtils.java:logGet(46)) - raft.server.log.appender.install.snapshot.enabled = false (custom)
2024-03-15 21:39:06,948 [455def2e-61ff-4e49-9c6f-295594c4a0b8@group-5640AFA68D3E-LeaderElection25] INFO  grpc.GrpcConfigKeys (ConfUtils.java:logGet(46)) - raft.grpc.server.heartbeat.channel = true (default)
2024-03-15 21:39:06,949 [455def2e-61ff-4e49-9c6f-295594c4a0b8@group-5640AFA68D3E-LeaderElection25] INFO  server.RaftServerConfigKeys (ConfUtils.java:logGet(46)) - raft.server.log.appender.snapshot.chunk.size.max = 16MB (=16777216) (default)
2024-03-15 21:39:06,949 [455def2e-61ff-4e49-9c6f-295594c4a0b8@group-5640AFA68D3E-LeaderElection25] INFO  server.RaftServerConfigKeys (ConfUtils.java:logGet(46)) - raft.server.log.appender.buffer.byte-limit = 8388608 (custom)
2024-03-15 21:39:06,949 [455def2e-61ff-4e49-9c6f-295594c4a0b8@group-5640AFA68D3E-LeaderElection25] INFO  server.RaftServerConfigKeys (ConfUtils.java:logGet(46)) - raft.server.log.appender.buffer.element-limit = 1 (custom)
2024-03-15 21:39:06,949 [455def2e-61ff-4e49-9c6f-295594c4a0b8@group-5640AFA68D3E-LeaderElection25] INFO  server.RaftServerConfigKeys (ConfUtils.java:logGet(46)) - raft.server.log.appender.wait-time.min = 0ms (custom)
2024-03-15 21:39:06,949 [455def2e-61ff-4e49-9c6f-295594c4a0b8@group-5640AFA68D3E-LeaderElection25] INFO  grpc.GrpcConfigKeys (ConfUtils.java:logGet(46)) - raft.grpc.server.leader.outstanding.appends.max = 8 (default)
2024-03-15 21:39:06,949 [455def2e-61ff-4e49-9c6f-295594c4a0b8@group-5640AFA68D3E-LeaderElection25] INFO  server.RaftServerConfigKeys (ConfUtils.java:logGet(46)) - raft.server.rpc.request.timeout = 3000ms (default)
2024-03-15 21:39:06,949 [455def2e-61ff-4e49-9c6f-295594c4a0b8@group-5640AFA68D3E-LeaderElection25] INFO  grpc.GrpcConfigKeys (ConfUtils.java:logGet(46)) - raft.grpc.server.install_snapshot.request.element-limit = 8 (default)
2024-03-15 21:39:06,950 [455def2e-61ff-4e49-9c6f-295594c4a0b8@group-5640AFA68D3E-LeaderElection25] INFO  grpc.GrpcConfigKeys (ConfUtils.java:logGet(46)) - raft.grpc.server.install_snapshot.request.timeout = 3000ms (default)
2024-03-15 21:39:06,950 [455def2e-61ff-4e49-9c6f-295594c4a0b8@group-5640AFA68D3E-LeaderElection25] INFO  grpc.GrpcConfigKeys (ConfUtils.java:logGet(46)) - raft.grpc.server.log-message.batch.duration = 5s (default)
2024-03-15 21:39:06,950 [455def2e-61ff-4e49-9c6f-295594c4a0b8@group-5640AFA68D3E-LeaderElection25] INFO  server.RaftServerConfigKeys (ConfUtils.java:logGet(46)) - raft.server.log.appender.install.snapshot.enabled = false (custom)
2024-03-15 21:39:06,950 [455def2e-61ff-4e49-9c6f-295594c4a0b8@group-5640AFA68D3E-LeaderElection25] INFO  grpc.GrpcConfigKeys (ConfUtils.java:logGet(46)) - raft.grpc.server.heartbeat.channel = true (default)
2024-03-15 21:39:06,950 [455def2e-61ff-4e49-9c6f-295594c4a0b8@group-5640AFA68D3E-LeaderElection25] INFO  impl.RoleInfo (RoleInfo.java:updateAndGet(139)) - 455def2e-61ff-4e49-9c6f-295594c4a0b8: start 455def2e-61ff-4e49-9c6f-295594c4a0b8@group-5640AFA68D3E-LeaderStateImpl
2024-03-15 21:39:06,950 [455def2e-61ff-4e49-9c6f-295594c4a0b8@group-5640AFA68D3E-LeaderElection25] INFO  server.RaftServer$Division (RaftServerImpl.java:setFirstElection(574)) - 455def2e-61ff-4e49-9c6f-295594c4a0b8@group-5640AFA68D3E: set firstElectionSinceStartup to false for becomeLeader
2024-03-15 21:39:06,950 [455def2e-61ff-4e49-9c6f-295594c4a0b8@group-5640AFA68D3E-LeaderElection25] INFO  ratis.XceiverServerRatis (XceiverServerRatis.java:handleLeaderChangedNotification(966)) - Leader change notification received for group: group-5640AFA68D3E with new leaderId: 455def2e-61ff-4e49-9c6f-295594c4a0b8
2024-03-15 21:39:06,950 [455def2e-61ff-4e49-9c6f-295594c4a0b8@group-5640AFA68D3E-LeaderElection25] INFO  server.RaftServer$Division (ServerState.java:setLeader(269)) - 455def2e-61ff-4e49-9c6f-295594c4a0b8@group-5640AFA68D3E: change Leader from null to 455def2e-61ff-4e49-9c6f-295594c4a0b8 at term 1 for becomeLeader, leader elected after 5235ms
2024-03-15 21:39:06,950 [455def2e-61ff-4e49-9c6f-295594c4a0b8@group-5640AFA68D3E-LeaderElection25] INFO  segmented.SegmentedRaftLogWorker (SegmentedRaftLogWorker.java:startLogSegment(430)) - 455def2e-61ff-4e49-9c6f-295594c4a0b8@group-5640AFA68D3E-SegmentedRaftLogWorker: Starting segment from index:0
2024-03-15 21:39:06,951 [455def2e-61ff-4e49-9c6f-295594c4a0b8@group-5640AFA68D3E-LeaderElection25] INFO  server.RaftServer$Division (ServerState.java:setRaftConf(386)) - 455def2e-61ff-4e49-9c6f-295594c4a0b8@group-5640AFA68D3E: set configuration 0: peers:[455def2e-61ff-4e49-9c6f-295594c4a0b8|10.1.0.11:15148, bf6310f0-ec4f-414e-a975-974a715da885|10.1.0.11:15139, 05ef7519-d18f-4616-94d2-fdbdf5167048|10.1.0.11:15130]|listeners:[], old=null
2024-03-15 21:39:06,953 [455def2e-61ff-4e49-9c6f-295594c4a0b8@group-5640AFA68D3E-SegmentedRaftLogWorker] INFO  segmented.BufferedWriteChannel (BufferedWriteChannel.java:open(62)) - open log_inprogress_0 at position 0
2024-03-15 21:39:06,954 [EventQueue-PipelineReportForPipelineReportHandler] INFO  pipeline.PipelineReportHandler (PipelineReportHandler.java:processPipelineReport(136)) - Opened pipeline PipelineID=61249fa0-0db7-4ece-b3d8-5640afa68d3e
2024-03-15 21:39:06,964 [455def2e-61ff-4e49-9c6f-295594c4a0b8@group-5640AFA68D3E-SegmentedRaftLogWorker] INFO  segmented.SegmentedRaftLogWorker (SegmentedRaftLogWorker.java:execute(634)) - 455def2e-61ff-4e49-9c6f-295594c4a0b8@group-5640AFA68D3E-SegmentedRaftLogWorker: created new log segment /home/runner/work/ozone/ozone/hadoop-ozone/integration-test/target/test-dir/MiniOzoneClusterImpl-3a4de177-78ca-4f6d-b60b-6b5c736a6a4e/ozone-meta/datanode-6/ratis/61249fa0-0db7-4ece-b3d8-5640afa68d3e/current/log_inprogress_0
2024-03-15 21:39:06,971 [bf6310f0-ec4f-414e-a975-974a715da885-server-thread1] INFO  ratis.XceiverServerRatis (XceiverServerRatis.java:handleLeaderChangedNotification(966)) - Leader change notification received for group: group-5640AFA68D3E with new leaderId: 455def2e-61ff-4e49-9c6f-295594c4a0b8
2024-03-15 21:39:06,971 [bf6310f0-ec4f-414e-a975-974a715da885-server-thread1] INFO  server.RaftServer$Division (ServerState.java:setLeader(269)) - bf6310f0-ec4f-414e-a975-974a715da885@group-5640AFA68D3E: change Leader from null to 455def2e-61ff-4e49-9c6f-295594c4a0b8 at term 1 for appendEntries, leader elected after 5281ms
2024-03-15 21:39:06,971 [05ef7519-d18f-4616-94d2-fdbdf5167048-server-thread2] INFO  ratis.XceiverServerRatis (XceiverServerRatis.java:handleLeaderChangedNotification(966)) - Leader change notification received for group: group-5640AFA68D3E with new leaderId: 455def2e-61ff-4e49-9c6f-295594c4a0b8
2024-03-15 21:39:06,972 [05ef7519-d18f-4616-94d2-fdbdf5167048-server-thread2] INFO  server.RaftServer$Division (ServerState.java:setLeader(269)) - 05ef7519-d18f-4616-94d2-fdbdf5167048@group-5640AFA68D3E: change Leader from null to 455def2e-61ff-4e49-9c6f-295594c4a0b8 at term 1 for appendEntries, leader elected after 5305ms
2024-03-15 21:39:06,972 [bf6310f0-ec4f-414e-a975-974a715da885-server-thread1] INFO  server.RaftServer$Division (ServerState.java:setRaftConf(386)) - bf6310f0-ec4f-414e-a975-974a715da885@group-5640AFA68D3E: set configuration 0: peers:[455def2e-61ff-4e49-9c6f-295594c4a0b8|10.1.0.11:15148, bf6310f0-ec4f-414e-a975-974a715da885|10.1.0.11:15139, 05ef7519-d18f-4616-94d2-fdbdf5167048|10.1.0.11:15130]|listeners:[], old=null
2024-03-15 21:39:06,973 [bf6310f0-ec4f-414e-a975-974a715da885-server-thread1] INFO  segmented.SegmentedRaftLogWorker (SegmentedRaftLogWorker.java:startLogSegment(430)) - bf6310f0-ec4f-414e-a975-974a715da885@group-5640AFA68D3E-SegmentedRaftLogWorker: Starting segment from index:0
2024-03-15 21:39:06,973 [05ef7519-d18f-4616-94d2-fdbdf5167048-server-thread1] INFO  server.RaftServer$Division (ServerState.java:setRaftConf(386)) - 05ef7519-d18f-4616-94d2-fdbdf5167048@group-5640AFA68D3E: set configuration 0: peers:[455def2e-61ff-4e49-9c6f-295594c4a0b8|10.1.0.11:15148, bf6310f0-ec4f-414e-a975-974a715da885|10.1.0.11:15139, 05ef7519-d18f-4616-94d2-fdbdf5167048|10.1.0.11:15130]|listeners:[], old=null
2024-03-15 21:39:06,974 [05ef7519-d18f-4616-94d2-fdbdf5167048-server-thread1] INFO  segmented.SegmentedRaftLogWorker (SegmentedRaftLogWorker.java:startLogSegment(430)) - 05ef7519-d18f-4616-94d2-fdbdf5167048@group-5640AFA68D3E-SegmentedRaftLogWorker: Starting segment from index:0
2024-03-15 21:39:06,974 [bf6310f0-ec4f-414e-a975-974a715da885@group-5640AFA68D3E-SegmentedRaftLogWorker] INFO  segmented.BufferedWriteChannel (BufferedWriteChannel.java:open(62)) - open log_inprogress_0 at position 0
2024-03-15 21:39:06,974 [05ef7519-d18f-4616-94d2-fdbdf5167048@group-5640AFA68D3E-SegmentedRaftLogWorker] INFO  segmented.BufferedWriteChannel (BufferedWriteChannel.java:open(62)) - open log_inprogress_0 at position 0
2024-03-15 21:39:06,985 [bf6310f0-ec4f-414e-a975-974a715da885@group-5640AFA68D3E-SegmentedRaftLogWorker] INFO  segmented.SegmentedRaftLogWorker (SegmentedRaftLogWorker.java:execute(634)) - bf6310f0-ec4f-414e-a975-974a715da885@group-5640AFA68D3E-SegmentedRaftLogWorker: created new log segment /home/runner/work/ozone/ozone/hadoop-ozone/integration-test/target/test-dir/MiniOzoneClusterImpl-3a4de177-78ca-4f6d-b60b-6b5c736a6a4e/ozone-meta/datanode-5/ratis/61249fa0-0db7-4ece-b3d8-5640afa68d3e/current/log_inprogress_0
2024-03-15 21:39:06,985 [05ef7519-d18f-4616-94d2-fdbdf5167048@group-5640AFA68D3E-SegmentedRaftLogWorker] INFO  segmented.SegmentedRaftLogWorker (SegmentedRaftLogWorker.java:execute(634)) - 05ef7519-d18f-4616-94d2-fdbdf5167048@group-5640AFA68D3E-SegmentedRaftLogWorker: created new log segment /home/runner/work/ozone/ozone/hadoop-ozone/integration-test/target/test-dir/MiniOzoneClusterImpl-3a4de177-78ca-4f6d-b60b-6b5c736a6a4e/ozone-meta/datanode-4/ratis/61249fa0-0db7-4ece-b3d8-5640afa68d3e/current/log_inprogress_0
2024-03-15 21:39:06,987 [455def2e-61ff-4e49-9c6f-295594c4a0b8@group-5640AFA68D3E-StateMachineUpdater] INFO  server.RaftServer$Division (LeaderStateImpl.java:isApplied(320)) - leader is ready since appliedIndex == 0 >= startIndex == 0
2024-03-15 21:39:07,113 [455def2e-61ff-4e49-9c6f-295594c4a0b8@group-E417F808F81D-FollowerState] INFO  impl.FollowerState (FollowerState.java:run(143)) - 455def2e-61ff-4e49-9c6f-295594c4a0b8@group-E417F808F81D-FollowerState: change to CANDIDATE, lastRpcElapsedTime:5157466433ns, electionTimeout:5157ms
2024-03-15 21:39:07,113 [455def2e-61ff-4e49-9c6f-295594c4a0b8@group-E417F808F81D-FollowerState] INFO  impl.RoleInfo (RoleInfo.java:shutdownFollowerState(110)) - 455def2e-61ff-4e49-9c6f-295594c4a0b8: shutdown 455def2e-61ff-4e49-9c6f-295594c4a0b8@group-E417F808F81D-FollowerState
2024-03-15 21:39:07,113 [455def2e-61ff-4e49-9c6f-295594c4a0b8@group-E417F808F81D-FollowerState] INFO  server.RaftServer$Division (RaftServerImpl.java:setRole(383)) - 455def2e-61ff-4e49-9c6f-295594c4a0b8@group-E417F808F81D: changes role from  FOLLOWER to CANDIDATE at term 0 for changeToCandidate
2024-03-15 21:39:07,113 [455def2e-61ff-4e49-9c6f-295594c4a0b8@group-E417F808F81D-FollowerState] INFO  server.RaftServerConfigKeys (ConfUtils.java:logGet(46)) - raft.server.leaderelection.pre-vote = true (default)
2024-03-15 21:39:07,113 [455def2e-61ff-4e49-9c6f-295594c4a0b8@group-E417F808F81D-FollowerState] INFO  impl.RoleInfo (RoleInfo.java:updateAndGet(139)) - 455def2e-61ff-4e49-9c6f-295594c4a0b8: start 455def2e-61ff-4e49-9c6f-295594c4a0b8@group-E417F808F81D-LeaderElection26
2024-03-15 21:39:07,115 [8b353431-6b66-4460-9602-55c815b93317@group-FF386EC77000-FollowerState] INFO  impl.FollowerState (FollowerState.java:run(143)) - 8b353431-6b66-4460-9602-55c815b93317@group-FF386EC77000-FollowerState: change to CANDIDATE, lastRpcElapsedTime:5017738039ns, electionTimeout:5015ms
2024-03-15 21:39:07,115 [455def2e-61ff-4e49-9c6f-295594c4a0b8@group-E417F808F81D-LeaderElection26] INFO  impl.LeaderElection (LeaderElection.java:askForVotes(321)) - 455def2e-61ff-4e49-9c6f-295594c4a0b8@group-E417F808F81D-LeaderElection26 PRE_VOTE round 0: submit vote requests at term 0 for -1: peers:[455def2e-61ff-4e49-9c6f-295594c4a0b8|10.1.0.11:15148]|listeners:[], old=null
2024-03-15 21:39:07,115 [455def2e-61ff-4e49-9c6f-295594c4a0b8@group-E417F808F81D-LeaderElection26] INFO  impl.LeaderElection (LeaderElection.java:askForVotes(323)) - 455def2e-61ff-4e49-9c6f-295594c4a0b8@group-E417F808F81D-LeaderElection26 PRE_VOTE round 0: result PASSED (term=0)
2024-03-15 21:39:07,115 [8b353431-6b66-4460-9602-55c815b93317@group-FF386EC77000-FollowerState] INFO  impl.RoleInfo (RoleInfo.java:shutdownFollowerState(110)) - 8b353431-6b66-4460-9602-55c815b93317: shutdown 8b353431-6b66-4460-9602-55c815b93317@group-FF386EC77000-FollowerState
2024-03-15 21:39:07,115 [8b353431-6b66-4460-9602-55c815b93317@group-FF386EC77000-FollowerState] INFO  server.RaftServer$Division (RaftServerImpl.java:setRole(383)) - 8b353431-6b66-4460-9602-55c815b93317@group-FF386EC77000: changes role from  FOLLOWER to CANDIDATE at term 0 for changeToCandidate
2024-03-15 21:39:07,115 [8b353431-6b66-4460-9602-55c815b93317@group-FF386EC77000-FollowerState] INFO  server.RaftServerConfigKeys (ConfUtils.java:logGet(46)) - raft.server.leaderelection.pre-vote = true (default)
2024-03-15 21:39:07,115 [8b353431-6b66-4460-9602-55c815b93317@group-FF386EC77000-FollowerState] INFO  impl.RoleInfo (RoleInfo.java:updateAndGet(139)) - 8b353431-6b66-4460-9602-55c815b93317: start 8b353431-6b66-4460-9602-55c815b93317@group-FF386EC77000-LeaderElection27
2024-03-15 21:39:07,117 [8b353431-6b66-4460-9602-55c815b93317@group-FF386EC77000-LeaderElection27] INFO  impl.LeaderElection (LeaderElection.java:askForVotes(321)) - 8b353431-6b66-4460-9602-55c815b93317@group-FF386EC77000-LeaderElection27 PRE_VOTE round 0: submit vote requests at term 0 for -1: peers:[e952460c-8236-4bec-b567-d040e1d0e4f9|10.1.0.11:15157, 8b353431-6b66-4460-9602-55c815b93317|10.1.0.11:15175, e76b1ec9-b399-499f-a8ce-a1f080404f38|10.1.0.11:15166]|listeners:[], old=null
2024-03-15 21:39:07,117 [8b353431-6b66-4460-9602-55c815b93317@group-FF386EC77000-LeaderElection27] INFO  server.RaftServerConfigKeys (ConfUtils.java:logFallback(53)) - raft.server.rpc.first-election.timeout.min = 5s (fallback to raft.server.rpc.timeout.min)
2024-03-15 21:39:07,117 [8b353431-6b66-4460-9602-55c815b93317@group-FF386EC77000-LeaderElection27-2] INFO  server.GrpcServerProtocolClient (GrpcServerProtocolClient.java:<init>(65)) - Build channel for e76b1ec9-b399-499f-a8ce-a1f080404f38|10.1.0.11:15166
2024-03-15 21:39:07,117 [8b353431-6b66-4460-9602-55c815b93317@group-FF386EC77000-LeaderElection27] INFO  server.RaftServerConfigKeys (ConfUtils.java:logFallback(53)) - raft.server.rpc.first-election.timeout.max = 5200ms (fallback to raft.server.rpc.timeout.max)
2024-03-15 21:39:07,117 [8b353431-6b66-4460-9602-55c815b93317@group-FF386EC77000-LeaderElection27-1] INFO  server.GrpcServerProtocolClient (GrpcServerProtocolClient.java:<init>(65)) - Build channel for e952460c-8236-4bec-b567-d040e1d0e4f9|10.1.0.11:15157
2024-03-15 21:39:07,118 [455def2e-61ff-4e49-9c6f-295594c4a0b8@group-E417F808F81D-LeaderElection26] INFO  impl.LeaderElection (LeaderElection.java:askForVotes(321)) - 455def2e-61ff-4e49-9c6f-295594c4a0b8@group-E417F808F81D-LeaderElection26 ELECTION round 0: submit vote requests at term 1 for -1: peers:[455def2e-61ff-4e49-9c6f-295594c4a0b8|10.1.0.11:15148]|listeners:[], old=null
2024-03-15 21:39:07,118 [455def2e-61ff-4e49-9c6f-295594c4a0b8@group-E417F808F81D-LeaderElection26] INFO  impl.LeaderElection (LeaderElection.java:askForVotes(323)) - 455def2e-61ff-4e49-9c6f-295594c4a0b8@group-E417F808F81D-LeaderElection26 ELECTION round 0: result PASSED (term=1)
2024-03-15 21:39:07,118 [455def2e-61ff-4e49-9c6f-295594c4a0b8@group-E417F808F81D-LeaderElection26] INFO  impl.RoleInfo (RoleInfo.java:shutdownLeaderElection(130)) - 455def2e-61ff-4e49-9c6f-295594c4a0b8: shutdown 455def2e-61ff-4e49-9c6f-295594c4a0b8@group-E417F808F81D-LeaderElection26
2024-03-15 21:39:07,118 [455def2e-61ff-4e49-9c6f-295594c4a0b8@group-E417F808F81D-LeaderElection26] INFO  server.RaftServer$Division (RaftServerImpl.java:setRole(383)) - 455def2e-61ff-4e49-9c6f-295594c4a0b8@group-E417F808F81D: changes role from CANDIDATE to LEADER at term 1 for changeToLeader
2024-03-15 21:39:07,118 [455def2e-61ff-4e49-9c6f-295594c4a0b8@group-E417F808F81D-LeaderElection26] INFO  server.RaftServerConfigKeys (ConfUtils.java:logGet(46)) - raft.server.staging.catchup.gap = 1000 (default)
2024-03-15 21:39:07,118 [455def2e-61ff-4e49-9c6f-295594c4a0b8@group-E417F808F81D-LeaderElection26] INFO  server.RaftServerConfigKeys (ConfUtils.java:logGet(46)) - raft.server.write.element-limit = 1024 (custom)
2024-03-15 21:39:07,118 [455def2e-61ff-4e49-9c6f-295594c4a0b8@group-E417F808F81D-LeaderElection26] INFO  server.RaftServerConfigKeys (ConfUtils.java:logGet(46)) - raft.server.write.byte-limit = 1024 M (=1073741824) (custom)
2024-03-15 21:39:07,119 [455def2e-61ff-4e49-9c6f-295594c4a0b8@group-E417F808F81D-LeaderElection26] INFO  server.RaftServerConfigKeys (ConfUtils.java:logGet(46)) - raft.server.watch.timeout = 3000ms (custom)
2024-03-15 21:39:07,119 [455def2e-61ff-4e49-9c6f-295594c4a0b8@group-E417F808F81D-LeaderElection26] INFO  server.RaftServerConfigKeys (ConfUtils.java:logGet(46)) - raft.server.watch.timeout.denomination = 1s (default)
2024-03-15 21:39:07,119 [455def2e-61ff-4e49-9c6f-295594c4a0b8@group-E417F808F81D-LeaderElection26] INFO  server.RaftServerConfigKeys (ConfUtils.java:logGet(46)) - raft.server.watch.element-limit = 65536 (default)
2024-03-15 21:39:07,119 [455def2e-61ff-4e49-9c6f-295594c4a0b8@group-E417F808F81D-LeaderElection26] INFO  server.RaftServerConfigKeys (ConfUtils.java:logGet(46)) - raft.server.read.leader.lease.enabled = false (default)
2024-03-15 21:39:07,119 [455def2e-61ff-4e49-9c6f-295594c4a0b8@group-E417F808F81D-LeaderElection26] INFO  server.RaftServerConfigKeys (ConfUtils.java:logGet(46)) - raft.server.read.leader.lease.timeout.ratio = 0.9 (default)
2024-03-15 21:39:07,119 [455def2e-61ff-4e49-9c6f-295594c4a0b8@group-E417F808F81D-LeaderElection26] INFO  server.RaftServerConfigKeys (ConfUtils.java:logGet(46)) - raft.server.rpc.timeout.min = 5s (custom)
2024-03-15 21:39:07,119 [455def2e-61ff-4e49-9c6f-295594c4a0b8@group-E417F808F81D-LeaderElection26] INFO  server.RaftServerConfigKeys (ConfUtils.java:logGet(46)) - raft.server.write.element-limit = 1024 (custom)
2024-03-15 21:39:07,119 [455def2e-61ff-4e49-9c6f-295594c4a0b8@group-E417F808F81D-LeaderElection26] INFO  server.RaftServerConfigKeys (ConfUtils.java:logGet(46)) - raft.server.write.follower.gap.ratio.max = -1.0 (default)
2024-03-15 21:39:07,119 [455def2e-61ff-4e49-9c6f-295594c4a0b8@group-E417F808F81D-LeaderElection26] INFO  impl.RoleInfo (RoleInfo.java:updateAndGet(139)) - 455def2e-61ff-4e49-9c6f-295594c4a0b8: start 455def2e-61ff-4e49-9c6f-295594c4a0b8@group-E417F808F81D-LeaderStateImpl
2024-03-15 21:39:07,119 [455def2e-61ff-4e49-9c6f-295594c4a0b8@group-E417F808F81D-LeaderElection26] INFO  server.RaftServer$Division (RaftServerImpl.java:setFirstElection(574)) - 455def2e-61ff-4e49-9c6f-295594c4a0b8@group-E417F808F81D: set firstElectionSinceStartup to false for becomeLeader
2024-03-15 21:39:07,119 [455def2e-61ff-4e49-9c6f-295594c4a0b8@group-E417F808F81D-LeaderElection26] INFO  ratis.XceiverServerRatis (XceiverServerRatis.java:handleLeaderChangedNotification(966)) - Leader change notification received for group: group-E417F808F81D with new leaderId: 455def2e-61ff-4e49-9c6f-295594c4a0b8
2024-03-15 21:39:07,119 [455def2e-61ff-4e49-9c6f-295594c4a0b8@group-E417F808F81D-LeaderElection26] INFO  server.RaftServer$Division (ServerState.java:setLeader(269)) - 455def2e-61ff-4e49-9c6f-295594c4a0b8@group-E417F808F81D: change Leader from null to 455def2e-61ff-4e49-9c6f-295594c4a0b8 at term 1 for becomeLeader, leader elected after 5175ms
2024-03-15 21:39:07,119 [455def2e-61ff-4e49-9c6f-295594c4a0b8@group-E417F808F81D-LeaderElection26] INFO  segmented.SegmentedRaftLogWorker (SegmentedRaftLogWorker.java:startLogSegment(430)) - 455def2e-61ff-4e49-9c6f-295594c4a0b8@group-E417F808F81D-SegmentedRaftLogWorker: Starting segment from index:0
2024-03-15 21:39:07,120 [455def2e-61ff-4e49-9c6f-295594c4a0b8@group-E417F808F81D-SegmentedRaftLogWorker] INFO  segmented.BufferedWriteChannel (BufferedWriteChannel.java:open(62)) - open log_inprogress_0 at position 0
2024-03-15 21:39:07,123 [grpc-default-executor-2] INFO  server.RaftServer$Division (RaftServerImpl.java:requestVote(1389)) - e952460c-8236-4bec-b567-d040e1d0e4f9@group-FF386EC77000: receive requestVote(PRE_VOTE, 8b353431-6b66-4460-9602-55c815b93317, group-FF386EC77000, 0, (t:0, i:0))
2024-03-15 21:39:07,123 [grpc-default-executor-1] INFO  server.RaftServer$Division (RaftServerImpl.java:requestVote(1389)) - e76b1ec9-b399-499f-a8ce-a1f080404f38@group-FF386EC77000: receive requestVote(PRE_VOTE, 8b353431-6b66-4460-9602-55c815b93317, group-FF386EC77000, 0, (t:0, i:0))
2024-03-15 21:39:07,123 [grpc-default-executor-2] INFO  impl.VoteContext (VoteContext.java:log(49)) - e952460c-8236-4bec-b567-d040e1d0e4f9@group-FF386EC77000-FOLLOWER: accept PRE_VOTE from 8b353431-6b66-4460-9602-55c815b93317: our priority 0 <= candidate's priority 0
2024-03-15 21:39:07,123 [grpc-default-executor-1] INFO  impl.VoteContext (VoteContext.java:log(49)) - e76b1ec9-b399-499f-a8ce-a1f080404f38@group-FF386EC77000-FOLLOWER: reject PRE_VOTE from 8b353431-6b66-4460-9602-55c815b93317: our priority 1 > candidate's priority 0
2024-03-15 21:39:07,123 [grpc-default-executor-2] INFO  server.RaftServer$Division (RaftServerImpl.java:requestVote(1422)) - e952460c-8236-4bec-b567-d040e1d0e4f9@group-FF386EC77000 replies to PRE_VOTE vote request: 8b353431-6b66-4460-9602-55c815b93317<-e952460c-8236-4bec-b567-d040e1d0e4f9#0:OK-t0. Peer's state: e952460c-8236-4bec-b567-d040e1d0e4f9@group-FF386EC77000:t0, leader=null, voted=, raftlog=Memoized:e952460c-8236-4bec-b567-d040e1d0e4f9@group-FF386EC77000-SegmentedRaftLog:OPENED:c-1, conf=-1: peers:[e952460c-8236-4bec-b567-d040e1d0e4f9|10.1.0.11:15157, 8b353431-6b66-4460-9602-55c815b93317|10.1.0.11:15175, e76b1ec9-b399-499f-a8ce-a1f080404f38|10.1.0.11:15166]|listeners:[], old=null
2024-03-15 21:39:07,123 [grpc-default-executor-1] INFO  server.RaftServer$Division (RaftServerImpl.java:requestVote(1422)) - e76b1ec9-b399-499f-a8ce-a1f080404f38@group-FF386EC77000 replies to PRE_VOTE vote request: 8b353431-6b66-4460-9602-55c815b93317<-e76b1ec9-b399-499f-a8ce-a1f080404f38#0:FAIL-t0. Peer's state: e76b1ec9-b399-499f-a8ce-a1f080404f38@group-FF386EC77000:t0, leader=null, voted=, raftlog=Memoized:e76b1ec9-b399-499f-a8ce-a1f080404f38@group-FF386EC77000-SegmentedRaftLog:OPENED:c-1, conf=-1: peers:[e952460c-8236-4bec-b567-d040e1d0e4f9|10.1.0.11:15157, 8b353431-6b66-4460-9602-55c815b93317|10.1.0.11:15175, e76b1ec9-b399-499f-a8ce-a1f080404f38|10.1.0.11:15166]|listeners:[], old=null
2024-03-15 21:39:07,128 [455def2e-61ff-4e49-9c6f-295594c4a0b8@group-E417F808F81D-LeaderElection26] INFO  server.RaftServer$Division (ServerState.java:setRaftConf(386)) - 455def2e-61ff-4e49-9c6f-295594c4a0b8@group-E417F808F81D: set configuration 0: peers:[455def2e-61ff-4e49-9c6f-295594c4a0b8|10.1.0.11:15148]|listeners:[], old=null
2024-03-15 21:39:07,129 [455def2e-61ff-4e49-9c6f-295594c4a0b8@group-E417F808F81D-SegmentedRaftLogWorker] INFO  segmented.SegmentedRaftLogWorker (SegmentedRaftLogWorker.java:execute(634)) - 455def2e-61ff-4e49-9c6f-295594c4a0b8@group-E417F808F81D-SegmentedRaftLogWorker: created new log segment /home/runner/work/ozone/ozone/hadoop-ozone/integration-test/target/test-dir/MiniOzoneClusterImpl-3a4de177-78ca-4f6d-b60b-6b5c736a6a4e/ozone-meta/datanode-6/ratis/bf539d78-5e63-4770-a86b-e417f808f81d/current/log_inprogress_0
2024-03-15 21:39:07,130 [8b353431-6b66-4460-9602-55c815b93317@group-FF386EC77000-LeaderElection27] INFO  impl.LeaderElection (LeaderElection.java:logAndReturn(89)) - 8b353431-6b66-4460-9602-55c815b93317@group-FF386EC77000-LeaderElection27: PRE_VOTE REJECTED received 1 response(s) and 0 exception(s):
2024-03-15 21:39:07,131 [8b353431-6b66-4460-9602-55c815b93317@group-FF386EC77000-LeaderElection27] INFO  impl.LeaderElection (LeaderElection.java:logAndReturn(93)) -   Response 0: 8b353431-6b66-4460-9602-55c815b93317<-e76b1ec9-b399-499f-a8ce-a1f080404f38#0:FAIL-t0
2024-03-15 21:39:07,131 [8b353431-6b66-4460-9602-55c815b93317@group-FF386EC77000-LeaderElection27] INFO  impl.LeaderElection (LeaderElection.java:askForVotes(323)) - 8b353431-6b66-4460-9602-55c815b93317@group-FF386EC77000-LeaderElection27 PRE_VOTE round 0: result REJECTED
2024-03-15 21:39:07,131 [8b353431-6b66-4460-9602-55c815b93317@group-FF386EC77000-LeaderElection27] INFO  server.RaftServer$Division (RaftServerImpl.java:setRole(383)) - 8b353431-6b66-4460-9602-55c815b93317@group-FF386EC77000: changes role from CANDIDATE to FOLLOWER at term 0 for REJECTED
2024-03-15 21:39:07,132 [8b353431-6b66-4460-9602-55c815b93317@group-FF386EC77000-LeaderElection27] INFO  impl.RoleInfo (RoleInfo.java:shutdownLeaderElection(130)) - 8b353431-6b66-4460-9602-55c815b93317: shutdown 8b353431-6b66-4460-9602-55c815b93317@group-FF386EC77000-LeaderElection27
2024-03-15 21:39:07,132 [455def2e-61ff-4e49-9c6f-295594c4a0b8@group-E417F808F81D-StateMachineUpdater] INFO  server.RaftServer$Division (LeaderStateImpl.java:isApplied(320)) - leader is ready since appliedIndex == 0 >= startIndex == 0
2024-03-15 21:39:07,132 [8b353431-6b66-4460-9602-55c815b93317@group-FF386EC77000-LeaderElection27] INFO  impl.RoleInfo (RoleInfo.java:updateAndGet(139)) - 8b353431-6b66-4460-9602-55c815b93317: start 8b353431-6b66-4460-9602-55c815b93317@group-FF386EC77000-FollowerState
2024-03-15 21:39:07,133 [8b353431-6b66-4460-9602-55c815b93317@group-FF386EC77000-LeaderElection27] INFO  server.RaftServer$Division (RaftServerImpl.java:setFirstElection(574)) - 8b353431-6b66-4460-9602-55c815b93317@group-FF386EC77000: set firstElectionSinceStartup to false for REJECTED
2024-03-15 21:39:07,162 [e952460c-8236-4bec-b567-d040e1d0e4f9@group-24E35B55F1E5-FollowerState] INFO  impl.FollowerState (FollowerState.java:run(143)) - e952460c-8236-4bec-b567-d040e1d0e4f9@group-24E35B55F1E5-FollowerState: change to CANDIDATE, lastRpcElapsedTime:5105527396ns, electionTimeout:5105ms
2024-03-15 21:39:07,162 [e952460c-8236-4bec-b567-d040e1d0e4f9@group-24E35B55F1E5-FollowerState] INFO  impl.RoleInfo (RoleInfo.java:shutdownFollowerState(110)) - e952460c-8236-4bec-b567-d040e1d0e4f9: shutdown e952460c-8236-4bec-b567-d040e1d0e4f9@group-24E35B55F1E5-FollowerState
2024-03-15 21:39:07,162 [e952460c-8236-4bec-b567-d040e1d0e4f9@group-24E35B55F1E5-FollowerState] INFO  server.RaftServer$Division (RaftServerImpl.java:setRole(383)) - e952460c-8236-4bec-b567-d040e1d0e4f9@group-24E35B55F1E5: changes role from  FOLLOWER to CANDIDATE at term 0 for changeToCandidate
2024-03-15 21:39:07,162 [e952460c-8236-4bec-b567-d040e1d0e4f9@group-24E35B55F1E5-FollowerState] INFO  server.RaftServerConfigKeys (ConfUtils.java:logGet(46)) - raft.server.leaderelection.pre-vote = true (default)
2024-03-15 21:39:07,163 [e952460c-8236-4bec-b567-d040e1d0e4f9@group-24E35B55F1E5-FollowerState] INFO  impl.RoleInfo (RoleInfo.java:updateAndGet(139)) - e952460c-8236-4bec-b567-d040e1d0e4f9: start e952460c-8236-4bec-b567-d040e1d0e4f9@group-24E35B55F1E5-LeaderElection28
2024-03-15 21:39:07,164 [e952460c-8236-4bec-b567-d040e1d0e4f9@group-24E35B55F1E5-LeaderElection28] INFO  impl.LeaderElection (LeaderElection.java:askForVotes(321)) - e952460c-8236-4bec-b567-d040e1d0e4f9@group-24E35B55F1E5-LeaderElection28 PRE_VOTE round 0: submit vote requests at term 0 for -1: peers:[e952460c-8236-4bec-b567-d040e1d0e4f9|10.1.0.11:15157]|listeners:[], old=null
2024-03-15 21:39:07,164 [e952460c-8236-4bec-b567-d040e1d0e4f9@group-24E35B55F1E5-LeaderElection28] INFO  impl.LeaderElection (LeaderElection.java:askForVotes(323)) - e952460c-8236-4bec-b567-d040e1d0e4f9@group-24E35B55F1E5-LeaderElection28 PRE_VOTE round 0: result PASSED (term=0)
2024-03-15 21:39:07,165 [e952460c-8236-4bec-b567-d040e1d0e4f9@group-24E35B55F1E5-LeaderElection28] INFO  impl.LeaderElection (LeaderElection.java:askForVotes(321)) - e952460c-8236-4bec-b567-d040e1d0e4f9@group-24E35B55F1E5-LeaderElection28 ELECTION round 0: submit vote requests at term 1 for -1: peers:[e952460c-8236-4bec-b567-d040e1d0e4f9|10.1.0.11:15157]|listeners:[], old=null
2024-03-15 21:39:07,165 [e952460c-8236-4bec-b567-d040e1d0e4f9@group-24E35B55F1E5-LeaderElection28] INFO  impl.LeaderElection (LeaderElection.java:askForVotes(323)) - e952460c-8236-4bec-b567-d040e1d0e4f9@group-24E35B55F1E5-LeaderElection28 ELECTION round 0: result PASSED (term=1)
2024-03-15 21:39:07,165 [e952460c-8236-4bec-b567-d040e1d0e4f9@group-24E35B55F1E5-LeaderElection28] INFO  impl.RoleInfo (RoleInfo.java:shutdownLeaderElection(130)) - e952460c-8236-4bec-b567-d040e1d0e4f9: shutdown e952460c-8236-4bec-b567-d040e1d0e4f9@group-24E35B55F1E5-LeaderElection28
2024-03-15 21:39:07,165 [e952460c-8236-4bec-b567-d040e1d0e4f9@group-24E35B55F1E5-LeaderElection28] INFO  server.RaftServer$Division (RaftServerImpl.java:setRole(383)) - e952460c-8236-4bec-b567-d040e1d0e4f9@group-24E35B55F1E5: changes role from CANDIDATE to LEADER at term 1 for changeToLeader
2024-03-15 21:39:07,165 [e952460c-8236-4bec-b567-d040e1d0e4f9@group-24E35B55F1E5-LeaderElection28] INFO  server.RaftServerConfigKeys (ConfUtils.java:logGet(46)) - raft.server.staging.catchup.gap = 1000 (default)
2024-03-15 21:39:07,165 [e952460c-8236-4bec-b567-d040e1d0e4f9@group-24E35B55F1E5-LeaderElection28] INFO  server.RaftServerConfigKeys (ConfUtils.java:logGet(46)) - raft.server.write.element-limit = 1024 (custom)
2024-03-15 21:39:07,166 [e952460c-8236-4bec-b567-d040e1d0e4f9@group-24E35B55F1E5-LeaderElection28] INFO  server.RaftServerConfigKeys (ConfUtils.java:logGet(46)) - raft.server.write.byte-limit = 1024 M (=1073741824) (custom)
2024-03-15 21:39:07,166 [e952460c-8236-4bec-b567-d040e1d0e4f9@group-24E35B55F1E5-LeaderElection28] INFO  server.RaftServerConfigKeys (ConfUtils.java:logGet(46)) - raft.server.watch.timeout = 3000ms (custom)
2024-03-15 21:39:07,166 [e952460c-8236-4bec-b567-d040e1d0e4f9@group-24E35B55F1E5-LeaderElection28] INFO  server.RaftServerConfigKeys (ConfUtils.java:logGet(46)) - raft.server.watch.timeout.denomination = 1s (default)
2024-03-15 21:39:07,166 [e952460c-8236-4bec-b567-d040e1d0e4f9@group-24E35B55F1E5-LeaderElection28] INFO  server.RaftServerConfigKeys (ConfUtils.java:logGet(46)) - raft.server.watch.element-limit = 65536 (default)
2024-03-15 21:39:07,166 [e952460c-8236-4bec-b567-d040e1d0e4f9@group-24E35B55F1E5-LeaderElection28] INFO  server.RaftServerConfigKeys (ConfUtils.java:logGet(46)) - raft.server.read.leader.lease.enabled = false (default)
2024-03-15 21:39:07,166 [e952460c-8236-4bec-b567-d040e1d0e4f9@group-24E35B55F1E5-LeaderElection28] INFO  server.RaftServerConfigKeys (ConfUtils.java:logGet(46)) - raft.server.read.leader.lease.timeout.ratio = 0.9 (default)
2024-03-15 21:39:07,166 [e952460c-8236-4bec-b567-d040e1d0e4f9@group-24E35B55F1E5-LeaderElection28] INFO  server.RaftServerConfigKeys (ConfUtils.java:logGet(46)) - raft.server.rpc.timeout.min = 5s (custom)
2024-03-15 21:39:07,166 [e952460c-8236-4bec-b567-d040e1d0e4f9@group-24E35B55F1E5-LeaderElection28] INFO  server.RaftServerConfigKeys (ConfUtils.java:logGet(46)) - raft.server.write.element-limit = 1024 (custom)
2024-03-15 21:39:07,166 [e952460c-8236-4bec-b567-d040e1d0e4f9@group-24E35B55F1E5-LeaderElection28] INFO  server.RaftServerConfigKeys (ConfUtils.java:logGet(46)) - raft.server.write.follower.gap.ratio.max = -1.0 (default)
2024-03-15 21:39:07,166 [e952460c-8236-4bec-b567-d040e1d0e4f9@group-24E35B55F1E5-LeaderElection28] INFO  impl.RoleInfo (RoleInfo.java:updateAndGet(139)) - e952460c-8236-4bec-b567-d040e1d0e4f9: start e952460c-8236-4bec-b567-d040e1d0e4f9@group-24E35B55F1E5-LeaderStateImpl
2024-03-15 21:39:07,166 [e952460c-8236-4bec-b567-d040e1d0e4f9@group-24E35B55F1E5-LeaderElection28] INFO  server.RaftServer$Division (RaftServerImpl.java:setFirstElection(574)) - e952460c-8236-4bec-b567-d040e1d0e4f9@group-24E35B55F1E5: set firstElectionSinceStartup to false for becomeLeader
2024-03-15 21:39:07,166 [e952460c-8236-4bec-b567-d040e1d0e4f9@group-24E35B55F1E5-LeaderElection28] INFO  ratis.XceiverServerRatis (XceiverServerRatis.java:handleLeaderChangedNotification(966)) - Leader change notification received for group: group-24E35B55F1E5 with new leaderId: e952460c-8236-4bec-b567-d040e1d0e4f9
2024-03-15 21:39:07,166 [e952460c-8236-4bec-b567-d040e1d0e4f9@group-24E35B55F1E5-LeaderElection28] INFO  server.RaftServer$Division (ServerState.java:setLeader(269)) - e952460c-8236-4bec-b567-d040e1d0e4f9@group-24E35B55F1E5: change Leader from null to e952460c-8236-4bec-b567-d040e1d0e4f9 at term 1 for becomeLeader, leader elected after 5120ms
2024-03-15 21:39:07,167 [e952460c-8236-4bec-b567-d040e1d0e4f9@group-24E35B55F1E5-LeaderElection28] INFO  segmented.SegmentedRaftLogWorker (SegmentedRaftLogWorker.java:startLogSegment(430)) - e952460c-8236-4bec-b567-d040e1d0e4f9@group-24E35B55F1E5-SegmentedRaftLogWorker: Starting segment from index:0
2024-03-15 21:39:07,167 [e952460c-8236-4bec-b567-d040e1d0e4f9@group-24E35B55F1E5-LeaderElection28] INFO  server.RaftServer$Division (ServerState.java:setRaftConf(386)) - e952460c-8236-4bec-b567-d040e1d0e4f9@group-24E35B55F1E5: set configuration 0: peers:[e952460c-8236-4bec-b567-d040e1d0e4f9|10.1.0.11:15157]|listeners:[], old=null
2024-03-15 21:39:07,168 [e952460c-8236-4bec-b567-d040e1d0e4f9@group-24E35B55F1E5-SegmentedRaftLogWorker] INFO  segmented.BufferedWriteChannel (BufferedWriteChannel.java:open(62)) - open log_inprogress_0 at position 0
2024-03-15 21:39:07,175 [e952460c-8236-4bec-b567-d040e1d0e4f9@group-24E35B55F1E5-SegmentedRaftLogWorker] INFO  segmented.SegmentedRaftLogWorker (SegmentedRaftLogWorker.java:execute(634)) - e952460c-8236-4bec-b567-d040e1d0e4f9@group-24E35B55F1E5-SegmentedRaftLogWorker: created new log segment /home/runner/work/ozone/ozone/hadoop-ozone/integration-test/target/test-dir/MiniOzoneClusterImpl-3a4de177-78ca-4f6d-b60b-6b5c736a6a4e/ozone-meta/datanode-7/ratis/a5babb15-4020-4f26-8753-24e35b55f1e5/current/log_inprogress_0
2024-03-15 21:39:07,177 [e952460c-8236-4bec-b567-d040e1d0e4f9@group-24E35B55F1E5-StateMachineUpdater] INFO  server.RaftServer$Division (LeaderStateImpl.java:isApplied(320)) - leader is ready since appliedIndex == 0 >= startIndex == 0
2024-03-15 21:39:07,185 [e952460c-8236-4bec-b567-d040e1d0e4f9@group-FF386EC77000-FollowerState] INFO  server.RaftServerConfigKeys (ConfUtils.java:logFallback(53)) - raft.server.rpc.first-election.timeout.min = 5s (fallback to raft.server.rpc.timeout.min)
2024-03-15 21:39:07,185 [e952460c-8236-4bec-b567-d040e1d0e4f9@group-FF386EC77000-FollowerState] INFO  server.RaftServerConfigKeys (ConfUtils.java:logFallback(53)) - raft.server.rpc.first-election.timeout.max = 5200ms (fallback to raft.server.rpc.timeout.max)
2024-03-15 21:39:07,222 [e76b1ec9-b399-499f-a8ce-a1f080404f38@group-CC7984C646FB-FollowerState] INFO  impl.FollowerState (FollowerState.java:run(143)) - e76b1ec9-b399-499f-a8ce-a1f080404f38@group-CC7984C646FB-FollowerState: change to CANDIDATE, lastRpcElapsedTime:5066520012ns, electionTimeout:5066ms
2024-03-15 21:39:07,222 [e76b1ec9-b399-499f-a8ce-a1f080404f38@group-CC7984C646FB-FollowerState] INFO  impl.RoleInfo (RoleInfo.java:shutdownFollowerState(110)) - e76b1ec9-b399-499f-a8ce-a1f080404f38: shutdown e76b1ec9-b399-499f-a8ce-a1f080404f38@group-CC7984C646FB-FollowerState
2024-03-15 21:39:07,222 [e76b1ec9-b399-499f-a8ce-a1f080404f38@group-CC7984C646FB-FollowerState] INFO  server.RaftServer$Division (RaftServerImpl.java:setRole(383)) - e76b1ec9-b399-499f-a8ce-a1f080404f38@group-CC7984C646FB: changes role from  FOLLOWER to CANDIDATE at term 0 for changeToCandidate
2024-03-15 21:39:07,222 [e76b1ec9-b399-499f-a8ce-a1f080404f38@group-CC7984C646FB-FollowerState] INFO  server.RaftServerConfigKeys (ConfUtils.java:logGet(46)) - raft.server.leaderelection.pre-vote = true (default)
2024-03-15 21:39:07,222 [e76b1ec9-b399-499f-a8ce-a1f080404f38@group-CC7984C646FB-FollowerState] INFO  impl.RoleInfo (RoleInfo.java:updateAndGet(139)) - e76b1ec9-b399-499f-a8ce-a1f080404f38: start e76b1ec9-b399-499f-a8ce-a1f080404f38@group-CC7984C646FB-LeaderElection29
2024-03-15 21:39:07,224 [e76b1ec9-b399-499f-a8ce-a1f080404f38@group-CC7984C646FB-LeaderElection29] INFO  impl.LeaderElection (LeaderElection.java:askForVotes(321)) - e76b1ec9-b399-499f-a8ce-a1f080404f38@group-CC7984C646FB-LeaderElection29 PRE_VOTE round 0: submit vote requests at term 0 for -1: peers:[e76b1ec9-b399-499f-a8ce-a1f080404f38|10.1.0.11:15166]|listeners:[], old=null
2024-03-15 21:39:07,224 [e76b1ec9-b399-499f-a8ce-a1f080404f38@group-CC7984C646FB-LeaderElection29] INFO  impl.LeaderElection (LeaderElection.java:askForVotes(323)) - e76b1ec9-b399-499f-a8ce-a1f080404f38@group-CC7984C646FB-LeaderElection29 PRE_VOTE round 0: result PASSED (term=0)
2024-03-15 21:39:07,225 [e76b1ec9-b399-499f-a8ce-a1f080404f38@group-CC7984C646FB-LeaderElection29] INFO  impl.LeaderElection (LeaderElection.java:askForVotes(321)) - e76b1ec9-b399-499f-a8ce-a1f080404f38@group-CC7984C646FB-LeaderElection29 ELECTION round 0: submit vote requests at term 1 for -1: peers:[e76b1ec9-b399-499f-a8ce-a1f080404f38|10.1.0.11:15166]|listeners:[], old=null
2024-03-15 21:39:07,225 [e76b1ec9-b399-499f-a8ce-a1f080404f38@group-CC7984C646FB-LeaderElection29] INFO  impl.LeaderElection (LeaderElection.java:askForVotes(323)) - e76b1ec9-b399-499f-a8ce-a1f080404f38@group-CC7984C646FB-LeaderElection29 ELECTION round 0: result PASSED (term=1)
2024-03-15 21:39:07,225 [e76b1ec9-b399-499f-a8ce-a1f080404f38@group-CC7984C646FB-LeaderElection29] INFO  impl.RoleInfo (RoleInfo.java:shutdownLeaderElection(130)) - e76b1ec9-b399-499f-a8ce-a1f080404f38: shutdown e76b1ec9-b399-499f-a8ce-a1f080404f38@group-CC7984C646FB-LeaderElection29
2024-03-15 21:39:07,225 [e76b1ec9-b399-499f-a8ce-a1f080404f38@group-CC7984C646FB-LeaderElection29] INFO  server.RaftServer$Division (RaftServerImpl.java:setRole(383)) - e76b1ec9-b399-499f-a8ce-a1f080404f38@group-CC7984C646FB: changes role from CANDIDATE to LEADER at term 1 for changeToLeader
2024-03-15 21:39:07,225 [e76b1ec9-b399-499f-a8ce-a1f080404f38@group-CC7984C646FB-LeaderElection29] INFO  server.RaftServerConfigKeys (ConfUtils.java:logGet(46)) - raft.server.staging.catchup.gap = 1000 (default)
2024-03-15 21:39:07,225 [e76b1ec9-b399-499f-a8ce-a1f080404f38@group-CC7984C646FB-LeaderElection29] INFO  server.RaftServerConfigKeys (ConfUtils.java:logGet(46)) - raft.server.write.element-limit = 1024 (custom)
2024-03-15 21:39:07,225 [e76b1ec9-b399-499f-a8ce-a1f080404f38@group-CC7984C646FB-LeaderElection29] INFO  server.RaftServerConfigKeys (ConfUtils.java:logGet(46)) - raft.server.write.byte-limit = 1024 M (=1073741824) (custom)
2024-03-15 21:39:07,226 [e76b1ec9-b399-499f-a8ce-a1f080404f38@group-CC7984C646FB-LeaderElection29] INFO  server.RaftServerConfigKeys (ConfUtils.java:logGet(46)) - raft.server.watch.timeout = 3000ms (custom)
2024-03-15 21:39:07,226 [e76b1ec9-b399-499f-a8ce-a1f080404f38@group-CC7984C646FB-LeaderElection29] INFO  server.RaftServerConfigKeys (ConfUtils.java:logGet(46)) - raft.server.watch.timeout.denomination = 1s (default)
2024-03-15 21:39:07,226 [e76b1ec9-b399-499f-a8ce-a1f080404f38@group-CC7984C646FB-LeaderElection29] INFO  server.RaftServerConfigKeys (ConfUtils.java:logGet(46)) - raft.server.watch.element-limit = 65536 (default)
2024-03-15 21:39:07,226 [e76b1ec9-b399-499f-a8ce-a1f080404f38@group-CC7984C646FB-LeaderElection29] INFO  server.RaftServerConfigKeys (ConfUtils.java:logGet(46)) - raft.server.read.leader.lease.enabled = false (default)
2024-03-15 21:39:07,226 [e76b1ec9-b399-499f-a8ce-a1f080404f38@group-CC7984C646FB-LeaderElection29] INFO  server.RaftServerConfigKeys (ConfUtils.java:logGet(46)) - raft.server.read.leader.lease.timeout.ratio = 0.9 (default)
2024-03-15 21:39:07,226 [e76b1ec9-b399-499f-a8ce-a1f080404f38@group-CC7984C646FB-LeaderElection29] INFO  server.RaftServerConfigKeys (ConfUtils.java:logGet(46)) - raft.server.rpc.timeout.min = 5s (custom)
2024-03-15 21:39:07,226 [e76b1ec9-b399-499f-a8ce-a1f080404f38@group-CC7984C646FB-LeaderElection29] INFO  server.RaftServerConfigKeys (ConfUtils.java:logGet(46)) - raft.server.write.element-limit = 1024 (custom)
2024-03-15 21:39:07,226 [e76b1ec9-b399-499f-a8ce-a1f080404f38@group-CC7984C646FB-LeaderElection29] INFO  server.RaftServerConfigKeys (ConfUtils.java:logGet(46)) - raft.server.write.follower.gap.ratio.max = -1.0 (default)
2024-03-15 21:39:07,226 [e76b1ec9-b399-499f-a8ce-a1f080404f38@group-CC7984C646FB-LeaderElection29] INFO  impl.RoleInfo (RoleInfo.java:updateAndGet(139)) - e76b1ec9-b399-499f-a8ce-a1f080404f38: start e76b1ec9-b399-499f-a8ce-a1f080404f38@group-CC7984C646FB-LeaderStateImpl
2024-03-15 21:39:07,226 [e76b1ec9-b399-499f-a8ce-a1f080404f38@group-CC7984C646FB-LeaderElection29] INFO  server.RaftServer$Division (RaftServerImpl.java:setFirstElection(574)) - e76b1ec9-b399-499f-a8ce-a1f080404f38@group-CC7984C646FB: set firstElectionSinceStartup to false for becomeLeader
2024-03-15 21:39:07,226 [e76b1ec9-b399-499f-a8ce-a1f080404f38@group-CC7984C646FB-LeaderElection29] INFO  ratis.XceiverServerRatis (XceiverServerRatis.java:handleLeaderChangedNotification(966)) - Leader change notification received for group: group-CC7984C646FB with new leaderId: e76b1ec9-b399-499f-a8ce-a1f080404f38
2024-03-15 21:39:07,226 [e76b1ec9-b399-499f-a8ce-a1f080404f38@group-CC7984C646FB-LeaderElection29] INFO  server.RaftServer$Division (ServerState.java:setLeader(269)) - e76b1ec9-b399-499f-a8ce-a1f080404f38@group-CC7984C646FB: change Leader from null to e76b1ec9-b399-499f-a8ce-a1f080404f38 at term 1 for becomeLeader, leader elected after 5081ms
2024-03-15 21:39:07,226 [e76b1ec9-b399-499f-a8ce-a1f080404f38@group-CC7984C646FB-LeaderElection29] INFO  segmented.SegmentedRaftLogWorker (SegmentedRaftLogWorker.java:startLogSegment(430)) - e76b1ec9-b399-499f-a8ce-a1f080404f38@group-CC7984C646FB-SegmentedRaftLogWorker: Starting segment from index:0
2024-03-15 21:39:07,227 [e76b1ec9-b399-499f-a8ce-a1f080404f38@group-CC7984C646FB-LeaderElection29] INFO  server.RaftServer$Division (ServerState.java:setRaftConf(386)) - e76b1ec9-b399-499f-a8ce-a1f080404f38@group-CC7984C646FB: set configuration 0: peers:[e76b1ec9-b399-499f-a8ce-a1f080404f38|10.1.0.11:15166]|listeners:[], old=null
2024-03-15 21:39:07,228 [e76b1ec9-b399-499f-a8ce-a1f080404f38@group-CC7984C646FB-SegmentedRaftLogWorker] INFO  segmented.BufferedWriteChannel (BufferedWriteChannel.java:open(62)) - open log_inprogress_0 at position 0
2024-03-15 21:39:07,234 [e76b1ec9-b399-499f-a8ce-a1f080404f38@group-CC7984C646FB-SegmentedRaftLogWorker] INFO  segmented.SegmentedRaftLogWorker (SegmentedRaftLogWorker.java:execute(634)) - e76b1ec9-b399-499f-a8ce-a1f080404f38@group-CC7984C646FB-SegmentedRaftLogWorker: created new log segment /home/runner/work/ozone/ozone/hadoop-ozone/integration-test/target/test-dir/MiniOzoneClusterImpl-3a4de177-78ca-4f6d-b60b-6b5c736a6a4e/ozone-meta/datanode-8/ratis/e9349c41-e28b-4c31-aff5-cc7984c646fb/current/log_inprogress_0
2024-03-15 21:39:07,235 [e76b1ec9-b399-499f-a8ce-a1f080404f38@group-CC7984C646FB-StateMachineUpdater] INFO  server.RaftServer$Division (LeaderStateImpl.java:isApplied(320)) - leader is ready since appliedIndex == 0 >= startIndex == 0
2024-03-15 21:39:07,252 [main] INFO  ozone.MiniOzoneClusterImpl (MiniOzoneClusterImpl.java:lambda$waitForClusterToBeReady$0(194)) - Nodes are ready. Got 9 of 9 DN Heartbeats.
2024-03-15 21:39:07,252 [main] INFO  ozone.MiniOzoneClusterImpl (MiniOzoneClusterImpl.java:lambda$waitForClusterToBeReady$0(197)) - Cluster exits safe mode
2024-03-15 21:39:07,252 [main] INFO  ozone.MiniOzoneClusterImpl (MiniOzoneClusterImpl.java:lambda$waitForClusterToBeReady$0(199)) - SCM became leader
2024-03-15 21:39:07,253 [main] INFO  protocolPB.OmTransportFactory (OmTransportFactory.java:createFactory(62)) - Loading OM transport implementation org.apache.hadoop.ozone.om.protocolPB.Hadoop3OmTransportFactory as specified by configuration.
2024-03-15 21:39:07,260 [main] INFO  rpc.RpcClient (RpcClient.java:createVolume(465)) - Creating Volume: watchforcommithandlingtest, with runner as owner and space quota set to -1 bytes, counts quota set to -1
2024-03-15 21:39:07,264 [e76b1ec9-b399-499f-a8ce-a1f080404f38@group-FF386EC77000-FollowerState] INFO  impl.FollowerState (FollowerState.java:run(143)) - e76b1ec9-b399-499f-a8ce-a1f080404f38@group-FF386EC77000-FollowerState: change to CANDIDATE, lastRpcElapsedTime:5138922313ns, electionTimeout:5137ms
2024-03-15 21:39:07,264 [e76b1ec9-b399-499f-a8ce-a1f080404f38@group-FF386EC77000-FollowerState] INFO  impl.RoleInfo (RoleInfo.java:shutdownFollowerState(110)) - e76b1ec9-b399-499f-a8ce-a1f080404f38: shutdown e76b1ec9-b399-499f-a8ce-a1f080404f38@group-FF386EC77000-FollowerState
2024-03-15 21:39:07,264 [e76b1ec9-b399-499f-a8ce-a1f080404f38@group-FF386EC77000-FollowerState] INFO  server.RaftServer$Division (RaftServerImpl.java:setRole(383)) - e76b1ec9-b399-499f-a8ce-a1f080404f38@group-FF386EC77000: changes role from  FOLLOWER to CANDIDATE at term 0 for changeToCandidate
2024-03-15 21:39:07,264 [e76b1ec9-b399-499f-a8ce-a1f080404f38@group-FF386EC77000-FollowerState] INFO  server.RaftServerConfigKeys (ConfUtils.java:logGet(46)) - raft.server.leaderelection.pre-vote = true (default)
2024-03-15 21:39:07,264 [e76b1ec9-b399-499f-a8ce-a1f080404f38@group-FF386EC77000-FollowerState] INFO  impl.RoleInfo (RoleInfo.java:updateAndGet(139)) - e76b1ec9-b399-499f-a8ce-a1f080404f38: start e76b1ec9-b399-499f-a8ce-a1f080404f38@group-FF386EC77000-LeaderElection30
2024-03-15 21:39:07,264 [e76b1ec9-b399-499f-a8ce-a1f080404f38@group-FF386EC77000-LeaderElection30] INFO  impl.LeaderElection (LeaderElection.java:askForVotes(321)) - e76b1ec9-b399-499f-a8ce-a1f080404f38@group-FF386EC77000-LeaderElection30 PRE_VOTE round 0: submit vote requests at term 0 for -1: peers:[e952460c-8236-4bec-b567-d040e1d0e4f9|10.1.0.11:15157, 8b353431-6b66-4460-9602-55c815b93317|10.1.0.11:15175, e76b1ec9-b399-499f-a8ce-a1f080404f38|10.1.0.11:15166]|listeners:[], old=null
2024-03-15 21:39:07,264 [e76b1ec9-b399-499f-a8ce-a1f080404f38@group-FF386EC77000-LeaderElection30-1] INFO  server.GrpcServerProtocolClient (GrpcServerProtocolClient.java:<init>(65)) - Build channel for e952460c-8236-4bec-b567-d040e1d0e4f9|10.1.0.11:15157
2024-03-15 21:39:07,267 [e76b1ec9-b399-499f-a8ce-a1f080404f38@group-FF386EC77000-LeaderElection30] INFO  server.RaftServerConfigKeys (ConfUtils.java:logFallback(53)) - raft.server.rpc.first-election.timeout.min = 5s (fallback to raft.server.rpc.timeout.min)
2024-03-15 21:39:07,267 [e76b1ec9-b399-499f-a8ce-a1f080404f38@group-FF386EC77000-LeaderElection30-2] INFO  server.GrpcServerProtocolClient (GrpcServerProtocolClient.java:<init>(65)) - Build channel for 8b353431-6b66-4460-9602-55c815b93317|10.1.0.11:15175
2024-03-15 21:39:07,267 [e76b1ec9-b399-499f-a8ce-a1f080404f38@group-FF386EC77000-LeaderElection30] INFO  server.RaftServerConfigKeys (ConfUtils.java:logFallback(53)) - raft.server.rpc.first-election.timeout.max = 5200ms (fallback to raft.server.rpc.timeout.max)
2024-03-15 21:39:07,269 [om1-OMStateMachineApplyTransactionThread - 0] INFO  volume.OMVolumeCreateRequest (OMVolumeCreateRequest.java:validateAndUpdateCache(198)) - created volume:watchforcommithandlingtest for user:runner
2024-03-15 21:39:07,272 [grpc-default-executor-2] INFO  server.RaftServer$Division (RaftServerImpl.java:requestVote(1389)) - e952460c-8236-4bec-b567-d040e1d0e4f9@group-FF386EC77000: receive requestVote(PRE_VOTE, e76b1ec9-b399-499f-a8ce-a1f080404f38, group-FF386EC77000, 0, (t:0, i:0))
2024-03-15 21:39:07,272 [grpc-default-executor-2] INFO  impl.VoteContext (VoteContext.java:log(49)) - e952460c-8236-4bec-b567-d040e1d0e4f9@group-FF386EC77000-FOLLOWER: accept PRE_VOTE from e76b1ec9-b399-499f-a8ce-a1f080404f38: our priority 0 <= candidate's priority 1
2024-03-15 21:39:07,272 [grpc-default-executor-2] INFO  server.RaftServer$Division (RaftServerImpl.java:requestVote(1422)) - e952460c-8236-4bec-b567-d040e1d0e4f9@group-FF386EC77000 replies to PRE_VOTE vote request: e76b1ec9-b399-499f-a8ce-a1f080404f38<-e952460c-8236-4bec-b567-d040e1d0e4f9#0:OK-t0. Peer's state: e952460c-8236-4bec-b567-d040e1d0e4f9@group-FF386EC77000:t0, leader=null, voted=, raftlog=Memoized:e952460c-8236-4bec-b567-d040e1d0e4f9@group-FF386EC77000-SegmentedRaftLog:OPENED:c-1, conf=-1: peers:[e952460c-8236-4bec-b567-d040e1d0e4f9|10.1.0.11:15157, 8b353431-6b66-4460-9602-55c815b93317|10.1.0.11:15175, e76b1ec9-b399-499f-a8ce-a1f080404f38|10.1.0.11:15166]|listeners:[], old=null
2024-03-15 21:39:07,273 [grpc-default-executor-1] INFO  server.RaftServer$Division (RaftServerImpl.java:requestVote(1389)) - 8b353431-6b66-4460-9602-55c815b93317@group-FF386EC77000: receive requestVote(PRE_VOTE, e76b1ec9-b399-499f-a8ce-a1f080404f38, group-FF386EC77000, 0, (t:0, i:0))
2024-03-15 21:39:07,274 [grpc-default-executor-1] INFO  impl.VoteContext (VoteContext.java:log(49)) - 8b353431-6b66-4460-9602-55c815b93317@group-FF386EC77000-FOLLOWER: accept PRE_VOTE from e76b1ec9-b399-499f-a8ce-a1f080404f38: our priority 0 <= candidate's priority 1
2024-03-15 21:39:07,274 [grpc-default-executor-1] INFO  server.RaftServer$Division (RaftServerImpl.java:requestVote(1422)) - 8b353431-6b66-4460-9602-55c815b93317@group-FF386EC77000 replies to PRE_VOTE vote request: e76b1ec9-b399-499f-a8ce-a1f080404f38<-8b353431-6b66-4460-9602-55c815b93317#0:OK-t0. Peer's state: 8b353431-6b66-4460-9602-55c815b93317@group-FF386EC77000:t0, leader=null, voted=, raftlog=Memoized:8b353431-6b66-4460-9602-55c815b93317@group-FF386EC77000-SegmentedRaftLog:OPENED:c-1, conf=-1: peers:[e952460c-8236-4bec-b567-d040e1d0e4f9|10.1.0.11:15157, 8b353431-6b66-4460-9602-55c815b93317|10.1.0.11:15175, e76b1ec9-b399-499f-a8ce-a1f080404f38|10.1.0.11:15166]|listeners:[], old=null
2024-03-15 21:39:07,278 [main] INFO  rpc.RpcClient (RpcClient.java:createBucket(691)) - Creating Bucket: watchforcommithandlingtest/watchforcommithandlingtest, with server-side default bucket layout, runner as owner, Versioning false, Storage Type set to DISK and Encryption set to false, Replication Type set to server-side default replication type, Namespace Quota set to -1, Space Quota set to -1 
2024-03-15 21:39:07,282 [e76b1ec9-b399-499f-a8ce-a1f080404f38@group-FF386EC77000-LeaderElection30] INFO  impl.LeaderElection (LeaderElection.java:logAndReturn(89)) - e76b1ec9-b399-499f-a8ce-a1f080404f38@group-FF386EC77000-LeaderElection30: PRE_VOTE PASSED received 1 response(s) and 0 exception(s):
2024-03-15 21:39:07,282 [e76b1ec9-b399-499f-a8ce-a1f080404f38@group-FF386EC77000-LeaderElection30] INFO  impl.LeaderElection (LeaderElection.java:logAndReturn(93)) -   Response 0: e76b1ec9-b399-499f-a8ce-a1f080404f38<-e952460c-8236-4bec-b567-d040e1d0e4f9#0:OK-t0
2024-03-15 21:39:07,282 [e76b1ec9-b399-499f-a8ce-a1f080404f38@group-FF386EC77000-LeaderElection30] INFO  impl.LeaderElection (LeaderElection.java:askForVotes(323)) - e76b1ec9-b399-499f-a8ce-a1f080404f38@group-FF386EC77000-LeaderElection30 PRE_VOTE round 0: result PASSED
2024-03-15 21:39:07,283 [e76b1ec9-b399-499f-a8ce-a1f080404f38@group-FF386EC77000-LeaderElection30] INFO  impl.LeaderElection (LeaderElection.java:askForVotes(321)) - e76b1ec9-b399-499f-a8ce-a1f080404f38@group-FF386EC77000-LeaderElection30 ELECTION round 0: submit vote requests at term 1 for -1: peers:[e952460c-8236-4bec-b567-d040e1d0e4f9|10.1.0.11:15157, 8b353431-6b66-4460-9602-55c815b93317|10.1.0.11:15175, e76b1ec9-b399-499f-a8ce-a1f080404f38|10.1.0.11:15166]|listeners:[], old=null
2024-03-15 21:39:07,283 [om1-OMStateMachineApplyTransactionThread - 0] INFO  bucket.OMBucketCreateRequest (OMBucketCreateRequest.java:validateAndUpdateCache(293)) - created bucket: watchforcommithandlingtest of layout FILE_SYSTEM_OPTIMIZED in volume: watchforcommithandlingtest
2024-03-15 21:39:07,284 [e76b1ec9-b399-499f-a8ce-a1f080404f38@group-FF386EC77000-LeaderElection30] INFO  server.RaftServerConfigKeys (ConfUtils.java:logFallback(53)) - raft.server.rpc.first-election.timeout.min = 5s (fallback to raft.server.rpc.timeout.min)
2024-03-15 21:39:07,284 [e76b1ec9-b399-499f-a8ce-a1f080404f38@group-FF386EC77000-LeaderElection30] INFO  server.RaftServerConfigKeys (ConfUtils.java:logFallback(53)) - raft.server.rpc.first-election.timeout.max = 5200ms (fallback to raft.server.rpc.timeout.max)
2024-03-15 21:39:07,284 [grpc-default-executor-1] INFO  server.RaftServer$Division (RaftServerImpl.java:requestVote(1389)) - e952460c-8236-4bec-b567-d040e1d0e4f9@group-FF386EC77000: receive requestVote(ELECTION, e76b1ec9-b399-499f-a8ce-a1f080404f38, group-FF386EC77000, 1, (t:0, i:0))
2024-03-15 21:39:07,285 [grpc-default-executor-1] INFO  impl.VoteContext (VoteContext.java:log(49)) - e952460c-8236-4bec-b567-d040e1d0e4f9@group-FF386EC77000-FOLLOWER: accept ELECTION from e76b1ec9-b399-499f-a8ce-a1f080404f38: our priority 0 <= candidate's priority 1
2024-03-15 21:39:07,285 [grpc-default-executor-1] INFO  server.RaftServer$Division (RaftServerImpl.java:setRole(383)) - e952460c-8236-4bec-b567-d040e1d0e4f9@group-FF386EC77000: changes role from  FOLLOWER to FOLLOWER at term 1 for candidate:e76b1ec9-b399-499f-a8ce-a1f080404f38
2024-03-15 21:39:07,285 [grpc-default-executor-2] INFO  server.RaftServer$Division (RaftServerImpl.java:requestVote(1389)) - 8b353431-6b66-4460-9602-55c815b93317@group-FF386EC77000: receive requestVote(ELECTION, e76b1ec9-b399-499f-a8ce-a1f080404f38, group-FF386EC77000, 1, (t:0, i:0))
2024-03-15 21:39:07,285 [grpc-default-executor-2] INFO  impl.VoteContext (VoteContext.java:log(49)) - 8b353431-6b66-4460-9602-55c815b93317@group-FF386EC77000-FOLLOWER: accept ELECTION from e76b1ec9-b399-499f-a8ce-a1f080404f38: our priority 0 <= candidate's priority 1
2024-03-15 21:39:07,285 [grpc-default-executor-2] INFO  server.RaftServer$Division (RaftServerImpl.java:setRole(383)) - 8b353431-6b66-4460-9602-55c815b93317@group-FF386EC77000: changes role from  FOLLOWER to FOLLOWER at term 1 for candidate:e76b1ec9-b399-499f-a8ce-a1f080404f38
2024-03-15 21:39:07,285 [grpc-default-executor-2] INFO  impl.RoleInfo (RoleInfo.java:shutdownFollowerState(110)) - 8b353431-6b66-4460-9602-55c815b93317: shutdown 8b353431-6b66-4460-9602-55c815b93317@group-FF386EC77000-FollowerState
2024-03-15 21:39:07,285 [grpc-default-executor-2] INFO  impl.RoleInfo (RoleInfo.java:updateAndGet(139)) - 8b353431-6b66-4460-9602-55c815b93317: start 8b353431-6b66-4460-9602-55c815b93317@group-FF386EC77000-FollowerState
2024-03-15 21:39:07,286 [8b353431-6b66-4460-9602-55c815b93317@group-FF386EC77000-FollowerState] INFO  impl.FollowerState (FollowerState.java:run(152)) - 8b353431-6b66-4460-9602-55c815b93317@group-FF386EC77000-FollowerState was interrupted
2024-03-15 21:39:07,285 [grpc-default-executor-1] INFO  impl.RoleInfo (RoleInfo.java:shutdownFollowerState(110)) - e952460c-8236-4bec-b567-d040e1d0e4f9: shutdown e952460c-8236-4bec-b567-d040e1d0e4f9@group-FF386EC77000-FollowerState
2024-03-15 21:39:07,287 [grpc-default-executor-1] INFO  impl.RoleInfo (RoleInfo.java:updateAndGet(139)) - e952460c-8236-4bec-b567-d040e1d0e4f9: start e952460c-8236-4bec-b567-d040e1d0e4f9@group-FF386EC77000-FollowerState
2024-03-15 21:39:07,287 [grpc-default-executor-1] INFO  server.RaftServer$Division (RaftServerImpl.java:setFirstElection(574)) - e952460c-8236-4bec-b567-d040e1d0e4f9@group-FF386EC77000: set firstElectionSinceStartup to false for candidate:e76b1ec9-b399-499f-a8ce-a1f080404f38
2024-03-15 21:39:07,287 [e952460c-8236-4bec-b567-d040e1d0e4f9@group-FF386EC77000-FollowerState] INFO  impl.FollowerState (FollowerState.java:run(152)) - e952460c-8236-4bec-b567-d040e1d0e4f9@group-FF386EC77000-FollowerState was interrupted
2024-03-15 21:39:07,291 [grpc-default-executor-1] INFO  server.RaftServer$Division (RaftServerImpl.java:requestVote(1422)) - e952460c-8236-4bec-b567-d040e1d0e4f9@group-FF386EC77000 replies to ELECTION vote request: e76b1ec9-b399-499f-a8ce-a1f080404f38<-e952460c-8236-4bec-b567-d040e1d0e4f9#0:OK-t1. Peer's state: e952460c-8236-4bec-b567-d040e1d0e4f9@group-FF386EC77000:t1, leader=null, voted=e76b1ec9-b399-499f-a8ce-a1f080404f38, raftlog=Memoized:e952460c-8236-4bec-b567-d040e1d0e4f9@group-FF386EC77000-SegmentedRaftLog:OPENED:c-1, conf=-1: peers:[e952460c-8236-4bec-b567-d040e1d0e4f9|10.1.0.11:15157, 8b353431-6b66-4460-9602-55c815b93317|10.1.0.11:15175, e76b1ec9-b399-499f-a8ce-a1f080404f38|10.1.0.11:15166]|listeners:[], old=null
2024-03-15 21:39:07,291 [e76b1ec9-b399-499f-a8ce-a1f080404f38@group-FF386EC77000-LeaderElection30] INFO  impl.LeaderElection (LeaderElection.java:logAndReturn(89)) - e76b1ec9-b399-499f-a8ce-a1f080404f38@group-FF386EC77000-LeaderElection30: ELECTION PASSED received 1 response(s) and 0 exception(s):
2024-03-15 21:39:07,291 [e76b1ec9-b399-499f-a8ce-a1f080404f38@group-FF386EC77000-LeaderElection30] INFO  impl.LeaderElection (LeaderElection.java:logAndReturn(93)) -   Response 0: e76b1ec9-b399-499f-a8ce-a1f080404f38<-e952460c-8236-4bec-b567-d040e1d0e4f9#0:OK-t1
2024-03-15 21:39:07,291 [e76b1ec9-b399-499f-a8ce-a1f080404f38@group-FF386EC77000-LeaderElection30] INFO  impl.LeaderElection (LeaderElection.java:askForVotes(323)) - e76b1ec9-b399-499f-a8ce-a1f080404f38@group-FF386EC77000-LeaderElection30 ELECTION round 0: result PASSED
2024-03-15 21:39:07,292 [e76b1ec9-b399-499f-a8ce-a1f080404f38@group-FF386EC77000-LeaderElection30] INFO  impl.RoleInfo (RoleInfo.java:shutdownLeaderElection(130)) - e76b1ec9-b399-499f-a8ce-a1f080404f38: shutdown e76b1ec9-b399-499f-a8ce-a1f080404f38@group-FF386EC77000-LeaderElection30
2024-03-15 21:39:07,292 [e76b1ec9-b399-499f-a8ce-a1f080404f38@group-FF386EC77000-LeaderElection30] INFO  server.RaftServer$Division (RaftServerImpl.java:setRole(383)) - e76b1ec9-b399-499f-a8ce-a1f080404f38@group-FF386EC77000: changes role from CANDIDATE to LEADER at term 1 for changeToLeader
2024-03-15 21:39:07,292 [grpc-default-executor-2] INFO  server.RaftServer$Division (RaftServerImpl.java:requestVote(1422)) - 8b353431-6b66-4460-9602-55c815b93317@group-FF386EC77000 replies to ELECTION vote request: e76b1ec9-b399-499f-a8ce-a1f080404f38<-8b353431-6b66-4460-9602-55c815b93317#0:OK-t1. Peer's state: 8b353431-6b66-4460-9602-55c815b93317@group-FF386EC77000:t1, leader=null, voted=e76b1ec9-b399-499f-a8ce-a1f080404f38, raftlog=Memoized:8b353431-6b66-4460-9602-55c815b93317@group-FF386EC77000-SegmentedRaftLog:OPENED:c-1, conf=-1: peers:[e952460c-8236-4bec-b567-d040e1d0e4f9|10.1.0.11:15157, 8b353431-6b66-4460-9602-55c815b93317|10.1.0.11:15175, e76b1ec9-b399-499f-a8ce-a1f080404f38|10.1.0.11:15166]|listeners:[], old=null
2024-03-15 21:39:07,292 [e76b1ec9-b399-499f-a8ce-a1f080404f38@group-FF386EC77000-LeaderElection30] INFO  server.RaftServerConfigKeys (ConfUtils.java:logGet(46)) - raft.server.staging.catchup.gap = 1000 (default)
2024-03-15 21:39:07,292 [e76b1ec9-b399-499f-a8ce-a1f080404f38@group-FF386EC77000-LeaderElection30] INFO  server.RaftServerConfigKeys (ConfUtils.java:logGet(46)) - raft.server.write.element-limit = 1024 (custom)
2024-03-15 21:39:07,292 [e76b1ec9-b399-499f-a8ce-a1f080404f38@group-FF386EC77000-LeaderElection30] INFO  server.RaftServerConfigKeys (ConfUtils.java:logGet(46)) - raft.server.write.byte-limit = 1024 M (=1073741824) (custom)
2024-03-15 21:39:07,292 [e76b1ec9-b399-499f-a8ce-a1f080404f38@group-FF386EC77000-LeaderElection30] INFO  server.RaftServerConfigKeys (ConfUtils.java:logGet(46)) - raft.server.watch.timeout = 3000ms (custom)
2024-03-15 21:39:07,293 [e76b1ec9-b399-499f-a8ce-a1f080404f38@group-FF386EC77000-LeaderElection30] INFO  server.RaftServerConfigKeys (ConfUtils.java:logGet(46)) - raft.server.watch.timeout.denomination = 1s (default)
2024-03-15 21:39:07,293 [e76b1ec9-b399-499f-a8ce-a1f080404f38@group-FF386EC77000-LeaderElection30] INFO  server.RaftServerConfigKeys (ConfUtils.java:logGet(46)) - raft.server.watch.element-limit = 65536 (default)
2024-03-15 21:39:07,293 [e76b1ec9-b399-499f-a8ce-a1f080404f38@group-FF386EC77000-LeaderElection30] INFO  server.RaftServerConfigKeys (ConfUtils.java:logGet(46)) - raft.server.read.leader.lease.enabled = false (default)
2024-03-15 21:39:07,293 [e76b1ec9-b399-499f-a8ce-a1f080404f38@group-FF386EC77000-LeaderElection30] INFO  server.RaftServerConfigKeys (ConfUtils.java:logGet(46)) - raft.server.read.leader.lease.timeout.ratio = 0.9 (default)
2024-03-15 21:39:07,293 [e76b1ec9-b399-499f-a8ce-a1f080404f38@group-FF386EC77000-LeaderElection30] INFO  server.RaftServerConfigKeys (ConfUtils.java:logGet(46)) - raft.server.rpc.timeout.min = 5s (custom)
2024-03-15 21:39:07,293 [e76b1ec9-b399-499f-a8ce-a1f080404f38@group-FF386EC77000-LeaderElection30] INFO  server.RaftServerConfigKeys (ConfUtils.java:logGet(46)) - raft.server.write.element-limit = 1024 (custom)
2024-03-15 21:39:07,293 [e76b1ec9-b399-499f-a8ce-a1f080404f38@group-FF386EC77000-LeaderElection30] INFO  server.RaftServerConfigKeys (ConfUtils.java:logGet(46)) - raft.server.write.follower.gap.ratio.max = -1.0 (default)
2024-03-15 21:39:07,293 [e76b1ec9-b399-499f-a8ce-a1f080404f38@group-FF386EC77000-LeaderElection30] INFO  server.RaftServerConfigKeys (ConfUtils.java:logGet(46)) - raft.server.log.appender.snapshot.chunk.size.max = 16MB (=16777216) (default)
2024-03-15 21:39:07,294 [e76b1ec9-b399-499f-a8ce-a1f080404f38@group-FF386EC77000-LeaderElection30] INFO  server.RaftServerConfigKeys (ConfUtils.java:logGet(46)) - raft.server.log.appender.buffer.byte-limit = 8388608 (custom)
2024-03-15 21:39:07,294 [e76b1ec9-b399-499f-a8ce-a1f080404f38@group-FF386EC77000-LeaderElection30] INFO  server.RaftServerConfigKeys (ConfUtils.java:logGet(46)) - raft.server.log.appender.buffer.element-limit = 1 (custom)
2024-03-15 21:39:07,294 [e76b1ec9-b399-499f-a8ce-a1f080404f38@group-FF386EC77000-LeaderElection30] INFO  server.RaftServerConfigKeys (ConfUtils.java:logGet(46)) - raft.server.log.appender.wait-time.min = 0ms (custom)
2024-03-15 21:39:07,294 [e76b1ec9-b399-499f-a8ce-a1f080404f38@group-FF386EC77000-LeaderElection30] INFO  grpc.GrpcConfigKeys (ConfUtils.java:logGet(46)) - raft.grpc.server.leader.outstanding.appends.max = 8 (default)
2024-03-15 21:39:07,294 [e76b1ec9-b399-499f-a8ce-a1f080404f38@group-FF386EC77000-LeaderElection30] INFO  server.RaftServerConfigKeys (ConfUtils.java:logGet(46)) - raft.server.rpc.request.timeout = 3000ms (default)
2024-03-15 21:39:07,294 [e76b1ec9-b399-499f-a8ce-a1f080404f38@group-FF386EC77000-LeaderElection30] INFO  grpc.GrpcConfigKeys (ConfUtils.java:logGet(46)) - raft.grpc.server.install_snapshot.request.element-limit = 8 (default)
2024-03-15 21:39:07,294 [e76b1ec9-b399-499f-a8ce-a1f080404f38@group-FF386EC77000-LeaderElection30] INFO  grpc.GrpcConfigKeys (ConfUtils.java:logGet(46)) - raft.grpc.server.install_snapshot.request.timeout = 3000ms (default)
2024-03-15 21:39:07,294 [e76b1ec9-b399-499f-a8ce-a1f080404f38@group-FF386EC77000-LeaderElection30] INFO  grpc.GrpcConfigKeys (ConfUtils.java:logGet(46)) - raft.grpc.server.log-message.batch.duration = 5s (default)
2024-03-15 21:39:07,294 [e76b1ec9-b399-499f-a8ce-a1f080404f38@group-FF386EC77000-LeaderElection30] INFO  server.RaftServerConfigKeys (ConfUtils.java:logGet(46)) - raft.server.log.appender.install.snapshot.enabled = false (custom)
2024-03-15 21:39:07,294 [e76b1ec9-b399-499f-a8ce-a1f080404f38@group-FF386EC77000-LeaderElection30] INFO  grpc.GrpcConfigKeys (ConfUtils.java:logGet(46)) - raft.grpc.server.heartbeat.channel = true (default)
2024-03-15 21:39:07,295 [e76b1ec9-b399-499f-a8ce-a1f080404f38@group-FF386EC77000-LeaderElection30] INFO  server.RaftServerConfigKeys (ConfUtils.java:logGet(46)) - raft.server.log.appender.snapshot.chunk.size.max = 16MB (=16777216) (default)
2024-03-15 21:39:07,295 [e76b1ec9-b399-499f-a8ce-a1f080404f38@group-FF386EC77000-LeaderElection30] INFO  server.RaftServerConfigKeys (ConfUtils.java:logGet(46)) - raft.server.log.appender.buffer.byte-limit = 8388608 (custom)
2024-03-15 21:39:07,295 [e76b1ec9-b399-499f-a8ce-a1f080404f38@group-FF386EC77000-LeaderElection30] INFO  server.RaftServerConfigKeys (ConfUtils.java:logGet(46)) - raft.server.log.appender.buffer.element-limit = 1 (custom)
2024-03-15 21:39:07,295 [e76b1ec9-b399-499f-a8ce-a1f080404f38@group-FF386EC77000-LeaderElection30] INFO  server.RaftServerConfigKeys (ConfUtils.java:logGet(46)) - raft.server.log.appender.wait-time.min = 0ms (custom)
2024-03-15 21:39:07,295 [e76b1ec9-b399-499f-a8ce-a1f080404f38@group-FF386EC77000-LeaderElection30] INFO  grpc.GrpcConfigKeys (ConfUtils.java:logGet(46)) - raft.grpc.server.leader.outstanding.appends.max = 8 (default)
2024-03-15 21:39:07,296 [e76b1ec9-b399-499f-a8ce-a1f080404f38@group-FF386EC77000-LeaderElection30] INFO  server.RaftServerConfigKeys (ConfUtils.java:logGet(46)) - raft.server.rpc.request.timeout = 3000ms (default)
2024-03-15 21:39:07,296 [e76b1ec9-b399-499f-a8ce-a1f080404f38@group-FF386EC77000-LeaderElection30] INFO  grpc.GrpcConfigKeys (ConfUtils.java:logGet(46)) - raft.grpc.server.install_snapshot.request.element-limit = 8 (default)
2024-03-15 21:39:07,296 [e76b1ec9-b399-499f-a8ce-a1f080404f38@group-FF386EC77000-LeaderElection30] INFO  grpc.GrpcConfigKeys (ConfUtils.java:logGet(46)) - raft.grpc.server.install_snapshot.request.timeout = 3000ms (default)
2024-03-15 21:39:07,296 [e76b1ec9-b399-499f-a8ce-a1f080404f38@group-FF386EC77000-LeaderElection30] INFO  grpc.GrpcConfigKeys (ConfUtils.java:logGet(46)) - raft.grpc.server.log-message.batch.duration = 5s (default)
2024-03-15 21:39:07,296 [e76b1ec9-b399-499f-a8ce-a1f080404f38@group-FF386EC77000-LeaderElection30] INFO  server.RaftServerConfigKeys (ConfUtils.java:logGet(46)) - raft.server.log.appender.install.snapshot.enabled = false (custom)
2024-03-15 21:39:07,296 [e76b1ec9-b399-499f-a8ce-a1f080404f38@group-FF386EC77000-LeaderElection30] INFO  grpc.GrpcConfigKeys (ConfUtils.java:logGet(46)) - raft.grpc.server.heartbeat.channel = true (default)
2024-03-15 21:39:07,296 [e76b1ec9-b399-499f-a8ce-a1f080404f38@group-FF386EC77000-LeaderElection30] INFO  impl.RoleInfo (RoleInfo.java:updateAndGet(139)) - e76b1ec9-b399-499f-a8ce-a1f080404f38: start e76b1ec9-b399-499f-a8ce-a1f080404f38@group-FF386EC77000-LeaderStateImpl
2024-03-15 21:39:07,296 [e76b1ec9-b399-499f-a8ce-a1f080404f38@group-FF386EC77000-LeaderElection30] INFO  server.RaftServer$Division (RaftServerImpl.java:setFirstElection(574)) - e76b1ec9-b399-499f-a8ce-a1f080404f38@group-FF386EC77000: set firstElectionSinceStartup to false for becomeLeader
2024-03-15 21:39:07,296 [e76b1ec9-b399-499f-a8ce-a1f080404f38@group-FF386EC77000-LeaderElection30] INFO  ratis.XceiverServerRatis (XceiverServerRatis.java:handleLeaderChangedNotification(966)) - Leader change notification received for group: group-FF386EC77000 with new leaderId: e76b1ec9-b399-499f-a8ce-a1f080404f38
2024-03-15 21:39:07,297 [e76b1ec9-b399-499f-a8ce-a1f080404f38@group-FF386EC77000-LeaderElection30] INFO  server.RaftServer$Division (ServerState.java:setLeader(269)) - e76b1ec9-b399-499f-a8ce-a1f080404f38@group-FF386EC77000: change Leader from null to e76b1ec9-b399-499f-a8ce-a1f080404f38 at term 1 for becomeLeader, leader elected after 5184ms
2024-03-15 21:39:07,297 [e76b1ec9-b399-499f-a8ce-a1f080404f38@group-FF386EC77000-LeaderElection30] INFO  segmented.SegmentedRaftLogWorker (SegmentedRaftLogWorker.java:startLogSegment(430)) - e76b1ec9-b399-499f-a8ce-a1f080404f38@group-FF386EC77000-SegmentedRaftLogWorker: Starting segment from index:0
2024-03-15 21:39:07,299 [e76b1ec9-b399-499f-a8ce-a1f080404f38@group-FF386EC77000-LeaderElection30] INFO  server.RaftServer$Division (ServerState.java:setRaftConf(386)) - e76b1ec9-b399-499f-a8ce-a1f080404f38@group-FF386EC77000: set configuration 0: peers:[e952460c-8236-4bec-b567-d040e1d0e4f9|10.1.0.11:15157, 8b353431-6b66-4460-9602-55c815b93317|10.1.0.11:15175, e76b1ec9-b399-499f-a8ce-a1f080404f38|10.1.0.11:15166]|listeners:[], old=null
2024-03-15 21:39:07,299 [EventQueue-PipelineReportForPipelineReportHandler] INFO  pipeline.PipelineReportHandler (PipelineReportHandler.java:processPipelineReport(136)) - Opened pipeline PipelineID=d0b92eac-8624-4392-91d7-ff386ec77000
2024-03-15 21:39:07,299 [e76b1ec9-b399-499f-a8ce-a1f080404f38@group-FF386EC77000-SegmentedRaftLogWorker] INFO  segmented.BufferedWriteChannel (BufferedWriteChannel.java:open(62)) - open log_inprogress_0 at position 0
2024-03-15 21:39:07,306 [IPC Server handler 0 on default port 15089] INFO  ha.SequenceIdGenerator (SequenceIdGenerator.java:getNextId(145)) - Allocate a batch for containerId, change lastId from 0 to 1000.
2024-03-15 21:39:07,306 [e76b1ec9-b399-499f-a8ce-a1f080404f38@group-FF386EC77000-SegmentedRaftLogWorker] INFO  segmented.SegmentedRaftLogWorker (SegmentedRaftLogWorker.java:execute(634)) - e76b1ec9-b399-499f-a8ce-a1f080404f38@group-FF386EC77000-SegmentedRaftLogWorker: created new log segment /home/runner/work/ozone/ozone/hadoop-ozone/integration-test/target/test-dir/MiniOzoneClusterImpl-3a4de177-78ca-4f6d-b60b-6b5c736a6a4e/ozone-meta/datanode-8/ratis/d0b92eac-8624-4392-91d7-ff386ec77000/current/log_inprogress_0
2024-03-15 21:39:07,314 [e952460c-8236-4bec-b567-d040e1d0e4f9-server-thread1] INFO  ratis.XceiverServerRatis (XceiverServerRatis.java:handleLeaderChangedNotification(966)) - Leader change notification received for group: group-FF386EC77000 with new leaderId: e76b1ec9-b399-499f-a8ce-a1f080404f38
2024-03-15 21:39:07,314 [8b353431-6b66-4460-9602-55c815b93317-server-thread2] INFO  ratis.XceiverServerRatis (XceiverServerRatis.java:handleLeaderChangedNotification(966)) - Leader change notification received for group: group-FF386EC77000 with new leaderId: e76b1ec9-b399-499f-a8ce-a1f080404f38
2024-03-15 21:39:07,314 [8b353431-6b66-4460-9602-55c815b93317-server-thread2] INFO  server.RaftServer$Division (ServerState.java:setLeader(269)) - 8b353431-6b66-4460-9602-55c815b93317@group-FF386EC77000: change Leader from null to e76b1ec9-b399-499f-a8ce-a1f080404f38 at term 1 for appendEntries, leader elected after 5231ms
2024-03-15 21:39:07,314 [e952460c-8236-4bec-b567-d040e1d0e4f9-server-thread1] INFO  server.RaftServer$Division (ServerState.java:setLeader(269)) - e952460c-8236-4bec-b567-d040e1d0e4f9@group-FF386EC77000: change Leader from null to e76b1ec9-b399-499f-a8ce-a1f080404f38 at term 1 for appendEntries, leader elected after 5254ms
2024-03-15 21:39:07,316 [8b353431-6b66-4460-9602-55c815b93317-server-thread2] INFO  server.RaftServer$Division (ServerState.java:setRaftConf(386)) - 8b353431-6b66-4460-9602-55c815b93317@group-FF386EC77000: set configuration 0: peers:[e952460c-8236-4bec-b567-d040e1d0e4f9|10.1.0.11:15157, 8b353431-6b66-4460-9602-55c815b93317|10.1.0.11:15175, e76b1ec9-b399-499f-a8ce-a1f080404f38|10.1.0.11:15166]|listeners:[], old=null
2024-03-15 21:39:07,316 [8b353431-6b66-4460-9602-55c815b93317-server-thread2] INFO  segmented.SegmentedRaftLogWorker (SegmentedRaftLogWorker.java:startLogSegment(430)) - 8b353431-6b66-4460-9602-55c815b93317@group-FF386EC77000-SegmentedRaftLogWorker: Starting segment from index:0
2024-03-15 21:39:07,319 [e952460c-8236-4bec-b567-d040e1d0e4f9-server-thread2] INFO  server.RaftServer$Division (ServerState.java:setRaftConf(386)) - e952460c-8236-4bec-b567-d040e1d0e4f9@group-FF386EC77000: set configuration 0: peers:[e952460c-8236-4bec-b567-d040e1d0e4f9|10.1.0.11:15157, 8b353431-6b66-4460-9602-55c815b93317|10.1.0.11:15175, e76b1ec9-b399-499f-a8ce-a1f080404f38|10.1.0.11:15166]|listeners:[], old=null
2024-03-15 21:39:07,320 [e952460c-8236-4bec-b567-d040e1d0e4f9-server-thread2] INFO  segmented.SegmentedRaftLogWorker (SegmentedRaftLogWorker.java:startLogSegment(430)) - e952460c-8236-4bec-b567-d040e1d0e4f9@group-FF386EC77000-SegmentedRaftLogWorker: Starting segment from index:0
2024-03-15 21:39:07,321 [e952460c-8236-4bec-b567-d040e1d0e4f9@group-FF386EC77000-SegmentedRaftLogWorker] INFO  segmented.BufferedWriteChannel (BufferedWriteChannel.java:open(62)) - open log_inprogress_0 at position 0
2024-03-15 21:39:07,323 [8b353431-6b66-4460-9602-55c815b93317@group-FF386EC77000-SegmentedRaftLogWorker] INFO  segmented.BufferedWriteChannel (BufferedWriteChannel.java:open(62)) - open log_inprogress_0 at position 0
2024-03-15 21:39:07,328 [e952460c-8236-4bec-b567-d040e1d0e4f9@group-FF386EC77000-SegmentedRaftLogWorker] INFO  segmented.SegmentedRaftLogWorker (SegmentedRaftLogWorker.java:execute(634)) - e952460c-8236-4bec-b567-d040e1d0e4f9@group-FF386EC77000-SegmentedRaftLogWorker: created new log segment /home/runner/work/ozone/ozone/hadoop-ozone/integration-test/target/test-dir/MiniOzoneClusterImpl-3a4de177-78ca-4f6d-b60b-6b5c736a6a4e/ozone-meta/datanode-7/ratis/d0b92eac-8624-4392-91d7-ff386ec77000/current/log_inprogress_0
2024-03-15 21:39:07,331 [8b353431-6b66-4460-9602-55c815b93317@group-FF386EC77000-SegmentedRaftLogWorker] INFO  segmented.SegmentedRaftLogWorker (SegmentedRaftLogWorker.java:execute(634)) - 8b353431-6b66-4460-9602-55c815b93317@group-FF386EC77000-SegmentedRaftLogWorker: created new log segment /home/runner/work/ozone/ozone/hadoop-ozone/integration-test/target/test-dir/MiniOzoneClusterImpl-3a4de177-78ca-4f6d-b60b-6b5c736a6a4e/ozone-meta/datanode-9/ratis/d0b92eac-8624-4392-91d7-ff386ec77000/current/log_inprogress_0
2024-03-15 21:39:07,334 [e76b1ec9-b399-499f-a8ce-a1f080404f38@group-FF386EC77000-StateMachineUpdater] INFO  server.RaftServer$Division (LeaderStateImpl.java:isApplied(320)) - leader is ready since appliedIndex == 0 >= startIndex == 0
2024-03-15 21:39:07,335 [grpc-default-executor-2] ERROR impl.OrderedAsync (OrderedAsync.java:lambda$sendRequest$9(247)) - client-DA8BCC3BDE38: Failed* RaftClientRequest:client-DA8BCC3BDE38->e76b1ec9-b399-499f-a8ce-a1f080404f38@group-FF386EC77000, cid=46, seq=1*, Watch(0), null
java.util.concurrent.CompletionException: org.apache.ratis.protocol.exceptions.LeaderNotReadyException: e76b1ec9-b399-499f-a8ce-a1f080404f38@group-FF386EC77000 is in LEADER state but not ready yet.
	at java.util.concurrent.CompletableFuture.encodeThrowable(CompletableFuture.java:292)
	at java.util.concurrent.CompletableFuture.completeThrowable(CompletableFuture.java:308)
	at java.util.concurrent.CompletableFuture.uniApply(CompletableFuture.java:607)
	at java.util.concurrent.CompletableFuture$UniApply.tryFire(CompletableFuture.java:591)
	at java.util.concurrent.CompletableFuture.postComplete(CompletableFuture.java:488)
	at java.util.concurrent.CompletableFuture.completeExceptionally(CompletableFuture.java:1990)
	at org.apache.ratis.grpc.client.GrpcClientProtocolClient$AsyncStreamObservers.completeReplyExceptionally(GrpcClientProtocolClient.java:394)
	at org.apache.ratis.grpc.client.GrpcClientProtocolClient$AsyncStreamObservers.access$000(GrpcClientProtocolClient.java:300)
	at org.apache.ratis.grpc.client.GrpcClientProtocolClient$AsyncStreamObservers$1.onNext(GrpcClientProtocolClient.java:319)
	at org.apache.ratis.grpc.client.GrpcClientProtocolClient$AsyncStreamObservers$1.onNext(GrpcClientProtocolClient.java:305)
	at org.apache.ratis.thirdparty.io.grpc.stub.ClientCalls$StreamObserverToCallListenerAdapter.onMessage(ClientCalls.java:468)
	at org.apache.ratis.thirdparty.io.grpc.ForwardingClientCallListener.onMessage(ForwardingClientCallListener.java:33)
	at org.apache.ratis.thirdparty.io.grpc.internal.ClientCallImpl$ClientStreamListenerImpl$1MessagesAvailable.runInternal(ClientCallImpl.java:660)
	at org.apache.ratis.thirdparty.io.grpc.internal.ClientCallImpl$ClientStreamListenerImpl$1MessagesAvailable.runInContext(ClientCallImpl.java:647)
	at org.apache.ratis.thirdparty.io.grpc.internal.ContextRunnable.run(ContextRunnable.java:37)
	at org.apache.ratis.thirdparty.io.grpc.internal.SerializingExecutor.run(SerializingExecutor.java:133)
	at java.util.concurrent.ThreadPoolExecutor.runWorker(ThreadPoolExecutor.java:1149)
	at java.util.concurrent.ThreadPoolExecutor$Worker.run(ThreadPoolExecutor.java:624)
	at java.lang.Thread.run(Thread.java:750)
Caused by: org.apache.ratis.protocol.exceptions.LeaderNotReadyException: e76b1ec9-b399-499f-a8ce-a1f080404f38@group-FF386EC77000 is in LEADER state but not ready yet.
	at org.apache.ratis.client.impl.ClientProtoUtils.toRaftClientReply(ClientProtoUtils.java:407)
	at org.apache.ratis.grpc.client.GrpcClientProtocolClient$AsyncStreamObservers$1.onNext(GrpcClientProtocolClient.java:310)
	... 10 more
2024-03-15 21:39:07,433 [8b353431-6b66-4460-9602-55c815b93317@group-33D64F3E057E-FollowerState] INFO  impl.FollowerState (FollowerState.java:run(143)) - 8b353431-6b66-4460-9602-55c815b93317@group-33D64F3E057E-FollowerState: change to CANDIDATE, lastRpcElapsedTime:5174452896ns, electionTimeout:5174ms
2024-03-15 21:39:07,433 [8b353431-6b66-4460-9602-55c815b93317@group-33D64F3E057E-FollowerState] INFO  impl.RoleInfo (RoleInfo.java:shutdownFollowerState(110)) - 8b353431-6b66-4460-9602-55c815b93317: shutdown 8b353431-6b66-4460-9602-55c815b93317@group-33D64F3E057E-FollowerState
2024-03-15 21:39:07,433 [8b353431-6b66-4460-9602-55c815b93317@group-33D64F3E057E-FollowerState] INFO  server.RaftServer$Division (RaftServerImpl.java:setRole(383)) - 8b353431-6b66-4460-9602-55c815b93317@group-33D64F3E057E: changes role from  FOLLOWER to CANDIDATE at term 0 for changeToCandidate
2024-03-15 21:39:07,433 [8b353431-6b66-4460-9602-55c815b93317@group-33D64F3E057E-FollowerState] INFO  server.RaftServerConfigKeys (ConfUtils.java:logGet(46)) - raft.server.leaderelection.pre-vote = true (default)
2024-03-15 21:39:07,433 [8b353431-6b66-4460-9602-55c815b93317@group-33D64F3E057E-FollowerState] INFO  impl.RoleInfo (RoleInfo.java:updateAndGet(139)) - 8b353431-6b66-4460-9602-55c815b93317: start 8b353431-6b66-4460-9602-55c815b93317@group-33D64F3E057E-LeaderElection31
2024-03-15 21:39:07,434 [8b353431-6b66-4460-9602-55c815b93317@group-33D64F3E057E-LeaderElection31] INFO  impl.LeaderElection (LeaderElection.java:askForVotes(321)) - 8b353431-6b66-4460-9602-55c815b93317@group-33D64F3E057E-LeaderElection31 PRE_VOTE round 0: submit vote requests at term 0 for -1: peers:[8b353431-6b66-4460-9602-55c815b93317|10.1.0.11:15175]|listeners:[], old=null
2024-03-15 21:39:07,434 [8b353431-6b66-4460-9602-55c815b93317@group-33D64F3E057E-LeaderElection31] INFO  impl.LeaderElection (LeaderElection.java:askForVotes(323)) - 8b353431-6b66-4460-9602-55c815b93317@group-33D64F3E057E-LeaderElection31 PRE_VOTE round 0: result PASSED (term=0)
2024-03-15 21:39:07,435 [8b353431-6b66-4460-9602-55c815b93317@group-33D64F3E057E-LeaderElection31] INFO  impl.LeaderElection (LeaderElection.java:askForVotes(321)) - 8b353431-6b66-4460-9602-55c815b93317@group-33D64F3E057E-LeaderElection31 ELECTION round 0: submit vote requests at term 1 for -1: peers:[8b353431-6b66-4460-9602-55c815b93317|10.1.0.11:15175]|listeners:[], old=null
2024-03-15 21:39:07,435 [8b353431-6b66-4460-9602-55c815b93317@group-33D64F3E057E-LeaderElection31] INFO  impl.LeaderElection (LeaderElection.java:askForVotes(323)) - 8b353431-6b66-4460-9602-55c815b93317@group-33D64F3E057E-LeaderElection31 ELECTION round 0: result PASSED (term=1)
2024-03-15 21:39:07,435 [8b353431-6b66-4460-9602-55c815b93317@group-33D64F3E057E-LeaderElection31] INFO  impl.RoleInfo (RoleInfo.java:shutdownLeaderElection(130)) - 8b353431-6b66-4460-9602-55c815b93317: shutdown 8b353431-6b66-4460-9602-55c815b93317@group-33D64F3E057E-LeaderElection31
2024-03-15 21:39:07,435 [8b353431-6b66-4460-9602-55c815b93317@group-33D64F3E057E-LeaderElection31] INFO  server.RaftServer$Division (RaftServerImpl.java:setRole(383)) - 8b353431-6b66-4460-9602-55c815b93317@group-33D64F3E057E: changes role from CANDIDATE to LEADER at term 1 for changeToLeader
2024-03-15 21:39:07,435 [8b353431-6b66-4460-9602-55c815b93317@group-33D64F3E057E-LeaderElection31] INFO  server.RaftServerConfigKeys (ConfUtils.java:logGet(46)) - raft.server.staging.catchup.gap = 1000 (default)
2024-03-15 21:39:07,435 [8b353431-6b66-4460-9602-55c815b93317@group-33D64F3E057E-LeaderElection31] INFO  server.RaftServerConfigKeys (ConfUtils.java:logGet(46)) - raft.server.write.element-limit = 1024 (custom)
2024-03-15 21:39:07,436 [8b353431-6b66-4460-9602-55c815b93317@group-33D64F3E057E-LeaderElection31] INFO  server.RaftServerConfigKeys (ConfUtils.java:logGet(46)) - raft.server.write.byte-limit = 1024 M (=1073741824) (custom)
2024-03-15 21:39:07,436 [8b353431-6b66-4460-9602-55c815b93317@group-33D64F3E057E-LeaderElection31] INFO  server.RaftServerConfigKeys (ConfUtils.java:logGet(46)) - raft.server.watch.timeout = 3000ms (custom)
2024-03-15 21:39:07,436 [8b353431-6b66-4460-9602-55c815b93317@group-33D64F3E057E-LeaderElection31] INFO  server.RaftServerConfigKeys (ConfUtils.java:logGet(46)) - raft.server.watch.timeout.denomination = 1s (default)
2024-03-15 21:39:07,436 [8b353431-6b66-4460-9602-55c815b93317@group-33D64F3E057E-LeaderElection31] INFO  server.RaftServerConfigKeys (ConfUtils.java:logGet(46)) - raft.server.watch.element-limit = 65536 (default)
2024-03-15 21:39:07,436 [8b353431-6b66-4460-9602-55c815b93317@group-33D64F3E057E-LeaderElection31] INFO  server.RaftServerConfigKeys (ConfUtils.java:logGet(46)) - raft.server.read.leader.lease.enabled = false (default)
2024-03-15 21:39:07,436 [8b353431-6b66-4460-9602-55c815b93317@group-33D64F3E057E-LeaderElection31] INFO  server.RaftServerConfigKeys (ConfUtils.java:logGet(46)) - raft.server.read.leader.lease.timeout.ratio = 0.9 (default)
2024-03-15 21:39:07,436 [8b353431-6b66-4460-9602-55c815b93317@group-33D64F3E057E-LeaderElection31] INFO  server.RaftServerConfigKeys (ConfUtils.java:logGet(46)) - raft.server.rpc.timeout.min = 5s (custom)
2024-03-15 21:39:07,436 [8b353431-6b66-4460-9602-55c815b93317@group-33D64F3E057E-LeaderElection31] INFO  server.RaftServerConfigKeys (ConfUtils.java:logGet(46)) - raft.server.write.element-limit = 1024 (custom)
2024-03-15 21:39:07,436 [8b353431-6b66-4460-9602-55c815b93317@group-33D64F3E057E-LeaderElection31] INFO  server.RaftServerConfigKeys (ConfUtils.java:logGet(46)) - raft.server.write.follower.gap.ratio.max = -1.0 (default)
2024-03-15 21:39:07,436 [8b353431-6b66-4460-9602-55c815b93317@group-33D64F3E057E-LeaderElection31] INFO  impl.RoleInfo (RoleInfo.java:updateAndGet(139)) - 8b353431-6b66-4460-9602-55c815b93317: start 8b353431-6b66-4460-9602-55c815b93317@group-33D64F3E057E-LeaderStateImpl
2024-03-15 21:39:07,436 [8b353431-6b66-4460-9602-55c815b93317@group-33D64F3E057E-LeaderElection31] INFO  server.RaftServer$Division (RaftServerImpl.java:setFirstElection(574)) - 8b353431-6b66-4460-9602-55c815b93317@group-33D64F3E057E: set firstElectionSinceStartup to false for becomeLeader
2024-03-15 21:39:07,436 [8b353431-6b66-4460-9602-55c815b93317@group-33D64F3E057E-LeaderElection31] INFO  ratis.XceiverServerRatis (XceiverServerRatis.java:handleLeaderChangedNotification(966)) - Leader change notification received for group: group-33D64F3E057E with new leaderId: 8b353431-6b66-4460-9602-55c815b93317
2024-03-15 21:39:07,437 [8b353431-6b66-4460-9602-55c815b93317@group-33D64F3E057E-LeaderElection31] INFO  server.RaftServer$Division (ServerState.java:setLeader(269)) - 8b353431-6b66-4460-9602-55c815b93317@group-33D64F3E057E: change Leader from null to 8b353431-6b66-4460-9602-55c815b93317 at term 1 for becomeLeader, leader elected after 5189ms
2024-03-15 21:39:07,437 [8b353431-6b66-4460-9602-55c815b93317@group-33D64F3E057E-LeaderElection31] INFO  segmented.SegmentedRaftLogWorker (SegmentedRaftLogWorker.java:startLogSegment(430)) - 8b353431-6b66-4460-9602-55c815b93317@group-33D64F3E057E-SegmentedRaftLogWorker: Starting segment from index:0
2024-03-15 21:39:07,438 [8b353431-6b66-4460-9602-55c815b93317@group-33D64F3E057E-SegmentedRaftLogWorker] INFO  segmented.BufferedWriteChannel (BufferedWriteChannel.java:open(62)) - open log_inprogress_0 at position 0
2024-03-15 21:39:07,441 [8b353431-6b66-4460-9602-55c815b93317@group-33D64F3E057E-LeaderElection31] INFO  server.RaftServer$Division (ServerState.java:setRaftConf(386)) - 8b353431-6b66-4460-9602-55c815b93317@group-33D64F3E057E: set configuration 0: peers:[8b353431-6b66-4460-9602-55c815b93317|10.1.0.11:15175]|listeners:[], old=null
2024-03-15 21:39:07,445 [8b353431-6b66-4460-9602-55c815b93317@group-33D64F3E057E-SegmentedRaftLogWorker] INFO  segmented.SegmentedRaftLogWorker (SegmentedRaftLogWorker.java:execute(634)) - 8b353431-6b66-4460-9602-55c815b93317@group-33D64F3E057E-SegmentedRaftLogWorker: created new log segment /home/runner/work/ozone/ozone/hadoop-ozone/integration-test/target/test-dir/MiniOzoneClusterImpl-3a4de177-78ca-4f6d-b60b-6b5c736a6a4e/ozone-meta/datanode-9/ratis/1cdcb637-a27b-4e5f-a9d3-33d64f3e057e/current/log_inprogress_0
2024-03-15 21:39:07,447 [8b353431-6b66-4460-9602-55c815b93317@group-33D64F3E057E-StateMachineUpdater] INFO  server.RaftServer$Division (LeaderStateImpl.java:isApplied(320)) - leader is ready since appliedIndex == 0 >= startIndex == 0
2024-03-15 21:39:14,810 [timer6] ERROR impl.OrderedAsync (OrderedAsync.java:lambda$sendRequest$9(247)) - client-DA8BCC3BDE38: Failed* RaftClientRequest:client-DA8BCC3BDE38->e76b1ec9-b399-499f-a8ce-a1f080404f38@group-FF386EC77000, cid=46, seq=1*, Watch(0), null
java.util.concurrent.CompletionException: org.apache.ratis.protocol.exceptions.AlreadyClosedException: client-DA8BCC3BDE38->e76b1ec9-b399-499f-a8ce-a1f080404f38 is closed.
	at java.util.concurrent.CompletableFuture.encodeThrowable(CompletableFuture.java:292)
	at java.util.concurrent.CompletableFuture.completeThrowable(CompletableFuture.java:308)
	at java.util.concurrent.CompletableFuture.uniApply(CompletableFuture.java:607)
	at java.util.concurrent.CompletableFuture.uniApplyStage(CompletableFuture.java:628)
	at java.util.concurrent.CompletableFuture.thenApply(CompletableFuture.java:1996)
	at org.apache.ratis.client.impl.OrderedAsync.sendRequest(OrderedAsync.java:239)
	at org.apache.ratis.client.impl.OrderedAsync.sendRequestWithRetry(OrderedAsync.java:203)
	at org.apache.ratis.util.SlidingWindow$Client.sendOrDelayRequest(SlidingWindow.java:312)
	at org.apache.ratis.util.SlidingWindow$Client.retry(SlidingWindow.java:328)
	at org.apache.ratis.client.impl.OrderedAsync.lambda$scheduleWithTimeout$6(OrderedAsync.java:227)
	at org.apache.ratis.util.TimeoutTimer.lambda$onTimeout$2(TimeoutTimer.java:101)
	at org.apache.ratis.util.LogUtils.runAndLog(LogUtils.java:38)
	at org.apache.ratis.util.LogUtils$1.run(LogUtils.java:78)
	at org.apache.ratis.util.TimeoutTimer$Task.run(TimeoutTimer.java:55)
	at java.util.TimerThread.mainLoop(Timer.java:555)
	at java.util.TimerThread.run(Timer.java:505)
Caused by: org.apache.ratis.protocol.exceptions.AlreadyClosedException: client-DA8BCC3BDE38->e76b1ec9-b399-499f-a8ce-a1f080404f38 is closed.
	at org.apache.ratis.grpc.client.GrpcClientProtocolClient$AsyncStreamObservers.onNext(GrpcClientProtocolClient.java:349)
	at org.apache.ratis.grpc.client.GrpcClientRpc.sendRequestAsync(GrpcClientRpc.java:71)
	... 11 more
2024-03-15 21:39:17,816 [grpc-default-executor-0] ERROR impl.OrderedAsync (OrderedAsync.java:lambda$sendRequest$9(247)) - client-DA8BCC3BDE38: Failed* RaftClientRequest:client-DA8BCC3BDE38->8b353431-6b66-4460-9602-55c815b93317@group-FF386EC77000, cid=46, seq=1*, Watch(0), null
java.util.concurrent.CompletionException: org.apache.ratis.protocol.exceptions.NotLeaderException: Server 8b353431-6b66-4460-9602-55c815b93317@group-FF386EC77000 is not the leader e76b1ec9-b399-499f-a8ce-a1f080404f38|10.1.0.11:15166
	at java.util.concurrent.CompletableFuture.encodeThrowable(CompletableFuture.java:292)
	at java.util.concurrent.CompletableFuture.completeThrowable(CompletableFuture.java:308)
	at java.util.concurrent.CompletableFuture.uniApply(CompletableFuture.java:607)
	at java.util.concurrent.CompletableFuture$UniApply.tryFire(CompletableFuture.java:591)
	at java.util.concurrent.CompletableFuture.postComplete(CompletableFuture.java:488)
	at java.util.concurrent.CompletableFuture.completeExceptionally(CompletableFuture.java:1990)
	at org.apache.ratis.grpc.client.GrpcClientProtocolClient$AsyncStreamObservers.completeReplyExceptionally(GrpcClientProtocolClient.java:394)
	at org.apache.ratis.grpc.client.GrpcClientProtocolClient$AsyncStreamObservers.access$000(GrpcClientProtocolClient.java:300)
	at org.apache.ratis.grpc.client.GrpcClientProtocolClient$AsyncStreamObservers$1.onNext(GrpcClientProtocolClient.java:314)
	at org.apache.ratis.grpc.client.GrpcClientProtocolClient$AsyncStreamObservers$1.onNext(GrpcClientProtocolClient.java:305)
	at org.apache.ratis.thirdparty.io.grpc.stub.ClientCalls$StreamObserverToCallListenerAdapter.onMessage(ClientCalls.java:468)
	at org.apache.ratis.thirdparty.io.grpc.ForwardingClientCallListener.onMessage(ForwardingClientCallListener.java:33)
	at org.apache.ratis.thirdparty.io.grpc.internal.DelayedClientCall$DelayedListener.onMessage(DelayedClientCall.java:473)
	at org.apache.ratis.thirdparty.io.grpc.internal.ClientCallImpl$ClientStreamListenerImpl$1MessagesAvailable.runInternal(ClientCallImpl.java:660)
	at org.apache.ratis.thirdparty.io.grpc.internal.ClientCallImpl$ClientStreamListenerImpl$1MessagesAvailable.runInContext(ClientCallImpl.java:647)
	at org.apache.ratis.thirdparty.io.grpc.internal.ContextRunnable.run(ContextRunnable.java:37)
	at org.apache.ratis.thirdparty.io.grpc.internal.SerializingExecutor.run(SerializingExecutor.java:133)
	at java.util.concurrent.ThreadPoolExecutor.runWorker(ThreadPoolExecutor.java:1149)
	at java.util.concurrent.ThreadPoolExecutor$Worker.run(ThreadPoolExecutor.java:624)
	at java.lang.Thread.run(Thread.java:750)
Caused by: org.apache.ratis.protocol.exceptions.NotLeaderException: Server 8b353431-6b66-4460-9602-55c815b93317@group-FF386EC77000 is not the leader e76b1ec9-b399-499f-a8ce-a1f080404f38|10.1.0.11:15166
	at org.apache.ratis.client.impl.ClientProtoUtils.toRaftClientReply(ClientProtoUtils.java:397)
	at org.apache.ratis.grpc.client.GrpcClientProtocolClient$AsyncStreamObservers$1.onNext(GrpcClientProtocolClient.java:310)
	... 11 more
2024-03-15 21:39:17,817 [grpc-default-executor-0] ERROR impl.OrderedAsync (OrderedAsync.java:lambda$send$4(179)) - Failed to send request, message=null
java.util.concurrent.CompletionException: org.apache.ratis.protocol.exceptions.RaftRetryFailureException: Failed RaftClientRequest:client-DA8BCC3BDE38->8b353431-6b66-4460-9602-55c815b93317@group-FF386EC77000, cid=46, seq=1*, Watch(0), null for 3 attempts with RequestTypeDependentRetryPolicy{WRITE->ExceptionDependentRetry(maxAttempts=2147483647; defaultPolicy=MultipleLinearRandomRetry[5x5s, 5x10s, 5x15s, 5x20s, 5x25s, 10x60s]; map={org.apache.ratis.protocol.exceptions.GroupMismatchException->NoRetry, org.apache.ratis.protocol.exceptions.NotReplicatedException->NoRetry, org.apache.ratis.protocol.exceptions.ResourceUnavailableException->org.apache.ratis.retry.ExponentialBackoffRetry@66a7337a, org.apache.ratis.protocol.exceptions.StateMachineException->NoRetry, org.apache.ratis.protocol.exceptions.TimeoutIOException->org.apache.ratis.retry.ExponentialBackoffRetry@66a7337a}), WATCH->ExceptionDependentRetry(maxAttempts=2147483647; defaultPolicy=MultipleLinearRandomRetry[5x5s, 5x10s, 5x15s, 5x20s, 5x25s, 10x60s]; map={org.apache.ratis.protocol.exceptions.GroupMismatchException->NoRetry, org.apache.ratis.protocol.exceptions.NotReplicatedException->NoRetry, org.apache.ratis.protocol.exceptions.ResourceUnavailableException->org.apache.ratis.retry.ExponentialBackoffRetry@66a7337a, org.apache.ratis.protocol.exceptions.StateMachineException->NoRetry, org.apache.ratis.protocol.exceptions.TimeoutIOException->NoRetry})}
	at java.util.concurrent.CompletableFuture.encodeThrowable(CompletableFuture.java:292)
	at java.util.concurrent.CompletableFuture.completeThrowable(CompletableFuture.java:308)
	at java.util.concurrent.CompletableFuture.uniApply(CompletableFuture.java:607)
	at java.util.concurrent.CompletableFuture$UniApply.tryFire(CompletableFuture.java:591)
	at java.util.concurrent.CompletableFuture.postComplete(CompletableFuture.java:488)
	at java.util.concurrent.CompletableFuture.completeExceptionally(CompletableFuture.java:1990)
	at org.apache.ratis.client.impl.OrderedAsync$PendingOrderedRequest.fail(OrderedAsync.java:105)
	at org.apache.ratis.util.SlidingWindow$Client.fail(SlidingWindow.java:392)
	at org.apache.ratis.client.impl.OrderedAsync.failAllAsyncRequests(OrderedAsync.java:149)
	at org.apache.ratis.client.impl.OrderedAsync.handleAsyncRetryFailure(OrderedAsync.java:153)
	at org.apache.ratis.client.impl.OrderedAsync.lambda$sendRequest$9(OrderedAsync.java:253)
	at java.util.concurrent.CompletableFuture.uniExceptionally(CompletableFuture.java:884)
	at java.util.concurrent.CompletableFuture$UniExceptionally.tryFire(CompletableFuture.java:866)
	at java.util.concurrent.CompletableFuture.postComplete(CompletableFuture.java:488)
	at java.util.concurrent.CompletableFuture.completeExceptionally(CompletableFuture.java:1990)
	at org.apache.ratis.grpc.client.GrpcClientProtocolClient$AsyncStreamObservers.completeReplyExceptionally(GrpcClientProtocolClient.java:394)
	at org.apache.ratis.grpc.client.GrpcClientProtocolClient$AsyncStreamObservers.access$000(GrpcClientProtocolClient.java:300)
	at org.apache.ratis.grpc.client.GrpcClientProtocolClient$AsyncStreamObservers$1.onNext(GrpcClientProtocolClient.java:314)
	at org.apache.ratis.grpc.client.GrpcClientProtocolClient$AsyncStreamObservers$1.onNext(GrpcClientProtocolClient.java:305)
	at org.apache.ratis.thirdparty.io.grpc.stub.ClientCalls$StreamObserverToCallListenerAdapter.onMessage(ClientCalls.java:468)
	at org.apache.ratis.thirdparty.io.grpc.ForwardingClientCallListener.onMessage(ForwardingClientCallListener.java:33)
	at org.apache.ratis.thirdparty.io.grpc.internal.DelayedClientCall$DelayedListener.onMessage(DelayedClientCall.java:473)
	at org.apache.ratis.thirdparty.io.grpc.internal.ClientCallImpl$ClientStreamListenerImpl$1MessagesAvailable.runInternal(ClientCallImpl.java:660)
	at org.apache.ratis.thirdparty.io.grpc.internal.ClientCallImpl$ClientStreamListenerImpl$1MessagesAvailable.runInContext(ClientCallImpl.java:647)
	at org.apache.ratis.thirdparty.io.grpc.internal.ContextRunnable.run(ContextRunnable.java:37)
	at org.apache.ratis.thirdparty.io.grpc.internal.SerializingExecutor.run(SerializingExecutor.java:133)
	at java.util.concurrent.ThreadPoolExecutor.runWorker(ThreadPoolExecutor.java:1149)
	at java.util.concurrent.ThreadPoolExecutor$Worker.run(ThreadPoolExecutor.java:624)
	at java.lang.Thread.run(Thread.java:750)
Caused by: org.apache.ratis.protocol.exceptions.RaftRetryFailureException: Failed RaftClientRequest:client-DA8BCC3BDE38->8b353431-6b66-4460-9602-55c815b93317@group-FF386EC77000, cid=46, seq=1*, Watch(0), null for 3 attempts with RequestTypeDependentRetryPolicy{WRITE->ExceptionDependentRetry(maxAttempts=2147483647; defaultPolicy=MultipleLinearRandomRetry[5x5s, 5x10s, 5x15s, 5x20s, 5x25s, 10x60s]; map={org.apache.ratis.protocol.exceptions.GroupMismatchException->NoRetry, org.apache.ratis.protocol.exceptions.NotReplicatedException->NoRetry, org.apache.ratis.protocol.exceptions.ResourceUnavailableException->org.apache.ratis.retry.ExponentialBackoffRetry@66a7337a, org.apache.ratis.protocol.exceptions.StateMachineException->NoRetry, org.apache.ratis.protocol.exceptions.TimeoutIOException->org.apache.ratis.retry.ExponentialBackoffRetry@66a7337a}), WATCH->ExceptionDependentRetry(maxAttempts=2147483647; defaultPolicy=MultipleLinearRandomRetry[5x5s, 5x10s, 5x15s, 5x20s, 5x25s, 10x60s]; map={org.apache.ratis.protocol.exceptions.GroupMismatchException->NoRetry, org.apache.ratis.protocol.exceptions.NotReplicatedException->NoRetry, org.apache.ratis.protocol.exceptions.ResourceUnavailableException->org.apache.ratis.retry.ExponentialBackoffRetry@66a7337a, org.apache.ratis.protocol.exceptions.StateMachineException->NoRetry, org.apache.ratis.protocol.exceptions.TimeoutIOException->NoRetry})}
	at org.apache.ratis.client.impl.RaftClientImpl.noMoreRetries(RaftClientImpl.java:353)
	... 20 more
Caused by: org.apache.ratis.protocol.exceptions.NotLeaderException: Server 8b353431-6b66-4460-9602-55c815b93317@group-FF386EC77000 is not the leader e76b1ec9-b399-499f-a8ce-a1f080404f38|10.1.0.11:15166
	at org.apache.ratis.client.impl.ClientProtoUtils.toRaftClientReply(ClientProtoUtils.java:397)
	at org.apache.ratis.grpc.client.GrpcClientProtocolClient$AsyncStreamObservers$1.onNext(GrpcClientProtocolClient.java:310)
	... 11 more
2024-03-15 21:39:17,818 [grpc-default-executor-0] ERROR impl.OrderedAsync (OrderedAsync.java:lambda$send$4(177)) - Failed to send request, message=cmdType: CreateContainer
traceID: ""
containerID: 1
datanodeUuid: "e952460c-8236-4bec-b567-d040e1d0e4f9"
createContainer {
}
, data.size=0 due to java.util.concurrent.CompletionException: org.apache.ratis.protocol.exceptions.AlreadyClosedException: SlidingWindow$Client:client-DA8BCC3BDE38->RAFT is closed.
2024-03-15 21:39:17,821 [main] INFO  ozone.MiniOzoneClusterImpl (MiniOzoneClusterImpl.java:shutdown(396)) - Shutting down the Mini Ozone Cluster
2024-03-15 21:39:17,821 [main] INFO  db.CodecTestUtil (CodecTestUtil.java:gc(50)) - gc 0
2024-03-15 21:39:18,129 [main] INFO  ozone.MiniOzoneClusterImpl (MiniOzoneClusterImpl.java:stop(412)) - Stopping the Mini Ozone Cluster
2024-03-15 21:39:18,129 [main] INFO  om.OzoneManager (OzoneManager.java:stop(2235)) - om1[localhost:15093]: Stopping Ozone Manager
2024-03-15 21:39:18,129 [main] INFO  ipc.Server (Server.java:stop(3523)) - Stopping server on 15093
2024-03-15 21:39:18,132 [IPC Server Responder] INFO  ipc.Server (Server.java:run(1567)) - Stopping IPC Server Responder
2024-03-15 21:39:18,132 [main] INFO  ratis.OzoneManagerRatisServer (OzoneManagerRatisServer.java:stop(594)) - Stopping org.apache.hadoop.ozone.om.ratis.OzoneManagerRatisServer@88356d6 at port 15096
2024-03-15 21:39:18,132 [main] INFO  server.RaftServer (RaftServerProxy.java:lambda$close$9(416)) - om1: close
2024-03-15 21:39:18,132 [main] INFO  server.GrpcService (GrpcService.java:closeImpl(311)) - om1: shutdown server GrpcServerProtocolService now
2024-03-15 21:39:18,132 [om1-impl-thread1] INFO  server.RaftServer$Division (RaftServerImpl.java:lambda$close$3(526)) - om1@group-C5BA1605619E: shutdown
2024-03-15 21:39:18,133 [om1-impl-thread1] INFO  util.JmxRegister (JmxRegister.java:unregister(73)) - Successfully un-registered JMX Bean with object name Ratis:service=RaftServer,group=group-C5BA1605619E,id=om1
2024-03-15 21:39:18,133 [om1-impl-thread1] INFO  impl.RoleInfo (RoleInfo.java:shutdownLeaderState(94)) - om1: shutdown om1@group-C5BA1605619E-LeaderStateImpl
2024-03-15 21:39:18,133 [IPC Server listener on 15093] INFO  ipc.Server (Server.java:run(1434)) - Stopping IPC Server listener on 15093
2024-03-15 21:39:18,133 [om1-impl-thread1] INFO  impl.PendingRequests (PendingRequests.java:sendNotLeaderResponses(289)) - om1@group-C5BA1605619E-PendingRequests: sendNotLeaderResponses
2024-03-15 21:39:18,138 [main] INFO  server.GrpcService (GrpcService.java:closeImpl(320)) - om1: shutdown server GrpcServerProtocolService successfully
2024-03-15 21:39:18,140 [om1-impl-thread1] INFO  impl.StateMachineUpdater (StateMachineUpdater.java:stopAndJoin(157)) - om1@group-C5BA1605619E-StateMachineUpdater: set stopIndex = 4
2024-03-15 21:39:18,141 [om1@group-C5BA1605619E-StateMachineUpdater] INFO  ratis.OzoneManagerStateMachine (OzoneManagerStateMachine.java:takeSnapshotImpl(467)) -  applied = (t:1, i:3)
2024-03-15 21:39:18,141 [om1@group-C5BA1605619E-StateMachineUpdater] INFO  ratis.OzoneManagerStateMachine (OzoneManagerStateMachine.java:takeSnapshotImpl(468)) -  skipped = 3
2024-03-15 21:39:18,141 [om1@group-C5BA1605619E-StateMachineUpdater] INFO  ratis.OzoneManagerStateMachine (OzoneManagerStateMachine.java:takeSnapshotImpl(469)) - notified = (t:1, i:4)
2024-03-15 21:39:18,141 [om1@group-C5BA1605619E-StateMachineUpdater] INFO  ratis.OzoneManagerStateMachine (OzoneManagerStateMachine.java:takeSnapshotImpl(470)) - snapshot = (t:1, i:4)
2024-03-15 21:39:18,150 [om1@group-C5BA1605619E-StateMachineUpdater] INFO  impl.StateMachineUpdater (StateMachineUpdater.java:takeSnapshot(295)) - om1@group-C5BA1605619E-StateMachineUpdater: Took a snapshot at index 4
2024-03-15 21:39:18,150 [om1@group-C5BA1605619E-StateMachineUpdater] INFO  impl.StateMachineUpdater (StateMachineUpdater.java:lambda$new$0(98)) - om1@group-C5BA1605619E-StateMachineUpdater: snapshotIndex: updateIncreasingly -1 -> 4
2024-03-15 21:39:18,150 [om1@group-C5BA1605619E-StateMachineUpdater] INFO  ratis.OzoneManagerStateMachine (OzoneManagerStateMachine.java:close(513)) - Stopping OzoneManagerStateMachine:om1:group-C5BA1605619E.
2024-03-15 21:39:18,150 [om1@group-C5BA1605619E-StateMachineUpdater] INFO  ratis.OzoneManagerDoubleBuffer (OzoneManagerDoubleBuffer.java:stopDaemon(517)) - Stopping OMDoubleBuffer flush thread
2024-03-15 21:39:18,151 [om1-OMDoubleBufferFlushThread] INFO  ratis.OzoneManagerDoubleBuffer (OzoneManagerDoubleBuffer.java:canFlush(581)) - OMDoubleBuffer flush thread om1-OMDoubleBufferFlushThread is interrupted and will exit.
2024-03-15 21:39:18,151 [om1-impl-thread1] INFO  server.RaftServer$Division (ServerState.java:close(427)) - om1@group-C5BA1605619E: applyIndex: 3
2024-03-15 21:39:18,151 [om1@group-C5BA1605619E-cacheEviction-AwaitToRun] INFO  util.AwaitToRun (AwaitToRun.java:run(49)) - om1@group-C5BA1605619E-cacheEviction-AwaitToRun-AwaitForSignal is interrupted
2024-03-15 21:39:18,285 [om1-impl-thread1] INFO  segmented.SegmentedRaftLogWorker (SegmentedRaftLogWorker.java:close(245)) - om1@group-C5BA1605619E-SegmentedRaftLogWorker close()
2024-03-15 21:39:18,285 [JvmPauseMonitor12] INFO  util.JvmPauseMonitor (JvmPauseMonitor.java:run(152)) - JvmPauseMonitor-om1: Stopped
2024-03-15 21:39:18,286 [main] INFO  utils.BackgroundService (BackgroundService.java:shutdown(160)) - Shutting down service KeyDeletingService
2024-03-15 21:39:18,287 [main] INFO  utils.BackgroundService (BackgroundService.java:shutdown(160)) - Shutting down service DirectoryDeletingService
2024-03-15 21:39:18,287 [main] INFO  utils.BackgroundService (BackgroundService.java:shutdown(160)) - Shutting down service OpenKeyCleanupService
2024-03-15 21:39:18,287 [main] INFO  utils.BackgroundService (BackgroundService.java:shutdown(160)) - Shutting down service SstFilteringService
2024-03-15 21:39:18,288 [main] INFO  utils.BackgroundService (BackgroundService.java:shutdown(160)) - Shutting down service SnapshotDeletingService
2024-03-15 21:39:18,288 [main] INFO  utils.BackgroundService (BackgroundService.java:shutdown(160)) - Shutting down service MultipartUploadCleanupService
2024-03-15 21:39:18,288 [main] INFO  utils.BackgroundService (BackgroundService.java:shutdown(160)) - Shutting down service SnapshotDirectoryCleaningService
2024-03-15 21:39:18,289 [main] INFO  handler.ContextHandler (ContextHandler.java:doStop(1159)) - Stopped o.e.j.w.WebAppContext@29d55215{ozoneManager,/,null,STOPPED}{file:/home/runner/work/ozone/ozone/hadoop-ozone/integration-test/target/test-classes/webapps/ozoneManager}
2024-03-15 21:39:18,289 [main] INFO  server.AbstractConnector (AbstractConnector.java:doStop(383)) - Stopped ServerConnector@15fe3f22{HTTP/1.1, (http/1.1)}{0.0.0.0:15094}
2024-03-15 21:39:18,290 [main] INFO  server.session (HouseKeeper.java:stopScavenging(149)) - node0 Stopped scavenging
2024-03-15 21:39:18,290 [main] INFO  handler.ContextHandler (ContextHandler.java:doStop(1159)) - Stopped o.e.j.s.ServletContextHandler@47b00dbb{static,/static,file:///home/runner/work/ozone/ozone/hadoop-ozone/integration-test/target/test-classes/webapps/static,STOPPED}
2024-03-15 21:39:18,290 [main] INFO  handler.ContextHandler (ContextHandler.java:doStop(1159)) - Stopped o.e.j.s.ServletContextHandler@64b108b8{logs,/logs,file:///home/runner/work/ozone/ozone/hadoop-ozone/integration-test/target/log,STOPPED}
2024-03-15 21:39:18,291 [main] INFO  rocksdiff.RocksDBCheckpointDiffer (RocksDBCheckpointDiffer.java:close(310)) - Shutting down CompactionDagPruningService.
2024-03-15 21:39:18,292 [main] INFO  snapshot.SnapshotDiffManager (SnapshotDiffManager.java:closeExecutorService(1657)) - Shutting down executorService: 'SnapDiffExecutor'
2024-03-15 21:39:18,292 [main] INFO  utils.BackgroundService (BackgroundService.java:shutdown(160)) - Shutting down service SnapshotDiffCleanupService
2024-03-15 21:39:18,293 [main] INFO  ozone.MiniOzoneClusterImpl (MiniOzoneClusterImpl.java:stopDatanodes(471)) - Stopping the HddsDatanodes
2024-03-15 21:39:18,295 [main] INFO  ozoneimpl.OzoneContainer (OzoneContainer.java:stop(481)) - Attempting to stop container services.
2024-03-15 21:39:18,298 [ContainerMetadataScanner] WARN  ozoneimpl.AbstractBackgroundContainerScanner (AbstractBackgroundContainerScanner.java:handleRemainingSleep(134)) - Background container scan was interrupted.
2024-03-15 21:39:18,298 [ContainerMetadataScanner] INFO  ozoneimpl.AbstractBackgroundContainerScanner (AbstractBackgroundContainerScanner.java:run(61)) - Thread[ContainerMetadataScanner,5,main] exiting.
2024-03-15 21:39:18,301 [main] INFO  ozoneimpl.BackgroundContainerDataScanner (BackgroundContainerDataScanner.java:shutdown(141)) - ContainerDataScanner(/home/runner/work/ozone/ozone/hadoop-ozone/integration-test/target/test-dir/MiniOzoneClusterImpl-3a4de177-78ca-4f6d-b60b-6b5c736a6a4e/ozone-meta/datanode-6/data-0/hdds) is shutting down. 
2024-03-15 21:39:18,301 [ContainerDataScanner(/home/runner/work/ozone/ozone/hadoop-ozone/integration-test/target/test-dir/MiniOzoneClusterImpl-3a4de177-78ca-4f6d-b60b-6b5c736a6a4e/ozone-meta/datanode-6/data-0/hdds)] WARN  ozoneimpl.AbstractBackgroundContainerScanner (AbstractBackgroundContainerScanner.java:handleRemainingSleep(134)) - Background container scan was interrupted.
2024-03-15 21:39:18,301 [ContainerDataScanner(/home/runner/work/ozone/ozone/hadoop-ozone/integration-test/target/test-dir/MiniOzoneClusterImpl-3a4de177-78ca-4f6d-b60b-6b5c736a6a4e/ozone-meta/datanode-6/data-0/hdds)] INFO  ozoneimpl.AbstractBackgroundContainerScanner (AbstractBackgroundContainerScanner.java:run(61)) - ContainerDataScanner(/home/runner/work/ozone/ozone/hadoop-ozone/integration-test/target/test-dir/MiniOzoneClusterImpl-3a4de177-78ca-4f6d-b60b-6b5c736a6a4e/ozone-meta/datanode-6/data-0/hdds, DS-eb995b45-3013-4025-a805-5bff8d4cfbe3) exiting.
2024-03-15 21:39:18,303 [ForkJoinPool.commonPool-worker-7] INFO  ozoneimpl.OzoneContainer (OzoneContainer.java:stop(481)) - Attempting to stop container services.
2024-03-15 21:39:18,304 [main] INFO  ozoneimpl.OnDemandContainerDataScanner (OnDemandContainerDataScanner.java:shutdownScanner(206)) - On-demand container scanner is shutting down.
2024-03-15 21:39:18,305 [ForkJoinPool.commonPool-worker-6] INFO  ozoneimpl.OzoneContainer (OzoneContainer.java:stop(481)) - Attempting to stop container services.
2024-03-15 21:39:18,305 [ContainerMetadataScanner] WARN  ozoneimpl.AbstractBackgroundContainerScanner (AbstractBackgroundContainerScanner.java:handleRemainingSleep(134)) - Background container scan was interrupted.
2024-03-15 21:39:18,306 [ContainerMetadataScanner] INFO  ozoneimpl.AbstractBackgroundContainerScanner (AbstractBackgroundContainerScanner.java:run(61)) - Thread[ContainerMetadataScanner,5,main] exiting.
2024-03-15 21:39:18,306 [main] INFO  server.RaftServer (RaftServerProxy.java:lambda$close$9(416)) - 455def2e-61ff-4e49-9c6f-295594c4a0b8: close
2024-03-15 21:39:18,305 [ForkJoinPool.commonPool-worker-0] INFO  ozoneimpl.OzoneContainer (OzoneContainer.java:stop(481)) - Attempting to stop container services.
2024-03-15 21:39:18,307 [455def2e-61ff-4e49-9c6f-295594c4a0b8-impl-thread1] INFO  server.RaftServer$Division (RaftServerImpl.java:lambda$close$3(526)) - 455def2e-61ff-4e49-9c6f-295594c4a0b8@group-E417F808F81D: shutdown
2024-03-15 21:39:18,307 [main] INFO  server.GrpcService (GrpcService.java:closeImpl(311)) - 455def2e-61ff-4e49-9c6f-295594c4a0b8: shutdown server org.apache.ratis.grpc.server.GrpcClientProtocolService now
2024-03-15 21:39:18,307 [ForkJoinPool.commonPool-worker-7] INFO  ozoneimpl.BackgroundContainerDataScanner (BackgroundContainerDataScanner.java:shutdown(141)) - ContainerDataScanner(/home/runner/work/ozone/ozone/hadoop-ozone/integration-test/target/test-dir/MiniOzoneClusterImpl-3a4de177-78ca-4f6d-b60b-6b5c736a6a4e/ozone-meta/datanode-8/data-0/hdds) is shutting down. 
2024-03-15 21:39:18,306 [ContainerMetadataScanner] WARN  ozoneimpl.AbstractBackgroundContainerScanner (AbstractBackgroundContainerScanner.java:handleRemainingSleep(134)) - Background container scan was interrupted.
2024-03-15 21:39:18,310 [ContainerMetadataScanner] INFO  ozoneimpl.AbstractBackgroundContainerScanner (AbstractBackgroundContainerScanner.java:run(61)) - Thread[ContainerMetadataScanner,5,main] exiting.
2024-03-15 21:39:18,309 [455def2e-61ff-4e49-9c6f-295594c4a0b8-impl-thread1] INFO  util.JmxRegister (JmxRegister.java:unregister(73)) - Successfully un-registered JMX Bean with object name Ratis:service=RaftServer,group=group-E417F808F81D,id=455def2e-61ff-4e49-9c6f-295594c4a0b8
2024-03-15 21:39:18,309 [ContainerMetadataScanner] WARN  ozoneimpl.AbstractBackgroundContainerScanner (AbstractBackgroundContainerScanner.java:handleRemainingSleep(134)) - Background container scan was interrupted.
2024-03-15 21:39:18,310 [ContainerMetadataScanner] INFO  ozoneimpl.AbstractBackgroundContainerScanner (AbstractBackgroundContainerScanner.java:run(61)) - Thread[ContainerMetadataScanner,5,main] exiting.
2024-03-15 21:39:18,310 [Thread-2137] INFO  server.GrpcServerProtocolClient (GrpcServerProtocolClient.java:close(103)) - 05ef7519-d18f-4616-94d2-fdbdf5167048 Close channels
2024-03-15 21:39:18,310 [455def2e-61ff-4e49-9c6f-295594c4a0b8-impl-thread1] INFO  impl.RoleInfo (RoleInfo.java:shutdownLeaderState(94)) - 455def2e-61ff-4e49-9c6f-295594c4a0b8: shutdown 455def2e-61ff-4e49-9c6f-295594c4a0b8@group-E417F808F81D-LeaderStateImpl
2024-03-15 21:39:18,311 [455def2e-61ff-4e49-9c6f-295594c4a0b8-impl-thread1] INFO  impl.PendingRequests (PendingRequests.java:sendNotLeaderResponses(289)) - 455def2e-61ff-4e49-9c6f-295594c4a0b8@group-E417F808F81D-PendingRequests: sendNotLeaderResponses
2024-03-15 21:39:18,311 [455def2e-61ff-4e49-9c6f-295594c4a0b8-impl-thread1] INFO  impl.StateMachineUpdater (StateMachineUpdater.java:stopAndJoin(157)) - 455def2e-61ff-4e49-9c6f-295594c4a0b8@group-E417F808F81D-StateMachineUpdater: set stopIndex = 0
2024-03-15 21:39:18,311 [455def2e-61ff-4e49-9c6f-295594c4a0b8@group-E417F808F81D-StateMachineUpdater] INFO  ratis.ContainerStateMachine (ContainerStateMachine.java:takeSnapshot(355)) - group-E417F808F81D: Taking a snapshot at:(t:1, i:0) file /home/runner/work/ozone/ozone/hadoop-ozone/integration-test/target/test-dir/MiniOzoneClusterImpl-3a4de177-78ca-4f6d-b60b-6b5c736a6a4e/ozone-meta/datanode-6/ratis/bf539d78-5e63-4770-a86b-e417f808f81d/sm/snapshot.1_0
2024-03-15 21:39:18,310 [Thread-2136] INFO  server.GrpcServerProtocolClient (GrpcServerProtocolClient.java:close(103)) - bf6310f0-ec4f-414e-a975-974a715da885 Close channels
2024-03-15 21:39:18,311 [ContainerDataScanner(/home/runner/work/ozone/ozone/hadoop-ozone/integration-test/target/test-dir/MiniOzoneClusterImpl-3a4de177-78ca-4f6d-b60b-6b5c736a6a4e/ozone-meta/datanode-8/data-0/hdds)] WARN  ozoneimpl.AbstractBackgroundContainerScanner (AbstractBackgroundContainerScanner.java:handleRemainingSleep(134)) - Background container scan was interrupted.
2024-03-15 21:39:18,311 [ForkJoinPool.commonPool-worker-6] INFO  ozoneimpl.BackgroundContainerDataScanner (BackgroundContainerDataScanner.java:shutdown(141)) - ContainerDataScanner(/home/runner/work/ozone/ozone/hadoop-ozone/integration-test/target/test-dir/MiniOzoneClusterImpl-3a4de177-78ca-4f6d-b60b-6b5c736a6a4e/ozone-meta/datanode-3/data-0/hdds) is shutting down. 
2024-03-15 21:39:18,311 [ForkJoinPool.commonPool-worker-0] INFO  ozoneimpl.BackgroundContainerDataScanner (BackgroundContainerDataScanner.java:shutdown(141)) - ContainerDataScanner(/home/runner/work/ozone/ozone/hadoop-ozone/integration-test/target/test-dir/MiniOzoneClusterImpl-3a4de177-78ca-4f6d-b60b-6b5c736a6a4e/ozone-meta/datanode-5/data-0/hdds) is shutting down. 
2024-03-15 21:39:18,310 [455def2e-61ff-4e49-9c6f-295594c4a0b8-impl-thread2] INFO  server.RaftServer$Division (RaftServerImpl.java:lambda$close$3(526)) - 455def2e-61ff-4e49-9c6f-295594c4a0b8@group-5640AFA68D3E: shutdown
2024-03-15 21:39:18,312 [ContainerDataScanner(/home/runner/work/ozone/ozone/hadoop-ozone/integration-test/target/test-dir/MiniOzoneClusterImpl-3a4de177-78ca-4f6d-b60b-6b5c736a6a4e/ozone-meta/datanode-5/data-0/hdds)] WARN  ozoneimpl.AbstractBackgroundContainerScanner (AbstractBackgroundContainerScanner.java:handleRemainingSleep(134)) - Background container scan was interrupted.
2024-03-15 21:39:18,312 [ContainerDataScanner(/home/runner/work/ozone/ozone/hadoop-ozone/integration-test/target/test-dir/MiniOzoneClusterImpl-3a4de177-78ca-4f6d-b60b-6b5c736a6a4e/ozone-meta/datanode-5/data-0/hdds)] INFO  ozoneimpl.AbstractBackgroundContainerScanner (AbstractBackgroundContainerScanner.java:run(61)) - ContainerDataScanner(/home/runner/work/ozone/ozone/hadoop-ozone/integration-test/target/test-dir/MiniOzoneClusterImpl-3a4de177-78ca-4f6d-b60b-6b5c736a6a4e/ozone-meta/datanode-5/data-0/hdds, DS-f39889e0-46b8-4eec-ae3e-509c2e1aae2d) exiting.
2024-03-15 21:39:18,312 [ContainerDataScanner(/home/runner/work/ozone/ozone/hadoop-ozone/integration-test/target/test-dir/MiniOzoneClusterImpl-3a4de177-78ca-4f6d-b60b-6b5c736a6a4e/ozone-meta/datanode-3/data-0/hdds)] WARN  ozoneimpl.AbstractBackgroundContainerScanner (AbstractBackgroundContainerScanner.java:handleRemainingSleep(134)) - Background container scan was interrupted.
2024-03-15 21:39:18,312 [ContainerDataScanner(/home/runner/work/ozone/ozone/hadoop-ozone/integration-test/target/test-dir/MiniOzoneClusterImpl-3a4de177-78ca-4f6d-b60b-6b5c736a6a4e/ozone-meta/datanode-3/data-0/hdds)] INFO  ozoneimpl.AbstractBackgroundContainerScanner (AbstractBackgroundContainerScanner.java:run(61)) - ContainerDataScanner(/home/runner/work/ozone/ozone/hadoop-ozone/integration-test/target/test-dir/MiniOzoneClusterImpl-3a4de177-78ca-4f6d-b60b-6b5c736a6a4e/ozone-meta/datanode-3/data-0/hdds, DS-866e7ddb-15bc-424d-a4f4-661536b3ac02) exiting.
2024-03-15 21:39:18,312 [455def2e-61ff-4e49-9c6f-295594c4a0b8@group-E417F808F81D-StateMachineUpdater] INFO  ratis.ContainerStateMachine (ContainerStateMachine.java:takeSnapshot(366)) - group-E417F808F81D: Finished taking a snapshot at:(t:1, i:0) file:/home/runner/work/ozone/ozone/hadoop-ozone/integration-test/target/test-dir/MiniOzoneClusterImpl-3a4de177-78ca-4f6d-b60b-6b5c736a6a4e/ozone-meta/datanode-6/ratis/bf539d78-5e63-4770-a86b-e417f808f81d/sm/snapshot.1_0 took: 1 ms
2024-03-15 21:39:18,313 [ForkJoinPool.commonPool-worker-0] INFO  server.RaftServer (RaftServerProxy.java:lambda$close$9(416)) - bf6310f0-ec4f-414e-a975-974a715da885: close
2024-03-15 21:39:18,313 [455def2e-61ff-4e49-9c6f-295594c4a0b8@group-E417F808F81D-StateMachineUpdater] INFO  impl.StateMachineUpdater (StateMachineUpdater.java:takeSnapshot(295)) - 455def2e-61ff-4e49-9c6f-295594c4a0b8@group-E417F808F81D-StateMachineUpdater: Took a snapshot at index 0
2024-03-15 21:39:18,313 [455def2e-61ff-4e49-9c6f-295594c4a0b8@group-E417F808F81D-StateMachineUpdater] INFO  impl.StateMachineUpdater (StateMachineUpdater.java:lambda$new$0(98)) - 455def2e-61ff-4e49-9c6f-295594c4a0b8@group-E417F808F81D-StateMachineUpdater: snapshotIndex: updateIncreasingly -1 -> 0
2024-03-15 21:39:18,313 [ForkJoinPool.commonPool-worker-0] INFO  server.GrpcService (GrpcService.java:closeImpl(311)) - bf6310f0-ec4f-414e-a975-974a715da885: shutdown server org.apache.ratis.grpc.server.GrpcClientProtocolService now
2024-03-15 21:39:18,312 [455def2e-61ff-4e49-9c6f-295594c4a0b8-impl-thread2] INFO  util.JmxRegister (JmxRegister.java:unregister(73)) - Successfully un-registered JMX Bean with object name Ratis:service=RaftServer,group=group-5640AFA68D3E,id=455def2e-61ff-4e49-9c6f-295594c4a0b8
2024-03-15 21:39:18,311 [ContainerDataScanner(/home/runner/work/ozone/ozone/hadoop-ozone/integration-test/target/test-dir/MiniOzoneClusterImpl-3a4de177-78ca-4f6d-b60b-6b5c736a6a4e/ozone-meta/datanode-8/data-0/hdds)] INFO  ozoneimpl.AbstractBackgroundContainerScanner (AbstractBackgroundContainerScanner.java:run(61)) - ContainerDataScanner(/home/runner/work/ozone/ozone/hadoop-ozone/integration-test/target/test-dir/MiniOzoneClusterImpl-3a4de177-78ca-4f6d-b60b-6b5c736a6a4e/ozone-meta/datanode-8/data-0/hdds, DS-be6c2b23-2620-49df-96a7-7023bed0cd4c) exiting.
2024-03-15 21:39:18,313 [455def2e-61ff-4e49-9c6f-295594c4a0b8-impl-thread2] INFO  impl.RoleInfo (RoleInfo.java:shutdownLeaderState(94)) - 455def2e-61ff-4e49-9c6f-295594c4a0b8: shutdown 455def2e-61ff-4e49-9c6f-295594c4a0b8@group-5640AFA68D3E-LeaderStateImpl
2024-03-15 21:39:18,313 [bf6310f0-ec4f-414e-a975-974a715da885-impl-thread2] INFO  server.RaftServer$Division (RaftServerImpl.java:lambda$close$3(526)) - bf6310f0-ec4f-414e-a975-974a715da885@group-5640AFA68D3E: shutdown
2024-03-15 21:39:18,313 [bf6310f0-ec4f-414e-a975-974a715da885-impl-thread1] INFO  server.RaftServer$Division (RaftServerImpl.java:lambda$close$3(526)) - bf6310f0-ec4f-414e-a975-974a715da885@group-E360525BF245: shutdown
2024-03-15 21:39:18,314 [bf6310f0-ec4f-414e-a975-974a715da885-impl-thread1] INFO  util.JmxRegister (JmxRegister.java:unregister(73)) - Successfully un-registered JMX Bean with object name Ratis:service=RaftServer,group=group-E360525BF245,id=bf6310f0-ec4f-414e-a975-974a715da885
2024-03-15 21:39:18,317 [bf6310f0-ec4f-414e-a975-974a715da885-impl-thread1] INFO  impl.RoleInfo (RoleInfo.java:shutdownLeaderState(94)) - bf6310f0-ec4f-414e-a975-974a715da885: shutdown bf6310f0-ec4f-414e-a975-974a715da885@group-E360525BF245-LeaderStateImpl
2024-03-15 21:39:18,317 [455def2e-61ff-4e49-9c6f-295594c4a0b8@group-5640AFA68D3E->05ef7519-d18f-4616-94d2-fdbdf5167048-GrpcLogAppender-LogAppenderDaemon] WARN  server.GrpcLogAppender (GrpcLogAppender.java:mayWait(289)) - 455def2e-61ff-4e49-9c6f-295594c4a0b8@group-5640AFA68D3E->05ef7519-d18f-4616-94d2-fdbdf5167048-GrpcLogAppender: Wait interrupted by java.lang.InterruptedException
2024-03-15 21:39:18,317 [455def2e-61ff-4e49-9c6f-295594c4a0b8@group-5640AFA68D3E->bf6310f0-ec4f-414e-a975-974a715da885-GrpcLogAppender-LogAppenderDaemon] WARN  server.GrpcLogAppender (GrpcLogAppender.java:mayWait(289)) - 455def2e-61ff-4e49-9c6f-295594c4a0b8@group-5640AFA68D3E->bf6310f0-ec4f-414e-a975-974a715da885-GrpcLogAppender: Wait interrupted by java.lang.InterruptedException
2024-03-15 21:39:18,317 [bf6310f0-ec4f-414e-a975-974a715da885-impl-thread1] INFO  impl.PendingRequests (PendingRequests.java:sendNotLeaderResponses(289)) - bf6310f0-ec4f-414e-a975-974a715da885@group-E360525BF245-PendingRequests: sendNotLeaderResponses
2024-03-15 21:39:18,317 [455def2e-61ff-4e49-9c6f-295594c4a0b8-impl-thread2] INFO  impl.PendingRequests (PendingRequests.java:sendNotLeaderResponses(289)) - 455def2e-61ff-4e49-9c6f-295594c4a0b8@group-5640AFA68D3E-PendingRequests: sendNotLeaderResponses
2024-03-15 21:39:18,318 [grpc-default-executor-2] INFO  server.GrpcServerProtocolService (GrpcServerProtocolService.java:onCompleted(157)) - 05ef7519-d18f-4616-94d2-fdbdf5167048: Completed APPEND_ENTRIES, lastRequest: null
2024-03-15 21:39:18,318 [grpc-default-executor-2] INFO  server.GrpcServerProtocolService (GrpcServerProtocolService.java:lambda$onCompleted$5(159)) - 05ef7519-d18f-4616-94d2-fdbdf5167048: Completed APPEND_ENTRIES, lastReply: serverReply {
  requestorId: "455def2e-61ff-4e49-9c6f-295594c4a0b8"
  replyId: "05ef7519-d18f-4616-94d2-fdbdf5167048"
  raftGroupId {
    id: "a$\237\240\r\267N\316\263\330V@\257\246\215>"
  }
  callId: 7
  success: true
}
term: 1
nextIndex: 1
matchIndex: 18446744073709551615
isHearbeat: true

2024-03-15 21:39:18,318 [ForkJoinPool.commonPool-worker-0] INFO  server.GrpcService (GrpcService.java:closeImpl(320)) - bf6310f0-ec4f-414e-a975-974a715da885: shutdown server org.apache.ratis.grpc.server.GrpcClientProtocolService successfully
2024-03-15 21:39:18,318 [ForkJoinPool.commonPool-worker-0] INFO  server.GrpcService (GrpcService.java:closeImpl(311)) - bf6310f0-ec4f-414e-a975-974a715da885: shutdown server GrpcServerProtocolService now
2024-03-15 21:39:18,320 [bf6310f0-ec4f-414e-a975-974a715da885-impl-thread2] INFO  util.JmxRegister (JmxRegister.java:unregister(73)) - Successfully un-registered JMX Bean with object name Ratis:service=RaftServer,group=group-5640AFA68D3E,id=bf6310f0-ec4f-414e-a975-974a715da885
2024-03-15 21:39:18,320 [bf6310f0-ec4f-414e-a975-974a715da885-impl-thread2] INFO  impl.RoleInfo (RoleInfo.java:shutdownFollowerState(110)) - bf6310f0-ec4f-414e-a975-974a715da885: shutdown bf6310f0-ec4f-414e-a975-974a715da885@group-5640AFA68D3E-FollowerState
2024-03-15 21:39:18,320 [bf6310f0-ec4f-414e-a975-974a715da885@group-5640AFA68D3E-StateMachineUpdater] INFO  ratis.ContainerStateMachine (ContainerStateMachine.java:takeSnapshot(355)) - group-5640AFA68D3E: Taking a snapshot at:(t:1, i:0) file /home/runner/work/ozone/ozone/hadoop-ozone/integration-test/target/test-dir/MiniOzoneClusterImpl-3a4de177-78ca-4f6d-b60b-6b5c736a6a4e/ozone-meta/datanode-5/ratis/61249fa0-0db7-4ece-b3d8-5640afa68d3e/sm/snapshot.1_0
2024-03-15 21:39:18,320 [bf6310f0-ec4f-414e-a975-974a715da885@group-5640AFA68D3E-FollowerState] INFO  impl.FollowerState (FollowerState.java:run(152)) - bf6310f0-ec4f-414e-a975-974a715da885@group-5640AFA68D3E-FollowerState was interrupted
2024-03-15 21:39:18,320 [bf6310f0-ec4f-414e-a975-974a715da885-impl-thread2] INFO  impl.StateMachineUpdater (StateMachineUpdater.java:stopAndJoin(157)) - bf6310f0-ec4f-414e-a975-974a715da885@group-5640AFA68D3E-StateMachineUpdater: set stopIndex = 0
2024-03-15 21:39:18,321 [bf6310f0-ec4f-414e-a975-974a715da885@group-5640AFA68D3E-StateMachineUpdater] INFO  ratis.ContainerStateMachine (ContainerStateMachine.java:takeSnapshot(366)) - group-5640AFA68D3E: Finished taking a snapshot at:(t:1, i:0) file:/home/runner/work/ozone/ozone/hadoop-ozone/integration-test/target/test-dir/MiniOzoneClusterImpl-3a4de177-78ca-4f6d-b60b-6b5c736a6a4e/ozone-meta/datanode-5/ratis/61249fa0-0db7-4ece-b3d8-5640afa68d3e/sm/snapshot.1_0 took: 1 ms
2024-03-15 21:39:18,321 [bf6310f0-ec4f-414e-a975-974a715da885@group-5640AFA68D3E-StateMachineUpdater] INFO  impl.StateMachineUpdater (StateMachineUpdater.java:takeSnapshot(295)) - bf6310f0-ec4f-414e-a975-974a715da885@group-5640AFA68D3E-StateMachineUpdater: Took a snapshot at index 0
2024-03-15 21:39:18,321 [bf6310f0-ec4f-414e-a975-974a715da885@group-5640AFA68D3E-StateMachineUpdater] INFO  impl.StateMachineUpdater (StateMachineUpdater.java:lambda$new$0(98)) - bf6310f0-ec4f-414e-a975-974a715da885@group-5640AFA68D3E-StateMachineUpdater: snapshotIndex: updateIncreasingly -1 -> 0
2024-03-15 21:39:18,319 [grpc-default-executor-3] INFO  server.GrpcServerProtocolService (GrpcServerProtocolService.java:onCompleted(157)) - bf6310f0-ec4f-414e-a975-974a715da885: Completed APPEND_ENTRIES, lastRequest: null
2024-03-15 21:39:18,320 [grpc-default-executor-0] INFO  server.GrpcServerProtocolService (GrpcServerProtocolService.java:onCompleted(157)) - bf6310f0-ec4f-414e-a975-974a715da885: Completed APPEND_ENTRIES, lastRequest: 455def2e-61ff-4e49-9c6f-295594c4a0b8->bf6310f0-ec4f-414e-a975-974a715da885#1-t1,previous=(t:0, i:0),leaderCommit=-1,initializing? false,entries: size=1, first=(t:1, i:0), CONFIGURATIONENTRY(current:id: "455def2e-61ff-4e49-9c6f-295594c4a0b8"
address: "10.1.0.11:15148"
priority: 1
dataStreamAddress: "10.1.0.11:15149"
clientAddress: "10.1.0.11:15146"
adminAddress: "10.1.0.11:15147"
startupRole: FOLLOWER
,id: "bf6310f0-ec4f-414e-a975-974a715da885"
address: "10.1.0.11:15139"
dataStreamAddress: "10.1.0.11:15140"
clientAddress: "10.1.0.11:15137"
adminAddress: "10.1.0.11:15138"
startupRole: FOLLOWER
,id: "05ef7519-d18f-4616-94d2-fdbdf5167048"
address: "10.1.0.11:15130"
dataStreamAddress: "10.1.0.11:15131"
clientAddress: "10.1.0.11:15128"
adminAddress: "10.1.0.11:15129"
startupRole: FOLLOWER
, old:)
2024-03-15 21:39:18,322 [bf6310f0-ec4f-414e-a975-974a715da885-impl-thread2] INFO  server.RaftServer$Division (ServerState.java:close(427)) - bf6310f0-ec4f-414e-a975-974a715da885@group-5640AFA68D3E: applyIndex: 0
2024-03-15 21:39:18,320 [grpc-default-executor-1] INFO  server.GrpcServerProtocolService (GrpcServerProtocolService.java:onCompleted(157)) - 05ef7519-d18f-4616-94d2-fdbdf5167048: Completed APPEND_ENTRIES, lastRequest: 455def2e-61ff-4e49-9c6f-295594c4a0b8->05ef7519-d18f-4616-94d2-fdbdf5167048#1-t1,previous=(t:0, i:0),leaderCommit=-1,initializing? false,entries: size=1, first=(t:1, i:0), CONFIGURATIONENTRY(current:id: "455def2e-61ff-4e49-9c6f-295594c4a0b8"
address: "10.1.0.11:15148"
priority: 1
dataStreamAddress: "10.1.0.11:15149"
clientAddress: "10.1.0.11:15146"
adminAddress: "10.1.0.11:15147"
startupRole: FOLLOWER
,id: "bf6310f0-ec4f-414e-a975-974a715da885"
address: "10.1.0.11:15139"
dataStreamAddress: "10.1.0.11:15140"
clientAddress: "10.1.0.11:15137"
adminAddress: "10.1.0.11:15138"
startupRole: FOLLOWER
,id: "05ef7519-d18f-4616-94d2-fdbdf5167048"
address: "10.1.0.11:15130"
dataStreamAddress: "10.1.0.11:15131"
clientAddress: "10.1.0.11:15128"
adminAddress: "10.1.0.11:15129"
startupRole: FOLLOWER
, old:)
2024-03-15 21:39:18,319 [ForkJoinPool.commonPool-worker-6] INFO  server.RaftServer (RaftServerProxy.java:lambda$close$9(416)) - 91ca698e-74b5-4d15-9852-8e087478f801: close
2024-03-15 21:39:18,322 [grpc-default-executor-1] INFO  server.GrpcServerProtocolService (GrpcServerProtocolService.java:lambda$onCompleted$5(159)) - 05ef7519-d18f-4616-94d2-fdbdf5167048: Completed APPEND_ENTRIES, lastReply: null
2024-03-15 21:39:18,322 [ForkJoinPool.commonPool-worker-7] INFO  server.RaftServer (RaftServerProxy.java:lambda$close$9(416)) - e76b1ec9-b399-499f-a8ce-a1f080404f38: close
2024-03-15 21:39:18,322 [grpc-default-executor-0] INFO  server.GrpcServerProtocolService (GrpcServerProtocolService.java:lambda$onCompleted$5(159)) - bf6310f0-ec4f-414e-a975-974a715da885: Completed APPEND_ENTRIES, lastReply: null
2024-03-15 21:39:18,322 [455def2e-61ff-4e49-9c6f-295594c4a0b8-impl-thread1] INFO  server.RaftServer$Division (ServerState.java:close(427)) - 455def2e-61ff-4e49-9c6f-295594c4a0b8@group-E417F808F81D: applyIndex: 0
2024-03-15 21:39:18,322 [grpc-default-executor-3] INFO  server.GrpcServerProtocolService (GrpcServerProtocolService.java:lambda$onCompleted$5(159)) - bf6310f0-ec4f-414e-a975-974a715da885: Completed APPEND_ENTRIES, lastReply: serverReply {
  requestorId: "455def2e-61ff-4e49-9c6f-295594c4a0b8"
  replyId: "bf6310f0-ec4f-414e-a975-974a715da885"
  raftGroupId {
    id: "a$\237\240\r\267N\316\263\330V@\257\246\215>"
  }
  callId: 6
  success: true
}
term: 1
nextIndex: 1
matchIndex: 18446744073709551615
isHearbeat: true

2024-03-15 21:39:18,324 [455def2e-61ff-4e49-9c6f-295594c4a0b8@group-E417F808F81D-cacheEviction-AwaitToRun] INFO  util.AwaitToRun (AwaitToRun.java:run(49)) - 455def2e-61ff-4e49-9c6f-295594c4a0b8@group-E417F808F81D-cacheEviction-AwaitToRun-AwaitForSignal is interrupted
2024-03-15 21:39:18,324 [e76b1ec9-b399-499f-a8ce-a1f080404f38-impl-thread1] INFO  server.RaftServer$Division (RaftServerImpl.java:lambda$close$3(526)) - e76b1ec9-b399-499f-a8ce-a1f080404f38@group-FF386EC77000: shutdown
2024-03-15 21:39:18,325 [ForkJoinPool.commonPool-worker-0] INFO  server.GrpcService (GrpcService.java:closeImpl(320)) - bf6310f0-ec4f-414e-a975-974a715da885: shutdown server GrpcServerProtocolService successfully
2024-03-15 21:39:18,330 [ForkJoinPool.commonPool-worker-0] INFO  server.GrpcService (GrpcService.java:closeImpl(311)) - bf6310f0-ec4f-414e-a975-974a715da885: shutdown server org.apache.ratis.grpc.server.GrpcAdminProtocolService now
2024-03-15 21:39:18,330 [grpc-default-executor-6] INFO  server.GrpcLogAppender (GrpcLogAppender.java:onError(533)) - 455def2e-61ff-4e49-9c6f-295594c4a0b8@group-5640AFA68D3E->bf6310f0-ec4f-414e-a975-974a715da885-GrpcLogAppender is already stopped
2024-03-15 21:39:18,329 [e76b1ec9-b399-499f-a8ce-a1f080404f38-impl-thread2] INFO  server.RaftServer$Division (RaftServerImpl.java:lambda$close$3(526)) - e76b1ec9-b399-499f-a8ce-a1f080404f38@group-CC7984C646FB: shutdown
2024-03-15 21:39:18,333 [e76b1ec9-b399-499f-a8ce-a1f080404f38-impl-thread2] INFO  util.JmxRegister (JmxRegister.java:unregister(73)) - Successfully un-registered JMX Bean with object name Ratis:service=RaftServer,group=group-CC7984C646FB,id=e76b1ec9-b399-499f-a8ce-a1f080404f38
2024-03-15 21:39:18,333 [e76b1ec9-b399-499f-a8ce-a1f080404f38-impl-thread2] INFO  impl.RoleInfo (RoleInfo.java:shutdownLeaderState(94)) - e76b1ec9-b399-499f-a8ce-a1f080404f38: shutdown e76b1ec9-b399-499f-a8ce-a1f080404f38@group-CC7984C646FB-LeaderStateImpl
2024-03-15 21:39:18,333 [e76b1ec9-b399-499f-a8ce-a1f080404f38-impl-thread2] INFO  impl.PendingRequests (PendingRequests.java:sendNotLeaderResponses(289)) - e76b1ec9-b399-499f-a8ce-a1f080404f38@group-CC7984C646FB-PendingRequests: sendNotLeaderResponses
2024-03-15 21:39:18,333 [e76b1ec9-b399-499f-a8ce-a1f080404f38-impl-thread2] INFO  impl.StateMachineUpdater (StateMachineUpdater.java:stopAndJoin(157)) - e76b1ec9-b399-499f-a8ce-a1f080404f38@group-CC7984C646FB-StateMachineUpdater: set stopIndex = 0
2024-03-15 21:39:18,333 [bf6310f0-ec4f-414e-a975-974a715da885@group-E360525BF245-StateMachineUpdater] INFO  ratis.ContainerStateMachine (ContainerStateMachine.java:takeSnapshot(355)) - group-E360525BF245: Taking a snapshot at:(t:1, i:0) file /home/runner/work/ozone/ozone/hadoop-ozone/integration-test/target/test-dir/MiniOzoneClusterImpl-3a4de177-78ca-4f6d-b60b-6b5c736a6a4e/ozone-meta/datanode-5/ratis/99487e4d-a984-4790-932f-e360525bf245/sm/snapshot.1_0
2024-03-15 21:39:18,333 [e76b1ec9-b399-499f-a8ce-a1f080404f38@group-CC7984C646FB-StateMachineUpdater] INFO  ratis.ContainerStateMachine (ContainerStateMachine.java:takeSnapshot(355)) - group-CC7984C646FB: Taking a snapshot at:(t:1, i:0) file /home/runner/work/ozone/ozone/hadoop-ozone/integration-test/target/test-dir/MiniOzoneClusterImpl-3a4de177-78ca-4f6d-b60b-6b5c736a6a4e/ozone-meta/datanode-8/ratis/e9349c41-e28b-4c31-aff5-cc7984c646fb/sm/snapshot.1_0
2024-03-15 21:39:18,334 [ForkJoinPool.commonPool-worker-0] INFO  server.GrpcService (GrpcService.java:closeImpl(320)) - bf6310f0-ec4f-414e-a975-974a715da885: shutdown server org.apache.ratis.grpc.server.GrpcAdminProtocolService successfully
2024-03-15 21:39:18,325 [ForkJoinPool.commonPool-worker-7] INFO  server.GrpcService (GrpcService.java:closeImpl(311)) - e76b1ec9-b399-499f-a8ce-a1f080404f38: shutdown server org.apache.ratis.grpc.server.GrpcClientProtocolService now
2024-03-15 21:39:18,334 [bf6310f0-ec4f-414e-a975-974a715da885@group-E360525BF245-StateMachineUpdater] INFO  ratis.ContainerStateMachine (ContainerStateMachine.java:takeSnapshot(366)) - group-E360525BF245: Finished taking a snapshot at:(t:1, i:0) file:/home/runner/work/ozone/ozone/hadoop-ozone/integration-test/target/test-dir/MiniOzoneClusterImpl-3a4de177-78ca-4f6d-b60b-6b5c736a6a4e/ozone-meta/datanode-5/ratis/99487e4d-a984-4790-932f-e360525bf245/sm/snapshot.1_0 took: 1 ms
2024-03-15 21:39:18,334 [bf6310f0-ec4f-414e-a975-974a715da885@group-E360525BF245-StateMachineUpdater] INFO  impl.StateMachineUpdater (StateMachineUpdater.java:takeSnapshot(295)) - bf6310f0-ec4f-414e-a975-974a715da885@group-E360525BF245-StateMachineUpdater: Took a snapshot at index 0
2024-03-15 21:39:18,334 [bf6310f0-ec4f-414e-a975-974a715da885@group-E360525BF245-StateMachineUpdater] INFO  impl.StateMachineUpdater (StateMachineUpdater.java:lambda$new$0(98)) - bf6310f0-ec4f-414e-a975-974a715da885@group-E360525BF245-StateMachineUpdater: snapshotIndex: updateIncreasingly -1 -> 0
2024-03-15 21:39:18,329 [91ca698e-74b5-4d15-9852-8e087478f801-impl-thread2] INFO  server.RaftServer$Division (RaftServerImpl.java:lambda$close$3(526)) - 91ca698e-74b5-4d15-9852-8e087478f801@group-C58D29EE5220: shutdown
2024-03-15 21:39:18,329 [ForkJoinPool.commonPool-worker-6] INFO  server.GrpcService (GrpcService.java:closeImpl(311)) - 91ca698e-74b5-4d15-9852-8e087478f801: shutdown server org.apache.ratis.grpc.server.GrpcClientProtocolService now
2024-03-15 21:39:18,329 [bf6310f0-ec4f-414e-a975-974a715da885@group-5640AFA68D3E-cacheEviction-AwaitToRun] INFO  util.AwaitToRun (AwaitToRun.java:run(49)) - bf6310f0-ec4f-414e-a975-974a715da885@group-5640AFA68D3E-cacheEviction-AwaitToRun-AwaitForSignal is interrupted
2024-03-15 21:39:18,337 [91ca698e-74b5-4d15-9852-8e087478f801-impl-thread2] INFO  util.JmxRegister (JmxRegister.java:unregister(73)) - Successfully un-registered JMX Bean with object name Ratis:service=RaftServer,group=group-C58D29EE5220,id=91ca698e-74b5-4d15-9852-8e087478f801
2024-03-15 21:39:18,337 [91ca698e-74b5-4d15-9852-8e087478f801-impl-thread2] INFO  impl.RoleInfo (RoleInfo.java:shutdownFollowerState(110)) - 91ca698e-74b5-4d15-9852-8e087478f801: shutdown 91ca698e-74b5-4d15-9852-8e087478f801@group-C58D29EE5220-FollowerState
2024-03-15 21:39:18,329 [91ca698e-74b5-4d15-9852-8e087478f801-impl-thread1] INFO  server.RaftServer$Division (RaftServerImpl.java:lambda$close$3(526)) - 91ca698e-74b5-4d15-9852-8e087478f801@group-5945C1BD35EC: shutdown
2024-03-15 21:39:18,338 [91ca698e-74b5-4d15-9852-8e087478f801-impl-thread1] INFO  util.JmxRegister (JmxRegister.java:unregister(73)) - Successfully un-registered JMX Bean with object name Ratis:service=RaftServer,group=group-5945C1BD35EC,id=91ca698e-74b5-4d15-9852-8e087478f801
2024-03-15 21:39:18,338 [91ca698e-74b5-4d15-9852-8e087478f801-impl-thread1] INFO  impl.RoleInfo (RoleInfo.java:shutdownLeaderState(94)) - 91ca698e-74b5-4d15-9852-8e087478f801: shutdown 91ca698e-74b5-4d15-9852-8e087478f801@group-5945C1BD35EC-LeaderStateImpl
2024-03-15 21:39:18,338 [91ca698e-74b5-4d15-9852-8e087478f801-impl-thread1] INFO  impl.PendingRequests (PendingRequests.java:sendNotLeaderResponses(289)) - 91ca698e-74b5-4d15-9852-8e087478f801@group-5945C1BD35EC-PendingRequests: sendNotLeaderResponses
2024-03-15 21:39:18,338 [91ca698e-74b5-4d15-9852-8e087478f801-impl-thread1] INFO  impl.StateMachineUpdater (StateMachineUpdater.java:stopAndJoin(157)) - 91ca698e-74b5-4d15-9852-8e087478f801@group-5945C1BD35EC-StateMachineUpdater: set stopIndex = 0
2024-03-15 21:39:18,336 [e76b1ec9-b399-499f-a8ce-a1f080404f38@group-CC7984C646FB-StateMachineUpdater] INFO  ratis.ContainerStateMachine (ContainerStateMachine.java:takeSnapshot(366)) - group-CC7984C646FB: Finished taking a snapshot at:(t:1, i:0) file:/home/runner/work/ozone/ozone/hadoop-ozone/integration-test/target/test-dir/MiniOzoneClusterImpl-3a4de177-78ca-4f6d-b60b-6b5c736a6a4e/ozone-meta/datanode-8/ratis/e9349c41-e28b-4c31-aff5-cc7984c646fb/sm/snapshot.1_0 took: 3 ms
2024-03-15 21:39:18,338 [e76b1ec9-b399-499f-a8ce-a1f080404f38@group-CC7984C646FB-StateMachineUpdater] INFO  impl.StateMachineUpdater (StateMachineUpdater.java:takeSnapshot(295)) - e76b1ec9-b399-499f-a8ce-a1f080404f38@group-CC7984C646FB-StateMachineUpdater: Took a snapshot at index 0
2024-03-15 21:39:18,338 [e76b1ec9-b399-499f-a8ce-a1f080404f38@group-CC7984C646FB-StateMachineUpdater] INFO  impl.StateMachineUpdater (StateMachineUpdater.java:lambda$new$0(98)) - e76b1ec9-b399-499f-a8ce-a1f080404f38@group-CC7984C646FB-StateMachineUpdater: snapshotIndex: updateIncreasingly -1 -> 0
2024-03-15 21:39:18,334 [grpc-default-executor-0] INFO  server.GrpcLogAppender (GrpcLogAppender.java:onCompleted(546)) - 455def2e-61ff-4e49-9c6f-295594c4a0b8@group-5640AFA68D3E->05ef7519-d18f-4616-94d2-fdbdf5167048-AppendLogResponseHandler: follower responses appendEntries COMPLETED
2024-03-15 21:39:18,339 [91ca698e-74b5-4d15-9852-8e087478f801@group-5945C1BD35EC-StateMachineUpdater] INFO  ratis.ContainerStateMachine (ContainerStateMachine.java:takeSnapshot(355)) - group-5945C1BD35EC: Taking a snapshot at:(t:1, i:0) file /home/runner/work/ozone/ozone/hadoop-ozone/integration-test/target/test-dir/MiniOzoneClusterImpl-3a4de177-78ca-4f6d-b60b-6b5c736a6a4e/ozone-meta/datanode-3/ratis/81c55f63-aa9b-437b-8855-5945c1bd35ec/sm/snapshot.1_0
2024-03-15 21:39:18,339 [grpc-default-executor-0] WARN  server.GrpcLogAppender (GrpcLogAppender.java:resetClient(226)) - 455def2e-61ff-4e49-9c6f-295594c4a0b8@group-5640AFA68D3E->05ef7519-d18f-4616-94d2-fdbdf5167048-GrpcLogAppender: Failed to getClient for 05ef7519-d18f-4616-94d2-fdbdf5167048
org.apache.ratis.protocol.exceptions.AlreadyClosedException: 455def2e-61ff-4e49-9c6f-295594c4a0b8 is already CLOSED
	at org.apache.ratis.util.PeerProxyMap$PeerAndProxy.getProxy(PeerProxyMap.java:65)
	at org.apache.ratis.util.PeerProxyMap.getProxy(PeerProxyMap.java:114)
	at org.apache.ratis.grpc.server.GrpcLogAppender.getClient(GrpcLogAppender.java:196)
	at org.apache.ratis.grpc.server.GrpcLogAppender.resetClient(GrpcLogAppender.java:201)
	at org.apache.ratis.grpc.server.GrpcLogAppender.access$800(GrpcLogAppender.java:62)
	at org.apache.ratis.grpc.server.GrpcLogAppender$AppendLogResponseHandler.onCompleted(GrpcLogAppender.java:547)
	at org.apache.ratis.thirdparty.io.grpc.stub.ClientCalls$StreamObserverToCallListenerAdapter.onClose(ClientCalls.java:479)
	at org.apache.ratis.thirdparty.io.grpc.internal.ClientCallImpl.closeObserver(ClientCallImpl.java:567)
	at org.apache.ratis.thirdparty.io.grpc.internal.ClientCallImpl.access$300(ClientCallImpl.java:71)
	at org.apache.ratis.thirdparty.io.grpc.internal.ClientCallImpl$ClientStreamListenerImpl$1StreamClosed.runInternal(ClientCallImpl.java:735)
	at org.apache.ratis.thirdparty.io.grpc.internal.ClientCallImpl$ClientStreamListenerImpl$1StreamClosed.runInContext(ClientCallImpl.java:716)
	at org.apache.ratis.thirdparty.io.grpc.internal.ContextRunnable.run(ContextRunnable.java:37)
	at org.apache.ratis.thirdparty.io.grpc.internal.SerializingExecutor.run(SerializingExecutor.java:133)
	at java.util.concurrent.ThreadPoolExecutor.runWorker(ThreadPoolExecutor.java:1149)
	at java.util.concurrent.ThreadPoolExecutor$Worker.run(ThreadPoolExecutor.java:624)
	at java.lang.Thread.run(Thread.java:750)
2024-03-15 21:39:18,333 [grpc-default-executor-5] INFO  server.GrpcLogAppender (GrpcLogAppender.java:onError(533)) - 455def2e-61ff-4e49-9c6f-295594c4a0b8@group-5640AFA68D3E->bf6310f0-ec4f-414e-a975-974a715da885-GrpcLogAppender is already stopped
2024-03-15 21:39:18,333 [455def2e-61ff-4e49-9c6f-295594c4a0b8@group-5640AFA68D3E-StateMachineUpdater] INFO  ratis.ContainerStateMachine (ContainerStateMachine.java:takeSnapshot(355)) - group-5640AFA68D3E: Taking a snapshot at:(t:1, i:0) file /home/runner/work/ozone/ozone/hadoop-ozone/integration-test/target/test-dir/MiniOzoneClusterImpl-3a4de177-78ca-4f6d-b60b-6b5c736a6a4e/ozone-meta/datanode-6/ratis/61249fa0-0db7-4ece-b3d8-5640afa68d3e/sm/snapshot.1_0
2024-03-15 21:39:18,332 [455def2e-61ff-4e49-9c6f-295594c4a0b8-impl-thread2] INFO  impl.StateMachineUpdater (StateMachineUpdater.java:stopAndJoin(157)) - 455def2e-61ff-4e49-9c6f-295594c4a0b8@group-5640AFA68D3E-StateMachineUpdater: set stopIndex = 0
2024-03-15 21:39:18,332 [bf6310f0-ec4f-414e-a975-974a715da885-impl-thread1] INFO  impl.StateMachineUpdater (StateMachineUpdater.java:stopAndJoin(157)) - bf6310f0-ec4f-414e-a975-974a715da885@group-E360525BF245-StateMachineUpdater: set stopIndex = 0
2024-03-15 21:39:18,341 [bf6310f0-ec4f-414e-a975-974a715da885-impl-thread1] INFO  server.RaftServer$Division (ServerState.java:close(427)) - bf6310f0-ec4f-414e-a975-974a715da885@group-E360525BF245: applyIndex: 0
2024-03-15 21:39:18,332 [grpc-default-executor-3] INFO  server.GrpcLogAppender (GrpcLogAppender.java:onCompleted(546)) - 455def2e-61ff-4e49-9c6f-295594c4a0b8@group-5640AFA68D3E->05ef7519-d18f-4616-94d2-fdbdf5167048-AppendLogResponseHandler: follower responses appendEntries COMPLETED
2024-03-15 21:39:18,330 [e76b1ec9-b399-499f-a8ce-a1f080404f38-impl-thread1] INFO  util.JmxRegister (JmxRegister.java:unregister(73)) - Successfully un-registered JMX Bean with object name Ratis:service=RaftServer,group=group-FF386EC77000,id=e76b1ec9-b399-499f-a8ce-a1f080404f38
2024-03-15 21:39:18,341 [e76b1ec9-b399-499f-a8ce-a1f080404f38-impl-thread1] INFO  impl.RoleInfo (RoleInfo.java:shutdownLeaderState(94)) - e76b1ec9-b399-499f-a8ce-a1f080404f38: shutdown e76b1ec9-b399-499f-a8ce-a1f080404f38@group-FF386EC77000-LeaderStateImpl
2024-03-15 21:39:18,341 [grpc-default-executor-3] WARN  server.GrpcLogAppender (GrpcLogAppender.java:resetClient(226)) - 455def2e-61ff-4e49-9c6f-295594c4a0b8@group-5640AFA68D3E->05ef7519-d18f-4616-94d2-fdbdf5167048-GrpcLogAppender: Failed to getClient for 05ef7519-d18f-4616-94d2-fdbdf5167048
org.apache.ratis.protocol.exceptions.AlreadyClosedException: 455def2e-61ff-4e49-9c6f-295594c4a0b8 is already CLOSED
	at org.apache.ratis.util.PeerProxyMap$PeerAndProxy.getProxy(PeerProxyMap.java:65)
	at org.apache.ratis.util.PeerProxyMap.getProxy(PeerProxyMap.java:114)
	at org.apache.ratis.grpc.server.GrpcLogAppender.getClient(GrpcLogAppender.java:196)
	at org.apache.ratis.grpc.server.GrpcLogAppender.resetClient(GrpcLogAppender.java:201)
	at org.apache.ratis.grpc.server.GrpcLogAppender.access$800(GrpcLogAppender.java:62)
	at org.apache.ratis.grpc.server.GrpcLogAppender$AppendLogResponseHandler.onCompleted(GrpcLogAppender.java:547)
	at org.apache.ratis.thirdparty.io.grpc.stub.ClientCalls$StreamObserverToCallListenerAdapter.onClose(ClientCalls.java:479)
	at org.apache.ratis.thirdparty.io.grpc.internal.DelayedClientCall$DelayedListener$3.run(DelayedClientCall.java:489)
	at org.apache.ratis.thirdparty.io.grpc.internal.DelayedClientCall$DelayedListener.delayOrExecute(DelayedClientCall.java:453)
	at org.apache.ratis.thirdparty.io.grpc.internal.DelayedClientCall$DelayedListener.onClose(DelayedClientCall.java:486)
	at org.apache.ratis.thirdparty.io.grpc.internal.ClientCallImpl.closeObserver(ClientCallImpl.java:567)
	at org.apache.ratis.thirdparty.io.grpc.internal.ClientCallImpl.access$300(ClientCallImpl.java:71)
	at org.apache.ratis.thirdparty.io.grpc.internal.ClientCallImpl$ClientStreamListenerImpl$1StreamClosed.runInternal(ClientCallImpl.java:735)
	at org.apache.ratis.thirdparty.io.grpc.internal.ClientCallImpl$ClientStreamListenerImpl$1StreamClosed.runInContext(ClientCallImpl.java:716)
	at org.apache.ratis.thirdparty.io.grpc.internal.ContextRunnable.run(ContextRunnable.java:37)
	at org.apache.ratis.thirdparty.io.grpc.internal.SerializingExecutor.run(SerializingExecutor.java:133)
	at java.util.concurrent.ThreadPoolExecutor.runWorker(ThreadPoolExecutor.java:1149)
	at java.util.concurrent.ThreadPoolExecutor$Worker.run(ThreadPoolExecutor.java:624)
	at java.lang.Thread.run(Thread.java:750)
2024-03-15 21:39:18,341 [455def2e-61ff-4e49-9c6f-295594c4a0b8@group-5640AFA68D3E-StateMachineUpdater] INFO  ratis.ContainerStateMachine (ContainerStateMachine.java:takeSnapshot(366)) - group-5640AFA68D3E: Finished taking a snapshot at:(t:1, i:0) file:/home/runner/work/ozone/ozone/hadoop-ozone/integration-test/target/test-dir/MiniOzoneClusterImpl-3a4de177-78ca-4f6d-b60b-6b5c736a6a4e/ozone-meta/datanode-6/ratis/61249fa0-0db7-4ece-b3d8-5640afa68d3e/sm/snapshot.1_0 took: 9 ms
2024-03-15 21:39:18,342 [455def2e-61ff-4e49-9c6f-295594c4a0b8@group-5640AFA68D3E-StateMachineUpdater] INFO  impl.StateMachineUpdater (StateMachineUpdater.java:takeSnapshot(295)) - 455def2e-61ff-4e49-9c6f-295594c4a0b8@group-5640AFA68D3E-StateMachineUpdater: Took a snapshot at index 0
2024-03-15 21:39:18,342 [455def2e-61ff-4e49-9c6f-295594c4a0b8@group-5640AFA68D3E-StateMachineUpdater] INFO  impl.StateMachineUpdater (StateMachineUpdater.java:lambda$new$0(98)) - 455def2e-61ff-4e49-9c6f-295594c4a0b8@group-5640AFA68D3E-StateMachineUpdater: snapshotIndex: updateIncreasingly -1 -> 0
2024-03-15 21:39:18,342 [455def2e-61ff-4e49-9c6f-295594c4a0b8-impl-thread2] INFO  server.RaftServer$Division (ServerState.java:close(427)) - 455def2e-61ff-4e49-9c6f-295594c4a0b8@group-5640AFA68D3E: applyIndex: 0
2024-03-15 21:39:18,342 [455def2e-61ff-4e49-9c6f-295594c4a0b8@group-5640AFA68D3E-cacheEviction-AwaitToRun] INFO  util.AwaitToRun (AwaitToRun.java:run(49)) - 455def2e-61ff-4e49-9c6f-295594c4a0b8@group-5640AFA68D3E-cacheEviction-AwaitToRun-AwaitForSignal is interrupted
2024-03-15 21:39:18,341 [bf6310f0-ec4f-414e-a975-974a715da885@group-E360525BF245-cacheEviction-AwaitToRun] INFO  util.AwaitToRun (AwaitToRun.java:run(49)) - bf6310f0-ec4f-414e-a975-974a715da885@group-E360525BF245-cacheEviction-AwaitToRun-AwaitForSignal is interrupted
2024-03-15 21:39:18,339 [Thread-2156] INFO  server.GrpcServerProtocolClient (GrpcServerProtocolClient.java:close(103)) - 8b353431-6b66-4460-9602-55c815b93317 Close channels
2024-03-15 21:39:18,344 [ForkJoinPool.commonPool-worker-6] INFO  server.GrpcService (GrpcService.java:closeImpl(320)) - 91ca698e-74b5-4d15-9852-8e087478f801: shutdown server org.apache.ratis.grpc.server.GrpcClientProtocolService successfully
2024-03-15 21:39:18,344 [ForkJoinPool.commonPool-worker-6] INFO  server.GrpcService (GrpcService.java:closeImpl(311)) - 91ca698e-74b5-4d15-9852-8e087478f801: shutdown server GrpcServerProtocolService now
2024-03-15 21:39:18,339 [Thread-2153] INFO  server.GrpcServerProtocolClient (GrpcServerProtocolClient.java:close(103)) - e952460c-8236-4bec-b567-d040e1d0e4f9 Close channels
2024-03-15 21:39:18,339 [91ca698e-74b5-4d15-9852-8e087478f801@group-5945C1BD35EC-StateMachineUpdater] INFO  ratis.ContainerStateMachine (ContainerStateMachine.java:takeSnapshot(366)) - group-5945C1BD35EC: Finished taking a snapshot at:(t:1, i:0) file:/home/runner/work/ozone/ozone/hadoop-ozone/integration-test/target/test-dir/MiniOzoneClusterImpl-3a4de177-78ca-4f6d-b60b-6b5c736a6a4e/ozone-meta/datanode-3/ratis/81c55f63-aa9b-437b-8855-5945c1bd35ec/sm/snapshot.1_0 took: 1 ms
2024-03-15 21:39:18,345 [91ca698e-74b5-4d15-9852-8e087478f801@group-5945C1BD35EC-StateMachineUpdater] INFO  impl.StateMachineUpdater (StateMachineUpdater.java:takeSnapshot(295)) - 91ca698e-74b5-4d15-9852-8e087478f801@group-5945C1BD35EC-StateMachineUpdater: Took a snapshot at index 0
2024-03-15 21:39:18,345 [91ca698e-74b5-4d15-9852-8e087478f801@group-5945C1BD35EC-StateMachineUpdater] INFO  impl.StateMachineUpdater (StateMachineUpdater.java:lambda$new$0(98)) - 91ca698e-74b5-4d15-9852-8e087478f801@group-5945C1BD35EC-StateMachineUpdater: snapshotIndex: updateIncreasingly -1 -> 0
2024-03-15 21:39:18,339 [e76b1ec9-b399-499f-a8ce-a1f080404f38-impl-thread2] INFO  server.RaftServer$Division (ServerState.java:close(427)) - e76b1ec9-b399-499f-a8ce-a1f080404f38@group-CC7984C646FB: applyIndex: 0
2024-03-15 21:39:18,343 [main] INFO  server.GrpcService (GrpcService.java:closeImpl(320)) - 455def2e-61ff-4e49-9c6f-295594c4a0b8: shutdown server org.apache.ratis.grpc.server.GrpcClientProtocolService successfully
2024-03-15 21:39:18,345 [main] INFO  server.GrpcService (GrpcService.java:closeImpl(311)) - 455def2e-61ff-4e49-9c6f-295594c4a0b8: shutdown server GrpcServerProtocolService now
2024-03-15 21:39:18,346 [grpc-default-executor-5] WARN  server.GrpcServerProtocolService (LogUtils.java:warn(121)) - 91ca698e-74b5-4d15-9852-8e087478f801: APPEND_ENTRIES onError, lastRequest: null: org.apache.ratis.thirdparty.io.grpc.StatusRuntimeException: CANCELLED: client cancelled
2024-03-15 21:39:18,343 [91ca698e-74b5-4d15-9852-8e087478f801@group-C58D29EE5220-StateMachineUpdater] INFO  ratis.ContainerStateMachine (ContainerStateMachine.java:takeSnapshot(355)) - group-C58D29EE5220: Taking a snapshot at:(t:1, i:0) file /home/runner/work/ozone/ozone/hadoop-ozone/integration-test/target/test-dir/MiniOzoneClusterImpl-3a4de177-78ca-4f6d-b60b-6b5c736a6a4e/ozone-meta/datanode-3/ratis/71be99a8-5358-4ab1-a8a7-c58d29ee5220/sm/snapshot.1_0
2024-03-15 21:39:18,343 [91ca698e-74b5-4d15-9852-8e087478f801@group-C58D29EE5220-FollowerState] INFO  impl.FollowerState (FollowerState.java:run(152)) - 91ca698e-74b5-4d15-9852-8e087478f801@group-C58D29EE5220-FollowerState was interrupted
2024-03-15 21:39:18,343 [91ca698e-74b5-4d15-9852-8e087478f801-impl-thread2] INFO  impl.StateMachineUpdater (StateMachineUpdater.java:stopAndJoin(157)) - 91ca698e-74b5-4d15-9852-8e087478f801@group-C58D29EE5220-StateMachineUpdater: set stopIndex = 0
2024-03-15 21:39:18,342 [e76b1ec9-b399-499f-a8ce-a1f080404f38@group-FF386EC77000->e952460c-8236-4bec-b567-d040e1d0e4f9-GrpcLogAppender-LogAppenderDaemon] WARN  server.GrpcLogAppender (GrpcLogAppender.java:mayWait(289)) - e76b1ec9-b399-499f-a8ce-a1f080404f38@group-FF386EC77000->e952460c-8236-4bec-b567-d040e1d0e4f9-GrpcLogAppender: Wait interrupted by java.lang.InterruptedException
2024-03-15 21:39:18,342 [e76b1ec9-b399-499f-a8ce-a1f080404f38@group-FF386EC77000->8b353431-6b66-4460-9602-55c815b93317-GrpcLogAppender-LogAppenderDaemon] WARN  server.GrpcLogAppender (GrpcLogAppender.java:mayWait(289)) - e76b1ec9-b399-499f-a8ce-a1f080404f38@group-FF386EC77000->8b353431-6b66-4460-9602-55c815b93317-GrpcLogAppender: Wait interrupted by java.lang.InterruptedException
2024-03-15 21:39:18,347 [91ca698e-74b5-4d15-9852-8e087478f801@group-C58D29EE5220-StateMachineUpdater] INFO  ratis.ContainerStateMachine (ContainerStateMachine.java:takeSnapshot(366)) - group-C58D29EE5220: Finished taking a snapshot at:(t:1, i:0) file:/home/runner/work/ozone/ozone/hadoop-ozone/integration-test/target/test-dir/MiniOzoneClusterImpl-3a4de177-78ca-4f6d-b60b-6b5c736a6a4e/ozone-meta/datanode-3/ratis/71be99a8-5358-4ab1-a8a7-c58d29ee5220/sm/snapshot.1_0 took: 3 ms
2024-03-15 21:39:18,347 [grpc-default-executor-5] INFO  server.GrpcServerProtocolService (GrpcServerProtocolService.java:onCompleted(157)) - e952460c-8236-4bec-b567-d040e1d0e4f9: Completed APPEND_ENTRIES, lastRequest: null
2024-03-15 21:39:18,347 [91ca698e-74b5-4d15-9852-8e087478f801@group-C58D29EE5220-StateMachineUpdater] INFO  impl.StateMachineUpdater (StateMachineUpdater.java:takeSnapshot(295)) - 91ca698e-74b5-4d15-9852-8e087478f801@group-C58D29EE5220-StateMachineUpdater: Took a snapshot at index 0
2024-03-15 21:39:18,347 [91ca698e-74b5-4d15-9852-8e087478f801@group-C58D29EE5220-StateMachineUpdater] INFO  impl.StateMachineUpdater (StateMachineUpdater.java:lambda$new$0(98)) - 91ca698e-74b5-4d15-9852-8e087478f801@group-C58D29EE5220-StateMachineUpdater: snapshotIndex: updateIncreasingly -1 -> 0
2024-03-15 21:39:18,347 [grpc-default-executor-5] INFO  server.GrpcServerProtocolService (GrpcServerProtocolService.java:lambda$onCompleted$5(159)) - e952460c-8236-4bec-b567-d040e1d0e4f9: Completed APPEND_ENTRIES, lastReply: serverReply {
  requestorId: "e76b1ec9-b399-499f-a8ce-a1f080404f38"
  replyId: "e952460c-8236-4bec-b567-d040e1d0e4f9"
  raftGroupId {
    id: "\320\271.\254\206$C\222\221\327\3778n\307p\000"
  }
  callId: 7
  success: true
}
term: 1
nextIndex: 1
matchIndex: 18446744073709551615
isHearbeat: true

2024-03-15 21:39:18,347 [91ca698e-74b5-4d15-9852-8e087478f801-impl-thread2] INFO  server.RaftServer$Division (ServerState.java:close(427)) - 91ca698e-74b5-4d15-9852-8e087478f801@group-C58D29EE5220: applyIndex: 0
2024-03-15 21:39:18,342 [e76b1ec9-b399-499f-a8ce-a1f080404f38-impl-thread1] INFO  impl.PendingRequests (PendingRequests.java:sendNotLeaderResponses(289)) - e76b1ec9-b399-499f-a8ce-a1f080404f38@group-FF386EC77000-PendingRequests: sendNotLeaderResponses
2024-03-15 21:39:18,349 [grpc-default-executor-2] WARN  server.GrpcServerProtocolService (LogUtils.java:warn(121)) - 91ca698e-74b5-4d15-9852-8e087478f801: APPEND_ENTRIES onError, lastRequest: ab213e82-42b9-48b1-ae0f-aa83a6d4a4a6->91ca698e-74b5-4d15-9852-8e087478f801#1-t1,previous=(t:0, i:0),leaderCommit=-1,initializing? false,entries: size=1, first=(t:1, i:0), CONFIGURATIONENTRY(current:id: "ab213e82-42b9-48b1-ae0f-aa83a6d4a4a6"
address: "10.1.0.11:15112"
priority: 1
dataStreamAddress: "10.1.0.11:15113"
clientAddress: "10.1.0.11:15110"
adminAddress: "10.1.0.11:15111"
startupRole: FOLLOWER
,id: "91ca698e-74b5-4d15-9852-8e087478f801"
address: "10.1.0.11:15121"
dataStreamAddress: "10.1.0.11:15122"
clientAddress: "10.1.0.11:15119"
adminAddress: "10.1.0.11:15120"
startupRole: FOLLOWER
,id: "b499248e-0c06-432d-b10b-4f9787fe0788"
address: "10.1.0.11:15103"
dataStreamAddress: "10.1.0.11:15104"
clientAddress: "10.1.0.11:15101"
adminAddress: "10.1.0.11:15102"
startupRole: FOLLOWER
, old:): org.apache.ratis.thirdparty.io.grpc.StatusRuntimeException: CANCELLED: client cancelled
2024-03-15 21:39:18,349 [e76b1ec9-b399-499f-a8ce-a1f080404f38-impl-thread1] INFO  impl.StateMachineUpdater (StateMachineUpdater.java:stopAndJoin(157)) - e76b1ec9-b399-499f-a8ce-a1f080404f38@group-FF386EC77000-StateMachineUpdater: set stopIndex = 0
2024-03-15 21:39:18,349 [grpc-default-executor-1] WARN  server.GrpcLogAppender (LogUtils.java:warn(121)) - ab213e82-42b9-48b1-ae0f-aa83a6d4a4a6@group-C58D29EE5220->91ca698e-74b5-4d15-9852-8e087478f801-AppendLogResponseHandler: Failed appendEntries: org.apache.ratis.thirdparty.io.grpc.StatusRuntimeException: CANCELLED: RST_STREAM closed stream. HTTP/2 error code: CANCEL
2024-03-15 21:39:18,345 [91ca698e-74b5-4d15-9852-8e087478f801-impl-thread1] INFO  server.RaftServer$Division (ServerState.java:close(427)) - 91ca698e-74b5-4d15-9852-8e087478f801@group-5945C1BD35EC: applyIndex: 0
2024-03-15 21:39:18,349 [e76b1ec9-b399-499f-a8ce-a1f080404f38@group-FF386EC77000-StateMachineUpdater] INFO  ratis.ContainerStateMachine (ContainerStateMachine.java:takeSnapshot(355)) - group-FF386EC77000: Taking a snapshot at:(t:1, i:0) file /home/runner/work/ozone/ozone/hadoop-ozone/integration-test/target/test-dir/MiniOzoneClusterImpl-3a4de177-78ca-4f6d-b60b-6b5c736a6a4e/ozone-meta/datanode-8/ratis/d0b92eac-8624-4392-91d7-ff386ec77000/sm/snapshot.1_0
2024-03-15 21:39:18,350 [e76b1ec9-b399-499f-a8ce-a1f080404f38@group-FF386EC77000-StateMachineUpdater] INFO  ratis.ContainerStateMachine (ContainerStateMachine.java:takeSnapshot(366)) - group-FF386EC77000: Finished taking a snapshot at:(t:1, i:0) file:/home/runner/work/ozone/ozone/hadoop-ozone/integration-test/target/test-dir/MiniOzoneClusterImpl-3a4de177-78ca-4f6d-b60b-6b5c736a6a4e/ozone-meta/datanode-8/ratis/d0b92eac-8624-4392-91d7-ff386ec77000/sm/snapshot.1_0 took: 1 ms
2024-03-15 21:39:18,350 [e76b1ec9-b399-499f-a8ce-a1f080404f38@group-FF386EC77000-StateMachineUpdater] INFO  impl.StateMachineUpdater (StateMachineUpdater.java:takeSnapshot(295)) - e76b1ec9-b399-499f-a8ce-a1f080404f38@group-FF386EC77000-StateMachineUpdater: Took a snapshot at index 0
2024-03-15 21:39:18,350 [e76b1ec9-b399-499f-a8ce-a1f080404f38@group-FF386EC77000-StateMachineUpdater] INFO  impl.StateMachineUpdater (StateMachineUpdater.java:lambda$new$0(98)) - e76b1ec9-b399-499f-a8ce-a1f080404f38@group-FF386EC77000-StateMachineUpdater: snapshotIndex: updateIncreasingly -1 -> 0
2024-03-15 21:39:18,350 [e76b1ec9-b399-499f-a8ce-a1f080404f38-impl-thread1] INFO  server.RaftServer$Division (ServerState.java:close(427)) - e76b1ec9-b399-499f-a8ce-a1f080404f38@group-FF386EC77000: applyIndex: 0
2024-03-15 21:39:18,350 [grpc-default-executor-1] WARN  server.GrpcLogAppender (GrpcLogAppender.java:lambda$resetClient$1(217)) - ab213e82-42b9-48b1-ae0f-aa83a6d4a4a6@group-C58D29EE5220->91ca698e-74b5-4d15-9852-8e087478f801-GrpcLogAppender: Follower failed (request=null, errorCount=1); keep nextIndex (1) unchanged and retry.
2024-03-15 21:39:18,353 [grpc-default-executor-2] INFO  server.GrpcServerProtocolService (GrpcServerProtocolService.java:onCompleted(157)) - e952460c-8236-4bec-b567-d040e1d0e4f9: Completed APPEND_ENTRIES, lastRequest: e76b1ec9-b399-499f-a8ce-a1f080404f38->e952460c-8236-4bec-b567-d040e1d0e4f9#1-t1,previous=(t:0, i:0),leaderCommit=-1,initializing? false,entries: size=1, first=(t:1, i:0), CONFIGURATIONENTRY(current:id: "e952460c-8236-4bec-b567-d040e1d0e4f9"
address: "10.1.0.11:15157"
dataStreamAddress: "10.1.0.11:15158"
clientAddress: "10.1.0.11:15155"
adminAddress: "10.1.0.11:15156"
startupRole: FOLLOWER
,id: "8b353431-6b66-4460-9602-55c815b93317"
address: "10.1.0.11:15175"
dataStreamAddress: "10.1.0.11:15176"
clientAddress: "10.1.0.11:15173"
adminAddress: "10.1.0.11:15174"
startupRole: FOLLOWER
,id: "e76b1ec9-b399-499f-a8ce-a1f080404f38"
address: "10.1.0.11:15166"
priority: 1
dataStreamAddress: "10.1.0.11:15167"
clientAddress: "10.1.0.11:15164"
adminAddress: "10.1.0.11:15165"
startupRole: FOLLOWER
, old:)
2024-03-15 21:39:18,353 [grpc-default-executor-2] INFO  server.GrpcServerProtocolService (GrpcServerProtocolService.java:lambda$onCompleted$5(159)) - e952460c-8236-4bec-b567-d040e1d0e4f9: Completed APPEND_ENTRIES, lastReply: null
2024-03-15 21:39:18,353 [grpc-default-executor-2] INFO  server.GrpcLogAppender (GrpcLogAppender.java:onCompleted(546)) - e76b1ec9-b399-499f-a8ce-a1f080404f38@group-FF386EC77000->e952460c-8236-4bec-b567-d040e1d0e4f9-AppendLogResponseHandler: follower responses appendEntries COMPLETED
2024-03-15 21:39:18,353 [grpc-default-executor-2] WARN  server.GrpcLogAppender (GrpcLogAppender.java:resetClient(226)) - e76b1ec9-b399-499f-a8ce-a1f080404f38@group-FF386EC77000->e952460c-8236-4bec-b567-d040e1d0e4f9-GrpcLogAppender: Failed to getClient for e952460c-8236-4bec-b567-d040e1d0e4f9
org.apache.ratis.protocol.exceptions.AlreadyClosedException: e76b1ec9-b399-499f-a8ce-a1f080404f38 is already CLOSED
	at org.apache.ratis.util.PeerProxyMap$PeerAndProxy.getProxy(PeerProxyMap.java:65)
	at org.apache.ratis.util.PeerProxyMap.getProxy(PeerProxyMap.java:114)
	at org.apache.ratis.grpc.server.GrpcLogAppender.getClient(GrpcLogAppender.java:196)
	at org.apache.ratis.grpc.server.GrpcLogAppender.resetClient(GrpcLogAppender.java:201)
	at org.apache.ratis.grpc.server.GrpcLogAppender.access$800(GrpcLogAppender.java:62)
	at org.apache.ratis.grpc.server.GrpcLogAppender$AppendLogResponseHandler.onCompleted(GrpcLogAppender.java:547)
	at org.apache.ratis.thirdparty.io.grpc.stub.ClientCalls$StreamObserverToCallListenerAdapter.onClose(ClientCalls.java:479)
	at org.apache.ratis.thirdparty.io.grpc.internal.ClientCallImpl.closeObserver(ClientCallImpl.java:567)
	at org.apache.ratis.thirdparty.io.grpc.internal.ClientCallImpl.access$300(ClientCallImpl.java:71)
	at org.apache.ratis.thirdparty.io.grpc.internal.ClientCallImpl$ClientStreamListenerImpl$1StreamClosed.runInternal(ClientCallImpl.java:735)
	at org.apache.ratis.thirdparty.io.grpc.internal.ClientCallImpl$ClientStreamListenerImpl$1StreamClosed.runInContext(ClientCallImpl.java:716)
	at org.apache.ratis.thirdparty.io.grpc.internal.ContextRunnable.run(ContextRunnable.java:37)
	at org.apache.ratis.thirdparty.io.grpc.internal.SerializingExecutor.run(SerializingExecutor.java:133)
	at java.util.concurrent.ThreadPoolExecutor.runWorker(ThreadPoolExecutor.java:1149)
	at java.util.concurrent.ThreadPoolExecutor$Worker.run(ThreadPoolExecutor.java:624)
	at java.lang.Thread.run(Thread.java:750)
2024-03-15 21:39:18,354 [e76b1ec9-b399-499f-a8ce-a1f080404f38@group-FF386EC77000-cacheEviction-AwaitToRun] INFO  util.AwaitToRun (AwaitToRun.java:run(49)) - e76b1ec9-b399-499f-a8ce-a1f080404f38@group-FF386EC77000-cacheEviction-AwaitToRun-AwaitForSignal is interrupted
2024-03-15 21:39:18,354 [main] INFO  server.GrpcService (GrpcService.java:closeImpl(320)) - 455def2e-61ff-4e49-9c6f-295594c4a0b8: shutdown server GrpcServerProtocolService successfully
2024-03-15 21:39:18,354 [main] INFO  server.GrpcService (GrpcService.java:closeImpl(311)) - 455def2e-61ff-4e49-9c6f-295594c4a0b8: shutdown server org.apache.ratis.grpc.server.GrpcAdminProtocolService now
2024-03-15 21:39:18,357 [91ca698e-74b5-4d15-9852-8e087478f801@group-5945C1BD35EC-cacheEviction-AwaitToRun] INFO  util.AwaitToRun (AwaitToRun.java:run(49)) - 91ca698e-74b5-4d15-9852-8e087478f801@group-5945C1BD35EC-cacheEviction-AwaitToRun-AwaitForSignal is interrupted
2024-03-15 21:39:18,361 [grpc-default-executor-5] INFO  server.GrpcLogAppender (GrpcLogAppender.java:onCompleted(546)) - e76b1ec9-b399-499f-a8ce-a1f080404f38@group-FF386EC77000->e952460c-8236-4bec-b567-d040e1d0e4f9-AppendLogResponseHandler: follower responses appendEntries COMPLETED
2024-03-15 21:39:18,361 [grpc-default-executor-0] INFO  server.GrpcServerProtocolService (GrpcServerProtocolService.java:onCompleted(157)) - 8b353431-6b66-4460-9602-55c815b93317: Completed APPEND_ENTRIES, lastRequest: null
2024-03-15 21:39:18,361 [91ca698e-74b5-4d15-9852-8e087478f801@group-C58D29EE5220-cacheEviction-AwaitToRun] INFO  util.AwaitToRun (AwaitToRun.java:run(49)) - 91ca698e-74b5-4d15-9852-8e087478f801@group-C58D29EE5220-cacheEviction-AwaitToRun-AwaitForSignal is interrupted
2024-03-15 21:39:18,362 [e76b1ec9-b399-499f-a8ce-a1f080404f38@group-CC7984C646FB-cacheEviction-AwaitToRun] INFO  util.AwaitToRun (AwaitToRun.java:run(49)) - e76b1ec9-b399-499f-a8ce-a1f080404f38@group-CC7984C646FB-cacheEviction-AwaitToRun-AwaitForSignal is interrupted
2024-03-15 21:39:18,361 [grpc-default-executor-5] WARN  server.GrpcLogAppender (GrpcLogAppender.java:resetClient(226)) - e76b1ec9-b399-499f-a8ce-a1f080404f38@group-FF386EC77000->e952460c-8236-4bec-b567-d040e1d0e4f9-GrpcLogAppender: Failed to getClient for e952460c-8236-4bec-b567-d040e1d0e4f9
org.apache.ratis.protocol.exceptions.AlreadyClosedException: e76b1ec9-b399-499f-a8ce-a1f080404f38 is already CLOSED
	at org.apache.ratis.util.PeerProxyMap$PeerAndProxy.getProxy(PeerProxyMap.java:65)
	at org.apache.ratis.util.PeerProxyMap.getProxy(PeerProxyMap.java:114)
	at org.apache.ratis.grpc.server.GrpcLogAppender.getClient(GrpcLogAppender.java:196)
	at org.apache.ratis.grpc.server.GrpcLogAppender.resetClient(GrpcLogAppender.java:201)
	at org.apache.ratis.grpc.server.GrpcLogAppender.access$800(GrpcLogAppender.java:62)
	at org.apache.ratis.grpc.server.GrpcLogAppender$AppendLogResponseHandler.onCompleted(GrpcLogAppender.java:547)
	at org.apache.ratis.thirdparty.io.grpc.stub.ClientCalls$StreamObserverToCallListenerAdapter.onClose(ClientCalls.java:479)
	at org.apache.ratis.thirdparty.io.grpc.internal.DelayedClientCall$DelayedListener$3.run(DelayedClientCall.java:489)
	at org.apache.ratis.thirdparty.io.grpc.internal.DelayedClientCall$DelayedListener.delayOrExecute(DelayedClientCall.java:453)
	at org.apache.ratis.thirdparty.io.grpc.internal.DelayedClientCall$DelayedListener.onClose(DelayedClientCall.java:486)
	at org.apache.ratis.thirdparty.io.grpc.internal.ClientCallImpl.closeObserver(ClientCallImpl.java:567)
	at org.apache.ratis.thirdparty.io.grpc.internal.ClientCallImpl.access$300(ClientCallImpl.java:71)
	at org.apache.ratis.thirdparty.io.grpc.internal.ClientCallImpl$ClientStreamListenerImpl$1StreamClosed.runInternal(ClientCallImpl.java:735)
	at org.apache.ratis.thirdparty.io.grpc.internal.ClientCallImpl$ClientStreamListenerImpl$1StreamClosed.runInContext(ClientCallImpl.java:716)
	at org.apache.ratis.thirdparty.io.grpc.internal.ContextRunnable.run(ContextRunnable.java:37)
	at org.apache.ratis.thirdparty.io.grpc.internal.SerializingExecutor.run(SerializingExecutor.java:133)
	at java.util.concurrent.ThreadPoolExecutor.runWorker(ThreadPoolExecutor.java:1149)
	at java.util.concurrent.ThreadPoolExecutor$Worker.run(ThreadPoolExecutor.java:624)
	at java.lang.Thread.run(Thread.java:750)
2024-03-15 21:39:18,364 [main] INFO  server.GrpcService (GrpcService.java:closeImpl(320)) - 455def2e-61ff-4e49-9c6f-295594c4a0b8: shutdown server org.apache.ratis.grpc.server.GrpcAdminProtocolService successfully
2024-03-15 21:39:18,363 [grpc-default-executor-2] INFO  server.GrpcServerProtocolService (GrpcServerProtocolService.java:onCompleted(157)) - 8b353431-6b66-4460-9602-55c815b93317: Completed APPEND_ENTRIES, lastRequest: e76b1ec9-b399-499f-a8ce-a1f080404f38->8b353431-6b66-4460-9602-55c815b93317#1-t1,previous=(t:0, i:0),leaderCommit=-1,initializing? false,entries: size=1, first=(t:1, i:0), CONFIGURATIONENTRY(current:id: "e952460c-8236-4bec-b567-d040e1d0e4f9"
address: "10.1.0.11:15157"
dataStreamAddress: "10.1.0.11:15158"
clientAddress: "10.1.0.11:15155"
adminAddress: "10.1.0.11:15156"
startupRole: FOLLOWER
,id: "8b353431-6b66-4460-9602-55c815b93317"
address: "10.1.0.11:15175"
dataStreamAddress: "10.1.0.11:15176"
clientAddress: "10.1.0.11:15173"
adminAddress: "10.1.0.11:15174"
startupRole: FOLLOWER
,id: "e76b1ec9-b399-499f-a8ce-a1f080404f38"
address: "10.1.0.11:15166"
priority: 1
dataStreamAddress: "10.1.0.11:15167"
clientAddress: "10.1.0.11:15164"
adminAddress: "10.1.0.11:15165"
startupRole: FOLLOWER
, old:)
2024-03-15 21:39:18,364 [grpc-default-executor-2] INFO  server.GrpcServerProtocolService (GrpcServerProtocolService.java:lambda$onCompleted$5(159)) - 8b353431-6b66-4460-9602-55c815b93317: Completed APPEND_ENTRIES, lastReply: null
2024-03-15 21:39:18,362 [ForkJoinPool.commonPool-worker-6] INFO  server.GrpcService (GrpcService.java:closeImpl(320)) - 91ca698e-74b5-4d15-9852-8e087478f801: shutdown server GrpcServerProtocolService successfully
2024-03-15 21:39:18,365 [ForkJoinPool.commonPool-worker-6] INFO  server.GrpcService (GrpcService.java:closeImpl(311)) - 91ca698e-74b5-4d15-9852-8e087478f801: shutdown server org.apache.ratis.grpc.server.GrpcAdminProtocolService now
2024-03-15 21:39:18,366 [ForkJoinPool.commonPool-worker-6] INFO  server.GrpcService (GrpcService.java:closeImpl(320)) - 91ca698e-74b5-4d15-9852-8e087478f801: shutdown server org.apache.ratis.grpc.server.GrpcAdminProtocolService successfully
2024-03-15 21:39:18,366 [grpc-default-executor-0] INFO  server.GrpcServerProtocolService (GrpcServerProtocolService.java:lambda$onCompleted$5(159)) - 8b353431-6b66-4460-9602-55c815b93317: Completed APPEND_ENTRIES, lastReply: serverReply {
  requestorId: "e76b1ec9-b399-499f-a8ce-a1f080404f38"
  replyId: "8b353431-6b66-4460-9602-55c815b93317"
  raftGroupId {
    id: "\320\271.\254\206$C\222\221\327\3778n\307p\000"
  }
  callId: 7
  success: true
}
term: 1
nextIndex: 1
matchIndex: 18446744073709551615
isHearbeat: true

2024-03-15 21:39:18,368 [grpc-default-executor-0] INFO  server.GrpcLogAppender (GrpcLogAppender.java:onCompleted(546)) - e76b1ec9-b399-499f-a8ce-a1f080404f38@group-FF386EC77000->8b353431-6b66-4460-9602-55c815b93317-AppendLogResponseHandler: follower responses appendEntries COMPLETED
2024-03-15 21:39:18,368 [grpc-default-executor-0] WARN  server.GrpcLogAppender (GrpcLogAppender.java:resetClient(226)) - e76b1ec9-b399-499f-a8ce-a1f080404f38@group-FF386EC77000->8b353431-6b66-4460-9602-55c815b93317-GrpcLogAppender: Failed to getClient for 8b353431-6b66-4460-9602-55c815b93317
org.apache.ratis.protocol.exceptions.AlreadyClosedException: e76b1ec9-b399-499f-a8ce-a1f080404f38 is already CLOSED
	at org.apache.ratis.util.PeerProxyMap$PeerAndProxy.getProxy(PeerProxyMap.java:65)
	at org.apache.ratis.util.PeerProxyMap.getProxy(PeerProxyMap.java:114)
	at org.apache.ratis.grpc.server.GrpcLogAppender.getClient(GrpcLogAppender.java:196)
	at org.apache.ratis.grpc.server.GrpcLogAppender.resetClient(GrpcLogAppender.java:201)
	at org.apache.ratis.grpc.server.GrpcLogAppender.access$800(GrpcLogAppender.java:62)
	at org.apache.ratis.grpc.server.GrpcLogAppender$AppendLogResponseHandler.onCompleted(GrpcLogAppender.java:547)
	at org.apache.ratis.thirdparty.io.grpc.stub.ClientCalls$StreamObserverToCallListenerAdapter.onClose(ClientCalls.java:479)
	at org.apache.ratis.thirdparty.io.grpc.internal.ClientCallImpl.closeObserver(ClientCallImpl.java:567)
	at org.apache.ratis.thirdparty.io.grpc.internal.ClientCallImpl.access$300(ClientCallImpl.java:71)
	at org.apache.ratis.thirdparty.io.grpc.internal.ClientCallImpl$ClientStreamListenerImpl$1StreamClosed.runInternal(ClientCallImpl.java:735)
	at org.apache.ratis.thirdparty.io.grpc.internal.ClientCallImpl$ClientStreamListenerImpl$1StreamClosed.runInContext(ClientCallImpl.java:716)
	at org.apache.ratis.thirdparty.io.grpc.internal.ContextRunnable.run(ContextRunnable.java:37)
	at org.apache.ratis.thirdparty.io.grpc.internal.SerializingExecutor.run(SerializingExecutor.java:133)
	at java.util.concurrent.ThreadPoolExecutor.runWorker(ThreadPoolExecutor.java:1149)
	at java.util.concurrent.ThreadPoolExecutor$Worker.run(ThreadPoolExecutor.java:624)
	at java.lang.Thread.run(Thread.java:750)
2024-03-15 21:39:18,371 [grpc-default-executor-2] INFO  server.GrpcLogAppender (GrpcLogAppender.java:onCompleted(546)) - e76b1ec9-b399-499f-a8ce-a1f080404f38@group-FF386EC77000->8b353431-6b66-4460-9602-55c815b93317-AppendLogResponseHandler: follower responses appendEntries COMPLETED
2024-03-15 21:39:18,371 [grpc-default-executor-2] WARN  server.GrpcLogAppender (GrpcLogAppender.java:resetClient(226)) - e76b1ec9-b399-499f-a8ce-a1f080404f38@group-FF386EC77000->8b353431-6b66-4460-9602-55c815b93317-GrpcLogAppender: Failed to getClient for 8b353431-6b66-4460-9602-55c815b93317
org.apache.ratis.protocol.exceptions.AlreadyClosedException: e76b1ec9-b399-499f-a8ce-a1f080404f38 is already CLOSED
	at org.apache.ratis.util.PeerProxyMap$PeerAndProxy.getProxy(PeerProxyMap.java:65)
	at org.apache.ratis.util.PeerProxyMap.getProxy(PeerProxyMap.java:114)
	at org.apache.ratis.grpc.server.GrpcLogAppender.getClient(GrpcLogAppender.java:196)
	at org.apache.ratis.grpc.server.GrpcLogAppender.resetClient(GrpcLogAppender.java:201)
	at org.apache.ratis.grpc.server.GrpcLogAppender.access$800(GrpcLogAppender.java:62)
	at org.apache.ratis.grpc.server.GrpcLogAppender$AppendLogResponseHandler.onCompleted(GrpcLogAppender.java:547)
	at org.apache.ratis.thirdparty.io.grpc.stub.ClientCalls$StreamObserverToCallListenerAdapter.onClose(ClientCalls.java:479)
	at org.apache.ratis.thirdparty.io.grpc.internal.ClientCallImpl.closeObserver(ClientCallImpl.java:567)
	at org.apache.ratis.thirdparty.io.grpc.internal.ClientCallImpl.access$300(ClientCallImpl.java:71)
	at org.apache.ratis.thirdparty.io.grpc.internal.ClientCallImpl$ClientStreamListenerImpl$1StreamClosed.runInternal(ClientCallImpl.java:735)
	at org.apache.ratis.thirdparty.io.grpc.internal.ClientCallImpl$ClientStreamListenerImpl$1StreamClosed.runInContext(ClientCallImpl.java:716)
	at org.apache.ratis.thirdparty.io.grpc.internal.ContextRunnable.run(ContextRunnable.java:37)
	at org.apache.ratis.thirdparty.io.grpc.internal.SerializingExecutor.run(SerializingExecutor.java:133)
	at java.util.concurrent.ThreadPoolExecutor.runWorker(ThreadPoolExecutor.java:1149)
	at java.util.concurrent.ThreadPoolExecutor$Worker.run(ThreadPoolExecutor.java:624)
	at java.lang.Thread.run(Thread.java:750)
2024-03-15 21:39:18,373 [ForkJoinPool.commonPool-worker-7] INFO  server.GrpcService (GrpcService.java:closeImpl(320)) - e76b1ec9-b399-499f-a8ce-a1f080404f38: shutdown server org.apache.ratis.grpc.server.GrpcClientProtocolService successfully
2024-03-15 21:39:18,373 [ForkJoinPool.commonPool-worker-7] INFO  server.GrpcService (GrpcService.java:closeImpl(311)) - e76b1ec9-b399-499f-a8ce-a1f080404f38: shutdown server GrpcServerProtocolService now
2024-03-15 21:39:18,375 [91ca698e-74b5-4d15-9852-8e087478f801-NettyServerStreamRpc-bossGroup--thread1] INFO  logging.LoggingHandler (AbstractInternalLogger.java:log(148)) - [id: 0xd2fc1a2c, L:/0.0.0.0:15122] CLOSE
2024-03-15 21:39:18,375 [91ca698e-74b5-4d15-9852-8e087478f801-NettyServerStreamRpc-bossGroup--thread1] INFO  logging.LoggingHandler (AbstractInternalLogger.java:log(148)) - [id: 0xd2fc1a2c, L:/0.0.0.0:15122] INACTIVE
2024-03-15 21:39:18,375 [91ca698e-74b5-4d15-9852-8e087478f801-NettyServerStreamRpc-bossGroup--thread1] INFO  logging.LoggingHandler (AbstractInternalLogger.java:log(148)) - [id: 0xd2fc1a2c, L:/0.0.0.0:15122] UNREGISTERED
2024-03-15 21:39:18,376 [ForkJoinPool.commonPool-worker-1] INFO  ozoneimpl.OzoneContainer (OzoneContainer.java:stop(481)) - Attempting to stop container services.
2024-03-15 21:39:18,381 [ForkJoinPool.commonPool-worker-7] INFO  server.GrpcService (GrpcService.java:closeImpl(320)) - e76b1ec9-b399-499f-a8ce-a1f080404f38: shutdown server GrpcServerProtocolService successfully
2024-03-15 21:39:18,382 [ForkJoinPool.commonPool-worker-7] INFO  server.GrpcService (GrpcService.java:closeImpl(311)) - e76b1ec9-b399-499f-a8ce-a1f080404f38: shutdown server org.apache.ratis.grpc.server.GrpcAdminProtocolService now
2024-03-15 21:39:18,384 [455def2e-61ff-4e49-9c6f-295594c4a0b8-NettyServerStreamRpc-bossGroup--thread1] INFO  logging.LoggingHandler (AbstractInternalLogger.java:log(148)) - [id: 0x7a40e7a9, L:/0.0.0.0:15149] CLOSE
2024-03-15 21:39:18,384 [455def2e-61ff-4e49-9c6f-295594c4a0b8-NettyServerStreamRpc-bossGroup--thread1] INFO  logging.LoggingHandler (AbstractInternalLogger.java:log(148)) - [id: 0x7a40e7a9, L:/0.0.0.0:15149] INACTIVE
2024-03-15 21:39:18,384 [455def2e-61ff-4e49-9c6f-295594c4a0b8-NettyServerStreamRpc-bossGroup--thread1] INFO  logging.LoggingHandler (AbstractInternalLogger.java:log(148)) - [id: 0x7a40e7a9, L:/0.0.0.0:15149] UNREGISTERED
2024-03-15 21:39:18,384 [ContainerMetadataScanner] WARN  ozoneimpl.AbstractBackgroundContainerScanner (AbstractBackgroundContainerScanner.java:handleRemainingSleep(134)) - Background container scan was interrupted.
2024-03-15 21:39:18,384 [ContainerMetadataScanner] INFO  ozoneimpl.AbstractBackgroundContainerScanner (AbstractBackgroundContainerScanner.java:run(61)) - Thread[ContainerMetadataScanner,5,main] exiting.
2024-03-15 21:39:18,387 [ForkJoinPool.commonPool-worker-1] INFO  ozoneimpl.BackgroundContainerDataScanner (BackgroundContainerDataScanner.java:shutdown(141)) - ContainerDataScanner(/home/runner/work/ozone/ozone/hadoop-ozone/integration-test/target/test-dir/MiniOzoneClusterImpl-3a4de177-78ca-4f6d-b60b-6b5c736a6a4e/ozone-meta/datanode-2/data-0/hdds) is shutting down. 
2024-03-15 21:39:18,387 [ForkJoinPool.commonPool-worker-3] INFO  ozoneimpl.OzoneContainer (OzoneContainer.java:stop(481)) - Attempting to stop container services.
2024-03-15 21:39:18,388 [ContainerMetadataScanner] WARN  ozoneimpl.AbstractBackgroundContainerScanner (AbstractBackgroundContainerScanner.java:handleRemainingSleep(134)) - Background container scan was interrupted.
2024-03-15 21:39:18,388 [ContainerMetadataScanner] INFO  ozoneimpl.AbstractBackgroundContainerScanner (AbstractBackgroundContainerScanner.java:run(61)) - Thread[ContainerMetadataScanner,5,main] exiting.
2024-03-15 21:39:18,393 [ForkJoinPool.commonPool-worker-3] INFO  ozoneimpl.BackgroundContainerDataScanner (BackgroundContainerDataScanner.java:shutdown(141)) - ContainerDataScanner(/home/runner/work/ozone/ozone/hadoop-ozone/integration-test/target/test-dir/MiniOzoneClusterImpl-3a4de177-78ca-4f6d-b60b-6b5c736a6a4e/ozone-meta/datanode-4/data-0/hdds) is shutting down. 
2024-03-15 21:39:18,393 [bf6310f0-ec4f-414e-a975-974a715da885-NettyServerStreamRpc-bossGroup--thread1] INFO  logging.LoggingHandler (AbstractInternalLogger.java:log(148)) - [id: 0x72e65e9a, L:/0.0.0.0:15140] CLOSE
2024-03-15 21:39:18,394 [bf6310f0-ec4f-414e-a975-974a715da885-NettyServerStreamRpc-bossGroup--thread1] INFO  logging.LoggingHandler (AbstractInternalLogger.java:log(148)) - [id: 0x72e65e9a, L:/0.0.0.0:15140] INACTIVE
2024-03-15 21:39:18,394 [ForkJoinPool.commonPool-worker-7] INFO  server.GrpcService (GrpcService.java:closeImpl(320)) - e76b1ec9-b399-499f-a8ce-a1f080404f38: shutdown server org.apache.ratis.grpc.server.GrpcAdminProtocolService successfully
2024-03-15 21:39:18,394 [bf6310f0-ec4f-414e-a975-974a715da885-NettyServerStreamRpc-bossGroup--thread1] INFO  logging.LoggingHandler (AbstractInternalLogger.java:log(148)) - [id: 0x72e65e9a, L:/0.0.0.0:15140] UNREGISTERED
2024-03-15 21:39:18,396 [ContainerDataScanner(/home/runner/work/ozone/ozone/hadoop-ozone/integration-test/target/test-dir/MiniOzoneClusterImpl-3a4de177-78ca-4f6d-b60b-6b5c736a6a4e/ozone-meta/datanode-4/data-0/hdds)] WARN  ozoneimpl.AbstractBackgroundContainerScanner (AbstractBackgroundContainerScanner.java:handleRemainingSleep(134)) - Background container scan was interrupted.
2024-03-15 21:39:18,396 [ContainerDataScanner(/home/runner/work/ozone/ozone/hadoop-ozone/integration-test/target/test-dir/MiniOzoneClusterImpl-3a4de177-78ca-4f6d-b60b-6b5c736a6a4e/ozone-meta/datanode-4/data-0/hdds)] INFO  ozoneimpl.AbstractBackgroundContainerScanner (AbstractBackgroundContainerScanner.java:run(61)) - ContainerDataScanner(/home/runner/work/ozone/ozone/hadoop-ozone/integration-test/target/test-dir/MiniOzoneClusterImpl-3a4de177-78ca-4f6d-b60b-6b5c736a6a4e/ozone-meta/datanode-4/data-0/hdds, DS-38769df1-d2c7-4b50-8889-454d9c274802) exiting.
2024-03-15 21:39:18,397 [ForkJoinPool.commonPool-worker-3] INFO  server.RaftServer (RaftServerProxy.java:lambda$close$9(416)) - 05ef7519-d18f-4616-94d2-fdbdf5167048: close
2024-03-15 21:39:18,397 [ForkJoinPool.commonPool-worker-2] INFO  ozoneimpl.OzoneContainer (OzoneContainer.java:stop(481)) - Attempting to stop container services.
2024-03-15 21:39:18,397 [ContainerDataScanner(/home/runner/work/ozone/ozone/hadoop-ozone/integration-test/target/test-dir/MiniOzoneClusterImpl-3a4de177-78ca-4f6d-b60b-6b5c736a6a4e/ozone-meta/datanode-2/data-0/hdds)] WARN  ozoneimpl.AbstractBackgroundContainerScanner (AbstractBackgroundContainerScanner.java:handleRemainingSleep(134)) - Background container scan was interrupted.
2024-03-15 21:39:18,397 [ContainerDataScanner(/home/runner/work/ozone/ozone/hadoop-ozone/integration-test/target/test-dir/MiniOzoneClusterImpl-3a4de177-78ca-4f6d-b60b-6b5c736a6a4e/ozone-meta/datanode-2/data-0/hdds)] INFO  ozoneimpl.AbstractBackgroundContainerScanner (AbstractBackgroundContainerScanner.java:run(61)) - ContainerDataScanner(/home/runner/work/ozone/ozone/hadoop-ozone/integration-test/target/test-dir/MiniOzoneClusterImpl-3a4de177-78ca-4f6d-b60b-6b5c736a6a4e/ozone-meta/datanode-2/data-0/hdds, DS-f4e254d4-e94f-4a37-bfdc-b875373ca5db) exiting.
2024-03-15 21:39:18,398 [ContainerMetadataScanner] WARN  ozoneimpl.AbstractBackgroundContainerScanner (AbstractBackgroundContainerScanner.java:handleRemainingSleep(134)) - Background container scan was interrupted.
2024-03-15 21:39:18,398 [ContainerMetadataScanner] INFO  ozoneimpl.AbstractBackgroundContainerScanner (AbstractBackgroundContainerScanner.java:run(61)) - Thread[ContainerMetadataScanner,5,main] exiting.
2024-03-15 21:39:18,398 [ForkJoinPool.commonPool-worker-2] INFO  ozoneimpl.BackgroundContainerDataScanner (BackgroundContainerDataScanner.java:shutdown(141)) - ContainerDataScanner(/home/runner/work/ozone/ozone/hadoop-ozone/integration-test/target/test-dir/MiniOzoneClusterImpl-3a4de177-78ca-4f6d-b60b-6b5c736a6a4e/ozone-meta/datanode-1/data-0/hdds) is shutting down. 
2024-03-15 21:39:18,399 [ContainerDataScanner(/home/runner/work/ozone/ozone/hadoop-ozone/integration-test/target/test-dir/MiniOzoneClusterImpl-3a4de177-78ca-4f6d-b60b-6b5c736a6a4e/ozone-meta/datanode-1/data-0/hdds)] WARN  ozoneimpl.AbstractBackgroundContainerScanner (AbstractBackgroundContainerScanner.java:handleRemainingSleep(134)) - Background container scan was interrupted.
2024-03-15 21:39:18,399 [ContainerDataScanner(/home/runner/work/ozone/ozone/hadoop-ozone/integration-test/target/test-dir/MiniOzoneClusterImpl-3a4de177-78ca-4f6d-b60b-6b5c736a6a4e/ozone-meta/datanode-1/data-0/hdds)] INFO  ozoneimpl.AbstractBackgroundContainerScanner (AbstractBackgroundContainerScanner.java:run(61)) - ContainerDataScanner(/home/runner/work/ozone/ozone/hadoop-ozone/integration-test/target/test-dir/MiniOzoneClusterImpl-3a4de177-78ca-4f6d-b60b-6b5c736a6a4e/ozone-meta/datanode-1/data-0/hdds, DS-31c5c04b-17a6-49a8-87ae-533e4163a288) exiting.
2024-03-15 21:39:18,399 [05ef7519-d18f-4616-94d2-fdbdf5167048-impl-thread1] INFO  server.RaftServer$Division (RaftServerImpl.java:lambda$close$3(526)) - 05ef7519-d18f-4616-94d2-fdbdf5167048@group-25B99B4419A4: shutdown
2024-03-15 21:39:18,400 [05ef7519-d18f-4616-94d2-fdbdf5167048-impl-thread1] INFO  util.JmxRegister (JmxRegister.java:unregister(73)) - Successfully un-registered JMX Bean with object name Ratis:service=RaftServer,group=group-25B99B4419A4,id=05ef7519-d18f-4616-94d2-fdbdf5167048
2024-03-15 21:39:18,400 [ForkJoinPool.commonPool-worker-3] INFO  server.GrpcService (GrpcService.java:closeImpl(311)) - 05ef7519-d18f-4616-94d2-fdbdf5167048: shutdown server org.apache.ratis.grpc.server.GrpcClientProtocolService now
2024-03-15 21:39:18,400 [05ef7519-d18f-4616-94d2-fdbdf5167048-impl-thread2] INFO  server.RaftServer$Division (RaftServerImpl.java:lambda$close$3(526)) - 05ef7519-d18f-4616-94d2-fdbdf5167048@group-5640AFA68D3E: shutdown
2024-03-15 21:39:18,400 [ForkJoinPool.commonPool-worker-2] INFO  server.RaftServer (RaftServerProxy.java:lambda$close$9(416)) - b499248e-0c06-432d-b10b-4f9787fe0788: close
2024-03-15 21:39:18,400 [05ef7519-d18f-4616-94d2-fdbdf5167048-impl-thread1] INFO  impl.RoleInfo (RoleInfo.java:shutdownLeaderState(94)) - 05ef7519-d18f-4616-94d2-fdbdf5167048: shutdown 05ef7519-d18f-4616-94d2-fdbdf5167048@group-25B99B4419A4-LeaderStateImpl
2024-03-15 21:39:18,400 [05ef7519-d18f-4616-94d2-fdbdf5167048-impl-thread2] INFO  util.JmxRegister (JmxRegister.java:unregister(73)) - Successfully un-registered JMX Bean with object name Ratis:service=RaftServer,group=group-5640AFA68D3E,id=05ef7519-d18f-4616-94d2-fdbdf5167048
2024-03-15 21:39:18,400 [05ef7519-d18f-4616-94d2-fdbdf5167048-impl-thread2] INFO  impl.RoleInfo (RoleInfo.java:shutdownFollowerState(110)) - 05ef7519-d18f-4616-94d2-fdbdf5167048: shutdown 05ef7519-d18f-4616-94d2-fdbdf5167048@group-5640AFA68D3E-FollowerState
2024-03-15 21:39:18,400 [05ef7519-d18f-4616-94d2-fdbdf5167048-impl-thread1] INFO  impl.PendingRequests (PendingRequests.java:sendNotLeaderResponses(289)) - 05ef7519-d18f-4616-94d2-fdbdf5167048@group-25B99B4419A4-PendingRequests: sendNotLeaderResponses
2024-03-15 21:39:18,401 [05ef7519-d18f-4616-94d2-fdbdf5167048-impl-thread1] INFO  impl.StateMachineUpdater (StateMachineUpdater.java:stopAndJoin(157)) - 05ef7519-d18f-4616-94d2-fdbdf5167048@group-25B99B4419A4-StateMachineUpdater: set stopIndex = 0
2024-03-15 21:39:18,401 [05ef7519-d18f-4616-94d2-fdbdf5167048@group-25B99B4419A4-StateMachineUpdater] INFO  ratis.ContainerStateMachine (ContainerStateMachine.java:takeSnapshot(355)) - group-25B99B4419A4: Taking a snapshot at:(t:1, i:0) file /home/runner/work/ozone/ozone/hadoop-ozone/integration-test/target/test-dir/MiniOzoneClusterImpl-3a4de177-78ca-4f6d-b60b-6b5c736a6a4e/ozone-meta/datanode-4/ratis/4e0e85ca-9611-4d76-a150-25b99b4419a4/sm/snapshot.1_0
2024-03-15 21:39:18,401 [05ef7519-d18f-4616-94d2-fdbdf5167048-impl-thread2] INFO  impl.StateMachineUpdater (StateMachineUpdater.java:stopAndJoin(157)) - 05ef7519-d18f-4616-94d2-fdbdf5167048@group-5640AFA68D3E-StateMachineUpdater: set stopIndex = 0
2024-03-15 21:39:18,401 [05ef7519-d18f-4616-94d2-fdbdf5167048@group-5640AFA68D3E-FollowerState] INFO  impl.FollowerState (FollowerState.java:run(152)) - 05ef7519-d18f-4616-94d2-fdbdf5167048@group-5640AFA68D3E-FollowerState was interrupted
2024-03-15 21:39:18,401 [05ef7519-d18f-4616-94d2-fdbdf5167048@group-5640AFA68D3E-StateMachineUpdater] INFO  ratis.ContainerStateMachine (ContainerStateMachine.java:takeSnapshot(355)) - group-5640AFA68D3E: Taking a snapshot at:(t:1, i:0) file /home/runner/work/ozone/ozone/hadoop-ozone/integration-test/target/test-dir/MiniOzoneClusterImpl-3a4de177-78ca-4f6d-b60b-6b5c736a6a4e/ozone-meta/datanode-4/ratis/61249fa0-0db7-4ece-b3d8-5640afa68d3e/sm/snapshot.1_0
2024-03-15 21:39:18,402 [05ef7519-d18f-4616-94d2-fdbdf5167048@group-25B99B4419A4-StateMachineUpdater] INFO  ratis.ContainerStateMachine (ContainerStateMachine.java:takeSnapshot(366)) - group-25B99B4419A4: Finished taking a snapshot at:(t:1, i:0) file:/home/runner/work/ozone/ozone/hadoop-ozone/integration-test/target/test-dir/MiniOzoneClusterImpl-3a4de177-78ca-4f6d-b60b-6b5c736a6a4e/ozone-meta/datanode-4/ratis/4e0e85ca-9611-4d76-a150-25b99b4419a4/sm/snapshot.1_0 took: 0 ms
2024-03-15 21:39:18,402 [05ef7519-d18f-4616-94d2-fdbdf5167048@group-25B99B4419A4-StateMachineUpdater] INFO  impl.StateMachineUpdater (StateMachineUpdater.java:takeSnapshot(295)) - 05ef7519-d18f-4616-94d2-fdbdf5167048@group-25B99B4419A4-StateMachineUpdater: Took a snapshot at index 0
2024-03-15 21:39:18,402 [05ef7519-d18f-4616-94d2-fdbdf5167048@group-25B99B4419A4-StateMachineUpdater] INFO  impl.StateMachineUpdater (StateMachineUpdater.java:lambda$new$0(98)) - 05ef7519-d18f-4616-94d2-fdbdf5167048@group-25B99B4419A4-StateMachineUpdater: snapshotIndex: updateIncreasingly -1 -> 0
2024-03-15 21:39:18,402 [05ef7519-d18f-4616-94d2-fdbdf5167048@group-5640AFA68D3E-StateMachineUpdater] INFO  ratis.ContainerStateMachine (ContainerStateMachine.java:takeSnapshot(366)) - group-5640AFA68D3E: Finished taking a snapshot at:(t:1, i:0) file:/home/runner/work/ozone/ozone/hadoop-ozone/integration-test/target/test-dir/MiniOzoneClusterImpl-3a4de177-78ca-4f6d-b60b-6b5c736a6a4e/ozone-meta/datanode-4/ratis/61249fa0-0db7-4ece-b3d8-5640afa68d3e/sm/snapshot.1_0 took: 1 ms
2024-03-15 21:39:18,403 [05ef7519-d18f-4616-94d2-fdbdf5167048@group-5640AFA68D3E-StateMachineUpdater] INFO  impl.StateMachineUpdater (StateMachineUpdater.java:takeSnapshot(295)) - 05ef7519-d18f-4616-94d2-fdbdf5167048@group-5640AFA68D3E-StateMachineUpdater: Took a snapshot at index 0
2024-03-15 21:39:18,404 [05ef7519-d18f-4616-94d2-fdbdf5167048@group-5640AFA68D3E-StateMachineUpdater] INFO  impl.StateMachineUpdater (StateMachineUpdater.java:lambda$new$0(98)) - 05ef7519-d18f-4616-94d2-fdbdf5167048@group-5640AFA68D3E-StateMachineUpdater: snapshotIndex: updateIncreasingly -1 -> 0
2024-03-15 21:39:18,404 [05ef7519-d18f-4616-94d2-fdbdf5167048-impl-thread2] INFO  server.RaftServer$Division (ServerState.java:close(427)) - 05ef7519-d18f-4616-94d2-fdbdf5167048@group-5640AFA68D3E: applyIndex: 0
2024-03-15 21:39:18,403 [ForkJoinPool.commonPool-worker-1] INFO  server.RaftServer (RaftServerProxy.java:lambda$close$9(416)) - ab213e82-42b9-48b1-ae0f-aa83a6d4a4a6: close
2024-03-15 21:39:18,403 [05ef7519-d18f-4616-94d2-fdbdf5167048-impl-thread1] INFO  server.RaftServer$Division (ServerState.java:close(427)) - 05ef7519-d18f-4616-94d2-fdbdf5167048@group-25B99B4419A4: applyIndex: 0
2024-03-15 21:39:18,403 [b499248e-0c06-432d-b10b-4f9787fe0788-impl-thread1] INFO  server.RaftServer$Division (RaftServerImpl.java:lambda$close$3(526)) - b499248e-0c06-432d-b10b-4f9787fe0788@group-EC98F60EDCF9: shutdown
2024-03-15 21:39:18,404 [b499248e-0c06-432d-b10b-4f9787fe0788-impl-thread1] INFO  util.JmxRegister (JmxRegister.java:unregister(73)) - Successfully un-registered JMX Bean with object name Ratis:service=RaftServer,group=group-EC98F60EDCF9,id=b499248e-0c06-432d-b10b-4f9787fe0788
2024-03-15 21:39:18,404 [b499248e-0c06-432d-b10b-4f9787fe0788-impl-thread1] INFO  impl.RoleInfo (RoleInfo.java:shutdownLeaderState(94)) - b499248e-0c06-432d-b10b-4f9787fe0788: shutdown b499248e-0c06-432d-b10b-4f9787fe0788@group-EC98F60EDCF9-LeaderStateImpl
2024-03-15 21:39:18,404 [b499248e-0c06-432d-b10b-4f9787fe0788-impl-thread1] INFO  impl.PendingRequests (PendingRequests.java:sendNotLeaderResponses(289)) - b499248e-0c06-432d-b10b-4f9787fe0788@group-EC98F60EDCF9-PendingRequests: sendNotLeaderResponses
2024-03-15 21:39:18,405 [b499248e-0c06-432d-b10b-4f9787fe0788-impl-thread1] INFO  impl.StateMachineUpdater (StateMachineUpdater.java:stopAndJoin(157)) - b499248e-0c06-432d-b10b-4f9787fe0788@group-EC98F60EDCF9-StateMachineUpdater: set stopIndex = 0
2024-03-15 21:39:18,405 [b499248e-0c06-432d-b10b-4f9787fe0788@group-EC98F60EDCF9-StateMachineUpdater] INFO  ratis.ContainerStateMachine (ContainerStateMachine.java:takeSnapshot(355)) - group-EC98F60EDCF9: Taking a snapshot at:(t:1, i:0) file /home/runner/work/ozone/ozone/hadoop-ozone/integration-test/target/test-dir/MiniOzoneClusterImpl-3a4de177-78ca-4f6d-b60b-6b5c736a6a4e/ozone-meta/datanode-1/ratis/b3e70927-3de0-4d2c-a1d4-ec98f60edcf9/sm/snapshot.1_0
2024-03-15 21:39:18,405 [ForkJoinPool.commonPool-worker-2] INFO  server.GrpcService (GrpcService.java:closeImpl(311)) - b499248e-0c06-432d-b10b-4f9787fe0788: shutdown server org.apache.ratis.grpc.server.GrpcClientProtocolService now
2024-03-15 21:39:18,405 [b499248e-0c06-432d-b10b-4f9787fe0788-impl-thread2] INFO  server.RaftServer$Division (RaftServerImpl.java:lambda$close$3(526)) - b499248e-0c06-432d-b10b-4f9787fe0788@group-C58D29EE5220: shutdown
2024-03-15 21:39:18,405 [b499248e-0c06-432d-b10b-4f9787fe0788-impl-thread2] INFO  util.JmxRegister (JmxRegister.java:unregister(73)) - Successfully un-registered JMX Bean with object name Ratis:service=RaftServer,group=group-C58D29EE5220,id=b499248e-0c06-432d-b10b-4f9787fe0788
2024-03-15 21:39:18,405 [b499248e-0c06-432d-b10b-4f9787fe0788-impl-thread2] INFO  impl.RoleInfo (RoleInfo.java:shutdownFollowerState(110)) - b499248e-0c06-432d-b10b-4f9787fe0788: shutdown b499248e-0c06-432d-b10b-4f9787fe0788@group-C58D29EE5220-FollowerState
2024-03-15 21:39:18,405 [b499248e-0c06-432d-b10b-4f9787fe0788@group-EC98F60EDCF9-StateMachineUpdater] INFO  ratis.ContainerStateMachine (ContainerStateMachine.java:takeSnapshot(366)) - group-EC98F60EDCF9: Finished taking a snapshot at:(t:1, i:0) file:/home/runner/work/ozone/ozone/hadoop-ozone/integration-test/target/test-dir/MiniOzoneClusterImpl-3a4de177-78ca-4f6d-b60b-6b5c736a6a4e/ozone-meta/datanode-1/ratis/b3e70927-3de0-4d2c-a1d4-ec98f60edcf9/sm/snapshot.1_0 took: 1 ms
2024-03-15 21:39:18,405 [b499248e-0c06-432d-b10b-4f9787fe0788@group-EC98F60EDCF9-StateMachineUpdater] INFO  impl.StateMachineUpdater (StateMachineUpdater.java:takeSnapshot(295)) - b499248e-0c06-432d-b10b-4f9787fe0788@group-EC98F60EDCF9-StateMachineUpdater: Took a snapshot at index 0
2024-03-15 21:39:18,405 [b499248e-0c06-432d-b10b-4f9787fe0788@group-EC98F60EDCF9-StateMachineUpdater] INFO  impl.StateMachineUpdater (StateMachineUpdater.java:lambda$new$0(98)) - b499248e-0c06-432d-b10b-4f9787fe0788@group-EC98F60EDCF9-StateMachineUpdater: snapshotIndex: updateIncreasingly -1 -> 0
2024-03-15 21:39:18,405 [b499248e-0c06-432d-b10b-4f9787fe0788-impl-thread1] INFO  server.RaftServer$Division (ServerState.java:close(427)) - b499248e-0c06-432d-b10b-4f9787fe0788@group-EC98F60EDCF9: applyIndex: 0
2024-03-15 21:39:18,407 [Thread-2272] INFO  server.GrpcServerProtocolClient (GrpcServerProtocolClient.java:close(103)) - 455def2e-61ff-4e49-9c6f-295594c4a0b8 Close channels
2024-03-15 21:39:18,407 [Thread-2287] INFO  server.GrpcServerProtocolClient (GrpcServerProtocolClient.java:close(103)) - bf6310f0-ec4f-414e-a975-974a715da885 Close channels
2024-03-15 21:39:18,412 [b499248e-0c06-432d-b10b-4f9787fe0788@group-EC98F60EDCF9-cacheEviction-AwaitToRun] INFO  util.AwaitToRun (AwaitToRun.java:run(49)) - b499248e-0c06-432d-b10b-4f9787fe0788@group-EC98F60EDCF9-cacheEviction-AwaitToRun-AwaitForSignal is interrupted
2024-03-15 21:39:18,412 [b499248e-0c06-432d-b10b-4f9787fe0788@group-C58D29EE5220-FollowerState] INFO  impl.FollowerState (FollowerState.java:run(152)) - b499248e-0c06-432d-b10b-4f9787fe0788@group-C58D29EE5220-FollowerState was interrupted
2024-03-15 21:39:18,412 [ForkJoinPool.commonPool-worker-3] INFO  server.GrpcService (GrpcService.java:closeImpl(320)) - 05ef7519-d18f-4616-94d2-fdbdf5167048: shutdown server org.apache.ratis.grpc.server.GrpcClientProtocolService successfully
2024-03-15 21:39:18,412 [ForkJoinPool.commonPool-worker-3] INFO  server.GrpcService (GrpcService.java:closeImpl(311)) - 05ef7519-d18f-4616-94d2-fdbdf5167048: shutdown server GrpcServerProtocolService now
2024-03-15 21:39:18,412 [b499248e-0c06-432d-b10b-4f9787fe0788-impl-thread2] INFO  impl.StateMachineUpdater (StateMachineUpdater.java:stopAndJoin(157)) - b499248e-0c06-432d-b10b-4f9787fe0788@group-C58D29EE5220-StateMachineUpdater: set stopIndex = 0
2024-03-15 21:39:18,412 [ForkJoinPool.commonPool-worker-3] INFO  server.GrpcService (GrpcService.java:closeImpl(320)) - 05ef7519-d18f-4616-94d2-fdbdf5167048: shutdown server GrpcServerProtocolService successfully
2024-03-15 21:39:18,413 [ForkJoinPool.commonPool-worker-3] INFO  server.GrpcService (GrpcService.java:closeImpl(311)) - 05ef7519-d18f-4616-94d2-fdbdf5167048: shutdown server org.apache.ratis.grpc.server.GrpcAdminProtocolService now
2024-03-15 21:39:18,413 [b499248e-0c06-432d-b10b-4f9787fe0788@group-C58D29EE5220-StateMachineUpdater] INFO  ratis.ContainerStateMachine (ContainerStateMachine.java:takeSnapshot(355)) - group-C58D29EE5220: Taking a snapshot at:(t:1, i:0) file /home/runner/work/ozone/ozone/hadoop-ozone/integration-test/target/test-dir/MiniOzoneClusterImpl-3a4de177-78ca-4f6d-b60b-6b5c736a6a4e/ozone-meta/datanode-1/ratis/71be99a8-5358-4ab1-a8a7-c58d29ee5220/sm/snapshot.1_0
2024-03-15 21:39:18,413 [b499248e-0c06-432d-b10b-4f9787fe0788@group-C58D29EE5220-StateMachineUpdater] INFO  ratis.ContainerStateMachine (ContainerStateMachine.java:takeSnapshot(366)) - group-C58D29EE5220: Finished taking a snapshot at:(t:1, i:0) file:/home/runner/work/ozone/ozone/hadoop-ozone/integration-test/target/test-dir/MiniOzoneClusterImpl-3a4de177-78ca-4f6d-b60b-6b5c736a6a4e/ozone-meta/datanode-1/ratis/71be99a8-5358-4ab1-a8a7-c58d29ee5220/sm/snapshot.1_0 took: 0 ms
2024-03-15 21:39:18,413 [b499248e-0c06-432d-b10b-4f9787fe0788@group-C58D29EE5220-StateMachineUpdater] INFO  impl.StateMachineUpdater (StateMachineUpdater.java:takeSnapshot(295)) - b499248e-0c06-432d-b10b-4f9787fe0788@group-C58D29EE5220-StateMachineUpdater: Took a snapshot at index 0
2024-03-15 21:39:18,413 [b499248e-0c06-432d-b10b-4f9787fe0788@group-C58D29EE5220-StateMachineUpdater] INFO  impl.StateMachineUpdater (StateMachineUpdater.java:lambda$new$0(98)) - b499248e-0c06-432d-b10b-4f9787fe0788@group-C58D29EE5220-StateMachineUpdater: snapshotIndex: updateIncreasingly -1 -> 0
2024-03-15 21:39:18,414 [b499248e-0c06-432d-b10b-4f9787fe0788-impl-thread2] INFO  server.RaftServer$Division (ServerState.java:close(427)) - b499248e-0c06-432d-b10b-4f9787fe0788@group-C58D29EE5220: applyIndex: 0
2024-03-15 21:39:18,414 [ForkJoinPool.commonPool-worker-4] INFO  ozoneimpl.OzoneContainer (OzoneContainer.java:stop(481)) - Attempting to stop container services.
2024-03-15 21:39:18,414 [05ef7519-d18f-4616-94d2-fdbdf5167048@group-25B99B4419A4-cacheEviction-AwaitToRun] INFO  util.AwaitToRun (AwaitToRun.java:run(49)) - 05ef7519-d18f-4616-94d2-fdbdf5167048@group-25B99B4419A4-cacheEviction-AwaitToRun-AwaitForSignal is interrupted
2024-03-15 21:39:18,414 [ForkJoinPool.commonPool-worker-2] INFO  server.GrpcService (GrpcService.java:closeImpl(320)) - b499248e-0c06-432d-b10b-4f9787fe0788: shutdown server org.apache.ratis.grpc.server.GrpcClientProtocolService successfully
2024-03-15 21:39:18,414 [ForkJoinPool.commonPool-worker-2] INFO  server.GrpcService (GrpcService.java:closeImpl(311)) - b499248e-0c06-432d-b10b-4f9787fe0788: shutdown server GrpcServerProtocolService now
2024-03-15 21:39:18,414 [ab213e82-42b9-48b1-ae0f-aa83a6d4a4a6-impl-thread1] INFO  server.RaftServer$Division (RaftServerImpl.java:lambda$close$3(526)) - ab213e82-42b9-48b1-ae0f-aa83a6d4a4a6@group-C58D29EE5220: shutdown
2024-03-15 21:39:18,414 [ab213e82-42b9-48b1-ae0f-aa83a6d4a4a6-impl-thread1] INFO  util.JmxRegister (JmxRegister.java:unregister(73)) - Successfully un-registered JMX Bean with object name Ratis:service=RaftServer,group=group-C58D29EE5220,id=ab213e82-42b9-48b1-ae0f-aa83a6d4a4a6
2024-03-15 21:39:18,414 [ab213e82-42b9-48b1-ae0f-aa83a6d4a4a6-impl-thread1] INFO  impl.RoleInfo (RoleInfo.java:shutdownLeaderState(94)) - ab213e82-42b9-48b1-ae0f-aa83a6d4a4a6: shutdown ab213e82-42b9-48b1-ae0f-aa83a6d4a4a6@group-C58D29EE5220-LeaderStateImpl
2024-03-15 21:39:18,415 [ForkJoinPool.commonPool-worker-1] INFO  server.GrpcService (GrpcService.java:closeImpl(311)) - ab213e82-42b9-48b1-ae0f-aa83a6d4a4a6: shutdown server org.apache.ratis.grpc.server.GrpcClientProtocolService now
2024-03-15 21:39:18,415 [grpc-default-executor-2] WARN  server.GrpcServerProtocolService (LogUtils.java:warn(121)) - b499248e-0c06-432d-b10b-4f9787fe0788: APPEND_ENTRIES onError, lastRequest: null: org.apache.ratis.thirdparty.io.grpc.StatusRuntimeException: CANCELLED: client cancelled
2024-03-15 21:39:18,416 [grpc-default-executor-2] WARN  server.GrpcLogAppender (LogUtils.java:warn(121)) - ab213e82-42b9-48b1-ae0f-aa83a6d4a4a6@group-C58D29EE5220->b499248e-0c06-432d-b10b-4f9787fe0788-AppendLogResponseHandler: Failed appendEntries: org.apache.ratis.thirdparty.io.grpc.StatusRuntimeException: CANCELLED: RST_STREAM closed stream. HTTP/2 error code: CANCEL
2024-03-15 21:39:18,416 [grpc-default-executor-2] WARN  server.GrpcLogAppender (GrpcLogAppender.java:lambda$resetClient$1(217)) - ab213e82-42b9-48b1-ae0f-aa83a6d4a4a6@group-C58D29EE5220->b499248e-0c06-432d-b10b-4f9787fe0788-GrpcLogAppender: Follower failed (request=null, errorCount=1); keep nextIndex (1) unchanged and retry.
2024-03-15 21:39:18,416 [grpc-default-executor-6] WARN  server.GrpcServerProtocolService (LogUtils.java:warn(121)) - b499248e-0c06-432d-b10b-4f9787fe0788: APPEND_ENTRIES onError, lastRequest: ab213e82-42b9-48b1-ae0f-aa83a6d4a4a6->b499248e-0c06-432d-b10b-4f9787fe0788#1-t1,previous=(t:0, i:0),leaderCommit=-1,initializing? false,entries: size=1, first=(t:1, i:0), CONFIGURATIONENTRY(current:id: "ab213e82-42b9-48b1-ae0f-aa83a6d4a4a6"
address: "10.1.0.11:15112"
priority: 1
dataStreamAddress: "10.1.0.11:15113"
clientAddress: "10.1.0.11:15110"
adminAddress: "10.1.0.11:15111"
startupRole: FOLLOWER
,id: "91ca698e-74b5-4d15-9852-8e087478f801"
address: "10.1.0.11:15121"
dataStreamAddress: "10.1.0.11:15122"
clientAddress: "10.1.0.11:15119"
adminAddress: "10.1.0.11:15120"
startupRole: FOLLOWER
,id: "b499248e-0c06-432d-b10b-4f9787fe0788"
address: "10.1.0.11:15103"
dataStreamAddress: "10.1.0.11:15104"
clientAddress: "10.1.0.11:15101"
adminAddress: "10.1.0.11:15102"
startupRole: FOLLOWER
, old:): org.apache.ratis.thirdparty.io.grpc.StatusRuntimeException: CANCELLED: client cancelled
2024-03-15 21:39:18,416 [05ef7519-d18f-4616-94d2-fdbdf5167048@group-5640AFA68D3E-cacheEviction-AwaitToRun] INFO  util.AwaitToRun (AwaitToRun.java:run(49)) - 05ef7519-d18f-4616-94d2-fdbdf5167048@group-5640AFA68D3E-cacheEviction-AwaitToRun-AwaitForSignal is interrupted
2024-03-15 21:39:18,416 [ab213e82-42b9-48b1-ae0f-aa83a6d4a4a6-impl-thread2] INFO  server.RaftServer$Division (RaftServerImpl.java:lambda$close$3(526)) - ab213e82-42b9-48b1-ae0f-aa83a6d4a4a6@group-74D59BEFE15B: shutdown
2024-03-15 21:39:18,416 [ab213e82-42b9-48b1-ae0f-aa83a6d4a4a6-impl-thread2] INFO  util.JmxRegister (JmxRegister.java:unregister(73)) - Successfully un-registered JMX Bean with object name Ratis:service=RaftServer,group=group-74D59BEFE15B,id=ab213e82-42b9-48b1-ae0f-aa83a6d4a4a6
2024-03-15 21:39:18,417 [ab213e82-42b9-48b1-ae0f-aa83a6d4a4a6-impl-thread2] INFO  impl.RoleInfo (RoleInfo.java:shutdownLeaderState(94)) - ab213e82-42b9-48b1-ae0f-aa83a6d4a4a6: shutdown ab213e82-42b9-48b1-ae0f-aa83a6d4a4a6@group-74D59BEFE15B-LeaderStateImpl
2024-03-15 21:39:18,417 [ab213e82-42b9-48b1-ae0f-aa83a6d4a4a6-impl-thread2] INFO  impl.PendingRequests (PendingRequests.java:sendNotLeaderResponses(289)) - ab213e82-42b9-48b1-ae0f-aa83a6d4a4a6@group-74D59BEFE15B-PendingRequests: sendNotLeaderResponses
2024-03-15 21:39:18,417 [ab213e82-42b9-48b1-ae0f-aa83a6d4a4a6@group-74D59BEFE15B-StateMachineUpdater] INFO  ratis.ContainerStateMachine (ContainerStateMachine.java:takeSnapshot(355)) - group-74D59BEFE15B: Taking a snapshot at:(t:1, i:0) file /home/runner/work/ozone/ozone/hadoop-ozone/integration-test/target/test-dir/MiniOzoneClusterImpl-3a4de177-78ca-4f6d-b60b-6b5c736a6a4e/ozone-meta/datanode-2/ratis/9e234054-0ec3-4025-b74b-74d59befe15b/sm/snapshot.1_0
2024-03-15 21:39:18,417 [ab213e82-42b9-48b1-ae0f-aa83a6d4a4a6-impl-thread2] INFO  impl.StateMachineUpdater (StateMachineUpdater.java:stopAndJoin(157)) - ab213e82-42b9-48b1-ae0f-aa83a6d4a4a6@group-74D59BEFE15B-StateMachineUpdater: set stopIndex = 0
2024-03-15 21:39:18,426 [ForkJoinPool.commonPool-worker-3] INFO  server.GrpcService (GrpcService.java:closeImpl(320)) - 05ef7519-d18f-4616-94d2-fdbdf5167048: shutdown server org.apache.ratis.grpc.server.GrpcAdminProtocolService successfully
2024-03-15 21:39:18,425 [b499248e-0c06-432d-b10b-4f9787fe0788@group-C58D29EE5220-cacheEviction-AwaitToRun] INFO  util.AwaitToRun (AwaitToRun.java:run(49)) - b499248e-0c06-432d-b10b-4f9787fe0788@group-C58D29EE5220-cacheEviction-AwaitToRun-AwaitForSignal is interrupted
2024-03-15 21:39:18,425 [ContainerMetadataScanner] WARN  ozoneimpl.AbstractBackgroundContainerScanner (AbstractBackgroundContainerScanner.java:handleRemainingSleep(134)) - Background container scan was interrupted.
2024-03-15 21:39:18,428 [ContainerMetadataScanner] INFO  ozoneimpl.AbstractBackgroundContainerScanner (AbstractBackgroundContainerScanner.java:run(61)) - Thread[ContainerMetadataScanner,5,main] exiting.
2024-03-15 21:39:18,421 [Thread-2304] INFO  server.GrpcServerProtocolClient (GrpcServerProtocolClient.java:close(103)) - 91ca698e-74b5-4d15-9852-8e087478f801 Close channels
2024-03-15 21:39:18,421 [ab213e82-42b9-48b1-ae0f-aa83a6d4a4a6@group-C58D29EE5220->91ca698e-74b5-4d15-9852-8e087478f801-GrpcLogAppender-LogAppenderDaemon] WARN  server.GrpcLogAppender (GrpcLogAppender.java:mayWait(289)) - ab213e82-42b9-48b1-ae0f-aa83a6d4a4a6@group-C58D29EE5220->91ca698e-74b5-4d15-9852-8e087478f801-GrpcLogAppender: Wait interrupted by java.lang.InterruptedException
2024-03-15 21:39:18,418 [ab213e82-42b9-48b1-ae0f-aa83a6d4a4a6@group-74D59BEFE15B-StateMachineUpdater] INFO  ratis.ContainerStateMachine (ContainerStateMachine.java:takeSnapshot(366)) - group-74D59BEFE15B: Finished taking a snapshot at:(t:1, i:0) file:/home/runner/work/ozone/ozone/hadoop-ozone/integration-test/target/test-dir/MiniOzoneClusterImpl-3a4de177-78ca-4f6d-b60b-6b5c736a6a4e/ozone-meta/datanode-2/ratis/9e234054-0ec3-4025-b74b-74d59befe15b/sm/snapshot.1_0 took: 0 ms
2024-03-15 21:39:18,417 [ForkJoinPool.commonPool-worker-2] INFO  server.GrpcService (GrpcService.java:closeImpl(320)) - b499248e-0c06-432d-b10b-4f9787fe0788: shutdown server GrpcServerProtocolService successfully
2024-03-15 21:39:18,428 [ForkJoinPool.commonPool-worker-2] INFO  server.GrpcService (GrpcService.java:closeImpl(311)) - b499248e-0c06-432d-b10b-4f9787fe0788: shutdown server org.apache.ratis.grpc.server.GrpcAdminProtocolService now
2024-03-15 21:39:18,428 [ab213e82-42b9-48b1-ae0f-aa83a6d4a4a6@group-74D59BEFE15B-StateMachineUpdater] INFO  impl.StateMachineUpdater (StateMachineUpdater.java:takeSnapshot(295)) - ab213e82-42b9-48b1-ae0f-aa83a6d4a4a6@group-74D59BEFE15B-StateMachineUpdater: Took a snapshot at index 0
2024-03-15 21:39:18,428 [ab213e82-42b9-48b1-ae0f-aa83a6d4a4a6@group-74D59BEFE15B-StateMachineUpdater] INFO  impl.StateMachineUpdater (StateMachineUpdater.java:lambda$new$0(98)) - ab213e82-42b9-48b1-ae0f-aa83a6d4a4a6@group-74D59BEFE15B-StateMachineUpdater: snapshotIndex: updateIncreasingly -1 -> 0
2024-03-15 21:39:18,428 [ab213e82-42b9-48b1-ae0f-aa83a6d4a4a6-impl-thread2] INFO  server.RaftServer$Division (ServerState.java:close(427)) - ab213e82-42b9-48b1-ae0f-aa83a6d4a4a6@group-74D59BEFE15B: applyIndex: 0
2024-03-15 21:39:18,428 [Thread-2306] INFO  server.GrpcServerProtocolClient (GrpcServerProtocolClient.java:close(103)) - b499248e-0c06-432d-b10b-4f9787fe0788 Close channels
2024-03-15 21:39:18,429 [ab213e82-42b9-48b1-ae0f-aa83a6d4a4a6@group-C58D29EE5220->b499248e-0c06-432d-b10b-4f9787fe0788-GrpcLogAppender-LogAppenderDaemon] WARN  server.GrpcLogAppender (GrpcLogAppender.java:mayWait(289)) - ab213e82-42b9-48b1-ae0f-aa83a6d4a4a6@group-C58D29EE5220->b499248e-0c06-432d-b10b-4f9787fe0788-GrpcLogAppender: Wait interrupted by java.lang.InterruptedException
2024-03-15 21:39:18,429 [ab213e82-42b9-48b1-ae0f-aa83a6d4a4a6-impl-thread1] INFO  impl.PendingRequests (PendingRequests.java:sendNotLeaderResponses(289)) - ab213e82-42b9-48b1-ae0f-aa83a6d4a4a6@group-C58D29EE5220-PendingRequests: sendNotLeaderResponses
2024-03-15 21:39:18,429 [ab213e82-42b9-48b1-ae0f-aa83a6d4a4a6-impl-thread1] INFO  impl.StateMachineUpdater (StateMachineUpdater.java:stopAndJoin(157)) - ab213e82-42b9-48b1-ae0f-aa83a6d4a4a6@group-C58D29EE5220-StateMachineUpdater: set stopIndex = 0
2024-03-15 21:39:18,430 [ab213e82-42b9-48b1-ae0f-aa83a6d4a4a6@group-C58D29EE5220-StateMachineUpdater] INFO  ratis.ContainerStateMachine (ContainerStateMachine.java:takeSnapshot(355)) - group-C58D29EE5220: Taking a snapshot at:(t:1, i:0) file /home/runner/work/ozone/ozone/hadoop-ozone/integration-test/target/test-dir/MiniOzoneClusterImpl-3a4de177-78ca-4f6d-b60b-6b5c736a6a4e/ozone-meta/datanode-2/ratis/71be99a8-5358-4ab1-a8a7-c58d29ee5220/sm/snapshot.1_0
2024-03-15 21:39:18,430 [ab213e82-42b9-48b1-ae0f-aa83a6d4a4a6@group-C58D29EE5220-StateMachineUpdater] INFO  ratis.ContainerStateMachine (ContainerStateMachine.java:takeSnapshot(366)) - group-C58D29EE5220: Finished taking a snapshot at:(t:1, i:0) file:/home/runner/work/ozone/ozone/hadoop-ozone/integration-test/target/test-dir/MiniOzoneClusterImpl-3a4de177-78ca-4f6d-b60b-6b5c736a6a4e/ozone-meta/datanode-2/ratis/71be99a8-5358-4ab1-a8a7-c58d29ee5220/sm/snapshot.1_0 took: 1 ms
2024-03-15 21:39:18,430 [ab213e82-42b9-48b1-ae0f-aa83a6d4a4a6@group-74D59BEFE15B-cacheEviction-AwaitToRun] INFO  util.AwaitToRun (AwaitToRun.java:run(49)) - ab213e82-42b9-48b1-ae0f-aa83a6d4a4a6@group-74D59BEFE15B-cacheEviction-AwaitToRun-AwaitForSignal is interrupted
2024-03-15 21:39:18,430 [ab213e82-42b9-48b1-ae0f-aa83a6d4a4a6@group-C58D29EE5220-StateMachineUpdater] INFO  impl.StateMachineUpdater (StateMachineUpdater.java:takeSnapshot(295)) - ab213e82-42b9-48b1-ae0f-aa83a6d4a4a6@group-C58D29EE5220-StateMachineUpdater: Took a snapshot at index 0
2024-03-15 21:39:18,430 [ab213e82-42b9-48b1-ae0f-aa83a6d4a4a6@group-C58D29EE5220-StateMachineUpdater] INFO  impl.StateMachineUpdater (StateMachineUpdater.java:lambda$new$0(98)) - ab213e82-42b9-48b1-ae0f-aa83a6d4a4a6@group-C58D29EE5220-StateMachineUpdater: snapshotIndex: updateIncreasingly -1 -> 0
2024-03-15 21:39:18,431 [ab213e82-42b9-48b1-ae0f-aa83a6d4a4a6-impl-thread1] INFO  server.RaftServer$Division (ServerState.java:close(427)) - ab213e82-42b9-48b1-ae0f-aa83a6d4a4a6@group-C58D29EE5220: applyIndex: 0
2024-03-15 21:39:18,431 [ab213e82-42b9-48b1-ae0f-aa83a6d4a4a6@group-C58D29EE5220-cacheEviction-AwaitToRun] INFO  util.AwaitToRun (AwaitToRun.java:run(49)) - ab213e82-42b9-48b1-ae0f-aa83a6d4a4a6@group-C58D29EE5220-cacheEviction-AwaitToRun-AwaitForSignal is interrupted
2024-03-15 21:39:18,433 [ForkJoinPool.commonPool-worker-4] INFO  ozoneimpl.BackgroundContainerDataScanner (BackgroundContainerDataScanner.java:shutdown(141)) - ContainerDataScanner(/home/runner/work/ozone/ozone/hadoop-ozone/integration-test/target/test-dir/MiniOzoneClusterImpl-3a4de177-78ca-4f6d-b60b-6b5c736a6a4e/ozone-meta/datanode-7/data-0/hdds) is shutting down. 
2024-03-15 21:39:18,433 [ContainerDataScanner(/home/runner/work/ozone/ozone/hadoop-ozone/integration-test/target/test-dir/MiniOzoneClusterImpl-3a4de177-78ca-4f6d-b60b-6b5c736a6a4e/ozone-meta/datanode-7/data-0/hdds)] WARN  ozoneimpl.AbstractBackgroundContainerScanner (AbstractBackgroundContainerScanner.java:handleRemainingSleep(134)) - Background container scan was interrupted.
2024-03-15 21:39:18,433 [ContainerDataScanner(/home/runner/work/ozone/ozone/hadoop-ozone/integration-test/target/test-dir/MiniOzoneClusterImpl-3a4de177-78ca-4f6d-b60b-6b5c736a6a4e/ozone-meta/datanode-7/data-0/hdds)] INFO  ozoneimpl.AbstractBackgroundContainerScanner (AbstractBackgroundContainerScanner.java:run(61)) - ContainerDataScanner(/home/runner/work/ozone/ozone/hadoop-ozone/integration-test/target/test-dir/MiniOzoneClusterImpl-3a4de177-78ca-4f6d-b60b-6b5c736a6a4e/ozone-meta/datanode-7/data-0/hdds, DS-5a5b2c87-26d2-4941-9393-f517ebeab43e) exiting.
2024-03-15 21:39:18,434 [ForkJoinPool.commonPool-worker-2] INFO  server.GrpcService (GrpcService.java:closeImpl(320)) - b499248e-0c06-432d-b10b-4f9787fe0788: shutdown server org.apache.ratis.grpc.server.GrpcAdminProtocolService successfully
2024-03-15 21:39:18,434 [ForkJoinPool.commonPool-worker-1] INFO  server.GrpcService (GrpcService.java:closeImpl(320)) - ab213e82-42b9-48b1-ae0f-aa83a6d4a4a6: shutdown server org.apache.ratis.grpc.server.GrpcClientProtocolService successfully
2024-03-15 21:39:18,434 [ForkJoinPool.commonPool-worker-1] INFO  server.GrpcService (GrpcService.java:closeImpl(311)) - ab213e82-42b9-48b1-ae0f-aa83a6d4a4a6: shutdown server GrpcServerProtocolService now
2024-03-15 21:39:18,435 [ForkJoinPool.commonPool-worker-4] INFO  server.RaftServer (RaftServerProxy.java:lambda$close$9(416)) - e952460c-8236-4bec-b567-d040e1d0e4f9: close
2024-03-15 21:39:18,435 [e952460c-8236-4bec-b567-d040e1d0e4f9-impl-thread1] INFO  server.RaftServer$Division (RaftServerImpl.java:lambda$close$3(526)) - e952460c-8236-4bec-b567-d040e1d0e4f9@group-24E35B55F1E5: shutdown
2024-03-15 21:39:18,435 [e952460c-8236-4bec-b567-d040e1d0e4f9-impl-thread1] INFO  util.JmxRegister (JmxRegister.java:unregister(73)) - Successfully un-registered JMX Bean with object name Ratis:service=RaftServer,group=group-24E35B55F1E5,id=e952460c-8236-4bec-b567-d040e1d0e4f9
2024-03-15 21:39:18,435 [e952460c-8236-4bec-b567-d040e1d0e4f9-impl-thread1] INFO  impl.RoleInfo (RoleInfo.java:shutdownLeaderState(94)) - e952460c-8236-4bec-b567-d040e1d0e4f9: shutdown e952460c-8236-4bec-b567-d040e1d0e4f9@group-24E35B55F1E5-LeaderStateImpl
2024-03-15 21:39:18,435 [e952460c-8236-4bec-b567-d040e1d0e4f9-impl-thread1] INFO  impl.PendingRequests (PendingRequests.java:sendNotLeaderResponses(289)) - e952460c-8236-4bec-b567-d040e1d0e4f9@group-24E35B55F1E5-PendingRequests: sendNotLeaderResponses
2024-03-15 21:39:18,435 [e952460c-8236-4bec-b567-d040e1d0e4f9-impl-thread1] INFO  impl.StateMachineUpdater (StateMachineUpdater.java:stopAndJoin(157)) - e952460c-8236-4bec-b567-d040e1d0e4f9@group-24E35B55F1E5-StateMachineUpdater: set stopIndex = 0
2024-03-15 21:39:18,436 [e952460c-8236-4bec-b567-d040e1d0e4f9@group-24E35B55F1E5-StateMachineUpdater] INFO  ratis.ContainerStateMachine (ContainerStateMachine.java:takeSnapshot(355)) - group-24E35B55F1E5: Taking a snapshot at:(t:1, i:0) file /home/runner/work/ozone/ozone/hadoop-ozone/integration-test/target/test-dir/MiniOzoneClusterImpl-3a4de177-78ca-4f6d-b60b-6b5c736a6a4e/ozone-meta/datanode-7/ratis/a5babb15-4020-4f26-8753-24e35b55f1e5/sm/snapshot.1_0
2024-03-15 21:39:18,436 [e952460c-8236-4bec-b567-d040e1d0e4f9@group-24E35B55F1E5-StateMachineUpdater] INFO  ratis.ContainerStateMachine (ContainerStateMachine.java:takeSnapshot(366)) - group-24E35B55F1E5: Finished taking a snapshot at:(t:1, i:0) file:/home/runner/work/ozone/ozone/hadoop-ozone/integration-test/target/test-dir/MiniOzoneClusterImpl-3a4de177-78ca-4f6d-b60b-6b5c736a6a4e/ozone-meta/datanode-7/ratis/a5babb15-4020-4f26-8753-24e35b55f1e5/sm/snapshot.1_0 took: 1 ms
2024-03-15 21:39:18,436 [e952460c-8236-4bec-b567-d040e1d0e4f9@group-24E35B55F1E5-StateMachineUpdater] INFO  impl.StateMachineUpdater (StateMachineUpdater.java:takeSnapshot(295)) - e952460c-8236-4bec-b567-d040e1d0e4f9@group-24E35B55F1E5-StateMachineUpdater: Took a snapshot at index 0
2024-03-15 21:39:18,436 [e952460c-8236-4bec-b567-d040e1d0e4f9@group-24E35B55F1E5-StateMachineUpdater] INFO  impl.StateMachineUpdater (StateMachineUpdater.java:lambda$new$0(98)) - e952460c-8236-4bec-b567-d040e1d0e4f9@group-24E35B55F1E5-StateMachineUpdater: snapshotIndex: updateIncreasingly -1 -> 0
2024-03-15 21:39:18,436 [e952460c-8236-4bec-b567-d040e1d0e4f9-impl-thread1] INFO  server.RaftServer$Division (ServerState.java:close(427)) - e952460c-8236-4bec-b567-d040e1d0e4f9@group-24E35B55F1E5: applyIndex: 0
2024-03-15 21:39:18,436 [e952460c-8236-4bec-b567-d040e1d0e4f9@group-24E35B55F1E5-cacheEviction-AwaitToRun] INFO  util.AwaitToRun (AwaitToRun.java:run(49)) - e952460c-8236-4bec-b567-d040e1d0e4f9@group-24E35B55F1E5-cacheEviction-AwaitToRun-AwaitForSignal is interrupted
2024-03-15 21:39:18,437 [ForkJoinPool.commonPool-worker-4] INFO  server.GrpcService (GrpcService.java:closeImpl(311)) - e952460c-8236-4bec-b567-d040e1d0e4f9: shutdown server org.apache.ratis.grpc.server.GrpcClientProtocolService now
2024-03-15 21:39:18,437 [ForkJoinPool.commonPool-worker-5] INFO  ozoneimpl.OzoneContainer (OzoneContainer.java:stop(481)) - Attempting to stop container services.
2024-03-15 21:39:18,441 [ForkJoinPool.commonPool-worker-1] INFO  server.GrpcService (GrpcService.java:closeImpl(320)) - ab213e82-42b9-48b1-ae0f-aa83a6d4a4a6: shutdown server GrpcServerProtocolService successfully
2024-03-15 21:39:18,441 [ForkJoinPool.commonPool-worker-1] INFO  server.GrpcService (GrpcService.java:closeImpl(311)) - ab213e82-42b9-48b1-ae0f-aa83a6d4a4a6: shutdown server org.apache.ratis.grpc.server.GrpcAdminProtocolService now
2024-03-15 21:39:18,441 [e952460c-8236-4bec-b567-d040e1d0e4f9-impl-thread2] INFO  server.RaftServer$Division (RaftServerImpl.java:lambda$close$3(526)) - e952460c-8236-4bec-b567-d040e1d0e4f9@group-FF386EC77000: shutdown
2024-03-15 21:39:18,441 [ContainerMetadataScanner] WARN  ozoneimpl.AbstractBackgroundContainerScanner (AbstractBackgroundContainerScanner.java:handleRemainingSleep(134)) - Background container scan was interrupted.
2024-03-15 21:39:18,441 [e952460c-8236-4bec-b567-d040e1d0e4f9-impl-thread2] INFO  util.JmxRegister (JmxRegister.java:unregister(73)) - Successfully un-registered JMX Bean with object name Ratis:service=RaftServer,group=group-FF386EC77000,id=e952460c-8236-4bec-b567-d040e1d0e4f9
2024-03-15 21:39:18,442 [ContainerMetadataScanner] INFO  ozoneimpl.AbstractBackgroundContainerScanner (AbstractBackgroundContainerScanner.java:run(61)) - Thread[ContainerMetadataScanner,5,main] exiting.
2024-03-15 21:39:18,442 [e952460c-8236-4bec-b567-d040e1d0e4f9-impl-thread2] INFO  impl.RoleInfo (RoleInfo.java:shutdownFollowerState(110)) - e952460c-8236-4bec-b567-d040e1d0e4f9: shutdown e952460c-8236-4bec-b567-d040e1d0e4f9@group-FF386EC77000-FollowerState
2024-03-15 21:39:18,443 [ForkJoinPool.commonPool-worker-4] INFO  server.GrpcService (GrpcService.java:closeImpl(320)) - e952460c-8236-4bec-b567-d040e1d0e4f9: shutdown server org.apache.ratis.grpc.server.GrpcClientProtocolService successfully
2024-03-15 21:39:18,443 [ForkJoinPool.commonPool-worker-4] INFO  server.GrpcService (GrpcService.java:closeImpl(311)) - e952460c-8236-4bec-b567-d040e1d0e4f9: shutdown server GrpcServerProtocolService now
2024-03-15 21:39:18,444 [b499248e-0c06-432d-b10b-4f9787fe0788-NettyServerStreamRpc-bossGroup--thread1] INFO  logging.LoggingHandler (AbstractInternalLogger.java:log(148)) - [id: 0x504816f3, L:/0.0.0.0:15104] CLOSE
2024-03-15 21:39:18,444 [b499248e-0c06-432d-b10b-4f9787fe0788-NettyServerStreamRpc-bossGroup--thread1] INFO  logging.LoggingHandler (AbstractInternalLogger.java:log(148)) - [id: 0x504816f3, L:/0.0.0.0:15104] INACTIVE
2024-03-15 21:39:18,444 [b499248e-0c06-432d-b10b-4f9787fe0788-NettyServerStreamRpc-bossGroup--thread1] INFO  logging.LoggingHandler (AbstractInternalLogger.java:log(148)) - [id: 0x504816f3, L:/0.0.0.0:15104] UNREGISTERED
2024-03-15 21:39:18,445 [e76b1ec9-b399-499f-a8ce-a1f080404f38-NettyServerStreamRpc-bossGroup--thread1] INFO  logging.LoggingHandler (AbstractInternalLogger.java:log(148)) - [id: 0xed35903d, L:/0.0.0.0:15167] CLOSE
2024-03-15 21:39:18,445 [e76b1ec9-b399-499f-a8ce-a1f080404f38-NettyServerStreamRpc-bossGroup--thread1] INFO  logging.LoggingHandler (AbstractInternalLogger.java:log(148)) - [id: 0xed35903d, L:/0.0.0.0:15167] INACTIVE
2024-03-15 21:39:18,445 [e76b1ec9-b399-499f-a8ce-a1f080404f38-NettyServerStreamRpc-bossGroup--thread1] INFO  logging.LoggingHandler (AbstractInternalLogger.java:log(148)) - [id: 0xed35903d, L:/0.0.0.0:15167] UNREGISTERED
2024-03-15 21:39:18,445 [e952460c-8236-4bec-b567-d040e1d0e4f9-impl-thread2] INFO  impl.StateMachineUpdater (StateMachineUpdater.java:stopAndJoin(157)) - e952460c-8236-4bec-b567-d040e1d0e4f9@group-FF386EC77000-StateMachineUpdater: set stopIndex = 0
2024-03-15 21:39:18,445 [e952460c-8236-4bec-b567-d040e1d0e4f9@group-FF386EC77000-FollowerState] INFO  impl.FollowerState (FollowerState.java:run(152)) - e952460c-8236-4bec-b567-d040e1d0e4f9@group-FF386EC77000-FollowerState was interrupted
2024-03-15 21:39:18,446 [ForkJoinPool.commonPool-worker-5] INFO  ozoneimpl.BackgroundContainerDataScanner (BackgroundContainerDataScanner.java:shutdown(141)) - ContainerDataScanner(/home/runner/work/ozone/ozone/hadoop-ozone/integration-test/target/test-dir/MiniOzoneClusterImpl-3a4de177-78ca-4f6d-b60b-6b5c736a6a4e/ozone-meta/datanode-9/data-0/hdds) is shutting down. 
2024-03-15 21:39:18,446 [ContainerDataScanner(/home/runner/work/ozone/ozone/hadoop-ozone/integration-test/target/test-dir/MiniOzoneClusterImpl-3a4de177-78ca-4f6d-b60b-6b5c736a6a4e/ozone-meta/datanode-9/data-0/hdds)] WARN  ozoneimpl.AbstractBackgroundContainerScanner (AbstractBackgroundContainerScanner.java:handleRemainingSleep(134)) - Background container scan was interrupted.
2024-03-15 21:39:18,446 [e952460c-8236-4bec-b567-d040e1d0e4f9@group-FF386EC77000-StateMachineUpdater] INFO  ratis.ContainerStateMachine (ContainerStateMachine.java:takeSnapshot(355)) - group-FF386EC77000: Taking a snapshot at:(t:1, i:0) file /home/runner/work/ozone/ozone/hadoop-ozone/integration-test/target/test-dir/MiniOzoneClusterImpl-3a4de177-78ca-4f6d-b60b-6b5c736a6a4e/ozone-meta/datanode-7/ratis/d0b92eac-8624-4392-91d7-ff386ec77000/sm/snapshot.1_0
2024-03-15 21:39:18,446 [ForkJoinPool.commonPool-worker-1] INFO  server.GrpcService (GrpcService.java:closeImpl(320)) - ab213e82-42b9-48b1-ae0f-aa83a6d4a4a6: shutdown server org.apache.ratis.grpc.server.GrpcAdminProtocolService successfully
2024-03-15 21:39:18,446 [ContainerDataScanner(/home/runner/work/ozone/ozone/hadoop-ozone/integration-test/target/test-dir/MiniOzoneClusterImpl-3a4de177-78ca-4f6d-b60b-6b5c736a6a4e/ozone-meta/datanode-9/data-0/hdds)] INFO  ozoneimpl.AbstractBackgroundContainerScanner (AbstractBackgroundContainerScanner.java:run(61)) - ContainerDataScanner(/home/runner/work/ozone/ozone/hadoop-ozone/integration-test/target/test-dir/MiniOzoneClusterImpl-3a4de177-78ca-4f6d-b60b-6b5c736a6a4e/ozone-meta/datanode-9/data-0/hdds, DS-95e6eb80-b89c-4097-9d9a-3fbbe089db5c) exiting.
2024-03-15 21:39:18,447 [e952460c-8236-4bec-b567-d040e1d0e4f9@group-FF386EC77000-StateMachineUpdater] INFO  ratis.ContainerStateMachine (ContainerStateMachine.java:takeSnapshot(366)) - group-FF386EC77000: Finished taking a snapshot at:(t:1, i:0) file:/home/runner/work/ozone/ozone/hadoop-ozone/integration-test/target/test-dir/MiniOzoneClusterImpl-3a4de177-78ca-4f6d-b60b-6b5c736a6a4e/ozone-meta/datanode-7/ratis/d0b92eac-8624-4392-91d7-ff386ec77000/sm/snapshot.1_0 took: 1 ms
2024-03-15 21:39:18,447 [e952460c-8236-4bec-b567-d040e1d0e4f9@group-FF386EC77000-StateMachineUpdater] INFO  impl.StateMachineUpdater (StateMachineUpdater.java:takeSnapshot(295)) - e952460c-8236-4bec-b567-d040e1d0e4f9@group-FF386EC77000-StateMachineUpdater: Took a snapshot at index 0
2024-03-15 21:39:18,447 [e952460c-8236-4bec-b567-d040e1d0e4f9@group-FF386EC77000-StateMachineUpdater] INFO  impl.StateMachineUpdater (StateMachineUpdater.java:lambda$new$0(98)) - e952460c-8236-4bec-b567-d040e1d0e4f9@group-FF386EC77000-StateMachineUpdater: snapshotIndex: updateIncreasingly -1 -> 0
2024-03-15 21:39:18,448 [ab213e82-42b9-48b1-ae0f-aa83a6d4a4a6-NettyServerStreamRpc-bossGroup--thread1] INFO  logging.LoggingHandler (AbstractInternalLogger.java:log(148)) - [id: 0x650bd15d, L:/0.0.0.0:15113] CLOSE
2024-03-15 21:39:18,448 [ab213e82-42b9-48b1-ae0f-aa83a6d4a4a6-NettyServerStreamRpc-bossGroup--thread1] INFO  logging.LoggingHandler (AbstractInternalLogger.java:log(148)) - [id: 0x650bd15d, L:/0.0.0.0:15113] INACTIVE
2024-03-15 21:39:18,448 [ab213e82-42b9-48b1-ae0f-aa83a6d4a4a6-NettyServerStreamRpc-bossGroup--thread1] INFO  logging.LoggingHandler (AbstractInternalLogger.java:log(148)) - [id: 0x650bd15d, L:/0.0.0.0:15113] UNREGISTERED
2024-03-15 21:39:18,451 [05ef7519-d18f-4616-94d2-fdbdf5167048-NettyServerStreamRpc-bossGroup--thread1] INFO  logging.LoggingHandler (AbstractInternalLogger.java:log(148)) - [id: 0x8acef07c, L:/0.0.0.0:15131] CLOSE
2024-03-15 21:39:18,451 [05ef7519-d18f-4616-94d2-fdbdf5167048-NettyServerStreamRpc-bossGroup--thread1] INFO  logging.LoggingHandler (AbstractInternalLogger.java:log(148)) - [id: 0x8acef07c, L:/0.0.0.0:15131] INACTIVE
2024-03-15 21:39:18,451 [05ef7519-d18f-4616-94d2-fdbdf5167048-NettyServerStreamRpc-bossGroup--thread1] INFO  logging.LoggingHandler (AbstractInternalLogger.java:log(148)) - [id: 0x8acef07c, L:/0.0.0.0:15131] UNREGISTERED
2024-03-15 21:39:18,453 [ForkJoinPool.commonPool-worker-4] INFO  server.GrpcService (GrpcService.java:closeImpl(320)) - e952460c-8236-4bec-b567-d040e1d0e4f9: shutdown server GrpcServerProtocolService successfully
2024-03-15 21:39:18,454 [ForkJoinPool.commonPool-worker-4] INFO  server.GrpcService (GrpcService.java:closeImpl(311)) - e952460c-8236-4bec-b567-d040e1d0e4f9: shutdown server org.apache.ratis.grpc.server.GrpcAdminProtocolService now
2024-03-15 21:39:18,462 [e952460c-8236-4bec-b567-d040e1d0e4f9-impl-thread2] INFO  server.RaftServer$Division (ServerState.java:close(427)) - e952460c-8236-4bec-b567-d040e1d0e4f9@group-FF386EC77000: applyIndex: 0
2024-03-15 21:39:18,462 [ForkJoinPool.commonPool-worker-5] INFO  server.RaftServer (RaftServerProxy.java:lambda$close$9(416)) - 8b353431-6b66-4460-9602-55c815b93317: close
2024-03-15 21:39:18,462 [8b353431-6b66-4460-9602-55c815b93317-impl-thread1] INFO  server.RaftServer$Division (RaftServerImpl.java:lambda$close$3(526)) - 8b353431-6b66-4460-9602-55c815b93317@group-33D64F3E057E: shutdown
2024-03-15 21:39:18,462 [e952460c-8236-4bec-b567-d040e1d0e4f9@group-FF386EC77000-cacheEviction-AwaitToRun] INFO  util.AwaitToRun (AwaitToRun.java:run(49)) - e952460c-8236-4bec-b567-d040e1d0e4f9@group-FF386EC77000-cacheEviction-AwaitToRun-AwaitForSignal is interrupted
2024-03-15 21:39:18,462 [8b353431-6b66-4460-9602-55c815b93317-impl-thread1] INFO  util.JmxRegister (JmxRegister.java:unregister(73)) - Successfully un-registered JMX Bean with object name Ratis:service=RaftServer,group=group-33D64F3E057E,id=8b353431-6b66-4460-9602-55c815b93317
2024-03-15 21:39:18,462 [8b353431-6b66-4460-9602-55c815b93317-impl-thread1] INFO  impl.RoleInfo (RoleInfo.java:shutdownLeaderState(94)) - 8b353431-6b66-4460-9602-55c815b93317: shutdown 8b353431-6b66-4460-9602-55c815b93317@group-33D64F3E057E-LeaderStateImpl
2024-03-15 21:39:18,462 [ForkJoinPool.commonPool-worker-5] INFO  server.GrpcService (GrpcService.java:closeImpl(311)) - 8b353431-6b66-4460-9602-55c815b93317: shutdown server org.apache.ratis.grpc.server.GrpcClientProtocolService now
2024-03-15 21:39:18,462 [8b353431-6b66-4460-9602-55c815b93317-impl-thread1] INFO  impl.PendingRequests (PendingRequests.java:sendNotLeaderResponses(289)) - 8b353431-6b66-4460-9602-55c815b93317@group-33D64F3E057E-PendingRequests: sendNotLeaderResponses
2024-03-15 21:39:18,462 [8b353431-6b66-4460-9602-55c815b93317-impl-thread2] INFO  server.RaftServer$Division (RaftServerImpl.java:lambda$close$3(526)) - 8b353431-6b66-4460-9602-55c815b93317@group-FF386EC77000: shutdown
2024-03-15 21:39:18,463 [8b353431-6b66-4460-9602-55c815b93317-impl-thread2] INFO  util.JmxRegister (JmxRegister.java:unregister(73)) - Successfully un-registered JMX Bean with object name Ratis:service=RaftServer,group=group-FF386EC77000,id=8b353431-6b66-4460-9602-55c815b93317
2024-03-15 21:39:18,463 [8b353431-6b66-4460-9602-55c815b93317-impl-thread2] INFO  impl.RoleInfo (RoleInfo.java:shutdownFollowerState(110)) - 8b353431-6b66-4460-9602-55c815b93317: shutdown 8b353431-6b66-4460-9602-55c815b93317@group-FF386EC77000-FollowerState
2024-03-15 21:39:18,463 [8b353431-6b66-4460-9602-55c815b93317-impl-thread1] INFO  impl.StateMachineUpdater (StateMachineUpdater.java:stopAndJoin(157)) - 8b353431-6b66-4460-9602-55c815b93317@group-33D64F3E057E-StateMachineUpdater: set stopIndex = 0
2024-03-15 21:39:18,463 [8b353431-6b66-4460-9602-55c815b93317@group-33D64F3E057E-StateMachineUpdater] INFO  ratis.ContainerStateMachine (ContainerStateMachine.java:takeSnapshot(355)) - group-33D64F3E057E: Taking a snapshot at:(t:1, i:0) file /home/runner/work/ozone/ozone/hadoop-ozone/integration-test/target/test-dir/MiniOzoneClusterImpl-3a4de177-78ca-4f6d-b60b-6b5c736a6a4e/ozone-meta/datanode-9/ratis/1cdcb637-a27b-4e5f-a9d3-33d64f3e057e/sm/snapshot.1_0
2024-03-15 21:39:18,464 [ForkJoinPool.commonPool-worker-4] INFO  server.GrpcService (GrpcService.java:closeImpl(320)) - e952460c-8236-4bec-b567-d040e1d0e4f9: shutdown server org.apache.ratis.grpc.server.GrpcAdminProtocolService successfully
2024-03-15 21:39:18,464 [Thread-2458] INFO  server.GrpcServerProtocolClient (GrpcServerProtocolClient.java:close(103)) - e952460c-8236-4bec-b567-d040e1d0e4f9 Close channels
2024-03-15 21:39:18,465 [Thread-2461] INFO  server.GrpcServerProtocolClient (GrpcServerProtocolClient.java:close(103)) - e76b1ec9-b399-499f-a8ce-a1f080404f38 Close channels
2024-03-15 21:39:18,466 [grpc-default-executor-2] WARN  server.GrpcClientProtocolService (LogUtils.java:warn(121)) - 0-OrderedRequestStreamObserver0: onError: org.apache.ratis.thirdparty.io.grpc.StatusRuntimeException: CANCELLED: client cancelled
2024-03-15 21:39:18,466 [8b353431-6b66-4460-9602-55c815b93317@group-33D64F3E057E-StateMachineUpdater] INFO  ratis.ContainerStateMachine (ContainerStateMachine.java:takeSnapshot(366)) - group-33D64F3E057E: Finished taking a snapshot at:(t:1, i:0) file:/home/runner/work/ozone/ozone/hadoop-ozone/integration-test/target/test-dir/MiniOzoneClusterImpl-3a4de177-78ca-4f6d-b60b-6b5c736a6a4e/ozone-meta/datanode-9/ratis/1cdcb637-a27b-4e5f-a9d3-33d64f3e057e/sm/snapshot.1_0 took: 3 ms
2024-03-15 21:39:18,466 [8b353431-6b66-4460-9602-55c815b93317@group-33D64F3E057E-StateMachineUpdater] INFO  impl.StateMachineUpdater (StateMachineUpdater.java:takeSnapshot(295)) - 8b353431-6b66-4460-9602-55c815b93317@group-33D64F3E057E-StateMachineUpdater: Took a snapshot at index 0
2024-03-15 21:39:18,466 [8b353431-6b66-4460-9602-55c815b93317@group-33D64F3E057E-StateMachineUpdater] INFO  impl.StateMachineUpdater (StateMachineUpdater.java:lambda$new$0(98)) - 8b353431-6b66-4460-9602-55c815b93317@group-33D64F3E057E-StateMachineUpdater: snapshotIndex: updateIncreasingly -1 -> 0
2024-03-15 21:39:18,466 [8b353431-6b66-4460-9602-55c815b93317-impl-thread1] INFO  server.RaftServer$Division (ServerState.java:close(427)) - 8b353431-6b66-4460-9602-55c815b93317@group-33D64F3E057E: applyIndex: 0
2024-03-15 21:39:18,466 [b499248e-0c06-432d-b10b-4f9787fe0788-impl-thread1] INFO  segmented.SegmentedRaftLogWorker (SegmentedRaftLogWorker.java:close(245)) - b499248e-0c06-432d-b10b-4f9787fe0788@group-EC98F60EDCF9-SegmentedRaftLogWorker close()
2024-03-15 21:39:18,467 [8b353431-6b66-4460-9602-55c815b93317-impl-thread2] INFO  impl.StateMachineUpdater (StateMachineUpdater.java:stopAndJoin(157)) - 8b353431-6b66-4460-9602-55c815b93317@group-FF386EC77000-StateMachineUpdater: set stopIndex = 0
2024-03-15 21:39:18,467 [8b353431-6b66-4460-9602-55c815b93317@group-FF386EC77000-StateMachineUpdater] INFO  ratis.ContainerStateMachine (ContainerStateMachine.java:takeSnapshot(355)) - group-FF386EC77000: Taking a snapshot at:(t:1, i:0) file /home/runner/work/ozone/ozone/hadoop-ozone/integration-test/target/test-dir/MiniOzoneClusterImpl-3a4de177-78ca-4f6d-b60b-6b5c736a6a4e/ozone-meta/datanode-9/ratis/d0b92eac-8624-4392-91d7-ff386ec77000/sm/snapshot.1_0
2024-03-15 21:39:18,467 [8b353431-6b66-4460-9602-55c815b93317@group-FF386EC77000-FollowerState] INFO  impl.FollowerState (FollowerState.java:run(152)) - 8b353431-6b66-4460-9602-55c815b93317@group-FF386EC77000-FollowerState was interrupted
2024-03-15 21:39:18,469 [8b353431-6b66-4460-9602-55c815b93317@group-33D64F3E057E-cacheEviction-AwaitToRun] INFO  util.AwaitToRun (AwaitToRun.java:run(49)) - 8b353431-6b66-4460-9602-55c815b93317@group-33D64F3E057E-cacheEviction-AwaitToRun-AwaitForSignal is interrupted
2024-03-15 21:39:18,469 [ForkJoinPool.commonPool-worker-5] INFO  server.GrpcService (GrpcService.java:closeImpl(320)) - 8b353431-6b66-4460-9602-55c815b93317: shutdown server org.apache.ratis.grpc.server.GrpcClientProtocolService successfully
2024-03-15 21:39:18,470 [ForkJoinPool.commonPool-worker-5] INFO  server.GrpcService (GrpcService.java:closeImpl(311)) - 8b353431-6b66-4460-9602-55c815b93317: shutdown server GrpcServerProtocolService now
2024-03-15 21:39:18,471 [8b353431-6b66-4460-9602-55c815b93317@group-FF386EC77000-StateMachineUpdater] INFO  ratis.ContainerStateMachine (ContainerStateMachine.java:takeSnapshot(366)) - group-FF386EC77000: Finished taking a snapshot at:(t:1, i:0) file:/home/runner/work/ozone/ozone/hadoop-ozone/integration-test/target/test-dir/MiniOzoneClusterImpl-3a4de177-78ca-4f6d-b60b-6b5c736a6a4e/ozone-meta/datanode-9/ratis/d0b92eac-8624-4392-91d7-ff386ec77000/sm/snapshot.1_0 took: 4 ms
2024-03-15 21:39:18,471 [ForkJoinPool.commonPool-worker-5] INFO  server.GrpcService (GrpcService.java:closeImpl(320)) - 8b353431-6b66-4460-9602-55c815b93317: shutdown server GrpcServerProtocolService successfully
2024-03-15 21:39:18,471 [8b353431-6b66-4460-9602-55c815b93317@group-FF386EC77000-StateMachineUpdater] INFO  impl.StateMachineUpdater (StateMachineUpdater.java:takeSnapshot(295)) - 8b353431-6b66-4460-9602-55c815b93317@group-FF386EC77000-StateMachineUpdater: Took a snapshot at index 0
2024-03-15 21:39:18,471 [ForkJoinPool.commonPool-worker-5] INFO  server.GrpcService (GrpcService.java:closeImpl(311)) - 8b353431-6b66-4460-9602-55c815b93317: shutdown server org.apache.ratis.grpc.server.GrpcAdminProtocolService now
2024-03-15 21:39:18,471 [8b353431-6b66-4460-9602-55c815b93317@group-FF386EC77000-StateMachineUpdater] INFO  impl.StateMachineUpdater (StateMachineUpdater.java:lambda$new$0(98)) - 8b353431-6b66-4460-9602-55c815b93317@group-FF386EC77000-StateMachineUpdater: snapshotIndex: updateIncreasingly -1 -> 0
2024-03-15 21:39:18,471 [8b353431-6b66-4460-9602-55c815b93317-impl-thread2] INFO  server.RaftServer$Division (ServerState.java:close(427)) - 8b353431-6b66-4460-9602-55c815b93317@group-FF386EC77000: applyIndex: 0
2024-03-15 21:39:18,477 [8b353431-6b66-4460-9602-55c815b93317@group-FF386EC77000-cacheEviction-AwaitToRun] INFO  util.AwaitToRun (AwaitToRun.java:run(49)) - 8b353431-6b66-4460-9602-55c815b93317@group-FF386EC77000-cacheEviction-AwaitToRun-AwaitForSignal is interrupted
2024-03-15 21:39:18,477 [ForkJoinPool.commonPool-worker-5] INFO  server.GrpcService (GrpcService.java:closeImpl(320)) - 8b353431-6b66-4460-9602-55c815b93317: shutdown server org.apache.ratis.grpc.server.GrpcAdminProtocolService successfully
2024-03-15 21:39:18,479 [e952460c-8236-4bec-b567-d040e1d0e4f9-NettyServerStreamRpc-bossGroup--thread1] INFO  logging.LoggingHandler (AbstractInternalLogger.java:log(148)) - [id: 0xb949f448, L:/0.0.0.0:15158] CLOSE
2024-03-15 21:39:18,479 [e952460c-8236-4bec-b567-d040e1d0e4f9-NettyServerStreamRpc-bossGroup--thread1] INFO  logging.LoggingHandler (AbstractInternalLogger.java:log(148)) - [id: 0xb949f448, L:/0.0.0.0:15158] INACTIVE
2024-03-15 21:39:18,479 [e952460c-8236-4bec-b567-d040e1d0e4f9-NettyServerStreamRpc-bossGroup--thread1] INFO  logging.LoggingHandler (AbstractInternalLogger.java:log(148)) - [id: 0xb949f448, L:/0.0.0.0:15158] UNREGISTERED
2024-03-15 21:39:18,490 [ab213e82-42b9-48b1-ae0f-aa83a6d4a4a6-impl-thread1] INFO  segmented.SegmentedRaftLogWorker (SegmentedRaftLogWorker.java:close(245)) - ab213e82-42b9-48b1-ae0f-aa83a6d4a4a6@group-C58D29EE5220-SegmentedRaftLogWorker close()
2024-03-15 21:39:18,494 [8b353431-6b66-4460-9602-55c815b93317-NettyServerStreamRpc-bossGroup--thread1] INFO  logging.LoggingHandler (AbstractInternalLogger.java:log(148)) - [id: 0xa8d89345, L:/0.0.0.0:15176] CLOSE
2024-03-15 21:39:18,495 [8b353431-6b66-4460-9602-55c815b93317-NettyServerStreamRpc-bossGroup--thread1] INFO  logging.LoggingHandler (AbstractInternalLogger.java:log(148)) - [id: 0xa8d89345, L:/0.0.0.0:15176] INACTIVE
2024-03-15 21:39:18,495 [8b353431-6b66-4460-9602-55c815b93317-NettyServerStreamRpc-bossGroup--thread1] INFO  logging.LoggingHandler (AbstractInternalLogger.java:log(148)) - [id: 0xa8d89345, L:/0.0.0.0:15176] UNREGISTERED
2024-03-15 21:39:18,517 [91ca698e-74b5-4d15-9852-8e087478f801-impl-thread2] INFO  segmented.SegmentedRaftLogWorker (SegmentedRaftLogWorker.java:close(245)) - 91ca698e-74b5-4d15-9852-8e087478f801@group-C58D29EE5220-SegmentedRaftLogWorker close()
2024-03-15 21:39:18,518 [b499248e-0c06-432d-b10b-4f9787fe0788-impl-thread2] INFO  segmented.SegmentedRaftLogWorker (SegmentedRaftLogWorker.java:close(245)) - b499248e-0c06-432d-b10b-4f9787fe0788@group-C58D29EE5220-SegmentedRaftLogWorker close()
2024-03-15 21:39:18,519 [JvmPauseMonitor13] INFO  util.JvmPauseMonitor (JvmPauseMonitor.java:run(152)) - JvmPauseMonitor-b499248e-0c06-432d-b10b-4f9787fe0788: Stopped
2024-03-15 21:39:18,538 [ab213e82-42b9-48b1-ae0f-aa83a6d4a4a6-impl-thread2] INFO  segmented.SegmentedRaftLogWorker (SegmentedRaftLogWorker.java:close(245)) - ab213e82-42b9-48b1-ae0f-aa83a6d4a4a6@group-74D59BEFE15B-SegmentedRaftLogWorker close()
2024-03-15 21:39:18,539 [JvmPauseMonitor14] INFO  util.JvmPauseMonitor (JvmPauseMonitor.java:run(152)) - JvmPauseMonitor-ab213e82-42b9-48b1-ae0f-aa83a6d4a4a6: Stopped
2024-03-15 21:39:18,609 [91ca698e-74b5-4d15-9852-8e087478f801-impl-thread1] INFO  segmented.SegmentedRaftLogWorker (SegmentedRaftLogWorker.java:close(245)) - 91ca698e-74b5-4d15-9852-8e087478f801@group-5945C1BD35EC-SegmentedRaftLogWorker close()
2024-03-15 21:39:18,610 [JvmPauseMonitor15] INFO  util.JvmPauseMonitor (JvmPauseMonitor.java:run(152)) - JvmPauseMonitor-91ca698e-74b5-4d15-9852-8e087478f801: Stopped
2024-03-15 21:39:18,745 [05ef7519-d18f-4616-94d2-fdbdf5167048-impl-thread1] INFO  segmented.SegmentedRaftLogWorker (SegmentedRaftLogWorker.java:close(245)) - 05ef7519-d18f-4616-94d2-fdbdf5167048@group-25B99B4419A4-SegmentedRaftLogWorker close()
2024-03-15 21:39:19,030 [bf6310f0-ec4f-414e-a975-974a715da885-impl-thread2] INFO  segmented.SegmentedRaftLogWorker (SegmentedRaftLogWorker.java:close(245)) - bf6310f0-ec4f-414e-a975-974a715da885@group-5640AFA68D3E-SegmentedRaftLogWorker close()
2024-03-15 21:39:19,030 [05ef7519-d18f-4616-94d2-fdbdf5167048-impl-thread2] INFO  segmented.SegmentedRaftLogWorker (SegmentedRaftLogWorker.java:close(245)) - 05ef7519-d18f-4616-94d2-fdbdf5167048@group-5640AFA68D3E-SegmentedRaftLogWorker close()
2024-03-15 21:39:19,031 [455def2e-61ff-4e49-9c6f-295594c4a0b8-impl-thread2] INFO  segmented.SegmentedRaftLogWorker (SegmentedRaftLogWorker.java:close(245)) - 455def2e-61ff-4e49-9c6f-295594c4a0b8@group-5640AFA68D3E-SegmentedRaftLogWorker close()
2024-03-15 21:39:19,032 [bf6310f0-ec4f-414e-a975-974a715da885-impl-thread1] INFO  segmented.SegmentedRaftLogWorker (SegmentedRaftLogWorker.java:close(245)) - bf6310f0-ec4f-414e-a975-974a715da885@group-E360525BF245-SegmentedRaftLogWorker close()
2024-03-15 21:39:19,034 [JvmPauseMonitor16] INFO  util.JvmPauseMonitor (JvmPauseMonitor.java:run(152)) - JvmPauseMonitor-05ef7519-d18f-4616-94d2-fdbdf5167048: Stopped
2024-03-15 21:39:19,035 [JvmPauseMonitor17] INFO  util.JvmPauseMonitor (JvmPauseMonitor.java:run(152)) - JvmPauseMonitor-bf6310f0-ec4f-414e-a975-974a715da885: Stopped
2024-03-15 21:39:19,131 [455def2e-61ff-4e49-9c6f-295594c4a0b8-impl-thread1] INFO  segmented.SegmentedRaftLogWorker (SegmentedRaftLogWorker.java:close(245)) - 455def2e-61ff-4e49-9c6f-295594c4a0b8@group-E417F808F81D-SegmentedRaftLogWorker close()
2024-03-15 21:39:19,131 [JvmPauseMonitor18] INFO  util.JvmPauseMonitor (JvmPauseMonitor.java:run(152)) - JvmPauseMonitor-455def2e-61ff-4e49-9c6f-295594c4a0b8: Stopped
2024-03-15 21:39:19,177 [e952460c-8236-4bec-b567-d040e1d0e4f9-impl-thread1] INFO  segmented.SegmentedRaftLogWorker (SegmentedRaftLogWorker.java:close(245)) - e952460c-8236-4bec-b567-d040e1d0e4f9@group-24E35B55F1E5-SegmentedRaftLogWorker close()
2024-03-15 21:39:19,236 [e76b1ec9-b399-499f-a8ce-a1f080404f38-impl-thread2] INFO  segmented.SegmentedRaftLogWorker (SegmentedRaftLogWorker.java:close(245)) - e76b1ec9-b399-499f-a8ce-a1f080404f38@group-CC7984C646FB-SegmentedRaftLogWorker close()
2024-03-15 21:39:19,314 [e76b1ec9-b399-499f-a8ce-a1f080404f38-impl-thread1] INFO  segmented.SegmentedRaftLogWorker (SegmentedRaftLogWorker.java:close(245)) - e76b1ec9-b399-499f-a8ce-a1f080404f38@group-FF386EC77000-SegmentedRaftLogWorker close()
2024-03-15 21:39:19,314 [JvmPauseMonitor20] INFO  util.JvmPauseMonitor (JvmPauseMonitor.java:run(152)) - JvmPauseMonitor-e76b1ec9-b399-499f-a8ce-a1f080404f38: Stopped
2024-03-15 21:39:19,332 [e952460c-8236-4bec-b567-d040e1d0e4f9-impl-thread2] INFO  segmented.SegmentedRaftLogWorker (SegmentedRaftLogWorker.java:close(245)) - e952460c-8236-4bec-b567-d040e1d0e4f9@group-FF386EC77000-SegmentedRaftLogWorker close()
2024-03-15 21:39:19,333 [JvmPauseMonitor19] INFO  util.JvmPauseMonitor (JvmPauseMonitor.java:run(152)) - JvmPauseMonitor-e952460c-8236-4bec-b567-d040e1d0e4f9: Stopped
2024-03-15 21:39:19,337 [8b353431-6b66-4460-9602-55c815b93317-impl-thread2] INFO  segmented.SegmentedRaftLogWorker (SegmentedRaftLogWorker.java:close(245)) - 8b353431-6b66-4460-9602-55c815b93317@group-FF386EC77000-SegmentedRaftLogWorker close()
2024-03-15 21:39:19,447 [8b353431-6b66-4460-9602-55c815b93317-impl-thread1] INFO  segmented.SegmentedRaftLogWorker (SegmentedRaftLogWorker.java:close(245)) - 8b353431-6b66-4460-9602-55c815b93317@group-33D64F3E057E-SegmentedRaftLogWorker close()
2024-03-15 21:39:19,448 [JvmPauseMonitor21] INFO  util.JvmPauseMonitor (JvmPauseMonitor.java:run(152)) - JvmPauseMonitor-8b353431-6b66-4460-9602-55c815b93317: Stopped
2024-03-15 21:39:20,521 [ForkJoinPool.commonPool-worker-2] INFO  utils.DatanodeStoreCache (DatanodeStoreCache.java:shutdownCache(116)) - Skip clearing cache in mini cluster mode. Entries left: [/home/runner/work/ozone/ozone/hadoop-ozone/integration-test/target/test-dir/MiniOzoneClusterImpl-3a4de177-78ca-4f6d-b60b-6b5c736a6a4e/ozone-meta/datanode-1/data-0/hdds/3a4de177-78ca-4f6d-b60b-6b5c736a6a4e/DS-31c5c04b-17a6-49a8-87ae-533e4163a288/container.db, /home/runner/work/ozone/ozone/hadoop-ozone/integration-test/target/test-dir/MiniOzoneClusterImpl-3a4de177-78ca-4f6d-b60b-6b5c736a6a4e/ozone-meta/datanode-2/data-0/hdds/3a4de177-78ca-4f6d-b60b-6b5c736a6a4e/DS-f4e254d4-e94f-4a37-bfdc-b875373ca5db/container.db, /home/runner/work/ozone/ozone/hadoop-ozone/integration-test/target/test-dir/MiniOzoneClusterImpl-3a4de177-78ca-4f6d-b60b-6b5c736a6a4e/ozone-meta/datanode-3/data-0/hdds/3a4de177-78ca-4f6d-b60b-6b5c736a6a4e/DS-866e7ddb-15bc-424d-a4f4-661536b3ac02/container.db, /home/runner/work/ozone/ozone/hadoop-ozone/integration-test/target/test-dir/MiniOzoneClusterImpl-3a4de177-78ca-4f6d-b60b-6b5c736a6a4e/ozone-meta/datanode-4/data-0/hdds/3a4de177-78ca-4f6d-b60b-6b5c736a6a4e/DS-38769df1-d2c7-4b50-8889-454d9c274802/container.db, /home/runner/work/ozone/ozone/hadoop-ozone/integration-test/target/test-dir/MiniOzoneClusterImpl-3a4de177-78ca-4f6d-b60b-6b5c736a6a4e/ozone-meta/datanode-5/data-0/hdds/3a4de177-78ca-4f6d-b60b-6b5c736a6a4e/DS-f39889e0-46b8-4eec-ae3e-509c2e1aae2d/container.db, /home/runner/work/ozone/ozone/hadoop-ozone/integration-test/target/test-dir/MiniOzoneClusterImpl-3a4de177-78ca-4f6d-b60b-6b5c736a6a4e/ozone-meta/datanode-6/data-0/hdds/3a4de177-78ca-4f6d-b60b-6b5c736a6a4e/DS-eb995b45-3013-4025-a805-5bff8d4cfbe3/container.db, /home/runner/work/ozone/ozone/hadoop-ozone/integration-test/target/test-dir/MiniOzoneClusterImpl-3a4de177-78ca-4f6d-b60b-6b5c736a6a4e/ozone-meta/datanode-7/data-0/hdds/3a4de177-78ca-4f6d-b60b-6b5c736a6a4e/DS-5a5b2c87-26d2-4941-9393-f517ebeab43e/container.db, /home/runner/work/ozone/ozone/hadoop-ozone/integration-test/target/test-dir/MiniOzoneClusterImpl-3a4de177-78ca-4f6d-b60b-6b5c736a6a4e/ozone-meta/datanode-8/data-0/hdds/3a4de177-78ca-4f6d-b60b-6b5c736a6a4e/DS-be6c2b23-2620-49df-96a7-7023bed0cd4c/container.db, /home/runner/work/ozone/ozone/hadoop-ozone/integration-test/target/test-dir/MiniOzoneClusterImpl-3a4de177-78ca-4f6d-b60b-6b5c736a6a4e/ozone-meta/datanode-9/data-0/hdds/3a4de177-78ca-4f6d-b60b-6b5c736a6a4e/DS-95e6eb80-b89c-4097-9d9a-3fbbe089db5c/container.db]
2024-03-15 21:39:20,522 [ForkJoinPool.commonPool-worker-2] INFO  utils.DatanodeStoreCache (DatanodeStoreCache.java:removeDB(110)) - Removed db /home/runner/work/ozone/ozone/hadoop-ozone/integration-test/target/test-dir/MiniOzoneClusterImpl-3a4de177-78ca-4f6d-b60b-6b5c736a6a4e/ozone-meta/datanode-1/data-0/hdds/3a4de177-78ca-4f6d-b60b-6b5c736a6a4e/DS-31c5c04b-17a6-49a8-87ae-533e4163a288/container.db from cache
2024-03-15 21:39:20,523 [ForkJoinPool.commonPool-worker-2] INFO  volume.HddsVolume (HddsVolume.java:closeDbStore(451)) - SchemaV3 db is stopped at /home/runner/work/ozone/ozone/hadoop-ozone/integration-test/target/test-dir/MiniOzoneClusterImpl-3a4de177-78ca-4f6d-b60b-6b5c736a6a4e/ozone-meta/datanode-1/data-0/hdds/3a4de177-78ca-4f6d-b60b-6b5c736a6a4e/DS-31c5c04b-17a6-49a8-87ae-533e4163a288/container.db for volume DS-31c5c04b-17a6-49a8-87ae-533e4163a288
2024-03-15 21:39:20,523 [ForkJoinPool.commonPool-worker-2] INFO  utils.BackgroundService (BackgroundService.java:shutdown(160)) - Shutting down service BlockDeletingService
2024-03-15 21:39:20,523 [ForkJoinPool.commonPool-worker-2] INFO  utils.BackgroundService (BackgroundService.java:shutdown(160)) - Shutting down service StaleRecoveringContainerScrubbingService
2024-03-15 21:39:20,524 [ForkJoinPool.commonPool-worker-2] INFO  statemachine.DatanodeStateMachine (DatanodeStateMachine.java:stopDaemon(638)) - Ozone container server stopped.
2024-03-15 21:39:20,526 [ForkJoinPool.commonPool-worker-2] INFO  handler.ContextHandler (ContextHandler.java:doStop(1159)) - Stopped o.e.j.w.WebAppContext@22741e1d{hddsDatanode,/,null,STOPPED}{jar:file:/home/runner/.m2/repository/org/apache/ozone/hdds-container-service/1.5.0-SNAPSHOT/hdds-container-service-1.5.0-SNAPSHOT.jar!/webapps/hddsDatanode}
2024-03-15 21:39:20,527 [ForkJoinPool.commonPool-worker-2] INFO  server.AbstractConnector (AbstractConnector.java:doStop(383)) - Stopped ServerConnector@5e04a8d{HTTP/1.1, (http/1.1)}{0.0.0.0:15098}
2024-03-15 21:39:20,527 [ForkJoinPool.commonPool-worker-2] INFO  server.session (HouseKeeper.java:stopScavenging(149)) - node0 Stopped scavenging
2024-03-15 21:39:20,529 [ForkJoinPool.commonPool-worker-2] INFO  handler.ContextHandler (ContextHandler.java:doStop(1159)) - Stopped o.e.j.s.ServletContextHandler@674982c3{static,/static,jar:file:/home/runner/.m2/repository/org/apache/ozone/hdds-container-service/1.5.0-SNAPSHOT/hdds-container-service-1.5.0-SNAPSHOT.jar!/webapps/static,STOPPED}
2024-03-15 21:39:20,529 [ForkJoinPool.commonPool-worker-2] INFO  handler.ContextHandler (ContextHandler.java:doStop(1159)) - Stopped o.e.j.s.ServletContextHandler@14d412d7{logs,/logs,file:///home/runner/work/ozone/ozone/hadoop-ozone/integration-test/target/log,STOPPED}
2024-03-15 21:39:20,530 [ForkJoinPool.commonPool-worker-2] INFO  ozone.HddsDatanodeClientProtocolServer (HddsDatanodeClientProtocolServer.java:stop(83)) - Stopping the RPC server for Client Protocol
2024-03-15 21:39:20,530 [ForkJoinPool.commonPool-worker-2] INFO  ipc.Server (Server.java:stop(3523)) - Stopping server on 15099
2024-03-15 21:39:20,531 [IPC Server listener on 15099] INFO  ipc.Server (Server.java:run(1434)) - Stopping IPC Server listener on 15099
2024-03-15 21:39:20,531 [IPC Server Responder] INFO  ipc.Server (Server.java:run(1567)) - Stopping IPC Server Responder
2024-03-15 21:39:20,541 [ForkJoinPool.commonPool-worker-1] INFO  utils.DatanodeStoreCache (DatanodeStoreCache.java:shutdownCache(116)) - Skip clearing cache in mini cluster mode. Entries left: [/home/runner/work/ozone/ozone/hadoop-ozone/integration-test/target/test-dir/MiniOzoneClusterImpl-3a4de177-78ca-4f6d-b60b-6b5c736a6a4e/ozone-meta/datanode-2/data-0/hdds/3a4de177-78ca-4f6d-b60b-6b5c736a6a4e/DS-f4e254d4-e94f-4a37-bfdc-b875373ca5db/container.db, /home/runner/work/ozone/ozone/hadoop-ozone/integration-test/target/test-dir/MiniOzoneClusterImpl-3a4de177-78ca-4f6d-b60b-6b5c736a6a4e/ozone-meta/datanode-3/data-0/hdds/3a4de177-78ca-4f6d-b60b-6b5c736a6a4e/DS-866e7ddb-15bc-424d-a4f4-661536b3ac02/container.db, /home/runner/work/ozone/ozone/hadoop-ozone/integration-test/target/test-dir/MiniOzoneClusterImpl-3a4de177-78ca-4f6d-b60b-6b5c736a6a4e/ozone-meta/datanode-4/data-0/hdds/3a4de177-78ca-4f6d-b60b-6b5c736a6a4e/DS-38769df1-d2c7-4b50-8889-454d9c274802/container.db, /home/runner/work/ozone/ozone/hadoop-ozone/integration-test/target/test-dir/MiniOzoneClusterImpl-3a4de177-78ca-4f6d-b60b-6b5c736a6a4e/ozone-meta/datanode-5/data-0/hdds/3a4de177-78ca-4f6d-b60b-6b5c736a6a4e/DS-f39889e0-46b8-4eec-ae3e-509c2e1aae2d/container.db, /home/runner/work/ozone/ozone/hadoop-ozone/integration-test/target/test-dir/MiniOzoneClusterImpl-3a4de177-78ca-4f6d-b60b-6b5c736a6a4e/ozone-meta/datanode-6/data-0/hdds/3a4de177-78ca-4f6d-b60b-6b5c736a6a4e/DS-eb995b45-3013-4025-a805-5bff8d4cfbe3/container.db, /home/runner/work/ozone/ozone/hadoop-ozone/integration-test/target/test-dir/MiniOzoneClusterImpl-3a4de177-78ca-4f6d-b60b-6b5c736a6a4e/ozone-meta/datanode-7/data-0/hdds/3a4de177-78ca-4f6d-b60b-6b5c736a6a4e/DS-5a5b2c87-26d2-4941-9393-f517ebeab43e/container.db, /home/runner/work/ozone/ozone/hadoop-ozone/integration-test/target/test-dir/MiniOzoneClusterImpl-3a4de177-78ca-4f6d-b60b-6b5c736a6a4e/ozone-meta/datanode-8/data-0/hdds/3a4de177-78ca-4f6d-b60b-6b5c736a6a4e/DS-be6c2b23-2620-49df-96a7-7023bed0cd4c/container.db, /home/runner/work/ozone/ozone/hadoop-ozone/integration-test/target/test-dir/MiniOzoneClusterImpl-3a4de177-78ca-4f6d-b60b-6b5c736a6a4e/ozone-meta/datanode-9/data-0/hdds/3a4de177-78ca-4f6d-b60b-6b5c736a6a4e/DS-95e6eb80-b89c-4097-9d9a-3fbbe089db5c/container.db]
2024-03-15 21:39:20,542 [ForkJoinPool.commonPool-worker-1] INFO  utils.DatanodeStoreCache (DatanodeStoreCache.java:removeDB(110)) - Removed db /home/runner/work/ozone/ozone/hadoop-ozone/integration-test/target/test-dir/MiniOzoneClusterImpl-3a4de177-78ca-4f6d-b60b-6b5c736a6a4e/ozone-meta/datanode-2/data-0/hdds/3a4de177-78ca-4f6d-b60b-6b5c736a6a4e/DS-f4e254d4-e94f-4a37-bfdc-b875373ca5db/container.db from cache
2024-03-15 21:39:20,542 [ForkJoinPool.commonPool-worker-1] INFO  volume.HddsVolume (HddsVolume.java:closeDbStore(451)) - SchemaV3 db is stopped at /home/runner/work/ozone/ozone/hadoop-ozone/integration-test/target/test-dir/MiniOzoneClusterImpl-3a4de177-78ca-4f6d-b60b-6b5c736a6a4e/ozone-meta/datanode-2/data-0/hdds/3a4de177-78ca-4f6d-b60b-6b5c736a6a4e/DS-f4e254d4-e94f-4a37-bfdc-b875373ca5db/container.db for volume DS-f4e254d4-e94f-4a37-bfdc-b875373ca5db
2024-03-15 21:39:20,542 [ForkJoinPool.commonPool-worker-1] INFO  utils.BackgroundService (BackgroundService.java:shutdown(160)) - Shutting down service BlockDeletingService
2024-03-15 21:39:20,543 [ForkJoinPool.commonPool-worker-1] INFO  utils.BackgroundService (BackgroundService.java:shutdown(160)) - Shutting down service StaleRecoveringContainerScrubbingService
2024-03-15 21:39:20,545 [ForkJoinPool.commonPool-worker-1] INFO  statemachine.DatanodeStateMachine (DatanodeStateMachine.java:stopDaemon(638)) - Ozone container server stopped.
2024-03-15 21:39:20,546 [ForkJoinPool.commonPool-worker-1] INFO  handler.ContextHandler (ContextHandler.java:doStop(1159)) - Stopped o.e.j.w.WebAppContext@59e5fca2{hddsDatanode,/,null,STOPPED}{jar:file:/home/runner/.m2/repository/org/apache/ozone/hdds-container-service/1.5.0-SNAPSHOT/hdds-container-service-1.5.0-SNAPSHOT.jar!/webapps/hddsDatanode}
2024-03-15 21:39:20,546 [ForkJoinPool.commonPool-worker-1] INFO  server.AbstractConnector (AbstractConnector.java:doStop(383)) - Stopped ServerConnector@5cfb0061{HTTP/1.1, (http/1.1)}{0.0.0.0:15107}
2024-03-15 21:39:20,546 [ForkJoinPool.commonPool-worker-1] INFO  server.session (HouseKeeper.java:stopScavenging(149)) - node0 Stopped scavenging
2024-03-15 21:39:20,547 [ForkJoinPool.commonPool-worker-1] INFO  handler.ContextHandler (ContextHandler.java:doStop(1159)) - Stopped o.e.j.s.ServletContextHandler@7c4a3a84{static,/static,jar:file:/home/runner/.m2/repository/org/apache/ozone/hdds-container-service/1.5.0-SNAPSHOT/hdds-container-service-1.5.0-SNAPSHOT.jar!/webapps/static,STOPPED}
2024-03-15 21:39:20,547 [ForkJoinPool.commonPool-worker-1] INFO  handler.ContextHandler (ContextHandler.java:doStop(1159)) - Stopped o.e.j.s.ServletContextHandler@6d8fd852{logs,/logs,file:///home/runner/work/ozone/ozone/hadoop-ozone/integration-test/target/log,STOPPED}
2024-03-15 21:39:20,547 [ForkJoinPool.commonPool-worker-1] INFO  ozone.HddsDatanodeClientProtocolServer (HddsDatanodeClientProtocolServer.java:stop(83)) - Stopping the RPC server for Client Protocol
2024-03-15 21:39:20,548 [ForkJoinPool.commonPool-worker-1] INFO  ipc.Server (Server.java:stop(3523)) - Stopping server on 15108
2024-03-15 21:39:20,548 [IPC Server listener on 15108] INFO  ipc.Server (Server.java:run(1434)) - Stopping IPC Server listener on 15108
2024-03-15 21:39:20,548 [IPC Server Responder] INFO  ipc.Server (Server.java:run(1567)) - Stopping IPC Server Responder
2024-03-15 21:39:20,612 [ForkJoinPool.commonPool-worker-6] INFO  utils.DatanodeStoreCache (DatanodeStoreCache.java:shutdownCache(116)) - Skip clearing cache in mini cluster mode. Entries left: [/home/runner/work/ozone/ozone/hadoop-ozone/integration-test/target/test-dir/MiniOzoneClusterImpl-3a4de177-78ca-4f6d-b60b-6b5c736a6a4e/ozone-meta/datanode-3/data-0/hdds/3a4de177-78ca-4f6d-b60b-6b5c736a6a4e/DS-866e7ddb-15bc-424d-a4f4-661536b3ac02/container.db, /home/runner/work/ozone/ozone/hadoop-ozone/integration-test/target/test-dir/MiniOzoneClusterImpl-3a4de177-78ca-4f6d-b60b-6b5c736a6a4e/ozone-meta/datanode-4/data-0/hdds/3a4de177-78ca-4f6d-b60b-6b5c736a6a4e/DS-38769df1-d2c7-4b50-8889-454d9c274802/container.db, /home/runner/work/ozone/ozone/hadoop-ozone/integration-test/target/test-dir/MiniOzoneClusterImpl-3a4de177-78ca-4f6d-b60b-6b5c736a6a4e/ozone-meta/datanode-5/data-0/hdds/3a4de177-78ca-4f6d-b60b-6b5c736a6a4e/DS-f39889e0-46b8-4eec-ae3e-509c2e1aae2d/container.db, /home/runner/work/ozone/ozone/hadoop-ozone/integration-test/target/test-dir/MiniOzoneClusterImpl-3a4de177-78ca-4f6d-b60b-6b5c736a6a4e/ozone-meta/datanode-6/data-0/hdds/3a4de177-78ca-4f6d-b60b-6b5c736a6a4e/DS-eb995b45-3013-4025-a805-5bff8d4cfbe3/container.db, /home/runner/work/ozone/ozone/hadoop-ozone/integration-test/target/test-dir/MiniOzoneClusterImpl-3a4de177-78ca-4f6d-b60b-6b5c736a6a4e/ozone-meta/datanode-7/data-0/hdds/3a4de177-78ca-4f6d-b60b-6b5c736a6a4e/DS-5a5b2c87-26d2-4941-9393-f517ebeab43e/container.db, /home/runner/work/ozone/ozone/hadoop-ozone/integration-test/target/test-dir/MiniOzoneClusterImpl-3a4de177-78ca-4f6d-b60b-6b5c736a6a4e/ozone-meta/datanode-8/data-0/hdds/3a4de177-78ca-4f6d-b60b-6b5c736a6a4e/DS-be6c2b23-2620-49df-96a7-7023bed0cd4c/container.db, /home/runner/work/ozone/ozone/hadoop-ozone/integration-test/target/test-dir/MiniOzoneClusterImpl-3a4de177-78ca-4f6d-b60b-6b5c736a6a4e/ozone-meta/datanode-9/data-0/hdds/3a4de177-78ca-4f6d-b60b-6b5c736a6a4e/DS-95e6eb80-b89c-4097-9d9a-3fbbe089db5c/container.db]
2024-03-15 21:39:20,613 [ForkJoinPool.commonPool-worker-6] INFO  utils.DatanodeStoreCache (DatanodeStoreCache.java:removeDB(110)) - Removed db /home/runner/work/ozone/ozone/hadoop-ozone/integration-test/target/test-dir/MiniOzoneClusterImpl-3a4de177-78ca-4f6d-b60b-6b5c736a6a4e/ozone-meta/datanode-3/data-0/hdds/3a4de177-78ca-4f6d-b60b-6b5c736a6a4e/DS-866e7ddb-15bc-424d-a4f4-661536b3ac02/container.db from cache
2024-03-15 21:39:20,613 [ForkJoinPool.commonPool-worker-6] INFO  volume.HddsVolume (HddsVolume.java:closeDbStore(451)) - SchemaV3 db is stopped at /home/runner/work/ozone/ozone/hadoop-ozone/integration-test/target/test-dir/MiniOzoneClusterImpl-3a4de177-78ca-4f6d-b60b-6b5c736a6a4e/ozone-meta/datanode-3/data-0/hdds/3a4de177-78ca-4f6d-b60b-6b5c736a6a4e/DS-866e7ddb-15bc-424d-a4f4-661536b3ac02/container.db for volume DS-866e7ddb-15bc-424d-a4f4-661536b3ac02
2024-03-15 21:39:20,614 [ForkJoinPool.commonPool-worker-6] INFO  utils.BackgroundService (BackgroundService.java:shutdown(160)) - Shutting down service BlockDeletingService
2024-03-15 21:39:20,614 [ForkJoinPool.commonPool-worker-6] INFO  utils.BackgroundService (BackgroundService.java:shutdown(160)) - Shutting down service StaleRecoveringContainerScrubbingService
2024-03-15 21:39:20,615 [ForkJoinPool.commonPool-worker-6] INFO  statemachine.DatanodeStateMachine (DatanodeStateMachine.java:stopDaemon(638)) - Ozone container server stopped.
2024-03-15 21:39:20,616 [ForkJoinPool.commonPool-worker-6] INFO  handler.ContextHandler (ContextHandler.java:doStop(1159)) - Stopped o.e.j.w.WebAppContext@3754e4b2{hddsDatanode,/,null,STOPPED}{jar:file:/home/runner/.m2/repository/org/apache/ozone/hdds-container-service/1.5.0-SNAPSHOT/hdds-container-service-1.5.0-SNAPSHOT.jar!/webapps/hddsDatanode}
2024-03-15 21:39:20,616 [ForkJoinPool.commonPool-worker-6] INFO  server.AbstractConnector (AbstractConnector.java:doStop(383)) - Stopped ServerConnector@3e6ec8d6{HTTP/1.1, (http/1.1)}{0.0.0.0:15116}
2024-03-15 21:39:20,616 [ForkJoinPool.commonPool-worker-6] INFO  server.session (HouseKeeper.java:stopScavenging(149)) - node0 Stopped scavenging
2024-03-15 21:39:20,616 [ForkJoinPool.commonPool-worker-6] INFO  handler.ContextHandler (ContextHandler.java:doStop(1159)) - Stopped o.e.j.s.ServletContextHandler@261f44ce{static,/static,jar:file:/home/runner/.m2/repository/org/apache/ozone/hdds-container-service/1.5.0-SNAPSHOT/hdds-container-service-1.5.0-SNAPSHOT.jar!/webapps/static,STOPPED}
2024-03-15 21:39:20,617 [ForkJoinPool.commonPool-worker-6] INFO  handler.ContextHandler (ContextHandler.java:doStop(1159)) - Stopped o.e.j.s.ServletContextHandler@41d1bea3{logs,/logs,file:///home/runner/work/ozone/ozone/hadoop-ozone/integration-test/target/log,STOPPED}
2024-03-15 21:39:20,617 [ForkJoinPool.commonPool-worker-6] INFO  ozone.HddsDatanodeClientProtocolServer (HddsDatanodeClientProtocolServer.java:stop(83)) - Stopping the RPC server for Client Protocol
2024-03-15 21:39:20,618 [ForkJoinPool.commonPool-worker-6] INFO  ipc.Server (Server.java:stop(3523)) - Stopping server on 15117
2024-03-15 21:39:20,618 [IPC Server listener on 15117] INFO  ipc.Server (Server.java:run(1434)) - Stopping IPC Server listener on 15117
2024-03-15 21:39:20,618 [IPC Server Responder] INFO  ipc.Server (Server.java:run(1567)) - Stopping IPC Server Responder
2024-03-15 21:39:21,036 [ForkJoinPool.commonPool-worker-3] INFO  utils.DatanodeStoreCache (DatanodeStoreCache.java:shutdownCache(116)) - Skip clearing cache in mini cluster mode. Entries left: [/home/runner/work/ozone/ozone/hadoop-ozone/integration-test/target/test-dir/MiniOzoneClusterImpl-3a4de177-78ca-4f6d-b60b-6b5c736a6a4e/ozone-meta/datanode-4/data-0/hdds/3a4de177-78ca-4f6d-b60b-6b5c736a6a4e/DS-38769df1-d2c7-4b50-8889-454d9c274802/container.db, /home/runner/work/ozone/ozone/hadoop-ozone/integration-test/target/test-dir/MiniOzoneClusterImpl-3a4de177-78ca-4f6d-b60b-6b5c736a6a4e/ozone-meta/datanode-5/data-0/hdds/3a4de177-78ca-4f6d-b60b-6b5c736a6a4e/DS-f39889e0-46b8-4eec-ae3e-509c2e1aae2d/container.db, /home/runner/work/ozone/ozone/hadoop-ozone/integration-test/target/test-dir/MiniOzoneClusterImpl-3a4de177-78ca-4f6d-b60b-6b5c736a6a4e/ozone-meta/datanode-6/data-0/hdds/3a4de177-78ca-4f6d-b60b-6b5c736a6a4e/DS-eb995b45-3013-4025-a805-5bff8d4cfbe3/container.db, /home/runner/work/ozone/ozone/hadoop-ozone/integration-test/target/test-dir/MiniOzoneClusterImpl-3a4de177-78ca-4f6d-b60b-6b5c736a6a4e/ozone-meta/datanode-7/data-0/hdds/3a4de177-78ca-4f6d-b60b-6b5c736a6a4e/DS-5a5b2c87-26d2-4941-9393-f517ebeab43e/container.db, /home/runner/work/ozone/ozone/hadoop-ozone/integration-test/target/test-dir/MiniOzoneClusterImpl-3a4de177-78ca-4f6d-b60b-6b5c736a6a4e/ozone-meta/datanode-8/data-0/hdds/3a4de177-78ca-4f6d-b60b-6b5c736a6a4e/DS-be6c2b23-2620-49df-96a7-7023bed0cd4c/container.db, /home/runner/work/ozone/ozone/hadoop-ozone/integration-test/target/test-dir/MiniOzoneClusterImpl-3a4de177-78ca-4f6d-b60b-6b5c736a6a4e/ozone-meta/datanode-9/data-0/hdds/3a4de177-78ca-4f6d-b60b-6b5c736a6a4e/DS-95e6eb80-b89c-4097-9d9a-3fbbe089db5c/container.db]
2024-03-15 21:39:21,038 [ForkJoinPool.commonPool-worker-0] INFO  utils.DatanodeStoreCache (DatanodeStoreCache.java:shutdownCache(116)) - Skip clearing cache in mini cluster mode. Entries left: [/home/runner/work/ozone/ozone/hadoop-ozone/integration-test/target/test-dir/MiniOzoneClusterImpl-3a4de177-78ca-4f6d-b60b-6b5c736a6a4e/ozone-meta/datanode-4/data-0/hdds/3a4de177-78ca-4f6d-b60b-6b5c736a6a4e/DS-38769df1-d2c7-4b50-8889-454d9c274802/container.db, /home/runner/work/ozone/ozone/hadoop-ozone/integration-test/target/test-dir/MiniOzoneClusterImpl-3a4de177-78ca-4f6d-b60b-6b5c736a6a4e/ozone-meta/datanode-5/data-0/hdds/3a4de177-78ca-4f6d-b60b-6b5c736a6a4e/DS-f39889e0-46b8-4eec-ae3e-509c2e1aae2d/container.db, /home/runner/work/ozone/ozone/hadoop-ozone/integration-test/target/test-dir/MiniOzoneClusterImpl-3a4de177-78ca-4f6d-b60b-6b5c736a6a4e/ozone-meta/datanode-6/data-0/hdds/3a4de177-78ca-4f6d-b60b-6b5c736a6a4e/DS-eb995b45-3013-4025-a805-5bff8d4cfbe3/container.db, /home/runner/work/ozone/ozone/hadoop-ozone/integration-test/target/test-dir/MiniOzoneClusterImpl-3a4de177-78ca-4f6d-b60b-6b5c736a6a4e/ozone-meta/datanode-7/data-0/hdds/3a4de177-78ca-4f6d-b60b-6b5c736a6a4e/DS-5a5b2c87-26d2-4941-9393-f517ebeab43e/container.db, /home/runner/work/ozone/ozone/hadoop-ozone/integration-test/target/test-dir/MiniOzoneClusterImpl-3a4de177-78ca-4f6d-b60b-6b5c736a6a4e/ozone-meta/datanode-8/data-0/hdds/3a4de177-78ca-4f6d-b60b-6b5c736a6a4e/DS-be6c2b23-2620-49df-96a7-7023bed0cd4c/container.db, /home/runner/work/ozone/ozone/hadoop-ozone/integration-test/target/test-dir/MiniOzoneClusterImpl-3a4de177-78ca-4f6d-b60b-6b5c736a6a4e/ozone-meta/datanode-9/data-0/hdds/3a4de177-78ca-4f6d-b60b-6b5c736a6a4e/DS-95e6eb80-b89c-4097-9d9a-3fbbe089db5c/container.db]
2024-03-15 21:39:21,040 [ForkJoinPool.commonPool-worker-3] INFO  utils.DatanodeStoreCache (DatanodeStoreCache.java:removeDB(110)) - Removed db /home/runner/work/ozone/ozone/hadoop-ozone/integration-test/target/test-dir/MiniOzoneClusterImpl-3a4de177-78ca-4f6d-b60b-6b5c736a6a4e/ozone-meta/datanode-4/data-0/hdds/3a4de177-78ca-4f6d-b60b-6b5c736a6a4e/DS-38769df1-d2c7-4b50-8889-454d9c274802/container.db from cache
2024-03-15 21:39:21,040 [ForkJoinPool.commonPool-worker-3] INFO  volume.HddsVolume (HddsVolume.java:closeDbStore(451)) - SchemaV3 db is stopped at /home/runner/work/ozone/ozone/hadoop-ozone/integration-test/target/test-dir/MiniOzoneClusterImpl-3a4de177-78ca-4f6d-b60b-6b5c736a6a4e/ozone-meta/datanode-4/data-0/hdds/3a4de177-78ca-4f6d-b60b-6b5c736a6a4e/DS-38769df1-d2c7-4b50-8889-454d9c274802/container.db for volume DS-38769df1-d2c7-4b50-8889-454d9c274802
2024-03-15 21:39:21,040 [ForkJoinPool.commonPool-worker-3] INFO  utils.BackgroundService (BackgroundService.java:shutdown(160)) - Shutting down service BlockDeletingService
2024-03-15 21:39:21,040 [ForkJoinPool.commonPool-worker-0] INFO  utils.DatanodeStoreCache (DatanodeStoreCache.java:removeDB(110)) - Removed db /home/runner/work/ozone/ozone/hadoop-ozone/integration-test/target/test-dir/MiniOzoneClusterImpl-3a4de177-78ca-4f6d-b60b-6b5c736a6a4e/ozone-meta/datanode-5/data-0/hdds/3a4de177-78ca-4f6d-b60b-6b5c736a6a4e/DS-f39889e0-46b8-4eec-ae3e-509c2e1aae2d/container.db from cache
2024-03-15 21:39:21,040 [ForkJoinPool.commonPool-worker-0] INFO  volume.HddsVolume (HddsVolume.java:closeDbStore(451)) - SchemaV3 db is stopped at /home/runner/work/ozone/ozone/hadoop-ozone/integration-test/target/test-dir/MiniOzoneClusterImpl-3a4de177-78ca-4f6d-b60b-6b5c736a6a4e/ozone-meta/datanode-5/data-0/hdds/3a4de177-78ca-4f6d-b60b-6b5c736a6a4e/DS-f39889e0-46b8-4eec-ae3e-509c2e1aae2d/container.db for volume DS-f39889e0-46b8-4eec-ae3e-509c2e1aae2d
2024-03-15 21:39:21,040 [ForkJoinPool.commonPool-worker-0] INFO  utils.BackgroundService (BackgroundService.java:shutdown(160)) - Shutting down service BlockDeletingService
2024-03-15 21:39:21,041 [ForkJoinPool.commonPool-worker-3] INFO  utils.BackgroundService (BackgroundService.java:shutdown(160)) - Shutting down service StaleRecoveringContainerScrubbingService
2024-03-15 21:39:21,041 [ForkJoinPool.commonPool-worker-0] INFO  utils.BackgroundService (BackgroundService.java:shutdown(160)) - Shutting down service StaleRecoveringContainerScrubbingService
2024-03-15 21:39:21,041 [ForkJoinPool.commonPool-worker-3] INFO  statemachine.DatanodeStateMachine (DatanodeStateMachine.java:stopDaemon(638)) - Ozone container server stopped.
2024-03-15 21:39:21,041 [ForkJoinPool.commonPool-worker-0] INFO  statemachine.DatanodeStateMachine (DatanodeStateMachine.java:stopDaemon(638)) - Ozone container server stopped.
2024-03-15 21:39:21,043 [ForkJoinPool.commonPool-worker-0] INFO  handler.ContextHandler (ContextHandler.java:doStop(1159)) - Stopped o.e.j.w.WebAppContext@6d73caea{hddsDatanode,/,null,STOPPED}{jar:file:/home/runner/.m2/repository/org/apache/ozone/hdds-container-service/1.5.0-SNAPSHOT/hdds-container-service-1.5.0-SNAPSHOT.jar!/webapps/hddsDatanode}
2024-03-15 21:39:21,044 [ForkJoinPool.commonPool-worker-3] INFO  handler.ContextHandler (ContextHandler.java:doStop(1159)) - Stopped o.e.j.w.WebAppContext@7a177ead{hddsDatanode,/,null,STOPPED}{jar:file:/home/runner/.m2/repository/org/apache/ozone/hdds-container-service/1.5.0-SNAPSHOT/hdds-container-service-1.5.0-SNAPSHOT.jar!/webapps/hddsDatanode}
2024-03-15 21:39:21,044 [ForkJoinPool.commonPool-worker-0] INFO  server.AbstractConnector (AbstractConnector.java:doStop(383)) - Stopped ServerConnector@6f360d61{HTTP/1.1, (http/1.1)}{0.0.0.0:15134}
2024-03-15 21:39:21,044 [ForkJoinPool.commonPool-worker-0] INFO  server.session (HouseKeeper.java:stopScavenging(149)) - node0 Stopped scavenging
2024-03-15 21:39:21,045 [ForkJoinPool.commonPool-worker-0] INFO  handler.ContextHandler (ContextHandler.java:doStop(1159)) - Stopped o.e.j.s.ServletContextHandler@822db97{static,/static,jar:file:/home/runner/.m2/repository/org/apache/ozone/hdds-container-service/1.5.0-SNAPSHOT/hdds-container-service-1.5.0-SNAPSHOT.jar!/webapps/static,STOPPED}
2024-03-15 21:39:21,045 [ForkJoinPool.commonPool-worker-0] INFO  handler.ContextHandler (ContextHandler.java:doStop(1159)) - Stopped o.e.j.s.ServletContextHandler@64da162d{logs,/logs,file:///home/runner/work/ozone/ozone/hadoop-ozone/integration-test/target/log,STOPPED}
2024-03-15 21:39:21,046 [ForkJoinPool.commonPool-worker-3] INFO  server.AbstractConnector (AbstractConnector.java:doStop(383)) - Stopped ServerConnector@6b3ccd93{HTTP/1.1, (http/1.1)}{0.0.0.0:15125}
2024-03-15 21:39:21,046 [ForkJoinPool.commonPool-worker-3] INFO  server.session (HouseKeeper.java:stopScavenging(149)) - node0 Stopped scavenging
2024-03-15 21:39:21,046 [ForkJoinPool.commonPool-worker-3] INFO  handler.ContextHandler (ContextHandler.java:doStop(1159)) - Stopped o.e.j.s.ServletContextHandler@49830d67{static,/static,jar:file:/home/runner/.m2/repository/org/apache/ozone/hdds-container-service/1.5.0-SNAPSHOT/hdds-container-service-1.5.0-SNAPSHOT.jar!/webapps/static,STOPPED}
2024-03-15 21:39:21,046 [ForkJoinPool.commonPool-worker-3] INFO  handler.ContextHandler (ContextHandler.java:doStop(1159)) - Stopped o.e.j.s.ServletContextHandler@d8d746c{logs,/logs,file:///home/runner/work/ozone/ozone/hadoop-ozone/integration-test/target/log,STOPPED}
2024-03-15 21:39:21,047 [ForkJoinPool.commonPool-worker-3] INFO  ozone.HddsDatanodeClientProtocolServer (HddsDatanodeClientProtocolServer.java:stop(83)) - Stopping the RPC server for Client Protocol
2024-03-15 21:39:21,047 [ForkJoinPool.commonPool-worker-3] INFO  ipc.Server (Server.java:stop(3523)) - Stopping server on 15126
2024-03-15 21:39:21,047 [ForkJoinPool.commonPool-worker-0] INFO  ozone.HddsDatanodeClientProtocolServer (HddsDatanodeClientProtocolServer.java:stop(83)) - Stopping the RPC server for Client Protocol
2024-03-15 21:39:21,048 [ForkJoinPool.commonPool-worker-0] INFO  ipc.Server (Server.java:stop(3523)) - Stopping server on 15135
2024-03-15 21:39:21,048 [IPC Server listener on 15126] INFO  ipc.Server (Server.java:run(1434)) - Stopping IPC Server listener on 15126
2024-03-15 21:39:21,048 [IPC Server Responder] INFO  ipc.Server (Server.java:run(1567)) - Stopping IPC Server Responder
2024-03-15 21:39:21,049 [IPC Server Responder] INFO  ipc.Server (Server.java:run(1567)) - Stopping IPC Server Responder
2024-03-15 21:39:21,050 [IPC Server listener on 15135] INFO  ipc.Server (Server.java:run(1434)) - Stopping IPC Server listener on 15135
2024-03-15 21:39:21,133 [main] INFO  utils.DatanodeStoreCache (DatanodeStoreCache.java:shutdownCache(116)) - Skip clearing cache in mini cluster mode. Entries left: [/home/runner/work/ozone/ozone/hadoop-ozone/integration-test/target/test-dir/MiniOzoneClusterImpl-3a4de177-78ca-4f6d-b60b-6b5c736a6a4e/ozone-meta/datanode-6/data-0/hdds/3a4de177-78ca-4f6d-b60b-6b5c736a6a4e/DS-eb995b45-3013-4025-a805-5bff8d4cfbe3/container.db, /home/runner/work/ozone/ozone/hadoop-ozone/integration-test/target/test-dir/MiniOzoneClusterImpl-3a4de177-78ca-4f6d-b60b-6b5c736a6a4e/ozone-meta/datanode-7/data-0/hdds/3a4de177-78ca-4f6d-b60b-6b5c736a6a4e/DS-5a5b2c87-26d2-4941-9393-f517ebeab43e/container.db, /home/runner/work/ozone/ozone/hadoop-ozone/integration-test/target/test-dir/MiniOzoneClusterImpl-3a4de177-78ca-4f6d-b60b-6b5c736a6a4e/ozone-meta/datanode-8/data-0/hdds/3a4de177-78ca-4f6d-b60b-6b5c736a6a4e/DS-be6c2b23-2620-49df-96a7-7023bed0cd4c/container.db, /home/runner/work/ozone/ozone/hadoop-ozone/integration-test/target/test-dir/MiniOzoneClusterImpl-3a4de177-78ca-4f6d-b60b-6b5c736a6a4e/ozone-meta/datanode-9/data-0/hdds/3a4de177-78ca-4f6d-b60b-6b5c736a6a4e/DS-95e6eb80-b89c-4097-9d9a-3fbbe089db5c/container.db]
2024-03-15 21:39:21,134 [main] INFO  utils.DatanodeStoreCache (DatanodeStoreCache.java:removeDB(110)) - Removed db /home/runner/work/ozone/ozone/hadoop-ozone/integration-test/target/test-dir/MiniOzoneClusterImpl-3a4de177-78ca-4f6d-b60b-6b5c736a6a4e/ozone-meta/datanode-6/data-0/hdds/3a4de177-78ca-4f6d-b60b-6b5c736a6a4e/DS-eb995b45-3013-4025-a805-5bff8d4cfbe3/container.db from cache
2024-03-15 21:39:21,134 [main] INFO  volume.HddsVolume (HddsVolume.java:closeDbStore(451)) - SchemaV3 db is stopped at /home/runner/work/ozone/ozone/hadoop-ozone/integration-test/target/test-dir/MiniOzoneClusterImpl-3a4de177-78ca-4f6d-b60b-6b5c736a6a4e/ozone-meta/datanode-6/data-0/hdds/3a4de177-78ca-4f6d-b60b-6b5c736a6a4e/DS-eb995b45-3013-4025-a805-5bff8d4cfbe3/container.db for volume DS-eb995b45-3013-4025-a805-5bff8d4cfbe3
2024-03-15 21:39:21,135 [main] INFO  utils.BackgroundService (BackgroundService.java:shutdown(160)) - Shutting down service BlockDeletingService
2024-03-15 21:39:21,135 [main] INFO  utils.BackgroundService (BackgroundService.java:shutdown(160)) - Shutting down service StaleRecoveringContainerScrubbingService
2024-03-15 21:39:21,136 [main] INFO  statemachine.DatanodeStateMachine (DatanodeStateMachine.java:stopDaemon(638)) - Ozone container server stopped.
2024-03-15 21:39:21,136 [main] INFO  handler.ContextHandler (ContextHandler.java:doStop(1159)) - Stopped o.e.j.w.WebAppContext@563e84eb{hddsDatanode,/,null,STOPPED}{jar:file:/home/runner/.m2/repository/org/apache/ozone/hdds-container-service/1.5.0-SNAPSHOT/hdds-container-service-1.5.0-SNAPSHOT.jar!/webapps/hddsDatanode}
2024-03-15 21:39:21,137 [main] INFO  server.AbstractConnector (AbstractConnector.java:doStop(383)) - Stopped ServerConnector@7c773286{HTTP/1.1, (http/1.1)}{0.0.0.0:15143}
2024-03-15 21:39:21,137 [main] INFO  server.session (HouseKeeper.java:stopScavenging(149)) - node0 Stopped scavenging
2024-03-15 21:39:21,137 [main] INFO  handler.ContextHandler (ContextHandler.java:doStop(1159)) - Stopped o.e.j.s.ServletContextHandler@6bcdc5c6{static,/static,jar:file:/home/runner/.m2/repository/org/apache/ozone/hdds-container-service/1.5.0-SNAPSHOT/hdds-container-service-1.5.0-SNAPSHOT.jar!/webapps/static,STOPPED}
2024-03-15 21:39:21,137 [main] INFO  handler.ContextHandler (ContextHandler.java:doStop(1159)) - Stopped o.e.j.s.ServletContextHandler@60ca0605{logs,/logs,file:///home/runner/work/ozone/ozone/hadoop-ozone/integration-test/target/log,STOPPED}
2024-03-15 21:39:21,138 [main] INFO  ozone.HddsDatanodeClientProtocolServer (HddsDatanodeClientProtocolServer.java:stop(83)) - Stopping the RPC server for Client Protocol
2024-03-15 21:39:21,138 [main] INFO  ipc.Server (Server.java:stop(3523)) - Stopping server on 15144
2024-03-15 21:39:21,138 [IPC Server listener on 15144] INFO  ipc.Server (Server.java:run(1434)) - Stopping IPC Server listener on 15144
2024-03-15 21:39:21,140 [IPC Server Responder] INFO  ipc.Server (Server.java:run(1567)) - Stopping IPC Server Responder
2024-03-15 21:39:21,316 [ForkJoinPool.commonPool-worker-7] INFO  utils.DatanodeStoreCache (DatanodeStoreCache.java:shutdownCache(116)) - Skip clearing cache in mini cluster mode. Entries left: [/home/runner/work/ozone/ozone/hadoop-ozone/integration-test/target/test-dir/MiniOzoneClusterImpl-3a4de177-78ca-4f6d-b60b-6b5c736a6a4e/ozone-meta/datanode-7/data-0/hdds/3a4de177-78ca-4f6d-b60b-6b5c736a6a4e/DS-5a5b2c87-26d2-4941-9393-f517ebeab43e/container.db, /home/runner/work/ozone/ozone/hadoop-ozone/integration-test/target/test-dir/MiniOzoneClusterImpl-3a4de177-78ca-4f6d-b60b-6b5c736a6a4e/ozone-meta/datanode-8/data-0/hdds/3a4de177-78ca-4f6d-b60b-6b5c736a6a4e/DS-be6c2b23-2620-49df-96a7-7023bed0cd4c/container.db, /home/runner/work/ozone/ozone/hadoop-ozone/integration-test/target/test-dir/MiniOzoneClusterImpl-3a4de177-78ca-4f6d-b60b-6b5c736a6a4e/ozone-meta/datanode-9/data-0/hdds/3a4de177-78ca-4f6d-b60b-6b5c736a6a4e/DS-95e6eb80-b89c-4097-9d9a-3fbbe089db5c/container.db]
2024-03-15 21:39:21,317 [ForkJoinPool.commonPool-worker-7] INFO  utils.DatanodeStoreCache (DatanodeStoreCache.java:removeDB(110)) - Removed db /home/runner/work/ozone/ozone/hadoop-ozone/integration-test/target/test-dir/MiniOzoneClusterImpl-3a4de177-78ca-4f6d-b60b-6b5c736a6a4e/ozone-meta/datanode-8/data-0/hdds/3a4de177-78ca-4f6d-b60b-6b5c736a6a4e/DS-be6c2b23-2620-49df-96a7-7023bed0cd4c/container.db from cache
2024-03-15 21:39:21,317 [ForkJoinPool.commonPool-worker-7] INFO  volume.HddsVolume (HddsVolume.java:closeDbStore(451)) - SchemaV3 db is stopped at /home/runner/work/ozone/ozone/hadoop-ozone/integration-test/target/test-dir/MiniOzoneClusterImpl-3a4de177-78ca-4f6d-b60b-6b5c736a6a4e/ozone-meta/datanode-8/data-0/hdds/3a4de177-78ca-4f6d-b60b-6b5c736a6a4e/DS-be6c2b23-2620-49df-96a7-7023bed0cd4c/container.db for volume DS-be6c2b23-2620-49df-96a7-7023bed0cd4c
2024-03-15 21:39:21,317 [ForkJoinPool.commonPool-worker-7] INFO  utils.BackgroundService (BackgroundService.java:shutdown(160)) - Shutting down service BlockDeletingService
2024-03-15 21:39:21,317 [ForkJoinPool.commonPool-worker-7] INFO  utils.BackgroundService (BackgroundService.java:shutdown(160)) - Shutting down service StaleRecoveringContainerScrubbingService
2024-03-15 21:39:21,317 [ForkJoinPool.commonPool-worker-7] INFO  statemachine.DatanodeStateMachine (DatanodeStateMachine.java:stopDaemon(638)) - Ozone container server stopped.
2024-03-15 21:39:21,319 [ForkJoinPool.commonPool-worker-7] INFO  handler.ContextHandler (ContextHandler.java:doStop(1159)) - Stopped o.e.j.w.WebAppContext@269dd863{hddsDatanode,/,null,STOPPED}{jar:file:/home/runner/.m2/repository/org/apache/ozone/hdds-container-service/1.5.0-SNAPSHOT/hdds-container-service-1.5.0-SNAPSHOT.jar!/webapps/hddsDatanode}
2024-03-15 21:39:21,320 [ForkJoinPool.commonPool-worker-7] INFO  server.AbstractConnector (AbstractConnector.java:doStop(383)) - Stopped ServerConnector@2c1c10b5{HTTP/1.1, (http/1.1)}{0.0.0.0:15161}
2024-03-15 21:39:21,320 [ForkJoinPool.commonPool-worker-7] INFO  server.session (HouseKeeper.java:stopScavenging(149)) - node0 Stopped scavenging
2024-03-15 21:39:21,320 [ForkJoinPool.commonPool-worker-7] INFO  handler.ContextHandler (ContextHandler.java:doStop(1159)) - Stopped o.e.j.s.ServletContextHandler@60615d72{static,/static,jar:file:/home/runner/.m2/repository/org/apache/ozone/hdds-container-service/1.5.0-SNAPSHOT/hdds-container-service-1.5.0-SNAPSHOT.jar!/webapps/static,STOPPED}
2024-03-15 21:39:21,320 [ForkJoinPool.commonPool-worker-7] INFO  handler.ContextHandler (ContextHandler.java:doStop(1159)) - Stopped o.e.j.s.ServletContextHandler@7fd2ffd{logs,/logs,file:///home/runner/work/ozone/ozone/hadoop-ozone/integration-test/target/log,STOPPED}
2024-03-15 21:39:21,320 [ForkJoinPool.commonPool-worker-7] INFO  ozone.HddsDatanodeClientProtocolServer (HddsDatanodeClientProtocolServer.java:stop(83)) - Stopping the RPC server for Client Protocol
2024-03-15 21:39:21,321 [ForkJoinPool.commonPool-worker-7] INFO  ipc.Server (Server.java:stop(3523)) - Stopping server on 15162
2024-03-15 21:39:21,321 [IPC Server listener on 15162] INFO  ipc.Server (Server.java:run(1434)) - Stopping IPC Server listener on 15162
2024-03-15 21:39:21,321 [IPC Server Responder] INFO  ipc.Server (Server.java:run(1567)) - Stopping IPC Server Responder
2024-03-15 21:39:21,334 [ForkJoinPool.commonPool-worker-4] INFO  utils.DatanodeStoreCache (DatanodeStoreCache.java:shutdownCache(116)) - Skip clearing cache in mini cluster mode. Entries left: [/home/runner/work/ozone/ozone/hadoop-ozone/integration-test/target/test-dir/MiniOzoneClusterImpl-3a4de177-78ca-4f6d-b60b-6b5c736a6a4e/ozone-meta/datanode-7/data-0/hdds/3a4de177-78ca-4f6d-b60b-6b5c736a6a4e/DS-5a5b2c87-26d2-4941-9393-f517ebeab43e/container.db, /home/runner/work/ozone/ozone/hadoop-ozone/integration-test/target/test-dir/MiniOzoneClusterImpl-3a4de177-78ca-4f6d-b60b-6b5c736a6a4e/ozone-meta/datanode-9/data-0/hdds/3a4de177-78ca-4f6d-b60b-6b5c736a6a4e/DS-95e6eb80-b89c-4097-9d9a-3fbbe089db5c/container.db]
2024-03-15 21:39:21,335 [ForkJoinPool.commonPool-worker-4] INFO  utils.DatanodeStoreCache (DatanodeStoreCache.java:removeDB(110)) - Removed db /home/runner/work/ozone/ozone/hadoop-ozone/integration-test/target/test-dir/MiniOzoneClusterImpl-3a4de177-78ca-4f6d-b60b-6b5c736a6a4e/ozone-meta/datanode-7/data-0/hdds/3a4de177-78ca-4f6d-b60b-6b5c736a6a4e/DS-5a5b2c87-26d2-4941-9393-f517ebeab43e/container.db from cache
2024-03-15 21:39:21,335 [ForkJoinPool.commonPool-worker-4] INFO  volume.HddsVolume (HddsVolume.java:closeDbStore(451)) - SchemaV3 db is stopped at /home/runner/work/ozone/ozone/hadoop-ozone/integration-test/target/test-dir/MiniOzoneClusterImpl-3a4de177-78ca-4f6d-b60b-6b5c736a6a4e/ozone-meta/datanode-7/data-0/hdds/3a4de177-78ca-4f6d-b60b-6b5c736a6a4e/DS-5a5b2c87-26d2-4941-9393-f517ebeab43e/container.db for volume DS-5a5b2c87-26d2-4941-9393-f517ebeab43e
2024-03-15 21:39:21,335 [ForkJoinPool.commonPool-worker-4] INFO  utils.BackgroundService (BackgroundService.java:shutdown(160)) - Shutting down service BlockDeletingService
2024-03-15 21:39:21,335 [ForkJoinPool.commonPool-worker-4] INFO  utils.BackgroundService (BackgroundService.java:shutdown(160)) - Shutting down service StaleRecoveringContainerScrubbingService
2024-03-15 21:39:21,336 [ForkJoinPool.commonPool-worker-4] INFO  statemachine.DatanodeStateMachine (DatanodeStateMachine.java:stopDaemon(638)) - Ozone container server stopped.
2024-03-15 21:39:21,337 [ForkJoinPool.commonPool-worker-4] INFO  handler.ContextHandler (ContextHandler.java:doStop(1159)) - Stopped o.e.j.w.WebAppContext@5121d097{hddsDatanode,/,null,STOPPED}{jar:file:/home/runner/.m2/repository/org/apache/ozone/hdds-container-service/1.5.0-SNAPSHOT/hdds-container-service-1.5.0-SNAPSHOT.jar!/webapps/hddsDatanode}
2024-03-15 21:39:21,337 [ForkJoinPool.commonPool-worker-4] INFO  server.AbstractConnector (AbstractConnector.java:doStop(383)) - Stopped ServerConnector@14e8e0c9{HTTP/1.1, (http/1.1)}{0.0.0.0:15152}
2024-03-15 21:39:21,338 [ForkJoinPool.commonPool-worker-4] INFO  server.session (HouseKeeper.java:stopScavenging(149)) - node0 Stopped scavenging
2024-03-15 21:39:21,338 [ForkJoinPool.commonPool-worker-4] INFO  handler.ContextHandler (ContextHandler.java:doStop(1159)) - Stopped o.e.j.s.ServletContextHandler@6eef7465{static,/static,jar:file:/home/runner/.m2/repository/org/apache/ozone/hdds-container-service/1.5.0-SNAPSHOT/hdds-container-service-1.5.0-SNAPSHOT.jar!/webapps/static,STOPPED}
2024-03-15 21:39:21,338 [ForkJoinPool.commonPool-worker-4] INFO  handler.ContextHandler (ContextHandler.java:doStop(1159)) - Stopped o.e.j.s.ServletContextHandler@ca5a9b8{logs,/logs,file:///home/runner/work/ozone/ozone/hadoop-ozone/integration-test/target/log,STOPPED}
2024-03-15 21:39:21,338 [ForkJoinPool.commonPool-worker-4] INFO  ozone.HddsDatanodeClientProtocolServer (HddsDatanodeClientProtocolServer.java:stop(83)) - Stopping the RPC server for Client Protocol
2024-03-15 21:39:21,339 [ForkJoinPool.commonPool-worker-4] INFO  ipc.Server (Server.java:stop(3523)) - Stopping server on 15153
2024-03-15 21:39:21,340 [IPC Server listener on 15153] INFO  ipc.Server (Server.java:run(1434)) - Stopping IPC Server listener on 15153
2024-03-15 21:39:21,340 [IPC Server Responder] INFO  ipc.Server (Server.java:run(1567)) - Stopping IPC Server Responder
2024-03-15 21:39:21,450 [ForkJoinPool.commonPool-worker-5] INFO  utils.DatanodeStoreCache (DatanodeStoreCache.java:shutdownCache(116)) - Skip clearing cache in mini cluster mode. Entries left: [/home/runner/work/ozone/ozone/hadoop-ozone/integration-test/target/test-dir/MiniOzoneClusterImpl-3a4de177-78ca-4f6d-b60b-6b5c736a6a4e/ozone-meta/datanode-9/data-0/hdds/3a4de177-78ca-4f6d-b60b-6b5c736a6a4e/DS-95e6eb80-b89c-4097-9d9a-3fbbe089db5c/container.db]
2024-03-15 21:39:21,451 [ForkJoinPool.commonPool-worker-5] INFO  utils.DatanodeStoreCache (DatanodeStoreCache.java:removeDB(110)) - Removed db /home/runner/work/ozone/ozone/hadoop-ozone/integration-test/target/test-dir/MiniOzoneClusterImpl-3a4de177-78ca-4f6d-b60b-6b5c736a6a4e/ozone-meta/datanode-9/data-0/hdds/3a4de177-78ca-4f6d-b60b-6b5c736a6a4e/DS-95e6eb80-b89c-4097-9d9a-3fbbe089db5c/container.db from cache
2024-03-15 21:39:21,451 [ForkJoinPool.commonPool-worker-5] INFO  volume.HddsVolume (HddsVolume.java:closeDbStore(451)) - SchemaV3 db is stopped at /home/runner/work/ozone/ozone/hadoop-ozone/integration-test/target/test-dir/MiniOzoneClusterImpl-3a4de177-78ca-4f6d-b60b-6b5c736a6a4e/ozone-meta/datanode-9/data-0/hdds/3a4de177-78ca-4f6d-b60b-6b5c736a6a4e/DS-95e6eb80-b89c-4097-9d9a-3fbbe089db5c/container.db for volume DS-95e6eb80-b89c-4097-9d9a-3fbbe089db5c
2024-03-15 21:39:21,451 [ForkJoinPool.commonPool-worker-5] INFO  utils.BackgroundService (BackgroundService.java:shutdown(160)) - Shutting down service BlockDeletingService
2024-03-15 21:39:21,451 [ForkJoinPool.commonPool-worker-5] INFO  utils.BackgroundService (BackgroundService.java:shutdown(160)) - Shutting down service StaleRecoveringContainerScrubbingService
2024-03-15 21:39:21,451 [ForkJoinPool.commonPool-worker-5] INFO  statemachine.DatanodeStateMachine (DatanodeStateMachine.java:stopDaemon(638)) - Ozone container server stopped.
2024-03-15 21:39:21,453 [ForkJoinPool.commonPool-worker-5] INFO  handler.ContextHandler (ContextHandler.java:doStop(1159)) - Stopped o.e.j.w.WebAppContext@7ce9c69f{hddsDatanode,/,null,STOPPED}{jar:file:/home/runner/.m2/repository/org/apache/ozone/hdds-container-service/1.5.0-SNAPSHOT/hdds-container-service-1.5.0-SNAPSHOT.jar!/webapps/hddsDatanode}
2024-03-15 21:39:21,453 [ForkJoinPool.commonPool-worker-5] INFO  server.AbstractConnector (AbstractConnector.java:doStop(383)) - Stopped ServerConnector@69fdf6ed{HTTP/1.1, (http/1.1)}{0.0.0.0:15170}
2024-03-15 21:39:21,453 [ForkJoinPool.commonPool-worker-5] INFO  server.session (HouseKeeper.java:stopScavenging(149)) - node0 Stopped scavenging
2024-03-15 21:39:21,453 [ForkJoinPool.commonPool-worker-5] INFO  handler.ContextHandler (ContextHandler.java:doStop(1159)) - Stopped o.e.j.s.ServletContextHandler@54b1bd57{static,/static,jar:file:/home/runner/.m2/repository/org/apache/ozone/hdds-container-service/1.5.0-SNAPSHOT/hdds-container-service-1.5.0-SNAPSHOT.jar!/webapps/static,STOPPED}
2024-03-15 21:39:21,454 [ForkJoinPool.commonPool-worker-5] INFO  handler.ContextHandler (ContextHandler.java:doStop(1159)) - Stopped o.e.j.s.ServletContextHandler@792b67f1{logs,/logs,file:///home/runner/work/ozone/ozone/hadoop-ozone/integration-test/target/log,STOPPED}
2024-03-15 21:39:21,454 [ForkJoinPool.commonPool-worker-5] INFO  ozone.HddsDatanodeClientProtocolServer (HddsDatanodeClientProtocolServer.java:stop(83)) - Stopping the RPC server for Client Protocol
2024-03-15 21:39:21,455 [ForkJoinPool.commonPool-worker-5] INFO  ipc.Server (Server.java:stop(3523)) - Stopping server on 15171
2024-03-15 21:39:21,456 [IPC Server listener on 15171] INFO  ipc.Server (Server.java:run(1434)) - Stopping IPC Server listener on 15171
2024-03-15 21:39:21,456 [IPC Server Responder] INFO  ipc.Server (Server.java:run(1567)) - Stopping IPC Server Responder
2024-03-15 21:39:21,457 [main] INFO  ozone.MiniOzoneClusterImpl (MiniOzoneClusterImpl.java:stopSCM(486)) - Stopping the StorageContainerManager
2024-03-15 21:39:21,457 [main] INFO  server.StorageContainerManager (StorageContainerManager.java:stop(1653)) - Container Balancer is not running.
2024-03-15 21:39:21,457 [main] INFO  server.StorageContainerManager (StorageContainerManager.java:stopReplicationManager(1786)) - Stopping Replication Manager Service.
2024-03-15 21:39:21,457 [main] INFO  replication.ReplicationManager (ReplicationManager.java:stop(328)) - Stopping Replication Monitor Thread.
2024-03-15 21:39:21,457 [main] INFO  server.StorageContainerManager (StorageContainerManager.java:stop(1662)) - Stopping the Datanode Admin Monitor.
2024-03-15 21:39:21,457 [OverReplicatedProcessor] WARN  replication.UnhealthyReplicationProcessor (UnhealthyReplicationProcessor.java:run(180)) - OverReplicatedProcessor interrupted. Exiting...
2024-03-15 21:39:21,457 [UnderReplicatedProcessor] WARN  replication.UnhealthyReplicationProcessor (UnhealthyReplicationProcessor.java:run(180)) - UnderReplicatedProcessor interrupted. Exiting...
2024-03-15 21:39:21,458 [main] INFO  server.StorageContainerManager (StorageContainerManager.java:stop(1669)) - Stopping datanode service RPC server
2024-03-15 21:39:21,458 [main] INFO  server.SCMDatanodeProtocolServer (SCMDatanodeProtocolServer.java:stop(425)) - Stopping the RPC server for DataNodes
2024-03-15 21:39:21,458 [main] INFO  ipc.Server (Server.java:stop(3523)) - Stopping server on 15091
2024-03-15 21:39:21,458 [ReplicationMonitor] INFO  replication.ReplicationManager (ReplicationManager.java:run(935)) - Replication Monitor Thread is stopped
2024-03-15 21:39:21,461 [IPC Server listener on 15091] INFO  ipc.Server (Server.java:run(1434)) - Stopping IPC Server listener on 15091
2024-03-15 21:39:21,461 [IPC Server Responder] INFO  ipc.Server (Server.java:run(1567)) - Stopping IPC Server Responder
2024-03-15 21:39:21,537 [SCMHeartbeatProcessor-0] WARN  node.NodeStateManager (NodeStateManager.java:scheduleNextHealthCheck(878)) - Current Thread is interrupted, shutting down HB processing thread for Node Manager.
2024-03-15 21:39:21,537 [main] INFO  server.StorageContainerManager (StorageContainerManager.java:stop(1677)) - Stopping block service RPC server
2024-03-15 21:39:21,538 [main] INFO  server.SCMBlockProtocolServer (SCMBlockProtocolServer.java:stop(171)) - Stopping the RPC server for Block Protocol
2024-03-15 21:39:21,538 [main] INFO  ipc.Server (Server.java:stop(3523)) - Stopping server on 15090
2024-03-15 21:39:21,539 [IPC Server listener on 15090] INFO  ipc.Server (Server.java:run(1434)) - Stopping IPC Server listener on 15090
2024-03-15 21:39:21,539 [IPC Server Responder] INFO  ipc.Server (Server.java:run(1567)) - Stopping IPC Server Responder
2024-03-15 21:39:21,539 [main] INFO  server.StorageContainerManager (StorageContainerManager.java:stop(1684)) - Stopping the StorageContainerLocationProtocol RPC server
2024-03-15 21:39:21,540 [main] INFO  server.SCMClientProtocolServer (SCMClientProtocolServer.java:stop(213)) - Stopping the RPC server for Client Protocol
2024-03-15 21:39:21,540 [main] INFO  ipc.Server (Server.java:stop(3523)) - Stopping server on 15089
2024-03-15 21:39:21,543 [IPC Server listener on 15089] INFO  ipc.Server (Server.java:run(1434)) - Stopping IPC Server listener on 15089
2024-03-15 21:39:21,544 [IPC Server Responder] INFO  ipc.Server (Server.java:run(1567)) - Stopping IPC Server Responder
2024-03-15 21:39:21,544 [main] INFO  server.StorageContainerManager (StorageContainerManager.java:stop(1691)) - Stopping Storage Container Manager HTTP server.
2024-03-15 21:39:21,545 [main] INFO  handler.ContextHandler (ContextHandler.java:doStop(1159)) - Stopped o.e.j.w.WebAppContext@4d1d4bfd{scm,/,null,STOPPED}{file:/home/runner/work/ozone/ozone/hadoop-ozone/integration-test/target/test-classes/webapps/scm}
2024-03-15 21:39:21,546 [main] INFO  server.AbstractConnector (AbstractConnector.java:doStop(383)) - Stopped ServerConnector@65de0061{HTTP/1.1, (http/1.1)}{0.0.0.0:15092}
2024-03-15 21:39:21,546 [main] INFO  server.session (HouseKeeper.java:stopScavenging(149)) - node0 Stopped scavenging
2024-03-15 21:39:21,547 [main] INFO  handler.ContextHandler (ContextHandler.java:doStop(1159)) - Stopped o.e.j.s.ServletContextHandler@5aec03d7{static,/static,file:///home/runner/work/ozone/ozone/hadoop-ozone/integration-test/target/test-classes/webapps/static,STOPPED}
2024-03-15 21:39:21,547 [main] INFO  handler.ContextHandler (ContextHandler.java:doStop(1159)) - Stopped o.e.j.s.ServletContextHandler@33e6018a{logs,/logs,file:///home/runner/work/ozone/ozone/hadoop-ozone/integration-test/target/log,STOPPED}
2024-03-15 21:39:21,548 [main] INFO  server.StorageContainerManager (StorageContainerManager.java:stop(1699)) - Stopping SCM LayoutVersionManager Service.
2024-03-15 21:39:21,548 [main] INFO  server.StorageContainerManager (StorageContainerManager.java:stop(1711)) - Stopping Block Manager Service.
2024-03-15 21:39:21,548 [main] INFO  utils.BackgroundService (BackgroundService.java:shutdown(160)) - Shutting down service SCMBlockDeletingService
2024-03-15 21:39:21,548 [main] INFO  utils.BackgroundService (BackgroundService.java:shutdown(160)) - Shutting down service SCMBlockDeletingService
2024-03-15 21:39:21,549 [main] INFO  server.StorageContainerManager (StorageContainerManager.java:stop(1731)) - Stopping SCM Event Queue.
2024-03-15 21:39:21,549 [JvmPauseMonitor11] INFO  util.JvmPauseMonitor (JvmPauseMonitor.java:run(152)) - JvmPauseMonitor-72dba6e7-bdb0-481c-8835-4f0c14e404d2: Stopped
2024-03-15 21:39:21,549 [main] INFO  server.StorageContainerManager (StorageContainerManager.java:stop(1742)) - Stopping SCM HA services.
2024-03-15 21:39:21,550 [main] INFO  pipeline.BackgroundPipelineCreator (BackgroundPipelineCreator.java:stop(152)) - Stopping RatisPipelineUtilsThread.
2024-03-15 21:39:21,550 [RatisPipelineUtilsThread-0] WARN  pipeline.BackgroundPipelineCreator (BackgroundPipelineCreator.java:run(183)) - RatisPipelineUtilsThread is interrupted.
2024-03-15 21:39:21,550 [main] INFO  BackgroundPipelineScrubber (BackgroundSCMService.java:stop(128)) - Stopping BackgroundPipelineScrubber Service.
2024-03-15 21:39:21,550 [BackgroundPipelineScrubber] WARN  BackgroundPipelineScrubber (BackgroundSCMService.java:run(112)) - BackgroundPipelineScrubber is interrupted, exit
2024-03-15 21:39:21,550 [main] INFO  impl.MetricsSystemImpl (MetricsSystemImpl.java:stop(210)) - Stopping HddsDatanode metrics system...
2024-03-15 21:39:21,552 [prometheus] INFO  impl.MetricsSinkAdapter (MetricsSinkAdapter.java:publishMetricsFromQueue(141)) - prometheus thread interrupted.
2024-03-15 21:39:21,552 [main] INFO  impl.MetricsSystemImpl (MetricsSystemImpl.java:stop(216)) - HddsDatanode metrics system stopped.
2024-03-15 21:39:21,552 [main] WARN  pipeline.BackgroundPipelineCreator (BackgroundPipelineCreator.java:stop(148)) - RatisPipelineUtilsThread is not running, just ignore.
2024-03-15 21:39:21,552 [main] INFO  BackgroundPipelineScrubber (BackgroundSCMService.java:stop(123)) - BackgroundPipelineScrubber Service is not running, skip stop.
2024-03-15 21:39:21,552 [main] INFO  ExpiredContainerReplicaOpScrubber (BackgroundSCMService.java:stop(128)) - Stopping ExpiredContainerReplicaOpScrubber Service.
2024-03-15 21:39:21,553 [ExpiredContainerReplicaOpScrubber] WARN  ExpiredContainerReplicaOpScrubber (BackgroundSCMService.java:run(112)) - ExpiredContainerReplicaOpScrubber is interrupted, exit
2024-03-15 21:39:21,553 [main] INFO  utils.BackgroundService (BackgroundService.java:shutdown(160)) - Shutting down service SCMBlockDeletingService
2024-03-15 21:39:21,556 [main] INFO  replication.ReplicationManager (ReplicationManager.java:stop(338)) - Replication Monitor Thread is not running.
2024-03-15 21:39:21,556 [main] WARN  balancer.ContainerBalancer (ContainerBalancer.java:stop(327)) - Cannot stop Container Balancer because it's not running or stopping
2024-03-15 21:39:21,556 [LeaseManager#LeaseMonitor] WARN  lease.LeaseManager (LeaseManager.java:run(287)) - Lease manager is interrupted. Shutting down...
java.lang.InterruptedException
	at java.util.concurrent.locks.AbstractQueuedSynchronizer.doAcquireSharedNanos(AbstractQueuedSynchronizer.java:1039)
	at java.util.concurrent.locks.AbstractQueuedSynchronizer.tryAcquireSharedNanos(AbstractQueuedSynchronizer.java:1328)
	at java.util.concurrent.Semaphore.tryAcquire(Semaphore.java:409)
	at org.apache.hadoop.ozone.lease.LeaseManager$LeaseMonitor.run(LeaseManager.java:285)
	at java.lang.Thread.run(Thread.java:750)
2024-03-15 21:39:21,556 [main] INFO  server.StorageContainerManager (StorageContainerManager.java:stop(1777)) - Stopping SCM MetadataStore.
]]></system-out>
    </flakyError>
    <flakyFailure type="java.lang.AssertionError">
      <stackTrace><![CDATA[java.lang.AssertionError: 

Expecting:
 <"org.apache.ratis.protocol.exceptions.RaftRetryFailureException: Failed RaftClientRequest:client-4393ADB36EBE->afe0fdae-f81b-4972-93bd-b2e3099b8af3@group-281E028D623B, cid=77, seq=null, Watch-MAJORITY_COMMITTED(101), null for 3 attempts with RequestTypeDependentRetryPolicy{WRITE->ExceptionDependentRetry(maxAttempts=2147483647; defaultPolicy=MultipleLinearRandomRetry[5x5s, 5x10s, 5x15s, 5x20s, 5x25s, 10x60s]; map={org.apache.ratis.protocol.exceptions.GroupMismatchException->NoRetry, org.apache.ratis.protocol.exceptions.NotReplicatedException->NoRetry, org.apache.ratis.protocol.exceptions.ResourceUnavailableException->org.apache.ratis.retry.ExponentialBackoffRetry@3c33f643, org.apache.ratis.protocol.exceptions.StateMachineException->NoRetry, org.apache.ratis.protocol.exceptions.TimeoutIOException->org.apache.ratis.retry.ExponentialBackoffRetry@3c33f643}), WATCH->ExceptionDependentRetry(maxAttempts=2147483647; defaultPolicy=MultipleLinearRandomRetry[5x5s, 5x10s, 5x15s, 5x20s, 5x25s, 10x60s]; map={org.apache.ratis.protocol.exceptions.GroupMismatchException->NoRetry, org.apache.ratis.protocol.exceptions.NotReplicatedException->NoRetry, org.apache.ratis.protocol.exceptions.ResourceUnavailableException->org.apache.ratis.retry.ExponentialBackoffRetry@3c33f643, org.apache.ratis.protocol.exceptions.StateMachineException->NoRetry, org.apache.ratis.protocol.exceptions.TimeoutIOException->NoRetry})}">
not to contain:
 <"Watch-MAJORITY_COMMITTED">

	at org.apache.hadoop.ozone.client.rpc.TestWatchForCommit.testWatchForCommitForRetryfailure(TestWatchForCommit.java:295)
	at java.lang.reflect.Method.invoke(Method.java:498)
	at java.util.ArrayList.forEach(ArrayList.java:1259)
	at java.util.ArrayList.forEach(ArrayList.java:1259)
]]></stackTrace>
      <system-out><![CDATA[2024-03-15 21:40:13,112 [main] WARN  server.ServerUtils (ServerUtils.java:getScmDbDir(143)) - ozone.scm.db.dirs is not configured. We recommend adding this setting. Falling back to ozone.metadata.dirs instead.
2024-03-15 21:40:13,119 [main] WARN  server.ServerUtils (ServerUtils.java:getScmDbDir(143)) - ozone.scm.db.dirs is not configured. We recommend adding this setting. Falling back to ozone.metadata.dirs instead.
2024-03-15 21:40:13,119 [main] INFO  ha.SCMHANodeDetails (SCMHANodeDetails.java:loadSCMHAConfig(207)) - ServiceID for StorageContainerManager is null
2024-03-15 21:40:13,120 [main] INFO  ha.SCMHANodeDetails (SCMHANodeDetails.java:loadSCMHAConfig(212)) - ozone.scm.default.service.id is not defined, falling back to ozone.scm.service.ids to find serviceID for StorageContainerManager if it is HA enabled cluster
2024-03-15 21:40:13,120 [main] WARN  utils.HAUtils (HAUtils.java:getMetaDir(339)) - ozone.scm.db.dirs is not configured. We recommend adding this setting. Falling back to ozone.metadata.dirs instead.
2024-03-15 21:40:13,120 [main] WARN  db.DBStoreBuilder (DBStoreBuilder.java:applyDBDefinition(171)) - ozone.scm.db.dirs is not configured. We recommend adding this setting. Falling back to ozone.metadata.dirs instead.
2024-03-15 21:40:13,194 [main] INFO  net.NodeSchemaLoader (NodeSchemaLoader.java:loadSchemaFromFile(129)) - Loading schema from [jar:file:/home/runner/.m2/repository/org/apache/ozone/hdds-common/1.5.0-SNAPSHOT/hdds-common-1.5.0-SNAPSHOT.jar!/network-topology-default.xml]
2024-03-15 21:40:13,194 [main] INFO  net.NodeSchemaLoader (NodeSchemaLoader.java:loadSchema(176)) - Loading network topology layer schema file
2024-03-15 21:40:13,196 [main] INFO  upgrade.AbstractLayoutVersionManager (AbstractLayoutVersionManager.java:init(83)) - Initializing Layout version manager with metadata layout = HADOOP_PRC_PORTS_IN_DATANODEDETAILS (version = 7), software layout = HADOOP_PRC_PORTS_IN_DATANODEDETAILS (version = 7)
2024-03-15 21:40:13,197 [main] INFO  ha.SequenceIdGenerator (SequenceIdGenerator.java:upgradeToSequenceId(370)) - upgrade localId to 113750153625600000
2024-03-15 21:40:13,198 [main] INFO  ha.SequenceIdGenerator (SequenceIdGenerator.java:upgradeToSequenceId(380)) - upgrade delTxnId to 0
2024-03-15 21:40:13,199 [main] INFO  ha.SequenceIdGenerator (SequenceIdGenerator.java:upgradeToSequenceId(397)) - upgrade containerId to 0
2024-03-15 21:40:13,200 [main] INFO  ha.SequenceIdGenerator (SequenceIdGenerator.java:upgradeToCertificateSequenceId(444)) - upgrade CertificateId to 2
2024-03-15 21:40:13,200 [main] INFO  ha.SequenceIdGenerator (SequenceIdGenerator.java:<init>(241)) - Init the HA SequenceIdGenerator.
2024-03-15 21:40:13,201 [main] INFO  node.SCMNodeManager (SCMNodeManager.java:<init>(177)) - Entering startup safe mode.
2024-03-15 21:40:13,201 [main] INFO  algorithms.ContainerPlacementPolicyFactory (ContainerPlacementPolicyFactory.java:getPolicyInternal(86)) - Create container placement policy of type org.apache.hadoop.hdds.scm.container.placement.algorithms.SCMContainerPlacementRackAware
2024-03-15 21:40:13,201 [main] INFO  algorithms.ContainerPlacementPolicyFactory (ContainerPlacementPolicyFactory.java:getPolicyInternal(86)) - Create container placement policy of type org.apache.hadoop.hdds.scm.container.placement.algorithms.SCMContainerPlacementRackScatter
2024-03-15 21:40:13,202 [main] INFO  pipeline.PipelineStateManagerImpl (PipelineStateManagerImpl.java:initialize(78)) - No pipeline exists in current db
2024-03-15 21:40:13,202 [main] INFO  algorithms.LeaderChoosePolicyFactory (LeaderChoosePolicyFactory.java:getPolicy(57)) - Create leader choose policy of type org.apache.hadoop.hdds.scm.pipeline.leader.choose.algorithms.MinLeaderCountChoosePolicy
2024-03-15 21:40:13,202 [main] INFO  algorithms.ContainerPlacementPolicyFactory (ContainerPlacementPolicyFactory.java:getPolicyInternal(86)) - Create container placement policy of type org.apache.hadoop.hdds.scm.container.placement.algorithms.SCMContainerPlacementRackScatter
2024-03-15 21:40:13,202 [main] INFO  ha.SCMServiceManager (SCMServiceManager.java:register(42)) - Registering service BackgroundPipelineCreator.
2024-03-15 21:40:13,202 [main] INFO  pipeline.BackgroundPipelineCreator (BackgroundPipelineCreator.java:start(127)) - Starting RatisPipelineUtilsThread.
2024-03-15 21:40:13,203 [main] INFO  BackgroundPipelineScrubber (BackgroundSCMService.java:start(65)) - Starting BackgroundPipelineScrubber Service.
2024-03-15 21:40:13,203 [main] INFO  ha.SCMServiceManager (SCMServiceManager.java:register(42)) - Registering service BackgroundPipelineScrubber.
2024-03-15 21:40:13,203 [main] INFO  ExpiredContainerReplicaOpScrubber (BackgroundSCMService.java:start(65)) - Starting ExpiredContainerReplicaOpScrubber Service.
2024-03-15 21:40:13,203 [main] INFO  ha.SCMServiceManager (SCMServiceManager.java:register(42)) - Registering service ExpiredContainerReplicaOpScrubber.
2024-03-15 21:40:13,204 [main] INFO  algorithms.PipelineChoosePolicyFactory (PipelineChoosePolicyFactory.java:createPipelineChoosePolicyFromClass(80)) - Create pipeline choose policy of type org.apache.hadoop.hdds.scm.pipeline.choose.algorithms.RandomPipelineChoosePolicy
2024-03-15 21:40:13,204 [main] INFO  algorithms.PipelineChoosePolicyFactory (PipelineChoosePolicyFactory.java:createPipelineChoosePolicyFromClass(80)) - Create pipeline choose policy of type org.apache.hadoop.hdds.scm.pipeline.choose.algorithms.RandomPipelineChoosePolicy
2024-03-15 21:40:13,205 [main] INFO  ha.SCMServiceManager (SCMServiceManager.java:register(42)) - Registering service SCMBlockDeletingService.
2024-03-15 21:40:13,205 [main] INFO  replication.ReplicationManager (ReplicationManager.java:start(295)) - Starting Replication Monitor Thread.
2024-03-15 21:40:13,206 [ReplicationMonitor] INFO  replication.ReplicationManager (ReplicationManager.java:processAll(371)) - Replication Manager is not ready to run until 3000ms after safemode exit
2024-03-15 21:40:13,206 [main] INFO  ha.SCMServiceManager (SCMServiceManager.java:register(42)) - Registering service ReplicationManager.
2024-03-15 21:40:13,206 [main] INFO  safemode.ContainerSafeModeRule (ContainerSafeModeRule.java:<init>(91)) - containers with one replica threshold count 0
2024-03-15 21:40:13,207 [main] INFO  safemode.HealthyPipelineSafeModeRule (HealthyPipelineSafeModeRule.java:initializeRule(176)) - Total pipeline count is 0, healthy pipeline threshold count is 1
2024-03-15 21:40:13,207 [main] INFO  safemode.OneReplicaPipelineSafeModeRule (OneReplicaPipelineSafeModeRule.java:initializeRule(193)) - Total pipeline count is 0, pipeline's with at least one datanode reported threshold count is 0
2024-03-15 21:40:13,207 [main] INFO  server.StorageContainerManager (StorageContainerManager.java:<init>(440)) - SCM start with adminUsers: [runner]
2024-03-15 21:40:13,208 [main] INFO  ipc.CallQueueManager (CallQueueManager.java:<init>(90)) - Using callQueue: class java.util.concurrent.LinkedBlockingQueue, queueCapacity: 10000, scheduler: class org.apache.hadoop.ipc.DefaultRpcScheduler, ipcBackoff: false.
2024-03-15 21:40:13,208 [main] INFO  ipc.Server (Server.java:<init>(1287)) - Listener at 0.0.0.0:15358
2024-03-15 21:40:13,208 [Socket Reader #1 for port 15358] INFO  ipc.Server (Server.java:run(1323)) - Starting Socket Reader #1 for port 15358
2024-03-15 21:40:13,209 [main] INFO  ipc.CallQueueManager (CallQueueManager.java:<init>(90)) - Using callQueue: class java.util.concurrent.LinkedBlockingQueue, queueCapacity: 10000, scheduler: class org.apache.hadoop.ipc.DefaultRpcScheduler, ipcBackoff: false.
2024-03-15 21:40:13,209 [main] INFO  ipc.Server (Server.java:<init>(1287)) - Listener at 0.0.0.0:15357
2024-03-15 21:40:13,210 [Socket Reader #1 for port 15357] INFO  ipc.Server (Server.java:run(1323)) - Starting Socket Reader #1 for port 15357
2024-03-15 21:40:13,213 [main] INFO  ipc.CallQueueManager (CallQueueManager.java:<init>(90)) - Using callQueue: class java.util.concurrent.LinkedBlockingQueue, queueCapacity: 10000, scheduler: class org.apache.hadoop.ipc.DefaultRpcScheduler, ipcBackoff: false.
2024-03-15 21:40:13,214 [main] INFO  ipc.Server (Server.java:<init>(1287)) - Listener at 0.0.0.0:15356
2024-03-15 21:40:13,214 [Socket Reader #1 for port 15356] INFO  ipc.Server (Server.java:run(1323)) - Starting Socket Reader #1 for port 15356
2024-03-15 21:40:13,216 [main] INFO  ha.SCMServiceManager (SCMServiceManager.java:register(42)) - Registering service ContainerBalancer.
2024-03-15 21:40:13,217 [main] INFO  ha.SCMContext (SCMContext.java:updateSafeModeStatus(225)) - Update SafeModeStatus from SafeModeStatus{safeModeStatus=true, preCheckPassed=false} to SafeModeStatus{safeModeStatus=true, preCheckPassed=false}.
2024-03-15 21:40:13,217 [main] INFO  server.StorageContainerManager (StorageContainerManager.java:start(1545)) - StorageContainerLocationProtocol RPC server is listening at /0.0.0.0:15356
2024-03-15 21:40:13,218 [main] WARN  impl.MetricsConfig (MetricsConfig.java:loadFirst(136)) - Cannot locate configuration: tried hadoop-metrics2-storagecontainermanager.properties,hadoop-metrics2.properties
2024-03-15 21:40:13,219 [main] INFO  impl.MetricsSystemImpl (MetricsSystemImpl.java:startTimer(378)) - Scheduled Metric snapshot period at 10 second(s).
2024-03-15 21:40:13,219 [main] INFO  impl.MetricsSystemImpl (MetricsSystemImpl.java:start(191)) - StorageContainerManager metrics system started
2024-03-15 21:40:13,236 [main] INFO  impl.MetricsSinkAdapter (MetricsSinkAdapter.java:start(204)) - Sink prometheus started
2024-03-15 21:40:13,237 [main] INFO  impl.MetricsSystemImpl (MetricsSystemImpl.java:registerSink(305)) - Registered sink prometheus
2024-03-15 21:40:13,251 [main] INFO  server.SCMClientProtocolServer (SCMClientProtocolServer.java:start(204)) - RPC server for Client  is listening at /0.0.0.0:15356
2024-03-15 21:40:13,252 [IPC Server Responder] INFO  ipc.Server (Server.java:run(1562)) - IPC Server Responder: starting
2024-03-15 21:40:13,278 [main] INFO  server.StorageContainerManager (StorageContainerManager.java:start(1558)) - ScmBlockLocationProtocol RPC server is listening at /0.0.0.0:15357
2024-03-15 21:40:13,278 [main] INFO  server.SCMBlockProtocolServer (SCMBlockProtocolServer.java:start(162)) - RPC server for Block Protocol is listening at /0.0.0.0:15357
2024-03-15 21:40:13,281 [IPC Server listener on 15357] INFO  ipc.Server (Server.java:run(1402)) - IPC Server listener on 15357: starting
2024-03-15 21:40:13,281 [IPC Server Responder] INFO  ipc.Server (Server.java:run(1562)) - IPC Server Responder: starting
2024-03-15 21:40:13,286 [IPC Server listener on 15356] INFO  ipc.Server (Server.java:run(1402)) - IPC Server listener on 15356: starting
2024-03-15 21:40:13,292 [main] INFO  server.SCMDatanodeProtocolServer (SCMDatanodeProtocolServer.java:start(194)) - ScmDatanodeProtocol RPC server for DataNodes is listening at /0.0.0.0:15358
2024-03-15 21:40:13,292 [IPC Server Responder] INFO  ipc.Server (Server.java:run(1562)) - IPC Server Responder: starting
2024-03-15 21:40:13,293 [IPC Server listener on 15358] INFO  ipc.Server (Server.java:run(1402)) - IPC Server listener on 15358: starting
2024-03-15 21:40:13,304 [JvmPauseMonitor44] INFO  util.JvmPauseMonitor (JvmPauseMonitor.java:run(146)) - JvmPauseMonitor-103be668-ff08-4520-9d84-36185060dcbb: Started
2024-03-15 21:40:13,304 [main] INFO  http.BaseHttpServer (BaseHttpServer.java:newHttpServer2BuilderForOzone(223)) - Starting Web-server for scm at: http://0.0.0.0:15359
2024-03-15 21:40:13,305 [main] INFO  http.BaseHttpServer (BaseHttpServer.java:<init>(110)) - Hadoop Security Enabled: false Ozone Security Enabled: false Ozone HTTP Security Enabled: false 
2024-03-15 21:40:13,306 [main] WARN  server.AuthenticationFilter (AuthenticationFilter.java:constructSecretProvider(240)) - Unable to initialize FileSignerSecretProvider, falling back to use random secrets. Reason: Could not read signature secret file: /home/runner/hadoop-http-auth-signature-secret
2024-03-15 21:40:13,306 [main] INFO  http.HttpRequestLog (HttpRequestLog.java:getRequestLog(86)) - Http request log for http.requests.scm is not defined
2024-03-15 21:40:13,308 [main] INFO  http.HttpServer2 (HttpServer2.java:addGlobalFilter(1036)) - Added global filter 'safety' (class=org.apache.hadoop.hdds.server.http.HttpServer2$QuotingInputFilter)
2024-03-15 21:40:13,308 [main] INFO  http.HttpServer2 (HttpServer2.java:addFilter(1012)) - Added filter static_user_filter (class=org.apache.hadoop.http.lib.StaticUserWebFilter$StaticUserFilter) to context scm
2024-03-15 21:40:13,308 [main] INFO  http.HttpServer2 (HttpServer2.java:addFilter(1020)) - Added filter static_user_filter (class=org.apache.hadoop.http.lib.StaticUserWebFilter$StaticUserFilter) to context static
2024-03-15 21:40:13,308 [main] INFO  http.HttpServer2 (HttpServer2.java:addFilter(1020)) - Added filter static_user_filter (class=org.apache.hadoop.http.lib.StaticUserWebFilter$StaticUserFilter) to context logs
2024-03-15 21:40:13,309 [main] INFO  http.BaseHttpServer (BaseHttpServer.java:<init>(189)) - HTTP server of scm uses base directory /home/runner/work/ozone/ozone/hadoop-ozone/integration-test/target/test-dir/MiniOzoneClusterImpl-9d1dee8c-d44a-4a38-8f2b-42c9fdbb6771/ozone-meta/webserver
2024-03-15 21:40:13,309 [main] INFO  http.HttpServer2 (HttpServer2.java:bindListener(1236)) - Jetty bound to port 15359
2024-03-15 21:40:13,309 [main] INFO  server.Server (Server.java:doStart(375)) - jetty-9.4.53.v20231009; built: 2023-10-09T12:29:09.265Z; git: 27bde00a0b95a1d5bbee0eae7984f891d2d0f8c9; jvm 1.8.0_402-b06
2024-03-15 21:40:13,310 [main] INFO  server.session (DefaultSessionIdManager.java:doStart(334)) - DefaultSessionIdManager workerName=node0
2024-03-15 21:40:13,311 [main] INFO  server.session (DefaultSessionIdManager.java:doStart(339)) - No SessionScavenger set, using defaults
2024-03-15 21:40:13,311 [main] INFO  server.session (HouseKeeper.java:startScavenging(132)) - node0 Scavenging every 600000ms
2024-03-15 21:40:13,313 [main] INFO  handler.ContextHandler (ContextHandler.java:doStart(921)) - Started o.e.j.s.ServletContextHandler@7e7c3f0{logs,/logs,file:///home/runner/work/ozone/ozone/hadoop-ozone/integration-test/target/log,AVAILABLE}
2024-03-15 21:40:13,313 [main] INFO  handler.ContextHandler (ContextHandler.java:doStart(921)) - Started o.e.j.s.ServletContextHandler@2e062494{static,/static,file:///home/runner/work/ozone/ozone/hadoop-ozone/integration-test/target/test-classes/webapps/static,AVAILABLE}
2024-03-15 21:40:13,315 [main] INFO  handler.ContextHandler (ContextHandler.java:doStart(921)) - Started o.e.j.w.WebAppContext@4c296f0a{scm,/,file:///home/runner/work/ozone/ozone/hadoop-ozone/integration-test/target/test-classes/webapps/scm/,AVAILABLE}{file:/home/runner/work/ozone/ozone/hadoop-ozone/integration-test/target/test-classes/webapps/scm}
2024-03-15 21:40:13,318 [main] INFO  server.AbstractConnector (AbstractConnector.java:doStart(333)) - Started ServerConnector@3e3c3c86{HTTP/1.1, (http/1.1)}{0.0.0.0:15359}
2024-03-15 21:40:13,318 [main] INFO  server.Server (Server.java:doStart(415)) - Started @129382ms
2024-03-15 21:40:13,318 [main] WARN  impl.MetricsSystemImpl (MetricsSystemImpl.java:register(279)) - Sink prometheus already exists!
2024-03-15 21:40:13,319 [main] INFO  http.BaseHttpServer (BaseHttpServer.java:updateConnectorAddress(354)) - HTTP server of scm listening at http://0.0.0.0:15359
2024-03-15 21:40:13,319 [main] WARN  server.ServerUtils (ServerUtils.java:getDBPath(299)) - ozone.om.db.dirs is not configured. We recommend adding this setting. Falling back to ozone.metadata.dirs instead.
2024-03-15 21:40:13,321 [main] INFO  ha.OMHANodeDetails (OMHANodeDetails.java:loadOMHAConfig(115)) - ozone.om.internal.service.id is not defined, falling back to ozone.om.service.ids to find serviceID for OzoneManager if it is HA enabled cluster
2024-03-15 21:40:13,321 [main] INFO  ha.OMHANodeDetails (OMHANodeDetails.java:loadOMHAConfig(226)) - Configuration does not have ozone.om.address set. Falling back to the default OM address /127.0.0.1:15360
2024-03-15 21:40:13,321 [main] INFO  ha.OMHANodeDetails (OMHANodeDetails.java:getOMNodeDetailsForNonHA(254)) - OM Service ID is not set. Setting it to the default ID: omServiceIdDefault
2024-03-15 21:40:13,321 [main] INFO  ha.OMHANodeDetails (OMHANodeDetails.java:getOMNodeDetailsForNonHA(261)) - OM Node ID is not set. Setting it to the default ID: om1
2024-03-15 21:40:13,322 [main] WARN  server.ServerUtils (ServerUtils.java:getDBPath(299)) - ozone.om.db.dirs is not configured. We recommend adding this setting. Falling back to ozone.metadata.dirs instead.
2024-03-15 21:40:13,323 [main] INFO  upgrade.AbstractLayoutVersionManager (AbstractLayoutVersionManager.java:init(83)) - Initializing Layout version manager with metadata layout = QUOTA (version = 6), software layout = QUOTA (version = 6)
2024-03-15 21:40:13,355 [main] INFO  upgrade.OMLayoutVersionManager (OMLayoutVersionManager.java:lambda$0(113)) - Skipping Upgrade Action QuotaRepairUpgradeAction since it has been finalized.
2024-03-15 21:40:13,355 [main] INFO  upgrade.OMLayoutVersionManager (OMLayoutVersionManager.java:lambda$0(113)) - Skipping Upgrade Action MockOmUpgradeAction since it has been finalized.
2024-03-15 21:40:13,355 [main] WARN  server.ServerUtils (ServerUtils.java:getDBPath(299)) - ozone.om.db.dirs is not configured. We recommend adding this setting. Falling back to ozone.metadata.dirs instead.
2024-03-15 21:40:13,356 [main] INFO  proxy.SCMBlockLocationFailoverProxyProvider (SCMBlockLocationFailoverProxyProvider.java:<init>(115)) - Created block location fail-over proxy with 1 nodes: [nodeId=scmNodeId,nodeAddress=/0.0.0.0:15357]
2024-03-15 21:40:13,357 [main] INFO  proxy.SCMBlockLocationFailoverProxyProvider (SCMBlockLocationFailoverProxyProvider.java:<init>(115)) - Created block location fail-over proxy with 1 nodes: [nodeId=scmNodeId,nodeAddress=/0.0.0.0:15357]
2024-03-15 21:40:13,364 [main] INFO  om.OzoneManager (OzoneManager.java:<init>(678)) - OM start with adminUsers: [runner]
2024-03-15 21:40:13,364 [main] WARN  server.ServerUtils (ServerUtils.java:getDBPath(299)) - ozone.om.db.dirs is not configured. We recommend adding this setting. Falling back to ozone.metadata.dirs instead.
2024-03-15 21:40:13,364 [main] INFO  helpers.OmKeyInfo (OmKeyInfo.java:getCodec(71)) - OmKeyInfo.getCodec ignorePipeline = true
2024-03-15 21:40:13,498 [main] INFO  om.OzoneManager (OzoneManager.java:instantiateServices(810)) - S3 Multi-Tenancy is disabled
2024-03-15 21:40:13,498 [main] INFO  om.OmSnapshotManager (OmSnapshotManager.java:<init>(177)) - Ozone filesystem snapshot feature is enabled.
2024-03-15 21:40:13,498 [main] WARN  server.ServerUtils (ServerUtils.java:getDBPath(299)) - ozone.om.snapshot.diff.db.dir is not configured. We recommend adding this setting. Falling back to ozone.metadata.dirs instead.
2024-03-15 21:40:13,512 [main] INFO  utils.NativeLibraryLoader (NativeLibraryLoader.java:loadLibrary(108)) - Loading Library: ozone_rocksdb_tools
2024-03-15 21:40:13,512 [main] ERROR snapshot.SnapshotDiffManager (SnapshotDiffManager.java:initNativeLibraryForEfficientDiff(287)) - Native Library for raw sst file reading loading failed.
org.apache.hadoop.hdds.utils.NativeLibraryNotLoadedException: Unable to load library ozone_rocksdb_tools from both java.library.path & resource file libozone_rocksdb_tools.so from jar.
	at org.apache.hadoop.hdds.utils.db.managed.ManagedRawSSTFileReader.loadLibrary(ManagedRawSSTFileReader.java:38)
	at org.apache.hadoop.ozone.om.snapshot.SnapshotDiffManager.initNativeLibraryForEfficientDiff(SnapshotDiffManager.java:285)
	at org.apache.hadoop.ozone.om.snapshot.SnapshotDiffManager.<init>(SnapshotDiffManager.java:259)
	at org.apache.hadoop.ozone.om.OmSnapshotManager.<init>(OmSnapshotManager.java:279)
	at org.apache.hadoop.ozone.om.OzoneManager.instantiateServices(OzoneManager.java:862)
	at org.apache.hadoop.ozone.om.OzoneManager.<init>(OzoneManager.java:688)
	at org.apache.hadoop.ozone.om.OzoneManager.createOm(OzoneManager.java:773)
	at org.apache.hadoop.ozone.MiniOzoneClusterImpl$Builder.createOM(MiniOzoneClusterImpl.java:689)
	at org.apache.hadoop.ozone.MiniOzoneClusterImpl$Builder.createAndStartSingleOM(MiniOzoneClusterImpl.java:673)
	at org.apache.hadoop.ozone.MiniOzoneClusterImpl$Builder.build(MiniOzoneClusterImpl.java:535)
	at org.apache.hadoop.ozone.client.rpc.TestWatchForCommit.init(TestWatchForCommit.java:154)
	at sun.reflect.NativeMethodAccessorImpl.invoke0(Native Method)
	at sun.reflect.NativeMethodAccessorImpl.invoke(NativeMethodAccessorImpl.java:62)
	at sun.reflect.DelegatingMethodAccessorImpl.invoke(DelegatingMethodAccessorImpl.java:43)
	at java.lang.reflect.Method.invoke(Method.java:498)
	at org.junit.platform.commons.util.ReflectionUtils.invokeMethod(ReflectionUtils.java:728)
	at org.junit.jupiter.engine.execution.MethodInvocation.proceed(MethodInvocation.java:60)
	at org.junit.jupiter.engine.execution.InvocationInterceptorChain$ValidatingInvocation.proceed(InvocationInterceptorChain.java:131)
	at org.junit.jupiter.engine.extension.TimeoutExtension.intercept(TimeoutExtension.java:156)
	at org.junit.jupiter.engine.extension.TimeoutExtension.interceptLifecycleMethod(TimeoutExtension.java:128)
	at org.junit.jupiter.engine.extension.TimeoutExtension.interceptBeforeEachMethod(TimeoutExtension.java:78)
	at org.junit.jupiter.engine.execution.InterceptingExecutableInvoker$ReflectiveInterceptorCall.lambda$ofVoidMethod$0(InterceptingExecutableInvoker.java:103)
	at org.junit.jupiter.engine.execution.InterceptingExecutableInvoker.lambda$invoke$0(InterceptingExecutableInvoker.java:93)
	at org.junit.jupiter.engine.execution.InvocationInterceptorChain$InterceptedInvocation.proceed(InvocationInterceptorChain.java:106)
	at org.junit.jupiter.engine.execution.InvocationInterceptorChain.proceed(InvocationInterceptorChain.java:64)
	at org.junit.jupiter.engine.execution.InvocationInterceptorChain.chainAndInvoke(InvocationInterceptorChain.java:45)
	at org.junit.jupiter.engine.execution.InvocationInterceptorChain.invoke(InvocationInterceptorChain.java:37)
	at org.junit.jupiter.engine.execution.InterceptingExecutableInvoker.invoke(InterceptingExecutableInvoker.java:92)
	at org.junit.jupiter.engine.execution.InterceptingExecutableInvoker.invoke(InterceptingExecutableInvoker.java:86)
	at org.junit.jupiter.engine.descriptor.ClassBasedTestDescriptor.invokeMethodInExtensionContext(ClassBasedTestDescriptor.java:521)
	at org.junit.jupiter.engine.descriptor.ClassBasedTestDescriptor.lambda$synthesizeBeforeEachMethodAdapter$23(ClassBasedTestDescriptor.java:506)
	at org.junit.jupiter.engine.descriptor.TestMethodTestDescriptor.lambda$invokeBeforeEachMethods$3(TestMethodTestDescriptor.java:175)
	at org.junit.jupiter.engine.descriptor.TestMethodTestDescriptor.lambda$invokeBeforeMethodsOrCallbacksUntilExceptionOccurs$6(TestMethodTestDescriptor.java:203)
	at org.junit.platform.engine.support.hierarchical.ThrowableCollector.execute(ThrowableCollector.java:73)
	at org.junit.jupiter.engine.descriptor.TestMethodTestDescriptor.invokeBeforeMethodsOrCallbacksUntilExceptionOccurs(TestMethodTestDescriptor.java:203)
	at org.junit.jupiter.engine.descriptor.TestMethodTestDescriptor.invokeBeforeEachMethods(TestMethodTestDescriptor.java:172)
	at org.junit.jupiter.engine.descriptor.TestMethodTestDescriptor.execute(TestMethodTestDescriptor.java:135)
	at org.junit.jupiter.engine.descriptor.TestMethodTestDescriptor.execute(TestMethodTestDescriptor.java:69)
	at org.junit.platform.engine.support.hierarchical.NodeTestTask.lambda$executeRecursively$6(NodeTestTask.java:151)
	at org.junit.platform.engine.support.hierarchical.ThrowableCollector.execute(ThrowableCollector.java:73)
	at org.junit.platform.engine.support.hierarchical.NodeTestTask.lambda$executeRecursively$8(NodeTestTask.java:141)
	at org.junit.platform.engine.support.hierarchical.Node.around(Node.java:137)
	at org.junit.platform.engine.support.hierarchical.NodeTestTask.lambda$executeRecursively$9(NodeTestTask.java:139)
	at org.junit.platform.engine.support.hierarchical.ThrowableCollector.execute(ThrowableCollector.java:73)
	at org.junit.platform.engine.support.hierarchical.NodeTestTask.executeRecursively(NodeTestTask.java:138)
	at org.junit.platform.engine.support.hierarchical.NodeTestTask.execute(NodeTestTask.java:95)
	at java.util.ArrayList.forEach(ArrayList.java:1259)
	at org.junit.platform.engine.support.hierarchical.SameThreadHierarchicalTestExecutorService.invokeAll(SameThreadHierarchicalTestExecutorService.java:41)
	at org.junit.platform.engine.support.hierarchical.NodeTestTask.lambda$executeRecursively$6(NodeTestTask.java:155)
	at org.junit.platform.engine.support.hierarchical.ThrowableCollector.execute(ThrowableCollector.java:73)
	at org.junit.platform.engine.support.hierarchical.NodeTestTask.lambda$executeRecursively$8(NodeTestTask.java:141)
	at org.junit.platform.engine.support.hierarchical.Node.around(Node.java:137)
	at org.junit.platform.engine.support.hierarchical.NodeTestTask.lambda$executeRecursively$9(NodeTestTask.java:139)
	at org.junit.platform.engine.support.hierarchical.ThrowableCollector.execute(ThrowableCollector.java:73)
	at org.junit.platform.engine.support.hierarchical.NodeTestTask.executeRecursively(NodeTestTask.java:138)
	at org.junit.platform.engine.support.hierarchical.NodeTestTask.execute(NodeTestTask.java:95)
	at java.util.ArrayList.forEach(ArrayList.java:1259)
	at org.junit.platform.engine.support.hierarchical.SameThreadHierarchicalTestExecutorService.invokeAll(SameThreadHierarchicalTestExecutorService.java:41)
	at org.junit.platform.engine.support.hierarchical.NodeTestTask.lambda$executeRecursively$6(NodeTestTask.java:155)
	at org.junit.platform.engine.support.hierarchical.ThrowableCollector.execute(ThrowableCollector.java:73)
	at org.junit.platform.engine.support.hierarchical.NodeTestTask.lambda$executeRecursively$8(NodeTestTask.java:141)
	at org.junit.platform.engine.support.hierarchical.Node.around(Node.java:137)
	at org.junit.platform.engine.support.hierarchical.NodeTestTask.lambda$executeRecursively$9(NodeTestTask.java:139)
	at org.junit.platform.engine.support.hierarchical.ThrowableCollector.execute(ThrowableCollector.java:73)
	at org.junit.platform.engine.support.hierarchical.NodeTestTask.executeRecursively(NodeTestTask.java:138)
	at org.junit.platform.engine.support.hierarchical.NodeTestTask.execute(NodeTestTask.java:95)
	at org.junit.platform.engine.support.hierarchical.SameThreadHierarchicalTestExecutorService.submit(SameThreadHierarchicalTestExecutorService.java:35)
	at org.junit.platform.engine.support.hierarchical.HierarchicalTestExecutor.execute(HierarchicalTestExecutor.java:57)
	at org.junit.platform.engine.support.hierarchical.HierarchicalTestEngine.execute(HierarchicalTestEngine.java:54)
	at org.junit.platform.launcher.core.EngineExecutionOrchestrator.execute(EngineExecutionOrchestrator.java:198)
	at org.junit.platform.launcher.core.EngineExecutionOrchestrator.execute(EngineExecutionOrchestrator.java:169)
	at org.junit.platform.launcher.core.EngineExecutionOrchestrator.execute(EngineExecutionOrchestrator.java:93)
	at org.junit.platform.launcher.core.EngineExecutionOrchestrator.lambda$execute$0(EngineExecutionOrchestrator.java:58)
	at org.junit.platform.launcher.core.EngineExecutionOrchestrator.withInterceptedStreams(EngineExecutionOrchestrator.java:141)
	at org.junit.platform.launcher.core.EngineExecutionOrchestrator.execute(EngineExecutionOrchestrator.java:57)
	at org.junit.platform.launcher.core.DefaultLauncher.execute(DefaultLauncher.java:103)
	at org.junit.platform.launcher.core.DefaultLauncher.execute(DefaultLauncher.java:85)
	at org.junit.platform.launcher.core.DelegatingLauncher.execute(DelegatingLauncher.java:47)
	at org.junit.platform.launcher.core.SessionPerRequestLauncher.execute(SessionPerRequestLauncher.java:63)
	at org.apache.maven.surefire.junitplatform.JUnitPlatformProvider.invokeAllTests(JUnitPlatformProvider.java:165)
	at org.apache.maven.surefire.junitplatform.JUnitPlatformProvider.invoke(JUnitPlatformProvider.java:124)
	at org.apache.maven.surefire.booter.ForkedBooter.runSuitesInProcess(ForkedBooter.java:428)
	at org.apache.maven.surefire.booter.ForkedBooter.execute(ForkedBooter.java:162)
	at org.apache.maven.surefire.booter.ForkedBooter.run(ForkedBooter.java:562)
	at org.apache.maven.surefire.booter.ForkedBooter.main(ForkedBooter.java:548)
2024-03-15 21:40:13,515 [main] INFO  om.OzoneManager (OzoneManager.java:addS3GVolumeToDB(4462)) - Created Volume s3v With Owner runner required for S3Gateway operations.
2024-03-15 21:40:13,515 [main] WARN  server.ServerUtils (ServerUtils.java:getDefaultRatisDirectory(311)) - Storage directory for Ratis is not configured. It is a good idea to map this to an SSD disk. Falling back to ozone.metadata.dirs
2024-03-15 21:40:13,515 [main] WARN  utils.OzoneManagerRatisUtils (OzoneManagerRatisUtils.java:getOMRatisSnapshotDirectory(476)) - ozone.om.ratis.snapshot.dir is not configured. Falling back to ozone.metadata.dirs config
2024-03-15 21:40:13,515 [main] WARN  server.ServerUtils (ServerUtils.java:getDefaultRatisDirectory(311)) - Storage directory for Ratis is not configured. It is a good idea to map this to an SSD disk. Falling back to ozone.metadata.dirs
2024-03-15 21:40:13,516 [main] INFO  ratis.OzoneManagerRatisServer (OzoneManagerRatisServer.java:<init>(167)) - Instantiating OM Ratis server with groupID: omServiceIdDefault and peers: localhost:15363
2024-03-15 21:40:13,516 [main] INFO  ratis.OzoneManagerStateMachine (OzoneManagerStateMachine.java:loadSnapshotInfoFromDB(575)) - TransactionInfo not found in OM DB.
2024-03-15 21:40:13,517 [main] INFO  server.RaftServer (ConfUtils.java:logGet(46)) - raft.rpc.type = GRPC (default)
2024-03-15 21:40:13,517 [main] INFO  grpc.GrpcConfigKeys (ConfUtils.java:logFallback(53)) - raft.grpc.admin.host = null (fallback to raft.grpc.server.host)
2024-03-15 21:40:13,517 [main] INFO  grpc.GrpcConfigKeys (ConfUtils.java:logFallback(53)) - raft.grpc.admin.port = 15363 (fallback to raft.grpc.server.port)
2024-03-15 21:40:13,517 [main] INFO  grpc.GrpcConfigKeys (ConfUtils.java:logFallback(53)) - raft.grpc.client.host = null (fallback to raft.grpc.server.host)
2024-03-15 21:40:13,517 [main] INFO  grpc.GrpcConfigKeys (ConfUtils.java:logFallback(53)) - raft.grpc.client.port = 15363 (fallback to raft.grpc.server.port)
2024-03-15 21:40:13,517 [main] INFO  grpc.GrpcConfigKeys (ConfUtils.java:logGet(46)) - raft.grpc.server.host = null (default)
2024-03-15 21:40:13,518 [main] INFO  grpc.GrpcConfigKeys (ConfUtils.java:logGet(46)) - raft.grpc.server.port = 15363 (custom)
2024-03-15 21:40:13,518 [main] INFO  server.GrpcService (ConfUtils.java:logGet(46)) - raft.grpc.message.size.max = 4194304 (custom)
2024-03-15 21:40:13,518 [main] INFO  server.RaftServerConfigKeys (ConfUtils.java:logGet(46)) - raft.server.log.appender.buffer.byte-limit = 4194304 (custom)
2024-03-15 21:40:13,518 [main] INFO  server.GrpcService (ConfUtils.java:logGet(46)) - raft.grpc.flow.control.window = 1MB (=1048576) (default)
2024-03-15 21:40:13,518 [main] INFO  server.RaftServerConfigKeys (ConfUtils.java:logGet(46)) - raft.server.rpc.request.timeout = 3000ms (default)
2024-03-15 21:40:13,518 [main] INFO  grpc.GrpcConfigKeys (ConfUtils.java:logGet(46)) - raft.grpc.server.heartbeat.channel = true (default)
2024-03-15 21:40:13,518 [main] INFO  grpc.GrpcConfigKeys (ConfUtils.java:logGet(46)) - raft.grpc.server.async.request.thread.pool.cached = true (default)
2024-03-15 21:40:13,518 [main] INFO  grpc.GrpcConfigKeys (ConfUtils.java:logGet(46)) - raft.grpc.server.async.request.thread.pool.size = 32 (default)
2024-03-15 21:40:13,520 [main] INFO  impl.DataStreamServerImpl (ConfUtils.java:logGet(46)) - raft.datastream.type = DISABLED (default)
2024-03-15 21:40:13,520 [main] INFO  server.RaftServerConfigKeys (ConfUtils.java:logGet(46)) - raft.server.sleep.deviation.threshold = 300ms (default)
2024-03-15 21:40:13,520 [main] INFO  server.RaftServerConfigKeys (ConfUtils.java:logGet(46)) - raft.server.close.threshold = 60s (default)
2024-03-15 21:40:13,520 [main] INFO  server.RaftServerConfigKeys (ConfUtils.java:logGet(46)) - raft.server.leaderelection.leader.step-down.wait-time = 10s (default)
2024-03-15 21:40:13,520 [main] INFO  server.RaftServerConfigKeys (ConfUtils.java:logGet(46)) - raft.server.storage.dir = [/home/runner/work/ozone/ozone/hadoop-ozone/integration-test/target/test-dir/MiniOzoneClusterImpl-9d1dee8c-d44a-4a38-8f2b-42c9fdbb6771/ozone-meta/ratis] (custom)
2024-03-15 21:40:13,520 [main] INFO  server.RaftServerConfigKeys (ConfUtils.java:logGet(46)) - raft.server.threadpool.proxy.cached = true (default)
2024-03-15 21:40:13,520 [main] INFO  server.RaftServerConfigKeys (ConfUtils.java:logGet(46)) - raft.server.threadpool.proxy.size = 0 (default)
2024-03-15 21:40:13,521 [main] INFO  server.RaftServer (RaftServerProxy.java:addNew(100)) - om1: addNew group-C5BA1605619E:[om1|localhost:15363] returns group-C5BA1605619E:java.util.concurrent.CompletableFuture@4d9c6548[Not completed]
2024-03-15 21:40:13,521 [om1-groupManagement] INFO  server.RaftServer$Division (RaftServerImpl.java:<init>(256)) - om1: new RaftServerImpl for group-C5BA1605619E:[om1|localhost:15363] with OzoneManagerStateMachine:uninitialized
2024-03-15 21:40:13,521 [main] INFO  om.OzoneManager (OzoneManager.java:initializeRatisServer(2171)) - OzoneManager Ratis server initialized at port 15363
2024-03-15 21:40:13,521 [om1-groupManagement] INFO  server.RaftServerConfigKeys (ConfUtils.java:logGet(46)) - raft.server.rpc.timeout.min = 1s (custom)
2024-03-15 21:40:13,521 [main] INFO  om.OzoneManager (OzoneManager.java:getRpcServer(1230)) - Creating RPC Server
2024-03-15 21:40:13,521 [om1-groupManagement] INFO  server.RaftServerConfigKeys (ConfUtils.java:logGet(46)) - raft.server.rpc.timeout.max = 1200ms (custom)
2024-03-15 21:40:13,521 [om1-groupManagement] INFO  server.RaftServerConfigKeys (ConfUtils.java:logGet(46)) - raft.server.rpc.sleep.time = 25ms (default)
2024-03-15 21:40:13,522 [om1-groupManagement] INFO  server.RaftServerConfigKeys (ConfUtils.java:logGet(46)) - raft.server.rpc.slowness.timeout = 120s (custom)
2024-03-15 21:40:13,522 [om1-groupManagement] INFO  server.RaftServerConfigKeys (ConfUtils.java:logGet(46)) - raft.server.leaderelection.leader.step-down.wait-time = 10s (default)
2024-03-15 21:40:13,522 [om1-groupManagement] INFO  server.RaftServerConfigKeys (ConfUtils.java:logGet(46)) - raft.server.leaderelection.member.majority-add = false (default)
2024-03-15 21:40:13,522 [om1-groupManagement] INFO  server.RaftServerConfigKeys (ConfUtils.java:logGet(46)) - raft.server.sleep.deviation.threshold = 300ms (default)
2024-03-15 21:40:13,522 [om1-groupManagement] INFO  server.RaftServer$Division (ServerState.java:<init>(113)) - om1@group-C5BA1605619E: ConfigurationManager, init=-1: peers:[om1|localhost:15363]|listeners:[], old=null, confs=<EMPTY_MAP>
2024-03-15 21:40:13,522 [om1-groupManagement] INFO  server.RaftServerConfigKeys (ConfUtils.java:logGet(46)) - raft.server.notification.no-leader.timeout = 120s (custom)
2024-03-15 21:40:13,522 [om1-groupManagement] INFO  server.RaftServerConfigKeys (ConfUtils.java:logGet(46)) - raft.server.read.timeout = 10s (default)
2024-03-15 21:40:13,522 [om1-groupManagement] INFO  server.RaftServerConfigKeys (ConfUtils.java:logGet(46)) - raft.server.retrycache.expirytime = 300s (custom)
2024-03-15 21:40:13,522 [om1-groupManagement] INFO  server.RaftServerConfigKeys (ConfUtils.java:logGet(46)) - raft.server.retrycache.statistics.expirytime = 100ms (default)
2024-03-15 21:40:13,522 [om1-groupManagement] INFO  server.RaftServerConfigKeys (ConfUtils.java:logGet(46)) - raft.server.read.option = DEFAULT (default)
2024-03-15 21:40:13,522 [om1-groupManagement] INFO  server.RaftServerConfigKeys (ConfUtils.java:logGet(46)) - raft.server.read.read-after-write-consistent.write-index-cache.expiry-time = 60s (default)
2024-03-15 21:40:13,523 [om1-groupManagement] INFO  server.RaftServerConfigKeys (ConfUtils.java:logGet(46)) - raft.server.rpc.request.timeout = 3000ms (default)
2024-03-15 21:40:13,523 [om1-groupManagement] INFO  server.RaftServerConfigKeys (ConfUtils.java:logGet(46)) - raft.server.log.appender.install.snapshot.enabled = false (custom)
2024-03-15 21:40:13,523 [om1-groupManagement] INFO  server.RaftServerConfigKeys (ConfUtils.java:logGet(46)) - raft.server.threadpool.server.cached = true (default)
2024-03-15 21:40:13,523 [om1-groupManagement] INFO  server.RaftServerConfigKeys (ConfUtils.java:logGet(46)) - raft.server.threadpool.server.size = 0 (default)
2024-03-15 21:40:13,523 [om1-groupManagement] INFO  server.RaftServerConfigKeys (ConfUtils.java:logGet(46)) - raft.server.threadpool.client.cached = true (default)
2024-03-15 21:40:13,523 [om1-groupManagement] INFO  server.RaftServerConfigKeys (ConfUtils.java:logGet(46)) - raft.server.threadpool.client.size = 0 (default)
2024-03-15 21:40:13,718 [main] INFO  ipc.CallQueueManager (CallQueueManager.java:<init>(90)) - Using callQueue: class java.util.concurrent.LinkedBlockingQueue, queueCapacity: 2000, scheduler: class org.apache.hadoop.ipc.DefaultRpcScheduler, ipcBackoff: false.
2024-03-15 21:40:13,719 [main] INFO  ipc.Server (Server.java:<init>(1287)) - Listener at 127.0.0.1:15360
2024-03-15 21:40:13,719 [Socket Reader #1 for port 15360] INFO  ipc.Server (Server.java:run(1323)) - Starting Socket Reader #1 for port 15360
2024-03-15 21:40:13,733 [main] INFO  impl.MetricsSystemImpl (MetricsSystemImpl.java:init(158)) - OzoneManager metrics system started (again)
2024-03-15 21:40:13,742 [main] INFO  om.OzoneManager (OzoneManager.java:start(1652)) - OzoneManager RPC server is listening at localhost/127.0.0.1:15360
2024-03-15 21:40:13,743 [main] INFO  ratis.OzoneManagerRatisServer (OzoneManagerRatisServer.java:start(588)) - Starting OzoneManagerRatisServer om1 at port 15363
2024-03-15 21:40:13,743 [om1-impl-thread1] INFO  server.RaftServerConfigKeys (ConfUtils.java:logGet(46)) - raft.server.storage.free-space.min = 0MB (=0) (default)
2024-03-15 21:40:13,743 [om1-impl-thread1] INFO  server.RaftServerConfigKeys (ConfUtils.java:logGet(46)) - raft.server.log.corruption.policy = EXCEPTION (default)
2024-03-15 21:40:13,743 [om1-impl-thread1] INFO  server.RaftServerConfigKeys (ConfUtils.java:logGet(46)) - raft.server.storage.dir = [/home/runner/work/ozone/ozone/hadoop-ozone/integration-test/target/test-dir/MiniOzoneClusterImpl-9d1dee8c-d44a-4a38-8f2b-42c9fdbb6771/ozone-meta/ratis] (custom)
2024-03-15 21:40:13,743 [om1-impl-thread1] INFO  storage.RaftStorageDirectory (RaftStorageDirectoryImpl.java:analyzeStorage(138)) - The storage directory /home/runner/work/ozone/ozone/hadoop-ozone/integration-test/target/test-dir/MiniOzoneClusterImpl-9d1dee8c-d44a-4a38-8f2b-42c9fdbb6771/ozone-meta/ratis/bf265839-605b-3f16-9796-c5ba1605619e does not exist. Creating ...
2024-03-15 21:40:13,744 [om1-impl-thread1] INFO  storage.RaftStorageDirectory (RaftStorageDirectoryImpl.java:tryLock(228)) - Lock on /home/runner/work/ozone/ozone/hadoop-ozone/integration-test/target/test-dir/MiniOzoneClusterImpl-9d1dee8c-d44a-4a38-8f2b-42c9fdbb6771/ozone-meta/ratis/bf265839-605b-3f16-9796-c5ba1605619e/in_use.lock acquired by nodename 60682@fv-az528-102
2024-03-15 21:40:13,745 [om1-impl-thread1] INFO  storage.RaftStorage (RaftStorageImpl.java:format(99)) - Storage directory /home/runner/work/ozone/ozone/hadoop-ozone/integration-test/target/test-dir/MiniOzoneClusterImpl-9d1dee8c-d44a-4a38-8f2b-42c9fdbb6771/ozone-meta/ratis/bf265839-605b-3f16-9796-c5ba1605619e has been successfully formatted.
2024-03-15 21:40:13,745 [om1-impl-thread1] WARN  util.FileUtils (LogUtils.java:supplyAndLog(63)) - Failed to Files.newInputStream /home/runner/work/ozone/ozone/hadoop-ozone/integration-test/target/test-dir/MiniOzoneClusterImpl-9d1dee8c-d44a-4a38-8f2b-42c9fdbb6771/ozone-meta/ratis/bf265839-605b-3f16-9796-c5ba1605619e/current/raft-meta.conf with options []: java.nio.file.NoSuchFileException: /home/runner/work/ozone/ozone/hadoop-ozone/integration-test/target/test-dir/MiniOzoneClusterImpl-9d1dee8c-d44a-4a38-8f2b-42c9fdbb6771/ozone-meta/ratis/bf265839-605b-3f16-9796-c5ba1605619e/current/raft-meta.conf
2024-03-15 21:40:13,745 [om1-impl-thread1] INFO  server.RaftServerConfigKeys (ConfUtils.java:logGet(46)) - raft.server.log.use.memory = false (default)
2024-03-15 21:40:13,745 [om1-impl-thread1] INFO  server.RaftServerConfigKeys (ConfUtils.java:logGet(46)) - raft.server.log.purge.gap = 1000000 (custom)
2024-03-15 21:40:13,745 [om1-impl-thread1] INFO  server.RaftServerConfigKeys (ConfUtils.java:logGet(46)) - raft.server.log.appender.buffer.byte-limit = 4194304 (custom)
2024-03-15 21:40:13,745 [om1-impl-thread1] INFO  server.RaftServerConfigKeys (ConfUtils.java:logGet(46)) - raft.server.log.statemachine.data.read.timeout = 1000ms (default)
2024-03-15 21:40:13,745 [om1-impl-thread1] INFO  server.RaftServerConfigKeys (ConfUtils.java:logGet(46)) - raft.server.log.purge.preservation.log.num = 0 (default)
2024-03-15 21:40:13,746 [om1-impl-thread1] INFO  server.RaftServerConfigKeys (ConfUtils.java:logGet(46)) - raft.server.log.segment.size.max = 4194304 (custom)
2024-03-15 21:40:13,746 [om1-impl-thread1] INFO  server.RaftServerConfigKeys (ConfUtils.java:logGet(46)) - raft.server.log.segment.cache.num.max = 2 (custom)
2024-03-15 21:40:13,746 [om1-impl-thread1] INFO  server.RaftServerConfigKeys (ConfUtils.java:logGet(46)) - raft.server.log.segment.cache.size.max = 200MB (=209715200) (default)
2024-03-15 21:40:13,746 [om1-impl-thread1] INFO  server.RaftServerConfigKeys (ConfUtils.java:logGet(46)) - raft.server.log.appender.buffer.byte-limit = 4194304 (custom)
2024-03-15 21:40:13,746 [om1-impl-thread1] INFO  util.AwaitToRun (AwaitToRun.java:start(81)) - Thread[om1@group-C5BA1605619E-cacheEviction-AwaitToRun,5,main] started
2024-03-15 21:40:13,746 [om1-impl-thread1] INFO  segmented.SegmentedRaftLogWorker (SegmentedRaftLogWorker.java:<init>(182)) - new om1@group-C5BA1605619E-SegmentedRaftLogWorker for RaftStorageImpl:Storage Directory /home/runner/work/ozone/ozone/hadoop-ozone/integration-test/target/test-dir/MiniOzoneClusterImpl-9d1dee8c-d44a-4a38-8f2b-42c9fdbb6771/ozone-meta/ratis/bf265839-605b-3f16-9796-c5ba1605619e
2024-03-15 21:40:13,746 [om1-impl-thread1] INFO  server.RaftServerConfigKeys (ConfUtils.java:logGet(46)) - raft.server.log.queue.byte-limit = 64MB (=67108864) (default)
2024-03-15 21:40:13,746 [om1-impl-thread1] INFO  server.RaftServerConfigKeys (ConfUtils.java:logGet(46)) - raft.server.log.queue.element-limit = 4096 (default)
2024-03-15 21:40:13,746 [om1-impl-thread1] INFO  server.RaftServerConfigKeys (ConfUtils.java:logGet(46)) - raft.server.log.segment.size.max = 4194304 (custom)
2024-03-15 21:40:13,746 [om1-impl-thread1] INFO  server.RaftServerConfigKeys (ConfUtils.java:logGet(46)) - raft.server.log.preallocated.size = 4194304 (custom)
2024-03-15 21:40:13,746 [om1-impl-thread1] INFO  server.RaftServerConfigKeys (ConfUtils.java:logGet(46)) - raft.server.log.force.sync.num = 128 (default)
2024-03-15 21:40:13,746 [om1-impl-thread1] INFO  server.RaftServerConfigKeys (ConfUtils.java:logGet(46)) - raft.server.log.statemachine.data.sync = true (default)
2024-03-15 21:40:13,747 [om1-impl-thread1] INFO  server.RaftServerConfigKeys (ConfUtils.java:logGet(46)) - raft.server.log.statemachine.data.sync.timeout = 10s (default)
2024-03-15 21:40:13,747 [om1-impl-thread1] INFO  server.RaftServerConfigKeys (ConfUtils.java:logGet(46)) - raft.server.log.statemachine.data.sync.timeout.retry = -1 (default)
2024-03-15 21:40:13,747 [om1-impl-thread1] INFO  server.RaftServerConfigKeys (ConfUtils.java:logGet(46)) - raft.server.log.write.buffer.size = 4194312 (custom)
2024-03-15 21:40:13,748 [om1-impl-thread1] INFO  server.RaftServerConfigKeys (ConfUtils.java:logGet(46)) - raft.server.log.appender.buffer.byte-limit = 4194304 (custom)
2024-03-15 21:40:13,748 [om1-impl-thread1] INFO  server.RaftServerConfigKeys (ConfUtils.java:logGet(46)) - raft.server.log.unsafe-flush.enabled = false (default)
2024-03-15 21:40:13,748 [om1-impl-thread1] INFO  server.RaftServerConfigKeys (ConfUtils.java:logGet(46)) - raft.server.log.async-flush.enabled = false (default)
2024-03-15 21:40:13,748 [om1-impl-thread1] INFO  server.RaftServerConfigKeys (ConfUtils.java:logGet(46)) - raft.server.log.statemachine.data.caching.enabled = false (default)
2024-03-15 21:40:13,748 [om1-impl-thread1] INFO  segmented.SegmentedRaftLogWorker (SegmentedRaftLogWorker.java:lambda$new$0(134)) - om1@group-C5BA1605619E-SegmentedRaftLogWorker: flushIndex: setUnconditionally 0 -> -1
2024-03-15 21:40:13,748 [om1-impl-thread1] INFO  segmented.SegmentedRaftLogWorker (SegmentedRaftLogWorker.java:lambda$new$0(134)) - om1@group-C5BA1605619E-SegmentedRaftLogWorker: safeCacheEvictIndex: setUnconditionally 0 -> -1
2024-03-15 21:40:13,748 [om1-impl-thread1] INFO  server.RaftServer$Division (RaftServerImpl.java:start(396)) - om1@group-C5BA1605619E: start as a follower, conf=-1: peers:[om1|localhost:15363]|listeners:[], old=null
2024-03-15 21:40:13,748 [om1-impl-thread1] INFO  server.RaftServer$Division (RaftServerImpl.java:setRole(383)) - om1@group-C5BA1605619E: changes role from      null to FOLLOWER at term 0 for startAsFollower
2024-03-15 21:40:13,748 [om1-impl-thread1] INFO  impl.RoleInfo (RoleInfo.java:updateAndGet(139)) - om1: start om1@group-C5BA1605619E-FollowerState
2024-03-15 21:40:13,748 [om1-impl-thread1] INFO  util.JmxRegister (JmxRegister.java:tryRegister(44)) - Successfully registered JMX Bean with object name Ratis:service=RaftServer,group=group-C5BA1605619E,id=om1
2024-03-15 21:40:13,749 [om1-impl-thread1] INFO  server.RaftServerConfigKeys (ConfUtils.java:logGet(46)) - raft.server.snapshot.trigger-when-stop.enabled = true (default)
2024-03-15 21:40:13,749 [om1-impl-thread1] INFO  server.RaftServerConfigKeys (ConfUtils.java:logGet(46)) - raft.server.snapshot.auto.trigger.enabled = true (custom)
2024-03-15 21:40:13,749 [om1-impl-thread1] INFO  server.RaftServerConfigKeys (ConfUtils.java:logGet(46)) - raft.server.snapshot.auto.trigger.threshold = 400000 (default)
2024-03-15 21:40:13,749 [om1-impl-thread1] INFO  server.RaftServerConfigKeys (ConfUtils.java:logGet(46)) - raft.server.snapshot.retention.file.num = -1 (default)
2024-03-15 21:40:13,748 [om1@group-C5BA1605619E-FollowerState] INFO  server.RaftServerConfigKeys (ConfUtils.java:logFallback(53)) - raft.server.rpc.first-election.timeout.min = 1s (fallback to raft.server.rpc.timeout.min)
2024-03-15 21:40:13,749 [om1-impl-thread1] INFO  server.RaftServerConfigKeys (ConfUtils.java:logGet(46)) - raft.server.log.purge.upto.snapshot.index = true (custom)
2024-03-15 21:40:13,749 [om1@group-C5BA1605619E-FollowerState] INFO  server.RaftServerConfigKeys (ConfUtils.java:logFallback(53)) - raft.server.rpc.first-election.timeout.max = 1200ms (fallback to raft.server.rpc.timeout.max)
2024-03-15 21:40:13,749 [main] INFO  server.RaftServer (RaftServerProxy.java:startImpl(406)) - om1: start RPC server
2024-03-15 21:40:13,750 [main] INFO  server.GrpcService (GrpcService.java:startImpl(302)) - om1: GrpcService started, listening on 15363
2024-03-15 21:40:13,750 [JvmPauseMonitor45] INFO  util.JvmPauseMonitor (JvmPauseMonitor.java:run(146)) - JvmPauseMonitor-om1: Started
2024-03-15 21:40:13,751 [main] INFO  om.OzoneManager (OzoneManager.java:start(1668)) - Version File has different layout version (6) than OM DB (null). That is expected if this OM has never been finalized to a newer layout version.
2024-03-15 21:40:13,754 [main] INFO  client.ScmTopologyClient (ScmTopologyClient.java:start(67)) - Initial network topology fetched from SCM: /.
2024-03-15 21:40:13,756 [main] INFO  http.BaseHttpServer (BaseHttpServer.java:newHttpServer2BuilderForOzone(223)) - Starting Web-server for ozoneManager at: http://0.0.0.0:15361
2024-03-15 21:40:13,756 [main] INFO  http.BaseHttpServer (BaseHttpServer.java:<init>(110)) - Hadoop Security Enabled: false Ozone Security Enabled: false Ozone HTTP Security Enabled: false 
2024-03-15 21:40:13,757 [main] WARN  server.AuthenticationFilter (AuthenticationFilter.java:constructSecretProvider(240)) - Unable to initialize FileSignerSecretProvider, falling back to use random secrets. Reason: Could not read signature secret file: /home/runner/hadoop-http-auth-signature-secret
2024-03-15 21:40:13,757 [main] INFO  http.HttpRequestLog (HttpRequestLog.java:getRequestLog(86)) - Http request log for http.requests.ozoneManager is not defined
2024-03-15 21:40:13,758 [main] INFO  http.HttpServer2 (HttpServer2.java:addGlobalFilter(1036)) - Added global filter 'safety' (class=org.apache.hadoop.hdds.server.http.HttpServer2$QuotingInputFilter)
2024-03-15 21:40:13,758 [main] INFO  http.HttpServer2 (HttpServer2.java:addFilter(1012)) - Added filter static_user_filter (class=org.apache.hadoop.http.lib.StaticUserWebFilter$StaticUserFilter) to context ozoneManager
2024-03-15 21:40:13,758 [main] INFO  http.HttpServer2 (HttpServer2.java:addFilter(1020)) - Added filter static_user_filter (class=org.apache.hadoop.http.lib.StaticUserWebFilter$StaticUserFilter) to context static
2024-03-15 21:40:13,759 [main] INFO  http.HttpServer2 (HttpServer2.java:addFilter(1020)) - Added filter static_user_filter (class=org.apache.hadoop.http.lib.StaticUserWebFilter$StaticUserFilter) to context logs
2024-03-15 21:40:13,759 [main] INFO  http.BaseHttpServer (BaseHttpServer.java:<init>(189)) - HTTP server of ozoneManager uses base directory /home/runner/work/ozone/ozone/hadoop-ozone/integration-test/target/test-dir/MiniOzoneClusterImpl-9d1dee8c-d44a-4a38-8f2b-42c9fdbb6771/ozone-meta/webserver
2024-03-15 21:40:13,759 [main] INFO  http.HttpServer2 (HttpServer2.java:bindListener(1236)) - Jetty bound to port 15361
2024-03-15 21:40:13,759 [main] INFO  server.Server (Server.java:doStart(375)) - jetty-9.4.53.v20231009; built: 2023-10-09T12:29:09.265Z; git: 27bde00a0b95a1d5bbee0eae7984f891d2d0f8c9; jvm 1.8.0_402-b06
2024-03-15 21:40:13,760 [main] INFO  server.session (DefaultSessionIdManager.java:doStart(334)) - DefaultSessionIdManager workerName=node0
2024-03-15 21:40:13,760 [main] INFO  server.session (DefaultSessionIdManager.java:doStart(339)) - No SessionScavenger set, using defaults
2024-03-15 21:40:13,760 [main] INFO  server.session (HouseKeeper.java:startScavenging(132)) - node0 Scavenging every 660000ms
2024-03-15 21:40:13,761 [main] INFO  handler.ContextHandler (ContextHandler.java:doStart(921)) - Started o.e.j.s.ServletContextHandler@453db8e3{logs,/logs,file:///home/runner/work/ozone/ozone/hadoop-ozone/integration-test/target/log,AVAILABLE}
2024-03-15 21:40:13,761 [main] INFO  handler.ContextHandler (ContextHandler.java:doStart(921)) - Started o.e.j.s.ServletContextHandler@6d1f1ebe{static,/static,file:///home/runner/work/ozone/ozone/hadoop-ozone/integration-test/target/test-classes/webapps/static,AVAILABLE}
2024-03-15 21:40:13,763 [main] INFO  handler.ContextHandler (ContextHandler.java:doStart(921)) - Started o.e.j.w.WebAppContext@6d709a91{ozoneManager,/,file:///home/runner/work/ozone/ozone/hadoop-ozone/integration-test/target/test-classes/webapps/ozoneManager/,AVAILABLE}{file:/home/runner/work/ozone/ozone/hadoop-ozone/integration-test/target/test-classes/webapps/ozoneManager}
2024-03-15 21:40:13,765 [main] INFO  server.AbstractConnector (AbstractConnector.java:doStart(333)) - Started ServerConnector@20f01996{HTTP/1.1, (http/1.1)}{0.0.0.0:15361}
2024-03-15 21:40:13,765 [main] INFO  server.Server (Server.java:doStart(415)) - Started @129829ms
2024-03-15 21:40:13,765 [main] WARN  impl.MetricsSystemImpl (MetricsSystemImpl.java:register(279)) - Sink prometheus already exists!
2024-03-15 21:40:13,765 [main] INFO  http.BaseHttpServer (BaseHttpServer.java:updateConnectorAddress(354)) - HTTP server of ozoneManager listening at http://0.0.0.0:15361
2024-03-15 21:40:13,766 [IPC Server Responder] INFO  ipc.Server (Server.java:run(1562)) - IPC Server Responder: starting
2024-03-15 21:40:13,766 [IPC Server listener on 15360] INFO  ipc.Server (Server.java:run(1402)) - IPC Server listener on 15360: starting
2024-03-15 21:40:13,767 [main] INFO  om.OzoneManager (OzoneManager.java:startTrashEmptier(2124)) - Trash Interval set to 0. Files deleted won't move to trash
2024-03-15 21:40:13,782 [main] WARN  dropwizard3.Dm3MetricRegistriesImpl (Dm3MetricRegistriesImpl.java:addReporterRegistration(113)) - New reporters are added after registries were created. Some metrics will be missing from the reporter. Please add reporter before adding any new registry.
2024-03-15 21:40:13,783 [main] WARN  dropwizard3.Dm3MetricRegistriesImpl (Dm3MetricRegistriesImpl.java:addReporterRegistration(113)) - New reporters are added after registries were created. Some metrics will be missing from the reporter. Please add reporter before adding any new registry.
2024-03-15 21:40:13,783 [main] INFO  impl.MetricsSystemImpl (MetricsSystemImpl.java:init(158)) - HddsDatanode metrics system started (again)
2024-03-15 21:40:13,793 [main] INFO  ozone.HddsDatanodeService (HddsDatanodeService.java:start(240)) - HddsDatanodeService host:fv-az528-102.abqymjqvoexebeyq30kq3sdubb.bx.internal.cloudapp.net ip:10.1.0.11
2024-03-15 21:40:13,809 [main] INFO  upgrade.AbstractLayoutVersionManager (AbstractLayoutVersionManager.java:init(83)) - Initializing Layout version manager with metadata layout = HADOOP_PRC_PORTS_IN_DATANODEDETAILS (version = 7), software layout = HADOOP_PRC_PORTS_IN_DATANODEDETAILS (version = 7)
2024-03-15 21:40:13,809 [main] INFO  statemachine.DatanodeStateMachine (DatanodeStateMachine.java:getEndPointTaskThreadPoolSize(299)) - Datanode State Machine Task Thread Pool size 2
2024-03-15 21:40:13,810 [main] INFO  volume.HddsVolume (HddsVolume.java:<init>(125)) - Creating HddsVolume: /home/runner/work/ozone/ozone/hadoop-ozone/integration-test/target/test-dir/MiniOzoneClusterImpl-9d1dee8c-d44a-4a38-8f2b-42c9fdbb6771/ozone-meta/datanode-1/data-0/hdds of storage type : DISK capacity : 9223372036854775807
2024-03-15 21:40:13,810 [main] INFO  volume.MutableVolumeSet (MutableVolumeSet.java:initializeVolumeSet(173)) - Added Volume : /home/runner/work/ozone/ozone/hadoop-ozone/integration-test/target/test-dir/MiniOzoneClusterImpl-9d1dee8c-d44a-4a38-8f2b-42c9fdbb6771/ozone-meta/datanode-1/data-0/hdds to VolumeSet
2024-03-15 21:40:13,811 [main] INFO  volume.MutableVolumeSet (MutableVolumeSet.java:initializeVolumeSet(173)) - Added Volume : /home/runner/work/ozone/ozone/hadoop-ozone/integration-test/target/test-dir/MiniOzoneClusterImpl-9d1dee8c-d44a-4a38-8f2b-42c9fdbb6771/ozone-meta/datanode-1/ratis to VolumeSet
2024-03-15 21:40:13,811 [main] INFO  ozoneimpl.OzoneContainer (HddsVolumeUtil.java:loadAllHddsVolumeDbStore(103)) - Load 1 volumes DbStore cost: 0ms
2024-03-15 21:40:13,812 [main] INFO  server.RaftServer (ConfUtils.java:logGet(46)) - raft.rpc.type = GRPC (default)
2024-03-15 21:40:13,812 [main] INFO  grpc.GrpcConfigKeys (ConfUtils.java:logFallback(53)) - raft.grpc.admin.host = null (fallback to raft.grpc.server.host)
2024-03-15 21:40:13,813 [main] INFO  grpc.GrpcConfigKeys (ConfUtils.java:logGet(46)) - raft.grpc.admin.port = 15369 (custom)
2024-03-15 21:40:13,813 [main] INFO  grpc.GrpcConfigKeys (ConfUtils.java:logFallback(53)) - raft.grpc.client.host = null (fallback to raft.grpc.server.host)
2024-03-15 21:40:13,813 [main] INFO  grpc.GrpcConfigKeys (ConfUtils.java:logGet(46)) - raft.grpc.client.port = 15368 (custom)
2024-03-15 21:40:13,813 [main] INFO  grpc.GrpcConfigKeys (ConfUtils.java:logGet(46)) - raft.grpc.server.host = null (default)
2024-03-15 21:40:13,813 [main] INFO  grpc.GrpcConfigKeys (ConfUtils.java:logGet(46)) - raft.grpc.server.port = 15370 (custom)
2024-03-15 21:40:13,813 [main] INFO  server.GrpcService (ConfUtils.java:logGet(46)) - raft.grpc.message.size.max = 32MB (=33554432) (custom)
2024-03-15 21:40:13,813 [main] INFO  server.RaftServerConfigKeys (ConfUtils.java:logGet(46)) - raft.server.log.appender.buffer.byte-limit = 8388608 (custom)
2024-03-15 21:40:13,814 [main] INFO  server.GrpcService (ConfUtils.java:logGet(46)) - raft.grpc.flow.control.window = 5MB (=5242880) (custom)
2024-03-15 21:40:13,814 [main] INFO  server.RaftServerConfigKeys (ConfUtils.java:logGet(46)) - raft.server.rpc.request.timeout = 3000ms (default)
2024-03-15 21:40:13,814 [main] INFO  grpc.GrpcConfigKeys (ConfUtils.java:logGet(46)) - raft.grpc.server.heartbeat.channel = true (default)
2024-03-15 21:40:13,814 [main] INFO  grpc.GrpcConfigKeys (ConfUtils.java:logGet(46)) - raft.grpc.server.async.request.thread.pool.cached = true (default)
2024-03-15 21:40:13,814 [main] INFO  grpc.GrpcConfigKeys (ConfUtils.java:logGet(46)) - raft.grpc.server.async.request.thread.pool.size = 32 (default)
2024-03-15 21:40:13,816 [main] INFO  impl.DataStreamServerImpl (ConfUtils.java:logGet(46)) - raft.datastream.type = NETTY (custom)
2024-03-15 21:40:13,816 [main] INFO  server.RaftServerConfigKeys (ConfUtils.java:logGet(46)) - raft.server.data-stream.async.request.thread.pool.cached = false (default)
2024-03-15 21:40:13,816 [main] INFO  server.RaftServerConfigKeys (ConfUtils.java:logGet(46)) - raft.server.data-stream.async.request.thread.pool.size = 20 (custom)
2024-03-15 21:40:13,816 [main] INFO  server.RaftServerConfigKeys (ConfUtils.java:logGet(46)) - raft.server.data-stream.async.write.thread.pool.size = 16 (default)
2024-03-15 21:40:13,816 [main] INFO  netty.NettyConfigKeys$DataStream (ConfUtils.java:logGet(46)) - raft.netty.dataStream.server.channel.inactive.grace-period = 10min (default)
2024-03-15 21:40:13,816 [main] INFO  server.RaftServerConfigKeys (ConfUtils.java:logGet(46)) - raft.server.data-stream.client.pool.size = 10 (default)
2024-03-15 21:40:13,817 [main] INFO  netty.NettyConfigKeys$DataStream (ConfUtils.java:logGet(46)) - raft.netty.dataStream.server.use-epoll = true (default)
2024-03-15 21:40:13,817 [main] INFO  netty.NettyConfigKeys$DataStream (ConfUtils.java:logGet(46)) - raft.netty.dataStream.server.boss-group.size = 0 (default)
2024-03-15 21:40:13,817 [main] INFO  netty.NettyUtils (NettyUtils.java:newEventLoopGroup(69)) - Create EpollEventLoopGroup for 3d634cb2-775f-4b5a-90b9-1e5452c00050-NettyServerStreamRpc-bossGroup; Thread size is 0.
2024-03-15 21:40:13,817 [main] INFO  netty.NettyConfigKeys$DataStream (ConfUtils.java:logGet(46)) - raft.netty.dataStream.server.worker-group.size = 0 (default)
2024-03-15 21:40:13,817 [main] INFO  netty.NettyUtils (NettyUtils.java:newEventLoopGroup(69)) - Create EpollEventLoopGroup for 3d634cb2-775f-4b5a-90b9-1e5452c00050-NettyServerStreamRpc-workerGroup; Thread size is 0.
2024-03-15 21:40:13,818 [main] INFO  netty.NettyConfigKeys$DataStream (ConfUtils.java:logGet(46)) - raft.netty.dataStream.server.tls.conf = null (default)
2024-03-15 21:40:13,818 [main] INFO  netty.NettyConfigKeys$DataStream (ConfUtils.java:logGet(46)) - raft.netty.dataStream.host = null (default)
2024-03-15 21:40:13,818 [main] INFO  netty.NettyConfigKeys$DataStream (ConfUtils.java:logGet(46)) - raft.netty.dataStream.port = 15371 (custom)
2024-03-15 21:40:13,819 [main] INFO  server.RaftServerConfigKeys (ConfUtils.java:logGet(46)) - raft.server.sleep.deviation.threshold = 300ms (default)
2024-03-15 21:40:13,819 [3d634cb2-775f-4b5a-90b9-1e5452c00050-NettyServerStreamRpc-bossGroup--thread1] INFO  logging.LoggingHandler (AbstractInternalLogger.java:log(148)) - [id: 0xfa344ea8] REGISTERED
2024-03-15 21:40:13,819 [main] INFO  server.RaftServerConfigKeys (ConfUtils.java:logGet(46)) - raft.server.close.threshold = 60s (default)
2024-03-15 21:40:13,819 [3d634cb2-775f-4b5a-90b9-1e5452c00050-NettyServerStreamRpc-bossGroup--thread1] INFO  logging.LoggingHandler (AbstractInternalLogger.java:log(148)) - [id: 0xfa344ea8] BIND: 0.0.0.0/0.0.0.0:15371
2024-03-15 21:40:13,819 [main] INFO  server.RaftServerConfigKeys (ConfUtils.java:logGet(46)) - raft.server.leaderelection.leader.step-down.wait-time = 10s (default)
2024-03-15 21:40:13,819 [3d634cb2-775f-4b5a-90b9-1e5452c00050-NettyServerStreamRpc-bossGroup--thread1] INFO  logging.LoggingHandler (AbstractInternalLogger.java:log(148)) - [id: 0xfa344ea8, L:/0.0.0.0:15371] ACTIVE
2024-03-15 21:40:13,819 [main] INFO  server.RaftServerConfigKeys (ConfUtils.java:logGet(46)) - raft.server.storage.dir = [/home/runner/work/ozone/ozone/hadoop-ozone/integration-test/target/test-dir/MiniOzoneClusterImpl-9d1dee8c-d44a-4a38-8f2b-42c9fdbb6771/ozone-meta/datanode-1/ratis] (custom)
2024-03-15 21:40:13,820 [main] INFO  server.RaftServerConfigKeys (ConfUtils.java:logGet(46)) - raft.server.threadpool.proxy.cached = true (default)
2024-03-15 21:40:13,820 [main] INFO  server.RaftServerConfigKeys (ConfUtils.java:logGet(46)) - raft.server.threadpool.proxy.size = 0 (default)
2024-03-15 21:40:13,820 [3d634cb2-775f-4b5a-90b9-1e5452c00050-impl-thread1] INFO  server.RaftServer (RaftServerProxy.java:initGroupDir(264)) - 3d634cb2-775f-4b5a-90b9-1e5452c00050: found a subdirectory /home/runner/work/ozone/ozone/hadoop-ozone/integration-test/target/test-dir/MiniOzoneClusterImpl-9d1dee8c-d44a-4a38-8f2b-42c9fdbb6771/ozone-meta/datanode-1/ratis/tmp
2024-03-15 21:40:13,820 [3d634cb2-775f-4b5a-90b9-1e5452c00050-impl-thread1] INFO  server.RaftServer (RaftServerProxy.java:initGroupDir(269)) - 3d634cb2-775f-4b5a-90b9-1e5452c00050: The directory /home/runner/work/ozone/ozone/hadoop-ozone/integration-test/target/test-dir/MiniOzoneClusterImpl-9d1dee8c-d44a-4a38-8f2b-42c9fdbb6771/ozone-meta/datanode-1/ratis/tmp is not a group directory; ignoring it. 
2024-03-15 21:40:13,820 [main] INFO  replication.ReplicationServer (ReplicationServer.java:<init>(86)) - Initializing replication server with thread count = 10 queue length = 4096
2024-03-15 21:40:13,821 [main] INFO  server.XceiverServerGrpc (XceiverServerGrpc.java:<init>(141)) - GrpcServer channel type EpollServerSocketChannel
2024-03-15 21:40:13,822 [main] INFO  replication.ReplicationSupervisor (ReplicationSupervisor.java:build(163)) - Initializing replication supervisor with thread count = 10
2024-03-15 21:40:13,822 [main] INFO  replication.ReplicationSupervisor (ReplicationSupervisor.java:nodeStateUpdated(317)) - Node state updated to IN_SERVICE, scaling executor pool size to 10
2024-03-15 21:40:13,823 [main] INFO  http.BaseHttpServer (BaseHttpServer.java:newHttpServer2BuilderForOzone(223)) - Starting Web-server for hddsDatanode at: http://0.0.0.0:15365
2024-03-15 21:40:13,824 [main] INFO  http.BaseHttpServer (BaseHttpServer.java:<init>(110)) - Hadoop Security Enabled: false Ozone Security Enabled: false Ozone HTTP Security Enabled: false 
2024-03-15 21:40:13,824 [main] WARN  server.AuthenticationFilter (AuthenticationFilter.java:constructSecretProvider(240)) - Unable to initialize FileSignerSecretProvider, falling back to use random secrets. Reason: Could not read signature secret file: /home/runner/hadoop-http-auth-signature-secret
2024-03-15 21:40:13,825 [main] INFO  http.HttpRequestLog (HttpRequestLog.java:getRequestLog(86)) - Http request log for http.requests.hddsDatanode is not defined
2024-03-15 21:40:13,825 [main] INFO  http.HttpServer2 (HttpServer2.java:addGlobalFilter(1036)) - Added global filter 'safety' (class=org.apache.hadoop.hdds.server.http.HttpServer2$QuotingInputFilter)
2024-03-15 21:40:13,826 [main] INFO  http.HttpServer2 (HttpServer2.java:addFilter(1012)) - Added filter static_user_filter (class=org.apache.hadoop.http.lib.StaticUserWebFilter$StaticUserFilter) to context hddsDatanode
2024-03-15 21:40:13,826 [main] INFO  http.HttpServer2 (HttpServer2.java:addFilter(1020)) - Added filter static_user_filter (class=org.apache.hadoop.http.lib.StaticUserWebFilter$StaticUserFilter) to context static
2024-03-15 21:40:13,826 [main] INFO  http.HttpServer2 (HttpServer2.java:addFilter(1020)) - Added filter static_user_filter (class=org.apache.hadoop.http.lib.StaticUserWebFilter$StaticUserFilter) to context logs
2024-03-15 21:40:13,826 [main] INFO  http.BaseHttpServer (BaseHttpServer.java:<init>(189)) - HTTP server of hddsDatanode uses base directory /home/runner/work/ozone/ozone/hadoop-ozone/integration-test/target/test-dir/MiniOzoneClusterImpl-9d1dee8c-d44a-4a38-8f2b-42c9fdbb6771/ozone-meta/datanode-1/meta/webserver
2024-03-15 21:40:13,826 [main] INFO  http.HttpServer2 (HttpServer2.java:bindListener(1236)) - Jetty bound to port 15365
2024-03-15 21:40:13,826 [main] INFO  server.Server (Server.java:doStart(375)) - jetty-9.4.53.v20231009; built: 2023-10-09T12:29:09.265Z; git: 27bde00a0b95a1d5bbee0eae7984f891d2d0f8c9; jvm 1.8.0_402-b06
2024-03-15 21:40:13,827 [main] INFO  server.session (DefaultSessionIdManager.java:doStart(334)) - DefaultSessionIdManager workerName=node0
2024-03-15 21:40:13,827 [main] INFO  server.session (DefaultSessionIdManager.java:doStart(339)) - No SessionScavenger set, using defaults
2024-03-15 21:40:13,828 [main] INFO  server.session (HouseKeeper.java:startScavenging(132)) - node0 Scavenging every 600000ms
2024-03-15 21:40:13,828 [main] INFO  handler.ContextHandler (ContextHandler.java:doStart(921)) - Started o.e.j.s.ServletContextHandler@6e9e4a41{logs,/logs,file:///home/runner/work/ozone/ozone/hadoop-ozone/integration-test/target/log,AVAILABLE}
2024-03-15 21:40:13,828 [main] INFO  handler.ContextHandler (ContextHandler.java:doStart(921)) - Started o.e.j.s.ServletContextHandler@1cc7ed26{static,/static,jar:file:/home/runner/.m2/repository/org/apache/ozone/hdds-container-service/1.5.0-SNAPSHOT/hdds-container-service-1.5.0-SNAPSHOT.jar!/webapps/static,AVAILABLE}
2024-03-15 21:40:13,860 [main] INFO  handler.ContextHandler (ContextHandler.java:doStart(921)) - Started o.e.j.w.WebAppContext@3e0a03f9{hddsDatanode,/,file:///home/runner/work/ozone/ozone/hadoop-ozone/integration-test/target/test-dir/MiniOzoneClusterImpl-9d1dee8c-d44a-4a38-8f2b-42c9fdbb6771/ozone-meta/datanode-1/meta/webserver/jetty-0_0_0_0-15365-hdds-container-service-1_5_0-SNAPSHOT_jar-_-any-22614864459690249/webapp/,AVAILABLE}{jar:file:/home/runner/.m2/repository/org/apache/ozone/hdds-container-service/1.5.0-SNAPSHOT/hdds-container-service-1.5.0-SNAPSHOT.jar!/webapps/hddsDatanode}
2024-03-15 21:40:13,861 [main] INFO  server.AbstractConnector (AbstractConnector.java:doStart(333)) - Started ServerConnector@12242a4d{HTTP/1.1, (http/1.1)}{0.0.0.0:15365}
2024-03-15 21:40:13,862 [main] INFO  server.Server (Server.java:doStart(415)) - Started @129925ms
2024-03-15 21:40:13,862 [main] WARN  impl.MetricsSystemImpl (MetricsSystemImpl.java:register(279)) - Sink prometheus already exists!
2024-03-15 21:40:13,862 [main] INFO  http.BaseHttpServer (BaseHttpServer.java:updateConnectorAddress(354)) - HTTP server of hddsDatanode listening at http://0.0.0.0:15365
2024-03-15 21:40:13,862 [main] INFO  ipc.CallQueueManager (CallQueueManager.java:<init>(90)) - Using callQueue: class java.util.concurrent.LinkedBlockingQueue, queueCapacity: 100, scheduler: class org.apache.hadoop.ipc.DefaultRpcScheduler, ipcBackoff: false.
2024-03-15 21:40:13,863 [main] INFO  ipc.Server (Server.java:<init>(1287)) - Listener at 0.0.0.0:15366
2024-03-15 21:40:13,863 [Socket Reader #1 for port 15366] INFO  ipc.Server (Server.java:run(1323)) - Starting Socket Reader #1 for port 15366
2024-03-15 21:40:13,864 [main] INFO  ozone.HddsDatanodeService (HddsDatanodeService.java:start(327)) - Datanode start with admins: [runner]
2024-03-15 21:40:13,864 [main] INFO  ozone.HddsDatanodeClientProtocolServer (HddsDatanodeClientProtocolServer.java:start(77)) - RPC server for Client /0.0.0.0:15366
2024-03-15 21:40:13,865 [IPC Server Responder] INFO  ipc.Server (Server.java:run(1562)) - IPC Server Responder: starting
2024-03-15 21:40:13,865 [IPC Server listener on 15366] INFO  ipc.Server (Server.java:run(1402)) - IPC Server listener on 15366: starting
2024-03-15 21:40:13,866 [3d634cb2-775f-4b5a-90b9-1e5452c00050-DatanodeStateMachineDaemonThread] INFO  statemachine.DatanodeStateMachine (DatanodeStateMachine.java:lambda$startDaemon$1(555)) - Ozone container server started.
2024-03-15 21:40:13,866 [main] WARN  dropwizard3.Dm3MetricRegistriesImpl (Dm3MetricRegistriesImpl.java:addReporterRegistration(113)) - New reporters are added after registries were created. Some metrics will be missing from the reporter. Please add reporter before adding any new registry.
2024-03-15 21:40:13,867 [main] WARN  dropwizard3.Dm3MetricRegistriesImpl (Dm3MetricRegistriesImpl.java:addReporterRegistration(113)) - New reporters are added after registries were created. Some metrics will be missing from the reporter. Please add reporter before adding any new registry.
2024-03-15 21:40:13,867 [main] INFO  impl.MetricsSystemImpl (MetricsSystemImpl.java:init(158)) - HddsDatanode metrics system started (again)
2024-03-15 21:40:13,869 [3d634cb2-775f-4b5a-90b9-1e5452c00050-DatanodeStateMachineTaskThread-0] INFO  datanode.InitDatanodeState (InitDatanodeState.java:persistContainerDatanodeDetails(139)) - DatanodeDetails is persisted to /home/runner/work/ozone/ozone/hadoop-ozone/integration-test/target/test-dir/MiniOzoneClusterImpl-9d1dee8c-d44a-4a38-8f2b-42c9fdbb6771/ozone-meta/datanode-1/meta/datanode.id
2024-03-15 21:40:13,876 [main] INFO  ozone.HddsDatanodeService (HddsDatanodeService.java:start(240)) - HddsDatanodeService host:fv-az528-102.abqymjqvoexebeyq30kq3sdubb.bx.internal.cloudapp.net ip:10.1.0.11
2024-03-15 21:40:13,890 [main] INFO  upgrade.AbstractLayoutVersionManager (AbstractLayoutVersionManager.java:init(83)) - Initializing Layout version manager with metadata layout = HADOOP_PRC_PORTS_IN_DATANODEDETAILS (version = 7), software layout = HADOOP_PRC_PORTS_IN_DATANODEDETAILS (version = 7)
2024-03-15 21:40:13,890 [main] INFO  statemachine.DatanodeStateMachine (DatanodeStateMachine.java:getEndPointTaskThreadPoolSize(299)) - Datanode State Machine Task Thread Pool size 2
2024-03-15 21:40:13,891 [main] INFO  volume.HddsVolume (HddsVolume.java:<init>(125)) - Creating HddsVolume: /home/runner/work/ozone/ozone/hadoop-ozone/integration-test/target/test-dir/MiniOzoneClusterImpl-9d1dee8c-d44a-4a38-8f2b-42c9fdbb6771/ozone-meta/datanode-2/data-0/hdds of storage type : DISK capacity : 9223372036854775807
2024-03-15 21:40:13,892 [main] INFO  volume.MutableVolumeSet (MutableVolumeSet.java:initializeVolumeSet(173)) - Added Volume : /home/runner/work/ozone/ozone/hadoop-ozone/integration-test/target/test-dir/MiniOzoneClusterImpl-9d1dee8c-d44a-4a38-8f2b-42c9fdbb6771/ozone-meta/datanode-2/data-0/hdds to VolumeSet
2024-03-15 21:40:13,892 [main] INFO  volume.MutableVolumeSet (MutableVolumeSet.java:initializeVolumeSet(173)) - Added Volume : /home/runner/work/ozone/ozone/hadoop-ozone/integration-test/target/test-dir/MiniOzoneClusterImpl-9d1dee8c-d44a-4a38-8f2b-42c9fdbb6771/ozone-meta/datanode-2/ratis to VolumeSet
2024-03-15 21:40:13,893 [main] INFO  ozoneimpl.OzoneContainer (HddsVolumeUtil.java:loadAllHddsVolumeDbStore(103)) - Load 1 volumes DbStore cost: 1ms
2024-03-15 21:40:13,894 [main] INFO  server.RaftServer (ConfUtils.java:logGet(46)) - raft.rpc.type = GRPC (default)
2024-03-15 21:40:13,894 [main] INFO  grpc.GrpcConfigKeys (ConfUtils.java:logFallback(53)) - raft.grpc.admin.host = null (fallback to raft.grpc.server.host)
2024-03-15 21:40:13,894 [main] INFO  grpc.GrpcConfigKeys (ConfUtils.java:logGet(46)) - raft.grpc.admin.port = 15378 (custom)
2024-03-15 21:40:13,895 [main] INFO  grpc.GrpcConfigKeys (ConfUtils.java:logFallback(53)) - raft.grpc.client.host = null (fallback to raft.grpc.server.host)
2024-03-15 21:40:13,895 [main] INFO  grpc.GrpcConfigKeys (ConfUtils.java:logGet(46)) - raft.grpc.client.port = 15377 (custom)
2024-03-15 21:40:13,895 [main] INFO  grpc.GrpcConfigKeys (ConfUtils.java:logGet(46)) - raft.grpc.server.host = null (default)
2024-03-15 21:40:13,895 [main] INFO  grpc.GrpcConfigKeys (ConfUtils.java:logGet(46)) - raft.grpc.server.port = 15379 (custom)
2024-03-15 21:40:13,895 [main] INFO  server.GrpcService (ConfUtils.java:logGet(46)) - raft.grpc.message.size.max = 32MB (=33554432) (custom)
2024-03-15 21:40:13,895 [main] INFO  server.RaftServerConfigKeys (ConfUtils.java:logGet(46)) - raft.server.log.appender.buffer.byte-limit = 8388608 (custom)
2024-03-15 21:40:13,895 [main] INFO  server.GrpcService (ConfUtils.java:logGet(46)) - raft.grpc.flow.control.window = 5MB (=5242880) (custom)
2024-03-15 21:40:13,895 [main] INFO  server.RaftServerConfigKeys (ConfUtils.java:logGet(46)) - raft.server.rpc.request.timeout = 3000ms (default)
2024-03-15 21:40:13,896 [main] INFO  grpc.GrpcConfigKeys (ConfUtils.java:logGet(46)) - raft.grpc.server.heartbeat.channel = true (default)
2024-03-15 21:40:13,896 [main] INFO  grpc.GrpcConfigKeys (ConfUtils.java:logGet(46)) - raft.grpc.server.async.request.thread.pool.cached = true (default)
2024-03-15 21:40:13,896 [main] INFO  grpc.GrpcConfigKeys (ConfUtils.java:logGet(46)) - raft.grpc.server.async.request.thread.pool.size = 32 (default)
2024-03-15 21:40:13,898 [main] INFO  impl.DataStreamServerImpl (ConfUtils.java:logGet(46)) - raft.datastream.type = NETTY (custom)
2024-03-15 21:40:13,898 [main] INFO  server.RaftServerConfigKeys (ConfUtils.java:logGet(46)) - raft.server.data-stream.async.request.thread.pool.cached = false (default)
2024-03-15 21:40:13,898 [main] INFO  server.RaftServerConfigKeys (ConfUtils.java:logGet(46)) - raft.server.data-stream.async.request.thread.pool.size = 20 (custom)
2024-03-15 21:40:13,898 [main] INFO  server.RaftServerConfigKeys (ConfUtils.java:logGet(46)) - raft.server.data-stream.async.write.thread.pool.size = 16 (default)
2024-03-15 21:40:13,898 [main] INFO  netty.NettyConfigKeys$DataStream (ConfUtils.java:logGet(46)) - raft.netty.dataStream.server.channel.inactive.grace-period = 10min (default)
2024-03-15 21:40:13,899 [main] INFO  server.RaftServerConfigKeys (ConfUtils.java:logGet(46)) - raft.server.data-stream.client.pool.size = 10 (default)
2024-03-15 21:40:13,899 [main] INFO  netty.NettyConfigKeys$DataStream (ConfUtils.java:logGet(46)) - raft.netty.dataStream.server.use-epoll = true (default)
2024-03-15 21:40:13,899 [main] INFO  netty.NettyConfigKeys$DataStream (ConfUtils.java:logGet(46)) - raft.netty.dataStream.server.boss-group.size = 0 (default)
2024-03-15 21:40:13,899 [main] INFO  netty.NettyUtils (NettyUtils.java:newEventLoopGroup(69)) - Create EpollEventLoopGroup for e2c18930-f62b-4e67-9845-17087b23bc88-NettyServerStreamRpc-bossGroup; Thread size is 0.
2024-03-15 21:40:13,899 [main] INFO  netty.NettyConfigKeys$DataStream (ConfUtils.java:logGet(46)) - raft.netty.dataStream.server.worker-group.size = 0 (default)
2024-03-15 21:40:13,900 [main] INFO  netty.NettyUtils (NettyUtils.java:newEventLoopGroup(69)) - Create EpollEventLoopGroup for e2c18930-f62b-4e67-9845-17087b23bc88-NettyServerStreamRpc-workerGroup; Thread size is 0.
2024-03-15 21:40:13,900 [main] INFO  netty.NettyConfigKeys$DataStream (ConfUtils.java:logGet(46)) - raft.netty.dataStream.server.tls.conf = null (default)
2024-03-15 21:40:13,900 [main] INFO  netty.NettyConfigKeys$DataStream (ConfUtils.java:logGet(46)) - raft.netty.dataStream.host = null (default)
2024-03-15 21:40:13,900 [main] INFO  netty.NettyConfigKeys$DataStream (ConfUtils.java:logGet(46)) - raft.netty.dataStream.port = 15380 (custom)
2024-03-15 21:40:13,900 [main] INFO  server.RaftServerConfigKeys (ConfUtils.java:logGet(46)) - raft.server.sleep.deviation.threshold = 300ms (default)
2024-03-15 21:40:13,900 [e2c18930-f62b-4e67-9845-17087b23bc88-NettyServerStreamRpc-bossGroup--thread1] INFO  logging.LoggingHandler (AbstractInternalLogger.java:log(148)) - [id: 0x25222949] REGISTERED
2024-03-15 21:40:13,901 [main] INFO  server.RaftServerConfigKeys (ConfUtils.java:logGet(46)) - raft.server.close.threshold = 60s (default)
2024-03-15 21:40:13,901 [e2c18930-f62b-4e67-9845-17087b23bc88-NettyServerStreamRpc-bossGroup--thread1] INFO  logging.LoggingHandler (AbstractInternalLogger.java:log(148)) - [id: 0x25222949] BIND: 0.0.0.0/0.0.0.0:15380
2024-03-15 21:40:13,901 [main] INFO  server.RaftServerConfigKeys (ConfUtils.java:logGet(46)) - raft.server.leaderelection.leader.step-down.wait-time = 10s (default)
2024-03-15 21:40:13,901 [e2c18930-f62b-4e67-9845-17087b23bc88-NettyServerStreamRpc-bossGroup--thread1] INFO  logging.LoggingHandler (AbstractInternalLogger.java:log(148)) - [id: 0x25222949, L:/0.0.0.0:15380] ACTIVE
2024-03-15 21:40:13,901 [main] INFO  server.RaftServerConfigKeys (ConfUtils.java:logGet(46)) - raft.server.storage.dir = [/home/runner/work/ozone/ozone/hadoop-ozone/integration-test/target/test-dir/MiniOzoneClusterImpl-9d1dee8c-d44a-4a38-8f2b-42c9fdbb6771/ozone-meta/datanode-2/ratis] (custom)
2024-03-15 21:40:13,901 [main] INFO  server.RaftServerConfigKeys (ConfUtils.java:logGet(46)) - raft.server.threadpool.proxy.cached = true (default)
2024-03-15 21:40:13,901 [main] INFO  server.RaftServerConfigKeys (ConfUtils.java:logGet(46)) - raft.server.threadpool.proxy.size = 0 (default)
2024-03-15 21:40:13,902 [e2c18930-f62b-4e67-9845-17087b23bc88-impl-thread1] INFO  server.RaftServer (RaftServerProxy.java:initGroupDir(264)) - e2c18930-f62b-4e67-9845-17087b23bc88: found a subdirectory /home/runner/work/ozone/ozone/hadoop-ozone/integration-test/target/test-dir/MiniOzoneClusterImpl-9d1dee8c-d44a-4a38-8f2b-42c9fdbb6771/ozone-meta/datanode-2/ratis/tmp
2024-03-15 21:40:13,902 [e2c18930-f62b-4e67-9845-17087b23bc88-impl-thread1] INFO  server.RaftServer (RaftServerProxy.java:initGroupDir(269)) - e2c18930-f62b-4e67-9845-17087b23bc88: The directory /home/runner/work/ozone/ozone/hadoop-ozone/integration-test/target/test-dir/MiniOzoneClusterImpl-9d1dee8c-d44a-4a38-8f2b-42c9fdbb6771/ozone-meta/datanode-2/ratis/tmp is not a group directory; ignoring it. 
2024-03-15 21:40:13,902 [main] INFO  replication.ReplicationServer (ReplicationServer.java:<init>(86)) - Initializing replication server with thread count = 10 queue length = 4096
2024-03-15 21:40:13,902 [main] INFO  server.XceiverServerGrpc (XceiverServerGrpc.java:<init>(141)) - GrpcServer channel type EpollServerSocketChannel
2024-03-15 21:40:13,903 [main] INFO  replication.ReplicationSupervisor (ReplicationSupervisor.java:build(163)) - Initializing replication supervisor with thread count = 10
2024-03-15 21:40:13,904 [main] INFO  replication.ReplicationSupervisor (ReplicationSupervisor.java:nodeStateUpdated(317)) - Node state updated to IN_SERVICE, scaling executor pool size to 10
2024-03-15 21:40:13,905 [main] INFO  http.BaseHttpServer (BaseHttpServer.java:newHttpServer2BuilderForOzone(223)) - Starting Web-server for hddsDatanode at: http://0.0.0.0:15374
2024-03-15 21:40:13,905 [main] INFO  http.BaseHttpServer (BaseHttpServer.java:<init>(110)) - Hadoop Security Enabled: false Ozone Security Enabled: false Ozone HTTP Security Enabled: false 
2024-03-15 21:40:13,905 [main] WARN  server.AuthenticationFilter (AuthenticationFilter.java:constructSecretProvider(240)) - Unable to initialize FileSignerSecretProvider, falling back to use random secrets. Reason: Could not read signature secret file: /home/runner/hadoop-http-auth-signature-secret
2024-03-15 21:40:13,906 [main] INFO  http.HttpRequestLog (HttpRequestLog.java:getRequestLog(86)) - Http request log for http.requests.hddsDatanode is not defined
2024-03-15 21:40:13,906 [main] INFO  http.HttpServer2 (HttpServer2.java:addGlobalFilter(1036)) - Added global filter 'safety' (class=org.apache.hadoop.hdds.server.http.HttpServer2$QuotingInputFilter)
2024-03-15 21:40:13,907 [main] INFO  http.HttpServer2 (HttpServer2.java:addFilter(1012)) - Added filter static_user_filter (class=org.apache.hadoop.http.lib.StaticUserWebFilter$StaticUserFilter) to context hddsDatanode
2024-03-15 21:40:13,907 [main] INFO  http.HttpServer2 (HttpServer2.java:addFilter(1020)) - Added filter static_user_filter (class=org.apache.hadoop.http.lib.StaticUserWebFilter$StaticUserFilter) to context static
2024-03-15 21:40:13,907 [main] INFO  http.HttpServer2 (HttpServer2.java:addFilter(1020)) - Added filter static_user_filter (class=org.apache.hadoop.http.lib.StaticUserWebFilter$StaticUserFilter) to context logs
2024-03-15 21:40:13,907 [main] INFO  http.BaseHttpServer (BaseHttpServer.java:<init>(189)) - HTTP server of hddsDatanode uses base directory /home/runner/work/ozone/ozone/hadoop-ozone/integration-test/target/test-dir/MiniOzoneClusterImpl-9d1dee8c-d44a-4a38-8f2b-42c9fdbb6771/ozone-meta/datanode-2/meta/webserver
2024-03-15 21:40:13,908 [main] INFO  http.HttpServer2 (HttpServer2.java:bindListener(1236)) - Jetty bound to port 15374
2024-03-15 21:40:13,908 [main] INFO  server.Server (Server.java:doStart(375)) - jetty-9.4.53.v20231009; built: 2023-10-09T12:29:09.265Z; git: 27bde00a0b95a1d5bbee0eae7984f891d2d0f8c9; jvm 1.8.0_402-b06
2024-03-15 21:40:13,909 [main] INFO  server.session (DefaultSessionIdManager.java:doStart(334)) - DefaultSessionIdManager workerName=node0
2024-03-15 21:40:13,909 [main] INFO  server.session (DefaultSessionIdManager.java:doStart(339)) - No SessionScavenger set, using defaults
2024-03-15 21:40:13,909 [main] INFO  server.session (HouseKeeper.java:startScavenging(132)) - node0 Scavenging every 600000ms
2024-03-15 21:40:13,910 [main] INFO  handler.ContextHandler (ContextHandler.java:doStart(921)) - Started o.e.j.s.ServletContextHandler@a32d045{logs,/logs,file:///home/runner/work/ozone/ozone/hadoop-ozone/integration-test/target/log,AVAILABLE}
2024-03-15 21:40:13,910 [main] INFO  handler.ContextHandler (ContextHandler.java:doStart(921)) - Started o.e.j.s.ServletContextHandler@4f814423{static,/static,jar:file:/home/runner/.m2/repository/org/apache/ozone/hdds-container-service/1.5.0-SNAPSHOT/hdds-container-service-1.5.0-SNAPSHOT.jar!/webapps/static,AVAILABLE}
2024-03-15 21:40:13,944 [main] INFO  handler.ContextHandler (ContextHandler.java:doStart(921)) - Started o.e.j.w.WebAppContext@bc0e21b{hddsDatanode,/,file:///home/runner/work/ozone/ozone/hadoop-ozone/integration-test/target/test-dir/MiniOzoneClusterImpl-9d1dee8c-d44a-4a38-8f2b-42c9fdbb6771/ozone-meta/datanode-2/meta/webserver/jetty-0_0_0_0-15374-hdds-container-service-1_5_0-SNAPSHOT_jar-_-any-7208012331483493431/webapp/,AVAILABLE}{jar:file:/home/runner/.m2/repository/org/apache/ozone/hdds-container-service/1.5.0-SNAPSHOT/hdds-container-service-1.5.0-SNAPSHOT.jar!/webapps/hddsDatanode}
2024-03-15 21:40:13,946 [main] INFO  server.AbstractConnector (AbstractConnector.java:doStart(333)) - Started ServerConnector@1ca04c51{HTTP/1.1, (http/1.1)}{0.0.0.0:15374}
2024-03-15 21:40:13,946 [main] INFO  server.Server (Server.java:doStart(415)) - Started @130010ms
2024-03-15 21:40:13,946 [main] WARN  impl.MetricsSystemImpl (MetricsSystemImpl.java:register(279)) - Sink prometheus already exists!
2024-03-15 21:40:13,947 [main] INFO  http.BaseHttpServer (BaseHttpServer.java:updateConnectorAddress(354)) - HTTP server of hddsDatanode listening at http://0.0.0.0:15374
2024-03-15 21:40:13,947 [main] INFO  ipc.CallQueueManager (CallQueueManager.java:<init>(90)) - Using callQueue: class java.util.concurrent.LinkedBlockingQueue, queueCapacity: 100, scheduler: class org.apache.hadoop.ipc.DefaultRpcScheduler, ipcBackoff: false.
2024-03-15 21:40:13,947 [main] INFO  ipc.Server (Server.java:<init>(1287)) - Listener at 0.0.0.0:15375
2024-03-15 21:40:13,948 [Socket Reader #1 for port 15375] INFO  ipc.Server (Server.java:run(1323)) - Starting Socket Reader #1 for port 15375
2024-03-15 21:40:13,950 [main] INFO  ozone.HddsDatanodeService (HddsDatanodeService.java:start(327)) - Datanode start with admins: [runner]
2024-03-15 21:40:13,950 [main] INFO  ozone.HddsDatanodeClientProtocolServer (HddsDatanodeClientProtocolServer.java:start(77)) - RPC server for Client /0.0.0.0:15375
2024-03-15 21:40:13,950 [IPC Server Responder] INFO  ipc.Server (Server.java:run(1562)) - IPC Server Responder: starting
2024-03-15 21:40:13,953 [IPC Server listener on 15375] INFO  ipc.Server (Server.java:run(1402)) - IPC Server listener on 15375: starting
2024-03-15 21:40:13,953 [main] WARN  dropwizard3.Dm3MetricRegistriesImpl (Dm3MetricRegistriesImpl.java:addReporterRegistration(113)) - New reporters are added after registries were created. Some metrics will be missing from the reporter. Please add reporter before adding any new registry.
2024-03-15 21:40:13,954 [e2c18930-f62b-4e67-9845-17087b23bc88-DatanodeStateMachineDaemonThread] INFO  statemachine.DatanodeStateMachine (DatanodeStateMachine.java:lambda$startDaemon$1(555)) - Ozone container server started.
2024-03-15 21:40:13,954 [main] WARN  dropwizard3.Dm3MetricRegistriesImpl (Dm3MetricRegistriesImpl.java:addReporterRegistration(113)) - New reporters are added after registries were created. Some metrics will be missing from the reporter. Please add reporter before adding any new registry.
2024-03-15 21:40:13,955 [main] INFO  impl.MetricsSystemImpl (MetricsSystemImpl.java:init(158)) - HddsDatanode metrics system started (again)
2024-03-15 21:40:13,958 [e2c18930-f62b-4e67-9845-17087b23bc88-DatanodeStateMachineTaskThread-0] INFO  datanode.InitDatanodeState (InitDatanodeState.java:persistContainerDatanodeDetails(139)) - DatanodeDetails is persisted to /home/runner/work/ozone/ozone/hadoop-ozone/integration-test/target/test-dir/MiniOzoneClusterImpl-9d1dee8c-d44a-4a38-8f2b-42c9fdbb6771/ozone-meta/datanode-2/meta/datanode.id
2024-03-15 21:40:13,965 [main] INFO  ozone.HddsDatanodeService (HddsDatanodeService.java:start(240)) - HddsDatanodeService host:fv-az528-102.abqymjqvoexebeyq30kq3sdubb.bx.internal.cloudapp.net ip:10.1.0.11
2024-03-15 21:40:13,981 [main] INFO  upgrade.AbstractLayoutVersionManager (AbstractLayoutVersionManager.java:init(83)) - Initializing Layout version manager with metadata layout = HADOOP_PRC_PORTS_IN_DATANODEDETAILS (version = 7), software layout = HADOOP_PRC_PORTS_IN_DATANODEDETAILS (version = 7)
2024-03-15 21:40:13,981 [main] INFO  statemachine.DatanodeStateMachine (DatanodeStateMachine.java:getEndPointTaskThreadPoolSize(299)) - Datanode State Machine Task Thread Pool size 2
2024-03-15 21:40:13,982 [main] INFO  volume.HddsVolume (HddsVolume.java:<init>(125)) - Creating HddsVolume: /home/runner/work/ozone/ozone/hadoop-ozone/integration-test/target/test-dir/MiniOzoneClusterImpl-9d1dee8c-d44a-4a38-8f2b-42c9fdbb6771/ozone-meta/datanode-3/data-0/hdds of storage type : DISK capacity : 9223372036854775807
2024-03-15 21:40:13,982 [main] INFO  volume.MutableVolumeSet (MutableVolumeSet.java:initializeVolumeSet(173)) - Added Volume : /home/runner/work/ozone/ozone/hadoop-ozone/integration-test/target/test-dir/MiniOzoneClusterImpl-9d1dee8c-d44a-4a38-8f2b-42c9fdbb6771/ozone-meta/datanode-3/data-0/hdds to VolumeSet
2024-03-15 21:40:13,983 [main] INFO  volume.MutableVolumeSet (MutableVolumeSet.java:initializeVolumeSet(173)) - Added Volume : /home/runner/work/ozone/ozone/hadoop-ozone/integration-test/target/test-dir/MiniOzoneClusterImpl-9d1dee8c-d44a-4a38-8f2b-42c9fdbb6771/ozone-meta/datanode-3/ratis to VolumeSet
2024-03-15 21:40:13,983 [main] INFO  ozoneimpl.OzoneContainer (HddsVolumeUtil.java:loadAllHddsVolumeDbStore(103)) - Load 1 volumes DbStore cost: 0ms
2024-03-15 21:40:13,985 [main] INFO  server.RaftServer (ConfUtils.java:logGet(46)) - raft.rpc.type = GRPC (default)
2024-03-15 21:40:13,985 [main] INFO  grpc.GrpcConfigKeys (ConfUtils.java:logFallback(53)) - raft.grpc.admin.host = null (fallback to raft.grpc.server.host)
2024-03-15 21:40:13,985 [main] INFO  grpc.GrpcConfigKeys (ConfUtils.java:logGet(46)) - raft.grpc.admin.port = 15387 (custom)
2024-03-15 21:40:13,985 [main] INFO  grpc.GrpcConfigKeys (ConfUtils.java:logFallback(53)) - raft.grpc.client.host = null (fallback to raft.grpc.server.host)
2024-03-15 21:40:13,985 [main] INFO  grpc.GrpcConfigKeys (ConfUtils.java:logGet(46)) - raft.grpc.client.port = 15386 (custom)
2024-03-15 21:40:13,986 [main] INFO  grpc.GrpcConfigKeys (ConfUtils.java:logGet(46)) - raft.grpc.server.host = null (default)
2024-03-15 21:40:13,986 [main] INFO  grpc.GrpcConfigKeys (ConfUtils.java:logGet(46)) - raft.grpc.server.port = 15388 (custom)
2024-03-15 21:40:13,986 [main] INFO  server.GrpcService (ConfUtils.java:logGet(46)) - raft.grpc.message.size.max = 32MB (=33554432) (custom)
2024-03-15 21:40:13,986 [main] INFO  server.RaftServerConfigKeys (ConfUtils.java:logGet(46)) - raft.server.log.appender.buffer.byte-limit = 8388608 (custom)
2024-03-15 21:40:13,986 [main] INFO  server.GrpcService (ConfUtils.java:logGet(46)) - raft.grpc.flow.control.window = 5MB (=5242880) (custom)
2024-03-15 21:40:13,987 [main] INFO  server.RaftServerConfigKeys (ConfUtils.java:logGet(46)) - raft.server.rpc.request.timeout = 3000ms (default)
2024-03-15 21:40:13,987 [main] INFO  grpc.GrpcConfigKeys (ConfUtils.java:logGet(46)) - raft.grpc.server.heartbeat.channel = true (default)
2024-03-15 21:40:13,987 [main] INFO  grpc.GrpcConfigKeys (ConfUtils.java:logGet(46)) - raft.grpc.server.async.request.thread.pool.cached = true (default)
2024-03-15 21:40:13,987 [main] INFO  grpc.GrpcConfigKeys (ConfUtils.java:logGet(46)) - raft.grpc.server.async.request.thread.pool.size = 32 (default)
2024-03-15 21:40:13,989 [main] INFO  impl.DataStreamServerImpl (ConfUtils.java:logGet(46)) - raft.datastream.type = NETTY (custom)
2024-03-15 21:40:13,990 [main] INFO  server.RaftServerConfigKeys (ConfUtils.java:logGet(46)) - raft.server.data-stream.async.request.thread.pool.cached = false (default)
2024-03-15 21:40:13,990 [main] INFO  server.RaftServerConfigKeys (ConfUtils.java:logGet(46)) - raft.server.data-stream.async.request.thread.pool.size = 20 (custom)
2024-03-15 21:40:13,990 [main] INFO  server.RaftServerConfigKeys (ConfUtils.java:logGet(46)) - raft.server.data-stream.async.write.thread.pool.size = 16 (default)
2024-03-15 21:40:13,990 [main] INFO  netty.NettyConfigKeys$DataStream (ConfUtils.java:logGet(46)) - raft.netty.dataStream.server.channel.inactive.grace-period = 10min (default)
2024-03-15 21:40:13,990 [main] INFO  server.RaftServerConfigKeys (ConfUtils.java:logGet(46)) - raft.server.data-stream.client.pool.size = 10 (default)
2024-03-15 21:40:13,991 [main] INFO  netty.NettyConfigKeys$DataStream (ConfUtils.java:logGet(46)) - raft.netty.dataStream.server.use-epoll = true (default)
2024-03-15 21:40:13,991 [main] INFO  netty.NettyConfigKeys$DataStream (ConfUtils.java:logGet(46)) - raft.netty.dataStream.server.boss-group.size = 0 (default)
2024-03-15 21:40:13,991 [main] INFO  netty.NettyUtils (NettyUtils.java:newEventLoopGroup(69)) - Create EpollEventLoopGroup for afe0fdae-f81b-4972-93bd-b2e3099b8af3-NettyServerStreamRpc-bossGroup; Thread size is 0.
2024-03-15 21:40:13,991 [main] INFO  netty.NettyConfigKeys$DataStream (ConfUtils.java:logGet(46)) - raft.netty.dataStream.server.worker-group.size = 0 (default)
2024-03-15 21:40:13,991 [main] INFO  netty.NettyUtils (NettyUtils.java:newEventLoopGroup(69)) - Create EpollEventLoopGroup for afe0fdae-f81b-4972-93bd-b2e3099b8af3-NettyServerStreamRpc-workerGroup; Thread size is 0.
2024-03-15 21:40:13,992 [main] INFO  netty.NettyConfigKeys$DataStream (ConfUtils.java:logGet(46)) - raft.netty.dataStream.server.tls.conf = null (default)
2024-03-15 21:40:13,992 [main] INFO  netty.NettyConfigKeys$DataStream (ConfUtils.java:logGet(46)) - raft.netty.dataStream.host = null (default)
2024-03-15 21:40:13,992 [main] INFO  netty.NettyConfigKeys$DataStream (ConfUtils.java:logGet(46)) - raft.netty.dataStream.port = 15389 (custom)
2024-03-15 21:40:13,993 [main] INFO  server.RaftServerConfigKeys (ConfUtils.java:logGet(46)) - raft.server.sleep.deviation.threshold = 300ms (default)
2024-03-15 21:40:13,993 [afe0fdae-f81b-4972-93bd-b2e3099b8af3-NettyServerStreamRpc-bossGroup--thread1] INFO  logging.LoggingHandler (AbstractInternalLogger.java:log(148)) - [id: 0x7d330948] REGISTERED
2024-03-15 21:40:13,993 [main] INFO  server.RaftServerConfigKeys (ConfUtils.java:logGet(46)) - raft.server.close.threshold = 60s (default)
2024-03-15 21:40:13,993 [main] INFO  server.RaftServerConfigKeys (ConfUtils.java:logGet(46)) - raft.server.leaderelection.leader.step-down.wait-time = 10s (default)
2024-03-15 21:40:13,993 [main] INFO  server.RaftServerConfigKeys (ConfUtils.java:logGet(46)) - raft.server.storage.dir = [/home/runner/work/ozone/ozone/hadoop-ozone/integration-test/target/test-dir/MiniOzoneClusterImpl-9d1dee8c-d44a-4a38-8f2b-42c9fdbb6771/ozone-meta/datanode-3/ratis] (custom)
2024-03-15 21:40:13,994 [main] INFO  server.RaftServerConfigKeys (ConfUtils.java:logGet(46)) - raft.server.threadpool.proxy.cached = true (default)
2024-03-15 21:40:13,994 [main] INFO  server.RaftServerConfigKeys (ConfUtils.java:logGet(46)) - raft.server.threadpool.proxy.size = 0 (default)
2024-03-15 21:40:13,993 [afe0fdae-f81b-4972-93bd-b2e3099b8af3-NettyServerStreamRpc-bossGroup--thread1] INFO  logging.LoggingHandler (AbstractInternalLogger.java:log(148)) - [id: 0x7d330948] BIND: 0.0.0.0/0.0.0.0:15389
2024-03-15 21:40:13,994 [afe0fdae-f81b-4972-93bd-b2e3099b8af3-NettyServerStreamRpc-bossGroup--thread1] INFO  logging.LoggingHandler (AbstractInternalLogger.java:log(148)) - [id: 0x7d330948, L:/0.0.0.0:15389] ACTIVE
2024-03-15 21:40:13,994 [afe0fdae-f81b-4972-93bd-b2e3099b8af3-impl-thread1] INFO  server.RaftServer (RaftServerProxy.java:initGroupDir(264)) - afe0fdae-f81b-4972-93bd-b2e3099b8af3: found a subdirectory /home/runner/work/ozone/ozone/hadoop-ozone/integration-test/target/test-dir/MiniOzoneClusterImpl-9d1dee8c-d44a-4a38-8f2b-42c9fdbb6771/ozone-meta/datanode-3/ratis/tmp
2024-03-15 21:40:13,995 [afe0fdae-f81b-4972-93bd-b2e3099b8af3-impl-thread1] INFO  server.RaftServer (RaftServerProxy.java:initGroupDir(269)) - afe0fdae-f81b-4972-93bd-b2e3099b8af3: The directory /home/runner/work/ozone/ozone/hadoop-ozone/integration-test/target/test-dir/MiniOzoneClusterImpl-9d1dee8c-d44a-4a38-8f2b-42c9fdbb6771/ozone-meta/datanode-3/ratis/tmp is not a group directory; ignoring it. 
2024-03-15 21:40:13,995 [main] INFO  replication.ReplicationServer (ReplicationServer.java:<init>(86)) - Initializing replication server with thread count = 10 queue length = 4096
2024-03-15 21:40:13,996 [main] INFO  server.XceiverServerGrpc (XceiverServerGrpc.java:<init>(141)) - GrpcServer channel type EpollServerSocketChannel
2024-03-15 21:40:13,997 [main] INFO  replication.ReplicationSupervisor (ReplicationSupervisor.java:build(163)) - Initializing replication supervisor with thread count = 10
2024-03-15 21:40:13,997 [main] INFO  replication.ReplicationSupervisor (ReplicationSupervisor.java:nodeStateUpdated(317)) - Node state updated to IN_SERVICE, scaling executor pool size to 10
2024-03-15 21:40:13,999 [main] INFO  http.BaseHttpServer (BaseHttpServer.java:newHttpServer2BuilderForOzone(223)) - Starting Web-server for hddsDatanode at: http://0.0.0.0:15383
2024-03-15 21:40:13,999 [main] INFO  http.BaseHttpServer (BaseHttpServer.java:<init>(110)) - Hadoop Security Enabled: false Ozone Security Enabled: false Ozone HTTP Security Enabled: false 
2024-03-15 21:40:13,999 [main] WARN  server.AuthenticationFilter (AuthenticationFilter.java:constructSecretProvider(240)) - Unable to initialize FileSignerSecretProvider, falling back to use random secrets. Reason: Could not read signature secret file: /home/runner/hadoop-http-auth-signature-secret
2024-03-15 21:40:14,000 [main] INFO  http.HttpRequestLog (HttpRequestLog.java:getRequestLog(86)) - Http request log for http.requests.hddsDatanode is not defined
2024-03-15 21:40:14,000 [main] INFO  http.HttpServer2 (HttpServer2.java:addGlobalFilter(1036)) - Added global filter 'safety' (class=org.apache.hadoop.hdds.server.http.HttpServer2$QuotingInputFilter)
2024-03-15 21:40:14,001 [main] INFO  http.HttpServer2 (HttpServer2.java:addFilter(1012)) - Added filter static_user_filter (class=org.apache.hadoop.http.lib.StaticUserWebFilter$StaticUserFilter) to context hddsDatanode
2024-03-15 21:40:14,001 [main] INFO  http.HttpServer2 (HttpServer2.java:addFilter(1020)) - Added filter static_user_filter (class=org.apache.hadoop.http.lib.StaticUserWebFilter$StaticUserFilter) to context logs
2024-03-15 21:40:14,001 [main] INFO  http.HttpServer2 (HttpServer2.java:addFilter(1020)) - Added filter static_user_filter (class=org.apache.hadoop.http.lib.StaticUserWebFilter$StaticUserFilter) to context static
2024-03-15 21:40:14,001 [main] INFO  http.BaseHttpServer (BaseHttpServer.java:<init>(189)) - HTTP server of hddsDatanode uses base directory /home/runner/work/ozone/ozone/hadoop-ozone/integration-test/target/test-dir/MiniOzoneClusterImpl-9d1dee8c-d44a-4a38-8f2b-42c9fdbb6771/ozone-meta/datanode-3/meta/webserver
2024-03-15 21:40:14,001 [main] INFO  http.HttpServer2 (HttpServer2.java:bindListener(1236)) - Jetty bound to port 15383
2024-03-15 21:40:14,002 [main] INFO  server.Server (Server.java:doStart(375)) - jetty-9.4.53.v20231009; built: 2023-10-09T12:29:09.265Z; git: 27bde00a0b95a1d5bbee0eae7984f891d2d0f8c9; jvm 1.8.0_402-b06
2024-03-15 21:40:14,002 [main] INFO  server.session (DefaultSessionIdManager.java:doStart(334)) - DefaultSessionIdManager workerName=node0
2024-03-15 21:40:14,002 [main] INFO  server.session (DefaultSessionIdManager.java:doStart(339)) - No SessionScavenger set, using defaults
2024-03-15 21:40:14,003 [main] INFO  server.session (HouseKeeper.java:startScavenging(132)) - node0 Scavenging every 660000ms
2024-03-15 21:40:14,003 [main] INFO  handler.ContextHandler (ContextHandler.java:doStart(921)) - Started o.e.j.s.ServletContextHandler@3636b09a{logs,/logs,file:///home/runner/work/ozone/ozone/hadoop-ozone/integration-test/target/log,AVAILABLE}
2024-03-15 21:40:14,003 [main] INFO  handler.ContextHandler (ContextHandler.java:doStart(921)) - Started o.e.j.s.ServletContextHandler@560123dc{static,/static,jar:file:/home/runner/.m2/repository/org/apache/ozone/hdds-container-service/1.5.0-SNAPSHOT/hdds-container-service-1.5.0-SNAPSHOT.jar!/webapps/static,AVAILABLE}
2024-03-15 21:40:14,033 [main] INFO  handler.ContextHandler (ContextHandler.java:doStart(921)) - Started o.e.j.w.WebAppContext@75a000d8{hddsDatanode,/,file:///home/runner/work/ozone/ozone/hadoop-ozone/integration-test/target/test-dir/MiniOzoneClusterImpl-9d1dee8c-d44a-4a38-8f2b-42c9fdbb6771/ozone-meta/datanode-3/meta/webserver/jetty-0_0_0_0-15383-hdds-container-service-1_5_0-SNAPSHOT_jar-_-any-5304313788572998904/webapp/,AVAILABLE}{jar:file:/home/runner/.m2/repository/org/apache/ozone/hdds-container-service/1.5.0-SNAPSHOT/hdds-container-service-1.5.0-SNAPSHOT.jar!/webapps/hddsDatanode}
2024-03-15 21:40:14,035 [main] INFO  server.AbstractConnector (AbstractConnector.java:doStart(333)) - Started ServerConnector@3abd53c9{HTTP/1.1, (http/1.1)}{0.0.0.0:15383}
2024-03-15 21:40:14,035 [main] INFO  server.Server (Server.java:doStart(415)) - Started @130099ms
2024-03-15 21:40:14,035 [main] WARN  impl.MetricsSystemImpl (MetricsSystemImpl.java:register(279)) - Sink prometheus already exists!
2024-03-15 21:40:14,036 [main] INFO  http.BaseHttpServer (BaseHttpServer.java:updateConnectorAddress(354)) - HTTP server of hddsDatanode listening at http://0.0.0.0:15383
2024-03-15 21:40:14,036 [main] INFO  ipc.CallQueueManager (CallQueueManager.java:<init>(90)) - Using callQueue: class java.util.concurrent.LinkedBlockingQueue, queueCapacity: 100, scheduler: class org.apache.hadoop.ipc.DefaultRpcScheduler, ipcBackoff: false.
2024-03-15 21:40:14,036 [main] INFO  ipc.Server (Server.java:<init>(1287)) - Listener at 0.0.0.0:15384
2024-03-15 21:40:14,036 [Socket Reader #1 for port 15384] INFO  ipc.Server (Server.java:run(1323)) - Starting Socket Reader #1 for port 15384
2024-03-15 21:40:14,042 [main] INFO  ozone.HddsDatanodeService (HddsDatanodeService.java:start(327)) - Datanode start with admins: [runner]
2024-03-15 21:40:14,042 [main] INFO  ozone.HddsDatanodeClientProtocolServer (HddsDatanodeClientProtocolServer.java:start(77)) - RPC server for Client /0.0.0.0:15384
2024-03-15 21:40:14,042 [IPC Server Responder] INFO  ipc.Server (Server.java:run(1562)) - IPC Server Responder: starting
2024-03-15 21:40:14,042 [IPC Server listener on 15384] INFO  ipc.Server (Server.java:run(1402)) - IPC Server listener on 15384: starting
2024-03-15 21:40:14,047 [main] WARN  dropwizard3.Dm3MetricRegistriesImpl (Dm3MetricRegistriesImpl.java:addReporterRegistration(113)) - New reporters are added after registries were created. Some metrics will be missing from the reporter. Please add reporter before adding any new registry.
2024-03-15 21:40:14,047 [afe0fdae-f81b-4972-93bd-b2e3099b8af3-DatanodeStateMachineDaemonThread] INFO  statemachine.DatanodeStateMachine (DatanodeStateMachine.java:lambda$startDaemon$1(555)) - Ozone container server started.
2024-03-15 21:40:14,047 [main] WARN  dropwizard3.Dm3MetricRegistriesImpl (Dm3MetricRegistriesImpl.java:addReporterRegistration(113)) - New reporters are added after registries were created. Some metrics will be missing from the reporter. Please add reporter before adding any new registry.
2024-03-15 21:40:14,048 [main] INFO  impl.MetricsSystemImpl (MetricsSystemImpl.java:init(158)) - HddsDatanode metrics system started (again)
2024-03-15 21:40:14,050 [afe0fdae-f81b-4972-93bd-b2e3099b8af3-DatanodeStateMachineTaskThread-0] INFO  datanode.InitDatanodeState (InitDatanodeState.java:persistContainerDatanodeDetails(139)) - DatanodeDetails is persisted to /home/runner/work/ozone/ozone/hadoop-ozone/integration-test/target/test-dir/MiniOzoneClusterImpl-9d1dee8c-d44a-4a38-8f2b-42c9fdbb6771/ozone-meta/datanode-3/meta/datanode.id
2024-03-15 21:40:14,057 [main] INFO  ozone.HddsDatanodeService (HddsDatanodeService.java:start(240)) - HddsDatanodeService host:fv-az528-102.abqymjqvoexebeyq30kq3sdubb.bx.internal.cloudapp.net ip:10.1.0.11
2024-03-15 21:40:14,071 [main] INFO  upgrade.AbstractLayoutVersionManager (AbstractLayoutVersionManager.java:init(83)) - Initializing Layout version manager with metadata layout = HADOOP_PRC_PORTS_IN_DATANODEDETAILS (version = 7), software layout = HADOOP_PRC_PORTS_IN_DATANODEDETAILS (version = 7)
2024-03-15 21:40:14,071 [main] INFO  statemachine.DatanodeStateMachine (DatanodeStateMachine.java:getEndPointTaskThreadPoolSize(299)) - Datanode State Machine Task Thread Pool size 2
2024-03-15 21:40:14,072 [main] INFO  volume.HddsVolume (HddsVolume.java:<init>(125)) - Creating HddsVolume: /home/runner/work/ozone/ozone/hadoop-ozone/integration-test/target/test-dir/MiniOzoneClusterImpl-9d1dee8c-d44a-4a38-8f2b-42c9fdbb6771/ozone-meta/datanode-4/data-0/hdds of storage type : DISK capacity : 9223372036854775807
2024-03-15 21:40:14,072 [main] INFO  volume.MutableVolumeSet (MutableVolumeSet.java:initializeVolumeSet(173)) - Added Volume : /home/runner/work/ozone/ozone/hadoop-ozone/integration-test/target/test-dir/MiniOzoneClusterImpl-9d1dee8c-d44a-4a38-8f2b-42c9fdbb6771/ozone-meta/datanode-4/data-0/hdds to VolumeSet
2024-03-15 21:40:14,073 [main] INFO  volume.MutableVolumeSet (MutableVolumeSet.java:initializeVolumeSet(173)) - Added Volume : /home/runner/work/ozone/ozone/hadoop-ozone/integration-test/target/test-dir/MiniOzoneClusterImpl-9d1dee8c-d44a-4a38-8f2b-42c9fdbb6771/ozone-meta/datanode-4/ratis to VolumeSet
2024-03-15 21:40:14,073 [main] INFO  ozoneimpl.OzoneContainer (HddsVolumeUtil.java:loadAllHddsVolumeDbStore(103)) - Load 1 volumes DbStore cost: 0ms
2024-03-15 21:40:14,075 [main] INFO  server.RaftServer (ConfUtils.java:logGet(46)) - raft.rpc.type = GRPC (default)
2024-03-15 21:40:14,075 [main] INFO  grpc.GrpcConfigKeys (ConfUtils.java:logFallback(53)) - raft.grpc.admin.host = null (fallback to raft.grpc.server.host)
2024-03-15 21:40:14,075 [main] INFO  grpc.GrpcConfigKeys (ConfUtils.java:logGet(46)) - raft.grpc.admin.port = 15396 (custom)
2024-03-15 21:40:14,075 [main] INFO  grpc.GrpcConfigKeys (ConfUtils.java:logFallback(53)) - raft.grpc.client.host = null (fallback to raft.grpc.server.host)
2024-03-15 21:40:14,075 [main] INFO  grpc.GrpcConfigKeys (ConfUtils.java:logGet(46)) - raft.grpc.client.port = 15395 (custom)
2024-03-15 21:40:14,076 [main] INFO  grpc.GrpcConfigKeys (ConfUtils.java:logGet(46)) - raft.grpc.server.host = null (default)
2024-03-15 21:40:14,076 [main] INFO  grpc.GrpcConfigKeys (ConfUtils.java:logGet(46)) - raft.grpc.server.port = 15397 (custom)
2024-03-15 21:40:14,076 [main] INFO  server.GrpcService (ConfUtils.java:logGet(46)) - raft.grpc.message.size.max = 32MB (=33554432) (custom)
2024-03-15 21:40:14,076 [main] INFO  server.RaftServerConfigKeys (ConfUtils.java:logGet(46)) - raft.server.log.appender.buffer.byte-limit = 8388608 (custom)
2024-03-15 21:40:14,076 [main] INFO  server.GrpcService (ConfUtils.java:logGet(46)) - raft.grpc.flow.control.window = 5MB (=5242880) (custom)
2024-03-15 21:40:14,077 [main] INFO  server.RaftServerConfigKeys (ConfUtils.java:logGet(46)) - raft.server.rpc.request.timeout = 3000ms (default)
2024-03-15 21:40:14,077 [main] INFO  grpc.GrpcConfigKeys (ConfUtils.java:logGet(46)) - raft.grpc.server.heartbeat.channel = true (default)
2024-03-15 21:40:14,077 [main] INFO  grpc.GrpcConfigKeys (ConfUtils.java:logGet(46)) - raft.grpc.server.async.request.thread.pool.cached = true (default)
2024-03-15 21:40:14,077 [main] INFO  grpc.GrpcConfigKeys (ConfUtils.java:logGet(46)) - raft.grpc.server.async.request.thread.pool.size = 32 (default)
2024-03-15 21:40:14,079 [main] INFO  impl.DataStreamServerImpl (ConfUtils.java:logGet(46)) - raft.datastream.type = NETTY (custom)
2024-03-15 21:40:14,079 [main] INFO  server.RaftServerConfigKeys (ConfUtils.java:logGet(46)) - raft.server.data-stream.async.request.thread.pool.cached = false (default)
2024-03-15 21:40:14,080 [main] INFO  server.RaftServerConfigKeys (ConfUtils.java:logGet(46)) - raft.server.data-stream.async.request.thread.pool.size = 20 (custom)
2024-03-15 21:40:14,080 [main] INFO  server.RaftServerConfigKeys (ConfUtils.java:logGet(46)) - raft.server.data-stream.async.write.thread.pool.size = 16 (default)
2024-03-15 21:40:14,080 [main] INFO  netty.NettyConfigKeys$DataStream (ConfUtils.java:logGet(46)) - raft.netty.dataStream.server.channel.inactive.grace-period = 10min (default)
2024-03-15 21:40:14,080 [main] INFO  server.RaftServerConfigKeys (ConfUtils.java:logGet(46)) - raft.server.data-stream.client.pool.size = 10 (default)
2024-03-15 21:40:14,080 [main] INFO  netty.NettyConfigKeys$DataStream (ConfUtils.java:logGet(46)) - raft.netty.dataStream.server.use-epoll = true (default)
2024-03-15 21:40:14,081 [main] INFO  netty.NettyConfigKeys$DataStream (ConfUtils.java:logGet(46)) - raft.netty.dataStream.server.boss-group.size = 0 (default)
2024-03-15 21:40:14,081 [main] INFO  netty.NettyUtils (NettyUtils.java:newEventLoopGroup(69)) - Create EpollEventLoopGroup for d5082477-7a9c-4c69-9d34-13fd3fa2989c-NettyServerStreamRpc-bossGroup; Thread size is 0.
2024-03-15 21:40:14,081 [main] INFO  netty.NettyConfigKeys$DataStream (ConfUtils.java:logGet(46)) - raft.netty.dataStream.server.worker-group.size = 0 (default)
2024-03-15 21:40:14,081 [main] INFO  netty.NettyUtils (NettyUtils.java:newEventLoopGroup(69)) - Create EpollEventLoopGroup for d5082477-7a9c-4c69-9d34-13fd3fa2989c-NettyServerStreamRpc-workerGroup; Thread size is 0.
2024-03-15 21:40:14,082 [main] INFO  netty.NettyConfigKeys$DataStream (ConfUtils.java:logGet(46)) - raft.netty.dataStream.server.tls.conf = null (default)
2024-03-15 21:40:14,082 [main] INFO  netty.NettyConfigKeys$DataStream (ConfUtils.java:logGet(46)) - raft.netty.dataStream.host = null (default)
2024-03-15 21:40:14,082 [main] INFO  netty.NettyConfigKeys$DataStream (ConfUtils.java:logGet(46)) - raft.netty.dataStream.port = 15398 (custom)
2024-03-15 21:40:14,082 [main] INFO  server.RaftServerConfigKeys (ConfUtils.java:logGet(46)) - raft.server.sleep.deviation.threshold = 300ms (default)
2024-03-15 21:40:14,082 [main] INFO  server.RaftServerConfigKeys (ConfUtils.java:logGet(46)) - raft.server.close.threshold = 60s (default)
2024-03-15 21:40:14,083 [main] INFO  server.RaftServerConfigKeys (ConfUtils.java:logGet(46)) - raft.server.leaderelection.leader.step-down.wait-time = 10s (default)
2024-03-15 21:40:14,083 [main] INFO  server.RaftServerConfigKeys (ConfUtils.java:logGet(46)) - raft.server.storage.dir = [/home/runner/work/ozone/ozone/hadoop-ozone/integration-test/target/test-dir/MiniOzoneClusterImpl-9d1dee8c-d44a-4a38-8f2b-42c9fdbb6771/ozone-meta/datanode-4/ratis] (custom)
2024-03-15 21:40:14,083 [main] INFO  server.RaftServerConfigKeys (ConfUtils.java:logGet(46)) - raft.server.threadpool.proxy.cached = true (default)
2024-03-15 21:40:14,083 [main] INFO  server.RaftServerConfigKeys (ConfUtils.java:logGet(46)) - raft.server.threadpool.proxy.size = 0 (default)
2024-03-15 21:40:14,082 [d5082477-7a9c-4c69-9d34-13fd3fa2989c-NettyServerStreamRpc-bossGroup--thread1] INFO  logging.LoggingHandler (AbstractInternalLogger.java:log(148)) - [id: 0xe671f2c0] REGISTERED
2024-03-15 21:40:14,084 [d5082477-7a9c-4c69-9d34-13fd3fa2989c-impl-thread1] INFO  server.RaftServer (RaftServerProxy.java:initGroupDir(264)) - d5082477-7a9c-4c69-9d34-13fd3fa2989c: found a subdirectory /home/runner/work/ozone/ozone/hadoop-ozone/integration-test/target/test-dir/MiniOzoneClusterImpl-9d1dee8c-d44a-4a38-8f2b-42c9fdbb6771/ozone-meta/datanode-4/ratis/tmp
2024-03-15 21:40:14,084 [d5082477-7a9c-4c69-9d34-13fd3fa2989c-impl-thread1] INFO  server.RaftServer (RaftServerProxy.java:initGroupDir(269)) - d5082477-7a9c-4c69-9d34-13fd3fa2989c: The directory /home/runner/work/ozone/ozone/hadoop-ozone/integration-test/target/test-dir/MiniOzoneClusterImpl-9d1dee8c-d44a-4a38-8f2b-42c9fdbb6771/ozone-meta/datanode-4/ratis/tmp is not a group directory; ignoring it. 
2024-03-15 21:40:14,084 [main] INFO  replication.ReplicationServer (ReplicationServer.java:<init>(86)) - Initializing replication server with thread count = 10 queue length = 4096
2024-03-15 21:40:14,084 [d5082477-7a9c-4c69-9d34-13fd3fa2989c-NettyServerStreamRpc-bossGroup--thread1] INFO  logging.LoggingHandler (AbstractInternalLogger.java:log(148)) - [id: 0xe671f2c0] BIND: 0.0.0.0/0.0.0.0:15398
2024-03-15 21:40:14,085 [d5082477-7a9c-4c69-9d34-13fd3fa2989c-NettyServerStreamRpc-bossGroup--thread1] INFO  logging.LoggingHandler (AbstractInternalLogger.java:log(148)) - [id: 0xe671f2c0, L:/0.0.0.0:15398] ACTIVE
2024-03-15 21:40:14,085 [main] INFO  server.XceiverServerGrpc (XceiverServerGrpc.java:<init>(141)) - GrpcServer channel type EpollServerSocketChannel
2024-03-15 21:40:14,087 [main] INFO  replication.ReplicationSupervisor (ReplicationSupervisor.java:build(163)) - Initializing replication supervisor with thread count = 10
2024-03-15 21:40:14,087 [main] INFO  replication.ReplicationSupervisor (ReplicationSupervisor.java:nodeStateUpdated(317)) - Node state updated to IN_SERVICE, scaling executor pool size to 10
2024-03-15 21:40:14,088 [main] INFO  http.BaseHttpServer (BaseHttpServer.java:newHttpServer2BuilderForOzone(223)) - Starting Web-server for hddsDatanode at: http://0.0.0.0:15392
2024-03-15 21:40:14,088 [main] INFO  http.BaseHttpServer (BaseHttpServer.java:<init>(110)) - Hadoop Security Enabled: false Ozone Security Enabled: false Ozone HTTP Security Enabled: false 
2024-03-15 21:40:14,089 [main] WARN  server.AuthenticationFilter (AuthenticationFilter.java:constructSecretProvider(240)) - Unable to initialize FileSignerSecretProvider, falling back to use random secrets. Reason: Could not read signature secret file: /home/runner/hadoop-http-auth-signature-secret
2024-03-15 21:40:14,090 [main] INFO  http.HttpRequestLog (HttpRequestLog.java:getRequestLog(86)) - Http request log for http.requests.hddsDatanode is not defined
2024-03-15 21:40:14,090 [main] INFO  http.HttpServer2 (HttpServer2.java:addGlobalFilter(1036)) - Added global filter 'safety' (class=org.apache.hadoop.hdds.server.http.HttpServer2$QuotingInputFilter)
2024-03-15 21:40:14,090 [main] INFO  http.HttpServer2 (HttpServer2.java:addFilter(1012)) - Added filter static_user_filter (class=org.apache.hadoop.http.lib.StaticUserWebFilter$StaticUserFilter) to context hddsDatanode
2024-03-15 21:40:14,090 [main] INFO  http.HttpServer2 (HttpServer2.java:addFilter(1020)) - Added filter static_user_filter (class=org.apache.hadoop.http.lib.StaticUserWebFilter$StaticUserFilter) to context static
2024-03-15 21:40:14,091 [main] INFO  http.HttpServer2 (HttpServer2.java:addFilter(1020)) - Added filter static_user_filter (class=org.apache.hadoop.http.lib.StaticUserWebFilter$StaticUserFilter) to context logs
2024-03-15 21:40:14,091 [main] INFO  http.BaseHttpServer (BaseHttpServer.java:<init>(189)) - HTTP server of hddsDatanode uses base directory /home/runner/work/ozone/ozone/hadoop-ozone/integration-test/target/test-dir/MiniOzoneClusterImpl-9d1dee8c-d44a-4a38-8f2b-42c9fdbb6771/ozone-meta/datanode-4/meta/webserver
2024-03-15 21:40:14,091 [main] INFO  http.HttpServer2 (HttpServer2.java:bindListener(1236)) - Jetty bound to port 15392
2024-03-15 21:40:14,091 [main] INFO  server.Server (Server.java:doStart(375)) - jetty-9.4.53.v20231009; built: 2023-10-09T12:29:09.265Z; git: 27bde00a0b95a1d5bbee0eae7984f891d2d0f8c9; jvm 1.8.0_402-b06
2024-03-15 21:40:14,092 [main] INFO  server.session (DefaultSessionIdManager.java:doStart(334)) - DefaultSessionIdManager workerName=node0
2024-03-15 21:40:14,092 [main] INFO  server.session (DefaultSessionIdManager.java:doStart(339)) - No SessionScavenger set, using defaults
2024-03-15 21:40:14,092 [main] INFO  server.session (HouseKeeper.java:startScavenging(132)) - node0 Scavenging every 660000ms
2024-03-15 21:40:14,093 [main] INFO  handler.ContextHandler (ContextHandler.java:doStart(921)) - Started o.e.j.s.ServletContextHandler@9fe306{logs,/logs,file:///home/runner/work/ozone/ozone/hadoop-ozone/integration-test/target/log,AVAILABLE}
2024-03-15 21:40:14,093 [main] INFO  handler.ContextHandler (ContextHandler.java:doStart(921)) - Started o.e.j.s.ServletContextHandler@59e35cc3{static,/static,jar:file:/home/runner/.m2/repository/org/apache/ozone/hdds-container-service/1.5.0-SNAPSHOT/hdds-container-service-1.5.0-SNAPSHOT.jar!/webapps/static,AVAILABLE}
2024-03-15 21:40:14,124 [main] INFO  handler.ContextHandler (ContextHandler.java:doStart(921)) - Started o.e.j.w.WebAppContext@16576bcf{hddsDatanode,/,file:///home/runner/work/ozone/ozone/hadoop-ozone/integration-test/target/test-dir/MiniOzoneClusterImpl-9d1dee8c-d44a-4a38-8f2b-42c9fdbb6771/ozone-meta/datanode-4/meta/webserver/jetty-0_0_0_0-15392-hdds-container-service-1_5_0-SNAPSHOT_jar-_-any-6228808167091087357/webapp/,AVAILABLE}{jar:file:/home/runner/.m2/repository/org/apache/ozone/hdds-container-service/1.5.0-SNAPSHOT/hdds-container-service-1.5.0-SNAPSHOT.jar!/webapps/hddsDatanode}
2024-03-15 21:40:14,125 [main] INFO  server.AbstractConnector (AbstractConnector.java:doStart(333)) - Started ServerConnector@48f21fa3{HTTP/1.1, (http/1.1)}{0.0.0.0:15392}
2024-03-15 21:40:14,126 [main] INFO  server.Server (Server.java:doStart(415)) - Started @130189ms
2024-03-15 21:40:14,126 [main] WARN  impl.MetricsSystemImpl (MetricsSystemImpl.java:register(279)) - Sink prometheus already exists!
2024-03-15 21:40:14,126 [main] INFO  http.BaseHttpServer (BaseHttpServer.java:updateConnectorAddress(354)) - HTTP server of hddsDatanode listening at http://0.0.0.0:15392
2024-03-15 21:40:14,127 [main] INFO  ipc.CallQueueManager (CallQueueManager.java:<init>(90)) - Using callQueue: class java.util.concurrent.LinkedBlockingQueue, queueCapacity: 100, scheduler: class org.apache.hadoop.ipc.DefaultRpcScheduler, ipcBackoff: false.
2024-03-15 21:40:14,127 [main] INFO  ipc.Server (Server.java:<init>(1287)) - Listener at 0.0.0.0:15393
2024-03-15 21:40:14,127 [Socket Reader #1 for port 15393] INFO  ipc.Server (Server.java:run(1323)) - Starting Socket Reader #1 for port 15393
2024-03-15 21:40:14,131 [main] INFO  ozone.HddsDatanodeService (HddsDatanodeService.java:start(327)) - Datanode start with admins: [runner]
2024-03-15 21:40:14,131 [main] INFO  ozone.HddsDatanodeClientProtocolServer (HddsDatanodeClientProtocolServer.java:start(77)) - RPC server for Client /0.0.0.0:15393
2024-03-15 21:40:14,131 [IPC Server Responder] INFO  ipc.Server (Server.java:run(1562)) - IPC Server Responder: starting
2024-03-15 21:40:14,131 [IPC Server listener on 15393] INFO  ipc.Server (Server.java:run(1402)) - IPC Server listener on 15393: starting
2024-03-15 21:40:14,137 [d5082477-7a9c-4c69-9d34-13fd3fa2989c-DatanodeStateMachineDaemonThread] INFO  statemachine.DatanodeStateMachine (DatanodeStateMachine.java:lambda$startDaemon$1(555)) - Ozone container server started.
2024-03-15 21:40:14,137 [main] WARN  dropwizard3.Dm3MetricRegistriesImpl (Dm3MetricRegistriesImpl.java:addReporterRegistration(113)) - New reporters are added after registries were created. Some metrics will be missing from the reporter. Please add reporter before adding any new registry.
2024-03-15 21:40:14,138 [main] WARN  dropwizard3.Dm3MetricRegistriesImpl (Dm3MetricRegistriesImpl.java:addReporterRegistration(113)) - New reporters are added after registries were created. Some metrics will be missing from the reporter. Please add reporter before adding any new registry.
2024-03-15 21:40:14,138 [main] INFO  impl.MetricsSystemImpl (MetricsSystemImpl.java:init(158)) - HddsDatanode metrics system started (again)
2024-03-15 21:40:14,141 [d5082477-7a9c-4c69-9d34-13fd3fa2989c-DatanodeStateMachineTaskThread-0] INFO  datanode.InitDatanodeState (InitDatanodeState.java:persistContainerDatanodeDetails(139)) - DatanodeDetails is persisted to /home/runner/work/ozone/ozone/hadoop-ozone/integration-test/target/test-dir/MiniOzoneClusterImpl-9d1dee8c-d44a-4a38-8f2b-42c9fdbb6771/ozone-meta/datanode-4/meta/datanode.id
2024-03-15 21:40:14,147 [main] INFO  ozone.HddsDatanodeService (HddsDatanodeService.java:start(240)) - HddsDatanodeService host:fv-az528-102.abqymjqvoexebeyq30kq3sdubb.bx.internal.cloudapp.net ip:10.1.0.11
2024-03-15 21:40:14,162 [main] INFO  upgrade.AbstractLayoutVersionManager (AbstractLayoutVersionManager.java:init(83)) - Initializing Layout version manager with metadata layout = HADOOP_PRC_PORTS_IN_DATANODEDETAILS (version = 7), software layout = HADOOP_PRC_PORTS_IN_DATANODEDETAILS (version = 7)
2024-03-15 21:40:14,163 [main] INFO  statemachine.DatanodeStateMachine (DatanodeStateMachine.java:getEndPointTaskThreadPoolSize(299)) - Datanode State Machine Task Thread Pool size 2
2024-03-15 21:40:14,164 [main] INFO  volume.HddsVolume (HddsVolume.java:<init>(125)) - Creating HddsVolume: /home/runner/work/ozone/ozone/hadoop-ozone/integration-test/target/test-dir/MiniOzoneClusterImpl-9d1dee8c-d44a-4a38-8f2b-42c9fdbb6771/ozone-meta/datanode-5/data-0/hdds of storage type : DISK capacity : 9223372036854775807
2024-03-15 21:40:14,164 [main] INFO  volume.MutableVolumeSet (MutableVolumeSet.java:initializeVolumeSet(173)) - Added Volume : /home/runner/work/ozone/ozone/hadoop-ozone/integration-test/target/test-dir/MiniOzoneClusterImpl-9d1dee8c-d44a-4a38-8f2b-42c9fdbb6771/ozone-meta/datanode-5/data-0/hdds to VolumeSet
2024-03-15 21:40:14,164 [main] INFO  volume.MutableVolumeSet (MutableVolumeSet.java:initializeVolumeSet(173)) - Added Volume : /home/runner/work/ozone/ozone/hadoop-ozone/integration-test/target/test-dir/MiniOzoneClusterImpl-9d1dee8c-d44a-4a38-8f2b-42c9fdbb6771/ozone-meta/datanode-5/ratis to VolumeSet
2024-03-15 21:40:14,165 [main] INFO  ozoneimpl.OzoneContainer (HddsVolumeUtil.java:loadAllHddsVolumeDbStore(103)) - Load 1 volumes DbStore cost: 0ms
2024-03-15 21:40:14,166 [main] INFO  server.RaftServer (ConfUtils.java:logGet(46)) - raft.rpc.type = GRPC (default)
2024-03-15 21:40:14,166 [main] INFO  grpc.GrpcConfigKeys (ConfUtils.java:logFallback(53)) - raft.grpc.admin.host = null (fallback to raft.grpc.server.host)
2024-03-15 21:40:14,166 [main] INFO  grpc.GrpcConfigKeys (ConfUtils.java:logGet(46)) - raft.grpc.admin.port = 15405 (custom)
2024-03-15 21:40:14,166 [main] INFO  grpc.GrpcConfigKeys (ConfUtils.java:logFallback(53)) - raft.grpc.client.host = null (fallback to raft.grpc.server.host)
2024-03-15 21:40:14,167 [main] INFO  grpc.GrpcConfigKeys (ConfUtils.java:logGet(46)) - raft.grpc.client.port = 15404 (custom)
2024-03-15 21:40:14,167 [main] INFO  grpc.GrpcConfigKeys (ConfUtils.java:logGet(46)) - raft.grpc.server.host = null (default)
2024-03-15 21:40:14,167 [main] INFO  grpc.GrpcConfigKeys (ConfUtils.java:logGet(46)) - raft.grpc.server.port = 15406 (custom)
2024-03-15 21:40:14,167 [main] INFO  server.GrpcService (ConfUtils.java:logGet(46)) - raft.grpc.message.size.max = 32MB (=33554432) (custom)
2024-03-15 21:40:14,167 [main] INFO  server.RaftServerConfigKeys (ConfUtils.java:logGet(46)) - raft.server.log.appender.buffer.byte-limit = 8388608 (custom)
2024-03-15 21:40:14,167 [main] INFO  server.GrpcService (ConfUtils.java:logGet(46)) - raft.grpc.flow.control.window = 5MB (=5242880) (custom)
2024-03-15 21:40:14,167 [main] INFO  server.RaftServerConfigKeys (ConfUtils.java:logGet(46)) - raft.server.rpc.request.timeout = 3000ms (default)
2024-03-15 21:40:14,167 [main] INFO  grpc.GrpcConfigKeys (ConfUtils.java:logGet(46)) - raft.grpc.server.heartbeat.channel = true (default)
2024-03-15 21:40:14,168 [main] INFO  grpc.GrpcConfigKeys (ConfUtils.java:logGet(46)) - raft.grpc.server.async.request.thread.pool.cached = true (default)
2024-03-15 21:40:14,168 [main] INFO  grpc.GrpcConfigKeys (ConfUtils.java:logGet(46)) - raft.grpc.server.async.request.thread.pool.size = 32 (default)
2024-03-15 21:40:14,169 [main] INFO  impl.DataStreamServerImpl (ConfUtils.java:logGet(46)) - raft.datastream.type = NETTY (custom)
2024-03-15 21:40:14,170 [main] INFO  server.RaftServerConfigKeys (ConfUtils.java:logGet(46)) - raft.server.data-stream.async.request.thread.pool.cached = false (default)
2024-03-15 21:40:14,170 [main] INFO  server.RaftServerConfigKeys (ConfUtils.java:logGet(46)) - raft.server.data-stream.async.request.thread.pool.size = 20 (custom)
2024-03-15 21:40:14,170 [main] INFO  server.RaftServerConfigKeys (ConfUtils.java:logGet(46)) - raft.server.data-stream.async.write.thread.pool.size = 16 (default)
2024-03-15 21:40:14,170 [main] INFO  netty.NettyConfigKeys$DataStream (ConfUtils.java:logGet(46)) - raft.netty.dataStream.server.channel.inactive.grace-period = 10min (default)
2024-03-15 21:40:14,170 [main] INFO  server.RaftServerConfigKeys (ConfUtils.java:logGet(46)) - raft.server.data-stream.client.pool.size = 10 (default)
2024-03-15 21:40:14,170 [main] INFO  netty.NettyConfigKeys$DataStream (ConfUtils.java:logGet(46)) - raft.netty.dataStream.server.use-epoll = true (default)
2024-03-15 21:40:14,171 [main] INFO  netty.NettyConfigKeys$DataStream (ConfUtils.java:logGet(46)) - raft.netty.dataStream.server.boss-group.size = 0 (default)
2024-03-15 21:40:14,171 [main] INFO  netty.NettyUtils (NettyUtils.java:newEventLoopGroup(69)) - Create EpollEventLoopGroup for c275007a-4e3d-4cf4-8bcd-9935f71fc838-NettyServerStreamRpc-bossGroup; Thread size is 0.
2024-03-15 21:40:14,171 [main] INFO  netty.NettyConfigKeys$DataStream (ConfUtils.java:logGet(46)) - raft.netty.dataStream.server.worker-group.size = 0 (default)
2024-03-15 21:40:14,171 [main] INFO  netty.NettyUtils (NettyUtils.java:newEventLoopGroup(69)) - Create EpollEventLoopGroup for c275007a-4e3d-4cf4-8bcd-9935f71fc838-NettyServerStreamRpc-workerGroup; Thread size is 0.
2024-03-15 21:40:14,171 [main] INFO  netty.NettyConfigKeys$DataStream (ConfUtils.java:logGet(46)) - raft.netty.dataStream.server.tls.conf = null (default)
2024-03-15 21:40:14,171 [main] INFO  netty.NettyConfigKeys$DataStream (ConfUtils.java:logGet(46)) - raft.netty.dataStream.host = null (default)
2024-03-15 21:40:14,172 [main] INFO  netty.NettyConfigKeys$DataStream (ConfUtils.java:logGet(46)) - raft.netty.dataStream.port = 15407 (custom)
2024-03-15 21:40:14,172 [main] INFO  server.RaftServerConfigKeys (ConfUtils.java:logGet(46)) - raft.server.sleep.deviation.threshold = 300ms (default)
2024-03-15 21:40:14,172 [main] INFO  server.RaftServerConfigKeys (ConfUtils.java:logGet(46)) - raft.server.close.threshold = 60s (default)
2024-03-15 21:40:14,172 [main] INFO  server.RaftServerConfigKeys (ConfUtils.java:logGet(46)) - raft.server.leaderelection.leader.step-down.wait-time = 10s (default)
2024-03-15 21:40:14,172 [c275007a-4e3d-4cf4-8bcd-9935f71fc838-NettyServerStreamRpc-bossGroup--thread1] INFO  logging.LoggingHandler (AbstractInternalLogger.java:log(148)) - [id: 0x181cad6a] REGISTERED
2024-03-15 21:40:14,172 [main] INFO  server.RaftServerConfigKeys (ConfUtils.java:logGet(46)) - raft.server.storage.dir = [/home/runner/work/ozone/ozone/hadoop-ozone/integration-test/target/test-dir/MiniOzoneClusterImpl-9d1dee8c-d44a-4a38-8f2b-42c9fdbb6771/ozone-meta/datanode-5/ratis] (custom)
2024-03-15 21:40:14,172 [c275007a-4e3d-4cf4-8bcd-9935f71fc838-NettyServerStreamRpc-bossGroup--thread1] INFO  logging.LoggingHandler (AbstractInternalLogger.java:log(148)) - [id: 0x181cad6a] BIND: 0.0.0.0/0.0.0.0:15407
2024-03-15 21:40:14,173 [main] INFO  server.RaftServerConfigKeys (ConfUtils.java:logGet(46)) - raft.server.threadpool.proxy.cached = true (default)
2024-03-15 21:40:14,173 [c275007a-4e3d-4cf4-8bcd-9935f71fc838-NettyServerStreamRpc-bossGroup--thread1] INFO  logging.LoggingHandler (AbstractInternalLogger.java:log(148)) - [id: 0x181cad6a, L:/0.0.0.0:15407] ACTIVE
2024-03-15 21:40:14,173 [main] INFO  server.RaftServerConfigKeys (ConfUtils.java:logGet(46)) - raft.server.threadpool.proxy.size = 0 (default)
2024-03-15 21:40:14,173 [c275007a-4e3d-4cf4-8bcd-9935f71fc838-impl-thread1] INFO  server.RaftServer (RaftServerProxy.java:initGroupDir(264)) - c275007a-4e3d-4cf4-8bcd-9935f71fc838: found a subdirectory /home/runner/work/ozone/ozone/hadoop-ozone/integration-test/target/test-dir/MiniOzoneClusterImpl-9d1dee8c-d44a-4a38-8f2b-42c9fdbb6771/ozone-meta/datanode-5/ratis/tmp
2024-03-15 21:40:14,173 [c275007a-4e3d-4cf4-8bcd-9935f71fc838-impl-thread1] INFO  server.RaftServer (RaftServerProxy.java:initGroupDir(269)) - c275007a-4e3d-4cf4-8bcd-9935f71fc838: The directory /home/runner/work/ozone/ozone/hadoop-ozone/integration-test/target/test-dir/MiniOzoneClusterImpl-9d1dee8c-d44a-4a38-8f2b-42c9fdbb6771/ozone-meta/datanode-5/ratis/tmp is not a group directory; ignoring it. 
2024-03-15 21:40:14,173 [main] INFO  replication.ReplicationServer (ReplicationServer.java:<init>(86)) - Initializing replication server with thread count = 10 queue length = 4096
2024-03-15 21:40:14,174 [main] INFO  server.XceiverServerGrpc (XceiverServerGrpc.java:<init>(141)) - GrpcServer channel type EpollServerSocketChannel
2024-03-15 21:40:14,175 [main] INFO  replication.ReplicationSupervisor (ReplicationSupervisor.java:build(163)) - Initializing replication supervisor with thread count = 10
2024-03-15 21:40:14,175 [main] INFO  replication.ReplicationSupervisor (ReplicationSupervisor.java:nodeStateUpdated(317)) - Node state updated to IN_SERVICE, scaling executor pool size to 10
2024-03-15 21:40:14,176 [main] INFO  http.BaseHttpServer (BaseHttpServer.java:newHttpServer2BuilderForOzone(223)) - Starting Web-server for hddsDatanode at: http://0.0.0.0:15401
2024-03-15 21:40:14,177 [main] INFO  http.BaseHttpServer (BaseHttpServer.java:<init>(110)) - Hadoop Security Enabled: false Ozone Security Enabled: false Ozone HTTP Security Enabled: false 
2024-03-15 21:40:14,177 [main] WARN  server.AuthenticationFilter (AuthenticationFilter.java:constructSecretProvider(240)) - Unable to initialize FileSignerSecretProvider, falling back to use random secrets. Reason: Could not read signature secret file: /home/runner/hadoop-http-auth-signature-secret
2024-03-15 21:40:14,178 [main] INFO  http.HttpRequestLog (HttpRequestLog.java:getRequestLog(86)) - Http request log for http.requests.hddsDatanode is not defined
2024-03-15 21:40:14,178 [main] INFO  http.HttpServer2 (HttpServer2.java:addGlobalFilter(1036)) - Added global filter 'safety' (class=org.apache.hadoop.hdds.server.http.HttpServer2$QuotingInputFilter)
2024-03-15 21:40:14,178 [main] INFO  http.HttpServer2 (HttpServer2.java:addFilter(1012)) - Added filter static_user_filter (class=org.apache.hadoop.http.lib.StaticUserWebFilter$StaticUserFilter) to context hddsDatanode
2024-03-15 21:40:14,179 [main] INFO  http.HttpServer2 (HttpServer2.java:addFilter(1020)) - Added filter static_user_filter (class=org.apache.hadoop.http.lib.StaticUserWebFilter$StaticUserFilter) to context static
2024-03-15 21:40:14,179 [main] INFO  http.HttpServer2 (HttpServer2.java:addFilter(1020)) - Added filter static_user_filter (class=org.apache.hadoop.http.lib.StaticUserWebFilter$StaticUserFilter) to context logs
2024-03-15 21:40:14,179 [main] INFO  http.BaseHttpServer (BaseHttpServer.java:<init>(189)) - HTTP server of hddsDatanode uses base directory /home/runner/work/ozone/ozone/hadoop-ozone/integration-test/target/test-dir/MiniOzoneClusterImpl-9d1dee8c-d44a-4a38-8f2b-42c9fdbb6771/ozone-meta/datanode-5/meta/webserver
2024-03-15 21:40:14,179 [main] INFO  http.HttpServer2 (HttpServer2.java:bindListener(1236)) - Jetty bound to port 15401
2024-03-15 21:40:14,179 [main] INFO  server.Server (Server.java:doStart(375)) - jetty-9.4.53.v20231009; built: 2023-10-09T12:29:09.265Z; git: 27bde00a0b95a1d5bbee0eae7984f891d2d0f8c9; jvm 1.8.0_402-b06
2024-03-15 21:40:14,180 [main] INFO  server.session (DefaultSessionIdManager.java:doStart(334)) - DefaultSessionIdManager workerName=node0
2024-03-15 21:40:14,180 [main] INFO  server.session (DefaultSessionIdManager.java:doStart(339)) - No SessionScavenger set, using defaults
2024-03-15 21:40:14,180 [main] INFO  server.session (HouseKeeper.java:startScavenging(132)) - node0 Scavenging every 660000ms
2024-03-15 21:40:14,181 [main] INFO  handler.ContextHandler (ContextHandler.java:doStart(921)) - Started o.e.j.s.ServletContextHandler@2ab655fc{logs,/logs,file:///home/runner/work/ozone/ozone/hadoop-ozone/integration-test/target/log,AVAILABLE}
2024-03-15 21:40:14,181 [main] INFO  handler.ContextHandler (ContextHandler.java:doStart(921)) - Started o.e.j.s.ServletContextHandler@53b1a807{static,/static,jar:file:/home/runner/.m2/repository/org/apache/ozone/hdds-container-service/1.5.0-SNAPSHOT/hdds-container-service-1.5.0-SNAPSHOT.jar!/webapps/static,AVAILABLE}
2024-03-15 21:40:14,212 [main] INFO  handler.ContextHandler (ContextHandler.java:doStart(921)) - Started o.e.j.w.WebAppContext@ae40a76{hddsDatanode,/,file:///home/runner/work/ozone/ozone/hadoop-ozone/integration-test/target/test-dir/MiniOzoneClusterImpl-9d1dee8c-d44a-4a38-8f2b-42c9fdbb6771/ozone-meta/datanode-5/meta/webserver/jetty-0_0_0_0-15401-hdds-container-service-1_5_0-SNAPSHOT_jar-_-any-7948625983433175861/webapp/,AVAILABLE}{jar:file:/home/runner/.m2/repository/org/apache/ozone/hdds-container-service/1.5.0-SNAPSHOT/hdds-container-service-1.5.0-SNAPSHOT.jar!/webapps/hddsDatanode}
2024-03-15 21:40:14,214 [main] INFO  server.AbstractConnector (AbstractConnector.java:doStart(333)) - Started ServerConnector@4d320bb8{HTTP/1.1, (http/1.1)}{0.0.0.0:15401}
2024-03-15 21:40:14,214 [main] INFO  server.Server (Server.java:doStart(415)) - Started @130278ms
2024-03-15 21:40:14,214 [main] WARN  impl.MetricsSystemImpl (MetricsSystemImpl.java:register(279)) - Sink prometheus already exists!
2024-03-15 21:40:14,215 [main] INFO  http.BaseHttpServer (BaseHttpServer.java:updateConnectorAddress(354)) - HTTP server of hddsDatanode listening at http://0.0.0.0:15401
2024-03-15 21:40:14,215 [main] INFO  ipc.CallQueueManager (CallQueueManager.java:<init>(90)) - Using callQueue: class java.util.concurrent.LinkedBlockingQueue, queueCapacity: 100, scheduler: class org.apache.hadoop.ipc.DefaultRpcScheduler, ipcBackoff: false.
2024-03-15 21:40:14,215 [main] INFO  ipc.Server (Server.java:<init>(1287)) - Listener at 0.0.0.0:15402
2024-03-15 21:40:14,216 [Socket Reader #1 for port 15402] INFO  ipc.Server (Server.java:run(1323)) - Starting Socket Reader #1 for port 15402
2024-03-15 21:40:14,218 [main] INFO  ozone.HddsDatanodeService (HddsDatanodeService.java:start(327)) - Datanode start with admins: [runner]
2024-03-15 21:40:14,218 [main] INFO  ozone.HddsDatanodeClientProtocolServer (HddsDatanodeClientProtocolServer.java:start(77)) - RPC server for Client /0.0.0.0:15402
2024-03-15 21:40:14,218 [IPC Server Responder] INFO  ipc.Server (Server.java:run(1562)) - IPC Server Responder: starting
2024-03-15 21:40:14,218 [IPC Server listener on 15402] INFO  ipc.Server (Server.java:run(1402)) - IPC Server listener on 15402: starting
2024-03-15 21:40:14,221 [main] WARN  dropwizard3.Dm3MetricRegistriesImpl (Dm3MetricRegistriesImpl.java:addReporterRegistration(113)) - New reporters are added after registries were created. Some metrics will be missing from the reporter. Please add reporter before adding any new registry.
2024-03-15 21:40:14,222 [main] WARN  dropwizard3.Dm3MetricRegistriesImpl (Dm3MetricRegistriesImpl.java:addReporterRegistration(113)) - New reporters are added after registries were created. Some metrics will be missing from the reporter. Please add reporter before adding any new registry.
2024-03-15 21:40:14,221 [c275007a-4e3d-4cf4-8bcd-9935f71fc838-DatanodeStateMachineDaemonThread] INFO  statemachine.DatanodeStateMachine (DatanodeStateMachine.java:lambda$startDaemon$1(555)) - Ozone container server started.
2024-03-15 21:40:14,222 [main] INFO  impl.MetricsSystemImpl (MetricsSystemImpl.java:init(158)) - HddsDatanode metrics system started (again)
2024-03-15 21:40:14,226 [c275007a-4e3d-4cf4-8bcd-9935f71fc838-DatanodeStateMachineTaskThread-0] INFO  datanode.InitDatanodeState (InitDatanodeState.java:persistContainerDatanodeDetails(139)) - DatanodeDetails is persisted to /home/runner/work/ozone/ozone/hadoop-ozone/integration-test/target/test-dir/MiniOzoneClusterImpl-9d1dee8c-d44a-4a38-8f2b-42c9fdbb6771/ozone-meta/datanode-5/meta/datanode.id
2024-03-15 21:40:14,232 [main] INFO  ozone.HddsDatanodeService (HddsDatanodeService.java:start(240)) - HddsDatanodeService host:fv-az528-102.abqymjqvoexebeyq30kq3sdubb.bx.internal.cloudapp.net ip:10.1.0.11
2024-03-15 21:40:14,245 [main] INFO  upgrade.AbstractLayoutVersionManager (AbstractLayoutVersionManager.java:init(83)) - Initializing Layout version manager with metadata layout = HADOOP_PRC_PORTS_IN_DATANODEDETAILS (version = 7), software layout = HADOOP_PRC_PORTS_IN_DATANODEDETAILS (version = 7)
2024-03-15 21:40:14,246 [main] INFO  statemachine.DatanodeStateMachine (DatanodeStateMachine.java:getEndPointTaskThreadPoolSize(299)) - Datanode State Machine Task Thread Pool size 2
2024-03-15 21:40:14,247 [main] INFO  volume.HddsVolume (HddsVolume.java:<init>(125)) - Creating HddsVolume: /home/runner/work/ozone/ozone/hadoop-ozone/integration-test/target/test-dir/MiniOzoneClusterImpl-9d1dee8c-d44a-4a38-8f2b-42c9fdbb6771/ozone-meta/datanode-6/data-0/hdds of storage type : DISK capacity : 9223372036854775807
2024-03-15 21:40:14,247 [main] INFO  volume.MutableVolumeSet (MutableVolumeSet.java:initializeVolumeSet(173)) - Added Volume : /home/runner/work/ozone/ozone/hadoop-ozone/integration-test/target/test-dir/MiniOzoneClusterImpl-9d1dee8c-d44a-4a38-8f2b-42c9fdbb6771/ozone-meta/datanode-6/data-0/hdds to VolumeSet
2024-03-15 21:40:14,247 [main] INFO  volume.MutableVolumeSet (MutableVolumeSet.java:initializeVolumeSet(173)) - Added Volume : /home/runner/work/ozone/ozone/hadoop-ozone/integration-test/target/test-dir/MiniOzoneClusterImpl-9d1dee8c-d44a-4a38-8f2b-42c9fdbb6771/ozone-meta/datanode-6/ratis to VolumeSet
2024-03-15 21:40:14,247 [main] INFO  ozoneimpl.OzoneContainer (HddsVolumeUtil.java:loadAllHddsVolumeDbStore(103)) - Load 1 volumes DbStore cost: 0ms
2024-03-15 21:40:14,249 [main] INFO  server.RaftServer (ConfUtils.java:logGet(46)) - raft.rpc.type = GRPC (default)
2024-03-15 21:40:14,249 [main] INFO  grpc.GrpcConfigKeys (ConfUtils.java:logFallback(53)) - raft.grpc.admin.host = null (fallback to raft.grpc.server.host)
2024-03-15 21:40:14,249 [main] INFO  grpc.GrpcConfigKeys (ConfUtils.java:logGet(46)) - raft.grpc.admin.port = 15414 (custom)
2024-03-15 21:40:14,249 [main] INFO  grpc.GrpcConfigKeys (ConfUtils.java:logFallback(53)) - raft.grpc.client.host = null (fallback to raft.grpc.server.host)
2024-03-15 21:40:14,249 [main] INFO  grpc.GrpcConfigKeys (ConfUtils.java:logGet(46)) - raft.grpc.client.port = 15413 (custom)
2024-03-15 21:40:14,249 [main] INFO  grpc.GrpcConfigKeys (ConfUtils.java:logGet(46)) - raft.grpc.server.host = null (default)
2024-03-15 21:40:14,250 [main] INFO  grpc.GrpcConfigKeys (ConfUtils.java:logGet(46)) - raft.grpc.server.port = 15415 (custom)
2024-03-15 21:40:14,250 [main] INFO  server.GrpcService (ConfUtils.java:logGet(46)) - raft.grpc.message.size.max = 32MB (=33554432) (custom)
2024-03-15 21:40:14,250 [main] INFO  server.RaftServerConfigKeys (ConfUtils.java:logGet(46)) - raft.server.log.appender.buffer.byte-limit = 8388608 (custom)
2024-03-15 21:40:14,250 [main] INFO  server.GrpcService (ConfUtils.java:logGet(46)) - raft.grpc.flow.control.window = 5MB (=5242880) (custom)
2024-03-15 21:40:14,250 [main] INFO  server.RaftServerConfigKeys (ConfUtils.java:logGet(46)) - raft.server.rpc.request.timeout = 3000ms (default)
2024-03-15 21:40:14,250 [main] INFO  grpc.GrpcConfigKeys (ConfUtils.java:logGet(46)) - raft.grpc.server.heartbeat.channel = true (default)
2024-03-15 21:40:14,250 [main] INFO  grpc.GrpcConfigKeys (ConfUtils.java:logGet(46)) - raft.grpc.server.async.request.thread.pool.cached = true (default)
2024-03-15 21:40:14,250 [main] INFO  grpc.GrpcConfigKeys (ConfUtils.java:logGet(46)) - raft.grpc.server.async.request.thread.pool.size = 32 (default)
2024-03-15 21:40:14,252 [main] INFO  impl.DataStreamServerImpl (ConfUtils.java:logGet(46)) - raft.datastream.type = NETTY (custom)
2024-03-15 21:40:14,252 [main] INFO  server.RaftServerConfigKeys (ConfUtils.java:logGet(46)) - raft.server.data-stream.async.request.thread.pool.cached = false (default)
2024-03-15 21:40:14,252 [main] INFO  server.RaftServerConfigKeys (ConfUtils.java:logGet(46)) - raft.server.data-stream.async.request.thread.pool.size = 20 (custom)
2024-03-15 21:40:14,252 [main] INFO  server.RaftServerConfigKeys (ConfUtils.java:logGet(46)) - raft.server.data-stream.async.write.thread.pool.size = 16 (default)
2024-03-15 21:40:14,253 [main] INFO  netty.NettyConfigKeys$DataStream (ConfUtils.java:logGet(46)) - raft.netty.dataStream.server.channel.inactive.grace-period = 10min (default)
2024-03-15 21:40:14,253 [main] INFO  server.RaftServerConfigKeys (ConfUtils.java:logGet(46)) - raft.server.data-stream.client.pool.size = 10 (default)
2024-03-15 21:40:14,253 [main] INFO  netty.NettyConfigKeys$DataStream (ConfUtils.java:logGet(46)) - raft.netty.dataStream.server.use-epoll = true (default)
2024-03-15 21:40:14,253 [main] INFO  netty.NettyConfigKeys$DataStream (ConfUtils.java:logGet(46)) - raft.netty.dataStream.server.boss-group.size = 0 (default)
2024-03-15 21:40:14,253 [main] INFO  netty.NettyUtils (NettyUtils.java:newEventLoopGroup(69)) - Create EpollEventLoopGroup for 3dfa3a40-7be8-4b27-818e-b4bcb1f9d011-NettyServerStreamRpc-bossGroup; Thread size is 0.
2024-03-15 21:40:14,253 [main] INFO  netty.NettyConfigKeys$DataStream (ConfUtils.java:logGet(46)) - raft.netty.dataStream.server.worker-group.size = 0 (default)
2024-03-15 21:40:14,254 [main] INFO  netty.NettyUtils (NettyUtils.java:newEventLoopGroup(69)) - Create EpollEventLoopGroup for 3dfa3a40-7be8-4b27-818e-b4bcb1f9d011-NettyServerStreamRpc-workerGroup; Thread size is 0.
2024-03-15 21:40:14,254 [main] INFO  netty.NettyConfigKeys$DataStream (ConfUtils.java:logGet(46)) - raft.netty.dataStream.server.tls.conf = null (default)
2024-03-15 21:40:14,254 [main] INFO  netty.NettyConfigKeys$DataStream (ConfUtils.java:logGet(46)) - raft.netty.dataStream.host = null (default)
2024-03-15 21:40:14,254 [main] INFO  netty.NettyConfigKeys$DataStream (ConfUtils.java:logGet(46)) - raft.netty.dataStream.port = 15416 (custom)
2024-03-15 21:40:14,254 [main] INFO  server.RaftServerConfigKeys (ConfUtils.java:logGet(46)) - raft.server.sleep.deviation.threshold = 300ms (default)
2024-03-15 21:40:14,255 [main] INFO  server.RaftServerConfigKeys (ConfUtils.java:logGet(46)) - raft.server.close.threshold = 60s (default)
2024-03-15 21:40:14,255 [main] INFO  server.RaftServerConfigKeys (ConfUtils.java:logGet(46)) - raft.server.leaderelection.leader.step-down.wait-time = 10s (default)
2024-03-15 21:40:14,255 [main] INFO  server.RaftServerConfigKeys (ConfUtils.java:logGet(46)) - raft.server.storage.dir = [/home/runner/work/ozone/ozone/hadoop-ozone/integration-test/target/test-dir/MiniOzoneClusterImpl-9d1dee8c-d44a-4a38-8f2b-42c9fdbb6771/ozone-meta/datanode-6/ratis] (custom)
2024-03-15 21:40:14,255 [main] INFO  server.RaftServerConfigKeys (ConfUtils.java:logGet(46)) - raft.server.threadpool.proxy.cached = true (default)
2024-03-15 21:40:14,255 [main] INFO  server.RaftServerConfigKeys (ConfUtils.java:logGet(46)) - raft.server.threadpool.proxy.size = 0 (default)
2024-03-15 21:40:14,254 [3dfa3a40-7be8-4b27-818e-b4bcb1f9d011-NettyServerStreamRpc-bossGroup--thread1] INFO  logging.LoggingHandler (AbstractInternalLogger.java:log(148)) - [id: 0x31e2780d] REGISTERED
2024-03-15 21:40:14,255 [3dfa3a40-7be8-4b27-818e-b4bcb1f9d011-NettyServerStreamRpc-bossGroup--thread1] INFO  logging.LoggingHandler (AbstractInternalLogger.java:log(148)) - [id: 0x31e2780d] BIND: 0.0.0.0/0.0.0.0:15416
2024-03-15 21:40:14,255 [3dfa3a40-7be8-4b27-818e-b4bcb1f9d011-NettyServerStreamRpc-bossGroup--thread1] INFO  logging.LoggingHandler (AbstractInternalLogger.java:log(148)) - [id: 0x31e2780d, L:/0.0.0.0:15416] ACTIVE
2024-03-15 21:40:14,256 [3dfa3a40-7be8-4b27-818e-b4bcb1f9d011-impl-thread1] INFO  server.RaftServer (RaftServerProxy.java:initGroupDir(264)) - 3dfa3a40-7be8-4b27-818e-b4bcb1f9d011: found a subdirectory /home/runner/work/ozone/ozone/hadoop-ozone/integration-test/target/test-dir/MiniOzoneClusterImpl-9d1dee8c-d44a-4a38-8f2b-42c9fdbb6771/ozone-meta/datanode-6/ratis/tmp
2024-03-15 21:40:14,256 [3dfa3a40-7be8-4b27-818e-b4bcb1f9d011-impl-thread1] INFO  server.RaftServer (RaftServerProxy.java:initGroupDir(269)) - 3dfa3a40-7be8-4b27-818e-b4bcb1f9d011: The directory /home/runner/work/ozone/ozone/hadoop-ozone/integration-test/target/test-dir/MiniOzoneClusterImpl-9d1dee8c-d44a-4a38-8f2b-42c9fdbb6771/ozone-meta/datanode-6/ratis/tmp is not a group directory; ignoring it. 
2024-03-15 21:40:14,256 [main] INFO  replication.ReplicationServer (ReplicationServer.java:<init>(86)) - Initializing replication server with thread count = 10 queue length = 4096
2024-03-15 21:40:14,257 [main] INFO  server.XceiverServerGrpc (XceiverServerGrpc.java:<init>(141)) - GrpcServer channel type EpollServerSocketChannel
2024-03-15 21:40:14,258 [main] INFO  replication.ReplicationSupervisor (ReplicationSupervisor.java:build(163)) - Initializing replication supervisor with thread count = 10
2024-03-15 21:40:14,258 [main] INFO  replication.ReplicationSupervisor (ReplicationSupervisor.java:nodeStateUpdated(317)) - Node state updated to IN_SERVICE, scaling executor pool size to 10
2024-03-15 21:40:14,259 [main] INFO  http.BaseHttpServer (BaseHttpServer.java:newHttpServer2BuilderForOzone(223)) - Starting Web-server for hddsDatanode at: http://0.0.0.0:15410
2024-03-15 21:40:14,259 [main] INFO  http.BaseHttpServer (BaseHttpServer.java:<init>(110)) - Hadoop Security Enabled: false Ozone Security Enabled: false Ozone HTTP Security Enabled: false 
2024-03-15 21:40:14,260 [main] WARN  server.AuthenticationFilter (AuthenticationFilter.java:constructSecretProvider(240)) - Unable to initialize FileSignerSecretProvider, falling back to use random secrets. Reason: Could not read signature secret file: /home/runner/hadoop-http-auth-signature-secret
2024-03-15 21:40:14,260 [main] INFO  http.HttpRequestLog (HttpRequestLog.java:getRequestLog(86)) - Http request log for http.requests.hddsDatanode is not defined
2024-03-15 21:40:14,261 [main] INFO  http.HttpServer2 (HttpServer2.java:addGlobalFilter(1036)) - Added global filter 'safety' (class=org.apache.hadoop.hdds.server.http.HttpServer2$QuotingInputFilter)
2024-03-15 21:40:14,261 [main] INFO  http.HttpServer2 (HttpServer2.java:addFilter(1012)) - Added filter static_user_filter (class=org.apache.hadoop.http.lib.StaticUserWebFilter$StaticUserFilter) to context hddsDatanode
2024-03-15 21:40:14,261 [main] INFO  http.HttpServer2 (HttpServer2.java:addFilter(1020)) - Added filter static_user_filter (class=org.apache.hadoop.http.lib.StaticUserWebFilter$StaticUserFilter) to context logs
2024-03-15 21:40:14,262 [main] INFO  http.HttpServer2 (HttpServer2.java:addFilter(1020)) - Added filter static_user_filter (class=org.apache.hadoop.http.lib.StaticUserWebFilter$StaticUserFilter) to context static
2024-03-15 21:40:14,262 [main] INFO  http.BaseHttpServer (BaseHttpServer.java:<init>(189)) - HTTP server of hddsDatanode uses base directory /home/runner/work/ozone/ozone/hadoop-ozone/integration-test/target/test-dir/MiniOzoneClusterImpl-9d1dee8c-d44a-4a38-8f2b-42c9fdbb6771/ozone-meta/datanode-6/meta/webserver
2024-03-15 21:40:14,262 [main] INFO  http.HttpServer2 (HttpServer2.java:bindListener(1236)) - Jetty bound to port 15410
2024-03-15 21:40:14,262 [main] INFO  server.Server (Server.java:doStart(375)) - jetty-9.4.53.v20231009; built: 2023-10-09T12:29:09.265Z; git: 27bde00a0b95a1d5bbee0eae7984f891d2d0f8c9; jvm 1.8.0_402-b06
2024-03-15 21:40:14,263 [main] INFO  server.session (DefaultSessionIdManager.java:doStart(334)) - DefaultSessionIdManager workerName=node0
2024-03-15 21:40:14,263 [main] INFO  server.session (DefaultSessionIdManager.java:doStart(339)) - No SessionScavenger set, using defaults
2024-03-15 21:40:14,264 [main] INFO  server.session (HouseKeeper.java:startScavenging(132)) - node0 Scavenging every 660000ms
2024-03-15 21:40:14,264 [main] INFO  handler.ContextHandler (ContextHandler.java:doStart(921)) - Started o.e.j.s.ServletContextHandler@7bd6d6c5{logs,/logs,file:///home/runner/work/ozone/ozone/hadoop-ozone/integration-test/target/log,AVAILABLE}
2024-03-15 21:40:14,264 [main] INFO  handler.ContextHandler (ContextHandler.java:doStart(921)) - Started o.e.j.s.ServletContextHandler@5ac1e6ee{static,/static,jar:file:/home/runner/.m2/repository/org/apache/ozone/hdds-container-service/1.5.0-SNAPSHOT/hdds-container-service-1.5.0-SNAPSHOT.jar!/webapps/static,AVAILABLE}
2024-03-15 21:40:14,296 [main] INFO  handler.ContextHandler (ContextHandler.java:doStart(921)) - Started o.e.j.w.WebAppContext@73cb6541{hddsDatanode,/,file:///home/runner/work/ozone/ozone/hadoop-ozone/integration-test/target/test-dir/MiniOzoneClusterImpl-9d1dee8c-d44a-4a38-8f2b-42c9fdbb6771/ozone-meta/datanode-6/meta/webserver/jetty-0_0_0_0-15410-hdds-container-service-1_5_0-SNAPSHOT_jar-_-any-35671651256863017/webapp/,AVAILABLE}{jar:file:/home/runner/.m2/repository/org/apache/ozone/hdds-container-service/1.5.0-SNAPSHOT/hdds-container-service-1.5.0-SNAPSHOT.jar!/webapps/hddsDatanode}
2024-03-15 21:40:14,299 [main] INFO  server.AbstractConnector (AbstractConnector.java:doStart(333)) - Started ServerConnector@35a7d79e{HTTP/1.1, (http/1.1)}{0.0.0.0:15410}
2024-03-15 21:40:14,299 [main] INFO  server.Server (Server.java:doStart(415)) - Started @130363ms
2024-03-15 21:40:14,300 [main] WARN  impl.MetricsSystemImpl (MetricsSystemImpl.java:register(279)) - Sink prometheus already exists!
2024-03-15 21:40:14,300 [main] INFO  http.BaseHttpServer (BaseHttpServer.java:updateConnectorAddress(354)) - HTTP server of hddsDatanode listening at http://0.0.0.0:15410
2024-03-15 21:40:14,300 [main] INFO  ipc.CallQueueManager (CallQueueManager.java:<init>(90)) - Using callQueue: class java.util.concurrent.LinkedBlockingQueue, queueCapacity: 100, scheduler: class org.apache.hadoop.ipc.DefaultRpcScheduler, ipcBackoff: false.
2024-03-15 21:40:14,301 [main] INFO  ipc.Server (Server.java:<init>(1287)) - Listener at 0.0.0.0:15411
2024-03-15 21:40:14,301 [Socket Reader #1 for port 15411] INFO  ipc.Server (Server.java:run(1323)) - Starting Socket Reader #1 for port 15411
2024-03-15 21:40:14,302 [main] INFO  ozone.HddsDatanodeService (HddsDatanodeService.java:start(327)) - Datanode start with admins: [runner]
2024-03-15 21:40:14,302 [main] INFO  ozone.HddsDatanodeClientProtocolServer (HddsDatanodeClientProtocolServer.java:start(77)) - RPC server for Client /0.0.0.0:15411
2024-03-15 21:40:14,303 [IPC Server Responder] INFO  ipc.Server (Server.java:run(1562)) - IPC Server Responder: starting
2024-03-15 21:40:14,303 [timer5] WARN  server.GrpcLogAppender (LogUtils.java:warn(121)) - 020398a9-3f34-425b-a698-088ffcb35442@group-630CE914A8BD->52806cf0-a3c4-4595-bbc7-22d70c380dea-AppendLogResponseHandler: Failed appendEntries (Repeated 2 times in the last 5.001s): org.apache.ratis.thirdparty.io.grpc.StatusRuntimeException: UNAVAILABLE: io exception
2024-03-15 21:40:14,304 [IPC Server listener on 15411] INFO  ipc.Server (Server.java:run(1402)) - IPC Server listener on 15411: starting
2024-03-15 21:40:14,305 [3dfa3a40-7be8-4b27-818e-b4bcb1f9d011-DatanodeStateMachineDaemonThread] INFO  statemachine.DatanodeStateMachine (DatanodeStateMachine.java:lambda$startDaemon$1(555)) - Ozone container server started.
2024-03-15 21:40:14,305 [main] WARN  dropwizard3.Dm3MetricRegistriesImpl (Dm3MetricRegistriesImpl.java:addReporterRegistration(113)) - New reporters are added after registries were created. Some metrics will be missing from the reporter. Please add reporter before adding any new registry.
2024-03-15 21:40:14,306 [main] WARN  dropwizard3.Dm3MetricRegistriesImpl (Dm3MetricRegistriesImpl.java:addReporterRegistration(113)) - New reporters are added after registries were created. Some metrics will be missing from the reporter. Please add reporter before adding any new registry.
2024-03-15 21:40:14,306 [main] INFO  impl.MetricsSystemImpl (MetricsSystemImpl.java:init(158)) - HddsDatanode metrics system started (again)
2024-03-15 21:40:14,308 [3dfa3a40-7be8-4b27-818e-b4bcb1f9d011-DatanodeStateMachineTaskThread-0] INFO  datanode.InitDatanodeState (InitDatanodeState.java:persistContainerDatanodeDetails(139)) - DatanodeDetails is persisted to /home/runner/work/ozone/ozone/hadoop-ozone/integration-test/target/test-dir/MiniOzoneClusterImpl-9d1dee8c-d44a-4a38-8f2b-42c9fdbb6771/ozone-meta/datanode-6/meta/datanode.id
2024-03-15 21:40:14,315 [main] INFO  ozone.HddsDatanodeService (HddsDatanodeService.java:start(240)) - HddsDatanodeService host:fv-az528-102.abqymjqvoexebeyq30kq3sdubb.bx.internal.cloudapp.net ip:10.1.0.11
2024-03-15 21:40:14,330 [main] INFO  upgrade.AbstractLayoutVersionManager (AbstractLayoutVersionManager.java:init(83)) - Initializing Layout version manager with metadata layout = HADOOP_PRC_PORTS_IN_DATANODEDETAILS (version = 7), software layout = HADOOP_PRC_PORTS_IN_DATANODEDETAILS (version = 7)
2024-03-15 21:40:14,330 [main] INFO  statemachine.DatanodeStateMachine (DatanodeStateMachine.java:getEndPointTaskThreadPoolSize(299)) - Datanode State Machine Task Thread Pool size 2
2024-03-15 21:40:14,331 [main] INFO  volume.HddsVolume (HddsVolume.java:<init>(125)) - Creating HddsVolume: /home/runner/work/ozone/ozone/hadoop-ozone/integration-test/target/test-dir/MiniOzoneClusterImpl-9d1dee8c-d44a-4a38-8f2b-42c9fdbb6771/ozone-meta/datanode-7/data-0/hdds of storage type : DISK capacity : 9223372036854775807
2024-03-15 21:40:14,331 [main] INFO  volume.MutableVolumeSet (MutableVolumeSet.java:initializeVolumeSet(173)) - Added Volume : /home/runner/work/ozone/ozone/hadoop-ozone/integration-test/target/test-dir/MiniOzoneClusterImpl-9d1dee8c-d44a-4a38-8f2b-42c9fdbb6771/ozone-meta/datanode-7/data-0/hdds to VolumeSet
2024-03-15 21:40:14,332 [main] INFO  volume.MutableVolumeSet (MutableVolumeSet.java:initializeVolumeSet(173)) - Added Volume : /home/runner/work/ozone/ozone/hadoop-ozone/integration-test/target/test-dir/MiniOzoneClusterImpl-9d1dee8c-d44a-4a38-8f2b-42c9fdbb6771/ozone-meta/datanode-7/ratis to VolumeSet
2024-03-15 21:40:14,332 [main] INFO  ozoneimpl.OzoneContainer (HddsVolumeUtil.java:loadAllHddsVolumeDbStore(103)) - Load 1 volumes DbStore cost: 0ms
2024-03-15 21:40:14,333 [main] INFO  server.RaftServer (ConfUtils.java:logGet(46)) - raft.rpc.type = GRPC (default)
2024-03-15 21:40:14,333 [main] INFO  grpc.GrpcConfigKeys (ConfUtils.java:logFallback(53)) - raft.grpc.admin.host = null (fallback to raft.grpc.server.host)
2024-03-15 21:40:14,333 [main] INFO  grpc.GrpcConfigKeys (ConfUtils.java:logGet(46)) - raft.grpc.admin.port = 15423 (custom)
2024-03-15 21:40:14,334 [main] INFO  grpc.GrpcConfigKeys (ConfUtils.java:logFallback(53)) - raft.grpc.client.host = null (fallback to raft.grpc.server.host)
2024-03-15 21:40:14,334 [main] INFO  grpc.GrpcConfigKeys (ConfUtils.java:logGet(46)) - raft.grpc.client.port = 15422 (custom)
2024-03-15 21:40:14,334 [main] INFO  grpc.GrpcConfigKeys (ConfUtils.java:logGet(46)) - raft.grpc.server.host = null (default)
2024-03-15 21:40:14,334 [main] INFO  grpc.GrpcConfigKeys (ConfUtils.java:logGet(46)) - raft.grpc.server.port = 15424 (custom)
2024-03-15 21:40:14,334 [main] INFO  server.GrpcService (ConfUtils.java:logGet(46)) - raft.grpc.message.size.max = 32MB (=33554432) (custom)
2024-03-15 21:40:14,335 [main] INFO  server.RaftServerConfigKeys (ConfUtils.java:logGet(46)) - raft.server.log.appender.buffer.byte-limit = 8388608 (custom)
2024-03-15 21:40:14,335 [main] INFO  server.GrpcService (ConfUtils.java:logGet(46)) - raft.grpc.flow.control.window = 5MB (=5242880) (custom)
2024-03-15 21:40:14,335 [main] INFO  server.RaftServerConfigKeys (ConfUtils.java:logGet(46)) - raft.server.rpc.request.timeout = 3000ms (default)
2024-03-15 21:40:14,335 [main] INFO  grpc.GrpcConfigKeys (ConfUtils.java:logGet(46)) - raft.grpc.server.heartbeat.channel = true (default)
2024-03-15 21:40:14,335 [main] INFO  grpc.GrpcConfigKeys (ConfUtils.java:logGet(46)) - raft.grpc.server.async.request.thread.pool.cached = true (default)
2024-03-15 21:40:14,335 [main] INFO  grpc.GrpcConfigKeys (ConfUtils.java:logGet(46)) - raft.grpc.server.async.request.thread.pool.size = 32 (default)
2024-03-15 21:40:14,337 [main] INFO  impl.DataStreamServerImpl (ConfUtils.java:logGet(46)) - raft.datastream.type = NETTY (custom)
2024-03-15 21:40:14,337 [main] INFO  server.RaftServerConfigKeys (ConfUtils.java:logGet(46)) - raft.server.data-stream.async.request.thread.pool.cached = false (default)
2024-03-15 21:40:14,337 [main] INFO  server.RaftServerConfigKeys (ConfUtils.java:logGet(46)) - raft.server.data-stream.async.request.thread.pool.size = 20 (custom)
2024-03-15 21:40:14,337 [main] INFO  server.RaftServerConfigKeys (ConfUtils.java:logGet(46)) - raft.server.data-stream.async.write.thread.pool.size = 16 (default)
2024-03-15 21:40:14,337 [main] INFO  netty.NettyConfigKeys$DataStream (ConfUtils.java:logGet(46)) - raft.netty.dataStream.server.channel.inactive.grace-period = 10min (default)
2024-03-15 21:40:14,338 [main] INFO  server.RaftServerConfigKeys (ConfUtils.java:logGet(46)) - raft.server.data-stream.client.pool.size = 10 (default)
2024-03-15 21:40:14,338 [main] INFO  netty.NettyConfigKeys$DataStream (ConfUtils.java:logGet(46)) - raft.netty.dataStream.server.use-epoll = true (default)
2024-03-15 21:40:14,338 [main] INFO  netty.NettyConfigKeys$DataStream (ConfUtils.java:logGet(46)) - raft.netty.dataStream.server.boss-group.size = 0 (default)
2024-03-15 21:40:14,338 [main] INFO  netty.NettyUtils (NettyUtils.java:newEventLoopGroup(69)) - Create EpollEventLoopGroup for caf183e4-1f79-482a-9e33-59f38e9311f0-NettyServerStreamRpc-bossGroup; Thread size is 0.
2024-03-15 21:40:14,338 [main] INFO  netty.NettyConfigKeys$DataStream (ConfUtils.java:logGet(46)) - raft.netty.dataStream.server.worker-group.size = 0 (default)
2024-03-15 21:40:14,338 [main] INFO  netty.NettyUtils (NettyUtils.java:newEventLoopGroup(69)) - Create EpollEventLoopGroup for caf183e4-1f79-482a-9e33-59f38e9311f0-NettyServerStreamRpc-workerGroup; Thread size is 0.
2024-03-15 21:40:14,339 [main] INFO  netty.NettyConfigKeys$DataStream (ConfUtils.java:logGet(46)) - raft.netty.dataStream.server.tls.conf = null (default)
2024-03-15 21:40:14,339 [main] INFO  netty.NettyConfigKeys$DataStream (ConfUtils.java:logGet(46)) - raft.netty.dataStream.host = null (default)
2024-03-15 21:40:14,339 [main] INFO  netty.NettyConfigKeys$DataStream (ConfUtils.java:logGet(46)) - raft.netty.dataStream.port = 15425 (custom)
2024-03-15 21:40:14,339 [main] INFO  server.RaftServerConfigKeys (ConfUtils.java:logGet(46)) - raft.server.sleep.deviation.threshold = 300ms (default)
2024-03-15 21:40:14,340 [caf183e4-1f79-482a-9e33-59f38e9311f0-NettyServerStreamRpc-bossGroup--thread1] INFO  logging.LoggingHandler (AbstractInternalLogger.java:log(148)) - [id: 0xcd052da5] REGISTERED
2024-03-15 21:40:14,340 [main] INFO  server.RaftServerConfigKeys (ConfUtils.java:logGet(46)) - raft.server.close.threshold = 60s (default)
2024-03-15 21:40:14,340 [main] INFO  server.RaftServerConfigKeys (ConfUtils.java:logGet(46)) - raft.server.leaderelection.leader.step-down.wait-time = 10s (default)
2024-03-15 21:40:14,340 [caf183e4-1f79-482a-9e33-59f38e9311f0-NettyServerStreamRpc-bossGroup--thread1] INFO  logging.LoggingHandler (AbstractInternalLogger.java:log(148)) - [id: 0xcd052da5] BIND: 0.0.0.0/0.0.0.0:15425
2024-03-15 21:40:14,340 [main] INFO  server.RaftServerConfigKeys (ConfUtils.java:logGet(46)) - raft.server.storage.dir = [/home/runner/work/ozone/ozone/hadoop-ozone/integration-test/target/test-dir/MiniOzoneClusterImpl-9d1dee8c-d44a-4a38-8f2b-42c9fdbb6771/ozone-meta/datanode-7/ratis] (custom)
2024-03-15 21:40:14,340 [main] INFO  server.RaftServerConfigKeys (ConfUtils.java:logGet(46)) - raft.server.threadpool.proxy.cached = true (default)
2024-03-15 21:40:14,341 [main] INFO  server.RaftServerConfigKeys (ConfUtils.java:logGet(46)) - raft.server.threadpool.proxy.size = 0 (default)
2024-03-15 21:40:14,340 [caf183e4-1f79-482a-9e33-59f38e9311f0-NettyServerStreamRpc-bossGroup--thread1] INFO  logging.LoggingHandler (AbstractInternalLogger.java:log(148)) - [id: 0xcd052da5, L:/0.0.0.0:15425] ACTIVE
2024-03-15 21:40:14,344 [caf183e4-1f79-482a-9e33-59f38e9311f0-impl-thread1] INFO  server.RaftServer (RaftServerProxy.java:initGroupDir(264)) - caf183e4-1f79-482a-9e33-59f38e9311f0: found a subdirectory /home/runner/work/ozone/ozone/hadoop-ozone/integration-test/target/test-dir/MiniOzoneClusterImpl-9d1dee8c-d44a-4a38-8f2b-42c9fdbb6771/ozone-meta/datanode-7/ratis/tmp
2024-03-15 21:40:14,344 [caf183e4-1f79-482a-9e33-59f38e9311f0-impl-thread1] INFO  server.RaftServer (RaftServerProxy.java:initGroupDir(269)) - caf183e4-1f79-482a-9e33-59f38e9311f0: The directory /home/runner/work/ozone/ozone/hadoop-ozone/integration-test/target/test-dir/MiniOzoneClusterImpl-9d1dee8c-d44a-4a38-8f2b-42c9fdbb6771/ozone-meta/datanode-7/ratis/tmp is not a group directory; ignoring it. 
2024-03-15 21:40:14,344 [main] INFO  replication.ReplicationServer (ReplicationServer.java:<init>(86)) - Initializing replication server with thread count = 10 queue length = 4096
2024-03-15 21:40:14,345 [main] INFO  server.XceiverServerGrpc (XceiverServerGrpc.java:<init>(141)) - GrpcServer channel type EpollServerSocketChannel
2024-03-15 21:40:14,346 [main] INFO  replication.ReplicationSupervisor (ReplicationSupervisor.java:build(163)) - Initializing replication supervisor with thread count = 10
2024-03-15 21:40:14,347 [main] INFO  replication.ReplicationSupervisor (ReplicationSupervisor.java:nodeStateUpdated(317)) - Node state updated to IN_SERVICE, scaling executor pool size to 10
2024-03-15 21:40:14,348 [main] INFO  http.BaseHttpServer (BaseHttpServer.java:newHttpServer2BuilderForOzone(223)) - Starting Web-server for hddsDatanode at: http://0.0.0.0:15419
2024-03-15 21:40:14,348 [main] INFO  http.BaseHttpServer (BaseHttpServer.java:<init>(110)) - Hadoop Security Enabled: false Ozone Security Enabled: false Ozone HTTP Security Enabled: false 
2024-03-15 21:40:14,349 [main] WARN  server.AuthenticationFilter (AuthenticationFilter.java:constructSecretProvider(240)) - Unable to initialize FileSignerSecretProvider, falling back to use random secrets. Reason: Could not read signature secret file: /home/runner/hadoop-http-auth-signature-secret
2024-03-15 21:40:14,349 [main] INFO  http.HttpRequestLog (HttpRequestLog.java:getRequestLog(86)) - Http request log for http.requests.hddsDatanode is not defined
2024-03-15 21:40:14,350 [main] INFO  http.HttpServer2 (HttpServer2.java:addGlobalFilter(1036)) - Added global filter 'safety' (class=org.apache.hadoop.hdds.server.http.HttpServer2$QuotingInputFilter)
2024-03-15 21:40:14,350 [main] INFO  http.HttpServer2 (HttpServer2.java:addFilter(1012)) - Added filter static_user_filter (class=org.apache.hadoop.http.lib.StaticUserWebFilter$StaticUserFilter) to context hddsDatanode
2024-03-15 21:40:14,351 [main] INFO  http.HttpServer2 (HttpServer2.java:addFilter(1020)) - Added filter static_user_filter (class=org.apache.hadoop.http.lib.StaticUserWebFilter$StaticUserFilter) to context logs
2024-03-15 21:40:14,351 [main] INFO  http.HttpServer2 (HttpServer2.java:addFilter(1020)) - Added filter static_user_filter (class=org.apache.hadoop.http.lib.StaticUserWebFilter$StaticUserFilter) to context static
2024-03-15 21:40:14,351 [main] INFO  http.BaseHttpServer (BaseHttpServer.java:<init>(189)) - HTTP server of hddsDatanode uses base directory /home/runner/work/ozone/ozone/hadoop-ozone/integration-test/target/test-dir/MiniOzoneClusterImpl-9d1dee8c-d44a-4a38-8f2b-42c9fdbb6771/ozone-meta/datanode-7/meta/webserver
2024-03-15 21:40:14,351 [main] INFO  http.HttpServer2 (HttpServer2.java:bindListener(1236)) - Jetty bound to port 15419
2024-03-15 21:40:14,351 [main] INFO  server.Server (Server.java:doStart(375)) - jetty-9.4.53.v20231009; built: 2023-10-09T12:29:09.265Z; git: 27bde00a0b95a1d5bbee0eae7984f891d2d0f8c9; jvm 1.8.0_402-b06
2024-03-15 21:40:14,352 [main] INFO  server.session (DefaultSessionIdManager.java:doStart(334)) - DefaultSessionIdManager workerName=node0
2024-03-15 21:40:14,352 [main] INFO  server.session (DefaultSessionIdManager.java:doStart(339)) - No SessionScavenger set, using defaults
2024-03-15 21:40:14,352 [main] INFO  server.session (HouseKeeper.java:startScavenging(132)) - node0 Scavenging every 660000ms
2024-03-15 21:40:14,353 [main] INFO  handler.ContextHandler (ContextHandler.java:doStart(921)) - Started o.e.j.s.ServletContextHandler@3dec5ca6{logs,/logs,file:///home/runner/work/ozone/ozone/hadoop-ozone/integration-test/target/log,AVAILABLE}
2024-03-15 21:40:14,355 [main] INFO  handler.ContextHandler (ContextHandler.java:doStart(921)) - Started o.e.j.s.ServletContextHandler@214629a9{static,/static,jar:file:/home/runner/.m2/repository/org/apache/ozone/hdds-container-service/1.5.0-SNAPSHOT/hdds-container-service-1.5.0-SNAPSHOT.jar!/webapps/static,AVAILABLE}
2024-03-15 21:40:14,385 [main] INFO  handler.ContextHandler (ContextHandler.java:doStart(921)) - Started o.e.j.w.WebAppContext@38884a51{hddsDatanode,/,file:///home/runner/work/ozone/ozone/hadoop-ozone/integration-test/target/test-dir/MiniOzoneClusterImpl-9d1dee8c-d44a-4a38-8f2b-42c9fdbb6771/ozone-meta/datanode-7/meta/webserver/jetty-0_0_0_0-15419-hdds-container-service-1_5_0-SNAPSHOT_jar-_-any-7448037333749155017/webapp/,AVAILABLE}{jar:file:/home/runner/.m2/repository/org/apache/ozone/hdds-container-service/1.5.0-SNAPSHOT/hdds-container-service-1.5.0-SNAPSHOT.jar!/webapps/hddsDatanode}
2024-03-15 21:40:14,386 [main] INFO  server.AbstractConnector (AbstractConnector.java:doStart(333)) - Started ServerConnector@83718d{HTTP/1.1, (http/1.1)}{0.0.0.0:15419}
2024-03-15 21:40:14,386 [main] INFO  server.Server (Server.java:doStart(415)) - Started @130450ms
2024-03-15 21:40:14,386 [main] WARN  impl.MetricsSystemImpl (MetricsSystemImpl.java:register(279)) - Sink prometheus already exists!
2024-03-15 21:40:14,386 [main] INFO  http.BaseHttpServer (BaseHttpServer.java:updateConnectorAddress(354)) - HTTP server of hddsDatanode listening at http://0.0.0.0:15419
2024-03-15 21:40:14,387 [main] INFO  ipc.CallQueueManager (CallQueueManager.java:<init>(90)) - Using callQueue: class java.util.concurrent.LinkedBlockingQueue, queueCapacity: 100, scheduler: class org.apache.hadoop.ipc.DefaultRpcScheduler, ipcBackoff: false.
2024-03-15 21:40:14,387 [main] INFO  ipc.Server (Server.java:<init>(1287)) - Listener at 0.0.0.0:15420
2024-03-15 21:40:14,387 [Socket Reader #1 for port 15420] INFO  ipc.Server (Server.java:run(1323)) - Starting Socket Reader #1 for port 15420
2024-03-15 21:40:14,389 [main] INFO  ozone.HddsDatanodeService (HddsDatanodeService.java:start(327)) - Datanode start with admins: [runner]
2024-03-15 21:40:14,389 [main] INFO  ozone.HddsDatanodeClientProtocolServer (HddsDatanodeClientProtocolServer.java:start(77)) - RPC server for Client /0.0.0.0:15420
2024-03-15 21:40:14,389 [IPC Server Responder] INFO  ipc.Server (Server.java:run(1562)) - IPC Server Responder: starting
2024-03-15 21:40:14,389 [IPC Server listener on 15420] INFO  ipc.Server (Server.java:run(1402)) - IPC Server listener on 15420: starting
2024-03-15 21:40:14,391 [caf183e4-1f79-482a-9e33-59f38e9311f0-DatanodeStateMachineDaemonThread] INFO  statemachine.DatanodeStateMachine (DatanodeStateMachine.java:lambda$startDaemon$1(555)) - Ozone container server started.
2024-03-15 21:40:14,391 [main] WARN  dropwizard3.Dm3MetricRegistriesImpl (Dm3MetricRegistriesImpl.java:addReporterRegistration(113)) - New reporters are added after registries were created. Some metrics will be missing from the reporter. Please add reporter before adding any new registry.
2024-03-15 21:40:14,392 [main] WARN  dropwizard3.Dm3MetricRegistriesImpl (Dm3MetricRegistriesImpl.java:addReporterRegistration(113)) - New reporters are added after registries were created. Some metrics will be missing from the reporter. Please add reporter before adding any new registry.
2024-03-15 21:40:14,392 [main] INFO  impl.MetricsSystemImpl (MetricsSystemImpl.java:init(158)) - HddsDatanode metrics system started (again)
2024-03-15 21:40:14,394 [caf183e4-1f79-482a-9e33-59f38e9311f0-DatanodeStateMachineTaskThread-0] INFO  datanode.InitDatanodeState (InitDatanodeState.java:persistContainerDatanodeDetails(139)) - DatanodeDetails is persisted to /home/runner/work/ozone/ozone/hadoop-ozone/integration-test/target/test-dir/MiniOzoneClusterImpl-9d1dee8c-d44a-4a38-8f2b-42c9fdbb6771/ozone-meta/datanode-7/meta/datanode.id
2024-03-15 21:40:14,401 [main] INFO  ozone.HddsDatanodeService (HddsDatanodeService.java:start(240)) - HddsDatanodeService host:fv-az528-102.abqymjqvoexebeyq30kq3sdubb.bx.internal.cloudapp.net ip:10.1.0.11
2024-03-15 21:40:14,415 [main] INFO  upgrade.AbstractLayoutVersionManager (AbstractLayoutVersionManager.java:init(83)) - Initializing Layout version manager with metadata layout = HADOOP_PRC_PORTS_IN_DATANODEDETAILS (version = 7), software layout = HADOOP_PRC_PORTS_IN_DATANODEDETAILS (version = 7)
2024-03-15 21:40:14,416 [main] INFO  statemachine.DatanodeStateMachine (DatanodeStateMachine.java:getEndPointTaskThreadPoolSize(299)) - Datanode State Machine Task Thread Pool size 2
2024-03-15 21:40:14,416 [main] INFO  volume.HddsVolume (HddsVolume.java:<init>(125)) - Creating HddsVolume: /home/runner/work/ozone/ozone/hadoop-ozone/integration-test/target/test-dir/MiniOzoneClusterImpl-9d1dee8c-d44a-4a38-8f2b-42c9fdbb6771/ozone-meta/datanode-8/data-0/hdds of storage type : DISK capacity : 9223372036854775807
2024-03-15 21:40:14,417 [main] INFO  volume.MutableVolumeSet (MutableVolumeSet.java:initializeVolumeSet(173)) - Added Volume : /home/runner/work/ozone/ozone/hadoop-ozone/integration-test/target/test-dir/MiniOzoneClusterImpl-9d1dee8c-d44a-4a38-8f2b-42c9fdbb6771/ozone-meta/datanode-8/data-0/hdds to VolumeSet
2024-03-15 21:40:14,417 [main] INFO  volume.MutableVolumeSet (MutableVolumeSet.java:initializeVolumeSet(173)) - Added Volume : /home/runner/work/ozone/ozone/hadoop-ozone/integration-test/target/test-dir/MiniOzoneClusterImpl-9d1dee8c-d44a-4a38-8f2b-42c9fdbb6771/ozone-meta/datanode-8/ratis to VolumeSet
2024-03-15 21:40:14,417 [main] INFO  ozoneimpl.OzoneContainer (HddsVolumeUtil.java:loadAllHddsVolumeDbStore(103)) - Load 1 volumes DbStore cost: 0ms
2024-03-15 21:40:14,419 [main] INFO  server.RaftServer (ConfUtils.java:logGet(46)) - raft.rpc.type = GRPC (default)
2024-03-15 21:40:14,419 [main] INFO  grpc.GrpcConfigKeys (ConfUtils.java:logFallback(53)) - raft.grpc.admin.host = null (fallback to raft.grpc.server.host)
2024-03-15 21:40:14,419 [main] INFO  grpc.GrpcConfigKeys (ConfUtils.java:logGet(46)) - raft.grpc.admin.port = 15432 (custom)
2024-03-15 21:40:14,419 [main] INFO  grpc.GrpcConfigKeys (ConfUtils.java:logFallback(53)) - raft.grpc.client.host = null (fallback to raft.grpc.server.host)
2024-03-15 21:40:14,419 [main] INFO  grpc.GrpcConfigKeys (ConfUtils.java:logGet(46)) - raft.grpc.client.port = 15431 (custom)
2024-03-15 21:40:14,419 [main] INFO  grpc.GrpcConfigKeys (ConfUtils.java:logGet(46)) - raft.grpc.server.host = null (default)
2024-03-15 21:40:14,419 [main] INFO  grpc.GrpcConfigKeys (ConfUtils.java:logGet(46)) - raft.grpc.server.port = 15433 (custom)
2024-03-15 21:40:14,419 [main] INFO  server.GrpcService (ConfUtils.java:logGet(46)) - raft.grpc.message.size.max = 32MB (=33554432) (custom)
2024-03-15 21:40:14,420 [main] INFO  server.RaftServerConfigKeys (ConfUtils.java:logGet(46)) - raft.server.log.appender.buffer.byte-limit = 8388608 (custom)
2024-03-15 21:40:14,420 [main] INFO  server.GrpcService (ConfUtils.java:logGet(46)) - raft.grpc.flow.control.window = 5MB (=5242880) (custom)
2024-03-15 21:40:14,420 [main] INFO  server.RaftServerConfigKeys (ConfUtils.java:logGet(46)) - raft.server.rpc.request.timeout = 3000ms (default)
2024-03-15 21:40:14,420 [main] INFO  grpc.GrpcConfigKeys (ConfUtils.java:logGet(46)) - raft.grpc.server.heartbeat.channel = true (default)
2024-03-15 21:40:14,420 [main] INFO  grpc.GrpcConfigKeys (ConfUtils.java:logGet(46)) - raft.grpc.server.async.request.thread.pool.cached = true (default)
2024-03-15 21:40:14,420 [main] INFO  grpc.GrpcConfigKeys (ConfUtils.java:logGet(46)) - raft.grpc.server.async.request.thread.pool.size = 32 (default)
2024-03-15 21:40:14,422 [main] INFO  impl.DataStreamServerImpl (ConfUtils.java:logGet(46)) - raft.datastream.type = NETTY (custom)
2024-03-15 21:40:14,422 [main] INFO  server.RaftServerConfigKeys (ConfUtils.java:logGet(46)) - raft.server.data-stream.async.request.thread.pool.cached = false (default)
2024-03-15 21:40:14,422 [main] INFO  server.RaftServerConfigKeys (ConfUtils.java:logGet(46)) - raft.server.data-stream.async.request.thread.pool.size = 20 (custom)
2024-03-15 21:40:14,422 [main] INFO  server.RaftServerConfigKeys (ConfUtils.java:logGet(46)) - raft.server.data-stream.async.write.thread.pool.size = 16 (default)
2024-03-15 21:40:14,422 [main] INFO  netty.NettyConfigKeys$DataStream (ConfUtils.java:logGet(46)) - raft.netty.dataStream.server.channel.inactive.grace-period = 10min (default)
2024-03-15 21:40:14,422 [main] INFO  server.RaftServerConfigKeys (ConfUtils.java:logGet(46)) - raft.server.data-stream.client.pool.size = 10 (default)
2024-03-15 21:40:14,423 [main] INFO  netty.NettyConfigKeys$DataStream (ConfUtils.java:logGet(46)) - raft.netty.dataStream.server.use-epoll = true (default)
2024-03-15 21:40:14,423 [main] INFO  netty.NettyConfigKeys$DataStream (ConfUtils.java:logGet(46)) - raft.netty.dataStream.server.boss-group.size = 0 (default)
2024-03-15 21:40:14,423 [main] INFO  netty.NettyUtils (NettyUtils.java:newEventLoopGroup(69)) - Create EpollEventLoopGroup for b15e7803-4f8e-4e49-829e-8079360f838e-NettyServerStreamRpc-bossGroup; Thread size is 0.
2024-03-15 21:40:14,423 [main] INFO  netty.NettyConfigKeys$DataStream (ConfUtils.java:logGet(46)) - raft.netty.dataStream.server.worker-group.size = 0 (default)
2024-03-15 21:40:14,423 [main] INFO  netty.NettyUtils (NettyUtils.java:newEventLoopGroup(69)) - Create EpollEventLoopGroup for b15e7803-4f8e-4e49-829e-8079360f838e-NettyServerStreamRpc-workerGroup; Thread size is 0.
2024-03-15 21:40:14,424 [main] INFO  netty.NettyConfigKeys$DataStream (ConfUtils.java:logGet(46)) - raft.netty.dataStream.server.tls.conf = null (default)
2024-03-15 21:40:14,424 [main] INFO  netty.NettyConfigKeys$DataStream (ConfUtils.java:logGet(46)) - raft.netty.dataStream.host = null (default)
2024-03-15 21:40:14,424 [main] INFO  netty.NettyConfigKeys$DataStream (ConfUtils.java:logGet(46)) - raft.netty.dataStream.port = 15434 (custom)
2024-03-15 21:40:14,424 [main] INFO  server.RaftServerConfigKeys (ConfUtils.java:logGet(46)) - raft.server.sleep.deviation.threshold = 300ms (default)
2024-03-15 21:40:14,424 [main] INFO  server.RaftServerConfigKeys (ConfUtils.java:logGet(46)) - raft.server.close.threshold = 60s (default)
2024-03-15 21:40:14,424 [main] INFO  server.RaftServerConfigKeys (ConfUtils.java:logGet(46)) - raft.server.leaderelection.leader.step-down.wait-time = 10s (default)
2024-03-15 21:40:14,424 [b15e7803-4f8e-4e49-829e-8079360f838e-NettyServerStreamRpc-bossGroup--thread1] INFO  logging.LoggingHandler (AbstractInternalLogger.java:log(148)) - [id: 0x33bbebb9] REGISTERED
2024-03-15 21:40:14,425 [main] INFO  server.RaftServerConfigKeys (ConfUtils.java:logGet(46)) - raft.server.storage.dir = [/home/runner/work/ozone/ozone/hadoop-ozone/integration-test/target/test-dir/MiniOzoneClusterImpl-9d1dee8c-d44a-4a38-8f2b-42c9fdbb6771/ozone-meta/datanode-8/ratis] (custom)
2024-03-15 21:40:14,425 [main] INFO  server.RaftServerConfigKeys (ConfUtils.java:logGet(46)) - raft.server.threadpool.proxy.cached = true (default)
2024-03-15 21:40:14,425 [main] INFO  server.RaftServerConfigKeys (ConfUtils.java:logGet(46)) - raft.server.threadpool.proxy.size = 0 (default)
2024-03-15 21:40:14,425 [b15e7803-4f8e-4e49-829e-8079360f838e-NettyServerStreamRpc-bossGroup--thread1] INFO  logging.LoggingHandler (AbstractInternalLogger.java:log(148)) - [id: 0x33bbebb9] BIND: 0.0.0.0/0.0.0.0:15434
2024-03-15 21:40:14,425 [b15e7803-4f8e-4e49-829e-8079360f838e-NettyServerStreamRpc-bossGroup--thread1] INFO  logging.LoggingHandler (AbstractInternalLogger.java:log(148)) - [id: 0x33bbebb9, L:/0.0.0.0:15434] ACTIVE
2024-03-15 21:40:14,425 [b15e7803-4f8e-4e49-829e-8079360f838e-impl-thread1] INFO  server.RaftServer (RaftServerProxy.java:initGroupDir(264)) - b15e7803-4f8e-4e49-829e-8079360f838e: found a subdirectory /home/runner/work/ozone/ozone/hadoop-ozone/integration-test/target/test-dir/MiniOzoneClusterImpl-9d1dee8c-d44a-4a38-8f2b-42c9fdbb6771/ozone-meta/datanode-8/ratis/tmp
2024-03-15 21:40:14,425 [b15e7803-4f8e-4e49-829e-8079360f838e-impl-thread1] INFO  server.RaftServer (RaftServerProxy.java:initGroupDir(269)) - b15e7803-4f8e-4e49-829e-8079360f838e: The directory /home/runner/work/ozone/ozone/hadoop-ozone/integration-test/target/test-dir/MiniOzoneClusterImpl-9d1dee8c-d44a-4a38-8f2b-42c9fdbb6771/ozone-meta/datanode-8/ratis/tmp is not a group directory; ignoring it. 
2024-03-15 21:40:14,426 [main] INFO  replication.ReplicationServer (ReplicationServer.java:<init>(86)) - Initializing replication server with thread count = 10 queue length = 4096
2024-03-15 21:40:14,426 [main] INFO  server.XceiverServerGrpc (XceiverServerGrpc.java:<init>(141)) - GrpcServer channel type EpollServerSocketChannel
2024-03-15 21:40:14,427 [main] INFO  replication.ReplicationSupervisor (ReplicationSupervisor.java:build(163)) - Initializing replication supervisor with thread count = 10
2024-03-15 21:40:14,427 [main] INFO  replication.ReplicationSupervisor (ReplicationSupervisor.java:nodeStateUpdated(317)) - Node state updated to IN_SERVICE, scaling executor pool size to 10
2024-03-15 21:40:14,428 [main] INFO  http.BaseHttpServer (BaseHttpServer.java:newHttpServer2BuilderForOzone(223)) - Starting Web-server for hddsDatanode at: http://0.0.0.0:15428
2024-03-15 21:40:14,429 [main] INFO  http.BaseHttpServer (BaseHttpServer.java:<init>(110)) - Hadoop Security Enabled: false Ozone Security Enabled: false Ozone HTTP Security Enabled: false 
2024-03-15 21:40:14,429 [main] WARN  server.AuthenticationFilter (AuthenticationFilter.java:constructSecretProvider(240)) - Unable to initialize FileSignerSecretProvider, falling back to use random secrets. Reason: Could not read signature secret file: /home/runner/hadoop-http-auth-signature-secret
2024-03-15 21:40:14,430 [main] INFO  http.HttpRequestLog (HttpRequestLog.java:getRequestLog(86)) - Http request log for http.requests.hddsDatanode is not defined
2024-03-15 21:40:14,430 [main] INFO  http.HttpServer2 (HttpServer2.java:addGlobalFilter(1036)) - Added global filter 'safety' (class=org.apache.hadoop.hdds.server.http.HttpServer2$QuotingInputFilter)
2024-03-15 21:40:14,431 [main] INFO  http.HttpServer2 (HttpServer2.java:addFilter(1012)) - Added filter static_user_filter (class=org.apache.hadoop.http.lib.StaticUserWebFilter$StaticUserFilter) to context hddsDatanode
2024-03-15 21:40:14,431 [main] INFO  http.HttpServer2 (HttpServer2.java:addFilter(1020)) - Added filter static_user_filter (class=org.apache.hadoop.http.lib.StaticUserWebFilter$StaticUserFilter) to context logs
2024-03-15 21:40:14,431 [main] INFO  http.HttpServer2 (HttpServer2.java:addFilter(1020)) - Added filter static_user_filter (class=org.apache.hadoop.http.lib.StaticUserWebFilter$StaticUserFilter) to context static
2024-03-15 21:40:14,431 [main] INFO  http.BaseHttpServer (BaseHttpServer.java:<init>(189)) - HTTP server of hddsDatanode uses base directory /home/runner/work/ozone/ozone/hadoop-ozone/integration-test/target/test-dir/MiniOzoneClusterImpl-9d1dee8c-d44a-4a38-8f2b-42c9fdbb6771/ozone-meta/datanode-8/meta/webserver
2024-03-15 21:40:14,431 [main] INFO  http.HttpServer2 (HttpServer2.java:bindListener(1236)) - Jetty bound to port 15428
2024-03-15 21:40:14,432 [main] INFO  server.Server (Server.java:doStart(375)) - jetty-9.4.53.v20231009; built: 2023-10-09T12:29:09.265Z; git: 27bde00a0b95a1d5bbee0eae7984f891d2d0f8c9; jvm 1.8.0_402-b06
2024-03-15 21:40:14,432 [main] INFO  server.session (DefaultSessionIdManager.java:doStart(334)) - DefaultSessionIdManager workerName=node0
2024-03-15 21:40:14,432 [main] INFO  server.session (DefaultSessionIdManager.java:doStart(339)) - No SessionScavenger set, using defaults
2024-03-15 21:40:14,433 [main] INFO  server.session (HouseKeeper.java:startScavenging(132)) - node0 Scavenging every 600000ms
2024-03-15 21:40:14,433 [main] INFO  handler.ContextHandler (ContextHandler.java:doStart(921)) - Started o.e.j.s.ServletContextHandler@3c8a8343{logs,/logs,file:///home/runner/work/ozone/ozone/hadoop-ozone/integration-test/target/log,AVAILABLE}
2024-03-15 21:40:14,433 [main] INFO  handler.ContextHandler (ContextHandler.java:doStart(921)) - Started o.e.j.s.ServletContextHandler@4d59a777{static,/static,jar:file:/home/runner/.m2/repository/org/apache/ozone/hdds-container-service/1.5.0-SNAPSHOT/hdds-container-service-1.5.0-SNAPSHOT.jar!/webapps/static,AVAILABLE}
2024-03-15 21:40:14,464 [main] INFO  handler.ContextHandler (ContextHandler.java:doStart(921)) - Started o.e.j.w.WebAppContext@24e3ffba{hddsDatanode,/,file:///home/runner/work/ozone/ozone/hadoop-ozone/integration-test/target/test-dir/MiniOzoneClusterImpl-9d1dee8c-d44a-4a38-8f2b-42c9fdbb6771/ozone-meta/datanode-8/meta/webserver/jetty-0_0_0_0-15428-hdds-container-service-1_5_0-SNAPSHOT_jar-_-any-5674301299035535172/webapp/,AVAILABLE}{jar:file:/home/runner/.m2/repository/org/apache/ozone/hdds-container-service/1.5.0-SNAPSHOT/hdds-container-service-1.5.0-SNAPSHOT.jar!/webapps/hddsDatanode}
2024-03-15 21:40:14,465 [main] INFO  server.AbstractConnector (AbstractConnector.java:doStart(333)) - Started ServerConnector@7f54ea45{HTTP/1.1, (http/1.1)}{0.0.0.0:15428}
2024-03-15 21:40:14,465 [main] INFO  server.Server (Server.java:doStart(415)) - Started @130529ms
2024-03-15 21:40:14,465 [main] WARN  impl.MetricsSystemImpl (MetricsSystemImpl.java:register(279)) - Sink prometheus already exists!
2024-03-15 21:40:14,466 [main] INFO  http.BaseHttpServer (BaseHttpServer.java:updateConnectorAddress(354)) - HTTP server of hddsDatanode listening at http://0.0.0.0:15428
2024-03-15 21:40:14,466 [main] INFO  ipc.CallQueueManager (CallQueueManager.java:<init>(90)) - Using callQueue: class java.util.concurrent.LinkedBlockingQueue, queueCapacity: 100, scheduler: class org.apache.hadoop.ipc.DefaultRpcScheduler, ipcBackoff: false.
2024-03-15 21:40:14,466 [main] INFO  ipc.Server (Server.java:<init>(1287)) - Listener at 0.0.0.0:15429
2024-03-15 21:40:14,467 [Socket Reader #1 for port 15429] INFO  ipc.Server (Server.java:run(1323)) - Starting Socket Reader #1 for port 15429
2024-03-15 21:40:14,468 [main] INFO  ozone.HddsDatanodeService (HddsDatanodeService.java:start(327)) - Datanode start with admins: [runner]
2024-03-15 21:40:14,468 [main] INFO  ozone.HddsDatanodeClientProtocolServer (HddsDatanodeClientProtocolServer.java:start(77)) - RPC server for Client /0.0.0.0:15429
2024-03-15 21:40:14,475 [IPC Server listener on 15429] INFO  ipc.Server (Server.java:run(1402)) - IPC Server listener on 15429: starting
2024-03-15 21:40:14,475 [IPC Server Responder] INFO  ipc.Server (Server.java:run(1562)) - IPC Server Responder: starting
2024-03-15 21:40:14,478 [main] WARN  dropwizard3.Dm3MetricRegistriesImpl (Dm3MetricRegistriesImpl.java:addReporterRegistration(113)) - New reporters are added after registries were created. Some metrics will be missing from the reporter. Please add reporter before adding any new registry.
2024-03-15 21:40:14,480 [main] WARN  dropwizard3.Dm3MetricRegistriesImpl (Dm3MetricRegistriesImpl.java:addReporterRegistration(113)) - New reporters are added after registries were created. Some metrics will be missing from the reporter. Please add reporter before adding any new registry.
2024-03-15 21:40:14,480 [b15e7803-4f8e-4e49-829e-8079360f838e-DatanodeStateMachineDaemonThread] INFO  statemachine.DatanodeStateMachine (DatanodeStateMachine.java:lambda$startDaemon$1(555)) - Ozone container server started.
2024-03-15 21:40:14,480 [main] INFO  impl.MetricsSystemImpl (MetricsSystemImpl.java:init(158)) - HddsDatanode metrics system started (again)
2024-03-15 21:40:14,484 [b15e7803-4f8e-4e49-829e-8079360f838e-DatanodeStateMachineTaskThread-0] INFO  datanode.InitDatanodeState (InitDatanodeState.java:persistContainerDatanodeDetails(139)) - DatanodeDetails is persisted to /home/runner/work/ozone/ozone/hadoop-ozone/integration-test/target/test-dir/MiniOzoneClusterImpl-9d1dee8c-d44a-4a38-8f2b-42c9fdbb6771/ozone-meta/datanode-8/meta/datanode.id
2024-03-15 21:40:14,491 [main] INFO  ozone.HddsDatanodeService (HddsDatanodeService.java:start(240)) - HddsDatanodeService host:fv-az528-102.abqymjqvoexebeyq30kq3sdubb.bx.internal.cloudapp.net ip:10.1.0.11
2024-03-15 21:40:14,505 [main] INFO  upgrade.AbstractLayoutVersionManager (AbstractLayoutVersionManager.java:init(83)) - Initializing Layout version manager with metadata layout = HADOOP_PRC_PORTS_IN_DATANODEDETAILS (version = 7), software layout = HADOOP_PRC_PORTS_IN_DATANODEDETAILS (version = 7)
2024-03-15 21:40:14,505 [main] INFO  statemachine.DatanodeStateMachine (DatanodeStateMachine.java:getEndPointTaskThreadPoolSize(299)) - Datanode State Machine Task Thread Pool size 2
2024-03-15 21:40:14,506 [main] INFO  volume.HddsVolume (HddsVolume.java:<init>(125)) - Creating HddsVolume: /home/runner/work/ozone/ozone/hadoop-ozone/integration-test/target/test-dir/MiniOzoneClusterImpl-9d1dee8c-d44a-4a38-8f2b-42c9fdbb6771/ozone-meta/datanode-9/data-0/hdds of storage type : DISK capacity : 9223372036854775807
2024-03-15 21:40:14,506 [main] INFO  volume.MutableVolumeSet (MutableVolumeSet.java:initializeVolumeSet(173)) - Added Volume : /home/runner/work/ozone/ozone/hadoop-ozone/integration-test/target/test-dir/MiniOzoneClusterImpl-9d1dee8c-d44a-4a38-8f2b-42c9fdbb6771/ozone-meta/datanode-9/data-0/hdds to VolumeSet
2024-03-15 21:40:14,507 [main] INFO  volume.MutableVolumeSet (MutableVolumeSet.java:initializeVolumeSet(173)) - Added Volume : /home/runner/work/ozone/ozone/hadoop-ozone/integration-test/target/test-dir/MiniOzoneClusterImpl-9d1dee8c-d44a-4a38-8f2b-42c9fdbb6771/ozone-meta/datanode-9/ratis to VolumeSet
2024-03-15 21:40:14,507 [main] INFO  ozoneimpl.OzoneContainer (HddsVolumeUtil.java:loadAllHddsVolumeDbStore(103)) - Load 1 volumes DbStore cost: 0ms
2024-03-15 21:40:14,508 [main] INFO  server.RaftServer (ConfUtils.java:logGet(46)) - raft.rpc.type = GRPC (default)
2024-03-15 21:40:14,509 [main] INFO  grpc.GrpcConfigKeys (ConfUtils.java:logFallback(53)) - raft.grpc.admin.host = null (fallback to raft.grpc.server.host)
2024-03-15 21:40:14,509 [main] INFO  grpc.GrpcConfigKeys (ConfUtils.java:logGet(46)) - raft.grpc.admin.port = 15441 (custom)
2024-03-15 21:40:14,509 [main] INFO  grpc.GrpcConfigKeys (ConfUtils.java:logFallback(53)) - raft.grpc.client.host = null (fallback to raft.grpc.server.host)
2024-03-15 21:40:14,509 [main] INFO  grpc.GrpcConfigKeys (ConfUtils.java:logGet(46)) - raft.grpc.client.port = 15440 (custom)
2024-03-15 21:40:14,509 [main] INFO  grpc.GrpcConfigKeys (ConfUtils.java:logGet(46)) - raft.grpc.server.host = null (default)
2024-03-15 21:40:14,510 [main] INFO  grpc.GrpcConfigKeys (ConfUtils.java:logGet(46)) - raft.grpc.server.port = 15442 (custom)
2024-03-15 21:40:14,510 [main] INFO  server.GrpcService (ConfUtils.java:logGet(46)) - raft.grpc.message.size.max = 32MB (=33554432) (custom)
2024-03-15 21:40:14,510 [main] INFO  server.RaftServerConfigKeys (ConfUtils.java:logGet(46)) - raft.server.log.appender.buffer.byte-limit = 8388608 (custom)
2024-03-15 21:40:14,510 [main] INFO  server.GrpcService (ConfUtils.java:logGet(46)) - raft.grpc.flow.control.window = 5MB (=5242880) (custom)
2024-03-15 21:40:14,510 [main] INFO  server.RaftServerConfigKeys (ConfUtils.java:logGet(46)) - raft.server.rpc.request.timeout = 3000ms (default)
2024-03-15 21:40:14,511 [main] INFO  grpc.GrpcConfigKeys (ConfUtils.java:logGet(46)) - raft.grpc.server.heartbeat.channel = true (default)
2024-03-15 21:40:14,511 [main] INFO  grpc.GrpcConfigKeys (ConfUtils.java:logGet(46)) - raft.grpc.server.async.request.thread.pool.cached = true (default)
2024-03-15 21:40:14,511 [main] INFO  grpc.GrpcConfigKeys (ConfUtils.java:logGet(46)) - raft.grpc.server.async.request.thread.pool.size = 32 (default)
2024-03-15 21:40:14,513 [main] INFO  impl.DataStreamServerImpl (ConfUtils.java:logGet(46)) - raft.datastream.type = NETTY (custom)
2024-03-15 21:40:14,513 [main] INFO  server.RaftServerConfigKeys (ConfUtils.java:logGet(46)) - raft.server.data-stream.async.request.thread.pool.cached = false (default)
2024-03-15 21:40:14,513 [main] INFO  server.RaftServerConfigKeys (ConfUtils.java:logGet(46)) - raft.server.data-stream.async.request.thread.pool.size = 20 (custom)
2024-03-15 21:40:14,513 [main] INFO  server.RaftServerConfigKeys (ConfUtils.java:logGet(46)) - raft.server.data-stream.async.write.thread.pool.size = 16 (default)
2024-03-15 21:40:14,513 [main] INFO  netty.NettyConfigKeys$DataStream (ConfUtils.java:logGet(46)) - raft.netty.dataStream.server.channel.inactive.grace-period = 10min (default)
2024-03-15 21:40:14,514 [main] INFO  server.RaftServerConfigKeys (ConfUtils.java:logGet(46)) - raft.server.data-stream.client.pool.size = 10 (default)
2024-03-15 21:40:14,514 [main] INFO  netty.NettyConfigKeys$DataStream (ConfUtils.java:logGet(46)) - raft.netty.dataStream.server.use-epoll = true (default)
2024-03-15 21:40:14,514 [main] INFO  netty.NettyConfigKeys$DataStream (ConfUtils.java:logGet(46)) - raft.netty.dataStream.server.boss-group.size = 0 (default)
2024-03-15 21:40:14,514 [main] INFO  netty.NettyUtils (NettyUtils.java:newEventLoopGroup(69)) - Create EpollEventLoopGroup for 2bf5d123-a097-49f6-8df3-d3538d4bb7b0-NettyServerStreamRpc-bossGroup; Thread size is 0.
2024-03-15 21:40:14,514 [main] INFO  netty.NettyConfigKeys$DataStream (ConfUtils.java:logGet(46)) - raft.netty.dataStream.server.worker-group.size = 0 (default)
2024-03-15 21:40:14,514 [main] INFO  netty.NettyUtils (NettyUtils.java:newEventLoopGroup(69)) - Create EpollEventLoopGroup for 2bf5d123-a097-49f6-8df3-d3538d4bb7b0-NettyServerStreamRpc-workerGroup; Thread size is 0.
2024-03-15 21:40:14,514 [main] INFO  netty.NettyConfigKeys$DataStream (ConfUtils.java:logGet(46)) - raft.netty.dataStream.server.tls.conf = null (default)
2024-03-15 21:40:14,515 [main] INFO  netty.NettyConfigKeys$DataStream (ConfUtils.java:logGet(46)) - raft.netty.dataStream.host = null (default)
2024-03-15 21:40:14,515 [main] INFO  netty.NettyConfigKeys$DataStream (ConfUtils.java:logGet(46)) - raft.netty.dataStream.port = 15443 (custom)
2024-03-15 21:40:14,515 [main] INFO  server.RaftServerConfigKeys (ConfUtils.java:logGet(46)) - raft.server.sleep.deviation.threshold = 300ms (default)
2024-03-15 21:40:14,515 [2bf5d123-a097-49f6-8df3-d3538d4bb7b0-NettyServerStreamRpc-bossGroup--thread1] INFO  logging.LoggingHandler (AbstractInternalLogger.java:log(148)) - [id: 0x5c50f98e] REGISTERED
2024-03-15 21:40:14,515 [main] INFO  server.RaftServerConfigKeys (ConfUtils.java:logGet(46)) - raft.server.close.threshold = 60s (default)
2024-03-15 21:40:14,515 [main] INFO  server.RaftServerConfigKeys (ConfUtils.java:logGet(46)) - raft.server.leaderelection.leader.step-down.wait-time = 10s (default)
2024-03-15 21:40:14,515 [2bf5d123-a097-49f6-8df3-d3538d4bb7b0-NettyServerStreamRpc-bossGroup--thread1] INFO  logging.LoggingHandler (AbstractInternalLogger.java:log(148)) - [id: 0x5c50f98e] BIND: 0.0.0.0/0.0.0.0:15443
2024-03-15 21:40:14,516 [main] INFO  server.RaftServerConfigKeys (ConfUtils.java:logGet(46)) - raft.server.storage.dir = [/home/runner/work/ozone/ozone/hadoop-ozone/integration-test/target/test-dir/MiniOzoneClusterImpl-9d1dee8c-d44a-4a38-8f2b-42c9fdbb6771/ozone-meta/datanode-9/ratis] (custom)
2024-03-15 21:40:14,516 [main] INFO  server.RaftServerConfigKeys (ConfUtils.java:logGet(46)) - raft.server.threadpool.proxy.cached = true (default)
2024-03-15 21:40:14,516 [main] INFO  server.RaftServerConfigKeys (ConfUtils.java:logGet(46)) - raft.server.threadpool.proxy.size = 0 (default)
2024-03-15 21:40:14,516 [2bf5d123-a097-49f6-8df3-d3538d4bb7b0-NettyServerStreamRpc-bossGroup--thread1] INFO  logging.LoggingHandler (AbstractInternalLogger.java:log(148)) - [id: 0x5c50f98e, L:/0.0.0.0:15443] ACTIVE
2024-03-15 21:40:14,516 [2bf5d123-a097-49f6-8df3-d3538d4bb7b0-impl-thread1] INFO  server.RaftServer (RaftServerProxy.java:initGroupDir(264)) - 2bf5d123-a097-49f6-8df3-d3538d4bb7b0: found a subdirectory /home/runner/work/ozone/ozone/hadoop-ozone/integration-test/target/test-dir/MiniOzoneClusterImpl-9d1dee8c-d44a-4a38-8f2b-42c9fdbb6771/ozone-meta/datanode-9/ratis/tmp
2024-03-15 21:40:14,516 [2bf5d123-a097-49f6-8df3-d3538d4bb7b0-impl-thread1] INFO  server.RaftServer (RaftServerProxy.java:initGroupDir(269)) - 2bf5d123-a097-49f6-8df3-d3538d4bb7b0: The directory /home/runner/work/ozone/ozone/hadoop-ozone/integration-test/target/test-dir/MiniOzoneClusterImpl-9d1dee8c-d44a-4a38-8f2b-42c9fdbb6771/ozone-meta/datanode-9/ratis/tmp is not a group directory; ignoring it. 
2024-03-15 21:40:14,517 [main] INFO  replication.ReplicationServer (ReplicationServer.java:<init>(86)) - Initializing replication server with thread count = 10 queue length = 4096
2024-03-15 21:40:14,518 [main] INFO  server.XceiverServerGrpc (XceiverServerGrpc.java:<init>(141)) - GrpcServer channel type EpollServerSocketChannel
2024-03-15 21:40:14,518 [main] INFO  replication.ReplicationSupervisor (ReplicationSupervisor.java:build(163)) - Initializing replication supervisor with thread count = 10
2024-03-15 21:40:14,519 [main] INFO  replication.ReplicationSupervisor (ReplicationSupervisor.java:nodeStateUpdated(317)) - Node state updated to IN_SERVICE, scaling executor pool size to 10
2024-03-15 21:40:14,520 [main] INFO  http.BaseHttpServer (BaseHttpServer.java:newHttpServer2BuilderForOzone(223)) - Starting Web-server for hddsDatanode at: http://0.0.0.0:15437
2024-03-15 21:40:14,520 [main] INFO  http.BaseHttpServer (BaseHttpServer.java:<init>(110)) - Hadoop Security Enabled: false Ozone Security Enabled: false Ozone HTTP Security Enabled: false 
2024-03-15 21:40:14,521 [main] WARN  server.AuthenticationFilter (AuthenticationFilter.java:constructSecretProvider(240)) - Unable to initialize FileSignerSecretProvider, falling back to use random secrets. Reason: Could not read signature secret file: /home/runner/hadoop-http-auth-signature-secret
2024-03-15 21:40:14,521 [main] INFO  http.HttpRequestLog (HttpRequestLog.java:getRequestLog(86)) - Http request log for http.requests.hddsDatanode is not defined
2024-03-15 21:40:14,522 [main] INFO  http.HttpServer2 (HttpServer2.java:addGlobalFilter(1036)) - Added global filter 'safety' (class=org.apache.hadoop.hdds.server.http.HttpServer2$QuotingInputFilter)
2024-03-15 21:40:14,522 [main] INFO  http.HttpServer2 (HttpServer2.java:addFilter(1012)) - Added filter static_user_filter (class=org.apache.hadoop.http.lib.StaticUserWebFilter$StaticUserFilter) to context hddsDatanode
2024-03-15 21:40:14,522 [main] INFO  http.HttpServer2 (HttpServer2.java:addFilter(1020)) - Added filter static_user_filter (class=org.apache.hadoop.http.lib.StaticUserWebFilter$StaticUserFilter) to context logs
2024-03-15 21:40:14,522 [main] INFO  http.HttpServer2 (HttpServer2.java:addFilter(1020)) - Added filter static_user_filter (class=org.apache.hadoop.http.lib.StaticUserWebFilter$StaticUserFilter) to context static
2024-03-15 21:40:14,523 [main] INFO  http.BaseHttpServer (BaseHttpServer.java:<init>(189)) - HTTP server of hddsDatanode uses base directory /home/runner/work/ozone/ozone/hadoop-ozone/integration-test/target/test-dir/MiniOzoneClusterImpl-9d1dee8c-d44a-4a38-8f2b-42c9fdbb6771/ozone-meta/datanode-9/meta/webserver
2024-03-15 21:40:14,523 [main] INFO  http.HttpServer2 (HttpServer2.java:bindListener(1236)) - Jetty bound to port 15437
2024-03-15 21:40:14,523 [main] INFO  server.Server (Server.java:doStart(375)) - jetty-9.4.53.v20231009; built: 2023-10-09T12:29:09.265Z; git: 27bde00a0b95a1d5bbee0eae7984f891d2d0f8c9; jvm 1.8.0_402-b06
2024-03-15 21:40:14,525 [main] INFO  server.session (DefaultSessionIdManager.java:doStart(334)) - DefaultSessionIdManager workerName=node0
2024-03-15 21:40:14,525 [main] INFO  server.session (DefaultSessionIdManager.java:doStart(339)) - No SessionScavenger set, using defaults
2024-03-15 21:40:14,525 [main] INFO  server.session (HouseKeeper.java:startScavenging(132)) - node0 Scavenging every 600000ms
2024-03-15 21:40:14,526 [main] INFO  handler.ContextHandler (ContextHandler.java:doStart(921)) - Started o.e.j.s.ServletContextHandler@d9deef9{logs,/logs,file:///home/runner/work/ozone/ozone/hadoop-ozone/integration-test/target/log,AVAILABLE}
2024-03-15 21:40:14,526 [main] INFO  handler.ContextHandler (ContextHandler.java:doStart(921)) - Started o.e.j.s.ServletContextHandler@57c648a0{static,/static,jar:file:/home/runner/.m2/repository/org/apache/ozone/hdds-container-service/1.5.0-SNAPSHOT/hdds-container-service-1.5.0-SNAPSHOT.jar!/webapps/static,AVAILABLE}
2024-03-15 21:40:14,558 [main] INFO  handler.ContextHandler (ContextHandler.java:doStart(921)) - Started o.e.j.w.WebAppContext@13c9372a{hddsDatanode,/,file:///home/runner/work/ozone/ozone/hadoop-ozone/integration-test/target/test-dir/MiniOzoneClusterImpl-9d1dee8c-d44a-4a38-8f2b-42c9fdbb6771/ozone-meta/datanode-9/meta/webserver/jetty-0_0_0_0-15437-hdds-container-service-1_5_0-SNAPSHOT_jar-_-any-4697930789155873175/webapp/,AVAILABLE}{jar:file:/home/runner/.m2/repository/org/apache/ozone/hdds-container-service/1.5.0-SNAPSHOT/hdds-container-service-1.5.0-SNAPSHOT.jar!/webapps/hddsDatanode}
2024-03-15 21:40:14,559 [main] INFO  server.AbstractConnector (AbstractConnector.java:doStart(333)) - Started ServerConnector@71a59597{HTTP/1.1, (http/1.1)}{0.0.0.0:15437}
2024-03-15 21:40:14,559 [main] INFO  server.Server (Server.java:doStart(415)) - Started @130623ms
2024-03-15 21:40:14,559 [main] WARN  impl.MetricsSystemImpl (MetricsSystemImpl.java:register(279)) - Sink prometheus already exists!
2024-03-15 21:40:14,560 [main] INFO  http.BaseHttpServer (BaseHttpServer.java:updateConnectorAddress(354)) - HTTP server of hddsDatanode listening at http://0.0.0.0:15437
2024-03-15 21:40:14,560 [main] INFO  ipc.CallQueueManager (CallQueueManager.java:<init>(90)) - Using callQueue: class java.util.concurrent.LinkedBlockingQueue, queueCapacity: 100, scheduler: class org.apache.hadoop.ipc.DefaultRpcScheduler, ipcBackoff: false.
2024-03-15 21:40:14,561 [main] INFO  ipc.Server (Server.java:<init>(1287)) - Listener at 0.0.0.0:15438
2024-03-15 21:40:14,561 [Socket Reader #1 for port 15438] INFO  ipc.Server (Server.java:run(1323)) - Starting Socket Reader #1 for port 15438
2024-03-15 21:40:14,562 [main] INFO  ozone.HddsDatanodeService (HddsDatanodeService.java:start(327)) - Datanode start with admins: [runner]
2024-03-15 21:40:14,562 [main] INFO  ozone.HddsDatanodeClientProtocolServer (HddsDatanodeClientProtocolServer.java:start(77)) - RPC server for Client /0.0.0.0:15438
2024-03-15 21:40:14,564 [IPC Server Responder] INFO  ipc.Server (Server.java:run(1562)) - IPC Server Responder: starting
2024-03-15 21:40:14,564 [IPC Server listener on 15438] INFO  ipc.Server (Server.java:run(1402)) - IPC Server listener on 15438: starting
2024-03-15 21:40:14,572 [2bf5d123-a097-49f6-8df3-d3538d4bb7b0-DatanodeStateMachineDaemonThread] INFO  statemachine.DatanodeStateMachine (DatanodeStateMachine.java:lambda$startDaemon$1(555)) - Ozone container server started.
2024-03-15 21:40:14,572 [main] INFO  ozone.MiniOzoneClusterImpl (MiniOzoneClusterImpl.java:lambda$waitForClusterToBeReady$0(194)) - Waiting for nodes to be ready. Got 0 of 9 DN Heartbeats.
2024-03-15 21:40:14,572 [main] INFO  ozone.MiniOzoneClusterImpl (MiniOzoneClusterImpl.java:lambda$waitForClusterToBeReady$0(197)) - Waiting for cluster to exit safe mode
2024-03-15 21:40:14,572 [main] INFO  ozone.MiniOzoneClusterImpl (MiniOzoneClusterImpl.java:lambda$waitForClusterToBeReady$0(199)) - SCM became leader
2024-03-15 21:40:14,574 [2bf5d123-a097-49f6-8df3-d3538d4bb7b0-DatanodeStateMachineTaskThread-0] INFO  datanode.InitDatanodeState (InitDatanodeState.java:persistContainerDatanodeDetails(139)) - DatanodeDetails is persisted to /home/runner/work/ozone/ozone/hadoop-ozone/integration-test/target/test-dir/MiniOzoneClusterImpl-9d1dee8c-d44a-4a38-8f2b-42c9fdbb6771/ozone-meta/datanode-9/meta/datanode.id
2024-03-15 21:40:14,774 [om1@group-C5BA1605619E-FollowerState] INFO  impl.FollowerState (FollowerState.java:run(143)) - om1@group-C5BA1605619E-FollowerState: change to CANDIDATE, lastRpcElapsedTime:1025924826ns, electionTimeout:1025ms
2024-03-15 21:40:14,774 [om1@group-C5BA1605619E-FollowerState] INFO  impl.RoleInfo (RoleInfo.java:shutdownFollowerState(110)) - om1: shutdown om1@group-C5BA1605619E-FollowerState
2024-03-15 21:40:14,774 [om1@group-C5BA1605619E-FollowerState] INFO  server.RaftServer$Division (RaftServerImpl.java:setRole(383)) - om1@group-C5BA1605619E: changes role from  FOLLOWER to CANDIDATE at term 0 for changeToCandidate
2024-03-15 21:40:14,775 [om1@group-C5BA1605619E-FollowerState] INFO  server.RaftServerConfigKeys (ConfUtils.java:logGet(46)) - raft.server.leaderelection.pre-vote = true (default)
2024-03-15 21:40:14,775 [om1@group-C5BA1605619E-FollowerState] INFO  impl.RoleInfo (RoleInfo.java:updateAndGet(139)) - om1: start om1@group-C5BA1605619E-LeaderElection60
2024-03-15 21:40:14,777 [om1@group-C5BA1605619E-LeaderElection60] INFO  impl.LeaderElection (LeaderElection.java:askForVotes(321)) - om1@group-C5BA1605619E-LeaderElection60 PRE_VOTE round 0: submit vote requests at term 0 for -1: peers:[om1|localhost:15363]|listeners:[], old=null
2024-03-15 21:40:14,777 [om1@group-C5BA1605619E-LeaderElection60] INFO  impl.LeaderElection (LeaderElection.java:askForVotes(323)) - om1@group-C5BA1605619E-LeaderElection60 PRE_VOTE round 0: result PASSED (term=0)
2024-03-15 21:40:14,779 [om1@group-C5BA1605619E-LeaderElection60] INFO  impl.LeaderElection (LeaderElection.java:askForVotes(321)) - om1@group-C5BA1605619E-LeaderElection60 ELECTION round 0: submit vote requests at term 1 for -1: peers:[om1|localhost:15363]|listeners:[], old=null
2024-03-15 21:40:14,779 [om1@group-C5BA1605619E-LeaderElection60] INFO  impl.LeaderElection (LeaderElection.java:askForVotes(323)) - om1@group-C5BA1605619E-LeaderElection60 ELECTION round 0: result PASSED (term=1)
2024-03-15 21:40:14,779 [om1@group-C5BA1605619E-LeaderElection60] INFO  impl.RoleInfo (RoleInfo.java:shutdownLeaderElection(130)) - om1: shutdown om1@group-C5BA1605619E-LeaderElection60
2024-03-15 21:40:14,779 [om1@group-C5BA1605619E-LeaderElection60] INFO  server.RaftServer$Division (RaftServerImpl.java:setRole(383)) - om1@group-C5BA1605619E: changes role from CANDIDATE to LEADER at term 1 for changeToLeader
2024-03-15 21:40:14,779 [om1@group-C5BA1605619E-LeaderElection60] INFO  server.RaftServerConfigKeys (ConfUtils.java:logGet(46)) - raft.server.staging.catchup.gap = 1000 (default)
2024-03-15 21:40:14,779 [om1@group-C5BA1605619E-LeaderElection60] INFO  server.RaftServerConfigKeys (ConfUtils.java:logGet(46)) - raft.server.write.element-limit = 4096 (default)
2024-03-15 21:40:14,779 [om1@group-C5BA1605619E-LeaderElection60] INFO  server.RaftServerConfigKeys (ConfUtils.java:logGet(46)) - raft.server.write.byte-limit = 64MB (=67108864) (default)
2024-03-15 21:40:14,779 [om1@group-C5BA1605619E-LeaderElection60] INFO  server.RaftServerConfigKeys (ConfUtils.java:logGet(46)) - raft.server.watch.timeout = 10s (default)
2024-03-15 21:40:14,779 [om1@group-C5BA1605619E-LeaderElection60] INFO  server.RaftServerConfigKeys (ConfUtils.java:logGet(46)) - raft.server.watch.timeout.denomination = 1s (default)
2024-03-15 21:40:14,779 [om1@group-C5BA1605619E-LeaderElection60] INFO  server.RaftServerConfigKeys (ConfUtils.java:logGet(46)) - raft.server.watch.element-limit = 65536 (default)
2024-03-15 21:40:14,779 [om1@group-C5BA1605619E-LeaderElection60] INFO  server.RaftServerConfigKeys (ConfUtils.java:logGet(46)) - raft.server.read.leader.lease.enabled = false (default)
2024-03-15 21:40:14,779 [om1@group-C5BA1605619E-LeaderElection60] INFO  server.RaftServerConfigKeys (ConfUtils.java:logGet(46)) - raft.server.read.leader.lease.timeout.ratio = 0.9 (default)
2024-03-15 21:40:14,780 [om1@group-C5BA1605619E-LeaderElection60] INFO  server.RaftServerConfigKeys (ConfUtils.java:logGet(46)) - raft.server.rpc.timeout.min = 1s (custom)
2024-03-15 21:40:14,780 [om1@group-C5BA1605619E-LeaderElection60] INFO  server.RaftServerConfigKeys (ConfUtils.java:logGet(46)) - raft.server.write.element-limit = 4096 (default)
2024-03-15 21:40:14,780 [om1@group-C5BA1605619E-LeaderElection60] INFO  server.RaftServerConfigKeys (ConfUtils.java:logGet(46)) - raft.server.write.follower.gap.ratio.max = -1.0 (default)
2024-03-15 21:40:14,780 [om1@group-C5BA1605619E-LeaderElection60] INFO  impl.RoleInfo (RoleInfo.java:updateAndGet(139)) - om1: start om1@group-C5BA1605619E-LeaderStateImpl
2024-03-15 21:40:14,780 [om1@group-C5BA1605619E-LeaderElection60] INFO  server.RaftServer$Division (RaftServerImpl.java:setFirstElection(574)) - om1@group-C5BA1605619E: set firstElectionSinceStartup to false for becomeLeader
2024-03-15 21:40:14,780 [om1@group-C5BA1605619E-LeaderElection60] INFO  server.RaftServer$Division (ServerState.java:setLeader(269)) - om1@group-C5BA1605619E: change Leader from null to om1 at term 1 for becomeLeader, leader elected after 1257ms
2024-03-15 21:40:14,780 [om1@group-C5BA1605619E-LeaderElection60] INFO  segmented.SegmentedRaftLogWorker (SegmentedRaftLogWorker.java:startLogSegment(430)) - om1@group-C5BA1605619E-SegmentedRaftLogWorker: Starting segment from index:0
2024-03-15 21:40:14,781 [om1@group-C5BA1605619E-LeaderElection60] INFO  server.RaftServer$Division (ServerState.java:setRaftConf(386)) - om1@group-C5BA1605619E: set configuration 0: peers:[om1|localhost:15363]|listeners:[], old=null
2024-03-15 21:40:14,781 [om1@group-C5BA1605619E-SegmentedRaftLogWorker] INFO  segmented.BufferedWriteChannel (BufferedWriteChannel.java:open(62)) - open log_inprogress_0 at position 0
2024-03-15 21:40:14,788 [om1@group-C5BA1605619E-SegmentedRaftLogWorker] INFO  segmented.SegmentedRaftLogWorker (SegmentedRaftLogWorker.java:execute(634)) - om1@group-C5BA1605619E-SegmentedRaftLogWorker: created new log segment /home/runner/work/ozone/ozone/hadoop-ozone/integration-test/target/test-dir/MiniOzoneClusterImpl-9d1dee8c-d44a-4a38-8f2b-42c9fdbb6771/ozone-meta/ratis/bf265839-605b-3f16-9796-c5ba1605619e/current/log_inprogress_0
2024-03-15 21:40:14,789 [om1@group-C5BA1605619E-StateMachineUpdater] INFO  ratis.OzoneManagerStateMachine (OzoneManagerStateMachine.java:notifyConfigurationChanged(198)) - Received Configuration change notification from Ratis. New Peer list:
[id: "om1"
address: "localhost:15363"
startupRole: FOLLOWER
]
2024-03-15 21:40:14,789 [om1@group-C5BA1605619E-StateMachineUpdater] INFO  server.RaftServer$Division (LeaderStateImpl.java:isApplied(320)) - leader is ready since appliedIndex == 0 >= startIndex == 0
2024-03-15 21:40:14,903 [timer1] WARN  server.GrpcLogAppender (GrpcLogAppender.java:lambda$resetClient$1(217)) - f6068a6c-b849-4db6-bf7c-a636c4128907@group-48775A5CC37A->57136de5-cdcb-4114-84e4-ed68ec8f3187-GrpcLogAppender: Follower failed (request=null, errorCount=2); keep nextIndex (1) unchanged and retry. (Repeated 2 times in the last 5.000s)
2024-03-15 21:40:14,903 [timer0] WARN  server.GrpcLogAppender (LogUtils.java:warn(121)) - f6068a6c-b849-4db6-bf7c-a636c4128907@group-48775A5CC37A->57136de5-cdcb-4114-84e4-ed68ec8f3187-AppendLogResponseHandler: Failed appendEntries (Repeated 2 times in the last 5.000s): org.apache.ratis.thirdparty.io.grpc.StatusRuntimeException: CANCELLED: RST_STREAM closed stream. HTTP/2 error code: CANCEL
2024-03-15 21:40:14,921 [timer3] WARN  server.GrpcLogAppender (GrpcLogAppender.java:lambda$resetClient$1(217)) - f6068a6c-b849-4db6-bf7c-a636c4128907@group-48775A5CC37A->2e1837d8-c653-42d8-9164-191e980be6d1-GrpcLogAppender: Follower failed (request=null, errorCount=2); keep nextIndex (1) unchanged and retry. (Repeated 2 times in the last 5.000s)
2024-03-15 21:40:14,921 [timer2] WARN  server.GrpcLogAppender (LogUtils.java:warn(121)) - f6068a6c-b849-4db6-bf7c-a636c4128907@group-48775A5CC37A->2e1837d8-c653-42d8-9164-191e980be6d1-AppendLogResponseHandler: Failed appendEntries (Repeated 2 times in the last 5.000s): org.apache.ratis.thirdparty.io.grpc.StatusRuntimeException: CANCELLED: RST_STREAM closed stream. HTTP/2 error code: CANCEL
2024-03-15 21:40:15,573 [main] INFO  ozone.MiniOzoneClusterImpl (MiniOzoneClusterImpl.java:lambda$waitForClusterToBeReady$0(194)) - Waiting for nodes to be ready. Got 0 of 9 DN Heartbeats.
2024-03-15 21:40:15,573 [main] INFO  ozone.MiniOzoneClusterImpl (MiniOzoneClusterImpl.java:lambda$waitForClusterToBeReady$0(197)) - Waiting for cluster to exit safe mode
2024-03-15 21:40:15,573 [main] INFO  ozone.MiniOzoneClusterImpl (MiniOzoneClusterImpl.java:lambda$waitForClusterToBeReady$0(199)) - SCM became leader
2024-03-15 21:40:15,889 [3d634cb2-775f-4b5a-90b9-1e5452c00050-EndpointStateMachineTaskThread-/0.0.0.0:15358-0 ] INFO  utils.DatanodeStoreCache (DatanodeStoreCache.java:addDB(72)) - Added db /home/runner/work/ozone/ozone/hadoop-ozone/integration-test/target/test-dir/MiniOzoneClusterImpl-9d1dee8c-d44a-4a38-8f2b-42c9fdbb6771/ozone-meta/datanode-1/data-0/hdds/9d1dee8c-d44a-4a38-8f2b-42c9fdbb6771/DS-ca4f3a92-408a-434d-8537-764aa197f05a/container.db to cache
2024-03-15 21:40:15,889 [3d634cb2-775f-4b5a-90b9-1e5452c00050-EndpointStateMachineTaskThread-/0.0.0.0:15358-0 ] INFO  volume.HddsVolume (HddsVolume.java:createDbStore(420)) - SchemaV3 db is created and loaded at /home/runner/work/ozone/ozone/hadoop-ozone/integration-test/target/test-dir/MiniOzoneClusterImpl-9d1dee8c-d44a-4a38-8f2b-42c9fdbb6771/ozone-meta/datanode-1/data-0/hdds/9d1dee8c-d44a-4a38-8f2b-42c9fdbb6771/DS-ca4f3a92-408a-434d-8537-764aa197f05a/container.db for volume DS-ca4f3a92-408a-434d-8537-764aa197f05a
2024-03-15 21:40:15,890 [3d634cb2-775f-4b5a-90b9-1e5452c00050-ContainerReader-0] INFO  ozoneimpl.ContainerReader (ContainerReader.java:readVolume(148)) - Start to verify containers on volume /home/runner/work/ozone/ozone/hadoop-ozone/integration-test/target/test-dir/MiniOzoneClusterImpl-9d1dee8c-d44a-4a38-8f2b-42c9fdbb6771/ozone-meta/datanode-1/data-0/hdds
2024-03-15 21:40:15,890 [3d634cb2-775f-4b5a-90b9-1e5452c00050-ContainerReader-0] INFO  ozoneimpl.ContainerReader (ContainerReader.java:readVolume(178)) - Finish verifying containers on volume /home/runner/work/ozone/ozone/hadoop-ozone/integration-test/target/test-dir/MiniOzoneClusterImpl-9d1dee8c-d44a-4a38-8f2b-42c9fdbb6771/ozone-meta/datanode-1/data-0/hdds
2024-03-15 21:40:15,890 [3d634cb2-775f-4b5a-90b9-1e5452c00050-EndpointStateMachineTaskThread-/0.0.0.0:15358-0 ] INFO  ozoneimpl.OzoneContainer (OzoneContainer.java:buildContainerSet(328)) - Build ContainerSet costs 0s
2024-03-15 21:40:15,890 [3d634cb2-775f-4b5a-90b9-1e5452c00050-EndpointStateMachineTaskThread-/0.0.0.0:15358-0 ] INFO  volume.ThrottledAsyncChecker (ThrottledAsyncChecker.java:schedule(141)) - Scheduling a check for /home/runner/work/ozone/ozone/hadoop-ozone/integration-test/target/test-dir/MiniOzoneClusterImpl-9d1dee8c-d44a-4a38-8f2b-42c9fdbb6771/ozone-meta/datanode-1/data-0/hdds
2024-03-15 21:40:15,891 [3d634cb2-775f-4b5a-90b9-1e5452c00050-EndpointStateMachineTaskThread-/0.0.0.0:15358-0 ] INFO  volume.StorageVolumeChecker (StorageVolumeChecker.java:checkAllVolumes(218)) - Scheduled health check for volume /home/runner/work/ozone/ozone/hadoop-ozone/integration-test/target/test-dir/MiniOzoneClusterImpl-9d1dee8c-d44a-4a38-8f2b-42c9fdbb6771/ozone-meta/datanode-1/data-0/hdds
2024-03-15 21:40:15,892 [3d634cb2-775f-4b5a-90b9-1e5452c00050-EndpointStateMachineTaskThread-/0.0.0.0:15358-0 ] INFO  volume.ThrottledAsyncChecker (ThrottledAsyncChecker.java:schedule(141)) - Scheduling a check for /home/runner/work/ozone/ozone/hadoop-ozone/integration-test/target/test-dir/MiniOzoneClusterImpl-9d1dee8c-d44a-4a38-8f2b-42c9fdbb6771/ozone-meta/datanode-1/ratis
2024-03-15 21:40:15,892 [3d634cb2-775f-4b5a-90b9-1e5452c00050-EndpointStateMachineTaskThread-/0.0.0.0:15358-0 ] INFO  volume.StorageVolumeChecker (StorageVolumeChecker.java:checkAllVolumes(218)) - Scheduled health check for volume /home/runner/work/ozone/ozone/hadoop-ozone/integration-test/target/test-dir/MiniOzoneClusterImpl-9d1dee8c-d44a-4a38-8f2b-42c9fdbb6771/ozone-meta/datanode-1/ratis
2024-03-15 21:40:15,893 [3d634cb2-775f-4b5a-90b9-1e5452c00050-EndpointStateMachineTaskThread-/0.0.0.0:15358-0 ] INFO  ozoneimpl.OzoneContainer (OzoneContainer.java:start(459)) - Attempting to start container services.
2024-03-15 21:40:15,893 [ContainerMetadataScanner] INFO  ozoneimpl.AbstractBackgroundContainerScanner (AbstractBackgroundContainerScanner.java:runIteration(87)) - Completed an iteration in 0 minutes. Number of iterations (since the data-node restart) : 1, Number of containers scanned in this iteration : 0, Number of unhealthy containers found in this iteration : 0
2024-03-15 21:40:15,893 [ContainerDataScanner(/home/runner/work/ozone/ozone/hadoop-ozone/integration-test/target/test-dir/MiniOzoneClusterImpl-9d1dee8c-d44a-4a38-8f2b-42c9fdbb6771/ozone-meta/datanode-1/data-0/hdds)] INFO  ozoneimpl.AbstractBackgroundContainerScanner (AbstractBackgroundContainerScanner.java:runIteration(87)) - Completed an iteration in 0 minutes. Number of iterations (since the data-node restart) : 1, Number of containers scanned in this iteration : 0, Number of unhealthy containers found in this iteration : 0
2024-03-15 21:40:15,893 [3d634cb2-775f-4b5a-90b9-1e5452c00050-EndpointStateMachineTaskThread-/0.0.0.0:15358-0 ] INFO  replication.ReplicationServer (ReplicationServer.java:start(142)) - ReplicationServer is started using port 15372
2024-03-15 21:40:15,894 [3d634cb2-775f-4b5a-90b9-1e5452c00050-EndpointStateMachineTaskThread-/0.0.0.0:15358-0 ] INFO  ratis.XceiverServerRatis (XceiverServerRatis.java:start(566)) - Starting XceiverServerRatis 3d634cb2-775f-4b5a-90b9-1e5452c00050
2024-03-15 21:40:15,894 [3d634cb2-775f-4b5a-90b9-1e5452c00050-EndpointStateMachineTaskThread-/0.0.0.0:15358-0 ] INFO  server.RaftServer (RaftServerProxy.java:startImpl(406)) - 3d634cb2-775f-4b5a-90b9-1e5452c00050: start RPC server
2024-03-15 21:40:15,894 [3d634cb2-775f-4b5a-90b9-1e5452c00050-EndpointStateMachineTaskThread-/0.0.0.0:15358-0 ] INFO  server.GrpcService (GrpcService.java:startImpl(302)) - 3d634cb2-775f-4b5a-90b9-1e5452c00050: GrpcService started, listening on 15368
2024-03-15 21:40:15,894 [3d634cb2-775f-4b5a-90b9-1e5452c00050-EndpointStateMachineTaskThread-/0.0.0.0:15358-0 ] INFO  server.GrpcService (GrpcService.java:startImpl(302)) - 3d634cb2-775f-4b5a-90b9-1e5452c00050: GrpcService started, listening on 15370
2024-03-15 21:40:15,895 [3d634cb2-775f-4b5a-90b9-1e5452c00050-EndpointStateMachineTaskThread-/0.0.0.0:15358-0 ] INFO  server.GrpcService (GrpcService.java:startImpl(302)) - 3d634cb2-775f-4b5a-90b9-1e5452c00050: GrpcService started, listening on 15369
2024-03-15 21:40:15,895 [3d634cb2-775f-4b5a-90b9-1e5452c00050-EndpointStateMachineTaskThread-/0.0.0.0:15358-0 ] INFO  ratis.XceiverServerRatis (XceiverServerRatis.java:getRealPort(592)) - XceiverServerRatis 3d634cb2-775f-4b5a-90b9-1e5452c00050 is started using port 15368 for RATIS
2024-03-15 21:40:15,895 [3d634cb2-775f-4b5a-90b9-1e5452c00050-EndpointStateMachineTaskThread-/0.0.0.0:15358-0 ] INFO  ratis.XceiverServerRatis (XceiverServerRatis.java:getRealPort(592)) - XceiverServerRatis 3d634cb2-775f-4b5a-90b9-1e5452c00050 is started using port 15369 for RATIS_ADMIN
2024-03-15 21:40:15,895 [JvmPauseMonitor46] INFO  util.JvmPauseMonitor (JvmPauseMonitor.java:run(146)) - JvmPauseMonitor-3d634cb2-775f-4b5a-90b9-1e5452c00050: Started
2024-03-15 21:40:15,895 [3d634cb2-775f-4b5a-90b9-1e5452c00050-EndpointStateMachineTaskThread-/0.0.0.0:15358-0 ] INFO  ratis.XceiverServerRatis (XceiverServerRatis.java:getRealPort(592)) - XceiverServerRatis 3d634cb2-775f-4b5a-90b9-1e5452c00050 is started using port 15370 for RATIS_SERVER
2024-03-15 21:40:15,895 [3d634cb2-775f-4b5a-90b9-1e5452c00050-EndpointStateMachineTaskThread-/0.0.0.0:15358-0 ] INFO  ratis.XceiverServerRatis (XceiverServerRatis.java:getRealPort(592)) - XceiverServerRatis 3d634cb2-775f-4b5a-90b9-1e5452c00050 is started using port 15371 for RATIS_DATASTREAM
2024-03-15 21:40:15,896 [3d634cb2-775f-4b5a-90b9-1e5452c00050-BlockDeletingService#0] INFO  interfaces.ContainerDeletionChoosingPolicyTemplate (ContainerDeletionChoosingPolicyTemplate.java:chooseContainerForBlockDeletion(85)) - Chosen 0/5000 blocks from 0 candidate containers.
2024-03-15 21:40:15,975 [e2c18930-f62b-4e67-9845-17087b23bc88-EndpointStateMachineTaskThread-/0.0.0.0:15358-0 ] INFO  utils.DatanodeStoreCache (DatanodeStoreCache.java:addDB(72)) - Added db /home/runner/work/ozone/ozone/hadoop-ozone/integration-test/target/test-dir/MiniOzoneClusterImpl-9d1dee8c-d44a-4a38-8f2b-42c9fdbb6771/ozone-meta/datanode-2/data-0/hdds/9d1dee8c-d44a-4a38-8f2b-42c9fdbb6771/DS-9d30e876-1158-4a58-8219-6d4bc1656576/container.db to cache
2024-03-15 21:40:15,975 [e2c18930-f62b-4e67-9845-17087b23bc88-EndpointStateMachineTaskThread-/0.0.0.0:15358-0 ] INFO  volume.HddsVolume (HddsVolume.java:createDbStore(420)) - SchemaV3 db is created and loaded at /home/runner/work/ozone/ozone/hadoop-ozone/integration-test/target/test-dir/MiniOzoneClusterImpl-9d1dee8c-d44a-4a38-8f2b-42c9fdbb6771/ozone-meta/datanode-2/data-0/hdds/9d1dee8c-d44a-4a38-8f2b-42c9fdbb6771/DS-9d30e876-1158-4a58-8219-6d4bc1656576/container.db for volume DS-9d30e876-1158-4a58-8219-6d4bc1656576
2024-03-15 21:40:15,976 [e2c18930-f62b-4e67-9845-17087b23bc88-ContainerReader-0] INFO  ozoneimpl.ContainerReader (ContainerReader.java:readVolume(148)) - Start to verify containers on volume /home/runner/work/ozone/ozone/hadoop-ozone/integration-test/target/test-dir/MiniOzoneClusterImpl-9d1dee8c-d44a-4a38-8f2b-42c9fdbb6771/ozone-meta/datanode-2/data-0/hdds
2024-03-15 21:40:15,977 [e2c18930-f62b-4e67-9845-17087b23bc88-ContainerReader-0] INFO  ozoneimpl.ContainerReader (ContainerReader.java:readVolume(178)) - Finish verifying containers on volume /home/runner/work/ozone/ozone/hadoop-ozone/integration-test/target/test-dir/MiniOzoneClusterImpl-9d1dee8c-d44a-4a38-8f2b-42c9fdbb6771/ozone-meta/datanode-2/data-0/hdds
2024-03-15 21:40:15,977 [e2c18930-f62b-4e67-9845-17087b23bc88-EndpointStateMachineTaskThread-/0.0.0.0:15358-0 ] INFO  ozoneimpl.OzoneContainer (OzoneContainer.java:buildContainerSet(328)) - Build ContainerSet costs 0s
2024-03-15 21:40:15,977 [e2c18930-f62b-4e67-9845-17087b23bc88-EndpointStateMachineTaskThread-/0.0.0.0:15358-0 ] INFO  volume.ThrottledAsyncChecker (ThrottledAsyncChecker.java:schedule(141)) - Scheduling a check for /home/runner/work/ozone/ozone/hadoop-ozone/integration-test/target/test-dir/MiniOzoneClusterImpl-9d1dee8c-d44a-4a38-8f2b-42c9fdbb6771/ozone-meta/datanode-2/data-0/hdds
2024-03-15 21:40:15,977 [e2c18930-f62b-4e67-9845-17087b23bc88-EndpointStateMachineTaskThread-/0.0.0.0:15358-0 ] INFO  volume.StorageVolumeChecker (StorageVolumeChecker.java:checkAllVolumes(218)) - Scheduled health check for volume /home/runner/work/ozone/ozone/hadoop-ozone/integration-test/target/test-dir/MiniOzoneClusterImpl-9d1dee8c-d44a-4a38-8f2b-42c9fdbb6771/ozone-meta/datanode-2/data-0/hdds
2024-03-15 21:40:15,979 [e2c18930-f62b-4e67-9845-17087b23bc88-EndpointStateMachineTaskThread-/0.0.0.0:15358-0 ] INFO  volume.ThrottledAsyncChecker (ThrottledAsyncChecker.java:schedule(141)) - Scheduling a check for /home/runner/work/ozone/ozone/hadoop-ozone/integration-test/target/test-dir/MiniOzoneClusterImpl-9d1dee8c-d44a-4a38-8f2b-42c9fdbb6771/ozone-meta/datanode-2/ratis
2024-03-15 21:40:15,979 [e2c18930-f62b-4e67-9845-17087b23bc88-EndpointStateMachineTaskThread-/0.0.0.0:15358-0 ] INFO  volume.StorageVolumeChecker (StorageVolumeChecker.java:checkAllVolumes(218)) - Scheduled health check for volume /home/runner/work/ozone/ozone/hadoop-ozone/integration-test/target/test-dir/MiniOzoneClusterImpl-9d1dee8c-d44a-4a38-8f2b-42c9fdbb6771/ozone-meta/datanode-2/ratis
2024-03-15 21:40:15,979 [e2c18930-f62b-4e67-9845-17087b23bc88-EndpointStateMachineTaskThread-/0.0.0.0:15358-0 ] INFO  ozoneimpl.OzoneContainer (OzoneContainer.java:start(459)) - Attempting to start container services.
2024-03-15 21:40:15,979 [e2c18930-f62b-4e67-9845-17087b23bc88-EndpointStateMachineTaskThread-/0.0.0.0:15358-0 ] WARN  ozoneimpl.OnDemandContainerDataScanner (OnDemandContainerDataScanner.java:init(75)) - Trying to initialize on demand scanner a second time on a datanode.
2024-03-15 21:40:15,980 [ContainerMetadataScanner] INFO  ozoneimpl.AbstractBackgroundContainerScanner (AbstractBackgroundContainerScanner.java:runIteration(87)) - Completed an iteration in 0 minutes. Number of iterations (since the data-node restart) : 1, Number of containers scanned in this iteration : 0, Number of unhealthy containers found in this iteration : 0
2024-03-15 21:40:15,980 [ContainerDataScanner(/home/runner/work/ozone/ozone/hadoop-ozone/integration-test/target/test-dir/MiniOzoneClusterImpl-9d1dee8c-d44a-4a38-8f2b-42c9fdbb6771/ozone-meta/datanode-2/data-0/hdds)] INFO  ozoneimpl.AbstractBackgroundContainerScanner (AbstractBackgroundContainerScanner.java:runIteration(87)) - Completed an iteration in 0 minutes. Number of iterations (since the data-node restart) : 1, Number of containers scanned in this iteration : 0, Number of unhealthy containers found in this iteration : 0
2024-03-15 21:40:15,980 [e2c18930-f62b-4e67-9845-17087b23bc88-EndpointStateMachineTaskThread-/0.0.0.0:15358-0 ] INFO  replication.ReplicationServer (ReplicationServer.java:start(142)) - ReplicationServer is started using port 15381
2024-03-15 21:40:15,980 [e2c18930-f62b-4e67-9845-17087b23bc88-EndpointStateMachineTaskThread-/0.0.0.0:15358-0 ] INFO  ratis.XceiverServerRatis (XceiverServerRatis.java:start(566)) - Starting XceiverServerRatis e2c18930-f62b-4e67-9845-17087b23bc88
2024-03-15 21:40:15,980 [e2c18930-f62b-4e67-9845-17087b23bc88-EndpointStateMachineTaskThread-/0.0.0.0:15358-0 ] INFO  server.RaftServer (RaftServerProxy.java:startImpl(406)) - e2c18930-f62b-4e67-9845-17087b23bc88: start RPC server
2024-03-15 21:40:15,981 [e2c18930-f62b-4e67-9845-17087b23bc88-EndpointStateMachineTaskThread-/0.0.0.0:15358-0 ] INFO  server.GrpcService (GrpcService.java:startImpl(302)) - e2c18930-f62b-4e67-9845-17087b23bc88: GrpcService started, listening on 15377
2024-03-15 21:40:15,981 [e2c18930-f62b-4e67-9845-17087b23bc88-EndpointStateMachineTaskThread-/0.0.0.0:15358-0 ] INFO  server.GrpcService (GrpcService.java:startImpl(302)) - e2c18930-f62b-4e67-9845-17087b23bc88: GrpcService started, listening on 15379
2024-03-15 21:40:15,981 [e2c18930-f62b-4e67-9845-17087b23bc88-EndpointStateMachineTaskThread-/0.0.0.0:15358-0 ] INFO  server.GrpcService (GrpcService.java:startImpl(302)) - e2c18930-f62b-4e67-9845-17087b23bc88: GrpcService started, listening on 15378
2024-03-15 21:40:15,981 [e2c18930-f62b-4e67-9845-17087b23bc88-EndpointStateMachineTaskThread-/0.0.0.0:15358-0 ] INFO  ratis.XceiverServerRatis (XceiverServerRatis.java:getRealPort(592)) - XceiverServerRatis e2c18930-f62b-4e67-9845-17087b23bc88 is started using port 15377 for RATIS
2024-03-15 21:40:15,981 [JvmPauseMonitor47] INFO  util.JvmPauseMonitor (JvmPauseMonitor.java:run(146)) - JvmPauseMonitor-e2c18930-f62b-4e67-9845-17087b23bc88: Started
2024-03-15 21:40:15,981 [e2c18930-f62b-4e67-9845-17087b23bc88-EndpointStateMachineTaskThread-/0.0.0.0:15358-0 ] INFO  ratis.XceiverServerRatis (XceiverServerRatis.java:getRealPort(592)) - XceiverServerRatis e2c18930-f62b-4e67-9845-17087b23bc88 is started using port 15378 for RATIS_ADMIN
2024-03-15 21:40:15,981 [e2c18930-f62b-4e67-9845-17087b23bc88-EndpointStateMachineTaskThread-/0.0.0.0:15358-0 ] INFO  ratis.XceiverServerRatis (XceiverServerRatis.java:getRealPort(592)) - XceiverServerRatis e2c18930-f62b-4e67-9845-17087b23bc88 is started using port 15379 for RATIS_SERVER
2024-03-15 21:40:15,981 [e2c18930-f62b-4e67-9845-17087b23bc88-EndpointStateMachineTaskThread-/0.0.0.0:15358-0 ] INFO  ratis.XceiverServerRatis (XceiverServerRatis.java:getRealPort(592)) - XceiverServerRatis e2c18930-f62b-4e67-9845-17087b23bc88 is started using port 15380 for RATIS_DATASTREAM
2024-03-15 21:40:15,982 [e2c18930-f62b-4e67-9845-17087b23bc88-BlockDeletingService#0] INFO  interfaces.ContainerDeletionChoosingPolicyTemplate (ContainerDeletionChoosingPolicyTemplate.java:chooseContainerForBlockDeletion(85)) - Chosen 0/5000 blocks from 0 candidate containers.
2024-03-15 21:40:16,066 [afe0fdae-f81b-4972-93bd-b2e3099b8af3-EndpointStateMachineTaskThread-/0.0.0.0:15358-0 ] INFO  utils.DatanodeStoreCache (DatanodeStoreCache.java:addDB(72)) - Added db /home/runner/work/ozone/ozone/hadoop-ozone/integration-test/target/test-dir/MiniOzoneClusterImpl-9d1dee8c-d44a-4a38-8f2b-42c9fdbb6771/ozone-meta/datanode-3/data-0/hdds/9d1dee8c-d44a-4a38-8f2b-42c9fdbb6771/DS-664bb53c-21f1-4f7a-a2df-9af9e0816f81/container.db to cache
2024-03-15 21:40:16,066 [afe0fdae-f81b-4972-93bd-b2e3099b8af3-EndpointStateMachineTaskThread-/0.0.0.0:15358-0 ] INFO  volume.HddsVolume (HddsVolume.java:createDbStore(420)) - SchemaV3 db is created and loaded at /home/runner/work/ozone/ozone/hadoop-ozone/integration-test/target/test-dir/MiniOzoneClusterImpl-9d1dee8c-d44a-4a38-8f2b-42c9fdbb6771/ozone-meta/datanode-3/data-0/hdds/9d1dee8c-d44a-4a38-8f2b-42c9fdbb6771/DS-664bb53c-21f1-4f7a-a2df-9af9e0816f81/container.db for volume DS-664bb53c-21f1-4f7a-a2df-9af9e0816f81
2024-03-15 21:40:16,067 [afe0fdae-f81b-4972-93bd-b2e3099b8af3-ContainerReader-0] INFO  ozoneimpl.ContainerReader (ContainerReader.java:readVolume(148)) - Start to verify containers on volume /home/runner/work/ozone/ozone/hadoop-ozone/integration-test/target/test-dir/MiniOzoneClusterImpl-9d1dee8c-d44a-4a38-8f2b-42c9fdbb6771/ozone-meta/datanode-3/data-0/hdds
2024-03-15 21:40:16,067 [afe0fdae-f81b-4972-93bd-b2e3099b8af3-ContainerReader-0] INFO  ozoneimpl.ContainerReader (ContainerReader.java:readVolume(178)) - Finish verifying containers on volume /home/runner/work/ozone/ozone/hadoop-ozone/integration-test/target/test-dir/MiniOzoneClusterImpl-9d1dee8c-d44a-4a38-8f2b-42c9fdbb6771/ozone-meta/datanode-3/data-0/hdds
2024-03-15 21:40:16,068 [afe0fdae-f81b-4972-93bd-b2e3099b8af3-EndpointStateMachineTaskThread-/0.0.0.0:15358-0 ] INFO  ozoneimpl.OzoneContainer (OzoneContainer.java:buildContainerSet(328)) - Build ContainerSet costs 0s
2024-03-15 21:40:16,068 [afe0fdae-f81b-4972-93bd-b2e3099b8af3-EndpointStateMachineTaskThread-/0.0.0.0:15358-0 ] INFO  volume.ThrottledAsyncChecker (ThrottledAsyncChecker.java:schedule(141)) - Scheduling a check for /home/runner/work/ozone/ozone/hadoop-ozone/integration-test/target/test-dir/MiniOzoneClusterImpl-9d1dee8c-d44a-4a38-8f2b-42c9fdbb6771/ozone-meta/datanode-3/data-0/hdds
2024-03-15 21:40:16,068 [afe0fdae-f81b-4972-93bd-b2e3099b8af3-EndpointStateMachineTaskThread-/0.0.0.0:15358-0 ] INFO  volume.StorageVolumeChecker (StorageVolumeChecker.java:checkAllVolumes(218)) - Scheduled health check for volume /home/runner/work/ozone/ozone/hadoop-ozone/integration-test/target/test-dir/MiniOzoneClusterImpl-9d1dee8c-d44a-4a38-8f2b-42c9fdbb6771/ozone-meta/datanode-3/data-0/hdds
2024-03-15 21:40:16,070 [afe0fdae-f81b-4972-93bd-b2e3099b8af3-EndpointStateMachineTaskThread-/0.0.0.0:15358-0 ] INFO  volume.ThrottledAsyncChecker (ThrottledAsyncChecker.java:schedule(141)) - Scheduling a check for /home/runner/work/ozone/ozone/hadoop-ozone/integration-test/target/test-dir/MiniOzoneClusterImpl-9d1dee8c-d44a-4a38-8f2b-42c9fdbb6771/ozone-meta/datanode-3/ratis
2024-03-15 21:40:16,070 [afe0fdae-f81b-4972-93bd-b2e3099b8af3-EndpointStateMachineTaskThread-/0.0.0.0:15358-0 ] INFO  volume.StorageVolumeChecker (StorageVolumeChecker.java:checkAllVolumes(218)) - Scheduled health check for volume /home/runner/work/ozone/ozone/hadoop-ozone/integration-test/target/test-dir/MiniOzoneClusterImpl-9d1dee8c-d44a-4a38-8f2b-42c9fdbb6771/ozone-meta/datanode-3/ratis
2024-03-15 21:40:16,070 [afe0fdae-f81b-4972-93bd-b2e3099b8af3-EndpointStateMachineTaskThread-/0.0.0.0:15358-0 ] INFO  ozoneimpl.OzoneContainer (OzoneContainer.java:start(459)) - Attempting to start container services.
2024-03-15 21:40:16,071 [afe0fdae-f81b-4972-93bd-b2e3099b8af3-EndpointStateMachineTaskThread-/0.0.0.0:15358-0 ] WARN  ozoneimpl.OnDemandContainerDataScanner (OnDemandContainerDataScanner.java:init(75)) - Trying to initialize on demand scanner a second time on a datanode.
2024-03-15 21:40:16,071 [ContainerMetadataScanner] INFO  ozoneimpl.AbstractBackgroundContainerScanner (AbstractBackgroundContainerScanner.java:runIteration(87)) - Completed an iteration in 0 minutes. Number of iterations (since the data-node restart) : 1, Number of containers scanned in this iteration : 0, Number of unhealthy containers found in this iteration : 0
2024-03-15 21:40:16,071 [ContainerDataScanner(/home/runner/work/ozone/ozone/hadoop-ozone/integration-test/target/test-dir/MiniOzoneClusterImpl-9d1dee8c-d44a-4a38-8f2b-42c9fdbb6771/ozone-meta/datanode-3/data-0/hdds)] INFO  ozoneimpl.AbstractBackgroundContainerScanner (AbstractBackgroundContainerScanner.java:runIteration(87)) - Completed an iteration in 0 minutes. Number of iterations (since the data-node restart) : 1, Number of containers scanned in this iteration : 0, Number of unhealthy containers found in this iteration : 0
2024-03-15 21:40:16,071 [afe0fdae-f81b-4972-93bd-b2e3099b8af3-EndpointStateMachineTaskThread-/0.0.0.0:15358-0 ] INFO  replication.ReplicationServer (ReplicationServer.java:start(142)) - ReplicationServer is started using port 15390
2024-03-15 21:40:16,071 [afe0fdae-f81b-4972-93bd-b2e3099b8af3-EndpointStateMachineTaskThread-/0.0.0.0:15358-0 ] INFO  ratis.XceiverServerRatis (XceiverServerRatis.java:start(566)) - Starting XceiverServerRatis afe0fdae-f81b-4972-93bd-b2e3099b8af3
2024-03-15 21:40:16,072 [afe0fdae-f81b-4972-93bd-b2e3099b8af3-EndpointStateMachineTaskThread-/0.0.0.0:15358-0 ] INFO  server.RaftServer (RaftServerProxy.java:startImpl(406)) - afe0fdae-f81b-4972-93bd-b2e3099b8af3: start RPC server
2024-03-15 21:40:16,072 [afe0fdae-f81b-4972-93bd-b2e3099b8af3-EndpointStateMachineTaskThread-/0.0.0.0:15358-0 ] INFO  server.GrpcService (GrpcService.java:startImpl(302)) - afe0fdae-f81b-4972-93bd-b2e3099b8af3: GrpcService started, listening on 15386
2024-03-15 21:40:16,072 [afe0fdae-f81b-4972-93bd-b2e3099b8af3-EndpointStateMachineTaskThread-/0.0.0.0:15358-0 ] INFO  server.GrpcService (GrpcService.java:startImpl(302)) - afe0fdae-f81b-4972-93bd-b2e3099b8af3: GrpcService started, listening on 15388
2024-03-15 21:40:16,072 [afe0fdae-f81b-4972-93bd-b2e3099b8af3-EndpointStateMachineTaskThread-/0.0.0.0:15358-0 ] INFO  server.GrpcService (GrpcService.java:startImpl(302)) - afe0fdae-f81b-4972-93bd-b2e3099b8af3: GrpcService started, listening on 15387
2024-03-15 21:40:16,073 [afe0fdae-f81b-4972-93bd-b2e3099b8af3-EndpointStateMachineTaskThread-/0.0.0.0:15358-0 ] INFO  ratis.XceiverServerRatis (XceiverServerRatis.java:getRealPort(592)) - XceiverServerRatis afe0fdae-f81b-4972-93bd-b2e3099b8af3 is started using port 15386 for RATIS
2024-03-15 21:40:16,073 [afe0fdae-f81b-4972-93bd-b2e3099b8af3-EndpointStateMachineTaskThread-/0.0.0.0:15358-0 ] INFO  ratis.XceiverServerRatis (XceiverServerRatis.java:getRealPort(592)) - XceiverServerRatis afe0fdae-f81b-4972-93bd-b2e3099b8af3 is started using port 15387 for RATIS_ADMIN
2024-03-15 21:40:16,073 [afe0fdae-f81b-4972-93bd-b2e3099b8af3-EndpointStateMachineTaskThread-/0.0.0.0:15358-0 ] INFO  ratis.XceiverServerRatis (XceiverServerRatis.java:getRealPort(592)) - XceiverServerRatis afe0fdae-f81b-4972-93bd-b2e3099b8af3 is started using port 15388 for RATIS_SERVER
2024-03-15 21:40:16,073 [afe0fdae-f81b-4972-93bd-b2e3099b8af3-EndpointStateMachineTaskThread-/0.0.0.0:15358-0 ] INFO  ratis.XceiverServerRatis (XceiverServerRatis.java:getRealPort(592)) - XceiverServerRatis afe0fdae-f81b-4972-93bd-b2e3099b8af3 is started using port 15389 for RATIS_DATASTREAM
2024-03-15 21:40:16,073 [JvmPauseMonitor48] INFO  util.JvmPauseMonitor (JvmPauseMonitor.java:run(146)) - JvmPauseMonitor-afe0fdae-f81b-4972-93bd-b2e3099b8af3: Started
2024-03-15 21:40:16,074 [afe0fdae-f81b-4972-93bd-b2e3099b8af3-BlockDeletingService#0] INFO  interfaces.ContainerDeletionChoosingPolicyTemplate (ContainerDeletionChoosingPolicyTemplate.java:chooseContainerForBlockDeletion(85)) - Chosen 0/5000 blocks from 0 candidate containers.
2024-03-15 21:40:16,155 [d5082477-7a9c-4c69-9d34-13fd3fa2989c-EndpointStateMachineTaskThread-/0.0.0.0:15358-0 ] INFO  utils.DatanodeStoreCache (DatanodeStoreCache.java:addDB(72)) - Added db /home/runner/work/ozone/ozone/hadoop-ozone/integration-test/target/test-dir/MiniOzoneClusterImpl-9d1dee8c-d44a-4a38-8f2b-42c9fdbb6771/ozone-meta/datanode-4/data-0/hdds/9d1dee8c-d44a-4a38-8f2b-42c9fdbb6771/DS-fc924d7e-ca8d-4c06-a2b8-bee454d01c38/container.db to cache
2024-03-15 21:40:16,156 [d5082477-7a9c-4c69-9d34-13fd3fa2989c-EndpointStateMachineTaskThread-/0.0.0.0:15358-0 ] INFO  volume.HddsVolume (HddsVolume.java:createDbStore(420)) - SchemaV3 db is created and loaded at /home/runner/work/ozone/ozone/hadoop-ozone/integration-test/target/test-dir/MiniOzoneClusterImpl-9d1dee8c-d44a-4a38-8f2b-42c9fdbb6771/ozone-meta/datanode-4/data-0/hdds/9d1dee8c-d44a-4a38-8f2b-42c9fdbb6771/DS-fc924d7e-ca8d-4c06-a2b8-bee454d01c38/container.db for volume DS-fc924d7e-ca8d-4c06-a2b8-bee454d01c38
2024-03-15 21:40:16,157 [d5082477-7a9c-4c69-9d34-13fd3fa2989c-ContainerReader-0] INFO  ozoneimpl.ContainerReader (ContainerReader.java:readVolume(148)) - Start to verify containers on volume /home/runner/work/ozone/ozone/hadoop-ozone/integration-test/target/test-dir/MiniOzoneClusterImpl-9d1dee8c-d44a-4a38-8f2b-42c9fdbb6771/ozone-meta/datanode-4/data-0/hdds
2024-03-15 21:40:16,157 [d5082477-7a9c-4c69-9d34-13fd3fa2989c-ContainerReader-0] INFO  ozoneimpl.ContainerReader (ContainerReader.java:readVolume(178)) - Finish verifying containers on volume /home/runner/work/ozone/ozone/hadoop-ozone/integration-test/target/test-dir/MiniOzoneClusterImpl-9d1dee8c-d44a-4a38-8f2b-42c9fdbb6771/ozone-meta/datanode-4/data-0/hdds
2024-03-15 21:40:16,157 [d5082477-7a9c-4c69-9d34-13fd3fa2989c-EndpointStateMachineTaskThread-/0.0.0.0:15358-0 ] INFO  ozoneimpl.OzoneContainer (OzoneContainer.java:buildContainerSet(328)) - Build ContainerSet costs 0s
2024-03-15 21:40:16,157 [d5082477-7a9c-4c69-9d34-13fd3fa2989c-EndpointStateMachineTaskThread-/0.0.0.0:15358-0 ] INFO  volume.ThrottledAsyncChecker (ThrottledAsyncChecker.java:schedule(141)) - Scheduling a check for /home/runner/work/ozone/ozone/hadoop-ozone/integration-test/target/test-dir/MiniOzoneClusterImpl-9d1dee8c-d44a-4a38-8f2b-42c9fdbb6771/ozone-meta/datanode-4/data-0/hdds
2024-03-15 21:40:16,157 [d5082477-7a9c-4c69-9d34-13fd3fa2989c-EndpointStateMachineTaskThread-/0.0.0.0:15358-0 ] INFO  volume.StorageVolumeChecker (StorageVolumeChecker.java:checkAllVolumes(218)) - Scheduled health check for volume /home/runner/work/ozone/ozone/hadoop-ozone/integration-test/target/test-dir/MiniOzoneClusterImpl-9d1dee8c-d44a-4a38-8f2b-42c9fdbb6771/ozone-meta/datanode-4/data-0/hdds
2024-03-15 21:40:16,159 [d5082477-7a9c-4c69-9d34-13fd3fa2989c-EndpointStateMachineTaskThread-/0.0.0.0:15358-0 ] INFO  volume.ThrottledAsyncChecker (ThrottledAsyncChecker.java:schedule(141)) - Scheduling a check for /home/runner/work/ozone/ozone/hadoop-ozone/integration-test/target/test-dir/MiniOzoneClusterImpl-9d1dee8c-d44a-4a38-8f2b-42c9fdbb6771/ozone-meta/datanode-4/ratis
2024-03-15 21:40:16,159 [d5082477-7a9c-4c69-9d34-13fd3fa2989c-EndpointStateMachineTaskThread-/0.0.0.0:15358-0 ] INFO  volume.StorageVolumeChecker (StorageVolumeChecker.java:checkAllVolumes(218)) - Scheduled health check for volume /home/runner/work/ozone/ozone/hadoop-ozone/integration-test/target/test-dir/MiniOzoneClusterImpl-9d1dee8c-d44a-4a38-8f2b-42c9fdbb6771/ozone-meta/datanode-4/ratis
2024-03-15 21:40:16,160 [d5082477-7a9c-4c69-9d34-13fd3fa2989c-EndpointStateMachineTaskThread-/0.0.0.0:15358-0 ] INFO  ozoneimpl.OzoneContainer (OzoneContainer.java:start(459)) - Attempting to start container services.
2024-03-15 21:40:16,160 [d5082477-7a9c-4c69-9d34-13fd3fa2989c-EndpointStateMachineTaskThread-/0.0.0.0:15358-0 ] WARN  ozoneimpl.OnDemandContainerDataScanner (OnDemandContainerDataScanner.java:init(75)) - Trying to initialize on demand scanner a second time on a datanode.
2024-03-15 21:40:16,160 [ContainerMetadataScanner] INFO  ozoneimpl.AbstractBackgroundContainerScanner (AbstractBackgroundContainerScanner.java:runIteration(87)) - Completed an iteration in 0 minutes. Number of iterations (since the data-node restart) : 1, Number of containers scanned in this iteration : 0, Number of unhealthy containers found in this iteration : 0
2024-03-15 21:40:16,160 [ContainerDataScanner(/home/runner/work/ozone/ozone/hadoop-ozone/integration-test/target/test-dir/MiniOzoneClusterImpl-9d1dee8c-d44a-4a38-8f2b-42c9fdbb6771/ozone-meta/datanode-4/data-0/hdds)] INFO  ozoneimpl.AbstractBackgroundContainerScanner (AbstractBackgroundContainerScanner.java:runIteration(87)) - Completed an iteration in 0 minutes. Number of iterations (since the data-node restart) : 1, Number of containers scanned in this iteration : 0, Number of unhealthy containers found in this iteration : 0
2024-03-15 21:40:16,161 [d5082477-7a9c-4c69-9d34-13fd3fa2989c-EndpointStateMachineTaskThread-/0.0.0.0:15358-0 ] INFO  replication.ReplicationServer (ReplicationServer.java:start(142)) - ReplicationServer is started using port 15399
2024-03-15 21:40:16,161 [d5082477-7a9c-4c69-9d34-13fd3fa2989c-EndpointStateMachineTaskThread-/0.0.0.0:15358-0 ] INFO  ratis.XceiverServerRatis (XceiverServerRatis.java:start(566)) - Starting XceiverServerRatis d5082477-7a9c-4c69-9d34-13fd3fa2989c
2024-03-15 21:40:16,161 [d5082477-7a9c-4c69-9d34-13fd3fa2989c-EndpointStateMachineTaskThread-/0.0.0.0:15358-0 ] INFO  server.RaftServer (RaftServerProxy.java:startImpl(406)) - d5082477-7a9c-4c69-9d34-13fd3fa2989c: start RPC server
2024-03-15 21:40:16,161 [d5082477-7a9c-4c69-9d34-13fd3fa2989c-EndpointStateMachineTaskThread-/0.0.0.0:15358-0 ] INFO  server.GrpcService (GrpcService.java:startImpl(302)) - d5082477-7a9c-4c69-9d34-13fd3fa2989c: GrpcService started, listening on 15395
2024-03-15 21:40:16,161 [d5082477-7a9c-4c69-9d34-13fd3fa2989c-EndpointStateMachineTaskThread-/0.0.0.0:15358-0 ] INFO  server.GrpcService (GrpcService.java:startImpl(302)) - d5082477-7a9c-4c69-9d34-13fd3fa2989c: GrpcService started, listening on 15397
2024-03-15 21:40:16,162 [d5082477-7a9c-4c69-9d34-13fd3fa2989c-EndpointStateMachineTaskThread-/0.0.0.0:15358-0 ] INFO  server.GrpcService (GrpcService.java:startImpl(302)) - d5082477-7a9c-4c69-9d34-13fd3fa2989c: GrpcService started, listening on 15396
2024-03-15 21:40:16,162 [d5082477-7a9c-4c69-9d34-13fd3fa2989c-EndpointStateMachineTaskThread-/0.0.0.0:15358-0 ] INFO  ratis.XceiverServerRatis (XceiverServerRatis.java:getRealPort(592)) - XceiverServerRatis d5082477-7a9c-4c69-9d34-13fd3fa2989c is started using port 15395 for RATIS
2024-03-15 21:40:16,162 [JvmPauseMonitor49] INFO  util.JvmPauseMonitor (JvmPauseMonitor.java:run(146)) - JvmPauseMonitor-d5082477-7a9c-4c69-9d34-13fd3fa2989c: Started
2024-03-15 21:40:16,162 [d5082477-7a9c-4c69-9d34-13fd3fa2989c-EndpointStateMachineTaskThread-/0.0.0.0:15358-0 ] INFO  ratis.XceiverServerRatis (XceiverServerRatis.java:getRealPort(592)) - XceiverServerRatis d5082477-7a9c-4c69-9d34-13fd3fa2989c is started using port 15396 for RATIS_ADMIN
2024-03-15 21:40:16,162 [d5082477-7a9c-4c69-9d34-13fd3fa2989c-EndpointStateMachineTaskThread-/0.0.0.0:15358-0 ] INFO  ratis.XceiverServerRatis (XceiverServerRatis.java:getRealPort(592)) - XceiverServerRatis d5082477-7a9c-4c69-9d34-13fd3fa2989c is started using port 15397 for RATIS_SERVER
2024-03-15 21:40:16,162 [d5082477-7a9c-4c69-9d34-13fd3fa2989c-EndpointStateMachineTaskThread-/0.0.0.0:15358-0 ] INFO  ratis.XceiverServerRatis (XceiverServerRatis.java:getRealPort(592)) - XceiverServerRatis d5082477-7a9c-4c69-9d34-13fd3fa2989c is started using port 15398 for RATIS_DATASTREAM
2024-03-15 21:40:16,163 [d5082477-7a9c-4c69-9d34-13fd3fa2989c-BlockDeletingService#0] INFO  interfaces.ContainerDeletionChoosingPolicyTemplate (ContainerDeletionChoosingPolicyTemplate.java:chooseContainerForBlockDeletion(85)) - Chosen 0/5000 blocks from 0 candidate containers.
2024-03-15 21:40:16,241 [c275007a-4e3d-4cf4-8bcd-9935f71fc838-EndpointStateMachineTaskThread-/0.0.0.0:15358-0 ] INFO  utils.DatanodeStoreCache (DatanodeStoreCache.java:addDB(72)) - Added db /home/runner/work/ozone/ozone/hadoop-ozone/integration-test/target/test-dir/MiniOzoneClusterImpl-9d1dee8c-d44a-4a38-8f2b-42c9fdbb6771/ozone-meta/datanode-5/data-0/hdds/9d1dee8c-d44a-4a38-8f2b-42c9fdbb6771/DS-1c832d2e-d626-49eb-b31f-746275a9eab6/container.db to cache
2024-03-15 21:40:16,241 [c275007a-4e3d-4cf4-8bcd-9935f71fc838-EndpointStateMachineTaskThread-/0.0.0.0:15358-0 ] INFO  volume.HddsVolume (HddsVolume.java:createDbStore(420)) - SchemaV3 db is created and loaded at /home/runner/work/ozone/ozone/hadoop-ozone/integration-test/target/test-dir/MiniOzoneClusterImpl-9d1dee8c-d44a-4a38-8f2b-42c9fdbb6771/ozone-meta/datanode-5/data-0/hdds/9d1dee8c-d44a-4a38-8f2b-42c9fdbb6771/DS-1c832d2e-d626-49eb-b31f-746275a9eab6/container.db for volume DS-1c832d2e-d626-49eb-b31f-746275a9eab6
2024-03-15 21:40:16,243 [c275007a-4e3d-4cf4-8bcd-9935f71fc838-ContainerReader-0] INFO  ozoneimpl.ContainerReader (ContainerReader.java:readVolume(148)) - Start to verify containers on volume /home/runner/work/ozone/ozone/hadoop-ozone/integration-test/target/test-dir/MiniOzoneClusterImpl-9d1dee8c-d44a-4a38-8f2b-42c9fdbb6771/ozone-meta/datanode-5/data-0/hdds
2024-03-15 21:40:16,243 [c275007a-4e3d-4cf4-8bcd-9935f71fc838-ContainerReader-0] INFO  ozoneimpl.ContainerReader (ContainerReader.java:readVolume(178)) - Finish verifying containers on volume /home/runner/work/ozone/ozone/hadoop-ozone/integration-test/target/test-dir/MiniOzoneClusterImpl-9d1dee8c-d44a-4a38-8f2b-42c9fdbb6771/ozone-meta/datanode-5/data-0/hdds
2024-03-15 21:40:16,243 [c275007a-4e3d-4cf4-8bcd-9935f71fc838-EndpointStateMachineTaskThread-/0.0.0.0:15358-0 ] INFO  ozoneimpl.OzoneContainer (OzoneContainer.java:buildContainerSet(328)) - Build ContainerSet costs 0s
2024-03-15 21:40:16,243 [c275007a-4e3d-4cf4-8bcd-9935f71fc838-EndpointStateMachineTaskThread-/0.0.0.0:15358-0 ] INFO  volume.ThrottledAsyncChecker (ThrottledAsyncChecker.java:schedule(141)) - Scheduling a check for /home/runner/work/ozone/ozone/hadoop-ozone/integration-test/target/test-dir/MiniOzoneClusterImpl-9d1dee8c-d44a-4a38-8f2b-42c9fdbb6771/ozone-meta/datanode-5/data-0/hdds
2024-03-15 21:40:16,243 [c275007a-4e3d-4cf4-8bcd-9935f71fc838-EndpointStateMachineTaskThread-/0.0.0.0:15358-0 ] INFO  volume.StorageVolumeChecker (StorageVolumeChecker.java:checkAllVolumes(218)) - Scheduled health check for volume /home/runner/work/ozone/ozone/hadoop-ozone/integration-test/target/test-dir/MiniOzoneClusterImpl-9d1dee8c-d44a-4a38-8f2b-42c9fdbb6771/ozone-meta/datanode-5/data-0/hdds
2024-03-15 21:40:16,245 [c275007a-4e3d-4cf4-8bcd-9935f71fc838-EndpointStateMachineTaskThread-/0.0.0.0:15358-0 ] INFO  volume.ThrottledAsyncChecker (ThrottledAsyncChecker.java:schedule(141)) - Scheduling a check for /home/runner/work/ozone/ozone/hadoop-ozone/integration-test/target/test-dir/MiniOzoneClusterImpl-9d1dee8c-d44a-4a38-8f2b-42c9fdbb6771/ozone-meta/datanode-5/ratis
2024-03-15 21:40:16,245 [c275007a-4e3d-4cf4-8bcd-9935f71fc838-EndpointStateMachineTaskThread-/0.0.0.0:15358-0 ] INFO  volume.StorageVolumeChecker (StorageVolumeChecker.java:checkAllVolumes(218)) - Scheduled health check for volume /home/runner/work/ozone/ozone/hadoop-ozone/integration-test/target/test-dir/MiniOzoneClusterImpl-9d1dee8c-d44a-4a38-8f2b-42c9fdbb6771/ozone-meta/datanode-5/ratis
2024-03-15 21:40:16,246 [c275007a-4e3d-4cf4-8bcd-9935f71fc838-EndpointStateMachineTaskThread-/0.0.0.0:15358-0 ] INFO  ozoneimpl.OzoneContainer (OzoneContainer.java:start(459)) - Attempting to start container services.
2024-03-15 21:40:16,246 [c275007a-4e3d-4cf4-8bcd-9935f71fc838-EndpointStateMachineTaskThread-/0.0.0.0:15358-0 ] WARN  ozoneimpl.OnDemandContainerDataScanner (OnDemandContainerDataScanner.java:init(75)) - Trying to initialize on demand scanner a second time on a datanode.
2024-03-15 21:40:16,246 [ContainerMetadataScanner] INFO  ozoneimpl.AbstractBackgroundContainerScanner (AbstractBackgroundContainerScanner.java:runIteration(87)) - Completed an iteration in 0 minutes. Number of iterations (since the data-node restart) : 1, Number of containers scanned in this iteration : 0, Number of unhealthy containers found in this iteration : 0
2024-03-15 21:40:16,246 [ContainerDataScanner(/home/runner/work/ozone/ozone/hadoop-ozone/integration-test/target/test-dir/MiniOzoneClusterImpl-9d1dee8c-d44a-4a38-8f2b-42c9fdbb6771/ozone-meta/datanode-5/data-0/hdds)] INFO  ozoneimpl.AbstractBackgroundContainerScanner (AbstractBackgroundContainerScanner.java:runIteration(87)) - Completed an iteration in 0 minutes. Number of iterations (since the data-node restart) : 1, Number of containers scanned in this iteration : 0, Number of unhealthy containers found in this iteration : 0
2024-03-15 21:40:16,246 [c275007a-4e3d-4cf4-8bcd-9935f71fc838-EndpointStateMachineTaskThread-/0.0.0.0:15358-0 ] INFO  replication.ReplicationServer (ReplicationServer.java:start(142)) - ReplicationServer is started using port 15408
2024-03-15 21:40:16,246 [c275007a-4e3d-4cf4-8bcd-9935f71fc838-EndpointStateMachineTaskThread-/0.0.0.0:15358-0 ] INFO  ratis.XceiverServerRatis (XceiverServerRatis.java:start(566)) - Starting XceiverServerRatis c275007a-4e3d-4cf4-8bcd-9935f71fc838
2024-03-15 21:40:16,247 [c275007a-4e3d-4cf4-8bcd-9935f71fc838-EndpointStateMachineTaskThread-/0.0.0.0:15358-0 ] INFO  server.RaftServer (RaftServerProxy.java:startImpl(406)) - c275007a-4e3d-4cf4-8bcd-9935f71fc838: start RPC server
2024-03-15 21:40:16,247 [c275007a-4e3d-4cf4-8bcd-9935f71fc838-EndpointStateMachineTaskThread-/0.0.0.0:15358-0 ] INFO  server.GrpcService (GrpcService.java:startImpl(302)) - c275007a-4e3d-4cf4-8bcd-9935f71fc838: GrpcService started, listening on 15404
2024-03-15 21:40:16,247 [c275007a-4e3d-4cf4-8bcd-9935f71fc838-EndpointStateMachineTaskThread-/0.0.0.0:15358-0 ] INFO  server.GrpcService (GrpcService.java:startImpl(302)) - c275007a-4e3d-4cf4-8bcd-9935f71fc838: GrpcService started, listening on 15406
2024-03-15 21:40:16,247 [c275007a-4e3d-4cf4-8bcd-9935f71fc838-EndpointStateMachineTaskThread-/0.0.0.0:15358-0 ] INFO  server.GrpcService (GrpcService.java:startImpl(302)) - c275007a-4e3d-4cf4-8bcd-9935f71fc838: GrpcService started, listening on 15405
2024-03-15 21:40:16,247 [c275007a-4e3d-4cf4-8bcd-9935f71fc838-EndpointStateMachineTaskThread-/0.0.0.0:15358-0 ] INFO  ratis.XceiverServerRatis (XceiverServerRatis.java:getRealPort(592)) - XceiverServerRatis c275007a-4e3d-4cf4-8bcd-9935f71fc838 is started using port 15404 for RATIS
2024-03-15 21:40:16,247 [JvmPauseMonitor50] INFO  util.JvmPauseMonitor (JvmPauseMonitor.java:run(146)) - JvmPauseMonitor-c275007a-4e3d-4cf4-8bcd-9935f71fc838: Started
2024-03-15 21:40:16,247 [c275007a-4e3d-4cf4-8bcd-9935f71fc838-EndpointStateMachineTaskThread-/0.0.0.0:15358-0 ] INFO  ratis.XceiverServerRatis (XceiverServerRatis.java:getRealPort(592)) - XceiverServerRatis c275007a-4e3d-4cf4-8bcd-9935f71fc838 is started using port 15405 for RATIS_ADMIN
2024-03-15 21:40:16,248 [c275007a-4e3d-4cf4-8bcd-9935f71fc838-EndpointStateMachineTaskThread-/0.0.0.0:15358-0 ] INFO  ratis.XceiverServerRatis (XceiverServerRatis.java:getRealPort(592)) - XceiverServerRatis c275007a-4e3d-4cf4-8bcd-9935f71fc838 is started using port 15406 for RATIS_SERVER
2024-03-15 21:40:16,248 [c275007a-4e3d-4cf4-8bcd-9935f71fc838-EndpointStateMachineTaskThread-/0.0.0.0:15358-0 ] INFO  ratis.XceiverServerRatis (XceiverServerRatis.java:getRealPort(592)) - XceiverServerRatis c275007a-4e3d-4cf4-8bcd-9935f71fc838 is started using port 15407 for RATIS_DATASTREAM
2024-03-15 21:40:16,248 [c275007a-4e3d-4cf4-8bcd-9935f71fc838-BlockDeletingService#0] INFO  interfaces.ContainerDeletionChoosingPolicyTemplate (ContainerDeletionChoosingPolicyTemplate.java:chooseContainerForBlockDeletion(85)) - Chosen 0/5000 blocks from 0 candidate containers.
2024-03-15 21:40:16,325 [3dfa3a40-7be8-4b27-818e-b4bcb1f9d011-EndpointStateMachineTaskThread-/0.0.0.0:15358-0 ] INFO  utils.DatanodeStoreCache (DatanodeStoreCache.java:addDB(72)) - Added db /home/runner/work/ozone/ozone/hadoop-ozone/integration-test/target/test-dir/MiniOzoneClusterImpl-9d1dee8c-d44a-4a38-8f2b-42c9fdbb6771/ozone-meta/datanode-6/data-0/hdds/9d1dee8c-d44a-4a38-8f2b-42c9fdbb6771/DS-435ad3e4-ca7b-44ab-beb4-57b4e863a79f/container.db to cache
2024-03-15 21:40:16,325 [3dfa3a40-7be8-4b27-818e-b4bcb1f9d011-EndpointStateMachineTaskThread-/0.0.0.0:15358-0 ] INFO  volume.HddsVolume (HddsVolume.java:createDbStore(420)) - SchemaV3 db is created and loaded at /home/runner/work/ozone/ozone/hadoop-ozone/integration-test/target/test-dir/MiniOzoneClusterImpl-9d1dee8c-d44a-4a38-8f2b-42c9fdbb6771/ozone-meta/datanode-6/data-0/hdds/9d1dee8c-d44a-4a38-8f2b-42c9fdbb6771/DS-435ad3e4-ca7b-44ab-beb4-57b4e863a79f/container.db for volume DS-435ad3e4-ca7b-44ab-beb4-57b4e863a79f
2024-03-15 21:40:16,326 [3dfa3a40-7be8-4b27-818e-b4bcb1f9d011-ContainerReader-0] INFO  ozoneimpl.ContainerReader (ContainerReader.java:readVolume(148)) - Start to verify containers on volume /home/runner/work/ozone/ozone/hadoop-ozone/integration-test/target/test-dir/MiniOzoneClusterImpl-9d1dee8c-d44a-4a38-8f2b-42c9fdbb6771/ozone-meta/datanode-6/data-0/hdds
2024-03-15 21:40:16,326 [3dfa3a40-7be8-4b27-818e-b4bcb1f9d011-ContainerReader-0] INFO  ozoneimpl.ContainerReader (ContainerReader.java:readVolume(178)) - Finish verifying containers on volume /home/runner/work/ozone/ozone/hadoop-ozone/integration-test/target/test-dir/MiniOzoneClusterImpl-9d1dee8c-d44a-4a38-8f2b-42c9fdbb6771/ozone-meta/datanode-6/data-0/hdds
2024-03-15 21:40:16,327 [3dfa3a40-7be8-4b27-818e-b4bcb1f9d011-EndpointStateMachineTaskThread-/0.0.0.0:15358-0 ] INFO  ozoneimpl.OzoneContainer (OzoneContainer.java:buildContainerSet(328)) - Build ContainerSet costs 0s
2024-03-15 21:40:16,327 [3dfa3a40-7be8-4b27-818e-b4bcb1f9d011-EndpointStateMachineTaskThread-/0.0.0.0:15358-0 ] INFO  volume.ThrottledAsyncChecker (ThrottledAsyncChecker.java:schedule(141)) - Scheduling a check for /home/runner/work/ozone/ozone/hadoop-ozone/integration-test/target/test-dir/MiniOzoneClusterImpl-9d1dee8c-d44a-4a38-8f2b-42c9fdbb6771/ozone-meta/datanode-6/data-0/hdds
2024-03-15 21:40:16,327 [3dfa3a40-7be8-4b27-818e-b4bcb1f9d011-EndpointStateMachineTaskThread-/0.0.0.0:15358-0 ] INFO  volume.StorageVolumeChecker (StorageVolumeChecker.java:checkAllVolumes(218)) - Scheduled health check for volume /home/runner/work/ozone/ozone/hadoop-ozone/integration-test/target/test-dir/MiniOzoneClusterImpl-9d1dee8c-d44a-4a38-8f2b-42c9fdbb6771/ozone-meta/datanode-6/data-0/hdds
2024-03-15 21:40:16,329 [3dfa3a40-7be8-4b27-818e-b4bcb1f9d011-EndpointStateMachineTaskThread-/0.0.0.0:15358-0 ] INFO  volume.ThrottledAsyncChecker (ThrottledAsyncChecker.java:schedule(141)) - Scheduling a check for /home/runner/work/ozone/ozone/hadoop-ozone/integration-test/target/test-dir/MiniOzoneClusterImpl-9d1dee8c-d44a-4a38-8f2b-42c9fdbb6771/ozone-meta/datanode-6/ratis
2024-03-15 21:40:16,329 [3dfa3a40-7be8-4b27-818e-b4bcb1f9d011-EndpointStateMachineTaskThread-/0.0.0.0:15358-0 ] INFO  volume.StorageVolumeChecker (StorageVolumeChecker.java:checkAllVolumes(218)) - Scheduled health check for volume /home/runner/work/ozone/ozone/hadoop-ozone/integration-test/target/test-dir/MiniOzoneClusterImpl-9d1dee8c-d44a-4a38-8f2b-42c9fdbb6771/ozone-meta/datanode-6/ratis
2024-03-15 21:40:16,330 [3dfa3a40-7be8-4b27-818e-b4bcb1f9d011-EndpointStateMachineTaskThread-/0.0.0.0:15358-0 ] INFO  ozoneimpl.OzoneContainer (OzoneContainer.java:start(459)) - Attempting to start container services.
2024-03-15 21:40:16,330 [3dfa3a40-7be8-4b27-818e-b4bcb1f9d011-EndpointStateMachineTaskThread-/0.0.0.0:15358-0 ] WARN  ozoneimpl.OnDemandContainerDataScanner (OnDemandContainerDataScanner.java:init(75)) - Trying to initialize on demand scanner a second time on a datanode.
2024-03-15 21:40:16,330 [ContainerMetadataScanner] INFO  ozoneimpl.AbstractBackgroundContainerScanner (AbstractBackgroundContainerScanner.java:runIteration(87)) - Completed an iteration in 0 minutes. Number of iterations (since the data-node restart) : 1, Number of containers scanned in this iteration : 0, Number of unhealthy containers found in this iteration : 0
2024-03-15 21:40:16,330 [ContainerDataScanner(/home/runner/work/ozone/ozone/hadoop-ozone/integration-test/target/test-dir/MiniOzoneClusterImpl-9d1dee8c-d44a-4a38-8f2b-42c9fdbb6771/ozone-meta/datanode-6/data-0/hdds)] INFO  ozoneimpl.AbstractBackgroundContainerScanner (AbstractBackgroundContainerScanner.java:runIteration(87)) - Completed an iteration in 0 minutes. Number of iterations (since the data-node restart) : 1, Number of containers scanned in this iteration : 0, Number of unhealthy containers found in this iteration : 0
2024-03-15 21:40:16,331 [3dfa3a40-7be8-4b27-818e-b4bcb1f9d011-EndpointStateMachineTaskThread-/0.0.0.0:15358-0 ] INFO  replication.ReplicationServer (ReplicationServer.java:start(142)) - ReplicationServer is started using port 15417
2024-03-15 21:40:16,331 [3dfa3a40-7be8-4b27-818e-b4bcb1f9d011-EndpointStateMachineTaskThread-/0.0.0.0:15358-0 ] INFO  ratis.XceiverServerRatis (XceiverServerRatis.java:start(566)) - Starting XceiverServerRatis 3dfa3a40-7be8-4b27-818e-b4bcb1f9d011
2024-03-15 21:40:16,331 [3dfa3a40-7be8-4b27-818e-b4bcb1f9d011-EndpointStateMachineTaskThread-/0.0.0.0:15358-0 ] INFO  server.RaftServer (RaftServerProxy.java:startImpl(406)) - 3dfa3a40-7be8-4b27-818e-b4bcb1f9d011: start RPC server
2024-03-15 21:40:16,331 [3dfa3a40-7be8-4b27-818e-b4bcb1f9d011-EndpointStateMachineTaskThread-/0.0.0.0:15358-0 ] INFO  server.GrpcService (GrpcService.java:startImpl(302)) - 3dfa3a40-7be8-4b27-818e-b4bcb1f9d011: GrpcService started, listening on 15413
2024-03-15 21:40:16,331 [3dfa3a40-7be8-4b27-818e-b4bcb1f9d011-EndpointStateMachineTaskThread-/0.0.0.0:15358-0 ] INFO  server.GrpcService (GrpcService.java:startImpl(302)) - 3dfa3a40-7be8-4b27-818e-b4bcb1f9d011: GrpcService started, listening on 15415
2024-03-15 21:40:16,332 [3dfa3a40-7be8-4b27-818e-b4bcb1f9d011-EndpointStateMachineTaskThread-/0.0.0.0:15358-0 ] INFO  server.GrpcService (GrpcService.java:startImpl(302)) - 3dfa3a40-7be8-4b27-818e-b4bcb1f9d011: GrpcService started, listening on 15414
2024-03-15 21:40:16,332 [3dfa3a40-7be8-4b27-818e-b4bcb1f9d011-EndpointStateMachineTaskThread-/0.0.0.0:15358-0 ] INFO  ratis.XceiverServerRatis (XceiverServerRatis.java:getRealPort(592)) - XceiverServerRatis 3dfa3a40-7be8-4b27-818e-b4bcb1f9d011 is started using port 15413 for RATIS
2024-03-15 21:40:16,332 [JvmPauseMonitor51] INFO  util.JvmPauseMonitor (JvmPauseMonitor.java:run(146)) - JvmPauseMonitor-3dfa3a40-7be8-4b27-818e-b4bcb1f9d011: Started
2024-03-15 21:40:16,332 [3dfa3a40-7be8-4b27-818e-b4bcb1f9d011-EndpointStateMachineTaskThread-/0.0.0.0:15358-0 ] INFO  ratis.XceiverServerRatis (XceiverServerRatis.java:getRealPort(592)) - XceiverServerRatis 3dfa3a40-7be8-4b27-818e-b4bcb1f9d011 is started using port 15414 for RATIS_ADMIN
2024-03-15 21:40:16,332 [3dfa3a40-7be8-4b27-818e-b4bcb1f9d011-EndpointStateMachineTaskThread-/0.0.0.0:15358-0 ] INFO  ratis.XceiverServerRatis (XceiverServerRatis.java:getRealPort(592)) - XceiverServerRatis 3dfa3a40-7be8-4b27-818e-b4bcb1f9d011 is started using port 15415 for RATIS_SERVER
2024-03-15 21:40:16,332 [3dfa3a40-7be8-4b27-818e-b4bcb1f9d011-EndpointStateMachineTaskThread-/0.0.0.0:15358-0 ] INFO  ratis.XceiverServerRatis (XceiverServerRatis.java:getRealPort(592)) - XceiverServerRatis 3dfa3a40-7be8-4b27-818e-b4bcb1f9d011 is started using port 15416 for RATIS_DATASTREAM
2024-03-15 21:40:16,333 [3dfa3a40-7be8-4b27-818e-b4bcb1f9d011-BlockDeletingService#0] INFO  interfaces.ContainerDeletionChoosingPolicyTemplate (ContainerDeletionChoosingPolicyTemplate.java:chooseContainerForBlockDeletion(85)) - Chosen 0/5000 blocks from 0 candidate containers.
2024-03-15 21:40:16,410 [caf183e4-1f79-482a-9e33-59f38e9311f0-EndpointStateMachineTaskThread-/0.0.0.0:15358-0 ] INFO  utils.DatanodeStoreCache (DatanodeStoreCache.java:addDB(72)) - Added db /home/runner/work/ozone/ozone/hadoop-ozone/integration-test/target/test-dir/MiniOzoneClusterImpl-9d1dee8c-d44a-4a38-8f2b-42c9fdbb6771/ozone-meta/datanode-7/data-0/hdds/9d1dee8c-d44a-4a38-8f2b-42c9fdbb6771/DS-fb1ac069-b110-4978-993c-4fdbc7115c57/container.db to cache
2024-03-15 21:40:16,410 [caf183e4-1f79-482a-9e33-59f38e9311f0-EndpointStateMachineTaskThread-/0.0.0.0:15358-0 ] INFO  volume.HddsVolume (HddsVolume.java:createDbStore(420)) - SchemaV3 db is created and loaded at /home/runner/work/ozone/ozone/hadoop-ozone/integration-test/target/test-dir/MiniOzoneClusterImpl-9d1dee8c-d44a-4a38-8f2b-42c9fdbb6771/ozone-meta/datanode-7/data-0/hdds/9d1dee8c-d44a-4a38-8f2b-42c9fdbb6771/DS-fb1ac069-b110-4978-993c-4fdbc7115c57/container.db for volume DS-fb1ac069-b110-4978-993c-4fdbc7115c57
2024-03-15 21:40:16,411 [caf183e4-1f79-482a-9e33-59f38e9311f0-ContainerReader-0] INFO  ozoneimpl.ContainerReader (ContainerReader.java:readVolume(148)) - Start to verify containers on volume /home/runner/work/ozone/ozone/hadoop-ozone/integration-test/target/test-dir/MiniOzoneClusterImpl-9d1dee8c-d44a-4a38-8f2b-42c9fdbb6771/ozone-meta/datanode-7/data-0/hdds
2024-03-15 21:40:16,411 [caf183e4-1f79-482a-9e33-59f38e9311f0-ContainerReader-0] INFO  ozoneimpl.ContainerReader (ContainerReader.java:readVolume(178)) - Finish verifying containers on volume /home/runner/work/ozone/ozone/hadoop-ozone/integration-test/target/test-dir/MiniOzoneClusterImpl-9d1dee8c-d44a-4a38-8f2b-42c9fdbb6771/ozone-meta/datanode-7/data-0/hdds
2024-03-15 21:40:16,411 [caf183e4-1f79-482a-9e33-59f38e9311f0-EndpointStateMachineTaskThread-/0.0.0.0:15358-0 ] INFO  ozoneimpl.OzoneContainer (OzoneContainer.java:buildContainerSet(328)) - Build ContainerSet costs 0s
2024-03-15 21:40:16,411 [caf183e4-1f79-482a-9e33-59f38e9311f0-EndpointStateMachineTaskThread-/0.0.0.0:15358-0 ] INFO  volume.ThrottledAsyncChecker (ThrottledAsyncChecker.java:schedule(141)) - Scheduling a check for /home/runner/work/ozone/ozone/hadoop-ozone/integration-test/target/test-dir/MiniOzoneClusterImpl-9d1dee8c-d44a-4a38-8f2b-42c9fdbb6771/ozone-meta/datanode-7/data-0/hdds
2024-03-15 21:40:16,412 [caf183e4-1f79-482a-9e33-59f38e9311f0-EndpointStateMachineTaskThread-/0.0.0.0:15358-0 ] INFO  volume.StorageVolumeChecker (StorageVolumeChecker.java:checkAllVolumes(218)) - Scheduled health check for volume /home/runner/work/ozone/ozone/hadoop-ozone/integration-test/target/test-dir/MiniOzoneClusterImpl-9d1dee8c-d44a-4a38-8f2b-42c9fdbb6771/ozone-meta/datanode-7/data-0/hdds
2024-03-15 21:40:16,414 [caf183e4-1f79-482a-9e33-59f38e9311f0-EndpointStateMachineTaskThread-/0.0.0.0:15358-0 ] INFO  volume.ThrottledAsyncChecker (ThrottledAsyncChecker.java:schedule(141)) - Scheduling a check for /home/runner/work/ozone/ozone/hadoop-ozone/integration-test/target/test-dir/MiniOzoneClusterImpl-9d1dee8c-d44a-4a38-8f2b-42c9fdbb6771/ozone-meta/datanode-7/ratis
2024-03-15 21:40:16,414 [caf183e4-1f79-482a-9e33-59f38e9311f0-EndpointStateMachineTaskThread-/0.0.0.0:15358-0 ] INFO  volume.StorageVolumeChecker (StorageVolumeChecker.java:checkAllVolumes(218)) - Scheduled health check for volume /home/runner/work/ozone/ozone/hadoop-ozone/integration-test/target/test-dir/MiniOzoneClusterImpl-9d1dee8c-d44a-4a38-8f2b-42c9fdbb6771/ozone-meta/datanode-7/ratis
2024-03-15 21:40:16,414 [caf183e4-1f79-482a-9e33-59f38e9311f0-EndpointStateMachineTaskThread-/0.0.0.0:15358-0 ] INFO  ozoneimpl.OzoneContainer (OzoneContainer.java:start(459)) - Attempting to start container services.
2024-03-15 21:40:16,415 [caf183e4-1f79-482a-9e33-59f38e9311f0-EndpointStateMachineTaskThread-/0.0.0.0:15358-0 ] WARN  ozoneimpl.OnDemandContainerDataScanner (OnDemandContainerDataScanner.java:init(75)) - Trying to initialize on demand scanner a second time on a datanode.
2024-03-15 21:40:16,415 [ContainerMetadataScanner] INFO  ozoneimpl.AbstractBackgroundContainerScanner (AbstractBackgroundContainerScanner.java:runIteration(87)) - Completed an iteration in 0 minutes. Number of iterations (since the data-node restart) : 1, Number of containers scanned in this iteration : 0, Number of unhealthy containers found in this iteration : 0
2024-03-15 21:40:16,415 [caf183e4-1f79-482a-9e33-59f38e9311f0-EndpointStateMachineTaskThread-/0.0.0.0:15358-0 ] INFO  replication.ReplicationServer (ReplicationServer.java:start(142)) - ReplicationServer is started using port 15426
2024-03-15 21:40:16,415 [caf183e4-1f79-482a-9e33-59f38e9311f0-EndpointStateMachineTaskThread-/0.0.0.0:15358-0 ] INFO  ratis.XceiverServerRatis (XceiverServerRatis.java:start(566)) - Starting XceiverServerRatis caf183e4-1f79-482a-9e33-59f38e9311f0
2024-03-15 21:40:16,415 [ContainerDataScanner(/home/runner/work/ozone/ozone/hadoop-ozone/integration-test/target/test-dir/MiniOzoneClusterImpl-9d1dee8c-d44a-4a38-8f2b-42c9fdbb6771/ozone-meta/datanode-7/data-0/hdds)] INFO  ozoneimpl.AbstractBackgroundContainerScanner (AbstractBackgroundContainerScanner.java:runIteration(87)) - Completed an iteration in 0 minutes. Number of iterations (since the data-node restart) : 1, Number of containers scanned in this iteration : 0, Number of unhealthy containers found in this iteration : 0
2024-03-15 21:40:16,416 [caf183e4-1f79-482a-9e33-59f38e9311f0-EndpointStateMachineTaskThread-/0.0.0.0:15358-0 ] INFO  server.RaftServer (RaftServerProxy.java:startImpl(406)) - caf183e4-1f79-482a-9e33-59f38e9311f0: start RPC server
2024-03-15 21:40:16,416 [caf183e4-1f79-482a-9e33-59f38e9311f0-EndpointStateMachineTaskThread-/0.0.0.0:15358-0 ] INFO  server.GrpcService (GrpcService.java:startImpl(302)) - caf183e4-1f79-482a-9e33-59f38e9311f0: GrpcService started, listening on 15422
2024-03-15 21:40:16,416 [caf183e4-1f79-482a-9e33-59f38e9311f0-EndpointStateMachineTaskThread-/0.0.0.0:15358-0 ] INFO  server.GrpcService (GrpcService.java:startImpl(302)) - caf183e4-1f79-482a-9e33-59f38e9311f0: GrpcService started, listening on 15424
2024-03-15 21:40:16,416 [caf183e4-1f79-482a-9e33-59f38e9311f0-EndpointStateMachineTaskThread-/0.0.0.0:15358-0 ] INFO  server.GrpcService (GrpcService.java:startImpl(302)) - caf183e4-1f79-482a-9e33-59f38e9311f0: GrpcService started, listening on 15423
2024-03-15 21:40:16,417 [caf183e4-1f79-482a-9e33-59f38e9311f0-EndpointStateMachineTaskThread-/0.0.0.0:15358-0 ] INFO  ratis.XceiverServerRatis (XceiverServerRatis.java:getRealPort(592)) - XceiverServerRatis caf183e4-1f79-482a-9e33-59f38e9311f0 is started using port 15422 for RATIS
2024-03-15 21:40:16,417 [JvmPauseMonitor52] INFO  util.JvmPauseMonitor (JvmPauseMonitor.java:run(146)) - JvmPauseMonitor-caf183e4-1f79-482a-9e33-59f38e9311f0: Started
2024-03-15 21:40:16,417 [caf183e4-1f79-482a-9e33-59f38e9311f0-EndpointStateMachineTaskThread-/0.0.0.0:15358-0 ] INFO  ratis.XceiverServerRatis (XceiverServerRatis.java:getRealPort(592)) - XceiverServerRatis caf183e4-1f79-482a-9e33-59f38e9311f0 is started using port 15423 for RATIS_ADMIN
2024-03-15 21:40:16,417 [caf183e4-1f79-482a-9e33-59f38e9311f0-EndpointStateMachineTaskThread-/0.0.0.0:15358-0 ] INFO  ratis.XceiverServerRatis (XceiverServerRatis.java:getRealPort(592)) - XceiverServerRatis caf183e4-1f79-482a-9e33-59f38e9311f0 is started using port 15424 for RATIS_SERVER
2024-03-15 21:40:16,417 [caf183e4-1f79-482a-9e33-59f38e9311f0-EndpointStateMachineTaskThread-/0.0.0.0:15358-0 ] INFO  ratis.XceiverServerRatis (XceiverServerRatis.java:getRealPort(592)) - XceiverServerRatis caf183e4-1f79-482a-9e33-59f38e9311f0 is started using port 15425 for RATIS_DATASTREAM
2024-03-15 21:40:16,417 [caf183e4-1f79-482a-9e33-59f38e9311f0-BlockDeletingService#0] INFO  interfaces.ContainerDeletionChoosingPolicyTemplate (ContainerDeletionChoosingPolicyTemplate.java:chooseContainerForBlockDeletion(85)) - Chosen 0/5000 blocks from 0 candidate containers.
2024-03-15 21:40:16,501 [b15e7803-4f8e-4e49-829e-8079360f838e-EndpointStateMachineTaskThread-/0.0.0.0:15358-0 ] INFO  utils.DatanodeStoreCache (DatanodeStoreCache.java:addDB(72)) - Added db /home/runner/work/ozone/ozone/hadoop-ozone/integration-test/target/test-dir/MiniOzoneClusterImpl-9d1dee8c-d44a-4a38-8f2b-42c9fdbb6771/ozone-meta/datanode-8/data-0/hdds/9d1dee8c-d44a-4a38-8f2b-42c9fdbb6771/DS-809c989b-7dda-45d7-bd07-2283f774cd8f/container.db to cache
2024-03-15 21:40:16,501 [b15e7803-4f8e-4e49-829e-8079360f838e-EndpointStateMachineTaskThread-/0.0.0.0:15358-0 ] INFO  volume.HddsVolume (HddsVolume.java:createDbStore(420)) - SchemaV3 db is created and loaded at /home/runner/work/ozone/ozone/hadoop-ozone/integration-test/target/test-dir/MiniOzoneClusterImpl-9d1dee8c-d44a-4a38-8f2b-42c9fdbb6771/ozone-meta/datanode-8/data-0/hdds/9d1dee8c-d44a-4a38-8f2b-42c9fdbb6771/DS-809c989b-7dda-45d7-bd07-2283f774cd8f/container.db for volume DS-809c989b-7dda-45d7-bd07-2283f774cd8f
2024-03-15 21:40:16,503 [b15e7803-4f8e-4e49-829e-8079360f838e-ContainerReader-0] INFO  ozoneimpl.ContainerReader (ContainerReader.java:readVolume(148)) - Start to verify containers on volume /home/runner/work/ozone/ozone/hadoop-ozone/integration-test/target/test-dir/MiniOzoneClusterImpl-9d1dee8c-d44a-4a38-8f2b-42c9fdbb6771/ozone-meta/datanode-8/data-0/hdds
2024-03-15 21:40:16,503 [b15e7803-4f8e-4e49-829e-8079360f838e-ContainerReader-0] INFO  ozoneimpl.ContainerReader (ContainerReader.java:readVolume(178)) - Finish verifying containers on volume /home/runner/work/ozone/ozone/hadoop-ozone/integration-test/target/test-dir/MiniOzoneClusterImpl-9d1dee8c-d44a-4a38-8f2b-42c9fdbb6771/ozone-meta/datanode-8/data-0/hdds
2024-03-15 21:40:16,503 [b15e7803-4f8e-4e49-829e-8079360f838e-EndpointStateMachineTaskThread-/0.0.0.0:15358-0 ] INFO  ozoneimpl.OzoneContainer (OzoneContainer.java:buildContainerSet(328)) - Build ContainerSet costs 0s
2024-03-15 21:40:16,503 [b15e7803-4f8e-4e49-829e-8079360f838e-EndpointStateMachineTaskThread-/0.0.0.0:15358-0 ] INFO  volume.ThrottledAsyncChecker (ThrottledAsyncChecker.java:schedule(141)) - Scheduling a check for /home/runner/work/ozone/ozone/hadoop-ozone/integration-test/target/test-dir/MiniOzoneClusterImpl-9d1dee8c-d44a-4a38-8f2b-42c9fdbb6771/ozone-meta/datanode-8/data-0/hdds
2024-03-15 21:40:16,503 [b15e7803-4f8e-4e49-829e-8079360f838e-EndpointStateMachineTaskThread-/0.0.0.0:15358-0 ] INFO  volume.StorageVolumeChecker (StorageVolumeChecker.java:checkAllVolumes(218)) - Scheduled health check for volume /home/runner/work/ozone/ozone/hadoop-ozone/integration-test/target/test-dir/MiniOzoneClusterImpl-9d1dee8c-d44a-4a38-8f2b-42c9fdbb6771/ozone-meta/datanode-8/data-0/hdds
2024-03-15 21:40:16,505 [b15e7803-4f8e-4e49-829e-8079360f838e-EndpointStateMachineTaskThread-/0.0.0.0:15358-0 ] INFO  volume.ThrottledAsyncChecker (ThrottledAsyncChecker.java:schedule(141)) - Scheduling a check for /home/runner/work/ozone/ozone/hadoop-ozone/integration-test/target/test-dir/MiniOzoneClusterImpl-9d1dee8c-d44a-4a38-8f2b-42c9fdbb6771/ozone-meta/datanode-8/ratis
2024-03-15 21:40:16,505 [b15e7803-4f8e-4e49-829e-8079360f838e-EndpointStateMachineTaskThread-/0.0.0.0:15358-0 ] INFO  volume.StorageVolumeChecker (StorageVolumeChecker.java:checkAllVolumes(218)) - Scheduled health check for volume /home/runner/work/ozone/ozone/hadoop-ozone/integration-test/target/test-dir/MiniOzoneClusterImpl-9d1dee8c-d44a-4a38-8f2b-42c9fdbb6771/ozone-meta/datanode-8/ratis
2024-03-15 21:40:16,506 [b15e7803-4f8e-4e49-829e-8079360f838e-EndpointStateMachineTaskThread-/0.0.0.0:15358-0 ] INFO  ozoneimpl.OzoneContainer (OzoneContainer.java:start(459)) - Attempting to start container services.
2024-03-15 21:40:16,506 [b15e7803-4f8e-4e49-829e-8079360f838e-EndpointStateMachineTaskThread-/0.0.0.0:15358-0 ] WARN  ozoneimpl.OnDemandContainerDataScanner (OnDemandContainerDataScanner.java:init(75)) - Trying to initialize on demand scanner a second time on a datanode.
2024-03-15 21:40:16,507 [ContainerMetadataScanner] INFO  ozoneimpl.AbstractBackgroundContainerScanner (AbstractBackgroundContainerScanner.java:runIteration(87)) - Completed an iteration in 0 minutes. Number of iterations (since the data-node restart) : 1, Number of containers scanned in this iteration : 0, Number of unhealthy containers found in this iteration : 0
2024-03-15 21:40:16,507 [ContainerDataScanner(/home/runner/work/ozone/ozone/hadoop-ozone/integration-test/target/test-dir/MiniOzoneClusterImpl-9d1dee8c-d44a-4a38-8f2b-42c9fdbb6771/ozone-meta/datanode-8/data-0/hdds)] INFO  ozoneimpl.AbstractBackgroundContainerScanner (AbstractBackgroundContainerScanner.java:runIteration(87)) - Completed an iteration in 0 minutes. Number of iterations (since the data-node restart) : 1, Number of containers scanned in this iteration : 0, Number of unhealthy containers found in this iteration : 0
2024-03-15 21:40:16,507 [b15e7803-4f8e-4e49-829e-8079360f838e-EndpointStateMachineTaskThread-/0.0.0.0:15358-0 ] INFO  replication.ReplicationServer (ReplicationServer.java:start(142)) - ReplicationServer is started using port 15435
2024-03-15 21:40:16,507 [b15e7803-4f8e-4e49-829e-8079360f838e-EndpointStateMachineTaskThread-/0.0.0.0:15358-0 ] INFO  ratis.XceiverServerRatis (XceiverServerRatis.java:start(566)) - Starting XceiverServerRatis b15e7803-4f8e-4e49-829e-8079360f838e
2024-03-15 21:40:16,508 [b15e7803-4f8e-4e49-829e-8079360f838e-EndpointStateMachineTaskThread-/0.0.0.0:15358-0 ] INFO  server.RaftServer (RaftServerProxy.java:startImpl(406)) - b15e7803-4f8e-4e49-829e-8079360f838e: start RPC server
2024-03-15 21:40:16,508 [b15e7803-4f8e-4e49-829e-8079360f838e-EndpointStateMachineTaskThread-/0.0.0.0:15358-0 ] INFO  server.GrpcService (GrpcService.java:startImpl(302)) - b15e7803-4f8e-4e49-829e-8079360f838e: GrpcService started, listening on 15431
2024-03-15 21:40:16,509 [b15e7803-4f8e-4e49-829e-8079360f838e-EndpointStateMachineTaskThread-/0.0.0.0:15358-0 ] INFO  server.GrpcService (GrpcService.java:startImpl(302)) - b15e7803-4f8e-4e49-829e-8079360f838e: GrpcService started, listening on 15433
2024-03-15 21:40:16,509 [b15e7803-4f8e-4e49-829e-8079360f838e-EndpointStateMachineTaskThread-/0.0.0.0:15358-0 ] INFO  server.GrpcService (GrpcService.java:startImpl(302)) - b15e7803-4f8e-4e49-829e-8079360f838e: GrpcService started, listening on 15432
2024-03-15 21:40:16,509 [b15e7803-4f8e-4e49-829e-8079360f838e-EndpointStateMachineTaskThread-/0.0.0.0:15358-0 ] INFO  ratis.XceiverServerRatis (XceiverServerRatis.java:getRealPort(592)) - XceiverServerRatis b15e7803-4f8e-4e49-829e-8079360f838e is started using port 15431 for RATIS
2024-03-15 21:40:16,509 [JvmPauseMonitor53] INFO  util.JvmPauseMonitor (JvmPauseMonitor.java:run(146)) - JvmPauseMonitor-b15e7803-4f8e-4e49-829e-8079360f838e: Started
2024-03-15 21:40:16,509 [b15e7803-4f8e-4e49-829e-8079360f838e-EndpointStateMachineTaskThread-/0.0.0.0:15358-0 ] INFO  ratis.XceiverServerRatis (XceiverServerRatis.java:getRealPort(592)) - XceiverServerRatis b15e7803-4f8e-4e49-829e-8079360f838e is started using port 15432 for RATIS_ADMIN
2024-03-15 21:40:16,509 [b15e7803-4f8e-4e49-829e-8079360f838e-EndpointStateMachineTaskThread-/0.0.0.0:15358-0 ] INFO  ratis.XceiverServerRatis (XceiverServerRatis.java:getRealPort(592)) - XceiverServerRatis b15e7803-4f8e-4e49-829e-8079360f838e is started using port 15433 for RATIS_SERVER
2024-03-15 21:40:16,509 [b15e7803-4f8e-4e49-829e-8079360f838e-EndpointStateMachineTaskThread-/0.0.0.0:15358-0 ] INFO  ratis.XceiverServerRatis (XceiverServerRatis.java:getRealPort(592)) - XceiverServerRatis b15e7803-4f8e-4e49-829e-8079360f838e is started using port 15434 for RATIS_DATASTREAM
2024-03-15 21:40:16,510 [b15e7803-4f8e-4e49-829e-8079360f838e-BlockDeletingService#0] INFO  interfaces.ContainerDeletionChoosingPolicyTemplate (ContainerDeletionChoosingPolicyTemplate.java:chooseContainerForBlockDeletion(85)) - Chosen 0/5000 blocks from 0 candidate containers.
2024-03-15 21:40:16,573 [main] INFO  ozone.MiniOzoneClusterImpl (MiniOzoneClusterImpl.java:lambda$waitForClusterToBeReady$0(194)) - Waiting for nodes to be ready. Got 0 of 9 DN Heartbeats.
2024-03-15 21:40:16,573 [main] INFO  ozone.MiniOzoneClusterImpl (MiniOzoneClusterImpl.java:lambda$waitForClusterToBeReady$0(197)) - Waiting for cluster to exit safe mode
2024-03-15 21:40:16,574 [main] INFO  ozone.MiniOzoneClusterImpl (MiniOzoneClusterImpl.java:lambda$waitForClusterToBeReady$0(199)) - SCM became leader
2024-03-15 21:40:16,590 [2bf5d123-a097-49f6-8df3-d3538d4bb7b0-EndpointStateMachineTaskThread-/0.0.0.0:15358-0 ] INFO  utils.DatanodeStoreCache (DatanodeStoreCache.java:addDB(72)) - Added db /home/runner/work/ozone/ozone/hadoop-ozone/integration-test/target/test-dir/MiniOzoneClusterImpl-9d1dee8c-d44a-4a38-8f2b-42c9fdbb6771/ozone-meta/datanode-9/data-0/hdds/9d1dee8c-d44a-4a38-8f2b-42c9fdbb6771/DS-3f8335c2-bec4-484c-8831-5ce8d050498c/container.db to cache
2024-03-15 21:40:16,590 [2bf5d123-a097-49f6-8df3-d3538d4bb7b0-EndpointStateMachineTaskThread-/0.0.0.0:15358-0 ] INFO  volume.HddsVolume (HddsVolume.java:createDbStore(420)) - SchemaV3 db is created and loaded at /home/runner/work/ozone/ozone/hadoop-ozone/integration-test/target/test-dir/MiniOzoneClusterImpl-9d1dee8c-d44a-4a38-8f2b-42c9fdbb6771/ozone-meta/datanode-9/data-0/hdds/9d1dee8c-d44a-4a38-8f2b-42c9fdbb6771/DS-3f8335c2-bec4-484c-8831-5ce8d050498c/container.db for volume DS-3f8335c2-bec4-484c-8831-5ce8d050498c
2024-03-15 21:40:16,592 [2bf5d123-a097-49f6-8df3-d3538d4bb7b0-ContainerReader-0] INFO  ozoneimpl.ContainerReader (ContainerReader.java:readVolume(148)) - Start to verify containers on volume /home/runner/work/ozone/ozone/hadoop-ozone/integration-test/target/test-dir/MiniOzoneClusterImpl-9d1dee8c-d44a-4a38-8f2b-42c9fdbb6771/ozone-meta/datanode-9/data-0/hdds
2024-03-15 21:40:16,592 [2bf5d123-a097-49f6-8df3-d3538d4bb7b0-ContainerReader-0] INFO  ozoneimpl.ContainerReader (ContainerReader.java:readVolume(178)) - Finish verifying containers on volume /home/runner/work/ozone/ozone/hadoop-ozone/integration-test/target/test-dir/MiniOzoneClusterImpl-9d1dee8c-d44a-4a38-8f2b-42c9fdbb6771/ozone-meta/datanode-9/data-0/hdds
2024-03-15 21:40:16,592 [2bf5d123-a097-49f6-8df3-d3538d4bb7b0-EndpointStateMachineTaskThread-/0.0.0.0:15358-0 ] INFO  ozoneimpl.OzoneContainer (OzoneContainer.java:buildContainerSet(328)) - Build ContainerSet costs 0s
2024-03-15 21:40:16,592 [2bf5d123-a097-49f6-8df3-d3538d4bb7b0-EndpointStateMachineTaskThread-/0.0.0.0:15358-0 ] INFO  volume.ThrottledAsyncChecker (ThrottledAsyncChecker.java:schedule(141)) - Scheduling a check for /home/runner/work/ozone/ozone/hadoop-ozone/integration-test/target/test-dir/MiniOzoneClusterImpl-9d1dee8c-d44a-4a38-8f2b-42c9fdbb6771/ozone-meta/datanode-9/data-0/hdds
2024-03-15 21:40:16,592 [2bf5d123-a097-49f6-8df3-d3538d4bb7b0-EndpointStateMachineTaskThread-/0.0.0.0:15358-0 ] INFO  volume.StorageVolumeChecker (StorageVolumeChecker.java:checkAllVolumes(218)) - Scheduled health check for volume /home/runner/work/ozone/ozone/hadoop-ozone/integration-test/target/test-dir/MiniOzoneClusterImpl-9d1dee8c-d44a-4a38-8f2b-42c9fdbb6771/ozone-meta/datanode-9/data-0/hdds
2024-03-15 21:40:16,594 [2bf5d123-a097-49f6-8df3-d3538d4bb7b0-EndpointStateMachineTaskThread-/0.0.0.0:15358-0 ] INFO  volume.ThrottledAsyncChecker (ThrottledAsyncChecker.java:schedule(141)) - Scheduling a check for /home/runner/work/ozone/ozone/hadoop-ozone/integration-test/target/test-dir/MiniOzoneClusterImpl-9d1dee8c-d44a-4a38-8f2b-42c9fdbb6771/ozone-meta/datanode-9/ratis
2024-03-15 21:40:16,594 [2bf5d123-a097-49f6-8df3-d3538d4bb7b0-EndpointStateMachineTaskThread-/0.0.0.0:15358-0 ] INFO  volume.StorageVolumeChecker (StorageVolumeChecker.java:checkAllVolumes(218)) - Scheduled health check for volume /home/runner/work/ozone/ozone/hadoop-ozone/integration-test/target/test-dir/MiniOzoneClusterImpl-9d1dee8c-d44a-4a38-8f2b-42c9fdbb6771/ozone-meta/datanode-9/ratis
2024-03-15 21:40:16,595 [2bf5d123-a097-49f6-8df3-d3538d4bb7b0-EndpointStateMachineTaskThread-/0.0.0.0:15358-0 ] INFO  ozoneimpl.OzoneContainer (OzoneContainer.java:start(459)) - Attempting to start container services.
2024-03-15 21:40:16,595 [2bf5d123-a097-49f6-8df3-d3538d4bb7b0-EndpointStateMachineTaskThread-/0.0.0.0:15358-0 ] WARN  ozoneimpl.OnDemandContainerDataScanner (OnDemandContainerDataScanner.java:init(75)) - Trying to initialize on demand scanner a second time on a datanode.
2024-03-15 21:40:16,595 [ContainerMetadataScanner] INFO  ozoneimpl.AbstractBackgroundContainerScanner (AbstractBackgroundContainerScanner.java:runIteration(87)) - Completed an iteration in 0 minutes. Number of iterations (since the data-node restart) : 1, Number of containers scanned in this iteration : 0, Number of unhealthy containers found in this iteration : 0
2024-03-15 21:40:16,596 [ContainerDataScanner(/home/runner/work/ozone/ozone/hadoop-ozone/integration-test/target/test-dir/MiniOzoneClusterImpl-9d1dee8c-d44a-4a38-8f2b-42c9fdbb6771/ozone-meta/datanode-9/data-0/hdds)] INFO  ozoneimpl.AbstractBackgroundContainerScanner (AbstractBackgroundContainerScanner.java:runIteration(87)) - Completed an iteration in 0 minutes. Number of iterations (since the data-node restart) : 1, Number of containers scanned in this iteration : 0, Number of unhealthy containers found in this iteration : 0
2024-03-15 21:40:16,596 [2bf5d123-a097-49f6-8df3-d3538d4bb7b0-EndpointStateMachineTaskThread-/0.0.0.0:15358-0 ] INFO  replication.ReplicationServer (ReplicationServer.java:start(142)) - ReplicationServer is started using port 15444
2024-03-15 21:40:16,596 [2bf5d123-a097-49f6-8df3-d3538d4bb7b0-EndpointStateMachineTaskThread-/0.0.0.0:15358-0 ] INFO  ratis.XceiverServerRatis (XceiverServerRatis.java:start(566)) - Starting XceiverServerRatis 2bf5d123-a097-49f6-8df3-d3538d4bb7b0
2024-03-15 21:40:16,596 [2bf5d123-a097-49f6-8df3-d3538d4bb7b0-EndpointStateMachineTaskThread-/0.0.0.0:15358-0 ] INFO  server.RaftServer (RaftServerProxy.java:startImpl(406)) - 2bf5d123-a097-49f6-8df3-d3538d4bb7b0: start RPC server
2024-03-15 21:40:16,597 [2bf5d123-a097-49f6-8df3-d3538d4bb7b0-EndpointStateMachineTaskThread-/0.0.0.0:15358-0 ] INFO  server.GrpcService (GrpcService.java:startImpl(302)) - 2bf5d123-a097-49f6-8df3-d3538d4bb7b0: GrpcService started, listening on 15440
2024-03-15 21:40:16,597 [2bf5d123-a097-49f6-8df3-d3538d4bb7b0-EndpointStateMachineTaskThread-/0.0.0.0:15358-0 ] INFO  server.GrpcService (GrpcService.java:startImpl(302)) - 2bf5d123-a097-49f6-8df3-d3538d4bb7b0: GrpcService started, listening on 15442
2024-03-15 21:40:16,597 [2bf5d123-a097-49f6-8df3-d3538d4bb7b0-EndpointStateMachineTaskThread-/0.0.0.0:15358-0 ] INFO  server.GrpcService (GrpcService.java:startImpl(302)) - 2bf5d123-a097-49f6-8df3-d3538d4bb7b0: GrpcService started, listening on 15441
2024-03-15 21:40:16,599 [2bf5d123-a097-49f6-8df3-d3538d4bb7b0-EndpointStateMachineTaskThread-/0.0.0.0:15358-0 ] INFO  ratis.XceiverServerRatis (XceiverServerRatis.java:getRealPort(592)) - XceiverServerRatis 2bf5d123-a097-49f6-8df3-d3538d4bb7b0 is started using port 15440 for RATIS
2024-03-15 21:40:16,599 [JvmPauseMonitor54] INFO  util.JvmPauseMonitor (JvmPauseMonitor.java:run(146)) - JvmPauseMonitor-2bf5d123-a097-49f6-8df3-d3538d4bb7b0: Started
2024-03-15 21:40:16,599 [2bf5d123-a097-49f6-8df3-d3538d4bb7b0-EndpointStateMachineTaskThread-/0.0.0.0:15358-0 ] INFO  ratis.XceiverServerRatis (XceiverServerRatis.java:getRealPort(592)) - XceiverServerRatis 2bf5d123-a097-49f6-8df3-d3538d4bb7b0 is started using port 15441 for RATIS_ADMIN
2024-03-15 21:40:16,599 [2bf5d123-a097-49f6-8df3-d3538d4bb7b0-EndpointStateMachineTaskThread-/0.0.0.0:15358-0 ] INFO  ratis.XceiverServerRatis (XceiverServerRatis.java:getRealPort(592)) - XceiverServerRatis 2bf5d123-a097-49f6-8df3-d3538d4bb7b0 is started using port 15442 for RATIS_SERVER
2024-03-15 21:40:16,599 [2bf5d123-a097-49f6-8df3-d3538d4bb7b0-EndpointStateMachineTaskThread-/0.0.0.0:15358-0 ] INFO  ratis.XceiverServerRatis (XceiverServerRatis.java:getRealPort(592)) - XceiverServerRatis 2bf5d123-a097-49f6-8df3-d3538d4bb7b0 is started using port 15443 for RATIS_DATASTREAM
2024-03-15 21:40:16,600 [2bf5d123-a097-49f6-8df3-d3538d4bb7b0-BlockDeletingService#0] INFO  interfaces.ContainerDeletionChoosingPolicyTemplate (ContainerDeletionChoosingPolicyTemplate.java:chooseContainerForBlockDeletion(85)) - Chosen 0/5000 blocks from 0 candidate containers.
2024-03-15 21:40:17,574 [main] INFO  ozone.MiniOzoneClusterImpl (MiniOzoneClusterImpl.java:lambda$waitForClusterToBeReady$0(194)) - Waiting for nodes to be ready. Got 0 of 9 DN Heartbeats.
2024-03-15 21:40:17,574 [main] INFO  ozone.MiniOzoneClusterImpl (MiniOzoneClusterImpl.java:lambda$waitForClusterToBeReady$0(197)) - Waiting for cluster to exit safe mode
2024-03-15 21:40:17,574 [main] INFO  ozone.MiniOzoneClusterImpl (MiniOzoneClusterImpl.java:lambda$waitForClusterToBeReady$0(199)) - SCM became leader
2024-03-15 21:40:17,868 [IPC Server handler 0 on default port 15358] INFO  net.NetworkTopologyImpl (NetworkTopologyImpl.java:add(133)) - Added a new node: /default-rack/3d634cb2-775f-4b5a-90b9-1e5452c00050
2024-03-15 21:40:17,868 [IPC Server handler 0 on default port 15358] INFO  node.SCMNodeManager (SCMNodeManager.java:register(421)) - Registered datanode: 3d634cb2-775f-4b5a-90b9-1e5452c00050{ip: 10.1.0.11, host: fv-az528-102.abqymjqvoexebeyq30kq3sdubb.bx.internal.cloudapp.net, ports: [HTTP=15365, CLIENT_RPC=15366, REPLICATION=15372, RATIS=15368, RATIS_ADMIN=15369, RATIS_SERVER=15370, RATIS_DATASTREAM=15371, STANDALONE=15367], networkLocation: /default-rack, certSerialId: null, persistedOpState: null, persistedOpStateExpiryEpochSec: 0}
2024-03-15 21:40:17,870 [EventQueue-NewNodeForNewNodeHandler] INFO  pipeline.BackgroundPipelineCreator (BackgroundPipelineCreator.java:notifyEventTriggered(280)) - trigger a one-shot run on RatisPipelineUtilsThread.
2024-03-15 21:40:17,871 [EventQueue-NodeRegistrationContainerReportForDataNodeSafeModeRule] INFO  safemode.SCMSafeModeManager (DataNodeSafeModeRule.java:process(71)) - SCM in safe mode. 1 DataNodes registered, 3 required.
2024-03-15 21:40:17,871 [RatisPipelineUtilsThread-0] INFO  pipeline.RatisPipelineProvider (RatisPipelineProvider.java:lambda$create$0(205)) - Sending CreatePipelineCommand for pipeline:PipelineID=e78bb5c3-3f21-41e9-84ec-61b3573dc185 to datanode:3d634cb2-775f-4b5a-90b9-1e5452c00050
2024-03-15 21:40:17,871 [EventQueue-NodeRegistrationContainerReportForContainerSafeModeRule] INFO  safemode.SCMSafeModeManager (SCMSafeModeManager.java:validateSafeModeExitRules(200)) - ContainerSafeModeRule rule is successfully validated
2024-03-15 21:40:17,872 [EventQueue-PipelineReportForOneReplicaPipelineSafeModeRule] INFO  safemode.SCMSafeModeManager (SCMSafeModeManager.java:validateSafeModeExitRules(200)) - AtleastOneDatanodeReportedRule rule is successfully validated
2024-03-15 21:40:17,872 [RatisPipelineUtilsThread-0] INFO  pipeline.BackgroundPipelineCreator (BackgroundPipelineCreator.java:createPipelines(236)) - Created new pipeline Pipeline[ Id: e78bb5c3-3f21-41e9-84ec-61b3573dc185, Nodes: 3d634cb2-775f-4b5a-90b9-1e5452c00050(fv-az528-102.abqymjqvoexebeyq30kq3sdubb.bx.internal.cloudapp.net/10.1.0.11), ReplicationConfig: RATIS/ONE, State:ALLOCATED, leaderId:, CreationTimestamp2024-03-15T21:40:17.871Z[Etc/UTC]]
2024-03-15 21:40:17,957 [IPC Server handler 4 on default port 15358] INFO  net.NetworkTopologyImpl (NetworkTopologyImpl.java:add(133)) - Added a new node: /default-rack/e2c18930-f62b-4e67-9845-17087b23bc88
2024-03-15 21:40:17,957 [IPC Server handler 4 on default port 15358] INFO  node.SCMNodeManager (SCMNodeManager.java:register(421)) - Registered datanode: e2c18930-f62b-4e67-9845-17087b23bc88{ip: 10.1.0.11, host: fv-az528-102.abqymjqvoexebeyq30kq3sdubb.bx.internal.cloudapp.net, ports: [HTTP=15374, CLIENT_RPC=15375, REPLICATION=15381, RATIS=15377, RATIS_ADMIN=15378, RATIS_SERVER=15379, RATIS_DATASTREAM=15380, STANDALONE=15376], networkLocation: /default-rack, certSerialId: null, persistedOpState: null, persistedOpStateExpiryEpochSec: 0}
2024-03-15 21:40:17,958 [EventQueue-NodeRegistrationContainerReportForDataNodeSafeModeRule] INFO  safemode.SCMSafeModeManager (DataNodeSafeModeRule.java:process(71)) - SCM in safe mode. 2 DataNodes registered, 3 required.
2024-03-15 21:40:17,958 [EventQueue-NewNodeForNewNodeHandler] INFO  pipeline.BackgroundPipelineCreator (BackgroundPipelineCreator.java:notifyEventTriggered(280)) - trigger a one-shot run on RatisPipelineUtilsThread.
2024-03-15 21:40:17,958 [RatisPipelineUtilsThread-0] INFO  pipeline.RatisPipelineProvider (RatisPipelineProvider.java:lambda$create$0(205)) - Sending CreatePipelineCommand for pipeline:PipelineID=e59e58f8-a6f0-4d87-9fe0-556f656e07cb to datanode:e2c18930-f62b-4e67-9845-17087b23bc88
2024-03-15 21:40:17,959 [RatisPipelineUtilsThread-0] INFO  pipeline.BackgroundPipelineCreator (BackgroundPipelineCreator.java:createPipelines(236)) - Created new pipeline Pipeline[ Id: e59e58f8-a6f0-4d87-9fe0-556f656e07cb, Nodes: e2c18930-f62b-4e67-9845-17087b23bc88(fv-az528-102.abqymjqvoexebeyq30kq3sdubb.bx.internal.cloudapp.net/10.1.0.11), ReplicationConfig: RATIS/ONE, State:ALLOCATED, leaderId:, CreationTimestamp2024-03-15T21:40:17.958Z[Etc/UTC]]
2024-03-15 21:40:18,049 [IPC Server handler 2 on default port 15358] INFO  net.NetworkTopologyImpl (NetworkTopologyImpl.java:add(133)) - Added a new node: /default-rack/afe0fdae-f81b-4972-93bd-b2e3099b8af3
2024-03-15 21:40:18,050 [IPC Server handler 2 on default port 15358] INFO  node.SCMNodeManager (SCMNodeManager.java:register(421)) - Registered datanode: afe0fdae-f81b-4972-93bd-b2e3099b8af3{ip: 10.1.0.11, host: fv-az528-102.abqymjqvoexebeyq30kq3sdubb.bx.internal.cloudapp.net, ports: [HTTP=15383, CLIENT_RPC=15384, REPLICATION=15390, RATIS=15386, RATIS_ADMIN=15387, RATIS_SERVER=15388, RATIS_DATASTREAM=15389, STANDALONE=15385], networkLocation: /default-rack, certSerialId: null, persistedOpState: null, persistedOpStateExpiryEpochSec: 0}
2024-03-15 21:40:18,050 [EventQueue-NewNodeForNewNodeHandler] INFO  pipeline.BackgroundPipelineCreator (BackgroundPipelineCreator.java:notifyEventTriggered(280)) - trigger a one-shot run on RatisPipelineUtilsThread.
2024-03-15 21:40:18,050 [EventQueue-NodeRegistrationContainerReportForDataNodeSafeModeRule] INFO  safemode.SCMSafeModeManager (DataNodeSafeModeRule.java:process(71)) - SCM in safe mode. 3 DataNodes registered, 3 required.
2024-03-15 21:40:18,050 [EventQueue-NodeRegistrationContainerReportForDataNodeSafeModeRule] INFO  safemode.SCMSafeModeManager (SCMSafeModeManager.java:validateSafeModeExitRules(200)) - DataNodeSafeModeRule rule is successfully validated
2024-03-15 21:40:18,050 [EventQueue-NodeRegistrationContainerReportForDataNodeSafeModeRule] INFO  safemode.SCMSafeModeManager (SCMSafeModeManager.java:completePreCheck(229)) - All SCM safe mode pre check rules have passed
2024-03-15 21:40:18,050 [EventQueue-NodeRegistrationContainerReportForDataNodeSafeModeRule] INFO  ha.SCMContext (SCMContext.java:updateSafeModeStatus(225)) - Update SafeModeStatus from SafeModeStatus{safeModeStatus=true, preCheckPassed=false} to SafeModeStatus{safeModeStatus=true, preCheckPassed=true}.
2024-03-15 21:40:18,050 [EventQueue-NodeRegistrationContainerReportForDataNodeSafeModeRule] INFO  pipeline.BackgroundPipelineCreator (BackgroundPipelineCreator.java:notifyEventTriggered(280)) - trigger a one-shot run on RatisPipelineUtilsThread.
2024-03-15 21:40:18,050 [RatisPipelineUtilsThread-0] INFO  pipeline.RatisPipelineProvider (RatisPipelineProvider.java:lambda$create$0(205)) - Sending CreatePipelineCommand for pipeline:PipelineID=30654122-102c-450f-9c97-9ed0681f8904 to datanode:afe0fdae-f81b-4972-93bd-b2e3099b8af3
2024-03-15 21:40:18,051 [RatisPipelineUtilsThread-0] INFO  pipeline.BackgroundPipelineCreator (BackgroundPipelineCreator.java:createPipelines(236)) - Created new pipeline Pipeline[ Id: 30654122-102c-450f-9c97-9ed0681f8904, Nodes: afe0fdae-f81b-4972-93bd-b2e3099b8af3(fv-az528-102.abqymjqvoexebeyq30kq3sdubb.bx.internal.cloudapp.net/10.1.0.11), ReplicationConfig: RATIS/ONE, State:ALLOCATED, leaderId:, CreationTimestamp2024-03-15T21:40:18.050Z[Etc/UTC]]
2024-03-15 21:40:18,051 [RatisPipelineUtilsThread-0] INFO  pipeline.RatisPipelineProvider (RatisPipelineProvider.java:lambda$create$0(205)) - Sending CreatePipelineCommand for pipeline:PipelineID=03ef82d2-8008-497f-9d12-281e028d623b to datanode:3d634cb2-775f-4b5a-90b9-1e5452c00050
2024-03-15 21:40:18,051 [RatisPipelineUtilsThread-0] INFO  pipeline.RatisPipelineProvider (RatisPipelineProvider.java:lambda$create$0(205)) - Sending CreatePipelineCommand for pipeline:PipelineID=03ef82d2-8008-497f-9d12-281e028d623b to datanode:e2c18930-f62b-4e67-9845-17087b23bc88
2024-03-15 21:40:18,051 [RatisPipelineUtilsThread-0] INFO  pipeline.RatisPipelineProvider (RatisPipelineProvider.java:lambda$create$0(205)) - Sending CreatePipelineCommand for pipeline:PipelineID=03ef82d2-8008-497f-9d12-281e028d623b to datanode:afe0fdae-f81b-4972-93bd-b2e3099b8af3
2024-03-15 21:40:18,052 [RatisPipelineUtilsThread-0] INFO  pipeline.BackgroundPipelineCreator (BackgroundPipelineCreator.java:createPipelines(236)) - Created new pipeline Pipeline[ Id: 03ef82d2-8008-497f-9d12-281e028d623b, Nodes: 3d634cb2-775f-4b5a-90b9-1e5452c00050(fv-az528-102.abqymjqvoexebeyq30kq3sdubb.bx.internal.cloudapp.net/10.1.0.11)e2c18930-f62b-4e67-9845-17087b23bc88(fv-az528-102.abqymjqvoexebeyq30kq3sdubb.bx.internal.cloudapp.net/10.1.0.11)afe0fdae-f81b-4972-93bd-b2e3099b8af3(fv-az528-102.abqymjqvoexebeyq30kq3sdubb.bx.internal.cloudapp.net/10.1.0.11), ReplicationConfig: RATIS/THREE, State:ALLOCATED, leaderId:, CreationTimestamp2024-03-15T21:40:18.051Z[Etc/UTC]]
2024-03-15 21:40:18,138 [IPC Server handler 1 on default port 15358] INFO  net.NetworkTopologyImpl (NetworkTopologyImpl.java:add(133)) - Added a new node: /default-rack/d5082477-7a9c-4c69-9d34-13fd3fa2989c
2024-03-15 21:40:18,139 [IPC Server handler 1 on default port 15358] INFO  node.SCMNodeManager (SCMNodeManager.java:register(421)) - Registered datanode: d5082477-7a9c-4c69-9d34-13fd3fa2989c{ip: 10.1.0.11, host: fv-az528-102.abqymjqvoexebeyq30kq3sdubb.bx.internal.cloudapp.net, ports: [HTTP=15392, CLIENT_RPC=15393, REPLICATION=15399, RATIS=15395, RATIS_ADMIN=15396, RATIS_SERVER=15397, RATIS_DATASTREAM=15398, STANDALONE=15394], networkLocation: /default-rack, certSerialId: null, persistedOpState: null, persistedOpStateExpiryEpochSec: 0}
2024-03-15 21:40:18,139 [EventQueue-NewNodeForNewNodeHandler] INFO  pipeline.BackgroundPipelineCreator (BackgroundPipelineCreator.java:notifyEventTriggered(280)) - trigger a one-shot run on RatisPipelineUtilsThread.
2024-03-15 21:40:18,140 [RatisPipelineUtilsThread-0] INFO  pipeline.RatisPipelineProvider (RatisPipelineProvider.java:lambda$create$0(205)) - Sending CreatePipelineCommand for pipeline:PipelineID=cc5c9568-8f9f-4f79-8604-922cb58b85d6 to datanode:d5082477-7a9c-4c69-9d34-13fd3fa2989c
2024-03-15 21:40:18,141 [RatisPipelineUtilsThread-0] INFO  pipeline.BackgroundPipelineCreator (BackgroundPipelineCreator.java:createPipelines(236)) - Created new pipeline Pipeline[ Id: cc5c9568-8f9f-4f79-8604-922cb58b85d6, Nodes: d5082477-7a9c-4c69-9d34-13fd3fa2989c(fv-az528-102.abqymjqvoexebeyq30kq3sdubb.bx.internal.cloudapp.net/10.1.0.11), ReplicationConfig: RATIS/ONE, State:ALLOCATED, leaderId:, CreationTimestamp2024-03-15T21:40:18.140Z[Etc/UTC]]
2024-03-15 21:40:18,225 [IPC Server handler 9 on default port 15358] INFO  net.NetworkTopologyImpl (NetworkTopologyImpl.java:add(133)) - Added a new node: /default-rack/c275007a-4e3d-4cf4-8bcd-9935f71fc838
2024-03-15 21:40:18,225 [IPC Server handler 9 on default port 15358] INFO  node.SCMNodeManager (SCMNodeManager.java:register(421)) - Registered datanode: c275007a-4e3d-4cf4-8bcd-9935f71fc838{ip: 10.1.0.11, host: fv-az528-102.abqymjqvoexebeyq30kq3sdubb.bx.internal.cloudapp.net, ports: [HTTP=15401, CLIENT_RPC=15402, REPLICATION=15408, RATIS=15404, RATIS_ADMIN=15405, RATIS_SERVER=15406, RATIS_DATASTREAM=15407, STANDALONE=15403], networkLocation: /default-rack, certSerialId: null, persistedOpState: null, persistedOpStateExpiryEpochSec: 0}
2024-03-15 21:40:18,225 [EventQueue-NewNodeForNewNodeHandler] INFO  pipeline.BackgroundPipelineCreator (BackgroundPipelineCreator.java:notifyEventTriggered(280)) - trigger a one-shot run on RatisPipelineUtilsThread.
2024-03-15 21:40:18,226 [RatisPipelineUtilsThread-0] INFO  pipeline.RatisPipelineProvider (RatisPipelineProvider.java:lambda$create$0(205)) - Sending CreatePipelineCommand for pipeline:PipelineID=fd2398c0-0f03-4dfd-87d3-3b78a4466a9b to datanode:c275007a-4e3d-4cf4-8bcd-9935f71fc838
2024-03-15 21:40:18,226 [RatisPipelineUtilsThread-0] INFO  pipeline.BackgroundPipelineCreator (BackgroundPipelineCreator.java:createPipelines(236)) - Created new pipeline Pipeline[ Id: fd2398c0-0f03-4dfd-87d3-3b78a4466a9b, Nodes: c275007a-4e3d-4cf4-8bcd-9935f71fc838(fv-az528-102.abqymjqvoexebeyq30kq3sdubb.bx.internal.cloudapp.net/10.1.0.11), ReplicationConfig: RATIS/ONE, State:ALLOCATED, leaderId:, CreationTimestamp2024-03-15T21:40:18.226Z[Etc/UTC]]
2024-03-15 21:40:18,308 [IPC Server handler 6 on default port 15358] INFO  net.NetworkTopologyImpl (NetworkTopologyImpl.java:add(133)) - Added a new node: /default-rack/3dfa3a40-7be8-4b27-818e-b4bcb1f9d011
2024-03-15 21:40:18,308 [IPC Server handler 6 on default port 15358] INFO  node.SCMNodeManager (SCMNodeManager.java:register(421)) - Registered datanode: 3dfa3a40-7be8-4b27-818e-b4bcb1f9d011{ip: 10.1.0.11, host: fv-az528-102.abqymjqvoexebeyq30kq3sdubb.bx.internal.cloudapp.net, ports: [HTTP=15410, CLIENT_RPC=15411, REPLICATION=15417, RATIS=15413, RATIS_ADMIN=15414, RATIS_SERVER=15415, RATIS_DATASTREAM=15416, STANDALONE=15412], networkLocation: /default-rack, certSerialId: null, persistedOpState: null, persistedOpStateExpiryEpochSec: 0}
2024-03-15 21:40:18,308 [EventQueue-NewNodeForNewNodeHandler] INFO  pipeline.BackgroundPipelineCreator (BackgroundPipelineCreator.java:notifyEventTriggered(280)) - trigger a one-shot run on RatisPipelineUtilsThread.
2024-03-15 21:40:18,308 [RatisPipelineUtilsThread-0] INFO  pipeline.RatisPipelineProvider (RatisPipelineProvider.java:lambda$create$0(205)) - Sending CreatePipelineCommand for pipeline:PipelineID=8e5ecdec-aac4-4dea-94c2-875641190752 to datanode:3dfa3a40-7be8-4b27-818e-b4bcb1f9d011
2024-03-15 21:40:18,309 [RatisPipelineUtilsThread-0] INFO  pipeline.BackgroundPipelineCreator (BackgroundPipelineCreator.java:createPipelines(236)) - Created new pipeline Pipeline[ Id: 8e5ecdec-aac4-4dea-94c2-875641190752, Nodes: 3dfa3a40-7be8-4b27-818e-b4bcb1f9d011(fv-az528-102.abqymjqvoexebeyq30kq3sdubb.bx.internal.cloudapp.net/10.1.0.11), ReplicationConfig: RATIS/ONE, State:ALLOCATED, leaderId:, CreationTimestamp2024-03-15T21:40:18.308Z[Etc/UTC]]
2024-03-15 21:40:18,309 [RatisPipelineUtilsThread-0] INFO  pipeline.RatisPipelineProvider (RatisPipelineProvider.java:lambda$create$0(205)) - Sending CreatePipelineCommand for pipeline:PipelineID=36ff7108-370d-4a57-986d-48bcf4b4440d to datanode:c275007a-4e3d-4cf4-8bcd-9935f71fc838
2024-03-15 21:40:18,309 [RatisPipelineUtilsThread-0] INFO  pipeline.RatisPipelineProvider (RatisPipelineProvider.java:lambda$create$0(205)) - Sending CreatePipelineCommand for pipeline:PipelineID=36ff7108-370d-4a57-986d-48bcf4b4440d to datanode:3dfa3a40-7be8-4b27-818e-b4bcb1f9d011
2024-03-15 21:40:18,309 [RatisPipelineUtilsThread-0] INFO  pipeline.RatisPipelineProvider (RatisPipelineProvider.java:lambda$create$0(205)) - Sending CreatePipelineCommand for pipeline:PipelineID=36ff7108-370d-4a57-986d-48bcf4b4440d to datanode:d5082477-7a9c-4c69-9d34-13fd3fa2989c
2024-03-15 21:40:18,310 [RatisPipelineUtilsThread-0] INFO  pipeline.BackgroundPipelineCreator (BackgroundPipelineCreator.java:createPipelines(236)) - Created new pipeline Pipeline[ Id: 36ff7108-370d-4a57-986d-48bcf4b4440d, Nodes: c275007a-4e3d-4cf4-8bcd-9935f71fc838(fv-az528-102.abqymjqvoexebeyq30kq3sdubb.bx.internal.cloudapp.net/10.1.0.11)3dfa3a40-7be8-4b27-818e-b4bcb1f9d011(fv-az528-102.abqymjqvoexebeyq30kq3sdubb.bx.internal.cloudapp.net/10.1.0.11)d5082477-7a9c-4c69-9d34-13fd3fa2989c(fv-az528-102.abqymjqvoexebeyq30kq3sdubb.bx.internal.cloudapp.net/10.1.0.11), ReplicationConfig: RATIS/THREE, State:ALLOCATED, leaderId:, CreationTimestamp2024-03-15T21:40:18.309Z[Etc/UTC]]
2024-03-15 21:40:18,393 [IPC Server handler 5 on default port 15358] INFO  net.NetworkTopologyImpl (NetworkTopologyImpl.java:add(133)) - Added a new node: /default-rack/caf183e4-1f79-482a-9e33-59f38e9311f0
2024-03-15 21:40:18,393 [IPC Server handler 5 on default port 15358] INFO  node.SCMNodeManager (SCMNodeManager.java:register(421)) - Registered datanode: caf183e4-1f79-482a-9e33-59f38e9311f0{ip: 10.1.0.11, host: fv-az528-102.abqymjqvoexebeyq30kq3sdubb.bx.internal.cloudapp.net, ports: [HTTP=15419, CLIENT_RPC=15420, REPLICATION=15426, RATIS=15422, RATIS_ADMIN=15423, RATIS_SERVER=15424, RATIS_DATASTREAM=15425, STANDALONE=15421], networkLocation: /default-rack, certSerialId: null, persistedOpState: null, persistedOpStateExpiryEpochSec: 0}
2024-03-15 21:40:18,394 [EventQueue-NewNodeForNewNodeHandler] INFO  pipeline.BackgroundPipelineCreator (BackgroundPipelineCreator.java:notifyEventTriggered(280)) - trigger a one-shot run on RatisPipelineUtilsThread.
2024-03-15 21:40:18,396 [RatisPipelineUtilsThread-0] INFO  pipeline.RatisPipelineProvider (RatisPipelineProvider.java:lambda$create$0(205)) - Sending CreatePipelineCommand for pipeline:PipelineID=d6dc2d70-7b49-486f-a3c5-996e77a5c1c0 to datanode:caf183e4-1f79-482a-9e33-59f38e9311f0
2024-03-15 21:40:18,397 [RatisPipelineUtilsThread-0] INFO  pipeline.BackgroundPipelineCreator (BackgroundPipelineCreator.java:createPipelines(236)) - Created new pipeline Pipeline[ Id: d6dc2d70-7b49-486f-a3c5-996e77a5c1c0, Nodes: caf183e4-1f79-482a-9e33-59f38e9311f0(fv-az528-102.abqymjqvoexebeyq30kq3sdubb.bx.internal.cloudapp.net/10.1.0.11), ReplicationConfig: RATIS/ONE, State:ALLOCATED, leaderId:, CreationTimestamp2024-03-15T21:40:18.396Z[Etc/UTC]]
2024-03-15 21:40:18,484 [IPC Server handler 7 on default port 15358] INFO  net.NetworkTopologyImpl (NetworkTopologyImpl.java:add(133)) - Added a new node: /default-rack/b15e7803-4f8e-4e49-829e-8079360f838e
2024-03-15 21:40:18,484 [IPC Server handler 7 on default port 15358] INFO  node.SCMNodeManager (SCMNodeManager.java:register(421)) - Registered datanode: b15e7803-4f8e-4e49-829e-8079360f838e{ip: 10.1.0.11, host: fv-az528-102.abqymjqvoexebeyq30kq3sdubb.bx.internal.cloudapp.net, ports: [HTTP=15428, CLIENT_RPC=15429, REPLICATION=15435, RATIS=15431, RATIS_ADMIN=15432, RATIS_SERVER=15433, RATIS_DATASTREAM=15434, STANDALONE=15430], networkLocation: /default-rack, certSerialId: null, persistedOpState: null, persistedOpStateExpiryEpochSec: 0}
2024-03-15 21:40:18,484 [EventQueue-NewNodeForNewNodeHandler] INFO  pipeline.BackgroundPipelineCreator (BackgroundPipelineCreator.java:notifyEventTriggered(280)) - trigger a one-shot run on RatisPipelineUtilsThread.
2024-03-15 21:40:18,485 [RatisPipelineUtilsThread-0] INFO  pipeline.RatisPipelineProvider (RatisPipelineProvider.java:lambda$create$0(205)) - Sending CreatePipelineCommand for pipeline:PipelineID=0975c043-544c-4447-92f4-0952d38902ea to datanode:b15e7803-4f8e-4e49-829e-8079360f838e
2024-03-15 21:40:18,486 [RatisPipelineUtilsThread-0] INFO  pipeline.BackgroundPipelineCreator (BackgroundPipelineCreator.java:createPipelines(236)) - Created new pipeline Pipeline[ Id: 0975c043-544c-4447-92f4-0952d38902ea, Nodes: b15e7803-4f8e-4e49-829e-8079360f838e(fv-az528-102.abqymjqvoexebeyq30kq3sdubb.bx.internal.cloudapp.net/10.1.0.11), ReplicationConfig: RATIS/ONE, State:ALLOCATED, leaderId:, CreationTimestamp2024-03-15T21:40:18.485Z[Etc/UTC]]
2024-03-15 21:40:18,573 [IPC Server handler 3 on default port 15358] INFO  net.NetworkTopologyImpl (NetworkTopologyImpl.java:add(133)) - Added a new node: /default-rack/2bf5d123-a097-49f6-8df3-d3538d4bb7b0
2024-03-15 21:40:18,574 [IPC Server handler 3 on default port 15358] INFO  node.SCMNodeManager (SCMNodeManager.java:register(421)) - Registered datanode: 2bf5d123-a097-49f6-8df3-d3538d4bb7b0{ip: 10.1.0.11, host: fv-az528-102.abqymjqvoexebeyq30kq3sdubb.bx.internal.cloudapp.net, ports: [HTTP=15437, CLIENT_RPC=15438, REPLICATION=15444, RATIS=15440, RATIS_ADMIN=15441, RATIS_SERVER=15442, RATIS_DATASTREAM=15443, STANDALONE=15439], networkLocation: /default-rack, certSerialId: null, persistedOpState: null, persistedOpStateExpiryEpochSec: 0}
2024-03-15 21:40:18,575 [main] INFO  ozone.MiniOzoneClusterImpl (MiniOzoneClusterImpl.java:lambda$waitForClusterToBeReady$0(194)) - Nodes are ready. Got 9 of 9 DN Heartbeats.
2024-03-15 21:40:18,575 [main] INFO  ozone.MiniOzoneClusterImpl (MiniOzoneClusterImpl.java:lambda$waitForClusterToBeReady$0(197)) - Waiting for cluster to exit safe mode
2024-03-15 21:40:18,575 [main] INFO  ozone.MiniOzoneClusterImpl (MiniOzoneClusterImpl.java:lambda$waitForClusterToBeReady$0(199)) - SCM became leader
2024-03-15 21:40:18,575 [EventQueue-NewNodeForNewNodeHandler] INFO  pipeline.BackgroundPipelineCreator (BackgroundPipelineCreator.java:notifyEventTriggered(280)) - trigger a one-shot run on RatisPipelineUtilsThread.
2024-03-15 21:40:18,576 [RatisPipelineUtilsThread-0] INFO  pipeline.RatisPipelineProvider (RatisPipelineProvider.java:lambda$create$0(205)) - Sending CreatePipelineCommand for pipeline:PipelineID=ead54802-ec0a-4898-acdb-ca8816964499 to datanode:2bf5d123-a097-49f6-8df3-d3538d4bb7b0
2024-03-15 21:40:18,576 [RatisPipelineUtilsThread-0] INFO  pipeline.BackgroundPipelineCreator (BackgroundPipelineCreator.java:createPipelines(236)) - Created new pipeline Pipeline[ Id: ead54802-ec0a-4898-acdb-ca8816964499, Nodes: 2bf5d123-a097-49f6-8df3-d3538d4bb7b0(fv-az528-102.abqymjqvoexebeyq30kq3sdubb.bx.internal.cloudapp.net/10.1.0.11), ReplicationConfig: RATIS/ONE, State:ALLOCATED, leaderId:, CreationTimestamp2024-03-15T21:40:18.576Z[Etc/UTC]]
2024-03-15 21:40:18,577 [RatisPipelineUtilsThread-0] INFO  pipeline.RatisPipelineProvider (RatisPipelineProvider.java:lambda$create$0(205)) - Sending CreatePipelineCommand for pipeline:PipelineID=aa483ffc-7bbc-45dc-87b3-a2d1dd8f5b2a to datanode:b15e7803-4f8e-4e49-829e-8079360f838e
2024-03-15 21:40:18,577 [RatisPipelineUtilsThread-0] INFO  pipeline.RatisPipelineProvider (RatisPipelineProvider.java:lambda$create$0(205)) - Sending CreatePipelineCommand for pipeline:PipelineID=aa483ffc-7bbc-45dc-87b3-a2d1dd8f5b2a to datanode:caf183e4-1f79-482a-9e33-59f38e9311f0
2024-03-15 21:40:18,577 [RatisPipelineUtilsThread-0] INFO  pipeline.RatisPipelineProvider (RatisPipelineProvider.java:lambda$create$0(205)) - Sending CreatePipelineCommand for pipeline:PipelineID=aa483ffc-7bbc-45dc-87b3-a2d1dd8f5b2a to datanode:2bf5d123-a097-49f6-8df3-d3538d4bb7b0
2024-03-15 21:40:18,577 [RatisPipelineUtilsThread-0] INFO  pipeline.BackgroundPipelineCreator (BackgroundPipelineCreator.java:createPipelines(236)) - Created new pipeline Pipeline[ Id: aa483ffc-7bbc-45dc-87b3-a2d1dd8f5b2a, Nodes: b15e7803-4f8e-4e49-829e-8079360f838e(fv-az528-102.abqymjqvoexebeyq30kq3sdubb.bx.internal.cloudapp.net/10.1.0.11)caf183e4-1f79-482a-9e33-59f38e9311f0(fv-az528-102.abqymjqvoexebeyq30kq3sdubb.bx.internal.cloudapp.net/10.1.0.11)2bf5d123-a097-49f6-8df3-d3538d4bb7b0(fv-az528-102.abqymjqvoexebeyq30kq3sdubb.bx.internal.cloudapp.net/10.1.0.11), ReplicationConfig: RATIS/THREE, State:ALLOCATED, leaderId:, CreationTimestamp2024-03-15T21:40:18.577Z[Etc/UTC]]
2024-03-15 21:40:19,576 [main] INFO  ozone.MiniOzoneClusterImpl (MiniOzoneClusterImpl.java:lambda$waitForClusterToBeReady$0(194)) - Nodes are ready. Got 9 of 9 DN Heartbeats.
2024-03-15 21:40:19,576 [main] INFO  ozone.MiniOzoneClusterImpl (MiniOzoneClusterImpl.java:lambda$waitForClusterToBeReady$0(197)) - Waiting for cluster to exit safe mode
2024-03-15 21:40:19,576 [main] INFO  ozone.MiniOzoneClusterImpl (MiniOzoneClusterImpl.java:lambda$waitForClusterToBeReady$0(199)) - SCM became leader
2024-03-15 21:40:20,577 [main] INFO  ozone.MiniOzoneClusterImpl (MiniOzoneClusterImpl.java:lambda$waitForClusterToBeReady$0(194)) - Nodes are ready. Got 9 of 9 DN Heartbeats.
2024-03-15 21:40:20,577 [main] INFO  ozone.MiniOzoneClusterImpl (MiniOzoneClusterImpl.java:lambda$waitForClusterToBeReady$0(197)) - Waiting for cluster to exit safe mode
2024-03-15 21:40:20,577 [main] INFO  ozone.MiniOzoneClusterImpl (MiniOzoneClusterImpl.java:lambda$waitForClusterToBeReady$0(199)) - SCM became leader
2024-03-15 21:40:20,869 [3d634cb2-775f-4b5a-90b9-1e5452c00050-PipelineCommandHandlerThread-0] INFO  server.RaftServer (RaftServerProxy.java:addNew(100)) - 3d634cb2-775f-4b5a-90b9-1e5452c00050: addNew group-61B3573DC185:[3d634cb2-775f-4b5a-90b9-1e5452c00050|10.1.0.11:15370] returns group-61B3573DC185:java.util.concurrent.CompletableFuture@5af901c0[Not completed]
2024-03-15 21:40:20,870 [3d634cb2-775f-4b5a-90b9-1e5452c00050-groupManagement] INFO  server.RaftServer$Division (RaftServerImpl.java:<init>(256)) - 3d634cb2-775f-4b5a-90b9-1e5452c00050: new RaftServerImpl for group-61B3573DC185:[3d634cb2-775f-4b5a-90b9-1e5452c00050|10.1.0.11:15370] with ContainerStateMachine:uninitialized
2024-03-15 21:40:20,870 [3d634cb2-775f-4b5a-90b9-1e5452c00050-groupManagement] INFO  server.RaftServerConfigKeys (ConfUtils.java:logGet(46)) - raft.server.rpc.timeout.min = 5s (custom)
2024-03-15 21:40:20,870 [3d634cb2-775f-4b5a-90b9-1e5452c00050-groupManagement] INFO  server.RaftServerConfigKeys (ConfUtils.java:logGet(46)) - raft.server.rpc.timeout.max = 5200ms (custom)
2024-03-15 21:40:20,870 [3d634cb2-775f-4b5a-90b9-1e5452c00050-groupManagement] INFO  server.RaftServerConfigKeys (ConfUtils.java:logGet(46)) - raft.server.rpc.sleep.time = 25ms (default)
2024-03-15 21:40:20,870 [3d634cb2-775f-4b5a-90b9-1e5452c00050-groupManagement] INFO  server.RaftServerConfigKeys (ConfUtils.java:logGet(46)) - raft.server.rpc.slowness.timeout = 300000ms (custom)
2024-03-15 21:40:20,870 [3d634cb2-775f-4b5a-90b9-1e5452c00050-groupManagement] INFO  server.RaftServerConfigKeys (ConfUtils.java:logGet(46)) - raft.server.leaderelection.leader.step-down.wait-time = 10s (default)
2024-03-15 21:40:20,870 [3d634cb2-775f-4b5a-90b9-1e5452c00050-groupManagement] INFO  server.RaftServerConfigKeys (ConfUtils.java:logGet(46)) - raft.server.leaderelection.member.majority-add = false (default)
2024-03-15 21:40:20,870 [3d634cb2-775f-4b5a-90b9-1e5452c00050-groupManagement] INFO  server.RaftServerConfigKeys (ConfUtils.java:logGet(46)) - raft.server.sleep.deviation.threshold = 300ms (default)
2024-03-15 21:40:20,871 [3d634cb2-775f-4b5a-90b9-1e5452c00050-groupManagement] INFO  server.RaftServer$Division (ServerState.java:<init>(113)) - 3d634cb2-775f-4b5a-90b9-1e5452c00050@group-61B3573DC185: ConfigurationManager, init=-1: peers:[3d634cb2-775f-4b5a-90b9-1e5452c00050|10.1.0.11:15370]|listeners:[], old=null, confs=<EMPTY_MAP>
2024-03-15 21:40:20,871 [3d634cb2-775f-4b5a-90b9-1e5452c00050-groupManagement] INFO  server.RaftServerConfigKeys (ConfUtils.java:logGet(46)) - raft.server.notification.no-leader.timeout = 300000ms (custom)
2024-03-15 21:40:20,871 [3d634cb2-775f-4b5a-90b9-1e5452c00050-groupManagement] INFO  server.RaftServerConfigKeys (ConfUtils.java:logGet(46)) - raft.server.read.timeout = 10s (default)
2024-03-15 21:40:20,871 [3d634cb2-775f-4b5a-90b9-1e5452c00050-groupManagement] INFO  server.RaftServerConfigKeys (ConfUtils.java:logGet(46)) - raft.server.retrycache.expirytime = 600000ms (custom)
2024-03-15 21:40:20,871 [3d634cb2-775f-4b5a-90b9-1e5452c00050-groupManagement] INFO  server.RaftServerConfigKeys (ConfUtils.java:logGet(46)) - raft.server.retrycache.statistics.expirytime = 100ms (default)
2024-03-15 21:40:20,871 [3d634cb2-775f-4b5a-90b9-1e5452c00050-groupManagement] INFO  server.RaftServerConfigKeys (ConfUtils.java:logGet(46)) - raft.server.read.option = DEFAULT (default)
2024-03-15 21:40:20,871 [3d634cb2-775f-4b5a-90b9-1e5452c00050-groupManagement] INFO  server.RaftServerConfigKeys (ConfUtils.java:logGet(46)) - raft.server.read.read-after-write-consistent.write-index-cache.expiry-time = 60s (default)
2024-03-15 21:40:20,873 [3d634cb2-775f-4b5a-90b9-1e5452c00050-groupManagement] INFO  server.RaftServerConfigKeys (ConfUtils.java:logGet(46)) - raft.server.rpc.request.timeout = 3000ms (default)
2024-03-15 21:40:20,873 [3d634cb2-775f-4b5a-90b9-1e5452c00050-groupManagement] INFO  server.RaftServerConfigKeys (ConfUtils.java:logGet(46)) - raft.server.log.appender.install.snapshot.enabled = false (custom)
2024-03-15 21:40:20,873 [3d634cb2-775f-4b5a-90b9-1e5452c00050-groupManagement] INFO  server.RaftServerConfigKeys (ConfUtils.java:logGet(46)) - raft.server.threadpool.server.cached = true (default)
2024-03-15 21:40:20,873 [3d634cb2-775f-4b5a-90b9-1e5452c00050-groupManagement] INFO  server.RaftServerConfigKeys (ConfUtils.java:logGet(46)) - raft.server.threadpool.server.size = 0 (default)
2024-03-15 21:40:20,873 [3d634cb2-775f-4b5a-90b9-1e5452c00050-groupManagement] INFO  server.RaftServerConfigKeys (ConfUtils.java:logGet(46)) - raft.server.threadpool.client.cached = true (default)
2024-03-15 21:40:20,873 [3d634cb2-775f-4b5a-90b9-1e5452c00050-groupManagement] INFO  server.RaftServerConfigKeys (ConfUtils.java:logGet(46)) - raft.server.threadpool.client.size = 0 (default)
2024-03-15 21:40:20,873 [3d634cb2-775f-4b5a-90b9-1e5452c00050-groupManagement] INFO  server.RaftServerConfigKeys (ConfUtils.java:logGet(46)) - raft.server.storage.free-space.min = 0MB (=0) (default)
2024-03-15 21:40:20,874 [3d634cb2-775f-4b5a-90b9-1e5452c00050-groupManagement] INFO  server.RaftServerConfigKeys (ConfUtils.java:logGet(46)) - raft.server.log.corruption.policy = EXCEPTION (default)
2024-03-15 21:40:20,874 [3d634cb2-775f-4b5a-90b9-1e5452c00050-groupManagement] INFO  server.RaftServerConfigKeys (ConfUtils.java:logGet(46)) - raft.server.storage.dir = [/home/runner/work/ozone/ozone/hadoop-ozone/integration-test/target/test-dir/MiniOzoneClusterImpl-9d1dee8c-d44a-4a38-8f2b-42c9fdbb6771/ozone-meta/datanode-1/ratis] (custom)
2024-03-15 21:40:20,874 [3d634cb2-775f-4b5a-90b9-1e5452c00050-groupManagement] INFO  storage.RaftStorageDirectory (RaftStorageDirectoryImpl.java:analyzeStorage(138)) - The storage directory /home/runner/work/ozone/ozone/hadoop-ozone/integration-test/target/test-dir/MiniOzoneClusterImpl-9d1dee8c-d44a-4a38-8f2b-42c9fdbb6771/ozone-meta/datanode-1/ratis/e78bb5c3-3f21-41e9-84ec-61b3573dc185 does not exist. Creating ...
2024-03-15 21:40:20,875 [3d634cb2-775f-4b5a-90b9-1e5452c00050-groupManagement] INFO  storage.RaftStorageDirectory (RaftStorageDirectoryImpl.java:tryLock(228)) - Lock on /home/runner/work/ozone/ozone/hadoop-ozone/integration-test/target/test-dir/MiniOzoneClusterImpl-9d1dee8c-d44a-4a38-8f2b-42c9fdbb6771/ozone-meta/datanode-1/ratis/e78bb5c3-3f21-41e9-84ec-61b3573dc185/in_use.lock acquired by nodename 60682@fv-az528-102
2024-03-15 21:40:20,876 [3d634cb2-775f-4b5a-90b9-1e5452c00050-groupManagement] INFO  storage.RaftStorage (RaftStorageImpl.java:format(99)) - Storage directory /home/runner/work/ozone/ozone/hadoop-ozone/integration-test/target/test-dir/MiniOzoneClusterImpl-9d1dee8c-d44a-4a38-8f2b-42c9fdbb6771/ozone-meta/datanode-1/ratis/e78bb5c3-3f21-41e9-84ec-61b3573dc185 has been successfully formatted.
2024-03-15 21:40:20,876 [3d634cb2-775f-4b5a-90b9-1e5452c00050-groupManagement] WARN  util.FileUtils (LogUtils.java:supplyAndLog(63)) - Failed to Files.newInputStream /home/runner/work/ozone/ozone/hadoop-ozone/integration-test/target/test-dir/MiniOzoneClusterImpl-9d1dee8c-d44a-4a38-8f2b-42c9fdbb6771/ozone-meta/datanode-1/ratis/e78bb5c3-3f21-41e9-84ec-61b3573dc185/current/raft-meta.conf with options []: java.nio.file.NoSuchFileException: /home/runner/work/ozone/ozone/hadoop-ozone/integration-test/target/test-dir/MiniOzoneClusterImpl-9d1dee8c-d44a-4a38-8f2b-42c9fdbb6771/ozone-meta/datanode-1/ratis/e78bb5c3-3f21-41e9-84ec-61b3573dc185/current/raft-meta.conf
2024-03-15 21:40:20,877 [3d634cb2-775f-4b5a-90b9-1e5452c00050-groupManagement] INFO  ratis.ContainerStateMachine (ContainerStateMachine.java:loadSnapshot(287)) - group-61B3573DC185: The snapshot info is null. Setting the last applied index to:(t:0, i:~)
2024-03-15 21:40:20,877 [3d634cb2-775f-4b5a-90b9-1e5452c00050-groupManagement] INFO  server.RaftServerConfigKeys (ConfUtils.java:logGet(46)) - raft.server.log.use.memory = false (default)
2024-03-15 21:40:20,877 [3d634cb2-775f-4b5a-90b9-1e5452c00050-groupManagement] INFO  server.RaftServerConfigKeys (ConfUtils.java:logGet(46)) - raft.server.log.purge.gap = 1000000 (custom)
2024-03-15 21:40:20,877 [3d634cb2-775f-4b5a-90b9-1e5452c00050-groupManagement] INFO  server.RaftServerConfigKeys (ConfUtils.java:logGet(46)) - raft.server.log.appender.buffer.byte-limit = 8388608 (custom)
2024-03-15 21:40:20,877 [3d634cb2-775f-4b5a-90b9-1e5452c00050-groupManagement] INFO  server.RaftServerConfigKeys (ConfUtils.java:logGet(46)) - raft.server.log.statemachine.data.read.timeout = 1000ms (default)
2024-03-15 21:40:20,878 [3d634cb2-775f-4b5a-90b9-1e5452c00050-groupManagement] INFO  server.RaftServerConfigKeys (ConfUtils.java:logGet(46)) - raft.server.log.purge.preservation.log.num = 0 (default)
2024-03-15 21:40:20,878 [EventQueue-PipelineReportForPipelineReportHandler] INFO  pipeline.PipelineReportHandler (PipelineReportHandler.java:processPipelineReport(136)) - Opened pipeline PipelineID=e78bb5c3-3f21-41e9-84ec-61b3573dc185
2024-03-15 21:40:20,880 [EventQueue-OpenPipelineForHealthyPipelineSafeModeRule] INFO  safemode.SCMSafeModeManager (HealthyPipelineSafeModeRule.java:process(140)) - SCM in safe mode. Healthy pipelines reported count is 0, required healthy pipeline reported count is 1
2024-03-15 21:40:20,880 [3d634cb2-775f-4b5a-90b9-1e5452c00050-groupManagement] INFO  server.RaftServerConfigKeys (ConfUtils.java:logGet(46)) - raft.server.log.segment.size.max = 67108864 (custom)
2024-03-15 21:40:20,881 [3d634cb2-775f-4b5a-90b9-1e5452c00050-groupManagement] INFO  server.RaftServerConfigKeys (ConfUtils.java:logGet(46)) - raft.server.log.segment.cache.num.max = 2 (custom)
2024-03-15 21:40:20,881 [3d634cb2-775f-4b5a-90b9-1e5452c00050-groupManagement] INFO  server.RaftServerConfigKeys (ConfUtils.java:logGet(46)) - raft.server.log.segment.cache.size.max = 200MB (=209715200) (default)
2024-03-15 21:40:20,881 [3d634cb2-775f-4b5a-90b9-1e5452c00050-groupManagement] INFO  server.RaftServerConfigKeys (ConfUtils.java:logGet(46)) - raft.server.log.appender.buffer.byte-limit = 8388608 (custom)
2024-03-15 21:40:20,881 [3d634cb2-775f-4b5a-90b9-1e5452c00050-groupManagement] INFO  util.AwaitToRun (AwaitToRun.java:start(81)) - Thread[3d634cb2-775f-4b5a-90b9-1e5452c00050@group-61B3573DC185-cacheEviction-AwaitToRun,5,main] started
2024-03-15 21:40:20,881 [3d634cb2-775f-4b5a-90b9-1e5452c00050-groupManagement] INFO  segmented.SegmentedRaftLogWorker (SegmentedRaftLogWorker.java:<init>(182)) - new 3d634cb2-775f-4b5a-90b9-1e5452c00050@group-61B3573DC185-SegmentedRaftLogWorker for RaftStorageImpl:Storage Directory /home/runner/work/ozone/ozone/hadoop-ozone/integration-test/target/test-dir/MiniOzoneClusterImpl-9d1dee8c-d44a-4a38-8f2b-42c9fdbb6771/ozone-meta/datanode-1/ratis/e78bb5c3-3f21-41e9-84ec-61b3573dc185
2024-03-15 21:40:20,881 [3d634cb2-775f-4b5a-90b9-1e5452c00050-groupManagement] INFO  server.RaftServerConfigKeys (ConfUtils.java:logGet(46)) - raft.server.log.queue.byte-limit = 4294967296 (custom)
2024-03-15 21:40:20,881 [3d634cb2-775f-4b5a-90b9-1e5452c00050-groupManagement] INFO  server.RaftServerConfigKeys (ConfUtils.java:logGet(46)) - raft.server.log.queue.element-limit = 1024 (custom)
2024-03-15 21:40:20,881 [3d634cb2-775f-4b5a-90b9-1e5452c00050-groupManagement] INFO  server.RaftServerConfigKeys (ConfUtils.java:logGet(46)) - raft.server.log.segment.size.max = 67108864 (custom)
2024-03-15 21:40:20,881 [3d634cb2-775f-4b5a-90b9-1e5452c00050-groupManagement] INFO  server.RaftServerConfigKeys (ConfUtils.java:logGet(46)) - raft.server.log.preallocated.size = 4194304 (custom)
2024-03-15 21:40:20,882 [3d634cb2-775f-4b5a-90b9-1e5452c00050-groupManagement] INFO  server.RaftServerConfigKeys (ConfUtils.java:logGet(46)) - raft.server.log.force.sync.num = 128 (default)
2024-03-15 21:40:20,882 [3d634cb2-775f-4b5a-90b9-1e5452c00050-groupManagement] INFO  server.RaftServerConfigKeys (ConfUtils.java:logGet(46)) - raft.server.log.statemachine.data.sync = true (default)
2024-03-15 21:40:20,882 [3d634cb2-775f-4b5a-90b9-1e5452c00050-groupManagement] INFO  server.RaftServerConfigKeys (ConfUtils.java:logGet(46)) - raft.server.log.statemachine.data.sync.timeout = 10s (default)
2024-03-15 21:40:20,882 [3d634cb2-775f-4b5a-90b9-1e5452c00050-groupManagement] INFO  server.RaftServerConfigKeys (ConfUtils.java:logGet(46)) - raft.server.log.statemachine.data.sync.timeout.retry = 0 (custom)
2024-03-15 21:40:20,882 [3d634cb2-775f-4b5a-90b9-1e5452c00050-groupManagement] INFO  server.RaftServerConfigKeys (ConfUtils.java:logGet(46)) - raft.server.log.write.buffer.size = 8388616 (custom)
2024-03-15 21:40:20,883 [3d634cb2-775f-4b5a-90b9-1e5452c00050-groupManagement] INFO  server.RaftServerConfigKeys (ConfUtils.java:logGet(46)) - raft.server.log.appender.buffer.byte-limit = 8388608 (custom)
2024-03-15 21:40:20,883 [3d634cb2-775f-4b5a-90b9-1e5452c00050-groupManagement] INFO  server.RaftServerConfigKeys (ConfUtils.java:logGet(46)) - raft.server.log.unsafe-flush.enabled = false (default)
2024-03-15 21:40:20,884 [3d634cb2-775f-4b5a-90b9-1e5452c00050-groupManagement] INFO  server.RaftServerConfigKeys (ConfUtils.java:logGet(46)) - raft.server.log.async-flush.enabled = false (default)
2024-03-15 21:40:20,884 [3d634cb2-775f-4b5a-90b9-1e5452c00050-groupManagement] INFO  server.RaftServerConfigKeys (ConfUtils.java:logGet(46)) - raft.server.log.statemachine.data.caching.enabled = true (custom)
2024-03-15 21:40:20,884 [3d634cb2-775f-4b5a-90b9-1e5452c00050-groupManagement] INFO  segmented.SegmentedRaftLogWorker (SegmentedRaftLogWorker.java:lambda$new$0(134)) - 3d634cb2-775f-4b5a-90b9-1e5452c00050@group-61B3573DC185-SegmentedRaftLogWorker: flushIndex: setUnconditionally 0 -> -1
2024-03-15 21:40:20,884 [3d634cb2-775f-4b5a-90b9-1e5452c00050-groupManagement] INFO  segmented.SegmentedRaftLogWorker (SegmentedRaftLogWorker.java:lambda$new$0(134)) - 3d634cb2-775f-4b5a-90b9-1e5452c00050@group-61B3573DC185-SegmentedRaftLogWorker: safeCacheEvictIndex: setUnconditionally 0 -> -1
2024-03-15 21:40:20,884 [3d634cb2-775f-4b5a-90b9-1e5452c00050-groupManagement] INFO  server.RaftServer$Division (RaftServerImpl.java:start(396)) - 3d634cb2-775f-4b5a-90b9-1e5452c00050@group-61B3573DC185: start as a follower, conf=-1: peers:[3d634cb2-775f-4b5a-90b9-1e5452c00050|10.1.0.11:15370]|listeners:[], old=null
2024-03-15 21:40:20,884 [3d634cb2-775f-4b5a-90b9-1e5452c00050-groupManagement] INFO  server.RaftServer$Division (RaftServerImpl.java:setRole(383)) - 3d634cb2-775f-4b5a-90b9-1e5452c00050@group-61B3573DC185: changes role from      null to FOLLOWER at term 0 for startAsFollower
2024-03-15 21:40:20,884 [3d634cb2-775f-4b5a-90b9-1e5452c00050-groupManagement] INFO  impl.RoleInfo (RoleInfo.java:updateAndGet(139)) - 3d634cb2-775f-4b5a-90b9-1e5452c00050: start 3d634cb2-775f-4b5a-90b9-1e5452c00050@group-61B3573DC185-FollowerState
2024-03-15 21:40:20,884 [3d634cb2-775f-4b5a-90b9-1e5452c00050@group-61B3573DC185-FollowerState] INFO  server.RaftServerConfigKeys (ConfUtils.java:logFallback(53)) - raft.server.rpc.first-election.timeout.min = 5s (fallback to raft.server.rpc.timeout.min)
2024-03-15 21:40:20,884 [3d634cb2-775f-4b5a-90b9-1e5452c00050-groupManagement] INFO  util.JmxRegister (JmxRegister.java:tryRegister(44)) - Successfully registered JMX Bean with object name Ratis:service=RaftServer,group=group-61B3573DC185,id=3d634cb2-775f-4b5a-90b9-1e5452c00050
2024-03-15 21:40:20,885 [3d634cb2-775f-4b5a-90b9-1e5452c00050-groupManagement] INFO  server.RaftServerConfigKeys (ConfUtils.java:logGet(46)) - raft.server.snapshot.trigger-when-stop.enabled = true (default)
2024-03-15 21:40:20,885 [3d634cb2-775f-4b5a-90b9-1e5452c00050-groupManagement] INFO  server.RaftServerConfigKeys (ConfUtils.java:logGet(46)) - raft.server.snapshot.auto.trigger.enabled = true (custom)
2024-03-15 21:40:20,885 [3d634cb2-775f-4b5a-90b9-1e5452c00050-groupManagement] INFO  server.RaftServerConfigKeys (ConfUtils.java:logGet(46)) - raft.server.snapshot.auto.trigger.threshold = 10000 (custom)
2024-03-15 21:40:20,885 [3d634cb2-775f-4b5a-90b9-1e5452c00050-groupManagement] INFO  server.RaftServerConfigKeys (ConfUtils.java:logGet(46)) - raft.server.snapshot.retention.file.num = 5 (custom)
2024-03-15 21:40:20,885 [3d634cb2-775f-4b5a-90b9-1e5452c00050-groupManagement] INFO  server.RaftServerConfigKeys (ConfUtils.java:logGet(46)) - raft.server.log.purge.upto.snapshot.index = false (default)
2024-03-15 21:40:20,885 [3d634cb2-775f-4b5a-90b9-1e5452c00050@group-61B3573DC185-FollowerState] INFO  server.RaftServerConfigKeys (ConfUtils.java:logFallback(53)) - raft.server.rpc.first-election.timeout.max = 5200ms (fallback to raft.server.rpc.timeout.max)
2024-03-15 21:40:20,885 [3d634cb2-775f-4b5a-90b9-1e5452c00050-PipelineCommandHandlerThread-0] INFO  ratis.XceiverServerRatis (XceiverServerRatis.java:addGroup(864)) - Created group PipelineID=e78bb5c3-3f21-41e9-84ec-61b3573dc185
2024-03-15 21:40:20,886 [3d634cb2-775f-4b5a-90b9-1e5452c00050-PipelineCommandHandlerThread-0] INFO  commandhandler.CreatePipelineCommandHandler (CreatePipelineCommandHandler.java:lambda$handle$2(124)) - Created Pipeline RATIS ONE PipelineID=e78bb5c3-3f21-41e9-84ec-61b3573dc185.
2024-03-15 21:40:20,886 [3d634cb2-775f-4b5a-90b9-1e5452c00050-PipelineCommandHandlerThread-0] INFO  server.RaftServer (RaftServerProxy.java:addNew(100)) - 3d634cb2-775f-4b5a-90b9-1e5452c00050: addNew group-281E028D623B:[3d634cb2-775f-4b5a-90b9-1e5452c00050|10.1.0.11:15370, e2c18930-f62b-4e67-9845-17087b23bc88|10.1.0.11:15379, afe0fdae-f81b-4972-93bd-b2e3099b8af3|10.1.0.11:15388] returns group-281E028D623B:java.util.concurrent.CompletableFuture@5ec69e47[Not completed]
2024-03-15 21:40:20,886 [3d634cb2-775f-4b5a-90b9-1e5452c00050-groupManagement] INFO  server.RaftServer$Division (RaftServerImpl.java:<init>(256)) - 3d634cb2-775f-4b5a-90b9-1e5452c00050: new RaftServerImpl for group-281E028D623B:[3d634cb2-775f-4b5a-90b9-1e5452c00050|10.1.0.11:15370, e2c18930-f62b-4e67-9845-17087b23bc88|10.1.0.11:15379, afe0fdae-f81b-4972-93bd-b2e3099b8af3|10.1.0.11:15388] with ContainerStateMachine:uninitialized
2024-03-15 21:40:20,886 [3d634cb2-775f-4b5a-90b9-1e5452c00050-groupManagement] INFO  server.RaftServerConfigKeys (ConfUtils.java:logGet(46)) - raft.server.rpc.timeout.min = 5s (custom)
2024-03-15 21:40:20,886 [3d634cb2-775f-4b5a-90b9-1e5452c00050-groupManagement] INFO  server.RaftServerConfigKeys (ConfUtils.java:logGet(46)) - raft.server.rpc.timeout.max = 5200ms (custom)
2024-03-15 21:40:20,886 [3d634cb2-775f-4b5a-90b9-1e5452c00050-groupManagement] INFO  server.RaftServerConfigKeys (ConfUtils.java:logGet(46)) - raft.server.rpc.sleep.time = 25ms (default)
2024-03-15 21:40:20,887 [3d634cb2-775f-4b5a-90b9-1e5452c00050-groupManagement] INFO  server.RaftServerConfigKeys (ConfUtils.java:logGet(46)) - raft.server.rpc.slowness.timeout = 300000ms (custom)
2024-03-15 21:40:20,887 [3d634cb2-775f-4b5a-90b9-1e5452c00050-groupManagement] INFO  server.RaftServerConfigKeys (ConfUtils.java:logGet(46)) - raft.server.leaderelection.leader.step-down.wait-time = 10s (default)
2024-03-15 21:40:20,887 [3d634cb2-775f-4b5a-90b9-1e5452c00050-groupManagement] INFO  server.RaftServerConfigKeys (ConfUtils.java:logGet(46)) - raft.server.leaderelection.member.majority-add = false (default)
2024-03-15 21:40:20,887 [3d634cb2-775f-4b5a-90b9-1e5452c00050-groupManagement] INFO  server.RaftServerConfigKeys (ConfUtils.java:logGet(46)) - raft.server.sleep.deviation.threshold = 300ms (default)
2024-03-15 21:40:20,887 [3d634cb2-775f-4b5a-90b9-1e5452c00050-groupManagement] INFO  server.RaftServer$Division (ServerState.java:<init>(113)) - 3d634cb2-775f-4b5a-90b9-1e5452c00050@group-281E028D623B: ConfigurationManager, init=-1: peers:[3d634cb2-775f-4b5a-90b9-1e5452c00050|10.1.0.11:15370, e2c18930-f62b-4e67-9845-17087b23bc88|10.1.0.11:15379, afe0fdae-f81b-4972-93bd-b2e3099b8af3|10.1.0.11:15388]|listeners:[], old=null, confs=<EMPTY_MAP>
2024-03-15 21:40:20,887 [3d634cb2-775f-4b5a-90b9-1e5452c00050-groupManagement] INFO  server.RaftServerConfigKeys (ConfUtils.java:logGet(46)) - raft.server.notification.no-leader.timeout = 300000ms (custom)
2024-03-15 21:40:20,887 [3d634cb2-775f-4b5a-90b9-1e5452c00050-groupManagement] INFO  server.RaftServerConfigKeys (ConfUtils.java:logGet(46)) - raft.server.read.timeout = 10s (default)
2024-03-15 21:40:20,887 [3d634cb2-775f-4b5a-90b9-1e5452c00050-groupManagement] INFO  server.RaftServerConfigKeys (ConfUtils.java:logGet(46)) - raft.server.retrycache.expirytime = 600000ms (custom)
2024-03-15 21:40:20,887 [3d634cb2-775f-4b5a-90b9-1e5452c00050-groupManagement] INFO  server.RaftServerConfigKeys (ConfUtils.java:logGet(46)) - raft.server.retrycache.statistics.expirytime = 100ms (default)
2024-03-15 21:40:20,887 [3d634cb2-775f-4b5a-90b9-1e5452c00050-groupManagement] INFO  server.RaftServerConfigKeys (ConfUtils.java:logGet(46)) - raft.server.read.option = DEFAULT (default)
2024-03-15 21:40:20,887 [3d634cb2-775f-4b5a-90b9-1e5452c00050-groupManagement] INFO  server.RaftServerConfigKeys (ConfUtils.java:logGet(46)) - raft.server.read.read-after-write-consistent.write-index-cache.expiry-time = 60s (default)
2024-03-15 21:40:20,888 [3d634cb2-775f-4b5a-90b9-1e5452c00050-groupManagement] INFO  server.RaftServerConfigKeys (ConfUtils.java:logGet(46)) - raft.server.rpc.request.timeout = 3000ms (default)
2024-03-15 21:40:20,889 [3d634cb2-775f-4b5a-90b9-1e5452c00050-groupManagement] INFO  server.RaftServerConfigKeys (ConfUtils.java:logGet(46)) - raft.server.log.appender.install.snapshot.enabled = false (custom)
2024-03-15 21:40:20,889 [3d634cb2-775f-4b5a-90b9-1e5452c00050-groupManagement] INFO  server.RaftServerConfigKeys (ConfUtils.java:logGet(46)) - raft.server.threadpool.server.cached = true (default)
2024-03-15 21:40:20,889 [3d634cb2-775f-4b5a-90b9-1e5452c00050-groupManagement] INFO  server.RaftServerConfigKeys (ConfUtils.java:logGet(46)) - raft.server.threadpool.server.size = 0 (default)
2024-03-15 21:40:20,889 [3d634cb2-775f-4b5a-90b9-1e5452c00050-groupManagement] INFO  server.RaftServerConfigKeys (ConfUtils.java:logGet(46)) - raft.server.threadpool.client.cached = true (default)
2024-03-15 21:40:20,889 [3d634cb2-775f-4b5a-90b9-1e5452c00050-groupManagement] INFO  server.RaftServerConfigKeys (ConfUtils.java:logGet(46)) - raft.server.threadpool.client.size = 0 (default)
2024-03-15 21:40:20,889 [3d634cb2-775f-4b5a-90b9-1e5452c00050-groupManagement] INFO  server.RaftServerConfigKeys (ConfUtils.java:logGet(46)) - raft.server.storage.free-space.min = 0MB (=0) (default)
2024-03-15 21:40:20,889 [3d634cb2-775f-4b5a-90b9-1e5452c00050-groupManagement] INFO  server.RaftServerConfigKeys (ConfUtils.java:logGet(46)) - raft.server.log.corruption.policy = EXCEPTION (default)
2024-03-15 21:40:20,889 [3d634cb2-775f-4b5a-90b9-1e5452c00050-groupManagement] INFO  server.RaftServerConfigKeys (ConfUtils.java:logGet(46)) - raft.server.storage.dir = [/home/runner/work/ozone/ozone/hadoop-ozone/integration-test/target/test-dir/MiniOzoneClusterImpl-9d1dee8c-d44a-4a38-8f2b-42c9fdbb6771/ozone-meta/datanode-1/ratis] (custom)
2024-03-15 21:40:20,889 [3d634cb2-775f-4b5a-90b9-1e5452c00050-groupManagement] INFO  storage.RaftStorageDirectory (RaftStorageDirectoryImpl.java:analyzeStorage(138)) - The storage directory /home/runner/work/ozone/ozone/hadoop-ozone/integration-test/target/test-dir/MiniOzoneClusterImpl-9d1dee8c-d44a-4a38-8f2b-42c9fdbb6771/ozone-meta/datanode-1/ratis/03ef82d2-8008-497f-9d12-281e028d623b does not exist. Creating ...
2024-03-15 21:40:20,890 [3d634cb2-775f-4b5a-90b9-1e5452c00050-groupManagement] INFO  storage.RaftStorageDirectory (RaftStorageDirectoryImpl.java:tryLock(228)) - Lock on /home/runner/work/ozone/ozone/hadoop-ozone/integration-test/target/test-dir/MiniOzoneClusterImpl-9d1dee8c-d44a-4a38-8f2b-42c9fdbb6771/ozone-meta/datanode-1/ratis/03ef82d2-8008-497f-9d12-281e028d623b/in_use.lock acquired by nodename 60682@fv-az528-102
2024-03-15 21:40:20,891 [3d634cb2-775f-4b5a-90b9-1e5452c00050-groupManagement] INFO  storage.RaftStorage (RaftStorageImpl.java:format(99)) - Storage directory /home/runner/work/ozone/ozone/hadoop-ozone/integration-test/target/test-dir/MiniOzoneClusterImpl-9d1dee8c-d44a-4a38-8f2b-42c9fdbb6771/ozone-meta/datanode-1/ratis/03ef82d2-8008-497f-9d12-281e028d623b has been successfully formatted.
2024-03-15 21:40:20,891 [3d634cb2-775f-4b5a-90b9-1e5452c00050-groupManagement] WARN  util.FileUtils (LogUtils.java:supplyAndLog(63)) - Failed to Files.newInputStream /home/runner/work/ozone/ozone/hadoop-ozone/integration-test/target/test-dir/MiniOzoneClusterImpl-9d1dee8c-d44a-4a38-8f2b-42c9fdbb6771/ozone-meta/datanode-1/ratis/03ef82d2-8008-497f-9d12-281e028d623b/current/raft-meta.conf with options []: java.nio.file.NoSuchFileException: /home/runner/work/ozone/ozone/hadoop-ozone/integration-test/target/test-dir/MiniOzoneClusterImpl-9d1dee8c-d44a-4a38-8f2b-42c9fdbb6771/ozone-meta/datanode-1/ratis/03ef82d2-8008-497f-9d12-281e028d623b/current/raft-meta.conf
2024-03-15 21:40:20,891 [3d634cb2-775f-4b5a-90b9-1e5452c00050-groupManagement] INFO  ratis.ContainerStateMachine (ContainerStateMachine.java:loadSnapshot(287)) - group-281E028D623B: The snapshot info is null. Setting the last applied index to:(t:0, i:~)
2024-03-15 21:40:20,891 [3d634cb2-775f-4b5a-90b9-1e5452c00050-groupManagement] INFO  server.RaftServerConfigKeys (ConfUtils.java:logGet(46)) - raft.server.log.use.memory = false (default)
2024-03-15 21:40:20,891 [3d634cb2-775f-4b5a-90b9-1e5452c00050-groupManagement] INFO  server.RaftServerConfigKeys (ConfUtils.java:logGet(46)) - raft.server.log.purge.gap = 1000000 (custom)
2024-03-15 21:40:20,891 [3d634cb2-775f-4b5a-90b9-1e5452c00050-groupManagement] INFO  server.RaftServerConfigKeys (ConfUtils.java:logGet(46)) - raft.server.log.appender.buffer.byte-limit = 8388608 (custom)
2024-03-15 21:40:20,891 [3d634cb2-775f-4b5a-90b9-1e5452c00050-groupManagement] INFO  server.RaftServerConfigKeys (ConfUtils.java:logGet(46)) - raft.server.log.statemachine.data.read.timeout = 1000ms (default)
2024-03-15 21:40:20,891 [3d634cb2-775f-4b5a-90b9-1e5452c00050-groupManagement] INFO  server.RaftServerConfigKeys (ConfUtils.java:logGet(46)) - raft.server.log.purge.preservation.log.num = 0 (default)
2024-03-15 21:40:20,892 [EventQueue-OpenPipelineForHealthyPipelineSafeModeRule] INFO  safemode.SCMSafeModeManager (HealthyPipelineSafeModeRule.java:process(140)) - SCM in safe mode. Healthy pipelines reported count is 0, required healthy pipeline reported count is 1
2024-03-15 21:40:20,892 [3d634cb2-775f-4b5a-90b9-1e5452c00050-groupManagement] INFO  server.RaftServerConfigKeys (ConfUtils.java:logGet(46)) - raft.server.log.segment.size.max = 67108864 (custom)
2024-03-15 21:40:20,893 [3d634cb2-775f-4b5a-90b9-1e5452c00050-groupManagement] INFO  server.RaftServerConfigKeys (ConfUtils.java:logGet(46)) - raft.server.log.segment.cache.num.max = 2 (custom)
2024-03-15 21:40:20,893 [3d634cb2-775f-4b5a-90b9-1e5452c00050-groupManagement] INFO  server.RaftServerConfigKeys (ConfUtils.java:logGet(46)) - raft.server.log.segment.cache.size.max = 200MB (=209715200) (default)
2024-03-15 21:40:20,893 [3d634cb2-775f-4b5a-90b9-1e5452c00050-groupManagement] INFO  server.RaftServerConfigKeys (ConfUtils.java:logGet(46)) - raft.server.log.appender.buffer.byte-limit = 8388608 (custom)
2024-03-15 21:40:20,893 [3d634cb2-775f-4b5a-90b9-1e5452c00050-groupManagement] INFO  util.AwaitToRun (AwaitToRun.java:start(81)) - Thread[3d634cb2-775f-4b5a-90b9-1e5452c00050@group-281E028D623B-cacheEviction-AwaitToRun,5,main] started
2024-03-15 21:40:20,893 [3d634cb2-775f-4b5a-90b9-1e5452c00050-groupManagement] INFO  segmented.SegmentedRaftLogWorker (SegmentedRaftLogWorker.java:<init>(182)) - new 3d634cb2-775f-4b5a-90b9-1e5452c00050@group-281E028D623B-SegmentedRaftLogWorker for RaftStorageImpl:Storage Directory /home/runner/work/ozone/ozone/hadoop-ozone/integration-test/target/test-dir/MiniOzoneClusterImpl-9d1dee8c-d44a-4a38-8f2b-42c9fdbb6771/ozone-meta/datanode-1/ratis/03ef82d2-8008-497f-9d12-281e028d623b
2024-03-15 21:40:20,893 [3d634cb2-775f-4b5a-90b9-1e5452c00050-groupManagement] INFO  server.RaftServerConfigKeys (ConfUtils.java:logGet(46)) - raft.server.log.queue.byte-limit = 4294967296 (custom)
2024-03-15 21:40:20,893 [3d634cb2-775f-4b5a-90b9-1e5452c00050-groupManagement] INFO  server.RaftServerConfigKeys (ConfUtils.java:logGet(46)) - raft.server.log.queue.element-limit = 1024 (custom)
2024-03-15 21:40:20,893 [3d634cb2-775f-4b5a-90b9-1e5452c00050-groupManagement] INFO  server.RaftServerConfigKeys (ConfUtils.java:logGet(46)) - raft.server.log.segment.size.max = 67108864 (custom)
2024-03-15 21:40:20,893 [3d634cb2-775f-4b5a-90b9-1e5452c00050-groupManagement] INFO  server.RaftServerConfigKeys (ConfUtils.java:logGet(46)) - raft.server.log.preallocated.size = 4194304 (custom)
2024-03-15 21:40:20,893 [3d634cb2-775f-4b5a-90b9-1e5452c00050-groupManagement] INFO  server.RaftServerConfigKeys (ConfUtils.java:logGet(46)) - raft.server.log.force.sync.num = 128 (default)
2024-03-15 21:40:20,893 [3d634cb2-775f-4b5a-90b9-1e5452c00050-groupManagement] INFO  server.RaftServerConfigKeys (ConfUtils.java:logGet(46)) - raft.server.log.statemachine.data.sync = true (default)
2024-03-15 21:40:20,894 [3d634cb2-775f-4b5a-90b9-1e5452c00050-groupManagement] INFO  server.RaftServerConfigKeys (ConfUtils.java:logGet(46)) - raft.server.log.statemachine.data.sync.timeout = 10s (default)
2024-03-15 21:40:20,894 [3d634cb2-775f-4b5a-90b9-1e5452c00050-groupManagement] INFO  server.RaftServerConfigKeys (ConfUtils.java:logGet(46)) - raft.server.log.statemachine.data.sync.timeout.retry = 0 (custom)
2024-03-15 21:40:20,894 [3d634cb2-775f-4b5a-90b9-1e5452c00050-groupManagement] INFO  server.RaftServerConfigKeys (ConfUtils.java:logGet(46)) - raft.server.log.write.buffer.size = 8388616 (custom)
2024-03-15 21:40:20,895 [3d634cb2-775f-4b5a-90b9-1e5452c00050-groupManagement] INFO  server.RaftServerConfigKeys (ConfUtils.java:logGet(46)) - raft.server.log.appender.buffer.byte-limit = 8388608 (custom)
2024-03-15 21:40:20,895 [3d634cb2-775f-4b5a-90b9-1e5452c00050-groupManagement] INFO  server.RaftServerConfigKeys (ConfUtils.java:logGet(46)) - raft.server.log.unsafe-flush.enabled = false (default)
2024-03-15 21:40:20,895 [3d634cb2-775f-4b5a-90b9-1e5452c00050-groupManagement] INFO  server.RaftServerConfigKeys (ConfUtils.java:logGet(46)) - raft.server.log.async-flush.enabled = false (default)
2024-03-15 21:40:20,896 [3d634cb2-775f-4b5a-90b9-1e5452c00050-groupManagement] INFO  server.RaftServerConfigKeys (ConfUtils.java:logGet(46)) - raft.server.log.statemachine.data.caching.enabled = true (custom)
2024-03-15 21:40:20,896 [3d634cb2-775f-4b5a-90b9-1e5452c00050-groupManagement] INFO  segmented.SegmentedRaftLogWorker (SegmentedRaftLogWorker.java:lambda$new$0(134)) - 3d634cb2-775f-4b5a-90b9-1e5452c00050@group-281E028D623B-SegmentedRaftLogWorker: flushIndex: setUnconditionally 0 -> -1
2024-03-15 21:40:20,896 [3d634cb2-775f-4b5a-90b9-1e5452c00050-groupManagement] INFO  segmented.SegmentedRaftLogWorker (SegmentedRaftLogWorker.java:lambda$new$0(134)) - 3d634cb2-775f-4b5a-90b9-1e5452c00050@group-281E028D623B-SegmentedRaftLogWorker: safeCacheEvictIndex: setUnconditionally 0 -> -1
2024-03-15 21:40:20,896 [3d634cb2-775f-4b5a-90b9-1e5452c00050-groupManagement] INFO  server.RaftServer$Division (RaftServerImpl.java:start(396)) - 3d634cb2-775f-4b5a-90b9-1e5452c00050@group-281E028D623B: start as a follower, conf=-1: peers:[3d634cb2-775f-4b5a-90b9-1e5452c00050|10.1.0.11:15370, e2c18930-f62b-4e67-9845-17087b23bc88|10.1.0.11:15379, afe0fdae-f81b-4972-93bd-b2e3099b8af3|10.1.0.11:15388]|listeners:[], old=null
2024-03-15 21:40:20,896 [3d634cb2-775f-4b5a-90b9-1e5452c00050-groupManagement] INFO  server.RaftServer$Division (RaftServerImpl.java:setRole(383)) - 3d634cb2-775f-4b5a-90b9-1e5452c00050@group-281E028D623B: changes role from      null to FOLLOWER at term 0 for startAsFollower
2024-03-15 21:40:20,896 [3d634cb2-775f-4b5a-90b9-1e5452c00050-groupManagement] INFO  impl.RoleInfo (RoleInfo.java:updateAndGet(139)) - 3d634cb2-775f-4b5a-90b9-1e5452c00050: start 3d634cb2-775f-4b5a-90b9-1e5452c00050@group-281E028D623B-FollowerState
2024-03-15 21:40:20,896 [3d634cb2-775f-4b5a-90b9-1e5452c00050@group-281E028D623B-FollowerState] INFO  server.RaftServerConfigKeys (ConfUtils.java:logFallback(53)) - raft.server.rpc.first-election.timeout.min = 5s (fallback to raft.server.rpc.timeout.min)
2024-03-15 21:40:20,896 [3d634cb2-775f-4b5a-90b9-1e5452c00050-groupManagement] INFO  util.JmxRegister (JmxRegister.java:tryRegister(44)) - Successfully registered JMX Bean with object name Ratis:service=RaftServer,group=group-281E028D623B,id=3d634cb2-775f-4b5a-90b9-1e5452c00050
2024-03-15 21:40:20,896 [3d634cb2-775f-4b5a-90b9-1e5452c00050@group-281E028D623B-FollowerState] INFO  server.RaftServerConfigKeys (ConfUtils.java:logFallback(53)) - raft.server.rpc.first-election.timeout.max = 5200ms (fallback to raft.server.rpc.timeout.max)
2024-03-15 21:40:20,896 [3d634cb2-775f-4b5a-90b9-1e5452c00050-groupManagement] INFO  server.RaftServerConfigKeys (ConfUtils.java:logGet(46)) - raft.server.snapshot.trigger-when-stop.enabled = true (default)
2024-03-15 21:40:20,896 [3d634cb2-775f-4b5a-90b9-1e5452c00050-groupManagement] INFO  server.RaftServerConfigKeys (ConfUtils.java:logGet(46)) - raft.server.snapshot.auto.trigger.enabled = true (custom)
2024-03-15 21:40:20,896 [3d634cb2-775f-4b5a-90b9-1e5452c00050-groupManagement] INFO  server.RaftServerConfigKeys (ConfUtils.java:logGet(46)) - raft.server.snapshot.auto.trigger.threshold = 10000 (custom)
2024-03-15 21:40:20,896 [3d634cb2-775f-4b5a-90b9-1e5452c00050-groupManagement] INFO  server.RaftServerConfigKeys (ConfUtils.java:logGet(46)) - raft.server.snapshot.retention.file.num = 5 (custom)
2024-03-15 21:40:20,897 [3d634cb2-775f-4b5a-90b9-1e5452c00050-groupManagement] INFO  server.RaftServerConfigKeys (ConfUtils.java:logGet(46)) - raft.server.log.purge.upto.snapshot.index = false (default)
2024-03-15 21:40:20,897 [3d634cb2-775f-4b5a-90b9-1e5452c00050-PipelineCommandHandlerThread-0] INFO  ratis.XceiverServerRatis (XceiverServerRatis.java:addGroup(864)) - Created group PipelineID=03ef82d2-8008-497f-9d12-281e028d623b
2024-03-15 21:40:20,904 [grpc-default-executor-5] INFO  server.RaftServer (RaftServerProxy.java:addNew(100)) - e2c18930-f62b-4e67-9845-17087b23bc88: addNew group-281E028D623B:[3d634cb2-775f-4b5a-90b9-1e5452c00050|10.1.0.11:15370, e2c18930-f62b-4e67-9845-17087b23bc88|10.1.0.11:15379, afe0fdae-f81b-4972-93bd-b2e3099b8af3|10.1.0.11:15388] returns group-281E028D623B:java.util.concurrent.CompletableFuture@7bc3f106[Not completed]
2024-03-15 21:40:20,904 [e2c18930-f62b-4e67-9845-17087b23bc88-groupManagement] INFO  server.RaftServer$Division (RaftServerImpl.java:<init>(256)) - e2c18930-f62b-4e67-9845-17087b23bc88: new RaftServerImpl for group-281E028D623B:[3d634cb2-775f-4b5a-90b9-1e5452c00050|10.1.0.11:15370, e2c18930-f62b-4e67-9845-17087b23bc88|10.1.0.11:15379, afe0fdae-f81b-4972-93bd-b2e3099b8af3|10.1.0.11:15388] with ContainerStateMachine:uninitialized
2024-03-15 21:40:20,904 [e2c18930-f62b-4e67-9845-17087b23bc88-groupManagement] INFO  server.RaftServerConfigKeys (ConfUtils.java:logGet(46)) - raft.server.rpc.timeout.min = 5s (custom)
2024-03-15 21:40:20,904 [e2c18930-f62b-4e67-9845-17087b23bc88-groupManagement] INFO  server.RaftServerConfigKeys (ConfUtils.java:logGet(46)) - raft.server.rpc.timeout.max = 5200ms (custom)
2024-03-15 21:40:20,904 [e2c18930-f62b-4e67-9845-17087b23bc88-groupManagement] INFO  server.RaftServerConfigKeys (ConfUtils.java:logGet(46)) - raft.server.rpc.sleep.time = 25ms (default)
2024-03-15 21:40:20,904 [e2c18930-f62b-4e67-9845-17087b23bc88-groupManagement] INFO  server.RaftServerConfigKeys (ConfUtils.java:logGet(46)) - raft.server.rpc.slowness.timeout = 300000ms (custom)
2024-03-15 21:40:20,904 [e2c18930-f62b-4e67-9845-17087b23bc88-groupManagement] INFO  server.RaftServerConfigKeys (ConfUtils.java:logGet(46)) - raft.server.leaderelection.leader.step-down.wait-time = 10s (default)
2024-03-15 21:40:20,904 [e2c18930-f62b-4e67-9845-17087b23bc88-groupManagement] INFO  server.RaftServerConfigKeys (ConfUtils.java:logGet(46)) - raft.server.leaderelection.member.majority-add = false (default)
2024-03-15 21:40:20,904 [e2c18930-f62b-4e67-9845-17087b23bc88-groupManagement] INFO  server.RaftServerConfigKeys (ConfUtils.java:logGet(46)) - raft.server.sleep.deviation.threshold = 300ms (default)
2024-03-15 21:40:20,904 [e2c18930-f62b-4e67-9845-17087b23bc88-groupManagement] INFO  server.RaftServer$Division (ServerState.java:<init>(113)) - e2c18930-f62b-4e67-9845-17087b23bc88@group-281E028D623B: ConfigurationManager, init=-1: peers:[3d634cb2-775f-4b5a-90b9-1e5452c00050|10.1.0.11:15370, e2c18930-f62b-4e67-9845-17087b23bc88|10.1.0.11:15379, afe0fdae-f81b-4972-93bd-b2e3099b8af3|10.1.0.11:15388]|listeners:[], old=null, confs=<EMPTY_MAP>
2024-03-15 21:40:20,904 [e2c18930-f62b-4e67-9845-17087b23bc88-groupManagement] INFO  server.RaftServerConfigKeys (ConfUtils.java:logGet(46)) - raft.server.notification.no-leader.timeout = 300000ms (custom)
2024-03-15 21:40:20,905 [e2c18930-f62b-4e67-9845-17087b23bc88-groupManagement] INFO  server.RaftServerConfigKeys (ConfUtils.java:logGet(46)) - raft.server.read.timeout = 10s (default)
2024-03-15 21:40:20,905 [e2c18930-f62b-4e67-9845-17087b23bc88-groupManagement] INFO  server.RaftServerConfigKeys (ConfUtils.java:logGet(46)) - raft.server.retrycache.expirytime = 600000ms (custom)
2024-03-15 21:40:20,905 [e2c18930-f62b-4e67-9845-17087b23bc88-groupManagement] INFO  server.RaftServerConfigKeys (ConfUtils.java:logGet(46)) - raft.server.retrycache.statistics.expirytime = 100ms (default)
2024-03-15 21:40:20,905 [e2c18930-f62b-4e67-9845-17087b23bc88-groupManagement] INFO  server.RaftServerConfigKeys (ConfUtils.java:logGet(46)) - raft.server.read.option = DEFAULT (default)
2024-03-15 21:40:20,905 [e2c18930-f62b-4e67-9845-17087b23bc88-groupManagement] INFO  server.RaftServerConfigKeys (ConfUtils.java:logGet(46)) - raft.server.read.read-after-write-consistent.write-index-cache.expiry-time = 60s (default)
2024-03-15 21:40:20,906 [e2c18930-f62b-4e67-9845-17087b23bc88-groupManagement] INFO  server.RaftServerConfigKeys (ConfUtils.java:logGet(46)) - raft.server.rpc.request.timeout = 3000ms (default)
2024-03-15 21:40:20,906 [e2c18930-f62b-4e67-9845-17087b23bc88-groupManagement] INFO  server.RaftServerConfigKeys (ConfUtils.java:logGet(46)) - raft.server.log.appender.install.snapshot.enabled = false (custom)
2024-03-15 21:40:20,906 [e2c18930-f62b-4e67-9845-17087b23bc88-groupManagement] INFO  server.RaftServerConfigKeys (ConfUtils.java:logGet(46)) - raft.server.threadpool.server.cached = true (default)
2024-03-15 21:40:20,906 [e2c18930-f62b-4e67-9845-17087b23bc88-groupManagement] INFO  server.RaftServerConfigKeys (ConfUtils.java:logGet(46)) - raft.server.threadpool.server.size = 0 (default)
2024-03-15 21:40:20,906 [e2c18930-f62b-4e67-9845-17087b23bc88-groupManagement] INFO  server.RaftServerConfigKeys (ConfUtils.java:logGet(46)) - raft.server.threadpool.client.cached = true (default)
2024-03-15 21:40:20,906 [e2c18930-f62b-4e67-9845-17087b23bc88-groupManagement] INFO  server.RaftServerConfigKeys (ConfUtils.java:logGet(46)) - raft.server.threadpool.client.size = 0 (default)
2024-03-15 21:40:20,906 [e2c18930-f62b-4e67-9845-17087b23bc88-groupManagement] INFO  server.RaftServerConfigKeys (ConfUtils.java:logGet(46)) - raft.server.storage.free-space.min = 0MB (=0) (default)
2024-03-15 21:40:20,906 [e2c18930-f62b-4e67-9845-17087b23bc88-groupManagement] INFO  server.RaftServerConfigKeys (ConfUtils.java:logGet(46)) - raft.server.log.corruption.policy = EXCEPTION (default)
2024-03-15 21:40:20,906 [e2c18930-f62b-4e67-9845-17087b23bc88-groupManagement] INFO  server.RaftServerConfigKeys (ConfUtils.java:logGet(46)) - raft.server.storage.dir = [/home/runner/work/ozone/ozone/hadoop-ozone/integration-test/target/test-dir/MiniOzoneClusterImpl-9d1dee8c-d44a-4a38-8f2b-42c9fdbb6771/ozone-meta/datanode-2/ratis] (custom)
2024-03-15 21:40:20,907 [e2c18930-f62b-4e67-9845-17087b23bc88-groupManagement] INFO  storage.RaftStorageDirectory (RaftStorageDirectoryImpl.java:analyzeStorage(138)) - The storage directory /home/runner/work/ozone/ozone/hadoop-ozone/integration-test/target/test-dir/MiniOzoneClusterImpl-9d1dee8c-d44a-4a38-8f2b-42c9fdbb6771/ozone-meta/datanode-2/ratis/03ef82d2-8008-497f-9d12-281e028d623b does not exist. Creating ...
2024-03-15 21:40:20,907 [e2c18930-f62b-4e67-9845-17087b23bc88-groupManagement] INFO  storage.RaftStorageDirectory (RaftStorageDirectoryImpl.java:tryLock(228)) - Lock on /home/runner/work/ozone/ozone/hadoop-ozone/integration-test/target/test-dir/MiniOzoneClusterImpl-9d1dee8c-d44a-4a38-8f2b-42c9fdbb6771/ozone-meta/datanode-2/ratis/03ef82d2-8008-497f-9d12-281e028d623b/in_use.lock acquired by nodename 60682@fv-az528-102
2024-03-15 21:40:20,908 [e2c18930-f62b-4e67-9845-17087b23bc88-groupManagement] INFO  storage.RaftStorage (RaftStorageImpl.java:format(99)) - Storage directory /home/runner/work/ozone/ozone/hadoop-ozone/integration-test/target/test-dir/MiniOzoneClusterImpl-9d1dee8c-d44a-4a38-8f2b-42c9fdbb6771/ozone-meta/datanode-2/ratis/03ef82d2-8008-497f-9d12-281e028d623b has been successfully formatted.
2024-03-15 21:40:20,908 [e2c18930-f62b-4e67-9845-17087b23bc88-groupManagement] WARN  util.FileUtils (LogUtils.java:supplyAndLog(63)) - Failed to Files.newInputStream /home/runner/work/ozone/ozone/hadoop-ozone/integration-test/target/test-dir/MiniOzoneClusterImpl-9d1dee8c-d44a-4a38-8f2b-42c9fdbb6771/ozone-meta/datanode-2/ratis/03ef82d2-8008-497f-9d12-281e028d623b/current/raft-meta.conf with options []: java.nio.file.NoSuchFileException: /home/runner/work/ozone/ozone/hadoop-ozone/integration-test/target/test-dir/MiniOzoneClusterImpl-9d1dee8c-d44a-4a38-8f2b-42c9fdbb6771/ozone-meta/datanode-2/ratis/03ef82d2-8008-497f-9d12-281e028d623b/current/raft-meta.conf
2024-03-15 21:40:20,909 [e2c18930-f62b-4e67-9845-17087b23bc88-groupManagement] INFO  ratis.ContainerStateMachine (ContainerStateMachine.java:loadSnapshot(287)) - group-281E028D623B: The snapshot info is null. Setting the last applied index to:(t:0, i:~)
2024-03-15 21:40:20,910 [e2c18930-f62b-4e67-9845-17087b23bc88-groupManagement] INFO  server.RaftServerConfigKeys (ConfUtils.java:logGet(46)) - raft.server.log.use.memory = false (default)
2024-03-15 21:40:20,910 [e2c18930-f62b-4e67-9845-17087b23bc88-groupManagement] INFO  server.RaftServerConfigKeys (ConfUtils.java:logGet(46)) - raft.server.log.purge.gap = 1000000 (custom)
2024-03-15 21:40:20,910 [e2c18930-f62b-4e67-9845-17087b23bc88-groupManagement] INFO  server.RaftServerConfigKeys (ConfUtils.java:logGet(46)) - raft.server.log.appender.buffer.byte-limit = 8388608 (custom)
2024-03-15 21:40:20,910 [e2c18930-f62b-4e67-9845-17087b23bc88-groupManagement] INFO  server.RaftServerConfigKeys (ConfUtils.java:logGet(46)) - raft.server.log.statemachine.data.read.timeout = 1000ms (default)
2024-03-15 21:40:20,910 [e2c18930-f62b-4e67-9845-17087b23bc88-groupManagement] INFO  server.RaftServerConfigKeys (ConfUtils.java:logGet(46)) - raft.server.log.purge.preservation.log.num = 0 (default)
2024-03-15 21:40:20,911 [e2c18930-f62b-4e67-9845-17087b23bc88-groupManagement] INFO  server.RaftServerConfigKeys (ConfUtils.java:logGet(46)) - raft.server.log.segment.size.max = 67108864 (custom)
2024-03-15 21:40:20,911 [e2c18930-f62b-4e67-9845-17087b23bc88-groupManagement] INFO  server.RaftServerConfigKeys (ConfUtils.java:logGet(46)) - raft.server.log.segment.cache.num.max = 2 (custom)
2024-03-15 21:40:20,911 [e2c18930-f62b-4e67-9845-17087b23bc88-groupManagement] INFO  server.RaftServerConfigKeys (ConfUtils.java:logGet(46)) - raft.server.log.segment.cache.size.max = 200MB (=209715200) (default)
2024-03-15 21:40:20,911 [e2c18930-f62b-4e67-9845-17087b23bc88-groupManagement] INFO  server.RaftServerConfigKeys (ConfUtils.java:logGet(46)) - raft.server.log.appender.buffer.byte-limit = 8388608 (custom)
2024-03-15 21:40:20,911 [e2c18930-f62b-4e67-9845-17087b23bc88-groupManagement] INFO  util.AwaitToRun (AwaitToRun.java:start(81)) - Thread[e2c18930-f62b-4e67-9845-17087b23bc88@group-281E028D623B-cacheEviction-AwaitToRun,5,main] started
2024-03-15 21:40:20,911 [e2c18930-f62b-4e67-9845-17087b23bc88-groupManagement] INFO  segmented.SegmentedRaftLogWorker (SegmentedRaftLogWorker.java:<init>(182)) - new e2c18930-f62b-4e67-9845-17087b23bc88@group-281E028D623B-SegmentedRaftLogWorker for RaftStorageImpl:Storage Directory /home/runner/work/ozone/ozone/hadoop-ozone/integration-test/target/test-dir/MiniOzoneClusterImpl-9d1dee8c-d44a-4a38-8f2b-42c9fdbb6771/ozone-meta/datanode-2/ratis/03ef82d2-8008-497f-9d12-281e028d623b
2024-03-15 21:40:20,911 [e2c18930-f62b-4e67-9845-17087b23bc88-groupManagement] INFO  server.RaftServerConfigKeys (ConfUtils.java:logGet(46)) - raft.server.log.queue.byte-limit = 4294967296 (custom)
2024-03-15 21:40:20,911 [e2c18930-f62b-4e67-9845-17087b23bc88-groupManagement] INFO  server.RaftServerConfigKeys (ConfUtils.java:logGet(46)) - raft.server.log.queue.element-limit = 1024 (custom)
2024-03-15 21:40:20,911 [e2c18930-f62b-4e67-9845-17087b23bc88-groupManagement] INFO  server.RaftServerConfigKeys (ConfUtils.java:logGet(46)) - raft.server.log.segment.size.max = 67108864 (custom)
2024-03-15 21:40:20,911 [e2c18930-f62b-4e67-9845-17087b23bc88-groupManagement] INFO  server.RaftServerConfigKeys (ConfUtils.java:logGet(46)) - raft.server.log.preallocated.size = 4194304 (custom)
2024-03-15 21:40:20,911 [e2c18930-f62b-4e67-9845-17087b23bc88-groupManagement] INFO  server.RaftServerConfigKeys (ConfUtils.java:logGet(46)) - raft.server.log.force.sync.num = 128 (default)
2024-03-15 21:40:20,911 [e2c18930-f62b-4e67-9845-17087b23bc88-groupManagement] INFO  server.RaftServerConfigKeys (ConfUtils.java:logGet(46)) - raft.server.log.statemachine.data.sync = true (default)
2024-03-15 21:40:20,912 [e2c18930-f62b-4e67-9845-17087b23bc88-groupManagement] INFO  server.RaftServerConfigKeys (ConfUtils.java:logGet(46)) - raft.server.log.statemachine.data.sync.timeout = 10s (default)
2024-03-15 21:40:20,912 [e2c18930-f62b-4e67-9845-17087b23bc88-groupManagement] INFO  server.RaftServerConfigKeys (ConfUtils.java:logGet(46)) - raft.server.log.statemachine.data.sync.timeout.retry = 0 (custom)
2024-03-15 21:40:20,912 [e2c18930-f62b-4e67-9845-17087b23bc88-groupManagement] INFO  server.RaftServerConfigKeys (ConfUtils.java:logGet(46)) - raft.server.log.write.buffer.size = 8388616 (custom)
2024-03-15 21:40:20,913 [e2c18930-f62b-4e67-9845-17087b23bc88-groupManagement] INFO  server.RaftServerConfigKeys (ConfUtils.java:logGet(46)) - raft.server.log.appender.buffer.byte-limit = 8388608 (custom)
2024-03-15 21:40:20,913 [e2c18930-f62b-4e67-9845-17087b23bc88-groupManagement] INFO  server.RaftServerConfigKeys (ConfUtils.java:logGet(46)) - raft.server.log.unsafe-flush.enabled = false (default)
2024-03-15 21:40:20,913 [e2c18930-f62b-4e67-9845-17087b23bc88-groupManagement] INFO  server.RaftServerConfigKeys (ConfUtils.java:logGet(46)) - raft.server.log.async-flush.enabled = false (default)
2024-03-15 21:40:20,913 [e2c18930-f62b-4e67-9845-17087b23bc88-groupManagement] INFO  server.RaftServerConfigKeys (ConfUtils.java:logGet(46)) - raft.server.log.statemachine.data.caching.enabled = true (custom)
2024-03-15 21:40:20,913 [e2c18930-f62b-4e67-9845-17087b23bc88-groupManagement] INFO  segmented.SegmentedRaftLogWorker (SegmentedRaftLogWorker.java:lambda$new$0(134)) - e2c18930-f62b-4e67-9845-17087b23bc88@group-281E028D623B-SegmentedRaftLogWorker: flushIndex: setUnconditionally 0 -> -1
2024-03-15 21:40:20,913 [e2c18930-f62b-4e67-9845-17087b23bc88-groupManagement] INFO  segmented.SegmentedRaftLogWorker (SegmentedRaftLogWorker.java:lambda$new$0(134)) - e2c18930-f62b-4e67-9845-17087b23bc88@group-281E028D623B-SegmentedRaftLogWorker: safeCacheEvictIndex: setUnconditionally 0 -> -1
2024-03-15 21:40:20,913 [e2c18930-f62b-4e67-9845-17087b23bc88-groupManagement] INFO  server.RaftServer$Division (RaftServerImpl.java:start(396)) - e2c18930-f62b-4e67-9845-17087b23bc88@group-281E028D623B: start as a follower, conf=-1: peers:[3d634cb2-775f-4b5a-90b9-1e5452c00050|10.1.0.11:15370, e2c18930-f62b-4e67-9845-17087b23bc88|10.1.0.11:15379, afe0fdae-f81b-4972-93bd-b2e3099b8af3|10.1.0.11:15388]|listeners:[], old=null
2024-03-15 21:40:20,913 [e2c18930-f62b-4e67-9845-17087b23bc88-groupManagement] INFO  server.RaftServer$Division (RaftServerImpl.java:setRole(383)) - e2c18930-f62b-4e67-9845-17087b23bc88@group-281E028D623B: changes role from      null to FOLLOWER at term 0 for startAsFollower
2024-03-15 21:40:20,913 [e2c18930-f62b-4e67-9845-17087b23bc88-groupManagement] INFO  impl.RoleInfo (RoleInfo.java:updateAndGet(139)) - e2c18930-f62b-4e67-9845-17087b23bc88: start e2c18930-f62b-4e67-9845-17087b23bc88@group-281E028D623B-FollowerState
2024-03-15 21:40:20,914 [e2c18930-f62b-4e67-9845-17087b23bc88@group-281E028D623B-FollowerState] INFO  server.RaftServerConfigKeys (ConfUtils.java:logFallback(53)) - raft.server.rpc.first-election.timeout.min = 5s (fallback to raft.server.rpc.timeout.min)
2024-03-15 21:40:20,914 [e2c18930-f62b-4e67-9845-17087b23bc88-groupManagement] INFO  util.JmxRegister (JmxRegister.java:tryRegister(44)) - Successfully registered JMX Bean with object name Ratis:service=RaftServer,group=group-281E028D623B,id=e2c18930-f62b-4e67-9845-17087b23bc88
2024-03-15 21:40:20,914 [e2c18930-f62b-4e67-9845-17087b23bc88@group-281E028D623B-FollowerState] INFO  server.RaftServerConfigKeys (ConfUtils.java:logFallback(53)) - raft.server.rpc.first-election.timeout.max = 5200ms (fallback to raft.server.rpc.timeout.max)
2024-03-15 21:40:20,914 [e2c18930-f62b-4e67-9845-17087b23bc88-groupManagement] INFO  server.RaftServerConfigKeys (ConfUtils.java:logGet(46)) - raft.server.snapshot.trigger-when-stop.enabled = true (default)
2024-03-15 21:40:20,914 [e2c18930-f62b-4e67-9845-17087b23bc88-groupManagement] INFO  server.RaftServerConfigKeys (ConfUtils.java:logGet(46)) - raft.server.snapshot.auto.trigger.enabled = true (custom)
2024-03-15 21:40:20,914 [e2c18930-f62b-4e67-9845-17087b23bc88-groupManagement] INFO  server.RaftServerConfigKeys (ConfUtils.java:logGet(46)) - raft.server.snapshot.auto.trigger.threshold = 10000 (custom)
2024-03-15 21:40:20,914 [e2c18930-f62b-4e67-9845-17087b23bc88-groupManagement] INFO  server.RaftServerConfigKeys (ConfUtils.java:logGet(46)) - raft.server.snapshot.retention.file.num = 5 (custom)
2024-03-15 21:40:20,914 [e2c18930-f62b-4e67-9845-17087b23bc88-groupManagement] INFO  server.RaftServerConfigKeys (ConfUtils.java:logGet(46)) - raft.server.log.purge.upto.snapshot.index = false (default)
2024-03-15 21:40:20,924 [grpc-default-executor-5] INFO  server.RaftServer (RaftServerProxy.java:addNew(100)) - afe0fdae-f81b-4972-93bd-b2e3099b8af3: addNew group-281E028D623B:[3d634cb2-775f-4b5a-90b9-1e5452c00050|10.1.0.11:15370, e2c18930-f62b-4e67-9845-17087b23bc88|10.1.0.11:15379, afe0fdae-f81b-4972-93bd-b2e3099b8af3|10.1.0.11:15388] returns group-281E028D623B:java.util.concurrent.CompletableFuture@1c2d628d[Not completed]
2024-03-15 21:40:20,924 [afe0fdae-f81b-4972-93bd-b2e3099b8af3-groupManagement] INFO  server.RaftServer$Division (RaftServerImpl.java:<init>(256)) - afe0fdae-f81b-4972-93bd-b2e3099b8af3: new RaftServerImpl for group-281E028D623B:[3d634cb2-775f-4b5a-90b9-1e5452c00050|10.1.0.11:15370, e2c18930-f62b-4e67-9845-17087b23bc88|10.1.0.11:15379, afe0fdae-f81b-4972-93bd-b2e3099b8af3|10.1.0.11:15388] with ContainerStateMachine:uninitialized
2024-03-15 21:40:20,924 [afe0fdae-f81b-4972-93bd-b2e3099b8af3-groupManagement] INFO  server.RaftServerConfigKeys (ConfUtils.java:logGet(46)) - raft.server.rpc.timeout.min = 5s (custom)
2024-03-15 21:40:20,925 [afe0fdae-f81b-4972-93bd-b2e3099b8af3-groupManagement] INFO  server.RaftServerConfigKeys (ConfUtils.java:logGet(46)) - raft.server.rpc.timeout.max = 5200ms (custom)
2024-03-15 21:40:20,925 [afe0fdae-f81b-4972-93bd-b2e3099b8af3-groupManagement] INFO  server.RaftServerConfigKeys (ConfUtils.java:logGet(46)) - raft.server.rpc.sleep.time = 25ms (default)
2024-03-15 21:40:20,925 [afe0fdae-f81b-4972-93bd-b2e3099b8af3-groupManagement] INFO  server.RaftServerConfigKeys (ConfUtils.java:logGet(46)) - raft.server.rpc.slowness.timeout = 300000ms (custom)
2024-03-15 21:40:20,925 [afe0fdae-f81b-4972-93bd-b2e3099b8af3-groupManagement] INFO  server.RaftServerConfigKeys (ConfUtils.java:logGet(46)) - raft.server.leaderelection.leader.step-down.wait-time = 10s (default)
2024-03-15 21:40:20,925 [afe0fdae-f81b-4972-93bd-b2e3099b8af3-groupManagement] INFO  server.RaftServerConfigKeys (ConfUtils.java:logGet(46)) - raft.server.leaderelection.member.majority-add = false (default)
2024-03-15 21:40:20,925 [afe0fdae-f81b-4972-93bd-b2e3099b8af3-groupManagement] INFO  server.RaftServerConfigKeys (ConfUtils.java:logGet(46)) - raft.server.sleep.deviation.threshold = 300ms (default)
2024-03-15 21:40:20,925 [afe0fdae-f81b-4972-93bd-b2e3099b8af3-groupManagement] INFO  server.RaftServer$Division (ServerState.java:<init>(113)) - afe0fdae-f81b-4972-93bd-b2e3099b8af3@group-281E028D623B: ConfigurationManager, init=-1: peers:[3d634cb2-775f-4b5a-90b9-1e5452c00050|10.1.0.11:15370, e2c18930-f62b-4e67-9845-17087b23bc88|10.1.0.11:15379, afe0fdae-f81b-4972-93bd-b2e3099b8af3|10.1.0.11:15388]|listeners:[], old=null, confs=<EMPTY_MAP>
2024-03-15 21:40:20,925 [afe0fdae-f81b-4972-93bd-b2e3099b8af3-groupManagement] INFO  server.RaftServerConfigKeys (ConfUtils.java:logGet(46)) - raft.server.notification.no-leader.timeout = 300000ms (custom)
2024-03-15 21:40:20,925 [afe0fdae-f81b-4972-93bd-b2e3099b8af3-groupManagement] INFO  server.RaftServerConfigKeys (ConfUtils.java:logGet(46)) - raft.server.read.timeout = 10s (default)
2024-03-15 21:40:20,925 [afe0fdae-f81b-4972-93bd-b2e3099b8af3-groupManagement] INFO  server.RaftServerConfigKeys (ConfUtils.java:logGet(46)) - raft.server.retrycache.expirytime = 600000ms (custom)
2024-03-15 21:40:20,925 [afe0fdae-f81b-4972-93bd-b2e3099b8af3-groupManagement] INFO  server.RaftServerConfigKeys (ConfUtils.java:logGet(46)) - raft.server.retrycache.statistics.expirytime = 100ms (default)
2024-03-15 21:40:20,925 [afe0fdae-f81b-4972-93bd-b2e3099b8af3-groupManagement] INFO  server.RaftServerConfigKeys (ConfUtils.java:logGet(46)) - raft.server.read.option = DEFAULT (default)
2024-03-15 21:40:20,925 [afe0fdae-f81b-4972-93bd-b2e3099b8af3-groupManagement] INFO  server.RaftServerConfigKeys (ConfUtils.java:logGet(46)) - raft.server.read.read-after-write-consistent.write-index-cache.expiry-time = 60s (default)
2024-03-15 21:40:20,928 [afe0fdae-f81b-4972-93bd-b2e3099b8af3-groupManagement] INFO  server.RaftServerConfigKeys (ConfUtils.java:logGet(46)) - raft.server.rpc.request.timeout = 3000ms (default)
2024-03-15 21:40:20,928 [afe0fdae-f81b-4972-93bd-b2e3099b8af3-groupManagement] INFO  server.RaftServerConfigKeys (ConfUtils.java:logGet(46)) - raft.server.log.appender.install.snapshot.enabled = false (custom)
2024-03-15 21:40:20,928 [afe0fdae-f81b-4972-93bd-b2e3099b8af3-groupManagement] INFO  server.RaftServerConfigKeys (ConfUtils.java:logGet(46)) - raft.server.threadpool.server.cached = true (default)
2024-03-15 21:40:20,928 [afe0fdae-f81b-4972-93bd-b2e3099b8af3-groupManagement] INFO  server.RaftServerConfigKeys (ConfUtils.java:logGet(46)) - raft.server.threadpool.server.size = 0 (default)
2024-03-15 21:40:20,928 [afe0fdae-f81b-4972-93bd-b2e3099b8af3-groupManagement] INFO  server.RaftServerConfigKeys (ConfUtils.java:logGet(46)) - raft.server.threadpool.client.cached = true (default)
2024-03-15 21:40:20,928 [afe0fdae-f81b-4972-93bd-b2e3099b8af3-groupManagement] INFO  server.RaftServerConfigKeys (ConfUtils.java:logGet(46)) - raft.server.threadpool.client.size = 0 (default)
2024-03-15 21:40:20,929 [afe0fdae-f81b-4972-93bd-b2e3099b8af3-groupManagement] INFO  server.RaftServerConfigKeys (ConfUtils.java:logGet(46)) - raft.server.storage.free-space.min = 0MB (=0) (default)
2024-03-15 21:40:20,929 [afe0fdae-f81b-4972-93bd-b2e3099b8af3-groupManagement] INFO  server.RaftServerConfigKeys (ConfUtils.java:logGet(46)) - raft.server.log.corruption.policy = EXCEPTION (default)
2024-03-15 21:40:20,929 [afe0fdae-f81b-4972-93bd-b2e3099b8af3-groupManagement] INFO  server.RaftServerConfigKeys (ConfUtils.java:logGet(46)) - raft.server.storage.dir = [/home/runner/work/ozone/ozone/hadoop-ozone/integration-test/target/test-dir/MiniOzoneClusterImpl-9d1dee8c-d44a-4a38-8f2b-42c9fdbb6771/ozone-meta/datanode-3/ratis] (custom)
2024-03-15 21:40:20,929 [afe0fdae-f81b-4972-93bd-b2e3099b8af3-groupManagement] INFO  storage.RaftStorageDirectory (RaftStorageDirectoryImpl.java:analyzeStorage(138)) - The storage directory /home/runner/work/ozone/ozone/hadoop-ozone/integration-test/target/test-dir/MiniOzoneClusterImpl-9d1dee8c-d44a-4a38-8f2b-42c9fdbb6771/ozone-meta/datanode-3/ratis/03ef82d2-8008-497f-9d12-281e028d623b does not exist. Creating ...
2024-03-15 21:40:20,930 [afe0fdae-f81b-4972-93bd-b2e3099b8af3-groupManagement] INFO  storage.RaftStorageDirectory (RaftStorageDirectoryImpl.java:tryLock(228)) - Lock on /home/runner/work/ozone/ozone/hadoop-ozone/integration-test/target/test-dir/MiniOzoneClusterImpl-9d1dee8c-d44a-4a38-8f2b-42c9fdbb6771/ozone-meta/datanode-3/ratis/03ef82d2-8008-497f-9d12-281e028d623b/in_use.lock acquired by nodename 60682@fv-az528-102
2024-03-15 21:40:20,931 [afe0fdae-f81b-4972-93bd-b2e3099b8af3-groupManagement] INFO  storage.RaftStorage (RaftStorageImpl.java:format(99)) - Storage directory /home/runner/work/ozone/ozone/hadoop-ozone/integration-test/target/test-dir/MiniOzoneClusterImpl-9d1dee8c-d44a-4a38-8f2b-42c9fdbb6771/ozone-meta/datanode-3/ratis/03ef82d2-8008-497f-9d12-281e028d623b has been successfully formatted.
2024-03-15 21:40:20,931 [afe0fdae-f81b-4972-93bd-b2e3099b8af3-groupManagement] WARN  util.FileUtils (LogUtils.java:supplyAndLog(63)) - Failed to Files.newInputStream /home/runner/work/ozone/ozone/hadoop-ozone/integration-test/target/test-dir/MiniOzoneClusterImpl-9d1dee8c-d44a-4a38-8f2b-42c9fdbb6771/ozone-meta/datanode-3/ratis/03ef82d2-8008-497f-9d12-281e028d623b/current/raft-meta.conf with options []: java.nio.file.NoSuchFileException: /home/runner/work/ozone/ozone/hadoop-ozone/integration-test/target/test-dir/MiniOzoneClusterImpl-9d1dee8c-d44a-4a38-8f2b-42c9fdbb6771/ozone-meta/datanode-3/ratis/03ef82d2-8008-497f-9d12-281e028d623b/current/raft-meta.conf
2024-03-15 21:40:20,932 [afe0fdae-f81b-4972-93bd-b2e3099b8af3-groupManagement] INFO  ratis.ContainerStateMachine (ContainerStateMachine.java:loadSnapshot(287)) - group-281E028D623B: The snapshot info is null. Setting the last applied index to:(t:0, i:~)
2024-03-15 21:40:20,933 [afe0fdae-f81b-4972-93bd-b2e3099b8af3-groupManagement] INFO  server.RaftServerConfigKeys (ConfUtils.java:logGet(46)) - raft.server.log.use.memory = false (default)
2024-03-15 21:40:20,933 [afe0fdae-f81b-4972-93bd-b2e3099b8af3-groupManagement] INFO  server.RaftServerConfigKeys (ConfUtils.java:logGet(46)) - raft.server.log.purge.gap = 1000000 (custom)
2024-03-15 21:40:20,933 [afe0fdae-f81b-4972-93bd-b2e3099b8af3-groupManagement] INFO  server.RaftServerConfigKeys (ConfUtils.java:logGet(46)) - raft.server.log.appender.buffer.byte-limit = 8388608 (custom)
2024-03-15 21:40:20,933 [afe0fdae-f81b-4972-93bd-b2e3099b8af3-groupManagement] INFO  server.RaftServerConfigKeys (ConfUtils.java:logGet(46)) - raft.server.log.statemachine.data.read.timeout = 1000ms (default)
2024-03-15 21:40:20,933 [afe0fdae-f81b-4972-93bd-b2e3099b8af3-groupManagement] INFO  server.RaftServerConfigKeys (ConfUtils.java:logGet(46)) - raft.server.log.purge.preservation.log.num = 0 (default)
2024-03-15 21:40:20,934 [afe0fdae-f81b-4972-93bd-b2e3099b8af3-groupManagement] INFO  server.RaftServerConfigKeys (ConfUtils.java:logGet(46)) - raft.server.log.segment.size.max = 67108864 (custom)
2024-03-15 21:40:20,935 [afe0fdae-f81b-4972-93bd-b2e3099b8af3-groupManagement] INFO  server.RaftServerConfigKeys (ConfUtils.java:logGet(46)) - raft.server.log.segment.cache.num.max = 2 (custom)
2024-03-15 21:40:20,935 [afe0fdae-f81b-4972-93bd-b2e3099b8af3-groupManagement] INFO  server.RaftServerConfigKeys (ConfUtils.java:logGet(46)) - raft.server.log.segment.cache.size.max = 200MB (=209715200) (default)
2024-03-15 21:40:20,935 [afe0fdae-f81b-4972-93bd-b2e3099b8af3-groupManagement] INFO  server.RaftServerConfigKeys (ConfUtils.java:logGet(46)) - raft.server.log.appender.buffer.byte-limit = 8388608 (custom)
2024-03-15 21:40:20,935 [afe0fdae-f81b-4972-93bd-b2e3099b8af3-groupManagement] INFO  util.AwaitToRun (AwaitToRun.java:start(81)) - Thread[afe0fdae-f81b-4972-93bd-b2e3099b8af3@group-281E028D623B-cacheEviction-AwaitToRun,5,main] started
2024-03-15 21:40:20,935 [afe0fdae-f81b-4972-93bd-b2e3099b8af3-groupManagement] INFO  segmented.SegmentedRaftLogWorker (SegmentedRaftLogWorker.java:<init>(182)) - new afe0fdae-f81b-4972-93bd-b2e3099b8af3@group-281E028D623B-SegmentedRaftLogWorker for RaftStorageImpl:Storage Directory /home/runner/work/ozone/ozone/hadoop-ozone/integration-test/target/test-dir/MiniOzoneClusterImpl-9d1dee8c-d44a-4a38-8f2b-42c9fdbb6771/ozone-meta/datanode-3/ratis/03ef82d2-8008-497f-9d12-281e028d623b
2024-03-15 21:40:20,935 [afe0fdae-f81b-4972-93bd-b2e3099b8af3-groupManagement] INFO  server.RaftServerConfigKeys (ConfUtils.java:logGet(46)) - raft.server.log.queue.byte-limit = 4294967296 (custom)
2024-03-15 21:40:20,935 [afe0fdae-f81b-4972-93bd-b2e3099b8af3-groupManagement] INFO  server.RaftServerConfigKeys (ConfUtils.java:logGet(46)) - raft.server.log.queue.element-limit = 1024 (custom)
2024-03-15 21:40:20,935 [afe0fdae-f81b-4972-93bd-b2e3099b8af3-groupManagement] INFO  server.RaftServerConfigKeys (ConfUtils.java:logGet(46)) - raft.server.log.segment.size.max = 67108864 (custom)
2024-03-15 21:40:20,935 [afe0fdae-f81b-4972-93bd-b2e3099b8af3-groupManagement] INFO  server.RaftServerConfigKeys (ConfUtils.java:logGet(46)) - raft.server.log.preallocated.size = 4194304 (custom)
2024-03-15 21:40:20,935 [afe0fdae-f81b-4972-93bd-b2e3099b8af3-groupManagement] INFO  server.RaftServerConfigKeys (ConfUtils.java:logGet(46)) - raft.server.log.force.sync.num = 128 (default)
2024-03-15 21:40:20,935 [afe0fdae-f81b-4972-93bd-b2e3099b8af3-groupManagement] INFO  server.RaftServerConfigKeys (ConfUtils.java:logGet(46)) - raft.server.log.statemachine.data.sync = true (default)
2024-03-15 21:40:20,936 [afe0fdae-f81b-4972-93bd-b2e3099b8af3-groupManagement] INFO  server.RaftServerConfigKeys (ConfUtils.java:logGet(46)) - raft.server.log.statemachine.data.sync.timeout = 10s (default)
2024-03-15 21:40:20,936 [afe0fdae-f81b-4972-93bd-b2e3099b8af3-groupManagement] INFO  server.RaftServerConfigKeys (ConfUtils.java:logGet(46)) - raft.server.log.statemachine.data.sync.timeout.retry = 0 (custom)
2024-03-15 21:40:20,936 [afe0fdae-f81b-4972-93bd-b2e3099b8af3-groupManagement] INFO  server.RaftServerConfigKeys (ConfUtils.java:logGet(46)) - raft.server.log.write.buffer.size = 8388616 (custom)
2024-03-15 21:40:20,937 [afe0fdae-f81b-4972-93bd-b2e3099b8af3-groupManagement] INFO  server.RaftServerConfigKeys (ConfUtils.java:logGet(46)) - raft.server.log.appender.buffer.byte-limit = 8388608 (custom)
2024-03-15 21:40:20,937 [afe0fdae-f81b-4972-93bd-b2e3099b8af3-groupManagement] INFO  server.RaftServerConfigKeys (ConfUtils.java:logGet(46)) - raft.server.log.unsafe-flush.enabled = false (default)
2024-03-15 21:40:20,938 [afe0fdae-f81b-4972-93bd-b2e3099b8af3-groupManagement] INFO  server.RaftServerConfigKeys (ConfUtils.java:logGet(46)) - raft.server.log.async-flush.enabled = false (default)
2024-03-15 21:40:20,938 [afe0fdae-f81b-4972-93bd-b2e3099b8af3-groupManagement] INFO  server.RaftServerConfigKeys (ConfUtils.java:logGet(46)) - raft.server.log.statemachine.data.caching.enabled = true (custom)
2024-03-15 21:40:20,938 [afe0fdae-f81b-4972-93bd-b2e3099b8af3-groupManagement] INFO  segmented.SegmentedRaftLogWorker (SegmentedRaftLogWorker.java:lambda$new$0(134)) - afe0fdae-f81b-4972-93bd-b2e3099b8af3@group-281E028D623B-SegmentedRaftLogWorker: flushIndex: setUnconditionally 0 -> -1
2024-03-15 21:40:20,938 [afe0fdae-f81b-4972-93bd-b2e3099b8af3-groupManagement] INFO  segmented.SegmentedRaftLogWorker (SegmentedRaftLogWorker.java:lambda$new$0(134)) - afe0fdae-f81b-4972-93bd-b2e3099b8af3@group-281E028D623B-SegmentedRaftLogWorker: safeCacheEvictIndex: setUnconditionally 0 -> -1
2024-03-15 21:40:20,938 [afe0fdae-f81b-4972-93bd-b2e3099b8af3-groupManagement] INFO  server.RaftServer$Division (RaftServerImpl.java:start(396)) - afe0fdae-f81b-4972-93bd-b2e3099b8af3@group-281E028D623B: start as a follower, conf=-1: peers:[3d634cb2-775f-4b5a-90b9-1e5452c00050|10.1.0.11:15370, e2c18930-f62b-4e67-9845-17087b23bc88|10.1.0.11:15379, afe0fdae-f81b-4972-93bd-b2e3099b8af3|10.1.0.11:15388]|listeners:[], old=null
2024-03-15 21:40:20,938 [afe0fdae-f81b-4972-93bd-b2e3099b8af3-groupManagement] INFO  server.RaftServer$Division (RaftServerImpl.java:setRole(383)) - afe0fdae-f81b-4972-93bd-b2e3099b8af3@group-281E028D623B: changes role from      null to FOLLOWER at term 0 for startAsFollower
2024-03-15 21:40:20,938 [afe0fdae-f81b-4972-93bd-b2e3099b8af3-groupManagement] INFO  impl.RoleInfo (RoleInfo.java:updateAndGet(139)) - afe0fdae-f81b-4972-93bd-b2e3099b8af3: start afe0fdae-f81b-4972-93bd-b2e3099b8af3@group-281E028D623B-FollowerState
2024-03-15 21:40:20,938 [afe0fdae-f81b-4972-93bd-b2e3099b8af3@group-281E028D623B-FollowerState] INFO  server.RaftServerConfigKeys (ConfUtils.java:logFallback(53)) - raft.server.rpc.first-election.timeout.min = 5s (fallback to raft.server.rpc.timeout.min)
2024-03-15 21:40:20,938 [afe0fdae-f81b-4972-93bd-b2e3099b8af3-groupManagement] INFO  util.JmxRegister (JmxRegister.java:tryRegister(44)) - Successfully registered JMX Bean with object name Ratis:service=RaftServer,group=group-281E028D623B,id=afe0fdae-f81b-4972-93bd-b2e3099b8af3
2024-03-15 21:40:20,938 [afe0fdae-f81b-4972-93bd-b2e3099b8af3@group-281E028D623B-FollowerState] INFO  server.RaftServerConfigKeys (ConfUtils.java:logFallback(53)) - raft.server.rpc.first-election.timeout.max = 5200ms (fallback to raft.server.rpc.timeout.max)
2024-03-15 21:40:20,939 [afe0fdae-f81b-4972-93bd-b2e3099b8af3-groupManagement] INFO  server.RaftServerConfigKeys (ConfUtils.java:logGet(46)) - raft.server.snapshot.trigger-when-stop.enabled = true (default)
2024-03-15 21:40:20,939 [afe0fdae-f81b-4972-93bd-b2e3099b8af3-groupManagement] INFO  server.RaftServerConfigKeys (ConfUtils.java:logGet(46)) - raft.server.snapshot.auto.trigger.enabled = true (custom)
2024-03-15 21:40:20,939 [afe0fdae-f81b-4972-93bd-b2e3099b8af3-groupManagement] INFO  server.RaftServerConfigKeys (ConfUtils.java:logGet(46)) - raft.server.snapshot.auto.trigger.threshold = 10000 (custom)
2024-03-15 21:40:20,939 [afe0fdae-f81b-4972-93bd-b2e3099b8af3-groupManagement] INFO  server.RaftServerConfigKeys (ConfUtils.java:logGet(46)) - raft.server.snapshot.retention.file.num = 5 (custom)
2024-03-15 21:40:20,939 [afe0fdae-f81b-4972-93bd-b2e3099b8af3-groupManagement] INFO  server.RaftServerConfigKeys (ConfUtils.java:logGet(46)) - raft.server.log.purge.upto.snapshot.index = false (default)
2024-03-15 21:40:20,953 [3d634cb2-775f-4b5a-90b9-1e5452c00050-PipelineCommandHandlerThread-0] INFO  commandhandler.CreatePipelineCommandHandler (CreatePipelineCommandHandler.java:lambda$handle$2(124)) - Created Pipeline RATIS THREE PipelineID=03ef82d2-8008-497f-9d12-281e028d623b.
2024-03-15 21:40:20,956 [e2c18930-f62b-4e67-9845-17087b23bc88-PipelineCommandHandlerThread-0] INFO  server.RaftServer (RaftServerProxy.java:addNew(100)) - e2c18930-f62b-4e67-9845-17087b23bc88: addNew group-556F656E07CB:[e2c18930-f62b-4e67-9845-17087b23bc88|10.1.0.11:15379] returns group-556F656E07CB:java.util.concurrent.CompletableFuture@2d4663d9[Not completed]
2024-03-15 21:40:20,957 [e2c18930-f62b-4e67-9845-17087b23bc88-groupManagement] INFO  server.RaftServer$Division (RaftServerImpl.java:<init>(256)) - e2c18930-f62b-4e67-9845-17087b23bc88: new RaftServerImpl for group-556F656E07CB:[e2c18930-f62b-4e67-9845-17087b23bc88|10.1.0.11:15379] with ContainerStateMachine:uninitialized
2024-03-15 21:40:20,957 [e2c18930-f62b-4e67-9845-17087b23bc88-groupManagement] INFO  server.RaftServerConfigKeys (ConfUtils.java:logGet(46)) - raft.server.rpc.timeout.min = 5s (custom)
2024-03-15 21:40:20,957 [e2c18930-f62b-4e67-9845-17087b23bc88-groupManagement] INFO  server.RaftServerConfigKeys (ConfUtils.java:logGet(46)) - raft.server.rpc.timeout.max = 5200ms (custom)
2024-03-15 21:40:20,957 [e2c18930-f62b-4e67-9845-17087b23bc88-groupManagement] INFO  server.RaftServerConfigKeys (ConfUtils.java:logGet(46)) - raft.server.rpc.sleep.time = 25ms (default)
2024-03-15 21:40:20,957 [e2c18930-f62b-4e67-9845-17087b23bc88-groupManagement] INFO  server.RaftServerConfigKeys (ConfUtils.java:logGet(46)) - raft.server.rpc.slowness.timeout = 300000ms (custom)
2024-03-15 21:40:20,957 [e2c18930-f62b-4e67-9845-17087b23bc88-groupManagement] INFO  server.RaftServerConfigKeys (ConfUtils.java:logGet(46)) - raft.server.leaderelection.leader.step-down.wait-time = 10s (default)
2024-03-15 21:40:20,957 [e2c18930-f62b-4e67-9845-17087b23bc88-groupManagement] INFO  server.RaftServerConfigKeys (ConfUtils.java:logGet(46)) - raft.server.leaderelection.member.majority-add = false (default)
2024-03-15 21:40:20,957 [e2c18930-f62b-4e67-9845-17087b23bc88-groupManagement] INFO  server.RaftServerConfigKeys (ConfUtils.java:logGet(46)) - raft.server.sleep.deviation.threshold = 300ms (default)
2024-03-15 21:40:20,957 [e2c18930-f62b-4e67-9845-17087b23bc88-groupManagement] INFO  server.RaftServer$Division (ServerState.java:<init>(113)) - e2c18930-f62b-4e67-9845-17087b23bc88@group-556F656E07CB: ConfigurationManager, init=-1: peers:[e2c18930-f62b-4e67-9845-17087b23bc88|10.1.0.11:15379]|listeners:[], old=null, confs=<EMPTY_MAP>
2024-03-15 21:40:20,957 [e2c18930-f62b-4e67-9845-17087b23bc88-groupManagement] INFO  server.RaftServerConfigKeys (ConfUtils.java:logGet(46)) - raft.server.notification.no-leader.timeout = 300000ms (custom)
2024-03-15 21:40:20,957 [e2c18930-f62b-4e67-9845-17087b23bc88-groupManagement] INFO  server.RaftServerConfigKeys (ConfUtils.java:logGet(46)) - raft.server.read.timeout = 10s (default)
2024-03-15 21:40:20,957 [e2c18930-f62b-4e67-9845-17087b23bc88-groupManagement] INFO  server.RaftServerConfigKeys (ConfUtils.java:logGet(46)) - raft.server.retrycache.expirytime = 600000ms (custom)
2024-03-15 21:40:20,958 [e2c18930-f62b-4e67-9845-17087b23bc88-groupManagement] INFO  server.RaftServerConfigKeys (ConfUtils.java:logGet(46)) - raft.server.retrycache.statistics.expirytime = 100ms (default)
2024-03-15 21:40:20,958 [e2c18930-f62b-4e67-9845-17087b23bc88-groupManagement] INFO  server.RaftServerConfigKeys (ConfUtils.java:logGet(46)) - raft.server.read.option = DEFAULT (default)
2024-03-15 21:40:20,958 [e2c18930-f62b-4e67-9845-17087b23bc88-groupManagement] INFO  server.RaftServerConfigKeys (ConfUtils.java:logGet(46)) - raft.server.read.read-after-write-consistent.write-index-cache.expiry-time = 60s (default)
2024-03-15 21:40:20,960 [e2c18930-f62b-4e67-9845-17087b23bc88-groupManagement] INFO  server.RaftServerConfigKeys (ConfUtils.java:logGet(46)) - raft.server.rpc.request.timeout = 3000ms (default)
2024-03-15 21:40:20,960 [e2c18930-f62b-4e67-9845-17087b23bc88-groupManagement] INFO  server.RaftServerConfigKeys (ConfUtils.java:logGet(46)) - raft.server.log.appender.install.snapshot.enabled = false (custom)
2024-03-15 21:40:20,960 [e2c18930-f62b-4e67-9845-17087b23bc88-groupManagement] INFO  server.RaftServerConfigKeys (ConfUtils.java:logGet(46)) - raft.server.threadpool.server.cached = true (default)
2024-03-15 21:40:20,960 [e2c18930-f62b-4e67-9845-17087b23bc88-groupManagement] INFO  server.RaftServerConfigKeys (ConfUtils.java:logGet(46)) - raft.server.threadpool.server.size = 0 (default)
2024-03-15 21:40:20,960 [e2c18930-f62b-4e67-9845-17087b23bc88-groupManagement] INFO  server.RaftServerConfigKeys (ConfUtils.java:logGet(46)) - raft.server.threadpool.client.cached = true (default)
2024-03-15 21:40:20,960 [e2c18930-f62b-4e67-9845-17087b23bc88-groupManagement] INFO  server.RaftServerConfigKeys (ConfUtils.java:logGet(46)) - raft.server.threadpool.client.size = 0 (default)
2024-03-15 21:40:20,960 [e2c18930-f62b-4e67-9845-17087b23bc88-groupManagement] INFO  server.RaftServerConfigKeys (ConfUtils.java:logGet(46)) - raft.server.storage.free-space.min = 0MB (=0) (default)
2024-03-15 21:40:20,960 [e2c18930-f62b-4e67-9845-17087b23bc88-groupManagement] INFO  server.RaftServerConfigKeys (ConfUtils.java:logGet(46)) - raft.server.log.corruption.policy = EXCEPTION (default)
2024-03-15 21:40:20,960 [e2c18930-f62b-4e67-9845-17087b23bc88-groupManagement] INFO  server.RaftServerConfigKeys (ConfUtils.java:logGet(46)) - raft.server.storage.dir = [/home/runner/work/ozone/ozone/hadoop-ozone/integration-test/target/test-dir/MiniOzoneClusterImpl-9d1dee8c-d44a-4a38-8f2b-42c9fdbb6771/ozone-meta/datanode-2/ratis] (custom)
2024-03-15 21:40:20,961 [e2c18930-f62b-4e67-9845-17087b23bc88-groupManagement] INFO  storage.RaftStorageDirectory (RaftStorageDirectoryImpl.java:analyzeStorage(138)) - The storage directory /home/runner/work/ozone/ozone/hadoop-ozone/integration-test/target/test-dir/MiniOzoneClusterImpl-9d1dee8c-d44a-4a38-8f2b-42c9fdbb6771/ozone-meta/datanode-2/ratis/e59e58f8-a6f0-4d87-9fe0-556f656e07cb does not exist. Creating ...
2024-03-15 21:40:20,962 [e2c18930-f62b-4e67-9845-17087b23bc88-groupManagement] INFO  storage.RaftStorageDirectory (RaftStorageDirectoryImpl.java:tryLock(228)) - Lock on /home/runner/work/ozone/ozone/hadoop-ozone/integration-test/target/test-dir/MiniOzoneClusterImpl-9d1dee8c-d44a-4a38-8f2b-42c9fdbb6771/ozone-meta/datanode-2/ratis/e59e58f8-a6f0-4d87-9fe0-556f656e07cb/in_use.lock acquired by nodename 60682@fv-az528-102
2024-03-15 21:40:20,962 [e2c18930-f62b-4e67-9845-17087b23bc88-groupManagement] INFO  storage.RaftStorage (RaftStorageImpl.java:format(99)) - Storage directory /home/runner/work/ozone/ozone/hadoop-ozone/integration-test/target/test-dir/MiniOzoneClusterImpl-9d1dee8c-d44a-4a38-8f2b-42c9fdbb6771/ozone-meta/datanode-2/ratis/e59e58f8-a6f0-4d87-9fe0-556f656e07cb has been successfully formatted.
2024-03-15 21:40:20,963 [e2c18930-f62b-4e67-9845-17087b23bc88-groupManagement] WARN  util.FileUtils (LogUtils.java:supplyAndLog(63)) - Failed to Files.newInputStream /home/runner/work/ozone/ozone/hadoop-ozone/integration-test/target/test-dir/MiniOzoneClusterImpl-9d1dee8c-d44a-4a38-8f2b-42c9fdbb6771/ozone-meta/datanode-2/ratis/e59e58f8-a6f0-4d87-9fe0-556f656e07cb/current/raft-meta.conf with options []: java.nio.file.NoSuchFileException: /home/runner/work/ozone/ozone/hadoop-ozone/integration-test/target/test-dir/MiniOzoneClusterImpl-9d1dee8c-d44a-4a38-8f2b-42c9fdbb6771/ozone-meta/datanode-2/ratis/e59e58f8-a6f0-4d87-9fe0-556f656e07cb/current/raft-meta.conf
2024-03-15 21:40:20,963 [e2c18930-f62b-4e67-9845-17087b23bc88-groupManagement] INFO  ratis.ContainerStateMachine (ContainerStateMachine.java:loadSnapshot(287)) - group-556F656E07CB: The snapshot info is null. Setting the last applied index to:(t:0, i:~)
2024-03-15 21:40:20,963 [e2c18930-f62b-4e67-9845-17087b23bc88-groupManagement] INFO  server.RaftServerConfigKeys (ConfUtils.java:logGet(46)) - raft.server.log.use.memory = false (default)
2024-03-15 21:40:20,963 [e2c18930-f62b-4e67-9845-17087b23bc88-groupManagement] INFO  server.RaftServerConfigKeys (ConfUtils.java:logGet(46)) - raft.server.log.purge.gap = 1000000 (custom)
2024-03-15 21:40:20,963 [e2c18930-f62b-4e67-9845-17087b23bc88-groupManagement] INFO  server.RaftServerConfigKeys (ConfUtils.java:logGet(46)) - raft.server.log.appender.buffer.byte-limit = 8388608 (custom)
2024-03-15 21:40:20,963 [e2c18930-f62b-4e67-9845-17087b23bc88-groupManagement] INFO  server.RaftServerConfigKeys (ConfUtils.java:logGet(46)) - raft.server.log.statemachine.data.read.timeout = 1000ms (default)
2024-03-15 21:40:20,964 [e2c18930-f62b-4e67-9845-17087b23bc88-groupManagement] INFO  server.RaftServerConfigKeys (ConfUtils.java:logGet(46)) - raft.server.log.purge.preservation.log.num = 0 (default)
2024-03-15 21:40:20,964 [EventQueue-PipelineReportForPipelineReportHandler] INFO  pipeline.PipelineReportHandler (PipelineReportHandler.java:processPipelineReport(136)) - Opened pipeline PipelineID=e59e58f8-a6f0-4d87-9fe0-556f656e07cb
2024-03-15 21:40:20,964 [EventQueue-OpenPipelineForHealthyPipelineSafeModeRule] INFO  safemode.SCMSafeModeManager (HealthyPipelineSafeModeRule.java:process(140)) - SCM in safe mode. Healthy pipelines reported count is 0, required healthy pipeline reported count is 1
2024-03-15 21:40:20,965 [e2c18930-f62b-4e67-9845-17087b23bc88-groupManagement] INFO  server.RaftServerConfigKeys (ConfUtils.java:logGet(46)) - raft.server.log.segment.size.max = 67108864 (custom)
2024-03-15 21:40:20,966 [e2c18930-f62b-4e67-9845-17087b23bc88-groupManagement] INFO  server.RaftServerConfigKeys (ConfUtils.java:logGet(46)) - raft.server.log.segment.cache.num.max = 2 (custom)
2024-03-15 21:40:20,966 [e2c18930-f62b-4e67-9845-17087b23bc88-groupManagement] INFO  server.RaftServerConfigKeys (ConfUtils.java:logGet(46)) - raft.server.log.segment.cache.size.max = 200MB (=209715200) (default)
2024-03-15 21:40:20,966 [e2c18930-f62b-4e67-9845-17087b23bc88-groupManagement] INFO  server.RaftServerConfigKeys (ConfUtils.java:logGet(46)) - raft.server.log.appender.buffer.byte-limit = 8388608 (custom)
2024-03-15 21:40:20,966 [e2c18930-f62b-4e67-9845-17087b23bc88-groupManagement] INFO  util.AwaitToRun (AwaitToRun.java:start(81)) - Thread[e2c18930-f62b-4e67-9845-17087b23bc88@group-556F656E07CB-cacheEviction-AwaitToRun,5,main] started
2024-03-15 21:40:20,966 [e2c18930-f62b-4e67-9845-17087b23bc88-groupManagement] INFO  segmented.SegmentedRaftLogWorker (SegmentedRaftLogWorker.java:<init>(182)) - new e2c18930-f62b-4e67-9845-17087b23bc88@group-556F656E07CB-SegmentedRaftLogWorker for RaftStorageImpl:Storage Directory /home/runner/work/ozone/ozone/hadoop-ozone/integration-test/target/test-dir/MiniOzoneClusterImpl-9d1dee8c-d44a-4a38-8f2b-42c9fdbb6771/ozone-meta/datanode-2/ratis/e59e58f8-a6f0-4d87-9fe0-556f656e07cb
2024-03-15 21:40:20,966 [e2c18930-f62b-4e67-9845-17087b23bc88-groupManagement] INFO  server.RaftServerConfigKeys (ConfUtils.java:logGet(46)) - raft.server.log.queue.byte-limit = 4294967296 (custom)
2024-03-15 21:40:20,966 [e2c18930-f62b-4e67-9845-17087b23bc88-groupManagement] INFO  server.RaftServerConfigKeys (ConfUtils.java:logGet(46)) - raft.server.log.queue.element-limit = 1024 (custom)
2024-03-15 21:40:20,966 [e2c18930-f62b-4e67-9845-17087b23bc88-groupManagement] INFO  server.RaftServerConfigKeys (ConfUtils.java:logGet(46)) - raft.server.log.segment.size.max = 67108864 (custom)
2024-03-15 21:40:20,966 [e2c18930-f62b-4e67-9845-17087b23bc88-groupManagement] INFO  server.RaftServerConfigKeys (ConfUtils.java:logGet(46)) - raft.server.log.preallocated.size = 4194304 (custom)
2024-03-15 21:40:20,966 [e2c18930-f62b-4e67-9845-17087b23bc88-groupManagement] INFO  server.RaftServerConfigKeys (ConfUtils.java:logGet(46)) - raft.server.log.force.sync.num = 128 (default)
2024-03-15 21:40:20,966 [e2c18930-f62b-4e67-9845-17087b23bc88-groupManagement] INFO  server.RaftServerConfigKeys (ConfUtils.java:logGet(46)) - raft.server.log.statemachine.data.sync = true (default)
2024-03-15 21:40:20,966 [e2c18930-f62b-4e67-9845-17087b23bc88-groupManagement] INFO  server.RaftServerConfigKeys (ConfUtils.java:logGet(46)) - raft.server.log.statemachine.data.sync.timeout = 10s (default)
2024-03-15 21:40:20,966 [e2c18930-f62b-4e67-9845-17087b23bc88-groupManagement] INFO  server.RaftServerConfigKeys (ConfUtils.java:logGet(46)) - raft.server.log.statemachine.data.sync.timeout.retry = 0 (custom)
2024-03-15 21:40:20,967 [e2c18930-f62b-4e67-9845-17087b23bc88-groupManagement] INFO  server.RaftServerConfigKeys (ConfUtils.java:logGet(46)) - raft.server.log.write.buffer.size = 8388616 (custom)
2024-03-15 21:40:20,968 [e2c18930-f62b-4e67-9845-17087b23bc88-groupManagement] INFO  server.RaftServerConfigKeys (ConfUtils.java:logGet(46)) - raft.server.log.appender.buffer.byte-limit = 8388608 (custom)
2024-03-15 21:40:20,968 [e2c18930-f62b-4e67-9845-17087b23bc88-groupManagement] INFO  server.RaftServerConfigKeys (ConfUtils.java:logGet(46)) - raft.server.log.unsafe-flush.enabled = false (default)
2024-03-15 21:40:20,968 [e2c18930-f62b-4e67-9845-17087b23bc88-groupManagement] INFO  server.RaftServerConfigKeys (ConfUtils.java:logGet(46)) - raft.server.log.async-flush.enabled = false (default)
2024-03-15 21:40:20,968 [e2c18930-f62b-4e67-9845-17087b23bc88-groupManagement] INFO  server.RaftServerConfigKeys (ConfUtils.java:logGet(46)) - raft.server.log.statemachine.data.caching.enabled = true (custom)
2024-03-15 21:40:20,968 [e2c18930-f62b-4e67-9845-17087b23bc88-groupManagement] INFO  segmented.SegmentedRaftLogWorker (SegmentedRaftLogWorker.java:lambda$new$0(134)) - e2c18930-f62b-4e67-9845-17087b23bc88@group-556F656E07CB-SegmentedRaftLogWorker: flushIndex: setUnconditionally 0 -> -1
2024-03-15 21:40:20,969 [e2c18930-f62b-4e67-9845-17087b23bc88-groupManagement] INFO  segmented.SegmentedRaftLogWorker (SegmentedRaftLogWorker.java:lambda$new$0(134)) - e2c18930-f62b-4e67-9845-17087b23bc88@group-556F656E07CB-SegmentedRaftLogWorker: safeCacheEvictIndex: setUnconditionally 0 -> -1
2024-03-15 21:40:20,969 [e2c18930-f62b-4e67-9845-17087b23bc88-groupManagement] INFO  server.RaftServer$Division (RaftServerImpl.java:start(396)) - e2c18930-f62b-4e67-9845-17087b23bc88@group-556F656E07CB: start as a follower, conf=-1: peers:[e2c18930-f62b-4e67-9845-17087b23bc88|10.1.0.11:15379]|listeners:[], old=null
2024-03-15 21:40:20,969 [e2c18930-f62b-4e67-9845-17087b23bc88-groupManagement] INFO  server.RaftServer$Division (RaftServerImpl.java:setRole(383)) - e2c18930-f62b-4e67-9845-17087b23bc88@group-556F656E07CB: changes role from      null to FOLLOWER at term 0 for startAsFollower
2024-03-15 21:40:20,969 [e2c18930-f62b-4e67-9845-17087b23bc88-groupManagement] INFO  impl.RoleInfo (RoleInfo.java:updateAndGet(139)) - e2c18930-f62b-4e67-9845-17087b23bc88: start e2c18930-f62b-4e67-9845-17087b23bc88@group-556F656E07CB-FollowerState
2024-03-15 21:40:20,969 [e2c18930-f62b-4e67-9845-17087b23bc88@group-556F656E07CB-FollowerState] INFO  server.RaftServerConfigKeys (ConfUtils.java:logFallback(53)) - raft.server.rpc.first-election.timeout.min = 5s (fallback to raft.server.rpc.timeout.min)
2024-03-15 21:40:20,969 [e2c18930-f62b-4e67-9845-17087b23bc88-groupManagement] INFO  util.JmxRegister (JmxRegister.java:tryRegister(44)) - Successfully registered JMX Bean with object name Ratis:service=RaftServer,group=group-556F656E07CB,id=e2c18930-f62b-4e67-9845-17087b23bc88
2024-03-15 21:40:20,969 [e2c18930-f62b-4e67-9845-17087b23bc88@group-556F656E07CB-FollowerState] INFO  server.RaftServerConfigKeys (ConfUtils.java:logFallback(53)) - raft.server.rpc.first-election.timeout.max = 5200ms (fallback to raft.server.rpc.timeout.max)
2024-03-15 21:40:20,969 [e2c18930-f62b-4e67-9845-17087b23bc88-groupManagement] INFO  server.RaftServerConfigKeys (ConfUtils.java:logGet(46)) - raft.server.snapshot.trigger-when-stop.enabled = true (default)
2024-03-15 21:40:20,969 [e2c18930-f62b-4e67-9845-17087b23bc88-groupManagement] INFO  server.RaftServerConfigKeys (ConfUtils.java:logGet(46)) - raft.server.snapshot.auto.trigger.enabled = true (custom)
2024-03-15 21:40:20,969 [e2c18930-f62b-4e67-9845-17087b23bc88-groupManagement] INFO  server.RaftServerConfigKeys (ConfUtils.java:logGet(46)) - raft.server.snapshot.auto.trigger.threshold = 10000 (custom)
2024-03-15 21:40:20,969 [e2c18930-f62b-4e67-9845-17087b23bc88-groupManagement] INFO  server.RaftServerConfigKeys (ConfUtils.java:logGet(46)) - raft.server.snapshot.retention.file.num = 5 (custom)
2024-03-15 21:40:20,969 [e2c18930-f62b-4e67-9845-17087b23bc88-groupManagement] INFO  server.RaftServerConfigKeys (ConfUtils.java:logGet(46)) - raft.server.log.purge.upto.snapshot.index = false (default)
2024-03-15 21:40:20,970 [e2c18930-f62b-4e67-9845-17087b23bc88-PipelineCommandHandlerThread-0] INFO  ratis.XceiverServerRatis (XceiverServerRatis.java:addGroup(864)) - Created group PipelineID=e59e58f8-a6f0-4d87-9fe0-556f656e07cb
2024-03-15 21:40:20,970 [e2c18930-f62b-4e67-9845-17087b23bc88-PipelineCommandHandlerThread-0] INFO  commandhandler.CreatePipelineCommandHandler (CreatePipelineCommandHandler.java:lambda$handle$2(124)) - Created Pipeline RATIS ONE PipelineID=e59e58f8-a6f0-4d87-9fe0-556f656e07cb.
2024-03-15 21:40:21,049 [afe0fdae-f81b-4972-93bd-b2e3099b8af3-PipelineCommandHandlerThread-0] INFO  server.RaftServer (RaftServerProxy.java:addNew(100)) - afe0fdae-f81b-4972-93bd-b2e3099b8af3: addNew group-9ED0681F8904:[afe0fdae-f81b-4972-93bd-b2e3099b8af3|10.1.0.11:15388] returns group-9ED0681F8904:java.util.concurrent.CompletableFuture@435b84cf[Not completed]
2024-03-15 21:40:21,050 [afe0fdae-f81b-4972-93bd-b2e3099b8af3-groupManagement] INFO  server.RaftServer$Division (RaftServerImpl.java:<init>(256)) - afe0fdae-f81b-4972-93bd-b2e3099b8af3: new RaftServerImpl for group-9ED0681F8904:[afe0fdae-f81b-4972-93bd-b2e3099b8af3|10.1.0.11:15388] with ContainerStateMachine:uninitialized
2024-03-15 21:40:21,050 [afe0fdae-f81b-4972-93bd-b2e3099b8af3-groupManagement] INFO  server.RaftServerConfigKeys (ConfUtils.java:logGet(46)) - raft.server.rpc.timeout.min = 5s (custom)
2024-03-15 21:40:21,050 [afe0fdae-f81b-4972-93bd-b2e3099b8af3-groupManagement] INFO  server.RaftServerConfigKeys (ConfUtils.java:logGet(46)) - raft.server.rpc.timeout.max = 5200ms (custom)
2024-03-15 21:40:21,050 [afe0fdae-f81b-4972-93bd-b2e3099b8af3-groupManagement] INFO  server.RaftServerConfigKeys (ConfUtils.java:logGet(46)) - raft.server.rpc.sleep.time = 25ms (default)
2024-03-15 21:40:21,050 [afe0fdae-f81b-4972-93bd-b2e3099b8af3-groupManagement] INFO  server.RaftServerConfigKeys (ConfUtils.java:logGet(46)) - raft.server.rpc.slowness.timeout = 300000ms (custom)
2024-03-15 21:40:21,050 [afe0fdae-f81b-4972-93bd-b2e3099b8af3-groupManagement] INFO  server.RaftServerConfigKeys (ConfUtils.java:logGet(46)) - raft.server.leaderelection.leader.step-down.wait-time = 10s (default)
2024-03-15 21:40:21,050 [afe0fdae-f81b-4972-93bd-b2e3099b8af3-groupManagement] INFO  server.RaftServerConfigKeys (ConfUtils.java:logGet(46)) - raft.server.leaderelection.member.majority-add = false (default)
2024-03-15 21:40:21,050 [afe0fdae-f81b-4972-93bd-b2e3099b8af3-groupManagement] INFO  server.RaftServerConfigKeys (ConfUtils.java:logGet(46)) - raft.server.sleep.deviation.threshold = 300ms (default)
2024-03-15 21:40:21,050 [afe0fdae-f81b-4972-93bd-b2e3099b8af3-groupManagement] INFO  server.RaftServer$Division (ServerState.java:<init>(113)) - afe0fdae-f81b-4972-93bd-b2e3099b8af3@group-9ED0681F8904: ConfigurationManager, init=-1: peers:[afe0fdae-f81b-4972-93bd-b2e3099b8af3|10.1.0.11:15388]|listeners:[], old=null, confs=<EMPTY_MAP>
2024-03-15 21:40:21,050 [afe0fdae-f81b-4972-93bd-b2e3099b8af3-groupManagement] INFO  server.RaftServerConfigKeys (ConfUtils.java:logGet(46)) - raft.server.notification.no-leader.timeout = 300000ms (custom)
2024-03-15 21:40:21,050 [afe0fdae-f81b-4972-93bd-b2e3099b8af3-groupManagement] INFO  server.RaftServerConfigKeys (ConfUtils.java:logGet(46)) - raft.server.read.timeout = 10s (default)
2024-03-15 21:40:21,050 [afe0fdae-f81b-4972-93bd-b2e3099b8af3-groupManagement] INFO  server.RaftServerConfigKeys (ConfUtils.java:logGet(46)) - raft.server.retrycache.expirytime = 600000ms (custom)
2024-03-15 21:40:21,050 [afe0fdae-f81b-4972-93bd-b2e3099b8af3-groupManagement] INFO  server.RaftServerConfigKeys (ConfUtils.java:logGet(46)) - raft.server.retrycache.statistics.expirytime = 100ms (default)
2024-03-15 21:40:21,050 [afe0fdae-f81b-4972-93bd-b2e3099b8af3-groupManagement] INFO  server.RaftServerConfigKeys (ConfUtils.java:logGet(46)) - raft.server.read.option = DEFAULT (default)
2024-03-15 21:40:21,050 [afe0fdae-f81b-4972-93bd-b2e3099b8af3-groupManagement] INFO  server.RaftServerConfigKeys (ConfUtils.java:logGet(46)) - raft.server.read.read-after-write-consistent.write-index-cache.expiry-time = 60s (default)
2024-03-15 21:40:21,052 [afe0fdae-f81b-4972-93bd-b2e3099b8af3-groupManagement] INFO  server.RaftServerConfigKeys (ConfUtils.java:logGet(46)) - raft.server.rpc.request.timeout = 3000ms (default)
2024-03-15 21:40:21,052 [afe0fdae-f81b-4972-93bd-b2e3099b8af3-groupManagement] INFO  server.RaftServerConfigKeys (ConfUtils.java:logGet(46)) - raft.server.log.appender.install.snapshot.enabled = false (custom)
2024-03-15 21:40:21,052 [afe0fdae-f81b-4972-93bd-b2e3099b8af3-groupManagement] INFO  server.RaftServerConfigKeys (ConfUtils.java:logGet(46)) - raft.server.threadpool.server.cached = true (default)
2024-03-15 21:40:21,052 [afe0fdae-f81b-4972-93bd-b2e3099b8af3-groupManagement] INFO  server.RaftServerConfigKeys (ConfUtils.java:logGet(46)) - raft.server.threadpool.server.size = 0 (default)
2024-03-15 21:40:21,052 [afe0fdae-f81b-4972-93bd-b2e3099b8af3-groupManagement] INFO  server.RaftServerConfigKeys (ConfUtils.java:logGet(46)) - raft.server.threadpool.client.cached = true (default)
2024-03-15 21:40:21,052 [afe0fdae-f81b-4972-93bd-b2e3099b8af3-groupManagement] INFO  server.RaftServerConfigKeys (ConfUtils.java:logGet(46)) - raft.server.threadpool.client.size = 0 (default)
2024-03-15 21:40:21,052 [afe0fdae-f81b-4972-93bd-b2e3099b8af3-groupManagement] INFO  server.RaftServerConfigKeys (ConfUtils.java:logGet(46)) - raft.server.storage.free-space.min = 0MB (=0) (default)
2024-03-15 21:40:21,052 [afe0fdae-f81b-4972-93bd-b2e3099b8af3-groupManagement] INFO  server.RaftServerConfigKeys (ConfUtils.java:logGet(46)) - raft.server.log.corruption.policy = EXCEPTION (default)
2024-03-15 21:40:21,052 [afe0fdae-f81b-4972-93bd-b2e3099b8af3-groupManagement] INFO  server.RaftServerConfigKeys (ConfUtils.java:logGet(46)) - raft.server.storage.dir = [/home/runner/work/ozone/ozone/hadoop-ozone/integration-test/target/test-dir/MiniOzoneClusterImpl-9d1dee8c-d44a-4a38-8f2b-42c9fdbb6771/ozone-meta/datanode-3/ratis] (custom)
2024-03-15 21:40:21,052 [afe0fdae-f81b-4972-93bd-b2e3099b8af3-groupManagement] INFO  storage.RaftStorageDirectory (RaftStorageDirectoryImpl.java:analyzeStorage(138)) - The storage directory /home/runner/work/ozone/ozone/hadoop-ozone/integration-test/target/test-dir/MiniOzoneClusterImpl-9d1dee8c-d44a-4a38-8f2b-42c9fdbb6771/ozone-meta/datanode-3/ratis/30654122-102c-450f-9c97-9ed0681f8904 does not exist. Creating ...
2024-03-15 21:40:21,053 [afe0fdae-f81b-4972-93bd-b2e3099b8af3-groupManagement] INFO  storage.RaftStorageDirectory (RaftStorageDirectoryImpl.java:tryLock(228)) - Lock on /home/runner/work/ozone/ozone/hadoop-ozone/integration-test/target/test-dir/MiniOzoneClusterImpl-9d1dee8c-d44a-4a38-8f2b-42c9fdbb6771/ozone-meta/datanode-3/ratis/30654122-102c-450f-9c97-9ed0681f8904/in_use.lock acquired by nodename 60682@fv-az528-102
2024-03-15 21:40:21,054 [afe0fdae-f81b-4972-93bd-b2e3099b8af3-groupManagement] INFO  storage.RaftStorage (RaftStorageImpl.java:format(99)) - Storage directory /home/runner/work/ozone/ozone/hadoop-ozone/integration-test/target/test-dir/MiniOzoneClusterImpl-9d1dee8c-d44a-4a38-8f2b-42c9fdbb6771/ozone-meta/datanode-3/ratis/30654122-102c-450f-9c97-9ed0681f8904 has been successfully formatted.
2024-03-15 21:40:21,054 [afe0fdae-f81b-4972-93bd-b2e3099b8af3-groupManagement] WARN  util.FileUtils (LogUtils.java:supplyAndLog(63)) - Failed to Files.newInputStream /home/runner/work/ozone/ozone/hadoop-ozone/integration-test/target/test-dir/MiniOzoneClusterImpl-9d1dee8c-d44a-4a38-8f2b-42c9fdbb6771/ozone-meta/datanode-3/ratis/30654122-102c-450f-9c97-9ed0681f8904/current/raft-meta.conf with options []: java.nio.file.NoSuchFileException: /home/runner/work/ozone/ozone/hadoop-ozone/integration-test/target/test-dir/MiniOzoneClusterImpl-9d1dee8c-d44a-4a38-8f2b-42c9fdbb6771/ozone-meta/datanode-3/ratis/30654122-102c-450f-9c97-9ed0681f8904/current/raft-meta.conf
2024-03-15 21:40:21,055 [afe0fdae-f81b-4972-93bd-b2e3099b8af3-groupManagement] INFO  ratis.ContainerStateMachine (ContainerStateMachine.java:loadSnapshot(287)) - group-9ED0681F8904: The snapshot info is null. Setting the last applied index to:(t:0, i:~)
2024-03-15 21:40:21,055 [afe0fdae-f81b-4972-93bd-b2e3099b8af3-groupManagement] INFO  server.RaftServerConfigKeys (ConfUtils.java:logGet(46)) - raft.server.log.use.memory = false (default)
2024-03-15 21:40:21,055 [afe0fdae-f81b-4972-93bd-b2e3099b8af3-groupManagement] INFO  server.RaftServerConfigKeys (ConfUtils.java:logGet(46)) - raft.server.log.purge.gap = 1000000 (custom)
2024-03-15 21:40:21,055 [afe0fdae-f81b-4972-93bd-b2e3099b8af3-groupManagement] INFO  server.RaftServerConfigKeys (ConfUtils.java:logGet(46)) - raft.server.log.appender.buffer.byte-limit = 8388608 (custom)
2024-03-15 21:40:21,055 [afe0fdae-f81b-4972-93bd-b2e3099b8af3-groupManagement] INFO  server.RaftServerConfigKeys (ConfUtils.java:logGet(46)) - raft.server.log.statemachine.data.read.timeout = 1000ms (default)
2024-03-15 21:40:21,055 [afe0fdae-f81b-4972-93bd-b2e3099b8af3-groupManagement] INFO  server.RaftServerConfigKeys (ConfUtils.java:logGet(46)) - raft.server.log.purge.preservation.log.num = 0 (default)
2024-03-15 21:40:21,056 [EventQueue-PipelineReportForPipelineReportHandler] INFO  pipeline.PipelineReportHandler (PipelineReportHandler.java:processPipelineReport(136)) - Opened pipeline PipelineID=30654122-102c-450f-9c97-9ed0681f8904
2024-03-15 21:40:21,056 [EventQueue-OpenPipelineForHealthyPipelineSafeModeRule] INFO  safemode.SCMSafeModeManager (HealthyPipelineSafeModeRule.java:process(140)) - SCM in safe mode. Healthy pipelines reported count is 0, required healthy pipeline reported count is 1
2024-03-15 21:40:21,056 [afe0fdae-f81b-4972-93bd-b2e3099b8af3-groupManagement] INFO  server.RaftServerConfigKeys (ConfUtils.java:logGet(46)) - raft.server.log.segment.size.max = 67108864 (custom)
2024-03-15 21:40:21,056 [afe0fdae-f81b-4972-93bd-b2e3099b8af3-groupManagement] INFO  server.RaftServerConfigKeys (ConfUtils.java:logGet(46)) - raft.server.log.segment.cache.num.max = 2 (custom)
2024-03-15 21:40:21,056 [afe0fdae-f81b-4972-93bd-b2e3099b8af3-groupManagement] INFO  server.RaftServerConfigKeys (ConfUtils.java:logGet(46)) - raft.server.log.segment.cache.size.max = 200MB (=209715200) (default)
2024-03-15 21:40:21,056 [afe0fdae-f81b-4972-93bd-b2e3099b8af3-groupManagement] INFO  server.RaftServerConfigKeys (ConfUtils.java:logGet(46)) - raft.server.log.appender.buffer.byte-limit = 8388608 (custom)
2024-03-15 21:40:21,056 [afe0fdae-f81b-4972-93bd-b2e3099b8af3-groupManagement] INFO  util.AwaitToRun (AwaitToRun.java:start(81)) - Thread[afe0fdae-f81b-4972-93bd-b2e3099b8af3@group-9ED0681F8904-cacheEviction-AwaitToRun,5,main] started
2024-03-15 21:40:21,056 [afe0fdae-f81b-4972-93bd-b2e3099b8af3-groupManagement] INFO  segmented.SegmentedRaftLogWorker (SegmentedRaftLogWorker.java:<init>(182)) - new afe0fdae-f81b-4972-93bd-b2e3099b8af3@group-9ED0681F8904-SegmentedRaftLogWorker for RaftStorageImpl:Storage Directory /home/runner/work/ozone/ozone/hadoop-ozone/integration-test/target/test-dir/MiniOzoneClusterImpl-9d1dee8c-d44a-4a38-8f2b-42c9fdbb6771/ozone-meta/datanode-3/ratis/30654122-102c-450f-9c97-9ed0681f8904
2024-03-15 21:40:21,056 [afe0fdae-f81b-4972-93bd-b2e3099b8af3-groupManagement] INFO  server.RaftServerConfigKeys (ConfUtils.java:logGet(46)) - raft.server.log.queue.byte-limit = 4294967296 (custom)
2024-03-15 21:40:21,056 [afe0fdae-f81b-4972-93bd-b2e3099b8af3-groupManagement] INFO  server.RaftServerConfigKeys (ConfUtils.java:logGet(46)) - raft.server.log.queue.element-limit = 1024 (custom)
2024-03-15 21:40:21,056 [afe0fdae-f81b-4972-93bd-b2e3099b8af3-groupManagement] INFO  server.RaftServerConfigKeys (ConfUtils.java:logGet(46)) - raft.server.log.segment.size.max = 67108864 (custom)
2024-03-15 21:40:21,057 [afe0fdae-f81b-4972-93bd-b2e3099b8af3-groupManagement] INFO  server.RaftServerConfigKeys (ConfUtils.java:logGet(46)) - raft.server.log.preallocated.size = 4194304 (custom)
2024-03-15 21:40:21,057 [afe0fdae-f81b-4972-93bd-b2e3099b8af3-groupManagement] INFO  server.RaftServerConfigKeys (ConfUtils.java:logGet(46)) - raft.server.log.force.sync.num = 128 (default)
2024-03-15 21:40:21,057 [afe0fdae-f81b-4972-93bd-b2e3099b8af3-groupManagement] INFO  server.RaftServerConfigKeys (ConfUtils.java:logGet(46)) - raft.server.log.statemachine.data.sync = true (default)
2024-03-15 21:40:21,057 [afe0fdae-f81b-4972-93bd-b2e3099b8af3-groupManagement] INFO  server.RaftServerConfigKeys (ConfUtils.java:logGet(46)) - raft.server.log.statemachine.data.sync.timeout = 10s (default)
2024-03-15 21:40:21,057 [afe0fdae-f81b-4972-93bd-b2e3099b8af3-groupManagement] INFO  server.RaftServerConfigKeys (ConfUtils.java:logGet(46)) - raft.server.log.statemachine.data.sync.timeout.retry = 0 (custom)
2024-03-15 21:40:21,057 [afe0fdae-f81b-4972-93bd-b2e3099b8af3-groupManagement] INFO  server.RaftServerConfigKeys (ConfUtils.java:logGet(46)) - raft.server.log.write.buffer.size = 8388616 (custom)
2024-03-15 21:40:21,058 [afe0fdae-f81b-4972-93bd-b2e3099b8af3-groupManagement] INFO  server.RaftServerConfigKeys (ConfUtils.java:logGet(46)) - raft.server.log.appender.buffer.byte-limit = 8388608 (custom)
2024-03-15 21:40:21,058 [afe0fdae-f81b-4972-93bd-b2e3099b8af3-groupManagement] INFO  server.RaftServerConfigKeys (ConfUtils.java:logGet(46)) - raft.server.log.unsafe-flush.enabled = false (default)
2024-03-15 21:40:21,058 [afe0fdae-f81b-4972-93bd-b2e3099b8af3-groupManagement] INFO  server.RaftServerConfigKeys (ConfUtils.java:logGet(46)) - raft.server.log.async-flush.enabled = false (default)
2024-03-15 21:40:21,058 [afe0fdae-f81b-4972-93bd-b2e3099b8af3-groupManagement] INFO  server.RaftServerConfigKeys (ConfUtils.java:logGet(46)) - raft.server.log.statemachine.data.caching.enabled = true (custom)
2024-03-15 21:40:21,058 [afe0fdae-f81b-4972-93bd-b2e3099b8af3-groupManagement] INFO  segmented.SegmentedRaftLogWorker (SegmentedRaftLogWorker.java:lambda$new$0(134)) - afe0fdae-f81b-4972-93bd-b2e3099b8af3@group-9ED0681F8904-SegmentedRaftLogWorker: flushIndex: setUnconditionally 0 -> -1
2024-03-15 21:40:21,058 [afe0fdae-f81b-4972-93bd-b2e3099b8af3-groupManagement] INFO  segmented.SegmentedRaftLogWorker (SegmentedRaftLogWorker.java:lambda$new$0(134)) - afe0fdae-f81b-4972-93bd-b2e3099b8af3@group-9ED0681F8904-SegmentedRaftLogWorker: safeCacheEvictIndex: setUnconditionally 0 -> -1
2024-03-15 21:40:21,058 [afe0fdae-f81b-4972-93bd-b2e3099b8af3-groupManagement] INFO  server.RaftServer$Division (RaftServerImpl.java:start(396)) - afe0fdae-f81b-4972-93bd-b2e3099b8af3@group-9ED0681F8904: start as a follower, conf=-1: peers:[afe0fdae-f81b-4972-93bd-b2e3099b8af3|10.1.0.11:15388]|listeners:[], old=null
2024-03-15 21:40:21,058 [afe0fdae-f81b-4972-93bd-b2e3099b8af3-groupManagement] INFO  server.RaftServer$Division (RaftServerImpl.java:setRole(383)) - afe0fdae-f81b-4972-93bd-b2e3099b8af3@group-9ED0681F8904: changes role from      null to FOLLOWER at term 0 for startAsFollower
2024-03-15 21:40:21,058 [afe0fdae-f81b-4972-93bd-b2e3099b8af3-groupManagement] INFO  impl.RoleInfo (RoleInfo.java:updateAndGet(139)) - afe0fdae-f81b-4972-93bd-b2e3099b8af3: start afe0fdae-f81b-4972-93bd-b2e3099b8af3@group-9ED0681F8904-FollowerState
2024-03-15 21:40:21,059 [afe0fdae-f81b-4972-93bd-b2e3099b8af3@group-9ED0681F8904-FollowerState] INFO  server.RaftServerConfigKeys (ConfUtils.java:logFallback(53)) - raft.server.rpc.first-election.timeout.min = 5s (fallback to raft.server.rpc.timeout.min)
2024-03-15 21:40:21,059 [afe0fdae-f81b-4972-93bd-b2e3099b8af3-groupManagement] INFO  util.JmxRegister (JmxRegister.java:tryRegister(44)) - Successfully registered JMX Bean with object name Ratis:service=RaftServer,group=group-9ED0681F8904,id=afe0fdae-f81b-4972-93bd-b2e3099b8af3
2024-03-15 21:40:21,059 [afe0fdae-f81b-4972-93bd-b2e3099b8af3@group-9ED0681F8904-FollowerState] INFO  server.RaftServerConfigKeys (ConfUtils.java:logFallback(53)) - raft.server.rpc.first-election.timeout.max = 5200ms (fallback to raft.server.rpc.timeout.max)
2024-03-15 21:40:21,059 [afe0fdae-f81b-4972-93bd-b2e3099b8af3-groupManagement] INFO  server.RaftServerConfigKeys (ConfUtils.java:logGet(46)) - raft.server.snapshot.trigger-when-stop.enabled = true (default)
2024-03-15 21:40:21,059 [afe0fdae-f81b-4972-93bd-b2e3099b8af3-groupManagement] INFO  server.RaftServerConfigKeys (ConfUtils.java:logGet(46)) - raft.server.snapshot.auto.trigger.enabled = true (custom)
2024-03-15 21:40:21,059 [afe0fdae-f81b-4972-93bd-b2e3099b8af3-groupManagement] INFO  server.RaftServerConfigKeys (ConfUtils.java:logGet(46)) - raft.server.snapshot.auto.trigger.threshold = 10000 (custom)
2024-03-15 21:40:21,059 [afe0fdae-f81b-4972-93bd-b2e3099b8af3-groupManagement] INFO  server.RaftServerConfigKeys (ConfUtils.java:logGet(46)) - raft.server.snapshot.retention.file.num = 5 (custom)
2024-03-15 21:40:21,059 [afe0fdae-f81b-4972-93bd-b2e3099b8af3-groupManagement] INFO  server.RaftServerConfigKeys (ConfUtils.java:logGet(46)) - raft.server.log.purge.upto.snapshot.index = false (default)
2024-03-15 21:40:21,059 [afe0fdae-f81b-4972-93bd-b2e3099b8af3-PipelineCommandHandlerThread-0] INFO  ratis.XceiverServerRatis (XceiverServerRatis.java:addGroup(864)) - Created group PipelineID=30654122-102c-450f-9c97-9ed0681f8904
2024-03-15 21:40:21,059 [afe0fdae-f81b-4972-93bd-b2e3099b8af3-PipelineCommandHandlerThread-0] INFO  commandhandler.CreatePipelineCommandHandler (CreatePipelineCommandHandler.java:lambda$handle$2(124)) - Created Pipeline RATIS ONE PipelineID=30654122-102c-450f-9c97-9ed0681f8904.
2024-03-15 21:40:21,139 [d5082477-7a9c-4c69-9d34-13fd3fa2989c-PipelineCommandHandlerThread-0] INFO  server.RaftServer (RaftServerProxy.java:addNew(100)) - d5082477-7a9c-4c69-9d34-13fd3fa2989c: addNew group-922CB58B85D6:[d5082477-7a9c-4c69-9d34-13fd3fa2989c|10.1.0.11:15397] returns group-922CB58B85D6:java.util.concurrent.CompletableFuture@71d1d201[Not completed]
2024-03-15 21:40:21,140 [d5082477-7a9c-4c69-9d34-13fd3fa2989c-groupManagement] INFO  server.RaftServer$Division (RaftServerImpl.java:<init>(256)) - d5082477-7a9c-4c69-9d34-13fd3fa2989c: new RaftServerImpl for group-922CB58B85D6:[d5082477-7a9c-4c69-9d34-13fd3fa2989c|10.1.0.11:15397] with ContainerStateMachine:uninitialized
2024-03-15 21:40:21,140 [d5082477-7a9c-4c69-9d34-13fd3fa2989c-groupManagement] INFO  server.RaftServerConfigKeys (ConfUtils.java:logGet(46)) - raft.server.rpc.timeout.min = 5s (custom)
2024-03-15 21:40:21,140 [d5082477-7a9c-4c69-9d34-13fd3fa2989c-groupManagement] INFO  server.RaftServerConfigKeys (ConfUtils.java:logGet(46)) - raft.server.rpc.timeout.max = 5200ms (custom)
2024-03-15 21:40:21,140 [d5082477-7a9c-4c69-9d34-13fd3fa2989c-groupManagement] INFO  server.RaftServerConfigKeys (ConfUtils.java:logGet(46)) - raft.server.rpc.sleep.time = 25ms (default)
2024-03-15 21:40:21,140 [d5082477-7a9c-4c69-9d34-13fd3fa2989c-groupManagement] INFO  server.RaftServerConfigKeys (ConfUtils.java:logGet(46)) - raft.server.rpc.slowness.timeout = 300000ms (custom)
2024-03-15 21:40:21,140 [d5082477-7a9c-4c69-9d34-13fd3fa2989c-groupManagement] INFO  server.RaftServerConfigKeys (ConfUtils.java:logGet(46)) - raft.server.leaderelection.leader.step-down.wait-time = 10s (default)
2024-03-15 21:40:21,141 [d5082477-7a9c-4c69-9d34-13fd3fa2989c-groupManagement] INFO  server.RaftServerConfigKeys (ConfUtils.java:logGet(46)) - raft.server.leaderelection.member.majority-add = false (default)
2024-03-15 21:40:21,141 [d5082477-7a9c-4c69-9d34-13fd3fa2989c-groupManagement] INFO  server.RaftServerConfigKeys (ConfUtils.java:logGet(46)) - raft.server.sleep.deviation.threshold = 300ms (default)
2024-03-15 21:40:21,141 [d5082477-7a9c-4c69-9d34-13fd3fa2989c-groupManagement] INFO  server.RaftServer$Division (ServerState.java:<init>(113)) - d5082477-7a9c-4c69-9d34-13fd3fa2989c@group-922CB58B85D6: ConfigurationManager, init=-1: peers:[d5082477-7a9c-4c69-9d34-13fd3fa2989c|10.1.0.11:15397]|listeners:[], old=null, confs=<EMPTY_MAP>
2024-03-15 21:40:21,141 [d5082477-7a9c-4c69-9d34-13fd3fa2989c-groupManagement] INFO  server.RaftServerConfigKeys (ConfUtils.java:logGet(46)) - raft.server.notification.no-leader.timeout = 300000ms (custom)
2024-03-15 21:40:21,141 [d5082477-7a9c-4c69-9d34-13fd3fa2989c-groupManagement] INFO  server.RaftServerConfigKeys (ConfUtils.java:logGet(46)) - raft.server.read.timeout = 10s (default)
2024-03-15 21:40:21,141 [d5082477-7a9c-4c69-9d34-13fd3fa2989c-groupManagement] INFO  server.RaftServerConfigKeys (ConfUtils.java:logGet(46)) - raft.server.retrycache.expirytime = 600000ms (custom)
2024-03-15 21:40:21,141 [d5082477-7a9c-4c69-9d34-13fd3fa2989c-groupManagement] INFO  server.RaftServerConfigKeys (ConfUtils.java:logGet(46)) - raft.server.retrycache.statistics.expirytime = 100ms (default)
2024-03-15 21:40:21,141 [d5082477-7a9c-4c69-9d34-13fd3fa2989c-groupManagement] INFO  server.RaftServerConfigKeys (ConfUtils.java:logGet(46)) - raft.server.read.option = DEFAULT (default)
2024-03-15 21:40:21,141 [d5082477-7a9c-4c69-9d34-13fd3fa2989c-groupManagement] INFO  server.RaftServerConfigKeys (ConfUtils.java:logGet(46)) - raft.server.read.read-after-write-consistent.write-index-cache.expiry-time = 60s (default)
2024-03-15 21:40:21,143 [d5082477-7a9c-4c69-9d34-13fd3fa2989c-groupManagement] INFO  server.RaftServerConfigKeys (ConfUtils.java:logGet(46)) - raft.server.rpc.request.timeout = 3000ms (default)
2024-03-15 21:40:21,143 [d5082477-7a9c-4c69-9d34-13fd3fa2989c-groupManagement] INFO  server.RaftServerConfigKeys (ConfUtils.java:logGet(46)) - raft.server.log.appender.install.snapshot.enabled = false (custom)
2024-03-15 21:40:21,143 [d5082477-7a9c-4c69-9d34-13fd3fa2989c-groupManagement] INFO  server.RaftServerConfigKeys (ConfUtils.java:logGet(46)) - raft.server.threadpool.server.cached = true (default)
2024-03-15 21:40:21,143 [d5082477-7a9c-4c69-9d34-13fd3fa2989c-groupManagement] INFO  server.RaftServerConfigKeys (ConfUtils.java:logGet(46)) - raft.server.threadpool.server.size = 0 (default)
2024-03-15 21:40:21,143 [d5082477-7a9c-4c69-9d34-13fd3fa2989c-groupManagement] INFO  server.RaftServerConfigKeys (ConfUtils.java:logGet(46)) - raft.server.threadpool.client.cached = true (default)
2024-03-15 21:40:21,143 [d5082477-7a9c-4c69-9d34-13fd3fa2989c-groupManagement] INFO  server.RaftServerConfigKeys (ConfUtils.java:logGet(46)) - raft.server.threadpool.client.size = 0 (default)
2024-03-15 21:40:21,143 [d5082477-7a9c-4c69-9d34-13fd3fa2989c-groupManagement] INFO  server.RaftServerConfigKeys (ConfUtils.java:logGet(46)) - raft.server.storage.free-space.min = 0MB (=0) (default)
2024-03-15 21:40:21,143 [d5082477-7a9c-4c69-9d34-13fd3fa2989c-groupManagement] INFO  server.RaftServerConfigKeys (ConfUtils.java:logGet(46)) - raft.server.log.corruption.policy = EXCEPTION (default)
2024-03-15 21:40:21,144 [d5082477-7a9c-4c69-9d34-13fd3fa2989c-groupManagement] INFO  server.RaftServerConfigKeys (ConfUtils.java:logGet(46)) - raft.server.storage.dir = [/home/runner/work/ozone/ozone/hadoop-ozone/integration-test/target/test-dir/MiniOzoneClusterImpl-9d1dee8c-d44a-4a38-8f2b-42c9fdbb6771/ozone-meta/datanode-4/ratis] (custom)
2024-03-15 21:40:21,144 [d5082477-7a9c-4c69-9d34-13fd3fa2989c-groupManagement] INFO  storage.RaftStorageDirectory (RaftStorageDirectoryImpl.java:analyzeStorage(138)) - The storage directory /home/runner/work/ozone/ozone/hadoop-ozone/integration-test/target/test-dir/MiniOzoneClusterImpl-9d1dee8c-d44a-4a38-8f2b-42c9fdbb6771/ozone-meta/datanode-4/ratis/cc5c9568-8f9f-4f79-8604-922cb58b85d6 does not exist. Creating ...
2024-03-15 21:40:21,145 [d5082477-7a9c-4c69-9d34-13fd3fa2989c-groupManagement] INFO  storage.RaftStorageDirectory (RaftStorageDirectoryImpl.java:tryLock(228)) - Lock on /home/runner/work/ozone/ozone/hadoop-ozone/integration-test/target/test-dir/MiniOzoneClusterImpl-9d1dee8c-d44a-4a38-8f2b-42c9fdbb6771/ozone-meta/datanode-4/ratis/cc5c9568-8f9f-4f79-8604-922cb58b85d6/in_use.lock acquired by nodename 60682@fv-az528-102
2024-03-15 21:40:21,146 [d5082477-7a9c-4c69-9d34-13fd3fa2989c-groupManagement] INFO  storage.RaftStorage (RaftStorageImpl.java:format(99)) - Storage directory /home/runner/work/ozone/ozone/hadoop-ozone/integration-test/target/test-dir/MiniOzoneClusterImpl-9d1dee8c-d44a-4a38-8f2b-42c9fdbb6771/ozone-meta/datanode-4/ratis/cc5c9568-8f9f-4f79-8604-922cb58b85d6 has been successfully formatted.
2024-03-15 21:40:21,146 [d5082477-7a9c-4c69-9d34-13fd3fa2989c-groupManagement] WARN  util.FileUtils (LogUtils.java:supplyAndLog(63)) - Failed to Files.newInputStream /home/runner/work/ozone/ozone/hadoop-ozone/integration-test/target/test-dir/MiniOzoneClusterImpl-9d1dee8c-d44a-4a38-8f2b-42c9fdbb6771/ozone-meta/datanode-4/ratis/cc5c9568-8f9f-4f79-8604-922cb58b85d6/current/raft-meta.conf with options []: java.nio.file.NoSuchFileException: /home/runner/work/ozone/ozone/hadoop-ozone/integration-test/target/test-dir/MiniOzoneClusterImpl-9d1dee8c-d44a-4a38-8f2b-42c9fdbb6771/ozone-meta/datanode-4/ratis/cc5c9568-8f9f-4f79-8604-922cb58b85d6/current/raft-meta.conf
2024-03-15 21:40:21,147 [d5082477-7a9c-4c69-9d34-13fd3fa2989c-groupManagement] INFO  ratis.ContainerStateMachine (ContainerStateMachine.java:loadSnapshot(287)) - group-922CB58B85D6: The snapshot info is null. Setting the last applied index to:(t:0, i:~)
2024-03-15 21:40:21,147 [d5082477-7a9c-4c69-9d34-13fd3fa2989c-groupManagement] INFO  server.RaftServerConfigKeys (ConfUtils.java:logGet(46)) - raft.server.log.use.memory = false (default)
2024-03-15 21:40:21,147 [d5082477-7a9c-4c69-9d34-13fd3fa2989c-groupManagement] INFO  server.RaftServerConfigKeys (ConfUtils.java:logGet(46)) - raft.server.log.purge.gap = 1000000 (custom)
2024-03-15 21:40:21,147 [d5082477-7a9c-4c69-9d34-13fd3fa2989c-groupManagement] INFO  server.RaftServerConfigKeys (ConfUtils.java:logGet(46)) - raft.server.log.appender.buffer.byte-limit = 8388608 (custom)
2024-03-15 21:40:21,147 [d5082477-7a9c-4c69-9d34-13fd3fa2989c-groupManagement] INFO  server.RaftServerConfigKeys (ConfUtils.java:logGet(46)) - raft.server.log.statemachine.data.read.timeout = 1000ms (default)
2024-03-15 21:40:21,147 [d5082477-7a9c-4c69-9d34-13fd3fa2989c-groupManagement] INFO  server.RaftServerConfigKeys (ConfUtils.java:logGet(46)) - raft.server.log.purge.preservation.log.num = 0 (default)
2024-03-15 21:40:21,148 [EventQueue-PipelineReportForPipelineReportHandler] INFO  pipeline.PipelineReportHandler (PipelineReportHandler.java:processPipelineReport(136)) - Opened pipeline PipelineID=cc5c9568-8f9f-4f79-8604-922cb58b85d6
2024-03-15 21:40:21,148 [EventQueue-OpenPipelineForHealthyPipelineSafeModeRule] INFO  safemode.SCMSafeModeManager (HealthyPipelineSafeModeRule.java:process(140)) - SCM in safe mode. Healthy pipelines reported count is 0, required healthy pipeline reported count is 1
2024-03-15 21:40:21,148 [d5082477-7a9c-4c69-9d34-13fd3fa2989c-groupManagement] INFO  server.RaftServerConfigKeys (ConfUtils.java:logGet(46)) - raft.server.log.segment.size.max = 67108864 (custom)
2024-03-15 21:40:21,149 [d5082477-7a9c-4c69-9d34-13fd3fa2989c-groupManagement] INFO  server.RaftServerConfigKeys (ConfUtils.java:logGet(46)) - raft.server.log.segment.cache.num.max = 2 (custom)
2024-03-15 21:40:21,149 [d5082477-7a9c-4c69-9d34-13fd3fa2989c-groupManagement] INFO  server.RaftServerConfigKeys (ConfUtils.java:logGet(46)) - raft.server.log.segment.cache.size.max = 200MB (=209715200) (default)
2024-03-15 21:40:21,149 [d5082477-7a9c-4c69-9d34-13fd3fa2989c-groupManagement] INFO  server.RaftServerConfigKeys (ConfUtils.java:logGet(46)) - raft.server.log.appender.buffer.byte-limit = 8388608 (custom)
2024-03-15 21:40:21,149 [d5082477-7a9c-4c69-9d34-13fd3fa2989c-groupManagement] INFO  util.AwaitToRun (AwaitToRun.java:start(81)) - Thread[d5082477-7a9c-4c69-9d34-13fd3fa2989c@group-922CB58B85D6-cacheEviction-AwaitToRun,5,main] started
2024-03-15 21:40:21,149 [d5082477-7a9c-4c69-9d34-13fd3fa2989c-groupManagement] INFO  segmented.SegmentedRaftLogWorker (SegmentedRaftLogWorker.java:<init>(182)) - new d5082477-7a9c-4c69-9d34-13fd3fa2989c@group-922CB58B85D6-SegmentedRaftLogWorker for RaftStorageImpl:Storage Directory /home/runner/work/ozone/ozone/hadoop-ozone/integration-test/target/test-dir/MiniOzoneClusterImpl-9d1dee8c-d44a-4a38-8f2b-42c9fdbb6771/ozone-meta/datanode-4/ratis/cc5c9568-8f9f-4f79-8604-922cb58b85d6
2024-03-15 21:40:21,149 [d5082477-7a9c-4c69-9d34-13fd3fa2989c-groupManagement] INFO  server.RaftServerConfigKeys (ConfUtils.java:logGet(46)) - raft.server.log.queue.byte-limit = 4294967296 (custom)
2024-03-15 21:40:21,149 [d5082477-7a9c-4c69-9d34-13fd3fa2989c-groupManagement] INFO  server.RaftServerConfigKeys (ConfUtils.java:logGet(46)) - raft.server.log.queue.element-limit = 1024 (custom)
2024-03-15 21:40:21,149 [d5082477-7a9c-4c69-9d34-13fd3fa2989c-groupManagement] INFO  server.RaftServerConfigKeys (ConfUtils.java:logGet(46)) - raft.server.log.segment.size.max = 67108864 (custom)
2024-03-15 21:40:21,149 [d5082477-7a9c-4c69-9d34-13fd3fa2989c-groupManagement] INFO  server.RaftServerConfigKeys (ConfUtils.java:logGet(46)) - raft.server.log.preallocated.size = 4194304 (custom)
2024-03-15 21:40:21,149 [d5082477-7a9c-4c69-9d34-13fd3fa2989c-groupManagement] INFO  server.RaftServerConfigKeys (ConfUtils.java:logGet(46)) - raft.server.log.force.sync.num = 128 (default)
2024-03-15 21:40:21,150 [d5082477-7a9c-4c69-9d34-13fd3fa2989c-groupManagement] INFO  server.RaftServerConfigKeys (ConfUtils.java:logGet(46)) - raft.server.log.statemachine.data.sync = true (default)
2024-03-15 21:40:21,150 [d5082477-7a9c-4c69-9d34-13fd3fa2989c-groupManagement] INFO  server.RaftServerConfigKeys (ConfUtils.java:logGet(46)) - raft.server.log.statemachine.data.sync.timeout = 10s (default)
2024-03-15 21:40:21,150 [d5082477-7a9c-4c69-9d34-13fd3fa2989c-groupManagement] INFO  server.RaftServerConfigKeys (ConfUtils.java:logGet(46)) - raft.server.log.statemachine.data.sync.timeout.retry = 0 (custom)
2024-03-15 21:40:21,150 [d5082477-7a9c-4c69-9d34-13fd3fa2989c-groupManagement] INFO  server.RaftServerConfigKeys (ConfUtils.java:logGet(46)) - raft.server.log.write.buffer.size = 8388616 (custom)
2024-03-15 21:40:21,151 [d5082477-7a9c-4c69-9d34-13fd3fa2989c-groupManagement] INFO  server.RaftServerConfigKeys (ConfUtils.java:logGet(46)) - raft.server.log.appender.buffer.byte-limit = 8388608 (custom)
2024-03-15 21:40:21,151 [d5082477-7a9c-4c69-9d34-13fd3fa2989c-groupManagement] INFO  server.RaftServerConfigKeys (ConfUtils.java:logGet(46)) - raft.server.log.unsafe-flush.enabled = false (default)
2024-03-15 21:40:21,151 [d5082477-7a9c-4c69-9d34-13fd3fa2989c-groupManagement] INFO  server.RaftServerConfigKeys (ConfUtils.java:logGet(46)) - raft.server.log.async-flush.enabled = false (default)
2024-03-15 21:40:21,151 [d5082477-7a9c-4c69-9d34-13fd3fa2989c-groupManagement] INFO  server.RaftServerConfigKeys (ConfUtils.java:logGet(46)) - raft.server.log.statemachine.data.caching.enabled = true (custom)
2024-03-15 21:40:21,151 [d5082477-7a9c-4c69-9d34-13fd3fa2989c-groupManagement] INFO  segmented.SegmentedRaftLogWorker (SegmentedRaftLogWorker.java:lambda$new$0(134)) - d5082477-7a9c-4c69-9d34-13fd3fa2989c@group-922CB58B85D6-SegmentedRaftLogWorker: flushIndex: setUnconditionally 0 -> -1
2024-03-15 21:40:21,151 [d5082477-7a9c-4c69-9d34-13fd3fa2989c-groupManagement] INFO  segmented.SegmentedRaftLogWorker (SegmentedRaftLogWorker.java:lambda$new$0(134)) - d5082477-7a9c-4c69-9d34-13fd3fa2989c@group-922CB58B85D6-SegmentedRaftLogWorker: safeCacheEvictIndex: setUnconditionally 0 -> -1
2024-03-15 21:40:21,152 [d5082477-7a9c-4c69-9d34-13fd3fa2989c-groupManagement] INFO  server.RaftServer$Division (RaftServerImpl.java:start(396)) - d5082477-7a9c-4c69-9d34-13fd3fa2989c@group-922CB58B85D6: start as a follower, conf=-1: peers:[d5082477-7a9c-4c69-9d34-13fd3fa2989c|10.1.0.11:15397]|listeners:[], old=null
2024-03-15 21:40:21,152 [d5082477-7a9c-4c69-9d34-13fd3fa2989c-groupManagement] INFO  server.RaftServer$Division (RaftServerImpl.java:setRole(383)) - d5082477-7a9c-4c69-9d34-13fd3fa2989c@group-922CB58B85D6: changes role from      null to FOLLOWER at term 0 for startAsFollower
2024-03-15 21:40:21,152 [d5082477-7a9c-4c69-9d34-13fd3fa2989c-groupManagement] INFO  impl.RoleInfo (RoleInfo.java:updateAndGet(139)) - d5082477-7a9c-4c69-9d34-13fd3fa2989c: start d5082477-7a9c-4c69-9d34-13fd3fa2989c@group-922CB58B85D6-FollowerState
2024-03-15 21:40:21,152 [d5082477-7a9c-4c69-9d34-13fd3fa2989c-groupManagement] INFO  util.JmxRegister (JmxRegister.java:tryRegister(44)) - Successfully registered JMX Bean with object name Ratis:service=RaftServer,group=group-922CB58B85D6,id=d5082477-7a9c-4c69-9d34-13fd3fa2989c
2024-03-15 21:40:21,152 [d5082477-7a9c-4c69-9d34-13fd3fa2989c@group-922CB58B85D6-FollowerState] INFO  server.RaftServerConfigKeys (ConfUtils.java:logFallback(53)) - raft.server.rpc.first-election.timeout.min = 5s (fallback to raft.server.rpc.timeout.min)
2024-03-15 21:40:21,152 [d5082477-7a9c-4c69-9d34-13fd3fa2989c-groupManagement] INFO  server.RaftServerConfigKeys (ConfUtils.java:logGet(46)) - raft.server.snapshot.trigger-when-stop.enabled = true (default)
2024-03-15 21:40:21,152 [d5082477-7a9c-4c69-9d34-13fd3fa2989c-groupManagement] INFO  server.RaftServerConfigKeys (ConfUtils.java:logGet(46)) - raft.server.snapshot.auto.trigger.enabled = true (custom)
2024-03-15 21:40:21,152 [d5082477-7a9c-4c69-9d34-13fd3fa2989c-groupManagement] INFO  server.RaftServerConfigKeys (ConfUtils.java:logGet(46)) - raft.server.snapshot.auto.trigger.threshold = 10000 (custom)
2024-03-15 21:40:21,152 [d5082477-7a9c-4c69-9d34-13fd3fa2989c-groupManagement] INFO  server.RaftServerConfigKeys (ConfUtils.java:logGet(46)) - raft.server.snapshot.retention.file.num = 5 (custom)
2024-03-15 21:40:21,152 [d5082477-7a9c-4c69-9d34-13fd3fa2989c-groupManagement] INFO  server.RaftServerConfigKeys (ConfUtils.java:logGet(46)) - raft.server.log.purge.upto.snapshot.index = false (default)
2024-03-15 21:40:21,153 [d5082477-7a9c-4c69-9d34-13fd3fa2989c-PipelineCommandHandlerThread-0] INFO  ratis.XceiverServerRatis (XceiverServerRatis.java:addGroup(864)) - Created group PipelineID=cc5c9568-8f9f-4f79-8604-922cb58b85d6
2024-03-15 21:40:21,153 [d5082477-7a9c-4c69-9d34-13fd3fa2989c-PipelineCommandHandlerThread-0] INFO  commandhandler.CreatePipelineCommandHandler (CreatePipelineCommandHandler.java:lambda$handle$2(124)) - Created Pipeline RATIS ONE PipelineID=cc5c9568-8f9f-4f79-8604-922cb58b85d6.
2024-03-15 21:40:21,153 [d5082477-7a9c-4c69-9d34-13fd3fa2989c@group-922CB58B85D6-FollowerState] INFO  server.RaftServerConfigKeys (ConfUtils.java:logFallback(53)) - raft.server.rpc.first-election.timeout.max = 5200ms (fallback to raft.server.rpc.timeout.max)
2024-03-15 21:40:21,153 [d5082477-7a9c-4c69-9d34-13fd3fa2989c-PipelineCommandHandlerThread-0] INFO  server.RaftServer (RaftServerProxy.java:addNew(100)) - d5082477-7a9c-4c69-9d34-13fd3fa2989c: addNew group-48BCF4B4440D:[c275007a-4e3d-4cf4-8bcd-9935f71fc838|10.1.0.11:15406, d5082477-7a9c-4c69-9d34-13fd3fa2989c|10.1.0.11:15397, 3dfa3a40-7be8-4b27-818e-b4bcb1f9d011|10.1.0.11:15415] returns group-48BCF4B4440D:java.util.concurrent.CompletableFuture@75ee48e3[Not completed]
2024-03-15 21:40:21,153 [d5082477-7a9c-4c69-9d34-13fd3fa2989c-groupManagement] INFO  server.RaftServer$Division (RaftServerImpl.java:<init>(256)) - d5082477-7a9c-4c69-9d34-13fd3fa2989c: new RaftServerImpl for group-48BCF4B4440D:[c275007a-4e3d-4cf4-8bcd-9935f71fc838|10.1.0.11:15406, d5082477-7a9c-4c69-9d34-13fd3fa2989c|10.1.0.11:15397, 3dfa3a40-7be8-4b27-818e-b4bcb1f9d011|10.1.0.11:15415] with ContainerStateMachine:uninitialized
2024-03-15 21:40:21,154 [d5082477-7a9c-4c69-9d34-13fd3fa2989c-groupManagement] INFO  server.RaftServerConfigKeys (ConfUtils.java:logGet(46)) - raft.server.rpc.timeout.min = 5s (custom)
2024-03-15 21:40:21,154 [d5082477-7a9c-4c69-9d34-13fd3fa2989c-groupManagement] INFO  server.RaftServerConfigKeys (ConfUtils.java:logGet(46)) - raft.server.rpc.timeout.max = 5200ms (custom)
2024-03-15 21:40:21,154 [d5082477-7a9c-4c69-9d34-13fd3fa2989c-groupManagement] INFO  server.RaftServerConfigKeys (ConfUtils.java:logGet(46)) - raft.server.rpc.sleep.time = 25ms (default)
2024-03-15 21:40:21,154 [d5082477-7a9c-4c69-9d34-13fd3fa2989c-groupManagement] INFO  server.RaftServerConfigKeys (ConfUtils.java:logGet(46)) - raft.server.rpc.slowness.timeout = 300000ms (custom)
2024-03-15 21:40:21,154 [d5082477-7a9c-4c69-9d34-13fd3fa2989c-groupManagement] INFO  server.RaftServerConfigKeys (ConfUtils.java:logGet(46)) - raft.server.leaderelection.leader.step-down.wait-time = 10s (default)
2024-03-15 21:40:21,154 [d5082477-7a9c-4c69-9d34-13fd3fa2989c-groupManagement] INFO  server.RaftServerConfigKeys (ConfUtils.java:logGet(46)) - raft.server.leaderelection.member.majority-add = false (default)
2024-03-15 21:40:21,154 [d5082477-7a9c-4c69-9d34-13fd3fa2989c-groupManagement] INFO  server.RaftServerConfigKeys (ConfUtils.java:logGet(46)) - raft.server.sleep.deviation.threshold = 300ms (default)
2024-03-15 21:40:21,154 [d5082477-7a9c-4c69-9d34-13fd3fa2989c-groupManagement] INFO  server.RaftServer$Division (ServerState.java:<init>(113)) - d5082477-7a9c-4c69-9d34-13fd3fa2989c@group-48BCF4B4440D: ConfigurationManager, init=-1: peers:[c275007a-4e3d-4cf4-8bcd-9935f71fc838|10.1.0.11:15406, d5082477-7a9c-4c69-9d34-13fd3fa2989c|10.1.0.11:15397, 3dfa3a40-7be8-4b27-818e-b4bcb1f9d011|10.1.0.11:15415]|listeners:[], old=null, confs=<EMPTY_MAP>
2024-03-15 21:40:21,154 [d5082477-7a9c-4c69-9d34-13fd3fa2989c-groupManagement] INFO  server.RaftServerConfigKeys (ConfUtils.java:logGet(46)) - raft.server.notification.no-leader.timeout = 300000ms (custom)
2024-03-15 21:40:21,154 [d5082477-7a9c-4c69-9d34-13fd3fa2989c-groupManagement] INFO  server.RaftServerConfigKeys (ConfUtils.java:logGet(46)) - raft.server.read.timeout = 10s (default)
2024-03-15 21:40:21,154 [d5082477-7a9c-4c69-9d34-13fd3fa2989c-groupManagement] INFO  server.RaftServerConfigKeys (ConfUtils.java:logGet(46)) - raft.server.retrycache.expirytime = 600000ms (custom)
2024-03-15 21:40:21,154 [d5082477-7a9c-4c69-9d34-13fd3fa2989c-groupManagement] INFO  server.RaftServerConfigKeys (ConfUtils.java:logGet(46)) - raft.server.retrycache.statistics.expirytime = 100ms (default)
2024-03-15 21:40:21,154 [d5082477-7a9c-4c69-9d34-13fd3fa2989c-groupManagement] INFO  server.RaftServerConfigKeys (ConfUtils.java:logGet(46)) - raft.server.read.option = DEFAULT (default)
2024-03-15 21:40:21,154 [d5082477-7a9c-4c69-9d34-13fd3fa2989c-groupManagement] INFO  server.RaftServerConfigKeys (ConfUtils.java:logGet(46)) - raft.server.read.read-after-write-consistent.write-index-cache.expiry-time = 60s (default)
2024-03-15 21:40:21,155 [d5082477-7a9c-4c69-9d34-13fd3fa2989c-groupManagement] INFO  server.RaftServerConfigKeys (ConfUtils.java:logGet(46)) - raft.server.rpc.request.timeout = 3000ms (default)
2024-03-15 21:40:21,155 [d5082477-7a9c-4c69-9d34-13fd3fa2989c-groupManagement] INFO  server.RaftServerConfigKeys (ConfUtils.java:logGet(46)) - raft.server.log.appender.install.snapshot.enabled = false (custom)
2024-03-15 21:40:21,155 [d5082477-7a9c-4c69-9d34-13fd3fa2989c-groupManagement] INFO  server.RaftServerConfigKeys (ConfUtils.java:logGet(46)) - raft.server.threadpool.server.cached = true (default)
2024-03-15 21:40:21,155 [d5082477-7a9c-4c69-9d34-13fd3fa2989c-groupManagement] INFO  server.RaftServerConfigKeys (ConfUtils.java:logGet(46)) - raft.server.threadpool.server.size = 0 (default)
2024-03-15 21:40:21,156 [d5082477-7a9c-4c69-9d34-13fd3fa2989c-groupManagement] INFO  server.RaftServerConfigKeys (ConfUtils.java:logGet(46)) - raft.server.threadpool.client.cached = true (default)
2024-03-15 21:40:21,156 [d5082477-7a9c-4c69-9d34-13fd3fa2989c-groupManagement] INFO  server.RaftServerConfigKeys (ConfUtils.java:logGet(46)) - raft.server.threadpool.client.size = 0 (default)
2024-03-15 21:40:21,156 [d5082477-7a9c-4c69-9d34-13fd3fa2989c-groupManagement] INFO  server.RaftServerConfigKeys (ConfUtils.java:logGet(46)) - raft.server.storage.free-space.min = 0MB (=0) (default)
2024-03-15 21:40:21,156 [d5082477-7a9c-4c69-9d34-13fd3fa2989c-groupManagement] INFO  server.RaftServerConfigKeys (ConfUtils.java:logGet(46)) - raft.server.log.corruption.policy = EXCEPTION (default)
2024-03-15 21:40:21,156 [d5082477-7a9c-4c69-9d34-13fd3fa2989c-groupManagement] INFO  server.RaftServerConfigKeys (ConfUtils.java:logGet(46)) - raft.server.storage.dir = [/home/runner/work/ozone/ozone/hadoop-ozone/integration-test/target/test-dir/MiniOzoneClusterImpl-9d1dee8c-d44a-4a38-8f2b-42c9fdbb6771/ozone-meta/datanode-4/ratis] (custom)
2024-03-15 21:40:21,156 [d5082477-7a9c-4c69-9d34-13fd3fa2989c-groupManagement] INFO  storage.RaftStorageDirectory (RaftStorageDirectoryImpl.java:analyzeStorage(138)) - The storage directory /home/runner/work/ozone/ozone/hadoop-ozone/integration-test/target/test-dir/MiniOzoneClusterImpl-9d1dee8c-d44a-4a38-8f2b-42c9fdbb6771/ozone-meta/datanode-4/ratis/36ff7108-370d-4a57-986d-48bcf4b4440d does not exist. Creating ...
2024-03-15 21:40:21,157 [d5082477-7a9c-4c69-9d34-13fd3fa2989c-groupManagement] INFO  storage.RaftStorageDirectory (RaftStorageDirectoryImpl.java:tryLock(228)) - Lock on /home/runner/work/ozone/ozone/hadoop-ozone/integration-test/target/test-dir/MiniOzoneClusterImpl-9d1dee8c-d44a-4a38-8f2b-42c9fdbb6771/ozone-meta/datanode-4/ratis/36ff7108-370d-4a57-986d-48bcf4b4440d/in_use.lock acquired by nodename 60682@fv-az528-102
2024-03-15 21:40:21,158 [d5082477-7a9c-4c69-9d34-13fd3fa2989c-groupManagement] INFO  storage.RaftStorage (RaftStorageImpl.java:format(99)) - Storage directory /home/runner/work/ozone/ozone/hadoop-ozone/integration-test/target/test-dir/MiniOzoneClusterImpl-9d1dee8c-d44a-4a38-8f2b-42c9fdbb6771/ozone-meta/datanode-4/ratis/36ff7108-370d-4a57-986d-48bcf4b4440d has been successfully formatted.
2024-03-15 21:40:21,158 [d5082477-7a9c-4c69-9d34-13fd3fa2989c-groupManagement] WARN  util.FileUtils (LogUtils.java:supplyAndLog(63)) - Failed to Files.newInputStream /home/runner/work/ozone/ozone/hadoop-ozone/integration-test/target/test-dir/MiniOzoneClusterImpl-9d1dee8c-d44a-4a38-8f2b-42c9fdbb6771/ozone-meta/datanode-4/ratis/36ff7108-370d-4a57-986d-48bcf4b4440d/current/raft-meta.conf with options []: java.nio.file.NoSuchFileException: /home/runner/work/ozone/ozone/hadoop-ozone/integration-test/target/test-dir/MiniOzoneClusterImpl-9d1dee8c-d44a-4a38-8f2b-42c9fdbb6771/ozone-meta/datanode-4/ratis/36ff7108-370d-4a57-986d-48bcf4b4440d/current/raft-meta.conf
2024-03-15 21:40:21,158 [d5082477-7a9c-4c69-9d34-13fd3fa2989c-groupManagement] INFO  ratis.ContainerStateMachine (ContainerStateMachine.java:loadSnapshot(287)) - group-48BCF4B4440D: The snapshot info is null. Setting the last applied index to:(t:0, i:~)
2024-03-15 21:40:21,158 [d5082477-7a9c-4c69-9d34-13fd3fa2989c-groupManagement] INFO  server.RaftServerConfigKeys (ConfUtils.java:logGet(46)) - raft.server.log.use.memory = false (default)
2024-03-15 21:40:21,158 [d5082477-7a9c-4c69-9d34-13fd3fa2989c-groupManagement] INFO  server.RaftServerConfigKeys (ConfUtils.java:logGet(46)) - raft.server.log.purge.gap = 1000000 (custom)
2024-03-15 21:40:21,158 [d5082477-7a9c-4c69-9d34-13fd3fa2989c-groupManagement] INFO  server.RaftServerConfigKeys (ConfUtils.java:logGet(46)) - raft.server.log.appender.buffer.byte-limit = 8388608 (custom)
2024-03-15 21:40:21,158 [d5082477-7a9c-4c69-9d34-13fd3fa2989c-groupManagement] INFO  server.RaftServerConfigKeys (ConfUtils.java:logGet(46)) - raft.server.log.statemachine.data.read.timeout = 1000ms (default)
2024-03-15 21:40:21,158 [d5082477-7a9c-4c69-9d34-13fd3fa2989c-groupManagement] INFO  server.RaftServerConfigKeys (ConfUtils.java:logGet(46)) - raft.server.log.purge.preservation.log.num = 0 (default)
2024-03-15 21:40:21,160 [d5082477-7a9c-4c69-9d34-13fd3fa2989c-groupManagement] INFO  server.RaftServerConfigKeys (ConfUtils.java:logGet(46)) - raft.server.log.segment.size.max = 67108864 (custom)
2024-03-15 21:40:21,160 [d5082477-7a9c-4c69-9d34-13fd3fa2989c-groupManagement] INFO  server.RaftServerConfigKeys (ConfUtils.java:logGet(46)) - raft.server.log.segment.cache.num.max = 2 (custom)
2024-03-15 21:40:21,160 [d5082477-7a9c-4c69-9d34-13fd3fa2989c-groupManagement] INFO  server.RaftServerConfigKeys (ConfUtils.java:logGet(46)) - raft.server.log.segment.cache.size.max = 200MB (=209715200) (default)
2024-03-15 21:40:21,160 [d5082477-7a9c-4c69-9d34-13fd3fa2989c-groupManagement] INFO  server.RaftServerConfigKeys (ConfUtils.java:logGet(46)) - raft.server.log.appender.buffer.byte-limit = 8388608 (custom)
2024-03-15 21:40:21,160 [d5082477-7a9c-4c69-9d34-13fd3fa2989c-groupManagement] INFO  util.AwaitToRun (AwaitToRun.java:start(81)) - Thread[d5082477-7a9c-4c69-9d34-13fd3fa2989c@group-48BCF4B4440D-cacheEviction-AwaitToRun,5,main] started
2024-03-15 21:40:21,160 [d5082477-7a9c-4c69-9d34-13fd3fa2989c-groupManagement] INFO  segmented.SegmentedRaftLogWorker (SegmentedRaftLogWorker.java:<init>(182)) - new d5082477-7a9c-4c69-9d34-13fd3fa2989c@group-48BCF4B4440D-SegmentedRaftLogWorker for RaftStorageImpl:Storage Directory /home/runner/work/ozone/ozone/hadoop-ozone/integration-test/target/test-dir/MiniOzoneClusterImpl-9d1dee8c-d44a-4a38-8f2b-42c9fdbb6771/ozone-meta/datanode-4/ratis/36ff7108-370d-4a57-986d-48bcf4b4440d
2024-03-15 21:40:21,160 [d5082477-7a9c-4c69-9d34-13fd3fa2989c-groupManagement] INFO  server.RaftServerConfigKeys (ConfUtils.java:logGet(46)) - raft.server.log.queue.byte-limit = 4294967296 (custom)
2024-03-15 21:40:21,160 [d5082477-7a9c-4c69-9d34-13fd3fa2989c-groupManagement] INFO  server.RaftServerConfigKeys (ConfUtils.java:logGet(46)) - raft.server.log.queue.element-limit = 1024 (custom)
2024-03-15 21:40:21,160 [d5082477-7a9c-4c69-9d34-13fd3fa2989c-groupManagement] INFO  server.RaftServerConfigKeys (ConfUtils.java:logGet(46)) - raft.server.log.segment.size.max = 67108864 (custom)
2024-03-15 21:40:21,160 [d5082477-7a9c-4c69-9d34-13fd3fa2989c-groupManagement] INFO  server.RaftServerConfigKeys (ConfUtils.java:logGet(46)) - raft.server.log.preallocated.size = 4194304 (custom)
2024-03-15 21:40:21,160 [d5082477-7a9c-4c69-9d34-13fd3fa2989c-groupManagement] INFO  server.RaftServerConfigKeys (ConfUtils.java:logGet(46)) - raft.server.log.force.sync.num = 128 (default)
2024-03-15 21:40:21,161 [d5082477-7a9c-4c69-9d34-13fd3fa2989c-groupManagement] INFO  server.RaftServerConfigKeys (ConfUtils.java:logGet(46)) - raft.server.log.statemachine.data.sync = true (default)
2024-03-15 21:40:21,161 [d5082477-7a9c-4c69-9d34-13fd3fa2989c-groupManagement] INFO  server.RaftServerConfigKeys (ConfUtils.java:logGet(46)) - raft.server.log.statemachine.data.sync.timeout = 10s (default)
2024-03-15 21:40:21,161 [d5082477-7a9c-4c69-9d34-13fd3fa2989c-groupManagement] INFO  server.RaftServerConfigKeys (ConfUtils.java:logGet(46)) - raft.server.log.statemachine.data.sync.timeout.retry = 0 (custom)
2024-03-15 21:40:21,161 [d5082477-7a9c-4c69-9d34-13fd3fa2989c-groupManagement] INFO  server.RaftServerConfigKeys (ConfUtils.java:logGet(46)) - raft.server.log.write.buffer.size = 8388616 (custom)
2024-03-15 21:40:21,162 [d5082477-7a9c-4c69-9d34-13fd3fa2989c-groupManagement] INFO  server.RaftServerConfigKeys (ConfUtils.java:logGet(46)) - raft.server.log.appender.buffer.byte-limit = 8388608 (custom)
2024-03-15 21:40:21,162 [d5082477-7a9c-4c69-9d34-13fd3fa2989c-groupManagement] INFO  server.RaftServerConfigKeys (ConfUtils.java:logGet(46)) - raft.server.log.unsafe-flush.enabled = false (default)
2024-03-15 21:40:21,162 [d5082477-7a9c-4c69-9d34-13fd3fa2989c-groupManagement] INFO  server.RaftServerConfigKeys (ConfUtils.java:logGet(46)) - raft.server.log.async-flush.enabled = false (default)
2024-03-15 21:40:21,162 [d5082477-7a9c-4c69-9d34-13fd3fa2989c-groupManagement] INFO  server.RaftServerConfigKeys (ConfUtils.java:logGet(46)) - raft.server.log.statemachine.data.caching.enabled = true (custom)
2024-03-15 21:40:21,162 [d5082477-7a9c-4c69-9d34-13fd3fa2989c-groupManagement] INFO  segmented.SegmentedRaftLogWorker (SegmentedRaftLogWorker.java:lambda$new$0(134)) - d5082477-7a9c-4c69-9d34-13fd3fa2989c@group-48BCF4B4440D-SegmentedRaftLogWorker: flushIndex: setUnconditionally 0 -> -1
2024-03-15 21:40:21,162 [d5082477-7a9c-4c69-9d34-13fd3fa2989c-groupManagement] INFO  segmented.SegmentedRaftLogWorker (SegmentedRaftLogWorker.java:lambda$new$0(134)) - d5082477-7a9c-4c69-9d34-13fd3fa2989c@group-48BCF4B4440D-SegmentedRaftLogWorker: safeCacheEvictIndex: setUnconditionally 0 -> -1
2024-03-15 21:40:21,163 [d5082477-7a9c-4c69-9d34-13fd3fa2989c-groupManagement] INFO  server.RaftServer$Division (RaftServerImpl.java:start(396)) - d5082477-7a9c-4c69-9d34-13fd3fa2989c@group-48BCF4B4440D: start as a follower, conf=-1: peers:[c275007a-4e3d-4cf4-8bcd-9935f71fc838|10.1.0.11:15406, d5082477-7a9c-4c69-9d34-13fd3fa2989c|10.1.0.11:15397, 3dfa3a40-7be8-4b27-818e-b4bcb1f9d011|10.1.0.11:15415]|listeners:[], old=null
2024-03-15 21:40:21,163 [d5082477-7a9c-4c69-9d34-13fd3fa2989c-groupManagement] INFO  server.RaftServer$Division (RaftServerImpl.java:setRole(383)) - d5082477-7a9c-4c69-9d34-13fd3fa2989c@group-48BCF4B4440D: changes role from      null to FOLLOWER at term 0 for startAsFollower
2024-03-15 21:40:21,163 [d5082477-7a9c-4c69-9d34-13fd3fa2989c-groupManagement] INFO  impl.RoleInfo (RoleInfo.java:updateAndGet(139)) - d5082477-7a9c-4c69-9d34-13fd3fa2989c: start d5082477-7a9c-4c69-9d34-13fd3fa2989c@group-48BCF4B4440D-FollowerState
2024-03-15 21:40:21,163 [d5082477-7a9c-4c69-9d34-13fd3fa2989c-groupManagement] INFO  util.JmxRegister (JmxRegister.java:tryRegister(44)) - Successfully registered JMX Bean with object name Ratis:service=RaftServer,group=group-48BCF4B4440D,id=d5082477-7a9c-4c69-9d34-13fd3fa2989c
2024-03-15 21:40:21,163 [d5082477-7a9c-4c69-9d34-13fd3fa2989c@group-48BCF4B4440D-FollowerState] INFO  server.RaftServerConfigKeys (ConfUtils.java:logFallback(53)) - raft.server.rpc.first-election.timeout.min = 5s (fallback to raft.server.rpc.timeout.min)
2024-03-15 21:40:21,164 [d5082477-7a9c-4c69-9d34-13fd3fa2989c-groupManagement] INFO  server.RaftServerConfigKeys (ConfUtils.java:logGet(46)) - raft.server.snapshot.trigger-when-stop.enabled = true (default)
2024-03-15 21:40:21,164 [d5082477-7a9c-4c69-9d34-13fd3fa2989c-groupManagement] INFO  server.RaftServerConfigKeys (ConfUtils.java:logGet(46)) - raft.server.snapshot.auto.trigger.enabled = true (custom)
2024-03-15 21:40:21,164 [d5082477-7a9c-4c69-9d34-13fd3fa2989c-groupManagement] INFO  server.RaftServerConfigKeys (ConfUtils.java:logGet(46)) - raft.server.snapshot.auto.trigger.threshold = 10000 (custom)
2024-03-15 21:40:21,164 [d5082477-7a9c-4c69-9d34-13fd3fa2989c-groupManagement] INFO  server.RaftServerConfigKeys (ConfUtils.java:logGet(46)) - raft.server.snapshot.retention.file.num = 5 (custom)
2024-03-15 21:40:21,164 [d5082477-7a9c-4c69-9d34-13fd3fa2989c-groupManagement] INFO  server.RaftServerConfigKeys (ConfUtils.java:logGet(46)) - raft.server.log.purge.upto.snapshot.index = false (default)
2024-03-15 21:40:21,164 [d5082477-7a9c-4c69-9d34-13fd3fa2989c@group-48BCF4B4440D-FollowerState] INFO  server.RaftServerConfigKeys (ConfUtils.java:logFallback(53)) - raft.server.rpc.first-election.timeout.max = 5200ms (fallback to raft.server.rpc.timeout.max)
2024-03-15 21:40:21,165 [EventQueue-OpenPipelineForHealthyPipelineSafeModeRule] INFO  safemode.SCMSafeModeManager (HealthyPipelineSafeModeRule.java:process(140)) - SCM in safe mode. Healthy pipelines reported count is 0, required healthy pipeline reported count is 1
2024-03-15 21:40:21,165 [d5082477-7a9c-4c69-9d34-13fd3fa2989c-PipelineCommandHandlerThread-0] INFO  ratis.XceiverServerRatis (XceiverServerRatis.java:addGroup(864)) - Created group PipelineID=36ff7108-370d-4a57-986d-48bcf4b4440d
2024-03-15 21:40:21,171 [grpc-default-executor-5] INFO  server.RaftServer (RaftServerProxy.java:addNew(100)) - c275007a-4e3d-4cf4-8bcd-9935f71fc838: addNew group-48BCF4B4440D:[c275007a-4e3d-4cf4-8bcd-9935f71fc838|10.1.0.11:15406, d5082477-7a9c-4c69-9d34-13fd3fa2989c|10.1.0.11:15397, 3dfa3a40-7be8-4b27-818e-b4bcb1f9d011|10.1.0.11:15415] returns group-48BCF4B4440D:java.util.concurrent.CompletableFuture@2bd19e91[Not completed]
2024-03-15 21:40:21,171 [c275007a-4e3d-4cf4-8bcd-9935f71fc838-groupManagement] INFO  server.RaftServer$Division (RaftServerImpl.java:<init>(256)) - c275007a-4e3d-4cf4-8bcd-9935f71fc838: new RaftServerImpl for group-48BCF4B4440D:[c275007a-4e3d-4cf4-8bcd-9935f71fc838|10.1.0.11:15406, d5082477-7a9c-4c69-9d34-13fd3fa2989c|10.1.0.11:15397, 3dfa3a40-7be8-4b27-818e-b4bcb1f9d011|10.1.0.11:15415] with ContainerStateMachine:uninitialized
2024-03-15 21:40:21,171 [c275007a-4e3d-4cf4-8bcd-9935f71fc838-groupManagement] INFO  server.RaftServerConfigKeys (ConfUtils.java:logGet(46)) - raft.server.rpc.timeout.min = 5s (custom)
2024-03-15 21:40:21,171 [c275007a-4e3d-4cf4-8bcd-9935f71fc838-groupManagement] INFO  server.RaftServerConfigKeys (ConfUtils.java:logGet(46)) - raft.server.rpc.timeout.max = 5200ms (custom)
2024-03-15 21:40:21,172 [c275007a-4e3d-4cf4-8bcd-9935f71fc838-groupManagement] INFO  server.RaftServerConfigKeys (ConfUtils.java:logGet(46)) - raft.server.rpc.sleep.time = 25ms (default)
2024-03-15 21:40:21,172 [c275007a-4e3d-4cf4-8bcd-9935f71fc838-groupManagement] INFO  server.RaftServerConfigKeys (ConfUtils.java:logGet(46)) - raft.server.rpc.slowness.timeout = 300000ms (custom)
2024-03-15 21:40:21,172 [c275007a-4e3d-4cf4-8bcd-9935f71fc838-groupManagement] INFO  server.RaftServerConfigKeys (ConfUtils.java:logGet(46)) - raft.server.leaderelection.leader.step-down.wait-time = 10s (default)
2024-03-15 21:40:21,172 [c275007a-4e3d-4cf4-8bcd-9935f71fc838-groupManagement] INFO  server.RaftServerConfigKeys (ConfUtils.java:logGet(46)) - raft.server.leaderelection.member.majority-add = false (default)
2024-03-15 21:40:21,172 [c275007a-4e3d-4cf4-8bcd-9935f71fc838-groupManagement] INFO  server.RaftServerConfigKeys (ConfUtils.java:logGet(46)) - raft.server.sleep.deviation.threshold = 300ms (default)
2024-03-15 21:40:21,172 [c275007a-4e3d-4cf4-8bcd-9935f71fc838-groupManagement] INFO  server.RaftServer$Division (ServerState.java:<init>(113)) - c275007a-4e3d-4cf4-8bcd-9935f71fc838@group-48BCF4B4440D: ConfigurationManager, init=-1: peers:[c275007a-4e3d-4cf4-8bcd-9935f71fc838|10.1.0.11:15406, d5082477-7a9c-4c69-9d34-13fd3fa2989c|10.1.0.11:15397, 3dfa3a40-7be8-4b27-818e-b4bcb1f9d011|10.1.0.11:15415]|listeners:[], old=null, confs=<EMPTY_MAP>
2024-03-15 21:40:21,172 [c275007a-4e3d-4cf4-8bcd-9935f71fc838-groupManagement] INFO  server.RaftServerConfigKeys (ConfUtils.java:logGet(46)) - raft.server.notification.no-leader.timeout = 300000ms (custom)
2024-03-15 21:40:21,172 [c275007a-4e3d-4cf4-8bcd-9935f71fc838-groupManagement] INFO  server.RaftServerConfigKeys (ConfUtils.java:logGet(46)) - raft.server.read.timeout = 10s (default)
2024-03-15 21:40:21,172 [c275007a-4e3d-4cf4-8bcd-9935f71fc838-groupManagement] INFO  server.RaftServerConfigKeys (ConfUtils.java:logGet(46)) - raft.server.retrycache.expirytime = 600000ms (custom)
2024-03-15 21:40:21,172 [c275007a-4e3d-4cf4-8bcd-9935f71fc838-groupManagement] INFO  server.RaftServerConfigKeys (ConfUtils.java:logGet(46)) - raft.server.retrycache.statistics.expirytime = 100ms (default)
2024-03-15 21:40:21,172 [c275007a-4e3d-4cf4-8bcd-9935f71fc838-groupManagement] INFO  server.RaftServerConfigKeys (ConfUtils.java:logGet(46)) - raft.server.read.option = DEFAULT (default)
2024-03-15 21:40:21,172 [c275007a-4e3d-4cf4-8bcd-9935f71fc838-groupManagement] INFO  server.RaftServerConfigKeys (ConfUtils.java:logGet(46)) - raft.server.read.read-after-write-consistent.write-index-cache.expiry-time = 60s (default)
2024-03-15 21:40:21,173 [c275007a-4e3d-4cf4-8bcd-9935f71fc838-groupManagement] INFO  server.RaftServerConfigKeys (ConfUtils.java:logGet(46)) - raft.server.rpc.request.timeout = 3000ms (default)
2024-03-15 21:40:21,173 [c275007a-4e3d-4cf4-8bcd-9935f71fc838-groupManagement] INFO  server.RaftServerConfigKeys (ConfUtils.java:logGet(46)) - raft.server.log.appender.install.snapshot.enabled = false (custom)
2024-03-15 21:40:21,174 [c275007a-4e3d-4cf4-8bcd-9935f71fc838-groupManagement] INFO  server.RaftServerConfigKeys (ConfUtils.java:logGet(46)) - raft.server.threadpool.server.cached = true (default)
2024-03-15 21:40:21,174 [c275007a-4e3d-4cf4-8bcd-9935f71fc838-groupManagement] INFO  server.RaftServerConfigKeys (ConfUtils.java:logGet(46)) - raft.server.threadpool.server.size = 0 (default)
2024-03-15 21:40:21,174 [c275007a-4e3d-4cf4-8bcd-9935f71fc838-groupManagement] INFO  server.RaftServerConfigKeys (ConfUtils.java:logGet(46)) - raft.server.threadpool.client.cached = true (default)
2024-03-15 21:40:21,174 [c275007a-4e3d-4cf4-8bcd-9935f71fc838-groupManagement] INFO  server.RaftServerConfigKeys (ConfUtils.java:logGet(46)) - raft.server.threadpool.client.size = 0 (default)
2024-03-15 21:40:21,174 [c275007a-4e3d-4cf4-8bcd-9935f71fc838-groupManagement] INFO  server.RaftServerConfigKeys (ConfUtils.java:logGet(46)) - raft.server.storage.free-space.min = 0MB (=0) (default)
2024-03-15 21:40:21,174 [c275007a-4e3d-4cf4-8bcd-9935f71fc838-groupManagement] INFO  server.RaftServerConfigKeys (ConfUtils.java:logGet(46)) - raft.server.log.corruption.policy = EXCEPTION (default)
2024-03-15 21:40:21,174 [c275007a-4e3d-4cf4-8bcd-9935f71fc838-groupManagement] INFO  server.RaftServerConfigKeys (ConfUtils.java:logGet(46)) - raft.server.storage.dir = [/home/runner/work/ozone/ozone/hadoop-ozone/integration-test/target/test-dir/MiniOzoneClusterImpl-9d1dee8c-d44a-4a38-8f2b-42c9fdbb6771/ozone-meta/datanode-5/ratis] (custom)
2024-03-15 21:40:21,174 [c275007a-4e3d-4cf4-8bcd-9935f71fc838-groupManagement] INFO  storage.RaftStorageDirectory (RaftStorageDirectoryImpl.java:analyzeStorage(138)) - The storage directory /home/runner/work/ozone/ozone/hadoop-ozone/integration-test/target/test-dir/MiniOzoneClusterImpl-9d1dee8c-d44a-4a38-8f2b-42c9fdbb6771/ozone-meta/datanode-5/ratis/36ff7108-370d-4a57-986d-48bcf4b4440d does not exist. Creating ...
2024-03-15 21:40:21,175 [c275007a-4e3d-4cf4-8bcd-9935f71fc838-groupManagement] INFO  storage.RaftStorageDirectory (RaftStorageDirectoryImpl.java:tryLock(228)) - Lock on /home/runner/work/ozone/ozone/hadoop-ozone/integration-test/target/test-dir/MiniOzoneClusterImpl-9d1dee8c-d44a-4a38-8f2b-42c9fdbb6771/ozone-meta/datanode-5/ratis/36ff7108-370d-4a57-986d-48bcf4b4440d/in_use.lock acquired by nodename 60682@fv-az528-102
2024-03-15 21:40:21,176 [c275007a-4e3d-4cf4-8bcd-9935f71fc838-groupManagement] INFO  storage.RaftStorage (RaftStorageImpl.java:format(99)) - Storage directory /home/runner/work/ozone/ozone/hadoop-ozone/integration-test/target/test-dir/MiniOzoneClusterImpl-9d1dee8c-d44a-4a38-8f2b-42c9fdbb6771/ozone-meta/datanode-5/ratis/36ff7108-370d-4a57-986d-48bcf4b4440d has been successfully formatted.
2024-03-15 21:40:21,176 [c275007a-4e3d-4cf4-8bcd-9935f71fc838-groupManagement] WARN  util.FileUtils (LogUtils.java:supplyAndLog(63)) - Failed to Files.newInputStream /home/runner/work/ozone/ozone/hadoop-ozone/integration-test/target/test-dir/MiniOzoneClusterImpl-9d1dee8c-d44a-4a38-8f2b-42c9fdbb6771/ozone-meta/datanode-5/ratis/36ff7108-370d-4a57-986d-48bcf4b4440d/current/raft-meta.conf with options []: java.nio.file.NoSuchFileException: /home/runner/work/ozone/ozone/hadoop-ozone/integration-test/target/test-dir/MiniOzoneClusterImpl-9d1dee8c-d44a-4a38-8f2b-42c9fdbb6771/ozone-meta/datanode-5/ratis/36ff7108-370d-4a57-986d-48bcf4b4440d/current/raft-meta.conf
2024-03-15 21:40:21,177 [c275007a-4e3d-4cf4-8bcd-9935f71fc838-groupManagement] INFO  ratis.ContainerStateMachine (ContainerStateMachine.java:loadSnapshot(287)) - group-48BCF4B4440D: The snapshot info is null. Setting the last applied index to:(t:0, i:~)
2024-03-15 21:40:21,177 [c275007a-4e3d-4cf4-8bcd-9935f71fc838-groupManagement] INFO  server.RaftServerConfigKeys (ConfUtils.java:logGet(46)) - raft.server.log.use.memory = false (default)
2024-03-15 21:40:21,177 [c275007a-4e3d-4cf4-8bcd-9935f71fc838-groupManagement] INFO  server.RaftServerConfigKeys (ConfUtils.java:logGet(46)) - raft.server.log.purge.gap = 1000000 (custom)
2024-03-15 21:40:21,177 [c275007a-4e3d-4cf4-8bcd-9935f71fc838-groupManagement] INFO  server.RaftServerConfigKeys (ConfUtils.java:logGet(46)) - raft.server.log.appender.buffer.byte-limit = 8388608 (custom)
2024-03-15 21:40:21,177 [c275007a-4e3d-4cf4-8bcd-9935f71fc838-groupManagement] INFO  server.RaftServerConfigKeys (ConfUtils.java:logGet(46)) - raft.server.log.statemachine.data.read.timeout = 1000ms (default)
2024-03-15 21:40:21,177 [c275007a-4e3d-4cf4-8bcd-9935f71fc838-groupManagement] INFO  server.RaftServerConfigKeys (ConfUtils.java:logGet(46)) - raft.server.log.purge.preservation.log.num = 0 (default)
2024-03-15 21:40:21,178 [c275007a-4e3d-4cf4-8bcd-9935f71fc838-groupManagement] INFO  server.RaftServerConfigKeys (ConfUtils.java:logGet(46)) - raft.server.log.segment.size.max = 67108864 (custom)
2024-03-15 21:40:21,178 [c275007a-4e3d-4cf4-8bcd-9935f71fc838-groupManagement] INFO  server.RaftServerConfigKeys (ConfUtils.java:logGet(46)) - raft.server.log.segment.cache.num.max = 2 (custom)
2024-03-15 21:40:21,178 [c275007a-4e3d-4cf4-8bcd-9935f71fc838-groupManagement] INFO  server.RaftServerConfigKeys (ConfUtils.java:logGet(46)) - raft.server.log.segment.cache.size.max = 200MB (=209715200) (default)
2024-03-15 21:40:21,179 [c275007a-4e3d-4cf4-8bcd-9935f71fc838-groupManagement] INFO  server.RaftServerConfigKeys (ConfUtils.java:logGet(46)) - raft.server.log.appender.buffer.byte-limit = 8388608 (custom)
2024-03-15 21:40:21,179 [c275007a-4e3d-4cf4-8bcd-9935f71fc838-groupManagement] INFO  util.AwaitToRun (AwaitToRun.java:start(81)) - Thread[c275007a-4e3d-4cf4-8bcd-9935f71fc838@group-48BCF4B4440D-cacheEviction-AwaitToRun,5,main] started
2024-03-15 21:40:21,179 [c275007a-4e3d-4cf4-8bcd-9935f71fc838-groupManagement] INFO  segmented.SegmentedRaftLogWorker (SegmentedRaftLogWorker.java:<init>(182)) - new c275007a-4e3d-4cf4-8bcd-9935f71fc838@group-48BCF4B4440D-SegmentedRaftLogWorker for RaftStorageImpl:Storage Directory /home/runner/work/ozone/ozone/hadoop-ozone/integration-test/target/test-dir/MiniOzoneClusterImpl-9d1dee8c-d44a-4a38-8f2b-42c9fdbb6771/ozone-meta/datanode-5/ratis/36ff7108-370d-4a57-986d-48bcf4b4440d
2024-03-15 21:40:21,179 [c275007a-4e3d-4cf4-8bcd-9935f71fc838-groupManagement] INFO  server.RaftServerConfigKeys (ConfUtils.java:logGet(46)) - raft.server.log.queue.byte-limit = 4294967296 (custom)
2024-03-15 21:40:21,179 [c275007a-4e3d-4cf4-8bcd-9935f71fc838-groupManagement] INFO  server.RaftServerConfigKeys (ConfUtils.java:logGet(46)) - raft.server.log.queue.element-limit = 1024 (custom)
2024-03-15 21:40:21,179 [c275007a-4e3d-4cf4-8bcd-9935f71fc838-groupManagement] INFO  server.RaftServerConfigKeys (ConfUtils.java:logGet(46)) - raft.server.log.segment.size.max = 67108864 (custom)
2024-03-15 21:40:21,179 [c275007a-4e3d-4cf4-8bcd-9935f71fc838-groupManagement] INFO  server.RaftServerConfigKeys (ConfUtils.java:logGet(46)) - raft.server.log.preallocated.size = 4194304 (custom)
2024-03-15 21:40:21,179 [c275007a-4e3d-4cf4-8bcd-9935f71fc838-groupManagement] INFO  server.RaftServerConfigKeys (ConfUtils.java:logGet(46)) - raft.server.log.force.sync.num = 128 (default)
2024-03-15 21:40:21,179 [c275007a-4e3d-4cf4-8bcd-9935f71fc838-groupManagement] INFO  server.RaftServerConfigKeys (ConfUtils.java:logGet(46)) - raft.server.log.statemachine.data.sync = true (default)
2024-03-15 21:40:21,179 [c275007a-4e3d-4cf4-8bcd-9935f71fc838-groupManagement] INFO  server.RaftServerConfigKeys (ConfUtils.java:logGet(46)) - raft.server.log.statemachine.data.sync.timeout = 10s (default)
2024-03-15 21:40:21,179 [c275007a-4e3d-4cf4-8bcd-9935f71fc838-groupManagement] INFO  server.RaftServerConfigKeys (ConfUtils.java:logGet(46)) - raft.server.log.statemachine.data.sync.timeout.retry = 0 (custom)
2024-03-15 21:40:21,179 [c275007a-4e3d-4cf4-8bcd-9935f71fc838-groupManagement] INFO  server.RaftServerConfigKeys (ConfUtils.java:logGet(46)) - raft.server.log.write.buffer.size = 8388616 (custom)
2024-03-15 21:40:21,180 [c275007a-4e3d-4cf4-8bcd-9935f71fc838-groupManagement] INFO  server.RaftServerConfigKeys (ConfUtils.java:logGet(46)) - raft.server.log.appender.buffer.byte-limit = 8388608 (custom)
2024-03-15 21:40:21,180 [c275007a-4e3d-4cf4-8bcd-9935f71fc838-groupManagement] INFO  server.RaftServerConfigKeys (ConfUtils.java:logGet(46)) - raft.server.log.unsafe-flush.enabled = false (default)
2024-03-15 21:40:21,180 [c275007a-4e3d-4cf4-8bcd-9935f71fc838-groupManagement] INFO  server.RaftServerConfigKeys (ConfUtils.java:logGet(46)) - raft.server.log.async-flush.enabled = false (default)
2024-03-15 21:40:21,180 [c275007a-4e3d-4cf4-8bcd-9935f71fc838-groupManagement] INFO  server.RaftServerConfigKeys (ConfUtils.java:logGet(46)) - raft.server.log.statemachine.data.caching.enabled = true (custom)
2024-03-15 21:40:21,180 [c275007a-4e3d-4cf4-8bcd-9935f71fc838-groupManagement] INFO  segmented.SegmentedRaftLogWorker (SegmentedRaftLogWorker.java:lambda$new$0(134)) - c275007a-4e3d-4cf4-8bcd-9935f71fc838@group-48BCF4B4440D-SegmentedRaftLogWorker: flushIndex: setUnconditionally 0 -> -1
2024-03-15 21:40:21,180 [c275007a-4e3d-4cf4-8bcd-9935f71fc838-groupManagement] INFO  segmented.SegmentedRaftLogWorker (SegmentedRaftLogWorker.java:lambda$new$0(134)) - c275007a-4e3d-4cf4-8bcd-9935f71fc838@group-48BCF4B4440D-SegmentedRaftLogWorker: safeCacheEvictIndex: setUnconditionally 0 -> -1
2024-03-15 21:40:21,181 [c275007a-4e3d-4cf4-8bcd-9935f71fc838-groupManagement] INFO  server.RaftServer$Division (RaftServerImpl.java:start(396)) - c275007a-4e3d-4cf4-8bcd-9935f71fc838@group-48BCF4B4440D: start as a follower, conf=-1: peers:[c275007a-4e3d-4cf4-8bcd-9935f71fc838|10.1.0.11:15406, d5082477-7a9c-4c69-9d34-13fd3fa2989c|10.1.0.11:15397, 3dfa3a40-7be8-4b27-818e-b4bcb1f9d011|10.1.0.11:15415]|listeners:[], old=null
2024-03-15 21:40:21,181 [c275007a-4e3d-4cf4-8bcd-9935f71fc838-groupManagement] INFO  server.RaftServer$Division (RaftServerImpl.java:setRole(383)) - c275007a-4e3d-4cf4-8bcd-9935f71fc838@group-48BCF4B4440D: changes role from      null to FOLLOWER at term 0 for startAsFollower
2024-03-15 21:40:21,181 [c275007a-4e3d-4cf4-8bcd-9935f71fc838-groupManagement] INFO  impl.RoleInfo (RoleInfo.java:updateAndGet(139)) - c275007a-4e3d-4cf4-8bcd-9935f71fc838: start c275007a-4e3d-4cf4-8bcd-9935f71fc838@group-48BCF4B4440D-FollowerState
2024-03-15 21:40:21,181 [c275007a-4e3d-4cf4-8bcd-9935f71fc838-groupManagement] INFO  util.JmxRegister (JmxRegister.java:tryRegister(44)) - Successfully registered JMX Bean with object name Ratis:service=RaftServer,group=group-48BCF4B4440D,id=c275007a-4e3d-4cf4-8bcd-9935f71fc838
2024-03-15 21:40:21,181 [c275007a-4e3d-4cf4-8bcd-9935f71fc838@group-48BCF4B4440D-FollowerState] INFO  server.RaftServerConfigKeys (ConfUtils.java:logFallback(53)) - raft.server.rpc.first-election.timeout.min = 5s (fallback to raft.server.rpc.timeout.min)
2024-03-15 21:40:21,181 [c275007a-4e3d-4cf4-8bcd-9935f71fc838-groupManagement] INFO  server.RaftServerConfigKeys (ConfUtils.java:logGet(46)) - raft.server.snapshot.trigger-when-stop.enabled = true (default)
2024-03-15 21:40:21,181 [c275007a-4e3d-4cf4-8bcd-9935f71fc838-groupManagement] INFO  server.RaftServerConfigKeys (ConfUtils.java:logGet(46)) - raft.server.snapshot.auto.trigger.enabled = true (custom)
2024-03-15 21:40:21,181 [c275007a-4e3d-4cf4-8bcd-9935f71fc838@group-48BCF4B4440D-FollowerState] INFO  server.RaftServerConfigKeys (ConfUtils.java:logFallback(53)) - raft.server.rpc.first-election.timeout.max = 5200ms (fallback to raft.server.rpc.timeout.max)
2024-03-15 21:40:21,181 [c275007a-4e3d-4cf4-8bcd-9935f71fc838-groupManagement] INFO  server.RaftServerConfigKeys (ConfUtils.java:logGet(46)) - raft.server.snapshot.auto.trigger.threshold = 10000 (custom)
2024-03-15 21:40:21,181 [c275007a-4e3d-4cf4-8bcd-9935f71fc838-groupManagement] INFO  server.RaftServerConfigKeys (ConfUtils.java:logGet(46)) - raft.server.snapshot.retention.file.num = 5 (custom)
2024-03-15 21:40:21,181 [c275007a-4e3d-4cf4-8bcd-9935f71fc838-groupManagement] INFO  server.RaftServerConfigKeys (ConfUtils.java:logGet(46)) - raft.server.log.purge.upto.snapshot.index = false (default)
2024-03-15 21:40:21,196 [grpc-default-executor-5] INFO  server.RaftServer (RaftServerProxy.java:addNew(100)) - 3dfa3a40-7be8-4b27-818e-b4bcb1f9d011: addNew group-48BCF4B4440D:[c275007a-4e3d-4cf4-8bcd-9935f71fc838|10.1.0.11:15406, d5082477-7a9c-4c69-9d34-13fd3fa2989c|10.1.0.11:15397, 3dfa3a40-7be8-4b27-818e-b4bcb1f9d011|10.1.0.11:15415] returns group-48BCF4B4440D:java.util.concurrent.CompletableFuture@634e43ee[Not completed]
2024-03-15 21:40:21,197 [3dfa3a40-7be8-4b27-818e-b4bcb1f9d011-groupManagement] INFO  server.RaftServer$Division (RaftServerImpl.java:<init>(256)) - 3dfa3a40-7be8-4b27-818e-b4bcb1f9d011: new RaftServerImpl for group-48BCF4B4440D:[c275007a-4e3d-4cf4-8bcd-9935f71fc838|10.1.0.11:15406, d5082477-7a9c-4c69-9d34-13fd3fa2989c|10.1.0.11:15397, 3dfa3a40-7be8-4b27-818e-b4bcb1f9d011|10.1.0.11:15415] with ContainerStateMachine:uninitialized
2024-03-15 21:40:21,197 [3dfa3a40-7be8-4b27-818e-b4bcb1f9d011-groupManagement] INFO  server.RaftServerConfigKeys (ConfUtils.java:logGet(46)) - raft.server.rpc.timeout.min = 5s (custom)
2024-03-15 21:40:21,197 [3dfa3a40-7be8-4b27-818e-b4bcb1f9d011-groupManagement] INFO  server.RaftServerConfigKeys (ConfUtils.java:logGet(46)) - raft.server.rpc.timeout.max = 5200ms (custom)
2024-03-15 21:40:21,197 [3dfa3a40-7be8-4b27-818e-b4bcb1f9d011-groupManagement] INFO  server.RaftServerConfigKeys (ConfUtils.java:logGet(46)) - raft.server.rpc.sleep.time = 25ms (default)
2024-03-15 21:40:21,197 [3dfa3a40-7be8-4b27-818e-b4bcb1f9d011-groupManagement] INFO  server.RaftServerConfigKeys (ConfUtils.java:logGet(46)) - raft.server.rpc.slowness.timeout = 300000ms (custom)
2024-03-15 21:40:21,197 [3dfa3a40-7be8-4b27-818e-b4bcb1f9d011-groupManagement] INFO  server.RaftServerConfigKeys (ConfUtils.java:logGet(46)) - raft.server.leaderelection.leader.step-down.wait-time = 10s (default)
2024-03-15 21:40:21,197 [3dfa3a40-7be8-4b27-818e-b4bcb1f9d011-groupManagement] INFO  server.RaftServerConfigKeys (ConfUtils.java:logGet(46)) - raft.server.leaderelection.member.majority-add = false (default)
2024-03-15 21:40:21,197 [3dfa3a40-7be8-4b27-818e-b4bcb1f9d011-groupManagement] INFO  server.RaftServerConfigKeys (ConfUtils.java:logGet(46)) - raft.server.sleep.deviation.threshold = 300ms (default)
2024-03-15 21:40:21,197 [3dfa3a40-7be8-4b27-818e-b4bcb1f9d011-groupManagement] INFO  server.RaftServer$Division (ServerState.java:<init>(113)) - 3dfa3a40-7be8-4b27-818e-b4bcb1f9d011@group-48BCF4B4440D: ConfigurationManager, init=-1: peers:[c275007a-4e3d-4cf4-8bcd-9935f71fc838|10.1.0.11:15406, d5082477-7a9c-4c69-9d34-13fd3fa2989c|10.1.0.11:15397, 3dfa3a40-7be8-4b27-818e-b4bcb1f9d011|10.1.0.11:15415]|listeners:[], old=null, confs=<EMPTY_MAP>
2024-03-15 21:40:21,198 [3dfa3a40-7be8-4b27-818e-b4bcb1f9d011-groupManagement] INFO  server.RaftServerConfigKeys (ConfUtils.java:logGet(46)) - raft.server.notification.no-leader.timeout = 300000ms (custom)
2024-03-15 21:40:21,198 [3dfa3a40-7be8-4b27-818e-b4bcb1f9d011-groupManagement] INFO  server.RaftServerConfigKeys (ConfUtils.java:logGet(46)) - raft.server.read.timeout = 10s (default)
2024-03-15 21:40:21,198 [3dfa3a40-7be8-4b27-818e-b4bcb1f9d011-groupManagement] INFO  server.RaftServerConfigKeys (ConfUtils.java:logGet(46)) - raft.server.retrycache.expirytime = 600000ms (custom)
2024-03-15 21:40:21,198 [3dfa3a40-7be8-4b27-818e-b4bcb1f9d011-groupManagement] INFO  server.RaftServerConfigKeys (ConfUtils.java:logGet(46)) - raft.server.retrycache.statistics.expirytime = 100ms (default)
2024-03-15 21:40:21,198 [3dfa3a40-7be8-4b27-818e-b4bcb1f9d011-groupManagement] INFO  server.RaftServerConfigKeys (ConfUtils.java:logGet(46)) - raft.server.read.option = DEFAULT (default)
2024-03-15 21:40:21,198 [3dfa3a40-7be8-4b27-818e-b4bcb1f9d011-groupManagement] INFO  server.RaftServerConfigKeys (ConfUtils.java:logGet(46)) - raft.server.read.read-after-write-consistent.write-index-cache.expiry-time = 60s (default)
2024-03-15 21:40:21,200 [3dfa3a40-7be8-4b27-818e-b4bcb1f9d011-groupManagement] INFO  server.RaftServerConfigKeys (ConfUtils.java:logGet(46)) - raft.server.rpc.request.timeout = 3000ms (default)
2024-03-15 21:40:21,200 [3dfa3a40-7be8-4b27-818e-b4bcb1f9d011-groupManagement] INFO  server.RaftServerConfigKeys (ConfUtils.java:logGet(46)) - raft.server.log.appender.install.snapshot.enabled = false (custom)
2024-03-15 21:40:21,200 [3dfa3a40-7be8-4b27-818e-b4bcb1f9d011-groupManagement] INFO  server.RaftServerConfigKeys (ConfUtils.java:logGet(46)) - raft.server.threadpool.server.cached = true (default)
2024-03-15 21:40:21,200 [3dfa3a40-7be8-4b27-818e-b4bcb1f9d011-groupManagement] INFO  server.RaftServerConfigKeys (ConfUtils.java:logGet(46)) - raft.server.threadpool.server.size = 0 (default)
2024-03-15 21:40:21,200 [3dfa3a40-7be8-4b27-818e-b4bcb1f9d011-groupManagement] INFO  server.RaftServerConfigKeys (ConfUtils.java:logGet(46)) - raft.server.threadpool.client.cached = true (default)
2024-03-15 21:40:21,200 [3dfa3a40-7be8-4b27-818e-b4bcb1f9d011-groupManagement] INFO  server.RaftServerConfigKeys (ConfUtils.java:logGet(46)) - raft.server.threadpool.client.size = 0 (default)
2024-03-15 21:40:21,200 [3dfa3a40-7be8-4b27-818e-b4bcb1f9d011-groupManagement] INFO  server.RaftServerConfigKeys (ConfUtils.java:logGet(46)) - raft.server.storage.free-space.min = 0MB (=0) (default)
2024-03-15 21:40:21,200 [3dfa3a40-7be8-4b27-818e-b4bcb1f9d011-groupManagement] INFO  server.RaftServerConfigKeys (ConfUtils.java:logGet(46)) - raft.server.log.corruption.policy = EXCEPTION (default)
2024-03-15 21:40:21,200 [3dfa3a40-7be8-4b27-818e-b4bcb1f9d011-groupManagement] INFO  server.RaftServerConfigKeys (ConfUtils.java:logGet(46)) - raft.server.storage.dir = [/home/runner/work/ozone/ozone/hadoop-ozone/integration-test/target/test-dir/MiniOzoneClusterImpl-9d1dee8c-d44a-4a38-8f2b-42c9fdbb6771/ozone-meta/datanode-6/ratis] (custom)
2024-03-15 21:40:21,200 [3dfa3a40-7be8-4b27-818e-b4bcb1f9d011-groupManagement] INFO  storage.RaftStorageDirectory (RaftStorageDirectoryImpl.java:analyzeStorage(138)) - The storage directory /home/runner/work/ozone/ozone/hadoop-ozone/integration-test/target/test-dir/MiniOzoneClusterImpl-9d1dee8c-d44a-4a38-8f2b-42c9fdbb6771/ozone-meta/datanode-6/ratis/36ff7108-370d-4a57-986d-48bcf4b4440d does not exist. Creating ...
2024-03-15 21:40:21,201 [3dfa3a40-7be8-4b27-818e-b4bcb1f9d011-groupManagement] INFO  storage.RaftStorageDirectory (RaftStorageDirectoryImpl.java:tryLock(228)) - Lock on /home/runner/work/ozone/ozone/hadoop-ozone/integration-test/target/test-dir/MiniOzoneClusterImpl-9d1dee8c-d44a-4a38-8f2b-42c9fdbb6771/ozone-meta/datanode-6/ratis/36ff7108-370d-4a57-986d-48bcf4b4440d/in_use.lock acquired by nodename 60682@fv-az528-102
2024-03-15 21:40:21,204 [3dfa3a40-7be8-4b27-818e-b4bcb1f9d011-groupManagement] INFO  storage.RaftStorage (RaftStorageImpl.java:format(99)) - Storage directory /home/runner/work/ozone/ozone/hadoop-ozone/integration-test/target/test-dir/MiniOzoneClusterImpl-9d1dee8c-d44a-4a38-8f2b-42c9fdbb6771/ozone-meta/datanode-6/ratis/36ff7108-370d-4a57-986d-48bcf4b4440d has been successfully formatted.
2024-03-15 21:40:21,204 [3dfa3a40-7be8-4b27-818e-b4bcb1f9d011-groupManagement] WARN  util.FileUtils (LogUtils.java:supplyAndLog(63)) - Failed to Files.newInputStream /home/runner/work/ozone/ozone/hadoop-ozone/integration-test/target/test-dir/MiniOzoneClusterImpl-9d1dee8c-d44a-4a38-8f2b-42c9fdbb6771/ozone-meta/datanode-6/ratis/36ff7108-370d-4a57-986d-48bcf4b4440d/current/raft-meta.conf with options []: java.nio.file.NoSuchFileException: /home/runner/work/ozone/ozone/hadoop-ozone/integration-test/target/test-dir/MiniOzoneClusterImpl-9d1dee8c-d44a-4a38-8f2b-42c9fdbb6771/ozone-meta/datanode-6/ratis/36ff7108-370d-4a57-986d-48bcf4b4440d/current/raft-meta.conf
2024-03-15 21:40:21,205 [3dfa3a40-7be8-4b27-818e-b4bcb1f9d011-groupManagement] INFO  ratis.ContainerStateMachine (ContainerStateMachine.java:loadSnapshot(287)) - group-48BCF4B4440D: The snapshot info is null. Setting the last applied index to:(t:0, i:~)
2024-03-15 21:40:21,205 [3dfa3a40-7be8-4b27-818e-b4bcb1f9d011-groupManagement] INFO  server.RaftServerConfigKeys (ConfUtils.java:logGet(46)) - raft.server.log.use.memory = false (default)
2024-03-15 21:40:21,205 [3dfa3a40-7be8-4b27-818e-b4bcb1f9d011-groupManagement] INFO  server.RaftServerConfigKeys (ConfUtils.java:logGet(46)) - raft.server.log.purge.gap = 1000000 (custom)
2024-03-15 21:40:21,206 [3dfa3a40-7be8-4b27-818e-b4bcb1f9d011-groupManagement] INFO  server.RaftServerConfigKeys (ConfUtils.java:logGet(46)) - raft.server.log.appender.buffer.byte-limit = 8388608 (custom)
2024-03-15 21:40:21,206 [3dfa3a40-7be8-4b27-818e-b4bcb1f9d011-groupManagement] INFO  server.RaftServerConfigKeys (ConfUtils.java:logGet(46)) - raft.server.log.statemachine.data.read.timeout = 1000ms (default)
2024-03-15 21:40:21,206 [3dfa3a40-7be8-4b27-818e-b4bcb1f9d011-groupManagement] INFO  server.RaftServerConfigKeys (ConfUtils.java:logGet(46)) - raft.server.log.purge.preservation.log.num = 0 (default)
2024-03-15 21:40:21,207 [3dfa3a40-7be8-4b27-818e-b4bcb1f9d011-groupManagement] INFO  server.RaftServerConfigKeys (ConfUtils.java:logGet(46)) - raft.server.log.segment.size.max = 67108864 (custom)
2024-03-15 21:40:21,207 [3dfa3a40-7be8-4b27-818e-b4bcb1f9d011-groupManagement] INFO  server.RaftServerConfigKeys (ConfUtils.java:logGet(46)) - raft.server.log.segment.cache.num.max = 2 (custom)
2024-03-15 21:40:21,207 [3dfa3a40-7be8-4b27-818e-b4bcb1f9d011-groupManagement] INFO  server.RaftServerConfigKeys (ConfUtils.java:logGet(46)) - raft.server.log.segment.cache.size.max = 200MB (=209715200) (default)
2024-03-15 21:40:21,207 [3dfa3a40-7be8-4b27-818e-b4bcb1f9d011-groupManagement] INFO  server.RaftServerConfigKeys (ConfUtils.java:logGet(46)) - raft.server.log.appender.buffer.byte-limit = 8388608 (custom)
2024-03-15 21:40:21,208 [3dfa3a40-7be8-4b27-818e-b4bcb1f9d011-groupManagement] INFO  util.AwaitToRun (AwaitToRun.java:start(81)) - Thread[3dfa3a40-7be8-4b27-818e-b4bcb1f9d011@group-48BCF4B4440D-cacheEviction-AwaitToRun,5,main] started
2024-03-15 21:40:21,208 [3dfa3a40-7be8-4b27-818e-b4bcb1f9d011-groupManagement] INFO  segmented.SegmentedRaftLogWorker (SegmentedRaftLogWorker.java:<init>(182)) - new 3dfa3a40-7be8-4b27-818e-b4bcb1f9d011@group-48BCF4B4440D-SegmentedRaftLogWorker for RaftStorageImpl:Storage Directory /home/runner/work/ozone/ozone/hadoop-ozone/integration-test/target/test-dir/MiniOzoneClusterImpl-9d1dee8c-d44a-4a38-8f2b-42c9fdbb6771/ozone-meta/datanode-6/ratis/36ff7108-370d-4a57-986d-48bcf4b4440d
2024-03-15 21:40:21,208 [3dfa3a40-7be8-4b27-818e-b4bcb1f9d011-groupManagement] INFO  server.RaftServerConfigKeys (ConfUtils.java:logGet(46)) - raft.server.log.queue.byte-limit = 4294967296 (custom)
2024-03-15 21:40:21,208 [3dfa3a40-7be8-4b27-818e-b4bcb1f9d011-groupManagement] INFO  server.RaftServerConfigKeys (ConfUtils.java:logGet(46)) - raft.server.log.queue.element-limit = 1024 (custom)
2024-03-15 21:40:21,208 [3dfa3a40-7be8-4b27-818e-b4bcb1f9d011-groupManagement] INFO  server.RaftServerConfigKeys (ConfUtils.java:logGet(46)) - raft.server.log.segment.size.max = 67108864 (custom)
2024-03-15 21:40:21,208 [3dfa3a40-7be8-4b27-818e-b4bcb1f9d011-groupManagement] INFO  server.RaftServerConfigKeys (ConfUtils.java:logGet(46)) - raft.server.log.preallocated.size = 4194304 (custom)
2024-03-15 21:40:21,208 [3dfa3a40-7be8-4b27-818e-b4bcb1f9d011-groupManagement] INFO  server.RaftServerConfigKeys (ConfUtils.java:logGet(46)) - raft.server.log.force.sync.num = 128 (default)
2024-03-15 21:40:21,208 [3dfa3a40-7be8-4b27-818e-b4bcb1f9d011-groupManagement] INFO  server.RaftServerConfigKeys (ConfUtils.java:logGet(46)) - raft.server.log.statemachine.data.sync = true (default)
2024-03-15 21:40:21,208 [3dfa3a40-7be8-4b27-818e-b4bcb1f9d011-groupManagement] INFO  server.RaftServerConfigKeys (ConfUtils.java:logGet(46)) - raft.server.log.statemachine.data.sync.timeout = 10s (default)
2024-03-15 21:40:21,208 [3dfa3a40-7be8-4b27-818e-b4bcb1f9d011-groupManagement] INFO  server.RaftServerConfigKeys (ConfUtils.java:logGet(46)) - raft.server.log.statemachine.data.sync.timeout.retry = 0 (custom)
2024-03-15 21:40:21,208 [3dfa3a40-7be8-4b27-818e-b4bcb1f9d011-groupManagement] INFO  server.RaftServerConfigKeys (ConfUtils.java:logGet(46)) - raft.server.log.write.buffer.size = 8388616 (custom)
2024-03-15 21:40:21,210 [3dfa3a40-7be8-4b27-818e-b4bcb1f9d011-groupManagement] INFO  server.RaftServerConfigKeys (ConfUtils.java:logGet(46)) - raft.server.log.appender.buffer.byte-limit = 8388608 (custom)
2024-03-15 21:40:21,210 [3dfa3a40-7be8-4b27-818e-b4bcb1f9d011-groupManagement] INFO  server.RaftServerConfigKeys (ConfUtils.java:logGet(46)) - raft.server.log.unsafe-flush.enabled = false (default)
2024-03-15 21:40:21,210 [3dfa3a40-7be8-4b27-818e-b4bcb1f9d011-groupManagement] INFO  server.RaftServerConfigKeys (ConfUtils.java:logGet(46)) - raft.server.log.async-flush.enabled = false (default)
2024-03-15 21:40:21,210 [3dfa3a40-7be8-4b27-818e-b4bcb1f9d011-groupManagement] INFO  server.RaftServerConfigKeys (ConfUtils.java:logGet(46)) - raft.server.log.statemachine.data.caching.enabled = true (custom)
2024-03-15 21:40:21,210 [3dfa3a40-7be8-4b27-818e-b4bcb1f9d011-groupManagement] INFO  segmented.SegmentedRaftLogWorker (SegmentedRaftLogWorker.java:lambda$new$0(134)) - 3dfa3a40-7be8-4b27-818e-b4bcb1f9d011@group-48BCF4B4440D-SegmentedRaftLogWorker: flushIndex: setUnconditionally 0 -> -1
2024-03-15 21:40:21,210 [3dfa3a40-7be8-4b27-818e-b4bcb1f9d011-groupManagement] INFO  segmented.SegmentedRaftLogWorker (SegmentedRaftLogWorker.java:lambda$new$0(134)) - 3dfa3a40-7be8-4b27-818e-b4bcb1f9d011@group-48BCF4B4440D-SegmentedRaftLogWorker: safeCacheEvictIndex: setUnconditionally 0 -> -1
2024-03-15 21:40:21,211 [3dfa3a40-7be8-4b27-818e-b4bcb1f9d011-groupManagement] INFO  server.RaftServer$Division (RaftServerImpl.java:start(396)) - 3dfa3a40-7be8-4b27-818e-b4bcb1f9d011@group-48BCF4B4440D: start as a follower, conf=-1: peers:[c275007a-4e3d-4cf4-8bcd-9935f71fc838|10.1.0.11:15406, d5082477-7a9c-4c69-9d34-13fd3fa2989c|10.1.0.11:15397, 3dfa3a40-7be8-4b27-818e-b4bcb1f9d011|10.1.0.11:15415]|listeners:[], old=null
2024-03-15 21:40:21,211 [3dfa3a40-7be8-4b27-818e-b4bcb1f9d011-groupManagement] INFO  server.RaftServer$Division (RaftServerImpl.java:setRole(383)) - 3dfa3a40-7be8-4b27-818e-b4bcb1f9d011@group-48BCF4B4440D: changes role from      null to FOLLOWER at term 0 for startAsFollower
2024-03-15 21:40:21,211 [3dfa3a40-7be8-4b27-818e-b4bcb1f9d011-groupManagement] INFO  impl.RoleInfo (RoleInfo.java:updateAndGet(139)) - 3dfa3a40-7be8-4b27-818e-b4bcb1f9d011: start 3dfa3a40-7be8-4b27-818e-b4bcb1f9d011@group-48BCF4B4440D-FollowerState
2024-03-15 21:40:21,211 [3dfa3a40-7be8-4b27-818e-b4bcb1f9d011@group-48BCF4B4440D-FollowerState] INFO  server.RaftServerConfigKeys (ConfUtils.java:logFallback(53)) - raft.server.rpc.first-election.timeout.min = 5s (fallback to raft.server.rpc.timeout.min)
2024-03-15 21:40:21,211 [3dfa3a40-7be8-4b27-818e-b4bcb1f9d011-groupManagement] INFO  util.JmxRegister (JmxRegister.java:tryRegister(44)) - Successfully registered JMX Bean with object name Ratis:service=RaftServer,group=group-48BCF4B4440D,id=3dfa3a40-7be8-4b27-818e-b4bcb1f9d011
2024-03-15 21:40:21,211 [3dfa3a40-7be8-4b27-818e-b4bcb1f9d011@group-48BCF4B4440D-FollowerState] INFO  server.RaftServerConfigKeys (ConfUtils.java:logFallback(53)) - raft.server.rpc.first-election.timeout.max = 5200ms (fallback to raft.server.rpc.timeout.max)
2024-03-15 21:40:21,211 [3dfa3a40-7be8-4b27-818e-b4bcb1f9d011-groupManagement] INFO  server.RaftServerConfigKeys (ConfUtils.java:logGet(46)) - raft.server.snapshot.trigger-when-stop.enabled = true (default)
2024-03-15 21:40:21,211 [3dfa3a40-7be8-4b27-818e-b4bcb1f9d011-groupManagement] INFO  server.RaftServerConfigKeys (ConfUtils.java:logGet(46)) - raft.server.snapshot.auto.trigger.enabled = true (custom)
2024-03-15 21:40:21,211 [3dfa3a40-7be8-4b27-818e-b4bcb1f9d011-groupManagement] INFO  server.RaftServerConfigKeys (ConfUtils.java:logGet(46)) - raft.server.snapshot.auto.trigger.threshold = 10000 (custom)
2024-03-15 21:40:21,211 [3dfa3a40-7be8-4b27-818e-b4bcb1f9d011-groupManagement] INFO  server.RaftServerConfigKeys (ConfUtils.java:logGet(46)) - raft.server.snapshot.retention.file.num = 5 (custom)
2024-03-15 21:40:21,211 [3dfa3a40-7be8-4b27-818e-b4bcb1f9d011-groupManagement] INFO  server.RaftServerConfigKeys (ConfUtils.java:logGet(46)) - raft.server.log.purge.upto.snapshot.index = false (default)
2024-03-15 21:40:21,221 [d5082477-7a9c-4c69-9d34-13fd3fa2989c-PipelineCommandHandlerThread-0] INFO  commandhandler.CreatePipelineCommandHandler (CreatePipelineCommandHandler.java:lambda$handle$2(124)) - Created Pipeline RATIS THREE PipelineID=36ff7108-370d-4a57-986d-48bcf4b4440d.
2024-03-15 21:40:21,225 [c275007a-4e3d-4cf4-8bcd-9935f71fc838-groupManagement] INFO  server.RaftServer$Division (RaftServerImpl.java:<init>(256)) - c275007a-4e3d-4cf4-8bcd-9935f71fc838: new RaftServerImpl for group-3B78A4466A9B:[c275007a-4e3d-4cf4-8bcd-9935f71fc838|10.1.0.11:15406] with ContainerStateMachine:uninitialized
2024-03-15 21:40:21,226 [c275007a-4e3d-4cf4-8bcd-9935f71fc838-groupManagement] INFO  server.RaftServerConfigKeys (ConfUtils.java:logGet(46)) - raft.server.rpc.timeout.min = 5s (custom)
2024-03-15 21:40:21,226 [c275007a-4e3d-4cf4-8bcd-9935f71fc838-groupManagement] INFO  server.RaftServerConfigKeys (ConfUtils.java:logGet(46)) - raft.server.rpc.timeout.max = 5200ms (custom)
2024-03-15 21:40:21,226 [c275007a-4e3d-4cf4-8bcd-9935f71fc838-groupManagement] INFO  server.RaftServerConfigKeys (ConfUtils.java:logGet(46)) - raft.server.rpc.sleep.time = 25ms (default)
2024-03-15 21:40:21,226 [c275007a-4e3d-4cf4-8bcd-9935f71fc838-groupManagement] INFO  server.RaftServerConfigKeys (ConfUtils.java:logGet(46)) - raft.server.rpc.slowness.timeout = 300000ms (custom)
2024-03-15 21:40:21,226 [c275007a-4e3d-4cf4-8bcd-9935f71fc838-groupManagement] INFO  server.RaftServerConfigKeys (ConfUtils.java:logGet(46)) - raft.server.leaderelection.leader.step-down.wait-time = 10s (default)
2024-03-15 21:40:21,226 [c275007a-4e3d-4cf4-8bcd-9935f71fc838-groupManagement] INFO  server.RaftServerConfigKeys (ConfUtils.java:logGet(46)) - raft.server.leaderelection.member.majority-add = false (default)
2024-03-15 21:40:21,226 [c275007a-4e3d-4cf4-8bcd-9935f71fc838-groupManagement] INFO  server.RaftServerConfigKeys (ConfUtils.java:logGet(46)) - raft.server.sleep.deviation.threshold = 300ms (default)
2024-03-15 21:40:21,226 [c275007a-4e3d-4cf4-8bcd-9935f71fc838-groupManagement] INFO  server.RaftServer$Division (ServerState.java:<init>(113)) - c275007a-4e3d-4cf4-8bcd-9935f71fc838@group-3B78A4466A9B: ConfigurationManager, init=-1: peers:[c275007a-4e3d-4cf4-8bcd-9935f71fc838|10.1.0.11:15406]|listeners:[], old=null, confs=<EMPTY_MAP>
2024-03-15 21:40:21,226 [c275007a-4e3d-4cf4-8bcd-9935f71fc838-groupManagement] INFO  server.RaftServerConfigKeys (ConfUtils.java:logGet(46)) - raft.server.notification.no-leader.timeout = 300000ms (custom)
2024-03-15 21:40:21,226 [c275007a-4e3d-4cf4-8bcd-9935f71fc838-groupManagement] INFO  server.RaftServerConfigKeys (ConfUtils.java:logGet(46)) - raft.server.read.timeout = 10s (default)
2024-03-15 21:40:21,226 [c275007a-4e3d-4cf4-8bcd-9935f71fc838-groupManagement] INFO  server.RaftServerConfigKeys (ConfUtils.java:logGet(46)) - raft.server.retrycache.expirytime = 600000ms (custom)
2024-03-15 21:40:21,226 [c275007a-4e3d-4cf4-8bcd-9935f71fc838-groupManagement] INFO  server.RaftServerConfigKeys (ConfUtils.java:logGet(46)) - raft.server.retrycache.statistics.expirytime = 100ms (default)
2024-03-15 21:40:21,226 [c275007a-4e3d-4cf4-8bcd-9935f71fc838-groupManagement] INFO  server.RaftServerConfigKeys (ConfUtils.java:logGet(46)) - raft.server.read.option = DEFAULT (default)
2024-03-15 21:40:21,226 [c275007a-4e3d-4cf4-8bcd-9935f71fc838-groupManagement] INFO  server.RaftServerConfigKeys (ConfUtils.java:logGet(46)) - raft.server.read.read-after-write-consistent.write-index-cache.expiry-time = 60s (default)
2024-03-15 21:40:21,226 [c275007a-4e3d-4cf4-8bcd-9935f71fc838-PipelineCommandHandlerThread-0] INFO  server.RaftServer (RaftServerProxy.java:addNew(100)) - c275007a-4e3d-4cf4-8bcd-9935f71fc838: addNew group-3B78A4466A9B:[c275007a-4e3d-4cf4-8bcd-9935f71fc838|10.1.0.11:15406] returns group-3B78A4466A9B:java.util.concurrent.CompletableFuture@fcd080b[Not completed]
2024-03-15 21:40:21,228 [c275007a-4e3d-4cf4-8bcd-9935f71fc838-groupManagement] INFO  server.RaftServerConfigKeys (ConfUtils.java:logGet(46)) - raft.server.rpc.request.timeout = 3000ms (default)
2024-03-15 21:40:21,228 [c275007a-4e3d-4cf4-8bcd-9935f71fc838-groupManagement] INFO  server.RaftServerConfigKeys (ConfUtils.java:logGet(46)) - raft.server.log.appender.install.snapshot.enabled = false (custom)
2024-03-15 21:40:21,228 [c275007a-4e3d-4cf4-8bcd-9935f71fc838-groupManagement] INFO  server.RaftServerConfigKeys (ConfUtils.java:logGet(46)) - raft.server.threadpool.server.cached = true (default)
2024-03-15 21:40:21,228 [c275007a-4e3d-4cf4-8bcd-9935f71fc838-groupManagement] INFO  server.RaftServerConfigKeys (ConfUtils.java:logGet(46)) - raft.server.threadpool.server.size = 0 (default)
2024-03-15 21:40:21,228 [c275007a-4e3d-4cf4-8bcd-9935f71fc838-groupManagement] INFO  server.RaftServerConfigKeys (ConfUtils.java:logGet(46)) - raft.server.threadpool.client.cached = true (default)
2024-03-15 21:40:21,228 [c275007a-4e3d-4cf4-8bcd-9935f71fc838-groupManagement] INFO  server.RaftServerConfigKeys (ConfUtils.java:logGet(46)) - raft.server.threadpool.client.size = 0 (default)
2024-03-15 21:40:21,228 [c275007a-4e3d-4cf4-8bcd-9935f71fc838-groupManagement] INFO  server.RaftServerConfigKeys (ConfUtils.java:logGet(46)) - raft.server.storage.free-space.min = 0MB (=0) (default)
2024-03-15 21:40:21,228 [c275007a-4e3d-4cf4-8bcd-9935f71fc838-groupManagement] INFO  server.RaftServerConfigKeys (ConfUtils.java:logGet(46)) - raft.server.log.corruption.policy = EXCEPTION (default)
2024-03-15 21:40:21,228 [c275007a-4e3d-4cf4-8bcd-9935f71fc838-groupManagement] INFO  server.RaftServerConfigKeys (ConfUtils.java:logGet(46)) - raft.server.storage.dir = [/home/runner/work/ozone/ozone/hadoop-ozone/integration-test/target/test-dir/MiniOzoneClusterImpl-9d1dee8c-d44a-4a38-8f2b-42c9fdbb6771/ozone-meta/datanode-5/ratis] (custom)
2024-03-15 21:40:21,228 [c275007a-4e3d-4cf4-8bcd-9935f71fc838-groupManagement] INFO  storage.RaftStorageDirectory (RaftStorageDirectoryImpl.java:analyzeStorage(138)) - The storage directory /home/runner/work/ozone/ozone/hadoop-ozone/integration-test/target/test-dir/MiniOzoneClusterImpl-9d1dee8c-d44a-4a38-8f2b-42c9fdbb6771/ozone-meta/datanode-5/ratis/fd2398c0-0f03-4dfd-87d3-3b78a4466a9b does not exist. Creating ...
2024-03-15 21:40:21,229 [c275007a-4e3d-4cf4-8bcd-9935f71fc838-groupManagement] INFO  storage.RaftStorageDirectory (RaftStorageDirectoryImpl.java:tryLock(228)) - Lock on /home/runner/work/ozone/ozone/hadoop-ozone/integration-test/target/test-dir/MiniOzoneClusterImpl-9d1dee8c-d44a-4a38-8f2b-42c9fdbb6771/ozone-meta/datanode-5/ratis/fd2398c0-0f03-4dfd-87d3-3b78a4466a9b/in_use.lock acquired by nodename 60682@fv-az528-102
2024-03-15 21:40:21,230 [c275007a-4e3d-4cf4-8bcd-9935f71fc838-groupManagement] INFO  storage.RaftStorage (RaftStorageImpl.java:format(99)) - Storage directory /home/runner/work/ozone/ozone/hadoop-ozone/integration-test/target/test-dir/MiniOzoneClusterImpl-9d1dee8c-d44a-4a38-8f2b-42c9fdbb6771/ozone-meta/datanode-5/ratis/fd2398c0-0f03-4dfd-87d3-3b78a4466a9b has been successfully formatted.
2024-03-15 21:40:21,230 [c275007a-4e3d-4cf4-8bcd-9935f71fc838-groupManagement] WARN  util.FileUtils (LogUtils.java:supplyAndLog(63)) - Failed to Files.newInputStream /home/runner/work/ozone/ozone/hadoop-ozone/integration-test/target/test-dir/MiniOzoneClusterImpl-9d1dee8c-d44a-4a38-8f2b-42c9fdbb6771/ozone-meta/datanode-5/ratis/fd2398c0-0f03-4dfd-87d3-3b78a4466a9b/current/raft-meta.conf with options []: java.nio.file.NoSuchFileException: /home/runner/work/ozone/ozone/hadoop-ozone/integration-test/target/test-dir/MiniOzoneClusterImpl-9d1dee8c-d44a-4a38-8f2b-42c9fdbb6771/ozone-meta/datanode-5/ratis/fd2398c0-0f03-4dfd-87d3-3b78a4466a9b/current/raft-meta.conf
2024-03-15 21:40:21,230 [c275007a-4e3d-4cf4-8bcd-9935f71fc838-groupManagement] INFO  ratis.ContainerStateMachine (ContainerStateMachine.java:loadSnapshot(287)) - group-3B78A4466A9B: The snapshot info is null. Setting the last applied index to:(t:0, i:~)
2024-03-15 21:40:21,231 [c275007a-4e3d-4cf4-8bcd-9935f71fc838-groupManagement] INFO  server.RaftServerConfigKeys (ConfUtils.java:logGet(46)) - raft.server.log.use.memory = false (default)
2024-03-15 21:40:21,231 [c275007a-4e3d-4cf4-8bcd-9935f71fc838-groupManagement] INFO  server.RaftServerConfigKeys (ConfUtils.java:logGet(46)) - raft.server.log.purge.gap = 1000000 (custom)
2024-03-15 21:40:21,231 [c275007a-4e3d-4cf4-8bcd-9935f71fc838-groupManagement] INFO  server.RaftServerConfigKeys (ConfUtils.java:logGet(46)) - raft.server.log.appender.buffer.byte-limit = 8388608 (custom)
2024-03-15 21:40:21,231 [c275007a-4e3d-4cf4-8bcd-9935f71fc838-groupManagement] INFO  server.RaftServerConfigKeys (ConfUtils.java:logGet(46)) - raft.server.log.statemachine.data.read.timeout = 1000ms (default)
2024-03-15 21:40:21,231 [c275007a-4e3d-4cf4-8bcd-9935f71fc838-groupManagement] INFO  server.RaftServerConfigKeys (ConfUtils.java:logGet(46)) - raft.server.log.purge.preservation.log.num = 0 (default)
2024-03-15 21:40:21,232 [EventQueue-PipelineReportForPipelineReportHandler] INFO  pipeline.PipelineReportHandler (PipelineReportHandler.java:processPipelineReport(136)) - Opened pipeline PipelineID=fd2398c0-0f03-4dfd-87d3-3b78a4466a9b
2024-03-15 21:40:21,232 [EventQueue-OpenPipelineForHealthyPipelineSafeModeRule] INFO  safemode.SCMSafeModeManager (HealthyPipelineSafeModeRule.java:process(140)) - SCM in safe mode. Healthy pipelines reported count is 0, required healthy pipeline reported count is 1
2024-03-15 21:40:21,232 [c275007a-4e3d-4cf4-8bcd-9935f71fc838-groupManagement] INFO  server.RaftServerConfigKeys (ConfUtils.java:logGet(46)) - raft.server.log.segment.size.max = 67108864 (custom)
2024-03-15 21:40:21,232 [c275007a-4e3d-4cf4-8bcd-9935f71fc838-groupManagement] INFO  server.RaftServerConfigKeys (ConfUtils.java:logGet(46)) - raft.server.log.segment.cache.num.max = 2 (custom)
2024-03-15 21:40:21,232 [c275007a-4e3d-4cf4-8bcd-9935f71fc838-groupManagement] INFO  server.RaftServerConfigKeys (ConfUtils.java:logGet(46)) - raft.server.log.segment.cache.size.max = 200MB (=209715200) (default)
2024-03-15 21:40:21,232 [c275007a-4e3d-4cf4-8bcd-9935f71fc838-groupManagement] INFO  server.RaftServerConfigKeys (ConfUtils.java:logGet(46)) - raft.server.log.appender.buffer.byte-limit = 8388608 (custom)
2024-03-15 21:40:21,232 [c275007a-4e3d-4cf4-8bcd-9935f71fc838-groupManagement] INFO  util.AwaitToRun (AwaitToRun.java:start(81)) - Thread[c275007a-4e3d-4cf4-8bcd-9935f71fc838@group-3B78A4466A9B-cacheEviction-AwaitToRun,5,main] started
2024-03-15 21:40:21,232 [c275007a-4e3d-4cf4-8bcd-9935f71fc838-groupManagement] INFO  segmented.SegmentedRaftLogWorker (SegmentedRaftLogWorker.java:<init>(182)) - new c275007a-4e3d-4cf4-8bcd-9935f71fc838@group-3B78A4466A9B-SegmentedRaftLogWorker for RaftStorageImpl:Storage Directory /home/runner/work/ozone/ozone/hadoop-ozone/integration-test/target/test-dir/MiniOzoneClusterImpl-9d1dee8c-d44a-4a38-8f2b-42c9fdbb6771/ozone-meta/datanode-5/ratis/fd2398c0-0f03-4dfd-87d3-3b78a4466a9b
2024-03-15 21:40:21,232 [c275007a-4e3d-4cf4-8bcd-9935f71fc838-groupManagement] INFO  server.RaftServerConfigKeys (ConfUtils.java:logGet(46)) - raft.server.log.queue.byte-limit = 4294967296 (custom)
2024-03-15 21:40:21,232 [c275007a-4e3d-4cf4-8bcd-9935f71fc838-groupManagement] INFO  server.RaftServerConfigKeys (ConfUtils.java:logGet(46)) - raft.server.log.queue.element-limit = 1024 (custom)
2024-03-15 21:40:21,232 [c275007a-4e3d-4cf4-8bcd-9935f71fc838-groupManagement] INFO  server.RaftServerConfigKeys (ConfUtils.java:logGet(46)) - raft.server.log.segment.size.max = 67108864 (custom)
2024-03-15 21:40:21,233 [c275007a-4e3d-4cf4-8bcd-9935f71fc838-groupManagement] INFO  server.RaftServerConfigKeys (ConfUtils.java:logGet(46)) - raft.server.log.preallocated.size = 4194304 (custom)
2024-03-15 21:40:21,233 [c275007a-4e3d-4cf4-8bcd-9935f71fc838-groupManagement] INFO  server.RaftServerConfigKeys (ConfUtils.java:logGet(46)) - raft.server.log.force.sync.num = 128 (default)
2024-03-15 21:40:21,233 [c275007a-4e3d-4cf4-8bcd-9935f71fc838-groupManagement] INFO  server.RaftServerConfigKeys (ConfUtils.java:logGet(46)) - raft.server.log.statemachine.data.sync = true (default)
2024-03-15 21:40:21,233 [c275007a-4e3d-4cf4-8bcd-9935f71fc838-groupManagement] INFO  server.RaftServerConfigKeys (ConfUtils.java:logGet(46)) - raft.server.log.statemachine.data.sync.timeout = 10s (default)
2024-03-15 21:40:21,233 [c275007a-4e3d-4cf4-8bcd-9935f71fc838-groupManagement] INFO  server.RaftServerConfigKeys (ConfUtils.java:logGet(46)) - raft.server.log.statemachine.data.sync.timeout.retry = 0 (custom)
2024-03-15 21:40:21,233 [c275007a-4e3d-4cf4-8bcd-9935f71fc838-groupManagement] INFO  server.RaftServerConfigKeys (ConfUtils.java:logGet(46)) - raft.server.log.write.buffer.size = 8388616 (custom)
2024-03-15 21:40:21,234 [c275007a-4e3d-4cf4-8bcd-9935f71fc838-groupManagement] INFO  server.RaftServerConfigKeys (ConfUtils.java:logGet(46)) - raft.server.log.appender.buffer.byte-limit = 8388608 (custom)
2024-03-15 21:40:21,234 [c275007a-4e3d-4cf4-8bcd-9935f71fc838-groupManagement] INFO  server.RaftServerConfigKeys (ConfUtils.java:logGet(46)) - raft.server.log.unsafe-flush.enabled = false (default)
2024-03-15 21:40:21,234 [c275007a-4e3d-4cf4-8bcd-9935f71fc838-groupManagement] INFO  server.RaftServerConfigKeys (ConfUtils.java:logGet(46)) - raft.server.log.async-flush.enabled = false (default)
2024-03-15 21:40:21,234 [c275007a-4e3d-4cf4-8bcd-9935f71fc838-groupManagement] INFO  server.RaftServerConfigKeys (ConfUtils.java:logGet(46)) - raft.server.log.statemachine.data.caching.enabled = true (custom)
2024-03-15 21:40:21,234 [c275007a-4e3d-4cf4-8bcd-9935f71fc838-groupManagement] INFO  segmented.SegmentedRaftLogWorker (SegmentedRaftLogWorker.java:lambda$new$0(134)) - c275007a-4e3d-4cf4-8bcd-9935f71fc838@group-3B78A4466A9B-SegmentedRaftLogWorker: flushIndex: setUnconditionally 0 -> -1
2024-03-15 21:40:21,234 [c275007a-4e3d-4cf4-8bcd-9935f71fc838-groupManagement] INFO  segmented.SegmentedRaftLogWorker (SegmentedRaftLogWorker.java:lambda$new$0(134)) - c275007a-4e3d-4cf4-8bcd-9935f71fc838@group-3B78A4466A9B-SegmentedRaftLogWorker: safeCacheEvictIndex: setUnconditionally 0 -> -1
2024-03-15 21:40:21,234 [c275007a-4e3d-4cf4-8bcd-9935f71fc838-groupManagement] INFO  server.RaftServer$Division (RaftServerImpl.java:start(396)) - c275007a-4e3d-4cf4-8bcd-9935f71fc838@group-3B78A4466A9B: start as a follower, conf=-1: peers:[c275007a-4e3d-4cf4-8bcd-9935f71fc838|10.1.0.11:15406]|listeners:[], old=null
2024-03-15 21:40:21,234 [c275007a-4e3d-4cf4-8bcd-9935f71fc838-groupManagement] INFO  server.RaftServer$Division (RaftServerImpl.java:setRole(383)) - c275007a-4e3d-4cf4-8bcd-9935f71fc838@group-3B78A4466A9B: changes role from      null to FOLLOWER at term 0 for startAsFollower
2024-03-15 21:40:21,234 [c275007a-4e3d-4cf4-8bcd-9935f71fc838-groupManagement] INFO  impl.RoleInfo (RoleInfo.java:updateAndGet(139)) - c275007a-4e3d-4cf4-8bcd-9935f71fc838: start c275007a-4e3d-4cf4-8bcd-9935f71fc838@group-3B78A4466A9B-FollowerState
2024-03-15 21:40:21,235 [c275007a-4e3d-4cf4-8bcd-9935f71fc838@group-3B78A4466A9B-FollowerState] INFO  server.RaftServerConfigKeys (ConfUtils.java:logFallback(53)) - raft.server.rpc.first-election.timeout.min = 5s (fallback to raft.server.rpc.timeout.min)
2024-03-15 21:40:21,235 [c275007a-4e3d-4cf4-8bcd-9935f71fc838-groupManagement] INFO  util.JmxRegister (JmxRegister.java:tryRegister(44)) - Successfully registered JMX Bean with object name Ratis:service=RaftServer,group=group-3B78A4466A9B,id=c275007a-4e3d-4cf4-8bcd-9935f71fc838
2024-03-15 21:40:21,235 [c275007a-4e3d-4cf4-8bcd-9935f71fc838@group-3B78A4466A9B-FollowerState] INFO  server.RaftServerConfigKeys (ConfUtils.java:logFallback(53)) - raft.server.rpc.first-election.timeout.max = 5200ms (fallback to raft.server.rpc.timeout.max)
2024-03-15 21:40:21,235 [c275007a-4e3d-4cf4-8bcd-9935f71fc838-groupManagement] INFO  server.RaftServerConfigKeys (ConfUtils.java:logGet(46)) - raft.server.snapshot.trigger-when-stop.enabled = true (default)
2024-03-15 21:40:21,235 [c275007a-4e3d-4cf4-8bcd-9935f71fc838-groupManagement] INFO  server.RaftServerConfigKeys (ConfUtils.java:logGet(46)) - raft.server.snapshot.auto.trigger.enabled = true (custom)
2024-03-15 21:40:21,235 [c275007a-4e3d-4cf4-8bcd-9935f71fc838-groupManagement] INFO  server.RaftServerConfigKeys (ConfUtils.java:logGet(46)) - raft.server.snapshot.auto.trigger.threshold = 10000 (custom)
2024-03-15 21:40:21,235 [c275007a-4e3d-4cf4-8bcd-9935f71fc838-groupManagement] INFO  server.RaftServerConfigKeys (ConfUtils.java:logGet(46)) - raft.server.snapshot.retention.file.num = 5 (custom)
2024-03-15 21:40:21,235 [c275007a-4e3d-4cf4-8bcd-9935f71fc838-groupManagement] INFO  server.RaftServerConfigKeys (ConfUtils.java:logGet(46)) - raft.server.log.purge.upto.snapshot.index = false (default)
2024-03-15 21:40:21,235 [c275007a-4e3d-4cf4-8bcd-9935f71fc838-PipelineCommandHandlerThread-0] INFO  ratis.XceiverServerRatis (XceiverServerRatis.java:addGroup(864)) - Created group PipelineID=fd2398c0-0f03-4dfd-87d3-3b78a4466a9b
2024-03-15 21:40:21,235 [c275007a-4e3d-4cf4-8bcd-9935f71fc838-PipelineCommandHandlerThread-0] INFO  commandhandler.CreatePipelineCommandHandler (CreatePipelineCommandHandler.java:lambda$handle$2(124)) - Created Pipeline RATIS ONE PipelineID=fd2398c0-0f03-4dfd-87d3-3b78a4466a9b.
2024-03-15 21:40:21,307 [3dfa3a40-7be8-4b27-818e-b4bcb1f9d011-PipelineCommandHandlerThread-0] INFO  server.RaftServer (RaftServerProxy.java:addNew(100)) - 3dfa3a40-7be8-4b27-818e-b4bcb1f9d011: addNew group-875641190752:[3dfa3a40-7be8-4b27-818e-b4bcb1f9d011|10.1.0.11:15415] returns group-875641190752:java.util.concurrent.CompletableFuture@431451e1[Not completed]
2024-03-15 21:40:21,308 [3dfa3a40-7be8-4b27-818e-b4bcb1f9d011-groupManagement] INFO  server.RaftServer$Division (RaftServerImpl.java:<init>(256)) - 3dfa3a40-7be8-4b27-818e-b4bcb1f9d011: new RaftServerImpl for group-875641190752:[3dfa3a40-7be8-4b27-818e-b4bcb1f9d011|10.1.0.11:15415] with ContainerStateMachine:uninitialized
2024-03-15 21:40:21,308 [3dfa3a40-7be8-4b27-818e-b4bcb1f9d011-groupManagement] INFO  server.RaftServerConfigKeys (ConfUtils.java:logGet(46)) - raft.server.rpc.timeout.min = 5s (custom)
2024-03-15 21:40:21,308 [3dfa3a40-7be8-4b27-818e-b4bcb1f9d011-groupManagement] INFO  server.RaftServerConfigKeys (ConfUtils.java:logGet(46)) - raft.server.rpc.timeout.max = 5200ms (custom)
2024-03-15 21:40:21,308 [3dfa3a40-7be8-4b27-818e-b4bcb1f9d011-groupManagement] INFO  server.RaftServerConfigKeys (ConfUtils.java:logGet(46)) - raft.server.rpc.sleep.time = 25ms (default)
2024-03-15 21:40:21,308 [3dfa3a40-7be8-4b27-818e-b4bcb1f9d011-groupManagement] INFO  server.RaftServerConfigKeys (ConfUtils.java:logGet(46)) - raft.server.rpc.slowness.timeout = 300000ms (custom)
2024-03-15 21:40:21,308 [3dfa3a40-7be8-4b27-818e-b4bcb1f9d011-groupManagement] INFO  server.RaftServerConfigKeys (ConfUtils.java:logGet(46)) - raft.server.leaderelection.leader.step-down.wait-time = 10s (default)
2024-03-15 21:40:21,308 [3dfa3a40-7be8-4b27-818e-b4bcb1f9d011-groupManagement] INFO  server.RaftServerConfigKeys (ConfUtils.java:logGet(46)) - raft.server.leaderelection.member.majority-add = false (default)
2024-03-15 21:40:21,308 [3dfa3a40-7be8-4b27-818e-b4bcb1f9d011-groupManagement] INFO  server.RaftServerConfigKeys (ConfUtils.java:logGet(46)) - raft.server.sleep.deviation.threshold = 300ms (default)
2024-03-15 21:40:21,308 [3dfa3a40-7be8-4b27-818e-b4bcb1f9d011-groupManagement] INFO  server.RaftServer$Division (ServerState.java:<init>(113)) - 3dfa3a40-7be8-4b27-818e-b4bcb1f9d011@group-875641190752: ConfigurationManager, init=-1: peers:[3dfa3a40-7be8-4b27-818e-b4bcb1f9d011|10.1.0.11:15415]|listeners:[], old=null, confs=<EMPTY_MAP>
2024-03-15 21:40:21,308 [3dfa3a40-7be8-4b27-818e-b4bcb1f9d011-groupManagement] INFO  server.RaftServerConfigKeys (ConfUtils.java:logGet(46)) - raft.server.notification.no-leader.timeout = 300000ms (custom)
2024-03-15 21:40:21,308 [3dfa3a40-7be8-4b27-818e-b4bcb1f9d011-groupManagement] INFO  server.RaftServerConfigKeys (ConfUtils.java:logGet(46)) - raft.server.read.timeout = 10s (default)
2024-03-15 21:40:21,308 [3dfa3a40-7be8-4b27-818e-b4bcb1f9d011-groupManagement] INFO  server.RaftServerConfigKeys (ConfUtils.java:logGet(46)) - raft.server.retrycache.expirytime = 600000ms (custom)
2024-03-15 21:40:21,308 [3dfa3a40-7be8-4b27-818e-b4bcb1f9d011-groupManagement] INFO  server.RaftServerConfigKeys (ConfUtils.java:logGet(46)) - raft.server.retrycache.statistics.expirytime = 100ms (default)
2024-03-15 21:40:21,308 [3dfa3a40-7be8-4b27-818e-b4bcb1f9d011-groupManagement] INFO  server.RaftServerConfigKeys (ConfUtils.java:logGet(46)) - raft.server.read.option = DEFAULT (default)
2024-03-15 21:40:21,308 [3dfa3a40-7be8-4b27-818e-b4bcb1f9d011-groupManagement] INFO  server.RaftServerConfigKeys (ConfUtils.java:logGet(46)) - raft.server.read.read-after-write-consistent.write-index-cache.expiry-time = 60s (default)
2024-03-15 21:40:21,310 [3dfa3a40-7be8-4b27-818e-b4bcb1f9d011-groupManagement] INFO  server.RaftServerConfigKeys (ConfUtils.java:logGet(46)) - raft.server.rpc.request.timeout = 3000ms (default)
2024-03-15 21:40:21,310 [3dfa3a40-7be8-4b27-818e-b4bcb1f9d011-groupManagement] INFO  server.RaftServerConfigKeys (ConfUtils.java:logGet(46)) - raft.server.log.appender.install.snapshot.enabled = false (custom)
2024-03-15 21:40:21,310 [3dfa3a40-7be8-4b27-818e-b4bcb1f9d011-groupManagement] INFO  server.RaftServerConfigKeys (ConfUtils.java:logGet(46)) - raft.server.threadpool.server.cached = true (default)
2024-03-15 21:40:21,310 [3dfa3a40-7be8-4b27-818e-b4bcb1f9d011-groupManagement] INFO  server.RaftServerConfigKeys (ConfUtils.java:logGet(46)) - raft.server.threadpool.server.size = 0 (default)
2024-03-15 21:40:21,310 [3dfa3a40-7be8-4b27-818e-b4bcb1f9d011-groupManagement] INFO  server.RaftServerConfigKeys (ConfUtils.java:logGet(46)) - raft.server.threadpool.client.cached = true (default)
2024-03-15 21:40:21,310 [3dfa3a40-7be8-4b27-818e-b4bcb1f9d011-groupManagement] INFO  server.RaftServerConfigKeys (ConfUtils.java:logGet(46)) - raft.server.threadpool.client.size = 0 (default)
2024-03-15 21:40:21,310 [3dfa3a40-7be8-4b27-818e-b4bcb1f9d011-groupManagement] INFO  server.RaftServerConfigKeys (ConfUtils.java:logGet(46)) - raft.server.storage.free-space.min = 0MB (=0) (default)
2024-03-15 21:40:21,310 [3dfa3a40-7be8-4b27-818e-b4bcb1f9d011-groupManagement] INFO  server.RaftServerConfigKeys (ConfUtils.java:logGet(46)) - raft.server.log.corruption.policy = EXCEPTION (default)
2024-03-15 21:40:21,310 [3dfa3a40-7be8-4b27-818e-b4bcb1f9d011-groupManagement] INFO  server.RaftServerConfigKeys (ConfUtils.java:logGet(46)) - raft.server.storage.dir = [/home/runner/work/ozone/ozone/hadoop-ozone/integration-test/target/test-dir/MiniOzoneClusterImpl-9d1dee8c-d44a-4a38-8f2b-42c9fdbb6771/ozone-meta/datanode-6/ratis] (custom)
2024-03-15 21:40:21,310 [3dfa3a40-7be8-4b27-818e-b4bcb1f9d011-groupManagement] INFO  storage.RaftStorageDirectory (RaftStorageDirectoryImpl.java:analyzeStorage(138)) - The storage directory /home/runner/work/ozone/ozone/hadoop-ozone/integration-test/target/test-dir/MiniOzoneClusterImpl-9d1dee8c-d44a-4a38-8f2b-42c9fdbb6771/ozone-meta/datanode-6/ratis/8e5ecdec-aac4-4dea-94c2-875641190752 does not exist. Creating ...
2024-03-15 21:40:21,311 [3dfa3a40-7be8-4b27-818e-b4bcb1f9d011-groupManagement] INFO  storage.RaftStorageDirectory (RaftStorageDirectoryImpl.java:tryLock(228)) - Lock on /home/runner/work/ozone/ozone/hadoop-ozone/integration-test/target/test-dir/MiniOzoneClusterImpl-9d1dee8c-d44a-4a38-8f2b-42c9fdbb6771/ozone-meta/datanode-6/ratis/8e5ecdec-aac4-4dea-94c2-875641190752/in_use.lock acquired by nodename 60682@fv-az528-102
2024-03-15 21:40:21,312 [3dfa3a40-7be8-4b27-818e-b4bcb1f9d011-groupManagement] INFO  storage.RaftStorage (RaftStorageImpl.java:format(99)) - Storage directory /home/runner/work/ozone/ozone/hadoop-ozone/integration-test/target/test-dir/MiniOzoneClusterImpl-9d1dee8c-d44a-4a38-8f2b-42c9fdbb6771/ozone-meta/datanode-6/ratis/8e5ecdec-aac4-4dea-94c2-875641190752 has been successfully formatted.
2024-03-15 21:40:21,312 [3dfa3a40-7be8-4b27-818e-b4bcb1f9d011-groupManagement] WARN  util.FileUtils (LogUtils.java:supplyAndLog(63)) - Failed to Files.newInputStream /home/runner/work/ozone/ozone/hadoop-ozone/integration-test/target/test-dir/MiniOzoneClusterImpl-9d1dee8c-d44a-4a38-8f2b-42c9fdbb6771/ozone-meta/datanode-6/ratis/8e5ecdec-aac4-4dea-94c2-875641190752/current/raft-meta.conf with options []: java.nio.file.NoSuchFileException: /home/runner/work/ozone/ozone/hadoop-ozone/integration-test/target/test-dir/MiniOzoneClusterImpl-9d1dee8c-d44a-4a38-8f2b-42c9fdbb6771/ozone-meta/datanode-6/ratis/8e5ecdec-aac4-4dea-94c2-875641190752/current/raft-meta.conf
2024-03-15 21:40:21,312 [3dfa3a40-7be8-4b27-818e-b4bcb1f9d011-groupManagement] INFO  ratis.ContainerStateMachine (ContainerStateMachine.java:loadSnapshot(287)) - group-875641190752: The snapshot info is null. Setting the last applied index to:(t:0, i:~)
2024-03-15 21:40:21,312 [3dfa3a40-7be8-4b27-818e-b4bcb1f9d011-groupManagement] INFO  server.RaftServerConfigKeys (ConfUtils.java:logGet(46)) - raft.server.log.use.memory = false (default)
2024-03-15 21:40:21,313 [3dfa3a40-7be8-4b27-818e-b4bcb1f9d011-groupManagement] INFO  server.RaftServerConfigKeys (ConfUtils.java:logGet(46)) - raft.server.log.purge.gap = 1000000 (custom)
2024-03-15 21:40:21,313 [3dfa3a40-7be8-4b27-818e-b4bcb1f9d011-groupManagement] INFO  server.RaftServerConfigKeys (ConfUtils.java:logGet(46)) - raft.server.log.appender.buffer.byte-limit = 8388608 (custom)
2024-03-15 21:40:21,313 [3dfa3a40-7be8-4b27-818e-b4bcb1f9d011-groupManagement] INFO  server.RaftServerConfigKeys (ConfUtils.java:logGet(46)) - raft.server.log.statemachine.data.read.timeout = 1000ms (default)
2024-03-15 21:40:21,313 [3dfa3a40-7be8-4b27-818e-b4bcb1f9d011-groupManagement] INFO  server.RaftServerConfigKeys (ConfUtils.java:logGet(46)) - raft.server.log.purge.preservation.log.num = 0 (default)
2024-03-15 21:40:21,313 [EventQueue-PipelineReportForPipelineReportHandler] INFO  pipeline.PipelineReportHandler (PipelineReportHandler.java:processPipelineReport(136)) - Opened pipeline PipelineID=8e5ecdec-aac4-4dea-94c2-875641190752
2024-03-15 21:40:21,313 [EventQueue-OpenPipelineForHealthyPipelineSafeModeRule] INFO  safemode.SCMSafeModeManager (HealthyPipelineSafeModeRule.java:process(140)) - SCM in safe mode. Healthy pipelines reported count is 0, required healthy pipeline reported count is 1
2024-03-15 21:40:21,314 [3dfa3a40-7be8-4b27-818e-b4bcb1f9d011-groupManagement] INFO  server.RaftServerConfigKeys (ConfUtils.java:logGet(46)) - raft.server.log.segment.size.max = 67108864 (custom)
2024-03-15 21:40:21,314 [3dfa3a40-7be8-4b27-818e-b4bcb1f9d011-groupManagement] INFO  server.RaftServerConfigKeys (ConfUtils.java:logGet(46)) - raft.server.log.segment.cache.num.max = 2 (custom)
2024-03-15 21:40:21,314 [3dfa3a40-7be8-4b27-818e-b4bcb1f9d011-groupManagement] INFO  server.RaftServerConfigKeys (ConfUtils.java:logGet(46)) - raft.server.log.segment.cache.size.max = 200MB (=209715200) (default)
2024-03-15 21:40:21,314 [3dfa3a40-7be8-4b27-818e-b4bcb1f9d011-groupManagement] INFO  server.RaftServerConfigKeys (ConfUtils.java:logGet(46)) - raft.server.log.appender.buffer.byte-limit = 8388608 (custom)
2024-03-15 21:40:21,314 [3dfa3a40-7be8-4b27-818e-b4bcb1f9d011-groupManagement] INFO  util.AwaitToRun (AwaitToRun.java:start(81)) - Thread[3dfa3a40-7be8-4b27-818e-b4bcb1f9d011@group-875641190752-cacheEviction-AwaitToRun,5,main] started
2024-03-15 21:40:21,314 [3dfa3a40-7be8-4b27-818e-b4bcb1f9d011-groupManagement] INFO  segmented.SegmentedRaftLogWorker (SegmentedRaftLogWorker.java:<init>(182)) - new 3dfa3a40-7be8-4b27-818e-b4bcb1f9d011@group-875641190752-SegmentedRaftLogWorker for RaftStorageImpl:Storage Directory /home/runner/work/ozone/ozone/hadoop-ozone/integration-test/target/test-dir/MiniOzoneClusterImpl-9d1dee8c-d44a-4a38-8f2b-42c9fdbb6771/ozone-meta/datanode-6/ratis/8e5ecdec-aac4-4dea-94c2-875641190752
2024-03-15 21:40:21,314 [3dfa3a40-7be8-4b27-818e-b4bcb1f9d011-groupManagement] INFO  server.RaftServerConfigKeys (ConfUtils.java:logGet(46)) - raft.server.log.queue.byte-limit = 4294967296 (custom)
2024-03-15 21:40:21,314 [3dfa3a40-7be8-4b27-818e-b4bcb1f9d011-groupManagement] INFO  server.RaftServerConfigKeys (ConfUtils.java:logGet(46)) - raft.server.log.queue.element-limit = 1024 (custom)
2024-03-15 21:40:21,315 [3dfa3a40-7be8-4b27-818e-b4bcb1f9d011-groupManagement] INFO  server.RaftServerConfigKeys (ConfUtils.java:logGet(46)) - raft.server.log.segment.size.max = 67108864 (custom)
2024-03-15 21:40:21,315 [3dfa3a40-7be8-4b27-818e-b4bcb1f9d011-groupManagement] INFO  server.RaftServerConfigKeys (ConfUtils.java:logGet(46)) - raft.server.log.preallocated.size = 4194304 (custom)
2024-03-15 21:40:21,315 [3dfa3a40-7be8-4b27-818e-b4bcb1f9d011-groupManagement] INFO  server.RaftServerConfigKeys (ConfUtils.java:logGet(46)) - raft.server.log.force.sync.num = 128 (default)
2024-03-15 21:40:21,315 [3dfa3a40-7be8-4b27-818e-b4bcb1f9d011-groupManagement] INFO  server.RaftServerConfigKeys (ConfUtils.java:logGet(46)) - raft.server.log.statemachine.data.sync = true (default)
2024-03-15 21:40:21,315 [3dfa3a40-7be8-4b27-818e-b4bcb1f9d011-groupManagement] INFO  server.RaftServerConfigKeys (ConfUtils.java:logGet(46)) - raft.server.log.statemachine.data.sync.timeout = 10s (default)
2024-03-15 21:40:21,315 [3dfa3a40-7be8-4b27-818e-b4bcb1f9d011-groupManagement] INFO  server.RaftServerConfigKeys (ConfUtils.java:logGet(46)) - raft.server.log.statemachine.data.sync.timeout.retry = 0 (custom)
2024-03-15 21:40:21,315 [3dfa3a40-7be8-4b27-818e-b4bcb1f9d011-groupManagement] INFO  server.RaftServerConfigKeys (ConfUtils.java:logGet(46)) - raft.server.log.write.buffer.size = 8388616 (custom)
2024-03-15 21:40:21,316 [3dfa3a40-7be8-4b27-818e-b4bcb1f9d011-groupManagement] INFO  server.RaftServerConfigKeys (ConfUtils.java:logGet(46)) - raft.server.log.appender.buffer.byte-limit = 8388608 (custom)
2024-03-15 21:40:21,316 [3dfa3a40-7be8-4b27-818e-b4bcb1f9d011-groupManagement] INFO  server.RaftServerConfigKeys (ConfUtils.java:logGet(46)) - raft.server.log.unsafe-flush.enabled = false (default)
2024-03-15 21:40:21,316 [3dfa3a40-7be8-4b27-818e-b4bcb1f9d011-groupManagement] INFO  server.RaftServerConfigKeys (ConfUtils.java:logGet(46)) - raft.server.log.async-flush.enabled = false (default)
2024-03-15 21:40:21,316 [3dfa3a40-7be8-4b27-818e-b4bcb1f9d011-groupManagement] INFO  server.RaftServerConfigKeys (ConfUtils.java:logGet(46)) - raft.server.log.statemachine.data.caching.enabled = true (custom)
2024-03-15 21:40:21,316 [3dfa3a40-7be8-4b27-818e-b4bcb1f9d011-groupManagement] INFO  segmented.SegmentedRaftLogWorker (SegmentedRaftLogWorker.java:lambda$new$0(134)) - 3dfa3a40-7be8-4b27-818e-b4bcb1f9d011@group-875641190752-SegmentedRaftLogWorker: flushIndex: setUnconditionally 0 -> -1
2024-03-15 21:40:21,316 [3dfa3a40-7be8-4b27-818e-b4bcb1f9d011-groupManagement] INFO  segmented.SegmentedRaftLogWorker (SegmentedRaftLogWorker.java:lambda$new$0(134)) - 3dfa3a40-7be8-4b27-818e-b4bcb1f9d011@group-875641190752-SegmentedRaftLogWorker: safeCacheEvictIndex: setUnconditionally 0 -> -1
2024-03-15 21:40:21,316 [3dfa3a40-7be8-4b27-818e-b4bcb1f9d011-groupManagement] INFO  server.RaftServer$Division (RaftServerImpl.java:start(396)) - 3dfa3a40-7be8-4b27-818e-b4bcb1f9d011@group-875641190752: start as a follower, conf=-1: peers:[3dfa3a40-7be8-4b27-818e-b4bcb1f9d011|10.1.0.11:15415]|listeners:[], old=null
2024-03-15 21:40:21,317 [3dfa3a40-7be8-4b27-818e-b4bcb1f9d011-groupManagement] INFO  server.RaftServer$Division (RaftServerImpl.java:setRole(383)) - 3dfa3a40-7be8-4b27-818e-b4bcb1f9d011@group-875641190752: changes role from      null to FOLLOWER at term 0 for startAsFollower
2024-03-15 21:40:21,317 [3dfa3a40-7be8-4b27-818e-b4bcb1f9d011-groupManagement] INFO  impl.RoleInfo (RoleInfo.java:updateAndGet(139)) - 3dfa3a40-7be8-4b27-818e-b4bcb1f9d011: start 3dfa3a40-7be8-4b27-818e-b4bcb1f9d011@group-875641190752-FollowerState
2024-03-15 21:40:21,317 [3dfa3a40-7be8-4b27-818e-b4bcb1f9d011@group-875641190752-FollowerState] INFO  server.RaftServerConfigKeys (ConfUtils.java:logFallback(53)) - raft.server.rpc.first-election.timeout.min = 5s (fallback to raft.server.rpc.timeout.min)
2024-03-15 21:40:21,317 [3dfa3a40-7be8-4b27-818e-b4bcb1f9d011-groupManagement] INFO  util.JmxRegister (JmxRegister.java:tryRegister(44)) - Successfully registered JMX Bean with object name Ratis:service=RaftServer,group=group-875641190752,id=3dfa3a40-7be8-4b27-818e-b4bcb1f9d011
2024-03-15 21:40:21,317 [3dfa3a40-7be8-4b27-818e-b4bcb1f9d011@group-875641190752-FollowerState] INFO  server.RaftServerConfigKeys (ConfUtils.java:logFallback(53)) - raft.server.rpc.first-election.timeout.max = 5200ms (fallback to raft.server.rpc.timeout.max)
2024-03-15 21:40:21,317 [3dfa3a40-7be8-4b27-818e-b4bcb1f9d011-groupManagement] INFO  server.RaftServerConfigKeys (ConfUtils.java:logGet(46)) - raft.server.snapshot.trigger-when-stop.enabled = true (default)
2024-03-15 21:40:21,317 [3dfa3a40-7be8-4b27-818e-b4bcb1f9d011-groupManagement] INFO  server.RaftServerConfigKeys (ConfUtils.java:logGet(46)) - raft.server.snapshot.auto.trigger.enabled = true (custom)
2024-03-15 21:40:21,317 [3dfa3a40-7be8-4b27-818e-b4bcb1f9d011-groupManagement] INFO  server.RaftServerConfigKeys (ConfUtils.java:logGet(46)) - raft.server.snapshot.auto.trigger.threshold = 10000 (custom)
2024-03-15 21:40:21,317 [3dfa3a40-7be8-4b27-818e-b4bcb1f9d011-groupManagement] INFO  server.RaftServerConfigKeys (ConfUtils.java:logGet(46)) - raft.server.snapshot.retention.file.num = 5 (custom)
2024-03-15 21:40:21,317 [3dfa3a40-7be8-4b27-818e-b4bcb1f9d011-groupManagement] INFO  server.RaftServerConfigKeys (ConfUtils.java:logGet(46)) - raft.server.log.purge.upto.snapshot.index = false (default)
2024-03-15 21:40:21,317 [3dfa3a40-7be8-4b27-818e-b4bcb1f9d011-PipelineCommandHandlerThread-0] INFO  ratis.XceiverServerRatis (XceiverServerRatis.java:addGroup(864)) - Created group PipelineID=8e5ecdec-aac4-4dea-94c2-875641190752
2024-03-15 21:40:21,317 [3dfa3a40-7be8-4b27-818e-b4bcb1f9d011-PipelineCommandHandlerThread-0] INFO  commandhandler.CreatePipelineCommandHandler (CreatePipelineCommandHandler.java:lambda$handle$2(124)) - Created Pipeline RATIS ONE PipelineID=8e5ecdec-aac4-4dea-94c2-875641190752.
2024-03-15 21:40:21,394 [caf183e4-1f79-482a-9e33-59f38e9311f0-PipelineCommandHandlerThread-0] INFO  server.RaftServer (RaftServerProxy.java:addNew(100)) - caf183e4-1f79-482a-9e33-59f38e9311f0: addNew group-996E77A5C1C0:[caf183e4-1f79-482a-9e33-59f38e9311f0|10.1.0.11:15424] returns group-996E77A5C1C0:java.util.concurrent.CompletableFuture@71890356[Not completed]
2024-03-15 21:40:21,395 [caf183e4-1f79-482a-9e33-59f38e9311f0-groupManagement] INFO  server.RaftServer$Division (RaftServerImpl.java:<init>(256)) - caf183e4-1f79-482a-9e33-59f38e9311f0: new RaftServerImpl for group-996E77A5C1C0:[caf183e4-1f79-482a-9e33-59f38e9311f0|10.1.0.11:15424] with ContainerStateMachine:uninitialized
2024-03-15 21:40:21,395 [caf183e4-1f79-482a-9e33-59f38e9311f0-groupManagement] INFO  server.RaftServerConfigKeys (ConfUtils.java:logGet(46)) - raft.server.rpc.timeout.min = 5s (custom)
2024-03-15 21:40:21,395 [caf183e4-1f79-482a-9e33-59f38e9311f0-groupManagement] INFO  server.RaftServerConfigKeys (ConfUtils.java:logGet(46)) - raft.server.rpc.timeout.max = 5200ms (custom)
2024-03-15 21:40:21,395 [caf183e4-1f79-482a-9e33-59f38e9311f0-groupManagement] INFO  server.RaftServerConfigKeys (ConfUtils.java:logGet(46)) - raft.server.rpc.sleep.time = 25ms (default)
2024-03-15 21:40:21,395 [caf183e4-1f79-482a-9e33-59f38e9311f0-groupManagement] INFO  server.RaftServerConfigKeys (ConfUtils.java:logGet(46)) - raft.server.rpc.slowness.timeout = 300000ms (custom)
2024-03-15 21:40:21,395 [caf183e4-1f79-482a-9e33-59f38e9311f0-groupManagement] INFO  server.RaftServerConfigKeys (ConfUtils.java:logGet(46)) - raft.server.leaderelection.leader.step-down.wait-time = 10s (default)
2024-03-15 21:40:21,395 [caf183e4-1f79-482a-9e33-59f38e9311f0-groupManagement] INFO  server.RaftServerConfigKeys (ConfUtils.java:logGet(46)) - raft.server.leaderelection.member.majority-add = false (default)
2024-03-15 21:40:21,395 [caf183e4-1f79-482a-9e33-59f38e9311f0-groupManagement] INFO  server.RaftServerConfigKeys (ConfUtils.java:logGet(46)) - raft.server.sleep.deviation.threshold = 300ms (default)
2024-03-15 21:40:21,395 [caf183e4-1f79-482a-9e33-59f38e9311f0-groupManagement] INFO  server.RaftServer$Division (ServerState.java:<init>(113)) - caf183e4-1f79-482a-9e33-59f38e9311f0@group-996E77A5C1C0: ConfigurationManager, init=-1: peers:[caf183e4-1f79-482a-9e33-59f38e9311f0|10.1.0.11:15424]|listeners:[], old=null, confs=<EMPTY_MAP>
2024-03-15 21:40:21,396 [caf183e4-1f79-482a-9e33-59f38e9311f0-groupManagement] INFO  server.RaftServerConfigKeys (ConfUtils.java:logGet(46)) - raft.server.notification.no-leader.timeout = 300000ms (custom)
2024-03-15 21:40:21,396 [caf183e4-1f79-482a-9e33-59f38e9311f0-groupManagement] INFO  server.RaftServerConfigKeys (ConfUtils.java:logGet(46)) - raft.server.read.timeout = 10s (default)
2024-03-15 21:40:21,396 [caf183e4-1f79-482a-9e33-59f38e9311f0-groupManagement] INFO  server.RaftServerConfigKeys (ConfUtils.java:logGet(46)) - raft.server.retrycache.expirytime = 600000ms (custom)
2024-03-15 21:40:21,396 [caf183e4-1f79-482a-9e33-59f38e9311f0-groupManagement] INFO  server.RaftServerConfigKeys (ConfUtils.java:logGet(46)) - raft.server.retrycache.statistics.expirytime = 100ms (default)
2024-03-15 21:40:21,396 [caf183e4-1f79-482a-9e33-59f38e9311f0-groupManagement] INFO  server.RaftServerConfigKeys (ConfUtils.java:logGet(46)) - raft.server.read.option = DEFAULT (default)
2024-03-15 21:40:21,396 [caf183e4-1f79-482a-9e33-59f38e9311f0-groupManagement] INFO  server.RaftServerConfigKeys (ConfUtils.java:logGet(46)) - raft.server.read.read-after-write-consistent.write-index-cache.expiry-time = 60s (default)
2024-03-15 21:40:21,397 [caf183e4-1f79-482a-9e33-59f38e9311f0-groupManagement] INFO  server.RaftServerConfigKeys (ConfUtils.java:logGet(46)) - raft.server.rpc.request.timeout = 3000ms (default)
2024-03-15 21:40:21,397 [caf183e4-1f79-482a-9e33-59f38e9311f0-groupManagement] INFO  server.RaftServerConfigKeys (ConfUtils.java:logGet(46)) - raft.server.log.appender.install.snapshot.enabled = false (custom)
2024-03-15 21:40:21,397 [caf183e4-1f79-482a-9e33-59f38e9311f0-groupManagement] INFO  server.RaftServerConfigKeys (ConfUtils.java:logGet(46)) - raft.server.threadpool.server.cached = true (default)
2024-03-15 21:40:21,397 [caf183e4-1f79-482a-9e33-59f38e9311f0-groupManagement] INFO  server.RaftServerConfigKeys (ConfUtils.java:logGet(46)) - raft.server.threadpool.server.size = 0 (default)
2024-03-15 21:40:21,397 [caf183e4-1f79-482a-9e33-59f38e9311f0-groupManagement] INFO  server.RaftServerConfigKeys (ConfUtils.java:logGet(46)) - raft.server.threadpool.client.cached = true (default)
2024-03-15 21:40:21,398 [caf183e4-1f79-482a-9e33-59f38e9311f0-groupManagement] INFO  server.RaftServerConfigKeys (ConfUtils.java:logGet(46)) - raft.server.threadpool.client.size = 0 (default)
2024-03-15 21:40:21,398 [caf183e4-1f79-482a-9e33-59f38e9311f0-groupManagement] INFO  server.RaftServerConfigKeys (ConfUtils.java:logGet(46)) - raft.server.storage.free-space.min = 0MB (=0) (default)
2024-03-15 21:40:21,398 [caf183e4-1f79-482a-9e33-59f38e9311f0-groupManagement] INFO  server.RaftServerConfigKeys (ConfUtils.java:logGet(46)) - raft.server.log.corruption.policy = EXCEPTION (default)
2024-03-15 21:40:21,398 [caf183e4-1f79-482a-9e33-59f38e9311f0-groupManagement] INFO  server.RaftServerConfigKeys (ConfUtils.java:logGet(46)) - raft.server.storage.dir = [/home/runner/work/ozone/ozone/hadoop-ozone/integration-test/target/test-dir/MiniOzoneClusterImpl-9d1dee8c-d44a-4a38-8f2b-42c9fdbb6771/ozone-meta/datanode-7/ratis] (custom)
2024-03-15 21:40:21,398 [caf183e4-1f79-482a-9e33-59f38e9311f0-groupManagement] INFO  storage.RaftStorageDirectory (RaftStorageDirectoryImpl.java:analyzeStorage(138)) - The storage directory /home/runner/work/ozone/ozone/hadoop-ozone/integration-test/target/test-dir/MiniOzoneClusterImpl-9d1dee8c-d44a-4a38-8f2b-42c9fdbb6771/ozone-meta/datanode-7/ratis/d6dc2d70-7b49-486f-a3c5-996e77a5c1c0 does not exist. Creating ...
2024-03-15 21:40:21,399 [caf183e4-1f79-482a-9e33-59f38e9311f0-groupManagement] INFO  storage.RaftStorageDirectory (RaftStorageDirectoryImpl.java:tryLock(228)) - Lock on /home/runner/work/ozone/ozone/hadoop-ozone/integration-test/target/test-dir/MiniOzoneClusterImpl-9d1dee8c-d44a-4a38-8f2b-42c9fdbb6771/ozone-meta/datanode-7/ratis/d6dc2d70-7b49-486f-a3c5-996e77a5c1c0/in_use.lock acquired by nodename 60682@fv-az528-102
2024-03-15 21:40:21,400 [caf183e4-1f79-482a-9e33-59f38e9311f0-groupManagement] INFO  storage.RaftStorage (RaftStorageImpl.java:format(99)) - Storage directory /home/runner/work/ozone/ozone/hadoop-ozone/integration-test/target/test-dir/MiniOzoneClusterImpl-9d1dee8c-d44a-4a38-8f2b-42c9fdbb6771/ozone-meta/datanode-7/ratis/d6dc2d70-7b49-486f-a3c5-996e77a5c1c0 has been successfully formatted.
2024-03-15 21:40:21,400 [caf183e4-1f79-482a-9e33-59f38e9311f0-groupManagement] WARN  util.FileUtils (LogUtils.java:supplyAndLog(63)) - Failed to Files.newInputStream /home/runner/work/ozone/ozone/hadoop-ozone/integration-test/target/test-dir/MiniOzoneClusterImpl-9d1dee8c-d44a-4a38-8f2b-42c9fdbb6771/ozone-meta/datanode-7/ratis/d6dc2d70-7b49-486f-a3c5-996e77a5c1c0/current/raft-meta.conf with options []: java.nio.file.NoSuchFileException: /home/runner/work/ozone/ozone/hadoop-ozone/integration-test/target/test-dir/MiniOzoneClusterImpl-9d1dee8c-d44a-4a38-8f2b-42c9fdbb6771/ozone-meta/datanode-7/ratis/d6dc2d70-7b49-486f-a3c5-996e77a5c1c0/current/raft-meta.conf
2024-03-15 21:40:21,401 [caf183e4-1f79-482a-9e33-59f38e9311f0-groupManagement] INFO  ratis.ContainerStateMachine (ContainerStateMachine.java:loadSnapshot(287)) - group-996E77A5C1C0: The snapshot info is null. Setting the last applied index to:(t:0, i:~)
2024-03-15 21:40:21,401 [caf183e4-1f79-482a-9e33-59f38e9311f0-groupManagement] INFO  server.RaftServerConfigKeys (ConfUtils.java:logGet(46)) - raft.server.log.use.memory = false (default)
2024-03-15 21:40:21,401 [caf183e4-1f79-482a-9e33-59f38e9311f0-groupManagement] INFO  server.RaftServerConfigKeys (ConfUtils.java:logGet(46)) - raft.server.log.purge.gap = 1000000 (custom)
2024-03-15 21:40:21,401 [caf183e4-1f79-482a-9e33-59f38e9311f0-groupManagement] INFO  server.RaftServerConfigKeys (ConfUtils.java:logGet(46)) - raft.server.log.appender.buffer.byte-limit = 8388608 (custom)
2024-03-15 21:40:21,401 [caf183e4-1f79-482a-9e33-59f38e9311f0-groupManagement] INFO  server.RaftServerConfigKeys (ConfUtils.java:logGet(46)) - raft.server.log.statemachine.data.read.timeout = 1000ms (default)
2024-03-15 21:40:21,401 [caf183e4-1f79-482a-9e33-59f38e9311f0-groupManagement] INFO  server.RaftServerConfigKeys (ConfUtils.java:logGet(46)) - raft.server.log.purge.preservation.log.num = 0 (default)
2024-03-15 21:40:21,402 [EventQueue-PipelineReportForPipelineReportHandler] INFO  pipeline.PipelineReportHandler (PipelineReportHandler.java:processPipelineReport(136)) - Opened pipeline PipelineID=d6dc2d70-7b49-486f-a3c5-996e77a5c1c0
2024-03-15 21:40:21,402 [EventQueue-OpenPipelineForHealthyPipelineSafeModeRule] INFO  safemode.SCMSafeModeManager (HealthyPipelineSafeModeRule.java:process(140)) - SCM in safe mode. Healthy pipelines reported count is 0, required healthy pipeline reported count is 1
2024-03-15 21:40:21,402 [caf183e4-1f79-482a-9e33-59f38e9311f0-groupManagement] INFO  server.RaftServerConfigKeys (ConfUtils.java:logGet(46)) - raft.server.log.segment.size.max = 67108864 (custom)
2024-03-15 21:40:21,402 [caf183e4-1f79-482a-9e33-59f38e9311f0-groupManagement] INFO  server.RaftServerConfigKeys (ConfUtils.java:logGet(46)) - raft.server.log.segment.cache.num.max = 2 (custom)
2024-03-15 21:40:21,402 [caf183e4-1f79-482a-9e33-59f38e9311f0-groupManagement] INFO  server.RaftServerConfigKeys (ConfUtils.java:logGet(46)) - raft.server.log.segment.cache.size.max = 200MB (=209715200) (default)
2024-03-15 21:40:21,402 [caf183e4-1f79-482a-9e33-59f38e9311f0-groupManagement] INFO  server.RaftServerConfigKeys (ConfUtils.java:logGet(46)) - raft.server.log.appender.buffer.byte-limit = 8388608 (custom)
2024-03-15 21:40:21,403 [caf183e4-1f79-482a-9e33-59f38e9311f0-groupManagement] INFO  util.AwaitToRun (AwaitToRun.java:start(81)) - Thread[caf183e4-1f79-482a-9e33-59f38e9311f0@group-996E77A5C1C0-cacheEviction-AwaitToRun,5,main] started
2024-03-15 21:40:21,403 [caf183e4-1f79-482a-9e33-59f38e9311f0-groupManagement] INFO  segmented.SegmentedRaftLogWorker (SegmentedRaftLogWorker.java:<init>(182)) - new caf183e4-1f79-482a-9e33-59f38e9311f0@group-996E77A5C1C0-SegmentedRaftLogWorker for RaftStorageImpl:Storage Directory /home/runner/work/ozone/ozone/hadoop-ozone/integration-test/target/test-dir/MiniOzoneClusterImpl-9d1dee8c-d44a-4a38-8f2b-42c9fdbb6771/ozone-meta/datanode-7/ratis/d6dc2d70-7b49-486f-a3c5-996e77a5c1c0
2024-03-15 21:40:21,403 [caf183e4-1f79-482a-9e33-59f38e9311f0-groupManagement] INFO  server.RaftServerConfigKeys (ConfUtils.java:logGet(46)) - raft.server.log.queue.byte-limit = 4294967296 (custom)
2024-03-15 21:40:21,403 [caf183e4-1f79-482a-9e33-59f38e9311f0-groupManagement] INFO  server.RaftServerConfigKeys (ConfUtils.java:logGet(46)) - raft.server.log.queue.element-limit = 1024 (custom)
2024-03-15 21:40:21,403 [caf183e4-1f79-482a-9e33-59f38e9311f0-groupManagement] INFO  server.RaftServerConfigKeys (ConfUtils.java:logGet(46)) - raft.server.log.segment.size.max = 67108864 (custom)
2024-03-15 21:40:21,403 [caf183e4-1f79-482a-9e33-59f38e9311f0-groupManagement] INFO  server.RaftServerConfigKeys (ConfUtils.java:logGet(46)) - raft.server.log.preallocated.size = 4194304 (custom)
2024-03-15 21:40:21,403 [caf183e4-1f79-482a-9e33-59f38e9311f0-groupManagement] INFO  server.RaftServerConfigKeys (ConfUtils.java:logGet(46)) - raft.server.log.force.sync.num = 128 (default)
2024-03-15 21:40:21,403 [caf183e4-1f79-482a-9e33-59f38e9311f0-groupManagement] INFO  server.RaftServerConfigKeys (ConfUtils.java:logGet(46)) - raft.server.log.statemachine.data.sync = true (default)
2024-03-15 21:40:21,403 [caf183e4-1f79-482a-9e33-59f38e9311f0-groupManagement] INFO  server.RaftServerConfigKeys (ConfUtils.java:logGet(46)) - raft.server.log.statemachine.data.sync.timeout = 10s (default)
2024-03-15 21:40:21,403 [caf183e4-1f79-482a-9e33-59f38e9311f0-groupManagement] INFO  server.RaftServerConfigKeys (ConfUtils.java:logGet(46)) - raft.server.log.statemachine.data.sync.timeout.retry = 0 (custom)
2024-03-15 21:40:21,403 [caf183e4-1f79-482a-9e33-59f38e9311f0-groupManagement] INFO  server.RaftServerConfigKeys (ConfUtils.java:logGet(46)) - raft.server.log.write.buffer.size = 8388616 (custom)
2024-03-15 21:40:21,404 [caf183e4-1f79-482a-9e33-59f38e9311f0-groupManagement] INFO  server.RaftServerConfigKeys (ConfUtils.java:logGet(46)) - raft.server.log.appender.buffer.byte-limit = 8388608 (custom)
2024-03-15 21:40:21,404 [caf183e4-1f79-482a-9e33-59f38e9311f0-groupManagement] INFO  server.RaftServerConfigKeys (ConfUtils.java:logGet(46)) - raft.server.log.unsafe-flush.enabled = false (default)
2024-03-15 21:40:21,405 [caf183e4-1f79-482a-9e33-59f38e9311f0-groupManagement] INFO  server.RaftServerConfigKeys (ConfUtils.java:logGet(46)) - raft.server.log.async-flush.enabled = false (default)
2024-03-15 21:40:21,405 [caf183e4-1f79-482a-9e33-59f38e9311f0-groupManagement] INFO  server.RaftServerConfigKeys (ConfUtils.java:logGet(46)) - raft.server.log.statemachine.data.caching.enabled = true (custom)
2024-03-15 21:40:21,405 [caf183e4-1f79-482a-9e33-59f38e9311f0-groupManagement] INFO  segmented.SegmentedRaftLogWorker (SegmentedRaftLogWorker.java:lambda$new$0(134)) - caf183e4-1f79-482a-9e33-59f38e9311f0@group-996E77A5C1C0-SegmentedRaftLogWorker: flushIndex: setUnconditionally 0 -> -1
2024-03-15 21:40:21,405 [caf183e4-1f79-482a-9e33-59f38e9311f0-groupManagement] INFO  segmented.SegmentedRaftLogWorker (SegmentedRaftLogWorker.java:lambda$new$0(134)) - caf183e4-1f79-482a-9e33-59f38e9311f0@group-996E77A5C1C0-SegmentedRaftLogWorker: safeCacheEvictIndex: setUnconditionally 0 -> -1
2024-03-15 21:40:21,405 [caf183e4-1f79-482a-9e33-59f38e9311f0-groupManagement] INFO  server.RaftServer$Division (RaftServerImpl.java:start(396)) - caf183e4-1f79-482a-9e33-59f38e9311f0@group-996E77A5C1C0: start as a follower, conf=-1: peers:[caf183e4-1f79-482a-9e33-59f38e9311f0|10.1.0.11:15424]|listeners:[], old=null
2024-03-15 21:40:21,405 [caf183e4-1f79-482a-9e33-59f38e9311f0-groupManagement] INFO  server.RaftServer$Division (RaftServerImpl.java:setRole(383)) - caf183e4-1f79-482a-9e33-59f38e9311f0@group-996E77A5C1C0: changes role from      null to FOLLOWER at term 0 for startAsFollower
2024-03-15 21:40:21,405 [caf183e4-1f79-482a-9e33-59f38e9311f0-groupManagement] INFO  impl.RoleInfo (RoleInfo.java:updateAndGet(139)) - caf183e4-1f79-482a-9e33-59f38e9311f0: start caf183e4-1f79-482a-9e33-59f38e9311f0@group-996E77A5C1C0-FollowerState
2024-03-15 21:40:21,405 [caf183e4-1f79-482a-9e33-59f38e9311f0-groupManagement] INFO  util.JmxRegister (JmxRegister.java:tryRegister(44)) - Successfully registered JMX Bean with object name Ratis:service=RaftServer,group=group-996E77A5C1C0,id=caf183e4-1f79-482a-9e33-59f38e9311f0
2024-03-15 21:40:21,405 [caf183e4-1f79-482a-9e33-59f38e9311f0@group-996E77A5C1C0-FollowerState] INFO  server.RaftServerConfigKeys (ConfUtils.java:logFallback(53)) - raft.server.rpc.first-election.timeout.min = 5s (fallback to raft.server.rpc.timeout.min)
2024-03-15 21:40:21,405 [caf183e4-1f79-482a-9e33-59f38e9311f0-groupManagement] INFO  server.RaftServerConfigKeys (ConfUtils.java:logGet(46)) - raft.server.snapshot.trigger-when-stop.enabled = true (default)
2024-03-15 21:40:21,405 [caf183e4-1f79-482a-9e33-59f38e9311f0@group-996E77A5C1C0-FollowerState] INFO  server.RaftServerConfigKeys (ConfUtils.java:logFallback(53)) - raft.server.rpc.first-election.timeout.max = 5200ms (fallback to raft.server.rpc.timeout.max)
2024-03-15 21:40:21,406 [caf183e4-1f79-482a-9e33-59f38e9311f0-groupManagement] INFO  server.RaftServerConfigKeys (ConfUtils.java:logGet(46)) - raft.server.snapshot.auto.trigger.enabled = true (custom)
2024-03-15 21:40:21,406 [caf183e4-1f79-482a-9e33-59f38e9311f0-groupManagement] INFO  server.RaftServerConfigKeys (ConfUtils.java:logGet(46)) - raft.server.snapshot.auto.trigger.threshold = 10000 (custom)
2024-03-15 21:40:21,406 [caf183e4-1f79-482a-9e33-59f38e9311f0-groupManagement] INFO  server.RaftServerConfigKeys (ConfUtils.java:logGet(46)) - raft.server.snapshot.retention.file.num = 5 (custom)
2024-03-15 21:40:21,406 [caf183e4-1f79-482a-9e33-59f38e9311f0-groupManagement] INFO  server.RaftServerConfigKeys (ConfUtils.java:logGet(46)) - raft.server.log.purge.upto.snapshot.index = false (default)
2024-03-15 21:40:21,406 [caf183e4-1f79-482a-9e33-59f38e9311f0-PipelineCommandHandlerThread-0] INFO  ratis.XceiverServerRatis (XceiverServerRatis.java:addGroup(864)) - Created group PipelineID=d6dc2d70-7b49-486f-a3c5-996e77a5c1c0
2024-03-15 21:40:21,406 [caf183e4-1f79-482a-9e33-59f38e9311f0-PipelineCommandHandlerThread-0] INFO  commandhandler.CreatePipelineCommandHandler (CreatePipelineCommandHandler.java:lambda$handle$2(124)) - Created Pipeline RATIS ONE PipelineID=d6dc2d70-7b49-486f-a3c5-996e77a5c1c0.
2024-03-15 21:40:21,406 [caf183e4-1f79-482a-9e33-59f38e9311f0-PipelineCommandHandlerThread-0] INFO  server.RaftServer (RaftServerProxy.java:addNew(100)) - caf183e4-1f79-482a-9e33-59f38e9311f0: addNew group-A2D1DD8F5B2A:[2bf5d123-a097-49f6-8df3-d3538d4bb7b0|10.1.0.11:15442, b15e7803-4f8e-4e49-829e-8079360f838e|10.1.0.11:15433, caf183e4-1f79-482a-9e33-59f38e9311f0|10.1.0.11:15424] returns group-A2D1DD8F5B2A:java.util.concurrent.CompletableFuture@75b689bf[Not completed]
2024-03-15 21:40:21,407 [caf183e4-1f79-482a-9e33-59f38e9311f0-groupManagement] INFO  server.RaftServer$Division (RaftServerImpl.java:<init>(256)) - caf183e4-1f79-482a-9e33-59f38e9311f0: new RaftServerImpl for group-A2D1DD8F5B2A:[2bf5d123-a097-49f6-8df3-d3538d4bb7b0|10.1.0.11:15442, b15e7803-4f8e-4e49-829e-8079360f838e|10.1.0.11:15433, caf183e4-1f79-482a-9e33-59f38e9311f0|10.1.0.11:15424] with ContainerStateMachine:uninitialized
2024-03-15 21:40:21,407 [caf183e4-1f79-482a-9e33-59f38e9311f0-groupManagement] INFO  server.RaftServerConfigKeys (ConfUtils.java:logGet(46)) - raft.server.rpc.timeout.min = 5s (custom)
2024-03-15 21:40:21,407 [caf183e4-1f79-482a-9e33-59f38e9311f0-groupManagement] INFO  server.RaftServerConfigKeys (ConfUtils.java:logGet(46)) - raft.server.rpc.timeout.max = 5200ms (custom)
2024-03-15 21:40:21,407 [caf183e4-1f79-482a-9e33-59f38e9311f0-groupManagement] INFO  server.RaftServerConfigKeys (ConfUtils.java:logGet(46)) - raft.server.rpc.sleep.time = 25ms (default)
2024-03-15 21:40:21,407 [caf183e4-1f79-482a-9e33-59f38e9311f0-groupManagement] INFO  server.RaftServerConfigKeys (ConfUtils.java:logGet(46)) - raft.server.rpc.slowness.timeout = 300000ms (custom)
2024-03-15 21:40:21,407 [caf183e4-1f79-482a-9e33-59f38e9311f0-groupManagement] INFO  server.RaftServerConfigKeys (ConfUtils.java:logGet(46)) - raft.server.leaderelection.leader.step-down.wait-time = 10s (default)
2024-03-15 21:40:21,407 [caf183e4-1f79-482a-9e33-59f38e9311f0-groupManagement] INFO  server.RaftServerConfigKeys (ConfUtils.java:logGet(46)) - raft.server.leaderelection.member.majority-add = false (default)
2024-03-15 21:40:21,407 [caf183e4-1f79-482a-9e33-59f38e9311f0-groupManagement] INFO  server.RaftServerConfigKeys (ConfUtils.java:logGet(46)) - raft.server.sleep.deviation.threshold = 300ms (default)
2024-03-15 21:40:21,407 [caf183e4-1f79-482a-9e33-59f38e9311f0-groupManagement] INFO  server.RaftServer$Division (ServerState.java:<init>(113)) - caf183e4-1f79-482a-9e33-59f38e9311f0@group-A2D1DD8F5B2A: ConfigurationManager, init=-1: peers:[2bf5d123-a097-49f6-8df3-d3538d4bb7b0|10.1.0.11:15442, b15e7803-4f8e-4e49-829e-8079360f838e|10.1.0.11:15433, caf183e4-1f79-482a-9e33-59f38e9311f0|10.1.0.11:15424]|listeners:[], old=null, confs=<EMPTY_MAP>
2024-03-15 21:40:21,407 [caf183e4-1f79-482a-9e33-59f38e9311f0-groupManagement] INFO  server.RaftServerConfigKeys (ConfUtils.java:logGet(46)) - raft.server.notification.no-leader.timeout = 300000ms (custom)
2024-03-15 21:40:21,407 [caf183e4-1f79-482a-9e33-59f38e9311f0-groupManagement] INFO  server.RaftServerConfigKeys (ConfUtils.java:logGet(46)) - raft.server.read.timeout = 10s (default)
2024-03-15 21:40:21,408 [caf183e4-1f79-482a-9e33-59f38e9311f0-groupManagement] INFO  server.RaftServerConfigKeys (ConfUtils.java:logGet(46)) - raft.server.retrycache.expirytime = 600000ms (custom)
2024-03-15 21:40:21,408 [caf183e4-1f79-482a-9e33-59f38e9311f0-groupManagement] INFO  server.RaftServerConfigKeys (ConfUtils.java:logGet(46)) - raft.server.retrycache.statistics.expirytime = 100ms (default)
2024-03-15 21:40:21,408 [caf183e4-1f79-482a-9e33-59f38e9311f0-groupManagement] INFO  server.RaftServerConfigKeys (ConfUtils.java:logGet(46)) - raft.server.read.option = DEFAULT (default)
2024-03-15 21:40:21,408 [caf183e4-1f79-482a-9e33-59f38e9311f0-groupManagement] INFO  server.RaftServerConfigKeys (ConfUtils.java:logGet(46)) - raft.server.read.read-after-write-consistent.write-index-cache.expiry-time = 60s (default)
2024-03-15 21:40:21,410 [caf183e4-1f79-482a-9e33-59f38e9311f0-groupManagement] INFO  server.RaftServerConfigKeys (ConfUtils.java:logGet(46)) - raft.server.rpc.request.timeout = 3000ms (default)
2024-03-15 21:40:21,410 [caf183e4-1f79-482a-9e33-59f38e9311f0-groupManagement] INFO  server.RaftServerConfigKeys (ConfUtils.java:logGet(46)) - raft.server.log.appender.install.snapshot.enabled = false (custom)
2024-03-15 21:40:21,410 [caf183e4-1f79-482a-9e33-59f38e9311f0-groupManagement] INFO  server.RaftServerConfigKeys (ConfUtils.java:logGet(46)) - raft.server.threadpool.server.cached = true (default)
2024-03-15 21:40:21,410 [caf183e4-1f79-482a-9e33-59f38e9311f0-groupManagement] INFO  server.RaftServerConfigKeys (ConfUtils.java:logGet(46)) - raft.server.threadpool.server.size = 0 (default)
2024-03-15 21:40:21,410 [caf183e4-1f79-482a-9e33-59f38e9311f0-groupManagement] INFO  server.RaftServerConfigKeys (ConfUtils.java:logGet(46)) - raft.server.threadpool.client.cached = true (default)
2024-03-15 21:40:21,410 [caf183e4-1f79-482a-9e33-59f38e9311f0-groupManagement] INFO  server.RaftServerConfigKeys (ConfUtils.java:logGet(46)) - raft.server.threadpool.client.size = 0 (default)
2024-03-15 21:40:21,410 [caf183e4-1f79-482a-9e33-59f38e9311f0-groupManagement] INFO  server.RaftServerConfigKeys (ConfUtils.java:logGet(46)) - raft.server.storage.free-space.min = 0MB (=0) (default)
2024-03-15 21:40:21,410 [caf183e4-1f79-482a-9e33-59f38e9311f0-groupManagement] INFO  server.RaftServerConfigKeys (ConfUtils.java:logGet(46)) - raft.server.log.corruption.policy = EXCEPTION (default)
2024-03-15 21:40:21,410 [caf183e4-1f79-482a-9e33-59f38e9311f0-groupManagement] INFO  server.RaftServerConfigKeys (ConfUtils.java:logGet(46)) - raft.server.storage.dir = [/home/runner/work/ozone/ozone/hadoop-ozone/integration-test/target/test-dir/MiniOzoneClusterImpl-9d1dee8c-d44a-4a38-8f2b-42c9fdbb6771/ozone-meta/datanode-7/ratis] (custom)
2024-03-15 21:40:21,410 [caf183e4-1f79-482a-9e33-59f38e9311f0-groupManagement] INFO  storage.RaftStorageDirectory (RaftStorageDirectoryImpl.java:analyzeStorage(138)) - The storage directory /home/runner/work/ozone/ozone/hadoop-ozone/integration-test/target/test-dir/MiniOzoneClusterImpl-9d1dee8c-d44a-4a38-8f2b-42c9fdbb6771/ozone-meta/datanode-7/ratis/aa483ffc-7bbc-45dc-87b3-a2d1dd8f5b2a does not exist. Creating ...
2024-03-15 21:40:21,411 [caf183e4-1f79-482a-9e33-59f38e9311f0-groupManagement] INFO  storage.RaftStorageDirectory (RaftStorageDirectoryImpl.java:tryLock(228)) - Lock on /home/runner/work/ozone/ozone/hadoop-ozone/integration-test/target/test-dir/MiniOzoneClusterImpl-9d1dee8c-d44a-4a38-8f2b-42c9fdbb6771/ozone-meta/datanode-7/ratis/aa483ffc-7bbc-45dc-87b3-a2d1dd8f5b2a/in_use.lock acquired by nodename 60682@fv-az528-102
2024-03-15 21:40:21,412 [caf183e4-1f79-482a-9e33-59f38e9311f0-groupManagement] INFO  storage.RaftStorage (RaftStorageImpl.java:format(99)) - Storage directory /home/runner/work/ozone/ozone/hadoop-ozone/integration-test/target/test-dir/MiniOzoneClusterImpl-9d1dee8c-d44a-4a38-8f2b-42c9fdbb6771/ozone-meta/datanode-7/ratis/aa483ffc-7bbc-45dc-87b3-a2d1dd8f5b2a has been successfully formatted.
2024-03-15 21:40:21,412 [caf183e4-1f79-482a-9e33-59f38e9311f0-groupManagement] WARN  util.FileUtils (LogUtils.java:supplyAndLog(63)) - Failed to Files.newInputStream /home/runner/work/ozone/ozone/hadoop-ozone/integration-test/target/test-dir/MiniOzoneClusterImpl-9d1dee8c-d44a-4a38-8f2b-42c9fdbb6771/ozone-meta/datanode-7/ratis/aa483ffc-7bbc-45dc-87b3-a2d1dd8f5b2a/current/raft-meta.conf with options []: java.nio.file.NoSuchFileException: /home/runner/work/ozone/ozone/hadoop-ozone/integration-test/target/test-dir/MiniOzoneClusterImpl-9d1dee8c-d44a-4a38-8f2b-42c9fdbb6771/ozone-meta/datanode-7/ratis/aa483ffc-7bbc-45dc-87b3-a2d1dd8f5b2a/current/raft-meta.conf
2024-03-15 21:40:21,413 [caf183e4-1f79-482a-9e33-59f38e9311f0-groupManagement] INFO  ratis.ContainerStateMachine (ContainerStateMachine.java:loadSnapshot(287)) - group-A2D1DD8F5B2A: The snapshot info is null. Setting the last applied index to:(t:0, i:~)
2024-03-15 21:40:21,413 [caf183e4-1f79-482a-9e33-59f38e9311f0-groupManagement] INFO  server.RaftServerConfigKeys (ConfUtils.java:logGet(46)) - raft.server.log.use.memory = false (default)
2024-03-15 21:40:21,413 [caf183e4-1f79-482a-9e33-59f38e9311f0-groupManagement] INFO  server.RaftServerConfigKeys (ConfUtils.java:logGet(46)) - raft.server.log.purge.gap = 1000000 (custom)
2024-03-15 21:40:21,413 [caf183e4-1f79-482a-9e33-59f38e9311f0-groupManagement] INFO  server.RaftServerConfigKeys (ConfUtils.java:logGet(46)) - raft.server.log.appender.buffer.byte-limit = 8388608 (custom)
2024-03-15 21:40:21,413 [caf183e4-1f79-482a-9e33-59f38e9311f0-groupManagement] INFO  server.RaftServerConfigKeys (ConfUtils.java:logGet(46)) - raft.server.log.statemachine.data.read.timeout = 1000ms (default)
2024-03-15 21:40:21,413 [caf183e4-1f79-482a-9e33-59f38e9311f0-groupManagement] INFO  server.RaftServerConfigKeys (ConfUtils.java:logGet(46)) - raft.server.log.purge.preservation.log.num = 0 (default)
2024-03-15 21:40:21,413 [EventQueue-OpenPipelineForHealthyPipelineSafeModeRule] INFO  safemode.SCMSafeModeManager (HealthyPipelineSafeModeRule.java:process(140)) - SCM in safe mode. Healthy pipelines reported count is 0, required healthy pipeline reported count is 1
2024-03-15 21:40:21,414 [caf183e4-1f79-482a-9e33-59f38e9311f0-groupManagement] INFO  server.RaftServerConfigKeys (ConfUtils.java:logGet(46)) - raft.server.log.segment.size.max = 67108864 (custom)
2024-03-15 21:40:21,414 [caf183e4-1f79-482a-9e33-59f38e9311f0-groupManagement] INFO  server.RaftServerConfigKeys (ConfUtils.java:logGet(46)) - raft.server.log.segment.cache.num.max = 2 (custom)
2024-03-15 21:40:21,414 [caf183e4-1f79-482a-9e33-59f38e9311f0-groupManagement] INFO  server.RaftServerConfigKeys (ConfUtils.java:logGet(46)) - raft.server.log.segment.cache.size.max = 200MB (=209715200) (default)
2024-03-15 21:40:21,414 [caf183e4-1f79-482a-9e33-59f38e9311f0-groupManagement] INFO  server.RaftServerConfigKeys (ConfUtils.java:logGet(46)) - raft.server.log.appender.buffer.byte-limit = 8388608 (custom)
2024-03-15 21:40:21,414 [caf183e4-1f79-482a-9e33-59f38e9311f0-groupManagement] INFO  util.AwaitToRun (AwaitToRun.java:start(81)) - Thread[caf183e4-1f79-482a-9e33-59f38e9311f0@group-A2D1DD8F5B2A-cacheEviction-AwaitToRun,5,main] started
2024-03-15 21:40:21,414 [caf183e4-1f79-482a-9e33-59f38e9311f0-groupManagement] INFO  segmented.SegmentedRaftLogWorker (SegmentedRaftLogWorker.java:<init>(182)) - new caf183e4-1f79-482a-9e33-59f38e9311f0@group-A2D1DD8F5B2A-SegmentedRaftLogWorker for RaftStorageImpl:Storage Directory /home/runner/work/ozone/ozone/hadoop-ozone/integration-test/target/test-dir/MiniOzoneClusterImpl-9d1dee8c-d44a-4a38-8f2b-42c9fdbb6771/ozone-meta/datanode-7/ratis/aa483ffc-7bbc-45dc-87b3-a2d1dd8f5b2a
2024-03-15 21:40:21,414 [caf183e4-1f79-482a-9e33-59f38e9311f0-groupManagement] INFO  server.RaftServerConfigKeys (ConfUtils.java:logGet(46)) - raft.server.log.queue.byte-limit = 4294967296 (custom)
2024-03-15 21:40:21,415 [caf183e4-1f79-482a-9e33-59f38e9311f0-groupManagement] INFO  server.RaftServerConfigKeys (ConfUtils.java:logGet(46)) - raft.server.log.queue.element-limit = 1024 (custom)
2024-03-15 21:40:21,415 [caf183e4-1f79-482a-9e33-59f38e9311f0-groupManagement] INFO  server.RaftServerConfigKeys (ConfUtils.java:logGet(46)) - raft.server.log.segment.size.max = 67108864 (custom)
2024-03-15 21:40:21,415 [caf183e4-1f79-482a-9e33-59f38e9311f0-groupManagement] INFO  server.RaftServerConfigKeys (ConfUtils.java:logGet(46)) - raft.server.log.preallocated.size = 4194304 (custom)
2024-03-15 21:40:21,415 [caf183e4-1f79-482a-9e33-59f38e9311f0-groupManagement] INFO  server.RaftServerConfigKeys (ConfUtils.java:logGet(46)) - raft.server.log.force.sync.num = 128 (default)
2024-03-15 21:40:21,415 [caf183e4-1f79-482a-9e33-59f38e9311f0-groupManagement] INFO  server.RaftServerConfigKeys (ConfUtils.java:logGet(46)) - raft.server.log.statemachine.data.sync = true (default)
2024-03-15 21:40:21,415 [caf183e4-1f79-482a-9e33-59f38e9311f0-groupManagement] INFO  server.RaftServerConfigKeys (ConfUtils.java:logGet(46)) - raft.server.log.statemachine.data.sync.timeout = 10s (default)
2024-03-15 21:40:21,415 [caf183e4-1f79-482a-9e33-59f38e9311f0-groupManagement] INFO  server.RaftServerConfigKeys (ConfUtils.java:logGet(46)) - raft.server.log.statemachine.data.sync.timeout.retry = 0 (custom)
2024-03-15 21:40:21,415 [caf183e4-1f79-482a-9e33-59f38e9311f0-groupManagement] INFO  server.RaftServerConfigKeys (ConfUtils.java:logGet(46)) - raft.server.log.write.buffer.size = 8388616 (custom)
2024-03-15 21:40:21,416 [caf183e4-1f79-482a-9e33-59f38e9311f0-groupManagement] INFO  server.RaftServerConfigKeys (ConfUtils.java:logGet(46)) - raft.server.log.appender.buffer.byte-limit = 8388608 (custom)
2024-03-15 21:40:21,416 [caf183e4-1f79-482a-9e33-59f38e9311f0-groupManagement] INFO  server.RaftServerConfigKeys (ConfUtils.java:logGet(46)) - raft.server.log.unsafe-flush.enabled = false (default)
2024-03-15 21:40:21,416 [caf183e4-1f79-482a-9e33-59f38e9311f0-groupManagement] INFO  server.RaftServerConfigKeys (ConfUtils.java:logGet(46)) - raft.server.log.async-flush.enabled = false (default)
2024-03-15 21:40:21,416 [caf183e4-1f79-482a-9e33-59f38e9311f0-groupManagement] INFO  server.RaftServerConfigKeys (ConfUtils.java:logGet(46)) - raft.server.log.statemachine.data.caching.enabled = true (custom)
2024-03-15 21:40:21,417 [caf183e4-1f79-482a-9e33-59f38e9311f0-groupManagement] INFO  segmented.SegmentedRaftLogWorker (SegmentedRaftLogWorker.java:lambda$new$0(134)) - caf183e4-1f79-482a-9e33-59f38e9311f0@group-A2D1DD8F5B2A-SegmentedRaftLogWorker: flushIndex: setUnconditionally 0 -> -1
2024-03-15 21:40:21,417 [caf183e4-1f79-482a-9e33-59f38e9311f0-groupManagement] INFO  segmented.SegmentedRaftLogWorker (SegmentedRaftLogWorker.java:lambda$new$0(134)) - caf183e4-1f79-482a-9e33-59f38e9311f0@group-A2D1DD8F5B2A-SegmentedRaftLogWorker: safeCacheEvictIndex: setUnconditionally 0 -> -1
2024-03-15 21:40:21,417 [caf183e4-1f79-482a-9e33-59f38e9311f0-groupManagement] INFO  server.RaftServer$Division (RaftServerImpl.java:start(396)) - caf183e4-1f79-482a-9e33-59f38e9311f0@group-A2D1DD8F5B2A: start as a follower, conf=-1: peers:[2bf5d123-a097-49f6-8df3-d3538d4bb7b0|10.1.0.11:15442, b15e7803-4f8e-4e49-829e-8079360f838e|10.1.0.11:15433, caf183e4-1f79-482a-9e33-59f38e9311f0|10.1.0.11:15424]|listeners:[], old=null
2024-03-15 21:40:21,417 [caf183e4-1f79-482a-9e33-59f38e9311f0-groupManagement] INFO  server.RaftServer$Division (RaftServerImpl.java:setRole(383)) - caf183e4-1f79-482a-9e33-59f38e9311f0@group-A2D1DD8F5B2A: changes role from      null to FOLLOWER at term 0 for startAsFollower
2024-03-15 21:40:21,417 [caf183e4-1f79-482a-9e33-59f38e9311f0-groupManagement] INFO  impl.RoleInfo (RoleInfo.java:updateAndGet(139)) - caf183e4-1f79-482a-9e33-59f38e9311f0: start caf183e4-1f79-482a-9e33-59f38e9311f0@group-A2D1DD8F5B2A-FollowerState
2024-03-15 21:40:21,417 [caf183e4-1f79-482a-9e33-59f38e9311f0@group-A2D1DD8F5B2A-FollowerState] INFO  server.RaftServerConfigKeys (ConfUtils.java:logFallback(53)) - raft.server.rpc.first-election.timeout.min = 5s (fallback to raft.server.rpc.timeout.min)
2024-03-15 21:40:21,417 [caf183e4-1f79-482a-9e33-59f38e9311f0-groupManagement] INFO  util.JmxRegister (JmxRegister.java:tryRegister(44)) - Successfully registered JMX Bean with object name Ratis:service=RaftServer,group=group-A2D1DD8F5B2A,id=caf183e4-1f79-482a-9e33-59f38e9311f0
2024-03-15 21:40:21,417 [caf183e4-1f79-482a-9e33-59f38e9311f0-groupManagement] INFO  server.RaftServerConfigKeys (ConfUtils.java:logGet(46)) - raft.server.snapshot.trigger-when-stop.enabled = true (default)
2024-03-15 21:40:21,417 [caf183e4-1f79-482a-9e33-59f38e9311f0@group-A2D1DD8F5B2A-FollowerState] INFO  server.RaftServerConfigKeys (ConfUtils.java:logFallback(53)) - raft.server.rpc.first-election.timeout.max = 5200ms (fallback to raft.server.rpc.timeout.max)
2024-03-15 21:40:21,417 [caf183e4-1f79-482a-9e33-59f38e9311f0-groupManagement] INFO  server.RaftServerConfigKeys (ConfUtils.java:logGet(46)) - raft.server.snapshot.auto.trigger.enabled = true (custom)
2024-03-15 21:40:21,418 [caf183e4-1f79-482a-9e33-59f38e9311f0-groupManagement] INFO  server.RaftServerConfigKeys (ConfUtils.java:logGet(46)) - raft.server.snapshot.auto.trigger.threshold = 10000 (custom)
2024-03-15 21:40:21,418 [caf183e4-1f79-482a-9e33-59f38e9311f0-groupManagement] INFO  server.RaftServerConfigKeys (ConfUtils.java:logGet(46)) - raft.server.snapshot.retention.file.num = 5 (custom)
2024-03-15 21:40:21,418 [caf183e4-1f79-482a-9e33-59f38e9311f0-groupManagement] INFO  server.RaftServerConfigKeys (ConfUtils.java:logGet(46)) - raft.server.log.purge.upto.snapshot.index = false (default)
2024-03-15 21:40:21,418 [caf183e4-1f79-482a-9e33-59f38e9311f0-PipelineCommandHandlerThread-0] INFO  ratis.XceiverServerRatis (XceiverServerRatis.java:addGroup(864)) - Created group PipelineID=aa483ffc-7bbc-45dc-87b3-a2d1dd8f5b2a
2024-03-15 21:40:21,426 [grpc-default-executor-5] INFO  server.RaftServer (RaftServerProxy.java:addNew(100)) - b15e7803-4f8e-4e49-829e-8079360f838e: addNew group-A2D1DD8F5B2A:[2bf5d123-a097-49f6-8df3-d3538d4bb7b0|10.1.0.11:15442, b15e7803-4f8e-4e49-829e-8079360f838e|10.1.0.11:15433, caf183e4-1f79-482a-9e33-59f38e9311f0|10.1.0.11:15424] returns group-A2D1DD8F5B2A:java.util.concurrent.CompletableFuture@43efa814[Not completed]
2024-03-15 21:40:21,427 [b15e7803-4f8e-4e49-829e-8079360f838e-groupManagement] INFO  server.RaftServer$Division (RaftServerImpl.java:<init>(256)) - b15e7803-4f8e-4e49-829e-8079360f838e: new RaftServerImpl for group-A2D1DD8F5B2A:[2bf5d123-a097-49f6-8df3-d3538d4bb7b0|10.1.0.11:15442, b15e7803-4f8e-4e49-829e-8079360f838e|10.1.0.11:15433, caf183e4-1f79-482a-9e33-59f38e9311f0|10.1.0.11:15424] with ContainerStateMachine:uninitialized
2024-03-15 21:40:21,427 [b15e7803-4f8e-4e49-829e-8079360f838e-groupManagement] INFO  server.RaftServerConfigKeys (ConfUtils.java:logGet(46)) - raft.server.rpc.timeout.min = 5s (custom)
2024-03-15 21:40:21,427 [b15e7803-4f8e-4e49-829e-8079360f838e-groupManagement] INFO  server.RaftServerConfigKeys (ConfUtils.java:logGet(46)) - raft.server.rpc.timeout.max = 5200ms (custom)
2024-03-15 21:40:21,427 [b15e7803-4f8e-4e49-829e-8079360f838e-groupManagement] INFO  server.RaftServerConfigKeys (ConfUtils.java:logGet(46)) - raft.server.rpc.sleep.time = 25ms (default)
2024-03-15 21:40:21,427 [b15e7803-4f8e-4e49-829e-8079360f838e-groupManagement] INFO  server.RaftServerConfigKeys (ConfUtils.java:logGet(46)) - raft.server.rpc.slowness.timeout = 300000ms (custom)
2024-03-15 21:40:21,427 [b15e7803-4f8e-4e49-829e-8079360f838e-groupManagement] INFO  server.RaftServerConfigKeys (ConfUtils.java:logGet(46)) - raft.server.leaderelection.leader.step-down.wait-time = 10s (default)
2024-03-15 21:40:21,427 [b15e7803-4f8e-4e49-829e-8079360f838e-groupManagement] INFO  server.RaftServerConfigKeys (ConfUtils.java:logGet(46)) - raft.server.leaderelection.member.majority-add = false (default)
2024-03-15 21:40:21,427 [b15e7803-4f8e-4e49-829e-8079360f838e-groupManagement] INFO  server.RaftServerConfigKeys (ConfUtils.java:logGet(46)) - raft.server.sleep.deviation.threshold = 300ms (default)
2024-03-15 21:40:21,427 [b15e7803-4f8e-4e49-829e-8079360f838e-groupManagement] INFO  server.RaftServer$Division (ServerState.java:<init>(113)) - b15e7803-4f8e-4e49-829e-8079360f838e@group-A2D1DD8F5B2A: ConfigurationManager, init=-1: peers:[2bf5d123-a097-49f6-8df3-d3538d4bb7b0|10.1.0.11:15442, b15e7803-4f8e-4e49-829e-8079360f838e|10.1.0.11:15433, caf183e4-1f79-482a-9e33-59f38e9311f0|10.1.0.11:15424]|listeners:[], old=null, confs=<EMPTY_MAP>
2024-03-15 21:40:21,427 [b15e7803-4f8e-4e49-829e-8079360f838e-groupManagement] INFO  server.RaftServerConfigKeys (ConfUtils.java:logGet(46)) - raft.server.notification.no-leader.timeout = 300000ms (custom)
2024-03-15 21:40:21,427 [b15e7803-4f8e-4e49-829e-8079360f838e-groupManagement] INFO  server.RaftServerConfigKeys (ConfUtils.java:logGet(46)) - raft.server.read.timeout = 10s (default)
2024-03-15 21:40:21,427 [b15e7803-4f8e-4e49-829e-8079360f838e-groupManagement] INFO  server.RaftServerConfigKeys (ConfUtils.java:logGet(46)) - raft.server.retrycache.expirytime = 600000ms (custom)
2024-03-15 21:40:21,427 [b15e7803-4f8e-4e49-829e-8079360f838e-groupManagement] INFO  server.RaftServerConfigKeys (ConfUtils.java:logGet(46)) - raft.server.retrycache.statistics.expirytime = 100ms (default)
2024-03-15 21:40:21,427 [b15e7803-4f8e-4e49-829e-8079360f838e-groupManagement] INFO  server.RaftServerConfigKeys (ConfUtils.java:logGet(46)) - raft.server.read.option = DEFAULT (default)
2024-03-15 21:40:21,428 [b15e7803-4f8e-4e49-829e-8079360f838e-groupManagement] INFO  server.RaftServerConfigKeys (ConfUtils.java:logGet(46)) - raft.server.read.read-after-write-consistent.write-index-cache.expiry-time = 60s (default)
2024-03-15 21:40:21,429 [b15e7803-4f8e-4e49-829e-8079360f838e-groupManagement] INFO  server.RaftServerConfigKeys (ConfUtils.java:logGet(46)) - raft.server.rpc.request.timeout = 3000ms (default)
2024-03-15 21:40:21,429 [b15e7803-4f8e-4e49-829e-8079360f838e-groupManagement] INFO  server.RaftServerConfigKeys (ConfUtils.java:logGet(46)) - raft.server.log.appender.install.snapshot.enabled = false (custom)
2024-03-15 21:40:21,429 [b15e7803-4f8e-4e49-829e-8079360f838e-groupManagement] INFO  server.RaftServerConfigKeys (ConfUtils.java:logGet(46)) - raft.server.threadpool.server.cached = true (default)
2024-03-15 21:40:21,429 [b15e7803-4f8e-4e49-829e-8079360f838e-groupManagement] INFO  server.RaftServerConfigKeys (ConfUtils.java:logGet(46)) - raft.server.threadpool.server.size = 0 (default)
2024-03-15 21:40:21,429 [b15e7803-4f8e-4e49-829e-8079360f838e-groupManagement] INFO  server.RaftServerConfigKeys (ConfUtils.java:logGet(46)) - raft.server.threadpool.client.cached = true (default)
2024-03-15 21:40:21,429 [b15e7803-4f8e-4e49-829e-8079360f838e-groupManagement] INFO  server.RaftServerConfigKeys (ConfUtils.java:logGet(46)) - raft.server.threadpool.client.size = 0 (default)
2024-03-15 21:40:21,429 [b15e7803-4f8e-4e49-829e-8079360f838e-groupManagement] INFO  server.RaftServerConfigKeys (ConfUtils.java:logGet(46)) - raft.server.storage.free-space.min = 0MB (=0) (default)
2024-03-15 21:40:21,429 [b15e7803-4f8e-4e49-829e-8079360f838e-groupManagement] INFO  server.RaftServerConfigKeys (ConfUtils.java:logGet(46)) - raft.server.log.corruption.policy = EXCEPTION (default)
2024-03-15 21:40:21,429 [b15e7803-4f8e-4e49-829e-8079360f838e-groupManagement] INFO  server.RaftServerConfigKeys (ConfUtils.java:logGet(46)) - raft.server.storage.dir = [/home/runner/work/ozone/ozone/hadoop-ozone/integration-test/target/test-dir/MiniOzoneClusterImpl-9d1dee8c-d44a-4a38-8f2b-42c9fdbb6771/ozone-meta/datanode-8/ratis] (custom)
2024-03-15 21:40:21,430 [b15e7803-4f8e-4e49-829e-8079360f838e-groupManagement] INFO  storage.RaftStorageDirectory (RaftStorageDirectoryImpl.java:analyzeStorage(138)) - The storage directory /home/runner/work/ozone/ozone/hadoop-ozone/integration-test/target/test-dir/MiniOzoneClusterImpl-9d1dee8c-d44a-4a38-8f2b-42c9fdbb6771/ozone-meta/datanode-8/ratis/aa483ffc-7bbc-45dc-87b3-a2d1dd8f5b2a does not exist. Creating ...
2024-03-15 21:40:21,430 [b15e7803-4f8e-4e49-829e-8079360f838e-groupManagement] INFO  storage.RaftStorageDirectory (RaftStorageDirectoryImpl.java:tryLock(228)) - Lock on /home/runner/work/ozone/ozone/hadoop-ozone/integration-test/target/test-dir/MiniOzoneClusterImpl-9d1dee8c-d44a-4a38-8f2b-42c9fdbb6771/ozone-meta/datanode-8/ratis/aa483ffc-7bbc-45dc-87b3-a2d1dd8f5b2a/in_use.lock acquired by nodename 60682@fv-az528-102
2024-03-15 21:40:21,431 [b15e7803-4f8e-4e49-829e-8079360f838e-groupManagement] INFO  storage.RaftStorage (RaftStorageImpl.java:format(99)) - Storage directory /home/runner/work/ozone/ozone/hadoop-ozone/integration-test/target/test-dir/MiniOzoneClusterImpl-9d1dee8c-d44a-4a38-8f2b-42c9fdbb6771/ozone-meta/datanode-8/ratis/aa483ffc-7bbc-45dc-87b3-a2d1dd8f5b2a has been successfully formatted.
2024-03-15 21:40:21,431 [b15e7803-4f8e-4e49-829e-8079360f838e-groupManagement] WARN  util.FileUtils (LogUtils.java:supplyAndLog(63)) - Failed to Files.newInputStream /home/runner/work/ozone/ozone/hadoop-ozone/integration-test/target/test-dir/MiniOzoneClusterImpl-9d1dee8c-d44a-4a38-8f2b-42c9fdbb6771/ozone-meta/datanode-8/ratis/aa483ffc-7bbc-45dc-87b3-a2d1dd8f5b2a/current/raft-meta.conf with options []: java.nio.file.NoSuchFileException: /home/runner/work/ozone/ozone/hadoop-ozone/integration-test/target/test-dir/MiniOzoneClusterImpl-9d1dee8c-d44a-4a38-8f2b-42c9fdbb6771/ozone-meta/datanode-8/ratis/aa483ffc-7bbc-45dc-87b3-a2d1dd8f5b2a/current/raft-meta.conf
2024-03-15 21:40:21,433 [b15e7803-4f8e-4e49-829e-8079360f838e-groupManagement] INFO  ratis.ContainerStateMachine (ContainerStateMachine.java:loadSnapshot(287)) - group-A2D1DD8F5B2A: The snapshot info is null. Setting the last applied index to:(t:0, i:~)
2024-03-15 21:40:21,433 [b15e7803-4f8e-4e49-829e-8079360f838e-groupManagement] INFO  server.RaftServerConfigKeys (ConfUtils.java:logGet(46)) - raft.server.log.use.memory = false (default)
2024-03-15 21:40:21,433 [b15e7803-4f8e-4e49-829e-8079360f838e-groupManagement] INFO  server.RaftServerConfigKeys (ConfUtils.java:logGet(46)) - raft.server.log.purge.gap = 1000000 (custom)
2024-03-15 21:40:21,433 [b15e7803-4f8e-4e49-829e-8079360f838e-groupManagement] INFO  server.RaftServerConfigKeys (ConfUtils.java:logGet(46)) - raft.server.log.appender.buffer.byte-limit = 8388608 (custom)
2024-03-15 21:40:21,433 [b15e7803-4f8e-4e49-829e-8079360f838e-groupManagement] INFO  server.RaftServerConfigKeys (ConfUtils.java:logGet(46)) - raft.server.log.statemachine.data.read.timeout = 1000ms (default)
2024-03-15 21:40:21,433 [b15e7803-4f8e-4e49-829e-8079360f838e-groupManagement] INFO  server.RaftServerConfigKeys (ConfUtils.java:logGet(46)) - raft.server.log.purge.preservation.log.num = 0 (default)
2024-03-15 21:40:21,434 [b15e7803-4f8e-4e49-829e-8079360f838e-groupManagement] INFO  server.RaftServerConfigKeys (ConfUtils.java:logGet(46)) - raft.server.log.segment.size.max = 67108864 (custom)
2024-03-15 21:40:21,434 [b15e7803-4f8e-4e49-829e-8079360f838e-groupManagement] INFO  server.RaftServerConfigKeys (ConfUtils.java:logGet(46)) - raft.server.log.segment.cache.num.max = 2 (custom)
2024-03-15 21:40:21,434 [b15e7803-4f8e-4e49-829e-8079360f838e-groupManagement] INFO  server.RaftServerConfigKeys (ConfUtils.java:logGet(46)) - raft.server.log.segment.cache.size.max = 200MB (=209715200) (default)
2024-03-15 21:40:21,434 [b15e7803-4f8e-4e49-829e-8079360f838e-groupManagement] INFO  server.RaftServerConfigKeys (ConfUtils.java:logGet(46)) - raft.server.log.appender.buffer.byte-limit = 8388608 (custom)
2024-03-15 21:40:21,434 [b15e7803-4f8e-4e49-829e-8079360f838e-groupManagement] INFO  util.AwaitToRun (AwaitToRun.java:start(81)) - Thread[b15e7803-4f8e-4e49-829e-8079360f838e@group-A2D1DD8F5B2A-cacheEviction-AwaitToRun,5,main] started
2024-03-15 21:40:21,434 [b15e7803-4f8e-4e49-829e-8079360f838e-groupManagement] INFO  segmented.SegmentedRaftLogWorker (SegmentedRaftLogWorker.java:<init>(182)) - new b15e7803-4f8e-4e49-829e-8079360f838e@group-A2D1DD8F5B2A-SegmentedRaftLogWorker for RaftStorageImpl:Storage Directory /home/runner/work/ozone/ozone/hadoop-ozone/integration-test/target/test-dir/MiniOzoneClusterImpl-9d1dee8c-d44a-4a38-8f2b-42c9fdbb6771/ozone-meta/datanode-8/ratis/aa483ffc-7bbc-45dc-87b3-a2d1dd8f5b2a
2024-03-15 21:40:21,434 [b15e7803-4f8e-4e49-829e-8079360f838e-groupManagement] INFO  server.RaftServerConfigKeys (ConfUtils.java:logGet(46)) - raft.server.log.queue.byte-limit = 4294967296 (custom)
2024-03-15 21:40:21,434 [b15e7803-4f8e-4e49-829e-8079360f838e-groupManagement] INFO  server.RaftServerConfigKeys (ConfUtils.java:logGet(46)) - raft.server.log.queue.element-limit = 1024 (custom)
2024-03-15 21:40:21,434 [b15e7803-4f8e-4e49-829e-8079360f838e-groupManagement] INFO  server.RaftServerConfigKeys (ConfUtils.java:logGet(46)) - raft.server.log.segment.size.max = 67108864 (custom)
2024-03-15 21:40:21,435 [b15e7803-4f8e-4e49-829e-8079360f838e-groupManagement] INFO  server.RaftServerConfigKeys (ConfUtils.java:logGet(46)) - raft.server.log.preallocated.size = 4194304 (custom)
2024-03-15 21:40:21,435 [b15e7803-4f8e-4e49-829e-8079360f838e-groupManagement] INFO  server.RaftServerConfigKeys (ConfUtils.java:logGet(46)) - raft.server.log.force.sync.num = 128 (default)
2024-03-15 21:40:21,435 [b15e7803-4f8e-4e49-829e-8079360f838e-groupManagement] INFO  server.RaftServerConfigKeys (ConfUtils.java:logGet(46)) - raft.server.log.statemachine.data.sync = true (default)
2024-03-15 21:40:21,435 [b15e7803-4f8e-4e49-829e-8079360f838e-groupManagement] INFO  server.RaftServerConfigKeys (ConfUtils.java:logGet(46)) - raft.server.log.statemachine.data.sync.timeout = 10s (default)
2024-03-15 21:40:21,435 [b15e7803-4f8e-4e49-829e-8079360f838e-groupManagement] INFO  server.RaftServerConfigKeys (ConfUtils.java:logGet(46)) - raft.server.log.statemachine.data.sync.timeout.retry = 0 (custom)
2024-03-15 21:40:21,435 [b15e7803-4f8e-4e49-829e-8079360f838e-groupManagement] INFO  server.RaftServerConfigKeys (ConfUtils.java:logGet(46)) - raft.server.log.write.buffer.size = 8388616 (custom)
2024-03-15 21:40:21,436 [b15e7803-4f8e-4e49-829e-8079360f838e-groupManagement] INFO  server.RaftServerConfigKeys (ConfUtils.java:logGet(46)) - raft.server.log.appender.buffer.byte-limit = 8388608 (custom)
2024-03-15 21:40:21,436 [b15e7803-4f8e-4e49-829e-8079360f838e-groupManagement] INFO  server.RaftServerConfigKeys (ConfUtils.java:logGet(46)) - raft.server.log.unsafe-flush.enabled = false (default)
2024-03-15 21:40:21,436 [b15e7803-4f8e-4e49-829e-8079360f838e-groupManagement] INFO  server.RaftServerConfigKeys (ConfUtils.java:logGet(46)) - raft.server.log.async-flush.enabled = false (default)
2024-03-15 21:40:21,436 [b15e7803-4f8e-4e49-829e-8079360f838e-groupManagement] INFO  server.RaftServerConfigKeys (ConfUtils.java:logGet(46)) - raft.server.log.statemachine.data.caching.enabled = true (custom)
2024-03-15 21:40:21,436 [b15e7803-4f8e-4e49-829e-8079360f838e-groupManagement] INFO  segmented.SegmentedRaftLogWorker (SegmentedRaftLogWorker.java:lambda$new$0(134)) - b15e7803-4f8e-4e49-829e-8079360f838e@group-A2D1DD8F5B2A-SegmentedRaftLogWorker: flushIndex: setUnconditionally 0 -> -1
2024-03-15 21:40:21,436 [b15e7803-4f8e-4e49-829e-8079360f838e-groupManagement] INFO  segmented.SegmentedRaftLogWorker (SegmentedRaftLogWorker.java:lambda$new$0(134)) - b15e7803-4f8e-4e49-829e-8079360f838e@group-A2D1DD8F5B2A-SegmentedRaftLogWorker: safeCacheEvictIndex: setUnconditionally 0 -> -1
2024-03-15 21:40:21,436 [b15e7803-4f8e-4e49-829e-8079360f838e-groupManagement] INFO  server.RaftServer$Division (RaftServerImpl.java:start(396)) - b15e7803-4f8e-4e49-829e-8079360f838e@group-A2D1DD8F5B2A: start as a follower, conf=-1: peers:[2bf5d123-a097-49f6-8df3-d3538d4bb7b0|10.1.0.11:15442, b15e7803-4f8e-4e49-829e-8079360f838e|10.1.0.11:15433, caf183e4-1f79-482a-9e33-59f38e9311f0|10.1.0.11:15424]|listeners:[], old=null
2024-03-15 21:40:21,436 [b15e7803-4f8e-4e49-829e-8079360f838e-groupManagement] INFO  server.RaftServer$Division (RaftServerImpl.java:setRole(383)) - b15e7803-4f8e-4e49-829e-8079360f838e@group-A2D1DD8F5B2A: changes role from      null to FOLLOWER at term 0 for startAsFollower
2024-03-15 21:40:21,437 [b15e7803-4f8e-4e49-829e-8079360f838e-groupManagement] INFO  impl.RoleInfo (RoleInfo.java:updateAndGet(139)) - b15e7803-4f8e-4e49-829e-8079360f838e: start b15e7803-4f8e-4e49-829e-8079360f838e@group-A2D1DD8F5B2A-FollowerState
2024-03-15 21:40:21,437 [b15e7803-4f8e-4e49-829e-8079360f838e@group-A2D1DD8F5B2A-FollowerState] INFO  server.RaftServerConfigKeys (ConfUtils.java:logFallback(53)) - raft.server.rpc.first-election.timeout.min = 5s (fallback to raft.server.rpc.timeout.min)
2024-03-15 21:40:21,437 [b15e7803-4f8e-4e49-829e-8079360f838e-groupManagement] INFO  util.JmxRegister (JmxRegister.java:tryRegister(44)) - Successfully registered JMX Bean with object name Ratis:service=RaftServer,group=group-A2D1DD8F5B2A,id=b15e7803-4f8e-4e49-829e-8079360f838e
2024-03-15 21:40:21,437 [b15e7803-4f8e-4e49-829e-8079360f838e@group-A2D1DD8F5B2A-FollowerState] INFO  server.RaftServerConfigKeys (ConfUtils.java:logFallback(53)) - raft.server.rpc.first-election.timeout.max = 5200ms (fallback to raft.server.rpc.timeout.max)
2024-03-15 21:40:21,437 [b15e7803-4f8e-4e49-829e-8079360f838e-groupManagement] INFO  server.RaftServerConfigKeys (ConfUtils.java:logGet(46)) - raft.server.snapshot.trigger-when-stop.enabled = true (default)
2024-03-15 21:40:21,437 [b15e7803-4f8e-4e49-829e-8079360f838e-groupManagement] INFO  server.RaftServerConfigKeys (ConfUtils.java:logGet(46)) - raft.server.snapshot.auto.trigger.enabled = true (custom)
2024-03-15 21:40:21,437 [b15e7803-4f8e-4e49-829e-8079360f838e-groupManagement] INFO  server.RaftServerConfigKeys (ConfUtils.java:logGet(46)) - raft.server.snapshot.auto.trigger.threshold = 10000 (custom)
2024-03-15 21:40:21,437 [b15e7803-4f8e-4e49-829e-8079360f838e-groupManagement] INFO  server.RaftServerConfigKeys (ConfUtils.java:logGet(46)) - raft.server.snapshot.retention.file.num = 5 (custom)
2024-03-15 21:40:21,437 [b15e7803-4f8e-4e49-829e-8079360f838e-groupManagement] INFO  server.RaftServerConfigKeys (ConfUtils.java:logGet(46)) - raft.server.log.purge.upto.snapshot.index = false (default)
2024-03-15 21:40:21,446 [grpc-default-executor-5] INFO  server.RaftServer (RaftServerProxy.java:addNew(100)) - 2bf5d123-a097-49f6-8df3-d3538d4bb7b0: addNew group-A2D1DD8F5B2A:[2bf5d123-a097-49f6-8df3-d3538d4bb7b0|10.1.0.11:15442, b15e7803-4f8e-4e49-829e-8079360f838e|10.1.0.11:15433, caf183e4-1f79-482a-9e33-59f38e9311f0|10.1.0.11:15424] returns group-A2D1DD8F5B2A:java.util.concurrent.CompletableFuture@6d84c735[Not completed]
2024-03-15 21:40:21,447 [2bf5d123-a097-49f6-8df3-d3538d4bb7b0-groupManagement] INFO  server.RaftServer$Division (RaftServerImpl.java:<init>(256)) - 2bf5d123-a097-49f6-8df3-d3538d4bb7b0: new RaftServerImpl for group-A2D1DD8F5B2A:[2bf5d123-a097-49f6-8df3-d3538d4bb7b0|10.1.0.11:15442, b15e7803-4f8e-4e49-829e-8079360f838e|10.1.0.11:15433, caf183e4-1f79-482a-9e33-59f38e9311f0|10.1.0.11:15424] with ContainerStateMachine:uninitialized
2024-03-15 21:40:21,447 [2bf5d123-a097-49f6-8df3-d3538d4bb7b0-groupManagement] INFO  server.RaftServerConfigKeys (ConfUtils.java:logGet(46)) - raft.server.rpc.timeout.min = 5s (custom)
2024-03-15 21:40:21,447 [2bf5d123-a097-49f6-8df3-d3538d4bb7b0-groupManagement] INFO  server.RaftServerConfigKeys (ConfUtils.java:logGet(46)) - raft.server.rpc.timeout.max = 5200ms (custom)
2024-03-15 21:40:21,447 [2bf5d123-a097-49f6-8df3-d3538d4bb7b0-groupManagement] INFO  server.RaftServerConfigKeys (ConfUtils.java:logGet(46)) - raft.server.rpc.sleep.time = 25ms (default)
2024-03-15 21:40:21,447 [2bf5d123-a097-49f6-8df3-d3538d4bb7b0-groupManagement] INFO  server.RaftServerConfigKeys (ConfUtils.java:logGet(46)) - raft.server.rpc.slowness.timeout = 300000ms (custom)
2024-03-15 21:40:21,447 [2bf5d123-a097-49f6-8df3-d3538d4bb7b0-groupManagement] INFO  server.RaftServerConfigKeys (ConfUtils.java:logGet(46)) - raft.server.leaderelection.leader.step-down.wait-time = 10s (default)
2024-03-15 21:40:21,447 [2bf5d123-a097-49f6-8df3-d3538d4bb7b0-groupManagement] INFO  server.RaftServerConfigKeys (ConfUtils.java:logGet(46)) - raft.server.leaderelection.member.majority-add = false (default)
2024-03-15 21:40:21,447 [2bf5d123-a097-49f6-8df3-d3538d4bb7b0-groupManagement] INFO  server.RaftServerConfigKeys (ConfUtils.java:logGet(46)) - raft.server.sleep.deviation.threshold = 300ms (default)
2024-03-15 21:40:21,448 [2bf5d123-a097-49f6-8df3-d3538d4bb7b0-groupManagement] INFO  server.RaftServer$Division (ServerState.java:<init>(113)) - 2bf5d123-a097-49f6-8df3-d3538d4bb7b0@group-A2D1DD8F5B2A: ConfigurationManager, init=-1: peers:[2bf5d123-a097-49f6-8df3-d3538d4bb7b0|10.1.0.11:15442, b15e7803-4f8e-4e49-829e-8079360f838e|10.1.0.11:15433, caf183e4-1f79-482a-9e33-59f38e9311f0|10.1.0.11:15424]|listeners:[], old=null, confs=<EMPTY_MAP>
2024-03-15 21:40:21,448 [2bf5d123-a097-49f6-8df3-d3538d4bb7b0-groupManagement] INFO  server.RaftServerConfigKeys (ConfUtils.java:logGet(46)) - raft.server.notification.no-leader.timeout = 300000ms (custom)
2024-03-15 21:40:21,448 [2bf5d123-a097-49f6-8df3-d3538d4bb7b0-groupManagement] INFO  server.RaftServerConfigKeys (ConfUtils.java:logGet(46)) - raft.server.read.timeout = 10s (default)
2024-03-15 21:40:21,448 [2bf5d123-a097-49f6-8df3-d3538d4bb7b0-groupManagement] INFO  server.RaftServerConfigKeys (ConfUtils.java:logGet(46)) - raft.server.retrycache.expirytime = 600000ms (custom)
2024-03-15 21:40:21,448 [2bf5d123-a097-49f6-8df3-d3538d4bb7b0-groupManagement] INFO  server.RaftServerConfigKeys (ConfUtils.java:logGet(46)) - raft.server.retrycache.statistics.expirytime = 100ms (default)
2024-03-15 21:40:21,448 [2bf5d123-a097-49f6-8df3-d3538d4bb7b0-groupManagement] INFO  server.RaftServerConfigKeys (ConfUtils.java:logGet(46)) - raft.server.read.option = DEFAULT (default)
2024-03-15 21:40:21,448 [2bf5d123-a097-49f6-8df3-d3538d4bb7b0-groupManagement] INFO  server.RaftServerConfigKeys (ConfUtils.java:logGet(46)) - raft.server.read.read-after-write-consistent.write-index-cache.expiry-time = 60s (default)
2024-03-15 21:40:21,449 [2bf5d123-a097-49f6-8df3-d3538d4bb7b0-groupManagement] INFO  server.RaftServerConfigKeys (ConfUtils.java:logGet(46)) - raft.server.rpc.request.timeout = 3000ms (default)
2024-03-15 21:40:21,449 [2bf5d123-a097-49f6-8df3-d3538d4bb7b0-groupManagement] INFO  server.RaftServerConfigKeys (ConfUtils.java:logGet(46)) - raft.server.log.appender.install.snapshot.enabled = false (custom)
2024-03-15 21:40:21,449 [2bf5d123-a097-49f6-8df3-d3538d4bb7b0-groupManagement] INFO  server.RaftServerConfigKeys (ConfUtils.java:logGet(46)) - raft.server.threadpool.server.cached = true (default)
2024-03-15 21:40:21,449 [2bf5d123-a097-49f6-8df3-d3538d4bb7b0-groupManagement] INFO  server.RaftServerConfigKeys (ConfUtils.java:logGet(46)) - raft.server.threadpool.server.size = 0 (default)
2024-03-15 21:40:21,449 [2bf5d123-a097-49f6-8df3-d3538d4bb7b0-groupManagement] INFO  server.RaftServerConfigKeys (ConfUtils.java:logGet(46)) - raft.server.threadpool.client.cached = true (default)
2024-03-15 21:40:21,449 [2bf5d123-a097-49f6-8df3-d3538d4bb7b0-groupManagement] INFO  server.RaftServerConfigKeys (ConfUtils.java:logGet(46)) - raft.server.threadpool.client.size = 0 (default)
2024-03-15 21:40:21,450 [2bf5d123-a097-49f6-8df3-d3538d4bb7b0-groupManagement] INFO  server.RaftServerConfigKeys (ConfUtils.java:logGet(46)) - raft.server.storage.free-space.min = 0MB (=0) (default)
2024-03-15 21:40:21,450 [2bf5d123-a097-49f6-8df3-d3538d4bb7b0-groupManagement] INFO  server.RaftServerConfigKeys (ConfUtils.java:logGet(46)) - raft.server.log.corruption.policy = EXCEPTION (default)
2024-03-15 21:40:21,450 [2bf5d123-a097-49f6-8df3-d3538d4bb7b0-groupManagement] INFO  server.RaftServerConfigKeys (ConfUtils.java:logGet(46)) - raft.server.storage.dir = [/home/runner/work/ozone/ozone/hadoop-ozone/integration-test/target/test-dir/MiniOzoneClusterImpl-9d1dee8c-d44a-4a38-8f2b-42c9fdbb6771/ozone-meta/datanode-9/ratis] (custom)
2024-03-15 21:40:21,450 [2bf5d123-a097-49f6-8df3-d3538d4bb7b0-groupManagement] INFO  storage.RaftStorageDirectory (RaftStorageDirectoryImpl.java:analyzeStorage(138)) - The storage directory /home/runner/work/ozone/ozone/hadoop-ozone/integration-test/target/test-dir/MiniOzoneClusterImpl-9d1dee8c-d44a-4a38-8f2b-42c9fdbb6771/ozone-meta/datanode-9/ratis/aa483ffc-7bbc-45dc-87b3-a2d1dd8f5b2a does not exist. Creating ...
2024-03-15 21:40:21,451 [2bf5d123-a097-49f6-8df3-d3538d4bb7b0-groupManagement] INFO  storage.RaftStorageDirectory (RaftStorageDirectoryImpl.java:tryLock(228)) - Lock on /home/runner/work/ozone/ozone/hadoop-ozone/integration-test/target/test-dir/MiniOzoneClusterImpl-9d1dee8c-d44a-4a38-8f2b-42c9fdbb6771/ozone-meta/datanode-9/ratis/aa483ffc-7bbc-45dc-87b3-a2d1dd8f5b2a/in_use.lock acquired by nodename 60682@fv-az528-102
2024-03-15 21:40:21,451 [2bf5d123-a097-49f6-8df3-d3538d4bb7b0-groupManagement] INFO  storage.RaftStorage (RaftStorageImpl.java:format(99)) - Storage directory /home/runner/work/ozone/ozone/hadoop-ozone/integration-test/target/test-dir/MiniOzoneClusterImpl-9d1dee8c-d44a-4a38-8f2b-42c9fdbb6771/ozone-meta/datanode-9/ratis/aa483ffc-7bbc-45dc-87b3-a2d1dd8f5b2a has been successfully formatted.
2024-03-15 21:40:21,452 [2bf5d123-a097-49f6-8df3-d3538d4bb7b0-groupManagement] WARN  util.FileUtils (LogUtils.java:supplyAndLog(63)) - Failed to Files.newInputStream /home/runner/work/ozone/ozone/hadoop-ozone/integration-test/target/test-dir/MiniOzoneClusterImpl-9d1dee8c-d44a-4a38-8f2b-42c9fdbb6771/ozone-meta/datanode-9/ratis/aa483ffc-7bbc-45dc-87b3-a2d1dd8f5b2a/current/raft-meta.conf with options []: java.nio.file.NoSuchFileException: /home/runner/work/ozone/ozone/hadoop-ozone/integration-test/target/test-dir/MiniOzoneClusterImpl-9d1dee8c-d44a-4a38-8f2b-42c9fdbb6771/ozone-meta/datanode-9/ratis/aa483ffc-7bbc-45dc-87b3-a2d1dd8f5b2a/current/raft-meta.conf
2024-03-15 21:40:21,452 [2bf5d123-a097-49f6-8df3-d3538d4bb7b0-groupManagement] INFO  ratis.ContainerStateMachine (ContainerStateMachine.java:loadSnapshot(287)) - group-A2D1DD8F5B2A: The snapshot info is null. Setting the last applied index to:(t:0, i:~)
2024-03-15 21:40:21,453 [2bf5d123-a097-49f6-8df3-d3538d4bb7b0-groupManagement] INFO  server.RaftServerConfigKeys (ConfUtils.java:logGet(46)) - raft.server.log.use.memory = false (default)
2024-03-15 21:40:21,453 [2bf5d123-a097-49f6-8df3-d3538d4bb7b0-groupManagement] INFO  server.RaftServerConfigKeys (ConfUtils.java:logGet(46)) - raft.server.log.purge.gap = 1000000 (custom)
2024-03-15 21:40:21,453 [2bf5d123-a097-49f6-8df3-d3538d4bb7b0-groupManagement] INFO  server.RaftServerConfigKeys (ConfUtils.java:logGet(46)) - raft.server.log.appender.buffer.byte-limit = 8388608 (custom)
2024-03-15 21:40:21,453 [2bf5d123-a097-49f6-8df3-d3538d4bb7b0-groupManagement] INFO  server.RaftServerConfigKeys (ConfUtils.java:logGet(46)) - raft.server.log.statemachine.data.read.timeout = 1000ms (default)
2024-03-15 21:40:21,453 [2bf5d123-a097-49f6-8df3-d3538d4bb7b0-groupManagement] INFO  server.RaftServerConfigKeys (ConfUtils.java:logGet(46)) - raft.server.log.purge.preservation.log.num = 0 (default)
2024-03-15 21:40:21,454 [2bf5d123-a097-49f6-8df3-d3538d4bb7b0-groupManagement] INFO  server.RaftServerConfigKeys (ConfUtils.java:logGet(46)) - raft.server.log.segment.size.max = 67108864 (custom)
2024-03-15 21:40:21,454 [2bf5d123-a097-49f6-8df3-d3538d4bb7b0-groupManagement] INFO  server.RaftServerConfigKeys (ConfUtils.java:logGet(46)) - raft.server.log.segment.cache.num.max = 2 (custom)
2024-03-15 21:40:21,454 [2bf5d123-a097-49f6-8df3-d3538d4bb7b0-groupManagement] INFO  server.RaftServerConfigKeys (ConfUtils.java:logGet(46)) - raft.server.log.segment.cache.size.max = 200MB (=209715200) (default)
2024-03-15 21:40:21,454 [2bf5d123-a097-49f6-8df3-d3538d4bb7b0-groupManagement] INFO  server.RaftServerConfigKeys (ConfUtils.java:logGet(46)) - raft.server.log.appender.buffer.byte-limit = 8388608 (custom)
2024-03-15 21:40:21,454 [2bf5d123-a097-49f6-8df3-d3538d4bb7b0-groupManagement] INFO  util.AwaitToRun (AwaitToRun.java:start(81)) - Thread[2bf5d123-a097-49f6-8df3-d3538d4bb7b0@group-A2D1DD8F5B2A-cacheEviction-AwaitToRun,5,main] started
2024-03-15 21:40:21,454 [2bf5d123-a097-49f6-8df3-d3538d4bb7b0-groupManagement] INFO  segmented.SegmentedRaftLogWorker (SegmentedRaftLogWorker.java:<init>(182)) - new 2bf5d123-a097-49f6-8df3-d3538d4bb7b0@group-A2D1DD8F5B2A-SegmentedRaftLogWorker for RaftStorageImpl:Storage Directory /home/runner/work/ozone/ozone/hadoop-ozone/integration-test/target/test-dir/MiniOzoneClusterImpl-9d1dee8c-d44a-4a38-8f2b-42c9fdbb6771/ozone-meta/datanode-9/ratis/aa483ffc-7bbc-45dc-87b3-a2d1dd8f5b2a
2024-03-15 21:40:21,454 [2bf5d123-a097-49f6-8df3-d3538d4bb7b0-groupManagement] INFO  server.RaftServerConfigKeys (ConfUtils.java:logGet(46)) - raft.server.log.queue.byte-limit = 4294967296 (custom)
2024-03-15 21:40:21,454 [2bf5d123-a097-49f6-8df3-d3538d4bb7b0-groupManagement] INFO  server.RaftServerConfigKeys (ConfUtils.java:logGet(46)) - raft.server.log.queue.element-limit = 1024 (custom)
2024-03-15 21:40:21,454 [2bf5d123-a097-49f6-8df3-d3538d4bb7b0-groupManagement] INFO  server.RaftServerConfigKeys (ConfUtils.java:logGet(46)) - raft.server.log.segment.size.max = 67108864 (custom)
2024-03-15 21:40:21,455 [2bf5d123-a097-49f6-8df3-d3538d4bb7b0-groupManagement] INFO  server.RaftServerConfigKeys (ConfUtils.java:logGet(46)) - raft.server.log.preallocated.size = 4194304 (custom)
2024-03-15 21:40:21,455 [2bf5d123-a097-49f6-8df3-d3538d4bb7b0-groupManagement] INFO  server.RaftServerConfigKeys (ConfUtils.java:logGet(46)) - raft.server.log.force.sync.num = 128 (default)
2024-03-15 21:40:21,455 [2bf5d123-a097-49f6-8df3-d3538d4bb7b0-groupManagement] INFO  server.RaftServerConfigKeys (ConfUtils.java:logGet(46)) - raft.server.log.statemachine.data.sync = true (default)
2024-03-15 21:40:21,455 [2bf5d123-a097-49f6-8df3-d3538d4bb7b0-groupManagement] INFO  server.RaftServerConfigKeys (ConfUtils.java:logGet(46)) - raft.server.log.statemachine.data.sync.timeout = 10s (default)
2024-03-15 21:40:21,455 [2bf5d123-a097-49f6-8df3-d3538d4bb7b0-groupManagement] INFO  server.RaftServerConfigKeys (ConfUtils.java:logGet(46)) - raft.server.log.statemachine.data.sync.timeout.retry = 0 (custom)
2024-03-15 21:40:21,455 [2bf5d123-a097-49f6-8df3-d3538d4bb7b0-groupManagement] INFO  server.RaftServerConfigKeys (ConfUtils.java:logGet(46)) - raft.server.log.write.buffer.size = 8388616 (custom)
2024-03-15 21:40:21,456 [2bf5d123-a097-49f6-8df3-d3538d4bb7b0-groupManagement] INFO  server.RaftServerConfigKeys (ConfUtils.java:logGet(46)) - raft.server.log.appender.buffer.byte-limit = 8388608 (custom)
2024-03-15 21:40:21,456 [2bf5d123-a097-49f6-8df3-d3538d4bb7b0-groupManagement] INFO  server.RaftServerConfigKeys (ConfUtils.java:logGet(46)) - raft.server.log.unsafe-flush.enabled = false (default)
2024-03-15 21:40:21,456 [2bf5d123-a097-49f6-8df3-d3538d4bb7b0-groupManagement] INFO  server.RaftServerConfigKeys (ConfUtils.java:logGet(46)) - raft.server.log.async-flush.enabled = false (default)
2024-03-15 21:40:21,456 [2bf5d123-a097-49f6-8df3-d3538d4bb7b0-groupManagement] INFO  server.RaftServerConfigKeys (ConfUtils.java:logGet(46)) - raft.server.log.statemachine.data.caching.enabled = true (custom)
2024-03-15 21:40:21,456 [2bf5d123-a097-49f6-8df3-d3538d4bb7b0-groupManagement] INFO  segmented.SegmentedRaftLogWorker (SegmentedRaftLogWorker.java:lambda$new$0(134)) - 2bf5d123-a097-49f6-8df3-d3538d4bb7b0@group-A2D1DD8F5B2A-SegmentedRaftLogWorker: flushIndex: setUnconditionally 0 -> -1
2024-03-15 21:40:21,456 [2bf5d123-a097-49f6-8df3-d3538d4bb7b0-groupManagement] INFO  segmented.SegmentedRaftLogWorker (SegmentedRaftLogWorker.java:lambda$new$0(134)) - 2bf5d123-a097-49f6-8df3-d3538d4bb7b0@group-A2D1DD8F5B2A-SegmentedRaftLogWorker: safeCacheEvictIndex: setUnconditionally 0 -> -1
2024-03-15 21:40:21,456 [2bf5d123-a097-49f6-8df3-d3538d4bb7b0-groupManagement] INFO  server.RaftServer$Division (RaftServerImpl.java:start(396)) - 2bf5d123-a097-49f6-8df3-d3538d4bb7b0@group-A2D1DD8F5B2A: start as a follower, conf=-1: peers:[2bf5d123-a097-49f6-8df3-d3538d4bb7b0|10.1.0.11:15442, b15e7803-4f8e-4e49-829e-8079360f838e|10.1.0.11:15433, caf183e4-1f79-482a-9e33-59f38e9311f0|10.1.0.11:15424]|listeners:[], old=null
2024-03-15 21:40:21,456 [2bf5d123-a097-49f6-8df3-d3538d4bb7b0-groupManagement] INFO  server.RaftServer$Division (RaftServerImpl.java:setRole(383)) - 2bf5d123-a097-49f6-8df3-d3538d4bb7b0@group-A2D1DD8F5B2A: changes role from      null to FOLLOWER at term 0 for startAsFollower
2024-03-15 21:40:21,456 [2bf5d123-a097-49f6-8df3-d3538d4bb7b0-groupManagement] INFO  impl.RoleInfo (RoleInfo.java:updateAndGet(139)) - 2bf5d123-a097-49f6-8df3-d3538d4bb7b0: start 2bf5d123-a097-49f6-8df3-d3538d4bb7b0@group-A2D1DD8F5B2A-FollowerState
2024-03-15 21:40:21,457 [2bf5d123-a097-49f6-8df3-d3538d4bb7b0@group-A2D1DD8F5B2A-FollowerState] INFO  server.RaftServerConfigKeys (ConfUtils.java:logFallback(53)) - raft.server.rpc.first-election.timeout.min = 5s (fallback to raft.server.rpc.timeout.min)
2024-03-15 21:40:21,457 [2bf5d123-a097-49f6-8df3-d3538d4bb7b0-groupManagement] INFO  util.JmxRegister (JmxRegister.java:tryRegister(44)) - Successfully registered JMX Bean with object name Ratis:service=RaftServer,group=group-A2D1DD8F5B2A,id=2bf5d123-a097-49f6-8df3-d3538d4bb7b0
2024-03-15 21:40:21,457 [2bf5d123-a097-49f6-8df3-d3538d4bb7b0@group-A2D1DD8F5B2A-FollowerState] INFO  server.RaftServerConfigKeys (ConfUtils.java:logFallback(53)) - raft.server.rpc.first-election.timeout.max = 5200ms (fallback to raft.server.rpc.timeout.max)
2024-03-15 21:40:21,457 [2bf5d123-a097-49f6-8df3-d3538d4bb7b0-groupManagement] INFO  server.RaftServerConfigKeys (ConfUtils.java:logGet(46)) - raft.server.snapshot.trigger-when-stop.enabled = true (default)
2024-03-15 21:40:21,457 [2bf5d123-a097-49f6-8df3-d3538d4bb7b0-groupManagement] INFO  server.RaftServerConfigKeys (ConfUtils.java:logGet(46)) - raft.server.snapshot.auto.trigger.enabled = true (custom)
2024-03-15 21:40:21,457 [2bf5d123-a097-49f6-8df3-d3538d4bb7b0-groupManagement] INFO  server.RaftServerConfigKeys (ConfUtils.java:logGet(46)) - raft.server.snapshot.auto.trigger.threshold = 10000 (custom)
2024-03-15 21:40:21,457 [2bf5d123-a097-49f6-8df3-d3538d4bb7b0-groupManagement] INFO  server.RaftServerConfigKeys (ConfUtils.java:logGet(46)) - raft.server.snapshot.retention.file.num = 5 (custom)
2024-03-15 21:40:21,457 [2bf5d123-a097-49f6-8df3-d3538d4bb7b0-groupManagement] INFO  server.RaftServerConfigKeys (ConfUtils.java:logGet(46)) - raft.server.log.purge.upto.snapshot.index = false (default)
2024-03-15 21:40:21,459 [caf183e4-1f79-482a-9e33-59f38e9311f0-PipelineCommandHandlerThread-0] INFO  commandhandler.CreatePipelineCommandHandler (CreatePipelineCommandHandler.java:lambda$handle$2(124)) - Created Pipeline RATIS THREE PipelineID=aa483ffc-7bbc-45dc-87b3-a2d1dd8f5b2a.
2024-03-15 21:40:21,483 [b15e7803-4f8e-4e49-829e-8079360f838e-PipelineCommandHandlerThread-0] INFO  server.RaftServer (RaftServerProxy.java:addNew(100)) - b15e7803-4f8e-4e49-829e-8079360f838e: addNew group-0952D38902EA:[b15e7803-4f8e-4e49-829e-8079360f838e|10.1.0.11:15433] returns group-0952D38902EA:java.util.concurrent.CompletableFuture@d0e5617[Not completed]
2024-03-15 21:40:21,484 [b15e7803-4f8e-4e49-829e-8079360f838e-groupManagement] INFO  server.RaftServer$Division (RaftServerImpl.java:<init>(256)) - b15e7803-4f8e-4e49-829e-8079360f838e: new RaftServerImpl for group-0952D38902EA:[b15e7803-4f8e-4e49-829e-8079360f838e|10.1.0.11:15433] with ContainerStateMachine:uninitialized
2024-03-15 21:40:21,484 [b15e7803-4f8e-4e49-829e-8079360f838e-groupManagement] INFO  server.RaftServerConfigKeys (ConfUtils.java:logGet(46)) - raft.server.rpc.timeout.min = 5s (custom)
2024-03-15 21:40:21,484 [b15e7803-4f8e-4e49-829e-8079360f838e-groupManagement] INFO  server.RaftServerConfigKeys (ConfUtils.java:logGet(46)) - raft.server.rpc.timeout.max = 5200ms (custom)
2024-03-15 21:40:21,484 [b15e7803-4f8e-4e49-829e-8079360f838e-groupManagement] INFO  server.RaftServerConfigKeys (ConfUtils.java:logGet(46)) - raft.server.rpc.sleep.time = 25ms (default)
2024-03-15 21:40:21,484 [b15e7803-4f8e-4e49-829e-8079360f838e-groupManagement] INFO  server.RaftServerConfigKeys (ConfUtils.java:logGet(46)) - raft.server.rpc.slowness.timeout = 300000ms (custom)
2024-03-15 21:40:21,484 [b15e7803-4f8e-4e49-829e-8079360f838e-groupManagement] INFO  server.RaftServerConfigKeys (ConfUtils.java:logGet(46)) - raft.server.leaderelection.leader.step-down.wait-time = 10s (default)
2024-03-15 21:40:21,484 [b15e7803-4f8e-4e49-829e-8079360f838e-groupManagement] INFO  server.RaftServerConfigKeys (ConfUtils.java:logGet(46)) - raft.server.leaderelection.member.majority-add = false (default)
2024-03-15 21:40:21,484 [b15e7803-4f8e-4e49-829e-8079360f838e-groupManagement] INFO  server.RaftServerConfigKeys (ConfUtils.java:logGet(46)) - raft.server.sleep.deviation.threshold = 300ms (default)
2024-03-15 21:40:21,484 [b15e7803-4f8e-4e49-829e-8079360f838e-groupManagement] INFO  server.RaftServer$Division (ServerState.java:<init>(113)) - b15e7803-4f8e-4e49-829e-8079360f838e@group-0952D38902EA: ConfigurationManager, init=-1: peers:[b15e7803-4f8e-4e49-829e-8079360f838e|10.1.0.11:15433]|listeners:[], old=null, confs=<EMPTY_MAP>
2024-03-15 21:40:21,484 [b15e7803-4f8e-4e49-829e-8079360f838e-groupManagement] INFO  server.RaftServerConfigKeys (ConfUtils.java:logGet(46)) - raft.server.notification.no-leader.timeout = 300000ms (custom)
2024-03-15 21:40:21,484 [b15e7803-4f8e-4e49-829e-8079360f838e-groupManagement] INFO  server.RaftServerConfigKeys (ConfUtils.java:logGet(46)) - raft.server.read.timeout = 10s (default)
2024-03-15 21:40:21,484 [b15e7803-4f8e-4e49-829e-8079360f838e-groupManagement] INFO  server.RaftServerConfigKeys (ConfUtils.java:logGet(46)) - raft.server.retrycache.expirytime = 600000ms (custom)
2024-03-15 21:40:21,484 [b15e7803-4f8e-4e49-829e-8079360f838e-groupManagement] INFO  server.RaftServerConfigKeys (ConfUtils.java:logGet(46)) - raft.server.retrycache.statistics.expirytime = 100ms (default)
2024-03-15 21:40:21,484 [b15e7803-4f8e-4e49-829e-8079360f838e-groupManagement] INFO  server.RaftServerConfigKeys (ConfUtils.java:logGet(46)) - raft.server.read.option = DEFAULT (default)
2024-03-15 21:40:21,484 [b15e7803-4f8e-4e49-829e-8079360f838e-groupManagement] INFO  server.RaftServerConfigKeys (ConfUtils.java:logGet(46)) - raft.server.read.read-after-write-consistent.write-index-cache.expiry-time = 60s (default)
2024-03-15 21:40:21,486 [b15e7803-4f8e-4e49-829e-8079360f838e-groupManagement] INFO  server.RaftServerConfigKeys (ConfUtils.java:logGet(46)) - raft.server.rpc.request.timeout = 3000ms (default)
2024-03-15 21:40:21,486 [b15e7803-4f8e-4e49-829e-8079360f838e-groupManagement] INFO  server.RaftServerConfigKeys (ConfUtils.java:logGet(46)) - raft.server.log.appender.install.snapshot.enabled = false (custom)
2024-03-15 21:40:21,486 [b15e7803-4f8e-4e49-829e-8079360f838e-groupManagement] INFO  server.RaftServerConfigKeys (ConfUtils.java:logGet(46)) - raft.server.threadpool.server.cached = true (default)
2024-03-15 21:40:21,486 [b15e7803-4f8e-4e49-829e-8079360f838e-groupManagement] INFO  server.RaftServerConfigKeys (ConfUtils.java:logGet(46)) - raft.server.threadpool.server.size = 0 (default)
2024-03-15 21:40:21,486 [b15e7803-4f8e-4e49-829e-8079360f838e-groupManagement] INFO  server.RaftServerConfigKeys (ConfUtils.java:logGet(46)) - raft.server.threadpool.client.cached = true (default)
2024-03-15 21:40:21,486 [b15e7803-4f8e-4e49-829e-8079360f838e-groupManagement] INFO  server.RaftServerConfigKeys (ConfUtils.java:logGet(46)) - raft.server.threadpool.client.size = 0 (default)
2024-03-15 21:40:21,486 [b15e7803-4f8e-4e49-829e-8079360f838e-groupManagement] INFO  server.RaftServerConfigKeys (ConfUtils.java:logGet(46)) - raft.server.storage.free-space.min = 0MB (=0) (default)
2024-03-15 21:40:21,486 [b15e7803-4f8e-4e49-829e-8079360f838e-groupManagement] INFO  server.RaftServerConfigKeys (ConfUtils.java:logGet(46)) - raft.server.log.corruption.policy = EXCEPTION (default)
2024-03-15 21:40:21,486 [b15e7803-4f8e-4e49-829e-8079360f838e-groupManagement] INFO  server.RaftServerConfigKeys (ConfUtils.java:logGet(46)) - raft.server.storage.dir = [/home/runner/work/ozone/ozone/hadoop-ozone/integration-test/target/test-dir/MiniOzoneClusterImpl-9d1dee8c-d44a-4a38-8f2b-42c9fdbb6771/ozone-meta/datanode-8/ratis] (custom)
2024-03-15 21:40:21,486 [b15e7803-4f8e-4e49-829e-8079360f838e-groupManagement] INFO  storage.RaftStorageDirectory (RaftStorageDirectoryImpl.java:analyzeStorage(138)) - The storage directory /home/runner/work/ozone/ozone/hadoop-ozone/integration-test/target/test-dir/MiniOzoneClusterImpl-9d1dee8c-d44a-4a38-8f2b-42c9fdbb6771/ozone-meta/datanode-8/ratis/0975c043-544c-4447-92f4-0952d38902ea does not exist. Creating ...
2024-03-15 21:40:21,487 [b15e7803-4f8e-4e49-829e-8079360f838e-groupManagement] INFO  storage.RaftStorageDirectory (RaftStorageDirectoryImpl.java:tryLock(228)) - Lock on /home/runner/work/ozone/ozone/hadoop-ozone/integration-test/target/test-dir/MiniOzoneClusterImpl-9d1dee8c-d44a-4a38-8f2b-42c9fdbb6771/ozone-meta/datanode-8/ratis/0975c043-544c-4447-92f4-0952d38902ea/in_use.lock acquired by nodename 60682@fv-az528-102
2024-03-15 21:40:21,488 [b15e7803-4f8e-4e49-829e-8079360f838e-groupManagement] INFO  storage.RaftStorage (RaftStorageImpl.java:format(99)) - Storage directory /home/runner/work/ozone/ozone/hadoop-ozone/integration-test/target/test-dir/MiniOzoneClusterImpl-9d1dee8c-d44a-4a38-8f2b-42c9fdbb6771/ozone-meta/datanode-8/ratis/0975c043-544c-4447-92f4-0952d38902ea has been successfully formatted.
2024-03-15 21:40:21,488 [b15e7803-4f8e-4e49-829e-8079360f838e-groupManagement] WARN  util.FileUtils (LogUtils.java:supplyAndLog(63)) - Failed to Files.newInputStream /home/runner/work/ozone/ozone/hadoop-ozone/integration-test/target/test-dir/MiniOzoneClusterImpl-9d1dee8c-d44a-4a38-8f2b-42c9fdbb6771/ozone-meta/datanode-8/ratis/0975c043-544c-4447-92f4-0952d38902ea/current/raft-meta.conf with options []: java.nio.file.NoSuchFileException: /home/runner/work/ozone/ozone/hadoop-ozone/integration-test/target/test-dir/MiniOzoneClusterImpl-9d1dee8c-d44a-4a38-8f2b-42c9fdbb6771/ozone-meta/datanode-8/ratis/0975c043-544c-4447-92f4-0952d38902ea/current/raft-meta.conf
2024-03-15 21:40:21,488 [b15e7803-4f8e-4e49-829e-8079360f838e-groupManagement] INFO  ratis.ContainerStateMachine (ContainerStateMachine.java:loadSnapshot(287)) - group-0952D38902EA: The snapshot info is null. Setting the last applied index to:(t:0, i:~)
2024-03-15 21:40:21,488 [b15e7803-4f8e-4e49-829e-8079360f838e-groupManagement] INFO  server.RaftServerConfigKeys (ConfUtils.java:logGet(46)) - raft.server.log.use.memory = false (default)
2024-03-15 21:40:21,488 [b15e7803-4f8e-4e49-829e-8079360f838e-groupManagement] INFO  server.RaftServerConfigKeys (ConfUtils.java:logGet(46)) - raft.server.log.purge.gap = 1000000 (custom)
2024-03-15 21:40:21,488 [b15e7803-4f8e-4e49-829e-8079360f838e-groupManagement] INFO  server.RaftServerConfigKeys (ConfUtils.java:logGet(46)) - raft.server.log.appender.buffer.byte-limit = 8388608 (custom)
2024-03-15 21:40:21,488 [b15e7803-4f8e-4e49-829e-8079360f838e-groupManagement] INFO  server.RaftServerConfigKeys (ConfUtils.java:logGet(46)) - raft.server.log.statemachine.data.read.timeout = 1000ms (default)
2024-03-15 21:40:21,488 [b15e7803-4f8e-4e49-829e-8079360f838e-groupManagement] INFO  server.RaftServerConfigKeys (ConfUtils.java:logGet(46)) - raft.server.log.purge.preservation.log.num = 0 (default)
2024-03-15 21:40:21,489 [EventQueue-PipelineReportForPipelineReportHandler] INFO  pipeline.PipelineReportHandler (PipelineReportHandler.java:processPipelineReport(136)) - Opened pipeline PipelineID=0975c043-544c-4447-92f4-0952d38902ea
2024-03-15 21:40:21,489 [EventQueue-OpenPipelineForHealthyPipelineSafeModeRule] INFO  safemode.SCMSafeModeManager (HealthyPipelineSafeModeRule.java:process(140)) - SCM in safe mode. Healthy pipelines reported count is 0, required healthy pipeline reported count is 1
2024-03-15 21:40:21,490 [b15e7803-4f8e-4e49-829e-8079360f838e-groupManagement] INFO  server.RaftServerConfigKeys (ConfUtils.java:logGet(46)) - raft.server.log.segment.size.max = 67108864 (custom)
2024-03-15 21:40:21,490 [b15e7803-4f8e-4e49-829e-8079360f838e-groupManagement] INFO  server.RaftServerConfigKeys (ConfUtils.java:logGet(46)) - raft.server.log.segment.cache.num.max = 2 (custom)
2024-03-15 21:40:21,490 [b15e7803-4f8e-4e49-829e-8079360f838e-groupManagement] INFO  server.RaftServerConfigKeys (ConfUtils.java:logGet(46)) - raft.server.log.segment.cache.size.max = 200MB (=209715200) (default)
2024-03-15 21:40:21,490 [b15e7803-4f8e-4e49-829e-8079360f838e-groupManagement] INFO  server.RaftServerConfigKeys (ConfUtils.java:logGet(46)) - raft.server.log.appender.buffer.byte-limit = 8388608 (custom)
2024-03-15 21:40:21,490 [b15e7803-4f8e-4e49-829e-8079360f838e-groupManagement] INFO  util.AwaitToRun (AwaitToRun.java:start(81)) - Thread[b15e7803-4f8e-4e49-829e-8079360f838e@group-0952D38902EA-cacheEviction-AwaitToRun,5,main] started
2024-03-15 21:40:21,490 [b15e7803-4f8e-4e49-829e-8079360f838e-groupManagement] INFO  segmented.SegmentedRaftLogWorker (SegmentedRaftLogWorker.java:<init>(182)) - new b15e7803-4f8e-4e49-829e-8079360f838e@group-0952D38902EA-SegmentedRaftLogWorker for RaftStorageImpl:Storage Directory /home/runner/work/ozone/ozone/hadoop-ozone/integration-test/target/test-dir/MiniOzoneClusterImpl-9d1dee8c-d44a-4a38-8f2b-42c9fdbb6771/ozone-meta/datanode-8/ratis/0975c043-544c-4447-92f4-0952d38902ea
2024-03-15 21:40:21,490 [b15e7803-4f8e-4e49-829e-8079360f838e-groupManagement] INFO  server.RaftServerConfigKeys (ConfUtils.java:logGet(46)) - raft.server.log.queue.byte-limit = 4294967296 (custom)
2024-03-15 21:40:21,491 [b15e7803-4f8e-4e49-829e-8079360f838e-groupManagement] INFO  server.RaftServerConfigKeys (ConfUtils.java:logGet(46)) - raft.server.log.queue.element-limit = 1024 (custom)
2024-03-15 21:40:21,491 [b15e7803-4f8e-4e49-829e-8079360f838e-groupManagement] INFO  server.RaftServerConfigKeys (ConfUtils.java:logGet(46)) - raft.server.log.segment.size.max = 67108864 (custom)
2024-03-15 21:40:21,491 [b15e7803-4f8e-4e49-829e-8079360f838e-groupManagement] INFO  server.RaftServerConfigKeys (ConfUtils.java:logGet(46)) - raft.server.log.preallocated.size = 4194304 (custom)
2024-03-15 21:40:21,491 [b15e7803-4f8e-4e49-829e-8079360f838e-groupManagement] INFO  server.RaftServerConfigKeys (ConfUtils.java:logGet(46)) - raft.server.log.force.sync.num = 128 (default)
2024-03-15 21:40:21,491 [b15e7803-4f8e-4e49-829e-8079360f838e-groupManagement] INFO  server.RaftServerConfigKeys (ConfUtils.java:logGet(46)) - raft.server.log.statemachine.data.sync = true (default)
2024-03-15 21:40:21,491 [b15e7803-4f8e-4e49-829e-8079360f838e-groupManagement] INFO  server.RaftServerConfigKeys (ConfUtils.java:logGet(46)) - raft.server.log.statemachine.data.sync.timeout = 10s (default)
2024-03-15 21:40:21,491 [b15e7803-4f8e-4e49-829e-8079360f838e-groupManagement] INFO  server.RaftServerConfigKeys (ConfUtils.java:logGet(46)) - raft.server.log.statemachine.data.sync.timeout.retry = 0 (custom)
2024-03-15 21:40:21,491 [b15e7803-4f8e-4e49-829e-8079360f838e-groupManagement] INFO  server.RaftServerConfigKeys (ConfUtils.java:logGet(46)) - raft.server.log.write.buffer.size = 8388616 (custom)
2024-03-15 21:40:21,492 [b15e7803-4f8e-4e49-829e-8079360f838e-groupManagement] INFO  server.RaftServerConfigKeys (ConfUtils.java:logGet(46)) - raft.server.log.appender.buffer.byte-limit = 8388608 (custom)
2024-03-15 21:40:21,492 [b15e7803-4f8e-4e49-829e-8079360f838e-groupManagement] INFO  server.RaftServerConfigKeys (ConfUtils.java:logGet(46)) - raft.server.log.unsafe-flush.enabled = false (default)
2024-03-15 21:40:21,492 [b15e7803-4f8e-4e49-829e-8079360f838e-groupManagement] INFO  server.RaftServerConfigKeys (ConfUtils.java:logGet(46)) - raft.server.log.async-flush.enabled = false (default)
2024-03-15 21:40:21,492 [b15e7803-4f8e-4e49-829e-8079360f838e-groupManagement] INFO  server.RaftServerConfigKeys (ConfUtils.java:logGet(46)) - raft.server.log.statemachine.data.caching.enabled = true (custom)
2024-03-15 21:40:21,492 [b15e7803-4f8e-4e49-829e-8079360f838e-groupManagement] INFO  segmented.SegmentedRaftLogWorker (SegmentedRaftLogWorker.java:lambda$new$0(134)) - b15e7803-4f8e-4e49-829e-8079360f838e@group-0952D38902EA-SegmentedRaftLogWorker: flushIndex: setUnconditionally 0 -> -1
2024-03-15 21:40:21,492 [b15e7803-4f8e-4e49-829e-8079360f838e-groupManagement] INFO  segmented.SegmentedRaftLogWorker (SegmentedRaftLogWorker.java:lambda$new$0(134)) - b15e7803-4f8e-4e49-829e-8079360f838e@group-0952D38902EA-SegmentedRaftLogWorker: safeCacheEvictIndex: setUnconditionally 0 -> -1
2024-03-15 21:40:21,492 [b15e7803-4f8e-4e49-829e-8079360f838e-groupManagement] INFO  server.RaftServer$Division (RaftServerImpl.java:start(396)) - b15e7803-4f8e-4e49-829e-8079360f838e@group-0952D38902EA: start as a follower, conf=-1: peers:[b15e7803-4f8e-4e49-829e-8079360f838e|10.1.0.11:15433]|listeners:[], old=null
2024-03-15 21:40:21,493 [b15e7803-4f8e-4e49-829e-8079360f838e-groupManagement] INFO  server.RaftServer$Division (RaftServerImpl.java:setRole(383)) - b15e7803-4f8e-4e49-829e-8079360f838e@group-0952D38902EA: changes role from      null to FOLLOWER at term 0 for startAsFollower
2024-03-15 21:40:21,493 [b15e7803-4f8e-4e49-829e-8079360f838e-groupManagement] INFO  impl.RoleInfo (RoleInfo.java:updateAndGet(139)) - b15e7803-4f8e-4e49-829e-8079360f838e: start b15e7803-4f8e-4e49-829e-8079360f838e@group-0952D38902EA-FollowerState
2024-03-15 21:40:21,493 [b15e7803-4f8e-4e49-829e-8079360f838e-groupManagement] INFO  util.JmxRegister (JmxRegister.java:tryRegister(44)) - Successfully registered JMX Bean with object name Ratis:service=RaftServer,group=group-0952D38902EA,id=b15e7803-4f8e-4e49-829e-8079360f838e
2024-03-15 21:40:21,493 [b15e7803-4f8e-4e49-829e-8079360f838e@group-0952D38902EA-FollowerState] INFO  server.RaftServerConfigKeys (ConfUtils.java:logFallback(53)) - raft.server.rpc.first-election.timeout.min = 5s (fallback to raft.server.rpc.timeout.min)
2024-03-15 21:40:21,493 [b15e7803-4f8e-4e49-829e-8079360f838e-groupManagement] INFO  server.RaftServerConfigKeys (ConfUtils.java:logGet(46)) - raft.server.snapshot.trigger-when-stop.enabled = true (default)
2024-03-15 21:40:21,493 [b15e7803-4f8e-4e49-829e-8079360f838e@group-0952D38902EA-FollowerState] INFO  server.RaftServerConfigKeys (ConfUtils.java:logFallback(53)) - raft.server.rpc.first-election.timeout.max = 5200ms (fallback to raft.server.rpc.timeout.max)
2024-03-15 21:40:21,493 [b15e7803-4f8e-4e49-829e-8079360f838e-groupManagement] INFO  server.RaftServerConfigKeys (ConfUtils.java:logGet(46)) - raft.server.snapshot.auto.trigger.enabled = true (custom)
2024-03-15 21:40:21,493 [b15e7803-4f8e-4e49-829e-8079360f838e-groupManagement] INFO  server.RaftServerConfigKeys (ConfUtils.java:logGet(46)) - raft.server.snapshot.auto.trigger.threshold = 10000 (custom)
2024-03-15 21:40:21,493 [b15e7803-4f8e-4e49-829e-8079360f838e-groupManagement] INFO  server.RaftServerConfigKeys (ConfUtils.java:logGet(46)) - raft.server.snapshot.retention.file.num = 5 (custom)
2024-03-15 21:40:21,493 [b15e7803-4f8e-4e49-829e-8079360f838e-groupManagement] INFO  server.RaftServerConfigKeys (ConfUtils.java:logGet(46)) - raft.server.log.purge.upto.snapshot.index = false (default)
2024-03-15 21:40:21,493 [b15e7803-4f8e-4e49-829e-8079360f838e-PipelineCommandHandlerThread-0] INFO  ratis.XceiverServerRatis (XceiverServerRatis.java:addGroup(864)) - Created group PipelineID=0975c043-544c-4447-92f4-0952d38902ea
2024-03-15 21:40:21,493 [b15e7803-4f8e-4e49-829e-8079360f838e-PipelineCommandHandlerThread-0] INFO  commandhandler.CreatePipelineCommandHandler (CreatePipelineCommandHandler.java:lambda$handle$2(124)) - Created Pipeline RATIS ONE PipelineID=0975c043-544c-4447-92f4-0952d38902ea.
2024-03-15 21:40:21,573 [2bf5d123-a097-49f6-8df3-d3538d4bb7b0-PipelineCommandHandlerThread-0] INFO  server.RaftServer (RaftServerProxy.java:addNew(100)) - 2bf5d123-a097-49f6-8df3-d3538d4bb7b0: addNew group-CA8816964499:[2bf5d123-a097-49f6-8df3-d3538d4bb7b0|10.1.0.11:15442] returns group-CA8816964499:java.util.concurrent.CompletableFuture@6b5140b[Not completed]
2024-03-15 21:40:21,574 [2bf5d123-a097-49f6-8df3-d3538d4bb7b0-groupManagement] INFO  server.RaftServer$Division (RaftServerImpl.java:<init>(256)) - 2bf5d123-a097-49f6-8df3-d3538d4bb7b0: new RaftServerImpl for group-CA8816964499:[2bf5d123-a097-49f6-8df3-d3538d4bb7b0|10.1.0.11:15442] with ContainerStateMachine:uninitialized
2024-03-15 21:40:21,574 [2bf5d123-a097-49f6-8df3-d3538d4bb7b0-groupManagement] INFO  server.RaftServerConfigKeys (ConfUtils.java:logGet(46)) - raft.server.rpc.timeout.min = 5s (custom)
2024-03-15 21:40:21,574 [2bf5d123-a097-49f6-8df3-d3538d4bb7b0-groupManagement] INFO  server.RaftServerConfigKeys (ConfUtils.java:logGet(46)) - raft.server.rpc.timeout.max = 5200ms (custom)
2024-03-15 21:40:21,574 [2bf5d123-a097-49f6-8df3-d3538d4bb7b0-groupManagement] INFO  server.RaftServerConfigKeys (ConfUtils.java:logGet(46)) - raft.server.rpc.sleep.time = 25ms (default)
2024-03-15 21:40:21,574 [2bf5d123-a097-49f6-8df3-d3538d4bb7b0-groupManagement] INFO  server.RaftServerConfigKeys (ConfUtils.java:logGet(46)) - raft.server.rpc.slowness.timeout = 300000ms (custom)
2024-03-15 21:40:21,574 [2bf5d123-a097-49f6-8df3-d3538d4bb7b0-groupManagement] INFO  server.RaftServerConfigKeys (ConfUtils.java:logGet(46)) - raft.server.leaderelection.leader.step-down.wait-time = 10s (default)
2024-03-15 21:40:21,574 [2bf5d123-a097-49f6-8df3-d3538d4bb7b0-groupManagement] INFO  server.RaftServerConfigKeys (ConfUtils.java:logGet(46)) - raft.server.leaderelection.member.majority-add = false (default)
2024-03-15 21:40:21,574 [2bf5d123-a097-49f6-8df3-d3538d4bb7b0-groupManagement] INFO  server.RaftServerConfigKeys (ConfUtils.java:logGet(46)) - raft.server.sleep.deviation.threshold = 300ms (default)
2024-03-15 21:40:21,574 [2bf5d123-a097-49f6-8df3-d3538d4bb7b0-groupManagement] INFO  server.RaftServer$Division (ServerState.java:<init>(113)) - 2bf5d123-a097-49f6-8df3-d3538d4bb7b0@group-CA8816964499: ConfigurationManager, init=-1: peers:[2bf5d123-a097-49f6-8df3-d3538d4bb7b0|10.1.0.11:15442]|listeners:[], old=null, confs=<EMPTY_MAP>
2024-03-15 21:40:21,574 [2bf5d123-a097-49f6-8df3-d3538d4bb7b0-groupManagement] INFO  server.RaftServerConfigKeys (ConfUtils.java:logGet(46)) - raft.server.notification.no-leader.timeout = 300000ms (custom)
2024-03-15 21:40:21,574 [2bf5d123-a097-49f6-8df3-d3538d4bb7b0-groupManagement] INFO  server.RaftServerConfigKeys (ConfUtils.java:logGet(46)) - raft.server.read.timeout = 10s (default)
2024-03-15 21:40:21,574 [2bf5d123-a097-49f6-8df3-d3538d4bb7b0-groupManagement] INFO  server.RaftServerConfigKeys (ConfUtils.java:logGet(46)) - raft.server.retrycache.expirytime = 600000ms (custom)
2024-03-15 21:40:21,574 [2bf5d123-a097-49f6-8df3-d3538d4bb7b0-groupManagement] INFO  server.RaftServerConfigKeys (ConfUtils.java:logGet(46)) - raft.server.retrycache.statistics.expirytime = 100ms (default)
2024-03-15 21:40:21,574 [2bf5d123-a097-49f6-8df3-d3538d4bb7b0-groupManagement] INFO  server.RaftServerConfigKeys (ConfUtils.java:logGet(46)) - raft.server.read.option = DEFAULT (default)
2024-03-15 21:40:21,575 [2bf5d123-a097-49f6-8df3-d3538d4bb7b0-groupManagement] INFO  server.RaftServerConfigKeys (ConfUtils.java:logGet(46)) - raft.server.read.read-after-write-consistent.write-index-cache.expiry-time = 60s (default)
2024-03-15 21:40:21,576 [2bf5d123-a097-49f6-8df3-d3538d4bb7b0-groupManagement] INFO  server.RaftServerConfigKeys (ConfUtils.java:logGet(46)) - raft.server.rpc.request.timeout = 3000ms (default)
2024-03-15 21:40:21,576 [2bf5d123-a097-49f6-8df3-d3538d4bb7b0-groupManagement] INFO  server.RaftServerConfigKeys (ConfUtils.java:logGet(46)) - raft.server.log.appender.install.snapshot.enabled = false (custom)
2024-03-15 21:40:21,576 [2bf5d123-a097-49f6-8df3-d3538d4bb7b0-groupManagement] INFO  server.RaftServerConfigKeys (ConfUtils.java:logGet(46)) - raft.server.threadpool.server.cached = true (default)
2024-03-15 21:40:21,576 [2bf5d123-a097-49f6-8df3-d3538d4bb7b0-groupManagement] INFO  server.RaftServerConfigKeys (ConfUtils.java:logGet(46)) - raft.server.threadpool.server.size = 0 (default)
2024-03-15 21:40:21,576 [2bf5d123-a097-49f6-8df3-d3538d4bb7b0-groupManagement] INFO  server.RaftServerConfigKeys (ConfUtils.java:logGet(46)) - raft.server.threadpool.client.cached = true (default)
2024-03-15 21:40:21,576 [2bf5d123-a097-49f6-8df3-d3538d4bb7b0-groupManagement] INFO  server.RaftServerConfigKeys (ConfUtils.java:logGet(46)) - raft.server.threadpool.client.size = 0 (default)
2024-03-15 21:40:21,576 [2bf5d123-a097-49f6-8df3-d3538d4bb7b0-groupManagement] INFO  server.RaftServerConfigKeys (ConfUtils.java:logGet(46)) - raft.server.storage.free-space.min = 0MB (=0) (default)
2024-03-15 21:40:21,576 [2bf5d123-a097-49f6-8df3-d3538d4bb7b0-groupManagement] INFO  server.RaftServerConfigKeys (ConfUtils.java:logGet(46)) - raft.server.log.corruption.policy = EXCEPTION (default)
2024-03-15 21:40:21,576 [2bf5d123-a097-49f6-8df3-d3538d4bb7b0-groupManagement] INFO  server.RaftServerConfigKeys (ConfUtils.java:logGet(46)) - raft.server.storage.dir = [/home/runner/work/ozone/ozone/hadoop-ozone/integration-test/target/test-dir/MiniOzoneClusterImpl-9d1dee8c-d44a-4a38-8f2b-42c9fdbb6771/ozone-meta/datanode-9/ratis] (custom)
2024-03-15 21:40:21,577 [2bf5d123-a097-49f6-8df3-d3538d4bb7b0-groupManagement] INFO  storage.RaftStorageDirectory (RaftStorageDirectoryImpl.java:analyzeStorage(138)) - The storage directory /home/runner/work/ozone/ozone/hadoop-ozone/integration-test/target/test-dir/MiniOzoneClusterImpl-9d1dee8c-d44a-4a38-8f2b-42c9fdbb6771/ozone-meta/datanode-9/ratis/ead54802-ec0a-4898-acdb-ca8816964499 does not exist. Creating ...
2024-03-15 21:40:21,577 [main] INFO  ozone.MiniOzoneClusterImpl (MiniOzoneClusterImpl.java:lambda$waitForClusterToBeReady$0(194)) - Nodes are ready. Got 9 of 9 DN Heartbeats.
2024-03-15 21:40:21,577 [main] INFO  ozone.MiniOzoneClusterImpl (MiniOzoneClusterImpl.java:lambda$waitForClusterToBeReady$0(197)) - Waiting for cluster to exit safe mode
2024-03-15 21:40:21,577 [main] INFO  ozone.MiniOzoneClusterImpl (MiniOzoneClusterImpl.java:lambda$waitForClusterToBeReady$0(199)) - SCM became leader
2024-03-15 21:40:21,577 [2bf5d123-a097-49f6-8df3-d3538d4bb7b0-groupManagement] INFO  storage.RaftStorageDirectory (RaftStorageDirectoryImpl.java:tryLock(228)) - Lock on /home/runner/work/ozone/ozone/hadoop-ozone/integration-test/target/test-dir/MiniOzoneClusterImpl-9d1dee8c-d44a-4a38-8f2b-42c9fdbb6771/ozone-meta/datanode-9/ratis/ead54802-ec0a-4898-acdb-ca8816964499/in_use.lock acquired by nodename 60682@fv-az528-102
2024-03-15 21:40:21,579 [2bf5d123-a097-49f6-8df3-d3538d4bb7b0-groupManagement] INFO  storage.RaftStorage (RaftStorageImpl.java:format(99)) - Storage directory /home/runner/work/ozone/ozone/hadoop-ozone/integration-test/target/test-dir/MiniOzoneClusterImpl-9d1dee8c-d44a-4a38-8f2b-42c9fdbb6771/ozone-meta/datanode-9/ratis/ead54802-ec0a-4898-acdb-ca8816964499 has been successfully formatted.
2024-03-15 21:40:21,579 [2bf5d123-a097-49f6-8df3-d3538d4bb7b0-groupManagement] WARN  util.FileUtils (LogUtils.java:supplyAndLog(63)) - Failed to Files.newInputStream /home/runner/work/ozone/ozone/hadoop-ozone/integration-test/target/test-dir/MiniOzoneClusterImpl-9d1dee8c-d44a-4a38-8f2b-42c9fdbb6771/ozone-meta/datanode-9/ratis/ead54802-ec0a-4898-acdb-ca8816964499/current/raft-meta.conf with options []: java.nio.file.NoSuchFileException: /home/runner/work/ozone/ozone/hadoop-ozone/integration-test/target/test-dir/MiniOzoneClusterImpl-9d1dee8c-d44a-4a38-8f2b-42c9fdbb6771/ozone-meta/datanode-9/ratis/ead54802-ec0a-4898-acdb-ca8816964499/current/raft-meta.conf
2024-03-15 21:40:21,579 [2bf5d123-a097-49f6-8df3-d3538d4bb7b0-groupManagement] INFO  ratis.ContainerStateMachine (ContainerStateMachine.java:loadSnapshot(287)) - group-CA8816964499: The snapshot info is null. Setting the last applied index to:(t:0, i:~)
2024-03-15 21:40:21,579 [2bf5d123-a097-49f6-8df3-d3538d4bb7b0-groupManagement] INFO  server.RaftServerConfigKeys (ConfUtils.java:logGet(46)) - raft.server.log.use.memory = false (default)
2024-03-15 21:40:21,579 [2bf5d123-a097-49f6-8df3-d3538d4bb7b0-groupManagement] INFO  server.RaftServerConfigKeys (ConfUtils.java:logGet(46)) - raft.server.log.purge.gap = 1000000 (custom)
2024-03-15 21:40:21,579 [2bf5d123-a097-49f6-8df3-d3538d4bb7b0-groupManagement] INFO  server.RaftServerConfigKeys (ConfUtils.java:logGet(46)) - raft.server.log.appender.buffer.byte-limit = 8388608 (custom)
2024-03-15 21:40:21,579 [2bf5d123-a097-49f6-8df3-d3538d4bb7b0-groupManagement] INFO  server.RaftServerConfigKeys (ConfUtils.java:logGet(46)) - raft.server.log.statemachine.data.read.timeout = 1000ms (default)
2024-03-15 21:40:21,579 [2bf5d123-a097-49f6-8df3-d3538d4bb7b0-groupManagement] INFO  server.RaftServerConfigKeys (ConfUtils.java:logGet(46)) - raft.server.log.purge.preservation.log.num = 0 (default)
2024-03-15 21:40:21,581 [EventQueue-PipelineReportForPipelineReportHandler] INFO  pipeline.PipelineReportHandler (PipelineReportHandler.java:processPipelineReport(136)) - Opened pipeline PipelineID=ead54802-ec0a-4898-acdb-ca8816964499
2024-03-15 21:40:21,581 [EventQueue-OpenPipelineForHealthyPipelineSafeModeRule] INFO  safemode.SCMSafeModeManager (HealthyPipelineSafeModeRule.java:process(140)) - SCM in safe mode. Healthy pipelines reported count is 0, required healthy pipeline reported count is 1
2024-03-15 21:40:21,582 [2bf5d123-a097-49f6-8df3-d3538d4bb7b0-groupManagement] INFO  server.RaftServerConfigKeys (ConfUtils.java:logGet(46)) - raft.server.log.segment.size.max = 67108864 (custom)
2024-03-15 21:40:21,582 [2bf5d123-a097-49f6-8df3-d3538d4bb7b0-groupManagement] INFO  server.RaftServerConfigKeys (ConfUtils.java:logGet(46)) - raft.server.log.segment.cache.num.max = 2 (custom)
2024-03-15 21:40:21,582 [2bf5d123-a097-49f6-8df3-d3538d4bb7b0-groupManagement] INFO  server.RaftServerConfigKeys (ConfUtils.java:logGet(46)) - raft.server.log.segment.cache.size.max = 200MB (=209715200) (default)
2024-03-15 21:40:21,582 [2bf5d123-a097-49f6-8df3-d3538d4bb7b0-groupManagement] INFO  server.RaftServerConfigKeys (ConfUtils.java:logGet(46)) - raft.server.log.appender.buffer.byte-limit = 8388608 (custom)
2024-03-15 21:40:21,582 [2bf5d123-a097-49f6-8df3-d3538d4bb7b0-groupManagement] INFO  util.AwaitToRun (AwaitToRun.java:start(81)) - Thread[2bf5d123-a097-49f6-8df3-d3538d4bb7b0@group-CA8816964499-cacheEviction-AwaitToRun,5,main] started
2024-03-15 21:40:21,582 [2bf5d123-a097-49f6-8df3-d3538d4bb7b0-groupManagement] INFO  segmented.SegmentedRaftLogWorker (SegmentedRaftLogWorker.java:<init>(182)) - new 2bf5d123-a097-49f6-8df3-d3538d4bb7b0@group-CA8816964499-SegmentedRaftLogWorker for RaftStorageImpl:Storage Directory /home/runner/work/ozone/ozone/hadoop-ozone/integration-test/target/test-dir/MiniOzoneClusterImpl-9d1dee8c-d44a-4a38-8f2b-42c9fdbb6771/ozone-meta/datanode-9/ratis/ead54802-ec0a-4898-acdb-ca8816964499
2024-03-15 21:40:21,582 [2bf5d123-a097-49f6-8df3-d3538d4bb7b0-groupManagement] INFO  server.RaftServerConfigKeys (ConfUtils.java:logGet(46)) - raft.server.log.queue.byte-limit = 4294967296 (custom)
2024-03-15 21:40:21,582 [2bf5d123-a097-49f6-8df3-d3538d4bb7b0-groupManagement] INFO  server.RaftServerConfigKeys (ConfUtils.java:logGet(46)) - raft.server.log.queue.element-limit = 1024 (custom)
2024-03-15 21:40:21,582 [2bf5d123-a097-49f6-8df3-d3538d4bb7b0-groupManagement] INFO  server.RaftServerConfigKeys (ConfUtils.java:logGet(46)) - raft.server.log.segment.size.max = 67108864 (custom)
2024-03-15 21:40:21,582 [2bf5d123-a097-49f6-8df3-d3538d4bb7b0-groupManagement] INFO  server.RaftServerConfigKeys (ConfUtils.java:logGet(46)) - raft.server.log.preallocated.size = 4194304 (custom)
2024-03-15 21:40:21,582 [2bf5d123-a097-49f6-8df3-d3538d4bb7b0-groupManagement] INFO  server.RaftServerConfigKeys (ConfUtils.java:logGet(46)) - raft.server.log.force.sync.num = 128 (default)
2024-03-15 21:40:21,583 [2bf5d123-a097-49f6-8df3-d3538d4bb7b0-groupManagement] INFO  server.RaftServerConfigKeys (ConfUtils.java:logGet(46)) - raft.server.log.statemachine.data.sync = true (default)
2024-03-15 21:40:21,583 [2bf5d123-a097-49f6-8df3-d3538d4bb7b0-groupManagement] INFO  server.RaftServerConfigKeys (ConfUtils.java:logGet(46)) - raft.server.log.statemachine.data.sync.timeout = 10s (default)
2024-03-15 21:40:21,583 [2bf5d123-a097-49f6-8df3-d3538d4bb7b0-groupManagement] INFO  server.RaftServerConfigKeys (ConfUtils.java:logGet(46)) - raft.server.log.statemachine.data.sync.timeout.retry = 0 (custom)
2024-03-15 21:40:21,583 [2bf5d123-a097-49f6-8df3-d3538d4bb7b0-groupManagement] INFO  server.RaftServerConfigKeys (ConfUtils.java:logGet(46)) - raft.server.log.write.buffer.size = 8388616 (custom)
2024-03-15 21:40:21,584 [2bf5d123-a097-49f6-8df3-d3538d4bb7b0-groupManagement] INFO  server.RaftServerConfigKeys (ConfUtils.java:logGet(46)) - raft.server.log.appender.buffer.byte-limit = 8388608 (custom)
2024-03-15 21:40:21,585 [2bf5d123-a097-49f6-8df3-d3538d4bb7b0-groupManagement] INFO  server.RaftServerConfigKeys (ConfUtils.java:logGet(46)) - raft.server.log.unsafe-flush.enabled = false (default)
2024-03-15 21:40:21,585 [2bf5d123-a097-49f6-8df3-d3538d4bb7b0-groupManagement] INFO  server.RaftServerConfigKeys (ConfUtils.java:logGet(46)) - raft.server.log.async-flush.enabled = false (default)
2024-03-15 21:40:21,585 [2bf5d123-a097-49f6-8df3-d3538d4bb7b0-groupManagement] INFO  server.RaftServerConfigKeys (ConfUtils.java:logGet(46)) - raft.server.log.statemachine.data.caching.enabled = true (custom)
2024-03-15 21:40:21,585 [2bf5d123-a097-49f6-8df3-d3538d4bb7b0-groupManagement] INFO  segmented.SegmentedRaftLogWorker (SegmentedRaftLogWorker.java:lambda$new$0(134)) - 2bf5d123-a097-49f6-8df3-d3538d4bb7b0@group-CA8816964499-SegmentedRaftLogWorker: flushIndex: setUnconditionally 0 -> -1
2024-03-15 21:40:21,585 [2bf5d123-a097-49f6-8df3-d3538d4bb7b0-groupManagement] INFO  segmented.SegmentedRaftLogWorker (SegmentedRaftLogWorker.java:lambda$new$0(134)) - 2bf5d123-a097-49f6-8df3-d3538d4bb7b0@group-CA8816964499-SegmentedRaftLogWorker: safeCacheEvictIndex: setUnconditionally 0 -> -1
2024-03-15 21:40:21,585 [2bf5d123-a097-49f6-8df3-d3538d4bb7b0-groupManagement] INFO  server.RaftServer$Division (RaftServerImpl.java:start(396)) - 2bf5d123-a097-49f6-8df3-d3538d4bb7b0@group-CA8816964499: start as a follower, conf=-1: peers:[2bf5d123-a097-49f6-8df3-d3538d4bb7b0|10.1.0.11:15442]|listeners:[], old=null
2024-03-15 21:40:21,585 [2bf5d123-a097-49f6-8df3-d3538d4bb7b0-groupManagement] INFO  server.RaftServer$Division (RaftServerImpl.java:setRole(383)) - 2bf5d123-a097-49f6-8df3-d3538d4bb7b0@group-CA8816964499: changes role from      null to FOLLOWER at term 0 for startAsFollower
2024-03-15 21:40:21,585 [2bf5d123-a097-49f6-8df3-d3538d4bb7b0-groupManagement] INFO  impl.RoleInfo (RoleInfo.java:updateAndGet(139)) - 2bf5d123-a097-49f6-8df3-d3538d4bb7b0: start 2bf5d123-a097-49f6-8df3-d3538d4bb7b0@group-CA8816964499-FollowerState
2024-03-15 21:40:21,585 [2bf5d123-a097-49f6-8df3-d3538d4bb7b0-groupManagement] INFO  util.JmxRegister (JmxRegister.java:tryRegister(44)) - Successfully registered JMX Bean with object name Ratis:service=RaftServer,group=group-CA8816964499,id=2bf5d123-a097-49f6-8df3-d3538d4bb7b0
2024-03-15 21:40:21,585 [2bf5d123-a097-49f6-8df3-d3538d4bb7b0@group-CA8816964499-FollowerState] INFO  server.RaftServerConfigKeys (ConfUtils.java:logFallback(53)) - raft.server.rpc.first-election.timeout.min = 5s (fallback to raft.server.rpc.timeout.min)
2024-03-15 21:40:21,586 [2bf5d123-a097-49f6-8df3-d3538d4bb7b0-groupManagement] INFO  server.RaftServerConfigKeys (ConfUtils.java:logGet(46)) - raft.server.snapshot.trigger-when-stop.enabled = true (default)
2024-03-15 21:40:21,586 [2bf5d123-a097-49f6-8df3-d3538d4bb7b0@group-CA8816964499-FollowerState] INFO  server.RaftServerConfigKeys (ConfUtils.java:logFallback(53)) - raft.server.rpc.first-election.timeout.max = 5200ms (fallback to raft.server.rpc.timeout.max)
2024-03-15 21:40:21,586 [2bf5d123-a097-49f6-8df3-d3538d4bb7b0-groupManagement] INFO  server.RaftServerConfigKeys (ConfUtils.java:logGet(46)) - raft.server.snapshot.auto.trigger.enabled = true (custom)
2024-03-15 21:40:21,586 [2bf5d123-a097-49f6-8df3-d3538d4bb7b0-groupManagement] INFO  server.RaftServerConfigKeys (ConfUtils.java:logGet(46)) - raft.server.snapshot.auto.trigger.threshold = 10000 (custom)
2024-03-15 21:40:21,586 [2bf5d123-a097-49f6-8df3-d3538d4bb7b0-groupManagement] INFO  server.RaftServerConfigKeys (ConfUtils.java:logGet(46)) - raft.server.snapshot.retention.file.num = 5 (custom)
2024-03-15 21:40:21,586 [2bf5d123-a097-49f6-8df3-d3538d4bb7b0-groupManagement] INFO  server.RaftServerConfigKeys (ConfUtils.java:logGet(46)) - raft.server.log.purge.upto.snapshot.index = false (default)
2024-03-15 21:40:21,586 [2bf5d123-a097-49f6-8df3-d3538d4bb7b0-PipelineCommandHandlerThread-0] INFO  ratis.XceiverServerRatis (XceiverServerRatis.java:addGroup(864)) - Created group PipelineID=ead54802-ec0a-4898-acdb-ca8816964499
2024-03-15 21:40:21,586 [2bf5d123-a097-49f6-8df3-d3538d4bb7b0-PipelineCommandHandlerThread-0] INFO  commandhandler.CreatePipelineCommandHandler (CreatePipelineCommandHandler.java:lambda$handle$2(124)) - Created Pipeline RATIS ONE PipelineID=ead54802-ec0a-4898-acdb-ca8816964499.
2024-03-15 21:40:22,579 [main] INFO  ozone.MiniOzoneClusterImpl (MiniOzoneClusterImpl.java:lambda$waitForClusterToBeReady$0(194)) - Nodes are ready. Got 9 of 9 DN Heartbeats.
2024-03-15 21:40:22,579 [main] INFO  ozone.MiniOzoneClusterImpl (MiniOzoneClusterImpl.java:lambda$waitForClusterToBeReady$0(197)) - Waiting for cluster to exit safe mode
2024-03-15 21:40:22,579 [main] INFO  ozone.MiniOzoneClusterImpl (MiniOzoneClusterImpl.java:lambda$waitForClusterToBeReady$0(199)) - SCM became leader
2024-03-15 21:40:23,580 [main] INFO  ozone.MiniOzoneClusterImpl (MiniOzoneClusterImpl.java:lambda$waitForClusterToBeReady$0(194)) - Nodes are ready. Got 9 of 9 DN Heartbeats.
2024-03-15 21:40:23,580 [main] INFO  ozone.MiniOzoneClusterImpl (MiniOzoneClusterImpl.java:lambda$waitForClusterToBeReady$0(197)) - Waiting for cluster to exit safe mode
2024-03-15 21:40:23,580 [main] INFO  ozone.MiniOzoneClusterImpl (MiniOzoneClusterImpl.java:lambda$waitForClusterToBeReady$0(199)) - SCM became leader
2024-03-15 21:40:24,580 [main] INFO  ozone.MiniOzoneClusterImpl (MiniOzoneClusterImpl.java:lambda$waitForClusterToBeReady$0(194)) - Nodes are ready. Got 9 of 9 DN Heartbeats.
2024-03-15 21:40:24,580 [main] INFO  ozone.MiniOzoneClusterImpl (MiniOzoneClusterImpl.java:lambda$waitForClusterToBeReady$0(197)) - Waiting for cluster to exit safe mode
2024-03-15 21:40:24,581 [main] INFO  ozone.MiniOzoneClusterImpl (MiniOzoneClusterImpl.java:lambda$waitForClusterToBeReady$0(199)) - SCM became leader
2024-03-15 21:40:25,581 [main] INFO  ozone.MiniOzoneClusterImpl (MiniOzoneClusterImpl.java:lambda$waitForClusterToBeReady$0(194)) - Nodes are ready. Got 9 of 9 DN Heartbeats.
2024-03-15 21:40:25,581 [main] INFO  ozone.MiniOzoneClusterImpl (MiniOzoneClusterImpl.java:lambda$waitForClusterToBeReady$0(197)) - Waiting for cluster to exit safe mode
2024-03-15 21:40:25,581 [main] INFO  ozone.MiniOzoneClusterImpl (MiniOzoneClusterImpl.java:lambda$waitForClusterToBeReady$0(199)) - SCM became leader
2024-03-15 21:40:26,006 [3d634cb2-775f-4b5a-90b9-1e5452c00050@group-281E028D623B-FollowerState] INFO  impl.FollowerState (FollowerState.java:run(143)) - 3d634cb2-775f-4b5a-90b9-1e5452c00050@group-281E028D623B-FollowerState: change to CANDIDATE, lastRpcElapsedTime:5110481529ns, electionTimeout:5110ms
2024-03-15 21:40:26,007 [3d634cb2-775f-4b5a-90b9-1e5452c00050@group-281E028D623B-FollowerState] INFO  impl.RoleInfo (RoleInfo.java:shutdownFollowerState(110)) - 3d634cb2-775f-4b5a-90b9-1e5452c00050: shutdown 3d634cb2-775f-4b5a-90b9-1e5452c00050@group-281E028D623B-FollowerState
2024-03-15 21:40:26,007 [3d634cb2-775f-4b5a-90b9-1e5452c00050@group-281E028D623B-FollowerState] INFO  server.RaftServer$Division (RaftServerImpl.java:setRole(383)) - 3d634cb2-775f-4b5a-90b9-1e5452c00050@group-281E028D623B: changes role from  FOLLOWER to CANDIDATE at term 0 for changeToCandidate
2024-03-15 21:40:26,007 [3d634cb2-775f-4b5a-90b9-1e5452c00050@group-281E028D623B-FollowerState] INFO  server.RaftServerConfigKeys (ConfUtils.java:logGet(46)) - raft.server.leaderelection.pre-vote = true (default)
2024-03-15 21:40:26,007 [3d634cb2-775f-4b5a-90b9-1e5452c00050@group-281E028D623B-FollowerState] INFO  impl.RoleInfo (RoleInfo.java:updateAndGet(139)) - 3d634cb2-775f-4b5a-90b9-1e5452c00050: start 3d634cb2-775f-4b5a-90b9-1e5452c00050@group-281E028D623B-LeaderElection61
2024-03-15 21:40:26,008 [3d634cb2-775f-4b5a-90b9-1e5452c00050@group-281E028D623B-LeaderElection61] INFO  impl.LeaderElection (LeaderElection.java:askForVotes(321)) - 3d634cb2-775f-4b5a-90b9-1e5452c00050@group-281E028D623B-LeaderElection61 PRE_VOTE round 0: submit vote requests at term 0 for -1: peers:[3d634cb2-775f-4b5a-90b9-1e5452c00050|10.1.0.11:15370, e2c18930-f62b-4e67-9845-17087b23bc88|10.1.0.11:15379, afe0fdae-f81b-4972-93bd-b2e3099b8af3|10.1.0.11:15388]|listeners:[], old=null
2024-03-15 21:40:26,009 [3d634cb2-775f-4b5a-90b9-1e5452c00050@group-281E028D623B-LeaderElection61] INFO  server.RaftServerConfigKeys (ConfUtils.java:logFallback(53)) - raft.server.rpc.first-election.timeout.min = 5s (fallback to raft.server.rpc.timeout.min)
2024-03-15 21:40:26,009 [3d634cb2-775f-4b5a-90b9-1e5452c00050@group-281E028D623B-LeaderElection61-2] INFO  server.GrpcServerProtocolClient (GrpcServerProtocolClient.java:<init>(65)) - Build channel for afe0fdae-f81b-4972-93bd-b2e3099b8af3|10.1.0.11:15388
2024-03-15 21:40:26,009 [3d634cb2-775f-4b5a-90b9-1e5452c00050@group-281E028D623B-LeaderElection61-1] INFO  server.GrpcServerProtocolClient (GrpcServerProtocolClient.java:<init>(65)) - Build channel for e2c18930-f62b-4e67-9845-17087b23bc88|10.1.0.11:15379
2024-03-15 21:40:26,009 [3d634cb2-775f-4b5a-90b9-1e5452c00050@group-281E028D623B-LeaderElection61] INFO  server.RaftServerConfigKeys (ConfUtils.java:logFallback(53)) - raft.server.rpc.first-election.timeout.max = 5200ms (fallback to raft.server.rpc.timeout.max)
2024-03-15 21:40:26,013 [grpc-default-executor-3] INFO  server.RaftServer$Division (RaftServerImpl.java:requestVote(1389)) - e2c18930-f62b-4e67-9845-17087b23bc88@group-281E028D623B: receive requestVote(PRE_VOTE, 3d634cb2-775f-4b5a-90b9-1e5452c00050, group-281E028D623B, 0, (t:0, i:0))
2024-03-15 21:40:26,013 [grpc-default-executor-5] INFO  server.RaftServer$Division (RaftServerImpl.java:requestVote(1389)) - afe0fdae-f81b-4972-93bd-b2e3099b8af3@group-281E028D623B: receive requestVote(PRE_VOTE, 3d634cb2-775f-4b5a-90b9-1e5452c00050, group-281E028D623B, 0, (t:0, i:0))
2024-03-15 21:40:26,013 [grpc-default-executor-3] INFO  impl.VoteContext (VoteContext.java:log(49)) - e2c18930-f62b-4e67-9845-17087b23bc88@group-281E028D623B-FOLLOWER: accept PRE_VOTE from 3d634cb2-775f-4b5a-90b9-1e5452c00050: our priority 0 <= candidate's priority 0
2024-03-15 21:40:26,013 [grpc-default-executor-5] INFO  impl.VoteContext (VoteContext.java:log(49)) - afe0fdae-f81b-4972-93bd-b2e3099b8af3@group-281E028D623B-FOLLOWER: reject PRE_VOTE from 3d634cb2-775f-4b5a-90b9-1e5452c00050: our priority 1 > candidate's priority 0
2024-03-15 21:40:26,013 [grpc-default-executor-3] INFO  server.RaftServer$Division (RaftServerImpl.java:requestVote(1422)) - e2c18930-f62b-4e67-9845-17087b23bc88@group-281E028D623B replies to PRE_VOTE vote request: 3d634cb2-775f-4b5a-90b9-1e5452c00050<-e2c18930-f62b-4e67-9845-17087b23bc88#0:OK-t0. Peer's state: e2c18930-f62b-4e67-9845-17087b23bc88@group-281E028D623B:t0, leader=null, voted=, raftlog=Memoized:e2c18930-f62b-4e67-9845-17087b23bc88@group-281E028D623B-SegmentedRaftLog:OPENED:c-1, conf=-1: peers:[3d634cb2-775f-4b5a-90b9-1e5452c00050|10.1.0.11:15370, e2c18930-f62b-4e67-9845-17087b23bc88|10.1.0.11:15379, afe0fdae-f81b-4972-93bd-b2e3099b8af3|10.1.0.11:15388]|listeners:[], old=null
2024-03-15 21:40:26,013 [grpc-default-executor-5] INFO  server.RaftServer$Division (RaftServerImpl.java:requestVote(1422)) - afe0fdae-f81b-4972-93bd-b2e3099b8af3@group-281E028D623B replies to PRE_VOTE vote request: 3d634cb2-775f-4b5a-90b9-1e5452c00050<-afe0fdae-f81b-4972-93bd-b2e3099b8af3#0:FAIL-t0. Peer's state: afe0fdae-f81b-4972-93bd-b2e3099b8af3@group-281E028D623B:t0, leader=null, voted=, raftlog=Memoized:afe0fdae-f81b-4972-93bd-b2e3099b8af3@group-281E028D623B-SegmentedRaftLog:OPENED:c-1, conf=-1: peers:[3d634cb2-775f-4b5a-90b9-1e5452c00050|10.1.0.11:15370, e2c18930-f62b-4e67-9845-17087b23bc88|10.1.0.11:15379, afe0fdae-f81b-4972-93bd-b2e3099b8af3|10.1.0.11:15388]|listeners:[], old=null
2024-03-15 21:40:26,014 [3d634cb2-775f-4b5a-90b9-1e5452c00050@group-281E028D623B-LeaderElection61] INFO  impl.LeaderElection (LeaderElection.java:logAndReturn(89)) - 3d634cb2-775f-4b5a-90b9-1e5452c00050@group-281E028D623B-LeaderElection61: PRE_VOTE REJECTED received 1 response(s) and 0 exception(s):
2024-03-15 21:40:26,014 [3d634cb2-775f-4b5a-90b9-1e5452c00050@group-281E028D623B-LeaderElection61] INFO  impl.LeaderElection (LeaderElection.java:logAndReturn(93)) -   Response 0: 3d634cb2-775f-4b5a-90b9-1e5452c00050<-afe0fdae-f81b-4972-93bd-b2e3099b8af3#0:FAIL-t0
2024-03-15 21:40:26,014 [3d634cb2-775f-4b5a-90b9-1e5452c00050@group-281E028D623B-LeaderElection61] INFO  impl.LeaderElection (LeaderElection.java:askForVotes(323)) - 3d634cb2-775f-4b5a-90b9-1e5452c00050@group-281E028D623B-LeaderElection61 PRE_VOTE round 0: result REJECTED
2024-03-15 21:40:26,014 [3d634cb2-775f-4b5a-90b9-1e5452c00050@group-281E028D623B-LeaderElection61] INFO  server.RaftServer$Division (RaftServerImpl.java:setRole(383)) - 3d634cb2-775f-4b5a-90b9-1e5452c00050@group-281E028D623B: changes role from CANDIDATE to FOLLOWER at term 0 for REJECTED
2024-03-15 21:40:26,014 [3d634cb2-775f-4b5a-90b9-1e5452c00050@group-281E028D623B-LeaderElection61] INFO  impl.RoleInfo (RoleInfo.java:shutdownLeaderElection(130)) - 3d634cb2-775f-4b5a-90b9-1e5452c00050: shutdown 3d634cb2-775f-4b5a-90b9-1e5452c00050@group-281E028D623B-LeaderElection61
2024-03-15 21:40:26,014 [3d634cb2-775f-4b5a-90b9-1e5452c00050@group-281E028D623B-LeaderElection61] INFO  impl.RoleInfo (RoleInfo.java:updateAndGet(139)) - 3d634cb2-775f-4b5a-90b9-1e5452c00050: start 3d634cb2-775f-4b5a-90b9-1e5452c00050@group-281E028D623B-FollowerState
2024-03-15 21:40:26,014 [3d634cb2-775f-4b5a-90b9-1e5452c00050@group-281E028D623B-LeaderElection61] INFO  server.RaftServer$Division (RaftServerImpl.java:setFirstElection(574)) - 3d634cb2-775f-4b5a-90b9-1e5452c00050@group-281E028D623B: set firstElectionSinceStartup to false for REJECTED
2024-03-15 21:40:26,053 [e2c18930-f62b-4e67-9845-17087b23bc88@group-281E028D623B-FollowerState] INFO  server.RaftServerConfigKeys (ConfUtils.java:logFallback(53)) - raft.server.rpc.first-election.timeout.min = 5s (fallback to raft.server.rpc.timeout.min)
2024-03-15 21:40:26,053 [e2c18930-f62b-4e67-9845-17087b23bc88@group-281E028D623B-FollowerState] INFO  server.RaftServerConfigKeys (ConfUtils.java:logFallback(53)) - raft.server.rpc.first-election.timeout.max = 5200ms (fallback to raft.server.rpc.timeout.max)
2024-03-15 21:40:26,068 [afe0fdae-f81b-4972-93bd-b2e3099b8af3@group-281E028D623B-FollowerState] INFO  impl.FollowerState (FollowerState.java:run(143)) - afe0fdae-f81b-4972-93bd-b2e3099b8af3@group-281E028D623B-FollowerState: change to CANDIDATE, lastRpcElapsedTime:5130271531ns, electionTimeout:5129ms
2024-03-15 21:40:26,068 [afe0fdae-f81b-4972-93bd-b2e3099b8af3@group-281E028D623B-FollowerState] INFO  impl.RoleInfo (RoleInfo.java:shutdownFollowerState(110)) - afe0fdae-f81b-4972-93bd-b2e3099b8af3: shutdown afe0fdae-f81b-4972-93bd-b2e3099b8af3@group-281E028D623B-FollowerState
2024-03-15 21:40:26,069 [afe0fdae-f81b-4972-93bd-b2e3099b8af3@group-281E028D623B-FollowerState] INFO  server.RaftServer$Division (RaftServerImpl.java:setRole(383)) - afe0fdae-f81b-4972-93bd-b2e3099b8af3@group-281E028D623B: changes role from  FOLLOWER to CANDIDATE at term 0 for changeToCandidate
2024-03-15 21:40:26,069 [afe0fdae-f81b-4972-93bd-b2e3099b8af3@group-281E028D623B-FollowerState] INFO  server.RaftServerConfigKeys (ConfUtils.java:logGet(46)) - raft.server.leaderelection.pre-vote = true (default)
2024-03-15 21:40:26,069 [afe0fdae-f81b-4972-93bd-b2e3099b8af3@group-281E028D623B-FollowerState] INFO  impl.RoleInfo (RoleInfo.java:updateAndGet(139)) - afe0fdae-f81b-4972-93bd-b2e3099b8af3: start afe0fdae-f81b-4972-93bd-b2e3099b8af3@group-281E028D623B-LeaderElection62
2024-03-15 21:40:26,069 [afe0fdae-f81b-4972-93bd-b2e3099b8af3@group-281E028D623B-LeaderElection62] INFO  impl.LeaderElection (LeaderElection.java:askForVotes(321)) - afe0fdae-f81b-4972-93bd-b2e3099b8af3@group-281E028D623B-LeaderElection62 PRE_VOTE round 0: submit vote requests at term 0 for -1: peers:[3d634cb2-775f-4b5a-90b9-1e5452c00050|10.1.0.11:15370, e2c18930-f62b-4e67-9845-17087b23bc88|10.1.0.11:15379, afe0fdae-f81b-4972-93bd-b2e3099b8af3|10.1.0.11:15388]|listeners:[], old=null
2024-03-15 21:40:26,069 [afe0fdae-f81b-4972-93bd-b2e3099b8af3@group-281E028D623B-LeaderElection62-1] INFO  server.GrpcServerProtocolClient (GrpcServerProtocolClient.java:<init>(65)) - Build channel for 3d634cb2-775f-4b5a-90b9-1e5452c00050|10.1.0.11:15370
2024-03-15 21:40:26,069 [afe0fdae-f81b-4972-93bd-b2e3099b8af3@group-281E028D623B-LeaderElection62] INFO  server.RaftServerConfigKeys (ConfUtils.java:logFallback(53)) - raft.server.rpc.first-election.timeout.min = 5s (fallback to raft.server.rpc.timeout.min)
2024-03-15 21:40:26,069 [afe0fdae-f81b-4972-93bd-b2e3099b8af3@group-281E028D623B-LeaderElection62-2] INFO  server.GrpcServerProtocolClient (GrpcServerProtocolClient.java:<init>(65)) - Build channel for e2c18930-f62b-4e67-9845-17087b23bc88|10.1.0.11:15379
2024-03-15 21:40:26,069 [afe0fdae-f81b-4972-93bd-b2e3099b8af3@group-281E028D623B-LeaderElection62] INFO  server.RaftServerConfigKeys (ConfUtils.java:logFallback(53)) - raft.server.rpc.first-election.timeout.max = 5200ms (fallback to raft.server.rpc.timeout.max)
2024-03-15 21:40:26,074 [grpc-default-executor-3] INFO  server.RaftServer$Division (RaftServerImpl.java:requestVote(1389)) - 3d634cb2-775f-4b5a-90b9-1e5452c00050@group-281E028D623B: receive requestVote(PRE_VOTE, afe0fdae-f81b-4972-93bd-b2e3099b8af3, group-281E028D623B, 0, (t:0, i:0))
2024-03-15 21:40:26,074 [grpc-default-executor-3] INFO  impl.VoteContext (VoteContext.java:log(49)) - 3d634cb2-775f-4b5a-90b9-1e5452c00050@group-281E028D623B-FOLLOWER: accept PRE_VOTE from afe0fdae-f81b-4972-93bd-b2e3099b8af3: our priority 0 <= candidate's priority 1
2024-03-15 21:40:26,074 [grpc-default-executor-3] INFO  server.RaftServer$Division (RaftServerImpl.java:requestVote(1422)) - 3d634cb2-775f-4b5a-90b9-1e5452c00050@group-281E028D623B replies to PRE_VOTE vote request: afe0fdae-f81b-4972-93bd-b2e3099b8af3<-3d634cb2-775f-4b5a-90b9-1e5452c00050#0:OK-t0. Peer's state: 3d634cb2-775f-4b5a-90b9-1e5452c00050@group-281E028D623B:t0, leader=null, voted=, raftlog=Memoized:3d634cb2-775f-4b5a-90b9-1e5452c00050@group-281E028D623B-SegmentedRaftLog:OPENED:c-1, conf=-1: peers:[3d634cb2-775f-4b5a-90b9-1e5452c00050|10.1.0.11:15370, e2c18930-f62b-4e67-9845-17087b23bc88|10.1.0.11:15379, afe0fdae-f81b-4972-93bd-b2e3099b8af3|10.1.0.11:15388]|listeners:[], old=null
2024-03-15 21:40:26,076 [3d634cb2-775f-4b5a-90b9-1e5452c00050@group-61B3573DC185-FollowerState] INFO  impl.FollowerState (FollowerState.java:run(143)) - 3d634cb2-775f-4b5a-90b9-1e5452c00050@group-61B3573DC185-FollowerState: change to CANDIDATE, lastRpcElapsedTime:5192150873ns, electionTimeout:5190ms
2024-03-15 21:40:26,076 [3d634cb2-775f-4b5a-90b9-1e5452c00050@group-61B3573DC185-FollowerState] INFO  impl.RoleInfo (RoleInfo.java:shutdownFollowerState(110)) - 3d634cb2-775f-4b5a-90b9-1e5452c00050: shutdown 3d634cb2-775f-4b5a-90b9-1e5452c00050@group-61B3573DC185-FollowerState
2024-03-15 21:40:26,076 [3d634cb2-775f-4b5a-90b9-1e5452c00050@group-61B3573DC185-FollowerState] INFO  server.RaftServer$Division (RaftServerImpl.java:setRole(383)) - 3d634cb2-775f-4b5a-90b9-1e5452c00050@group-61B3573DC185: changes role from  FOLLOWER to CANDIDATE at term 0 for changeToCandidate
2024-03-15 21:40:26,077 [3d634cb2-775f-4b5a-90b9-1e5452c00050@group-61B3573DC185-FollowerState] INFO  server.RaftServerConfigKeys (ConfUtils.java:logGet(46)) - raft.server.leaderelection.pre-vote = true (default)
2024-03-15 21:40:26,077 [3d634cb2-775f-4b5a-90b9-1e5452c00050@group-61B3573DC185-FollowerState] INFO  impl.RoleInfo (RoleInfo.java:updateAndGet(139)) - 3d634cb2-775f-4b5a-90b9-1e5452c00050: start 3d634cb2-775f-4b5a-90b9-1e5452c00050@group-61B3573DC185-LeaderElection63
2024-03-15 21:40:26,078 [3d634cb2-775f-4b5a-90b9-1e5452c00050@group-61B3573DC185-LeaderElection63] INFO  impl.LeaderElection (LeaderElection.java:askForVotes(321)) - 3d634cb2-775f-4b5a-90b9-1e5452c00050@group-61B3573DC185-LeaderElection63 PRE_VOTE round 0: submit vote requests at term 0 for -1: peers:[3d634cb2-775f-4b5a-90b9-1e5452c00050|10.1.0.11:15370]|listeners:[], old=null
2024-03-15 21:40:26,078 [afe0fdae-f81b-4972-93bd-b2e3099b8af3@group-281E028D623B-LeaderElection62] INFO  impl.LeaderElection (LeaderElection.java:logAndReturn(89)) - afe0fdae-f81b-4972-93bd-b2e3099b8af3@group-281E028D623B-LeaderElection62: PRE_VOTE PASSED received 1 response(s) and 0 exception(s):
2024-03-15 21:40:26,078 [3d634cb2-775f-4b5a-90b9-1e5452c00050@group-61B3573DC185-LeaderElection63] INFO  impl.LeaderElection (LeaderElection.java:askForVotes(323)) - 3d634cb2-775f-4b5a-90b9-1e5452c00050@group-61B3573DC185-LeaderElection63 PRE_VOTE round 0: result PASSED (term=0)
2024-03-15 21:40:26,078 [grpc-default-executor-3] INFO  server.RaftServer$Division (RaftServerImpl.java:requestVote(1389)) - e2c18930-f62b-4e67-9845-17087b23bc88@group-281E028D623B: receive requestVote(PRE_VOTE, afe0fdae-f81b-4972-93bd-b2e3099b8af3, group-281E028D623B, 0, (t:0, i:0))
2024-03-15 21:40:26,080 [grpc-default-executor-3] INFO  impl.VoteContext (VoteContext.java:log(49)) - e2c18930-f62b-4e67-9845-17087b23bc88@group-281E028D623B-FOLLOWER: accept PRE_VOTE from afe0fdae-f81b-4972-93bd-b2e3099b8af3: our priority 0 <= candidate's priority 1
2024-03-15 21:40:26,078 [afe0fdae-f81b-4972-93bd-b2e3099b8af3@group-281E028D623B-LeaderElection62] INFO  impl.LeaderElection (LeaderElection.java:logAndReturn(93)) -   Response 0: afe0fdae-f81b-4972-93bd-b2e3099b8af3<-3d634cb2-775f-4b5a-90b9-1e5452c00050#0:OK-t0
2024-03-15 21:40:26,080 [grpc-default-executor-3] INFO  server.RaftServer$Division (RaftServerImpl.java:requestVote(1422)) - e2c18930-f62b-4e67-9845-17087b23bc88@group-281E028D623B replies to PRE_VOTE vote request: afe0fdae-f81b-4972-93bd-b2e3099b8af3<-e2c18930-f62b-4e67-9845-17087b23bc88#0:OK-t0. Peer's state: e2c18930-f62b-4e67-9845-17087b23bc88@group-281E028D623B:t0, leader=null, voted=, raftlog=Memoized:e2c18930-f62b-4e67-9845-17087b23bc88@group-281E028D623B-SegmentedRaftLog:OPENED:c-1, conf=-1: peers:[3d634cb2-775f-4b5a-90b9-1e5452c00050|10.1.0.11:15370, e2c18930-f62b-4e67-9845-17087b23bc88|10.1.0.11:15379, afe0fdae-f81b-4972-93bd-b2e3099b8af3|10.1.0.11:15388]|listeners:[], old=null
2024-03-15 21:40:26,080 [afe0fdae-f81b-4972-93bd-b2e3099b8af3@group-281E028D623B-LeaderElection62] INFO  impl.LeaderElection (LeaderElection.java:askForVotes(323)) - afe0fdae-f81b-4972-93bd-b2e3099b8af3@group-281E028D623B-LeaderElection62 PRE_VOTE round 0: result PASSED
2024-03-15 21:40:26,081 [3d634cb2-775f-4b5a-90b9-1e5452c00050@group-61B3573DC185-LeaderElection63] INFO  impl.LeaderElection (LeaderElection.java:askForVotes(321)) - 3d634cb2-775f-4b5a-90b9-1e5452c00050@group-61B3573DC185-LeaderElection63 ELECTION round 0: submit vote requests at term 1 for -1: peers:[3d634cb2-775f-4b5a-90b9-1e5452c00050|10.1.0.11:15370]|listeners:[], old=null
2024-03-15 21:40:26,081 [3d634cb2-775f-4b5a-90b9-1e5452c00050@group-61B3573DC185-LeaderElection63] INFO  impl.LeaderElection (LeaderElection.java:askForVotes(323)) - 3d634cb2-775f-4b5a-90b9-1e5452c00050@group-61B3573DC185-LeaderElection63 ELECTION round 0: result PASSED (term=1)
2024-03-15 21:40:26,081 [3d634cb2-775f-4b5a-90b9-1e5452c00050@group-61B3573DC185-LeaderElection63] INFO  impl.RoleInfo (RoleInfo.java:shutdownLeaderElection(130)) - 3d634cb2-775f-4b5a-90b9-1e5452c00050: shutdown 3d634cb2-775f-4b5a-90b9-1e5452c00050@group-61B3573DC185-LeaderElection63
2024-03-15 21:40:26,081 [afe0fdae-f81b-4972-93bd-b2e3099b8af3@group-281E028D623B-LeaderElection62] INFO  impl.LeaderElection (LeaderElection.java:askForVotes(321)) - afe0fdae-f81b-4972-93bd-b2e3099b8af3@group-281E028D623B-LeaderElection62 ELECTION round 0: submit vote requests at term 1 for -1: peers:[3d634cb2-775f-4b5a-90b9-1e5452c00050|10.1.0.11:15370, e2c18930-f62b-4e67-9845-17087b23bc88|10.1.0.11:15379, afe0fdae-f81b-4972-93bd-b2e3099b8af3|10.1.0.11:15388]|listeners:[], old=null
2024-03-15 21:40:26,081 [3d634cb2-775f-4b5a-90b9-1e5452c00050@group-61B3573DC185-LeaderElection63] INFO  server.RaftServer$Division (RaftServerImpl.java:setRole(383)) - 3d634cb2-775f-4b5a-90b9-1e5452c00050@group-61B3573DC185: changes role from CANDIDATE to LEADER at term 1 for changeToLeader
2024-03-15 21:40:26,081 [3d634cb2-775f-4b5a-90b9-1e5452c00050@group-61B3573DC185-LeaderElection63] INFO  server.RaftServerConfigKeys (ConfUtils.java:logGet(46)) - raft.server.staging.catchup.gap = 1000 (default)
2024-03-15 21:40:26,081 [afe0fdae-f81b-4972-93bd-b2e3099b8af3@group-281E028D623B-LeaderElection62] INFO  server.RaftServerConfigKeys (ConfUtils.java:logFallback(53)) - raft.server.rpc.first-election.timeout.min = 5s (fallback to raft.server.rpc.timeout.min)
2024-03-15 21:40:26,081 [afe0fdae-f81b-4972-93bd-b2e3099b8af3@group-281E028D623B-LeaderElection62] INFO  server.RaftServerConfigKeys (ConfUtils.java:logFallback(53)) - raft.server.rpc.first-election.timeout.max = 5200ms (fallback to raft.server.rpc.timeout.max)
2024-03-15 21:40:26,081 [3d634cb2-775f-4b5a-90b9-1e5452c00050@group-61B3573DC185-LeaderElection63] INFO  server.RaftServerConfigKeys (ConfUtils.java:logGet(46)) - raft.server.write.element-limit = 1024 (custom)
2024-03-15 21:40:26,081 [3d634cb2-775f-4b5a-90b9-1e5452c00050@group-61B3573DC185-LeaderElection63] INFO  server.RaftServerConfigKeys (ConfUtils.java:logGet(46)) - raft.server.write.byte-limit = 1024 M (=1073741824) (custom)
2024-03-15 21:40:26,082 [3d634cb2-775f-4b5a-90b9-1e5452c00050@group-61B3573DC185-LeaderElection63] INFO  server.RaftServerConfigKeys (ConfUtils.java:logGet(46)) - raft.server.watch.timeout = 3000ms (custom)
2024-03-15 21:40:26,082 [3d634cb2-775f-4b5a-90b9-1e5452c00050@group-61B3573DC185-LeaderElection63] INFO  server.RaftServerConfigKeys (ConfUtils.java:logGet(46)) - raft.server.watch.timeout.denomination = 1s (default)
2024-03-15 21:40:26,082 [3d634cb2-775f-4b5a-90b9-1e5452c00050@group-61B3573DC185-LeaderElection63] INFO  server.RaftServerConfigKeys (ConfUtils.java:logGet(46)) - raft.server.watch.element-limit = 65536 (default)
2024-03-15 21:40:26,082 [3d634cb2-775f-4b5a-90b9-1e5452c00050@group-61B3573DC185-LeaderElection63] INFO  server.RaftServerConfigKeys (ConfUtils.java:logGet(46)) - raft.server.read.leader.lease.enabled = false (default)
2024-03-15 21:40:26,082 [3d634cb2-775f-4b5a-90b9-1e5452c00050@group-61B3573DC185-LeaderElection63] INFO  server.RaftServerConfigKeys (ConfUtils.java:logGet(46)) - raft.server.read.leader.lease.timeout.ratio = 0.9 (default)
2024-03-15 21:40:26,082 [3d634cb2-775f-4b5a-90b9-1e5452c00050@group-61B3573DC185-LeaderElection63] INFO  server.RaftServerConfigKeys (ConfUtils.java:logGet(46)) - raft.server.rpc.timeout.min = 5s (custom)
2024-03-15 21:40:26,082 [3d634cb2-775f-4b5a-90b9-1e5452c00050@group-61B3573DC185-LeaderElection63] INFO  server.RaftServerConfigKeys (ConfUtils.java:logGet(46)) - raft.server.write.element-limit = 1024 (custom)
2024-03-15 21:40:26,082 [3d634cb2-775f-4b5a-90b9-1e5452c00050@group-61B3573DC185-LeaderElection63] INFO  server.RaftServerConfigKeys (ConfUtils.java:logGet(46)) - raft.server.write.follower.gap.ratio.max = -1.0 (default)
2024-03-15 21:40:26,082 [3d634cb2-775f-4b5a-90b9-1e5452c00050@group-61B3573DC185-LeaderElection63] INFO  impl.RoleInfo (RoleInfo.java:updateAndGet(139)) - 3d634cb2-775f-4b5a-90b9-1e5452c00050: start 3d634cb2-775f-4b5a-90b9-1e5452c00050@group-61B3573DC185-LeaderStateImpl
2024-03-15 21:40:26,082 [3d634cb2-775f-4b5a-90b9-1e5452c00050@group-61B3573DC185-LeaderElection63] INFO  server.RaftServer$Division (RaftServerImpl.java:setFirstElection(574)) - 3d634cb2-775f-4b5a-90b9-1e5452c00050@group-61B3573DC185: set firstElectionSinceStartup to false for becomeLeader
2024-03-15 21:40:26,082 [3d634cb2-775f-4b5a-90b9-1e5452c00050@group-61B3573DC185-LeaderElection63] INFO  ratis.XceiverServerRatis (XceiverServerRatis.java:handleLeaderChangedNotification(966)) - Leader change notification received for group: group-61B3573DC185 with new leaderId: 3d634cb2-775f-4b5a-90b9-1e5452c00050
2024-03-15 21:40:26,082 [grpc-default-executor-3] INFO  server.RaftServer$Division (RaftServerImpl.java:requestVote(1389)) - 3d634cb2-775f-4b5a-90b9-1e5452c00050@group-281E028D623B: receive requestVote(ELECTION, afe0fdae-f81b-4972-93bd-b2e3099b8af3, group-281E028D623B, 1, (t:0, i:0))
2024-03-15 21:40:26,082 [grpc-default-executor-3] INFO  impl.VoteContext (VoteContext.java:log(49)) - 3d634cb2-775f-4b5a-90b9-1e5452c00050@group-281E028D623B-FOLLOWER: accept ELECTION from afe0fdae-f81b-4972-93bd-b2e3099b8af3: our priority 0 <= candidate's priority 1
2024-03-15 21:40:26,082 [3d634cb2-775f-4b5a-90b9-1e5452c00050@group-61B3573DC185-LeaderElection63] INFO  server.RaftServer$Division (ServerState.java:setLeader(269)) - 3d634cb2-775f-4b5a-90b9-1e5452c00050@group-61B3573DC185: change Leader from null to 3d634cb2-775f-4b5a-90b9-1e5452c00050 at term 1 for becomeLeader, leader elected after 5211ms
2024-03-15 21:40:26,083 [grpc-default-executor-3] INFO  server.RaftServer$Division (RaftServerImpl.java:setRole(383)) - 3d634cb2-775f-4b5a-90b9-1e5452c00050@group-281E028D623B: changes role from  FOLLOWER to FOLLOWER at term 1 for candidate:afe0fdae-f81b-4972-93bd-b2e3099b8af3
2024-03-15 21:40:26,083 [grpc-default-executor-3] INFO  impl.RoleInfo (RoleInfo.java:shutdownFollowerState(110)) - 3d634cb2-775f-4b5a-90b9-1e5452c00050: shutdown 3d634cb2-775f-4b5a-90b9-1e5452c00050@group-281E028D623B-FollowerState
2024-03-15 21:40:26,083 [3d634cb2-775f-4b5a-90b9-1e5452c00050@group-61B3573DC185-LeaderElection63] INFO  segmented.SegmentedRaftLogWorker (SegmentedRaftLogWorker.java:startLogSegment(430)) - 3d634cb2-775f-4b5a-90b9-1e5452c00050@group-61B3573DC185-SegmentedRaftLogWorker: Starting segment from index:0
2024-03-15 21:40:26,083 [3d634cb2-775f-4b5a-90b9-1e5452c00050@group-281E028D623B-FollowerState] INFO  impl.FollowerState (FollowerState.java:run(152)) - 3d634cb2-775f-4b5a-90b9-1e5452c00050@group-281E028D623B-FollowerState was interrupted
2024-03-15 21:40:26,083 [grpc-default-executor-3] INFO  impl.RoleInfo (RoleInfo.java:updateAndGet(139)) - 3d634cb2-775f-4b5a-90b9-1e5452c00050: start 3d634cb2-775f-4b5a-90b9-1e5452c00050@group-281E028D623B-FollowerState
2024-03-15 21:40:26,083 [3d634cb2-775f-4b5a-90b9-1e5452c00050@group-61B3573DC185-SegmentedRaftLogWorker] INFO  segmented.BufferedWriteChannel (BufferedWriteChannel.java:open(62)) - open log_inprogress_0 at position 0
2024-03-15 21:40:26,083 [EventQueue-OpenPipelineForHealthyPipelineSafeModeRule] INFO  safemode.SCMSafeModeManager (HealthyPipelineSafeModeRule.java:process(140)) - SCM in safe mode. Healthy pipelines reported count is 0, required healthy pipeline reported count is 1
2024-03-15 21:40:26,086 [3d634cb2-775f-4b5a-90b9-1e5452c00050@group-61B3573DC185-LeaderElection63] INFO  server.RaftServer$Division (ServerState.java:setRaftConf(386)) - 3d634cb2-775f-4b5a-90b9-1e5452c00050@group-61B3573DC185: set configuration 0: peers:[3d634cb2-775f-4b5a-90b9-1e5452c00050|10.1.0.11:15370]|listeners:[], old=null
2024-03-15 21:40:26,087 [grpc-default-executor-3] INFO  server.RaftServer$Division (RaftServerImpl.java:requestVote(1422)) - 3d634cb2-775f-4b5a-90b9-1e5452c00050@group-281E028D623B replies to ELECTION vote request: afe0fdae-f81b-4972-93bd-b2e3099b8af3<-3d634cb2-775f-4b5a-90b9-1e5452c00050#0:OK-t1. Peer's state: 3d634cb2-775f-4b5a-90b9-1e5452c00050@group-281E028D623B:t1, leader=null, voted=afe0fdae-f81b-4972-93bd-b2e3099b8af3, raftlog=Memoized:3d634cb2-775f-4b5a-90b9-1e5452c00050@group-281E028D623B-SegmentedRaftLog:OPENED:c-1, conf=-1: peers:[3d634cb2-775f-4b5a-90b9-1e5452c00050|10.1.0.11:15370, e2c18930-f62b-4e67-9845-17087b23bc88|10.1.0.11:15379, afe0fdae-f81b-4972-93bd-b2e3099b8af3|10.1.0.11:15388]|listeners:[], old=null
2024-03-15 21:40:26,087 [grpc-default-executor-3] INFO  server.RaftServer$Division (RaftServerImpl.java:requestVote(1389)) - e2c18930-f62b-4e67-9845-17087b23bc88@group-281E028D623B: receive requestVote(ELECTION, afe0fdae-f81b-4972-93bd-b2e3099b8af3, group-281E028D623B, 1, (t:0, i:0))
2024-03-15 21:40:26,087 [grpc-default-executor-3] INFO  impl.VoteContext (VoteContext.java:log(49)) - e2c18930-f62b-4e67-9845-17087b23bc88@group-281E028D623B-FOLLOWER: accept ELECTION from afe0fdae-f81b-4972-93bd-b2e3099b8af3: our priority 0 <= candidate's priority 1
2024-03-15 21:40:26,087 [grpc-default-executor-3] INFO  server.RaftServer$Division (RaftServerImpl.java:setRole(383)) - e2c18930-f62b-4e67-9845-17087b23bc88@group-281E028D623B: changes role from  FOLLOWER to FOLLOWER at term 1 for candidate:afe0fdae-f81b-4972-93bd-b2e3099b8af3
2024-03-15 21:40:26,088 [grpc-default-executor-3] INFO  impl.RoleInfo (RoleInfo.java:shutdownFollowerState(110)) - e2c18930-f62b-4e67-9845-17087b23bc88: shutdown e2c18930-f62b-4e67-9845-17087b23bc88@group-281E028D623B-FollowerState
2024-03-15 21:40:26,088 [grpc-default-executor-3] INFO  impl.RoleInfo (RoleInfo.java:updateAndGet(139)) - e2c18930-f62b-4e67-9845-17087b23bc88: start e2c18930-f62b-4e67-9845-17087b23bc88@group-281E028D623B-FollowerState
2024-03-15 21:40:26,088 [e2c18930-f62b-4e67-9845-17087b23bc88@group-281E028D623B-FollowerState] INFO  impl.FollowerState (FollowerState.java:run(152)) - e2c18930-f62b-4e67-9845-17087b23bc88@group-281E028D623B-FollowerState was interrupted
2024-03-15 21:40:26,088 [grpc-default-executor-3] INFO  server.RaftServer$Division (RaftServerImpl.java:setFirstElection(574)) - e2c18930-f62b-4e67-9845-17087b23bc88@group-281E028D623B: set firstElectionSinceStartup to false for candidate:afe0fdae-f81b-4972-93bd-b2e3099b8af3
2024-03-15 21:40:26,089 [afe0fdae-f81b-4972-93bd-b2e3099b8af3@group-281E028D623B-LeaderElection62] INFO  impl.LeaderElection (LeaderElection.java:logAndReturn(89)) - afe0fdae-f81b-4972-93bd-b2e3099b8af3@group-281E028D623B-LeaderElection62: ELECTION PASSED received 1 response(s) and 0 exception(s):
2024-03-15 21:40:26,089 [afe0fdae-f81b-4972-93bd-b2e3099b8af3@group-281E028D623B-LeaderElection62] INFO  impl.LeaderElection (LeaderElection.java:logAndReturn(93)) -   Response 0: afe0fdae-f81b-4972-93bd-b2e3099b8af3<-3d634cb2-775f-4b5a-90b9-1e5452c00050#0:OK-t1
2024-03-15 21:40:26,089 [afe0fdae-f81b-4972-93bd-b2e3099b8af3@group-281E028D623B-LeaderElection62] INFO  impl.LeaderElection (LeaderElection.java:askForVotes(323)) - afe0fdae-f81b-4972-93bd-b2e3099b8af3@group-281E028D623B-LeaderElection62 ELECTION round 0: result PASSED
2024-03-15 21:40:26,089 [afe0fdae-f81b-4972-93bd-b2e3099b8af3@group-281E028D623B-LeaderElection62] INFO  impl.RoleInfo (RoleInfo.java:shutdownLeaderElection(130)) - afe0fdae-f81b-4972-93bd-b2e3099b8af3: shutdown afe0fdae-f81b-4972-93bd-b2e3099b8af3@group-281E028D623B-LeaderElection62
2024-03-15 21:40:26,089 [afe0fdae-f81b-4972-93bd-b2e3099b8af3@group-281E028D623B-LeaderElection62] INFO  server.RaftServer$Division (RaftServerImpl.java:setRole(383)) - afe0fdae-f81b-4972-93bd-b2e3099b8af3@group-281E028D623B: changes role from CANDIDATE to LEADER at term 1 for changeToLeader
2024-03-15 21:40:26,089 [afe0fdae-f81b-4972-93bd-b2e3099b8af3@group-281E028D623B-LeaderElection62] INFO  server.RaftServerConfigKeys (ConfUtils.java:logGet(46)) - raft.server.staging.catchup.gap = 1000 (default)
2024-03-15 21:40:26,089 [afe0fdae-f81b-4972-93bd-b2e3099b8af3@group-281E028D623B-LeaderElection62] INFO  server.RaftServerConfigKeys (ConfUtils.java:logGet(46)) - raft.server.write.element-limit = 1024 (custom)
2024-03-15 21:40:26,089 [afe0fdae-f81b-4972-93bd-b2e3099b8af3@group-281E028D623B-LeaderElection62] INFO  server.RaftServerConfigKeys (ConfUtils.java:logGet(46)) - raft.server.write.byte-limit = 1024 M (=1073741824) (custom)
2024-03-15 21:40:26,089 [afe0fdae-f81b-4972-93bd-b2e3099b8af3@group-281E028D623B-LeaderElection62] INFO  server.RaftServerConfigKeys (ConfUtils.java:logGet(46)) - raft.server.watch.timeout = 3000ms (custom)
2024-03-15 21:40:26,089 [afe0fdae-f81b-4972-93bd-b2e3099b8af3@group-281E028D623B-LeaderElection62] INFO  server.RaftServerConfigKeys (ConfUtils.java:logGet(46)) - raft.server.watch.timeout.denomination = 1s (default)
2024-03-15 21:40:26,089 [afe0fdae-f81b-4972-93bd-b2e3099b8af3@group-281E028D623B-LeaderElection62] INFO  server.RaftServerConfigKeys (ConfUtils.java:logGet(46)) - raft.server.watch.element-limit = 65536 (default)
2024-03-15 21:40:26,089 [afe0fdae-f81b-4972-93bd-b2e3099b8af3@group-281E028D623B-LeaderElection62] INFO  server.RaftServerConfigKeys (ConfUtils.java:logGet(46)) - raft.server.read.leader.lease.enabled = false (default)
2024-03-15 21:40:26,089 [afe0fdae-f81b-4972-93bd-b2e3099b8af3@group-281E028D623B-LeaderElection62] INFO  server.RaftServerConfigKeys (ConfUtils.java:logGet(46)) - raft.server.read.leader.lease.timeout.ratio = 0.9 (default)
2024-03-15 21:40:26,089 [afe0fdae-f81b-4972-93bd-b2e3099b8af3@group-281E028D623B-LeaderElection62] INFO  server.RaftServerConfigKeys (ConfUtils.java:logGet(46)) - raft.server.rpc.timeout.min = 5s (custom)
2024-03-15 21:40:26,089 [afe0fdae-f81b-4972-93bd-b2e3099b8af3@group-281E028D623B-LeaderElection62] INFO  server.RaftServerConfigKeys (ConfUtils.java:logGet(46)) - raft.server.write.element-limit = 1024 (custom)
2024-03-15 21:40:26,089 [afe0fdae-f81b-4972-93bd-b2e3099b8af3@group-281E028D623B-LeaderElection62] INFO  server.RaftServerConfigKeys (ConfUtils.java:logGet(46)) - raft.server.write.follower.gap.ratio.max = -1.0 (default)
2024-03-15 21:40:26,090 [afe0fdae-f81b-4972-93bd-b2e3099b8af3@group-281E028D623B-LeaderElection62] INFO  server.RaftServerConfigKeys (ConfUtils.java:logGet(46)) - raft.server.log.appender.snapshot.chunk.size.max = 16MB (=16777216) (default)
2024-03-15 21:40:26,090 [afe0fdae-f81b-4972-93bd-b2e3099b8af3@group-281E028D623B-LeaderElection62] INFO  server.RaftServerConfigKeys (ConfUtils.java:logGet(46)) - raft.server.log.appender.buffer.byte-limit = 8388608 (custom)
2024-03-15 21:40:26,090 [afe0fdae-f81b-4972-93bd-b2e3099b8af3@group-281E028D623B-LeaderElection62] INFO  server.RaftServerConfigKeys (ConfUtils.java:logGet(46)) - raft.server.log.appender.buffer.element-limit = 1 (custom)
2024-03-15 21:40:26,090 [afe0fdae-f81b-4972-93bd-b2e3099b8af3@group-281E028D623B-LeaderElection62] INFO  server.RaftServerConfigKeys (ConfUtils.java:logGet(46)) - raft.server.log.appender.wait-time.min = 0ms (custom)
2024-03-15 21:40:26,090 [afe0fdae-f81b-4972-93bd-b2e3099b8af3@group-281E028D623B-LeaderElection62] INFO  grpc.GrpcConfigKeys (ConfUtils.java:logGet(46)) - raft.grpc.server.leader.outstanding.appends.max = 8 (default)
2024-03-15 21:40:26,090 [afe0fdae-f81b-4972-93bd-b2e3099b8af3@group-281E028D623B-LeaderElection62] INFO  server.RaftServerConfigKeys (ConfUtils.java:logGet(46)) - raft.server.rpc.request.timeout = 3000ms (default)
2024-03-15 21:40:26,090 [afe0fdae-f81b-4972-93bd-b2e3099b8af3@group-281E028D623B-LeaderElection62] INFO  grpc.GrpcConfigKeys (ConfUtils.java:logGet(46)) - raft.grpc.server.install_snapshot.request.element-limit = 8 (default)
2024-03-15 21:40:26,090 [afe0fdae-f81b-4972-93bd-b2e3099b8af3@group-281E028D623B-LeaderElection62] INFO  grpc.GrpcConfigKeys (ConfUtils.java:logGet(46)) - raft.grpc.server.install_snapshot.request.timeout = 3000ms (default)
2024-03-15 21:40:26,090 [afe0fdae-f81b-4972-93bd-b2e3099b8af3@group-281E028D623B-LeaderElection62] INFO  grpc.GrpcConfigKeys (ConfUtils.java:logGet(46)) - raft.grpc.server.log-message.batch.duration = 5s (default)
2024-03-15 21:40:26,090 [afe0fdae-f81b-4972-93bd-b2e3099b8af3@group-281E028D623B-LeaderElection62] INFO  server.RaftServerConfigKeys (ConfUtils.java:logGet(46)) - raft.server.log.appender.install.snapshot.enabled = false (custom)
2024-03-15 21:40:26,090 [afe0fdae-f81b-4972-93bd-b2e3099b8af3@group-281E028D623B-LeaderElection62] INFO  grpc.GrpcConfigKeys (ConfUtils.java:logGet(46)) - raft.grpc.server.heartbeat.channel = true (default)
2024-03-15 21:40:26,091 [afe0fdae-f81b-4972-93bd-b2e3099b8af3@group-281E028D623B-LeaderElection62] INFO  server.RaftServerConfigKeys (ConfUtils.java:logGet(46)) - raft.server.log.appender.snapshot.chunk.size.max = 16MB (=16777216) (default)
2024-03-15 21:40:26,091 [afe0fdae-f81b-4972-93bd-b2e3099b8af3@group-281E028D623B-LeaderElection62] INFO  server.RaftServerConfigKeys (ConfUtils.java:logGet(46)) - raft.server.log.appender.buffer.byte-limit = 8388608 (custom)
2024-03-15 21:40:26,091 [afe0fdae-f81b-4972-93bd-b2e3099b8af3@group-281E028D623B-LeaderElection62] INFO  server.RaftServerConfigKeys (ConfUtils.java:logGet(46)) - raft.server.log.appender.buffer.element-limit = 1 (custom)
2024-03-15 21:40:26,091 [afe0fdae-f81b-4972-93bd-b2e3099b8af3@group-281E028D623B-LeaderElection62] INFO  server.RaftServerConfigKeys (ConfUtils.java:logGet(46)) - raft.server.log.appender.wait-time.min = 0ms (custom)
2024-03-15 21:40:26,091 [afe0fdae-f81b-4972-93bd-b2e3099b8af3@group-281E028D623B-LeaderElection62] INFO  grpc.GrpcConfigKeys (ConfUtils.java:logGet(46)) - raft.grpc.server.leader.outstanding.appends.max = 8 (default)
2024-03-15 21:40:26,091 [afe0fdae-f81b-4972-93bd-b2e3099b8af3@group-281E028D623B-LeaderElection62] INFO  server.RaftServerConfigKeys (ConfUtils.java:logGet(46)) - raft.server.rpc.request.timeout = 3000ms (default)
2024-03-15 21:40:26,091 [afe0fdae-f81b-4972-93bd-b2e3099b8af3@group-281E028D623B-LeaderElection62] INFO  grpc.GrpcConfigKeys (ConfUtils.java:logGet(46)) - raft.grpc.server.install_snapshot.request.element-limit = 8 (default)
2024-03-15 21:40:26,091 [afe0fdae-f81b-4972-93bd-b2e3099b8af3@group-281E028D623B-LeaderElection62] INFO  grpc.GrpcConfigKeys (ConfUtils.java:logGet(46)) - raft.grpc.server.install_snapshot.request.timeout = 3000ms (default)
2024-03-15 21:40:26,091 [afe0fdae-f81b-4972-93bd-b2e3099b8af3@group-281E028D623B-LeaderElection62] INFO  grpc.GrpcConfigKeys (ConfUtils.java:logGet(46)) - raft.grpc.server.log-message.batch.duration = 5s (default)
2024-03-15 21:40:26,091 [afe0fdae-f81b-4972-93bd-b2e3099b8af3@group-281E028D623B-LeaderElection62] INFO  server.RaftServerConfigKeys (ConfUtils.java:logGet(46)) - raft.server.log.appender.install.snapshot.enabled = false (custom)
2024-03-15 21:40:26,091 [afe0fdae-f81b-4972-93bd-b2e3099b8af3@group-281E028D623B-LeaderElection62] INFO  grpc.GrpcConfigKeys (ConfUtils.java:logGet(46)) - raft.grpc.server.heartbeat.channel = true (default)
2024-03-15 21:40:26,091 [afe0fdae-f81b-4972-93bd-b2e3099b8af3@group-281E028D623B-LeaderElection62] INFO  impl.RoleInfo (RoleInfo.java:updateAndGet(139)) - afe0fdae-f81b-4972-93bd-b2e3099b8af3: start afe0fdae-f81b-4972-93bd-b2e3099b8af3@group-281E028D623B-LeaderStateImpl
2024-03-15 21:40:26,091 [afe0fdae-f81b-4972-93bd-b2e3099b8af3@group-281E028D623B-LeaderElection62] INFO  server.RaftServer$Division (RaftServerImpl.java:setFirstElection(574)) - afe0fdae-f81b-4972-93bd-b2e3099b8af3@group-281E028D623B: set firstElectionSinceStartup to false for becomeLeader
2024-03-15 21:40:26,091 [afe0fdae-f81b-4972-93bd-b2e3099b8af3@group-281E028D623B-LeaderElection62] INFO  ratis.XceiverServerRatis (XceiverServerRatis.java:handleLeaderChangedNotification(966)) - Leader change notification received for group: group-281E028D623B with new leaderId: afe0fdae-f81b-4972-93bd-b2e3099b8af3
2024-03-15 21:40:26,091 [afe0fdae-f81b-4972-93bd-b2e3099b8af3@group-281E028D623B-LeaderElection62] INFO  server.RaftServer$Division (ServerState.java:setLeader(269)) - afe0fdae-f81b-4972-93bd-b2e3099b8af3@group-281E028D623B: change Leader from null to afe0fdae-f81b-4972-93bd-b2e3099b8af3 at term 1 for becomeLeader, leader elected after 5166ms
2024-03-15 21:40:26,092 [afe0fdae-f81b-4972-93bd-b2e3099b8af3@group-281E028D623B-LeaderElection62] INFO  segmented.SegmentedRaftLogWorker (SegmentedRaftLogWorker.java:startLogSegment(430)) - afe0fdae-f81b-4972-93bd-b2e3099b8af3@group-281E028D623B-SegmentedRaftLogWorker: Starting segment from index:0
2024-03-15 21:40:26,093 [e2c18930-f62b-4e67-9845-17087b23bc88@group-556F656E07CB-FollowerState] INFO  impl.FollowerState (FollowerState.java:run(143)) - e2c18930-f62b-4e67-9845-17087b23bc88@group-556F656E07CB-FollowerState: change to CANDIDATE, lastRpcElapsedTime:5123820255ns, electionTimeout:5123ms
2024-03-15 21:40:26,093 [afe0fdae-f81b-4972-93bd-b2e3099b8af3@group-281E028D623B-LeaderElection62] INFO  server.RaftServer$Division (ServerState.java:setRaftConf(386)) - afe0fdae-f81b-4972-93bd-b2e3099b8af3@group-281E028D623B: set configuration 0: peers:[3d634cb2-775f-4b5a-90b9-1e5452c00050|10.1.0.11:15370, e2c18930-f62b-4e67-9845-17087b23bc88|10.1.0.11:15379, afe0fdae-f81b-4972-93bd-b2e3099b8af3|10.1.0.11:15388]|listeners:[], old=null
2024-03-15 21:40:26,093 [3d634cb2-775f-4b5a-90b9-1e5452c00050@group-61B3573DC185-SegmentedRaftLogWorker] INFO  segmented.SegmentedRaftLogWorker (SegmentedRaftLogWorker.java:execute(634)) - 3d634cb2-775f-4b5a-90b9-1e5452c00050@group-61B3573DC185-SegmentedRaftLogWorker: created new log segment /home/runner/work/ozone/ozone/hadoop-ozone/integration-test/target/test-dir/MiniOzoneClusterImpl-9d1dee8c-d44a-4a38-8f2b-42c9fdbb6771/ozone-meta/datanode-1/ratis/e78bb5c3-3f21-41e9-84ec-61b3573dc185/current/log_inprogress_0
2024-03-15 21:40:26,093 [grpc-default-executor-3] INFO  server.RaftServer$Division (RaftServerImpl.java:requestVote(1422)) - e2c18930-f62b-4e67-9845-17087b23bc88@group-281E028D623B replies to ELECTION vote request: afe0fdae-f81b-4972-93bd-b2e3099b8af3<-e2c18930-f62b-4e67-9845-17087b23bc88#0:OK-t1. Peer's state: e2c18930-f62b-4e67-9845-17087b23bc88@group-281E028D623B:t1, leader=null, voted=afe0fdae-f81b-4972-93bd-b2e3099b8af3, raftlog=Memoized:e2c18930-f62b-4e67-9845-17087b23bc88@group-281E028D623B-SegmentedRaftLog:OPENED:c-1, conf=-1: peers:[3d634cb2-775f-4b5a-90b9-1e5452c00050|10.1.0.11:15370, e2c18930-f62b-4e67-9845-17087b23bc88|10.1.0.11:15379, afe0fdae-f81b-4972-93bd-b2e3099b8af3|10.1.0.11:15388]|listeners:[], old=null
2024-03-15 21:40:26,093 [e2c18930-f62b-4e67-9845-17087b23bc88@group-556F656E07CB-FollowerState] INFO  impl.RoleInfo (RoleInfo.java:shutdownFollowerState(110)) - e2c18930-f62b-4e67-9845-17087b23bc88: shutdown e2c18930-f62b-4e67-9845-17087b23bc88@group-556F656E07CB-FollowerState
2024-03-15 21:40:26,093 [e2c18930-f62b-4e67-9845-17087b23bc88@group-556F656E07CB-FollowerState] INFO  server.RaftServer$Division (RaftServerImpl.java:setRole(383)) - e2c18930-f62b-4e67-9845-17087b23bc88@group-556F656E07CB: changes role from  FOLLOWER to CANDIDATE at term 0 for changeToCandidate
2024-03-15 21:40:26,096 [EventQueue-PipelineReportForPipelineReportHandler] INFO  pipeline.PipelineReportHandler (PipelineReportHandler.java:processPipelineReport(136)) - Opened pipeline PipelineID=03ef82d2-8008-497f-9d12-281e028d623b
2024-03-15 21:40:26,096 [EventQueue-OpenPipelineForHealthyPipelineSafeModeRule] INFO  safemode.SCMSafeModeManager (HealthyPipelineSafeModeRule.java:process(140)) - SCM in safe mode. Healthy pipelines reported count is 1, required healthy pipeline reported count is 1
2024-03-15 21:40:26,096 [EventQueue-OpenPipelineForHealthyPipelineSafeModeRule] INFO  safemode.SCMSafeModeManager (SCMSafeModeManager.java:validateSafeModeExitRules(200)) - HealthyPipelineSafeModeRule rule is successfully validated
2024-03-15 21:40:26,096 [EventQueue-OpenPipelineForHealthyPipelineSafeModeRule] INFO  safemode.SCMSafeModeManager (SCMSafeModeManager.java:validateSafeModeExitRules(215)) - ScmSafeModeManager, all rules are successfully validated
2024-03-15 21:40:26,096 [EventQueue-OpenPipelineForHealthyPipelineSafeModeRule] INFO  safemode.SCMSafeModeManager (SCMSafeModeManager.java:exitSafeMode(244)) - SCM exiting safe mode.
2024-03-15 21:40:26,096 [EventQueue-OpenPipelineForHealthyPipelineSafeModeRule] INFO  ha.SCMContext (SCMContext.java:updateSafeModeStatus(225)) - Update SafeModeStatus from SafeModeStatus{safeModeStatus=true, preCheckPassed=true} to SafeModeStatus{safeModeStatus=false, preCheckPassed=true}.
2024-03-15 21:40:26,096 [EventQueue-OpenPipelineForHealthyPipelineSafeModeRule] INFO  pipeline.BackgroundPipelineCreator (BackgroundPipelineCreator.java:notifyStatusChanged(258)) - Service BackgroundPipelineCreator transitions to RUNNING.
2024-03-15 21:40:26,096 [EventQueue-OpenPipelineForHealthyPipelineSafeModeRule] INFO  BackgroundPipelineScrubber (BackgroundSCMService.java:notifyStatusChanged(79)) - Service BackgroundPipelineScrubber transitions to RUNNING.
2024-03-15 21:40:26,096 [EventQueue-OpenPipelineForHealthyPipelineSafeModeRule] INFO  ExpiredContainerReplicaOpScrubber (BackgroundSCMService.java:notifyStatusChanged(79)) - Service ExpiredContainerReplicaOpScrubber transitions to RUNNING.
2024-03-15 21:40:26,097 [EventQueue-OpenPipelineForHealthyPipelineSafeModeRule] INFO  block.SCMBlockDeletingService (SCMBlockDeletingService.java:notifyStatusChanged(247)) - notifyStatusChanged:RUNNING
2024-03-15 21:40:26,097 [EventQueue-OpenPipelineForHealthyPipelineSafeModeRule] INFO  replication.ReplicationManager (ReplicationManager.java:notifyStatusChanged(1403)) - Service ReplicationManager transitions to RUNNING.
2024-03-15 21:40:26,097 [afe0fdae-f81b-4972-93bd-b2e3099b8af3@group-281E028D623B-SegmentedRaftLogWorker] INFO  segmented.BufferedWriteChannel (BufferedWriteChannel.java:open(62)) - open log_inprogress_0 at position 0
2024-03-15 21:40:26,098 [e2c18930-f62b-4e67-9845-17087b23bc88-server-thread1] INFO  ratis.XceiverServerRatis (XceiverServerRatis.java:handleLeaderChangedNotification(966)) - Leader change notification received for group: group-281E028D623B with new leaderId: afe0fdae-f81b-4972-93bd-b2e3099b8af3
2024-03-15 21:40:26,098 [e2c18930-f62b-4e67-9845-17087b23bc88-server-thread1] INFO  server.RaftServer$Division (ServerState.java:setLeader(269)) - e2c18930-f62b-4e67-9845-17087b23bc88@group-281E028D623B: change Leader from null to afe0fdae-f81b-4972-93bd-b2e3099b8af3 at term 1 for appendEntries, leader elected after 5193ms
2024-03-15 21:40:26,101 [EventQueue-OpenPipelineForHealthyPipelineSafeModeRule] WARN  balancer.ContainerBalancer (ContainerBalancer.java:shouldRun(134)) - Could not find persisted configuration for ContainerBalancer when checking if ContainerBalancer should run. ContainerBalancer should not run now.
2024-03-15 21:40:26,102 [e2c18930-f62b-4e67-9845-17087b23bc88@group-556F656E07CB-FollowerState] INFO  server.RaftServerConfigKeys (ConfUtils.java:logGet(46)) - raft.server.leaderelection.pre-vote = true (default)
2024-03-15 21:40:26,102 [e2c18930-f62b-4e67-9845-17087b23bc88@group-556F656E07CB-FollowerState] INFO  impl.RoleInfo (RoleInfo.java:updateAndGet(139)) - e2c18930-f62b-4e67-9845-17087b23bc88: start e2c18930-f62b-4e67-9845-17087b23bc88@group-556F656E07CB-LeaderElection64
2024-03-15 21:40:26,104 [e2c18930-f62b-4e67-9845-17087b23bc88@group-556F656E07CB-LeaderElection64] INFO  impl.LeaderElection (LeaderElection.java:askForVotes(321)) - e2c18930-f62b-4e67-9845-17087b23bc88@group-556F656E07CB-LeaderElection64 PRE_VOTE round 0: submit vote requests at term 0 for -1: peers:[e2c18930-f62b-4e67-9845-17087b23bc88|10.1.0.11:15379]|listeners:[], old=null
2024-03-15 21:40:26,104 [3d634cb2-775f-4b5a-90b9-1e5452c00050@group-61B3573DC185-StateMachineUpdater] INFO  server.RaftServer$Division (LeaderStateImpl.java:isApplied(320)) - leader is ready since appliedIndex == 0 >= startIndex == 0
2024-03-15 21:40:26,104 [e2c18930-f62b-4e67-9845-17087b23bc88@group-556F656E07CB-LeaderElection64] INFO  impl.LeaderElection (LeaderElection.java:askForVotes(323)) - e2c18930-f62b-4e67-9845-17087b23bc88@group-556F656E07CB-LeaderElection64 PRE_VOTE round 0: result PASSED (term=0)
2024-03-15 21:40:26,104 [afe0fdae-f81b-4972-93bd-b2e3099b8af3@group-281E028D623B-SegmentedRaftLogWorker] INFO  segmented.SegmentedRaftLogWorker (SegmentedRaftLogWorker.java:execute(634)) - afe0fdae-f81b-4972-93bd-b2e3099b8af3@group-281E028D623B-SegmentedRaftLogWorker: created new log segment /home/runner/work/ozone/ozone/hadoop-ozone/integration-test/target/test-dir/MiniOzoneClusterImpl-9d1dee8c-d44a-4a38-8f2b-42c9fdbb6771/ozone-meta/datanode-3/ratis/03ef82d2-8008-497f-9d12-281e028d623b/current/log_inprogress_0
2024-03-15 21:40:26,105 [e2c18930-f62b-4e67-9845-17087b23bc88@group-556F656E07CB-LeaderElection64] INFO  impl.LeaderElection (LeaderElection.java:askForVotes(321)) - e2c18930-f62b-4e67-9845-17087b23bc88@group-556F656E07CB-LeaderElection64 ELECTION round 0: submit vote requests at term 1 for -1: peers:[e2c18930-f62b-4e67-9845-17087b23bc88|10.1.0.11:15379]|listeners:[], old=null
2024-03-15 21:40:26,105 [e2c18930-f62b-4e67-9845-17087b23bc88@group-556F656E07CB-LeaderElection64] INFO  impl.LeaderElection (LeaderElection.java:askForVotes(323)) - e2c18930-f62b-4e67-9845-17087b23bc88@group-556F656E07CB-LeaderElection64 ELECTION round 0: result PASSED (term=1)
2024-03-15 21:40:26,105 [e2c18930-f62b-4e67-9845-17087b23bc88@group-556F656E07CB-LeaderElection64] INFO  impl.RoleInfo (RoleInfo.java:shutdownLeaderElection(130)) - e2c18930-f62b-4e67-9845-17087b23bc88: shutdown e2c18930-f62b-4e67-9845-17087b23bc88@group-556F656E07CB-LeaderElection64
2024-03-15 21:40:26,105 [e2c18930-f62b-4e67-9845-17087b23bc88@group-556F656E07CB-LeaderElection64] INFO  server.RaftServer$Division (RaftServerImpl.java:setRole(383)) - e2c18930-f62b-4e67-9845-17087b23bc88@group-556F656E07CB: changes role from CANDIDATE to LEADER at term 1 for changeToLeader
2024-03-15 21:40:26,105 [e2c18930-f62b-4e67-9845-17087b23bc88@group-556F656E07CB-LeaderElection64] INFO  server.RaftServerConfigKeys (ConfUtils.java:logGet(46)) - raft.server.staging.catchup.gap = 1000 (default)
2024-03-15 21:40:26,105 [e2c18930-f62b-4e67-9845-17087b23bc88@group-556F656E07CB-LeaderElection64] INFO  server.RaftServerConfigKeys (ConfUtils.java:logGet(46)) - raft.server.write.element-limit = 1024 (custom)
2024-03-15 21:40:26,105 [e2c18930-f62b-4e67-9845-17087b23bc88@group-556F656E07CB-LeaderElection64] INFO  server.RaftServerConfigKeys (ConfUtils.java:logGet(46)) - raft.server.write.byte-limit = 1024 M (=1073741824) (custom)
2024-03-15 21:40:26,106 [e2c18930-f62b-4e67-9845-17087b23bc88@group-556F656E07CB-LeaderElection64] INFO  server.RaftServerConfigKeys (ConfUtils.java:logGet(46)) - raft.server.watch.timeout = 3000ms (custom)
2024-03-15 21:40:26,106 [e2c18930-f62b-4e67-9845-17087b23bc88@group-556F656E07CB-LeaderElection64] INFO  server.RaftServerConfigKeys (ConfUtils.java:logGet(46)) - raft.server.watch.timeout.denomination = 1s (default)
2024-03-15 21:40:26,106 [e2c18930-f62b-4e67-9845-17087b23bc88@group-556F656E07CB-LeaderElection64] INFO  server.RaftServerConfigKeys (ConfUtils.java:logGet(46)) - raft.server.watch.element-limit = 65536 (default)
2024-03-15 21:40:26,106 [e2c18930-f62b-4e67-9845-17087b23bc88@group-556F656E07CB-LeaderElection64] INFO  server.RaftServerConfigKeys (ConfUtils.java:logGet(46)) - raft.server.read.leader.lease.enabled = false (default)
2024-03-15 21:40:26,106 [e2c18930-f62b-4e67-9845-17087b23bc88@group-556F656E07CB-LeaderElection64] INFO  server.RaftServerConfigKeys (ConfUtils.java:logGet(46)) - raft.server.read.leader.lease.timeout.ratio = 0.9 (default)
2024-03-15 21:40:26,106 [e2c18930-f62b-4e67-9845-17087b23bc88@group-556F656E07CB-LeaderElection64] INFO  server.RaftServerConfigKeys (ConfUtils.java:logGet(46)) - raft.server.rpc.timeout.min = 5s (custom)
2024-03-15 21:40:26,106 [e2c18930-f62b-4e67-9845-17087b23bc88@group-556F656E07CB-LeaderElection64] INFO  server.RaftServerConfigKeys (ConfUtils.java:logGet(46)) - raft.server.write.element-limit = 1024 (custom)
2024-03-15 21:40:26,106 [e2c18930-f62b-4e67-9845-17087b23bc88@group-556F656E07CB-LeaderElection64] INFO  server.RaftServerConfigKeys (ConfUtils.java:logGet(46)) - raft.server.write.follower.gap.ratio.max = -1.0 (default)
2024-03-15 21:40:26,106 [e2c18930-f62b-4e67-9845-17087b23bc88@group-556F656E07CB-LeaderElection64] INFO  impl.RoleInfo (RoleInfo.java:updateAndGet(139)) - e2c18930-f62b-4e67-9845-17087b23bc88: start e2c18930-f62b-4e67-9845-17087b23bc88@group-556F656E07CB-LeaderStateImpl
2024-03-15 21:40:26,106 [e2c18930-f62b-4e67-9845-17087b23bc88@group-556F656E07CB-LeaderElection64] INFO  server.RaftServer$Division (RaftServerImpl.java:setFirstElection(574)) - e2c18930-f62b-4e67-9845-17087b23bc88@group-556F656E07CB: set firstElectionSinceStartup to false for becomeLeader
2024-03-15 21:40:26,106 [e2c18930-f62b-4e67-9845-17087b23bc88@group-556F656E07CB-LeaderElection64] INFO  ratis.XceiverServerRatis (XceiverServerRatis.java:handleLeaderChangedNotification(966)) - Leader change notification received for group: group-556F656E07CB with new leaderId: e2c18930-f62b-4e67-9845-17087b23bc88
2024-03-15 21:40:26,106 [e2c18930-f62b-4e67-9845-17087b23bc88@group-556F656E07CB-LeaderElection64] INFO  server.RaftServer$Division (ServerState.java:setLeader(269)) - e2c18930-f62b-4e67-9845-17087b23bc88@group-556F656E07CB: change Leader from null to e2c18930-f62b-4e67-9845-17087b23bc88 at term 1 for becomeLeader, leader elected after 5148ms
2024-03-15 21:40:26,106 [e2c18930-f62b-4e67-9845-17087b23bc88@group-556F656E07CB-LeaderElection64] INFO  segmented.SegmentedRaftLogWorker (SegmentedRaftLogWorker.java:startLogSegment(430)) - e2c18930-f62b-4e67-9845-17087b23bc88@group-556F656E07CB-SegmentedRaftLogWorker: Starting segment from index:0
2024-03-15 21:40:26,107 [e2c18930-f62b-4e67-9845-17087b23bc88@group-556F656E07CB-LeaderElection64] INFO  server.RaftServer$Division (ServerState.java:setRaftConf(386)) - e2c18930-f62b-4e67-9845-17087b23bc88@group-556F656E07CB: set configuration 0: peers:[e2c18930-f62b-4e67-9845-17087b23bc88|10.1.0.11:15379]|listeners:[], old=null
2024-03-15 21:40:26,108 [e2c18930-f62b-4e67-9845-17087b23bc88@group-556F656E07CB-SegmentedRaftLogWorker] INFO  segmented.BufferedWriteChannel (BufferedWriteChannel.java:open(62)) - open log_inprogress_0 at position 0
2024-03-15 21:40:26,112 [e2c18930-f62b-4e67-9845-17087b23bc88-server-thread2] INFO  server.RaftServer$Division (ServerState.java:setRaftConf(386)) - e2c18930-f62b-4e67-9845-17087b23bc88@group-281E028D623B: set configuration 0: peers:[3d634cb2-775f-4b5a-90b9-1e5452c00050|10.1.0.11:15370, e2c18930-f62b-4e67-9845-17087b23bc88|10.1.0.11:15379, afe0fdae-f81b-4972-93bd-b2e3099b8af3|10.1.0.11:15388]|listeners:[], old=null
2024-03-15 21:40:26,112 [e2c18930-f62b-4e67-9845-17087b23bc88-server-thread2] INFO  segmented.SegmentedRaftLogWorker (SegmentedRaftLogWorker.java:startLogSegment(430)) - e2c18930-f62b-4e67-9845-17087b23bc88@group-281E028D623B-SegmentedRaftLogWorker: Starting segment from index:0
2024-03-15 21:40:26,113 [e2c18930-f62b-4e67-9845-17087b23bc88@group-281E028D623B-SegmentedRaftLogWorker] INFO  segmented.BufferedWriteChannel (BufferedWriteChannel.java:open(62)) - open log_inprogress_0 at position 0
2024-03-15 21:40:26,115 [3d634cb2-775f-4b5a-90b9-1e5452c00050-server-thread1] INFO  ratis.XceiverServerRatis (XceiverServerRatis.java:handleLeaderChangedNotification(966)) - Leader change notification received for group: group-281E028D623B with new leaderId: afe0fdae-f81b-4972-93bd-b2e3099b8af3
2024-03-15 21:40:26,115 [3d634cb2-775f-4b5a-90b9-1e5452c00050-server-thread1] INFO  server.RaftServer$Division (ServerState.java:setLeader(269)) - 3d634cb2-775f-4b5a-90b9-1e5452c00050@group-281E028D623B: change Leader from null to afe0fdae-f81b-4972-93bd-b2e3099b8af3 at term 1 for appendEntries, leader elected after 5228ms
2024-03-15 21:40:26,115 [e2c18930-f62b-4e67-9845-17087b23bc88@group-556F656E07CB-SegmentedRaftLogWorker] INFO  segmented.SegmentedRaftLogWorker (SegmentedRaftLogWorker.java:execute(634)) - e2c18930-f62b-4e67-9845-17087b23bc88@group-556F656E07CB-SegmentedRaftLogWorker: created new log segment /home/runner/work/ozone/ozone/hadoop-ozone/integration-test/target/test-dir/MiniOzoneClusterImpl-9d1dee8c-d44a-4a38-8f2b-42c9fdbb6771/ozone-meta/datanode-2/ratis/e59e58f8-a6f0-4d87-9fe0-556f656e07cb/current/log_inprogress_0
2024-03-15 21:40:26,117 [3d634cb2-775f-4b5a-90b9-1e5452c00050-server-thread2] INFO  server.RaftServer$Division (ServerState.java:setRaftConf(386)) - 3d634cb2-775f-4b5a-90b9-1e5452c00050@group-281E028D623B: set configuration 0: peers:[3d634cb2-775f-4b5a-90b9-1e5452c00050|10.1.0.11:15370, e2c18930-f62b-4e67-9845-17087b23bc88|10.1.0.11:15379, afe0fdae-f81b-4972-93bd-b2e3099b8af3|10.1.0.11:15388]|listeners:[], old=null
2024-03-15 21:40:26,118 [3d634cb2-775f-4b5a-90b9-1e5452c00050-server-thread2] INFO  segmented.SegmentedRaftLogWorker (SegmentedRaftLogWorker.java:startLogSegment(430)) - 3d634cb2-775f-4b5a-90b9-1e5452c00050@group-281E028D623B-SegmentedRaftLogWorker: Starting segment from index:0
2024-03-15 21:40:26,118 [3d634cb2-775f-4b5a-90b9-1e5452c00050@group-281E028D623B-SegmentedRaftLogWorker] INFO  segmented.BufferedWriteChannel (BufferedWriteChannel.java:open(62)) - open log_inprogress_0 at position 0
2024-03-15 21:40:26,122 [e2c18930-f62b-4e67-9845-17087b23bc88@group-556F656E07CB-StateMachineUpdater] INFO  server.RaftServer$Division (LeaderStateImpl.java:isApplied(320)) - leader is ready since appliedIndex == 0 >= startIndex == 0
2024-03-15 21:40:26,122 [e2c18930-f62b-4e67-9845-17087b23bc88@group-281E028D623B-SegmentedRaftLogWorker] INFO  segmented.SegmentedRaftLogWorker (SegmentedRaftLogWorker.java:execute(634)) - e2c18930-f62b-4e67-9845-17087b23bc88@group-281E028D623B-SegmentedRaftLogWorker: created new log segment /home/runner/work/ozone/ozone/hadoop-ozone/integration-test/target/test-dir/MiniOzoneClusterImpl-9d1dee8c-d44a-4a38-8f2b-42c9fdbb6771/ozone-meta/datanode-2/ratis/03ef82d2-8008-497f-9d12-281e028d623b/current/log_inprogress_0
2024-03-15 21:40:26,126 [afe0fdae-f81b-4972-93bd-b2e3099b8af3@group-281E028D623B-StateMachineUpdater] INFO  server.RaftServer$Division (LeaderStateImpl.java:isApplied(320)) - leader is ready since appliedIndex == 0 >= startIndex == 0
2024-03-15 21:40:26,127 [3d634cb2-775f-4b5a-90b9-1e5452c00050@group-281E028D623B-SegmentedRaftLogWorker] INFO  segmented.SegmentedRaftLogWorker (SegmentedRaftLogWorker.java:execute(634)) - 3d634cb2-775f-4b5a-90b9-1e5452c00050@group-281E028D623B-SegmentedRaftLogWorker: created new log segment /home/runner/work/ozone/ozone/hadoop-ozone/integration-test/target/test-dir/MiniOzoneClusterImpl-9d1dee8c-d44a-4a38-8f2b-42c9fdbb6771/ozone-meta/datanode-1/ratis/03ef82d2-8008-497f-9d12-281e028d623b/current/log_inprogress_0
2024-03-15 21:40:26,170 [afe0fdae-f81b-4972-93bd-b2e3099b8af3@group-9ED0681F8904-FollowerState] INFO  impl.FollowerState (FollowerState.java:run(143)) - afe0fdae-f81b-4972-93bd-b2e3099b8af3@group-9ED0681F8904-FollowerState: change to CANDIDATE, lastRpcElapsedTime:5111336656ns, electionTimeout:5111ms
2024-03-15 21:40:26,170 [afe0fdae-f81b-4972-93bd-b2e3099b8af3@group-9ED0681F8904-FollowerState] INFO  impl.RoleInfo (RoleInfo.java:shutdownFollowerState(110)) - afe0fdae-f81b-4972-93bd-b2e3099b8af3: shutdown afe0fdae-f81b-4972-93bd-b2e3099b8af3@group-9ED0681F8904-FollowerState
2024-03-15 21:40:26,170 [afe0fdae-f81b-4972-93bd-b2e3099b8af3@group-9ED0681F8904-FollowerState] INFO  server.RaftServer$Division (RaftServerImpl.java:setRole(383)) - afe0fdae-f81b-4972-93bd-b2e3099b8af3@group-9ED0681F8904: changes role from  FOLLOWER to CANDIDATE at term 0 for changeToCandidate
2024-03-15 21:40:26,170 [afe0fdae-f81b-4972-93bd-b2e3099b8af3@group-9ED0681F8904-FollowerState] INFO  server.RaftServerConfigKeys (ConfUtils.java:logGet(46)) - raft.server.leaderelection.pre-vote = true (default)
2024-03-15 21:40:26,170 [afe0fdae-f81b-4972-93bd-b2e3099b8af3@group-9ED0681F8904-FollowerState] INFO  impl.RoleInfo (RoleInfo.java:updateAndGet(139)) - afe0fdae-f81b-4972-93bd-b2e3099b8af3: start afe0fdae-f81b-4972-93bd-b2e3099b8af3@group-9ED0681F8904-LeaderElection65
2024-03-15 21:40:26,171 [afe0fdae-f81b-4972-93bd-b2e3099b8af3@group-9ED0681F8904-LeaderElection65] INFO  impl.LeaderElection (LeaderElection.java:askForVotes(321)) - afe0fdae-f81b-4972-93bd-b2e3099b8af3@group-9ED0681F8904-LeaderElection65 PRE_VOTE round 0: submit vote requests at term 0 for -1: peers:[afe0fdae-f81b-4972-93bd-b2e3099b8af3|10.1.0.11:15388]|listeners:[], old=null
2024-03-15 21:40:26,172 [afe0fdae-f81b-4972-93bd-b2e3099b8af3@group-9ED0681F8904-LeaderElection65] INFO  impl.LeaderElection (LeaderElection.java:askForVotes(323)) - afe0fdae-f81b-4972-93bd-b2e3099b8af3@group-9ED0681F8904-LeaderElection65 PRE_VOTE round 0: result PASSED (term=0)
2024-03-15 21:40:26,173 [afe0fdae-f81b-4972-93bd-b2e3099b8af3@group-9ED0681F8904-LeaderElection65] INFO  impl.LeaderElection (LeaderElection.java:askForVotes(321)) - afe0fdae-f81b-4972-93bd-b2e3099b8af3@group-9ED0681F8904-LeaderElection65 ELECTION round 0: submit vote requests at term 1 for -1: peers:[afe0fdae-f81b-4972-93bd-b2e3099b8af3|10.1.0.11:15388]|listeners:[], old=null
2024-03-15 21:40:26,173 [afe0fdae-f81b-4972-93bd-b2e3099b8af3@group-9ED0681F8904-LeaderElection65] INFO  impl.LeaderElection (LeaderElection.java:askForVotes(323)) - afe0fdae-f81b-4972-93bd-b2e3099b8af3@group-9ED0681F8904-LeaderElection65 ELECTION round 0: result PASSED (term=1)
2024-03-15 21:40:26,173 [afe0fdae-f81b-4972-93bd-b2e3099b8af3@group-9ED0681F8904-LeaderElection65] INFO  impl.RoleInfo (RoleInfo.java:shutdownLeaderElection(130)) - afe0fdae-f81b-4972-93bd-b2e3099b8af3: shutdown afe0fdae-f81b-4972-93bd-b2e3099b8af3@group-9ED0681F8904-LeaderElection65
2024-03-15 21:40:26,173 [afe0fdae-f81b-4972-93bd-b2e3099b8af3@group-9ED0681F8904-LeaderElection65] INFO  server.RaftServer$Division (RaftServerImpl.java:setRole(383)) - afe0fdae-f81b-4972-93bd-b2e3099b8af3@group-9ED0681F8904: changes role from CANDIDATE to LEADER at term 1 for changeToLeader
2024-03-15 21:40:26,173 [afe0fdae-f81b-4972-93bd-b2e3099b8af3@group-9ED0681F8904-LeaderElection65] INFO  server.RaftServerConfigKeys (ConfUtils.java:logGet(46)) - raft.server.staging.catchup.gap = 1000 (default)
2024-03-15 21:40:26,173 [afe0fdae-f81b-4972-93bd-b2e3099b8af3@group-9ED0681F8904-LeaderElection65] INFO  server.RaftServerConfigKeys (ConfUtils.java:logGet(46)) - raft.server.write.element-limit = 1024 (custom)
2024-03-15 21:40:26,173 [afe0fdae-f81b-4972-93bd-b2e3099b8af3@group-9ED0681F8904-LeaderElection65] INFO  server.RaftServerConfigKeys (ConfUtils.java:logGet(46)) - raft.server.write.byte-limit = 1024 M (=1073741824) (custom)
2024-03-15 21:40:26,173 [afe0fdae-f81b-4972-93bd-b2e3099b8af3@group-9ED0681F8904-LeaderElection65] INFO  server.RaftServerConfigKeys (ConfUtils.java:logGet(46)) - raft.server.watch.timeout = 3000ms (custom)
2024-03-15 21:40:26,173 [afe0fdae-f81b-4972-93bd-b2e3099b8af3@group-9ED0681F8904-LeaderElection65] INFO  server.RaftServerConfigKeys (ConfUtils.java:logGet(46)) - raft.server.watch.timeout.denomination = 1s (default)
2024-03-15 21:40:26,173 [afe0fdae-f81b-4972-93bd-b2e3099b8af3@group-9ED0681F8904-LeaderElection65] INFO  server.RaftServerConfigKeys (ConfUtils.java:logGet(46)) - raft.server.watch.element-limit = 65536 (default)
2024-03-15 21:40:26,173 [afe0fdae-f81b-4972-93bd-b2e3099b8af3@group-9ED0681F8904-LeaderElection65] INFO  server.RaftServerConfigKeys (ConfUtils.java:logGet(46)) - raft.server.read.leader.lease.enabled = false (default)
2024-03-15 21:40:26,173 [afe0fdae-f81b-4972-93bd-b2e3099b8af3@group-9ED0681F8904-LeaderElection65] INFO  server.RaftServerConfigKeys (ConfUtils.java:logGet(46)) - raft.server.read.leader.lease.timeout.ratio = 0.9 (default)
2024-03-15 21:40:26,173 [afe0fdae-f81b-4972-93bd-b2e3099b8af3@group-9ED0681F8904-LeaderElection65] INFO  server.RaftServerConfigKeys (ConfUtils.java:logGet(46)) - raft.server.rpc.timeout.min = 5s (custom)
2024-03-15 21:40:26,173 [afe0fdae-f81b-4972-93bd-b2e3099b8af3@group-9ED0681F8904-LeaderElection65] INFO  server.RaftServerConfigKeys (ConfUtils.java:logGet(46)) - raft.server.write.element-limit = 1024 (custom)
2024-03-15 21:40:26,173 [afe0fdae-f81b-4972-93bd-b2e3099b8af3@group-9ED0681F8904-LeaderElection65] INFO  server.RaftServerConfigKeys (ConfUtils.java:logGet(46)) - raft.server.write.follower.gap.ratio.max = -1.0 (default)
2024-03-15 21:40:26,173 [afe0fdae-f81b-4972-93bd-b2e3099b8af3@group-9ED0681F8904-LeaderElection65] INFO  impl.RoleInfo (RoleInfo.java:updateAndGet(139)) - afe0fdae-f81b-4972-93bd-b2e3099b8af3: start afe0fdae-f81b-4972-93bd-b2e3099b8af3@group-9ED0681F8904-LeaderStateImpl
2024-03-15 21:40:26,173 [afe0fdae-f81b-4972-93bd-b2e3099b8af3@group-9ED0681F8904-LeaderElection65] INFO  server.RaftServer$Division (RaftServerImpl.java:setFirstElection(574)) - afe0fdae-f81b-4972-93bd-b2e3099b8af3@group-9ED0681F8904: set firstElectionSinceStartup to false for becomeLeader
2024-03-15 21:40:26,173 [afe0fdae-f81b-4972-93bd-b2e3099b8af3@group-9ED0681F8904-LeaderElection65] INFO  ratis.XceiverServerRatis (XceiverServerRatis.java:handleLeaderChangedNotification(966)) - Leader change notification received for group: group-9ED0681F8904 with new leaderId: afe0fdae-f81b-4972-93bd-b2e3099b8af3
2024-03-15 21:40:26,174 [afe0fdae-f81b-4972-93bd-b2e3099b8af3@group-9ED0681F8904-LeaderElection65] INFO  server.RaftServer$Division (ServerState.java:setLeader(269)) - afe0fdae-f81b-4972-93bd-b2e3099b8af3@group-9ED0681F8904: change Leader from null to afe0fdae-f81b-4972-93bd-b2e3099b8af3 at term 1 for becomeLeader, leader elected after 5123ms
2024-03-15 21:40:26,174 [afe0fdae-f81b-4972-93bd-b2e3099b8af3@group-9ED0681F8904-LeaderElection65] INFO  segmented.SegmentedRaftLogWorker (SegmentedRaftLogWorker.java:startLogSegment(430)) - afe0fdae-f81b-4972-93bd-b2e3099b8af3@group-9ED0681F8904-SegmentedRaftLogWorker: Starting segment from index:0
2024-03-15 21:40:26,175 [afe0fdae-f81b-4972-93bd-b2e3099b8af3@group-9ED0681F8904-LeaderElection65] INFO  server.RaftServer$Division (ServerState.java:setRaftConf(386)) - afe0fdae-f81b-4972-93bd-b2e3099b8af3@group-9ED0681F8904: set configuration 0: peers:[afe0fdae-f81b-4972-93bd-b2e3099b8af3|10.1.0.11:15388]|listeners:[], old=null
2024-03-15 21:40:26,175 [afe0fdae-f81b-4972-93bd-b2e3099b8af3@group-9ED0681F8904-SegmentedRaftLogWorker] INFO  segmented.BufferedWriteChannel (BufferedWriteChannel.java:open(62)) - open log_inprogress_0 at position 0
2024-03-15 21:40:26,184 [afe0fdae-f81b-4972-93bd-b2e3099b8af3@group-9ED0681F8904-SegmentedRaftLogWorker] INFO  segmented.SegmentedRaftLogWorker (SegmentedRaftLogWorker.java:execute(634)) - afe0fdae-f81b-4972-93bd-b2e3099b8af3@group-9ED0681F8904-SegmentedRaftLogWorker: created new log segment /home/runner/work/ozone/ozone/hadoop-ozone/integration-test/target/test-dir/MiniOzoneClusterImpl-9d1dee8c-d44a-4a38-8f2b-42c9fdbb6771/ozone-meta/datanode-3/ratis/30654122-102c-450f-9c97-9ed0681f8904/current/log_inprogress_0
2024-03-15 21:40:26,185 [afe0fdae-f81b-4972-93bd-b2e3099b8af3@group-9ED0681F8904-StateMachineUpdater] INFO  server.RaftServer$Division (LeaderStateImpl.java:isApplied(320)) - leader is ready since appliedIndex == 0 >= startIndex == 0
2024-03-15 21:40:26,201 [c275007a-4e3d-4cf4-8bcd-9935f71fc838@group-48BCF4B4440D-FollowerState] INFO  impl.FollowerState (FollowerState.java:run(143)) - c275007a-4e3d-4cf4-8bcd-9935f71fc838@group-48BCF4B4440D-FollowerState: change to CANDIDATE, lastRpcElapsedTime:5020429991ns, electionTimeout:5020ms
2024-03-15 21:40:26,201 [c275007a-4e3d-4cf4-8bcd-9935f71fc838@group-48BCF4B4440D-FollowerState] INFO  impl.RoleInfo (RoleInfo.java:shutdownFollowerState(110)) - c275007a-4e3d-4cf4-8bcd-9935f71fc838: shutdown c275007a-4e3d-4cf4-8bcd-9935f71fc838@group-48BCF4B4440D-FollowerState
2024-03-15 21:40:26,201 [c275007a-4e3d-4cf4-8bcd-9935f71fc838@group-48BCF4B4440D-FollowerState] INFO  server.RaftServer$Division (RaftServerImpl.java:setRole(383)) - c275007a-4e3d-4cf4-8bcd-9935f71fc838@group-48BCF4B4440D: changes role from  FOLLOWER to CANDIDATE at term 0 for changeToCandidate
2024-03-15 21:40:26,201 [c275007a-4e3d-4cf4-8bcd-9935f71fc838@group-48BCF4B4440D-FollowerState] INFO  server.RaftServerConfigKeys (ConfUtils.java:logGet(46)) - raft.server.leaderelection.pre-vote = true (default)
2024-03-15 21:40:26,201 [c275007a-4e3d-4cf4-8bcd-9935f71fc838@group-48BCF4B4440D-FollowerState] INFO  impl.RoleInfo (RoleInfo.java:updateAndGet(139)) - c275007a-4e3d-4cf4-8bcd-9935f71fc838: start c275007a-4e3d-4cf4-8bcd-9935f71fc838@group-48BCF4B4440D-LeaderElection66
2024-03-15 21:40:26,202 [c275007a-4e3d-4cf4-8bcd-9935f71fc838@group-48BCF4B4440D-LeaderElection66] INFO  impl.LeaderElection (LeaderElection.java:askForVotes(321)) - c275007a-4e3d-4cf4-8bcd-9935f71fc838@group-48BCF4B4440D-LeaderElection66 PRE_VOTE round 0: submit vote requests at term 0 for -1: peers:[c275007a-4e3d-4cf4-8bcd-9935f71fc838|10.1.0.11:15406, d5082477-7a9c-4c69-9d34-13fd3fa2989c|10.1.0.11:15397, 3dfa3a40-7be8-4b27-818e-b4bcb1f9d011|10.1.0.11:15415]|listeners:[], old=null
2024-03-15 21:40:26,203 [c275007a-4e3d-4cf4-8bcd-9935f71fc838@group-48BCF4B4440D-LeaderElection66-1] INFO  server.GrpcServerProtocolClient (GrpcServerProtocolClient.java:<init>(65)) - Build channel for d5082477-7a9c-4c69-9d34-13fd3fa2989c|10.1.0.11:15397
2024-03-15 21:40:26,203 [c275007a-4e3d-4cf4-8bcd-9935f71fc838@group-48BCF4B4440D-LeaderElection66] INFO  server.RaftServerConfigKeys (ConfUtils.java:logFallback(53)) - raft.server.rpc.first-election.timeout.min = 5s (fallback to raft.server.rpc.timeout.min)
2024-03-15 21:40:26,203 [c275007a-4e3d-4cf4-8bcd-9935f71fc838@group-48BCF4B4440D-LeaderElection66-2] INFO  server.GrpcServerProtocolClient (GrpcServerProtocolClient.java:<init>(65)) - Build channel for 3dfa3a40-7be8-4b27-818e-b4bcb1f9d011|10.1.0.11:15415
2024-03-15 21:40:26,203 [c275007a-4e3d-4cf4-8bcd-9935f71fc838@group-48BCF4B4440D-LeaderElection66] INFO  server.RaftServerConfigKeys (ConfUtils.java:logFallback(53)) - raft.server.rpc.first-election.timeout.max = 5200ms (fallback to raft.server.rpc.timeout.max)
2024-03-15 21:40:26,207 [grpc-default-executor-3] INFO  server.RaftServer$Division (RaftServerImpl.java:requestVote(1389)) - d5082477-7a9c-4c69-9d34-13fd3fa2989c@group-48BCF4B4440D: receive requestVote(PRE_VOTE, c275007a-4e3d-4cf4-8bcd-9935f71fc838, group-48BCF4B4440D, 0, (t:0, i:0))
2024-03-15 21:40:26,207 [grpc-default-executor-3] INFO  impl.VoteContext (VoteContext.java:log(49)) - d5082477-7a9c-4c69-9d34-13fd3fa2989c@group-48BCF4B4440D-FOLLOWER: accept PRE_VOTE from c275007a-4e3d-4cf4-8bcd-9935f71fc838: our priority 0 <= candidate's priority 1
2024-03-15 21:40:26,207 [grpc-default-executor-5] INFO  server.RaftServer$Division (RaftServerImpl.java:requestVote(1389)) - 3dfa3a40-7be8-4b27-818e-b4bcb1f9d011@group-48BCF4B4440D: receive requestVote(PRE_VOTE, c275007a-4e3d-4cf4-8bcd-9935f71fc838, group-48BCF4B4440D, 0, (t:0, i:0))
2024-03-15 21:40:26,207 [grpc-default-executor-3] INFO  server.RaftServer$Division (RaftServerImpl.java:requestVote(1422)) - d5082477-7a9c-4c69-9d34-13fd3fa2989c@group-48BCF4B4440D replies to PRE_VOTE vote request: c275007a-4e3d-4cf4-8bcd-9935f71fc838<-d5082477-7a9c-4c69-9d34-13fd3fa2989c#0:OK-t0. Peer's state: d5082477-7a9c-4c69-9d34-13fd3fa2989c@group-48BCF4B4440D:t0, leader=null, voted=, raftlog=Memoized:d5082477-7a9c-4c69-9d34-13fd3fa2989c@group-48BCF4B4440D-SegmentedRaftLog:OPENED:c-1, conf=-1: peers:[c275007a-4e3d-4cf4-8bcd-9935f71fc838|10.1.0.11:15406, d5082477-7a9c-4c69-9d34-13fd3fa2989c|10.1.0.11:15397, 3dfa3a40-7be8-4b27-818e-b4bcb1f9d011|10.1.0.11:15415]|listeners:[], old=null
2024-03-15 21:40:26,207 [grpc-default-executor-5] INFO  impl.VoteContext (VoteContext.java:log(49)) - 3dfa3a40-7be8-4b27-818e-b4bcb1f9d011@group-48BCF4B4440D-FOLLOWER: accept PRE_VOTE from c275007a-4e3d-4cf4-8bcd-9935f71fc838: our priority 0 <= candidate's priority 1
2024-03-15 21:40:26,207 [grpc-default-executor-5] INFO  server.RaftServer$Division (RaftServerImpl.java:requestVote(1422)) - 3dfa3a40-7be8-4b27-818e-b4bcb1f9d011@group-48BCF4B4440D replies to PRE_VOTE vote request: c275007a-4e3d-4cf4-8bcd-9935f71fc838<-3dfa3a40-7be8-4b27-818e-b4bcb1f9d011#0:OK-t0. Peer's state: 3dfa3a40-7be8-4b27-818e-b4bcb1f9d011@group-48BCF4B4440D:t0, leader=null, voted=, raftlog=Memoized:3dfa3a40-7be8-4b27-818e-b4bcb1f9d011@group-48BCF4B4440D-SegmentedRaftLog:OPENED:c-1, conf=-1: peers:[c275007a-4e3d-4cf4-8bcd-9935f71fc838|10.1.0.11:15406, d5082477-7a9c-4c69-9d34-13fd3fa2989c|10.1.0.11:15397, 3dfa3a40-7be8-4b27-818e-b4bcb1f9d011|10.1.0.11:15415]|listeners:[], old=null
2024-03-15 21:40:26,208 [c275007a-4e3d-4cf4-8bcd-9935f71fc838@group-48BCF4B4440D-LeaderElection66] INFO  impl.LeaderElection (LeaderElection.java:logAndReturn(89)) - c275007a-4e3d-4cf4-8bcd-9935f71fc838@group-48BCF4B4440D-LeaderElection66: PRE_VOTE PASSED received 1 response(s) and 0 exception(s):
2024-03-15 21:40:26,208 [c275007a-4e3d-4cf4-8bcd-9935f71fc838@group-48BCF4B4440D-LeaderElection66] INFO  impl.LeaderElection (LeaderElection.java:logAndReturn(93)) -   Response 0: c275007a-4e3d-4cf4-8bcd-9935f71fc838<-3dfa3a40-7be8-4b27-818e-b4bcb1f9d011#0:OK-t0
2024-03-15 21:40:26,208 [c275007a-4e3d-4cf4-8bcd-9935f71fc838@group-48BCF4B4440D-LeaderElection66] INFO  impl.LeaderElection (LeaderElection.java:askForVotes(323)) - c275007a-4e3d-4cf4-8bcd-9935f71fc838@group-48BCF4B4440D-LeaderElection66 PRE_VOTE round 0: result PASSED
2024-03-15 21:40:26,209 [c275007a-4e3d-4cf4-8bcd-9935f71fc838@group-48BCF4B4440D-LeaderElection66] INFO  impl.LeaderElection (LeaderElection.java:askForVotes(321)) - c275007a-4e3d-4cf4-8bcd-9935f71fc838@group-48BCF4B4440D-LeaderElection66 ELECTION round 0: submit vote requests at term 1 for -1: peers:[c275007a-4e3d-4cf4-8bcd-9935f71fc838|10.1.0.11:15406, d5082477-7a9c-4c69-9d34-13fd3fa2989c|10.1.0.11:15397, 3dfa3a40-7be8-4b27-818e-b4bcb1f9d011|10.1.0.11:15415]|listeners:[], old=null
2024-03-15 21:40:26,209 [c275007a-4e3d-4cf4-8bcd-9935f71fc838@group-48BCF4B4440D-LeaderElection66] INFO  server.RaftServerConfigKeys (ConfUtils.java:logFallback(53)) - raft.server.rpc.first-election.timeout.min = 5s (fallback to raft.server.rpc.timeout.min)
2024-03-15 21:40:26,209 [c275007a-4e3d-4cf4-8bcd-9935f71fc838@group-48BCF4B4440D-LeaderElection66] INFO  server.RaftServerConfigKeys (ConfUtils.java:logFallback(53)) - raft.server.rpc.first-election.timeout.max = 5200ms (fallback to raft.server.rpc.timeout.max)
2024-03-15 21:40:26,209 [grpc-default-executor-3] INFO  server.RaftServer$Division (RaftServerImpl.java:requestVote(1389)) - d5082477-7a9c-4c69-9d34-13fd3fa2989c@group-48BCF4B4440D: receive requestVote(ELECTION, c275007a-4e3d-4cf4-8bcd-9935f71fc838, group-48BCF4B4440D, 1, (t:0, i:0))
2024-03-15 21:40:26,209 [grpc-default-executor-3] INFO  impl.VoteContext (VoteContext.java:log(49)) - d5082477-7a9c-4c69-9d34-13fd3fa2989c@group-48BCF4B4440D-FOLLOWER: accept ELECTION from c275007a-4e3d-4cf4-8bcd-9935f71fc838: our priority 0 <= candidate's priority 1
2024-03-15 21:40:26,210 [grpc-default-executor-3] INFO  server.RaftServer$Division (RaftServerImpl.java:setRole(383)) - d5082477-7a9c-4c69-9d34-13fd3fa2989c@group-48BCF4B4440D: changes role from  FOLLOWER to FOLLOWER at term 1 for candidate:c275007a-4e3d-4cf4-8bcd-9935f71fc838
2024-03-15 21:40:26,210 [grpc-default-executor-3] INFO  impl.RoleInfo (RoleInfo.java:shutdownFollowerState(110)) - d5082477-7a9c-4c69-9d34-13fd3fa2989c: shutdown d5082477-7a9c-4c69-9d34-13fd3fa2989c@group-48BCF4B4440D-FollowerState
2024-03-15 21:40:26,210 [grpc-default-executor-3] INFO  impl.RoleInfo (RoleInfo.java:updateAndGet(139)) - d5082477-7a9c-4c69-9d34-13fd3fa2989c: start d5082477-7a9c-4c69-9d34-13fd3fa2989c@group-48BCF4B4440D-FollowerState
2024-03-15 21:40:26,210 [d5082477-7a9c-4c69-9d34-13fd3fa2989c@group-48BCF4B4440D-FollowerState] INFO  impl.FollowerState (FollowerState.java:run(152)) - d5082477-7a9c-4c69-9d34-13fd3fa2989c@group-48BCF4B4440D-FollowerState was interrupted
2024-03-15 21:40:26,210 [grpc-default-executor-5] INFO  server.RaftServer$Division (RaftServerImpl.java:requestVote(1389)) - 3dfa3a40-7be8-4b27-818e-b4bcb1f9d011@group-48BCF4B4440D: receive requestVote(ELECTION, c275007a-4e3d-4cf4-8bcd-9935f71fc838, group-48BCF4B4440D, 1, (t:0, i:0))
2024-03-15 21:40:26,210 [grpc-default-executor-5] INFO  impl.VoteContext (VoteContext.java:log(49)) - 3dfa3a40-7be8-4b27-818e-b4bcb1f9d011@group-48BCF4B4440D-FOLLOWER: accept ELECTION from c275007a-4e3d-4cf4-8bcd-9935f71fc838: our priority 0 <= candidate's priority 1
2024-03-15 21:40:26,210 [grpc-default-executor-5] INFO  server.RaftServer$Division (RaftServerImpl.java:setRole(383)) - 3dfa3a40-7be8-4b27-818e-b4bcb1f9d011@group-48BCF4B4440D: changes role from  FOLLOWER to FOLLOWER at term 1 for candidate:c275007a-4e3d-4cf4-8bcd-9935f71fc838
2024-03-15 21:40:26,210 [grpc-default-executor-5] INFO  impl.RoleInfo (RoleInfo.java:shutdownFollowerState(110)) - 3dfa3a40-7be8-4b27-818e-b4bcb1f9d011: shutdown 3dfa3a40-7be8-4b27-818e-b4bcb1f9d011@group-48BCF4B4440D-FollowerState
2024-03-15 21:40:26,210 [grpc-default-executor-3] INFO  server.RaftServer$Division (RaftServerImpl.java:setFirstElection(574)) - d5082477-7a9c-4c69-9d34-13fd3fa2989c@group-48BCF4B4440D: set firstElectionSinceStartup to false for candidate:c275007a-4e3d-4cf4-8bcd-9935f71fc838
2024-03-15 21:40:26,210 [grpc-default-executor-5] INFO  impl.RoleInfo (RoleInfo.java:updateAndGet(139)) - 3dfa3a40-7be8-4b27-818e-b4bcb1f9d011: start 3dfa3a40-7be8-4b27-818e-b4bcb1f9d011@group-48BCF4B4440D-FollowerState
2024-03-15 21:40:26,211 [3dfa3a40-7be8-4b27-818e-b4bcb1f9d011@group-48BCF4B4440D-FollowerState] INFO  impl.FollowerState (FollowerState.java:run(152)) - 3dfa3a40-7be8-4b27-818e-b4bcb1f9d011@group-48BCF4B4440D-FollowerState was interrupted
2024-03-15 21:40:26,211 [grpc-default-executor-5] INFO  server.RaftServer$Division (RaftServerImpl.java:setFirstElection(574)) - 3dfa3a40-7be8-4b27-818e-b4bcb1f9d011@group-48BCF4B4440D: set firstElectionSinceStartup to false for candidate:c275007a-4e3d-4cf4-8bcd-9935f71fc838
2024-03-15 21:40:26,212 [grpc-default-executor-3] INFO  server.RaftServer$Division (RaftServerImpl.java:requestVote(1422)) - d5082477-7a9c-4c69-9d34-13fd3fa2989c@group-48BCF4B4440D replies to ELECTION vote request: c275007a-4e3d-4cf4-8bcd-9935f71fc838<-d5082477-7a9c-4c69-9d34-13fd3fa2989c#0:OK-t1. Peer's state: d5082477-7a9c-4c69-9d34-13fd3fa2989c@group-48BCF4B4440D:t1, leader=null, voted=c275007a-4e3d-4cf4-8bcd-9935f71fc838, raftlog=Memoized:d5082477-7a9c-4c69-9d34-13fd3fa2989c@group-48BCF4B4440D-SegmentedRaftLog:OPENED:c-1, conf=-1: peers:[c275007a-4e3d-4cf4-8bcd-9935f71fc838|10.1.0.11:15406, d5082477-7a9c-4c69-9d34-13fd3fa2989c|10.1.0.11:15397, 3dfa3a40-7be8-4b27-818e-b4bcb1f9d011|10.1.0.11:15415]|listeners:[], old=null
2024-03-15 21:40:26,212 [c275007a-4e3d-4cf4-8bcd-9935f71fc838@group-48BCF4B4440D-LeaderElection66] INFO  impl.LeaderElection (LeaderElection.java:logAndReturn(89)) - c275007a-4e3d-4cf4-8bcd-9935f71fc838@group-48BCF4B4440D-LeaderElection66: ELECTION PASSED received 1 response(s) and 0 exception(s):
2024-03-15 21:40:26,212 [c275007a-4e3d-4cf4-8bcd-9935f71fc838@group-48BCF4B4440D-LeaderElection66] INFO  impl.LeaderElection (LeaderElection.java:logAndReturn(93)) -   Response 0: c275007a-4e3d-4cf4-8bcd-9935f71fc838<-d5082477-7a9c-4c69-9d34-13fd3fa2989c#0:OK-t1
2024-03-15 21:40:26,212 [c275007a-4e3d-4cf4-8bcd-9935f71fc838@group-48BCF4B4440D-LeaderElection66] INFO  impl.LeaderElection (LeaderElection.java:askForVotes(323)) - c275007a-4e3d-4cf4-8bcd-9935f71fc838@group-48BCF4B4440D-LeaderElection66 ELECTION round 0: result PASSED
2024-03-15 21:40:26,212 [c275007a-4e3d-4cf4-8bcd-9935f71fc838@group-48BCF4B4440D-LeaderElection66] INFO  impl.RoleInfo (RoleInfo.java:shutdownLeaderElection(130)) - c275007a-4e3d-4cf4-8bcd-9935f71fc838: shutdown c275007a-4e3d-4cf4-8bcd-9935f71fc838@group-48BCF4B4440D-LeaderElection66
2024-03-15 21:40:26,212 [c275007a-4e3d-4cf4-8bcd-9935f71fc838@group-48BCF4B4440D-LeaderElection66] INFO  server.RaftServer$Division (RaftServerImpl.java:setRole(383)) - c275007a-4e3d-4cf4-8bcd-9935f71fc838@group-48BCF4B4440D: changes role from CANDIDATE to LEADER at term 1 for changeToLeader
2024-03-15 21:40:26,212 [c275007a-4e3d-4cf4-8bcd-9935f71fc838@group-48BCF4B4440D-LeaderElection66] INFO  server.RaftServerConfigKeys (ConfUtils.java:logGet(46)) - raft.server.staging.catchup.gap = 1000 (default)
2024-03-15 21:40:26,212 [c275007a-4e3d-4cf4-8bcd-9935f71fc838@group-48BCF4B4440D-LeaderElection66] INFO  server.RaftServerConfigKeys (ConfUtils.java:logGet(46)) - raft.server.write.element-limit = 1024 (custom)
2024-03-15 21:40:26,212 [c275007a-4e3d-4cf4-8bcd-9935f71fc838@group-48BCF4B4440D-LeaderElection66] INFO  server.RaftServerConfigKeys (ConfUtils.java:logGet(46)) - raft.server.write.byte-limit = 1024 M (=1073741824) (custom)
2024-03-15 21:40:26,213 [c275007a-4e3d-4cf4-8bcd-9935f71fc838@group-48BCF4B4440D-LeaderElection66] INFO  server.RaftServerConfigKeys (ConfUtils.java:logGet(46)) - raft.server.watch.timeout = 3000ms (custom)
2024-03-15 21:40:26,213 [c275007a-4e3d-4cf4-8bcd-9935f71fc838@group-48BCF4B4440D-LeaderElection66] INFO  server.RaftServerConfigKeys (ConfUtils.java:logGet(46)) - raft.server.watch.timeout.denomination = 1s (default)
2024-03-15 21:40:26,213 [c275007a-4e3d-4cf4-8bcd-9935f71fc838@group-48BCF4B4440D-LeaderElection66] INFO  server.RaftServerConfigKeys (ConfUtils.java:logGet(46)) - raft.server.watch.element-limit = 65536 (default)
2024-03-15 21:40:26,213 [c275007a-4e3d-4cf4-8bcd-9935f71fc838@group-48BCF4B4440D-LeaderElection66] INFO  server.RaftServerConfigKeys (ConfUtils.java:logGet(46)) - raft.server.read.leader.lease.enabled = false (default)
2024-03-15 21:40:26,213 [c275007a-4e3d-4cf4-8bcd-9935f71fc838@group-48BCF4B4440D-LeaderElection66] INFO  server.RaftServerConfigKeys (ConfUtils.java:logGet(46)) - raft.server.read.leader.lease.timeout.ratio = 0.9 (default)
2024-03-15 21:40:26,213 [c275007a-4e3d-4cf4-8bcd-9935f71fc838@group-48BCF4B4440D-LeaderElection66] INFO  server.RaftServerConfigKeys (ConfUtils.java:logGet(46)) - raft.server.rpc.timeout.min = 5s (custom)
2024-03-15 21:40:26,213 [c275007a-4e3d-4cf4-8bcd-9935f71fc838@group-48BCF4B4440D-LeaderElection66] INFO  server.RaftServerConfigKeys (ConfUtils.java:logGet(46)) - raft.server.write.element-limit = 1024 (custom)
2024-03-15 21:40:26,213 [c275007a-4e3d-4cf4-8bcd-9935f71fc838@group-48BCF4B4440D-LeaderElection66] INFO  server.RaftServerConfigKeys (ConfUtils.java:logGet(46)) - raft.server.write.follower.gap.ratio.max = -1.0 (default)
2024-03-15 21:40:26,213 [c275007a-4e3d-4cf4-8bcd-9935f71fc838@group-48BCF4B4440D-LeaderElection66] INFO  server.RaftServerConfigKeys (ConfUtils.java:logGet(46)) - raft.server.log.appender.snapshot.chunk.size.max = 16MB (=16777216) (default)
2024-03-15 21:40:26,213 [c275007a-4e3d-4cf4-8bcd-9935f71fc838@group-48BCF4B4440D-LeaderElection66] INFO  server.RaftServerConfigKeys (ConfUtils.java:logGet(46)) - raft.server.log.appender.buffer.byte-limit = 8388608 (custom)
2024-03-15 21:40:26,213 [c275007a-4e3d-4cf4-8bcd-9935f71fc838@group-48BCF4B4440D-LeaderElection66] INFO  server.RaftServerConfigKeys (ConfUtils.java:logGet(46)) - raft.server.log.appender.buffer.element-limit = 1 (custom)
2024-03-15 21:40:26,213 [c275007a-4e3d-4cf4-8bcd-9935f71fc838@group-48BCF4B4440D-LeaderElection66] INFO  server.RaftServerConfigKeys (ConfUtils.java:logGet(46)) - raft.server.log.appender.wait-time.min = 0ms (custom)
2024-03-15 21:40:26,213 [c275007a-4e3d-4cf4-8bcd-9935f71fc838@group-48BCF4B4440D-LeaderElection66] INFO  grpc.GrpcConfigKeys (ConfUtils.java:logGet(46)) - raft.grpc.server.leader.outstanding.appends.max = 8 (default)
2024-03-15 21:40:26,213 [c275007a-4e3d-4cf4-8bcd-9935f71fc838@group-48BCF4B4440D-LeaderElection66] INFO  server.RaftServerConfigKeys (ConfUtils.java:logGet(46)) - raft.server.rpc.request.timeout = 3000ms (default)
2024-03-15 21:40:26,213 [c275007a-4e3d-4cf4-8bcd-9935f71fc838@group-48BCF4B4440D-LeaderElection66] INFO  grpc.GrpcConfigKeys (ConfUtils.java:logGet(46)) - raft.grpc.server.install_snapshot.request.element-limit = 8 (default)
2024-03-15 21:40:26,214 [c275007a-4e3d-4cf4-8bcd-9935f71fc838@group-48BCF4B4440D-LeaderElection66] INFO  grpc.GrpcConfigKeys (ConfUtils.java:logGet(46)) - raft.grpc.server.install_snapshot.request.timeout = 3000ms (default)
2024-03-15 21:40:26,214 [c275007a-4e3d-4cf4-8bcd-9935f71fc838@group-48BCF4B4440D-LeaderElection66] INFO  grpc.GrpcConfigKeys (ConfUtils.java:logGet(46)) - raft.grpc.server.log-message.batch.duration = 5s (default)
2024-03-15 21:40:26,214 [c275007a-4e3d-4cf4-8bcd-9935f71fc838@group-48BCF4B4440D-LeaderElection66] INFO  server.RaftServerConfigKeys (ConfUtils.java:logGet(46)) - raft.server.log.appender.install.snapshot.enabled = false (custom)
2024-03-15 21:40:26,214 [c275007a-4e3d-4cf4-8bcd-9935f71fc838@group-48BCF4B4440D-LeaderElection66] INFO  grpc.GrpcConfigKeys (ConfUtils.java:logGet(46)) - raft.grpc.server.heartbeat.channel = true (default)
2024-03-15 21:40:26,214 [c275007a-4e3d-4cf4-8bcd-9935f71fc838@group-48BCF4B4440D-LeaderElection66] INFO  server.RaftServerConfigKeys (ConfUtils.java:logGet(46)) - raft.server.log.appender.snapshot.chunk.size.max = 16MB (=16777216) (default)
2024-03-15 21:40:26,214 [c275007a-4e3d-4cf4-8bcd-9935f71fc838@group-48BCF4B4440D-LeaderElection66] INFO  server.RaftServerConfigKeys (ConfUtils.java:logGet(46)) - raft.server.log.appender.buffer.byte-limit = 8388608 (custom)
2024-03-15 21:40:26,214 [c275007a-4e3d-4cf4-8bcd-9935f71fc838@group-48BCF4B4440D-LeaderElection66] INFO  server.RaftServerConfigKeys (ConfUtils.java:logGet(46)) - raft.server.log.appender.buffer.element-limit = 1 (custom)
2024-03-15 21:40:26,214 [c275007a-4e3d-4cf4-8bcd-9935f71fc838@group-48BCF4B4440D-LeaderElection66] INFO  server.RaftServerConfigKeys (ConfUtils.java:logGet(46)) - raft.server.log.appender.wait-time.min = 0ms (custom)
2024-03-15 21:40:26,214 [c275007a-4e3d-4cf4-8bcd-9935f71fc838@group-48BCF4B4440D-LeaderElection66] INFO  grpc.GrpcConfigKeys (ConfUtils.java:logGet(46)) - raft.grpc.server.leader.outstanding.appends.max = 8 (default)
2024-03-15 21:40:26,214 [c275007a-4e3d-4cf4-8bcd-9935f71fc838@group-48BCF4B4440D-LeaderElection66] INFO  server.RaftServerConfigKeys (ConfUtils.java:logGet(46)) - raft.server.rpc.request.timeout = 3000ms (default)
2024-03-15 21:40:26,214 [c275007a-4e3d-4cf4-8bcd-9935f71fc838@group-48BCF4B4440D-LeaderElection66] INFO  grpc.GrpcConfigKeys (ConfUtils.java:logGet(46)) - raft.grpc.server.install_snapshot.request.element-limit = 8 (default)
2024-03-15 21:40:26,214 [c275007a-4e3d-4cf4-8bcd-9935f71fc838@group-48BCF4B4440D-LeaderElection66] INFO  grpc.GrpcConfigKeys (ConfUtils.java:logGet(46)) - raft.grpc.server.install_snapshot.request.timeout = 3000ms (default)
2024-03-15 21:40:26,214 [c275007a-4e3d-4cf4-8bcd-9935f71fc838@group-48BCF4B4440D-LeaderElection66] INFO  grpc.GrpcConfigKeys (ConfUtils.java:logGet(46)) - raft.grpc.server.log-message.batch.duration = 5s (default)
2024-03-15 21:40:26,214 [c275007a-4e3d-4cf4-8bcd-9935f71fc838@group-48BCF4B4440D-LeaderElection66] INFO  server.RaftServerConfigKeys (ConfUtils.java:logGet(46)) - raft.server.log.appender.install.snapshot.enabled = false (custom)
2024-03-15 21:40:26,215 [c275007a-4e3d-4cf4-8bcd-9935f71fc838@group-48BCF4B4440D-LeaderElection66] INFO  grpc.GrpcConfigKeys (ConfUtils.java:logGet(46)) - raft.grpc.server.heartbeat.channel = true (default)
2024-03-15 21:40:26,215 [c275007a-4e3d-4cf4-8bcd-9935f71fc838@group-48BCF4B4440D-LeaderElection66] INFO  impl.RoleInfo (RoleInfo.java:updateAndGet(139)) - c275007a-4e3d-4cf4-8bcd-9935f71fc838: start c275007a-4e3d-4cf4-8bcd-9935f71fc838@group-48BCF4B4440D-LeaderStateImpl
2024-03-15 21:40:26,215 [c275007a-4e3d-4cf4-8bcd-9935f71fc838@group-48BCF4B4440D-LeaderElection66] INFO  server.RaftServer$Division (RaftServerImpl.java:setFirstElection(574)) - c275007a-4e3d-4cf4-8bcd-9935f71fc838@group-48BCF4B4440D: set firstElectionSinceStartup to false for becomeLeader
2024-03-15 21:40:26,215 [c275007a-4e3d-4cf4-8bcd-9935f71fc838@group-48BCF4B4440D-LeaderElection66] INFO  ratis.XceiverServerRatis (XceiverServerRatis.java:handleLeaderChangedNotification(966)) - Leader change notification received for group: group-48BCF4B4440D with new leaderId: c275007a-4e3d-4cf4-8bcd-9935f71fc838
2024-03-15 21:40:26,215 [c275007a-4e3d-4cf4-8bcd-9935f71fc838@group-48BCF4B4440D-LeaderElection66] INFO  server.RaftServer$Division (ServerState.java:setLeader(269)) - c275007a-4e3d-4cf4-8bcd-9935f71fc838@group-48BCF4B4440D: change Leader from null to c275007a-4e3d-4cf4-8bcd-9935f71fc838 at term 1 for becomeLeader, leader elected after 5042ms
2024-03-15 21:40:26,215 [grpc-default-executor-5] INFO  server.RaftServer$Division (RaftServerImpl.java:requestVote(1422)) - 3dfa3a40-7be8-4b27-818e-b4bcb1f9d011@group-48BCF4B4440D replies to ELECTION vote request: c275007a-4e3d-4cf4-8bcd-9935f71fc838<-3dfa3a40-7be8-4b27-818e-b4bcb1f9d011#0:OK-t1. Peer's state: 3dfa3a40-7be8-4b27-818e-b4bcb1f9d011@group-48BCF4B4440D:t1, leader=null, voted=c275007a-4e3d-4cf4-8bcd-9935f71fc838, raftlog=Memoized:3dfa3a40-7be8-4b27-818e-b4bcb1f9d011@group-48BCF4B4440D-SegmentedRaftLog:OPENED:c-1, conf=-1: peers:[c275007a-4e3d-4cf4-8bcd-9935f71fc838|10.1.0.11:15406, d5082477-7a9c-4c69-9d34-13fd3fa2989c|10.1.0.11:15397, 3dfa3a40-7be8-4b27-818e-b4bcb1f9d011|10.1.0.11:15415]|listeners:[], old=null
2024-03-15 21:40:26,216 [c275007a-4e3d-4cf4-8bcd-9935f71fc838@group-48BCF4B4440D-LeaderElection66] INFO  segmented.SegmentedRaftLogWorker (SegmentedRaftLogWorker.java:startLogSegment(430)) - c275007a-4e3d-4cf4-8bcd-9935f71fc838@group-48BCF4B4440D-SegmentedRaftLogWorker: Starting segment from index:0
2024-03-15 21:40:26,217 [c275007a-4e3d-4cf4-8bcd-9935f71fc838@group-48BCF4B4440D-LeaderElection66] INFO  server.RaftServer$Division (ServerState.java:setRaftConf(386)) - c275007a-4e3d-4cf4-8bcd-9935f71fc838@group-48BCF4B4440D: set configuration 0: peers:[c275007a-4e3d-4cf4-8bcd-9935f71fc838|10.1.0.11:15406, d5082477-7a9c-4c69-9d34-13fd3fa2989c|10.1.0.11:15397, 3dfa3a40-7be8-4b27-818e-b4bcb1f9d011|10.1.0.11:15415]|listeners:[], old=null
2024-03-15 21:40:26,217 [EventQueue-PipelineReportForPipelineReportHandler] INFO  pipeline.PipelineReportHandler (PipelineReportHandler.java:processPipelineReport(136)) - Opened pipeline PipelineID=36ff7108-370d-4a57-986d-48bcf4b4440d
2024-03-15 21:40:26,221 [c275007a-4e3d-4cf4-8bcd-9935f71fc838@group-48BCF4B4440D-SegmentedRaftLogWorker] INFO  segmented.BufferedWriteChannel (BufferedWriteChannel.java:open(62)) - open log_inprogress_0 at position 0
2024-03-15 21:40:26,227 [3dfa3a40-7be8-4b27-818e-b4bcb1f9d011-server-thread1] INFO  ratis.XceiverServerRatis (XceiverServerRatis.java:handleLeaderChangedNotification(966)) - Leader change notification received for group: group-48BCF4B4440D with new leaderId: c275007a-4e3d-4cf4-8bcd-9935f71fc838
2024-03-15 21:40:26,227 [3dfa3a40-7be8-4b27-818e-b4bcb1f9d011-server-thread1] INFO  server.RaftServer$Division (ServerState.java:setLeader(269)) - 3dfa3a40-7be8-4b27-818e-b4bcb1f9d011@group-48BCF4B4440D: change Leader from null to c275007a-4e3d-4cf4-8bcd-9935f71fc838 at term 1 for appendEntries, leader elected after 5029ms
2024-03-15 21:40:26,229 [d5082477-7a9c-4c69-9d34-13fd3fa2989c-server-thread2] INFO  ratis.XceiverServerRatis (XceiverServerRatis.java:handleLeaderChangedNotification(966)) - Leader change notification received for group: group-48BCF4B4440D with new leaderId: c275007a-4e3d-4cf4-8bcd-9935f71fc838
2024-03-15 21:40:26,229 [d5082477-7a9c-4c69-9d34-13fd3fa2989c-server-thread2] INFO  server.RaftServer$Division (ServerState.java:setLeader(269)) - d5082477-7a9c-4c69-9d34-13fd3fa2989c@group-48BCF4B4440D: change Leader from null to c275007a-4e3d-4cf4-8bcd-9935f71fc838 at term 1 for appendEntries, leader elected after 5075ms
2024-03-15 21:40:26,231 [c275007a-4e3d-4cf4-8bcd-9935f71fc838@group-48BCF4B4440D-SegmentedRaftLogWorker] INFO  segmented.SegmentedRaftLogWorker (SegmentedRaftLogWorker.java:execute(634)) - c275007a-4e3d-4cf4-8bcd-9935f71fc838@group-48BCF4B4440D-SegmentedRaftLogWorker: created new log segment /home/runner/work/ozone/ozone/hadoop-ozone/integration-test/target/test-dir/MiniOzoneClusterImpl-9d1dee8c-d44a-4a38-8f2b-42c9fdbb6771/ozone-meta/datanode-5/ratis/36ff7108-370d-4a57-986d-48bcf4b4440d/current/log_inprogress_0
2024-03-15 21:40:26,233 [d5082477-7a9c-4c69-9d34-13fd3fa2989c-server-thread2] INFO  server.RaftServer$Division (ServerState.java:setRaftConf(386)) - d5082477-7a9c-4c69-9d34-13fd3fa2989c@group-48BCF4B4440D: set configuration 0: peers:[c275007a-4e3d-4cf4-8bcd-9935f71fc838|10.1.0.11:15406, d5082477-7a9c-4c69-9d34-13fd3fa2989c|10.1.0.11:15397, 3dfa3a40-7be8-4b27-818e-b4bcb1f9d011|10.1.0.11:15415]|listeners:[], old=null
2024-03-15 21:40:26,233 [3dfa3a40-7be8-4b27-818e-b4bcb1f9d011-server-thread1] INFO  server.RaftServer$Division (ServerState.java:setRaftConf(386)) - 3dfa3a40-7be8-4b27-818e-b4bcb1f9d011@group-48BCF4B4440D: set configuration 0: peers:[c275007a-4e3d-4cf4-8bcd-9935f71fc838|10.1.0.11:15406, d5082477-7a9c-4c69-9d34-13fd3fa2989c|10.1.0.11:15397, 3dfa3a40-7be8-4b27-818e-b4bcb1f9d011|10.1.0.11:15415]|listeners:[], old=null
2024-03-15 21:40:26,233 [d5082477-7a9c-4c69-9d34-13fd3fa2989c-server-thread2] INFO  segmented.SegmentedRaftLogWorker (SegmentedRaftLogWorker.java:startLogSegment(430)) - d5082477-7a9c-4c69-9d34-13fd3fa2989c@group-48BCF4B4440D-SegmentedRaftLogWorker: Starting segment from index:0
2024-03-15 21:40:26,233 [3dfa3a40-7be8-4b27-818e-b4bcb1f9d011-server-thread1] INFO  segmented.SegmentedRaftLogWorker (SegmentedRaftLogWorker.java:startLogSegment(430)) - 3dfa3a40-7be8-4b27-818e-b4bcb1f9d011@group-48BCF4B4440D-SegmentedRaftLogWorker: Starting segment from index:0
2024-03-15 21:40:26,234 [d5082477-7a9c-4c69-9d34-13fd3fa2989c@group-48BCF4B4440D-SegmentedRaftLogWorker] INFO  segmented.BufferedWriteChannel (BufferedWriteChannel.java:open(62)) - open log_inprogress_0 at position 0
2024-03-15 21:40:26,234 [3dfa3a40-7be8-4b27-818e-b4bcb1f9d011@group-48BCF4B4440D-SegmentedRaftLogWorker] INFO  segmented.BufferedWriteChannel (BufferedWriteChannel.java:open(62)) - open log_inprogress_0 at position 0
2024-03-15 21:40:26,244 [d5082477-7a9c-4c69-9d34-13fd3fa2989c@group-48BCF4B4440D-SegmentedRaftLogWorker] INFO  segmented.SegmentedRaftLogWorker (SegmentedRaftLogWorker.java:execute(634)) - d5082477-7a9c-4c69-9d34-13fd3fa2989c@group-48BCF4B4440D-SegmentedRaftLogWorker: created new log segment /home/runner/work/ozone/ozone/hadoop-ozone/integration-test/target/test-dir/MiniOzoneClusterImpl-9d1dee8c-d44a-4a38-8f2b-42c9fdbb6771/ozone-meta/datanode-4/ratis/36ff7108-370d-4a57-986d-48bcf4b4440d/current/log_inprogress_0
2024-03-15 21:40:26,244 [3dfa3a40-7be8-4b27-818e-b4bcb1f9d011@group-48BCF4B4440D-SegmentedRaftLogWorker] INFO  segmented.SegmentedRaftLogWorker (SegmentedRaftLogWorker.java:execute(634)) - 3dfa3a40-7be8-4b27-818e-b4bcb1f9d011@group-48BCF4B4440D-SegmentedRaftLogWorker: created new log segment /home/runner/work/ozone/ozone/hadoop-ozone/integration-test/target/test-dir/MiniOzoneClusterImpl-9d1dee8c-d44a-4a38-8f2b-42c9fdbb6771/ozone-meta/datanode-6/ratis/36ff7108-370d-4a57-986d-48bcf4b4440d/current/log_inprogress_0
2024-03-15 21:40:26,246 [c275007a-4e3d-4cf4-8bcd-9935f71fc838@group-48BCF4B4440D-StateMachineUpdater] INFO  server.RaftServer$Division (LeaderStateImpl.java:isApplied(320)) - leader is ready since appliedIndex == 0 >= startIndex == 0
2024-03-15 21:40:26,296 [d5082477-7a9c-4c69-9d34-13fd3fa2989c@group-922CB58B85D6-FollowerState] INFO  impl.FollowerState (FollowerState.java:run(143)) - d5082477-7a9c-4c69-9d34-13fd3fa2989c@group-922CB58B85D6-FollowerState: change to CANDIDATE, lastRpcElapsedTime:5144310511ns, electionTimeout:5143ms
2024-03-15 21:40:26,296 [d5082477-7a9c-4c69-9d34-13fd3fa2989c@group-922CB58B85D6-FollowerState] INFO  impl.RoleInfo (RoleInfo.java:shutdownFollowerState(110)) - d5082477-7a9c-4c69-9d34-13fd3fa2989c: shutdown d5082477-7a9c-4c69-9d34-13fd3fa2989c@group-922CB58B85D6-FollowerState
2024-03-15 21:40:26,296 [d5082477-7a9c-4c69-9d34-13fd3fa2989c@group-922CB58B85D6-FollowerState] INFO  server.RaftServer$Division (RaftServerImpl.java:setRole(383)) - d5082477-7a9c-4c69-9d34-13fd3fa2989c@group-922CB58B85D6: changes role from  FOLLOWER to CANDIDATE at term 0 for changeToCandidate
2024-03-15 21:40:26,296 [d5082477-7a9c-4c69-9d34-13fd3fa2989c@group-922CB58B85D6-FollowerState] INFO  server.RaftServerConfigKeys (ConfUtils.java:logGet(46)) - raft.server.leaderelection.pre-vote = true (default)
2024-03-15 21:40:26,296 [d5082477-7a9c-4c69-9d34-13fd3fa2989c@group-922CB58B85D6-FollowerState] INFO  impl.RoleInfo (RoleInfo.java:updateAndGet(139)) - d5082477-7a9c-4c69-9d34-13fd3fa2989c: start d5082477-7a9c-4c69-9d34-13fd3fa2989c@group-922CB58B85D6-LeaderElection67
2024-03-15 21:40:26,297 [d5082477-7a9c-4c69-9d34-13fd3fa2989c@group-922CB58B85D6-LeaderElection67] INFO  impl.LeaderElection (LeaderElection.java:askForVotes(321)) - d5082477-7a9c-4c69-9d34-13fd3fa2989c@group-922CB58B85D6-LeaderElection67 PRE_VOTE round 0: submit vote requests at term 0 for -1: peers:[d5082477-7a9c-4c69-9d34-13fd3fa2989c|10.1.0.11:15397]|listeners:[], old=null
2024-03-15 21:40:26,297 [d5082477-7a9c-4c69-9d34-13fd3fa2989c@group-922CB58B85D6-LeaderElection67] INFO  impl.LeaderElection (LeaderElection.java:askForVotes(323)) - d5082477-7a9c-4c69-9d34-13fd3fa2989c@group-922CB58B85D6-LeaderElection67 PRE_VOTE round 0: result PASSED (term=0)
2024-03-15 21:40:26,299 [d5082477-7a9c-4c69-9d34-13fd3fa2989c@group-922CB58B85D6-LeaderElection67] INFO  impl.LeaderElection (LeaderElection.java:askForVotes(321)) - d5082477-7a9c-4c69-9d34-13fd3fa2989c@group-922CB58B85D6-LeaderElection67 ELECTION round 0: submit vote requests at term 1 for -1: peers:[d5082477-7a9c-4c69-9d34-13fd3fa2989c|10.1.0.11:15397]|listeners:[], old=null
2024-03-15 21:40:26,299 [d5082477-7a9c-4c69-9d34-13fd3fa2989c@group-922CB58B85D6-LeaderElection67] INFO  impl.LeaderElection (LeaderElection.java:askForVotes(323)) - d5082477-7a9c-4c69-9d34-13fd3fa2989c@group-922CB58B85D6-LeaderElection67 ELECTION round 0: result PASSED (term=1)
2024-03-15 21:40:26,299 [d5082477-7a9c-4c69-9d34-13fd3fa2989c@group-922CB58B85D6-LeaderElection67] INFO  impl.RoleInfo (RoleInfo.java:shutdownLeaderElection(130)) - d5082477-7a9c-4c69-9d34-13fd3fa2989c: shutdown d5082477-7a9c-4c69-9d34-13fd3fa2989c@group-922CB58B85D6-LeaderElection67
2024-03-15 21:40:26,299 [d5082477-7a9c-4c69-9d34-13fd3fa2989c@group-922CB58B85D6-LeaderElection67] INFO  server.RaftServer$Division (RaftServerImpl.java:setRole(383)) - d5082477-7a9c-4c69-9d34-13fd3fa2989c@group-922CB58B85D6: changes role from CANDIDATE to LEADER at term 1 for changeToLeader
2024-03-15 21:40:26,299 [d5082477-7a9c-4c69-9d34-13fd3fa2989c@group-922CB58B85D6-LeaderElection67] INFO  server.RaftServerConfigKeys (ConfUtils.java:logGet(46)) - raft.server.staging.catchup.gap = 1000 (default)
2024-03-15 21:40:26,299 [d5082477-7a9c-4c69-9d34-13fd3fa2989c@group-922CB58B85D6-LeaderElection67] INFO  server.RaftServerConfigKeys (ConfUtils.java:logGet(46)) - raft.server.write.element-limit = 1024 (custom)
2024-03-15 21:40:26,299 [d5082477-7a9c-4c69-9d34-13fd3fa2989c@group-922CB58B85D6-LeaderElection67] INFO  server.RaftServerConfigKeys (ConfUtils.java:logGet(46)) - raft.server.write.byte-limit = 1024 M (=1073741824) (custom)
2024-03-15 21:40:26,299 [d5082477-7a9c-4c69-9d34-13fd3fa2989c@group-922CB58B85D6-LeaderElection67] INFO  server.RaftServerConfigKeys (ConfUtils.java:logGet(46)) - raft.server.watch.timeout = 3000ms (custom)
2024-03-15 21:40:26,299 [d5082477-7a9c-4c69-9d34-13fd3fa2989c@group-922CB58B85D6-LeaderElection67] INFO  server.RaftServerConfigKeys (ConfUtils.java:logGet(46)) - raft.server.watch.timeout.denomination = 1s (default)
2024-03-15 21:40:26,299 [d5082477-7a9c-4c69-9d34-13fd3fa2989c@group-922CB58B85D6-LeaderElection67] INFO  server.RaftServerConfigKeys (ConfUtils.java:logGet(46)) - raft.server.watch.element-limit = 65536 (default)
2024-03-15 21:40:26,299 [d5082477-7a9c-4c69-9d34-13fd3fa2989c@group-922CB58B85D6-LeaderElection67] INFO  server.RaftServerConfigKeys (ConfUtils.java:logGet(46)) - raft.server.read.leader.lease.enabled = false (default)
2024-03-15 21:40:26,299 [d5082477-7a9c-4c69-9d34-13fd3fa2989c@group-922CB58B85D6-LeaderElection67] INFO  server.RaftServerConfigKeys (ConfUtils.java:logGet(46)) - raft.server.read.leader.lease.timeout.ratio = 0.9 (default)
2024-03-15 21:40:26,300 [d5082477-7a9c-4c69-9d34-13fd3fa2989c@group-922CB58B85D6-LeaderElection67] INFO  server.RaftServerConfigKeys (ConfUtils.java:logGet(46)) - raft.server.rpc.timeout.min = 5s (custom)
2024-03-15 21:40:26,300 [d5082477-7a9c-4c69-9d34-13fd3fa2989c@group-922CB58B85D6-LeaderElection67] INFO  server.RaftServerConfigKeys (ConfUtils.java:logGet(46)) - raft.server.write.element-limit = 1024 (custom)
2024-03-15 21:40:26,300 [d5082477-7a9c-4c69-9d34-13fd3fa2989c@group-922CB58B85D6-LeaderElection67] INFO  server.RaftServerConfigKeys (ConfUtils.java:logGet(46)) - raft.server.write.follower.gap.ratio.max = -1.0 (default)
2024-03-15 21:40:26,300 [d5082477-7a9c-4c69-9d34-13fd3fa2989c@group-922CB58B85D6-LeaderElection67] INFO  impl.RoleInfo (RoleInfo.java:updateAndGet(139)) - d5082477-7a9c-4c69-9d34-13fd3fa2989c: start d5082477-7a9c-4c69-9d34-13fd3fa2989c@group-922CB58B85D6-LeaderStateImpl
2024-03-15 21:40:26,300 [d5082477-7a9c-4c69-9d34-13fd3fa2989c@group-922CB58B85D6-LeaderElection67] INFO  server.RaftServer$Division (RaftServerImpl.java:setFirstElection(574)) - d5082477-7a9c-4c69-9d34-13fd3fa2989c@group-922CB58B85D6: set firstElectionSinceStartup to false for becomeLeader
2024-03-15 21:40:26,300 [d5082477-7a9c-4c69-9d34-13fd3fa2989c@group-922CB58B85D6-LeaderElection67] INFO  ratis.XceiverServerRatis (XceiverServerRatis.java:handleLeaderChangedNotification(966)) - Leader change notification received for group: group-922CB58B85D6 with new leaderId: d5082477-7a9c-4c69-9d34-13fd3fa2989c
2024-03-15 21:40:26,300 [d5082477-7a9c-4c69-9d34-13fd3fa2989c@group-922CB58B85D6-LeaderElection67] INFO  server.RaftServer$Division (ServerState.java:setLeader(269)) - d5082477-7a9c-4c69-9d34-13fd3fa2989c@group-922CB58B85D6: change Leader from null to d5082477-7a9c-4c69-9d34-13fd3fa2989c at term 1 for becomeLeader, leader elected after 5158ms
2024-03-15 21:40:26,300 [d5082477-7a9c-4c69-9d34-13fd3fa2989c@group-922CB58B85D6-LeaderElection67] INFO  segmented.SegmentedRaftLogWorker (SegmentedRaftLogWorker.java:startLogSegment(430)) - d5082477-7a9c-4c69-9d34-13fd3fa2989c@group-922CB58B85D6-SegmentedRaftLogWorker: Starting segment from index:0
2024-03-15 21:40:26,302 [d5082477-7a9c-4c69-9d34-13fd3fa2989c@group-922CB58B85D6-LeaderElection67] INFO  server.RaftServer$Division (ServerState.java:setRaftConf(386)) - d5082477-7a9c-4c69-9d34-13fd3fa2989c@group-922CB58B85D6: set configuration 0: peers:[d5082477-7a9c-4c69-9d34-13fd3fa2989c|10.1.0.11:15397]|listeners:[], old=null
2024-03-15 21:40:26,302 [d5082477-7a9c-4c69-9d34-13fd3fa2989c@group-922CB58B85D6-SegmentedRaftLogWorker] INFO  segmented.BufferedWriteChannel (BufferedWriteChannel.java:open(62)) - open log_inprogress_0 at position 0
2024-03-15 21:40:26,309 [d5082477-7a9c-4c69-9d34-13fd3fa2989c@group-922CB58B85D6-SegmentedRaftLogWorker] INFO  segmented.SegmentedRaftLogWorker (SegmentedRaftLogWorker.java:execute(634)) - d5082477-7a9c-4c69-9d34-13fd3fa2989c@group-922CB58B85D6-SegmentedRaftLogWorker: created new log segment /home/runner/work/ozone/ozone/hadoop-ozone/integration-test/target/test-dir/MiniOzoneClusterImpl-9d1dee8c-d44a-4a38-8f2b-42c9fdbb6771/ozone-meta/datanode-4/ratis/cc5c9568-8f9f-4f79-8604-922cb58b85d6/current/log_inprogress_0
2024-03-15 21:40:26,311 [d5082477-7a9c-4c69-9d34-13fd3fa2989c@group-922CB58B85D6-StateMachineUpdater] INFO  server.RaftServer$Division (LeaderStateImpl.java:isApplied(320)) - leader is ready since appliedIndex == 0 >= startIndex == 0
2024-03-15 21:40:26,332 [c275007a-4e3d-4cf4-8bcd-9935f71fc838@group-3B78A4466A9B-FollowerState] INFO  impl.FollowerState (FollowerState.java:run(143)) - c275007a-4e3d-4cf4-8bcd-9935f71fc838@group-3B78A4466A9B-FollowerState: change to CANDIDATE, lastRpcElapsedTime:5097436109ns, electionTimeout:5097ms
2024-03-15 21:40:26,332 [c275007a-4e3d-4cf4-8bcd-9935f71fc838@group-3B78A4466A9B-FollowerState] INFO  impl.RoleInfo (RoleInfo.java:shutdownFollowerState(110)) - c275007a-4e3d-4cf4-8bcd-9935f71fc838: shutdown c275007a-4e3d-4cf4-8bcd-9935f71fc838@group-3B78A4466A9B-FollowerState
2024-03-15 21:40:26,332 [c275007a-4e3d-4cf4-8bcd-9935f71fc838@group-3B78A4466A9B-FollowerState] INFO  server.RaftServer$Division (RaftServerImpl.java:setRole(383)) - c275007a-4e3d-4cf4-8bcd-9935f71fc838@group-3B78A4466A9B: changes role from  FOLLOWER to CANDIDATE at term 0 for changeToCandidate
2024-03-15 21:40:26,332 [c275007a-4e3d-4cf4-8bcd-9935f71fc838@group-3B78A4466A9B-FollowerState] INFO  server.RaftServerConfigKeys (ConfUtils.java:logGet(46)) - raft.server.leaderelection.pre-vote = true (default)
2024-03-15 21:40:26,332 [c275007a-4e3d-4cf4-8bcd-9935f71fc838@group-3B78A4466A9B-FollowerState] INFO  impl.RoleInfo (RoleInfo.java:updateAndGet(139)) - c275007a-4e3d-4cf4-8bcd-9935f71fc838: start c275007a-4e3d-4cf4-8bcd-9935f71fc838@group-3B78A4466A9B-LeaderElection68
2024-03-15 21:40:26,334 [c275007a-4e3d-4cf4-8bcd-9935f71fc838@group-3B78A4466A9B-LeaderElection68] INFO  impl.LeaderElection (LeaderElection.java:askForVotes(321)) - c275007a-4e3d-4cf4-8bcd-9935f71fc838@group-3B78A4466A9B-LeaderElection68 PRE_VOTE round 0: submit vote requests at term 0 for -1: peers:[c275007a-4e3d-4cf4-8bcd-9935f71fc838|10.1.0.11:15406]|listeners:[], old=null
2024-03-15 21:40:26,334 [c275007a-4e3d-4cf4-8bcd-9935f71fc838@group-3B78A4466A9B-LeaderElection68] INFO  impl.LeaderElection (LeaderElection.java:askForVotes(323)) - c275007a-4e3d-4cf4-8bcd-9935f71fc838@group-3B78A4466A9B-LeaderElection68 PRE_VOTE round 0: result PASSED (term=0)
2024-03-15 21:40:26,335 [c275007a-4e3d-4cf4-8bcd-9935f71fc838@group-3B78A4466A9B-LeaderElection68] INFO  impl.LeaderElection (LeaderElection.java:askForVotes(321)) - c275007a-4e3d-4cf4-8bcd-9935f71fc838@group-3B78A4466A9B-LeaderElection68 ELECTION round 0: submit vote requests at term 1 for -1: peers:[c275007a-4e3d-4cf4-8bcd-9935f71fc838|10.1.0.11:15406]|listeners:[], old=null
2024-03-15 21:40:26,335 [c275007a-4e3d-4cf4-8bcd-9935f71fc838@group-3B78A4466A9B-LeaderElection68] INFO  impl.LeaderElection (LeaderElection.java:askForVotes(323)) - c275007a-4e3d-4cf4-8bcd-9935f71fc838@group-3B78A4466A9B-LeaderElection68 ELECTION round 0: result PASSED (term=1)
2024-03-15 21:40:26,335 [c275007a-4e3d-4cf4-8bcd-9935f71fc838@group-3B78A4466A9B-LeaderElection68] INFO  impl.RoleInfo (RoleInfo.java:shutdownLeaderElection(130)) - c275007a-4e3d-4cf4-8bcd-9935f71fc838: shutdown c275007a-4e3d-4cf4-8bcd-9935f71fc838@group-3B78A4466A9B-LeaderElection68
2024-03-15 21:40:26,335 [c275007a-4e3d-4cf4-8bcd-9935f71fc838@group-3B78A4466A9B-LeaderElection68] INFO  server.RaftServer$Division (RaftServerImpl.java:setRole(383)) - c275007a-4e3d-4cf4-8bcd-9935f71fc838@group-3B78A4466A9B: changes role from CANDIDATE to LEADER at term 1 for changeToLeader
2024-03-15 21:40:26,335 [c275007a-4e3d-4cf4-8bcd-9935f71fc838@group-3B78A4466A9B-LeaderElection68] INFO  server.RaftServerConfigKeys (ConfUtils.java:logGet(46)) - raft.server.staging.catchup.gap = 1000 (default)
2024-03-15 21:40:26,335 [c275007a-4e3d-4cf4-8bcd-9935f71fc838@group-3B78A4466A9B-LeaderElection68] INFO  server.RaftServerConfigKeys (ConfUtils.java:logGet(46)) - raft.server.write.element-limit = 1024 (custom)
2024-03-15 21:40:26,335 [c275007a-4e3d-4cf4-8bcd-9935f71fc838@group-3B78A4466A9B-LeaderElection68] INFO  server.RaftServerConfigKeys (ConfUtils.java:logGet(46)) - raft.server.write.byte-limit = 1024 M (=1073741824) (custom)
2024-03-15 21:40:26,335 [c275007a-4e3d-4cf4-8bcd-9935f71fc838@group-3B78A4466A9B-LeaderElection68] INFO  server.RaftServerConfigKeys (ConfUtils.java:logGet(46)) - raft.server.watch.timeout = 3000ms (custom)
2024-03-15 21:40:26,335 [c275007a-4e3d-4cf4-8bcd-9935f71fc838@group-3B78A4466A9B-LeaderElection68] INFO  server.RaftServerConfigKeys (ConfUtils.java:logGet(46)) - raft.server.watch.timeout.denomination = 1s (default)
2024-03-15 21:40:26,335 [c275007a-4e3d-4cf4-8bcd-9935f71fc838@group-3B78A4466A9B-LeaderElection68] INFO  server.RaftServerConfigKeys (ConfUtils.java:logGet(46)) - raft.server.watch.element-limit = 65536 (default)
2024-03-15 21:40:26,335 [c275007a-4e3d-4cf4-8bcd-9935f71fc838@group-3B78A4466A9B-LeaderElection68] INFO  server.RaftServerConfigKeys (ConfUtils.java:logGet(46)) - raft.server.read.leader.lease.enabled = false (default)
2024-03-15 21:40:26,335 [c275007a-4e3d-4cf4-8bcd-9935f71fc838@group-3B78A4466A9B-LeaderElection68] INFO  server.RaftServerConfigKeys (ConfUtils.java:logGet(46)) - raft.server.read.leader.lease.timeout.ratio = 0.9 (default)
2024-03-15 21:40:26,335 [c275007a-4e3d-4cf4-8bcd-9935f71fc838@group-3B78A4466A9B-LeaderElection68] INFO  server.RaftServerConfigKeys (ConfUtils.java:logGet(46)) - raft.server.rpc.timeout.min = 5s (custom)
2024-03-15 21:40:26,335 [c275007a-4e3d-4cf4-8bcd-9935f71fc838@group-3B78A4466A9B-LeaderElection68] INFO  server.RaftServerConfigKeys (ConfUtils.java:logGet(46)) - raft.server.write.element-limit = 1024 (custom)
2024-03-15 21:40:26,335 [c275007a-4e3d-4cf4-8bcd-9935f71fc838@group-3B78A4466A9B-LeaderElection68] INFO  server.RaftServerConfigKeys (ConfUtils.java:logGet(46)) - raft.server.write.follower.gap.ratio.max = -1.0 (default)
2024-03-15 21:40:26,335 [c275007a-4e3d-4cf4-8bcd-9935f71fc838@group-3B78A4466A9B-LeaderElection68] INFO  impl.RoleInfo (RoleInfo.java:updateAndGet(139)) - c275007a-4e3d-4cf4-8bcd-9935f71fc838: start c275007a-4e3d-4cf4-8bcd-9935f71fc838@group-3B78A4466A9B-LeaderStateImpl
2024-03-15 21:40:26,335 [c275007a-4e3d-4cf4-8bcd-9935f71fc838@group-3B78A4466A9B-LeaderElection68] INFO  server.RaftServer$Division (RaftServerImpl.java:setFirstElection(574)) - c275007a-4e3d-4cf4-8bcd-9935f71fc838@group-3B78A4466A9B: set firstElectionSinceStartup to false for becomeLeader
2024-03-15 21:40:26,335 [c275007a-4e3d-4cf4-8bcd-9935f71fc838@group-3B78A4466A9B-LeaderElection68] INFO  ratis.XceiverServerRatis (XceiverServerRatis.java:handleLeaderChangedNotification(966)) - Leader change notification received for group: group-3B78A4466A9B with new leaderId: c275007a-4e3d-4cf4-8bcd-9935f71fc838
2024-03-15 21:40:26,336 [c275007a-4e3d-4cf4-8bcd-9935f71fc838@group-3B78A4466A9B-LeaderElection68] INFO  server.RaftServer$Division (ServerState.java:setLeader(269)) - c275007a-4e3d-4cf4-8bcd-9935f71fc838@group-3B78A4466A9B: change Leader from null to c275007a-4e3d-4cf4-8bcd-9935f71fc838 at term 1 for becomeLeader, leader elected after 5109ms
2024-03-15 21:40:26,336 [c275007a-4e3d-4cf4-8bcd-9935f71fc838@group-3B78A4466A9B-LeaderElection68] INFO  segmented.SegmentedRaftLogWorker (SegmentedRaftLogWorker.java:startLogSegment(430)) - c275007a-4e3d-4cf4-8bcd-9935f71fc838@group-3B78A4466A9B-SegmentedRaftLogWorker: Starting segment from index:0
2024-03-15 21:40:26,337 [c275007a-4e3d-4cf4-8bcd-9935f71fc838@group-3B78A4466A9B-LeaderElection68] INFO  server.RaftServer$Division (ServerState.java:setRaftConf(386)) - c275007a-4e3d-4cf4-8bcd-9935f71fc838@group-3B78A4466A9B: set configuration 0: peers:[c275007a-4e3d-4cf4-8bcd-9935f71fc838|10.1.0.11:15406]|listeners:[], old=null
2024-03-15 21:40:26,337 [c275007a-4e3d-4cf4-8bcd-9935f71fc838@group-3B78A4466A9B-SegmentedRaftLogWorker] INFO  segmented.BufferedWriteChannel (BufferedWriteChannel.java:open(62)) - open log_inprogress_0 at position 0
2024-03-15 21:40:26,344 [c275007a-4e3d-4cf4-8bcd-9935f71fc838@group-3B78A4466A9B-SegmentedRaftLogWorker] INFO  segmented.SegmentedRaftLogWorker (SegmentedRaftLogWorker.java:execute(634)) - c275007a-4e3d-4cf4-8bcd-9935f71fc838@group-3B78A4466A9B-SegmentedRaftLogWorker: created new log segment /home/runner/work/ozone/ozone/hadoop-ozone/integration-test/target/test-dir/MiniOzoneClusterImpl-9d1dee8c-d44a-4a38-8f2b-42c9fdbb6771/ozone-meta/datanode-5/ratis/fd2398c0-0f03-4dfd-87d3-3b78a4466a9b/current/log_inprogress_0
2024-03-15 21:40:26,345 [c275007a-4e3d-4cf4-8bcd-9935f71fc838@group-3B78A4466A9B-StateMachineUpdater] INFO  server.RaftServer$Division (LeaderStateImpl.java:isApplied(320)) - leader is ready since appliedIndex == 0 >= startIndex == 0
2024-03-15 21:40:26,455 [caf183e4-1f79-482a-9e33-59f38e9311f0@group-996E77A5C1C0-FollowerState] INFO  impl.FollowerState (FollowerState.java:run(143)) - caf183e4-1f79-482a-9e33-59f38e9311f0@group-996E77A5C1C0-FollowerState: change to CANDIDATE, lastRpcElapsedTime:5049475836ns, electionTimeout:5049ms
2024-03-15 21:40:26,455 [caf183e4-1f79-482a-9e33-59f38e9311f0@group-996E77A5C1C0-FollowerState] INFO  impl.RoleInfo (RoleInfo.java:shutdownFollowerState(110)) - caf183e4-1f79-482a-9e33-59f38e9311f0: shutdown caf183e4-1f79-482a-9e33-59f38e9311f0@group-996E77A5C1C0-FollowerState
2024-03-15 21:40:26,455 [caf183e4-1f79-482a-9e33-59f38e9311f0@group-996E77A5C1C0-FollowerState] INFO  server.RaftServer$Division (RaftServerImpl.java:setRole(383)) - caf183e4-1f79-482a-9e33-59f38e9311f0@group-996E77A5C1C0: changes role from  FOLLOWER to CANDIDATE at term 0 for changeToCandidate
2024-03-15 21:40:26,455 [caf183e4-1f79-482a-9e33-59f38e9311f0@group-996E77A5C1C0-FollowerState] INFO  server.RaftServerConfigKeys (ConfUtils.java:logGet(46)) - raft.server.leaderelection.pre-vote = true (default)
2024-03-15 21:40:26,455 [caf183e4-1f79-482a-9e33-59f38e9311f0@group-996E77A5C1C0-FollowerState] INFO  impl.RoleInfo (RoleInfo.java:updateAndGet(139)) - caf183e4-1f79-482a-9e33-59f38e9311f0: start caf183e4-1f79-482a-9e33-59f38e9311f0@group-996E77A5C1C0-LeaderElection69
2024-03-15 21:40:26,456 [caf183e4-1f79-482a-9e33-59f38e9311f0@group-996E77A5C1C0-LeaderElection69] INFO  impl.LeaderElection (LeaderElection.java:askForVotes(321)) - caf183e4-1f79-482a-9e33-59f38e9311f0@group-996E77A5C1C0-LeaderElection69 PRE_VOTE round 0: submit vote requests at term 0 for -1: peers:[caf183e4-1f79-482a-9e33-59f38e9311f0|10.1.0.11:15424]|listeners:[], old=null
2024-03-15 21:40:26,456 [caf183e4-1f79-482a-9e33-59f38e9311f0@group-996E77A5C1C0-LeaderElection69] INFO  impl.LeaderElection (LeaderElection.java:askForVotes(323)) - caf183e4-1f79-482a-9e33-59f38e9311f0@group-996E77A5C1C0-LeaderElection69 PRE_VOTE round 0: result PASSED (term=0)
2024-03-15 21:40:26,457 [caf183e4-1f79-482a-9e33-59f38e9311f0@group-996E77A5C1C0-LeaderElection69] INFO  impl.LeaderElection (LeaderElection.java:askForVotes(321)) - caf183e4-1f79-482a-9e33-59f38e9311f0@group-996E77A5C1C0-LeaderElection69 ELECTION round 0: submit vote requests at term 1 for -1: peers:[caf183e4-1f79-482a-9e33-59f38e9311f0|10.1.0.11:15424]|listeners:[], old=null
2024-03-15 21:40:26,457 [caf183e4-1f79-482a-9e33-59f38e9311f0@group-996E77A5C1C0-LeaderElection69] INFO  impl.LeaderElection (LeaderElection.java:askForVotes(323)) - caf183e4-1f79-482a-9e33-59f38e9311f0@group-996E77A5C1C0-LeaderElection69 ELECTION round 0: result PASSED (term=1)
2024-03-15 21:40:26,457 [caf183e4-1f79-482a-9e33-59f38e9311f0@group-996E77A5C1C0-LeaderElection69] INFO  impl.RoleInfo (RoleInfo.java:shutdownLeaderElection(130)) - caf183e4-1f79-482a-9e33-59f38e9311f0: shutdown caf183e4-1f79-482a-9e33-59f38e9311f0@group-996E77A5C1C0-LeaderElection69
2024-03-15 21:40:26,457 [caf183e4-1f79-482a-9e33-59f38e9311f0@group-996E77A5C1C0-LeaderElection69] INFO  server.RaftServer$Division (RaftServerImpl.java:setRole(383)) - caf183e4-1f79-482a-9e33-59f38e9311f0@group-996E77A5C1C0: changes role from CANDIDATE to LEADER at term 1 for changeToLeader
2024-03-15 21:40:26,457 [caf183e4-1f79-482a-9e33-59f38e9311f0@group-996E77A5C1C0-LeaderElection69] INFO  server.RaftServerConfigKeys (ConfUtils.java:logGet(46)) - raft.server.staging.catchup.gap = 1000 (default)
2024-03-15 21:40:26,457 [caf183e4-1f79-482a-9e33-59f38e9311f0@group-996E77A5C1C0-LeaderElection69] INFO  server.RaftServerConfigKeys (ConfUtils.java:logGet(46)) - raft.server.write.element-limit = 1024 (custom)
2024-03-15 21:40:26,458 [caf183e4-1f79-482a-9e33-59f38e9311f0@group-996E77A5C1C0-LeaderElection69] INFO  server.RaftServerConfigKeys (ConfUtils.java:logGet(46)) - raft.server.write.byte-limit = 1024 M (=1073741824) (custom)
2024-03-15 21:40:26,458 [caf183e4-1f79-482a-9e33-59f38e9311f0@group-996E77A5C1C0-LeaderElection69] INFO  server.RaftServerConfigKeys (ConfUtils.java:logGet(46)) - raft.server.watch.timeout = 3000ms (custom)
2024-03-15 21:40:26,458 [caf183e4-1f79-482a-9e33-59f38e9311f0@group-996E77A5C1C0-LeaderElection69] INFO  server.RaftServerConfigKeys (ConfUtils.java:logGet(46)) - raft.server.watch.timeout.denomination = 1s (default)
2024-03-15 21:40:26,458 [caf183e4-1f79-482a-9e33-59f38e9311f0@group-996E77A5C1C0-LeaderElection69] INFO  server.RaftServerConfigKeys (ConfUtils.java:logGet(46)) - raft.server.watch.element-limit = 65536 (default)
2024-03-15 21:40:26,458 [caf183e4-1f79-482a-9e33-59f38e9311f0@group-996E77A5C1C0-LeaderElection69] INFO  server.RaftServerConfigKeys (ConfUtils.java:logGet(46)) - raft.server.read.leader.lease.enabled = false (default)
2024-03-15 21:40:26,458 [caf183e4-1f79-482a-9e33-59f38e9311f0@group-996E77A5C1C0-LeaderElection69] INFO  server.RaftServerConfigKeys (ConfUtils.java:logGet(46)) - raft.server.read.leader.lease.timeout.ratio = 0.9 (default)
2024-03-15 21:40:26,458 [caf183e4-1f79-482a-9e33-59f38e9311f0@group-996E77A5C1C0-LeaderElection69] INFO  server.RaftServerConfigKeys (ConfUtils.java:logGet(46)) - raft.server.rpc.timeout.min = 5s (custom)
2024-03-15 21:40:26,458 [caf183e4-1f79-482a-9e33-59f38e9311f0@group-996E77A5C1C0-LeaderElection69] INFO  server.RaftServerConfigKeys (ConfUtils.java:logGet(46)) - raft.server.write.element-limit = 1024 (custom)
2024-03-15 21:40:26,458 [caf183e4-1f79-482a-9e33-59f38e9311f0@group-996E77A5C1C0-LeaderElection69] INFO  server.RaftServerConfigKeys (ConfUtils.java:logGet(46)) - raft.server.write.follower.gap.ratio.max = -1.0 (default)
2024-03-15 21:40:26,458 [caf183e4-1f79-482a-9e33-59f38e9311f0@group-996E77A5C1C0-LeaderElection69] INFO  impl.RoleInfo (RoleInfo.java:updateAndGet(139)) - caf183e4-1f79-482a-9e33-59f38e9311f0: start caf183e4-1f79-482a-9e33-59f38e9311f0@group-996E77A5C1C0-LeaderStateImpl
2024-03-15 21:40:26,458 [caf183e4-1f79-482a-9e33-59f38e9311f0@group-996E77A5C1C0-LeaderElection69] INFO  server.RaftServer$Division (RaftServerImpl.java:setFirstElection(574)) - caf183e4-1f79-482a-9e33-59f38e9311f0@group-996E77A5C1C0: set firstElectionSinceStartup to false for becomeLeader
2024-03-15 21:40:26,458 [caf183e4-1f79-482a-9e33-59f38e9311f0@group-996E77A5C1C0-LeaderElection69] INFO  ratis.XceiverServerRatis (XceiverServerRatis.java:handleLeaderChangedNotification(966)) - Leader change notification received for group: group-996E77A5C1C0 with new leaderId: caf183e4-1f79-482a-9e33-59f38e9311f0
2024-03-15 21:40:26,458 [caf183e4-1f79-482a-9e33-59f38e9311f0@group-996E77A5C1C0-LeaderElection69] INFO  server.RaftServer$Division (ServerState.java:setLeader(269)) - caf183e4-1f79-482a-9e33-59f38e9311f0@group-996E77A5C1C0: change Leader from null to caf183e4-1f79-482a-9e33-59f38e9311f0 at term 1 for becomeLeader, leader elected after 5062ms
2024-03-15 21:40:26,459 [caf183e4-1f79-482a-9e33-59f38e9311f0@group-996E77A5C1C0-LeaderElection69] INFO  segmented.SegmentedRaftLogWorker (SegmentedRaftLogWorker.java:startLogSegment(430)) - caf183e4-1f79-482a-9e33-59f38e9311f0@group-996E77A5C1C0-SegmentedRaftLogWorker: Starting segment from index:0
2024-03-15 21:40:26,460 [caf183e4-1f79-482a-9e33-59f38e9311f0@group-996E77A5C1C0-LeaderElection69] INFO  server.RaftServer$Division (ServerState.java:setRaftConf(386)) - caf183e4-1f79-482a-9e33-59f38e9311f0@group-996E77A5C1C0: set configuration 0: peers:[caf183e4-1f79-482a-9e33-59f38e9311f0|10.1.0.11:15424]|listeners:[], old=null
2024-03-15 21:40:26,460 [caf183e4-1f79-482a-9e33-59f38e9311f0@group-996E77A5C1C0-SegmentedRaftLogWorker] INFO  segmented.BufferedWriteChannel (BufferedWriteChannel.java:open(62)) - open log_inprogress_0 at position 0
2024-03-15 21:40:26,460 [3dfa3a40-7be8-4b27-818e-b4bcb1f9d011@group-875641190752-FollowerState] INFO  impl.FollowerState (FollowerState.java:run(143)) - 3dfa3a40-7be8-4b27-818e-b4bcb1f9d011@group-875641190752-FollowerState: change to CANDIDATE, lastRpcElapsedTime:5143380945ns, electionTimeout:5143ms
2024-03-15 21:40:26,460 [3dfa3a40-7be8-4b27-818e-b4bcb1f9d011@group-875641190752-FollowerState] INFO  impl.RoleInfo (RoleInfo.java:shutdownFollowerState(110)) - 3dfa3a40-7be8-4b27-818e-b4bcb1f9d011: shutdown 3dfa3a40-7be8-4b27-818e-b4bcb1f9d011@group-875641190752-FollowerState
2024-03-15 21:40:26,460 [3dfa3a40-7be8-4b27-818e-b4bcb1f9d011@group-875641190752-FollowerState] INFO  server.RaftServer$Division (RaftServerImpl.java:setRole(383)) - 3dfa3a40-7be8-4b27-818e-b4bcb1f9d011@group-875641190752: changes role from  FOLLOWER to CANDIDATE at term 0 for changeToCandidate
2024-03-15 21:40:26,460 [3dfa3a40-7be8-4b27-818e-b4bcb1f9d011@group-875641190752-FollowerState] INFO  server.RaftServerConfigKeys (ConfUtils.java:logGet(46)) - raft.server.leaderelection.pre-vote = true (default)
2024-03-15 21:40:26,460 [3dfa3a40-7be8-4b27-818e-b4bcb1f9d011@group-875641190752-FollowerState] INFO  impl.RoleInfo (RoleInfo.java:updateAndGet(139)) - 3dfa3a40-7be8-4b27-818e-b4bcb1f9d011: start 3dfa3a40-7be8-4b27-818e-b4bcb1f9d011@group-875641190752-LeaderElection70
2024-03-15 21:40:26,461 [3dfa3a40-7be8-4b27-818e-b4bcb1f9d011@group-875641190752-LeaderElection70] INFO  impl.LeaderElection (LeaderElection.java:askForVotes(321)) - 3dfa3a40-7be8-4b27-818e-b4bcb1f9d011@group-875641190752-LeaderElection70 PRE_VOTE round 0: submit vote requests at term 0 for -1: peers:[3dfa3a40-7be8-4b27-818e-b4bcb1f9d011|10.1.0.11:15415]|listeners:[], old=null
2024-03-15 21:40:26,461 [3dfa3a40-7be8-4b27-818e-b4bcb1f9d011@group-875641190752-LeaderElection70] INFO  impl.LeaderElection (LeaderElection.java:askForVotes(323)) - 3dfa3a40-7be8-4b27-818e-b4bcb1f9d011@group-875641190752-LeaderElection70 PRE_VOTE round 0: result PASSED (term=0)
2024-03-15 21:40:26,462 [3dfa3a40-7be8-4b27-818e-b4bcb1f9d011@group-875641190752-LeaderElection70] INFO  impl.LeaderElection (LeaderElection.java:askForVotes(321)) - 3dfa3a40-7be8-4b27-818e-b4bcb1f9d011@group-875641190752-LeaderElection70 ELECTION round 0: submit vote requests at term 1 for -1: peers:[3dfa3a40-7be8-4b27-818e-b4bcb1f9d011|10.1.0.11:15415]|listeners:[], old=null
2024-03-15 21:40:26,462 [3dfa3a40-7be8-4b27-818e-b4bcb1f9d011@group-875641190752-LeaderElection70] INFO  impl.LeaderElection (LeaderElection.java:askForVotes(323)) - 3dfa3a40-7be8-4b27-818e-b4bcb1f9d011@group-875641190752-LeaderElection70 ELECTION round 0: result PASSED (term=1)
2024-03-15 21:40:26,462 [3dfa3a40-7be8-4b27-818e-b4bcb1f9d011@group-875641190752-LeaderElection70] INFO  impl.RoleInfo (RoleInfo.java:shutdownLeaderElection(130)) - 3dfa3a40-7be8-4b27-818e-b4bcb1f9d011: shutdown 3dfa3a40-7be8-4b27-818e-b4bcb1f9d011@group-875641190752-LeaderElection70
2024-03-15 21:40:26,462 [3dfa3a40-7be8-4b27-818e-b4bcb1f9d011@group-875641190752-LeaderElection70] INFO  server.RaftServer$Division (RaftServerImpl.java:setRole(383)) - 3dfa3a40-7be8-4b27-818e-b4bcb1f9d011@group-875641190752: changes role from CANDIDATE to LEADER at term 1 for changeToLeader
2024-03-15 21:40:26,462 [3dfa3a40-7be8-4b27-818e-b4bcb1f9d011@group-875641190752-LeaderElection70] INFO  server.RaftServerConfigKeys (ConfUtils.java:logGet(46)) - raft.server.staging.catchup.gap = 1000 (default)
2024-03-15 21:40:26,462 [3dfa3a40-7be8-4b27-818e-b4bcb1f9d011@group-875641190752-LeaderElection70] INFO  server.RaftServerConfigKeys (ConfUtils.java:logGet(46)) - raft.server.write.element-limit = 1024 (custom)
2024-03-15 21:40:26,462 [3dfa3a40-7be8-4b27-818e-b4bcb1f9d011@group-875641190752-LeaderElection70] INFO  server.RaftServerConfigKeys (ConfUtils.java:logGet(46)) - raft.server.write.byte-limit = 1024 M (=1073741824) (custom)
2024-03-15 21:40:26,463 [caf183e4-1f79-482a-9e33-59f38e9311f0@group-A2D1DD8F5B2A-FollowerState] INFO  impl.FollowerState (FollowerState.java:run(143)) - caf183e4-1f79-482a-9e33-59f38e9311f0@group-A2D1DD8F5B2A-FollowerState: change to CANDIDATE, lastRpcElapsedTime:5045550694ns, electionTimeout:5045ms
2024-03-15 21:40:26,463 [caf183e4-1f79-482a-9e33-59f38e9311f0@group-A2D1DD8F5B2A-FollowerState] INFO  impl.RoleInfo (RoleInfo.java:shutdownFollowerState(110)) - caf183e4-1f79-482a-9e33-59f38e9311f0: shutdown caf183e4-1f79-482a-9e33-59f38e9311f0@group-A2D1DD8F5B2A-FollowerState
2024-03-15 21:40:26,463 [caf183e4-1f79-482a-9e33-59f38e9311f0@group-A2D1DD8F5B2A-FollowerState] INFO  server.RaftServer$Division (RaftServerImpl.java:setRole(383)) - caf183e4-1f79-482a-9e33-59f38e9311f0@group-A2D1DD8F5B2A: changes role from  FOLLOWER to CANDIDATE at term 0 for changeToCandidate
2024-03-15 21:40:26,463 [caf183e4-1f79-482a-9e33-59f38e9311f0@group-A2D1DD8F5B2A-FollowerState] INFO  server.RaftServerConfigKeys (ConfUtils.java:logGet(46)) - raft.server.leaderelection.pre-vote = true (default)
2024-03-15 21:40:26,463 [caf183e4-1f79-482a-9e33-59f38e9311f0@group-A2D1DD8F5B2A-FollowerState] INFO  impl.RoleInfo (RoleInfo.java:updateAndGet(139)) - caf183e4-1f79-482a-9e33-59f38e9311f0: start caf183e4-1f79-482a-9e33-59f38e9311f0@group-A2D1DD8F5B2A-LeaderElection71
2024-03-15 21:40:26,463 [3dfa3a40-7be8-4b27-818e-b4bcb1f9d011@group-875641190752-LeaderElection70] INFO  server.RaftServerConfigKeys (ConfUtils.java:logGet(46)) - raft.server.watch.timeout = 3000ms (custom)
2024-03-15 21:40:26,464 [caf183e4-1f79-482a-9e33-59f38e9311f0@group-A2D1DD8F5B2A-LeaderElection71] INFO  impl.LeaderElection (LeaderElection.java:askForVotes(321)) - caf183e4-1f79-482a-9e33-59f38e9311f0@group-A2D1DD8F5B2A-LeaderElection71 PRE_VOTE round 0: submit vote requests at term 0 for -1: peers:[2bf5d123-a097-49f6-8df3-d3538d4bb7b0|10.1.0.11:15442, b15e7803-4f8e-4e49-829e-8079360f838e|10.1.0.11:15433, caf183e4-1f79-482a-9e33-59f38e9311f0|10.1.0.11:15424]|listeners:[], old=null
2024-03-15 21:40:26,464 [3dfa3a40-7be8-4b27-818e-b4bcb1f9d011@group-875641190752-LeaderElection70] INFO  server.RaftServerConfigKeys (ConfUtils.java:logGet(46)) - raft.server.watch.timeout.denomination = 1s (default)
2024-03-15 21:40:26,464 [3dfa3a40-7be8-4b27-818e-b4bcb1f9d011@group-875641190752-LeaderElection70] INFO  server.RaftServerConfigKeys (ConfUtils.java:logGet(46)) - raft.server.watch.element-limit = 65536 (default)
2024-03-15 21:40:26,464 [3dfa3a40-7be8-4b27-818e-b4bcb1f9d011@group-875641190752-LeaderElection70] INFO  server.RaftServerConfigKeys (ConfUtils.java:logGet(46)) - raft.server.read.leader.lease.enabled = false (default)
2024-03-15 21:40:26,464 [3dfa3a40-7be8-4b27-818e-b4bcb1f9d011@group-875641190752-LeaderElection70] INFO  server.RaftServerConfigKeys (ConfUtils.java:logGet(46)) - raft.server.read.leader.lease.timeout.ratio = 0.9 (default)
2024-03-15 21:40:26,464 [3dfa3a40-7be8-4b27-818e-b4bcb1f9d011@group-875641190752-LeaderElection70] INFO  server.RaftServerConfigKeys (ConfUtils.java:logGet(46)) - raft.server.rpc.timeout.min = 5s (custom)
2024-03-15 21:40:26,464 [caf183e4-1f79-482a-9e33-59f38e9311f0@group-A2D1DD8F5B2A-LeaderElection71-1] INFO  server.GrpcServerProtocolClient (GrpcServerProtocolClient.java:<init>(65)) - Build channel for 2bf5d123-a097-49f6-8df3-d3538d4bb7b0|10.1.0.11:15442
2024-03-15 21:40:26,464 [caf183e4-1f79-482a-9e33-59f38e9311f0@group-A2D1DD8F5B2A-LeaderElection71-2] INFO  server.GrpcServerProtocolClient (GrpcServerProtocolClient.java:<init>(65)) - Build channel for b15e7803-4f8e-4e49-829e-8079360f838e|10.1.0.11:15433
2024-03-15 21:40:26,464 [3dfa3a40-7be8-4b27-818e-b4bcb1f9d011@group-875641190752-LeaderElection70] INFO  server.RaftServerConfigKeys (ConfUtils.java:logGet(46)) - raft.server.write.element-limit = 1024 (custom)
2024-03-15 21:40:26,464 [caf183e4-1f79-482a-9e33-59f38e9311f0@group-A2D1DD8F5B2A-LeaderElection71] INFO  server.RaftServerConfigKeys (ConfUtils.java:logFallback(53)) - raft.server.rpc.first-election.timeout.min = 5s (fallback to raft.server.rpc.timeout.min)
2024-03-15 21:40:26,464 [caf183e4-1f79-482a-9e33-59f38e9311f0@group-A2D1DD8F5B2A-LeaderElection71] INFO  server.RaftServerConfigKeys (ConfUtils.java:logFallback(53)) - raft.server.rpc.first-election.timeout.max = 5200ms (fallback to raft.server.rpc.timeout.max)
2024-03-15 21:40:26,464 [3dfa3a40-7be8-4b27-818e-b4bcb1f9d011@group-875641190752-LeaderElection70] INFO  server.RaftServerConfigKeys (ConfUtils.java:logGet(46)) - raft.server.write.follower.gap.ratio.max = -1.0 (default)
2024-03-15 21:40:26,465 [3dfa3a40-7be8-4b27-818e-b4bcb1f9d011@group-875641190752-LeaderElection70] INFO  impl.RoleInfo (RoleInfo.java:updateAndGet(139)) - 3dfa3a40-7be8-4b27-818e-b4bcb1f9d011: start 3dfa3a40-7be8-4b27-818e-b4bcb1f9d011@group-875641190752-LeaderStateImpl
2024-03-15 21:40:26,465 [3dfa3a40-7be8-4b27-818e-b4bcb1f9d011@group-875641190752-LeaderElection70] INFO  server.RaftServer$Division (RaftServerImpl.java:setFirstElection(574)) - 3dfa3a40-7be8-4b27-818e-b4bcb1f9d011@group-875641190752: set firstElectionSinceStartup to false for becomeLeader
2024-03-15 21:40:26,465 [3dfa3a40-7be8-4b27-818e-b4bcb1f9d011@group-875641190752-LeaderElection70] INFO  ratis.XceiverServerRatis (XceiverServerRatis.java:handleLeaderChangedNotification(966)) - Leader change notification received for group: group-875641190752 with new leaderId: 3dfa3a40-7be8-4b27-818e-b4bcb1f9d011
2024-03-15 21:40:26,465 [3dfa3a40-7be8-4b27-818e-b4bcb1f9d011@group-875641190752-LeaderElection70] INFO  server.RaftServer$Division (ServerState.java:setLeader(269)) - 3dfa3a40-7be8-4b27-818e-b4bcb1f9d011@group-875641190752: change Leader from null to 3dfa3a40-7be8-4b27-818e-b4bcb1f9d011 at term 1 for becomeLeader, leader elected after 5156ms
2024-03-15 21:40:26,465 [3dfa3a40-7be8-4b27-818e-b4bcb1f9d011@group-875641190752-LeaderElection70] INFO  segmented.SegmentedRaftLogWorker (SegmentedRaftLogWorker.java:startLogSegment(430)) - 3dfa3a40-7be8-4b27-818e-b4bcb1f9d011@group-875641190752-SegmentedRaftLogWorker: Starting segment from index:0
2024-03-15 21:40:26,465 [3dfa3a40-7be8-4b27-818e-b4bcb1f9d011@group-875641190752-SegmentedRaftLogWorker] INFO  segmented.BufferedWriteChannel (BufferedWriteChannel.java:open(62)) - open log_inprogress_0 at position 0
2024-03-15 21:40:26,468 [3dfa3a40-7be8-4b27-818e-b4bcb1f9d011@group-875641190752-LeaderElection70] INFO  server.RaftServer$Division (ServerState.java:setRaftConf(386)) - 3dfa3a40-7be8-4b27-818e-b4bcb1f9d011@group-875641190752: set configuration 0: peers:[3dfa3a40-7be8-4b27-818e-b4bcb1f9d011|10.1.0.11:15415]|listeners:[], old=null
2024-03-15 21:40:26,471 [caf183e4-1f79-482a-9e33-59f38e9311f0@group-996E77A5C1C0-SegmentedRaftLogWorker] INFO  segmented.SegmentedRaftLogWorker (SegmentedRaftLogWorker.java:execute(634)) - caf183e4-1f79-482a-9e33-59f38e9311f0@group-996E77A5C1C0-SegmentedRaftLogWorker: created new log segment /home/runner/work/ozone/ozone/hadoop-ozone/integration-test/target/test-dir/MiniOzoneClusterImpl-9d1dee8c-d44a-4a38-8f2b-42c9fdbb6771/ozone-meta/datanode-7/ratis/d6dc2d70-7b49-486f-a3c5-996e77a5c1c0/current/log_inprogress_0
2024-03-15 21:40:26,472 [grpc-default-executor-5] INFO  server.RaftServer$Division (RaftServerImpl.java:requestVote(1389)) - b15e7803-4f8e-4e49-829e-8079360f838e@group-A2D1DD8F5B2A: receive requestVote(PRE_VOTE, caf183e4-1f79-482a-9e33-59f38e9311f0, group-A2D1DD8F5B2A, 0, (t:0, i:0))
2024-03-15 21:40:26,472 [grpc-default-executor-5] INFO  impl.VoteContext (VoteContext.java:log(49)) - b15e7803-4f8e-4e49-829e-8079360f838e@group-A2D1DD8F5B2A-FOLLOWER: accept PRE_VOTE from caf183e4-1f79-482a-9e33-59f38e9311f0: our priority 0 <= candidate's priority 1
2024-03-15 21:40:26,472 [grpc-default-executor-5] INFO  server.RaftServer$Division (RaftServerImpl.java:requestVote(1422)) - b15e7803-4f8e-4e49-829e-8079360f838e@group-A2D1DD8F5B2A replies to PRE_VOTE vote request: caf183e4-1f79-482a-9e33-59f38e9311f0<-b15e7803-4f8e-4e49-829e-8079360f838e#0:OK-t0. Peer's state: b15e7803-4f8e-4e49-829e-8079360f838e@group-A2D1DD8F5B2A:t0, leader=null, voted=, raftlog=Memoized:b15e7803-4f8e-4e49-829e-8079360f838e@group-A2D1DD8F5B2A-SegmentedRaftLog:OPENED:c-1, conf=-1: peers:[2bf5d123-a097-49f6-8df3-d3538d4bb7b0|10.1.0.11:15442, b15e7803-4f8e-4e49-829e-8079360f838e|10.1.0.11:15433, caf183e4-1f79-482a-9e33-59f38e9311f0|10.1.0.11:15424]|listeners:[], old=null
2024-03-15 21:40:26,473 [caf183e4-1f79-482a-9e33-59f38e9311f0@group-A2D1DD8F5B2A-LeaderElection71] INFO  impl.LeaderElection (LeaderElection.java:logAndReturn(89)) - caf183e4-1f79-482a-9e33-59f38e9311f0@group-A2D1DD8F5B2A-LeaderElection71: PRE_VOTE PASSED received 1 response(s) and 0 exception(s):
2024-03-15 21:40:26,473 [caf183e4-1f79-482a-9e33-59f38e9311f0@group-A2D1DD8F5B2A-LeaderElection71] INFO  impl.LeaderElection (LeaderElection.java:logAndReturn(93)) -   Response 0: caf183e4-1f79-482a-9e33-59f38e9311f0<-b15e7803-4f8e-4e49-829e-8079360f838e#0:OK-t0
2024-03-15 21:40:26,473 [caf183e4-1f79-482a-9e33-59f38e9311f0@group-A2D1DD8F5B2A-LeaderElection71] INFO  impl.LeaderElection (LeaderElection.java:askForVotes(323)) - caf183e4-1f79-482a-9e33-59f38e9311f0@group-A2D1DD8F5B2A-LeaderElection71 PRE_VOTE round 0: result PASSED
2024-03-15 21:40:26,473 [3dfa3a40-7be8-4b27-818e-b4bcb1f9d011@group-875641190752-SegmentedRaftLogWorker] INFO  segmented.SegmentedRaftLogWorker (SegmentedRaftLogWorker.java:execute(634)) - 3dfa3a40-7be8-4b27-818e-b4bcb1f9d011@group-875641190752-SegmentedRaftLogWorker: created new log segment /home/runner/work/ozone/ozone/hadoop-ozone/integration-test/target/test-dir/MiniOzoneClusterImpl-9d1dee8c-d44a-4a38-8f2b-42c9fdbb6771/ozone-meta/datanode-6/ratis/8e5ecdec-aac4-4dea-94c2-875641190752/current/log_inprogress_0
2024-03-15 21:40:26,474 [caf183e4-1f79-482a-9e33-59f38e9311f0@group-A2D1DD8F5B2A-LeaderElection71] INFO  impl.LeaderElection (LeaderElection.java:askForVotes(321)) - caf183e4-1f79-482a-9e33-59f38e9311f0@group-A2D1DD8F5B2A-LeaderElection71 ELECTION round 0: submit vote requests at term 1 for -1: peers:[2bf5d123-a097-49f6-8df3-d3538d4bb7b0|10.1.0.11:15442, b15e7803-4f8e-4e49-829e-8079360f838e|10.1.0.11:15433, caf183e4-1f79-482a-9e33-59f38e9311f0|10.1.0.11:15424]|listeners:[], old=null
2024-03-15 21:40:26,474 [grpc-default-executor-5] INFO  server.RaftServer$Division (RaftServerImpl.java:requestVote(1389)) - 2bf5d123-a097-49f6-8df3-d3538d4bb7b0@group-A2D1DD8F5B2A: receive requestVote(PRE_VOTE, caf183e4-1f79-482a-9e33-59f38e9311f0, group-A2D1DD8F5B2A, 0, (t:0, i:0))
2024-03-15 21:40:26,474 [grpc-default-executor-5] INFO  impl.VoteContext (VoteContext.java:log(49)) - 2bf5d123-a097-49f6-8df3-d3538d4bb7b0@group-A2D1DD8F5B2A-FOLLOWER: accept PRE_VOTE from caf183e4-1f79-482a-9e33-59f38e9311f0: our priority 0 <= candidate's priority 1
2024-03-15 21:40:26,474 [grpc-default-executor-5] INFO  server.RaftServer$Division (RaftServerImpl.java:requestVote(1422)) - 2bf5d123-a097-49f6-8df3-d3538d4bb7b0@group-A2D1DD8F5B2A replies to PRE_VOTE vote request: caf183e4-1f79-482a-9e33-59f38e9311f0<-2bf5d123-a097-49f6-8df3-d3538d4bb7b0#0:OK-t0. Peer's state: 2bf5d123-a097-49f6-8df3-d3538d4bb7b0@group-A2D1DD8F5B2A:t0, leader=null, voted=, raftlog=Memoized:2bf5d123-a097-49f6-8df3-d3538d4bb7b0@group-A2D1DD8F5B2A-SegmentedRaftLog:OPENED:c-1, conf=-1: peers:[2bf5d123-a097-49f6-8df3-d3538d4bb7b0|10.1.0.11:15442, b15e7803-4f8e-4e49-829e-8079360f838e|10.1.0.11:15433, caf183e4-1f79-482a-9e33-59f38e9311f0|10.1.0.11:15424]|listeners:[], old=null
2024-03-15 21:40:26,474 [caf183e4-1f79-482a-9e33-59f38e9311f0@group-A2D1DD8F5B2A-LeaderElection71] INFO  server.RaftServerConfigKeys (ConfUtils.java:logFallback(53)) - raft.server.rpc.first-election.timeout.min = 5s (fallback to raft.server.rpc.timeout.min)
2024-03-15 21:40:26,474 [caf183e4-1f79-482a-9e33-59f38e9311f0@group-A2D1DD8F5B2A-LeaderElection71] INFO  server.RaftServerConfigKeys (ConfUtils.java:logFallback(53)) - raft.server.rpc.first-election.timeout.max = 5200ms (fallback to raft.server.rpc.timeout.max)
2024-03-15 21:40:26,475 [grpc-default-executor-2] INFO  server.RaftServer$Division (RaftServerImpl.java:requestVote(1389)) - b15e7803-4f8e-4e49-829e-8079360f838e@group-A2D1DD8F5B2A: receive requestVote(ELECTION, caf183e4-1f79-482a-9e33-59f38e9311f0, group-A2D1DD8F5B2A, 1, (t:0, i:0))
2024-03-15 21:40:26,476 [grpc-default-executor-3] INFO  server.RaftServer$Division (RaftServerImpl.java:requestVote(1389)) - 2bf5d123-a097-49f6-8df3-d3538d4bb7b0@group-A2D1DD8F5B2A: receive requestVote(ELECTION, caf183e4-1f79-482a-9e33-59f38e9311f0, group-A2D1DD8F5B2A, 1, (t:0, i:0))
2024-03-15 21:40:26,477 [grpc-default-executor-2] INFO  impl.VoteContext (VoteContext.java:log(49)) - b15e7803-4f8e-4e49-829e-8079360f838e@group-A2D1DD8F5B2A-FOLLOWER: accept ELECTION from caf183e4-1f79-482a-9e33-59f38e9311f0: our priority 0 <= candidate's priority 1
2024-03-15 21:40:26,477 [grpc-default-executor-2] INFO  server.RaftServer$Division (RaftServerImpl.java:setRole(383)) - b15e7803-4f8e-4e49-829e-8079360f838e@group-A2D1DD8F5B2A: changes role from  FOLLOWER to FOLLOWER at term 1 for candidate:caf183e4-1f79-482a-9e33-59f38e9311f0
2024-03-15 21:40:26,477 [grpc-default-executor-2] INFO  impl.RoleInfo (RoleInfo.java:shutdownFollowerState(110)) - b15e7803-4f8e-4e49-829e-8079360f838e: shutdown b15e7803-4f8e-4e49-829e-8079360f838e@group-A2D1DD8F5B2A-FollowerState
2024-03-15 21:40:26,477 [grpc-default-executor-2] INFO  impl.RoleInfo (RoleInfo.java:updateAndGet(139)) - b15e7803-4f8e-4e49-829e-8079360f838e: start b15e7803-4f8e-4e49-829e-8079360f838e@group-A2D1DD8F5B2A-FollowerState
2024-03-15 21:40:26,477 [b15e7803-4f8e-4e49-829e-8079360f838e@group-A2D1DD8F5B2A-FollowerState] INFO  impl.FollowerState (FollowerState.java:run(152)) - b15e7803-4f8e-4e49-829e-8079360f838e@group-A2D1DD8F5B2A-FollowerState was interrupted
2024-03-15 21:40:26,477 [grpc-default-executor-2] INFO  server.RaftServer$Division (RaftServerImpl.java:setFirstElection(574)) - b15e7803-4f8e-4e49-829e-8079360f838e@group-A2D1DD8F5B2A: set firstElectionSinceStartup to false for candidate:caf183e4-1f79-482a-9e33-59f38e9311f0
2024-03-15 21:40:26,477 [grpc-default-executor-3] INFO  impl.VoteContext (VoteContext.java:log(49)) - 2bf5d123-a097-49f6-8df3-d3538d4bb7b0@group-A2D1DD8F5B2A-FOLLOWER: accept ELECTION from caf183e4-1f79-482a-9e33-59f38e9311f0: our priority 0 <= candidate's priority 1
2024-03-15 21:40:26,477 [grpc-default-executor-3] INFO  server.RaftServer$Division (RaftServerImpl.java:setRole(383)) - 2bf5d123-a097-49f6-8df3-d3538d4bb7b0@group-A2D1DD8F5B2A: changes role from  FOLLOWER to FOLLOWER at term 1 for candidate:caf183e4-1f79-482a-9e33-59f38e9311f0
2024-03-15 21:40:26,477 [grpc-default-executor-3] INFO  impl.RoleInfo (RoleInfo.java:shutdownFollowerState(110)) - 2bf5d123-a097-49f6-8df3-d3538d4bb7b0: shutdown 2bf5d123-a097-49f6-8df3-d3538d4bb7b0@group-A2D1DD8F5B2A-FollowerState
2024-03-15 21:40:26,477 [grpc-default-executor-3] INFO  impl.RoleInfo (RoleInfo.java:updateAndGet(139)) - 2bf5d123-a097-49f6-8df3-d3538d4bb7b0: start 2bf5d123-a097-49f6-8df3-d3538d4bb7b0@group-A2D1DD8F5B2A-FollowerState
2024-03-15 21:40:26,477 [2bf5d123-a097-49f6-8df3-d3538d4bb7b0@group-A2D1DD8F5B2A-FollowerState] INFO  impl.FollowerState (FollowerState.java:run(152)) - 2bf5d123-a097-49f6-8df3-d3538d4bb7b0@group-A2D1DD8F5B2A-FollowerState was interrupted
2024-03-15 21:40:26,477 [grpc-default-executor-3] INFO  server.RaftServer$Division (RaftServerImpl.java:setFirstElection(574)) - 2bf5d123-a097-49f6-8df3-d3538d4bb7b0@group-A2D1DD8F5B2A: set firstElectionSinceStartup to false for candidate:caf183e4-1f79-482a-9e33-59f38e9311f0
2024-03-15 21:40:26,477 [caf183e4-1f79-482a-9e33-59f38e9311f0@group-996E77A5C1C0-StateMachineUpdater] INFO  server.RaftServer$Division (LeaderStateImpl.java:isApplied(320)) - leader is ready since appliedIndex == 0 >= startIndex == 0
2024-03-15 21:40:26,478 [3dfa3a40-7be8-4b27-818e-b4bcb1f9d011@group-875641190752-StateMachineUpdater] INFO  server.RaftServer$Division (LeaderStateImpl.java:isApplied(320)) - leader is ready since appliedIndex == 0 >= startIndex == 0
2024-03-15 21:40:26,479 [grpc-default-executor-2] INFO  server.RaftServer$Division (RaftServerImpl.java:requestVote(1422)) - b15e7803-4f8e-4e49-829e-8079360f838e@group-A2D1DD8F5B2A replies to ELECTION vote request: caf183e4-1f79-482a-9e33-59f38e9311f0<-b15e7803-4f8e-4e49-829e-8079360f838e#0:OK-t1. Peer's state: b15e7803-4f8e-4e49-829e-8079360f838e@group-A2D1DD8F5B2A:t1, leader=null, voted=caf183e4-1f79-482a-9e33-59f38e9311f0, raftlog=Memoized:b15e7803-4f8e-4e49-829e-8079360f838e@group-A2D1DD8F5B2A-SegmentedRaftLog:OPENED:c-1, conf=-1: peers:[2bf5d123-a097-49f6-8df3-d3538d4bb7b0|10.1.0.11:15442, b15e7803-4f8e-4e49-829e-8079360f838e|10.1.0.11:15433, caf183e4-1f79-482a-9e33-59f38e9311f0|10.1.0.11:15424]|listeners:[], old=null
2024-03-15 21:40:26,479 [grpc-default-executor-3] INFO  server.RaftServer$Division (RaftServerImpl.java:requestVote(1422)) - 2bf5d123-a097-49f6-8df3-d3538d4bb7b0@group-A2D1DD8F5B2A replies to ELECTION vote request: caf183e4-1f79-482a-9e33-59f38e9311f0<-2bf5d123-a097-49f6-8df3-d3538d4bb7b0#0:OK-t1. Peer's state: 2bf5d123-a097-49f6-8df3-d3538d4bb7b0@group-A2D1DD8F5B2A:t1, leader=null, voted=caf183e4-1f79-482a-9e33-59f38e9311f0, raftlog=Memoized:2bf5d123-a097-49f6-8df3-d3538d4bb7b0@group-A2D1DD8F5B2A-SegmentedRaftLog:OPENED:c-1, conf=-1: peers:[2bf5d123-a097-49f6-8df3-d3538d4bb7b0|10.1.0.11:15442, b15e7803-4f8e-4e49-829e-8079360f838e|10.1.0.11:15433, caf183e4-1f79-482a-9e33-59f38e9311f0|10.1.0.11:15424]|listeners:[], old=null
2024-03-15 21:40:26,479 [caf183e4-1f79-482a-9e33-59f38e9311f0@group-A2D1DD8F5B2A-LeaderElection71] INFO  impl.LeaderElection (LeaderElection.java:logAndReturn(89)) - caf183e4-1f79-482a-9e33-59f38e9311f0@group-A2D1DD8F5B2A-LeaderElection71: ELECTION PASSED received 1 response(s) and 0 exception(s):
2024-03-15 21:40:26,479 [caf183e4-1f79-482a-9e33-59f38e9311f0@group-A2D1DD8F5B2A-LeaderElection71] INFO  impl.LeaderElection (LeaderElection.java:logAndReturn(93)) -   Response 0: caf183e4-1f79-482a-9e33-59f38e9311f0<-b15e7803-4f8e-4e49-829e-8079360f838e#0:OK-t1
2024-03-15 21:40:26,479 [caf183e4-1f79-482a-9e33-59f38e9311f0@group-A2D1DD8F5B2A-LeaderElection71] INFO  impl.LeaderElection (LeaderElection.java:askForVotes(323)) - caf183e4-1f79-482a-9e33-59f38e9311f0@group-A2D1DD8F5B2A-LeaderElection71 ELECTION round 0: result PASSED
2024-03-15 21:40:26,479 [caf183e4-1f79-482a-9e33-59f38e9311f0@group-A2D1DD8F5B2A-LeaderElection71] INFO  impl.RoleInfo (RoleInfo.java:shutdownLeaderElection(130)) - caf183e4-1f79-482a-9e33-59f38e9311f0: shutdown caf183e4-1f79-482a-9e33-59f38e9311f0@group-A2D1DD8F5B2A-LeaderElection71
2024-03-15 21:40:26,479 [caf183e4-1f79-482a-9e33-59f38e9311f0@group-A2D1DD8F5B2A-LeaderElection71] INFO  server.RaftServer$Division (RaftServerImpl.java:setRole(383)) - caf183e4-1f79-482a-9e33-59f38e9311f0@group-A2D1DD8F5B2A: changes role from CANDIDATE to LEADER at term 1 for changeToLeader
2024-03-15 21:40:26,479 [caf183e4-1f79-482a-9e33-59f38e9311f0@group-A2D1DD8F5B2A-LeaderElection71] INFO  server.RaftServerConfigKeys (ConfUtils.java:logGet(46)) - raft.server.staging.catchup.gap = 1000 (default)
2024-03-15 21:40:26,480 [caf183e4-1f79-482a-9e33-59f38e9311f0@group-A2D1DD8F5B2A-LeaderElection71] INFO  server.RaftServerConfigKeys (ConfUtils.java:logGet(46)) - raft.server.write.element-limit = 1024 (custom)
2024-03-15 21:40:26,480 [caf183e4-1f79-482a-9e33-59f38e9311f0@group-A2D1DD8F5B2A-LeaderElection71] INFO  server.RaftServerConfigKeys (ConfUtils.java:logGet(46)) - raft.server.write.byte-limit = 1024 M (=1073741824) (custom)
2024-03-15 21:40:26,480 [caf183e4-1f79-482a-9e33-59f38e9311f0@group-A2D1DD8F5B2A-LeaderElection71] INFO  server.RaftServerConfigKeys (ConfUtils.java:logGet(46)) - raft.server.watch.timeout = 3000ms (custom)
2024-03-15 21:40:26,480 [caf183e4-1f79-482a-9e33-59f38e9311f0@group-A2D1DD8F5B2A-LeaderElection71] INFO  server.RaftServerConfigKeys (ConfUtils.java:logGet(46)) - raft.server.watch.timeout.denomination = 1s (default)
2024-03-15 21:40:26,480 [caf183e4-1f79-482a-9e33-59f38e9311f0@group-A2D1DD8F5B2A-LeaderElection71] INFO  server.RaftServerConfigKeys (ConfUtils.java:logGet(46)) - raft.server.watch.element-limit = 65536 (default)
2024-03-15 21:40:26,480 [caf183e4-1f79-482a-9e33-59f38e9311f0@group-A2D1DD8F5B2A-LeaderElection71] INFO  server.RaftServerConfigKeys (ConfUtils.java:logGet(46)) - raft.server.read.leader.lease.enabled = false (default)
2024-03-15 21:40:26,480 [caf183e4-1f79-482a-9e33-59f38e9311f0@group-A2D1DD8F5B2A-LeaderElection71] INFO  server.RaftServerConfigKeys (ConfUtils.java:logGet(46)) - raft.server.read.leader.lease.timeout.ratio = 0.9 (default)
2024-03-15 21:40:26,480 [caf183e4-1f79-482a-9e33-59f38e9311f0@group-A2D1DD8F5B2A-LeaderElection71] INFO  server.RaftServerConfigKeys (ConfUtils.java:logGet(46)) - raft.server.rpc.timeout.min = 5s (custom)
2024-03-15 21:40:26,480 [caf183e4-1f79-482a-9e33-59f38e9311f0@group-A2D1DD8F5B2A-LeaderElection71] INFO  server.RaftServerConfigKeys (ConfUtils.java:logGet(46)) - raft.server.write.element-limit = 1024 (custom)
2024-03-15 21:40:26,480 [caf183e4-1f79-482a-9e33-59f38e9311f0@group-A2D1DD8F5B2A-LeaderElection71] INFO  server.RaftServerConfigKeys (ConfUtils.java:logGet(46)) - raft.server.write.follower.gap.ratio.max = -1.0 (default)
2024-03-15 21:40:26,481 [caf183e4-1f79-482a-9e33-59f38e9311f0@group-A2D1DD8F5B2A-LeaderElection71] INFO  server.RaftServerConfigKeys (ConfUtils.java:logGet(46)) - raft.server.log.appender.snapshot.chunk.size.max = 16MB (=16777216) (default)
2024-03-15 21:40:26,481 [caf183e4-1f79-482a-9e33-59f38e9311f0@group-A2D1DD8F5B2A-LeaderElection71] INFO  server.RaftServerConfigKeys (ConfUtils.java:logGet(46)) - raft.server.log.appender.buffer.byte-limit = 8388608 (custom)
2024-03-15 21:40:26,481 [caf183e4-1f79-482a-9e33-59f38e9311f0@group-A2D1DD8F5B2A-LeaderElection71] INFO  server.RaftServerConfigKeys (ConfUtils.java:logGet(46)) - raft.server.log.appender.buffer.element-limit = 1 (custom)
2024-03-15 21:40:26,481 [caf183e4-1f79-482a-9e33-59f38e9311f0@group-A2D1DD8F5B2A-LeaderElection71] INFO  server.RaftServerConfigKeys (ConfUtils.java:logGet(46)) - raft.server.log.appender.wait-time.min = 0ms (custom)
2024-03-15 21:40:26,481 [caf183e4-1f79-482a-9e33-59f38e9311f0@group-A2D1DD8F5B2A-LeaderElection71] INFO  grpc.GrpcConfigKeys (ConfUtils.java:logGet(46)) - raft.grpc.server.leader.outstanding.appends.max = 8 (default)
2024-03-15 21:40:26,481 [caf183e4-1f79-482a-9e33-59f38e9311f0@group-A2D1DD8F5B2A-LeaderElection71] INFO  server.RaftServerConfigKeys (ConfUtils.java:logGet(46)) - raft.server.rpc.request.timeout = 3000ms (default)
2024-03-15 21:40:26,482 [caf183e4-1f79-482a-9e33-59f38e9311f0@group-A2D1DD8F5B2A-LeaderElection71] INFO  grpc.GrpcConfigKeys (ConfUtils.java:logGet(46)) - raft.grpc.server.install_snapshot.request.element-limit = 8 (default)
2024-03-15 21:40:26,482 [caf183e4-1f79-482a-9e33-59f38e9311f0@group-A2D1DD8F5B2A-LeaderElection71] INFO  grpc.GrpcConfigKeys (ConfUtils.java:logGet(46)) - raft.grpc.server.install_snapshot.request.timeout = 3000ms (default)
2024-03-15 21:40:26,482 [caf183e4-1f79-482a-9e33-59f38e9311f0@group-A2D1DD8F5B2A-LeaderElection71] INFO  grpc.GrpcConfigKeys (ConfUtils.java:logGet(46)) - raft.grpc.server.log-message.batch.duration = 5s (default)
2024-03-15 21:40:26,482 [caf183e4-1f79-482a-9e33-59f38e9311f0@group-A2D1DD8F5B2A-LeaderElection71] INFO  server.RaftServerConfigKeys (ConfUtils.java:logGet(46)) - raft.server.log.appender.install.snapshot.enabled = false (custom)
2024-03-15 21:40:26,482 [caf183e4-1f79-482a-9e33-59f38e9311f0@group-A2D1DD8F5B2A-LeaderElection71] INFO  grpc.GrpcConfigKeys (ConfUtils.java:logGet(46)) - raft.grpc.server.heartbeat.channel = true (default)
2024-03-15 21:40:26,483 [caf183e4-1f79-482a-9e33-59f38e9311f0@group-A2D1DD8F5B2A-LeaderElection71] INFO  server.RaftServerConfigKeys (ConfUtils.java:logGet(46)) - raft.server.log.appender.snapshot.chunk.size.max = 16MB (=16777216) (default)
2024-03-15 21:40:26,483 [caf183e4-1f79-482a-9e33-59f38e9311f0@group-A2D1DD8F5B2A-LeaderElection71] INFO  server.RaftServerConfigKeys (ConfUtils.java:logGet(46)) - raft.server.log.appender.buffer.byte-limit = 8388608 (custom)
2024-03-15 21:40:26,483 [caf183e4-1f79-482a-9e33-59f38e9311f0@group-A2D1DD8F5B2A-LeaderElection71] INFO  server.RaftServerConfigKeys (ConfUtils.java:logGet(46)) - raft.server.log.appender.buffer.element-limit = 1 (custom)
2024-03-15 21:40:26,483 [caf183e4-1f79-482a-9e33-59f38e9311f0@group-A2D1DD8F5B2A-LeaderElection71] INFO  server.RaftServerConfigKeys (ConfUtils.java:logGet(46)) - raft.server.log.appender.wait-time.min = 0ms (custom)
2024-03-15 21:40:26,483 [caf183e4-1f79-482a-9e33-59f38e9311f0@group-A2D1DD8F5B2A-LeaderElection71] INFO  grpc.GrpcConfigKeys (ConfUtils.java:logGet(46)) - raft.grpc.server.leader.outstanding.appends.max = 8 (default)
2024-03-15 21:40:26,483 [caf183e4-1f79-482a-9e33-59f38e9311f0@group-A2D1DD8F5B2A-LeaderElection71] INFO  server.RaftServerConfigKeys (ConfUtils.java:logGet(46)) - raft.server.rpc.request.timeout = 3000ms (default)
2024-03-15 21:40:26,483 [caf183e4-1f79-482a-9e33-59f38e9311f0@group-A2D1DD8F5B2A-LeaderElection71] INFO  grpc.GrpcConfigKeys (ConfUtils.java:logGet(46)) - raft.grpc.server.install_snapshot.request.element-limit = 8 (default)
2024-03-15 21:40:26,483 [caf183e4-1f79-482a-9e33-59f38e9311f0@group-A2D1DD8F5B2A-LeaderElection71] INFO  grpc.GrpcConfigKeys (ConfUtils.java:logGet(46)) - raft.grpc.server.install_snapshot.request.timeout = 3000ms (default)
2024-03-15 21:40:26,483 [caf183e4-1f79-482a-9e33-59f38e9311f0@group-A2D1DD8F5B2A-LeaderElection71] INFO  grpc.GrpcConfigKeys (ConfUtils.java:logGet(46)) - raft.grpc.server.log-message.batch.duration = 5s (default)
2024-03-15 21:40:26,484 [caf183e4-1f79-482a-9e33-59f38e9311f0@group-A2D1DD8F5B2A-LeaderElection71] INFO  server.RaftServerConfigKeys (ConfUtils.java:logGet(46)) - raft.server.log.appender.install.snapshot.enabled = false (custom)
2024-03-15 21:40:26,484 [caf183e4-1f79-482a-9e33-59f38e9311f0@group-A2D1DD8F5B2A-LeaderElection71] INFO  grpc.GrpcConfigKeys (ConfUtils.java:logGet(46)) - raft.grpc.server.heartbeat.channel = true (default)
2024-03-15 21:40:26,484 [caf183e4-1f79-482a-9e33-59f38e9311f0@group-A2D1DD8F5B2A-LeaderElection71] INFO  impl.RoleInfo (RoleInfo.java:updateAndGet(139)) - caf183e4-1f79-482a-9e33-59f38e9311f0: start caf183e4-1f79-482a-9e33-59f38e9311f0@group-A2D1DD8F5B2A-LeaderStateImpl
2024-03-15 21:40:26,484 [caf183e4-1f79-482a-9e33-59f38e9311f0@group-A2D1DD8F5B2A-LeaderElection71] INFO  server.RaftServer$Division (RaftServerImpl.java:setFirstElection(574)) - caf183e4-1f79-482a-9e33-59f38e9311f0@group-A2D1DD8F5B2A: set firstElectionSinceStartup to false for becomeLeader
2024-03-15 21:40:26,484 [caf183e4-1f79-482a-9e33-59f38e9311f0@group-A2D1DD8F5B2A-LeaderElection71] INFO  ratis.XceiverServerRatis (XceiverServerRatis.java:handleLeaderChangedNotification(966)) - Leader change notification received for group: group-A2D1DD8F5B2A with new leaderId: caf183e4-1f79-482a-9e33-59f38e9311f0
2024-03-15 21:40:26,484 [caf183e4-1f79-482a-9e33-59f38e9311f0@group-A2D1DD8F5B2A-LeaderElection71] INFO  server.RaftServer$Division (ServerState.java:setLeader(269)) - caf183e4-1f79-482a-9e33-59f38e9311f0@group-A2D1DD8F5B2A: change Leader from null to caf183e4-1f79-482a-9e33-59f38e9311f0 at term 1 for becomeLeader, leader elected after 5076ms
2024-03-15 21:40:26,484 [caf183e4-1f79-482a-9e33-59f38e9311f0@group-A2D1DD8F5B2A-LeaderElection71] INFO  segmented.SegmentedRaftLogWorker (SegmentedRaftLogWorker.java:startLogSegment(430)) - caf183e4-1f79-482a-9e33-59f38e9311f0@group-A2D1DD8F5B2A-SegmentedRaftLogWorker: Starting segment from index:0
2024-03-15 21:40:26,486 [caf183e4-1f79-482a-9e33-59f38e9311f0@group-A2D1DD8F5B2A-LeaderElection71] INFO  server.RaftServer$Division (ServerState.java:setRaftConf(386)) - caf183e4-1f79-482a-9e33-59f38e9311f0@group-A2D1DD8F5B2A: set configuration 0: peers:[2bf5d123-a097-49f6-8df3-d3538d4bb7b0|10.1.0.11:15442, b15e7803-4f8e-4e49-829e-8079360f838e|10.1.0.11:15433, caf183e4-1f79-482a-9e33-59f38e9311f0|10.1.0.11:15424]|listeners:[], old=null
2024-03-15 21:40:26,486 [EventQueue-PipelineReportForPipelineReportHandler] INFO  pipeline.PipelineReportHandler (PipelineReportHandler.java:processPipelineReport(136)) - Opened pipeline PipelineID=aa483ffc-7bbc-45dc-87b3-a2d1dd8f5b2a
2024-03-15 21:40:26,489 [caf183e4-1f79-482a-9e33-59f38e9311f0@group-A2D1DD8F5B2A-SegmentedRaftLogWorker] INFO  segmented.BufferedWriteChannel (BufferedWriteChannel.java:open(62)) - open log_inprogress_0 at position 0
2024-03-15 21:40:26,496 [caf183e4-1f79-482a-9e33-59f38e9311f0@group-A2D1DD8F5B2A-SegmentedRaftLogWorker] INFO  segmented.SegmentedRaftLogWorker (SegmentedRaftLogWorker.java:execute(634)) - caf183e4-1f79-482a-9e33-59f38e9311f0@group-A2D1DD8F5B2A-SegmentedRaftLogWorker: created new log segment /home/runner/work/ozone/ozone/hadoop-ozone/integration-test/target/test-dir/MiniOzoneClusterImpl-9d1dee8c-d44a-4a38-8f2b-42c9fdbb6771/ozone-meta/datanode-7/ratis/aa483ffc-7bbc-45dc-87b3-a2d1dd8f5b2a/current/log_inprogress_0
2024-03-15 21:40:26,500 [b15e7803-4f8e-4e49-829e-8079360f838e-server-thread1] INFO  ratis.XceiverServerRatis (XceiverServerRatis.java:handleLeaderChangedNotification(966)) - Leader change notification received for group: group-A2D1DD8F5B2A with new leaderId: caf183e4-1f79-482a-9e33-59f38e9311f0
2024-03-15 21:40:26,500 [b15e7803-4f8e-4e49-829e-8079360f838e-server-thread1] INFO  server.RaftServer$Division (ServerState.java:setLeader(269)) - b15e7803-4f8e-4e49-829e-8079360f838e@group-A2D1DD8F5B2A: change Leader from null to caf183e4-1f79-482a-9e33-59f38e9311f0 at term 1 for appendEntries, leader elected after 5072ms
2024-03-15 21:40:26,505 [b15e7803-4f8e-4e49-829e-8079360f838e-server-thread1] INFO  server.RaftServer$Division (ServerState.java:setRaftConf(386)) - b15e7803-4f8e-4e49-829e-8079360f838e@group-A2D1DD8F5B2A: set configuration 0: peers:[2bf5d123-a097-49f6-8df3-d3538d4bb7b0|10.1.0.11:15442, b15e7803-4f8e-4e49-829e-8079360f838e|10.1.0.11:15433, caf183e4-1f79-482a-9e33-59f38e9311f0|10.1.0.11:15424]|listeners:[], old=null
2024-03-15 21:40:26,505 [b15e7803-4f8e-4e49-829e-8079360f838e-server-thread1] INFO  segmented.SegmentedRaftLogWorker (SegmentedRaftLogWorker.java:startLogSegment(430)) - b15e7803-4f8e-4e49-829e-8079360f838e@group-A2D1DD8F5B2A-SegmentedRaftLogWorker: Starting segment from index:0
2024-03-15 21:40:26,507 [2bf5d123-a097-49f6-8df3-d3538d4bb7b0-server-thread1] INFO  ratis.XceiverServerRatis (XceiverServerRatis.java:handleLeaderChangedNotification(966)) - Leader change notification received for group: group-A2D1DD8F5B2A with new leaderId: caf183e4-1f79-482a-9e33-59f38e9311f0
2024-03-15 21:40:26,507 [2bf5d123-a097-49f6-8df3-d3538d4bb7b0-server-thread1] INFO  server.RaftServer$Division (ServerState.java:setLeader(269)) - 2bf5d123-a097-49f6-8df3-d3538d4bb7b0@group-A2D1DD8F5B2A: change Leader from null to caf183e4-1f79-482a-9e33-59f38e9311f0 at term 1 for appendEntries, leader elected after 5059ms
2024-03-15 21:40:26,508 [2bf5d123-a097-49f6-8df3-d3538d4bb7b0-server-thread1] INFO  server.RaftServer$Division (ServerState.java:setRaftConf(386)) - 2bf5d123-a097-49f6-8df3-d3538d4bb7b0@group-A2D1DD8F5B2A: set configuration 0: peers:[2bf5d123-a097-49f6-8df3-d3538d4bb7b0|10.1.0.11:15442, b15e7803-4f8e-4e49-829e-8079360f838e|10.1.0.11:15433, caf183e4-1f79-482a-9e33-59f38e9311f0|10.1.0.11:15424]|listeners:[], old=null
2024-03-15 21:40:26,508 [2bf5d123-a097-49f6-8df3-d3538d4bb7b0-server-thread1] INFO  segmented.SegmentedRaftLogWorker (SegmentedRaftLogWorker.java:startLogSegment(430)) - 2bf5d123-a097-49f6-8df3-d3538d4bb7b0@group-A2D1DD8F5B2A-SegmentedRaftLogWorker: Starting segment from index:0
2024-03-15 21:40:26,508 [2bf5d123-a097-49f6-8df3-d3538d4bb7b0@group-A2D1DD8F5B2A-SegmentedRaftLogWorker] INFO  segmented.BufferedWriteChannel (BufferedWriteChannel.java:open(62)) - open log_inprogress_0 at position 0
2024-03-15 21:40:26,513 [b15e7803-4f8e-4e49-829e-8079360f838e@group-A2D1DD8F5B2A-SegmentedRaftLogWorker] INFO  segmented.BufferedWriteChannel (BufferedWriteChannel.java:open(62)) - open log_inprogress_0 at position 0
2024-03-15 21:40:26,516 [2bf5d123-a097-49f6-8df3-d3538d4bb7b0@group-A2D1DD8F5B2A-SegmentedRaftLogWorker] INFO  segmented.SegmentedRaftLogWorker (SegmentedRaftLogWorker.java:execute(634)) - 2bf5d123-a097-49f6-8df3-d3538d4bb7b0@group-A2D1DD8F5B2A-SegmentedRaftLogWorker: created new log segment /home/runner/work/ozone/ozone/hadoop-ozone/integration-test/target/test-dir/MiniOzoneClusterImpl-9d1dee8c-d44a-4a38-8f2b-42c9fdbb6771/ozone-meta/datanode-9/ratis/aa483ffc-7bbc-45dc-87b3-a2d1dd8f5b2a/current/log_inprogress_0
2024-03-15 21:40:26,522 [caf183e4-1f79-482a-9e33-59f38e9311f0@group-A2D1DD8F5B2A-StateMachineUpdater] INFO  server.RaftServer$Division (LeaderStateImpl.java:isApplied(320)) - leader is ready since appliedIndex == 0 >= startIndex == 0
2024-03-15 21:40:26,523 [b15e7803-4f8e-4e49-829e-8079360f838e@group-A2D1DD8F5B2A-SegmentedRaftLogWorker] INFO  segmented.SegmentedRaftLogWorker (SegmentedRaftLogWorker.java:execute(634)) - b15e7803-4f8e-4e49-829e-8079360f838e@group-A2D1DD8F5B2A-SegmentedRaftLogWorker: created new log segment /home/runner/work/ozone/ozone/hadoop-ozone/integration-test/target/test-dir/MiniOzoneClusterImpl-9d1dee8c-d44a-4a38-8f2b-42c9fdbb6771/ozone-meta/datanode-8/ratis/aa483ffc-7bbc-45dc-87b3-a2d1dd8f5b2a/current/log_inprogress_0
2024-03-15 21:40:26,581 [main] INFO  ozone.MiniOzoneClusterImpl (MiniOzoneClusterImpl.java:lambda$waitForClusterToBeReady$0(194)) - Nodes are ready. Got 9 of 9 DN Heartbeats.
2024-03-15 21:40:26,582 [main] INFO  ozone.MiniOzoneClusterImpl (MiniOzoneClusterImpl.java:lambda$waitForClusterToBeReady$0(197)) - Cluster exits safe mode
2024-03-15 21:40:26,582 [main] INFO  ozone.MiniOzoneClusterImpl (MiniOzoneClusterImpl.java:lambda$waitForClusterToBeReady$0(199)) - SCM became leader
2024-03-15 21:40:26,582 [main] INFO  protocolPB.OmTransportFactory (OmTransportFactory.java:createFactory(62)) - Loading OM transport implementation org.apache.hadoop.ozone.om.protocolPB.Hadoop3OmTransportFactory as specified by configuration.
2024-03-15 21:40:26,588 [main] INFO  rpc.RpcClient (RpcClient.java:createVolume(465)) - Creating Volume: watchforcommithandlingtest, with runner as owner and space quota set to -1 bytes, counts quota set to -1
2024-03-15 21:40:26,594 [om1-OMStateMachineApplyTransactionThread - 0] INFO  volume.OMVolumeCreateRequest (OMVolumeCreateRequest.java:validateAndUpdateCache(198)) - created volume:watchforcommithandlingtest for user:runner
2024-03-15 21:40:26,597 [main] INFO  rpc.RpcClient (RpcClient.java:createBucket(691)) - Creating Bucket: watchforcommithandlingtest/watchforcommithandlingtest, with server-side default bucket layout, runner as owner, Versioning false, Storage Type set to DISK and Encryption set to false, Replication Type set to server-side default replication type, Namespace Quota set to -1, Space Quota set to -1 
2024-03-15 21:40:26,599 [om1-OMStateMachineApplyTransactionThread - 0] INFO  bucket.OMBucketCreateRequest (OMBucketCreateRequest.java:validateAndUpdateCache(293)) - created bucket: watchforcommithandlingtest of layout FILE_SYSTEM_OPTIMIZED in volume: watchforcommithandlingtest
2024-03-15 21:40:26,606 [IPC Server handler 0 on default port 15356] INFO  ha.SequenceIdGenerator (SequenceIdGenerator.java:getNextId(145)) - Allocate a batch for containerId, change lastId from 0 to 1000.
2024-03-15 21:40:26,642 [main] INFO  ozoneimpl.OzoneContainer (OzoneContainer.java:stop(481)) - Attempting to stop container services.
2024-03-15 21:40:26,644 [ContainerMetadataScanner] WARN  ozoneimpl.AbstractBackgroundContainerScanner (AbstractBackgroundContainerScanner.java:handleRemainingSleep(134)) - Background container scan was interrupted.
2024-03-15 21:40:26,644 [ContainerMetadataScanner] INFO  ozoneimpl.AbstractBackgroundContainerScanner (AbstractBackgroundContainerScanner.java:run(61)) - Thread[ContainerMetadataScanner,5,main] exiting.
2024-03-15 21:40:26,645 [main] INFO  ozoneimpl.BackgroundContainerDataScanner (BackgroundContainerDataScanner.java:shutdown(141)) - ContainerDataScanner(/home/runner/work/ozone/ozone/hadoop-ozone/integration-test/target/test-dir/MiniOzoneClusterImpl-9d1dee8c-d44a-4a38-8f2b-42c9fdbb6771/ozone-meta/datanode-1/data-0/hdds) is shutting down. 
2024-03-15 21:40:26,645 [b15e7803-4f8e-4e49-829e-8079360f838e@group-0952D38902EA-FollowerState] INFO  impl.FollowerState (FollowerState.java:run(143)) - b15e7803-4f8e-4e49-829e-8079360f838e@group-0952D38902EA-FollowerState: change to CANDIDATE, lastRpcElapsedTime:5152140607ns, electionTimeout:5151ms
2024-03-15 21:40:26,645 [ContainerDataScanner(/home/runner/work/ozone/ozone/hadoop-ozone/integration-test/target/test-dir/MiniOzoneClusterImpl-9d1dee8c-d44a-4a38-8f2b-42c9fdbb6771/ozone-meta/datanode-1/data-0/hdds)] WARN  ozoneimpl.AbstractBackgroundContainerScanner (AbstractBackgroundContainerScanner.java:handleRemainingSleep(134)) - Background container scan was interrupted.
2024-03-15 21:40:26,645 [b15e7803-4f8e-4e49-829e-8079360f838e@group-0952D38902EA-FollowerState] INFO  impl.RoleInfo (RoleInfo.java:shutdownFollowerState(110)) - b15e7803-4f8e-4e49-829e-8079360f838e: shutdown b15e7803-4f8e-4e49-829e-8079360f838e@group-0952D38902EA-FollowerState
2024-03-15 21:40:26,645 [ContainerDataScanner(/home/runner/work/ozone/ozone/hadoop-ozone/integration-test/target/test-dir/MiniOzoneClusterImpl-9d1dee8c-d44a-4a38-8f2b-42c9fdbb6771/ozone-meta/datanode-1/data-0/hdds)] INFO  ozoneimpl.AbstractBackgroundContainerScanner (AbstractBackgroundContainerScanner.java:run(61)) - ContainerDataScanner(/home/runner/work/ozone/ozone/hadoop-ozone/integration-test/target/test-dir/MiniOzoneClusterImpl-9d1dee8c-d44a-4a38-8f2b-42c9fdbb6771/ozone-meta/datanode-1/data-0/hdds, DS-ca4f3a92-408a-434d-8537-764aa197f05a) exiting.
2024-03-15 21:40:26,645 [b15e7803-4f8e-4e49-829e-8079360f838e@group-0952D38902EA-FollowerState] INFO  server.RaftServer$Division (RaftServerImpl.java:setRole(383)) - b15e7803-4f8e-4e49-829e-8079360f838e@group-0952D38902EA: changes role from  FOLLOWER to CANDIDATE at term 0 for changeToCandidate
2024-03-15 21:40:26,645 [main] INFO  ozoneimpl.OnDemandContainerDataScanner (OnDemandContainerDataScanner.java:shutdownScanner(206)) - On-demand container scanner is shutting down.
2024-03-15 21:40:26,645 [b15e7803-4f8e-4e49-829e-8079360f838e@group-0952D38902EA-FollowerState] INFO  server.RaftServerConfigKeys (ConfUtils.java:logGet(46)) - raft.server.leaderelection.pre-vote = true (default)
2024-03-15 21:40:26,645 [b15e7803-4f8e-4e49-829e-8079360f838e@group-0952D38902EA-FollowerState] INFO  impl.RoleInfo (RoleInfo.java:updateAndGet(139)) - b15e7803-4f8e-4e49-829e-8079360f838e: start b15e7803-4f8e-4e49-829e-8079360f838e@group-0952D38902EA-LeaderElection72
2024-03-15 21:40:26,645 [main] INFO  server.RaftServer (RaftServerProxy.java:lambda$close$9(416)) - 3d634cb2-775f-4b5a-90b9-1e5452c00050: close
2024-03-15 21:40:26,646 [b15e7803-4f8e-4e49-829e-8079360f838e@group-0952D38902EA-LeaderElection72] INFO  impl.LeaderElection (LeaderElection.java:askForVotes(321)) - b15e7803-4f8e-4e49-829e-8079360f838e@group-0952D38902EA-LeaderElection72 PRE_VOTE round 0: submit vote requests at term 0 for -1: peers:[b15e7803-4f8e-4e49-829e-8079360f838e|10.1.0.11:15433]|listeners:[], old=null
2024-03-15 21:40:26,646 [b15e7803-4f8e-4e49-829e-8079360f838e@group-0952D38902EA-LeaderElection72] INFO  impl.LeaderElection (LeaderElection.java:askForVotes(323)) - b15e7803-4f8e-4e49-829e-8079360f838e@group-0952D38902EA-LeaderElection72 PRE_VOTE round 0: result PASSED (term=0)
2024-03-15 21:40:26,646 [3d634cb2-775f-4b5a-90b9-1e5452c00050-impl-thread1] INFO  server.RaftServer$Division (RaftServerImpl.java:lambda$close$3(526)) - 3d634cb2-775f-4b5a-90b9-1e5452c00050@group-281E028D623B: shutdown
2024-03-15 21:40:26,646 [3d634cb2-775f-4b5a-90b9-1e5452c00050-impl-thread1] INFO  util.JmxRegister (JmxRegister.java:unregister(73)) - Successfully un-registered JMX Bean with object name Ratis:service=RaftServer,group=group-281E028D623B,id=3d634cb2-775f-4b5a-90b9-1e5452c00050
2024-03-15 21:40:26,646 [3d634cb2-775f-4b5a-90b9-1e5452c00050-impl-thread1] INFO  impl.RoleInfo (RoleInfo.java:shutdownFollowerState(110)) - 3d634cb2-775f-4b5a-90b9-1e5452c00050: shutdown 3d634cb2-775f-4b5a-90b9-1e5452c00050@group-281E028D623B-FollowerState
2024-03-15 21:40:26,647 [main] INFO  server.GrpcService (GrpcService.java:closeImpl(311)) - 3d634cb2-775f-4b5a-90b9-1e5452c00050: shutdown server org.apache.ratis.grpc.server.GrpcClientProtocolService now
2024-03-15 21:40:26,647 [3d634cb2-775f-4b5a-90b9-1e5452c00050-impl-thread1] INFO  impl.StateMachineUpdater (StateMachineUpdater.java:stopAndJoin(157)) - 3d634cb2-775f-4b5a-90b9-1e5452c00050@group-281E028D623B-StateMachineUpdater: set stopIndex = 1
2024-03-15 21:40:26,647 [3d634cb2-775f-4b5a-90b9-1e5452c00050@group-281E028D623B-FollowerState] INFO  impl.FollowerState (FollowerState.java:run(152)) - 3d634cb2-775f-4b5a-90b9-1e5452c00050@group-281E028D623B-FollowerState was interrupted
2024-03-15 21:40:26,647 [3d634cb2-775f-4b5a-90b9-1e5452c00050@group-281E028D623B-StateMachineUpdater] INFO  ratis.ContainerStateMachine (ContainerStateMachine.java:takeSnapshot(355)) - group-281E028D623B: Taking a snapshot at:(t:1, i:1) file /home/runner/work/ozone/ozone/hadoop-ozone/integration-test/target/test-dir/MiniOzoneClusterImpl-9d1dee8c-d44a-4a38-8f2b-42c9fdbb6771/ozone-meta/datanode-1/ratis/03ef82d2-8008-497f-9d12-281e028d623b/sm/snapshot.1_1
2024-03-15 21:40:26,647 [3d634cb2-775f-4b5a-90b9-1e5452c00050-impl-thread2] INFO  server.RaftServer$Division (RaftServerImpl.java:lambda$close$3(526)) - 3d634cb2-775f-4b5a-90b9-1e5452c00050@group-61B3573DC185: shutdown
2024-03-15 21:40:26,647 [3d634cb2-775f-4b5a-90b9-1e5452c00050-impl-thread2] INFO  util.JmxRegister (JmxRegister.java:unregister(73)) - Successfully un-registered JMX Bean with object name Ratis:service=RaftServer,group=group-61B3573DC185,id=3d634cb2-775f-4b5a-90b9-1e5452c00050
2024-03-15 21:40:26,647 [3d634cb2-775f-4b5a-90b9-1e5452c00050-impl-thread2] INFO  impl.RoleInfo (RoleInfo.java:shutdownLeaderState(94)) - 3d634cb2-775f-4b5a-90b9-1e5452c00050: shutdown 3d634cb2-775f-4b5a-90b9-1e5452c00050@group-61B3573DC185-LeaderStateImpl
2024-03-15 21:40:26,647 [3d634cb2-775f-4b5a-90b9-1e5452c00050-impl-thread2] INFO  impl.PendingRequests (PendingRequests.java:sendNotLeaderResponses(289)) - 3d634cb2-775f-4b5a-90b9-1e5452c00050@group-61B3573DC185-PendingRequests: sendNotLeaderResponses
2024-03-15 21:40:26,648 [3d634cb2-775f-4b5a-90b9-1e5452c00050-impl-thread2] INFO  impl.StateMachineUpdater (StateMachineUpdater.java:stopAndJoin(157)) - 3d634cb2-775f-4b5a-90b9-1e5452c00050@group-61B3573DC185-StateMachineUpdater: set stopIndex = 0
2024-03-15 21:40:26,648 [3d634cb2-775f-4b5a-90b9-1e5452c00050@group-61B3573DC185-StateMachineUpdater] INFO  ratis.ContainerStateMachine (ContainerStateMachine.java:takeSnapshot(355)) - group-61B3573DC185: Taking a snapshot at:(t:1, i:0) file /home/runner/work/ozone/ozone/hadoop-ozone/integration-test/target/test-dir/MiniOzoneClusterImpl-9d1dee8c-d44a-4a38-8f2b-42c9fdbb6771/ozone-meta/datanode-1/ratis/e78bb5c3-3f21-41e9-84ec-61b3573dc185/sm/snapshot.1_0
2024-03-15 21:40:26,648 [3d634cb2-775f-4b5a-90b9-1e5452c00050@group-281E028D623B-StateMachineUpdater] INFO  ratis.ContainerStateMachine (ContainerStateMachine.java:takeSnapshot(366)) - group-281E028D623B: Finished taking a snapshot at:(t:1, i:1) file:/home/runner/work/ozone/ozone/hadoop-ozone/integration-test/target/test-dir/MiniOzoneClusterImpl-9d1dee8c-d44a-4a38-8f2b-42c9fdbb6771/ozone-meta/datanode-1/ratis/03ef82d2-8008-497f-9d12-281e028d623b/sm/snapshot.1_1 took: 1 ms
2024-03-15 21:40:26,648 [3d634cb2-775f-4b5a-90b9-1e5452c00050@group-281E028D623B-StateMachineUpdater] INFO  impl.StateMachineUpdater (StateMachineUpdater.java:takeSnapshot(295)) - 3d634cb2-775f-4b5a-90b9-1e5452c00050@group-281E028D623B-StateMachineUpdater: Took a snapshot at index 1
2024-03-15 21:40:26,648 [3d634cb2-775f-4b5a-90b9-1e5452c00050@group-281E028D623B-StateMachineUpdater] INFO  impl.StateMachineUpdater (StateMachineUpdater.java:lambda$new$0(98)) - 3d634cb2-775f-4b5a-90b9-1e5452c00050@group-281E028D623B-StateMachineUpdater: snapshotIndex: updateIncreasingly -1 -> 1
2024-03-15 21:40:26,648 [3d634cb2-775f-4b5a-90b9-1e5452c00050@group-61B3573DC185-StateMachineUpdater] INFO  ratis.ContainerStateMachine (ContainerStateMachine.java:takeSnapshot(366)) - group-61B3573DC185: Finished taking a snapshot at:(t:1, i:0) file:/home/runner/work/ozone/ozone/hadoop-ozone/integration-test/target/test-dir/MiniOzoneClusterImpl-9d1dee8c-d44a-4a38-8f2b-42c9fdbb6771/ozone-meta/datanode-1/ratis/e78bb5c3-3f21-41e9-84ec-61b3573dc185/sm/snapshot.1_0 took: 0 ms
2024-03-15 21:40:26,648 [3d634cb2-775f-4b5a-90b9-1e5452c00050@group-61B3573DC185-StateMachineUpdater] INFO  impl.StateMachineUpdater (StateMachineUpdater.java:takeSnapshot(295)) - 3d634cb2-775f-4b5a-90b9-1e5452c00050@group-61B3573DC185-StateMachineUpdater: Took a snapshot at index 0
2024-03-15 21:40:26,648 [3d634cb2-775f-4b5a-90b9-1e5452c00050@group-61B3573DC185-StateMachineUpdater] INFO  impl.StateMachineUpdater (StateMachineUpdater.java:lambda$new$0(98)) - 3d634cb2-775f-4b5a-90b9-1e5452c00050@group-61B3573DC185-StateMachineUpdater: snapshotIndex: updateIncreasingly -1 -> 0
2024-03-15 21:40:26,648 [3d634cb2-775f-4b5a-90b9-1e5452c00050-impl-thread2] INFO  server.RaftServer$Division (ServerState.java:close(427)) - 3d634cb2-775f-4b5a-90b9-1e5452c00050@group-61B3573DC185: applyIndex: 0
2024-03-15 21:40:26,649 [b15e7803-4f8e-4e49-829e-8079360f838e@group-0952D38902EA-LeaderElection72] INFO  impl.LeaderElection (LeaderElection.java:askForVotes(321)) - b15e7803-4f8e-4e49-829e-8079360f838e@group-0952D38902EA-LeaderElection72 ELECTION round 0: submit vote requests at term 1 for -1: peers:[b15e7803-4f8e-4e49-829e-8079360f838e|10.1.0.11:15433]|listeners:[], old=null
2024-03-15 21:40:26,649 [b15e7803-4f8e-4e49-829e-8079360f838e@group-0952D38902EA-LeaderElection72] INFO  impl.LeaderElection (LeaderElection.java:askForVotes(323)) - b15e7803-4f8e-4e49-829e-8079360f838e@group-0952D38902EA-LeaderElection72 ELECTION round 0: result PASSED (term=1)
2024-03-15 21:40:26,649 [b15e7803-4f8e-4e49-829e-8079360f838e@group-0952D38902EA-LeaderElection72] INFO  impl.RoleInfo (RoleInfo.java:shutdownLeaderElection(130)) - b15e7803-4f8e-4e49-829e-8079360f838e: shutdown b15e7803-4f8e-4e49-829e-8079360f838e@group-0952D38902EA-LeaderElection72
2024-03-15 21:40:26,649 [b15e7803-4f8e-4e49-829e-8079360f838e@group-0952D38902EA-LeaderElection72] INFO  server.RaftServer$Division (RaftServerImpl.java:setRole(383)) - b15e7803-4f8e-4e49-829e-8079360f838e@group-0952D38902EA: changes role from CANDIDATE to LEADER at term 1 for changeToLeader
2024-03-15 21:40:26,649 [b15e7803-4f8e-4e49-829e-8079360f838e@group-0952D38902EA-LeaderElection72] INFO  server.RaftServerConfigKeys (ConfUtils.java:logGet(46)) - raft.server.staging.catchup.gap = 1000 (default)
2024-03-15 21:40:26,649 [Thread-5756] INFO  server.GrpcServerProtocolClient (GrpcServerProtocolClient.java:close(103)) - e2c18930-f62b-4e67-9845-17087b23bc88 Close channels
2024-03-15 21:40:26,649 [b15e7803-4f8e-4e49-829e-8079360f838e@group-0952D38902EA-LeaderElection72] INFO  server.RaftServerConfigKeys (ConfUtils.java:logGet(46)) - raft.server.write.element-limit = 1024 (custom)
2024-03-15 21:40:26,649 [b15e7803-4f8e-4e49-829e-8079360f838e@group-0952D38902EA-LeaderElection72] INFO  server.RaftServerConfigKeys (ConfUtils.java:logGet(46)) - raft.server.write.byte-limit = 1024 M (=1073741824) (custom)
2024-03-15 21:40:26,649 [b15e7803-4f8e-4e49-829e-8079360f838e@group-0952D38902EA-LeaderElection72] INFO  server.RaftServerConfigKeys (ConfUtils.java:logGet(46)) - raft.server.watch.timeout = 3000ms (custom)
2024-03-15 21:40:26,649 [b15e7803-4f8e-4e49-829e-8079360f838e@group-0952D38902EA-LeaderElection72] INFO  server.RaftServerConfigKeys (ConfUtils.java:logGet(46)) - raft.server.watch.timeout.denomination = 1s (default)
2024-03-15 21:40:26,650 [b15e7803-4f8e-4e49-829e-8079360f838e@group-0952D38902EA-LeaderElection72] INFO  server.RaftServerConfigKeys (ConfUtils.java:logGet(46)) - raft.server.watch.element-limit = 65536 (default)
2024-03-15 21:40:26,650 [b15e7803-4f8e-4e49-829e-8079360f838e@group-0952D38902EA-LeaderElection72] INFO  server.RaftServerConfigKeys (ConfUtils.java:logGet(46)) - raft.server.read.leader.lease.enabled = false (default)
2024-03-15 21:40:26,650 [b15e7803-4f8e-4e49-829e-8079360f838e@group-0952D38902EA-LeaderElection72] INFO  server.RaftServerConfigKeys (ConfUtils.java:logGet(46)) - raft.server.read.leader.lease.timeout.ratio = 0.9 (default)
2024-03-15 21:40:26,650 [b15e7803-4f8e-4e49-829e-8079360f838e@group-0952D38902EA-LeaderElection72] INFO  server.RaftServerConfigKeys (ConfUtils.java:logGet(46)) - raft.server.rpc.timeout.min = 5s (custom)
2024-03-15 21:40:26,650 [b15e7803-4f8e-4e49-829e-8079360f838e@group-0952D38902EA-LeaderElection72] INFO  server.RaftServerConfigKeys (ConfUtils.java:logGet(46)) - raft.server.write.element-limit = 1024 (custom)
2024-03-15 21:40:26,650 [b15e7803-4f8e-4e49-829e-8079360f838e@group-0952D38902EA-LeaderElection72] INFO  server.RaftServerConfigKeys (ConfUtils.java:logGet(46)) - raft.server.write.follower.gap.ratio.max = -1.0 (default)
2024-03-15 21:40:26,650 [b15e7803-4f8e-4e49-829e-8079360f838e@group-0952D38902EA-LeaderElection72] INFO  impl.RoleInfo (RoleInfo.java:updateAndGet(139)) - b15e7803-4f8e-4e49-829e-8079360f838e: start b15e7803-4f8e-4e49-829e-8079360f838e@group-0952D38902EA-LeaderStateImpl
2024-03-15 21:40:26,650 [b15e7803-4f8e-4e49-829e-8079360f838e@group-0952D38902EA-LeaderElection72] INFO  server.RaftServer$Division (RaftServerImpl.java:setFirstElection(574)) - b15e7803-4f8e-4e49-829e-8079360f838e@group-0952D38902EA: set firstElectionSinceStartup to false for becomeLeader
2024-03-15 21:40:26,650 [b15e7803-4f8e-4e49-829e-8079360f838e@group-0952D38902EA-LeaderElection72] INFO  ratis.XceiverServerRatis (XceiverServerRatis.java:handleLeaderChangedNotification(966)) - Leader change notification received for group: group-0952D38902EA with new leaderId: b15e7803-4f8e-4e49-829e-8079360f838e
2024-03-15 21:40:26,650 [3d634cb2-775f-4b5a-90b9-1e5452c00050@group-61B3573DC185-cacheEviction-AwaitToRun] INFO  util.AwaitToRun (AwaitToRun.java:run(49)) - 3d634cb2-775f-4b5a-90b9-1e5452c00050@group-61B3573DC185-cacheEviction-AwaitToRun-AwaitForSignal is interrupted
2024-03-15 21:40:26,650 [3d634cb2-775f-4b5a-90b9-1e5452c00050-impl-thread1] INFO  server.RaftServer$Division (ServerState.java:close(427)) - 3d634cb2-775f-4b5a-90b9-1e5452c00050@group-281E028D623B: applyIndex: 1
2024-03-15 21:40:26,650 [3d634cb2-775f-4b5a-90b9-1e5452c00050@group-281E028D623B-cacheEviction-AwaitToRun] INFO  util.AwaitToRun (AwaitToRun.java:run(49)) - 3d634cb2-775f-4b5a-90b9-1e5452c00050@group-281E028D623B-cacheEviction-AwaitToRun-AwaitForSignal is interrupted
2024-03-15 21:40:26,650 [Thread-5758] INFO  server.GrpcServerProtocolClient (GrpcServerProtocolClient.java:close(103)) - afe0fdae-f81b-4972-93bd-b2e3099b8af3 Close channels
2024-03-15 21:40:26,650 [b15e7803-4f8e-4e49-829e-8079360f838e@group-0952D38902EA-LeaderElection72] INFO  server.RaftServer$Division (ServerState.java:setLeader(269)) - b15e7803-4f8e-4e49-829e-8079360f838e@group-0952D38902EA: change Leader from null to b15e7803-4f8e-4e49-829e-8079360f838e at term 1 for becomeLeader, leader elected after 5165ms
2024-03-15 21:40:26,652 [b15e7803-4f8e-4e49-829e-8079360f838e@group-0952D38902EA-LeaderElection72] INFO  segmented.SegmentedRaftLogWorker (SegmentedRaftLogWorker.java:startLogSegment(430)) - b15e7803-4f8e-4e49-829e-8079360f838e@group-0952D38902EA-SegmentedRaftLogWorker: Starting segment from index:0
2024-03-15 21:40:26,653 [b15e7803-4f8e-4e49-829e-8079360f838e@group-0952D38902EA-LeaderElection72] INFO  server.RaftServer$Division (ServerState.java:setRaftConf(386)) - b15e7803-4f8e-4e49-829e-8079360f838e@group-0952D38902EA: set configuration 0: peers:[b15e7803-4f8e-4e49-829e-8079360f838e|10.1.0.11:15433]|listeners:[], old=null
2024-03-15 21:40:26,653 [b15e7803-4f8e-4e49-829e-8079360f838e@group-0952D38902EA-SegmentedRaftLogWorker] INFO  segmented.BufferedWriteChannel (BufferedWriteChannel.java:open(62)) - open log_inprogress_0 at position 0
2024-03-15 21:40:26,656 [main] INFO  server.GrpcService (GrpcService.java:closeImpl(320)) - 3d634cb2-775f-4b5a-90b9-1e5452c00050: shutdown server org.apache.ratis.grpc.server.GrpcClientProtocolService successfully
2024-03-15 21:40:26,657 [main] INFO  server.GrpcService (GrpcService.java:closeImpl(311)) - 3d634cb2-775f-4b5a-90b9-1e5452c00050: shutdown server GrpcServerProtocolService now
2024-03-15 21:40:26,657 [grpc-default-executor-2] WARN  server.GrpcServerProtocolService (LogUtils.java:warn(121)) - 3d634cb2-775f-4b5a-90b9-1e5452c00050: APPEND_ENTRIES onError, lastRequest: null: org.apache.ratis.thirdparty.io.grpc.StatusRuntimeException: CANCELLED: client cancelled
2024-03-15 21:40:26,657 [grpc-default-executor-2] WARN  server.GrpcLogAppender (LogUtils.java:warn(121)) - afe0fdae-f81b-4972-93bd-b2e3099b8af3@group-281E028D623B->3d634cb2-775f-4b5a-90b9-1e5452c00050-AppendLogResponseHandler: Failed appendEntries: org.apache.ratis.thirdparty.io.grpc.StatusRuntimeException: CANCELLED: RST_STREAM closed stream. HTTP/2 error code: CANCEL
2024-03-15 21:40:26,658 [grpc-default-executor-2] WARN  server.GrpcLogAppender (GrpcLogAppender.java:lambda$resetClient$1(217)) - afe0fdae-f81b-4972-93bd-b2e3099b8af3@group-281E028D623B->3d634cb2-775f-4b5a-90b9-1e5452c00050-GrpcLogAppender: Follower failed (request=null, errorCount=1); keep nextIndex (3) unchanged and retry.
2024-03-15 21:40:26,658 [grpc-default-executor-0] WARN  server.GrpcServerProtocolService (LogUtils.java:warn(121)) - 3d634cb2-775f-4b5a-90b9-1e5452c00050: APPEND_ENTRIES onError, lastRequest: afe0fdae-f81b-4972-93bd-b2e3099b8af3->3d634cb2-775f-4b5a-90b9-1e5452c00050#6-t1,previous=(t:1, i:1),leaderCommit=1,initializing? false,entries: size=1, first=(t:1, i:2), METADATAENTRY(c:1): org.apache.ratis.thirdparty.io.grpc.StatusRuntimeException: CANCELLED: client cancelled
2024-03-15 21:40:26,660 [main] INFO  server.GrpcService (GrpcService.java:closeImpl(320)) - 3d634cb2-775f-4b5a-90b9-1e5452c00050: shutdown server GrpcServerProtocolService successfully
2024-03-15 21:40:26,660 [main] INFO  server.GrpcService (GrpcService.java:closeImpl(311)) - 3d634cb2-775f-4b5a-90b9-1e5452c00050: shutdown server org.apache.ratis.grpc.server.GrpcAdminProtocolService now
2024-03-15 21:40:26,660 [main] INFO  server.GrpcService (GrpcService.java:closeImpl(320)) - 3d634cb2-775f-4b5a-90b9-1e5452c00050: shutdown server org.apache.ratis.grpc.server.GrpcAdminProtocolService successfully
2024-03-15 21:40:26,660 [b15e7803-4f8e-4e49-829e-8079360f838e@group-0952D38902EA-SegmentedRaftLogWorker] INFO  segmented.SegmentedRaftLogWorker (SegmentedRaftLogWorker.java:execute(634)) - b15e7803-4f8e-4e49-829e-8079360f838e@group-0952D38902EA-SegmentedRaftLogWorker: created new log segment /home/runner/work/ozone/ozone/hadoop-ozone/integration-test/target/test-dir/MiniOzoneClusterImpl-9d1dee8c-d44a-4a38-8f2b-42c9fdbb6771/ozone-meta/datanode-8/ratis/0975c043-544c-4447-92f4-0952d38902ea/current/log_inprogress_0
2024-03-15 21:40:26,661 [b15e7803-4f8e-4e49-829e-8079360f838e@group-0952D38902EA-StateMachineUpdater] INFO  server.RaftServer$Division (LeaderStateImpl.java:isApplied(320)) - leader is ready since appliedIndex == 0 >= startIndex == 0
2024-03-15 21:40:26,662 [3d634cb2-775f-4b5a-90b9-1e5452c00050-NettyServerStreamRpc-bossGroup--thread1] INFO  logging.LoggingHandler (AbstractInternalLogger.java:log(148)) - [id: 0xfa344ea8, L:/0.0.0.0:15371] CLOSE
2024-03-15 21:40:26,663 [3d634cb2-775f-4b5a-90b9-1e5452c00050-NettyServerStreamRpc-bossGroup--thread1] INFO  logging.LoggingHandler (AbstractInternalLogger.java:log(148)) - [id: 0xfa344ea8, L:/0.0.0.0:15371] INACTIVE
2024-03-15 21:40:26,663 [3d634cb2-775f-4b5a-90b9-1e5452c00050-NettyServerStreamRpc-bossGroup--thread1] INFO  logging.LoggingHandler (AbstractInternalLogger.java:log(148)) - [id: 0xfa344ea8, L:/0.0.0.0:15371] UNREGISTERED
2024-03-15 21:40:26,716 [2bf5d123-a097-49f6-8df3-d3538d4bb7b0@group-CA8816964499-FollowerState] INFO  impl.FollowerState (FollowerState.java:run(143)) - 2bf5d123-a097-49f6-8df3-d3538d4bb7b0@group-CA8816964499-FollowerState: change to CANDIDATE, lastRpcElapsedTime:5130525817ns, electionTimeout:5130ms
2024-03-15 21:40:26,716 [2bf5d123-a097-49f6-8df3-d3538d4bb7b0@group-CA8816964499-FollowerState] INFO  impl.RoleInfo (RoleInfo.java:shutdownFollowerState(110)) - 2bf5d123-a097-49f6-8df3-d3538d4bb7b0: shutdown 2bf5d123-a097-49f6-8df3-d3538d4bb7b0@group-CA8816964499-FollowerState
2024-03-15 21:40:26,716 [2bf5d123-a097-49f6-8df3-d3538d4bb7b0@group-CA8816964499-FollowerState] INFO  server.RaftServer$Division (RaftServerImpl.java:setRole(383)) - 2bf5d123-a097-49f6-8df3-d3538d4bb7b0@group-CA8816964499: changes role from  FOLLOWER to CANDIDATE at term 0 for changeToCandidate
2024-03-15 21:40:26,716 [2bf5d123-a097-49f6-8df3-d3538d4bb7b0@group-CA8816964499-FollowerState] INFO  server.RaftServerConfigKeys (ConfUtils.java:logGet(46)) - raft.server.leaderelection.pre-vote = true (default)
2024-03-15 21:40:26,716 [2bf5d123-a097-49f6-8df3-d3538d4bb7b0@group-CA8816964499-FollowerState] INFO  impl.RoleInfo (RoleInfo.java:updateAndGet(139)) - 2bf5d123-a097-49f6-8df3-d3538d4bb7b0: start 2bf5d123-a097-49f6-8df3-d3538d4bb7b0@group-CA8816964499-LeaderElection73
2024-03-15 21:40:26,717 [2bf5d123-a097-49f6-8df3-d3538d4bb7b0@group-CA8816964499-LeaderElection73] INFO  impl.LeaderElection (LeaderElection.java:askForVotes(321)) - 2bf5d123-a097-49f6-8df3-d3538d4bb7b0@group-CA8816964499-LeaderElection73 PRE_VOTE round 0: submit vote requests at term 0 for -1: peers:[2bf5d123-a097-49f6-8df3-d3538d4bb7b0|10.1.0.11:15442]|listeners:[], old=null
2024-03-15 21:40:26,717 [2bf5d123-a097-49f6-8df3-d3538d4bb7b0@group-CA8816964499-LeaderElection73] INFO  impl.LeaderElection (LeaderElection.java:askForVotes(323)) - 2bf5d123-a097-49f6-8df3-d3538d4bb7b0@group-CA8816964499-LeaderElection73 PRE_VOTE round 0: result PASSED (term=0)
2024-03-15 21:40:26,718 [2bf5d123-a097-49f6-8df3-d3538d4bb7b0@group-CA8816964499-LeaderElection73] INFO  impl.LeaderElection (LeaderElection.java:askForVotes(321)) - 2bf5d123-a097-49f6-8df3-d3538d4bb7b0@group-CA8816964499-LeaderElection73 ELECTION round 0: submit vote requests at term 1 for -1: peers:[2bf5d123-a097-49f6-8df3-d3538d4bb7b0|10.1.0.11:15442]|listeners:[], old=null
2024-03-15 21:40:26,718 [2bf5d123-a097-49f6-8df3-d3538d4bb7b0@group-CA8816964499-LeaderElection73] INFO  impl.LeaderElection (LeaderElection.java:askForVotes(323)) - 2bf5d123-a097-49f6-8df3-d3538d4bb7b0@group-CA8816964499-LeaderElection73 ELECTION round 0: result PASSED (term=1)
2024-03-15 21:40:26,718 [2bf5d123-a097-49f6-8df3-d3538d4bb7b0@group-CA8816964499-LeaderElection73] INFO  impl.RoleInfo (RoleInfo.java:shutdownLeaderElection(130)) - 2bf5d123-a097-49f6-8df3-d3538d4bb7b0: shutdown 2bf5d123-a097-49f6-8df3-d3538d4bb7b0@group-CA8816964499-LeaderElection73
2024-03-15 21:40:26,718 [2bf5d123-a097-49f6-8df3-d3538d4bb7b0@group-CA8816964499-LeaderElection73] INFO  server.RaftServer$Division (RaftServerImpl.java:setRole(383)) - 2bf5d123-a097-49f6-8df3-d3538d4bb7b0@group-CA8816964499: changes role from CANDIDATE to LEADER at term 1 for changeToLeader
2024-03-15 21:40:26,718 [2bf5d123-a097-49f6-8df3-d3538d4bb7b0@group-CA8816964499-LeaderElection73] INFO  server.RaftServerConfigKeys (ConfUtils.java:logGet(46)) - raft.server.staging.catchup.gap = 1000 (default)
2024-03-15 21:40:26,718 [2bf5d123-a097-49f6-8df3-d3538d4bb7b0@group-CA8816964499-LeaderElection73] INFO  server.RaftServerConfigKeys (ConfUtils.java:logGet(46)) - raft.server.write.element-limit = 1024 (custom)
2024-03-15 21:40:26,718 [2bf5d123-a097-49f6-8df3-d3538d4bb7b0@group-CA8816964499-LeaderElection73] INFO  server.RaftServerConfigKeys (ConfUtils.java:logGet(46)) - raft.server.write.byte-limit = 1024 M (=1073741824) (custom)
2024-03-15 21:40:26,718 [2bf5d123-a097-49f6-8df3-d3538d4bb7b0@group-CA8816964499-LeaderElection73] INFO  server.RaftServerConfigKeys (ConfUtils.java:logGet(46)) - raft.server.watch.timeout = 3000ms (custom)
2024-03-15 21:40:26,718 [2bf5d123-a097-49f6-8df3-d3538d4bb7b0@group-CA8816964499-LeaderElection73] INFO  server.RaftServerConfigKeys (ConfUtils.java:logGet(46)) - raft.server.watch.timeout.denomination = 1s (default)
2024-03-15 21:40:26,719 [2bf5d123-a097-49f6-8df3-d3538d4bb7b0@group-CA8816964499-LeaderElection73] INFO  server.RaftServerConfigKeys (ConfUtils.java:logGet(46)) - raft.server.watch.element-limit = 65536 (default)
2024-03-15 21:40:26,719 [2bf5d123-a097-49f6-8df3-d3538d4bb7b0@group-CA8816964499-LeaderElection73] INFO  server.RaftServerConfigKeys (ConfUtils.java:logGet(46)) - raft.server.read.leader.lease.enabled = false (default)
2024-03-15 21:40:26,719 [2bf5d123-a097-49f6-8df3-d3538d4bb7b0@group-CA8816964499-LeaderElection73] INFO  server.RaftServerConfigKeys (ConfUtils.java:logGet(46)) - raft.server.read.leader.lease.timeout.ratio = 0.9 (default)
2024-03-15 21:40:26,719 [2bf5d123-a097-49f6-8df3-d3538d4bb7b0@group-CA8816964499-LeaderElection73] INFO  server.RaftServerConfigKeys (ConfUtils.java:logGet(46)) - raft.server.rpc.timeout.min = 5s (custom)
2024-03-15 21:40:26,719 [2bf5d123-a097-49f6-8df3-d3538d4bb7b0@group-CA8816964499-LeaderElection73] INFO  server.RaftServerConfigKeys (ConfUtils.java:logGet(46)) - raft.server.write.element-limit = 1024 (custom)
2024-03-15 21:40:26,719 [2bf5d123-a097-49f6-8df3-d3538d4bb7b0@group-CA8816964499-LeaderElection73] INFO  server.RaftServerConfigKeys (ConfUtils.java:logGet(46)) - raft.server.write.follower.gap.ratio.max = -1.0 (default)
2024-03-15 21:40:26,719 [2bf5d123-a097-49f6-8df3-d3538d4bb7b0@group-CA8816964499-LeaderElection73] INFO  impl.RoleInfo (RoleInfo.java:updateAndGet(139)) - 2bf5d123-a097-49f6-8df3-d3538d4bb7b0: start 2bf5d123-a097-49f6-8df3-d3538d4bb7b0@group-CA8816964499-LeaderStateImpl
2024-03-15 21:40:26,719 [2bf5d123-a097-49f6-8df3-d3538d4bb7b0@group-CA8816964499-LeaderElection73] INFO  server.RaftServer$Division (RaftServerImpl.java:setFirstElection(574)) - 2bf5d123-a097-49f6-8df3-d3538d4bb7b0@group-CA8816964499: set firstElectionSinceStartup to false for becomeLeader
2024-03-15 21:40:26,719 [2bf5d123-a097-49f6-8df3-d3538d4bb7b0@group-CA8816964499-LeaderElection73] INFO  ratis.XceiverServerRatis (XceiverServerRatis.java:handleLeaderChangedNotification(966)) - Leader change notification received for group: group-CA8816964499 with new leaderId: 2bf5d123-a097-49f6-8df3-d3538d4bb7b0
2024-03-15 21:40:26,719 [2bf5d123-a097-49f6-8df3-d3538d4bb7b0@group-CA8816964499-LeaderElection73] INFO  server.RaftServer$Division (ServerState.java:setLeader(269)) - 2bf5d123-a097-49f6-8df3-d3538d4bb7b0@group-CA8816964499: change Leader from null to 2bf5d123-a097-49f6-8df3-d3538d4bb7b0 at term 1 for becomeLeader, leader elected after 5144ms
2024-03-15 21:40:26,719 [2bf5d123-a097-49f6-8df3-d3538d4bb7b0@group-CA8816964499-LeaderElection73] INFO  segmented.SegmentedRaftLogWorker (SegmentedRaftLogWorker.java:startLogSegment(430)) - 2bf5d123-a097-49f6-8df3-d3538d4bb7b0@group-CA8816964499-SegmentedRaftLogWorker: Starting segment from index:0
2024-03-15 21:40:26,720 [2bf5d123-a097-49f6-8df3-d3538d4bb7b0@group-CA8816964499-LeaderElection73] INFO  server.RaftServer$Division (ServerState.java:setRaftConf(386)) - 2bf5d123-a097-49f6-8df3-d3538d4bb7b0@group-CA8816964499: set configuration 0: peers:[2bf5d123-a097-49f6-8df3-d3538d4bb7b0|10.1.0.11:15442]|listeners:[], old=null
2024-03-15 21:40:26,720 [2bf5d123-a097-49f6-8df3-d3538d4bb7b0@group-CA8816964499-SegmentedRaftLogWorker] INFO  segmented.BufferedWriteChannel (BufferedWriteChannel.java:open(62)) - open log_inprogress_0 at position 0
2024-03-15 21:40:26,728 [2bf5d123-a097-49f6-8df3-d3538d4bb7b0@group-CA8816964499-SegmentedRaftLogWorker] INFO  segmented.SegmentedRaftLogWorker (SegmentedRaftLogWorker.java:execute(634)) - 2bf5d123-a097-49f6-8df3-d3538d4bb7b0@group-CA8816964499-SegmentedRaftLogWorker: created new log segment /home/runner/work/ozone/ozone/hadoop-ozone/integration-test/target/test-dir/MiniOzoneClusterImpl-9d1dee8c-d44a-4a38-8f2b-42c9fdbb6771/ozone-meta/datanode-9/ratis/ead54802-ec0a-4898-acdb-ca8816964499/current/log_inprogress_0
2024-03-15 21:40:26,729 [2bf5d123-a097-49f6-8df3-d3538d4bb7b0@group-CA8816964499-StateMachineUpdater] INFO  server.RaftServer$Division (LeaderStateImpl.java:isApplied(320)) - leader is ready since appliedIndex == 0 >= startIndex == 0
2024-03-15 21:40:27,102 [3d634cb2-775f-4b5a-90b9-1e5452c00050-impl-thread2] INFO  segmented.SegmentedRaftLogWorker (SegmentedRaftLogWorker.java:close(245)) - 3d634cb2-775f-4b5a-90b9-1e5452c00050@group-61B3573DC185-SegmentedRaftLogWorker close()
2024-03-15 21:40:27,622 [3d634cb2-775f-4b5a-90b9-1e5452c00050-impl-thread1] INFO  segmented.SegmentedRaftLogWorker (SegmentedRaftLogWorker.java:close(245)) - 3d634cb2-775f-4b5a-90b9-1e5452c00050@group-281E028D623B-SegmentedRaftLogWorker close()
2024-03-15 21:40:27,624 [JvmPauseMonitor46] INFO  util.JvmPauseMonitor (JvmPauseMonitor.java:run(152)) - JvmPauseMonitor-3d634cb2-775f-4b5a-90b9-1e5452c00050: Stopped
2024-03-15 21:40:29,629 [main] INFO  utils.DatanodeStoreCache (DatanodeStoreCache.java:shutdownCache(116)) - Skip clearing cache in mini cluster mode. Entries left: [/home/runner/work/ozone/ozone/hadoop-ozone/integration-test/target/test-dir/MiniOzoneClusterImpl-9d1dee8c-d44a-4a38-8f2b-42c9fdbb6771/ozone-meta/datanode-1/data-0/hdds/9d1dee8c-d44a-4a38-8f2b-42c9fdbb6771/DS-ca4f3a92-408a-434d-8537-764aa197f05a/container.db, /home/runner/work/ozone/ozone/hadoop-ozone/integration-test/target/test-dir/MiniOzoneClusterImpl-9d1dee8c-d44a-4a38-8f2b-42c9fdbb6771/ozone-meta/datanode-2/data-0/hdds/9d1dee8c-d44a-4a38-8f2b-42c9fdbb6771/DS-9d30e876-1158-4a58-8219-6d4bc1656576/container.db, /home/runner/work/ozone/ozone/hadoop-ozone/integration-test/target/test-dir/MiniOzoneClusterImpl-9d1dee8c-d44a-4a38-8f2b-42c9fdbb6771/ozone-meta/datanode-3/data-0/hdds/9d1dee8c-d44a-4a38-8f2b-42c9fdbb6771/DS-664bb53c-21f1-4f7a-a2df-9af9e0816f81/container.db, /home/runner/work/ozone/ozone/hadoop-ozone/integration-test/target/test-dir/MiniOzoneClusterImpl-9d1dee8c-d44a-4a38-8f2b-42c9fdbb6771/ozone-meta/datanode-4/data-0/hdds/9d1dee8c-d44a-4a38-8f2b-42c9fdbb6771/DS-fc924d7e-ca8d-4c06-a2b8-bee454d01c38/container.db, /home/runner/work/ozone/ozone/hadoop-ozone/integration-test/target/test-dir/MiniOzoneClusterImpl-9d1dee8c-d44a-4a38-8f2b-42c9fdbb6771/ozone-meta/datanode-5/data-0/hdds/9d1dee8c-d44a-4a38-8f2b-42c9fdbb6771/DS-1c832d2e-d626-49eb-b31f-746275a9eab6/container.db, /home/runner/work/ozone/ozone/hadoop-ozone/integration-test/target/test-dir/MiniOzoneClusterImpl-9d1dee8c-d44a-4a38-8f2b-42c9fdbb6771/ozone-meta/datanode-6/data-0/hdds/9d1dee8c-d44a-4a38-8f2b-42c9fdbb6771/DS-435ad3e4-ca7b-44ab-beb4-57b4e863a79f/container.db, /home/runner/work/ozone/ozone/hadoop-ozone/integration-test/target/test-dir/MiniOzoneClusterImpl-9d1dee8c-d44a-4a38-8f2b-42c9fdbb6771/ozone-meta/datanode-7/data-0/hdds/9d1dee8c-d44a-4a38-8f2b-42c9fdbb6771/DS-fb1ac069-b110-4978-993c-4fdbc7115c57/container.db, /home/runner/work/ozone/ozone/hadoop-ozone/integration-test/target/test-dir/MiniOzoneClusterImpl-9d1dee8c-d44a-4a38-8f2b-42c9fdbb6771/ozone-meta/datanode-8/data-0/hdds/9d1dee8c-d44a-4a38-8f2b-42c9fdbb6771/DS-809c989b-7dda-45d7-bd07-2283f774cd8f/container.db, /home/runner/work/ozone/ozone/hadoop-ozone/integration-test/target/test-dir/MiniOzoneClusterImpl-9d1dee8c-d44a-4a38-8f2b-42c9fdbb6771/ozone-meta/datanode-9/data-0/hdds/9d1dee8c-d44a-4a38-8f2b-42c9fdbb6771/DS-3f8335c2-bec4-484c-8831-5ce8d050498c/container.db]
2024-03-15 21:40:29,630 [main] INFO  utils.DatanodeStoreCache (DatanodeStoreCache.java:removeDB(110)) - Removed db /home/runner/work/ozone/ozone/hadoop-ozone/integration-test/target/test-dir/MiniOzoneClusterImpl-9d1dee8c-d44a-4a38-8f2b-42c9fdbb6771/ozone-meta/datanode-1/data-0/hdds/9d1dee8c-d44a-4a38-8f2b-42c9fdbb6771/DS-ca4f3a92-408a-434d-8537-764aa197f05a/container.db from cache
2024-03-15 21:40:29,630 [main] INFO  volume.HddsVolume (HddsVolume.java:closeDbStore(451)) - SchemaV3 db is stopped at /home/runner/work/ozone/ozone/hadoop-ozone/integration-test/target/test-dir/MiniOzoneClusterImpl-9d1dee8c-d44a-4a38-8f2b-42c9fdbb6771/ozone-meta/datanode-1/data-0/hdds/9d1dee8c-d44a-4a38-8f2b-42c9fdbb6771/DS-ca4f3a92-408a-434d-8537-764aa197f05a/container.db for volume DS-ca4f3a92-408a-434d-8537-764aa197f05a
2024-03-15 21:40:29,630 [main] INFO  utils.BackgroundService (BackgroundService.java:shutdown(160)) - Shutting down service BlockDeletingService
2024-03-15 21:40:29,631 [main] INFO  utils.BackgroundService (BackgroundService.java:shutdown(160)) - Shutting down service StaleRecoveringContainerScrubbingService
2024-03-15 21:40:29,631 [main] INFO  statemachine.DatanodeStateMachine (DatanodeStateMachine.java:stopDaemon(638)) - Ozone container server stopped.
2024-03-15 21:40:29,631 [main] INFO  handler.ContextHandler (ContextHandler.java:doStop(1159)) - Stopped o.e.j.w.WebAppContext@3e0a03f9{hddsDatanode,/,null,STOPPED}{jar:file:/home/runner/.m2/repository/org/apache/ozone/hdds-container-service/1.5.0-SNAPSHOT/hdds-container-service-1.5.0-SNAPSHOT.jar!/webapps/hddsDatanode}
2024-03-15 21:40:29,632 [main] INFO  server.AbstractConnector (AbstractConnector.java:doStop(383)) - Stopped ServerConnector@12242a4d{HTTP/1.1, (http/1.1)}{0.0.0.0:15365}
2024-03-15 21:40:29,632 [main] INFO  server.session (HouseKeeper.java:stopScavenging(149)) - node0 Stopped scavenging
2024-03-15 21:40:29,632 [main] INFO  handler.ContextHandler (ContextHandler.java:doStop(1159)) - Stopped o.e.j.s.ServletContextHandler@1cc7ed26{static,/static,jar:file:/home/runner/.m2/repository/org/apache/ozone/hdds-container-service/1.5.0-SNAPSHOT/hdds-container-service-1.5.0-SNAPSHOT.jar!/webapps/static,STOPPED}
2024-03-15 21:40:29,632 [main] INFO  handler.ContextHandler (ContextHandler.java:doStop(1159)) - Stopped o.e.j.s.ServletContextHandler@6e9e4a41{logs,/logs,file:///home/runner/work/ozone/ozone/hadoop-ozone/integration-test/target/log,STOPPED}
2024-03-15 21:40:29,633 [main] INFO  ozone.HddsDatanodeClientProtocolServer (HddsDatanodeClientProtocolServer.java:stop(83)) - Stopping the RPC server for Client Protocol
2024-03-15 21:40:29,633 [main] INFO  ipc.Server (Server.java:stop(3523)) - Stopping server on 15366
2024-03-15 21:40:29,634 [IPC Server listener on 15366] INFO  ipc.Server (Server.java:run(1434)) - Stopping IPC Server listener on 15366
2024-03-15 21:40:29,634 [IPC Server Responder] INFO  ipc.Server (Server.java:run(1567)) - Stopping IPC Server Responder
2024-03-15 21:40:29,636 [main] INFO  ozoneimpl.OzoneContainer (OzoneContainer.java:stop(481)) - Attempting to stop container services.
2024-03-15 21:40:29,637 [ContainerMetadataScanner] WARN  ozoneimpl.AbstractBackgroundContainerScanner (AbstractBackgroundContainerScanner.java:handleRemainingSleep(134)) - Background container scan was interrupted.
2024-03-15 21:40:29,637 [ContainerMetadataScanner] INFO  ozoneimpl.AbstractBackgroundContainerScanner (AbstractBackgroundContainerScanner.java:run(61)) - Thread[ContainerMetadataScanner,5,main] exiting.
2024-03-15 21:40:29,638 [main] INFO  ozoneimpl.BackgroundContainerDataScanner (BackgroundContainerDataScanner.java:shutdown(141)) - ContainerDataScanner(/home/runner/work/ozone/ozone/hadoop-ozone/integration-test/target/test-dir/MiniOzoneClusterImpl-9d1dee8c-d44a-4a38-8f2b-42c9fdbb6771/ozone-meta/datanode-2/data-0/hdds) is shutting down. 
2024-03-15 21:40:29,638 [ContainerDataScanner(/home/runner/work/ozone/ozone/hadoop-ozone/integration-test/target/test-dir/MiniOzoneClusterImpl-9d1dee8c-d44a-4a38-8f2b-42c9fdbb6771/ozone-meta/datanode-2/data-0/hdds)] WARN  ozoneimpl.AbstractBackgroundContainerScanner (AbstractBackgroundContainerScanner.java:handleRemainingSleep(134)) - Background container scan was interrupted.
2024-03-15 21:40:29,638 [ContainerDataScanner(/home/runner/work/ozone/ozone/hadoop-ozone/integration-test/target/test-dir/MiniOzoneClusterImpl-9d1dee8c-d44a-4a38-8f2b-42c9fdbb6771/ozone-meta/datanode-2/data-0/hdds)] INFO  ozoneimpl.AbstractBackgroundContainerScanner (AbstractBackgroundContainerScanner.java:run(61)) - ContainerDataScanner(/home/runner/work/ozone/ozone/hadoop-ozone/integration-test/target/test-dir/MiniOzoneClusterImpl-9d1dee8c-d44a-4a38-8f2b-42c9fdbb6771/ozone-meta/datanode-2/data-0/hdds, DS-9d30e876-1158-4a58-8219-6d4bc1656576) exiting.
2024-03-15 21:40:29,638 [main] INFO  server.RaftServer (RaftServerProxy.java:lambda$close$9(416)) - e2c18930-f62b-4e67-9845-17087b23bc88: close
2024-03-15 21:40:29,639 [e2c18930-f62b-4e67-9845-17087b23bc88-impl-thread1] INFO  server.RaftServer$Division (RaftServerImpl.java:lambda$close$3(526)) - e2c18930-f62b-4e67-9845-17087b23bc88@group-281E028D623B: shutdown
2024-03-15 21:40:29,639 [e2c18930-f62b-4e67-9845-17087b23bc88-impl-thread1] INFO  util.JmxRegister (JmxRegister.java:unregister(73)) - Successfully un-registered JMX Bean with object name Ratis:service=RaftServer,group=group-281E028D623B,id=e2c18930-f62b-4e67-9845-17087b23bc88
2024-03-15 21:40:29,639 [main] INFO  server.GrpcService (GrpcService.java:closeImpl(311)) - e2c18930-f62b-4e67-9845-17087b23bc88: shutdown server org.apache.ratis.grpc.server.GrpcClientProtocolService now
2024-03-15 21:40:29,639 [e2c18930-f62b-4e67-9845-17087b23bc88-impl-thread2] INFO  server.RaftServer$Division (RaftServerImpl.java:lambda$close$3(526)) - e2c18930-f62b-4e67-9845-17087b23bc88@group-556F656E07CB: shutdown
2024-03-15 21:40:29,639 [e2c18930-f62b-4e67-9845-17087b23bc88-impl-thread2] INFO  util.JmxRegister (JmxRegister.java:unregister(73)) - Successfully un-registered JMX Bean with object name Ratis:service=RaftServer,group=group-556F656E07CB,id=e2c18930-f62b-4e67-9845-17087b23bc88
2024-03-15 21:40:29,639 [e2c18930-f62b-4e67-9845-17087b23bc88-impl-thread2] INFO  impl.RoleInfo (RoleInfo.java:shutdownLeaderState(94)) - e2c18930-f62b-4e67-9845-17087b23bc88: shutdown e2c18930-f62b-4e67-9845-17087b23bc88@group-556F656E07CB-LeaderStateImpl
2024-03-15 21:40:29,639 [e2c18930-f62b-4e67-9845-17087b23bc88-impl-thread1] INFO  impl.RoleInfo (RoleInfo.java:shutdownFollowerState(110)) - e2c18930-f62b-4e67-9845-17087b23bc88: shutdown e2c18930-f62b-4e67-9845-17087b23bc88@group-281E028D623B-FollowerState
2024-03-15 21:40:29,639 [e2c18930-f62b-4e67-9845-17087b23bc88-impl-thread2] INFO  impl.PendingRequests (PendingRequests.java:sendNotLeaderResponses(289)) - e2c18930-f62b-4e67-9845-17087b23bc88@group-556F656E07CB-PendingRequests: sendNotLeaderResponses
2024-03-15 21:40:29,640 [e2c18930-f62b-4e67-9845-17087b23bc88-impl-thread1] INFO  impl.StateMachineUpdater (StateMachineUpdater.java:stopAndJoin(157)) - e2c18930-f62b-4e67-9845-17087b23bc88@group-281E028D623B-StateMachineUpdater: set stopIndex = 2
2024-03-15 21:40:29,640 [e2c18930-f62b-4e67-9845-17087b23bc88@group-556F656E07CB-StateMachineUpdater] INFO  ratis.ContainerStateMachine (ContainerStateMachine.java:takeSnapshot(355)) - group-556F656E07CB: Taking a snapshot at:(t:1, i:0) file /home/runner/work/ozone/ozone/hadoop-ozone/integration-test/target/test-dir/MiniOzoneClusterImpl-9d1dee8c-d44a-4a38-8f2b-42c9fdbb6771/ozone-meta/datanode-2/ratis/e59e58f8-a6f0-4d87-9fe0-556f656e07cb/sm/snapshot.1_0
2024-03-15 21:40:29,640 [e2c18930-f62b-4e67-9845-17087b23bc88@group-281E028D623B-FollowerState] INFO  impl.FollowerState (FollowerState.java:run(152)) - e2c18930-f62b-4e67-9845-17087b23bc88@group-281E028D623B-FollowerState was interrupted
2024-03-15 21:40:29,640 [e2c18930-f62b-4e67-9845-17087b23bc88@group-281E028D623B-StateMachineUpdater] INFO  ratis.ContainerStateMachine (ContainerStateMachine.java:takeSnapshot(355)) - group-281E028D623B: Taking a snapshot at:(t:1, i:2) file /home/runner/work/ozone/ozone/hadoop-ozone/integration-test/target/test-dir/MiniOzoneClusterImpl-9d1dee8c-d44a-4a38-8f2b-42c9fdbb6771/ozone-meta/datanode-2/ratis/03ef82d2-8008-497f-9d12-281e028d623b/sm/snapshot.1_2
2024-03-15 21:40:29,640 [e2c18930-f62b-4e67-9845-17087b23bc88-impl-thread2] INFO  impl.StateMachineUpdater (StateMachineUpdater.java:stopAndJoin(157)) - e2c18930-f62b-4e67-9845-17087b23bc88@group-556F656E07CB-StateMachineUpdater: set stopIndex = 0
2024-03-15 21:40:29,640 [main] INFO  server.GrpcService (GrpcService.java:closeImpl(320)) - e2c18930-f62b-4e67-9845-17087b23bc88: shutdown server org.apache.ratis.grpc.server.GrpcClientProtocolService successfully
2024-03-15 21:40:29,640 [main] INFO  server.GrpcService (GrpcService.java:closeImpl(311)) - e2c18930-f62b-4e67-9845-17087b23bc88: shutdown server GrpcServerProtocolService now
2024-03-15 21:40:29,641 [e2c18930-f62b-4e67-9845-17087b23bc88@group-556F656E07CB-StateMachineUpdater] INFO  ratis.ContainerStateMachine (ContainerStateMachine.java:takeSnapshot(366)) - group-556F656E07CB: Finished taking a snapshot at:(t:1, i:0) file:/home/runner/work/ozone/ozone/hadoop-ozone/integration-test/target/test-dir/MiniOzoneClusterImpl-9d1dee8c-d44a-4a38-8f2b-42c9fdbb6771/ozone-meta/datanode-2/ratis/e59e58f8-a6f0-4d87-9fe0-556f656e07cb/sm/snapshot.1_0 took: 0 ms
2024-03-15 21:40:29,641 [e2c18930-f62b-4e67-9845-17087b23bc88@group-556F656E07CB-StateMachineUpdater] INFO  impl.StateMachineUpdater (StateMachineUpdater.java:takeSnapshot(295)) - e2c18930-f62b-4e67-9845-17087b23bc88@group-556F656E07CB-StateMachineUpdater: Took a snapshot at index 0
2024-03-15 21:40:29,641 [e2c18930-f62b-4e67-9845-17087b23bc88@group-281E028D623B-StateMachineUpdater] INFO  ratis.ContainerStateMachine (ContainerStateMachine.java:takeSnapshot(366)) - group-281E028D623B: Finished taking a snapshot at:(t:1, i:2) file:/home/runner/work/ozone/ozone/hadoop-ozone/integration-test/target/test-dir/MiniOzoneClusterImpl-9d1dee8c-d44a-4a38-8f2b-42c9fdbb6771/ozone-meta/datanode-2/ratis/03ef82d2-8008-497f-9d12-281e028d623b/sm/snapshot.1_2 took: 1 ms
2024-03-15 21:40:29,641 [e2c18930-f62b-4e67-9845-17087b23bc88@group-556F656E07CB-StateMachineUpdater] INFO  impl.StateMachineUpdater (StateMachineUpdater.java:lambda$new$0(98)) - e2c18930-f62b-4e67-9845-17087b23bc88@group-556F656E07CB-StateMachineUpdater: snapshotIndex: updateIncreasingly -1 -> 0
2024-03-15 21:40:29,641 [e2c18930-f62b-4e67-9845-17087b23bc88@group-281E028D623B-StateMachineUpdater] INFO  impl.StateMachineUpdater (StateMachineUpdater.java:takeSnapshot(295)) - e2c18930-f62b-4e67-9845-17087b23bc88@group-281E028D623B-StateMachineUpdater: Took a snapshot at index 2
2024-03-15 21:40:29,641 [e2c18930-f62b-4e67-9845-17087b23bc88@group-281E028D623B-StateMachineUpdater] INFO  impl.StateMachineUpdater (StateMachineUpdater.java:lambda$new$0(98)) - e2c18930-f62b-4e67-9845-17087b23bc88@group-281E028D623B-StateMachineUpdater: snapshotIndex: updateIncreasingly -1 -> 2
2024-03-15 21:40:29,641 [e2c18930-f62b-4e67-9845-17087b23bc88-impl-thread2] INFO  server.RaftServer$Division (ServerState.java:close(427)) - e2c18930-f62b-4e67-9845-17087b23bc88@group-556F656E07CB: applyIndex: 0
2024-03-15 21:40:29,641 [e2c18930-f62b-4e67-9845-17087b23bc88@group-556F656E07CB-cacheEviction-AwaitToRun] INFO  util.AwaitToRun (AwaitToRun.java:run(49)) - e2c18930-f62b-4e67-9845-17087b23bc88@group-556F656E07CB-cacheEviction-AwaitToRun-AwaitForSignal is interrupted
2024-03-15 21:40:29,641 [e2c18930-f62b-4e67-9845-17087b23bc88-impl-thread1] INFO  server.RaftServer$Division (ServerState.java:close(427)) - e2c18930-f62b-4e67-9845-17087b23bc88@group-281E028D623B: applyIndex: 2
2024-03-15 21:40:29,641 [e2c18930-f62b-4e67-9845-17087b23bc88@group-281E028D623B-cacheEviction-AwaitToRun] INFO  util.AwaitToRun (AwaitToRun.java:run(49)) - e2c18930-f62b-4e67-9845-17087b23bc88@group-281E028D623B-cacheEviction-AwaitToRun-AwaitForSignal is interrupted
2024-03-15 21:40:29,642 [grpc-default-executor-0] WARN  server.GrpcServerProtocolService (LogUtils.java:warn(121)) - e2c18930-f62b-4e67-9845-17087b23bc88: APPEND_ENTRIES onError, lastRequest: null: org.apache.ratis.thirdparty.io.grpc.StatusRuntimeException: CANCELLED: client cancelled
2024-03-15 21:40:29,642 [grpc-default-executor-0] WARN  server.GrpcServerProtocolService (LogUtils.java:warn(121)) - e2c18930-f62b-4e67-9845-17087b23bc88: APPEND_ENTRIES onError, lastRequest: afe0fdae-f81b-4972-93bd-b2e3099b8af3->e2c18930-f62b-4e67-9845-17087b23bc88#4-t1,previous=(t:1, i:1),leaderCommit=1,initializing? false,entries: size=1, first=(t:1, i:2), METADATAENTRY(c:1): org.apache.ratis.thirdparty.io.grpc.StatusRuntimeException: CANCELLED: client cancelled
2024-03-15 21:40:29,642 [grpc-default-executor-5] WARN  server.GrpcLogAppender (LogUtils.java:warn(121)) - afe0fdae-f81b-4972-93bd-b2e3099b8af3@group-281E028D623B->e2c18930-f62b-4e67-9845-17087b23bc88-AppendLogResponseHandler: Failed appendEntries: org.apache.ratis.thirdparty.io.grpc.StatusRuntimeException: CANCELLED: RST_STREAM closed stream. HTTP/2 error code: CANCEL
2024-03-15 21:40:29,642 [grpc-default-executor-5] WARN  server.GrpcLogAppender (GrpcLogAppender.java:lambda$resetClient$1(217)) - afe0fdae-f81b-4972-93bd-b2e3099b8af3@group-281E028D623B->e2c18930-f62b-4e67-9845-17087b23bc88-GrpcLogAppender: Follower failed (request=null, errorCount=1); keep nextIndex (3) unchanged and retry.
2024-03-15 21:40:29,643 [main] INFO  server.GrpcService (GrpcService.java:closeImpl(320)) - e2c18930-f62b-4e67-9845-17087b23bc88: shutdown server GrpcServerProtocolService successfully
2024-03-15 21:40:29,644 [main] INFO  server.GrpcService (GrpcService.java:closeImpl(311)) - e2c18930-f62b-4e67-9845-17087b23bc88: shutdown server org.apache.ratis.grpc.server.GrpcAdminProtocolService now
2024-03-15 21:40:29,645 [main] INFO  server.GrpcService (GrpcService.java:closeImpl(320)) - e2c18930-f62b-4e67-9845-17087b23bc88: shutdown server org.apache.ratis.grpc.server.GrpcAdminProtocolService successfully
2024-03-15 21:40:29,647 [e2c18930-f62b-4e67-9845-17087b23bc88-NettyServerStreamRpc-bossGroup--thread1] INFO  logging.LoggingHandler (AbstractInternalLogger.java:log(148)) - [id: 0x25222949, L:/0.0.0.0:15380] CLOSE
2024-03-15 21:40:29,647 [e2c18930-f62b-4e67-9845-17087b23bc88-NettyServerStreamRpc-bossGroup--thread1] INFO  logging.LoggingHandler (AbstractInternalLogger.java:log(148)) - [id: 0x25222949, L:/0.0.0.0:15380] INACTIVE
2024-03-15 21:40:29,647 [e2c18930-f62b-4e67-9845-17087b23bc88-NettyServerStreamRpc-bossGroup--thread1] INFO  logging.LoggingHandler (AbstractInternalLogger.java:log(148)) - [id: 0x25222949, L:/0.0.0.0:15380] UNREGISTERED
2024-03-15 21:40:30,117 [e2c18930-f62b-4e67-9845-17087b23bc88-impl-thread2] INFO  segmented.SegmentedRaftLogWorker (SegmentedRaftLogWorker.java:close(245)) - e2c18930-f62b-4e67-9845-17087b23bc88@group-556F656E07CB-SegmentedRaftLogWorker close()
2024-03-15 21:40:30,622 [e2c18930-f62b-4e67-9845-17087b23bc88-impl-thread1] INFO  segmented.SegmentedRaftLogWorker (SegmentedRaftLogWorker.java:close(245)) - e2c18930-f62b-4e67-9845-17087b23bc88@group-281E028D623B-SegmentedRaftLogWorker close()
2024-03-15 21:40:30,624 [JvmPauseMonitor47] INFO  util.JvmPauseMonitor (JvmPauseMonitor.java:run(152)) - JvmPauseMonitor-e2c18930-f62b-4e67-9845-17087b23bc88: Stopped
2024-03-15 21:40:31,658 [timer3] WARN  server.GrpcLogAppender (LogUtils.java:warn(121)) - afe0fdae-f81b-4972-93bd-b2e3099b8af3@group-281E028D623B->3d634cb2-775f-4b5a-90b9-1e5452c00050-AppendLogResponseHandler: Failed appendEntries (Repeated 8 times in the last 5.000s): org.apache.ratis.thirdparty.io.grpc.StatusRuntimeException: UNAVAILABLE: io exception
2024-03-15 21:40:31,658 [timer4] WARN  server.GrpcLogAppender (GrpcLogAppender.java:lambda$resetClient$1(217)) - afe0fdae-f81b-4972-93bd-b2e3099b8af3@group-281E028D623B->3d634cb2-775f-4b5a-90b9-1e5452c00050-GrpcLogAppender: Follower failed (request=null, errorCount=8); keep nextIndex (3) unchanged and retry. (Repeated 8 times in the last 5.000s)
2024-03-15 21:40:32,627 [main] INFO  utils.DatanodeStoreCache (DatanodeStoreCache.java:shutdownCache(116)) - Skip clearing cache in mini cluster mode. Entries left: [/home/runner/work/ozone/ozone/hadoop-ozone/integration-test/target/test-dir/MiniOzoneClusterImpl-9d1dee8c-d44a-4a38-8f2b-42c9fdbb6771/ozone-meta/datanode-2/data-0/hdds/9d1dee8c-d44a-4a38-8f2b-42c9fdbb6771/DS-9d30e876-1158-4a58-8219-6d4bc1656576/container.db, /home/runner/work/ozone/ozone/hadoop-ozone/integration-test/target/test-dir/MiniOzoneClusterImpl-9d1dee8c-d44a-4a38-8f2b-42c9fdbb6771/ozone-meta/datanode-3/data-0/hdds/9d1dee8c-d44a-4a38-8f2b-42c9fdbb6771/DS-664bb53c-21f1-4f7a-a2df-9af9e0816f81/container.db, /home/runner/work/ozone/ozone/hadoop-ozone/integration-test/target/test-dir/MiniOzoneClusterImpl-9d1dee8c-d44a-4a38-8f2b-42c9fdbb6771/ozone-meta/datanode-4/data-0/hdds/9d1dee8c-d44a-4a38-8f2b-42c9fdbb6771/DS-fc924d7e-ca8d-4c06-a2b8-bee454d01c38/container.db, /home/runner/work/ozone/ozone/hadoop-ozone/integration-test/target/test-dir/MiniOzoneClusterImpl-9d1dee8c-d44a-4a38-8f2b-42c9fdbb6771/ozone-meta/datanode-5/data-0/hdds/9d1dee8c-d44a-4a38-8f2b-42c9fdbb6771/DS-1c832d2e-d626-49eb-b31f-746275a9eab6/container.db, /home/runner/work/ozone/ozone/hadoop-ozone/integration-test/target/test-dir/MiniOzoneClusterImpl-9d1dee8c-d44a-4a38-8f2b-42c9fdbb6771/ozone-meta/datanode-6/data-0/hdds/9d1dee8c-d44a-4a38-8f2b-42c9fdbb6771/DS-435ad3e4-ca7b-44ab-beb4-57b4e863a79f/container.db, /home/runner/work/ozone/ozone/hadoop-ozone/integration-test/target/test-dir/MiniOzoneClusterImpl-9d1dee8c-d44a-4a38-8f2b-42c9fdbb6771/ozone-meta/datanode-7/data-0/hdds/9d1dee8c-d44a-4a38-8f2b-42c9fdbb6771/DS-fb1ac069-b110-4978-993c-4fdbc7115c57/container.db, /home/runner/work/ozone/ozone/hadoop-ozone/integration-test/target/test-dir/MiniOzoneClusterImpl-9d1dee8c-d44a-4a38-8f2b-42c9fdbb6771/ozone-meta/datanode-8/data-0/hdds/9d1dee8c-d44a-4a38-8f2b-42c9fdbb6771/DS-809c989b-7dda-45d7-bd07-2283f774cd8f/container.db, /home/runner/work/ozone/ozone/hadoop-ozone/integration-test/target/test-dir/MiniOzoneClusterImpl-9d1dee8c-d44a-4a38-8f2b-42c9fdbb6771/ozone-meta/datanode-9/data-0/hdds/9d1dee8c-d44a-4a38-8f2b-42c9fdbb6771/DS-3f8335c2-bec4-484c-8831-5ce8d050498c/container.db]
2024-03-15 21:40:32,628 [main] INFO  utils.DatanodeStoreCache (DatanodeStoreCache.java:removeDB(110)) - Removed db /home/runner/work/ozone/ozone/hadoop-ozone/integration-test/target/test-dir/MiniOzoneClusterImpl-9d1dee8c-d44a-4a38-8f2b-42c9fdbb6771/ozone-meta/datanode-2/data-0/hdds/9d1dee8c-d44a-4a38-8f2b-42c9fdbb6771/DS-9d30e876-1158-4a58-8219-6d4bc1656576/container.db from cache
2024-03-15 21:40:32,628 [main] INFO  volume.HddsVolume (HddsVolume.java:closeDbStore(451)) - SchemaV3 db is stopped at /home/runner/work/ozone/ozone/hadoop-ozone/integration-test/target/test-dir/MiniOzoneClusterImpl-9d1dee8c-d44a-4a38-8f2b-42c9fdbb6771/ozone-meta/datanode-2/data-0/hdds/9d1dee8c-d44a-4a38-8f2b-42c9fdbb6771/DS-9d30e876-1158-4a58-8219-6d4bc1656576/container.db for volume DS-9d30e876-1158-4a58-8219-6d4bc1656576
2024-03-15 21:40:32,628 [main] INFO  utils.BackgroundService (BackgroundService.java:shutdown(160)) - Shutting down service BlockDeletingService
2024-03-15 21:40:32,628 [main] INFO  utils.BackgroundService (BackgroundService.java:shutdown(160)) - Shutting down service StaleRecoveringContainerScrubbingService
2024-03-15 21:40:32,629 [main] INFO  statemachine.DatanodeStateMachine (DatanodeStateMachine.java:stopDaemon(638)) - Ozone container server stopped.
2024-03-15 21:40:32,629 [main] INFO  handler.ContextHandler (ContextHandler.java:doStop(1159)) - Stopped o.e.j.w.WebAppContext@bc0e21b{hddsDatanode,/,null,STOPPED}{jar:file:/home/runner/.m2/repository/org/apache/ozone/hdds-container-service/1.5.0-SNAPSHOT/hdds-container-service-1.5.0-SNAPSHOT.jar!/webapps/hddsDatanode}
2024-03-15 21:40:32,630 [main] INFO  server.AbstractConnector (AbstractConnector.java:doStop(383)) - Stopped ServerConnector@1ca04c51{HTTP/1.1, (http/1.1)}{0.0.0.0:15374}
2024-03-15 21:40:32,630 [main] INFO  server.session (HouseKeeper.java:stopScavenging(149)) - node0 Stopped scavenging
2024-03-15 21:40:32,630 [main] INFO  handler.ContextHandler (ContextHandler.java:doStop(1159)) - Stopped o.e.j.s.ServletContextHandler@4f814423{static,/static,jar:file:/home/runner/.m2/repository/org/apache/ozone/hdds-container-service/1.5.0-SNAPSHOT/hdds-container-service-1.5.0-SNAPSHOT.jar!/webapps/static,STOPPED}
2024-03-15 21:40:32,630 [main] INFO  handler.ContextHandler (ContextHandler.java:doStop(1159)) - Stopped o.e.j.s.ServletContextHandler@a32d045{logs,/logs,file:///home/runner/work/ozone/ozone/hadoop-ozone/integration-test/target/log,STOPPED}
2024-03-15 21:40:32,631 [main] INFO  ozone.HddsDatanodeClientProtocolServer (HddsDatanodeClientProtocolServer.java:stop(83)) - Stopping the RPC server for Client Protocol
2024-03-15 21:40:32,631 [main] INFO  ipc.Server (Server.java:stop(3523)) - Stopping server on 15375
2024-03-15 21:40:32,632 [IPC Server listener on 15375] INFO  ipc.Server (Server.java:run(1434)) - Stopping IPC Server listener on 15375
2024-03-15 21:40:32,632 [IPC Server Responder] INFO  ipc.Server (Server.java:run(1567)) - Stopping IPC Server Responder
2024-03-15 21:40:32,634 [main] INFO  pipeline.PipelineManagerImpl (PipelineManagerImpl.java:closeContainersForPipeline(484)) - Container #1 closed for pipeline=PipelineID=03ef82d2-8008-497f-9d12-281e028d623b
2024-03-15 21:40:32,634 [EventQueue-CloseContainerForCloseContainerEventHandler] INFO  container.CloseContainerEventHandler (CloseContainerEventHandler.java:onMessage(88)) - Close container Event triggered for container : #1, current state: CLOSING
2024-03-15 21:40:32,635 [main] INFO  pipeline.PipelineManagerImpl (PipelineManagerImpl.java:closePipeline(518)) - Pipeline PipelineID=03ef82d2-8008-497f-9d12-281e028d623b moved to CLOSED state
2024-03-15 21:40:32,882 [grpc-default-executor-2] WARN  server.GrpcLogAppender (LogUtils.java:warn(121)) - afe0fdae-f81b-4972-93bd-b2e3099b8af3@group-281E028D623B->3d634cb2-775f-4b5a-90b9-1e5452c00050-AppendLogResponseHandler: Failed appendEntries: org.apache.ratis.thirdparty.io.grpc.StatusRuntimeException: UNAVAILABLE: io exception
2024-03-15 21:40:32,884 [grpc-default-executor-0] WARN  server.GrpcLogAppender (GrpcLogAppender.java:lambda$resetClient$1(217)) - afe0fdae-f81b-4972-93bd-b2e3099b8af3@group-281E028D623B->3d634cb2-775f-4b5a-90b9-1e5452c00050-GrpcLogAppender: Follower failed (request=null, errorCount=9); keep nextIndex (3) unchanged and retry.
2024-03-15 21:40:34,642 [timer2] WARN  server.GrpcLogAppender (LogUtils.java:warn(121)) - afe0fdae-f81b-4972-93bd-b2e3099b8af3@group-281E028D623B->e2c18930-f62b-4e67-9845-17087b23bc88-AppendLogResponseHandler: Failed appendEntries (Repeated 8 times in the last 5.000s): org.apache.ratis.thirdparty.io.grpc.StatusRuntimeException: UNAVAILABLE: io exception
2024-03-15 21:40:34,643 [timer3] WARN  server.GrpcLogAppender (GrpcLogAppender.java:lambda$resetClient$1(217)) - afe0fdae-f81b-4972-93bd-b2e3099b8af3@group-281E028D623B->e2c18930-f62b-4e67-9845-17087b23bc88-GrpcLogAppender: Follower failed (request=null, errorCount=8); keep nextIndex (3) unchanged and retry. (Repeated 8 times in the last 5.001s)
2024-03-15 21:40:35,384 [grpc-default-executor-2] WARN  server.GrpcLogAppender (LogUtils.java:warn(121)) - afe0fdae-f81b-4972-93bd-b2e3099b8af3@group-281E028D623B->e2c18930-f62b-4e67-9845-17087b23bc88-AppendLogResponseHandler: Failed appendEntries: org.apache.ratis.thirdparty.io.grpc.StatusRuntimeException: UNAVAILABLE: io exception
2024-03-15 21:40:35,388 [grpc-default-executor-0] WARN  server.GrpcLogAppender (GrpcLogAppender.java:lambda$resetClient$1(217)) - afe0fdae-f81b-4972-93bd-b2e3099b8af3@group-281E028D623B->e2c18930-f62b-4e67-9845-17087b23bc88-GrpcLogAppender: Follower failed (request=null, errorCount=9); keep nextIndex (3) unchanged and retry.
2024-03-15 21:40:36,345 [null-request--thread1] INFO  server.GrpcClientProtocolService (GrpcClientProtocolService.java:lambda$processClientRequest$0(284)) - Failed RaftClientRequest:client-4393ADB36EBE->afe0fdae-f81b-4972-93bd-b2e3099b8af3@group-281E028D623B, cid=76, seq=null, Watch-ALL_COMMITTED(101), Message:<EMPTY>, reply=RaftClientReply:client-4393ADB36EBE->afe0fdae-f81b-4972-93bd-b2e3099b8af3@group-281E028D623B, cid=76, FAILED org.apache.ratis.protocol.exceptions.NotReplicatedException: Request with call Id 76 and log index 101 is not yet replicated to ALL_COMMITTED, logIndex=101, commits[afe0fdae-f81b-4972-93bd-b2e3099b8af3:c2, 3d634cb2-775f-4b5a-90b9-1e5452c00050:c1, e2c18930-f62b-4e67-9845-17087b23bc88:c2]
2024-03-15 21:40:36,348 [main] WARN  scm.XceiverClientRatis (XceiverClientRatis.java:watchForCommit(284)) - 3 way commit failed on pipeline Pipeline[ Id: 03ef82d2-8008-497f-9d12-281e028d623b, Nodes: 3d634cb2-775f-4b5a-90b9-1e5452c00050(fv-az528-102.abqymjqvoexebeyq30kq3sdubb.bx.internal.cloudapp.net/10.1.0.11)e2c18930-f62b-4e67-9845-17087b23bc88(fv-az528-102.abqymjqvoexebeyq30kq3sdubb.bx.internal.cloudapp.net/10.1.0.11)afe0fdae-f81b-4972-93bd-b2e3099b8af3(fv-az528-102.abqymjqvoexebeyq30kq3sdubb.bx.internal.cloudapp.net/10.1.0.11), ReplicationConfig: RATIS/THREE, State:OPEN, leaderId:afe0fdae-f81b-4972-93bd-b2e3099b8af3, CreationTimestamp2024-03-15T21:40:18.051Z[Etc/UTC]]
java.util.concurrent.ExecutionException: org.apache.ratis.protocol.exceptions.NotReplicatedException: Request with call Id 76 and log index 101 is not yet replicated to ALL_COMMITTED
	at java.util.concurrent.CompletableFuture.reportGet(CompletableFuture.java:357)
	at java.util.concurrent.CompletableFuture.get(CompletableFuture.java:1908)
	at org.apache.hadoop.hdds.scm.XceiverClientRatis.watchForCommit(XceiverClientRatis.java:279)
	at org.apache.hadoop.ozone.client.rpc.TestWatchForCommit.lambda$testWatchForCommitForRetryfailure$0(TestWatchForCommit.java:286)
	at org.junit.jupiter.api.AssertThrows.assertThrows(AssertThrows.java:53)
	at org.junit.jupiter.api.AssertThrows.assertThrows(AssertThrows.java:35)
	at org.junit.jupiter.api.Assertions.assertThrows(Assertions.java:3115)
	at org.apache.hadoop.ozone.client.rpc.TestWatchForCommit.testWatchForCommitForRetryfailure(TestWatchForCommit.java:285)
	at sun.reflect.NativeMethodAccessorImpl.invoke0(Native Method)
	at sun.reflect.NativeMethodAccessorImpl.invoke(NativeMethodAccessorImpl.java:62)
	at sun.reflect.DelegatingMethodAccessorImpl.invoke(DelegatingMethodAccessorImpl.java:43)
	at java.lang.reflect.Method.invoke(Method.java:498)
	at org.junit.platform.commons.util.ReflectionUtils.invokeMethod(ReflectionUtils.java:728)
	at org.junit.jupiter.engine.execution.MethodInvocation.proceed(MethodInvocation.java:60)
	at org.junit.jupiter.engine.execution.InvocationInterceptorChain$ValidatingInvocation.proceed(InvocationInterceptorChain.java:131)
	at org.junit.jupiter.engine.extension.TimeoutExtension.intercept(TimeoutExtension.java:156)
	at org.junit.jupiter.engine.extension.TimeoutExtension.interceptTestableMethod(TimeoutExtension.java:147)
	at org.junit.jupiter.engine.extension.TimeoutExtension.interceptTestMethod(TimeoutExtension.java:86)
	at org.junit.jupiter.engine.execution.InterceptingExecutableInvoker$ReflectiveInterceptorCall.lambda$ofVoidMethod$0(InterceptingExecutableInvoker.java:103)
	at org.junit.jupiter.engine.execution.InterceptingExecutableInvoker.lambda$invoke$0(InterceptingExecutableInvoker.java:93)
	at org.junit.jupiter.engine.execution.InvocationInterceptorChain$InterceptedInvocation.proceed(InvocationInterceptorChain.java:106)
	at org.junit.jupiter.engine.execution.InvocationInterceptorChain.proceed(InvocationInterceptorChain.java:64)
	at org.junit.jupiter.engine.execution.InvocationInterceptorChain.chainAndInvoke(InvocationInterceptorChain.java:45)
	at org.junit.jupiter.engine.execution.InvocationInterceptorChain.invoke(InvocationInterceptorChain.java:37)
	at org.junit.jupiter.engine.execution.InterceptingExecutableInvoker.invoke(InterceptingExecutableInvoker.java:92)
	at org.junit.jupiter.engine.execution.InterceptingExecutableInvoker.invoke(InterceptingExecutableInvoker.java:86)
	at org.junit.jupiter.engine.descriptor.TestMethodTestDescriptor.lambda$invokeTestMethod$7(TestMethodTestDescriptor.java:218)
	at org.junit.platform.engine.support.hierarchical.ThrowableCollector.execute(ThrowableCollector.java:73)
	at org.junit.jupiter.engine.descriptor.TestMethodTestDescriptor.invokeTestMethod(TestMethodTestDescriptor.java:214)
	at org.junit.jupiter.engine.descriptor.TestMethodTestDescriptor.execute(TestMethodTestDescriptor.java:139)
	at org.junit.jupiter.engine.descriptor.TestMethodTestDescriptor.execute(TestMethodTestDescriptor.java:69)
	at org.junit.platform.engine.support.hierarchical.NodeTestTask.lambda$executeRecursively$6(NodeTestTask.java:151)
	at org.junit.platform.engine.support.hierarchical.ThrowableCollector.execute(ThrowableCollector.java:73)
	at org.junit.platform.engine.support.hierarchical.NodeTestTask.lambda$executeRecursively$8(NodeTestTask.java:141)
	at org.junit.platform.engine.support.hierarchical.Node.around(Node.java:137)
	at org.junit.platform.engine.support.hierarchical.NodeTestTask.lambda$executeRecursively$9(NodeTestTask.java:139)
	at org.junit.platform.engine.support.hierarchical.ThrowableCollector.execute(ThrowableCollector.java:73)
	at org.junit.platform.engine.support.hierarchical.NodeTestTask.executeRecursively(NodeTestTask.java:138)
	at org.junit.platform.engine.support.hierarchical.NodeTestTask.execute(NodeTestTask.java:95)
	at java.util.ArrayList.forEach(ArrayList.java:1259)
	at org.junit.platform.engine.support.hierarchical.SameThreadHierarchicalTestExecutorService.invokeAll(SameThreadHierarchicalTestExecutorService.java:41)
	at org.junit.platform.engine.support.hierarchical.NodeTestTask.lambda$executeRecursively$6(NodeTestTask.java:155)
	at org.junit.platform.engine.support.hierarchical.ThrowableCollector.execute(ThrowableCollector.java:73)
	at org.junit.platform.engine.support.hierarchical.NodeTestTask.lambda$executeRecursively$8(NodeTestTask.java:141)
	at org.junit.platform.engine.support.hierarchical.Node.around(Node.java:137)
	at org.junit.platform.engine.support.hierarchical.NodeTestTask.lambda$executeRecursively$9(NodeTestTask.java:139)
	at org.junit.platform.engine.support.hierarchical.ThrowableCollector.execute(ThrowableCollector.java:73)
	at org.junit.platform.engine.support.hierarchical.NodeTestTask.executeRecursively(NodeTestTask.java:138)
	at org.junit.platform.engine.support.hierarchical.NodeTestTask.execute(NodeTestTask.java:95)
	at java.util.ArrayList.forEach(ArrayList.java:1259)
	at org.junit.platform.engine.support.hierarchical.SameThreadHierarchicalTestExecutorService.invokeAll(SameThreadHierarchicalTestExecutorService.java:41)
	at org.junit.platform.engine.support.hierarchical.NodeTestTask.lambda$executeRecursively$6(NodeTestTask.java:155)
	at org.junit.platform.engine.support.hierarchical.ThrowableCollector.execute(ThrowableCollector.java:73)
	at org.junit.platform.engine.support.hierarchical.NodeTestTask.lambda$executeRecursively$8(NodeTestTask.java:141)
	at org.junit.platform.engine.support.hierarchical.Node.around(Node.java:137)
	at org.junit.platform.engine.support.hierarchical.NodeTestTask.lambda$executeRecursively$9(NodeTestTask.java:139)
	at org.junit.platform.engine.support.hierarchical.ThrowableCollector.execute(ThrowableCollector.java:73)
	at org.junit.platform.engine.support.hierarchical.NodeTestTask.executeRecursively(NodeTestTask.java:138)
	at org.junit.platform.engine.support.hierarchical.NodeTestTask.execute(NodeTestTask.java:95)
	at org.junit.platform.engine.support.hierarchical.SameThreadHierarchicalTestExecutorService.submit(SameThreadHierarchicalTestExecutorService.java:35)
	at org.junit.platform.engine.support.hierarchical.HierarchicalTestExecutor.execute(HierarchicalTestExecutor.java:57)
	at org.junit.platform.engine.support.hierarchical.HierarchicalTestEngine.execute(HierarchicalTestEngine.java:54)
	at org.junit.platform.launcher.core.EngineExecutionOrchestrator.execute(EngineExecutionOrchestrator.java:198)
	at org.junit.platform.launcher.core.EngineExecutionOrchestrator.execute(EngineExecutionOrchestrator.java:169)
	at org.junit.platform.launcher.core.EngineExecutionOrchestrator.execute(EngineExecutionOrchestrator.java:93)
	at org.junit.platform.launcher.core.EngineExecutionOrchestrator.lambda$execute$0(EngineExecutionOrchestrator.java:58)
	at org.junit.platform.launcher.core.EngineExecutionOrchestrator.withInterceptedStreams(EngineExecutionOrchestrator.java:141)
	at org.junit.platform.launcher.core.EngineExecutionOrchestrator.execute(EngineExecutionOrchestrator.java:57)
	at org.junit.platform.launcher.core.DefaultLauncher.execute(DefaultLauncher.java:103)
	at org.junit.platform.launcher.core.DefaultLauncher.execute(DefaultLauncher.java:85)
	at org.junit.platform.launcher.core.DelegatingLauncher.execute(DelegatingLauncher.java:47)
	at org.junit.platform.launcher.core.SessionPerRequestLauncher.execute(SessionPerRequestLauncher.java:63)
	at org.apache.maven.surefire.junitplatform.JUnitPlatformProvider.invokeAllTests(JUnitPlatformProvider.java:165)
	at org.apache.maven.surefire.junitplatform.JUnitPlatformProvider.invoke(JUnitPlatformProvider.java:124)
	at org.apache.maven.surefire.booter.ForkedBooter.runSuitesInProcess(ForkedBooter.java:428)
	at org.apache.maven.surefire.booter.ForkedBooter.execute(ForkedBooter.java:162)
	at org.apache.maven.surefire.booter.ForkedBooter.run(ForkedBooter.java:562)
	at org.apache.maven.surefire.booter.ForkedBooter.main(ForkedBooter.java:548)
Caused by: org.apache.ratis.protocol.exceptions.NotReplicatedException: Request with call Id 76 and log index 101 is not yet replicated to ALL_COMMITTED
	at org.apache.ratis.client.impl.ClientProtoUtils.toRaftClientReply(ClientProtoUtils.java:400)
	at org.apache.ratis.grpc.client.GrpcClientProtocolClient$AsyncStreamObservers$1.onNext(GrpcClientProtocolClient.java:310)
	at org.apache.ratis.grpc.client.GrpcClientProtocolClient$AsyncStreamObservers$1.onNext(GrpcClientProtocolClient.java:305)
	at org.apache.ratis.thirdparty.io.grpc.stub.ClientCalls$StreamObserverToCallListenerAdapter.onMessage(ClientCalls.java:468)
	at org.apache.ratis.thirdparty.io.grpc.ForwardingClientCallListener.onMessage(ForwardingClientCallListener.java:33)
	at org.apache.ratis.thirdparty.io.grpc.internal.ClientCallImpl$ClientStreamListenerImpl$1MessagesAvailable.runInternal(ClientCallImpl.java:660)
	at org.apache.ratis.thirdparty.io.grpc.internal.ClientCallImpl$ClientStreamListenerImpl$1MessagesAvailable.runInContext(ClientCallImpl.java:647)
	at org.apache.ratis.thirdparty.io.grpc.internal.ContextRunnable.run(ContextRunnable.java:37)
	at org.apache.ratis.thirdparty.io.grpc.internal.SerializingExecutor.run(SerializingExecutor.java:133)
	at java.util.concurrent.ThreadPoolExecutor.runWorker(ThreadPoolExecutor.java:1149)
	at java.util.concurrent.ThreadPoolExecutor$Worker.run(ThreadPoolExecutor.java:624)
	at java.lang.Thread.run(Thread.java:750)
2024-03-15 21:40:37,026 [afe0fdae-f81b-4972-93bd-b2e3099b8af3@group-281E028D623B-LeaderStateImpl] WARN  server.RaftServer$Division (LeaderStateImpl.java:checkLeadership(1107)) - afe0fdae-f81b-4972-93bd-b2e3099b8af3@group-281E028D623B-LeaderStateImpl: Lost leadership on term: 1. Election timeout: 5200ms. In charge for: 10937ms. Conf: 0: peers:[3d634cb2-775f-4b5a-90b9-1e5452c00050|10.1.0.11:15370, e2c18930-f62b-4e67-9845-17087b23bc88|10.1.0.11:15379, afe0fdae-f81b-4972-93bd-b2e3099b8af3|10.1.0.11:15388]|listeners:[], old=null
2024-03-15 21:40:37,026 [afe0fdae-f81b-4972-93bd-b2e3099b8af3@group-281E028D623B-LeaderStateImpl] WARN  server.RaftServer$Division (LeaderStateImpl.java:lambda$checkLeadership$21(1111)) - Follower afe0fdae-f81b-4972-93bd-b2e3099b8af3@group-281E028D623B->3d634cb2-775f-4b5a-90b9-1e5452c00050(c1,m2,n3, caughtUp=true, lastRpcSendTime=1395, lastRpcResponseTime=10404)
2024-03-15 21:40:37,026 [afe0fdae-f81b-4972-93bd-b2e3099b8af3@group-281E028D623B-LeaderStateImpl] WARN  server.RaftServer$Division (LeaderStateImpl.java:lambda$checkLeadership$21(1111)) - Follower afe0fdae-f81b-4972-93bd-b2e3099b8af3@group-281E028D623B->e2c18930-f62b-4e67-9845-17087b23bc88(c2,m2,n3, caughtUp=true, lastRpcSendTime=385, lastRpcResponseTime=7900)
2024-03-15 21:40:37,026 [afe0fdae-f81b-4972-93bd-b2e3099b8af3@group-281E028D623B-LeaderStateImpl] INFO  server.RaftServer$Division (RaftServerImpl.java:setRole(383)) - afe0fdae-f81b-4972-93bd-b2e3099b8af3@group-281E028D623B: changes role from    LEADER to FOLLOWER at term 1 for StepDownReason:LOST_MAJORITY_HEARTBEATS
2024-03-15 21:40:37,026 [afe0fdae-f81b-4972-93bd-b2e3099b8af3@group-281E028D623B-LeaderStateImpl] INFO  impl.RoleInfo (RoleInfo.java:shutdownLeaderState(94)) - afe0fdae-f81b-4972-93bd-b2e3099b8af3: shutdown afe0fdae-f81b-4972-93bd-b2e3099b8af3@group-281E028D623B-LeaderStateImpl
2024-03-15 21:40:37,027 [afe0fdae-f81b-4972-93bd-b2e3099b8af3@group-281E028D623B-LeaderStateImpl] INFO  impl.PendingRequests (PendingRequests.java:sendNotLeaderResponses(289)) - afe0fdae-f81b-4972-93bd-b2e3099b8af3@group-281E028D623B-PendingRequests: sendNotLeaderResponses
2024-03-15 21:40:37,027 [afe0fdae-f81b-4972-93bd-b2e3099b8af3@group-281E028D623B->e2c18930-f62b-4e67-9845-17087b23bc88-GrpcLogAppender-LogAppenderDaemon] WARN  server.GrpcLogAppender (GrpcLogAppender.java:mayWait(289)) - afe0fdae-f81b-4972-93bd-b2e3099b8af3@group-281E028D623B->e2c18930-f62b-4e67-9845-17087b23bc88-GrpcLogAppender: Wait interrupted by java.lang.InterruptedException
2024-03-15 21:40:37,027 [afe0fdae-f81b-4972-93bd-b2e3099b8af3@group-281E028D623B->3d634cb2-775f-4b5a-90b9-1e5452c00050-GrpcLogAppender-LogAppenderDaemon] WARN  server.GrpcLogAppender (GrpcLogAppender.java:mayWait(289)) - afe0fdae-f81b-4972-93bd-b2e3099b8af3@group-281E028D623B->3d634cb2-775f-4b5a-90b9-1e5452c00050-GrpcLogAppender: Wait interrupted by java.lang.InterruptedException
2024-03-15 21:40:37,028 [null-request--thread1] INFO  server.GrpcClientProtocolService (GrpcClientProtocolService.java:lambda$processClientRequest$0(284)) - Failed RaftClientRequest:client-4393ADB36EBE->afe0fdae-f81b-4972-93bd-b2e3099b8af3@group-281E028D623B, cid=77, seq=null, Watch-MAJORITY_COMMITTED(101), Message:<EMPTY>, reply=RaftClientReply:client-4393ADB36EBE->afe0fdae-f81b-4972-93bd-b2e3099b8af3@group-281E028D623B, cid=77, FAILED org.apache.ratis.protocol.exceptions.NotLeaderException: Server afe0fdae-f81b-4972-93bd-b2e3099b8af3@group-281E028D623B is not the leader, logIndex=0, commits[afe0fdae-f81b-4972-93bd-b2e3099b8af3:c2, 3d634cb2-775f-4b5a-90b9-1e5452c00050:c1, e2c18930-f62b-4e67-9845-17087b23bc88:c2]
2024-03-15 21:40:37,029 [afe0fdae-f81b-4972-93bd-b2e3099b8af3@group-281E028D623B-LeaderStateImpl] INFO  server.RaftServer$Division (ServerState.java:setLeader(269)) - afe0fdae-f81b-4972-93bd-b2e3099b8af3@group-281E028D623B: change Leader from afe0fdae-f81b-4972-93bd-b2e3099b8af3 to null at term 1 for StepDownReason:LOST_MAJORITY_HEARTBEATS
2024-03-15 21:40:37,029 [afe0fdae-f81b-4972-93bd-b2e3099b8af3@group-281E028D623B-LeaderStateImpl] INFO  impl.RoleInfo (RoleInfo.java:updateAndGet(139)) - afe0fdae-f81b-4972-93bd-b2e3099b8af3: start afe0fdae-f81b-4972-93bd-b2e3099b8af3@group-281E028D623B-FollowerState
2024-03-15 21:40:37,633 [afe0fdae-f81b-4972-93bd-b2e3099b8af3-CloseContainerThread-0] INFO  commandhandler.CloseContainerCommandHandler (CloseContainerCommandHandler.java:lambda$handle$0(154)) - Follower cannot close container #1.
2024-03-15 21:40:37,884 [timer7] WARN  server.GrpcLogAppender (GrpcLogAppender.java:lambda$resetClient$1(217)) - afe0fdae-f81b-4972-93bd-b2e3099b8af3@group-281E028D623B->3d634cb2-775f-4b5a-90b9-1e5452c00050-GrpcLogAppender: Follower failed (request=null, errorCount=14); keep nextIndex (3) unchanged and retry. (Repeated 6 times in the last 5.000s)
2024-03-15 21:40:37,884 [timer6] WARN  server.GrpcLogAppender (LogUtils.java:warn(121)) - afe0fdae-f81b-4972-93bd-b2e3099b8af3@group-281E028D623B->3d634cb2-775f-4b5a-90b9-1e5452c00050-AppendLogResponseHandler: Failed appendEntries (Repeated 6 times in the last 5.001s): org.apache.ratis.thirdparty.io.grpc.StatusRuntimeException: UNAVAILABLE: io exception
2024-03-15 21:40:39,204 [BackgroundPipelineScrubber] INFO  pipeline.PipelineManagerImpl (PipelineManagerImpl.java:scrubPipelines(610)) - Scrubbing pipeline: id: PipelineID=03ef82d2-8008-497f-9d12-281e028d623b since it stays at CLOSED stage.
2024-03-15 21:40:39,205 [BackgroundPipelineScrubber] INFO  pipeline.RatisPipelineProvider (RatisPipelineProvider.java:lambda$close$4(270)) - Send pipeline:PipelineID=03ef82d2-8008-497f-9d12-281e028d623b close command to datanode 3d634cb2-775f-4b5a-90b9-1e5452c00050
2024-03-15 21:40:39,205 [BackgroundPipelineScrubber] INFO  pipeline.RatisPipelineProvider (RatisPipelineProvider.java:lambda$close$4(270)) - Send pipeline:PipelineID=03ef82d2-8008-497f-9d12-281e028d623b close command to datanode e2c18930-f62b-4e67-9845-17087b23bc88
2024-03-15 21:40:39,205 [BackgroundPipelineScrubber] INFO  pipeline.RatisPipelineProvider (RatisPipelineProvider.java:lambda$close$4(270)) - Send pipeline:PipelineID=03ef82d2-8008-497f-9d12-281e028d623b close command to datanode afe0fdae-f81b-4972-93bd-b2e3099b8af3
2024-03-15 21:40:39,205 [BackgroundPipelineScrubber] INFO  pipeline.PipelineManagerImpl (PipelineManagerImpl.java:removePipeline(459)) - Pipeline Pipeline[ Id: 03ef82d2-8008-497f-9d12-281e028d623b, Nodes: 3d634cb2-775f-4b5a-90b9-1e5452c00050(fv-az528-102.abqymjqvoexebeyq30kq3sdubb.bx.internal.cloudapp.net/10.1.0.11)e2c18930-f62b-4e67-9845-17087b23bc88(fv-az528-102.abqymjqvoexebeyq30kq3sdubb.bx.internal.cloudapp.net/10.1.0.11)afe0fdae-f81b-4972-93bd-b2e3099b8af3(fv-az528-102.abqymjqvoexebeyq30kq3sdubb.bx.internal.cloudapp.net/10.1.0.11), ReplicationConfig: RATIS/THREE, State:CLOSED, leaderId:afe0fdae-f81b-4972-93bd-b2e3099b8af3, CreationTimestamp2024-03-15T21:40:18.051Z[Etc/UTC]] removed.
2024-03-15 21:40:40,387 [timer6] WARN  server.GrpcLogAppender (LogUtils.java:warn(121)) - afe0fdae-f81b-4972-93bd-b2e3099b8af3@group-281E028D623B->e2c18930-f62b-4e67-9845-17087b23bc88-AppendLogResponseHandler: Failed appendEntries (Repeated 4 times in the last 5.003s): org.apache.ratis.thirdparty.io.grpc.StatusRuntimeException: UNAVAILABLE: io exception
2024-03-15 21:40:40,388 [timer7] WARN  server.GrpcLogAppender (GrpcLogAppender.java:lambda$resetClient$1(217)) - afe0fdae-f81b-4972-93bd-b2e3099b8af3@group-281E028D623B->e2c18930-f62b-4e67-9845-17087b23bc88-GrpcLogAppender: Follower failed (request=null, errorCount=12); keep nextIndex (3) unchanged and retry. (Repeated 4 times in the last 5.001s)
2024-03-15 21:40:40,633 [afe0fdae-f81b-4972-93bd-b2e3099b8af3-PipelineCommandHandlerThread-0] INFO  server.RaftServer (RaftServerProxy.java:remove(111)) - afe0fdae-f81b-4972-93bd-b2e3099b8af3: remove  FOLLOWER afe0fdae-f81b-4972-93bd-b2e3099b8af3@group-281E028D623B:t1, leader=null, voted=afe0fdae-f81b-4972-93bd-b2e3099b8af3, raftlog=Memoized:afe0fdae-f81b-4972-93bd-b2e3099b8af3@group-281E028D623B-SegmentedRaftLog:OPENED:c2, conf=0: peers:[3d634cb2-775f-4b5a-90b9-1e5452c00050|10.1.0.11:15370, e2c18930-f62b-4e67-9845-17087b23bc88|10.1.0.11:15379, afe0fdae-f81b-4972-93bd-b2e3099b8af3|10.1.0.11:15388]|listeners:[], old=null RUNNING
2024-03-15 21:40:40,633 [afe0fdae-f81b-4972-93bd-b2e3099b8af3-PipelineCommandHandlerThread-0] INFO  server.RaftServer$Division (RaftServerImpl.java:lambda$close$3(526)) - afe0fdae-f81b-4972-93bd-b2e3099b8af3@group-281E028D623B: shutdown
2024-03-15 21:40:40,633 [afe0fdae-f81b-4972-93bd-b2e3099b8af3-PipelineCommandHandlerThread-0] INFO  util.JmxRegister (JmxRegister.java:unregister(73)) - Successfully un-registered JMX Bean with object name Ratis:service=RaftServer,group=group-281E028D623B,id=afe0fdae-f81b-4972-93bd-b2e3099b8af3
2024-03-15 21:40:40,633 [afe0fdae-f81b-4972-93bd-b2e3099b8af3-PipelineCommandHandlerThread-0] INFO  impl.RoleInfo (RoleInfo.java:shutdownFollowerState(110)) - afe0fdae-f81b-4972-93bd-b2e3099b8af3: shutdown afe0fdae-f81b-4972-93bd-b2e3099b8af3@group-281E028D623B-FollowerState
2024-03-15 21:40:40,633 [afe0fdae-f81b-4972-93bd-b2e3099b8af3-PipelineCommandHandlerThread-0] INFO  impl.StateMachineUpdater (StateMachineUpdater.java:stopAndJoin(157)) - afe0fdae-f81b-4972-93bd-b2e3099b8af3@group-281E028D623B-StateMachineUpdater: set stopIndex = 2
2024-03-15 21:40:40,633 [afe0fdae-f81b-4972-93bd-b2e3099b8af3@group-281E028D623B-FollowerState] INFO  impl.FollowerState (FollowerState.java:run(152)) - afe0fdae-f81b-4972-93bd-b2e3099b8af3@group-281E028D623B-FollowerState was interrupted
2024-03-15 21:40:40,633 [afe0fdae-f81b-4972-93bd-b2e3099b8af3@group-281E028D623B-StateMachineUpdater] INFO  ratis.ContainerStateMachine (ContainerStateMachine.java:takeSnapshot(355)) - group-281E028D623B: Taking a snapshot at:(t:1, i:2) file /home/runner/work/ozone/ozone/hadoop-ozone/integration-test/target/test-dir/MiniOzoneClusterImpl-9d1dee8c-d44a-4a38-8f2b-42c9fdbb6771/ozone-meta/datanode-3/ratis/03ef82d2-8008-497f-9d12-281e028d623b/sm/snapshot.1_2
2024-03-15 21:40:40,634 [afe0fdae-f81b-4972-93bd-b2e3099b8af3@group-281E028D623B-StateMachineUpdater] INFO  ratis.ContainerStateMachine (ContainerStateMachine.java:takeSnapshot(366)) - group-281E028D623B: Finished taking a snapshot at:(t:1, i:2) file:/home/runner/work/ozone/ozone/hadoop-ozone/integration-test/target/test-dir/MiniOzoneClusterImpl-9d1dee8c-d44a-4a38-8f2b-42c9fdbb6771/ozone-meta/datanode-3/ratis/03ef82d2-8008-497f-9d12-281e028d623b/sm/snapshot.1_2 took: 1 ms
2024-03-15 21:40:40,634 [afe0fdae-f81b-4972-93bd-b2e3099b8af3@group-281E028D623B-StateMachineUpdater] INFO  impl.StateMachineUpdater (StateMachineUpdater.java:takeSnapshot(295)) - afe0fdae-f81b-4972-93bd-b2e3099b8af3@group-281E028D623B-StateMachineUpdater: Took a snapshot at index 2
2024-03-15 21:40:40,635 [afe0fdae-f81b-4972-93bd-b2e3099b8af3@group-281E028D623B-StateMachineUpdater] INFO  impl.StateMachineUpdater (StateMachineUpdater.java:lambda$new$0(98)) - afe0fdae-f81b-4972-93bd-b2e3099b8af3@group-281E028D623B-StateMachineUpdater: snapshotIndex: updateIncreasingly -1 -> 2
2024-03-15 21:40:40,635 [afe0fdae-f81b-4972-93bd-b2e3099b8af3-PipelineCommandHandlerThread-0] INFO  server.RaftServer$Division (ServerState.java:close(427)) - afe0fdae-f81b-4972-93bd-b2e3099b8af3@group-281E028D623B: applyIndex: 2
2024-03-15 21:40:40,635 [afe0fdae-f81b-4972-93bd-b2e3099b8af3@group-281E028D623B-cacheEviction-AwaitToRun] INFO  util.AwaitToRun (AwaitToRun.java:run(49)) - afe0fdae-f81b-4972-93bd-b2e3099b8af3@group-281E028D623B-cacheEviction-AwaitToRun-AwaitForSignal is interrupted
2024-03-15 21:40:41,623 [afe0fdae-f81b-4972-93bd-b2e3099b8af3-PipelineCommandHandlerThread-0] INFO  segmented.SegmentedRaftLogWorker (SegmentedRaftLogWorker.java:close(245)) - afe0fdae-f81b-4972-93bd-b2e3099b8af3@group-281E028D623B-SegmentedRaftLogWorker close()
2024-03-15 21:40:41,625 [afe0fdae-f81b-4972-93bd-b2e3099b8af3-PipelineCommandHandlerThread-0] INFO  keyvalue.KeyValueContainer (KeyValueContainer.java:flushAndSyncDB(522)) - Container 1 is synced with bcsId 0.
2024-03-15 21:40:41,625 [afe0fdae-f81b-4972-93bd-b2e3099b8af3-PipelineCommandHandlerThread-0] INFO  keyvalue.KeyValueContainer (KeyValueContainer.java:flushAndSyncDB(522)) - Container 1 is synced with bcsId 0.
2024-03-15 21:40:41,627 [afe0fdae-f81b-4972-93bd-b2e3099b8af3-PipelineCommandHandlerThread-0] INFO  server.RaftServer$Division (RaftServerImpl.java:groupRemove(496)) - afe0fdae-f81b-4972-93bd-b2e3099b8af3@group-281E028D623B: Succeed to remove RaftStorageDirectory Storage Directory /home/runner/work/ozone/ozone/hadoop-ozone/integration-test/target/test-dir/MiniOzoneClusterImpl-9d1dee8c-d44a-4a38-8f2b-42c9fdbb6771/ozone-meta/datanode-3/ratis/03ef82d2-8008-497f-9d12-281e028d623b
2024-03-15 21:40:41,627 [afe0fdae-f81b-4972-93bd-b2e3099b8af3-PipelineCommandHandlerThread-0] ERROR commandhandler.ClosePipelineCommandHandler (ClosePipelineCommandHandler.java:lambda$handle$2(137)) - Can't close pipeline PipelineID=03ef82d2-8008-497f-9d12-281e028d623b
org.apache.ratis.protocol.exceptions.GroupMismatchException: afe0fdae-f81b-4972-93bd-b2e3099b8af3: group-281E028D623B not found.
	at org.apache.ratis.server.impl.RaftServerProxy$ImplMap.get(RaftServerProxy.java:154)
	at org.apache.ratis.server.impl.RaftServerProxy.getImplFuture(RaftServerProxy.java:364)
	at org.apache.ratis.server.impl.RaftServerProxy.getImpl(RaftServerProxy.java:373)
	at org.apache.ratis.server.impl.RaftServerProxy.getDivision(RaftServerProxy.java:386)
	at org.apache.hadoop.ozone.container.common.transport.server.ratis.XceiverServerRatis.getRaftPeersInPipeline(XceiverServerRatis.java:951)
	at org.apache.hadoop.ozone.container.common.statemachine.commandhandler.ClosePipelineCommandHandler.lambda$handle$2(ClosePipelineCommandHandler.java:114)
	at java.util.concurrent.CompletableFuture$AsyncRun.run(CompletableFuture.java:1640)
	at java.util.concurrent.ThreadPoolExecutor.runWorker(ThreadPoolExecutor.java:1149)
	at java.util.concurrent.ThreadPoolExecutor$Worker.run(ThreadPoolExecutor.java:624)
	at java.lang.Thread.run(Thread.java:750)
2024-03-15 21:40:41,630 [FixedThreadPoolWithAffinityExecutor-8-0] INFO  container.IncrementalContainerReportHandler (AbstractContainerReportHandler.java:updateContainerState(287)) - Moving container #1 to QUASI_CLOSED state, datanode afe0fdae-f81b-4972-93bd-b2e3099b8af3(fv-az528-102.abqymjqvoexebeyq30kq3sdubb.bx.internal.cloudapp.net/10.1.0.11) reported QUASI_CLOSED replica.
2024-03-15 21:40:48,944 [main] INFO  ozone.MiniOzoneClusterImpl (MiniOzoneClusterImpl.java:shutdown(396)) - Shutting down the Mini Ozone Cluster
2024-03-15 21:40:48,944 [main] INFO  db.CodecTestUtil (CodecTestUtil.java:gc(50)) - gc 0
2024-03-15 21:40:49,339 [main] INFO  ozone.MiniOzoneClusterImpl (MiniOzoneClusterImpl.java:stop(412)) - Stopping the Mini Ozone Cluster
2024-03-15 21:40:49,340 [main] INFO  om.OzoneManager (OzoneManager.java:stop(2235)) - om1[localhost:15360]: Stopping Ozone Manager
2024-03-15 21:40:49,340 [main] INFO  ipc.Server (Server.java:stop(3523)) - Stopping server on 15360
2024-03-15 21:40:49,342 [IPC Server listener on 15360] INFO  ipc.Server (Server.java:run(1434)) - Stopping IPC Server listener on 15360
2024-03-15 21:40:49,343 [IPC Server Responder] INFO  ipc.Server (Server.java:run(1567)) - Stopping IPC Server Responder
2024-03-15 21:40:49,343 [main] INFO  ratis.OzoneManagerRatisServer (OzoneManagerRatisServer.java:stop(594)) - Stopping org.apache.hadoop.ozone.om.ratis.OzoneManagerRatisServer@52b1bd76 at port 15363
2024-03-15 21:40:49,344 [main] INFO  server.RaftServer (RaftServerProxy.java:lambda$close$9(416)) - om1: close
2024-03-15 21:40:49,344 [main] INFO  server.GrpcService (GrpcService.java:closeImpl(311)) - om1: shutdown server GrpcServerProtocolService now
2024-03-15 21:40:49,344 [om1-impl-thread1] INFO  server.RaftServer$Division (RaftServerImpl.java:lambda$close$3(526)) - om1@group-C5BA1605619E: shutdown
2024-03-15 21:40:49,344 [om1-impl-thread1] INFO  util.JmxRegister (JmxRegister.java:unregister(73)) - Successfully un-registered JMX Bean with object name Ratis:service=RaftServer,group=group-C5BA1605619E,id=om1
2024-03-15 21:40:49,344 [om1-impl-thread1] INFO  impl.RoleInfo (RoleInfo.java:shutdownLeaderState(94)) - om1: shutdown om1@group-C5BA1605619E-LeaderStateImpl
2024-03-15 21:40:49,344 [om1-impl-thread1] INFO  impl.PendingRequests (PendingRequests.java:sendNotLeaderResponses(289)) - om1@group-C5BA1605619E-PendingRequests: sendNotLeaderResponses
2024-03-15 21:40:49,347 [main] INFO  server.GrpcService (GrpcService.java:closeImpl(320)) - om1: shutdown server GrpcServerProtocolService successfully
2024-03-15 21:40:49,347 [om1-impl-thread1] INFO  impl.StateMachineUpdater (StateMachineUpdater.java:stopAndJoin(157)) - om1@group-C5BA1605619E-StateMachineUpdater: set stopIndex = 4
2024-03-15 21:40:49,348 [om1@group-C5BA1605619E-StateMachineUpdater] INFO  ratis.OzoneManagerStateMachine (OzoneManagerStateMachine.java:takeSnapshotImpl(467)) -  applied = (t:1, i:3)
2024-03-15 21:40:49,348 [om1@group-C5BA1605619E-StateMachineUpdater] INFO  ratis.OzoneManagerStateMachine (OzoneManagerStateMachine.java:takeSnapshotImpl(468)) -  skipped = 3
2024-03-15 21:40:49,348 [om1@group-C5BA1605619E-StateMachineUpdater] INFO  ratis.OzoneManagerStateMachine (OzoneManagerStateMachine.java:takeSnapshotImpl(469)) - notified = (t:1, i:4)
2024-03-15 21:40:49,348 [om1@group-C5BA1605619E-StateMachineUpdater] INFO  ratis.OzoneManagerStateMachine (OzoneManagerStateMachine.java:takeSnapshotImpl(470)) - snapshot = (t:1, i:4)
2024-03-15 21:40:49,357 [om1@group-C5BA1605619E-StateMachineUpdater] INFO  impl.StateMachineUpdater (StateMachineUpdater.java:takeSnapshot(295)) - om1@group-C5BA1605619E-StateMachineUpdater: Took a snapshot at index 4
2024-03-15 21:40:49,357 [om1@group-C5BA1605619E-StateMachineUpdater] INFO  impl.StateMachineUpdater (StateMachineUpdater.java:lambda$new$0(98)) - om1@group-C5BA1605619E-StateMachineUpdater: snapshotIndex: updateIncreasingly -1 -> 4
2024-03-15 21:40:49,357 [om1@group-C5BA1605619E-StateMachineUpdater] INFO  ratis.OzoneManagerStateMachine (OzoneManagerStateMachine.java:close(513)) - Stopping OzoneManagerStateMachine:om1:group-C5BA1605619E.
2024-03-15 21:40:49,357 [om1@group-C5BA1605619E-StateMachineUpdater] INFO  ratis.OzoneManagerDoubleBuffer (OzoneManagerDoubleBuffer.java:stopDaemon(517)) - Stopping OMDoubleBuffer flush thread
2024-03-15 21:40:49,357 [om1-OMDoubleBufferFlushThread] INFO  ratis.OzoneManagerDoubleBuffer (OzoneManagerDoubleBuffer.java:canFlush(581)) - OMDoubleBuffer flush thread om1-OMDoubleBufferFlushThread is interrupted and will exit.
2024-03-15 21:40:49,358 [om1-impl-thread1] INFO  server.RaftServer$Division (ServerState.java:close(427)) - om1@group-C5BA1605619E: applyIndex: 3
2024-03-15 21:40:49,359 [om1@group-C5BA1605619E-cacheEviction-AwaitToRun] INFO  util.AwaitToRun (AwaitToRun.java:run(49)) - om1@group-C5BA1605619E-cacheEviction-AwaitToRun-AwaitForSignal is interrupted
2024-03-15 21:40:49,601 [om1-impl-thread1] INFO  segmented.SegmentedRaftLogWorker (SegmentedRaftLogWorker.java:close(245)) - om1@group-C5BA1605619E-SegmentedRaftLogWorker close()
2024-03-15 21:40:49,601 [JvmPauseMonitor45] INFO  util.JvmPauseMonitor (JvmPauseMonitor.java:run(152)) - JvmPauseMonitor-om1: Stopped
2024-03-15 21:40:49,601 [main] INFO  utils.BackgroundService (BackgroundService.java:shutdown(160)) - Shutting down service KeyDeletingService
2024-03-15 21:40:49,602 [main] INFO  utils.BackgroundService (BackgroundService.java:shutdown(160)) - Shutting down service DirectoryDeletingService
2024-03-15 21:40:49,602 [main] INFO  utils.BackgroundService (BackgroundService.java:shutdown(160)) - Shutting down service OpenKeyCleanupService
2024-03-15 21:40:49,602 [main] INFO  utils.BackgroundService (BackgroundService.java:shutdown(160)) - Shutting down service SstFilteringService
2024-03-15 21:40:49,602 [main] INFO  utils.BackgroundService (BackgroundService.java:shutdown(160)) - Shutting down service SnapshotDeletingService
2024-03-15 21:40:49,602 [main] INFO  utils.BackgroundService (BackgroundService.java:shutdown(160)) - Shutting down service MultipartUploadCleanupService
2024-03-15 21:40:49,603 [main] INFO  utils.BackgroundService (BackgroundService.java:shutdown(160)) - Shutting down service SnapshotDirectoryCleaningService
2024-03-15 21:40:49,603 [main] INFO  handler.ContextHandler (ContextHandler.java:doStop(1159)) - Stopped o.e.j.w.WebAppContext@6d709a91{ozoneManager,/,null,STOPPED}{file:/home/runner/work/ozone/ozone/hadoop-ozone/integration-test/target/test-classes/webapps/ozoneManager}
2024-03-15 21:40:49,604 [main] INFO  server.AbstractConnector (AbstractConnector.java:doStop(383)) - Stopped ServerConnector@20f01996{HTTP/1.1, (http/1.1)}{0.0.0.0:15361}
2024-03-15 21:40:49,604 [main] INFO  server.session (HouseKeeper.java:stopScavenging(149)) - node0 Stopped scavenging
2024-03-15 21:40:49,604 [main] INFO  handler.ContextHandler (ContextHandler.java:doStop(1159)) - Stopped o.e.j.s.ServletContextHandler@6d1f1ebe{static,/static,file:///home/runner/work/ozone/ozone/hadoop-ozone/integration-test/target/test-classes/webapps/static,STOPPED}
2024-03-15 21:40:49,604 [main] INFO  handler.ContextHandler (ContextHandler.java:doStop(1159)) - Stopped o.e.j.s.ServletContextHandler@453db8e3{logs,/logs,file:///home/runner/work/ozone/ozone/hadoop-ozone/integration-test/target/log,STOPPED}
2024-03-15 21:40:49,605 [main] INFO  rocksdiff.RocksDBCheckpointDiffer (RocksDBCheckpointDiffer.java:close(310)) - Shutting down CompactionDagPruningService.
2024-03-15 21:40:49,606 [main] INFO  snapshot.SnapshotDiffManager (SnapshotDiffManager.java:closeExecutorService(1657)) - Shutting down executorService: 'SnapDiffExecutor'
2024-03-15 21:40:49,606 [main] INFO  utils.BackgroundService (BackgroundService.java:shutdown(160)) - Shutting down service SnapshotDiffCleanupService
2024-03-15 21:40:49,607 [main] INFO  ozone.MiniOzoneClusterImpl (MiniOzoneClusterImpl.java:stopDatanodes(471)) - Stopping the HddsDatanodes
2024-03-15 21:40:49,608 [ForkJoinPool.commonPool-worker-6] INFO  ozoneimpl.OzoneContainer (OzoneContainer.java:stop(481)) - Attempting to stop container services.
2024-03-15 21:40:49,608 [ForkJoinPool.commonPool-worker-5] INFO  ozoneimpl.OzoneContainer (OzoneContainer.java:stop(481)) - Attempting to stop container services.
2024-03-15 21:40:49,610 [ContainerMetadataScanner] WARN  ozoneimpl.AbstractBackgroundContainerScanner (AbstractBackgroundContainerScanner.java:handleRemainingSleep(134)) - Background container scan was interrupted.
2024-03-15 21:40:49,610 [ContainerMetadataScanner] WARN  ozoneimpl.AbstractBackgroundContainerScanner (AbstractBackgroundContainerScanner.java:handleRemainingSleep(134)) - Background container scan was interrupted.
2024-03-15 21:40:49,611 [ContainerMetadataScanner] INFO  ozoneimpl.AbstractBackgroundContainerScanner (AbstractBackgroundContainerScanner.java:run(61)) - Thread[ContainerMetadataScanner,5,main] exiting.
2024-03-15 21:40:49,610 [main] INFO  ozoneimpl.OzoneContainer (OzoneContainer.java:stop(481)) - Attempting to stop container services.
2024-03-15 21:40:49,611 [ForkJoinPool.commonPool-worker-6] INFO  ozoneimpl.BackgroundContainerDataScanner (BackgroundContainerDataScanner.java:shutdown(141)) - ContainerDataScanner(/home/runner/work/ozone/ozone/hadoop-ozone/integration-test/target/test-dir/MiniOzoneClusterImpl-9d1dee8c-d44a-4a38-8f2b-42c9fdbb6771/ozone-meta/datanode-8/data-0/hdds) is shutting down. 
2024-03-15 21:40:49,611 [ContainerMetadataScanner] INFO  ozoneimpl.AbstractBackgroundContainerScanner (AbstractBackgroundContainerScanner.java:run(61)) - Thread[ContainerMetadataScanner,5,main] exiting.
2024-03-15 21:40:49,612 [ContainerDataScanner(/home/runner/work/ozone/ozone/hadoop-ozone/integration-test/target/test-dir/MiniOzoneClusterImpl-9d1dee8c-d44a-4a38-8f2b-42c9fdbb6771/ozone-meta/datanode-8/data-0/hdds)] WARN  ozoneimpl.AbstractBackgroundContainerScanner (AbstractBackgroundContainerScanner.java:handleRemainingSleep(134)) - Background container scan was interrupted.
2024-03-15 21:40:49,612 [ForkJoinPool.commonPool-worker-7] INFO  ozoneimpl.OzoneContainer (OzoneContainer.java:stop(481)) - Attempting to stop container services.
2024-03-15 21:40:49,612 [ContainerMetadataScanner] WARN  ozoneimpl.AbstractBackgroundContainerScanner (AbstractBackgroundContainerScanner.java:handleRemainingSleep(134)) - Background container scan was interrupted.
2024-03-15 21:40:49,612 [ContainerDataScanner(/home/runner/work/ozone/ozone/hadoop-ozone/integration-test/target/test-dir/MiniOzoneClusterImpl-9d1dee8c-d44a-4a38-8f2b-42c9fdbb6771/ozone-meta/datanode-8/data-0/hdds)] INFO  ozoneimpl.AbstractBackgroundContainerScanner (AbstractBackgroundContainerScanner.java:run(61)) - ContainerDataScanner(/home/runner/work/ozone/ozone/hadoop-ozone/integration-test/target/test-dir/MiniOzoneClusterImpl-9d1dee8c-d44a-4a38-8f2b-42c9fdbb6771/ozone-meta/datanode-8/data-0/hdds, DS-809c989b-7dda-45d7-bd07-2283f774cd8f) exiting.
2024-03-15 21:40:49,613 [ForkJoinPool.commonPool-worker-5] INFO  ozoneimpl.BackgroundContainerDataScanner (BackgroundContainerDataScanner.java:shutdown(141)) - ContainerDataScanner(/home/runner/work/ozone/ozone/hadoop-ozone/integration-test/target/test-dir/MiniOzoneClusterImpl-9d1dee8c-d44a-4a38-8f2b-42c9fdbb6771/ozone-meta/datanode-3/data-0/hdds) is shutting down. 
2024-03-15 21:40:49,614 [ContainerMetadataScanner] WARN  ozoneimpl.AbstractBackgroundContainerScanner (AbstractBackgroundContainerScanner.java:handleRemainingSleep(134)) - Background container scan was interrupted.
2024-03-15 21:40:49,614 [ContainerMetadataScanner] INFO  ozoneimpl.AbstractBackgroundContainerScanner (AbstractBackgroundContainerScanner.java:run(61)) - Thread[ContainerMetadataScanner,5,main] exiting.
2024-03-15 21:40:49,614 [ContainerDataScanner(/home/runner/work/ozone/ozone/hadoop-ozone/integration-test/target/test-dir/MiniOzoneClusterImpl-9d1dee8c-d44a-4a38-8f2b-42c9fdbb6771/ozone-meta/datanode-3/data-0/hdds)] WARN  ozoneimpl.AbstractBackgroundContainerScanner (AbstractBackgroundContainerScanner.java:handleRemainingSleep(134)) - Background container scan was interrupted.
2024-03-15 21:40:49,613 [ContainerMetadataScanner] INFO  ozoneimpl.AbstractBackgroundContainerScanner (AbstractBackgroundContainerScanner.java:run(61)) - Thread[ContainerMetadataScanner,5,main] exiting.
2024-03-15 21:40:49,615 [ContainerDataScanner(/home/runner/work/ozone/ozone/hadoop-ozone/integration-test/target/test-dir/MiniOzoneClusterImpl-9d1dee8c-d44a-4a38-8f2b-42c9fdbb6771/ozone-meta/datanode-3/data-0/hdds)] INFO  ozoneimpl.AbstractBackgroundContainerScanner (AbstractBackgroundContainerScanner.java:run(61)) - ContainerDataScanner(/home/runner/work/ozone/ozone/hadoop-ozone/integration-test/target/test-dir/MiniOzoneClusterImpl-9d1dee8c-d44a-4a38-8f2b-42c9fdbb6771/ozone-meta/datanode-3/data-0/hdds, DS-664bb53c-21f1-4f7a-a2df-9af9e0816f81) exiting.
2024-03-15 21:40:49,615 [ForkJoinPool.commonPool-worker-6] INFO  server.RaftServer (RaftServerProxy.java:lambda$close$9(416)) - b15e7803-4f8e-4e49-829e-8079360f838e: close
2024-03-15 21:40:49,615 [b15e7803-4f8e-4e49-829e-8079360f838e-impl-thread1] INFO  server.RaftServer$Division (RaftServerImpl.java:lambda$close$3(526)) - b15e7803-4f8e-4e49-829e-8079360f838e@group-A2D1DD8F5B2A: shutdown
2024-03-15 21:40:49,615 [ForkJoinPool.commonPool-worker-6] INFO  server.GrpcService (GrpcService.java:closeImpl(311)) - b15e7803-4f8e-4e49-829e-8079360f838e: shutdown server org.apache.ratis.grpc.server.GrpcClientProtocolService now
2024-03-15 21:40:49,615 [b15e7803-4f8e-4e49-829e-8079360f838e-impl-thread2] INFO  server.RaftServer$Division (RaftServerImpl.java:lambda$close$3(526)) - b15e7803-4f8e-4e49-829e-8079360f838e@group-0952D38902EA: shutdown
2024-03-15 21:40:49,615 [b15e7803-4f8e-4e49-829e-8079360f838e-impl-thread2] INFO  util.JmxRegister (JmxRegister.java:unregister(73)) - Successfully un-registered JMX Bean with object name Ratis:service=RaftServer,group=group-0952D38902EA,id=b15e7803-4f8e-4e49-829e-8079360f838e
2024-03-15 21:40:49,615 [b15e7803-4f8e-4e49-829e-8079360f838e-impl-thread2] INFO  impl.RoleInfo (RoleInfo.java:shutdownLeaderState(94)) - b15e7803-4f8e-4e49-829e-8079360f838e: shutdown b15e7803-4f8e-4e49-829e-8079360f838e@group-0952D38902EA-LeaderStateImpl
2024-03-15 21:40:49,615 [b15e7803-4f8e-4e49-829e-8079360f838e-impl-thread2] INFO  impl.PendingRequests (PendingRequests.java:sendNotLeaderResponses(289)) - b15e7803-4f8e-4e49-829e-8079360f838e@group-0952D38902EA-PendingRequests: sendNotLeaderResponses
2024-03-15 21:40:49,615 [ForkJoinPool.commonPool-worker-6] INFO  server.GrpcService (GrpcService.java:closeImpl(320)) - b15e7803-4f8e-4e49-829e-8079360f838e: shutdown server org.apache.ratis.grpc.server.GrpcClientProtocolService successfully
2024-03-15 21:40:49,616 [ForkJoinPool.commonPool-worker-6] INFO  server.GrpcService (GrpcService.java:closeImpl(311)) - b15e7803-4f8e-4e49-829e-8079360f838e: shutdown server GrpcServerProtocolService now
2024-03-15 21:40:49,616 [b15e7803-4f8e-4e49-829e-8079360f838e-impl-thread2] INFO  impl.StateMachineUpdater (StateMachineUpdater.java:stopAndJoin(157)) - b15e7803-4f8e-4e49-829e-8079360f838e@group-0952D38902EA-StateMachineUpdater: set stopIndex = 0
2024-03-15 21:40:49,616 [b15e7803-4f8e-4e49-829e-8079360f838e@group-0952D38902EA-StateMachineUpdater] INFO  ratis.ContainerStateMachine (ContainerStateMachine.java:takeSnapshot(355)) - group-0952D38902EA: Taking a snapshot at:(t:1, i:0) file /home/runner/work/ozone/ozone/hadoop-ozone/integration-test/target/test-dir/MiniOzoneClusterImpl-9d1dee8c-d44a-4a38-8f2b-42c9fdbb6771/ozone-meta/datanode-8/ratis/0975c043-544c-4447-92f4-0952d38902ea/sm/snapshot.1_0
2024-03-15 21:40:49,617 [grpc-default-executor-2] WARN  server.GrpcLogAppender (LogUtils.java:warn(121)) - caf183e4-1f79-482a-9e33-59f38e9311f0@group-A2D1DD8F5B2A->b15e7803-4f8e-4e49-829e-8079360f838e-AppendLogResponseHandler: Failed appendEntries: org.apache.ratis.thirdparty.io.grpc.StatusRuntimeException: CANCELLED: RST_STREAM closed stream. HTTP/2 error code: CANCEL
2024-03-15 21:40:49,615 [b15e7803-4f8e-4e49-829e-8079360f838e-impl-thread1] INFO  util.JmxRegister (JmxRegister.java:unregister(73)) - Successfully un-registered JMX Bean with object name Ratis:service=RaftServer,group=group-A2D1DD8F5B2A,id=b15e7803-4f8e-4e49-829e-8079360f838e
2024-03-15 21:40:49,617 [b15e7803-4f8e-4e49-829e-8079360f838e-impl-thread1] INFO  impl.RoleInfo (RoleInfo.java:shutdownFollowerState(110)) - b15e7803-4f8e-4e49-829e-8079360f838e: shutdown b15e7803-4f8e-4e49-829e-8079360f838e@group-A2D1DD8F5B2A-FollowerState
2024-03-15 21:40:49,617 [grpc-default-executor-5] WARN  server.GrpcServerProtocolService (LogUtils.java:warn(121)) - b15e7803-4f8e-4e49-829e-8079360f838e: APPEND_ENTRIES onError, lastRequest: caf183e4-1f79-482a-9e33-59f38e9311f0->b15e7803-4f8e-4e49-829e-8079360f838e#1-t1,previous=(t:0, i:0),leaderCommit=-1,initializing? false,entries: size=1, first=(t:1, i:0), CONFIGURATIONENTRY(current:id: "2bf5d123-a097-49f6-8df3-d3538d4bb7b0"
address: "10.1.0.11:15442"
dataStreamAddress: "10.1.0.11:15443"
clientAddress: "10.1.0.11:15440"
adminAddress: "10.1.0.11:15441"
startupRole: FOLLOWER
,id: "b15e7803-4f8e-4e49-829e-8079360f838e"
address: "10.1.0.11:15433"
dataStreamAddress: "10.1.0.11:15434"
clientAddress: "10.1.0.11:15431"
adminAddress: "10.1.0.11:15432"
startupRole: FOLLOWER
,id: "caf183e4-1f79-482a-9e33-59f38e9311f0"
address: "10.1.0.11:15424"
priority: 1
dataStreamAddress: "10.1.0.11:15425"
clientAddress: "10.1.0.11:15422"
adminAddress: "10.1.0.11:15423"
startupRole: FOLLOWER
, old:): org.apache.ratis.thirdparty.io.grpc.StatusRuntimeException: CANCELLED: client cancelled
2024-03-15 21:40:49,615 [ForkJoinPool.commonPool-worker-5] INFO  server.RaftServer (RaftServerProxy.java:lambda$close$9(416)) - afe0fdae-f81b-4972-93bd-b2e3099b8af3: close
2024-03-15 21:40:49,617 [ForkJoinPool.commonPool-worker-7] INFO  ozoneimpl.BackgroundContainerDataScanner (BackgroundContainerDataScanner.java:shutdown(141)) - ContainerDataScanner(/home/runner/work/ozone/ozone/hadoop-ozone/integration-test/target/test-dir/MiniOzoneClusterImpl-9d1dee8c-d44a-4a38-8f2b-42c9fdbb6771/ozone-meta/datanode-5/data-0/hdds) is shutting down. 
2024-03-15 21:40:49,617 [b15e7803-4f8e-4e49-829e-8079360f838e@group-0952D38902EA-StateMachineUpdater] INFO  ratis.ContainerStateMachine (ContainerStateMachine.java:takeSnapshot(366)) - group-0952D38902EA: Finished taking a snapshot at:(t:1, i:0) file:/home/runner/work/ozone/ozone/hadoop-ozone/integration-test/target/test-dir/MiniOzoneClusterImpl-9d1dee8c-d44a-4a38-8f2b-42c9fdbb6771/ozone-meta/datanode-8/ratis/0975c043-544c-4447-92f4-0952d38902ea/sm/snapshot.1_0 took: 1 ms
2024-03-15 21:40:49,617 [grpc-default-executor-2] WARN  server.GrpcLogAppender (GrpcLogAppender.java:lambda$resetClient$1(217)) - caf183e4-1f79-482a-9e33-59f38e9311f0@group-A2D1DD8F5B2A->b15e7803-4f8e-4e49-829e-8079360f838e-GrpcLogAppender: Follower failed (request=null, errorCount=1); keep nextIndex (1) unchanged and retry.
2024-03-15 21:40:49,617 [b15e7803-4f8e-4e49-829e-8079360f838e@group-0952D38902EA-StateMachineUpdater] INFO  impl.StateMachineUpdater (StateMachineUpdater.java:takeSnapshot(295)) - b15e7803-4f8e-4e49-829e-8079360f838e@group-0952D38902EA-StateMachineUpdater: Took a snapshot at index 0
2024-03-15 21:40:49,617 [b15e7803-4f8e-4e49-829e-8079360f838e@group-0952D38902EA-StateMachineUpdater] INFO  impl.StateMachineUpdater (StateMachineUpdater.java:lambda$new$0(98)) - b15e7803-4f8e-4e49-829e-8079360f838e@group-0952D38902EA-StateMachineUpdater: snapshotIndex: updateIncreasingly -1 -> 0
2024-03-15 21:40:49,617 [b15e7803-4f8e-4e49-829e-8079360f838e-impl-thread2] INFO  server.RaftServer$Division (ServerState.java:close(427)) - b15e7803-4f8e-4e49-829e-8079360f838e@group-0952D38902EA: applyIndex: 0
2024-03-15 21:40:49,618 [b15e7803-4f8e-4e49-829e-8079360f838e@group-0952D38902EA-cacheEviction-AwaitToRun] INFO  util.AwaitToRun (AwaitToRun.java:run(49)) - b15e7803-4f8e-4e49-829e-8079360f838e@group-0952D38902EA-cacheEviction-AwaitToRun-AwaitForSignal is interrupted
2024-03-15 21:40:49,621 [ContainerDataScanner(/home/runner/work/ozone/ozone/hadoop-ozone/integration-test/target/test-dir/MiniOzoneClusterImpl-9d1dee8c-d44a-4a38-8f2b-42c9fdbb6771/ozone-meta/datanode-5/data-0/hdds)] WARN  ozoneimpl.AbstractBackgroundContainerScanner (AbstractBackgroundContainerScanner.java:handleRemainingSleep(134)) - Background container scan was interrupted.
2024-03-15 21:40:49,621 [ContainerDataScanner(/home/runner/work/ozone/ozone/hadoop-ozone/integration-test/target/test-dir/MiniOzoneClusterImpl-9d1dee8c-d44a-4a38-8f2b-42c9fdbb6771/ozone-meta/datanode-5/data-0/hdds)] INFO  ozoneimpl.AbstractBackgroundContainerScanner (AbstractBackgroundContainerScanner.java:run(61)) - ContainerDataScanner(/home/runner/work/ozone/ozone/hadoop-ozone/integration-test/target/test-dir/MiniOzoneClusterImpl-9d1dee8c-d44a-4a38-8f2b-42c9fdbb6771/ozone-meta/datanode-5/data-0/hdds, DS-1c832d2e-d626-49eb-b31f-746275a9eab6) exiting.
2024-03-15 21:40:49,621 [ForkJoinPool.commonPool-worker-7] INFO  server.RaftServer (RaftServerProxy.java:lambda$close$9(416)) - c275007a-4e3d-4cf4-8bcd-9935f71fc838: close
2024-03-15 21:40:49,621 [grpc-default-executor-5] WARN  server.GrpcServerProtocolService (LogUtils.java:warn(121)) - b15e7803-4f8e-4e49-829e-8079360f838e: APPEND_ENTRIES onError, lastRequest: null: org.apache.ratis.thirdparty.io.grpc.StatusRuntimeException: CANCELLED: client cancelled
2024-03-15 21:40:49,621 [ForkJoinPool.commonPool-worker-6] INFO  server.GrpcService (GrpcService.java:closeImpl(320)) - b15e7803-4f8e-4e49-829e-8079360f838e: shutdown server GrpcServerProtocolService successfully
2024-03-15 21:40:49,621 [ForkJoinPool.commonPool-worker-6] INFO  server.GrpcService (GrpcService.java:closeImpl(311)) - b15e7803-4f8e-4e49-829e-8079360f838e: shutdown server org.apache.ratis.grpc.server.GrpcAdminProtocolService now
2024-03-15 21:40:49,625 [main] INFO  ozoneimpl.BackgroundContainerDataScanner (BackgroundContainerDataScanner.java:shutdown(141)) - ContainerDataScanner(/home/runner/work/ozone/ozone/hadoop-ozone/integration-test/target/test-dir/MiniOzoneClusterImpl-9d1dee8c-d44a-4a38-8f2b-42c9fdbb6771/ozone-meta/datanode-6/data-0/hdds) is shutting down. 
2024-03-15 21:40:49,625 [b15e7803-4f8e-4e49-829e-8079360f838e@group-A2D1DD8F5B2A-StateMachineUpdater] INFO  ratis.ContainerStateMachine (ContainerStateMachine.java:takeSnapshot(355)) - group-A2D1DD8F5B2A: Taking a snapshot at:(t:1, i:0) file /home/runner/work/ozone/ozone/hadoop-ozone/integration-test/target/test-dir/MiniOzoneClusterImpl-9d1dee8c-d44a-4a38-8f2b-42c9fdbb6771/ozone-meta/datanode-8/ratis/aa483ffc-7bbc-45dc-87b3-a2d1dd8f5b2a/sm/snapshot.1_0
2024-03-15 21:40:49,626 [ContainerDataScanner(/home/runner/work/ozone/ozone/hadoop-ozone/integration-test/target/test-dir/MiniOzoneClusterImpl-9d1dee8c-d44a-4a38-8f2b-42c9fdbb6771/ozone-meta/datanode-6/data-0/hdds)] WARN  ozoneimpl.AbstractBackgroundContainerScanner (AbstractBackgroundContainerScanner.java:handleRemainingSleep(134)) - Background container scan was interrupted.
2024-03-15 21:40:49,626 [ForkJoinPool.commonPool-worker-6] INFO  server.GrpcService (GrpcService.java:closeImpl(320)) - b15e7803-4f8e-4e49-829e-8079360f838e: shutdown server org.apache.ratis.grpc.server.GrpcAdminProtocolService successfully
2024-03-15 21:40:49,625 [b15e7803-4f8e-4e49-829e-8079360f838e@group-A2D1DD8F5B2A-FollowerState] INFO  impl.FollowerState (FollowerState.java:run(152)) - b15e7803-4f8e-4e49-829e-8079360f838e@group-A2D1DD8F5B2A-FollowerState was interrupted
2024-03-15 21:40:49,625 [b15e7803-4f8e-4e49-829e-8079360f838e-impl-thread1] INFO  impl.StateMachineUpdater (StateMachineUpdater.java:stopAndJoin(157)) - b15e7803-4f8e-4e49-829e-8079360f838e@group-A2D1DD8F5B2A-StateMachineUpdater: set stopIndex = 0
2024-03-15 21:40:49,626 [b15e7803-4f8e-4e49-829e-8079360f838e@group-A2D1DD8F5B2A-StateMachineUpdater] INFO  ratis.ContainerStateMachine (ContainerStateMachine.java:takeSnapshot(366)) - group-A2D1DD8F5B2A: Finished taking a snapshot at:(t:1, i:0) file:/home/runner/work/ozone/ozone/hadoop-ozone/integration-test/target/test-dir/MiniOzoneClusterImpl-9d1dee8c-d44a-4a38-8f2b-42c9fdbb6771/ozone-meta/datanode-8/ratis/aa483ffc-7bbc-45dc-87b3-a2d1dd8f5b2a/sm/snapshot.1_0 took: 1 ms
2024-03-15 21:40:49,626 [ForkJoinPool.commonPool-worker-5] INFO  server.GrpcService (GrpcService.java:closeImpl(311)) - afe0fdae-f81b-4972-93bd-b2e3099b8af3: shutdown server org.apache.ratis.grpc.server.GrpcClientProtocolService now
2024-03-15 21:40:49,626 [b15e7803-4f8e-4e49-829e-8079360f838e@group-A2D1DD8F5B2A-StateMachineUpdater] INFO  impl.StateMachineUpdater (StateMachineUpdater.java:takeSnapshot(295)) - b15e7803-4f8e-4e49-829e-8079360f838e@group-A2D1DD8F5B2A-StateMachineUpdater: Took a snapshot at index 0
2024-03-15 21:40:49,626 [b15e7803-4f8e-4e49-829e-8079360f838e@group-A2D1DD8F5B2A-StateMachineUpdater] INFO  impl.StateMachineUpdater (StateMachineUpdater.java:lambda$new$0(98)) - b15e7803-4f8e-4e49-829e-8079360f838e@group-A2D1DD8F5B2A-StateMachineUpdater: snapshotIndex: updateIncreasingly -1 -> 0
2024-03-15 21:40:49,626 [b15e7803-4f8e-4e49-829e-8079360f838e-impl-thread1] INFO  server.RaftServer$Division (ServerState.java:close(427)) - b15e7803-4f8e-4e49-829e-8079360f838e@group-A2D1DD8F5B2A: applyIndex: 0
2024-03-15 21:40:49,626 [ContainerDataScanner(/home/runner/work/ozone/ozone/hadoop-ozone/integration-test/target/test-dir/MiniOzoneClusterImpl-9d1dee8c-d44a-4a38-8f2b-42c9fdbb6771/ozone-meta/datanode-6/data-0/hdds)] INFO  ozoneimpl.AbstractBackgroundContainerScanner (AbstractBackgroundContainerScanner.java:run(61)) - ContainerDataScanner(/home/runner/work/ozone/ozone/hadoop-ozone/integration-test/target/test-dir/MiniOzoneClusterImpl-9d1dee8c-d44a-4a38-8f2b-42c9fdbb6771/ozone-meta/datanode-6/data-0/hdds, DS-435ad3e4-ca7b-44ab-beb4-57b4e863a79f) exiting.
2024-03-15 21:40:49,627 [afe0fdae-f81b-4972-93bd-b2e3099b8af3-impl-thread1] INFO  server.RaftServer$Division (RaftServerImpl.java:lambda$close$3(526)) - afe0fdae-f81b-4972-93bd-b2e3099b8af3@group-9ED0681F8904: shutdown
2024-03-15 21:40:49,627 [afe0fdae-f81b-4972-93bd-b2e3099b8af3-impl-thread1] INFO  util.JmxRegister (JmxRegister.java:unregister(73)) - Successfully un-registered JMX Bean with object name Ratis:service=RaftServer,group=group-9ED0681F8904,id=afe0fdae-f81b-4972-93bd-b2e3099b8af3
2024-03-15 21:40:49,628 [afe0fdae-f81b-4972-93bd-b2e3099b8af3-impl-thread1] INFO  impl.RoleInfo (RoleInfo.java:shutdownLeaderState(94)) - afe0fdae-f81b-4972-93bd-b2e3099b8af3: shutdown afe0fdae-f81b-4972-93bd-b2e3099b8af3@group-9ED0681F8904-LeaderStateImpl
2024-03-15 21:40:49,628 [afe0fdae-f81b-4972-93bd-b2e3099b8af3-impl-thread1] INFO  impl.PendingRequests (PendingRequests.java:sendNotLeaderResponses(289)) - afe0fdae-f81b-4972-93bd-b2e3099b8af3@group-9ED0681F8904-PendingRequests: sendNotLeaderResponses
2024-03-15 21:40:49,628 [afe0fdae-f81b-4972-93bd-b2e3099b8af3-impl-thread1] INFO  impl.StateMachineUpdater (StateMachineUpdater.java:stopAndJoin(157)) - afe0fdae-f81b-4972-93bd-b2e3099b8af3@group-9ED0681F8904-StateMachineUpdater: set stopIndex = 0
2024-03-15 21:40:49,628 [afe0fdae-f81b-4972-93bd-b2e3099b8af3@group-9ED0681F8904-StateMachineUpdater] INFO  ratis.ContainerStateMachine (ContainerStateMachine.java:takeSnapshot(355)) - group-9ED0681F8904: Taking a snapshot at:(t:1, i:0) file /home/runner/work/ozone/ozone/hadoop-ozone/integration-test/target/test-dir/MiniOzoneClusterImpl-9d1dee8c-d44a-4a38-8f2b-42c9fdbb6771/ozone-meta/datanode-3/ratis/30654122-102c-450f-9c97-9ed0681f8904/sm/snapshot.1_0
2024-03-15 21:40:49,628 [main] INFO  server.RaftServer (RaftServerProxy.java:lambda$close$9(416)) - 3dfa3a40-7be8-4b27-818e-b4bcb1f9d011: close
2024-03-15 21:40:49,629 [b15e7803-4f8e-4e49-829e-8079360f838e@group-A2D1DD8F5B2A-cacheEviction-AwaitToRun] INFO  util.AwaitToRun (AwaitToRun.java:run(49)) - b15e7803-4f8e-4e49-829e-8079360f838e@group-A2D1DD8F5B2A-cacheEviction-AwaitToRun-AwaitForSignal is interrupted
2024-03-15 21:40:49,629 [c275007a-4e3d-4cf4-8bcd-9935f71fc838-impl-thread2] INFO  server.RaftServer$Division (RaftServerImpl.java:lambda$close$3(526)) - c275007a-4e3d-4cf4-8bcd-9935f71fc838@group-3B78A4466A9B: shutdown
2024-03-15 21:40:49,628 [ForkJoinPool.commonPool-worker-1] INFO  ozoneimpl.OzoneContainer (OzoneContainer.java:stop(481)) - Attempting to stop container services.
2024-03-15 21:40:49,628 [afe0fdae-f81b-4972-93bd-b2e3099b8af3@group-9ED0681F8904-StateMachineUpdater] INFO  ratis.ContainerStateMachine (ContainerStateMachine.java:takeSnapshot(366)) - group-9ED0681F8904: Finished taking a snapshot at:(t:1, i:0) file:/home/runner/work/ozone/ozone/hadoop-ozone/integration-test/target/test-dir/MiniOzoneClusterImpl-9d1dee8c-d44a-4a38-8f2b-42c9fdbb6771/ozone-meta/datanode-3/ratis/30654122-102c-450f-9c97-9ed0681f8904/sm/snapshot.1_0 took: 0 ms
2024-03-15 21:40:49,628 [ForkJoinPool.commonPool-worker-7] INFO  server.GrpcService (GrpcService.java:closeImpl(311)) - c275007a-4e3d-4cf4-8bcd-9935f71fc838: shutdown server org.apache.ratis.grpc.server.GrpcClientProtocolService now
2024-03-15 21:40:49,628 [c275007a-4e3d-4cf4-8bcd-9935f71fc838-impl-thread1] INFO  server.RaftServer$Division (RaftServerImpl.java:lambda$close$3(526)) - c275007a-4e3d-4cf4-8bcd-9935f71fc838@group-48BCF4B4440D: shutdown
2024-03-15 21:40:49,630 [afe0fdae-f81b-4972-93bd-b2e3099b8af3@group-9ED0681F8904-StateMachineUpdater] INFO  impl.StateMachineUpdater (StateMachineUpdater.java:takeSnapshot(295)) - afe0fdae-f81b-4972-93bd-b2e3099b8af3@group-9ED0681F8904-StateMachineUpdater: Took a snapshot at index 0
2024-03-15 21:40:49,630 [c275007a-4e3d-4cf4-8bcd-9935f71fc838-impl-thread1] INFO  util.JmxRegister (JmxRegister.java:unregister(73)) - Successfully un-registered JMX Bean with object name Ratis:service=RaftServer,group=group-48BCF4B4440D,id=c275007a-4e3d-4cf4-8bcd-9935f71fc838
2024-03-15 21:40:49,630 [c275007a-4e3d-4cf4-8bcd-9935f71fc838-impl-thread1] INFO  impl.RoleInfo (RoleInfo.java:shutdownLeaderState(94)) - c275007a-4e3d-4cf4-8bcd-9935f71fc838: shutdown c275007a-4e3d-4cf4-8bcd-9935f71fc838@group-48BCF4B4440D-LeaderStateImpl
2024-03-15 21:40:49,630 [c275007a-4e3d-4cf4-8bcd-9935f71fc838-impl-thread2] INFO  util.JmxRegister (JmxRegister.java:unregister(73)) - Successfully un-registered JMX Bean with object name Ratis:service=RaftServer,group=group-3B78A4466A9B,id=c275007a-4e3d-4cf4-8bcd-9935f71fc838
2024-03-15 21:40:49,630 [c275007a-4e3d-4cf4-8bcd-9935f71fc838-impl-thread2] INFO  impl.RoleInfo (RoleInfo.java:shutdownLeaderState(94)) - c275007a-4e3d-4cf4-8bcd-9935f71fc838: shutdown c275007a-4e3d-4cf4-8bcd-9935f71fc838@group-3B78A4466A9B-LeaderStateImpl
2024-03-15 21:40:49,630 [afe0fdae-f81b-4972-93bd-b2e3099b8af3@group-9ED0681F8904-StateMachineUpdater] INFO  impl.StateMachineUpdater (StateMachineUpdater.java:lambda$new$0(98)) - afe0fdae-f81b-4972-93bd-b2e3099b8af3@group-9ED0681F8904-StateMachineUpdater: snapshotIndex: updateIncreasingly -1 -> 0
2024-03-15 21:40:49,630 [c275007a-4e3d-4cf4-8bcd-9935f71fc838-impl-thread2] INFO  impl.PendingRequests (PendingRequests.java:sendNotLeaderResponses(289)) - c275007a-4e3d-4cf4-8bcd-9935f71fc838@group-3B78A4466A9B-PendingRequests: sendNotLeaderResponses
2024-03-15 21:40:49,630 [afe0fdae-f81b-4972-93bd-b2e3099b8af3-impl-thread1] INFO  server.RaftServer$Division (ServerState.java:close(427)) - afe0fdae-f81b-4972-93bd-b2e3099b8af3@group-9ED0681F8904: applyIndex: 0
2024-03-15 21:40:49,630 [c275007a-4e3d-4cf4-8bcd-9935f71fc838-impl-thread2] INFO  impl.StateMachineUpdater (StateMachineUpdater.java:stopAndJoin(157)) - c275007a-4e3d-4cf4-8bcd-9935f71fc838@group-3B78A4466A9B-StateMachineUpdater: set stopIndex = 0
2024-03-15 21:40:49,631 [c275007a-4e3d-4cf4-8bcd-9935f71fc838@group-3B78A4466A9B-StateMachineUpdater] INFO  ratis.ContainerStateMachine (ContainerStateMachine.java:takeSnapshot(355)) - group-3B78A4466A9B: Taking a snapshot at:(t:1, i:0) file /home/runner/work/ozone/ozone/hadoop-ozone/integration-test/target/test-dir/MiniOzoneClusterImpl-9d1dee8c-d44a-4a38-8f2b-42c9fdbb6771/ozone-meta/datanode-5/ratis/fd2398c0-0f03-4dfd-87d3-3b78a4466a9b/sm/snapshot.1_0
2024-03-15 21:40:49,631 [c275007a-4e3d-4cf4-8bcd-9935f71fc838@group-3B78A4466A9B-StateMachineUpdater] INFO  ratis.ContainerStateMachine (ContainerStateMachine.java:takeSnapshot(366)) - group-3B78A4466A9B: Finished taking a snapshot at:(t:1, i:0) file:/home/runner/work/ozone/ozone/hadoop-ozone/integration-test/target/test-dir/MiniOzoneClusterImpl-9d1dee8c-d44a-4a38-8f2b-42c9fdbb6771/ozone-meta/datanode-5/ratis/fd2398c0-0f03-4dfd-87d3-3b78a4466a9b/sm/snapshot.1_0 took: 1 ms
2024-03-15 21:40:49,631 [c275007a-4e3d-4cf4-8bcd-9935f71fc838@group-3B78A4466A9B-StateMachineUpdater] INFO  impl.StateMachineUpdater (StateMachineUpdater.java:takeSnapshot(295)) - c275007a-4e3d-4cf4-8bcd-9935f71fc838@group-3B78A4466A9B-StateMachineUpdater: Took a snapshot at index 0
2024-03-15 21:40:49,631 [c275007a-4e3d-4cf4-8bcd-9935f71fc838@group-3B78A4466A9B-StateMachineUpdater] INFO  impl.StateMachineUpdater (StateMachineUpdater.java:lambda$new$0(98)) - c275007a-4e3d-4cf4-8bcd-9935f71fc838@group-3B78A4466A9B-StateMachineUpdater: snapshotIndex: updateIncreasingly -1 -> 0
2024-03-15 21:40:49,631 [c275007a-4e3d-4cf4-8bcd-9935f71fc838-impl-thread2] INFO  server.RaftServer$Division (ServerState.java:close(427)) - c275007a-4e3d-4cf4-8bcd-9935f71fc838@group-3B78A4466A9B: applyIndex: 0
2024-03-15 21:40:49,636 [Thread-5910] INFO  server.GrpcServerProtocolClient (GrpcServerProtocolClient.java:close(103)) - 3d634cb2-775f-4b5a-90b9-1e5452c00050 Close channels
2024-03-15 21:40:49,636 [c275007a-4e3d-4cf4-8bcd-9935f71fc838@group-3B78A4466A9B-cacheEviction-AwaitToRun] INFO  util.AwaitToRun (AwaitToRun.java:run(49)) - c275007a-4e3d-4cf4-8bcd-9935f71fc838@group-3B78A4466A9B-cacheEviction-AwaitToRun-AwaitForSignal is interrupted
2024-03-15 21:40:49,636 [ForkJoinPool.commonPool-worker-2] INFO  ozoneimpl.OzoneContainer (OzoneContainer.java:stop(481)) - Attempting to stop container services.
2024-03-15 21:40:49,636 [afe0fdae-f81b-4972-93bd-b2e3099b8af3@group-9ED0681F8904-cacheEviction-AwaitToRun] INFO  util.AwaitToRun (AwaitToRun.java:run(49)) - afe0fdae-f81b-4972-93bd-b2e3099b8af3@group-9ED0681F8904-cacheEviction-AwaitToRun-AwaitForSignal is interrupted
2024-03-15 21:40:49,636 [Thread-5923] INFO  server.GrpcServerProtocolClient (GrpcServerProtocolClient.java:close(103)) - e2c18930-f62b-4e67-9845-17087b23bc88 Close channels
2024-03-15 21:40:49,636 [c275007a-4e3d-4cf4-8bcd-9935f71fc838@group-48BCF4B4440D->3dfa3a40-7be8-4b27-818e-b4bcb1f9d011-GrpcLogAppender-LogAppenderDaemon] WARN  server.GrpcLogAppender (GrpcLogAppender.java:mayWait(289)) - c275007a-4e3d-4cf4-8bcd-9935f71fc838@group-48BCF4B4440D->3dfa3a40-7be8-4b27-818e-b4bcb1f9d011-GrpcLogAppender: Wait interrupted by java.lang.InterruptedException
2024-03-15 21:40:49,639 [Thread-5928] INFO  server.GrpcServerProtocolClient (GrpcServerProtocolClient.java:close(103)) - 3dfa3a40-7be8-4b27-818e-b4bcb1f9d011 Close channels
2024-03-15 21:40:49,636 [c275007a-4e3d-4cf4-8bcd-9935f71fc838@group-48BCF4B4440D->d5082477-7a9c-4c69-9d34-13fd3fa2989c-GrpcLogAppender-LogAppenderDaemon] WARN  server.GrpcLogAppender (GrpcLogAppender.java:mayWait(289)) - c275007a-4e3d-4cf4-8bcd-9935f71fc838@group-48BCF4B4440D->d5082477-7a9c-4c69-9d34-13fd3fa2989c-GrpcLogAppender: Wait interrupted by java.lang.InterruptedException
2024-03-15 21:40:49,636 [c275007a-4e3d-4cf4-8bcd-9935f71fc838-impl-thread1] INFO  impl.PendingRequests (PendingRequests.java:sendNotLeaderResponses(289)) - c275007a-4e3d-4cf4-8bcd-9935f71fc838@group-48BCF4B4440D-PendingRequests: sendNotLeaderResponses
2024-03-15 21:40:49,639 [Thread-5927] INFO  server.GrpcServerProtocolClient (GrpcServerProtocolClient.java:close(103)) - d5082477-7a9c-4c69-9d34-13fd3fa2989c Close channels
2024-03-15 21:40:49,639 [grpc-default-executor-5] INFO  server.GrpcServerProtocolService (GrpcServerProtocolService.java:onCompleted(157)) - 3dfa3a40-7be8-4b27-818e-b4bcb1f9d011: Completed APPEND_ENTRIES, lastRequest: null
2024-03-15 21:40:49,639 [c275007a-4e3d-4cf4-8bcd-9935f71fc838-impl-thread1] INFO  impl.StateMachineUpdater (StateMachineUpdater.java:stopAndJoin(157)) - c275007a-4e3d-4cf4-8bcd-9935f71fc838@group-48BCF4B4440D-StateMachineUpdater: set stopIndex = 0
2024-03-15 21:40:49,638 [ContainerMetadataScanner] WARN  ozoneimpl.AbstractBackgroundContainerScanner (AbstractBackgroundContainerScanner.java:handleRemainingSleep(134)) - Background container scan was interrupted.
2024-03-15 21:40:49,639 [ContainerMetadataScanner] INFO  ozoneimpl.AbstractBackgroundContainerScanner (AbstractBackgroundContainerScanner.java:run(61)) - Thread[ContainerMetadataScanner,5,main] exiting.
2024-03-15 21:40:49,640 [grpc-default-executor-2] INFO  server.GrpcServerProtocolService (GrpcServerProtocolService.java:onCompleted(157)) - 3dfa3a40-7be8-4b27-818e-b4bcb1f9d011: Completed APPEND_ENTRIES, lastRequest: c275007a-4e3d-4cf4-8bcd-9935f71fc838->3dfa3a40-7be8-4b27-818e-b4bcb1f9d011#1-t1,previous=(t:0, i:0),leaderCommit=-1,initializing? false,entries: size=1, first=(t:1, i:0), CONFIGURATIONENTRY(current:id: "c275007a-4e3d-4cf4-8bcd-9935f71fc838"
address: "10.1.0.11:15406"
priority: 1
dataStreamAddress: "10.1.0.11:15407"
clientAddress: "10.1.0.11:15404"
adminAddress: "10.1.0.11:15405"
startupRole: FOLLOWER
,id: "d5082477-7a9c-4c69-9d34-13fd3fa2989c"
address: "10.1.0.11:15397"
dataStreamAddress: "10.1.0.11:15398"
clientAddress: "10.1.0.11:15395"
adminAddress: "10.1.0.11:15396"
startupRole: FOLLOWER
,id: "3dfa3a40-7be8-4b27-818e-b4bcb1f9d011"
address: "10.1.0.11:15415"
dataStreamAddress: "10.1.0.11:15416"
clientAddress: "10.1.0.11:15413"
adminAddress: "10.1.0.11:15414"
startupRole: FOLLOWER
, old:)
2024-03-15 21:40:49,640 [grpc-default-executor-2] INFO  server.GrpcServerProtocolService (GrpcServerProtocolService.java:lambda$onCompleted$5(159)) - 3dfa3a40-7be8-4b27-818e-b4bcb1f9d011: Completed APPEND_ENTRIES, lastReply: null
2024-03-15 21:40:49,640 [grpc-default-executor-2] INFO  server.GrpcServerProtocolService (GrpcServerProtocolService.java:onCompleted(157)) - d5082477-7a9c-4c69-9d34-13fd3fa2989c: Completed APPEND_ENTRIES, lastRequest: null
2024-03-15 21:40:49,638 [main] INFO  server.GrpcService (GrpcService.java:closeImpl(311)) - 3dfa3a40-7be8-4b27-818e-b4bcb1f9d011: shutdown server org.apache.ratis.grpc.server.GrpcClientProtocolService now
2024-03-15 21:40:49,641 [grpc-default-executor-1] INFO  server.GrpcLogAppender (GrpcLogAppender.java:onCompleted(546)) - c275007a-4e3d-4cf4-8bcd-9935f71fc838@group-48BCF4B4440D->3dfa3a40-7be8-4b27-818e-b4bcb1f9d011-AppendLogResponseHandler: follower responses appendEntries COMPLETED
2024-03-15 21:40:49,641 [grpc-default-executor-1] WARN  server.GrpcLogAppender (GrpcLogAppender.java:resetClient(226)) - c275007a-4e3d-4cf4-8bcd-9935f71fc838@group-48BCF4B4440D->3dfa3a40-7be8-4b27-818e-b4bcb1f9d011-GrpcLogAppender: Failed to getClient for 3dfa3a40-7be8-4b27-818e-b4bcb1f9d011
org.apache.ratis.protocol.exceptions.AlreadyClosedException: c275007a-4e3d-4cf4-8bcd-9935f71fc838 is already CLOSED
	at org.apache.ratis.util.PeerProxyMap$PeerAndProxy.getProxy(PeerProxyMap.java:65)
	at org.apache.ratis.util.PeerProxyMap.getProxy(PeerProxyMap.java:114)
	at org.apache.ratis.grpc.server.GrpcLogAppender.getClient(GrpcLogAppender.java:196)
	at org.apache.ratis.grpc.server.GrpcLogAppender.resetClient(GrpcLogAppender.java:201)
	at org.apache.ratis.grpc.server.GrpcLogAppender.access$800(GrpcLogAppender.java:62)
	at org.apache.ratis.grpc.server.GrpcLogAppender$AppendLogResponseHandler.onCompleted(GrpcLogAppender.java:547)
	at org.apache.ratis.thirdparty.io.grpc.stub.ClientCalls$StreamObserverToCallListenerAdapter.onClose(ClientCalls.java:479)
	at org.apache.ratis.thirdparty.io.grpc.internal.ClientCallImpl.closeObserver(ClientCallImpl.java:567)
	at org.apache.ratis.thirdparty.io.grpc.internal.ClientCallImpl.access$300(ClientCallImpl.java:71)
	at org.apache.ratis.thirdparty.io.grpc.internal.ClientCallImpl$ClientStreamListenerImpl$1StreamClosed.runInternal(ClientCallImpl.java:735)
	at org.apache.ratis.thirdparty.io.grpc.internal.ClientCallImpl$ClientStreamListenerImpl$1StreamClosed.runInContext(ClientCallImpl.java:716)
	at org.apache.ratis.thirdparty.io.grpc.internal.ContextRunnable.run(ContextRunnable.java:37)
	at org.apache.ratis.thirdparty.io.grpc.internal.SerializingExecutor.run(SerializingExecutor.java:133)
	at java.util.concurrent.ThreadPoolExecutor.runWorker(ThreadPoolExecutor.java:1149)
	at java.util.concurrent.ThreadPoolExecutor$Worker.run(ThreadPoolExecutor.java:624)
	at java.lang.Thread.run(Thread.java:750)
2024-03-15 21:40:49,641 [grpc-default-executor-2] INFO  server.GrpcServerProtocolService (GrpcServerProtocolService.java:lambda$onCompleted$5(159)) - d5082477-7a9c-4c69-9d34-13fd3fa2989c: Completed APPEND_ENTRIES, lastReply: serverReply {
  requestorId: "c275007a-4e3d-4cf4-8bcd-9935f71fc838"
  replyId: "d5082477-7a9c-4c69-9d34-13fd3fa2989c"
  raftGroupId {
    id: "6\377q\b7\rJW\230mH\274\364\264D\r"
  }
  callId: 11
  success: true
}
term: 1
nextIndex: 1
matchIndex: 18446744073709551615
isHearbeat: true

2024-03-15 21:40:49,638 [ForkJoinPool.commonPool-worker-0] INFO  ozoneimpl.OzoneContainer (OzoneContainer.java:stop(481)) - Attempting to stop container services.
2024-03-15 21:40:49,638 [3dfa3a40-7be8-4b27-818e-b4bcb1f9d011-impl-thread1] INFO  server.RaftServer$Division (RaftServerImpl.java:lambda$close$3(526)) - 3dfa3a40-7be8-4b27-818e-b4bcb1f9d011@group-875641190752: shutdown
2024-03-15 21:40:49,642 [3dfa3a40-7be8-4b27-818e-b4bcb1f9d011-impl-thread1] INFO  util.JmxRegister (JmxRegister.java:unregister(73)) - Successfully un-registered JMX Bean with object name Ratis:service=RaftServer,group=group-875641190752,id=3dfa3a40-7be8-4b27-818e-b4bcb1f9d011
2024-03-15 21:40:49,642 [3dfa3a40-7be8-4b27-818e-b4bcb1f9d011-impl-thread1] INFO  impl.RoleInfo (RoleInfo.java:shutdownLeaderState(94)) - 3dfa3a40-7be8-4b27-818e-b4bcb1f9d011: shutdown 3dfa3a40-7be8-4b27-818e-b4bcb1f9d011@group-875641190752-LeaderStateImpl
2024-03-15 21:40:49,642 [3dfa3a40-7be8-4b27-818e-b4bcb1f9d011-impl-thread1] INFO  impl.PendingRequests (PendingRequests.java:sendNotLeaderResponses(289)) - 3dfa3a40-7be8-4b27-818e-b4bcb1f9d011@group-875641190752-PendingRequests: sendNotLeaderResponses
2024-03-15 21:40:49,642 [3dfa3a40-7be8-4b27-818e-b4bcb1f9d011-impl-thread1] INFO  impl.StateMachineUpdater (StateMachineUpdater.java:stopAndJoin(157)) - 3dfa3a40-7be8-4b27-818e-b4bcb1f9d011@group-875641190752-StateMachineUpdater: set stopIndex = 0
2024-03-15 21:40:49,637 [ContainerMetadataScanner] WARN  ozoneimpl.AbstractBackgroundContainerScanner (AbstractBackgroundContainerScanner.java:handleRemainingSleep(134)) - Background container scan was interrupted.
2024-03-15 21:40:49,642 [3dfa3a40-7be8-4b27-818e-b4bcb1f9d011@group-875641190752-StateMachineUpdater] INFO  ratis.ContainerStateMachine (ContainerStateMachine.java:takeSnapshot(355)) - group-875641190752: Taking a snapshot at:(t:1, i:0) file /home/runner/work/ozone/ozone/hadoop-ozone/integration-test/target/test-dir/MiniOzoneClusterImpl-9d1dee8c-d44a-4a38-8f2b-42c9fdbb6771/ozone-meta/datanode-6/ratis/8e5ecdec-aac4-4dea-94c2-875641190752/sm/snapshot.1_0
2024-03-15 21:40:49,641 [grpc-default-executor-5] INFO  server.GrpcServerProtocolService (GrpcServerProtocolService.java:lambda$onCompleted$5(159)) - 3dfa3a40-7be8-4b27-818e-b4bcb1f9d011: Completed APPEND_ENTRIES, lastReply: serverReply {
  requestorId: "c275007a-4e3d-4cf4-8bcd-9935f71fc838"
  replyId: "3dfa3a40-7be8-4b27-818e-b4bcb1f9d011"
  raftGroupId {
    id: "6\377q\b7\rJW\230mH\274\364\264D\r"
  }
  callId: 11
  success: true
}
term: 1
nextIndex: 1
matchIndex: 18446744073709551615
isHearbeat: true

2024-03-15 21:40:49,639 [grpc-default-executor-0] INFO  server.GrpcServerProtocolService (GrpcServerProtocolService.java:onCompleted(157)) - d5082477-7a9c-4c69-9d34-13fd3fa2989c: Completed APPEND_ENTRIES, lastRequest: c275007a-4e3d-4cf4-8bcd-9935f71fc838->d5082477-7a9c-4c69-9d34-13fd3fa2989c#1-t1,previous=(t:0, i:0),leaderCommit=-1,initializing? false,entries: size=1, first=(t:1, i:0), CONFIGURATIONENTRY(current:id: "c275007a-4e3d-4cf4-8bcd-9935f71fc838"
address: "10.1.0.11:15406"
priority: 1
dataStreamAddress: "10.1.0.11:15407"
clientAddress: "10.1.0.11:15404"
adminAddress: "10.1.0.11:15405"
startupRole: FOLLOWER
,id: "d5082477-7a9c-4c69-9d34-13fd3fa2989c"
address: "10.1.0.11:15397"
dataStreamAddress: "10.1.0.11:15398"
clientAddress: "10.1.0.11:15395"
adminAddress: "10.1.0.11:15396"
startupRole: FOLLOWER
,id: "3dfa3a40-7be8-4b27-818e-b4bcb1f9d011"
address: "10.1.0.11:15415"
dataStreamAddress: "10.1.0.11:15416"
clientAddress: "10.1.0.11:15413"
adminAddress: "10.1.0.11:15414"
startupRole: FOLLOWER
, old:)
2024-03-15 21:40:49,642 [grpc-default-executor-0] INFO  server.GrpcServerProtocolService (GrpcServerProtocolService.java:lambda$onCompleted$5(159)) - d5082477-7a9c-4c69-9d34-13fd3fa2989c: Completed APPEND_ENTRIES, lastReply: null
2024-03-15 21:40:49,639 [c275007a-4e3d-4cf4-8bcd-9935f71fc838@group-48BCF4B4440D-StateMachineUpdater] INFO  ratis.ContainerStateMachine (ContainerStateMachine.java:takeSnapshot(355)) - group-48BCF4B4440D: Taking a snapshot at:(t:1, i:0) file /home/runner/work/ozone/ozone/hadoop-ozone/integration-test/target/test-dir/MiniOzoneClusterImpl-9d1dee8c-d44a-4a38-8f2b-42c9fdbb6771/ozone-meta/datanode-5/ratis/36ff7108-370d-4a57-986d-48bcf4b4440d/sm/snapshot.1_0
2024-03-15 21:40:49,642 [3dfa3a40-7be8-4b27-818e-b4bcb1f9d011@group-875641190752-StateMachineUpdater] INFO  ratis.ContainerStateMachine (ContainerStateMachine.java:takeSnapshot(366)) - group-875641190752: Finished taking a snapshot at:(t:1, i:0) file:/home/runner/work/ozone/ozone/hadoop-ozone/integration-test/target/test-dir/MiniOzoneClusterImpl-9d1dee8c-d44a-4a38-8f2b-42c9fdbb6771/ozone-meta/datanode-6/ratis/8e5ecdec-aac4-4dea-94c2-875641190752/sm/snapshot.1_0 took: 0 ms
2024-03-15 21:40:49,643 [3dfa3a40-7be8-4b27-818e-b4bcb1f9d011@group-875641190752-StateMachineUpdater] INFO  impl.StateMachineUpdater (StateMachineUpdater.java:takeSnapshot(295)) - 3dfa3a40-7be8-4b27-818e-b4bcb1f9d011@group-875641190752-StateMachineUpdater: Took a snapshot at index 0
2024-03-15 21:40:49,643 [3dfa3a40-7be8-4b27-818e-b4bcb1f9d011@group-875641190752-StateMachineUpdater] INFO  impl.StateMachineUpdater (StateMachineUpdater.java:lambda$new$0(98)) - 3dfa3a40-7be8-4b27-818e-b4bcb1f9d011@group-875641190752-StateMachineUpdater: snapshotIndex: updateIncreasingly -1 -> 0
2024-03-15 21:40:49,643 [c275007a-4e3d-4cf4-8bcd-9935f71fc838@group-48BCF4B4440D-StateMachineUpdater] INFO  ratis.ContainerStateMachine (ContainerStateMachine.java:takeSnapshot(366)) - group-48BCF4B4440D: Finished taking a snapshot at:(t:1, i:0) file:/home/runner/work/ozone/ozone/hadoop-ozone/integration-test/target/test-dir/MiniOzoneClusterImpl-9d1dee8c-d44a-4a38-8f2b-42c9fdbb6771/ozone-meta/datanode-5/ratis/36ff7108-370d-4a57-986d-48bcf4b4440d/sm/snapshot.1_0 took: 4 ms
2024-03-15 21:40:49,643 [c275007a-4e3d-4cf4-8bcd-9935f71fc838@group-48BCF4B4440D-StateMachineUpdater] INFO  impl.StateMachineUpdater (StateMachineUpdater.java:takeSnapshot(295)) - c275007a-4e3d-4cf4-8bcd-9935f71fc838@group-48BCF4B4440D-StateMachineUpdater: Took a snapshot at index 0
2024-03-15 21:40:49,643 [c275007a-4e3d-4cf4-8bcd-9935f71fc838@group-48BCF4B4440D-StateMachineUpdater] INFO  impl.StateMachineUpdater (StateMachineUpdater.java:lambda$new$0(98)) - c275007a-4e3d-4cf4-8bcd-9935f71fc838@group-48BCF4B4440D-StateMachineUpdater: snapshotIndex: updateIncreasingly -1 -> 0
2024-03-15 21:40:49,643 [c275007a-4e3d-4cf4-8bcd-9935f71fc838-impl-thread1] INFO  server.RaftServer$Division (ServerState.java:close(427)) - c275007a-4e3d-4cf4-8bcd-9935f71fc838@group-48BCF4B4440D: applyIndex: 0
2024-03-15 21:40:49,643 [ForkJoinPool.commonPool-worker-5] INFO  server.GrpcService (GrpcService.java:closeImpl(320)) - afe0fdae-f81b-4972-93bd-b2e3099b8af3: shutdown server org.apache.ratis.grpc.server.GrpcClientProtocolService successfully
2024-03-15 21:40:49,644 [ForkJoinPool.commonPool-worker-5] INFO  server.GrpcService (GrpcService.java:closeImpl(311)) - afe0fdae-f81b-4972-93bd-b2e3099b8af3: shutdown server GrpcServerProtocolService now
2024-03-15 21:40:49,644 [main] INFO  server.GrpcService (GrpcService.java:closeImpl(320)) - 3dfa3a40-7be8-4b27-818e-b4bcb1f9d011: shutdown server org.apache.ratis.grpc.server.GrpcClientProtocolService successfully
2024-03-15 21:40:49,644 [main] INFO  server.GrpcService (GrpcService.java:closeImpl(311)) - 3dfa3a40-7be8-4b27-818e-b4bcb1f9d011: shutdown server GrpcServerProtocolService now
2024-03-15 21:40:49,642 [ContainerMetadataScanner] INFO  ozoneimpl.AbstractBackgroundContainerScanner (AbstractBackgroundContainerScanner.java:run(61)) - Thread[ContainerMetadataScanner,5,main] exiting.
2024-03-15 21:40:49,644 [3dfa3a40-7be8-4b27-818e-b4bcb1f9d011-impl-thread2] INFO  server.RaftServer$Division (RaftServerImpl.java:lambda$close$3(526)) - 3dfa3a40-7be8-4b27-818e-b4bcb1f9d011@group-48BCF4B4440D: shutdown
2024-03-15 21:40:49,645 [3dfa3a40-7be8-4b27-818e-b4bcb1f9d011-impl-thread2] INFO  util.JmxRegister (JmxRegister.java:unregister(73)) - Successfully un-registered JMX Bean with object name Ratis:service=RaftServer,group=group-48BCF4B4440D,id=3dfa3a40-7be8-4b27-818e-b4bcb1f9d011
2024-03-15 21:40:49,645 [3dfa3a40-7be8-4b27-818e-b4bcb1f9d011-impl-thread2] INFO  impl.RoleInfo (RoleInfo.java:shutdownFollowerState(110)) - 3dfa3a40-7be8-4b27-818e-b4bcb1f9d011: shutdown 3dfa3a40-7be8-4b27-818e-b4bcb1f9d011@group-48BCF4B4440D-FollowerState
2024-03-15 21:40:49,645 [3dfa3a40-7be8-4b27-818e-b4bcb1f9d011-impl-thread2] INFO  impl.StateMachineUpdater (StateMachineUpdater.java:stopAndJoin(157)) - 3dfa3a40-7be8-4b27-818e-b4bcb1f9d011@group-48BCF4B4440D-StateMachineUpdater: set stopIndex = 0
2024-03-15 21:40:49,643 [c275007a-4e3d-4cf4-8bcd-9935f71fc838@group-48BCF4B4440D-cacheEviction-AwaitToRun] INFO  util.AwaitToRun (AwaitToRun.java:run(49)) - c275007a-4e3d-4cf4-8bcd-9935f71fc838@group-48BCF4B4440D-cacheEviction-AwaitToRun-AwaitForSignal is interrupted
2024-03-15 21:40:49,649 [3dfa3a40-7be8-4b27-818e-b4bcb1f9d011@group-48BCF4B4440D-StateMachineUpdater] INFO  ratis.ContainerStateMachine (ContainerStateMachine.java:takeSnapshot(355)) - group-48BCF4B4440D: Taking a snapshot at:(t:1, i:0) file /home/runner/work/ozone/ozone/hadoop-ozone/integration-test/target/test-dir/MiniOzoneClusterImpl-9d1dee8c-d44a-4a38-8f2b-42c9fdbb6771/ozone-meta/datanode-6/ratis/36ff7108-370d-4a57-986d-48bcf4b4440d/sm/snapshot.1_0
2024-03-15 21:40:49,648 [ForkJoinPool.commonPool-worker-5] INFO  server.GrpcService (GrpcService.java:closeImpl(320)) - afe0fdae-f81b-4972-93bd-b2e3099b8af3: shutdown server GrpcServerProtocolService successfully
2024-03-15 21:40:49,650 [ForkJoinPool.commonPool-worker-5] INFO  server.GrpcService (GrpcService.java:closeImpl(311)) - afe0fdae-f81b-4972-93bd-b2e3099b8af3: shutdown server org.apache.ratis.grpc.server.GrpcAdminProtocolService now
2024-03-15 21:40:49,648 [grpc-default-executor-5] INFO  server.GrpcLogAppender (GrpcLogAppender.java:onCompleted(546)) - c275007a-4e3d-4cf4-8bcd-9935f71fc838@group-48BCF4B4440D->d5082477-7a9c-4c69-9d34-13fd3fa2989c-AppendLogResponseHandler: follower responses appendEntries COMPLETED
2024-03-15 21:40:49,651 [grpc-default-executor-5] WARN  server.GrpcLogAppender (GrpcLogAppender.java:resetClient(226)) - c275007a-4e3d-4cf4-8bcd-9935f71fc838@group-48BCF4B4440D->d5082477-7a9c-4c69-9d34-13fd3fa2989c-GrpcLogAppender: Failed to getClient for d5082477-7a9c-4c69-9d34-13fd3fa2989c
org.apache.ratis.protocol.exceptions.AlreadyClosedException: c275007a-4e3d-4cf4-8bcd-9935f71fc838 is already CLOSED
	at org.apache.ratis.util.PeerProxyMap$PeerAndProxy.getProxy(PeerProxyMap.java:65)
	at org.apache.ratis.util.PeerProxyMap.getProxy(PeerProxyMap.java:114)
	at org.apache.ratis.grpc.server.GrpcLogAppender.getClient(GrpcLogAppender.java:196)
	at org.apache.ratis.grpc.server.GrpcLogAppender.resetClient(GrpcLogAppender.java:201)
	at org.apache.ratis.grpc.server.GrpcLogAppender.access$800(GrpcLogAppender.java:62)
	at org.apache.ratis.grpc.server.GrpcLogAppender$AppendLogResponseHandler.onCompleted(GrpcLogAppender.java:547)
	at org.apache.ratis.thirdparty.io.grpc.stub.ClientCalls$StreamObserverToCallListenerAdapter.onClose(ClientCalls.java:479)
	at org.apache.ratis.thirdparty.io.grpc.internal.ClientCallImpl.closeObserver(ClientCallImpl.java:567)
	at org.apache.ratis.thirdparty.io.grpc.internal.ClientCallImpl.access$300(ClientCallImpl.java:71)
	at org.apache.ratis.thirdparty.io.grpc.internal.ClientCallImpl$ClientStreamListenerImpl$1StreamClosed.runInternal(ClientCallImpl.java:735)
	at org.apache.ratis.thirdparty.io.grpc.internal.ClientCallImpl$ClientStreamListenerImpl$1StreamClosed.runInContext(ClientCallImpl.java:716)
	at org.apache.ratis.thirdparty.io.grpc.internal.ContextRunnable.run(ContextRunnable.java:37)
	at org.apache.ratis.thirdparty.io.grpc.internal.SerializingExecutor.run(SerializingExecutor.java:133)
	at java.util.concurrent.ThreadPoolExecutor.runWorker(ThreadPoolExecutor.java:1149)
	at java.util.concurrent.ThreadPoolExecutor$Worker.run(ThreadPoolExecutor.java:624)
	at java.lang.Thread.run(Thread.java:750)
2024-03-15 21:40:49,648 [grpc-default-executor-0] INFO  server.GrpcLogAppender (GrpcLogAppender.java:onCompleted(546)) - c275007a-4e3d-4cf4-8bcd-9935f71fc838@group-48BCF4B4440D->3dfa3a40-7be8-4b27-818e-b4bcb1f9d011-AppendLogResponseHandler: follower responses appendEntries COMPLETED
2024-03-15 21:40:49,647 [ContainerMetadataScanner] WARN  ozoneimpl.AbstractBackgroundContainerScanner (AbstractBackgroundContainerScanner.java:handleRemainingSleep(134)) - Background container scan was interrupted.
2024-03-15 21:40:49,647 [grpc-default-executor-1] INFO  server.GrpcLogAppender (GrpcLogAppender.java:onCompleted(546)) - c275007a-4e3d-4cf4-8bcd-9935f71fc838@group-48BCF4B4440D->d5082477-7a9c-4c69-9d34-13fd3fa2989c-AppendLogResponseHandler: follower responses appendEntries COMPLETED
2024-03-15 21:40:49,647 [ForkJoinPool.commonPool-worker-2] INFO  ozoneimpl.BackgroundContainerDataScanner (BackgroundContainerDataScanner.java:shutdown(141)) - ContainerDataScanner(/home/runner/work/ozone/ozone/hadoop-ozone/integration-test/target/test-dir/MiniOzoneClusterImpl-9d1dee8c-d44a-4a38-8f2b-42c9fdbb6771/ozone-meta/datanode-9/data-0/hdds) is shutting down. 
2024-03-15 21:40:49,645 [3dfa3a40-7be8-4b27-818e-b4bcb1f9d011-impl-thread1] INFO  server.RaftServer$Division (ServerState.java:close(427)) - 3dfa3a40-7be8-4b27-818e-b4bcb1f9d011@group-875641190752: applyIndex: 0
2024-03-15 21:40:49,645 [3dfa3a40-7be8-4b27-818e-b4bcb1f9d011@group-48BCF4B4440D-FollowerState] INFO  impl.FollowerState (FollowerState.java:run(152)) - 3dfa3a40-7be8-4b27-818e-b4bcb1f9d011@group-48BCF4B4440D-FollowerState was interrupted
2024-03-15 21:40:49,652 [3dfa3a40-7be8-4b27-818e-b4bcb1f9d011@group-875641190752-cacheEviction-AwaitToRun] INFO  util.AwaitToRun (AwaitToRun.java:run(49)) - 3dfa3a40-7be8-4b27-818e-b4bcb1f9d011@group-875641190752-cacheEviction-AwaitToRun-AwaitForSignal is interrupted
2024-03-15 21:40:49,652 [ContainerDataScanner(/home/runner/work/ozone/ozone/hadoop-ozone/integration-test/target/test-dir/MiniOzoneClusterImpl-9d1dee8c-d44a-4a38-8f2b-42c9fdbb6771/ozone-meta/datanode-9/data-0/hdds)] WARN  ozoneimpl.AbstractBackgroundContainerScanner (AbstractBackgroundContainerScanner.java:handleRemainingSleep(134)) - Background container scan was interrupted.
2024-03-15 21:40:49,652 [grpc-default-executor-1] WARN  server.GrpcLogAppender (GrpcLogAppender.java:resetClient(226)) - c275007a-4e3d-4cf4-8bcd-9935f71fc838@group-48BCF4B4440D->d5082477-7a9c-4c69-9d34-13fd3fa2989c-GrpcLogAppender: Failed to getClient for d5082477-7a9c-4c69-9d34-13fd3fa2989c
org.apache.ratis.protocol.exceptions.AlreadyClosedException: c275007a-4e3d-4cf4-8bcd-9935f71fc838 is already CLOSED
	at org.apache.ratis.util.PeerProxyMap$PeerAndProxy.getProxy(PeerProxyMap.java:65)
	at org.apache.ratis.util.PeerProxyMap.getProxy(PeerProxyMap.java:114)
	at org.apache.ratis.grpc.server.GrpcLogAppender.getClient(GrpcLogAppender.java:196)
	at org.apache.ratis.grpc.server.GrpcLogAppender.resetClient(GrpcLogAppender.java:201)
	at org.apache.ratis.grpc.server.GrpcLogAppender.access$800(GrpcLogAppender.java:62)
	at org.apache.ratis.grpc.server.GrpcLogAppender$AppendLogResponseHandler.onCompleted(GrpcLogAppender.java:547)
	at org.apache.ratis.thirdparty.io.grpc.stub.ClientCalls$StreamObserverToCallListenerAdapter.onClose(ClientCalls.java:479)
	at org.apache.ratis.thirdparty.io.grpc.internal.DelayedClientCall$DelayedListener$3.run(DelayedClientCall.java:489)
	at org.apache.ratis.thirdparty.io.grpc.internal.DelayedClientCall$DelayedListener.delayOrExecute(DelayedClientCall.java:453)
	at org.apache.ratis.thirdparty.io.grpc.internal.DelayedClientCall$DelayedListener.onClose(DelayedClientCall.java:486)
	at org.apache.ratis.thirdparty.io.grpc.internal.ClientCallImpl.closeObserver(ClientCallImpl.java:567)
	at org.apache.ratis.thirdparty.io.grpc.internal.ClientCallImpl.access$300(ClientCallImpl.java:71)
	at org.apache.ratis.thirdparty.io.grpc.internal.ClientCallImpl$ClientStreamListenerImpl$1StreamClosed.runInternal(ClientCallImpl.java:735)
	at org.apache.ratis.thirdparty.io.grpc.internal.ClientCallImpl$ClientStreamListenerImpl$1StreamClosed.runInContext(ClientCallImpl.java:716)
	at org.apache.ratis.thirdparty.io.grpc.internal.ContextRunnable.run(ContextRunnable.java:37)
	at org.apache.ratis.thirdparty.io.grpc.internal.SerializingExecutor.run(SerializingExecutor.java:133)
	at java.util.concurrent.ThreadPoolExecutor.runWorker(ThreadPoolExecutor.java:1149)
	at java.util.concurrent.ThreadPoolExecutor$Worker.run(ThreadPoolExecutor.java:624)
	at java.lang.Thread.run(Thread.java:750)
2024-03-15 21:40:49,652 [ContainerMetadataScanner] INFO  ozoneimpl.AbstractBackgroundContainerScanner (AbstractBackgroundContainerScanner.java:run(61)) - Thread[ContainerMetadataScanner,5,main] exiting.
2024-03-15 21:40:49,652 [grpc-default-executor-0] WARN  server.GrpcLogAppender (GrpcLogAppender.java:resetClient(226)) - c275007a-4e3d-4cf4-8bcd-9935f71fc838@group-48BCF4B4440D->3dfa3a40-7be8-4b27-818e-b4bcb1f9d011-GrpcLogAppender: Failed to getClient for 3dfa3a40-7be8-4b27-818e-b4bcb1f9d011
org.apache.ratis.protocol.exceptions.AlreadyClosedException: c275007a-4e3d-4cf4-8bcd-9935f71fc838 is already CLOSED
	at org.apache.ratis.util.PeerProxyMap$PeerAndProxy.getProxy(PeerProxyMap.java:65)
	at org.apache.ratis.util.PeerProxyMap.getProxy(PeerProxyMap.java:114)
	at org.apache.ratis.grpc.server.GrpcLogAppender.getClient(GrpcLogAppender.java:196)
	at org.apache.ratis.grpc.server.GrpcLogAppender.resetClient(GrpcLogAppender.java:201)
	at org.apache.ratis.grpc.server.GrpcLogAppender.access$800(GrpcLogAppender.java:62)
	at org.apache.ratis.grpc.server.GrpcLogAppender$AppendLogResponseHandler.onCompleted(GrpcLogAppender.java:547)
	at org.apache.ratis.thirdparty.io.grpc.stub.ClientCalls$StreamObserverToCallListenerAdapter.onClose(ClientCalls.java:479)
	at org.apache.ratis.thirdparty.io.grpc.internal.ClientCallImpl.closeObserver(ClientCallImpl.java:567)
	at org.apache.ratis.thirdparty.io.grpc.internal.ClientCallImpl.access$300(ClientCallImpl.java:71)
	at org.apache.ratis.thirdparty.io.grpc.internal.ClientCallImpl$ClientStreamListenerImpl$1StreamClosed.runInternal(ClientCallImpl.java:735)
	at org.apache.ratis.thirdparty.io.grpc.internal.ClientCallImpl$ClientStreamListenerImpl$1StreamClosed.runInContext(ClientCallImpl.java:716)
	at org.apache.ratis.thirdparty.io.grpc.internal.ContextRunnable.run(ContextRunnable.java:37)
	at org.apache.ratis.thirdparty.io.grpc.internal.SerializingExecutor.run(SerializingExecutor.java:133)
	at java.util.concurrent.ThreadPoolExecutor.runWorker(ThreadPoolExecutor.java:1149)
	at java.util.concurrent.ThreadPoolExecutor$Worker.run(ThreadPoolExecutor.java:624)
	at java.lang.Thread.run(Thread.java:750)
2024-03-15 21:40:49,652 [ForkJoinPool.commonPool-worker-5] INFO  server.GrpcService (GrpcService.java:closeImpl(320)) - afe0fdae-f81b-4972-93bd-b2e3099b8af3: shutdown server org.apache.ratis.grpc.server.GrpcAdminProtocolService successfully
2024-03-15 21:40:49,651 [main] INFO  server.GrpcService (GrpcService.java:closeImpl(320)) - 3dfa3a40-7be8-4b27-818e-b4bcb1f9d011: shutdown server GrpcServerProtocolService successfully
2024-03-15 21:40:49,654 [main] INFO  server.GrpcService (GrpcService.java:closeImpl(311)) - 3dfa3a40-7be8-4b27-818e-b4bcb1f9d011: shutdown server org.apache.ratis.grpc.server.GrpcAdminProtocolService now
2024-03-15 21:40:49,651 [b15e7803-4f8e-4e49-829e-8079360f838e-NettyServerStreamRpc-bossGroup--thread1] INFO  logging.LoggingHandler (AbstractInternalLogger.java:log(148)) - [id: 0x33bbebb9, L:/0.0.0.0:15434] CLOSE
2024-03-15 21:40:49,651 [3dfa3a40-7be8-4b27-818e-b4bcb1f9d011@group-48BCF4B4440D-StateMachineUpdater] INFO  ratis.ContainerStateMachine (ContainerStateMachine.java:takeSnapshot(366)) - group-48BCF4B4440D: Finished taking a snapshot at:(t:1, i:0) file:/home/runner/work/ozone/ozone/hadoop-ozone/integration-test/target/test-dir/MiniOzoneClusterImpl-9d1dee8c-d44a-4a38-8f2b-42c9fdbb6771/ozone-meta/datanode-6/ratis/36ff7108-370d-4a57-986d-48bcf4b4440d/sm/snapshot.1_0 took: 2 ms
2024-03-15 21:40:49,650 [ForkJoinPool.commonPool-worker-7] INFO  server.GrpcService (GrpcService.java:closeImpl(320)) - c275007a-4e3d-4cf4-8bcd-9935f71fc838: shutdown server org.apache.ratis.grpc.server.GrpcClientProtocolService successfully
2024-03-15 21:40:49,654 [ForkJoinPool.commonPool-worker-7] INFO  server.GrpcService (GrpcService.java:closeImpl(311)) - c275007a-4e3d-4cf4-8bcd-9935f71fc838: shutdown server GrpcServerProtocolService now
2024-03-15 21:40:49,650 [ForkJoinPool.commonPool-worker-1] INFO  ozoneimpl.BackgroundContainerDataScanner (BackgroundContainerDataScanner.java:shutdown(141)) - ContainerDataScanner(/home/runner/work/ozone/ozone/hadoop-ozone/integration-test/target/test-dir/MiniOzoneClusterImpl-9d1dee8c-d44a-4a38-8f2b-42c9fdbb6771/ozone-meta/datanode-7/data-0/hdds) is shutting down. 
2024-03-15 21:40:49,654 [3dfa3a40-7be8-4b27-818e-b4bcb1f9d011@group-48BCF4B4440D-StateMachineUpdater] INFO  impl.StateMachineUpdater (StateMachineUpdater.java:takeSnapshot(295)) - 3dfa3a40-7be8-4b27-818e-b4bcb1f9d011@group-48BCF4B4440D-StateMachineUpdater: Took a snapshot at index 0
2024-03-15 21:40:49,654 [3dfa3a40-7be8-4b27-818e-b4bcb1f9d011@group-48BCF4B4440D-StateMachineUpdater] INFO  impl.StateMachineUpdater (StateMachineUpdater.java:lambda$new$0(98)) - 3dfa3a40-7be8-4b27-818e-b4bcb1f9d011@group-48BCF4B4440D-StateMachineUpdater: snapshotIndex: updateIncreasingly -1 -> 0
2024-03-15 21:40:49,654 [b15e7803-4f8e-4e49-829e-8079360f838e-NettyServerStreamRpc-bossGroup--thread1] INFO  logging.LoggingHandler (AbstractInternalLogger.java:log(148)) - [id: 0x33bbebb9, L:/0.0.0.0:15434] INACTIVE
2024-03-15 21:40:49,655 [b15e7803-4f8e-4e49-829e-8079360f838e-NettyServerStreamRpc-bossGroup--thread1] INFO  logging.LoggingHandler (AbstractInternalLogger.java:log(148)) - [id: 0x33bbebb9, L:/0.0.0.0:15434] UNREGISTERED
2024-03-15 21:40:49,653 [ForkJoinPool.commonPool-worker-0] INFO  ozoneimpl.BackgroundContainerDataScanner (BackgroundContainerDataScanner.java:shutdown(141)) - ContainerDataScanner(/home/runner/work/ozone/ozone/hadoop-ozone/integration-test/target/test-dir/MiniOzoneClusterImpl-9d1dee8c-d44a-4a38-8f2b-42c9fdbb6771/ozone-meta/datanode-4/data-0/hdds) is shutting down. 
2024-03-15 21:40:49,652 [ContainerDataScanner(/home/runner/work/ozone/ozone/hadoop-ozone/integration-test/target/test-dir/MiniOzoneClusterImpl-9d1dee8c-d44a-4a38-8f2b-42c9fdbb6771/ozone-meta/datanode-9/data-0/hdds)] INFO  ozoneimpl.AbstractBackgroundContainerScanner (AbstractBackgroundContainerScanner.java:run(61)) - ContainerDataScanner(/home/runner/work/ozone/ozone/hadoop-ozone/integration-test/target/test-dir/MiniOzoneClusterImpl-9d1dee8c-d44a-4a38-8f2b-42c9fdbb6771/ozone-meta/datanode-9/data-0/hdds, DS-3f8335c2-bec4-484c-8831-5ce8d050498c) exiting.
2024-03-15 21:40:49,655 [3dfa3a40-7be8-4b27-818e-b4bcb1f9d011-impl-thread2] INFO  server.RaftServer$Division (ServerState.java:close(427)) - 3dfa3a40-7be8-4b27-818e-b4bcb1f9d011@group-48BCF4B4440D: applyIndex: 0
2024-03-15 21:40:49,657 [ForkJoinPool.commonPool-worker-2] INFO  server.RaftServer (RaftServerProxy.java:lambda$close$9(416)) - 2bf5d123-a097-49f6-8df3-d3538d4bb7b0: close
2024-03-15 21:40:49,658 [2bf5d123-a097-49f6-8df3-d3538d4bb7b0-impl-thread1] INFO  server.RaftServer$Division (RaftServerImpl.java:lambda$close$3(526)) - 2bf5d123-a097-49f6-8df3-d3538d4bb7b0@group-A2D1DD8F5B2A: shutdown
2024-03-15 21:40:49,658 [2bf5d123-a097-49f6-8df3-d3538d4bb7b0-impl-thread1] INFO  util.JmxRegister (JmxRegister.java:unregister(73)) - Successfully un-registered JMX Bean with object name Ratis:service=RaftServer,group=group-A2D1DD8F5B2A,id=2bf5d123-a097-49f6-8df3-d3538d4bb7b0
2024-03-15 21:40:49,658 [2bf5d123-a097-49f6-8df3-d3538d4bb7b0-impl-thread1] INFO  impl.RoleInfo (RoleInfo.java:shutdownFollowerState(110)) - 2bf5d123-a097-49f6-8df3-d3538d4bb7b0: shutdown 2bf5d123-a097-49f6-8df3-d3538d4bb7b0@group-A2D1DD8F5B2A-FollowerState
2024-03-15 21:40:49,658 [2bf5d123-a097-49f6-8df3-d3538d4bb7b0-impl-thread1] INFO  impl.StateMachineUpdater (StateMachineUpdater.java:stopAndJoin(157)) - 2bf5d123-a097-49f6-8df3-d3538d4bb7b0@group-A2D1DD8F5B2A-StateMachineUpdater: set stopIndex = 0
2024-03-15 21:40:49,658 [2bf5d123-a097-49f6-8df3-d3538d4bb7b0@group-A2D1DD8F5B2A-FollowerState] INFO  impl.FollowerState (FollowerState.java:run(152)) - 2bf5d123-a097-49f6-8df3-d3538d4bb7b0@group-A2D1DD8F5B2A-FollowerState was interrupted
2024-03-15 21:40:49,658 [2bf5d123-a097-49f6-8df3-d3538d4bb7b0@group-A2D1DD8F5B2A-StateMachineUpdater] INFO  ratis.ContainerStateMachine (ContainerStateMachine.java:takeSnapshot(355)) - group-A2D1DD8F5B2A: Taking a snapshot at:(t:1, i:0) file /home/runner/work/ozone/ozone/hadoop-ozone/integration-test/target/test-dir/MiniOzoneClusterImpl-9d1dee8c-d44a-4a38-8f2b-42c9fdbb6771/ozone-meta/datanode-9/ratis/aa483ffc-7bbc-45dc-87b3-a2d1dd8f5b2a/sm/snapshot.1_0
2024-03-15 21:40:49,658 [ForkJoinPool.commonPool-worker-7] INFO  server.GrpcService (GrpcService.java:closeImpl(320)) - c275007a-4e3d-4cf4-8bcd-9935f71fc838: shutdown server GrpcServerProtocolService successfully
2024-03-15 21:40:49,658 [ForkJoinPool.commonPool-worker-7] INFO  server.GrpcService (GrpcService.java:closeImpl(311)) - c275007a-4e3d-4cf4-8bcd-9935f71fc838: shutdown server org.apache.ratis.grpc.server.GrpcAdminProtocolService now
2024-03-15 21:40:49,658 [main] INFO  server.GrpcService (GrpcService.java:closeImpl(320)) - 3dfa3a40-7be8-4b27-818e-b4bcb1f9d011: shutdown server org.apache.ratis.grpc.server.GrpcAdminProtocolService successfully
2024-03-15 21:40:49,659 [2bf5d123-a097-49f6-8df3-d3538d4bb7b0@group-A2D1DD8F5B2A-StateMachineUpdater] INFO  ratis.ContainerStateMachine (ContainerStateMachine.java:takeSnapshot(366)) - group-A2D1DD8F5B2A: Finished taking a snapshot at:(t:1, i:0) file:/home/runner/work/ozone/ozone/hadoop-ozone/integration-test/target/test-dir/MiniOzoneClusterImpl-9d1dee8c-d44a-4a38-8f2b-42c9fdbb6771/ozone-meta/datanode-9/ratis/aa483ffc-7bbc-45dc-87b3-a2d1dd8f5b2a/sm/snapshot.1_0 took: 0 ms
2024-03-15 21:40:49,659 [2bf5d123-a097-49f6-8df3-d3538d4bb7b0@group-A2D1DD8F5B2A-StateMachineUpdater] INFO  impl.StateMachineUpdater (StateMachineUpdater.java:takeSnapshot(295)) - 2bf5d123-a097-49f6-8df3-d3538d4bb7b0@group-A2D1DD8F5B2A-StateMachineUpdater: Took a snapshot at index 0
2024-03-15 21:40:49,659 [2bf5d123-a097-49f6-8df3-d3538d4bb7b0@group-A2D1DD8F5B2A-StateMachineUpdater] INFO  impl.StateMachineUpdater (StateMachineUpdater.java:lambda$new$0(98)) - 2bf5d123-a097-49f6-8df3-d3538d4bb7b0@group-A2D1DD8F5B2A-StateMachineUpdater: snapshotIndex: updateIncreasingly -1 -> 0
2024-03-15 21:40:49,659 [2bf5d123-a097-49f6-8df3-d3538d4bb7b0-impl-thread1] INFO  server.RaftServer$Division (ServerState.java:close(427)) - 2bf5d123-a097-49f6-8df3-d3538d4bb7b0@group-A2D1DD8F5B2A: applyIndex: 0
2024-03-15 21:40:49,658 [3dfa3a40-7be8-4b27-818e-b4bcb1f9d011@group-48BCF4B4440D-cacheEviction-AwaitToRun] INFO  util.AwaitToRun (AwaitToRun.java:run(49)) - 3dfa3a40-7be8-4b27-818e-b4bcb1f9d011@group-48BCF4B4440D-cacheEviction-AwaitToRun-AwaitForSignal is interrupted
2024-03-15 21:40:49,661 [ContainerDataScanner(/home/runner/work/ozone/ozone/hadoop-ozone/integration-test/target/test-dir/MiniOzoneClusterImpl-9d1dee8c-d44a-4a38-8f2b-42c9fdbb6771/ozone-meta/datanode-4/data-0/hdds)] WARN  ozoneimpl.AbstractBackgroundContainerScanner (AbstractBackgroundContainerScanner.java:handleRemainingSleep(134)) - Background container scan was interrupted.
2024-03-15 21:40:49,661 [ContainerDataScanner(/home/runner/work/ozone/ozone/hadoop-ozone/integration-test/target/test-dir/MiniOzoneClusterImpl-9d1dee8c-d44a-4a38-8f2b-42c9fdbb6771/ozone-meta/datanode-4/data-0/hdds)] INFO  ozoneimpl.AbstractBackgroundContainerScanner (AbstractBackgroundContainerScanner.java:run(61)) - ContainerDataScanner(/home/runner/work/ozone/ozone/hadoop-ozone/integration-test/target/test-dir/MiniOzoneClusterImpl-9d1dee8c-d44a-4a38-8f2b-42c9fdbb6771/ozone-meta/datanode-4/data-0/hdds, DS-fc924d7e-ca8d-4c06-a2b8-bee454d01c38) exiting.
2024-03-15 21:40:49,661 [ContainerDataScanner(/home/runner/work/ozone/ozone/hadoop-ozone/integration-test/target/test-dir/MiniOzoneClusterImpl-9d1dee8c-d44a-4a38-8f2b-42c9fdbb6771/ozone-meta/datanode-7/data-0/hdds)] WARN  ozoneimpl.AbstractBackgroundContainerScanner (AbstractBackgroundContainerScanner.java:handleRemainingSleep(134)) - Background container scan was interrupted.
2024-03-15 21:40:49,661 [ContainerDataScanner(/home/runner/work/ozone/ozone/hadoop-ozone/integration-test/target/test-dir/MiniOzoneClusterImpl-9d1dee8c-d44a-4a38-8f2b-42c9fdbb6771/ozone-meta/datanode-7/data-0/hdds)] INFO  ozoneimpl.AbstractBackgroundContainerScanner (AbstractBackgroundContainerScanner.java:run(61)) - ContainerDataScanner(/home/runner/work/ozone/ozone/hadoop-ozone/integration-test/target/test-dir/MiniOzoneClusterImpl-9d1dee8c-d44a-4a38-8f2b-42c9fdbb6771/ozone-meta/datanode-7/data-0/hdds, DS-fb1ac069-b110-4978-993c-4fdbc7115c57) exiting.
2024-03-15 21:40:49,661 [2bf5d123-a097-49f6-8df3-d3538d4bb7b0@group-A2D1DD8F5B2A-cacheEviction-AwaitToRun] INFO  util.AwaitToRun (AwaitToRun.java:run(49)) - 2bf5d123-a097-49f6-8df3-d3538d4bb7b0@group-A2D1DD8F5B2A-cacheEviction-AwaitToRun-AwaitForSignal is interrupted
2024-03-15 21:40:49,665 [ForkJoinPool.commonPool-worker-2] INFO  server.GrpcService (GrpcService.java:closeImpl(311)) - 2bf5d123-a097-49f6-8df3-d3538d4bb7b0: shutdown server org.apache.ratis.grpc.server.GrpcClientProtocolService now
2024-03-15 21:40:49,665 [ForkJoinPool.commonPool-worker-7] INFO  server.GrpcService (GrpcService.java:closeImpl(320)) - c275007a-4e3d-4cf4-8bcd-9935f71fc838: shutdown server org.apache.ratis.grpc.server.GrpcAdminProtocolService successfully
2024-03-15 21:40:49,665 [ForkJoinPool.commonPool-worker-1] INFO  server.RaftServer (RaftServerProxy.java:lambda$close$9(416)) - caf183e4-1f79-482a-9e33-59f38e9311f0: close
2024-03-15 21:40:49,665 [ForkJoinPool.commonPool-worker-0] INFO  server.RaftServer (RaftServerProxy.java:lambda$close$9(416)) - d5082477-7a9c-4c69-9d34-13fd3fa2989c: close
2024-03-15 21:40:49,665 [2bf5d123-a097-49f6-8df3-d3538d4bb7b0-impl-thread2] INFO  server.RaftServer$Division (RaftServerImpl.java:lambda$close$3(526)) - 2bf5d123-a097-49f6-8df3-d3538d4bb7b0@group-CA8816964499: shutdown
2024-03-15 21:40:49,665 [2bf5d123-a097-49f6-8df3-d3538d4bb7b0-impl-thread2] INFO  util.JmxRegister (JmxRegister.java:unregister(73)) - Successfully un-registered JMX Bean with object name Ratis:service=RaftServer,group=group-CA8816964499,id=2bf5d123-a097-49f6-8df3-d3538d4bb7b0
2024-03-15 21:40:49,665 [2bf5d123-a097-49f6-8df3-d3538d4bb7b0-impl-thread2] INFO  impl.RoleInfo (RoleInfo.java:shutdownLeaderState(94)) - 2bf5d123-a097-49f6-8df3-d3538d4bb7b0: shutdown 2bf5d123-a097-49f6-8df3-d3538d4bb7b0@group-CA8816964499-LeaderStateImpl
2024-03-15 21:40:49,665 [2bf5d123-a097-49f6-8df3-d3538d4bb7b0-impl-thread2] INFO  impl.PendingRequests (PendingRequests.java:sendNotLeaderResponses(289)) - 2bf5d123-a097-49f6-8df3-d3538d4bb7b0@group-CA8816964499-PendingRequests: sendNotLeaderResponses
2024-03-15 21:40:49,665 [2bf5d123-a097-49f6-8df3-d3538d4bb7b0-impl-thread2] INFO  impl.StateMachineUpdater (StateMachineUpdater.java:stopAndJoin(157)) - 2bf5d123-a097-49f6-8df3-d3538d4bb7b0@group-CA8816964499-StateMachineUpdater: set stopIndex = 0
2024-03-15 21:40:49,665 [2bf5d123-a097-49f6-8df3-d3538d4bb7b0@group-CA8816964499-StateMachineUpdater] INFO  ratis.ContainerStateMachine (ContainerStateMachine.java:takeSnapshot(355)) - group-CA8816964499: Taking a snapshot at:(t:1, i:0) file /home/runner/work/ozone/ozone/hadoop-ozone/integration-test/target/test-dir/MiniOzoneClusterImpl-9d1dee8c-d44a-4a38-8f2b-42c9fdbb6771/ozone-meta/datanode-9/ratis/ead54802-ec0a-4898-acdb-ca8816964499/sm/snapshot.1_0
2024-03-15 21:40:49,666 [2bf5d123-a097-49f6-8df3-d3538d4bb7b0@group-CA8816964499-StateMachineUpdater] INFO  ratis.ContainerStateMachine (ContainerStateMachine.java:takeSnapshot(366)) - group-CA8816964499: Finished taking a snapshot at:(t:1, i:0) file:/home/runner/work/ozone/ozone/hadoop-ozone/integration-test/target/test-dir/MiniOzoneClusterImpl-9d1dee8c-d44a-4a38-8f2b-42c9fdbb6771/ozone-meta/datanode-9/ratis/ead54802-ec0a-4898-acdb-ca8816964499/sm/snapshot.1_0 took: 1 ms
2024-03-15 21:40:49,666 [2bf5d123-a097-49f6-8df3-d3538d4bb7b0@group-CA8816964499-StateMachineUpdater] INFO  impl.StateMachineUpdater (StateMachineUpdater.java:takeSnapshot(295)) - 2bf5d123-a097-49f6-8df3-d3538d4bb7b0@group-CA8816964499-StateMachineUpdater: Took a snapshot at index 0
2024-03-15 21:40:49,666 [2bf5d123-a097-49f6-8df3-d3538d4bb7b0@group-CA8816964499-StateMachineUpdater] INFO  impl.StateMachineUpdater (StateMachineUpdater.java:lambda$new$0(98)) - 2bf5d123-a097-49f6-8df3-d3538d4bb7b0@group-CA8816964499-StateMachineUpdater: snapshotIndex: updateIncreasingly -1 -> 0
2024-03-15 21:40:49,666 [2bf5d123-a097-49f6-8df3-d3538d4bb7b0-impl-thread2] INFO  server.RaftServer$Division (ServerState.java:close(427)) - 2bf5d123-a097-49f6-8df3-d3538d4bb7b0@group-CA8816964499: applyIndex: 0
2024-03-15 21:40:49,667 [b15e7803-4f8e-4e49-829e-8079360f838e-impl-thread2] INFO  segmented.SegmentedRaftLogWorker (SegmentedRaftLogWorker.java:close(245)) - b15e7803-4f8e-4e49-829e-8079360f838e@group-0952D38902EA-SegmentedRaftLogWorker close()
2024-03-15 21:40:49,667 [d5082477-7a9c-4c69-9d34-13fd3fa2989c-impl-thread1] INFO  server.RaftServer$Division (RaftServerImpl.java:lambda$close$3(526)) - d5082477-7a9c-4c69-9d34-13fd3fa2989c@group-48BCF4B4440D: shutdown
2024-03-15 21:40:49,667 [d5082477-7a9c-4c69-9d34-13fd3fa2989c-impl-thread1] INFO  util.JmxRegister (JmxRegister.java:unregister(73)) - Successfully un-registered JMX Bean with object name Ratis:service=RaftServer,group=group-48BCF4B4440D,id=d5082477-7a9c-4c69-9d34-13fd3fa2989c
2024-03-15 21:40:49,667 [d5082477-7a9c-4c69-9d34-13fd3fa2989c-impl-thread1] INFO  impl.RoleInfo (RoleInfo.java:shutdownFollowerState(110)) - d5082477-7a9c-4c69-9d34-13fd3fa2989c: shutdown d5082477-7a9c-4c69-9d34-13fd3fa2989c@group-48BCF4B4440D-FollowerState
2024-03-15 21:40:49,668 [caf183e4-1f79-482a-9e33-59f38e9311f0-impl-thread1] INFO  server.RaftServer$Division (RaftServerImpl.java:lambda$close$3(526)) - caf183e4-1f79-482a-9e33-59f38e9311f0@group-A2D1DD8F5B2A: shutdown
2024-03-15 21:40:49,668 [caf183e4-1f79-482a-9e33-59f38e9311f0-impl-thread1] INFO  util.JmxRegister (JmxRegister.java:unregister(73)) - Successfully un-registered JMX Bean with object name Ratis:service=RaftServer,group=group-A2D1DD8F5B2A,id=caf183e4-1f79-482a-9e33-59f38e9311f0
2024-03-15 21:40:49,668 [ForkJoinPool.commonPool-worker-2] INFO  server.GrpcService (GrpcService.java:closeImpl(320)) - 2bf5d123-a097-49f6-8df3-d3538d4bb7b0: shutdown server org.apache.ratis.grpc.server.GrpcClientProtocolService successfully
2024-03-15 21:40:49,668 [d5082477-7a9c-4c69-9d34-13fd3fa2989c@group-48BCF4B4440D-FollowerState] INFO  impl.FollowerState (FollowerState.java:run(152)) - d5082477-7a9c-4c69-9d34-13fd3fa2989c@group-48BCF4B4440D-FollowerState was interrupted
2024-03-15 21:40:49,668 [d5082477-7a9c-4c69-9d34-13fd3fa2989c@group-48BCF4B4440D-StateMachineUpdater] INFO  ratis.ContainerStateMachine (ContainerStateMachine.java:takeSnapshot(355)) - group-48BCF4B4440D: Taking a snapshot at:(t:1, i:0) file /home/runner/work/ozone/ozone/hadoop-ozone/integration-test/target/test-dir/MiniOzoneClusterImpl-9d1dee8c-d44a-4a38-8f2b-42c9fdbb6771/ozone-meta/datanode-4/ratis/36ff7108-370d-4a57-986d-48bcf4b4440d/sm/snapshot.1_0
2024-03-15 21:40:49,668 [ForkJoinPool.commonPool-worker-0] INFO  server.GrpcService (GrpcService.java:closeImpl(311)) - d5082477-7a9c-4c69-9d34-13fd3fa2989c: shutdown server org.apache.ratis.grpc.server.GrpcClientProtocolService now
2024-03-15 21:40:49,668 [d5082477-7a9c-4c69-9d34-13fd3fa2989c-impl-thread1] INFO  impl.StateMachineUpdater (StateMachineUpdater.java:stopAndJoin(157)) - d5082477-7a9c-4c69-9d34-13fd3fa2989c@group-48BCF4B4440D-StateMachineUpdater: set stopIndex = 0
2024-03-15 21:40:49,668 [caf183e4-1f79-482a-9e33-59f38e9311f0-impl-thread1] INFO  impl.RoleInfo (RoleInfo.java:shutdownLeaderState(94)) - caf183e4-1f79-482a-9e33-59f38e9311f0: shutdown caf183e4-1f79-482a-9e33-59f38e9311f0@group-A2D1DD8F5B2A-LeaderStateImpl
2024-03-15 21:40:49,668 [d5082477-7a9c-4c69-9d34-13fd3fa2989c-impl-thread2] INFO  server.RaftServer$Division (RaftServerImpl.java:lambda$close$3(526)) - d5082477-7a9c-4c69-9d34-13fd3fa2989c@group-922CB58B85D6: shutdown
2024-03-15 21:40:49,669 [d5082477-7a9c-4c69-9d34-13fd3fa2989c@group-48BCF4B4440D-StateMachineUpdater] INFO  ratis.ContainerStateMachine (ContainerStateMachine.java:takeSnapshot(366)) - group-48BCF4B4440D: Finished taking a snapshot at:(t:1, i:0) file:/home/runner/work/ozone/ozone/hadoop-ozone/integration-test/target/test-dir/MiniOzoneClusterImpl-9d1dee8c-d44a-4a38-8f2b-42c9fdbb6771/ozone-meta/datanode-4/ratis/36ff7108-370d-4a57-986d-48bcf4b4440d/sm/snapshot.1_0 took: 1 ms
2024-03-15 21:40:49,669 [d5082477-7a9c-4c69-9d34-13fd3fa2989c@group-48BCF4B4440D-StateMachineUpdater] INFO  impl.StateMachineUpdater (StateMachineUpdater.java:takeSnapshot(295)) - d5082477-7a9c-4c69-9d34-13fd3fa2989c@group-48BCF4B4440D-StateMachineUpdater: Took a snapshot at index 0
2024-03-15 21:40:49,669 [d5082477-7a9c-4c69-9d34-13fd3fa2989c@group-48BCF4B4440D-StateMachineUpdater] INFO  impl.StateMachineUpdater (StateMachineUpdater.java:lambda$new$0(98)) - d5082477-7a9c-4c69-9d34-13fd3fa2989c@group-48BCF4B4440D-StateMachineUpdater: snapshotIndex: updateIncreasingly -1 -> 0
2024-03-15 21:40:49,668 [ForkJoinPool.commonPool-worker-2] INFO  server.GrpcService (GrpcService.java:closeImpl(311)) - 2bf5d123-a097-49f6-8df3-d3538d4bb7b0: shutdown server GrpcServerProtocolService now
2024-03-15 21:40:49,669 [d5082477-7a9c-4c69-9d34-13fd3fa2989c-impl-thread1] INFO  server.RaftServer$Division (ServerState.java:close(427)) - d5082477-7a9c-4c69-9d34-13fd3fa2989c@group-48BCF4B4440D: applyIndex: 0
2024-03-15 21:40:49,669 [d5082477-7a9c-4c69-9d34-13fd3fa2989c-impl-thread2] INFO  util.JmxRegister (JmxRegister.java:unregister(73)) - Successfully un-registered JMX Bean with object name Ratis:service=RaftServer,group=group-922CB58B85D6,id=d5082477-7a9c-4c69-9d34-13fd3fa2989c
2024-03-15 21:40:49,669 [d5082477-7a9c-4c69-9d34-13fd3fa2989c-impl-thread2] INFO  impl.RoleInfo (RoleInfo.java:shutdownLeaderState(94)) - d5082477-7a9c-4c69-9d34-13fd3fa2989c: shutdown d5082477-7a9c-4c69-9d34-13fd3fa2989c@group-922CB58B85D6-LeaderStateImpl
2024-03-15 21:40:49,669 [d5082477-7a9c-4c69-9d34-13fd3fa2989c@group-48BCF4B4440D-cacheEviction-AwaitToRun] INFO  util.AwaitToRun (AwaitToRun.java:run(49)) - d5082477-7a9c-4c69-9d34-13fd3fa2989c@group-48BCF4B4440D-cacheEviction-AwaitToRun-AwaitForSignal is interrupted
2024-03-15 21:40:49,669 [d5082477-7a9c-4c69-9d34-13fd3fa2989c-impl-thread2] INFO  impl.PendingRequests (PendingRequests.java:sendNotLeaderResponses(289)) - d5082477-7a9c-4c69-9d34-13fd3fa2989c@group-922CB58B85D6-PendingRequests: sendNotLeaderResponses
2024-03-15 21:40:49,670 [grpc-default-executor-2] WARN  server.GrpcServerProtocolService (LogUtils.java:warn(121)) - 2bf5d123-a097-49f6-8df3-d3538d4bb7b0: APPEND_ENTRIES onError, lastRequest: null: org.apache.ratis.thirdparty.io.grpc.StatusRuntimeException: CANCELLED: client cancelled
2024-03-15 21:40:49,670 [d5082477-7a9c-4c69-9d34-13fd3fa2989c@group-922CB58B85D6-StateMachineUpdater] INFO  ratis.ContainerStateMachine (ContainerStateMachine.java:takeSnapshot(355)) - group-922CB58B85D6: Taking a snapshot at:(t:1, i:0) file /home/runner/work/ozone/ozone/hadoop-ozone/integration-test/target/test-dir/MiniOzoneClusterImpl-9d1dee8c-d44a-4a38-8f2b-42c9fdbb6771/ozone-meta/datanode-4/ratis/cc5c9568-8f9f-4f79-8604-922cb58b85d6/sm/snapshot.1_0
2024-03-15 21:40:49,670 [grpc-default-executor-5] WARN  server.GrpcServerProtocolService (LogUtils.java:warn(121)) - 2bf5d123-a097-49f6-8df3-d3538d4bb7b0: APPEND_ENTRIES onError, lastRequest: caf183e4-1f79-482a-9e33-59f38e9311f0->2bf5d123-a097-49f6-8df3-d3538d4bb7b0#1-t1,previous=(t:0, i:0),leaderCommit=-1,initializing? false,entries: size=1, first=(t:1, i:0), CONFIGURATIONENTRY(current:id: "2bf5d123-a097-49f6-8df3-d3538d4bb7b0"
address: "10.1.0.11:15442"
dataStreamAddress: "10.1.0.11:15443"
clientAddress: "10.1.0.11:15440"
adminAddress: "10.1.0.11:15441"
startupRole: FOLLOWER
,id: "b15e7803-4f8e-4e49-829e-8079360f838e"
address: "10.1.0.11:15433"
dataStreamAddress: "10.1.0.11:15434"
clientAddress: "10.1.0.11:15431"
adminAddress: "10.1.0.11:15432"
startupRole: FOLLOWER
,id: "caf183e4-1f79-482a-9e33-59f38e9311f0"
address: "10.1.0.11:15424"
priority: 1
dataStreamAddress: "10.1.0.11:15425"
clientAddress: "10.1.0.11:15422"
adminAddress: "10.1.0.11:15423"
startupRole: FOLLOWER
, old:): org.apache.ratis.thirdparty.io.grpc.StatusRuntimeException: CANCELLED: client cancelled
2024-03-15 21:40:49,670 [d5082477-7a9c-4c69-9d34-13fd3fa2989c-impl-thread2] INFO  impl.StateMachineUpdater (StateMachineUpdater.java:stopAndJoin(157)) - d5082477-7a9c-4c69-9d34-13fd3fa2989c@group-922CB58B85D6-StateMachineUpdater: set stopIndex = 0
2024-03-15 21:40:49,670 [grpc-default-executor-2] INFO  server.GrpcLogAppender (GrpcLogAppender.java:onError(533)) - caf183e4-1f79-482a-9e33-59f38e9311f0@group-A2D1DD8F5B2A->2bf5d123-a097-49f6-8df3-d3538d4bb7b0-GrpcLogAppender is already stopped
2024-03-15 21:40:49,670 [d5082477-7a9c-4c69-9d34-13fd3fa2989c@group-922CB58B85D6-StateMachineUpdater] INFO  ratis.ContainerStateMachine (ContainerStateMachine.java:takeSnapshot(366)) - group-922CB58B85D6: Finished taking a snapshot at:(t:1, i:0) file:/home/runner/work/ozone/ozone/hadoop-ozone/integration-test/target/test-dir/MiniOzoneClusterImpl-9d1dee8c-d44a-4a38-8f2b-42c9fdbb6771/ozone-meta/datanode-4/ratis/cc5c9568-8f9f-4f79-8604-922cb58b85d6/sm/snapshot.1_0 took: 0 ms
2024-03-15 21:40:49,670 [d5082477-7a9c-4c69-9d34-13fd3fa2989c@group-922CB58B85D6-StateMachineUpdater] INFO  impl.StateMachineUpdater (StateMachineUpdater.java:takeSnapshot(295)) - d5082477-7a9c-4c69-9d34-13fd3fa2989c@group-922CB58B85D6-StateMachineUpdater: Took a snapshot at index 0
2024-03-15 21:40:49,670 [d5082477-7a9c-4c69-9d34-13fd3fa2989c@group-922CB58B85D6-StateMachineUpdater] INFO  impl.StateMachineUpdater (StateMachineUpdater.java:lambda$new$0(98)) - d5082477-7a9c-4c69-9d34-13fd3fa2989c@group-922CB58B85D6-StateMachineUpdater: snapshotIndex: updateIncreasingly -1 -> 0
2024-03-15 21:40:49,671 [grpc-default-executor-2] INFO  server.GrpcLogAppender (GrpcLogAppender.java:onError(533)) - caf183e4-1f79-482a-9e33-59f38e9311f0@group-A2D1DD8F5B2A->2bf5d123-a097-49f6-8df3-d3538d4bb7b0-GrpcLogAppender is already stopped
2024-03-15 21:40:49,671 [d5082477-7a9c-4c69-9d34-13fd3fa2989c-impl-thread2] INFO  server.RaftServer$Division (ServerState.java:close(427)) - d5082477-7a9c-4c69-9d34-13fd3fa2989c@group-922CB58B85D6: applyIndex: 0
2024-03-15 21:40:49,672 [2bf5d123-a097-49f6-8df3-d3538d4bb7b0@group-CA8816964499-cacheEviction-AwaitToRun] INFO  util.AwaitToRun (AwaitToRun.java:run(49)) - 2bf5d123-a097-49f6-8df3-d3538d4bb7b0@group-CA8816964499-cacheEviction-AwaitToRun-AwaitForSignal is interrupted
2024-03-15 21:40:49,672 [ForkJoinPool.commonPool-worker-2] INFO  server.GrpcService (GrpcService.java:closeImpl(320)) - 2bf5d123-a097-49f6-8df3-d3538d4bb7b0: shutdown server GrpcServerProtocolService successfully
2024-03-15 21:40:49,672 [ForkJoinPool.commonPool-worker-2] INFO  server.GrpcService (GrpcService.java:closeImpl(311)) - 2bf5d123-a097-49f6-8df3-d3538d4bb7b0: shutdown server org.apache.ratis.grpc.server.GrpcAdminProtocolService now
2024-03-15 21:40:49,673 [caf183e4-1f79-482a-9e33-59f38e9311f0@group-A2D1DD8F5B2A->2bf5d123-a097-49f6-8df3-d3538d4bb7b0-GrpcLogAppender-LogAppenderDaemon] WARN  server.GrpcLogAppender (GrpcLogAppender.java:mayWait(289)) - caf183e4-1f79-482a-9e33-59f38e9311f0@group-A2D1DD8F5B2A->2bf5d123-a097-49f6-8df3-d3538d4bb7b0-GrpcLogAppender: Wait interrupted by java.lang.InterruptedException
2024-03-15 21:40:49,673 [ForkJoinPool.commonPool-worker-0] INFO  server.GrpcService (GrpcService.java:closeImpl(320)) - d5082477-7a9c-4c69-9d34-13fd3fa2989c: shutdown server org.apache.ratis.grpc.server.GrpcClientProtocolService successfully
2024-03-15 21:40:49,673 [ForkJoinPool.commonPool-worker-0] INFO  server.GrpcService (GrpcService.java:closeImpl(311)) - d5082477-7a9c-4c69-9d34-13fd3fa2989c: shutdown server GrpcServerProtocolService now
2024-03-15 21:40:49,674 [ForkJoinPool.commonPool-worker-1] INFO  server.GrpcService (GrpcService.java:closeImpl(311)) - caf183e4-1f79-482a-9e33-59f38e9311f0: shutdown server org.apache.ratis.grpc.server.GrpcClientProtocolService now
2024-03-15 21:40:49,674 [caf183e4-1f79-482a-9e33-59f38e9311f0-impl-thread2] INFO  server.RaftServer$Division (RaftServerImpl.java:lambda$close$3(526)) - caf183e4-1f79-482a-9e33-59f38e9311f0@group-996E77A5C1C0: shutdown
2024-03-15 21:40:49,674 [caf183e4-1f79-482a-9e33-59f38e9311f0-impl-thread2] INFO  util.JmxRegister (JmxRegister.java:unregister(73)) - Successfully un-registered JMX Bean with object name Ratis:service=RaftServer,group=group-996E77A5C1C0,id=caf183e4-1f79-482a-9e33-59f38e9311f0
2024-03-15 21:40:49,674 [caf183e4-1f79-482a-9e33-59f38e9311f0-impl-thread2] INFO  impl.RoleInfo (RoleInfo.java:shutdownLeaderState(94)) - caf183e4-1f79-482a-9e33-59f38e9311f0: shutdown caf183e4-1f79-482a-9e33-59f38e9311f0@group-996E77A5C1C0-LeaderStateImpl
2024-03-15 21:40:49,674 [caf183e4-1f79-482a-9e33-59f38e9311f0-impl-thread2] INFO  impl.PendingRequests (PendingRequests.java:sendNotLeaderResponses(289)) - caf183e4-1f79-482a-9e33-59f38e9311f0@group-996E77A5C1C0-PendingRequests: sendNotLeaderResponses
2024-03-15 21:40:49,674 [caf183e4-1f79-482a-9e33-59f38e9311f0@group-996E77A5C1C0-StateMachineUpdater] INFO  ratis.ContainerStateMachine (ContainerStateMachine.java:takeSnapshot(355)) - group-996E77A5C1C0: Taking a snapshot at:(t:1, i:0) file /home/runner/work/ozone/ozone/hadoop-ozone/integration-test/target/test-dir/MiniOzoneClusterImpl-9d1dee8c-d44a-4a38-8f2b-42c9fdbb6771/ozone-meta/datanode-7/ratis/d6dc2d70-7b49-486f-a3c5-996e77a5c1c0/sm/snapshot.1_0
2024-03-15 21:40:49,674 [caf183e4-1f79-482a-9e33-59f38e9311f0-impl-thread2] INFO  impl.StateMachineUpdater (StateMachineUpdater.java:stopAndJoin(157)) - caf183e4-1f79-482a-9e33-59f38e9311f0@group-996E77A5C1C0-StateMachineUpdater: set stopIndex = 0
2024-03-15 21:40:49,674 [caf183e4-1f79-482a-9e33-59f38e9311f0@group-996E77A5C1C0-StateMachineUpdater] INFO  ratis.ContainerStateMachine (ContainerStateMachine.java:takeSnapshot(366)) - group-996E77A5C1C0: Finished taking a snapshot at:(t:1, i:0) file:/home/runner/work/ozone/ozone/hadoop-ozone/integration-test/target/test-dir/MiniOzoneClusterImpl-9d1dee8c-d44a-4a38-8f2b-42c9fdbb6771/ozone-meta/datanode-7/ratis/d6dc2d70-7b49-486f-a3c5-996e77a5c1c0/sm/snapshot.1_0 took: 0 ms
2024-03-15 21:40:49,674 [ForkJoinPool.commonPool-worker-0] INFO  server.GrpcService (GrpcService.java:closeImpl(320)) - d5082477-7a9c-4c69-9d34-13fd3fa2989c: shutdown server GrpcServerProtocolService successfully
2024-03-15 21:40:49,675 [caf183e4-1f79-482a-9e33-59f38e9311f0@group-996E77A5C1C0-StateMachineUpdater] INFO  impl.StateMachineUpdater (StateMachineUpdater.java:takeSnapshot(295)) - caf183e4-1f79-482a-9e33-59f38e9311f0@group-996E77A5C1C0-StateMachineUpdater: Took a snapshot at index 0
2024-03-15 21:40:49,675 [caf183e4-1f79-482a-9e33-59f38e9311f0@group-996E77A5C1C0-StateMachineUpdater] INFO  impl.StateMachineUpdater (StateMachineUpdater.java:lambda$new$0(98)) - caf183e4-1f79-482a-9e33-59f38e9311f0@group-996E77A5C1C0-StateMachineUpdater: snapshotIndex: updateIncreasingly -1 -> 0
2024-03-15 21:40:49,675 [ForkJoinPool.commonPool-worker-0] INFO  server.GrpcService (GrpcService.java:closeImpl(311)) - d5082477-7a9c-4c69-9d34-13fd3fa2989c: shutdown server org.apache.ratis.grpc.server.GrpcAdminProtocolService now
2024-03-15 21:40:49,675 [caf183e4-1f79-482a-9e33-59f38e9311f0-impl-thread2] INFO  server.RaftServer$Division (ServerState.java:close(427)) - caf183e4-1f79-482a-9e33-59f38e9311f0@group-996E77A5C1C0: applyIndex: 0
2024-03-15 21:40:49,675 [caf183e4-1f79-482a-9e33-59f38e9311f0@group-996E77A5C1C0-cacheEviction-AwaitToRun] INFO  util.AwaitToRun (AwaitToRun.java:run(49)) - caf183e4-1f79-482a-9e33-59f38e9311f0@group-996E77A5C1C0-cacheEviction-AwaitToRun-AwaitForSignal is interrupted
2024-03-15 21:40:49,675 [ForkJoinPool.commonPool-worker-0] INFO  server.GrpcService (GrpcService.java:closeImpl(320)) - d5082477-7a9c-4c69-9d34-13fd3fa2989c: shutdown server org.apache.ratis.grpc.server.GrpcAdminProtocolService successfully
2024-03-15 21:40:49,681 [caf183e4-1f79-482a-9e33-59f38e9311f0@group-A2D1DD8F5B2A->b15e7803-4f8e-4e49-829e-8079360f838e-GrpcLogAppender-LogAppenderDaemon] WARN  server.GrpcLogAppender (GrpcLogAppender.java:mayWait(289)) - caf183e4-1f79-482a-9e33-59f38e9311f0@group-A2D1DD8F5B2A->b15e7803-4f8e-4e49-829e-8079360f838e-GrpcLogAppender: Wait interrupted by java.lang.InterruptedException
2024-03-15 21:40:49,681 [caf183e4-1f79-482a-9e33-59f38e9311f0-impl-thread1] INFO  impl.PendingRequests (PendingRequests.java:sendNotLeaderResponses(289)) - caf183e4-1f79-482a-9e33-59f38e9311f0@group-A2D1DD8F5B2A-PendingRequests: sendNotLeaderResponses
2024-03-15 21:40:49,681 [caf183e4-1f79-482a-9e33-59f38e9311f0-impl-thread1] INFO  impl.StateMachineUpdater (StateMachineUpdater.java:stopAndJoin(157)) - caf183e4-1f79-482a-9e33-59f38e9311f0@group-A2D1DD8F5B2A-StateMachineUpdater: set stopIndex = 0
2024-03-15 21:40:49,681 [caf183e4-1f79-482a-9e33-59f38e9311f0@group-A2D1DD8F5B2A-StateMachineUpdater] INFO  ratis.ContainerStateMachine (ContainerStateMachine.java:takeSnapshot(355)) - group-A2D1DD8F5B2A: Taking a snapshot at:(t:1, i:0) file /home/runner/work/ozone/ozone/hadoop-ozone/integration-test/target/test-dir/MiniOzoneClusterImpl-9d1dee8c-d44a-4a38-8f2b-42c9fdbb6771/ozone-meta/datanode-7/ratis/aa483ffc-7bbc-45dc-87b3-a2d1dd8f5b2a/sm/snapshot.1_0
2024-03-15 21:40:49,682 [caf183e4-1f79-482a-9e33-59f38e9311f0@group-A2D1DD8F5B2A-StateMachineUpdater] INFO  ratis.ContainerStateMachine (ContainerStateMachine.java:takeSnapshot(366)) - group-A2D1DD8F5B2A: Finished taking a snapshot at:(t:1, i:0) file:/home/runner/work/ozone/ozone/hadoop-ozone/integration-test/target/test-dir/MiniOzoneClusterImpl-9d1dee8c-d44a-4a38-8f2b-42c9fdbb6771/ozone-meta/datanode-7/ratis/aa483ffc-7bbc-45dc-87b3-a2d1dd8f5b2a/sm/snapshot.1_0 took: 1 ms
2024-03-15 21:40:49,682 [caf183e4-1f79-482a-9e33-59f38e9311f0@group-A2D1DD8F5B2A-StateMachineUpdater] INFO  impl.StateMachineUpdater (StateMachineUpdater.java:takeSnapshot(295)) - caf183e4-1f79-482a-9e33-59f38e9311f0@group-A2D1DD8F5B2A-StateMachineUpdater: Took a snapshot at index 0
2024-03-15 21:40:49,682 [caf183e4-1f79-482a-9e33-59f38e9311f0@group-A2D1DD8F5B2A-StateMachineUpdater] INFO  impl.StateMachineUpdater (StateMachineUpdater.java:lambda$new$0(98)) - caf183e4-1f79-482a-9e33-59f38e9311f0@group-A2D1DD8F5B2A-StateMachineUpdater: snapshotIndex: updateIncreasingly -1 -> 0
2024-03-15 21:40:49,682 [caf183e4-1f79-482a-9e33-59f38e9311f0-impl-thread1] INFO  server.RaftServer$Division (ServerState.java:close(427)) - caf183e4-1f79-482a-9e33-59f38e9311f0@group-A2D1DD8F5B2A: applyIndex: 0
2024-03-15 21:40:49,687 [ForkJoinPool.commonPool-worker-2] INFO  server.GrpcService (GrpcService.java:closeImpl(320)) - 2bf5d123-a097-49f6-8df3-d3538d4bb7b0: shutdown server org.apache.ratis.grpc.server.GrpcAdminProtocolService successfully
2024-03-15 21:40:49,687 [d5082477-7a9c-4c69-9d34-13fd3fa2989c@group-922CB58B85D6-cacheEviction-AwaitToRun] INFO  util.AwaitToRun (AwaitToRun.java:run(49)) - d5082477-7a9c-4c69-9d34-13fd3fa2989c@group-922CB58B85D6-cacheEviction-AwaitToRun-AwaitForSignal is interrupted
2024-03-15 21:40:49,692 [caf183e4-1f79-482a-9e33-59f38e9311f0@group-A2D1DD8F5B2A-cacheEviction-AwaitToRun] INFO  util.AwaitToRun (AwaitToRun.java:run(49)) - caf183e4-1f79-482a-9e33-59f38e9311f0@group-A2D1DD8F5B2A-cacheEviction-AwaitToRun-AwaitForSignal is interrupted
2024-03-15 21:40:49,693 [3dfa3a40-7be8-4b27-818e-b4bcb1f9d011-NettyServerStreamRpc-bossGroup--thread1] INFO  logging.LoggingHandler (AbstractInternalLogger.java:log(148)) - [id: 0x31e2780d, L:/0.0.0.0:15416] CLOSE
2024-03-15 21:40:49,693 [3dfa3a40-7be8-4b27-818e-b4bcb1f9d011-NettyServerStreamRpc-bossGroup--thread1] INFO  logging.LoggingHandler (AbstractInternalLogger.java:log(148)) - [id: 0x31e2780d, L:/0.0.0.0:15416] INACTIVE
2024-03-15 21:40:49,693 [3dfa3a40-7be8-4b27-818e-b4bcb1f9d011-NettyServerStreamRpc-bossGroup--thread1] INFO  logging.LoggingHandler (AbstractInternalLogger.java:log(148)) - [id: 0x31e2780d, L:/0.0.0.0:15416] UNREGISTERED
2024-03-15 21:40:49,693 [d5082477-7a9c-4c69-9d34-13fd3fa2989c-NettyServerStreamRpc-bossGroup--thread1] INFO  logging.LoggingHandler (AbstractInternalLogger.java:log(148)) - [id: 0xe671f2c0, L:/0.0.0.0:15398] CLOSE
2024-03-15 21:40:49,693 [d5082477-7a9c-4c69-9d34-13fd3fa2989c-NettyServerStreamRpc-bossGroup--thread1] INFO  logging.LoggingHandler (AbstractInternalLogger.java:log(148)) - [id: 0xe671f2c0, L:/0.0.0.0:15398] INACTIVE
2024-03-15 21:40:49,693 [d5082477-7a9c-4c69-9d34-13fd3fa2989c-NettyServerStreamRpc-bossGroup--thread1] INFO  logging.LoggingHandler (AbstractInternalLogger.java:log(148)) - [id: 0xe671f2c0, L:/0.0.0.0:15398] UNREGISTERED
2024-03-15 21:40:49,697 [Thread-6072] INFO  server.GrpcServerProtocolClient (GrpcServerProtocolClient.java:close(103)) - b15e7803-4f8e-4e49-829e-8079360f838e Close channels
2024-03-15 21:40:49,697 [Thread-6024] INFO  server.GrpcServerProtocolClient (GrpcServerProtocolClient.java:close(103)) - 2bf5d123-a097-49f6-8df3-d3538d4bb7b0 Close channels
2024-03-15 21:40:49,708 [ForkJoinPool.commonPool-worker-1] INFO  server.GrpcService (GrpcService.java:closeImpl(320)) - caf183e4-1f79-482a-9e33-59f38e9311f0: shutdown server org.apache.ratis.grpc.server.GrpcClientProtocolService successfully
2024-03-15 21:40:49,708 [ForkJoinPool.commonPool-worker-1] INFO  server.GrpcService (GrpcService.java:closeImpl(311)) - caf183e4-1f79-482a-9e33-59f38e9311f0: shutdown server GrpcServerProtocolService now
2024-03-15 21:40:49,713 [c275007a-4e3d-4cf4-8bcd-9935f71fc838-NettyServerStreamRpc-bossGroup--thread1] INFO  logging.LoggingHandler (AbstractInternalLogger.java:log(148)) - [id: 0x181cad6a, L:/0.0.0.0:15407] CLOSE
2024-03-15 21:40:49,713 [c275007a-4e3d-4cf4-8bcd-9935f71fc838-NettyServerStreamRpc-bossGroup--thread1] INFO  logging.LoggingHandler (AbstractInternalLogger.java:log(148)) - [id: 0x181cad6a, L:/0.0.0.0:15407] INACTIVE
2024-03-15 21:40:49,713 [c275007a-4e3d-4cf4-8bcd-9935f71fc838-NettyServerStreamRpc-bossGroup--thread1] INFO  logging.LoggingHandler (AbstractInternalLogger.java:log(148)) - [id: 0x181cad6a, L:/0.0.0.0:15407] UNREGISTERED
2024-03-15 21:40:49,716 [ForkJoinPool.commonPool-worker-1] INFO  server.GrpcService (GrpcService.java:closeImpl(320)) - caf183e4-1f79-482a-9e33-59f38e9311f0: shutdown server GrpcServerProtocolService successfully
2024-03-15 21:40:49,716 [ForkJoinPool.commonPool-worker-1] INFO  server.GrpcService (GrpcService.java:closeImpl(311)) - caf183e4-1f79-482a-9e33-59f38e9311f0: shutdown server org.apache.ratis.grpc.server.GrpcAdminProtocolService now
2024-03-15 21:40:49,716 [ForkJoinPool.commonPool-worker-1] INFO  server.GrpcService (GrpcService.java:closeImpl(320)) - caf183e4-1f79-482a-9e33-59f38e9311f0: shutdown server org.apache.ratis.grpc.server.GrpcAdminProtocolService successfully
2024-03-15 21:40:49,718 [caf183e4-1f79-482a-9e33-59f38e9311f0-NettyServerStreamRpc-bossGroup--thread1] INFO  logging.LoggingHandler (AbstractInternalLogger.java:log(148)) - [id: 0xcd052da5, L:/0.0.0.0:15425] CLOSE
2024-03-15 21:40:49,718 [caf183e4-1f79-482a-9e33-59f38e9311f0-NettyServerStreamRpc-bossGroup--thread1] INFO  logging.LoggingHandler (AbstractInternalLogger.java:log(148)) - [id: 0xcd052da5, L:/0.0.0.0:15425] INACTIVE
2024-03-15 21:40:49,718 [caf183e4-1f79-482a-9e33-59f38e9311f0-NettyServerStreamRpc-bossGroup--thread1] INFO  logging.LoggingHandler (AbstractInternalLogger.java:log(148)) - [id: 0xcd052da5, L:/0.0.0.0:15425] UNREGISTERED
2024-03-15 21:40:49,722 [afe0fdae-f81b-4972-93bd-b2e3099b8af3-NettyServerStreamRpc-bossGroup--thread1] INFO  logging.LoggingHandler (AbstractInternalLogger.java:log(148)) - [id: 0x7d330948, L:/0.0.0.0:15389] CLOSE
2024-03-15 21:40:49,722 [afe0fdae-f81b-4972-93bd-b2e3099b8af3-NettyServerStreamRpc-bossGroup--thread1] INFO  logging.LoggingHandler (AbstractInternalLogger.java:log(148)) - [id: 0x7d330948, L:/0.0.0.0:15389] INACTIVE
2024-03-15 21:40:49,722 [afe0fdae-f81b-4972-93bd-b2e3099b8af3-NettyServerStreamRpc-bossGroup--thread1] INFO  logging.LoggingHandler (AbstractInternalLogger.java:log(148)) - [id: 0x7d330948, L:/0.0.0.0:15389] UNREGISTERED
2024-03-15 21:40:49,725 [2bf5d123-a097-49f6-8df3-d3538d4bb7b0-NettyServerStreamRpc-bossGroup--thread1] INFO  logging.LoggingHandler (AbstractInternalLogger.java:log(148)) - [id: 0x5c50f98e, L:/0.0.0.0:15443] CLOSE
2024-03-15 21:40:49,725 [2bf5d123-a097-49f6-8df3-d3538d4bb7b0-NettyServerStreamRpc-bossGroup--thread1] INFO  logging.LoggingHandler (AbstractInternalLogger.java:log(148)) - [id: 0x5c50f98e, L:/0.0.0.0:15443] INACTIVE
2024-03-15 21:40:49,725 [2bf5d123-a097-49f6-8df3-d3538d4bb7b0-NettyServerStreamRpc-bossGroup--thread1] INFO  logging.LoggingHandler (AbstractInternalLogger.java:log(148)) - [id: 0x5c50f98e, L:/0.0.0.0:15443] UNREGISTERED
2024-03-15 21:40:49,730 [2bf5d123-a097-49f6-8df3-d3538d4bb7b0-impl-thread2] INFO  segmented.SegmentedRaftLogWorker (SegmentedRaftLogWorker.java:close(245)) - 2bf5d123-a097-49f6-8df3-d3538d4bb7b0@group-CA8816964499-SegmentedRaftLogWorker close()
2024-03-15 21:40:50,240 [afe0fdae-f81b-4972-93bd-b2e3099b8af3-impl-thread1] INFO  segmented.SegmentedRaftLogWorker (SegmentedRaftLogWorker.java:close(245)) - afe0fdae-f81b-4972-93bd-b2e3099b8af3@group-9ED0681F8904-SegmentedRaftLogWorker close()
2024-03-15 21:40:50,241 [JvmPauseMonitor48] INFO  util.JvmPauseMonitor (JvmPauseMonitor.java:run(152)) - JvmPauseMonitor-afe0fdae-f81b-4972-93bd-b2e3099b8af3: Stopped
2024-03-15 21:40:50,245 [c275007a-4e3d-4cf4-8bcd-9935f71fc838-impl-thread1] INFO  segmented.SegmentedRaftLogWorker (SegmentedRaftLogWorker.java:close(245)) - c275007a-4e3d-4cf4-8bcd-9935f71fc838@group-48BCF4B4440D-SegmentedRaftLogWorker close()
2024-03-15 21:40:50,246 [d5082477-7a9c-4c69-9d34-13fd3fa2989c-impl-thread1] INFO  segmented.SegmentedRaftLogWorker (SegmentedRaftLogWorker.java:close(245)) - d5082477-7a9c-4c69-9d34-13fd3fa2989c@group-48BCF4B4440D-SegmentedRaftLogWorker close()
2024-03-15 21:40:50,247 [3dfa3a40-7be8-4b27-818e-b4bcb1f9d011-impl-thread2] INFO  segmented.SegmentedRaftLogWorker (SegmentedRaftLogWorker.java:close(245)) - 3dfa3a40-7be8-4b27-818e-b4bcb1f9d011@group-48BCF4B4440D-SegmentedRaftLogWorker close()
2024-03-15 21:40:50,312 [d5082477-7a9c-4c69-9d34-13fd3fa2989c-impl-thread2] INFO  segmented.SegmentedRaftLogWorker (SegmentedRaftLogWorker.java:close(245)) - d5082477-7a9c-4c69-9d34-13fd3fa2989c@group-922CB58B85D6-SegmentedRaftLogWorker close()
2024-03-15 21:40:50,312 [JvmPauseMonitor49] INFO  util.JvmPauseMonitor (JvmPauseMonitor.java:run(152)) - JvmPauseMonitor-d5082477-7a9c-4c69-9d34-13fd3fa2989c: Stopped
2024-03-15 21:40:50,348 [c275007a-4e3d-4cf4-8bcd-9935f71fc838-impl-thread2] INFO  segmented.SegmentedRaftLogWorker (SegmentedRaftLogWorker.java:close(245)) - c275007a-4e3d-4cf4-8bcd-9935f71fc838@group-3B78A4466A9B-SegmentedRaftLogWorker close()
2024-03-15 21:40:50,349 [JvmPauseMonitor50] INFO  util.JvmPauseMonitor (JvmPauseMonitor.java:run(152)) - JvmPauseMonitor-c275007a-4e3d-4cf4-8bcd-9935f71fc838: Stopped
2024-03-15 21:40:50,477 [3dfa3a40-7be8-4b27-818e-b4bcb1f9d011-impl-thread1] INFO  segmented.SegmentedRaftLogWorker (SegmentedRaftLogWorker.java:close(245)) - 3dfa3a40-7be8-4b27-818e-b4bcb1f9d011@group-875641190752-SegmentedRaftLogWorker close()
2024-03-15 21:40:50,477 [caf183e4-1f79-482a-9e33-59f38e9311f0-impl-thread2] INFO  segmented.SegmentedRaftLogWorker (SegmentedRaftLogWorker.java:close(245)) - caf183e4-1f79-482a-9e33-59f38e9311f0@group-996E77A5C1C0-SegmentedRaftLogWorker close()
2024-03-15 21:40:50,478 [JvmPauseMonitor51] INFO  util.JvmPauseMonitor (JvmPauseMonitor.java:run(152)) - JvmPauseMonitor-3dfa3a40-7be8-4b27-818e-b4bcb1f9d011: Stopped
2024-03-15 21:40:50,498 [caf183e4-1f79-482a-9e33-59f38e9311f0-impl-thread1] INFO  segmented.SegmentedRaftLogWorker (SegmentedRaftLogWorker.java:close(245)) - caf183e4-1f79-482a-9e33-59f38e9311f0@group-A2D1DD8F5B2A-SegmentedRaftLogWorker close()
2024-03-15 21:40:50,499 [JvmPauseMonitor52] INFO  util.JvmPauseMonitor (JvmPauseMonitor.java:run(152)) - JvmPauseMonitor-caf183e4-1f79-482a-9e33-59f38e9311f0: Stopped
2024-03-15 21:40:50,519 [2bf5d123-a097-49f6-8df3-d3538d4bb7b0-impl-thread1] INFO  segmented.SegmentedRaftLogWorker (SegmentedRaftLogWorker.java:close(245)) - 2bf5d123-a097-49f6-8df3-d3538d4bb7b0@group-A2D1DD8F5B2A-SegmentedRaftLogWorker close()
2024-03-15 21:40:50,519 [JvmPauseMonitor54] INFO  util.JvmPauseMonitor (JvmPauseMonitor.java:run(152)) - JvmPauseMonitor-2bf5d123-a097-49f6-8df3-d3538d4bb7b0: Stopped
2024-03-15 21:40:50,526 [b15e7803-4f8e-4e49-829e-8079360f838e-impl-thread1] INFO  segmented.SegmentedRaftLogWorker (SegmentedRaftLogWorker.java:close(245)) - b15e7803-4f8e-4e49-829e-8079360f838e@group-A2D1DD8F5B2A-SegmentedRaftLogWorker close()
2024-03-15 21:40:50,526 [JvmPauseMonitor53] INFO  util.JvmPauseMonitor (JvmPauseMonitor.java:run(152)) - JvmPauseMonitor-b15e7803-4f8e-4e49-829e-8079360f838e: Stopped
2024-03-15 21:40:52,243 [ForkJoinPool.commonPool-worker-5] INFO  utils.DatanodeStoreCache (DatanodeStoreCache.java:shutdownCache(116)) - Skip clearing cache in mini cluster mode. Entries left: [/home/runner/work/ozone/ozone/hadoop-ozone/integration-test/target/test-dir/MiniOzoneClusterImpl-9d1dee8c-d44a-4a38-8f2b-42c9fdbb6771/ozone-meta/datanode-3/data-0/hdds/9d1dee8c-d44a-4a38-8f2b-42c9fdbb6771/DS-664bb53c-21f1-4f7a-a2df-9af9e0816f81/container.db, /home/runner/work/ozone/ozone/hadoop-ozone/integration-test/target/test-dir/MiniOzoneClusterImpl-9d1dee8c-d44a-4a38-8f2b-42c9fdbb6771/ozone-meta/datanode-4/data-0/hdds/9d1dee8c-d44a-4a38-8f2b-42c9fdbb6771/DS-fc924d7e-ca8d-4c06-a2b8-bee454d01c38/container.db, /home/runner/work/ozone/ozone/hadoop-ozone/integration-test/target/test-dir/MiniOzoneClusterImpl-9d1dee8c-d44a-4a38-8f2b-42c9fdbb6771/ozone-meta/datanode-5/data-0/hdds/9d1dee8c-d44a-4a38-8f2b-42c9fdbb6771/DS-1c832d2e-d626-49eb-b31f-746275a9eab6/container.db, /home/runner/work/ozone/ozone/hadoop-ozone/integration-test/target/test-dir/MiniOzoneClusterImpl-9d1dee8c-d44a-4a38-8f2b-42c9fdbb6771/ozone-meta/datanode-6/data-0/hdds/9d1dee8c-d44a-4a38-8f2b-42c9fdbb6771/DS-435ad3e4-ca7b-44ab-beb4-57b4e863a79f/container.db, /home/runner/work/ozone/ozone/hadoop-ozone/integration-test/target/test-dir/MiniOzoneClusterImpl-9d1dee8c-d44a-4a38-8f2b-42c9fdbb6771/ozone-meta/datanode-7/data-0/hdds/9d1dee8c-d44a-4a38-8f2b-42c9fdbb6771/DS-fb1ac069-b110-4978-993c-4fdbc7115c57/container.db, /home/runner/work/ozone/ozone/hadoop-ozone/integration-test/target/test-dir/MiniOzoneClusterImpl-9d1dee8c-d44a-4a38-8f2b-42c9fdbb6771/ozone-meta/datanode-8/data-0/hdds/9d1dee8c-d44a-4a38-8f2b-42c9fdbb6771/DS-809c989b-7dda-45d7-bd07-2283f774cd8f/container.db, /home/runner/work/ozone/ozone/hadoop-ozone/integration-test/target/test-dir/MiniOzoneClusterImpl-9d1dee8c-d44a-4a38-8f2b-42c9fdbb6771/ozone-meta/datanode-9/data-0/hdds/9d1dee8c-d44a-4a38-8f2b-42c9fdbb6771/DS-3f8335c2-bec4-484c-8831-5ce8d050498c/container.db]
2024-03-15 21:40:52,245 [ForkJoinPool.commonPool-worker-5] INFO  utils.DatanodeStoreCache (DatanodeStoreCache.java:removeDB(110)) - Removed db /home/runner/work/ozone/ozone/hadoop-ozone/integration-test/target/test-dir/MiniOzoneClusterImpl-9d1dee8c-d44a-4a38-8f2b-42c9fdbb6771/ozone-meta/datanode-3/data-0/hdds/9d1dee8c-d44a-4a38-8f2b-42c9fdbb6771/DS-664bb53c-21f1-4f7a-a2df-9af9e0816f81/container.db from cache
2024-03-15 21:40:52,245 [ForkJoinPool.commonPool-worker-5] INFO  volume.HddsVolume (HddsVolume.java:closeDbStore(451)) - SchemaV3 db is stopped at /home/runner/work/ozone/ozone/hadoop-ozone/integration-test/target/test-dir/MiniOzoneClusterImpl-9d1dee8c-d44a-4a38-8f2b-42c9fdbb6771/ozone-meta/datanode-3/data-0/hdds/9d1dee8c-d44a-4a38-8f2b-42c9fdbb6771/DS-664bb53c-21f1-4f7a-a2df-9af9e0816f81/container.db for volume DS-664bb53c-21f1-4f7a-a2df-9af9e0816f81
2024-03-15 21:40:52,245 [ForkJoinPool.commonPool-worker-5] INFO  utils.BackgroundService (BackgroundService.java:shutdown(160)) - Shutting down service BlockDeletingService
2024-03-15 21:40:52,246 [ForkJoinPool.commonPool-worker-5] INFO  utils.BackgroundService (BackgroundService.java:shutdown(160)) - Shutting down service StaleRecoveringContainerScrubbingService
2024-03-15 21:40:52,246 [ForkJoinPool.commonPool-worker-5] INFO  statemachine.DatanodeStateMachine (DatanodeStateMachine.java:stopDaemon(638)) - Ozone container server stopped.
2024-03-15 21:40:52,248 [ForkJoinPool.commonPool-worker-5] INFO  handler.ContextHandler (ContextHandler.java:doStop(1159)) - Stopped o.e.j.w.WebAppContext@75a000d8{hddsDatanode,/,null,STOPPED}{jar:file:/home/runner/.m2/repository/org/apache/ozone/hdds-container-service/1.5.0-SNAPSHOT/hdds-container-service-1.5.0-SNAPSHOT.jar!/webapps/hddsDatanode}
2024-03-15 21:40:52,248 [ForkJoinPool.commonPool-worker-5] INFO  server.AbstractConnector (AbstractConnector.java:doStop(383)) - Stopped ServerConnector@3abd53c9{HTTP/1.1, (http/1.1)}{0.0.0.0:15383}
2024-03-15 21:40:52,248 [ForkJoinPool.commonPool-worker-5] INFO  server.session (HouseKeeper.java:stopScavenging(149)) - node0 Stopped scavenging
2024-03-15 21:40:52,249 [ForkJoinPool.commonPool-worker-5] INFO  handler.ContextHandler (ContextHandler.java:doStop(1159)) - Stopped o.e.j.s.ServletContextHandler@560123dc{static,/static,jar:file:/home/runner/.m2/repository/org/apache/ozone/hdds-container-service/1.5.0-SNAPSHOT/hdds-container-service-1.5.0-SNAPSHOT.jar!/webapps/static,STOPPED}
2024-03-15 21:40:52,249 [ForkJoinPool.commonPool-worker-5] INFO  handler.ContextHandler (ContextHandler.java:doStop(1159)) - Stopped o.e.j.s.ServletContextHandler@3636b09a{logs,/logs,file:///home/runner/work/ozone/ozone/hadoop-ozone/integration-test/target/log,STOPPED}
2024-03-15 21:40:52,249 [ForkJoinPool.commonPool-worker-5] INFO  ozone.HddsDatanodeClientProtocolServer (HddsDatanodeClientProtocolServer.java:stop(83)) - Stopping the RPC server for Client Protocol
2024-03-15 21:40:52,250 [ForkJoinPool.commonPool-worker-5] INFO  ipc.Server (Server.java:stop(3523)) - Stopping server on 15384
2024-03-15 21:40:52,250 [IPC Server listener on 15384] INFO  ipc.Server (Server.java:run(1434)) - Stopping IPC Server listener on 15384
2024-03-15 21:40:52,250 [IPC Server Responder] INFO  ipc.Server (Server.java:run(1567)) - Stopping IPC Server Responder
2024-03-15 21:40:52,314 [ForkJoinPool.commonPool-worker-0] INFO  utils.DatanodeStoreCache (DatanodeStoreCache.java:shutdownCache(116)) - Skip clearing cache in mini cluster mode. Entries left: [/home/runner/work/ozone/ozone/hadoop-ozone/integration-test/target/test-dir/MiniOzoneClusterImpl-9d1dee8c-d44a-4a38-8f2b-42c9fdbb6771/ozone-meta/datanode-4/data-0/hdds/9d1dee8c-d44a-4a38-8f2b-42c9fdbb6771/DS-fc924d7e-ca8d-4c06-a2b8-bee454d01c38/container.db, /home/runner/work/ozone/ozone/hadoop-ozone/integration-test/target/test-dir/MiniOzoneClusterImpl-9d1dee8c-d44a-4a38-8f2b-42c9fdbb6771/ozone-meta/datanode-5/data-0/hdds/9d1dee8c-d44a-4a38-8f2b-42c9fdbb6771/DS-1c832d2e-d626-49eb-b31f-746275a9eab6/container.db, /home/runner/work/ozone/ozone/hadoop-ozone/integration-test/target/test-dir/MiniOzoneClusterImpl-9d1dee8c-d44a-4a38-8f2b-42c9fdbb6771/ozone-meta/datanode-6/data-0/hdds/9d1dee8c-d44a-4a38-8f2b-42c9fdbb6771/DS-435ad3e4-ca7b-44ab-beb4-57b4e863a79f/container.db, /home/runner/work/ozone/ozone/hadoop-ozone/integration-test/target/test-dir/MiniOzoneClusterImpl-9d1dee8c-d44a-4a38-8f2b-42c9fdbb6771/ozone-meta/datanode-7/data-0/hdds/9d1dee8c-d44a-4a38-8f2b-42c9fdbb6771/DS-fb1ac069-b110-4978-993c-4fdbc7115c57/container.db, /home/runner/work/ozone/ozone/hadoop-ozone/integration-test/target/test-dir/MiniOzoneClusterImpl-9d1dee8c-d44a-4a38-8f2b-42c9fdbb6771/ozone-meta/datanode-8/data-0/hdds/9d1dee8c-d44a-4a38-8f2b-42c9fdbb6771/DS-809c989b-7dda-45d7-bd07-2283f774cd8f/container.db, /home/runner/work/ozone/ozone/hadoop-ozone/integration-test/target/test-dir/MiniOzoneClusterImpl-9d1dee8c-d44a-4a38-8f2b-42c9fdbb6771/ozone-meta/datanode-9/data-0/hdds/9d1dee8c-d44a-4a38-8f2b-42c9fdbb6771/DS-3f8335c2-bec4-484c-8831-5ce8d050498c/container.db]
2024-03-15 21:40:52,315 [ForkJoinPool.commonPool-worker-0] INFO  utils.DatanodeStoreCache (DatanodeStoreCache.java:removeDB(110)) - Removed db /home/runner/work/ozone/ozone/hadoop-ozone/integration-test/target/test-dir/MiniOzoneClusterImpl-9d1dee8c-d44a-4a38-8f2b-42c9fdbb6771/ozone-meta/datanode-4/data-0/hdds/9d1dee8c-d44a-4a38-8f2b-42c9fdbb6771/DS-fc924d7e-ca8d-4c06-a2b8-bee454d01c38/container.db from cache
2024-03-15 21:40:52,315 [ForkJoinPool.commonPool-worker-0] INFO  volume.HddsVolume (HddsVolume.java:closeDbStore(451)) - SchemaV3 db is stopped at /home/runner/work/ozone/ozone/hadoop-ozone/integration-test/target/test-dir/MiniOzoneClusterImpl-9d1dee8c-d44a-4a38-8f2b-42c9fdbb6771/ozone-meta/datanode-4/data-0/hdds/9d1dee8c-d44a-4a38-8f2b-42c9fdbb6771/DS-fc924d7e-ca8d-4c06-a2b8-bee454d01c38/container.db for volume DS-fc924d7e-ca8d-4c06-a2b8-bee454d01c38
2024-03-15 21:40:52,316 [ForkJoinPool.commonPool-worker-0] INFO  utils.BackgroundService (BackgroundService.java:shutdown(160)) - Shutting down service BlockDeletingService
2024-03-15 21:40:52,316 [ForkJoinPool.commonPool-worker-0] INFO  utils.BackgroundService (BackgroundService.java:shutdown(160)) - Shutting down service StaleRecoveringContainerScrubbingService
2024-03-15 21:40:52,317 [ForkJoinPool.commonPool-worker-0] INFO  statemachine.DatanodeStateMachine (DatanodeStateMachine.java:stopDaemon(638)) - Ozone container server stopped.
2024-03-15 21:40:52,318 [ForkJoinPool.commonPool-worker-0] INFO  handler.ContextHandler (ContextHandler.java:doStop(1159)) - Stopped o.e.j.w.WebAppContext@16576bcf{hddsDatanode,/,null,STOPPED}{jar:file:/home/runner/.m2/repository/org/apache/ozone/hdds-container-service/1.5.0-SNAPSHOT/hdds-container-service-1.5.0-SNAPSHOT.jar!/webapps/hddsDatanode}
2024-03-15 21:40:52,318 [ForkJoinPool.commonPool-worker-0] INFO  server.AbstractConnector (AbstractConnector.java:doStop(383)) - Stopped ServerConnector@48f21fa3{HTTP/1.1, (http/1.1)}{0.0.0.0:15392}
2024-03-15 21:40:52,318 [ForkJoinPool.commonPool-worker-0] INFO  server.session (HouseKeeper.java:stopScavenging(149)) - node0 Stopped scavenging
2024-03-15 21:40:52,318 [ForkJoinPool.commonPool-worker-0] INFO  handler.ContextHandler (ContextHandler.java:doStop(1159)) - Stopped o.e.j.s.ServletContextHandler@59e35cc3{static,/static,jar:file:/home/runner/.m2/repository/org/apache/ozone/hdds-container-service/1.5.0-SNAPSHOT/hdds-container-service-1.5.0-SNAPSHOT.jar!/webapps/static,STOPPED}
2024-03-15 21:40:52,318 [ForkJoinPool.commonPool-worker-0] INFO  handler.ContextHandler (ContextHandler.java:doStop(1159)) - Stopped o.e.j.s.ServletContextHandler@9fe306{logs,/logs,file:///home/runner/work/ozone/ozone/hadoop-ozone/integration-test/target/log,STOPPED}
2024-03-15 21:40:52,319 [ForkJoinPool.commonPool-worker-0] INFO  ozone.HddsDatanodeClientProtocolServer (HddsDatanodeClientProtocolServer.java:stop(83)) - Stopping the RPC server for Client Protocol
2024-03-15 21:40:52,319 [ForkJoinPool.commonPool-worker-0] INFO  ipc.Server (Server.java:stop(3523)) - Stopping server on 15393
2024-03-15 21:40:52,320 [IPC Server listener on 15393] INFO  ipc.Server (Server.java:run(1434)) - Stopping IPC Server listener on 15393
2024-03-15 21:40:52,320 [IPC Server Responder] INFO  ipc.Server (Server.java:run(1567)) - Stopping IPC Server Responder
2024-03-15 21:40:52,350 [ForkJoinPool.commonPool-worker-7] INFO  utils.DatanodeStoreCache (DatanodeStoreCache.java:shutdownCache(116)) - Skip clearing cache in mini cluster mode. Entries left: [/home/runner/work/ozone/ozone/hadoop-ozone/integration-test/target/test-dir/MiniOzoneClusterImpl-9d1dee8c-d44a-4a38-8f2b-42c9fdbb6771/ozone-meta/datanode-5/data-0/hdds/9d1dee8c-d44a-4a38-8f2b-42c9fdbb6771/DS-1c832d2e-d626-49eb-b31f-746275a9eab6/container.db, /home/runner/work/ozone/ozone/hadoop-ozone/integration-test/target/test-dir/MiniOzoneClusterImpl-9d1dee8c-d44a-4a38-8f2b-42c9fdbb6771/ozone-meta/datanode-6/data-0/hdds/9d1dee8c-d44a-4a38-8f2b-42c9fdbb6771/DS-435ad3e4-ca7b-44ab-beb4-57b4e863a79f/container.db, /home/runner/work/ozone/ozone/hadoop-ozone/integration-test/target/test-dir/MiniOzoneClusterImpl-9d1dee8c-d44a-4a38-8f2b-42c9fdbb6771/ozone-meta/datanode-7/data-0/hdds/9d1dee8c-d44a-4a38-8f2b-42c9fdbb6771/DS-fb1ac069-b110-4978-993c-4fdbc7115c57/container.db, /home/runner/work/ozone/ozone/hadoop-ozone/integration-test/target/test-dir/MiniOzoneClusterImpl-9d1dee8c-d44a-4a38-8f2b-42c9fdbb6771/ozone-meta/datanode-8/data-0/hdds/9d1dee8c-d44a-4a38-8f2b-42c9fdbb6771/DS-809c989b-7dda-45d7-bd07-2283f774cd8f/container.db, /home/runner/work/ozone/ozone/hadoop-ozone/integration-test/target/test-dir/MiniOzoneClusterImpl-9d1dee8c-d44a-4a38-8f2b-42c9fdbb6771/ozone-meta/datanode-9/data-0/hdds/9d1dee8c-d44a-4a38-8f2b-42c9fdbb6771/DS-3f8335c2-bec4-484c-8831-5ce8d050498c/container.db]
2024-03-15 21:40:52,351 [ForkJoinPool.commonPool-worker-7] INFO  utils.DatanodeStoreCache (DatanodeStoreCache.java:removeDB(110)) - Removed db /home/runner/work/ozone/ozone/hadoop-ozone/integration-test/target/test-dir/MiniOzoneClusterImpl-9d1dee8c-d44a-4a38-8f2b-42c9fdbb6771/ozone-meta/datanode-5/data-0/hdds/9d1dee8c-d44a-4a38-8f2b-42c9fdbb6771/DS-1c832d2e-d626-49eb-b31f-746275a9eab6/container.db from cache
2024-03-15 21:40:52,351 [ForkJoinPool.commonPool-worker-7] INFO  volume.HddsVolume (HddsVolume.java:closeDbStore(451)) - SchemaV3 db is stopped at /home/runner/work/ozone/ozone/hadoop-ozone/integration-test/target/test-dir/MiniOzoneClusterImpl-9d1dee8c-d44a-4a38-8f2b-42c9fdbb6771/ozone-meta/datanode-5/data-0/hdds/9d1dee8c-d44a-4a38-8f2b-42c9fdbb6771/DS-1c832d2e-d626-49eb-b31f-746275a9eab6/container.db for volume DS-1c832d2e-d626-49eb-b31f-746275a9eab6
2024-03-15 21:40:52,352 [ForkJoinPool.commonPool-worker-7] INFO  utils.BackgroundService (BackgroundService.java:shutdown(160)) - Shutting down service BlockDeletingService
2024-03-15 21:40:52,352 [ForkJoinPool.commonPool-worker-7] INFO  utils.BackgroundService (BackgroundService.java:shutdown(160)) - Shutting down service StaleRecoveringContainerScrubbingService
2024-03-15 21:40:52,353 [ForkJoinPool.commonPool-worker-7] INFO  statemachine.DatanodeStateMachine (DatanodeStateMachine.java:stopDaemon(638)) - Ozone container server stopped.
2024-03-15 21:40:52,354 [ForkJoinPool.commonPool-worker-7] INFO  handler.ContextHandler (ContextHandler.java:doStop(1159)) - Stopped o.e.j.w.WebAppContext@ae40a76{hddsDatanode,/,null,STOPPED}{jar:file:/home/runner/.m2/repository/org/apache/ozone/hdds-container-service/1.5.0-SNAPSHOT/hdds-container-service-1.5.0-SNAPSHOT.jar!/webapps/hddsDatanode}
2024-03-15 21:40:52,354 [ForkJoinPool.commonPool-worker-7] INFO  server.AbstractConnector (AbstractConnector.java:doStop(383)) - Stopped ServerConnector@4d320bb8{HTTP/1.1, (http/1.1)}{0.0.0.0:15401}
2024-03-15 21:40:52,354 [ForkJoinPool.commonPool-worker-7] INFO  server.session (HouseKeeper.java:stopScavenging(149)) - node0 Stopped scavenging
2024-03-15 21:40:52,355 [ForkJoinPool.commonPool-worker-7] INFO  handler.ContextHandler (ContextHandler.java:doStop(1159)) - Stopped o.e.j.s.ServletContextHandler@53b1a807{static,/static,jar:file:/home/runner/.m2/repository/org/apache/ozone/hdds-container-service/1.5.0-SNAPSHOT/hdds-container-service-1.5.0-SNAPSHOT.jar!/webapps/static,STOPPED}
2024-03-15 21:40:52,355 [ForkJoinPool.commonPool-worker-7] INFO  handler.ContextHandler (ContextHandler.java:doStop(1159)) - Stopped o.e.j.s.ServletContextHandler@2ab655fc{logs,/logs,file:///home/runner/work/ozone/ozone/hadoop-ozone/integration-test/target/log,STOPPED}
2024-03-15 21:40:52,355 [ForkJoinPool.commonPool-worker-7] INFO  ozone.HddsDatanodeClientProtocolServer (HddsDatanodeClientProtocolServer.java:stop(83)) - Stopping the RPC server for Client Protocol
2024-03-15 21:40:52,356 [ForkJoinPool.commonPool-worker-7] INFO  ipc.Server (Server.java:stop(3523)) - Stopping server on 15402
2024-03-15 21:40:52,356 [IPC Server listener on 15402] INFO  ipc.Server (Server.java:run(1434)) - Stopping IPC Server listener on 15402
2024-03-15 21:40:52,356 [IPC Server Responder] INFO  ipc.Server (Server.java:run(1567)) - Stopping IPC Server Responder
2024-03-15 21:40:52,480 [main] INFO  utils.DatanodeStoreCache (DatanodeStoreCache.java:shutdownCache(116)) - Skip clearing cache in mini cluster mode. Entries left: [/home/runner/work/ozone/ozone/hadoop-ozone/integration-test/target/test-dir/MiniOzoneClusterImpl-9d1dee8c-d44a-4a38-8f2b-42c9fdbb6771/ozone-meta/datanode-6/data-0/hdds/9d1dee8c-d44a-4a38-8f2b-42c9fdbb6771/DS-435ad3e4-ca7b-44ab-beb4-57b4e863a79f/container.db, /home/runner/work/ozone/ozone/hadoop-ozone/integration-test/target/test-dir/MiniOzoneClusterImpl-9d1dee8c-d44a-4a38-8f2b-42c9fdbb6771/ozone-meta/datanode-7/data-0/hdds/9d1dee8c-d44a-4a38-8f2b-42c9fdbb6771/DS-fb1ac069-b110-4978-993c-4fdbc7115c57/container.db, /home/runner/work/ozone/ozone/hadoop-ozone/integration-test/target/test-dir/MiniOzoneClusterImpl-9d1dee8c-d44a-4a38-8f2b-42c9fdbb6771/ozone-meta/datanode-8/data-0/hdds/9d1dee8c-d44a-4a38-8f2b-42c9fdbb6771/DS-809c989b-7dda-45d7-bd07-2283f774cd8f/container.db, /home/runner/work/ozone/ozone/hadoop-ozone/integration-test/target/test-dir/MiniOzoneClusterImpl-9d1dee8c-d44a-4a38-8f2b-42c9fdbb6771/ozone-meta/datanode-9/data-0/hdds/9d1dee8c-d44a-4a38-8f2b-42c9fdbb6771/DS-3f8335c2-bec4-484c-8831-5ce8d050498c/container.db]
2024-03-15 21:40:52,481 [main] INFO  utils.DatanodeStoreCache (DatanodeStoreCache.java:removeDB(110)) - Removed db /home/runner/work/ozone/ozone/hadoop-ozone/integration-test/target/test-dir/MiniOzoneClusterImpl-9d1dee8c-d44a-4a38-8f2b-42c9fdbb6771/ozone-meta/datanode-6/data-0/hdds/9d1dee8c-d44a-4a38-8f2b-42c9fdbb6771/DS-435ad3e4-ca7b-44ab-beb4-57b4e863a79f/container.db from cache
2024-03-15 21:40:52,482 [main] INFO  volume.HddsVolume (HddsVolume.java:closeDbStore(451)) - SchemaV3 db is stopped at /home/runner/work/ozone/ozone/hadoop-ozone/integration-test/target/test-dir/MiniOzoneClusterImpl-9d1dee8c-d44a-4a38-8f2b-42c9fdbb6771/ozone-meta/datanode-6/data-0/hdds/9d1dee8c-d44a-4a38-8f2b-42c9fdbb6771/DS-435ad3e4-ca7b-44ab-beb4-57b4e863a79f/container.db for volume DS-435ad3e4-ca7b-44ab-beb4-57b4e863a79f
2024-03-15 21:40:52,482 [main] INFO  utils.BackgroundService (BackgroundService.java:shutdown(160)) - Shutting down service BlockDeletingService
2024-03-15 21:40:52,482 [main] INFO  utils.BackgroundService (BackgroundService.java:shutdown(160)) - Shutting down service StaleRecoveringContainerScrubbingService
2024-03-15 21:40:52,483 [main] INFO  statemachine.DatanodeStateMachine (DatanodeStateMachine.java:stopDaemon(638)) - Ozone container server stopped.
2024-03-15 21:40:52,483 [main] INFO  handler.ContextHandler (ContextHandler.java:doStop(1159)) - Stopped o.e.j.w.WebAppContext@73cb6541{hddsDatanode,/,null,STOPPED}{jar:file:/home/runner/.m2/repository/org/apache/ozone/hdds-container-service/1.5.0-SNAPSHOT/hdds-container-service-1.5.0-SNAPSHOT.jar!/webapps/hddsDatanode}
2024-03-15 21:40:52,485 [main] INFO  server.AbstractConnector (AbstractConnector.java:doStop(383)) - Stopped ServerConnector@35a7d79e{HTTP/1.1, (http/1.1)}{0.0.0.0:15410}
2024-03-15 21:40:52,485 [main] INFO  server.session (HouseKeeper.java:stopScavenging(149)) - node0 Stopped scavenging
2024-03-15 21:40:52,485 [main] INFO  handler.ContextHandler (ContextHandler.java:doStop(1159)) - Stopped o.e.j.s.ServletContextHandler@5ac1e6ee{static,/static,jar:file:/home/runner/.m2/repository/org/apache/ozone/hdds-container-service/1.5.0-SNAPSHOT/hdds-container-service-1.5.0-SNAPSHOT.jar!/webapps/static,STOPPED}
2024-03-15 21:40:52,485 [main] INFO  handler.ContextHandler (ContextHandler.java:doStop(1159)) - Stopped o.e.j.s.ServletContextHandler@7bd6d6c5{logs,/logs,file:///home/runner/work/ozone/ozone/hadoop-ozone/integration-test/target/log,STOPPED}
2024-03-15 21:40:52,486 [main] INFO  ozone.HddsDatanodeClientProtocolServer (HddsDatanodeClientProtocolServer.java:stop(83)) - Stopping the RPC server for Client Protocol
2024-03-15 21:40:52,486 [main] INFO  ipc.Server (Server.java:stop(3523)) - Stopping server on 15411
2024-03-15 21:40:52,486 [IPC Server listener on 15411] INFO  ipc.Server (Server.java:run(1434)) - Stopping IPC Server listener on 15411
2024-03-15 21:40:52,486 [IPC Server Responder] INFO  ipc.Server (Server.java:run(1567)) - Stopping IPC Server Responder
2024-03-15 21:40:52,500 [ForkJoinPool.commonPool-worker-1] INFO  utils.DatanodeStoreCache (DatanodeStoreCache.java:shutdownCache(116)) - Skip clearing cache in mini cluster mode. Entries left: [/home/runner/work/ozone/ozone/hadoop-ozone/integration-test/target/test-dir/MiniOzoneClusterImpl-9d1dee8c-d44a-4a38-8f2b-42c9fdbb6771/ozone-meta/datanode-7/data-0/hdds/9d1dee8c-d44a-4a38-8f2b-42c9fdbb6771/DS-fb1ac069-b110-4978-993c-4fdbc7115c57/container.db, /home/runner/work/ozone/ozone/hadoop-ozone/integration-test/target/test-dir/MiniOzoneClusterImpl-9d1dee8c-d44a-4a38-8f2b-42c9fdbb6771/ozone-meta/datanode-8/data-0/hdds/9d1dee8c-d44a-4a38-8f2b-42c9fdbb6771/DS-809c989b-7dda-45d7-bd07-2283f774cd8f/container.db, /home/runner/work/ozone/ozone/hadoop-ozone/integration-test/target/test-dir/MiniOzoneClusterImpl-9d1dee8c-d44a-4a38-8f2b-42c9fdbb6771/ozone-meta/datanode-9/data-0/hdds/9d1dee8c-d44a-4a38-8f2b-42c9fdbb6771/DS-3f8335c2-bec4-484c-8831-5ce8d050498c/container.db]
2024-03-15 21:40:52,501 [ForkJoinPool.commonPool-worker-1] INFO  utils.DatanodeStoreCache (DatanodeStoreCache.java:removeDB(110)) - Removed db /home/runner/work/ozone/ozone/hadoop-ozone/integration-test/target/test-dir/MiniOzoneClusterImpl-9d1dee8c-d44a-4a38-8f2b-42c9fdbb6771/ozone-meta/datanode-7/data-0/hdds/9d1dee8c-d44a-4a38-8f2b-42c9fdbb6771/DS-fb1ac069-b110-4978-993c-4fdbc7115c57/container.db from cache
2024-03-15 21:40:52,501 [ForkJoinPool.commonPool-worker-1] INFO  volume.HddsVolume (HddsVolume.java:closeDbStore(451)) - SchemaV3 db is stopped at /home/runner/work/ozone/ozone/hadoop-ozone/integration-test/target/test-dir/MiniOzoneClusterImpl-9d1dee8c-d44a-4a38-8f2b-42c9fdbb6771/ozone-meta/datanode-7/data-0/hdds/9d1dee8c-d44a-4a38-8f2b-42c9fdbb6771/DS-fb1ac069-b110-4978-993c-4fdbc7115c57/container.db for volume DS-fb1ac069-b110-4978-993c-4fdbc7115c57
2024-03-15 21:40:52,502 [ForkJoinPool.commonPool-worker-1] INFO  utils.BackgroundService (BackgroundService.java:shutdown(160)) - Shutting down service BlockDeletingService
2024-03-15 21:40:52,502 [ForkJoinPool.commonPool-worker-1] INFO  utils.BackgroundService (BackgroundService.java:shutdown(160)) - Shutting down service StaleRecoveringContainerScrubbingService
2024-03-15 21:40:52,503 [ForkJoinPool.commonPool-worker-1] INFO  statemachine.DatanodeStateMachine (DatanodeStateMachine.java:stopDaemon(638)) - Ozone container server stopped.
2024-03-15 21:40:52,504 [ForkJoinPool.commonPool-worker-1] INFO  handler.ContextHandler (ContextHandler.java:doStop(1159)) - Stopped o.e.j.w.WebAppContext@38884a51{hddsDatanode,/,null,STOPPED}{jar:file:/home/runner/.m2/repository/org/apache/ozone/hdds-container-service/1.5.0-SNAPSHOT/hdds-container-service-1.5.0-SNAPSHOT.jar!/webapps/hddsDatanode}
2024-03-15 21:40:52,504 [ForkJoinPool.commonPool-worker-1] INFO  server.AbstractConnector (AbstractConnector.java:doStop(383)) - Stopped ServerConnector@83718d{HTTP/1.1, (http/1.1)}{0.0.0.0:15419}
2024-03-15 21:40:52,504 [ForkJoinPool.commonPool-worker-1] INFO  server.session (HouseKeeper.java:stopScavenging(149)) - node0 Stopped scavenging
2024-03-15 21:40:52,504 [ForkJoinPool.commonPool-worker-1] INFO  handler.ContextHandler (ContextHandler.java:doStop(1159)) - Stopped o.e.j.s.ServletContextHandler@214629a9{static,/static,jar:file:/home/runner/.m2/repository/org/apache/ozone/hdds-container-service/1.5.0-SNAPSHOT/hdds-container-service-1.5.0-SNAPSHOT.jar!/webapps/static,STOPPED}
2024-03-15 21:40:52,504 [ForkJoinPool.commonPool-worker-1] INFO  handler.ContextHandler (ContextHandler.java:doStop(1159)) - Stopped o.e.j.s.ServletContextHandler@3dec5ca6{logs,/logs,file:///home/runner/work/ozone/ozone/hadoop-ozone/integration-test/target/log,STOPPED}
2024-03-15 21:40:52,505 [ForkJoinPool.commonPool-worker-1] INFO  ozone.HddsDatanodeClientProtocolServer (HddsDatanodeClientProtocolServer.java:stop(83)) - Stopping the RPC server for Client Protocol
2024-03-15 21:40:52,505 [ForkJoinPool.commonPool-worker-1] INFO  ipc.Server (Server.java:stop(3523)) - Stopping server on 15420
2024-03-15 21:40:52,506 [IPC Server listener on 15420] INFO  ipc.Server (Server.java:run(1434)) - Stopping IPC Server listener on 15420
2024-03-15 21:40:52,506 [IPC Server Responder] INFO  ipc.Server (Server.java:run(1567)) - Stopping IPC Server Responder
2024-03-15 21:40:52,521 [ForkJoinPool.commonPool-worker-2] INFO  utils.DatanodeStoreCache (DatanodeStoreCache.java:shutdownCache(116)) - Skip clearing cache in mini cluster mode. Entries left: [/home/runner/work/ozone/ozone/hadoop-ozone/integration-test/target/test-dir/MiniOzoneClusterImpl-9d1dee8c-d44a-4a38-8f2b-42c9fdbb6771/ozone-meta/datanode-8/data-0/hdds/9d1dee8c-d44a-4a38-8f2b-42c9fdbb6771/DS-809c989b-7dda-45d7-bd07-2283f774cd8f/container.db, /home/runner/work/ozone/ozone/hadoop-ozone/integration-test/target/test-dir/MiniOzoneClusterImpl-9d1dee8c-d44a-4a38-8f2b-42c9fdbb6771/ozone-meta/datanode-9/data-0/hdds/9d1dee8c-d44a-4a38-8f2b-42c9fdbb6771/DS-3f8335c2-bec4-484c-8831-5ce8d050498c/container.db]
2024-03-15 21:40:52,522 [ForkJoinPool.commonPool-worker-2] INFO  utils.DatanodeStoreCache (DatanodeStoreCache.java:removeDB(110)) - Removed db /home/runner/work/ozone/ozone/hadoop-ozone/integration-test/target/test-dir/MiniOzoneClusterImpl-9d1dee8c-d44a-4a38-8f2b-42c9fdbb6771/ozone-meta/datanode-9/data-0/hdds/9d1dee8c-d44a-4a38-8f2b-42c9fdbb6771/DS-3f8335c2-bec4-484c-8831-5ce8d050498c/container.db from cache
2024-03-15 21:40:52,522 [ForkJoinPool.commonPool-worker-2] INFO  volume.HddsVolume (HddsVolume.java:closeDbStore(451)) - SchemaV3 db is stopped at /home/runner/work/ozone/ozone/hadoop-ozone/integration-test/target/test-dir/MiniOzoneClusterImpl-9d1dee8c-d44a-4a38-8f2b-42c9fdbb6771/ozone-meta/datanode-9/data-0/hdds/9d1dee8c-d44a-4a38-8f2b-42c9fdbb6771/DS-3f8335c2-bec4-484c-8831-5ce8d050498c/container.db for volume DS-3f8335c2-bec4-484c-8831-5ce8d050498c
2024-03-15 21:40:52,523 [ForkJoinPool.commonPool-worker-2] INFO  utils.BackgroundService (BackgroundService.java:shutdown(160)) - Shutting down service BlockDeletingService
2024-03-15 21:40:52,523 [ForkJoinPool.commonPool-worker-2] INFO  utils.BackgroundService (BackgroundService.java:shutdown(160)) - Shutting down service StaleRecoveringContainerScrubbingService
2024-03-15 21:40:52,524 [ForkJoinPool.commonPool-worker-2] INFO  statemachine.DatanodeStateMachine (DatanodeStateMachine.java:stopDaemon(638)) - Ozone container server stopped.
2024-03-15 21:40:52,525 [ForkJoinPool.commonPool-worker-2] INFO  handler.ContextHandler (ContextHandler.java:doStop(1159)) - Stopped o.e.j.w.WebAppContext@13c9372a{hddsDatanode,/,null,STOPPED}{jar:file:/home/runner/.m2/repository/org/apache/ozone/hdds-container-service/1.5.0-SNAPSHOT/hdds-container-service-1.5.0-SNAPSHOT.jar!/webapps/hddsDatanode}
2024-03-15 21:40:52,526 [ForkJoinPool.commonPool-worker-2] INFO  server.AbstractConnector (AbstractConnector.java:doStop(383)) - Stopped ServerConnector@71a59597{HTTP/1.1, (http/1.1)}{0.0.0.0:15437}
2024-03-15 21:40:52,526 [ForkJoinPool.commonPool-worker-2] INFO  server.session (HouseKeeper.java:stopScavenging(149)) - node0 Stopped scavenging
2024-03-15 21:40:52,526 [ForkJoinPool.commonPool-worker-2] INFO  handler.ContextHandler (ContextHandler.java:doStop(1159)) - Stopped o.e.j.s.ServletContextHandler@57c648a0{static,/static,jar:file:/home/runner/.m2/repository/org/apache/ozone/hdds-container-service/1.5.0-SNAPSHOT/hdds-container-service-1.5.0-SNAPSHOT.jar!/webapps/static,STOPPED}
2024-03-15 21:40:52,526 [ForkJoinPool.commonPool-worker-2] INFO  handler.ContextHandler (ContextHandler.java:doStop(1159)) - Stopped o.e.j.s.ServletContextHandler@d9deef9{logs,/logs,file:///home/runner/work/ozone/ozone/hadoop-ozone/integration-test/target/log,STOPPED}
2024-03-15 21:40:52,528 [ForkJoinPool.commonPool-worker-6] INFO  utils.DatanodeStoreCache (DatanodeStoreCache.java:shutdownCache(116)) - Skip clearing cache in mini cluster mode. Entries left: [/home/runner/work/ozone/ozone/hadoop-ozone/integration-test/target/test-dir/MiniOzoneClusterImpl-9d1dee8c-d44a-4a38-8f2b-42c9fdbb6771/ozone-meta/datanode-8/data-0/hdds/9d1dee8c-d44a-4a38-8f2b-42c9fdbb6771/DS-809c989b-7dda-45d7-bd07-2283f774cd8f/container.db]
2024-03-15 21:40:52,529 [ForkJoinPool.commonPool-worker-2] INFO  ozone.HddsDatanodeClientProtocolServer (HddsDatanodeClientProtocolServer.java:stop(83)) - Stopping the RPC server for Client Protocol
2024-03-15 21:40:52,530 [ForkJoinPool.commonPool-worker-2] INFO  ipc.Server (Server.java:stop(3523)) - Stopping server on 15438
2024-03-15 21:40:52,530 [ForkJoinPool.commonPool-worker-6] INFO  utils.DatanodeStoreCache (DatanodeStoreCache.java:removeDB(110)) - Removed db /home/runner/work/ozone/ozone/hadoop-ozone/integration-test/target/test-dir/MiniOzoneClusterImpl-9d1dee8c-d44a-4a38-8f2b-42c9fdbb6771/ozone-meta/datanode-8/data-0/hdds/9d1dee8c-d44a-4a38-8f2b-42c9fdbb6771/DS-809c989b-7dda-45d7-bd07-2283f774cd8f/container.db from cache
2024-03-15 21:40:52,530 [ForkJoinPool.commonPool-worker-6] INFO  volume.HddsVolume (HddsVolume.java:closeDbStore(451)) - SchemaV3 db is stopped at /home/runner/work/ozone/ozone/hadoop-ozone/integration-test/target/test-dir/MiniOzoneClusterImpl-9d1dee8c-d44a-4a38-8f2b-42c9fdbb6771/ozone-meta/datanode-8/data-0/hdds/9d1dee8c-d44a-4a38-8f2b-42c9fdbb6771/DS-809c989b-7dda-45d7-bd07-2283f774cd8f/container.db for volume DS-809c989b-7dda-45d7-bd07-2283f774cd8f
2024-03-15 21:40:52,530 [IPC Server listener on 15438] INFO  ipc.Server (Server.java:run(1434)) - Stopping IPC Server listener on 15438
2024-03-15 21:40:52,530 [IPC Server Responder] INFO  ipc.Server (Server.java:run(1567)) - Stopping IPC Server Responder
2024-03-15 21:40:52,532 [ForkJoinPool.commonPool-worker-6] INFO  utils.BackgroundService (BackgroundService.java:shutdown(160)) - Shutting down service BlockDeletingService
2024-03-15 21:40:52,532 [ForkJoinPool.commonPool-worker-6] INFO  utils.BackgroundService (BackgroundService.java:shutdown(160)) - Shutting down service StaleRecoveringContainerScrubbingService
2024-03-15 21:40:52,533 [ForkJoinPool.commonPool-worker-6] INFO  statemachine.DatanodeStateMachine (DatanodeStateMachine.java:stopDaemon(638)) - Ozone container server stopped.
2024-03-15 21:40:52,534 [ForkJoinPool.commonPool-worker-6] INFO  handler.ContextHandler (ContextHandler.java:doStop(1159)) - Stopped o.e.j.w.WebAppContext@24e3ffba{hddsDatanode,/,null,STOPPED}{jar:file:/home/runner/.m2/repository/org/apache/ozone/hdds-container-service/1.5.0-SNAPSHOT/hdds-container-service-1.5.0-SNAPSHOT.jar!/webapps/hddsDatanode}
2024-03-15 21:40:52,534 [ForkJoinPool.commonPool-worker-6] INFO  server.AbstractConnector (AbstractConnector.java:doStop(383)) - Stopped ServerConnector@7f54ea45{HTTP/1.1, (http/1.1)}{0.0.0.0:15428}
2024-03-15 21:40:52,534 [ForkJoinPool.commonPool-worker-6] INFO  server.session (HouseKeeper.java:stopScavenging(149)) - node0 Stopped scavenging
2024-03-15 21:40:52,534 [ForkJoinPool.commonPool-worker-6] INFO  handler.ContextHandler (ContextHandler.java:doStop(1159)) - Stopped o.e.j.s.ServletContextHandler@4d59a777{static,/static,jar:file:/home/runner/.m2/repository/org/apache/ozone/hdds-container-service/1.5.0-SNAPSHOT/hdds-container-service-1.5.0-SNAPSHOT.jar!/webapps/static,STOPPED}
2024-03-15 21:40:52,535 [ForkJoinPool.commonPool-worker-6] INFO  handler.ContextHandler (ContextHandler.java:doStop(1159)) - Stopped o.e.j.s.ServletContextHandler@3c8a8343{logs,/logs,file:///home/runner/work/ozone/ozone/hadoop-ozone/integration-test/target/log,STOPPED}
2024-03-15 21:40:52,535 [ForkJoinPool.commonPool-worker-6] INFO  ozone.HddsDatanodeClientProtocolServer (HddsDatanodeClientProtocolServer.java:stop(83)) - Stopping the RPC server for Client Protocol
2024-03-15 21:40:52,535 [ForkJoinPool.commonPool-worker-6] INFO  ipc.Server (Server.java:stop(3523)) - Stopping server on 15429
2024-03-15 21:40:52,536 [IPC Server Responder] INFO  ipc.Server (Server.java:run(1567)) - Stopping IPC Server Responder
2024-03-15 21:40:52,536 [IPC Server listener on 15429] INFO  ipc.Server (Server.java:run(1434)) - Stopping IPC Server listener on 15429
2024-03-15 21:40:52,537 [main] INFO  ozone.MiniOzoneClusterImpl (MiniOzoneClusterImpl.java:stopSCM(486)) - Stopping the StorageContainerManager
2024-03-15 21:40:52,537 [main] INFO  server.StorageContainerManager (StorageContainerManager.java:stop(1653)) - Container Balancer is not running.
2024-03-15 21:40:52,538 [main] INFO  server.StorageContainerManager (StorageContainerManager.java:stopReplicationManager(1786)) - Stopping Replication Manager Service.
2024-03-15 21:40:52,538 [main] INFO  replication.ReplicationManager (ReplicationManager.java:stop(328)) - Stopping Replication Monitor Thread.
2024-03-15 21:40:52,538 [UnderReplicatedProcessor] WARN  replication.UnhealthyReplicationProcessor (UnhealthyReplicationProcessor.java:run(180)) - UnderReplicatedProcessor interrupted. Exiting...
2024-03-15 21:40:52,538 [OverReplicatedProcessor] WARN  replication.UnhealthyReplicationProcessor (UnhealthyReplicationProcessor.java:run(180)) - OverReplicatedProcessor interrupted. Exiting...
2024-03-15 21:40:52,538 [main] INFO  server.StorageContainerManager (StorageContainerManager.java:stop(1662)) - Stopping the Datanode Admin Monitor.
2024-03-15 21:40:52,538 [ReplicationMonitor] INFO  replication.ReplicationManager (ReplicationManager.java:run(935)) - Replication Monitor Thread is stopped
2024-03-15 21:40:52,538 [main] INFO  server.StorageContainerManager (StorageContainerManager.java:stop(1669)) - Stopping datanode service RPC server
2024-03-15 21:40:52,539 [main] INFO  server.SCMDatanodeProtocolServer (SCMDatanodeProtocolServer.java:stop(425)) - Stopping the RPC server for DataNodes
2024-03-15 21:40:52,539 [main] INFO  ipc.Server (Server.java:stop(3523)) - Stopping server on 15358
2024-03-15 21:40:52,542 [IPC Server listener on 15358] INFO  ipc.Server (Server.java:run(1434)) - Stopping IPC Server listener on 15358
2024-03-15 21:40:52,545 [IPC Server Responder] INFO  ipc.Server (Server.java:run(1567)) - Stopping IPC Server Responder
2024-03-15 21:40:52,545 [SCMHeartbeatProcessor-0] WARN  node.NodeStateManager (NodeStateManager.java:scheduleNextHealthCheck(878)) - Current Thread is interrupted, shutting down HB processing thread for Node Manager.
2024-03-15 21:40:52,546 [main] INFO  server.StorageContainerManager (StorageContainerManager.java:stop(1677)) - Stopping block service RPC server
2024-03-15 21:40:52,546 [main] INFO  server.SCMBlockProtocolServer (SCMBlockProtocolServer.java:stop(171)) - Stopping the RPC server for Block Protocol
2024-03-15 21:40:52,546 [main] INFO  ipc.Server (Server.java:stop(3523)) - Stopping server on 15357
2024-03-15 21:40:52,548 [IPC Server listener on 15357] INFO  ipc.Server (Server.java:run(1434)) - Stopping IPC Server listener on 15357
2024-03-15 21:40:52,548 [main] INFO  server.StorageContainerManager (StorageContainerManager.java:stop(1684)) - Stopping the StorageContainerLocationProtocol RPC server
2024-03-15 21:40:52,548 [main] INFO  server.SCMClientProtocolServer (SCMClientProtocolServer.java:stop(213)) - Stopping the RPC server for Client Protocol
2024-03-15 21:40:52,549 [main] INFO  ipc.Server (Server.java:stop(3523)) - Stopping server on 15356
2024-03-15 21:40:52,548 [IPC Server Responder] INFO  ipc.Server (Server.java:run(1567)) - Stopping IPC Server Responder
2024-03-15 21:40:52,556 [IPC Server listener on 15356] INFO  ipc.Server (Server.java:run(1434)) - Stopping IPC Server listener on 15356
2024-03-15 21:40:52,556 [IPC Server Responder] INFO  ipc.Server (Server.java:run(1567)) - Stopping IPC Server Responder
2024-03-15 21:40:52,556 [main] INFO  server.StorageContainerManager (StorageContainerManager.java:stop(1691)) - Stopping Storage Container Manager HTTP server.
2024-03-15 21:40:52,560 [main] INFO  handler.ContextHandler (ContextHandler.java:doStop(1159)) - Stopped o.e.j.w.WebAppContext@4c296f0a{scm,/,null,STOPPED}{file:/home/runner/work/ozone/ozone/hadoop-ozone/integration-test/target/test-classes/webapps/scm}
2024-03-15 21:40:52,562 [main] INFO  server.AbstractConnector (AbstractConnector.java:doStop(383)) - Stopped ServerConnector@3e3c3c86{HTTP/1.1, (http/1.1)}{0.0.0.0:15359}
2024-03-15 21:40:52,562 [main] INFO  server.session (HouseKeeper.java:stopScavenging(149)) - node0 Stopped scavenging
2024-03-15 21:40:52,563 [main] INFO  handler.ContextHandler (ContextHandler.java:doStop(1159)) - Stopped o.e.j.s.ServletContextHandler@2e062494{static,/static,file:///home/runner/work/ozone/ozone/hadoop-ozone/integration-test/target/test-classes/webapps/static,STOPPED}
2024-03-15 21:40:52,563 [main] INFO  handler.ContextHandler (ContextHandler.java:doStop(1159)) - Stopped o.e.j.s.ServletContextHandler@7e7c3f0{logs,/logs,file:///home/runner/work/ozone/ozone/hadoop-ozone/integration-test/target/log,STOPPED}
2024-03-15 21:40:52,564 [main] INFO  server.StorageContainerManager (StorageContainerManager.java:stop(1699)) - Stopping SCM LayoutVersionManager Service.
2024-03-15 21:40:52,564 [main] INFO  server.StorageContainerManager (StorageContainerManager.java:stop(1711)) - Stopping Block Manager Service.
2024-03-15 21:40:52,564 [main] INFO  utils.BackgroundService (BackgroundService.java:shutdown(160)) - Shutting down service SCMBlockDeletingService
2024-03-15 21:40:52,564 [main] INFO  utils.BackgroundService (BackgroundService.java:shutdown(160)) - Shutting down service SCMBlockDeletingService
2024-03-15 21:40:52,564 [main] INFO  server.StorageContainerManager (StorageContainerManager.java:stop(1731)) - Stopping SCM Event Queue.
2024-03-15 21:40:52,565 [JvmPauseMonitor44] INFO  util.JvmPauseMonitor (JvmPauseMonitor.java:run(152)) - JvmPauseMonitor-103be668-ff08-4520-9d84-36185060dcbb: Stopped
2024-03-15 21:40:52,565 [main] INFO  server.StorageContainerManager (StorageContainerManager.java:stop(1742)) - Stopping SCM HA services.
2024-03-15 21:40:52,565 [main] INFO  pipeline.BackgroundPipelineCreator (BackgroundPipelineCreator.java:stop(152)) - Stopping RatisPipelineUtilsThread.
2024-03-15 21:40:52,566 [RatisPipelineUtilsThread-0] WARN  pipeline.BackgroundPipelineCreator (BackgroundPipelineCreator.java:run(183)) - RatisPipelineUtilsThread is interrupted.
2024-03-15 21:40:52,566 [main] INFO  BackgroundPipelineScrubber (BackgroundSCMService.java:stop(128)) - Stopping BackgroundPipelineScrubber Service.
2024-03-15 21:40:52,566 [BackgroundPipelineScrubber] WARN  BackgroundPipelineScrubber (BackgroundSCMService.java:run(112)) - BackgroundPipelineScrubber is interrupted, exit
2024-03-15 21:40:52,566 [main] INFO  impl.MetricsSystemImpl (MetricsSystemImpl.java:stop(210)) - Stopping HddsDatanode metrics system...
2024-03-15 21:40:52,569 [prometheus] INFO  impl.MetricsSinkAdapter (MetricsSinkAdapter.java:publishMetricsFromQueue(141)) - prometheus thread interrupted.
2024-03-15 21:40:52,569 [main] INFO  impl.MetricsSystemImpl (MetricsSystemImpl.java:stop(216)) - HddsDatanode metrics system stopped.
2024-03-15 21:40:52,570 [main] WARN  pipeline.BackgroundPipelineCreator (BackgroundPipelineCreator.java:stop(148)) - RatisPipelineUtilsThread is not running, just ignore.
2024-03-15 21:40:52,570 [main] INFO  BackgroundPipelineScrubber (BackgroundSCMService.java:stop(123)) - BackgroundPipelineScrubber Service is not running, skip stop.
2024-03-15 21:40:52,570 [main] INFO  ExpiredContainerReplicaOpScrubber (BackgroundSCMService.java:stop(128)) - Stopping ExpiredContainerReplicaOpScrubber Service.
2024-03-15 21:40:52,570 [main] INFO  utils.BackgroundService (BackgroundService.java:shutdown(160)) - Shutting down service SCMBlockDeletingService
2024-03-15 21:40:52,570 [ExpiredContainerReplicaOpScrubber] WARN  ExpiredContainerReplicaOpScrubber (BackgroundSCMService.java:run(112)) - ExpiredContainerReplicaOpScrubber is interrupted, exit
2024-03-15 21:40:52,570 [main] INFO  replication.ReplicationManager (ReplicationManager.java:stop(338)) - Replication Monitor Thread is not running.
2024-03-15 21:40:52,571 [main] WARN  balancer.ContainerBalancer (ContainerBalancer.java:stop(327)) - Cannot stop Container Balancer because it's not running or stopping
2024-03-15 21:40:52,571 [main] INFO  server.StorageContainerManager (StorageContainerManager.java:stop(1777)) - Stopping SCM MetadataStore.
]]></system-out>
    </flakyFailure>
  </testcase>
  <testcase name="testWatchForCommitForGroupMismatchException" classname="org.apache.hadoop.ozone.client.rpc.TestWatchForCommit" time="27.742"/>
  <testcase name="test2WayCommitForTimeoutException" classname="org.apache.hadoop.ozone.client.rpc.TestWatchForCommit" time="23.733"/>
</testsuite>