<?xml version="1.0" encoding="UTF-8"?>
<testsuite xmlns:xsi="http://www.w3.org/2001/XMLSchema-instance" xsi:noNamespaceSchemaLocation="https://maven.apache.org/surefire/maven-surefire-plugin/xsd/surefire-test-report.xsd" name="org.apache.hadoop.ozone.scm.node.TestDecommissionAndMaintenance" time="947.925" tests="11" errors="0" skipped="0" failures="1">
  <properties>
    <property name="awt.toolkit" value="sun.awt.X11.XToolkit"/>
    <property name="file.encoding.pkg" value="sun.io"/>
    <property name="java.specification.version" value="1.8"/>
    <property name="sun.cpu.isalist" value=""/>
    <property name="sun.jnu.encoding" value="ANSI_X3.4-1968"/>
    <property name="java.class.path" value="/github/workspace/mnt/ozone/hadoop-ozone/integration-test/target/test-classes:/github/workspace/mnt/ozone/hadoop-ozone/integration-test/target/classes:/home/user/.m2/repository/org/apache/hadoop/hadoop-ozone-common/1.1.0-SNAPSHOT/hadoop-ozone-common-1.1.0-SNAPSHOT.jar:/home/user/.m2/repository/org/apache/commons/commons-compress/1.4.1/commons-compress-1.4.1.jar:/home/user/.m2/repository/org/tukaani/xz/1.0/xz-1.0.jar:/home/user/.m2/repository/org/apache/hadoop/hadoop-hdds-common/1.1.0-SNAPSHOT/hadoop-hdds-common-1.1.0-SNAPSHOT.jar:/home/user/.m2/repository/org/apache/hadoop/hadoop-hdds-client/1.1.0-SNAPSHOT/hadoop-hdds-client-1.1.0-SNAPSHOT.jar:/home/user/.m2/repository/org/apache/hadoop/hadoop-ozone-interface-client/1.1.0-SNAPSHOT/hadoop-ozone-interface-client-1.1.0-SNAPSHOT.jar:/home/user/.m2/repository/org/apache/hadoop/hadoop-hdds-test-utils/1.1.0-SNAPSHOT/hadoop-hdds-test-utils-1.1.0-SNAPSHOT.jar:/home/user/.m2/repository/com/google/guava/guava/28.2-jre/guava-28.2-jre.jar:/home/user/.m2/repository/com/google/guava/failureaccess/1.0.1/failureaccess-1.0.1.jar:/home/user/.m2/repository/com/google/guava/listenablefuture/9999.0-empty-to-avoid-conflict-with-guava/listenablefuture-9999.0-empty-to-avoid-conflict-with-guava.jar:/home/user/.m2/repository/com/google/code/findbugs/jsr305/3.0.0/jsr305-3.0.0.jar:/home/user/.m2/repository/org/checkerframework/checker-qual/2.10.0/checker-qual-2.10.0.jar:/home/user/.m2/repository/com/google/errorprone/error_prone_annotations/2.2.0/error_prone_annotations-2.2.0.jar:/home/user/.m2/repository/com/google/j2objc/j2objc-annotations/1.3/j2objc-annotations-1.3.jar:/home/user/.m2/repository/commons-io/commons-io/2.5/commons-io-2.5.jar:/home/user/.m2/repository/commons-logging/commons-logging/1.2/commons-logging-1.2.jar:/home/user/.m2/repository/log4j/log4j/1.2.17/log4j-1.2.17.jar:/home/user/.m2/repository/org/slf4j/slf4j-api/1.7.30/slf4j-api-1.7.30.jar:/home/user/.m2/repository/org/apache/hadoop/hadoop-hdds-server-scm/1.1.0-SNAPSHOT/hadoop-hdds-server-scm-1.1.0-SNAPSHOT.jar:/home/user/.m2/repository/org/apache/hadoop/hadoop-hdds-container-service/1.1.0-SNAPSHOT/hadoop-hdds-container-service-1.1.0-SNAPSHOT.jar:/home/user/.m2/repository/org/apache/hadoop/hadoop-hdds-hadoop-dependency-server/1.1.0-SNAPSHOT/hadoop-hdds-hadoop-dependency-server-1.1.0-SNAPSHOT.jar:/home/user/.m2/repository/org/apache/hadoop/hadoop-hdfs/3.2.1/hadoop-hdfs-3.2.1.jar:/home/user/.m2/repository/org/apache/hadoop/hadoop-hdds-server-framework/1.1.0-SNAPSHOT/hadoop-hdds-server-framework-1.1.0-SNAPSHOT.jar:/home/user/.m2/repository/org/apache/hadoop/hadoop-hdds-interface-server/1.1.0-SNAPSHOT/hadoop-hdds-interface-server-1.1.0-SNAPSHOT.jar:/home/user/.m2/repository/org/apache/hadoop/hadoop-hdds-interface-admin/1.1.0-SNAPSHOT/hadoop-hdds-interface-admin-1.1.0-SNAPSHOT.jar:/home/user/.m2/repository/org/eclipse/jetty/jetty-servlet/9.4.34.v20201102/jetty-servlet-9.4.34.v20201102.jar:/home/user/.m2/repository/org/eclipse/jetty/jetty-security/9.4.34.v20201102/jetty-security-9.4.34.v20201102.jar:/home/user/.m2/repository/org/rocksdb/rocksdbjni/6.8.1/rocksdbjni-6.8.1.jar:/home/user/.m2/repository/io/prometheus/simpleclient_dropwizard/0.7.0/simpleclient_dropwizard-0.7.0.jar:/home/user/.m2/repository/io/prometheus/simpleclient/0.7.0/simpleclient-0.7.0.jar:/home/user/.m2/repository/io/prometheus/simpleclient_common/0.7.0/simpleclient_common-0.7.0.jar:/home/user/.m2/repository/com/fasterxml/jackson/datatype/jackson-datatype-jsr310/2.10.3/jackson-datatype-jsr310-2.10.3.jar:/home/user/.m2/repository/io/dropwizard/metrics/metrics-core/3.2.4/metrics-core-3.2.4.jar:/home/user/.m2/repository/org/apache/hadoop/hadoop-hdfs-client/3.2.1/hadoop-hdfs-client-3.2.1.jar:/home/user/.m2/repository/org/bouncycastle/bcprov-jdk15on/1.67/bcprov-jdk15on-1.67.jar:/home/user/.m2/repository/org/apache/hadoop/hadoop-ozone-ozone-manager/1.1.0-SNAPSHOT/hadoop-ozone-ozone-manager-1.1.0-SNAPSHOT.jar:/home/user/.m2/repository/org/apache/hadoop/hadoop-hdds-interface-client/1.1.0-SNAPSHOT/hadoop-hdds-interface-client-1.1.0-SNAPSHOT.jar:/home/user/.m2/repository/org/apache/ratis/ratis-thirdparty-misc/0.6.0-SNAPSHOT/ratis-thirdparty-misc-0.6.0-SNAPSHOT.jar:/home/user/.m2/repository/org/apache/hadoop/hadoop-ozone-interface-storage/1.1.0-SNAPSHOT/hadoop-ozone-interface-storage-1.1.0-SNAPSHOT.jar:/home/user/.m2/repository/org/apache/hadoop/hadoop-minikdc/3.2.1/hadoop-minikdc-3.2.1.jar:/home/user/.m2/repository/org/apache/kerby/kerb-simplekdc/1.0.1/kerb-simplekdc-1.0.1.jar:/home/user/.m2/repository/org/apache/kerby/kerb-client/1.0.1/kerb-client-1.0.1.jar:/home/user/.m2/repository/org/apache/kerby/kerby-config/1.0.1/kerby-config-1.0.1.jar:/home/user/.m2/repository/org/apache/kerby/kerb-core/1.0.1/kerb-core-1.0.1.jar:/home/user/.m2/repository/org/apache/kerby/kerby-pkix/1.0.1/kerby-pkix-1.0.1.jar:/home/user/.m2/repository/org/apache/kerby/kerby-asn1/1.0.1/kerby-asn1-1.0.1.jar:/home/user/.m2/repository/org/apache/kerby/kerby-util/1.0.1/kerby-util-1.0.1.jar:/home/user/.m2/repository/org/apache/kerby/kerb-common/1.0.1/kerb-common-1.0.1.jar:/home/user/.m2/repository/org/apache/kerby/kerb-crypto/1.0.1/kerb-crypto-1.0.1.jar:/home/user/.m2/repository/org/apache/kerby/kerb-util/1.0.1/kerb-util-1.0.1.jar:/home/user/.m2/repository/org/apache/kerby/token-provider/1.0.1/token-provider-1.0.1.jar:/home/user/.m2/repository/org/apache/kerby/kerb-admin/1.0.1/kerb-admin-1.0.1.jar:/home/user/.m2/repository/org/apache/kerby/kerb-server/1.0.1/kerb-server-1.0.1.jar:/home/user/.m2/repository/org/apache/kerby/kerb-identity/1.0.1/kerb-identity-1.0.1.jar:/home/user/.m2/repository/org/apache/kerby/kerby-xdr/1.0.1/kerby-xdr-1.0.1.jar:/home/user/.m2/repository/org/slf4j/slf4j-log4j12/1.7.30/slf4j-log4j12-1.7.30.jar:/home/user/.m2/repository/org/apache/hadoop/hadoop-ozone-s3gateway/1.1.0-SNAPSHOT/hadoop-ozone-s3gateway-1.1.0-SNAPSHOT.jar:/home/user/.m2/repository/org/jboss/weld/servlet/weld-servlet/2.4.7.Final/weld-servlet-2.4.7.Final.jar:/home/user/.m2/repository/org/glassfish/jersey/containers/jersey-container-servlet-core/2.27/jersey-container-servlet-core-2.27.jar:/home/user/.m2/repository/org/glassfish/hk2/external/javax.inject/2.5.0-b42/javax.inject-2.5.0-b42.jar:/home/user/.m2/repository/org/glassfish/jersey/core/jersey-common/2.27/jersey-common-2.27.jar:/home/user/.m2/repository/org/glassfish/hk2/osgi-resource-locator/1.0.1/osgi-resource-locator-1.0.1.jar:/home/user/.m2/repository/javax/ws/rs/javax.ws.rs-api/2.1/javax.ws.rs-api-2.1.jar:/home/user/.m2/repository/org/glassfish/jersey/ext/cdi/jersey-cdi1x/2.27/jersey-cdi1x-2.27.jar:/home/user/.m2/repository/org/glassfish/jersey/inject/jersey-hk2/2.27/jersey-hk2-2.27.jar:/home/user/.m2/repository/org/glassfish/hk2/hk2-locator/2.5.0-b42/hk2-locator-2.5.0-b42.jar:/home/user/.m2/repository/org/javassist/javassist/3.22.0-CR2/javassist-3.22.0-CR2.jar:/home/user/.m2/repository/org/glassfish/hk2/hk2-api/2.5.0/hk2-api-2.5.0.jar:/home/user/.m2/repository/org/glassfish/hk2/external/jakarta.inject/2.5.0/jakarta.inject-2.5.0.jar:/home/user/.m2/repository/org/glassfish/hk2/hk2-utils/2.5.0/hk2-utils-2.5.0.jar:/home/user/.m2/repository/jakarta/annotation/jakarta.annotation-api/1.3.4/jakarta.annotation-api-1.3.4.jar:/home/user/.m2/repository/org/glassfish/hk2/external/aopalliance-repackaged/2.5.0/aopalliance-repackaged-2.5.0.jar:/home/user/.m2/repository/com/fasterxml/jackson/dataformat/jackson-dataformat-xml/2.10.3/jackson-dataformat-xml-2.10.3.jar:/home/user/.m2/repository/com/fasterxml/jackson/core/jackson-core/2.10.3/jackson-core-2.10.3.jar:/home/user/.m2/repository/com/fasterxml/jackson/module/jackson-module-jaxb-annotations/2.10.3/jackson-module-jaxb-annotations-2.10.3.jar:/home/user/.m2/repository/jakarta/xml/bind/jakarta.xml.bind-api/2.3.2/jakarta.xml.bind-api-2.3.2.jar:/home/user/.m2/repository/jakarta/activation/jakarta.activation-api/1.2.1/jakarta.activation-api-1.2.1.jar:/home/user/.m2/repository/org/codehaus/woodstox/stax2-api/3.1.4/stax2-api-3.1.4.jar:/home/user/.m2/repository/com/fasterxml/woodstox/woodstox-core/5.0.3/woodstox-core-5.0.3.jar:/home/user/.m2/repository/javax/enterprise/cdi-api/1.2/cdi-api-1.2.jar:/home/user/.m2/repository/javax/el/javax.el-api/3.0.0/javax.el-api-3.0.0.jar:/home/user/.m2/repository/javax/interceptor/javax.interceptor-api/1.2/javax.interceptor-api-1.2.jar:/home/user/.m2/repository/javax/inject/javax.inject/1/javax.inject-1.jar:/home/user/.m2/repository/com/sun/xml/bind/jaxb-impl/2.3.0.1/jaxb-impl-2.3.0.1.jar:/home/user/.m2/repository/com/sun/xml/bind/jaxb-core/2.3.0.1/jaxb-core-2.3.0.1.jar:/home/user/.m2/repository/javax/xml/bind/jaxb-api/2.3.0/jaxb-api-2.3.0.jar:/home/user/.m2/repository/javax/activation/activation/1.1.1/activation-1.1.1.jar:/home/user/.m2/repository/org/apache/hadoop/hadoop-ozone-csi/1.1.0-SNAPSHOT/hadoop-ozone-csi-1.1.0-SNAPSHOT.jar:/home/user/.m2/repository/com/google/protobuf/protobuf-java-util/3.11.0/protobuf-java-util-3.11.0.jar:/home/user/.m2/repository/com/google/code/gson/gson/2.2.4/gson-2.2.4.jar:/home/user/.m2/repository/org/apache/hadoop/hadoop-hdds-config/1.1.0-SNAPSHOT/hadoop-hdds-config-1.1.0-SNAPSHOT.jar:/home/user/.m2/repository/com/google/protobuf/protobuf-java/2.5.0/protobuf-java-2.5.0.jar:/home/user/.m2/repository/io/grpc/grpc-netty/1.29.0/grpc-netty-1.29.0.jar:/home/user/.m2/repository/io/grpc/grpc-core/1.29.0/grpc-core-1.29.0.jar:/home/user/.m2/repository/com/google/android/annotations/4.1.1.4/annotations-4.1.1.4.jar:/home/user/.m2/repository/io/perfmark/perfmark-api/0.19.0/perfmark-api-0.19.0.jar:/home/user/.m2/repository/io/netty/netty-codec-http2/4.1.48.Final/netty-codec-http2-4.1.48.Final.jar:/home/user/.m2/repository/io/netty/netty-codec/4.1.48.Final/netty-codec-4.1.48.Final.jar:/home/user/.m2/repository/io/netty/netty-handler/4.1.48.Final/netty-handler-4.1.48.Final.jar:/home/user/.m2/repository/io/netty/netty-codec-http/4.1.48.Final/netty-codec-http-4.1.48.Final.jar:/home/user/.m2/repository/io/netty/netty-handler-proxy/4.1.48.Final/netty-handler-proxy-4.1.48.Final.jar:/home/user/.m2/repository/io/netty/netty-codec-socks/4.1.48.Final/netty-codec-socks-4.1.48.Final.jar:/home/user/.m2/repository/io/netty/netty-transport-native-epoll/4.1.48.Final/netty-transport-native-epoll-4.1.48.Final.jar:/home/user/.m2/repository/io/netty/netty-common/4.1.48.Final/netty-common-4.1.48.Final.jar:/home/user/.m2/repository/io/netty/netty-buffer/4.1.48.Final/netty-buffer-4.1.48.Final.jar:/home/user/.m2/repository/io/netty/netty-transport/4.1.48.Final/netty-transport-4.1.48.Final.jar:/home/user/.m2/repository/io/netty/netty-resolver/4.1.48.Final/netty-resolver-4.1.48.Final.jar:/home/user/.m2/repository/io/netty/netty-transport-native-unix-common/4.1.48.Final/netty-transport-native-unix-common-4.1.48.Final.jar:/home/user/.m2/repository/io/grpc/grpc-protobuf/1.29.0/grpc-protobuf-1.29.0.jar:/home/user/.m2/repository/io/grpc/grpc-api/1.29.0/grpc-api-1.29.0.jar:/home/user/.m2/repository/io/grpc/grpc-context/1.29.0/grpc-context-1.29.0.jar:/home/user/.m2/repository/org/codehaus/mojo/animal-sniffer-annotations/1.18/animal-sniffer-annotations-1.18.jar:/home/user/.m2/repository/com/google/api/grpc/proto-google-common-protos/1.17.0/proto-google-common-protos-1.17.0.jar:/home/user/.m2/repository/io/grpc/grpc-protobuf-lite/1.29.0/grpc-protobuf-lite-1.29.0.jar:/home/user/.m2/repository/io/grpc/grpc-stub/1.29.0/grpc-stub-1.29.0.jar:/home/user/.m2/repository/org/apache/hadoop/hadoop-ozone-recon/1.1.0-SNAPSHOT/hadoop-ozone-recon-1.1.0-SNAPSHOT.jar:/home/user/.m2/repository/org/apache/hadoop/hadoop-ozone-reconcodegen/1.1.0-SNAPSHOT/hadoop-ozone-reconcodegen-1.1.0-SNAPSHOT.jar:/home/user/.m2/repository/com/google/inject/extensions/guice-multibindings/4.0/guice-multibindings-4.0.jar:/home/user/.m2/repository/com/google/inject/guice/4.0/guice-4.0.jar:/home/user/.m2/repository/aopalliance/aopalliance/1.0/aopalliance-1.0.jar:/home/user/.m2/repository/com/google/inject/extensions/guice-assistedinject/4.0/guice-assistedinject-4.0.jar:/home/user/.m2/repository/com/google/inject/extensions/guice-servlet/4.0/guice-servlet-4.0.jar:/home/user/.m2/repository/org/glassfish/jersey/containers/jersey-container-servlet/2.27/jersey-container-servlet-2.27.jar:/home/user/.m2/repository/org/glassfish/hk2/guice-bridge/2.5.0/guice-bridge-2.5.0.jar:/home/user/.m2/repository/org/glassfish/jersey/core/jersey-server/2.27/jersey-server-2.27.jar:/home/user/.m2/repository/org/glassfish/jersey/core/jersey-client/2.27/jersey-client-2.27.jar:/home/user/.m2/repository/org/glassfish/jersey/media/jersey-media-jaxb/2.27/jersey-media-jaxb-2.27.jar:/home/user/.m2/repository/javax/validation/validation-api/1.1.0.Final/validation-api-1.1.0.Final.jar:/home/user/.m2/repository/org/glassfish/jersey/media/jersey-media-json-jackson/2.27/jersey-media-json-jackson-2.27.jar:/home/user/.m2/repository/org/glassfish/jersey/ext/jersey-entity-filtering/2.27/jersey-entity-filtering-2.27.jar:/home/user/.m2/repository/org/jooq/jooq/3.11.10/jooq-3.11.10.jar:/home/user/.m2/repository/org/jooq/jooq-meta/3.11.10/jooq-meta-3.11.10.jar:/home/user/.m2/repository/org/jooq/jooq-codegen/3.11.10/jooq-codegen-3.11.10.jar:/home/user/.m2/repository/com/jolbox/bonecp/0.8.0.RELEASE/bonecp-0.8.0.RELEASE.jar:/home/user/.m2/repository/org/apache/derby/derby/10.14.2.0/derby-10.14.2.0.jar:/home/user/.m2/repository/org/xerial/sqlite-jdbc/3.25.2/sqlite-jdbc-3.25.2.jar:/home/user/.m2/repository/org/springframework/spring-jdbc/5.2.11.RELEASE/spring-jdbc-5.2.11.RELEASE.jar:/home/user/.m2/repository/org/springframework/spring-beans/5.2.11.RELEASE/spring-beans-5.2.11.RELEASE.jar:/home/user/.m2/repository/org/springframework/spring-core/5.2.11.RELEASE/spring-core-5.2.11.RELEASE.jar:/home/user/.m2/repository/org/springframework/spring-jcl/5.2.11.RELEASE/spring-jcl-5.2.11.RELEASE.jar:/home/user/.m2/repository/org/springframework/spring-tx/5.2.11.RELEASE/spring-tx-5.2.11.RELEASE.jar:/home/user/.m2/repository/org/apache/hadoop/hadoop-ozone-client/1.1.0-SNAPSHOT/hadoop-ozone-client-1.1.0-SNAPSHOT.jar:/home/user/.m2/repository/org/apache/hadoop/hadoop-ozone-filesystem/1.1.0-SNAPSHOT/hadoop-ozone-filesystem-1.1.0-SNAPSHOT.jar:/home/user/.m2/repository/org/apache/hadoop/hadoop-ozone-filesystem-common/1.1.0-SNAPSHOT/hadoop-ozone-filesystem-common-1.1.0-SNAPSHOT.jar:/home/user/.m2/repository/org/apache/hadoop/hadoop-ozone-tools/1.1.0-SNAPSHOT/hadoop-ozone-tools-1.1.0-SNAPSHOT.jar:/home/user/.m2/repository/org/apache/ratis/ratis-tools/1.1.0-35f17fa-SNAPSHOT/ratis-tools-1.1.0-35f17fa-SNAPSHOT.jar:/home/user/.m2/repository/org/apache/ratis/ratis-proto/1.1.0-35f17fa-SNAPSHOT/ratis-proto-1.1.0-35f17fa-SNAPSHOT.jar:/home/user/.m2/repository/org/apache/ratis/ratis-common/1.1.0-35f17fa-SNAPSHOT/ratis-common-1.1.0-35f17fa-SNAPSHOT.jar:/home/user/.m2/repository/com/amazonaws/aws-java-sdk-core/1.11.901/aws-java-sdk-core-1.11.901.jar:/home/user/.m2/repository/org/apache/httpcomponents/httpclient/4.5.13/httpclient-4.5.13.jar:/home/user/.m2/repository/org/apache/httpcomponents/httpcore/4.4.13/httpcore-4.4.13.jar:/home/user/.m2/repository/software/amazon/ion/ion-java/1.0.2/ion-java-1.0.2.jar:/home/user/.m2/repository/com/fasterxml/jackson/dataformat/jackson-dataformat-cbor/2.10.3/jackson-dataformat-cbor-2.10.3.jar:/home/user/.m2/repository/joda-time/joda-time/2.8.1/joda-time-2.8.1.jar:/home/user/.m2/repository/com/amazonaws/aws-java-sdk-s3/1.11.901/aws-java-sdk-s3-1.11.901.jar:/home/user/.m2/repository/com/amazonaws/aws-java-sdk-kms/1.11.901/aws-java-sdk-kms-1.11.901.jar:/home/user/.m2/repository/com/amazonaws/jmespath-java/1.11.901/jmespath-java-1.11.901.jar:/home/user/.m2/repository/org/kohsuke/metainf-services/metainf-services/1.8/metainf-services-1.8.jar:/home/user/.m2/repository/org/apache/hadoop/hadoop-hdds-tools/1.1.0-SNAPSHOT/hadoop-hdds-tools-1.1.0-SNAPSHOT.jar:/home/user/.m2/repository/commons-cli/commons-cli/1.2/commons-cli-1.2.jar:/home/user/.m2/repository/org/apache/commons/commons-lang3/3.7/commons-lang3-3.7.jar:/home/user/.m2/repository/org/apache/hadoop/hadoop-ozone-ozone-manager/1.1.0-SNAPSHOT/hadoop-ozone-ozone-manager-1.1.0-SNAPSHOT-tests.jar:/home/user/.m2/repository/org/apache/hadoop/hadoop-hdds-common/1.1.0-SNAPSHOT/hadoop-hdds-common-1.1.0-SNAPSHOT-tests.jar:/home/user/.m2/repository/org/apache/hadoop/hadoop-hdds-hadoop-dependency-client/1.1.0-SNAPSHOT/hadoop-hdds-hadoop-dependency-client-1.1.0-SNAPSHOT.jar:/home/user/.m2/repository/info/picocli/picocli/4.4.0/picocli-4.4.0.jar:/home/user/.m2/repository/com/fasterxml/jackson/core/jackson-annotations/2.10.3/jackson-annotations-2.10.3.jar:/home/user/.m2/repository/javax/annotation/javax.annotation-api/1.2/javax.annotation-api-1.2.jar:/home/user/.m2/repository/org/fusesource/leveldbjni/leveldbjni-all/1.8/leveldbjni-all-1.8.jar:/home/user/.m2/repository/org/apache/ratis/ratis-server/1.1.0-35f17fa-SNAPSHOT/ratis-server-1.1.0-35f17fa-SNAPSHOT.jar:/home/user/.m2/repository/org/apache/ratis/ratis-client/1.1.0-35f17fa-SNAPSHOT/ratis-client-1.1.0-35f17fa-SNAPSHOT.jar:/home/user/.m2/repository/org/apache/ratis/ratis-server-api/1.1.0-35f17fa-SNAPSHOT/ratis-server-api-1.1.0-35f17fa-SNAPSHOT.jar:/home/user/.m2/repository/org/apache/ratis/ratis-metrics/1.1.0-35f17fa-SNAPSHOT/ratis-metrics-1.1.0-35f17fa-SNAPSHOT.jar:/home/user/.m2/repository/org/apache/ratis/ratis-netty/1.1.0-35f17fa-SNAPSHOT/ratis-netty-1.1.0-35f17fa-SNAPSHOT.jar:/home/user/.m2/repository/org/apache/ratis/ratis-grpc/1.1.0-35f17fa-SNAPSHOT/ratis-grpc-1.1.0-35f17fa-SNAPSHOT.jar:/home/user/.m2/repository/org/apache/logging/log4j/log4j-api/2.13.3/log4j-api-2.13.3.jar:/home/user/.m2/repository/org/apache/logging/log4j/log4j-core/2.13.3/log4j-core-2.13.3.jar:/home/user/.m2/repository/com/lmax/disruptor/3.4.2/disruptor-3.4.2.jar:/home/user/.m2/repository/org/apache/commons/commons-pool2/2.6.0/commons-pool2-2.6.0.jar:/home/user/.m2/repository/org/bouncycastle/bcpkix-jdk15on/1.67/bcpkix-jdk15on-1.67.jar:/home/user/.m2/repository/commons-validator/commons-validator/1.6/commons-validator-1.6.jar:/home/user/.m2/repository/commons-beanutils/commons-beanutils/1.9.4/commons-beanutils-1.9.4.jar:/home/user/.m2/repository/commons-digester/commons-digester/1.8.1/commons-digester-1.8.1.jar:/home/user/.m2/repository/commons-collections/commons-collections/3.2.2/commons-collections-3.2.2.jar:/home/user/.m2/repository/io/jaegertracing/jaeger-client/1.2.0/jaeger-client-1.2.0.jar:/home/user/.m2/repository/io/jaegertracing/jaeger-thrift/1.2.0/jaeger-thrift-1.2.0.jar:/home/user/.m2/repository/org/apache/thrift/libthrift/0.13.0/libthrift-0.13.0.jar:/home/user/.m2/repository/com/squareup/okhttp3/okhttp/4.2.2/okhttp-4.2.2.jar:/home/user/.m2/repository/com/squareup/okio/okio/2.2.2/okio-2.2.2.jar:/home/user/.m2/repository/org/jetbrains/kotlin/kotlin-stdlib/1.3.50/kotlin-stdlib-1.3.50.jar:/home/user/.m2/repository/org/jetbrains/kotlin/kotlin-stdlib-common/1.3.50/kotlin-stdlib-common-1.3.50.jar:/home/user/.m2/repository/org/jetbrains/annotations/13.0/annotations-13.0.jar:/home/user/.m2/repository/io/jaegertracing/jaeger-core/1.2.0/jaeger-core-1.2.0.jar:/home/user/.m2/repository/io/jaegertracing/jaeger-tracerresolver/1.2.0/jaeger-tracerresolver-1.2.0.jar:/home/user/.m2/repository/io/opentracing/contrib/opentracing-tracerresolver/0.1.8/opentracing-tracerresolver-0.1.8.jar:/home/user/.m2/repository/io/opentracing/opentracing-util/0.33.0/opentracing-util-0.33.0.jar:/home/user/.m2/repository/io/opentracing/opentracing-api/0.33.0/opentracing-api-0.33.0.jar:/home/user/.m2/repository/io/opentracing/opentracing-noop/0.33.0/opentracing-noop-0.33.0.jar:/home/user/.m2/repository/org/yaml/snakeyaml/1.26/snakeyaml-1.26.jar:/home/user/.m2/repository/junit/junit/4.11/junit-4.11.jar:/home/user/.m2/repository/org/hamcrest/hamcrest-core/1.3/hamcrest-core-1.3.jar:/home/user/.m2/repository/org/openjdk/jmh/jmh-core/1.19/jmh-core-1.19.jar:/home/user/.m2/repository/net/sf/jopt-simple/jopt-simple/4.6/jopt-simple-4.6.jar:/home/user/.m2/repository/org/apache/commons/commons-math3/3.1.1/commons-math3-3.1.1.jar:/home/user/.m2/repository/org/openjdk/jmh/jmh-generator-annprocess/1.19/jmh-generator-annprocess-1.19.jar:/home/user/.m2/repository/org/mockito/mockito-all/1.8.5/mockito-all-1.8.5.jar:/home/user/.m2/repository/org/apache/hadoop/hadoop-kms/3.2.1/hadoop-kms-3.2.1.jar:/home/user/.m2/repository/org/apache/hadoop/hadoop-auth/3.2.1/hadoop-auth-3.2.1.jar:/home/user/.m2/repository/com/nimbusds/nimbus-jose-jwt/7.9/nimbus-jose-jwt-7.9.jar:/home/user/.m2/repository/com/github/stephenc/jcip/jcip-annotations/1.0-1/jcip-annotations-1.0-1.jar:/home/user/.m2/repository/net/minidev/json-smart/2.3/json-smart-2.3.jar:/home/user/.m2/repository/net/minidev/accessors-smart/1.2/accessors-smart-1.2.jar:/home/user/.m2/repository/org/ow2/asm/asm/5.0.4/asm-5.0.4.jar:/home/user/.m2/repository/org/apache/zookeeper/zookeeper/3.4.13/zookeeper-3.4.13.jar:/home/user/.m2/repository/org/apache/yetus/audience-annotations/0.5.0/audience-annotations-0.5.0.jar:/home/user/.m2/repository/org/apache/curator/curator-framework/2.13.0/curator-framework-2.13.0.jar:/home/user/.m2/repository/com/sun/jersey/jersey-core/1.19/jersey-core-1.19.jar:/home/user/.m2/repository/javax/ws/rs/jsr311-api/1.1.1/jsr311-api-1.1.1.jar:/home/user/.m2/repository/com/sun/jersey/jersey-server/1.19/jersey-server-1.19.jar:/home/user/.m2/repository/javax/servlet/javax.servlet-api/3.1.0/javax.servlet-api-3.1.0.jar:/home/user/.m2/repository/org/eclipse/jetty/jetty-server/9.4.34.v20201102/jetty-server-9.4.34.v20201102.jar:/home/user/.m2/repository/org/eclipse/jetty/jetty-http/9.4.34.v20201102/jetty-http-9.4.34.v20201102.jar:/home/user/.m2/repository/org/eclipse/jetty/jetty-io/9.4.34.v20201102/jetty-io-9.4.34.v20201102.jar:/home/user/.m2/repository/org/eclipse/jetty/jetty-webapp/9.4.34.v20201102/jetty-webapp-9.4.34.v20201102.jar:/home/user/.m2/repository/org/eclipse/jetty/jetty-xml/9.4.34.v20201102/jetty-xml-9.4.34.v20201102.jar:/home/user/.m2/repository/org/apache/hadoop/hadoop-common/3.2.1/hadoop-common-3.2.1.jar:/home/user/.m2/repository/commons-net/commons-net/3.6/commons-net-3.6.jar:/home/user/.m2/repository/com/sun/jersey/jersey-servlet/1.19/jersey-servlet-1.19.jar:/home/user/.m2/repository/com/sun/jersey/jersey-json/1.19/jersey-json-1.19.jar:/home/user/.m2/repository/org/codehaus/jettison/jettison/1.1/jettison-1.1.jar:/home/user/.m2/repository/org/codehaus/jackson/jackson-jaxrs/1.9.2/jackson-jaxrs-1.9.2.jar:/home/user/.m2/repository/org/codehaus/jackson/jackson-xc/1.9.2/jackson-xc-1.9.2.jar:/home/user/.m2/repository/org/apache/commons/commons-configuration2/2.1.1/commons-configuration2-2.1.1.jar:/home/user/.m2/repository/org/apache/commons/commons-text/1.4/commons-text-1.4.jar:/home/user/.m2/repository/com/google/re2j/re2j/1.1/re2j-1.1.jar:/home/user/.m2/repository/com/jcraft/jsch/0.1.54/jsch-0.1.54.jar:/home/user/.m2/repository/org/apache/curator/curator-client/2.13.0/curator-client-2.13.0.jar:/home/user/.m2/repository/org/apache/curator/curator-recipes/2.13.0/curator-recipes-2.13.0.jar:/home/user/.m2/repository/dnsjava/dnsjava/2.1.7/dnsjava-2.1.7.jar:/home/user/.m2/repository/org/slf4j/jul-to-slf4j/1.7.30/jul-to-slf4j-1.7.30.jar:/home/user/.m2/repository/org/eclipse/jetty/jetty-util/9.4.34.v20201102/jetty-util-9.4.34.v20201102.jar:/home/user/.m2/repository/com/fasterxml/jackson/core/jackson-databind/2.10.3/jackson-databind-2.10.3.jar:/home/user/.m2/repository/org/apache/hadoop/hadoop-kms/3.2.1/hadoop-kms-3.2.1-tests.jar:/home/user/.m2/repository/org/apache/hadoop/hadoop-hdds-server-scm/1.1.0-SNAPSHOT/hadoop-hdds-server-scm-1.1.0-SNAPSHOT-tests.jar:/home/user/.m2/repository/org/apache/hadoop/hadoop-hdds-container-service/1.1.0-SNAPSHOT/hadoop-hdds-container-service-1.1.0-SNAPSHOT-tests.jar:/home/user/.m2/repository/commons-codec/commons-codec/1.11/commons-codec-1.11.jar:/home/user/.m2/repository/org/apache/hadoop/hadoop-hdds-hadoop-dependency-test/1.1.0-SNAPSHOT/hadoop-hdds-hadoop-dependency-test-1.1.0-SNAPSHOT.jar:/home/user/.m2/repository/org/apache/hadoop/hadoop-common/3.2.1/hadoop-common-3.2.1-tests.jar:/home/user/.m2/repository/org/apache/hadoop/hadoop-hdfs/3.2.1/hadoop-hdfs-3.2.1-tests.jar:/home/user/.m2/repository/org/eclipse/jetty/jetty-util-ajax/9.4.34.v20201102/jetty-util-ajax-9.4.34.v20201102.jar:/home/user/.m2/repository/commons-daemon/commons-daemon/1.0.13/commons-daemon-1.0.13.jar:/home/user/.m2/repository/io/netty/netty/3.10.5.Final/netty-3.10.5.Final.jar:/home/user/.m2/repository/io/netty/netty-all/4.1.48.Final/netty-all-4.1.48.Final.jar:/home/user/.m2/repository/org/apache/htrace/htrace-core4/4.1.0-incubating/htrace-core4-4.1.0-incubating.jar:/home/user/.m2/repository/org/apache/hadoop/hadoop-distcp/3.2.1/hadoop-distcp-3.2.1.jar:/home/user/.m2/repository/org/apache/hadoop/hadoop-mapreduce-client-jobclient/3.2.1/hadoop-mapreduce-client-jobclient-3.2.1.jar:/home/user/.m2/repository/org/apache/hadoop/hadoop-mapreduce-client-common/3.2.1/hadoop-mapreduce-client-common-3.2.1.jar:/home/user/.m2/repository/org/apache/hadoop/hadoop-yarn-common/3.2.1/hadoop-yarn-common-3.2.1.jar:/home/user/.m2/repository/org/apache/hadoop/hadoop-yarn-api/3.2.1/hadoop-yarn-api-3.2.1.jar:/home/user/.m2/repository/com/sun/jersey/jersey-client/1.19/jersey-client-1.19.jar:/home/user/.m2/repository/com/sun/jersey/contribs/jersey-guice/1.19/jersey-guice-1.19.jar:/home/user/.m2/repository/com/fasterxml/jackson/jaxrs/jackson-jaxrs-json-provider/2.10.3/jackson-jaxrs-json-provider-2.10.3.jar:/home/user/.m2/repository/com/fasterxml/jackson/jaxrs/jackson-jaxrs-base/2.10.3/jackson-jaxrs-base-2.10.3.jar:/home/user/.m2/repository/org/apache/hadoop/hadoop-yarn-client/3.2.1/hadoop-yarn-client-3.2.1.jar:/home/user/.m2/repository/org/apache/hadoop/hadoop-mapreduce-client-core/3.2.1/hadoop-mapreduce-client-core-3.2.1.jar:/home/user/.m2/repository/org/apache/avro/avro/1.7.7/avro-1.7.7.jar:/home/user/.m2/repository/org/codehaus/jackson/jackson-core-asl/1.9.13/jackson-core-asl-1.9.13.jar:/home/user/.m2/repository/org/codehaus/jackson/jackson-mapper-asl/1.9.13/jackson-mapper-asl-1.9.13.jar:/home/user/.m2/repository/com/thoughtworks/paranamer/paranamer/2.3/paranamer-2.3.jar:/home/user/.m2/repository/org/xerial/snappy/snappy-java/1.0.5/snappy-java-1.0.5.jar:/home/user/.m2/repository/org/apache/hadoop/hadoop-annotations/3.2.1/hadoop-annotations-3.2.1.jar:/usr/lib/jvm/java-1.8.0-openjdk-1.8.0.232.b09-0.el7_7.x86_64/jre/../lib/tools.jar:/home/user/.m2/repository/org/apache/hadoop/hadoop-distcp/3.2.1/hadoop-distcp-3.2.1-tests.jar:"/>
    <property name="java.vm.vendor" value="Oracle Corporation"/>
    <property name="sun.arch.data.model" value="64"/>
    <property name="test.build.dir" value="/github/workspace/mnt/ozone/hadoop-ozone/integration-test/target/test-dir"/>
    <property name="test.cache.data" value=""/>
    <property name="java.vendor.url" value="http://java.oracle.com/"/>
    <property name="user.timezone" value=""/>
    <property name="java.vm.specification.version" value="1.8"/>
    <property name="os.name" value="Linux"/>
    <property name="test.build.data" value="/github/workspace/mnt/ozone/hadoop-ozone/integration-test/target/test-dir"/>
    <property name="user.country" value="US"/>
    <property name="sun.java.launcher" value="SUN_STANDARD"/>
    <property name="sun.boot.library.path" value="/usr/lib/jvm/java-1.8.0-openjdk-1.8.0.232.b09-0.el7_7.x86_64/jre/lib/amd64"/>
    <property name="sun.java.command" value="/github/workspace/mnt/ozone/hadoop-ozone/integration-test/target/surefire/surefirebooter8943348789603814096.jar /github/workspace/mnt/ozone/hadoop-ozone/integration-test/target/surefire 2021-01-11T02-14-28_055-jvmRun1 surefire4122122002135461869tmp surefire_225862390285909580450tmp"/>
    <property name="surefire.test.class.path" value="/github/workspace/mnt/ozone/hadoop-ozone/integration-test/target/test-classes:/github/workspace/mnt/ozone/hadoop-ozone/integration-test/target/classes:/home/user/.m2/repository/org/apache/hadoop/hadoop-ozone-common/1.1.0-SNAPSHOT/hadoop-ozone-common-1.1.0-SNAPSHOT.jar:/home/user/.m2/repository/org/apache/commons/commons-compress/1.4.1/commons-compress-1.4.1.jar:/home/user/.m2/repository/org/tukaani/xz/1.0/xz-1.0.jar:/home/user/.m2/repository/org/apache/hadoop/hadoop-hdds-common/1.1.0-SNAPSHOT/hadoop-hdds-common-1.1.0-SNAPSHOT.jar:/home/user/.m2/repository/org/apache/hadoop/hadoop-hdds-client/1.1.0-SNAPSHOT/hadoop-hdds-client-1.1.0-SNAPSHOT.jar:/home/user/.m2/repository/org/apache/hadoop/hadoop-ozone-interface-client/1.1.0-SNAPSHOT/hadoop-ozone-interface-client-1.1.0-SNAPSHOT.jar:/home/user/.m2/repository/org/apache/hadoop/hadoop-hdds-test-utils/1.1.0-SNAPSHOT/hadoop-hdds-test-utils-1.1.0-SNAPSHOT.jar:/home/user/.m2/repository/com/google/guava/guava/28.2-jre/guava-28.2-jre.jar:/home/user/.m2/repository/com/google/guava/failureaccess/1.0.1/failureaccess-1.0.1.jar:/home/user/.m2/repository/com/google/guava/listenablefuture/9999.0-empty-to-avoid-conflict-with-guava/listenablefuture-9999.0-empty-to-avoid-conflict-with-guava.jar:/home/user/.m2/repository/com/google/code/findbugs/jsr305/3.0.0/jsr305-3.0.0.jar:/home/user/.m2/repository/org/checkerframework/checker-qual/2.10.0/checker-qual-2.10.0.jar:/home/user/.m2/repository/com/google/errorprone/error_prone_annotations/2.2.0/error_prone_annotations-2.2.0.jar:/home/user/.m2/repository/com/google/j2objc/j2objc-annotations/1.3/j2objc-annotations-1.3.jar:/home/user/.m2/repository/commons-io/commons-io/2.5/commons-io-2.5.jar:/home/user/.m2/repository/commons-logging/commons-logging/1.2/commons-logging-1.2.jar:/home/user/.m2/repository/log4j/log4j/1.2.17/log4j-1.2.17.jar:/home/user/.m2/repository/org/slf4j/slf4j-api/1.7.30/slf4j-api-1.7.30.jar:/home/user/.m2/repository/org/apache/hadoop/hadoop-hdds-server-scm/1.1.0-SNAPSHOT/hadoop-hdds-server-scm-1.1.0-SNAPSHOT.jar:/home/user/.m2/repository/org/apache/hadoop/hadoop-hdds-container-service/1.1.0-SNAPSHOT/hadoop-hdds-container-service-1.1.0-SNAPSHOT.jar:/home/user/.m2/repository/org/apache/hadoop/hadoop-hdds-hadoop-dependency-server/1.1.0-SNAPSHOT/hadoop-hdds-hadoop-dependency-server-1.1.0-SNAPSHOT.jar:/home/user/.m2/repository/org/apache/hadoop/hadoop-hdfs/3.2.1/hadoop-hdfs-3.2.1.jar:/home/user/.m2/repository/org/apache/hadoop/hadoop-hdds-server-framework/1.1.0-SNAPSHOT/hadoop-hdds-server-framework-1.1.0-SNAPSHOT.jar:/home/user/.m2/repository/org/apache/hadoop/hadoop-hdds-interface-server/1.1.0-SNAPSHOT/hadoop-hdds-interface-server-1.1.0-SNAPSHOT.jar:/home/user/.m2/repository/org/apache/hadoop/hadoop-hdds-interface-admin/1.1.0-SNAPSHOT/hadoop-hdds-interface-admin-1.1.0-SNAPSHOT.jar:/home/user/.m2/repository/org/eclipse/jetty/jetty-servlet/9.4.34.v20201102/jetty-servlet-9.4.34.v20201102.jar:/home/user/.m2/repository/org/eclipse/jetty/jetty-security/9.4.34.v20201102/jetty-security-9.4.34.v20201102.jar:/home/user/.m2/repository/org/rocksdb/rocksdbjni/6.8.1/rocksdbjni-6.8.1.jar:/home/user/.m2/repository/io/prometheus/simpleclient_dropwizard/0.7.0/simpleclient_dropwizard-0.7.0.jar:/home/user/.m2/repository/io/prometheus/simpleclient/0.7.0/simpleclient-0.7.0.jar:/home/user/.m2/repository/io/prometheus/simpleclient_common/0.7.0/simpleclient_common-0.7.0.jar:/home/user/.m2/repository/com/fasterxml/jackson/datatype/jackson-datatype-jsr310/2.10.3/jackson-datatype-jsr310-2.10.3.jar:/home/user/.m2/repository/io/dropwizard/metrics/metrics-core/3.2.4/metrics-core-3.2.4.jar:/home/user/.m2/repository/org/apache/hadoop/hadoop-hdfs-client/3.2.1/hadoop-hdfs-client-3.2.1.jar:/home/user/.m2/repository/org/bouncycastle/bcprov-jdk15on/1.67/bcprov-jdk15on-1.67.jar:/home/user/.m2/repository/org/apache/hadoop/hadoop-ozone-ozone-manager/1.1.0-SNAPSHOT/hadoop-ozone-ozone-manager-1.1.0-SNAPSHOT.jar:/home/user/.m2/repository/org/apache/hadoop/hadoop-hdds-interface-client/1.1.0-SNAPSHOT/hadoop-hdds-interface-client-1.1.0-SNAPSHOT.jar:/home/user/.m2/repository/org/apache/ratis/ratis-thirdparty-misc/0.6.0-SNAPSHOT/ratis-thirdparty-misc-0.6.0-SNAPSHOT.jar:/home/user/.m2/repository/org/apache/hadoop/hadoop-ozone-interface-storage/1.1.0-SNAPSHOT/hadoop-ozone-interface-storage-1.1.0-SNAPSHOT.jar:/home/user/.m2/repository/org/apache/hadoop/hadoop-minikdc/3.2.1/hadoop-minikdc-3.2.1.jar:/home/user/.m2/repository/org/apache/kerby/kerb-simplekdc/1.0.1/kerb-simplekdc-1.0.1.jar:/home/user/.m2/repository/org/apache/kerby/kerb-client/1.0.1/kerb-client-1.0.1.jar:/home/user/.m2/repository/org/apache/kerby/kerby-config/1.0.1/kerby-config-1.0.1.jar:/home/user/.m2/repository/org/apache/kerby/kerb-core/1.0.1/kerb-core-1.0.1.jar:/home/user/.m2/repository/org/apache/kerby/kerby-pkix/1.0.1/kerby-pkix-1.0.1.jar:/home/user/.m2/repository/org/apache/kerby/kerby-asn1/1.0.1/kerby-asn1-1.0.1.jar:/home/user/.m2/repository/org/apache/kerby/kerby-util/1.0.1/kerby-util-1.0.1.jar:/home/user/.m2/repository/org/apache/kerby/kerb-common/1.0.1/kerb-common-1.0.1.jar:/home/user/.m2/repository/org/apache/kerby/kerb-crypto/1.0.1/kerb-crypto-1.0.1.jar:/home/user/.m2/repository/org/apache/kerby/kerb-util/1.0.1/kerb-util-1.0.1.jar:/home/user/.m2/repository/org/apache/kerby/token-provider/1.0.1/token-provider-1.0.1.jar:/home/user/.m2/repository/org/apache/kerby/kerb-admin/1.0.1/kerb-admin-1.0.1.jar:/home/user/.m2/repository/org/apache/kerby/kerb-server/1.0.1/kerb-server-1.0.1.jar:/home/user/.m2/repository/org/apache/kerby/kerb-identity/1.0.1/kerb-identity-1.0.1.jar:/home/user/.m2/repository/org/apache/kerby/kerby-xdr/1.0.1/kerby-xdr-1.0.1.jar:/home/user/.m2/repository/org/slf4j/slf4j-log4j12/1.7.30/slf4j-log4j12-1.7.30.jar:/home/user/.m2/repository/org/apache/hadoop/hadoop-ozone-s3gateway/1.1.0-SNAPSHOT/hadoop-ozone-s3gateway-1.1.0-SNAPSHOT.jar:/home/user/.m2/repository/org/jboss/weld/servlet/weld-servlet/2.4.7.Final/weld-servlet-2.4.7.Final.jar:/home/user/.m2/repository/org/glassfish/jersey/containers/jersey-container-servlet-core/2.27/jersey-container-servlet-core-2.27.jar:/home/user/.m2/repository/org/glassfish/hk2/external/javax.inject/2.5.0-b42/javax.inject-2.5.0-b42.jar:/home/user/.m2/repository/org/glassfish/jersey/core/jersey-common/2.27/jersey-common-2.27.jar:/home/user/.m2/repository/org/glassfish/hk2/osgi-resource-locator/1.0.1/osgi-resource-locator-1.0.1.jar:/home/user/.m2/repository/javax/ws/rs/javax.ws.rs-api/2.1/javax.ws.rs-api-2.1.jar:/home/user/.m2/repository/org/glassfish/jersey/ext/cdi/jersey-cdi1x/2.27/jersey-cdi1x-2.27.jar:/home/user/.m2/repository/org/glassfish/jersey/inject/jersey-hk2/2.27/jersey-hk2-2.27.jar:/home/user/.m2/repository/org/glassfish/hk2/hk2-locator/2.5.0-b42/hk2-locator-2.5.0-b42.jar:/home/user/.m2/repository/org/javassist/javassist/3.22.0-CR2/javassist-3.22.0-CR2.jar:/home/user/.m2/repository/org/glassfish/hk2/hk2-api/2.5.0/hk2-api-2.5.0.jar:/home/user/.m2/repository/org/glassfish/hk2/external/jakarta.inject/2.5.0/jakarta.inject-2.5.0.jar:/home/user/.m2/repository/org/glassfish/hk2/hk2-utils/2.5.0/hk2-utils-2.5.0.jar:/home/user/.m2/repository/jakarta/annotation/jakarta.annotation-api/1.3.4/jakarta.annotation-api-1.3.4.jar:/home/user/.m2/repository/org/glassfish/hk2/external/aopalliance-repackaged/2.5.0/aopalliance-repackaged-2.5.0.jar:/home/user/.m2/repository/com/fasterxml/jackson/dataformat/jackson-dataformat-xml/2.10.3/jackson-dataformat-xml-2.10.3.jar:/home/user/.m2/repository/com/fasterxml/jackson/core/jackson-core/2.10.3/jackson-core-2.10.3.jar:/home/user/.m2/repository/com/fasterxml/jackson/module/jackson-module-jaxb-annotations/2.10.3/jackson-module-jaxb-annotations-2.10.3.jar:/home/user/.m2/repository/jakarta/xml/bind/jakarta.xml.bind-api/2.3.2/jakarta.xml.bind-api-2.3.2.jar:/home/user/.m2/repository/jakarta/activation/jakarta.activation-api/1.2.1/jakarta.activation-api-1.2.1.jar:/home/user/.m2/repository/org/codehaus/woodstox/stax2-api/3.1.4/stax2-api-3.1.4.jar:/home/user/.m2/repository/com/fasterxml/woodstox/woodstox-core/5.0.3/woodstox-core-5.0.3.jar:/home/user/.m2/repository/javax/enterprise/cdi-api/1.2/cdi-api-1.2.jar:/home/user/.m2/repository/javax/el/javax.el-api/3.0.0/javax.el-api-3.0.0.jar:/home/user/.m2/repository/javax/interceptor/javax.interceptor-api/1.2/javax.interceptor-api-1.2.jar:/home/user/.m2/repository/javax/inject/javax.inject/1/javax.inject-1.jar:/home/user/.m2/repository/com/sun/xml/bind/jaxb-impl/2.3.0.1/jaxb-impl-2.3.0.1.jar:/home/user/.m2/repository/com/sun/xml/bind/jaxb-core/2.3.0.1/jaxb-core-2.3.0.1.jar:/home/user/.m2/repository/javax/xml/bind/jaxb-api/2.3.0/jaxb-api-2.3.0.jar:/home/user/.m2/repository/javax/activation/activation/1.1.1/activation-1.1.1.jar:/home/user/.m2/repository/org/apache/hadoop/hadoop-ozone-csi/1.1.0-SNAPSHOT/hadoop-ozone-csi-1.1.0-SNAPSHOT.jar:/home/user/.m2/repository/com/google/protobuf/protobuf-java-util/3.11.0/protobuf-java-util-3.11.0.jar:/home/user/.m2/repository/com/google/code/gson/gson/2.2.4/gson-2.2.4.jar:/home/user/.m2/repository/org/apache/hadoop/hadoop-hdds-config/1.1.0-SNAPSHOT/hadoop-hdds-config-1.1.0-SNAPSHOT.jar:/home/user/.m2/repository/com/google/protobuf/protobuf-java/2.5.0/protobuf-java-2.5.0.jar:/home/user/.m2/repository/io/grpc/grpc-netty/1.29.0/grpc-netty-1.29.0.jar:/home/user/.m2/repository/io/grpc/grpc-core/1.29.0/grpc-core-1.29.0.jar:/home/user/.m2/repository/com/google/android/annotations/4.1.1.4/annotations-4.1.1.4.jar:/home/user/.m2/repository/io/perfmark/perfmark-api/0.19.0/perfmark-api-0.19.0.jar:/home/user/.m2/repository/io/netty/netty-codec-http2/4.1.48.Final/netty-codec-http2-4.1.48.Final.jar:/home/user/.m2/repository/io/netty/netty-codec/4.1.48.Final/netty-codec-4.1.48.Final.jar:/home/user/.m2/repository/io/netty/netty-handler/4.1.48.Final/netty-handler-4.1.48.Final.jar:/home/user/.m2/repository/io/netty/netty-codec-http/4.1.48.Final/netty-codec-http-4.1.48.Final.jar:/home/user/.m2/repository/io/netty/netty-handler-proxy/4.1.48.Final/netty-handler-proxy-4.1.48.Final.jar:/home/user/.m2/repository/io/netty/netty-codec-socks/4.1.48.Final/netty-codec-socks-4.1.48.Final.jar:/home/user/.m2/repository/io/netty/netty-transport-native-epoll/4.1.48.Final/netty-transport-native-epoll-4.1.48.Final.jar:/home/user/.m2/repository/io/netty/netty-common/4.1.48.Final/netty-common-4.1.48.Final.jar:/home/user/.m2/repository/io/netty/netty-buffer/4.1.48.Final/netty-buffer-4.1.48.Final.jar:/home/user/.m2/repository/io/netty/netty-transport/4.1.48.Final/netty-transport-4.1.48.Final.jar:/home/user/.m2/repository/io/netty/netty-resolver/4.1.48.Final/netty-resolver-4.1.48.Final.jar:/home/user/.m2/repository/io/netty/netty-transport-native-unix-common/4.1.48.Final/netty-transport-native-unix-common-4.1.48.Final.jar:/home/user/.m2/repository/io/grpc/grpc-protobuf/1.29.0/grpc-protobuf-1.29.0.jar:/home/user/.m2/repository/io/grpc/grpc-api/1.29.0/grpc-api-1.29.0.jar:/home/user/.m2/repository/io/grpc/grpc-context/1.29.0/grpc-context-1.29.0.jar:/home/user/.m2/repository/org/codehaus/mojo/animal-sniffer-annotations/1.18/animal-sniffer-annotations-1.18.jar:/home/user/.m2/repository/com/google/api/grpc/proto-google-common-protos/1.17.0/proto-google-common-protos-1.17.0.jar:/home/user/.m2/repository/io/grpc/grpc-protobuf-lite/1.29.0/grpc-protobuf-lite-1.29.0.jar:/home/user/.m2/repository/io/grpc/grpc-stub/1.29.0/grpc-stub-1.29.0.jar:/home/user/.m2/repository/org/apache/hadoop/hadoop-ozone-recon/1.1.0-SNAPSHOT/hadoop-ozone-recon-1.1.0-SNAPSHOT.jar:/home/user/.m2/repository/org/apache/hadoop/hadoop-ozone-reconcodegen/1.1.0-SNAPSHOT/hadoop-ozone-reconcodegen-1.1.0-SNAPSHOT.jar:/home/user/.m2/repository/com/google/inject/extensions/guice-multibindings/4.0/guice-multibindings-4.0.jar:/home/user/.m2/repository/com/google/inject/guice/4.0/guice-4.0.jar:/home/user/.m2/repository/aopalliance/aopalliance/1.0/aopalliance-1.0.jar:/home/user/.m2/repository/com/google/inject/extensions/guice-assistedinject/4.0/guice-assistedinject-4.0.jar:/home/user/.m2/repository/com/google/inject/extensions/guice-servlet/4.0/guice-servlet-4.0.jar:/home/user/.m2/repository/org/glassfish/jersey/containers/jersey-container-servlet/2.27/jersey-container-servlet-2.27.jar:/home/user/.m2/repository/org/glassfish/hk2/guice-bridge/2.5.0/guice-bridge-2.5.0.jar:/home/user/.m2/repository/org/glassfish/jersey/core/jersey-server/2.27/jersey-server-2.27.jar:/home/user/.m2/repository/org/glassfish/jersey/core/jersey-client/2.27/jersey-client-2.27.jar:/home/user/.m2/repository/org/glassfish/jersey/media/jersey-media-jaxb/2.27/jersey-media-jaxb-2.27.jar:/home/user/.m2/repository/javax/validation/validation-api/1.1.0.Final/validation-api-1.1.0.Final.jar:/home/user/.m2/repository/org/glassfish/jersey/media/jersey-media-json-jackson/2.27/jersey-media-json-jackson-2.27.jar:/home/user/.m2/repository/org/glassfish/jersey/ext/jersey-entity-filtering/2.27/jersey-entity-filtering-2.27.jar:/home/user/.m2/repository/org/jooq/jooq/3.11.10/jooq-3.11.10.jar:/home/user/.m2/repository/org/jooq/jooq-meta/3.11.10/jooq-meta-3.11.10.jar:/home/user/.m2/repository/org/jooq/jooq-codegen/3.11.10/jooq-codegen-3.11.10.jar:/home/user/.m2/repository/com/jolbox/bonecp/0.8.0.RELEASE/bonecp-0.8.0.RELEASE.jar:/home/user/.m2/repository/org/apache/derby/derby/10.14.2.0/derby-10.14.2.0.jar:/home/user/.m2/repository/org/xerial/sqlite-jdbc/3.25.2/sqlite-jdbc-3.25.2.jar:/home/user/.m2/repository/org/springframework/spring-jdbc/5.2.11.RELEASE/spring-jdbc-5.2.11.RELEASE.jar:/home/user/.m2/repository/org/springframework/spring-beans/5.2.11.RELEASE/spring-beans-5.2.11.RELEASE.jar:/home/user/.m2/repository/org/springframework/spring-core/5.2.11.RELEASE/spring-core-5.2.11.RELEASE.jar:/home/user/.m2/repository/org/springframework/spring-jcl/5.2.11.RELEASE/spring-jcl-5.2.11.RELEASE.jar:/home/user/.m2/repository/org/springframework/spring-tx/5.2.11.RELEASE/spring-tx-5.2.11.RELEASE.jar:/home/user/.m2/repository/org/apache/hadoop/hadoop-ozone-client/1.1.0-SNAPSHOT/hadoop-ozone-client-1.1.0-SNAPSHOT.jar:/home/user/.m2/repository/org/apache/hadoop/hadoop-ozone-filesystem/1.1.0-SNAPSHOT/hadoop-ozone-filesystem-1.1.0-SNAPSHOT.jar:/home/user/.m2/repository/org/apache/hadoop/hadoop-ozone-filesystem-common/1.1.0-SNAPSHOT/hadoop-ozone-filesystem-common-1.1.0-SNAPSHOT.jar:/home/user/.m2/repository/org/apache/hadoop/hadoop-ozone-tools/1.1.0-SNAPSHOT/hadoop-ozone-tools-1.1.0-SNAPSHOT.jar:/home/user/.m2/repository/org/apache/ratis/ratis-tools/1.1.0-35f17fa-SNAPSHOT/ratis-tools-1.1.0-35f17fa-SNAPSHOT.jar:/home/user/.m2/repository/org/apache/ratis/ratis-proto/1.1.0-35f17fa-SNAPSHOT/ratis-proto-1.1.0-35f17fa-SNAPSHOT.jar:/home/user/.m2/repository/org/apache/ratis/ratis-common/1.1.0-35f17fa-SNAPSHOT/ratis-common-1.1.0-35f17fa-SNAPSHOT.jar:/home/user/.m2/repository/com/amazonaws/aws-java-sdk-core/1.11.901/aws-java-sdk-core-1.11.901.jar:/home/user/.m2/repository/org/apache/httpcomponents/httpclient/4.5.13/httpclient-4.5.13.jar:/home/user/.m2/repository/org/apache/httpcomponents/httpcore/4.4.13/httpcore-4.4.13.jar:/home/user/.m2/repository/software/amazon/ion/ion-java/1.0.2/ion-java-1.0.2.jar:/home/user/.m2/repository/com/fasterxml/jackson/dataformat/jackson-dataformat-cbor/2.10.3/jackson-dataformat-cbor-2.10.3.jar:/home/user/.m2/repository/joda-time/joda-time/2.8.1/joda-time-2.8.1.jar:/home/user/.m2/repository/com/amazonaws/aws-java-sdk-s3/1.11.901/aws-java-sdk-s3-1.11.901.jar:/home/user/.m2/repository/com/amazonaws/aws-java-sdk-kms/1.11.901/aws-java-sdk-kms-1.11.901.jar:/home/user/.m2/repository/com/amazonaws/jmespath-java/1.11.901/jmespath-java-1.11.901.jar:/home/user/.m2/repository/org/kohsuke/metainf-services/metainf-services/1.8/metainf-services-1.8.jar:/home/user/.m2/repository/org/apache/hadoop/hadoop-hdds-tools/1.1.0-SNAPSHOT/hadoop-hdds-tools-1.1.0-SNAPSHOT.jar:/home/user/.m2/repository/commons-cli/commons-cli/1.2/commons-cli-1.2.jar:/home/user/.m2/repository/org/apache/commons/commons-lang3/3.7/commons-lang3-3.7.jar:/home/user/.m2/repository/org/apache/hadoop/hadoop-ozone-ozone-manager/1.1.0-SNAPSHOT/hadoop-ozone-ozone-manager-1.1.0-SNAPSHOT-tests.jar:/home/user/.m2/repository/org/apache/hadoop/hadoop-hdds-common/1.1.0-SNAPSHOT/hadoop-hdds-common-1.1.0-SNAPSHOT-tests.jar:/home/user/.m2/repository/org/apache/hadoop/hadoop-hdds-hadoop-dependency-client/1.1.0-SNAPSHOT/hadoop-hdds-hadoop-dependency-client-1.1.0-SNAPSHOT.jar:/home/user/.m2/repository/info/picocli/picocli/4.4.0/picocli-4.4.0.jar:/home/user/.m2/repository/com/fasterxml/jackson/core/jackson-annotations/2.10.3/jackson-annotations-2.10.3.jar:/home/user/.m2/repository/javax/annotation/javax.annotation-api/1.2/javax.annotation-api-1.2.jar:/home/user/.m2/repository/org/fusesource/leveldbjni/leveldbjni-all/1.8/leveldbjni-all-1.8.jar:/home/user/.m2/repository/org/apache/ratis/ratis-server/1.1.0-35f17fa-SNAPSHOT/ratis-server-1.1.0-35f17fa-SNAPSHOT.jar:/home/user/.m2/repository/org/apache/ratis/ratis-client/1.1.0-35f17fa-SNAPSHOT/ratis-client-1.1.0-35f17fa-SNAPSHOT.jar:/home/user/.m2/repository/org/apache/ratis/ratis-server-api/1.1.0-35f17fa-SNAPSHOT/ratis-server-api-1.1.0-35f17fa-SNAPSHOT.jar:/home/user/.m2/repository/org/apache/ratis/ratis-metrics/1.1.0-35f17fa-SNAPSHOT/ratis-metrics-1.1.0-35f17fa-SNAPSHOT.jar:/home/user/.m2/repository/org/apache/ratis/ratis-netty/1.1.0-35f17fa-SNAPSHOT/ratis-netty-1.1.0-35f17fa-SNAPSHOT.jar:/home/user/.m2/repository/org/apache/ratis/ratis-grpc/1.1.0-35f17fa-SNAPSHOT/ratis-grpc-1.1.0-35f17fa-SNAPSHOT.jar:/home/user/.m2/repository/org/apache/logging/log4j/log4j-api/2.13.3/log4j-api-2.13.3.jar:/home/user/.m2/repository/org/apache/logging/log4j/log4j-core/2.13.3/log4j-core-2.13.3.jar:/home/user/.m2/repository/com/lmax/disruptor/3.4.2/disruptor-3.4.2.jar:/home/user/.m2/repository/org/apache/commons/commons-pool2/2.6.0/commons-pool2-2.6.0.jar:/home/user/.m2/repository/org/bouncycastle/bcpkix-jdk15on/1.67/bcpkix-jdk15on-1.67.jar:/home/user/.m2/repository/commons-validator/commons-validator/1.6/commons-validator-1.6.jar:/home/user/.m2/repository/commons-beanutils/commons-beanutils/1.9.4/commons-beanutils-1.9.4.jar:/home/user/.m2/repository/commons-digester/commons-digester/1.8.1/commons-digester-1.8.1.jar:/home/user/.m2/repository/commons-collections/commons-collections/3.2.2/commons-collections-3.2.2.jar:/home/user/.m2/repository/io/jaegertracing/jaeger-client/1.2.0/jaeger-client-1.2.0.jar:/home/user/.m2/repository/io/jaegertracing/jaeger-thrift/1.2.0/jaeger-thrift-1.2.0.jar:/home/user/.m2/repository/org/apache/thrift/libthrift/0.13.0/libthrift-0.13.0.jar:/home/user/.m2/repository/com/squareup/okhttp3/okhttp/4.2.2/okhttp-4.2.2.jar:/home/user/.m2/repository/com/squareup/okio/okio/2.2.2/okio-2.2.2.jar:/home/user/.m2/repository/org/jetbrains/kotlin/kotlin-stdlib/1.3.50/kotlin-stdlib-1.3.50.jar:/home/user/.m2/repository/org/jetbrains/kotlin/kotlin-stdlib-common/1.3.50/kotlin-stdlib-common-1.3.50.jar:/home/user/.m2/repository/org/jetbrains/annotations/13.0/annotations-13.0.jar:/home/user/.m2/repository/io/jaegertracing/jaeger-core/1.2.0/jaeger-core-1.2.0.jar:/home/user/.m2/repository/io/jaegertracing/jaeger-tracerresolver/1.2.0/jaeger-tracerresolver-1.2.0.jar:/home/user/.m2/repository/io/opentracing/contrib/opentracing-tracerresolver/0.1.8/opentracing-tracerresolver-0.1.8.jar:/home/user/.m2/repository/io/opentracing/opentracing-util/0.33.0/opentracing-util-0.33.0.jar:/home/user/.m2/repository/io/opentracing/opentracing-api/0.33.0/opentracing-api-0.33.0.jar:/home/user/.m2/repository/io/opentracing/opentracing-noop/0.33.0/opentracing-noop-0.33.0.jar:/home/user/.m2/repository/org/yaml/snakeyaml/1.26/snakeyaml-1.26.jar:/home/user/.m2/repository/junit/junit/4.11/junit-4.11.jar:/home/user/.m2/repository/org/hamcrest/hamcrest-core/1.3/hamcrest-core-1.3.jar:/home/user/.m2/repository/org/openjdk/jmh/jmh-core/1.19/jmh-core-1.19.jar:/home/user/.m2/repository/net/sf/jopt-simple/jopt-simple/4.6/jopt-simple-4.6.jar:/home/user/.m2/repository/org/apache/commons/commons-math3/3.1.1/commons-math3-3.1.1.jar:/home/user/.m2/repository/org/openjdk/jmh/jmh-generator-annprocess/1.19/jmh-generator-annprocess-1.19.jar:/home/user/.m2/repository/org/mockito/mockito-all/1.8.5/mockito-all-1.8.5.jar:/home/user/.m2/repository/org/apache/hadoop/hadoop-kms/3.2.1/hadoop-kms-3.2.1.jar:/home/user/.m2/repository/org/apache/hadoop/hadoop-auth/3.2.1/hadoop-auth-3.2.1.jar:/home/user/.m2/repository/com/nimbusds/nimbus-jose-jwt/7.9/nimbus-jose-jwt-7.9.jar:/home/user/.m2/repository/com/github/stephenc/jcip/jcip-annotations/1.0-1/jcip-annotations-1.0-1.jar:/home/user/.m2/repository/net/minidev/json-smart/2.3/json-smart-2.3.jar:/home/user/.m2/repository/net/minidev/accessors-smart/1.2/accessors-smart-1.2.jar:/home/user/.m2/repository/org/ow2/asm/asm/5.0.4/asm-5.0.4.jar:/home/user/.m2/repository/org/apache/zookeeper/zookeeper/3.4.13/zookeeper-3.4.13.jar:/home/user/.m2/repository/org/apache/yetus/audience-annotations/0.5.0/audience-annotations-0.5.0.jar:/home/user/.m2/repository/org/apache/curator/curator-framework/2.13.0/curator-framework-2.13.0.jar:/home/user/.m2/repository/com/sun/jersey/jersey-core/1.19/jersey-core-1.19.jar:/home/user/.m2/repository/javax/ws/rs/jsr311-api/1.1.1/jsr311-api-1.1.1.jar:/home/user/.m2/repository/com/sun/jersey/jersey-server/1.19/jersey-server-1.19.jar:/home/user/.m2/repository/javax/servlet/javax.servlet-api/3.1.0/javax.servlet-api-3.1.0.jar:/home/user/.m2/repository/org/eclipse/jetty/jetty-server/9.4.34.v20201102/jetty-server-9.4.34.v20201102.jar:/home/user/.m2/repository/org/eclipse/jetty/jetty-http/9.4.34.v20201102/jetty-http-9.4.34.v20201102.jar:/home/user/.m2/repository/org/eclipse/jetty/jetty-io/9.4.34.v20201102/jetty-io-9.4.34.v20201102.jar:/home/user/.m2/repository/org/eclipse/jetty/jetty-webapp/9.4.34.v20201102/jetty-webapp-9.4.34.v20201102.jar:/home/user/.m2/repository/org/eclipse/jetty/jetty-xml/9.4.34.v20201102/jetty-xml-9.4.34.v20201102.jar:/home/user/.m2/repository/org/apache/hadoop/hadoop-common/3.2.1/hadoop-common-3.2.1.jar:/home/user/.m2/repository/commons-net/commons-net/3.6/commons-net-3.6.jar:/home/user/.m2/repository/com/sun/jersey/jersey-servlet/1.19/jersey-servlet-1.19.jar:/home/user/.m2/repository/com/sun/jersey/jersey-json/1.19/jersey-json-1.19.jar:/home/user/.m2/repository/org/codehaus/jettison/jettison/1.1/jettison-1.1.jar:/home/user/.m2/repository/org/codehaus/jackson/jackson-jaxrs/1.9.2/jackson-jaxrs-1.9.2.jar:/home/user/.m2/repository/org/codehaus/jackson/jackson-xc/1.9.2/jackson-xc-1.9.2.jar:/home/user/.m2/repository/org/apache/commons/commons-configuration2/2.1.1/commons-configuration2-2.1.1.jar:/home/user/.m2/repository/org/apache/commons/commons-text/1.4/commons-text-1.4.jar:/home/user/.m2/repository/com/google/re2j/re2j/1.1/re2j-1.1.jar:/home/user/.m2/repository/com/jcraft/jsch/0.1.54/jsch-0.1.54.jar:/home/user/.m2/repository/org/apache/curator/curator-client/2.13.0/curator-client-2.13.0.jar:/home/user/.m2/repository/org/apache/curator/curator-recipes/2.13.0/curator-recipes-2.13.0.jar:/home/user/.m2/repository/dnsjava/dnsjava/2.1.7/dnsjava-2.1.7.jar:/home/user/.m2/repository/org/slf4j/jul-to-slf4j/1.7.30/jul-to-slf4j-1.7.30.jar:/home/user/.m2/repository/org/eclipse/jetty/jetty-util/9.4.34.v20201102/jetty-util-9.4.34.v20201102.jar:/home/user/.m2/repository/com/fasterxml/jackson/core/jackson-databind/2.10.3/jackson-databind-2.10.3.jar:/home/user/.m2/repository/org/apache/hadoop/hadoop-kms/3.2.1/hadoop-kms-3.2.1-tests.jar:/home/user/.m2/repository/org/apache/hadoop/hadoop-hdds-server-scm/1.1.0-SNAPSHOT/hadoop-hdds-server-scm-1.1.0-SNAPSHOT-tests.jar:/home/user/.m2/repository/org/apache/hadoop/hadoop-hdds-container-service/1.1.0-SNAPSHOT/hadoop-hdds-container-service-1.1.0-SNAPSHOT-tests.jar:/home/user/.m2/repository/commons-codec/commons-codec/1.11/commons-codec-1.11.jar:/home/user/.m2/repository/org/apache/hadoop/hadoop-hdds-hadoop-dependency-test/1.1.0-SNAPSHOT/hadoop-hdds-hadoop-dependency-test-1.1.0-SNAPSHOT.jar:/home/user/.m2/repository/org/apache/hadoop/hadoop-common/3.2.1/hadoop-common-3.2.1-tests.jar:/home/user/.m2/repository/org/apache/hadoop/hadoop-hdfs/3.2.1/hadoop-hdfs-3.2.1-tests.jar:/home/user/.m2/repository/org/eclipse/jetty/jetty-util-ajax/9.4.34.v20201102/jetty-util-ajax-9.4.34.v20201102.jar:/home/user/.m2/repository/commons-daemon/commons-daemon/1.0.13/commons-daemon-1.0.13.jar:/home/user/.m2/repository/io/netty/netty/3.10.5.Final/netty-3.10.5.Final.jar:/home/user/.m2/repository/io/netty/netty-all/4.1.48.Final/netty-all-4.1.48.Final.jar:/home/user/.m2/repository/org/apache/htrace/htrace-core4/4.1.0-incubating/htrace-core4-4.1.0-incubating.jar:/home/user/.m2/repository/org/apache/hadoop/hadoop-distcp/3.2.1/hadoop-distcp-3.2.1.jar:/home/user/.m2/repository/org/apache/hadoop/hadoop-mapreduce-client-jobclient/3.2.1/hadoop-mapreduce-client-jobclient-3.2.1.jar:/home/user/.m2/repository/org/apache/hadoop/hadoop-mapreduce-client-common/3.2.1/hadoop-mapreduce-client-common-3.2.1.jar:/home/user/.m2/repository/org/apache/hadoop/hadoop-yarn-common/3.2.1/hadoop-yarn-common-3.2.1.jar:/home/user/.m2/repository/org/apache/hadoop/hadoop-yarn-api/3.2.1/hadoop-yarn-api-3.2.1.jar:/home/user/.m2/repository/com/sun/jersey/jersey-client/1.19/jersey-client-1.19.jar:/home/user/.m2/repository/com/sun/jersey/contribs/jersey-guice/1.19/jersey-guice-1.19.jar:/home/user/.m2/repository/com/fasterxml/jackson/jaxrs/jackson-jaxrs-json-provider/2.10.3/jackson-jaxrs-json-provider-2.10.3.jar:/home/user/.m2/repository/com/fasterxml/jackson/jaxrs/jackson-jaxrs-base/2.10.3/jackson-jaxrs-base-2.10.3.jar:/home/user/.m2/repository/org/apache/hadoop/hadoop-yarn-client/3.2.1/hadoop-yarn-client-3.2.1.jar:/home/user/.m2/repository/org/apache/hadoop/hadoop-mapreduce-client-core/3.2.1/hadoop-mapreduce-client-core-3.2.1.jar:/home/user/.m2/repository/org/apache/avro/avro/1.7.7/avro-1.7.7.jar:/home/user/.m2/repository/org/codehaus/jackson/jackson-core-asl/1.9.13/jackson-core-asl-1.9.13.jar:/home/user/.m2/repository/org/codehaus/jackson/jackson-mapper-asl/1.9.13/jackson-mapper-asl-1.9.13.jar:/home/user/.m2/repository/com/thoughtworks/paranamer/paranamer/2.3/paranamer-2.3.jar:/home/user/.m2/repository/org/xerial/snappy/snappy-java/1.0.5/snappy-java-1.0.5.jar:/home/user/.m2/repository/org/apache/hadoop/hadoop-annotations/3.2.1/hadoop-annotations-3.2.1.jar:/usr/lib/jvm/java-1.8.0-openjdk-1.8.0.232.b09-0.el7_7.x86_64/jre/../lib/tools.jar:/home/user/.m2/repository/org/apache/hadoop/hadoop-distcp/3.2.1/hadoop-distcp-3.2.1-tests.jar:"/>
    <property name="sun.cpu.endian" value="little"/>
    <property name="user.home" value="/home/user"/>
    <property name="user.language" value="en"/>
    <property name="java.specification.vendor" value="Oracle Corporation"/>
    <property name="java.home" value="/usr/lib/jvm/java-1.8.0-openjdk-1.8.0.232.b09-0.el7_7.x86_64/jre"/>
    <property name="java.security.krb5.conf" value="/github/workspace/mnt/ozone/hadoop-ozone/integration-test/target/test-classes/krb5.conf"/>
    <property name="basedir" value="/github/workspace/mnt/ozone/hadoop-ozone/integration-test"/>
    <property name="file.separator" value="/"/>
    <property name="line.separator" value="&#10;"/>
    <property name="java.vm.specification.vendor" value="Oracle Corporation"/>
    <property name="java.specification.name" value="Java Platform API Specification"/>
    <property name="java.awt.graphicsenv" value="sun.awt.X11GraphicsEnvironment"/>
    <property name="skip.installnpx" value="true"/>
    <property name="surefire.real.class.path" value="/github/workspace/mnt/ozone/hadoop-ozone/integration-test/target/surefire/surefirebooter8943348789603814096.jar:/home/user/.m2/repository/org/jacoco/org.jacoco.agent/0.8.5/org.jacoco.agent-0.8.5-runtime.jar"/>
    <property name="hadoop.log.dir" value="/github/workspace/mnt/ozone/hadoop-ozone/integration-test/target/log"/>
    <property name="sun.boot.class.path" value="/usr/lib/jvm/java-1.8.0-openjdk-1.8.0.232.b09-0.el7_7.x86_64/jre/lib/resources.jar:/usr/lib/jvm/java-1.8.0-openjdk-1.8.0.232.b09-0.el7_7.x86_64/jre/lib/rt.jar:/usr/lib/jvm/java-1.8.0-openjdk-1.8.0.232.b09-0.el7_7.x86_64/jre/lib/sunrsasign.jar:/usr/lib/jvm/java-1.8.0-openjdk-1.8.0.232.b09-0.el7_7.x86_64/jre/lib/jsse.jar:/usr/lib/jvm/java-1.8.0-openjdk-1.8.0.232.b09-0.el7_7.x86_64/jre/lib/jce.jar:/usr/lib/jvm/java-1.8.0-openjdk-1.8.0.232.b09-0.el7_7.x86_64/jre/lib/charsets.jar:/usr/lib/jvm/java-1.8.0-openjdk-1.8.0.232.b09-0.el7_7.x86_64/jre/lib/jfr.jar:/usr/lib/jvm/java-1.8.0-openjdk-1.8.0.232.b09-0.el7_7.x86_64/jre/classes"/>
    <property name="sun.management.compiler" value="HotSpot 64-Bit Tiered Compilers"/>
    <property name="skip.npx" value="true"/>
    <property name="java.runtime.version" value="1.8.0_232-b09"/>
    <property name="java.net.preferIPv4Stack" value="true"/>
    <property name="user.name" value="jenkins1001"/>
    <property name="path.separator" value=":"/>
    <property name="java.security.egd" value="file:///dev/urandom"/>
    <property name="os.version" value="5.4.0-1032-azure"/>
    <property name="java.endorsed.dirs" value="/usr/lib/jvm/java-1.8.0-openjdk-1.8.0.232.b09-0.el7_7.x86_64/jre/lib/endorsed"/>
    <property name="java.runtime.name" value="OpenJDK Runtime Environment"/>
    <property name="file.encoding" value="ANSI_X3.4-1968"/>
    <property name="java.vm.name" value="OpenJDK 64-Bit Server VM"/>
    <property name="test.build.webapps" value=""/>
    <property name="localRepository" value="/home/user/.m2/repository"/>
    <property name="java.vendor.url.bug" value="http://bugreport.sun.com/bugreport/"/>
    <property name="java.io.tmpdir" value="/tmp"/>
    <property name="require.test.libhadoop" value=""/>
    <property name="java.version" value="1.8.0_232"/>
    <property name="user.dir" value="/github/workspace/mnt/ozone/hadoop-ozone/integration-test"/>
    <property name="os.arch" value="amd64"/>
    <property name="java.vm.specification.name" value="Java Virtual Machine Specification"/>
    <property name="test.build.classes" value="/github/workspace/mnt/ozone/hadoop-ozone/integration-test/target/test-classes"/>
    <property name="java.awt.printerjob" value="sun.print.PSPrinterJob"/>
    <property name="sun.os.patch.level" value="unknown"/>
    <property name="hadoop.tmp.dir" value="/github/workspace/mnt/ozone/hadoop-ozone/integration-test/target/tmp"/>
    <property name="java.library.path" value="/usr/lib:/usr/java/packages/lib/amd64:/usr/lib64:/lib64:/lib:/usr/lib"/>
    <property name="java.vm.info" value="mixed mode"/>
    <property name="java.vendor" value="Oracle Corporation"/>
    <property name="java.vm.version" value="25.232-b09"/>
    <property name="java.ext.dirs" value="/usr/lib/jvm/java-1.8.0-openjdk-1.8.0.232.b09-0.el7_7.x86_64/jre/lib/ext:/usr/java/packages/lib/ext"/>
    <property name="sun.io.unicode.encoding" value="UnicodeLittle"/>
    <property name="java.class.version" value="52.0"/>
  </properties>
  <testcase name="testStoppedMaintenanceNodeTakesScmStateOnRestart" classname="org.apache.hadoop.ozone.scm.node.TestDecommissionAndMaintenance" time="92.603"/>
  <testcase name="testContainerIsReplicatedWhenAllNodesGotoMaintenance" classname="org.apache.hadoop.ozone.scm.node.TestDecommissionAndMaintenance" time="91.148"/>
  <testcase name="testDecommissionedStateReinstatedAfterSCMRestart" classname="org.apache.hadoop.ozone.scm.node.TestDecommissionAndMaintenance" time="77.746"/>
  <testcase name="testMaintenanceEndsAutomaticallyAtTimeout" classname="org.apache.hadoop.ozone.scm.node.TestDecommissionAndMaintenance" time="103.032"/>
  <testcase name="testDecommissionedNodeCanBeRecommissioned" classname="org.apache.hadoop.ozone.scm.node.TestDecommissionAndMaintenance" time="74.598"/>
  <testcase name="testNodeWithOpenPipelineCanBeDecommissioned" classname="org.apache.hadoop.ozone.scm.node.TestDecommissionAndMaintenance" time="76.518"/>
  <testcase name="testSingleNodeWithOpenPipelineCanGotoMaintenance" classname="org.apache.hadoop.ozone.scm.node.TestDecommissionAndMaintenance" time="79.903"/>
  <testcase name="testSCMHandlesRestartForMaintenanceNode" classname="org.apache.hadoop.ozone.scm.node.TestDecommissionAndMaintenance" time="94.016"/>
  <testcase name="testStoppedDecommissionedNodeTakesSCMStateOnRestart" classname="org.apache.hadoop.ozone.scm.node.TestDecommissionAndMaintenance" time="94.053"/>
  <testcase name="testEnteringMaintenanceNodeCompletesAfterSCMRestart" classname="org.apache.hadoop.ozone.scm.node.TestDecommissionAndMaintenance" time="82.513">
    <failure message="expected:&lt;5&gt; but was:&lt;6&gt;" type="junit.framework.AssertionFailedError"><![CDATA[junit.framework.AssertionFailedError: expected:<5> but was:<6>
	at junit.framework.Assert.fail(Assert.java:57)
	at junit.framework.Assert.failNotEquals(Assert.java:329)
	at junit.framework.Assert.assertEquals(Assert.java:78)
	at junit.framework.Assert.assertEquals(Assert.java:234)
	at junit.framework.Assert.assertEquals(Assert.java:241)
	at junit.framework.TestCase.assertEquals(TestCase.java:409)
	at org.apache.hadoop.ozone.scm.node.TestDecommissionAndMaintenance.testEnteringMaintenanceNodeCompletesAfterSCMRestart(TestDecommissionAndMaintenance.java:451)
	at sun.reflect.NativeMethodAccessorImpl.invoke0(Native Method)
	at sun.reflect.NativeMethodAccessorImpl.invoke(NativeMethodAccessorImpl.java:62)
	at sun.reflect.DelegatingMethodAccessorImpl.invoke(DelegatingMethodAccessorImpl.java:43)
	at java.lang.reflect.Method.invoke(Method.java:498)
	at org.junit.runners.model.FrameworkMethod$1.runReflectiveCall(FrameworkMethod.java:47)
	at org.junit.internal.runners.model.ReflectiveCallable.run(ReflectiveCallable.java:12)
	at org.junit.runners.model.FrameworkMethod.invokeExplosively(FrameworkMethod.java:44)
	at org.junit.internal.runners.statements.InvokeMethod.evaluate(InvokeMethod.java:17)
	at org.junit.internal.runners.statements.RunBefores.evaluate(RunBefores.java:26)
	at org.junit.internal.runners.statements.RunAfters.evaluate(RunAfters.java:27)
	at org.junit.runners.ParentRunner.runLeaf(ParentRunner.java:271)
	at org.junit.runners.BlockJUnit4ClassRunner.runChild(BlockJUnit4ClassRunner.java:70)
	at org.junit.runners.BlockJUnit4ClassRunner.runChild(BlockJUnit4ClassRunner.java:50)
	at org.junit.runners.ParentRunner$3.run(ParentRunner.java:238)
	at org.junit.runners.ParentRunner$1.schedule(ParentRunner.java:63)
	at org.junit.runners.ParentRunner.runChildren(ParentRunner.java:236)
	at org.junit.runners.ParentRunner.access$000(ParentRunner.java:53)
	at org.junit.runners.ParentRunner$2.evaluate(ParentRunner.java:229)
	at org.junit.runners.ParentRunner.run(ParentRunner.java:309)
	at org.apache.maven.surefire.junit4.JUnit4Provider.execute(JUnit4Provider.java:365)
	at org.apache.maven.surefire.junit4.JUnit4Provider.executeWithRerun(JUnit4Provider.java:273)
	at org.apache.maven.surefire.junit4.JUnit4Provider.executeTestSet(JUnit4Provider.java:238)
	at org.apache.maven.surefire.junit4.JUnit4Provider.invoke(JUnit4Provider.java:159)
	at org.apache.maven.surefire.booter.ForkedBooter.invokeProviderInSameClassLoader(ForkedBooter.java:384)
	at org.apache.maven.surefire.booter.ForkedBooter.runSuitesInProcess(ForkedBooter.java:345)
	at org.apache.maven.surefire.booter.ForkedBooter.execute(ForkedBooter.java:126)
	at org.apache.maven.surefire.booter.ForkedBooter.main(ForkedBooter.java:418)
]]></failure>
    <system-out><![CDATA[2021-01-11 02:52:24,286 [Listener at 127.0.0.1/44553] WARN  server.ServerUtils (ServerUtils.java:getScmDbDir(148)) - ozone.scm.db.dirs is not configured. We recommend adding this setting. Falling back to ozone.metadata.dirs instead.
2021-01-11 02:52:24,288 [Listener at 127.0.0.1/44553] WARN  server.ServerUtils (ServerUtils.java:getScmDbDir(148)) - ozone.scm.db.dirs is not configured. We recommend adding this setting. Falling back to ozone.metadata.dirs instead.
2021-01-11 02:52:24,288 [Listener at 127.0.0.1/44553] WARN  db.DBStoreBuilder (DBStoreBuilder.java:applyDBDefinition(145)) - ozone.scm.db.dirs is not configured. We recommend adding this setting. Falling back to ozone.metadata.dirs instead.
2021-01-11 02:52:24,305 [Listener at 127.0.0.1/44553] INFO  net.NodeSchemaLoader (NodeSchemaLoader.java:loadSchemaFromFile(126)) - Loading file from sun.misc.CompoundEnumeration@263f26b3
2021-01-11 02:52:24,305 [Listener at 127.0.0.1/44553] INFO  net.NodeSchemaLoader (NodeSchemaLoader.java:loadSchema(172)) - Loading network topology layer schema file
2021-01-11 02:52:24,314 [Listener at 127.0.0.1/44553] INFO  node.SCMNodeManager (SCMNodeManager.java:<init>(123)) - Entering startup safe mode.
2021-01-11 02:52:24,315 [Listener at 127.0.0.1/44553] INFO  algorithms.ContainerPlacementPolicyFactory (ContainerPlacementPolicyFactory.java:getPolicy(60)) - Create container placement policy of type org.apache.hadoop.hdds.scm.container.placement.algorithms.SCMContainerPlacementRandom
2021-01-11 02:52:24,315 [Listener at 127.0.0.1/44553] INFO  algorithms.LeaderChoosePolicyFactory (LeaderChoosePolicyFactory.java:getPolicy(57)) - Create leader choose policy of type org.apache.hadoop.hdds.scm.pipeline.leader.choose.algorithms.MinLeaderCountChoosePolicy
2021-01-11 02:52:24,315 [Listener at 127.0.0.1/44553] INFO  pipeline.SCMPipelineManager (SCMPipelineManager.java:initializePipelineState(161)) - No pipeline exists in current db
2021-01-11 02:52:24,315 [Listener at 127.0.0.1/44553] INFO  algorithms.PipelineChoosePolicyFactory (PipelineChoosePolicyFactory.java:createPipelineChoosePolicyFromClass(75)) - Create pipeline choose policy of type org.apache.hadoop.hdds.scm.pipeline.choose.algorithms.RandomPipelineChoosePolicy
2021-01-11 02:52:24,316 [Listener at 127.0.0.1/44553] INFO  safemode.HealthyPipelineSafeModeRule (HealthyPipelineSafeModeRule.java:<init>(89)) - Total pipeline count is 0, healthy pipeline threshold count is 0
2021-01-11 02:52:24,316 [Listener at 127.0.0.1/44553] INFO  safemode.OneReplicaPipelineSafeModeRule (OneReplicaPipelineSafeModeRule.java:<init>(85)) - Total pipeline count is 0, pipeline's with at least one datanode reported threshold count is 0
2021-01-11 02:52:24,317 [Listener at 127.0.0.1/44553] INFO  ipc.CallQueueManager (CallQueueManager.java:<init>(84)) - Using callQueue: class java.util.concurrent.LinkedBlockingQueue, queueCapacity: 2000, scheduler: class org.apache.hadoop.ipc.DefaultRpcScheduler, ipcBackoff: false.
2021-01-11 02:52:24,318 [Socket Reader #1 for port 0] INFO  ipc.Server (Server.java:run(1219)) - Starting Socket Reader #1 for port 0
2021-01-11 02:52:24,321 [Listener at 0.0.0.0/40965] INFO  ipc.CallQueueManager (CallQueueManager.java:<init>(84)) - Using callQueue: class java.util.concurrent.LinkedBlockingQueue, queueCapacity: 2000, scheduler: class org.apache.hadoop.ipc.DefaultRpcScheduler, ipcBackoff: false.
2021-01-11 02:52:24,322 [Socket Reader #1 for port 0] INFO  ipc.Server (Server.java:run(1219)) - Starting Socket Reader #1 for port 0
2021-01-11 02:52:24,325 [Listener at 0.0.0.0/35685] INFO  ipc.CallQueueManager (CallQueueManager.java:<init>(84)) - Using callQueue: class java.util.concurrent.LinkedBlockingQueue, queueCapacity: 2000, scheduler: class org.apache.hadoop.ipc.DefaultRpcScheduler, ipcBackoff: false.
2021-01-11 02:52:24,326 [Socket Reader #1 for port 0] INFO  ipc.Server (Server.java:run(1219)) - Starting Socket Reader #1 for port 0
2021-01-11 02:52:24,334 [Listener at 0.0.0.0/44251] INFO  http.BaseHttpServer (BaseHttpServer.java:newHttpServer2BuilderForOzone(207)) - Starting Web-server for scm at: http://0.0.0.0:0
2021-01-11 02:52:24,334 [Listener at 0.0.0.0/44251] INFO  http.BaseHttpServer (BaseHttpServer.java:<init>(106)) - Hadoop Security Enabled: false Ozone Security Enabled: false Ozone HTTP Security Enabled: false 
2021-01-11 02:52:24,335 [Listener at 0.0.0.0/44251] INFO  server.AuthenticationFilter (AuthenticationFilter.java:constructSecretProvider(240)) - Unable to initialize FileSignerSecretProvider, falling back to use random secrets.
2021-01-11 02:52:24,335 [Listener at 0.0.0.0/44251] WARN  http.HttpRequestLog (HttpRequestLog.java:getRequestLog(103)) - Jetty request log can only be enabled using Log4j
2021-01-11 02:52:24,336 [Listener at 0.0.0.0/44251] INFO  http.HttpServer2 (HttpServer2.java:addGlobalFilter(1020)) - Added global filter 'safety' (class=org.apache.hadoop.hdds.server.http.HttpServer2$QuotingInputFilter)
2021-01-11 02:52:24,336 [Listener at 0.0.0.0/44251] INFO  http.HttpServer2 (HttpServer2.java:addFilter(996)) - Added filter static_user_filter (class=org.apache.hadoop.http.lib.StaticUserWebFilter$StaticUserFilter) to context scm
2021-01-11 02:52:24,336 [Listener at 0.0.0.0/44251] INFO  http.HttpServer2 (HttpServer2.java:addFilter(1004)) - Added filter static_user_filter (class=org.apache.hadoop.http.lib.StaticUserWebFilter$StaticUserFilter) to context logs
2021-01-11 02:52:24,336 [Listener at 0.0.0.0/44251] INFO  http.HttpServer2 (HttpServer2.java:addFilter(1004)) - Added filter static_user_filter (class=org.apache.hadoop.http.lib.StaticUserWebFilter$StaticUserFilter) to context static
2021-01-11 02:52:24,337 [Listener at 0.0.0.0/44251] INFO  server.StorageContainerManager (StorageContainerManager.java:start(789)) - StorageContainerLocationProtocol RPC server is listening at /0.0.0.0:44251
2021-01-11 02:52:24,338 [Listener at 0.0.0.0/44251] WARN  impl.MetricsConfig (MetricsConfig.java:loadFirst(134)) - Cannot locate configuration: tried hadoop-metrics2-storagecontainermanager.properties,hadoop-metrics2.properties
2021-01-11 02:52:24,339 [Listener at 0.0.0.0/44251] INFO  impl.MetricsSystemImpl (MetricsSystemImpl.java:startTimer(374)) - Scheduled Metric snapshot period at 10 second(s).
2021-01-11 02:52:24,339 [Listener at 0.0.0.0/44251] INFO  impl.MetricsSystemImpl (MetricsSystemImpl.java:start(191)) - StorageContainerManager metrics system started
2021-01-11 02:52:24,359 [Listener at 0.0.0.0/44251] WARN  impl.MetricsSystemImpl (MetricsSystemImpl.java:register(276)) - Sink prometheus already exists!
2021-01-11 02:52:24,374 [Listener at 0.0.0.0/44251] INFO  server.SCMClientProtocolServer (SCMClientProtocolServer.java:start(159)) - RPC server for Client  is listening at /0.0.0.0:44251
2021-01-11 02:52:24,375 [IPC Server Responder] INFO  ipc.Server (Server.java:run(1460)) - IPC Server Responder: starting
2021-01-11 02:52:24,377 [IPC Server listener on 0] INFO  ipc.Server (Server.java:run(1298)) - IPC Server listener on 0: starting
2021-01-11 02:52:24,386 [Listener at 0.0.0.0/44251] INFO  server.StorageContainerManager (StorageContainerManager.java:start(801)) - ScmBlockLocationProtocol RPC server is listening at /0.0.0.0:35685
2021-01-11 02:52:24,386 [Listener at 0.0.0.0/44251] INFO  server.SCMBlockProtocolServer (SCMBlockProtocolServer.java:start(150)) - RPC server for Block Protocol is listening at /0.0.0.0:35685
2021-01-11 02:52:24,386 [IPC Server Responder] INFO  ipc.Server (Server.java:run(1460)) - IPC Server Responder: starting
2021-01-11 02:52:24,389 [IPC Server listener on 0] INFO  ipc.Server (Server.java:run(1298)) - IPC Server listener on 0: starting
2021-01-11 02:52:24,394 [Listener at 0.0.0.0/44251] INFO  server.StorageContainerManager (StorageContainerManager.java:start(807)) - ScmDatanodeProtocl RPC server is listening at /0.0.0.0:40965
2021-01-11 02:52:24,394 [Listener at 0.0.0.0/44251] INFO  server.SCMDatanodeProtocolServer (SCMDatanodeProtocolServer.java:start(174)) - RPC server for DataNodes is listening at /0.0.0.0:40965
2021-01-11 02:52:24,394 [IPC Server Responder] INFO  ipc.Server (Server.java:run(1460)) - IPC Server Responder: starting
2021-01-11 02:52:24,394 [IPC Server listener on 0] INFO  ipc.Server (Server.java:run(1298)) - IPC Server listener on 0: starting
2021-01-11 02:52:24,398 [Listener at 0.0.0.0/44251] INFO  http.HttpServer2 (HttpServer2.java:bindListener(1238)) - Jetty bound to port 44535
2021-01-11 02:52:24,398 [Listener at 0.0.0.0/44251] INFO  server.Server (Server.java:doStart(375)) - jetty-9.4.34.v20201102; built: 2020-11-02T14:15:39.302Z; git: e46af88704a893fc12cb0e3bf46e2c7b48a009e7; jvm 1.8.0_232-b09
2021-01-11 02:52:24,400 [Listener at 0.0.0.0/44251] INFO  server.session (DefaultSessionIdManager.java:doStart(334)) - DefaultSessionIdManager workerName=node0
2021-01-11 02:52:24,401 [Listener at 0.0.0.0/44251] INFO  server.session (DefaultSessionIdManager.java:doStart(339)) - No SessionScavenger set, using defaults
2021-01-11 02:52:24,401 [Listener at 0.0.0.0/44251] INFO  server.session (HouseKeeper.java:startScavenging(132)) - node0 Scavenging every 600000ms
2021-01-11 02:52:24,401 [Listener at 0.0.0.0/44251] INFO  handler.ContextHandler (ContextHandler.java:doStart(916)) - Started o.e.j.s.ServletContextHandler@3e4f326e{logs,/logs,file:///github/workspace/mnt/ozone/hadoop-ozone/integration-test/target/log,AVAILABLE}
2021-01-11 02:52:24,401 [Listener at 0.0.0.0/44251] INFO  handler.ContextHandler (ContextHandler.java:doStart(916)) - Started o.e.j.s.ServletContextHandler@74d9afea{static,/static,file:///github/workspace/mnt/ozone/hadoop-ozone/integration-test/target/test-classes/webapps/static,AVAILABLE}
2021-01-11 02:52:24,403 [Listener at 0.0.0.0/44251] INFO  handler.ContextHandler (ContextHandler.java:doStart(916)) - Started o.e.j.w.WebAppContext@4bc5b2cf{scm,/,file:///github/workspace/mnt/ozone/hadoop-ozone/integration-test/target/test-classes/webapps/scm/,AVAILABLE}{file:/github/workspace/mnt/ozone/hadoop-ozone/integration-test/target/test-classes/webapps/scm}
2021-01-11 02:52:24,404 [Listener at 0.0.0.0/44251] INFO  server.AbstractConnector (AbstractConnector.java:doStart(331)) - Started ServerConnector@60b84649{HTTP/1.1, (http/1.1)}{0.0.0.0:44535}
2021-01-11 02:52:24,404 [Listener at 0.0.0.0/44251] INFO  server.Server (Server.java:doStart(415)) - Started @784452ms
2021-01-11 02:52:24,404 [Listener at 0.0.0.0/44251] WARN  impl.MetricsSystemImpl (MetricsSystemImpl.java:register(276)) - Sink prometheus already exists!
2021-01-11 02:52:24,407 [Listener at 0.0.0.0/44251] INFO  http.BaseHttpServer (BaseHttpServer.java:updateConnectorAddress(327)) - HTTP server of scm listening at http://0.0.0.0:44535
2021-01-11 02:52:24,408 [Listener at 0.0.0.0/44251] WARN  server.ServerUtils (ServerUtils.java:getDBPath(225)) - ozone.om.db.dirs is not configured. We recommend adding this setting. Falling back to ozone.metadata.dirs instead.
2021-01-11 02:52:24,408 [org.apache.hadoop.util.JvmPauseMonitor$Monitor@52b4071c] INFO  util.JvmPauseMonitor (JvmPauseMonitor.java:run(188)) - Starting JVM pause monitor
2021-01-11 02:52:24,409 [Listener at 0.0.0.0/44251] INFO  ha.OMHANodeDetails (OMHANodeDetails.java:loadOMHAConfig(104)) - ozone.om.internal.service.id is not defined, falling back to ozone.om.service.ids to find serviceID for OzoneManager if it is HA enabled cluster
2021-01-11 02:52:24,413 [Listener at 0.0.0.0/44251] INFO  ha.OMHANodeDetails (OMHANodeDetails.java:loadOMHAConfig(213)) - Configuration either no ozone.om.address set. Falling back to the default OM address /127.0.0.1:0
2021-01-11 02:52:24,413 [Listener at 0.0.0.0/44251] INFO  ha.OMHANodeDetails (OMHANodeDetails.java:getOMNodeDetails(241)) - OM Service ID is not set. Setting it to the default ID: omServiceIdDefault
2021-01-11 02:52:24,413 [Listener at 0.0.0.0/44251] WARN  server.ServerUtils (ServerUtils.java:getDBPath(225)) - ozone.om.db.dirs is not configured. We recommend adding this setting. Falling back to ozone.metadata.dirs instead.
2021-01-11 02:52:24,413 [Listener at 0.0.0.0/44251] WARN  server.ServerUtils (ServerUtils.java:getDBPath(225)) - ozone.om.db.dirs is not configured. We recommend adding this setting. Falling back to ozone.metadata.dirs instead.
2021-01-11 02:52:24,418 [Listener at 0.0.0.0/44251] WARN  server.ServerUtils (ServerUtils.java:getDBPath(225)) - ozone.om.db.dirs is not configured. We recommend adding this setting. Falling back to ozone.metadata.dirs instead.
2021-01-11 02:52:24,419 [Listener at 0.0.0.0/44251] INFO  codec.OmKeyInfoCodec (OmKeyInfoCodec.java:<init>(41)) - OmKeyInfoCodec ignorePipeline = true
2021-01-11 02:52:24,419 [Listener at 0.0.0.0/44251] INFO  codec.RepeatedOmKeyInfoCodec (RepeatedOmKeyInfoCodec.java:<init>(40)) - RepeatedOmKeyInfoCodec ignorePipeline = true
2021-01-11 02:52:24,454 [Listener at 0.0.0.0/44251] INFO  om.OzoneManager (OzoneManager.java:addS3GVolumeToDB(3738)) - Created Volume s3v With Owner jenkins1001 required for S3Gateway operations.
2021-01-11 02:52:24,455 [Listener at 0.0.0.0/44251] INFO  ipc.CallQueueManager (CallQueueManager.java:<init>(84)) - Using callQueue: class java.util.concurrent.LinkedBlockingQueue, queueCapacity: 2000, scheduler: class org.apache.hadoop.ipc.DefaultRpcScheduler, ipcBackoff: false.
2021-01-11 02:52:24,455 [Socket Reader #1 for port 0] INFO  ipc.Server (Server.java:run(1219)) - Starting Socket Reader #1 for port 0
2021-01-11 02:52:24,474 [Listener at 127.0.0.1/36003] INFO  impl.MetricsSystemImpl (MetricsSystemImpl.java:init(158)) - OzoneManager metrics system started (again)
2021-01-11 02:52:24,475 [Listener at 127.0.0.1/36003] INFO  om.OzoneManager (OzoneManager.java:start(1160)) - OzoneManager RPC server is listening at localhost/127.0.0.1:36003
2021-01-11 02:52:24,481 [Listener at 127.0.0.1/36003] INFO  http.BaseHttpServer (BaseHttpServer.java:newHttpServer2BuilderForOzone(207)) - Starting Web-server for ozoneManager at: http://0.0.0.0:0
2021-01-11 02:52:24,481 [Listener at 127.0.0.1/36003] INFO  http.BaseHttpServer (BaseHttpServer.java:<init>(106)) - Hadoop Security Enabled: false Ozone Security Enabled: false Ozone HTTP Security Enabled: false 
2021-01-11 02:52:24,482 [Listener at 127.0.0.1/36003] INFO  server.AuthenticationFilter (AuthenticationFilter.java:constructSecretProvider(240)) - Unable to initialize FileSignerSecretProvider, falling back to use random secrets.
2021-01-11 02:52:24,482 [Listener at 127.0.0.1/36003] WARN  http.HttpRequestLog (HttpRequestLog.java:getRequestLog(103)) - Jetty request log can only be enabled using Log4j
2021-01-11 02:52:24,483 [Listener at 127.0.0.1/36003] INFO  http.HttpServer2 (HttpServer2.java:addGlobalFilter(1020)) - Added global filter 'safety' (class=org.apache.hadoop.hdds.server.http.HttpServer2$QuotingInputFilter)
2021-01-11 02:52:24,485 [Listener at 127.0.0.1/36003] INFO  http.HttpServer2 (HttpServer2.java:addFilter(996)) - Added filter static_user_filter (class=org.apache.hadoop.http.lib.StaticUserWebFilter$StaticUserFilter) to context ozoneManager
2021-01-11 02:52:24,485 [Listener at 127.0.0.1/36003] INFO  http.HttpServer2 (HttpServer2.java:addFilter(1004)) - Added filter static_user_filter (class=org.apache.hadoop.http.lib.StaticUserWebFilter$StaticUserFilter) to context static
2021-01-11 02:52:24,485 [Listener at 127.0.0.1/36003] INFO  http.HttpServer2 (HttpServer2.java:addFilter(1004)) - Added filter static_user_filter (class=org.apache.hadoop.http.lib.StaticUserWebFilter$StaticUserFilter) to context logs
2021-01-11 02:52:24,486 [Listener at 127.0.0.1/36003] INFO  http.HttpServer2 (HttpServer2.java:bindListener(1238)) - Jetty bound to port 40539
2021-01-11 02:52:24,486 [Listener at 127.0.0.1/36003] INFO  server.Server (Server.java:doStart(375)) - jetty-9.4.34.v20201102; built: 2020-11-02T14:15:39.302Z; git: e46af88704a893fc12cb0e3bf46e2c7b48a009e7; jvm 1.8.0_232-b09
2021-01-11 02:52:24,491 [Listener at 127.0.0.1/36003] INFO  server.session (DefaultSessionIdManager.java:doStart(334)) - DefaultSessionIdManager workerName=node0
2021-01-11 02:52:24,491 [Listener at 127.0.0.1/36003] INFO  server.session (DefaultSessionIdManager.java:doStart(339)) - No SessionScavenger set, using defaults
2021-01-11 02:52:24,491 [Listener at 127.0.0.1/36003] INFO  server.session (HouseKeeper.java:startScavenging(132)) - node0 Scavenging every 600000ms
2021-01-11 02:52:24,491 [Listener at 127.0.0.1/36003] INFO  handler.ContextHandler (ContextHandler.java:doStart(916)) - Started o.e.j.s.ServletContextHandler@4dc68ffe{logs,/logs,file:///github/workspace/mnt/ozone/hadoop-ozone/integration-test/target/log,AVAILABLE}
2021-01-11 02:52:24,492 [Listener at 127.0.0.1/36003] INFO  handler.ContextHandler (ContextHandler.java:doStart(916)) - Started o.e.j.s.ServletContextHandler@2126610{static,/static,file:///github/workspace/mnt/ozone/hadoop-ozone/integration-test/target/test-classes/webapps/static,AVAILABLE}
2021-01-11 02:52:24,494 [Listener at 127.0.0.1/36003] INFO  handler.ContextHandler (ContextHandler.java:doStart(916)) - Started o.e.j.w.WebAppContext@3b0f98c6{ozoneManager,/,file:///github/workspace/mnt/ozone/hadoop-ozone/integration-test/target/test-classes/webapps/ozoneManager/,AVAILABLE}{file:/github/workspace/mnt/ozone/hadoop-ozone/integration-test/target/test-classes/webapps/ozoneManager}
2021-01-11 02:52:24,494 [Listener at 127.0.0.1/36003] INFO  server.AbstractConnector (AbstractConnector.java:doStart(331)) - Started ServerConnector@216ccf2c{HTTP/1.1, (http/1.1)}{0.0.0.0:40539}
2021-01-11 02:52:24,495 [Listener at 127.0.0.1/36003] INFO  server.Server (Server.java:doStart(415)) - Started @784542ms
2021-01-11 02:52:24,495 [Listener at 127.0.0.1/36003] WARN  impl.MetricsSystemImpl (MetricsSystemImpl.java:register(276)) - Sink prometheus already exists!
2021-01-11 02:52:24,571 [Listener at 127.0.0.1/36003] INFO  http.BaseHttpServer (BaseHttpServer.java:updateConnectorAddress(327)) - HTTP server of ozoneManager listening at http://0.0.0.0:40539
2021-01-11 02:52:24,572 [IPC Server Responder] INFO  ipc.Server (Server.java:run(1460)) - IPC Server Responder: starting
2021-01-11 02:52:24,572 [IPC Server listener on 0] INFO  ipc.Server (Server.java:run(1298)) - IPC Server listener on 0: starting
2021-01-11 02:52:24,578 [Listener at 127.0.0.1/36003] INFO  om.OzoneManager (OzoneManager.java:startTrashEmptier(1281)) - Trash Interval set to 0. Files deleted will not move to trash
2021-01-11 02:52:24,579 [org.apache.hadoop.util.JvmPauseMonitor$Monitor@378d9ea0] INFO  util.JvmPauseMonitor (JvmPauseMonitor.java:run(188)) - Starting JVM pause monitor
2021-01-11 02:52:24,593 [Listener at 127.0.0.1/36003] INFO  impl.MetricsSystemImpl (MetricsSystemImpl.java:init(158)) - HddsDatanode metrics system started (again)
2021-01-11 02:52:24,594 [Listener at 127.0.0.1/36003] INFO  ozone.HddsDatanodeService (HddsDatanodeService.java:start(215)) - HddsDatanodeService host:4354df8493ff ip:172.17.0.2
2021-01-11 02:52:24,597 [Listener at 127.0.0.1/36003] INFO  volume.HddsVolume (HddsVolume.java:<init>(176)) - Creating Volume: /github/workspace/mnt/ozone/hadoop-ozone/integration-test/target/test-dir/MiniOzoneClusterImpl-135c514c-975b-43bb-8c7a-38bae9c970e3/datanode-0/data-0/containers/hdds of storage type : DISK and capacity : 9223372036854775807
2021-01-11 02:52:24,597 [Listener at 127.0.0.1/36003] INFO  volume.MutableVolumeSet (MutableVolumeSet.java:initializeVolumeSet(179)) - Added Volume : /github/workspace/mnt/ozone/hadoop-ozone/integration-test/target/test-dir/MiniOzoneClusterImpl-135c514c-975b-43bb-8c7a-38bae9c970e3/datanode-0/data-0/containers/hdds to VolumeSet
2021-01-11 02:52:24,597 [Listener at 127.0.0.1/36003] INFO  volume.ThrottledAsyncChecker (ThrottledAsyncChecker.java:schedule(141)) - Scheduling a check for /github/workspace/mnt/ozone/hadoop-ozone/integration-test/target/test-dir/MiniOzoneClusterImpl-135c514c-975b-43bb-8c7a-38bae9c970e3/datanode-0/data-0/containers/hdds
2021-01-11 02:52:24,598 [Listener at 127.0.0.1/36003] INFO  volume.HddsVolumeChecker (HddsVolumeChecker.java:checkAllVolumes(200)) - Scheduled health check for volume /github/workspace/mnt/ozone/hadoop-ozone/integration-test/target/test-dir/MiniOzoneClusterImpl-135c514c-975b-43bb-8c7a-38bae9c970e3/datanode-0/data-0/containers/hdds
2021-01-11 02:52:24,611 [Thread-5967] INFO  ozoneimpl.ContainerReader (ContainerReader.java:readVolume(123)) - Start to verify containers on volume /github/workspace/mnt/ozone/hadoop-ozone/integration-test/target/test-dir/MiniOzoneClusterImpl-135c514c-975b-43bb-8c7a-38bae9c970e3/datanode-0/data-0/containers/hdds
2021-01-11 02:52:24,611 [Thread-5967] INFO  ozoneimpl.ContainerReader (ContainerReader.java:readVolume(148)) - Finish verifying containers on volume /github/workspace/mnt/ozone/hadoop-ozone/integration-test/target/test-dir/MiniOzoneClusterImpl-135c514c-975b-43bb-8c7a-38bae9c970e3/datanode-0/data-0/containers/hdds
2021-01-11 02:52:24,611 [Listener at 127.0.0.1/36003] INFO  ozoneimpl.OzoneContainer (OzoneContainer.java:buildContainerSet(206)) - Build ContainerSet costs 0s
2021-01-11 02:52:24,612 [Listener at 127.0.0.1/36003] INFO  server.RaftServer (ConfUtils.java:logGet(44)) - raft.rpc.type = GRPC (default)
2021-01-11 02:52:24,612 [Listener at 127.0.0.1/36003] INFO  grpc.GrpcFactory (GrpcFactory.java:checkPooledByteBufAllocatorUseCacheForAllThreads(48)) - PERFORMANCE WARNING: useCacheForAllThreads is true that may cause Netty to create a lot garbage objects and, as a result, trigger GC.
	It is recommended to disable useCacheForAllThreads by setting -Dorg.apache.ratis.thirdparty.io.netty.allocator.useCacheForAllThreads=false in command line.
2021-01-11 02:52:24,612 [Listener at 127.0.0.1/36003] INFO  grpc.GrpcConfigKeys (ConfUtils.java:logGet(44)) - raft.grpc.server.port = 0 (default)
2021-01-11 02:52:24,613 [Listener at 127.0.0.1/36003] INFO  server.GrpcService (ConfUtils.java:logGet(44)) - raft.grpc.message.size.max = 32MB (=33554432) (custom)
2021-01-11 02:52:24,613 [Listener at 127.0.0.1/36003] INFO  server.RaftServerConfigKeys (ConfUtils.java:logGet(44)) - raft.server.log.appender.buffer.byte-limit = 33554432 (custom)
2021-01-11 02:52:24,613 [Listener at 127.0.0.1/36003] INFO  server.GrpcService (ConfUtils.java:logGet(44)) - raft.grpc.flow.control.window = 5MB (=5242880) (custom)
2021-01-11 02:52:24,613 [Listener at 127.0.0.1/36003] INFO  server.RaftServerConfigKeys (ConfUtils.java:logGet(44)) - raft.server.rpc.request.timeout = 60s (custom)
2021-01-11 02:52:24,614 [Listener at 127.0.0.1/36003] INFO  impl.DataStreamServerImpl (ConfUtils.java:logGet(44)) - raft.datastream.type = DISABLED (default)
2021-01-11 02:52:24,614 [Listener at 127.0.0.1/36003] INFO  server.RaftServerConfigKeys (ConfUtils.java:logGet(44)) - raft.server.rpc.slowness.timeout = 300s (custom)
2021-01-11 02:52:24,614 [Listener at 127.0.0.1/36003] INFO  server.RaftServerConfigKeys (ConfUtils.java:logGet(44)) - raft.server.leaderelection.leader.step-down.wait-time = 10s (default)
2021-01-11 02:52:24,614 [Listener at 127.0.0.1/36003] INFO  server.RaftServerConfigKeys (ConfUtils.java:logGet(44)) - raft.server.storage.dir = [/github/workspace/mnt/ozone/hadoop-ozone/integration-test/target/test-dir/MiniOzoneClusterImpl-135c514c-975b-43bb-8c7a-38bae9c970e3/datanode-0/data/ratis] (custom)
2021-01-11 02:52:34,626 [Listener at 127.0.0.1/36003] INFO  http.BaseHttpServer (BaseHttpServer.java:newHttpServer2BuilderForOzone(207)) - Starting Web-server for hddsDatanode at: http://0.0.0.0:0
2021-01-11 02:52:34,626 [Listener at 127.0.0.1/36003] INFO  http.BaseHttpServer (BaseHttpServer.java:<init>(106)) - Hadoop Security Enabled: false Ozone Security Enabled: false Ozone HTTP Security Enabled: false 
2021-01-11 02:52:34,627 [Listener at 127.0.0.1/36003] INFO  server.AuthenticationFilter (AuthenticationFilter.java:constructSecretProvider(240)) - Unable to initialize FileSignerSecretProvider, falling back to use random secrets.
2021-01-11 02:52:34,628 [Listener at 127.0.0.1/36003] WARN  http.HttpRequestLog (HttpRequestLog.java:getRequestLog(103)) - Jetty request log can only be enabled using Log4j
2021-01-11 02:52:34,628 [Listener at 127.0.0.1/36003] INFO  http.HttpServer2 (HttpServer2.java:addGlobalFilter(1020)) - Added global filter 'safety' (class=org.apache.hadoop.hdds.server.http.HttpServer2$QuotingInputFilter)
2021-01-11 02:52:34,629 [Listener at 127.0.0.1/36003] INFO  http.HttpServer2 (HttpServer2.java:addFilter(996)) - Added filter static_user_filter (class=org.apache.hadoop.http.lib.StaticUserWebFilter$StaticUserFilter) to context hddsDatanode
2021-01-11 02:52:34,629 [Listener at 127.0.0.1/36003] INFO  http.HttpServer2 (HttpServer2.java:addFilter(1004)) - Added filter static_user_filter (class=org.apache.hadoop.http.lib.StaticUserWebFilter$StaticUserFilter) to context static
2021-01-11 02:52:34,629 [Listener at 127.0.0.1/36003] INFO  http.HttpServer2 (HttpServer2.java:addFilter(1004)) - Added filter static_user_filter (class=org.apache.hadoop.http.lib.StaticUserWebFilter$StaticUserFilter) to context logs
2021-01-11 02:52:34,629 [Listener at 127.0.0.1/36003] INFO  http.HttpServer2 (HttpServer2.java:bindListener(1238)) - Jetty bound to port 34679
2021-01-11 02:52:34,630 [Listener at 127.0.0.1/36003] INFO  server.Server (Server.java:doStart(375)) - jetty-9.4.34.v20201102; built: 2020-11-02T14:15:39.302Z; git: e46af88704a893fc12cb0e3bf46e2c7b48a009e7; jvm 1.8.0_232-b09
2021-01-11 02:52:34,630 [Listener at 127.0.0.1/36003] INFO  server.session (DefaultSessionIdManager.java:doStart(334)) - DefaultSessionIdManager workerName=node0
2021-01-11 02:52:34,631 [Listener at 127.0.0.1/36003] INFO  server.session (DefaultSessionIdManager.java:doStart(339)) - No SessionScavenger set, using defaults
2021-01-11 02:52:34,631 [Listener at 127.0.0.1/36003] INFO  server.session (HouseKeeper.java:startScavenging(132)) - node0 Scavenging every 600000ms
2021-01-11 02:52:34,631 [Listener at 127.0.0.1/36003] INFO  handler.ContextHandler (ContextHandler.java:doStart(916)) - Started o.e.j.s.ServletContextHandler@4c08cf9b{logs,/logs,file:///github/workspace/mnt/ozone/hadoop-ozone/integration-test/target/log,AVAILABLE}
2021-01-11 02:52:34,631 [Listener at 127.0.0.1/36003] INFO  handler.ContextHandler (ContextHandler.java:doStart(916)) - Started o.e.j.s.ServletContextHandler@4560dbd2{static,/static,jar:file:/home/user/.m2/repository/org/apache/hadoop/hadoop-hdds-container-service/1.1.0-SNAPSHOT/hadoop-hdds-container-service-1.1.0-SNAPSHOT.jar!/webapps/static,AVAILABLE}
2021-01-11 02:52:34,751 [Listener at 127.0.0.1/36003] INFO  handler.ContextHandler (ContextHandler.java:doStart(916)) - Started o.e.j.w.WebAppContext@793b6fb9{hddsDatanode,/,file:///tmp/jetty-0_0_0_0-34679-hadoop-hdds-container-service-1_1_0-SNAPSHOT_jar-_-any-881007822734109598/webapp/,AVAILABLE}{jar:file:/home/user/.m2/repository/org/apache/hadoop/hadoop-hdds-container-service/1.1.0-SNAPSHOT/hadoop-hdds-container-service-1.1.0-SNAPSHOT.jar!/webapps/hddsDatanode}
2021-01-11 02:52:34,752 [Listener at 127.0.0.1/36003] INFO  server.AbstractConnector (AbstractConnector.java:doStart(331)) - Started ServerConnector@717b03be{HTTP/1.1, (http/1.1)}{0.0.0.0:34679}
2021-01-11 02:52:34,752 [Listener at 127.0.0.1/36003] INFO  server.Server (Server.java:doStart(415)) - Started @794799ms
2021-01-11 02:52:34,752 [Listener at 127.0.0.1/36003] WARN  impl.MetricsSystemImpl (MetricsSystemImpl.java:register(276)) - Sink prometheus already exists!
2021-01-11 02:52:39,759 [Listener at 127.0.0.1/36003] INFO  http.BaseHttpServer (BaseHttpServer.java:updateConnectorAddress(327)) - HTTP server of hddsDatanode listening at http://0.0.0.0:34679
2021-01-11 02:52:39,760 [Listener at 127.0.0.1/36003] INFO  impl.MetricsSystemImpl (MetricsSystemImpl.java:init(158)) - HddsDatanode metrics system started (again)
2021-01-11 02:52:39,762 [Listener at 127.0.0.1/36003] INFO  ozone.HddsDatanodeService (HddsDatanodeService.java:start(215)) - HddsDatanodeService host:4354df8493ff ip:172.17.0.2
2021-01-11 02:52:39,763 [Listener at 127.0.0.1/36003] INFO  volume.HddsVolume (HddsVolume.java:<init>(176)) - Creating Volume: /github/workspace/mnt/ozone/hadoop-ozone/integration-test/target/test-dir/MiniOzoneClusterImpl-135c514c-975b-43bb-8c7a-38bae9c970e3/datanode-1/data-0/containers/hdds of storage type : DISK and capacity : 9223372036854775807
2021-01-11 02:52:39,763 [Listener at 127.0.0.1/36003] INFO  volume.MutableVolumeSet (MutableVolumeSet.java:initializeVolumeSet(179)) - Added Volume : /github/workspace/mnt/ozone/hadoop-ozone/integration-test/target/test-dir/MiniOzoneClusterImpl-135c514c-975b-43bb-8c7a-38bae9c970e3/datanode-1/data-0/containers/hdds to VolumeSet
2021-01-11 02:52:39,763 [Listener at 127.0.0.1/36003] INFO  volume.ThrottledAsyncChecker (ThrottledAsyncChecker.java:schedule(141)) - Scheduling a check for /github/workspace/mnt/ozone/hadoop-ozone/integration-test/target/test-dir/MiniOzoneClusterImpl-135c514c-975b-43bb-8c7a-38bae9c970e3/datanode-1/data-0/containers/hdds
2021-01-11 02:52:39,765 [org.apache.hadoop.util.JvmPauseMonitor$Monitor@541a26ff] INFO  util.JvmPauseMonitor (JvmPauseMonitor.java:run(188)) - Starting JVM pause monitor
2021-01-11 02:52:39,765 [Datanode State Machine Task Thread - 0] INFO  datanode.InitDatanodeState (InitDatanodeState.java:persistContainerDatanodeDetails(145)) - DatanodeDetails is persisted to /github/workspace/mnt/ozone/hadoop-ozone/integration-test/target/test-dir/MiniOzoneClusterImpl-135c514c-975b-43bb-8c7a-38bae9c970e3/datanode-0/meta/datanode.id
2021-01-11 02:52:39,766 [Listener at 127.0.0.1/36003] INFO  volume.HddsVolumeChecker (HddsVolumeChecker.java:checkAllVolumes(200)) - Scheduled health check for volume /github/workspace/mnt/ozone/hadoop-ozone/integration-test/target/test-dir/MiniOzoneClusterImpl-135c514c-975b-43bb-8c7a-38bae9c970e3/datanode-1/data-0/containers/hdds
2021-01-11 02:52:39,776 [Thread-5978] INFO  ozoneimpl.ContainerReader (ContainerReader.java:readVolume(123)) - Start to verify containers on volume /github/workspace/mnt/ozone/hadoop-ozone/integration-test/target/test-dir/MiniOzoneClusterImpl-135c514c-975b-43bb-8c7a-38bae9c970e3/datanode-1/data-0/containers/hdds
2021-01-11 02:52:39,776 [Thread-5978] INFO  ozoneimpl.ContainerReader (ContainerReader.java:readVolume(148)) - Finish verifying containers on volume /github/workspace/mnt/ozone/hadoop-ozone/integration-test/target/test-dir/MiniOzoneClusterImpl-135c514c-975b-43bb-8c7a-38bae9c970e3/datanode-1/data-0/containers/hdds
2021-01-11 02:52:39,776 [Listener at 127.0.0.1/36003] INFO  ozoneimpl.OzoneContainer (OzoneContainer.java:buildContainerSet(206)) - Build ContainerSet costs 0s
2021-01-11 02:52:39,777 [Listener at 127.0.0.1/36003] INFO  server.RaftServer (ConfUtils.java:logGet(44)) - raft.rpc.type = GRPC (default)
2021-01-11 02:52:39,777 [Listener at 127.0.0.1/36003] INFO  grpc.GrpcFactory (GrpcFactory.java:checkPooledByteBufAllocatorUseCacheForAllThreads(48)) - PERFORMANCE WARNING: useCacheForAllThreads is true that may cause Netty to create a lot garbage objects and, as a result, trigger GC.
	It is recommended to disable useCacheForAllThreads by setting -Dorg.apache.ratis.thirdparty.io.netty.allocator.useCacheForAllThreads=false in command line.
2021-01-11 02:52:39,777 [Listener at 127.0.0.1/36003] INFO  grpc.GrpcConfigKeys (ConfUtils.java:logGet(44)) - raft.grpc.server.port = 0 (default)
2021-01-11 02:52:39,778 [Listener at 127.0.0.1/36003] INFO  server.GrpcService (ConfUtils.java:logGet(44)) - raft.grpc.message.size.max = 32MB (=33554432) (custom)
2021-01-11 02:52:39,778 [Listener at 127.0.0.1/36003] INFO  server.RaftServerConfigKeys (ConfUtils.java:logGet(44)) - raft.server.log.appender.buffer.byte-limit = 33554432 (custom)
2021-01-11 02:52:39,778 [Listener at 127.0.0.1/36003] INFO  server.GrpcService (ConfUtils.java:logGet(44)) - raft.grpc.flow.control.window = 5MB (=5242880) (custom)
2021-01-11 02:52:39,778 [Listener at 127.0.0.1/36003] INFO  server.RaftServerConfigKeys (ConfUtils.java:logGet(44)) - raft.server.rpc.request.timeout = 60s (custom)
2021-01-11 02:52:39,779 [Listener at 127.0.0.1/36003] INFO  impl.DataStreamServerImpl (ConfUtils.java:logGet(44)) - raft.datastream.type = DISABLED (default)
2021-01-11 02:52:39,779 [Listener at 127.0.0.1/36003] INFO  server.RaftServerConfigKeys (ConfUtils.java:logGet(44)) - raft.server.rpc.slowness.timeout = 300s (custom)
2021-01-11 02:52:39,779 [Listener at 127.0.0.1/36003] INFO  server.RaftServerConfigKeys (ConfUtils.java:logGet(44)) - raft.server.leaderelection.leader.step-down.wait-time = 10s (default)
2021-01-11 02:52:39,779 [Listener at 127.0.0.1/36003] INFO  server.RaftServerConfigKeys (ConfUtils.java:logGet(44)) - raft.server.storage.dir = [/github/workspace/mnt/ozone/hadoop-ozone/integration-test/target/test-dir/MiniOzoneClusterImpl-135c514c-975b-43bb-8c7a-38bae9c970e3/datanode-1/data/ratis] (custom)
2021-01-11 02:52:39,783 [Listener at 127.0.0.1/36003] INFO  http.BaseHttpServer (BaseHttpServer.java:newHttpServer2BuilderForOzone(207)) - Starting Web-server for hddsDatanode at: http://0.0.0.0:0
2021-01-11 02:52:39,783 [Listener at 127.0.0.1/36003] INFO  http.BaseHttpServer (BaseHttpServer.java:<init>(106)) - Hadoop Security Enabled: false Ozone Security Enabled: false Ozone HTTP Security Enabled: false 
2021-01-11 02:52:39,784 [Listener at 127.0.0.1/36003] INFO  server.AuthenticationFilter (AuthenticationFilter.java:constructSecretProvider(240)) - Unable to initialize FileSignerSecretProvider, falling back to use random secrets.
2021-01-11 02:52:39,784 [Listener at 127.0.0.1/36003] WARN  http.HttpRequestLog (HttpRequestLog.java:getRequestLog(103)) - Jetty request log can only be enabled using Log4j
2021-01-11 02:52:39,784 [Listener at 127.0.0.1/36003] INFO  http.HttpServer2 (HttpServer2.java:addGlobalFilter(1020)) - Added global filter 'safety' (class=org.apache.hadoop.hdds.server.http.HttpServer2$QuotingInputFilter)
2021-01-11 02:52:39,785 [Listener at 127.0.0.1/36003] INFO  http.HttpServer2 (HttpServer2.java:addFilter(996)) - Added filter static_user_filter (class=org.apache.hadoop.http.lib.StaticUserWebFilter$StaticUserFilter) to context hddsDatanode
2021-01-11 02:52:39,785 [Listener at 127.0.0.1/36003] INFO  http.HttpServer2 (HttpServer2.java:addFilter(1004)) - Added filter static_user_filter (class=org.apache.hadoop.http.lib.StaticUserWebFilter$StaticUserFilter) to context logs
2021-01-11 02:52:39,785 [Listener at 127.0.0.1/36003] INFO  http.HttpServer2 (HttpServer2.java:addFilter(1004)) - Added filter static_user_filter (class=org.apache.hadoop.http.lib.StaticUserWebFilter$StaticUserFilter) to context static
2021-01-11 02:52:39,785 [Listener at 127.0.0.1/36003] INFO  http.HttpServer2 (HttpServer2.java:bindListener(1238)) - Jetty bound to port 36925
2021-01-11 02:52:39,785 [Listener at 127.0.0.1/36003] INFO  server.Server (Server.java:doStart(375)) - jetty-9.4.34.v20201102; built: 2020-11-02T14:15:39.302Z; git: e46af88704a893fc12cb0e3bf46e2c7b48a009e7; jvm 1.8.0_232-b09
2021-01-11 02:52:39,786 [Listener at 127.0.0.1/36003] INFO  server.session (DefaultSessionIdManager.java:doStart(334)) - DefaultSessionIdManager workerName=node0
2021-01-11 02:52:39,786 [Listener at 127.0.0.1/36003] INFO  server.session (DefaultSessionIdManager.java:doStart(339)) - No SessionScavenger set, using defaults
2021-01-11 02:52:39,786 [Listener at 127.0.0.1/36003] INFO  server.session (HouseKeeper.java:startScavenging(132)) - node0 Scavenging every 660000ms
2021-01-11 02:52:39,787 [Listener at 127.0.0.1/36003] INFO  handler.ContextHandler (ContextHandler.java:doStart(916)) - Started o.e.j.s.ServletContextHandler@62b17f08{logs,/logs,file:///github/workspace/mnt/ozone/hadoop-ozone/integration-test/target/log,AVAILABLE}
2021-01-11 02:52:39,787 [Listener at 127.0.0.1/36003] INFO  handler.ContextHandler (ContextHandler.java:doStart(916)) - Started o.e.j.s.ServletContextHandler@2c5ff4a5{static,/static,jar:file:/home/user/.m2/repository/org/apache/hadoop/hadoop-hdds-container-service/1.1.0-SNAPSHOT/hadoop-hdds-container-service-1.1.0-SNAPSHOT.jar!/webapps/static,AVAILABLE}
2021-01-11 02:52:39,920 [Listener at 127.0.0.1/36003] INFO  handler.ContextHandler (ContextHandler.java:doStart(916)) - Started o.e.j.w.WebAppContext@2423aa4a{hddsDatanode,/,file:///tmp/jetty-0_0_0_0-36925-hadoop-hdds-container-service-1_1_0-SNAPSHOT_jar-_-any-6748549122671296563/webapp/,AVAILABLE}{jar:file:/home/user/.m2/repository/org/apache/hadoop/hadoop-hdds-container-service/1.1.0-SNAPSHOT/hadoop-hdds-container-service-1.1.0-SNAPSHOT.jar!/webapps/hddsDatanode}
2021-01-11 02:52:39,925 [Listener at 127.0.0.1/36003] INFO  server.AbstractConnector (AbstractConnector.java:doStart(331)) - Started ServerConnector@11f18d60{HTTP/1.1, (http/1.1)}{0.0.0.0:36925}
2021-01-11 02:52:39,926 [Listener at 127.0.0.1/36003] INFO  server.Server (Server.java:doStart(415)) - Started @799973ms
2021-01-11 02:52:39,926 [Listener at 127.0.0.1/36003] WARN  impl.MetricsSystemImpl (MetricsSystemImpl.java:register(276)) - Sink prometheus already exists!
2021-01-11 02:52:39,929 [Listener at 127.0.0.1/36003] INFO  http.BaseHttpServer (BaseHttpServer.java:updateConnectorAddress(327)) - HTTP server of hddsDatanode listening at http://0.0.0.0:36925
2021-01-11 02:52:39,934 [Listener at 127.0.0.1/36003] INFO  impl.MetricsSystemImpl (MetricsSystemImpl.java:init(158)) - HddsDatanode metrics system started (again)
2021-01-11 02:52:39,935 [Listener at 127.0.0.1/36003] INFO  ozone.HddsDatanodeService (HddsDatanodeService.java:start(215)) - HddsDatanodeService host:4354df8493ff ip:172.17.0.2
2021-01-11 02:52:39,937 [org.apache.hadoop.util.JvmPauseMonitor$Monitor@5548b5d0] INFO  util.JvmPauseMonitor (JvmPauseMonitor.java:run(188)) - Starting JVM pause monitor
2021-01-11 02:52:39,937 [Listener at 127.0.0.1/36003] INFO  volume.HddsVolume (HddsVolume.java:<init>(176)) - Creating Volume: /github/workspace/mnt/ozone/hadoop-ozone/integration-test/target/test-dir/MiniOzoneClusterImpl-135c514c-975b-43bb-8c7a-38bae9c970e3/datanode-2/data-0/containers/hdds of storage type : DISK and capacity : 9223372036854775807
2021-01-11 02:52:39,937 [Datanode State Machine Task Thread - 0] INFO  datanode.InitDatanodeState (InitDatanodeState.java:persistContainerDatanodeDetails(145)) - DatanodeDetails is persisted to /github/workspace/mnt/ozone/hadoop-ozone/integration-test/target/test-dir/MiniOzoneClusterImpl-135c514c-975b-43bb-8c7a-38bae9c970e3/datanode-1/meta/datanode.id
2021-01-11 02:52:39,937 [Listener at 127.0.0.1/36003] INFO  volume.MutableVolumeSet (MutableVolumeSet.java:initializeVolumeSet(179)) - Added Volume : /github/workspace/mnt/ozone/hadoop-ozone/integration-test/target/test-dir/MiniOzoneClusterImpl-135c514c-975b-43bb-8c7a-38bae9c970e3/datanode-2/data-0/containers/hdds to VolumeSet
2021-01-11 02:52:39,938 [Listener at 127.0.0.1/36003] INFO  volume.ThrottledAsyncChecker (ThrottledAsyncChecker.java:schedule(141)) - Scheduling a check for /github/workspace/mnt/ozone/hadoop-ozone/integration-test/target/test-dir/MiniOzoneClusterImpl-135c514c-975b-43bb-8c7a-38bae9c970e3/datanode-2/data-0/containers/hdds
2021-01-11 02:52:39,938 [Listener at 127.0.0.1/36003] INFO  volume.HddsVolumeChecker (HddsVolumeChecker.java:checkAllVolumes(200)) - Scheduled health check for volume /github/workspace/mnt/ozone/hadoop-ozone/integration-test/target/test-dir/MiniOzoneClusterImpl-135c514c-975b-43bb-8c7a-38bae9c970e3/datanode-2/data-0/containers/hdds
2021-01-11 02:52:39,949 [Thread-5989] INFO  ozoneimpl.ContainerReader (ContainerReader.java:readVolume(123)) - Start to verify containers on volume /github/workspace/mnt/ozone/hadoop-ozone/integration-test/target/test-dir/MiniOzoneClusterImpl-135c514c-975b-43bb-8c7a-38bae9c970e3/datanode-2/data-0/containers/hdds
2021-01-11 02:52:39,949 [Thread-5989] INFO  ozoneimpl.ContainerReader (ContainerReader.java:readVolume(148)) - Finish verifying containers on volume /github/workspace/mnt/ozone/hadoop-ozone/integration-test/target/test-dir/MiniOzoneClusterImpl-135c514c-975b-43bb-8c7a-38bae9c970e3/datanode-2/data-0/containers/hdds
2021-01-11 02:52:39,949 [Listener at 127.0.0.1/36003] INFO  ozoneimpl.OzoneContainer (OzoneContainer.java:buildContainerSet(206)) - Build ContainerSet costs 0s
2021-01-11 02:52:39,950 [Listener at 127.0.0.1/36003] INFO  server.RaftServer (ConfUtils.java:logGet(44)) - raft.rpc.type = GRPC (default)
2021-01-11 02:52:39,951 [Listener at 127.0.0.1/36003] INFO  grpc.GrpcFactory (GrpcFactory.java:checkPooledByteBufAllocatorUseCacheForAllThreads(48)) - PERFORMANCE WARNING: useCacheForAllThreads is true that may cause Netty to create a lot garbage objects and, as a result, trigger GC.
	It is recommended to disable useCacheForAllThreads by setting -Dorg.apache.ratis.thirdparty.io.netty.allocator.useCacheForAllThreads=false in command line.
2021-01-11 02:52:39,951 [Listener at 127.0.0.1/36003] INFO  grpc.GrpcConfigKeys (ConfUtils.java:logGet(44)) - raft.grpc.server.port = 0 (default)
2021-01-11 02:52:39,951 [Listener at 127.0.0.1/36003] INFO  server.GrpcService (ConfUtils.java:logGet(44)) - raft.grpc.message.size.max = 32MB (=33554432) (custom)
2021-01-11 02:52:39,951 [Listener at 127.0.0.1/36003] INFO  server.RaftServerConfigKeys (ConfUtils.java:logGet(44)) - raft.server.log.appender.buffer.byte-limit = 33554432 (custom)
2021-01-11 02:52:39,951 [Listener at 127.0.0.1/36003] INFO  server.GrpcService (ConfUtils.java:logGet(44)) - raft.grpc.flow.control.window = 5MB (=5242880) (custom)
2021-01-11 02:52:39,951 [Listener at 127.0.0.1/36003] INFO  server.RaftServerConfigKeys (ConfUtils.java:logGet(44)) - raft.server.rpc.request.timeout = 60s (custom)
2021-01-11 02:52:39,952 [Listener at 127.0.0.1/36003] INFO  impl.DataStreamServerImpl (ConfUtils.java:logGet(44)) - raft.datastream.type = DISABLED (default)
2021-01-11 02:52:39,952 [Listener at 127.0.0.1/36003] INFO  server.RaftServerConfigKeys (ConfUtils.java:logGet(44)) - raft.server.rpc.slowness.timeout = 300s (custom)
2021-01-11 02:52:39,952 [Listener at 127.0.0.1/36003] INFO  server.RaftServerConfigKeys (ConfUtils.java:logGet(44)) - raft.server.leaderelection.leader.step-down.wait-time = 10s (default)
2021-01-11 02:52:39,952 [Listener at 127.0.0.1/36003] INFO  server.RaftServerConfigKeys (ConfUtils.java:logGet(44)) - raft.server.storage.dir = [/github/workspace/mnt/ozone/hadoop-ozone/integration-test/target/test-dir/MiniOzoneClusterImpl-135c514c-975b-43bb-8c7a-38bae9c970e3/datanode-2/data/ratis] (custom)
2021-01-11 02:52:41,772 [EndpointStateMachine task thread for /0.0.0.0:40965 - 0 ] INFO  ozoneimpl.OzoneContainer (OzoneContainer.java:start(255)) - Attempting to start container services.
2021-01-11 02:52:41,772 [EndpointStateMachine task thread for /0.0.0.0:40965 - 0 ] INFO  ozoneimpl.OzoneContainer (OzoneContainer.java:startContainerScrub(219)) - Background container scanner has been disabled.
2021-01-11 02:52:41,772 [EndpointStateMachine task thread for /0.0.0.0:40965 - 0 ] INFO  replication.ReplicationServer (ReplicationServer.java:start(111)) - ReplicationServer is started using port 45911
2021-01-11 02:52:41,772 [EndpointStateMachine task thread for /0.0.0.0:40965 - 0 ] INFO  ratis.XceiverServerRatis (XceiverServerRatis.java:start(455)) - Starting XceiverServerRatis 8fdece96-174e-440b-9c34-b82ee45bcc56 at port 0
2021-01-11 02:52:41,773 [EndpointStateMachine task thread for /0.0.0.0:40965 - 0 ] INFO  server.RaftServer (RaftServerProxy.java:lambda$start$5(372)) - 8fdece96-174e-440b-9c34-b82ee45bcc56: start RPC server
2021-01-11 02:52:41,773 [EndpointStateMachine task thread for /0.0.0.0:40965 - 0 ] INFO  server.GrpcService (GrpcService.java:startImpl(176)) - 8fdece96-174e-440b-9c34-b82ee45bcc56: GrpcService started, listening on 0.0.0.0/0.0.0.0:38051
2021-01-11 02:52:41,774 [EndpointStateMachine task thread for /0.0.0.0:40965 - 0 ] INFO  ratis.XceiverServerRatis (XceiverServerRatis.java:start(467)) - XceiverServerRatis 8fdece96-174e-440b-9c34-b82ee45bcc56 is started using port 38051
2021-01-11 02:52:41,774 [org.apache.ratis.util.JvmPauseMonitor$$Lambda$220/1349812019@4613e427] INFO  util.JvmPauseMonitor (JvmPauseMonitor.java:run(103)) - JvmPauseMonitor-8fdece96-174e-440b-9c34-b82ee45bcc56: Started
2021-01-11 02:52:41,774 [EndpointStateMachine task thread for /0.0.0.0:40965 - 0 ] INFO  server.XceiverServerGrpc (XceiverServerGrpc.java:start(139)) - XceiverServerGrpc 8fdece96-174e-440b-9c34-b82ee45bcc56 is started using port 38693
2021-01-11 02:52:41,940 [EndpointStateMachine task thread for /0.0.0.0:40965 - 0 ] INFO  ozoneimpl.OzoneContainer (OzoneContainer.java:start(255)) - Attempting to start container services.
2021-01-11 02:52:41,940 [EndpointStateMachine task thread for /0.0.0.0:40965 - 0 ] INFO  ozoneimpl.OzoneContainer (OzoneContainer.java:startContainerScrub(219)) - Background container scanner has been disabled.
2021-01-11 02:52:41,940 [EndpointStateMachine task thread for /0.0.0.0:40965 - 0 ] INFO  replication.ReplicationServer (ReplicationServer.java:start(111)) - ReplicationServer is started using port 46453
2021-01-11 02:52:41,940 [EndpointStateMachine task thread for /0.0.0.0:40965 - 0 ] INFO  ratis.XceiverServerRatis (XceiverServerRatis.java:start(455)) - Starting XceiverServerRatis 27072a30-1791-4eaf-beda-714f523a0d74 at port 0
2021-01-11 02:52:41,945 [EndpointStateMachine task thread for /0.0.0.0:40965 - 0 ] INFO  server.RaftServer (RaftServerProxy.java:lambda$start$5(372)) - 27072a30-1791-4eaf-beda-714f523a0d74: start RPC server
2021-01-11 02:52:41,946 [EndpointStateMachine task thread for /0.0.0.0:40965 - 0 ] INFO  server.GrpcService (GrpcService.java:startImpl(176)) - 27072a30-1791-4eaf-beda-714f523a0d74: GrpcService started, listening on 0.0.0.0/0.0.0.0:41503
2021-01-11 02:52:41,946 [EndpointStateMachine task thread for /0.0.0.0:40965 - 0 ] INFO  ratis.XceiverServerRatis (XceiverServerRatis.java:start(467)) - XceiverServerRatis 27072a30-1791-4eaf-beda-714f523a0d74 is started using port 41503
2021-01-11 02:52:41,946 [org.apache.ratis.util.JvmPauseMonitor$$Lambda$220/1349812019@106cbc3] INFO  util.JvmPauseMonitor (JvmPauseMonitor.java:run(103)) - JvmPauseMonitor-27072a30-1791-4eaf-beda-714f523a0d74: Started
2021-01-11 02:52:41,946 [EndpointStateMachine task thread for /0.0.0.0:40965 - 0 ] INFO  server.XceiverServerGrpc (XceiverServerGrpc.java:start(139)) - XceiverServerGrpc 27072a30-1791-4eaf-beda-714f523a0d74 is started using port 38843
2021-01-11 02:52:43,766 [IPC Server handler 0 on default port 40965] INFO  net.NetworkTopologyImpl (NetworkTopologyImpl.java:add(111)) - Added a new node: /default-rack/8fdece96-174e-440b-9c34-b82ee45bcc56
2021-01-11 02:52:43,767 [IPC Server handler 0 on default port 40965] INFO  node.SCMNodeManager (SCMNodeManager.java:register(341)) - Registered Data node : 8fdece96-174e-440b-9c34-b82ee45bcc56{ip: 172.17.0.2, host: 4354df8493ff, networkLocation: /default-rack, certSerialId: null, persistedOpState: IN_SERVICE, persistedOpStateExpiryEpochSec: 0}
2021-01-11 02:52:43,768 [RatisPipelineUtilsThread] INFO  pipeline.RatisPipelineProvider (RatisPipelineProvider.java:lambda$create$0(161)) - Sending CreatePipelineCommand for pipeline:PipelineID=a50250e3-8692-4e27-98e4-9ffc13eae06e to datanode:8fdece96-174e-440b-9c34-b82ee45bcc56
2021-01-11 02:52:43,768 [RatisPipelineUtilsThread] INFO  pipeline.PipelineStateManager (PipelineStateManager.java:addPipeline(54)) - Created pipeline Pipeline[ Id: a50250e3-8692-4e27-98e4-9ffc13eae06e, Nodes: 8fdece96-174e-440b-9c34-b82ee45bcc56{ip: 172.17.0.2, host: 4354df8493ff, networkLocation: /default-rack, certSerialId: null, persistedOpState: IN_SERVICE, persistedOpStateExpiryEpochSec: 0}, Type:RATIS, Factor:ONE, State:ALLOCATED, leaderId:, CreationTimestamp2021-01-11T02:52:43.768Z]
2021-01-11 02:52:43,769 [EventQueue-NodeRegistrationContainerReportForContainerSafeModeRule] INFO  safemode.SCMSafeModeManager (SCMSafeModeManager.java:validateSafeModeExitRules(214)) - ContainerSafeModeRule rule is successfully validated
2021-01-11 02:52:43,769 [EventQueue-NodeRegistrationContainerReportForDataNodeSafeModeRule] INFO  safemode.SCMSafeModeManager (DataNodeSafeModeRule.java:process(71)) - SCM in safe mode. 1 DataNodes registered, 1 required.
2021-01-11 02:52:43,773 [EventQueue-NodeRegistrationContainerReportForDataNodeSafeModeRule] INFO  safemode.SCMSafeModeManager (SCMSafeModeManager.java:validateSafeModeExitRules(214)) - DataNodeSafeModeRule rule is successfully validated
2021-01-11 02:52:43,773 [EventQueue-NodeRegistrationContainerReportForDataNodeSafeModeRule] INFO  safemode.SCMSafeModeManager (SCMSafeModeManager.java:completePreCheck(242)) - All SCM safe mode pre check rules have passed
2021-01-11 02:52:43,774 [RatisPipelineUtilsThread] WARN  pipeline.PipelinePlacementPolicy (PipelinePlacementPolicy.java:filterViableNodes(142)) - Pipeline creation failed due to no sufficient healthy datanodes. Required 3. Found 1.
2021-01-11 02:52:43,774 [EventQueue-PipelineReportForOneReplicaPipelineSafeModeRule] INFO  safemode.SCMSafeModeManager (SCMSafeModeManager.java:validateSafeModeExitRules(214)) - AtleastOneDatanodeReportedRule rule is successfully validated
2021-01-11 02:52:43,937 [IPC Server handler 11 on default port 40965] INFO  net.NetworkTopologyImpl (NetworkTopologyImpl.java:add(111)) - Added a new node: /default-rack/27072a30-1791-4eaf-beda-714f523a0d74
2021-01-11 02:52:43,938 [IPC Server handler 11 on default port 40965] INFO  node.SCMNodeManager (SCMNodeManager.java:register(341)) - Registered Data node : 27072a30-1791-4eaf-beda-714f523a0d74{ip: 172.17.0.2, host: 4354df8493ff, networkLocation: /default-rack, certSerialId: null, persistedOpState: IN_SERVICE, persistedOpStateExpiryEpochSec: 0}
2021-01-11 02:52:43,938 [EventQueue-NodeRegistrationContainerReportForContainerSafeModeRule] INFO  safemode.SCMSafeModeManager (SCMSafeModeManager.java:validateSafeModeExitRules(214)) - ContainerSafeModeRule rule is successfully validated
2021-01-11 02:52:43,938 [RatisPipelineUtilsThread] INFO  pipeline.RatisPipelineProvider (RatisPipelineProvider.java:lambda$create$0(161)) - Sending CreatePipelineCommand for pipeline:PipelineID=cc30ad36-3b76-44f5-ab8e-8a2a89374153 to datanode:27072a30-1791-4eaf-beda-714f523a0d74
2021-01-11 02:52:43,938 [EventQueue-NodeRegistrationContainerReportForDataNodeSafeModeRule] INFO  safemode.SCMSafeModeManager (SCMSafeModeManager.java:validateSafeModeExitRules(214)) - DataNodeSafeModeRule rule is successfully validated
2021-01-11 02:52:43,938 [EventQueue-PipelineReportForOneReplicaPipelineSafeModeRule] INFO  safemode.SCMSafeModeManager (SCMSafeModeManager.java:validateSafeModeExitRules(214)) - AtleastOneDatanodeReportedRule rule is successfully validated
2021-01-11 02:52:43,938 [RatisPipelineUtilsThread] INFO  pipeline.PipelineStateManager (PipelineStateManager.java:addPipeline(54)) - Created pipeline Pipeline[ Id: cc30ad36-3b76-44f5-ab8e-8a2a89374153, Nodes: 27072a30-1791-4eaf-beda-714f523a0d74{ip: 172.17.0.2, host: 4354df8493ff, networkLocation: /default-rack, certSerialId: null, persistedOpState: IN_SERVICE, persistedOpStateExpiryEpochSec: 0}, Type:RATIS, Factor:ONE, State:ALLOCATED, leaderId:, CreationTimestamp2021-01-11T02:52:43.938Z]
2021-01-11 02:52:43,939 [RatisPipelineUtilsThread] WARN  pipeline.PipelinePlacementPolicy (PipelinePlacementPolicy.java:filterViableNodes(142)) - Pipeline creation failed due to no sufficient healthy datanodes. Required 3. Found 2.
2021-01-11 02:52:44,960 [Listener at 127.0.0.1/36003] INFO  http.BaseHttpServer (BaseHttpServer.java:newHttpServer2BuilderForOzone(207)) - Starting Web-server for hddsDatanode at: http://0.0.0.0:0
2021-01-11 02:52:44,960 [Listener at 127.0.0.1/36003] INFO  http.BaseHttpServer (BaseHttpServer.java:<init>(106)) - Hadoop Security Enabled: false Ozone Security Enabled: false Ozone HTTP Security Enabled: false 
2021-01-11 02:52:44,961 [Listener at 127.0.0.1/36003] INFO  server.AuthenticationFilter (AuthenticationFilter.java:constructSecretProvider(240)) - Unable to initialize FileSignerSecretProvider, falling back to use random secrets.
2021-01-11 02:52:44,962 [Listener at 127.0.0.1/36003] WARN  http.HttpRequestLog (HttpRequestLog.java:getRequestLog(103)) - Jetty request log can only be enabled using Log4j
2021-01-11 02:52:44,963 [Listener at 127.0.0.1/36003] INFO  http.HttpServer2 (HttpServer2.java:addGlobalFilter(1020)) - Added global filter 'safety' (class=org.apache.hadoop.hdds.server.http.HttpServer2$QuotingInputFilter)
2021-01-11 02:52:44,963 [Listener at 127.0.0.1/36003] INFO  http.HttpServer2 (HttpServer2.java:addFilter(996)) - Added filter static_user_filter (class=org.apache.hadoop.http.lib.StaticUserWebFilter$StaticUserFilter) to context hddsDatanode
2021-01-11 02:52:44,963 [Listener at 127.0.0.1/36003] INFO  http.HttpServer2 (HttpServer2.java:addFilter(1004)) - Added filter static_user_filter (class=org.apache.hadoop.http.lib.StaticUserWebFilter$StaticUserFilter) to context static
2021-01-11 02:52:44,963 [Listener at 127.0.0.1/36003] INFO  http.HttpServer2 (HttpServer2.java:addFilter(1004)) - Added filter static_user_filter (class=org.apache.hadoop.http.lib.StaticUserWebFilter$StaticUserFilter) to context logs
2021-01-11 02:52:44,964 [Listener at 127.0.0.1/36003] INFO  http.HttpServer2 (HttpServer2.java:bindListener(1238)) - Jetty bound to port 39693
2021-01-11 02:52:44,964 [Listener at 127.0.0.1/36003] INFO  server.Server (Server.java:doStart(375)) - jetty-9.4.34.v20201102; built: 2020-11-02T14:15:39.302Z; git: e46af88704a893fc12cb0e3bf46e2c7b48a009e7; jvm 1.8.0_232-b09
2021-01-11 02:52:44,965 [Listener at 127.0.0.1/36003] INFO  server.session (DefaultSessionIdManager.java:doStart(334)) - DefaultSessionIdManager workerName=node0
2021-01-11 02:52:44,965 [Listener at 127.0.0.1/36003] INFO  server.session (DefaultSessionIdManager.java:doStart(339)) - No SessionScavenger set, using defaults
2021-01-11 02:52:44,965 [Listener at 127.0.0.1/36003] INFO  server.session (HouseKeeper.java:startScavenging(132)) - node0 Scavenging every 600000ms
2021-01-11 02:52:44,965 [Listener at 127.0.0.1/36003] INFO  handler.ContextHandler (ContextHandler.java:doStart(916)) - Started o.e.j.s.ServletContextHandler@6b906d88{logs,/logs,file:///github/workspace/mnt/ozone/hadoop-ozone/integration-test/target/log,AVAILABLE}
2021-01-11 02:52:44,966 [Listener at 127.0.0.1/36003] INFO  handler.ContextHandler (ContextHandler.java:doStart(916)) - Started o.e.j.s.ServletContextHandler@30515926{static,/static,jar:file:/home/user/.m2/repository/org/apache/hadoop/hadoop-hdds-container-service/1.1.0-SNAPSHOT/hadoop-hdds-container-service-1.1.0-SNAPSHOT.jar!/webapps/static,AVAILABLE}
2021-01-11 02:52:45,084 [Listener at 127.0.0.1/36003] INFO  handler.ContextHandler (ContextHandler.java:doStart(916)) - Started o.e.j.w.WebAppContext@1914bfa1{hddsDatanode,/,file:///tmp/jetty-0_0_0_0-39693-hadoop-hdds-container-service-1_1_0-SNAPSHOT_jar-_-any-1375281497763603234/webapp/,AVAILABLE}{jar:file:/home/user/.m2/repository/org/apache/hadoop/hadoop-hdds-container-service/1.1.0-SNAPSHOT/hadoop-hdds-container-service-1.1.0-SNAPSHOT.jar!/webapps/hddsDatanode}
2021-01-11 02:52:45,085 [Listener at 127.0.0.1/36003] INFO  server.AbstractConnector (AbstractConnector.java:doStart(331)) - Started ServerConnector@258c38ce{HTTP/1.1, (http/1.1)}{0.0.0.0:39693}
2021-01-11 02:52:45,085 [Listener at 127.0.0.1/36003] INFO  server.Server (Server.java:doStart(415)) - Started @805133ms
2021-01-11 02:52:45,085 [Listener at 127.0.0.1/36003] WARN  impl.MetricsSystemImpl (MetricsSystemImpl.java:register(276)) - Sink prometheus already exists!
2021-01-11 02:52:45,088 [Listener at 127.0.0.1/36003] INFO  http.BaseHttpServer (BaseHttpServer.java:updateConnectorAddress(327)) - HTTP server of hddsDatanode listening at http://0.0.0.0:39693
2021-01-11 02:52:45,093 [Listener at 127.0.0.1/36003] INFO  impl.MetricsSystemImpl (MetricsSystemImpl.java:init(158)) - HddsDatanode metrics system started (again)
2021-01-11 02:52:45,095 [Listener at 127.0.0.1/36003] INFO  ozone.HddsDatanodeService (HddsDatanodeService.java:start(215)) - HddsDatanodeService host:4354df8493ff ip:172.17.0.2
2021-01-11 02:52:45,097 [org.apache.hadoop.util.JvmPauseMonitor$Monitor@782f8838] INFO  util.JvmPauseMonitor (JvmPauseMonitor.java:run(188)) - Starting JVM pause monitor
2021-01-11 02:52:45,097 [Datanode State Machine Task Thread - 0] INFO  datanode.InitDatanodeState (InitDatanodeState.java:persistContainerDatanodeDetails(145)) - DatanodeDetails is persisted to /github/workspace/mnt/ozone/hadoop-ozone/integration-test/target/test-dir/MiniOzoneClusterImpl-135c514c-975b-43bb-8c7a-38bae9c970e3/datanode-2/meta/datanode.id
2021-01-11 02:52:45,098 [Listener at 127.0.0.1/36003] INFO  volume.HddsVolume (HddsVolume.java:<init>(176)) - Creating Volume: /github/workspace/mnt/ozone/hadoop-ozone/integration-test/target/test-dir/MiniOzoneClusterImpl-135c514c-975b-43bb-8c7a-38bae9c970e3/datanode-3/data-0/containers/hdds of storage type : DISK and capacity : 9223372036854775807
2021-01-11 02:52:45,098 [Listener at 127.0.0.1/36003] INFO  volume.MutableVolumeSet (MutableVolumeSet.java:initializeVolumeSet(179)) - Added Volume : /github/workspace/mnt/ozone/hadoop-ozone/integration-test/target/test-dir/MiniOzoneClusterImpl-135c514c-975b-43bb-8c7a-38bae9c970e3/datanode-3/data-0/containers/hdds to VolumeSet
2021-01-11 02:52:45,098 [Listener at 127.0.0.1/36003] INFO  volume.ThrottledAsyncChecker (ThrottledAsyncChecker.java:schedule(141)) - Scheduling a check for /github/workspace/mnt/ozone/hadoop-ozone/integration-test/target/test-dir/MiniOzoneClusterImpl-135c514c-975b-43bb-8c7a-38bae9c970e3/datanode-3/data-0/containers/hdds
2021-01-11 02:52:45,098 [Listener at 127.0.0.1/36003] INFO  volume.HddsVolumeChecker (HddsVolumeChecker.java:checkAllVolumes(200)) - Scheduled health check for volume /github/workspace/mnt/ozone/hadoop-ozone/integration-test/target/test-dir/MiniOzoneClusterImpl-135c514c-975b-43bb-8c7a-38bae9c970e3/datanode-3/data-0/containers/hdds
2021-01-11 02:52:45,111 [Thread-6014] INFO  ozoneimpl.ContainerReader (ContainerReader.java:readVolume(123)) - Start to verify containers on volume /github/workspace/mnt/ozone/hadoop-ozone/integration-test/target/test-dir/MiniOzoneClusterImpl-135c514c-975b-43bb-8c7a-38bae9c970e3/datanode-3/data-0/containers/hdds
2021-01-11 02:52:45,111 [Thread-6014] INFO  ozoneimpl.ContainerReader (ContainerReader.java:readVolume(148)) - Finish verifying containers on volume /github/workspace/mnt/ozone/hadoop-ozone/integration-test/target/test-dir/MiniOzoneClusterImpl-135c514c-975b-43bb-8c7a-38bae9c970e3/datanode-3/data-0/containers/hdds
2021-01-11 02:52:45,111 [Listener at 127.0.0.1/36003] INFO  ozoneimpl.OzoneContainer (OzoneContainer.java:buildContainerSet(206)) - Build ContainerSet costs 0s
2021-01-11 02:52:45,112 [Listener at 127.0.0.1/36003] INFO  server.RaftServer (ConfUtils.java:logGet(44)) - raft.rpc.type = GRPC (default)
2021-01-11 02:52:45,112 [Listener at 127.0.0.1/36003] INFO  grpc.GrpcFactory (GrpcFactory.java:checkPooledByteBufAllocatorUseCacheForAllThreads(48)) - PERFORMANCE WARNING: useCacheForAllThreads is true that may cause Netty to create a lot garbage objects and, as a result, trigger GC.
	It is recommended to disable useCacheForAllThreads by setting -Dorg.apache.ratis.thirdparty.io.netty.allocator.useCacheForAllThreads=false in command line.
2021-01-11 02:52:45,112 [Listener at 127.0.0.1/36003] INFO  grpc.GrpcConfigKeys (ConfUtils.java:logGet(44)) - raft.grpc.server.port = 0 (default)
2021-01-11 02:52:45,112 [Listener at 127.0.0.1/36003] INFO  server.GrpcService (ConfUtils.java:logGet(44)) - raft.grpc.message.size.max = 32MB (=33554432) (custom)
2021-01-11 02:52:45,112 [Listener at 127.0.0.1/36003] INFO  server.RaftServerConfigKeys (ConfUtils.java:logGet(44)) - raft.server.log.appender.buffer.byte-limit = 33554432 (custom)
2021-01-11 02:52:45,113 [Listener at 127.0.0.1/36003] INFO  server.GrpcService (ConfUtils.java:logGet(44)) - raft.grpc.flow.control.window = 5MB (=5242880) (custom)
2021-01-11 02:52:45,113 [Listener at 127.0.0.1/36003] INFO  server.RaftServerConfigKeys (ConfUtils.java:logGet(44)) - raft.server.rpc.request.timeout = 60s (custom)
2021-01-11 02:52:45,114 [Listener at 127.0.0.1/36003] INFO  impl.DataStreamServerImpl (ConfUtils.java:logGet(44)) - raft.datastream.type = DISABLED (default)
2021-01-11 02:52:45,114 [Listener at 127.0.0.1/36003] INFO  server.RaftServerConfigKeys (ConfUtils.java:logGet(44)) - raft.server.rpc.slowness.timeout = 300s (custom)
2021-01-11 02:52:45,114 [Listener at 127.0.0.1/36003] INFO  server.RaftServerConfigKeys (ConfUtils.java:logGet(44)) - raft.server.leaderelection.leader.step-down.wait-time = 10s (default)
2021-01-11 02:52:45,114 [Listener at 127.0.0.1/36003] INFO  server.RaftServerConfigKeys (ConfUtils.java:logGet(44)) - raft.server.storage.dir = [/github/workspace/mnt/ozone/hadoop-ozone/integration-test/target/test-dir/MiniOzoneClusterImpl-135c514c-975b-43bb-8c7a-38bae9c970e3/datanode-3/data/ratis] (custom)
2021-01-11 02:52:45,118 [Listener at 127.0.0.1/36003] INFO  http.BaseHttpServer (BaseHttpServer.java:newHttpServer2BuilderForOzone(207)) - Starting Web-server for hddsDatanode at: http://0.0.0.0:0
2021-01-11 02:52:45,118 [Listener at 127.0.0.1/36003] INFO  http.BaseHttpServer (BaseHttpServer.java:<init>(106)) - Hadoop Security Enabled: false Ozone Security Enabled: false Ozone HTTP Security Enabled: false 
2021-01-11 02:52:45,119 [Listener at 127.0.0.1/36003] INFO  server.AuthenticationFilter (AuthenticationFilter.java:constructSecretProvider(240)) - Unable to initialize FileSignerSecretProvider, falling back to use random secrets.
2021-01-11 02:52:45,119 [Listener at 127.0.0.1/36003] WARN  http.HttpRequestLog (HttpRequestLog.java:getRequestLog(103)) - Jetty request log can only be enabled using Log4j
2021-01-11 02:52:45,120 [Listener at 127.0.0.1/36003] INFO  http.HttpServer2 (HttpServer2.java:addGlobalFilter(1020)) - Added global filter 'safety' (class=org.apache.hadoop.hdds.server.http.HttpServer2$QuotingInputFilter)
2021-01-11 02:52:45,120 [Listener at 127.0.0.1/36003] INFO  http.HttpServer2 (HttpServer2.java:addFilter(996)) - Added filter static_user_filter (class=org.apache.hadoop.http.lib.StaticUserWebFilter$StaticUserFilter) to context hddsDatanode
2021-01-11 02:52:45,120 [Listener at 127.0.0.1/36003] INFO  http.HttpServer2 (HttpServer2.java:addFilter(1004)) - Added filter static_user_filter (class=org.apache.hadoop.http.lib.StaticUserWebFilter$StaticUserFilter) to context logs
2021-01-11 02:52:45,120 [Listener at 127.0.0.1/36003] INFO  http.HttpServer2 (HttpServer2.java:addFilter(1004)) - Added filter static_user_filter (class=org.apache.hadoop.http.lib.StaticUserWebFilter$StaticUserFilter) to context static
2021-01-11 02:52:45,121 [Listener at 127.0.0.1/36003] INFO  http.HttpServer2 (HttpServer2.java:bindListener(1238)) - Jetty bound to port 39641
2021-01-11 02:52:45,121 [Listener at 127.0.0.1/36003] INFO  server.Server (Server.java:doStart(375)) - jetty-9.4.34.v20201102; built: 2020-11-02T14:15:39.302Z; git: e46af88704a893fc12cb0e3bf46e2c7b48a009e7; jvm 1.8.0_232-b09
2021-01-11 02:52:45,122 [Listener at 127.0.0.1/36003] INFO  server.session (DefaultSessionIdManager.java:doStart(334)) - DefaultSessionIdManager workerName=node0
2021-01-11 02:52:45,122 [Listener at 127.0.0.1/36003] INFO  server.session (DefaultSessionIdManager.java:doStart(339)) - No SessionScavenger set, using defaults
2021-01-11 02:52:45,122 [Listener at 127.0.0.1/36003] INFO  server.session (HouseKeeper.java:startScavenging(132)) - node0 Scavenging every 660000ms
2021-01-11 02:52:45,123 [Listener at 127.0.0.1/36003] INFO  handler.ContextHandler (ContextHandler.java:doStart(916)) - Started o.e.j.s.ServletContextHandler@47149b96{logs,/logs,file:///github/workspace/mnt/ozone/hadoop-ozone/integration-test/target/log,AVAILABLE}
2021-01-11 02:52:45,123 [Listener at 127.0.0.1/36003] INFO  handler.ContextHandler (ContextHandler.java:doStart(916)) - Started o.e.j.s.ServletContextHandler@423d31b0{static,/static,jar:file:/home/user/.m2/repository/org/apache/hadoop/hadoop-hdds-container-service/1.1.0-SNAPSHOT/hadoop-hdds-container-service-1.1.0-SNAPSHOT.jar!/webapps/static,AVAILABLE}
2021-01-11 02:52:45,312 [Listener at 127.0.0.1/36003] INFO  handler.ContextHandler (ContextHandler.java:doStart(916)) - Started o.e.j.w.WebAppContext@3b38395{hddsDatanode,/,file:///tmp/jetty-0_0_0_0-39641-hadoop-hdds-container-service-1_1_0-SNAPSHOT_jar-_-any-3882001788315422452/webapp/,AVAILABLE}{jar:file:/home/user/.m2/repository/org/apache/hadoop/hadoop-hdds-container-service/1.1.0-SNAPSHOT/hadoop-hdds-container-service-1.1.0-SNAPSHOT.jar!/webapps/hddsDatanode}
2021-01-11 02:52:45,314 [Listener at 127.0.0.1/36003] INFO  server.AbstractConnector (AbstractConnector.java:doStart(331)) - Started ServerConnector@4432f623{HTTP/1.1, (http/1.1)}{0.0.0.0:39641}
2021-01-11 02:52:45,314 [Listener at 127.0.0.1/36003] INFO  server.Server (Server.java:doStart(415)) - Started @805361ms
2021-01-11 02:52:45,314 [Listener at 127.0.0.1/36003] WARN  impl.MetricsSystemImpl (MetricsSystemImpl.java:register(276)) - Sink prometheus already exists!
2021-01-11 02:52:45,766 [EventQueue-PipelineReportForOneReplicaPipelineSafeModeRule] INFO  safemode.SCMSafeModeManager (SCMSafeModeManager.java:validateSafeModeExitRules(214)) - AtleastOneDatanodeReportedRule rule is successfully validated
2021-01-11 02:52:45,938 [EventQueue-PipelineReportForOneReplicaPipelineSafeModeRule] INFO  safemode.SCMSafeModeManager (SCMSafeModeManager.java:validateSafeModeExitRules(214)) - AtleastOneDatanodeReportedRule rule is successfully validated
2021-01-11 02:52:46,765 [Command processor thread] INFO  server.RaftServer (RaftServerProxy.java:addNew(95)) - 8fdece96-174e-440b-9c34-b82ee45bcc56: addNew group-9FFC13EAE06E:[8fdece96-174e-440b-9c34-b82ee45bcc56|rpc:172.17.0.2:38051|priority:1] returns group-9FFC13EAE06E:java.util.concurrent.CompletableFuture@78a0ac59[Not completed]
2021-01-11 02:52:46,765 [EventQueue-PipelineReportForOneReplicaPipelineSafeModeRule] INFO  safemode.SCMSafeModeManager (SCMSafeModeManager.java:validateSafeModeExitRules(214)) - AtleastOneDatanodeReportedRule rule is successfully validated
2021-01-11 02:52:46,766 [pool-2024-thread-1] INFO  server.RaftServer$Division (RaftServerImpl.java:<init>(179)) - 8fdece96-174e-440b-9c34-b82ee45bcc56: new RaftServerImpl for group-9FFC13EAE06E:[8fdece96-174e-440b-9c34-b82ee45bcc56|rpc:172.17.0.2:38051|priority:1] with ContainerStateMachine:uninitialized
2021-01-11 02:52:46,767 [pool-2024-thread-1] INFO  server.RaftServerConfigKeys (ConfUtils.java:logGet(44)) - raft.server.rpc.timeout.min = 5s (custom)
2021-01-11 02:52:46,767 [pool-2024-thread-1] INFO  server.RaftServerConfigKeys (ConfUtils.java:logGet(44)) - raft.server.rpc.timeout.max = 5200ms (custom)
2021-01-11 02:52:46,767 [pool-2024-thread-1] INFO  server.RaftServerConfigKeys (ConfUtils.java:logGet(44)) - raft.server.rpc.sleep.time = 25ms (default)
2021-01-11 02:52:46,767 [pool-2024-thread-1] INFO  server.RaftServerConfigKeys (ConfUtils.java:logGet(44)) - raft.server.rpc.slowness.timeout = 300s (custom)
2021-01-11 02:52:46,767 [pool-2024-thread-1] INFO  server.RaftServerConfigKeys (ConfUtils.java:logGet(44)) - raft.server.leaderelection.leader.step-down.wait-time = 10s (default)
2021-01-11 02:52:46,767 [pool-2024-thread-1] INFO  server.RaftServerConfigKeys (ConfUtils.java:logGet(44)) - raft.server.sleep.deviation.threshold = 300ms (default)
2021-01-11 02:52:46,767 [pool-2024-thread-1] INFO  server.RaftServerConfigKeys (ConfUtils.java:logGet(44)) - raft.server.log.appender.install.snapshot.enabled = false (custom)
2021-01-11 02:52:46,767 [pool-2024-thread-1] INFO  server.RaftServer$Division (ServerState.java:<init>(103)) - 8fdece96-174e-440b-9c34-b82ee45bcc56@group-9FFC13EAE06E: ConfigurationManager, init=-1: [8fdece96-174e-440b-9c34-b82ee45bcc56|rpc:172.17.0.2:38051|priority:1], old=null, confs=<EMPTY_MAP>
2021-01-11 02:52:46,768 [pool-2024-thread-1] INFO  server.RaftServerConfigKeys (ConfUtils.java:logGet(44)) - raft.server.storage.dir = [/github/workspace/mnt/ozone/hadoop-ozone/integration-test/target/test-dir/MiniOzoneClusterImpl-135c514c-975b-43bb-8c7a-38bae9c970e3/datanode-0/data/ratis] (custom)
2021-01-11 02:52:46,768 [pool-2024-thread-1] INFO  server.RaftServerConfigKeys (ConfUtils.java:logGet(44)) - raft.server.log.corruption.policy = EXCEPTION (default)
2021-01-11 02:52:46,768 [pool-2024-thread-1] INFO  storage.RaftStorageDirectory (RaftStorageDirectoryImpl.java:analyzeStorage(132)) - The storage directory /github/workspace/mnt/ozone/hadoop-ozone/integration-test/target/test-dir/MiniOzoneClusterImpl-135c514c-975b-43bb-8c7a-38bae9c970e3/datanode-0/data/ratis/a50250e3-8692-4e27-98e4-9ffc13eae06e does not exist. Creating ...
2021-01-11 02:52:46,769 [pool-2024-thread-1] INFO  storage.RaftStorageDirectory (RaftStorageDirectoryImpl.java:tryLock(215)) - Lock on /github/workspace/mnt/ozone/hadoop-ozone/integration-test/target/test-dir/MiniOzoneClusterImpl-135c514c-975b-43bb-8c7a-38bae9c970e3/datanode-0/data/ratis/a50250e3-8692-4e27-98e4-9ffc13eae06e/in_use.lock acquired by nodename 1545@4354df8493ff
2021-01-11 02:52:46,770 [pool-2024-thread-1] INFO  storage.RaftStorage (RaftStorageImpl.java:format(87)) - Storage directory /github/workspace/mnt/ozone/hadoop-ozone/integration-test/target/test-dir/MiniOzoneClusterImpl-135c514c-975b-43bb-8c7a-38bae9c970e3/datanode-0/data/ratis/a50250e3-8692-4e27-98e4-9ffc13eae06e has been successfully formatted.
2021-01-11 02:52:46,770 [pool-2024-thread-1] INFO  ratis.ContainerStateMachine (ContainerStateMachine.java:loadSnapshot(223)) - group-9FFC13EAE06E: The snapshot info is null. Setting the last applied indexto:(t:0, i:~)
2021-01-11 02:52:46,770 [pool-2024-thread-1] ERROR storage.RaftStorage (RaftStorageImpl.java:readRaftConfiguration(147)) - Failed reading configuration from file:/github/workspace/mnt/ozone/hadoop-ozone/integration-test/target/test-dir/MiniOzoneClusterImpl-135c514c-975b-43bb-8c7a-38bae9c970e3/datanode-0/data/ratis/a50250e3-8692-4e27-98e4-9ffc13eae06e/current/raft-meta.conf
java.io.FileNotFoundException: /github/workspace/mnt/ozone/hadoop-ozone/integration-test/target/test-dir/MiniOzoneClusterImpl-135c514c-975b-43bb-8c7a-38bae9c970e3/datanode-0/data/ratis/a50250e3-8692-4e27-98e4-9ffc13eae06e/current/raft-meta.conf (No such file or directory)
	at java.io.FileInputStream.open0(Native Method)
	at java.io.FileInputStream.open(FileInputStream.java:195)
	at java.io.FileInputStream.<init>(FileInputStream.java:138)
	at org.apache.ratis.server.storage.RaftStorageImpl.readRaftConfiguration(RaftStorageImpl.java:143)
	at org.apache.ratis.server.impl.ServerState.<init>(ServerState.java:113)
	at org.apache.ratis.server.impl.RaftServerImpl.<init>(RaftServerImpl.java:192)
	at org.apache.ratis.server.impl.RaftServerProxy.lambda$newRaftServerImpl$4(RaftServerProxy.java:266)
	at java.util.concurrent.CompletableFuture$AsyncSupply.run(CompletableFuture.java:1604)
	at java.util.concurrent.ThreadPoolExecutor.runWorker(ThreadPoolExecutor.java:1149)
	at java.util.concurrent.ThreadPoolExecutor$Worker.run(ThreadPoolExecutor.java:624)
	at java.lang.Thread.run(Thread.java:748)
2021-01-11 02:52:46,770 [pool-2024-thread-1] INFO  server.RaftServerConfigKeys (ConfUtils.java:logGet(44)) - raft.server.notification.no-leader.timeout = 300s (custom)
2021-01-11 02:52:46,770 [pool-2024-thread-1] INFO  server.RaftServerConfigKeys (ConfUtils.java:logGet(44)) - raft.server.log.use.memory = false (default)
2021-01-11 02:52:46,771 [pool-2024-thread-1] INFO  server.RaftServerConfigKeys (ConfUtils.java:logGet(44)) - raft.server.log.purge.gap = 1000000 (custom)
2021-01-11 02:52:46,771 [pool-2024-thread-1] INFO  server.RaftServerConfigKeys (ConfUtils.java:logGet(44)) - raft.server.log.appender.buffer.byte-limit = 33554432 (custom)
2021-01-11 02:52:46,771 [pool-2024-thread-1] INFO  metrics.RatisMetrics (RatisMetrics.java:lambda$create$0(36)) - Creating Metrics Registry : ratis.log_worker.8fdece96-174e-440b-9c34-b82ee45bcc56@group-9FFC13EAE06E
2021-01-11 02:52:46,771 [EventQueue-PipelineReportForPipelineReportHandler] INFO  pipeline.PipelineStateManager (PipelineStateManager.java:openPipeline(132)) - Pipeline Pipeline[ Id: a50250e3-8692-4e27-98e4-9ffc13eae06e, Nodes: 8fdece96-174e-440b-9c34-b82ee45bcc56{ip: 172.17.0.2, host: 4354df8493ff, networkLocation: /default-rack, certSerialId: null, persistedOpState: IN_SERVICE, persistedOpStateExpiryEpochSec: 0}, Type:RATIS, Factor:ONE, State:ALLOCATED, leaderId:8fdece96-174e-440b-9c34-b82ee45bcc56, CreationTimestamp2021-01-11T02:52:43.768Z] moved to OPEN state
2021-01-11 02:52:46,771 [pool-2024-thread-1] INFO  server.RaftServerConfigKeys (ConfUtils.java:logGet(44)) - raft.server.log.segment.size.max = 1048576 (custom)
2021-01-11 02:52:46,771 [EventQueue-PipelineReportForOneReplicaPipelineSafeModeRule] INFO  safemode.SCMSafeModeManager (SCMSafeModeManager.java:validateSafeModeExitRules(214)) - AtleastOneDatanodeReportedRule rule is successfully validated
2021-01-11 02:52:46,772 [EventQueue-OpenPipelineForHealthyPipelineSafeModeRule] INFO  safemode.SCMSafeModeManager (HealthyPipelineSafeModeRule.java:process(128)) - SCM in safe mode. Healthy pipelines reported count is 0, required healthy pipeline reported count is 1
2021-01-11 02:52:46,773 [pool-2024-thread-1] INFO  server.RaftServerConfigKeys (ConfUtils.java:logGet(44)) - raft.server.log.segment.cache.num.max = 2 (custom)
2021-01-11 02:52:46,773 [pool-2024-thread-1] INFO  server.RaftServerConfigKeys (ConfUtils.java:logGet(44)) - raft.server.log.segment.cache.size.max = 200MB (=209715200) (default)
2021-01-11 02:52:46,773 [pool-2024-thread-1] INFO  segmented.SegmentedRaftLogWorker (SegmentedRaftLogWorker.java:<init>(181)) - new 8fdece96-174e-440b-9c34-b82ee45bcc56@group-9FFC13EAE06E-SegmentedRaftLogWorker for RaftStorageImpl:Storage Directory /github/workspace/mnt/ozone/hadoop-ozone/integration-test/target/test-dir/MiniOzoneClusterImpl-135c514c-975b-43bb-8c7a-38bae9c970e3/datanode-0/data/ratis/a50250e3-8692-4e27-98e4-9ffc13eae06e
2021-01-11 02:52:46,773 [pool-2024-thread-1] INFO  server.RaftServerConfigKeys (ConfUtils.java:logGet(44)) - raft.server.log.queue.byte-limit = 2147483647 (custom)
2021-01-11 02:52:46,773 [pool-2024-thread-1] INFO  server.RaftServerConfigKeys (ConfUtils.java:logGet(44)) - raft.server.log.queue.element-limit = 1024 (custom)
2021-01-11 02:52:46,773 [pool-2024-thread-1] INFO  server.RaftServerConfigKeys (ConfUtils.java:logGet(44)) - raft.server.log.segment.size.max = 1048576 (custom)
2021-01-11 02:52:46,773 [pool-2024-thread-1] INFO  server.RaftServerConfigKeys (ConfUtils.java:logGet(44)) - raft.server.log.preallocated.size = 16384 (custom)
2021-01-11 02:52:46,773 [pool-2024-thread-1] INFO  server.RaftServerConfigKeys (ConfUtils.java:logGet(44)) - raft.server.log.force.sync.num = 128 (default)
2021-01-11 02:52:46,773 [pool-2024-thread-1] INFO  server.RaftServerConfigKeys (ConfUtils.java:logGet(44)) - raft.server.log.statemachine.data.sync = true (default)
2021-01-11 02:52:46,773 [pool-2024-thread-1] INFO  server.RaftServerConfigKeys (ConfUtils.java:logGet(44)) - raft.server.log.statemachine.data.sync.timeout = 10s (default)
2021-01-11 02:52:46,774 [pool-2024-thread-1] INFO  server.RaftServerConfigKeys (ConfUtils.java:logGet(44)) - raft.server.log.statemachine.data.sync.timeout.retry = -1 (default)
2021-01-11 02:52:46,776 [pool-2024-thread-1] INFO  server.RaftServerConfigKeys (ConfUtils.java:logGet(44)) - raft.server.log.write.buffer.size = 1048576 (custom)
2021-01-11 02:52:46,776 [pool-2024-thread-1] INFO  server.RaftServerConfigKeys (ConfUtils.java:logGet(44)) - raft.server.log.statemachine.data.caching.enabled = true (custom)
2021-01-11 02:52:46,776 [pool-2024-thread-1] INFO  segmented.SegmentedRaftLogWorker (SegmentedRaftLogWorker.java:lambda$new$0(132)) - 8fdece96-174e-440b-9c34-b82ee45bcc56@group-9FFC13EAE06E-SegmentedRaftLogWorker: flushIndex: setUnconditionally 0 -> -1
2021-01-11 02:52:46,776 [pool-2024-thread-1] INFO  segmented.SegmentedRaftLogWorker (SegmentedRaftLogWorker.java:lambda$new$0(132)) - 8fdece96-174e-440b-9c34-b82ee45bcc56@group-9FFC13EAE06E-SegmentedRaftLogWorker: safeCacheEvictIndex: setUnconditionally 0 -> -1
2021-01-11 02:52:46,777 [pool-2024-thread-1] INFO  server.RaftServerConfigKeys (ConfUtils.java:logGet(44)) - raft.server.snapshot.auto.trigger.enabled = true (custom)
2021-01-11 02:52:46,777 [pool-2024-thread-1] INFO  server.RaftServerConfigKeys (ConfUtils.java:logGet(44)) - raft.server.snapshot.auto.trigger.threshold = 10000 (custom)
2021-01-11 02:52:46,777 [pool-2024-thread-1] INFO  server.RaftServerConfigKeys (ConfUtils.java:logGet(44)) - raft.server.snapshot.retention.file.num = 5 (custom)
2021-01-11 02:52:46,777 [pool-2024-thread-1] INFO  server.RaftServerConfigKeys (ConfUtils.java:logGet(44)) - raft.server.log.purge.upto.snapshot.index = false (default)
2021-01-11 02:52:46,777 [pool-2024-thread-1] INFO  server.RaftServerConfigKeys (ConfUtils.java:logGet(44)) - raft.server.retrycache.expirytime = 600000ms (custom)
2021-01-11 02:52:46,777 [pool-2024-thread-1] INFO  server.RaftServerConfigKeys (ConfUtils.java:logGet(44)) - raft.server.retrycache.statistics.expirytime = 100?s (default)
2021-01-11 02:52:46,777 [pool-2024-thread-1] INFO  metrics.RatisMetrics (RatisMetrics.java:lambda$create$0(36)) - Creating Metrics Registry : ratis.leader_election.8fdece96-174e-440b-9c34-b82ee45bcc56@group-9FFC13EAE06E
2021-01-11 02:52:46,778 [pool-2024-thread-1] INFO  metrics.RatisMetrics (RatisMetrics.java:lambda$create$0(36)) - Creating Metrics Registry : ratis.server.8fdece96-174e-440b-9c34-b82ee45bcc56@group-9FFC13EAE06E
2021-01-11 02:52:46,780 [pool-2024-thread-1] INFO  server.RaftServer$Division (RaftServerImpl.java:start(294)) - 8fdece96-174e-440b-9c34-b82ee45bcc56@group-9FFC13EAE06E: start as a follower, conf=-1: [8fdece96-174e-440b-9c34-b82ee45bcc56|rpc:172.17.0.2:38051|priority:1], old=null
2021-01-11 02:52:46,780 [pool-2024-thread-1] INFO  server.RaftServer$Division (RaftServerImpl.java:setRole(283)) - 8fdece96-174e-440b-9c34-b82ee45bcc56@group-9FFC13EAE06E: changes role from      null to FOLLOWER at term 0 for startAsFollower
2021-01-11 02:52:46,780 [pool-2024-thread-1] INFO  impl.RoleInfo (RoleInfo.java:updateAndGet(130)) - 8fdece96-174e-440b-9c34-b82ee45bcc56: start 8fdece96-174e-440b-9c34-b82ee45bcc56@group-9FFC13EAE06E-FollowerState
2021-01-11 02:52:46,780 [pool-2024-thread-1] INFO  util.JmxRegister (JmxRegister.java:tryRegister(44)) - Successfully registered JMX Bean with object name Ratis:service=RaftServer,group=group-9FFC13EAE06E,id=8fdece96-174e-440b-9c34-b82ee45bcc56
2021-01-11 02:52:46,780 [pool-2024-thread-1] INFO  metrics.RatisMetrics (RatisMetrics.java:lambda$create$0(36)) - Creating Metrics Registry : ratis.state_machine.8fdece96-174e-440b-9c34-b82ee45bcc56@group-9FFC13EAE06E
2021-01-11 02:52:46,782 [Command processor thread] INFO  commandhandler.CreatePipelineCommandHandler (CreatePipelineCommandHandler.java:handle(106)) - Created Pipeline RATIS ONE PipelineID=a50250e3-8692-4e27-98e4-9ffc13eae06e.
2021-01-11 02:52:46,937 [Command processor thread] INFO  server.RaftServer (RaftServerProxy.java:addNew(95)) - 27072a30-1791-4eaf-beda-714f523a0d74: addNew group-8A2A89374153:[27072a30-1791-4eaf-beda-714f523a0d74|rpc:172.17.0.2:41503|priority:1] returns group-8A2A89374153:java.util.concurrent.CompletableFuture@3508430a[Not completed]
2021-01-11 02:52:46,938 [pool-2040-thread-1] INFO  server.RaftServer$Division (RaftServerImpl.java:<init>(179)) - 27072a30-1791-4eaf-beda-714f523a0d74: new RaftServerImpl for group-8A2A89374153:[27072a30-1791-4eaf-beda-714f523a0d74|rpc:172.17.0.2:41503|priority:1] with ContainerStateMachine:uninitialized
2021-01-11 02:52:46,939 [EventQueue-PipelineReportForOneReplicaPipelineSafeModeRule] INFO  safemode.SCMSafeModeManager (SCMSafeModeManager.java:validateSafeModeExitRules(214)) - AtleastOneDatanodeReportedRule rule is successfully validated
2021-01-11 02:52:46,939 [pool-2040-thread-1] INFO  server.RaftServerConfigKeys (ConfUtils.java:logGet(44)) - raft.server.rpc.timeout.min = 5s (custom)
2021-01-11 02:52:46,939 [pool-2040-thread-1] INFO  server.RaftServerConfigKeys (ConfUtils.java:logGet(44)) - raft.server.rpc.timeout.max = 5200ms (custom)
2021-01-11 02:52:46,939 [pool-2040-thread-1] INFO  server.RaftServerConfigKeys (ConfUtils.java:logGet(44)) - raft.server.rpc.sleep.time = 25ms (default)
2021-01-11 02:52:46,939 [pool-2040-thread-1] INFO  server.RaftServerConfigKeys (ConfUtils.java:logGet(44)) - raft.server.rpc.slowness.timeout = 300s (custom)
2021-01-11 02:52:46,939 [pool-2040-thread-1] INFO  server.RaftServerConfigKeys (ConfUtils.java:logGet(44)) - raft.server.leaderelection.leader.step-down.wait-time = 10s (default)
2021-01-11 02:52:46,940 [pool-2040-thread-1] INFO  server.RaftServerConfigKeys (ConfUtils.java:logGet(44)) - raft.server.sleep.deviation.threshold = 300ms (default)
2021-01-11 02:52:46,940 [pool-2040-thread-1] INFO  server.RaftServerConfigKeys (ConfUtils.java:logGet(44)) - raft.server.log.appender.install.snapshot.enabled = false (custom)
2021-01-11 02:52:46,940 [pool-2040-thread-1] INFO  server.RaftServer$Division (ServerState.java:<init>(103)) - 27072a30-1791-4eaf-beda-714f523a0d74@group-8A2A89374153: ConfigurationManager, init=-1: [27072a30-1791-4eaf-beda-714f523a0d74|rpc:172.17.0.2:41503|priority:1], old=null, confs=<EMPTY_MAP>
2021-01-11 02:52:46,940 [pool-2040-thread-1] INFO  server.RaftServerConfigKeys (ConfUtils.java:logGet(44)) - raft.server.storage.dir = [/github/workspace/mnt/ozone/hadoop-ozone/integration-test/target/test-dir/MiniOzoneClusterImpl-135c514c-975b-43bb-8c7a-38bae9c970e3/datanode-1/data/ratis] (custom)
2021-01-11 02:52:46,940 [pool-2040-thread-1] INFO  server.RaftServerConfigKeys (ConfUtils.java:logGet(44)) - raft.server.log.corruption.policy = EXCEPTION (default)
2021-01-11 02:52:46,940 [pool-2040-thread-1] INFO  storage.RaftStorageDirectory (RaftStorageDirectoryImpl.java:analyzeStorage(132)) - The storage directory /github/workspace/mnt/ozone/hadoop-ozone/integration-test/target/test-dir/MiniOzoneClusterImpl-135c514c-975b-43bb-8c7a-38bae9c970e3/datanode-1/data/ratis/cc30ad36-3b76-44f5-ab8e-8a2a89374153 does not exist. Creating ...
2021-01-11 02:52:46,941 [pool-2040-thread-1] INFO  storage.RaftStorageDirectory (RaftStorageDirectoryImpl.java:tryLock(215)) - Lock on /github/workspace/mnt/ozone/hadoop-ozone/integration-test/target/test-dir/MiniOzoneClusterImpl-135c514c-975b-43bb-8c7a-38bae9c970e3/datanode-1/data/ratis/cc30ad36-3b76-44f5-ab8e-8a2a89374153/in_use.lock acquired by nodename 1545@4354df8493ff
2021-01-11 02:52:46,942 [pool-2040-thread-1] INFO  storage.RaftStorage (RaftStorageImpl.java:format(87)) - Storage directory /github/workspace/mnt/ozone/hadoop-ozone/integration-test/target/test-dir/MiniOzoneClusterImpl-135c514c-975b-43bb-8c7a-38bae9c970e3/datanode-1/data/ratis/cc30ad36-3b76-44f5-ab8e-8a2a89374153 has been successfully formatted.
2021-01-11 02:52:46,942 [pool-2040-thread-1] INFO  ratis.ContainerStateMachine (ContainerStateMachine.java:loadSnapshot(223)) - group-8A2A89374153: The snapshot info is null. Setting the last applied indexto:(t:0, i:~)
2021-01-11 02:52:46,942 [pool-2040-thread-1] ERROR storage.RaftStorage (RaftStorageImpl.java:readRaftConfiguration(147)) - Failed reading configuration from file:/github/workspace/mnt/ozone/hadoop-ozone/integration-test/target/test-dir/MiniOzoneClusterImpl-135c514c-975b-43bb-8c7a-38bae9c970e3/datanode-1/data/ratis/cc30ad36-3b76-44f5-ab8e-8a2a89374153/current/raft-meta.conf
java.io.FileNotFoundException: /github/workspace/mnt/ozone/hadoop-ozone/integration-test/target/test-dir/MiniOzoneClusterImpl-135c514c-975b-43bb-8c7a-38bae9c970e3/datanode-1/data/ratis/cc30ad36-3b76-44f5-ab8e-8a2a89374153/current/raft-meta.conf (No such file or directory)
	at java.io.FileInputStream.open0(Native Method)
	at java.io.FileInputStream.open(FileInputStream.java:195)
	at java.io.FileInputStream.<init>(FileInputStream.java:138)
	at org.apache.ratis.server.storage.RaftStorageImpl.readRaftConfiguration(RaftStorageImpl.java:143)
	at org.apache.ratis.server.impl.ServerState.<init>(ServerState.java:113)
	at org.apache.ratis.server.impl.RaftServerImpl.<init>(RaftServerImpl.java:192)
	at org.apache.ratis.server.impl.RaftServerProxy.lambda$newRaftServerImpl$4(RaftServerProxy.java:266)
	at java.util.concurrent.CompletableFuture$AsyncSupply.run(CompletableFuture.java:1604)
	at java.util.concurrent.ThreadPoolExecutor.runWorker(ThreadPoolExecutor.java:1149)
	at java.util.concurrent.ThreadPoolExecutor$Worker.run(ThreadPoolExecutor.java:624)
	at java.lang.Thread.run(Thread.java:748)
2021-01-11 02:52:46,942 [pool-2040-thread-1] INFO  server.RaftServerConfigKeys (ConfUtils.java:logGet(44)) - raft.server.notification.no-leader.timeout = 300s (custom)
2021-01-11 02:52:46,942 [pool-2040-thread-1] INFO  server.RaftServerConfigKeys (ConfUtils.java:logGet(44)) - raft.server.log.use.memory = false (default)
2021-01-11 02:52:46,943 [pool-2040-thread-1] INFO  server.RaftServerConfigKeys (ConfUtils.java:logGet(44)) - raft.server.log.purge.gap = 1000000 (custom)
2021-01-11 02:52:46,943 [pool-2040-thread-1] INFO  server.RaftServerConfigKeys (ConfUtils.java:logGet(44)) - raft.server.log.appender.buffer.byte-limit = 33554432 (custom)
2021-01-11 02:52:46,943 [pool-2040-thread-1] INFO  metrics.RatisMetrics (RatisMetrics.java:lambda$create$0(36)) - Creating Metrics Registry : ratis.log_worker.27072a30-1791-4eaf-beda-714f523a0d74@group-8A2A89374153
2021-01-11 02:52:46,943 [EventQueue-PipelineReportForOneReplicaPipelineSafeModeRule] INFO  safemode.SCMSafeModeManager (SCMSafeModeManager.java:validateSafeModeExitRules(214)) - AtleastOneDatanodeReportedRule rule is successfully validated
2021-01-11 02:52:46,943 [EventQueue-PipelineReportForPipelineReportHandler] INFO  pipeline.PipelineStateManager (PipelineStateManager.java:openPipeline(132)) - Pipeline Pipeline[ Id: cc30ad36-3b76-44f5-ab8e-8a2a89374153, Nodes: 27072a30-1791-4eaf-beda-714f523a0d74{ip: 172.17.0.2, host: 4354df8493ff, networkLocation: /default-rack, certSerialId: null, persistedOpState: IN_SERVICE, persistedOpStateExpiryEpochSec: 0}, Type:RATIS, Factor:ONE, State:ALLOCATED, leaderId:27072a30-1791-4eaf-beda-714f523a0d74, CreationTimestamp2021-01-11T02:52:43.938Z] moved to OPEN state
2021-01-11 02:52:46,943 [pool-2040-thread-1] INFO  server.RaftServerConfigKeys (ConfUtils.java:logGet(44)) - raft.server.log.segment.size.max = 1048576 (custom)
2021-01-11 02:52:46,943 [EventQueue-OpenPipelineForHealthyPipelineSafeModeRule] INFO  safemode.SCMSafeModeManager (HealthyPipelineSafeModeRule.java:process(128)) - SCM in safe mode. Healthy pipelines reported count is 0, required healthy pipeline reported count is 1
2021-01-11 02:52:46,944 [pool-2040-thread-1] INFO  server.RaftServerConfigKeys (ConfUtils.java:logGet(44)) - raft.server.log.segment.cache.num.max = 2 (custom)
2021-01-11 02:52:46,944 [pool-2040-thread-1] INFO  server.RaftServerConfigKeys (ConfUtils.java:logGet(44)) - raft.server.log.segment.cache.size.max = 200MB (=209715200) (default)
2021-01-11 02:52:46,944 [pool-2040-thread-1] INFO  segmented.SegmentedRaftLogWorker (SegmentedRaftLogWorker.java:<init>(181)) - new 27072a30-1791-4eaf-beda-714f523a0d74@group-8A2A89374153-SegmentedRaftLogWorker for RaftStorageImpl:Storage Directory /github/workspace/mnt/ozone/hadoop-ozone/integration-test/target/test-dir/MiniOzoneClusterImpl-135c514c-975b-43bb-8c7a-38bae9c970e3/datanode-1/data/ratis/cc30ad36-3b76-44f5-ab8e-8a2a89374153
2021-01-11 02:52:46,944 [pool-2040-thread-1] INFO  server.RaftServerConfigKeys (ConfUtils.java:logGet(44)) - raft.server.log.queue.byte-limit = 2147483647 (custom)
2021-01-11 02:52:46,944 [pool-2040-thread-1] INFO  server.RaftServerConfigKeys (ConfUtils.java:logGet(44)) - raft.server.log.queue.element-limit = 1024 (custom)
2021-01-11 02:52:46,944 [pool-2040-thread-1] INFO  server.RaftServerConfigKeys (ConfUtils.java:logGet(44)) - raft.server.log.segment.size.max = 1048576 (custom)
2021-01-11 02:52:46,945 [pool-2040-thread-1] INFO  server.RaftServerConfigKeys (ConfUtils.java:logGet(44)) - raft.server.log.preallocated.size = 16384 (custom)
2021-01-11 02:52:46,945 [pool-2040-thread-1] INFO  server.RaftServerConfigKeys (ConfUtils.java:logGet(44)) - raft.server.log.force.sync.num = 128 (default)
2021-01-11 02:52:46,945 [pool-2040-thread-1] INFO  server.RaftServerConfigKeys (ConfUtils.java:logGet(44)) - raft.server.log.statemachine.data.sync = true (default)
2021-01-11 02:52:46,945 [pool-2040-thread-1] INFO  server.RaftServerConfigKeys (ConfUtils.java:logGet(44)) - raft.server.log.statemachine.data.sync.timeout = 10s (default)
2021-01-11 02:52:46,945 [pool-2040-thread-1] INFO  server.RaftServerConfigKeys (ConfUtils.java:logGet(44)) - raft.server.log.statemachine.data.sync.timeout.retry = -1 (default)
2021-01-11 02:52:46,947 [pool-2040-thread-1] INFO  server.RaftServerConfigKeys (ConfUtils.java:logGet(44)) - raft.server.log.write.buffer.size = 1048576 (custom)
2021-01-11 02:52:46,948 [pool-2040-thread-1] INFO  server.RaftServerConfigKeys (ConfUtils.java:logGet(44)) - raft.server.log.statemachine.data.caching.enabled = true (custom)
2021-01-11 02:52:46,948 [pool-2040-thread-1] INFO  segmented.SegmentedRaftLogWorker (SegmentedRaftLogWorker.java:lambda$new$0(132)) - 27072a30-1791-4eaf-beda-714f523a0d74@group-8A2A89374153-SegmentedRaftLogWorker: flushIndex: setUnconditionally 0 -> -1
2021-01-11 02:52:46,948 [pool-2040-thread-1] INFO  segmented.SegmentedRaftLogWorker (SegmentedRaftLogWorker.java:lambda$new$0(132)) - 27072a30-1791-4eaf-beda-714f523a0d74@group-8A2A89374153-SegmentedRaftLogWorker: safeCacheEvictIndex: setUnconditionally 0 -> -1
2021-01-11 02:52:46,948 [pool-2040-thread-1] INFO  server.RaftServerConfigKeys (ConfUtils.java:logGet(44)) - raft.server.snapshot.auto.trigger.enabled = true (custom)
2021-01-11 02:52:46,948 [pool-2040-thread-1] INFO  server.RaftServerConfigKeys (ConfUtils.java:logGet(44)) - raft.server.snapshot.auto.trigger.threshold = 10000 (custom)
2021-01-11 02:52:46,948 [pool-2040-thread-1] INFO  server.RaftServerConfigKeys (ConfUtils.java:logGet(44)) - raft.server.snapshot.retention.file.num = 5 (custom)
2021-01-11 02:52:46,948 [pool-2040-thread-1] INFO  server.RaftServerConfigKeys (ConfUtils.java:logGet(44)) - raft.server.log.purge.upto.snapshot.index = false (default)
2021-01-11 02:52:46,948 [pool-2040-thread-1] INFO  server.RaftServerConfigKeys (ConfUtils.java:logGet(44)) - raft.server.retrycache.expirytime = 600000ms (custom)
2021-01-11 02:52:46,948 [pool-2040-thread-1] INFO  server.RaftServerConfigKeys (ConfUtils.java:logGet(44)) - raft.server.retrycache.statistics.expirytime = 100?s (default)
2021-01-11 02:52:46,949 [pool-2040-thread-1] INFO  metrics.RatisMetrics (RatisMetrics.java:lambda$create$0(36)) - Creating Metrics Registry : ratis.leader_election.27072a30-1791-4eaf-beda-714f523a0d74@group-8A2A89374153
2021-01-11 02:52:46,949 [pool-2040-thread-1] INFO  metrics.RatisMetrics (RatisMetrics.java:lambda$create$0(36)) - Creating Metrics Registry : ratis.server.27072a30-1791-4eaf-beda-714f523a0d74@group-8A2A89374153
2021-01-11 02:52:46,951 [pool-2040-thread-1] INFO  server.RaftServer$Division (RaftServerImpl.java:start(294)) - 27072a30-1791-4eaf-beda-714f523a0d74@group-8A2A89374153: start as a follower, conf=-1: [27072a30-1791-4eaf-beda-714f523a0d74|rpc:172.17.0.2:41503|priority:1], old=null
2021-01-11 02:52:46,951 [pool-2040-thread-1] INFO  server.RaftServer$Division (RaftServerImpl.java:setRole(283)) - 27072a30-1791-4eaf-beda-714f523a0d74@group-8A2A89374153: changes role from      null to FOLLOWER at term 0 for startAsFollower
2021-01-11 02:52:46,951 [pool-2040-thread-1] INFO  impl.RoleInfo (RoleInfo.java:updateAndGet(130)) - 27072a30-1791-4eaf-beda-714f523a0d74: start 27072a30-1791-4eaf-beda-714f523a0d74@group-8A2A89374153-FollowerState
2021-01-11 02:52:46,954 [pool-2040-thread-1] INFO  util.JmxRegister (JmxRegister.java:tryRegister(44)) - Successfully registered JMX Bean with object name Ratis:service=RaftServer,group=group-8A2A89374153,id=27072a30-1791-4eaf-beda-714f523a0d74
2021-01-11 02:52:46,954 [pool-2040-thread-1] INFO  metrics.RatisMetrics (RatisMetrics.java:lambda$create$0(36)) - Creating Metrics Registry : ratis.state_machine.27072a30-1791-4eaf-beda-714f523a0d74@group-8A2A89374153
2021-01-11 02:52:46,955 [Command processor thread] INFO  commandhandler.CreatePipelineCommandHandler (CreatePipelineCommandHandler.java:handle(106)) - Created Pipeline RATIS ONE PipelineID=cc30ad36-3b76-44f5-ab8e-8a2a89374153.
2021-01-11 02:52:47,100 [EndpointStateMachine task thread for /0.0.0.0:40965 - 0 ] INFO  ozoneimpl.OzoneContainer (OzoneContainer.java:start(255)) - Attempting to start container services.
2021-01-11 02:52:47,100 [EndpointStateMachine task thread for /0.0.0.0:40965 - 0 ] INFO  ozoneimpl.OzoneContainer (OzoneContainer.java:startContainerScrub(219)) - Background container scanner has been disabled.
2021-01-11 02:52:47,100 [EndpointStateMachine task thread for /0.0.0.0:40965 - 0 ] INFO  replication.ReplicationServer (ReplicationServer.java:start(111)) - ReplicationServer is started using port 46791
2021-01-11 02:52:47,101 [EndpointStateMachine task thread for /0.0.0.0:40965 - 0 ] INFO  ratis.XceiverServerRatis (XceiverServerRatis.java:start(455)) - Starting XceiverServerRatis 3bec4ab6-b9ad-4cb7-85d8-9f78f5912025 at port 0
2021-01-11 02:52:47,102 [EndpointStateMachine task thread for /0.0.0.0:40965 - 0 ] INFO  server.RaftServer (RaftServerProxy.java:lambda$start$5(372)) - 3bec4ab6-b9ad-4cb7-85d8-9f78f5912025: start RPC server
2021-01-11 02:52:47,102 [EndpointStateMachine task thread for /0.0.0.0:40965 - 0 ] INFO  server.GrpcService (GrpcService.java:startImpl(176)) - 3bec4ab6-b9ad-4cb7-85d8-9f78f5912025: GrpcService started, listening on 0.0.0.0/0.0.0.0:43535
2021-01-11 02:52:47,102 [EndpointStateMachine task thread for /0.0.0.0:40965 - 0 ] INFO  ratis.XceiverServerRatis (XceiverServerRatis.java:start(467)) - XceiverServerRatis 3bec4ab6-b9ad-4cb7-85d8-9f78f5912025 is started using port 43535
2021-01-11 02:52:47,102 [org.apache.ratis.util.JvmPauseMonitor$$Lambda$220/1349812019@6ccd366] INFO  util.JvmPauseMonitor (JvmPauseMonitor.java:run(103)) - JvmPauseMonitor-3bec4ab6-b9ad-4cb7-85d8-9f78f5912025: Started
2021-01-11 02:52:47,102 [EndpointStateMachine task thread for /0.0.0.0:40965 - 0 ] INFO  server.XceiverServerGrpc (XceiverServerGrpc.java:start(139)) - XceiverServerGrpc 3bec4ab6-b9ad-4cb7-85d8-9f78f5912025 is started using port 42771
2021-01-11 02:52:47,771 [EventQueue-PipelineReportForOneReplicaPipelineSafeModeRule] INFO  safemode.SCMSafeModeManager (SCMSafeModeManager.java:validateSafeModeExitRules(214)) - AtleastOneDatanodeReportedRule rule is successfully validated
2021-01-11 02:52:47,771 [EventQueue-OpenPipelineForHealthyPipelineSafeModeRule] INFO  safemode.SCMSafeModeManager (HealthyPipelineSafeModeRule.java:process(128)) - SCM in safe mode. Healthy pipelines reported count is 0, required healthy pipeline reported count is 1
2021-01-11 02:52:47,943 [EventQueue-OpenPipelineForHealthyPipelineSafeModeRule] INFO  safemode.SCMSafeModeManager (HealthyPipelineSafeModeRule.java:process(128)) - SCM in safe mode. Healthy pipelines reported count is 0, required healthy pipeline reported count is 1
2021-01-11 02:52:47,943 [EventQueue-PipelineReportForOneReplicaPipelineSafeModeRule] INFO  safemode.SCMSafeModeManager (SCMSafeModeManager.java:validateSafeModeExitRules(214)) - AtleastOneDatanodeReportedRule rule is successfully validated
2021-01-11 02:52:48,771 [EventQueue-OpenPipelineForHealthyPipelineSafeModeRule] INFO  safemode.SCMSafeModeManager (HealthyPipelineSafeModeRule.java:process(128)) - SCM in safe mode. Healthy pipelines reported count is 0, required healthy pipeline reported count is 1
2021-01-11 02:52:48,771 [EventQueue-PipelineReportForOneReplicaPipelineSafeModeRule] INFO  safemode.SCMSafeModeManager (SCMSafeModeManager.java:validateSafeModeExitRules(214)) - AtleastOneDatanodeReportedRule rule is successfully validated
2021-01-11 02:52:48,942 [EventQueue-PipelineReportForOneReplicaPipelineSafeModeRule] INFO  safemode.SCMSafeModeManager (SCMSafeModeManager.java:validateSafeModeExitRules(214)) - AtleastOneDatanodeReportedRule rule is successfully validated
2021-01-11 02:52:48,943 [EventQueue-OpenPipelineForHealthyPipelineSafeModeRule] INFO  safemode.SCMSafeModeManager (HealthyPipelineSafeModeRule.java:process(128)) - SCM in safe mode. Healthy pipelines reported count is 0, required healthy pipeline reported count is 1
2021-01-11 02:52:49,099 [IPC Server handler 3 on default port 40965] INFO  net.NetworkTopologyImpl (NetworkTopologyImpl.java:add(111)) - Added a new node: /default-rack/3bec4ab6-b9ad-4cb7-85d8-9f78f5912025
2021-01-11 02:52:49,099 [IPC Server handler 3 on default port 40965] INFO  node.SCMNodeManager (SCMNodeManager.java:register(341)) - Registered Data node : 3bec4ab6-b9ad-4cb7-85d8-9f78f5912025{ip: 172.17.0.2, host: 4354df8493ff, networkLocation: /default-rack, certSerialId: null, persistedOpState: IN_SERVICE, persistedOpStateExpiryEpochSec: 0}
2021-01-11 02:52:49,099 [EventQueue-NodeRegistrationContainerReportForDataNodeSafeModeRule] INFO  safemode.SCMSafeModeManager (SCMSafeModeManager.java:validateSafeModeExitRules(214)) - DataNodeSafeModeRule rule is successfully validated
2021-01-11 02:52:49,099 [EventQueue-NodeRegistrationContainerReportForContainerSafeModeRule] INFO  safemode.SCMSafeModeManager (SCMSafeModeManager.java:validateSafeModeExitRules(214)) - ContainerSafeModeRule rule is successfully validated
2021-01-11 02:52:49,099 [RatisPipelineUtilsThread] INFO  pipeline.RatisPipelineProvider (RatisPipelineProvider.java:lambda$create$0(161)) - Sending CreatePipelineCommand for pipeline:PipelineID=047ade9b-e175-44a5-b7cb-25e1222b9b91 to datanode:3bec4ab6-b9ad-4cb7-85d8-9f78f5912025
2021-01-11 02:52:49,099 [EventQueue-PipelineReportForOneReplicaPipelineSafeModeRule] INFO  safemode.SCMSafeModeManager (SCMSafeModeManager.java:validateSafeModeExitRules(214)) - AtleastOneDatanodeReportedRule rule is successfully validated
2021-01-11 02:52:49,100 [RatisPipelineUtilsThread] INFO  pipeline.PipelineStateManager (PipelineStateManager.java:addPipeline(54)) - Created pipeline Pipeline[ Id: 047ade9b-e175-44a5-b7cb-25e1222b9b91, Nodes: 3bec4ab6-b9ad-4cb7-85d8-9f78f5912025{ip: 172.17.0.2, host: 4354df8493ff, networkLocation: /default-rack, certSerialId: null, persistedOpState: IN_SERVICE, persistedOpStateExpiryEpochSec: 0}, Type:RATIS, Factor:ONE, State:ALLOCATED, leaderId:, CreationTimestamp2021-01-11T02:52:49.099Z]
2021-01-11 02:52:49,100 [RatisPipelineUtilsThread] INFO  pipeline.RatisPipelineProvider (RatisPipelineProvider.java:lambda$create$0(161)) - Sending CreatePipelineCommand for pipeline:PipelineID=fad3187d-7405-41ed-a375-0ba852a2bca2 to datanode:27072a30-1791-4eaf-beda-714f523a0d74
2021-01-11 02:52:49,100 [RatisPipelineUtilsThread] INFO  pipeline.RatisPipelineProvider (RatisPipelineProvider.java:lambda$create$0(161)) - Sending CreatePipelineCommand for pipeline:PipelineID=fad3187d-7405-41ed-a375-0ba852a2bca2 to datanode:3bec4ab6-b9ad-4cb7-85d8-9f78f5912025
2021-01-11 02:52:49,100 [RatisPipelineUtilsThread] INFO  pipeline.RatisPipelineProvider (RatisPipelineProvider.java:lambda$create$0(161)) - Sending CreatePipelineCommand for pipeline:PipelineID=fad3187d-7405-41ed-a375-0ba852a2bca2 to datanode:8fdece96-174e-440b-9c34-b82ee45bcc56
2021-01-11 02:52:49,100 [RatisPipelineUtilsThread] INFO  pipeline.PipelineStateManager (PipelineStateManager.java:addPipeline(54)) - Created pipeline Pipeline[ Id: fad3187d-7405-41ed-a375-0ba852a2bca2, Nodes: 27072a30-1791-4eaf-beda-714f523a0d74{ip: 172.17.0.2, host: 4354df8493ff, networkLocation: /default-rack, certSerialId: null, persistedOpState: IN_SERVICE, persistedOpStateExpiryEpochSec: 0}3bec4ab6-b9ad-4cb7-85d8-9f78f5912025{ip: 172.17.0.2, host: 4354df8493ff, networkLocation: /default-rack, certSerialId: null, persistedOpState: IN_SERVICE, persistedOpStateExpiryEpochSec: 0}8fdece96-174e-440b-9c34-b82ee45bcc56{ip: 172.17.0.2, host: 4354df8493ff, networkLocation: /default-rack, certSerialId: null, persistedOpState: IN_SERVICE, persistedOpStateExpiryEpochSec: 0}, Type:RATIS, Factor:THREE, State:ALLOCATED, leaderId:, CreationTimestamp2021-01-11T02:52:49.100Z]
2021-01-11 02:52:49,771 [EventQueue-PipelineReportForOneReplicaPipelineSafeModeRule] INFO  safemode.SCMSafeModeManager (SCMSafeModeManager.java:validateSafeModeExitRules(214)) - AtleastOneDatanodeReportedRule rule is successfully validated
2021-01-11 02:52:49,771 [EventQueue-OpenPipelineForHealthyPipelineSafeModeRule] INFO  safemode.SCMSafeModeManager (HealthyPipelineSafeModeRule.java:process(128)) - SCM in safe mode. Healthy pipelines reported count is 0, required healthy pipeline reported count is 1
2021-01-11 02:52:49,942 [EventQueue-PipelineReportForOneReplicaPipelineSafeModeRule] INFO  safemode.SCMSafeModeManager (SCMSafeModeManager.java:validateSafeModeExitRules(214)) - AtleastOneDatanodeReportedRule rule is successfully validated
2021-01-11 02:52:49,943 [EventQueue-OpenPipelineForHealthyPipelineSafeModeRule] INFO  safemode.SCMSafeModeManager (HealthyPipelineSafeModeRule.java:process(128)) - SCM in safe mode. Healthy pipelines reported count is 0, required healthy pipeline reported count is 1
2021-01-11 02:52:50,321 [Listener at 127.0.0.1/36003] INFO  http.BaseHttpServer (BaseHttpServer.java:updateConnectorAddress(327)) - HTTP server of hddsDatanode listening at http://0.0.0.0:39641
2021-01-11 02:52:50,322 [Listener at 127.0.0.1/36003] INFO  impl.MetricsSystemImpl (MetricsSystemImpl.java:init(158)) - HddsDatanode metrics system started (again)
2021-01-11 02:52:50,325 [Listener at 127.0.0.1/36003] INFO  ozone.HddsDatanodeService (HddsDatanodeService.java:start(215)) - HddsDatanodeService host:4354df8493ff ip:172.17.0.2
2021-01-11 02:52:50,326 [Listener at 127.0.0.1/36003] INFO  volume.HddsVolume (HddsVolume.java:<init>(176)) - Creating Volume: /github/workspace/mnt/ozone/hadoop-ozone/integration-test/target/test-dir/MiniOzoneClusterImpl-135c514c-975b-43bb-8c7a-38bae9c970e3/datanode-4/data-0/containers/hdds of storage type : DISK and capacity : 9223372036854775807
2021-01-11 02:52:50,326 [Listener at 127.0.0.1/36003] INFO  volume.MutableVolumeSet (MutableVolumeSet.java:initializeVolumeSet(179)) - Added Volume : /github/workspace/mnt/ozone/hadoop-ozone/integration-test/target/test-dir/MiniOzoneClusterImpl-135c514c-975b-43bb-8c7a-38bae9c970e3/datanode-4/data-0/containers/hdds to VolumeSet
2021-01-11 02:52:50,326 [Listener at 127.0.0.1/36003] INFO  volume.ThrottledAsyncChecker (ThrottledAsyncChecker.java:schedule(141)) - Scheduling a check for /github/workspace/mnt/ozone/hadoop-ozone/integration-test/target/test-dir/MiniOzoneClusterImpl-135c514c-975b-43bb-8c7a-38bae9c970e3/datanode-4/data-0/containers/hdds
2021-01-11 02:52:50,329 [Listener at 127.0.0.1/36003] INFO  volume.HddsVolumeChecker (HddsVolumeChecker.java:checkAllVolumes(200)) - Scheduled health check for volume /github/workspace/mnt/ozone/hadoop-ozone/integration-test/target/test-dir/MiniOzoneClusterImpl-135c514c-975b-43bb-8c7a-38bae9c970e3/datanode-4/data-0/containers/hdds
2021-01-11 02:52:50,329 [org.apache.hadoop.util.JvmPauseMonitor$Monitor@56e5f1a2] INFO  util.JvmPauseMonitor (JvmPauseMonitor.java:run(188)) - Starting JVM pause monitor
2021-01-11 02:52:50,333 [Datanode State Machine Task Thread - 0] INFO  datanode.InitDatanodeState (InitDatanodeState.java:persistContainerDatanodeDetails(145)) - DatanodeDetails is persisted to /github/workspace/mnt/ozone/hadoop-ozone/integration-test/target/test-dir/MiniOzoneClusterImpl-135c514c-975b-43bb-8c7a-38bae9c970e3/datanode-3/meta/datanode.id
2021-01-11 02:52:50,339 [Thread-6034] INFO  ozoneimpl.ContainerReader (ContainerReader.java:readVolume(123)) - Start to verify containers on volume /github/workspace/mnt/ozone/hadoop-ozone/integration-test/target/test-dir/MiniOzoneClusterImpl-135c514c-975b-43bb-8c7a-38bae9c970e3/datanode-4/data-0/containers/hdds
2021-01-11 02:52:50,340 [Thread-6034] INFO  ozoneimpl.ContainerReader (ContainerReader.java:readVolume(148)) - Finish verifying containers on volume /github/workspace/mnt/ozone/hadoop-ozone/integration-test/target/test-dir/MiniOzoneClusterImpl-135c514c-975b-43bb-8c7a-38bae9c970e3/datanode-4/data-0/containers/hdds
2021-01-11 02:52:50,340 [Listener at 127.0.0.1/36003] INFO  ozoneimpl.OzoneContainer (OzoneContainer.java:buildContainerSet(206)) - Build ContainerSet costs 0s
2021-01-11 02:52:50,341 [Listener at 127.0.0.1/36003] INFO  server.RaftServer (ConfUtils.java:logGet(44)) - raft.rpc.type = GRPC (default)
2021-01-11 02:52:50,341 [Listener at 127.0.0.1/36003] INFO  grpc.GrpcFactory (GrpcFactory.java:checkPooledByteBufAllocatorUseCacheForAllThreads(48)) - PERFORMANCE WARNING: useCacheForAllThreads is true that may cause Netty to create a lot garbage objects and, as a result, trigger GC.
	It is recommended to disable useCacheForAllThreads by setting -Dorg.apache.ratis.thirdparty.io.netty.allocator.useCacheForAllThreads=false in command line.
2021-01-11 02:52:50,341 [Listener at 127.0.0.1/36003] INFO  grpc.GrpcConfigKeys (ConfUtils.java:logGet(44)) - raft.grpc.server.port = 0 (default)
2021-01-11 02:52:50,341 [Listener at 127.0.0.1/36003] INFO  server.GrpcService (ConfUtils.java:logGet(44)) - raft.grpc.message.size.max = 32MB (=33554432) (custom)
2021-01-11 02:52:50,341 [Listener at 127.0.0.1/36003] INFO  server.RaftServerConfigKeys (ConfUtils.java:logGet(44)) - raft.server.log.appender.buffer.byte-limit = 33554432 (custom)
2021-01-11 02:52:50,341 [Listener at 127.0.0.1/36003] INFO  server.GrpcService (ConfUtils.java:logGet(44)) - raft.grpc.flow.control.window = 5MB (=5242880) (custom)
2021-01-11 02:52:50,342 [Listener at 127.0.0.1/36003] INFO  server.RaftServerConfigKeys (ConfUtils.java:logGet(44)) - raft.server.rpc.request.timeout = 60s (custom)
2021-01-11 02:52:50,342 [Listener at 127.0.0.1/36003] INFO  impl.DataStreamServerImpl (ConfUtils.java:logGet(44)) - raft.datastream.type = DISABLED (default)
2021-01-11 02:52:50,343 [Listener at 127.0.0.1/36003] INFO  server.RaftServerConfigKeys (ConfUtils.java:logGet(44)) - raft.server.rpc.slowness.timeout = 300s (custom)
2021-01-11 02:52:50,343 [Listener at 127.0.0.1/36003] INFO  server.RaftServerConfigKeys (ConfUtils.java:logGet(44)) - raft.server.leaderelection.leader.step-down.wait-time = 10s (default)
2021-01-11 02:52:50,343 [Listener at 127.0.0.1/36003] INFO  server.RaftServerConfigKeys (ConfUtils.java:logGet(44)) - raft.server.storage.dir = [/github/workspace/mnt/ozone/hadoop-ozone/integration-test/target/test-dir/MiniOzoneClusterImpl-135c514c-975b-43bb-8c7a-38bae9c970e3/datanode-4/data/ratis] (custom)
2021-01-11 02:52:50,770 [EventQueue-PipelineReportForOneReplicaPipelineSafeModeRule] INFO  safemode.SCMSafeModeManager (SCMSafeModeManager.java:validateSafeModeExitRules(214)) - AtleastOneDatanodeReportedRule rule is successfully validated
2021-01-11 02:52:50,771 [Command processor thread] INFO  server.RaftServer (RaftServerProxy.java:addNew(95)) - 8fdece96-174e-440b-9c34-b82ee45bcc56: addNew group-0BA852A2BCA2:[8fdece96-174e-440b-9c34-b82ee45bcc56|rpc:172.17.0.2:38051|priority:0, 3bec4ab6-b9ad-4cb7-85d8-9f78f5912025|rpc:172.17.0.2:43535|priority:0, 27072a30-1791-4eaf-beda-714f523a0d74|rpc:172.17.0.2:41503|priority:1] returns group-0BA852A2BCA2:java.util.concurrent.CompletableFuture@7c9f3795[Not completed]
2021-01-11 02:52:50,771 [pool-2024-thread-1] INFO  server.RaftServer$Division (RaftServerImpl.java:<init>(179)) - 8fdece96-174e-440b-9c34-b82ee45bcc56: new RaftServerImpl for group-0BA852A2BCA2:[8fdece96-174e-440b-9c34-b82ee45bcc56|rpc:172.17.0.2:38051|priority:0, 3bec4ab6-b9ad-4cb7-85d8-9f78f5912025|rpc:172.17.0.2:43535|priority:0, 27072a30-1791-4eaf-beda-714f523a0d74|rpc:172.17.0.2:41503|priority:1] with ContainerStateMachine:uninitialized
2021-01-11 02:52:50,771 [pool-2024-thread-1] INFO  server.RaftServerConfigKeys (ConfUtils.java:logGet(44)) - raft.server.rpc.timeout.min = 5s (custom)
2021-01-11 02:52:50,771 [pool-2024-thread-1] INFO  server.RaftServerConfigKeys (ConfUtils.java:logGet(44)) - raft.server.rpc.timeout.max = 5200ms (custom)
2021-01-11 02:52:50,771 [EventQueue-OpenPipelineForHealthyPipelineSafeModeRule] INFO  safemode.SCMSafeModeManager (HealthyPipelineSafeModeRule.java:process(128)) - SCM in safe mode. Healthy pipelines reported count is 0, required healthy pipeline reported count is 1
2021-01-11 02:52:50,771 [pool-2024-thread-1] INFO  server.RaftServerConfigKeys (ConfUtils.java:logGet(44)) - raft.server.rpc.sleep.time = 25ms (default)
2021-01-11 02:52:50,772 [pool-2024-thread-1] INFO  server.RaftServerConfigKeys (ConfUtils.java:logGet(44)) - raft.server.rpc.slowness.timeout = 300s (custom)
2021-01-11 02:52:50,772 [pool-2024-thread-1] INFO  server.RaftServerConfigKeys (ConfUtils.java:logGet(44)) - raft.server.leaderelection.leader.step-down.wait-time = 10s (default)
2021-01-11 02:52:50,772 [pool-2024-thread-1] INFO  server.RaftServerConfigKeys (ConfUtils.java:logGet(44)) - raft.server.sleep.deviation.threshold = 300ms (default)
2021-01-11 02:52:50,772 [pool-2024-thread-1] INFO  server.RaftServerConfigKeys (ConfUtils.java:logGet(44)) - raft.server.log.appender.install.snapshot.enabled = false (custom)
2021-01-11 02:52:50,772 [pool-2024-thread-1] INFO  server.RaftServer$Division (ServerState.java:<init>(103)) - 8fdece96-174e-440b-9c34-b82ee45bcc56@group-0BA852A2BCA2: ConfigurationManager, init=-1: [8fdece96-174e-440b-9c34-b82ee45bcc56|rpc:172.17.0.2:38051|priority:0, 3bec4ab6-b9ad-4cb7-85d8-9f78f5912025|rpc:172.17.0.2:43535|priority:0, 27072a30-1791-4eaf-beda-714f523a0d74|rpc:172.17.0.2:41503|priority:1], old=null, confs=<EMPTY_MAP>
2021-01-11 02:52:50,772 [pool-2024-thread-1] INFO  server.RaftServerConfigKeys (ConfUtils.java:logGet(44)) - raft.server.storage.dir = [/github/workspace/mnt/ozone/hadoop-ozone/integration-test/target/test-dir/MiniOzoneClusterImpl-135c514c-975b-43bb-8c7a-38bae9c970e3/datanode-0/data/ratis] (custom)
2021-01-11 02:52:50,772 [pool-2024-thread-1] INFO  server.RaftServerConfigKeys (ConfUtils.java:logGet(44)) - raft.server.log.corruption.policy = EXCEPTION (default)
2021-01-11 02:52:50,772 [pool-2024-thread-1] INFO  storage.RaftStorageDirectory (RaftStorageDirectoryImpl.java:analyzeStorage(132)) - The storage directory /github/workspace/mnt/ozone/hadoop-ozone/integration-test/target/test-dir/MiniOzoneClusterImpl-135c514c-975b-43bb-8c7a-38bae9c970e3/datanode-0/data/ratis/fad3187d-7405-41ed-a375-0ba852a2bca2 does not exist. Creating ...
2021-01-11 02:52:50,773 [pool-2024-thread-1] INFO  storage.RaftStorageDirectory (RaftStorageDirectoryImpl.java:tryLock(215)) - Lock on /github/workspace/mnt/ozone/hadoop-ozone/integration-test/target/test-dir/MiniOzoneClusterImpl-135c514c-975b-43bb-8c7a-38bae9c970e3/datanode-0/data/ratis/fad3187d-7405-41ed-a375-0ba852a2bca2/in_use.lock acquired by nodename 1545@4354df8493ff
2021-01-11 02:52:50,774 [pool-2024-thread-1] INFO  storage.RaftStorage (RaftStorageImpl.java:format(87)) - Storage directory /github/workspace/mnt/ozone/hadoop-ozone/integration-test/target/test-dir/MiniOzoneClusterImpl-135c514c-975b-43bb-8c7a-38bae9c970e3/datanode-0/data/ratis/fad3187d-7405-41ed-a375-0ba852a2bca2 has been successfully formatted.
2021-01-11 02:52:50,774 [pool-2024-thread-1] INFO  ratis.ContainerStateMachine (ContainerStateMachine.java:loadSnapshot(223)) - group-0BA852A2BCA2: The snapshot info is null. Setting the last applied indexto:(t:0, i:~)
2021-01-11 02:52:50,775 [pool-2024-thread-1] ERROR storage.RaftStorage (RaftStorageImpl.java:readRaftConfiguration(147)) - Failed reading configuration from file:/github/workspace/mnt/ozone/hadoop-ozone/integration-test/target/test-dir/MiniOzoneClusterImpl-135c514c-975b-43bb-8c7a-38bae9c970e3/datanode-0/data/ratis/fad3187d-7405-41ed-a375-0ba852a2bca2/current/raft-meta.conf
java.io.FileNotFoundException: /github/workspace/mnt/ozone/hadoop-ozone/integration-test/target/test-dir/MiniOzoneClusterImpl-135c514c-975b-43bb-8c7a-38bae9c970e3/datanode-0/data/ratis/fad3187d-7405-41ed-a375-0ba852a2bca2/current/raft-meta.conf (No such file or directory)
	at java.io.FileInputStream.open0(Native Method)
	at java.io.FileInputStream.open(FileInputStream.java:195)
	at java.io.FileInputStream.<init>(FileInputStream.java:138)
	at org.apache.ratis.server.storage.RaftStorageImpl.readRaftConfiguration(RaftStorageImpl.java:143)
	at org.apache.ratis.server.impl.ServerState.<init>(ServerState.java:113)
	at org.apache.ratis.server.impl.RaftServerImpl.<init>(RaftServerImpl.java:192)
	at org.apache.ratis.server.impl.RaftServerProxy.lambda$newRaftServerImpl$4(RaftServerProxy.java:266)
	at java.util.concurrent.CompletableFuture$AsyncSupply.run(CompletableFuture.java:1604)
	at java.util.concurrent.ThreadPoolExecutor.runWorker(ThreadPoolExecutor.java:1149)
	at java.util.concurrent.ThreadPoolExecutor$Worker.run(ThreadPoolExecutor.java:624)
	at java.lang.Thread.run(Thread.java:748)
2021-01-11 02:52:50,775 [EventQueue-OpenPipelineForHealthyPipelineSafeModeRule] INFO  safemode.SCMSafeModeManager (HealthyPipelineSafeModeRule.java:process(128)) - SCM in safe mode. Healthy pipelines reported count is 0, required healthy pipeline reported count is 1
2021-01-11 02:52:50,775 [EventQueue-PipelineReportForOneReplicaPipelineSafeModeRule] INFO  safemode.SCMSafeModeManager (SCMSafeModeManager.java:validateSafeModeExitRules(214)) - AtleastOneDatanodeReportedRule rule is successfully validated
2021-01-11 02:52:50,775 [pool-2024-thread-1] INFO  server.RaftServerConfigKeys (ConfUtils.java:logGet(44)) - raft.server.notification.no-leader.timeout = 300s (custom)
2021-01-11 02:52:50,775 [pool-2024-thread-1] INFO  server.RaftServerConfigKeys (ConfUtils.java:logGet(44)) - raft.server.log.use.memory = false (default)
2021-01-11 02:52:50,775 [pool-2024-thread-1] INFO  server.RaftServerConfigKeys (ConfUtils.java:logGet(44)) - raft.server.log.purge.gap = 1000000 (custom)
2021-01-11 02:52:50,775 [pool-2024-thread-1] INFO  server.RaftServerConfigKeys (ConfUtils.java:logGet(44)) - raft.server.log.appender.buffer.byte-limit = 33554432 (custom)
2021-01-11 02:52:50,775 [pool-2024-thread-1] INFO  metrics.RatisMetrics (RatisMetrics.java:lambda$create$0(36)) - Creating Metrics Registry : ratis.log_worker.8fdece96-174e-440b-9c34-b82ee45bcc56@group-0BA852A2BCA2
2021-01-11 02:52:50,776 [pool-2024-thread-1] INFO  server.RaftServerConfigKeys (ConfUtils.java:logGet(44)) - raft.server.log.segment.size.max = 1048576 (custom)
2021-01-11 02:52:50,777 [pool-2024-thread-1] INFO  server.RaftServerConfigKeys (ConfUtils.java:logGet(44)) - raft.server.log.segment.cache.num.max = 2 (custom)
2021-01-11 02:52:50,777 [pool-2024-thread-1] INFO  server.RaftServerConfigKeys (ConfUtils.java:logGet(44)) - raft.server.log.segment.cache.size.max = 200MB (=209715200) (default)
2021-01-11 02:52:50,777 [pool-2024-thread-1] INFO  segmented.SegmentedRaftLogWorker (SegmentedRaftLogWorker.java:<init>(181)) - new 8fdece96-174e-440b-9c34-b82ee45bcc56@group-0BA852A2BCA2-SegmentedRaftLogWorker for RaftStorageImpl:Storage Directory /github/workspace/mnt/ozone/hadoop-ozone/integration-test/target/test-dir/MiniOzoneClusterImpl-135c514c-975b-43bb-8c7a-38bae9c970e3/datanode-0/data/ratis/fad3187d-7405-41ed-a375-0ba852a2bca2
2021-01-11 02:52:50,777 [pool-2024-thread-1] INFO  server.RaftServerConfigKeys (ConfUtils.java:logGet(44)) - raft.server.log.queue.byte-limit = 2147483647 (custom)
2021-01-11 02:52:50,777 [pool-2024-thread-1] INFO  server.RaftServerConfigKeys (ConfUtils.java:logGet(44)) - raft.server.log.queue.element-limit = 1024 (custom)
2021-01-11 02:52:50,777 [pool-2024-thread-1] INFO  server.RaftServerConfigKeys (ConfUtils.java:logGet(44)) - raft.server.log.segment.size.max = 1048576 (custom)
2021-01-11 02:52:50,777 [pool-2024-thread-1] INFO  server.RaftServerConfigKeys (ConfUtils.java:logGet(44)) - raft.server.log.preallocated.size = 16384 (custom)
2021-01-11 02:52:50,777 [pool-2024-thread-1] INFO  server.RaftServerConfigKeys (ConfUtils.java:logGet(44)) - raft.server.log.force.sync.num = 128 (default)
2021-01-11 02:52:50,777 [pool-2024-thread-1] INFO  server.RaftServerConfigKeys (ConfUtils.java:logGet(44)) - raft.server.log.statemachine.data.sync = true (default)
2021-01-11 02:52:50,778 [pool-2024-thread-1] INFO  server.RaftServerConfigKeys (ConfUtils.java:logGet(44)) - raft.server.log.statemachine.data.sync.timeout = 10s (default)
2021-01-11 02:52:50,778 [pool-2024-thread-1] INFO  server.RaftServerConfigKeys (ConfUtils.java:logGet(44)) - raft.server.log.statemachine.data.sync.timeout.retry = -1 (default)
2021-01-11 02:52:50,780 [pool-2024-thread-1] INFO  server.RaftServerConfigKeys (ConfUtils.java:logGet(44)) - raft.server.log.write.buffer.size = 1048576 (custom)
2021-01-11 02:52:50,781 [pool-2024-thread-1] INFO  server.RaftServerConfigKeys (ConfUtils.java:logGet(44)) - raft.server.log.statemachine.data.caching.enabled = true (custom)
2021-01-11 02:52:50,781 [pool-2024-thread-1] INFO  segmented.SegmentedRaftLogWorker (SegmentedRaftLogWorker.java:lambda$new$0(132)) - 8fdece96-174e-440b-9c34-b82ee45bcc56@group-0BA852A2BCA2-SegmentedRaftLogWorker: flushIndex: setUnconditionally 0 -> -1
2021-01-11 02:52:50,781 [pool-2024-thread-1] INFO  segmented.SegmentedRaftLogWorker (SegmentedRaftLogWorker.java:lambda$new$0(132)) - 8fdece96-174e-440b-9c34-b82ee45bcc56@group-0BA852A2BCA2-SegmentedRaftLogWorker: safeCacheEvictIndex: setUnconditionally 0 -> -1
2021-01-11 02:52:50,781 [pool-2024-thread-1] INFO  server.RaftServerConfigKeys (ConfUtils.java:logGet(44)) - raft.server.snapshot.auto.trigger.enabled = true (custom)
2021-01-11 02:52:50,781 [pool-2024-thread-1] INFO  server.RaftServerConfigKeys (ConfUtils.java:logGet(44)) - raft.server.snapshot.auto.trigger.threshold = 10000 (custom)
2021-01-11 02:52:50,781 [pool-2024-thread-1] INFO  server.RaftServerConfigKeys (ConfUtils.java:logGet(44)) - raft.server.snapshot.retention.file.num = 5 (custom)
2021-01-11 02:52:50,781 [pool-2024-thread-1] INFO  server.RaftServerConfigKeys (ConfUtils.java:logGet(44)) - raft.server.log.purge.upto.snapshot.index = false (default)
2021-01-11 02:52:50,781 [pool-2024-thread-1] INFO  server.RaftServerConfigKeys (ConfUtils.java:logGet(44)) - raft.server.retrycache.expirytime = 600000ms (custom)
2021-01-11 02:52:50,781 [pool-2024-thread-1] INFO  server.RaftServerConfigKeys (ConfUtils.java:logGet(44)) - raft.server.retrycache.statistics.expirytime = 100?s (default)
2021-01-11 02:52:50,781 [pool-2024-thread-1] INFO  metrics.RatisMetrics (RatisMetrics.java:lambda$create$0(36)) - Creating Metrics Registry : ratis.leader_election.8fdece96-174e-440b-9c34-b82ee45bcc56@group-0BA852A2BCA2
2021-01-11 02:52:50,782 [pool-2024-thread-1] INFO  metrics.RatisMetrics (RatisMetrics.java:lambda$create$0(36)) - Creating Metrics Registry : ratis.server.8fdece96-174e-440b-9c34-b82ee45bcc56@group-0BA852A2BCA2
2021-01-11 02:52:50,784 [pool-2024-thread-1] INFO  server.RaftServer$Division (RaftServerImpl.java:start(294)) - 8fdece96-174e-440b-9c34-b82ee45bcc56@group-0BA852A2BCA2: start as a follower, conf=-1: [8fdece96-174e-440b-9c34-b82ee45bcc56|rpc:172.17.0.2:38051|priority:0, 3bec4ab6-b9ad-4cb7-85d8-9f78f5912025|rpc:172.17.0.2:43535|priority:0, 27072a30-1791-4eaf-beda-714f523a0d74|rpc:172.17.0.2:41503|priority:1], old=null
2021-01-11 02:52:50,784 [pool-2024-thread-1] INFO  server.RaftServer$Division (RaftServerImpl.java:setRole(283)) - 8fdece96-174e-440b-9c34-b82ee45bcc56@group-0BA852A2BCA2: changes role from      null to FOLLOWER at term 0 for startAsFollower
2021-01-11 02:52:50,784 [pool-2024-thread-1] INFO  impl.RoleInfo (RoleInfo.java:updateAndGet(130)) - 8fdece96-174e-440b-9c34-b82ee45bcc56: start 8fdece96-174e-440b-9c34-b82ee45bcc56@group-0BA852A2BCA2-FollowerState
2021-01-11 02:52:50,785 [pool-2024-thread-1] INFO  util.JmxRegister (JmxRegister.java:tryRegister(44)) - Successfully registered JMX Bean with object name Ratis:service=RaftServer,group=group-0BA852A2BCA2,id=8fdece96-174e-440b-9c34-b82ee45bcc56
2021-01-11 02:52:50,785 [pool-2024-thread-1] INFO  metrics.RatisMetrics (RatisMetrics.java:lambda$create$0(36)) - Creating Metrics Registry : ratis.state_machine.8fdece96-174e-440b-9c34-b82ee45bcc56@group-0BA852A2BCA2
2021-01-11 02:52:50,786 [Command processor thread] INFO  metrics.RatisMetrics (RatisMetrics.java:lambda$create$0(36)) - Creating Metrics Registry : ratis.client_message_metrics.client-0569793E3C10->27072a30-1791-4eaf-beda-714f523a0d74
2021-01-11 02:52:50,799 [grpc-default-executor-9] INFO  metrics.RatisMetrics (RatisMetrics.java:lambda$create$0(36)) - Creating Metrics Registry : ratis.server_message_metrics.27072a30-1791-4eaf-beda-714f523a0d74
2021-01-11 02:52:50,801 [grpc-default-executor-9] INFO  server.RaftServer (RaftServerProxy.java:addNew(95)) - 27072a30-1791-4eaf-beda-714f523a0d74: addNew group-0BA852A2BCA2:[8fdece96-174e-440b-9c34-b82ee45bcc56|rpc:172.17.0.2:38051|dataStream:|priority:0, 3bec4ab6-b9ad-4cb7-85d8-9f78f5912025|rpc:172.17.0.2:43535|dataStream:|priority:0, 27072a30-1791-4eaf-beda-714f523a0d74|rpc:172.17.0.2:41503|dataStream:|priority:1] returns group-0BA852A2BCA2:java.util.concurrent.CompletableFuture@3dc205ab[Not completed]
2021-01-11 02:52:50,802 [pool-2040-thread-1] INFO  server.RaftServer$Division (RaftServerImpl.java:<init>(179)) - 27072a30-1791-4eaf-beda-714f523a0d74: new RaftServerImpl for group-0BA852A2BCA2:[8fdece96-174e-440b-9c34-b82ee45bcc56|rpc:172.17.0.2:38051|dataStream:|priority:0, 3bec4ab6-b9ad-4cb7-85d8-9f78f5912025|rpc:172.17.0.2:43535|dataStream:|priority:0, 27072a30-1791-4eaf-beda-714f523a0d74|rpc:172.17.0.2:41503|dataStream:|priority:1] with ContainerStateMachine:uninitialized
2021-01-11 02:52:50,802 [pool-2040-thread-1] INFO  server.RaftServerConfigKeys (ConfUtils.java:logGet(44)) - raft.server.rpc.timeout.min = 5s (custom)
2021-01-11 02:52:50,802 [pool-2040-thread-1] INFO  server.RaftServerConfigKeys (ConfUtils.java:logGet(44)) - raft.server.rpc.timeout.max = 5200ms (custom)
2021-01-11 02:52:50,802 [pool-2040-thread-1] INFO  server.RaftServerConfigKeys (ConfUtils.java:logGet(44)) - raft.server.rpc.sleep.time = 25ms (default)
2021-01-11 02:52:50,802 [pool-2040-thread-1] INFO  server.RaftServerConfigKeys (ConfUtils.java:logGet(44)) - raft.server.rpc.slowness.timeout = 300s (custom)
2021-01-11 02:52:50,802 [pool-2040-thread-1] INFO  server.RaftServerConfigKeys (ConfUtils.java:logGet(44)) - raft.server.leaderelection.leader.step-down.wait-time = 10s (default)
2021-01-11 02:52:50,802 [pool-2040-thread-1] INFO  server.RaftServerConfigKeys (ConfUtils.java:logGet(44)) - raft.server.sleep.deviation.threshold = 300ms (default)
2021-01-11 02:52:50,802 [pool-2040-thread-1] INFO  server.RaftServerConfigKeys (ConfUtils.java:logGet(44)) - raft.server.log.appender.install.snapshot.enabled = false (custom)
2021-01-11 02:52:50,802 [pool-2040-thread-1] INFO  server.RaftServer$Division (ServerState.java:<init>(103)) - 27072a30-1791-4eaf-beda-714f523a0d74@group-0BA852A2BCA2: ConfigurationManager, init=-1: [8fdece96-174e-440b-9c34-b82ee45bcc56|rpc:172.17.0.2:38051|dataStream:|priority:0, 3bec4ab6-b9ad-4cb7-85d8-9f78f5912025|rpc:172.17.0.2:43535|dataStream:|priority:0, 27072a30-1791-4eaf-beda-714f523a0d74|rpc:172.17.0.2:41503|dataStream:|priority:1], old=null, confs=<EMPTY_MAP>
2021-01-11 02:52:50,802 [pool-2040-thread-1] INFO  server.RaftServerConfigKeys (ConfUtils.java:logGet(44)) - raft.server.storage.dir = [/github/workspace/mnt/ozone/hadoop-ozone/integration-test/target/test-dir/MiniOzoneClusterImpl-135c514c-975b-43bb-8c7a-38bae9c970e3/datanode-1/data/ratis] (custom)
2021-01-11 02:52:50,802 [pool-2040-thread-1] INFO  server.RaftServerConfigKeys (ConfUtils.java:logGet(44)) - raft.server.log.corruption.policy = EXCEPTION (default)
2021-01-11 02:52:50,802 [pool-2040-thread-1] INFO  storage.RaftStorageDirectory (RaftStorageDirectoryImpl.java:analyzeStorage(132)) - The storage directory /github/workspace/mnt/ozone/hadoop-ozone/integration-test/target/test-dir/MiniOzoneClusterImpl-135c514c-975b-43bb-8c7a-38bae9c970e3/datanode-1/data/ratis/fad3187d-7405-41ed-a375-0ba852a2bca2 does not exist. Creating ...
2021-01-11 02:52:50,803 [pool-2040-thread-1] INFO  storage.RaftStorageDirectory (RaftStorageDirectoryImpl.java:tryLock(215)) - Lock on /github/workspace/mnt/ozone/hadoop-ozone/integration-test/target/test-dir/MiniOzoneClusterImpl-135c514c-975b-43bb-8c7a-38bae9c970e3/datanode-1/data/ratis/fad3187d-7405-41ed-a375-0ba852a2bca2/in_use.lock acquired by nodename 1545@4354df8493ff
2021-01-11 02:52:50,804 [pool-2040-thread-1] INFO  storage.RaftStorage (RaftStorageImpl.java:format(87)) - Storage directory /github/workspace/mnt/ozone/hadoop-ozone/integration-test/target/test-dir/MiniOzoneClusterImpl-135c514c-975b-43bb-8c7a-38bae9c970e3/datanode-1/data/ratis/fad3187d-7405-41ed-a375-0ba852a2bca2 has been successfully formatted.
2021-01-11 02:52:50,804 [pool-2040-thread-1] INFO  ratis.ContainerStateMachine (ContainerStateMachine.java:loadSnapshot(223)) - group-0BA852A2BCA2: The snapshot info is null. Setting the last applied indexto:(t:0, i:~)
2021-01-11 02:52:50,804 [pool-2040-thread-1] ERROR storage.RaftStorage (RaftStorageImpl.java:readRaftConfiguration(147)) - Failed reading configuration from file:/github/workspace/mnt/ozone/hadoop-ozone/integration-test/target/test-dir/MiniOzoneClusterImpl-135c514c-975b-43bb-8c7a-38bae9c970e3/datanode-1/data/ratis/fad3187d-7405-41ed-a375-0ba852a2bca2/current/raft-meta.conf
java.io.FileNotFoundException: /github/workspace/mnt/ozone/hadoop-ozone/integration-test/target/test-dir/MiniOzoneClusterImpl-135c514c-975b-43bb-8c7a-38bae9c970e3/datanode-1/data/ratis/fad3187d-7405-41ed-a375-0ba852a2bca2/current/raft-meta.conf (No such file or directory)
	at java.io.FileInputStream.open0(Native Method)
	at java.io.FileInputStream.open(FileInputStream.java:195)
	at java.io.FileInputStream.<init>(FileInputStream.java:138)
	at org.apache.ratis.server.storage.RaftStorageImpl.readRaftConfiguration(RaftStorageImpl.java:143)
	at org.apache.ratis.server.impl.ServerState.<init>(ServerState.java:113)
	at org.apache.ratis.server.impl.RaftServerImpl.<init>(RaftServerImpl.java:192)
	at org.apache.ratis.server.impl.RaftServerProxy.lambda$newRaftServerImpl$4(RaftServerProxy.java:266)
	at java.util.concurrent.CompletableFuture$AsyncSupply.run(CompletableFuture.java:1604)
	at java.util.concurrent.ThreadPoolExecutor.runWorker(ThreadPoolExecutor.java:1149)
	at java.util.concurrent.ThreadPoolExecutor$Worker.run(ThreadPoolExecutor.java:624)
	at java.lang.Thread.run(Thread.java:748)
2021-01-11 02:52:50,807 [pool-2040-thread-1] INFO  server.RaftServerConfigKeys (ConfUtils.java:logGet(44)) - raft.server.notification.no-leader.timeout = 300s (custom)
2021-01-11 02:52:50,807 [EventQueue-OpenPipelineForHealthyPipelineSafeModeRule] INFO  safemode.SCMSafeModeManager (HealthyPipelineSafeModeRule.java:process(128)) - SCM in safe mode. Healthy pipelines reported count is 0, required healthy pipeline reported count is 1
2021-01-11 02:52:50,807 [EventQueue-PipelineReportForOneReplicaPipelineSafeModeRule] INFO  safemode.SCMSafeModeManager (SCMSafeModeManager.java:validateSafeModeExitRules(214)) - AtleastOneDatanodeReportedRule rule is successfully validated
2021-01-11 02:52:50,807 [pool-2040-thread-1] INFO  server.RaftServerConfigKeys (ConfUtils.java:logGet(44)) - raft.server.log.use.memory = false (default)
2021-01-11 02:52:50,808 [pool-2040-thread-1] INFO  server.RaftServerConfigKeys (ConfUtils.java:logGet(44)) - raft.server.log.purge.gap = 1000000 (custom)
2021-01-11 02:52:50,808 [pool-2040-thread-1] INFO  server.RaftServerConfigKeys (ConfUtils.java:logGet(44)) - raft.server.log.appender.buffer.byte-limit = 33554432 (custom)
2021-01-11 02:52:50,808 [pool-2040-thread-1] INFO  metrics.RatisMetrics (RatisMetrics.java:lambda$create$0(36)) - Creating Metrics Registry : ratis.log_worker.27072a30-1791-4eaf-beda-714f523a0d74@group-0BA852A2BCA2
2021-01-11 02:52:50,808 [pool-2040-thread-1] INFO  server.RaftServerConfigKeys (ConfUtils.java:logGet(44)) - raft.server.log.segment.size.max = 1048576 (custom)
2021-01-11 02:52:50,809 [pool-2040-thread-1] INFO  server.RaftServerConfigKeys (ConfUtils.java:logGet(44)) - raft.server.log.segment.cache.num.max = 2 (custom)
2021-01-11 02:52:50,809 [pool-2040-thread-1] INFO  server.RaftServerConfigKeys (ConfUtils.java:logGet(44)) - raft.server.log.segment.cache.size.max = 200MB (=209715200) (default)
2021-01-11 02:52:50,809 [pool-2040-thread-1] INFO  segmented.SegmentedRaftLogWorker (SegmentedRaftLogWorker.java:<init>(181)) - new 27072a30-1791-4eaf-beda-714f523a0d74@group-0BA852A2BCA2-SegmentedRaftLogWorker for RaftStorageImpl:Storage Directory /github/workspace/mnt/ozone/hadoop-ozone/integration-test/target/test-dir/MiniOzoneClusterImpl-135c514c-975b-43bb-8c7a-38bae9c970e3/datanode-1/data/ratis/fad3187d-7405-41ed-a375-0ba852a2bca2
2021-01-11 02:52:50,809 [pool-2040-thread-1] INFO  server.RaftServerConfigKeys (ConfUtils.java:logGet(44)) - raft.server.log.queue.byte-limit = 2147483647 (custom)
2021-01-11 02:52:50,809 [pool-2040-thread-1] INFO  server.RaftServerConfigKeys (ConfUtils.java:logGet(44)) - raft.server.log.queue.element-limit = 1024 (custom)
2021-01-11 02:52:50,809 [pool-2040-thread-1] INFO  server.RaftServerConfigKeys (ConfUtils.java:logGet(44)) - raft.server.log.segment.size.max = 1048576 (custom)
2021-01-11 02:52:50,809 [pool-2040-thread-1] INFO  server.RaftServerConfigKeys (ConfUtils.java:logGet(44)) - raft.server.log.preallocated.size = 16384 (custom)
2021-01-11 02:52:50,809 [pool-2040-thread-1] INFO  server.RaftServerConfigKeys (ConfUtils.java:logGet(44)) - raft.server.log.force.sync.num = 128 (default)
2021-01-11 02:52:50,809 [pool-2040-thread-1] INFO  server.RaftServerConfigKeys (ConfUtils.java:logGet(44)) - raft.server.log.statemachine.data.sync = true (default)
2021-01-11 02:52:50,809 [pool-2040-thread-1] INFO  server.RaftServerConfigKeys (ConfUtils.java:logGet(44)) - raft.server.log.statemachine.data.sync.timeout = 10s (default)
2021-01-11 02:52:50,809 [pool-2040-thread-1] INFO  server.RaftServerConfigKeys (ConfUtils.java:logGet(44)) - raft.server.log.statemachine.data.sync.timeout.retry = -1 (default)
2021-01-11 02:52:50,811 [pool-2040-thread-1] INFO  server.RaftServerConfigKeys (ConfUtils.java:logGet(44)) - raft.server.log.write.buffer.size = 1048576 (custom)
2021-01-11 02:52:50,812 [pool-2040-thread-1] INFO  server.RaftServerConfigKeys (ConfUtils.java:logGet(44)) - raft.server.log.statemachine.data.caching.enabled = true (custom)
2021-01-11 02:52:50,812 [pool-2040-thread-1] INFO  segmented.SegmentedRaftLogWorker (SegmentedRaftLogWorker.java:lambda$new$0(132)) - 27072a30-1791-4eaf-beda-714f523a0d74@group-0BA852A2BCA2-SegmentedRaftLogWorker: flushIndex: setUnconditionally 0 -> -1
2021-01-11 02:52:50,812 [pool-2040-thread-1] INFO  segmented.SegmentedRaftLogWorker (SegmentedRaftLogWorker.java:lambda$new$0(132)) - 27072a30-1791-4eaf-beda-714f523a0d74@group-0BA852A2BCA2-SegmentedRaftLogWorker: safeCacheEvictIndex: setUnconditionally 0 -> -1
2021-01-11 02:52:50,813 [pool-2040-thread-1] INFO  server.RaftServerConfigKeys (ConfUtils.java:logGet(44)) - raft.server.snapshot.auto.trigger.enabled = true (custom)
2021-01-11 02:52:50,813 [pool-2040-thread-1] INFO  server.RaftServerConfigKeys (ConfUtils.java:logGet(44)) - raft.server.snapshot.auto.trigger.threshold = 10000 (custom)
2021-01-11 02:52:50,813 [pool-2040-thread-1] INFO  server.RaftServerConfigKeys (ConfUtils.java:logGet(44)) - raft.server.snapshot.retention.file.num = 5 (custom)
2021-01-11 02:52:50,813 [pool-2040-thread-1] INFO  server.RaftServerConfigKeys (ConfUtils.java:logGet(44)) - raft.server.log.purge.upto.snapshot.index = false (default)
2021-01-11 02:52:50,813 [pool-2040-thread-1] INFO  server.RaftServerConfigKeys (ConfUtils.java:logGet(44)) - raft.server.retrycache.expirytime = 600000ms (custom)
2021-01-11 02:52:50,813 [pool-2040-thread-1] INFO  server.RaftServerConfigKeys (ConfUtils.java:logGet(44)) - raft.server.retrycache.statistics.expirytime = 100?s (default)
2021-01-11 02:52:50,813 [pool-2040-thread-1] INFO  metrics.RatisMetrics (RatisMetrics.java:lambda$create$0(36)) - Creating Metrics Registry : ratis.leader_election.27072a30-1791-4eaf-beda-714f523a0d74@group-0BA852A2BCA2
2021-01-11 02:52:50,814 [pool-2040-thread-1] INFO  metrics.RatisMetrics (RatisMetrics.java:lambda$create$0(36)) - Creating Metrics Registry : ratis.server.27072a30-1791-4eaf-beda-714f523a0d74@group-0BA852A2BCA2
2021-01-11 02:52:50,816 [pool-2040-thread-1] INFO  server.RaftServer$Division (RaftServerImpl.java:start(294)) - 27072a30-1791-4eaf-beda-714f523a0d74@group-0BA852A2BCA2: start as a follower, conf=-1: [8fdece96-174e-440b-9c34-b82ee45bcc56|rpc:172.17.0.2:38051|dataStream:|priority:0, 3bec4ab6-b9ad-4cb7-85d8-9f78f5912025|rpc:172.17.0.2:43535|dataStream:|priority:0, 27072a30-1791-4eaf-beda-714f523a0d74|rpc:172.17.0.2:41503|dataStream:|priority:1], old=null
2021-01-11 02:52:50,816 [pool-2040-thread-1] INFO  server.RaftServer$Division (RaftServerImpl.java:setRole(283)) - 27072a30-1791-4eaf-beda-714f523a0d74@group-0BA852A2BCA2: changes role from      null to FOLLOWER at term 0 for startAsFollower
2021-01-11 02:52:50,816 [pool-2040-thread-1] INFO  impl.RoleInfo (RoleInfo.java:updateAndGet(130)) - 27072a30-1791-4eaf-beda-714f523a0d74: start 27072a30-1791-4eaf-beda-714f523a0d74@group-0BA852A2BCA2-FollowerState
2021-01-11 02:52:50,818 [pool-2040-thread-1] INFO  util.JmxRegister (JmxRegister.java:tryRegister(44)) - Successfully registered JMX Bean with object name Ratis:service=RaftServer,group=group-0BA852A2BCA2,id=27072a30-1791-4eaf-beda-714f523a0d74
2021-01-11 02:52:50,818 [pool-2040-thread-1] INFO  metrics.RatisMetrics (RatisMetrics.java:lambda$create$0(36)) - Creating Metrics Registry : ratis.state_machine.27072a30-1791-4eaf-beda-714f523a0d74@group-0BA852A2BCA2
2021-01-11 02:52:50,827 [Command processor thread] INFO  metrics.RatisMetrics (RatisMetrics.java:lambda$create$0(36)) - Creating Metrics Registry : ratis.client_message_metrics.client-219A809283AF->3bec4ab6-b9ad-4cb7-85d8-9f78f5912025
2021-01-11 02:52:50,831 [grpc-default-executor-9] INFO  metrics.RatisMetrics (RatisMetrics.java:lambda$create$0(36)) - Creating Metrics Registry : ratis.server_message_metrics.3bec4ab6-b9ad-4cb7-85d8-9f78f5912025
2021-01-11 02:52:50,832 [grpc-default-executor-9] INFO  server.RaftServer (RaftServerProxy.java:addNew(95)) - 3bec4ab6-b9ad-4cb7-85d8-9f78f5912025: addNew group-0BA852A2BCA2:[8fdece96-174e-440b-9c34-b82ee45bcc56|rpc:172.17.0.2:38051|dataStream:|priority:0, 3bec4ab6-b9ad-4cb7-85d8-9f78f5912025|rpc:172.17.0.2:43535|dataStream:|priority:0, 27072a30-1791-4eaf-beda-714f523a0d74|rpc:172.17.0.2:41503|dataStream:|priority:1] returns group-0BA852A2BCA2:java.util.concurrent.CompletableFuture@b6fe20a[Not completed]
2021-01-11 02:52:50,833 [pool-2056-thread-1] INFO  server.RaftServer$Division (RaftServerImpl.java:<init>(179)) - 3bec4ab6-b9ad-4cb7-85d8-9f78f5912025: new RaftServerImpl for group-0BA852A2BCA2:[8fdece96-174e-440b-9c34-b82ee45bcc56|rpc:172.17.0.2:38051|dataStream:|priority:0, 3bec4ab6-b9ad-4cb7-85d8-9f78f5912025|rpc:172.17.0.2:43535|dataStream:|priority:0, 27072a30-1791-4eaf-beda-714f523a0d74|rpc:172.17.0.2:41503|dataStream:|priority:1] with ContainerStateMachine:uninitialized
2021-01-11 02:52:50,834 [pool-2056-thread-1] INFO  server.RaftServerConfigKeys (ConfUtils.java:logGet(44)) - raft.server.rpc.timeout.min = 5s (custom)
2021-01-11 02:52:50,834 [pool-2056-thread-1] INFO  server.RaftServerConfigKeys (ConfUtils.java:logGet(44)) - raft.server.rpc.timeout.max = 5200ms (custom)
2021-01-11 02:52:50,834 [pool-2056-thread-1] INFO  server.RaftServerConfigKeys (ConfUtils.java:logGet(44)) - raft.server.rpc.sleep.time = 25ms (default)
2021-01-11 02:52:50,834 [pool-2056-thread-1] INFO  server.RaftServerConfigKeys (ConfUtils.java:logGet(44)) - raft.server.rpc.slowness.timeout = 300s (custom)
2021-01-11 02:52:50,834 [pool-2056-thread-1] INFO  server.RaftServerConfigKeys (ConfUtils.java:logGet(44)) - raft.server.leaderelection.leader.step-down.wait-time = 10s (default)
2021-01-11 02:52:50,834 [pool-2056-thread-1] INFO  server.RaftServerConfigKeys (ConfUtils.java:logGet(44)) - raft.server.sleep.deviation.threshold = 300ms (default)
2021-01-11 02:52:50,834 [pool-2056-thread-1] INFO  server.RaftServerConfigKeys (ConfUtils.java:logGet(44)) - raft.server.log.appender.install.snapshot.enabled = false (custom)
2021-01-11 02:52:50,834 [pool-2056-thread-1] INFO  server.RaftServer$Division (ServerState.java:<init>(103)) - 3bec4ab6-b9ad-4cb7-85d8-9f78f5912025@group-0BA852A2BCA2: ConfigurationManager, init=-1: [8fdece96-174e-440b-9c34-b82ee45bcc56|rpc:172.17.0.2:38051|dataStream:|priority:0, 3bec4ab6-b9ad-4cb7-85d8-9f78f5912025|rpc:172.17.0.2:43535|dataStream:|priority:0, 27072a30-1791-4eaf-beda-714f523a0d74|rpc:172.17.0.2:41503|dataStream:|priority:1], old=null, confs=<EMPTY_MAP>
2021-01-11 02:52:50,834 [pool-2056-thread-1] INFO  server.RaftServerConfigKeys (ConfUtils.java:logGet(44)) - raft.server.storage.dir = [/github/workspace/mnt/ozone/hadoop-ozone/integration-test/target/test-dir/MiniOzoneClusterImpl-135c514c-975b-43bb-8c7a-38bae9c970e3/datanode-2/data/ratis] (custom)
2021-01-11 02:52:50,834 [pool-2056-thread-1] INFO  server.RaftServerConfigKeys (ConfUtils.java:logGet(44)) - raft.server.log.corruption.policy = EXCEPTION (default)
2021-01-11 02:52:50,834 [pool-2056-thread-1] INFO  storage.RaftStorageDirectory (RaftStorageDirectoryImpl.java:analyzeStorage(132)) - The storage directory /github/workspace/mnt/ozone/hadoop-ozone/integration-test/target/test-dir/MiniOzoneClusterImpl-135c514c-975b-43bb-8c7a-38bae9c970e3/datanode-2/data/ratis/fad3187d-7405-41ed-a375-0ba852a2bca2 does not exist. Creating ...
2021-01-11 02:52:50,835 [pool-2056-thread-1] INFO  storage.RaftStorageDirectory (RaftStorageDirectoryImpl.java:tryLock(215)) - Lock on /github/workspace/mnt/ozone/hadoop-ozone/integration-test/target/test-dir/MiniOzoneClusterImpl-135c514c-975b-43bb-8c7a-38bae9c970e3/datanode-2/data/ratis/fad3187d-7405-41ed-a375-0ba852a2bca2/in_use.lock acquired by nodename 1545@4354df8493ff
2021-01-11 02:52:50,836 [pool-2056-thread-1] INFO  storage.RaftStorage (RaftStorageImpl.java:format(87)) - Storage directory /github/workspace/mnt/ozone/hadoop-ozone/integration-test/target/test-dir/MiniOzoneClusterImpl-135c514c-975b-43bb-8c7a-38bae9c970e3/datanode-2/data/ratis/fad3187d-7405-41ed-a375-0ba852a2bca2 has been successfully formatted.
2021-01-11 02:52:50,836 [pool-2056-thread-1] INFO  ratis.ContainerStateMachine (ContainerStateMachine.java:loadSnapshot(223)) - group-0BA852A2BCA2: The snapshot info is null. Setting the last applied indexto:(t:0, i:~)
2021-01-11 02:52:50,836 [pool-2056-thread-1] ERROR storage.RaftStorage (RaftStorageImpl.java:readRaftConfiguration(147)) - Failed reading configuration from file:/github/workspace/mnt/ozone/hadoop-ozone/integration-test/target/test-dir/MiniOzoneClusterImpl-135c514c-975b-43bb-8c7a-38bae9c970e3/datanode-2/data/ratis/fad3187d-7405-41ed-a375-0ba852a2bca2/current/raft-meta.conf
java.io.FileNotFoundException: /github/workspace/mnt/ozone/hadoop-ozone/integration-test/target/test-dir/MiniOzoneClusterImpl-135c514c-975b-43bb-8c7a-38bae9c970e3/datanode-2/data/ratis/fad3187d-7405-41ed-a375-0ba852a2bca2/current/raft-meta.conf (No such file or directory)
	at java.io.FileInputStream.open0(Native Method)
	at java.io.FileInputStream.open(FileInputStream.java:195)
	at java.io.FileInputStream.<init>(FileInputStream.java:138)
	at org.apache.ratis.server.storage.RaftStorageImpl.readRaftConfiguration(RaftStorageImpl.java:143)
	at org.apache.ratis.server.impl.ServerState.<init>(ServerState.java:113)
	at org.apache.ratis.server.impl.RaftServerImpl.<init>(RaftServerImpl.java:192)
	at org.apache.ratis.server.impl.RaftServerProxy.lambda$newRaftServerImpl$4(RaftServerProxy.java:266)
	at java.util.concurrent.CompletableFuture$AsyncSupply.run(CompletableFuture.java:1604)
	at java.util.concurrent.ThreadPoolExecutor.runWorker(ThreadPoolExecutor.java:1149)
	at java.util.concurrent.ThreadPoolExecutor$Worker.run(ThreadPoolExecutor.java:624)
	at java.lang.Thread.run(Thread.java:748)
2021-01-11 02:52:50,836 [pool-2056-thread-1] INFO  server.RaftServerConfigKeys (ConfUtils.java:logGet(44)) - raft.server.notification.no-leader.timeout = 300s (custom)
2021-01-11 02:52:50,837 [pool-2056-thread-1] INFO  server.RaftServerConfigKeys (ConfUtils.java:logGet(44)) - raft.server.log.use.memory = false (default)
2021-01-11 02:52:50,837 [pool-2056-thread-1] INFO  server.RaftServerConfigKeys (ConfUtils.java:logGet(44)) - raft.server.log.purge.gap = 1000000 (custom)
2021-01-11 02:52:50,837 [pool-2056-thread-1] INFO  server.RaftServerConfigKeys (ConfUtils.java:logGet(44)) - raft.server.log.appender.buffer.byte-limit = 33554432 (custom)
2021-01-11 02:52:50,837 [pool-2056-thread-1] INFO  metrics.RatisMetrics (RatisMetrics.java:lambda$create$0(36)) - Creating Metrics Registry : ratis.log_worker.3bec4ab6-b9ad-4cb7-85d8-9f78f5912025@group-0BA852A2BCA2
2021-01-11 02:52:50,837 [EventQueue-PipelineReportForOneReplicaPipelineSafeModeRule] INFO  safemode.SCMSafeModeManager (SCMSafeModeManager.java:validateSafeModeExitRules(214)) - AtleastOneDatanodeReportedRule rule is successfully validated
2021-01-11 02:52:50,837 [pool-2056-thread-1] INFO  server.RaftServerConfigKeys (ConfUtils.java:logGet(44)) - raft.server.log.segment.size.max = 1048576 (custom)
2021-01-11 02:52:50,838 [pool-2056-thread-1] INFO  server.RaftServerConfigKeys (ConfUtils.java:logGet(44)) - raft.server.log.segment.cache.num.max = 2 (custom)
2021-01-11 02:52:50,838 [pool-2056-thread-1] INFO  server.RaftServerConfigKeys (ConfUtils.java:logGet(44)) - raft.server.log.segment.cache.size.max = 200MB (=209715200) (default)
2021-01-11 02:52:50,838 [pool-2056-thread-1] INFO  segmented.SegmentedRaftLogWorker (SegmentedRaftLogWorker.java:<init>(181)) - new 3bec4ab6-b9ad-4cb7-85d8-9f78f5912025@group-0BA852A2BCA2-SegmentedRaftLogWorker for RaftStorageImpl:Storage Directory /github/workspace/mnt/ozone/hadoop-ozone/integration-test/target/test-dir/MiniOzoneClusterImpl-135c514c-975b-43bb-8c7a-38bae9c970e3/datanode-2/data/ratis/fad3187d-7405-41ed-a375-0ba852a2bca2
2021-01-11 02:52:50,838 [pool-2056-thread-1] INFO  server.RaftServerConfigKeys (ConfUtils.java:logGet(44)) - raft.server.log.queue.byte-limit = 2147483647 (custom)
2021-01-11 02:52:50,838 [pool-2056-thread-1] INFO  server.RaftServerConfigKeys (ConfUtils.java:logGet(44)) - raft.server.log.queue.element-limit = 1024 (custom)
2021-01-11 02:52:50,838 [pool-2056-thread-1] INFO  server.RaftServerConfigKeys (ConfUtils.java:logGet(44)) - raft.server.log.segment.size.max = 1048576 (custom)
2021-01-11 02:52:50,838 [pool-2056-thread-1] INFO  server.RaftServerConfigKeys (ConfUtils.java:logGet(44)) - raft.server.log.preallocated.size = 16384 (custom)
2021-01-11 02:52:50,838 [pool-2056-thread-1] INFO  server.RaftServerConfigKeys (ConfUtils.java:logGet(44)) - raft.server.log.force.sync.num = 128 (default)
2021-01-11 02:52:50,838 [pool-2056-thread-1] INFO  server.RaftServerConfigKeys (ConfUtils.java:logGet(44)) - raft.server.log.statemachine.data.sync = true (default)
2021-01-11 02:52:50,839 [pool-2056-thread-1] INFO  server.RaftServerConfigKeys (ConfUtils.java:logGet(44)) - raft.server.log.statemachine.data.sync.timeout = 10s (default)
2021-01-11 02:52:50,839 [pool-2056-thread-1] INFO  server.RaftServerConfigKeys (ConfUtils.java:logGet(44)) - raft.server.log.statemachine.data.sync.timeout.retry = -1 (default)
2021-01-11 02:52:50,841 [pool-2056-thread-1] INFO  server.RaftServerConfigKeys (ConfUtils.java:logGet(44)) - raft.server.log.write.buffer.size = 1048576 (custom)
2021-01-11 02:52:50,842 [pool-2056-thread-1] INFO  server.RaftServerConfigKeys (ConfUtils.java:logGet(44)) - raft.server.log.statemachine.data.caching.enabled = true (custom)
2021-01-11 02:52:50,842 [pool-2056-thread-1] INFO  segmented.SegmentedRaftLogWorker (SegmentedRaftLogWorker.java:lambda$new$0(132)) - 3bec4ab6-b9ad-4cb7-85d8-9f78f5912025@group-0BA852A2BCA2-SegmentedRaftLogWorker: flushIndex: setUnconditionally 0 -> -1
2021-01-11 02:52:50,842 [pool-2056-thread-1] INFO  segmented.SegmentedRaftLogWorker (SegmentedRaftLogWorker.java:lambda$new$0(132)) - 3bec4ab6-b9ad-4cb7-85d8-9f78f5912025@group-0BA852A2BCA2-SegmentedRaftLogWorker: safeCacheEvictIndex: setUnconditionally 0 -> -1
2021-01-11 02:52:50,843 [pool-2056-thread-1] INFO  server.RaftServerConfigKeys (ConfUtils.java:logGet(44)) - raft.server.snapshot.auto.trigger.enabled = true (custom)
2021-01-11 02:52:50,843 [pool-2056-thread-1] INFO  server.RaftServerConfigKeys (ConfUtils.java:logGet(44)) - raft.server.snapshot.auto.trigger.threshold = 10000 (custom)
2021-01-11 02:52:50,843 [pool-2056-thread-1] INFO  server.RaftServerConfigKeys (ConfUtils.java:logGet(44)) - raft.server.snapshot.retention.file.num = 5 (custom)
2021-01-11 02:52:50,843 [pool-2056-thread-1] INFO  server.RaftServerConfigKeys (ConfUtils.java:logGet(44)) - raft.server.log.purge.upto.snapshot.index = false (default)
2021-01-11 02:52:50,843 [pool-2056-thread-1] INFO  server.RaftServerConfigKeys (ConfUtils.java:logGet(44)) - raft.server.retrycache.expirytime = 600000ms (custom)
2021-01-11 02:52:50,843 [pool-2056-thread-1] INFO  server.RaftServerConfigKeys (ConfUtils.java:logGet(44)) - raft.server.retrycache.statistics.expirytime = 100?s (default)
2021-01-11 02:52:50,843 [pool-2056-thread-1] INFO  metrics.RatisMetrics (RatisMetrics.java:lambda$create$0(36)) - Creating Metrics Registry : ratis.leader_election.3bec4ab6-b9ad-4cb7-85d8-9f78f5912025@group-0BA852A2BCA2
2021-01-11 02:52:50,844 [pool-2056-thread-1] INFO  metrics.RatisMetrics (RatisMetrics.java:lambda$create$0(36)) - Creating Metrics Registry : ratis.server.3bec4ab6-b9ad-4cb7-85d8-9f78f5912025@group-0BA852A2BCA2
2021-01-11 02:52:50,846 [pool-2056-thread-1] INFO  server.RaftServer$Division (RaftServerImpl.java:start(294)) - 3bec4ab6-b9ad-4cb7-85d8-9f78f5912025@group-0BA852A2BCA2: start as a follower, conf=-1: [8fdece96-174e-440b-9c34-b82ee45bcc56|rpc:172.17.0.2:38051|dataStream:|priority:0, 3bec4ab6-b9ad-4cb7-85d8-9f78f5912025|rpc:172.17.0.2:43535|dataStream:|priority:0, 27072a30-1791-4eaf-beda-714f523a0d74|rpc:172.17.0.2:41503|dataStream:|priority:1], old=null
2021-01-11 02:52:50,846 [pool-2056-thread-1] INFO  server.RaftServer$Division (RaftServerImpl.java:setRole(283)) - 3bec4ab6-b9ad-4cb7-85d8-9f78f5912025@group-0BA852A2BCA2: changes role from      null to FOLLOWER at term 0 for startAsFollower
2021-01-11 02:52:50,846 [pool-2056-thread-1] INFO  impl.RoleInfo (RoleInfo.java:updateAndGet(130)) - 3bec4ab6-b9ad-4cb7-85d8-9f78f5912025: start 3bec4ab6-b9ad-4cb7-85d8-9f78f5912025@group-0BA852A2BCA2-FollowerState
2021-01-11 02:52:50,846 [pool-2056-thread-1] INFO  util.JmxRegister (JmxRegister.java:tryRegister(44)) - Successfully registered JMX Bean with object name Ratis:service=RaftServer,group=group-0BA852A2BCA2,id=3bec4ab6-b9ad-4cb7-85d8-9f78f5912025
2021-01-11 02:52:50,846 [pool-2056-thread-1] INFO  metrics.RatisMetrics (RatisMetrics.java:lambda$create$0(36)) - Creating Metrics Registry : ratis.state_machine.3bec4ab6-b9ad-4cb7-85d8-9f78f5912025@group-0BA852A2BCA2
2021-01-11 02:52:50,856 [Command processor thread] INFO  commandhandler.CreatePipelineCommandHandler (CreatePipelineCommandHandler.java:handle(106)) - Created Pipeline RATIS THREE PipelineID=fad3187d-7405-41ed-a375-0ba852a2bca2.
2021-01-11 02:52:51,775 [EventQueue-PipelineReportForOneReplicaPipelineSafeModeRule] INFO  safemode.SCMSafeModeManager (SCMSafeModeManager.java:validateSafeModeExitRules(214)) - AtleastOneDatanodeReportedRule rule is successfully validated
2021-01-11 02:52:51,775 [EventQueue-OpenPipelineForHealthyPipelineSafeModeRule] INFO  safemode.SCMSafeModeManager (HealthyPipelineSafeModeRule.java:process(128)) - SCM in safe mode. Healthy pipelines reported count is 0, required healthy pipeline reported count is 1
2021-01-11 02:52:51,805 [EventQueue-OpenPipelineForHealthyPipelineSafeModeRule] INFO  safemode.SCMSafeModeManager (HealthyPipelineSafeModeRule.java:process(128)) - SCM in safe mode. Healthy pipelines reported count is 0, required healthy pipeline reported count is 1
2021-01-11 02:52:51,805 [EventQueue-PipelineReportForOneReplicaPipelineSafeModeRule] INFO  safemode.SCMSafeModeManager (SCMSafeModeManager.java:validateSafeModeExitRules(214)) - AtleastOneDatanodeReportedRule rule is successfully validated
2021-01-11 02:52:51,837 [EventQueue-PipelineReportForOneReplicaPipelineSafeModeRule] INFO  safemode.SCMSafeModeManager (SCMSafeModeManager.java:validateSafeModeExitRules(214)) - AtleastOneDatanodeReportedRule rule is successfully validated
2021-01-11 02:52:51,838 [Thread-6026] INFO  impl.FollowerState (FollowerState.java:run(133)) - 8fdece96-174e-440b-9c34-b82ee45bcc56@group-9FFC13EAE06E-FollowerState: change to CANDIDATE, lastRpcElapsedTime:5057381939ns, electionTimeout:5057ms
2021-01-11 02:52:51,838 [Thread-6026] INFO  impl.RoleInfo (RoleInfo.java:shutdownFollowerState(108)) - 8fdece96-174e-440b-9c34-b82ee45bcc56: shutdown 8fdece96-174e-440b-9c34-b82ee45bcc56@group-9FFC13EAE06E-FollowerState
2021-01-11 02:52:51,838 [Thread-6026] INFO  server.RaftServer$Division (RaftServerImpl.java:setRole(283)) - 8fdece96-174e-440b-9c34-b82ee45bcc56@group-9FFC13EAE06E: changes role from  FOLLOWER to CANDIDATE at term 0 for changeToCandidate
2021-01-11 02:52:51,838 [Thread-6026] INFO  impl.RoleInfo (RoleInfo.java:updateAndGet(130)) - 8fdece96-174e-440b-9c34-b82ee45bcc56: start 8fdece96-174e-440b-9c34-b82ee45bcc56@group-9FFC13EAE06E-LeaderElection90
2021-01-11 02:52:51,840 [8fdece96-174e-440b-9c34-b82ee45bcc56@group-9FFC13EAE06E-LeaderElection90] INFO  impl.LeaderElection (LeaderElection.java:askForPreVotes(259)) - 8fdece96-174e-440b-9c34-b82ee45bcc56@group-9FFC13EAE06E-LeaderElection90: begin a pre-vote at term 0 for -1: [8fdece96-174e-440b-9c34-b82ee45bcc56|rpc:172.17.0.2:38051|priority:1], old=null
2021-01-11 02:52:51,840 [8fdece96-174e-440b-9c34-b82ee45bcc56@group-9FFC13EAE06E-LeaderElection90] INFO  impl.LeaderElection (LeaderElection.java:askForPreVotes(261)) - 8fdece96-174e-440b-9c34-b82ee45bcc56@group-9FFC13EAE06E-LeaderElection90 pre-vote result is PASSED.
2021-01-11 02:52:51,841 [8fdece96-174e-440b-9c34-b82ee45bcc56@group-9FFC13EAE06E-LeaderElection90] INFO  impl.LeaderElection (LeaderElection.java:askForVotes(308)) - 8fdece96-174e-440b-9c34-b82ee45bcc56@group-9FFC13EAE06E-LeaderElection90: begin an election at term 1 for -1: [8fdece96-174e-440b-9c34-b82ee45bcc56|rpc:172.17.0.2:38051|priority:1], old=null
2021-01-11 02:52:51,841 [8fdece96-174e-440b-9c34-b82ee45bcc56@group-9FFC13EAE06E-LeaderElection90] INFO  impl.RoleInfo (RoleInfo.java:shutdownLeaderElection(121)) - 8fdece96-174e-440b-9c34-b82ee45bcc56: shutdown 8fdece96-174e-440b-9c34-b82ee45bcc56@group-9FFC13EAE06E-LeaderElection90
2021-01-11 02:52:51,841 [8fdece96-174e-440b-9c34-b82ee45bcc56@group-9FFC13EAE06E-LeaderElection90] INFO  server.RaftServer$Division (RaftServerImpl.java:setRole(283)) - 8fdece96-174e-440b-9c34-b82ee45bcc56@group-9FFC13EAE06E: changes role from CANDIDATE to LEADER at term 1 for changeToLeader
2021-01-11 02:52:51,842 [8fdece96-174e-440b-9c34-b82ee45bcc56@group-9FFC13EAE06E-LeaderElection90] INFO  ratis.XceiverServerRatis (XceiverServerRatis.java:handleLeaderChangedNotification(868)) - Leader change notification received for group: group-9FFC13EAE06E with new leaderId: 8fdece96-174e-440b-9c34-b82ee45bcc56
2021-01-11 02:52:51,842 [8fdece96-174e-440b-9c34-b82ee45bcc56@group-9FFC13EAE06E-LeaderElection90] INFO  server.RaftServer$Division (ServerState.java:setLeader(249)) - 8fdece96-174e-440b-9c34-b82ee45bcc56@group-9FFC13EAE06E: change Leader from null to 8fdece96-174e-440b-9c34-b82ee45bcc56 at term 1 for becomeLeader, leader elected after 5071ms
2021-01-11 02:52:51,842 [8fdece96-174e-440b-9c34-b82ee45bcc56@group-9FFC13EAE06E-LeaderElection90] INFO  server.RaftServerConfigKeys (ConfUtils.java:logGet(44)) - raft.server.staging.catchup.gap = 1000 (default)
2021-01-11 02:52:51,842 [8fdece96-174e-440b-9c34-b82ee45bcc56@group-9FFC13EAE06E-LeaderElection90] INFO  metrics.RatisMetrics (RatisMetrics.java:lambda$create$0(36)) - Creating Metrics Registry : ratis.log_appender.8fdece96-174e-440b-9c34-b82ee45bcc56@group-9FFC13EAE06E
2021-01-11 02:52:51,842 [8fdece96-174e-440b-9c34-b82ee45bcc56@group-9FFC13EAE06E-LeaderElection90] INFO  server.RaftServerConfigKeys (ConfUtils.java:logGet(44)) - raft.server.write.element-limit = 1024 (custom)
2021-01-11 02:52:51,842 [EventQueue-OpenPipelineForHealthyPipelineSafeModeRule] INFO  safemode.SCMSafeModeManager (HealthyPipelineSafeModeRule.java:process(128)) - SCM in safe mode. Healthy pipelines reported count is 0, required healthy pipeline reported count is 1
2021-01-11 02:52:51,842 [EventQueue-PipelineReportForOneReplicaPipelineSafeModeRule] INFO  safemode.SCMSafeModeManager (SCMSafeModeManager.java:validateSafeModeExitRules(214)) - AtleastOneDatanodeReportedRule rule is successfully validated
2021-01-11 02:52:51,842 [8fdece96-174e-440b-9c34-b82ee45bcc56@group-9FFC13EAE06E-LeaderElection90] INFO  server.RaftServerConfigKeys (ConfUtils.java:logGet(44)) - raft.server.write.byte-limit = 1073741824 (custom)
2021-01-11 02:52:51,843 [8fdece96-174e-440b-9c34-b82ee45bcc56@group-9FFC13EAE06E-LeaderElection90] INFO  server.RaftServerConfigKeys (ConfUtils.java:logGet(44)) - raft.server.watch.timeout = 180s (custom)
2021-01-11 02:52:51,843 [8fdece96-174e-440b-9c34-b82ee45bcc56@group-9FFC13EAE06E-LeaderElection90] INFO  server.RaftServerConfigKeys (ConfUtils.java:logGet(44)) - raft.server.watch.timeout.denomination = 1s (default)
2021-01-11 02:52:51,843 [8fdece96-174e-440b-9c34-b82ee45bcc56@group-9FFC13EAE06E-LeaderElection90] INFO  server.RaftServerConfigKeys (ConfUtils.java:logGet(44)) - raft.server.watch.element-limit = 65536 (default)
2021-01-11 02:52:51,845 [8fdece96-174e-440b-9c34-b82ee45bcc56@group-9FFC13EAE06E-LeaderElection90] INFO  impl.RoleInfo (RoleInfo.java:updateAndGet(130)) - 8fdece96-174e-440b-9c34-b82ee45bcc56: start 8fdece96-174e-440b-9c34-b82ee45bcc56@group-9FFC13EAE06E-LeaderStateImpl
2021-01-11 02:52:51,845 [8fdece96-174e-440b-9c34-b82ee45bcc56@group-9FFC13EAE06E-LeaderElection90] INFO  segmented.SegmentedRaftLogWorker (SegmentedRaftLogWorker.java:startLogSegment(392)) - 8fdece96-174e-440b-9c34-b82ee45bcc56@group-9FFC13EAE06E-SegmentedRaftLogWorker: Starting segment from index:0
2021-01-11 02:52:51,851 [8fdece96-174e-440b-9c34-b82ee45bcc56@group-9FFC13EAE06E-LeaderElection90] INFO  server.RaftServer$Division (ServerState.java:setRaftConf(368)) - 8fdece96-174e-440b-9c34-b82ee45bcc56@group-9FFC13EAE06E: set configuration 0: [8fdece96-174e-440b-9c34-b82ee45bcc56|rpc:172.17.0.2:38051|dataStream:|priority:1], old=null
2021-01-11 02:52:51,851 [8fdece96-174e-440b-9c34-b82ee45bcc56@group-9FFC13EAE06E-SegmentedRaftLogWorker] INFO  segmented.SegmentedRaftLogWorker (SegmentedRaftLogWorker.java:execute(599)) - 8fdece96-174e-440b-9c34-b82ee45bcc56@group-9FFC13EAE06E-SegmentedRaftLogWorker: created new log segment /github/workspace/mnt/ozone/hadoop-ozone/integration-test/target/test-dir/MiniOzoneClusterImpl-135c514c-975b-43bb-8c7a-38bae9c970e3/datanode-0/data/ratis/a50250e3-8692-4e27-98e4-9ffc13eae06e/current/log_inprogress_0
2021-01-11 02:52:52,098 [Command processor thread] INFO  server.RaftServer (RaftServerProxy.java:addNew(95)) - 3bec4ab6-b9ad-4cb7-85d8-9f78f5912025: addNew group-25E1222B9B91:[3bec4ab6-b9ad-4cb7-85d8-9f78f5912025|rpc:172.17.0.2:43535|priority:1] returns group-25E1222B9B91:java.util.concurrent.CompletableFuture@39658cee[Not completed]
2021-01-11 02:52:52,099 [pool-2056-thread-1] INFO  server.RaftServer$Division (RaftServerImpl.java:<init>(179)) - 3bec4ab6-b9ad-4cb7-85d8-9f78f5912025: new RaftServerImpl for group-25E1222B9B91:[3bec4ab6-b9ad-4cb7-85d8-9f78f5912025|rpc:172.17.0.2:43535|priority:1] with ContainerStateMachine:uninitialized
2021-01-11 02:52:52,099 [pool-2056-thread-1] INFO  server.RaftServerConfigKeys (ConfUtils.java:logGet(44)) - raft.server.rpc.timeout.min = 5s (custom)
2021-01-11 02:52:52,099 [pool-2056-thread-1] INFO  server.RaftServerConfigKeys (ConfUtils.java:logGet(44)) - raft.server.rpc.timeout.max = 5200ms (custom)
2021-01-11 02:52:52,099 [pool-2056-thread-1] INFO  server.RaftServerConfigKeys (ConfUtils.java:logGet(44)) - raft.server.rpc.sleep.time = 25ms (default)
2021-01-11 02:52:52,099 [pool-2056-thread-1] INFO  server.RaftServerConfigKeys (ConfUtils.java:logGet(44)) - raft.server.rpc.slowness.timeout = 300s (custom)
2021-01-11 02:52:52,099 [pool-2056-thread-1] INFO  server.RaftServerConfigKeys (ConfUtils.java:logGet(44)) - raft.server.leaderelection.leader.step-down.wait-time = 10s (default)
2021-01-11 02:52:52,099 [pool-2056-thread-1] INFO  server.RaftServerConfigKeys (ConfUtils.java:logGet(44)) - raft.server.sleep.deviation.threshold = 300ms (default)
2021-01-11 02:52:52,099 [pool-2056-thread-1] INFO  server.RaftServerConfigKeys (ConfUtils.java:logGet(44)) - raft.server.log.appender.install.snapshot.enabled = false (custom)
2021-01-11 02:52:52,099 [pool-2056-thread-1] INFO  server.RaftServer$Division (ServerState.java:<init>(103)) - 3bec4ab6-b9ad-4cb7-85d8-9f78f5912025@group-25E1222B9B91: ConfigurationManager, init=-1: [3bec4ab6-b9ad-4cb7-85d8-9f78f5912025|rpc:172.17.0.2:43535|priority:1], old=null, confs=<EMPTY_MAP>
2021-01-11 02:52:52,099 [pool-2056-thread-1] INFO  server.RaftServerConfigKeys (ConfUtils.java:logGet(44)) - raft.server.storage.dir = [/github/workspace/mnt/ozone/hadoop-ozone/integration-test/target/test-dir/MiniOzoneClusterImpl-135c514c-975b-43bb-8c7a-38bae9c970e3/datanode-2/data/ratis] (custom)
2021-01-11 02:52:52,099 [pool-2056-thread-1] INFO  server.RaftServerConfigKeys (ConfUtils.java:logGet(44)) - raft.server.log.corruption.policy = EXCEPTION (default)
2021-01-11 02:52:52,100 [pool-2056-thread-1] INFO  storage.RaftStorageDirectory (RaftStorageDirectoryImpl.java:analyzeStorage(132)) - The storage directory /github/workspace/mnt/ozone/hadoop-ozone/integration-test/target/test-dir/MiniOzoneClusterImpl-135c514c-975b-43bb-8c7a-38bae9c970e3/datanode-2/data/ratis/047ade9b-e175-44a5-b7cb-25e1222b9b91 does not exist. Creating ...
2021-01-11 02:52:52,101 [pool-2056-thread-1] INFO  storage.RaftStorageDirectory (RaftStorageDirectoryImpl.java:tryLock(215)) - Lock on /github/workspace/mnt/ozone/hadoop-ozone/integration-test/target/test-dir/MiniOzoneClusterImpl-135c514c-975b-43bb-8c7a-38bae9c970e3/datanode-2/data/ratis/047ade9b-e175-44a5-b7cb-25e1222b9b91/in_use.lock acquired by nodename 1545@4354df8493ff
2021-01-11 02:52:52,101 [pool-2056-thread-1] INFO  storage.RaftStorage (RaftStorageImpl.java:format(87)) - Storage directory /github/workspace/mnt/ozone/hadoop-ozone/integration-test/target/test-dir/MiniOzoneClusterImpl-135c514c-975b-43bb-8c7a-38bae9c970e3/datanode-2/data/ratis/047ade9b-e175-44a5-b7cb-25e1222b9b91 has been successfully formatted.
2021-01-11 02:52:52,102 [pool-2056-thread-1] INFO  ratis.ContainerStateMachine (ContainerStateMachine.java:loadSnapshot(223)) - group-25E1222B9B91: The snapshot info is null. Setting the last applied indexto:(t:0, i:~)
2021-01-11 02:52:52,102 [pool-2056-thread-1] ERROR storage.RaftStorage (RaftStorageImpl.java:readRaftConfiguration(147)) - Failed reading configuration from file:/github/workspace/mnt/ozone/hadoop-ozone/integration-test/target/test-dir/MiniOzoneClusterImpl-135c514c-975b-43bb-8c7a-38bae9c970e3/datanode-2/data/ratis/047ade9b-e175-44a5-b7cb-25e1222b9b91/current/raft-meta.conf
java.io.FileNotFoundException: /github/workspace/mnt/ozone/hadoop-ozone/integration-test/target/test-dir/MiniOzoneClusterImpl-135c514c-975b-43bb-8c7a-38bae9c970e3/datanode-2/data/ratis/047ade9b-e175-44a5-b7cb-25e1222b9b91/current/raft-meta.conf (No such file or directory)
	at java.io.FileInputStream.open0(Native Method)
	at java.io.FileInputStream.open(FileInputStream.java:195)
	at java.io.FileInputStream.<init>(FileInputStream.java:138)
	at org.apache.ratis.server.storage.RaftStorageImpl.readRaftConfiguration(RaftStorageImpl.java:143)
	at org.apache.ratis.server.impl.ServerState.<init>(ServerState.java:113)
	at org.apache.ratis.server.impl.RaftServerImpl.<init>(RaftServerImpl.java:192)
	at org.apache.ratis.server.impl.RaftServerProxy.lambda$newRaftServerImpl$4(RaftServerProxy.java:266)
	at java.util.concurrent.CompletableFuture$AsyncSupply.run(CompletableFuture.java:1604)
	at java.util.concurrent.ThreadPoolExecutor.runWorker(ThreadPoolExecutor.java:1149)
	at java.util.concurrent.ThreadPoolExecutor$Worker.run(ThreadPoolExecutor.java:624)
	at java.lang.Thread.run(Thread.java:748)
2021-01-11 02:52:52,102 [pool-2056-thread-1] INFO  server.RaftServerConfigKeys (ConfUtils.java:logGet(44)) - raft.server.notification.no-leader.timeout = 300s (custom)
2021-01-11 02:52:52,102 [EventQueue-PipelineReportForOneReplicaPipelineSafeModeRule] INFO  safemode.SCMSafeModeManager (SCMSafeModeManager.java:validateSafeModeExitRules(214)) - AtleastOneDatanodeReportedRule rule is successfully validated
2021-01-11 02:52:52,102 [pool-2056-thread-1] INFO  server.RaftServerConfigKeys (ConfUtils.java:logGet(44)) - raft.server.log.use.memory = false (default)
2021-01-11 02:52:52,102 [EventQueue-PipelineReportForPipelineReportHandler] INFO  pipeline.PipelineStateManager (PipelineStateManager.java:openPipeline(132)) - Pipeline Pipeline[ Id: 047ade9b-e175-44a5-b7cb-25e1222b9b91, Nodes: 3bec4ab6-b9ad-4cb7-85d8-9f78f5912025{ip: 172.17.0.2, host: 4354df8493ff, networkLocation: /default-rack, certSerialId: null, persistedOpState: IN_SERVICE, persistedOpStateExpiryEpochSec: 0}, Type:RATIS, Factor:ONE, State:ALLOCATED, leaderId:3bec4ab6-b9ad-4cb7-85d8-9f78f5912025, CreationTimestamp2021-01-11T02:52:49.099Z] moved to OPEN state
2021-01-11 02:52:52,103 [pool-2056-thread-1] INFO  server.RaftServerConfigKeys (ConfUtils.java:logGet(44)) - raft.server.log.purge.gap = 1000000 (custom)
2021-01-11 02:52:52,103 [pool-2056-thread-1] INFO  server.RaftServerConfigKeys (ConfUtils.java:logGet(44)) - raft.server.log.appender.buffer.byte-limit = 33554432 (custom)
2021-01-11 02:52:52,103 [pool-2056-thread-1] INFO  metrics.RatisMetrics (RatisMetrics.java:lambda$create$0(36)) - Creating Metrics Registry : ratis.log_worker.3bec4ab6-b9ad-4cb7-85d8-9f78f5912025@group-25E1222B9B91
2021-01-11 02:52:52,103 [EventQueue-OpenPipelineForHealthyPipelineSafeModeRule] INFO  safemode.SCMSafeModeManager (HealthyPipelineSafeModeRule.java:process(128)) - SCM in safe mode. Healthy pipelines reported count is 0, required healthy pipeline reported count is 1
2021-01-11 02:52:52,103 [pool-2056-thread-1] INFO  server.RaftServerConfigKeys (ConfUtils.java:logGet(44)) - raft.server.log.segment.size.max = 1048576 (custom)
2021-01-11 02:52:52,104 [pool-2056-thread-1] INFO  server.RaftServerConfigKeys (ConfUtils.java:logGet(44)) - raft.server.log.segment.cache.num.max = 2 (custom)
2021-01-11 02:52:52,104 [pool-2056-thread-1] INFO  server.RaftServerConfigKeys (ConfUtils.java:logGet(44)) - raft.server.log.segment.cache.size.max = 200MB (=209715200) (default)
2021-01-11 02:52:52,104 [pool-2056-thread-1] INFO  segmented.SegmentedRaftLogWorker (SegmentedRaftLogWorker.java:<init>(181)) - new 3bec4ab6-b9ad-4cb7-85d8-9f78f5912025@group-25E1222B9B91-SegmentedRaftLogWorker for RaftStorageImpl:Storage Directory /github/workspace/mnt/ozone/hadoop-ozone/integration-test/target/test-dir/MiniOzoneClusterImpl-135c514c-975b-43bb-8c7a-38bae9c970e3/datanode-2/data/ratis/047ade9b-e175-44a5-b7cb-25e1222b9b91
2021-01-11 02:52:52,104 [pool-2056-thread-1] INFO  server.RaftServerConfigKeys (ConfUtils.java:logGet(44)) - raft.server.log.queue.byte-limit = 2147483647 (custom)
2021-01-11 02:52:52,104 [pool-2056-thread-1] INFO  server.RaftServerConfigKeys (ConfUtils.java:logGet(44)) - raft.server.log.queue.element-limit = 1024 (custom)
2021-01-11 02:52:52,105 [pool-2056-thread-1] INFO  server.RaftServerConfigKeys (ConfUtils.java:logGet(44)) - raft.server.log.segment.size.max = 1048576 (custom)
2021-01-11 02:52:52,105 [pool-2056-thread-1] INFO  server.RaftServerConfigKeys (ConfUtils.java:logGet(44)) - raft.server.log.preallocated.size = 16384 (custom)
2021-01-11 02:52:52,105 [pool-2056-thread-1] INFO  server.RaftServerConfigKeys (ConfUtils.java:logGet(44)) - raft.server.log.force.sync.num = 128 (default)
2021-01-11 02:52:52,105 [pool-2056-thread-1] INFO  server.RaftServerConfigKeys (ConfUtils.java:logGet(44)) - raft.server.log.statemachine.data.sync = true (default)
2021-01-11 02:52:52,105 [pool-2056-thread-1] INFO  server.RaftServerConfigKeys (ConfUtils.java:logGet(44)) - raft.server.log.statemachine.data.sync.timeout = 10s (default)
2021-01-11 02:52:52,105 [pool-2056-thread-1] INFO  server.RaftServerConfigKeys (ConfUtils.java:logGet(44)) - raft.server.log.statemachine.data.sync.timeout.retry = -1 (default)
2021-01-11 02:52:52,107 [pool-2056-thread-1] INFO  server.RaftServerConfigKeys (ConfUtils.java:logGet(44)) - raft.server.log.write.buffer.size = 1048576 (custom)
2021-01-11 02:52:52,107 [pool-2056-thread-1] INFO  server.RaftServerConfigKeys (ConfUtils.java:logGet(44)) - raft.server.log.statemachine.data.caching.enabled = true (custom)
2021-01-11 02:52:52,107 [pool-2056-thread-1] INFO  segmented.SegmentedRaftLogWorker (SegmentedRaftLogWorker.java:lambda$new$0(132)) - 3bec4ab6-b9ad-4cb7-85d8-9f78f5912025@group-25E1222B9B91-SegmentedRaftLogWorker: flushIndex: setUnconditionally 0 -> -1
2021-01-11 02:52:52,108 [pool-2056-thread-1] INFO  segmented.SegmentedRaftLogWorker (SegmentedRaftLogWorker.java:lambda$new$0(132)) - 3bec4ab6-b9ad-4cb7-85d8-9f78f5912025@group-25E1222B9B91-SegmentedRaftLogWorker: safeCacheEvictIndex: setUnconditionally 0 -> -1
2021-01-11 02:52:52,108 [pool-2056-thread-1] INFO  server.RaftServerConfigKeys (ConfUtils.java:logGet(44)) - raft.server.snapshot.auto.trigger.enabled = true (custom)
2021-01-11 02:52:52,108 [pool-2056-thread-1] INFO  server.RaftServerConfigKeys (ConfUtils.java:logGet(44)) - raft.server.snapshot.auto.trigger.threshold = 10000 (custom)
2021-01-11 02:52:52,108 [pool-2056-thread-1] INFO  server.RaftServerConfigKeys (ConfUtils.java:logGet(44)) - raft.server.snapshot.retention.file.num = 5 (custom)
2021-01-11 02:52:52,108 [pool-2056-thread-1] INFO  server.RaftServerConfigKeys (ConfUtils.java:logGet(44)) - raft.server.log.purge.upto.snapshot.index = false (default)
2021-01-11 02:52:52,108 [pool-2056-thread-1] INFO  server.RaftServerConfigKeys (ConfUtils.java:logGet(44)) - raft.server.retrycache.expirytime = 600000ms (custom)
2021-01-11 02:52:52,108 [pool-2056-thread-1] INFO  server.RaftServerConfigKeys (ConfUtils.java:logGet(44)) - raft.server.retrycache.statistics.expirytime = 100?s (default)
2021-01-11 02:52:52,108 [pool-2056-thread-1] INFO  metrics.RatisMetrics (RatisMetrics.java:lambda$create$0(36)) - Creating Metrics Registry : ratis.leader_election.3bec4ab6-b9ad-4cb7-85d8-9f78f5912025@group-25E1222B9B91
2021-01-11 02:52:52,109 [pool-2056-thread-1] INFO  metrics.RatisMetrics (RatisMetrics.java:lambda$create$0(36)) - Creating Metrics Registry : ratis.server.3bec4ab6-b9ad-4cb7-85d8-9f78f5912025@group-25E1222B9B91
2021-01-11 02:52:52,111 [pool-2056-thread-1] INFO  server.RaftServer$Division (RaftServerImpl.java:start(294)) - 3bec4ab6-b9ad-4cb7-85d8-9f78f5912025@group-25E1222B9B91: start as a follower, conf=-1: [3bec4ab6-b9ad-4cb7-85d8-9f78f5912025|rpc:172.17.0.2:43535|priority:1], old=null
2021-01-11 02:52:52,111 [pool-2056-thread-1] INFO  server.RaftServer$Division (RaftServerImpl.java:setRole(283)) - 3bec4ab6-b9ad-4cb7-85d8-9f78f5912025@group-25E1222B9B91: changes role from      null to FOLLOWER at term 0 for startAsFollower
2021-01-11 02:52:52,111 [pool-2056-thread-1] INFO  impl.RoleInfo (RoleInfo.java:updateAndGet(130)) - 3bec4ab6-b9ad-4cb7-85d8-9f78f5912025: start 3bec4ab6-b9ad-4cb7-85d8-9f78f5912025@group-25E1222B9B91-FollowerState
2021-01-11 02:52:52,111 [pool-2056-thread-1] INFO  util.JmxRegister (JmxRegister.java:tryRegister(44)) - Successfully registered JMX Bean with object name Ratis:service=RaftServer,group=group-25E1222B9B91,id=3bec4ab6-b9ad-4cb7-85d8-9f78f5912025
2021-01-11 02:52:52,111 [pool-2056-thread-1] INFO  metrics.RatisMetrics (RatisMetrics.java:lambda$create$0(36)) - Creating Metrics Registry : ratis.state_machine.3bec4ab6-b9ad-4cb7-85d8-9f78f5912025@group-25E1222B9B91
2021-01-11 02:52:52,112 [Command processor thread] INFO  commandhandler.CreatePipelineCommandHandler (CreatePipelineCommandHandler.java:handle(106)) - Created Pipeline RATIS ONE PipelineID=047ade9b-e175-44a5-b7cb-25e1222b9b91.
2021-01-11 02:52:52,140 [Thread-6028] INFO  impl.FollowerState (FollowerState.java:run(133)) - 27072a30-1791-4eaf-beda-714f523a0d74@group-8A2A89374153-FollowerState: change to CANDIDATE, lastRpcElapsedTime:5188485790ns, electionTimeout:5186ms
2021-01-11 02:52:52,140 [Thread-6028] INFO  impl.RoleInfo (RoleInfo.java:shutdownFollowerState(108)) - 27072a30-1791-4eaf-beda-714f523a0d74: shutdown 27072a30-1791-4eaf-beda-714f523a0d74@group-8A2A89374153-FollowerState
2021-01-11 02:52:52,140 [Thread-6028] INFO  server.RaftServer$Division (RaftServerImpl.java:setRole(283)) - 27072a30-1791-4eaf-beda-714f523a0d74@group-8A2A89374153: changes role from  FOLLOWER to CANDIDATE at term 0 for changeToCandidate
2021-01-11 02:52:52,141 [Thread-6028] INFO  impl.RoleInfo (RoleInfo.java:updateAndGet(130)) - 27072a30-1791-4eaf-beda-714f523a0d74: start 27072a30-1791-4eaf-beda-714f523a0d74@group-8A2A89374153-LeaderElection91
2021-01-11 02:52:52,143 [27072a30-1791-4eaf-beda-714f523a0d74@group-8A2A89374153-LeaderElection91] INFO  impl.LeaderElection (LeaderElection.java:askForPreVotes(259)) - 27072a30-1791-4eaf-beda-714f523a0d74@group-8A2A89374153-LeaderElection91: begin a pre-vote at term 0 for -1: [27072a30-1791-4eaf-beda-714f523a0d74|rpc:172.17.0.2:41503|priority:1], old=null
2021-01-11 02:52:52,143 [27072a30-1791-4eaf-beda-714f523a0d74@group-8A2A89374153-LeaderElection91] INFO  impl.LeaderElection (LeaderElection.java:askForPreVotes(261)) - 27072a30-1791-4eaf-beda-714f523a0d74@group-8A2A89374153-LeaderElection91 pre-vote result is PASSED.
2021-01-11 02:52:52,144 [27072a30-1791-4eaf-beda-714f523a0d74@group-8A2A89374153-LeaderElection91] INFO  impl.LeaderElection (LeaderElection.java:askForVotes(308)) - 27072a30-1791-4eaf-beda-714f523a0d74@group-8A2A89374153-LeaderElection91: begin an election at term 1 for -1: [27072a30-1791-4eaf-beda-714f523a0d74|rpc:172.17.0.2:41503|priority:1], old=null
2021-01-11 02:52:52,144 [27072a30-1791-4eaf-beda-714f523a0d74@group-8A2A89374153-LeaderElection91] INFO  impl.RoleInfo (RoleInfo.java:shutdownLeaderElection(121)) - 27072a30-1791-4eaf-beda-714f523a0d74: shutdown 27072a30-1791-4eaf-beda-714f523a0d74@group-8A2A89374153-LeaderElection91
2021-01-11 02:52:52,144 [27072a30-1791-4eaf-beda-714f523a0d74@group-8A2A89374153-LeaderElection91] INFO  server.RaftServer$Division (RaftServerImpl.java:setRole(283)) - 27072a30-1791-4eaf-beda-714f523a0d74@group-8A2A89374153: changes role from CANDIDATE to LEADER at term 1 for changeToLeader
2021-01-11 02:52:52,144 [27072a30-1791-4eaf-beda-714f523a0d74@group-8A2A89374153-LeaderElection91] INFO  ratis.XceiverServerRatis (XceiverServerRatis.java:handleLeaderChangedNotification(868)) - Leader change notification received for group: group-8A2A89374153 with new leaderId: 27072a30-1791-4eaf-beda-714f523a0d74
2021-01-11 02:52:52,144 [27072a30-1791-4eaf-beda-714f523a0d74@group-8A2A89374153-LeaderElection91] INFO  server.RaftServer$Division (ServerState.java:setLeader(249)) - 27072a30-1791-4eaf-beda-714f523a0d74@group-8A2A89374153: change Leader from null to 27072a30-1791-4eaf-beda-714f523a0d74 at term 1 for becomeLeader, leader elected after 5201ms
2021-01-11 02:52:52,144 [27072a30-1791-4eaf-beda-714f523a0d74@group-8A2A89374153-LeaderElection91] INFO  server.RaftServerConfigKeys (ConfUtils.java:logGet(44)) - raft.server.staging.catchup.gap = 1000 (default)
2021-01-11 02:52:52,144 [27072a30-1791-4eaf-beda-714f523a0d74@group-8A2A89374153-LeaderElection91] INFO  metrics.RatisMetrics (RatisMetrics.java:lambda$create$0(36)) - Creating Metrics Registry : ratis.log_appender.27072a30-1791-4eaf-beda-714f523a0d74@group-8A2A89374153
2021-01-11 02:52:52,145 [EventQueue-OpenPipelineForHealthyPipelineSafeModeRule] INFO  safemode.SCMSafeModeManager (HealthyPipelineSafeModeRule.java:process(128)) - SCM in safe mode. Healthy pipelines reported count is 0, required healthy pipeline reported count is 1
2021-01-11 02:52:52,145 [EventQueue-PipelineReportForOneReplicaPipelineSafeModeRule] INFO  safemode.SCMSafeModeManager (SCMSafeModeManager.java:validateSafeModeExitRules(214)) - AtleastOneDatanodeReportedRule rule is successfully validated
2021-01-11 02:52:52,145 [27072a30-1791-4eaf-beda-714f523a0d74@group-8A2A89374153-LeaderElection91] INFO  server.RaftServerConfigKeys (ConfUtils.java:logGet(44)) - raft.server.write.element-limit = 1024 (custom)
2021-01-11 02:52:52,145 [27072a30-1791-4eaf-beda-714f523a0d74@group-8A2A89374153-LeaderElection91] INFO  server.RaftServerConfigKeys (ConfUtils.java:logGet(44)) - raft.server.write.byte-limit = 1073741824 (custom)
2021-01-11 02:52:52,146 [27072a30-1791-4eaf-beda-714f523a0d74@group-8A2A89374153-LeaderElection91] INFO  server.RaftServerConfigKeys (ConfUtils.java:logGet(44)) - raft.server.watch.timeout = 180s (custom)
2021-01-11 02:52:52,146 [27072a30-1791-4eaf-beda-714f523a0d74@group-8A2A89374153-LeaderElection91] INFO  server.RaftServerConfigKeys (ConfUtils.java:logGet(44)) - raft.server.watch.timeout.denomination = 1s (default)
2021-01-11 02:52:52,146 [27072a30-1791-4eaf-beda-714f523a0d74@group-8A2A89374153-LeaderElection91] INFO  server.RaftServerConfigKeys (ConfUtils.java:logGet(44)) - raft.server.watch.element-limit = 65536 (default)
2021-01-11 02:52:52,146 [27072a30-1791-4eaf-beda-714f523a0d74@group-8A2A89374153-LeaderElection91] INFO  impl.RoleInfo (RoleInfo.java:updateAndGet(130)) - 27072a30-1791-4eaf-beda-714f523a0d74: start 27072a30-1791-4eaf-beda-714f523a0d74@group-8A2A89374153-LeaderStateImpl
2021-01-11 02:52:52,147 [27072a30-1791-4eaf-beda-714f523a0d74@group-8A2A89374153-LeaderElection91] INFO  segmented.SegmentedRaftLogWorker (SegmentedRaftLogWorker.java:startLogSegment(392)) - 27072a30-1791-4eaf-beda-714f523a0d74@group-8A2A89374153-SegmentedRaftLogWorker: Starting segment from index:0
2021-01-11 02:52:52,149 [27072a30-1791-4eaf-beda-714f523a0d74@group-8A2A89374153-LeaderElection91] INFO  server.RaftServer$Division (ServerState.java:setRaftConf(368)) - 27072a30-1791-4eaf-beda-714f523a0d74@group-8A2A89374153: set configuration 0: [27072a30-1791-4eaf-beda-714f523a0d74|rpc:172.17.0.2:41503|dataStream:|priority:1], old=null
2021-01-11 02:52:52,149 [27072a30-1791-4eaf-beda-714f523a0d74@group-8A2A89374153-SegmentedRaftLogWorker] INFO  segmented.SegmentedRaftLogWorker (SegmentedRaftLogWorker.java:execute(599)) - 27072a30-1791-4eaf-beda-714f523a0d74@group-8A2A89374153-SegmentedRaftLogWorker: created new log segment /github/workspace/mnt/ozone/hadoop-ozone/integration-test/target/test-dir/MiniOzoneClusterImpl-135c514c-975b-43bb-8c7a-38bae9c970e3/datanode-1/data/ratis/cc30ad36-3b76-44f5-ab8e-8a2a89374153/current/log_inprogress_0
2021-01-11 02:52:52,331 [EndpointStateMachine task thread for /0.0.0.0:40965 - 0 ] INFO  ozoneimpl.OzoneContainer (OzoneContainer.java:start(255)) - Attempting to start container services.
2021-01-11 02:52:52,331 [EndpointStateMachine task thread for /0.0.0.0:40965 - 0 ] INFO  ozoneimpl.OzoneContainer (OzoneContainer.java:startContainerScrub(219)) - Background container scanner has been disabled.
2021-01-11 02:52:52,331 [EndpointStateMachine task thread for /0.0.0.0:40965 - 0 ] INFO  replication.ReplicationServer (ReplicationServer.java:start(111)) - ReplicationServer is started using port 38419
2021-01-11 02:52:52,332 [EndpointStateMachine task thread for /0.0.0.0:40965 - 0 ] INFO  ratis.XceiverServerRatis (XceiverServerRatis.java:start(455)) - Starting XceiverServerRatis 7bc8cf5a-9dee-415c-92cd-434f849c7ae8 at port 0
2021-01-11 02:52:52,333 [EndpointStateMachine task thread for /0.0.0.0:40965 - 0 ] INFO  server.RaftServer (RaftServerProxy.java:lambda$start$5(372)) - 7bc8cf5a-9dee-415c-92cd-434f849c7ae8: start RPC server
2021-01-11 02:52:52,333 [EndpointStateMachine task thread for /0.0.0.0:40965 - 0 ] INFO  server.GrpcService (GrpcService.java:startImpl(176)) - 7bc8cf5a-9dee-415c-92cd-434f849c7ae8: GrpcService started, listening on 0.0.0.0/0.0.0.0:35617
2021-01-11 02:52:52,333 [EndpointStateMachine task thread for /0.0.0.0:40965 - 0 ] INFO  ratis.XceiverServerRatis (XceiverServerRatis.java:start(467)) - XceiverServerRatis 7bc8cf5a-9dee-415c-92cd-434f849c7ae8 is started using port 35617
2021-01-11 02:52:52,333 [org.apache.ratis.util.JvmPauseMonitor$$Lambda$220/1349812019@7008c6a4] INFO  util.JvmPauseMonitor (JvmPauseMonitor.java:run(103)) - JvmPauseMonitor-7bc8cf5a-9dee-415c-92cd-434f849c7ae8: Started
2021-01-11 02:52:52,333 [EndpointStateMachine task thread for /0.0.0.0:40965 - 0 ] INFO  server.XceiverServerGrpc (XceiverServerGrpc.java:start(139)) - XceiverServerGrpc 7bc8cf5a-9dee-415c-92cd-434f849c7ae8 is started using port 41115
2021-01-11 02:52:52,842 [EventQueue-PipelineReportForOneReplicaPipelineSafeModeRule] INFO  safemode.SCMSafeModeManager (SCMSafeModeManager.java:validateSafeModeExitRules(214)) - AtleastOneDatanodeReportedRule rule is successfully validated
2021-01-11 02:52:52,842 [EventQueue-OpenPipelineForHealthyPipelineSafeModeRule] INFO  safemode.SCMSafeModeManager (HealthyPipelineSafeModeRule.java:process(128)) - SCM in safe mode. Healthy pipelines reported count is 0, required healthy pipeline reported count is 1
2021-01-11 02:52:53,102 [EventQueue-OpenPipelineForHealthyPipelineSafeModeRule] INFO  safemode.SCMSafeModeManager (HealthyPipelineSafeModeRule.java:process(128)) - SCM in safe mode. Healthy pipelines reported count is 0, required healthy pipeline reported count is 1
2021-01-11 02:52:53,102 [EventQueue-PipelineReportForOneReplicaPipelineSafeModeRule] INFO  safemode.SCMSafeModeManager (SCMSafeModeManager.java:validateSafeModeExitRules(214)) - AtleastOneDatanodeReportedRule rule is successfully validated
2021-01-11 02:52:53,145 [EventQueue-OpenPipelineForHealthyPipelineSafeModeRule] INFO  safemode.SCMSafeModeManager (HealthyPipelineSafeModeRule.java:process(128)) - SCM in safe mode. Healthy pipelines reported count is 0, required healthy pipeline reported count is 1
2021-01-11 02:52:53,145 [EventQueue-PipelineReportForOneReplicaPipelineSafeModeRule] INFO  safemode.SCMSafeModeManager (SCMSafeModeManager.java:validateSafeModeExitRules(214)) - AtleastOneDatanodeReportedRule rule is successfully validated
2021-01-11 02:52:53,842 [EventQueue-PipelineReportForOneReplicaPipelineSafeModeRule] INFO  safemode.SCMSafeModeManager (SCMSafeModeManager.java:validateSafeModeExitRules(214)) - AtleastOneDatanodeReportedRule rule is successfully validated
2021-01-11 02:52:53,843 [EventQueue-OpenPipelineForHealthyPipelineSafeModeRule] INFO  safemode.SCMSafeModeManager (HealthyPipelineSafeModeRule.java:process(128)) - SCM in safe mode. Healthy pipelines reported count is 0, required healthy pipeline reported count is 1
2021-01-11 02:52:54,102 [EventQueue-OpenPipelineForHealthyPipelineSafeModeRule] INFO  safemode.SCMSafeModeManager (HealthyPipelineSafeModeRule.java:process(128)) - SCM in safe mode. Healthy pipelines reported count is 0, required healthy pipeline reported count is 1
2021-01-11 02:52:54,102 [EventQueue-PipelineReportForOneReplicaPipelineSafeModeRule] INFO  safemode.SCMSafeModeManager (SCMSafeModeManager.java:validateSafeModeExitRules(214)) - AtleastOneDatanodeReportedRule rule is successfully validated
2021-01-11 02:52:54,145 [EventQueue-PipelineReportForOneReplicaPipelineSafeModeRule] INFO  safemode.SCMSafeModeManager (SCMSafeModeManager.java:validateSafeModeExitRules(214)) - AtleastOneDatanodeReportedRule rule is successfully validated
2021-01-11 02:52:54,145 [EventQueue-OpenPipelineForHealthyPipelineSafeModeRule] INFO  safemode.SCMSafeModeManager (HealthyPipelineSafeModeRule.java:process(128)) - SCM in safe mode. Healthy pipelines reported count is 0, required healthy pipeline reported count is 1
2021-01-11 02:52:54,330 [IPC Server handler 7 on default port 40965] INFO  net.NetworkTopologyImpl (NetworkTopologyImpl.java:add(111)) - Added a new node: /default-rack/7bc8cf5a-9dee-415c-92cd-434f849c7ae8
2021-01-11 02:52:54,330 [IPC Server handler 7 on default port 40965] INFO  node.SCMNodeManager (SCMNodeManager.java:register(341)) - Registered Data node : 7bc8cf5a-9dee-415c-92cd-434f849c7ae8{ip: 172.17.0.2, host: 4354df8493ff, networkLocation: /default-rack, certSerialId: null, persistedOpState: IN_SERVICE, persistedOpStateExpiryEpochSec: 0}
2021-01-11 02:52:54,330 [EventQueue-NodeRegistrationContainerReportForDataNodeSafeModeRule] INFO  safemode.SCMSafeModeManager (SCMSafeModeManager.java:validateSafeModeExitRules(214)) - DataNodeSafeModeRule rule is successfully validated
2021-01-11 02:52:54,330 [EventQueue-NodeRegistrationContainerReportForContainerSafeModeRule] INFO  safemode.SCMSafeModeManager (SCMSafeModeManager.java:validateSafeModeExitRules(214)) - ContainerSafeModeRule rule is successfully validated
2021-01-11 02:52:54,331 [EventQueue-PipelineReportForOneReplicaPipelineSafeModeRule] INFO  safemode.SCMSafeModeManager (SCMSafeModeManager.java:validateSafeModeExitRules(214)) - AtleastOneDatanodeReportedRule rule is successfully validated
2021-01-11 02:52:54,331 [RatisPipelineUtilsThread] INFO  pipeline.RatisPipelineProvider (RatisPipelineProvider.java:lambda$create$0(161)) - Sending CreatePipelineCommand for pipeline:PipelineID=5c8bc239-c0d7-46a3-922b-92eb30401bfb to datanode:7bc8cf5a-9dee-415c-92cd-434f849c7ae8
2021-01-11 02:52:54,331 [RatisPipelineUtilsThread] INFO  pipeline.PipelineStateManager (PipelineStateManager.java:addPipeline(54)) - Created pipeline Pipeline[ Id: 5c8bc239-c0d7-46a3-922b-92eb30401bfb, Nodes: 7bc8cf5a-9dee-415c-92cd-434f849c7ae8{ip: 172.17.0.2, host: 4354df8493ff, networkLocation: /default-rack, certSerialId: null, persistedOpState: IN_SERVICE, persistedOpStateExpiryEpochSec: 0}, Type:RATIS, Factor:ONE, State:ALLOCATED, leaderId:, CreationTimestamp2021-01-11T02:52:54.331Z]
2021-01-11 02:52:54,842 [EventQueue-OpenPipelineForHealthyPipelineSafeModeRule] INFO  safemode.SCMSafeModeManager (HealthyPipelineSafeModeRule.java:process(128)) - SCM in safe mode. Healthy pipelines reported count is 0, required healthy pipeline reported count is 1
2021-01-11 02:52:54,843 [EventQueue-PipelineReportForOneReplicaPipelineSafeModeRule] INFO  safemode.SCMSafeModeManager (SCMSafeModeManager.java:validateSafeModeExitRules(214)) - AtleastOneDatanodeReportedRule rule is successfully validated
2021-01-11 02:52:55,102 [EventQueue-PipelineReportForOneReplicaPipelineSafeModeRule] INFO  safemode.SCMSafeModeManager (SCMSafeModeManager.java:validateSafeModeExitRules(214)) - AtleastOneDatanodeReportedRule rule is successfully validated
2021-01-11 02:52:55,102 [EventQueue-OpenPipelineForHealthyPipelineSafeModeRule] INFO  safemode.SCMSafeModeManager (HealthyPipelineSafeModeRule.java:process(128)) - SCM in safe mode. Healthy pipelines reported count is 0, required healthy pipeline reported count is 1
2021-01-11 02:52:55,146 [EventQueue-OpenPipelineForHealthyPipelineSafeModeRule] INFO  safemode.SCMSafeModeManager (HealthyPipelineSafeModeRule.java:process(128)) - SCM in safe mode. Healthy pipelines reported count is 0, required healthy pipeline reported count is 1
2021-01-11 02:52:55,146 [EventQueue-PipelineReportForOneReplicaPipelineSafeModeRule] INFO  safemode.SCMSafeModeManager (SCMSafeModeManager.java:validateSafeModeExitRules(214)) - AtleastOneDatanodeReportedRule rule is successfully validated
2021-01-11 02:52:55,351 [Listener at 127.0.0.1/36003] INFO  http.BaseHttpServer (BaseHttpServer.java:newHttpServer2BuilderForOzone(207)) - Starting Web-server for hddsDatanode at: http://0.0.0.0:0
2021-01-11 02:52:55,351 [Listener at 127.0.0.1/36003] INFO  http.BaseHttpServer (BaseHttpServer.java:<init>(106)) - Hadoop Security Enabled: false Ozone Security Enabled: false Ozone HTTP Security Enabled: false 
2021-01-11 02:52:55,352 [Listener at 127.0.0.1/36003] INFO  server.AuthenticationFilter (AuthenticationFilter.java:constructSecretProvider(240)) - Unable to initialize FileSignerSecretProvider, falling back to use random secrets.
2021-01-11 02:52:55,353 [Listener at 127.0.0.1/36003] WARN  http.HttpRequestLog (HttpRequestLog.java:getRequestLog(103)) - Jetty request log can only be enabled using Log4j
2021-01-11 02:52:55,354 [Listener at 127.0.0.1/36003] INFO  http.HttpServer2 (HttpServer2.java:addGlobalFilter(1020)) - Added global filter 'safety' (class=org.apache.hadoop.hdds.server.http.HttpServer2$QuotingInputFilter)
2021-01-11 02:52:55,354 [Listener at 127.0.0.1/36003] INFO  http.HttpServer2 (HttpServer2.java:addFilter(996)) - Added filter static_user_filter (class=org.apache.hadoop.http.lib.StaticUserWebFilter$StaticUserFilter) to context hddsDatanode
2021-01-11 02:52:55,354 [Listener at 127.0.0.1/36003] INFO  http.HttpServer2 (HttpServer2.java:addFilter(1004)) - Added filter static_user_filter (class=org.apache.hadoop.http.lib.StaticUserWebFilter$StaticUserFilter) to context logs
2021-01-11 02:52:55,354 [Listener at 127.0.0.1/36003] INFO  http.HttpServer2 (HttpServer2.java:addFilter(1004)) - Added filter static_user_filter (class=org.apache.hadoop.http.lib.StaticUserWebFilter$StaticUserFilter) to context static
2021-01-11 02:52:55,355 [Listener at 127.0.0.1/36003] INFO  http.HttpServer2 (HttpServer2.java:bindListener(1238)) - Jetty bound to port 35157
2021-01-11 02:52:55,355 [Listener at 127.0.0.1/36003] INFO  server.Server (Server.java:doStart(375)) - jetty-9.4.34.v20201102; built: 2020-11-02T14:15:39.302Z; git: e46af88704a893fc12cb0e3bf46e2c7b48a009e7; jvm 1.8.0_232-b09
2021-01-11 02:52:55,356 [Listener at 127.0.0.1/36003] INFO  server.session (DefaultSessionIdManager.java:doStart(334)) - DefaultSessionIdManager workerName=node0
2021-01-11 02:52:55,356 [Listener at 127.0.0.1/36003] INFO  server.session (DefaultSessionIdManager.java:doStart(339)) - No SessionScavenger set, using defaults
2021-01-11 02:52:55,356 [Listener at 127.0.0.1/36003] INFO  server.session (HouseKeeper.java:startScavenging(132)) - node0 Scavenging every 660000ms
2021-01-11 02:52:55,357 [Listener at 127.0.0.1/36003] INFO  handler.ContextHandler (ContextHandler.java:doStart(916)) - Started o.e.j.s.ServletContextHandler@765569a4{logs,/logs,file:///github/workspace/mnt/ozone/hadoop-ozone/integration-test/target/log,AVAILABLE}
2021-01-11 02:52:55,357 [Listener at 127.0.0.1/36003] INFO  handler.ContextHandler (ContextHandler.java:doStart(916)) - Started o.e.j.s.ServletContextHandler@28627a48{static,/static,jar:file:/home/user/.m2/repository/org/apache/hadoop/hadoop-hdds-container-service/1.1.0-SNAPSHOT/hadoop-hdds-container-service-1.1.0-SNAPSHOT.jar!/webapps/static,AVAILABLE}
2021-01-11 02:52:55,491 [Listener at 127.0.0.1/36003] INFO  handler.ContextHandler (ContextHandler.java:doStart(916)) - Started o.e.j.w.WebAppContext@55fc61d8{hddsDatanode,/,file:///tmp/jetty-0_0_0_0-35157-hadoop-hdds-container-service-1_1_0-SNAPSHOT_jar-_-any-2863531056481122424/webapp/,AVAILABLE}{jar:file:/home/user/.m2/repository/org/apache/hadoop/hadoop-hdds-container-service/1.1.0-SNAPSHOT/hadoop-hdds-container-service-1.1.0-SNAPSHOT.jar!/webapps/hddsDatanode}
2021-01-11 02:52:55,495 [Listener at 127.0.0.1/36003] INFO  server.AbstractConnector (AbstractConnector.java:doStart(331)) - Started ServerConnector@66c162a5{HTTP/1.1, (http/1.1)}{0.0.0.0:35157}
2021-01-11 02:52:55,495 [Listener at 127.0.0.1/36003] INFO  server.Server (Server.java:doStart(415)) - Started @815542ms
2021-01-11 02:52:55,495 [Listener at 127.0.0.1/36003] WARN  impl.MetricsSystemImpl (MetricsSystemImpl.java:register(276)) - Sink prometheus already exists!
2021-01-11 02:52:55,785 [Thread-6036] INFO  impl.FollowerState (FollowerState.java:run(133)) - 8fdece96-174e-440b-9c34-b82ee45bcc56@group-0BA852A2BCA2-FollowerState: change to CANDIDATE, lastRpcElapsedTime:5000502068ns, electionTimeout:5000ms
2021-01-11 02:52:55,785 [Thread-6036] INFO  impl.RoleInfo (RoleInfo.java:shutdownFollowerState(108)) - 8fdece96-174e-440b-9c34-b82ee45bcc56: shutdown 8fdece96-174e-440b-9c34-b82ee45bcc56@group-0BA852A2BCA2-FollowerState
2021-01-11 02:52:55,785 [Thread-6036] INFO  server.RaftServer$Division (RaftServerImpl.java:setRole(283)) - 8fdece96-174e-440b-9c34-b82ee45bcc56@group-0BA852A2BCA2: changes role from  FOLLOWER to CANDIDATE at term 0 for changeToCandidate
2021-01-11 02:52:55,786 [Thread-6036] INFO  impl.RoleInfo (RoleInfo.java:updateAndGet(130)) - 8fdece96-174e-440b-9c34-b82ee45bcc56: start 8fdece96-174e-440b-9c34-b82ee45bcc56@group-0BA852A2BCA2-LeaderElection92
2021-01-11 02:52:55,796 [8fdece96-174e-440b-9c34-b82ee45bcc56@group-0BA852A2BCA2-LeaderElection92] INFO  impl.LeaderElection (LeaderElection.java:askForPreVotes(259)) - 8fdece96-174e-440b-9c34-b82ee45bcc56@group-0BA852A2BCA2-LeaderElection92: begin a pre-vote at term 0 for -1: [8fdece96-174e-440b-9c34-b82ee45bcc56|rpc:172.17.0.2:38051|priority:0, 3bec4ab6-b9ad-4cb7-85d8-9f78f5912025|rpc:172.17.0.2:43535|priority:0, 27072a30-1791-4eaf-beda-714f523a0d74|rpc:172.17.0.2:41503|priority:1], old=null
2021-01-11 02:52:55,816 [grpc-default-executor-9] INFO  server.RaftServer$Division (RaftServerImpl.java:requestPreVote(1060)) - 27072a30-1791-4eaf-beda-714f523a0d74@group-0BA852A2BCA2: receive preVote(8fdece96-174e-440b-9c34-b82ee45bcc56, group-0BA852A2BCA2, 0, (t:0, i:0))
2021-01-11 02:52:55,816 [grpc-default-executor-9] INFO  server.RaftServer$Division (RaftServerImpl.java:requestPreVote(1083)) - 27072a30-1791-4eaf-beda-714f523a0d74@group-0BA852A2BCA2 role: FOLLOWER reject pre-vote from:8fdece96-174e-440b-9c34-b82ee45bcc56 because compare:0 isCurrentLeaderValid:false
2021-01-11 02:52:55,817 [grpc-default-executor-9] INFO  server.RaftServer$Division (RaftServerImpl.java:requestPreVote(1099)) - 27072a30-1791-4eaf-beda-714f523a0d74@group-0BA852A2BCA2 replies to pre-vote request: 8fdece96-174e-440b-9c34-b82ee45bcc56<-27072a30-1791-4eaf-beda-714f523a0d74#0:FAIL-t0. Peer's state: 27072a30-1791-4eaf-beda-714f523a0d74@group-0BA852A2BCA2:t0, leader=null, voted=, raftlog=27072a30-1791-4eaf-beda-714f523a0d74@group-0BA852A2BCA2-SegmentedRaftLog:OPENED:c-1,f-1,i0, conf=-1: [8fdece96-174e-440b-9c34-b82ee45bcc56|rpc:172.17.0.2:38051|dataStream:|priority:0, 3bec4ab6-b9ad-4cb7-85d8-9f78f5912025|rpc:172.17.0.2:43535|dataStream:|priority:0, 27072a30-1791-4eaf-beda-714f523a0d74|rpc:172.17.0.2:41503|dataStream:|priority:1], old=null
2021-01-11 02:52:55,818 [grpc-default-executor-0] INFO  server.RaftServer$Division (RaftServerImpl.java:requestPreVote(1060)) - 3bec4ab6-b9ad-4cb7-85d8-9f78f5912025@group-0BA852A2BCA2: receive preVote(8fdece96-174e-440b-9c34-b82ee45bcc56, group-0BA852A2BCA2, 0, (t:0, i:0))
2021-01-11 02:52:55,818 [grpc-default-executor-0] INFO  server.RaftServer$Division (RaftServerImpl.java:requestPreVote(1081)) - 3bec4ab6-b9ad-4cb7-85d8-9f78f5912025@group-0BA852A2BCA2 role: FOLLOWER allow pre-vote from:8fdece96-174e-440b-9c34-b82ee45bcc56
2021-01-11 02:52:55,818 [grpc-default-executor-0] INFO  server.RaftServer$Division (RaftServerImpl.java:requestPreVote(1099)) - 3bec4ab6-b9ad-4cb7-85d8-9f78f5912025@group-0BA852A2BCA2 replies to pre-vote request: 8fdece96-174e-440b-9c34-b82ee45bcc56<-3bec4ab6-b9ad-4cb7-85d8-9f78f5912025#0:OK-t0. Peer's state: 3bec4ab6-b9ad-4cb7-85d8-9f78f5912025@group-0BA852A2BCA2:t0, leader=null, voted=, raftlog=3bec4ab6-b9ad-4cb7-85d8-9f78f5912025@group-0BA852A2BCA2-SegmentedRaftLog:OPENED:c-1,f-1,i0, conf=-1: [8fdece96-174e-440b-9c34-b82ee45bcc56|rpc:172.17.0.2:38051|dataStream:|priority:0, 3bec4ab6-b9ad-4cb7-85d8-9f78f5912025|rpc:172.17.0.2:43535|dataStream:|priority:0, 27072a30-1791-4eaf-beda-714f523a0d74|rpc:172.17.0.2:41503|dataStream:|priority:1], old=null
2021-01-11 02:52:55,819 [8fdece96-174e-440b-9c34-b82ee45bcc56@group-0BA852A2BCA2-LeaderElection92] INFO  impl.LeaderElection (LeaderElection.java:logAndReturn(68)) - 8fdece96-174e-440b-9c34-b82ee45bcc56@group-0BA852A2BCA2-LeaderElection92: Pre-vote  REJECTED received 2 response(s):[8fdece96-174e-440b-9c34-b82ee45bcc56<-3bec4ab6-b9ad-4cb7-85d8-9f78f5912025#0:OK-t0, 8fdece96-174e-440b-9c34-b82ee45bcc56<-27072a30-1791-4eaf-beda-714f523a0d74#0:FAIL-t0]
2021-01-11 02:52:55,819 [8fdece96-174e-440b-9c34-b82ee45bcc56@group-0BA852A2BCA2-LeaderElection92] INFO  impl.LeaderElection (LeaderElection.java:askForPreVotes(261)) - 8fdece96-174e-440b-9c34-b82ee45bcc56@group-0BA852A2BCA2-LeaderElection92 pre-vote result is REJECTED.
2021-01-11 02:52:55,819 [8fdece96-174e-440b-9c34-b82ee45bcc56@group-0BA852A2BCA2-LeaderElection92] INFO  server.RaftServer$Division (RaftServerImpl.java:setRole(283)) - 8fdece96-174e-440b-9c34-b82ee45bcc56@group-0BA852A2BCA2: changes role from CANDIDATE to FOLLOWER at term 0 for REJECTED
2021-01-11 02:52:55,819 [8fdece96-174e-440b-9c34-b82ee45bcc56@group-0BA852A2BCA2-LeaderElection92] INFO  impl.RoleInfo (RoleInfo.java:shutdownLeaderElection(121)) - 8fdece96-174e-440b-9c34-b82ee45bcc56: shutdown 8fdece96-174e-440b-9c34-b82ee45bcc56@group-0BA852A2BCA2-LeaderElection92
2021-01-11 02:52:55,819 [8fdece96-174e-440b-9c34-b82ee45bcc56@group-0BA852A2BCA2-LeaderElection92] INFO  impl.RoleInfo (RoleInfo.java:updateAndGet(130)) - 8fdece96-174e-440b-9c34-b82ee45bcc56: start 8fdece96-174e-440b-9c34-b82ee45bcc56@group-0BA852A2BCA2-FollowerState
2021-01-11 02:52:55,849 [EventQueue-PipelineReportForOneReplicaPipelineSafeModeRule] INFO  safemode.SCMSafeModeManager (SCMSafeModeManager.java:validateSafeModeExitRules(214)) - AtleastOneDatanodeReportedRule rule is successfully validated
2021-01-11 02:52:55,849 [EventQueue-OpenPipelineForHealthyPipelineSafeModeRule] INFO  safemode.SCMSafeModeManager (HealthyPipelineSafeModeRule.java:process(128)) - SCM in safe mode. Healthy pipelines reported count is 0, required healthy pipeline reported count is 1
2021-01-11 02:52:55,891 [Thread-6038] INFO  impl.FollowerState (FollowerState.java:run(133)) - 27072a30-1791-4eaf-beda-714f523a0d74@group-0BA852A2BCA2-FollowerState: change to CANDIDATE, lastRpcElapsedTime:5075455900ns, electionTimeout:5072ms
2021-01-11 02:52:55,892 [Thread-6038] INFO  impl.RoleInfo (RoleInfo.java:shutdownFollowerState(108)) - 27072a30-1791-4eaf-beda-714f523a0d74: shutdown 27072a30-1791-4eaf-beda-714f523a0d74@group-0BA852A2BCA2-FollowerState
2021-01-11 02:52:55,892 [Thread-6038] INFO  server.RaftServer$Division (RaftServerImpl.java:setRole(283)) - 27072a30-1791-4eaf-beda-714f523a0d74@group-0BA852A2BCA2: changes role from  FOLLOWER to CANDIDATE at term 0 for changeToCandidate
2021-01-11 02:52:55,892 [Thread-6038] INFO  impl.RoleInfo (RoleInfo.java:updateAndGet(130)) - 27072a30-1791-4eaf-beda-714f523a0d74: start 27072a30-1791-4eaf-beda-714f523a0d74@group-0BA852A2BCA2-LeaderElection93
2021-01-11 02:52:55,901 [27072a30-1791-4eaf-beda-714f523a0d74@group-0BA852A2BCA2-LeaderElection93] INFO  impl.LeaderElection (LeaderElection.java:askForPreVotes(259)) - 27072a30-1791-4eaf-beda-714f523a0d74@group-0BA852A2BCA2-LeaderElection93: begin a pre-vote at term 0 for -1: [8fdece96-174e-440b-9c34-b82ee45bcc56|rpc:172.17.0.2:38051|dataStream:|priority:0, 3bec4ab6-b9ad-4cb7-85d8-9f78f5912025|rpc:172.17.0.2:43535|dataStream:|priority:0, 27072a30-1791-4eaf-beda-714f523a0d74|rpc:172.17.0.2:41503|dataStream:|priority:1], old=null
2021-01-11 02:52:55,921 [grpc-default-executor-9] INFO  metrics.RatisMetrics (RatisMetrics.java:lambda$create$0(36)) - Creating Metrics Registry : ratis.server_message_metrics.8fdece96-174e-440b-9c34-b82ee45bcc56
2021-01-11 02:52:55,923 [grpc-default-executor-9] INFO  server.RaftServer$Division (RaftServerImpl.java:requestPreVote(1060)) - 8fdece96-174e-440b-9c34-b82ee45bcc56@group-0BA852A2BCA2: receive preVote(27072a30-1791-4eaf-beda-714f523a0d74, group-0BA852A2BCA2, 0, (t:0, i:0))
2021-01-11 02:52:55,924 [grpc-default-executor-9] INFO  server.RaftServer$Division (RaftServerImpl.java:requestPreVote(1081)) - 8fdece96-174e-440b-9c34-b82ee45bcc56@group-0BA852A2BCA2 role: FOLLOWER allow pre-vote from:27072a30-1791-4eaf-beda-714f523a0d74
2021-01-11 02:52:55,924 [grpc-default-executor-9] INFO  server.RaftServer$Division (RaftServerImpl.java:requestPreVote(1099)) - 8fdece96-174e-440b-9c34-b82ee45bcc56@group-0BA852A2BCA2 replies to pre-vote request: 27072a30-1791-4eaf-beda-714f523a0d74<-8fdece96-174e-440b-9c34-b82ee45bcc56#0:OK-t0. Peer's state: 8fdece96-174e-440b-9c34-b82ee45bcc56@group-0BA852A2BCA2:t0, leader=null, voted=, raftlog=8fdece96-174e-440b-9c34-b82ee45bcc56@group-0BA852A2BCA2-SegmentedRaftLog:OPENED:c-1,f-1,i0, conf=-1: [8fdece96-174e-440b-9c34-b82ee45bcc56|rpc:172.17.0.2:38051|priority:0, 3bec4ab6-b9ad-4cb7-85d8-9f78f5912025|rpc:172.17.0.2:43535|priority:0, 27072a30-1791-4eaf-beda-714f523a0d74|rpc:172.17.0.2:41503|priority:1], old=null
2021-01-11 02:52:55,925 [grpc-default-executor-0] INFO  server.RaftServer$Division (RaftServerImpl.java:requestPreVote(1060)) - 3bec4ab6-b9ad-4cb7-85d8-9f78f5912025@group-0BA852A2BCA2: receive preVote(27072a30-1791-4eaf-beda-714f523a0d74, group-0BA852A2BCA2, 0, (t:0, i:0))
2021-01-11 02:52:55,925 [grpc-default-executor-0] INFO  server.RaftServer$Division (RaftServerImpl.java:requestPreVote(1081)) - 3bec4ab6-b9ad-4cb7-85d8-9f78f5912025@group-0BA852A2BCA2 role: FOLLOWER allow pre-vote from:27072a30-1791-4eaf-beda-714f523a0d74
2021-01-11 02:52:55,925 [grpc-default-executor-0] INFO  server.RaftServer$Division (RaftServerImpl.java:requestPreVote(1099)) - 3bec4ab6-b9ad-4cb7-85d8-9f78f5912025@group-0BA852A2BCA2 replies to pre-vote request: 27072a30-1791-4eaf-beda-714f523a0d74<-3bec4ab6-b9ad-4cb7-85d8-9f78f5912025#0:OK-t0. Peer's state: 3bec4ab6-b9ad-4cb7-85d8-9f78f5912025@group-0BA852A2BCA2:t0, leader=null, voted=, raftlog=3bec4ab6-b9ad-4cb7-85d8-9f78f5912025@group-0BA852A2BCA2-SegmentedRaftLog:OPENED:c-1,f-1,i0, conf=-1: [8fdece96-174e-440b-9c34-b82ee45bcc56|rpc:172.17.0.2:38051|dataStream:|priority:0, 3bec4ab6-b9ad-4cb7-85d8-9f78f5912025|rpc:172.17.0.2:43535|dataStream:|priority:0, 27072a30-1791-4eaf-beda-714f523a0d74|rpc:172.17.0.2:41503|dataStream:|priority:1], old=null
2021-01-11 02:52:55,926 [27072a30-1791-4eaf-beda-714f523a0d74@group-0BA852A2BCA2-LeaderElection93] INFO  impl.LeaderElection (LeaderElection.java:logAndReturn(68)) - 27072a30-1791-4eaf-beda-714f523a0d74@group-0BA852A2BCA2-LeaderElection93: Pre-vote  PASSED received 1 response(s):[27072a30-1791-4eaf-beda-714f523a0d74<-3bec4ab6-b9ad-4cb7-85d8-9f78f5912025#0:OK-t0]
2021-01-11 02:52:55,927 [27072a30-1791-4eaf-beda-714f523a0d74@group-0BA852A2BCA2-LeaderElection93] INFO  impl.LeaderElection (LeaderElection.java:askForPreVotes(261)) - 27072a30-1791-4eaf-beda-714f523a0d74@group-0BA852A2BCA2-LeaderElection93 pre-vote result is PASSED.
2021-01-11 02:52:55,929 [27072a30-1791-4eaf-beda-714f523a0d74@group-0BA852A2BCA2-LeaderElection93] INFO  impl.LeaderElection (LeaderElection.java:askForVotes(308)) - 27072a30-1791-4eaf-beda-714f523a0d74@group-0BA852A2BCA2-LeaderElection93: begin an election at term 1 for -1: [8fdece96-174e-440b-9c34-b82ee45bcc56|rpc:172.17.0.2:38051|dataStream:|priority:0, 3bec4ab6-b9ad-4cb7-85d8-9f78f5912025|rpc:172.17.0.2:43535|dataStream:|priority:0, 27072a30-1791-4eaf-beda-714f523a0d74|rpc:172.17.0.2:41503|dataStream:|priority:1], old=null
2021-01-11 02:52:55,938 [grpc-default-executor-9] INFO  server.RaftServer$Division (RaftServerImpl.java:setRole(283)) - 8fdece96-174e-440b-9c34-b82ee45bcc56@group-0BA852A2BCA2: changes role from  FOLLOWER to FOLLOWER at term 1 for recognizeCandidate:27072a30-1791-4eaf-beda-714f523a0d74
2021-01-11 02:52:55,938 [grpc-default-executor-9] INFO  impl.RoleInfo (RoleInfo.java:shutdownFollowerState(108)) - 8fdece96-174e-440b-9c34-b82ee45bcc56: shutdown 8fdece96-174e-440b-9c34-b82ee45bcc56@group-0BA852A2BCA2-FollowerState
2021-01-11 02:52:55,938 [grpc-default-executor-9] INFO  impl.RoleInfo (RoleInfo.java:updateAndGet(130)) - 8fdece96-174e-440b-9c34-b82ee45bcc56: start 8fdece96-174e-440b-9c34-b82ee45bcc56@group-0BA852A2BCA2-FollowerState
2021-01-11 02:52:55,938 [Thread-6063] INFO  impl.FollowerState (FollowerState.java:run(142)) - 8fdece96-174e-440b-9c34-b82ee45bcc56@group-0BA852A2BCA2-FollowerState was interrupted: {}
java.lang.InterruptedException: sleep interrupted
	at java.lang.Thread.sleep(Native Method)
	at java.lang.Thread.sleep(Thread.java:340)
	at java.util.concurrent.TimeUnit.sleep(TimeUnit.java:386)
	at org.apache.ratis.util.TimeDuration.sleep(TimeDuration.java:324)
	at org.apache.ratis.util.TimeDuration.sleep(TimeDuration.java:309)
	at org.apache.ratis.server.impl.FollowerState.run(FollowerState.java:117)
2021-01-11 02:52:55,939 [grpc-default-executor-9] INFO  server.RaftServer$Division (RaftServerImpl.java:requestVote(1137)) -  FOLLOWER 8fdece96-174e-440b-9c34-b82ee45bcc56@group-0BA852A2BCA2:t1, leader=null, voted=null, raftlog=8fdece96-174e-440b-9c34-b82ee45bcc56@group-0BA852A2BCA2-SegmentedRaftLog:OPENED:c-1,f-1,i0, conf=-1: [8fdece96-174e-440b-9c34-b82ee45bcc56|rpc:172.17.0.2:38051|priority:0, 3bec4ab6-b9ad-4cb7-85d8-9f78f5912025|rpc:172.17.0.2:43535|priority:0, 27072a30-1791-4eaf-beda-714f523a0d74|rpc:172.17.0.2:41503|priority:1], old=null RUNNING priority:0 candidate:27072a30-1791-4eaf-beda-714f523a0d74|rpc:172.17.0.2:41503|priority:1 candidatePriority:1 compare:0
2021-01-11 02:52:55,944 [27072a30-1791-4eaf-beda-714f523a0d74@group-0BA852A2BCA2-LeaderElection93] INFO  impl.LeaderElection (LeaderElection.java:logAndReturn(68)) - 27072a30-1791-4eaf-beda-714f523a0d74@group-0BA852A2BCA2-LeaderElection93: Election  PASSED received 1 response(s):[27072a30-1791-4eaf-beda-714f523a0d74<-8fdece96-174e-440b-9c34-b82ee45bcc56#0:OK-t1]
2021-01-11 02:52:55,944 [27072a30-1791-4eaf-beda-714f523a0d74@group-0BA852A2BCA2-LeaderElection93] INFO  impl.RoleInfo (RoleInfo.java:shutdownLeaderElection(121)) - 27072a30-1791-4eaf-beda-714f523a0d74: shutdown 27072a30-1791-4eaf-beda-714f523a0d74@group-0BA852A2BCA2-LeaderElection93
2021-01-11 02:52:55,944 [27072a30-1791-4eaf-beda-714f523a0d74@group-0BA852A2BCA2-LeaderElection93] INFO  server.RaftServer$Division (RaftServerImpl.java:setRole(283)) - 27072a30-1791-4eaf-beda-714f523a0d74@group-0BA852A2BCA2: changes role from CANDIDATE to LEADER at term 1 for changeToLeader
2021-01-11 02:52:55,944 [27072a30-1791-4eaf-beda-714f523a0d74@group-0BA852A2BCA2-LeaderElection93] INFO  ratis.XceiverServerRatis (XceiverServerRatis.java:handleLeaderChangedNotification(868)) - Leader change notification received for group: group-0BA852A2BCA2 with new leaderId: 27072a30-1791-4eaf-beda-714f523a0d74
2021-01-11 02:52:55,944 [27072a30-1791-4eaf-beda-714f523a0d74@group-0BA852A2BCA2-LeaderElection93] INFO  server.RaftServer$Division (ServerState.java:setLeader(249)) - 27072a30-1791-4eaf-beda-714f523a0d74@group-0BA852A2BCA2: change Leader from null to 27072a30-1791-4eaf-beda-714f523a0d74 at term 1 for becomeLeader, leader elected after 5136ms
2021-01-11 02:52:55,944 [27072a30-1791-4eaf-beda-714f523a0d74@group-0BA852A2BCA2-LeaderElection93] INFO  server.RaftServerConfigKeys (ConfUtils.java:logGet(44)) - raft.server.staging.catchup.gap = 1000 (default)
2021-01-11 02:52:55,944 [27072a30-1791-4eaf-beda-714f523a0d74@group-0BA852A2BCA2-LeaderElection93] INFO  metrics.RatisMetrics (RatisMetrics.java:lambda$create$0(36)) - Creating Metrics Registry : ratis.log_appender.27072a30-1791-4eaf-beda-714f523a0d74@group-0BA852A2BCA2
2021-01-11 02:52:55,944 [27072a30-1791-4eaf-beda-714f523a0d74@group-0BA852A2BCA2-LeaderElection93] INFO  server.RaftServerConfigKeys (ConfUtils.java:logGet(44)) - raft.server.write.element-limit = 1024 (custom)
2021-01-11 02:52:55,944 [27072a30-1791-4eaf-beda-714f523a0d74@group-0BA852A2BCA2-LeaderElection93] INFO  server.RaftServerConfigKeys (ConfUtils.java:logGet(44)) - raft.server.write.byte-limit = 1073741824 (custom)
2021-01-11 02:52:55,945 [EventQueue-PipelineReportForPipelineReportHandler] INFO  pipeline.PipelineStateManager (PipelineStateManager.java:openPipeline(132)) - Pipeline Pipeline[ Id: fad3187d-7405-41ed-a375-0ba852a2bca2, Nodes: 27072a30-1791-4eaf-beda-714f523a0d74{ip: 172.17.0.2, host: 4354df8493ff, networkLocation: /default-rack, certSerialId: null, persistedOpState: IN_SERVICE, persistedOpStateExpiryEpochSec: 0}3bec4ab6-b9ad-4cb7-85d8-9f78f5912025{ip: 172.17.0.2, host: 4354df8493ff, networkLocation: /default-rack, certSerialId: null, persistedOpState: IN_SERVICE, persistedOpStateExpiryEpochSec: 0}8fdece96-174e-440b-9c34-b82ee45bcc56{ip: 172.17.0.2, host: 4354df8493ff, networkLocation: /default-rack, certSerialId: null, persistedOpState: IN_SERVICE, persistedOpStateExpiryEpochSec: 0}, Type:RATIS, Factor:THREE, State:ALLOCATED, leaderId:27072a30-1791-4eaf-beda-714f523a0d74, CreationTimestamp2021-01-11T02:52:49.100Z] moved to OPEN state
2021-01-11 02:52:55,946 [EventQueue-PipelineReportForOneReplicaPipelineSafeModeRule] INFO  safemode.SCMSafeModeManager (SCMSafeModeManager.java:validateSafeModeExitRules(214)) - AtleastOneDatanodeReportedRule rule is successfully validated
2021-01-11 02:52:55,946 [EventQueue-OpenPipelineForHealthyPipelineSafeModeRule] INFO  safemode.SCMSafeModeManager (HealthyPipelineSafeModeRule.java:process(128)) - SCM in safe mode. Healthy pipelines reported count is 0, required healthy pipeline reported count is 1
2021-01-11 02:52:55,946 [EventQueue-OpenPipelineForHealthyPipelineSafeModeRule] INFO  safemode.SCMSafeModeManager (HealthyPipelineSafeModeRule.java:process(128)) - SCM in safe mode. Healthy pipelines reported count is 1, required healthy pipeline reported count is 1
2021-01-11 02:52:55,946 [EventQueue-OpenPipelineForHealthyPipelineSafeModeRule] INFO  safemode.SCMSafeModeManager (SCMSafeModeManager.java:validateSafeModeExitRules(214)) - HealthyPipelineSafeModeRule rule is successfully validated
2021-01-11 02:52:55,946 [EventQueue-OpenPipelineForHealthyPipelineSafeModeRule] INFO  safemode.SCMSafeModeManager (SCMSafeModeManager.java:validateSafeModeExitRules(228)) - ScmSafeModeManager, all rules are successfully validated
2021-01-11 02:52:55,946 [EventQueue-OpenPipelineForHealthyPipelineSafeModeRule] INFO  safemode.SCMSafeModeManager (SCMSafeModeManager.java:exitSafeMode(257)) - SCM exiting safe mode.
2021-01-11 02:52:55,947 [27072a30-1791-4eaf-beda-714f523a0d74@group-0BA852A2BCA2-LeaderElection93] INFO  server.RaftServerConfigKeys (ConfUtils.java:logGet(44)) - raft.server.watch.timeout = 180s (custom)
2021-01-11 02:52:55,947 [27072a30-1791-4eaf-beda-714f523a0d74@group-0BA852A2BCA2-LeaderElection93] INFO  server.RaftServerConfigKeys (ConfUtils.java:logGet(44)) - raft.server.watch.timeout.denomination = 1s (default)
2021-01-11 02:52:55,947 [27072a30-1791-4eaf-beda-714f523a0d74@group-0BA852A2BCA2-LeaderElection93] INFO  server.RaftServerConfigKeys (ConfUtils.java:logGet(44)) - raft.server.watch.element-limit = 65536 (default)
2021-01-11 02:52:55,947 [27072a30-1791-4eaf-beda-714f523a0d74@group-0BA852A2BCA2-LeaderElection93] INFO  server.RaftServerConfigKeys (ConfUtils.java:logGet(44)) - raft.server.log.appender.snapshot.chunk.size.max = 16MB (=16777216) (default)
2021-01-11 02:52:55,947 [27072a30-1791-4eaf-beda-714f523a0d74@group-0BA852A2BCA2-LeaderElection93] INFO  server.RaftServerConfigKeys (ConfUtils.java:logGet(44)) - raft.server.log.appender.buffer.byte-limit = 33554432 (custom)
2021-01-11 02:52:55,947 [27072a30-1791-4eaf-beda-714f523a0d74@group-0BA852A2BCA2-LeaderElection93] INFO  server.RaftServerConfigKeys (ConfUtils.java:logGet(44)) - raft.server.log.appender.buffer.element-limit = 1 (custom)
2021-01-11 02:52:55,947 [grpc-default-executor-0] INFO  server.RaftServer$Division (RaftServerImpl.java:setRole(283)) - 3bec4ab6-b9ad-4cb7-85d8-9f78f5912025@group-0BA852A2BCA2: changes role from  FOLLOWER to FOLLOWER at term 1 for recognizeCandidate:27072a30-1791-4eaf-beda-714f523a0d74
2021-01-11 02:52:55,947 [grpc-default-executor-0] INFO  impl.RoleInfo (RoleInfo.java:shutdownFollowerState(108)) - 3bec4ab6-b9ad-4cb7-85d8-9f78f5912025: shutdown 3bec4ab6-b9ad-4cb7-85d8-9f78f5912025@group-0BA852A2BCA2-FollowerState
2021-01-11 02:52:55,948 [grpc-default-executor-0] INFO  impl.RoleInfo (RoleInfo.java:updateAndGet(130)) - 3bec4ab6-b9ad-4cb7-85d8-9f78f5912025: start 3bec4ab6-b9ad-4cb7-85d8-9f78f5912025@group-0BA852A2BCA2-FollowerState
2021-01-11 02:52:55,948 [Thread-6041] INFO  impl.FollowerState (FollowerState.java:run(142)) - 3bec4ab6-b9ad-4cb7-85d8-9f78f5912025@group-0BA852A2BCA2-FollowerState was interrupted: {}
java.lang.InterruptedException: sleep interrupted
	at java.lang.Thread.sleep(Native Method)
	at java.lang.Thread.sleep(Thread.java:340)
	at java.util.concurrent.TimeUnit.sleep(TimeUnit.java:386)
	at org.apache.ratis.util.TimeDuration.sleep(TimeDuration.java:324)
	at org.apache.ratis.util.TimeDuration.sleep(TimeDuration.java:309)
	at org.apache.ratis.server.impl.FollowerState.run(FollowerState.java:117)
2021-01-11 02:52:55,948 [grpc-default-executor-0] INFO  server.RaftServer$Division (RaftServerImpl.java:requestVote(1137)) -  FOLLOWER 3bec4ab6-b9ad-4cb7-85d8-9f78f5912025@group-0BA852A2BCA2:t1, leader=null, voted=null, raftlog=3bec4ab6-b9ad-4cb7-85d8-9f78f5912025@group-0BA852A2BCA2-SegmentedRaftLog:OPENED:c-1,f-1,i0, conf=-1: [8fdece96-174e-440b-9c34-b82ee45bcc56|rpc:172.17.0.2:38051|dataStream:|priority:0, 3bec4ab6-b9ad-4cb7-85d8-9f78f5912025|rpc:172.17.0.2:43535|dataStream:|priority:0, 27072a30-1791-4eaf-beda-714f523a0d74|rpc:172.17.0.2:41503|dataStream:|priority:1], old=null RUNNING priority:0 candidate:27072a30-1791-4eaf-beda-714f523a0d74|rpc:172.17.0.2:41503|dataStream:|priority:1 candidatePriority:1 compare:0
2021-01-11 02:52:55,949 [27072a30-1791-4eaf-beda-714f523a0d74@group-0BA852A2BCA2-LeaderElection93] INFO  grpc.GrpcConfigKeys (ConfUtils.java:logGet(44)) - raft.grpc.server.leader.outstanding.appends.max = 128 (default)
2021-01-11 02:52:55,949 [27072a30-1791-4eaf-beda-714f523a0d74@group-0BA852A2BCA2-LeaderElection93] INFO  server.RaftServerConfigKeys (ConfUtils.java:logGet(44)) - raft.server.rpc.request.timeout = 60s (custom)
2021-01-11 02:52:55,949 [27072a30-1791-4eaf-beda-714f523a0d74@group-0BA852A2BCA2-LeaderElection93] INFO  server.RaftServerConfigKeys (ConfUtils.java:logGet(44)) - raft.server.log.appender.install.snapshot.enabled = false (custom)
2021-01-11 02:52:55,949 [27072a30-1791-4eaf-beda-714f523a0d74@group-0BA852A2BCA2-LeaderElection93] INFO  metrics.RatisMetrics (RatisMetrics.java:lambda$create$0(36)) - Creating Metrics Registry : ratis_grpc.log_appender.27072a30-1791-4eaf-beda-714f523a0d74@group-0BA852A2BCA2
2021-01-11 02:52:55,952 [27072a30-1791-4eaf-beda-714f523a0d74@group-0BA852A2BCA2-LeaderElection93] INFO  server.RaftServerConfigKeys (ConfUtils.java:logGet(44)) - raft.server.log.appender.snapshot.chunk.size.max = 16MB (=16777216) (default)
2021-01-11 02:52:55,952 [27072a30-1791-4eaf-beda-714f523a0d74@group-0BA852A2BCA2-LeaderElection93] INFO  server.RaftServerConfigKeys (ConfUtils.java:logGet(44)) - raft.server.log.appender.buffer.byte-limit = 33554432 (custom)
2021-01-11 02:52:55,952 [27072a30-1791-4eaf-beda-714f523a0d74@group-0BA852A2BCA2-LeaderElection93] INFO  server.RaftServerConfigKeys (ConfUtils.java:logGet(44)) - raft.server.log.appender.buffer.element-limit = 1 (custom)
2021-01-11 02:52:55,952 [27072a30-1791-4eaf-beda-714f523a0d74@group-0BA852A2BCA2-LeaderElection93] INFO  grpc.GrpcConfigKeys (ConfUtils.java:logGet(44)) - raft.grpc.server.leader.outstanding.appends.max = 128 (default)
2021-01-11 02:52:55,952 [27072a30-1791-4eaf-beda-714f523a0d74@group-0BA852A2BCA2-LeaderElection93] INFO  server.RaftServerConfigKeys (ConfUtils.java:logGet(44)) - raft.server.rpc.request.timeout = 60s (custom)
2021-01-11 02:52:55,952 [27072a30-1791-4eaf-beda-714f523a0d74@group-0BA852A2BCA2-LeaderElection93] INFO  server.RaftServerConfigKeys (ConfUtils.java:logGet(44)) - raft.server.log.appender.install.snapshot.enabled = false (custom)
2021-01-11 02:52:55,955 [27072a30-1791-4eaf-beda-714f523a0d74@group-0BA852A2BCA2-LeaderElection93] INFO  impl.RoleInfo (RoleInfo.java:updateAndGet(130)) - 27072a30-1791-4eaf-beda-714f523a0d74: start 27072a30-1791-4eaf-beda-714f523a0d74@group-0BA852A2BCA2-LeaderStateImpl
2021-01-11 02:52:55,962 [27072a30-1791-4eaf-beda-714f523a0d74@group-0BA852A2BCA2-LeaderElection93] INFO  segmented.SegmentedRaftLogWorker (SegmentedRaftLogWorker.java:startLogSegment(392)) - 27072a30-1791-4eaf-beda-714f523a0d74@group-0BA852A2BCA2-SegmentedRaftLogWorker: Starting segment from index:0
2021-01-11 02:52:55,963 [27072a30-1791-4eaf-beda-714f523a0d74@group-0BA852A2BCA2-SegmentedRaftLogWorker] INFO  segmented.SegmentedRaftLogWorker (SegmentedRaftLogWorker.java:execute(599)) - 27072a30-1791-4eaf-beda-714f523a0d74@group-0BA852A2BCA2-SegmentedRaftLogWorker: created new log segment /github/workspace/mnt/ozone/hadoop-ozone/integration-test/target/test-dir/MiniOzoneClusterImpl-135c514c-975b-43bb-8c7a-38bae9c970e3/datanode-1/data/ratis/fad3187d-7405-41ed-a375-0ba852a2bca2/current/log_inprogress_0
2021-01-11 02:52:55,967 [grpc-default-executor-9] INFO  ratis.XceiverServerRatis (XceiverServerRatis.java:handleLeaderChangedNotification(868)) - Leader change notification received for group: group-0BA852A2BCA2 with new leaderId: 27072a30-1791-4eaf-beda-714f523a0d74
2021-01-11 02:52:55,968 [grpc-default-executor-9] INFO  server.RaftServer$Division (ServerState.java:setLeader(249)) - 8fdece96-174e-440b-9c34-b82ee45bcc56@group-0BA852A2BCA2: change Leader from null to 27072a30-1791-4eaf-beda-714f523a0d74 at term 1 for appendEntries, leader elected after 5192ms
2021-01-11 02:52:55,968 [27072a30-1791-4eaf-beda-714f523a0d74@group-0BA852A2BCA2-LeaderElection93] INFO  server.RaftServer$Division (ServerState.java:setRaftConf(368)) - 27072a30-1791-4eaf-beda-714f523a0d74@group-0BA852A2BCA2: set configuration 0: [8fdece96-174e-440b-9c34-b82ee45bcc56|rpc:172.17.0.2:38051|dataStream:|priority:0, 3bec4ab6-b9ad-4cb7-85d8-9f78f5912025|rpc:172.17.0.2:43535|dataStream:|priority:0, 27072a30-1791-4eaf-beda-714f523a0d74|rpc:172.17.0.2:41503|dataStream:|priority:1], old=null
2021-01-11 02:52:55,986 [grpc-default-executor-0] INFO  ratis.XceiverServerRatis (XceiverServerRatis.java:handleLeaderChangedNotification(868)) - Leader change notification received for group: group-0BA852A2BCA2 with new leaderId: 27072a30-1791-4eaf-beda-714f523a0d74
2021-01-11 02:52:55,986 [grpc-default-executor-0] INFO  server.RaftServer$Division (ServerState.java:setLeader(249)) - 3bec4ab6-b9ad-4cb7-85d8-9f78f5912025@group-0BA852A2BCA2: change Leader from null to 27072a30-1791-4eaf-beda-714f523a0d74 at term 1 for appendEntries, leader elected after 5149ms
2021-01-11 02:52:55,988 [grpc-default-executor-9] INFO  server.RaftServer$Division (ServerState.java:setRaftConf(368)) - 8fdece96-174e-440b-9c34-b82ee45bcc56@group-0BA852A2BCA2: set configuration 0: [8fdece96-174e-440b-9c34-b82ee45bcc56|rpc:172.17.0.2:38051|dataStream:|priority:0, 3bec4ab6-b9ad-4cb7-85d8-9f78f5912025|rpc:172.17.0.2:43535|dataStream:|priority:0, 27072a30-1791-4eaf-beda-714f523a0d74|rpc:172.17.0.2:41503|dataStream:|priority:1], old=null
2021-01-11 02:52:55,988 [grpc-default-executor-9] INFO  segmented.SegmentedRaftLogWorker (SegmentedRaftLogWorker.java:startLogSegment(392)) - 8fdece96-174e-440b-9c34-b82ee45bcc56@group-0BA852A2BCA2-SegmentedRaftLogWorker: Starting segment from index:0
2021-01-11 02:52:55,989 [grpc-default-executor-0] INFO  server.RaftServer$Division (ServerState.java:setRaftConf(368)) - 3bec4ab6-b9ad-4cb7-85d8-9f78f5912025@group-0BA852A2BCA2: set configuration 0: [8fdece96-174e-440b-9c34-b82ee45bcc56|rpc:172.17.0.2:38051|dataStream:|priority:0, 3bec4ab6-b9ad-4cb7-85d8-9f78f5912025|rpc:172.17.0.2:43535|dataStream:|priority:0, 27072a30-1791-4eaf-beda-714f523a0d74|rpc:172.17.0.2:41503|dataStream:|priority:1], old=null
2021-01-11 02:52:55,990 [grpc-default-executor-0] INFO  segmented.SegmentedRaftLogWorker (SegmentedRaftLogWorker.java:startLogSegment(392)) - 3bec4ab6-b9ad-4cb7-85d8-9f78f5912025@group-0BA852A2BCA2-SegmentedRaftLogWorker: Starting segment from index:0
2021-01-11 02:52:55,992 [3bec4ab6-b9ad-4cb7-85d8-9f78f5912025@group-0BA852A2BCA2-SegmentedRaftLogWorker] INFO  segmented.SegmentedRaftLogWorker (SegmentedRaftLogWorker.java:execute(599)) - 3bec4ab6-b9ad-4cb7-85d8-9f78f5912025@group-0BA852A2BCA2-SegmentedRaftLogWorker: created new log segment /github/workspace/mnt/ozone/hadoop-ozone/integration-test/target/test-dir/MiniOzoneClusterImpl-135c514c-975b-43bb-8c7a-38bae9c970e3/datanode-2/data/ratis/fad3187d-7405-41ed-a375-0ba852a2bca2/current/log_inprogress_0
2021-01-11 02:52:55,992 [8fdece96-174e-440b-9c34-b82ee45bcc56@group-0BA852A2BCA2-SegmentedRaftLogWorker] INFO  segmented.SegmentedRaftLogWorker (SegmentedRaftLogWorker.java:execute(599)) - 8fdece96-174e-440b-9c34-b82ee45bcc56@group-0BA852A2BCA2-SegmentedRaftLogWorker: created new log segment /github/workspace/mnt/ozone/hadoop-ozone/integration-test/target/test-dir/MiniOzoneClusterImpl-135c514c-975b-43bb-8c7a-38bae9c970e3/datanode-0/data/ratis/fad3187d-7405-41ed-a375-0ba852a2bca2/current/log_inprogress_0
2021-01-11 02:52:57,157 [Thread-6046] INFO  impl.FollowerState (FollowerState.java:run(133)) - 3bec4ab6-b9ad-4cb7-85d8-9f78f5912025@group-25E1222B9B91-FollowerState: change to CANDIDATE, lastRpcElapsedTime:5046421328ns, electionTimeout:5046ms
2021-01-11 02:52:57,158 [Thread-6046] INFO  impl.RoleInfo (RoleInfo.java:shutdownFollowerState(108)) - 3bec4ab6-b9ad-4cb7-85d8-9f78f5912025: shutdown 3bec4ab6-b9ad-4cb7-85d8-9f78f5912025@group-25E1222B9B91-FollowerState
2021-01-11 02:52:57,158 [Thread-6046] INFO  server.RaftServer$Division (RaftServerImpl.java:setRole(283)) - 3bec4ab6-b9ad-4cb7-85d8-9f78f5912025@group-25E1222B9B91: changes role from  FOLLOWER to CANDIDATE at term 0 for changeToCandidate
2021-01-11 02:52:57,158 [Thread-6046] INFO  impl.RoleInfo (RoleInfo.java:updateAndGet(130)) - 3bec4ab6-b9ad-4cb7-85d8-9f78f5912025: start 3bec4ab6-b9ad-4cb7-85d8-9f78f5912025@group-25E1222B9B91-LeaderElection94
2021-01-11 02:52:57,160 [3bec4ab6-b9ad-4cb7-85d8-9f78f5912025@group-25E1222B9B91-LeaderElection94] INFO  impl.LeaderElection (LeaderElection.java:askForPreVotes(259)) - 3bec4ab6-b9ad-4cb7-85d8-9f78f5912025@group-25E1222B9B91-LeaderElection94: begin a pre-vote at term 0 for -1: [3bec4ab6-b9ad-4cb7-85d8-9f78f5912025|rpc:172.17.0.2:43535|priority:1], old=null
2021-01-11 02:52:57,160 [3bec4ab6-b9ad-4cb7-85d8-9f78f5912025@group-25E1222B9B91-LeaderElection94] INFO  impl.LeaderElection (LeaderElection.java:askForPreVotes(261)) - 3bec4ab6-b9ad-4cb7-85d8-9f78f5912025@group-25E1222B9B91-LeaderElection94 pre-vote result is PASSED.
2021-01-11 02:52:57,161 [3bec4ab6-b9ad-4cb7-85d8-9f78f5912025@group-25E1222B9B91-LeaderElection94] INFO  impl.LeaderElection (LeaderElection.java:askForVotes(308)) - 3bec4ab6-b9ad-4cb7-85d8-9f78f5912025@group-25E1222B9B91-LeaderElection94: begin an election at term 1 for -1: [3bec4ab6-b9ad-4cb7-85d8-9f78f5912025|rpc:172.17.0.2:43535|priority:1], old=null
2021-01-11 02:52:57,161 [3bec4ab6-b9ad-4cb7-85d8-9f78f5912025@group-25E1222B9B91-LeaderElection94] INFO  impl.RoleInfo (RoleInfo.java:shutdownLeaderElection(121)) - 3bec4ab6-b9ad-4cb7-85d8-9f78f5912025: shutdown 3bec4ab6-b9ad-4cb7-85d8-9f78f5912025@group-25E1222B9B91-LeaderElection94
2021-01-11 02:52:57,161 [3bec4ab6-b9ad-4cb7-85d8-9f78f5912025@group-25E1222B9B91-LeaderElection94] INFO  server.RaftServer$Division (RaftServerImpl.java:setRole(283)) - 3bec4ab6-b9ad-4cb7-85d8-9f78f5912025@group-25E1222B9B91: changes role from CANDIDATE to LEADER at term 1 for changeToLeader
2021-01-11 02:52:57,162 [3bec4ab6-b9ad-4cb7-85d8-9f78f5912025@group-25E1222B9B91-LeaderElection94] INFO  ratis.XceiverServerRatis (XceiverServerRatis.java:handleLeaderChangedNotification(868)) - Leader change notification received for group: group-25E1222B9B91 with new leaderId: 3bec4ab6-b9ad-4cb7-85d8-9f78f5912025
2021-01-11 02:52:57,162 [3bec4ab6-b9ad-4cb7-85d8-9f78f5912025@group-25E1222B9B91-LeaderElection94] INFO  server.RaftServer$Division (ServerState.java:setLeader(249)) - 3bec4ab6-b9ad-4cb7-85d8-9f78f5912025@group-25E1222B9B91: change Leader from null to 3bec4ab6-b9ad-4cb7-85d8-9f78f5912025 at term 1 for becomeLeader, leader elected after 5059ms
2021-01-11 02:52:57,162 [3bec4ab6-b9ad-4cb7-85d8-9f78f5912025@group-25E1222B9B91-LeaderElection94] INFO  server.RaftServerConfigKeys (ConfUtils.java:logGet(44)) - raft.server.staging.catchup.gap = 1000 (default)
2021-01-11 02:52:57,162 [3bec4ab6-b9ad-4cb7-85d8-9f78f5912025@group-25E1222B9B91-LeaderElection94] INFO  metrics.RatisMetrics (RatisMetrics.java:lambda$create$0(36)) - Creating Metrics Registry : ratis.log_appender.3bec4ab6-b9ad-4cb7-85d8-9f78f5912025@group-25E1222B9B91
2021-01-11 02:52:57,162 [3bec4ab6-b9ad-4cb7-85d8-9f78f5912025@group-25E1222B9B91-LeaderElection94] INFO  server.RaftServerConfigKeys (ConfUtils.java:logGet(44)) - raft.server.write.element-limit = 1024 (custom)
2021-01-11 02:52:57,162 [3bec4ab6-b9ad-4cb7-85d8-9f78f5912025@group-25E1222B9B91-LeaderElection94] INFO  server.RaftServerConfigKeys (ConfUtils.java:logGet(44)) - raft.server.write.byte-limit = 1073741824 (custom)
2021-01-11 02:52:57,163 [3bec4ab6-b9ad-4cb7-85d8-9f78f5912025@group-25E1222B9B91-LeaderElection94] INFO  server.RaftServerConfigKeys (ConfUtils.java:logGet(44)) - raft.server.watch.timeout = 180s (custom)
2021-01-11 02:52:57,163 [3bec4ab6-b9ad-4cb7-85d8-9f78f5912025@group-25E1222B9B91-LeaderElection94] INFO  server.RaftServerConfigKeys (ConfUtils.java:logGet(44)) - raft.server.watch.timeout.denomination = 1s (default)
2021-01-11 02:52:57,163 [3bec4ab6-b9ad-4cb7-85d8-9f78f5912025@group-25E1222B9B91-LeaderElection94] INFO  server.RaftServerConfigKeys (ConfUtils.java:logGet(44)) - raft.server.watch.element-limit = 65536 (default)
2021-01-11 02:52:57,163 [3bec4ab6-b9ad-4cb7-85d8-9f78f5912025@group-25E1222B9B91-LeaderElection94] INFO  impl.RoleInfo (RoleInfo.java:updateAndGet(130)) - 3bec4ab6-b9ad-4cb7-85d8-9f78f5912025: start 3bec4ab6-b9ad-4cb7-85d8-9f78f5912025@group-25E1222B9B91-LeaderStateImpl
2021-01-11 02:52:57,164 [3bec4ab6-b9ad-4cb7-85d8-9f78f5912025@group-25E1222B9B91-LeaderElection94] INFO  segmented.SegmentedRaftLogWorker (SegmentedRaftLogWorker.java:startLogSegment(392)) - 3bec4ab6-b9ad-4cb7-85d8-9f78f5912025@group-25E1222B9B91-SegmentedRaftLogWorker: Starting segment from index:0
2021-01-11 02:52:57,165 [3bec4ab6-b9ad-4cb7-85d8-9f78f5912025@group-25E1222B9B91-LeaderElection94] INFO  server.RaftServer$Division (ServerState.java:setRaftConf(368)) - 3bec4ab6-b9ad-4cb7-85d8-9f78f5912025@group-25E1222B9B91: set configuration 0: [3bec4ab6-b9ad-4cb7-85d8-9f78f5912025|rpc:172.17.0.2:43535|dataStream:|priority:1], old=null
2021-01-11 02:52:57,166 [3bec4ab6-b9ad-4cb7-85d8-9f78f5912025@group-25E1222B9B91-SegmentedRaftLogWorker] INFO  segmented.SegmentedRaftLogWorker (SegmentedRaftLogWorker.java:execute(599)) - 3bec4ab6-b9ad-4cb7-85d8-9f78f5912025@group-25E1222B9B91-SegmentedRaftLogWorker: created new log segment /github/workspace/mnt/ozone/hadoop-ozone/integration-test/target/test-dir/MiniOzoneClusterImpl-135c514c-975b-43bb-8c7a-38bae9c970e3/datanode-2/data/ratis/047ade9b-e175-44a5-b7cb-25e1222b9b91/current/log_inprogress_0
2021-01-11 02:52:57,329 [Command processor thread] INFO  server.RaftServer (RaftServerProxy.java:addNew(95)) - 7bc8cf5a-9dee-415c-92cd-434f849c7ae8: addNew group-92EB30401BFB:[7bc8cf5a-9dee-415c-92cd-434f849c7ae8|rpc:172.17.0.2:35617|priority:1] returns group-92EB30401BFB:java.util.concurrent.CompletableFuture@17753060[Not completed]
2021-01-11 02:52:57,330 [pool-2072-thread-1] INFO  server.RaftServer$Division (RaftServerImpl.java:<init>(179)) - 7bc8cf5a-9dee-415c-92cd-434f849c7ae8: new RaftServerImpl for group-92EB30401BFB:[7bc8cf5a-9dee-415c-92cd-434f849c7ae8|rpc:172.17.0.2:35617|priority:1] with ContainerStateMachine:uninitialized
2021-01-11 02:52:57,331 [pool-2072-thread-1] INFO  server.RaftServerConfigKeys (ConfUtils.java:logGet(44)) - raft.server.rpc.timeout.min = 5s (custom)
2021-01-11 02:52:57,331 [pool-2072-thread-1] INFO  server.RaftServerConfigKeys (ConfUtils.java:logGet(44)) - raft.server.rpc.timeout.max = 5200ms (custom)
2021-01-11 02:52:57,331 [pool-2072-thread-1] INFO  server.RaftServerConfigKeys (ConfUtils.java:logGet(44)) - raft.server.rpc.sleep.time = 25ms (default)
2021-01-11 02:52:57,331 [pool-2072-thread-1] INFO  server.RaftServerConfigKeys (ConfUtils.java:logGet(44)) - raft.server.rpc.slowness.timeout = 300s (custom)
2021-01-11 02:52:57,332 [pool-2072-thread-1] INFO  server.RaftServerConfigKeys (ConfUtils.java:logGet(44)) - raft.server.leaderelection.leader.step-down.wait-time = 10s (default)
2021-01-11 02:52:57,332 [pool-2072-thread-1] INFO  server.RaftServerConfigKeys (ConfUtils.java:logGet(44)) - raft.server.sleep.deviation.threshold = 300ms (default)
2021-01-11 02:52:57,332 [pool-2072-thread-1] INFO  server.RaftServerConfigKeys (ConfUtils.java:logGet(44)) - raft.server.log.appender.install.snapshot.enabled = false (custom)
2021-01-11 02:52:57,332 [pool-2072-thread-1] INFO  server.RaftServer$Division (ServerState.java:<init>(103)) - 7bc8cf5a-9dee-415c-92cd-434f849c7ae8@group-92EB30401BFB: ConfigurationManager, init=-1: [7bc8cf5a-9dee-415c-92cd-434f849c7ae8|rpc:172.17.0.2:35617|priority:1], old=null, confs=<EMPTY_MAP>
2021-01-11 02:52:57,332 [pool-2072-thread-1] INFO  server.RaftServerConfigKeys (ConfUtils.java:logGet(44)) - raft.server.storage.dir = [/github/workspace/mnt/ozone/hadoop-ozone/integration-test/target/test-dir/MiniOzoneClusterImpl-135c514c-975b-43bb-8c7a-38bae9c970e3/datanode-3/data/ratis] (custom)
2021-01-11 02:52:57,332 [pool-2072-thread-1] INFO  server.RaftServerConfigKeys (ConfUtils.java:logGet(44)) - raft.server.log.corruption.policy = EXCEPTION (default)
2021-01-11 02:52:57,332 [pool-2072-thread-1] INFO  storage.RaftStorageDirectory (RaftStorageDirectoryImpl.java:analyzeStorage(132)) - The storage directory /github/workspace/mnt/ozone/hadoop-ozone/integration-test/target/test-dir/MiniOzoneClusterImpl-135c514c-975b-43bb-8c7a-38bae9c970e3/datanode-3/data/ratis/5c8bc239-c0d7-46a3-922b-92eb30401bfb does not exist. Creating ...
2021-01-11 02:52:57,335 [pool-2072-thread-1] INFO  storage.RaftStorageDirectory (RaftStorageDirectoryImpl.java:tryLock(215)) - Lock on /github/workspace/mnt/ozone/hadoop-ozone/integration-test/target/test-dir/MiniOzoneClusterImpl-135c514c-975b-43bb-8c7a-38bae9c970e3/datanode-3/data/ratis/5c8bc239-c0d7-46a3-922b-92eb30401bfb/in_use.lock acquired by nodename 1545@4354df8493ff
2021-01-11 02:52:57,336 [pool-2072-thread-1] INFO  storage.RaftStorage (RaftStorageImpl.java:format(87)) - Storage directory /github/workspace/mnt/ozone/hadoop-ozone/integration-test/target/test-dir/MiniOzoneClusterImpl-135c514c-975b-43bb-8c7a-38bae9c970e3/datanode-3/data/ratis/5c8bc239-c0d7-46a3-922b-92eb30401bfb has been successfully formatted.
2021-01-11 02:52:57,336 [pool-2072-thread-1] INFO  ratis.ContainerStateMachine (ContainerStateMachine.java:loadSnapshot(223)) - group-92EB30401BFB: The snapshot info is null. Setting the last applied indexto:(t:0, i:~)
2021-01-11 02:52:57,336 [pool-2072-thread-1] ERROR storage.RaftStorage (RaftStorageImpl.java:readRaftConfiguration(147)) - Failed reading configuration from file:/github/workspace/mnt/ozone/hadoop-ozone/integration-test/target/test-dir/MiniOzoneClusterImpl-135c514c-975b-43bb-8c7a-38bae9c970e3/datanode-3/data/ratis/5c8bc239-c0d7-46a3-922b-92eb30401bfb/current/raft-meta.conf
java.io.FileNotFoundException: /github/workspace/mnt/ozone/hadoop-ozone/integration-test/target/test-dir/MiniOzoneClusterImpl-135c514c-975b-43bb-8c7a-38bae9c970e3/datanode-3/data/ratis/5c8bc239-c0d7-46a3-922b-92eb30401bfb/current/raft-meta.conf (No such file or directory)
	at java.io.FileInputStream.open0(Native Method)
	at java.io.FileInputStream.open(FileInputStream.java:195)
	at java.io.FileInputStream.<init>(FileInputStream.java:138)
	at org.apache.ratis.server.storage.RaftStorageImpl.readRaftConfiguration(RaftStorageImpl.java:143)
	at org.apache.ratis.server.impl.ServerState.<init>(ServerState.java:113)
	at org.apache.ratis.server.impl.RaftServerImpl.<init>(RaftServerImpl.java:192)
	at org.apache.ratis.server.impl.RaftServerProxy.lambda$newRaftServerImpl$4(RaftServerProxy.java:266)
	at java.util.concurrent.CompletableFuture$AsyncSupply.run(CompletableFuture.java:1604)
	at java.util.concurrent.ThreadPoolExecutor.runWorker(ThreadPoolExecutor.java:1149)
	at java.util.concurrent.ThreadPoolExecutor$Worker.run(ThreadPoolExecutor.java:624)
	at java.lang.Thread.run(Thread.java:748)
2021-01-11 02:52:57,336 [pool-2072-thread-1] INFO  server.RaftServerConfigKeys (ConfUtils.java:logGet(44)) - raft.server.notification.no-leader.timeout = 300s (custom)
2021-01-11 02:52:57,336 [pool-2072-thread-1] INFO  server.RaftServerConfigKeys (ConfUtils.java:logGet(44)) - raft.server.log.use.memory = false (default)
2021-01-11 02:52:57,336 [pool-2072-thread-1] INFO  server.RaftServerConfigKeys (ConfUtils.java:logGet(44)) - raft.server.log.purge.gap = 1000000 (custom)
2021-01-11 02:52:57,337 [pool-2072-thread-1] INFO  server.RaftServerConfigKeys (ConfUtils.java:logGet(44)) - raft.server.log.appender.buffer.byte-limit = 33554432 (custom)
2021-01-11 02:52:57,337 [pool-2072-thread-1] INFO  metrics.RatisMetrics (RatisMetrics.java:lambda$create$0(36)) - Creating Metrics Registry : ratis.log_worker.7bc8cf5a-9dee-415c-92cd-434f849c7ae8@group-92EB30401BFB
2021-01-11 02:52:57,337 [EventQueue-PipelineReportForPipelineReportHandler] INFO  pipeline.PipelineStateManager (PipelineStateManager.java:openPipeline(132)) - Pipeline Pipeline[ Id: 5c8bc239-c0d7-46a3-922b-92eb30401bfb, Nodes: 7bc8cf5a-9dee-415c-92cd-434f849c7ae8{ip: 172.17.0.2, host: 4354df8493ff, networkLocation: /default-rack, certSerialId: null, persistedOpState: IN_SERVICE, persistedOpStateExpiryEpochSec: 0}, Type:RATIS, Factor:ONE, State:ALLOCATED, leaderId:7bc8cf5a-9dee-415c-92cd-434f849c7ae8, CreationTimestamp2021-01-11T02:52:54.331Z] moved to OPEN state
2021-01-11 02:52:57,339 [pool-2072-thread-1] INFO  server.RaftServerConfigKeys (ConfUtils.java:logGet(44)) - raft.server.log.segment.size.max = 1048576 (custom)
2021-01-11 02:52:57,341 [pool-2072-thread-1] INFO  server.RaftServerConfigKeys (ConfUtils.java:logGet(44)) - raft.server.log.segment.cache.num.max = 2 (custom)
2021-01-11 02:52:57,341 [pool-2072-thread-1] INFO  server.RaftServerConfigKeys (ConfUtils.java:logGet(44)) - raft.server.log.segment.cache.size.max = 200MB (=209715200) (default)
2021-01-11 02:52:57,341 [pool-2072-thread-1] INFO  segmented.SegmentedRaftLogWorker (SegmentedRaftLogWorker.java:<init>(181)) - new 7bc8cf5a-9dee-415c-92cd-434f849c7ae8@group-92EB30401BFB-SegmentedRaftLogWorker for RaftStorageImpl:Storage Directory /github/workspace/mnt/ozone/hadoop-ozone/integration-test/target/test-dir/MiniOzoneClusterImpl-135c514c-975b-43bb-8c7a-38bae9c970e3/datanode-3/data/ratis/5c8bc239-c0d7-46a3-922b-92eb30401bfb
2021-01-11 02:52:57,341 [pool-2072-thread-1] INFO  server.RaftServerConfigKeys (ConfUtils.java:logGet(44)) - raft.server.log.queue.byte-limit = 2147483647 (custom)
2021-01-11 02:52:57,341 [pool-2072-thread-1] INFO  server.RaftServerConfigKeys (ConfUtils.java:logGet(44)) - raft.server.log.queue.element-limit = 1024 (custom)
2021-01-11 02:52:57,341 [pool-2072-thread-1] INFO  server.RaftServerConfigKeys (ConfUtils.java:logGet(44)) - raft.server.log.segment.size.max = 1048576 (custom)
2021-01-11 02:52:57,341 [pool-2072-thread-1] INFO  server.RaftServerConfigKeys (ConfUtils.java:logGet(44)) - raft.server.log.preallocated.size = 16384 (custom)
2021-01-11 02:52:57,341 [pool-2072-thread-1] INFO  server.RaftServerConfigKeys (ConfUtils.java:logGet(44)) - raft.server.log.force.sync.num = 128 (default)
2021-01-11 02:52:57,341 [pool-2072-thread-1] INFO  server.RaftServerConfigKeys (ConfUtils.java:logGet(44)) - raft.server.log.statemachine.data.sync = true (default)
2021-01-11 02:52:57,341 [pool-2072-thread-1] INFO  server.RaftServerConfigKeys (ConfUtils.java:logGet(44)) - raft.server.log.statemachine.data.sync.timeout = 10s (default)
2021-01-11 02:52:57,341 [pool-2072-thread-1] INFO  server.RaftServerConfigKeys (ConfUtils.java:logGet(44)) - raft.server.log.statemachine.data.sync.timeout.retry = -1 (default)
2021-01-11 02:52:57,343 [pool-2072-thread-1] INFO  server.RaftServerConfigKeys (ConfUtils.java:logGet(44)) - raft.server.log.write.buffer.size = 1048576 (custom)
2021-01-11 02:52:57,344 [pool-2072-thread-1] INFO  server.RaftServerConfigKeys (ConfUtils.java:logGet(44)) - raft.server.log.statemachine.data.caching.enabled = true (custom)
2021-01-11 02:52:57,344 [pool-2072-thread-1] INFO  segmented.SegmentedRaftLogWorker (SegmentedRaftLogWorker.java:lambda$new$0(132)) - 7bc8cf5a-9dee-415c-92cd-434f849c7ae8@group-92EB30401BFB-SegmentedRaftLogWorker: flushIndex: setUnconditionally 0 -> -1
2021-01-11 02:52:57,344 [pool-2072-thread-1] INFO  segmented.SegmentedRaftLogWorker (SegmentedRaftLogWorker.java:lambda$new$0(132)) - 7bc8cf5a-9dee-415c-92cd-434f849c7ae8@group-92EB30401BFB-SegmentedRaftLogWorker: safeCacheEvictIndex: setUnconditionally 0 -> -1
2021-01-11 02:52:57,344 [pool-2072-thread-1] INFO  server.RaftServerConfigKeys (ConfUtils.java:logGet(44)) - raft.server.snapshot.auto.trigger.enabled = true (custom)
2021-01-11 02:52:57,344 [pool-2072-thread-1] INFO  server.RaftServerConfigKeys (ConfUtils.java:logGet(44)) - raft.server.snapshot.auto.trigger.threshold = 10000 (custom)
2021-01-11 02:52:57,344 [pool-2072-thread-1] INFO  server.RaftServerConfigKeys (ConfUtils.java:logGet(44)) - raft.server.snapshot.retention.file.num = 5 (custom)
2021-01-11 02:52:57,344 [pool-2072-thread-1] INFO  server.RaftServerConfigKeys (ConfUtils.java:logGet(44)) - raft.server.log.purge.upto.snapshot.index = false (default)
2021-01-11 02:52:57,344 [pool-2072-thread-1] INFO  server.RaftServerConfigKeys (ConfUtils.java:logGet(44)) - raft.server.retrycache.expirytime = 600000ms (custom)
2021-01-11 02:52:57,344 [pool-2072-thread-1] INFO  server.RaftServerConfigKeys (ConfUtils.java:logGet(44)) - raft.server.retrycache.statistics.expirytime = 100?s (default)
2021-01-11 02:52:57,345 [pool-2072-thread-1] INFO  metrics.RatisMetrics (RatisMetrics.java:lambda$create$0(36)) - Creating Metrics Registry : ratis.leader_election.7bc8cf5a-9dee-415c-92cd-434f849c7ae8@group-92EB30401BFB
2021-01-11 02:52:57,345 [pool-2072-thread-1] INFO  metrics.RatisMetrics (RatisMetrics.java:lambda$create$0(36)) - Creating Metrics Registry : ratis.server.7bc8cf5a-9dee-415c-92cd-434f849c7ae8@group-92EB30401BFB
2021-01-11 02:52:57,348 [pool-2072-thread-1] INFO  server.RaftServer$Division (RaftServerImpl.java:start(294)) - 7bc8cf5a-9dee-415c-92cd-434f849c7ae8@group-92EB30401BFB: start as a follower, conf=-1: [7bc8cf5a-9dee-415c-92cd-434f849c7ae8|rpc:172.17.0.2:35617|priority:1], old=null
2021-01-11 02:52:57,348 [pool-2072-thread-1] INFO  server.RaftServer$Division (RaftServerImpl.java:setRole(283)) - 7bc8cf5a-9dee-415c-92cd-434f849c7ae8@group-92EB30401BFB: changes role from      null to FOLLOWER at term 0 for startAsFollower
2021-01-11 02:52:57,348 [pool-2072-thread-1] INFO  impl.RoleInfo (RoleInfo.java:updateAndGet(130)) - 7bc8cf5a-9dee-415c-92cd-434f849c7ae8: start 7bc8cf5a-9dee-415c-92cd-434f849c7ae8@group-92EB30401BFB-FollowerState
2021-01-11 02:52:57,348 [pool-2072-thread-1] INFO  util.JmxRegister (JmxRegister.java:tryRegister(44)) - Successfully registered JMX Bean with object name Ratis:service=RaftServer,group=group-92EB30401BFB,id=7bc8cf5a-9dee-415c-92cd-434f849c7ae8
2021-01-11 02:52:57,348 [pool-2072-thread-1] INFO  metrics.RatisMetrics (RatisMetrics.java:lambda$create$0(36)) - Creating Metrics Registry : ratis.state_machine.7bc8cf5a-9dee-415c-92cd-434f849c7ae8@group-92EB30401BFB
2021-01-11 02:52:57,349 [Command processor thread] INFO  commandhandler.CreatePipelineCommandHandler (CreatePipelineCommandHandler.java:handle(106)) - Created Pipeline RATIS ONE PipelineID=5c8bc239-c0d7-46a3-922b-92eb30401bfb.
2021-01-11 02:52:58,948 [EventQueue-Delayed safe mode statusForReplicationManager] INFO  container.ReplicationManager (ReplicationManager.java:start(186)) - Starting Replication Monitor Thread.
2021-01-11 02:52:58,950 [ReplicationMonitor] INFO  container.ReplicationManager (ReplicationManager.java:run(250)) - Replication Monitor Thread took 0 milliseconds for processing 0 containers.
2021-01-11 02:52:59,950 [ReplicationMonitor] INFO  container.ReplicationManager (ReplicationManager.java:run(250)) - Replication Monitor Thread took 0 milliseconds for processing 0 containers.
2021-01-11 02:53:00,951 [ReplicationMonitor] INFO  container.ReplicationManager (ReplicationManager.java:run(250)) - Replication Monitor Thread took 0 milliseconds for processing 0 containers.
2021-01-11 02:53:01,951 [ReplicationMonitor] INFO  container.ReplicationManager (ReplicationManager.java:run(250)) - Replication Monitor Thread took 0 milliseconds for processing 0 containers.
2021-01-11 02:53:02,470 [Thread-6083] INFO  impl.FollowerState (FollowerState.java:run(133)) - 7bc8cf5a-9dee-415c-92cd-434f849c7ae8@group-92EB30401BFB-FollowerState: change to CANDIDATE, lastRpcElapsedTime:5122396821ns, electionTimeout:5122ms
2021-01-11 02:53:02,471 [Thread-6083] INFO  impl.RoleInfo (RoleInfo.java:shutdownFollowerState(108)) - 7bc8cf5a-9dee-415c-92cd-434f849c7ae8: shutdown 7bc8cf5a-9dee-415c-92cd-434f849c7ae8@group-92EB30401BFB-FollowerState
2021-01-11 02:53:02,471 [Thread-6083] INFO  server.RaftServer$Division (RaftServerImpl.java:setRole(283)) - 7bc8cf5a-9dee-415c-92cd-434f849c7ae8@group-92EB30401BFB: changes role from  FOLLOWER to CANDIDATE at term 0 for changeToCandidate
2021-01-11 02:53:02,471 [Thread-6083] INFO  impl.RoleInfo (RoleInfo.java:updateAndGet(130)) - 7bc8cf5a-9dee-415c-92cd-434f849c7ae8: start 7bc8cf5a-9dee-415c-92cd-434f849c7ae8@group-92EB30401BFB-LeaderElection95
2021-01-11 02:53:02,473 [7bc8cf5a-9dee-415c-92cd-434f849c7ae8@group-92EB30401BFB-LeaderElection95] INFO  impl.LeaderElection (LeaderElection.java:askForPreVotes(259)) - 7bc8cf5a-9dee-415c-92cd-434f849c7ae8@group-92EB30401BFB-LeaderElection95: begin a pre-vote at term 0 for -1: [7bc8cf5a-9dee-415c-92cd-434f849c7ae8|rpc:172.17.0.2:35617|priority:1], old=null
2021-01-11 02:53:02,473 [7bc8cf5a-9dee-415c-92cd-434f849c7ae8@group-92EB30401BFB-LeaderElection95] INFO  impl.LeaderElection (LeaderElection.java:askForPreVotes(261)) - 7bc8cf5a-9dee-415c-92cd-434f849c7ae8@group-92EB30401BFB-LeaderElection95 pre-vote result is PASSED.
2021-01-11 02:53:02,477 [7bc8cf5a-9dee-415c-92cd-434f849c7ae8@group-92EB30401BFB-LeaderElection95] INFO  impl.LeaderElection (LeaderElection.java:askForVotes(308)) - 7bc8cf5a-9dee-415c-92cd-434f849c7ae8@group-92EB30401BFB-LeaderElection95: begin an election at term 1 for -1: [7bc8cf5a-9dee-415c-92cd-434f849c7ae8|rpc:172.17.0.2:35617|priority:1], old=null
2021-01-11 02:53:02,478 [7bc8cf5a-9dee-415c-92cd-434f849c7ae8@group-92EB30401BFB-LeaderElection95] INFO  impl.RoleInfo (RoleInfo.java:shutdownLeaderElection(121)) - 7bc8cf5a-9dee-415c-92cd-434f849c7ae8: shutdown 7bc8cf5a-9dee-415c-92cd-434f849c7ae8@group-92EB30401BFB-LeaderElection95
2021-01-11 02:53:02,478 [7bc8cf5a-9dee-415c-92cd-434f849c7ae8@group-92EB30401BFB-LeaderElection95] INFO  server.RaftServer$Division (RaftServerImpl.java:setRole(283)) - 7bc8cf5a-9dee-415c-92cd-434f849c7ae8@group-92EB30401BFB: changes role from CANDIDATE to LEADER at term 1 for changeToLeader
2021-01-11 02:53:02,478 [7bc8cf5a-9dee-415c-92cd-434f849c7ae8@group-92EB30401BFB-LeaderElection95] INFO  ratis.XceiverServerRatis (XceiverServerRatis.java:handleLeaderChangedNotification(868)) - Leader change notification received for group: group-92EB30401BFB with new leaderId: 7bc8cf5a-9dee-415c-92cd-434f849c7ae8
2021-01-11 02:53:02,478 [7bc8cf5a-9dee-415c-92cd-434f849c7ae8@group-92EB30401BFB-LeaderElection95] INFO  server.RaftServer$Division (ServerState.java:setLeader(249)) - 7bc8cf5a-9dee-415c-92cd-434f849c7ae8@group-92EB30401BFB: change Leader from null to 7bc8cf5a-9dee-415c-92cd-434f849c7ae8 at term 1 for becomeLeader, leader elected after 5141ms
2021-01-11 02:53:02,478 [7bc8cf5a-9dee-415c-92cd-434f849c7ae8@group-92EB30401BFB-LeaderElection95] INFO  server.RaftServerConfigKeys (ConfUtils.java:logGet(44)) - raft.server.staging.catchup.gap = 1000 (default)
2021-01-11 02:53:02,478 [7bc8cf5a-9dee-415c-92cd-434f849c7ae8@group-92EB30401BFB-LeaderElection95] INFO  metrics.RatisMetrics (RatisMetrics.java:lambda$create$0(36)) - Creating Metrics Registry : ratis.log_appender.7bc8cf5a-9dee-415c-92cd-434f849c7ae8@group-92EB30401BFB
2021-01-11 02:53:02,478 [7bc8cf5a-9dee-415c-92cd-434f849c7ae8@group-92EB30401BFB-LeaderElection95] INFO  server.RaftServerConfigKeys (ConfUtils.java:logGet(44)) - raft.server.write.element-limit = 1024 (custom)
2021-01-11 02:53:02,479 [7bc8cf5a-9dee-415c-92cd-434f849c7ae8@group-92EB30401BFB-LeaderElection95] INFO  server.RaftServerConfigKeys (ConfUtils.java:logGet(44)) - raft.server.write.byte-limit = 1073741824 (custom)
2021-01-11 02:53:02,479 [7bc8cf5a-9dee-415c-92cd-434f849c7ae8@group-92EB30401BFB-LeaderElection95] INFO  server.RaftServerConfigKeys (ConfUtils.java:logGet(44)) - raft.server.watch.timeout = 180s (custom)
2021-01-11 02:53:02,479 [7bc8cf5a-9dee-415c-92cd-434f849c7ae8@group-92EB30401BFB-LeaderElection95] INFO  server.RaftServerConfigKeys (ConfUtils.java:logGet(44)) - raft.server.watch.timeout.denomination = 1s (default)
2021-01-11 02:53:02,479 [7bc8cf5a-9dee-415c-92cd-434f849c7ae8@group-92EB30401BFB-LeaderElection95] INFO  server.RaftServerConfigKeys (ConfUtils.java:logGet(44)) - raft.server.watch.element-limit = 65536 (default)
2021-01-11 02:53:02,479 [7bc8cf5a-9dee-415c-92cd-434f849c7ae8@group-92EB30401BFB-LeaderElection95] INFO  impl.RoleInfo (RoleInfo.java:updateAndGet(130)) - 7bc8cf5a-9dee-415c-92cd-434f849c7ae8: start 7bc8cf5a-9dee-415c-92cd-434f849c7ae8@group-92EB30401BFB-LeaderStateImpl
2021-01-11 02:53:02,480 [7bc8cf5a-9dee-415c-92cd-434f849c7ae8@group-92EB30401BFB-LeaderElection95] INFO  segmented.SegmentedRaftLogWorker (SegmentedRaftLogWorker.java:startLogSegment(392)) - 7bc8cf5a-9dee-415c-92cd-434f849c7ae8@group-92EB30401BFB-SegmentedRaftLogWorker: Starting segment from index:0
2021-01-11 02:53:02,481 [7bc8cf5a-9dee-415c-92cd-434f849c7ae8@group-92EB30401BFB-SegmentedRaftLogWorker] INFO  segmented.SegmentedRaftLogWorker (SegmentedRaftLogWorker.java:execute(599)) - 7bc8cf5a-9dee-415c-92cd-434f849c7ae8@group-92EB30401BFB-SegmentedRaftLogWorker: created new log segment /github/workspace/mnt/ozone/hadoop-ozone/integration-test/target/test-dir/MiniOzoneClusterImpl-135c514c-975b-43bb-8c7a-38bae9c970e3/datanode-3/data/ratis/5c8bc239-c0d7-46a3-922b-92eb30401bfb/current/log_inprogress_0
2021-01-11 02:53:02,484 [7bc8cf5a-9dee-415c-92cd-434f849c7ae8@group-92EB30401BFB-LeaderElection95] INFO  server.RaftServer$Division (ServerState.java:setRaftConf(368)) - 7bc8cf5a-9dee-415c-92cd-434f849c7ae8@group-92EB30401BFB: set configuration 0: [7bc8cf5a-9dee-415c-92cd-434f849c7ae8|rpc:172.17.0.2:35617|dataStream:|priority:1], old=null
2021-01-11 02:53:02,951 [ReplicationMonitor] INFO  container.ReplicationManager (ReplicationManager.java:run(250)) - Replication Monitor Thread took 0 milliseconds for processing 0 containers.
2021-01-11 02:53:03,951 [ReplicationMonitor] INFO  container.ReplicationManager (ReplicationManager.java:run(250)) - Replication Monitor Thread took 0 milliseconds for processing 0 containers.
2021-01-11 02:53:04,952 [ReplicationMonitor] INFO  container.ReplicationManager (ReplicationManager.java:run(250)) - Replication Monitor Thread took 0 milliseconds for processing 0 containers.
2021-01-11 02:53:05,503 [Listener at 127.0.0.1/36003] INFO  http.BaseHttpServer (BaseHttpServer.java:updateConnectorAddress(327)) - HTTP server of hddsDatanode listening at http://0.0.0.0:35157
2021-01-11 02:53:05,504 [Listener at 127.0.0.1/36003] INFO  impl.MetricsSystemImpl (MetricsSystemImpl.java:init(158)) - HddsDatanode metrics system started (again)
2021-01-11 02:53:05,507 [Listener at 127.0.0.1/36003] INFO  ozone.HddsDatanodeService (HddsDatanodeService.java:start(215)) - HddsDatanodeService host:4354df8493ff ip:172.17.0.2
2021-01-11 02:53:05,508 [Listener at 127.0.0.1/36003] INFO  volume.HddsVolume (HddsVolume.java:<init>(176)) - Creating Volume: /github/workspace/mnt/ozone/hadoop-ozone/integration-test/target/test-dir/MiniOzoneClusterImpl-135c514c-975b-43bb-8c7a-38bae9c970e3/datanode-5/data-0/containers/hdds of storage type : DISK and capacity : 9223372036854775807
2021-01-11 02:53:05,508 [Listener at 127.0.0.1/36003] INFO  volume.MutableVolumeSet (MutableVolumeSet.java:initializeVolumeSet(179)) - Added Volume : /github/workspace/mnt/ozone/hadoop-ozone/integration-test/target/test-dir/MiniOzoneClusterImpl-135c514c-975b-43bb-8c7a-38bae9c970e3/datanode-5/data-0/containers/hdds to VolumeSet
2021-01-11 02:53:05,508 [Listener at 127.0.0.1/36003] INFO  volume.ThrottledAsyncChecker (ThrottledAsyncChecker.java:schedule(141)) - Scheduling a check for /github/workspace/mnt/ozone/hadoop-ozone/integration-test/target/test-dir/MiniOzoneClusterImpl-135c514c-975b-43bb-8c7a-38bae9c970e3/datanode-5/data-0/containers/hdds
2021-01-11 02:53:05,513 [org.apache.hadoop.util.JvmPauseMonitor$Monitor@4ae12ed6] INFO  util.JvmPauseMonitor (JvmPauseMonitor.java:run(188)) - Starting JVM pause monitor
2021-01-11 02:53:05,513 [Listener at 127.0.0.1/36003] INFO  volume.HddsVolumeChecker (HddsVolumeChecker.java:checkAllVolumes(200)) - Scheduled health check for volume /github/workspace/mnt/ozone/hadoop-ozone/integration-test/target/test-dir/MiniOzoneClusterImpl-135c514c-975b-43bb-8c7a-38bae9c970e3/datanode-5/data-0/containers/hdds
2021-01-11 02:53:05,524 [Datanode State Machine Task Thread - 0] INFO  datanode.InitDatanodeState (InitDatanodeState.java:persistContainerDatanodeDetails(145)) - DatanodeDetails is persisted to /github/workspace/mnt/ozone/hadoop-ozone/integration-test/target/test-dir/MiniOzoneClusterImpl-135c514c-975b-43bb-8c7a-38bae9c970e3/datanode-4/meta/datanode.id
2021-01-11 02:53:05,528 [Thread-6095] INFO  ozoneimpl.ContainerReader (ContainerReader.java:readVolume(123)) - Start to verify containers on volume /github/workspace/mnt/ozone/hadoop-ozone/integration-test/target/test-dir/MiniOzoneClusterImpl-135c514c-975b-43bb-8c7a-38bae9c970e3/datanode-5/data-0/containers/hdds
2021-01-11 02:53:05,528 [Thread-6095] INFO  ozoneimpl.ContainerReader (ContainerReader.java:readVolume(148)) - Finish verifying containers on volume /github/workspace/mnt/ozone/hadoop-ozone/integration-test/target/test-dir/MiniOzoneClusterImpl-135c514c-975b-43bb-8c7a-38bae9c970e3/datanode-5/data-0/containers/hdds
2021-01-11 02:53:05,528 [Listener at 127.0.0.1/36003] INFO  ozoneimpl.OzoneContainer (OzoneContainer.java:buildContainerSet(206)) - Build ContainerSet costs 0s
2021-01-11 02:53:05,529 [Listener at 127.0.0.1/36003] INFO  server.RaftServer (ConfUtils.java:logGet(44)) - raft.rpc.type = GRPC (default)
2021-01-11 02:53:05,529 [Listener at 127.0.0.1/36003] INFO  grpc.GrpcFactory (GrpcFactory.java:checkPooledByteBufAllocatorUseCacheForAllThreads(48)) - PERFORMANCE WARNING: useCacheForAllThreads is true that may cause Netty to create a lot garbage objects and, as a result, trigger GC.
	It is recommended to disable useCacheForAllThreads by setting -Dorg.apache.ratis.thirdparty.io.netty.allocator.useCacheForAllThreads=false in command line.
2021-01-11 02:53:05,529 [Listener at 127.0.0.1/36003] INFO  grpc.GrpcConfigKeys (ConfUtils.java:logGet(44)) - raft.grpc.server.port = 0 (default)
2021-01-11 02:53:05,530 [Listener at 127.0.0.1/36003] INFO  server.GrpcService (ConfUtils.java:logGet(44)) - raft.grpc.message.size.max = 32MB (=33554432) (custom)
2021-01-11 02:53:05,530 [Listener at 127.0.0.1/36003] INFO  server.RaftServerConfigKeys (ConfUtils.java:logGet(44)) - raft.server.log.appender.buffer.byte-limit = 33554432 (custom)
2021-01-11 02:53:05,530 [Listener at 127.0.0.1/36003] INFO  server.GrpcService (ConfUtils.java:logGet(44)) - raft.grpc.flow.control.window = 5MB (=5242880) (custom)
2021-01-11 02:53:05,530 [Listener at 127.0.0.1/36003] INFO  server.RaftServerConfigKeys (ConfUtils.java:logGet(44)) - raft.server.rpc.request.timeout = 60s (custom)
2021-01-11 02:53:05,531 [Listener at 127.0.0.1/36003] INFO  impl.DataStreamServerImpl (ConfUtils.java:logGet(44)) - raft.datastream.type = DISABLED (default)
2021-01-11 02:53:05,531 [Listener at 127.0.0.1/36003] INFO  server.RaftServerConfigKeys (ConfUtils.java:logGet(44)) - raft.server.rpc.slowness.timeout = 300s (custom)
2021-01-11 02:53:05,531 [Listener at 127.0.0.1/36003] INFO  server.RaftServerConfigKeys (ConfUtils.java:logGet(44)) - raft.server.leaderelection.leader.step-down.wait-time = 10s (default)
2021-01-11 02:53:05,531 [Listener at 127.0.0.1/36003] INFO  server.RaftServerConfigKeys (ConfUtils.java:logGet(44)) - raft.server.storage.dir = [/github/workspace/mnt/ozone/hadoop-ozone/integration-test/target/test-dir/MiniOzoneClusterImpl-135c514c-975b-43bb-8c7a-38bae9c970e3/datanode-5/data/ratis] (custom)
2021-01-11 02:53:05,952 [ReplicationMonitor] INFO  container.ReplicationManager (ReplicationManager.java:run(250)) - Replication Monitor Thread took 0 milliseconds for processing 0 containers.
2021-01-11 02:53:06,952 [ReplicationMonitor] INFO  container.ReplicationManager (ReplicationManager.java:run(250)) - Replication Monitor Thread took 0 milliseconds for processing 0 containers.
2021-01-11 02:53:07,515 [EndpointStateMachine task thread for /0.0.0.0:40965 - 0 ] INFO  ozoneimpl.OzoneContainer (OzoneContainer.java:start(255)) - Attempting to start container services.
2021-01-11 02:53:07,515 [EndpointStateMachine task thread for /0.0.0.0:40965 - 0 ] INFO  ozoneimpl.OzoneContainer (OzoneContainer.java:startContainerScrub(219)) - Background container scanner has been disabled.
2021-01-11 02:53:07,516 [EndpointStateMachine task thread for /0.0.0.0:40965 - 0 ] INFO  replication.ReplicationServer (ReplicationServer.java:start(111)) - ReplicationServer is started using port 34803
2021-01-11 02:53:07,516 [EndpointStateMachine task thread for /0.0.0.0:40965 - 0 ] INFO  ratis.XceiverServerRatis (XceiverServerRatis.java:start(455)) - Starting XceiverServerRatis d73afb6e-2f04-46f5-9d60-67fd948fc3fc at port 0
2021-01-11 02:53:07,517 [EndpointStateMachine task thread for /0.0.0.0:40965 - 0 ] INFO  server.RaftServer (RaftServerProxy.java:lambda$start$5(372)) - d73afb6e-2f04-46f5-9d60-67fd948fc3fc: start RPC server
2021-01-11 02:53:07,517 [EndpointStateMachine task thread for /0.0.0.0:40965 - 0 ] INFO  server.GrpcService (GrpcService.java:startImpl(176)) - d73afb6e-2f04-46f5-9d60-67fd948fc3fc: GrpcService started, listening on 0.0.0.0/0.0.0.0:32999
2021-01-11 02:53:07,518 [EndpointStateMachine task thread for /0.0.0.0:40965 - 0 ] INFO  ratis.XceiverServerRatis (XceiverServerRatis.java:start(467)) - XceiverServerRatis d73afb6e-2f04-46f5-9d60-67fd948fc3fc is started using port 32999
2021-01-11 02:53:07,518 [org.apache.ratis.util.JvmPauseMonitor$$Lambda$220/1349812019@714835b8] INFO  util.JvmPauseMonitor (JvmPauseMonitor.java:run(103)) - JvmPauseMonitor-d73afb6e-2f04-46f5-9d60-67fd948fc3fc: Started
2021-01-11 02:53:07,520 [EndpointStateMachine task thread for /0.0.0.0:40965 - 0 ] INFO  server.XceiverServerGrpc (XceiverServerGrpc.java:start(139)) - XceiverServerGrpc d73afb6e-2f04-46f5-9d60-67fd948fc3fc is started using port 35737
2021-01-11 02:53:07,953 [ReplicationMonitor] INFO  container.ReplicationManager (ReplicationManager.java:run(250)) - Replication Monitor Thread took 0 milliseconds for processing 0 containers.
2021-01-11 02:53:08,953 [ReplicationMonitor] INFO  container.ReplicationManager (ReplicationManager.java:run(250)) - Replication Monitor Thread took 0 milliseconds for processing 0 containers.
2021-01-11 02:53:09,514 [IPC Server handler 12 on default port 40965] INFO  net.NetworkTopologyImpl (NetworkTopologyImpl.java:add(111)) - Added a new node: /default-rack/d73afb6e-2f04-46f5-9d60-67fd948fc3fc
2021-01-11 02:53:09,514 [IPC Server handler 12 on default port 40965] INFO  node.SCMNodeManager (SCMNodeManager.java:register(341)) - Registered Data node : d73afb6e-2f04-46f5-9d60-67fd948fc3fc{ip: 172.17.0.2, host: 4354df8493ff, networkLocation: /default-rack, certSerialId: null, persistedOpState: IN_SERVICE, persistedOpStateExpiryEpochSec: 0}
2021-01-11 02:53:09,517 [RatisPipelineUtilsThread] INFO  pipeline.RatisPipelineProvider (RatisPipelineProvider.java:lambda$create$0(161)) - Sending CreatePipelineCommand for pipeline:PipelineID=f34c2d44-d538-4df5-801b-69fb64b773cf to datanode:d73afb6e-2f04-46f5-9d60-67fd948fc3fc
2021-01-11 02:53:09,517 [RatisPipelineUtilsThread] INFO  pipeline.PipelineStateManager (PipelineStateManager.java:addPipeline(54)) - Created pipeline Pipeline[ Id: f34c2d44-d538-4df5-801b-69fb64b773cf, Nodes: d73afb6e-2f04-46f5-9d60-67fd948fc3fc{ip: 172.17.0.2, host: 4354df8493ff, networkLocation: /default-rack, certSerialId: null, persistedOpState: IN_SERVICE, persistedOpStateExpiryEpochSec: 0}, Type:RATIS, Factor:ONE, State:ALLOCATED, leaderId:, CreationTimestamp2021-01-11T02:53:09.517Z]
2021-01-11 02:53:09,953 [ReplicationMonitor] INFO  container.ReplicationManager (ReplicationManager.java:run(250)) - Replication Monitor Thread took 0 milliseconds for processing 0 containers.
2021-01-11 02:53:10,953 [ReplicationMonitor] INFO  container.ReplicationManager (ReplicationManager.java:run(250)) - Replication Monitor Thread took 0 milliseconds for processing 0 containers.
2021-01-11 02:53:11,953 [ReplicationMonitor] INFO  container.ReplicationManager (ReplicationManager.java:run(250)) - Replication Monitor Thread took 0 milliseconds for processing 0 containers.
2021-01-11 02:53:12,513 [Command processor thread] INFO  server.RaftServer (RaftServerProxy.java:addNew(95)) - d73afb6e-2f04-46f5-9d60-67fd948fc3fc: addNew group-69FB64B773CF:[d73afb6e-2f04-46f5-9d60-67fd948fc3fc|rpc:172.17.0.2:32999|priority:1] returns group-69FB64B773CF:java.util.concurrent.CompletableFuture@17bfe978[Not completed]
2021-01-11 02:53:12,514 [pool-2088-thread-1] INFO  server.RaftServer$Division (RaftServerImpl.java:<init>(179)) - d73afb6e-2f04-46f5-9d60-67fd948fc3fc: new RaftServerImpl for group-69FB64B773CF:[d73afb6e-2f04-46f5-9d60-67fd948fc3fc|rpc:172.17.0.2:32999|priority:1] with ContainerStateMachine:uninitialized
2021-01-11 02:53:12,515 [pool-2088-thread-1] INFO  server.RaftServerConfigKeys (ConfUtils.java:logGet(44)) - raft.server.rpc.timeout.min = 5s (custom)
2021-01-11 02:53:12,515 [pool-2088-thread-1] INFO  server.RaftServerConfigKeys (ConfUtils.java:logGet(44)) - raft.server.rpc.timeout.max = 5200ms (custom)
2021-01-11 02:53:12,515 [pool-2088-thread-1] INFO  server.RaftServerConfigKeys (ConfUtils.java:logGet(44)) - raft.server.rpc.sleep.time = 25ms (default)
2021-01-11 02:53:12,515 [pool-2088-thread-1] INFO  server.RaftServerConfigKeys (ConfUtils.java:logGet(44)) - raft.server.rpc.slowness.timeout = 300s (custom)
2021-01-11 02:53:12,515 [pool-2088-thread-1] INFO  server.RaftServerConfigKeys (ConfUtils.java:logGet(44)) - raft.server.leaderelection.leader.step-down.wait-time = 10s (default)
2021-01-11 02:53:12,516 [pool-2088-thread-1] INFO  server.RaftServerConfigKeys (ConfUtils.java:logGet(44)) - raft.server.sleep.deviation.threshold = 300ms (default)
2021-01-11 02:53:12,516 [pool-2088-thread-1] INFO  server.RaftServerConfigKeys (ConfUtils.java:logGet(44)) - raft.server.log.appender.install.snapshot.enabled = false (custom)
2021-01-11 02:53:12,516 [pool-2088-thread-1] INFO  server.RaftServer$Division (ServerState.java:<init>(103)) - d73afb6e-2f04-46f5-9d60-67fd948fc3fc@group-69FB64B773CF: ConfigurationManager, init=-1: [d73afb6e-2f04-46f5-9d60-67fd948fc3fc|rpc:172.17.0.2:32999|priority:1], old=null, confs=<EMPTY_MAP>
2021-01-11 02:53:12,516 [pool-2088-thread-1] INFO  server.RaftServerConfigKeys (ConfUtils.java:logGet(44)) - raft.server.storage.dir = [/github/workspace/mnt/ozone/hadoop-ozone/integration-test/target/test-dir/MiniOzoneClusterImpl-135c514c-975b-43bb-8c7a-38bae9c970e3/datanode-4/data/ratis] (custom)
2021-01-11 02:53:12,516 [pool-2088-thread-1] INFO  server.RaftServerConfigKeys (ConfUtils.java:logGet(44)) - raft.server.log.corruption.policy = EXCEPTION (default)
2021-01-11 02:53:12,516 [pool-2088-thread-1] INFO  storage.RaftStorageDirectory (RaftStorageDirectoryImpl.java:analyzeStorage(132)) - The storage directory /github/workspace/mnt/ozone/hadoop-ozone/integration-test/target/test-dir/MiniOzoneClusterImpl-135c514c-975b-43bb-8c7a-38bae9c970e3/datanode-4/data/ratis/f34c2d44-d538-4df5-801b-69fb64b773cf does not exist. Creating ...
2021-01-11 02:53:12,517 [pool-2088-thread-1] INFO  storage.RaftStorageDirectory (RaftStorageDirectoryImpl.java:tryLock(215)) - Lock on /github/workspace/mnt/ozone/hadoop-ozone/integration-test/target/test-dir/MiniOzoneClusterImpl-135c514c-975b-43bb-8c7a-38bae9c970e3/datanode-4/data/ratis/f34c2d44-d538-4df5-801b-69fb64b773cf/in_use.lock acquired by nodename 1545@4354df8493ff
2021-01-11 02:53:12,518 [pool-2088-thread-1] INFO  storage.RaftStorage (RaftStorageImpl.java:format(87)) - Storage directory /github/workspace/mnt/ozone/hadoop-ozone/integration-test/target/test-dir/MiniOzoneClusterImpl-135c514c-975b-43bb-8c7a-38bae9c970e3/datanode-4/data/ratis/f34c2d44-d538-4df5-801b-69fb64b773cf has been successfully formatted.
2021-01-11 02:53:12,518 [pool-2088-thread-1] INFO  ratis.ContainerStateMachine (ContainerStateMachine.java:loadSnapshot(223)) - group-69FB64B773CF: The snapshot info is null. Setting the last applied indexto:(t:0, i:~)
2021-01-11 02:53:12,518 [pool-2088-thread-1] ERROR storage.RaftStorage (RaftStorageImpl.java:readRaftConfiguration(147)) - Failed reading configuration from file:/github/workspace/mnt/ozone/hadoop-ozone/integration-test/target/test-dir/MiniOzoneClusterImpl-135c514c-975b-43bb-8c7a-38bae9c970e3/datanode-4/data/ratis/f34c2d44-d538-4df5-801b-69fb64b773cf/current/raft-meta.conf
java.io.FileNotFoundException: /github/workspace/mnt/ozone/hadoop-ozone/integration-test/target/test-dir/MiniOzoneClusterImpl-135c514c-975b-43bb-8c7a-38bae9c970e3/datanode-4/data/ratis/f34c2d44-d538-4df5-801b-69fb64b773cf/current/raft-meta.conf (No such file or directory)
	at java.io.FileInputStream.open0(Native Method)
	at java.io.FileInputStream.open(FileInputStream.java:195)
	at java.io.FileInputStream.<init>(FileInputStream.java:138)
	at org.apache.ratis.server.storage.RaftStorageImpl.readRaftConfiguration(RaftStorageImpl.java:143)
	at org.apache.ratis.server.impl.ServerState.<init>(ServerState.java:113)
	at org.apache.ratis.server.impl.RaftServerImpl.<init>(RaftServerImpl.java:192)
	at org.apache.ratis.server.impl.RaftServerProxy.lambda$newRaftServerImpl$4(RaftServerProxy.java:266)
	at java.util.concurrent.CompletableFuture$AsyncSupply.run(CompletableFuture.java:1604)
	at java.util.concurrent.ThreadPoolExecutor.runWorker(ThreadPoolExecutor.java:1149)
	at java.util.concurrent.ThreadPoolExecutor$Worker.run(ThreadPoolExecutor.java:624)
	at java.lang.Thread.run(Thread.java:748)
2021-01-11 02:53:12,518 [pool-2088-thread-1] INFO  server.RaftServerConfigKeys (ConfUtils.java:logGet(44)) - raft.server.notification.no-leader.timeout = 300s (custom)
2021-01-11 02:53:12,518 [pool-2088-thread-1] INFO  server.RaftServerConfigKeys (ConfUtils.java:logGet(44)) - raft.server.log.use.memory = false (default)
2021-01-11 02:53:12,518 [pool-2088-thread-1] INFO  server.RaftServerConfigKeys (ConfUtils.java:logGet(44)) - raft.server.log.purge.gap = 1000000 (custom)
2021-01-11 02:53:12,518 [pool-2088-thread-1] INFO  server.RaftServerConfigKeys (ConfUtils.java:logGet(44)) - raft.server.log.appender.buffer.byte-limit = 33554432 (custom)
2021-01-11 02:53:12,518 [pool-2088-thread-1] INFO  metrics.RatisMetrics (RatisMetrics.java:lambda$create$0(36)) - Creating Metrics Registry : ratis.log_worker.d73afb6e-2f04-46f5-9d60-67fd948fc3fc@group-69FB64B773CF
2021-01-11 02:53:12,518 [EventQueue-PipelineReportForPipelineReportHandler] INFO  pipeline.PipelineStateManager (PipelineStateManager.java:openPipeline(132)) - Pipeline Pipeline[ Id: f34c2d44-d538-4df5-801b-69fb64b773cf, Nodes: d73afb6e-2f04-46f5-9d60-67fd948fc3fc{ip: 172.17.0.2, host: 4354df8493ff, networkLocation: /default-rack, certSerialId: null, persistedOpState: IN_SERVICE, persistedOpStateExpiryEpochSec: 0}, Type:RATIS, Factor:ONE, State:ALLOCATED, leaderId:d73afb6e-2f04-46f5-9d60-67fd948fc3fc, CreationTimestamp2021-01-11T02:53:09.517Z] moved to OPEN state
2021-01-11 02:53:12,519 [pool-2088-thread-1] INFO  server.RaftServerConfigKeys (ConfUtils.java:logGet(44)) - raft.server.log.segment.size.max = 1048576 (custom)
2021-01-11 02:53:12,520 [pool-2088-thread-1] INFO  server.RaftServerConfigKeys (ConfUtils.java:logGet(44)) - raft.server.log.segment.cache.num.max = 2 (custom)
2021-01-11 02:53:12,520 [pool-2088-thread-1] INFO  server.RaftServerConfigKeys (ConfUtils.java:logGet(44)) - raft.server.log.segment.cache.size.max = 200MB (=209715200) (default)
2021-01-11 02:53:12,520 [pool-2088-thread-1] INFO  segmented.SegmentedRaftLogWorker (SegmentedRaftLogWorker.java:<init>(181)) - new d73afb6e-2f04-46f5-9d60-67fd948fc3fc@group-69FB64B773CF-SegmentedRaftLogWorker for RaftStorageImpl:Storage Directory /github/workspace/mnt/ozone/hadoop-ozone/integration-test/target/test-dir/MiniOzoneClusterImpl-135c514c-975b-43bb-8c7a-38bae9c970e3/datanode-4/data/ratis/f34c2d44-d538-4df5-801b-69fb64b773cf
2021-01-11 02:53:12,520 [pool-2088-thread-1] INFO  server.RaftServerConfigKeys (ConfUtils.java:logGet(44)) - raft.server.log.queue.byte-limit = 2147483647 (custom)
2021-01-11 02:53:12,520 [pool-2088-thread-1] INFO  server.RaftServerConfigKeys (ConfUtils.java:logGet(44)) - raft.server.log.queue.element-limit = 1024 (custom)
2021-01-11 02:53:12,520 [pool-2088-thread-1] INFO  server.RaftServerConfigKeys (ConfUtils.java:logGet(44)) - raft.server.log.segment.size.max = 1048576 (custom)
2021-01-11 02:53:12,520 [pool-2088-thread-1] INFO  server.RaftServerConfigKeys (ConfUtils.java:logGet(44)) - raft.server.log.preallocated.size = 16384 (custom)
2021-01-11 02:53:12,520 [pool-2088-thread-1] INFO  server.RaftServerConfigKeys (ConfUtils.java:logGet(44)) - raft.server.log.force.sync.num = 128 (default)
2021-01-11 02:53:12,520 [pool-2088-thread-1] INFO  server.RaftServerConfigKeys (ConfUtils.java:logGet(44)) - raft.server.log.statemachine.data.sync = true (default)
2021-01-11 02:53:12,520 [pool-2088-thread-1] INFO  server.RaftServerConfigKeys (ConfUtils.java:logGet(44)) - raft.server.log.statemachine.data.sync.timeout = 10s (default)
2021-01-11 02:53:12,520 [pool-2088-thread-1] INFO  server.RaftServerConfigKeys (ConfUtils.java:logGet(44)) - raft.server.log.statemachine.data.sync.timeout.retry = -1 (default)
2021-01-11 02:53:12,522 [pool-2088-thread-1] INFO  server.RaftServerConfigKeys (ConfUtils.java:logGet(44)) - raft.server.log.write.buffer.size = 1048576 (custom)
2021-01-11 02:53:12,524 [pool-2088-thread-1] INFO  server.RaftServerConfigKeys (ConfUtils.java:logGet(44)) - raft.server.log.statemachine.data.caching.enabled = true (custom)
2021-01-11 02:53:12,524 [pool-2088-thread-1] INFO  segmented.SegmentedRaftLogWorker (SegmentedRaftLogWorker.java:lambda$new$0(132)) - d73afb6e-2f04-46f5-9d60-67fd948fc3fc@group-69FB64B773CF-SegmentedRaftLogWorker: flushIndex: setUnconditionally 0 -> -1
2021-01-11 02:53:12,524 [pool-2088-thread-1] INFO  segmented.SegmentedRaftLogWorker (SegmentedRaftLogWorker.java:lambda$new$0(132)) - d73afb6e-2f04-46f5-9d60-67fd948fc3fc@group-69FB64B773CF-SegmentedRaftLogWorker: safeCacheEvictIndex: setUnconditionally 0 -> -1
2021-01-11 02:53:12,524 [pool-2088-thread-1] INFO  server.RaftServerConfigKeys (ConfUtils.java:logGet(44)) - raft.server.snapshot.auto.trigger.enabled = true (custom)
2021-01-11 02:53:12,524 [pool-2088-thread-1] INFO  server.RaftServerConfigKeys (ConfUtils.java:logGet(44)) - raft.server.snapshot.auto.trigger.threshold = 10000 (custom)
2021-01-11 02:53:12,524 [pool-2088-thread-1] INFO  server.RaftServerConfigKeys (ConfUtils.java:logGet(44)) - raft.server.snapshot.retention.file.num = 5 (custom)
2021-01-11 02:53:12,524 [pool-2088-thread-1] INFO  server.RaftServerConfigKeys (ConfUtils.java:logGet(44)) - raft.server.log.purge.upto.snapshot.index = false (default)
2021-01-11 02:53:12,524 [pool-2088-thread-1] INFO  server.RaftServerConfigKeys (ConfUtils.java:logGet(44)) - raft.server.retrycache.expirytime = 600000ms (custom)
2021-01-11 02:53:12,524 [pool-2088-thread-1] INFO  server.RaftServerConfigKeys (ConfUtils.java:logGet(44)) - raft.server.retrycache.statistics.expirytime = 100?s (default)
2021-01-11 02:53:12,524 [pool-2088-thread-1] INFO  metrics.RatisMetrics (RatisMetrics.java:lambda$create$0(36)) - Creating Metrics Registry : ratis.leader_election.d73afb6e-2f04-46f5-9d60-67fd948fc3fc@group-69FB64B773CF
2021-01-11 02:53:12,525 [pool-2088-thread-1] INFO  metrics.RatisMetrics (RatisMetrics.java:lambda$create$0(36)) - Creating Metrics Registry : ratis.server.d73afb6e-2f04-46f5-9d60-67fd948fc3fc@group-69FB64B773CF
2021-01-11 02:53:12,527 [pool-2088-thread-1] INFO  server.RaftServer$Division (RaftServerImpl.java:start(294)) - d73afb6e-2f04-46f5-9d60-67fd948fc3fc@group-69FB64B773CF: start as a follower, conf=-1: [d73afb6e-2f04-46f5-9d60-67fd948fc3fc|rpc:172.17.0.2:32999|priority:1], old=null
2021-01-11 02:53:12,527 [pool-2088-thread-1] INFO  server.RaftServer$Division (RaftServerImpl.java:setRole(283)) - d73afb6e-2f04-46f5-9d60-67fd948fc3fc@group-69FB64B773CF: changes role from      null to FOLLOWER at term 0 for startAsFollower
2021-01-11 02:53:12,527 [pool-2088-thread-1] INFO  impl.RoleInfo (RoleInfo.java:updateAndGet(130)) - d73afb6e-2f04-46f5-9d60-67fd948fc3fc: start d73afb6e-2f04-46f5-9d60-67fd948fc3fc@group-69FB64B773CF-FollowerState
2021-01-11 02:53:12,528 [pool-2088-thread-1] INFO  util.JmxRegister (JmxRegister.java:tryRegister(44)) - Successfully registered JMX Bean with object name Ratis:service=RaftServer,group=group-69FB64B773CF,id=d73afb6e-2f04-46f5-9d60-67fd948fc3fc
2021-01-11 02:53:12,528 [pool-2088-thread-1] INFO  metrics.RatisMetrics (RatisMetrics.java:lambda$create$0(36)) - Creating Metrics Registry : ratis.state_machine.d73afb6e-2f04-46f5-9d60-67fd948fc3fc@group-69FB64B773CF
2021-01-11 02:53:12,529 [Command processor thread] INFO  commandhandler.CreatePipelineCommandHandler (CreatePipelineCommandHandler.java:handle(106)) - Created Pipeline RATIS ONE PipelineID=f34c2d44-d538-4df5-801b-69fb64b773cf.
2021-01-11 02:53:12,954 [ReplicationMonitor] INFO  container.ReplicationManager (ReplicationManager.java:run(250)) - Replication Monitor Thread took 0 milliseconds for processing 0 containers.
2021-01-11 02:53:13,954 [ReplicationMonitor] INFO  container.ReplicationManager (ReplicationManager.java:run(250)) - Replication Monitor Thread took 0 milliseconds for processing 0 containers.
2021-01-11 02:53:14,954 [ReplicationMonitor] INFO  container.ReplicationManager (ReplicationManager.java:run(250)) - Replication Monitor Thread took 0 milliseconds for processing 0 containers.
2021-01-11 02:53:15,541 [Listener at 127.0.0.1/36003] INFO  http.BaseHttpServer (BaseHttpServer.java:newHttpServer2BuilderForOzone(207)) - Starting Web-server for hddsDatanode at: http://0.0.0.0:0
2021-01-11 02:53:15,541 [Listener at 127.0.0.1/36003] INFO  http.BaseHttpServer (BaseHttpServer.java:<init>(106)) - Hadoop Security Enabled: false Ozone Security Enabled: false Ozone HTTP Security Enabled: false 
2021-01-11 02:53:15,542 [Listener at 127.0.0.1/36003] INFO  server.AuthenticationFilter (AuthenticationFilter.java:constructSecretProvider(240)) - Unable to initialize FileSignerSecretProvider, falling back to use random secrets.
2021-01-11 02:53:15,543 [Listener at 127.0.0.1/36003] WARN  http.HttpRequestLog (HttpRequestLog.java:getRequestLog(103)) - Jetty request log can only be enabled using Log4j
2021-01-11 02:53:15,543 [Listener at 127.0.0.1/36003] INFO  http.HttpServer2 (HttpServer2.java:addGlobalFilter(1020)) - Added global filter 'safety' (class=org.apache.hadoop.hdds.server.http.HttpServer2$QuotingInputFilter)
2021-01-11 02:53:15,544 [Listener at 127.0.0.1/36003] INFO  http.HttpServer2 (HttpServer2.java:addFilter(996)) - Added filter static_user_filter (class=org.apache.hadoop.http.lib.StaticUserWebFilter$StaticUserFilter) to context hddsDatanode
2021-01-11 02:53:15,544 [Listener at 127.0.0.1/36003] INFO  http.HttpServer2 (HttpServer2.java:addFilter(1004)) - Added filter static_user_filter (class=org.apache.hadoop.http.lib.StaticUserWebFilter$StaticUserFilter) to context static
2021-01-11 02:53:15,544 [Listener at 127.0.0.1/36003] INFO  http.HttpServer2 (HttpServer2.java:addFilter(1004)) - Added filter static_user_filter (class=org.apache.hadoop.http.lib.StaticUserWebFilter$StaticUserFilter) to context logs
2021-01-11 02:53:15,544 [Listener at 127.0.0.1/36003] INFO  http.HttpServer2 (HttpServer2.java:bindListener(1238)) - Jetty bound to port 41073
2021-01-11 02:53:15,544 [Listener at 127.0.0.1/36003] INFO  server.Server (Server.java:doStart(375)) - jetty-9.4.34.v20201102; built: 2020-11-02T14:15:39.302Z; git: e46af88704a893fc12cb0e3bf46e2c7b48a009e7; jvm 1.8.0_232-b09
2021-01-11 02:53:15,545 [Listener at 127.0.0.1/36003] INFO  server.session (DefaultSessionIdManager.java:doStart(334)) - DefaultSessionIdManager workerName=node0
2021-01-11 02:53:15,546 [Listener at 127.0.0.1/36003] INFO  server.session (DefaultSessionIdManager.java:doStart(339)) - No SessionScavenger set, using defaults
2021-01-11 02:53:15,546 [Listener at 127.0.0.1/36003] INFO  server.session (HouseKeeper.java:startScavenging(132)) - node0 Scavenging every 660000ms
2021-01-11 02:53:15,546 [Listener at 127.0.0.1/36003] INFO  handler.ContextHandler (ContextHandler.java:doStart(916)) - Started o.e.j.s.ServletContextHandler@1e253fa3{logs,/logs,file:///github/workspace/mnt/ozone/hadoop-ozone/integration-test/target/log,AVAILABLE}
2021-01-11 02:53:15,546 [Listener at 127.0.0.1/36003] INFO  handler.ContextHandler (ContextHandler.java:doStart(916)) - Started o.e.j.s.ServletContextHandler@4cf48c54{static,/static,jar:file:/home/user/.m2/repository/org/apache/hadoop/hadoop-hdds-container-service/1.1.0-SNAPSHOT/hadoop-hdds-container-service-1.1.0-SNAPSHOT.jar!/webapps/static,AVAILABLE}
2021-01-11 02:53:15,666 [Listener at 127.0.0.1/36003] INFO  handler.ContextHandler (ContextHandler.java:doStart(916)) - Started o.e.j.w.WebAppContext@763a53c1{hddsDatanode,/,file:///tmp/jetty-0_0_0_0-41073-hadoop-hdds-container-service-1_1_0-SNAPSHOT_jar-_-any-5868818746861168836/webapp/,AVAILABLE}{jar:file:/home/user/.m2/repository/org/apache/hadoop/hadoop-hdds-container-service/1.1.0-SNAPSHOT/hadoop-hdds-container-service-1.1.0-SNAPSHOT.jar!/webapps/hddsDatanode}
2021-01-11 02:53:15,668 [Listener at 127.0.0.1/36003] INFO  server.AbstractConnector (AbstractConnector.java:doStart(331)) - Started ServerConnector@6c8d6a2f{HTTP/1.1, (http/1.1)}{0.0.0.0:41073}
2021-01-11 02:53:15,668 [Listener at 127.0.0.1/36003] INFO  server.Server (Server.java:doStart(415)) - Started @835716ms
2021-01-11 02:53:15,668 [Listener at 127.0.0.1/36003] WARN  impl.MetricsSystemImpl (MetricsSystemImpl.java:register(276)) - Sink prometheus already exists!
2021-01-11 02:53:15,954 [ReplicationMonitor] INFO  container.ReplicationManager (ReplicationManager.java:run(250)) - Replication Monitor Thread took 0 milliseconds for processing 0 containers.
2021-01-11 02:53:16,955 [ReplicationMonitor] INFO  container.ReplicationManager (ReplicationManager.java:run(250)) - Replication Monitor Thread took 0 milliseconds for processing 0 containers.
2021-01-11 02:53:17,721 [Thread-6106] INFO  impl.FollowerState (FollowerState.java:run(133)) - d73afb6e-2f04-46f5-9d60-67fd948fc3fc@group-69FB64B773CF-FollowerState: change to CANDIDATE, lastRpcElapsedTime:5193328140ns, electionTimeout:5193ms
2021-01-11 02:53:17,721 [Thread-6106] INFO  impl.RoleInfo (RoleInfo.java:shutdownFollowerState(108)) - d73afb6e-2f04-46f5-9d60-67fd948fc3fc: shutdown d73afb6e-2f04-46f5-9d60-67fd948fc3fc@group-69FB64B773CF-FollowerState
2021-01-11 02:53:17,721 [Thread-6106] INFO  server.RaftServer$Division (RaftServerImpl.java:setRole(283)) - d73afb6e-2f04-46f5-9d60-67fd948fc3fc@group-69FB64B773CF: changes role from  FOLLOWER to CANDIDATE at term 0 for changeToCandidate
2021-01-11 02:53:17,721 [Thread-6106] INFO  impl.RoleInfo (RoleInfo.java:updateAndGet(130)) - d73afb6e-2f04-46f5-9d60-67fd948fc3fc: start d73afb6e-2f04-46f5-9d60-67fd948fc3fc@group-69FB64B773CF-LeaderElection96
2021-01-11 02:53:17,724 [d73afb6e-2f04-46f5-9d60-67fd948fc3fc@group-69FB64B773CF-LeaderElection96] INFO  impl.LeaderElection (LeaderElection.java:askForPreVotes(259)) - d73afb6e-2f04-46f5-9d60-67fd948fc3fc@group-69FB64B773CF-LeaderElection96: begin a pre-vote at term 0 for -1: [d73afb6e-2f04-46f5-9d60-67fd948fc3fc|rpc:172.17.0.2:32999|priority:1], old=null
2021-01-11 02:53:17,724 [d73afb6e-2f04-46f5-9d60-67fd948fc3fc@group-69FB64B773CF-LeaderElection96] INFO  impl.LeaderElection (LeaderElection.java:askForPreVotes(261)) - d73afb6e-2f04-46f5-9d60-67fd948fc3fc@group-69FB64B773CF-LeaderElection96 pre-vote result is PASSED.
2021-01-11 02:53:17,725 [d73afb6e-2f04-46f5-9d60-67fd948fc3fc@group-69FB64B773CF-LeaderElection96] INFO  impl.LeaderElection (LeaderElection.java:askForVotes(308)) - d73afb6e-2f04-46f5-9d60-67fd948fc3fc@group-69FB64B773CF-LeaderElection96: begin an election at term 1 for -1: [d73afb6e-2f04-46f5-9d60-67fd948fc3fc|rpc:172.17.0.2:32999|priority:1], old=null
2021-01-11 02:53:17,725 [d73afb6e-2f04-46f5-9d60-67fd948fc3fc@group-69FB64B773CF-LeaderElection96] INFO  impl.RoleInfo (RoleInfo.java:shutdownLeaderElection(121)) - d73afb6e-2f04-46f5-9d60-67fd948fc3fc: shutdown d73afb6e-2f04-46f5-9d60-67fd948fc3fc@group-69FB64B773CF-LeaderElection96
2021-01-11 02:53:17,726 [d73afb6e-2f04-46f5-9d60-67fd948fc3fc@group-69FB64B773CF-LeaderElection96] INFO  server.RaftServer$Division (RaftServerImpl.java:setRole(283)) - d73afb6e-2f04-46f5-9d60-67fd948fc3fc@group-69FB64B773CF: changes role from CANDIDATE to LEADER at term 1 for changeToLeader
2021-01-11 02:53:17,726 [d73afb6e-2f04-46f5-9d60-67fd948fc3fc@group-69FB64B773CF-LeaderElection96] INFO  ratis.XceiverServerRatis (XceiverServerRatis.java:handleLeaderChangedNotification(868)) - Leader change notification received for group: group-69FB64B773CF with new leaderId: d73afb6e-2f04-46f5-9d60-67fd948fc3fc
2021-01-11 02:53:17,726 [d73afb6e-2f04-46f5-9d60-67fd948fc3fc@group-69FB64B773CF-LeaderElection96] INFO  server.RaftServer$Division (ServerState.java:setLeader(249)) - d73afb6e-2f04-46f5-9d60-67fd948fc3fc@group-69FB64B773CF: change Leader from null to d73afb6e-2f04-46f5-9d60-67fd948fc3fc at term 1 for becomeLeader, leader elected after 5207ms
2021-01-11 02:53:17,726 [d73afb6e-2f04-46f5-9d60-67fd948fc3fc@group-69FB64B773CF-LeaderElection96] INFO  server.RaftServerConfigKeys (ConfUtils.java:logGet(44)) - raft.server.staging.catchup.gap = 1000 (default)
2021-01-11 02:53:17,726 [d73afb6e-2f04-46f5-9d60-67fd948fc3fc@group-69FB64B773CF-LeaderElection96] INFO  metrics.RatisMetrics (RatisMetrics.java:lambda$create$0(36)) - Creating Metrics Registry : ratis.log_appender.d73afb6e-2f04-46f5-9d60-67fd948fc3fc@group-69FB64B773CF
2021-01-11 02:53:17,726 [d73afb6e-2f04-46f5-9d60-67fd948fc3fc@group-69FB64B773CF-LeaderElection96] INFO  server.RaftServerConfigKeys (ConfUtils.java:logGet(44)) - raft.server.write.element-limit = 1024 (custom)
2021-01-11 02:53:17,726 [d73afb6e-2f04-46f5-9d60-67fd948fc3fc@group-69FB64B773CF-LeaderElection96] INFO  server.RaftServerConfigKeys (ConfUtils.java:logGet(44)) - raft.server.write.byte-limit = 1073741824 (custom)
2021-01-11 02:53:17,727 [d73afb6e-2f04-46f5-9d60-67fd948fc3fc@group-69FB64B773CF-LeaderElection96] INFO  server.RaftServerConfigKeys (ConfUtils.java:logGet(44)) - raft.server.watch.timeout = 180s (custom)
2021-01-11 02:53:17,727 [d73afb6e-2f04-46f5-9d60-67fd948fc3fc@group-69FB64B773CF-LeaderElection96] INFO  server.RaftServerConfigKeys (ConfUtils.java:logGet(44)) - raft.server.watch.timeout.denomination = 1s (default)
2021-01-11 02:53:17,727 [d73afb6e-2f04-46f5-9d60-67fd948fc3fc@group-69FB64B773CF-LeaderElection96] INFO  server.RaftServerConfigKeys (ConfUtils.java:logGet(44)) - raft.server.watch.element-limit = 65536 (default)
2021-01-11 02:53:17,727 [d73afb6e-2f04-46f5-9d60-67fd948fc3fc@group-69FB64B773CF-LeaderElection96] INFO  impl.RoleInfo (RoleInfo.java:updateAndGet(130)) - d73afb6e-2f04-46f5-9d60-67fd948fc3fc: start d73afb6e-2f04-46f5-9d60-67fd948fc3fc@group-69FB64B773CF-LeaderStateImpl
2021-01-11 02:53:17,728 [d73afb6e-2f04-46f5-9d60-67fd948fc3fc@group-69FB64B773CF-LeaderElection96] INFO  segmented.SegmentedRaftLogWorker (SegmentedRaftLogWorker.java:startLogSegment(392)) - d73afb6e-2f04-46f5-9d60-67fd948fc3fc@group-69FB64B773CF-SegmentedRaftLogWorker: Starting segment from index:0
2021-01-11 02:53:17,730 [d73afb6e-2f04-46f5-9d60-67fd948fc3fc@group-69FB64B773CF-LeaderElection96] INFO  server.RaftServer$Division (ServerState.java:setRaftConf(368)) - d73afb6e-2f04-46f5-9d60-67fd948fc3fc@group-69FB64B773CF: set configuration 0: [d73afb6e-2f04-46f5-9d60-67fd948fc3fc|rpc:172.17.0.2:32999|dataStream:|priority:1], old=null
2021-01-11 02:53:17,732 [d73afb6e-2f04-46f5-9d60-67fd948fc3fc@group-69FB64B773CF-SegmentedRaftLogWorker] INFO  segmented.SegmentedRaftLogWorker (SegmentedRaftLogWorker.java:execute(599)) - d73afb6e-2f04-46f5-9d60-67fd948fc3fc@group-69FB64B773CF-SegmentedRaftLogWorker: created new log segment /github/workspace/mnt/ozone/hadoop-ozone/integration-test/target/test-dir/MiniOzoneClusterImpl-135c514c-975b-43bb-8c7a-38bae9c970e3/datanode-4/data/ratis/f34c2d44-d538-4df5-801b-69fb64b773cf/current/log_inprogress_0
2021-01-11 02:53:17,955 [ReplicationMonitor] INFO  container.ReplicationManager (ReplicationManager.java:run(250)) - Replication Monitor Thread took 0 milliseconds for processing 0 containers.
2021-01-11 02:53:18,955 [ReplicationMonitor] INFO  container.ReplicationManager (ReplicationManager.java:run(250)) - Replication Monitor Thread took 0 milliseconds for processing 0 containers.
2021-01-11 02:53:19,956 [ReplicationMonitor] INFO  container.ReplicationManager (ReplicationManager.java:run(250)) - Replication Monitor Thread took 0 milliseconds for processing 0 containers.
2021-01-11 02:53:20,674 [Listener at 127.0.0.1/36003] INFO  http.BaseHttpServer (BaseHttpServer.java:updateConnectorAddress(327)) - HTTP server of hddsDatanode listening at http://0.0.0.0:41073
2021-01-11 02:53:20,677 [Listener at 127.0.0.1/36003] INFO  ozone.MiniOzoneClusterImpl (MiniOzoneClusterImpl.java:lambda$waitForClusterToBeReady$0(179)) - Waiting for nodes to be ready. Got 5 of 6 DN Heartbeats.
2021-01-11 02:53:20,678 [Listener at 127.0.0.1/36003] INFO  ozone.MiniOzoneClusterImpl (MiniOzoneClusterImpl.java:lambda$waitForClusterToBeReady$0(182)) - Cluster exits safe mode
2021-01-11 02:53:20,678 [org.apache.hadoop.util.JvmPauseMonitor$Monitor@7a79b4f] INFO  util.JvmPauseMonitor (JvmPauseMonitor.java:run(188)) - Starting JVM pause monitor
2021-01-11 02:53:20,680 [Datanode State Machine Task Thread - 0] INFO  datanode.InitDatanodeState (InitDatanodeState.java:persistContainerDatanodeDetails(145)) - DatanodeDetails is persisted to /github/workspace/mnt/ozone/hadoop-ozone/integration-test/target/test-dir/MiniOzoneClusterImpl-135c514c-975b-43bb-8c7a-38bae9c970e3/datanode-5/meta/datanode.id
2021-01-11 02:53:20,956 [ReplicationMonitor] INFO  container.ReplicationManager (ReplicationManager.java:run(250)) - Replication Monitor Thread took 0 milliseconds for processing 0 containers.
2021-01-11 02:53:21,678 [Listener at 127.0.0.1/36003] INFO  ozone.MiniOzoneClusterImpl (MiniOzoneClusterImpl.java:lambda$waitForClusterToBeReady$0(179)) - Waiting for nodes to be ready. Got 5 of 6 DN Heartbeats.
2021-01-11 02:53:21,678 [Listener at 127.0.0.1/36003] INFO  ozone.MiniOzoneClusterImpl (MiniOzoneClusterImpl.java:lambda$waitForClusterToBeReady$0(182)) - Cluster exits safe mode
2021-01-11 02:53:21,956 [ReplicationMonitor] INFO  container.ReplicationManager (ReplicationManager.java:run(250)) - Replication Monitor Thread took 0 milliseconds for processing 0 containers.
2021-01-11 02:53:22,678 [Listener at 127.0.0.1/36003] INFO  ozone.MiniOzoneClusterImpl (MiniOzoneClusterImpl.java:lambda$waitForClusterToBeReady$0(179)) - Waiting for nodes to be ready. Got 5 of 6 DN Heartbeats.
2021-01-11 02:53:22,678 [Listener at 127.0.0.1/36003] INFO  ozone.MiniOzoneClusterImpl (MiniOzoneClusterImpl.java:lambda$waitForClusterToBeReady$0(182)) - Cluster exits safe mode
2021-01-11 02:53:22,681 [EndpointStateMachine task thread for /0.0.0.0:40965 - 0 ] INFO  ozoneimpl.OzoneContainer (OzoneContainer.java:start(255)) - Attempting to start container services.
2021-01-11 02:53:22,681 [EndpointStateMachine task thread for /0.0.0.0:40965 - 0 ] INFO  ozoneimpl.OzoneContainer (OzoneContainer.java:startContainerScrub(219)) - Background container scanner has been disabled.
2021-01-11 02:53:22,681 [EndpointStateMachine task thread for /0.0.0.0:40965 - 0 ] INFO  replication.ReplicationServer (ReplicationServer.java:start(111)) - ReplicationServer is started using port 42781
2021-01-11 02:53:22,681 [EndpointStateMachine task thread for /0.0.0.0:40965 - 0 ] INFO  ratis.XceiverServerRatis (XceiverServerRatis.java:start(455)) - Starting XceiverServerRatis 28c9ea05-fb6a-49bf-a2b4-fea96a178ae4 at port 0
2021-01-11 02:53:22,684 [EndpointStateMachine task thread for /0.0.0.0:40965 - 0 ] INFO  server.RaftServer (RaftServerProxy.java:lambda$start$5(372)) - 28c9ea05-fb6a-49bf-a2b4-fea96a178ae4: start RPC server
2021-01-11 02:53:22,686 [EndpointStateMachine task thread for /0.0.0.0:40965 - 0 ] INFO  server.GrpcService (GrpcService.java:startImpl(176)) - 28c9ea05-fb6a-49bf-a2b4-fea96a178ae4: GrpcService started, listening on 0.0.0.0/0.0.0.0:33397
2021-01-11 02:53:22,687 [EndpointStateMachine task thread for /0.0.0.0:40965 - 0 ] INFO  ratis.XceiverServerRatis (XceiverServerRatis.java:start(467)) - XceiverServerRatis 28c9ea05-fb6a-49bf-a2b4-fea96a178ae4 is started using port 33397
2021-01-11 02:53:22,687 [org.apache.ratis.util.JvmPauseMonitor$$Lambda$220/1349812019@98a1bd6] INFO  util.JvmPauseMonitor (JvmPauseMonitor.java:run(103)) - JvmPauseMonitor-28c9ea05-fb6a-49bf-a2b4-fea96a178ae4: Started
2021-01-11 02:53:22,687 [EndpointStateMachine task thread for /0.0.0.0:40965 - 0 ] INFO  server.XceiverServerGrpc (XceiverServerGrpc.java:start(139)) - XceiverServerGrpc 28c9ea05-fb6a-49bf-a2b4-fea96a178ae4 is started using port 45849
2021-01-11 02:53:22,957 [ReplicationMonitor] INFO  container.ReplicationManager (ReplicationManager.java:run(250)) - Replication Monitor Thread took 0 milliseconds for processing 0 containers.
2021-01-11 02:53:23,679 [Listener at 127.0.0.1/36003] INFO  ozone.MiniOzoneClusterImpl (MiniOzoneClusterImpl.java:lambda$waitForClusterToBeReady$0(179)) - Waiting for nodes to be ready. Got 5 of 6 DN Heartbeats.
2021-01-11 02:53:23,679 [Listener at 127.0.0.1/36003] INFO  ozone.MiniOzoneClusterImpl (MiniOzoneClusterImpl.java:lambda$waitForClusterToBeReady$0(182)) - Cluster exits safe mode
2021-01-11 02:53:23,957 [ReplicationMonitor] INFO  container.ReplicationManager (ReplicationManager.java:run(250)) - Replication Monitor Thread took 0 milliseconds for processing 0 containers.
2021-01-11 02:53:24,679 [Listener at 127.0.0.1/36003] INFO  ozone.MiniOzoneClusterImpl (MiniOzoneClusterImpl.java:lambda$waitForClusterToBeReady$0(179)) - Waiting for nodes to be ready. Got 5 of 6 DN Heartbeats.
2021-01-11 02:53:24,679 [Listener at 127.0.0.1/36003] INFO  ozone.MiniOzoneClusterImpl (MiniOzoneClusterImpl.java:lambda$waitForClusterToBeReady$0(182)) - Cluster exits safe mode
2021-01-11 02:53:24,680 [IPC Server handler 13 on default port 40965] INFO  net.NetworkTopologyImpl (NetworkTopologyImpl.java:add(111)) - Added a new node: /default-rack/28c9ea05-fb6a-49bf-a2b4-fea96a178ae4
2021-01-11 02:53:24,680 [IPC Server handler 13 on default port 40965] INFO  node.SCMNodeManager (SCMNodeManager.java:register(341)) - Registered Data node : 28c9ea05-fb6a-49bf-a2b4-fea96a178ae4{ip: 172.17.0.2, host: 4354df8493ff, networkLocation: /default-rack, certSerialId: null, persistedOpState: IN_SERVICE, persistedOpStateExpiryEpochSec: 0}
2021-01-11 02:53:24,681 [RatisPipelineUtilsThread] INFO  pipeline.RatisPipelineProvider (RatisPipelineProvider.java:lambda$create$0(161)) - Sending CreatePipelineCommand for pipeline:PipelineID=4a87c8fd-b8bd-49d9-92cc-dd188aa34ab4 to datanode:28c9ea05-fb6a-49bf-a2b4-fea96a178ae4
2021-01-11 02:53:24,682 [RatisPipelineUtilsThread] INFO  pipeline.PipelineStateManager (PipelineStateManager.java:addPipeline(54)) - Created pipeline Pipeline[ Id: 4a87c8fd-b8bd-49d9-92cc-dd188aa34ab4, Nodes: 28c9ea05-fb6a-49bf-a2b4-fea96a178ae4{ip: 172.17.0.2, host: 4354df8493ff, networkLocation: /default-rack, certSerialId: null, persistedOpState: IN_SERVICE, persistedOpStateExpiryEpochSec: 0}, Type:RATIS, Factor:ONE, State:ALLOCATED, leaderId:, CreationTimestamp2021-01-11T02:53:24.681Z]
2021-01-11 02:53:24,682 [RatisPipelineUtilsThread] INFO  pipeline.RatisPipelineProvider (RatisPipelineProvider.java:lambda$create$0(161)) - Sending CreatePipelineCommand for pipeline:PipelineID=7f8dc46e-9249-4e9b-81b5-93297cc8d484 to datanode:7bc8cf5a-9dee-415c-92cd-434f849c7ae8
2021-01-11 02:53:24,682 [RatisPipelineUtilsThread] INFO  pipeline.RatisPipelineProvider (RatisPipelineProvider.java:lambda$create$0(161)) - Sending CreatePipelineCommand for pipeline:PipelineID=7f8dc46e-9249-4e9b-81b5-93297cc8d484 to datanode:28c9ea05-fb6a-49bf-a2b4-fea96a178ae4
2021-01-11 02:53:24,682 [RatisPipelineUtilsThread] INFO  pipeline.RatisPipelineProvider (RatisPipelineProvider.java:lambda$create$0(161)) - Sending CreatePipelineCommand for pipeline:PipelineID=7f8dc46e-9249-4e9b-81b5-93297cc8d484 to datanode:d73afb6e-2f04-46f5-9d60-67fd948fc3fc
2021-01-11 02:53:24,683 [RatisPipelineUtilsThread] INFO  pipeline.PipelineStateManager (PipelineStateManager.java:addPipeline(54)) - Created pipeline Pipeline[ Id: 7f8dc46e-9249-4e9b-81b5-93297cc8d484, Nodes: 7bc8cf5a-9dee-415c-92cd-434f849c7ae8{ip: 172.17.0.2, host: 4354df8493ff, networkLocation: /default-rack, certSerialId: null, persistedOpState: IN_SERVICE, persistedOpStateExpiryEpochSec: 0}28c9ea05-fb6a-49bf-a2b4-fea96a178ae4{ip: 172.17.0.2, host: 4354df8493ff, networkLocation: /default-rack, certSerialId: null, persistedOpState: IN_SERVICE, persistedOpStateExpiryEpochSec: 0}d73afb6e-2f04-46f5-9d60-67fd948fc3fc{ip: 172.17.0.2, host: 4354df8493ff, networkLocation: /default-rack, certSerialId: null, persistedOpState: IN_SERVICE, persistedOpStateExpiryEpochSec: 0}, Type:RATIS, Factor:THREE, State:ALLOCATED, leaderId:, CreationTimestamp2021-01-11T02:53:24.682Z]
2021-01-11 02:53:24,957 [ReplicationMonitor] INFO  container.ReplicationManager (ReplicationManager.java:run(250)) - Replication Monitor Thread took 0 milliseconds for processing 0 containers.
2021-01-11 02:53:25,679 [Listener at 127.0.0.1/36003] INFO  ozone.MiniOzoneClusterImpl (MiniOzoneClusterImpl.java:lambda$waitForClusterToBeReady$0(179)) - Nodes are ready. Got 6 of 6 DN Heartbeats.
2021-01-11 02:53:25,680 [Listener at 127.0.0.1/36003] INFO  ozone.MiniOzoneClusterImpl (MiniOzoneClusterImpl.java:lambda$waitForClusterToBeReady$0(182)) - Cluster exits safe mode
2021-01-11 02:53:25,697 [Listener at 127.0.0.1/36003] INFO  rpc.RpcClient (RpcClient.java:createVolume(273)) - Creating Volume: vol1, with user42635 as owner.
2021-01-11 02:53:25,698 [IPC Server handler 4 on default port 36003] INFO  volume.OMVolumeCreateRequest (OMVolumeCreateRequest.java:validateAndUpdateCache(196)) - created volume:vol1 for user:user42635
2021-01-11 02:53:25,708 [Listener at 127.0.0.1/36003] INFO  rpc.RpcClient (RpcClient.java:createBucket(429)) - Creating Bucket: vol1/bucket1, with Versioning false and Storage Type set to DISK and Encryption set to false 
2021-01-11 02:53:25,711 [Listener at 127.0.0.1/36003] INFO  container.ReplicationManager (ReplicationManager.java:stop(227)) - Stopping Replication Monitor Thread.
2021-01-11 02:53:25,723 [Listener at 127.0.0.1/36003] INFO  metrics.RatisMetrics (RatisMetrics.java:lambda$create$0(36)) - Creating Metrics Registry : ratis.client_message_metrics.client-133EDA7164ED->27072a30-1791-4eaf-beda-714f523a0d74
2021-01-11 02:53:25,727 [Command processor thread] INFO  server.RaftServer (RaftServerProxy.java:addNew(95)) - d73afb6e-2f04-46f5-9d60-67fd948fc3fc: addNew group-93297CC8D484:[d73afb6e-2f04-46f5-9d60-67fd948fc3fc|rpc:172.17.0.2:32999|priority:0, 28c9ea05-fb6a-49bf-a2b4-fea96a178ae4|rpc:172.17.0.2:33397|priority:0, 7bc8cf5a-9dee-415c-92cd-434f849c7ae8|rpc:172.17.0.2:35617|priority:1] returns group-93297CC8D484:java.util.concurrent.CompletableFuture@13806f57[Not completed]
2021-01-11 02:53:25,728 [pool-2088-thread-1] INFO  server.RaftServer$Division (RaftServerImpl.java:<init>(179)) - d73afb6e-2f04-46f5-9d60-67fd948fc3fc: new RaftServerImpl for group-93297CC8D484:[d73afb6e-2f04-46f5-9d60-67fd948fc3fc|rpc:172.17.0.2:32999|priority:0, 28c9ea05-fb6a-49bf-a2b4-fea96a178ae4|rpc:172.17.0.2:33397|priority:0, 7bc8cf5a-9dee-415c-92cd-434f849c7ae8|rpc:172.17.0.2:35617|priority:1] with ContainerStateMachine:uninitialized
2021-01-11 02:53:25,728 [pool-2088-thread-1] INFO  server.RaftServerConfigKeys (ConfUtils.java:logGet(44)) - raft.server.rpc.timeout.min = 5s (custom)
2021-01-11 02:53:25,728 [pool-2088-thread-1] INFO  server.RaftServerConfigKeys (ConfUtils.java:logGet(44)) - raft.server.rpc.timeout.max = 5200ms (custom)
2021-01-11 02:53:25,728 [pool-2088-thread-1] INFO  server.RaftServerConfigKeys (ConfUtils.java:logGet(44)) - raft.server.rpc.sleep.time = 25ms (default)
2021-01-11 02:53:25,728 [pool-2088-thread-1] INFO  server.RaftServerConfigKeys (ConfUtils.java:logGet(44)) - raft.server.rpc.slowness.timeout = 300s (custom)
2021-01-11 02:53:25,728 [pool-2088-thread-1] INFO  server.RaftServerConfigKeys (ConfUtils.java:logGet(44)) - raft.server.leaderelection.leader.step-down.wait-time = 10s (default)
2021-01-11 02:53:25,728 [pool-2088-thread-1] INFO  server.RaftServerConfigKeys (ConfUtils.java:logGet(44)) - raft.server.sleep.deviation.threshold = 300ms (default)
2021-01-11 02:53:25,728 [pool-2088-thread-1] INFO  server.RaftServerConfigKeys (ConfUtils.java:logGet(44)) - raft.server.log.appender.install.snapshot.enabled = false (custom)
2021-01-11 02:53:25,728 [pool-2088-thread-1] INFO  server.RaftServer$Division (ServerState.java:<init>(103)) - d73afb6e-2f04-46f5-9d60-67fd948fc3fc@group-93297CC8D484: ConfigurationManager, init=-1: [d73afb6e-2f04-46f5-9d60-67fd948fc3fc|rpc:172.17.0.2:32999|priority:0, 28c9ea05-fb6a-49bf-a2b4-fea96a178ae4|rpc:172.17.0.2:33397|priority:0, 7bc8cf5a-9dee-415c-92cd-434f849c7ae8|rpc:172.17.0.2:35617|priority:1], old=null, confs=<EMPTY_MAP>
2021-01-11 02:53:25,728 [pool-2088-thread-1] INFO  server.RaftServerConfigKeys (ConfUtils.java:logGet(44)) - raft.server.storage.dir = [/github/workspace/mnt/ozone/hadoop-ozone/integration-test/target/test-dir/MiniOzoneClusterImpl-135c514c-975b-43bb-8c7a-38bae9c970e3/datanode-4/data/ratis] (custom)
2021-01-11 02:53:25,729 [pool-2088-thread-1] INFO  server.RaftServerConfigKeys (ConfUtils.java:logGet(44)) - raft.server.log.corruption.policy = EXCEPTION (default)
2021-01-11 02:53:25,729 [pool-2088-thread-1] INFO  storage.RaftStorageDirectory (RaftStorageDirectoryImpl.java:analyzeStorage(132)) - The storage directory /github/workspace/mnt/ozone/hadoop-ozone/integration-test/target/test-dir/MiniOzoneClusterImpl-135c514c-975b-43bb-8c7a-38bae9c970e3/datanode-4/data/ratis/7f8dc46e-9249-4e9b-81b5-93297cc8d484 does not exist. Creating ...
2021-01-11 02:53:25,730 [pool-2088-thread-1] INFO  storage.RaftStorageDirectory (RaftStorageDirectoryImpl.java:tryLock(215)) - Lock on /github/workspace/mnt/ozone/hadoop-ozone/integration-test/target/test-dir/MiniOzoneClusterImpl-135c514c-975b-43bb-8c7a-38bae9c970e3/datanode-4/data/ratis/7f8dc46e-9249-4e9b-81b5-93297cc8d484/in_use.lock acquired by nodename 1545@4354df8493ff
2021-01-11 02:53:25,732 [pool-2088-thread-1] INFO  storage.RaftStorage (RaftStorageImpl.java:format(87)) - Storage directory /github/workspace/mnt/ozone/hadoop-ozone/integration-test/target/test-dir/MiniOzoneClusterImpl-135c514c-975b-43bb-8c7a-38bae9c970e3/datanode-4/data/ratis/7f8dc46e-9249-4e9b-81b5-93297cc8d484 has been successfully formatted.
2021-01-11 02:53:25,732 [pool-2088-thread-1] INFO  ratis.ContainerStateMachine (ContainerStateMachine.java:loadSnapshot(223)) - group-93297CC8D484: The snapshot info is null. Setting the last applied indexto:(t:0, i:~)
2021-01-11 02:53:25,732 [pool-2088-thread-1] ERROR storage.RaftStorage (RaftStorageImpl.java:readRaftConfiguration(147)) - Failed reading configuration from file:/github/workspace/mnt/ozone/hadoop-ozone/integration-test/target/test-dir/MiniOzoneClusterImpl-135c514c-975b-43bb-8c7a-38bae9c970e3/datanode-4/data/ratis/7f8dc46e-9249-4e9b-81b5-93297cc8d484/current/raft-meta.conf
java.io.FileNotFoundException: /github/workspace/mnt/ozone/hadoop-ozone/integration-test/target/test-dir/MiniOzoneClusterImpl-135c514c-975b-43bb-8c7a-38bae9c970e3/datanode-4/data/ratis/7f8dc46e-9249-4e9b-81b5-93297cc8d484/current/raft-meta.conf (No such file or directory)
	at java.io.FileInputStream.open0(Native Method)
	at java.io.FileInputStream.open(FileInputStream.java:195)
	at java.io.FileInputStream.<init>(FileInputStream.java:138)
	at org.apache.ratis.server.storage.RaftStorageImpl.readRaftConfiguration(RaftStorageImpl.java:143)
	at org.apache.ratis.server.impl.ServerState.<init>(ServerState.java:113)
	at org.apache.ratis.server.impl.RaftServerImpl.<init>(RaftServerImpl.java:192)
	at org.apache.ratis.server.impl.RaftServerProxy.lambda$newRaftServerImpl$4(RaftServerProxy.java:266)
	at java.util.concurrent.CompletableFuture$AsyncSupply.run(CompletableFuture.java:1604)
	at java.util.concurrent.ThreadPoolExecutor.runWorker(ThreadPoolExecutor.java:1149)
	at java.util.concurrent.ThreadPoolExecutor$Worker.run(ThreadPoolExecutor.java:624)
	at java.lang.Thread.run(Thread.java:748)
2021-01-11 02:53:25,732 [pool-2088-thread-1] INFO  server.RaftServerConfigKeys (ConfUtils.java:logGet(44)) - raft.server.notification.no-leader.timeout = 300s (custom)
2021-01-11 02:53:25,732 [pool-2088-thread-1] INFO  server.RaftServerConfigKeys (ConfUtils.java:logGet(44)) - raft.server.log.use.memory = false (default)
2021-01-11 02:53:25,732 [pool-2088-thread-1] INFO  server.RaftServerConfigKeys (ConfUtils.java:logGet(44)) - raft.server.log.purge.gap = 1000000 (custom)
2021-01-11 02:53:25,732 [pool-2088-thread-1] INFO  server.RaftServerConfigKeys (ConfUtils.java:logGet(44)) - raft.server.log.appender.buffer.byte-limit = 33554432 (custom)
2021-01-11 02:53:25,732 [pool-2088-thread-1] INFO  metrics.RatisMetrics (RatisMetrics.java:lambda$create$0(36)) - Creating Metrics Registry : ratis.log_worker.d73afb6e-2f04-46f5-9d60-67fd948fc3fc@group-93297CC8D484
2021-01-11 02:53:25,733 [pool-2088-thread-1] INFO  server.RaftServerConfigKeys (ConfUtils.java:logGet(44)) - raft.server.log.segment.size.max = 1048576 (custom)
2021-01-11 02:53:25,734 [pool-2088-thread-1] INFO  server.RaftServerConfigKeys (ConfUtils.java:logGet(44)) - raft.server.log.segment.cache.num.max = 2 (custom)
2021-01-11 02:53:25,734 [pool-2088-thread-1] INFO  server.RaftServerConfigKeys (ConfUtils.java:logGet(44)) - raft.server.log.segment.cache.size.max = 200MB (=209715200) (default)
2021-01-11 02:53:25,734 [pool-2088-thread-1] INFO  segmented.SegmentedRaftLogWorker (SegmentedRaftLogWorker.java:<init>(181)) - new d73afb6e-2f04-46f5-9d60-67fd948fc3fc@group-93297CC8D484-SegmentedRaftLogWorker for RaftStorageImpl:Storage Directory /github/workspace/mnt/ozone/hadoop-ozone/integration-test/target/test-dir/MiniOzoneClusterImpl-135c514c-975b-43bb-8c7a-38bae9c970e3/datanode-4/data/ratis/7f8dc46e-9249-4e9b-81b5-93297cc8d484
2021-01-11 02:53:25,734 [pool-2088-thread-1] INFO  server.RaftServerConfigKeys (ConfUtils.java:logGet(44)) - raft.server.log.queue.byte-limit = 2147483647 (custom)
2021-01-11 02:53:25,734 [pool-2088-thread-1] INFO  server.RaftServerConfigKeys (ConfUtils.java:logGet(44)) - raft.server.log.queue.element-limit = 1024 (custom)
2021-01-11 02:53:25,734 [pool-2088-thread-1] INFO  server.RaftServerConfigKeys (ConfUtils.java:logGet(44)) - raft.server.log.segment.size.max = 1048576 (custom)
2021-01-11 02:53:25,734 [pool-2088-thread-1] INFO  server.RaftServerConfigKeys (ConfUtils.java:logGet(44)) - raft.server.log.preallocated.size = 16384 (custom)
2021-01-11 02:53:25,734 [pool-2088-thread-1] INFO  server.RaftServerConfigKeys (ConfUtils.java:logGet(44)) - raft.server.log.force.sync.num = 128 (default)
2021-01-11 02:53:25,734 [pool-2088-thread-1] INFO  server.RaftServerConfigKeys (ConfUtils.java:logGet(44)) - raft.server.log.statemachine.data.sync = true (default)
2021-01-11 02:53:25,734 [pool-2088-thread-1] INFO  server.RaftServerConfigKeys (ConfUtils.java:logGet(44)) - raft.server.log.statemachine.data.sync.timeout = 10s (default)
2021-01-11 02:53:25,734 [pool-2088-thread-1] INFO  server.RaftServerConfigKeys (ConfUtils.java:logGet(44)) - raft.server.log.statemachine.data.sync.timeout.retry = -1 (default)
2021-01-11 02:53:25,741 [pool-2088-thread-1] INFO  server.RaftServerConfigKeys (ConfUtils.java:logGet(44)) - raft.server.log.write.buffer.size = 1048576 (custom)
2021-01-11 02:53:25,742 [pool-2088-thread-1] INFO  server.RaftServerConfigKeys (ConfUtils.java:logGet(44)) - raft.server.log.statemachine.data.caching.enabled = true (custom)
2021-01-11 02:53:25,742 [pool-2088-thread-1] INFO  segmented.SegmentedRaftLogWorker (SegmentedRaftLogWorker.java:lambda$new$0(132)) - d73afb6e-2f04-46f5-9d60-67fd948fc3fc@group-93297CC8D484-SegmentedRaftLogWorker: flushIndex: setUnconditionally 0 -> -1
2021-01-11 02:53:25,742 [pool-2088-thread-1] INFO  segmented.SegmentedRaftLogWorker (SegmentedRaftLogWorker.java:lambda$new$0(132)) - d73afb6e-2f04-46f5-9d60-67fd948fc3fc@group-93297CC8D484-SegmentedRaftLogWorker: safeCacheEvictIndex: setUnconditionally 0 -> -1
2021-01-11 02:53:25,742 [pool-2088-thread-1] INFO  server.RaftServerConfigKeys (ConfUtils.java:logGet(44)) - raft.server.snapshot.auto.trigger.enabled = true (custom)
2021-01-11 02:53:25,743 [pool-2088-thread-1] INFO  server.RaftServerConfigKeys (ConfUtils.java:logGet(44)) - raft.server.snapshot.auto.trigger.threshold = 10000 (custom)
2021-01-11 02:53:25,743 [pool-2088-thread-1] INFO  server.RaftServerConfigKeys (ConfUtils.java:logGet(44)) - raft.server.snapshot.retention.file.num = 5 (custom)
2021-01-11 02:53:25,743 [pool-2088-thread-1] INFO  server.RaftServerConfigKeys (ConfUtils.java:logGet(44)) - raft.server.log.purge.upto.snapshot.index = false (default)
2021-01-11 02:53:25,743 [pool-2088-thread-1] INFO  server.RaftServerConfigKeys (ConfUtils.java:logGet(44)) - raft.server.retrycache.expirytime = 600000ms (custom)
2021-01-11 02:53:25,743 [pool-2088-thread-1] INFO  server.RaftServerConfigKeys (ConfUtils.java:logGet(44)) - raft.server.retrycache.statistics.expirytime = 100?s (default)
2021-01-11 02:53:25,743 [pool-2088-thread-1] INFO  metrics.RatisMetrics (RatisMetrics.java:lambda$create$0(36)) - Creating Metrics Registry : ratis.leader_election.d73afb6e-2f04-46f5-9d60-67fd948fc3fc@group-93297CC8D484
2021-01-11 02:53:25,744 [pool-2088-thread-1] INFO  metrics.RatisMetrics (RatisMetrics.java:lambda$create$0(36)) - Creating Metrics Registry : ratis.server.d73afb6e-2f04-46f5-9d60-67fd948fc3fc@group-93297CC8D484
2021-01-11 02:53:25,746 [pool-2088-thread-1] INFO  server.RaftServer$Division (RaftServerImpl.java:start(294)) - d73afb6e-2f04-46f5-9d60-67fd948fc3fc@group-93297CC8D484: start as a follower, conf=-1: [d73afb6e-2f04-46f5-9d60-67fd948fc3fc|rpc:172.17.0.2:32999|priority:0, 28c9ea05-fb6a-49bf-a2b4-fea96a178ae4|rpc:172.17.0.2:33397|priority:0, 7bc8cf5a-9dee-415c-92cd-434f849c7ae8|rpc:172.17.0.2:35617|priority:1], old=null
2021-01-11 02:53:25,751 [pool-2088-thread-1] INFO  server.RaftServer$Division (RaftServerImpl.java:setRole(283)) - d73afb6e-2f04-46f5-9d60-67fd948fc3fc@group-93297CC8D484: changes role from      null to FOLLOWER at term 0 for startAsFollower
2021-01-11 02:53:25,751 [pool-2088-thread-1] INFO  impl.RoleInfo (RoleInfo.java:updateAndGet(130)) - d73afb6e-2f04-46f5-9d60-67fd948fc3fc: start d73afb6e-2f04-46f5-9d60-67fd948fc3fc@group-93297CC8D484-FollowerState
2021-01-11 02:53:25,751 [pool-2088-thread-1] INFO  util.JmxRegister (JmxRegister.java:tryRegister(44)) - Successfully registered JMX Bean with object name Ratis:service=RaftServer,group=group-93297CC8D484,id=d73afb6e-2f04-46f5-9d60-67fd948fc3fc
2021-01-11 02:53:25,751 [pool-2088-thread-1] INFO  metrics.RatisMetrics (RatisMetrics.java:lambda$create$0(36)) - Creating Metrics Registry : ratis.state_machine.d73afb6e-2f04-46f5-9d60-67fd948fc3fc@group-93297CC8D484
2021-01-11 02:53:25,761 [Command processor thread] INFO  metrics.RatisMetrics (RatisMetrics.java:lambda$create$0(36)) - Creating Metrics Registry : ratis.client_message_metrics.client-12CEA84F6042->7bc8cf5a-9dee-415c-92cd-434f849c7ae8
2021-01-11 02:53:25,770 [grpc-default-executor-9] INFO  metrics.RatisMetrics (RatisMetrics.java:lambda$create$0(36)) - Creating Metrics Registry : ratis.server_message_metrics.7bc8cf5a-9dee-415c-92cd-434f849c7ae8
2021-01-11 02:53:25,774 [grpc-default-executor-9] INFO  server.RaftServer (RaftServerProxy.java:addNew(95)) - 7bc8cf5a-9dee-415c-92cd-434f849c7ae8: addNew group-93297CC8D484:[d73afb6e-2f04-46f5-9d60-67fd948fc3fc|rpc:172.17.0.2:32999|dataStream:|priority:0, 28c9ea05-fb6a-49bf-a2b4-fea96a178ae4|rpc:172.17.0.2:33397|dataStream:|priority:0, 7bc8cf5a-9dee-415c-92cd-434f849c7ae8|rpc:172.17.0.2:35617|dataStream:|priority:1] returns group-93297CC8D484:java.util.concurrent.CompletableFuture@483e5b17[Not completed]
2021-01-11 02:53:25,775 [pool-2072-thread-1] INFO  server.RaftServer$Division (RaftServerImpl.java:<init>(179)) - 7bc8cf5a-9dee-415c-92cd-434f849c7ae8: new RaftServerImpl for group-93297CC8D484:[d73afb6e-2f04-46f5-9d60-67fd948fc3fc|rpc:172.17.0.2:32999|dataStream:|priority:0, 28c9ea05-fb6a-49bf-a2b4-fea96a178ae4|rpc:172.17.0.2:33397|dataStream:|priority:0, 7bc8cf5a-9dee-415c-92cd-434f849c7ae8|rpc:172.17.0.2:35617|dataStream:|priority:1] with ContainerStateMachine:uninitialized
2021-01-11 02:53:25,775 [pool-2072-thread-1] INFO  server.RaftServerConfigKeys (ConfUtils.java:logGet(44)) - raft.server.rpc.timeout.min = 5s (custom)
2021-01-11 02:53:25,775 [pool-2072-thread-1] INFO  server.RaftServerConfigKeys (ConfUtils.java:logGet(44)) - raft.server.rpc.timeout.max = 5200ms (custom)
2021-01-11 02:53:25,775 [pool-2072-thread-1] INFO  server.RaftServerConfigKeys (ConfUtils.java:logGet(44)) - raft.server.rpc.sleep.time = 25ms (default)
2021-01-11 02:53:25,775 [pool-2072-thread-1] INFO  server.RaftServerConfigKeys (ConfUtils.java:logGet(44)) - raft.server.rpc.slowness.timeout = 300s (custom)
2021-01-11 02:53:25,775 [pool-2072-thread-1] INFO  server.RaftServerConfigKeys (ConfUtils.java:logGet(44)) - raft.server.leaderelection.leader.step-down.wait-time = 10s (default)
2021-01-11 02:53:25,775 [pool-2072-thread-1] INFO  server.RaftServerConfigKeys (ConfUtils.java:logGet(44)) - raft.server.sleep.deviation.threshold = 300ms (default)
2021-01-11 02:53:25,775 [pool-2072-thread-1] INFO  server.RaftServerConfigKeys (ConfUtils.java:logGet(44)) - raft.server.log.appender.install.snapshot.enabled = false (custom)
2021-01-11 02:53:25,776 [pool-2072-thread-1] INFO  server.RaftServer$Division (ServerState.java:<init>(103)) - 7bc8cf5a-9dee-415c-92cd-434f849c7ae8@group-93297CC8D484: ConfigurationManager, init=-1: [d73afb6e-2f04-46f5-9d60-67fd948fc3fc|rpc:172.17.0.2:32999|dataStream:|priority:0, 28c9ea05-fb6a-49bf-a2b4-fea96a178ae4|rpc:172.17.0.2:33397|dataStream:|priority:0, 7bc8cf5a-9dee-415c-92cd-434f849c7ae8|rpc:172.17.0.2:35617|dataStream:|priority:1], old=null, confs=<EMPTY_MAP>
2021-01-11 02:53:25,776 [pool-2072-thread-1] INFO  server.RaftServerConfigKeys (ConfUtils.java:logGet(44)) - raft.server.storage.dir = [/github/workspace/mnt/ozone/hadoop-ozone/integration-test/target/test-dir/MiniOzoneClusterImpl-135c514c-975b-43bb-8c7a-38bae9c970e3/datanode-3/data/ratis] (custom)
2021-01-11 02:53:25,776 [pool-2072-thread-1] INFO  server.RaftServerConfigKeys (ConfUtils.java:logGet(44)) - raft.server.log.corruption.policy = EXCEPTION (default)
2021-01-11 02:53:25,776 [pool-2072-thread-1] INFO  storage.RaftStorageDirectory (RaftStorageDirectoryImpl.java:analyzeStorage(132)) - The storage directory /github/workspace/mnt/ozone/hadoop-ozone/integration-test/target/test-dir/MiniOzoneClusterImpl-135c514c-975b-43bb-8c7a-38bae9c970e3/datanode-3/data/ratis/7f8dc46e-9249-4e9b-81b5-93297cc8d484 does not exist. Creating ...
2021-01-11 02:53:25,778 [pool-2072-thread-1] INFO  storage.RaftStorageDirectory (RaftStorageDirectoryImpl.java:tryLock(215)) - Lock on /github/workspace/mnt/ozone/hadoop-ozone/integration-test/target/test-dir/MiniOzoneClusterImpl-135c514c-975b-43bb-8c7a-38bae9c970e3/datanode-3/data/ratis/7f8dc46e-9249-4e9b-81b5-93297cc8d484/in_use.lock acquired by nodename 1545@4354df8493ff
2021-01-11 02:53:25,780 [pool-2072-thread-1] INFO  storage.RaftStorage (RaftStorageImpl.java:format(87)) - Storage directory /github/workspace/mnt/ozone/hadoop-ozone/integration-test/target/test-dir/MiniOzoneClusterImpl-135c514c-975b-43bb-8c7a-38bae9c970e3/datanode-3/data/ratis/7f8dc46e-9249-4e9b-81b5-93297cc8d484 has been successfully formatted.
2021-01-11 02:53:25,780 [pool-2072-thread-1] INFO  ratis.ContainerStateMachine (ContainerStateMachine.java:loadSnapshot(223)) - group-93297CC8D484: The snapshot info is null. Setting the last applied indexto:(t:0, i:~)
2021-01-11 02:53:25,781 [pool-2072-thread-1] ERROR storage.RaftStorage (RaftStorageImpl.java:readRaftConfiguration(147)) - Failed reading configuration from file:/github/workspace/mnt/ozone/hadoop-ozone/integration-test/target/test-dir/MiniOzoneClusterImpl-135c514c-975b-43bb-8c7a-38bae9c970e3/datanode-3/data/ratis/7f8dc46e-9249-4e9b-81b5-93297cc8d484/current/raft-meta.conf
java.io.FileNotFoundException: /github/workspace/mnt/ozone/hadoop-ozone/integration-test/target/test-dir/MiniOzoneClusterImpl-135c514c-975b-43bb-8c7a-38bae9c970e3/datanode-3/data/ratis/7f8dc46e-9249-4e9b-81b5-93297cc8d484/current/raft-meta.conf (No such file or directory)
	at java.io.FileInputStream.open0(Native Method)
	at java.io.FileInputStream.open(FileInputStream.java:195)
	at java.io.FileInputStream.<init>(FileInputStream.java:138)
	at org.apache.ratis.server.storage.RaftStorageImpl.readRaftConfiguration(RaftStorageImpl.java:143)
	at org.apache.ratis.server.impl.ServerState.<init>(ServerState.java:113)
	at org.apache.ratis.server.impl.RaftServerImpl.<init>(RaftServerImpl.java:192)
	at org.apache.ratis.server.impl.RaftServerProxy.lambda$newRaftServerImpl$4(RaftServerProxy.java:266)
	at java.util.concurrent.CompletableFuture$AsyncSupply.run(CompletableFuture.java:1604)
	at java.util.concurrent.ThreadPoolExecutor.runWorker(ThreadPoolExecutor.java:1149)
	at java.util.concurrent.ThreadPoolExecutor$Worker.run(ThreadPoolExecutor.java:624)
	at java.lang.Thread.run(Thread.java:748)
2021-01-11 02:53:25,781 [pool-2072-thread-1] INFO  server.RaftServerConfigKeys (ConfUtils.java:logGet(44)) - raft.server.notification.no-leader.timeout = 300s (custom)
2021-01-11 02:53:25,781 [pool-2072-thread-1] INFO  server.RaftServerConfigKeys (ConfUtils.java:logGet(44)) - raft.server.log.use.memory = false (default)
2021-01-11 02:53:25,781 [pool-2072-thread-1] INFO  server.RaftServerConfigKeys (ConfUtils.java:logGet(44)) - raft.server.log.purge.gap = 1000000 (custom)
2021-01-11 02:53:25,781 [pool-2072-thread-1] INFO  server.RaftServerConfigKeys (ConfUtils.java:logGet(44)) - raft.server.log.appender.buffer.byte-limit = 33554432 (custom)
2021-01-11 02:53:25,781 [pool-2072-thread-1] INFO  metrics.RatisMetrics (RatisMetrics.java:lambda$create$0(36)) - Creating Metrics Registry : ratis.log_worker.7bc8cf5a-9dee-415c-92cd-434f849c7ae8@group-93297CC8D484
2021-01-11 02:53:25,782 [pool-2072-thread-1] INFO  server.RaftServerConfigKeys (ConfUtils.java:logGet(44)) - raft.server.log.segment.size.max = 1048576 (custom)
2021-01-11 02:53:25,788 [pool-2072-thread-1] INFO  server.RaftServerConfigKeys (ConfUtils.java:logGet(44)) - raft.server.log.segment.cache.num.max = 2 (custom)
2021-01-11 02:53:25,789 [pool-2072-thread-1] INFO  server.RaftServerConfigKeys (ConfUtils.java:logGet(44)) - raft.server.log.segment.cache.size.max = 200MB (=209715200) (default)
2021-01-11 02:53:25,789 [pool-2072-thread-1] INFO  segmented.SegmentedRaftLogWorker (SegmentedRaftLogWorker.java:<init>(181)) - new 7bc8cf5a-9dee-415c-92cd-434f849c7ae8@group-93297CC8D484-SegmentedRaftLogWorker for RaftStorageImpl:Storage Directory /github/workspace/mnt/ozone/hadoop-ozone/integration-test/target/test-dir/MiniOzoneClusterImpl-135c514c-975b-43bb-8c7a-38bae9c970e3/datanode-3/data/ratis/7f8dc46e-9249-4e9b-81b5-93297cc8d484
2021-01-11 02:53:25,789 [pool-2072-thread-1] INFO  server.RaftServerConfigKeys (ConfUtils.java:logGet(44)) - raft.server.log.queue.byte-limit = 2147483647 (custom)
2021-01-11 02:53:25,796 [pool-2072-thread-1] INFO  server.RaftServerConfigKeys (ConfUtils.java:logGet(44)) - raft.server.log.queue.element-limit = 1024 (custom)
2021-01-11 02:53:25,796 [pool-2072-thread-1] INFO  server.RaftServerConfigKeys (ConfUtils.java:logGet(44)) - raft.server.log.segment.size.max = 1048576 (custom)
2021-01-11 02:53:25,796 [pool-2072-thread-1] INFO  server.RaftServerConfigKeys (ConfUtils.java:logGet(44)) - raft.server.log.preallocated.size = 16384 (custom)
2021-01-11 02:53:25,796 [pool-2072-thread-1] INFO  server.RaftServerConfigKeys (ConfUtils.java:logGet(44)) - raft.server.log.force.sync.num = 128 (default)
2021-01-11 02:53:25,796 [pool-2072-thread-1] INFO  server.RaftServerConfigKeys (ConfUtils.java:logGet(44)) - raft.server.log.statemachine.data.sync = true (default)
2021-01-11 02:53:25,796 [pool-2072-thread-1] INFO  server.RaftServerConfigKeys (ConfUtils.java:logGet(44)) - raft.server.log.statemachine.data.sync.timeout = 10s (default)
2021-01-11 02:53:25,796 [pool-2072-thread-1] INFO  server.RaftServerConfigKeys (ConfUtils.java:logGet(44)) - raft.server.log.statemachine.data.sync.timeout.retry = -1 (default)
2021-01-11 02:53:25,801 [pool-2072-thread-1] INFO  server.RaftServerConfigKeys (ConfUtils.java:logGet(44)) - raft.server.log.write.buffer.size = 1048576 (custom)
2021-01-11 02:53:25,806 [pool-2072-thread-1] INFO  server.RaftServerConfigKeys (ConfUtils.java:logGet(44)) - raft.server.log.statemachine.data.caching.enabled = true (custom)
2021-01-11 02:53:25,806 [pool-2072-thread-1] INFO  segmented.SegmentedRaftLogWorker (SegmentedRaftLogWorker.java:lambda$new$0(132)) - 7bc8cf5a-9dee-415c-92cd-434f849c7ae8@group-93297CC8D484-SegmentedRaftLogWorker: flushIndex: setUnconditionally 0 -> -1
2021-01-11 02:53:25,806 [pool-2072-thread-1] INFO  segmented.SegmentedRaftLogWorker (SegmentedRaftLogWorker.java:lambda$new$0(132)) - 7bc8cf5a-9dee-415c-92cd-434f849c7ae8@group-93297CC8D484-SegmentedRaftLogWorker: safeCacheEvictIndex: setUnconditionally 0 -> -1
2021-01-11 02:53:25,807 [pool-2072-thread-1] INFO  server.RaftServerConfigKeys (ConfUtils.java:logGet(44)) - raft.server.snapshot.auto.trigger.enabled = true (custom)
2021-01-11 02:53:25,807 [pool-2072-thread-1] INFO  server.RaftServerConfigKeys (ConfUtils.java:logGet(44)) - raft.server.snapshot.auto.trigger.threshold = 10000 (custom)
2021-01-11 02:53:25,807 [pool-2072-thread-1] INFO  server.RaftServerConfigKeys (ConfUtils.java:logGet(44)) - raft.server.snapshot.retention.file.num = 5 (custom)
2021-01-11 02:53:25,807 [pool-2072-thread-1] INFO  server.RaftServerConfigKeys (ConfUtils.java:logGet(44)) - raft.server.log.purge.upto.snapshot.index = false (default)
2021-01-11 02:53:25,807 [pool-2072-thread-1] INFO  server.RaftServerConfigKeys (ConfUtils.java:logGet(44)) - raft.server.retrycache.expirytime = 600000ms (custom)
2021-01-11 02:53:25,807 [pool-2072-thread-1] INFO  server.RaftServerConfigKeys (ConfUtils.java:logGet(44)) - raft.server.retrycache.statistics.expirytime = 100?s (default)
2021-01-11 02:53:25,807 [pool-2072-thread-1] INFO  metrics.RatisMetrics (RatisMetrics.java:lambda$create$0(36)) - Creating Metrics Registry : ratis.leader_election.7bc8cf5a-9dee-415c-92cd-434f849c7ae8@group-93297CC8D484
2021-01-11 02:53:25,808 [pool-2072-thread-1] INFO  metrics.RatisMetrics (RatisMetrics.java:lambda$create$0(36)) - Creating Metrics Registry : ratis.server.7bc8cf5a-9dee-415c-92cd-434f849c7ae8@group-93297CC8D484
2021-01-11 02:53:25,810 [pool-2072-thread-1] INFO  server.RaftServer$Division (RaftServerImpl.java:start(294)) - 7bc8cf5a-9dee-415c-92cd-434f849c7ae8@group-93297CC8D484: start as a follower, conf=-1: [d73afb6e-2f04-46f5-9d60-67fd948fc3fc|rpc:172.17.0.2:32999|dataStream:|priority:0, 28c9ea05-fb6a-49bf-a2b4-fea96a178ae4|rpc:172.17.0.2:33397|dataStream:|priority:0, 7bc8cf5a-9dee-415c-92cd-434f849c7ae8|rpc:172.17.0.2:35617|dataStream:|priority:1], old=null
2021-01-11 02:53:25,810 [pool-2072-thread-1] INFO  server.RaftServer$Division (RaftServerImpl.java:setRole(283)) - 7bc8cf5a-9dee-415c-92cd-434f849c7ae8@group-93297CC8D484: changes role from      null to FOLLOWER at term 0 for startAsFollower
2021-01-11 02:53:25,811 [pool-2072-thread-1] INFO  impl.RoleInfo (RoleInfo.java:updateAndGet(130)) - 7bc8cf5a-9dee-415c-92cd-434f849c7ae8: start 7bc8cf5a-9dee-415c-92cd-434f849c7ae8@group-93297CC8D484-FollowerState
2021-01-11 02:53:25,811 [pool-2072-thread-1] INFO  util.JmxRegister (JmxRegister.java:tryRegister(44)) - Successfully registered JMX Bean with object name Ratis:service=RaftServer,group=group-93297CC8D484,id=7bc8cf5a-9dee-415c-92cd-434f849c7ae8
2021-01-11 02:53:25,811 [pool-2072-thread-1] INFO  metrics.RatisMetrics (RatisMetrics.java:lambda$create$0(36)) - Creating Metrics Registry : ratis.state_machine.7bc8cf5a-9dee-415c-92cd-434f849c7ae8@group-93297CC8D484
2021-01-11 02:53:25,858 [Command processor thread] INFO  metrics.RatisMetrics (RatisMetrics.java:lambda$create$0(36)) - Creating Metrics Registry : ratis.client_message_metrics.client-8A3BC07BFB56->28c9ea05-fb6a-49bf-a2b4-fea96a178ae4
2021-01-11 02:53:25,863 [grpc-default-executor-10] INFO  metrics.RatisMetrics (RatisMetrics.java:lambda$create$0(36)) - Creating Metrics Registry : ratis.server_message_metrics.28c9ea05-fb6a-49bf-a2b4-fea96a178ae4
2021-01-11 02:53:25,869 [grpc-default-executor-10] INFO  server.RaftServer (RaftServerProxy.java:addNew(95)) - 28c9ea05-fb6a-49bf-a2b4-fea96a178ae4: addNew group-93297CC8D484:[d73afb6e-2f04-46f5-9d60-67fd948fc3fc|rpc:172.17.0.2:32999|dataStream:|priority:0, 28c9ea05-fb6a-49bf-a2b4-fea96a178ae4|rpc:172.17.0.2:33397|dataStream:|priority:0, 7bc8cf5a-9dee-415c-92cd-434f849c7ae8|rpc:172.17.0.2:35617|dataStream:|priority:1] returns group-93297CC8D484:java.util.concurrent.CompletableFuture@e77a278[Not completed]
2021-01-11 02:53:25,870 [pool-2104-thread-1] INFO  server.RaftServer$Division (RaftServerImpl.java:<init>(179)) - 28c9ea05-fb6a-49bf-a2b4-fea96a178ae4: new RaftServerImpl for group-93297CC8D484:[d73afb6e-2f04-46f5-9d60-67fd948fc3fc|rpc:172.17.0.2:32999|dataStream:|priority:0, 28c9ea05-fb6a-49bf-a2b4-fea96a178ae4|rpc:172.17.0.2:33397|dataStream:|priority:0, 7bc8cf5a-9dee-415c-92cd-434f849c7ae8|rpc:172.17.0.2:35617|dataStream:|priority:1] with ContainerStateMachine:uninitialized
2021-01-11 02:53:25,870 [pool-2104-thread-1] INFO  server.RaftServerConfigKeys (ConfUtils.java:logGet(44)) - raft.server.rpc.timeout.min = 5s (custom)
2021-01-11 02:53:25,870 [pool-2104-thread-1] INFO  server.RaftServerConfigKeys (ConfUtils.java:logGet(44)) - raft.server.rpc.timeout.max = 5200ms (custom)
2021-01-11 02:53:25,870 [pool-2104-thread-1] INFO  server.RaftServerConfigKeys (ConfUtils.java:logGet(44)) - raft.server.rpc.sleep.time = 25ms (default)
2021-01-11 02:53:25,870 [pool-2104-thread-1] INFO  server.RaftServerConfigKeys (ConfUtils.java:logGet(44)) - raft.server.rpc.slowness.timeout = 300s (custom)
2021-01-11 02:53:25,870 [pool-2104-thread-1] INFO  server.RaftServerConfigKeys (ConfUtils.java:logGet(44)) - raft.server.leaderelection.leader.step-down.wait-time = 10s (default)
2021-01-11 02:53:25,870 [pool-2104-thread-1] INFO  server.RaftServerConfigKeys (ConfUtils.java:logGet(44)) - raft.server.sleep.deviation.threshold = 300ms (default)
2021-01-11 02:53:25,870 [pool-2104-thread-1] INFO  server.RaftServerConfigKeys (ConfUtils.java:logGet(44)) - raft.server.log.appender.install.snapshot.enabled = false (custom)
2021-01-11 02:53:25,870 [pool-2104-thread-1] INFO  server.RaftServer$Division (ServerState.java:<init>(103)) - 28c9ea05-fb6a-49bf-a2b4-fea96a178ae4@group-93297CC8D484: ConfigurationManager, init=-1: [d73afb6e-2f04-46f5-9d60-67fd948fc3fc|rpc:172.17.0.2:32999|dataStream:|priority:0, 28c9ea05-fb6a-49bf-a2b4-fea96a178ae4|rpc:172.17.0.2:33397|dataStream:|priority:0, 7bc8cf5a-9dee-415c-92cd-434f849c7ae8|rpc:172.17.0.2:35617|dataStream:|priority:1], old=null, confs=<EMPTY_MAP>
2021-01-11 02:53:25,870 [pool-2104-thread-1] INFO  server.RaftServerConfigKeys (ConfUtils.java:logGet(44)) - raft.server.storage.dir = [/github/workspace/mnt/ozone/hadoop-ozone/integration-test/target/test-dir/MiniOzoneClusterImpl-135c514c-975b-43bb-8c7a-38bae9c970e3/datanode-5/data/ratis] (custom)
2021-01-11 02:53:25,870 [pool-2104-thread-1] INFO  server.RaftServerConfigKeys (ConfUtils.java:logGet(44)) - raft.server.log.corruption.policy = EXCEPTION (default)
2021-01-11 02:53:25,870 [pool-2104-thread-1] INFO  storage.RaftStorageDirectory (RaftStorageDirectoryImpl.java:analyzeStorage(132)) - The storage directory /github/workspace/mnt/ozone/hadoop-ozone/integration-test/target/test-dir/MiniOzoneClusterImpl-135c514c-975b-43bb-8c7a-38bae9c970e3/datanode-5/data/ratis/7f8dc46e-9249-4e9b-81b5-93297cc8d484 does not exist. Creating ...
2021-01-11 02:53:25,877 [pool-2104-thread-1] INFO  storage.RaftStorageDirectory (RaftStorageDirectoryImpl.java:tryLock(215)) - Lock on /github/workspace/mnt/ozone/hadoop-ozone/integration-test/target/test-dir/MiniOzoneClusterImpl-135c514c-975b-43bb-8c7a-38bae9c970e3/datanode-5/data/ratis/7f8dc46e-9249-4e9b-81b5-93297cc8d484/in_use.lock acquired by nodename 1545@4354df8493ff
2021-01-11 02:53:25,879 [pool-2104-thread-1] INFO  storage.RaftStorage (RaftStorageImpl.java:format(87)) - Storage directory /github/workspace/mnt/ozone/hadoop-ozone/integration-test/target/test-dir/MiniOzoneClusterImpl-135c514c-975b-43bb-8c7a-38bae9c970e3/datanode-5/data/ratis/7f8dc46e-9249-4e9b-81b5-93297cc8d484 has been successfully formatted.
2021-01-11 02:53:25,879 [pool-2104-thread-1] INFO  ratis.ContainerStateMachine (ContainerStateMachine.java:loadSnapshot(223)) - group-93297CC8D484: The snapshot info is null. Setting the last applied indexto:(t:0, i:~)
2021-01-11 02:53:25,879 [pool-2104-thread-1] ERROR storage.RaftStorage (RaftStorageImpl.java:readRaftConfiguration(147)) - Failed reading configuration from file:/github/workspace/mnt/ozone/hadoop-ozone/integration-test/target/test-dir/MiniOzoneClusterImpl-135c514c-975b-43bb-8c7a-38bae9c970e3/datanode-5/data/ratis/7f8dc46e-9249-4e9b-81b5-93297cc8d484/current/raft-meta.conf
java.io.FileNotFoundException: /github/workspace/mnt/ozone/hadoop-ozone/integration-test/target/test-dir/MiniOzoneClusterImpl-135c514c-975b-43bb-8c7a-38bae9c970e3/datanode-5/data/ratis/7f8dc46e-9249-4e9b-81b5-93297cc8d484/current/raft-meta.conf (No such file or directory)
	at java.io.FileInputStream.open0(Native Method)
	at java.io.FileInputStream.open(FileInputStream.java:195)
	at java.io.FileInputStream.<init>(FileInputStream.java:138)
	at org.apache.ratis.server.storage.RaftStorageImpl.readRaftConfiguration(RaftStorageImpl.java:143)
	at org.apache.ratis.server.impl.ServerState.<init>(ServerState.java:113)
	at org.apache.ratis.server.impl.RaftServerImpl.<init>(RaftServerImpl.java:192)
	at org.apache.ratis.server.impl.RaftServerProxy.lambda$newRaftServerImpl$4(RaftServerProxy.java:266)
	at java.util.concurrent.CompletableFuture$AsyncSupply.run(CompletableFuture.java:1604)
	at java.util.concurrent.ThreadPoolExecutor.runWorker(ThreadPoolExecutor.java:1149)
	at java.util.concurrent.ThreadPoolExecutor$Worker.run(ThreadPoolExecutor.java:624)
	at java.lang.Thread.run(Thread.java:748)
2021-01-11 02:53:25,879 [pool-2104-thread-1] INFO  server.RaftServerConfigKeys (ConfUtils.java:logGet(44)) - raft.server.notification.no-leader.timeout = 300s (custom)
2021-01-11 02:53:25,879 [pool-2104-thread-1] INFO  server.RaftServerConfigKeys (ConfUtils.java:logGet(44)) - raft.server.log.use.memory = false (default)
2021-01-11 02:53:25,882 [pool-2104-thread-1] INFO  server.RaftServerConfigKeys (ConfUtils.java:logGet(44)) - raft.server.log.purge.gap = 1000000 (custom)
2021-01-11 02:53:25,882 [pool-2104-thread-1] INFO  server.RaftServerConfigKeys (ConfUtils.java:logGet(44)) - raft.server.log.appender.buffer.byte-limit = 33554432 (custom)
2021-01-11 02:53:25,882 [pool-2104-thread-1] INFO  metrics.RatisMetrics (RatisMetrics.java:lambda$create$0(36)) - Creating Metrics Registry : ratis.log_worker.28c9ea05-fb6a-49bf-a2b4-fea96a178ae4@group-93297CC8D484
2021-01-11 02:53:25,882 [pool-2104-thread-1] INFO  server.RaftServerConfigKeys (ConfUtils.java:logGet(44)) - raft.server.log.segment.size.max = 1048576 (custom)
2021-01-11 02:53:25,887 [pool-2104-thread-1] INFO  server.RaftServerConfigKeys (ConfUtils.java:logGet(44)) - raft.server.log.segment.cache.num.max = 2 (custom)
2021-01-11 02:53:25,887 [pool-2104-thread-1] INFO  server.RaftServerConfigKeys (ConfUtils.java:logGet(44)) - raft.server.log.segment.cache.size.max = 200MB (=209715200) (default)
2021-01-11 02:53:25,887 [pool-2104-thread-1] INFO  segmented.SegmentedRaftLogWorker (SegmentedRaftLogWorker.java:<init>(181)) - new 28c9ea05-fb6a-49bf-a2b4-fea96a178ae4@group-93297CC8D484-SegmentedRaftLogWorker for RaftStorageImpl:Storage Directory /github/workspace/mnt/ozone/hadoop-ozone/integration-test/target/test-dir/MiniOzoneClusterImpl-135c514c-975b-43bb-8c7a-38bae9c970e3/datanode-5/data/ratis/7f8dc46e-9249-4e9b-81b5-93297cc8d484
2021-01-11 02:53:25,887 [pool-2104-thread-1] INFO  server.RaftServerConfigKeys (ConfUtils.java:logGet(44)) - raft.server.log.queue.byte-limit = 2147483647 (custom)
2021-01-11 02:53:25,887 [pool-2104-thread-1] INFO  server.RaftServerConfigKeys (ConfUtils.java:logGet(44)) - raft.server.log.queue.element-limit = 1024 (custom)
2021-01-11 02:53:25,887 [pool-2104-thread-1] INFO  server.RaftServerConfigKeys (ConfUtils.java:logGet(44)) - raft.server.log.segment.size.max = 1048576 (custom)
2021-01-11 02:53:25,887 [pool-2104-thread-1] INFO  server.RaftServerConfigKeys (ConfUtils.java:logGet(44)) - raft.server.log.preallocated.size = 16384 (custom)
2021-01-11 02:53:25,887 [pool-2104-thread-1] INFO  server.RaftServerConfigKeys (ConfUtils.java:logGet(44)) - raft.server.log.force.sync.num = 128 (default)
2021-01-11 02:53:25,887 [pool-2104-thread-1] INFO  server.RaftServerConfigKeys (ConfUtils.java:logGet(44)) - raft.server.log.statemachine.data.sync = true (default)
2021-01-11 02:53:25,887 [pool-2104-thread-1] INFO  server.RaftServerConfigKeys (ConfUtils.java:logGet(44)) - raft.server.log.statemachine.data.sync.timeout = 10s (default)
2021-01-11 02:53:25,887 [pool-2104-thread-1] INFO  server.RaftServerConfigKeys (ConfUtils.java:logGet(44)) - raft.server.log.statemachine.data.sync.timeout.retry = -1 (default)
2021-01-11 02:53:25,890 [pool-2104-thread-1] INFO  server.RaftServerConfigKeys (ConfUtils.java:logGet(44)) - raft.server.log.write.buffer.size = 1048576 (custom)
2021-01-11 02:53:25,891 [pool-2104-thread-1] INFO  server.RaftServerConfigKeys (ConfUtils.java:logGet(44)) - raft.server.log.statemachine.data.caching.enabled = true (custom)
2021-01-11 02:53:25,891 [pool-2104-thread-1] INFO  segmented.SegmentedRaftLogWorker (SegmentedRaftLogWorker.java:lambda$new$0(132)) - 28c9ea05-fb6a-49bf-a2b4-fea96a178ae4@group-93297CC8D484-SegmentedRaftLogWorker: flushIndex: setUnconditionally 0 -> -1
2021-01-11 02:53:25,891 [pool-2104-thread-1] INFO  segmented.SegmentedRaftLogWorker (SegmentedRaftLogWorker.java:lambda$new$0(132)) - 28c9ea05-fb6a-49bf-a2b4-fea96a178ae4@group-93297CC8D484-SegmentedRaftLogWorker: safeCacheEvictIndex: setUnconditionally 0 -> -1
2021-01-11 02:53:25,891 [pool-2104-thread-1] INFO  server.RaftServerConfigKeys (ConfUtils.java:logGet(44)) - raft.server.snapshot.auto.trigger.enabled = true (custom)
2021-01-11 02:53:25,891 [pool-2104-thread-1] INFO  server.RaftServerConfigKeys (ConfUtils.java:logGet(44)) - raft.server.snapshot.auto.trigger.threshold = 10000 (custom)
2021-01-11 02:53:25,892 [pool-2104-thread-1] INFO  server.RaftServerConfigKeys (ConfUtils.java:logGet(44)) - raft.server.snapshot.retention.file.num = 5 (custom)
2021-01-11 02:53:25,892 [pool-2104-thread-1] INFO  server.RaftServerConfigKeys (ConfUtils.java:logGet(44)) - raft.server.log.purge.upto.snapshot.index = false (default)
2021-01-11 02:53:25,892 [pool-2104-thread-1] INFO  server.RaftServerConfigKeys (ConfUtils.java:logGet(44)) - raft.server.retrycache.expirytime = 600000ms (custom)
2021-01-11 02:53:25,892 [pool-2104-thread-1] INFO  server.RaftServerConfigKeys (ConfUtils.java:logGet(44)) - raft.server.retrycache.statistics.expirytime = 100?s (default)
2021-01-11 02:53:25,892 [pool-2104-thread-1] INFO  metrics.RatisMetrics (RatisMetrics.java:lambda$create$0(36)) - Creating Metrics Registry : ratis.leader_election.28c9ea05-fb6a-49bf-a2b4-fea96a178ae4@group-93297CC8D484
2021-01-11 02:53:25,893 [pool-2104-thread-1] INFO  metrics.RatisMetrics (RatisMetrics.java:lambda$create$0(36)) - Creating Metrics Registry : ratis.server.28c9ea05-fb6a-49bf-a2b4-fea96a178ae4@group-93297CC8D484
2021-01-11 02:53:25,896 [pool-2104-thread-1] INFO  server.RaftServer$Division (RaftServerImpl.java:start(294)) - 28c9ea05-fb6a-49bf-a2b4-fea96a178ae4@group-93297CC8D484: start as a follower, conf=-1: [d73afb6e-2f04-46f5-9d60-67fd948fc3fc|rpc:172.17.0.2:32999|dataStream:|priority:0, 28c9ea05-fb6a-49bf-a2b4-fea96a178ae4|rpc:172.17.0.2:33397|dataStream:|priority:0, 7bc8cf5a-9dee-415c-92cd-434f849c7ae8|rpc:172.17.0.2:35617|dataStream:|priority:1], old=null
2021-01-11 02:53:25,896 [pool-2104-thread-1] INFO  server.RaftServer$Division (RaftServerImpl.java:setRole(283)) - 28c9ea05-fb6a-49bf-a2b4-fea96a178ae4@group-93297CC8D484: changes role from      null to FOLLOWER at term 0 for startAsFollower
2021-01-11 02:53:25,896 [pool-2104-thread-1] INFO  impl.RoleInfo (RoleInfo.java:updateAndGet(130)) - 28c9ea05-fb6a-49bf-a2b4-fea96a178ae4: start 28c9ea05-fb6a-49bf-a2b4-fea96a178ae4@group-93297CC8D484-FollowerState
2021-01-11 02:53:25,896 [pool-2104-thread-1] INFO  util.JmxRegister (JmxRegister.java:tryRegister(44)) - Successfully registered JMX Bean with object name Ratis:service=RaftServer,group=group-93297CC8D484,id=28c9ea05-fb6a-49bf-a2b4-fea96a178ae4
2021-01-11 02:53:25,897 [pool-2104-thread-1] INFO  metrics.RatisMetrics (RatisMetrics.java:lambda$create$0(36)) - Creating Metrics Registry : ratis.state_machine.28c9ea05-fb6a-49bf-a2b4-fea96a178ae4@group-93297CC8D484
2021-01-11 02:53:25,903 [Command processor thread] INFO  commandhandler.CreatePipelineCommandHandler (CreatePipelineCommandHandler.java:handle(106)) - Created Pipeline RATIS THREE PipelineID=7f8dc46e-9249-4e9b-81b5-93297cc8d484.
2021-01-11 02:53:27,679 [Command processor thread] INFO  server.RaftServer (RaftServerProxy.java:addNew(95)) - 28c9ea05-fb6a-49bf-a2b4-fea96a178ae4: addNew group-DD188AA34AB4:[28c9ea05-fb6a-49bf-a2b4-fea96a178ae4|rpc:172.17.0.2:33397|priority:1] returns group-DD188AA34AB4:java.util.concurrent.CompletableFuture@3d0b2ee9[Not completed]
2021-01-11 02:53:27,680 [pool-2104-thread-1] INFO  server.RaftServer$Division (RaftServerImpl.java:<init>(179)) - 28c9ea05-fb6a-49bf-a2b4-fea96a178ae4: new RaftServerImpl for group-DD188AA34AB4:[28c9ea05-fb6a-49bf-a2b4-fea96a178ae4|rpc:172.17.0.2:33397|priority:1] with ContainerStateMachine:uninitialized
2021-01-11 02:53:27,680 [pool-2104-thread-1] INFO  server.RaftServerConfigKeys (ConfUtils.java:logGet(44)) - raft.server.rpc.timeout.min = 5s (custom)
2021-01-11 02:53:27,680 [pool-2104-thread-1] INFO  server.RaftServerConfigKeys (ConfUtils.java:logGet(44)) - raft.server.rpc.timeout.max = 5200ms (custom)
2021-01-11 02:53:27,680 [pool-2104-thread-1] INFO  server.RaftServerConfigKeys (ConfUtils.java:logGet(44)) - raft.server.rpc.sleep.time = 25ms (default)
2021-01-11 02:53:27,680 [pool-2104-thread-1] INFO  server.RaftServerConfigKeys (ConfUtils.java:logGet(44)) - raft.server.rpc.slowness.timeout = 300s (custom)
2021-01-11 02:53:27,680 [pool-2104-thread-1] INFO  server.RaftServerConfigKeys (ConfUtils.java:logGet(44)) - raft.server.leaderelection.leader.step-down.wait-time = 10s (default)
2021-01-11 02:53:27,680 [pool-2104-thread-1] INFO  server.RaftServerConfigKeys (ConfUtils.java:logGet(44)) - raft.server.sleep.deviation.threshold = 300ms (default)
2021-01-11 02:53:27,680 [pool-2104-thread-1] INFO  server.RaftServerConfigKeys (ConfUtils.java:logGet(44)) - raft.server.log.appender.install.snapshot.enabled = false (custom)
2021-01-11 02:53:27,680 [pool-2104-thread-1] INFO  server.RaftServer$Division (ServerState.java:<init>(103)) - 28c9ea05-fb6a-49bf-a2b4-fea96a178ae4@group-DD188AA34AB4: ConfigurationManager, init=-1: [28c9ea05-fb6a-49bf-a2b4-fea96a178ae4|rpc:172.17.0.2:33397|priority:1], old=null, confs=<EMPTY_MAP>
2021-01-11 02:53:27,680 [pool-2104-thread-1] INFO  server.RaftServerConfigKeys (ConfUtils.java:logGet(44)) - raft.server.storage.dir = [/github/workspace/mnt/ozone/hadoop-ozone/integration-test/target/test-dir/MiniOzoneClusterImpl-135c514c-975b-43bb-8c7a-38bae9c970e3/datanode-5/data/ratis] (custom)
2021-01-11 02:53:27,681 [pool-2104-thread-1] INFO  server.RaftServerConfigKeys (ConfUtils.java:logGet(44)) - raft.server.log.corruption.policy = EXCEPTION (default)
2021-01-11 02:53:27,681 [pool-2104-thread-1] INFO  storage.RaftStorageDirectory (RaftStorageDirectoryImpl.java:analyzeStorage(132)) - The storage directory /github/workspace/mnt/ozone/hadoop-ozone/integration-test/target/test-dir/MiniOzoneClusterImpl-135c514c-975b-43bb-8c7a-38bae9c970e3/datanode-5/data/ratis/4a87c8fd-b8bd-49d9-92cc-dd188aa34ab4 does not exist. Creating ...
2021-01-11 02:53:27,682 [pool-2104-thread-1] INFO  storage.RaftStorageDirectory (RaftStorageDirectoryImpl.java:tryLock(215)) - Lock on /github/workspace/mnt/ozone/hadoop-ozone/integration-test/target/test-dir/MiniOzoneClusterImpl-135c514c-975b-43bb-8c7a-38bae9c970e3/datanode-5/data/ratis/4a87c8fd-b8bd-49d9-92cc-dd188aa34ab4/in_use.lock acquired by nodename 1545@4354df8493ff
2021-01-11 02:53:27,683 [pool-2104-thread-1] INFO  storage.RaftStorage (RaftStorageImpl.java:format(87)) - Storage directory /github/workspace/mnt/ozone/hadoop-ozone/integration-test/target/test-dir/MiniOzoneClusterImpl-135c514c-975b-43bb-8c7a-38bae9c970e3/datanode-5/data/ratis/4a87c8fd-b8bd-49d9-92cc-dd188aa34ab4 has been successfully formatted.
2021-01-11 02:53:27,683 [pool-2104-thread-1] INFO  ratis.ContainerStateMachine (ContainerStateMachine.java:loadSnapshot(223)) - group-DD188AA34AB4: The snapshot info is null. Setting the last applied indexto:(t:0, i:~)
2021-01-11 02:53:27,683 [pool-2104-thread-1] ERROR storage.RaftStorage (RaftStorageImpl.java:readRaftConfiguration(147)) - Failed reading configuration from file:/github/workspace/mnt/ozone/hadoop-ozone/integration-test/target/test-dir/MiniOzoneClusterImpl-135c514c-975b-43bb-8c7a-38bae9c970e3/datanode-5/data/ratis/4a87c8fd-b8bd-49d9-92cc-dd188aa34ab4/current/raft-meta.conf
java.io.FileNotFoundException: /github/workspace/mnt/ozone/hadoop-ozone/integration-test/target/test-dir/MiniOzoneClusterImpl-135c514c-975b-43bb-8c7a-38bae9c970e3/datanode-5/data/ratis/4a87c8fd-b8bd-49d9-92cc-dd188aa34ab4/current/raft-meta.conf (No such file or directory)
	at java.io.FileInputStream.open0(Native Method)
	at java.io.FileInputStream.open(FileInputStream.java:195)
	at java.io.FileInputStream.<init>(FileInputStream.java:138)
	at org.apache.ratis.server.storage.RaftStorageImpl.readRaftConfiguration(RaftStorageImpl.java:143)
	at org.apache.ratis.server.impl.ServerState.<init>(ServerState.java:113)
	at org.apache.ratis.server.impl.RaftServerImpl.<init>(RaftServerImpl.java:192)
	at org.apache.ratis.server.impl.RaftServerProxy.lambda$newRaftServerImpl$4(RaftServerProxy.java:266)
	at java.util.concurrent.CompletableFuture$AsyncSupply.run(CompletableFuture.java:1604)
	at java.util.concurrent.ThreadPoolExecutor.runWorker(ThreadPoolExecutor.java:1149)
	at java.util.concurrent.ThreadPoolExecutor$Worker.run(ThreadPoolExecutor.java:624)
	at java.lang.Thread.run(Thread.java:748)
2021-01-11 02:53:27,683 [pool-2104-thread-1] INFO  server.RaftServerConfigKeys (ConfUtils.java:logGet(44)) - raft.server.notification.no-leader.timeout = 300s (custom)
2021-01-11 02:53:27,684 [pool-2104-thread-1] INFO  server.RaftServerConfigKeys (ConfUtils.java:logGet(44)) - raft.server.log.use.memory = false (default)
2021-01-11 02:53:27,684 [pool-2104-thread-1] INFO  server.RaftServerConfigKeys (ConfUtils.java:logGet(44)) - raft.server.log.purge.gap = 1000000 (custom)
2021-01-11 02:53:27,684 [EventQueue-PipelineReportForPipelineReportHandler] INFO  pipeline.PipelineStateManager (PipelineStateManager.java:openPipeline(132)) - Pipeline Pipeline[ Id: 4a87c8fd-b8bd-49d9-92cc-dd188aa34ab4, Nodes: 28c9ea05-fb6a-49bf-a2b4-fea96a178ae4{ip: 172.17.0.2, host: 4354df8493ff, networkLocation: /default-rack, certSerialId: null, persistedOpState: IN_SERVICE, persistedOpStateExpiryEpochSec: 0}, Type:RATIS, Factor:ONE, State:ALLOCATED, leaderId:28c9ea05-fb6a-49bf-a2b4-fea96a178ae4, CreationTimestamp2021-01-11T02:53:24.681Z] moved to OPEN state
2021-01-11 02:53:27,684 [pool-2104-thread-1] INFO  server.RaftServerConfigKeys (ConfUtils.java:logGet(44)) - raft.server.log.appender.buffer.byte-limit = 33554432 (custom)
2021-01-11 02:53:27,684 [pool-2104-thread-1] INFO  metrics.RatisMetrics (RatisMetrics.java:lambda$create$0(36)) - Creating Metrics Registry : ratis.log_worker.28c9ea05-fb6a-49bf-a2b4-fea96a178ae4@group-DD188AA34AB4
2021-01-11 02:53:27,684 [pool-2104-thread-1] INFO  server.RaftServerConfigKeys (ConfUtils.java:logGet(44)) - raft.server.log.segment.size.max = 1048576 (custom)
2021-01-11 02:53:27,685 [pool-2104-thread-1] INFO  server.RaftServerConfigKeys (ConfUtils.java:logGet(44)) - raft.server.log.segment.cache.num.max = 2 (custom)
2021-01-11 02:53:27,685 [pool-2104-thread-1] INFO  server.RaftServerConfigKeys (ConfUtils.java:logGet(44)) - raft.server.log.segment.cache.size.max = 200MB (=209715200) (default)
2021-01-11 02:53:27,685 [pool-2104-thread-1] INFO  segmented.SegmentedRaftLogWorker (SegmentedRaftLogWorker.java:<init>(181)) - new 28c9ea05-fb6a-49bf-a2b4-fea96a178ae4@group-DD188AA34AB4-SegmentedRaftLogWorker for RaftStorageImpl:Storage Directory /github/workspace/mnt/ozone/hadoop-ozone/integration-test/target/test-dir/MiniOzoneClusterImpl-135c514c-975b-43bb-8c7a-38bae9c970e3/datanode-5/data/ratis/4a87c8fd-b8bd-49d9-92cc-dd188aa34ab4
2021-01-11 02:53:27,686 [pool-2104-thread-1] INFO  server.RaftServerConfigKeys (ConfUtils.java:logGet(44)) - raft.server.log.queue.byte-limit = 2147483647 (custom)
2021-01-11 02:53:27,686 [pool-2104-thread-1] INFO  server.RaftServerConfigKeys (ConfUtils.java:logGet(44)) - raft.server.log.queue.element-limit = 1024 (custom)
2021-01-11 02:53:27,686 [pool-2104-thread-1] INFO  server.RaftServerConfigKeys (ConfUtils.java:logGet(44)) - raft.server.log.segment.size.max = 1048576 (custom)
2021-01-11 02:53:27,686 [pool-2104-thread-1] INFO  server.RaftServerConfigKeys (ConfUtils.java:logGet(44)) - raft.server.log.preallocated.size = 16384 (custom)
2021-01-11 02:53:27,686 [pool-2104-thread-1] INFO  server.RaftServerConfigKeys (ConfUtils.java:logGet(44)) - raft.server.log.force.sync.num = 128 (default)
2021-01-11 02:53:27,686 [pool-2104-thread-1] INFO  server.RaftServerConfigKeys (ConfUtils.java:logGet(44)) - raft.server.log.statemachine.data.sync = true (default)
2021-01-11 02:53:27,686 [pool-2104-thread-1] INFO  server.RaftServerConfigKeys (ConfUtils.java:logGet(44)) - raft.server.log.statemachine.data.sync.timeout = 10s (default)
2021-01-11 02:53:27,687 [pool-2104-thread-1] INFO  server.RaftServerConfigKeys (ConfUtils.java:logGet(44)) - raft.server.log.statemachine.data.sync.timeout.retry = -1 (default)
2021-01-11 02:53:27,697 [pool-2104-thread-1] INFO  server.RaftServerConfigKeys (ConfUtils.java:logGet(44)) - raft.server.log.write.buffer.size = 1048576 (custom)
2021-01-11 02:53:27,698 [pool-2104-thread-1] INFO  server.RaftServerConfigKeys (ConfUtils.java:logGet(44)) - raft.server.log.statemachine.data.caching.enabled = true (custom)
2021-01-11 02:53:27,698 [pool-2104-thread-1] INFO  segmented.SegmentedRaftLogWorker (SegmentedRaftLogWorker.java:lambda$new$0(132)) - 28c9ea05-fb6a-49bf-a2b4-fea96a178ae4@group-DD188AA34AB4-SegmentedRaftLogWorker: flushIndex: setUnconditionally 0 -> -1
2021-01-11 02:53:27,698 [pool-2104-thread-1] INFO  segmented.SegmentedRaftLogWorker (SegmentedRaftLogWorker.java:lambda$new$0(132)) - 28c9ea05-fb6a-49bf-a2b4-fea96a178ae4@group-DD188AA34AB4-SegmentedRaftLogWorker: safeCacheEvictIndex: setUnconditionally 0 -> -1
2021-01-11 02:53:27,698 [pool-2104-thread-1] INFO  server.RaftServerConfigKeys (ConfUtils.java:logGet(44)) - raft.server.snapshot.auto.trigger.enabled = true (custom)
2021-01-11 02:53:27,698 [pool-2104-thread-1] INFO  server.RaftServerConfigKeys (ConfUtils.java:logGet(44)) - raft.server.snapshot.auto.trigger.threshold = 10000 (custom)
2021-01-11 02:53:27,698 [pool-2104-thread-1] INFO  server.RaftServerConfigKeys (ConfUtils.java:logGet(44)) - raft.server.snapshot.retention.file.num = 5 (custom)
2021-01-11 02:53:27,698 [pool-2104-thread-1] INFO  server.RaftServerConfigKeys (ConfUtils.java:logGet(44)) - raft.server.log.purge.upto.snapshot.index = false (default)
2021-01-11 02:53:27,698 [pool-2104-thread-1] INFO  server.RaftServerConfigKeys (ConfUtils.java:logGet(44)) - raft.server.retrycache.expirytime = 600000ms (custom)
2021-01-11 02:53:27,698 [pool-2104-thread-1] INFO  server.RaftServerConfigKeys (ConfUtils.java:logGet(44)) - raft.server.retrycache.statistics.expirytime = 100?s (default)
2021-01-11 02:53:27,699 [pool-2104-thread-1] INFO  metrics.RatisMetrics (RatisMetrics.java:lambda$create$0(36)) - Creating Metrics Registry : ratis.leader_election.28c9ea05-fb6a-49bf-a2b4-fea96a178ae4@group-DD188AA34AB4
2021-01-11 02:53:27,699 [pool-2104-thread-1] INFO  metrics.RatisMetrics (RatisMetrics.java:lambda$create$0(36)) - Creating Metrics Registry : ratis.server.28c9ea05-fb6a-49bf-a2b4-fea96a178ae4@group-DD188AA34AB4
2021-01-11 02:53:27,702 [pool-2104-thread-1] INFO  server.RaftServer$Division (RaftServerImpl.java:start(294)) - 28c9ea05-fb6a-49bf-a2b4-fea96a178ae4@group-DD188AA34AB4: start as a follower, conf=-1: [28c9ea05-fb6a-49bf-a2b4-fea96a178ae4|rpc:172.17.0.2:33397|priority:1], old=null
2021-01-11 02:53:27,702 [pool-2104-thread-1] INFO  server.RaftServer$Division (RaftServerImpl.java:setRole(283)) - 28c9ea05-fb6a-49bf-a2b4-fea96a178ae4@group-DD188AA34AB4: changes role from      null to FOLLOWER at term 0 for startAsFollower
2021-01-11 02:53:27,702 [pool-2104-thread-1] INFO  impl.RoleInfo (RoleInfo.java:updateAndGet(130)) - 28c9ea05-fb6a-49bf-a2b4-fea96a178ae4: start 28c9ea05-fb6a-49bf-a2b4-fea96a178ae4@group-DD188AA34AB4-FollowerState
2021-01-11 02:53:27,702 [pool-2104-thread-1] INFO  util.JmxRegister (JmxRegister.java:tryRegister(44)) - Successfully registered JMX Bean with object name Ratis:service=RaftServer,group=group-DD188AA34AB4,id=28c9ea05-fb6a-49bf-a2b4-fea96a178ae4
2021-01-11 02:53:27,702 [pool-2104-thread-1] INFO  metrics.RatisMetrics (RatisMetrics.java:lambda$create$0(36)) - Creating Metrics Registry : ratis.state_machine.28c9ea05-fb6a-49bf-a2b4-fea96a178ae4@group-DD188AA34AB4
2021-01-11 02:53:27,703 [Command processor thread] INFO  commandhandler.CreatePipelineCommandHandler (CreatePipelineCommandHandler.java:handle(106)) - Created Pipeline RATIS ONE PipelineID=4a87c8fd-b8bd-49d9-92cc-dd188aa34ab4.
2021-01-11 02:53:28,861 [IPC Server handler 2 on default port 44251] INFO  node.NodeDecommissionManager (NodeDecommissionManager.java:startMaintenance(344)) - Starting Maintenance for node 27072a30-1791-4eaf-beda-714f523a0d74{ip: 172.17.0.2, host: 4354df8493ff, networkLocation: /default-rack, certSerialId: null, persistedOpState: IN_SERVICE, persistedOpStateExpiryEpochSec: 0}
2021-01-11 02:53:28,861 [IPC Server handler 2 on default port 44251] INFO  node.NodeDecommissionManager (NodeDecommissionManager.java:startMaintenance(344)) - Starting Maintenance for node 3bec4ab6-b9ad-4cb7-85d8-9f78f5912025{ip: 172.17.0.2, host: 4354df8493ff, networkLocation: /default-rack, certSerialId: null, persistedOpState: IN_SERVICE, persistedOpStateExpiryEpochSec: 0}
2021-01-11 02:53:28,861 [IPC Server handler 2 on default port 44251] INFO  node.NodeDecommissionManager (NodeDecommissionManager.java:startMaintenance(344)) - Starting Maintenance for node 8fdece96-174e-440b-9c34-b82ee45bcc56{ip: 172.17.0.2, host: 4354df8493ff, networkLocation: /default-rack, certSerialId: null, persistedOpState: IN_SERVICE, persistedOpStateExpiryEpochSec: 0}
2021-01-11 02:53:28,987 [IPC Server handler 11 on default port 40965] INFO  node.SCMNodeManager (SCMNodeManager.java:updateDatanodeOpState(419)) - Scheduling a command to update the operationalState persisted on the datanode as the reported value (IN_SERVICE, 0) does not match the value stored in SCM (ENTERING_MAINTENANCE, 0)
2021-01-11 02:53:28,990 [IPC Server handler 12 on default port 40965] INFO  node.SCMNodeManager (SCMNodeManager.java:updateDatanodeOpState(419)) - Scheduling a command to update the operationalState persisted on the datanode as the reported value (IN_SERVICE, 0) does not match the value stored in SCM (ENTERING_MAINTENANCE, 0)
2021-01-11 02:53:29,003 [IPC Server handler 3 on default port 40965] INFO  node.SCMNodeManager (SCMNodeManager.java:updateDatanodeOpState(419)) - Scheduling a command to update the operationalState persisted on the datanode as the reported value (IN_SERVICE, 0) does not match the value stored in SCM (ENTERING_MAINTENANCE, 0)
2021-01-11 02:53:29,317 [DatanodeAdminManager-0] INFO  node.DatanodeAdminMonitorImpl (DatanodeAdminMonitorImpl.java:checkPipelinesClosedOnNode(267)) - Waiting for pipelines to close for 27072a30-1791-4eaf-beda-714f523a0d74{ip: 172.17.0.2, host: 4354df8493ff, networkLocation: /default-rack, certSerialId: null, persistedOpState: IN_SERVICE, persistedOpStateExpiryEpochSec: 0}. There are 2 pipelines
2021-01-11 02:53:29,317 [EventQueue-StartAdminOnNodeForStartDatanodeAdminHandler] INFO  node.StartDatanodeAdminHandler (StartDatanodeAdminHandler.java:onMessage(56)) - Admin start on datanode 27072a30-1791-4eaf-beda-714f523a0d74{ip: 172.17.0.2, host: 4354df8493ff, networkLocation: /default-rack, certSerialId: null, persistedOpState: IN_SERVICE, persistedOpStateExpiryEpochSec: 0}. Finalizing its pipelines [PipelineID=cc30ad36-3b76-44f5-ab8e-8a2a89374153, PipelineID=fad3187d-7405-41ed-a375-0ba852a2bca2]
2021-01-11 02:53:29,317 [DatanodeAdminManager-0] INFO  node.DatanodeAdminMonitorImpl (DatanodeAdminMonitorImpl.java:checkPipelinesClosedOnNode(267)) - Waiting for pipelines to close for 3bec4ab6-b9ad-4cb7-85d8-9f78f5912025{ip: 172.17.0.2, host: 4354df8493ff, networkLocation: /default-rack, certSerialId: null, persistedOpState: IN_SERVICE, persistedOpStateExpiryEpochSec: 0}. There are 2 pipelines
2021-01-11 02:53:29,317 [DatanodeAdminManager-0] INFO  node.DatanodeAdminMonitorImpl (DatanodeAdminMonitorImpl.java:checkPipelinesClosedOnNode(267)) - Waiting for pipelines to close for 8fdece96-174e-440b-9c34-b82ee45bcc56{ip: 172.17.0.2, host: 4354df8493ff, networkLocation: /default-rack, certSerialId: null, persistedOpState: IN_SERVICE, persistedOpStateExpiryEpochSec: 0}. There are 2 pipelines
2021-01-11 02:53:29,317 [DatanodeAdminManager-0] INFO  node.DatanodeAdminMonitorImpl (DatanodeAdminMonitorImpl.java:run(136)) - There are 3 nodes tracked for decommission and maintenance. 0 pending nodes.
2021-01-11 02:53:29,317 [EventQueue-StartAdminOnNodeForStartDatanodeAdminHandler] INFO  pipeline.SCMPipelineManager (SCMPipelineManager.java:finalizeAndDestroyPipeline(482)) - Destroying pipeline:Pipeline[ Id: cc30ad36-3b76-44f5-ab8e-8a2a89374153, Nodes: 27072a30-1791-4eaf-beda-714f523a0d74{ip: 172.17.0.2, host: 4354df8493ff, networkLocation: /default-rack, certSerialId: null, persistedOpState: IN_SERVICE, persistedOpStateExpiryEpochSec: 0}, Type:RATIS, Factor:ONE, State:OPEN, leaderId:27072a30-1791-4eaf-beda-714f523a0d74, CreationTimestamp2021-01-11T02:52:43.938Z]
2021-01-11 02:53:29,318 [EventQueue-StartAdminOnNodeForStartDatanodeAdminHandler] INFO  pipeline.PipelineStateManager (PipelineStateManager.java:finalizePipeline(121)) - Pipeline Pipeline[ Id: cc30ad36-3b76-44f5-ab8e-8a2a89374153, Nodes: 27072a30-1791-4eaf-beda-714f523a0d74{ip: 172.17.0.2, host: 4354df8493ff, networkLocation: /default-rack, certSerialId: null, persistedOpState: IN_SERVICE, persistedOpStateExpiryEpochSec: 0}, Type:RATIS, Factor:ONE, State:CLOSED, leaderId:27072a30-1791-4eaf-beda-714f523a0d74, CreationTimestamp2021-01-11T02:52:43.938Z] moved to CLOSED state
2021-01-11 02:53:29,318 [EventQueue-StartAdminOnNodeForStartDatanodeAdminHandler] INFO  pipeline.RatisPipelineProvider (RatisPipelineProvider.java:lambda$close$1(199)) - Send pipeline:PipelineID=cc30ad36-3b76-44f5-ab8e-8a2a89374153 close command to datanode 27072a30-1791-4eaf-beda-714f523a0d74
2021-01-11 02:53:29,318 [EventQueue-StartAdminOnNodeForStartDatanodeAdminHandler] INFO  pipeline.PipelineStateManager (PipelineStateManager.java:removePipeline(106)) - Pipeline Pipeline[ Id: cc30ad36-3b76-44f5-ab8e-8a2a89374153, Nodes: 27072a30-1791-4eaf-beda-714f523a0d74{ip: 172.17.0.2, host: 4354df8493ff, networkLocation: /default-rack, certSerialId: null, persistedOpState: IN_SERVICE, persistedOpStateExpiryEpochSec: 0}, Type:RATIS, Factor:ONE, State:CLOSED, leaderId:27072a30-1791-4eaf-beda-714f523a0d74, CreationTimestamp2021-01-11T02:52:43.938Z] removed from db
2021-01-11 02:53:29,319 [EventQueue-StartAdminOnNodeForStartDatanodeAdminHandler] INFO  pipeline.SCMPipelineManager (SCMPipelineManager.java:finalizeAndDestroyPipeline(482)) - Destroying pipeline:Pipeline[ Id: fad3187d-7405-41ed-a375-0ba852a2bca2, Nodes: 27072a30-1791-4eaf-beda-714f523a0d74{ip: 172.17.0.2, host: 4354df8493ff, networkLocation: /default-rack, certSerialId: null, persistedOpState: IN_SERVICE, persistedOpStateExpiryEpochSec: 0}3bec4ab6-b9ad-4cb7-85d8-9f78f5912025{ip: 172.17.0.2, host: 4354df8493ff, networkLocation: /default-rack, certSerialId: null, persistedOpState: IN_SERVICE, persistedOpStateExpiryEpochSec: 0}8fdece96-174e-440b-9c34-b82ee45bcc56{ip: 172.17.0.2, host: 4354df8493ff, networkLocation: /default-rack, certSerialId: null, persistedOpState: IN_SERVICE, persistedOpStateExpiryEpochSec: 0}, Type:RATIS, Factor:THREE, State:OPEN, leaderId:27072a30-1791-4eaf-beda-714f523a0d74, CreationTimestamp2021-01-11T02:52:49.100Z]
2021-01-11 02:53:29,319 [EventQueue-StartAdminOnNodeForStartDatanodeAdminHandler] INFO  pipeline.PipelineStateManager (PipelineStateManager.java:finalizePipeline(121)) - Pipeline Pipeline[ Id: fad3187d-7405-41ed-a375-0ba852a2bca2, Nodes: 27072a30-1791-4eaf-beda-714f523a0d74{ip: 172.17.0.2, host: 4354df8493ff, networkLocation: /default-rack, certSerialId: null, persistedOpState: IN_SERVICE, persistedOpStateExpiryEpochSec: 0}3bec4ab6-b9ad-4cb7-85d8-9f78f5912025{ip: 172.17.0.2, host: 4354df8493ff, networkLocation: /default-rack, certSerialId: null, persistedOpState: IN_SERVICE, persistedOpStateExpiryEpochSec: 0}8fdece96-174e-440b-9c34-b82ee45bcc56{ip: 172.17.0.2, host: 4354df8493ff, networkLocation: /default-rack, certSerialId: null, persistedOpState: IN_SERVICE, persistedOpStateExpiryEpochSec: 0}, Type:RATIS, Factor:THREE, State:CLOSED, leaderId:27072a30-1791-4eaf-beda-714f523a0d74, CreationTimestamp2021-01-11T02:52:49.100Z] moved to CLOSED state
2021-01-11 02:53:29,320 [EventQueue-StartAdminOnNodeForStartDatanodeAdminHandler] INFO  pipeline.RatisPipelineProvider (RatisPipelineProvider.java:lambda$close$1(199)) - Send pipeline:PipelineID=fad3187d-7405-41ed-a375-0ba852a2bca2 close command to datanode 27072a30-1791-4eaf-beda-714f523a0d74
2021-01-11 02:53:29,320 [EventQueue-CloseContainerForCloseContainerEventHandler] INFO  container.CloseContainerEventHandler (CloseContainerEventHandler.java:onMessage(61)) - Close container Event triggered for container : #1
2021-01-11 02:53:29,320 [EventQueue-StartAdminOnNodeForStartDatanodeAdminHandler] INFO  pipeline.RatisPipelineProvider (RatisPipelineProvider.java:lambda$close$1(199)) - Send pipeline:PipelineID=fad3187d-7405-41ed-a375-0ba852a2bca2 close command to datanode 3bec4ab6-b9ad-4cb7-85d8-9f78f5912025
2021-01-11 02:53:29,320 [EventQueue-StartAdminOnNodeForStartDatanodeAdminHandler] INFO  pipeline.RatisPipelineProvider (RatisPipelineProvider.java:lambda$close$1(199)) - Send pipeline:PipelineID=fad3187d-7405-41ed-a375-0ba852a2bca2 close command to datanode 8fdece96-174e-440b-9c34-b82ee45bcc56
2021-01-11 02:53:29,320 [EventQueue-StartAdminOnNodeForStartDatanodeAdminHandler] INFO  pipeline.PipelineStateManager (PipelineStateManager.java:removePipeline(106)) - Pipeline Pipeline[ Id: fad3187d-7405-41ed-a375-0ba852a2bca2, Nodes: 27072a30-1791-4eaf-beda-714f523a0d74{ip: 172.17.0.2, host: 4354df8493ff, networkLocation: /default-rack, certSerialId: null, persistedOpState: IN_SERVICE, persistedOpStateExpiryEpochSec: 0}3bec4ab6-b9ad-4cb7-85d8-9f78f5912025{ip: 172.17.0.2, host: 4354df8493ff, networkLocation: /default-rack, certSerialId: null, persistedOpState: IN_SERVICE, persistedOpStateExpiryEpochSec: 0}8fdece96-174e-440b-9c34-b82ee45bcc56{ip: 172.17.0.2, host: 4354df8493ff, networkLocation: /default-rack, certSerialId: null, persistedOpState: IN_SERVICE, persistedOpStateExpiryEpochSec: 0}, Type:RATIS, Factor:THREE, State:CLOSED, leaderId:27072a30-1791-4eaf-beda-714f523a0d74, CreationTimestamp2021-01-11T02:52:49.100Z] removed from db
2021-01-11 02:53:29,320 [EventQueue-CloseContainerForCloseContainerEventHandler] INFO  container.CloseContainerEventHandler (CloseContainerEventHandler.java:onMessage(61)) - Close container Event triggered for container : #2
2021-01-11 02:53:29,320 [EventQueue-CloseContainerForCloseContainerEventHandler] WARN  container.SCMContainerManager (SCMContainerManager.java:updateContainerState(367)) - Unable to remove container #2 from pipeline PipelineID=fad3187d-7405-41ed-a375-0ba852a2bca2  as the pipeline no longer exists
2021-01-11 02:53:29,320 [EventQueue-StartAdminOnNodeForStartDatanodeAdminHandler] INFO  node.StartDatanodeAdminHandler (StartDatanodeAdminHandler.java:onMessage(56)) - Admin start on datanode 3bec4ab6-b9ad-4cb7-85d8-9f78f5912025{ip: 172.17.0.2, host: 4354df8493ff, networkLocation: /default-rack, certSerialId: null, persistedOpState: IN_SERVICE, persistedOpStateExpiryEpochSec: 0}. Finalizing its pipelines [PipelineID=047ade9b-e175-44a5-b7cb-25e1222b9b91]
2021-01-11 02:53:29,320 [EventQueue-StartAdminOnNodeForStartDatanodeAdminHandler] INFO  pipeline.SCMPipelineManager (SCMPipelineManager.java:finalizeAndDestroyPipeline(482)) - Destroying pipeline:Pipeline[ Id: 047ade9b-e175-44a5-b7cb-25e1222b9b91, Nodes: 3bec4ab6-b9ad-4cb7-85d8-9f78f5912025{ip: 172.17.0.2, host: 4354df8493ff, networkLocation: /default-rack, certSerialId: null, persistedOpState: IN_SERVICE, persistedOpStateExpiryEpochSec: 0}, Type:RATIS, Factor:ONE, State:OPEN, leaderId:3bec4ab6-b9ad-4cb7-85d8-9f78f5912025, CreationTimestamp2021-01-11T02:52:49.099Z]
2021-01-11 02:53:29,321 [EventQueue-CloseContainerForCloseContainerEventHandler] INFO  container.CloseContainerEventHandler (CloseContainerEventHandler.java:onMessage(61)) - Close container Event triggered for container : #3
2021-01-11 02:53:29,321 [EventQueue-StartAdminOnNodeForStartDatanodeAdminHandler] INFO  pipeline.PipelineStateManager (PipelineStateManager.java:finalizePipeline(121)) - Pipeline Pipeline[ Id: 047ade9b-e175-44a5-b7cb-25e1222b9b91, Nodes: 3bec4ab6-b9ad-4cb7-85d8-9f78f5912025{ip: 172.17.0.2, host: 4354df8493ff, networkLocation: /default-rack, certSerialId: null, persistedOpState: IN_SERVICE, persistedOpStateExpiryEpochSec: 0}, Type:RATIS, Factor:ONE, State:CLOSED, leaderId:3bec4ab6-b9ad-4cb7-85d8-9f78f5912025, CreationTimestamp2021-01-11T02:52:49.099Z] moved to CLOSED state
2021-01-11 02:53:29,321 [EventQueue-StartAdminOnNodeForStartDatanodeAdminHandler] INFO  pipeline.RatisPipelineProvider (RatisPipelineProvider.java:lambda$close$1(199)) - Send pipeline:PipelineID=047ade9b-e175-44a5-b7cb-25e1222b9b91 close command to datanode 3bec4ab6-b9ad-4cb7-85d8-9f78f5912025
2021-01-11 02:53:29,321 [EventQueue-StartAdminOnNodeForStartDatanodeAdminHandler] INFO  pipeline.PipelineStateManager (PipelineStateManager.java:removePipeline(106)) - Pipeline Pipeline[ Id: 047ade9b-e175-44a5-b7cb-25e1222b9b91, Nodes: 3bec4ab6-b9ad-4cb7-85d8-9f78f5912025{ip: 172.17.0.2, host: 4354df8493ff, networkLocation: /default-rack, certSerialId: null, persistedOpState: IN_SERVICE, persistedOpStateExpiryEpochSec: 0}, Type:RATIS, Factor:ONE, State:CLOSED, leaderId:3bec4ab6-b9ad-4cb7-85d8-9f78f5912025, CreationTimestamp2021-01-11T02:52:49.099Z] removed from db
2021-01-11 02:53:29,321 [EventQueue-StartAdminOnNodeForStartDatanodeAdminHandler] INFO  node.StartDatanodeAdminHandler (StartDatanodeAdminHandler.java:onMessage(56)) - Admin start on datanode 8fdece96-174e-440b-9c34-b82ee45bcc56{ip: 172.17.0.2, host: 4354df8493ff, networkLocation: /default-rack, certSerialId: null, persistedOpState: IN_SERVICE, persistedOpStateExpiryEpochSec: 0}. Finalizing its pipelines [PipelineID=a50250e3-8692-4e27-98e4-9ffc13eae06e]
2021-01-11 02:53:29,321 [EventQueue-StartAdminOnNodeForStartDatanodeAdminHandler] INFO  pipeline.SCMPipelineManager (SCMPipelineManager.java:finalizeAndDestroyPipeline(482)) - Destroying pipeline:Pipeline[ Id: a50250e3-8692-4e27-98e4-9ffc13eae06e, Nodes: 8fdece96-174e-440b-9c34-b82ee45bcc56{ip: 172.17.0.2, host: 4354df8493ff, networkLocation: /default-rack, certSerialId: null, persistedOpState: IN_SERVICE, persistedOpStateExpiryEpochSec: 0}, Type:RATIS, Factor:ONE, State:OPEN, leaderId:8fdece96-174e-440b-9c34-b82ee45bcc56, CreationTimestamp2021-01-11T02:52:43.768Z]
2021-01-11 02:53:29,321 [EventQueue-CloseContainerForCloseContainerEventHandler] WARN  container.SCMContainerManager (SCMContainerManager.java:updateContainerState(367)) - Unable to remove container #3 from pipeline PipelineID=fad3187d-7405-41ed-a375-0ba852a2bca2  as the pipeline no longer exists
2021-01-11 02:53:29,321 [EventQueue-StartAdminOnNodeForStartDatanodeAdminHandler] INFO  pipeline.PipelineStateManager (PipelineStateManager.java:finalizePipeline(121)) - Pipeline Pipeline[ Id: a50250e3-8692-4e27-98e4-9ffc13eae06e, Nodes: 8fdece96-174e-440b-9c34-b82ee45bcc56{ip: 172.17.0.2, host: 4354df8493ff, networkLocation: /default-rack, certSerialId: null, persistedOpState: IN_SERVICE, persistedOpStateExpiryEpochSec: 0}, Type:RATIS, Factor:ONE, State:CLOSED, leaderId:8fdece96-174e-440b-9c34-b82ee45bcc56, CreationTimestamp2021-01-11T02:52:43.768Z] moved to CLOSED state
2021-01-11 02:53:29,321 [EventQueue-StartAdminOnNodeForStartDatanodeAdminHandler] INFO  pipeline.RatisPipelineProvider (RatisPipelineProvider.java:lambda$close$1(199)) - Send pipeline:PipelineID=a50250e3-8692-4e27-98e4-9ffc13eae06e close command to datanode 8fdece96-174e-440b-9c34-b82ee45bcc56
2021-01-11 02:53:29,322 [EventQueue-StartAdminOnNodeForStartDatanodeAdminHandler] INFO  pipeline.PipelineStateManager (PipelineStateManager.java:removePipeline(106)) - Pipeline Pipeline[ Id: a50250e3-8692-4e27-98e4-9ffc13eae06e, Nodes: 8fdece96-174e-440b-9c34-b82ee45bcc56{ip: 172.17.0.2, host: 4354df8493ff, networkLocation: /default-rack, certSerialId: null, persistedOpState: IN_SERVICE, persistedOpStateExpiryEpochSec: 0}, Type:RATIS, Factor:ONE, State:CLOSED, leaderId:8fdece96-174e-440b-9c34-b82ee45bcc56, CreationTimestamp2021-01-11T02:52:43.768Z] removed from db
2021-01-11 02:53:29,986 [IPC Server handler 11 on default port 40965] INFO  node.SCMNodeManager (SCMNodeManager.java:updateDatanodeOpState(419)) - Scheduling a command to update the operationalState persisted on the datanode as the reported value (IN_SERVICE, 0) does not match the value stored in SCM (ENTERING_MAINTENANCE, 0)
2021-01-11 02:53:29,990 [IPC Server handler 3 on default port 40965] INFO  node.SCMNodeManager (SCMNodeManager.java:updateDatanodeOpState(419)) - Scheduling a command to update the operationalState persisted on the datanode as the reported value (IN_SERVICE, 0) does not match the value stored in SCM (ENTERING_MAINTENANCE, 0)
2021-01-11 02:53:30,003 [IPC Server handler 8 on default port 40965] INFO  node.SCMNodeManager (SCMNodeManager.java:updateDatanodeOpState(419)) - Scheduling a command to update the operationalState persisted on the datanode as the reported value (IN_SERVICE, 0) does not match the value stored in SCM (ENTERING_MAINTENANCE, 0)
2021-01-11 02:53:30,317 [DatanodeAdminManager-0] INFO  node.DatanodeAdminMonitorImpl (DatanodeAdminMonitorImpl.java:run(136)) - There are 3 nodes tracked for decommission and maintenance. 0 pending nodes.
2021-01-11 02:53:30,763 [Thread-6137] INFO  impl.FollowerState (FollowerState.java:run(133)) - d73afb6e-2f04-46f5-9d60-67fd948fc3fc@group-93297CC8D484-FollowerState: change to CANDIDATE, lastRpcElapsedTime:5011823837ns, electionTimeout:5010ms
2021-01-11 02:53:30,763 [Thread-6137] INFO  impl.RoleInfo (RoleInfo.java:shutdownFollowerState(108)) - d73afb6e-2f04-46f5-9d60-67fd948fc3fc: shutdown d73afb6e-2f04-46f5-9d60-67fd948fc3fc@group-93297CC8D484-FollowerState
2021-01-11 02:53:30,763 [Thread-6137] INFO  server.RaftServer$Division (RaftServerImpl.java:setRole(283)) - d73afb6e-2f04-46f5-9d60-67fd948fc3fc@group-93297CC8D484: changes role from  FOLLOWER to CANDIDATE at term 0 for changeToCandidate
2021-01-11 02:53:30,763 [Thread-6137] INFO  impl.RoleInfo (RoleInfo.java:updateAndGet(130)) - d73afb6e-2f04-46f5-9d60-67fd948fc3fc: start d73afb6e-2f04-46f5-9d60-67fd948fc3fc@group-93297CC8D484-LeaderElection97
2021-01-11 02:53:30,766 [d73afb6e-2f04-46f5-9d60-67fd948fc3fc@group-93297CC8D484-LeaderElection97] INFO  impl.LeaderElection (LeaderElection.java:askForPreVotes(259)) - d73afb6e-2f04-46f5-9d60-67fd948fc3fc@group-93297CC8D484-LeaderElection97: begin a pre-vote at term 0 for -1: [d73afb6e-2f04-46f5-9d60-67fd948fc3fc|rpc:172.17.0.2:32999|priority:0, 28c9ea05-fb6a-49bf-a2b4-fea96a178ae4|rpc:172.17.0.2:33397|priority:0, 7bc8cf5a-9dee-415c-92cd-434f849c7ae8|rpc:172.17.0.2:35617|priority:1], old=null
2021-01-11 02:53:30,777 [grpc-default-executor-11] INFO  server.RaftServer$Division (RaftServerImpl.java:requestPreVote(1060)) - 7bc8cf5a-9dee-415c-92cd-434f849c7ae8@group-93297CC8D484: receive preVote(d73afb6e-2f04-46f5-9d60-67fd948fc3fc, group-93297CC8D484, 0, (t:0, i:0))
2021-01-11 02:53:30,777 [grpc-default-executor-11] INFO  server.RaftServer$Division (RaftServerImpl.java:requestPreVote(1083)) - 7bc8cf5a-9dee-415c-92cd-434f849c7ae8@group-93297CC8D484 role: FOLLOWER reject pre-vote from:d73afb6e-2f04-46f5-9d60-67fd948fc3fc because compare:0 isCurrentLeaderValid:false
2021-01-11 02:53:30,777 [grpc-default-executor-11] INFO  server.RaftServer$Division (RaftServerImpl.java:requestPreVote(1099)) - 7bc8cf5a-9dee-415c-92cd-434f849c7ae8@group-93297CC8D484 replies to pre-vote request: d73afb6e-2f04-46f5-9d60-67fd948fc3fc<-7bc8cf5a-9dee-415c-92cd-434f849c7ae8#0:FAIL-t0. Peer's state: 7bc8cf5a-9dee-415c-92cd-434f849c7ae8@group-93297CC8D484:t0, leader=null, voted=, raftlog=7bc8cf5a-9dee-415c-92cd-434f849c7ae8@group-93297CC8D484-SegmentedRaftLog:OPENED:c-1,f-1,i0, conf=-1: [d73afb6e-2f04-46f5-9d60-67fd948fc3fc|rpc:172.17.0.2:32999|dataStream:|priority:0, 28c9ea05-fb6a-49bf-a2b4-fea96a178ae4|rpc:172.17.0.2:33397|dataStream:|priority:0, 7bc8cf5a-9dee-415c-92cd-434f849c7ae8|rpc:172.17.0.2:35617|dataStream:|priority:1], old=null
2021-01-11 02:53:30,780 [d73afb6e-2f04-46f5-9d60-67fd948fc3fc@group-93297CC8D484-LeaderElection97] INFO  impl.LeaderElection (LeaderElection.java:logAndReturn(68)) - d73afb6e-2f04-46f5-9d60-67fd948fc3fc@group-93297CC8D484-LeaderElection97: Pre-vote  REJECTED received 1 response(s):[d73afb6e-2f04-46f5-9d60-67fd948fc3fc<-7bc8cf5a-9dee-415c-92cd-434f849c7ae8#0:FAIL-t0]
2021-01-11 02:53:30,780 [d73afb6e-2f04-46f5-9d60-67fd948fc3fc@group-93297CC8D484-LeaderElection97] INFO  impl.LeaderElection (LeaderElection.java:askForPreVotes(261)) - d73afb6e-2f04-46f5-9d60-67fd948fc3fc@group-93297CC8D484-LeaderElection97 pre-vote result is REJECTED.
2021-01-11 02:53:30,780 [d73afb6e-2f04-46f5-9d60-67fd948fc3fc@group-93297CC8D484-LeaderElection97] INFO  server.RaftServer$Division (RaftServerImpl.java:setRole(283)) - d73afb6e-2f04-46f5-9d60-67fd948fc3fc@group-93297CC8D484: changes role from CANDIDATE to FOLLOWER at term 0 for REJECTED
2021-01-11 02:53:30,780 [d73afb6e-2f04-46f5-9d60-67fd948fc3fc@group-93297CC8D484-LeaderElection97] INFO  impl.RoleInfo (RoleInfo.java:shutdownLeaderElection(121)) - d73afb6e-2f04-46f5-9d60-67fd948fc3fc: shutdown d73afb6e-2f04-46f5-9d60-67fd948fc3fc@group-93297CC8D484-LeaderElection97
2021-01-11 02:53:30,780 [d73afb6e-2f04-46f5-9d60-67fd948fc3fc@group-93297CC8D484-LeaderElection97] INFO  impl.RoleInfo (RoleInfo.java:updateAndGet(130)) - d73afb6e-2f04-46f5-9d60-67fd948fc3fc: start d73afb6e-2f04-46f5-9d60-67fd948fc3fc@group-93297CC8D484-FollowerState
2021-01-11 02:53:30,792 [grpc-default-executor-11] INFO  server.RaftServer$Division (RaftServerImpl.java:requestPreVote(1060)) - 28c9ea05-fb6a-49bf-a2b4-fea96a178ae4@group-93297CC8D484: receive preVote(d73afb6e-2f04-46f5-9d60-67fd948fc3fc, group-93297CC8D484, 0, (t:0, i:0))
2021-01-11 02:53:30,792 [grpc-default-executor-11] INFO  server.RaftServer$Division (RaftServerImpl.java:requestPreVote(1081)) - 28c9ea05-fb6a-49bf-a2b4-fea96a178ae4@group-93297CC8D484 role: FOLLOWER allow pre-vote from:d73afb6e-2f04-46f5-9d60-67fd948fc3fc
2021-01-11 02:53:30,793 [grpc-default-executor-11] INFO  server.RaftServer$Division (RaftServerImpl.java:requestPreVote(1099)) - 28c9ea05-fb6a-49bf-a2b4-fea96a178ae4@group-93297CC8D484 replies to pre-vote request: d73afb6e-2f04-46f5-9d60-67fd948fc3fc<-28c9ea05-fb6a-49bf-a2b4-fea96a178ae4#0:OK-t0. Peer's state: 28c9ea05-fb6a-49bf-a2b4-fea96a178ae4@group-93297CC8D484:t0, leader=null, voted=, raftlog=28c9ea05-fb6a-49bf-a2b4-fea96a178ae4@group-93297CC8D484-SegmentedRaftLog:OPENED:c-1,f-1,i0, conf=-1: [d73afb6e-2f04-46f5-9d60-67fd948fc3fc|rpc:172.17.0.2:32999|dataStream:|priority:0, 28c9ea05-fb6a-49bf-a2b4-fea96a178ae4|rpc:172.17.0.2:33397|dataStream:|priority:0, 7bc8cf5a-9dee-415c-92cd-434f849c7ae8|rpc:172.17.0.2:35617|dataStream:|priority:1], old=null
2021-01-11 02:53:30,834 [Thread-6140] INFO  impl.FollowerState (FollowerState.java:run(133)) - 7bc8cf5a-9dee-415c-92cd-434f849c7ae8@group-93297CC8D484-FollowerState: change to CANDIDATE, lastRpcElapsedTime:5023583980ns, electionTimeout:5021ms
2021-01-11 02:53:30,835 [Thread-6140] INFO  impl.RoleInfo (RoleInfo.java:shutdownFollowerState(108)) - 7bc8cf5a-9dee-415c-92cd-434f849c7ae8: shutdown 7bc8cf5a-9dee-415c-92cd-434f849c7ae8@group-93297CC8D484-FollowerState
2021-01-11 02:53:30,835 [Thread-6140] INFO  server.RaftServer$Division (RaftServerImpl.java:setRole(283)) - 7bc8cf5a-9dee-415c-92cd-434f849c7ae8@group-93297CC8D484: changes role from  FOLLOWER to CANDIDATE at term 0 for changeToCandidate
2021-01-11 02:53:30,835 [Thread-6140] INFO  impl.RoleInfo (RoleInfo.java:updateAndGet(130)) - 7bc8cf5a-9dee-415c-92cd-434f849c7ae8: start 7bc8cf5a-9dee-415c-92cd-434f849c7ae8@group-93297CC8D484-LeaderElection98
2021-01-11 02:53:30,836 [7bc8cf5a-9dee-415c-92cd-434f849c7ae8@group-93297CC8D484-LeaderElection98] INFO  impl.LeaderElection (LeaderElection.java:askForPreVotes(259)) - 7bc8cf5a-9dee-415c-92cd-434f849c7ae8@group-93297CC8D484-LeaderElection98: begin a pre-vote at term 0 for -1: [d73afb6e-2f04-46f5-9d60-67fd948fc3fc|rpc:172.17.0.2:32999|dataStream:|priority:0, 28c9ea05-fb6a-49bf-a2b4-fea96a178ae4|rpc:172.17.0.2:33397|dataStream:|priority:0, 7bc8cf5a-9dee-415c-92cd-434f849c7ae8|rpc:172.17.0.2:35617|dataStream:|priority:1], old=null
2021-01-11 02:53:30,843 [grpc-default-executor-10] INFO  metrics.RatisMetrics (RatisMetrics.java:lambda$create$0(36)) - Creating Metrics Registry : ratis.server_message_metrics.d73afb6e-2f04-46f5-9d60-67fd948fc3fc
2021-01-11 02:53:30,845 [grpc-default-executor-11] INFO  server.RaftServer$Division (RaftServerImpl.java:requestPreVote(1060)) - 28c9ea05-fb6a-49bf-a2b4-fea96a178ae4@group-93297CC8D484: receive preVote(7bc8cf5a-9dee-415c-92cd-434f849c7ae8, group-93297CC8D484, 0, (t:0, i:0))
2021-01-11 02:53:30,845 [grpc-default-executor-11] INFO  server.RaftServer$Division (RaftServerImpl.java:requestPreVote(1081)) - 28c9ea05-fb6a-49bf-a2b4-fea96a178ae4@group-93297CC8D484 role: FOLLOWER allow pre-vote from:7bc8cf5a-9dee-415c-92cd-434f849c7ae8
2021-01-11 02:53:30,845 [grpc-default-executor-11] INFO  server.RaftServer$Division (RaftServerImpl.java:requestPreVote(1099)) - 28c9ea05-fb6a-49bf-a2b4-fea96a178ae4@group-93297CC8D484 replies to pre-vote request: 7bc8cf5a-9dee-415c-92cd-434f849c7ae8<-28c9ea05-fb6a-49bf-a2b4-fea96a178ae4#0:OK-t0. Peer's state: 28c9ea05-fb6a-49bf-a2b4-fea96a178ae4@group-93297CC8D484:t0, leader=null, voted=, raftlog=28c9ea05-fb6a-49bf-a2b4-fea96a178ae4@group-93297CC8D484-SegmentedRaftLog:OPENED:c-1,f-1,i0, conf=-1: [d73afb6e-2f04-46f5-9d60-67fd948fc3fc|rpc:172.17.0.2:32999|dataStream:|priority:0, 28c9ea05-fb6a-49bf-a2b4-fea96a178ae4|rpc:172.17.0.2:33397|dataStream:|priority:0, 7bc8cf5a-9dee-415c-92cd-434f849c7ae8|rpc:172.17.0.2:35617|dataStream:|priority:1], old=null
2021-01-11 02:53:30,845 [grpc-default-executor-10] INFO  server.RaftServer$Division (RaftServerImpl.java:requestPreVote(1060)) - d73afb6e-2f04-46f5-9d60-67fd948fc3fc@group-93297CC8D484: receive preVote(7bc8cf5a-9dee-415c-92cd-434f849c7ae8, group-93297CC8D484, 0, (t:0, i:0))
2021-01-11 02:53:30,845 [grpc-default-executor-10] INFO  server.RaftServer$Division (RaftServerImpl.java:requestPreVote(1081)) - d73afb6e-2f04-46f5-9d60-67fd948fc3fc@group-93297CC8D484 role: FOLLOWER allow pre-vote from:7bc8cf5a-9dee-415c-92cd-434f849c7ae8
2021-01-11 02:53:30,845 [grpc-default-executor-10] INFO  server.RaftServer$Division (RaftServerImpl.java:requestPreVote(1099)) - d73afb6e-2f04-46f5-9d60-67fd948fc3fc@group-93297CC8D484 replies to pre-vote request: 7bc8cf5a-9dee-415c-92cd-434f849c7ae8<-d73afb6e-2f04-46f5-9d60-67fd948fc3fc#0:OK-t0. Peer's state: d73afb6e-2f04-46f5-9d60-67fd948fc3fc@group-93297CC8D484:t0, leader=null, voted=, raftlog=d73afb6e-2f04-46f5-9d60-67fd948fc3fc@group-93297CC8D484-SegmentedRaftLog:OPENED:c-1,f-1,i0, conf=-1: [d73afb6e-2f04-46f5-9d60-67fd948fc3fc|rpc:172.17.0.2:32999|priority:0, 28c9ea05-fb6a-49bf-a2b4-fea96a178ae4|rpc:172.17.0.2:33397|priority:0, 7bc8cf5a-9dee-415c-92cd-434f849c7ae8|rpc:172.17.0.2:35617|priority:1], old=null
2021-01-11 02:53:30,846 [7bc8cf5a-9dee-415c-92cd-434f849c7ae8@group-93297CC8D484-LeaderElection98] INFO  impl.LeaderElection (LeaderElection.java:logAndReturn(68)) - 7bc8cf5a-9dee-415c-92cd-434f849c7ae8@group-93297CC8D484-LeaderElection98: Pre-vote  PASSED received 1 response(s):[7bc8cf5a-9dee-415c-92cd-434f849c7ae8<-28c9ea05-fb6a-49bf-a2b4-fea96a178ae4#0:OK-t0]
2021-01-11 02:53:30,846 [7bc8cf5a-9dee-415c-92cd-434f849c7ae8@group-93297CC8D484-LeaderElection98] INFO  impl.LeaderElection (LeaderElection.java:askForPreVotes(261)) - 7bc8cf5a-9dee-415c-92cd-434f849c7ae8@group-93297CC8D484-LeaderElection98 pre-vote result is PASSED.
2021-01-11 02:53:30,848 [7bc8cf5a-9dee-415c-92cd-434f849c7ae8@group-93297CC8D484-LeaderElection98] INFO  impl.LeaderElection (LeaderElection.java:askForVotes(308)) - 7bc8cf5a-9dee-415c-92cd-434f849c7ae8@group-93297CC8D484-LeaderElection98: begin an election at term 1 for -1: [d73afb6e-2f04-46f5-9d60-67fd948fc3fc|rpc:172.17.0.2:32999|dataStream:|priority:0, 28c9ea05-fb6a-49bf-a2b4-fea96a178ae4|rpc:172.17.0.2:33397|dataStream:|priority:0, 7bc8cf5a-9dee-415c-92cd-434f849c7ae8|rpc:172.17.0.2:35617|dataStream:|priority:1], old=null
2021-01-11 02:53:30,859 [grpc-default-executor-10] INFO  server.RaftServer$Division (RaftServerImpl.java:setRole(283)) - d73afb6e-2f04-46f5-9d60-67fd948fc3fc@group-93297CC8D484: changes role from  FOLLOWER to FOLLOWER at term 1 for recognizeCandidate:7bc8cf5a-9dee-415c-92cd-434f849c7ae8
2021-01-11 02:53:30,859 [grpc-default-executor-10] INFO  impl.RoleInfo (RoleInfo.java:shutdownFollowerState(108)) - d73afb6e-2f04-46f5-9d60-67fd948fc3fc: shutdown d73afb6e-2f04-46f5-9d60-67fd948fc3fc@group-93297CC8D484-FollowerState
2021-01-11 02:53:30,859 [grpc-default-executor-10] INFO  impl.RoleInfo (RoleInfo.java:updateAndGet(130)) - d73afb6e-2f04-46f5-9d60-67fd948fc3fc: start d73afb6e-2f04-46f5-9d60-67fd948fc3fc@group-93297CC8D484-FollowerState
2021-01-11 02:53:30,859 [Thread-6404] INFO  impl.FollowerState (FollowerState.java:run(142)) - d73afb6e-2f04-46f5-9d60-67fd948fc3fc@group-93297CC8D484-FollowerState was interrupted: {}
java.lang.InterruptedException: sleep interrupted
	at java.lang.Thread.sleep(Native Method)
	at java.lang.Thread.sleep(Thread.java:340)
	at java.util.concurrent.TimeUnit.sleep(TimeUnit.java:386)
	at org.apache.ratis.util.TimeDuration.sleep(TimeDuration.java:324)
	at org.apache.ratis.util.TimeDuration.sleep(TimeDuration.java:309)
	at org.apache.ratis.server.impl.FollowerState.run(FollowerState.java:117)
2021-01-11 02:53:30,859 [grpc-default-executor-10] INFO  server.RaftServer$Division (RaftServerImpl.java:requestVote(1137)) -  FOLLOWER d73afb6e-2f04-46f5-9d60-67fd948fc3fc@group-93297CC8D484:t1, leader=null, voted=null, raftlog=d73afb6e-2f04-46f5-9d60-67fd948fc3fc@group-93297CC8D484-SegmentedRaftLog:OPENED:c-1,f-1,i0, conf=-1: [d73afb6e-2f04-46f5-9d60-67fd948fc3fc|rpc:172.17.0.2:32999|priority:0, 28c9ea05-fb6a-49bf-a2b4-fea96a178ae4|rpc:172.17.0.2:33397|priority:0, 7bc8cf5a-9dee-415c-92cd-434f849c7ae8|rpc:172.17.0.2:35617|priority:1], old=null RUNNING priority:0 candidate:7bc8cf5a-9dee-415c-92cd-434f849c7ae8|rpc:172.17.0.2:35617|priority:1 candidatePriority:1 compare:0
2021-01-11 02:53:30,861 [grpc-default-executor-11] INFO  server.RaftServer$Division (RaftServerImpl.java:setRole(283)) - 28c9ea05-fb6a-49bf-a2b4-fea96a178ae4@group-93297CC8D484: changes role from  FOLLOWER to FOLLOWER at term 1 for recognizeCandidate:7bc8cf5a-9dee-415c-92cd-434f849c7ae8
2021-01-11 02:53:30,861 [grpc-default-executor-11] INFO  impl.RoleInfo (RoleInfo.java:shutdownFollowerState(108)) - 28c9ea05-fb6a-49bf-a2b4-fea96a178ae4: shutdown 28c9ea05-fb6a-49bf-a2b4-fea96a178ae4@group-93297CC8D484-FollowerState
2021-01-11 02:53:30,862 [grpc-default-executor-11] INFO  impl.RoleInfo (RoleInfo.java:updateAndGet(130)) - 28c9ea05-fb6a-49bf-a2b4-fea96a178ae4: start 28c9ea05-fb6a-49bf-a2b4-fea96a178ae4@group-93297CC8D484-FollowerState
2021-01-11 02:53:30,862 [Thread-6160] INFO  impl.FollowerState (FollowerState.java:run(142)) - 28c9ea05-fb6a-49bf-a2b4-fea96a178ae4@group-93297CC8D484-FollowerState was interrupted: {}
java.lang.InterruptedException: sleep interrupted
	at java.lang.Thread.sleep(Native Method)
	at java.lang.Thread.sleep(Thread.java:340)
	at java.util.concurrent.TimeUnit.sleep(TimeUnit.java:386)
	at org.apache.ratis.util.TimeDuration.sleep(TimeDuration.java:324)
	at org.apache.ratis.util.TimeDuration.sleep(TimeDuration.java:309)
	at org.apache.ratis.server.impl.FollowerState.run(FollowerState.java:117)
2021-01-11 02:53:30,862 [7bc8cf5a-9dee-415c-92cd-434f849c7ae8@group-93297CC8D484-LeaderElection98] INFO  impl.LeaderElection (LeaderElection.java:logAndReturn(68)) - 7bc8cf5a-9dee-415c-92cd-434f849c7ae8@group-93297CC8D484-LeaderElection98: Election  PASSED received 1 response(s):[7bc8cf5a-9dee-415c-92cd-434f849c7ae8<-d73afb6e-2f04-46f5-9d60-67fd948fc3fc#0:OK-t1]
2021-01-11 02:53:30,862 [grpc-default-executor-11] INFO  server.RaftServer$Division (RaftServerImpl.java:requestVote(1137)) -  FOLLOWER 28c9ea05-fb6a-49bf-a2b4-fea96a178ae4@group-93297CC8D484:t1, leader=null, voted=null, raftlog=28c9ea05-fb6a-49bf-a2b4-fea96a178ae4@group-93297CC8D484-SegmentedRaftLog:OPENED:c-1,f-1,i0, conf=-1: [d73afb6e-2f04-46f5-9d60-67fd948fc3fc|rpc:172.17.0.2:32999|dataStream:|priority:0, 28c9ea05-fb6a-49bf-a2b4-fea96a178ae4|rpc:172.17.0.2:33397|dataStream:|priority:0, 7bc8cf5a-9dee-415c-92cd-434f849c7ae8|rpc:172.17.0.2:35617|dataStream:|priority:1], old=null RUNNING priority:0 candidate:7bc8cf5a-9dee-415c-92cd-434f849c7ae8|rpc:172.17.0.2:35617|dataStream:|priority:1 candidatePriority:1 compare:0
2021-01-11 02:53:30,862 [7bc8cf5a-9dee-415c-92cd-434f849c7ae8@group-93297CC8D484-LeaderElection98] INFO  impl.RoleInfo (RoleInfo.java:shutdownLeaderElection(121)) - 7bc8cf5a-9dee-415c-92cd-434f849c7ae8: shutdown 7bc8cf5a-9dee-415c-92cd-434f849c7ae8@group-93297CC8D484-LeaderElection98
2021-01-11 02:53:30,862 [7bc8cf5a-9dee-415c-92cd-434f849c7ae8@group-93297CC8D484-LeaderElection98] INFO  server.RaftServer$Division (RaftServerImpl.java:setRole(283)) - 7bc8cf5a-9dee-415c-92cd-434f849c7ae8@group-93297CC8D484: changes role from CANDIDATE to LEADER at term 1 for changeToLeader
2021-01-11 02:53:30,862 [7bc8cf5a-9dee-415c-92cd-434f849c7ae8@group-93297CC8D484-LeaderElection98] INFO  ratis.XceiverServerRatis (XceiverServerRatis.java:handleLeaderChangedNotification(868)) - Leader change notification received for group: group-93297CC8D484 with new leaderId: 7bc8cf5a-9dee-415c-92cd-434f849c7ae8
2021-01-11 02:53:30,862 [7bc8cf5a-9dee-415c-92cd-434f849c7ae8@group-93297CC8D484-LeaderElection98] INFO  server.RaftServer$Division (ServerState.java:setLeader(249)) - 7bc8cf5a-9dee-415c-92cd-434f849c7ae8@group-93297CC8D484: change Leader from null to 7bc8cf5a-9dee-415c-92cd-434f849c7ae8 at term 1 for becomeLeader, leader elected after 5081ms
2021-01-11 02:53:30,862 [7bc8cf5a-9dee-415c-92cd-434f849c7ae8@group-93297CC8D484-LeaderElection98] INFO  server.RaftServerConfigKeys (ConfUtils.java:logGet(44)) - raft.server.staging.catchup.gap = 1000 (default)
2021-01-11 02:53:30,862 [7bc8cf5a-9dee-415c-92cd-434f849c7ae8@group-93297CC8D484-LeaderElection98] INFO  metrics.RatisMetrics (RatisMetrics.java:lambda$create$0(36)) - Creating Metrics Registry : ratis.log_appender.7bc8cf5a-9dee-415c-92cd-434f849c7ae8@group-93297CC8D484
2021-01-11 02:53:30,863 [7bc8cf5a-9dee-415c-92cd-434f849c7ae8@group-93297CC8D484-LeaderElection98] INFO  server.RaftServerConfigKeys (ConfUtils.java:logGet(44)) - raft.server.write.element-limit = 1024 (custom)
2021-01-11 02:53:30,863 [7bc8cf5a-9dee-415c-92cd-434f849c7ae8@group-93297CC8D484-LeaderElection98] INFO  server.RaftServerConfigKeys (ConfUtils.java:logGet(44)) - raft.server.write.byte-limit = 1073741824 (custom)
2021-01-11 02:53:30,865 [7bc8cf5a-9dee-415c-92cd-434f849c7ae8@group-93297CC8D484-LeaderElection98] INFO  server.RaftServerConfigKeys (ConfUtils.java:logGet(44)) - raft.server.watch.timeout = 180s (custom)
2021-01-11 02:53:30,865 [7bc8cf5a-9dee-415c-92cd-434f849c7ae8@group-93297CC8D484-LeaderElection98] INFO  server.RaftServerConfigKeys (ConfUtils.java:logGet(44)) - raft.server.watch.timeout.denomination = 1s (default)
2021-01-11 02:53:30,865 [7bc8cf5a-9dee-415c-92cd-434f849c7ae8@group-93297CC8D484-LeaderElection98] INFO  server.RaftServerConfigKeys (ConfUtils.java:logGet(44)) - raft.server.watch.element-limit = 65536 (default)
2021-01-11 02:53:30,865 [7bc8cf5a-9dee-415c-92cd-434f849c7ae8@group-93297CC8D484-LeaderElection98] INFO  server.RaftServerConfigKeys (ConfUtils.java:logGet(44)) - raft.server.log.appender.snapshot.chunk.size.max = 16MB (=16777216) (default)
2021-01-11 02:53:30,866 [7bc8cf5a-9dee-415c-92cd-434f849c7ae8@group-93297CC8D484-LeaderElection98] INFO  server.RaftServerConfigKeys (ConfUtils.java:logGet(44)) - raft.server.log.appender.buffer.byte-limit = 33554432 (custom)
2021-01-11 02:53:30,866 [7bc8cf5a-9dee-415c-92cd-434f849c7ae8@group-93297CC8D484-LeaderElection98] INFO  server.RaftServerConfigKeys (ConfUtils.java:logGet(44)) - raft.server.log.appender.buffer.element-limit = 1 (custom)
2021-01-11 02:53:30,866 [7bc8cf5a-9dee-415c-92cd-434f849c7ae8@group-93297CC8D484-LeaderElection98] INFO  grpc.GrpcConfigKeys (ConfUtils.java:logGet(44)) - raft.grpc.server.leader.outstanding.appends.max = 128 (default)
2021-01-11 02:53:30,866 [7bc8cf5a-9dee-415c-92cd-434f849c7ae8@group-93297CC8D484-LeaderElection98] INFO  server.RaftServerConfigKeys (ConfUtils.java:logGet(44)) - raft.server.rpc.request.timeout = 60s (custom)
2021-01-11 02:53:30,866 [7bc8cf5a-9dee-415c-92cd-434f849c7ae8@group-93297CC8D484-LeaderElection98] INFO  server.RaftServerConfigKeys (ConfUtils.java:logGet(44)) - raft.server.log.appender.install.snapshot.enabled = false (custom)
2021-01-11 02:53:30,866 [7bc8cf5a-9dee-415c-92cd-434f849c7ae8@group-93297CC8D484-LeaderElection98] INFO  metrics.RatisMetrics (RatisMetrics.java:lambda$create$0(36)) - Creating Metrics Registry : ratis_grpc.log_appender.7bc8cf5a-9dee-415c-92cd-434f849c7ae8@group-93297CC8D484
2021-01-11 02:53:30,869 [7bc8cf5a-9dee-415c-92cd-434f849c7ae8@group-93297CC8D484-LeaderElection98] INFO  server.RaftServerConfigKeys (ConfUtils.java:logGet(44)) - raft.server.log.appender.snapshot.chunk.size.max = 16MB (=16777216) (default)
2021-01-11 02:53:30,869 [7bc8cf5a-9dee-415c-92cd-434f849c7ae8@group-93297CC8D484-LeaderElection98] INFO  server.RaftServerConfigKeys (ConfUtils.java:logGet(44)) - raft.server.log.appender.buffer.byte-limit = 33554432 (custom)
2021-01-11 02:53:30,869 [7bc8cf5a-9dee-415c-92cd-434f849c7ae8@group-93297CC8D484-LeaderElection98] INFO  server.RaftServerConfigKeys (ConfUtils.java:logGet(44)) - raft.server.log.appender.buffer.element-limit = 1 (custom)
2021-01-11 02:53:30,869 [7bc8cf5a-9dee-415c-92cd-434f849c7ae8@group-93297CC8D484-LeaderElection98] INFO  grpc.GrpcConfigKeys (ConfUtils.java:logGet(44)) - raft.grpc.server.leader.outstanding.appends.max = 128 (default)
2021-01-11 02:53:30,869 [7bc8cf5a-9dee-415c-92cd-434f849c7ae8@group-93297CC8D484-LeaderElection98] INFO  server.RaftServerConfigKeys (ConfUtils.java:logGet(44)) - raft.server.rpc.request.timeout = 60s (custom)
2021-01-11 02:53:30,869 [7bc8cf5a-9dee-415c-92cd-434f849c7ae8@group-93297CC8D484-LeaderElection98] INFO  server.RaftServerConfigKeys (ConfUtils.java:logGet(44)) - raft.server.log.appender.install.snapshot.enabled = false (custom)
2021-01-11 02:53:30,872 [7bc8cf5a-9dee-415c-92cd-434f849c7ae8@group-93297CC8D484-LeaderElection98] INFO  impl.RoleInfo (RoleInfo.java:updateAndGet(130)) - 7bc8cf5a-9dee-415c-92cd-434f849c7ae8: start 7bc8cf5a-9dee-415c-92cd-434f849c7ae8@group-93297CC8D484-LeaderStateImpl
2021-01-11 02:53:30,872 [7bc8cf5a-9dee-415c-92cd-434f849c7ae8@group-93297CC8D484-LeaderElection98] INFO  segmented.SegmentedRaftLogWorker (SegmentedRaftLogWorker.java:startLogSegment(392)) - 7bc8cf5a-9dee-415c-92cd-434f849c7ae8@group-93297CC8D484-SegmentedRaftLogWorker: Starting segment from index:0
2021-01-11 02:53:30,873 [EventQueue-PipelineReportForPipelineReportHandler] INFO  pipeline.PipelineStateManager (PipelineStateManager.java:openPipeline(132)) - Pipeline Pipeline[ Id: 7f8dc46e-9249-4e9b-81b5-93297cc8d484, Nodes: 7bc8cf5a-9dee-415c-92cd-434f849c7ae8{ip: 172.17.0.2, host: 4354df8493ff, networkLocation: /default-rack, certSerialId: null, persistedOpState: IN_SERVICE, persistedOpStateExpiryEpochSec: 0}28c9ea05-fb6a-49bf-a2b4-fea96a178ae4{ip: 172.17.0.2, host: 4354df8493ff, networkLocation: /default-rack, certSerialId: null, persistedOpState: IN_SERVICE, persistedOpStateExpiryEpochSec: 0}d73afb6e-2f04-46f5-9d60-67fd948fc3fc{ip: 172.17.0.2, host: 4354df8493ff, networkLocation: /default-rack, certSerialId: null, persistedOpState: IN_SERVICE, persistedOpStateExpiryEpochSec: 0}, Type:RATIS, Factor:THREE, State:ALLOCATED, leaderId:7bc8cf5a-9dee-415c-92cd-434f849c7ae8, CreationTimestamp2021-01-11T02:53:24.682Z] moved to OPEN state
2021-01-11 02:53:30,874 [7bc8cf5a-9dee-415c-92cd-434f849c7ae8@group-93297CC8D484-SegmentedRaftLogWorker] INFO  segmented.SegmentedRaftLogWorker (SegmentedRaftLogWorker.java:execute(599)) - 7bc8cf5a-9dee-415c-92cd-434f849c7ae8@group-93297CC8D484-SegmentedRaftLogWorker: created new log segment /github/workspace/mnt/ozone/hadoop-ozone/integration-test/target/test-dir/MiniOzoneClusterImpl-135c514c-975b-43bb-8c7a-38bae9c970e3/datanode-3/data/ratis/7f8dc46e-9249-4e9b-81b5-93297cc8d484/current/log_inprogress_0
2021-01-11 02:53:30,878 [7bc8cf5a-9dee-415c-92cd-434f849c7ae8@group-93297CC8D484-LeaderElection98] INFO  server.RaftServer$Division (ServerState.java:setRaftConf(368)) - 7bc8cf5a-9dee-415c-92cd-434f849c7ae8@group-93297CC8D484: set configuration 0: [d73afb6e-2f04-46f5-9d60-67fd948fc3fc|rpc:172.17.0.2:32999|dataStream:|priority:0, 28c9ea05-fb6a-49bf-a2b4-fea96a178ae4|rpc:172.17.0.2:33397|dataStream:|priority:0, 7bc8cf5a-9dee-415c-92cd-434f849c7ae8|rpc:172.17.0.2:35617|dataStream:|priority:1], old=null
2021-01-11 02:53:30,891 [grpc-default-executor-10] INFO  ratis.XceiverServerRatis (XceiverServerRatis.java:handleLeaderChangedNotification(868)) - Leader change notification received for group: group-93297CC8D484 with new leaderId: 7bc8cf5a-9dee-415c-92cd-434f849c7ae8
2021-01-11 02:53:30,891 [grpc-default-executor-10] INFO  server.RaftServer$Division (ServerState.java:setLeader(249)) - d73afb6e-2f04-46f5-9d60-67fd948fc3fc@group-93297CC8D484: change Leader from null to 7bc8cf5a-9dee-415c-92cd-434f849c7ae8 at term 1 for appendEntries, leader elected after 5158ms
2021-01-11 02:53:30,892 [grpc-default-executor-11] INFO  ratis.XceiverServerRatis (XceiverServerRatis.java:handleLeaderChangedNotification(868)) - Leader change notification received for group: group-93297CC8D484 with new leaderId: 7bc8cf5a-9dee-415c-92cd-434f849c7ae8
2021-01-11 02:53:30,892 [grpc-default-executor-11] INFO  server.RaftServer$Division (ServerState.java:setLeader(249)) - 28c9ea05-fb6a-49bf-a2b4-fea96a178ae4@group-93297CC8D484: change Leader from null to 7bc8cf5a-9dee-415c-92cd-434f849c7ae8 at term 1 for appendEntries, leader elected after 5012ms
2021-01-11 02:53:30,901 [grpc-default-executor-10] INFO  server.RaftServer$Division (ServerState.java:setRaftConf(368)) - d73afb6e-2f04-46f5-9d60-67fd948fc3fc@group-93297CC8D484: set configuration 0: [d73afb6e-2f04-46f5-9d60-67fd948fc3fc|rpc:172.17.0.2:32999|dataStream:|priority:0, 28c9ea05-fb6a-49bf-a2b4-fea96a178ae4|rpc:172.17.0.2:33397|dataStream:|priority:0, 7bc8cf5a-9dee-415c-92cd-434f849c7ae8|rpc:172.17.0.2:35617|dataStream:|priority:1], old=null
2021-01-11 02:53:30,908 [grpc-default-executor-10] INFO  segmented.SegmentedRaftLogWorker (SegmentedRaftLogWorker.java:startLogSegment(392)) - d73afb6e-2f04-46f5-9d60-67fd948fc3fc@group-93297CC8D484-SegmentedRaftLogWorker: Starting segment from index:0
2021-01-11 02:53:30,910 [grpc-default-executor-11] INFO  server.RaftServer$Division (ServerState.java:setRaftConf(368)) - 28c9ea05-fb6a-49bf-a2b4-fea96a178ae4@group-93297CC8D484: set configuration 0: [d73afb6e-2f04-46f5-9d60-67fd948fc3fc|rpc:172.17.0.2:32999|dataStream:|priority:0, 28c9ea05-fb6a-49bf-a2b4-fea96a178ae4|rpc:172.17.0.2:33397|dataStream:|priority:0, 7bc8cf5a-9dee-415c-92cd-434f849c7ae8|rpc:172.17.0.2:35617|dataStream:|priority:1], old=null
2021-01-11 02:53:30,913 [grpc-default-executor-11] INFO  segmented.SegmentedRaftLogWorker (SegmentedRaftLogWorker.java:startLogSegment(392)) - 28c9ea05-fb6a-49bf-a2b4-fea96a178ae4@group-93297CC8D484-SegmentedRaftLogWorker: Starting segment from index:0
2021-01-11 02:53:30,914 [d73afb6e-2f04-46f5-9d60-67fd948fc3fc@group-93297CC8D484-SegmentedRaftLogWorker] INFO  segmented.SegmentedRaftLogWorker (SegmentedRaftLogWorker.java:execute(599)) - d73afb6e-2f04-46f5-9d60-67fd948fc3fc@group-93297CC8D484-SegmentedRaftLogWorker: created new log segment /github/workspace/mnt/ozone/hadoop-ozone/integration-test/target/test-dir/MiniOzoneClusterImpl-135c514c-975b-43bb-8c7a-38bae9c970e3/datanode-4/data/ratis/7f8dc46e-9249-4e9b-81b5-93297cc8d484/current/log_inprogress_0
2021-01-11 02:53:30,915 [28c9ea05-fb6a-49bf-a2b4-fea96a178ae4@group-93297CC8D484-SegmentedRaftLogWorker] INFO  segmented.SegmentedRaftLogWorker (SegmentedRaftLogWorker.java:execute(599)) - 28c9ea05-fb6a-49bf-a2b4-fea96a178ae4@group-93297CC8D484-SegmentedRaftLogWorker: created new log segment /github/workspace/mnt/ozone/hadoop-ozone/integration-test/target/test-dir/MiniOzoneClusterImpl-135c514c-975b-43bb-8c7a-38bae9c970e3/datanode-5/data/ratis/7f8dc46e-9249-4e9b-81b5-93297cc8d484/current/log_inprogress_0
2021-01-11 02:53:30,986 [Command processor thread] INFO  server.RaftServer (RaftServerProxy.java:remove(106)) - 27072a30-1791-4eaf-beda-714f523a0d74: remove    LEADER 27072a30-1791-4eaf-beda-714f523a0d74@group-8A2A89374153:t1, leader=27072a30-1791-4eaf-beda-714f523a0d74, voted=27072a30-1791-4eaf-beda-714f523a0d74, raftlog=27072a30-1791-4eaf-beda-714f523a0d74@group-8A2A89374153-SegmentedRaftLog:OPENED:c0,f0,i0, conf=0: [27072a30-1791-4eaf-beda-714f523a0d74|rpc:172.17.0.2:41503|dataStream:|priority:1], old=null RUNNING
2021-01-11 02:53:30,987 [Command processor thread] INFO  server.RaftServer$Division (RaftServerImpl.java:lambda$close$4(405)) - 27072a30-1791-4eaf-beda-714f523a0d74@group-8A2A89374153: shutdown
2021-01-11 02:53:30,987 [Command processor thread] INFO  util.JmxRegister (JmxRegister.java:unregister(73)) - Successfully un-registered JMX Bean with object name Ratis:service=RaftServer,group=group-8A2A89374153,id=27072a30-1791-4eaf-beda-714f523a0d74
2021-01-11 02:53:30,987 [Command processor thread] INFO  impl.RoleInfo (RoleInfo.java:shutdownLeaderState(91)) - 27072a30-1791-4eaf-beda-714f523a0d74: shutdown 27072a30-1791-4eaf-beda-714f523a0d74@group-8A2A89374153-LeaderStateImpl
2021-01-11 02:53:30,987 [Command processor thread] INFO  impl.PendingRequests (PendingRequests.java:sendNotLeaderResponses(249)) - 27072a30-1791-4eaf-beda-714f523a0d74@group-8A2A89374153-PendingRequests: sendNotLeaderResponses
2021-01-11 02:53:30,987 [Command processor thread] INFO  metrics.RatisMetrics (RatisMetrics.java:unregister(43)) - Unregistering Metrics Registry : ratis.log_appender.27072a30-1791-4eaf-beda-714f523a0d74@group-8A2A89374153
2021-01-11 02:53:30,987 [Command processor thread] INFO  metrics.RatisMetrics (RatisMetrics.java:unregister(43)) - Unregistering Metrics Registry : ratis.server.27072a30-1791-4eaf-beda-714f523a0d74@group-8A2A89374153
2021-01-11 02:53:30,988 [Command processor thread] INFO  impl.StateMachineUpdater (StateMachineUpdater.java:stopAndJoin(148)) - 27072a30-1791-4eaf-beda-714f523a0d74@group-8A2A89374153-StateMachineUpdater: set stopIndex = 0
2021-01-11 02:53:30,989 [27072a30-1791-4eaf-beda-714f523a0d74@group-8A2A89374153-StateMachineUpdater] INFO  ratis.ContainerStateMachine (ContainerStateMachine.java:takeSnapshot(291)) - group-8A2A89374153: Taking a snapshot at:(t:1, i:0) file /github/workspace/mnt/ozone/hadoop-ozone/integration-test/target/test-dir/MiniOzoneClusterImpl-135c514c-975b-43bb-8c7a-38bae9c970e3/datanode-1/data/ratis/cc30ad36-3b76-44f5-ab8e-8a2a89374153/sm/snapshot.1_0
2021-01-11 02:53:30,990 [27072a30-1791-4eaf-beda-714f523a0d74@group-8A2A89374153-StateMachineUpdater] INFO  ratis.ContainerStateMachine (ContainerStateMachine.java:takeSnapshot(302)) - group-8A2A89374153: Finished taking a snapshot at:(t:1, i:0) file:/github/workspace/mnt/ozone/hadoop-ozone/integration-test/target/test-dir/MiniOzoneClusterImpl-135c514c-975b-43bb-8c7a-38bae9c970e3/datanode-1/data/ratis/cc30ad36-3b76-44f5-ab8e-8a2a89374153/sm/snapshot.1_0 took: 1 ms
2021-01-11 02:53:30,990 [27072a30-1791-4eaf-beda-714f523a0d74@group-8A2A89374153-StateMachineUpdater] INFO  impl.StateMachineUpdater (StateMachineUpdater.java:takeSnapshot(279)) - 27072a30-1791-4eaf-beda-714f523a0d74@group-8A2A89374153-StateMachineUpdater: Took a snapshot at index 0
2021-01-11 02:53:30,990 [27072a30-1791-4eaf-beda-714f523a0d74@group-8A2A89374153-StateMachineUpdater] INFO  impl.StateMachineUpdater (StateMachineUpdater.java:lambda$new$0(88)) - 27072a30-1791-4eaf-beda-714f523a0d74@group-8A2A89374153-StateMachineUpdater: snapshotIndex: updateIncreasingly -1 -> 0
2021-01-11 02:53:30,990 [27072a30-1791-4eaf-beda-714f523a0d74@group-8A2A89374153-StateMachineUpdater] INFO  metrics.RatisMetrics (RatisMetrics.java:unregister(43)) - Unregistering Metrics Registry : ratis.state_machine.27072a30-1791-4eaf-beda-714f523a0d74@group-8A2A89374153
2021-01-11 02:53:30,990 [Command processor thread] INFO  server.RaftServer$Division (ServerState.java:close(400)) - 27072a30-1791-4eaf-beda-714f523a0d74@group-8A2A89374153: closes. applyIndex: 0
2021-01-11 02:53:30,990 [27072a30-1791-4eaf-beda-714f523a0d74@group-8A2A89374153-SegmentedRaftLogWorker] INFO  segmented.SegmentedRaftLogWorker (SegmentedRaftLogWorker.java:run(326)) - 27072a30-1791-4eaf-beda-714f523a0d74@group-8A2A89374153-SegmentedRaftLogWorker was interrupted, exiting. There are 0 tasks remaining in the queue.
2021-01-11 02:53:30,991 [Command processor thread] INFO  segmented.SegmentedRaftLogWorker (SegmentedRaftLogWorker.java:close(236)) - 27072a30-1791-4eaf-beda-714f523a0d74@group-8A2A89374153-SegmentedRaftLogWorker close()
2021-01-11 02:53:30,997 [Command processor thread] INFO  metrics.RatisMetrics (RatisMetrics.java:unregister(43)) - Unregistering Metrics Registry : ratis.log_worker.27072a30-1791-4eaf-beda-714f523a0d74@group-8A2A89374153
2021-01-11 02:53:30,997 [Command processor thread] INFO  metrics.RatisMetrics (RatisMetrics.java:unregister(43)) - Unregistering Metrics Registry : ratis.leader_election.27072a30-1791-4eaf-beda-714f523a0d74@group-8A2A89374153
2021-01-11 02:53:30,997 [Command processor thread] INFO  metrics.RatisMetrics (RatisMetrics.java:unregister(43)) - Unregistering Metrics Registry : ratis.server.27072a30-1791-4eaf-beda-714f523a0d74@group-8A2A89374153
2021-01-11 02:53:30,998 [Command processor thread] INFO  server.RaftServer$Division (RaftServerImpl.java:groupRemove(375)) - 27072a30-1791-4eaf-beda-714f523a0d74@group-8A2A89374153: Succeed to remove RaftStorageDirectory Storage Directory /github/workspace/mnt/ozone/hadoop-ozone/integration-test/target/test-dir/MiniOzoneClusterImpl-135c514c-975b-43bb-8c7a-38bae9c970e3/datanode-1/data/ratis/cc30ad36-3b76-44f5-ab8e-8a2a89374153
2021-01-11 02:53:30,998 [Command processor thread] INFO  commandhandler.ClosePipelineCommandHandler (ClosePipelineCommandHandler.java:handle(75)) - Close Pipeline PipelineID=cc30ad36-3b76-44f5-ab8e-8a2a89374153 command on datanode 27072a30-1791-4eaf-beda-714f523a0d74.
2021-01-11 02:53:30,998 [Command processor thread] INFO  server.RaftServer (RaftServerProxy.java:remove(106)) - 27072a30-1791-4eaf-beda-714f523a0d74: remove    LEADER 27072a30-1791-4eaf-beda-714f523a0d74@group-0BA852A2BCA2:t1, leader=27072a30-1791-4eaf-beda-714f523a0d74, voted=27072a30-1791-4eaf-beda-714f523a0d74, raftlog=27072a30-1791-4eaf-beda-714f523a0d74@group-0BA852A2BCA2-SegmentedRaftLog:OPENED:c79,f79,i79, conf=0: [8fdece96-174e-440b-9c34-b82ee45bcc56|rpc:172.17.0.2:38051|dataStream:|priority:0, 3bec4ab6-b9ad-4cb7-85d8-9f78f5912025|rpc:172.17.0.2:43535|dataStream:|priority:0, 27072a30-1791-4eaf-beda-714f523a0d74|rpc:172.17.0.2:41503|dataStream:|priority:1], old=null RUNNING
2021-01-11 02:53:30,998 [Command processor thread] INFO  server.RaftServer$Division (RaftServerImpl.java:lambda$close$4(405)) - 27072a30-1791-4eaf-beda-714f523a0d74@group-0BA852A2BCA2: shutdown
2021-01-11 02:53:30,998 [Command processor thread] INFO  util.JmxRegister (JmxRegister.java:unregister(73)) - Successfully un-registered JMX Bean with object name Ratis:service=RaftServer,group=group-0BA852A2BCA2,id=27072a30-1791-4eaf-beda-714f523a0d74
2021-01-11 02:53:30,998 [Command processor thread] INFO  impl.RoleInfo (RoleInfo.java:shutdownLeaderState(91)) - 27072a30-1791-4eaf-beda-714f523a0d74: shutdown 27072a30-1791-4eaf-beda-714f523a0d74@group-0BA852A2BCA2-LeaderStateImpl
2021-01-11 02:53:30,998 [Command processor thread] INFO  metrics.RatisMetrics (RatisMetrics.java:unregister(43)) - Unregistering Metrics Registry : ratis_grpc.log_appender.27072a30-1791-4eaf-beda-714f523a0d74@group-0BA852A2BCA2
2021-01-11 02:53:30,998 [27072a30-1791-4eaf-beda-714f523a0d74@group-0BA852A2BCA2->8fdece96-174e-440b-9c34-b82ee45bcc56-GrpcLogAppender-LogAppenderDaemon] WARN  server.GrpcLogAppender (GrpcLogAppender.java:mayWait(175)) - 27072a30-1791-4eaf-beda-714f523a0d74@group-0BA852A2BCA2->8fdece96-174e-440b-9c34-b82ee45bcc56-GrpcLogAppender: Wait interrupted by java.lang.InterruptedException
2021-01-11 02:53:30,999 [grpc-default-executor-11] INFO  server.GrpcServerProtocolService (GrpcServerProtocolService.java:onCompleted(138)) - 8fdece96-174e-440b-9c34-b82ee45bcc56: Completed APPEND_ENTRIES, lastRequest: 27072a30-1791-4eaf-beda-714f523a0d74->8fdece96-174e-440b-9c34-b82ee45bcc56#484-t1,previous=(t:1, i:78),leaderCommit=78,initializing? true,entries: size=1, first=(t:1, i:79), METADATAENTRY(c:77)
2021-01-11 02:53:30,999 [Command processor thread] INFO  metrics.RatisMetrics (RatisMetrics.java:unregister(43)) - Unregistering Metrics Registry : ratis_grpc.log_appender.27072a30-1791-4eaf-beda-714f523a0d74@group-0BA852A2BCA2
2021-01-11 02:53:30,999 [27072a30-1791-4eaf-beda-714f523a0d74@group-0BA852A2BCA2->3bec4ab6-b9ad-4cb7-85d8-9f78f5912025-GrpcLogAppender-LogAppenderDaemon] WARN  server.GrpcLogAppender (GrpcLogAppender.java:mayWait(175)) - 27072a30-1791-4eaf-beda-714f523a0d74@group-0BA852A2BCA2->3bec4ab6-b9ad-4cb7-85d8-9f78f5912025-GrpcLogAppender: Wait interrupted by java.lang.InterruptedException
2021-01-11 02:53:30,999 [grpc-default-executor-10] INFO  server.GrpcServerProtocolService (GrpcServerProtocolService.java:onCompleted(138)) - 3bec4ab6-b9ad-4cb7-85d8-9f78f5912025: Completed APPEND_ENTRIES, lastRequest: 27072a30-1791-4eaf-beda-714f523a0d74->3bec4ab6-b9ad-4cb7-85d8-9f78f5912025#476-t1,previous=(t:1, i:78),leaderCommit=78,initializing? true,entries: size=1, first=(t:1, i:79), METADATAENTRY(c:77)
2021-01-11 02:53:31,000 [grpc-default-executor-11] INFO  server.GrpcLogAppender (GrpcLogAppender.java:onCompleted(344)) - 27072a30-1791-4eaf-beda-714f523a0d74@group-0BA852A2BCA2->8fdece96-174e-440b-9c34-b82ee45bcc56-AppendLogResponseHandler: follower responses appendEntries COMPLETED
2021-01-11 02:53:31,000 [grpc-default-executor-0] INFO  server.GrpcLogAppender (GrpcLogAppender.java:onCompleted(344)) - 27072a30-1791-4eaf-beda-714f523a0d74@group-0BA852A2BCA2->3bec4ab6-b9ad-4cb7-85d8-9f78f5912025-AppendLogResponseHandler: follower responses appendEntries COMPLETED
2021-01-11 02:53:31,000 [grpc-default-executor-11] INFO  leader.FollowerInfo (FollowerInfoImpl.java:lambda$new$0(46)) - 27072a30-1791-4eaf-beda-714f523a0d74@group-0BA852A2BCA2->8fdece96-174e-440b-9c34-b82ee45bcc56: nextIndex: updateUnconditionally 80 -> 79
2021-01-11 02:53:31,000 [grpc-default-executor-0] INFO  leader.FollowerInfo (FollowerInfoImpl.java:lambda$new$0(46)) - 27072a30-1791-4eaf-beda-714f523a0d74@group-0BA852A2BCA2->3bec4ab6-b9ad-4cb7-85d8-9f78f5912025: nextIndex: updateUnconditionally 80 -> 79
2021-01-11 02:53:31,001 [Command processor thread] INFO  impl.PendingRequests (PendingRequests.java:sendNotLeaderResponses(249)) - 27072a30-1791-4eaf-beda-714f523a0d74@group-0BA852A2BCA2-PendingRequests: sendNotLeaderResponses
2021-01-11 02:53:31,002 [IPC Server handler 8 on default port 40965] INFO  node.SCMNodeManager (SCMNodeManager.java:updateDatanodeOpState(419)) - Scheduling a command to update the operationalState persisted on the datanode as the reported value (IN_SERVICE, 0) does not match the value stored in SCM (ENTERING_MAINTENANCE, 0)
2021-01-11 02:53:31,003 [Command processor thread] INFO  server.RaftServer (RaftServerProxy.java:remove(106)) - 8fdece96-174e-440b-9c34-b82ee45bcc56: remove  FOLLOWER 8fdece96-174e-440b-9c34-b82ee45bcc56@group-0BA852A2BCA2:t1, leader=27072a30-1791-4eaf-beda-714f523a0d74, voted=27072a30-1791-4eaf-beda-714f523a0d74, raftlog=8fdece96-174e-440b-9c34-b82ee45bcc56@group-0BA852A2BCA2-SegmentedRaftLog:OPENED:c78,f79,i79, conf=0: [8fdece96-174e-440b-9c34-b82ee45bcc56|rpc:172.17.0.2:38051|dataStream:|priority:0, 3bec4ab6-b9ad-4cb7-85d8-9f78f5912025|rpc:172.17.0.2:43535|dataStream:|priority:0, 27072a30-1791-4eaf-beda-714f523a0d74|rpc:172.17.0.2:41503|dataStream:|priority:1], old=null RUNNING
2021-01-11 02:53:31,003 [Command processor thread] INFO  server.RaftServer$Division (RaftServerImpl.java:lambda$close$4(405)) - 8fdece96-174e-440b-9c34-b82ee45bcc56@group-0BA852A2BCA2: shutdown
2021-01-11 02:53:31,003 [Command processor thread] INFO  util.JmxRegister (JmxRegister.java:unregister(73)) - Successfully un-registered JMX Bean with object name Ratis:service=RaftServer,group=group-0BA852A2BCA2,id=8fdece96-174e-440b-9c34-b82ee45bcc56
2021-01-11 02:53:31,003 [Command processor thread] INFO  impl.RoleInfo (RoleInfo.java:shutdownFollowerState(108)) - 8fdece96-174e-440b-9c34-b82ee45bcc56: shutdown 8fdece96-174e-440b-9c34-b82ee45bcc56@group-0BA852A2BCA2-FollowerState
2021-01-11 02:53:31,003 [Command processor thread] INFO  impl.StateMachineUpdater (StateMachineUpdater.java:stopAndJoin(148)) - 8fdece96-174e-440b-9c34-b82ee45bcc56@group-0BA852A2BCA2-StateMachineUpdater: set stopIndex = 78
2021-01-11 02:53:31,003 [Thread-6069] INFO  impl.FollowerState (FollowerState.java:run(142)) - 8fdece96-174e-440b-9c34-b82ee45bcc56@group-0BA852A2BCA2-FollowerState was interrupted: {}
java.lang.InterruptedException: sleep interrupted
	at java.lang.Thread.sleep(Native Method)
	at java.lang.Thread.sleep(Thread.java:340)
	at java.util.concurrent.TimeUnit.sleep(TimeUnit.java:386)
	at org.apache.ratis.util.TimeDuration.sleep(TimeDuration.java:324)
	at org.apache.ratis.util.TimeDuration.sleep(TimeDuration.java:309)
	at org.apache.ratis.server.impl.FollowerState.run(FollowerState.java:117)
2021-01-11 02:53:31,004 [8fdece96-174e-440b-9c34-b82ee45bcc56@group-0BA852A2BCA2-StateMachineUpdater] INFO  ratis.ContainerStateMachine (ContainerStateMachine.java:takeSnapshot(291)) - group-0BA852A2BCA2: Taking a snapshot at:(t:1, i:78) file /github/workspace/mnt/ozone/hadoop-ozone/integration-test/target/test-dir/MiniOzoneClusterImpl-135c514c-975b-43bb-8c7a-38bae9c970e3/datanode-0/data/ratis/fad3187d-7405-41ed-a375-0ba852a2bca2/sm/snapshot.1_78
2021-01-11 02:53:31,008 [8fdece96-174e-440b-9c34-b82ee45bcc56@group-0BA852A2BCA2-StateMachineUpdater] INFO  ratis.ContainerStateMachine (ContainerStateMachine.java:takeSnapshot(302)) - group-0BA852A2BCA2: Finished taking a snapshot at:(t:1, i:78) file:/github/workspace/mnt/ozone/hadoop-ozone/integration-test/target/test-dir/MiniOzoneClusterImpl-135c514c-975b-43bb-8c7a-38bae9c970e3/datanode-0/data/ratis/fad3187d-7405-41ed-a375-0ba852a2bca2/sm/snapshot.1_78 took: 4 ms
2021-01-11 02:53:31,008 [8fdece96-174e-440b-9c34-b82ee45bcc56@group-0BA852A2BCA2-StateMachineUpdater] INFO  impl.StateMachineUpdater (StateMachineUpdater.java:takeSnapshot(279)) - 8fdece96-174e-440b-9c34-b82ee45bcc56@group-0BA852A2BCA2-StateMachineUpdater: Took a snapshot at index 78
2021-01-11 02:53:31,008 [8fdece96-174e-440b-9c34-b82ee45bcc56@group-0BA852A2BCA2-StateMachineUpdater] INFO  impl.StateMachineUpdater (StateMachineUpdater.java:lambda$new$0(88)) - 8fdece96-174e-440b-9c34-b82ee45bcc56@group-0BA852A2BCA2-StateMachineUpdater: snapshotIndex: updateIncreasingly -1 -> 78
2021-01-11 02:53:31,008 [Command processor thread] INFO  metrics.RatisMetrics (RatisMetrics.java:unregister(43)) - Unregistering Metrics Registry : ratis.log_appender.27072a30-1791-4eaf-beda-714f523a0d74@group-0BA852A2BCA2
2021-01-11 02:53:31,008 [8fdece96-174e-440b-9c34-b82ee45bcc56@group-0BA852A2BCA2-StateMachineUpdater] INFO  metrics.RatisMetrics (RatisMetrics.java:unregister(43)) - Unregistering Metrics Registry : ratis.state_machine.8fdece96-174e-440b-9c34-b82ee45bcc56@group-0BA852A2BCA2
2021-01-11 02:53:31,008 [Command processor thread] INFO  metrics.RatisMetrics (RatisMetrics.java:unregister(43)) - Unregistering Metrics Registry : ratis.server.27072a30-1791-4eaf-beda-714f523a0d74@group-0BA852A2BCA2
2021-01-11 02:53:31,008 [Command processor thread] INFO  server.RaftServer$Division (ServerState.java:close(400)) - 8fdece96-174e-440b-9c34-b82ee45bcc56@group-0BA852A2BCA2: closes. applyIndex: 78
2021-01-11 02:53:31,008 [8fdece96-174e-440b-9c34-b82ee45bcc56@group-0BA852A2BCA2-SegmentedRaftLogWorker] INFO  segmented.SegmentedRaftLogWorker (SegmentedRaftLogWorker.java:run(326)) - 8fdece96-174e-440b-9c34-b82ee45bcc56@group-0BA852A2BCA2-SegmentedRaftLogWorker was interrupted, exiting. There are 0 tasks remaining in the queue.
2021-01-11 02:53:31,009 [Command processor thread] INFO  segmented.SegmentedRaftLogWorker (SegmentedRaftLogWorker.java:close(236)) - 8fdece96-174e-440b-9c34-b82ee45bcc56@group-0BA852A2BCA2-SegmentedRaftLogWorker close()
2021-01-11 02:53:31,013 [Command processor thread] INFO  metrics.RatisMetrics (RatisMetrics.java:unregister(43)) - Unregistering Metrics Registry : ratis.log_worker.8fdece96-174e-440b-9c34-b82ee45bcc56@group-0BA852A2BCA2
2021-01-11 02:53:31,013 [Command processor thread] INFO  metrics.RatisMetrics (RatisMetrics.java:unregister(43)) - Unregistering Metrics Registry : ratis.leader_election.8fdece96-174e-440b-9c34-b82ee45bcc56@group-0BA852A2BCA2
2021-01-11 02:53:31,014 [Command processor thread] INFO  metrics.RatisMetrics (RatisMetrics.java:unregister(43)) - Unregistering Metrics Registry : ratis.server.8fdece96-174e-440b-9c34-b82ee45bcc56@group-0BA852A2BCA2
2021-01-11 02:53:31,014 [Command processor thread] INFO  impl.StateMachineUpdater (StateMachineUpdater.java:stopAndJoin(148)) - 27072a30-1791-4eaf-beda-714f523a0d74@group-0BA852A2BCA2-StateMachineUpdater: set stopIndex = 79
2021-01-11 02:53:31,015 [27072a30-1791-4eaf-beda-714f523a0d74@group-0BA852A2BCA2-StateMachineUpdater] INFO  ratis.ContainerStateMachine (ContainerStateMachine.java:takeSnapshot(291)) - group-0BA852A2BCA2: Taking a snapshot at:(t:1, i:79) file /github/workspace/mnt/ozone/hadoop-ozone/integration-test/target/test-dir/MiniOzoneClusterImpl-135c514c-975b-43bb-8c7a-38bae9c970e3/datanode-1/data/ratis/fad3187d-7405-41ed-a375-0ba852a2bca2/sm/snapshot.1_79
2021-01-11 02:53:31,015 [27072a30-1791-4eaf-beda-714f523a0d74@group-0BA852A2BCA2-StateMachineUpdater] INFO  ratis.ContainerStateMachine (ContainerStateMachine.java:takeSnapshot(302)) - group-0BA852A2BCA2: Finished taking a snapshot at:(t:1, i:79) file:/github/workspace/mnt/ozone/hadoop-ozone/integration-test/target/test-dir/MiniOzoneClusterImpl-135c514c-975b-43bb-8c7a-38bae9c970e3/datanode-1/data/ratis/fad3187d-7405-41ed-a375-0ba852a2bca2/sm/snapshot.1_79 took: 0 ms
2021-01-11 02:53:31,015 [27072a30-1791-4eaf-beda-714f523a0d74@group-0BA852A2BCA2-StateMachineUpdater] INFO  impl.StateMachineUpdater (StateMachineUpdater.java:takeSnapshot(279)) - 27072a30-1791-4eaf-beda-714f523a0d74@group-0BA852A2BCA2-StateMachineUpdater: Took a snapshot at index 79
2021-01-11 02:53:31,015 [27072a30-1791-4eaf-beda-714f523a0d74@group-0BA852A2BCA2-StateMachineUpdater] INFO  impl.StateMachineUpdater (StateMachineUpdater.java:lambda$new$0(88)) - 27072a30-1791-4eaf-beda-714f523a0d74@group-0BA852A2BCA2-StateMachineUpdater: snapshotIndex: updateIncreasingly -1 -> 79
2021-01-11 02:53:31,015 [27072a30-1791-4eaf-beda-714f523a0d74@group-0BA852A2BCA2-StateMachineUpdater] INFO  metrics.RatisMetrics (RatisMetrics.java:unregister(43)) - Unregistering Metrics Registry : ratis.state_machine.27072a30-1791-4eaf-beda-714f523a0d74@group-0BA852A2BCA2
2021-01-11 02:53:31,017 [Command processor thread] INFO  keyvalue.KeyValueContainer (KeyValueContainer.java:flushAndSyncDB(388)) - Container 1 is synced with bcsId 73.
2021-01-11 02:53:31,017 [Command processor thread] INFO  keyvalue.KeyValueContainer (KeyValueContainer.java:flushAndSyncDB(388)) - Container 1 is synced with bcsId 73.
2021-01-11 02:53:31,017 [Command processor thread] INFO  server.RaftServer$Division (ServerState.java:close(400)) - 27072a30-1791-4eaf-beda-714f523a0d74@group-0BA852A2BCA2: closes. applyIndex: 79
2021-01-11 02:53:31,018 [27072a30-1791-4eaf-beda-714f523a0d74@group-0BA852A2BCA2-SegmentedRaftLogWorker] INFO  segmented.SegmentedRaftLogWorker (SegmentedRaftLogWorker.java:run(326)) - 27072a30-1791-4eaf-beda-714f523a0d74@group-0BA852A2BCA2-SegmentedRaftLogWorker was interrupted, exiting. There are 0 tasks remaining in the queue.
2021-01-11 02:53:31,018 [Command processor thread] INFO  segmented.SegmentedRaftLogWorker (SegmentedRaftLogWorker.java:close(236)) - 27072a30-1791-4eaf-beda-714f523a0d74@group-0BA852A2BCA2-SegmentedRaftLogWorker close()
2021-01-11 02:53:31,018 [EventQueue-IncrementalContainerReportForIncrementalContainerReportHandler] INFO  container.IncrementalContainerReportHandler (AbstractContainerReportHandler.java:updateContainerState(208)) - Moving container #1 to QUASI_CLOSED state, datanode 8fdece96-174e-440b-9c34-b82ee45bcc56{ip: 172.17.0.2, host: 4354df8493ff, networkLocation: /default-rack, certSerialId: null, persistedOpState: ENTERING_MAINTENANCE, persistedOpStateExpiryEpochSec: 0} reported QUASI_CLOSED replica.
2021-01-11 02:53:31,020 [Command processor thread] INFO  keyvalue.KeyValueContainer (KeyValueContainer.java:flushAndSyncDB(388)) - Container 2 is synced with bcsId 77.
2021-01-11 02:53:31,020 [Command processor thread] INFO  keyvalue.KeyValueContainer (KeyValueContainer.java:flushAndSyncDB(388)) - Container 2 is synced with bcsId 77.
2021-01-11 02:53:31,020 [Command processor thread] INFO  metrics.RatisMetrics (RatisMetrics.java:unregister(43)) - Unregistering Metrics Registry : ratis.log_worker.27072a30-1791-4eaf-beda-714f523a0d74@group-0BA852A2BCA2
2021-01-11 02:53:31,020 [Command processor thread] INFO  metrics.RatisMetrics (RatisMetrics.java:unregister(43)) - Unregistering Metrics Registry : ratis.leader_election.27072a30-1791-4eaf-beda-714f523a0d74@group-0BA852A2BCA2
2021-01-11 02:53:31,021 [Command processor thread] INFO  metrics.RatisMetrics (RatisMetrics.java:unregister(43)) - Unregistering Metrics Registry : ratis.server.27072a30-1791-4eaf-beda-714f523a0d74@group-0BA852A2BCA2
2021-01-11 02:53:31,021 [EventQueue-IncrementalContainerReportForIncrementalContainerReportHandler] INFO  container.IncrementalContainerReportHandler (AbstractContainerReportHandler.java:updateContainerState(208)) - Moving container #2 to QUASI_CLOSED state, datanode 8fdece96-174e-440b-9c34-b82ee45bcc56{ip: 172.17.0.2, host: 4354df8493ff, networkLocation: /default-rack, certSerialId: null, persistedOpState: ENTERING_MAINTENANCE, persistedOpStateExpiryEpochSec: 0} reported QUASI_CLOSED replica.
2021-01-11 02:53:31,023 [Command processor thread] INFO  keyvalue.KeyValueContainer (KeyValueContainer.java:flushAndSyncDB(388)) - Container 3 is synced with bcsId 69.
2021-01-11 02:53:31,023 [Command processor thread] INFO  keyvalue.KeyValueContainer (KeyValueContainer.java:flushAndSyncDB(388)) - Container 3 is synced with bcsId 69.
2021-01-11 02:53:31,025 [EventQueue-IncrementalContainerReportForIncrementalContainerReportHandler] INFO  container.IncrementalContainerReportHandler (AbstractContainerReportHandler.java:updateContainerState(208)) - Moving container #3 to QUASI_CLOSED state, datanode 8fdece96-174e-440b-9c34-b82ee45bcc56{ip: 172.17.0.2, host: 4354df8493ff, networkLocation: /default-rack, certSerialId: null, persistedOpState: ENTERING_MAINTENANCE, persistedOpStateExpiryEpochSec: 0} reported QUASI_CLOSED replica.
2021-01-11 02:53:31,025 [Command processor thread] INFO  server.RaftServer$Division (RaftServerImpl.java:groupRemove(375)) - 8fdece96-174e-440b-9c34-b82ee45bcc56@group-0BA852A2BCA2: Succeed to remove RaftStorageDirectory Storage Directory /github/workspace/mnt/ozone/hadoop-ozone/integration-test/target/test-dir/MiniOzoneClusterImpl-135c514c-975b-43bb-8c7a-38bae9c970e3/datanode-0/data/ratis/fad3187d-7405-41ed-a375-0ba852a2bca2
2021-01-11 02:53:31,025 [Command processor thread] INFO  commandhandler.ClosePipelineCommandHandler (ClosePipelineCommandHandler.java:handle(75)) - Close Pipeline PipelineID=fad3187d-7405-41ed-a375-0ba852a2bca2 command on datanode 8fdece96-174e-440b-9c34-b82ee45bcc56.
2021-01-11 02:53:31,025 [Command processor thread] INFO  keyvalue.KeyValueContainer (KeyValueContainer.java:flushAndSyncDB(388)) - Container 1 is synced with bcsId 73.
2021-01-11 02:53:31,025 [Command processor thread] INFO  keyvalue.KeyValueContainer (KeyValueContainer.java:flushAndSyncDB(388)) - Container 1 is synced with bcsId 73.
2021-01-11 02:53:31,025 [Command processor thread] INFO  server.RaftServer (RaftServerProxy.java:remove(106)) - 8fdece96-174e-440b-9c34-b82ee45bcc56: remove    LEADER 8fdece96-174e-440b-9c34-b82ee45bcc56@group-9FFC13EAE06E:t1, leader=8fdece96-174e-440b-9c34-b82ee45bcc56, voted=8fdece96-174e-440b-9c34-b82ee45bcc56, raftlog=8fdece96-174e-440b-9c34-b82ee45bcc56@group-9FFC13EAE06E-SegmentedRaftLog:OPENED:c0,f0,i0, conf=0: [8fdece96-174e-440b-9c34-b82ee45bcc56|rpc:172.17.0.2:38051|dataStream:|priority:1], old=null RUNNING
2021-01-11 02:53:31,026 [Command processor thread] INFO  server.RaftServer$Division (RaftServerImpl.java:lambda$close$4(405)) - 8fdece96-174e-440b-9c34-b82ee45bcc56@group-9FFC13EAE06E: shutdown
2021-01-11 02:53:31,026 [Command processor thread] INFO  util.JmxRegister (JmxRegister.java:unregister(73)) - Successfully un-registered JMX Bean with object name Ratis:service=RaftServer,group=group-9FFC13EAE06E,id=8fdece96-174e-440b-9c34-b82ee45bcc56
2021-01-11 02:53:31,026 [Command processor thread] INFO  impl.RoleInfo (RoleInfo.java:shutdownLeaderState(91)) - 8fdece96-174e-440b-9c34-b82ee45bcc56: shutdown 8fdece96-174e-440b-9c34-b82ee45bcc56@group-9FFC13EAE06E-LeaderStateImpl
2021-01-11 02:53:31,026 [Command processor thread] INFO  impl.PendingRequests (PendingRequests.java:sendNotLeaderResponses(249)) - 8fdece96-174e-440b-9c34-b82ee45bcc56@group-9FFC13EAE06E-PendingRequests: sendNotLeaderResponses
2021-01-11 02:53:31,027 [Command processor thread] INFO  metrics.RatisMetrics (RatisMetrics.java:unregister(43)) - Unregistering Metrics Registry : ratis.log_appender.8fdece96-174e-440b-9c34-b82ee45bcc56@group-9FFC13EAE06E
2021-01-11 02:53:31,027 [Command processor thread] INFO  metrics.RatisMetrics (RatisMetrics.java:unregister(43)) - Unregistering Metrics Registry : ratis.server.8fdece96-174e-440b-9c34-b82ee45bcc56@group-9FFC13EAE06E
2021-01-11 02:53:31,028 [Command processor thread] INFO  impl.StateMachineUpdater (StateMachineUpdater.java:stopAndJoin(148)) - 8fdece96-174e-440b-9c34-b82ee45bcc56@group-9FFC13EAE06E-StateMachineUpdater: set stopIndex = 0
2021-01-11 02:53:31,028 [8fdece96-174e-440b-9c34-b82ee45bcc56@group-9FFC13EAE06E-StateMachineUpdater] INFO  ratis.ContainerStateMachine (ContainerStateMachine.java:takeSnapshot(291)) - group-9FFC13EAE06E: Taking a snapshot at:(t:1, i:0) file /github/workspace/mnt/ozone/hadoop-ozone/integration-test/target/test-dir/MiniOzoneClusterImpl-135c514c-975b-43bb-8c7a-38bae9c970e3/datanode-0/data/ratis/a50250e3-8692-4e27-98e4-9ffc13eae06e/sm/snapshot.1_0
2021-01-11 02:53:31,029 [8fdece96-174e-440b-9c34-b82ee45bcc56@group-9FFC13EAE06E-StateMachineUpdater] INFO  ratis.ContainerStateMachine (ContainerStateMachine.java:takeSnapshot(302)) - group-9FFC13EAE06E: Finished taking a snapshot at:(t:1, i:0) file:/github/workspace/mnt/ozone/hadoop-ozone/integration-test/target/test-dir/MiniOzoneClusterImpl-135c514c-975b-43bb-8c7a-38bae9c970e3/datanode-0/data/ratis/a50250e3-8692-4e27-98e4-9ffc13eae06e/sm/snapshot.1_0 took: 1 ms
2021-01-11 02:53:31,029 [8fdece96-174e-440b-9c34-b82ee45bcc56@group-9FFC13EAE06E-StateMachineUpdater] INFO  impl.StateMachineUpdater (StateMachineUpdater.java:takeSnapshot(279)) - 8fdece96-174e-440b-9c34-b82ee45bcc56@group-9FFC13EAE06E-StateMachineUpdater: Took a snapshot at index 0
2021-01-11 02:53:31,029 [8fdece96-174e-440b-9c34-b82ee45bcc56@group-9FFC13EAE06E-StateMachineUpdater] INFO  impl.StateMachineUpdater (StateMachineUpdater.java:lambda$new$0(88)) - 8fdece96-174e-440b-9c34-b82ee45bcc56@group-9FFC13EAE06E-StateMachineUpdater: snapshotIndex: updateIncreasingly -1 -> 0
2021-01-11 02:53:31,029 [8fdece96-174e-440b-9c34-b82ee45bcc56@group-9FFC13EAE06E-StateMachineUpdater] INFO  metrics.RatisMetrics (RatisMetrics.java:unregister(43)) - Unregistering Metrics Registry : ratis.state_machine.8fdece96-174e-440b-9c34-b82ee45bcc56@group-9FFC13EAE06E
2021-01-11 02:53:31,029 [Command processor thread] INFO  server.RaftServer$Division (ServerState.java:close(400)) - 8fdece96-174e-440b-9c34-b82ee45bcc56@group-9FFC13EAE06E: closes. applyIndex: 0
2021-01-11 02:53:31,030 [8fdece96-174e-440b-9c34-b82ee45bcc56@group-9FFC13EAE06E-SegmentedRaftLogWorker] INFO  segmented.SegmentedRaftLogWorker (SegmentedRaftLogWorker.java:run(326)) - 8fdece96-174e-440b-9c34-b82ee45bcc56@group-9FFC13EAE06E-SegmentedRaftLogWorker was interrupted, exiting. There are 0 tasks remaining in the queue.
2021-01-11 02:53:31,030 [Command processor thread] INFO  segmented.SegmentedRaftLogWorker (SegmentedRaftLogWorker.java:close(236)) - 8fdece96-174e-440b-9c34-b82ee45bcc56@group-9FFC13EAE06E-SegmentedRaftLogWorker close()
2021-01-11 02:53:31,033 [Command processor thread] INFO  metrics.RatisMetrics (RatisMetrics.java:unregister(43)) - Unregistering Metrics Registry : ratis.log_worker.8fdece96-174e-440b-9c34-b82ee45bcc56@group-9FFC13EAE06E
2021-01-11 02:53:31,033 [Command processor thread] INFO  keyvalue.KeyValueContainer (KeyValueContainer.java:flushAndSyncDB(388)) - Container 2 is synced with bcsId 77.
2021-01-11 02:53:31,033 [Command processor thread] INFO  metrics.RatisMetrics (RatisMetrics.java:unregister(43)) - Unregistering Metrics Registry : ratis.leader_election.8fdece96-174e-440b-9c34-b82ee45bcc56@group-9FFC13EAE06E
2021-01-11 02:53:31,033 [Command processor thread] INFO  keyvalue.KeyValueContainer (KeyValueContainer.java:flushAndSyncDB(388)) - Container 2 is synced with bcsId 77.
2021-01-11 02:53:31,033 [Command processor thread] INFO  metrics.RatisMetrics (RatisMetrics.java:unregister(43)) - Unregistering Metrics Registry : ratis.server.8fdece96-174e-440b-9c34-b82ee45bcc56@group-9FFC13EAE06E
2021-01-11 02:53:31,034 [Command processor thread] INFO  server.RaftServer$Division (RaftServerImpl.java:groupRemove(375)) - 8fdece96-174e-440b-9c34-b82ee45bcc56@group-9FFC13EAE06E: Succeed to remove RaftStorageDirectory Storage Directory /github/workspace/mnt/ozone/hadoop-ozone/integration-test/target/test-dir/MiniOzoneClusterImpl-135c514c-975b-43bb-8c7a-38bae9c970e3/datanode-0/data/ratis/a50250e3-8692-4e27-98e4-9ffc13eae06e
2021-01-11 02:53:31,034 [Command processor thread] INFO  commandhandler.ClosePipelineCommandHandler (ClosePipelineCommandHandler.java:handle(75)) - Close Pipeline PipelineID=a50250e3-8692-4e27-98e4-9ffc13eae06e command on datanode 8fdece96-174e-440b-9c34-b82ee45bcc56.
2021-01-11 02:53:31,034 [Command processor thread] WARN  server.RaftServer (RaftServerProxy.java:remove(101)) - 8fdece96-174e-440b-9c34-b82ee45bcc56: does not contain group: group-9FFC13EAE06E
2021-01-11 02:53:31,034 [Command processor thread] ERROR commandhandler.ClosePipelineCommandHandler (ClosePipelineCommandHandler.java:handle(78)) - Can't close pipeline PipelineID=a50250e3-8692-4e27-98e4-9ffc13eae06e
java.io.IOException: 8fdece96-174e-440b-9c34-b82ee45bcc56: Group group-9FFC13EAE06E not found.
	at org.apache.hadoop.ozone.container.common.transport.server.ratis.XceiverServerRatis.removeGroup(XceiverServerRatis.java:788)
	at org.apache.hadoop.ozone.container.common.statemachine.commandhandler.ClosePipelineCommandHandler.handle(ClosePipelineCommandHandler.java:74)
	at org.apache.hadoop.ozone.container.common.statemachine.commandhandler.CommandDispatcher.handle(CommandDispatcher.java:99)
	at org.apache.hadoop.ozone.container.common.statemachine.DatanodeStateMachine.lambda$initCommandHandlerThread$2(DatanodeStateMachine.java:498)
	at java.lang.Thread.run(Thread.java:748)
Caused by: org.apache.ratis.protocol.exceptions.GroupMismatchException: 8fdece96-174e-440b-9c34-b82ee45bcc56: Group group-9FFC13EAE06E not found.
	at org.apache.ratis.server.impl.RaftServerProxy.groupRemoveAsync(RaftServerProxy.java:502)
	at org.apache.ratis.server.impl.RaftServerProxy.groupManagementAsync(RaftServerProxy.java:458)
	at org.apache.ratis.server.impl.RaftServerProxy.groupManagement(RaftServerProxy.java:438)
	at org.apache.hadoop.ozone.container.common.transport.server.ratis.XceiverServerRatis.removeGroup(XceiverServerRatis.java:786)
	... 4 more
2021-01-11 02:53:31,034 [Command processor thread] WARN  server.RaftServer (RaftServerProxy.java:remove(101)) - 8fdece96-174e-440b-9c34-b82ee45bcc56: does not contain group: group-0BA852A2BCA2
2021-01-11 02:53:31,034 [Command processor thread] ERROR commandhandler.ClosePipelineCommandHandler (ClosePipelineCommandHandler.java:handle(78)) - Can't close pipeline PipelineID=fad3187d-7405-41ed-a375-0ba852a2bca2
java.io.IOException: 8fdece96-174e-440b-9c34-b82ee45bcc56: Group group-0BA852A2BCA2 not found.
	at org.apache.hadoop.ozone.container.common.transport.server.ratis.XceiverServerRatis.removeGroup(XceiverServerRatis.java:788)
	at org.apache.hadoop.ozone.container.common.statemachine.commandhandler.ClosePipelineCommandHandler.handle(ClosePipelineCommandHandler.java:74)
	at org.apache.hadoop.ozone.container.common.statemachine.commandhandler.CommandDispatcher.handle(CommandDispatcher.java:99)
	at org.apache.hadoop.ozone.container.common.statemachine.DatanodeStateMachine.lambda$initCommandHandlerThread$2(DatanodeStateMachine.java:498)
	at java.lang.Thread.run(Thread.java:748)
Caused by: org.apache.ratis.protocol.exceptions.GroupMismatchException: 8fdece96-174e-440b-9c34-b82ee45bcc56: Group group-0BA852A2BCA2 not found.
	at org.apache.ratis.server.impl.RaftServerProxy.groupRemoveAsync(RaftServerProxy.java:502)
	at org.apache.ratis.server.impl.RaftServerProxy.groupManagementAsync(RaftServerProxy.java:458)
	at org.apache.ratis.server.impl.RaftServerProxy.groupManagement(RaftServerProxy.java:438)
	at org.apache.hadoop.ozone.container.common.transport.server.ratis.XceiverServerRatis.removeGroup(XceiverServerRatis.java:786)
	... 4 more
2021-01-11 02:53:31,035 [Command processor thread] WARN  server.RaftServer (RaftServerProxy.java:remove(101)) - 8fdece96-174e-440b-9c34-b82ee45bcc56: does not contain group: group-9FFC13EAE06E
2021-01-11 02:53:31,035 [Command processor thread] ERROR commandhandler.ClosePipelineCommandHandler (ClosePipelineCommandHandler.java:handle(78)) - Can't close pipeline PipelineID=a50250e3-8692-4e27-98e4-9ffc13eae06e
java.io.IOException: 8fdece96-174e-440b-9c34-b82ee45bcc56: Group group-9FFC13EAE06E not found.
	at org.apache.hadoop.ozone.container.common.transport.server.ratis.XceiverServerRatis.removeGroup(XceiverServerRatis.java:788)
	at org.apache.hadoop.ozone.container.common.statemachine.commandhandler.ClosePipelineCommandHandler.handle(ClosePipelineCommandHandler.java:74)
	at org.apache.hadoop.ozone.container.common.statemachine.commandhandler.CommandDispatcher.handle(CommandDispatcher.java:99)
	at org.apache.hadoop.ozone.container.common.statemachine.DatanodeStateMachine.lambda$initCommandHandlerThread$2(DatanodeStateMachine.java:498)
	at java.lang.Thread.run(Thread.java:748)
Caused by: org.apache.ratis.protocol.exceptions.GroupMismatchException: 8fdece96-174e-440b-9c34-b82ee45bcc56: Group group-9FFC13EAE06E not found.
	at org.apache.ratis.server.impl.RaftServerProxy.groupRemoveAsync(RaftServerProxy.java:502)
	at org.apache.ratis.server.impl.RaftServerProxy.groupManagementAsync(RaftServerProxy.java:458)
	at org.apache.ratis.server.impl.RaftServerProxy.groupManagement(RaftServerProxy.java:438)
	at org.apache.hadoop.ozone.container.common.transport.server.ratis.XceiverServerRatis.removeGroup(XceiverServerRatis.java:786)
	... 4 more
2021-01-11 02:53:31,035 [Command processor thread] WARN  server.RaftServer (RaftServerProxy.java:remove(101)) - 8fdece96-174e-440b-9c34-b82ee45bcc56: does not contain group: group-0BA852A2BCA2
2021-01-11 02:53:31,035 [Command processor thread] ERROR commandhandler.ClosePipelineCommandHandler (ClosePipelineCommandHandler.java:handle(78)) - Can't close pipeline PipelineID=fad3187d-7405-41ed-a375-0ba852a2bca2
java.io.IOException: 8fdece96-174e-440b-9c34-b82ee45bcc56: Group group-0BA852A2BCA2 not found.
	at org.apache.hadoop.ozone.container.common.transport.server.ratis.XceiverServerRatis.removeGroup(XceiverServerRatis.java:788)
	at org.apache.hadoop.ozone.container.common.statemachine.commandhandler.ClosePipelineCommandHandler.handle(ClosePipelineCommandHandler.java:74)
	at org.apache.hadoop.ozone.container.common.statemachine.commandhandler.CommandDispatcher.handle(CommandDispatcher.java:99)
	at org.apache.hadoop.ozone.container.common.statemachine.DatanodeStateMachine.lambda$initCommandHandlerThread$2(DatanodeStateMachine.java:498)
	at java.lang.Thread.run(Thread.java:748)
Caused by: org.apache.ratis.protocol.exceptions.GroupMismatchException: 8fdece96-174e-440b-9c34-b82ee45bcc56: Group group-0BA852A2BCA2 not found.
	at org.apache.ratis.server.impl.RaftServerProxy.groupRemoveAsync(RaftServerProxy.java:502)
	at org.apache.ratis.server.impl.RaftServerProxy.groupManagementAsync(RaftServerProxy.java:458)
	at org.apache.ratis.server.impl.RaftServerProxy.groupManagement(RaftServerProxy.java:438)
	at org.apache.hadoop.ozone.container.common.transport.server.ratis.XceiverServerRatis.removeGroup(XceiverServerRatis.java:786)
	... 4 more
2021-01-11 02:53:31,035 [Command processor thread] WARN  server.RaftServer (RaftServerProxy.java:remove(101)) - 8fdece96-174e-440b-9c34-b82ee45bcc56: does not contain group: group-9FFC13EAE06E
2021-01-11 02:53:31,035 [Command processor thread] ERROR commandhandler.ClosePipelineCommandHandler (ClosePipelineCommandHandler.java:handle(78)) - Can't close pipeline PipelineID=a50250e3-8692-4e27-98e4-9ffc13eae06e
java.io.IOException: 8fdece96-174e-440b-9c34-b82ee45bcc56: Group group-9FFC13EAE06E not found.
	at org.apache.hadoop.ozone.container.common.transport.server.ratis.XceiverServerRatis.removeGroup(XceiverServerRatis.java:788)
	at org.apache.hadoop.ozone.container.common.statemachine.commandhandler.ClosePipelineCommandHandler.handle(ClosePipelineCommandHandler.java:74)
	at org.apache.hadoop.ozone.container.common.statemachine.commandhandler.CommandDispatcher.handle(CommandDispatcher.java:99)
	at org.apache.hadoop.ozone.container.common.statemachine.DatanodeStateMachine.lambda$initCommandHandlerThread$2(DatanodeStateMachine.java:498)
	at java.lang.Thread.run(Thread.java:748)
Caused by: org.apache.ratis.protocol.exceptions.GroupMismatchException: 8fdece96-174e-440b-9c34-b82ee45bcc56: Group group-9FFC13EAE06E not found.
	at org.apache.ratis.server.impl.RaftServerProxy.groupRemoveAsync(RaftServerProxy.java:502)
	at org.apache.ratis.server.impl.RaftServerProxy.groupManagementAsync(RaftServerProxy.java:458)
	at org.apache.ratis.server.impl.RaftServerProxy.groupManagement(RaftServerProxy.java:438)
	at org.apache.hadoop.ozone.container.common.transport.server.ratis.XceiverServerRatis.removeGroup(XceiverServerRatis.java:786)
	... 4 more
2021-01-11 02:53:31,035 [Command processor thread] WARN  server.RaftServer (RaftServerProxy.java:remove(101)) - 8fdece96-174e-440b-9c34-b82ee45bcc56: does not contain group: group-0BA852A2BCA2
2021-01-11 02:53:31,035 [Command processor thread] ERROR commandhandler.ClosePipelineCommandHandler (ClosePipelineCommandHandler.java:handle(78)) - Can't close pipeline PipelineID=fad3187d-7405-41ed-a375-0ba852a2bca2
java.io.IOException: 8fdece96-174e-440b-9c34-b82ee45bcc56: Group group-0BA852A2BCA2 not found.
	at org.apache.hadoop.ozone.container.common.transport.server.ratis.XceiverServerRatis.removeGroup(XceiverServerRatis.java:788)
	at org.apache.hadoop.ozone.container.common.statemachine.commandhandler.ClosePipelineCommandHandler.handle(ClosePipelineCommandHandler.java:74)
	at org.apache.hadoop.ozone.container.common.statemachine.commandhandler.CommandDispatcher.handle(CommandDispatcher.java:99)
	at org.apache.hadoop.ozone.container.common.statemachine.DatanodeStateMachine.lambda$initCommandHandlerThread$2(DatanodeStateMachine.java:498)
	at java.lang.Thread.run(Thread.java:748)
Caused by: org.apache.ratis.protocol.exceptions.GroupMismatchException: 8fdece96-174e-440b-9c34-b82ee45bcc56: Group group-0BA852A2BCA2 not found.
	at org.apache.ratis.server.impl.RaftServerProxy.groupRemoveAsync(RaftServerProxy.java:502)
	at org.apache.ratis.server.impl.RaftServerProxy.groupManagementAsync(RaftServerProxy.java:458)
	at org.apache.ratis.server.impl.RaftServerProxy.groupManagement(RaftServerProxy.java:438)
	at org.apache.hadoop.ozone.container.common.transport.server.ratis.XceiverServerRatis.removeGroup(XceiverServerRatis.java:786)
	... 4 more
2021-01-11 02:53:31,036 [Command processor thread] WARN  server.RaftServer (RaftServerProxy.java:remove(101)) - 8fdece96-174e-440b-9c34-b82ee45bcc56: does not contain group: group-9FFC13EAE06E
2021-01-11 02:53:31,036 [Command processor thread] ERROR commandhandler.ClosePipelineCommandHandler (ClosePipelineCommandHandler.java:handle(78)) - Can't close pipeline PipelineID=a50250e3-8692-4e27-98e4-9ffc13eae06e
java.io.IOException: 8fdece96-174e-440b-9c34-b82ee45bcc56: Group group-9FFC13EAE06E not found.
	at org.apache.hadoop.ozone.container.common.transport.server.ratis.XceiverServerRatis.removeGroup(XceiverServerRatis.java:788)
	at org.apache.hadoop.ozone.container.common.statemachine.commandhandler.ClosePipelineCommandHandler.handle(ClosePipelineCommandHandler.java:74)
	at org.apache.hadoop.ozone.container.common.statemachine.commandhandler.CommandDispatcher.handle(CommandDispatcher.java:99)
	at org.apache.hadoop.ozone.container.common.statemachine.DatanodeStateMachine.lambda$initCommandHandlerThread$2(DatanodeStateMachine.java:498)
	at java.lang.Thread.run(Thread.java:748)
Caused by: org.apache.ratis.protocol.exceptions.GroupMismatchException: 8fdece96-174e-440b-9c34-b82ee45bcc56: Group group-9FFC13EAE06E not found.
	at org.apache.ratis.server.impl.RaftServerProxy.groupRemoveAsync(RaftServerProxy.java:502)
	at org.apache.ratis.server.impl.RaftServerProxy.groupManagementAsync(RaftServerProxy.java:458)
	at org.apache.ratis.server.impl.RaftServerProxy.groupManagement(RaftServerProxy.java:438)
	at org.apache.hadoop.ozone.container.common.transport.server.ratis.XceiverServerRatis.removeGroup(XceiverServerRatis.java:786)
	... 4 more
2021-01-11 02:53:31,036 [Command processor thread] WARN  server.RaftServer (RaftServerProxy.java:remove(101)) - 8fdece96-174e-440b-9c34-b82ee45bcc56: does not contain group: group-0BA852A2BCA2
2021-01-11 02:53:31,036 [Command processor thread] ERROR commandhandler.ClosePipelineCommandHandler (ClosePipelineCommandHandler.java:handle(78)) - Can't close pipeline PipelineID=fad3187d-7405-41ed-a375-0ba852a2bca2
java.io.IOException: 8fdece96-174e-440b-9c34-b82ee45bcc56: Group group-0BA852A2BCA2 not found.
	at org.apache.hadoop.ozone.container.common.transport.server.ratis.XceiverServerRatis.removeGroup(XceiverServerRatis.java:788)
	at org.apache.hadoop.ozone.container.common.statemachine.commandhandler.ClosePipelineCommandHandler.handle(ClosePipelineCommandHandler.java:74)
	at org.apache.hadoop.ozone.container.common.statemachine.commandhandler.CommandDispatcher.handle(CommandDispatcher.java:99)
	at org.apache.hadoop.ozone.container.common.statemachine.DatanodeStateMachine.lambda$initCommandHandlerThread$2(DatanodeStateMachine.java:498)
	at java.lang.Thread.run(Thread.java:748)
Caused by: org.apache.ratis.protocol.exceptions.GroupMismatchException: 8fdece96-174e-440b-9c34-b82ee45bcc56: Group group-0BA852A2BCA2 not found.
	at org.apache.ratis.server.impl.RaftServerProxy.groupRemoveAsync(RaftServerProxy.java:502)
	at org.apache.ratis.server.impl.RaftServerProxy.groupManagementAsync(RaftServerProxy.java:458)
	at org.apache.ratis.server.impl.RaftServerProxy.groupManagement(RaftServerProxy.java:438)
	at org.apache.hadoop.ozone.container.common.transport.server.ratis.XceiverServerRatis.removeGroup(XceiverServerRatis.java:786)
	... 4 more
2021-01-11 02:53:31,036 [Command processor thread] WARN  server.RaftServer (RaftServerProxy.java:remove(101)) - 8fdece96-174e-440b-9c34-b82ee45bcc56: does not contain group: group-9FFC13EAE06E
2021-01-11 02:53:31,036 [Command processor thread] ERROR commandhandler.ClosePipelineCommandHandler (ClosePipelineCommandHandler.java:handle(78)) - Can't close pipeline PipelineID=a50250e3-8692-4e27-98e4-9ffc13eae06e
java.io.IOException: 8fdece96-174e-440b-9c34-b82ee45bcc56: Group group-9FFC13EAE06E not found.
	at org.apache.hadoop.ozone.container.common.transport.server.ratis.XceiverServerRatis.removeGroup(XceiverServerRatis.java:788)
	at org.apache.hadoop.ozone.container.common.statemachine.commandhandler.ClosePipelineCommandHandler.handle(ClosePipelineCommandHandler.java:74)
	at org.apache.hadoop.ozone.container.common.statemachine.commandhandler.CommandDispatcher.handle(CommandDispatcher.java:99)
	at org.apache.hadoop.ozone.container.common.statemachine.DatanodeStateMachine.lambda$initCommandHandlerThread$2(DatanodeStateMachine.java:498)
	at java.lang.Thread.run(Thread.java:748)
Caused by: org.apache.ratis.protocol.exceptions.GroupMismatchException: 8fdece96-174e-440b-9c34-b82ee45bcc56: Group group-9FFC13EAE06E not found.
	at org.apache.ratis.server.impl.RaftServerProxy.groupRemoveAsync(RaftServerProxy.java:502)
	at org.apache.ratis.server.impl.RaftServerProxy.groupManagementAsync(RaftServerProxy.java:458)
	at org.apache.ratis.server.impl.RaftServerProxy.groupManagement(RaftServerProxy.java:438)
	at org.apache.hadoop.ozone.container.common.transport.server.ratis.XceiverServerRatis.removeGroup(XceiverServerRatis.java:786)
	... 4 more
2021-01-11 02:53:31,036 [Command processor thread] WARN  server.RaftServer (RaftServerProxy.java:remove(101)) - 8fdece96-174e-440b-9c34-b82ee45bcc56: does not contain group: group-0BA852A2BCA2
2021-01-11 02:53:31,036 [Command processor thread] ERROR commandhandler.ClosePipelineCommandHandler (ClosePipelineCommandHandler.java:handle(78)) - Can't close pipeline PipelineID=fad3187d-7405-41ed-a375-0ba852a2bca2
java.io.IOException: 8fdece96-174e-440b-9c34-b82ee45bcc56: Group group-0BA852A2BCA2 not found.
	at org.apache.hadoop.ozone.container.common.transport.server.ratis.XceiverServerRatis.removeGroup(XceiverServerRatis.java:788)
	at org.apache.hadoop.ozone.container.common.statemachine.commandhandler.ClosePipelineCommandHandler.handle(ClosePipelineCommandHandler.java:74)
	at org.apache.hadoop.ozone.container.common.statemachine.commandhandler.CommandDispatcher.handle(CommandDispatcher.java:99)
	at org.apache.hadoop.ozone.container.common.statemachine.DatanodeStateMachine.lambda$initCommandHandlerThread$2(DatanodeStateMachine.java:498)
	at java.lang.Thread.run(Thread.java:748)
Caused by: org.apache.ratis.protocol.exceptions.GroupMismatchException: 8fdece96-174e-440b-9c34-b82ee45bcc56: Group group-0BA852A2BCA2 not found.
	at org.apache.ratis.server.impl.RaftServerProxy.groupRemoveAsync(RaftServerProxy.java:502)
	at org.apache.ratis.server.impl.RaftServerProxy.groupManagementAsync(RaftServerProxy.java:458)
	at org.apache.ratis.server.impl.RaftServerProxy.groupManagement(RaftServerProxy.java:438)
	at org.apache.hadoop.ozone.container.common.transport.server.ratis.XceiverServerRatis.removeGroup(XceiverServerRatis.java:786)
	... 4 more
2021-01-11 02:53:31,036 [Command processor thread] WARN  server.RaftServer (RaftServerProxy.java:remove(101)) - 8fdece96-174e-440b-9c34-b82ee45bcc56: does not contain group: group-9FFC13EAE06E
2021-01-11 02:53:31,036 [Command processor thread] ERROR commandhandler.ClosePipelineCommandHandler (ClosePipelineCommandHandler.java:handle(78)) - Can't close pipeline PipelineID=a50250e3-8692-4e27-98e4-9ffc13eae06e
java.io.IOException: 8fdece96-174e-440b-9c34-b82ee45bcc56: Group group-9FFC13EAE06E not found.
	at org.apache.hadoop.ozone.container.common.transport.server.ratis.XceiverServerRatis.removeGroup(XceiverServerRatis.java:788)
	at org.apache.hadoop.ozone.container.common.statemachine.commandhandler.ClosePipelineCommandHandler.handle(ClosePipelineCommandHandler.java:74)
	at org.apache.hadoop.ozone.container.common.statemachine.commandhandler.CommandDispatcher.handle(CommandDispatcher.java:99)
	at org.apache.hadoop.ozone.container.common.statemachine.DatanodeStateMachine.lambda$initCommandHandlerThread$2(DatanodeStateMachine.java:498)
	at java.lang.Thread.run(Thread.java:748)
Caused by: org.apache.ratis.protocol.exceptions.GroupMismatchException: 8fdece96-174e-440b-9c34-b82ee45bcc56: Group group-9FFC13EAE06E not found.
	at org.apache.ratis.server.impl.RaftServerProxy.groupRemoveAsync(RaftServerProxy.java:502)
	at org.apache.ratis.server.impl.RaftServerProxy.groupManagementAsync(RaftServerProxy.java:458)
	at org.apache.ratis.server.impl.RaftServerProxy.groupManagement(RaftServerProxy.java:438)
	at org.apache.hadoop.ozone.container.common.transport.server.ratis.XceiverServerRatis.removeGroup(XceiverServerRatis.java:786)
	... 4 more
2021-01-11 02:53:31,036 [Command processor thread] WARN  server.RaftServer (RaftServerProxy.java:remove(101)) - 8fdece96-174e-440b-9c34-b82ee45bcc56: does not contain group: group-0BA852A2BCA2
2021-01-11 02:53:31,036 [Command processor thread] ERROR commandhandler.ClosePipelineCommandHandler (ClosePipelineCommandHandler.java:handle(78)) - Can't close pipeline PipelineID=fad3187d-7405-41ed-a375-0ba852a2bca2
java.io.IOException: 8fdece96-174e-440b-9c34-b82ee45bcc56: Group group-0BA852A2BCA2 not found.
	at org.apache.hadoop.ozone.container.common.transport.server.ratis.XceiverServerRatis.removeGroup(XceiverServerRatis.java:788)
	at org.apache.hadoop.ozone.container.common.statemachine.commandhandler.ClosePipelineCommandHandler.handle(ClosePipelineCommandHandler.java:74)
	at org.apache.hadoop.ozone.container.common.statemachine.commandhandler.CommandDispatcher.handle(CommandDispatcher.java:99)
	at org.apache.hadoop.ozone.container.common.statemachine.DatanodeStateMachine.lambda$initCommandHandlerThread$2(DatanodeStateMachine.java:498)
	at java.lang.Thread.run(Thread.java:748)
Caused by: org.apache.ratis.protocol.exceptions.GroupMismatchException: 8fdece96-174e-440b-9c34-b82ee45bcc56: Group group-0BA852A2BCA2 not found.
	at org.apache.ratis.server.impl.RaftServerProxy.groupRemoveAsync(RaftServerProxy.java:502)
	at org.apache.ratis.server.impl.RaftServerProxy.groupManagementAsync(RaftServerProxy.java:458)
	at org.apache.ratis.server.impl.RaftServerProxy.groupManagement(RaftServerProxy.java:438)
	at org.apache.hadoop.ozone.container.common.transport.server.ratis.XceiverServerRatis.removeGroup(XceiverServerRatis.java:786)
	... 4 more
2021-01-11 02:53:31,036 [Command processor thread] WARN  server.RaftServer (RaftServerProxy.java:remove(101)) - 8fdece96-174e-440b-9c34-b82ee45bcc56: does not contain group: group-9FFC13EAE06E
2021-01-11 02:53:31,036 [Command processor thread] ERROR commandhandler.ClosePipelineCommandHandler (ClosePipelineCommandHandler.java:handle(78)) - Can't close pipeline PipelineID=a50250e3-8692-4e27-98e4-9ffc13eae06e
java.io.IOException: 8fdece96-174e-440b-9c34-b82ee45bcc56: Group group-9FFC13EAE06E not found.
	at org.apache.hadoop.ozone.container.common.transport.server.ratis.XceiverServerRatis.removeGroup(XceiverServerRatis.java:788)
	at org.apache.hadoop.ozone.container.common.statemachine.commandhandler.ClosePipelineCommandHandler.handle(ClosePipelineCommandHandler.java:74)
	at org.apache.hadoop.ozone.container.common.statemachine.commandhandler.CommandDispatcher.handle(CommandDispatcher.java:99)
	at org.apache.hadoop.ozone.container.common.statemachine.DatanodeStateMachine.lambda$initCommandHandlerThread$2(DatanodeStateMachine.java:498)
	at java.lang.Thread.run(Thread.java:748)
Caused by: org.apache.ratis.protocol.exceptions.GroupMismatchException: 8fdece96-174e-440b-9c34-b82ee45bcc56: Group group-9FFC13EAE06E not found.
	at org.apache.ratis.server.impl.RaftServerProxy.groupRemoveAsync(RaftServerProxy.java:502)
	at org.apache.ratis.server.impl.RaftServerProxy.groupManagementAsync(RaftServerProxy.java:458)
	at org.apache.ratis.server.impl.RaftServerProxy.groupManagement(RaftServerProxy.java:438)
	at org.apache.hadoop.ozone.container.common.transport.server.ratis.XceiverServerRatis.removeGroup(XceiverServerRatis.java:786)
	... 4 more
2021-01-11 02:53:31,036 [Command processor thread] WARN  server.RaftServer (RaftServerProxy.java:remove(101)) - 8fdece96-174e-440b-9c34-b82ee45bcc56: does not contain group: group-0BA852A2BCA2
2021-01-11 02:53:31,036 [Command processor thread] ERROR commandhandler.ClosePipelineCommandHandler (ClosePipelineCommandHandler.java:handle(78)) - Can't close pipeline PipelineID=fad3187d-7405-41ed-a375-0ba852a2bca2
java.io.IOException: 8fdece96-174e-440b-9c34-b82ee45bcc56: Group group-0BA852A2BCA2 not found.
	at org.apache.hadoop.ozone.container.common.transport.server.ratis.XceiverServerRatis.removeGroup(XceiverServerRatis.java:788)
	at org.apache.hadoop.ozone.container.common.statemachine.commandhandler.ClosePipelineCommandHandler.handle(ClosePipelineCommandHandler.java:74)
	at org.apache.hadoop.ozone.container.common.statemachine.commandhandler.CommandDispatcher.handle(CommandDispatcher.java:99)
	at org.apache.hadoop.ozone.container.common.statemachine.DatanodeStateMachine.lambda$initCommandHandlerThread$2(DatanodeStateMachine.java:498)
	at java.lang.Thread.run(Thread.java:748)
Caused by: org.apache.ratis.protocol.exceptions.GroupMismatchException: 8fdece96-174e-440b-9c34-b82ee45bcc56: Group group-0BA852A2BCA2 not found.
	at org.apache.ratis.server.impl.RaftServerProxy.groupRemoveAsync(RaftServerProxy.java:502)
	at org.apache.ratis.server.impl.RaftServerProxy.groupManagementAsync(RaftServerProxy.java:458)
	at org.apache.ratis.server.impl.RaftServerProxy.groupManagement(RaftServerProxy.java:438)
	at org.apache.hadoop.ozone.container.common.transport.server.ratis.XceiverServerRatis.removeGroup(XceiverServerRatis.java:786)
	... 4 more
2021-01-11 02:53:31,040 [Command processor thread] INFO  keyvalue.KeyValueContainer (KeyValueContainer.java:flushAndSyncDB(388)) - Container 3 is synced with bcsId 69.
2021-01-11 02:53:31,040 [Command processor thread] INFO  keyvalue.KeyValueContainer (KeyValueContainer.java:flushAndSyncDB(388)) - Container 3 is synced with bcsId 69.
2021-01-11 02:53:31,043 [Command processor thread] INFO  server.RaftServer$Division (RaftServerImpl.java:groupRemove(375)) - 27072a30-1791-4eaf-beda-714f523a0d74@group-0BA852A2BCA2: Succeed to remove RaftStorageDirectory Storage Directory /github/workspace/mnt/ozone/hadoop-ozone/integration-test/target/test-dir/MiniOzoneClusterImpl-135c514c-975b-43bb-8c7a-38bae9c970e3/datanode-1/data/ratis/fad3187d-7405-41ed-a375-0ba852a2bca2
2021-01-11 02:53:31,044 [Command processor thread] INFO  commandhandler.ClosePipelineCommandHandler (ClosePipelineCommandHandler.java:handle(75)) - Close Pipeline PipelineID=fad3187d-7405-41ed-a375-0ba852a2bca2 command on datanode 27072a30-1791-4eaf-beda-714f523a0d74.
2021-01-11 02:53:31,044 [Command processor thread] WARN  server.RaftServer (RaftServerProxy.java:remove(101)) - 27072a30-1791-4eaf-beda-714f523a0d74: does not contain group: group-8A2A89374153
2021-01-11 02:53:31,044 [Command processor thread] ERROR commandhandler.ClosePipelineCommandHandler (ClosePipelineCommandHandler.java:handle(78)) - Can't close pipeline PipelineID=cc30ad36-3b76-44f5-ab8e-8a2a89374153
java.io.IOException: 27072a30-1791-4eaf-beda-714f523a0d74: Group group-8A2A89374153 not found.
	at org.apache.hadoop.ozone.container.common.transport.server.ratis.XceiverServerRatis.removeGroup(XceiverServerRatis.java:788)
	at org.apache.hadoop.ozone.container.common.statemachine.commandhandler.ClosePipelineCommandHandler.handle(ClosePipelineCommandHandler.java:74)
	at org.apache.hadoop.ozone.container.common.statemachine.commandhandler.CommandDispatcher.handle(CommandDispatcher.java:99)
	at org.apache.hadoop.ozone.container.common.statemachine.DatanodeStateMachine.lambda$initCommandHandlerThread$2(DatanodeStateMachine.java:498)
	at java.lang.Thread.run(Thread.java:748)
Caused by: org.apache.ratis.protocol.exceptions.GroupMismatchException: 27072a30-1791-4eaf-beda-714f523a0d74: Group group-8A2A89374153 not found.
	at org.apache.ratis.server.impl.RaftServerProxy.groupRemoveAsync(RaftServerProxy.java:502)
	at org.apache.ratis.server.impl.RaftServerProxy.groupManagementAsync(RaftServerProxy.java:458)
	at org.apache.ratis.server.impl.RaftServerProxy.groupManagement(RaftServerProxy.java:438)
	at org.apache.hadoop.ozone.container.common.transport.server.ratis.XceiverServerRatis.removeGroup(XceiverServerRatis.java:786)
	... 4 more
2021-01-11 02:53:31,044 [Command processor thread] WARN  server.RaftServer (RaftServerProxy.java:remove(101)) - 27072a30-1791-4eaf-beda-714f523a0d74: does not contain group: group-0BA852A2BCA2
2021-01-11 02:53:31,044 [Command processor thread] ERROR commandhandler.ClosePipelineCommandHandler (ClosePipelineCommandHandler.java:handle(78)) - Can't close pipeline PipelineID=fad3187d-7405-41ed-a375-0ba852a2bca2
java.io.IOException: 27072a30-1791-4eaf-beda-714f523a0d74: Group group-0BA852A2BCA2 not found.
	at org.apache.hadoop.ozone.container.common.transport.server.ratis.XceiverServerRatis.removeGroup(XceiverServerRatis.java:788)
	at org.apache.hadoop.ozone.container.common.statemachine.commandhandler.ClosePipelineCommandHandler.handle(ClosePipelineCommandHandler.java:74)
	at org.apache.hadoop.ozone.container.common.statemachine.commandhandler.CommandDispatcher.handle(CommandDispatcher.java:99)
	at org.apache.hadoop.ozone.container.common.statemachine.DatanodeStateMachine.lambda$initCommandHandlerThread$2(DatanodeStateMachine.java:498)
	at java.lang.Thread.run(Thread.java:748)
Caused by: org.apache.ratis.protocol.exceptions.GroupMismatchException: 27072a30-1791-4eaf-beda-714f523a0d74: Group group-0BA852A2BCA2 not found.
	at org.apache.ratis.server.impl.RaftServerProxy.groupRemoveAsync(RaftServerProxy.java:502)
	at org.apache.ratis.server.impl.RaftServerProxy.groupManagementAsync(RaftServerProxy.java:458)
	at org.apache.ratis.server.impl.RaftServerProxy.groupManagement(RaftServerProxy.java:438)
	at org.apache.hadoop.ozone.container.common.transport.server.ratis.XceiverServerRatis.removeGroup(XceiverServerRatis.java:786)
	... 4 more
2021-01-11 02:53:31,044 [Command processor thread] WARN  server.RaftServer (RaftServerProxy.java:remove(101)) - 27072a30-1791-4eaf-beda-714f523a0d74: does not contain group: group-8A2A89374153
2021-01-11 02:53:31,044 [Command processor thread] ERROR commandhandler.ClosePipelineCommandHandler (ClosePipelineCommandHandler.java:handle(78)) - Can't close pipeline PipelineID=cc30ad36-3b76-44f5-ab8e-8a2a89374153
java.io.IOException: 27072a30-1791-4eaf-beda-714f523a0d74: Group group-8A2A89374153 not found.
	at org.apache.hadoop.ozone.container.common.transport.server.ratis.XceiverServerRatis.removeGroup(XceiverServerRatis.java:788)
	at org.apache.hadoop.ozone.container.common.statemachine.commandhandler.ClosePipelineCommandHandler.handle(ClosePipelineCommandHandler.java:74)
	at org.apache.hadoop.ozone.container.common.statemachine.commandhandler.CommandDispatcher.handle(CommandDispatcher.java:99)
	at org.apache.hadoop.ozone.container.common.statemachine.DatanodeStateMachine.lambda$initCommandHandlerThread$2(DatanodeStateMachine.java:498)
	at java.lang.Thread.run(Thread.java:748)
Caused by: org.apache.ratis.protocol.exceptions.GroupMismatchException: 27072a30-1791-4eaf-beda-714f523a0d74: Group group-8A2A89374153 not found.
	at org.apache.ratis.server.impl.RaftServerProxy.groupRemoveAsync(RaftServerProxy.java:502)
	at org.apache.ratis.server.impl.RaftServerProxy.groupManagementAsync(RaftServerProxy.java:458)
	at org.apache.ratis.server.impl.RaftServerProxy.groupManagement(RaftServerProxy.java:438)
	at org.apache.hadoop.ozone.container.common.transport.server.ratis.XceiverServerRatis.removeGroup(XceiverServerRatis.java:786)
	... 4 more
2021-01-11 02:53:31,044 [Command processor thread] WARN  server.RaftServer (RaftServerProxy.java:remove(101)) - 27072a30-1791-4eaf-beda-714f523a0d74: does not contain group: group-0BA852A2BCA2
2021-01-11 02:53:31,044 [Command processor thread] ERROR commandhandler.ClosePipelineCommandHandler (ClosePipelineCommandHandler.java:handle(78)) - Can't close pipeline PipelineID=fad3187d-7405-41ed-a375-0ba852a2bca2
java.io.IOException: 27072a30-1791-4eaf-beda-714f523a0d74: Group group-0BA852A2BCA2 not found.
	at org.apache.hadoop.ozone.container.common.transport.server.ratis.XceiverServerRatis.removeGroup(XceiverServerRatis.java:788)
	at org.apache.hadoop.ozone.container.common.statemachine.commandhandler.ClosePipelineCommandHandler.handle(ClosePipelineCommandHandler.java:74)
	at org.apache.hadoop.ozone.container.common.statemachine.commandhandler.CommandDispatcher.handle(CommandDispatcher.java:99)
	at org.apache.hadoop.ozone.container.common.statemachine.DatanodeStateMachine.lambda$initCommandHandlerThread$2(DatanodeStateMachine.java:498)
	at java.lang.Thread.run(Thread.java:748)
Caused by: org.apache.ratis.protocol.exceptions.GroupMismatchException: 27072a30-1791-4eaf-beda-714f523a0d74: Group group-0BA852A2BCA2 not found.
	at org.apache.ratis.server.impl.RaftServerProxy.groupRemoveAsync(RaftServerProxy.java:502)
	at org.apache.ratis.server.impl.RaftServerProxy.groupManagementAsync(RaftServerProxy.java:458)
	at org.apache.ratis.server.impl.RaftServerProxy.groupManagement(RaftServerProxy.java:438)
	at org.apache.hadoop.ozone.container.common.transport.server.ratis.XceiverServerRatis.removeGroup(XceiverServerRatis.java:786)
	... 4 more
2021-01-11 02:53:31,044 [Command processor thread] WARN  server.RaftServer (RaftServerProxy.java:remove(101)) - 27072a30-1791-4eaf-beda-714f523a0d74: does not contain group: group-8A2A89374153
2021-01-11 02:53:31,044 [Command processor thread] ERROR commandhandler.ClosePipelineCommandHandler (ClosePipelineCommandHandler.java:handle(78)) - Can't close pipeline PipelineID=cc30ad36-3b76-44f5-ab8e-8a2a89374153
java.io.IOException: 27072a30-1791-4eaf-beda-714f523a0d74: Group group-8A2A89374153 not found.
	at org.apache.hadoop.ozone.container.common.transport.server.ratis.XceiverServerRatis.removeGroup(XceiverServerRatis.java:788)
	at org.apache.hadoop.ozone.container.common.statemachine.commandhandler.ClosePipelineCommandHandler.handle(ClosePipelineCommandHandler.java:74)
	at org.apache.hadoop.ozone.container.common.statemachine.commandhandler.CommandDispatcher.handle(CommandDispatcher.java:99)
	at org.apache.hadoop.ozone.container.common.statemachine.DatanodeStateMachine.lambda$initCommandHandlerThread$2(DatanodeStateMachine.java:498)
	at java.lang.Thread.run(Thread.java:748)
Caused by: org.apache.ratis.protocol.exceptions.GroupMismatchException: 27072a30-1791-4eaf-beda-714f523a0d74: Group group-8A2A89374153 not found.
	at org.apache.ratis.server.impl.RaftServerProxy.groupRemoveAsync(RaftServerProxy.java:502)
	at org.apache.ratis.server.impl.RaftServerProxy.groupManagementAsync(RaftServerProxy.java:458)
	at org.apache.ratis.server.impl.RaftServerProxy.groupManagement(RaftServerProxy.java:438)
	at org.apache.hadoop.ozone.container.common.transport.server.ratis.XceiverServerRatis.removeGroup(XceiverServerRatis.java:786)
	... 4 more
2021-01-11 02:53:31,045 [Command processor thread] WARN  server.RaftServer (RaftServerProxy.java:remove(101)) - 27072a30-1791-4eaf-beda-714f523a0d74: does not contain group: group-0BA852A2BCA2
2021-01-11 02:53:31,045 [Command processor thread] ERROR commandhandler.ClosePipelineCommandHandler (ClosePipelineCommandHandler.java:handle(78)) - Can't close pipeline PipelineID=fad3187d-7405-41ed-a375-0ba852a2bca2
java.io.IOException: 27072a30-1791-4eaf-beda-714f523a0d74: Group group-0BA852A2BCA2 not found.
	at org.apache.hadoop.ozone.container.common.transport.server.ratis.XceiverServerRatis.removeGroup(XceiverServerRatis.java:788)
	at org.apache.hadoop.ozone.container.common.statemachine.commandhandler.ClosePipelineCommandHandler.handle(ClosePipelineCommandHandler.java:74)
	at org.apache.hadoop.ozone.container.common.statemachine.commandhandler.CommandDispatcher.handle(CommandDispatcher.java:99)
	at org.apache.hadoop.ozone.container.common.statemachine.DatanodeStateMachine.lambda$initCommandHandlerThread$2(DatanodeStateMachine.java:498)
	at java.lang.Thread.run(Thread.java:748)
Caused by: org.apache.ratis.protocol.exceptions.GroupMismatchException: 27072a30-1791-4eaf-beda-714f523a0d74: Group group-0BA852A2BCA2 not found.
	at org.apache.ratis.server.impl.RaftServerProxy.groupRemoveAsync(RaftServerProxy.java:502)
	at org.apache.ratis.server.impl.RaftServerProxy.groupManagementAsync(RaftServerProxy.java:458)
	at org.apache.ratis.server.impl.RaftServerProxy.groupManagement(RaftServerProxy.java:438)
	at org.apache.hadoop.ozone.container.common.transport.server.ratis.XceiverServerRatis.removeGroup(XceiverServerRatis.java:786)
	... 4 more
2021-01-11 02:53:31,045 [Command processor thread] WARN  server.RaftServer (RaftServerProxy.java:remove(101)) - 27072a30-1791-4eaf-beda-714f523a0d74: does not contain group: group-8A2A89374153
2021-01-11 02:53:31,045 [Command processor thread] ERROR commandhandler.ClosePipelineCommandHandler (ClosePipelineCommandHandler.java:handle(78)) - Can't close pipeline PipelineID=cc30ad36-3b76-44f5-ab8e-8a2a89374153
java.io.IOException: 27072a30-1791-4eaf-beda-714f523a0d74: Group group-8A2A89374153 not found.
	at org.apache.hadoop.ozone.container.common.transport.server.ratis.XceiverServerRatis.removeGroup(XceiverServerRatis.java:788)
	at org.apache.hadoop.ozone.container.common.statemachine.commandhandler.ClosePipelineCommandHandler.handle(ClosePipelineCommandHandler.java:74)
	at org.apache.hadoop.ozone.container.common.statemachine.commandhandler.CommandDispatcher.handle(CommandDispatcher.java:99)
	at org.apache.hadoop.ozone.container.common.statemachine.DatanodeStateMachine.lambda$initCommandHandlerThread$2(DatanodeStateMachine.java:498)
	at java.lang.Thread.run(Thread.java:748)
Caused by: org.apache.ratis.protocol.exceptions.GroupMismatchException: 27072a30-1791-4eaf-beda-714f523a0d74: Group group-8A2A89374153 not found.
	at org.apache.ratis.server.impl.RaftServerProxy.groupRemoveAsync(RaftServerProxy.java:502)
	at org.apache.ratis.server.impl.RaftServerProxy.groupManagementAsync(RaftServerProxy.java:458)
	at org.apache.ratis.server.impl.RaftServerProxy.groupManagement(RaftServerProxy.java:438)
	at org.apache.hadoop.ozone.container.common.transport.server.ratis.XceiverServerRatis.removeGroup(XceiverServerRatis.java:786)
	... 4 more
2021-01-11 02:53:31,045 [Command processor thread] WARN  server.RaftServer (RaftServerProxy.java:remove(101)) - 27072a30-1791-4eaf-beda-714f523a0d74: does not contain group: group-0BA852A2BCA2
2021-01-11 02:53:31,045 [Command processor thread] ERROR commandhandler.ClosePipelineCommandHandler (ClosePipelineCommandHandler.java:handle(78)) - Can't close pipeline PipelineID=fad3187d-7405-41ed-a375-0ba852a2bca2
java.io.IOException: 27072a30-1791-4eaf-beda-714f523a0d74: Group group-0BA852A2BCA2 not found.
	at org.apache.hadoop.ozone.container.common.transport.server.ratis.XceiverServerRatis.removeGroup(XceiverServerRatis.java:788)
	at org.apache.hadoop.ozone.container.common.statemachine.commandhandler.ClosePipelineCommandHandler.handle(ClosePipelineCommandHandler.java:74)
	at org.apache.hadoop.ozone.container.common.statemachine.commandhandler.CommandDispatcher.handle(CommandDispatcher.java:99)
	at org.apache.hadoop.ozone.container.common.statemachine.DatanodeStateMachine.lambda$initCommandHandlerThread$2(DatanodeStateMachine.java:498)
	at java.lang.Thread.run(Thread.java:748)
Caused by: org.apache.ratis.protocol.exceptions.GroupMismatchException: 27072a30-1791-4eaf-beda-714f523a0d74: Group group-0BA852A2BCA2 not found.
	at org.apache.ratis.server.impl.RaftServerProxy.groupRemoveAsync(RaftServerProxy.java:502)
	at org.apache.ratis.server.impl.RaftServerProxy.groupManagementAsync(RaftServerProxy.java:458)
	at org.apache.ratis.server.impl.RaftServerProxy.groupManagement(RaftServerProxy.java:438)
	at org.apache.hadoop.ozone.container.common.transport.server.ratis.XceiverServerRatis.removeGroup(XceiverServerRatis.java:786)
	... 4 more
2021-01-11 02:53:31,045 [Command processor thread] WARN  server.RaftServer (RaftServerProxy.java:remove(101)) - 27072a30-1791-4eaf-beda-714f523a0d74: does not contain group: group-8A2A89374153
2021-01-11 02:53:31,045 [Command processor thread] ERROR commandhandler.ClosePipelineCommandHandler (ClosePipelineCommandHandler.java:handle(78)) - Can't close pipeline PipelineID=cc30ad36-3b76-44f5-ab8e-8a2a89374153
java.io.IOException: 27072a30-1791-4eaf-beda-714f523a0d74: Group group-8A2A89374153 not found.
	at org.apache.hadoop.ozone.container.common.transport.server.ratis.XceiverServerRatis.removeGroup(XceiverServerRatis.java:788)
	at org.apache.hadoop.ozone.container.common.statemachine.commandhandler.ClosePipelineCommandHandler.handle(ClosePipelineCommandHandler.java:74)
	at org.apache.hadoop.ozone.container.common.statemachine.commandhandler.CommandDispatcher.handle(CommandDispatcher.java:99)
	at org.apache.hadoop.ozone.container.common.statemachine.DatanodeStateMachine.lambda$initCommandHandlerThread$2(DatanodeStateMachine.java:498)
	at java.lang.Thread.run(Thread.java:748)
Caused by: org.apache.ratis.protocol.exceptions.GroupMismatchException: 27072a30-1791-4eaf-beda-714f523a0d74: Group group-8A2A89374153 not found.
	at org.apache.ratis.server.impl.RaftServerProxy.groupRemoveAsync(RaftServerProxy.java:502)
	at org.apache.ratis.server.impl.RaftServerProxy.groupManagementAsync(RaftServerProxy.java:458)
	at org.apache.ratis.server.impl.RaftServerProxy.groupManagement(RaftServerProxy.java:438)
	at org.apache.hadoop.ozone.container.common.transport.server.ratis.XceiverServerRatis.removeGroup(XceiverServerRatis.java:786)
	... 4 more
2021-01-11 02:53:31,045 [Command processor thread] WARN  server.RaftServer (RaftServerProxy.java:remove(101)) - 27072a30-1791-4eaf-beda-714f523a0d74: does not contain group: group-0BA852A2BCA2
2021-01-11 02:53:31,045 [Command processor thread] ERROR commandhandler.ClosePipelineCommandHandler (ClosePipelineCommandHandler.java:handle(78)) - Can't close pipeline PipelineID=fad3187d-7405-41ed-a375-0ba852a2bca2
java.io.IOException: 27072a30-1791-4eaf-beda-714f523a0d74: Group group-0BA852A2BCA2 not found.
	at org.apache.hadoop.ozone.container.common.transport.server.ratis.XceiverServerRatis.removeGroup(XceiverServerRatis.java:788)
	at org.apache.hadoop.ozone.container.common.statemachine.commandhandler.ClosePipelineCommandHandler.handle(ClosePipelineCommandHandler.java:74)
	at org.apache.hadoop.ozone.container.common.statemachine.commandhandler.CommandDispatcher.handle(CommandDispatcher.java:99)
	at org.apache.hadoop.ozone.container.common.statemachine.DatanodeStateMachine.lambda$initCommandHandlerThread$2(DatanodeStateMachine.java:498)
	at java.lang.Thread.run(Thread.java:748)
Caused by: org.apache.ratis.protocol.exceptions.GroupMismatchException: 27072a30-1791-4eaf-beda-714f523a0d74: Group group-0BA852A2BCA2 not found.
	at org.apache.ratis.server.impl.RaftServerProxy.groupRemoveAsync(RaftServerProxy.java:502)
	at org.apache.ratis.server.impl.RaftServerProxy.groupManagementAsync(RaftServerProxy.java:458)
	at org.apache.ratis.server.impl.RaftServerProxy.groupManagement(RaftServerProxy.java:438)
	at org.apache.hadoop.ozone.container.common.transport.server.ratis.XceiverServerRatis.removeGroup(XceiverServerRatis.java:786)
	... 4 more
2021-01-11 02:53:31,045 [Command processor thread] WARN  server.RaftServer (RaftServerProxy.java:remove(101)) - 27072a30-1791-4eaf-beda-714f523a0d74: does not contain group: group-8A2A89374153
2021-01-11 02:53:31,045 [Command processor thread] ERROR commandhandler.ClosePipelineCommandHandler (ClosePipelineCommandHandler.java:handle(78)) - Can't close pipeline PipelineID=cc30ad36-3b76-44f5-ab8e-8a2a89374153
java.io.IOException: 27072a30-1791-4eaf-beda-714f523a0d74: Group group-8A2A89374153 not found.
	at org.apache.hadoop.ozone.container.common.transport.server.ratis.XceiverServerRatis.removeGroup(XceiverServerRatis.java:788)
	at org.apache.hadoop.ozone.container.common.statemachine.commandhandler.ClosePipelineCommandHandler.handle(ClosePipelineCommandHandler.java:74)
	at org.apache.hadoop.ozone.container.common.statemachine.commandhandler.CommandDispatcher.handle(CommandDispatcher.java:99)
	at org.apache.hadoop.ozone.container.common.statemachine.DatanodeStateMachine.lambda$initCommandHandlerThread$2(DatanodeStateMachine.java:498)
	at java.lang.Thread.run(Thread.java:748)
Caused by: org.apache.ratis.protocol.exceptions.GroupMismatchException: 27072a30-1791-4eaf-beda-714f523a0d74: Group group-8A2A89374153 not found.
	at org.apache.ratis.server.impl.RaftServerProxy.groupRemoveAsync(RaftServerProxy.java:502)
	at org.apache.ratis.server.impl.RaftServerProxy.groupManagementAsync(RaftServerProxy.java:458)
	at org.apache.ratis.server.impl.RaftServerProxy.groupManagement(RaftServerProxy.java:438)
	at org.apache.hadoop.ozone.container.common.transport.server.ratis.XceiverServerRatis.removeGroup(XceiverServerRatis.java:786)
	... 4 more
2021-01-11 02:53:31,045 [Command processor thread] WARN  server.RaftServer (RaftServerProxy.java:remove(101)) - 27072a30-1791-4eaf-beda-714f523a0d74: does not contain group: group-0BA852A2BCA2
2021-01-11 02:53:31,045 [Command processor thread] ERROR commandhandler.ClosePipelineCommandHandler (ClosePipelineCommandHandler.java:handle(78)) - Can't close pipeline PipelineID=fad3187d-7405-41ed-a375-0ba852a2bca2
java.io.IOException: 27072a30-1791-4eaf-beda-714f523a0d74: Group group-0BA852A2BCA2 not found.
	at org.apache.hadoop.ozone.container.common.transport.server.ratis.XceiverServerRatis.removeGroup(XceiverServerRatis.java:788)
	at org.apache.hadoop.ozone.container.common.statemachine.commandhandler.ClosePipelineCommandHandler.handle(ClosePipelineCommandHandler.java:74)
	at org.apache.hadoop.ozone.container.common.statemachine.commandhandler.CommandDispatcher.handle(CommandDispatcher.java:99)
	at org.apache.hadoop.ozone.container.common.statemachine.DatanodeStateMachine.lambda$initCommandHandlerThread$2(DatanodeStateMachine.java:498)
	at java.lang.Thread.run(Thread.java:748)
Caused by: org.apache.ratis.protocol.exceptions.GroupMismatchException: 27072a30-1791-4eaf-beda-714f523a0d74: Group group-0BA852A2BCA2 not found.
	at org.apache.ratis.server.impl.RaftServerProxy.groupRemoveAsync(RaftServerProxy.java:502)
	at org.apache.ratis.server.impl.RaftServerProxy.groupManagementAsync(RaftServerProxy.java:458)
	at org.apache.ratis.server.impl.RaftServerProxy.groupManagement(RaftServerProxy.java:438)
	at org.apache.hadoop.ozone.container.common.transport.server.ratis.XceiverServerRatis.removeGroup(XceiverServerRatis.java:786)
	... 4 more
2021-01-11 02:53:31,045 [Command processor thread] WARN  server.RaftServer (RaftServerProxy.java:remove(101)) - 27072a30-1791-4eaf-beda-714f523a0d74: does not contain group: group-8A2A89374153
2021-01-11 02:53:31,045 [Command processor thread] ERROR commandhandler.ClosePipelineCommandHandler (ClosePipelineCommandHandler.java:handle(78)) - Can't close pipeline PipelineID=cc30ad36-3b76-44f5-ab8e-8a2a89374153
java.io.IOException: 27072a30-1791-4eaf-beda-714f523a0d74: Group group-8A2A89374153 not found.
	at org.apache.hadoop.ozone.container.common.transport.server.ratis.XceiverServerRatis.removeGroup(XceiverServerRatis.java:788)
	at org.apache.hadoop.ozone.container.common.statemachine.commandhandler.ClosePipelineCommandHandler.handle(ClosePipelineCommandHandler.java:74)
	at org.apache.hadoop.ozone.container.common.statemachine.commandhandler.CommandDispatcher.handle(CommandDispatcher.java:99)
	at org.apache.hadoop.ozone.container.common.statemachine.DatanodeStateMachine.lambda$initCommandHandlerThread$2(DatanodeStateMachine.java:498)
	at java.lang.Thread.run(Thread.java:748)
Caused by: org.apache.ratis.protocol.exceptions.GroupMismatchException: 27072a30-1791-4eaf-beda-714f523a0d74: Group group-8A2A89374153 not found.
	at org.apache.ratis.server.impl.RaftServerProxy.groupRemoveAsync(RaftServerProxy.java:502)
	at org.apache.ratis.server.impl.RaftServerProxy.groupManagementAsync(RaftServerProxy.java:458)
	at org.apache.ratis.server.impl.RaftServerProxy.groupManagement(RaftServerProxy.java:438)
	at org.apache.hadoop.ozone.container.common.transport.server.ratis.XceiverServerRatis.removeGroup(XceiverServerRatis.java:786)
	... 4 more
2021-01-11 02:53:31,045 [Command processor thread] WARN  server.RaftServer (RaftServerProxy.java:remove(101)) - 27072a30-1791-4eaf-beda-714f523a0d74: does not contain group: group-0BA852A2BCA2
2021-01-11 02:53:31,045 [Command processor thread] ERROR commandhandler.ClosePipelineCommandHandler (ClosePipelineCommandHandler.java:handle(78)) - Can't close pipeline PipelineID=fad3187d-7405-41ed-a375-0ba852a2bca2
java.io.IOException: 27072a30-1791-4eaf-beda-714f523a0d74: Group group-0BA852A2BCA2 not found.
	at org.apache.hadoop.ozone.container.common.transport.server.ratis.XceiverServerRatis.removeGroup(XceiverServerRatis.java:788)
	at org.apache.hadoop.ozone.container.common.statemachine.commandhandler.ClosePipelineCommandHandler.handle(ClosePipelineCommandHandler.java:74)
	at org.apache.hadoop.ozone.container.common.statemachine.commandhandler.CommandDispatcher.handle(CommandDispatcher.java:99)
	at org.apache.hadoop.ozone.container.common.statemachine.DatanodeStateMachine.lambda$initCommandHandlerThread$2(DatanodeStateMachine.java:498)
	at java.lang.Thread.run(Thread.java:748)
Caused by: org.apache.ratis.protocol.exceptions.GroupMismatchException: 27072a30-1791-4eaf-beda-714f523a0d74: Group group-0BA852A2BCA2 not found.
	at org.apache.ratis.server.impl.RaftServerProxy.groupRemoveAsync(RaftServerProxy.java:502)
	at org.apache.ratis.server.impl.RaftServerProxy.groupManagementAsync(RaftServerProxy.java:458)
	at org.apache.ratis.server.impl.RaftServerProxy.groupManagement(RaftServerProxy.java:438)
	at org.apache.hadoop.ozone.container.common.transport.server.ratis.XceiverServerRatis.removeGroup(XceiverServerRatis.java:786)
	... 4 more
2021-01-11 02:53:31,063 [Listener at 127.0.0.1/36003] INFO  server.StorageContainerManager (StorageContainerManager.java:stop(832)) - Stopping Replication Manager Service.
2021-01-11 02:53:31,063 [Listener at 127.0.0.1/36003] INFO  container.ReplicationManager (ReplicationManager.java:stop(234)) - Replication Monitor Thread is not running.
2021-01-11 02:53:31,063 [Listener at 127.0.0.1/36003] INFO  server.StorageContainerManager (StorageContainerManager.java:stop(839)) - Stopping the Datanode Admin Monitor.
2021-01-11 02:53:31,063 [Listener at 127.0.0.1/36003] INFO  server.StorageContainerManager (StorageContainerManager.java:stop(846)) - Stopping Lease Manager of the command watchers
2021-01-11 02:53:31,063 [Listener at 127.0.0.1/36003] INFO  server.StorageContainerManager (StorageContainerManager.java:stop(853)) - Stopping datanode service RPC server
2021-01-11 02:53:31,063 [Listener at 127.0.0.1/36003] INFO  server.SCMDatanodeProtocolServer (SCMDatanodeProtocolServer.java:stop(369)) - Stopping the RPC server for DataNodes
2021-01-11 02:53:31,063 [Listener at 127.0.0.1/36003] INFO  ipc.Server (Server.java:stop(3359)) - Stopping server on 40965
2021-01-11 02:53:31,065 [IPC Server Responder] INFO  ipc.Server (Server.java:run(1465)) - Stopping IPC Server Responder
2021-01-11 02:53:31,065 [IPC Server listener on 0] INFO  ipc.Server (Server.java:run(1330)) - Stopping IPC Server listener on 0
2021-01-11 02:53:31,067 [SCM Heartbeat Processing Thread - 0] WARN  node.NodeStateManager (NodeStateManager.java:scheduleNextHealthCheck(688)) - Current Thread is interrupted, shutting down HB processing thread for Node Manager.
2021-01-11 02:53:31,067 [Listener at 127.0.0.1/36003] INFO  server.StorageContainerManager (StorageContainerManager.java:stop(861)) - Stopping block service RPC server
2021-01-11 02:53:31,068 [Listener at 127.0.0.1/36003] INFO  server.SCMBlockProtocolServer (SCMBlockProtocolServer.java:stop(159)) - Stopping the RPC server for Block Protocol
2021-01-11 02:53:31,068 [Listener at 127.0.0.1/36003] INFO  ipc.Server (Server.java:stop(3359)) - Stopping server on 35685
2021-01-11 02:53:31,070 [IPC Server listener on 0] INFO  ipc.Server (Server.java:run(1330)) - Stopping IPC Server listener on 0
2021-01-11 02:53:31,070 [Listener at 127.0.0.1/36003] INFO  server.StorageContainerManager (StorageContainerManager.java:stop(868)) - Stopping the StorageContainerLocationProtocol RPC server
2021-01-11 02:53:31,070 [Listener at 127.0.0.1/36003] INFO  server.SCMClientProtocolServer (SCMClientProtocolServer.java:stop(168)) - Stopping the RPC server for Client Protocol
2021-01-11 02:53:31,070 [IPC Server Responder] INFO  ipc.Server (Server.java:run(1465)) - Stopping IPC Server Responder
2021-01-11 02:53:31,070 [Listener at 127.0.0.1/36003] INFO  ipc.Server (Server.java:stop(3359)) - Stopping server on 44251
2021-01-11 02:53:31,072 [IPC Server listener on 0] INFO  ipc.Server (Server.java:run(1330)) - Stopping IPC Server listener on 0
2021-01-11 02:53:31,073 [IPC Server Responder] INFO  ipc.Server (Server.java:run(1465)) - Stopping IPC Server Responder
2021-01-11 02:53:31,073 [Listener at 127.0.0.1/36003] INFO  server.StorageContainerManager (StorageContainerManager.java:stop(875)) - Stopping Storage Container Manager HTTP server.
2021-01-11 02:53:31,074 [Listener at 127.0.0.1/36003] INFO  handler.ContextHandler (ContextHandler.java:doStop(1154)) - Stopped o.e.j.w.WebAppContext@4bc5b2cf{scm,/,null,STOPPED}{file:/github/workspace/mnt/ozone/hadoop-ozone/integration-test/target/test-classes/webapps/scm}
2021-01-11 02:53:31,074 [Listener at 127.0.0.1/36003] INFO  server.AbstractConnector (AbstractConnector.java:doStop(381)) - Stopped ServerConnector@60b84649{HTTP/1.1, (http/1.1)}{0.0.0.0:0}
2021-01-11 02:53:31,074 [Listener at 127.0.0.1/36003] INFO  server.session (HouseKeeper.java:stopScavenging(149)) - node0 Stopped scavenging
2021-01-11 02:53:31,075 [Listener at 127.0.0.1/36003] INFO  handler.ContextHandler (ContextHandler.java:doStop(1154)) - Stopped o.e.j.s.ServletContextHandler@74d9afea{static,/static,file:///github/workspace/mnt/ozone/hadoop-ozone/integration-test/target/test-classes/webapps/static,STOPPED}
2021-01-11 02:53:31,075 [Listener at 127.0.0.1/36003] INFO  handler.ContextHandler (ContextHandler.java:doStop(1154)) - Stopped o.e.j.s.ServletContextHandler@3e4f326e{logs,/logs,file:///github/workspace/mnt/ozone/hadoop-ozone/integration-test/target/log,STOPPED}
2021-01-11 02:53:31,075 [Listener at 127.0.0.1/36003] INFO  server.StorageContainerManager (StorageContainerManager.java:stop(886)) - Stopping Block Manager Service.
2021-01-11 02:53:31,075 [Listener at 127.0.0.1/36003] INFO  utils.BackgroundService (BackgroundService.java:shutdown(132)) - Shutting down service SCMBlockDeletingService
2021-01-11 02:53:31,075 [Listener at 127.0.0.1/36003] INFO  utils.BackgroundService (BackgroundService.java:shutdown(132)) - Shutting down service SCMBlockDeletingService
2021-01-11 02:53:31,076 [Listener at 127.0.0.1/36003] INFO  server.StorageContainerManager (StorageContainerManager.java:stop(911)) - Stopping SCM Event Queue.
2021-01-11 02:53:31,079 [Listener at 127.0.0.1/36003] INFO  impl.MetricsSystemImpl (MetricsSystemImpl.java:stop(210)) - Stopping HddsDatanode metrics system...
2021-01-11 02:53:31,090 [Listener at 127.0.0.1/36003] INFO  impl.MetricsSystemImpl (MetricsSystemImpl.java:stop(216)) - HddsDatanode metrics system stopped.
2021-01-11 02:53:31,090 [Listener at 127.0.0.1/36003] WARN  server.ServerUtils (ServerUtils.java:getScmDbDir(148)) - ozone.scm.db.dirs is not configured. We recommend adding this setting. Falling back to ozone.metadata.dirs instead.
2021-01-11 02:53:31,091 [Listener at 127.0.0.1/36003] WARN  db.DBStoreBuilder (DBStoreBuilder.java:applyDBDefinition(145)) - ozone.scm.db.dirs is not configured. We recommend adding this setting. Falling back to ozone.metadata.dirs instead.
2021-01-11 02:53:31,104 [Listener at 127.0.0.1/36003] INFO  net.NodeSchemaLoader (NodeSchemaLoader.java:loadSchemaFromFile(126)) - Loading file from sun.misc.CompoundEnumeration@eb59892
2021-01-11 02:53:31,104 [Listener at 127.0.0.1/36003] INFO  net.NodeSchemaLoader (NodeSchemaLoader.java:loadSchema(172)) - Loading network topology layer schema file
2021-01-11 02:53:31,107 [Listener at 127.0.0.1/36003] INFO  node.SCMNodeManager (SCMNodeManager.java:<init>(123)) - Entering startup safe mode.
2021-01-11 02:53:31,107 [Listener at 127.0.0.1/36003] INFO  algorithms.ContainerPlacementPolicyFactory (ContainerPlacementPolicyFactory.java:getPolicy(60)) - Create container placement policy of type org.apache.hadoop.hdds.scm.container.placement.algorithms.SCMContainerPlacementRandom
2021-01-11 02:53:31,107 [Listener at 127.0.0.1/36003] INFO  algorithms.LeaderChoosePolicyFactory (LeaderChoosePolicyFactory.java:getPolicy(57)) - Create leader choose policy of type org.apache.hadoop.hdds.scm.pipeline.leader.choose.algorithms.MinLeaderCountChoosePolicy
2021-01-11 02:53:31,108 [Listener at 127.0.0.1/36003] INFO  pipeline.PipelineStateManager (PipelineStateManager.java:addPipeline(54)) - Created pipeline Pipeline[ Id: 4a87c8fd-b8bd-49d9-92cc-dd188aa34ab4, Nodes: 28c9ea05-fb6a-49bf-a2b4-fea96a178ae4{ip: 172.17.0.2, host: 4354df8493ff, networkLocation: /default-rack, certSerialId: null, persistedOpState: IN_SERVICE, persistedOpStateExpiryEpochSec: 0}, Type:RATIS, Factor:ONE, State:OPEN, leaderId:28c9ea05-fb6a-49bf-a2b4-fea96a178ae4, CreationTimestamp2021-01-11T02:53:31.108Z]
2021-01-11 02:53:31,108 [Listener at 127.0.0.1/36003] INFO  pipeline.PipelineStateManager (PipelineStateManager.java:addPipeline(54)) - Created pipeline Pipeline[ Id: 5c8bc239-c0d7-46a3-922b-92eb30401bfb, Nodes: 7bc8cf5a-9dee-415c-92cd-434f849c7ae8{ip: 172.17.0.2, host: 4354df8493ff, networkLocation: /default-rack, certSerialId: null, persistedOpState: IN_SERVICE, persistedOpStateExpiryEpochSec: 0}, Type:RATIS, Factor:ONE, State:OPEN, leaderId:7bc8cf5a-9dee-415c-92cd-434f849c7ae8, CreationTimestamp2021-01-11T02:53:31.108Z]
2021-01-11 02:53:31,108 [Listener at 127.0.0.1/36003] INFO  pipeline.PipelineStateManager (PipelineStateManager.java:addPipeline(54)) - Created pipeline Pipeline[ Id: 7f8dc46e-9249-4e9b-81b5-93297cc8d484, Nodes: 7bc8cf5a-9dee-415c-92cd-434f849c7ae8{ip: 172.17.0.2, host: 4354df8493ff, networkLocation: /default-rack, certSerialId: null, persistedOpState: IN_SERVICE, persistedOpStateExpiryEpochSec: 0}28c9ea05-fb6a-49bf-a2b4-fea96a178ae4{ip: 172.17.0.2, host: 4354df8493ff, networkLocation: /default-rack, certSerialId: null, persistedOpState: IN_SERVICE, persistedOpStateExpiryEpochSec: 0}d73afb6e-2f04-46f5-9d60-67fd948fc3fc{ip: 172.17.0.2, host: 4354df8493ff, networkLocation: /default-rack, certSerialId: null, persistedOpState: IN_SERVICE, persistedOpStateExpiryEpochSec: 0}, Type:RATIS, Factor:THREE, State:OPEN, leaderId:7bc8cf5a-9dee-415c-92cd-434f849c7ae8, CreationTimestamp2021-01-11T02:53:31.108Z]
2021-01-11 02:53:31,108 [Listener at 127.0.0.1/36003] INFO  pipeline.PipelineStateManager (PipelineStateManager.java:addPipeline(54)) - Created pipeline Pipeline[ Id: f34c2d44-d538-4df5-801b-69fb64b773cf, Nodes: d73afb6e-2f04-46f5-9d60-67fd948fc3fc{ip: 172.17.0.2, host: 4354df8493ff, networkLocation: /default-rack, certSerialId: null, persistedOpState: IN_SERVICE, persistedOpStateExpiryEpochSec: 0}, Type:RATIS, Factor:ONE, State:OPEN, leaderId:d73afb6e-2f04-46f5-9d60-67fd948fc3fc, CreationTimestamp2021-01-11T02:53:31.108Z]
2021-01-11 02:53:31,108 [Listener at 127.0.0.1/36003] INFO  algorithms.PipelineChoosePolicyFactory (PipelineChoosePolicyFactory.java:createPipelineChoosePolicyFromClass(75)) - Create pipeline choose policy of type org.apache.hadoop.hdds.scm.pipeline.choose.algorithms.RandomPipelineChoosePolicy
2021-01-11 02:53:31,110 [Listener at 127.0.0.1/36003] INFO  safemode.HealthyPipelineSafeModeRule (HealthyPipelineSafeModeRule.java:<init>(89)) - Total pipeline count is 1, healthy pipeline threshold count is 1
2021-01-11 02:53:31,110 [Listener at 127.0.0.1/36003] INFO  safemode.OneReplicaPipelineSafeModeRule (OneReplicaPipelineSafeModeRule.java:<init>(85)) - Total pipeline count is 1, pipeline's with at least one datanode reported threshold count is 1
2021-01-11 02:53:31,118 [Listener at 127.0.0.1/36003] INFO  ipc.CallQueueManager (CallQueueManager.java:<init>(84)) - Using callQueue: class java.util.concurrent.LinkedBlockingQueue, queueCapacity: 2000, scheduler: class org.apache.hadoop.ipc.DefaultRpcScheduler, ipcBackoff: false.
2021-01-11 02:53:31,119 [Socket Reader #1 for port 40965] INFO  ipc.Server (Server.java:run(1219)) - Starting Socket Reader #1 for port 40965
2021-01-11 02:53:31,126 [Listener at 0.0.0.0/40965] INFO  ipc.CallQueueManager (CallQueueManager.java:<init>(84)) - Using callQueue: class java.util.concurrent.LinkedBlockingQueue, queueCapacity: 2000, scheduler: class org.apache.hadoop.ipc.DefaultRpcScheduler, ipcBackoff: false.
2021-01-11 02:53:31,127 [Socket Reader #1 for port 35685] INFO  ipc.Server (Server.java:run(1219)) - Starting Socket Reader #1 for port 35685
2021-01-11 02:53:31,128 [Listener at 0.0.0.0/35685] INFO  ipc.CallQueueManager (CallQueueManager.java:<init>(84)) - Using callQueue: class java.util.concurrent.LinkedBlockingQueue, queueCapacity: 2000, scheduler: class org.apache.hadoop.ipc.DefaultRpcScheduler, ipcBackoff: false.
2021-01-11 02:53:31,129 [Socket Reader #1 for port 44251] INFO  ipc.Server (Server.java:run(1219)) - Starting Socket Reader #1 for port 44251
2021-01-11 02:53:31,136 [Listener at 0.0.0.0/44251] INFO  http.BaseHttpServer (BaseHttpServer.java:newHttpServer2BuilderForOzone(207)) - Starting Web-server for scm at: http://0.0.0.0:44535
2021-01-11 02:53:31,137 [Listener at 0.0.0.0/44251] INFO  http.BaseHttpServer (BaseHttpServer.java:<init>(106)) - Hadoop Security Enabled: false Ozone Security Enabled: false Ozone HTTP Security Enabled: false 
2021-01-11 02:53:31,138 [Listener at 0.0.0.0/44251] INFO  server.AuthenticationFilter (AuthenticationFilter.java:constructSecretProvider(240)) - Unable to initialize FileSignerSecretProvider, falling back to use random secrets.
2021-01-11 02:53:31,138 [Listener at 0.0.0.0/44251] WARN  http.HttpRequestLog (HttpRequestLog.java:getRequestLog(103)) - Jetty request log can only be enabled using Log4j
2021-01-11 02:53:31,139 [Listener at 0.0.0.0/44251] INFO  http.HttpServer2 (HttpServer2.java:addGlobalFilter(1020)) - Added global filter 'safety' (class=org.apache.hadoop.hdds.server.http.HttpServer2$QuotingInputFilter)
2021-01-11 02:53:31,139 [Listener at 0.0.0.0/44251] INFO  http.HttpServer2 (HttpServer2.java:addFilter(996)) - Added filter static_user_filter (class=org.apache.hadoop.http.lib.StaticUserWebFilter$StaticUserFilter) to context scm
2021-01-11 02:53:31,139 [Listener at 0.0.0.0/44251] INFO  http.HttpServer2 (HttpServer2.java:addFilter(1004)) - Added filter static_user_filter (class=org.apache.hadoop.http.lib.StaticUserWebFilter$StaticUserFilter) to context logs
2021-01-11 02:53:31,139 [Listener at 0.0.0.0/44251] INFO  http.HttpServer2 (HttpServer2.java:addFilter(1004)) - Added filter static_user_filter (class=org.apache.hadoop.http.lib.StaticUserWebFilter$StaticUserFilter) to context static
2021-01-11 02:53:31,140 [Listener at 0.0.0.0/44251] INFO  server.StorageContainerManager (StorageContainerManager.java:start(789)) - StorageContainerLocationProtocol RPC server is listening at /0.0.0.0:44251
2021-01-11 02:53:31,142 [Listener at 0.0.0.0/44251] WARN  impl.MetricsConfig (MetricsConfig.java:loadFirst(134)) - Cannot locate configuration: tried hadoop-metrics2-storagecontainermanager.properties,hadoop-metrics2.properties
2021-01-11 02:53:31,142 [Listener at 0.0.0.0/44251] INFO  impl.MetricsSystemImpl (MetricsSystemImpl.java:startTimer(374)) - Scheduled Metric snapshot period at 10 second(s).
2021-01-11 02:53:31,142 [Listener at 0.0.0.0/44251] INFO  impl.MetricsSystemImpl (MetricsSystemImpl.java:start(191)) - StorageContainerManager metrics system started
2021-01-11 02:53:31,207 [Listener at 0.0.0.0/44251] WARN  impl.MetricsSystemImpl (MetricsSystemImpl.java:register(276)) - Sink prometheus already exists!
2021-01-11 02:53:31,328 [Listener at 0.0.0.0/44251] INFO  server.SCMClientProtocolServer (SCMClientProtocolServer.java:start(159)) - RPC server for Client  is listening at /0.0.0.0:44251
2021-01-11 02:53:31,329 [IPC Server Responder] INFO  ipc.Server (Server.java:run(1460)) - IPC Server Responder: starting
2021-01-11 02:53:31,329 [IPC Server listener on 44251] INFO  ipc.Server (Server.java:run(1298)) - IPC Server listener on 44251: starting
2021-01-11 02:53:31,357 [Listener at 0.0.0.0/44251] INFO  server.StorageContainerManager (StorageContainerManager.java:start(801)) - ScmBlockLocationProtocol RPC server is listening at /0.0.0.0:35685
2021-01-11 02:53:31,358 [Listener at 0.0.0.0/44251] INFO  server.SCMBlockProtocolServer (SCMBlockProtocolServer.java:start(150)) - RPC server for Block Protocol is listening at /0.0.0.0:35685
2021-01-11 02:53:31,358 [IPC Server Responder] INFO  ipc.Server (Server.java:run(1460)) - IPC Server Responder: starting
2021-01-11 02:53:31,358 [IPC Server listener on 35685] INFO  ipc.Server (Server.java:run(1298)) - IPC Server listener on 35685: starting
2021-01-11 02:53:31,370 [Listener at 0.0.0.0/44251] INFO  server.StorageContainerManager (StorageContainerManager.java:start(807)) - ScmDatanodeProtocl RPC server is listening at /0.0.0.0:40965
2021-01-11 02:53:31,370 [Listener at 0.0.0.0/44251] INFO  server.SCMDatanodeProtocolServer (SCMDatanodeProtocolServer.java:start(174)) - RPC server for DataNodes is listening at /0.0.0.0:40965
2021-01-11 02:53:31,371 [IPC Server Responder] INFO  ipc.Server (Server.java:run(1460)) - IPC Server Responder: starting
2021-01-11 02:53:31,372 [IPC Server listener on 40965] INFO  ipc.Server (Server.java:run(1298)) - IPC Server listener on 40965: starting
2021-01-11 02:53:31,380 [Listener at 0.0.0.0/44251] INFO  http.HttpServer2 (HttpServer2.java:bindListener(1238)) - Jetty bound to port 44535
2021-01-11 02:53:31,380 [Listener at 0.0.0.0/44251] INFO  server.Server (Server.java:doStart(375)) - jetty-9.4.34.v20201102; built: 2020-11-02T14:15:39.302Z; git: e46af88704a893fc12cb0e3bf46e2c7b48a009e7; jvm 1.8.0_232-b09
2021-01-11 02:53:31,381 [Listener at 0.0.0.0/44251] INFO  server.session (DefaultSessionIdManager.java:doStart(334)) - DefaultSessionIdManager workerName=node0
2021-01-11 02:53:31,381 [Listener at 0.0.0.0/44251] INFO  server.session (DefaultSessionIdManager.java:doStart(339)) - No SessionScavenger set, using defaults
2021-01-11 02:53:31,382 [Listener at 0.0.0.0/44251] INFO  server.session (HouseKeeper.java:startScavenging(132)) - node0 Scavenging every 600000ms
2021-01-11 02:53:31,382 [Listener at 0.0.0.0/44251] INFO  handler.ContextHandler (ContextHandler.java:doStart(916)) - Started o.e.j.s.ServletContextHandler@510a5fe1{logs,/logs,file:///github/workspace/mnt/ozone/hadoop-ozone/integration-test/target/log,AVAILABLE}
2021-01-11 02:53:31,382 [Listener at 0.0.0.0/44251] INFO  handler.ContextHandler (ContextHandler.java:doStart(916)) - Started o.e.j.s.ServletContextHandler@199f6691{static,/static,file:///github/workspace/mnt/ozone/hadoop-ozone/integration-test/target/test-classes/webapps/static,AVAILABLE}
2021-01-11 02:53:31,385 [Listener at 0.0.0.0/44251] INFO  handler.ContextHandler (ContextHandler.java:doStart(916)) - Started o.e.j.w.WebAppContext@5caa7cea{scm,/,file:///github/workspace/mnt/ozone/hadoop-ozone/integration-test/target/test-classes/webapps/scm/,AVAILABLE}{file:/github/workspace/mnt/ozone/hadoop-ozone/integration-test/target/test-classes/webapps/scm}
2021-01-11 02:53:31,387 [Listener at 0.0.0.0/44251] INFO  server.AbstractConnector (AbstractConnector.java:doStart(331)) - Started ServerConnector@79871528{HTTP/1.1, (http/1.1)}{0.0.0.0:44535}
2021-01-11 02:53:31,387 [Listener at 0.0.0.0/44251] INFO  server.Server (Server.java:doStart(415)) - Started @851434ms
2021-01-11 02:53:31,387 [Listener at 0.0.0.0/44251] WARN  impl.MetricsSystemImpl (MetricsSystemImpl.java:register(276)) - Sink prometheus already exists!
2021-01-11 02:53:31,390 [Listener at 0.0.0.0/44251] INFO  http.BaseHttpServer (BaseHttpServer.java:updateConnectorAddress(327)) - HTTP server of scm listening at http://0.0.0.0:44535
2021-01-11 02:53:31,391 [Listener at 0.0.0.0/44251] INFO  ozone.MiniOzoneClusterImpl (MiniOzoneClusterImpl.java:lambda$waitForClusterToBeReady$0(179)) - Waiting for nodes to be ready. Got 0 of 6 DN Heartbeats.
2021-01-11 02:53:31,391 [Listener at 0.0.0.0/44251] INFO  ozone.MiniOzoneClusterImpl (MiniOzoneClusterImpl.java:lambda$waitForClusterToBeReady$0(182)) - Waiting for cluster to exit safe mode
2021-01-11 02:53:31,391 [org.apache.hadoop.util.JvmPauseMonitor$Monitor@3da73f13] INFO  util.JvmPauseMonitor (JvmPauseMonitor.java:run(188)) - Starting JVM pause monitor
2021-01-11 02:53:31,687 [EndpointStateMachine task thread for /0.0.0.0:40965 - 0 ] WARN  statemachine.EndpointStateMachine (EndpointStateMachine.java:logIfNeeded(233)) - Unable to communicate to SCM server at 0.0.0.0:40965 for past 0 seconds.
java.io.EOFException: End of File Exception between local host is: "4354df8493ff/172.17.0.2"; destination host is: "0.0.0.0":40965; : java.io.EOFException; For more details see:  http://wiki.apache.org/hadoop/EOFException
	at sun.reflect.NativeConstructorAccessorImpl.newInstance0(Native Method)
	at sun.reflect.NativeConstructorAccessorImpl.newInstance(NativeConstructorAccessorImpl.java:62)
	at sun.reflect.DelegatingConstructorAccessorImpl.newInstance(DelegatingConstructorAccessorImpl.java:45)
	at java.lang.reflect.Constructor.newInstance(Constructor.java:423)
	at org.apache.hadoop.net.NetUtils.wrapWithMessage(NetUtils.java:833)
	at org.apache.hadoop.net.NetUtils.wrapException(NetUtils.java:791)
	at org.apache.hadoop.ipc.Client.getRpcResponse(Client.java:1549)
	at org.apache.hadoop.ipc.Client.call(Client.java:1491)
	at org.apache.hadoop.ipc.Client.call(Client.java:1388)
	at org.apache.hadoop.ipc.ProtobufRpcEngine$Invoker.invoke(ProtobufRpcEngine.java:233)
	at org.apache.hadoop.ipc.ProtobufRpcEngine$Invoker.invoke(ProtobufRpcEngine.java:118)
	at com.sun.proxy.$Proxy33.submitRequest(Unknown Source)
	at org.apache.hadoop.ozone.protocolPB.StorageContainerDatanodeProtocolClientSideTranslatorPB.submitRequest(StorageContainerDatanodeProtocolClientSideTranslatorPB.java:117)
	at org.apache.hadoop.ozone.protocolPB.StorageContainerDatanodeProtocolClientSideTranslatorPB.sendHeartbeat(StorageContainerDatanodeProtocolClientSideTranslatorPB.java:149)
	at org.apache.hadoop.ozone.container.common.states.endpoint.HeartbeatEndpointTask.call(HeartbeatEndpointTask.java:146)
	at org.apache.hadoop.ozone.container.common.states.endpoint.HeartbeatEndpointTask.call(HeartbeatEndpointTask.java:77)
	at java.util.concurrent.FutureTask.run(FutureTask.java:266)
	at java.util.concurrent.ThreadPoolExecutor.runWorker(ThreadPoolExecutor.java:1149)
	at java.util.concurrent.ThreadPoolExecutor$Worker.run(ThreadPoolExecutor.java:624)
	at java.lang.Thread.run(Thread.java:748)
Caused by: java.io.EOFException
	at java.io.DataInputStream.readInt(DataInputStream.java:392)
	at org.apache.hadoop.ipc.Client$IpcStreams.readResponse(Client.java:1850)
	at org.apache.hadoop.ipc.Client$Connection.receiveRpcResponse(Client.java:1183)
	at org.apache.hadoop.ipc.Client$Connection.run(Client.java:1079)
2021-01-11 02:53:31,735 [IPC Server handler 0 on default port 40965] INFO  server.SCMDatanodeHeartbeatDispatcher (SCMDatanodeHeartbeatDispatcher.java:dispatch(96)) - SCM received heartbeat from an unregistered datanode d73afb6e-2f04-46f5-9d60-67fd948fc3fc{ip: 172.17.0.2, host: 4354df8493ff, networkLocation: /default-rack, certSerialId: null, persistedOpState: null, persistedOpStateExpiryEpochSec: 0}. Asking datanode to re-register.
2021-01-11 02:53:31,863 [IPC Server handler 2 on default port 40965] INFO  server.SCMDatanodeHeartbeatDispatcher (SCMDatanodeHeartbeatDispatcher.java:dispatch(96)) - SCM received heartbeat from an unregistered datanode 7bc8cf5a-9dee-415c-92cd-434f849c7ae8{ip: 172.17.0.2, host: 4354df8493ff, networkLocation: /default-rack, certSerialId: null, persistedOpState: null, persistedOpStateExpiryEpochSec: 0}. Asking datanode to re-register.
2021-01-11 02:53:31,989 [Command processor thread] INFO  server.RaftServer (RaftServerProxy.java:remove(106)) - 3bec4ab6-b9ad-4cb7-85d8-9f78f5912025: remove  FOLLOWER 3bec4ab6-b9ad-4cb7-85d8-9f78f5912025@group-0BA852A2BCA2:t1, leader=27072a30-1791-4eaf-beda-714f523a0d74, voted=27072a30-1791-4eaf-beda-714f523a0d74, raftlog=3bec4ab6-b9ad-4cb7-85d8-9f78f5912025@group-0BA852A2BCA2-SegmentedRaftLog:OPENED:c78,f79,i79, conf=0: [8fdece96-174e-440b-9c34-b82ee45bcc56|rpc:172.17.0.2:38051|dataStream:|priority:0, 3bec4ab6-b9ad-4cb7-85d8-9f78f5912025|rpc:172.17.0.2:43535|dataStream:|priority:0, 27072a30-1791-4eaf-beda-714f523a0d74|rpc:172.17.0.2:41503|dataStream:|priority:1], old=null RUNNING
2021-01-11 02:53:31,989 [Command processor thread] INFO  server.RaftServer$Division (RaftServerImpl.java:lambda$close$4(405)) - 3bec4ab6-b9ad-4cb7-85d8-9f78f5912025@group-0BA852A2BCA2: shutdown
2021-01-11 02:53:31,989 [Command processor thread] INFO  util.JmxRegister (JmxRegister.java:unregister(73)) - Successfully un-registered JMX Bean with object name Ratis:service=RaftServer,group=group-0BA852A2BCA2,id=3bec4ab6-b9ad-4cb7-85d8-9f78f5912025
2021-01-11 02:53:31,990 [Command processor thread] INFO  impl.RoleInfo (RoleInfo.java:shutdownFollowerState(108)) - 3bec4ab6-b9ad-4cb7-85d8-9f78f5912025: shutdown 3bec4ab6-b9ad-4cb7-85d8-9f78f5912025@group-0BA852A2BCA2-FollowerState
2021-01-11 02:53:31,990 [Command processor thread] INFO  impl.StateMachineUpdater (StateMachineUpdater.java:stopAndJoin(148)) - 3bec4ab6-b9ad-4cb7-85d8-9f78f5912025@group-0BA852A2BCA2-StateMachineUpdater: set stopIndex = 78
2021-01-11 02:53:31,990 [Thread-6073] INFO  impl.FollowerState (FollowerState.java:run(142)) - 3bec4ab6-b9ad-4cb7-85d8-9f78f5912025@group-0BA852A2BCA2-FollowerState was interrupted: {}
java.lang.InterruptedException: sleep interrupted
	at java.lang.Thread.sleep(Native Method)
	at java.lang.Thread.sleep(Thread.java:340)
	at java.util.concurrent.TimeUnit.sleep(TimeUnit.java:386)
	at org.apache.ratis.util.TimeDuration.sleep(TimeDuration.java:324)
	at org.apache.ratis.util.TimeDuration.sleep(TimeDuration.java:309)
	at org.apache.ratis.server.impl.FollowerState.run(FollowerState.java:117)
2021-01-11 02:53:31,990 [3bec4ab6-b9ad-4cb7-85d8-9f78f5912025@group-0BA852A2BCA2-StateMachineUpdater] INFO  ratis.ContainerStateMachine (ContainerStateMachine.java:takeSnapshot(291)) - group-0BA852A2BCA2: Taking a snapshot at:(t:1, i:78) file /github/workspace/mnt/ozone/hadoop-ozone/integration-test/target/test-dir/MiniOzoneClusterImpl-135c514c-975b-43bb-8c7a-38bae9c970e3/datanode-2/data/ratis/fad3187d-7405-41ed-a375-0ba852a2bca2/sm/snapshot.1_78
2021-01-11 02:53:31,990 [IPC Server handler 1 on default port 40965] INFO  server.SCMDatanodeHeartbeatDispatcher (SCMDatanodeHeartbeatDispatcher.java:dispatch(96)) - SCM received heartbeat from an unregistered datanode 3bec4ab6-b9ad-4cb7-85d8-9f78f5912025{ip: 172.17.0.2, host: 4354df8493ff, networkLocation: /default-rack, certSerialId: null, persistedOpState: ENTERING_MAINTENANCE, persistedOpStateExpiryEpochSec: 0}. Asking datanode to re-register.
2021-01-11 02:53:31,991 [3bec4ab6-b9ad-4cb7-85d8-9f78f5912025@group-0BA852A2BCA2-StateMachineUpdater] INFO  ratis.ContainerStateMachine (ContainerStateMachine.java:takeSnapshot(302)) - group-0BA852A2BCA2: Finished taking a snapshot at:(t:1, i:78) file:/github/workspace/mnt/ozone/hadoop-ozone/integration-test/target/test-dir/MiniOzoneClusterImpl-135c514c-975b-43bb-8c7a-38bae9c970e3/datanode-2/data/ratis/fad3187d-7405-41ed-a375-0ba852a2bca2/sm/snapshot.1_78 took: 1 ms
2021-01-11 02:53:31,992 [3bec4ab6-b9ad-4cb7-85d8-9f78f5912025@group-0BA852A2BCA2-StateMachineUpdater] INFO  impl.StateMachineUpdater (StateMachineUpdater.java:takeSnapshot(279)) - 3bec4ab6-b9ad-4cb7-85d8-9f78f5912025@group-0BA852A2BCA2-StateMachineUpdater: Took a snapshot at index 78
2021-01-11 02:53:31,992 [3bec4ab6-b9ad-4cb7-85d8-9f78f5912025@group-0BA852A2BCA2-StateMachineUpdater] INFO  impl.StateMachineUpdater (StateMachineUpdater.java:lambda$new$0(88)) - 3bec4ab6-b9ad-4cb7-85d8-9f78f5912025@group-0BA852A2BCA2-StateMachineUpdater: snapshotIndex: updateIncreasingly -1 -> 78
2021-01-11 02:53:31,992 [3bec4ab6-b9ad-4cb7-85d8-9f78f5912025@group-0BA852A2BCA2-StateMachineUpdater] INFO  metrics.RatisMetrics (RatisMetrics.java:unregister(43)) - Unregistering Metrics Registry : ratis.state_machine.3bec4ab6-b9ad-4cb7-85d8-9f78f5912025@group-0BA852A2BCA2
2021-01-11 02:53:31,992 [Command processor thread] INFO  server.RaftServer$Division (ServerState.java:close(400)) - 3bec4ab6-b9ad-4cb7-85d8-9f78f5912025@group-0BA852A2BCA2: closes. applyIndex: 78
2021-01-11 02:53:31,992 [3bec4ab6-b9ad-4cb7-85d8-9f78f5912025@group-0BA852A2BCA2-SegmentedRaftLogWorker] INFO  segmented.SegmentedRaftLogWorker (SegmentedRaftLogWorker.java:run(326)) - 3bec4ab6-b9ad-4cb7-85d8-9f78f5912025@group-0BA852A2BCA2-SegmentedRaftLogWorker was interrupted, exiting. There are 0 tasks remaining in the queue.
2021-01-11 02:53:31,993 [Command processor thread] INFO  segmented.SegmentedRaftLogWorker (SegmentedRaftLogWorker.java:close(236)) - 3bec4ab6-b9ad-4cb7-85d8-9f78f5912025@group-0BA852A2BCA2-SegmentedRaftLogWorker close()
2021-01-11 02:53:31,993 [Command processor thread] INFO  metrics.RatisMetrics (RatisMetrics.java:unregister(43)) - Unregistering Metrics Registry : ratis.log_worker.3bec4ab6-b9ad-4cb7-85d8-9f78f5912025@group-0BA852A2BCA2
2021-01-11 02:53:31,993 [Command processor thread] INFO  metrics.RatisMetrics (RatisMetrics.java:unregister(43)) - Unregistering Metrics Registry : ratis.leader_election.3bec4ab6-b9ad-4cb7-85d8-9f78f5912025@group-0BA852A2BCA2
2021-01-11 02:53:31,993 [Command processor thread] INFO  metrics.RatisMetrics (RatisMetrics.java:unregister(43)) - Unregistering Metrics Registry : ratis.server.3bec4ab6-b9ad-4cb7-85d8-9f78f5912025@group-0BA852A2BCA2
2021-01-11 02:53:31,995 [Command processor thread] INFO  keyvalue.KeyValueContainer (KeyValueContainer.java:flushAndSyncDB(388)) - Container 1 is synced with bcsId 73.
2021-01-11 02:53:31,995 [IPC Server handler 3 on default port 40965] INFO  net.NetworkTopologyImpl (NetworkTopologyImpl.java:add(111)) - Added a new node: /default-rack/3bec4ab6-b9ad-4cb7-85d8-9f78f5912025
2021-01-11 02:53:31,996 [IPC Server handler 3 on default port 40965] INFO  node.NodeStateManager (NodeStateManager.java:newNodeStatus(257)) - Updating nodeOperationalState on registration as the datanode has a persisted state of ENTERING_MAINTENANCE and expiry of 0
2021-01-11 02:53:31,996 [Command processor thread] INFO  keyvalue.KeyValueContainer (KeyValueContainer.java:flushAndSyncDB(388)) - Container 1 is synced with bcsId 73.
2021-01-11 02:53:31,997 [IPC Server handler 3 on default port 40965] INFO  node.SCMNodeManager (SCMNodeManager.java:register(341)) - Registered Data node : 3bec4ab6-b9ad-4cb7-85d8-9f78f5912025{ip: 172.17.0.2, host: 4354df8493ff, networkLocation: /default-rack, certSerialId: null, persistedOpState: ENTERING_MAINTENANCE, persistedOpStateExpiryEpochSec: 0}
2021-01-11 02:53:32,002 [EventQueue-NodeRegistrationContainerReportForContainerSafeModeRule] INFO  safemode.SCMSafeModeManager (ContainerSafeModeRule.java:process(116)) - SCM in safe mode. 100.0 % containers have at least one reported replica.
2021-01-11 02:53:32,002 [EventQueue-NodeRegistrationContainerReportForContainerSafeModeRule] INFO  safemode.SCMSafeModeManager (SCMSafeModeManager.java:validateSafeModeExitRules(214)) - ContainerSafeModeRule rule is successfully validated
2021-01-11 02:53:32,002 [EventQueue-NodeRegistrationContainerReportForDataNodeSafeModeRule] INFO  safemode.SCMSafeModeManager (DataNodeSafeModeRule.java:process(71)) - SCM in safe mode. 1 DataNodes registered, 1 required.
2021-01-11 02:53:32,003 [EventQueue-PipelineReportForOneReplicaPipelineSafeModeRule] INFO  safemode.SCMSafeModeManager (OneReplicaPipelineSafeModeRule.java:process(128)) - SCM in safe mode. Pipelines with at least one datanode reported count is 0, required at least one datanode reported per pipeline count is 1
2021-01-11 02:53:32,004 [EventQueue-NodeRegistrationContainerReportForDataNodeSafeModeRule] INFO  safemode.SCMSafeModeManager (SCMSafeModeManager.java:validateSafeModeExitRules(214)) - DataNodeSafeModeRule rule is successfully validated
2021-01-11 02:53:32,004 [EventQueue-NodeRegistrationContainerReportForDataNodeSafeModeRule] INFO  safemode.SCMSafeModeManager (SCMSafeModeManager.java:completePreCheck(242)) - All SCM safe mode pre check rules have passed
2021-01-11 02:53:32,005 [Command processor thread] INFO  keyvalue.KeyValueContainer (KeyValueContainer.java:flushAndSyncDB(388)) - Container 2 is synced with bcsId 77.
2021-01-11 02:53:32,005 [Command processor thread] INFO  keyvalue.KeyValueContainer (KeyValueContainer.java:flushAndSyncDB(388)) - Container 2 is synced with bcsId 77.
2021-01-11 02:53:32,007 [Command processor thread] INFO  keyvalue.KeyValueContainer (KeyValueContainer.java:flushAndSyncDB(388)) - Container 3 is synced with bcsId 69.
2021-01-11 02:53:32,007 [Command processor thread] INFO  keyvalue.KeyValueContainer (KeyValueContainer.java:flushAndSyncDB(388)) - Container 3 is synced with bcsId 69.
2021-01-11 02:53:32,008 [Command processor thread] INFO  server.RaftServer$Division (RaftServerImpl.java:groupRemove(375)) - 3bec4ab6-b9ad-4cb7-85d8-9f78f5912025@group-0BA852A2BCA2: Succeed to remove RaftStorageDirectory Storage Directory /github/workspace/mnt/ozone/hadoop-ozone/integration-test/target/test-dir/MiniOzoneClusterImpl-135c514c-975b-43bb-8c7a-38bae9c970e3/datanode-2/data/ratis/fad3187d-7405-41ed-a375-0ba852a2bca2
2021-01-11 02:53:32,008 [Command processor thread] INFO  commandhandler.ClosePipelineCommandHandler (ClosePipelineCommandHandler.java:handle(75)) - Close Pipeline PipelineID=fad3187d-7405-41ed-a375-0ba852a2bca2 command on datanode 3bec4ab6-b9ad-4cb7-85d8-9f78f5912025.
2021-01-11 02:53:32,008 [Command processor thread] INFO  server.RaftServer (RaftServerProxy.java:remove(106)) - 3bec4ab6-b9ad-4cb7-85d8-9f78f5912025: remove    LEADER 3bec4ab6-b9ad-4cb7-85d8-9f78f5912025@group-25E1222B9B91:t1, leader=3bec4ab6-b9ad-4cb7-85d8-9f78f5912025, voted=3bec4ab6-b9ad-4cb7-85d8-9f78f5912025, raftlog=3bec4ab6-b9ad-4cb7-85d8-9f78f5912025@group-25E1222B9B91-SegmentedRaftLog:OPENED:c0,f0,i0, conf=0: [3bec4ab6-b9ad-4cb7-85d8-9f78f5912025|rpc:172.17.0.2:43535|dataStream:|priority:1], old=null RUNNING
2021-01-11 02:53:32,009 [Command processor thread] INFO  server.RaftServer$Division (RaftServerImpl.java:lambda$close$4(405)) - 3bec4ab6-b9ad-4cb7-85d8-9f78f5912025@group-25E1222B9B91: shutdown
2021-01-11 02:53:32,009 [Command processor thread] INFO  util.JmxRegister (JmxRegister.java:unregister(73)) - Successfully un-registered JMX Bean with object name Ratis:service=RaftServer,group=group-25E1222B9B91,id=3bec4ab6-b9ad-4cb7-85d8-9f78f5912025
2021-01-11 02:53:32,009 [Command processor thread] INFO  impl.RoleInfo (RoleInfo.java:shutdownLeaderState(91)) - 3bec4ab6-b9ad-4cb7-85d8-9f78f5912025: shutdown 3bec4ab6-b9ad-4cb7-85d8-9f78f5912025@group-25E1222B9B91-LeaderStateImpl
2021-01-11 02:53:32,009 [Command processor thread] INFO  impl.PendingRequests (PendingRequests.java:sendNotLeaderResponses(249)) - 3bec4ab6-b9ad-4cb7-85d8-9f78f5912025@group-25E1222B9B91-PendingRequests: sendNotLeaderResponses
2021-01-11 02:53:32,009 [Command processor thread] INFO  metrics.RatisMetrics (RatisMetrics.java:unregister(43)) - Unregistering Metrics Registry : ratis.log_appender.3bec4ab6-b9ad-4cb7-85d8-9f78f5912025@group-25E1222B9B91
2021-01-11 02:53:32,009 [Command processor thread] INFO  metrics.RatisMetrics (RatisMetrics.java:unregister(43)) - Unregistering Metrics Registry : ratis.server.3bec4ab6-b9ad-4cb7-85d8-9f78f5912025@group-25E1222B9B91
2021-01-11 02:53:32,010 [3bec4ab6-b9ad-4cb7-85d8-9f78f5912025@group-25E1222B9B91-StateMachineUpdater] INFO  ratis.ContainerStateMachine (ContainerStateMachine.java:takeSnapshot(291)) - group-25E1222B9B91: Taking a snapshot at:(t:1, i:0) file /github/workspace/mnt/ozone/hadoop-ozone/integration-test/target/test-dir/MiniOzoneClusterImpl-135c514c-975b-43bb-8c7a-38bae9c970e3/datanode-2/data/ratis/047ade9b-e175-44a5-b7cb-25e1222b9b91/sm/snapshot.1_0
2021-01-11 02:53:32,010 [Command processor thread] INFO  impl.StateMachineUpdater (StateMachineUpdater.java:stopAndJoin(148)) - 3bec4ab6-b9ad-4cb7-85d8-9f78f5912025@group-25E1222B9B91-StateMachineUpdater: set stopIndex = 0
2021-01-11 02:53:32,011 [3bec4ab6-b9ad-4cb7-85d8-9f78f5912025@group-25E1222B9B91-StateMachineUpdater] INFO  ratis.ContainerStateMachine (ContainerStateMachine.java:takeSnapshot(302)) - group-25E1222B9B91: Finished taking a snapshot at:(t:1, i:0) file:/github/workspace/mnt/ozone/hadoop-ozone/integration-test/target/test-dir/MiniOzoneClusterImpl-135c514c-975b-43bb-8c7a-38bae9c970e3/datanode-2/data/ratis/047ade9b-e175-44a5-b7cb-25e1222b9b91/sm/snapshot.1_0 took: 1 ms
2021-01-11 02:53:32,011 [3bec4ab6-b9ad-4cb7-85d8-9f78f5912025@group-25E1222B9B91-StateMachineUpdater] INFO  impl.StateMachineUpdater (StateMachineUpdater.java:takeSnapshot(279)) - 3bec4ab6-b9ad-4cb7-85d8-9f78f5912025@group-25E1222B9B91-StateMachineUpdater: Took a snapshot at index 0
2021-01-11 02:53:32,011 [3bec4ab6-b9ad-4cb7-85d8-9f78f5912025@group-25E1222B9B91-StateMachineUpdater] INFO  impl.StateMachineUpdater (StateMachineUpdater.java:lambda$new$0(88)) - 3bec4ab6-b9ad-4cb7-85d8-9f78f5912025@group-25E1222B9B91-StateMachineUpdater: snapshotIndex: updateIncreasingly -1 -> 0
2021-01-11 02:53:32,011 [3bec4ab6-b9ad-4cb7-85d8-9f78f5912025@group-25E1222B9B91-StateMachineUpdater] INFO  metrics.RatisMetrics (RatisMetrics.java:unregister(43)) - Unregistering Metrics Registry : ratis.state_machine.3bec4ab6-b9ad-4cb7-85d8-9f78f5912025@group-25E1222B9B91
2021-01-11 02:53:32,011 [Command processor thread] INFO  server.RaftServer$Division (ServerState.java:close(400)) - 3bec4ab6-b9ad-4cb7-85d8-9f78f5912025@group-25E1222B9B91: closes. applyIndex: 0
2021-01-11 02:53:32,013 [3bec4ab6-b9ad-4cb7-85d8-9f78f5912025@group-25E1222B9B91-SegmentedRaftLogWorker] INFO  segmented.SegmentedRaftLogWorker (SegmentedRaftLogWorker.java:run(326)) - 3bec4ab6-b9ad-4cb7-85d8-9f78f5912025@group-25E1222B9B91-SegmentedRaftLogWorker was interrupted, exiting. There are 0 tasks remaining in the queue.
2021-01-11 02:53:32,017 [Command processor thread] INFO  segmented.SegmentedRaftLogWorker (SegmentedRaftLogWorker.java:close(236)) - 3bec4ab6-b9ad-4cb7-85d8-9f78f5912025@group-25E1222B9B91-SegmentedRaftLogWorker close()
2021-01-11 02:53:32,017 [Command processor thread] INFO  metrics.RatisMetrics (RatisMetrics.java:unregister(43)) - Unregistering Metrics Registry : ratis.log_worker.3bec4ab6-b9ad-4cb7-85d8-9f78f5912025@group-25E1222B9B91
2021-01-11 02:53:32,017 [Command processor thread] INFO  metrics.RatisMetrics (RatisMetrics.java:unregister(43)) - Unregistering Metrics Registry : ratis.leader_election.3bec4ab6-b9ad-4cb7-85d8-9f78f5912025@group-25E1222B9B91
2021-01-11 02:53:32,017 [Command processor thread] INFO  metrics.RatisMetrics (RatisMetrics.java:unregister(43)) - Unregistering Metrics Registry : ratis.server.3bec4ab6-b9ad-4cb7-85d8-9f78f5912025@group-25E1222B9B91
2021-01-11 02:53:32,018 [EventQueue-PipelineReportForOneReplicaPipelineSafeModeRule] INFO  safemode.SCMSafeModeManager (OneReplicaPipelineSafeModeRule.java:process(128)) - SCM in safe mode. Pipelines with at least one datanode reported count is 0, required at least one datanode reported per pipeline count is 1
2021-01-11 02:53:32,019 [Command processor thread] INFO  server.RaftServer$Division (RaftServerImpl.java:groupRemove(375)) - 3bec4ab6-b9ad-4cb7-85d8-9f78f5912025@group-25E1222B9B91: Succeed to remove RaftStorageDirectory Storage Directory /github/workspace/mnt/ozone/hadoop-ozone/integration-test/target/test-dir/MiniOzoneClusterImpl-135c514c-975b-43bb-8c7a-38bae9c970e3/datanode-2/data/ratis/047ade9b-e175-44a5-b7cb-25e1222b9b91
2021-01-11 02:53:32,020 [Command processor thread] INFO  commandhandler.ClosePipelineCommandHandler (ClosePipelineCommandHandler.java:handle(75)) - Close Pipeline PipelineID=047ade9b-e175-44a5-b7cb-25e1222b9b91 command on datanode 3bec4ab6-b9ad-4cb7-85d8-9f78f5912025.
2021-01-11 02:53:32,021 [EventQueue-PipelineReportForOneReplicaPipelineSafeModeRule] INFO  safemode.SCMSafeModeManager (OneReplicaPipelineSafeModeRule.java:process(128)) - SCM in safe mode. Pipelines with at least one datanode reported count is 0, required at least one datanode reported per pipeline count is 1
2021-01-11 02:53:32,021 [EventQueue-PipelineReportForOneReplicaPipelineSafeModeRule] INFO  safemode.SCMSafeModeManager (OneReplicaPipelineSafeModeRule.java:process(128)) - SCM in safe mode. Pipelines with at least one datanode reported count is 0, required at least one datanode reported per pipeline count is 1
2021-01-11 02:53:32,021 [Command processor thread] WARN  server.RaftServer (RaftServerProxy.java:remove(101)) - 3bec4ab6-b9ad-4cb7-85d8-9f78f5912025: does not contain group: group-25E1222B9B91
2021-01-11 02:53:32,021 [Command processor thread] ERROR commandhandler.ClosePipelineCommandHandler (ClosePipelineCommandHandler.java:handle(78)) - Can't close pipeline PipelineID=047ade9b-e175-44a5-b7cb-25e1222b9b91
java.io.IOException: 3bec4ab6-b9ad-4cb7-85d8-9f78f5912025: Group group-25E1222B9B91 not found.
	at org.apache.hadoop.ozone.container.common.transport.server.ratis.XceiverServerRatis.removeGroup(XceiverServerRatis.java:788)
	at org.apache.hadoop.ozone.container.common.statemachine.commandhandler.ClosePipelineCommandHandler.handle(ClosePipelineCommandHandler.java:74)
	at org.apache.hadoop.ozone.container.common.statemachine.commandhandler.CommandDispatcher.handle(CommandDispatcher.java:99)
	at org.apache.hadoop.ozone.container.common.statemachine.DatanodeStateMachine.lambda$initCommandHandlerThread$2(DatanodeStateMachine.java:498)
	at java.lang.Thread.run(Thread.java:748)
Caused by: org.apache.ratis.protocol.exceptions.GroupMismatchException: 3bec4ab6-b9ad-4cb7-85d8-9f78f5912025: Group group-25E1222B9B91 not found.
	at org.apache.ratis.server.impl.RaftServerProxy.groupRemoveAsync(RaftServerProxy.java:502)
	at org.apache.ratis.server.impl.RaftServerProxy.groupManagementAsync(RaftServerProxy.java:458)
	at org.apache.ratis.server.impl.RaftServerProxy.groupManagement(RaftServerProxy.java:438)
	at org.apache.hadoop.ozone.container.common.transport.server.ratis.XceiverServerRatis.removeGroup(XceiverServerRatis.java:786)
	... 4 more
2021-01-11 02:53:32,022 [Command processor thread] WARN  server.RaftServer (RaftServerProxy.java:remove(101)) - 3bec4ab6-b9ad-4cb7-85d8-9f78f5912025: does not contain group: group-0BA852A2BCA2
2021-01-11 02:53:32,022 [Command processor thread] ERROR commandhandler.ClosePipelineCommandHandler (ClosePipelineCommandHandler.java:handle(78)) - Can't close pipeline PipelineID=fad3187d-7405-41ed-a375-0ba852a2bca2
java.io.IOException: 3bec4ab6-b9ad-4cb7-85d8-9f78f5912025: Group group-0BA852A2BCA2 not found.
	at org.apache.hadoop.ozone.container.common.transport.server.ratis.XceiverServerRatis.removeGroup(XceiverServerRatis.java:788)
	at org.apache.hadoop.ozone.container.common.statemachine.commandhandler.ClosePipelineCommandHandler.handle(ClosePipelineCommandHandler.java:74)
	at org.apache.hadoop.ozone.container.common.statemachine.commandhandler.CommandDispatcher.handle(CommandDispatcher.java:99)
	at org.apache.hadoop.ozone.container.common.statemachine.DatanodeStateMachine.lambda$initCommandHandlerThread$2(DatanodeStateMachine.java:498)
	at java.lang.Thread.run(Thread.java:748)
Caused by: org.apache.ratis.protocol.exceptions.GroupMismatchException: 3bec4ab6-b9ad-4cb7-85d8-9f78f5912025: Group group-0BA852A2BCA2 not found.
	at org.apache.ratis.server.impl.RaftServerProxy.groupRemoveAsync(RaftServerProxy.java:502)
	at org.apache.ratis.server.impl.RaftServerProxy.groupManagementAsync(RaftServerProxy.java:458)
	at org.apache.ratis.server.impl.RaftServerProxy.groupManagement(RaftServerProxy.java:438)
	at org.apache.hadoop.ozone.container.common.transport.server.ratis.XceiverServerRatis.removeGroup(XceiverServerRatis.java:786)
	... 4 more
2021-01-11 02:53:32,022 [Command processor thread] WARN  server.RaftServer (RaftServerProxy.java:remove(101)) - 3bec4ab6-b9ad-4cb7-85d8-9f78f5912025: does not contain group: group-25E1222B9B91
2021-01-11 02:53:32,022 [Command processor thread] ERROR commandhandler.ClosePipelineCommandHandler (ClosePipelineCommandHandler.java:handle(78)) - Can't close pipeline PipelineID=047ade9b-e175-44a5-b7cb-25e1222b9b91
java.io.IOException: 3bec4ab6-b9ad-4cb7-85d8-9f78f5912025: Group group-25E1222B9B91 not found.
	at org.apache.hadoop.ozone.container.common.transport.server.ratis.XceiverServerRatis.removeGroup(XceiverServerRatis.java:788)
	at org.apache.hadoop.ozone.container.common.statemachine.commandhandler.ClosePipelineCommandHandler.handle(ClosePipelineCommandHandler.java:74)
	at org.apache.hadoop.ozone.container.common.statemachine.commandhandler.CommandDispatcher.handle(CommandDispatcher.java:99)
	at org.apache.hadoop.ozone.container.common.statemachine.DatanodeStateMachine.lambda$initCommandHandlerThread$2(DatanodeStateMachine.java:498)
	at java.lang.Thread.run(Thread.java:748)
Caused by: org.apache.ratis.protocol.exceptions.GroupMismatchException: 3bec4ab6-b9ad-4cb7-85d8-9f78f5912025: Group group-25E1222B9B91 not found.
	at org.apache.ratis.server.impl.RaftServerProxy.groupRemoveAsync(RaftServerProxy.java:502)
	at org.apache.ratis.server.impl.RaftServerProxy.groupManagementAsync(RaftServerProxy.java:458)
	at org.apache.ratis.server.impl.RaftServerProxy.groupManagement(RaftServerProxy.java:438)
	at org.apache.hadoop.ozone.container.common.transport.server.ratis.XceiverServerRatis.removeGroup(XceiverServerRatis.java:786)
	... 4 more
2021-01-11 02:53:32,022 [Command processor thread] WARN  server.RaftServer (RaftServerProxy.java:remove(101)) - 3bec4ab6-b9ad-4cb7-85d8-9f78f5912025: does not contain group: group-25E1222B9B91
2021-01-11 02:53:32,022 [Command processor thread] ERROR commandhandler.ClosePipelineCommandHandler (ClosePipelineCommandHandler.java:handle(78)) - Can't close pipeline PipelineID=047ade9b-e175-44a5-b7cb-25e1222b9b91
java.io.IOException: 3bec4ab6-b9ad-4cb7-85d8-9f78f5912025: Group group-25E1222B9B91 not found.
	at org.apache.hadoop.ozone.container.common.transport.server.ratis.XceiverServerRatis.removeGroup(XceiverServerRatis.java:788)
	at org.apache.hadoop.ozone.container.common.statemachine.commandhandler.ClosePipelineCommandHandler.handle(ClosePipelineCommandHandler.java:74)
	at org.apache.hadoop.ozone.container.common.statemachine.commandhandler.CommandDispatcher.handle(CommandDispatcher.java:99)
	at org.apache.hadoop.ozone.container.common.statemachine.DatanodeStateMachine.lambda$initCommandHandlerThread$2(DatanodeStateMachine.java:498)
	at java.lang.Thread.run(Thread.java:748)
Caused by: org.apache.ratis.protocol.exceptions.GroupMismatchException: 3bec4ab6-b9ad-4cb7-85d8-9f78f5912025: Group group-25E1222B9B91 not found.
	at org.apache.ratis.server.impl.RaftServerProxy.groupRemoveAsync(RaftServerProxy.java:502)
	at org.apache.ratis.server.impl.RaftServerProxy.groupManagementAsync(RaftServerProxy.java:458)
	at org.apache.ratis.server.impl.RaftServerProxy.groupManagement(RaftServerProxy.java:438)
	at org.apache.hadoop.ozone.container.common.transport.server.ratis.XceiverServerRatis.removeGroup(XceiverServerRatis.java:786)
	... 4 more
2021-01-11 02:53:32,022 [Command processor thread] WARN  server.RaftServer (RaftServerProxy.java:remove(101)) - 3bec4ab6-b9ad-4cb7-85d8-9f78f5912025: does not contain group: group-0BA852A2BCA2
2021-01-11 02:53:32,022 [Command processor thread] ERROR commandhandler.ClosePipelineCommandHandler (ClosePipelineCommandHandler.java:handle(78)) - Can't close pipeline PipelineID=fad3187d-7405-41ed-a375-0ba852a2bca2
java.io.IOException: 3bec4ab6-b9ad-4cb7-85d8-9f78f5912025: Group group-0BA852A2BCA2 not found.
	at org.apache.hadoop.ozone.container.common.transport.server.ratis.XceiverServerRatis.removeGroup(XceiverServerRatis.java:788)
	at org.apache.hadoop.ozone.container.common.statemachine.commandhandler.ClosePipelineCommandHandler.handle(ClosePipelineCommandHandler.java:74)
	at org.apache.hadoop.ozone.container.common.statemachine.commandhandler.CommandDispatcher.handle(CommandDispatcher.java:99)
	at org.apache.hadoop.ozone.container.common.statemachine.DatanodeStateMachine.lambda$initCommandHandlerThread$2(DatanodeStateMachine.java:498)
	at java.lang.Thread.run(Thread.java:748)
Caused by: org.apache.ratis.protocol.exceptions.GroupMismatchException: 3bec4ab6-b9ad-4cb7-85d8-9f78f5912025: Group group-0BA852A2BCA2 not found.
	at org.apache.ratis.server.impl.RaftServerProxy.groupRemoveAsync(RaftServerProxy.java:502)
	at org.apache.ratis.server.impl.RaftServerProxy.groupManagementAsync(RaftServerProxy.java:458)
	at org.apache.ratis.server.impl.RaftServerProxy.groupManagement(RaftServerProxy.java:438)
	at org.apache.hadoop.ozone.container.common.transport.server.ratis.XceiverServerRatis.removeGroup(XceiverServerRatis.java:786)
	... 4 more
2021-01-11 02:53:32,022 [Command processor thread] WARN  server.RaftServer (RaftServerProxy.java:remove(101)) - 3bec4ab6-b9ad-4cb7-85d8-9f78f5912025: does not contain group: group-25E1222B9B91
2021-01-11 02:53:32,022 [Command processor thread] ERROR commandhandler.ClosePipelineCommandHandler (ClosePipelineCommandHandler.java:handle(78)) - Can't close pipeline PipelineID=047ade9b-e175-44a5-b7cb-25e1222b9b91
java.io.IOException: 3bec4ab6-b9ad-4cb7-85d8-9f78f5912025: Group group-25E1222B9B91 not found.
	at org.apache.hadoop.ozone.container.common.transport.server.ratis.XceiverServerRatis.removeGroup(XceiverServerRatis.java:788)
	at org.apache.hadoop.ozone.container.common.statemachine.commandhandler.ClosePipelineCommandHandler.handle(ClosePipelineCommandHandler.java:74)
	at org.apache.hadoop.ozone.container.common.statemachine.commandhandler.CommandDispatcher.handle(CommandDispatcher.java:99)
	at org.apache.hadoop.ozone.container.common.statemachine.DatanodeStateMachine.lambda$initCommandHandlerThread$2(DatanodeStateMachine.java:498)
	at java.lang.Thread.run(Thread.java:748)
Caused by: org.apache.ratis.protocol.exceptions.GroupMismatchException: 3bec4ab6-b9ad-4cb7-85d8-9f78f5912025: Group group-25E1222B9B91 not found.
	at org.apache.ratis.server.impl.RaftServerProxy.groupRemoveAsync(RaftServerProxy.java:502)
	at org.apache.ratis.server.impl.RaftServerProxy.groupManagementAsync(RaftServerProxy.java:458)
	at org.apache.ratis.server.impl.RaftServerProxy.groupManagement(RaftServerProxy.java:438)
	at org.apache.hadoop.ozone.container.common.transport.server.ratis.XceiverServerRatis.removeGroup(XceiverServerRatis.java:786)
	... 4 more
2021-01-11 02:53:32,022 [Command processor thread] WARN  server.RaftServer (RaftServerProxy.java:remove(101)) - 3bec4ab6-b9ad-4cb7-85d8-9f78f5912025: does not contain group: group-0BA852A2BCA2
2021-01-11 02:53:32,022 [Command processor thread] ERROR commandhandler.ClosePipelineCommandHandler (ClosePipelineCommandHandler.java:handle(78)) - Can't close pipeline PipelineID=fad3187d-7405-41ed-a375-0ba852a2bca2
java.io.IOException: 3bec4ab6-b9ad-4cb7-85d8-9f78f5912025: Group group-0BA852A2BCA2 not found.
	at org.apache.hadoop.ozone.container.common.transport.server.ratis.XceiverServerRatis.removeGroup(XceiverServerRatis.java:788)
	at org.apache.hadoop.ozone.container.common.statemachine.commandhandler.ClosePipelineCommandHandler.handle(ClosePipelineCommandHandler.java:74)
	at org.apache.hadoop.ozone.container.common.statemachine.commandhandler.CommandDispatcher.handle(CommandDispatcher.java:99)
	at org.apache.hadoop.ozone.container.common.statemachine.DatanodeStateMachine.lambda$initCommandHandlerThread$2(DatanodeStateMachine.java:498)
	at java.lang.Thread.run(Thread.java:748)
Caused by: org.apache.ratis.protocol.exceptions.GroupMismatchException: 3bec4ab6-b9ad-4cb7-85d8-9f78f5912025: Group group-0BA852A2BCA2 not found.
	at org.apache.ratis.server.impl.RaftServerProxy.groupRemoveAsync(RaftServerProxy.java:502)
	at org.apache.ratis.server.impl.RaftServerProxy.groupManagementAsync(RaftServerProxy.java:458)
	at org.apache.ratis.server.impl.RaftServerProxy.groupManagement(RaftServerProxy.java:438)
	at org.apache.hadoop.ozone.container.common.transport.server.ratis.XceiverServerRatis.removeGroup(XceiverServerRatis.java:786)
	... 4 more
2021-01-11 02:53:32,025 [IPC Server handler 7 on default port 40965] INFO  server.SCMDatanodeHeartbeatDispatcher (SCMDatanodeHeartbeatDispatcher.java:dispatch(96)) - SCM received heartbeat from an unregistered datanode 8fdece96-174e-440b-9c34-b82ee45bcc56{ip: 172.17.0.2, host: 4354df8493ff, networkLocation: /default-rack, certSerialId: null, persistedOpState: ENTERING_MAINTENANCE, persistedOpStateExpiryEpochSec: 0}. Asking datanode to re-register.
2021-01-11 02:53:32,044 [IPC Server handler 8 on default port 40965] INFO  server.SCMDatanodeHeartbeatDispatcher (SCMDatanodeHeartbeatDispatcher.java:dispatch(96)) - SCM received heartbeat from an unregistered datanode 27072a30-1791-4eaf-beda-714f523a0d74{ip: 172.17.0.2, host: 4354df8493ff, networkLocation: /default-rack, certSerialId: null, persistedOpState: ENTERING_MAINTENANCE, persistedOpStateExpiryEpochSec: 0}. Asking datanode to re-register.
2021-01-11 02:53:32,118 [EventQueue-StartAdminOnNodeForStartDatanodeAdminHandler] INFO  node.StartDatanodeAdminHandler (StartDatanodeAdminHandler.java:onMessage(56)) - Admin start on datanode 3bec4ab6-b9ad-4cb7-85d8-9f78f5912025{ip: 172.17.0.2, host: 4354df8493ff, networkLocation: /default-rack, certSerialId: null, persistedOpState: ENTERING_MAINTENANCE, persistedOpStateExpiryEpochSec: 0}. Finalizing its pipelines []
2021-01-11 02:53:32,118 [DatanodeAdminManager-0] INFO  node.DatanodeAdminMonitorImpl (DatanodeAdminMonitorImpl.java:checkContainersReplicatedOnNode(297)) - 3bec4ab6-b9ad-4cb7-85d8-9f78f5912025{ip: 172.17.0.2, host: 4354df8493ff, networkLocation: /default-rack, certSerialId: null, persistedOpState: ENTERING_MAINTENANCE, persistedOpStateExpiryEpochSec: 0} has 0 sufficientlyReplicated, 3 underReplicated and 0 unhealthy containers
2021-01-11 02:53:32,118 [DatanodeAdminManager-0] INFO  node.DatanodeAdminMonitorImpl (DatanodeAdminMonitorImpl.java:run(136)) - There are 1 nodes tracked for decommission and maintenance. 0 pending nodes.
2021-01-11 02:53:32,391 [Listener at 0.0.0.0/44251] INFO  ozone.MiniOzoneClusterImpl (MiniOzoneClusterImpl.java:lambda$waitForClusterToBeReady$0(179)) - Waiting for nodes to be ready. Got 1 of 6 DN Heartbeats.
2021-01-11 02:53:32,392 [Listener at 0.0.0.0/44251] INFO  ozone.MiniOzoneClusterImpl (MiniOzoneClusterImpl.java:lambda$waitForClusterToBeReady$0(182)) - Waiting for cluster to exit safe mode
2021-01-11 02:53:32,684 [IPC Server handler 0 on default port 40965] INFO  server.SCMDatanodeHeartbeatDispatcher (SCMDatanodeHeartbeatDispatcher.java:dispatch(96)) - SCM received heartbeat from an unregistered datanode 28c9ea05-fb6a-49bf-a2b4-fea96a178ae4{ip: 172.17.0.2, host: 4354df8493ff, networkLocation: /default-rack, certSerialId: null, persistedOpState: null, persistedOpStateExpiryEpochSec: 0}. Asking datanode to re-register.
2021-01-11 02:53:32,713 [Thread-6212] INFO  impl.FollowerState (FollowerState.java:run(133)) - 28c9ea05-fb6a-49bf-a2b4-fea96a178ae4@group-DD188AA34AB4-FollowerState: change to CANDIDATE, lastRpcElapsedTime:5011354435ns, electionTimeout:5011ms
2021-01-11 02:53:32,714 [Thread-6212] INFO  impl.RoleInfo (RoleInfo.java:shutdownFollowerState(108)) - 28c9ea05-fb6a-49bf-a2b4-fea96a178ae4: shutdown 28c9ea05-fb6a-49bf-a2b4-fea96a178ae4@group-DD188AA34AB4-FollowerState
2021-01-11 02:53:32,714 [Thread-6212] INFO  server.RaftServer$Division (RaftServerImpl.java:setRole(283)) - 28c9ea05-fb6a-49bf-a2b4-fea96a178ae4@group-DD188AA34AB4: changes role from  FOLLOWER to CANDIDATE at term 0 for changeToCandidate
2021-01-11 02:53:32,714 [Thread-6212] INFO  impl.RoleInfo (RoleInfo.java:updateAndGet(130)) - 28c9ea05-fb6a-49bf-a2b4-fea96a178ae4: start 28c9ea05-fb6a-49bf-a2b4-fea96a178ae4@group-DD188AA34AB4-LeaderElection99
2021-01-11 02:53:32,716 [28c9ea05-fb6a-49bf-a2b4-fea96a178ae4@group-DD188AA34AB4-LeaderElection99] INFO  impl.LeaderElection (LeaderElection.java:askForPreVotes(259)) - 28c9ea05-fb6a-49bf-a2b4-fea96a178ae4@group-DD188AA34AB4-LeaderElection99: begin a pre-vote at term 0 for -1: [28c9ea05-fb6a-49bf-a2b4-fea96a178ae4|rpc:172.17.0.2:33397|priority:1], old=null
2021-01-11 02:53:32,716 [28c9ea05-fb6a-49bf-a2b4-fea96a178ae4@group-DD188AA34AB4-LeaderElection99] INFO  impl.LeaderElection (LeaderElection.java:askForPreVotes(261)) - 28c9ea05-fb6a-49bf-a2b4-fea96a178ae4@group-DD188AA34AB4-LeaderElection99 pre-vote result is PASSED.
2021-01-11 02:53:32,717 [28c9ea05-fb6a-49bf-a2b4-fea96a178ae4@group-DD188AA34AB4-LeaderElection99] INFO  impl.LeaderElection (LeaderElection.java:askForVotes(308)) - 28c9ea05-fb6a-49bf-a2b4-fea96a178ae4@group-DD188AA34AB4-LeaderElection99: begin an election at term 1 for -1: [28c9ea05-fb6a-49bf-a2b4-fea96a178ae4|rpc:172.17.0.2:33397|priority:1], old=null
2021-01-11 02:53:32,717 [28c9ea05-fb6a-49bf-a2b4-fea96a178ae4@group-DD188AA34AB4-LeaderElection99] INFO  impl.RoleInfo (RoleInfo.java:shutdownLeaderElection(121)) - 28c9ea05-fb6a-49bf-a2b4-fea96a178ae4: shutdown 28c9ea05-fb6a-49bf-a2b4-fea96a178ae4@group-DD188AA34AB4-LeaderElection99
2021-01-11 02:53:32,717 [28c9ea05-fb6a-49bf-a2b4-fea96a178ae4@group-DD188AA34AB4-LeaderElection99] INFO  server.RaftServer$Division (RaftServerImpl.java:setRole(283)) - 28c9ea05-fb6a-49bf-a2b4-fea96a178ae4@group-DD188AA34AB4: changes role from CANDIDATE to LEADER at term 1 for changeToLeader
2021-01-11 02:53:32,717 [28c9ea05-fb6a-49bf-a2b4-fea96a178ae4@group-DD188AA34AB4-LeaderElection99] INFO  ratis.XceiverServerRatis (XceiverServerRatis.java:handleLeaderChangedNotification(868)) - Leader change notification received for group: group-DD188AA34AB4 with new leaderId: 28c9ea05-fb6a-49bf-a2b4-fea96a178ae4
2021-01-11 02:53:32,717 [28c9ea05-fb6a-49bf-a2b4-fea96a178ae4@group-DD188AA34AB4-LeaderElection99] INFO  server.RaftServer$Division (ServerState.java:setLeader(249)) - 28c9ea05-fb6a-49bf-a2b4-fea96a178ae4@group-DD188AA34AB4: change Leader from null to 28c9ea05-fb6a-49bf-a2b4-fea96a178ae4 at term 1 for becomeLeader, leader elected after 5033ms
2021-01-11 02:53:32,718 [28c9ea05-fb6a-49bf-a2b4-fea96a178ae4@group-DD188AA34AB4-LeaderElection99] INFO  server.RaftServerConfigKeys (ConfUtils.java:logGet(44)) - raft.server.staging.catchup.gap = 1000 (default)
2021-01-11 02:53:32,718 [28c9ea05-fb6a-49bf-a2b4-fea96a178ae4@group-DD188AA34AB4-LeaderElection99] INFO  metrics.RatisMetrics (RatisMetrics.java:lambda$create$0(36)) - Creating Metrics Registry : ratis.log_appender.28c9ea05-fb6a-49bf-a2b4-fea96a178ae4@group-DD188AA34AB4
2021-01-11 02:53:32,719 [IPC Server handler 2 on default port 40965] INFO  net.NetworkTopologyImpl (NetworkTopologyImpl.java:add(111)) - Added a new node: /default-rack/28c9ea05-fb6a-49bf-a2b4-fea96a178ae4
2021-01-11 02:53:32,719 [IPC Server handler 2 on default port 40965] INFO  node.SCMNodeManager (SCMNodeManager.java:register(341)) - Registered Data node : 28c9ea05-fb6a-49bf-a2b4-fea96a178ae4{ip: 172.17.0.2, host: 4354df8493ff, networkLocation: /default-rack, certSerialId: null, persistedOpState: IN_SERVICE, persistedOpStateExpiryEpochSec: 0}
2021-01-11 02:53:32,719 [EventQueue-NodeRegistrationContainerReportForContainerSafeModeRule] INFO  safemode.SCMSafeModeManager (SCMSafeModeManager.java:validateSafeModeExitRules(214)) - ContainerSafeModeRule rule is successfully validated
2021-01-11 02:53:32,720 [EventQueue-NodeRegistrationContainerReportForDataNodeSafeModeRule] INFO  safemode.SCMSafeModeManager (SCMSafeModeManager.java:validateSafeModeExitRules(214)) - DataNodeSafeModeRule rule is successfully validated
2021-01-11 02:53:32,720 [EventQueue-PipelineReportForOneReplicaPipelineSafeModeRule] INFO  safemode.SCMSafeModeManager (OneReplicaPipelineSafeModeRule.java:process(128)) - SCM in safe mode. Pipelines with at least one datanode reported count is 1, required at least one datanode reported per pipeline count is 1
2021-01-11 02:53:32,720 [EventQueue-PipelineReportForOneReplicaPipelineSafeModeRule] INFO  safemode.SCMSafeModeManager (SCMSafeModeManager.java:validateSafeModeExitRules(214)) - AtleastOneDatanodeReportedRule rule is successfully validated
2021-01-11 02:53:32,720 [28c9ea05-fb6a-49bf-a2b4-fea96a178ae4@group-DD188AA34AB4-LeaderElection99] INFO  server.RaftServerConfigKeys (ConfUtils.java:logGet(44)) - raft.server.write.element-limit = 1024 (custom)
2021-01-11 02:53:32,720 [28c9ea05-fb6a-49bf-a2b4-fea96a178ae4@group-DD188AA34AB4-LeaderElection99] INFO  server.RaftServerConfigKeys (ConfUtils.java:logGet(44)) - raft.server.write.byte-limit = 1073741824 (custom)
2021-01-11 02:53:32,721 [28c9ea05-fb6a-49bf-a2b4-fea96a178ae4@group-DD188AA34AB4-LeaderElection99] INFO  server.RaftServerConfigKeys (ConfUtils.java:logGet(44)) - raft.server.watch.timeout = 180s (custom)
2021-01-11 02:53:32,721 [28c9ea05-fb6a-49bf-a2b4-fea96a178ae4@group-DD188AA34AB4-LeaderElection99] INFO  server.RaftServerConfigKeys (ConfUtils.java:logGet(44)) - raft.server.watch.timeout.denomination = 1s (default)
2021-01-11 02:53:32,721 [28c9ea05-fb6a-49bf-a2b4-fea96a178ae4@group-DD188AA34AB4-LeaderElection99] INFO  server.RaftServerConfigKeys (ConfUtils.java:logGet(44)) - raft.server.watch.element-limit = 65536 (default)
2021-01-11 02:53:32,721 [28c9ea05-fb6a-49bf-a2b4-fea96a178ae4@group-DD188AA34AB4-LeaderElection99] INFO  impl.RoleInfo (RoleInfo.java:updateAndGet(130)) - 28c9ea05-fb6a-49bf-a2b4-fea96a178ae4: start 28c9ea05-fb6a-49bf-a2b4-fea96a178ae4@group-DD188AA34AB4-LeaderStateImpl
2021-01-11 02:53:32,721 [28c9ea05-fb6a-49bf-a2b4-fea96a178ae4@group-DD188AA34AB4-LeaderElection99] INFO  segmented.SegmentedRaftLogWorker (SegmentedRaftLogWorker.java:startLogSegment(392)) - 28c9ea05-fb6a-49bf-a2b4-fea96a178ae4@group-DD188AA34AB4-SegmentedRaftLogWorker: Starting segment from index:0
2021-01-11 02:53:32,722 [EventQueue-OpenPipelineForHealthyPipelineSafeModeRule] INFO  safemode.SCMSafeModeManager (HealthyPipelineSafeModeRule.java:process(128)) - SCM in safe mode. Healthy pipelines reported count is 0, required healthy pipeline reported count is 1
2021-01-11 02:53:32,729 [28c9ea05-fb6a-49bf-a2b4-fea96a178ae4@group-DD188AA34AB4-LeaderElection99] INFO  server.RaftServer$Division (ServerState.java:setRaftConf(368)) - 28c9ea05-fb6a-49bf-a2b4-fea96a178ae4@group-DD188AA34AB4: set configuration 0: [28c9ea05-fb6a-49bf-a2b4-fea96a178ae4|rpc:172.17.0.2:33397|dataStream:|priority:1], old=null
2021-01-11 02:53:32,730 [28c9ea05-fb6a-49bf-a2b4-fea96a178ae4@group-DD188AA34AB4-SegmentedRaftLogWorker] INFO  segmented.SegmentedRaftLogWorker (SegmentedRaftLogWorker.java:execute(599)) - 28c9ea05-fb6a-49bf-a2b4-fea96a178ae4@group-DD188AA34AB4-SegmentedRaftLogWorker: created new log segment /github/workspace/mnt/ozone/hadoop-ozone/integration-test/target/test-dir/MiniOzoneClusterImpl-135c514c-975b-43bb-8c7a-38bae9c970e3/datanode-5/data/ratis/4a87c8fd-b8bd-49d9-92cc-dd188aa34ab4/current/log_inprogress_0
2021-01-11 02:53:32,732 [IPC Server handler 1 on default port 40965] INFO  net.NetworkTopologyImpl (NetworkTopologyImpl.java:add(111)) - Added a new node: /default-rack/d73afb6e-2f04-46f5-9d60-67fd948fc3fc
2021-01-11 02:53:32,732 [IPC Server handler 1 on default port 40965] INFO  node.SCMNodeManager (SCMNodeManager.java:register(341)) - Registered Data node : d73afb6e-2f04-46f5-9d60-67fd948fc3fc{ip: 172.17.0.2, host: 4354df8493ff, networkLocation: /default-rack, certSerialId: null, persistedOpState: IN_SERVICE, persistedOpStateExpiryEpochSec: 0}
2021-01-11 02:53:32,733 [EventQueue-NodeRegistrationContainerReportForDataNodeSafeModeRule] INFO  safemode.SCMSafeModeManager (SCMSafeModeManager.java:validateSafeModeExitRules(214)) - DataNodeSafeModeRule rule is successfully validated
2021-01-11 02:53:32,733 [EventQueue-NodeRegistrationContainerReportForContainerSafeModeRule] INFO  safemode.SCMSafeModeManager (SCMSafeModeManager.java:validateSafeModeExitRules(214)) - ContainerSafeModeRule rule is successfully validated
2021-01-11 02:53:32,733 [EventQueue-PipelineReportForOneReplicaPipelineSafeModeRule] INFO  safemode.SCMSafeModeManager (SCMSafeModeManager.java:validateSafeModeExitRules(214)) - AtleastOneDatanodeReportedRule rule is successfully validated
2021-01-11 02:53:32,733 [EventQueue-OpenPipelineForHealthyPipelineSafeModeRule] INFO  safemode.SCMSafeModeManager (HealthyPipelineSafeModeRule.java:process(128)) - SCM in safe mode. Healthy pipelines reported count is 0, required healthy pipeline reported count is 1
2021-01-11 02:53:32,863 [IPC Server handler 3 on default port 40965] INFO  net.NetworkTopologyImpl (NetworkTopologyImpl.java:add(111)) - Added a new node: /default-rack/7bc8cf5a-9dee-415c-92cd-434f849c7ae8
2021-01-11 02:53:32,863 [IPC Server handler 3 on default port 40965] INFO  node.SCMNodeManager (SCMNodeManager.java:register(341)) - Registered Data node : 7bc8cf5a-9dee-415c-92cd-434f849c7ae8{ip: 172.17.0.2, host: 4354df8493ff, networkLocation: /default-rack, certSerialId: null, persistedOpState: IN_SERVICE, persistedOpStateExpiryEpochSec: 0}
2021-01-11 02:53:32,864 [EventQueue-NodeRegistrationContainerReportForContainerSafeModeRule] INFO  safemode.SCMSafeModeManager (SCMSafeModeManager.java:validateSafeModeExitRules(214)) - ContainerSafeModeRule rule is successfully validated
2021-01-11 02:53:32,864 [EventQueue-PipelineReportForOneReplicaPipelineSafeModeRule] INFO  safemode.SCMSafeModeManager (SCMSafeModeManager.java:validateSafeModeExitRules(214)) - AtleastOneDatanodeReportedRule rule is successfully validated
2021-01-11 02:53:32,864 [EventQueue-NodeRegistrationContainerReportForDataNodeSafeModeRule] INFO  safemode.SCMSafeModeManager (SCMSafeModeManager.java:validateSafeModeExitRules(214)) - DataNodeSafeModeRule rule is successfully validated
2021-01-11 02:53:32,864 [EventQueue-OpenPipelineForHealthyPipelineSafeModeRule] INFO  safemode.SCMSafeModeManager (HealthyPipelineSafeModeRule.java:process(128)) - SCM in safe mode. Healthy pipelines reported count is 1, required healthy pipeline reported count is 1
2021-01-11 02:53:32,864 [EventQueue-OpenPipelineForHealthyPipelineSafeModeRule] INFO  safemode.SCMSafeModeManager (SCMSafeModeManager.java:validateSafeModeExitRules(214)) - HealthyPipelineSafeModeRule rule is successfully validated
2021-01-11 02:53:32,864 [EventQueue-OpenPipelineForHealthyPipelineSafeModeRule] INFO  safemode.SCMSafeModeManager (SCMSafeModeManager.java:validateSafeModeExitRules(228)) - ScmSafeModeManager, all rules are successfully validated
2021-01-11 02:53:32,864 [EventQueue-OpenPipelineForHealthyPipelineSafeModeRule] INFO  safemode.SCMSafeModeManager (SCMSafeModeManager.java:exitSafeMode(257)) - SCM exiting safe mode.
2021-01-11 02:53:33,025 [IPC Server handler 7 on default port 40965] INFO  net.NetworkTopologyImpl (NetworkTopologyImpl.java:add(111)) - Added a new node: /default-rack/8fdece96-174e-440b-9c34-b82ee45bcc56
2021-01-11 02:53:33,025 [IPC Server handler 7 on default port 40965] INFO  node.NodeStateManager (NodeStateManager.java:newNodeStatus(257)) - Updating nodeOperationalState on registration as the datanode has a persisted state of ENTERING_MAINTENANCE and expiry of 0
2021-01-11 02:53:33,025 [IPC Server handler 7 on default port 40965] INFO  node.SCMNodeManager (SCMNodeManager.java:register(341)) - Registered Data node : 8fdece96-174e-440b-9c34-b82ee45bcc56{ip: 172.17.0.2, host: 4354df8493ff, networkLocation: /default-rack, certSerialId: null, persistedOpState: ENTERING_MAINTENANCE, persistedOpStateExpiryEpochSec: 0}
2021-01-11 02:53:33,044 [IPC Server handler 8 on default port 40965] INFO  net.NetworkTopologyImpl (NetworkTopologyImpl.java:add(111)) - Added a new node: /default-rack/27072a30-1791-4eaf-beda-714f523a0d74
2021-01-11 02:53:33,044 [IPC Server handler 8 on default port 40965] INFO  node.NodeStateManager (NodeStateManager.java:newNodeStatus(257)) - Updating nodeOperationalState on registration as the datanode has a persisted state of ENTERING_MAINTENANCE and expiry of 0
2021-01-11 02:53:33,044 [IPC Server handler 8 on default port 40965] INFO  node.SCMNodeManager (SCMNodeManager.java:register(341)) - Registered Data node : 27072a30-1791-4eaf-beda-714f523a0d74{ip: 172.17.0.2, host: 4354df8493ff, networkLocation: /default-rack, certSerialId: null, persistedOpState: ENTERING_MAINTENANCE, persistedOpStateExpiryEpochSec: 0}
2021-01-11 02:53:33,116 [EventQueue-StartAdminOnNodeForStartDatanodeAdminHandler] INFO  node.StartDatanodeAdminHandler (StartDatanodeAdminHandler.java:onMessage(56)) - Admin start on datanode 8fdece96-174e-440b-9c34-b82ee45bcc56{ip: 172.17.0.2, host: 4354df8493ff, networkLocation: /default-rack, certSerialId: null, persistedOpState: ENTERING_MAINTENANCE, persistedOpStateExpiryEpochSec: 0}. Finalizing its pipelines []
2021-01-11 02:53:33,116 [DatanodeAdminManager-0] INFO  node.DatanodeAdminMonitorImpl (DatanodeAdminMonitorImpl.java:checkContainersReplicatedOnNode(297)) - 27072a30-1791-4eaf-beda-714f523a0d74{ip: 172.17.0.2, host: 4354df8493ff, networkLocation: /default-rack, certSerialId: null, persistedOpState: ENTERING_MAINTENANCE, persistedOpStateExpiryEpochSec: 0} has 0 sufficientlyReplicated, 3 underReplicated and 0 unhealthy containers
2021-01-11 02:53:33,116 [EventQueue-StartAdminOnNodeForStartDatanodeAdminHandler] INFO  node.StartDatanodeAdminHandler (StartDatanodeAdminHandler.java:onMessage(56)) - Admin start on datanode 27072a30-1791-4eaf-beda-714f523a0d74{ip: 172.17.0.2, host: 4354df8493ff, networkLocation: /default-rack, certSerialId: null, persistedOpState: ENTERING_MAINTENANCE, persistedOpStateExpiryEpochSec: 0}. Finalizing its pipelines []
2021-01-11 02:53:33,116 [DatanodeAdminManager-0] INFO  node.DatanodeAdminMonitorImpl (DatanodeAdminMonitorImpl.java:checkContainersReplicatedOnNode(297)) - 3bec4ab6-b9ad-4cb7-85d8-9f78f5912025{ip: 172.17.0.2, host: 4354df8493ff, networkLocation: /default-rack, certSerialId: null, persistedOpState: ENTERING_MAINTENANCE, persistedOpStateExpiryEpochSec: 0} has 0 sufficientlyReplicated, 3 underReplicated and 0 unhealthy containers
2021-01-11 02:53:33,117 [DatanodeAdminManager-0] INFO  node.DatanodeAdminMonitorImpl (DatanodeAdminMonitorImpl.java:checkContainersReplicatedOnNode(297)) - 8fdece96-174e-440b-9c34-b82ee45bcc56{ip: 172.17.0.2, host: 4354df8493ff, networkLocation: /default-rack, certSerialId: null, persistedOpState: ENTERING_MAINTENANCE, persistedOpStateExpiryEpochSec: 0} has 0 sufficientlyReplicated, 3 underReplicated and 0 unhealthy containers
2021-01-11 02:53:33,117 [DatanodeAdminManager-0] INFO  node.DatanodeAdminMonitorImpl (DatanodeAdminMonitorImpl.java:run(136)) - There are 3 nodes tracked for decommission and maintenance. 0 pending nodes.
2021-01-11 02:53:33,392 [Listener at 0.0.0.0/44251] INFO  ozone.MiniOzoneClusterImpl (MiniOzoneClusterImpl.java:lambda$waitForClusterToBeReady$0(179)) - Nodes are ready. Got 6 of 6 DN Heartbeats.
2021-01-11 02:53:33,392 [Listener at 0.0.0.0/44251] INFO  ozone.MiniOzoneClusterImpl (MiniOzoneClusterImpl.java:lambda$waitForClusterToBeReady$0(182)) - Cluster exits safe mode
2021-01-11 02:53:34,009 [Command processor thread] WARN  server.RaftServer (RaftServerProxy.java:remove(101)) - 3bec4ab6-b9ad-4cb7-85d8-9f78f5912025: does not contain group: group-25E1222B9B91
2021-01-11 02:53:34,009 [Command processor thread] ERROR commandhandler.ClosePipelineCommandHandler (ClosePipelineCommandHandler.java:handle(78)) - Can't close pipeline PipelineID=047ade9b-e175-44a5-b7cb-25e1222b9b91
java.io.IOException: 3bec4ab6-b9ad-4cb7-85d8-9f78f5912025: Group group-25E1222B9B91 not found.
	at org.apache.hadoop.ozone.container.common.transport.server.ratis.XceiverServerRatis.removeGroup(XceiverServerRatis.java:788)
	at org.apache.hadoop.ozone.container.common.statemachine.commandhandler.ClosePipelineCommandHandler.handle(ClosePipelineCommandHandler.java:74)
	at org.apache.hadoop.ozone.container.common.statemachine.commandhandler.CommandDispatcher.handle(CommandDispatcher.java:99)
	at org.apache.hadoop.ozone.container.common.statemachine.DatanodeStateMachine.lambda$initCommandHandlerThread$2(DatanodeStateMachine.java:498)
	at java.lang.Thread.run(Thread.java:748)
Caused by: org.apache.ratis.protocol.exceptions.GroupMismatchException: 3bec4ab6-b9ad-4cb7-85d8-9f78f5912025: Group group-25E1222B9B91 not found.
	at org.apache.ratis.server.impl.RaftServerProxy.groupRemoveAsync(RaftServerProxy.java:502)
	at org.apache.ratis.server.impl.RaftServerProxy.groupManagementAsync(RaftServerProxy.java:458)
	at org.apache.ratis.server.impl.RaftServerProxy.groupManagement(RaftServerProxy.java:438)
	at org.apache.hadoop.ozone.container.common.transport.server.ratis.XceiverServerRatis.removeGroup(XceiverServerRatis.java:786)
	... 4 more
2021-01-11 02:53:34,009 [Command processor thread] WARN  server.RaftServer (RaftServerProxy.java:remove(101)) - 3bec4ab6-b9ad-4cb7-85d8-9f78f5912025: does not contain group: group-0BA852A2BCA2
2021-01-11 02:53:34,009 [Command processor thread] ERROR commandhandler.ClosePipelineCommandHandler (ClosePipelineCommandHandler.java:handle(78)) - Can't close pipeline PipelineID=fad3187d-7405-41ed-a375-0ba852a2bca2
java.io.IOException: 3bec4ab6-b9ad-4cb7-85d8-9f78f5912025: Group group-0BA852A2BCA2 not found.
	at org.apache.hadoop.ozone.container.common.transport.server.ratis.XceiverServerRatis.removeGroup(XceiverServerRatis.java:788)
	at org.apache.hadoop.ozone.container.common.statemachine.commandhandler.ClosePipelineCommandHandler.handle(ClosePipelineCommandHandler.java:74)
	at org.apache.hadoop.ozone.container.common.statemachine.commandhandler.CommandDispatcher.handle(CommandDispatcher.java:99)
	at org.apache.hadoop.ozone.container.common.statemachine.DatanodeStateMachine.lambda$initCommandHandlerThread$2(DatanodeStateMachine.java:498)
	at java.lang.Thread.run(Thread.java:748)
Caused by: org.apache.ratis.protocol.exceptions.GroupMismatchException: 3bec4ab6-b9ad-4cb7-85d8-9f78f5912025: Group group-0BA852A2BCA2 not found.
	at org.apache.ratis.server.impl.RaftServerProxy.groupRemoveAsync(RaftServerProxy.java:502)
	at org.apache.ratis.server.impl.RaftServerProxy.groupManagementAsync(RaftServerProxy.java:458)
	at org.apache.ratis.server.impl.RaftServerProxy.groupManagement(RaftServerProxy.java:438)
	at org.apache.hadoop.ozone.container.common.transport.server.ratis.XceiverServerRatis.removeGroup(XceiverServerRatis.java:786)
	... 4 more
2021-01-11 02:53:34,116 [DatanodeAdminManager-0] INFO  node.DatanodeAdminMonitorImpl (DatanodeAdminMonitorImpl.java:checkContainersReplicatedOnNode(297)) - 27072a30-1791-4eaf-beda-714f523a0d74{ip: 172.17.0.2, host: 4354df8493ff, networkLocation: /default-rack, certSerialId: null, persistedOpState: ENTERING_MAINTENANCE, persistedOpStateExpiryEpochSec: 0} has 0 sufficientlyReplicated, 3 underReplicated and 0 unhealthy containers
2021-01-11 02:53:34,116 [DatanodeAdminManager-0] INFO  node.DatanodeAdminMonitorImpl (DatanodeAdminMonitorImpl.java:checkContainersReplicatedOnNode(297)) - 3bec4ab6-b9ad-4cb7-85d8-9f78f5912025{ip: 172.17.0.2, host: 4354df8493ff, networkLocation: /default-rack, certSerialId: null, persistedOpState: ENTERING_MAINTENANCE, persistedOpStateExpiryEpochSec: 0} has 0 sufficientlyReplicated, 3 underReplicated and 0 unhealthy containers
2021-01-11 02:53:34,117 [DatanodeAdminManager-0] INFO  node.DatanodeAdminMonitorImpl (DatanodeAdminMonitorImpl.java:checkContainersReplicatedOnNode(297)) - 8fdece96-174e-440b-9c34-b82ee45bcc56{ip: 172.17.0.2, host: 4354df8493ff, networkLocation: /default-rack, certSerialId: null, persistedOpState: ENTERING_MAINTENANCE, persistedOpStateExpiryEpochSec: 0} has 0 sufficientlyReplicated, 3 underReplicated and 0 unhealthy containers
2021-01-11 02:53:34,117 [DatanodeAdminManager-0] INFO  node.DatanodeAdminMonitorImpl (DatanodeAdminMonitorImpl.java:run(136)) - There are 3 nodes tracked for decommission and maintenance. 0 pending nodes.
2021-01-11 02:53:35,116 [DatanodeAdminManager-0] INFO  node.DatanodeAdminMonitorImpl (DatanodeAdminMonitorImpl.java:checkContainersReplicatedOnNode(297)) - 27072a30-1791-4eaf-beda-714f523a0d74{ip: 172.17.0.2, host: 4354df8493ff, networkLocation: /default-rack, certSerialId: null, persistedOpState: ENTERING_MAINTENANCE, persistedOpStateExpiryEpochSec: 0} has 0 sufficientlyReplicated, 3 underReplicated and 0 unhealthy containers
2021-01-11 02:53:35,116 [DatanodeAdminManager-0] INFO  node.DatanodeAdminMonitorImpl (DatanodeAdminMonitorImpl.java:checkContainersReplicatedOnNode(297)) - 3bec4ab6-b9ad-4cb7-85d8-9f78f5912025{ip: 172.17.0.2, host: 4354df8493ff, networkLocation: /default-rack, certSerialId: null, persistedOpState: ENTERING_MAINTENANCE, persistedOpStateExpiryEpochSec: 0} has 0 sufficientlyReplicated, 3 underReplicated and 0 unhealthy containers
2021-01-11 02:53:35,117 [DatanodeAdminManager-0] INFO  node.DatanodeAdminMonitorImpl (DatanodeAdminMonitorImpl.java:checkContainersReplicatedOnNode(297)) - 8fdece96-174e-440b-9c34-b82ee45bcc56{ip: 172.17.0.2, host: 4354df8493ff, networkLocation: /default-rack, certSerialId: null, persistedOpState: ENTERING_MAINTENANCE, persistedOpStateExpiryEpochSec: 0} has 0 sufficientlyReplicated, 3 underReplicated and 0 unhealthy containers
2021-01-11 02:53:35,117 [DatanodeAdminManager-0] INFO  node.DatanodeAdminMonitorImpl (DatanodeAdminMonitorImpl.java:run(136)) - There are 3 nodes tracked for decommission and maintenance. 0 pending nodes.
2021-01-11 02:53:35,866 [EventQueue-Delayed safe mode statusForReplicationManager] INFO  container.ReplicationManager (ReplicationManager.java:start(186)) - Starting Replication Monitor Thread.
2021-01-11 02:53:35,868 [ReplicationMonitor] INFO  container.ReplicationManager (ReplicationManager.java:forceCloseContainer(633)) - Force closing container #1 with BCSID 73, which is in QUASI_CLOSED state.
2021-01-11 02:53:35,869 [ReplicationMonitor] INFO  container.ReplicationManager (ReplicationManager.java:sendCloseCommand(948)) - Sending close container command for container #1 to datanode 27072a30-1791-4eaf-beda-714f523a0d74{ip: 172.17.0.2, host: 4354df8493ff, networkLocation: /default-rack, certSerialId: null, persistedOpState: ENTERING_MAINTENANCE, persistedOpStateExpiryEpochSec: 0}.
2021-01-11 02:53:35,869 [ReplicationMonitor] INFO  container.ReplicationManager (ReplicationManager.java:sendCloseCommand(948)) - Sending close container command for container #1 to datanode 3bec4ab6-b9ad-4cb7-85d8-9f78f5912025{ip: 172.17.0.2, host: 4354df8493ff, networkLocation: /default-rack, certSerialId: null, persistedOpState: ENTERING_MAINTENANCE, persistedOpStateExpiryEpochSec: 0}.
2021-01-11 02:53:35,869 [ReplicationMonitor] INFO  container.ReplicationManager (ReplicationManager.java:sendCloseCommand(948)) - Sending close container command for container #1 to datanode 8fdece96-174e-440b-9c34-b82ee45bcc56{ip: 172.17.0.2, host: 4354df8493ff, networkLocation: /default-rack, certSerialId: null, persistedOpState: ENTERING_MAINTENANCE, persistedOpStateExpiryEpochSec: 0}.
2021-01-11 02:53:35,870 [ReplicationMonitor] INFO  container.ReplicationManager (ReplicationManager.java:forceCloseContainer(633)) - Force closing container #2 with BCSID 77, which is in QUASI_CLOSED state.
2021-01-11 02:53:35,870 [ReplicationMonitor] INFO  container.ReplicationManager (ReplicationManager.java:sendCloseCommand(948)) - Sending close container command for container #2 to datanode 27072a30-1791-4eaf-beda-714f523a0d74{ip: 172.17.0.2, host: 4354df8493ff, networkLocation: /default-rack, certSerialId: null, persistedOpState: ENTERING_MAINTENANCE, persistedOpStateExpiryEpochSec: 0}.
2021-01-11 02:53:35,870 [ReplicationMonitor] INFO  container.ReplicationManager (ReplicationManager.java:sendCloseCommand(948)) - Sending close container command for container #2 to datanode 8fdece96-174e-440b-9c34-b82ee45bcc56{ip: 172.17.0.2, host: 4354df8493ff, networkLocation: /default-rack, certSerialId: null, persistedOpState: ENTERING_MAINTENANCE, persistedOpStateExpiryEpochSec: 0}.
2021-01-11 02:53:35,870 [ReplicationMonitor] INFO  container.ReplicationManager (ReplicationManager.java:sendCloseCommand(948)) - Sending close container command for container #2 to datanode 3bec4ab6-b9ad-4cb7-85d8-9f78f5912025{ip: 172.17.0.2, host: 4354df8493ff, networkLocation: /default-rack, certSerialId: null, persistedOpState: ENTERING_MAINTENANCE, persistedOpStateExpiryEpochSec: 0}.
2021-01-11 02:53:35,870 [ReplicationMonitor] INFO  container.ReplicationManager (ReplicationManager.java:forceCloseContainer(633)) - Force closing container #3 with BCSID 69, which is in QUASI_CLOSED state.
2021-01-11 02:53:35,870 [ReplicationMonitor] INFO  container.ReplicationManager (ReplicationManager.java:sendCloseCommand(948)) - Sending close container command for container #3 to datanode 3bec4ab6-b9ad-4cb7-85d8-9f78f5912025{ip: 172.17.0.2, host: 4354df8493ff, networkLocation: /default-rack, certSerialId: null, persistedOpState: ENTERING_MAINTENANCE, persistedOpStateExpiryEpochSec: 0}.
2021-01-11 02:53:35,870 [ReplicationMonitor] INFO  container.ReplicationManager (ReplicationManager.java:sendCloseCommand(948)) - Sending close container command for container #3 to datanode 27072a30-1791-4eaf-beda-714f523a0d74{ip: 172.17.0.2, host: 4354df8493ff, networkLocation: /default-rack, certSerialId: null, persistedOpState: ENTERING_MAINTENANCE, persistedOpStateExpiryEpochSec: 0}.
2021-01-11 02:53:35,870 [ReplicationMonitor] INFO  container.ReplicationManager (ReplicationManager.java:sendCloseCommand(948)) - Sending close container command for container #3 to datanode 8fdece96-174e-440b-9c34-b82ee45bcc56{ip: 172.17.0.2, host: 4354df8493ff, networkLocation: /default-rack, certSerialId: null, persistedOpState: ENTERING_MAINTENANCE, persistedOpStateExpiryEpochSec: 0}.
2021-01-11 02:53:35,870 [ReplicationMonitor] INFO  container.ReplicationManager (ReplicationManager.java:run(250)) - Replication Monitor Thread took 3 milliseconds for processing 3 containers.
2021-01-11 02:53:36,116 [DatanodeAdminManager-0] INFO  node.DatanodeAdminMonitorImpl (DatanodeAdminMonitorImpl.java:checkContainersReplicatedOnNode(297)) - 27072a30-1791-4eaf-beda-714f523a0d74{ip: 172.17.0.2, host: 4354df8493ff, networkLocation: /default-rack, certSerialId: null, persistedOpState: ENTERING_MAINTENANCE, persistedOpStateExpiryEpochSec: 0} has 0 sufficientlyReplicated, 3 underReplicated and 0 unhealthy containers
2021-01-11 02:53:36,116 [DatanodeAdminManager-0] INFO  node.DatanodeAdminMonitorImpl (DatanodeAdminMonitorImpl.java:checkContainersReplicatedOnNode(297)) - 3bec4ab6-b9ad-4cb7-85d8-9f78f5912025{ip: 172.17.0.2, host: 4354df8493ff, networkLocation: /default-rack, certSerialId: null, persistedOpState: ENTERING_MAINTENANCE, persistedOpStateExpiryEpochSec: 0} has 0 sufficientlyReplicated, 3 underReplicated and 0 unhealthy containers
2021-01-11 02:53:36,116 [DatanodeAdminManager-0] INFO  node.DatanodeAdminMonitorImpl (DatanodeAdminMonitorImpl.java:checkContainersReplicatedOnNode(297)) - 8fdece96-174e-440b-9c34-b82ee45bcc56{ip: 172.17.0.2, host: 4354df8493ff, networkLocation: /default-rack, certSerialId: null, persistedOpState: ENTERING_MAINTENANCE, persistedOpStateExpiryEpochSec: 0} has 0 sufficientlyReplicated, 3 underReplicated and 0 unhealthy containers
2021-01-11 02:53:36,116 [DatanodeAdminManager-0] INFO  node.DatanodeAdminMonitorImpl (DatanodeAdminMonitorImpl.java:run(136)) - There are 3 nodes tracked for decommission and maintenance. 0 pending nodes.
2021-01-11 02:53:36,870 [ReplicationMonitor] INFO  container.ReplicationManager (ReplicationManager.java:forceCloseContainer(633)) - Force closing container #1 with BCSID 73, which is in QUASI_CLOSED state.
2021-01-11 02:53:36,871 [ReplicationMonitor] INFO  container.ReplicationManager (ReplicationManager.java:sendCloseCommand(948)) - Sending close container command for container #1 to datanode 27072a30-1791-4eaf-beda-714f523a0d74{ip: 172.17.0.2, host: 4354df8493ff, networkLocation: /default-rack, certSerialId: null, persistedOpState: ENTERING_MAINTENANCE, persistedOpStateExpiryEpochSec: 0}.
2021-01-11 02:53:36,871 [ReplicationMonitor] INFO  container.ReplicationManager (ReplicationManager.java:sendCloseCommand(948)) - Sending close container command for container #1 to datanode 3bec4ab6-b9ad-4cb7-85d8-9f78f5912025{ip: 172.17.0.2, host: 4354df8493ff, networkLocation: /default-rack, certSerialId: null, persistedOpState: ENTERING_MAINTENANCE, persistedOpStateExpiryEpochSec: 0}.
2021-01-11 02:53:36,871 [ReplicationMonitor] INFO  container.ReplicationManager (ReplicationManager.java:sendCloseCommand(948)) - Sending close container command for container #1 to datanode 8fdece96-174e-440b-9c34-b82ee45bcc56{ip: 172.17.0.2, host: 4354df8493ff, networkLocation: /default-rack, certSerialId: null, persistedOpState: ENTERING_MAINTENANCE, persistedOpStateExpiryEpochSec: 0}.
2021-01-11 02:53:36,871 [ReplicationMonitor] INFO  container.ReplicationManager (ReplicationManager.java:forceCloseContainer(633)) - Force closing container #2 with BCSID 77, which is in QUASI_CLOSED state.
2021-01-11 02:53:36,871 [ReplicationMonitor] INFO  container.ReplicationManager (ReplicationManager.java:sendCloseCommand(948)) - Sending close container command for container #2 to datanode 27072a30-1791-4eaf-beda-714f523a0d74{ip: 172.17.0.2, host: 4354df8493ff, networkLocation: /default-rack, certSerialId: null, persistedOpState: ENTERING_MAINTENANCE, persistedOpStateExpiryEpochSec: 0}.
2021-01-11 02:53:36,871 [ReplicationMonitor] INFO  container.ReplicationManager (ReplicationManager.java:sendCloseCommand(948)) - Sending close container command for container #2 to datanode 8fdece96-174e-440b-9c34-b82ee45bcc56{ip: 172.17.0.2, host: 4354df8493ff, networkLocation: /default-rack, certSerialId: null, persistedOpState: ENTERING_MAINTENANCE, persistedOpStateExpiryEpochSec: 0}.
2021-01-11 02:53:36,871 [ReplicationMonitor] INFO  container.ReplicationManager (ReplicationManager.java:sendCloseCommand(948)) - Sending close container command for container #2 to datanode 3bec4ab6-b9ad-4cb7-85d8-9f78f5912025{ip: 172.17.0.2, host: 4354df8493ff, networkLocation: /default-rack, certSerialId: null, persistedOpState: ENTERING_MAINTENANCE, persistedOpStateExpiryEpochSec: 0}.
2021-01-11 02:53:36,871 [ReplicationMonitor] INFO  container.ReplicationManager (ReplicationManager.java:forceCloseContainer(633)) - Force closing container #3 with BCSID 69, which is in QUASI_CLOSED state.
2021-01-11 02:53:36,871 [ReplicationMonitor] INFO  container.ReplicationManager (ReplicationManager.java:sendCloseCommand(948)) - Sending close container command for container #3 to datanode 3bec4ab6-b9ad-4cb7-85d8-9f78f5912025{ip: 172.17.0.2, host: 4354df8493ff, networkLocation: /default-rack, certSerialId: null, persistedOpState: ENTERING_MAINTENANCE, persistedOpStateExpiryEpochSec: 0}.
2021-01-11 02:53:36,871 [ReplicationMonitor] INFO  container.ReplicationManager (ReplicationManager.java:sendCloseCommand(948)) - Sending close container command for container #3 to datanode 27072a30-1791-4eaf-beda-714f523a0d74{ip: 172.17.0.2, host: 4354df8493ff, networkLocation: /default-rack, certSerialId: null, persistedOpState: ENTERING_MAINTENANCE, persistedOpStateExpiryEpochSec: 0}.
2021-01-11 02:53:36,871 [ReplicationMonitor] INFO  container.ReplicationManager (ReplicationManager.java:sendCloseCommand(948)) - Sending close container command for container #3 to datanode 8fdece96-174e-440b-9c34-b82ee45bcc56{ip: 172.17.0.2, host: 4354df8493ff, networkLocation: /default-rack, certSerialId: null, persistedOpState: ENTERING_MAINTENANCE, persistedOpStateExpiryEpochSec: 0}.
2021-01-11 02:53:36,871 [ReplicationMonitor] INFO  container.ReplicationManager (ReplicationManager.java:run(250)) - Replication Monitor Thread took 1 milliseconds for processing 3 containers.
2021-01-11 02:53:37,025 [Command processor thread] INFO  keyvalue.KeyValueContainer (KeyValueContainer.java:flushAndSyncDB(388)) - Container 1 is synced with bcsId 73.
2021-01-11 02:53:37,025 [Command processor thread] INFO  keyvalue.KeyValueContainer (KeyValueContainer.java:flushAndSyncDB(388)) - Container 1 is synced with bcsId 73.
2021-01-11 02:53:37,027 [Command processor thread] INFO  keyvalue.KeyValueContainer (KeyValueContainer.java:close(326)) - Container 1 is closed with bcsId 73.
2021-01-11 02:53:37,027 [Command processor thread] INFO  keyvalue.KeyValueContainer (KeyValueContainer.java:flushAndSyncDB(388)) - Container 2 is synced with bcsId 77.
2021-01-11 02:53:37,027 [Command processor thread] INFO  keyvalue.KeyValueContainer (KeyValueContainer.java:flushAndSyncDB(388)) - Container 2 is synced with bcsId 77.
2021-01-11 02:53:37,028 [EventQueue-IncrementalContainerReportForIncrementalContainerReportHandler] INFO  container.IncrementalContainerReportHandler (AbstractContainerReportHandler.java:updateContainerState(241)) - Moving container #1 to CLOSED state, datanode 8fdece96-174e-440b-9c34-b82ee45bcc56{ip: 172.17.0.2, host: 4354df8493ff, networkLocation: /default-rack, certSerialId: null, persistedOpState: ENTERING_MAINTENANCE, persistedOpStateExpiryEpochSec: 0} reported CLOSED replica.
2021-01-11 02:53:37,029 [Command processor thread] INFO  keyvalue.KeyValueContainer (KeyValueContainer.java:close(326)) - Container 2 is closed with bcsId 77.
2021-01-11 02:53:37,029 [Command processor thread] INFO  keyvalue.KeyValueContainer (KeyValueContainer.java:flushAndSyncDB(388)) - Container 3 is synced with bcsId 69.
2021-01-11 02:53:37,029 [Command processor thread] INFO  keyvalue.KeyValueContainer (KeyValueContainer.java:flushAndSyncDB(388)) - Container 3 is synced with bcsId 69.
2021-01-11 02:53:37,030 [EventQueue-IncrementalContainerReportForIncrementalContainerReportHandler] INFO  container.IncrementalContainerReportHandler (AbstractContainerReportHandler.java:updateContainerState(241)) - Moving container #2 to CLOSED state, datanode 8fdece96-174e-440b-9c34-b82ee45bcc56{ip: 172.17.0.2, host: 4354df8493ff, networkLocation: /default-rack, certSerialId: null, persistedOpState: ENTERING_MAINTENANCE, persistedOpStateExpiryEpochSec: 0} reported CLOSED replica.
2021-01-11 02:53:37,030 [Command processor thread] INFO  keyvalue.KeyValueContainer (KeyValueContainer.java:close(326)) - Container 3 is closed with bcsId 69.
2021-01-11 02:53:37,031 [EventQueue-IncrementalContainerReportForIncrementalContainerReportHandler] INFO  container.IncrementalContainerReportHandler (AbstractContainerReportHandler.java:updateContainerState(241)) - Moving container #3 to CLOSED state, datanode 8fdece96-174e-440b-9c34-b82ee45bcc56{ip: 172.17.0.2, host: 4354df8493ff, networkLocation: /default-rack, certSerialId: null, persistedOpState: ENTERING_MAINTENANCE, persistedOpStateExpiryEpochSec: 0} reported CLOSED replica.
2021-01-11 02:53:37,043 [Command processor thread] INFO  keyvalue.KeyValueContainer (KeyValueContainer.java:flushAndSyncDB(388)) - Container 1 is synced with bcsId 73.
2021-01-11 02:53:37,044 [Command processor thread] INFO  keyvalue.KeyValueContainer (KeyValueContainer.java:flushAndSyncDB(388)) - Container 1 is synced with bcsId 73.
2021-01-11 02:53:37,045 [Command processor thread] INFO  keyvalue.KeyValueContainer (KeyValueContainer.java:close(326)) - Container 1 is closed with bcsId 73.
2021-01-11 02:53:37,045 [Command processor thread] INFO  keyvalue.KeyValueContainer (KeyValueContainer.java:flushAndSyncDB(388)) - Container 2 is synced with bcsId 77.
2021-01-11 02:53:37,045 [Command processor thread] INFO  keyvalue.KeyValueContainer (KeyValueContainer.java:flushAndSyncDB(388)) - Container 2 is synced with bcsId 77.
2021-01-11 02:53:37,047 [Command processor thread] INFO  keyvalue.KeyValueContainer (KeyValueContainer.java:close(326)) - Container 2 is closed with bcsId 77.
2021-01-11 02:53:37,047 [Command processor thread] INFO  keyvalue.KeyValueContainer (KeyValueContainer.java:flushAndSyncDB(388)) - Container 3 is synced with bcsId 69.
2021-01-11 02:53:37,047 [Command processor thread] INFO  keyvalue.KeyValueContainer (KeyValueContainer.java:flushAndSyncDB(388)) - Container 3 is synced with bcsId 69.
2021-01-11 02:53:37,048 [Command processor thread] INFO  keyvalue.KeyValueContainer (KeyValueContainer.java:close(326)) - Container 3 is closed with bcsId 69.
2021-01-11 02:53:37,116 [DatanodeAdminManager-0] INFO  node.DatanodeAdminMonitorImpl (DatanodeAdminMonitorImpl.java:checkContainersReplicatedOnNode(297)) - 27072a30-1791-4eaf-beda-714f523a0d74{ip: 172.17.0.2, host: 4354df8493ff, networkLocation: /default-rack, certSerialId: null, persistedOpState: ENTERING_MAINTENANCE, persistedOpStateExpiryEpochSec: 0} has 0 sufficientlyReplicated, 3 underReplicated and 0 unhealthy containers
2021-01-11 02:53:37,116 [DatanodeAdminManager-0] INFO  node.DatanodeAdminMonitorImpl (DatanodeAdminMonitorImpl.java:checkContainersReplicatedOnNode(297)) - 3bec4ab6-b9ad-4cb7-85d8-9f78f5912025{ip: 172.17.0.2, host: 4354df8493ff, networkLocation: /default-rack, certSerialId: null, persistedOpState: ENTERING_MAINTENANCE, persistedOpStateExpiryEpochSec: 0} has 0 sufficientlyReplicated, 3 underReplicated and 0 unhealthy containers
2021-01-11 02:53:37,116 [DatanodeAdminManager-0] INFO  node.DatanodeAdminMonitorImpl (DatanodeAdminMonitorImpl.java:checkContainersReplicatedOnNode(297)) - 8fdece96-174e-440b-9c34-b82ee45bcc56{ip: 172.17.0.2, host: 4354df8493ff, networkLocation: /default-rack, certSerialId: null, persistedOpState: ENTERING_MAINTENANCE, persistedOpStateExpiryEpochSec: 0} has 0 sufficientlyReplicated, 3 underReplicated and 0 unhealthy containers
2021-01-11 02:53:37,116 [DatanodeAdminManager-0] INFO  node.DatanodeAdminMonitorImpl (DatanodeAdminMonitorImpl.java:run(136)) - There are 3 nodes tracked for decommission and maintenance. 0 pending nodes.
2021-01-11 02:53:37,872 [ReplicationMonitor] INFO  container.ReplicationManager (ReplicationManager.java:handleUnderReplicatedContainer(722)) - Container #1 is under replicated. Expected replica count is 3, but found 1.
2021-01-11 02:53:37,872 [ReplicationMonitor] INFO  container.ReplicationManager (ReplicationManager.java:sendReplicateCommand(970)) - Sending replicate container command for container #1 to datanode 28c9ea05-fb6a-49bf-a2b4-fea96a178ae4{ip: 172.17.0.2, host: 4354df8493ff, networkLocation: /default-rack, certSerialId: null, persistedOpState: IN_SERVICE, persistedOpStateExpiryEpochSec: 0}
2021-01-11 02:53:37,872 [ReplicationMonitor] INFO  container.ReplicationManager (ReplicationManager.java:sendReplicateCommand(970)) - Sending replicate container command for container #1 to datanode 7bc8cf5a-9dee-415c-92cd-434f849c7ae8{ip: 172.17.0.2, host: 4354df8493ff, networkLocation: /default-rack, certSerialId: null, persistedOpState: IN_SERVICE, persistedOpStateExpiryEpochSec: 0}
2021-01-11 02:53:37,872 [ReplicationMonitor] INFO  container.ReplicationManager (ReplicationManager.java:handleUnderReplicatedContainer(722)) - Container #2 is under replicated. Expected replica count is 3, but found 1.
2021-01-11 02:53:37,872 [ReplicationMonitor] INFO  container.ReplicationManager (ReplicationManager.java:sendReplicateCommand(970)) - Sending replicate container command for container #2 to datanode 28c9ea05-fb6a-49bf-a2b4-fea96a178ae4{ip: 172.17.0.2, host: 4354df8493ff, networkLocation: /default-rack, certSerialId: null, persistedOpState: IN_SERVICE, persistedOpStateExpiryEpochSec: 0}
2021-01-11 02:53:37,872 [ReplicationMonitor] INFO  container.ReplicationManager (ReplicationManager.java:sendReplicateCommand(970)) - Sending replicate container command for container #2 to datanode d73afb6e-2f04-46f5-9d60-67fd948fc3fc{ip: 172.17.0.2, host: 4354df8493ff, networkLocation: /default-rack, certSerialId: null, persistedOpState: IN_SERVICE, persistedOpStateExpiryEpochSec: 0}
2021-01-11 02:53:37,872 [ReplicationMonitor] INFO  container.ReplicationManager (ReplicationManager.java:handleUnderReplicatedContainer(722)) - Container #3 is under replicated. Expected replica count is 3, but found 1.
2021-01-11 02:53:37,872 [ReplicationMonitor] INFO  container.ReplicationManager (ReplicationManager.java:sendReplicateCommand(970)) - Sending replicate container command for container #3 to datanode 7bc8cf5a-9dee-415c-92cd-434f849c7ae8{ip: 172.17.0.2, host: 4354df8493ff, networkLocation: /default-rack, certSerialId: null, persistedOpState: IN_SERVICE, persistedOpStateExpiryEpochSec: 0}
2021-01-11 02:53:37,872 [ReplicationMonitor] INFO  container.ReplicationManager (ReplicationManager.java:sendReplicateCommand(970)) - Sending replicate container command for container #3 to datanode 28c9ea05-fb6a-49bf-a2b4-fea96a178ae4{ip: 172.17.0.2, host: 4354df8493ff, networkLocation: /default-rack, certSerialId: null, persistedOpState: IN_SERVICE, persistedOpStateExpiryEpochSec: 0}
2021-01-11 02:53:37,872 [ReplicationMonitor] INFO  container.ReplicationManager (ReplicationManager.java:run(250)) - Replication Monitor Thread took 1 milliseconds for processing 3 containers.
2021-01-11 02:53:38,008 [Command processor thread] INFO  keyvalue.KeyValueContainer (KeyValueContainer.java:flushAndSyncDB(388)) - Container 1 is synced with bcsId 73.
2021-01-11 02:53:38,008 [Command processor thread] INFO  keyvalue.KeyValueContainer (KeyValueContainer.java:flushAndSyncDB(388)) - Container 1 is synced with bcsId 73.
2021-01-11 02:53:38,010 [Command processor thread] INFO  keyvalue.KeyValueContainer (KeyValueContainer.java:close(326)) - Container 1 is closed with bcsId 73.
2021-01-11 02:53:38,010 [Command processor thread] INFO  keyvalue.KeyValueContainer (KeyValueContainer.java:flushAndSyncDB(388)) - Container 2 is synced with bcsId 77.
2021-01-11 02:53:38,010 [Command processor thread] INFO  keyvalue.KeyValueContainer (KeyValueContainer.java:flushAndSyncDB(388)) - Container 2 is synced with bcsId 77.
2021-01-11 02:53:38,012 [Command processor thread] INFO  keyvalue.KeyValueContainer (KeyValueContainer.java:close(326)) - Container 2 is closed with bcsId 77.
2021-01-11 02:53:38,012 [Command processor thread] INFO  keyvalue.KeyValueContainer (KeyValueContainer.java:flushAndSyncDB(388)) - Container 3 is synced with bcsId 69.
2021-01-11 02:53:38,012 [Command processor thread] INFO  keyvalue.KeyValueContainer (KeyValueContainer.java:flushAndSyncDB(388)) - Container 3 is synced with bcsId 69.
2021-01-11 02:53:38,013 [Command processor thread] INFO  keyvalue.KeyValueContainer (KeyValueContainer.java:close(326)) - Container 3 is closed with bcsId 69.
2021-01-11 02:53:38,116 [DatanodeAdminManager-0] INFO  node.DatanodeAdminMonitorImpl (DatanodeAdminMonitorImpl.java:checkContainersReplicatedOnNode(297)) - 27072a30-1791-4eaf-beda-714f523a0d74{ip: 172.17.0.2, host: 4354df8493ff, networkLocation: /default-rack, certSerialId: null, persistedOpState: ENTERING_MAINTENANCE, persistedOpStateExpiryEpochSec: 0} has 0 sufficientlyReplicated, 3 underReplicated and 0 unhealthy containers
2021-01-11 02:53:38,116 [DatanodeAdminManager-0] INFO  node.DatanodeAdminMonitorImpl (DatanodeAdminMonitorImpl.java:checkContainersReplicatedOnNode(297)) - 3bec4ab6-b9ad-4cb7-85d8-9f78f5912025{ip: 172.17.0.2, host: 4354df8493ff, networkLocation: /default-rack, certSerialId: null, persistedOpState: ENTERING_MAINTENANCE, persistedOpStateExpiryEpochSec: 0} has 0 sufficientlyReplicated, 3 underReplicated and 0 unhealthy containers
2021-01-11 02:53:38,116 [DatanodeAdminManager-0] INFO  node.DatanodeAdminMonitorImpl (DatanodeAdminMonitorImpl.java:checkContainersReplicatedOnNode(297)) - 8fdece96-174e-440b-9c34-b82ee45bcc56{ip: 172.17.0.2, host: 4354df8493ff, networkLocation: /default-rack, certSerialId: null, persistedOpState: ENTERING_MAINTENANCE, persistedOpStateExpiryEpochSec: 0} has 0 sufficientlyReplicated, 3 underReplicated and 0 unhealthy containers
2021-01-11 02:53:38,116 [DatanodeAdminManager-0] INFO  node.DatanodeAdminMonitorImpl (DatanodeAdminMonitorImpl.java:run(136)) - There are 3 nodes tracked for decommission and maintenance. 0 pending nodes.
2021-01-11 02:53:38,873 [ReplicationMonitor] INFO  container.ReplicationManager (ReplicationManager.java:run(250)) - Replication Monitor Thread took 0 milliseconds for processing 3 containers.
2021-01-11 02:53:39,116 [DatanodeAdminManager-0] INFO  node.DatanodeAdminMonitorImpl (DatanodeAdminMonitorImpl.java:checkContainersReplicatedOnNode(297)) - 27072a30-1791-4eaf-beda-714f523a0d74{ip: 172.17.0.2, host: 4354df8493ff, networkLocation: /default-rack, certSerialId: null, persistedOpState: ENTERING_MAINTENANCE, persistedOpStateExpiryEpochSec: 0} has 0 sufficientlyReplicated, 3 underReplicated and 0 unhealthy containers
2021-01-11 02:53:39,116 [DatanodeAdminManager-0] INFO  node.DatanodeAdminMonitorImpl (DatanodeAdminMonitorImpl.java:checkContainersReplicatedOnNode(297)) - 3bec4ab6-b9ad-4cb7-85d8-9f78f5912025{ip: 172.17.0.2, host: 4354df8493ff, networkLocation: /default-rack, certSerialId: null, persistedOpState: ENTERING_MAINTENANCE, persistedOpStateExpiryEpochSec: 0} has 0 sufficientlyReplicated, 3 underReplicated and 0 unhealthy containers
2021-01-11 02:53:39,116 [DatanodeAdminManager-0] INFO  node.DatanodeAdminMonitorImpl (DatanodeAdminMonitorImpl.java:checkContainersReplicatedOnNode(297)) - 8fdece96-174e-440b-9c34-b82ee45bcc56{ip: 172.17.0.2, host: 4354df8493ff, networkLocation: /default-rack, certSerialId: null, persistedOpState: ENTERING_MAINTENANCE, persistedOpStateExpiryEpochSec: 0} has 0 sufficientlyReplicated, 3 underReplicated and 0 unhealthy containers
2021-01-11 02:53:39,117 [DatanodeAdminManager-0] INFO  node.DatanodeAdminMonitorImpl (DatanodeAdminMonitorImpl.java:run(136)) - There are 3 nodes tracked for decommission and maintenance. 0 pending nodes.
2021-01-11 02:53:39,719 [ContainerReplicationThread-0] INFO  replication.DownloadAndImportReplicator (DownloadAndImportReplicator.java:replicate(106)) - Starting replication of container 1 from [27072a30-1791-4eaf-beda-714f523a0d74{ip: 172.17.0.2, host: 4354df8493ff, networkLocation: /default-rack, certSerialId: null, persistedOpState: ENTERING_MAINTENANCE, persistedOpStateExpiryEpochSec: 0}, 3bec4ab6-b9ad-4cb7-85d8-9f78f5912025{ip: 172.17.0.2, host: 4354df8493ff, networkLocation: /default-rack, certSerialId: null, persistedOpState: ENTERING_MAINTENANCE, persistedOpStateExpiryEpochSec: 0}, 8fdece96-174e-440b-9c34-b82ee45bcc56{ip: 172.17.0.2, host: 4354df8493ff, networkLocation: /default-rack, certSerialId: null, persistedOpState: ENTERING_MAINTENANCE, persistedOpStateExpiryEpochSec: 0}]
2021-01-11 02:53:39,719 [ContainerReplicationThread-1] INFO  replication.DownloadAndImportReplicator (DownloadAndImportReplicator.java:replicate(106)) - Starting replication of container 2 from [27072a30-1791-4eaf-beda-714f523a0d74{ip: 172.17.0.2, host: 4354df8493ff, networkLocation: /default-rack, certSerialId: null, persistedOpState: ENTERING_MAINTENANCE, persistedOpStateExpiryEpochSec: 0}, 8fdece96-174e-440b-9c34-b82ee45bcc56{ip: 172.17.0.2, host: 4354df8493ff, networkLocation: /default-rack, certSerialId: null, persistedOpState: ENTERING_MAINTENANCE, persistedOpStateExpiryEpochSec: 0}, 3bec4ab6-b9ad-4cb7-85d8-9f78f5912025{ip: 172.17.0.2, host: 4354df8493ff, networkLocation: /default-rack, certSerialId: null, persistedOpState: ENTERING_MAINTENANCE, persistedOpStateExpiryEpochSec: 0}]
2021-01-11 02:53:39,719 [ContainerReplicationThread-2] INFO  replication.DownloadAndImportReplicator (DownloadAndImportReplicator.java:replicate(106)) - Starting replication of container 3 from [3bec4ab6-b9ad-4cb7-85d8-9f78f5912025{ip: 172.17.0.2, host: 4354df8493ff, networkLocation: /default-rack, certSerialId: null, persistedOpState: ENTERING_MAINTENANCE, persistedOpStateExpiryEpochSec: 0}, 27072a30-1791-4eaf-beda-714f523a0d74{ip: 172.17.0.2, host: 4354df8493ff, networkLocation: /default-rack, certSerialId: null, persistedOpState: ENTERING_MAINTENANCE, persistedOpStateExpiryEpochSec: 0}, 8fdece96-174e-440b-9c34-b82ee45bcc56{ip: 172.17.0.2, host: 4354df8493ff, networkLocation: /default-rack, certSerialId: null, persistedOpState: ENTERING_MAINTENANCE, persistedOpStateExpiryEpochSec: 0}]
2021-01-11 02:53:39,729 [grpc-default-executor-0] INFO  replication.GrpcReplicationService (GrpcReplicationService.java:download(52)) - Streaming container data (3) to other datanode
2021-01-11 02:53:39,730 [grpc-default-executor-11] INFO  replication.GrpcReplicationService (GrpcReplicationService.java:download(52)) - Streaming container data (2) to other datanode
2021-01-11 02:53:39,738 [ContainerReplicationThread-0] INFO  replication.DownloadAndImportReplicator (DownloadAndImportReplicator.java:replicate(106)) - Starting replication of container 2 from [27072a30-1791-4eaf-beda-714f523a0d74{ip: 172.17.0.2, host: 4354df8493ff, networkLocation: /default-rack, certSerialId: null, persistedOpState: ENTERING_MAINTENANCE, persistedOpStateExpiryEpochSec: 0}, 8fdece96-174e-440b-9c34-b82ee45bcc56{ip: 172.17.0.2, host: 4354df8493ff, networkLocation: /default-rack, certSerialId: null, persistedOpState: ENTERING_MAINTENANCE, persistedOpStateExpiryEpochSec: 0}, 3bec4ab6-b9ad-4cb7-85d8-9f78f5912025{ip: 172.17.0.2, host: 4354df8493ff, networkLocation: /default-rack, certSerialId: null, persistedOpState: ENTERING_MAINTENANCE, persistedOpStateExpiryEpochSec: 0}]
2021-01-11 02:53:39,740 [grpc-default-executor-0] INFO  replication.GrpcOutputStream (GrpcOutputStream.java:close(104)) - Sent 10461 bytes for container 3
2021-01-11 02:53:39,744 [grpc-default-executor-10] INFO  replication.GrpcReplicationService (GrpcReplicationService.java:download(52)) - Streaming container data (1) to other datanode
2021-01-11 02:53:39,746 [grpc-default-executor-0] INFO  replication.GrpcReplicationClient (GrpcReplicationClient.java:onCompleted(186)) - Container 3 is downloaded to /github/workspace/mnt/ozone/hadoop-ozone/integration-test/target/test-dir/MiniOzoneClusterImpl-135c514c-975b-43bb-8c7a-38bae9c970e3/datanode-5/data/replication/work/container-3.tar.gz
2021-01-11 02:53:39,751 [grpc-default-executor-11] INFO  replication.GrpcOutputStream (GrpcOutputStream.java:close(104)) - Sent 10529 bytes for container 2
2021-01-11 02:53:39,755 [grpc-default-executor-10] INFO  replication.GrpcOutputStream (GrpcOutputStream.java:close(104)) - Sent 10672 bytes for container 1
2021-01-11 02:53:39,753 [grpc-default-executor-9] INFO  replication.GrpcReplicationService (GrpcReplicationService.java:download(52)) - Streaming container data (2) to other datanode
2021-01-11 02:53:39,759 [grpc-default-executor-9] INFO  replication.GrpcOutputStream (GrpcOutputStream.java:close(104)) - Sent 10658 bytes for container 2
2021-01-11 02:53:39,759 [ContainerReplicationThread-2] INFO  replication.DownloadAndImportReplicator (DownloadAndImportReplicator.java:replicate(117)) - Container 3 is downloaded, starting to import.
2021-01-11 02:53:39,760 [grpc-default-executor-12] INFO  replication.GrpcReplicationClient (GrpcReplicationClient.java:onCompleted(186)) - Container 2 is downloaded to /github/workspace/mnt/ozone/hadoop-ozone/integration-test/target/test-dir/MiniOzoneClusterImpl-135c514c-975b-43bb-8c7a-38bae9c970e3/datanode-5/data/replication/work/container-2.tar.gz
2021-01-11 02:53:39,761 [grpc-default-executor-11] INFO  replication.GrpcReplicationClient (GrpcReplicationClient.java:onCompleted(186)) - Container 2 is downloaded to /github/workspace/mnt/ozone/hadoop-ozone/integration-test/target/test-dir/MiniOzoneClusterImpl-135c514c-975b-43bb-8c7a-38bae9c970e3/datanode-4/data/replication/work/container-2.tar.gz
2021-01-11 02:53:39,763 [ContainerReplicationThread-1] INFO  replication.DownloadAndImportReplicator (DownloadAndImportReplicator.java:replicate(117)) - Container 2 is downloaded, starting to import.
2021-01-11 02:53:39,763 [grpc-default-executor-9] INFO  replication.GrpcReplicationClient (GrpcReplicationClient.java:onCompleted(186)) - Container 1 is downloaded to /github/workspace/mnt/ozone/hadoop-ozone/integration-test/target/test-dir/MiniOzoneClusterImpl-135c514c-975b-43bb-8c7a-38bae9c970e3/datanode-5/data/replication/work/container-1.tar.gz
2021-01-11 02:53:39,765 [ContainerReplicationThread-0] INFO  replication.DownloadAndImportReplicator (DownloadAndImportReplicator.java:replicate(117)) - Container 2 is downloaded, starting to import.
2021-01-11 02:53:39,792 [ContainerReplicationThread-0] INFO  replication.DownloadAndImportReplicator (DownloadAndImportReplicator.java:replicate(117)) - Container 1 is downloaded, starting to import.
2021-01-11 02:53:39,795 [ContainerReplicationThread-2] INFO  replication.DownloadAndImportReplicator (DownloadAndImportReplicator.java:replicate(120)) - Container 3 is replicated successfully
2021-01-11 02:53:39,795 [ContainerReplicationThread-2] INFO  replication.ReplicationSupervisor (ReplicationSupervisor.java:run(147)) - Container 3 is replicated.
2021-01-11 02:53:39,824 [ContainerReplicationThread-0] INFO  replication.DownloadAndImportReplicator (DownloadAndImportReplicator.java:replicate(120)) - Container 2 is replicated successfully
2021-01-11 02:53:39,824 [ContainerReplicationThread-0] INFO  replication.ReplicationSupervisor (ReplicationSupervisor.java:run(147)) - Container 2 is replicated.
2021-01-11 02:53:39,825 [ContainerReplicationThread-1] INFO  replication.DownloadAndImportReplicator (DownloadAndImportReplicator.java:replicate(120)) - Container 2 is replicated successfully
2021-01-11 02:53:39,825 [ContainerReplicationThread-1] INFO  replication.ReplicationSupervisor (ReplicationSupervisor.java:run(147)) - Container 2 is replicated.
2021-01-11 02:53:39,830 [ContainerReplicationThread-0] INFO  replication.DownloadAndImportReplicator (DownloadAndImportReplicator.java:replicate(120)) - Container 1 is replicated successfully
2021-01-11 02:53:39,830 [ContainerReplicationThread-0] INFO  replication.ReplicationSupervisor (ReplicationSupervisor.java:run(147)) - Container 1 is replicated.
2021-01-11 02:53:39,873 [ReplicationMonitor] INFO  container.ReplicationManager (ReplicationManager.java:run(250)) - Replication Monitor Thread took 0 milliseconds for processing 3 containers.
2021-01-11 02:53:40,116 [DatanodeAdminManager-0] INFO  node.DatanodeAdminMonitorImpl (DatanodeAdminMonitorImpl.java:checkContainersReplicatedOnNode(297)) - 27072a30-1791-4eaf-beda-714f523a0d74{ip: 172.17.0.2, host: 4354df8493ff, networkLocation: /default-rack, certSerialId: null, persistedOpState: ENTERING_MAINTENANCE, persistedOpStateExpiryEpochSec: 0} has 0 sufficientlyReplicated, 3 underReplicated and 0 unhealthy containers
2021-01-11 02:53:40,116 [DatanodeAdminManager-0] INFO  node.DatanodeAdminMonitorImpl (DatanodeAdminMonitorImpl.java:checkContainersReplicatedOnNode(297)) - 3bec4ab6-b9ad-4cb7-85d8-9f78f5912025{ip: 172.17.0.2, host: 4354df8493ff, networkLocation: /default-rack, certSerialId: null, persistedOpState: ENTERING_MAINTENANCE, persistedOpStateExpiryEpochSec: 0} has 0 sufficientlyReplicated, 3 underReplicated and 0 unhealthy containers
2021-01-11 02:53:40,117 [DatanodeAdminManager-0] INFO  node.DatanodeAdminMonitorImpl (DatanodeAdminMonitorImpl.java:checkContainersReplicatedOnNode(297)) - 8fdece96-174e-440b-9c34-b82ee45bcc56{ip: 172.17.0.2, host: 4354df8493ff, networkLocation: /default-rack, certSerialId: null, persistedOpState: ENTERING_MAINTENANCE, persistedOpStateExpiryEpochSec: 0} has 0 sufficientlyReplicated, 3 underReplicated and 0 unhealthy containers
2021-01-11 02:53:40,117 [DatanodeAdminManager-0] INFO  node.DatanodeAdminMonitorImpl (DatanodeAdminMonitorImpl.java:run(136)) - There are 3 nodes tracked for decommission and maintenance. 0 pending nodes.
2021-01-11 02:53:40,864 [ContainerReplicationThread-0] INFO  replication.DownloadAndImportReplicator (DownloadAndImportReplicator.java:replicate(106)) - Starting replication of container 1 from [27072a30-1791-4eaf-beda-714f523a0d74{ip: 172.17.0.2, host: 4354df8493ff, networkLocation: /default-rack, certSerialId: null, persistedOpState: ENTERING_MAINTENANCE, persistedOpStateExpiryEpochSec: 0}, 3bec4ab6-b9ad-4cb7-85d8-9f78f5912025{ip: 172.17.0.2, host: 4354df8493ff, networkLocation: /default-rack, certSerialId: null, persistedOpState: ENTERING_MAINTENANCE, persistedOpStateExpiryEpochSec: 0}, 8fdece96-174e-440b-9c34-b82ee45bcc56{ip: 172.17.0.2, host: 4354df8493ff, networkLocation: /default-rack, certSerialId: null, persistedOpState: ENTERING_MAINTENANCE, persistedOpStateExpiryEpochSec: 0}]
2021-01-11 02:53:40,864 [ContainerReplicationThread-1] INFO  replication.DownloadAndImportReplicator (DownloadAndImportReplicator.java:replicate(106)) - Starting replication of container 3 from [3bec4ab6-b9ad-4cb7-85d8-9f78f5912025{ip: 172.17.0.2, host: 4354df8493ff, networkLocation: /default-rack, certSerialId: null, persistedOpState: ENTERING_MAINTENANCE, persistedOpStateExpiryEpochSec: 0}, 27072a30-1791-4eaf-beda-714f523a0d74{ip: 172.17.0.2, host: 4354df8493ff, networkLocation: /default-rack, certSerialId: null, persistedOpState: ENTERING_MAINTENANCE, persistedOpStateExpiryEpochSec: 0}, 8fdece96-174e-440b-9c34-b82ee45bcc56{ip: 172.17.0.2, host: 4354df8493ff, networkLocation: /default-rack, certSerialId: null, persistedOpState: ENTERING_MAINTENANCE, persistedOpStateExpiryEpochSec: 0}]
2021-01-11 02:53:40,870 [grpc-default-executor-9] INFO  replication.GrpcReplicationService (GrpcReplicationService.java:download(52)) - Streaming container data (1) to other datanode
2021-01-11 02:53:40,873 [grpc-default-executor-9] INFO  replication.GrpcOutputStream (GrpcOutputStream.java:close(104)) - Sent 10539 bytes for container 1
2021-01-11 02:53:40,873 [ReplicationMonitor] INFO  container.ReplicationManager (ReplicationManager.java:handleUnderReplicatedContainer(722)) - Container #1 is under replicated. Expected replica count is 3, but found 2.
2021-01-11 02:53:40,874 [ReplicationMonitor] INFO  container.ReplicationManager (ReplicationManager.java:sendReplicateCommand(970)) - Sending replicate container command for container #1 to datanode d73afb6e-2f04-46f5-9d60-67fd948fc3fc{ip: 172.17.0.2, host: 4354df8493ff, networkLocation: /default-rack, certSerialId: null, persistedOpState: IN_SERVICE, persistedOpStateExpiryEpochSec: 0}
2021-01-11 02:53:40,875 [ReplicationMonitor] INFO  container.ReplicationManager (ReplicationManager.java:run(250)) - Replication Monitor Thread took 2 milliseconds for processing 3 containers.
2021-01-11 02:53:40,876 [grpc-default-executor-9] INFO  replication.GrpcReplicationClient (GrpcReplicationClient.java:onCompleted(186)) - Container 1 is downloaded to /github/workspace/mnt/ozone/hadoop-ozone/integration-test/target/test-dir/MiniOzoneClusterImpl-135c514c-975b-43bb-8c7a-38bae9c970e3/datanode-3/data/replication/work/container-1.tar.gz
2021-01-11 02:53:40,877 [grpc-default-executor-11] INFO  replication.GrpcReplicationService (GrpcReplicationService.java:download(52)) - Streaming container data (3) to other datanode
2021-01-11 02:53:40,878 [ContainerReplicationThread-0] INFO  replication.DownloadAndImportReplicator (DownloadAndImportReplicator.java:replicate(117)) - Container 1 is downloaded, starting to import.
2021-01-11 02:53:40,912 [ContainerReplicationThread-0] INFO  replication.DownloadAndImportReplicator (DownloadAndImportReplicator.java:replicate(120)) - Container 1 is replicated successfully
2021-01-11 02:53:40,912 [ContainerReplicationThread-0] INFO  replication.ReplicationSupervisor (ReplicationSupervisor.java:run(147)) - Container 1 is replicated.
2021-01-11 02:53:40,915 [grpc-default-executor-11] INFO  replication.GrpcOutputStream (GrpcOutputStream.java:close(104)) - Sent 18289 bytes for container 3
2021-01-11 02:53:40,918 [grpc-default-executor-9] INFO  replication.GrpcReplicationClient (GrpcReplicationClient.java:onCompleted(186)) - Container 3 is downloaded to /github/workspace/mnt/ozone/hadoop-ozone/integration-test/target/test-dir/MiniOzoneClusterImpl-135c514c-975b-43bb-8c7a-38bae9c970e3/datanode-3/data/replication/work/container-3.tar.gz
2021-01-11 02:53:40,919 [ContainerReplicationThread-1] INFO  replication.DownloadAndImportReplicator (DownloadAndImportReplicator.java:replicate(117)) - Container 3 is downloaded, starting to import.
2021-01-11 02:53:40,942 [ContainerReplicationThread-1] INFO  replication.DownloadAndImportReplicator (DownloadAndImportReplicator.java:replicate(120)) - Container 3 is replicated successfully
2021-01-11 02:53:40,942 [ContainerReplicationThread-1] INFO  replication.ReplicationSupervisor (ReplicationSupervisor.java:run(147)) - Container 3 is replicated.
2021-01-11 02:53:41,116 [DatanodeAdminManager-0] INFO  node.DatanodeAdminMonitorImpl (DatanodeAdminMonitorImpl.java:checkContainersReplicatedOnNode(297)) - 27072a30-1791-4eaf-beda-714f523a0d74{ip: 172.17.0.2, host: 4354df8493ff, networkLocation: /default-rack, certSerialId: null, persistedOpState: ENTERING_MAINTENANCE, persistedOpStateExpiryEpochSec: 0} has 0 sufficientlyReplicated, 3 underReplicated and 0 unhealthy containers
2021-01-11 02:53:41,116 [DatanodeAdminManager-0] INFO  node.DatanodeAdminMonitorImpl (DatanodeAdminMonitorImpl.java:checkContainersReplicatedOnNode(297)) - 3bec4ab6-b9ad-4cb7-85d8-9f78f5912025{ip: 172.17.0.2, host: 4354df8493ff, networkLocation: /default-rack, certSerialId: null, persistedOpState: ENTERING_MAINTENANCE, persistedOpStateExpiryEpochSec: 0} has 0 sufficientlyReplicated, 3 underReplicated and 0 unhealthy containers
2021-01-11 02:53:41,116 [DatanodeAdminManager-0] INFO  node.DatanodeAdminMonitorImpl (DatanodeAdminMonitorImpl.java:checkContainersReplicatedOnNode(297)) - 8fdece96-174e-440b-9c34-b82ee45bcc56{ip: 172.17.0.2, host: 4354df8493ff, networkLocation: /default-rack, certSerialId: null, persistedOpState: ENTERING_MAINTENANCE, persistedOpStateExpiryEpochSec: 0} has 0 sufficientlyReplicated, 3 underReplicated and 0 unhealthy containers
2021-01-11 02:53:41,116 [DatanodeAdminManager-0] INFO  node.DatanodeAdminMonitorImpl (DatanodeAdminMonitorImpl.java:run(136)) - There are 3 nodes tracked for decommission and maintenance. 0 pending nodes.
2021-01-11 02:53:41,876 [ReplicationMonitor] INFO  container.ReplicationManager (ReplicationManager.java:run(250)) - Replication Monitor Thread took 0 milliseconds for processing 3 containers.
2021-01-11 02:53:42,116 [DatanodeAdminManager-0] INFO  node.DatanodeAdminMonitorImpl (DatanodeAdminMonitorImpl.java:checkContainersReplicatedOnNode(297)) - 27072a30-1791-4eaf-beda-714f523a0d74{ip: 172.17.0.2, host: 4354df8493ff, networkLocation: /default-rack, certSerialId: null, persistedOpState: ENTERING_MAINTENANCE, persistedOpStateExpiryEpochSec: 0} has 1 sufficientlyReplicated, 2 underReplicated and 0 unhealthy containers
2021-01-11 02:53:42,117 [DatanodeAdminManager-0] INFO  node.DatanodeAdminMonitorImpl (DatanodeAdminMonitorImpl.java:checkContainersReplicatedOnNode(297)) - 3bec4ab6-b9ad-4cb7-85d8-9f78f5912025{ip: 172.17.0.2, host: 4354df8493ff, networkLocation: /default-rack, certSerialId: null, persistedOpState: ENTERING_MAINTENANCE, persistedOpStateExpiryEpochSec: 0} has 1 sufficientlyReplicated, 2 underReplicated and 0 unhealthy containers
2021-01-11 02:53:42,117 [DatanodeAdminManager-0] INFO  node.DatanodeAdminMonitorImpl (DatanodeAdminMonitorImpl.java:checkContainersReplicatedOnNode(297)) - 8fdece96-174e-440b-9c34-b82ee45bcc56{ip: 172.17.0.2, host: 4354df8493ff, networkLocation: /default-rack, certSerialId: null, persistedOpState: ENTERING_MAINTENANCE, persistedOpStateExpiryEpochSec: 0} has 1 sufficientlyReplicated, 2 underReplicated and 0 unhealthy containers
2021-01-11 02:53:42,117 [DatanodeAdminManager-0] INFO  node.DatanodeAdminMonitorImpl (DatanodeAdminMonitorImpl.java:run(136)) - There are 3 nodes tracked for decommission and maintenance. 0 pending nodes.
2021-01-11 02:53:42,824 [ContainerReplicationThread-1] INFO  replication.DownloadAndImportReplicator (DownloadAndImportReplicator.java:replicate(106)) - Starting replication of container 1 from [27072a30-1791-4eaf-beda-714f523a0d74{ip: 172.17.0.2, host: 4354df8493ff, networkLocation: /default-rack, certSerialId: null, persistedOpState: ENTERING_MAINTENANCE, persistedOpStateExpiryEpochSec: 0}, 3bec4ab6-b9ad-4cb7-85d8-9f78f5912025{ip: 172.17.0.2, host: 4354df8493ff, networkLocation: /default-rack, certSerialId: null, persistedOpState: ENTERING_MAINTENANCE, persistedOpStateExpiryEpochSec: 0}, 8fdece96-174e-440b-9c34-b82ee45bcc56{ip: 172.17.0.2, host: 4354df8493ff, networkLocation: /default-rack, certSerialId: null, persistedOpState: ENTERING_MAINTENANCE, persistedOpStateExpiryEpochSec: 0}]
2021-01-11 02:53:42,829 [grpc-default-executor-9] INFO  replication.GrpcReplicationService (GrpcReplicationService.java:download(52)) - Streaming container data (1) to other datanode
2021-01-11 02:53:42,847 [grpc-default-executor-9] INFO  replication.GrpcOutputStream (GrpcOutputStream.java:close(104)) - Sent 18440 bytes for container 1
2021-01-11 02:53:42,849 [grpc-default-executor-9] INFO  replication.GrpcReplicationClient (GrpcReplicationClient.java:onCompleted(186)) - Container 1 is downloaded to /github/workspace/mnt/ozone/hadoop-ozone/integration-test/target/test-dir/MiniOzoneClusterImpl-135c514c-975b-43bb-8c7a-38bae9c970e3/datanode-4/data/replication/work/container-1.tar.gz
2021-01-11 02:53:42,854 [ContainerReplicationThread-1] INFO  replication.DownloadAndImportReplicator (DownloadAndImportReplicator.java:replicate(117)) - Container 1 is downloaded, starting to import.
2021-01-11 02:53:42,869 [ContainerReplicationThread-1] INFO  replication.DownloadAndImportReplicator (DownloadAndImportReplicator.java:replicate(120)) - Container 1 is replicated successfully
2021-01-11 02:53:42,869 [ContainerReplicationThread-1] INFO  replication.ReplicationSupervisor (ReplicationSupervisor.java:run(147)) - Container 1 is replicated.
2021-01-11 02:53:42,876 [ReplicationMonitor] INFO  container.ReplicationManager (ReplicationManager.java:handleUnderReplicatedContainer(722)) - Container #3 is under replicated. Expected replica count is 3, but found 2.
2021-01-11 02:53:42,876 [ReplicationMonitor] INFO  container.ReplicationManager (ReplicationManager.java:sendReplicateCommand(970)) - Sending replicate container command for container #3 to datanode 7bc8cf5a-9dee-415c-92cd-434f849c7ae8{ip: 172.17.0.2, host: 4354df8493ff, networkLocation: /default-rack, certSerialId: null, persistedOpState: IN_SERVICE, persistedOpStateExpiryEpochSec: 0}
2021-01-11 02:53:42,876 [ReplicationMonitor] INFO  container.ReplicationManager (ReplicationManager.java:run(250)) - Replication Monitor Thread took 0 milliseconds for processing 3 containers.
2021-01-11 02:53:43,116 [DatanodeAdminManager-0] INFO  node.DatanodeAdminMonitorImpl (DatanodeAdminMonitorImpl.java:checkContainersReplicatedOnNode(297)) - 27072a30-1791-4eaf-beda-714f523a0d74{ip: 172.17.0.2, host: 4354df8493ff, networkLocation: /default-rack, certSerialId: null, persistedOpState: ENTERING_MAINTENANCE, persistedOpStateExpiryEpochSec: 0} has 3 sufficientlyReplicated, 0 underReplicated and 0 unhealthy containers
2021-01-11 02:53:43,116 [DatanodeAdminManager-0] INFO  node.DatanodeAdminMonitorImpl (DatanodeAdminMonitorImpl.java:putIntoMaintenance(313)) - Datanode 27072a30-1791-4eaf-beda-714f523a0d74{ip: 172.17.0.2, host: 4354df8493ff, networkLocation: /default-rack, certSerialId: null, persistedOpState: ENTERING_MAINTENANCE, persistedOpStateExpiryEpochSec: 0} has entered maintenance
2021-01-11 02:53:43,117 [DatanodeAdminManager-0] INFO  node.DatanodeAdminMonitorImpl (DatanodeAdminMonitorImpl.java:checkContainersReplicatedOnNode(297)) - 3bec4ab6-b9ad-4cb7-85d8-9f78f5912025{ip: 172.17.0.2, host: 4354df8493ff, networkLocation: /default-rack, certSerialId: null, persistedOpState: ENTERING_MAINTENANCE, persistedOpStateExpiryEpochSec: 0} has 3 sufficientlyReplicated, 0 underReplicated and 0 unhealthy containers
2021-01-11 02:53:43,117 [DatanodeAdminManager-0] INFO  node.DatanodeAdminMonitorImpl (DatanodeAdminMonitorImpl.java:putIntoMaintenance(313)) - Datanode 3bec4ab6-b9ad-4cb7-85d8-9f78f5912025{ip: 172.17.0.2, host: 4354df8493ff, networkLocation: /default-rack, certSerialId: null, persistedOpState: ENTERING_MAINTENANCE, persistedOpStateExpiryEpochSec: 0} has entered maintenance
2021-01-11 02:53:43,117 [DatanodeAdminManager-0] INFO  node.DatanodeAdminMonitorImpl (DatanodeAdminMonitorImpl.java:checkContainersReplicatedOnNode(297)) - 8fdece96-174e-440b-9c34-b82ee45bcc56{ip: 172.17.0.2, host: 4354df8493ff, networkLocation: /default-rack, certSerialId: null, persistedOpState: ENTERING_MAINTENANCE, persistedOpStateExpiryEpochSec: 0} has 3 sufficientlyReplicated, 0 underReplicated and 0 unhealthy containers
2021-01-11 02:53:43,117 [DatanodeAdminManager-0] INFO  node.DatanodeAdminMonitorImpl (DatanodeAdminMonitorImpl.java:putIntoMaintenance(313)) - Datanode 8fdece96-174e-440b-9c34-b82ee45bcc56{ip: 172.17.0.2, host: 4354df8493ff, networkLocation: /default-rack, certSerialId: null, persistedOpState: ENTERING_MAINTENANCE, persistedOpStateExpiryEpochSec: 0} has entered maintenance
2021-01-11 02:53:43,117 [DatanodeAdminManager-0] INFO  node.DatanodeAdminMonitorImpl (DatanodeAdminMonitorImpl.java:run(136)) - There are 3 nodes tracked for decommission and maintenance. 0 pending nodes.
2021-01-11 02:53:43,199 [Listener at 0.0.0.0/44251] INFO  ozone.MiniOzoneClusterImpl (MiniOzoneClusterImpl.java:shutdown(389)) - Shutting down the Mini Ozone Cluster
2021-01-11 02:53:43,199 [Listener at 0.0.0.0/44251] INFO  ozone.MiniOzoneClusterImpl (MiniOzoneClusterImpl.java:stop(404)) - Stopping the Mini Ozone Cluster
2021-01-11 02:53:43,199 [Listener at 0.0.0.0/44251] INFO  ozone.MiniOzoneClusterImpl (MiniOzoneClusterImpl.java:stopOM(486)) - Stopping the OzoneManager
2021-01-11 02:53:43,199 [Listener at 0.0.0.0/44251] INFO  ipc.Server (Server.java:stop(3359)) - Stopping server on 36003
2021-01-11 02:53:43,203 [IPC Server listener on 0] INFO  ipc.Server (Server.java:run(1330)) - Stopping IPC Server listener on 0
2021-01-11 02:53:43,203 [IPC Server Responder] INFO  ipc.Server (Server.java:run(1465)) - Stopping IPC Server Responder
2021-01-11 02:53:43,203 [Listener at 0.0.0.0/44251] INFO  ratis.OzoneManagerDoubleBuffer (OzoneManagerDoubleBuffer.java:stop(425)) - Stopping OMDoubleBuffer flush thread
2021-01-11 02:53:43,203 [OMDoubleBufferFlushThread] INFO  ratis.OzoneManagerDoubleBuffer (OzoneManagerDoubleBuffer.java:flushTransactions(352)) - OMDoubleBuffer flush thread OMDoubleBufferFlushThread is interrupted and will exit. OMDoubleBufferFlushThread
2021-01-11 02:53:43,203 [Listener at 0.0.0.0/44251] INFO  utils.BackgroundService (BackgroundService.java:shutdown(132)) - Shutting down service KeyDeletingService
2021-01-11 02:53:43,204 [Listener at 0.0.0.0/44251] INFO  handler.ContextHandler (ContextHandler.java:doStop(1154)) - Stopped o.e.j.w.WebAppContext@3b0f98c6{ozoneManager,/,null,STOPPED}{file:/github/workspace/mnt/ozone/hadoop-ozone/integration-test/target/test-classes/webapps/ozoneManager}
2021-01-11 02:53:43,205 [Listener at 0.0.0.0/44251] INFO  server.AbstractConnector (AbstractConnector.java:doStop(381)) - Stopped ServerConnector@216ccf2c{HTTP/1.1, (http/1.1)}{0.0.0.0:0}
2021-01-11 02:53:43,205 [Listener at 0.0.0.0/44251] INFO  server.session (HouseKeeper.java:stopScavenging(149)) - node0 Stopped scavenging
2021-01-11 02:53:43,205 [Listener at 0.0.0.0/44251] INFO  handler.ContextHandler (ContextHandler.java:doStop(1154)) - Stopped o.e.j.s.ServletContextHandler@2126610{static,/static,file:///github/workspace/mnt/ozone/hadoop-ozone/integration-test/target/test-classes/webapps/static,STOPPED}
2021-01-11 02:53:43,205 [Listener at 0.0.0.0/44251] INFO  handler.ContextHandler (ContextHandler.java:doStop(1154)) - Stopped o.e.j.s.ServletContextHandler@4dc68ffe{logs,/logs,file:///github/workspace/mnt/ozone/hadoop-ozone/integration-test/target/log,STOPPED}
2021-01-11 02:53:43,206 [Listener at 0.0.0.0/44251] INFO  ozone.MiniOzoneClusterImpl (MiniOzoneClusterImpl.java:stopDatanodes(463)) - Stopping the HddsDatanodes
2021-01-11 02:53:43,877 [ReplicationMonitor] INFO  container.ReplicationManager (ReplicationManager.java:run(250)) - Replication Monitor Thread took 0 milliseconds for processing 3 containers.
2021-01-11 02:53:43,942 [Datanode State Machine Thread - 0] INFO  statemachine.DatanodeStateMachine (DatanodeStateMachine.java:lambda$startDaemon$0(408)) - Ozone container server started.
2021-01-11 02:53:43,945 [Datanode State Machine Thread - 0] INFO  statemachine.DatanodeStateMachine (DatanodeStateMachine.java:lambda$startDaemon$0(408)) - Ozone container server started.
2021-01-11 02:53:43,945 [ForkJoinPool.commonPool-worker-0] INFO  ozoneimpl.OzoneContainer (OzoneContainer.java:stop(273)) - Attempting to stop container services.
2021-01-11 02:53:43,945 [ForkJoinPool.commonPool-worker-0] INFO  server.RaftServer (RaftServerProxy.java:lambda$close$6(389)) - 27072a30-1791-4eaf-beda-714f523a0d74: close
2021-01-11 02:53:43,946 [ForkJoinPool.commonPool-worker-0] INFO  server.GrpcService (GrpcService.java:closeImpl(183)) - 27072a30-1791-4eaf-beda-714f523a0d74: shutdown server with port 41503 now
2021-01-11 02:53:43,947 [grpc-default-executor-11] WARN  client.GrpcClientProtocolService (LogUtils.java:warn(122)) - 1-UnorderedRequestStreamObserver1: onError: org.apache.ratis.thirdparty.io.grpc.StatusRuntimeException: CANCELLED: cancelled before receiving half close
2021-01-11 02:53:43,952 [ForkJoinPool.commonPool-worker-0] INFO  server.GrpcService (GrpcService.java:closeImpl(192)) - 27072a30-1791-4eaf-beda-714f523a0d74: shutdown server with port 41503 successfully
2021-01-11 02:53:43,952 [org.apache.ratis.util.JvmPauseMonitor$$Lambda$220/1349812019@106cbc3] INFO  util.JvmPauseMonitor (JvmPauseMonitor.java:run(109)) - JvmPauseMonitor-27072a30-1791-4eaf-beda-714f523a0d74: Stopped
2021-01-11 02:53:43,955 [ForkJoinPool.commonPool-worker-0] INFO  utils.BackgroundService (BackgroundService.java:shutdown(132)) - Shutting down service BlockDeletingService
2021-01-11 02:53:43,957 [ForkJoinPool.commonPool-worker-0] INFO  statemachine.DatanodeStateMachine (DatanodeStateMachine.java:stopDaemon(461)) - Ozone container server stopped.
2021-01-11 02:53:43,965 [ForkJoinPool.commonPool-worker-0] INFO  handler.ContextHandler (ContextHandler.java:doStop(1154)) - Stopped o.e.j.w.WebAppContext@2423aa4a{hddsDatanode,/,null,STOPPED}{jar:file:/home/user/.m2/repository/org/apache/hadoop/hadoop-hdds-container-service/1.1.0-SNAPSHOT/hadoop-hdds-container-service-1.1.0-SNAPSHOT.jar!/webapps/hddsDatanode}
2021-01-11 02:53:43,965 [ForkJoinPool.commonPool-worker-0] INFO  server.AbstractConnector (AbstractConnector.java:doStop(381)) - Stopped ServerConnector@11f18d60{HTTP/1.1, (http/1.1)}{0.0.0.0:0}
2021-01-11 02:53:43,966 [ForkJoinPool.commonPool-worker-0] INFO  server.session (HouseKeeper.java:stopScavenging(149)) - node0 Stopped scavenging
2021-01-11 02:53:43,966 [ForkJoinPool.commonPool-worker-0] INFO  handler.ContextHandler (ContextHandler.java:doStop(1154)) - Stopped o.e.j.s.ServletContextHandler@2c5ff4a5{static,/static,jar:file:/home/user/.m2/repository/org/apache/hadoop/hadoop-hdds-container-service/1.1.0-SNAPSHOT/hadoop-hdds-container-service-1.1.0-SNAPSHOT.jar!/webapps/static,STOPPED}
2021-01-11 02:53:43,967 [ForkJoinPool.commonPool-worker-0] INFO  handler.ContextHandler (ContextHandler.java:doStop(1154)) - Stopped o.e.j.s.ServletContextHandler@62b17f08{logs,/logs,file:///github/workspace/mnt/ozone/hadoop-ozone/integration-test/target/log,STOPPED}
2021-01-11 02:53:44,013 [Datanode State Machine Thread - 0] INFO  statemachine.DatanodeStateMachine (DatanodeStateMachine.java:lambda$startDaemon$0(408)) - Ozone container server started.
2021-01-11 02:53:44,030 [IPC Server handler 13 on default port 40965] INFO  node.SCMNodeManager (SCMNodeManager.java:updateDatanodeOpState(419)) - Scheduling a command to update the operationalState persisted on the datanode as the reported value (ENTERING_MAINTENANCE, 0) does not match the value stored in SCM (IN_MAINTENANCE, 0)
2021-01-11 02:53:44,116 [DatanodeAdminManager-0] INFO  node.DatanodeAdminMonitorImpl (DatanodeAdminMonitorImpl.java:run(136)) - There are 3 nodes tracked for decommission and maintenance. 0 pending nodes.
2021-01-11 02:53:44,383 [Listener at 0.0.0.0/44251] INFO  ozoneimpl.OzoneContainer (OzoneContainer.java:stop(273)) - Attempting to stop container services.
2021-01-11 02:53:44,384 [Listener at 0.0.0.0/44251] INFO  server.RaftServer (RaftServerProxy.java:lambda$close$6(389)) - 7bc8cf5a-9dee-415c-92cd-434f849c7ae8: close
2021-01-11 02:53:44,384 [Listener at 0.0.0.0/44251] INFO  server.RaftServer$Division (RaftServerImpl.java:lambda$close$4(405)) - 7bc8cf5a-9dee-415c-92cd-434f849c7ae8@group-93297CC8D484: shutdown
2021-01-11 02:53:44,384 [Listener at 0.0.0.0/44251] INFO  util.JmxRegister (JmxRegister.java:unregister(73)) - Successfully un-registered JMX Bean with object name Ratis:service=RaftServer,group=group-93297CC8D484,id=7bc8cf5a-9dee-415c-92cd-434f849c7ae8
2021-01-11 02:53:44,384 [Listener at 0.0.0.0/44251] INFO  impl.RoleInfo (RoleInfo.java:shutdownLeaderState(91)) - 7bc8cf5a-9dee-415c-92cd-434f849c7ae8: shutdown 7bc8cf5a-9dee-415c-92cd-434f849c7ae8@group-93297CC8D484-LeaderStateImpl
2021-01-11 02:53:44,384 [Listener at 0.0.0.0/44251] INFO  metrics.RatisMetrics (RatisMetrics.java:unregister(43)) - Unregistering Metrics Registry : ratis_grpc.log_appender.7bc8cf5a-9dee-415c-92cd-434f849c7ae8@group-93297CC8D484
2021-01-11 02:53:44,385 [Listener at 0.0.0.0/44251] INFO  metrics.RatisMetrics (RatisMetrics.java:unregister(43)) - Unregistering Metrics Registry : ratis_grpc.log_appender.7bc8cf5a-9dee-415c-92cd-434f849c7ae8@group-93297CC8D484
2021-01-11 02:53:44,385 [7bc8cf5a-9dee-415c-92cd-434f849c7ae8@group-93297CC8D484->d73afb6e-2f04-46f5-9d60-67fd948fc3fc-GrpcLogAppender-LogAppenderDaemon] WARN  server.GrpcLogAppender (GrpcLogAppender.java:mayWait(175)) - 7bc8cf5a-9dee-415c-92cd-434f849c7ae8@group-93297CC8D484->d73afb6e-2f04-46f5-9d60-67fd948fc3fc-GrpcLogAppender: Wait interrupted by java.lang.InterruptedException
2021-01-11 02:53:44,385 [7bc8cf5a-9dee-415c-92cd-434f849c7ae8@group-93297CC8D484->28c9ea05-fb6a-49bf-a2b4-fea96a178ae4-GrpcLogAppender-LogAppenderDaemon] WARN  server.GrpcLogAppender (GrpcLogAppender.java:mayWait(175)) - 7bc8cf5a-9dee-415c-92cd-434f849c7ae8@group-93297CC8D484->28c9ea05-fb6a-49bf-a2b4-fea96a178ae4-GrpcLogAppender: Wait interrupted by java.lang.InterruptedException
2021-01-11 02:53:44,385 [grpc-default-executor-9] INFO  server.GrpcServerProtocolService (GrpcServerProtocolService.java:onCompleted(138)) - d73afb6e-2f04-46f5-9d60-67fd948fc3fc: Completed APPEND_ENTRIES, lastRequest: 7bc8cf5a-9dee-415c-92cd-434f849c7ae8->d73afb6e-2f04-46f5-9d60-67fd948fc3fc#1-t1,previous=(t:0, i:0),leaderCommit=0,initializing? true,entries: size=1, first=(t:1, i:0), CONFIGURATIONENTRY
2021-01-11 02:53:44,385 [grpc-default-executor-11] INFO  server.GrpcServerProtocolService (GrpcServerProtocolService.java:onCompleted(138)) - 28c9ea05-fb6a-49bf-a2b4-fea96a178ae4: Completed APPEND_ENTRIES, lastRequest: 7bc8cf5a-9dee-415c-92cd-434f849c7ae8->28c9ea05-fb6a-49bf-a2b4-fea96a178ae4#1-t1,previous=(t:0, i:0),leaderCommit=0,initializing? true,entries: size=1, first=(t:1, i:0), CONFIGURATIONENTRY
2021-01-11 02:53:44,385 [Listener at 0.0.0.0/44251] INFO  impl.PendingRequests (PendingRequests.java:sendNotLeaderResponses(249)) - 7bc8cf5a-9dee-415c-92cd-434f849c7ae8@group-93297CC8D484-PendingRequests: sendNotLeaderResponses
2021-01-11 02:53:44,386 [Listener at 0.0.0.0/44251] INFO  metrics.RatisMetrics (RatisMetrics.java:unregister(43)) - Unregistering Metrics Registry : ratis.log_appender.7bc8cf5a-9dee-415c-92cd-434f849c7ae8@group-93297CC8D484
2021-01-11 02:53:44,386 [Listener at 0.0.0.0/44251] INFO  metrics.RatisMetrics (RatisMetrics.java:unregister(43)) - Unregistering Metrics Registry : ratis.server.7bc8cf5a-9dee-415c-92cd-434f849c7ae8@group-93297CC8D484
2021-01-11 02:53:44,389 [grpc-default-executor-9] INFO  server.GrpcLogAppender (GrpcLogAppender.java:onCompleted(344)) - 7bc8cf5a-9dee-415c-92cd-434f849c7ae8@group-93297CC8D484->d73afb6e-2f04-46f5-9d60-67fd948fc3fc-AppendLogResponseHandler: follower responses appendEntries COMPLETED
2021-01-11 02:53:44,389 [grpc-default-executor-9] INFO  leader.FollowerInfo (FollowerInfoImpl.java:lambda$new$0(46)) - 7bc8cf5a-9dee-415c-92cd-434f849c7ae8@group-93297CC8D484->d73afb6e-2f04-46f5-9d60-67fd948fc3fc: nextIndex: updateUnconditionally 1 -> 0
2021-01-11 02:53:44,390 [Listener at 0.0.0.0/44251] INFO  impl.StateMachineUpdater (StateMachineUpdater.java:stopAndJoin(148)) - 7bc8cf5a-9dee-415c-92cd-434f849c7ae8@group-93297CC8D484-StateMachineUpdater: set stopIndex = 0
2021-01-11 02:53:44,390 [grpc-default-executor-9] INFO  server.GrpcLogAppender (GrpcLogAppender.java:onCompleted(344)) - 7bc8cf5a-9dee-415c-92cd-434f849c7ae8@group-93297CC8D484->28c9ea05-fb6a-49bf-a2b4-fea96a178ae4-AppendLogResponseHandler: follower responses appendEntries COMPLETED
2021-01-11 02:53:44,391 [grpc-default-executor-9] INFO  leader.FollowerInfo (FollowerInfoImpl.java:lambda$new$0(46)) - 7bc8cf5a-9dee-415c-92cd-434f849c7ae8@group-93297CC8D484->28c9ea05-fb6a-49bf-a2b4-fea96a178ae4: nextIndex: updateUnconditionally 1 -> 0
2021-01-11 02:53:44,391 [7bc8cf5a-9dee-415c-92cd-434f849c7ae8@group-93297CC8D484-StateMachineUpdater] INFO  ratis.ContainerStateMachine (ContainerStateMachine.java:takeSnapshot(291)) - group-93297CC8D484: Taking a snapshot at:(t:1, i:0) file /github/workspace/mnt/ozone/hadoop-ozone/integration-test/target/test-dir/MiniOzoneClusterImpl-135c514c-975b-43bb-8c7a-38bae9c970e3/datanode-3/data/ratis/7f8dc46e-9249-4e9b-81b5-93297cc8d484/sm/snapshot.1_0
2021-01-11 02:53:44,391 [7bc8cf5a-9dee-415c-92cd-434f849c7ae8@group-93297CC8D484-StateMachineUpdater] INFO  ratis.ContainerStateMachine (ContainerStateMachine.java:takeSnapshot(302)) - group-93297CC8D484: Finished taking a snapshot at:(t:1, i:0) file:/github/workspace/mnt/ozone/hadoop-ozone/integration-test/target/test-dir/MiniOzoneClusterImpl-135c514c-975b-43bb-8c7a-38bae9c970e3/datanode-3/data/ratis/7f8dc46e-9249-4e9b-81b5-93297cc8d484/sm/snapshot.1_0 took: 0 ms
2021-01-11 02:53:44,392 [7bc8cf5a-9dee-415c-92cd-434f849c7ae8@group-93297CC8D484-StateMachineUpdater] INFO  impl.StateMachineUpdater (StateMachineUpdater.java:takeSnapshot(279)) - 7bc8cf5a-9dee-415c-92cd-434f849c7ae8@group-93297CC8D484-StateMachineUpdater: Took a snapshot at index 0
2021-01-11 02:53:44,392 [7bc8cf5a-9dee-415c-92cd-434f849c7ae8@group-93297CC8D484-StateMachineUpdater] INFO  impl.StateMachineUpdater (StateMachineUpdater.java:lambda$new$0(88)) - 7bc8cf5a-9dee-415c-92cd-434f849c7ae8@group-93297CC8D484-StateMachineUpdater: snapshotIndex: updateIncreasingly -1 -> 0
2021-01-11 02:53:44,392 [7bc8cf5a-9dee-415c-92cd-434f849c7ae8@group-93297CC8D484-StateMachineUpdater] INFO  metrics.RatisMetrics (RatisMetrics.java:unregister(43)) - Unregistering Metrics Registry : ratis.state_machine.7bc8cf5a-9dee-415c-92cd-434f849c7ae8@group-93297CC8D484
2021-01-11 02:53:44,392 [Listener at 0.0.0.0/44251] INFO  server.RaftServer$Division (ServerState.java:close(400)) - 7bc8cf5a-9dee-415c-92cd-434f849c7ae8@group-93297CC8D484: closes. applyIndex: 0
2021-01-11 02:53:44,392 [7bc8cf5a-9dee-415c-92cd-434f849c7ae8@group-93297CC8D484-SegmentedRaftLogWorker] INFO  segmented.SegmentedRaftLogWorker (SegmentedRaftLogWorker.java:run(326)) - 7bc8cf5a-9dee-415c-92cd-434f849c7ae8@group-93297CC8D484-SegmentedRaftLogWorker was interrupted, exiting. There are 0 tasks remaining in the queue.
2021-01-11 02:53:44,394 [Listener at 0.0.0.0/44251] INFO  segmented.SegmentedRaftLogWorker (SegmentedRaftLogWorker.java:close(236)) - 7bc8cf5a-9dee-415c-92cd-434f849c7ae8@group-93297CC8D484-SegmentedRaftLogWorker close()
2021-01-11 02:53:44,394 [Listener at 0.0.0.0/44251] INFO  metrics.RatisMetrics (RatisMetrics.java:unregister(43)) - Unregistering Metrics Registry : ratis.log_worker.7bc8cf5a-9dee-415c-92cd-434f849c7ae8@group-93297CC8D484
2021-01-11 02:53:44,394 [Listener at 0.0.0.0/44251] INFO  metrics.RatisMetrics (RatisMetrics.java:unregister(43)) - Unregistering Metrics Registry : ratis.leader_election.7bc8cf5a-9dee-415c-92cd-434f849c7ae8@group-93297CC8D484
2021-01-11 02:53:44,394 [Listener at 0.0.0.0/44251] INFO  metrics.RatisMetrics (RatisMetrics.java:unregister(43)) - Unregistering Metrics Registry : ratis.server.7bc8cf5a-9dee-415c-92cd-434f849c7ae8@group-93297CC8D484
2021-01-11 02:53:44,395 [Listener at 0.0.0.0/44251] INFO  server.RaftServer$Division (RaftServerImpl.java:lambda$close$4(405)) - 7bc8cf5a-9dee-415c-92cd-434f849c7ae8@group-92EB30401BFB: shutdown
2021-01-11 02:53:44,395 [Listener at 0.0.0.0/44251] INFO  util.JmxRegister (JmxRegister.java:unregister(73)) - Successfully un-registered JMX Bean with object name Ratis:service=RaftServer,group=group-92EB30401BFB,id=7bc8cf5a-9dee-415c-92cd-434f849c7ae8
2021-01-11 02:53:44,395 [Listener at 0.0.0.0/44251] INFO  impl.RoleInfo (RoleInfo.java:shutdownLeaderState(91)) - 7bc8cf5a-9dee-415c-92cd-434f849c7ae8: shutdown 7bc8cf5a-9dee-415c-92cd-434f849c7ae8@group-92EB30401BFB-LeaderStateImpl
2021-01-11 02:53:44,395 [Listener at 0.0.0.0/44251] INFO  impl.PendingRequests (PendingRequests.java:sendNotLeaderResponses(249)) - 7bc8cf5a-9dee-415c-92cd-434f849c7ae8@group-92EB30401BFB-PendingRequests: sendNotLeaderResponses
2021-01-11 02:53:44,395 [Listener at 0.0.0.0/44251] INFO  metrics.RatisMetrics (RatisMetrics.java:unregister(43)) - Unregistering Metrics Registry : ratis.log_appender.7bc8cf5a-9dee-415c-92cd-434f849c7ae8@group-92EB30401BFB
2021-01-11 02:53:44,395 [Listener at 0.0.0.0/44251] INFO  metrics.RatisMetrics (RatisMetrics.java:unregister(43)) - Unregistering Metrics Registry : ratis.server.7bc8cf5a-9dee-415c-92cd-434f849c7ae8@group-92EB30401BFB
2021-01-11 02:53:44,396 [Listener at 0.0.0.0/44251] INFO  impl.StateMachineUpdater (StateMachineUpdater.java:stopAndJoin(148)) - 7bc8cf5a-9dee-415c-92cd-434f849c7ae8@group-92EB30401BFB-StateMachineUpdater: set stopIndex = 0
2021-01-11 02:53:44,397 [7bc8cf5a-9dee-415c-92cd-434f849c7ae8@group-92EB30401BFB-StateMachineUpdater] INFO  ratis.ContainerStateMachine (ContainerStateMachine.java:takeSnapshot(291)) - group-92EB30401BFB: Taking a snapshot at:(t:1, i:0) file /github/workspace/mnt/ozone/hadoop-ozone/integration-test/target/test-dir/MiniOzoneClusterImpl-135c514c-975b-43bb-8c7a-38bae9c970e3/datanode-3/data/ratis/5c8bc239-c0d7-46a3-922b-92eb30401bfb/sm/snapshot.1_0
2021-01-11 02:53:44,397 [7bc8cf5a-9dee-415c-92cd-434f849c7ae8@group-92EB30401BFB-StateMachineUpdater] INFO  ratis.ContainerStateMachine (ContainerStateMachine.java:takeSnapshot(302)) - group-92EB30401BFB: Finished taking a snapshot at:(t:1, i:0) file:/github/workspace/mnt/ozone/hadoop-ozone/integration-test/target/test-dir/MiniOzoneClusterImpl-135c514c-975b-43bb-8c7a-38bae9c970e3/datanode-3/data/ratis/5c8bc239-c0d7-46a3-922b-92eb30401bfb/sm/snapshot.1_0 took: 0 ms
2021-01-11 02:53:44,398 [7bc8cf5a-9dee-415c-92cd-434f849c7ae8@group-92EB30401BFB-StateMachineUpdater] INFO  impl.StateMachineUpdater (StateMachineUpdater.java:takeSnapshot(279)) - 7bc8cf5a-9dee-415c-92cd-434f849c7ae8@group-92EB30401BFB-StateMachineUpdater: Took a snapshot at index 0
2021-01-11 02:53:44,398 [7bc8cf5a-9dee-415c-92cd-434f849c7ae8@group-92EB30401BFB-StateMachineUpdater] INFO  impl.StateMachineUpdater (StateMachineUpdater.java:lambda$new$0(88)) - 7bc8cf5a-9dee-415c-92cd-434f849c7ae8@group-92EB30401BFB-StateMachineUpdater: snapshotIndex: updateIncreasingly -1 -> 0
2021-01-11 02:53:44,398 [7bc8cf5a-9dee-415c-92cd-434f849c7ae8@group-92EB30401BFB-StateMachineUpdater] INFO  metrics.RatisMetrics (RatisMetrics.java:unregister(43)) - Unregistering Metrics Registry : ratis.state_machine.7bc8cf5a-9dee-415c-92cd-434f849c7ae8@group-92EB30401BFB
2021-01-11 02:53:44,399 [Listener at 0.0.0.0/44251] INFO  server.RaftServer$Division (ServerState.java:close(400)) - 7bc8cf5a-9dee-415c-92cd-434f849c7ae8@group-92EB30401BFB: closes. applyIndex: 0
2021-01-11 02:53:44,400 [7bc8cf5a-9dee-415c-92cd-434f849c7ae8@group-92EB30401BFB-SegmentedRaftLogWorker] INFO  segmented.SegmentedRaftLogWorker (SegmentedRaftLogWorker.java:run(326)) - 7bc8cf5a-9dee-415c-92cd-434f849c7ae8@group-92EB30401BFB-SegmentedRaftLogWorker was interrupted, exiting. There are 0 tasks remaining in the queue.
2021-01-11 02:53:44,400 [Listener at 0.0.0.0/44251] INFO  segmented.SegmentedRaftLogWorker (SegmentedRaftLogWorker.java:close(236)) - 7bc8cf5a-9dee-415c-92cd-434f849c7ae8@group-92EB30401BFB-SegmentedRaftLogWorker close()
2021-01-11 02:53:44,400 [Listener at 0.0.0.0/44251] INFO  metrics.RatisMetrics (RatisMetrics.java:unregister(43)) - Unregistering Metrics Registry : ratis.log_worker.7bc8cf5a-9dee-415c-92cd-434f849c7ae8@group-92EB30401BFB
2021-01-11 02:53:44,400 [Listener at 0.0.0.0/44251] INFO  metrics.RatisMetrics (RatisMetrics.java:unregister(43)) - Unregistering Metrics Registry : ratis.leader_election.7bc8cf5a-9dee-415c-92cd-434f849c7ae8@group-92EB30401BFB
2021-01-11 02:53:44,400 [Listener at 0.0.0.0/44251] INFO  metrics.RatisMetrics (RatisMetrics.java:unregister(43)) - Unregistering Metrics Registry : ratis.server.7bc8cf5a-9dee-415c-92cd-434f849c7ae8@group-92EB30401BFB
2021-01-11 02:53:44,400 [Listener at 0.0.0.0/44251] INFO  server.GrpcService (GrpcService.java:closeImpl(183)) - 7bc8cf5a-9dee-415c-92cd-434f849c7ae8: shutdown server with port 35617 now
2021-01-11 02:53:44,406 [Listener at 0.0.0.0/44251] INFO  server.GrpcService (GrpcService.java:closeImpl(192)) - 7bc8cf5a-9dee-415c-92cd-434f849c7ae8: shutdown server with port 35617 successfully
2021-01-11 02:53:44,406 [org.apache.ratis.util.JvmPauseMonitor$$Lambda$220/1349812019@7008c6a4] INFO  util.JvmPauseMonitor (JvmPauseMonitor.java:run(109)) - JvmPauseMonitor-7bc8cf5a-9dee-415c-92cd-434f849c7ae8: Stopped
2021-01-11 02:53:44,408 [Listener at 0.0.0.0/44251] INFO  utils.BackgroundService (BackgroundService.java:shutdown(132)) - Shutting down service BlockDeletingService
2021-01-11 02:53:44,410 [Listener at 0.0.0.0/44251] INFO  statemachine.DatanodeStateMachine (DatanodeStateMachine.java:stopDaemon(461)) - Ozone container server stopped.
2021-01-11 02:53:44,417 [Listener at 0.0.0.0/44251] INFO  handler.ContextHandler (ContextHandler.java:doStop(1154)) - Stopped o.e.j.w.WebAppContext@3b38395{hddsDatanode,/,null,STOPPED}{jar:file:/home/user/.m2/repository/org/apache/hadoop/hadoop-hdds-container-service/1.1.0-SNAPSHOT/hadoop-hdds-container-service-1.1.0-SNAPSHOT.jar!/webapps/hddsDatanode}
2021-01-11 02:53:44,418 [Listener at 0.0.0.0/44251] INFO  server.AbstractConnector (AbstractConnector.java:doStop(381)) - Stopped ServerConnector@4432f623{HTTP/1.1, (http/1.1)}{0.0.0.0:0}
2021-01-11 02:53:44,418 [Listener at 0.0.0.0/44251] INFO  server.session (HouseKeeper.java:stopScavenging(149)) - node0 Stopped scavenging
2021-01-11 02:53:44,418 [Listener at 0.0.0.0/44251] INFO  handler.ContextHandler (ContextHandler.java:doStop(1154)) - Stopped o.e.j.s.ServletContextHandler@423d31b0{static,/static,jar:file:/home/user/.m2/repository/org/apache/hadoop/hadoop-hdds-container-service/1.1.0-SNAPSHOT/hadoop-hdds-container-service-1.1.0-SNAPSHOT.jar!/webapps/static,STOPPED}
2021-01-11 02:53:44,418 [Listener at 0.0.0.0/44251] INFO  handler.ContextHandler (ContextHandler.java:doStop(1154)) - Stopped o.e.j.s.ServletContextHandler@47149b96{logs,/logs,file:///github/workspace/mnt/ozone/hadoop-ozone/integration-test/target/log,STOPPED}
2021-01-11 02:53:44,793 [ForkJoinPool.commonPool-worker-0] INFO  ozoneimpl.OzoneContainer (OzoneContainer.java:stop(273)) - Attempting to stop container services.
2021-01-11 02:53:44,795 [ForkJoinPool.commonPool-worker-0] INFO  server.RaftServer (RaftServerProxy.java:lambda$close$6(389)) - 3bec4ab6-b9ad-4cb7-85d8-9f78f5912025: close
2021-01-11 02:53:44,795 [ForkJoinPool.commonPool-worker-0] INFO  server.GrpcService (GrpcService.java:closeImpl(183)) - 3bec4ab6-b9ad-4cb7-85d8-9f78f5912025: shutdown server with port 43535 now
2021-01-11 02:53:44,795 [ForkJoinPool.commonPool-worker-0] INFO  server.GrpcService (GrpcService.java:closeImpl(192)) - 3bec4ab6-b9ad-4cb7-85d8-9f78f5912025: shutdown server with port 43535 successfully
2021-01-11 02:53:44,795 [org.apache.ratis.util.JvmPauseMonitor$$Lambda$220/1349812019@6ccd366] INFO  util.JvmPauseMonitor (JvmPauseMonitor.java:run(109)) - JvmPauseMonitor-3bec4ab6-b9ad-4cb7-85d8-9f78f5912025: Stopped
2021-01-11 02:53:44,797 [ForkJoinPool.commonPool-worker-0] INFO  utils.BackgroundService (BackgroundService.java:shutdown(132)) - Shutting down service BlockDeletingService
2021-01-11 02:53:44,799 [ForkJoinPool.commonPool-worker-0] INFO  statemachine.DatanodeStateMachine (DatanodeStateMachine.java:stopDaemon(461)) - Ozone container server stopped.
2021-01-11 02:53:44,808 [ForkJoinPool.commonPool-worker-0] INFO  handler.ContextHandler (ContextHandler.java:doStop(1154)) - Stopped o.e.j.w.WebAppContext@1914bfa1{hddsDatanode,/,null,STOPPED}{jar:file:/home/user/.m2/repository/org/apache/hadoop/hadoop-hdds-container-service/1.1.0-SNAPSHOT/hadoop-hdds-container-service-1.1.0-SNAPSHOT.jar!/webapps/hddsDatanode}
2021-01-11 02:53:44,809 [ForkJoinPool.commonPool-worker-0] INFO  server.AbstractConnector (AbstractConnector.java:doStop(381)) - Stopped ServerConnector@258c38ce{HTTP/1.1, (http/1.1)}{0.0.0.0:0}
2021-01-11 02:53:44,809 [ForkJoinPool.commonPool-worker-0] INFO  server.session (HouseKeeper.java:stopScavenging(149)) - node0 Stopped scavenging
2021-01-11 02:53:44,810 [ForkJoinPool.commonPool-worker-0] INFO  handler.ContextHandler (ContextHandler.java:doStop(1154)) - Stopped o.e.j.s.ServletContextHandler@30515926{static,/static,jar:file:/home/user/.m2/repository/org/apache/hadoop/hadoop-hdds-container-service/1.1.0-SNAPSHOT/hadoop-hdds-container-service-1.1.0-SNAPSHOT.jar!/webapps/static,STOPPED}
2021-01-11 02:53:44,812 [ForkJoinPool.commonPool-worker-0] INFO  handler.ContextHandler (ContextHandler.java:doStop(1154)) - Stopped o.e.j.s.ServletContextHandler@6b906d88{logs,/logs,file:///github/workspace/mnt/ozone/hadoop-ozone/integration-test/target/log,STOPPED}
2021-01-11 02:53:44,831 [Datanode State Machine Thread - 0] INFO  statemachine.DatanodeStateMachine (DatanodeStateMachine.java:lambda$startDaemon$0(408)) - Ozone container server started.
2021-01-11 02:53:44,877 [ReplicationMonitor] INFO  container.ReplicationManager (ReplicationManager.java:run(250)) - Replication Monitor Thread took 0 milliseconds for processing 3 containers.
2021-01-11 02:53:45,030 [Datanode State Machine Thread - 0] INFO  statemachine.DatanodeStateMachine (DatanodeStateMachine.java:lambda$startDaemon$0(408)) - Ozone container server started.
2021-01-11 02:53:45,116 [DatanodeAdminManager-0] INFO  node.DatanodeAdminMonitorImpl (DatanodeAdminMonitorImpl.java:run(136)) - There are 3 nodes tracked for decommission and maintenance. 0 pending nodes.
2021-01-11 02:53:45,490 [Listener at 0.0.0.0/44251] INFO  ozoneimpl.OzoneContainer (OzoneContainer.java:stop(273)) - Attempting to stop container services.
2021-01-11 02:53:45,490 [Listener at 0.0.0.0/44251] INFO  server.RaftServer (RaftServerProxy.java:lambda$close$6(389)) - 28c9ea05-fb6a-49bf-a2b4-fea96a178ae4: close
2021-01-11 02:53:45,490 [Listener at 0.0.0.0/44251] INFO  server.RaftServer$Division (RaftServerImpl.java:lambda$close$4(405)) - 28c9ea05-fb6a-49bf-a2b4-fea96a178ae4@group-93297CC8D484: shutdown
2021-01-11 02:53:45,491 [Listener at 0.0.0.0/44251] INFO  util.JmxRegister (JmxRegister.java:unregister(73)) - Successfully un-registered JMX Bean with object name Ratis:service=RaftServer,group=group-93297CC8D484,id=28c9ea05-fb6a-49bf-a2b4-fea96a178ae4
2021-01-11 02:53:45,491 [Listener at 0.0.0.0/44251] INFO  impl.RoleInfo (RoleInfo.java:shutdownFollowerState(108)) - 28c9ea05-fb6a-49bf-a2b4-fea96a178ae4: shutdown 28c9ea05-fb6a-49bf-a2b4-fea96a178ae4@group-93297CC8D484-FollowerState
2021-01-11 02:53:45,491 [Listener at 0.0.0.0/44251] INFO  impl.StateMachineUpdater (StateMachineUpdater.java:stopAndJoin(148)) - 28c9ea05-fb6a-49bf-a2b4-fea96a178ae4@group-93297CC8D484-StateMachineUpdater: set stopIndex = 0
2021-01-11 02:53:45,491 [Thread-6411] INFO  impl.FollowerState (FollowerState.java:run(142)) - 28c9ea05-fb6a-49bf-a2b4-fea96a178ae4@group-93297CC8D484-FollowerState was interrupted: {}
java.lang.InterruptedException: sleep interrupted
	at java.lang.Thread.sleep(Native Method)
	at java.lang.Thread.sleep(Thread.java:340)
	at java.util.concurrent.TimeUnit.sleep(TimeUnit.java:386)
	at org.apache.ratis.util.TimeDuration.sleep(TimeDuration.java:324)
	at org.apache.ratis.util.TimeDuration.sleep(TimeDuration.java:309)
	at org.apache.ratis.server.impl.FollowerState.run(FollowerState.java:117)
2021-01-11 02:53:45,492 [28c9ea05-fb6a-49bf-a2b4-fea96a178ae4@group-93297CC8D484-StateMachineUpdater] INFO  ratis.ContainerStateMachine (ContainerStateMachine.java:takeSnapshot(291)) - group-93297CC8D484: Taking a snapshot at:(t:1, i:0) file /github/workspace/mnt/ozone/hadoop-ozone/integration-test/target/test-dir/MiniOzoneClusterImpl-135c514c-975b-43bb-8c7a-38bae9c970e3/datanode-5/data/ratis/7f8dc46e-9249-4e9b-81b5-93297cc8d484/sm/snapshot.1_0
2021-01-11 02:53:45,492 [28c9ea05-fb6a-49bf-a2b4-fea96a178ae4@group-93297CC8D484-StateMachineUpdater] INFO  ratis.ContainerStateMachine (ContainerStateMachine.java:takeSnapshot(302)) - group-93297CC8D484: Finished taking a snapshot at:(t:1, i:0) file:/github/workspace/mnt/ozone/hadoop-ozone/integration-test/target/test-dir/MiniOzoneClusterImpl-135c514c-975b-43bb-8c7a-38bae9c970e3/datanode-5/data/ratis/7f8dc46e-9249-4e9b-81b5-93297cc8d484/sm/snapshot.1_0 took: 0 ms
2021-01-11 02:53:45,493 [28c9ea05-fb6a-49bf-a2b4-fea96a178ae4@group-93297CC8D484-StateMachineUpdater] INFO  impl.StateMachineUpdater (StateMachineUpdater.java:takeSnapshot(279)) - 28c9ea05-fb6a-49bf-a2b4-fea96a178ae4@group-93297CC8D484-StateMachineUpdater: Took a snapshot at index 0
2021-01-11 02:53:45,493 [28c9ea05-fb6a-49bf-a2b4-fea96a178ae4@group-93297CC8D484-StateMachineUpdater] INFO  impl.StateMachineUpdater (StateMachineUpdater.java:lambda$new$0(88)) - 28c9ea05-fb6a-49bf-a2b4-fea96a178ae4@group-93297CC8D484-StateMachineUpdater: snapshotIndex: updateIncreasingly -1 -> 0
2021-01-11 02:53:45,493 [28c9ea05-fb6a-49bf-a2b4-fea96a178ae4@group-93297CC8D484-StateMachineUpdater] INFO  metrics.RatisMetrics (RatisMetrics.java:unregister(43)) - Unregistering Metrics Registry : ratis.state_machine.28c9ea05-fb6a-49bf-a2b4-fea96a178ae4@group-93297CC8D484
2021-01-11 02:53:45,493 [Listener at 0.0.0.0/44251] INFO  server.RaftServer$Division (ServerState.java:close(400)) - 28c9ea05-fb6a-49bf-a2b4-fea96a178ae4@group-93297CC8D484: closes. applyIndex: 0
2021-01-11 02:53:45,493 [28c9ea05-fb6a-49bf-a2b4-fea96a178ae4@group-93297CC8D484-SegmentedRaftLogWorker] INFO  segmented.SegmentedRaftLogWorker (SegmentedRaftLogWorker.java:run(326)) - 28c9ea05-fb6a-49bf-a2b4-fea96a178ae4@group-93297CC8D484-SegmentedRaftLogWorker was interrupted, exiting. There are 0 tasks remaining in the queue.
2021-01-11 02:53:45,493 [Listener at 0.0.0.0/44251] INFO  segmented.SegmentedRaftLogWorker (SegmentedRaftLogWorker.java:close(236)) - 28c9ea05-fb6a-49bf-a2b4-fea96a178ae4@group-93297CC8D484-SegmentedRaftLogWorker close()
2021-01-11 02:53:45,494 [Listener at 0.0.0.0/44251] INFO  metrics.RatisMetrics (RatisMetrics.java:unregister(43)) - Unregistering Metrics Registry : ratis.log_worker.28c9ea05-fb6a-49bf-a2b4-fea96a178ae4@group-93297CC8D484
2021-01-11 02:53:45,494 [Listener at 0.0.0.0/44251] INFO  metrics.RatisMetrics (RatisMetrics.java:unregister(43)) - Unregistering Metrics Registry : ratis.leader_election.28c9ea05-fb6a-49bf-a2b4-fea96a178ae4@group-93297CC8D484
2021-01-11 02:53:45,494 [Listener at 0.0.0.0/44251] INFO  metrics.RatisMetrics (RatisMetrics.java:unregister(43)) - Unregistering Metrics Registry : ratis.server.28c9ea05-fb6a-49bf-a2b4-fea96a178ae4@group-93297CC8D484
2021-01-11 02:53:45,494 [Listener at 0.0.0.0/44251] INFO  server.RaftServer$Division (RaftServerImpl.java:lambda$close$4(405)) - 28c9ea05-fb6a-49bf-a2b4-fea96a178ae4@group-DD188AA34AB4: shutdown
2021-01-11 02:53:45,494 [Listener at 0.0.0.0/44251] INFO  util.JmxRegister (JmxRegister.java:unregister(73)) - Successfully un-registered JMX Bean with object name Ratis:service=RaftServer,group=group-DD188AA34AB4,id=28c9ea05-fb6a-49bf-a2b4-fea96a178ae4
2021-01-11 02:53:45,494 [Listener at 0.0.0.0/44251] INFO  impl.RoleInfo (RoleInfo.java:shutdownLeaderState(91)) - 28c9ea05-fb6a-49bf-a2b4-fea96a178ae4: shutdown 28c9ea05-fb6a-49bf-a2b4-fea96a178ae4@group-DD188AA34AB4-LeaderStateImpl
2021-01-11 02:53:45,495 [Listener at 0.0.0.0/44251] INFO  impl.PendingRequests (PendingRequests.java:sendNotLeaderResponses(249)) - 28c9ea05-fb6a-49bf-a2b4-fea96a178ae4@group-DD188AA34AB4-PendingRequests: sendNotLeaderResponses
2021-01-11 02:53:45,495 [Listener at 0.0.0.0/44251] INFO  metrics.RatisMetrics (RatisMetrics.java:unregister(43)) - Unregistering Metrics Registry : ratis.log_appender.28c9ea05-fb6a-49bf-a2b4-fea96a178ae4@group-DD188AA34AB4
2021-01-11 02:53:45,495 [Listener at 0.0.0.0/44251] INFO  metrics.RatisMetrics (RatisMetrics.java:unregister(43)) - Unregistering Metrics Registry : ratis.server.28c9ea05-fb6a-49bf-a2b4-fea96a178ae4@group-DD188AA34AB4
2021-01-11 02:53:45,497 [Listener at 0.0.0.0/44251] INFO  impl.StateMachineUpdater (StateMachineUpdater.java:stopAndJoin(148)) - 28c9ea05-fb6a-49bf-a2b4-fea96a178ae4@group-DD188AA34AB4-StateMachineUpdater: set stopIndex = 0
2021-01-11 02:53:45,497 [28c9ea05-fb6a-49bf-a2b4-fea96a178ae4@group-DD188AA34AB4-StateMachineUpdater] INFO  ratis.ContainerStateMachine (ContainerStateMachine.java:takeSnapshot(291)) - group-DD188AA34AB4: Taking a snapshot at:(t:1, i:0) file /github/workspace/mnt/ozone/hadoop-ozone/integration-test/target/test-dir/MiniOzoneClusterImpl-135c514c-975b-43bb-8c7a-38bae9c970e3/datanode-5/data/ratis/4a87c8fd-b8bd-49d9-92cc-dd188aa34ab4/sm/snapshot.1_0
2021-01-11 02:53:45,498 [28c9ea05-fb6a-49bf-a2b4-fea96a178ae4@group-DD188AA34AB4-StateMachineUpdater] INFO  ratis.ContainerStateMachine (ContainerStateMachine.java:takeSnapshot(302)) - group-DD188AA34AB4: Finished taking a snapshot at:(t:1, i:0) file:/github/workspace/mnt/ozone/hadoop-ozone/integration-test/target/test-dir/MiniOzoneClusterImpl-135c514c-975b-43bb-8c7a-38bae9c970e3/datanode-5/data/ratis/4a87c8fd-b8bd-49d9-92cc-dd188aa34ab4/sm/snapshot.1_0 took: 1 ms
2021-01-11 02:53:45,498 [28c9ea05-fb6a-49bf-a2b4-fea96a178ae4@group-DD188AA34AB4-StateMachineUpdater] INFO  impl.StateMachineUpdater (StateMachineUpdater.java:takeSnapshot(279)) - 28c9ea05-fb6a-49bf-a2b4-fea96a178ae4@group-DD188AA34AB4-StateMachineUpdater: Took a snapshot at index 0
2021-01-11 02:53:45,498 [28c9ea05-fb6a-49bf-a2b4-fea96a178ae4@group-DD188AA34AB4-StateMachineUpdater] INFO  impl.StateMachineUpdater (StateMachineUpdater.java:lambda$new$0(88)) - 28c9ea05-fb6a-49bf-a2b4-fea96a178ae4@group-DD188AA34AB4-StateMachineUpdater: snapshotIndex: updateIncreasingly -1 -> 0
2021-01-11 02:53:45,498 [28c9ea05-fb6a-49bf-a2b4-fea96a178ae4@group-DD188AA34AB4-StateMachineUpdater] INFO  metrics.RatisMetrics (RatisMetrics.java:unregister(43)) - Unregistering Metrics Registry : ratis.state_machine.28c9ea05-fb6a-49bf-a2b4-fea96a178ae4@group-DD188AA34AB4
2021-01-11 02:53:45,498 [Listener at 0.0.0.0/44251] INFO  server.RaftServer$Division (ServerState.java:close(400)) - 28c9ea05-fb6a-49bf-a2b4-fea96a178ae4@group-DD188AA34AB4: closes. applyIndex: 0
2021-01-11 02:53:45,499 [28c9ea05-fb6a-49bf-a2b4-fea96a178ae4@group-DD188AA34AB4-SegmentedRaftLogWorker] INFO  segmented.SegmentedRaftLogWorker (SegmentedRaftLogWorker.java:run(326)) - 28c9ea05-fb6a-49bf-a2b4-fea96a178ae4@group-DD188AA34AB4-SegmentedRaftLogWorker was interrupted, exiting. There are 0 tasks remaining in the queue.
2021-01-11 02:53:45,499 [Listener at 0.0.0.0/44251] INFO  segmented.SegmentedRaftLogWorker (SegmentedRaftLogWorker.java:close(236)) - 28c9ea05-fb6a-49bf-a2b4-fea96a178ae4@group-DD188AA34AB4-SegmentedRaftLogWorker close()
2021-01-11 02:53:45,499 [Listener at 0.0.0.0/44251] INFO  metrics.RatisMetrics (RatisMetrics.java:unregister(43)) - Unregistering Metrics Registry : ratis.log_worker.28c9ea05-fb6a-49bf-a2b4-fea96a178ae4@group-DD188AA34AB4
2021-01-11 02:53:45,499 [Listener at 0.0.0.0/44251] INFO  metrics.RatisMetrics (RatisMetrics.java:unregister(43)) - Unregistering Metrics Registry : ratis.leader_election.28c9ea05-fb6a-49bf-a2b4-fea96a178ae4@group-DD188AA34AB4
2021-01-11 02:53:45,499 [Listener at 0.0.0.0/44251] INFO  metrics.RatisMetrics (RatisMetrics.java:unregister(43)) - Unregistering Metrics Registry : ratis.server.28c9ea05-fb6a-49bf-a2b4-fea96a178ae4@group-DD188AA34AB4
2021-01-11 02:53:45,499 [Listener at 0.0.0.0/44251] INFO  server.GrpcService (GrpcService.java:closeImpl(183)) - 28c9ea05-fb6a-49bf-a2b4-fea96a178ae4: shutdown server with port 33397 now
2021-01-11 02:53:45,500 [Listener at 0.0.0.0/44251] INFO  server.GrpcService (GrpcService.java:closeImpl(192)) - 28c9ea05-fb6a-49bf-a2b4-fea96a178ae4: shutdown server with port 33397 successfully
2021-01-11 02:53:45,500 [org.apache.ratis.util.JvmPauseMonitor$$Lambda$220/1349812019@98a1bd6] INFO  util.JvmPauseMonitor (JvmPauseMonitor.java:run(109)) - JvmPauseMonitor-28c9ea05-fb6a-49bf-a2b4-fea96a178ae4: Stopped
2021-01-11 02:53:45,501 [Listener at 0.0.0.0/44251] INFO  utils.BackgroundService (BackgroundService.java:shutdown(132)) - Shutting down service BlockDeletingService
2021-01-11 02:53:45,502 [Listener at 0.0.0.0/44251] INFO  statemachine.DatanodeStateMachine (DatanodeStateMachine.java:stopDaemon(461)) - Ozone container server stopped.
2021-01-11 02:53:45,509 [Listener at 0.0.0.0/44251] INFO  handler.ContextHandler (ContextHandler.java:doStop(1154)) - Stopped o.e.j.w.WebAppContext@763a53c1{hddsDatanode,/,null,STOPPED}{jar:file:/home/user/.m2/repository/org/apache/hadoop/hadoop-hdds-container-service/1.1.0-SNAPSHOT/hadoop-hdds-container-service-1.1.0-SNAPSHOT.jar!/webapps/hddsDatanode}
2021-01-11 02:53:45,510 [Listener at 0.0.0.0/44251] INFO  server.AbstractConnector (AbstractConnector.java:doStop(381)) - Stopped ServerConnector@6c8d6a2f{HTTP/1.1, (http/1.1)}{0.0.0.0:0}
2021-01-11 02:53:45,510 [Listener at 0.0.0.0/44251] INFO  server.session (HouseKeeper.java:stopScavenging(149)) - node0 Stopped scavenging
2021-01-11 02:53:45,510 [Listener at 0.0.0.0/44251] INFO  handler.ContextHandler (ContextHandler.java:doStop(1154)) - Stopped o.e.j.s.ServletContextHandler@4cf48c54{static,/static,jar:file:/home/user/.m2/repository/org/apache/hadoop/hadoop-hdds-container-service/1.1.0-SNAPSHOT/hadoop-hdds-container-service-1.1.0-SNAPSHOT.jar!/webapps/static,STOPPED}
2021-01-11 02:53:45,510 [Listener at 0.0.0.0/44251] INFO  handler.ContextHandler (ContextHandler.java:doStop(1154)) - Stopped o.e.j.s.ServletContextHandler@1e253fa3{logs,/logs,file:///github/workspace/mnt/ozone/hadoop-ozone/integration-test/target/log,STOPPED}
2021-01-11 02:53:45,869 [Datanode State Machine Thread - 0] INFO  statemachine.DatanodeStateMachine (DatanodeStateMachine.java:lambda$startDaemon$0(408)) - Ozone container server started.
2021-01-11 02:53:45,877 [ReplicationMonitor] INFO  container.ReplicationManager (ReplicationManager.java:run(250)) - Replication Monitor Thread took 1 milliseconds for processing 3 containers.
2021-01-11 02:53:45,948 [EventQueue-StaleNodeForStaleNodeHandler] INFO  node.StaleNodeHandler (StaleNodeHandler.java:onMessage(58)) - Datanode 7bc8cf5a-9dee-415c-92cd-434f849c7ae8{ip: 172.17.0.2, host: 4354df8493ff, networkLocation: /default-rack, certSerialId: null, persistedOpState: IN_SERVICE, persistedOpStateExpiryEpochSec: 0} moved to stale state. Finalizing its pipelines [PipelineID=7f8dc46e-9249-4e9b-81b5-93297cc8d484, PipelineID=5c8bc239-c0d7-46a3-922b-92eb30401bfb]
2021-01-11 02:53:45,949 [EventQueue-StaleNodeForStaleNodeHandler] INFO  pipeline.SCMPipelineManager (SCMPipelineManager.java:finalizeAndDestroyPipeline(482)) - Destroying pipeline:Pipeline[ Id: 7f8dc46e-9249-4e9b-81b5-93297cc8d484, Nodes: 7bc8cf5a-9dee-415c-92cd-434f849c7ae8{ip: 172.17.0.2, host: 4354df8493ff, networkLocation: /default-rack, certSerialId: null, persistedOpState: IN_SERVICE, persistedOpStateExpiryEpochSec: 0}28c9ea05-fb6a-49bf-a2b4-fea96a178ae4{ip: 172.17.0.2, host: 4354df8493ff, networkLocation: /default-rack, certSerialId: null, persistedOpState: IN_SERVICE, persistedOpStateExpiryEpochSec: 0}d73afb6e-2f04-46f5-9d60-67fd948fc3fc{ip: 172.17.0.2, host: 4354df8493ff, networkLocation: /default-rack, certSerialId: null, persistedOpState: IN_SERVICE, persistedOpStateExpiryEpochSec: 0}, Type:RATIS, Factor:THREE, State:OPEN, leaderId:7bc8cf5a-9dee-415c-92cd-434f849c7ae8, CreationTimestamp2021-01-11T02:53:31.108Z]
2021-01-11 02:53:45,949 [EventQueue-StaleNodeForStaleNodeHandler] INFO  pipeline.PipelineStateManager (PipelineStateManager.java:finalizePipeline(121)) - Pipeline Pipeline[ Id: 7f8dc46e-9249-4e9b-81b5-93297cc8d484, Nodes: 7bc8cf5a-9dee-415c-92cd-434f849c7ae8{ip: 172.17.0.2, host: 4354df8493ff, networkLocation: /default-rack, certSerialId: null, persistedOpState: IN_SERVICE, persistedOpStateExpiryEpochSec: 0}28c9ea05-fb6a-49bf-a2b4-fea96a178ae4{ip: 172.17.0.2, host: 4354df8493ff, networkLocation: /default-rack, certSerialId: null, persistedOpState: IN_SERVICE, persistedOpStateExpiryEpochSec: 0}d73afb6e-2f04-46f5-9d60-67fd948fc3fc{ip: 172.17.0.2, host: 4354df8493ff, networkLocation: /default-rack, certSerialId: null, persistedOpState: IN_SERVICE, persistedOpStateExpiryEpochSec: 0}, Type:RATIS, Factor:THREE, State:CLOSED, leaderId:7bc8cf5a-9dee-415c-92cd-434f849c7ae8, CreationTimestamp2021-01-11T02:53:31.108Z] moved to CLOSED state
2021-01-11 02:53:45,949 [EventQueue-StaleNodeForStaleNodeHandler] INFO  pipeline.SCMPipelineManager (SCMPipelineManager.java:finalizeAndDestroyPipeline(482)) - Destroying pipeline:Pipeline[ Id: 5c8bc239-c0d7-46a3-922b-92eb30401bfb, Nodes: 7bc8cf5a-9dee-415c-92cd-434f849c7ae8{ip: 172.17.0.2, host: 4354df8493ff, networkLocation: /default-rack, certSerialId: null, persistedOpState: IN_SERVICE, persistedOpStateExpiryEpochSec: 0}, Type:RATIS, Factor:ONE, State:OPEN, leaderId:7bc8cf5a-9dee-415c-92cd-434f849c7ae8, CreationTimestamp2021-01-11T02:53:31.108Z]
2021-01-11 02:53:45,949 [EventQueue-StaleNodeForStaleNodeHandler] INFO  pipeline.PipelineStateManager (PipelineStateManager.java:finalizePipeline(121)) - Pipeline Pipeline[ Id: 5c8bc239-c0d7-46a3-922b-92eb30401bfb, Nodes: 7bc8cf5a-9dee-415c-92cd-434f849c7ae8{ip: 172.17.0.2, host: 4354df8493ff, networkLocation: /default-rack, certSerialId: null, persistedOpState: IN_SERVICE, persistedOpStateExpiryEpochSec: 0}, Type:RATIS, Factor:ONE, State:CLOSED, leaderId:7bc8cf5a-9dee-415c-92cd-434f849c7ae8, CreationTimestamp2021-01-11T02:53:31.108Z] moved to CLOSED state
2021-01-11 02:53:46,049 [EventQueue-StaleNodeForStaleNodeHandler] INFO  node.StaleNodeHandler (StaleNodeHandler.java:onMessage(58)) - Datanode 27072a30-1791-4eaf-beda-714f523a0d74{ip: 172.17.0.2, host: 4354df8493ff, networkLocation: /default-rack, certSerialId: null, persistedOpState: ENTERING_MAINTENANCE, persistedOpStateExpiryEpochSec: 0} moved to stale state. Finalizing its pipelines []
2021-01-11 02:53:46,049 [EventQueue-StaleNodeForStaleNodeHandler] INFO  node.StaleNodeHandler (StaleNodeHandler.java:onMessage(58)) - Datanode 3bec4ab6-b9ad-4cb7-85d8-9f78f5912025{ip: 172.17.0.2, host: 4354df8493ff, networkLocation: /default-rack, certSerialId: null, persistedOpState: ENTERING_MAINTENANCE, persistedOpStateExpiryEpochSec: 0} moved to stale state. Finalizing its pipelines []
2021-01-11 02:53:46,116 [DatanodeAdminManager-0] INFO  node.DatanodeAdminMonitorImpl (DatanodeAdminMonitorImpl.java:run(136)) - There are 3 nodes tracked for decommission and maintenance. 0 pending nodes.
2021-01-11 02:53:46,510 [ForkJoinPool.commonPool-worker-0] INFO  ozoneimpl.OzoneContainer (OzoneContainer.java:stop(273)) - Attempting to stop container services.
2021-01-11 02:53:46,512 [ForkJoinPool.commonPool-worker-0] INFO  server.RaftServer (RaftServerProxy.java:lambda$close$6(389)) - 8fdece96-174e-440b-9c34-b82ee45bcc56: close
2021-01-11 02:53:46,512 [ForkJoinPool.commonPool-worker-0] INFO  server.GrpcService (GrpcService.java:closeImpl(183)) - 8fdece96-174e-440b-9c34-b82ee45bcc56: shutdown server with port 38051 now
2021-01-11 02:53:46,514 [ForkJoinPool.commonPool-worker-0] INFO  server.GrpcService (GrpcService.java:closeImpl(192)) - 8fdece96-174e-440b-9c34-b82ee45bcc56: shutdown server with port 38051 successfully
2021-01-11 02:53:46,514 [org.apache.ratis.util.JvmPauseMonitor$$Lambda$220/1349812019@4613e427] INFO  util.JvmPauseMonitor (JvmPauseMonitor.java:run(109)) - JvmPauseMonitor-8fdece96-174e-440b-9c34-b82ee45bcc56: Stopped
2021-01-11 02:53:46,515 [ForkJoinPool.commonPool-worker-0] INFO  utils.BackgroundService (BackgroundService.java:shutdown(132)) - Shutting down service BlockDeletingService
2021-01-11 02:53:46,516 [ForkJoinPool.commonPool-worker-0] INFO  statemachine.DatanodeStateMachine (DatanodeStateMachine.java:stopDaemon(461)) - Ozone container server stopped.
2021-01-11 02:53:46,524 [ForkJoinPool.commonPool-worker-0] INFO  handler.ContextHandler (ContextHandler.java:doStop(1154)) - Stopped o.e.j.w.WebAppContext@793b6fb9{hddsDatanode,/,null,STOPPED}{jar:file:/home/user/.m2/repository/org/apache/hadoop/hadoop-hdds-container-service/1.1.0-SNAPSHOT/hadoop-hdds-container-service-1.1.0-SNAPSHOT.jar!/webapps/hddsDatanode}
2021-01-11 02:53:46,527 [ForkJoinPool.commonPool-worker-0] INFO  server.AbstractConnector (AbstractConnector.java:doStop(381)) - Stopped ServerConnector@717b03be{HTTP/1.1, (http/1.1)}{0.0.0.0:0}
2021-01-11 02:53:46,527 [ForkJoinPool.commonPool-worker-0] INFO  server.session (HouseKeeper.java:stopScavenging(149)) - node0 Stopped scavenging
2021-01-11 02:53:46,528 [ForkJoinPool.commonPool-worker-0] INFO  handler.ContextHandler (ContextHandler.java:doStop(1154)) - Stopped o.e.j.s.ServletContextHandler@4560dbd2{static,/static,jar:file:/home/user/.m2/repository/org/apache/hadoop/hadoop-hdds-container-service/1.1.0-SNAPSHOT/hadoop-hdds-container-service-1.1.0-SNAPSHOT.jar!/webapps/static,STOPPED}
2021-01-11 02:53:46,529 [ForkJoinPool.commonPool-worker-0] INFO  handler.ContextHandler (ContextHandler.java:doStop(1154)) - Stopped o.e.j.s.ServletContextHandler@4c08cf9b{logs,/logs,file:///github/workspace/mnt/ozone/hadoop-ozone/integration-test/target/log,STOPPED}
2021-01-11 02:53:46,629 [Listener at 0.0.0.0/44251] INFO  ozoneimpl.OzoneContainer (OzoneContainer.java:stop(273)) - Attempting to stop container services.
2021-01-11 02:53:46,630 [Listener at 0.0.0.0/44251] INFO  server.RaftServer (RaftServerProxy.java:lambda$close$6(389)) - d73afb6e-2f04-46f5-9d60-67fd948fc3fc: close
2021-01-11 02:53:46,630 [Listener at 0.0.0.0/44251] INFO  server.RaftServer$Division (RaftServerImpl.java:lambda$close$4(405)) - d73afb6e-2f04-46f5-9d60-67fd948fc3fc@group-93297CC8D484: shutdown
2021-01-11 02:53:46,630 [Listener at 0.0.0.0/44251] INFO  util.JmxRegister (JmxRegister.java:unregister(73)) - Successfully un-registered JMX Bean with object name Ratis:service=RaftServer,group=group-93297CC8D484,id=d73afb6e-2f04-46f5-9d60-67fd948fc3fc
2021-01-11 02:53:46,630 [Listener at 0.0.0.0/44251] INFO  impl.RoleInfo (RoleInfo.java:shutdownFollowerState(108)) - d73afb6e-2f04-46f5-9d60-67fd948fc3fc: shutdown d73afb6e-2f04-46f5-9d60-67fd948fc3fc@group-93297CC8D484-FollowerState
2021-01-11 02:53:46,630 [ForkJoinPool.commonPool-worker-0] INFO  server.RaftServer$Division (RaftServerImpl.java:lambda$close$4(405)) - d73afb6e-2f04-46f5-9d60-67fd948fc3fc@group-69FB64B773CF: shutdown
2021-01-11 02:53:46,631 [ForkJoinPool.commonPool-worker-0] INFO  util.JmxRegister (JmxRegister.java:unregister(73)) - Successfully un-registered JMX Bean with object name Ratis:service=RaftServer,group=group-69FB64B773CF,id=d73afb6e-2f04-46f5-9d60-67fd948fc3fc
2021-01-11 02:53:46,631 [ForkJoinPool.commonPool-worker-0] INFO  impl.RoleInfo (RoleInfo.java:shutdownLeaderState(91)) - d73afb6e-2f04-46f5-9d60-67fd948fc3fc: shutdown d73afb6e-2f04-46f5-9d60-67fd948fc3fc@group-69FB64B773CF-LeaderStateImpl
2021-01-11 02:53:46,631 [ForkJoinPool.commonPool-worker-0] INFO  impl.PendingRequests (PendingRequests.java:sendNotLeaderResponses(249)) - d73afb6e-2f04-46f5-9d60-67fd948fc3fc@group-69FB64B773CF-PendingRequests: sendNotLeaderResponses
2021-01-11 02:53:46,631 [ForkJoinPool.commonPool-worker-0] INFO  metrics.RatisMetrics (RatisMetrics.java:unregister(43)) - Unregistering Metrics Registry : ratis.log_appender.d73afb6e-2f04-46f5-9d60-67fd948fc3fc@group-69FB64B773CF
2021-01-11 02:53:46,631 [d73afb6e-2f04-46f5-9d60-67fd948fc3fc@group-93297CC8D484-StateMachineUpdater] INFO  ratis.ContainerStateMachine (ContainerStateMachine.java:takeSnapshot(291)) - group-93297CC8D484: Taking a snapshot at:(t:1, i:0) file /github/workspace/mnt/ozone/hadoop-ozone/integration-test/target/test-dir/MiniOzoneClusterImpl-135c514c-975b-43bb-8c7a-38bae9c970e3/datanode-4/data/ratis/7f8dc46e-9249-4e9b-81b5-93297cc8d484/sm/snapshot.1_0
2021-01-11 02:53:46,631 [Thread-6410] INFO  impl.FollowerState (FollowerState.java:run(142)) - d73afb6e-2f04-46f5-9d60-67fd948fc3fc@group-93297CC8D484-FollowerState was interrupted: {}
java.lang.InterruptedException: sleep interrupted
	at java.lang.Thread.sleep(Native Method)
	at java.lang.Thread.sleep(Thread.java:340)
	at java.util.concurrent.TimeUnit.sleep(TimeUnit.java:386)
	at org.apache.ratis.util.TimeDuration.sleep(TimeDuration.java:324)
	at org.apache.ratis.util.TimeDuration.sleep(TimeDuration.java:309)
	at org.apache.ratis.server.impl.FollowerState.run(FollowerState.java:117)
2021-01-11 02:53:46,631 [Listener at 0.0.0.0/44251] INFO  impl.StateMachineUpdater (StateMachineUpdater.java:stopAndJoin(148)) - d73afb6e-2f04-46f5-9d60-67fd948fc3fc@group-93297CC8D484-StateMachineUpdater: set stopIndex = 0
2021-01-11 02:53:46,631 [ForkJoinPool.commonPool-worker-0] INFO  metrics.RatisMetrics (RatisMetrics.java:unregister(43)) - Unregistering Metrics Registry : ratis.server.d73afb6e-2f04-46f5-9d60-67fd948fc3fc@group-69FB64B773CF
2021-01-11 02:53:46,632 [d73afb6e-2f04-46f5-9d60-67fd948fc3fc@group-93297CC8D484-StateMachineUpdater] INFO  ratis.ContainerStateMachine (ContainerStateMachine.java:takeSnapshot(302)) - group-93297CC8D484: Finished taking a snapshot at:(t:1, i:0) file:/github/workspace/mnt/ozone/hadoop-ozone/integration-test/target/test-dir/MiniOzoneClusterImpl-135c514c-975b-43bb-8c7a-38bae9c970e3/datanode-4/data/ratis/7f8dc46e-9249-4e9b-81b5-93297cc8d484/sm/snapshot.1_0 took: 1 ms
2021-01-11 02:53:46,632 [d73afb6e-2f04-46f5-9d60-67fd948fc3fc@group-93297CC8D484-StateMachineUpdater] INFO  impl.StateMachineUpdater (StateMachineUpdater.java:takeSnapshot(279)) - d73afb6e-2f04-46f5-9d60-67fd948fc3fc@group-93297CC8D484-StateMachineUpdater: Took a snapshot at index 0
2021-01-11 02:53:46,632 [d73afb6e-2f04-46f5-9d60-67fd948fc3fc@group-93297CC8D484-StateMachineUpdater] INFO  impl.StateMachineUpdater (StateMachineUpdater.java:lambda$new$0(88)) - d73afb6e-2f04-46f5-9d60-67fd948fc3fc@group-93297CC8D484-StateMachineUpdater: snapshotIndex: updateIncreasingly -1 -> 0
2021-01-11 02:53:46,632 [d73afb6e-2f04-46f5-9d60-67fd948fc3fc@group-93297CC8D484-StateMachineUpdater] INFO  metrics.RatisMetrics (RatisMetrics.java:unregister(43)) - Unregistering Metrics Registry : ratis.state_machine.d73afb6e-2f04-46f5-9d60-67fd948fc3fc@group-93297CC8D484
2021-01-11 02:53:46,633 [d73afb6e-2f04-46f5-9d60-67fd948fc3fc@group-69FB64B773CF-StateMachineUpdater] INFO  ratis.ContainerStateMachine (ContainerStateMachine.java:takeSnapshot(291)) - group-69FB64B773CF: Taking a snapshot at:(t:1, i:0) file /github/workspace/mnt/ozone/hadoop-ozone/integration-test/target/test-dir/MiniOzoneClusterImpl-135c514c-975b-43bb-8c7a-38bae9c970e3/datanode-4/data/ratis/f34c2d44-d538-4df5-801b-69fb64b773cf/sm/snapshot.1_0
2021-01-11 02:53:46,633 [ForkJoinPool.commonPool-worker-0] INFO  impl.StateMachineUpdater (StateMachineUpdater.java:stopAndJoin(148)) - d73afb6e-2f04-46f5-9d60-67fd948fc3fc@group-69FB64B773CF-StateMachineUpdater: set stopIndex = 0
2021-01-11 02:53:46,634 [d73afb6e-2f04-46f5-9d60-67fd948fc3fc@group-69FB64B773CF-StateMachineUpdater] INFO  ratis.ContainerStateMachine (ContainerStateMachine.java:takeSnapshot(302)) - group-69FB64B773CF: Finished taking a snapshot at:(t:1, i:0) file:/github/workspace/mnt/ozone/hadoop-ozone/integration-test/target/test-dir/MiniOzoneClusterImpl-135c514c-975b-43bb-8c7a-38bae9c970e3/datanode-4/data/ratis/f34c2d44-d538-4df5-801b-69fb64b773cf/sm/snapshot.1_0 took: 1 ms
2021-01-11 02:53:46,634 [d73afb6e-2f04-46f5-9d60-67fd948fc3fc@group-69FB64B773CF-StateMachineUpdater] INFO  impl.StateMachineUpdater (StateMachineUpdater.java:takeSnapshot(279)) - d73afb6e-2f04-46f5-9d60-67fd948fc3fc@group-69FB64B773CF-StateMachineUpdater: Took a snapshot at index 0
2021-01-11 02:53:46,634 [d73afb6e-2f04-46f5-9d60-67fd948fc3fc@group-69FB64B773CF-StateMachineUpdater] INFO  impl.StateMachineUpdater (StateMachineUpdater.java:lambda$new$0(88)) - d73afb6e-2f04-46f5-9d60-67fd948fc3fc@group-69FB64B773CF-StateMachineUpdater: snapshotIndex: updateIncreasingly -1 -> 0
2021-01-11 02:53:46,634 [d73afb6e-2f04-46f5-9d60-67fd948fc3fc@group-69FB64B773CF-StateMachineUpdater] INFO  metrics.RatisMetrics (RatisMetrics.java:unregister(43)) - Unregistering Metrics Registry : ratis.state_machine.d73afb6e-2f04-46f5-9d60-67fd948fc3fc@group-69FB64B773CF
2021-01-11 02:53:46,634 [ForkJoinPool.commonPool-worker-0] INFO  server.RaftServer$Division (ServerState.java:close(400)) - d73afb6e-2f04-46f5-9d60-67fd948fc3fc@group-69FB64B773CF: closes. applyIndex: 0
2021-01-11 02:53:46,634 [d73afb6e-2f04-46f5-9d60-67fd948fc3fc@group-69FB64B773CF-SegmentedRaftLogWorker] INFO  segmented.SegmentedRaftLogWorker (SegmentedRaftLogWorker.java:run(326)) - d73afb6e-2f04-46f5-9d60-67fd948fc3fc@group-69FB64B773CF-SegmentedRaftLogWorker was interrupted, exiting. There are 0 tasks remaining in the queue.
2021-01-11 02:53:46,635 [ForkJoinPool.commonPool-worker-0] INFO  segmented.SegmentedRaftLogWorker (SegmentedRaftLogWorker.java:close(236)) - d73afb6e-2f04-46f5-9d60-67fd948fc3fc@group-69FB64B773CF-SegmentedRaftLogWorker close()
2021-01-11 02:53:46,635 [ForkJoinPool.commonPool-worker-0] INFO  metrics.RatisMetrics (RatisMetrics.java:unregister(43)) - Unregistering Metrics Registry : ratis.log_worker.d73afb6e-2f04-46f5-9d60-67fd948fc3fc@group-69FB64B773CF
2021-01-11 02:53:46,635 [ForkJoinPool.commonPool-worker-0] INFO  metrics.RatisMetrics (RatisMetrics.java:unregister(43)) - Unregistering Metrics Registry : ratis.leader_election.d73afb6e-2f04-46f5-9d60-67fd948fc3fc@group-69FB64B773CF
2021-01-11 02:53:46,635 [ForkJoinPool.commonPool-worker-0] INFO  metrics.RatisMetrics (RatisMetrics.java:unregister(43)) - Unregistering Metrics Registry : ratis.server.d73afb6e-2f04-46f5-9d60-67fd948fc3fc@group-69FB64B773CF
2021-01-11 02:53:46,635 [Listener at 0.0.0.0/44251] INFO  server.RaftServer$Division (ServerState.java:close(400)) - d73afb6e-2f04-46f5-9d60-67fd948fc3fc@group-93297CC8D484: closes. applyIndex: 0
2021-01-11 02:53:46,636 [d73afb6e-2f04-46f5-9d60-67fd948fc3fc@group-93297CC8D484-SegmentedRaftLogWorker] INFO  segmented.SegmentedRaftLogWorker (SegmentedRaftLogWorker.java:run(326)) - d73afb6e-2f04-46f5-9d60-67fd948fc3fc@group-93297CC8D484-SegmentedRaftLogWorker was interrupted, exiting. There are 0 tasks remaining in the queue.
2021-01-11 02:53:46,636 [Listener at 0.0.0.0/44251] INFO  segmented.SegmentedRaftLogWorker (SegmentedRaftLogWorker.java:close(236)) - d73afb6e-2f04-46f5-9d60-67fd948fc3fc@group-93297CC8D484-SegmentedRaftLogWorker close()
2021-01-11 02:53:46,636 [Listener at 0.0.0.0/44251] INFO  metrics.RatisMetrics (RatisMetrics.java:unregister(43)) - Unregistering Metrics Registry : ratis.log_worker.d73afb6e-2f04-46f5-9d60-67fd948fc3fc@group-93297CC8D484
2021-01-11 02:53:46,636 [Listener at 0.0.0.0/44251] INFO  metrics.RatisMetrics (RatisMetrics.java:unregister(43)) - Unregistering Metrics Registry : ratis.leader_election.d73afb6e-2f04-46f5-9d60-67fd948fc3fc@group-93297CC8D484
2021-01-11 02:53:46,636 [Listener at 0.0.0.0/44251] INFO  metrics.RatisMetrics (RatisMetrics.java:unregister(43)) - Unregistering Metrics Registry : ratis.server.d73afb6e-2f04-46f5-9d60-67fd948fc3fc@group-93297CC8D484
2021-01-11 02:53:46,636 [Listener at 0.0.0.0/44251] INFO  server.GrpcService (GrpcService.java:closeImpl(183)) - d73afb6e-2f04-46f5-9d60-67fd948fc3fc: shutdown server with port 32999 now
2021-01-11 02:53:46,638 [Listener at 0.0.0.0/44251] INFO  server.GrpcService (GrpcService.java:closeImpl(192)) - d73afb6e-2f04-46f5-9d60-67fd948fc3fc: shutdown server with port 32999 successfully
2021-01-11 02:53:46,638 [org.apache.ratis.util.JvmPauseMonitor$$Lambda$220/1349812019@714835b8] INFO  util.JvmPauseMonitor (JvmPauseMonitor.java:run(109)) - JvmPauseMonitor-d73afb6e-2f04-46f5-9d60-67fd948fc3fc: Stopped
2021-01-11 02:53:46,640 [Listener at 0.0.0.0/44251] INFO  utils.BackgroundService (BackgroundService.java:shutdown(132)) - Shutting down service BlockDeletingService
2021-01-11 02:53:46,642 [Listener at 0.0.0.0/44251] INFO  statemachine.DatanodeStateMachine (DatanodeStateMachine.java:stopDaemon(461)) - Ozone container server stopped.
2021-01-11 02:53:46,649 [Listener at 0.0.0.0/44251] INFO  handler.ContextHandler (ContextHandler.java:doStop(1154)) - Stopped o.e.j.w.WebAppContext@55fc61d8{hddsDatanode,/,null,STOPPED}{jar:file:/home/user/.m2/repository/org/apache/hadoop/hadoop-hdds-container-service/1.1.0-SNAPSHOT/hadoop-hdds-container-service-1.1.0-SNAPSHOT.jar!/webapps/hddsDatanode}
2021-01-11 02:53:46,649 [Listener at 0.0.0.0/44251] INFO  server.AbstractConnector (AbstractConnector.java:doStop(381)) - Stopped ServerConnector@66c162a5{HTTP/1.1, (http/1.1)}{0.0.0.0:0}
2021-01-11 02:53:46,650 [Listener at 0.0.0.0/44251] INFO  server.session (HouseKeeper.java:stopScavenging(149)) - node0 Stopped scavenging
2021-01-11 02:53:46,650 [Listener at 0.0.0.0/44251] INFO  handler.ContextHandler (ContextHandler.java:doStop(1154)) - Stopped o.e.j.s.ServletContextHandler@28627a48{static,/static,jar:file:/home/user/.m2/repository/org/apache/hadoop/hadoop-hdds-container-service/1.1.0-SNAPSHOT/hadoop-hdds-container-service-1.1.0-SNAPSHOT.jar!/webapps/static,STOPPED}
2021-01-11 02:53:46,650 [Listener at 0.0.0.0/44251] INFO  handler.ContextHandler (ContextHandler.java:doStop(1154)) - Stopped o.e.j.s.ServletContextHandler@765569a4{logs,/logs,file:///github/workspace/mnt/ozone/hadoop-ozone/integration-test/target/log,STOPPED}
2021-01-11 02:53:46,651 [Listener at 0.0.0.0/44251] INFO  ozone.MiniOzoneClusterImpl (MiniOzoneClusterImpl.java:stopSCM(478)) - Stopping the StorageContainerManager
2021-01-11 02:53:46,651 [Listener at 0.0.0.0/44251] INFO  server.StorageContainerManager (StorageContainerManager.java:stop(832)) - Stopping Replication Manager Service.
2021-01-11 02:53:46,651 [Listener at 0.0.0.0/44251] INFO  container.ReplicationManager (ReplicationManager.java:stop(227)) - Stopping Replication Monitor Thread.
2021-01-11 02:53:46,651 [Listener at 0.0.0.0/44251] INFO  server.StorageContainerManager (StorageContainerManager.java:stop(839)) - Stopping the Datanode Admin Monitor.
2021-01-11 02:53:46,651 [Listener at 0.0.0.0/44251] INFO  server.StorageContainerManager (StorageContainerManager.java:stop(846)) - Stopping Lease Manager of the command watchers
2021-01-11 02:53:46,651 [Listener at 0.0.0.0/44251] INFO  server.StorageContainerManager (StorageContainerManager.java:stop(853)) - Stopping datanode service RPC server
2021-01-11 02:53:46,652 [Listener at 0.0.0.0/44251] INFO  server.SCMDatanodeProtocolServer (SCMDatanodeProtocolServer.java:stop(369)) - Stopping the RPC server for DataNodes
2021-01-11 02:53:46,652 [Listener at 0.0.0.0/44251] INFO  ipc.Server (Server.java:stop(3359)) - Stopping server on 40965
2021-01-11 02:53:46,653 [IPC Server listener on 40965] INFO  ipc.Server (Server.java:run(1330)) - Stopping IPC Server listener on 40965
2021-01-11 02:53:46,654 [IPC Server Responder] INFO  ipc.Server (Server.java:run(1465)) - Stopping IPC Server Responder
2021-01-11 02:53:46,750 [SCM Heartbeat Processing Thread - 0] WARN  node.NodeStateManager (NodeStateManager.java:scheduleNextHealthCheck(688)) - Current Thread is interrupted, shutting down HB processing thread for Node Manager.
2021-01-11 02:53:46,750 [Listener at 0.0.0.0/44251] INFO  server.StorageContainerManager (StorageContainerManager.java:stop(861)) - Stopping block service RPC server
2021-01-11 02:53:46,750 [Listener at 0.0.0.0/44251] INFO  server.SCMBlockProtocolServer (SCMBlockProtocolServer.java:stop(159)) - Stopping the RPC server for Block Protocol
2021-01-11 02:53:46,750 [Listener at 0.0.0.0/44251] INFO  ipc.Server (Server.java:stop(3359)) - Stopping server on 35685
2021-01-11 02:53:46,752 [IPC Server listener on 35685] INFO  ipc.Server (Server.java:run(1330)) - Stopping IPC Server listener on 35685
2021-01-11 02:53:46,752 [IPC Server Responder] INFO  ipc.Server (Server.java:run(1465)) - Stopping IPC Server Responder
2021-01-11 02:53:46,753 [Listener at 0.0.0.0/44251] INFO  server.StorageContainerManager (StorageContainerManager.java:stop(868)) - Stopping the StorageContainerLocationProtocol RPC server
2021-01-11 02:53:46,753 [Listener at 0.0.0.0/44251] INFO  server.SCMClientProtocolServer (SCMClientProtocolServer.java:stop(168)) - Stopping the RPC server for Client Protocol
2021-01-11 02:53:46,753 [Listener at 0.0.0.0/44251] INFO  ipc.Server (Server.java:stop(3359)) - Stopping server on 44251
2021-01-11 02:53:46,755 [IPC Server listener on 44251] INFO  ipc.Server (Server.java:run(1330)) - Stopping IPC Server listener on 44251
2021-01-11 02:53:46,756 [IPC Server Responder] INFO  ipc.Server (Server.java:run(1465)) - Stopping IPC Server Responder
2021-01-11 02:53:46,756 [Listener at 0.0.0.0/44251] INFO  server.StorageContainerManager (StorageContainerManager.java:stop(875)) - Stopping Storage Container Manager HTTP server.
2021-01-11 02:53:46,756 [Listener at 0.0.0.0/44251] INFO  handler.ContextHandler (ContextHandler.java:doStop(1154)) - Stopped o.e.j.w.WebAppContext@5caa7cea{scm,/,null,STOPPED}{file:/github/workspace/mnt/ozone/hadoop-ozone/integration-test/target/test-classes/webapps/scm}
2021-01-11 02:53:46,757 [Listener at 0.0.0.0/44251] INFO  server.AbstractConnector (AbstractConnector.java:doStop(381)) - Stopped ServerConnector@79871528{HTTP/1.1, (http/1.1)}{0.0.0.0:44535}
2021-01-11 02:53:46,757 [Listener at 0.0.0.0/44251] INFO  server.session (HouseKeeper.java:stopScavenging(149)) - node0 Stopped scavenging
2021-01-11 02:53:46,757 [Listener at 0.0.0.0/44251] INFO  handler.ContextHandler (ContextHandler.java:doStop(1154)) - Stopped o.e.j.s.ServletContextHandler@199f6691{static,/static,file:///github/workspace/mnt/ozone/hadoop-ozone/integration-test/target/test-classes/webapps/static,STOPPED}
2021-01-11 02:53:46,757 [Listener at 0.0.0.0/44251] INFO  handler.ContextHandler (ContextHandler.java:doStop(1154)) - Stopped o.e.j.s.ServletContextHandler@510a5fe1{logs,/logs,file:///github/workspace/mnt/ozone/hadoop-ozone/integration-test/target/log,STOPPED}
2021-01-11 02:53:46,758 [Listener at 0.0.0.0/44251] INFO  server.StorageContainerManager (StorageContainerManager.java:stop(886)) - Stopping Block Manager Service.
2021-01-11 02:53:46,758 [Listener at 0.0.0.0/44251] INFO  utils.BackgroundService (BackgroundService.java:shutdown(132)) - Shutting down service SCMBlockDeletingService
2021-01-11 02:53:46,758 [Listener at 0.0.0.0/44251] INFO  utils.BackgroundService (BackgroundService.java:shutdown(132)) - Shutting down service SCMBlockDeletingService
2021-01-11 02:53:46,758 [Listener at 0.0.0.0/44251] INFO  server.StorageContainerManager (StorageContainerManager.java:stop(911)) - Stopping SCM Event Queue.
2021-01-11 02:53:46,760 [Listener at 0.0.0.0/44251] INFO  impl.MetricsSystemImpl (MetricsSystemImpl.java:stop(210)) - Stopping StorageContainerManager metrics system...
2021-01-11 02:53:46,762 [Listener at 0.0.0.0/44251] INFO  impl.MetricsSystemImpl (MetricsSystemImpl.java:stop(216)) - StorageContainerManager metrics system stopped.
]]></system-out>
    <system-err><![CDATA[Jan 11, 2021 2:52:50 AM org.apache.ratis.thirdparty.io.grpc.internal.ManagedChannelOrphanWrapper$ManagedChannelReference cleanQueue
SEVERE: *~*~*~ Channel ManagedChannelImpl{logId=987, target=172.17.0.2:35033} was not shutdown properly!!! ~*~*~*
    Make sure to call shutdown()/shutdownNow() and wait until awaitTermination() returns true.
java.lang.RuntimeException: ManagedChannel allocation site
	at org.apache.ratis.thirdparty.io.grpc.internal.ManagedChannelOrphanWrapper$ManagedChannelReference.<init>(ManagedChannelOrphanWrapper.java:93)
	at org.apache.ratis.thirdparty.io.grpc.internal.ManagedChannelOrphanWrapper.<init>(ManagedChannelOrphanWrapper.java:53)
	at org.apache.ratis.thirdparty.io.grpc.internal.ManagedChannelOrphanWrapper.<init>(ManagedChannelOrphanWrapper.java:44)
	at org.apache.ratis.thirdparty.io.grpc.internal.AbstractManagedChannelImplBuilder.build(AbstractManagedChannelImplBuilder.java:518)
	at org.apache.ratis.grpc.client.GrpcClientProtocolClient.<init>(GrpcClientProtocolClient.java:135)
	at org.apache.ratis.grpc.client.GrpcClientRpc.lambda$new$0(GrpcClientRpc.java:57)
	at org.apache.ratis.util.PeerProxyMap$PeerAndProxy.lambda$getProxy$0(PeerProxyMap.java:63)
	at org.apache.ratis.util.LifeCycle.startAndTransition(LifeCycle.java:270)
	at org.apache.ratis.util.PeerProxyMap$PeerAndProxy.getProxy(PeerProxyMap.java:62)
	at org.apache.ratis.util.PeerProxyMap.getProxy(PeerProxyMap.java:114)
	at org.apache.ratis.grpc.client.GrpcClientRpc.sendRequestAsync(GrpcClientRpc.java:68)
	at org.apache.ratis.client.impl.OrderedAsync.sendRequest(OrderedAsync.java:235)
	at org.apache.ratis.client.impl.OrderedAsync.sendRequestWithRetry(OrderedAsync.java:189)
	at org.apache.ratis.util.SlidingWindow$Client.sendOrDelayRequest(SlidingWindow.java:278)
	at org.apache.ratis.util.SlidingWindow$Client.submitNewRequest(SlidingWindow.java:257)
	at org.apache.ratis.client.impl.OrderedAsync.send(OrderedAsync.java:170)
	at org.apache.ratis.client.impl.OrderedAsync.newInstance(OrderedAsync.java:118)
	at org.apache.ratis.client.impl.RaftClientImpl.lambda$new$0(RaftClientImpl.java:148)
	at org.apache.ratis.util.MemoizedSupplier.get(MemoizedSupplier.java:62)
	at org.apache.ratis.client.impl.RaftClientImpl.getOrderedAsync(RaftClientImpl.java:201)
	at org.apache.ratis.client.impl.AsyncImpl.send(AsyncImpl.java:41)
	at org.apache.ratis.client.impl.AsyncImpl.send(AsyncImpl.java:46)
	at org.apache.hadoop.hdds.scm.XceiverClientRatis.lambda$sendRequestAsync$3(XceiverClientRatis.java:225)
	at org.apache.hadoop.hdds.tracing.TracingUtil.executeInNewSpan(TracingUtil.java:159)
	at org.apache.hadoop.hdds.scm.XceiverClientRatis.sendRequestAsync(XceiverClientRatis.java:210)
	at org.apache.hadoop.hdds.scm.XceiverClientRatis.sendCommandAsync(XceiverClientRatis.java:306)
	at org.apache.hadoop.hdds.scm.storage.ContainerProtocolCalls.writeChunkAsync(ContainerProtocolCalls.java:304)
	at org.apache.hadoop.hdds.scm.storage.BlockOutputStream.writeChunkToContainer(BlockOutputStream.java:664)
	at org.apache.hadoop.hdds.scm.storage.BlockOutputStream.writeChunk(BlockOutputStream.java:506)
	at org.apache.hadoop.hdds.scm.storage.BlockOutputStream.handleFlush(BlockOutputStream.java:520)
	at org.apache.hadoop.hdds.scm.storage.BlockOutputStream.close(BlockOutputStream.java:547)
	at org.apache.hadoop.ozone.client.io.BlockOutputStreamEntry.close(BlockOutputStreamEntry.java:129)
	at org.apache.hadoop.ozone.client.io.KeyOutputStream.handleStreamAction(KeyOutputStream.java:497)
	at org.apache.hadoop.ozone.client.io.KeyOutputStream.handleFlushOrClose(KeyOutputStream.java:471)
	at org.apache.hadoop.ozone.client.io.KeyOutputStream.close(KeyOutputStream.java:524)
	at org.apache.hadoop.ozone.client.io.OzoneOutputStream.close(OzoneOutputStream.java:60)
	at org.apache.hadoop.ozone.TestDataUtil.createKey(TestDataUtil.java:87)
	at org.apache.hadoop.ozone.scm.node.TestDecommissionAndMaintenance.generateData(TestDecommissionAndMaintenance.java:576)
	at org.apache.hadoop.ozone.scm.node.TestDecommissionAndMaintenance.testSingleNodeWithOpenPipelineCanGotoMaintenance(TestDecommissionAndMaintenance.java:298)
	at sun.reflect.NativeMethodAccessorImpl.invoke0(Native Method)
	at sun.reflect.NativeMethodAccessorImpl.invoke(NativeMethodAccessorImpl.java:62)
	at sun.reflect.DelegatingMethodAccessorImpl.invoke(DelegatingMethodAccessorImpl.java:43)
	at java.lang.reflect.Method.invoke(Method.java:498)
	at org.junit.runners.model.FrameworkMethod$1.runReflectiveCall(FrameworkMethod.java:47)
	at org.junit.internal.runners.model.ReflectiveCallable.run(ReflectiveCallable.java:12)
	at org.junit.runners.model.FrameworkMethod.invokeExplosively(FrameworkMethod.java:44)
	at org.junit.internal.runners.statements.InvokeMethod.evaluate(InvokeMethod.java:17)
	at org.junit.internal.runners.statements.RunBefores.evaluate(RunBefores.java:26)
	at org.junit.internal.runners.statements.RunAfters.evaluate(RunAfters.java:27)
	at org.junit.runners.ParentRunner.runLeaf(ParentRunner.java:271)
	at org.junit.runners.BlockJUnit4ClassRunner.runChild(BlockJUnit4ClassRunner.java:70)
	at org.junit.runners.BlockJUnit4ClassRunner.runChild(BlockJUnit4ClassRunner.java:50)
	at org.junit.runners.ParentRunner$3.run(ParentRunner.java:238)
	at org.junit.runners.ParentRunner$1.schedule(ParentRunner.java:63)
	at org.junit.runners.ParentRunner.runChildren(ParentRunner.java:236)
	at org.junit.runners.ParentRunner.access$000(ParentRunner.java:53)
	at org.junit.runners.ParentRunner$2.evaluate(ParentRunner.java:229)
	at org.junit.runners.ParentRunner.run(ParentRunner.java:309)
	at org.apache.maven.surefire.junit4.JUnit4Provider.execute(JUnit4Provider.java:365)
	at org.apache.maven.surefire.junit4.JUnit4Provider.executeWithRerun(JUnit4Provider.java:273)
	at org.apache.maven.surefire.junit4.JUnit4Provider.executeTestSet(JUnit4Provider.java:238)
	at org.apache.maven.surefire.junit4.JUnit4Provider.invoke(JUnit4Provider.java:159)
	at org.apache.maven.surefire.booter.ForkedBooter.invokeProviderInSameClassLoader(ForkedBooter.java:384)
	at org.apache.maven.surefire.booter.ForkedBooter.runSuitesInProcess(ForkedBooter.java:345)
	at org.apache.maven.surefire.booter.ForkedBooter.execute(ForkedBooter.java:126)
	at org.apache.maven.surefire.booter.ForkedBooter.main(ForkedBooter.java:418)

Jan 11, 2021 2:52:50 AM org.apache.ratis.thirdparty.io.grpc.internal.ManagedChannelOrphanWrapper$ManagedChannelReference cleanQueue
SEVERE: *~*~*~ Channel ManagedChannelImpl{logId=982, target=172.17.0.2:34403} was not shutdown properly!!! ~*~*~*
    Make sure to call shutdown()/shutdownNow() and wait until awaitTermination() returns true.
java.lang.RuntimeException: ManagedChannel allocation site
	at org.apache.ratis.thirdparty.io.grpc.internal.ManagedChannelOrphanWrapper$ManagedChannelReference.<init>(ManagedChannelOrphanWrapper.java:93)
	at org.apache.ratis.thirdparty.io.grpc.internal.ManagedChannelOrphanWrapper.<init>(ManagedChannelOrphanWrapper.java:53)
	at org.apache.ratis.thirdparty.io.grpc.internal.ManagedChannelOrphanWrapper.<init>(ManagedChannelOrphanWrapper.java:44)
	at org.apache.ratis.thirdparty.io.grpc.internal.AbstractManagedChannelImplBuilder.build(AbstractManagedChannelImplBuilder.java:518)
	at org.apache.ratis.grpc.client.GrpcClientProtocolClient.<init>(GrpcClientProtocolClient.java:135)
	at org.apache.ratis.grpc.client.GrpcClientRpc.lambda$new$0(GrpcClientRpc.java:57)
	at org.apache.ratis.util.PeerProxyMap$PeerAndProxy.lambda$getProxy$0(PeerProxyMap.java:63)
	at org.apache.ratis.util.LifeCycle.startAndTransition(LifeCycle.java:270)
	at org.apache.ratis.util.PeerProxyMap$PeerAndProxy.getProxy(PeerProxyMap.java:62)
	at org.apache.ratis.util.PeerProxyMap.getProxy(PeerProxyMap.java:114)
	at org.apache.ratis.grpc.client.GrpcClientRpc.sendRequestAsync(GrpcClientRpc.java:68)
	at org.apache.ratis.client.impl.OrderedAsync.sendRequest(OrderedAsync.java:235)
	at org.apache.ratis.client.impl.OrderedAsync.sendRequestWithRetry(OrderedAsync.java:189)
	at org.apache.ratis.util.SlidingWindow$Client.sendOrDelayRequest(SlidingWindow.java:278)
	at org.apache.ratis.util.SlidingWindow$Client.submitNewRequest(SlidingWindow.java:257)
	at org.apache.ratis.client.impl.OrderedAsync.send(OrderedAsync.java:170)
	at org.apache.ratis.client.impl.OrderedAsync.newInstance(OrderedAsync.java:118)
	at org.apache.ratis.client.impl.RaftClientImpl.lambda$new$0(RaftClientImpl.java:148)
	at org.apache.ratis.util.MemoizedSupplier.get(MemoizedSupplier.java:62)
	at org.apache.ratis.client.impl.RaftClientImpl.getOrderedAsync(RaftClientImpl.java:201)
	at org.apache.ratis.client.impl.AsyncImpl.send(AsyncImpl.java:41)
	at org.apache.ratis.client.impl.AsyncImpl.send(AsyncImpl.java:46)
	at org.apache.hadoop.hdds.scm.XceiverClientRatis.lambda$sendRequestAsync$3(XceiverClientRatis.java:225)
	at org.apache.hadoop.hdds.tracing.TracingUtil.executeInNewSpan(TracingUtil.java:159)
	at org.apache.hadoop.hdds.scm.XceiverClientRatis.sendRequestAsync(XceiverClientRatis.java:210)
	at org.apache.hadoop.hdds.scm.XceiverClientRatis.sendCommandAsync(XceiverClientRatis.java:306)
	at org.apache.hadoop.hdds.scm.storage.ContainerProtocolCalls.writeChunkAsync(ContainerProtocolCalls.java:304)
	at org.apache.hadoop.hdds.scm.storage.BlockOutputStream.writeChunkToContainer(BlockOutputStream.java:664)
	at org.apache.hadoop.hdds.scm.storage.BlockOutputStream.writeChunk(BlockOutputStream.java:506)
	at org.apache.hadoop.hdds.scm.storage.BlockOutputStream.handleFlush(BlockOutputStream.java:520)
	at org.apache.hadoop.hdds.scm.storage.BlockOutputStream.close(BlockOutputStream.java:547)
	at org.apache.hadoop.ozone.client.io.BlockOutputStreamEntry.close(BlockOutputStreamEntry.java:129)
	at org.apache.hadoop.ozone.client.io.KeyOutputStream.handleStreamAction(KeyOutputStream.java:497)
	at org.apache.hadoop.ozone.client.io.KeyOutputStream.handleFlushOrClose(KeyOutputStream.java:471)
	at org.apache.hadoop.ozone.client.io.KeyOutputStream.close(KeyOutputStream.java:524)
	at org.apache.hadoop.ozone.client.io.OzoneOutputStream.close(OzoneOutputStream.java:60)
	at org.apache.hadoop.ozone.TestDataUtil.createKey(TestDataUtil.java:87)
	at org.apache.hadoop.ozone.scm.node.TestDecommissionAndMaintenance.generateData(TestDecommissionAndMaintenance.java:576)
	at org.apache.hadoop.ozone.scm.node.TestDecommissionAndMaintenance.testSingleNodeWithOpenPipelineCanGotoMaintenance(TestDecommissionAndMaintenance.java:298)
	at sun.reflect.NativeMethodAccessorImpl.invoke0(Native Method)
	at sun.reflect.NativeMethodAccessorImpl.invoke(NativeMethodAccessorImpl.java:62)
	at sun.reflect.DelegatingMethodAccessorImpl.invoke(DelegatingMethodAccessorImpl.java:43)
	at java.lang.reflect.Method.invoke(Method.java:498)
	at org.junit.runners.model.FrameworkMethod$1.runReflectiveCall(FrameworkMethod.java:47)
	at org.junit.internal.runners.model.ReflectiveCallable.run(ReflectiveCallable.java:12)
	at org.junit.runners.model.FrameworkMethod.invokeExplosively(FrameworkMethod.java:44)
	at org.junit.internal.runners.statements.InvokeMethod.evaluate(InvokeMethod.java:17)
	at org.junit.internal.runners.statements.RunBefores.evaluate(RunBefores.java:26)
	at org.junit.internal.runners.statements.RunAfters.evaluate(RunAfters.java:27)
	at org.junit.runners.ParentRunner.runLeaf(ParentRunner.java:271)
	at org.junit.runners.BlockJUnit4ClassRunner.runChild(BlockJUnit4ClassRunner.java:70)
	at org.junit.runners.BlockJUnit4ClassRunner.runChild(BlockJUnit4ClassRunner.java:50)
	at org.junit.runners.ParentRunner$3.run(ParentRunner.java:238)
	at org.junit.runners.ParentRunner$1.schedule(ParentRunner.java:63)
	at org.junit.runners.ParentRunner.runChildren(ParentRunner.java:236)
	at org.junit.runners.ParentRunner.access$000(ParentRunner.java:53)
	at org.junit.runners.ParentRunner$2.evaluate(ParentRunner.java:229)
	at org.junit.runners.ParentRunner.run(ParentRunner.java:309)
	at org.apache.maven.surefire.junit4.JUnit4Provider.execute(JUnit4Provider.java:365)
	at org.apache.maven.surefire.junit4.JUnit4Provider.executeWithRerun(JUnit4Provider.java:273)
	at org.apache.maven.surefire.junit4.JUnit4Provider.executeTestSet(JUnit4Provider.java:238)
	at org.apache.maven.surefire.junit4.JUnit4Provider.invoke(JUnit4Provider.java:159)
	at org.apache.maven.surefire.booter.ForkedBooter.invokeProviderInSameClassLoader(ForkedBooter.java:384)
	at org.apache.maven.surefire.booter.ForkedBooter.runSuitesInProcess(ForkedBooter.java:345)
	at org.apache.maven.surefire.booter.ForkedBooter.execute(ForkedBooter.java:126)
	at org.apache.maven.surefire.booter.ForkedBooter.main(ForkedBooter.java:418)

Jan 11, 2021 2:53:39 AM org.apache.ratis.thirdparty.io.grpc.internal.ManagedChannelOrphanWrapper$ManagedChannelReference cleanQueue
SEVERE: *~*~*~ Channel ManagedChannelImpl{logId=1080, target=172.17.0.2:39725} was not shutdown properly!!! ~*~*~*
    Make sure to call shutdown()/shutdownNow() and wait until awaitTermination() returns true.
java.lang.RuntimeException: ManagedChannel allocation site
	at org.apache.ratis.thirdparty.io.grpc.internal.ManagedChannelOrphanWrapper$ManagedChannelReference.<init>(ManagedChannelOrphanWrapper.java:93)
	at org.apache.ratis.thirdparty.io.grpc.internal.ManagedChannelOrphanWrapper.<init>(ManagedChannelOrphanWrapper.java:53)
	at org.apache.ratis.thirdparty.io.grpc.internal.ManagedChannelOrphanWrapper.<init>(ManagedChannelOrphanWrapper.java:44)
	at org.apache.ratis.thirdparty.io.grpc.internal.AbstractManagedChannelImplBuilder.build(AbstractManagedChannelImplBuilder.java:518)
	at org.apache.ratis.grpc.client.GrpcClientProtocolClient.<init>(GrpcClientProtocolClient.java:135)
	at org.apache.ratis.grpc.client.GrpcClientRpc.lambda$new$0(GrpcClientRpc.java:57)
	at org.apache.ratis.util.PeerProxyMap$PeerAndProxy.lambda$getProxy$0(PeerProxyMap.java:63)
	at org.apache.ratis.util.LifeCycle.startAndTransition(LifeCycle.java:270)
	at org.apache.ratis.util.PeerProxyMap$PeerAndProxy.getProxy(PeerProxyMap.java:62)
	at org.apache.ratis.util.PeerProxyMap.getProxy(PeerProxyMap.java:114)
	at org.apache.ratis.grpc.client.GrpcClientRpc.sendRequestAsync(GrpcClientRpc.java:68)
	at org.apache.ratis.client.impl.OrderedAsync.sendRequest(OrderedAsync.java:235)
	at org.apache.ratis.client.impl.OrderedAsync.sendRequestWithRetry(OrderedAsync.java:189)
	at org.apache.ratis.util.SlidingWindow$Client.sendOrDelayRequest(SlidingWindow.java:278)
	at org.apache.ratis.util.SlidingWindow$Client.submitNewRequest(SlidingWindow.java:257)
	at org.apache.ratis.client.impl.OrderedAsync.send(OrderedAsync.java:170)
	at org.apache.ratis.client.impl.OrderedAsync.newInstance(OrderedAsync.java:118)
	at org.apache.ratis.client.impl.RaftClientImpl.lambda$new$0(RaftClientImpl.java:148)
	at org.apache.ratis.util.MemoizedSupplier.get(MemoizedSupplier.java:62)
	at org.apache.ratis.client.impl.RaftClientImpl.getOrderedAsync(RaftClientImpl.java:201)
	at org.apache.ratis.client.impl.AsyncImpl.send(AsyncImpl.java:41)
	at org.apache.ratis.client.impl.AsyncImpl.send(AsyncImpl.java:46)
	at org.apache.hadoop.hdds.scm.XceiverClientRatis.lambda$sendRequestAsync$3(XceiverClientRatis.java:225)
	at org.apache.hadoop.hdds.tracing.TracingUtil.executeInNewSpan(TracingUtil.java:159)
	at org.apache.hadoop.hdds.scm.XceiverClientRatis.sendRequestAsync(XceiverClientRatis.java:210)
	at org.apache.hadoop.hdds.scm.XceiverClientRatis.sendCommandAsync(XceiverClientRatis.java:306)
	at org.apache.hadoop.hdds.scm.storage.ContainerProtocolCalls.writeChunkAsync(ContainerProtocolCalls.java:304)
	at org.apache.hadoop.hdds.scm.storage.BlockOutputStream.writeChunkToContainer(BlockOutputStream.java:664)
	at org.apache.hadoop.hdds.scm.storage.BlockOutputStream.writeChunk(BlockOutputStream.java:506)
	at org.apache.hadoop.hdds.scm.storage.BlockOutputStream.handleFlush(BlockOutputStream.java:520)
	at org.apache.hadoop.hdds.scm.storage.BlockOutputStream.close(BlockOutputStream.java:547)
	at org.apache.hadoop.ozone.client.io.BlockOutputStreamEntry.close(BlockOutputStreamEntry.java:129)
	at org.apache.hadoop.ozone.client.io.KeyOutputStream.handleStreamAction(KeyOutputStream.java:497)
	at org.apache.hadoop.ozone.client.io.KeyOutputStream.handleFlushOrClose(KeyOutputStream.java:471)
	at org.apache.hadoop.ozone.client.io.KeyOutputStream.close(KeyOutputStream.java:524)
	at org.apache.hadoop.ozone.client.io.OzoneOutputStream.close(OzoneOutputStream.java:60)
	at org.apache.hadoop.ozone.TestDataUtil.createKey(TestDataUtil.java:87)
	at org.apache.hadoop.ozone.scm.node.TestDecommissionAndMaintenance.generateData(TestDecommissionAndMaintenance.java:576)
	at org.apache.hadoop.ozone.scm.node.TestDecommissionAndMaintenance.testSCMHandlesRestartForMaintenanceNode(TestDecommissionAndMaintenance.java:504)
	at sun.reflect.NativeMethodAccessorImpl.invoke0(Native Method)
	at sun.reflect.NativeMethodAccessorImpl.invoke(NativeMethodAccessorImpl.java:62)
	at sun.reflect.DelegatingMethodAccessorImpl.invoke(DelegatingMethodAccessorImpl.java:43)
	at java.lang.reflect.Method.invoke(Method.java:498)
	at org.junit.runners.model.FrameworkMethod$1.runReflectiveCall(FrameworkMethod.java:47)
	at org.junit.internal.runners.model.ReflectiveCallable.run(ReflectiveCallable.java:12)
	at org.junit.runners.model.FrameworkMethod.invokeExplosively(FrameworkMethod.java:44)
	at org.junit.internal.runners.statements.InvokeMethod.evaluate(InvokeMethod.java:17)
	at org.junit.internal.runners.statements.RunBefores.evaluate(RunBefores.java:26)
	at org.junit.internal.runners.statements.RunAfters.evaluate(RunAfters.java:27)
	at org.junit.runners.ParentRunner.runLeaf(ParentRunner.java:271)
	at org.junit.runners.BlockJUnit4ClassRunner.runChild(BlockJUnit4ClassRunner.java:70)
	at org.junit.runners.BlockJUnit4ClassRunner.runChild(BlockJUnit4ClassRunner.java:50)
	at org.junit.runners.ParentRunner$3.run(ParentRunner.java:238)
	at org.junit.runners.ParentRunner$1.schedule(ParentRunner.java:63)
	at org.junit.runners.ParentRunner.runChildren(ParentRunner.java:236)
	at org.junit.runners.ParentRunner.access$000(ParentRunner.java:53)
	at org.junit.runners.ParentRunner$2.evaluate(ParentRunner.java:229)
	at org.junit.runners.ParentRunner.run(ParentRunner.java:309)
	at org.apache.maven.surefire.junit4.JUnit4Provider.execute(JUnit4Provider.java:365)
	at org.apache.maven.surefire.junit4.JUnit4Provider.executeWithRerun(JUnit4Provider.java:273)
	at org.apache.maven.surefire.junit4.JUnit4Provider.executeTestSet(JUnit4Provider.java:238)
	at org.apache.maven.surefire.junit4.JUnit4Provider.invoke(JUnit4Provider.java:159)
	at org.apache.maven.surefire.booter.ForkedBooter.invokeProviderInSameClassLoader(ForkedBooter.java:384)
	at org.apache.maven.surefire.booter.ForkedBooter.runSuitesInProcess(ForkedBooter.java:345)
	at org.apache.maven.surefire.booter.ForkedBooter.execute(ForkedBooter.java:126)
	at org.apache.maven.surefire.booter.ForkedBooter.main(ForkedBooter.java:418)

]]></system-err>
  </testcase>
  <testcase name="testDecommissioningNodesCompleteDecommissionOnSCMRestart" classname="org.apache.hadoop.ozone.scm.node.TestDecommissionAndMaintenance" time="81.657"/>
</testsuite>