<?xml version="1.0" encoding="UTF-8"?>
<testsuite xmlns:xsi="http://www.w3.org/2001/XMLSchema-instance" xsi:noNamespaceSchemaLocation="https://maven.apache.org/surefire/maven-surefire-plugin/xsd/surefire-test-report.xsd" version="3.0.2" name="org.apache.hadoop.ozone.om.TestOzoneManagerHAWithStoppedNodes" time="201.916" tests="12" errors="1" skipped="0" failures="0">
  <properties>
    <property name="java.specification.version" value="21"/>
    <property name="sun.jnu.encoding" value="UTF-8"/>
    <property name="java.class.path" value="/home/runner/work/ozone/ozone/hadoop-ozone/integration-test/target/test-classes:/home/runner/work/ozone/ozone/hadoop-ozone/integration-test/target/classes:/home/runner/work/ozone/ozone/hadoop-hdds/server-scm/target/hdds-server-scm-2.1.0-SNAPSHOT.jar:/home/runner/.m2/repository/com/fasterxml/jackson/core/jackson-annotations/2.16.2/jackson-annotations-2.16.2.jar:/home/runner/.m2/repository/com/fasterxml/jackson/core/jackson-core/2.16.2/jackson-core-2.16.2.jar:/home/runner/.m2/repository/com/fasterxml/jackson/core/jackson-databind/2.16.2/jackson-databind-2.16.2.jar:/home/runner/.m2/repository/com/google/guava/guava/32.1.3-jre/guava-32.1.3-jre.jar:/home/runner/.m2/repository/com/google/guava/failureaccess/1.0.1/failureaccess-1.0.1.jar:/home/runner/.m2/repository/com/google/guava/listenablefuture/9999.0-empty-to-avoid-conflict-with-guava/listenablefuture-9999.0-empty-to-avoid-conflict-with-guava.jar:/home/runner/.m2/repository/org/checkerframework/checker-qual/3.37.0/checker-qual-3.37.0.jar:/home/runner/.m2/repository/com/google/errorprone/error_prone_annotations/2.29.2/error_prone_annotations-2.29.2.jar:/home/runner/.m2/repository/com/google/j2objc/j2objc-annotations/2.8/j2objc-annotations-2.8.jar:/home/runner/.m2/repository/com/google/protobuf/protobuf-java/2.5.0/protobuf-java-2.5.0.jar:/home/runner/.m2/repository/commons-collections/commons-collections/3.2.2/commons-collections-3.2.2.jar:/home/runner/.m2/repository/commons-io/commons-io/2.18.0/commons-io-2.18.0.jar:/home/runner/.m2/repository/info/picocli/picocli/4.7.7/picocli-4.7.7.jar:/home/runner/.m2/repository/io/dropwizard/metrics/metrics-core/3.2.6/metrics-core-3.2.6.jar:/home/runner/.m2/repository/jakarta/annotation/jakarta.annotation-api/2.1.1/jakarta.annotation-api-2.1.1.jar:/home/runner/.m2/repository/javax/servlet/javax.servlet-api/3.1.0/javax.servlet-api-3.1.0.jar:/home/runner/.m2/repository/org/apache/commons/commons-compress/1.27.1/commons-compress-1.27.1.jar:/home/runner/.m2/repository/org/apache/commons/commons-text/1.12.0/commons-text-1.12.0.jar:/home/runner/work/ozone/ozone/hadoop-hdds/client/target/hdds-client-2.1.0-SNAPSHOT.jar:/home/runner/work/ozone/ozone/hadoop-hdds/common/target/hdds-common-2.1.0-SNAPSHOT.jar:/home/runner/work/ozone/ozone/hadoop-hdds/config/target/hdds-config-2.1.0-SNAPSHOT.jar:/home/runner/work/ozone/ozone/hadoop-hdds/container-service/target/hdds-container-service-2.1.0-SNAPSHOT.jar:/home/runner/work/ozone/ozone/hadoop-hdds/hadoop-dependency-client/target/hdds-hadoop-dependency-client-2.1.0-SNAPSHOT.jar:/home/runner/.m2/repository/com/nimbusds/nimbus-jose-jwt/9.40/nimbus-jose-jwt-9.40.jar:/home/runner/work/ozone/ozone/hadoop-hdds/hadoop-dependency-server/target/hdds-hadoop-dependency-server-2.1.0-SNAPSHOT.jar:/home/runner/.m2/repository/org/apache/hadoop/hadoop-hdfs/3.4.1/hadoop-hdfs-3.4.1.jar:/home/runner/.m2/repository/org/apache/kerby/kerb-util/1.0.1/kerb-util-1.0.1.jar:/home/runner/.m2/repository/org/apache/kerby/kerby-config/1.0.1/kerby-config-1.0.1.jar:/home/runner/.m2/repository/org/apache/kerby/kerb-crypto/1.0.1/kerb-crypto-1.0.1.jar:/home/runner/work/ozone/ozone/hadoop-hdds/interface-admin/target/hdds-interface-admin-2.1.0-SNAPSHOT.jar:/home/runner/work/ozone/ozone/hadoop-hdds/interface-client/target/hdds-interface-client-2.1.0-SNAPSHOT.jar:/home/runner/work/ozone/ozone/hadoop-hdds/interface-server/target/hdds-interface-server-2.1.0-SNAPSHOT.jar:/home/runner/work/ozone/ozone/hadoop-hdds/framework/target/hdds-server-framework-2.1.0-SNAPSHOT.jar:/home/runner/.m2/repository/org/apache/ratis/ratis-client/3.1.2/ratis-client-3.1.2.jar:/home/runner/.m2/repository/org/apache/ratis/ratis-common/3.1.2/ratis-common-3.1.2.jar:/home/runner/.m2/repository/org/apache/ratis/ratis-grpc/3.1.2/ratis-grpc-3.1.2.jar:/home/runner/.m2/repository/org/apache/ratis/ratis-netty/3.1.2/ratis-netty-3.1.2.jar:/home/runner/.m2/repository/org/apache/ratis/ratis-proto/3.1.2/ratis-proto-3.1.2.jar:/home/runner/.m2/repository/org/apache/ratis/ratis-server-api/3.1.2/ratis-server-api-3.1.2.jar:/home/runner/.m2/repository/org/apache/ratis/ratis-thirdparty-misc/1.0.6/ratis-thirdparty-misc-1.0.6.jar:/home/runner/.m2/repository/org/bouncycastle/bcpkix-jdk18on/1.80/bcpkix-jdk18on-1.80.jar:/home/runner/.m2/repository/org/bouncycastle/bcprov-jdk18on/1.80/bcprov-jdk18on-1.80.jar:/home/runner/.m2/repository/org/eclipse/jetty/jetty-webapp/9.4.57.v20241219/jetty-webapp-9.4.57.v20241219.jar:/home/runner/.m2/repository/org/eclipse/jetty/jetty-xml/9.4.57.v20241219/jetty-xml-9.4.57.v20241219.jar:/home/runner/.m2/repository/org/slf4j/slf4j-api/2.0.17/slf4j-api-2.0.17.jar:/home/runner/work/ozone/ozone/hadoop-hdds/tools/target/hdds-tools-2.1.0-SNAPSHOT.jar:/home/runner/.m2/repository/ch/qos/reload4j/reload4j/1.2.26/reload4j-1.2.26.jar:/home/runner/.m2/repository/com/fasterxml/jackson/datatype/jackson-datatype-jsr310/2.16.2/jackson-datatype-jsr310-2.16.2.jar:/home/runner/.m2/repository/commons-cli/commons-cli/1.8.0/commons-cli-1.8.0.jar:/home/runner/.m2/repository/org/apache/ratis/ratis-tools/3.1.2/ratis-tools-3.1.2.jar:/home/runner/.m2/repository/org/kohsuke/metainf-services/metainf-services/1.11/metainf-services-1.11.jar:/home/runner/.m2/repository/org/slf4j/slf4j-reload4j/2.0.17/slf4j-reload4j-2.0.17.jar:/home/runner/.m2/repository/org/xerial/sqlite-jdbc/3.49.1.0/sqlite-jdbc-3.49.1.0.jar:/home/runner/work/ozone/ozone/hadoop-ozone/cli-shell/target/ozone-cli-shell-2.1.0-SNAPSHOT.jar:/home/runner/.m2/repository/commons-codec/commons-codec/1.17.1/commons-codec-1.17.1.jar:/home/runner/.m2/repository/info/picocli/picocli-shell-jline3/4.7.7/picocli-shell-jline3-4.7.7.jar:/home/runner/.m2/repository/jakarta/xml/bind/jakarta.xml.bind-api/2.3.3/jakarta.xml.bind-api-2.3.3.jar:/home/runner/.m2/repository/org/apache/httpcomponents/httpclient/4.5.14/httpclient-4.5.14.jar:/home/runner/work/ozone/ozone/hadoop-ozone/ozonefs-common/target/ozone-filesystem-common-2.1.0-SNAPSHOT.jar:/home/runner/work/ozone/ozone/hadoop-ozone/interface-client/target/ozone-interface-client-2.1.0-SNAPSHOT.jar:/home/runner/.m2/repository/org/jline/jline/3.29.0/jline-3.29.0.jar:/home/runner/work/ozone/ozone/hadoop-ozone/client/target/ozone-client-2.1.0-SNAPSHOT.jar:/home/runner/.m2/repository/com/github/stephenc/jcip/jcip-annotations/1.0-1/jcip-annotations-1.0-1.jar:/home/runner/work/ozone/ozone/hadoop-hdds/erasurecode/target/hdds-erasurecode-2.1.0-SNAPSHOT.jar:/home/runner/work/ozone/ozone/hadoop-ozone/common/target/ozone-common-2.1.0-SNAPSHOT.jar:/home/runner/.m2/repository/io/grpc/grpc-api/1.58.0/grpc-api-1.58.0.jar:/home/runner/.m2/repository/io/grpc/grpc-netty/1.58.0/grpc-netty-1.58.0.jar:/home/runner/.m2/repository/io/grpc/grpc-core/1.58.0/grpc-core-1.58.0.jar:/home/runner/.m2/repository/com/google/android/annotations/4.1.1.4/annotations-4.1.1.4.jar:/home/runner/.m2/repository/org/codehaus/mojo/animal-sniffer-annotations/1.23/animal-sniffer-annotations-1.23.jar:/home/runner/.m2/repository/io/grpc/grpc-context/1.58.0/grpc-context-1.58.0.jar:/home/runner/.m2/repository/io/grpc/grpc-util/1.58.0/grpc-util-1.58.0.jar:/home/runner/.m2/repository/io/perfmark/perfmark-api/0.26.0/perfmark-api-0.26.0.jar:/home/runner/.m2/repository/io/grpc/grpc-stub/1.58.0/grpc-stub-1.58.0.jar:/home/runner/.m2/repository/io/netty/netty-codec-http2/4.1.109.Final/netty-codec-http2-4.1.109.Final.jar:/home/runner/.m2/repository/io/netty/netty-codec-http/4.1.109.Final/netty-codec-http-4.1.109.Final.jar:/home/runner/.m2/repository/io/netty/netty-common/4.1.109.Final/netty-common-4.1.109.Final.jar:/home/runner/.m2/repository/io/netty/netty-handler/4.1.109.Final/netty-handler-4.1.109.Final.jar:/home/runner/.m2/repository/io/netty/netty-resolver/4.1.109.Final/netty-resolver-4.1.109.Final.jar:/home/runner/.m2/repository/io/netty/netty-handler-proxy/4.1.109.Final/netty-handler-proxy-4.1.109.Final.jar:/home/runner/.m2/repository/io/netty/netty-codec-socks/4.1.109.Final/netty-codec-socks-4.1.109.Final.jar:/home/runner/.m2/repository/org/apache/httpcomponents/httpcore/4.4.16/httpcore-4.4.16.jar:/home/runner/.m2/repository/io/netty/netty-tcnative-boringssl-static/2.0.65.Final/netty-tcnative-boringssl-static-2.0.65.Final.jar:/home/runner/.m2/repository/io/netty/netty-tcnative-classes/2.0.65.Final/netty-tcnative-classes-2.0.65.Final.jar:/home/runner/.m2/repository/io/netty/netty-tcnative-boringssl-static/2.0.65.Final/netty-tcnative-boringssl-static-2.0.65.Final-linux-x86_64.jar:/home/runner/.m2/repository/io/netty/netty-tcnative-boringssl-static/2.0.65.Final/netty-tcnative-boringssl-static-2.0.65.Final-linux-aarch_64.jar:/home/runner/.m2/repository/io/netty/netty-tcnative-boringssl-static/2.0.65.Final/netty-tcnative-boringssl-static-2.0.65.Final-osx-x86_64.jar:/home/runner/.m2/repository/io/netty/netty-tcnative-boringssl-static/2.0.65.Final/netty-tcnative-boringssl-static-2.0.65.Final-osx-aarch_64.jar:/home/runner/.m2/repository/io/netty/netty-tcnative-boringssl-static/2.0.65.Final/netty-tcnative-boringssl-static-2.0.65.Final-windows-x86_64.jar:/home/runner/work/ozone/ozone/hadoop-ozone/csi/target/ozone-csi-2.1.0-SNAPSHOT.jar:/home/runner/.m2/repository/com/google/protobuf/protobuf-java-util/3.19.6/protobuf-java-util-3.19.6.jar:/home/runner/.m2/repository/io/grpc/grpc-protobuf/1.58.0/grpc-protobuf-1.58.0.jar:/home/runner/.m2/repository/com/google/api/grpc/proto-google-common-protos/2.22.0/proto-google-common-protos-2.22.0.jar:/home/runner/.m2/repository/io/grpc/grpc-protobuf-lite/1.58.0/grpc-protobuf-lite-1.58.0.jar:/home/runner/.m2/repository/io/netty/netty-transport/4.1.109.Final/netty-transport-4.1.109.Final.jar:/home/runner/.m2/repository/io/netty/netty-transport-classes-epoll/4.1.109.Final/netty-transport-classes-epoll-4.1.109.Final.jar:/home/runner/.m2/repository/io/netty/netty-transport-native-epoll/4.1.109.Final/netty-transport-native-epoll-4.1.109.Final-linux-x86_64.jar:/home/runner/.m2/repository/io/netty/netty-transport-native-unix-common/4.1.109.Final/netty-transport-native-unix-common-4.1.109.Final.jar:/home/runner/work/ozone/ozone/hadoop-ozone/ozonefs/target/ozone-filesystem-2.1.0-SNAPSHOT.jar:/home/runner/.m2/repository/io/opentracing/opentracing-api/0.33.0/opentracing-api-0.33.0.jar:/home/runner/.m2/repository/io/opentracing/opentracing-util/0.33.0/opentracing-util-0.33.0.jar:/home/runner/.m2/repository/io/opentracing/opentracing-noop/0.33.0/opentracing-noop-0.33.0.jar:/home/runner/work/ozone/ozone/hadoop-ozone/ozone-manager/target/ozone-manager-2.1.0-SNAPSHOT.jar:/home/runner/.m2/repository/com/sun/jersey/jersey-client/1.19.4/jersey-client-1.19.4.jar:/home/runner/.m2/repository/org/apache/kerby/kerby-util/1.0.1/kerby-util-1.0.1.jar:/home/runner/.m2/repository/org/apache/logging/log4j/log4j-api/2.24.2/log4j-api-2.24.2.jar:/home/runner/work/ozone/ozone/hadoop-hdds/managed-rocksdb/target/hdds-managed-rocksdb-2.1.0-SNAPSHOT.jar:/home/runner/work/ozone/ozone/hadoop-hdds/rocks-native/target/hdds-rocks-native-2.1.0-SNAPSHOT.jar:/home/runner/.m2/repository/org/eclipse/jetty/jetty-io/9.4.57.v20241219/jetty-io-9.4.57.v20241219.jar:/home/runner/work/ozone/ozone/hadoop-ozone/interface-storage/target/ozone-interface-storage-2.1.0-SNAPSHOT.jar:/home/runner/work/ozone/ozone/hadoop-hdds/rocksdb-checkpoint-differ/target/rocksdb-checkpoint-differ-2.1.0-SNAPSHOT.jar:/home/runner/.m2/repository/com/github/vlsi/mxgraph/jgraphx/3.9.12/jgraphx-3.9.12.jar:/home/runner/.m2/repository/org/jgrapht/jgrapht-core/1.4.0/jgrapht-core-1.4.0.jar:/home/runner/.m2/repository/org/jheaps/jheaps/0.11/jheaps-0.11.jar:/home/runner/.m2/repository/org/jgrapht/jgrapht-ext/1.4.0/jgrapht-ext-1.4.0.jar:/home/runner/.m2/repository/org/apache/ranger/ranger-intg/2.6.0/ranger-intg-2.6.0.jar:/home/runner/.m2/repository/org/apache/ranger/ranger-plugins-common/2.6.0/ranger-plugins-common-2.6.0.jar:/home/runner/.m2/repository/com/fasterxml/jackson/jaxrs/jackson-jaxrs-base/2.16.2/jackson-jaxrs-base-2.16.2.jar:/home/runner/.m2/repository/com/fasterxml/jackson/jaxrs/jackson-jaxrs-json-provider/2.16.2/jackson-jaxrs-json-provider-2.16.2.jar:/home/runner/.m2/repository/com/kstruct/gethostname4j/1.0.0/gethostname4j-1.0.0.jar:/home/runner/.m2/repository/commons-lang/commons-lang/2.6/commons-lang-2.6.jar:/home/runner/.m2/repository/net/java/dev/jna/jna/5.2.0/jna-5.2.0.jar:/home/runner/.m2/repository/net/java/dev/jna/jna-platform/5.2.0/jna-platform-5.2.0.jar:/home/runner/.m2/repository/org/apache/ranger/ranger-plugin-classloader/2.6.0/ranger-plugin-classloader-2.6.0.jar:/home/runner/.m2/repository/org/apache/ranger/ranger-plugins-audit/2.6.0/ranger-plugins-audit-2.6.0.jar:/home/runner/.m2/repository/com/amazonaws/aws-java-sdk-logs/1.12.765/aws-java-sdk-logs-1.12.765.jar:/home/runner/.m2/repository/com/carrotsearch/hppc/0.8.0/hppc-0.8.0.jar:/home/runner/.m2/repository/io/airlift/aircompressor/0.27/aircompressor-0.27.jar:/home/runner/.m2/repository/org/apache/httpcomponents/httpasyncclient/4.1.4/httpasyncclient-4.1.4.jar:/home/runner/.m2/repository/org/apache/httpcomponents/httpcore-nio/4.4.16/httpcore-nio-4.4.16.jar:/home/runner/.m2/repository/org/apache/httpcomponents/httpmime/4.5.13/httpmime-4.5.13.jar:/home/runner/.m2/repository/org/apache/orc/orc-core/1.5.8/orc-core-1.5.8.jar:/home/runner/.m2/repository/org/apache/orc/orc-shims/1.5.8/orc-shims-1.5.8.jar:/home/runner/.m2/repository/org/eclipse/jetty/jetty-client/9.4.57.v20241219/jetty-client-9.4.57.v20241219.jar:/home/runner/.m2/repository/org/apache/ranger/ranger-plugins-cred/2.6.0/ranger-plugins-cred-2.6.0.jar:/home/runner/.m2/repository/org/aspectj/aspectjrt/1.9.7/aspectjrt-1.9.7.jar:/home/runner/.m2/repository/org/aspectj/aspectjweaver/1.9.7/aspectjweaver-1.9.7.jar:/home/runner/.m2/repository/org/eclipse/jetty/jetty-util/9.4.57.v20241219/jetty-util-9.4.57.v20241219.jar:/home/runner/.m2/repository/org/reflections/reflections/0.10.2/reflections-0.10.2.jar:/home/runner/.m2/repository/org/rocksdb/rocksdbjni/7.7.3/rocksdbjni-7.7.3.jar:/home/runner/work/ozone/ozone/hadoop-ozone/recon/target/ozone-recon-2.1.0-SNAPSHOT.jar:/home/runner/.m2/repository/aopalliance/aopalliance/1.0/aopalliance-1.0.jar:/home/runner/.m2/repository/com/google/inject/guice/6.0.0/guice-6.0.0.jar:/home/runner/.m2/repository/jakarta/inject/jakarta.inject-api/2.0.1/jakarta.inject-api-2.0.1.jar:/home/runner/.m2/repository/com/google/inject/extensions/guice-assistedinject/6.0.0/guice-assistedinject-6.0.0.jar:/home/runner/.m2/repository/com/google/inject/extensions/guice-servlet/6.0.0/guice-servlet-6.0.0.jar:/home/runner/.m2/repository/com/jolbox/bonecp/0.8.0.RELEASE/bonecp-0.8.0.RELEASE.jar:/home/runner/.m2/repository/jakarta/activation/jakarta.activation-api/1.2.2/jakarta.activation-api-1.2.2.jar:/home/runner/.m2/repository/jakarta/validation/jakarta.validation-api/2.0.2/jakarta.validation-api-2.0.2.jar:/home/runner/.m2/repository/jakarta/ws/rs/jakarta.ws.rs-api/2.1.6/jakarta.ws.rs-api-2.1.6.jar:/home/runner/.m2/repository/javax/inject/javax.inject/1/javax.inject-1.jar:/home/runner/.m2/repository/org/apache/derby/derby/10.14.2.0/derby-10.14.2.0.jar:/home/runner/work/ozone/ozone/hadoop-ozone/recon-codegen/target/ozone-reconcodegen-2.1.0-SNAPSHOT.jar:/home/runner/.m2/repository/org/eclipse/jetty/jetty-servlet/9.4.57.v20241219/jetty-servlet-9.4.57.v20241219.jar:/home/runner/.m2/repository/org/eclipse/jetty/jetty-security/9.4.57.v20241219/jetty-security-9.4.57.v20241219.jar:/home/runner/.m2/repository/org/glassfish/hk2/guice-bridge/2.6.1/guice-bridge-2.6.1.jar:/home/runner/.m2/repository/org/glassfish/hk2/hk2-api/2.6.1/hk2-api-2.6.1.jar:/home/runner/.m2/repository/org/glassfish/hk2/hk2-utils/2.6.1/hk2-utils-2.6.1.jar:/home/runner/.m2/repository/org/glassfish/hk2/external/aopalliance-repackaged/2.6.1/aopalliance-repackaged-2.6.1.jar:/home/runner/.m2/repository/org/glassfish/hk2/external/jakarta.inject/2.6.1/jakarta.inject-2.6.1.jar:/home/runner/.m2/repository/org/glassfish/jersey/containers/jersey-container-servlet/2.46/jersey-container-servlet-2.46.jar:/home/runner/.m2/repository/org/glassfish/jersey/containers/jersey-container-servlet-core/2.46/jersey-container-servlet-core-2.46.jar:/home/runner/.m2/repository/org/glassfish/jersey/core/jersey-common/2.46/jersey-common-2.46.jar:/home/runner/.m2/repository/org/glassfish/hk2/osgi-resource-locator/1.0.3/osgi-resource-locator-1.0.3.jar:/home/runner/.m2/repository/org/glassfish/jersey/core/jersey-server/2.46/jersey-server-2.46.jar:/home/runner/.m2/repository/org/glassfish/jersey/core/jersey-client/2.46/jersey-client-2.46.jar:/home/runner/.m2/repository/org/glassfish/jersey/inject/jersey-hk2/2.46/jersey-hk2-2.46.jar:/home/runner/.m2/repository/org/glassfish/hk2/hk2-locator/2.6.1/hk2-locator-2.6.1.jar:/home/runner/.m2/repository/org/glassfish/jersey/media/jersey-media-jaxb/2.46/jersey-media-jaxb-2.46.jar:/home/runner/.m2/repository/org/glassfish/jersey/media/jersey-media-json-jackson/2.46/jersey-media-json-jackson-2.46.jar:/home/runner/.m2/repository/org/glassfish/jersey/ext/jersey-entity-filtering/2.46/jersey-entity-filtering-2.46.jar:/home/runner/.m2/repository/com/fasterxml/jackson/module/jackson-module-jaxb-annotations/2.16.2/jackson-module-jaxb-annotations-2.16.2.jar:/home/runner/.m2/repository/org/javassist/javassist/3.30.2-GA/javassist-3.30.2-GA.jar:/home/runner/.m2/repository/org/jooq/jooq/3.11.10/jooq-3.11.10.jar:/home/runner/.m2/repository/org/jooq/jooq-codegen/3.11.10/jooq-codegen-3.11.10.jar:/home/runner/.m2/repository/org/jooq/jooq-meta/3.11.10/jooq-meta-3.11.10.jar:/home/runner/.m2/repository/org/springframework/spring-core/5.3.39/spring-core-5.3.39.jar:/home/runner/.m2/repository/org/springframework/spring-jdbc/5.3.39/spring-jdbc-5.3.39.jar:/home/runner/.m2/repository/org/springframework/spring-beans/5.3.39/spring-beans-5.3.39.jar:/home/runner/.m2/repository/org/springframework/spring-tx/5.3.39/spring-tx-5.3.39.jar:/home/runner/work/ozone/ozone/hadoop-ozone/s3gateway/target/ozone-s3gateway-2.1.0-SNAPSHOT.jar:/home/runner/work/ozone/ozone/hadoop-ozone/tools/target/ozone-tools-2.1.0-SNAPSHOT.jar:/home/runner/.m2/repository/com/amazonaws/aws-java-sdk-core/1.12.661/aws-java-sdk-core-1.12.661.jar:/home/runner/.m2/repository/com/fasterxml/jackson/dataformat/jackson-dataformat-cbor/2.16.2/jackson-dataformat-cbor-2.16.2.jar:/home/runner/.m2/repository/joda-time/joda-time/2.12.7/joda-time-2.12.7.jar:/home/runner/.m2/repository/com/amazonaws/aws-java-sdk-s3/1.12.661/aws-java-sdk-s3-1.12.661.jar:/home/runner/.m2/repository/com/amazonaws/aws-java-sdk-kms/1.12.661/aws-java-sdk-kms-1.12.661.jar:/home/runner/.m2/repository/com/amazonaws/jmespath-java/1.12.661/jmespath-java-1.12.661.jar:/home/runner/.m2/repository/org/apache/ratis/ratis-shell/3.1.2/ratis-shell-3.1.2.jar:/home/runner/.m2/repository/org/glassfish/jaxb/jaxb-runtime/2.3.9/jaxb-runtime-2.3.9.jar:/home/runner/.m2/repository/org/glassfish/jaxb/txw2/2.3.9/txw2-2.3.9.jar:/home/runner/.m2/repository/com/sun/istack/istack-commons-runtime/3.0.12/istack-commons-runtime-3.0.12.jar:/home/runner/.m2/repository/com/sun/activation/jakarta.activation/1.2.2/jakarta.activation-1.2.2.jar:/home/runner/.m2/repository/org/apache/ratis/ratis-server/3.1.2/ratis-server-3.1.2.jar:/home/runner/.m2/repository/org/apache/ratis/ratis-metrics-api/3.1.2/ratis-metrics-api-3.1.2.jar:/home/runner/.m2/repository/org/hamcrest/hamcrest/2.2/hamcrest-2.2.jar:/home/runner/.m2/repository/org/slf4j/jul-to-slf4j/2.0.17/jul-to-slf4j-2.0.17.jar:/home/runner/.m2/repository/org/apache/commons/commons-lang3/3.17.0/commons-lang3-3.17.0.jar:/home/runner/.m2/repository/org/apache/hadoop/hadoop-common/3.4.1/hadoop-common-3.4.1-tests.jar:/home/runner/.m2/repository/org/apache/hadoop/thirdparty/hadoop-shaded-protobuf_3_25/1.4.0/hadoop-shaded-protobuf_3_25-1.4.0.jar:/home/runner/.m2/repository/org/apache/hadoop/hadoop-annotations/3.4.1/hadoop-annotations-3.4.1.jar:/home/runner/.m2/repository/org/apache/hadoop/thirdparty/hadoop-shaded-guava/1.3.0/hadoop-shaded-guava-1.3.0.jar:/home/runner/.m2/repository/org/apache/commons/commons-math3/3.6.1/commons-math3-3.6.1.jar:/home/runner/.m2/repository/commons-net/commons-net/3.11.1/commons-net-3.11.1.jar:/home/runner/.m2/repository/org/eclipse/jetty/jetty-server/9.4.57.v20241219/jetty-server-9.4.57.v20241219.jar:/home/runner/.m2/repository/javax/servlet/jsp/jsp-api/2.1/jsp-api-2.1.jar:/home/runner/.m2/repository/com/sun/jersey/jersey-core/1.19.4/jersey-core-1.19.4.jar:/home/runner/.m2/repository/javax/ws/rs/jsr311-api/1.1.1/jsr311-api-1.1.1.jar:/home/runner/.m2/repository/com/sun/jersey/jersey-servlet/1.19.4/jersey-servlet-1.19.4.jar:/home/runner/.m2/repository/com/github/pjfanning/jersey-json/1.22.0/jersey-json-1.22.0.jar:/home/runner/.m2/repository/com/sun/xml/bind/jaxb-impl/2.2.3-1/jaxb-impl-2.2.3-1.jar:/home/runner/.m2/repository/org/codehaus/jettison/jettison/1.5.4/jettison-1.5.4.jar:/home/runner/.m2/repository/com/sun/jersey/jersey-server/1.19.4/jersey-server-1.19.4.jar:/home/runner/.m2/repository/commons-beanutils/commons-beanutils/1.9.4/commons-beanutils-1.9.4.jar:/home/runner/.m2/repository/org/apache/commons/commons-configuration2/2.11.0/commons-configuration2-2.11.0.jar:/home/runner/.m2/repository/org/apache/avro/avro/1.9.2/avro-1.9.2.jar:/home/runner/.m2/repository/com/google/re2j/re2j/1.7/re2j-1.7.jar:/home/runner/.m2/repository/com/google/code/gson/gson/2.10.1/gson-2.10.1.jar:/home/runner/.m2/repository/org/apache/hadoop/hadoop-auth/3.4.1/hadoop-auth-3.4.1.jar:/home/runner/.m2/repository/org/apache/curator/curator-framework/4.2.0/curator-framework-4.2.0.jar:/home/runner/.m2/repository/com/jcraft/jsch/0.1.55/jsch-0.1.55.jar:/home/runner/.m2/repository/org/apache/curator/curator-client/4.2.0/curator-client-4.2.0.jar:/home/runner/.m2/repository/org/apache/curator/curator-recipes/5.2.0/curator-recipes-5.2.0.jar:/home/runner/.m2/repository/com/google/code/findbugs/jsr305/3.0.2/jsr305-3.0.2.jar:/home/runner/.m2/repository/org/apache/zookeeper/zookeeper/3.8.4/zookeeper-3.8.4.jar:/home/runner/.m2/repository/org/apache/zookeeper/zookeeper-jute/3.8.4/zookeeper-jute-3.8.4.jar:/home/runner/.m2/repository/org/apache/yetus/audience-annotations/0.12.0/audience-annotations-0.12.0.jar:/home/runner/.m2/repository/io/netty/netty-transport-native-epoll/4.1.109.Final/netty-transport-native-epoll-4.1.109.Final.jar:/home/runner/.m2/repository/org/apache/kerby/kerb-core/1.0.1/kerb-core-1.0.1.jar:/home/runner/.m2/repository/org/apache/kerby/kerby-pkix/1.0.1/kerby-pkix-1.0.1.jar:/home/runner/.m2/repository/org/apache/kerby/kerby-asn1/1.0.1/kerby-asn1-1.0.1.jar:/home/runner/.m2/repository/org/codehaus/woodstox/stax2-api/4.2.1/stax2-api-4.2.1.jar:/home/runner/.m2/repository/com/fasterxml/woodstox/woodstox-core/5.4.0/woodstox-core-5.4.0.jar:/home/runner/.m2/repository/dnsjava/dnsjava/3.6.1/dnsjava-3.6.1.jar:/home/runner/.m2/repository/org/xerial/snappy/snappy-java/1.1.10.7/snappy-java-1.1.10.7.jar:/home/runner/.m2/repository/org/apache/hadoop/hadoop-distcp/3.4.1/hadoop-distcp-3.4.1.jar:/home/runner/.m2/repository/org/apache/hadoop/hadoop-distcp/3.4.1/hadoop-distcp-3.4.1-tests.jar:/home/runner/.m2/repository/org/apache/hadoop/hadoop-hdfs/3.4.1/hadoop-hdfs-3.4.1-tests.jar:/home/runner/.m2/repository/org/eclipse/jetty/jetty-util-ajax/9.4.57.v20241219/jetty-util-ajax-9.4.57.v20241219.jar:/home/runner/.m2/repository/commons-daemon/commons-daemon/1.4.0/commons-daemon-1.4.0.jar:/home/runner/.m2/repository/io/netty/netty-all/4.1.109.Final/netty-all-4.1.109.Final.jar:/home/runner/.m2/repository/io/netty/netty-codec-dns/4.1.109.Final/netty-codec-dns-4.1.109.Final.jar:/home/runner/.m2/repository/io/netty/netty-codec-haproxy/4.1.109.Final/netty-codec-haproxy-4.1.109.Final.jar:/home/runner/.m2/repository/io/netty/netty-codec-memcache/4.1.109.Final/netty-codec-memcache-4.1.109.Final.jar:/home/runner/.m2/repository/io/netty/netty-codec-mqtt/4.1.109.Final/netty-codec-mqtt-4.1.109.Final.jar:/home/runner/.m2/repository/io/netty/netty-codec-redis/4.1.109.Final/netty-codec-redis-4.1.109.Final.jar:/home/runner/.m2/repository/io/netty/netty-codec-smtp/4.1.109.Final/netty-codec-smtp-4.1.109.Final.jar:/home/runner/.m2/repository/io/netty/netty-codec-stomp/4.1.109.Final/netty-codec-stomp-4.1.109.Final.jar:/home/runner/.m2/repository/io/netty/netty-codec-xml/4.1.109.Final/netty-codec-xml-4.1.109.Final.jar:/home/runner/.m2/repository/io/netty/netty-handler-ssl-ocsp/4.1.109.Final/netty-handler-ssl-ocsp-4.1.109.Final.jar:/home/runner/.m2/repository/io/netty/netty-resolver-dns/4.1.109.Final/netty-resolver-dns-4.1.109.Final.jar:/home/runner/.m2/repository/io/netty/netty-transport-rxtx/4.1.109.Final/netty-transport-rxtx-4.1.109.Final.jar:/home/runner/.m2/repository/io/netty/netty-transport-sctp/4.1.109.Final/netty-transport-sctp-4.1.109.Final.jar:/home/runner/.m2/repository/io/netty/netty-transport-udt/4.1.109.Final/netty-transport-udt-4.1.109.Final.jar:/home/runner/.m2/repository/io/netty/netty-transport-classes-kqueue/4.1.109.Final/netty-transport-classes-kqueue-4.1.109.Final.jar:/home/runner/.m2/repository/io/netty/netty-resolver-dns-classes-macos/4.1.109.Final/netty-resolver-dns-classes-macos-4.1.109.Final.jar:/home/runner/.m2/repository/io/netty/netty-transport-native-epoll/4.1.109.Final/netty-transport-native-epoll-4.1.109.Final-linux-aarch_64.jar:/home/runner/.m2/repository/io/netty/netty-transport-native-epoll/4.1.109.Final/netty-transport-native-epoll-4.1.109.Final-linux-riscv64.jar:/home/runner/.m2/repository/io/netty/netty-transport-native-kqueue/4.1.109.Final/netty-transport-native-kqueue-4.1.109.Final-osx-x86_64.jar:/home/runner/.m2/repository/io/netty/netty-transport-native-kqueue/4.1.109.Final/netty-transport-native-kqueue-4.1.109.Final-osx-aarch_64.jar:/home/runner/.m2/repository/io/netty/netty-resolver-dns-native-macos/4.1.109.Final/netty-resolver-dns-native-macos-4.1.109.Final-osx-x86_64.jar:/home/runner/.m2/repository/io/netty/netty-resolver-dns-native-macos/4.1.109.Final/netty-resolver-dns-native-macos-4.1.109.Final-osx-aarch_64.jar:/home/runner/.m2/repository/org/fusesource/leveldbjni/leveldbjni-all/1.8/leveldbjni-all-1.8.jar:/home/runner/.m2/repository/org/apache/hadoop/hadoop-kms/3.4.1/hadoop-kms-3.4.1.jar:/home/runner/.m2/repository/org/apache/hadoop/hadoop-common/3.4.1/hadoop-common-3.4.1.jar:/home/runner/.m2/repository/org/apache/hadoop/hadoop-kms/3.4.1/hadoop-kms-3.4.1-tests.jar:/home/runner/.m2/repository/org/apache/hadoop/hadoop-mapreduce-client-core/3.4.1/hadoop-mapreduce-client-core-3.4.1.jar:/home/runner/.m2/repository/org/apache/hadoop/hadoop-yarn-client/3.4.1/hadoop-yarn-client-3.4.1.jar:/home/runner/.m2/repository/org/eclipse/jetty/websocket/websocket-client/9.4.53.v20231009/websocket-client-9.4.53.v20231009.jar:/home/runner/.m2/repository/org/eclipse/jetty/websocket/websocket-common/9.4.53.v20231009/websocket-common-9.4.53.v20231009.jar:/home/runner/.m2/repository/org/eclipse/jetty/websocket/websocket-api/9.4.53.v20231009/websocket-api-9.4.53.v20231009.jar:/home/runner/.m2/repository/org/apache/hadoop/hadoop-yarn-api/3.4.1/hadoop-yarn-api-3.4.1.jar:/home/runner/.m2/repository/org/apache/hadoop/hadoop-yarn-common/3.4.1/hadoop-yarn-common-3.4.1.jar:/home/runner/.m2/repository/javax/xml/bind/jaxb-api/2.2.11/jaxb-api-2.2.11.jar:/home/runner/.m2/repository/com/sun/jersey/contribs/jersey-guice/1.19.4/jersey-guice-1.19.4.jar:/home/runner/.m2/repository/org/apache/hadoop/hadoop-hdfs-client/3.4.1/hadoop-hdfs-client-3.4.1.jar:/home/runner/.m2/repository/org/apache/hadoop/hadoop-mapreduce-client-jobclient/3.4.1/hadoop-mapreduce-client-jobclient-3.4.1.jar:/home/runner/.m2/repository/org/apache/hadoop/hadoop-mapreduce-client-common/3.4.1/hadoop-mapreduce-client-common-3.4.1.jar:/home/runner/.m2/repository/org/apache/hadoop/hadoop-minikdc/3.4.1/hadoop-minikdc-3.4.1.jar:/home/runner/.m2/repository/org/apache/kerby/kerb-simplekdc/2.0.3/kerb-simplekdc-2.0.3.jar:/home/runner/.m2/repository/org/apache/kerby/kerb-client/2.0.3/kerb-client-2.0.3.jar:/home/runner/.m2/repository/org/apache/kerby/kerb-common/2.0.3/kerb-common-2.0.3.jar:/home/runner/.m2/repository/org/apache/kerby/token-provider/2.0.3/token-provider-2.0.3.jar:/home/runner/.m2/repository/org/apache/kerby/kerb-admin/2.0.3/kerb-admin-2.0.3.jar:/home/runner/.m2/repository/org/apache/kerby/kerb-server/2.0.3/kerb-server-2.0.3.jar:/home/runner/.m2/repository/org/apache/kerby/kerb-identity/2.0.3/kerb-identity-2.0.3.jar:/home/runner/.m2/repository/org/apache/kerby/kerby-xdr/2.0.3/kerby-xdr-2.0.3.jar:/home/runner/.m2/repository/junit/junit/4.13.2/junit-4.13.2.jar:/home/runner/.m2/repository/org/hamcrest/hamcrest-core/1.3/hamcrest-core-1.3.jar:/home/runner/work/ozone/ozone/hadoop-hdds/common/target/hdds-common-2.1.0-SNAPSHOT-tests.jar:/home/runner/.m2/repository/commons-validator/commons-validator/1.6/commons-validator-1.6.jar:/home/runner/.m2/repository/commons-digester/commons-digester/1.8.1/commons-digester-1.8.1.jar:/home/runner/.m2/repository/io/jaegertracing/jaeger-client/1.8.1/jaeger-client-1.8.1.jar:/home/runner/.m2/repository/io/jaegertracing/jaeger-thrift/1.8.1/jaeger-thrift-1.8.1.jar:/home/runner/.m2/repository/org/apache/thrift/libthrift/0.15.0/libthrift-0.15.0.jar:/home/runner/.m2/repository/com/squareup/okhttp3/okhttp/4.12.0/okhttp-4.12.0.jar:/home/runner/.m2/repository/com/squareup/okio/okio/3.6.0/okio-3.6.0.jar:/home/runner/.m2/repository/com/squareup/okio/okio-jvm/3.6.0/okio-jvm-3.6.0.jar:/home/runner/.m2/repository/org/jetbrains/kotlin/kotlin-stdlib-common/1.9.25/kotlin-stdlib-common-1.9.25.jar:/home/runner/.m2/repository/org/jetbrains/kotlin/kotlin-stdlib-jdk8/1.9.25/kotlin-stdlib-jdk8-1.9.25.jar:/home/runner/.m2/repository/org/jetbrains/kotlin/kotlin-stdlib-jdk7/1.9.25/kotlin-stdlib-jdk7-1.9.25.jar:/home/runner/.m2/repository/io/jaegertracing/jaeger-tracerresolver/1.8.1/jaeger-tracerresolver-1.8.1.jar:/home/runner/.m2/repository/io/opentracing/contrib/opentracing-tracerresolver/0.1.8/opentracing-tracerresolver-0.1.8.jar:/home/runner/.m2/repository/io/jaegertracing/jaeger-core/1.8.1/jaeger-core-1.8.1.jar:/home/runner/.m2/repository/javax/annotation/javax.annotation-api/1.3.2/javax.annotation-api-1.3.2.jar:/home/runner/work/ozone/ozone/hadoop-hdds/annotations/target/hdds-annotation-processing-2.1.0-SNAPSHOT.jar:/home/runner/.m2/repository/org/apache/ratis/ratis-metrics-dropwizard3/3.1.2/ratis-metrics-dropwizard3-3.1.2.jar:/home/runner/.m2/repository/org/bouncycastle/bcutil-jdk18on/1.80/bcutil-jdk18on-1.80.jar:/home/runner/.m2/repository/org/jetbrains/kotlin/kotlin-stdlib/1.9.25/kotlin-stdlib-1.9.25.jar:/home/runner/.m2/repository/org/jetbrains/annotations/13.0/annotations-13.0.jar:/home/runner/.m2/repository/org/slf4j/jcl-over-slf4j/2.0.17/jcl-over-slf4j-2.0.17.jar:/home/runner/.m2/repository/org/yaml/snakeyaml/2.0/snakeyaml-2.0.jar:/home/runner/work/ozone/ozone/hadoop-hdds/container-service/target/hdds-container-service-2.1.0-SNAPSHOT-tests.jar:/home/runner/.m2/repository/com/github/luben/zstd-jni/1.5.7-2/zstd-jni-1.5.7-2.jar:/home/runner/.m2/repository/io/netty/netty-buffer/4.1.109.Final/netty-buffer-4.1.109.Final.jar:/home/runner/.m2/repository/io/netty/netty-codec/4.1.109.Final/netty-codec-4.1.109.Final.jar:/home/runner/work/ozone/ozone/hadoop-hdds/framework/target/hdds-server-framework-2.1.0-SNAPSHOT-tests.jar:/home/runner/.m2/repository/com/github/jnr/jnr-constants/0.10.4/jnr-constants-0.10.4.jar:/home/runner/.m2/repository/com/github/jnr/jnr-posix/3.1.20/jnr-posix-3.1.20.jar:/home/runner/.m2/repository/com/github/jnr/jnr-ffi/2.2.17/jnr-ffi-2.2.17.jar:/home/runner/.m2/repository/com/github/jnr/jffi/1.3.13/jffi-1.3.13.jar:/home/runner/.m2/repository/com/github/jnr/jffi/1.3.13/jffi-1.3.13-native.jar:/home/runner/.m2/repository/org/ow2/asm/asm/9.7.1/asm-9.7.1.jar:/home/runner/.m2/repository/org/ow2/asm/asm-commons/9.7.1/asm-commons-9.7.1.jar:/home/runner/.m2/repository/org/ow2/asm/asm-analysis/9.7.1/asm-analysis-9.7.1.jar:/home/runner/.m2/repository/org/ow2/asm/asm-tree/9.7.1/asm-tree-9.7.1.jar:/home/runner/.m2/repository/org/ow2/asm/asm-util/9.7.1/asm-util-9.7.1.jar:/home/runner/.m2/repository/com/github/jnr/jnr-a64asm/1.0.0/jnr-a64asm-1.0.0.jar:/home/runner/.m2/repository/com/github/jnr/jnr-x86asm/1.0.2/jnr-x86asm-1.0.2.jar:/home/runner/.m2/repository/commons-fileupload/commons-fileupload/1.5/commons-fileupload-1.5.jar:/home/runner/.m2/repository/io/prometheus/simpleclient/0.16.0/simpleclient-0.16.0.jar:/home/runner/.m2/repository/io/prometheus/simpleclient_common/0.16.0/simpleclient_common-0.16.0.jar:/home/runner/.m2/repository/io/prometheus/simpleclient_dropwizard/0.16.0/simpleclient_dropwizard-0.16.0.jar:/home/runner/.m2/repository/org/apache/logging/log4j/log4j-core/2.24.2/log4j-core-2.24.2.jar:/home/runner/.m2/repository/org/eclipse/jetty/jetty-http/9.4.57.v20241219/jetty-http-9.4.57.v20241219.jar:/home/runner/.m2/repository/com/lmax/disruptor/3.4.4/disruptor-3.4.4.jar:/home/runner/work/ozone/ozone/hadoop-hdds/server-scm/target/hdds-server-scm-2.1.0-SNAPSHOT-tests.jar:/home/runner/work/ozone/ozone/hadoop-hdds/test-utils/target/hdds-test-utils-2.1.0-SNAPSHOT-tests.jar:/home/runner/work/ozone/ozone/hadoop-ozone/ozone-manager/target/ozone-manager-2.1.0-SNAPSHOT-tests.jar:/home/runner/work/ozone/ozone/hadoop-ozone/mini-cluster/target/ozone-mini-cluster-2.1.0-SNAPSHOT.jar:/home/runner/.m2/repository/org/assertj/assertj-core/3.27.3/assertj-core-3.27.3.jar:/home/runner/.m2/repository/net/bytebuddy/byte-buddy/1.15.11/byte-buddy-1.15.11.jar:/home/runner/.m2/repository/org/junit/jupiter/junit-jupiter-api/5.12.2/junit-jupiter-api-5.12.2.jar:/home/runner/.m2/repository/org/opentest4j/opentest4j/1.3.0/opentest4j-1.3.0.jar:/home/runner/.m2/repository/org/junit/platform/junit-platform-commons/1.12.2/junit-platform-commons-1.12.2.jar:/home/runner/.m2/repository/org/apiguardian/apiguardian-api/1.1.2/apiguardian-api-1.1.2.jar:/home/runner/.m2/repository/org/junit/jupiter/junit-jupiter-params/5.12.2/junit-jupiter-params-5.12.2.jar:/home/runner/.m2/repository/org/mockito/mockito-core/4.11.0/mockito-core-4.11.0.jar:/home/runner/.m2/repository/net/bytebuddy/byte-buddy-agent/1.12.19/byte-buddy-agent-1.12.19.jar:/home/runner/.m2/repository/org/objenesis/objenesis/3.3/objenesis-3.3.jar:/home/runner/.m2/repository/org/mockito/mockito-inline/4.11.0/mockito-inline-4.11.0.jar:/home/runner/.m2/repository/org/mockito/mockito-junit-jupiter/4.11.0/mockito-junit-jupiter-4.11.0.jar:/home/runner/work/ozone/ozone/hadoop-ozone/integration-test/target/gradle-enterprise/test-listeners.jar:"/>
    <property name="java.vm.vendor" value="Eclipse Adoptium"/>
    <property name="sun.arch.data.model" value="64"/>
    <property name="test.build.dir" value="/home/runner/work/ozone/ozone/hadoop-ozone/integration-test/target/test-dir"/>
    <property name="test.cache.data" value=""/>
    <property name="java.vendor.url" value="https://adoptium.net/"/>
    <property name="user.timezone" value="Etc/UTC"/>
    <property name="maven-surefire-plugin.argLineAccessArgs" value=" --add-opens java.management/com.sun.jmx.mbeanserver=ALL-UNNAMED --add-exports java.management/com.sun.jmx.mbeanserver=ALL-UNNAMED --add-opens java.base/java.nio=ALL-UNNAMED --add-opens java.base/java.lang=ALL-UNNAMED --add-opens java.base/java.lang.reflect=ALL-UNNAMED"/>
    <property name="os.name" value="Linux"/>
    <property name="java.vm.specification.version" value="21"/>
    <property name="test.build.data" value="/home/runner/work/ozone/ozone/hadoop-ozone/integration-test/target/test-dir"/>
    <property name="sun.java.launcher" value="SUN_STANDARD"/>
    <property name="sun.boot.library.path" value="/usr/lib/jvm/temurin-21-jdk-amd64/lib"/>
    <property name="sun.java.command" value="/home/runner/work/ozone/ozone/hadoop-ozone/integration-test/target/surefire/surefirebooter-20250424134047380_1664.jar /home/runner/work/ozone/ozone/hadoop-ozone/integration-test/target/surefire 2025-04-24T13-19-00_745-jvmRun1 surefire-20250424134047380_1662tmp surefire_204-20250424134047380_1663tmp"/>
    <property name="jdk.debug" value="release"/>
    <property name="native.lib.tmp.dir" value="/tmp"/>
    <property name="surefire.test.class.path" value="/home/runner/work/ozone/ozone/hadoop-ozone/integration-test/target/test-classes:/home/runner/work/ozone/ozone/hadoop-ozone/integration-test/target/classes:/home/runner/work/ozone/ozone/hadoop-hdds/server-scm/target/hdds-server-scm-2.1.0-SNAPSHOT.jar:/home/runner/.m2/repository/com/fasterxml/jackson/core/jackson-annotations/2.16.2/jackson-annotations-2.16.2.jar:/home/runner/.m2/repository/com/fasterxml/jackson/core/jackson-core/2.16.2/jackson-core-2.16.2.jar:/home/runner/.m2/repository/com/fasterxml/jackson/core/jackson-databind/2.16.2/jackson-databind-2.16.2.jar:/home/runner/.m2/repository/com/google/guava/guava/32.1.3-jre/guava-32.1.3-jre.jar:/home/runner/.m2/repository/com/google/guava/failureaccess/1.0.1/failureaccess-1.0.1.jar:/home/runner/.m2/repository/com/google/guava/listenablefuture/9999.0-empty-to-avoid-conflict-with-guava/listenablefuture-9999.0-empty-to-avoid-conflict-with-guava.jar:/home/runner/.m2/repository/org/checkerframework/checker-qual/3.37.0/checker-qual-3.37.0.jar:/home/runner/.m2/repository/com/google/errorprone/error_prone_annotations/2.29.2/error_prone_annotations-2.29.2.jar:/home/runner/.m2/repository/com/google/j2objc/j2objc-annotations/2.8/j2objc-annotations-2.8.jar:/home/runner/.m2/repository/com/google/protobuf/protobuf-java/2.5.0/protobuf-java-2.5.0.jar:/home/runner/.m2/repository/commons-collections/commons-collections/3.2.2/commons-collections-3.2.2.jar:/home/runner/.m2/repository/commons-io/commons-io/2.18.0/commons-io-2.18.0.jar:/home/runner/.m2/repository/info/picocli/picocli/4.7.7/picocli-4.7.7.jar:/home/runner/.m2/repository/io/dropwizard/metrics/metrics-core/3.2.6/metrics-core-3.2.6.jar:/home/runner/.m2/repository/jakarta/annotation/jakarta.annotation-api/2.1.1/jakarta.annotation-api-2.1.1.jar:/home/runner/.m2/repository/javax/servlet/javax.servlet-api/3.1.0/javax.servlet-api-3.1.0.jar:/home/runner/.m2/repository/org/apache/commons/commons-compress/1.27.1/commons-compress-1.27.1.jar:/home/runner/.m2/repository/org/apache/commons/commons-text/1.12.0/commons-text-1.12.0.jar:/home/runner/work/ozone/ozone/hadoop-hdds/client/target/hdds-client-2.1.0-SNAPSHOT.jar:/home/runner/work/ozone/ozone/hadoop-hdds/common/target/hdds-common-2.1.0-SNAPSHOT.jar:/home/runner/work/ozone/ozone/hadoop-hdds/config/target/hdds-config-2.1.0-SNAPSHOT.jar:/home/runner/work/ozone/ozone/hadoop-hdds/container-service/target/hdds-container-service-2.1.0-SNAPSHOT.jar:/home/runner/work/ozone/ozone/hadoop-hdds/hadoop-dependency-client/target/hdds-hadoop-dependency-client-2.1.0-SNAPSHOT.jar:/home/runner/.m2/repository/com/nimbusds/nimbus-jose-jwt/9.40/nimbus-jose-jwt-9.40.jar:/home/runner/work/ozone/ozone/hadoop-hdds/hadoop-dependency-server/target/hdds-hadoop-dependency-server-2.1.0-SNAPSHOT.jar:/home/runner/.m2/repository/org/apache/hadoop/hadoop-hdfs/3.4.1/hadoop-hdfs-3.4.1.jar:/home/runner/.m2/repository/org/apache/kerby/kerb-util/1.0.1/kerb-util-1.0.1.jar:/home/runner/.m2/repository/org/apache/kerby/kerby-config/1.0.1/kerby-config-1.0.1.jar:/home/runner/.m2/repository/org/apache/kerby/kerb-crypto/1.0.1/kerb-crypto-1.0.1.jar:/home/runner/work/ozone/ozone/hadoop-hdds/interface-admin/target/hdds-interface-admin-2.1.0-SNAPSHOT.jar:/home/runner/work/ozone/ozone/hadoop-hdds/interface-client/target/hdds-interface-client-2.1.0-SNAPSHOT.jar:/home/runner/work/ozone/ozone/hadoop-hdds/interface-server/target/hdds-interface-server-2.1.0-SNAPSHOT.jar:/home/runner/work/ozone/ozone/hadoop-hdds/framework/target/hdds-server-framework-2.1.0-SNAPSHOT.jar:/home/runner/.m2/repository/org/apache/ratis/ratis-client/3.1.2/ratis-client-3.1.2.jar:/home/runner/.m2/repository/org/apache/ratis/ratis-common/3.1.2/ratis-common-3.1.2.jar:/home/runner/.m2/repository/org/apache/ratis/ratis-grpc/3.1.2/ratis-grpc-3.1.2.jar:/home/runner/.m2/repository/org/apache/ratis/ratis-netty/3.1.2/ratis-netty-3.1.2.jar:/home/runner/.m2/repository/org/apache/ratis/ratis-proto/3.1.2/ratis-proto-3.1.2.jar:/home/runner/.m2/repository/org/apache/ratis/ratis-server-api/3.1.2/ratis-server-api-3.1.2.jar:/home/runner/.m2/repository/org/apache/ratis/ratis-thirdparty-misc/1.0.6/ratis-thirdparty-misc-1.0.6.jar:/home/runner/.m2/repository/org/bouncycastle/bcpkix-jdk18on/1.80/bcpkix-jdk18on-1.80.jar:/home/runner/.m2/repository/org/bouncycastle/bcprov-jdk18on/1.80/bcprov-jdk18on-1.80.jar:/home/runner/.m2/repository/org/eclipse/jetty/jetty-webapp/9.4.57.v20241219/jetty-webapp-9.4.57.v20241219.jar:/home/runner/.m2/repository/org/eclipse/jetty/jetty-xml/9.4.57.v20241219/jetty-xml-9.4.57.v20241219.jar:/home/runner/.m2/repository/org/slf4j/slf4j-api/2.0.17/slf4j-api-2.0.17.jar:/home/runner/work/ozone/ozone/hadoop-hdds/tools/target/hdds-tools-2.1.0-SNAPSHOT.jar:/home/runner/.m2/repository/ch/qos/reload4j/reload4j/1.2.26/reload4j-1.2.26.jar:/home/runner/.m2/repository/com/fasterxml/jackson/datatype/jackson-datatype-jsr310/2.16.2/jackson-datatype-jsr310-2.16.2.jar:/home/runner/.m2/repository/commons-cli/commons-cli/1.8.0/commons-cli-1.8.0.jar:/home/runner/.m2/repository/org/apache/ratis/ratis-tools/3.1.2/ratis-tools-3.1.2.jar:/home/runner/.m2/repository/org/kohsuke/metainf-services/metainf-services/1.11/metainf-services-1.11.jar:/home/runner/.m2/repository/org/slf4j/slf4j-reload4j/2.0.17/slf4j-reload4j-2.0.17.jar:/home/runner/.m2/repository/org/xerial/sqlite-jdbc/3.49.1.0/sqlite-jdbc-3.49.1.0.jar:/home/runner/work/ozone/ozone/hadoop-ozone/cli-shell/target/ozone-cli-shell-2.1.0-SNAPSHOT.jar:/home/runner/.m2/repository/commons-codec/commons-codec/1.17.1/commons-codec-1.17.1.jar:/home/runner/.m2/repository/info/picocli/picocli-shell-jline3/4.7.7/picocli-shell-jline3-4.7.7.jar:/home/runner/.m2/repository/jakarta/xml/bind/jakarta.xml.bind-api/2.3.3/jakarta.xml.bind-api-2.3.3.jar:/home/runner/.m2/repository/org/apache/httpcomponents/httpclient/4.5.14/httpclient-4.5.14.jar:/home/runner/work/ozone/ozone/hadoop-ozone/ozonefs-common/target/ozone-filesystem-common-2.1.0-SNAPSHOT.jar:/home/runner/work/ozone/ozone/hadoop-ozone/interface-client/target/ozone-interface-client-2.1.0-SNAPSHOT.jar:/home/runner/.m2/repository/org/jline/jline/3.29.0/jline-3.29.0.jar:/home/runner/work/ozone/ozone/hadoop-ozone/client/target/ozone-client-2.1.0-SNAPSHOT.jar:/home/runner/.m2/repository/com/github/stephenc/jcip/jcip-annotations/1.0-1/jcip-annotations-1.0-1.jar:/home/runner/work/ozone/ozone/hadoop-hdds/erasurecode/target/hdds-erasurecode-2.1.0-SNAPSHOT.jar:/home/runner/work/ozone/ozone/hadoop-ozone/common/target/ozone-common-2.1.0-SNAPSHOT.jar:/home/runner/.m2/repository/io/grpc/grpc-api/1.58.0/grpc-api-1.58.0.jar:/home/runner/.m2/repository/io/grpc/grpc-netty/1.58.0/grpc-netty-1.58.0.jar:/home/runner/.m2/repository/io/grpc/grpc-core/1.58.0/grpc-core-1.58.0.jar:/home/runner/.m2/repository/com/google/android/annotations/4.1.1.4/annotations-4.1.1.4.jar:/home/runner/.m2/repository/org/codehaus/mojo/animal-sniffer-annotations/1.23/animal-sniffer-annotations-1.23.jar:/home/runner/.m2/repository/io/grpc/grpc-context/1.58.0/grpc-context-1.58.0.jar:/home/runner/.m2/repository/io/grpc/grpc-util/1.58.0/grpc-util-1.58.0.jar:/home/runner/.m2/repository/io/perfmark/perfmark-api/0.26.0/perfmark-api-0.26.0.jar:/home/runner/.m2/repository/io/grpc/grpc-stub/1.58.0/grpc-stub-1.58.0.jar:/home/runner/.m2/repository/io/netty/netty-codec-http2/4.1.109.Final/netty-codec-http2-4.1.109.Final.jar:/home/runner/.m2/repository/io/netty/netty-codec-http/4.1.109.Final/netty-codec-http-4.1.109.Final.jar:/home/runner/.m2/repository/io/netty/netty-common/4.1.109.Final/netty-common-4.1.109.Final.jar:/home/runner/.m2/repository/io/netty/netty-handler/4.1.109.Final/netty-handler-4.1.109.Final.jar:/home/runner/.m2/repository/io/netty/netty-resolver/4.1.109.Final/netty-resolver-4.1.109.Final.jar:/home/runner/.m2/repository/io/netty/netty-handler-proxy/4.1.109.Final/netty-handler-proxy-4.1.109.Final.jar:/home/runner/.m2/repository/io/netty/netty-codec-socks/4.1.109.Final/netty-codec-socks-4.1.109.Final.jar:/home/runner/.m2/repository/org/apache/httpcomponents/httpcore/4.4.16/httpcore-4.4.16.jar:/home/runner/.m2/repository/io/netty/netty-tcnative-boringssl-static/2.0.65.Final/netty-tcnative-boringssl-static-2.0.65.Final.jar:/home/runner/.m2/repository/io/netty/netty-tcnative-classes/2.0.65.Final/netty-tcnative-classes-2.0.65.Final.jar:/home/runner/.m2/repository/io/netty/netty-tcnative-boringssl-static/2.0.65.Final/netty-tcnative-boringssl-static-2.0.65.Final-linux-x86_64.jar:/home/runner/.m2/repository/io/netty/netty-tcnative-boringssl-static/2.0.65.Final/netty-tcnative-boringssl-static-2.0.65.Final-linux-aarch_64.jar:/home/runner/.m2/repository/io/netty/netty-tcnative-boringssl-static/2.0.65.Final/netty-tcnative-boringssl-static-2.0.65.Final-osx-x86_64.jar:/home/runner/.m2/repository/io/netty/netty-tcnative-boringssl-static/2.0.65.Final/netty-tcnative-boringssl-static-2.0.65.Final-osx-aarch_64.jar:/home/runner/.m2/repository/io/netty/netty-tcnative-boringssl-static/2.0.65.Final/netty-tcnative-boringssl-static-2.0.65.Final-windows-x86_64.jar:/home/runner/work/ozone/ozone/hadoop-ozone/csi/target/ozone-csi-2.1.0-SNAPSHOT.jar:/home/runner/.m2/repository/com/google/protobuf/protobuf-java-util/3.19.6/protobuf-java-util-3.19.6.jar:/home/runner/.m2/repository/io/grpc/grpc-protobuf/1.58.0/grpc-protobuf-1.58.0.jar:/home/runner/.m2/repository/com/google/api/grpc/proto-google-common-protos/2.22.0/proto-google-common-protos-2.22.0.jar:/home/runner/.m2/repository/io/grpc/grpc-protobuf-lite/1.58.0/grpc-protobuf-lite-1.58.0.jar:/home/runner/.m2/repository/io/netty/netty-transport/4.1.109.Final/netty-transport-4.1.109.Final.jar:/home/runner/.m2/repository/io/netty/netty-transport-classes-epoll/4.1.109.Final/netty-transport-classes-epoll-4.1.109.Final.jar:/home/runner/.m2/repository/io/netty/netty-transport-native-epoll/4.1.109.Final/netty-transport-native-epoll-4.1.109.Final-linux-x86_64.jar:/home/runner/.m2/repository/io/netty/netty-transport-native-unix-common/4.1.109.Final/netty-transport-native-unix-common-4.1.109.Final.jar:/home/runner/work/ozone/ozone/hadoop-ozone/ozonefs/target/ozone-filesystem-2.1.0-SNAPSHOT.jar:/home/runner/.m2/repository/io/opentracing/opentracing-api/0.33.0/opentracing-api-0.33.0.jar:/home/runner/.m2/repository/io/opentracing/opentracing-util/0.33.0/opentracing-util-0.33.0.jar:/home/runner/.m2/repository/io/opentracing/opentracing-noop/0.33.0/opentracing-noop-0.33.0.jar:/home/runner/work/ozone/ozone/hadoop-ozone/ozone-manager/target/ozone-manager-2.1.0-SNAPSHOT.jar:/home/runner/.m2/repository/com/sun/jersey/jersey-client/1.19.4/jersey-client-1.19.4.jar:/home/runner/.m2/repository/org/apache/kerby/kerby-util/1.0.1/kerby-util-1.0.1.jar:/home/runner/.m2/repository/org/apache/logging/log4j/log4j-api/2.24.2/log4j-api-2.24.2.jar:/home/runner/work/ozone/ozone/hadoop-hdds/managed-rocksdb/target/hdds-managed-rocksdb-2.1.0-SNAPSHOT.jar:/home/runner/work/ozone/ozone/hadoop-hdds/rocks-native/target/hdds-rocks-native-2.1.0-SNAPSHOT.jar:/home/runner/.m2/repository/org/eclipse/jetty/jetty-io/9.4.57.v20241219/jetty-io-9.4.57.v20241219.jar:/home/runner/work/ozone/ozone/hadoop-ozone/interface-storage/target/ozone-interface-storage-2.1.0-SNAPSHOT.jar:/home/runner/work/ozone/ozone/hadoop-hdds/rocksdb-checkpoint-differ/target/rocksdb-checkpoint-differ-2.1.0-SNAPSHOT.jar:/home/runner/.m2/repository/com/github/vlsi/mxgraph/jgraphx/3.9.12/jgraphx-3.9.12.jar:/home/runner/.m2/repository/org/jgrapht/jgrapht-core/1.4.0/jgrapht-core-1.4.0.jar:/home/runner/.m2/repository/org/jheaps/jheaps/0.11/jheaps-0.11.jar:/home/runner/.m2/repository/org/jgrapht/jgrapht-ext/1.4.0/jgrapht-ext-1.4.0.jar:/home/runner/.m2/repository/org/apache/ranger/ranger-intg/2.6.0/ranger-intg-2.6.0.jar:/home/runner/.m2/repository/org/apache/ranger/ranger-plugins-common/2.6.0/ranger-plugins-common-2.6.0.jar:/home/runner/.m2/repository/com/fasterxml/jackson/jaxrs/jackson-jaxrs-base/2.16.2/jackson-jaxrs-base-2.16.2.jar:/home/runner/.m2/repository/com/fasterxml/jackson/jaxrs/jackson-jaxrs-json-provider/2.16.2/jackson-jaxrs-json-provider-2.16.2.jar:/home/runner/.m2/repository/com/kstruct/gethostname4j/1.0.0/gethostname4j-1.0.0.jar:/home/runner/.m2/repository/commons-lang/commons-lang/2.6/commons-lang-2.6.jar:/home/runner/.m2/repository/net/java/dev/jna/jna/5.2.0/jna-5.2.0.jar:/home/runner/.m2/repository/net/java/dev/jna/jna-platform/5.2.0/jna-platform-5.2.0.jar:/home/runner/.m2/repository/org/apache/ranger/ranger-plugin-classloader/2.6.0/ranger-plugin-classloader-2.6.0.jar:/home/runner/.m2/repository/org/apache/ranger/ranger-plugins-audit/2.6.0/ranger-plugins-audit-2.6.0.jar:/home/runner/.m2/repository/com/amazonaws/aws-java-sdk-logs/1.12.765/aws-java-sdk-logs-1.12.765.jar:/home/runner/.m2/repository/com/carrotsearch/hppc/0.8.0/hppc-0.8.0.jar:/home/runner/.m2/repository/io/airlift/aircompressor/0.27/aircompressor-0.27.jar:/home/runner/.m2/repository/org/apache/httpcomponents/httpasyncclient/4.1.4/httpasyncclient-4.1.4.jar:/home/runner/.m2/repository/org/apache/httpcomponents/httpcore-nio/4.4.16/httpcore-nio-4.4.16.jar:/home/runner/.m2/repository/org/apache/httpcomponents/httpmime/4.5.13/httpmime-4.5.13.jar:/home/runner/.m2/repository/org/apache/orc/orc-core/1.5.8/orc-core-1.5.8.jar:/home/runner/.m2/repository/org/apache/orc/orc-shims/1.5.8/orc-shims-1.5.8.jar:/home/runner/.m2/repository/org/eclipse/jetty/jetty-client/9.4.57.v20241219/jetty-client-9.4.57.v20241219.jar:/home/runner/.m2/repository/org/apache/ranger/ranger-plugins-cred/2.6.0/ranger-plugins-cred-2.6.0.jar:/home/runner/.m2/repository/org/aspectj/aspectjrt/1.9.7/aspectjrt-1.9.7.jar:/home/runner/.m2/repository/org/aspectj/aspectjweaver/1.9.7/aspectjweaver-1.9.7.jar:/home/runner/.m2/repository/org/eclipse/jetty/jetty-util/9.4.57.v20241219/jetty-util-9.4.57.v20241219.jar:/home/runner/.m2/repository/org/reflections/reflections/0.10.2/reflections-0.10.2.jar:/home/runner/.m2/repository/org/rocksdb/rocksdbjni/7.7.3/rocksdbjni-7.7.3.jar:/home/runner/work/ozone/ozone/hadoop-ozone/recon/target/ozone-recon-2.1.0-SNAPSHOT.jar:/home/runner/.m2/repository/aopalliance/aopalliance/1.0/aopalliance-1.0.jar:/home/runner/.m2/repository/com/google/inject/guice/6.0.0/guice-6.0.0.jar:/home/runner/.m2/repository/jakarta/inject/jakarta.inject-api/2.0.1/jakarta.inject-api-2.0.1.jar:/home/runner/.m2/repository/com/google/inject/extensions/guice-assistedinject/6.0.0/guice-assistedinject-6.0.0.jar:/home/runner/.m2/repository/com/google/inject/extensions/guice-servlet/6.0.0/guice-servlet-6.0.0.jar:/home/runner/.m2/repository/com/jolbox/bonecp/0.8.0.RELEASE/bonecp-0.8.0.RELEASE.jar:/home/runner/.m2/repository/jakarta/activation/jakarta.activation-api/1.2.2/jakarta.activation-api-1.2.2.jar:/home/runner/.m2/repository/jakarta/validation/jakarta.validation-api/2.0.2/jakarta.validation-api-2.0.2.jar:/home/runner/.m2/repository/jakarta/ws/rs/jakarta.ws.rs-api/2.1.6/jakarta.ws.rs-api-2.1.6.jar:/home/runner/.m2/repository/javax/inject/javax.inject/1/javax.inject-1.jar:/home/runner/.m2/repository/org/apache/derby/derby/10.14.2.0/derby-10.14.2.0.jar:/home/runner/work/ozone/ozone/hadoop-ozone/recon-codegen/target/ozone-reconcodegen-2.1.0-SNAPSHOT.jar:/home/runner/.m2/repository/org/eclipse/jetty/jetty-servlet/9.4.57.v20241219/jetty-servlet-9.4.57.v20241219.jar:/home/runner/.m2/repository/org/eclipse/jetty/jetty-security/9.4.57.v20241219/jetty-security-9.4.57.v20241219.jar:/home/runner/.m2/repository/org/glassfish/hk2/guice-bridge/2.6.1/guice-bridge-2.6.1.jar:/home/runner/.m2/repository/org/glassfish/hk2/hk2-api/2.6.1/hk2-api-2.6.1.jar:/home/runner/.m2/repository/org/glassfish/hk2/hk2-utils/2.6.1/hk2-utils-2.6.1.jar:/home/runner/.m2/repository/org/glassfish/hk2/external/aopalliance-repackaged/2.6.1/aopalliance-repackaged-2.6.1.jar:/home/runner/.m2/repository/org/glassfish/hk2/external/jakarta.inject/2.6.1/jakarta.inject-2.6.1.jar:/home/runner/.m2/repository/org/glassfish/jersey/containers/jersey-container-servlet/2.46/jersey-container-servlet-2.46.jar:/home/runner/.m2/repository/org/glassfish/jersey/containers/jersey-container-servlet-core/2.46/jersey-container-servlet-core-2.46.jar:/home/runner/.m2/repository/org/glassfish/jersey/core/jersey-common/2.46/jersey-common-2.46.jar:/home/runner/.m2/repository/org/glassfish/hk2/osgi-resource-locator/1.0.3/osgi-resource-locator-1.0.3.jar:/home/runner/.m2/repository/org/glassfish/jersey/core/jersey-server/2.46/jersey-server-2.46.jar:/home/runner/.m2/repository/org/glassfish/jersey/core/jersey-client/2.46/jersey-client-2.46.jar:/home/runner/.m2/repository/org/glassfish/jersey/inject/jersey-hk2/2.46/jersey-hk2-2.46.jar:/home/runner/.m2/repository/org/glassfish/hk2/hk2-locator/2.6.1/hk2-locator-2.6.1.jar:/home/runner/.m2/repository/org/glassfish/jersey/media/jersey-media-jaxb/2.46/jersey-media-jaxb-2.46.jar:/home/runner/.m2/repository/org/glassfish/jersey/media/jersey-media-json-jackson/2.46/jersey-media-json-jackson-2.46.jar:/home/runner/.m2/repository/org/glassfish/jersey/ext/jersey-entity-filtering/2.46/jersey-entity-filtering-2.46.jar:/home/runner/.m2/repository/com/fasterxml/jackson/module/jackson-module-jaxb-annotations/2.16.2/jackson-module-jaxb-annotations-2.16.2.jar:/home/runner/.m2/repository/org/javassist/javassist/3.30.2-GA/javassist-3.30.2-GA.jar:/home/runner/.m2/repository/org/jooq/jooq/3.11.10/jooq-3.11.10.jar:/home/runner/.m2/repository/org/jooq/jooq-codegen/3.11.10/jooq-codegen-3.11.10.jar:/home/runner/.m2/repository/org/jooq/jooq-meta/3.11.10/jooq-meta-3.11.10.jar:/home/runner/.m2/repository/org/springframework/spring-core/5.3.39/spring-core-5.3.39.jar:/home/runner/.m2/repository/org/springframework/spring-jdbc/5.3.39/spring-jdbc-5.3.39.jar:/home/runner/.m2/repository/org/springframework/spring-beans/5.3.39/spring-beans-5.3.39.jar:/home/runner/.m2/repository/org/springframework/spring-tx/5.3.39/spring-tx-5.3.39.jar:/home/runner/work/ozone/ozone/hadoop-ozone/s3gateway/target/ozone-s3gateway-2.1.0-SNAPSHOT.jar:/home/runner/work/ozone/ozone/hadoop-ozone/tools/target/ozone-tools-2.1.0-SNAPSHOT.jar:/home/runner/.m2/repository/com/amazonaws/aws-java-sdk-core/1.12.661/aws-java-sdk-core-1.12.661.jar:/home/runner/.m2/repository/com/fasterxml/jackson/dataformat/jackson-dataformat-cbor/2.16.2/jackson-dataformat-cbor-2.16.2.jar:/home/runner/.m2/repository/joda-time/joda-time/2.12.7/joda-time-2.12.7.jar:/home/runner/.m2/repository/com/amazonaws/aws-java-sdk-s3/1.12.661/aws-java-sdk-s3-1.12.661.jar:/home/runner/.m2/repository/com/amazonaws/aws-java-sdk-kms/1.12.661/aws-java-sdk-kms-1.12.661.jar:/home/runner/.m2/repository/com/amazonaws/jmespath-java/1.12.661/jmespath-java-1.12.661.jar:/home/runner/.m2/repository/org/apache/ratis/ratis-shell/3.1.2/ratis-shell-3.1.2.jar:/home/runner/.m2/repository/org/glassfish/jaxb/jaxb-runtime/2.3.9/jaxb-runtime-2.3.9.jar:/home/runner/.m2/repository/org/glassfish/jaxb/txw2/2.3.9/txw2-2.3.9.jar:/home/runner/.m2/repository/com/sun/istack/istack-commons-runtime/3.0.12/istack-commons-runtime-3.0.12.jar:/home/runner/.m2/repository/com/sun/activation/jakarta.activation/1.2.2/jakarta.activation-1.2.2.jar:/home/runner/.m2/repository/org/apache/ratis/ratis-server/3.1.2/ratis-server-3.1.2.jar:/home/runner/.m2/repository/org/apache/ratis/ratis-metrics-api/3.1.2/ratis-metrics-api-3.1.2.jar:/home/runner/.m2/repository/org/hamcrest/hamcrest/2.2/hamcrest-2.2.jar:/home/runner/.m2/repository/org/slf4j/jul-to-slf4j/2.0.17/jul-to-slf4j-2.0.17.jar:/home/runner/.m2/repository/org/apache/commons/commons-lang3/3.17.0/commons-lang3-3.17.0.jar:/home/runner/.m2/repository/org/apache/hadoop/hadoop-common/3.4.1/hadoop-common-3.4.1-tests.jar:/home/runner/.m2/repository/org/apache/hadoop/thirdparty/hadoop-shaded-protobuf_3_25/1.4.0/hadoop-shaded-protobuf_3_25-1.4.0.jar:/home/runner/.m2/repository/org/apache/hadoop/hadoop-annotations/3.4.1/hadoop-annotations-3.4.1.jar:/home/runner/.m2/repository/org/apache/hadoop/thirdparty/hadoop-shaded-guava/1.3.0/hadoop-shaded-guava-1.3.0.jar:/home/runner/.m2/repository/org/apache/commons/commons-math3/3.6.1/commons-math3-3.6.1.jar:/home/runner/.m2/repository/commons-net/commons-net/3.11.1/commons-net-3.11.1.jar:/home/runner/.m2/repository/org/eclipse/jetty/jetty-server/9.4.57.v20241219/jetty-server-9.4.57.v20241219.jar:/home/runner/.m2/repository/javax/servlet/jsp/jsp-api/2.1/jsp-api-2.1.jar:/home/runner/.m2/repository/com/sun/jersey/jersey-core/1.19.4/jersey-core-1.19.4.jar:/home/runner/.m2/repository/javax/ws/rs/jsr311-api/1.1.1/jsr311-api-1.1.1.jar:/home/runner/.m2/repository/com/sun/jersey/jersey-servlet/1.19.4/jersey-servlet-1.19.4.jar:/home/runner/.m2/repository/com/github/pjfanning/jersey-json/1.22.0/jersey-json-1.22.0.jar:/home/runner/.m2/repository/com/sun/xml/bind/jaxb-impl/2.2.3-1/jaxb-impl-2.2.3-1.jar:/home/runner/.m2/repository/org/codehaus/jettison/jettison/1.5.4/jettison-1.5.4.jar:/home/runner/.m2/repository/com/sun/jersey/jersey-server/1.19.4/jersey-server-1.19.4.jar:/home/runner/.m2/repository/commons-beanutils/commons-beanutils/1.9.4/commons-beanutils-1.9.4.jar:/home/runner/.m2/repository/org/apache/commons/commons-configuration2/2.11.0/commons-configuration2-2.11.0.jar:/home/runner/.m2/repository/org/apache/avro/avro/1.9.2/avro-1.9.2.jar:/home/runner/.m2/repository/com/google/re2j/re2j/1.7/re2j-1.7.jar:/home/runner/.m2/repository/com/google/code/gson/gson/2.10.1/gson-2.10.1.jar:/home/runner/.m2/repository/org/apache/hadoop/hadoop-auth/3.4.1/hadoop-auth-3.4.1.jar:/home/runner/.m2/repository/org/apache/curator/curator-framework/4.2.0/curator-framework-4.2.0.jar:/home/runner/.m2/repository/com/jcraft/jsch/0.1.55/jsch-0.1.55.jar:/home/runner/.m2/repository/org/apache/curator/curator-client/4.2.0/curator-client-4.2.0.jar:/home/runner/.m2/repository/org/apache/curator/curator-recipes/5.2.0/curator-recipes-5.2.0.jar:/home/runner/.m2/repository/com/google/code/findbugs/jsr305/3.0.2/jsr305-3.0.2.jar:/home/runner/.m2/repository/org/apache/zookeeper/zookeeper/3.8.4/zookeeper-3.8.4.jar:/home/runner/.m2/repository/org/apache/zookeeper/zookeeper-jute/3.8.4/zookeeper-jute-3.8.4.jar:/home/runner/.m2/repository/org/apache/yetus/audience-annotations/0.12.0/audience-annotations-0.12.0.jar:/home/runner/.m2/repository/io/netty/netty-transport-native-epoll/4.1.109.Final/netty-transport-native-epoll-4.1.109.Final.jar:/home/runner/.m2/repository/org/apache/kerby/kerb-core/1.0.1/kerb-core-1.0.1.jar:/home/runner/.m2/repository/org/apache/kerby/kerby-pkix/1.0.1/kerby-pkix-1.0.1.jar:/home/runner/.m2/repository/org/apache/kerby/kerby-asn1/1.0.1/kerby-asn1-1.0.1.jar:/home/runner/.m2/repository/org/codehaus/woodstox/stax2-api/4.2.1/stax2-api-4.2.1.jar:/home/runner/.m2/repository/com/fasterxml/woodstox/woodstox-core/5.4.0/woodstox-core-5.4.0.jar:/home/runner/.m2/repository/dnsjava/dnsjava/3.6.1/dnsjava-3.6.1.jar:/home/runner/.m2/repository/org/xerial/snappy/snappy-java/1.1.10.7/snappy-java-1.1.10.7.jar:/home/runner/.m2/repository/org/apache/hadoop/hadoop-distcp/3.4.1/hadoop-distcp-3.4.1.jar:/home/runner/.m2/repository/org/apache/hadoop/hadoop-distcp/3.4.1/hadoop-distcp-3.4.1-tests.jar:/home/runner/.m2/repository/org/apache/hadoop/hadoop-hdfs/3.4.1/hadoop-hdfs-3.4.1-tests.jar:/home/runner/.m2/repository/org/eclipse/jetty/jetty-util-ajax/9.4.57.v20241219/jetty-util-ajax-9.4.57.v20241219.jar:/home/runner/.m2/repository/commons-daemon/commons-daemon/1.4.0/commons-daemon-1.4.0.jar:/home/runner/.m2/repository/io/netty/netty-all/4.1.109.Final/netty-all-4.1.109.Final.jar:/home/runner/.m2/repository/io/netty/netty-codec-dns/4.1.109.Final/netty-codec-dns-4.1.109.Final.jar:/home/runner/.m2/repository/io/netty/netty-codec-haproxy/4.1.109.Final/netty-codec-haproxy-4.1.109.Final.jar:/home/runner/.m2/repository/io/netty/netty-codec-memcache/4.1.109.Final/netty-codec-memcache-4.1.109.Final.jar:/home/runner/.m2/repository/io/netty/netty-codec-mqtt/4.1.109.Final/netty-codec-mqtt-4.1.109.Final.jar:/home/runner/.m2/repository/io/netty/netty-codec-redis/4.1.109.Final/netty-codec-redis-4.1.109.Final.jar:/home/runner/.m2/repository/io/netty/netty-codec-smtp/4.1.109.Final/netty-codec-smtp-4.1.109.Final.jar:/home/runner/.m2/repository/io/netty/netty-codec-stomp/4.1.109.Final/netty-codec-stomp-4.1.109.Final.jar:/home/runner/.m2/repository/io/netty/netty-codec-xml/4.1.109.Final/netty-codec-xml-4.1.109.Final.jar:/home/runner/.m2/repository/io/netty/netty-handler-ssl-ocsp/4.1.109.Final/netty-handler-ssl-ocsp-4.1.109.Final.jar:/home/runner/.m2/repository/io/netty/netty-resolver-dns/4.1.109.Final/netty-resolver-dns-4.1.109.Final.jar:/home/runner/.m2/repository/io/netty/netty-transport-rxtx/4.1.109.Final/netty-transport-rxtx-4.1.109.Final.jar:/home/runner/.m2/repository/io/netty/netty-transport-sctp/4.1.109.Final/netty-transport-sctp-4.1.109.Final.jar:/home/runner/.m2/repository/io/netty/netty-transport-udt/4.1.109.Final/netty-transport-udt-4.1.109.Final.jar:/home/runner/.m2/repository/io/netty/netty-transport-classes-kqueue/4.1.109.Final/netty-transport-classes-kqueue-4.1.109.Final.jar:/home/runner/.m2/repository/io/netty/netty-resolver-dns-classes-macos/4.1.109.Final/netty-resolver-dns-classes-macos-4.1.109.Final.jar:/home/runner/.m2/repository/io/netty/netty-transport-native-epoll/4.1.109.Final/netty-transport-native-epoll-4.1.109.Final-linux-aarch_64.jar:/home/runner/.m2/repository/io/netty/netty-transport-native-epoll/4.1.109.Final/netty-transport-native-epoll-4.1.109.Final-linux-riscv64.jar:/home/runner/.m2/repository/io/netty/netty-transport-native-kqueue/4.1.109.Final/netty-transport-native-kqueue-4.1.109.Final-osx-x86_64.jar:/home/runner/.m2/repository/io/netty/netty-transport-native-kqueue/4.1.109.Final/netty-transport-native-kqueue-4.1.109.Final-osx-aarch_64.jar:/home/runner/.m2/repository/io/netty/netty-resolver-dns-native-macos/4.1.109.Final/netty-resolver-dns-native-macos-4.1.109.Final-osx-x86_64.jar:/home/runner/.m2/repository/io/netty/netty-resolver-dns-native-macos/4.1.109.Final/netty-resolver-dns-native-macos-4.1.109.Final-osx-aarch_64.jar:/home/runner/.m2/repository/org/fusesource/leveldbjni/leveldbjni-all/1.8/leveldbjni-all-1.8.jar:/home/runner/.m2/repository/org/apache/hadoop/hadoop-kms/3.4.1/hadoop-kms-3.4.1.jar:/home/runner/.m2/repository/org/apache/hadoop/hadoop-common/3.4.1/hadoop-common-3.4.1.jar:/home/runner/.m2/repository/org/apache/hadoop/hadoop-kms/3.4.1/hadoop-kms-3.4.1-tests.jar:/home/runner/.m2/repository/org/apache/hadoop/hadoop-mapreduce-client-core/3.4.1/hadoop-mapreduce-client-core-3.4.1.jar:/home/runner/.m2/repository/org/apache/hadoop/hadoop-yarn-client/3.4.1/hadoop-yarn-client-3.4.1.jar:/home/runner/.m2/repository/org/eclipse/jetty/websocket/websocket-client/9.4.53.v20231009/websocket-client-9.4.53.v20231009.jar:/home/runner/.m2/repository/org/eclipse/jetty/websocket/websocket-common/9.4.53.v20231009/websocket-common-9.4.53.v20231009.jar:/home/runner/.m2/repository/org/eclipse/jetty/websocket/websocket-api/9.4.53.v20231009/websocket-api-9.4.53.v20231009.jar:/home/runner/.m2/repository/org/apache/hadoop/hadoop-yarn-api/3.4.1/hadoop-yarn-api-3.4.1.jar:/home/runner/.m2/repository/org/apache/hadoop/hadoop-yarn-common/3.4.1/hadoop-yarn-common-3.4.1.jar:/home/runner/.m2/repository/javax/xml/bind/jaxb-api/2.2.11/jaxb-api-2.2.11.jar:/home/runner/.m2/repository/com/sun/jersey/contribs/jersey-guice/1.19.4/jersey-guice-1.19.4.jar:/home/runner/.m2/repository/org/apache/hadoop/hadoop-hdfs-client/3.4.1/hadoop-hdfs-client-3.4.1.jar:/home/runner/.m2/repository/org/apache/hadoop/hadoop-mapreduce-client-jobclient/3.4.1/hadoop-mapreduce-client-jobclient-3.4.1.jar:/home/runner/.m2/repository/org/apache/hadoop/hadoop-mapreduce-client-common/3.4.1/hadoop-mapreduce-client-common-3.4.1.jar:/home/runner/.m2/repository/org/apache/hadoop/hadoop-minikdc/3.4.1/hadoop-minikdc-3.4.1.jar:/home/runner/.m2/repository/org/apache/kerby/kerb-simplekdc/2.0.3/kerb-simplekdc-2.0.3.jar:/home/runner/.m2/repository/org/apache/kerby/kerb-client/2.0.3/kerb-client-2.0.3.jar:/home/runner/.m2/repository/org/apache/kerby/kerb-common/2.0.3/kerb-common-2.0.3.jar:/home/runner/.m2/repository/org/apache/kerby/token-provider/2.0.3/token-provider-2.0.3.jar:/home/runner/.m2/repository/org/apache/kerby/kerb-admin/2.0.3/kerb-admin-2.0.3.jar:/home/runner/.m2/repository/org/apache/kerby/kerb-server/2.0.3/kerb-server-2.0.3.jar:/home/runner/.m2/repository/org/apache/kerby/kerb-identity/2.0.3/kerb-identity-2.0.3.jar:/home/runner/.m2/repository/org/apache/kerby/kerby-xdr/2.0.3/kerby-xdr-2.0.3.jar:/home/runner/.m2/repository/junit/junit/4.13.2/junit-4.13.2.jar:/home/runner/.m2/repository/org/hamcrest/hamcrest-core/1.3/hamcrest-core-1.3.jar:/home/runner/work/ozone/ozone/hadoop-hdds/common/target/hdds-common-2.1.0-SNAPSHOT-tests.jar:/home/runner/.m2/repository/commons-validator/commons-validator/1.6/commons-validator-1.6.jar:/home/runner/.m2/repository/commons-digester/commons-digester/1.8.1/commons-digester-1.8.1.jar:/home/runner/.m2/repository/io/jaegertracing/jaeger-client/1.8.1/jaeger-client-1.8.1.jar:/home/runner/.m2/repository/io/jaegertracing/jaeger-thrift/1.8.1/jaeger-thrift-1.8.1.jar:/home/runner/.m2/repository/org/apache/thrift/libthrift/0.15.0/libthrift-0.15.0.jar:/home/runner/.m2/repository/com/squareup/okhttp3/okhttp/4.12.0/okhttp-4.12.0.jar:/home/runner/.m2/repository/com/squareup/okio/okio/3.6.0/okio-3.6.0.jar:/home/runner/.m2/repository/com/squareup/okio/okio-jvm/3.6.0/okio-jvm-3.6.0.jar:/home/runner/.m2/repository/org/jetbrains/kotlin/kotlin-stdlib-common/1.9.25/kotlin-stdlib-common-1.9.25.jar:/home/runner/.m2/repository/org/jetbrains/kotlin/kotlin-stdlib-jdk8/1.9.25/kotlin-stdlib-jdk8-1.9.25.jar:/home/runner/.m2/repository/org/jetbrains/kotlin/kotlin-stdlib-jdk7/1.9.25/kotlin-stdlib-jdk7-1.9.25.jar:/home/runner/.m2/repository/io/jaegertracing/jaeger-tracerresolver/1.8.1/jaeger-tracerresolver-1.8.1.jar:/home/runner/.m2/repository/io/opentracing/contrib/opentracing-tracerresolver/0.1.8/opentracing-tracerresolver-0.1.8.jar:/home/runner/.m2/repository/io/jaegertracing/jaeger-core/1.8.1/jaeger-core-1.8.1.jar:/home/runner/.m2/repository/javax/annotation/javax.annotation-api/1.3.2/javax.annotation-api-1.3.2.jar:/home/runner/work/ozone/ozone/hadoop-hdds/annotations/target/hdds-annotation-processing-2.1.0-SNAPSHOT.jar:/home/runner/.m2/repository/org/apache/ratis/ratis-metrics-dropwizard3/3.1.2/ratis-metrics-dropwizard3-3.1.2.jar:/home/runner/.m2/repository/org/bouncycastle/bcutil-jdk18on/1.80/bcutil-jdk18on-1.80.jar:/home/runner/.m2/repository/org/jetbrains/kotlin/kotlin-stdlib/1.9.25/kotlin-stdlib-1.9.25.jar:/home/runner/.m2/repository/org/jetbrains/annotations/13.0/annotations-13.0.jar:/home/runner/.m2/repository/org/slf4j/jcl-over-slf4j/2.0.17/jcl-over-slf4j-2.0.17.jar:/home/runner/.m2/repository/org/yaml/snakeyaml/2.0/snakeyaml-2.0.jar:/home/runner/work/ozone/ozone/hadoop-hdds/container-service/target/hdds-container-service-2.1.0-SNAPSHOT-tests.jar:/home/runner/.m2/repository/com/github/luben/zstd-jni/1.5.7-2/zstd-jni-1.5.7-2.jar:/home/runner/.m2/repository/io/netty/netty-buffer/4.1.109.Final/netty-buffer-4.1.109.Final.jar:/home/runner/.m2/repository/io/netty/netty-codec/4.1.109.Final/netty-codec-4.1.109.Final.jar:/home/runner/work/ozone/ozone/hadoop-hdds/framework/target/hdds-server-framework-2.1.0-SNAPSHOT-tests.jar:/home/runner/.m2/repository/com/github/jnr/jnr-constants/0.10.4/jnr-constants-0.10.4.jar:/home/runner/.m2/repository/com/github/jnr/jnr-posix/3.1.20/jnr-posix-3.1.20.jar:/home/runner/.m2/repository/com/github/jnr/jnr-ffi/2.2.17/jnr-ffi-2.2.17.jar:/home/runner/.m2/repository/com/github/jnr/jffi/1.3.13/jffi-1.3.13.jar:/home/runner/.m2/repository/com/github/jnr/jffi/1.3.13/jffi-1.3.13-native.jar:/home/runner/.m2/repository/org/ow2/asm/asm/9.7.1/asm-9.7.1.jar:/home/runner/.m2/repository/org/ow2/asm/asm-commons/9.7.1/asm-commons-9.7.1.jar:/home/runner/.m2/repository/org/ow2/asm/asm-analysis/9.7.1/asm-analysis-9.7.1.jar:/home/runner/.m2/repository/org/ow2/asm/asm-tree/9.7.1/asm-tree-9.7.1.jar:/home/runner/.m2/repository/org/ow2/asm/asm-util/9.7.1/asm-util-9.7.1.jar:/home/runner/.m2/repository/com/github/jnr/jnr-a64asm/1.0.0/jnr-a64asm-1.0.0.jar:/home/runner/.m2/repository/com/github/jnr/jnr-x86asm/1.0.2/jnr-x86asm-1.0.2.jar:/home/runner/.m2/repository/commons-fileupload/commons-fileupload/1.5/commons-fileupload-1.5.jar:/home/runner/.m2/repository/io/prometheus/simpleclient/0.16.0/simpleclient-0.16.0.jar:/home/runner/.m2/repository/io/prometheus/simpleclient_common/0.16.0/simpleclient_common-0.16.0.jar:/home/runner/.m2/repository/io/prometheus/simpleclient_dropwizard/0.16.0/simpleclient_dropwizard-0.16.0.jar:/home/runner/.m2/repository/org/apache/logging/log4j/log4j-core/2.24.2/log4j-core-2.24.2.jar:/home/runner/.m2/repository/org/eclipse/jetty/jetty-http/9.4.57.v20241219/jetty-http-9.4.57.v20241219.jar:/home/runner/.m2/repository/com/lmax/disruptor/3.4.4/disruptor-3.4.4.jar:/home/runner/work/ozone/ozone/hadoop-hdds/server-scm/target/hdds-server-scm-2.1.0-SNAPSHOT-tests.jar:/home/runner/work/ozone/ozone/hadoop-hdds/test-utils/target/hdds-test-utils-2.1.0-SNAPSHOT-tests.jar:/home/runner/work/ozone/ozone/hadoop-ozone/ozone-manager/target/ozone-manager-2.1.0-SNAPSHOT-tests.jar:/home/runner/work/ozone/ozone/hadoop-ozone/mini-cluster/target/ozone-mini-cluster-2.1.0-SNAPSHOT.jar:/home/runner/.m2/repository/org/assertj/assertj-core/3.27.3/assertj-core-3.27.3.jar:/home/runner/.m2/repository/net/bytebuddy/byte-buddy/1.15.11/byte-buddy-1.15.11.jar:/home/runner/.m2/repository/org/junit/jupiter/junit-jupiter-api/5.12.2/junit-jupiter-api-5.12.2.jar:/home/runner/.m2/repository/org/opentest4j/opentest4j/1.3.0/opentest4j-1.3.0.jar:/home/runner/.m2/repository/org/junit/platform/junit-platform-commons/1.12.2/junit-platform-commons-1.12.2.jar:/home/runner/.m2/repository/org/apiguardian/apiguardian-api/1.1.2/apiguardian-api-1.1.2.jar:/home/runner/.m2/repository/org/junit/jupiter/junit-jupiter-params/5.12.2/junit-jupiter-params-5.12.2.jar:/home/runner/.m2/repository/org/mockito/mockito-core/4.11.0/mockito-core-4.11.0.jar:/home/runner/.m2/repository/net/bytebuddy/byte-buddy-agent/1.12.19/byte-buddy-agent-1.12.19.jar:/home/runner/.m2/repository/org/objenesis/objenesis/3.3/objenesis-3.3.jar:/home/runner/.m2/repository/org/mockito/mockito-inline/4.11.0/mockito-inline-4.11.0.jar:/home/runner/.m2/repository/org/mockito/mockito-junit-jupiter/4.11.0/mockito-junit-jupiter-4.11.0.jar:/home/runner/work/ozone/ozone/hadoop-ozone/integration-test/target/gradle-enterprise/test-listeners.jar:"/>
    <property name="sun.cpu.endian" value="little"/>
    <property name="user.home" value="/home/runner"/>
    <property name="user.language" value="en"/>
    <property name="java.specification.vendor" value="Oracle Corporation"/>
    <property name="skipRecon" value="true"/>
    <property name="java.version.date" value="2025-04-15"/>
    <property name="java.home" value="/usr/lib/jvm/temurin-21-jdk-amd64"/>
    <property name="java.security.krb5.conf" value="/home/runner/work/ozone/ozone/hadoop-ozone/integration-test/target/test-classes/krb5.conf"/>
    <property name="file.separator" value="/"/>
    <property name="basedir" value="/home/runner/work/ozone/ozone/hadoop-ozone/integration-test"/>
    <property name="java.vm.compressedOopsMode" value="Zero based"/>
    <property name="line.separator" value="&#10;"/>
    <property name="java.vm.specification.vendor" value="Oracle Corporation"/>
    <property name="java.specification.name" value="Java Platform API Specification"/>
    <property name="surefire.real.class.path" value="/home/runner/work/ozone/ozone/hadoop-ozone/integration-test/target/surefire/surefirebooter-20250424134047380_1664.jar"/>
    <property name="hadoop.log.dir" value="/home/runner/work/ozone/ozone/hadoop-ozone/integration-test/target/log"/>
    <property name="sun.management.compiler" value="HotSpot 64-Bit Tiered Compilers"/>
    <property name="skipShade" value="true"/>
    <property name="java.runtime.version" value="21.0.7+6-LTS"/>
    <property name="user.name" value="runner"/>
    <property name="java.net.preferIPv4Stack" value="true"/>
    <property name="stdout.encoding" value="UTF-8"/>
    <property name="path.separator" value=":"/>
    <property name="java.security.egd" value="file:///dev/urandom"/>
    <property name="os.version" value="6.11.0-1012-azure"/>
    <property name="java.runtime.name" value="OpenJDK Runtime Environment"/>
    <property name="com.gradle.maven.scan.extension.test.listener.junitplatform.NestedExecutionSafeDelegatingTestExecutionListener" value="54a67a45"/>
    <property name="file.encoding" value="UTF-8"/>
    <property name="java.vm.name" value="OpenJDK 64-Bit Server VM"/>
    <property name="rocks_tools_native" value="true"/>
    <property name="java.vendor.version" value="Temurin-21.0.7+6"/>
    <property name="test.build.webapps" value=""/>
    <property name="develocity.listener.surefire.forkId" value="1"/>
    <property name="localRepository" value="/home/runner/.m2/repository"/>
    <property name="java.vendor.url.bug" value="https://github.com/adoptium/adoptium-support/issues"/>
    <property name="jetty.git.hash" value="df524e6b29271c2e09ba9aea83c18dc9db464a31"/>
    <property name="java.io.tmpdir" value="/tmp"/>
    <property name="require.test.libhadoop" value=""/>
    <property name="java.version" value="21.0.7"/>
    <property name="user.dir" value="/home/runner/work/ozone/ozone/hadoop-ozone/integration-test"/>
    <property name="os.arch" value="amd64"/>
    <property name="java.vm.specification.name" value="Java Virtual Machine Specification"/>
    <property name="test.build.classes" value="/home/runner/work/ozone/ozone/hadoop-ozone/integration-test/target/test-classes"/>
    <property name="org.apache.ratis.thirdparty.io.netty.allocator.useCacheForAllThreads" value="false"/>
    <property name="native.encoding" value="UTF-8"/>
    <property name="hadoop.tmp.dir" value="/home/runner/work/ozone/ozone/hadoop-ozone/integration-test/target/tmp"/>
    <property name="java.library.path" value="/usr/java/packages/lib:/usr/lib64:/lib64:/lib:/usr/lib"/>
    <property name="java.vm.info" value="mixed mode, sharing"/>
    <property name="stderr.encoding" value="UTF-8"/>
    <property name="java.vendor" value="Eclipse Adoptium"/>
    <property name="java.vm.version" value="21.0.7+6-LTS"/>
    <property name="sun.io.unicode.encoding" value="UnicodeLittle"/>
    <property name="develocity.listener.port" value="45439"/>
    <property name="java.class.version" value="65.0"/>
  </properties>
  <testcase name="testMultipartUpload" classname="org.apache.hadoop.ozone.om.TestOzoneManagerHAWithStoppedNodes" time="13.548">
    <system-out><![CDATA[2025-04-24 14:01:59,963 [main] WARN  server.ServerUtils (ServerUtils.java:getScmDbDir(141)) - ozone.scm.db.dirs is not configured. We recommend adding this setting. Falling back to ozone.metadata.dirs instead.
2025-04-24 14:02:00,169 [main] INFO  reflections.Reflections (Reflections.java:scan(219)) - Reflections took 184 ms to scan 7 urls, producing 166 keys and 390 values
2025-04-24 14:02:00,290 [main] INFO  ha.SCMHANodeDetails (SCMHANodeDetails.java:loadSCMHAConfig(162)) - ServiceID for StorageContainerManager is null
2025-04-24 14:02:00,290 [main] INFO  ha.SCMHANodeDetails (SCMHANodeDetails.java:loadSCMHAConfig(166)) - ozone.scm.default.service.id is not defined, falling back to ozone.scm.service.ids to find serviceID for StorageContainerManager if it is HA enabled cluster
2025-04-24 14:02:00,468 [main] INFO  server.RaftServerConfigKeys (ConfUtils.java:logGet(46)) - raft.server.log.appender.buffer.byte-limit = 4194304 (custom)
2025-04-24 14:02:00,492 [main] INFO  server.RaftServer (ConfUtils.java:logGet(46)) - raft.rpc.type = GRPC (default)
2025-04-24 14:02:00,543 [main] INFO  grpc.GrpcConfigKeys (ConfUtils.java:logFallback(53)) - raft.grpc.admin.host = null (fallback to raft.grpc.server.host)
2025-04-24 14:02:00,544 [main] INFO  grpc.GrpcConfigKeys (ConfUtils.java:logFallback(53)) - raft.grpc.admin.port = 15004 (fallback to raft.grpc.server.port)
2025-04-24 14:02:00,545 [main] INFO  grpc.GrpcConfigKeys (ConfUtils.java:logFallback(53)) - raft.grpc.client.host = null (fallback to raft.grpc.server.host)
2025-04-24 14:02:00,546 [main] INFO  grpc.GrpcConfigKeys (ConfUtils.java:logFallback(53)) - raft.grpc.client.port = 15004 (fallback to raft.grpc.server.port)
2025-04-24 14:02:00,546 [main] INFO  grpc.GrpcConfigKeys (ConfUtils.java:logGet(46)) - raft.grpc.server.host = null (default)
2025-04-24 14:02:00,546 [main] INFO  grpc.GrpcConfigKeys (ConfUtils.java:logGet(46)) - raft.grpc.server.port = 15004 (custom)
2025-04-24 14:02:00,547 [main] INFO  server.GrpcService (ConfUtils.java:logGet(46)) - raft.grpc.message.size.max = 5242880 (custom)
2025-04-24 14:02:00,547 [main] INFO  server.GrpcService (ConfUtils.java:logGet(46)) - raft.grpc.flow.control.window = 1MB (=1048576) (default)
2025-04-24 14:02:00,548 [main] INFO  server.RaftServerConfigKeys (ConfUtils.java:logGet(46)) - raft.server.rpc.request.timeout = 30000ms (custom)
2025-04-24 14:02:00,556 [main] INFO  grpc.GrpcConfigKeys (ConfUtils.java:logGet(46)) - raft.grpc.server.heartbeat.channel = true (default)
2025-04-24 14:02:00,556 [main] INFO  server.RaftServerConfigKeys (ConfUtils.java:logGet(46)) - raft.server.log.appender.buffer.byte-limit = 4194304 (custom)
2025-04-24 14:02:00,559 [main] INFO  grpc.GrpcConfigKeys (ConfUtils.java:logGet(46)) - raft.grpc.server.async.request.thread.pool.cached = true (default)
2025-04-24 14:02:00,560 [main] INFO  grpc.GrpcConfigKeys (ConfUtils.java:logGet(46)) - raft.grpc.server.async.request.thread.pool.size = 32 (default)
2025-04-24 14:02:00,714 [main] INFO  impl.DataStreamServerImpl (ConfUtils.java:logGet(46)) - raft.datastream.type = DISABLED (default)
2025-04-24 14:02:00,716 [main] INFO  server.RaftServerConfigKeys (ConfUtils.java:logGet(46)) - raft.server.sleep.deviation.threshold = 300ms (default)
2025-04-24 14:02:00,716 [main] INFO  server.RaftServerConfigKeys (ConfUtils.java:logGet(46)) - raft.server.close.threshold = 60s (default)
2025-04-24 14:02:00,717 [main] INFO  server.RaftServerConfigKeys (ConfUtils.java:logGet(46)) - raft.server.leaderelection.leader.step-down.wait-time = 10s (default)
2025-04-24 14:02:00,720 [main] INFO  server.RaftServerConfigKeys (ConfUtils.java:logGet(46)) - raft.server.storage.dir = [/home/runner/work/ozone/ozone/hadoop-ozone/integration-test/target/test-dir/MiniOzoneClusterImpl-4e6105ad-12bc-4f18-9d37-351d73277e17/ozone-meta/scm-ha] (custom)
2025-04-24 14:02:00,722 [main] INFO  server.RaftServerConfigKeys (ConfUtils.java:logGet(46)) - raft.server.threadpool.proxy.cached = true (default)
2025-04-24 14:02:00,723 [main] INFO  server.RaftServerConfigKeys (ConfUtils.java:logGet(46)) - raft.server.threadpool.proxy.size = 0 (default)
2025-04-24 14:02:00,728 [main] INFO  server.RaftServer (RaftServerProxy.java:addNew(100)) - c9ecfe4d-0892-4246-87fb-41e44738771b: addNew group-351D73277E17:[c9ecfe4d-0892-4246-87fb-41e44738771b|fv-az2210-761:15004] returns group-351D73277E17:java.util.concurrent.CompletableFuture@40c2ce52[Not completed]
2025-04-24 14:02:00,740 [c9ecfe4d-0892-4246-87fb-41e44738771b-groupManagement] INFO  server.RaftServer$Division (RaftServerImpl.java:<init>(255)) - c9ecfe4d-0892-4246-87fb-41e44738771b: new RaftServerImpl for group-351D73277E17:[c9ecfe4d-0892-4246-87fb-41e44738771b|fv-az2210-761:15004] with SCMStateMachine:uninitialized
2025-04-24 14:02:00,742 [c9ecfe4d-0892-4246-87fb-41e44738771b-groupManagement] INFO  server.RaftServerConfigKeys (ConfUtils.java:logGet(46)) - raft.server.rpc.timeout.min = 5000ms (custom)
2025-04-24 14:02:00,742 [c9ecfe4d-0892-4246-87fb-41e44738771b-groupManagement] INFO  server.RaftServerConfigKeys (ConfUtils.java:logGet(46)) - raft.server.rpc.timeout.max = 5200ms (custom)
2025-04-24 14:02:00,742 [c9ecfe4d-0892-4246-87fb-41e44738771b-groupManagement] INFO  server.RaftServerConfigKeys (ConfUtils.java:logGet(46)) - raft.server.rpc.sleep.time = 25ms (default)
2025-04-24 14:02:00,743 [c9ecfe4d-0892-4246-87fb-41e44738771b-groupManagement] INFO  server.RaftServerConfigKeys (ConfUtils.java:logGet(46)) - raft.server.rpc.slowness.timeout = 120000ms (custom)
2025-04-24 14:02:00,743 [c9ecfe4d-0892-4246-87fb-41e44738771b-groupManagement] INFO  server.RaftServerConfigKeys (ConfUtils.java:logGet(46)) - raft.server.leaderelection.leader.step-down.wait-time = 10s (default)
2025-04-24 14:02:00,743 [c9ecfe4d-0892-4246-87fb-41e44738771b-groupManagement] INFO  server.RaftServerConfigKeys (ConfUtils.java:logGet(46)) - raft.server.leaderelection.member.majority-add = false (default)
2025-04-24 14:02:00,744 [c9ecfe4d-0892-4246-87fb-41e44738771b-groupManagement] INFO  server.RaftServerConfigKeys (ConfUtils.java:logGet(46)) - raft.server.sleep.deviation.threshold = 300ms (default)
2025-04-24 14:02:00,749 [c9ecfe4d-0892-4246-87fb-41e44738771b-groupManagement] INFO  server.RaftServer$Division (ServerState.java:<init>(114)) - c9ecfe4d-0892-4246-87fb-41e44738771b@group-351D73277E17: ConfigurationManager, init=conf: {index: -1, cur=peers:[c9ecfe4d-0892-4246-87fb-41e44738771b|fv-az2210-761:15004]|listeners:[], old=null}, confs=<EMPTY_MAP>
2025-04-24 14:02:00,753 [c9ecfe4d-0892-4246-87fb-41e44738771b-groupManagement] INFO  server.RaftServerConfigKeys (ConfUtils.java:logGet(46)) - raft.server.notification.no-leader.timeout = 60s (default)
2025-04-24 14:02:00,755 [c9ecfe4d-0892-4246-87fb-41e44738771b-groupManagement] INFO  server.RaftServerConfigKeys (ConfUtils.java:logGet(46)) - raft.server.read.timeout = 10s (default)
2025-04-24 14:02:00,758 [c9ecfe4d-0892-4246-87fb-41e44738771b-groupManagement] INFO  server.RaftServerConfigKeys (ConfUtils.java:logGet(46)) - raft.server.retrycache.expirytime = 60000ms (default)
2025-04-24 14:02:00,758 [c9ecfe4d-0892-4246-87fb-41e44738771b-groupManagement] INFO  server.RaftServerConfigKeys (ConfUtils.java:logGet(46)) - raft.server.retrycache.statistics.expirytime = 100ms (default)
2025-04-24 14:02:00,761 [c9ecfe4d-0892-4246-87fb-41e44738771b-groupManagement] INFO  server.RaftServerConfigKeys (ConfUtils.java:logGet(46)) - raft.server.read.option = DEFAULT (default)
2025-04-24 14:02:00,762 [c9ecfe4d-0892-4246-87fb-41e44738771b-groupManagement] INFO  server.RaftServerConfigKeys (ConfUtils.java:logGet(46)) - raft.server.read.read-after-write-consistent.write-index-cache.expiry-time = 60s (default)
2025-04-24 14:02:00,889 [c9ecfe4d-0892-4246-87fb-41e44738771b-groupManagement] INFO  server.RaftServerConfigKeys (ConfUtils.java:logGet(46)) - raft.server.rpc.request.timeout = 30000ms (custom)
2025-04-24 14:02:00,891 [c9ecfe4d-0892-4246-87fb-41e44738771b-groupManagement] INFO  server.RaftServerConfigKeys (ConfUtils.java:logGet(46)) - raft.server.log.appender.install.snapshot.enabled = false (custom)
2025-04-24 14:02:00,891 [c9ecfe4d-0892-4246-87fb-41e44738771b-groupManagement] INFO  server.RaftServerConfigKeys (ConfUtils.java:logGet(46)) - raft.server.threadpool.server.cached = true (default)
2025-04-24 14:02:00,892 [c9ecfe4d-0892-4246-87fb-41e44738771b-groupManagement] INFO  server.RaftServerConfigKeys (ConfUtils.java:logGet(46)) - raft.server.threadpool.server.size = 0 (default)
2025-04-24 14:02:00,892 [c9ecfe4d-0892-4246-87fb-41e44738771b-groupManagement] INFO  server.RaftServerConfigKeys (ConfUtils.java:logGet(46)) - raft.server.threadpool.client.cached = true (default)
2025-04-24 14:02:00,892 [c9ecfe4d-0892-4246-87fb-41e44738771b-groupManagement] INFO  server.RaftServerConfigKeys (ConfUtils.java:logGet(46)) - raft.server.threadpool.client.size = 0 (default)
2025-04-24 14:02:00,895 [c9ecfe4d-0892-4246-87fb-41e44738771b-impl-thread1] INFO  server.RaftServerConfigKeys (ConfUtils.java:logGet(46)) - raft.server.storage.free-space.min = 0MB (=0) (default)
2025-04-24 14:02:00,895 [c9ecfe4d-0892-4246-87fb-41e44738771b-impl-thread1] INFO  server.RaftServerConfigKeys (ConfUtils.java:logGet(46)) - raft.server.log.corruption.policy = EXCEPTION (default)
2025-04-24 14:02:00,896 [c9ecfe4d-0892-4246-87fb-41e44738771b-impl-thread1] INFO  server.RaftServerConfigKeys (ConfUtils.java:logGet(46)) - raft.server.storage.dir = [/home/runner/work/ozone/ozone/hadoop-ozone/integration-test/target/test-dir/MiniOzoneClusterImpl-4e6105ad-12bc-4f18-9d37-351d73277e17/ozone-meta/scm-ha] (custom)
2025-04-24 14:02:00,901 [c9ecfe4d-0892-4246-87fb-41e44738771b-impl-thread1] INFO  storage.RaftStorageDirectory (RaftStorageDirectoryImpl.java:analyzeStorage(138)) - The storage directory /home/runner/work/ozone/ozone/hadoop-ozone/integration-test/target/test-dir/MiniOzoneClusterImpl-4e6105ad-12bc-4f18-9d37-351d73277e17/ozone-meta/scm-ha/4e6105ad-12bc-4f18-9d37-351d73277e17 does not exist. Creating ...
2025-04-24 14:02:00,903 [c9ecfe4d-0892-4246-87fb-41e44738771b-impl-thread1] INFO  storage.RaftStorageDirectory (RaftStorageDirectoryImpl.java:tryLock(229)) - Lock on /home/runner/work/ozone/ozone/hadoop-ozone/integration-test/target/test-dir/MiniOzoneClusterImpl-4e6105ad-12bc-4f18-9d37-351d73277e17/ozone-meta/scm-ha/4e6105ad-12bc-4f18-9d37-351d73277e17/in_use.lock acquired by nodename 129728@fv-az2210-761
2025-04-24 14:02:00,908 [c9ecfe4d-0892-4246-87fb-41e44738771b-impl-thread1] INFO  storage.RaftStorage (RaftStorageImpl.java:format(98)) - Storage directory /home/runner/work/ozone/ozone/hadoop-ozone/integration-test/target/test-dir/MiniOzoneClusterImpl-4e6105ad-12bc-4f18-9d37-351d73277e17/ozone-meta/scm-ha/4e6105ad-12bc-4f18-9d37-351d73277e17 has been successfully formatted.
2025-04-24 14:02:00,909 [c9ecfe4d-0892-4246-87fb-41e44738771b-impl-thread1] INFO  ha.SCMStateMachine (SCMStateMachine.java:lambda$initialize$0(135)) - c9ecfe4d-0892-4246-87fb-41e44738771b: initialize group-351D73277E17
2025-04-24 14:02:00,910 [c9ecfe4d-0892-4246-87fb-41e44738771b-impl-thread1] INFO  server.RaftServerConfigKeys (ConfUtils.java:logGet(46)) - raft.server.log.use.memory = false (default)
2025-04-24 14:02:00,916 [c9ecfe4d-0892-4246-87fb-41e44738771b-impl-thread1] INFO  server.RaftServerConfigKeys (ConfUtils.java:logGet(46)) - raft.server.log.purge.gap = 1000000 (custom)
2025-04-24 14:02:00,916 [c9ecfe4d-0892-4246-87fb-41e44738771b-impl-thread1] INFO  server.RaftServerConfigKeys (ConfUtils.java:logGet(46)) - raft.server.log.appender.buffer.byte-limit = 4194304 (custom)
2025-04-24 14:02:00,918 [c9ecfe4d-0892-4246-87fb-41e44738771b-impl-thread1] INFO  server.RaftServerConfigKeys (ConfUtils.java:logGet(46)) - raft.server.log.statemachine.data.read.timeout = 1000ms (default)
2025-04-24 14:02:00,918 [c9ecfe4d-0892-4246-87fb-41e44738771b-impl-thread1] INFO  server.RaftServerConfigKeys (ConfUtils.java:logGet(46)) - raft.server.log.purge.preservation.log.num = 0 (default)
2025-04-24 14:02:00,921 [c9ecfe4d-0892-4246-87fb-41e44738771b-impl-thread1] INFO  server.RaftServerConfigKeys (ConfUtils.java:logGet(46)) - raft.server.log.segment.size.max = 4194304 (custom)
2025-04-24 14:02:00,924 [c9ecfe4d-0892-4246-87fb-41e44738771b-impl-thread1] INFO  server.RaftServerConfigKeys (ConfUtils.java:logGet(46)) - raft.server.log.segment.cache.num.max = 2 (custom)
2025-04-24 14:02:00,925 [c9ecfe4d-0892-4246-87fb-41e44738771b-impl-thread1] INFO  server.RaftServerConfigKeys (ConfUtils.java:logGet(46)) - raft.server.log.segment.cache.size.max = 200MB (=209715200) (default)
2025-04-24 14:02:00,925 [c9ecfe4d-0892-4246-87fb-41e44738771b-impl-thread1] INFO  server.RaftServerConfigKeys (ConfUtils.java:logGet(46)) - raft.server.log.appender.buffer.byte-limit = 4194304 (custom)
2025-04-24 14:02:00,927 [c9ecfe4d-0892-4246-87fb-41e44738771b-impl-thread1] INFO  util.AwaitToRun (AwaitToRun.java:start(81)) - Thread[#38,c9ecfe4d-0892-4246-87fb-41e44738771b@group-351D73277E17-cacheEviction-AwaitToRun,5,main] started
2025-04-24 14:02:00,930 [c9ecfe4d-0892-4246-87fb-41e44738771b-impl-thread1] INFO  segmented.SegmentedRaftLogWorker (SegmentedRaftLogWorker.java:<init>(188)) - new c9ecfe4d-0892-4246-87fb-41e44738771b@group-351D73277E17-SegmentedRaftLogWorker for RaftStorageImpl:Storage Directory /home/runner/work/ozone/ozone/hadoop-ozone/integration-test/target/test-dir/MiniOzoneClusterImpl-4e6105ad-12bc-4f18-9d37-351d73277e17/ozone-meta/scm-ha/4e6105ad-12bc-4f18-9d37-351d73277e17
2025-04-24 14:02:00,931 [c9ecfe4d-0892-4246-87fb-41e44738771b-impl-thread1] INFO  server.RaftServerConfigKeys (ConfUtils.java:logGet(46)) - raft.server.log.queue.byte-limit = 64MB (=67108864) (default)
2025-04-24 14:02:00,931 [c9ecfe4d-0892-4246-87fb-41e44738771b-impl-thread1] INFO  server.RaftServerConfigKeys (ConfUtils.java:logGet(46)) - raft.server.log.queue.element-limit = 4096 (default)
2025-04-24 14:02:00,933 [c9ecfe4d-0892-4246-87fb-41e44738771b-impl-thread1] INFO  server.RaftServerConfigKeys (ConfUtils.java:logGet(46)) - raft.server.log.segment.size.max = 4194304 (custom)
2025-04-24 14:02:00,933 [c9ecfe4d-0892-4246-87fb-41e44738771b-impl-thread1] INFO  server.RaftServerConfigKeys (ConfUtils.java:logGet(46)) - raft.server.log.preallocated.size = 4194304 (custom)
2025-04-24 14:02:00,934 [c9ecfe4d-0892-4246-87fb-41e44738771b-impl-thread1] INFO  server.RaftServerConfigKeys (ConfUtils.java:logGet(46)) - raft.server.log.force.sync.num = 128 (default)
2025-04-24 14:02:00,934 [c9ecfe4d-0892-4246-87fb-41e44738771b-impl-thread1] INFO  server.RaftServerConfigKeys (ConfUtils.java:logGet(46)) - raft.server.log.statemachine.data.sync = true (default)
2025-04-24 14:02:00,934 [c9ecfe4d-0892-4246-87fb-41e44738771b-impl-thread1] INFO  server.RaftServerConfigKeys (ConfUtils.java:logGet(46)) - raft.server.log.statemachine.data.sync.timeout = 10s (default)
2025-04-24 14:02:00,935 [c9ecfe4d-0892-4246-87fb-41e44738771b-impl-thread1] INFO  server.RaftServerConfigKeys (ConfUtils.java:logGet(46)) - raft.server.log.statemachine.data.sync.timeout.retry = -1 (default)
2025-04-24 14:02:00,936 [c9ecfe4d-0892-4246-87fb-41e44738771b-impl-thread1] INFO  server.RaftServerConfigKeys (ConfUtils.java:logGet(46)) - raft.server.log.write.buffer.size = 4194312 (custom)
2025-04-24 14:02:00,938 [c9ecfe4d-0892-4246-87fb-41e44738771b-impl-thread1] INFO  server.RaftServerConfigKeys (ConfUtils.java:logGet(46)) - raft.server.log.appender.buffer.byte-limit = 4194304 (custom)
2025-04-24 14:02:00,938 [c9ecfe4d-0892-4246-87fb-41e44738771b-impl-thread1] INFO  server.RaftServerConfigKeys (ConfUtils.java:logGet(46)) - raft.server.log.unsafe-flush.enabled = false (default)
2025-04-24 14:02:00,939 [c9ecfe4d-0892-4246-87fb-41e44738771b-impl-thread1] INFO  server.RaftServerConfigKeys (ConfUtils.java:logGet(46)) - raft.server.log.async-flush.enabled = false (default)
2025-04-24 14:02:00,940 [c9ecfe4d-0892-4246-87fb-41e44738771b-impl-thread1] INFO  server.RaftServerConfigKeys (ConfUtils.java:logGet(46)) - raft.server.log.statemachine.data.caching.enabled = false (default)
2025-04-24 14:02:00,945 [c9ecfe4d-0892-4246-87fb-41e44738771b-impl-thread1] INFO  segmented.SegmentedRaftLogWorker (SegmentedRaftLogWorker.java:lambda$new$0(139)) - c9ecfe4d-0892-4246-87fb-41e44738771b@group-351D73277E17-SegmentedRaftLogWorker: flushIndex: setUnconditionally 0 -> -1
2025-04-24 14:02:00,945 [c9ecfe4d-0892-4246-87fb-41e44738771b-impl-thread1] INFO  segmented.SegmentedRaftLogWorker (SegmentedRaftLogWorker.java:lambda$new$0(139)) - c9ecfe4d-0892-4246-87fb-41e44738771b@group-351D73277E17-SegmentedRaftLogWorker: safeCacheEvictIndex: setUnconditionally 0 -> -1
2025-04-24 14:02:00,946 [c9ecfe4d-0892-4246-87fb-41e44738771b-impl-thread1] INFO  server.RaftServer$Division (RaftServerImpl.java:start(391)) - c9ecfe4d-0892-4246-87fb-41e44738771b@group-351D73277E17: start as a follower, conf=conf: {index: -1, cur=peers:[c9ecfe4d-0892-4246-87fb-41e44738771b|fv-az2210-761:15004]|listeners:[], old=null}
2025-04-24 14:02:00,947 [c9ecfe4d-0892-4246-87fb-41e44738771b-impl-thread1] INFO  server.RaftServer$Division (RaftServerImpl.java:setRole(378)) - c9ecfe4d-0892-4246-87fb-41e44738771b@group-351D73277E17: changes role from      null to FOLLOWER at term 0 for startAsFollower
2025-04-24 14:02:00,948 [c9ecfe4d-0892-4246-87fb-41e44738771b-impl-thread1] INFO  impl.RoleInfo (RoleInfo.java:updateAndGet(148)) - c9ecfe4d-0892-4246-87fb-41e44738771b: start c9ecfe4d-0892-4246-87fb-41e44738771b@group-351D73277E17-FollowerState
2025-04-24 14:02:00,949 [c9ecfe4d-0892-4246-87fb-41e44738771b@group-351D73277E17-FollowerState] INFO  server.RaftServerConfigKeys (ConfUtils.java:logGet(46)) - raft.server.rpc.first-election.timeout.min = 1000ms (custom)
2025-04-24 14:02:00,949 [c9ecfe4d-0892-4246-87fb-41e44738771b@group-351D73277E17-FollowerState] INFO  server.RaftServerConfigKeys (ConfUtils.java:logGet(46)) - raft.server.rpc.first-election.timeout.max = 1200ms (custom)
2025-04-24 14:02:00,950 [c9ecfe4d-0892-4246-87fb-41e44738771b-impl-thread1] INFO  util.JmxRegister (JmxRegister.java:tryRegister(44)) - Successfully registered JMX Bean with object name Ratis:service=RaftServer,group=group-351D73277E17,id=c9ecfe4d-0892-4246-87fb-41e44738771b
2025-04-24 14:02:00,950 [c9ecfe4d-0892-4246-87fb-41e44738771b-impl-thread1] INFO  util.JmxRegister (JmxRegister.java:register(58)) - register mxBean class org.apache.ratis.server.impl.RaftServerJmxAdapter as Ratis:service=RaftServer,group=group-351D73277E17,id=c9ecfe4d-0892-4246-87fb-41e44738771b
2025-04-24 14:02:00,951 [c9ecfe4d-0892-4246-87fb-41e44738771b-impl-thread1] INFO  server.RaftServerConfigKeys (ConfUtils.java:logGet(46)) - raft.server.snapshot.trigger-when-stop.enabled = true (default)
2025-04-24 14:02:00,952 [c9ecfe4d-0892-4246-87fb-41e44738771b-impl-thread1] INFO  server.RaftServerConfigKeys (ConfUtils.java:logGet(46)) - raft.server.snapshot.trigger-when-remove.enabled = true (default)
2025-04-24 14:02:00,952 [c9ecfe4d-0892-4246-87fb-41e44738771b-impl-thread1] INFO  server.RaftServerConfigKeys (ConfUtils.java:logGet(46)) - raft.server.snapshot.auto.trigger.enabled = true (custom)
2025-04-24 14:02:00,952 [c9ecfe4d-0892-4246-87fb-41e44738771b-impl-thread1] INFO  server.RaftServerConfigKeys (ConfUtils.java:logGet(46)) - raft.server.snapshot.auto.trigger.threshold = 1000 (custom)
2025-04-24 14:02:00,953 [c9ecfe4d-0892-4246-87fb-41e44738771b-impl-thread1] INFO  server.RaftServerConfigKeys (ConfUtils.java:logGet(46)) - raft.server.snapshot.retention.file.num = -1 (default)
2025-04-24 14:02:00,953 [c9ecfe4d-0892-4246-87fb-41e44738771b-impl-thread1] INFO  server.RaftServerConfigKeys (ConfUtils.java:logGet(46)) - raft.server.log.purge.upto.snapshot.index = false (default)
2025-04-24 14:02:00,957 [c9ecfe4d-0892-4246-87fb-41e44738771b-impl-thread1] INFO  server.RaftServer$Division (RaftServerImpl.java:start(405)) - c9ecfe4d-0892-4246-87fb-41e44738771b@group-351D73277E17: Successfully started.
2025-04-24 14:02:00,957 [main] INFO  server.RaftServer (RaftServerProxy.java:startImpl(407)) - c9ecfe4d-0892-4246-87fb-41e44738771b: start RPC server
2025-04-24 14:02:00,984 [main] INFO  server.GrpcService (GrpcService.java:startImpl(334)) - c9ecfe4d-0892-4246-87fb-41e44738771b: GrpcService started, listening on 15004
2025-04-24 14:02:00,986 [JvmPauseMonitor0] INFO  util.JvmPauseMonitor (JvmPauseMonitor.java:run(146)) - JvmPauseMonitor-c9ecfe4d-0892-4246-87fb-41e44738771b: Started
2025-04-24 14:02:02,023 [c9ecfe4d-0892-4246-87fb-41e44738771b@group-351D73277E17-FollowerState] INFO  impl.FollowerState (FollowerState.java:runImpl(161)) - c9ecfe4d-0892-4246-87fb-41e44738771b@group-351D73277E17-FollowerState: change to CANDIDATE, lastRpcElapsedTime:1075660081ns, electionTimeout:1073ms
2025-04-24 14:02:02,024 [c9ecfe4d-0892-4246-87fb-41e44738771b@group-351D73277E17-FollowerState] INFO  impl.RoleInfo (RoleInfo.java:shutdownFollowerState(121)) - c9ecfe4d-0892-4246-87fb-41e44738771b: shutdown c9ecfe4d-0892-4246-87fb-41e44738771b@group-351D73277E17-FollowerState
2025-04-24 14:02:02,024 [c9ecfe4d-0892-4246-87fb-41e44738771b@group-351D73277E17-FollowerState] INFO  server.RaftServer$Division (RaftServerImpl.java:setRole(378)) - c9ecfe4d-0892-4246-87fb-41e44738771b@group-351D73277E17: changes role from  FOLLOWER to CANDIDATE at term 0 for changeToCandidate
2025-04-24 14:02:02,026 [c9ecfe4d-0892-4246-87fb-41e44738771b@group-351D73277E17-FollowerState] INFO  server.RaftServerConfigKeys (ConfUtils.java:logGet(46)) - raft.server.leaderelection.pre-vote = true (default)
2025-04-24 14:02:02,027 [c9ecfe4d-0892-4246-87fb-41e44738771b@group-351D73277E17-FollowerState] INFO  impl.RoleInfo (RoleInfo.java:updateAndGet(148)) - c9ecfe4d-0892-4246-87fb-41e44738771b: start c9ecfe4d-0892-4246-87fb-41e44738771b@group-351D73277E17-LeaderElection1
2025-04-24 14:02:02,030 [c9ecfe4d-0892-4246-87fb-41e44738771b@group-351D73277E17-LeaderElection1] INFO  impl.LeaderElection (LeaderElection.java:askForVotes(332)) - c9ecfe4d-0892-4246-87fb-41e44738771b@group-351D73277E17-LeaderElection1 PRE_VOTE round 0: submit vote requests at term 0 for conf: {index: -1, cur=peers:[c9ecfe4d-0892-4246-87fb-41e44738771b|fv-az2210-761:15004]|listeners:[], old=null}
2025-04-24 14:02:02,030 [c9ecfe4d-0892-4246-87fb-41e44738771b@group-351D73277E17-LeaderElection1] INFO  impl.LeaderElection (LeaderElection.java:askForVotes(334)) - c9ecfe4d-0892-4246-87fb-41e44738771b@group-351D73277E17-LeaderElection1 PRE_VOTE round 0: result PASSED (term=0)
2025-04-24 14:02:02,032 [c9ecfe4d-0892-4246-87fb-41e44738771b@group-351D73277E17-LeaderElection1] INFO  impl.LeaderElection (LeaderElection.java:askForVotes(332)) - c9ecfe4d-0892-4246-87fb-41e44738771b@group-351D73277E17-LeaderElection1 ELECTION round 0: submit vote requests at term 1 for conf: {index: -1, cur=peers:[c9ecfe4d-0892-4246-87fb-41e44738771b|fv-az2210-761:15004]|listeners:[], old=null}
2025-04-24 14:02:02,033 [c9ecfe4d-0892-4246-87fb-41e44738771b@group-351D73277E17-LeaderElection1] INFO  impl.LeaderElection (LeaderElection.java:askForVotes(334)) - c9ecfe4d-0892-4246-87fb-41e44738771b@group-351D73277E17-LeaderElection1 ELECTION round 0: result PASSED (term=1)
2025-04-24 14:02:02,033 [c9ecfe4d-0892-4246-87fb-41e44738771b@group-351D73277E17-LeaderElection1] INFO  impl.RoleInfo (RoleInfo.java:shutdownLeaderElection(141)) - c9ecfe4d-0892-4246-87fb-41e44738771b: shutdown c9ecfe4d-0892-4246-87fb-41e44738771b@group-351D73277E17-LeaderElection1
2025-04-24 14:02:02,033 [c9ecfe4d-0892-4246-87fb-41e44738771b@group-351D73277E17-LeaderElection1] INFO  server.RaftServer$Division (RaftServerImpl.java:setRole(378)) - c9ecfe4d-0892-4246-87fb-41e44738771b@group-351D73277E17: changes role from CANDIDATE to LEADER at term 1 for changeToLeader
2025-04-24 14:02:02,038 [c9ecfe4d-0892-4246-87fb-41e44738771b@group-351D73277E17-LeaderElection1] INFO  server.RaftServerConfigKeys (ConfUtils.java:logGet(46)) - raft.server.staging.catchup.gap = 1000 (default)
2025-04-24 14:02:02,040 [c9ecfe4d-0892-4246-87fb-41e44738771b@group-351D73277E17-LeaderElection1] INFO  server.RaftServerConfigKeys (ConfUtils.java:logGet(46)) - raft.server.write.element-limit = 4096 (default)
2025-04-24 14:02:02,041 [c9ecfe4d-0892-4246-87fb-41e44738771b@group-351D73277E17-LeaderElection1] INFO  server.RaftServerConfigKeys (ConfUtils.java:logGet(46)) - raft.server.write.byte-limit = 64MB (=67108864) (default)
2025-04-24 14:02:02,044 [c9ecfe4d-0892-4246-87fb-41e44738771b@group-351D73277E17-LeaderElection1] INFO  server.RaftServerConfigKeys (ConfUtils.java:logGet(46)) - raft.server.watch.timeout = 10s (default)
2025-04-24 14:02:02,044 [c9ecfe4d-0892-4246-87fb-41e44738771b@group-351D73277E17-LeaderElection1] INFO  server.RaftServerConfigKeys (ConfUtils.java:logGet(46)) - raft.server.watch.timeout.denomination = 1s (default)
2025-04-24 14:02:02,044 [c9ecfe4d-0892-4246-87fb-41e44738771b@group-351D73277E17-LeaderElection1] INFO  server.RaftServerConfigKeys (ConfUtils.java:logGet(46)) - raft.server.watch.element-limit = 65536 (default)
2025-04-24 14:02:02,050 [c9ecfe4d-0892-4246-87fb-41e44738771b@group-351D73277E17-LeaderElection1] INFO  server.RaftServerConfigKeys (ConfUtils.java:logGet(46)) - raft.server.read.leader.lease.enabled = false (default)
2025-04-24 14:02:02,052 [c9ecfe4d-0892-4246-87fb-41e44738771b@group-351D73277E17-LeaderElection1] INFO  server.RaftServerConfigKeys (ConfUtils.java:logGet(46)) - raft.server.read.leader.lease.timeout.ratio = 0.9 (default)
2025-04-24 14:02:02,052 [c9ecfe4d-0892-4246-87fb-41e44738771b@group-351D73277E17-LeaderElection1] INFO  server.RaftServerConfigKeys (ConfUtils.java:logGet(46)) - raft.server.rpc.timeout.min = 5000ms (custom)
2025-04-24 14:02:02,052 [c9ecfe4d-0892-4246-87fb-41e44738771b@group-351D73277E17-LeaderElection1] INFO  server.RaftServerConfigKeys (ConfUtils.java:logGet(46)) - raft.server.log.log-metadata.enabled = true (default)
2025-04-24 14:02:02,053 [c9ecfe4d-0892-4246-87fb-41e44738771b@group-351D73277E17-LeaderElection1] INFO  server.RaftServerConfigKeys (ConfUtils.java:logGet(46)) - raft.server.write.element-limit = 4096 (default)
2025-04-24 14:02:02,053 [c9ecfe4d-0892-4246-87fb-41e44738771b@group-351D73277E17-LeaderElection1] INFO  server.RaftServerConfigKeys (ConfUtils.java:logGet(46)) - raft.server.write.follower.gap.ratio.max = -1.0 (default)
2025-04-24 14:02:02,054 [c9ecfe4d-0892-4246-87fb-41e44738771b@group-351D73277E17-LeaderElection1] INFO  impl.RoleInfo (RoleInfo.java:updateAndGet(148)) - c9ecfe4d-0892-4246-87fb-41e44738771b: start c9ecfe4d-0892-4246-87fb-41e44738771b@group-351D73277E17-LeaderStateImpl
2025-04-24 14:02:02,055 [c9ecfe4d-0892-4246-87fb-41e44738771b@group-351D73277E17-LeaderElection1] INFO  server.RaftServer$Division (RaftServerImpl.java:setFirstElection(562)) - c9ecfe4d-0892-4246-87fb-41e44738771b@group-351D73277E17: set firstElectionSinceStartup to false for becomeLeader
2025-04-24 14:02:02,055 [c9ecfe4d-0892-4246-87fb-41e44738771b@group-351D73277E17-LeaderElection1] INFO  server.RaftServer$Division (ServerState.java:setLeader(272)) - c9ecfe4d-0892-4246-87fb-41e44738771b@group-351D73277E17: change Leader from null to c9ecfe4d-0892-4246-87fb-41e44738771b at term 1 for becomeLeader, leader elected after 1302ms
2025-04-24 14:02:02,072 [c9ecfe4d-0892-4246-87fb-41e44738771b@group-351D73277E17-LeaderElection1] INFO  segmented.SegmentedRaftLogWorker (SegmentedRaftLogWorker.java:startLogSegment(438)) - c9ecfe4d-0892-4246-87fb-41e44738771b@group-351D73277E17-SegmentedRaftLogWorker: Starting segment from index:0
2025-04-24 14:02:02,086 [c9ecfe4d-0892-4246-87fb-41e44738771b@group-351D73277E17-SegmentedRaftLogWorker] INFO  segmented.BufferedWriteChannel (BufferedWriteChannel.java:open(61)) - open log_inprogress_0 at position 0
2025-04-24 14:02:02,086 [c9ecfe4d-0892-4246-87fb-41e44738771b@group-351D73277E17-LeaderElection1] INFO  server.RaftServer$Division (ServerState.java:setRaftConf(386)) - c9ecfe4d-0892-4246-87fb-41e44738771b@group-351D73277E17: set configuration conf: {index: 0, cur=peers:[c9ecfe4d-0892-4246-87fb-41e44738771b|fv-az2210-761:15004]|listeners:[], old=null}
2025-04-24 14:02:02,098 [c9ecfe4d-0892-4246-87fb-41e44738771b@group-351D73277E17-SegmentedRaftLogWorker] INFO  segmented.SegmentedRaftLogWorker (SegmentedRaftLogWorker.java:execute(644)) - c9ecfe4d-0892-4246-87fb-41e44738771b@group-351D73277E17-SegmentedRaftLogWorker: created new log segment /home/runner/work/ozone/ozone/hadoop-ozone/integration-test/target/test-dir/MiniOzoneClusterImpl-4e6105ad-12bc-4f18-9d37-351d73277e17/ozone-meta/scm-ha/4e6105ad-12bc-4f18-9d37-351d73277e17/current/log_inprogress_0
2025-04-24 14:02:02,108 [c9ecfe4d-0892-4246-87fb-41e44738771b@group-351D73277E17-StateMachineUpdater] INFO  server.RaftServer$Division (LeaderStateImpl.java:checkStartIndex(313)) - Leader c9ecfe4d-0892-4246-87fb-41e44738771b@group-351D73277E17-LeaderStateImpl is ready since appliedIndex == startIndex == 0
2025-04-24 14:02:02,987 [main] INFO  server.RaftServer (RaftServerProxy.java:lambda$close$9(417)) - c9ecfe4d-0892-4246-87fb-41e44738771b: close
2025-04-24 14:02:02,988 [main] INFO  server.GrpcService (GrpcService.java:closeImpl(343)) - c9ecfe4d-0892-4246-87fb-41e44738771b: shutdown server GrpcServerProtocolService now
2025-04-24 14:02:02,988 [c9ecfe4d-0892-4246-87fb-41e44738771b-impl-thread1] INFO  server.RaftServer$Division (RaftServerImpl.java:lambda$close$1(513)) - c9ecfe4d-0892-4246-87fb-41e44738771b@group-351D73277E17: shutdown
2025-04-24 14:02:02,988 [c9ecfe4d-0892-4246-87fb-41e44738771b-impl-thread1] INFO  util.JmxRegister (JmxRegister.java:unregister(74)) - Successfully un-registered JMX Bean with object name Ratis:service=RaftServer,group=group-351D73277E17,id=c9ecfe4d-0892-4246-87fb-41e44738771b
2025-04-24 14:02:02,988 [c9ecfe4d-0892-4246-87fb-41e44738771b-impl-thread1] INFO  impl.RoleInfo (RoleInfo.java:shutdownLeaderState(103)) - c9ecfe4d-0892-4246-87fb-41e44738771b: shutdown c9ecfe4d-0892-4246-87fb-41e44738771b@group-351D73277E17-LeaderStateImpl
2025-04-24 14:02:02,993 [c9ecfe4d-0892-4246-87fb-41e44738771b-impl-thread1] INFO  impl.PendingRequests (PendingRequests.java:sendNotLeaderResponses(287)) - c9ecfe4d-0892-4246-87fb-41e44738771b@group-351D73277E17-PendingRequests: sendNotLeaderResponses
2025-04-24 14:02:02,994 [main] INFO  server.GrpcService (GrpcService.java:closeImpl(352)) - c9ecfe4d-0892-4246-87fb-41e44738771b: shutdown server GrpcServerProtocolService successfully
2025-04-24 14:02:02,995 [c9ecfe4d-0892-4246-87fb-41e44738771b-impl-thread1] INFO  impl.StateMachineUpdater (StateMachineUpdater.java:stopAndJoin(164)) - c9ecfe4d-0892-4246-87fb-41e44738771b@group-351D73277E17-StateMachineUpdater: set stopIndex = 0
2025-04-24 14:02:02,996 [c9ecfe4d-0892-4246-87fb-41e44738771b@group-351D73277E17-StateMachineUpdater] INFO  impl.StateMachineUpdater (StateMachineUpdater.java:takeSnapshot(303)) - c9ecfe4d-0892-4246-87fb-41e44738771b@group-351D73277E17-StateMachineUpdater: Took a snapshot at index 0
2025-04-24 14:02:02,996 [c9ecfe4d-0892-4246-87fb-41e44738771b@group-351D73277E17-StateMachineUpdater] INFO  impl.StateMachineUpdater (StateMachineUpdater.java:lambda$new$0(102)) - c9ecfe4d-0892-4246-87fb-41e44738771b@group-351D73277E17-StateMachineUpdater: snapshotIndex: updateIncreasingly -1 -> 0
2025-04-24 14:02:02,997 [c9ecfe4d-0892-4246-87fb-41e44738771b@group-351D73277E17-StateMachineUpdater] INFO  impl.StateMachineUpdater (StateMachineUpdater.java:stop(141)) - c9ecfe4d-0892-4246-87fb-41e44738771b@group-351D73277E17-StateMachineUpdater: closing SCMStateMachine, lastApplied=(t:1, i:0)
2025-04-24 14:02:02,998 [c9ecfe4d-0892-4246-87fb-41e44738771b@group-351D73277E17-cacheEviction-AwaitToRun] INFO  util.AwaitToRun (AwaitToRun.java:run(49)) - c9ecfe4d-0892-4246-87fb-41e44738771b@group-351D73277E17-cacheEviction-AwaitToRun-AwaitForSignal is interrupted
2025-04-24 14:02:03,104 [c9ecfe4d-0892-4246-87fb-41e44738771b-impl-thread1] INFO  segmented.SegmentedRaftLogWorker (SegmentedRaftLogWorker.java:close(252)) - c9ecfe4d-0892-4246-87fb-41e44738771b@group-351D73277E17-SegmentedRaftLogWorker close()
2025-04-24 14:02:03,109 [JvmPauseMonitor0] INFO  util.JvmPauseMonitor (JvmPauseMonitor.java:run(152)) - JvmPauseMonitor-c9ecfe4d-0892-4246-87fb-41e44738771b: Stopped
2025-04-24 14:02:03,132 [main] WARN  server.ServerUtils (ServerUtils.java:getScmDbDir(141)) - ozone.scm.db.dirs is not configured. We recommend adding this setting. Falling back to ozone.metadata.dirs instead.
2025-04-24 14:02:03,133 [main] INFO  ha.SCMHANodeDetails (SCMHANodeDetails.java:loadSCMHAConfig(162)) - ServiceID for StorageContainerManager is null
2025-04-24 14:02:03,133 [main] INFO  ha.SCMHANodeDetails (SCMHANodeDetails.java:loadSCMHAConfig(166)) - ozone.scm.default.service.id is not defined, falling back to ozone.scm.service.ids to find serviceID for StorageContainerManager if it is HA enabled cluster
2025-04-24 14:02:03,487 [main] WARN  utils.HAUtils (HAUtils.java:getMetaDir(337)) - ozone.scm.db.dirs is not configured. We recommend adding this setting. Falling back to ozone.metadata.dirs instead.
2025-04-24 14:02:03,589 [main] WARN  db.DBStoreBuilder (DBStoreBuilder.java:getDBDirPath(167)) - ozone.scm.db.dirs is not configured. We recommend adding this setting. Falling back to ozone.metadata.dirs instead.
2025-04-24 14:02:03,769 [main] INFO  net.NodeSchemaLoader (NodeSchemaLoader.java:loadSchemaFromFile(127)) - Loading schema from [jar:file:/home/runner/work/ozone/ozone/hadoop-hdds/common/target/hdds-common-2.1.0-SNAPSHOT.jar!/network-topology-default.xml]
2025-04-24 14:02:03,776 [main] INFO  net.NodeSchemaLoader (NodeSchemaLoader.java:loadSchema(174)) - Loading network topology layer schema file
2025-04-24 14:02:03,867 [main] INFO  ha.SCMRatisServerImpl (SCMRatisServerImpl.java:<init>(100)) - starting Raft server for scm:c9ecfe4d-0892-4246-87fb-41e44738771b
2025-04-24 14:02:03,871 [main] INFO  server.RaftServerConfigKeys (ConfUtils.java:logGet(46)) - raft.server.log.appender.buffer.byte-limit = 4194304 (custom)
2025-04-24 14:02:03,873 [main] INFO  server.RaftServer (ConfUtils.java:logGet(46)) - raft.rpc.type = GRPC (default)
2025-04-24 14:02:03,874 [main] INFO  grpc.GrpcConfigKeys (ConfUtils.java:logFallback(53)) - raft.grpc.admin.host = null (fallback to raft.grpc.server.host)
2025-04-24 14:02:03,874 [main] INFO  grpc.GrpcConfigKeys (ConfUtils.java:logFallback(53)) - raft.grpc.admin.port = 15004 (fallback to raft.grpc.server.port)
2025-04-24 14:02:03,875 [main] INFO  grpc.GrpcConfigKeys (ConfUtils.java:logFallback(53)) - raft.grpc.client.host = null (fallback to raft.grpc.server.host)
2025-04-24 14:02:03,875 [main] INFO  grpc.GrpcConfigKeys (ConfUtils.java:logFallback(53)) - raft.grpc.client.port = 15004 (fallback to raft.grpc.server.port)
2025-04-24 14:02:03,875 [main] INFO  grpc.GrpcConfigKeys (ConfUtils.java:logGet(46)) - raft.grpc.server.host = null (default)
2025-04-24 14:02:03,875 [main] INFO  grpc.GrpcConfigKeys (ConfUtils.java:logGet(46)) - raft.grpc.server.port = 15004 (custom)
2025-04-24 14:02:03,875 [main] INFO  server.GrpcService (ConfUtils.java:logGet(46)) - raft.grpc.message.size.max = 5242880 (custom)
2025-04-24 14:02:03,876 [main] INFO  server.GrpcService (ConfUtils.java:logGet(46)) - raft.grpc.flow.control.window = 1MB (=1048576) (default)
2025-04-24 14:02:03,877 [main] INFO  server.RaftServerConfigKeys (ConfUtils.java:logGet(46)) - raft.server.rpc.request.timeout = 30000ms (custom)
2025-04-24 14:02:03,877 [main] INFO  grpc.GrpcConfigKeys (ConfUtils.java:logGet(46)) - raft.grpc.server.heartbeat.channel = true (default)
2025-04-24 14:02:03,878 [main] INFO  server.RaftServerConfigKeys (ConfUtils.java:logGet(46)) - raft.server.log.appender.buffer.byte-limit = 4194304 (custom)
2025-04-24 14:02:03,878 [main] INFO  grpc.GrpcConfigKeys (ConfUtils.java:logGet(46)) - raft.grpc.server.async.request.thread.pool.cached = true (default)
2025-04-24 14:02:03,878 [main] INFO  grpc.GrpcConfigKeys (ConfUtils.java:logGet(46)) - raft.grpc.server.async.request.thread.pool.size = 32 (default)
2025-04-24 14:02:03,879 [main] INFO  impl.DataStreamServerImpl (ConfUtils.java:logGet(46)) - raft.datastream.type = DISABLED (default)
2025-04-24 14:02:03,879 [main] INFO  server.RaftServerConfigKeys (ConfUtils.java:logGet(46)) - raft.server.sleep.deviation.threshold = 300ms (default)
2025-04-24 14:02:03,880 [main] INFO  server.RaftServerConfigKeys (ConfUtils.java:logGet(46)) - raft.server.close.threshold = 60s (default)
2025-04-24 14:02:03,880 [main] INFO  server.RaftServerConfigKeys (ConfUtils.java:logGet(46)) - raft.server.leaderelection.leader.step-down.wait-time = 10s (default)
2025-04-24 14:02:03,880 [main] INFO  server.RaftServerConfigKeys (ConfUtils.java:logGet(46)) - raft.server.storage.dir = [/home/runner/work/ozone/ozone/hadoop-ozone/integration-test/target/test-dir/MiniOzoneClusterImpl-4e6105ad-12bc-4f18-9d37-351d73277e17/ozone-meta/scm-ha] (custom)
2025-04-24 14:02:03,880 [main] INFO  server.RaftServerConfigKeys (ConfUtils.java:logGet(46)) - raft.server.threadpool.proxy.cached = true (default)
2025-04-24 14:02:03,880 [main] INFO  server.RaftServerConfigKeys (ConfUtils.java:logGet(46)) - raft.server.threadpool.proxy.size = 0 (default)
2025-04-24 14:02:03,882 [c9ecfe4d-0892-4246-87fb-41e44738771b-impl-thread1] INFO  server.RaftServer (RaftServerProxy.java:initGroupDir(265)) - c9ecfe4d-0892-4246-87fb-41e44738771b: found a subdirectory /home/runner/work/ozone/ozone/hadoop-ozone/integration-test/target/test-dir/MiniOzoneClusterImpl-4e6105ad-12bc-4f18-9d37-351d73277e17/ozone-meta/scm-ha/4e6105ad-12bc-4f18-9d37-351d73277e17
2025-04-24 14:02:03,883 [main] INFO  server.RaftServer (RaftServerProxy.java:addNew(100)) - c9ecfe4d-0892-4246-87fb-41e44738771b: addNew group-351D73277E17:[] returns group-351D73277E17:java.util.concurrent.CompletableFuture@7f6b57f2[Not completed]
2025-04-24 14:02:03,885 [c9ecfe4d-0892-4246-87fb-41e44738771b-groupManagement] INFO  server.RaftServer$Division (RaftServerImpl.java:<init>(255)) - c9ecfe4d-0892-4246-87fb-41e44738771b: new RaftServerImpl for group-351D73277E17:[] with SCMStateMachine:uninitialized
2025-04-24 14:02:03,885 [c9ecfe4d-0892-4246-87fb-41e44738771b-groupManagement] INFO  server.RaftServerConfigKeys (ConfUtils.java:logGet(46)) - raft.server.rpc.timeout.min = 5000ms (custom)
2025-04-24 14:02:03,886 [c9ecfe4d-0892-4246-87fb-41e44738771b-groupManagement] INFO  server.RaftServerConfigKeys (ConfUtils.java:logGet(46)) - raft.server.rpc.timeout.max = 5200ms (custom)
2025-04-24 14:02:03,886 [c9ecfe4d-0892-4246-87fb-41e44738771b-groupManagement] INFO  server.RaftServerConfigKeys (ConfUtils.java:logGet(46)) - raft.server.rpc.sleep.time = 25ms (default)
2025-04-24 14:02:03,886 [c9ecfe4d-0892-4246-87fb-41e44738771b-groupManagement] INFO  server.RaftServerConfigKeys (ConfUtils.java:logGet(46)) - raft.server.rpc.slowness.timeout = 120000ms (custom)
2025-04-24 14:02:03,886 [c9ecfe4d-0892-4246-87fb-41e44738771b-groupManagement] INFO  server.RaftServerConfigKeys (ConfUtils.java:logGet(46)) - raft.server.leaderelection.leader.step-down.wait-time = 10s (default)
2025-04-24 14:02:03,886 [c9ecfe4d-0892-4246-87fb-41e44738771b-groupManagement] INFO  server.RaftServerConfigKeys (ConfUtils.java:logGet(46)) - raft.server.leaderelection.member.majority-add = false (default)
2025-04-24 14:02:03,886 [c9ecfe4d-0892-4246-87fb-41e44738771b-groupManagement] INFO  server.RaftServerConfigKeys (ConfUtils.java:logGet(46)) - raft.server.sleep.deviation.threshold = 300ms (default)
2025-04-24 14:02:03,886 [c9ecfe4d-0892-4246-87fb-41e44738771b-groupManagement] INFO  server.RaftServer$Division (ServerState.java:<init>(114)) - c9ecfe4d-0892-4246-87fb-41e44738771b@group-351D73277E17: ConfigurationManager, init=conf: {index: -1, cur=peers:[]|listeners:[], old=null}, confs=<EMPTY_MAP>
2025-04-24 14:02:03,887 [c9ecfe4d-0892-4246-87fb-41e44738771b-groupManagement] INFO  server.RaftServerConfigKeys (ConfUtils.java:logGet(46)) - raft.server.notification.no-leader.timeout = 60s (default)
2025-04-24 14:02:03,887 [c9ecfe4d-0892-4246-87fb-41e44738771b-groupManagement] INFO  server.RaftServerConfigKeys (ConfUtils.java:logGet(46)) - raft.server.read.timeout = 10s (default)
2025-04-24 14:02:03,887 [c9ecfe4d-0892-4246-87fb-41e44738771b-groupManagement] INFO  server.RaftServerConfigKeys (ConfUtils.java:logGet(46)) - raft.server.retrycache.expirytime = 60000ms (default)
2025-04-24 14:02:03,887 [c9ecfe4d-0892-4246-87fb-41e44738771b-groupManagement] INFO  server.RaftServerConfigKeys (ConfUtils.java:logGet(46)) - raft.server.retrycache.statistics.expirytime = 100ms (default)
2025-04-24 14:02:03,887 [c9ecfe4d-0892-4246-87fb-41e44738771b-groupManagement] INFO  server.RaftServerConfigKeys (ConfUtils.java:logGet(46)) - raft.server.read.option = DEFAULT (default)
2025-04-24 14:02:03,887 [c9ecfe4d-0892-4246-87fb-41e44738771b-groupManagement] INFO  server.RaftServerConfigKeys (ConfUtils.java:logGet(46)) - raft.server.read.read-after-write-consistent.write-index-cache.expiry-time = 60s (default)
2025-04-24 14:02:03,895 [c9ecfe4d-0892-4246-87fb-41e44738771b-groupManagement] INFO  server.RaftServerConfigKeys (ConfUtils.java:logGet(46)) - raft.server.rpc.request.timeout = 30000ms (custom)
2025-04-24 14:02:03,895 [c9ecfe4d-0892-4246-87fb-41e44738771b-groupManagement] INFO  server.RaftServerConfigKeys (ConfUtils.java:logGet(46)) - raft.server.log.appender.install.snapshot.enabled = false (custom)
2025-04-24 14:02:03,895 [c9ecfe4d-0892-4246-87fb-41e44738771b-groupManagement] INFO  server.RaftServerConfigKeys (ConfUtils.java:logGet(46)) - raft.server.threadpool.server.cached = true (default)
2025-04-24 14:02:03,895 [c9ecfe4d-0892-4246-87fb-41e44738771b-groupManagement] INFO  server.RaftServerConfigKeys (ConfUtils.java:logGet(46)) - raft.server.threadpool.server.size = 0 (default)
2025-04-24 14:02:03,895 [c9ecfe4d-0892-4246-87fb-41e44738771b-groupManagement] INFO  server.RaftServerConfigKeys (ConfUtils.java:logGet(46)) - raft.server.threadpool.client.cached = true (default)
2025-04-24 14:02:03,896 [c9ecfe4d-0892-4246-87fb-41e44738771b-groupManagement] INFO  server.RaftServerConfigKeys (ConfUtils.java:logGet(46)) - raft.server.threadpool.client.size = 0 (default)
2025-04-24 14:02:03,897 [main] INFO  ha.SCMSnapshotProvider (SCMSnapshotProvider.java:<init>(62)) - Initializing SCM Snapshot Provider
2025-04-24 14:02:03,897 [main] WARN  server.ServerUtils (ServerUtils.java:getDefaultRatisDirectory(309)) - Storage directory for Ratis is not configured. It is a good idea to map this to an SSD disk. Falling back to ozone.metadata.dirs
2025-04-24 14:02:03,898 [main] WARN  ha.SCMHAUtils (SCMHAUtils.java:getSCMRatisSnapshotDirectory(120)) - SCM snapshot dir is not configured. Falling back to ozone.metadata.dirs config
2025-04-24 14:02:03,921 [main] INFO  upgrade.AbstractLayoutVersionManager (AbstractLayoutVersionManager.java:init(80)) - Initializing Layout version manager with metadata layout = HBASE_SUPPORT (version = 8), software layout = HBASE_SUPPORT (version = 8)
2025-04-24 14:02:03,947 [main] INFO  ha.SequenceIdGenerator (SequenceIdGenerator.java:upgradeToSequenceId(362)) - upgrade localId to 115816896921600000
2025-04-24 14:02:03,949 [main] INFO  ha.SequenceIdGenerator (SequenceIdGenerator.java:upgradeToSequenceId(372)) - upgrade delTxnId to 0
2025-04-24 14:02:03,954 [main] INFO  ha.SequenceIdGenerator (SequenceIdGenerator.java:upgradeToSequenceId(389)) - upgrade containerId to 0
2025-04-24 14:02:03,956 [main] INFO  ha.SequenceIdGenerator (SequenceIdGenerator.java:upgradeToCertificateSequenceId(426)) - upgrade CertificateId to 2
2025-04-24 14:02:03,958 [main] INFO  ha.SequenceIdGenerator (SequenceIdGenerator.java:<init>(239)) - Init the HA SequenceIdGenerator.
2025-04-24 14:02:04,003 [main] WARN  server.ServerUtils (ServerUtils.java:sanitizeUserArgs(77)) - ozone.scm.stale.node.interval value = 300000 is larger than max = 100000 based on the key value of ozone.scm.heartbeat.thread.interval, reset to the max value 100000.
2025-04-24 14:02:04,004 [main] WARN  server.ServerUtils (ServerUtils.java:sanitizeUserArgs(77)) - ozone.scm.stale.node.interval value = 300000 is larger than max = 100000 based on the key value of ozone.scm.heartbeat.thread.interval, reset to the max value 100000.
2025-04-24 14:02:04,008 [main] INFO  node.SCMNodeManager (SCMNodeManager.java:<init>(181)) - Entering startup safe mode.
2025-04-24 14:02:04,020 [main] INFO  algorithms.ContainerPlacementPolicyFactory (ContainerPlacementPolicyFactory.java:getPolicyInternal(85)) - Create container placement policy of type org.apache.hadoop.hdds.scm.container.placement.algorithms.SCMContainerPlacementRackAware
2025-04-24 14:02:04,025 [main] INFO  algorithms.ContainerPlacementPolicyFactory (ContainerPlacementPolicyFactory.java:getPolicyInternal(85)) - Create container placement policy of type org.apache.hadoop.hdds.scm.container.placement.algorithms.SCMContainerPlacementRackScatter
2025-04-24 14:02:04,032 [main] INFO  pipeline.PipelineStateManagerImpl (PipelineStateManagerImpl.java:initialize(75)) - No pipeline exists in current db
2025-04-24 14:02:04,045 [main] INFO  algorithms.LeaderChoosePolicyFactory (LeaderChoosePolicyFactory.java:getPolicy(56)) - Create leader choose policy of type org.apache.hadoop.hdds.scm.pipeline.leader.choose.algorithms.MinLeaderCountChoosePolicy
2025-04-24 14:02:04,045 [main] INFO  algorithms.ContainerPlacementPolicyFactory (ContainerPlacementPolicyFactory.java:getPolicyInternal(85)) - Create container placement policy of type org.apache.hadoop.hdds.scm.container.placement.algorithms.SCMContainerPlacementRackScatter
2025-04-24 14:02:04,052 [main] INFO  ha.SCMServiceManager (SCMServiceManager.java:register(42)) - Registering service BackgroundPipelineCreator.
2025-04-24 14:02:04,052 [main] INFO  pipeline.BackgroundPipelineCreator (BackgroundPipelineCreator.java:start(127)) - Starting RatisPipelineUtilsThread.
2025-04-24 14:02:04,055 [main] INFO  BackgroundPipelineScrubber (BackgroundSCMService.java:start(64)) - Starting BackgroundPipelineScrubber Service.
2025-04-24 14:02:04,056 [main] INFO  ha.SCMServiceManager (SCMServiceManager.java:register(42)) - Registering service BackgroundPipelineScrubber.
2025-04-24 14:02:04,061 [main] INFO  ExpiredContainerReplicaOpScrubber (BackgroundSCMService.java:start(64)) - Starting ExpiredContainerReplicaOpScrubber Service.
2025-04-24 14:02:04,061 [main] INFO  ha.SCMServiceManager (SCMServiceManager.java:register(42)) - Registering service ExpiredContainerReplicaOpScrubber.
2025-04-24 14:02:04,086 [main] INFO  algorithms.PipelineChoosePolicyFactory (PipelineChoosePolicyFactory.java:createPipelineChoosePolicyFromClass(78)) - Create pipeline choose policy of type org.apache.hadoop.hdds.scm.pipeline.choose.algorithms.RandomPipelineChoosePolicy
2025-04-24 14:02:04,086 [main] INFO  algorithms.PipelineChoosePolicyFactory (PipelineChoosePolicyFactory.java:createPipelineChoosePolicyFromClass(78)) - Create pipeline choose policy of type org.apache.hadoop.hdds.scm.pipeline.choose.algorithms.RandomPipelineChoosePolicy
2025-04-24 14:02:04,114 [main] INFO  ha.SCMServiceManager (SCMServiceManager.java:register(42)) - Registering service SCMBlockDeletingService.
2025-04-24 14:02:04,160 [main] INFO  replication.ReplicationManager (ReplicationManager.java:start(287)) - Starting Replication Monitor Thread.
2025-04-24 14:02:04,161 [main] INFO  ha.SCMServiceManager (SCMServiceManager.java:register(42)) - Registering service ReplicationManager.
2025-04-24 14:02:04,172 [main] INFO  safemode.RatisContainerSafeModeRule (RatisContainerSafeModeRule.java:initializeRule(161)) - Refreshed Containers with one replica threshold count 0.
2025-04-24 14:02:04,173 [main] INFO  safemode.ECContainerSafeModeRule (ECContainerSafeModeRule.java:initializeRule(205)) - Refreshed Containers with ec n replica threshold count 0.
2025-04-24 14:02:04,177 [main] INFO  safemode.HealthyPipelineSafeModeRule (HealthyPipelineSafeModeRule.java:initializeRule(178)) - Total pipeline count is 0, healthy pipeline threshold count is 1
2025-04-24 14:02:04,178 [main] INFO  safemode.OneReplicaPipelineSafeModeRule (OneReplicaPipelineSafeModeRule.java:initializeRule(191)) - Total pipeline count is 0, pipeline's with at least one datanode reported threshold count is 0
2025-04-24 14:02:04,232 [main] INFO  server.StorageContainerManager (StorageContainerManager.java:<init>(430)) - SCM start with adminUsers: [*, runner]
2025-04-24 14:02:04,465 [main] INFO  audit.AuditLogger (AuditLogger.java:refreshDebugCmdSet(133)) - Refresh DebugCmdSet for SCMAudit to [].
2025-04-24 14:02:04,487 [main] INFO  ipc.CallQueueManager (CallQueueManager.java:<init>(93)) - Using callQueue: class java.util.concurrent.LinkedBlockingQueue, queueCapacity: 10000, scheduler: class org.apache.hadoop.ipc.DefaultRpcScheduler, ipcBackoff: false, ipcFailOver: false.
2025-04-24 14:02:04,506 [main] INFO  ipc.Server (Server.java:<init>(1438)) - Listener at 0.0.0.0:15002
2025-04-24 14:02:04,507 [Socket Reader #1 for port 15002] INFO  ipc.Server (Server.java:run(1474)) - Starting Socket Reader #1 for port 15002
2025-04-24 14:02:04,507 [Socket Reader #2 for port 15002] INFO  ipc.Server (Server.java:run(1474)) - Starting Socket Reader #2 for port 15002
2025-04-24 14:02:04,508 [Socket Reader #3 for port 15002] INFO  ipc.Server (Server.java:run(1474)) - Starting Socket Reader #3 for port 15002
2025-04-24 14:02:04,508 [Socket Reader #4 for port 15002] INFO  ipc.Server (Server.java:run(1474)) - Starting Socket Reader #4 for port 15002
2025-04-24 14:02:04,509 [Socket Reader #5 for port 15002] INFO  ipc.Server (Server.java:run(1474)) - Starting Socket Reader #5 for port 15002
2025-04-24 14:02:04,509 [Socket Reader #6 for port 15002] INFO  ipc.Server (Server.java:run(1474)) - Starting Socket Reader #6 for port 15002
2025-04-24 14:02:04,509 [Socket Reader #7 for port 15002] INFO  ipc.Server (Server.java:run(1474)) - Starting Socket Reader #7 for port 15002
2025-04-24 14:02:04,510 [Socket Reader #8 for port 15002] INFO  ipc.Server (Server.java:run(1474)) - Starting Socket Reader #8 for port 15002
2025-04-24 14:02:04,510 [Socket Reader #9 for port 15002] INFO  ipc.Server (Server.java:run(1474)) - Starting Socket Reader #9 for port 15002
2025-04-24 14:02:04,511 [Socket Reader #10 for port 15002] INFO  ipc.Server (Server.java:run(1474)) - Starting Socket Reader #10 for port 15002
2025-04-24 14:02:04,553 [main] INFO  audit.AuditLogger (AuditLogger.java:refreshDebugCmdSet(133)) - Refresh DebugCmdSet for SCMAudit to [].
2025-04-24 14:02:04,558 [main] INFO  ipc.CallQueueManager (CallQueueManager.java:<init>(93)) - Using callQueue: class java.util.concurrent.LinkedBlockingQueue, queueCapacity: 10000, scheduler: class org.apache.hadoop.ipc.DefaultRpcScheduler, ipcBackoff: false, ipcFailOver: false.
2025-04-24 14:02:04,558 [main] INFO  ipc.Server (Server.java:<init>(1438)) - Listener at 0.0.0.0:15001
2025-04-24 14:02:04,559 [Socket Reader #2 for port 15001] INFO  ipc.Server (Server.java:run(1474)) - Starting Socket Reader #2 for port 15001
2025-04-24 14:02:04,559 [Socket Reader #3 for port 15001] INFO  ipc.Server (Server.java:run(1474)) - Starting Socket Reader #3 for port 15001
2025-04-24 14:02:04,560 [Socket Reader #1 for port 15001] INFO  ipc.Server (Server.java:run(1474)) - Starting Socket Reader #1 for port 15001
2025-04-24 14:02:04,560 [Socket Reader #4 for port 15001] INFO  ipc.Server (Server.java:run(1474)) - Starting Socket Reader #4 for port 15001
2025-04-24 14:02:04,561 [Socket Reader #5 for port 15001] INFO  ipc.Server (Server.java:run(1474)) - Starting Socket Reader #5 for port 15001
2025-04-24 14:02:04,561 [Socket Reader #6 for port 15001] INFO  ipc.Server (Server.java:run(1474)) - Starting Socket Reader #6 for port 15001
2025-04-24 14:02:04,562 [Socket Reader #7 for port 15001] INFO  ipc.Server (Server.java:run(1474)) - Starting Socket Reader #7 for port 15001
2025-04-24 14:02:04,563 [Socket Reader #8 for port 15001] INFO  ipc.Server (Server.java:run(1474)) - Starting Socket Reader #8 for port 15001
2025-04-24 14:02:04,563 [Socket Reader #9 for port 15001] INFO  ipc.Server (Server.java:run(1474)) - Starting Socket Reader #9 for port 15001
2025-04-24 14:02:04,564 [Socket Reader #10 for port 15001] INFO  ipc.Server (Server.java:run(1474)) - Starting Socket Reader #10 for port 15001
2025-04-24 14:02:04,589 [main] INFO  audit.AuditLogger (AuditLogger.java:refreshDebugCmdSet(133)) - Refresh DebugCmdSet for SCMAudit to [].
2025-04-24 14:02:04,596 [main] INFO  ipc.CallQueueManager (CallQueueManager.java:<init>(93)) - Using callQueue: class java.util.concurrent.LinkedBlockingQueue, queueCapacity: 10000, scheduler: class org.apache.hadoop.ipc.DefaultRpcScheduler, ipcBackoff: false, ipcFailOver: false.
2025-04-24 14:02:04,597 [main] INFO  ipc.Server (Server.java:<init>(1438)) - Listener at 0.0.0.0:15000
2025-04-24 14:02:04,598 [Socket Reader #1 for port 15000] INFO  ipc.Server (Server.java:run(1474)) - Starting Socket Reader #1 for port 15000
2025-04-24 14:02:04,598 [Socket Reader #2 for port 15000] INFO  ipc.Server (Server.java:run(1474)) - Starting Socket Reader #2 for port 15000
2025-04-24 14:02:04,599 [Socket Reader #3 for port 15000] INFO  ipc.Server (Server.java:run(1474)) - Starting Socket Reader #3 for port 15000
2025-04-24 14:02:04,599 [Socket Reader #4 for port 15000] INFO  ipc.Server (Server.java:run(1474)) - Starting Socket Reader #4 for port 15000
2025-04-24 14:02:04,599 [Socket Reader #5 for port 15000] INFO  ipc.Server (Server.java:run(1474)) - Starting Socket Reader #5 for port 15000
2025-04-24 14:02:04,600 [Socket Reader #6 for port 15000] INFO  ipc.Server (Server.java:run(1474)) - Starting Socket Reader #6 for port 15000
2025-04-24 14:02:04,600 [Socket Reader #7 for port 15000] INFO  ipc.Server (Server.java:run(1474)) - Starting Socket Reader #7 for port 15000
2025-04-24 14:02:04,601 [Socket Reader #8 for port 15000] INFO  ipc.Server (Server.java:run(1474)) - Starting Socket Reader #8 for port 15000
2025-04-24 14:02:04,601 [Socket Reader #9 for port 15000] INFO  ipc.Server (Server.java:run(1474)) - Starting Socket Reader #9 for port 15000
2025-04-24 14:02:04,601 [Socket Reader #10 for port 15000] INFO  ipc.Server (Server.java:run(1474)) - Starting Socket Reader #10 for port 15000
2025-04-24 14:02:04,641 [main] INFO  ha.SCMServiceManager (SCMServiceManager.java:register(42)) - Registering service ContainerBalancer.
2025-04-24 14:02:04,641 [main] INFO  ha.SCMContext (SCMContext.java:updateSafeModeStatus(224)) - Update SafeModeStatus from SafeModeStatus{safeModeStatus=true, preCheckPassed=false} to SafeModeStatus{safeModeStatus=true, preCheckPassed=false}.
2025-04-24 14:02:04,646 [main] INFO  server.StorageContainerManager (StorageContainerManager.java:start(1506)) - StorageContainerLocationProtocol RPC server is listening at /0.0.0.0:15000
2025-04-24 14:02:04,647 [main] INFO  ha.SCMRatisServerImpl (SCMRatisServerImpl.java:start(203)) - starting ratis server 0.0.0.0:15004
2025-04-24 14:02:04,647 [c9ecfe4d-0892-4246-87fb-41e44738771b-impl-thread1] INFO  server.RaftServerConfigKeys (ConfUtils.java:logGet(46)) - raft.server.storage.free-space.min = 0MB (=0) (default)
2025-04-24 14:02:04,648 [c9ecfe4d-0892-4246-87fb-41e44738771b-impl-thread1] INFO  server.RaftServerConfigKeys (ConfUtils.java:logGet(46)) - raft.server.log.corruption.policy = EXCEPTION (default)
2025-04-24 14:02:04,648 [c9ecfe4d-0892-4246-87fb-41e44738771b-impl-thread1] INFO  server.RaftServerConfigKeys (ConfUtils.java:logGet(46)) - raft.server.storage.dir = [/home/runner/work/ozone/ozone/hadoop-ozone/integration-test/target/test-dir/MiniOzoneClusterImpl-4e6105ad-12bc-4f18-9d37-351d73277e17/ozone-meta/scm-ha] (custom)
2025-04-24 14:02:04,649 [c9ecfe4d-0892-4246-87fb-41e44738771b-impl-thread1] INFO  storage.RaftStorageDirectory (RaftStorageDirectoryImpl.java:tryLock(229)) - Lock on /home/runner/work/ozone/ozone/hadoop-ozone/integration-test/target/test-dir/MiniOzoneClusterImpl-4e6105ad-12bc-4f18-9d37-351d73277e17/ozone-meta/scm-ha/4e6105ad-12bc-4f18-9d37-351d73277e17/in_use.lock acquired by nodename 129728@fv-az2210-761
2025-04-24 14:02:04,651 [c9ecfe4d-0892-4246-87fb-41e44738771b-impl-thread1] INFO  storage.RaftStorage (RaftStorageImpl.java:analyzeAndRecoverStorage(118)) - Read RaftStorageMetadata{term=1, votedFor=c9ecfe4d-0892-4246-87fb-41e44738771b} from /home/runner/work/ozone/ozone/hadoop-ozone/integration-test/target/test-dir/MiniOzoneClusterImpl-4e6105ad-12bc-4f18-9d37-351d73277e17/ozone-meta/scm-ha/4e6105ad-12bc-4f18-9d37-351d73277e17/current/raft-meta
2025-04-24 14:02:04,655 [c9ecfe4d-0892-4246-87fb-41e44738771b-impl-thread1] INFO  server.RaftServer$Division (ServerState.java:setRaftConf(386)) - c9ecfe4d-0892-4246-87fb-41e44738771b@group-351D73277E17: set configuration conf: {index: 0, cur=peers:[c9ecfe4d-0892-4246-87fb-41e44738771b|fv-az2210-761:15004]|listeners:[], old=null}
2025-04-24 14:02:04,655 [c9ecfe4d-0892-4246-87fb-41e44738771b-impl-thread1] INFO  ha.SCMStateMachine (SCMStateMachine.java:lambda$initialize$0(135)) - c9ecfe4d-0892-4246-87fb-41e44738771b: initialize group-351D73277E17
2025-04-24 14:02:04,656 [c9ecfe4d-0892-4246-87fb-41e44738771b-impl-thread1] INFO  server.RaftServerConfigKeys (ConfUtils.java:logGet(46)) - raft.server.log.use.memory = false (default)
2025-04-24 14:02:04,656 [c9ecfe4d-0892-4246-87fb-41e44738771b-impl-thread1] INFO  server.RaftServerConfigKeys (ConfUtils.java:logGet(46)) - raft.server.log.purge.gap = 1000000 (custom)
2025-04-24 14:02:04,656 [c9ecfe4d-0892-4246-87fb-41e44738771b-impl-thread1] INFO  server.RaftServerConfigKeys (ConfUtils.java:logGet(46)) - raft.server.log.appender.buffer.byte-limit = 4194304 (custom)
2025-04-24 14:02:04,656 [c9ecfe4d-0892-4246-87fb-41e44738771b-impl-thread1] INFO  server.RaftServerConfigKeys (ConfUtils.java:logGet(46)) - raft.server.log.statemachine.data.read.timeout = 1000ms (default)
2025-04-24 14:02:04,656 [c9ecfe4d-0892-4246-87fb-41e44738771b-impl-thread1] INFO  server.RaftServerConfigKeys (ConfUtils.java:logGet(46)) - raft.server.log.purge.preservation.log.num = 0 (default)
2025-04-24 14:02:04,659 [c9ecfe4d-0892-4246-87fb-41e44738771b-impl-thread1] INFO  server.RaftServerConfigKeys (ConfUtils.java:logGet(46)) - raft.server.log.segment.size.max = 4194304 (custom)
2025-04-24 14:02:04,660 [c9ecfe4d-0892-4246-87fb-41e44738771b-impl-thread1] INFO  server.RaftServerConfigKeys (ConfUtils.java:logGet(46)) - raft.server.log.segment.cache.num.max = 2 (custom)
2025-04-24 14:02:04,661 [c9ecfe4d-0892-4246-87fb-41e44738771b-impl-thread1] INFO  server.RaftServerConfigKeys (ConfUtils.java:logGet(46)) - raft.server.log.segment.cache.size.max = 200MB (=209715200) (default)
2025-04-24 14:02:04,661 [c9ecfe4d-0892-4246-87fb-41e44738771b-impl-thread1] INFO  server.RaftServerConfigKeys (ConfUtils.java:logGet(46)) - raft.server.log.appender.buffer.byte-limit = 4194304 (custom)
2025-04-24 14:02:04,662 [c9ecfe4d-0892-4246-87fb-41e44738771b-impl-thread1] INFO  util.AwaitToRun (AwaitToRun.java:start(81)) - Thread[#111,c9ecfe4d-0892-4246-87fb-41e44738771b@group-351D73277E17-cacheEviction-AwaitToRun,5,main] started
2025-04-24 14:02:04,662 [c9ecfe4d-0892-4246-87fb-41e44738771b-impl-thread1] INFO  segmented.SegmentedRaftLogWorker (SegmentedRaftLogWorker.java:<init>(188)) - new c9ecfe4d-0892-4246-87fb-41e44738771b@group-351D73277E17-SegmentedRaftLogWorker for RaftStorageImpl:Storage Directory /home/runner/work/ozone/ozone/hadoop-ozone/integration-test/target/test-dir/MiniOzoneClusterImpl-4e6105ad-12bc-4f18-9d37-351d73277e17/ozone-meta/scm-ha/4e6105ad-12bc-4f18-9d37-351d73277e17
2025-04-24 14:02:04,662 [c9ecfe4d-0892-4246-87fb-41e44738771b-impl-thread1] INFO  server.RaftServerConfigKeys (ConfUtils.java:logGet(46)) - raft.server.log.queue.byte-limit = 64MB (=67108864) (default)
2025-04-24 14:02:04,663 [c9ecfe4d-0892-4246-87fb-41e44738771b-impl-thread1] INFO  server.RaftServerConfigKeys (ConfUtils.java:logGet(46)) - raft.server.log.queue.element-limit = 4096 (default)
2025-04-24 14:02:04,663 [c9ecfe4d-0892-4246-87fb-41e44738771b-impl-thread1] INFO  server.RaftServerConfigKeys (ConfUtils.java:logGet(46)) - raft.server.log.segment.size.max = 4194304 (custom)
2025-04-24 14:02:04,663 [c9ecfe4d-0892-4246-87fb-41e44738771b-impl-thread1] INFO  server.RaftServerConfigKeys (ConfUtils.java:logGet(46)) - raft.server.log.preallocated.size = 4194304 (custom)
2025-04-24 14:02:04,663 [c9ecfe4d-0892-4246-87fb-41e44738771b-impl-thread1] INFO  server.RaftServerConfigKeys (ConfUtils.java:logGet(46)) - raft.server.log.force.sync.num = 128 (default)
2025-04-24 14:02:04,663 [c9ecfe4d-0892-4246-87fb-41e44738771b-impl-thread1] INFO  server.RaftServerConfigKeys (ConfUtils.java:logGet(46)) - raft.server.log.statemachine.data.sync = true (default)
2025-04-24 14:02:04,663 [c9ecfe4d-0892-4246-87fb-41e44738771b-impl-thread1] INFO  server.RaftServerConfigKeys (ConfUtils.java:logGet(46)) - raft.server.log.statemachine.data.sync.timeout = 10s (default)
2025-04-24 14:02:04,663 [c9ecfe4d-0892-4246-87fb-41e44738771b-impl-thread1] INFO  server.RaftServerConfigKeys (ConfUtils.java:logGet(46)) - raft.server.log.statemachine.data.sync.timeout.retry = -1 (default)
2025-04-24 14:02:04,665 [c9ecfe4d-0892-4246-87fb-41e44738771b-impl-thread1] INFO  server.RaftServerConfigKeys (ConfUtils.java:logGet(46)) - raft.server.log.write.buffer.size = 4194312 (custom)
2025-04-24 14:02:04,665 [c9ecfe4d-0892-4246-87fb-41e44738771b-impl-thread1] INFO  server.RaftServerConfigKeys (ConfUtils.java:logGet(46)) - raft.server.log.appender.buffer.byte-limit = 4194304 (custom)
2025-04-24 14:02:04,665 [c9ecfe4d-0892-4246-87fb-41e44738771b-impl-thread1] INFO  server.RaftServerConfigKeys (ConfUtils.java:logGet(46)) - raft.server.log.unsafe-flush.enabled = false (default)
2025-04-24 14:02:04,666 [c9ecfe4d-0892-4246-87fb-41e44738771b-impl-thread1] INFO  server.RaftServerConfigKeys (ConfUtils.java:logGet(46)) - raft.server.log.async-flush.enabled = false (default)
2025-04-24 14:02:04,666 [c9ecfe4d-0892-4246-87fb-41e44738771b-impl-thread1] INFO  server.RaftServerConfigKeys (ConfUtils.java:logGet(46)) - raft.server.log.statemachine.data.caching.enabled = false (default)
2025-04-24 14:02:04,670 [c9ecfe4d-0892-4246-87fb-41e44738771b-impl-thread1] INFO  server.RaftServer$Division (ServerState.java:setRaftConf(386)) - c9ecfe4d-0892-4246-87fb-41e44738771b@group-351D73277E17: set configuration conf: {index: 0, cur=peers:[c9ecfe4d-0892-4246-87fb-41e44738771b|fv-az2210-761:15004]|listeners:[], old=null}
2025-04-24 14:02:04,671 [c9ecfe4d-0892-4246-87fb-41e44738771b-impl-thread1] INFO  segmented.LogSegment (LogSegment.java:loadSegment(171)) - Successfully read 1 entries from segment file /home/runner/work/ozone/ozone/hadoop-ozone/integration-test/target/test-dir/MiniOzoneClusterImpl-4e6105ad-12bc-4f18-9d37-351d73277e17/ozone-meta/scm-ha/4e6105ad-12bc-4f18-9d37-351d73277e17/current/log_inprogress_0
2025-04-24 14:02:04,671 [c9ecfe4d-0892-4246-87fb-41e44738771b-impl-thread1] INFO  segmented.SegmentedRaftLogWorker (SegmentedRaftLogWorker.java:lambda$new$0(139)) - c9ecfe4d-0892-4246-87fb-41e44738771b@group-351D73277E17-SegmentedRaftLogWorker: safeCacheEvictIndex: setUnconditionally 0 -> -1
2025-04-24 14:02:04,671 [c9ecfe4d-0892-4246-87fb-41e44738771b-impl-thread1] INFO  segmented.BufferedWriteChannel (BufferedWriteChannel.java:open(61)) - open log_inprogress_0 (append) at position 80
2025-04-24 14:02:04,672 [c9ecfe4d-0892-4246-87fb-41e44738771b-impl-thread1] INFO  server.RaftServer$Division (RaftServerImpl.java:start(391)) - c9ecfe4d-0892-4246-87fb-41e44738771b@group-351D73277E17: start as a follower, conf=conf: {index: 0, cur=peers:[c9ecfe4d-0892-4246-87fb-41e44738771b|fv-az2210-761:15004]|listeners:[], old=null}
2025-04-24 14:02:04,673 [c9ecfe4d-0892-4246-87fb-41e44738771b-impl-thread1] INFO  server.RaftServer$Division (RaftServerImpl.java:setRole(378)) - c9ecfe4d-0892-4246-87fb-41e44738771b@group-351D73277E17: changes role from      null to FOLLOWER at term 1 for startAsFollower
2025-04-24 14:02:04,673 [c9ecfe4d-0892-4246-87fb-41e44738771b-impl-thread1] INFO  impl.RoleInfo (RoleInfo.java:updateAndGet(148)) - c9ecfe4d-0892-4246-87fb-41e44738771b: start c9ecfe4d-0892-4246-87fb-41e44738771b@group-351D73277E17-FollowerState
2025-04-24 14:02:04,674 [c9ecfe4d-0892-4246-87fb-41e44738771b@group-351D73277E17-FollowerState] INFO  server.RaftServerConfigKeys (ConfUtils.java:logGet(46)) - raft.server.rpc.first-election.timeout.min = 1000ms (custom)
2025-04-24 14:02:04,674 [c9ecfe4d-0892-4246-87fb-41e44738771b@group-351D73277E17-FollowerState] INFO  server.RaftServerConfigKeys (ConfUtils.java:logGet(46)) - raft.server.rpc.first-election.timeout.max = 1200ms (custom)
2025-04-24 14:02:04,675 [c9ecfe4d-0892-4246-87fb-41e44738771b-impl-thread1] INFO  util.JmxRegister (JmxRegister.java:tryRegister(44)) - Successfully registered JMX Bean with object name Ratis:service=RaftServer,group=group-351D73277E17,id=c9ecfe4d-0892-4246-87fb-41e44738771b
2025-04-24 14:02:04,675 [c9ecfe4d-0892-4246-87fb-41e44738771b-impl-thread1] INFO  util.JmxRegister (JmxRegister.java:register(58)) - register mxBean class org.apache.ratis.server.impl.RaftServerJmxAdapter as Ratis:service=RaftServer,group=group-351D73277E17,id=c9ecfe4d-0892-4246-87fb-41e44738771b
2025-04-24 14:02:04,675 [c9ecfe4d-0892-4246-87fb-41e44738771b-impl-thread1] INFO  server.RaftServerConfigKeys (ConfUtils.java:logGet(46)) - raft.server.snapshot.trigger-when-stop.enabled = true (default)
2025-04-24 14:02:04,675 [c9ecfe4d-0892-4246-87fb-41e44738771b-impl-thread1] INFO  server.RaftServerConfigKeys (ConfUtils.java:logGet(46)) - raft.server.snapshot.trigger-when-remove.enabled = true (default)
2025-04-24 14:02:04,675 [c9ecfe4d-0892-4246-87fb-41e44738771b-impl-thread1] INFO  server.RaftServerConfigKeys (ConfUtils.java:logGet(46)) - raft.server.snapshot.auto.trigger.enabled = true (custom)
2025-04-24 14:02:04,676 [c9ecfe4d-0892-4246-87fb-41e44738771b-impl-thread1] INFO  server.RaftServerConfigKeys (ConfUtils.java:logGet(46)) - raft.server.snapshot.auto.trigger.threshold = 1000 (custom)
2025-04-24 14:02:04,676 [c9ecfe4d-0892-4246-87fb-41e44738771b-impl-thread1] INFO  server.RaftServerConfigKeys (ConfUtils.java:logGet(46)) - raft.server.snapshot.retention.file.num = -1 (default)
2025-04-24 14:02:04,676 [c9ecfe4d-0892-4246-87fb-41e44738771b-impl-thread1] INFO  server.RaftServerConfigKeys (ConfUtils.java:logGet(46)) - raft.server.log.purge.upto.snapshot.index = false (default)
2025-04-24 14:02:04,678 [c9ecfe4d-0892-4246-87fb-41e44738771b-impl-thread1] INFO  server.RaftServer$Division (RaftServerImpl.java:start(405)) - c9ecfe4d-0892-4246-87fb-41e44738771b@group-351D73277E17: Successfully started.
2025-04-24 14:02:04,678 [main] INFO  server.RaftServer (RaftServerProxy.java:startImpl(407)) - c9ecfe4d-0892-4246-87fb-41e44738771b: start RPC server
2025-04-24 14:02:04,679 [main] INFO  server.GrpcService (GrpcService.java:startImpl(334)) - c9ecfe4d-0892-4246-87fb-41e44738771b: GrpcService started, listening on 15004
2025-04-24 14:02:04,680 [JvmPauseMonitor1] INFO  util.JvmPauseMonitor (JvmPauseMonitor.java:run(146)) - JvmPauseMonitor-c9ecfe4d-0892-4246-87fb-41e44738771b: Started
2025-04-24 14:02:04,685 [main] INFO  ha.SCMHAManagerImpl (SCMHAManagerImpl.java:start(131)) -  scm role is FOLLOWER peers [c9ecfe4d-0892-4246-87fb-41e44738771b|fv-az2210-761:15004]
2025-04-24 14:02:04,685 [main] INFO  ha.InterSCMGrpcService (InterSCMGrpcProtocolService.java:start(98)) - Starting SCM Grpc Service at port 15005
2025-04-24 14:02:04,686 [main] INFO  SCMHATransactionMonitor (BackgroundSCMService.java:start(64)) - Starting SCMHATransactionMonitor Service.
2025-04-24 14:02:04,687 [main] INFO  ha.SCMServiceManager (SCMServiceManager.java:register(42)) - Registering service SCMHATransactionMonitor.
2025-04-24 14:02:04,687 [main] INFO  SCMHATransactionMonitor (BackgroundSCMService.java:start(61)) - SCMHATransactionMonitor Service is already running, skip start.
2025-04-24 14:02:04,731 [main] WARN  impl.MetricsConfig (MetricsConfig.java:loadFirst(138)) - Cannot locate configuration: tried hadoop-metrics2-storagecontainermanager.properties,hadoop-metrics2.properties
2025-04-24 14:02:04,740 [main] INFO  impl.MetricsSystemImpl (MetricsSystemImpl.java:startTimer(378)) - Scheduled Metric snapshot period at 10 second(s).
2025-04-24 14:02:04,740 [main] INFO  impl.MetricsSystemImpl (MetricsSystemImpl.java:start(191)) - StorageContainerManager metrics system started
2025-04-24 14:02:04,846 [main] INFO  server.SCMClientProtocolServer (SCMClientProtocolServer.java:start(207)) - RPC server for Client  is listening at /0.0.0.0:15000
2025-04-24 14:02:04,847 [IPC Server Responder] INFO  ipc.Server (Server.java:run(1713)) - IPC Server Responder: starting
2025-04-24 14:02:04,847 [IPC Server listener on 15000] INFO  ipc.Server (Server.java:run(1553)) - IPC Server listener on 15000: starting
2025-04-24 14:02:04,862 [main] INFO  server.StorageContainerManager (StorageContainerManager.java:start(1519)) - ScmBlockLocationProtocol RPC server is listening at /0.0.0.0:15001
2025-04-24 14:02:04,863 [main] INFO  server.SCMBlockProtocolServer (SCMBlockProtocolServer.java:start(166)) - RPC server for Block Protocol is listening at /0.0.0.0:15001
2025-04-24 14:02:04,863 [IPC Server Responder] INFO  ipc.Server (Server.java:run(1713)) - IPC Server Responder: starting
2025-04-24 14:02:04,864 [IPC Server listener on 15001] INFO  ipc.Server (Server.java:run(1553)) - IPC Server listener on 15001: starting
2025-04-24 14:02:04,887 [main] INFO  http.BaseHttpServer (BaseHttpServer.java:newHttpServer2BuilderForOzone(229)) - Starting Web-server for scm at: http://0.0.0.0:15003
2025-04-24 14:02:04,887 [main] INFO  http.BaseHttpServer (BaseHttpServer.java:<init>(107)) - Hadoop Security Enabled: false Ozone Security Enabled: false Ozone HTTP Security Enabled: false 
2025-04-24 14:02:04,905 [main] INFO  util.log (Log.java:initialized(170)) - Logging initialized @6237ms to org.eclipse.jetty.util.log.Slf4jLog
2025-04-24 14:02:04,965 [main] WARN  server.AuthenticationFilter (AuthenticationFilter.java:constructSecretProvider(240)) - Unable to initialize FileSignerSecretProvider, falling back to use random secrets. Reason: Could not read signature secret file: /home/runner/hadoop-http-auth-signature-secret
2025-04-24 14:02:04,985 [main] INFO  http.HttpServer2 (HttpServer2.java:addGlobalFilter(1041)) - Added global filter 'safety' (class=org.apache.hadoop.hdds.server.http.HttpServer2$QuotingInputFilter)
2025-04-24 14:02:04,987 [main] INFO  http.HttpServer2 (HttpServer2.java:addFilter(1017)) - Added filter static_user_filter (class=org.apache.hadoop.http.lib.StaticUserWebFilter$StaticUserFilter) to context scm
2025-04-24 14:02:04,988 [main] INFO  http.HttpServer2 (HttpServer2.java:addFilter(1025)) - Added filter static_user_filter (class=org.apache.hadoop.http.lib.StaticUserWebFilter$StaticUserFilter) to context static
2025-04-24 14:02:04,988 [main] INFO  http.HttpServer2 (HttpServer2.java:addFilter(1025)) - Added filter static_user_filter (class=org.apache.hadoop.http.lib.StaticUserWebFilter$StaticUserFilter) to context logs
2025-04-24 14:02:05,011 [main] INFO  http.BaseHttpServer (BaseHttpServer.java:<init>(195)) - HTTP server of scm uses base directory /home/runner/work/ozone/ozone/hadoop-ozone/integration-test/target/test-dir/MiniOzoneClusterImpl-4e6105ad-12bc-4f18-9d37-351d73277e17/ozone-meta/webserver
2025-04-24 14:02:05,012 [main] INFO  http.HttpServer2 (HttpServer2.java:bindListener(1241)) - Jetty bound to port 15003
2025-04-24 14:02:05,013 [main] INFO  server.Server (Server.java:doStart(375)) - jetty-9.4.57.v20241219; built: 2025-01-08T21:24:30.412Z; git: df524e6b29271c2e09ba9aea83c18dc9db464a31; jvm 21.0.7+6-LTS
2025-04-24 14:02:05,029 [main] INFO  server.session (DefaultSessionIdManager.java:doStart(334)) - DefaultSessionIdManager workerName=node0
2025-04-24 14:02:05,029 [main] INFO  server.session (DefaultSessionIdManager.java:doStart(339)) - No SessionScavenger set, using defaults
2025-04-24 14:02:05,030 [main] INFO  server.session (HouseKeeper.java:startScavenging(132)) - node0 Scavenging every 660000ms
2025-04-24 14:02:05,037 [main] INFO  handler.ContextHandler (ContextHandler.java:doStart(921)) - Started o.e.j.s.ServletContextHandler@1df8e685{logs,/logs,file:///home/runner/work/ozone/ozone/hadoop-ozone/integration-test/target/log,AVAILABLE}
2025-04-24 14:02:05,038 [main] INFO  handler.ContextHandler (ContextHandler.java:doStart(921)) - Started o.e.j.s.ServletContextHandler@6e70861{static,/static,file:///home/runner/work/ozone/ozone/hadoop-ozone/integration-test/target/test-classes/webapps/static,AVAILABLE}
2025-04-24 14:02:05,068 [main] INFO  handler.ContextHandler (ContextHandler.java:doStart(921)) - Started o.e.j.w.WebAppContext@53fb3e1b{scm,/,file:///home/runner/work/ozone/ozone/hadoop-ozone/integration-test/target/test-classes/webapps/scm/,AVAILABLE}{file:/home/runner/work/ozone/ozone/hadoop-ozone/integration-test/target/test-classes/webapps/scm}
2025-04-24 14:02:05,072 [main] INFO  server.AbstractConnector (AbstractConnector.java:doStart(333)) - Started ServerConnector@5de14222{HTTP/1.1, (http/1.1)}{0.0.0.0:15003}
2025-04-24 14:02:05,072 [main] INFO  server.Server (Server.java:doStart(415)) - Started @6404ms
2025-04-24 14:02:05,074 [main] INFO  impl.MetricsSinkAdapter (MetricsSinkAdapter.java:start(204)) - Sink prometheus started
2025-04-24 14:02:05,074 [main] INFO  impl.MetricsSystemImpl (MetricsSystemImpl.java:registerSink(305)) - Registered sink prometheus
2025-04-24 14:02:05,074 [main] INFO  http.BaseHttpServer (BaseHttpServer.java:updateConnectorAddress(360)) - HTTP server of scm listening at http://0.0.0.0:15003
2025-04-24 14:02:05,082 [main] INFO  db.CodecBuffer (CodecBuffer.java:set(84)) - Successfully set constructor to LeakDetector::newCodecBuffer: org.apache.hadoop.hdds.utils.db.CodecBuffer$$Lambda/0x00007ffb3069a818@55a2ca5e
2025-04-24 14:02:05,112 [main] INFO  audit.AuditLogger (AuditLogger.java:refreshDebugCmdSet(133)) - Refresh DebugCmdSet for OMAudit to [].
2025-04-24 14:02:05,129 [main] INFO  audit.AuditLogger (AuditLogger.java:refreshDebugCmdSet(133)) - Refresh DebugCmdSet for OMSystemAudit to [].
2025-04-24 14:02:05,165 [main] INFO  ha.OMHANodeDetails (OMHANodeDetails.java:loadOMHAConfig(120)) - ServiceID for OzoneManager is om-service-test1
2025-04-24 14:02:05,172 [main] INFO  ha.OMHANodeDetails (OMHANodeDetails.java:loadOMHAConfig(200)) - Found matching OM address with OMServiceId: om-service-test1, OMNodeId: omNode-1, RPC Address: localhost:15006 and Ratis port: 15009
2025-04-24 14:02:05,172 [main] INFO  ha.OMHANodeDetails (ConfUtils.java:setNodeSpecificConfigs(98)) - Setting configuration key ozone.om.http-address with value of key ozone.om.http-address.om-service-test1.omNode-1: 127.0.0.1:15007
2025-04-24 14:02:05,172 [main] INFO  ha.OMHANodeDetails (ConfUtils.java:setNodeSpecificConfigs(98)) - Setting configuration key ozone.om.https-address with value of key ozone.om.https-address.om-service-test1.omNode-1: 127.0.0.1:15008
2025-04-24 14:02:05,173 [main] INFO  ha.OMHANodeDetails (ConfUtils.java:setNodeSpecificConfigs(98)) - Setting configuration key ozone.om.address with value of key ozone.om.address.om-service-test1.omNode-1: 127.0.0.1:15006
2025-04-24 14:02:05,173 [main] WARN  server.ServerUtils (ServerUtils.java:getDBPath(297)) - ozone.om.db.dirs is not configured. We recommend adding this setting. Falling back to ozone.metadata.dirs instead.
2025-04-24 14:02:05,182 [main] INFO  proxy.SCMBlockLocationFailoverProxyProvider (SCMFailoverProxyProviderBase.java:<init>(120)) - Created fail-over proxy for protocol ScmBlockLocationProtocolPB with 1 nodes: [nodeId=scmNodeId,nodeAddress=/0.0.0.0:15001]
2025-04-24 14:02:05,677 [c9ecfe4d-0892-4246-87fb-41e44738771b@group-351D73277E17-FollowerState] INFO  impl.FollowerState (FollowerState.java:runImpl(161)) - c9ecfe4d-0892-4246-87fb-41e44738771b@group-351D73277E17-FollowerState: change to CANDIDATE, lastRpcElapsedTime:1004208095ns, electionTimeout:1003ms
2025-04-24 14:02:05,677 [c9ecfe4d-0892-4246-87fb-41e44738771b@group-351D73277E17-FollowerState] INFO  impl.RoleInfo (RoleInfo.java:shutdownFollowerState(121)) - c9ecfe4d-0892-4246-87fb-41e44738771b: shutdown c9ecfe4d-0892-4246-87fb-41e44738771b@group-351D73277E17-FollowerState
2025-04-24 14:02:05,677 [c9ecfe4d-0892-4246-87fb-41e44738771b@group-351D73277E17-FollowerState] INFO  server.RaftServer$Division (RaftServerImpl.java:setRole(378)) - c9ecfe4d-0892-4246-87fb-41e44738771b@group-351D73277E17: changes role from  FOLLOWER to CANDIDATE at term 1 for changeToCandidate
2025-04-24 14:02:05,678 [c9ecfe4d-0892-4246-87fb-41e44738771b@group-351D73277E17-FollowerState] INFO  server.RaftServerConfigKeys (ConfUtils.java:logGet(46)) - raft.server.leaderelection.pre-vote = true (default)
2025-04-24 14:02:05,678 [c9ecfe4d-0892-4246-87fb-41e44738771b@group-351D73277E17-FollowerState] INFO  impl.RoleInfo (RoleInfo.java:updateAndGet(148)) - c9ecfe4d-0892-4246-87fb-41e44738771b: start c9ecfe4d-0892-4246-87fb-41e44738771b@group-351D73277E17-LeaderElection2
2025-04-24 14:02:05,678 [c9ecfe4d-0892-4246-87fb-41e44738771b@group-351D73277E17-LeaderElection2] INFO  impl.LeaderElection (LeaderElection.java:askForVotes(332)) - c9ecfe4d-0892-4246-87fb-41e44738771b@group-351D73277E17-LeaderElection2 PRE_VOTE round 0: submit vote requests at term 1 for conf: {index: 0, cur=peers:[c9ecfe4d-0892-4246-87fb-41e44738771b|fv-az2210-761:15004]|listeners:[], old=null}
2025-04-24 14:02:05,678 [c9ecfe4d-0892-4246-87fb-41e44738771b@group-351D73277E17-LeaderElection2] INFO  impl.LeaderElection (LeaderElection.java:askForVotes(334)) - c9ecfe4d-0892-4246-87fb-41e44738771b@group-351D73277E17-LeaderElection2 PRE_VOTE round 0: result PASSED (term=1)
2025-04-24 14:02:05,680 [c9ecfe4d-0892-4246-87fb-41e44738771b@group-351D73277E17-LeaderElection2] INFO  impl.LeaderElection (LeaderElection.java:askForVotes(332)) - c9ecfe4d-0892-4246-87fb-41e44738771b@group-351D73277E17-LeaderElection2 ELECTION round 0: submit vote requests at term 2 for conf: {index: 0, cur=peers:[c9ecfe4d-0892-4246-87fb-41e44738771b|fv-az2210-761:15004]|listeners:[], old=null}
2025-04-24 14:02:05,681 [c9ecfe4d-0892-4246-87fb-41e44738771b@group-351D73277E17-LeaderElection2] INFO  impl.LeaderElection (LeaderElection.java:askForVotes(334)) - c9ecfe4d-0892-4246-87fb-41e44738771b@group-351D73277E17-LeaderElection2 ELECTION round 0: result PASSED (term=2)
2025-04-24 14:02:05,681 [c9ecfe4d-0892-4246-87fb-41e44738771b@group-351D73277E17-LeaderElection2] INFO  impl.RoleInfo (RoleInfo.java:shutdownLeaderElection(141)) - c9ecfe4d-0892-4246-87fb-41e44738771b: shutdown c9ecfe4d-0892-4246-87fb-41e44738771b@group-351D73277E17-LeaderElection2
2025-04-24 14:02:05,681 [c9ecfe4d-0892-4246-87fb-41e44738771b@group-351D73277E17-LeaderElection2] INFO  server.RaftServer$Division (RaftServerImpl.java:setRole(378)) - c9ecfe4d-0892-4246-87fb-41e44738771b@group-351D73277E17: changes role from CANDIDATE to LEADER at term 2 for changeToLeader
2025-04-24 14:02:05,681 [c9ecfe4d-0892-4246-87fb-41e44738771b@group-351D73277E17-LeaderElection2] INFO  server.RaftServerConfigKeys (ConfUtils.java:logGet(46)) - raft.server.staging.catchup.gap = 1000 (default)
2025-04-24 14:02:05,681 [c9ecfe4d-0892-4246-87fb-41e44738771b@group-351D73277E17-LeaderElection2] INFO  server.RaftServerConfigKeys (ConfUtils.java:logGet(46)) - raft.server.write.element-limit = 4096 (default)
2025-04-24 14:02:05,682 [c9ecfe4d-0892-4246-87fb-41e44738771b@group-351D73277E17-LeaderElection2] INFO  server.RaftServerConfigKeys (ConfUtils.java:logGet(46)) - raft.server.write.byte-limit = 64MB (=67108864) (default)
2025-04-24 14:02:05,682 [c9ecfe4d-0892-4246-87fb-41e44738771b@group-351D73277E17-LeaderElection2] INFO  server.RaftServerConfigKeys (ConfUtils.java:logGet(46)) - raft.server.watch.timeout = 10s (default)
2025-04-24 14:02:05,682 [c9ecfe4d-0892-4246-87fb-41e44738771b@group-351D73277E17-LeaderElection2] INFO  server.RaftServerConfigKeys (ConfUtils.java:logGet(46)) - raft.server.watch.timeout.denomination = 1s (default)
2025-04-24 14:02:05,682 [c9ecfe4d-0892-4246-87fb-41e44738771b@group-351D73277E17-LeaderElection2] INFO  server.RaftServerConfigKeys (ConfUtils.java:logGet(46)) - raft.server.watch.element-limit = 65536 (default)
2025-04-24 14:02:05,683 [c9ecfe4d-0892-4246-87fb-41e44738771b@group-351D73277E17-LeaderElection2] INFO  server.RaftServerConfigKeys (ConfUtils.java:logGet(46)) - raft.server.read.leader.lease.enabled = false (default)
2025-04-24 14:02:05,683 [c9ecfe4d-0892-4246-87fb-41e44738771b@group-351D73277E17-LeaderElection2] INFO  server.RaftServerConfigKeys (ConfUtils.java:logGet(46)) - raft.server.read.leader.lease.timeout.ratio = 0.9 (default)
2025-04-24 14:02:05,683 [c9ecfe4d-0892-4246-87fb-41e44738771b@group-351D73277E17-LeaderElection2] INFO  server.RaftServerConfigKeys (ConfUtils.java:logGet(46)) - raft.server.rpc.timeout.min = 5000ms (custom)
2025-04-24 14:02:05,684 [c9ecfe4d-0892-4246-87fb-41e44738771b@group-351D73277E17-LeaderElection2] INFO  server.RaftServerConfigKeys (ConfUtils.java:logGet(46)) - raft.server.log.log-metadata.enabled = true (default)
2025-04-24 14:02:05,684 [c9ecfe4d-0892-4246-87fb-41e44738771b@group-351D73277E17-LeaderElection2] INFO  server.RaftServerConfigKeys (ConfUtils.java:logGet(46)) - raft.server.write.element-limit = 4096 (default)
2025-04-24 14:02:05,684 [c9ecfe4d-0892-4246-87fb-41e44738771b@group-351D73277E17-LeaderElection2] INFO  server.RaftServerConfigKeys (ConfUtils.java:logGet(46)) - raft.server.write.follower.gap.ratio.max = -1.0 (default)
2025-04-24 14:02:05,684 [c9ecfe4d-0892-4246-87fb-41e44738771b@group-351D73277E17-LeaderElection2] INFO  impl.RoleInfo (RoleInfo.java:updateAndGet(148)) - c9ecfe4d-0892-4246-87fb-41e44738771b: start c9ecfe4d-0892-4246-87fb-41e44738771b@group-351D73277E17-LeaderStateImpl
2025-04-24 14:02:05,684 [c9ecfe4d-0892-4246-87fb-41e44738771b@group-351D73277E17-LeaderElection2] INFO  server.RaftServer$Division (RaftServerImpl.java:setFirstElection(562)) - c9ecfe4d-0892-4246-87fb-41e44738771b@group-351D73277E17: set firstElectionSinceStartup to false for becomeLeader
2025-04-24 14:02:05,684 [c9ecfe4d-0892-4246-87fb-41e44738771b@group-351D73277E17-LeaderElection2] INFO  ha.SCMStateMachine (SCMStateMachine.java:notifyLeaderChanged(291)) - current SCM becomes leader of term 2.
2025-04-24 14:02:05,684 [c9ecfe4d-0892-4246-87fb-41e44738771b@group-351D73277E17-LeaderElection2] INFO  ha.SCMContext (SCMContext.java:updateLeaderAndTerm(95)) - update <isLeader,term> from <false,0> to <true,2>
2025-04-24 14:02:05,686 [c9ecfe4d-0892-4246-87fb-41e44738771b@group-351D73277E17-LeaderElection2] INFO  server.RaftServer$Division (ServerState.java:setLeader(272)) - c9ecfe4d-0892-4246-87fb-41e44738771b@group-351D73277E17: change Leader from null to c9ecfe4d-0892-4246-87fb-41e44738771b at term 2 for becomeLeader, leader elected after 1797ms
2025-04-24 14:02:05,687 [c9ecfe4d-0892-4246-87fb-41e44738771b@group-351D73277E17-LeaderElection2] INFO  segmented.SegmentedRaftLogWorker (SegmentedRaftLogWorker.java:rollLogSegment(443)) - c9ecfe4d-0892-4246-87fb-41e44738771b@group-351D73277E17-SegmentedRaftLogWorker: Rolling segment log-0_0 to index:0
2025-04-24 14:02:05,687 [c9ecfe4d-0892-4246-87fb-41e44738771b@group-351D73277E17-LeaderElection2] INFO  server.RaftServer$Division (ServerState.java:setRaftConf(386)) - c9ecfe4d-0892-4246-87fb-41e44738771b@group-351D73277E17: set configuration conf: {index: 1, cur=peers:[c9ecfe4d-0892-4246-87fb-41e44738771b|fv-az2210-761:15004]|listeners:[], old=null}
2025-04-24 14:02:05,689 [c9ecfe4d-0892-4246-87fb-41e44738771b@group-351D73277E17-SegmentedRaftLogWorker] INFO  segmented.SegmentedRaftLogWorker (SegmentedRaftLogWorker.java:execute(601)) - c9ecfe4d-0892-4246-87fb-41e44738771b@group-351D73277E17-SegmentedRaftLogWorker: Rolled log segment from /home/runner/work/ozone/ozone/hadoop-ozone/integration-test/target/test-dir/MiniOzoneClusterImpl-4e6105ad-12bc-4f18-9d37-351d73277e17/ozone-meta/scm-ha/4e6105ad-12bc-4f18-9d37-351d73277e17/current/log_inprogress_0 to /home/runner/work/ozone/ozone/hadoop-ozone/integration-test/target/test-dir/MiniOzoneClusterImpl-4e6105ad-12bc-4f18-9d37-351d73277e17/ozone-meta/scm-ha/4e6105ad-12bc-4f18-9d37-351d73277e17/current/log_0-0
2025-04-24 14:02:05,691 [c9ecfe4d-0892-4246-87fb-41e44738771b@group-351D73277E17-SegmentedRaftLogWorker] INFO  segmented.BufferedWriteChannel (BufferedWriteChannel.java:open(61)) - open log_inprogress_1 at position 0
2025-04-24 14:02:05,701 [c9ecfe4d-0892-4246-87fb-41e44738771b@group-351D73277E17-SegmentedRaftLogWorker] INFO  segmented.SegmentedRaftLogWorker (SegmentedRaftLogWorker.java:execute(644)) - c9ecfe4d-0892-4246-87fb-41e44738771b@group-351D73277E17-SegmentedRaftLogWorker: created new log segment /home/runner/work/ozone/ozone/hadoop-ozone/integration-test/target/test-dir/MiniOzoneClusterImpl-4e6105ad-12bc-4f18-9d37-351d73277e17/ozone-meta/scm-ha/4e6105ad-12bc-4f18-9d37-351d73277e17/current/log_inprogress_1
2025-04-24 14:02:05,704 [c9ecfe4d-0892-4246-87fb-41e44738771b@group-351D73277E17-StateMachineUpdater] INFO  server.RaftServer$Division (LeaderStateImpl.java:checkStartIndex(313)) - Leader c9ecfe4d-0892-4246-87fb-41e44738771b@group-351D73277E17-LeaderStateImpl is ready since appliedIndex == startIndex == 1
2025-04-24 14:02:05,704 [c9ecfe4d-0892-4246-87fb-41e44738771b@group-351D73277E17-StateMachineUpdater] INFO  ha.SCMContext (SCMContext.java:setLeaderReady(122)) - update <isLeaderReady> from <false> to <true>
2025-04-24 14:02:05,704 [c9ecfe4d-0892-4246-87fb-41e44738771b@group-351D73277E17-StateMachineUpdater] INFO  pipeline.BackgroundPipelineCreator (BackgroundPipelineCreator.java:notifyStatusChanged(269)) - Service BackgroundPipelineCreator transitions to RUNNING.
2025-04-24 14:02:05,705 [c9ecfe4d-0892-4246-87fb-41e44738771b@group-351D73277E17-StateMachineUpdater] INFO  safemode.RatisContainerSafeModeRule (RatisContainerSafeModeRule.java:initializeRule(161)) - Refreshed Containers with one replica threshold count 0.
2025-04-24 14:02:05,705 [c9ecfe4d-0892-4246-87fb-41e44738771b@group-351D73277E17-StateMachineUpdater] INFO  safemode.HealthyPipelineSafeModeRule (HealthyPipelineSafeModeRule.java:initializeRule(174)) - Refreshed total pipeline count is 0, healthy pipeline threshold count is 1
2025-04-24 14:02:05,705 [c9ecfe4d-0892-4246-87fb-41e44738771b@group-351D73277E17-StateMachineUpdater] INFO  safemode.ECContainerSafeModeRule (ECContainerSafeModeRule.java:initializeRule(205)) - Refreshed Containers with ec n replica threshold count 0.
2025-04-24 14:02:05,705 [c9ecfe4d-0892-4246-87fb-41e44738771b@group-351D73277E17-StateMachineUpdater] INFO  safemode.OneReplicaPipelineSafeModeRule (OneReplicaPipelineSafeModeRule.java:initializeRule(187)) - Refreshed Total pipeline count is 0, pipeline's with at least one datanode reported threshold count is 0
2025-04-24 14:02:05,706 [c9ecfe4d-0892-4246-87fb-41e44738771b@group-351D73277E17-StateMachineUpdater] INFO  server.SCMDatanodeProtocolServer (SCMDatanodeProtocolServer.java:start(193)) - ScmDatanodeProtocol RPC server for DataNodes is listening at /0.0.0.0:15002
2025-04-24 14:02:05,706 [IPC Server Responder] INFO  ipc.Server (Server.java:run(1713)) - IPC Server Responder: starting
2025-04-24 14:02:05,706 [IPC Server listener on 15002] INFO  ipc.Server (Server.java:run(1553)) - IPC Server listener on 15002: starting
OM initialization succeeded.Current cluster id for sd=/home/runner/work/ozone/ozone/hadoop-ozone/integration-test/target/test-dir/MiniOzoneClusterImpl-4e6105ad-12bc-4f18-9d37-351d73277e17/omNode-1/om;cid=4e6105ad-12bc-4f18-9d37-351d73277e17;layoutVersion=8
2025-04-24 14:02:07,365 [main] INFO  ha.OMHANodeDetails (OMHANodeDetails.java:loadOMHAConfig(120)) - ServiceID for OzoneManager is om-service-test1
2025-04-24 14:02:07,366 [main] INFO  ha.OMHANodeDetails (OMHANodeDetails.java:loadOMHAConfig(200)) - Found matching OM address with OMServiceId: om-service-test1, OMNodeId: omNode-1, RPC Address: localhost:15006 and Ratis port: 15009
2025-04-24 14:02:07,366 [main] INFO  ha.OMHANodeDetails (ConfUtils.java:setNodeSpecificConfigs(98)) - Setting configuration key ozone.om.http-address with value of key ozone.om.http-address.om-service-test1.omNode-1: 127.0.0.1:15007
2025-04-24 14:02:07,366 [main] INFO  ha.OMHANodeDetails (ConfUtils.java:setNodeSpecificConfigs(98)) - Setting configuration key ozone.om.https-address with value of key ozone.om.https-address.om-service-test1.omNode-1: 127.0.0.1:15008
2025-04-24 14:02:07,366 [main] INFO  ha.OMHANodeDetails (ConfUtils.java:setNodeSpecificConfigs(98)) - Setting configuration key ozone.om.address with value of key ozone.om.address.om-service-test1.omNode-1: 127.0.0.1:15006
2025-04-24 14:02:07,367 [main] WARN  server.ServerUtils (ServerUtils.java:getDBPath(297)) - ozone.om.db.dirs is not configured. We recommend adding this setting. Falling back to ozone.metadata.dirs instead.
2025-04-24 14:02:07,371 [main] INFO  upgrade.AbstractLayoutVersionManager (AbstractLayoutVersionManager.java:init(80)) - Initializing Layout version manager with metadata layout = DELEGATION_TOKEN_SYMMETRIC_SIGN (version = 8), software layout = DELEGATION_TOKEN_SYMMETRIC_SIGN (version = 8)
2025-04-24 14:02:07,496 [main] INFO  reflections.Reflections (Reflections.java:scan(219)) - Reflections took 123 ms to scan 2 urls, producing 203 keys and 603 values
2025-04-24 14:02:07,500 [main] INFO  upgrade.OMLayoutVersionManager (OMLayoutVersionManager.java:lambda$0(110)) - Skipping Upgrade Action QuotaRepairUpgradeAction since it has been finalized.
2025-04-24 14:02:07,501 [main] INFO  upgrade.OMLayoutVersionManager (OMLayoutVersionManager.java:lambda$0(110)) - Skipping Upgrade Action MockOmUpgradeAction since it has been finalized.
2025-04-24 14:02:07,503 [main] WARN  server.ServerUtils (ServerUtils.java:getDBPath(297)) - ozone.om.db.dirs is not configured. We recommend adding this setting. Falling back to ozone.metadata.dirs instead.
2025-04-24 14:02:07,505 [main] INFO  om.OzoneManager (OzoneManager.java:setReplicationFromConfig(4612)) - Set default replication in OM: RATIS/3 -> RATIS/THREE
2025-04-24 14:02:07,510 [main] INFO  proxy.SCMContainerLocationFailoverProxyProvider (SCMFailoverProxyProviderBase.java:<init>(120)) - Created fail-over proxy for protocol StorageContainerLocationProtocolPB with 1 nodes: [nodeId=scmNodeId,nodeAddress=/0.0.0.0:15000]
2025-04-24 14:02:07,537 [main] INFO  proxy.SCMBlockLocationFailoverProxyProvider (SCMFailoverProxyProviderBase.java:<init>(120)) - Created fail-over proxy for protocol ScmBlockLocationProtocolPB with 1 nodes: [nodeId=scmNodeId,nodeAddress=/0.0.0.0:15001]
2025-04-24 14:02:07,544 [main] INFO  proxy.SCMBlockLocationFailoverProxyProvider (SCMFailoverProxyProviderBase.java:<init>(120)) - Created fail-over proxy for protocol ScmBlockLocationProtocolPB with 1 nodes: [nodeId=scmNodeId,nodeAddress=/0.0.0.0:15001]
2025-04-24 14:02:07,567 [main] INFO  om.OzoneManager (OzoneManager.java:<init>(689)) - OM start with adminUsers: [*, runner]
2025-04-24 14:02:07,580 [main] WARN  server.ServerUtils (ServerUtils.java:getDBPath(297)) - ozone.om.db.dirs is not configured. We recommend adding this setting. Falling back to ozone.metadata.dirs instead.
2025-04-24 14:02:07,847 [main] INFO  om.OzoneManager (OzoneManager.java:instantiateServices(933)) - S3 Multi-Tenancy is disabled
2025-04-24 14:02:07,869 [main] INFO  om.OmSnapshotManager (OmSnapshotManager.java:<init>(180)) - Ozone filesystem snapshot feature is enabled.
2025-04-24 14:02:07,876 [main] WARN  server.ServerUtils (ServerUtils.java:getDBPath(297)) - ozone.om.snapshot.diff.db.dir is not configured. We recommend adding this setting. Falling back to ozone.metadata.dirs instead.
2025-04-24 14:02:07,907 [main] INFO  utils.NativeLibraryLoader (NativeLibraryLoader.java:loadLibrary(120)) - Loading Library: ozone_rocksdb_tools
2025-04-24 14:02:08,040 [main] INFO  om.OzoneManager (OzoneManager.java:addS3GVolumeToDB(4670)) - Created Volume s3v With Owner runner required for S3Gateway operations.
2025-04-24 14:02:08,086 [main] WARN  server.ServerUtils (ServerUtils.java:getDefaultRatisDirectory(309)) - Storage directory for Ratis is not configured. It is a good idea to map this to an SSD disk. Falling back to ozone.metadata.dirs
2025-04-24 14:02:08,086 [main] WARN  utils.OzoneManagerRatisUtils (OzoneManagerRatisUtils.java:getOMRatisSnapshotDirectory(488)) - ozone.om.ratis.snapshot.dir is not configured. Falling back to ozone.metadata.dirs config
2025-04-24 14:02:08,092 [main] INFO  utils.RDBSnapshotProvider (RDBSnapshotProvider.java:init(85)) - Cleaning up the candidate dir: /home/runner/work/ozone/ozone/hadoop-ozone/integration-test/target/test-dir/MiniOzoneClusterImpl-4e6105ad-12bc-4f18-9d37-351d73277e17/omNode-1/snapshot/om.db.candidate
2025-04-24 14:02:08,092 [main] INFO  ratis_snapshot.OmRatisSnapshotProvider (OmRatisSnapshotProvider.java:<init>(98)) - Initializing OM Snapshot Provider
2025-04-24 14:02:08,196 [main] WARN  dropwizard3.Dm3MetricRegistriesImpl (Dm3MetricRegistriesImpl.java:addReporterRegistration(114)) - New reporters are added after registries were created. Some metrics will be missing from the reporter. Please add reporter before adding any new registry.
2025-04-24 14:02:08,197 [main] WARN  dropwizard3.Dm3MetricRegistriesImpl (Dm3MetricRegistriesImpl.java:addReporterRegistration(114)) - New reporters are added after registries were created. Some metrics will be missing from the reporter. Please add reporter before adding any new registry.
2025-04-24 14:02:08,197 [main] WARN  server.ServerUtils (ServerUtils.java:getDefaultRatisDirectory(309)) - Storage directory for Ratis is not configured. It is a good idea to map this to an SSD disk. Falling back to ozone.metadata.dirs
2025-04-24 14:02:08,198 [main] INFO  server.RaftServerConfigKeys (ConfUtils.java:logGet(46)) - raft.server.log.appender.buffer.byte-limit = 4194304 (custom)
2025-04-24 14:02:08,204 [main] INFO  ratis.OzoneManagerRatisServer (OzoneManagerRatisServer.java:<init>(167)) - Instantiating OM Ratis server with groupID: om-service-test1 and peers: localhost:15009, localhost:15017, localhost:15013
2025-04-24 14:02:08,208 [main] INFO  ratis.OzoneManagerStateMachine (OzoneManagerStateMachine.java:loadSnapshotInfoFromDB(613)) - TransactionInfo not found in OM DB.
2025-04-24 14:02:08,240 [main] INFO  server.RaftServer (ConfUtils.java:logGet(46)) - raft.rpc.type = GRPC (default)
2025-04-24 14:02:08,240 [main] INFO  grpc.GrpcConfigKeys (ConfUtils.java:logFallback(53)) - raft.grpc.admin.host = null (fallback to raft.grpc.server.host)
2025-04-24 14:02:08,240 [main] INFO  grpc.GrpcConfigKeys (ConfUtils.java:logFallback(53)) - raft.grpc.admin.port = 15009 (fallback to raft.grpc.server.port)
2025-04-24 14:02:08,241 [main] INFO  grpc.GrpcConfigKeys (ConfUtils.java:logFallback(53)) - raft.grpc.client.host = null (fallback to raft.grpc.server.host)
2025-04-24 14:02:08,241 [main] INFO  grpc.GrpcConfigKeys (ConfUtils.java:logFallback(53)) - raft.grpc.client.port = 15009 (fallback to raft.grpc.server.port)
2025-04-24 14:02:08,241 [main] INFO  grpc.GrpcConfigKeys (ConfUtils.java:logGet(46)) - raft.grpc.server.host = null (default)
2025-04-24 14:02:08,241 [main] INFO  grpc.GrpcConfigKeys (ConfUtils.java:logGet(46)) - raft.grpc.server.port = 15009 (custom)
2025-04-24 14:02:08,241 [main] INFO  server.GrpcService (ConfUtils.java:logGet(46)) - raft.grpc.message.size.max = 5242880 (custom)
2025-04-24 14:02:08,241 [main] INFO  server.GrpcService (ConfUtils.java:logGet(46)) - raft.grpc.flow.control.window = 1MB (=1048576) (default)
2025-04-24 14:02:08,242 [main] INFO  server.RaftServerConfigKeys (ConfUtils.java:logGet(46)) - raft.server.rpc.request.timeout = 3000ms (default)
2025-04-24 14:02:08,242 [main] INFO  grpc.GrpcConfigKeys (ConfUtils.java:logGet(46)) - raft.grpc.server.heartbeat.channel = true (default)
2025-04-24 14:02:08,242 [main] INFO  server.RaftServerConfigKeys (ConfUtils.java:logGet(46)) - raft.server.log.appender.buffer.byte-limit = 4194304 (custom)
2025-04-24 14:02:08,242 [main] INFO  grpc.GrpcConfigKeys (ConfUtils.java:logGet(46)) - raft.grpc.server.async.request.thread.pool.cached = true (default)
2025-04-24 14:02:08,242 [main] INFO  grpc.GrpcConfigKeys (ConfUtils.java:logGet(46)) - raft.grpc.server.async.request.thread.pool.size = 32 (default)
2025-04-24 14:02:08,243 [main] INFO  impl.DataStreamServerImpl (ConfUtils.java:logGet(46)) - raft.datastream.type = DISABLED (default)
2025-04-24 14:02:08,243 [main] INFO  server.RaftServerConfigKeys (ConfUtils.java:logGet(46)) - raft.server.sleep.deviation.threshold = 300ms (default)
2025-04-24 14:02:08,244 [main] INFO  server.RaftServerConfigKeys (ConfUtils.java:logGet(46)) - raft.server.close.threshold = 60s (default)
2025-04-24 14:02:08,244 [main] INFO  server.RaftServerConfigKeys (ConfUtils.java:logGet(46)) - raft.server.leaderelection.leader.step-down.wait-time = 10s (default)
2025-04-24 14:02:08,244 [main] INFO  server.RaftServerConfigKeys (ConfUtils.java:logGet(46)) - raft.server.storage.dir = [/home/runner/work/ozone/ozone/hadoop-ozone/integration-test/target/test-dir/MiniOzoneClusterImpl-4e6105ad-12bc-4f18-9d37-351d73277e17/omNode-1/ratis] (custom)
2025-04-24 14:02:08,244 [main] INFO  server.RaftServerConfigKeys (ConfUtils.java:logGet(46)) - raft.server.threadpool.proxy.cached = true (default)
2025-04-24 14:02:08,244 [main] INFO  server.RaftServerConfigKeys (ConfUtils.java:logGet(46)) - raft.server.threadpool.proxy.size = 0 (default)
2025-04-24 14:02:08,245 [main] INFO  server.RaftServer (RaftServerProxy.java:addNew(100)) - omNode-1: addNew group-523986131536:[omNode-3|localhost:15017, omNode-1|localhost:15009, omNode-2|localhost:15013] returns group-523986131536:java.util.concurrent.CompletableFuture@187b33de[Not completed]
2025-04-24 14:02:08,246 [main] INFO  om.OzoneManager (OzoneManager.java:initializeRatisServer(2303)) - OzoneManager Ratis server initialized at port 15009
2025-04-24 14:02:08,248 [omNode-1-groupManagement] INFO  server.RaftServer$Division (RaftServerImpl.java:<init>(255)) - omNode-1: new RaftServerImpl for group-523986131536:[omNode-3|localhost:15017, omNode-1|localhost:15009, omNode-2|localhost:15013] with OzoneManagerStateMachine:uninitialized
2025-04-24 14:02:08,248 [omNode-1-groupManagement] INFO  server.RaftServerConfigKeys (ConfUtils.java:logGet(46)) - raft.server.rpc.timeout.min = 1s (custom)
2025-04-24 14:02:08,249 [omNode-1-groupManagement] INFO  server.RaftServerConfigKeys (ConfUtils.java:logGet(46)) - raft.server.rpc.timeout.max = 1200ms (custom)
2025-04-24 14:02:08,249 [omNode-1-groupManagement] INFO  server.RaftServerConfigKeys (ConfUtils.java:logGet(46)) - raft.server.rpc.sleep.time = 25ms (default)
2025-04-24 14:02:08,249 [omNode-1-groupManagement] INFO  server.RaftServerConfigKeys (ConfUtils.java:logGet(46)) - raft.server.rpc.slowness.timeout = 2s (custom)
2025-04-24 14:02:08,249 [omNode-1-groupManagement] INFO  server.RaftServerConfigKeys (ConfUtils.java:logGet(46)) - raft.server.leaderelection.leader.step-down.wait-time = 10s (default)
2025-04-24 14:02:08,249 [omNode-1-groupManagement] INFO  server.RaftServerConfigKeys (ConfUtils.java:logGet(46)) - raft.server.leaderelection.member.majority-add = false (default)
2025-04-24 14:02:08,249 [main] INFO  om.OzoneManager (OzoneManager.java:getRpcServer(1360)) - Creating RPC Server
2025-04-24 14:02:08,250 [omNode-1-groupManagement] INFO  server.RaftServerConfigKeys (ConfUtils.java:logGet(46)) - raft.server.sleep.deviation.threshold = 300ms (default)
2025-04-24 14:02:08,250 [omNode-1-groupManagement] INFO  server.RaftServer$Division (ServerState.java:<init>(114)) - omNode-1@group-523986131536: ConfigurationManager, init=conf: {index: -1, cur=peers:[omNode-3|localhost:15017, omNode-1|localhost:15009, omNode-2|localhost:15013]|listeners:[], old=null}, confs=<EMPTY_MAP>
2025-04-24 14:02:08,250 [omNode-1-groupManagement] INFO  server.RaftServerConfigKeys (ConfUtils.java:logGet(46)) - raft.server.notification.no-leader.timeout = 2s (custom)
2025-04-24 14:02:08,250 [omNode-1-groupManagement] INFO  server.RaftServerConfigKeys (ConfUtils.java:logGet(46)) - raft.server.read.timeout = 10s (default)
2025-04-24 14:02:08,250 [omNode-1-groupManagement] INFO  server.RaftServerConfigKeys (ConfUtils.java:logGet(46)) - raft.server.retrycache.expirytime = 30000ms (custom)
2025-04-24 14:02:08,251 [omNode-1-groupManagement] INFO  server.RaftServerConfigKeys (ConfUtils.java:logGet(46)) - raft.server.retrycache.statistics.expirytime = 100ms (default)
2025-04-24 14:02:08,251 [omNode-1-groupManagement] INFO  server.RaftServerConfigKeys (ConfUtils.java:logGet(46)) - raft.server.read.option = DEFAULT (default)
2025-04-24 14:02:08,251 [omNode-1-groupManagement] INFO  server.RaftServerConfigKeys (ConfUtils.java:logGet(46)) - raft.server.read.read-after-write-consistent.write-index-cache.expiry-time = 60s (default)
2025-04-24 14:02:08,261 [omNode-1-groupManagement] INFO  server.RaftServerConfigKeys (ConfUtils.java:logGet(46)) - raft.server.rpc.request.timeout = 3000ms (default)
2025-04-24 14:02:08,262 [omNode-1-groupManagement] INFO  server.RaftServerConfigKeys (ConfUtils.java:logGet(46)) - raft.server.log.appender.install.snapshot.enabled = false (custom)
2025-04-24 14:02:08,263 [omNode-1-groupManagement] INFO  server.RaftServerConfigKeys (ConfUtils.java:logGet(46)) - raft.server.threadpool.server.cached = true (default)
2025-04-24 14:02:08,263 [omNode-1-groupManagement] INFO  server.RaftServerConfigKeys (ConfUtils.java:logGet(46)) - raft.server.threadpool.server.size = 0 (default)
2025-04-24 14:02:08,266 [omNode-1-groupManagement] INFO  server.RaftServerConfigKeys (ConfUtils.java:logGet(46)) - raft.server.threadpool.client.cached = true (default)
2025-04-24 14:02:08,266 [omNode-1-groupManagement] INFO  server.RaftServerConfigKeys (ConfUtils.java:logGet(46)) - raft.server.threadpool.client.size = 0 (default)
2025-04-24 14:02:09,163 [main] INFO  reflections.Reflections (Reflections.java:scan(219)) - Reflections took 871 ms to scan 22 urls, producing 61 keys and 7423 values
2025-04-24 14:02:09,310 [main] INFO  ipc.CallQueueManager (CallQueueManager.java:<init>(93)) - Using callQueue: class java.util.concurrent.LinkedBlockingQueue, queueCapacity: 2000, scheduler: class org.apache.hadoop.ipc.DefaultRpcScheduler, ipcBackoff: false, ipcFailOver: false.
2025-04-24 14:02:09,311 [main] INFO  ipc.Server (Server.java:<init>(1438)) - Listener at 127.0.0.1:15006
2025-04-24 14:02:09,312 [Socket Reader #1 for port 15006] INFO  ipc.Server (Server.java:run(1474)) - Starting Socket Reader #1 for port 15006
2025-04-24 14:02:09,312 [Socket Reader #2 for port 15006] INFO  ipc.Server (Server.java:run(1474)) - Starting Socket Reader #2 for port 15006
2025-04-24 14:02:09,312 [Socket Reader #3 for port 15006] INFO  ipc.Server (Server.java:run(1474)) - Starting Socket Reader #3 for port 15006
2025-04-24 14:02:09,313 [Socket Reader #4 for port 15006] INFO  ipc.Server (Server.java:run(1474)) - Starting Socket Reader #4 for port 15006
2025-04-24 14:02:09,313 [Socket Reader #5 for port 15006] INFO  ipc.Server (Server.java:run(1474)) - Starting Socket Reader #5 for port 15006
2025-04-24 14:02:09,313 [Socket Reader #6 for port 15006] INFO  ipc.Server (Server.java:run(1474)) - Starting Socket Reader #6 for port 15006
2025-04-24 14:02:09,313 [Socket Reader #7 for port 15006] INFO  ipc.Server (Server.java:run(1474)) - Starting Socket Reader #7 for port 15006
2025-04-24 14:02:09,313 [Socket Reader #8 for port 15006] INFO  ipc.Server (Server.java:run(1474)) - Starting Socket Reader #8 for port 15006
2025-04-24 14:02:09,314 [Socket Reader #9 for port 15006] INFO  ipc.Server (Server.java:run(1474)) - Starting Socket Reader #9 for port 15006
2025-04-24 14:02:09,314 [Socket Reader #10 for port 15006] INFO  ipc.Server (Server.java:run(1474)) - Starting Socket Reader #10 for port 15006
2025-04-24 14:02:09,343 [main] INFO  impl.MetricsSystemImpl (MetricsSystemImpl.java:init(158)) - OzoneManager metrics system started (again)
2025-04-24 14:02:09,356 [main] INFO  om.OzoneManager (OzoneManager.java:start(1787)) - OzoneManager RPC server is listening at localhost/127.0.0.1:15006
2025-04-24 14:02:09,357 [main] INFO  ratis.OzoneManagerRatisServer (OzoneManagerRatisServer.java:start(628)) - Starting OzoneManagerRatisServer omNode-1 at port 15009
2025-04-24 14:02:09,357 [omNode-1-impl-thread1] INFO  server.RaftServerConfigKeys (ConfUtils.java:logGet(46)) - raft.server.storage.free-space.min = 0MB (=0) (default)
2025-04-24 14:02:09,357 [omNode-1-impl-thread1] INFO  server.RaftServerConfigKeys (ConfUtils.java:logGet(46)) - raft.server.log.corruption.policy = EXCEPTION (default)
2025-04-24 14:02:09,358 [omNode-1-impl-thread1] INFO  server.RaftServerConfigKeys (ConfUtils.java:logGet(46)) - raft.server.storage.dir = [/home/runner/work/ozone/ozone/hadoop-ozone/integration-test/target/test-dir/MiniOzoneClusterImpl-4e6105ad-12bc-4f18-9d37-351d73277e17/omNode-1/ratis] (custom)
2025-04-24 14:02:09,358 [omNode-1-impl-thread1] INFO  storage.RaftStorageDirectory (RaftStorageDirectoryImpl.java:analyzeStorage(138)) - The storage directory /home/runner/work/ozone/ozone/hadoop-ozone/integration-test/target/test-dir/MiniOzoneClusterImpl-4e6105ad-12bc-4f18-9d37-351d73277e17/omNode-1/ratis/c9bc4cf4-3bc3-3c60-a66b-523986131536 does not exist. Creating ...
2025-04-24 14:02:09,360 [omNode-1-impl-thread1] INFO  storage.RaftStorageDirectory (RaftStorageDirectoryImpl.java:tryLock(229)) - Lock on /home/runner/work/ozone/ozone/hadoop-ozone/integration-test/target/test-dir/MiniOzoneClusterImpl-4e6105ad-12bc-4f18-9d37-351d73277e17/omNode-1/ratis/c9bc4cf4-3bc3-3c60-a66b-523986131536/in_use.lock acquired by nodename 129728@fv-az2210-761
2025-04-24 14:02:09,361 [omNode-1-impl-thread1] INFO  storage.RaftStorage (RaftStorageImpl.java:format(98)) - Storage directory /home/runner/work/ozone/ozone/hadoop-ozone/integration-test/target/test-dir/MiniOzoneClusterImpl-4e6105ad-12bc-4f18-9d37-351d73277e17/omNode-1/ratis/c9bc4cf4-3bc3-3c60-a66b-523986131536 has been successfully formatted.
2025-04-24 14:02:09,362 [omNode-1-impl-thread1] INFO  ratis.OzoneManagerStateMachine (OzoneManagerStateMachine.java:lambda$0(138)) - omNode-1: initialize group-523986131536 with (t:0, i:~)
2025-04-24 14:02:09,362 [omNode-1-impl-thread1] INFO  server.RaftServerConfigKeys (ConfUtils.java:logGet(46)) - raft.server.log.use.memory = false (default)
2025-04-24 14:02:09,362 [omNode-1-impl-thread1] INFO  server.RaftServerConfigKeys (ConfUtils.java:logGet(46)) - raft.server.log.purge.gap = 50 (custom)
2025-04-24 14:02:09,362 [omNode-1-impl-thread1] INFO  server.RaftServerConfigKeys (ConfUtils.java:logGet(46)) - raft.server.log.appender.buffer.byte-limit = 4194304 (custom)
2025-04-24 14:02:09,362 [omNode-1-impl-thread1] INFO  server.RaftServerConfigKeys (ConfUtils.java:logGet(46)) - raft.server.log.statemachine.data.read.timeout = 1000ms (default)
2025-04-24 14:02:09,363 [omNode-1-impl-thread1] INFO  server.RaftServerConfigKeys (ConfUtils.java:logGet(46)) - raft.server.log.purge.preservation.log.num = 0 (default)
2025-04-24 14:02:09,366 [omNode-1-impl-thread1] INFO  server.RaftServerConfigKeys (ConfUtils.java:logGet(46)) - raft.server.log.segment.size.max = 4194304 (custom)
2025-04-24 14:02:09,366 [omNode-1-impl-thread1] INFO  server.RaftServerConfigKeys (ConfUtils.java:logGet(46)) - raft.server.log.segment.cache.num.max = 2 (custom)
2025-04-24 14:02:09,367 [omNode-1-impl-thread1] INFO  server.RaftServerConfigKeys (ConfUtils.java:logGet(46)) - raft.server.log.segment.cache.size.max = 200MB (=209715200) (default)
2025-04-24 14:02:09,367 [omNode-1-impl-thread1] INFO  server.RaftServerConfigKeys (ConfUtils.java:logGet(46)) - raft.server.log.appender.buffer.byte-limit = 4194304 (custom)
2025-04-24 14:02:09,367 [omNode-1-impl-thread1] INFO  util.AwaitToRun (AwaitToRun.java:start(81)) - Thread[#464,omNode-1@group-523986131536-cacheEviction-AwaitToRun,5,main] started
2025-04-24 14:02:09,367 [omNode-1-impl-thread1] INFO  segmented.SegmentedRaftLogWorker (SegmentedRaftLogWorker.java:<init>(188)) - new omNode-1@group-523986131536-SegmentedRaftLogWorker for RaftStorageImpl:Storage Directory /home/runner/work/ozone/ozone/hadoop-ozone/integration-test/target/test-dir/MiniOzoneClusterImpl-4e6105ad-12bc-4f18-9d37-351d73277e17/omNode-1/ratis/c9bc4cf4-3bc3-3c60-a66b-523986131536
2025-04-24 14:02:09,368 [omNode-1-impl-thread1] INFO  server.RaftServerConfigKeys (ConfUtils.java:logGet(46)) - raft.server.log.queue.byte-limit = 64MB (=67108864) (default)
2025-04-24 14:02:09,368 [omNode-1-impl-thread1] INFO  server.RaftServerConfigKeys (ConfUtils.java:logGet(46)) - raft.server.log.queue.element-limit = 4096 (default)
2025-04-24 14:02:09,368 [omNode-1-impl-thread1] INFO  server.RaftServerConfigKeys (ConfUtils.java:logGet(46)) - raft.server.log.segment.size.max = 4194304 (custom)
2025-04-24 14:02:09,368 [omNode-1-impl-thread1] INFO  server.RaftServerConfigKeys (ConfUtils.java:logGet(46)) - raft.server.log.preallocated.size = 4194304 (custom)
2025-04-24 14:02:09,368 [omNode-1-impl-thread1] INFO  server.RaftServerConfigKeys (ConfUtils.java:logGet(46)) - raft.server.log.force.sync.num = 128 (default)
2025-04-24 14:02:09,368 [omNode-1-impl-thread1] INFO  server.RaftServerConfigKeys (ConfUtils.java:logGet(46)) - raft.server.log.statemachine.data.sync = true (default)
2025-04-24 14:02:09,369 [omNode-1-impl-thread1] INFO  server.RaftServerConfigKeys (ConfUtils.java:logGet(46)) - raft.server.log.statemachine.data.sync.timeout = 10s (default)
2025-04-24 14:02:09,369 [omNode-1-impl-thread1] INFO  server.RaftServerConfigKeys (ConfUtils.java:logGet(46)) - raft.server.log.statemachine.data.sync.timeout.retry = -1 (default)
2025-04-24 14:02:09,369 [omNode-1-impl-thread1] INFO  server.RaftServerConfigKeys (ConfUtils.java:logGet(46)) - raft.server.log.write.buffer.size = 4194312 (custom)
2025-04-24 14:02:09,370 [omNode-1-impl-thread1] INFO  server.RaftServerConfigKeys (ConfUtils.java:logGet(46)) - raft.server.log.appender.buffer.byte-limit = 4194304 (custom)
2025-04-24 14:02:09,371 [omNode-1-impl-thread1] INFO  server.RaftServerConfigKeys (ConfUtils.java:logGet(46)) - raft.server.log.unsafe-flush.enabled = false (default)
2025-04-24 14:02:09,371 [omNode-1-impl-thread1] INFO  server.RaftServerConfigKeys (ConfUtils.java:logGet(46)) - raft.server.log.async-flush.enabled = false (default)
2025-04-24 14:02:09,371 [omNode-1-impl-thread1] INFO  server.RaftServerConfigKeys (ConfUtils.java:logGet(46)) - raft.server.log.statemachine.data.caching.enabled = false (default)
2025-04-24 14:02:09,371 [omNode-1-impl-thread1] INFO  segmented.SegmentedRaftLogWorker (SegmentedRaftLogWorker.java:lambda$new$0(139)) - omNode-1@group-523986131536-SegmentedRaftLogWorker: flushIndex: setUnconditionally 0 -> -1
2025-04-24 14:02:09,372 [omNode-1-impl-thread1] INFO  segmented.SegmentedRaftLogWorker (SegmentedRaftLogWorker.java:lambda$new$0(139)) - omNode-1@group-523986131536-SegmentedRaftLogWorker: safeCacheEvictIndex: setUnconditionally 0 -> -1
2025-04-24 14:02:09,372 [omNode-1-impl-thread1] INFO  server.RaftServer$Division (RaftServerImpl.java:start(391)) - omNode-1@group-523986131536: start as a follower, conf=conf: {index: -1, cur=peers:[omNode-3|localhost:15017, omNode-1|localhost:15009, omNode-2|localhost:15013]|listeners:[], old=null}
2025-04-24 14:02:09,372 [omNode-1-impl-thread1] INFO  server.RaftServer$Division (RaftServerImpl.java:setRole(378)) - omNode-1@group-523986131536: changes role from      null to FOLLOWER at term 0 for startAsFollower
2025-04-24 14:02:09,373 [omNode-1-impl-thread1] INFO  impl.RoleInfo (RoleInfo.java:updateAndGet(148)) - omNode-1: start omNode-1@group-523986131536-FollowerState
2025-04-24 14:02:09,373 [omNode-1-impl-thread1] INFO  util.JmxRegister (JmxRegister.java:tryRegister(44)) - Successfully registered JMX Bean with object name Ratis:service=RaftServer,group=group-523986131536,id=omNode-1
2025-04-24 14:02:09,373 [omNode-1-impl-thread1] INFO  util.JmxRegister (JmxRegister.java:register(58)) - register mxBean class org.apache.ratis.server.impl.RaftServerJmxAdapter as Ratis:service=RaftServer,group=group-523986131536,id=omNode-1
2025-04-24 14:02:09,373 [omNode-1-impl-thread1] INFO  server.RaftServerConfigKeys (ConfUtils.java:logGet(46)) - raft.server.snapshot.trigger-when-stop.enabled = true (default)
2025-04-24 14:02:09,374 [omNode-1-impl-thread1] INFO  server.RaftServerConfigKeys (ConfUtils.java:logGet(46)) - raft.server.snapshot.trigger-when-remove.enabled = true (default)
2025-04-24 14:02:09,374 [omNode-1-impl-thread1] INFO  server.RaftServerConfigKeys (ConfUtils.java:logGet(46)) - raft.server.snapshot.auto.trigger.enabled = true (custom)
2025-04-24 14:02:09,374 [omNode-1-impl-thread1] INFO  server.RaftServerConfigKeys (ConfUtils.java:logGet(46)) - raft.server.snapshot.auto.trigger.threshold = 50 (custom)
2025-04-24 14:02:09,374 [omNode-1-impl-thread1] INFO  server.RaftServerConfigKeys (ConfUtils.java:logGet(46)) - raft.server.snapshot.retention.file.num = -1 (default)
2025-04-24 14:02:09,374 [omNode-1-impl-thread1] INFO  server.RaftServerConfigKeys (ConfUtils.java:logGet(46)) - raft.server.log.purge.upto.snapshot.index = true (custom)
2025-04-24 14:02:09,375 [omNode-1-impl-thread1] INFO  server.RaftServer$Division (RaftServerImpl.java:start(405)) - omNode-1@group-523986131536: Successfully started.
2025-04-24 14:02:09,375 [main] INFO  server.RaftServer (RaftServerProxy.java:startImpl(407)) - omNode-1: start RPC server
2025-04-24 14:02:09,376 [omNode-1@group-523986131536-FollowerState] INFO  server.RaftServerConfigKeys (ConfUtils.java:logFallback(53)) - raft.server.rpc.first-election.timeout.min = 1s (fallback to raft.server.rpc.timeout.min)
2025-04-24 14:02:09,376 [omNode-1@group-523986131536-FollowerState] INFO  server.RaftServerConfigKeys (ConfUtils.java:logFallback(53)) - raft.server.rpc.first-election.timeout.max = 1200ms (fallback to raft.server.rpc.timeout.max)
2025-04-24 14:02:09,376 [main] INFO  server.GrpcService (GrpcService.java:startImpl(334)) - omNode-1: GrpcService started, listening on 15009
2025-04-24 14:02:09,377 [JvmPauseMonitor2] INFO  util.JvmPauseMonitor (JvmPauseMonitor.java:run(146)) - JvmPauseMonitor-omNode-1: Started
2025-04-24 14:02:09,378 [main] INFO  om.OzoneManager (OzoneManager.java:start(1802)) - Version File has different layout version (8) than OM DB (null). That is expected if this OM has never been finalized to a newer layout version.
2025-04-24 14:02:09,392 [main] INFO  client.ScmTopologyClient (ScmTopologyClient.java:start(70)) - Initial network topology fetched from SCM: /.
2025-04-24 14:02:09,392 [main] INFO  net.NodeSchemaLoader (NodeSchemaLoader.java:loadSchemaFromFile(127)) - Loading schema from [jar:file:/home/runner/work/ozone/ozone/hadoop-hdds/common/target/hdds-common-2.1.0-SNAPSHOT.jar!/network-topology-default.xml]
2025-04-24 14:02:09,392 [main] INFO  net.NodeSchemaLoader (NodeSchemaLoader.java:loadSchema(174)) - Loading network topology layer schema file
2025-04-24 14:02:09,410 [main] INFO  http.BaseHttpServer (BaseHttpServer.java:newHttpServer2BuilderForOzone(229)) - Starting Web-server for ozoneManager at: http://0.0.0.0:15007
2025-04-24 14:02:09,410 [main] INFO  http.BaseHttpServer (BaseHttpServer.java:<init>(107)) - Hadoop Security Enabled: false Ozone Security Enabled: false Ozone HTTP Security Enabled: false 
2025-04-24 14:02:09,412 [main] WARN  server.AuthenticationFilter (AuthenticationFilter.java:constructSecretProvider(240)) - Unable to initialize FileSignerSecretProvider, falling back to use random secrets. Reason: Could not read signature secret file: /home/runner/hadoop-http-auth-signature-secret
2025-04-24 14:02:09,415 [main] INFO  http.HttpServer2 (HttpServer2.java:addGlobalFilter(1041)) - Added global filter 'safety' (class=org.apache.hadoop.hdds.server.http.HttpServer2$QuotingInputFilter)
2025-04-24 14:02:09,416 [main] INFO  http.HttpServer2 (HttpServer2.java:addFilter(1017)) - Added filter static_user_filter (class=org.apache.hadoop.http.lib.StaticUserWebFilter$StaticUserFilter) to context ozoneManager
2025-04-24 14:02:09,416 [main] INFO  http.HttpServer2 (HttpServer2.java:addFilter(1025)) - Added filter static_user_filter (class=org.apache.hadoop.http.lib.StaticUserWebFilter$StaticUserFilter) to context logs
2025-04-24 14:02:09,416 [main] INFO  http.HttpServer2 (HttpServer2.java:addFilter(1025)) - Added filter static_user_filter (class=org.apache.hadoop.http.lib.StaticUserWebFilter$StaticUserFilter) to context static
2025-04-24 14:02:09,418 [main] INFO  http.BaseHttpServer (BaseHttpServer.java:<init>(195)) - HTTP server of ozoneManager uses base directory /home/runner/work/ozone/ozone/hadoop-ozone/integration-test/target/test-dir/MiniOzoneClusterImpl-4e6105ad-12bc-4f18-9d37-351d73277e17/omNode-1/webserver
2025-04-24 14:02:09,420 [main] INFO  http.HttpServer2 (HttpServer2.java:bindListener(1241)) - Jetty bound to port 15007
2025-04-24 14:02:09,420 [main] INFO  server.Server (Server.java:doStart(375)) - jetty-9.4.57.v20241219; built: 2025-01-08T21:24:30.412Z; git: df524e6b29271c2e09ba9aea83c18dc9db464a31; jvm 21.0.7+6-LTS
2025-04-24 14:02:09,422 [main] INFO  server.session (DefaultSessionIdManager.java:doStart(334)) - DefaultSessionIdManager workerName=node0
2025-04-24 14:02:09,422 [main] INFO  server.session (DefaultSessionIdManager.java:doStart(339)) - No SessionScavenger set, using defaults
2025-04-24 14:02:09,422 [main] INFO  server.session (HouseKeeper.java:startScavenging(132)) - node0 Scavenging every 660000ms
2025-04-24 14:02:09,423 [main] INFO  handler.ContextHandler (ContextHandler.java:doStart(921)) - Started o.e.j.s.ServletContextHandler@3de9a4f4{logs,/logs,file:///home/runner/work/ozone/ozone/hadoop-ozone/integration-test/target/log,AVAILABLE}
2025-04-24 14:02:09,424 [main] INFO  handler.ContextHandler (ContextHandler.java:doStart(921)) - Started o.e.j.s.ServletContextHandler@3b5a4aa5{static,/static,file:///home/runner/work/ozone/ozone/hadoop-ozone/integration-test/target/test-classes/webapps/static,AVAILABLE}
2025-04-24 14:02:09,432 [main] INFO  handler.ContextHandler (ContextHandler.java:doStart(921)) - Started o.e.j.w.WebAppContext@14ecd8d5{ozoneManager,/,file:///home/runner/work/ozone/ozone/hadoop-ozone/integration-test/target/test-classes/webapps/ozoneManager/,AVAILABLE}{file:/home/runner/work/ozone/ozone/hadoop-ozone/integration-test/target/test-classes/webapps/ozoneManager}
2025-04-24 14:02:09,433 [main] INFO  server.AbstractConnector (AbstractConnector.java:doStart(333)) - Started ServerConnector@63dee1b7{HTTP/1.1, (http/1.1)}{0.0.0.0:15007}
2025-04-24 14:02:09,433 [main] INFO  server.Server (Server.java:doStart(415)) - Started @10765ms
2025-04-24 14:02:09,433 [main] WARN  impl.MetricsSystemImpl (MetricsSystemImpl.java:register(279)) - Sink prometheus already exists!
2025-04-24 14:02:09,434 [main] INFO  http.BaseHttpServer (BaseHttpServer.java:updateConnectorAddress(360)) - HTTP server of ozoneManager listening at http://0.0.0.0:15007
2025-04-24 14:02:09,434 [IPC Server Responder] INFO  ipc.Server (Server.java:run(1713)) - IPC Server Responder: starting
2025-04-24 14:02:09,435 [IPC Server listener on 15006] INFO  ipc.Server (Server.java:run(1553)) - IPC Server listener on 15006: starting
2025-04-24 14:02:09,437 [main] INFO  om.OzoneManager (OzoneManager.java:startTrashEmptier(2257)) - Trash Interval set to 0. Files deleted won't move to trash
2025-04-24 14:02:09,446 [main] INFO  ozone.MiniOzoneHAClusterImpl (MiniOzoneHAClusterImpl.java:createOMService(516)) - Started OzoneManager omNode-1 RPC server at localhost/127.0.0.1:15006
2025-04-24 14:02:09,447 [main] INFO  ha.OMHANodeDetails (OMHANodeDetails.java:loadOMHAConfig(120)) - ServiceID for OzoneManager is om-service-test1
2025-04-24 14:02:09,447 [main] INFO  ha.OMHANodeDetails (OMHANodeDetails.java:loadOMHAConfig(200)) - Found matching OM address with OMServiceId: om-service-test1, OMNodeId: omNode-2, RPC Address: localhost:15010 and Ratis port: 15013
2025-04-24 14:02:09,447 [main] INFO  ha.OMHANodeDetails (ConfUtils.java:setNodeSpecificConfigs(98)) - Setting configuration key ozone.om.http-address with value of key ozone.om.http-address.om-service-test1.omNode-2: 127.0.0.1:15011
2025-04-24 14:02:09,448 [main] INFO  ha.OMHANodeDetails (ConfUtils.java:setNodeSpecificConfigs(98)) - Setting configuration key ozone.om.https-address with value of key ozone.om.https-address.om-service-test1.omNode-2: 127.0.0.1:15012
2025-04-24 14:02:09,448 [main] INFO  ha.OMHANodeDetails (ConfUtils.java:setNodeSpecificConfigs(98)) - Setting configuration key ozone.om.address with value of key ozone.om.address.om-service-test1.omNode-2: 127.0.0.1:15010
2025-04-24 14:02:09,448 [main] WARN  server.ServerUtils (ServerUtils.java:getDBPath(297)) - ozone.om.db.dirs is not configured. We recommend adding this setting. Falling back to ozone.metadata.dirs instead.
2025-04-24 14:02:09,450 [main] INFO  proxy.SCMBlockLocationFailoverProxyProvider (SCMFailoverProxyProviderBase.java:<init>(120)) - Created fail-over proxy for protocol ScmBlockLocationProtocolPB with 1 nodes: [nodeId=scmNodeId,nodeAddress=/0.0.0.0:15001]
OM initialization succeeded.Current cluster id for sd=/home/runner/work/ozone/ozone/hadoop-ozone/integration-test/target/test-dir/MiniOzoneClusterImpl-4e6105ad-12bc-4f18-9d37-351d73277e17/omNode-2/om;cid=4e6105ad-12bc-4f18-9d37-351d73277e17;layoutVersion=8
2025-04-24 14:02:09,456 [main] INFO  ha.OMHANodeDetails (OMHANodeDetails.java:loadOMHAConfig(120)) - ServiceID for OzoneManager is om-service-test1
2025-04-24 14:02:09,456 [main] INFO  ha.OMHANodeDetails (OMHANodeDetails.java:loadOMHAConfig(200)) - Found matching OM address with OMServiceId: om-service-test1, OMNodeId: omNode-2, RPC Address: localhost:15010 and Ratis port: 15013
2025-04-24 14:02:09,457 [main] INFO  ha.OMHANodeDetails (ConfUtils.java:setNodeSpecificConfigs(98)) - Setting configuration key ozone.om.http-address with value of key ozone.om.http-address.om-service-test1.omNode-2: 127.0.0.1:15011
2025-04-24 14:02:09,457 [main] INFO  ha.OMHANodeDetails (ConfUtils.java:setNodeSpecificConfigs(98)) - Setting configuration key ozone.om.https-address with value of key ozone.om.https-address.om-service-test1.omNode-2: 127.0.0.1:15012
2025-04-24 14:02:09,457 [main] INFO  ha.OMHANodeDetails (ConfUtils.java:setNodeSpecificConfigs(98)) - Setting configuration key ozone.om.address with value of key ozone.om.address.om-service-test1.omNode-2: 127.0.0.1:15010
2025-04-24 14:02:09,457 [main] WARN  server.ServerUtils (ServerUtils.java:getDBPath(297)) - ozone.om.db.dirs is not configured. We recommend adding this setting. Falling back to ozone.metadata.dirs instead.
2025-04-24 14:02:09,459 [main] INFO  upgrade.AbstractLayoutVersionManager (AbstractLayoutVersionManager.java:init(80)) - Initializing Layout version manager with metadata layout = DELEGATION_TOKEN_SYMMETRIC_SIGN (version = 8), software layout = DELEGATION_TOKEN_SYMMETRIC_SIGN (version = 8)
2025-04-24 14:02:09,539 [main] INFO  reflections.Reflections (Reflections.java:scan(219)) - Reflections took 79 ms to scan 2 urls, producing 203 keys and 603 values
2025-04-24 14:02:09,541 [main] INFO  upgrade.OMLayoutVersionManager (OMLayoutVersionManager.java:lambda$0(110)) - Skipping Upgrade Action QuotaRepairUpgradeAction since it has been finalized.
2025-04-24 14:02:09,542 [main] INFO  upgrade.OMLayoutVersionManager (OMLayoutVersionManager.java:lambda$0(110)) - Skipping Upgrade Action MockOmUpgradeAction since it has been finalized.
2025-04-24 14:02:09,542 [main] WARN  server.ServerUtils (ServerUtils.java:getDBPath(297)) - ozone.om.db.dirs is not configured. We recommend adding this setting. Falling back to ozone.metadata.dirs instead.
2025-04-24 14:02:09,543 [main] INFO  om.OzoneManager (OzoneManager.java:setReplicationFromConfig(4612)) - Set default replication in OM: RATIS/3 -> RATIS/THREE
2025-04-24 14:02:09,544 [main] INFO  proxy.SCMContainerLocationFailoverProxyProvider (SCMFailoverProxyProviderBase.java:<init>(120)) - Created fail-over proxy for protocol StorageContainerLocationProtocolPB with 1 nodes: [nodeId=scmNodeId,nodeAddress=/0.0.0.0:15000]
2025-04-24 14:02:09,544 [main] INFO  proxy.SCMBlockLocationFailoverProxyProvider (SCMFailoverProxyProviderBase.java:<init>(120)) - Created fail-over proxy for protocol ScmBlockLocationProtocolPB with 1 nodes: [nodeId=scmNodeId,nodeAddress=/0.0.0.0:15001]
2025-04-24 14:02:09,547 [main] INFO  proxy.SCMBlockLocationFailoverProxyProvider (SCMFailoverProxyProviderBase.java:<init>(120)) - Created fail-over proxy for protocol ScmBlockLocationProtocolPB with 1 nodes: [nodeId=scmNodeId,nodeAddress=/0.0.0.0:15001]
2025-04-24 14:02:09,555 [main] INFO  om.OzoneManager (OzoneManager.java:<init>(689)) - OM start with adminUsers: [*, runner]
2025-04-24 14:02:09,556 [main] WARN  server.ServerUtils (ServerUtils.java:getDBPath(297)) - ozone.om.db.dirs is not configured. We recommend adding this setting. Falling back to ozone.metadata.dirs instead.
2025-04-24 14:02:09,699 [main] INFO  om.OzoneManager (OzoneManager.java:instantiateServices(933)) - S3 Multi-Tenancy is disabled
2025-04-24 14:02:09,700 [main] INFO  om.OmSnapshotManager (OmSnapshotManager.java:<init>(180)) - Ozone filesystem snapshot feature is enabled.
2025-04-24 14:02:09,700 [main] WARN  server.ServerUtils (ServerUtils.java:getDBPath(297)) - ozone.om.snapshot.diff.db.dir is not configured. We recommend adding this setting. Falling back to ozone.metadata.dirs instead.
2025-04-24 14:02:09,717 [main] INFO  om.OzoneManager (OzoneManager.java:addS3GVolumeToDB(4670)) - Created Volume s3v With Owner runner required for S3Gateway operations.
2025-04-24 14:02:09,717 [main] WARN  server.ServerUtils (ServerUtils.java:getDefaultRatisDirectory(309)) - Storage directory for Ratis is not configured. It is a good idea to map this to an SSD disk. Falling back to ozone.metadata.dirs
2025-04-24 14:02:09,717 [main] WARN  utils.OzoneManagerRatisUtils (OzoneManagerRatisUtils.java:getOMRatisSnapshotDirectory(488)) - ozone.om.ratis.snapshot.dir is not configured. Falling back to ozone.metadata.dirs config
2025-04-24 14:02:09,718 [main] INFO  utils.RDBSnapshotProvider (RDBSnapshotProvider.java:init(85)) - Cleaning up the candidate dir: /home/runner/work/ozone/ozone/hadoop-ozone/integration-test/target/test-dir/MiniOzoneClusterImpl-4e6105ad-12bc-4f18-9d37-351d73277e17/omNode-2/snapshot/om.db.candidate
2025-04-24 14:02:09,718 [main] INFO  ratis_snapshot.OmRatisSnapshotProvider (OmRatisSnapshotProvider.java:<init>(98)) - Initializing OM Snapshot Provider
2025-04-24 14:02:09,720 [main] WARN  dropwizard3.Dm3MetricRegistriesImpl (Dm3MetricRegistriesImpl.java:addReporterRegistration(114)) - New reporters are added after registries were created. Some metrics will be missing from the reporter. Please add reporter before adding any new registry.
2025-04-24 14:02:09,720 [main] WARN  dropwizard3.Dm3MetricRegistriesImpl (Dm3MetricRegistriesImpl.java:addReporterRegistration(114)) - New reporters are added after registries were created. Some metrics will be missing from the reporter. Please add reporter before adding any new registry.
2025-04-24 14:02:09,720 [main] WARN  server.ServerUtils (ServerUtils.java:getDefaultRatisDirectory(309)) - Storage directory for Ratis is not configured. It is a good idea to map this to an SSD disk. Falling back to ozone.metadata.dirs
2025-04-24 14:02:09,721 [main] INFO  server.RaftServerConfigKeys (ConfUtils.java:logGet(46)) - raft.server.log.appender.buffer.byte-limit = 4194304 (custom)
2025-04-24 14:02:09,722 [main] INFO  ratis.OzoneManagerRatisServer (OzoneManagerRatisServer.java:<init>(167)) - Instantiating OM Ratis server with groupID: om-service-test1 and peers: localhost:15013, localhost:15017, localhost:15009
2025-04-24 14:02:09,722 [main] INFO  ratis.OzoneManagerStateMachine (OzoneManagerStateMachine.java:loadSnapshotInfoFromDB(613)) - TransactionInfo not found in OM DB.
2025-04-24 14:02:09,723 [main] INFO  server.RaftServer (ConfUtils.java:logGet(46)) - raft.rpc.type = GRPC (default)
2025-04-24 14:02:09,723 [main] INFO  grpc.GrpcConfigKeys (ConfUtils.java:logFallback(53)) - raft.grpc.admin.host = null (fallback to raft.grpc.server.host)
2025-04-24 14:02:09,723 [main] INFO  grpc.GrpcConfigKeys (ConfUtils.java:logFallback(53)) - raft.grpc.admin.port = 15013 (fallback to raft.grpc.server.port)
2025-04-24 14:02:09,724 [main] INFO  grpc.GrpcConfigKeys (ConfUtils.java:logFallback(53)) - raft.grpc.client.host = null (fallback to raft.grpc.server.host)
2025-04-24 14:02:09,724 [main] INFO  grpc.GrpcConfigKeys (ConfUtils.java:logFallback(53)) - raft.grpc.client.port = 15013 (fallback to raft.grpc.server.port)
2025-04-24 14:02:09,724 [main] INFO  grpc.GrpcConfigKeys (ConfUtils.java:logGet(46)) - raft.grpc.server.host = null (default)
2025-04-24 14:02:09,724 [main] INFO  grpc.GrpcConfigKeys (ConfUtils.java:logGet(46)) - raft.grpc.server.port = 15013 (custom)
2025-04-24 14:02:09,724 [main] INFO  server.GrpcService (ConfUtils.java:logGet(46)) - raft.grpc.message.size.max = 5242880 (custom)
2025-04-24 14:02:09,724 [main] INFO  server.GrpcService (ConfUtils.java:logGet(46)) - raft.grpc.flow.control.window = 1MB (=1048576) (default)
2025-04-24 14:02:09,724 [main] INFO  server.RaftServerConfigKeys (ConfUtils.java:logGet(46)) - raft.server.rpc.request.timeout = 3000ms (default)
2025-04-24 14:02:09,724 [main] INFO  grpc.GrpcConfigKeys (ConfUtils.java:logGet(46)) - raft.grpc.server.heartbeat.channel = true (default)
2025-04-24 14:02:09,725 [main] INFO  server.RaftServerConfigKeys (ConfUtils.java:logGet(46)) - raft.server.log.appender.buffer.byte-limit = 4194304 (custom)
2025-04-24 14:02:09,725 [main] INFO  grpc.GrpcConfigKeys (ConfUtils.java:logGet(46)) - raft.grpc.server.async.request.thread.pool.cached = true (default)
2025-04-24 14:02:09,725 [main] INFO  grpc.GrpcConfigKeys (ConfUtils.java:logGet(46)) - raft.grpc.server.async.request.thread.pool.size = 32 (default)
2025-04-24 14:02:09,726 [main] INFO  impl.DataStreamServerImpl (ConfUtils.java:logGet(46)) - raft.datastream.type = DISABLED (default)
2025-04-24 14:02:09,726 [main] INFO  server.RaftServerConfigKeys (ConfUtils.java:logGet(46)) - raft.server.sleep.deviation.threshold = 300ms (default)
2025-04-24 14:02:09,726 [main] INFO  server.RaftServerConfigKeys (ConfUtils.java:logGet(46)) - raft.server.close.threshold = 60s (default)
2025-04-24 14:02:09,726 [main] INFO  server.RaftServerConfigKeys (ConfUtils.java:logGet(46)) - raft.server.leaderelection.leader.step-down.wait-time = 10s (default)
2025-04-24 14:02:09,727 [main] INFO  server.RaftServerConfigKeys (ConfUtils.java:logGet(46)) - raft.server.storage.dir = [/home/runner/work/ozone/ozone/hadoop-ozone/integration-test/target/test-dir/MiniOzoneClusterImpl-4e6105ad-12bc-4f18-9d37-351d73277e17/omNode-2/ratis] (custom)
2025-04-24 14:02:09,727 [main] INFO  server.RaftServerConfigKeys (ConfUtils.java:logGet(46)) - raft.server.threadpool.proxy.cached = true (default)
2025-04-24 14:02:09,727 [main] INFO  server.RaftServerConfigKeys (ConfUtils.java:logGet(46)) - raft.server.threadpool.proxy.size = 0 (default)
2025-04-24 14:02:09,728 [main] INFO  server.RaftServer (RaftServerProxy.java:addNew(100)) - omNode-2: addNew group-523986131536:[omNode-3|localhost:15017, omNode-1|localhost:15009, omNode-2|localhost:15013] returns group-523986131536:java.util.concurrent.CompletableFuture@74e17634[Not completed]
2025-04-24 14:02:09,728 [main] INFO  om.OzoneManager (OzoneManager.java:initializeRatisServer(2303)) - OzoneManager Ratis server initialized at port 15013
2025-04-24 14:02:09,728 [main] INFO  om.OzoneManager (OzoneManager.java:getRpcServer(1360)) - Creating RPC Server
2025-04-24 14:02:09,729 [omNode-2-groupManagement] INFO  server.RaftServer$Division (RaftServerImpl.java:<init>(255)) - omNode-2: new RaftServerImpl for group-523986131536:[omNode-3|localhost:15017, omNode-1|localhost:15009, omNode-2|localhost:15013] with OzoneManagerStateMachine:uninitialized
2025-04-24 14:02:09,730 [omNode-2-groupManagement] INFO  server.RaftServerConfigKeys (ConfUtils.java:logGet(46)) - raft.server.rpc.timeout.min = 1s (custom)
2025-04-24 14:02:09,730 [omNode-2-groupManagement] INFO  server.RaftServerConfigKeys (ConfUtils.java:logGet(46)) - raft.server.rpc.timeout.max = 1200ms (custom)
2025-04-24 14:02:09,730 [omNode-2-groupManagement] INFO  server.RaftServerConfigKeys (ConfUtils.java:logGet(46)) - raft.server.rpc.sleep.time = 25ms (default)
2025-04-24 14:02:09,730 [omNode-2-groupManagement] INFO  server.RaftServerConfigKeys (ConfUtils.java:logGet(46)) - raft.server.rpc.slowness.timeout = 2s (custom)
2025-04-24 14:02:09,730 [omNode-2-groupManagement] INFO  server.RaftServerConfigKeys (ConfUtils.java:logGet(46)) - raft.server.leaderelection.leader.step-down.wait-time = 10s (default)
2025-04-24 14:02:09,730 [omNode-2-groupManagement] INFO  server.RaftServerConfigKeys (ConfUtils.java:logGet(46)) - raft.server.leaderelection.member.majority-add = false (default)
2025-04-24 14:02:09,730 [omNode-2-groupManagement] INFO  server.RaftServerConfigKeys (ConfUtils.java:logGet(46)) - raft.server.sleep.deviation.threshold = 300ms (default)
2025-04-24 14:02:09,730 [omNode-2-groupManagement] INFO  server.RaftServer$Division (ServerState.java:<init>(114)) - omNode-2@group-523986131536: ConfigurationManager, init=conf: {index: -1, cur=peers:[omNode-3|localhost:15017, omNode-1|localhost:15009, omNode-2|localhost:15013]|listeners:[], old=null}, confs=<EMPTY_MAP>
2025-04-24 14:02:09,730 [omNode-2-groupManagement] INFO  server.RaftServerConfigKeys (ConfUtils.java:logGet(46)) - raft.server.notification.no-leader.timeout = 2s (custom)
2025-04-24 14:02:09,730 [omNode-2-groupManagement] INFO  server.RaftServerConfigKeys (ConfUtils.java:logGet(46)) - raft.server.read.timeout = 10s (default)
2025-04-24 14:02:09,731 [omNode-2-groupManagement] INFO  server.RaftServerConfigKeys (ConfUtils.java:logGet(46)) - raft.server.retrycache.expirytime = 30000ms (custom)
2025-04-24 14:02:09,731 [omNode-2-groupManagement] INFO  server.RaftServerConfigKeys (ConfUtils.java:logGet(46)) - raft.server.retrycache.statistics.expirytime = 100ms (default)
2025-04-24 14:02:09,731 [omNode-2-groupManagement] INFO  server.RaftServerConfigKeys (ConfUtils.java:logGet(46)) - raft.server.read.option = DEFAULT (default)
2025-04-24 14:02:09,731 [omNode-2-groupManagement] INFO  server.RaftServerConfigKeys (ConfUtils.java:logGet(46)) - raft.server.read.read-after-write-consistent.write-index-cache.expiry-time = 60s (default)
2025-04-24 14:02:09,742 [omNode-2-groupManagement] INFO  server.RaftServerConfigKeys (ConfUtils.java:logGet(46)) - raft.server.rpc.request.timeout = 3000ms (default)
2025-04-24 14:02:09,742 [omNode-2-groupManagement] INFO  server.RaftServerConfigKeys (ConfUtils.java:logGet(46)) - raft.server.log.appender.install.snapshot.enabled = false (custom)
2025-04-24 14:02:09,742 [omNode-2-groupManagement] INFO  server.RaftServerConfigKeys (ConfUtils.java:logGet(46)) - raft.server.threadpool.server.cached = true (default)
2025-04-24 14:02:09,742 [omNode-2-groupManagement] INFO  server.RaftServerConfigKeys (ConfUtils.java:logGet(46)) - raft.server.threadpool.server.size = 0 (default)
2025-04-24 14:02:09,742 [omNode-2-groupManagement] INFO  server.RaftServerConfigKeys (ConfUtils.java:logGet(46)) - raft.server.threadpool.client.cached = true (default)
2025-04-24 14:02:09,742 [omNode-2-groupManagement] INFO  server.RaftServerConfigKeys (ConfUtils.java:logGet(46)) - raft.server.threadpool.client.size = 0 (default)
2025-04-24 14:02:10,146 [main] INFO  reflections.Reflections (Reflections.java:scan(219)) - Reflections took 417 ms to scan 22 urls, producing 61 keys and 7423 values
2025-04-24 14:02:10,149 [main] INFO  ipc.CallQueueManager (CallQueueManager.java:<init>(93)) - Using callQueue: class java.util.concurrent.LinkedBlockingQueue, queueCapacity: 2000, scheduler: class org.apache.hadoop.ipc.DefaultRpcScheduler, ipcBackoff: false, ipcFailOver: false.
2025-04-24 14:02:10,150 [main] INFO  ipc.Server (Server.java:<init>(1438)) - Listener at 127.0.0.1:15010
2025-04-24 14:02:10,150 [Socket Reader #1 for port 15010] INFO  ipc.Server (Server.java:run(1474)) - Starting Socket Reader #1 for port 15010
2025-04-24 14:02:10,151 [Socket Reader #2 for port 15010] INFO  ipc.Server (Server.java:run(1474)) - Starting Socket Reader #2 for port 15010
2025-04-24 14:02:10,151 [Socket Reader #4 for port 15010] INFO  ipc.Server (Server.java:run(1474)) - Starting Socket Reader #4 for port 15010
2025-04-24 14:02:10,151 [Socket Reader #5 for port 15010] INFO  ipc.Server (Server.java:run(1474)) - Starting Socket Reader #5 for port 15010
2025-04-24 14:02:10,151 [Socket Reader #3 for port 15010] INFO  ipc.Server (Server.java:run(1474)) - Starting Socket Reader #3 for port 15010
2025-04-24 14:02:10,151 [Socket Reader #6 for port 15010] INFO  ipc.Server (Server.java:run(1474)) - Starting Socket Reader #6 for port 15010
2025-04-24 14:02:10,152 [Socket Reader #7 for port 15010] INFO  ipc.Server (Server.java:run(1474)) - Starting Socket Reader #7 for port 15010
2025-04-24 14:02:10,152 [Socket Reader #8 for port 15010] INFO  ipc.Server (Server.java:run(1474)) - Starting Socket Reader #8 for port 15010
2025-04-24 14:02:10,152 [Socket Reader #9 for port 15010] INFO  ipc.Server (Server.java:run(1474)) - Starting Socket Reader #9 for port 15010
2025-04-24 14:02:10,152 [Socket Reader #10 for port 15010] INFO  ipc.Server (Server.java:run(1474)) - Starting Socket Reader #10 for port 15010
2025-04-24 14:02:10,174 [main] INFO  impl.MetricsSystemImpl (MetricsSystemImpl.java:init(158)) - OzoneManager metrics system started (again)
2025-04-24 14:02:10,184 [main] INFO  om.OzoneManager (OzoneManager.java:start(1787)) - OzoneManager RPC server is listening at localhost/127.0.0.1:15010
2025-04-24 14:02:10,185 [main] INFO  ratis.OzoneManagerRatisServer (OzoneManagerRatisServer.java:start(628)) - Starting OzoneManagerRatisServer omNode-2 at port 15013
2025-04-24 14:02:10,185 [omNode-2-impl-thread1] INFO  server.RaftServerConfigKeys (ConfUtils.java:logGet(46)) - raft.server.storage.free-space.min = 0MB (=0) (default)
2025-04-24 14:02:10,185 [omNode-2-impl-thread1] INFO  server.RaftServerConfigKeys (ConfUtils.java:logGet(46)) - raft.server.log.corruption.policy = EXCEPTION (default)
2025-04-24 14:02:10,186 [omNode-2-impl-thread1] INFO  server.RaftServerConfigKeys (ConfUtils.java:logGet(46)) - raft.server.storage.dir = [/home/runner/work/ozone/ozone/hadoop-ozone/integration-test/target/test-dir/MiniOzoneClusterImpl-4e6105ad-12bc-4f18-9d37-351d73277e17/omNode-2/ratis] (custom)
2025-04-24 14:02:10,186 [omNode-2-impl-thread1] INFO  storage.RaftStorageDirectory (RaftStorageDirectoryImpl.java:analyzeStorage(138)) - The storage directory /home/runner/work/ozone/ozone/hadoop-ozone/integration-test/target/test-dir/MiniOzoneClusterImpl-4e6105ad-12bc-4f18-9d37-351d73277e17/omNode-2/ratis/c9bc4cf4-3bc3-3c60-a66b-523986131536 does not exist. Creating ...
2025-04-24 14:02:10,187 [omNode-2-impl-thread1] INFO  storage.RaftStorageDirectory (RaftStorageDirectoryImpl.java:tryLock(229)) - Lock on /home/runner/work/ozone/ozone/hadoop-ozone/integration-test/target/test-dir/MiniOzoneClusterImpl-4e6105ad-12bc-4f18-9d37-351d73277e17/omNode-2/ratis/c9bc4cf4-3bc3-3c60-a66b-523986131536/in_use.lock acquired by nodename 129728@fv-az2210-761
2025-04-24 14:02:10,188 [omNode-2-impl-thread1] INFO  storage.RaftStorage (RaftStorageImpl.java:format(98)) - Storage directory /home/runner/work/ozone/ozone/hadoop-ozone/integration-test/target/test-dir/MiniOzoneClusterImpl-4e6105ad-12bc-4f18-9d37-351d73277e17/omNode-2/ratis/c9bc4cf4-3bc3-3c60-a66b-523986131536 has been successfully formatted.
2025-04-24 14:02:10,189 [omNode-2-impl-thread1] INFO  ratis.OzoneManagerStateMachine (OzoneManagerStateMachine.java:lambda$0(138)) - omNode-2: initialize group-523986131536 with (t:0, i:~)
2025-04-24 14:02:10,189 [omNode-2-impl-thread1] INFO  server.RaftServerConfigKeys (ConfUtils.java:logGet(46)) - raft.server.log.use.memory = false (default)
2025-04-24 14:02:10,189 [omNode-2-impl-thread1] INFO  server.RaftServerConfigKeys (ConfUtils.java:logGet(46)) - raft.server.log.purge.gap = 50 (custom)
2025-04-24 14:02:10,189 [omNode-2-impl-thread1] INFO  server.RaftServerConfigKeys (ConfUtils.java:logGet(46)) - raft.server.log.appender.buffer.byte-limit = 4194304 (custom)
2025-04-24 14:02:10,189 [omNode-2-impl-thread1] INFO  server.RaftServerConfigKeys (ConfUtils.java:logGet(46)) - raft.server.log.statemachine.data.read.timeout = 1000ms (default)
2025-04-24 14:02:10,189 [omNode-2-impl-thread1] INFO  server.RaftServerConfigKeys (ConfUtils.java:logGet(46)) - raft.server.log.purge.preservation.log.num = 0 (default)
2025-04-24 14:02:10,192 [omNode-2-impl-thread1] INFO  server.RaftServerConfigKeys (ConfUtils.java:logGet(46)) - raft.server.log.segment.size.max = 4194304 (custom)
2025-04-24 14:02:10,192 [omNode-2-impl-thread1] INFO  server.RaftServerConfigKeys (ConfUtils.java:logGet(46)) - raft.server.log.segment.cache.num.max = 2 (custom)
2025-04-24 14:02:10,192 [omNode-2-impl-thread1] INFO  server.RaftServerConfigKeys (ConfUtils.java:logGet(46)) - raft.server.log.segment.cache.size.max = 200MB (=209715200) (default)
2025-04-24 14:02:10,192 [omNode-2-impl-thread1] INFO  server.RaftServerConfigKeys (ConfUtils.java:logGet(46)) - raft.server.log.appender.buffer.byte-limit = 4194304 (custom)
2025-04-24 14:02:10,193 [omNode-2-impl-thread1] INFO  util.AwaitToRun (AwaitToRun.java:start(81)) - Thread[#545,omNode-2@group-523986131536-cacheEviction-AwaitToRun,5,main] started
2025-04-24 14:02:10,193 [omNode-2-impl-thread1] INFO  segmented.SegmentedRaftLogWorker (SegmentedRaftLogWorker.java:<init>(188)) - new omNode-2@group-523986131536-SegmentedRaftLogWorker for RaftStorageImpl:Storage Directory /home/runner/work/ozone/ozone/hadoop-ozone/integration-test/target/test-dir/MiniOzoneClusterImpl-4e6105ad-12bc-4f18-9d37-351d73277e17/omNode-2/ratis/c9bc4cf4-3bc3-3c60-a66b-523986131536
2025-04-24 14:02:10,193 [omNode-2-impl-thread1] INFO  server.RaftServerConfigKeys (ConfUtils.java:logGet(46)) - raft.server.log.queue.byte-limit = 64MB (=67108864) (default)
2025-04-24 14:02:10,193 [omNode-2-impl-thread1] INFO  server.RaftServerConfigKeys (ConfUtils.java:logGet(46)) - raft.server.log.queue.element-limit = 4096 (default)
2025-04-24 14:02:10,193 [omNode-2-impl-thread1] INFO  server.RaftServerConfigKeys (ConfUtils.java:logGet(46)) - raft.server.log.segment.size.max = 4194304 (custom)
2025-04-24 14:02:10,193 [omNode-2-impl-thread1] INFO  server.RaftServerConfigKeys (ConfUtils.java:logGet(46)) - raft.server.log.preallocated.size = 4194304 (custom)
2025-04-24 14:02:10,193 [omNode-2-impl-thread1] INFO  server.RaftServerConfigKeys (ConfUtils.java:logGet(46)) - raft.server.log.force.sync.num = 128 (default)
2025-04-24 14:02:10,193 [omNode-2-impl-thread1] INFO  server.RaftServerConfigKeys (ConfUtils.java:logGet(46)) - raft.server.log.statemachine.data.sync = true (default)
2025-04-24 14:02:10,193 [omNode-2-impl-thread1] INFO  server.RaftServerConfigKeys (ConfUtils.java:logGet(46)) - raft.server.log.statemachine.data.sync.timeout = 10s (default)
2025-04-24 14:02:10,193 [omNode-2-impl-thread1] INFO  server.RaftServerConfigKeys (ConfUtils.java:logGet(46)) - raft.server.log.statemachine.data.sync.timeout.retry = -1 (default)
2025-04-24 14:02:10,194 [omNode-2-impl-thread1] INFO  server.RaftServerConfigKeys (ConfUtils.java:logGet(46)) - raft.server.log.write.buffer.size = 4194312 (custom)
2025-04-24 14:02:10,196 [omNode-2-impl-thread1] INFO  server.RaftServerConfigKeys (ConfUtils.java:logGet(46)) - raft.server.log.appender.buffer.byte-limit = 4194304 (custom)
2025-04-24 14:02:10,196 [omNode-2-impl-thread1] INFO  server.RaftServerConfigKeys (ConfUtils.java:logGet(46)) - raft.server.log.unsafe-flush.enabled = false (default)
2025-04-24 14:02:10,196 [omNode-2-impl-thread1] INFO  server.RaftServerConfigKeys (ConfUtils.java:logGet(46)) - raft.server.log.async-flush.enabled = false (default)
2025-04-24 14:02:10,196 [omNode-2-impl-thread1] INFO  server.RaftServerConfigKeys (ConfUtils.java:logGet(46)) - raft.server.log.statemachine.data.caching.enabled = false (default)
2025-04-24 14:02:10,196 [omNode-2-impl-thread1] INFO  segmented.SegmentedRaftLogWorker (SegmentedRaftLogWorker.java:lambda$new$0(139)) - omNode-2@group-523986131536-SegmentedRaftLogWorker: flushIndex: setUnconditionally 0 -> -1
2025-04-24 14:02:10,196 [omNode-2-impl-thread1] INFO  segmented.SegmentedRaftLogWorker (SegmentedRaftLogWorker.java:lambda$new$0(139)) - omNode-2@group-523986131536-SegmentedRaftLogWorker: safeCacheEvictIndex: setUnconditionally 0 -> -1
2025-04-24 14:02:10,197 [omNode-2-impl-thread1] INFO  server.RaftServer$Division (RaftServerImpl.java:start(391)) - omNode-2@group-523986131536: start as a follower, conf=conf: {index: -1, cur=peers:[omNode-3|localhost:15017, omNode-1|localhost:15009, omNode-2|localhost:15013]|listeners:[], old=null}
2025-04-24 14:02:10,197 [omNode-2-impl-thread1] INFO  server.RaftServer$Division (RaftServerImpl.java:setRole(378)) - omNode-2@group-523986131536: changes role from      null to FOLLOWER at term 0 for startAsFollower
2025-04-24 14:02:10,197 [omNode-2-impl-thread1] INFO  impl.RoleInfo (RoleInfo.java:updateAndGet(148)) - omNode-2: start omNode-2@group-523986131536-FollowerState
2025-04-24 14:02:10,197 [omNode-2@group-523986131536-FollowerState] INFO  server.RaftServerConfigKeys (ConfUtils.java:logFallback(53)) - raft.server.rpc.first-election.timeout.min = 1s (fallback to raft.server.rpc.timeout.min)
2025-04-24 14:02:10,197 [omNode-2@group-523986131536-FollowerState] INFO  server.RaftServerConfigKeys (ConfUtils.java:logFallback(53)) - raft.server.rpc.first-election.timeout.max = 1200ms (fallback to raft.server.rpc.timeout.max)
2025-04-24 14:02:10,197 [omNode-2-impl-thread1] INFO  util.JmxRegister (JmxRegister.java:tryRegister(44)) - Successfully registered JMX Bean with object name Ratis:service=RaftServer,group=group-523986131536,id=omNode-2
2025-04-24 14:02:10,198 [omNode-2-impl-thread1] INFO  util.JmxRegister (JmxRegister.java:register(58)) - register mxBean class org.apache.ratis.server.impl.RaftServerJmxAdapter as Ratis:service=RaftServer,group=group-523986131536,id=omNode-2
2025-04-24 14:02:10,198 [omNode-2-impl-thread1] INFO  server.RaftServerConfigKeys (ConfUtils.java:logGet(46)) - raft.server.snapshot.trigger-when-stop.enabled = true (default)
2025-04-24 14:02:10,198 [omNode-2-impl-thread1] INFO  server.RaftServerConfigKeys (ConfUtils.java:logGet(46)) - raft.server.snapshot.trigger-when-remove.enabled = true (default)
2025-04-24 14:02:10,198 [omNode-2-impl-thread1] INFO  server.RaftServerConfigKeys (ConfUtils.java:logGet(46)) - raft.server.snapshot.auto.trigger.enabled = true (custom)
2025-04-24 14:02:10,198 [omNode-2-impl-thread1] INFO  server.RaftServerConfigKeys (ConfUtils.java:logGet(46)) - raft.server.snapshot.auto.trigger.threshold = 50 (custom)
2025-04-24 14:02:10,198 [omNode-2-impl-thread1] INFO  server.RaftServerConfigKeys (ConfUtils.java:logGet(46)) - raft.server.snapshot.retention.file.num = -1 (default)
2025-04-24 14:02:10,198 [omNode-2-impl-thread1] INFO  server.RaftServerConfigKeys (ConfUtils.java:logGet(46)) - raft.server.log.purge.upto.snapshot.index = true (custom)
2025-04-24 14:02:10,199 [omNode-2-impl-thread1] INFO  server.RaftServer$Division (RaftServerImpl.java:start(405)) - omNode-2@group-523986131536: Successfully started.
2025-04-24 14:02:10,199 [main] INFO  server.RaftServer (RaftServerProxy.java:startImpl(407)) - omNode-2: start RPC server
2025-04-24 14:02:10,200 [main] INFO  server.GrpcService (GrpcService.java:startImpl(334)) - omNode-2: GrpcService started, listening on 15013
2025-04-24 14:02:10,200 [JvmPauseMonitor3] INFO  util.JvmPauseMonitor (JvmPauseMonitor.java:run(146)) - JvmPauseMonitor-omNode-2: Started
2025-04-24 14:02:10,200 [main] INFO  om.OzoneManager (OzoneManager.java:start(1802)) - Version File has different layout version (8) than OM DB (null). That is expected if this OM has never been finalized to a newer layout version.
2025-04-24 14:02:10,203 [main] INFO  client.ScmTopologyClient (ScmTopologyClient.java:start(70)) - Initial network topology fetched from SCM: /.
2025-04-24 14:02:10,204 [main] INFO  net.NodeSchemaLoader (NodeSchemaLoader.java:loadSchemaFromFile(127)) - Loading schema from [jar:file:/home/runner/work/ozone/ozone/hadoop-hdds/common/target/hdds-common-2.1.0-SNAPSHOT.jar!/network-topology-default.xml]
2025-04-24 14:02:10,204 [main] INFO  net.NodeSchemaLoader (NodeSchemaLoader.java:loadSchema(174)) - Loading network topology layer schema file
2025-04-24 14:02:10,210 [main] INFO  http.BaseHttpServer (BaseHttpServer.java:newHttpServer2BuilderForOzone(229)) - Starting Web-server for ozoneManager at: http://0.0.0.0:15011
2025-04-24 14:02:10,211 [main] INFO  http.BaseHttpServer (BaseHttpServer.java:<init>(107)) - Hadoop Security Enabled: false Ozone Security Enabled: false Ozone HTTP Security Enabled: false 
2025-04-24 14:02:10,213 [main] WARN  server.AuthenticationFilter (AuthenticationFilter.java:constructSecretProvider(240)) - Unable to initialize FileSignerSecretProvider, falling back to use random secrets. Reason: Could not read signature secret file: /home/runner/hadoop-http-auth-signature-secret
2025-04-24 14:02:10,216 [main] INFO  http.HttpServer2 (HttpServer2.java:addGlobalFilter(1041)) - Added global filter 'safety' (class=org.apache.hadoop.hdds.server.http.HttpServer2$QuotingInputFilter)
2025-04-24 14:02:10,217 [main] INFO  http.HttpServer2 (HttpServer2.java:addFilter(1017)) - Added filter static_user_filter (class=org.apache.hadoop.http.lib.StaticUserWebFilter$StaticUserFilter) to context ozoneManager
2025-04-24 14:02:10,217 [main] INFO  http.HttpServer2 (HttpServer2.java:addFilter(1025)) - Added filter static_user_filter (class=org.apache.hadoop.http.lib.StaticUserWebFilter$StaticUserFilter) to context static
2025-04-24 14:02:10,218 [main] INFO  http.HttpServer2 (HttpServer2.java:addFilter(1025)) - Added filter static_user_filter (class=org.apache.hadoop.http.lib.StaticUserWebFilter$StaticUserFilter) to context logs
2025-04-24 14:02:10,218 [main] INFO  http.BaseHttpServer (BaseHttpServer.java:<init>(195)) - HTTP server of ozoneManager uses base directory /home/runner/work/ozone/ozone/hadoop-ozone/integration-test/target/test-dir/MiniOzoneClusterImpl-4e6105ad-12bc-4f18-9d37-351d73277e17/omNode-2/webserver
2025-04-24 14:02:10,219 [main] INFO  http.HttpServer2 (HttpServer2.java:bindListener(1241)) - Jetty bound to port 15011
2025-04-24 14:02:10,219 [main] INFO  server.Server (Server.java:doStart(375)) - jetty-9.4.57.v20241219; built: 2025-01-08T21:24:30.412Z; git: df524e6b29271c2e09ba9aea83c18dc9db464a31; jvm 21.0.7+6-LTS
2025-04-24 14:02:10,220 [main] INFO  server.session (DefaultSessionIdManager.java:doStart(334)) - DefaultSessionIdManager workerName=node0
2025-04-24 14:02:10,221 [main] INFO  server.session (DefaultSessionIdManager.java:doStart(339)) - No SessionScavenger set, using defaults
2025-04-24 14:02:10,221 [main] INFO  server.session (HouseKeeper.java:startScavenging(132)) - node0 Scavenging every 600000ms
2025-04-24 14:02:10,222 [main] INFO  handler.ContextHandler (ContextHandler.java:doStart(921)) - Started o.e.j.s.ServletContextHandler@4008caaf{logs,/logs,file:///home/runner/work/ozone/ozone/hadoop-ozone/integration-test/target/log,AVAILABLE}
2025-04-24 14:02:10,222 [main] INFO  handler.ContextHandler (ContextHandler.java:doStart(921)) - Started o.e.j.s.ServletContextHandler@6cfaed{static,/static,file:///home/runner/work/ozone/ozone/hadoop-ozone/integration-test/target/test-classes/webapps/static,AVAILABLE}
2025-04-24 14:02:10,230 [main] INFO  handler.ContextHandler (ContextHandler.java:doStart(921)) - Started o.e.j.w.WebAppContext@30f2e0e0{ozoneManager,/,file:///home/runner/work/ozone/ozone/hadoop-ozone/integration-test/target/test-classes/webapps/ozoneManager/,AVAILABLE}{file:/home/runner/work/ozone/ozone/hadoop-ozone/integration-test/target/test-classes/webapps/ozoneManager}
2025-04-24 14:02:10,231 [main] INFO  server.AbstractConnector (AbstractConnector.java:doStart(333)) - Started ServerConnector@567349f5{HTTP/1.1, (http/1.1)}{0.0.0.0:15011}
2025-04-24 14:02:10,231 [main] INFO  server.Server (Server.java:doStart(415)) - Started @11563ms
2025-04-24 14:02:10,231 [main] WARN  impl.MetricsSystemImpl (MetricsSystemImpl.java:register(279)) - Sink prometheus already exists!
2025-04-24 14:02:10,231 [main] INFO  http.BaseHttpServer (BaseHttpServer.java:updateConnectorAddress(360)) - HTTP server of ozoneManager listening at http://0.0.0.0:15011
2025-04-24 14:02:10,231 [IPC Server Responder] INFO  ipc.Server (Server.java:run(1713)) - IPC Server Responder: starting
2025-04-24 14:02:10,232 [IPC Server listener on 15010] INFO  ipc.Server (Server.java:run(1553)) - IPC Server listener on 15010: starting
2025-04-24 14:02:10,234 [main] INFO  om.OzoneManager (OzoneManager.java:startTrashEmptier(2257)) - Trash Interval set to 0. Files deleted won't move to trash
2025-04-24 14:02:10,234 [main] INFO  ozone.MiniOzoneHAClusterImpl (MiniOzoneHAClusterImpl.java:createOMService(516)) - Started OzoneManager omNode-2 RPC server at localhost/127.0.0.1:15010
2025-04-24 14:02:10,235 [main] INFO  ha.OMHANodeDetails (OMHANodeDetails.java:loadOMHAConfig(120)) - ServiceID for OzoneManager is om-service-test1
2025-04-24 14:02:10,235 [main] INFO  ha.OMHANodeDetails (OMHANodeDetails.java:loadOMHAConfig(200)) - Found matching OM address with OMServiceId: om-service-test1, OMNodeId: omNode-3, RPC Address: localhost:15014 and Ratis port: 15017
2025-04-24 14:02:10,235 [main] INFO  ha.OMHANodeDetails (ConfUtils.java:setNodeSpecificConfigs(98)) - Setting configuration key ozone.om.http-address with value of key ozone.om.http-address.om-service-test1.omNode-3: 127.0.0.1:15015
2025-04-24 14:02:10,236 [main] INFO  ha.OMHANodeDetails (ConfUtils.java:setNodeSpecificConfigs(98)) - Setting configuration key ozone.om.https-address with value of key ozone.om.https-address.om-service-test1.omNode-3: 127.0.0.1:15016
2025-04-24 14:02:10,236 [main] INFO  ha.OMHANodeDetails (ConfUtils.java:setNodeSpecificConfigs(98)) - Setting configuration key ozone.om.address with value of key ozone.om.address.om-service-test1.omNode-3: 127.0.0.1:15014
2025-04-24 14:02:10,236 [main] WARN  server.ServerUtils (ServerUtils.java:getDBPath(297)) - ozone.om.db.dirs is not configured. We recommend adding this setting. Falling back to ozone.metadata.dirs instead.
2025-04-24 14:02:10,237 [main] INFO  proxy.SCMBlockLocationFailoverProxyProvider (SCMFailoverProxyProviderBase.java:<init>(120)) - Created fail-over proxy for protocol ScmBlockLocationProtocolPB with 1 nodes: [nodeId=scmNodeId,nodeAddress=/0.0.0.0:15001]
OM initialization succeeded.Current cluster id for sd=/home/runner/work/ozone/ozone/hadoop-ozone/integration-test/target/test-dir/MiniOzoneClusterImpl-4e6105ad-12bc-4f18-9d37-351d73277e17/omNode-3/om;cid=4e6105ad-12bc-4f18-9d37-351d73277e17;layoutVersion=8
2025-04-24 14:02:10,242 [main] INFO  ha.OMHANodeDetails (OMHANodeDetails.java:loadOMHAConfig(120)) - ServiceID for OzoneManager is om-service-test1
2025-04-24 14:02:10,243 [main] INFO  ha.OMHANodeDetails (OMHANodeDetails.java:loadOMHAConfig(200)) - Found matching OM address with OMServiceId: om-service-test1, OMNodeId: omNode-3, RPC Address: localhost:15014 and Ratis port: 15017
2025-04-24 14:02:10,243 [main] INFO  ha.OMHANodeDetails (ConfUtils.java:setNodeSpecificConfigs(98)) - Setting configuration key ozone.om.http-address with value of key ozone.om.http-address.om-service-test1.omNode-3: 127.0.0.1:15015
2025-04-24 14:02:10,243 [main] INFO  ha.OMHANodeDetails (ConfUtils.java:setNodeSpecificConfigs(98)) - Setting configuration key ozone.om.https-address with value of key ozone.om.https-address.om-service-test1.omNode-3: 127.0.0.1:15016
2025-04-24 14:02:10,243 [main] INFO  ha.OMHANodeDetails (ConfUtils.java:setNodeSpecificConfigs(98)) - Setting configuration key ozone.om.address with value of key ozone.om.address.om-service-test1.omNode-3: 127.0.0.1:15014
2025-04-24 14:02:10,243 [main] WARN  server.ServerUtils (ServerUtils.java:getDBPath(297)) - ozone.om.db.dirs is not configured. We recommend adding this setting. Falling back to ozone.metadata.dirs instead.
2025-04-24 14:02:10,245 [main] INFO  upgrade.AbstractLayoutVersionManager (AbstractLayoutVersionManager.java:init(80)) - Initializing Layout version manager with metadata layout = DELEGATION_TOKEN_SYMMETRIC_SIGN (version = 8), software layout = DELEGATION_TOKEN_SYMMETRIC_SIGN (version = 8)
2025-04-24 14:02:10,321 [main] INFO  reflections.Reflections (Reflections.java:scan(219)) - Reflections took 76 ms to scan 2 urls, producing 203 keys and 603 values
2025-04-24 14:02:10,322 [main] INFO  upgrade.OMLayoutVersionManager (OMLayoutVersionManager.java:lambda$0(110)) - Skipping Upgrade Action QuotaRepairUpgradeAction since it has been finalized.
2025-04-24 14:02:10,322 [main] INFO  upgrade.OMLayoutVersionManager (OMLayoutVersionManager.java:lambda$0(110)) - Skipping Upgrade Action MockOmUpgradeAction since it has been finalized.
2025-04-24 14:02:10,323 [main] WARN  server.ServerUtils (ServerUtils.java:getDBPath(297)) - ozone.om.db.dirs is not configured. We recommend adding this setting. Falling back to ozone.metadata.dirs instead.
2025-04-24 14:02:10,324 [main] INFO  om.OzoneManager (OzoneManager.java:setReplicationFromConfig(4612)) - Set default replication in OM: RATIS/3 -> RATIS/THREE
2025-04-24 14:02:10,325 [main] INFO  proxy.SCMContainerLocationFailoverProxyProvider (SCMFailoverProxyProviderBase.java:<init>(120)) - Created fail-over proxy for protocol StorageContainerLocationProtocolPB with 1 nodes: [nodeId=scmNodeId,nodeAddress=/0.0.0.0:15000]
2025-04-24 14:02:10,325 [main] INFO  proxy.SCMBlockLocationFailoverProxyProvider (SCMFailoverProxyProviderBase.java:<init>(120)) - Created fail-over proxy for protocol ScmBlockLocationProtocolPB with 1 nodes: [nodeId=scmNodeId,nodeAddress=/0.0.0.0:15001]
2025-04-24 14:02:10,327 [main] INFO  proxy.SCMBlockLocationFailoverProxyProvider (SCMFailoverProxyProviderBase.java:<init>(120)) - Created fail-over proxy for protocol ScmBlockLocationProtocolPB with 1 nodes: [nodeId=scmNodeId,nodeAddress=/0.0.0.0:15001]
2025-04-24 14:02:10,333 [main] INFO  om.OzoneManager (OzoneManager.java:<init>(689)) - OM start with adminUsers: [*, runner]
2025-04-24 14:02:10,334 [main] WARN  server.ServerUtils (ServerUtils.java:getDBPath(297)) - ozone.om.db.dirs is not configured. We recommend adding this setting. Falling back to ozone.metadata.dirs instead.
2025-04-24 14:02:10,470 [main] INFO  om.OzoneManager (OzoneManager.java:instantiateServices(933)) - S3 Multi-Tenancy is disabled
2025-04-24 14:02:10,471 [main] INFO  om.OmSnapshotManager (OmSnapshotManager.java:<init>(180)) - Ozone filesystem snapshot feature is enabled.
2025-04-24 14:02:10,471 [main] WARN  server.ServerUtils (ServerUtils.java:getDBPath(297)) - ozone.om.snapshot.diff.db.dir is not configured. We recommend adding this setting. Falling back to ozone.metadata.dirs instead.
2025-04-24 14:02:10,488 [main] INFO  om.OzoneManager (OzoneManager.java:addS3GVolumeToDB(4670)) - Created Volume s3v With Owner runner required for S3Gateway operations.
2025-04-24 14:02:10,488 [main] WARN  server.ServerUtils (ServerUtils.java:getDefaultRatisDirectory(309)) - Storage directory for Ratis is not configured. It is a good idea to map this to an SSD disk. Falling back to ozone.metadata.dirs
2025-04-24 14:02:10,489 [main] WARN  utils.OzoneManagerRatisUtils (OzoneManagerRatisUtils.java:getOMRatisSnapshotDirectory(488)) - ozone.om.ratis.snapshot.dir is not configured. Falling back to ozone.metadata.dirs config
2025-04-24 14:02:10,489 [main] INFO  utils.RDBSnapshotProvider (RDBSnapshotProvider.java:init(85)) - Cleaning up the candidate dir: /home/runner/work/ozone/ozone/hadoop-ozone/integration-test/target/test-dir/MiniOzoneClusterImpl-4e6105ad-12bc-4f18-9d37-351d73277e17/omNode-3/snapshot/om.db.candidate
2025-04-24 14:02:10,489 [main] INFO  ratis_snapshot.OmRatisSnapshotProvider (OmRatisSnapshotProvider.java:<init>(98)) - Initializing OM Snapshot Provider
2025-04-24 14:02:10,491 [main] WARN  dropwizard3.Dm3MetricRegistriesImpl (Dm3MetricRegistriesImpl.java:addReporterRegistration(114)) - New reporters are added after registries were created. Some metrics will be missing from the reporter. Please add reporter before adding any new registry.
2025-04-24 14:02:10,491 [main] WARN  dropwizard3.Dm3MetricRegistriesImpl (Dm3MetricRegistriesImpl.java:addReporterRegistration(114)) - New reporters are added after registries were created. Some metrics will be missing from the reporter. Please add reporter before adding any new registry.
2025-04-24 14:02:10,491 [main] WARN  server.ServerUtils (ServerUtils.java:getDefaultRatisDirectory(309)) - Storage directory for Ratis is not configured. It is a good idea to map this to an SSD disk. Falling back to ozone.metadata.dirs
2025-04-24 14:02:10,491 [main] INFO  server.RaftServerConfigKeys (ConfUtils.java:logGet(46)) - raft.server.log.appender.buffer.byte-limit = 4194304 (custom)
2025-04-24 14:02:10,493 [main] INFO  ratis.OzoneManagerRatisServer (OzoneManagerRatisServer.java:<init>(167)) - Instantiating OM Ratis server with groupID: om-service-test1 and peers: localhost:15017, localhost:15009, localhost:15013
2025-04-24 14:02:10,494 [main] INFO  ratis.OzoneManagerStateMachine (OzoneManagerStateMachine.java:loadSnapshotInfoFromDB(613)) - TransactionInfo not found in OM DB.
2025-04-24 14:02:10,494 [main] INFO  server.RaftServer (ConfUtils.java:logGet(46)) - raft.rpc.type = GRPC (default)
2025-04-24 14:02:10,494 [main] INFO  grpc.GrpcConfigKeys (ConfUtils.java:logFallback(53)) - raft.grpc.admin.host = null (fallback to raft.grpc.server.host)
2025-04-24 14:02:10,495 [main] INFO  grpc.GrpcConfigKeys (ConfUtils.java:logFallback(53)) - raft.grpc.admin.port = 15017 (fallback to raft.grpc.server.port)
2025-04-24 14:02:10,495 [main] INFO  grpc.GrpcConfigKeys (ConfUtils.java:logFallback(53)) - raft.grpc.client.host = null (fallback to raft.grpc.server.host)
2025-04-24 14:02:10,495 [main] INFO  grpc.GrpcConfigKeys (ConfUtils.java:logFallback(53)) - raft.grpc.client.port = 15017 (fallback to raft.grpc.server.port)
2025-04-24 14:02:10,495 [main] INFO  grpc.GrpcConfigKeys (ConfUtils.java:logGet(46)) - raft.grpc.server.host = null (default)
2025-04-24 14:02:10,495 [main] INFO  grpc.GrpcConfigKeys (ConfUtils.java:logGet(46)) - raft.grpc.server.port = 15017 (custom)
2025-04-24 14:02:10,495 [main] INFO  server.GrpcService (ConfUtils.java:logGet(46)) - raft.grpc.message.size.max = 5242880 (custom)
2025-04-24 14:02:10,495 [main] INFO  server.GrpcService (ConfUtils.java:logGet(46)) - raft.grpc.flow.control.window = 1MB (=1048576) (default)
2025-04-24 14:02:10,495 [main] INFO  server.RaftServerConfigKeys (ConfUtils.java:logGet(46)) - raft.server.rpc.request.timeout = 3000ms (default)
2025-04-24 14:02:10,496 [main] INFO  grpc.GrpcConfigKeys (ConfUtils.java:logGet(46)) - raft.grpc.server.heartbeat.channel = true (default)
2025-04-24 14:02:10,496 [main] INFO  server.RaftServerConfigKeys (ConfUtils.java:logGet(46)) - raft.server.log.appender.buffer.byte-limit = 4194304 (custom)
2025-04-24 14:02:10,496 [main] INFO  grpc.GrpcConfigKeys (ConfUtils.java:logGet(46)) - raft.grpc.server.async.request.thread.pool.cached = true (default)
2025-04-24 14:02:10,496 [main] INFO  grpc.GrpcConfigKeys (ConfUtils.java:logGet(46)) - raft.grpc.server.async.request.thread.pool.size = 32 (default)
2025-04-24 14:02:10,497 [main] INFO  impl.DataStreamServerImpl (ConfUtils.java:logGet(46)) - raft.datastream.type = DISABLED (default)
2025-04-24 14:02:10,497 [main] INFO  server.RaftServerConfigKeys (ConfUtils.java:logGet(46)) - raft.server.sleep.deviation.threshold = 300ms (default)
2025-04-24 14:02:10,497 [main] INFO  server.RaftServerConfigKeys (ConfUtils.java:logGet(46)) - raft.server.close.threshold = 60s (default)
2025-04-24 14:02:10,497 [main] INFO  server.RaftServerConfigKeys (ConfUtils.java:logGet(46)) - raft.server.leaderelection.leader.step-down.wait-time = 10s (default)
2025-04-24 14:02:10,497 [main] INFO  server.RaftServerConfigKeys (ConfUtils.java:logGet(46)) - raft.server.storage.dir = [/home/runner/work/ozone/ozone/hadoop-ozone/integration-test/target/test-dir/MiniOzoneClusterImpl-4e6105ad-12bc-4f18-9d37-351d73277e17/omNode-3/ratis] (custom)
2025-04-24 14:02:10,497 [main] INFO  server.RaftServerConfigKeys (ConfUtils.java:logGet(46)) - raft.server.threadpool.proxy.cached = true (default)
2025-04-24 14:02:10,498 [main] INFO  server.RaftServerConfigKeys (ConfUtils.java:logGet(46)) - raft.server.threadpool.proxy.size = 0 (default)
2025-04-24 14:02:10,498 [main] INFO  server.RaftServer (RaftServerProxy.java:addNew(100)) - omNode-3: addNew group-523986131536:[omNode-3|localhost:15017, omNode-1|localhost:15009, omNode-2|localhost:15013] returns group-523986131536:java.util.concurrent.CompletableFuture@53e62429[Not completed]
2025-04-24 14:02:10,498 [main] INFO  om.OzoneManager (OzoneManager.java:initializeRatisServer(2303)) - OzoneManager Ratis server initialized at port 15017
2025-04-24 14:02:10,499 [main] INFO  om.OzoneManager (OzoneManager.java:getRpcServer(1360)) - Creating RPC Server
2025-04-24 14:02:10,498 [omNode-3-groupManagement] INFO  server.RaftServer$Division (RaftServerImpl.java:<init>(255)) - omNode-3: new RaftServerImpl for group-523986131536:[omNode-3|localhost:15017, omNode-1|localhost:15009, omNode-2|localhost:15013] with OzoneManagerStateMachine:uninitialized
2025-04-24 14:02:10,499 [omNode-3-groupManagement] INFO  server.RaftServerConfigKeys (ConfUtils.java:logGet(46)) - raft.server.rpc.timeout.min = 1s (custom)
2025-04-24 14:02:10,499 [omNode-3-groupManagement] INFO  server.RaftServerConfigKeys (ConfUtils.java:logGet(46)) - raft.server.rpc.timeout.max = 1200ms (custom)
2025-04-24 14:02:10,499 [omNode-3-groupManagement] INFO  server.RaftServerConfigKeys (ConfUtils.java:logGet(46)) - raft.server.rpc.sleep.time = 25ms (default)
2025-04-24 14:02:10,499 [omNode-3-groupManagement] INFO  server.RaftServerConfigKeys (ConfUtils.java:logGet(46)) - raft.server.rpc.slowness.timeout = 2s (custom)
2025-04-24 14:02:10,499 [omNode-3-groupManagement] INFO  server.RaftServerConfigKeys (ConfUtils.java:logGet(46)) - raft.server.leaderelection.leader.step-down.wait-time = 10s (default)
2025-04-24 14:02:10,499 [omNode-3-groupManagement] INFO  server.RaftServerConfigKeys (ConfUtils.java:logGet(46)) - raft.server.leaderelection.member.majority-add = false (default)
2025-04-24 14:02:10,499 [omNode-3-groupManagement] INFO  server.RaftServerConfigKeys (ConfUtils.java:logGet(46)) - raft.server.sleep.deviation.threshold = 300ms (default)
2025-04-24 14:02:10,499 [omNode-3-groupManagement] INFO  server.RaftServer$Division (ServerState.java:<init>(114)) - omNode-3@group-523986131536: ConfigurationManager, init=conf: {index: -1, cur=peers:[omNode-3|localhost:15017, omNode-1|localhost:15009, omNode-2|localhost:15013]|listeners:[], old=null}, confs=<EMPTY_MAP>
2025-04-24 14:02:10,500 [omNode-3-groupManagement] INFO  server.RaftServerConfigKeys (ConfUtils.java:logGet(46)) - raft.server.notification.no-leader.timeout = 2s (custom)
2025-04-24 14:02:10,500 [omNode-3-groupManagement] INFO  server.RaftServerConfigKeys (ConfUtils.java:logGet(46)) - raft.server.read.timeout = 10s (default)
2025-04-24 14:02:10,500 [omNode-3-groupManagement] INFO  server.RaftServerConfigKeys (ConfUtils.java:logGet(46)) - raft.server.retrycache.expirytime = 30000ms (custom)
2025-04-24 14:02:10,500 [omNode-3-groupManagement] INFO  server.RaftServerConfigKeys (ConfUtils.java:logGet(46)) - raft.server.retrycache.statistics.expirytime = 100ms (default)
2025-04-24 14:02:10,500 [omNode-3-groupManagement] INFO  server.RaftServerConfigKeys (ConfUtils.java:logGet(46)) - raft.server.read.option = DEFAULT (default)
2025-04-24 14:02:10,500 [omNode-3-groupManagement] INFO  server.RaftServerConfigKeys (ConfUtils.java:logGet(46)) - raft.server.read.read-after-write-consistent.write-index-cache.expiry-time = 60s (default)
2025-04-24 14:02:10,512 [omNode-3-groupManagement] INFO  server.RaftServerConfigKeys (ConfUtils.java:logGet(46)) - raft.server.rpc.request.timeout = 3000ms (default)
2025-04-24 14:02:10,512 [omNode-3-groupManagement] INFO  server.RaftServerConfigKeys (ConfUtils.java:logGet(46)) - raft.server.log.appender.install.snapshot.enabled = false (custom)
2025-04-24 14:02:10,512 [omNode-3-groupManagement] INFO  server.RaftServerConfigKeys (ConfUtils.java:logGet(46)) - raft.server.threadpool.server.cached = true (default)
2025-04-24 14:02:10,513 [omNode-3-groupManagement] INFO  server.RaftServerConfigKeys (ConfUtils.java:logGet(46)) - raft.server.threadpool.server.size = 0 (default)
2025-04-24 14:02:10,513 [omNode-3-groupManagement] INFO  server.RaftServerConfigKeys (ConfUtils.java:logGet(46)) - raft.server.threadpool.client.cached = true (default)
2025-04-24 14:02:10,513 [omNode-3-groupManagement] INFO  server.RaftServerConfigKeys (ConfUtils.java:logGet(46)) - raft.server.threadpool.client.size = 0 (default)
2025-04-24 14:02:10,551 [omNode-1@group-523986131536-FollowerState] INFO  impl.FollowerState (FollowerState.java:runImpl(161)) - omNode-1@group-523986131536-FollowerState: change to CANDIDATE, lastRpcElapsedTime:1177868708ns, electionTimeout:1174ms
2025-04-24 14:02:10,551 [omNode-1@group-523986131536-FollowerState] INFO  impl.RoleInfo (RoleInfo.java:shutdownFollowerState(121)) - omNode-1: shutdown omNode-1@group-523986131536-FollowerState
2025-04-24 14:02:10,551 [omNode-1@group-523986131536-FollowerState] INFO  server.RaftServer$Division (RaftServerImpl.java:setRole(378)) - omNode-1@group-523986131536: changes role from  FOLLOWER to CANDIDATE at term 0 for changeToCandidate
2025-04-24 14:02:10,554 [omNode-1@group-523986131536-FollowerState] INFO  server.RaftServerConfigKeys (ConfUtils.java:logGet(46)) - raft.server.leaderelection.pre-vote = true (default)
2025-04-24 14:02:10,557 [omNode-1@group-523986131536-FollowerState] INFO  impl.RoleInfo (RoleInfo.java:updateAndGet(148)) - omNode-1: start omNode-1@group-523986131536-LeaderElection3
2025-04-24 14:02:10,558 [omNode-1@group-523986131536-LeaderElection3] INFO  impl.LeaderElection (LeaderElection.java:askForVotes(332)) - omNode-1@group-523986131536-LeaderElection3 PRE_VOTE round 0: submit vote requests at term 0 for conf: {index: -1, cur=peers:[omNode-3|localhost:15017, omNode-1|localhost:15009, omNode-2|localhost:15013]|listeners:[], old=null}
2025-04-24 14:02:10,596 [omNode-1@group-523986131536-LeaderElection3-1] INFO  server.GrpcServerProtocolClient (GrpcServerProtocolClient.java:<init>(65)) - Build channel for omNode-3|localhost:15017
2025-04-24 14:02:10,598 [omNode-1@group-523986131536-LeaderElection3-2] INFO  server.GrpcServerProtocolClient (GrpcServerProtocolClient.java:<init>(65)) - Build channel for omNode-2|localhost:15013
2025-04-24 14:02:10,599 [omNode-1@group-523986131536-LeaderElection3] INFO  server.RaftServerConfigKeys (ConfUtils.java:logFallback(53)) - raft.server.rpc.first-election.timeout.min = 1s (fallback to raft.server.rpc.timeout.min)
2025-04-24 14:02:10,599 [omNode-1@group-523986131536-LeaderElection3] INFO  server.RaftServerConfigKeys (ConfUtils.java:logFallback(53)) - raft.server.rpc.first-election.timeout.max = 1200ms (fallback to raft.server.rpc.timeout.max)
2025-04-24 14:02:10,823 [omNode-1@group-523986131536-LeaderElection3] INFO  impl.LeaderElection (LogUtils.java:infoOrTrace(136)) - omNode-1@group-523986131536-LeaderElection3 got exception when requesting votes: java.util.concurrent.ExecutionException: org.apache.ratis.thirdparty.io.grpc.StatusRuntimeException: UNAVAILABLE: io exception
2025-04-24 14:02:10,870 [grpc-default-executor-1] INFO  server.RaftServer$Division (RaftServerImpl.java:requestVote(1407)) - omNode-2@group-523986131536: receive requestVote(PRE_VOTE, omNode-1, group-523986131536, 0, (t:0, i:~))
2025-04-24 14:02:10,871 [grpc-default-executor-1] INFO  impl.VoteContext (VoteContext.java:log(49)) - omNode-2@group-523986131536-FOLLOWER: accept PRE_VOTE from omNode-1: our priority 0 <= candidate's priority 0
2025-04-24 14:02:10,877 [grpc-default-executor-1] INFO  server.RaftServer$Division (RaftServerImpl.java:requestVote(1441)) - omNode-2@group-523986131536 replies to PRE_VOTE vote request: omNode-1<-omNode-2#0:OK-t0. Peer's state: omNode-2@group-523986131536:t0, leader=null, voted=, raftlog=Memoized:omNode-2@group-523986131536-SegmentedRaftLog:OPENED:c-1:lastnull, conf=conf: {index: -1, cur=peers:[omNode-3|localhost:15017, omNode-1|localhost:15009, omNode-2|localhost:15013]|listeners:[], old=null}
2025-04-24 14:02:10,882 [omNode-1@group-523986131536-LeaderElection3] INFO  impl.LeaderElection (LeaderElection.java:logAndReturn(90)) - omNode-1@group-523986131536-LeaderElection3: PRE_VOTE PASSED received 1 response(s) and 1 exception(s):
2025-04-24 14:02:10,882 [omNode-1@group-523986131536-LeaderElection3] INFO  impl.LeaderElection (LeaderElection.java:logAndReturn(94)) -   Response 0: omNode-1<-omNode-2#0:OK-t0
2025-04-24 14:02:10,882 [omNode-1@group-523986131536-LeaderElection3] INFO  impl.LeaderElection (LogUtils.java:infoOrTrace(136)) -   Exception 1: java.util.concurrent.ExecutionException: org.apache.ratis.thirdparty.io.grpc.StatusRuntimeException: UNAVAILABLE: io exception
2025-04-24 14:02:10,883 [omNode-1@group-523986131536-LeaderElection3] INFO  impl.LeaderElection (LeaderElection.java:askForVotes(334)) - omNode-1@group-523986131536-LeaderElection3 PRE_VOTE round 0: result PASSED
2025-04-24 14:02:10,884 [omNode-1@group-523986131536-LeaderElection3] INFO  impl.LeaderElection (LeaderElection.java:askForVotes(332)) - omNode-1@group-523986131536-LeaderElection3 ELECTION round 0: submit vote requests at term 1 for conf: {index: -1, cur=peers:[omNode-3|localhost:15017, omNode-1|localhost:15009, omNode-2|localhost:15013]|listeners:[], old=null}
2025-04-24 14:02:10,885 [omNode-1@group-523986131536-LeaderElection3] INFO  server.RaftServerConfigKeys (ConfUtils.java:logFallback(53)) - raft.server.rpc.first-election.timeout.min = 1s (fallback to raft.server.rpc.timeout.min)
2025-04-24 14:02:10,885 [omNode-1@group-523986131536-LeaderElection3] INFO  server.RaftServerConfigKeys (ConfUtils.java:logFallback(53)) - raft.server.rpc.first-election.timeout.max = 1200ms (fallback to raft.server.rpc.timeout.max)
2025-04-24 14:02:10,885 [omNode-1@group-523986131536-LeaderElection3] INFO  impl.LeaderElection (LogUtils.java:infoOrTrace(136)) - omNode-1@group-523986131536-LeaderElection3 got exception when requesting votes: java.util.concurrent.ExecutionException: org.apache.ratis.thirdparty.io.grpc.StatusRuntimeException: UNAVAILABLE: io exception
2025-04-24 14:02:10,889 [grpc-default-executor-1] INFO  server.RaftServer$Division (RaftServerImpl.java:requestVote(1407)) - omNode-2@group-523986131536: receive requestVote(ELECTION, omNode-1, group-523986131536, 1, (t:0, i:~))
2025-04-24 14:02:10,890 [grpc-default-executor-1] INFO  impl.VoteContext (VoteContext.java:log(49)) - omNode-2@group-523986131536-FOLLOWER: accept ELECTION from omNode-1: our priority 0 <= candidate's priority 0
2025-04-24 14:02:10,890 [grpc-default-executor-1] INFO  server.RaftServer$Division (RaftServerImpl.java:setRole(378)) - omNode-2@group-523986131536: changes role from  FOLLOWER to FOLLOWER at term 0 for candidate:omNode-1
2025-04-24 14:02:10,890 [grpc-default-executor-1] INFO  impl.RoleInfo (RoleInfo.java:shutdownFollowerState(121)) - omNode-2: shutdown omNode-2@group-523986131536-FollowerState
2025-04-24 14:02:10,890 [grpc-default-executor-1] INFO  impl.RoleInfo (RoleInfo.java:updateAndGet(148)) - omNode-2: start omNode-2@group-523986131536-FollowerState
2025-04-24 14:02:10,890 [omNode-2@group-523986131536-FollowerState] INFO  impl.FollowerState (FollowerState.java:runImpl(170)) - omNode-2@group-523986131536-FollowerState was interrupted
2025-04-24 14:02:10,891 [grpc-default-executor-1] INFO  server.RaftServer$Division (RaftServerImpl.java:setFirstElection(562)) - omNode-2@group-523986131536: set firstElectionSinceStartup to false for candidate:omNode-1
2025-04-24 14:02:10,893 [grpc-default-executor-1] INFO  server.RaftServer$Division (RaftServerImpl.java:requestVote(1441)) - omNode-2@group-523986131536 replies to ELECTION vote request: omNode-1<-omNode-2#0:OK-t1. Peer's state: omNode-2@group-523986131536:t1, leader=null, voted=omNode-1, raftlog=Memoized:omNode-2@group-523986131536-SegmentedRaftLog:OPENED:c-1:lastnull, conf=conf: {index: -1, cur=peers:[omNode-3|localhost:15017, omNode-1|localhost:15009, omNode-2|localhost:15013]|listeners:[], old=null}
2025-04-24 14:02:10,897 [omNode-1@group-523986131536-LeaderElection3] INFO  impl.LeaderElection (LeaderElection.java:logAndReturn(90)) - omNode-1@group-523986131536-LeaderElection3: ELECTION PASSED received 1 response(s) and 1 exception(s):
2025-04-24 14:02:10,897 [omNode-1@group-523986131536-LeaderElection3] INFO  impl.LeaderElection (LeaderElection.java:logAndReturn(94)) -   Response 0: omNode-1<-omNode-2#0:OK-t1
2025-04-24 14:02:10,897 [omNode-1@group-523986131536-LeaderElection3] INFO  impl.LeaderElection (LogUtils.java:infoOrTrace(136)) -   Exception 1: java.util.concurrent.ExecutionException: org.apache.ratis.thirdparty.io.grpc.StatusRuntimeException: UNAVAILABLE: io exception
2025-04-24 14:02:10,898 [omNode-1@group-523986131536-LeaderElection3] INFO  impl.LeaderElection (LeaderElection.java:askForVotes(334)) - omNode-1@group-523986131536-LeaderElection3 ELECTION round 0: result PASSED
2025-04-24 14:02:10,898 [omNode-1@group-523986131536-LeaderElection3] INFO  impl.RoleInfo (RoleInfo.java:shutdownLeaderElection(141)) - omNode-1: shutdown omNode-1@group-523986131536-LeaderElection3
2025-04-24 14:02:10,898 [omNode-1@group-523986131536-LeaderElection3] INFO  server.RaftServer$Division (RaftServerImpl.java:setRole(378)) - omNode-1@group-523986131536: changes role from CANDIDATE to LEADER at term 1 for changeToLeader
2025-04-24 14:02:10,898 [omNode-1@group-523986131536-LeaderElection3] INFO  server.RaftServerConfigKeys (ConfUtils.java:logGet(46)) - raft.server.staging.catchup.gap = 1000 (default)
2025-04-24 14:02:10,900 [omNode-1@group-523986131536-LeaderElection3] INFO  server.RaftServerConfigKeys (ConfUtils.java:logGet(46)) - raft.server.write.element-limit = 4096 (default)
2025-04-24 14:02:10,900 [omNode-1@group-523986131536-LeaderElection3] INFO  server.RaftServerConfigKeys (ConfUtils.java:logGet(46)) - raft.server.write.byte-limit = 64MB (=67108864) (default)
2025-04-24 14:02:10,900 [omNode-1@group-523986131536-LeaderElection3] INFO  server.RaftServerConfigKeys (ConfUtils.java:logGet(46)) - raft.server.watch.timeout = 10s (default)
2025-04-24 14:02:10,901 [omNode-1@group-523986131536-LeaderElection3] INFO  server.RaftServerConfigKeys (ConfUtils.java:logGet(46)) - raft.server.watch.timeout.denomination = 1s (default)
2025-04-24 14:02:10,901 [omNode-1@group-523986131536-LeaderElection3] INFO  server.RaftServerConfigKeys (ConfUtils.java:logGet(46)) - raft.server.watch.element-limit = 65536 (default)
2025-04-24 14:02:10,902 [omNode-1@group-523986131536-LeaderElection3] INFO  server.RaftServerConfigKeys (ConfUtils.java:logGet(46)) - raft.server.read.leader.lease.enabled = false (default)
2025-04-24 14:02:10,902 [omNode-1@group-523986131536-LeaderElection3] INFO  server.RaftServerConfigKeys (ConfUtils.java:logGet(46)) - raft.server.read.leader.lease.timeout.ratio = 0.9 (default)
2025-04-24 14:02:10,903 [omNode-1@group-523986131536-LeaderElection3] INFO  server.RaftServerConfigKeys (ConfUtils.java:logGet(46)) - raft.server.rpc.timeout.min = 1s (custom)
2025-04-24 14:02:10,903 [omNode-1@group-523986131536-LeaderElection3] INFO  server.RaftServerConfigKeys (ConfUtils.java:logGet(46)) - raft.server.log.log-metadata.enabled = true (default)
2025-04-24 14:02:10,903 [omNode-1@group-523986131536-LeaderElection3] INFO  server.RaftServerConfigKeys (ConfUtils.java:logGet(46)) - raft.server.write.element-limit = 4096 (default)
2025-04-24 14:02:10,904 [omNode-1@group-523986131536-LeaderElection3] INFO  server.RaftServerConfigKeys (ConfUtils.java:logGet(46)) - raft.server.write.follower.gap.ratio.max = -1.0 (default)
2025-04-24 14:02:10,914 [omNode-1@group-523986131536-LeaderElection3] INFO  server.RaftServerConfigKeys (ConfUtils.java:logGet(46)) - raft.server.log.appender.snapshot.chunk.size.max = 16MB (=16777216) (default)
2025-04-24 14:02:10,914 [omNode-1@group-523986131536-LeaderElection3] INFO  server.RaftServerConfigKeys (ConfUtils.java:logGet(46)) - raft.server.log.appender.buffer.byte-limit = 4194304 (custom)
2025-04-24 14:02:10,914 [omNode-1@group-523986131536-LeaderElection3] INFO  server.RaftServerConfigKeys (ConfUtils.java:logGet(46)) - raft.server.log.appender.buffer.element-limit = 1024 (custom)
2025-04-24 14:02:10,916 [omNode-1@group-523986131536-LeaderElection3] INFO  server.RaftServerConfigKeys (ConfUtils.java:logGet(46)) - raft.server.log.appender.wait-time.min = 0ms (custom)
2025-04-24 14:02:10,916 [omNode-1@group-523986131536-LeaderElection3] INFO  grpc.GrpcConfigKeys (ConfUtils.java:logGet(46)) - raft.grpc.server.leader.outstanding.appends.max = 8 (default)
2025-04-24 14:02:10,917 [omNode-1@group-523986131536-LeaderElection3] INFO  server.RaftServerConfigKeys (ConfUtils.java:logGet(46)) - raft.server.rpc.request.timeout = 3000ms (default)
2025-04-24 14:02:10,917 [omNode-1@group-523986131536-LeaderElection3] INFO  grpc.GrpcConfigKeys (ConfUtils.java:logGet(46)) - raft.grpc.server.install_snapshot.request.element-limit = 8 (default)
2025-04-24 14:02:10,917 [omNode-1@group-523986131536-LeaderElection3] INFO  grpc.GrpcConfigKeys (ConfUtils.java:logGet(46)) - raft.grpc.server.install_snapshot.request.timeout = 3000ms (default)
2025-04-24 14:02:10,917 [omNode-1@group-523986131536-LeaderElection3] INFO  grpc.GrpcConfigKeys (ConfUtils.java:logGet(46)) - raft.grpc.server.log-message.batch.duration = 5s (default)
2025-04-24 14:02:10,917 [omNode-1@group-523986131536-LeaderElection3] INFO  server.RaftServerConfigKeys (ConfUtils.java:logGet(46)) - raft.server.log.appender.install.snapshot.enabled = false (custom)
2025-04-24 14:02:10,917 [omNode-1@group-523986131536-LeaderElection3] INFO  grpc.GrpcConfigKeys (ConfUtils.java:logGet(46)) - raft.grpc.server.heartbeat.channel = true (default)
2025-04-24 14:02:10,925 [omNode-1@group-523986131536-LeaderElection3] INFO  server.RaftServerConfigKeys (ConfUtils.java:logGet(46)) - raft.server.log.appender.snapshot.chunk.size.max = 16MB (=16777216) (default)
2025-04-24 14:02:10,926 [omNode-1@group-523986131536-LeaderElection3] INFO  server.RaftServerConfigKeys (ConfUtils.java:logGet(46)) - raft.server.log.appender.buffer.byte-limit = 4194304 (custom)
2025-04-24 14:02:10,926 [omNode-1@group-523986131536-LeaderElection3] INFO  server.RaftServerConfigKeys (ConfUtils.java:logGet(46)) - raft.server.log.appender.buffer.element-limit = 1024 (custom)
2025-04-24 14:02:10,927 [omNode-1@group-523986131536-LeaderElection3] INFO  server.RaftServerConfigKeys (ConfUtils.java:logGet(46)) - raft.server.log.appender.wait-time.min = 0ms (custom)
2025-04-24 14:02:10,927 [omNode-1@group-523986131536-LeaderElection3] INFO  grpc.GrpcConfigKeys (ConfUtils.java:logGet(46)) - raft.grpc.server.leader.outstanding.appends.max = 8 (default)
2025-04-24 14:02:10,927 [omNode-1@group-523986131536-LeaderElection3] INFO  server.RaftServerConfigKeys (ConfUtils.java:logGet(46)) - raft.server.rpc.request.timeout = 3000ms (default)
2025-04-24 14:02:10,927 [omNode-1@group-523986131536-LeaderElection3] INFO  grpc.GrpcConfigKeys (ConfUtils.java:logGet(46)) - raft.grpc.server.install_snapshot.request.element-limit = 8 (default)
2025-04-24 14:02:10,927 [omNode-1@group-523986131536-LeaderElection3] INFO  grpc.GrpcConfigKeys (ConfUtils.java:logGet(46)) - raft.grpc.server.install_snapshot.request.timeout = 3000ms (default)
2025-04-24 14:02:10,927 [omNode-1@group-523986131536-LeaderElection3] INFO  grpc.GrpcConfigKeys (ConfUtils.java:logGet(46)) - raft.grpc.server.log-message.batch.duration = 5s (default)
2025-04-24 14:02:10,927 [omNode-1@group-523986131536-LeaderElection3] INFO  server.RaftServerConfigKeys (ConfUtils.java:logGet(46)) - raft.server.log.appender.install.snapshot.enabled = false (custom)
2025-04-24 14:02:10,927 [omNode-1@group-523986131536-LeaderElection3] INFO  grpc.GrpcConfigKeys (ConfUtils.java:logGet(46)) - raft.grpc.server.heartbeat.channel = true (default)
2025-04-24 14:02:10,929 [omNode-1@group-523986131536-LeaderElection3] INFO  impl.RoleInfo (RoleInfo.java:updateAndGet(148)) - omNode-1: start omNode-1@group-523986131536-LeaderStateImpl
2025-04-24 14:02:10,929 [omNode-1@group-523986131536-LeaderElection3] INFO  server.RaftServer$Division (RaftServerImpl.java:setFirstElection(562)) - omNode-1@group-523986131536: set firstElectionSinceStartup to false for becomeLeader
2025-04-24 14:02:10,932 [omNode-1@group-523986131536-LeaderElection3] INFO  ratis.OzoneManagerStateMachine (OzoneManagerStateMachine.java:notifyLeaderChanged(169)) - omNode-1@group-523986131536: leader changed to omNode-1
2025-04-24 14:02:10,932 [omNode-1@group-523986131536-LeaderElection3] INFO  server.RaftServer$Division (ServerState.java:setLeader(272)) - omNode-1@group-523986131536: change Leader from null to omNode-1 at term 1 for becomeLeader, leader elected after 2679ms
2025-04-24 14:02:10,933 [omNode-1@group-523986131536-LeaderElection3] INFO  segmented.SegmentedRaftLogWorker (SegmentedRaftLogWorker.java:startLogSegment(438)) - omNode-1@group-523986131536-SegmentedRaftLogWorker: Starting segment from index:0
2025-04-24 14:02:10,934 [omNode-1@group-523986131536-SegmentedRaftLogWorker] INFO  segmented.BufferedWriteChannel (BufferedWriteChannel.java:open(61)) - open log_inprogress_0 at position 0
2025-04-24 14:02:10,934 [omNode-1@group-523986131536-LeaderElection3] INFO  server.RaftServer$Division (ServerState.java:setRaftConf(386)) - omNode-1@group-523986131536: set configuration conf: {index: 0, cur=peers:[omNode-3|localhost:15017, omNode-1|localhost:15009, omNode-2|localhost:15013]|listeners:[], old=null}
2025-04-24 14:02:10,946 [omNode-1@group-523986131536-SegmentedRaftLogWorker] INFO  segmented.SegmentedRaftLogWorker (SegmentedRaftLogWorker.java:execute(644)) - omNode-1@group-523986131536-SegmentedRaftLogWorker: created new log segment /home/runner/work/ozone/ozone/hadoop-ozone/integration-test/target/test-dir/MiniOzoneClusterImpl-4e6105ad-12bc-4f18-9d37-351d73277e17/omNode-1/ratis/c9bc4cf4-3bc3-3c60-a66b-523986131536/current/log_inprogress_0
2025-04-24 14:02:10,948 [grpc-default-executor-1] WARN  server.GrpcLogAppender (LogUtils.java:warn(121)) - omNode-1@group-523986131536->omNode-3-AppendLogResponseHandler: Failed appendEntries: org.apache.ratis.thirdparty.io.grpc.StatusRuntimeException: UNAVAILABLE: io exception
2025-04-24 14:02:10,956 [grpc-default-executor-0] WARN  server.GrpcLogAppender (GrpcLogAppender.java:lambda$resetClient$1(221)) - omNode-1@group-523986131536->omNode-3-GrpcLogAppender: Follower failed (request=null, errorCount=1); keep nextIndex (0) unchanged and retry.
2025-04-24 14:02:10,969 [grpc-default-executor-1] WARN  server.GrpcLogAppender (GrpcLogAppender.java:lambda$resetClient$1(221)) - omNode-1@group-523986131536->omNode-3-GrpcLogAppender: Follower failed (request=null, errorCount=3); keep nextIndex (1) unchanged and retry.
2025-04-24 14:02:10,971 [omNode-2-server-thread1] INFO  ratis.OzoneManagerStateMachine (OzoneManagerStateMachine.java:notifyLeaderChanged(169)) - omNode-2@group-523986131536: leader changed to omNode-1
2025-04-24 14:02:10,971 [omNode-2-server-thread1] INFO  server.RaftServer$Division (ServerState.java:setLeader(272)) - omNode-2@group-523986131536: change Leader from null to omNode-1 at term 1 for appendEntries, leader elected after 1240ms
2025-04-24 14:02:10,973 [omNode-2-server-thread3] INFO  server.RaftServer$Division (ServerState.java:setRaftConf(386)) - omNode-2@group-523986131536: set configuration conf: {index: 0, cur=peers:[omNode-3|localhost:15017, omNode-1|localhost:15009, omNode-2|localhost:15013]|listeners:[], old=null}
2025-04-24 14:02:10,976 [omNode-2-server-thread3] INFO  segmented.SegmentedRaftLogWorker (SegmentedRaftLogWorker.java:startLogSegment(438)) - omNode-2@group-523986131536-SegmentedRaftLogWorker: Starting segment from index:0
2025-04-24 14:02:10,977 [omNode-2@group-523986131536-SegmentedRaftLogWorker] INFO  segmented.BufferedWriteChannel (BufferedWriteChannel.java:open(61)) - open log_inprogress_0 at position 0
2025-04-24 14:02:10,990 [omNode-2@group-523986131536-SegmentedRaftLogWorker] INFO  segmented.SegmentedRaftLogWorker (SegmentedRaftLogWorker.java:execute(644)) - omNode-2@group-523986131536-SegmentedRaftLogWorker: created new log segment /home/runner/work/ozone/ozone/hadoop-ozone/integration-test/target/test-dir/MiniOzoneClusterImpl-4e6105ad-12bc-4f18-9d37-351d73277e17/omNode-2/ratis/c9bc4cf4-3bc3-3c60-a66b-523986131536/current/log_inprogress_0
2025-04-24 14:02:10,997 [omNode-1@group-523986131536-StateMachineUpdater] INFO  ratis.OzoneManagerStateMachine (OzoneManagerStateMachine.java:notifyConfigurationChanged(231)) - notifyConfigurationChanged from Ratis: term=1, index=0, New Peer list: omNode-3(localhost:15017), omNode-1(localhost:15009), omNode-2(localhost:15013)
2025-04-24 14:02:10,997 [omNode-1@group-523986131536-StateMachineUpdater] INFO  server.RaftServer$Division (LeaderStateImpl.java:checkStartIndex(313)) - Leader omNode-1@group-523986131536-LeaderStateImpl is ready since appliedIndex == startIndex == 0
2025-04-24 14:02:11,071 [main] INFO  reflections.Reflections (Reflections.java:scan(219)) - Reflections took 571 ms to scan 22 urls, producing 61 keys and 7423 values
2025-04-24 14:02:11,073 [main] INFO  ipc.CallQueueManager (CallQueueManager.java:<init>(93)) - Using callQueue: class java.util.concurrent.LinkedBlockingQueue, queueCapacity: 2000, scheduler: class org.apache.hadoop.ipc.DefaultRpcScheduler, ipcBackoff: false, ipcFailOver: false.
2025-04-24 14:02:11,073 [main] INFO  ipc.Server (Server.java:<init>(1438)) - Listener at 127.0.0.1:15014
2025-04-24 14:02:11,074 [Socket Reader #1 for port 15014] INFO  ipc.Server (Server.java:run(1474)) - Starting Socket Reader #1 for port 15014
2025-04-24 14:02:11,075 [Socket Reader #3 for port 15014] INFO  ipc.Server (Server.java:run(1474)) - Starting Socket Reader #3 for port 15014
2025-04-24 14:02:11,075 [Socket Reader #2 for port 15014] INFO  ipc.Server (Server.java:run(1474)) - Starting Socket Reader #2 for port 15014
2025-04-24 14:02:11,075 [Socket Reader #4 for port 15014] INFO  ipc.Server (Server.java:run(1474)) - Starting Socket Reader #4 for port 15014
2025-04-24 14:02:11,076 [Socket Reader #5 for port 15014] INFO  ipc.Server (Server.java:run(1474)) - Starting Socket Reader #5 for port 15014
2025-04-24 14:02:11,076 [Socket Reader #6 for port 15014] INFO  ipc.Server (Server.java:run(1474)) - Starting Socket Reader #6 for port 15014
2025-04-24 14:02:11,077 [Socket Reader #7 for port 15014] INFO  ipc.Server (Server.java:run(1474)) - Starting Socket Reader #7 for port 15014
2025-04-24 14:02:11,078 [Socket Reader #8 for port 15014] INFO  ipc.Server (Server.java:run(1474)) - Starting Socket Reader #8 for port 15014
2025-04-24 14:02:11,078 [Socket Reader #9 for port 15014] INFO  ipc.Server (Server.java:run(1474)) - Starting Socket Reader #9 for port 15014
2025-04-24 14:02:11,078 [Socket Reader #10 for port 15014] INFO  ipc.Server (Server.java:run(1474)) - Starting Socket Reader #10 for port 15014
2025-04-24 14:02:11,104 [main] INFO  impl.MetricsSystemImpl (MetricsSystemImpl.java:init(158)) - OzoneManager metrics system started (again)
2025-04-24 14:02:11,117 [main] INFO  om.OzoneManager (OzoneManager.java:start(1787)) - OzoneManager RPC server is listening at localhost/127.0.0.1:15014
2025-04-24 14:02:11,117 [main] INFO  ratis.OzoneManagerRatisServer (OzoneManagerRatisServer.java:start(628)) - Starting OzoneManagerRatisServer omNode-3 at port 15017
2025-04-24 14:02:11,117 [omNode-3-impl-thread1] INFO  server.RaftServerConfigKeys (ConfUtils.java:logGet(46)) - raft.server.storage.free-space.min = 0MB (=0) (default)
2025-04-24 14:02:11,118 [omNode-3-impl-thread1] INFO  server.RaftServerConfigKeys (ConfUtils.java:logGet(46)) - raft.server.log.corruption.policy = EXCEPTION (default)
2025-04-24 14:02:11,118 [omNode-3-impl-thread1] INFO  server.RaftServerConfigKeys (ConfUtils.java:logGet(46)) - raft.server.storage.dir = [/home/runner/work/ozone/ozone/hadoop-ozone/integration-test/target/test-dir/MiniOzoneClusterImpl-4e6105ad-12bc-4f18-9d37-351d73277e17/omNode-3/ratis] (custom)
2025-04-24 14:02:11,118 [omNode-3-impl-thread1] INFO  storage.RaftStorageDirectory (RaftStorageDirectoryImpl.java:analyzeStorage(138)) - The storage directory /home/runner/work/ozone/ozone/hadoop-ozone/integration-test/target/test-dir/MiniOzoneClusterImpl-4e6105ad-12bc-4f18-9d37-351d73277e17/omNode-3/ratis/c9bc4cf4-3bc3-3c60-a66b-523986131536 does not exist. Creating ...
2025-04-24 14:02:11,119 [omNode-3-impl-thread1] INFO  storage.RaftStorageDirectory (RaftStorageDirectoryImpl.java:tryLock(229)) - Lock on /home/runner/work/ozone/ozone/hadoop-ozone/integration-test/target/test-dir/MiniOzoneClusterImpl-4e6105ad-12bc-4f18-9d37-351d73277e17/omNode-3/ratis/c9bc4cf4-3bc3-3c60-a66b-523986131536/in_use.lock acquired by nodename 129728@fv-az2210-761
2025-04-24 14:02:11,120 [omNode-3-impl-thread1] INFO  storage.RaftStorage (RaftStorageImpl.java:format(98)) - Storage directory /home/runner/work/ozone/ozone/hadoop-ozone/integration-test/target/test-dir/MiniOzoneClusterImpl-4e6105ad-12bc-4f18-9d37-351d73277e17/omNode-3/ratis/c9bc4cf4-3bc3-3c60-a66b-523986131536 has been successfully formatted.
2025-04-24 14:02:11,120 [omNode-3-impl-thread1] INFO  ratis.OzoneManagerStateMachine (OzoneManagerStateMachine.java:lambda$0(138)) - omNode-3: initialize group-523986131536 with (t:0, i:~)
2025-04-24 14:02:11,121 [omNode-3-impl-thread1] INFO  server.RaftServerConfigKeys (ConfUtils.java:logGet(46)) - raft.server.log.use.memory = false (default)
2025-04-24 14:02:11,121 [omNode-3-impl-thread1] INFO  server.RaftServerConfigKeys (ConfUtils.java:logGet(46)) - raft.server.log.purge.gap = 50 (custom)
2025-04-24 14:02:11,121 [omNode-3-impl-thread1] INFO  server.RaftServerConfigKeys (ConfUtils.java:logGet(46)) - raft.server.log.appender.buffer.byte-limit = 4194304 (custom)
2025-04-24 14:02:11,121 [omNode-3-impl-thread1] INFO  server.RaftServerConfigKeys (ConfUtils.java:logGet(46)) - raft.server.log.statemachine.data.read.timeout = 1000ms (default)
2025-04-24 14:02:11,121 [omNode-3-impl-thread1] INFO  server.RaftServerConfigKeys (ConfUtils.java:logGet(46)) - raft.server.log.purge.preservation.log.num = 0 (default)
2025-04-24 14:02:11,122 [omNode-3-impl-thread1] INFO  server.RaftServerConfigKeys (ConfUtils.java:logGet(46)) - raft.server.log.segment.size.max = 4194304 (custom)
2025-04-24 14:02:11,123 [omNode-3-impl-thread1] INFO  server.RaftServerConfigKeys (ConfUtils.java:logGet(46)) - raft.server.log.segment.cache.num.max = 2 (custom)
2025-04-24 14:02:11,123 [omNode-3-impl-thread1] INFO  server.RaftServerConfigKeys (ConfUtils.java:logGet(46)) - raft.server.log.segment.cache.size.max = 200MB (=209715200) (default)
2025-04-24 14:02:11,123 [omNode-3-impl-thread1] INFO  server.RaftServerConfigKeys (ConfUtils.java:logGet(46)) - raft.server.log.appender.buffer.byte-limit = 4194304 (custom)
2025-04-24 14:02:11,123 [omNode-3-impl-thread1] INFO  util.AwaitToRun (AwaitToRun.java:start(81)) - Thread[#655,omNode-3@group-523986131536-cacheEviction-AwaitToRun,5,main] started
2025-04-24 14:02:11,123 [omNode-3-impl-thread1] INFO  segmented.SegmentedRaftLogWorker (SegmentedRaftLogWorker.java:<init>(188)) - new omNode-3@group-523986131536-SegmentedRaftLogWorker for RaftStorageImpl:Storage Directory /home/runner/work/ozone/ozone/hadoop-ozone/integration-test/target/test-dir/MiniOzoneClusterImpl-4e6105ad-12bc-4f18-9d37-351d73277e17/omNode-3/ratis/c9bc4cf4-3bc3-3c60-a66b-523986131536
2025-04-24 14:02:11,123 [omNode-3-impl-thread1] INFO  server.RaftServerConfigKeys (ConfUtils.java:logGet(46)) - raft.server.log.queue.byte-limit = 64MB (=67108864) (default)
2025-04-24 14:02:11,123 [omNode-3-impl-thread1] INFO  server.RaftServerConfigKeys (ConfUtils.java:logGet(46)) - raft.server.log.queue.element-limit = 4096 (default)
2025-04-24 14:02:11,123 [omNode-3-impl-thread1] INFO  server.RaftServerConfigKeys (ConfUtils.java:logGet(46)) - raft.server.log.segment.size.max = 4194304 (custom)
2025-04-24 14:02:11,123 [omNode-3-impl-thread1] INFO  server.RaftServerConfigKeys (ConfUtils.java:logGet(46)) - raft.server.log.preallocated.size = 4194304 (custom)
2025-04-24 14:02:11,123 [omNode-3-impl-thread1] INFO  server.RaftServerConfigKeys (ConfUtils.java:logGet(46)) - raft.server.log.force.sync.num = 128 (default)
2025-04-24 14:02:11,123 [omNode-3-impl-thread1] INFO  server.RaftServerConfigKeys (ConfUtils.java:logGet(46)) - raft.server.log.statemachine.data.sync = true (default)
2025-04-24 14:02:11,123 [omNode-3-impl-thread1] INFO  server.RaftServerConfigKeys (ConfUtils.java:logGet(46)) - raft.server.log.statemachine.data.sync.timeout = 10s (default)
2025-04-24 14:02:11,124 [omNode-3-impl-thread1] INFO  server.RaftServerConfigKeys (ConfUtils.java:logGet(46)) - raft.server.log.statemachine.data.sync.timeout.retry = -1 (default)
2025-04-24 14:02:11,124 [omNode-3-impl-thread1] INFO  server.RaftServerConfigKeys (ConfUtils.java:logGet(46)) - raft.server.log.write.buffer.size = 4194312 (custom)
2025-04-24 14:02:11,126 [omNode-3-impl-thread1] INFO  server.RaftServerConfigKeys (ConfUtils.java:logGet(46)) - raft.server.log.appender.buffer.byte-limit = 4194304 (custom)
2025-04-24 14:02:11,126 [omNode-3-impl-thread1] INFO  server.RaftServerConfigKeys (ConfUtils.java:logGet(46)) - raft.server.log.unsafe-flush.enabled = false (default)
2025-04-24 14:02:11,126 [omNode-3-impl-thread1] INFO  server.RaftServerConfigKeys (ConfUtils.java:logGet(46)) - raft.server.log.async-flush.enabled = false (default)
2025-04-24 14:02:11,126 [omNode-3-impl-thread1] INFO  server.RaftServerConfigKeys (ConfUtils.java:logGet(46)) - raft.server.log.statemachine.data.caching.enabled = false (default)
2025-04-24 14:02:11,126 [omNode-3-impl-thread1] INFO  segmented.SegmentedRaftLogWorker (SegmentedRaftLogWorker.java:lambda$new$0(139)) - omNode-3@group-523986131536-SegmentedRaftLogWorker: flushIndex: setUnconditionally 0 -> -1
2025-04-24 14:02:11,126 [omNode-3-impl-thread1] INFO  segmented.SegmentedRaftLogWorker (SegmentedRaftLogWorker.java:lambda$new$0(139)) - omNode-3@group-523986131536-SegmentedRaftLogWorker: safeCacheEvictIndex: setUnconditionally 0 -> -1
2025-04-24 14:02:11,126 [omNode-3-impl-thread1] INFO  server.RaftServer$Division (RaftServerImpl.java:start(391)) - omNode-3@group-523986131536: start as a follower, conf=conf: {index: -1, cur=peers:[omNode-3|localhost:15017, omNode-1|localhost:15009, omNode-2|localhost:15013]|listeners:[], old=null}
2025-04-24 14:02:11,126 [omNode-3-impl-thread1] INFO  server.RaftServer$Division (RaftServerImpl.java:setRole(378)) - omNode-3@group-523986131536: changes role from      null to FOLLOWER at term 0 for startAsFollower
2025-04-24 14:02:11,127 [omNode-3-impl-thread1] INFO  impl.RoleInfo (RoleInfo.java:updateAndGet(148)) - omNode-3: start omNode-3@group-523986131536-FollowerState
2025-04-24 14:02:11,127 [omNode-3-impl-thread1] INFO  util.JmxRegister (JmxRegister.java:tryRegister(44)) - Successfully registered JMX Bean with object name Ratis:service=RaftServer,group=group-523986131536,id=omNode-3
2025-04-24 14:02:11,127 [omNode-3-impl-thread1] INFO  util.JmxRegister (JmxRegister.java:register(58)) - register mxBean class org.apache.ratis.server.impl.RaftServerJmxAdapter as Ratis:service=RaftServer,group=group-523986131536,id=omNode-3
2025-04-24 14:02:11,127 [omNode-3-impl-thread1] INFO  server.RaftServerConfigKeys (ConfUtils.java:logGet(46)) - raft.server.snapshot.trigger-when-stop.enabled = true (default)
2025-04-24 14:02:11,127 [omNode-3-impl-thread1] INFO  server.RaftServerConfigKeys (ConfUtils.java:logGet(46)) - raft.server.snapshot.trigger-when-remove.enabled = true (default)
2025-04-24 14:02:11,127 [omNode-3-impl-thread1] INFO  server.RaftServerConfigKeys (ConfUtils.java:logGet(46)) - raft.server.snapshot.auto.trigger.enabled = true (custom)
2025-04-24 14:02:11,127 [omNode-3-impl-thread1] INFO  server.RaftServerConfigKeys (ConfUtils.java:logGet(46)) - raft.server.snapshot.auto.trigger.threshold = 50 (custom)
2025-04-24 14:02:11,127 [omNode-3-impl-thread1] INFO  server.RaftServerConfigKeys (ConfUtils.java:logGet(46)) - raft.server.snapshot.retention.file.num = -1 (default)
2025-04-24 14:02:11,127 [omNode-3-impl-thread1] INFO  server.RaftServerConfigKeys (ConfUtils.java:logGet(46)) - raft.server.log.purge.upto.snapshot.index = true (custom)
2025-04-24 14:02:11,127 [omNode-3@group-523986131536-FollowerState] INFO  server.RaftServerConfigKeys (ConfUtils.java:logFallback(53)) - raft.server.rpc.first-election.timeout.min = 1s (fallback to raft.server.rpc.timeout.min)
2025-04-24 14:02:11,128 [omNode-3@group-523986131536-FollowerState] INFO  server.RaftServerConfigKeys (ConfUtils.java:logFallback(53)) - raft.server.rpc.first-election.timeout.max = 1200ms (fallback to raft.server.rpc.timeout.max)
2025-04-24 14:02:11,128 [omNode-3-impl-thread1] INFO  server.RaftServer$Division (RaftServerImpl.java:start(405)) - omNode-3@group-523986131536: Successfully started.
2025-04-24 14:02:11,128 [main] INFO  server.RaftServer (RaftServerProxy.java:startImpl(407)) - omNode-3: start RPC server
2025-04-24 14:02:11,129 [main] INFO  server.GrpcService (GrpcService.java:startImpl(334)) - omNode-3: GrpcService started, listening on 15017
2025-04-24 14:02:11,129 [JvmPauseMonitor4] INFO  util.JvmPauseMonitor (JvmPauseMonitor.java:run(146)) - JvmPauseMonitor-omNode-3: Started
2025-04-24 14:02:11,129 [main] INFO  om.OzoneManager (OzoneManager.java:start(1802)) - Version File has different layout version (8) than OM DB (null). That is expected if this OM has never been finalized to a newer layout version.
2025-04-24 14:02:11,132 [main] INFO  client.ScmTopologyClient (ScmTopologyClient.java:start(70)) - Initial network topology fetched from SCM: /.
2025-04-24 14:02:11,132 [main] INFO  net.NodeSchemaLoader (NodeSchemaLoader.java:loadSchemaFromFile(127)) - Loading schema from [jar:file:/home/runner/work/ozone/ozone/hadoop-hdds/common/target/hdds-common-2.1.0-SNAPSHOT.jar!/network-topology-default.xml]
2025-04-24 14:02:11,133 [main] INFO  net.NodeSchemaLoader (NodeSchemaLoader.java:loadSchema(174)) - Loading network topology layer schema file
2025-04-24 14:02:11,138 [main] INFO  http.BaseHttpServer (BaseHttpServer.java:newHttpServer2BuilderForOzone(229)) - Starting Web-server for ozoneManager at: http://0.0.0.0:15015
2025-04-24 14:02:11,138 [main] INFO  http.BaseHttpServer (BaseHttpServer.java:<init>(107)) - Hadoop Security Enabled: false Ozone Security Enabled: false Ozone HTTP Security Enabled: false 
2025-04-24 14:02:11,140 [main] WARN  server.AuthenticationFilter (AuthenticationFilter.java:constructSecretProvider(240)) - Unable to initialize FileSignerSecretProvider, falling back to use random secrets. Reason: Could not read signature secret file: /home/runner/hadoop-http-auth-signature-secret
2025-04-24 14:02:11,143 [main] INFO  http.HttpServer2 (HttpServer2.java:addGlobalFilter(1041)) - Added global filter 'safety' (class=org.apache.hadoop.hdds.server.http.HttpServer2$QuotingInputFilter)
2025-04-24 14:02:11,144 [main] INFO  http.HttpServer2 (HttpServer2.java:addFilter(1017)) - Added filter static_user_filter (class=org.apache.hadoop.http.lib.StaticUserWebFilter$StaticUserFilter) to context ozoneManager
2025-04-24 14:02:11,144 [main] INFO  http.HttpServer2 (HttpServer2.java:addFilter(1025)) - Added filter static_user_filter (class=org.apache.hadoop.http.lib.StaticUserWebFilter$StaticUserFilter) to context static
2025-04-24 14:02:11,144 [main] INFO  http.HttpServer2 (HttpServer2.java:addFilter(1025)) - Added filter static_user_filter (class=org.apache.hadoop.http.lib.StaticUserWebFilter$StaticUserFilter) to context logs
2025-04-24 14:02:11,144 [main] INFO  http.BaseHttpServer (BaseHttpServer.java:<init>(195)) - HTTP server of ozoneManager uses base directory /home/runner/work/ozone/ozone/hadoop-ozone/integration-test/target/test-dir/MiniOzoneClusterImpl-4e6105ad-12bc-4f18-9d37-351d73277e17/omNode-3/webserver
2025-04-24 14:02:11,145 [main] INFO  http.HttpServer2 (HttpServer2.java:bindListener(1241)) - Jetty bound to port 15015
2025-04-24 14:02:11,145 [main] INFO  server.Server (Server.java:doStart(375)) - jetty-9.4.57.v20241219; built: 2025-01-08T21:24:30.412Z; git: df524e6b29271c2e09ba9aea83c18dc9db464a31; jvm 21.0.7+6-LTS
2025-04-24 14:02:11,146 [main] INFO  server.session (DefaultSessionIdManager.java:doStart(334)) - DefaultSessionIdManager workerName=node0
2025-04-24 14:02:11,147 [main] INFO  server.session (DefaultSessionIdManager.java:doStart(339)) - No SessionScavenger set, using defaults
2025-04-24 14:02:11,147 [main] INFO  server.session (HouseKeeper.java:startScavenging(132)) - node0 Scavenging every 600000ms
2025-04-24 14:02:11,148 [main] INFO  handler.ContextHandler (ContextHandler.java:doStart(921)) - Started o.e.j.s.ServletContextHandler@5cacbbe5{logs,/logs,file:///home/runner/work/ozone/ozone/hadoop-ozone/integration-test/target/log,AVAILABLE}
2025-04-24 14:02:11,148 [main] INFO  handler.ContextHandler (ContextHandler.java:doStart(921)) - Started o.e.j.s.ServletContextHandler@ad7d183{static,/static,file:///home/runner/work/ozone/ozone/hadoop-ozone/integration-test/target/test-classes/webapps/static,AVAILABLE}
2025-04-24 14:02:11,154 [main] INFO  handler.ContextHandler (ContextHandler.java:doStart(921)) - Started o.e.j.w.WebAppContext@3d452ced{ozoneManager,/,file:///home/runner/work/ozone/ozone/hadoop-ozone/integration-test/target/test-classes/webapps/ozoneManager/,AVAILABLE}{file:/home/runner/work/ozone/ozone/hadoop-ozone/integration-test/target/test-classes/webapps/ozoneManager}
2025-04-24 14:02:11,154 [main] INFO  server.AbstractConnector (AbstractConnector.java:doStart(333)) - Started ServerConnector@5b8b3edb{HTTP/1.1, (http/1.1)}{0.0.0.0:15015}
2025-04-24 14:02:11,154 [main] INFO  server.Server (Server.java:doStart(415)) - Started @12486ms
2025-04-24 14:02:11,154 [main] WARN  impl.MetricsSystemImpl (MetricsSystemImpl.java:register(279)) - Sink prometheus already exists!
2025-04-24 14:02:11,155 [main] INFO  http.BaseHttpServer (BaseHttpServer.java:updateConnectorAddress(360)) - HTTP server of ozoneManager listening at http://0.0.0.0:15015
2025-04-24 14:02:11,156 [IPC Server Responder] INFO  ipc.Server (Server.java:run(1713)) - IPC Server Responder: starting
2025-04-24 14:02:11,156 [IPC Server listener on 15014] INFO  ipc.Server (Server.java:run(1553)) - IPC Server listener on 15014: starting
2025-04-24 14:02:11,159 [main] INFO  om.OzoneManager (OzoneManager.java:startTrashEmptier(2257)) - Trash Interval set to 0. Files deleted won't move to trash
2025-04-24 14:02:11,159 [main] INFO  ozone.MiniOzoneHAClusterImpl (MiniOzoneHAClusterImpl.java:createOMService(516)) - Started OzoneManager omNode-3 RPC server at localhost/127.0.0.1:15014
2025-04-24 14:02:11,234 [main] WARN  dropwizard3.Dm3MetricRegistriesImpl (Dm3MetricRegistriesImpl.java:addReporterRegistration(114)) - New reporters are added after registries were created. Some metrics will be missing from the reporter. Please add reporter before adding any new registry.
2025-04-24 14:02:11,234 [main] WARN  dropwizard3.Dm3MetricRegistriesImpl (Dm3MetricRegistriesImpl.java:addReporterRegistration(114)) - New reporters are added after registries were created. Some metrics will be missing from the reporter. Please add reporter before adding any new registry.
2025-04-24 14:02:11,234 [main] INFO  impl.MetricsSystemImpl (MetricsSystemImpl.java:init(158)) - HddsDatanode metrics system started (again)
2025-04-24 14:02:11,254 [main] INFO  protocol.DatanodeDetails (DatanodeDetails.java:validateDatanodeIpAddress(199)) - Updating IP address of datanode b80db16c-5673-450c-b3ca-7f89ec301096(fv-az2210-761/null) to 10.1.0.107
2025-04-24 14:02:11,254 [main] INFO  ozone.HddsDatanodeService (HddsDatanodeService.java:start(234)) - HddsDatanodeService b80db16c-5673-450c-b3ca-7f89ec301096(fv-az2210-761/10.1.0.107)
2025-04-24 14:02:11,259 [main] INFO  upgrade.AbstractLayoutVersionManager (AbstractLayoutVersionManager.java:init(80)) - Initializing Layout version manager with metadata layout = HBASE_SUPPORT (version = 8), software layout = HBASE_SUPPORT (version = 8)
2025-04-24 14:02:11,260 [main] INFO  statemachine.DatanodeStateMachine (DatanodeStateMachine.java:getEndPointTaskThreadPoolSize(297)) - Datanode State Machine Task Thread Pool size 2
2025-04-24 14:02:11,303 [main] INFO  volume.HddsVolume (HddsVolume.java:<init>(158)) - HddsVolume: { id=DS-7712f220-949a-41be-b03f-144adc47f448 dir=/home/runner/work/ozone/ozone/hadoop-ozone/integration-test/target/test-dir/MiniOzoneClusterImpl-4e6105ad-12bc-4f18-9d37-351d73277e17/ozone-meta/datanode-1/data-0/hdds type=DISK capacity=9222449699674390527 used=0 available=9222449699674390527 minFree=5368709120 committed=0 }
2025-04-24 14:02:11,303 [main] INFO  volume.MutableVolumeSet (MutableVolumeSet.java:initializeVolumeSet(166)) - Added Volume : /home/runner/work/ozone/ozone/hadoop-ozone/integration-test/target/test-dir/MiniOzoneClusterImpl-4e6105ad-12bc-4f18-9d37-351d73277e17/ozone-meta/datanode-1/data-0/hdds to VolumeSet
2025-04-24 14:02:11,306 [main] INFO  volume.MutableVolumeSet (MutableVolumeSet.java:initializeVolumeSet(166)) - Added Volume : /home/runner/work/ozone/ozone/hadoop-ozone/integration-test/target/test-dir/MiniOzoneClusterImpl-4e6105ad-12bc-4f18-9d37-351d73277e17/ozone-meta/datanode-1/ratis to VolumeSet
2025-04-24 14:02:11,312 [main] INFO  ozoneimpl.OzoneContainer (HddsVolumeUtil.java:loadAllHddsVolumeDbStore(102)) - Load 1 volumes DbStore cost: 0ms
2025-04-24 14:02:11,314 [main] WARN  db.DBStoreBuilder (DBStoreBuilder.java:getDBDirPath(167)) - ozone.scm.datanode.id.dir is not configured. We recommend adding this setting. Falling back to ozone.metadata.dirs instead.
2025-04-24 14:02:11,320 [main] WARN  db.DBStoreBuilder (DBStoreBuilder.java:getDBDirPath(167)) - ozone.scm.datanode.id.dir is not configured. We recommend adding this setting. Falling back to ozone.metadata.dirs instead.
2025-04-24 14:02:11,347 [main] INFO  impl.FilePerChunkStrategy (FilePerChunkStrategy.java:<init>(79)) - ozone.chunk.read.mapped.buffer.max.count is load with 0
2025-04-24 14:02:11,349 [main] INFO  impl.FilePerBlockStrategy (FilePerBlockStrategy.java:<init>(87)) - ozone.chunk.read.mapped.buffer.max.count is load with 0
2025-04-24 14:02:11,371 [main] INFO  audit.AuditLogger (AuditLogger.java:refreshDebugCmdSet(133)) - Refresh DebugCmdSet for DNAudit to [].
2025-04-24 14:02:11,382 [main] INFO  server.RaftServerConfigKeys (ConfUtils.java:logGet(46)) - raft.server.log.appender.buffer.byte-limit = 33554432 (custom)
2025-04-24 14:02:11,397 [main] INFO  server.RaftServer (ConfUtils.java:logGet(46)) - raft.rpc.type = GRPC (default)
2025-04-24 14:02:11,398 [main] INFO  grpc.GrpcConfigKeys (ConfUtils.java:logFallback(53)) - raft.grpc.admin.host = null (fallback to raft.grpc.server.host)
2025-04-24 14:02:11,398 [main] INFO  grpc.GrpcConfigKeys (ConfUtils.java:logGet(46)) - raft.grpc.admin.port = 15022 (custom)
2025-04-24 14:02:11,398 [main] INFO  grpc.GrpcConfigKeys (ConfUtils.java:logFallback(53)) - raft.grpc.client.host = null (fallback to raft.grpc.server.host)
2025-04-24 14:02:11,398 [main] INFO  grpc.GrpcConfigKeys (ConfUtils.java:logGet(46)) - raft.grpc.client.port = 15021 (custom)
2025-04-24 14:02:11,398 [main] INFO  grpc.GrpcConfigKeys (ConfUtils.java:logGet(46)) - raft.grpc.server.host = null (default)
2025-04-24 14:02:11,398 [main] INFO  grpc.GrpcConfigKeys (ConfUtils.java:logGet(46)) - raft.grpc.server.port = 15023 (custom)
2025-04-24 14:02:11,398 [main] INFO  server.GrpcService (ConfUtils.java:logGet(46)) - raft.grpc.message.size.max = 34603008 (custom)
2025-04-24 14:02:11,398 [main] INFO  server.GrpcService (ConfUtils.java:logGet(46)) - raft.grpc.flow.control.window = 5MB (=5242880) (custom)
2025-04-24 14:02:11,399 [main] INFO  server.RaftServerConfigKeys (ConfUtils.java:logGet(46)) - raft.server.rpc.request.timeout = 60s (custom)
2025-04-24 14:02:11,399 [main] INFO  grpc.GrpcConfigKeys (ConfUtils.java:logGet(46)) - raft.grpc.server.heartbeat.channel = true (default)
2025-04-24 14:02:11,399 [main] INFO  server.RaftServerConfigKeys (ConfUtils.java:logGet(46)) - raft.server.log.appender.buffer.byte-limit = 33554432 (custom)
2025-04-24 14:02:11,399 [main] INFO  grpc.GrpcConfigKeys (ConfUtils.java:logGet(46)) - raft.grpc.server.async.request.thread.pool.cached = true (default)
2025-04-24 14:02:11,399 [main] INFO  grpc.GrpcConfigKeys (ConfUtils.java:logGet(46)) - raft.grpc.server.async.request.thread.pool.size = 32 (default)
2025-04-24 14:02:11,401 [main] INFO  impl.DataStreamServerImpl (ConfUtils.java:logGet(46)) - raft.datastream.type = NETTY (custom)
2025-04-24 14:02:11,407 [main] INFO  server.RaftServerConfigKeys (ConfUtils.java:logGet(46)) - raft.server.data-stream.async.request.thread.pool.cached = false (default)
2025-04-24 14:02:11,407 [main] INFO  server.RaftServerConfigKeys (ConfUtils.java:logGet(46)) - raft.server.data-stream.async.request.thread.pool.size = 20 (custom)
2025-04-24 14:02:11,407 [main] INFO  server.RaftServerConfigKeys (ConfUtils.java:logGet(46)) - raft.server.data-stream.async.write.thread.pool.size = 16 (default)
2025-04-24 14:02:11,408 [main] INFO  netty.NettyConfigKeys$DataStream (ConfUtils.java:logGet(46)) - raft.netty.dataStream.server.channel.inactive.grace-period = 10min (default)
2025-04-24 14:02:11,409 [main] INFO  server.RaftServerConfigKeys (ConfUtils.java:logGet(46)) - raft.server.data-stream.client.pool.size = 10 (default)
2025-04-24 14:02:11,410 [main] INFO  netty.NettyConfigKeys$DataStream (ConfUtils.java:logGet(46)) - raft.netty.dataStream.server.use-epoll = true (default)
2025-04-24 14:02:11,410 [main] INFO  netty.NettyConfigKeys$DataStream (ConfUtils.java:logGet(46)) - raft.netty.dataStream.server.boss-group.size = 0 (default)
2025-04-24 14:02:11,410 [main] INFO  netty.NettyUtils (NettyUtils.java:newEventLoopGroup(74)) - Create EpollEventLoopGroup for b80db16c-5673-450c-b3ca-7f89ec301096-NettyServerStreamRpc-bossGroup; Thread size is 0.
2025-04-24 14:02:11,411 [main] INFO  netty.NettyConfigKeys$DataStream (ConfUtils.java:logGet(46)) - raft.netty.dataStream.server.worker-group.size = 0 (default)
2025-04-24 14:02:11,411 [main] INFO  netty.NettyUtils (NettyUtils.java:newEventLoopGroup(74)) - Create EpollEventLoopGroup for b80db16c-5673-450c-b3ca-7f89ec301096-NettyServerStreamRpc-workerGroup; Thread size is 0.
2025-04-24 14:02:11,412 [main] INFO  netty.NettyConfigKeys$DataStream (ConfUtils.java:logGet(46)) - raft.netty.dataStream.server.tls.conf = null (default)
2025-04-24 14:02:11,413 [main] INFO  netty.NettyConfigKeys$DataStream (ConfUtils.java:logGet(46)) - raft.netty.dataStream.host = null (default)
2025-04-24 14:02:11,413 [main] INFO  netty.NettyConfigKeys$DataStream (ConfUtils.java:logGet(46)) - raft.netty.dataStream.port = 15024 (custom)
2025-04-24 14:02:11,415 [main] INFO  server.RaftServerConfigKeys (ConfUtils.java:logGet(46)) - raft.server.sleep.deviation.threshold = 300ms (default)
2025-04-24 14:02:11,415 [main] INFO  server.RaftServerConfigKeys (ConfUtils.java:logGet(46)) - raft.server.close.threshold = 60s (default)
2025-04-24 14:02:11,415 [main] INFO  server.RaftServerConfigKeys (ConfUtils.java:logGet(46)) - raft.server.leaderelection.leader.step-down.wait-time = 10s (default)
2025-04-24 14:02:11,416 [main] INFO  server.RaftServerConfigKeys (ConfUtils.java:logGet(46)) - raft.server.storage.dir = [/home/runner/work/ozone/ozone/hadoop-ozone/integration-test/target/test-dir/MiniOzoneClusterImpl-4e6105ad-12bc-4f18-9d37-351d73277e17/ozone-meta/datanode-1/ratis] (custom)
2025-04-24 14:02:11,416 [main] INFO  server.RaftServerConfigKeys (ConfUtils.java:logGet(46)) - raft.server.threadpool.proxy.cached = true (default)
2025-04-24 14:02:11,416 [main] INFO  server.RaftServerConfigKeys (ConfUtils.java:logGet(46)) - raft.server.threadpool.proxy.size = 0 (default)
2025-04-24 14:02:11,416 [b80db16c-5673-450c-b3ca-7f89ec301096-impl-thread1] INFO  server.RaftServer (RaftServerProxy.java:initGroupDir(265)) - b80db16c-5673-450c-b3ca-7f89ec301096: found a subdirectory /home/runner/work/ozone/ozone/hadoop-ozone/integration-test/target/test-dir/MiniOzoneClusterImpl-4e6105ad-12bc-4f18-9d37-351d73277e17/ozone-meta/datanode-1/ratis/tmp
2025-04-24 14:02:11,417 [b80db16c-5673-450c-b3ca-7f89ec301096-impl-thread1] INFO  server.RaftServer (RaftServerProxy.java:initGroupDir(270)) - b80db16c-5673-450c-b3ca-7f89ec301096: The directory /home/runner/work/ozone/ozone/hadoop-ozone/integration-test/target/test-dir/MiniOzoneClusterImpl-4e6105ad-12bc-4f18-9d37-351d73277e17/ozone-meta/datanode-1/ratis/tmp is not a group directory; ignoring it. 
2025-04-24 14:02:11,419 [main] INFO  replication.ReplicationServer (ReplicationServer.java:<init>(84)) - Initializing replication server with thread count = 10 queue length = 4096
2025-04-24 14:02:11,423 [b80db16c-5673-450c-b3ca-7f89ec301096-NettyServerStreamRpc-bossGroup--thread1] INFO  logging.LoggingHandler (AbstractInternalLogger.java:log(148)) - [id: 0x510d19d0] REGISTERED
2025-04-24 14:02:11,424 [b80db16c-5673-450c-b3ca-7f89ec301096-NettyServerStreamRpc-bossGroup--thread1] INFO  logging.LoggingHandler (AbstractInternalLogger.java:log(148)) - [id: 0x510d19d0] BIND: 0.0.0.0/0.0.0.0:15024
2025-04-24 14:02:11,424 [b80db16c-5673-450c-b3ca-7f89ec301096-NettyServerStreamRpc-bossGroup--thread1] INFO  logging.LoggingHandler (AbstractInternalLogger.java:log(148)) - [id: 0x510d19d0, L:/0.0.0.0:15024] ACTIVE
2025-04-24 14:02:11,435 [main] INFO  server.XceiverServerGrpc (XceiverServerGrpc.java:<init>(131)) - GrpcServer channel type EpollServerSocketChannel
2025-04-24 14:02:11,458 [main] INFO  replication.ReplicationSupervisor (ReplicationSupervisor.java:build(169)) - Initializing replication supervisor with thread count = 10
2025-04-24 14:02:11,459 [main] INFO  replication.ReplicationSupervisor (ReplicationSupervisor.java:nodeStateUpdated(358)) - Node state updated to IN_SERVICE, scaling executor pool size to 10
2025-04-24 14:02:11,461 [omNode-3-server-thread1] INFO  server.RaftServer$Division (RaftServerImpl.java:setFirstElection(562)) - omNode-3@group-523986131536: set firstElectionSinceStartup to false for appendEntries
2025-04-24 14:02:11,461 [omNode-3-server-thread1] INFO  ratis.OzoneManagerStateMachine (OzoneManagerStateMachine.java:notifyLeaderChanged(169)) - omNode-3@group-523986131536: leader changed to omNode-1
2025-04-24 14:02:11,461 [omNode-3-server-thread1] INFO  server.RaftServer$Division (ServerState.java:setLeader(272)) - omNode-3@group-523986131536: change Leader from null to omNode-1 at term 1 for appendEntries, leader elected after 961ms
2025-04-24 14:02:11,462 [omNode-3-server-thread1] INFO  server.RaftServer$Division (RaftServerImpl.java:checkInconsistentAppendEntries(1648)) - omNode-3@group-523986131536: Failed appendEntries as previous log entry ((t:1, i:0)) is not found
2025-04-24 14:02:11,462 [omNode-3-server-thread1] INFO  server.RaftServer$Division (RaftServerImpl.java:appendEntriesAsync(1580)) - omNode-3@group-523986131536: appendEntries* reply omNode-1<-omNode-3#766:FAIL-t0,INCONSISTENCY,nextIndex=0,followerCommit=-1,matchIndex=-1
2025-04-24 14:02:11,465 [grpc-default-executor-0] WARN  server.GrpcLogAppender (GrpcLogAppender.java:onNextImpl(519)) - omNode-1@group-523986131536->omNode-3-AppendLogResponseHandler: received INCONSISTENCY reply with nextIndex 0, errorCount=7, request=AppendEntriesRequest:cid=766,entriesCount=0
2025-04-24 14:02:11,466 [grpc-default-executor-0] INFO  leader.FollowerInfo (FollowerInfoImpl.java:info(70)) - omNode-1@group-523986131536->omNode-3: setNextIndex nextIndex: updateUnconditionally 1 -> 0
2025-04-24 14:02:11,468 [omNode-3-server-thread1] INFO  server.RaftServer$Division (ServerState.java:setRaftConf(386)) - omNode-3@group-523986131536: set configuration conf: {index: 0, cur=peers:[omNode-3|localhost:15017, omNode-1|localhost:15009, omNode-2|localhost:15013]|listeners:[], old=null}
2025-04-24 14:02:11,469 [omNode-3-server-thread1] INFO  segmented.SegmentedRaftLogWorker (SegmentedRaftLogWorker.java:startLogSegment(438)) - omNode-3@group-523986131536-SegmentedRaftLogWorker: Starting segment from index:0
2025-04-24 14:02:11,469 [omNode-3@group-523986131536-SegmentedRaftLogWorker] INFO  segmented.BufferedWriteChannel (BufferedWriteChannel.java:open(61)) - open log_inprogress_0 at position 0
2025-04-24 14:02:11,478 [omNode-3@group-523986131536-SegmentedRaftLogWorker] INFO  segmented.SegmentedRaftLogWorker (SegmentedRaftLogWorker.java:execute(644)) - omNode-3@group-523986131536-SegmentedRaftLogWorker: created new log segment /home/runner/work/ozone/ozone/hadoop-ozone/integration-test/target/test-dir/MiniOzoneClusterImpl-4e6105ad-12bc-4f18-9d37-351d73277e17/omNode-3/ratis/c9bc4cf4-3bc3-3c60-a66b-523986131536/current/log_inprogress_0
2025-04-24 14:02:11,482 [omNode-3@group-523986131536-StateMachineUpdater] INFO  ratis.OzoneManagerStateMachine (OzoneManagerStateMachine.java:notifyConfigurationChanged(231)) - notifyConfigurationChanged from Ratis: term=1, index=0, New Peer list: omNode-3(localhost:15017), omNode-1(localhost:15009), omNode-2(localhost:15013)
2025-04-24 14:02:11,489 [main] INFO  lib.Interns (Interns.java:removeEldestEntry(50)) - Metrics intern cache overflow at 2011 for MetricsSystem={MetricsSystem=MetricsInfoImpl{name=MetricsSystem, description=MetricsSystem}, MetricsSystem record=MetricsInfoImpl{name=MetricsSystem, description=MetricsSystem record}}
2025-04-24 14:02:11,501 [omNode-2@group-523986131536-StateMachineUpdater] INFO  ratis.OzoneManagerStateMachine (OzoneManagerStateMachine.java:notifyConfigurationChanged(231)) - notifyConfigurationChanged from Ratis: term=1, index=0, New Peer list: omNode-3(localhost:15017), omNode-1(localhost:15009), omNode-2(localhost:15013)
2025-04-24 14:02:11,512 [main] INFO  http.BaseHttpServer (BaseHttpServer.java:newHttpServer2BuilderForOzone(229)) - Starting Web-server for hddsDatanode at: http://0.0.0.0:15018
2025-04-24 14:02:11,512 [main] INFO  http.BaseHttpServer (BaseHttpServer.java:<init>(107)) - Hadoop Security Enabled: false Ozone Security Enabled: false Ozone HTTP Security Enabled: false 
2025-04-24 14:02:11,514 [main] WARN  server.AuthenticationFilter (AuthenticationFilter.java:constructSecretProvider(240)) - Unable to initialize FileSignerSecretProvider, falling back to use random secrets. Reason: Could not read signature secret file: /home/runner/hadoop-http-auth-signature-secret
2025-04-24 14:02:11,517 [main] INFO  http.HttpServer2 (HttpServer2.java:addGlobalFilter(1041)) - Added global filter 'safety' (class=org.apache.hadoop.hdds.server.http.HttpServer2$QuotingInputFilter)
2025-04-24 14:02:11,519 [main] INFO  http.HttpServer2 (HttpServer2.java:addFilter(1017)) - Added filter static_user_filter (class=org.apache.hadoop.http.lib.StaticUserWebFilter$StaticUserFilter) to context hddsDatanode
2025-04-24 14:02:11,519 [main] INFO  http.HttpServer2 (HttpServer2.java:addFilter(1025)) - Added filter static_user_filter (class=org.apache.hadoop.http.lib.StaticUserWebFilter$StaticUserFilter) to context static
2025-04-24 14:02:11,519 [main] INFO  http.HttpServer2 (HttpServer2.java:addFilter(1025)) - Added filter static_user_filter (class=org.apache.hadoop.http.lib.StaticUserWebFilter$StaticUserFilter) to context logs
2025-04-24 14:02:11,520 [main] INFO  http.BaseHttpServer (BaseHttpServer.java:<init>(195)) - HTTP server of hddsDatanode uses base directory /home/runner/work/ozone/ozone/hadoop-ozone/integration-test/target/test-dir/MiniOzoneClusterImpl-4e6105ad-12bc-4f18-9d37-351d73277e17/ozone-meta/datanode-1/meta/webserver
2025-04-24 14:02:11,520 [main] INFO  http.HttpServer2 (HttpServer2.java:bindListener(1241)) - Jetty bound to port 15018
2025-04-24 14:02:11,520 [main] INFO  server.Server (Server.java:doStart(375)) - jetty-9.4.57.v20241219; built: 2025-01-08T21:24:30.412Z; git: df524e6b29271c2e09ba9aea83c18dc9db464a31; jvm 21.0.7+6-LTS
2025-04-24 14:02:11,522 [main] INFO  server.session (DefaultSessionIdManager.java:doStart(334)) - DefaultSessionIdManager workerName=node0
2025-04-24 14:02:11,522 [main] INFO  server.session (DefaultSessionIdManager.java:doStart(339)) - No SessionScavenger set, using defaults
2025-04-24 14:02:11,523 [main] INFO  server.session (HouseKeeper.java:startScavenging(132)) - node0 Scavenging every 600000ms
2025-04-24 14:02:11,523 [main] INFO  handler.ContextHandler (ContextHandler.java:doStart(921)) - Started o.e.j.s.ServletContextHandler@67d8431d{logs,/logs,file:///home/runner/work/ozone/ozone/hadoop-ozone/integration-test/target/log,AVAILABLE}
2025-04-24 14:02:11,524 [main] INFO  handler.ContextHandler (ContextHandler.java:doStart(921)) - Started o.e.j.s.ServletContextHandler@224d7549{static,/static,jar:file:/home/runner/work/ozone/ozone/hadoop-hdds/container-service/target/hdds-container-service-2.1.0-SNAPSHOT.jar!/webapps/static,AVAILABLE}
2025-04-24 14:02:11,719 [main] INFO  handler.ContextHandler (ContextHandler.java:doStart(921)) - Started o.e.j.w.WebAppContext@17d636a2{hddsDatanode,/,file:///home/runner/work/ozone/ozone/hadoop-ozone/integration-test/target/test-dir/MiniOzoneClusterImpl-4e6105ad-12bc-4f18-9d37-351d73277e17/ozone-meta/datanode-1/meta/webserver/jetty-0_0_0_0-15018-hdds-container-service-2_1_0-SNAPSHOT_jar-_-any-14073836645199289692/webapp/,AVAILABLE}{jar:file:/home/runner/work/ozone/ozone/hadoop-hdds/container-service/target/hdds-container-service-2.1.0-SNAPSHOT.jar!/webapps/hddsDatanode}
2025-04-24 14:02:11,720 [main] INFO  server.AbstractConnector (AbstractConnector.java:doStart(333)) - Started ServerConnector@2305053{HTTP/1.1, (http/1.1)}{0.0.0.0:15018}
2025-04-24 14:02:11,720 [main] INFO  server.Server (Server.java:doStart(415)) - Started @13052ms
2025-04-24 14:02:11,720 [main] WARN  impl.MetricsSystemImpl (MetricsSystemImpl.java:register(279)) - Sink prometheus already exists!
2025-04-24 14:02:11,720 [main] INFO  http.BaseHttpServer (BaseHttpServer.java:updateConnectorAddress(360)) - HTTP server of hddsDatanode listening at http://0.0.0.0:15018
2025-04-24 14:02:11,723 [main] INFO  ipc.CallQueueManager (CallQueueManager.java:<init>(93)) - Using callQueue: class java.util.concurrent.LinkedBlockingQueue, queueCapacity: 1000, scheduler: class org.apache.hadoop.ipc.DefaultRpcScheduler, ipcBackoff: false, ipcFailOver: false.
2025-04-24 14:02:11,723 [main] INFO  ipc.Server (Server.java:<init>(1438)) - Listener at 0.0.0.0:15019
2025-04-24 14:02:11,724 [Socket Reader #1 for port 15019] INFO  ipc.Server (Server.java:run(1474)) - Starting Socket Reader #1 for port 15019
2025-04-24 14:02:11,724 [Socket Reader #5 for port 15019] INFO  ipc.Server (Server.java:run(1474)) - Starting Socket Reader #5 for port 15019
2025-04-24 14:02:11,724 [Socket Reader #4 for port 15019] INFO  ipc.Server (Server.java:run(1474)) - Starting Socket Reader #4 for port 15019
2025-04-24 14:02:11,724 [Socket Reader #3 for port 15019] INFO  ipc.Server (Server.java:run(1474)) - Starting Socket Reader #3 for port 15019
2025-04-24 14:02:11,724 [Socket Reader #2 for port 15019] INFO  ipc.Server (Server.java:run(1474)) - Starting Socket Reader #2 for port 15019
2025-04-24 14:02:11,725 [Socket Reader #9 for port 15019] INFO  ipc.Server (Server.java:run(1474)) - Starting Socket Reader #9 for port 15019
2025-04-24 14:02:11,725 [Socket Reader #8 for port 15019] INFO  ipc.Server (Server.java:run(1474)) - Starting Socket Reader #8 for port 15019
2025-04-24 14:02:11,725 [Socket Reader #7 for port 15019] INFO  ipc.Server (Server.java:run(1474)) - Starting Socket Reader #7 for port 15019
2025-04-24 14:02:11,724 [Socket Reader #6 for port 15019] INFO  ipc.Server (Server.java:run(1474)) - Starting Socket Reader #6 for port 15019
2025-04-24 14:02:11,725 [Socket Reader #10 for port 15019] INFO  ipc.Server (Server.java:run(1474)) - Starting Socket Reader #10 for port 15019
2025-04-24 14:02:11,728 [main] INFO  ozone.HddsDatanodeService (HddsDatanodeService.java:start(325)) - Datanode start with admins: [*, runner]
2025-04-24 14:02:11,728 [main] INFO  ozone.HddsDatanodeClientProtocolServer (HddsDatanodeClientProtocolServer.java:start(76)) - RPC server for Client /0.0.0.0:15019
2025-04-24 14:02:11,728 [IPC Server Responder] INFO  ipc.Server (Server.java:run(1713)) - IPC Server Responder: starting
2025-04-24 14:02:11,729 [IPC Server listener on 15019] INFO  ipc.Server (Server.java:run(1553)) - IPC Server listener on 15019: starting
2025-04-24 14:02:11,731 [main] WARN  dropwizard3.Dm3MetricRegistriesImpl (Dm3MetricRegistriesImpl.java:addReporterRegistration(114)) - New reporters are added after registries were created. Some metrics will be missing from the reporter. Please add reporter before adding any new registry.
2025-04-24 14:02:11,731 [main] WARN  dropwizard3.Dm3MetricRegistriesImpl (Dm3MetricRegistriesImpl.java:addReporterRegistration(114)) - New reporters are added after registries were created. Some metrics will be missing from the reporter. Please add reporter before adding any new registry.
2025-04-24 14:02:11,732 [main] INFO  impl.MetricsSystemImpl (MetricsSystemImpl.java:init(158)) - HddsDatanode metrics system started (again)
2025-04-24 14:02:11,735 [b80db16c-5673-450c-b3ca-7f89ec301096-DatanodeStateMachineDaemonThread] INFO  statemachine.DatanodeStateMachine (DatanodeStateMachine.java:startStateMachineThread(340)) - Ozone container server started.
2025-04-24 14:02:11,748 [main] INFO  protocol.DatanodeDetails (DatanodeDetails.java:validateDatanodeIpAddress(199)) - Updating IP address of datanode aed9408d-e3c0-4aa9-9c6a-b698c50b685f(fv-az2210-761/null) to 10.1.0.107
2025-04-24 14:02:11,748 [main] INFO  ozone.HddsDatanodeService (HddsDatanodeService.java:start(234)) - HddsDatanodeService aed9408d-e3c0-4aa9-9c6a-b698c50b685f(fv-az2210-761/10.1.0.107)
2025-04-24 14:02:11,751 [main] INFO  upgrade.AbstractLayoutVersionManager (AbstractLayoutVersionManager.java:init(80)) - Initializing Layout version manager with metadata layout = HBASE_SUPPORT (version = 8), software layout = HBASE_SUPPORT (version = 8)
2025-04-24 14:02:11,752 [main] INFO  statemachine.DatanodeStateMachine (DatanodeStateMachine.java:getEndPointTaskThreadPoolSize(297)) - Datanode State Machine Task Thread Pool size 2
2025-04-24 14:02:11,756 [main] INFO  volume.HddsVolume (HddsVolume.java:<init>(158)) - HddsVolume: { id=DS-0b23ec9d-63cd-4a65-8280-23bb523b9df9 dir=/home/runner/work/ozone/ozone/hadoop-ozone/integration-test/target/test-dir/MiniOzoneClusterImpl-4e6105ad-12bc-4f18-9d37-351d73277e17/ozone-meta/datanode-2/data-0/hdds type=DISK capacity=9222449699674390527 used=0 available=9222449699674390527 minFree=5368709120 committed=0 }
2025-04-24 14:02:11,756 [main] INFO  volume.MutableVolumeSet (MutableVolumeSet.java:initializeVolumeSet(166)) - Added Volume : /home/runner/work/ozone/ozone/hadoop-ozone/integration-test/target/test-dir/MiniOzoneClusterImpl-4e6105ad-12bc-4f18-9d37-351d73277e17/ozone-meta/datanode-2/data-0/hdds to VolumeSet
2025-04-24 14:02:11,758 [main] INFO  volume.MutableVolumeSet (MutableVolumeSet.java:initializeVolumeSet(166)) - Added Volume : /home/runner/work/ozone/ozone/hadoop-ozone/integration-test/target/test-dir/MiniOzoneClusterImpl-4e6105ad-12bc-4f18-9d37-351d73277e17/ozone-meta/datanode-2/ratis to VolumeSet
2025-04-24 14:02:11,759 [main] INFO  ozoneimpl.OzoneContainer (HddsVolumeUtil.java:loadAllHddsVolumeDbStore(102)) - Load 1 volumes DbStore cost: 0ms
2025-04-24 14:02:11,759 [main] WARN  db.DBStoreBuilder (DBStoreBuilder.java:getDBDirPath(167)) - ozone.scm.datanode.id.dir is not configured. We recommend adding this setting. Falling back to ozone.metadata.dirs instead.
2025-04-24 14:02:11,760 [main] WARN  db.DBStoreBuilder (DBStoreBuilder.java:getDBDirPath(167)) - ozone.scm.datanode.id.dir is not configured. We recommend adding this setting. Falling back to ozone.metadata.dirs instead.
2025-04-24 14:02:11,776 [main] INFO  impl.FilePerChunkStrategy (FilePerChunkStrategy.java:<init>(79)) - ozone.chunk.read.mapped.buffer.max.count is load with 0
2025-04-24 14:02:11,777 [main] INFO  impl.FilePerBlockStrategy (FilePerBlockStrategy.java:<init>(87)) - ozone.chunk.read.mapped.buffer.max.count is load with 0
2025-04-24 14:02:11,778 [main] INFO  server.RaftServerConfigKeys (ConfUtils.java:logGet(46)) - raft.server.log.appender.buffer.byte-limit = 33554432 (custom)
2025-04-24 14:02:11,780 [main] INFO  server.RaftServer (ConfUtils.java:logGet(46)) - raft.rpc.type = GRPC (default)
2025-04-24 14:02:11,780 [main] INFO  grpc.GrpcConfigKeys (ConfUtils.java:logFallback(53)) - raft.grpc.admin.host = null (fallback to raft.grpc.server.host)
2025-04-24 14:02:11,780 [main] INFO  grpc.GrpcConfigKeys (ConfUtils.java:logGet(46)) - raft.grpc.admin.port = 15030 (custom)
2025-04-24 14:02:11,780 [main] INFO  grpc.GrpcConfigKeys (ConfUtils.java:logFallback(53)) - raft.grpc.client.host = null (fallback to raft.grpc.server.host)
2025-04-24 14:02:11,780 [main] INFO  grpc.GrpcConfigKeys (ConfUtils.java:logGet(46)) - raft.grpc.client.port = 15029 (custom)
2025-04-24 14:02:11,781 [main] INFO  grpc.GrpcConfigKeys (ConfUtils.java:logGet(46)) - raft.grpc.server.host = null (default)
2025-04-24 14:02:11,781 [main] INFO  grpc.GrpcConfigKeys (ConfUtils.java:logGet(46)) - raft.grpc.server.port = 15031 (custom)
2025-04-24 14:02:11,781 [main] INFO  server.GrpcService (ConfUtils.java:logGet(46)) - raft.grpc.message.size.max = 34603008 (custom)
2025-04-24 14:02:11,781 [main] INFO  server.GrpcService (ConfUtils.java:logGet(46)) - raft.grpc.flow.control.window = 5MB (=5242880) (custom)
2025-04-24 14:02:11,781 [main] INFO  server.RaftServerConfigKeys (ConfUtils.java:logGet(46)) - raft.server.rpc.request.timeout = 60s (custom)
2025-04-24 14:02:11,781 [main] INFO  grpc.GrpcConfigKeys (ConfUtils.java:logGet(46)) - raft.grpc.server.heartbeat.channel = true (default)
2025-04-24 14:02:11,781 [main] INFO  server.RaftServerConfigKeys (ConfUtils.java:logGet(46)) - raft.server.log.appender.buffer.byte-limit = 33554432 (custom)
2025-04-24 14:02:11,781 [main] INFO  grpc.GrpcConfigKeys (ConfUtils.java:logGet(46)) - raft.grpc.server.async.request.thread.pool.cached = true (default)
2025-04-24 14:02:11,781 [main] INFO  grpc.GrpcConfigKeys (ConfUtils.java:logGet(46)) - raft.grpc.server.async.request.thread.pool.size = 32 (default)
2025-04-24 14:02:11,783 [main] INFO  impl.DataStreamServerImpl (ConfUtils.java:logGet(46)) - raft.datastream.type = NETTY (custom)
2025-04-24 14:02:11,783 [main] INFO  server.RaftServerConfigKeys (ConfUtils.java:logGet(46)) - raft.server.data-stream.async.request.thread.pool.cached = false (default)
2025-04-24 14:02:11,783 [main] INFO  server.RaftServerConfigKeys (ConfUtils.java:logGet(46)) - raft.server.data-stream.async.request.thread.pool.size = 20 (custom)
2025-04-24 14:02:11,783 [main] INFO  server.RaftServerConfigKeys (ConfUtils.java:logGet(46)) - raft.server.data-stream.async.write.thread.pool.size = 16 (default)
2025-04-24 14:02:11,783 [main] INFO  netty.NettyConfigKeys$DataStream (ConfUtils.java:logGet(46)) - raft.netty.dataStream.server.channel.inactive.grace-period = 10min (default)
2025-04-24 14:02:11,783 [main] INFO  server.RaftServerConfigKeys (ConfUtils.java:logGet(46)) - raft.server.data-stream.client.pool.size = 10 (default)
2025-04-24 14:02:11,784 [main] INFO  netty.NettyConfigKeys$DataStream (ConfUtils.java:logGet(46)) - raft.netty.dataStream.server.use-epoll = true (default)
2025-04-24 14:02:11,784 [main] INFO  netty.NettyConfigKeys$DataStream (ConfUtils.java:logGet(46)) - raft.netty.dataStream.server.boss-group.size = 0 (default)
2025-04-24 14:02:11,784 [main] INFO  netty.NettyUtils (NettyUtils.java:newEventLoopGroup(74)) - Create EpollEventLoopGroup for aed9408d-e3c0-4aa9-9c6a-b698c50b685f-NettyServerStreamRpc-bossGroup; Thread size is 0.
2025-04-24 14:02:11,784 [main] INFO  netty.NettyConfigKeys$DataStream (ConfUtils.java:logGet(46)) - raft.netty.dataStream.server.worker-group.size = 0 (default)
2025-04-24 14:02:11,784 [main] INFO  netty.NettyUtils (NettyUtils.java:newEventLoopGroup(74)) - Create EpollEventLoopGroup for aed9408d-e3c0-4aa9-9c6a-b698c50b685f-NettyServerStreamRpc-workerGroup; Thread size is 0.
2025-04-24 14:02:11,785 [main] INFO  netty.NettyConfigKeys$DataStream (ConfUtils.java:logGet(46)) - raft.netty.dataStream.server.tls.conf = null (default)
2025-04-24 14:02:11,785 [main] INFO  netty.NettyConfigKeys$DataStream (ConfUtils.java:logGet(46)) - raft.netty.dataStream.host = null (default)
2025-04-24 14:02:11,785 [main] INFO  netty.NettyConfigKeys$DataStream (ConfUtils.java:logGet(46)) - raft.netty.dataStream.port = 15032 (custom)
2025-04-24 14:02:11,785 [main] INFO  server.RaftServerConfigKeys (ConfUtils.java:logGet(46)) - raft.server.sleep.deviation.threshold = 300ms (default)
2025-04-24 14:02:11,786 [main] INFO  server.RaftServerConfigKeys (ConfUtils.java:logGet(46)) - raft.server.close.threshold = 60s (default)
2025-04-24 14:02:11,786 [main] INFO  server.RaftServerConfigKeys (ConfUtils.java:logGet(46)) - raft.server.leaderelection.leader.step-down.wait-time = 10s (default)
2025-04-24 14:02:11,786 [main] INFO  server.RaftServerConfigKeys (ConfUtils.java:logGet(46)) - raft.server.storage.dir = [/home/runner/work/ozone/ozone/hadoop-ozone/integration-test/target/test-dir/MiniOzoneClusterImpl-4e6105ad-12bc-4f18-9d37-351d73277e17/ozone-meta/datanode-2/ratis] (custom)
2025-04-24 14:02:11,786 [main] INFO  server.RaftServerConfigKeys (ConfUtils.java:logGet(46)) - raft.server.threadpool.proxy.cached = true (default)
2025-04-24 14:02:11,786 [main] INFO  server.RaftServerConfigKeys (ConfUtils.java:logGet(46)) - raft.server.threadpool.proxy.size = 0 (default)
2025-04-24 14:02:11,787 [aed9408d-e3c0-4aa9-9c6a-b698c50b685f-NettyServerStreamRpc-bossGroup--thread1] INFO  logging.LoggingHandler (AbstractInternalLogger.java:log(148)) - [id: 0xe2366661] REGISTERED
2025-04-24 14:02:11,787 [aed9408d-e3c0-4aa9-9c6a-b698c50b685f-NettyServerStreamRpc-bossGroup--thread1] INFO  logging.LoggingHandler (AbstractInternalLogger.java:log(148)) - [id: 0xe2366661] BIND: 0.0.0.0/0.0.0.0:15032
2025-04-24 14:02:11,787 [aed9408d-e3c0-4aa9-9c6a-b698c50b685f-NettyServerStreamRpc-bossGroup--thread1] INFO  logging.LoggingHandler (AbstractInternalLogger.java:log(148)) - [id: 0xe2366661, L:/0.0.0.0:15032] ACTIVE
2025-04-24 14:02:11,787 [aed9408d-e3c0-4aa9-9c6a-b698c50b685f-impl-thread1] INFO  server.RaftServer (RaftServerProxy.java:initGroupDir(265)) - aed9408d-e3c0-4aa9-9c6a-b698c50b685f: found a subdirectory /home/runner/work/ozone/ozone/hadoop-ozone/integration-test/target/test-dir/MiniOzoneClusterImpl-4e6105ad-12bc-4f18-9d37-351d73277e17/ozone-meta/datanode-2/ratis/tmp
2025-04-24 14:02:11,787 [aed9408d-e3c0-4aa9-9c6a-b698c50b685f-impl-thread1] INFO  server.RaftServer (RaftServerProxy.java:initGroupDir(270)) - aed9408d-e3c0-4aa9-9c6a-b698c50b685f: The directory /home/runner/work/ozone/ozone/hadoop-ozone/integration-test/target/test-dir/MiniOzoneClusterImpl-4e6105ad-12bc-4f18-9d37-351d73277e17/ozone-meta/datanode-2/ratis/tmp is not a group directory; ignoring it. 
2025-04-24 14:02:11,788 [main] INFO  replication.ReplicationServer (ReplicationServer.java:<init>(84)) - Initializing replication server with thread count = 10 queue length = 4096
2025-04-24 14:02:11,789 [main] INFO  server.XceiverServerGrpc (XceiverServerGrpc.java:<init>(131)) - GrpcServer channel type EpollServerSocketChannel
2025-04-24 14:02:11,791 [main] INFO  replication.ReplicationSupervisor (ReplicationSupervisor.java:build(169)) - Initializing replication supervisor with thread count = 10
2025-04-24 14:02:11,791 [main] INFO  replication.ReplicationSupervisor (ReplicationSupervisor.java:nodeStateUpdated(358)) - Node state updated to IN_SERVICE, scaling executor pool size to 10
2025-04-24 14:02:11,794 [main] INFO  http.BaseHttpServer (BaseHttpServer.java:newHttpServer2BuilderForOzone(229)) - Starting Web-server for hddsDatanode at: http://0.0.0.0:15026
2025-04-24 14:02:11,795 [main] INFO  http.BaseHttpServer (BaseHttpServer.java:<init>(107)) - Hadoop Security Enabled: false Ozone Security Enabled: false Ozone HTTP Security Enabled: false 
2025-04-24 14:02:11,797 [main] WARN  server.AuthenticationFilter (AuthenticationFilter.java:constructSecretProvider(240)) - Unable to initialize FileSignerSecretProvider, falling back to use random secrets. Reason: Could not read signature secret file: /home/runner/hadoop-http-auth-signature-secret
2025-04-24 14:02:11,797 [b80db16c-5673-450c-b3ca-7f89ec301096-DatanodeStateMachineTaskThread-0] INFO  datanode.InitDatanodeState (InitDatanodeState.java:persistContainerDatanodeDetails(139)) - DatanodeDetails is persisted to /home/runner/work/ozone/ozone/hadoop-ozone/integration-test/target/test-dir/MiniOzoneClusterImpl-4e6105ad-12bc-4f18-9d37-351d73277e17/ozone-meta/datanode-1/meta/datanode.id
2025-04-24 14:02:11,803 [main] INFO  http.HttpServer2 (HttpServer2.java:addGlobalFilter(1041)) - Added global filter 'safety' (class=org.apache.hadoop.hdds.server.http.HttpServer2$QuotingInputFilter)
2025-04-24 14:02:11,805 [main] INFO  http.HttpServer2 (HttpServer2.java:addFilter(1017)) - Added filter static_user_filter (class=org.apache.hadoop.http.lib.StaticUserWebFilter$StaticUserFilter) to context hddsDatanode
2025-04-24 14:02:11,805 [main] INFO  http.HttpServer2 (HttpServer2.java:addFilter(1025)) - Added filter static_user_filter (class=org.apache.hadoop.http.lib.StaticUserWebFilter$StaticUserFilter) to context logs
2025-04-24 14:02:11,805 [main] INFO  http.HttpServer2 (HttpServer2.java:addFilter(1025)) - Added filter static_user_filter (class=org.apache.hadoop.http.lib.StaticUserWebFilter$StaticUserFilter) to context static
2025-04-24 14:02:11,807 [main] INFO  http.BaseHttpServer (BaseHttpServer.java:<init>(195)) - HTTP server of hddsDatanode uses base directory /home/runner/work/ozone/ozone/hadoop-ozone/integration-test/target/test-dir/MiniOzoneClusterImpl-4e6105ad-12bc-4f18-9d37-351d73277e17/ozone-meta/datanode-2/meta/webserver
2025-04-24 14:02:11,807 [main] INFO  http.HttpServer2 (HttpServer2.java:bindListener(1241)) - Jetty bound to port 15026
2025-04-24 14:02:11,807 [main] INFO  server.Server (Server.java:doStart(375)) - jetty-9.4.57.v20241219; built: 2025-01-08T21:24:30.412Z; git: df524e6b29271c2e09ba9aea83c18dc9db464a31; jvm 21.0.7+6-LTS
2025-04-24 14:02:11,809 [main] INFO  server.session (DefaultSessionIdManager.java:doStart(334)) - DefaultSessionIdManager workerName=node0
2025-04-24 14:02:11,809 [main] INFO  server.session (DefaultSessionIdManager.java:doStart(339)) - No SessionScavenger set, using defaults
2025-04-24 14:02:11,809 [main] INFO  server.session (HouseKeeper.java:startScavenging(132)) - node0 Scavenging every 600000ms
2025-04-24 14:02:11,810 [main] INFO  handler.ContextHandler (ContextHandler.java:doStart(921)) - Started o.e.j.s.ServletContextHandler@506ec7ea{logs,/logs,file:///home/runner/work/ozone/ozone/hadoop-ozone/integration-test/target/log,AVAILABLE}
2025-04-24 14:02:11,811 [main] INFO  handler.ContextHandler (ContextHandler.java:doStart(921)) - Started o.e.j.s.ServletContextHandler@39df2130{static,/static,jar:file:/home/runner/work/ozone/ozone/hadoop-hdds/container-service/target/hdds-container-service-2.1.0-SNAPSHOT.jar!/webapps/static,AVAILABLE}
2025-04-24 14:02:11,945 [main] INFO  handler.ContextHandler (ContextHandler.java:doStart(921)) - Started o.e.j.w.WebAppContext@18f7f928{hddsDatanode,/,file:///home/runner/work/ozone/ozone/hadoop-ozone/integration-test/target/test-dir/MiniOzoneClusterImpl-4e6105ad-12bc-4f18-9d37-351d73277e17/ozone-meta/datanode-2/meta/webserver/jetty-0_0_0_0-15026-hdds-container-service-2_1_0-SNAPSHOT_jar-_-any-17921168859467257198/webapp/,AVAILABLE}{jar:file:/home/runner/work/ozone/ozone/hadoop-hdds/container-service/target/hdds-container-service-2.1.0-SNAPSHOT.jar!/webapps/hddsDatanode}
2025-04-24 14:02:11,946 [main] INFO  server.AbstractConnector (AbstractConnector.java:doStart(333)) - Started ServerConnector@48e4d5cf{HTTP/1.1, (http/1.1)}{0.0.0.0:15026}
2025-04-24 14:02:11,946 [main] INFO  server.Server (Server.java:doStart(415)) - Started @13278ms
2025-04-24 14:02:11,946 [main] WARN  impl.MetricsSystemImpl (MetricsSystemImpl.java:register(279)) - Sink prometheus already exists!
2025-04-24 14:02:11,946 [main] INFO  http.BaseHttpServer (BaseHttpServer.java:updateConnectorAddress(360)) - HTTP server of hddsDatanode listening at http://0.0.0.0:15026
2025-04-24 14:02:11,947 [main] INFO  ipc.CallQueueManager (CallQueueManager.java:<init>(93)) - Using callQueue: class java.util.concurrent.LinkedBlockingQueue, queueCapacity: 1000, scheduler: class org.apache.hadoop.ipc.DefaultRpcScheduler, ipcBackoff: false, ipcFailOver: false.
2025-04-24 14:02:11,947 [main] INFO  ipc.Server (Server.java:<init>(1438)) - Listener at 0.0.0.0:15027
2025-04-24 14:02:11,947 [Socket Reader #1 for port 15027] INFO  ipc.Server (Server.java:run(1474)) - Starting Socket Reader #1 for port 15027
2025-04-24 14:02:11,948 [Socket Reader #2 for port 15027] INFO  ipc.Server (Server.java:run(1474)) - Starting Socket Reader #2 for port 15027
2025-04-24 14:02:11,948 [Socket Reader #3 for port 15027] INFO  ipc.Server (Server.java:run(1474)) - Starting Socket Reader #3 for port 15027
2025-04-24 14:02:11,948 [Socket Reader #4 for port 15027] INFO  ipc.Server (Server.java:run(1474)) - Starting Socket Reader #4 for port 15027
2025-04-24 14:02:11,948 [Socket Reader #5 for port 15027] INFO  ipc.Server (Server.java:run(1474)) - Starting Socket Reader #5 for port 15027
2025-04-24 14:02:11,948 [Socket Reader #6 for port 15027] INFO  ipc.Server (Server.java:run(1474)) - Starting Socket Reader #6 for port 15027
2025-04-24 14:02:11,949 [Socket Reader #7 for port 15027] INFO  ipc.Server (Server.java:run(1474)) - Starting Socket Reader #7 for port 15027
2025-04-24 14:02:11,949 [Socket Reader #8 for port 15027] INFO  ipc.Server (Server.java:run(1474)) - Starting Socket Reader #8 for port 15027
2025-04-24 14:02:11,949 [Socket Reader #9 for port 15027] INFO  ipc.Server (Server.java:run(1474)) - Starting Socket Reader #9 for port 15027
2025-04-24 14:02:11,949 [Socket Reader #10 for port 15027] INFO  ipc.Server (Server.java:run(1474)) - Starting Socket Reader #10 for port 15027
2025-04-24 14:02:11,952 [main] INFO  ozone.HddsDatanodeService (HddsDatanodeService.java:start(325)) - Datanode start with admins: [*, runner]
2025-04-24 14:02:11,952 [main] INFO  ozone.HddsDatanodeClientProtocolServer (HddsDatanodeClientProtocolServer.java:start(76)) - RPC server for Client /0.0.0.0:15027
2025-04-24 14:02:11,952 [IPC Server Responder] INFO  ipc.Server (Server.java:run(1713)) - IPC Server Responder: starting
2025-04-24 14:02:11,952 [IPC Server listener on 15027] INFO  ipc.Server (Server.java:run(1553)) - IPC Server listener on 15027: starting
2025-04-24 14:02:11,954 [main] WARN  dropwizard3.Dm3MetricRegistriesImpl (Dm3MetricRegistriesImpl.java:addReporterRegistration(114)) - New reporters are added after registries were created. Some metrics will be missing from the reporter. Please add reporter before adding any new registry.
2025-04-24 14:02:11,954 [main] WARN  dropwizard3.Dm3MetricRegistriesImpl (Dm3MetricRegistriesImpl.java:addReporterRegistration(114)) - New reporters are added after registries were created. Some metrics will be missing from the reporter. Please add reporter before adding any new registry.
2025-04-24 14:02:11,954 [main] INFO  impl.MetricsSystemImpl (MetricsSystemImpl.java:init(158)) - HddsDatanode metrics system started (again)
2025-04-24 14:02:11,957 [aed9408d-e3c0-4aa9-9c6a-b698c50b685f-DatanodeStateMachineDaemonThread] INFO  statemachine.DatanodeStateMachine (DatanodeStateMachine.java:startStateMachineThread(340)) - Ozone container server started.
2025-04-24 14:02:11,964 [aed9408d-e3c0-4aa9-9c6a-b698c50b685f-DatanodeStateMachineTaskThread-0] INFO  datanode.InitDatanodeState (InitDatanodeState.java:persistContainerDatanodeDetails(139)) - DatanodeDetails is persisted to /home/runner/work/ozone/ozone/hadoop-ozone/integration-test/target/test-dir/MiniOzoneClusterImpl-4e6105ad-12bc-4f18-9d37-351d73277e17/ozone-meta/datanode-2/meta/datanode.id
2025-04-24 14:02:11,968 [main] INFO  protocol.DatanodeDetails (DatanodeDetails.java:validateDatanodeIpAddress(199)) - Updating IP address of datanode 72381052-d1f9-4ca6-906c-6db4c7ca7d69(fv-az2210-761/null) to 10.1.0.107
2025-04-24 14:02:11,968 [main] INFO  ozone.HddsDatanodeService (HddsDatanodeService.java:start(234)) - HddsDatanodeService 72381052-d1f9-4ca6-906c-6db4c7ca7d69(fv-az2210-761/10.1.0.107)
2025-04-24 14:02:11,971 [main] INFO  upgrade.AbstractLayoutVersionManager (AbstractLayoutVersionManager.java:init(80)) - Initializing Layout version manager with metadata layout = HBASE_SUPPORT (version = 8), software layout = HBASE_SUPPORT (version = 8)
2025-04-24 14:02:11,971 [main] INFO  statemachine.DatanodeStateMachine (DatanodeStateMachine.java:getEndPointTaskThreadPoolSize(297)) - Datanode State Machine Task Thread Pool size 2
2025-04-24 14:02:11,975 [main] INFO  volume.HddsVolume (HddsVolume.java:<init>(158)) - HddsVolume: { id=DS-ba0d8461-9d91-47ba-981f-b5f11c101b1d dir=/home/runner/work/ozone/ozone/hadoop-ozone/integration-test/target/test-dir/MiniOzoneClusterImpl-4e6105ad-12bc-4f18-9d37-351d73277e17/ozone-meta/datanode-3/data-0/hdds type=DISK capacity=9222449699674390527 used=0 available=9222449699674390527 minFree=5368709120 committed=0 }
2025-04-24 14:02:11,975 [main] INFO  volume.MutableVolumeSet (MutableVolumeSet.java:initializeVolumeSet(166)) - Added Volume : /home/runner/work/ozone/ozone/hadoop-ozone/integration-test/target/test-dir/MiniOzoneClusterImpl-4e6105ad-12bc-4f18-9d37-351d73277e17/ozone-meta/datanode-3/data-0/hdds to VolumeSet
2025-04-24 14:02:11,976 [main] INFO  volume.MutableVolumeSet (MutableVolumeSet.java:initializeVolumeSet(166)) - Added Volume : /home/runner/work/ozone/ozone/hadoop-ozone/integration-test/target/test-dir/MiniOzoneClusterImpl-4e6105ad-12bc-4f18-9d37-351d73277e17/ozone-meta/datanode-3/ratis to VolumeSet
2025-04-24 14:02:11,977 [main] INFO  ozoneimpl.OzoneContainer (HddsVolumeUtil.java:loadAllHddsVolumeDbStore(102)) - Load 1 volumes DbStore cost: 0ms
2025-04-24 14:02:11,977 [main] WARN  db.DBStoreBuilder (DBStoreBuilder.java:getDBDirPath(167)) - ozone.scm.datanode.id.dir is not configured. We recommend adding this setting. Falling back to ozone.metadata.dirs instead.
2025-04-24 14:02:11,978 [main] WARN  db.DBStoreBuilder (DBStoreBuilder.java:getDBDirPath(167)) - ozone.scm.datanode.id.dir is not configured. We recommend adding this setting. Falling back to ozone.metadata.dirs instead.
2025-04-24 14:02:11,990 [main] INFO  impl.FilePerChunkStrategy (FilePerChunkStrategy.java:<init>(79)) - ozone.chunk.read.mapped.buffer.max.count is load with 0
2025-04-24 14:02:11,990 [main] INFO  impl.FilePerBlockStrategy (FilePerBlockStrategy.java:<init>(87)) - ozone.chunk.read.mapped.buffer.max.count is load with 0
2025-04-24 14:02:11,991 [main] INFO  server.RaftServerConfigKeys (ConfUtils.java:logGet(46)) - raft.server.log.appender.buffer.byte-limit = 33554432 (custom)
2025-04-24 14:02:11,993 [main] INFO  server.RaftServer (ConfUtils.java:logGet(46)) - raft.rpc.type = GRPC (default)
2025-04-24 14:02:11,993 [main] INFO  grpc.GrpcConfigKeys (ConfUtils.java:logFallback(53)) - raft.grpc.admin.host = null (fallback to raft.grpc.server.host)
2025-04-24 14:02:11,993 [main] INFO  grpc.GrpcConfigKeys (ConfUtils.java:logGet(46)) - raft.grpc.admin.port = 15038 (custom)
2025-04-24 14:02:11,993 [main] INFO  grpc.GrpcConfigKeys (ConfUtils.java:logFallback(53)) - raft.grpc.client.host = null (fallback to raft.grpc.server.host)
2025-04-24 14:02:11,993 [main] INFO  grpc.GrpcConfigKeys (ConfUtils.java:logGet(46)) - raft.grpc.client.port = 15037 (custom)
2025-04-24 14:02:11,993 [main] INFO  grpc.GrpcConfigKeys (ConfUtils.java:logGet(46)) - raft.grpc.server.host = null (default)
2025-04-24 14:02:11,994 [main] INFO  grpc.GrpcConfigKeys (ConfUtils.java:logGet(46)) - raft.grpc.server.port = 15039 (custom)
2025-04-24 14:02:11,994 [main] INFO  server.GrpcService (ConfUtils.java:logGet(46)) - raft.grpc.message.size.max = 34603008 (custom)
2025-04-24 14:02:11,994 [main] INFO  server.GrpcService (ConfUtils.java:logGet(46)) - raft.grpc.flow.control.window = 5MB (=5242880) (custom)
2025-04-24 14:02:11,994 [main] INFO  server.RaftServerConfigKeys (ConfUtils.java:logGet(46)) - raft.server.rpc.request.timeout = 60s (custom)
2025-04-24 14:02:11,994 [main] INFO  grpc.GrpcConfigKeys (ConfUtils.java:logGet(46)) - raft.grpc.server.heartbeat.channel = true (default)
2025-04-24 14:02:11,994 [main] INFO  server.RaftServerConfigKeys (ConfUtils.java:logGet(46)) - raft.server.log.appender.buffer.byte-limit = 33554432 (custom)
2025-04-24 14:02:11,994 [main] INFO  grpc.GrpcConfigKeys (ConfUtils.java:logGet(46)) - raft.grpc.server.async.request.thread.pool.cached = true (default)
2025-04-24 14:02:11,994 [main] INFO  grpc.GrpcConfigKeys (ConfUtils.java:logGet(46)) - raft.grpc.server.async.request.thread.pool.size = 32 (default)
2025-04-24 14:02:11,996 [main] INFO  impl.DataStreamServerImpl (ConfUtils.java:logGet(46)) - raft.datastream.type = NETTY (custom)
2025-04-24 14:02:11,996 [main] INFO  server.RaftServerConfigKeys (ConfUtils.java:logGet(46)) - raft.server.data-stream.async.request.thread.pool.cached = false (default)
2025-04-24 14:02:11,996 [main] INFO  server.RaftServerConfigKeys (ConfUtils.java:logGet(46)) - raft.server.data-stream.async.request.thread.pool.size = 20 (custom)
2025-04-24 14:02:11,996 [main] INFO  server.RaftServerConfigKeys (ConfUtils.java:logGet(46)) - raft.server.data-stream.async.write.thread.pool.size = 16 (default)
2025-04-24 14:02:11,997 [main] INFO  netty.NettyConfigKeys$DataStream (ConfUtils.java:logGet(46)) - raft.netty.dataStream.server.channel.inactive.grace-period = 10min (default)
2025-04-24 14:02:11,997 [main] INFO  server.RaftServerConfigKeys (ConfUtils.java:logGet(46)) - raft.server.data-stream.client.pool.size = 10 (default)
2025-04-24 14:02:11,997 [main] INFO  netty.NettyConfigKeys$DataStream (ConfUtils.java:logGet(46)) - raft.netty.dataStream.server.use-epoll = true (default)
2025-04-24 14:02:11,997 [main] INFO  netty.NettyConfigKeys$DataStream (ConfUtils.java:logGet(46)) - raft.netty.dataStream.server.boss-group.size = 0 (default)
2025-04-24 14:02:11,997 [main] INFO  netty.NettyUtils (NettyUtils.java:newEventLoopGroup(74)) - Create EpollEventLoopGroup for 72381052-d1f9-4ca6-906c-6db4c7ca7d69-NettyServerStreamRpc-bossGroup; Thread size is 0.
2025-04-24 14:02:11,997 [main] INFO  netty.NettyConfigKeys$DataStream (ConfUtils.java:logGet(46)) - raft.netty.dataStream.server.worker-group.size = 0 (default)
2025-04-24 14:02:11,998 [main] INFO  netty.NettyUtils (NettyUtils.java:newEventLoopGroup(74)) - Create EpollEventLoopGroup for 72381052-d1f9-4ca6-906c-6db4c7ca7d69-NettyServerStreamRpc-workerGroup; Thread size is 0.
2025-04-24 14:02:11,998 [main] INFO  netty.NettyConfigKeys$DataStream (ConfUtils.java:logGet(46)) - raft.netty.dataStream.server.tls.conf = null (default)
2025-04-24 14:02:11,998 [main] INFO  netty.NettyConfigKeys$DataStream (ConfUtils.java:logGet(46)) - raft.netty.dataStream.host = null (default)
2025-04-24 14:02:11,998 [main] INFO  netty.NettyConfigKeys$DataStream (ConfUtils.java:logGet(46)) - raft.netty.dataStream.port = 15040 (custom)
2025-04-24 14:02:11,999 [72381052-d1f9-4ca6-906c-6db4c7ca7d69-NettyServerStreamRpc-bossGroup--thread1] INFO  logging.LoggingHandler (AbstractInternalLogger.java:log(148)) - [id: 0xae4ed480] REGISTERED
2025-04-24 14:02:12,000 [main] INFO  server.RaftServerConfigKeys (ConfUtils.java:logGet(46)) - raft.server.sleep.deviation.threshold = 300ms (default)
2025-04-24 14:02:12,000 [main] INFO  server.RaftServerConfigKeys (ConfUtils.java:logGet(46)) - raft.server.close.threshold = 60s (default)
2025-04-24 14:02:12,000 [main] INFO  server.RaftServerConfigKeys (ConfUtils.java:logGet(46)) - raft.server.leaderelection.leader.step-down.wait-time = 10s (default)
2025-04-24 14:02:12,000 [main] INFO  server.RaftServerConfigKeys (ConfUtils.java:logGet(46)) - raft.server.storage.dir = [/home/runner/work/ozone/ozone/hadoop-ozone/integration-test/target/test-dir/MiniOzoneClusterImpl-4e6105ad-12bc-4f18-9d37-351d73277e17/ozone-meta/datanode-3/ratis] (custom)
2025-04-24 14:02:12,000 [main] INFO  server.RaftServerConfigKeys (ConfUtils.java:logGet(46)) - raft.server.threadpool.proxy.cached = true (default)
2025-04-24 14:02:12,000 [main] INFO  server.RaftServerConfigKeys (ConfUtils.java:logGet(46)) - raft.server.threadpool.proxy.size = 0 (default)
2025-04-24 14:02:12,000 [72381052-d1f9-4ca6-906c-6db4c7ca7d69-NettyServerStreamRpc-bossGroup--thread1] INFO  logging.LoggingHandler (AbstractInternalLogger.java:log(148)) - [id: 0xae4ed480] BIND: 0.0.0.0/0.0.0.0:15040
2025-04-24 14:02:12,001 [72381052-d1f9-4ca6-906c-6db4c7ca7d69-NettyServerStreamRpc-bossGroup--thread1] INFO  logging.LoggingHandler (AbstractInternalLogger.java:log(148)) - [id: 0xae4ed480, L:/0.0.0.0:15040] ACTIVE
2025-04-24 14:02:12,001 [72381052-d1f9-4ca6-906c-6db4c7ca7d69-impl-thread1] INFO  server.RaftServer (RaftServerProxy.java:initGroupDir(265)) - 72381052-d1f9-4ca6-906c-6db4c7ca7d69: found a subdirectory /home/runner/work/ozone/ozone/hadoop-ozone/integration-test/target/test-dir/MiniOzoneClusterImpl-4e6105ad-12bc-4f18-9d37-351d73277e17/ozone-meta/datanode-3/ratis/tmp
2025-04-24 14:02:12,001 [72381052-d1f9-4ca6-906c-6db4c7ca7d69-impl-thread1] INFO  server.RaftServer (RaftServerProxy.java:initGroupDir(270)) - 72381052-d1f9-4ca6-906c-6db4c7ca7d69: The directory /home/runner/work/ozone/ozone/hadoop-ozone/integration-test/target/test-dir/MiniOzoneClusterImpl-4e6105ad-12bc-4f18-9d37-351d73277e17/ozone-meta/datanode-3/ratis/tmp is not a group directory; ignoring it. 
2025-04-24 14:02:12,001 [main] INFO  replication.ReplicationServer (ReplicationServer.java:<init>(84)) - Initializing replication server with thread count = 10 queue length = 4096
2025-04-24 14:02:12,002 [main] INFO  server.XceiverServerGrpc (XceiverServerGrpc.java:<init>(131)) - GrpcServer channel type EpollServerSocketChannel
2025-04-24 14:02:12,004 [main] INFO  replication.ReplicationSupervisor (ReplicationSupervisor.java:build(169)) - Initializing replication supervisor with thread count = 10
2025-04-24 14:02:12,004 [main] INFO  replication.ReplicationSupervisor (ReplicationSupervisor.java:nodeStateUpdated(358)) - Node state updated to IN_SERVICE, scaling executor pool size to 10
2025-04-24 14:02:12,006 [main] INFO  http.BaseHttpServer (BaseHttpServer.java:newHttpServer2BuilderForOzone(229)) - Starting Web-server for hddsDatanode at: http://0.0.0.0:15034
2025-04-24 14:02:12,006 [main] INFO  http.BaseHttpServer (BaseHttpServer.java:<init>(107)) - Hadoop Security Enabled: false Ozone Security Enabled: false Ozone HTTP Security Enabled: false 
2025-04-24 14:02:12,007 [main] WARN  server.AuthenticationFilter (AuthenticationFilter.java:constructSecretProvider(240)) - Unable to initialize FileSignerSecretProvider, falling back to use random secrets. Reason: Could not read signature secret file: /home/runner/hadoop-http-auth-signature-secret
2025-04-24 14:02:12,009 [main] INFO  http.HttpServer2 (HttpServer2.java:addGlobalFilter(1041)) - Added global filter 'safety' (class=org.apache.hadoop.hdds.server.http.HttpServer2$QuotingInputFilter)
2025-04-24 14:02:12,010 [main] INFO  http.HttpServer2 (HttpServer2.java:addFilter(1017)) - Added filter static_user_filter (class=org.apache.hadoop.http.lib.StaticUserWebFilter$StaticUserFilter) to context hddsDatanode
2025-04-24 14:02:12,011 [main] INFO  http.HttpServer2 (HttpServer2.java:addFilter(1025)) - Added filter static_user_filter (class=org.apache.hadoop.http.lib.StaticUserWebFilter$StaticUserFilter) to context logs
2025-04-24 14:02:12,011 [main] INFO  http.HttpServer2 (HttpServer2.java:addFilter(1025)) - Added filter static_user_filter (class=org.apache.hadoop.http.lib.StaticUserWebFilter$StaticUserFilter) to context static
2025-04-24 14:02:12,011 [main] INFO  http.BaseHttpServer (BaseHttpServer.java:<init>(195)) - HTTP server of hddsDatanode uses base directory /home/runner/work/ozone/ozone/hadoop-ozone/integration-test/target/test-dir/MiniOzoneClusterImpl-4e6105ad-12bc-4f18-9d37-351d73277e17/ozone-meta/datanode-3/meta/webserver
2025-04-24 14:02:12,012 [main] INFO  http.HttpServer2 (HttpServer2.java:bindListener(1241)) - Jetty bound to port 15034
2025-04-24 14:02:12,012 [main] INFO  server.Server (Server.java:doStart(375)) - jetty-9.4.57.v20241219; built: 2025-01-08T21:24:30.412Z; git: df524e6b29271c2e09ba9aea83c18dc9db464a31; jvm 21.0.7+6-LTS
2025-04-24 14:02:12,013 [main] INFO  server.session (DefaultSessionIdManager.java:doStart(334)) - DefaultSessionIdManager workerName=node0
2025-04-24 14:02:12,013 [main] INFO  server.session (DefaultSessionIdManager.java:doStart(339)) - No SessionScavenger set, using defaults
2025-04-24 14:02:12,013 [main] INFO  server.session (HouseKeeper.java:startScavenging(132)) - node0 Scavenging every 600000ms
2025-04-24 14:02:12,014 [main] INFO  handler.ContextHandler (ContextHandler.java:doStart(921)) - Started o.e.j.s.ServletContextHandler@6852cf21{logs,/logs,file:///home/runner/work/ozone/ozone/hadoop-ozone/integration-test/target/log,AVAILABLE}
2025-04-24 14:02:12,014 [main] INFO  handler.ContextHandler (ContextHandler.java:doStart(921)) - Started o.e.j.s.ServletContextHandler@40f5b4ad{static,/static,jar:file:/home/runner/work/ozone/ozone/hadoop-hdds/container-service/target/hdds-container-service-2.1.0-SNAPSHOT.jar!/webapps/static,AVAILABLE}
2025-04-24 14:02:12,143 [main] INFO  handler.ContextHandler (ContextHandler.java:doStart(921)) - Started o.e.j.w.WebAppContext@7a35e3a{hddsDatanode,/,file:///home/runner/work/ozone/ozone/hadoop-ozone/integration-test/target/test-dir/MiniOzoneClusterImpl-4e6105ad-12bc-4f18-9d37-351d73277e17/ozone-meta/datanode-3/meta/webserver/jetty-0_0_0_0-15034-hdds-container-service-2_1_0-SNAPSHOT_jar-_-any-11393191869855081617/webapp/,AVAILABLE}{jar:file:/home/runner/work/ozone/ozone/hadoop-hdds/container-service/target/hdds-container-service-2.1.0-SNAPSHOT.jar!/webapps/hddsDatanode}
2025-04-24 14:02:12,144 [main] INFO  server.AbstractConnector (AbstractConnector.java:doStart(333)) - Started ServerConnector@5d1100c1{HTTP/1.1, (http/1.1)}{0.0.0.0:15034}
2025-04-24 14:02:12,144 [main] INFO  server.Server (Server.java:doStart(415)) - Started @13476ms
2025-04-24 14:02:12,144 [main] WARN  impl.MetricsSystemImpl (MetricsSystemImpl.java:register(279)) - Sink prometheus already exists!
2025-04-24 14:02:12,144 [main] INFO  http.BaseHttpServer (BaseHttpServer.java:updateConnectorAddress(360)) - HTTP server of hddsDatanode listening at http://0.0.0.0:15034
2025-04-24 14:02:12,145 [main] INFO  ipc.CallQueueManager (CallQueueManager.java:<init>(93)) - Using callQueue: class java.util.concurrent.LinkedBlockingQueue, queueCapacity: 1000, scheduler: class org.apache.hadoop.ipc.DefaultRpcScheduler, ipcBackoff: false, ipcFailOver: false.
2025-04-24 14:02:12,145 [main] INFO  ipc.Server (Server.java:<init>(1438)) - Listener at 0.0.0.0:15035
2025-04-24 14:02:12,145 [Socket Reader #1 for port 15035] INFO  ipc.Server (Server.java:run(1474)) - Starting Socket Reader #1 for port 15035
2025-04-24 14:02:12,146 [Socket Reader #2 for port 15035] INFO  ipc.Server (Server.java:run(1474)) - Starting Socket Reader #2 for port 15035
2025-04-24 14:02:12,146 [Socket Reader #3 for port 15035] INFO  ipc.Server (Server.java:run(1474)) - Starting Socket Reader #3 for port 15035
2025-04-24 14:02:12,146 [Socket Reader #4 for port 15035] INFO  ipc.Server (Server.java:run(1474)) - Starting Socket Reader #4 for port 15035
2025-04-24 14:02:12,146 [Socket Reader #5 for port 15035] INFO  ipc.Server (Server.java:run(1474)) - Starting Socket Reader #5 for port 15035
2025-04-24 14:02:12,146 [Socket Reader #6 for port 15035] INFO  ipc.Server (Server.java:run(1474)) - Starting Socket Reader #6 for port 15035
2025-04-24 14:02:12,146 [Socket Reader #7 for port 15035] INFO  ipc.Server (Server.java:run(1474)) - Starting Socket Reader #7 for port 15035
2025-04-24 14:02:12,147 [Socket Reader #8 for port 15035] INFO  ipc.Server (Server.java:run(1474)) - Starting Socket Reader #8 for port 15035
2025-04-24 14:02:12,147 [Socket Reader #9 for port 15035] INFO  ipc.Server (Server.java:run(1474)) - Starting Socket Reader #9 for port 15035
2025-04-24 14:02:12,147 [Socket Reader #10 for port 15035] INFO  ipc.Server (Server.java:run(1474)) - Starting Socket Reader #10 for port 15035
2025-04-24 14:02:12,149 [main] INFO  ozone.HddsDatanodeService (HddsDatanodeService.java:start(325)) - Datanode start with admins: [*, runner]
2025-04-24 14:02:12,149 [main] INFO  ozone.HddsDatanodeClientProtocolServer (HddsDatanodeClientProtocolServer.java:start(76)) - RPC server for Client /0.0.0.0:15035
2025-04-24 14:02:12,149 [IPC Server Responder] INFO  ipc.Server (Server.java:run(1713)) - IPC Server Responder: starting
2025-04-24 14:02:12,149 [IPC Server listener on 15035] INFO  ipc.Server (Server.java:run(1553)) - IPC Server listener on 15035: starting
2025-04-24 14:02:12,152 [72381052-d1f9-4ca6-906c-6db4c7ca7d69-DatanodeStateMachineDaemonThread] INFO  statemachine.DatanodeStateMachine (DatanodeStateMachine.java:startStateMachineThread(340)) - Ozone container server started.
2025-04-24 14:02:12,156 [main] INFO  ozone.MiniOzoneClusterImpl (MiniOzoneClusterImpl.java:lambda$waitForClusterToBeReady$0(190)) - Waiting for nodes to be ready. Got 0 of 3 DN Heartbeats.
2025-04-24 14:02:12,156 [main] INFO  ozone.MiniOzoneClusterImpl (MiniOzoneClusterImpl.java:lambda$waitForClusterToBeReady$0(193)) - Waiting for cluster to exit safe mode
2025-04-24 14:02:12,156 [main] INFO  ozone.MiniOzoneClusterImpl (MiniOzoneClusterImpl.java:lambda$waitForClusterToBeReady$0(195)) - SCM became leader
2025-04-24 14:02:12,157 [72381052-d1f9-4ca6-906c-6db4c7ca7d69-DatanodeStateMachineTaskThread-0] INFO  datanode.InitDatanodeState (InitDatanodeState.java:persistContainerDatanodeDetails(139)) - DatanodeDetails is persisted to /home/runner/work/ozone/ozone/hadoop-ozone/integration-test/target/test-dir/MiniOzoneClusterImpl-4e6105ad-12bc-4f18-9d37-351d73277e17/ozone-meta/datanode-3/meta/datanode.id
2025-04-24 14:02:12,307 [b80db16c-5673-450c-b3ca-7f89ec301096-EndpointStateMachineTaskThread-/0.0.0.0:15002-0 ] INFO  utils.DatanodeStoreCache (DatanodeStoreCache.java:addDB(71)) - Added db /home/runner/work/ozone/ozone/hadoop-ozone/integration-test/target/test-dir/MiniOzoneClusterImpl-4e6105ad-12bc-4f18-9d37-351d73277e17/ozone-meta/datanode-1/data-0/hdds/4e6105ad-12bc-4f18-9d37-351d73277e17/DS-8249b117-65ea-4100-9f7f-30ffb2e908ce/container.db to cache
2025-04-24 14:02:12,307 [b80db16c-5673-450c-b3ca-7f89ec301096-EndpointStateMachineTaskThread-/0.0.0.0:15002-0 ] INFO  volume.HddsVolume (HddsVolume.java:createDbStore(510)) - SchemaV3 db is created and loaded at /home/runner/work/ozone/ozone/hadoop-ozone/integration-test/target/test-dir/MiniOzoneClusterImpl-4e6105ad-12bc-4f18-9d37-351d73277e17/ozone-meta/datanode-1/data-0/hdds/4e6105ad-12bc-4f18-9d37-351d73277e17/DS-8249b117-65ea-4100-9f7f-30ffb2e908ce/container.db for volume DS-8249b117-65ea-4100-9f7f-30ffb2e908ce
2025-04-24 14:02:12,315 [b80db16c-5673-450c-b3ca-7f89ec301096-ContainerReader-0] INFO  ozoneimpl.ContainerReader (ContainerReader.java:readVolume(144)) - Start to verify containers on volume /home/runner/work/ozone/ozone/hadoop-ozone/integration-test/target/test-dir/MiniOzoneClusterImpl-4e6105ad-12bc-4f18-9d37-351d73277e17/ozone-meta/datanode-1/data-0/hdds
2025-04-24 14:02:12,315 [b80db16c-5673-450c-b3ca-7f89ec301096-ContainerReader-0] INFO  ozoneimpl.ContainerReader (ContainerReader.java:readVolume(174)) - Finish verifying containers on volume /home/runner/work/ozone/ozone/hadoop-ozone/integration-test/target/test-dir/MiniOzoneClusterImpl-4e6105ad-12bc-4f18-9d37-351d73277e17/ozone-meta/datanode-1/data-0/hdds
2025-04-24 14:02:12,316 [b80db16c-5673-450c-b3ca-7f89ec301096-EndpointStateMachineTaskThread-/0.0.0.0:15002-0 ] INFO  ozoneimpl.OzoneContainer (OzoneContainer.java:buildContainerSet(364)) - Build ContainerSet costs 0s
2025-04-24 14:02:12,316 [b80db16c-5673-450c-b3ca-7f89ec301096-EndpointStateMachineTaskThread-/0.0.0.0:15002-0 ] INFO  volume.ThrottledAsyncChecker (ThrottledAsyncChecker.java:schedule(138)) - Scheduling a check for /home/runner/work/ozone/ozone/hadoop-ozone/integration-test/target/test-dir/MiniOzoneClusterImpl-4e6105ad-12bc-4f18-9d37-351d73277e17/ozone-meta/datanode-1/data-0/hdds
2025-04-24 14:02:12,321 [b80db16c-5673-450c-b3ca-7f89ec301096-EndpointStateMachineTaskThread-/0.0.0.0:15002-0 ] INFO  volume.StorageVolumeChecker (StorageVolumeChecker.java:checkAllVolumes(215)) - Scheduled health check for volume /home/runner/work/ozone/ozone/hadoop-ozone/integration-test/target/test-dir/MiniOzoneClusterImpl-4e6105ad-12bc-4f18-9d37-351d73277e17/ozone-meta/datanode-1/data-0/hdds
2025-04-24 14:02:12,327 [b80db16c-5673-450c-b3ca-7f89ec301096-EndpointStateMachineTaskThread-/0.0.0.0:15002-0 ] INFO  volume.ThrottledAsyncChecker (ThrottledAsyncChecker.java:schedule(138)) - Scheduling a check for /home/runner/work/ozone/ozone/hadoop-ozone/integration-test/target/test-dir/MiniOzoneClusterImpl-4e6105ad-12bc-4f18-9d37-351d73277e17/ozone-meta/datanode-1/ratis
2025-04-24 14:02:12,327 [b80db16c-5673-450c-b3ca-7f89ec301096-EndpointStateMachineTaskThread-/0.0.0.0:15002-0 ] INFO  volume.StorageVolumeChecker (StorageVolumeChecker.java:checkAllVolumes(215)) - Scheduled health check for volume /home/runner/work/ozone/ozone/hadoop-ozone/integration-test/target/test-dir/MiniOzoneClusterImpl-4e6105ad-12bc-4f18-9d37-351d73277e17/ozone-meta/datanode-1/ratis
2025-04-24 14:02:12,328 [b80db16c-5673-450c-b3ca-7f89ec301096-EndpointStateMachineTaskThread-/0.0.0.0:15002-0 ] INFO  ozoneimpl.OzoneContainer (OzoneContainer.java:start(512)) - Attempting to start container services.
2025-04-24 14:02:12,335 [ContainerMetadataScanner] INFO  ozoneimpl.AbstractBackgroundContainerScanner (AbstractBackgroundContainerScanner.java:runIteration(89)) - Completed an iteration in 0 minutes. Number of iterations (since the data-node restart) : 1, Number of containers scanned in this iteration : 0, Number of unhealthy containers found in this iteration : 0
2025-04-24 14:02:12,337 [b80db16c-5673-450c-b3ca-7f89ec301096-EndpointStateMachineTaskThread-/0.0.0.0:15002-0 ] INFO  replication.ReplicationServer (ReplicationServer.java:start(137)) - ReplicationServer is started using port 15025
2025-04-24 14:02:12,338 [ContainerDataScanner(/home/runner/work/ozone/ozone/hadoop-ozone/integration-test/target/test-dir/MiniOzoneClusterImpl-4e6105ad-12bc-4f18-9d37-351d73277e17/ozone-meta/datanode-1/data-0/hdds)] INFO  ozoneimpl.AbstractBackgroundContainerScanner (AbstractBackgroundContainerScanner.java:runIteration(89)) - Completed an iteration in 0 minutes. Number of iterations (since the data-node restart) : 1, Number of containers scanned in this iteration : 0, Number of unhealthy containers found in this iteration : 0
2025-04-24 14:02:12,338 [b80db16c-5673-450c-b3ca-7f89ec301096-EndpointStateMachineTaskThread-/0.0.0.0:15002-0 ] INFO  ratis.XceiverServerRatis (XceiverServerRatis.java:start(559)) - Starting XceiverServerRatis(b80db16c-5673-450c-b3ca-7f89ec301096)
2025-04-24 14:02:12,339 [b80db16c-5673-450c-b3ca-7f89ec301096-EndpointStateMachineTaskThread-/0.0.0.0:15002-0 ] INFO  server.RaftServer (RaftServerProxy.java:startImpl(407)) - b80db16c-5673-450c-b3ca-7f89ec301096: start RPC server
2025-04-24 14:02:12,340 [b80db16c-5673-450c-b3ca-7f89ec301096-EndpointStateMachineTaskThread-/0.0.0.0:15002-0 ] INFO  server.GrpcService (GrpcService.java:startImpl(334)) - b80db16c-5673-450c-b3ca-7f89ec301096: GrpcService started, listening on 15021
2025-04-24 14:02:12,340 [b80db16c-5673-450c-b3ca-7f89ec301096-EndpointStateMachineTaskThread-/0.0.0.0:15002-0 ] INFO  server.GrpcService (GrpcService.java:startImpl(334)) - b80db16c-5673-450c-b3ca-7f89ec301096: GrpcService started, listening on 15023
2025-04-24 14:02:12,340 [b80db16c-5673-450c-b3ca-7f89ec301096-EndpointStateMachineTaskThread-/0.0.0.0:15002-0 ] INFO  server.GrpcService (GrpcService.java:startImpl(334)) - b80db16c-5673-450c-b3ca-7f89ec301096: GrpcService started, listening on 15022
2025-04-24 14:02:12,341 [b80db16c-5673-450c-b3ca-7f89ec301096-EndpointStateMachineTaskThread-/0.0.0.0:15002-0 ] INFO  ratis.XceiverServerRatis (XceiverServerRatis.java:getRealPort(586)) - XceiverServerRatis(b80db16c-5673-450c-b3ca-7f89ec301096) is started using port RATIS=15021
2025-04-24 14:02:12,341 [JvmPauseMonitor5] INFO  util.JvmPauseMonitor (JvmPauseMonitor.java:run(146)) - JvmPauseMonitor-b80db16c-5673-450c-b3ca-7f89ec301096: Started
2025-04-24 14:02:12,341 [b80db16c-5673-450c-b3ca-7f89ec301096-EndpointStateMachineTaskThread-/0.0.0.0:15002-0 ] INFO  ratis.XceiverServerRatis (XceiverServerRatis.java:getRealPort(586)) - XceiverServerRatis(b80db16c-5673-450c-b3ca-7f89ec301096) is started using port RATIS_ADMIN=15022
2025-04-24 14:02:12,341 [b80db16c-5673-450c-b3ca-7f89ec301096-EndpointStateMachineTaskThread-/0.0.0.0:15002-0 ] INFO  ratis.XceiverServerRatis (XceiverServerRatis.java:getRealPort(586)) - XceiverServerRatis(b80db16c-5673-450c-b3ca-7f89ec301096) is started using port RATIS_SERVER=15023
2025-04-24 14:02:12,341 [b80db16c-5673-450c-b3ca-7f89ec301096-EndpointStateMachineTaskThread-/0.0.0.0:15002-0 ] INFO  ratis.XceiverServerRatis (XceiverServerRatis.java:getRealPort(586)) - XceiverServerRatis(b80db16c-5673-450c-b3ca-7f89ec301096) is started using port RATIS_DATASTREAM=15024
2025-04-24 14:02:12,344 [b80db16c-5673-450c-b3ca-7f89ec301096-BlockDeletingService#0] INFO  interfaces.ContainerDeletionChoosingPolicyTemplate (ContainerDeletionChoosingPolicyTemplate.java:chooseContainerForBlockDeletion(83)) - Chosen 0/5000 blocks from 0 candidate containers.
2025-04-24 14:02:12,493 [aed9408d-e3c0-4aa9-9c6a-b698c50b685f-EndpointStateMachineTaskThread-/0.0.0.0:15002-0 ] INFO  utils.DatanodeStoreCache (DatanodeStoreCache.java:addDB(71)) - Added db /home/runner/work/ozone/ozone/hadoop-ozone/integration-test/target/test-dir/MiniOzoneClusterImpl-4e6105ad-12bc-4f18-9d37-351d73277e17/ozone-meta/datanode-2/data-0/hdds/4e6105ad-12bc-4f18-9d37-351d73277e17/DS-78f022d2-bc1b-4781-8de6-a335cbe07cd6/container.db to cache
2025-04-24 14:02:12,493 [aed9408d-e3c0-4aa9-9c6a-b698c50b685f-EndpointStateMachineTaskThread-/0.0.0.0:15002-0 ] INFO  volume.HddsVolume (HddsVolume.java:createDbStore(510)) - SchemaV3 db is created and loaded at /home/runner/work/ozone/ozone/hadoop-ozone/integration-test/target/test-dir/MiniOzoneClusterImpl-4e6105ad-12bc-4f18-9d37-351d73277e17/ozone-meta/datanode-2/data-0/hdds/4e6105ad-12bc-4f18-9d37-351d73277e17/DS-78f022d2-bc1b-4781-8de6-a335cbe07cd6/container.db for volume DS-78f022d2-bc1b-4781-8de6-a335cbe07cd6
2025-04-24 14:02:12,496 [aed9408d-e3c0-4aa9-9c6a-b698c50b685f-ContainerReader-0] INFO  ozoneimpl.ContainerReader (ContainerReader.java:readVolume(144)) - Start to verify containers on volume /home/runner/work/ozone/ozone/hadoop-ozone/integration-test/target/test-dir/MiniOzoneClusterImpl-4e6105ad-12bc-4f18-9d37-351d73277e17/ozone-meta/datanode-2/data-0/hdds
2025-04-24 14:02:12,496 [aed9408d-e3c0-4aa9-9c6a-b698c50b685f-ContainerReader-0] INFO  ozoneimpl.ContainerReader (ContainerReader.java:readVolume(174)) - Finish verifying containers on volume /home/runner/work/ozone/ozone/hadoop-ozone/integration-test/target/test-dir/MiniOzoneClusterImpl-4e6105ad-12bc-4f18-9d37-351d73277e17/ozone-meta/datanode-2/data-0/hdds
2025-04-24 14:02:12,496 [aed9408d-e3c0-4aa9-9c6a-b698c50b685f-EndpointStateMachineTaskThread-/0.0.0.0:15002-0 ] INFO  ozoneimpl.OzoneContainer (OzoneContainer.java:buildContainerSet(364)) - Build ContainerSet costs 0s
2025-04-24 14:02:12,496 [aed9408d-e3c0-4aa9-9c6a-b698c50b685f-EndpointStateMachineTaskThread-/0.0.0.0:15002-0 ] INFO  volume.ThrottledAsyncChecker (ThrottledAsyncChecker.java:schedule(138)) - Scheduling a check for /home/runner/work/ozone/ozone/hadoop-ozone/integration-test/target/test-dir/MiniOzoneClusterImpl-4e6105ad-12bc-4f18-9d37-351d73277e17/ozone-meta/datanode-2/data-0/hdds
2025-04-24 14:02:12,497 [aed9408d-e3c0-4aa9-9c6a-b698c50b685f-EndpointStateMachineTaskThread-/0.0.0.0:15002-0 ] INFO  volume.StorageVolumeChecker (StorageVolumeChecker.java:checkAllVolumes(215)) - Scheduled health check for volume /home/runner/work/ozone/ozone/hadoop-ozone/integration-test/target/test-dir/MiniOzoneClusterImpl-4e6105ad-12bc-4f18-9d37-351d73277e17/ozone-meta/datanode-2/data-0/hdds
2025-04-24 14:02:12,499 [aed9408d-e3c0-4aa9-9c6a-b698c50b685f-EndpointStateMachineTaskThread-/0.0.0.0:15002-0 ] INFO  volume.ThrottledAsyncChecker (ThrottledAsyncChecker.java:schedule(138)) - Scheduling a check for /home/runner/work/ozone/ozone/hadoop-ozone/integration-test/target/test-dir/MiniOzoneClusterImpl-4e6105ad-12bc-4f18-9d37-351d73277e17/ozone-meta/datanode-2/ratis
2025-04-24 14:02:12,500 [aed9408d-e3c0-4aa9-9c6a-b698c50b685f-EndpointStateMachineTaskThread-/0.0.0.0:15002-0 ] INFO  volume.StorageVolumeChecker (StorageVolumeChecker.java:checkAllVolumes(215)) - Scheduled health check for volume /home/runner/work/ozone/ozone/hadoop-ozone/integration-test/target/test-dir/MiniOzoneClusterImpl-4e6105ad-12bc-4f18-9d37-351d73277e17/ozone-meta/datanode-2/ratis
2025-04-24 14:02:12,501 [aed9408d-e3c0-4aa9-9c6a-b698c50b685f-EndpointStateMachineTaskThread-/0.0.0.0:15002-0 ] INFO  ozoneimpl.OzoneContainer (OzoneContainer.java:start(512)) - Attempting to start container services.
2025-04-24 14:02:12,501 [aed9408d-e3c0-4aa9-9c6a-b698c50b685f-EndpointStateMachineTaskThread-/0.0.0.0:15002-0 ] WARN  ozoneimpl.OnDemandContainerDataScanner (OnDemandContainerDataScanner.java:init(74)) - Trying to initialize on demand scanner a second time on a datanode.
2025-04-24 14:02:12,501 [ContainerMetadataScanner] INFO  ozoneimpl.AbstractBackgroundContainerScanner (AbstractBackgroundContainerScanner.java:runIteration(89)) - Completed an iteration in 0 minutes. Number of iterations (since the data-node restart) : 1, Number of containers scanned in this iteration : 0, Number of unhealthy containers found in this iteration : 0
2025-04-24 14:02:12,502 [ContainerDataScanner(/home/runner/work/ozone/ozone/hadoop-ozone/integration-test/target/test-dir/MiniOzoneClusterImpl-4e6105ad-12bc-4f18-9d37-351d73277e17/ozone-meta/datanode-2/data-0/hdds)] INFO  ozoneimpl.AbstractBackgroundContainerScanner (AbstractBackgroundContainerScanner.java:runIteration(89)) - Completed an iteration in 0 minutes. Number of iterations (since the data-node restart) : 1, Number of containers scanned in this iteration : 0, Number of unhealthy containers found in this iteration : 0
2025-04-24 14:02:12,502 [aed9408d-e3c0-4aa9-9c6a-b698c50b685f-EndpointStateMachineTaskThread-/0.0.0.0:15002-0 ] INFO  replication.ReplicationServer (ReplicationServer.java:start(137)) - ReplicationServer is started using port 15033
2025-04-24 14:02:12,503 [aed9408d-e3c0-4aa9-9c6a-b698c50b685f-EndpointStateMachineTaskThread-/0.0.0.0:15002-0 ] INFO  ratis.XceiverServerRatis (XceiverServerRatis.java:start(559)) - Starting XceiverServerRatis(aed9408d-e3c0-4aa9-9c6a-b698c50b685f)
2025-04-24 14:02:12,505 [aed9408d-e3c0-4aa9-9c6a-b698c50b685f-EndpointStateMachineTaskThread-/0.0.0.0:15002-0 ] INFO  server.RaftServer (RaftServerProxy.java:startImpl(407)) - aed9408d-e3c0-4aa9-9c6a-b698c50b685f: start RPC server
2025-04-24 14:02:12,506 [aed9408d-e3c0-4aa9-9c6a-b698c50b685f-EndpointStateMachineTaskThread-/0.0.0.0:15002-0 ] INFO  server.GrpcService (GrpcService.java:startImpl(334)) - aed9408d-e3c0-4aa9-9c6a-b698c50b685f: GrpcService started, listening on 15029
2025-04-24 14:02:12,507 [aed9408d-e3c0-4aa9-9c6a-b698c50b685f-EndpointStateMachineTaskThread-/0.0.0.0:15002-0 ] INFO  server.GrpcService (GrpcService.java:startImpl(334)) - aed9408d-e3c0-4aa9-9c6a-b698c50b685f: GrpcService started, listening on 15031
2025-04-24 14:02:12,507 [aed9408d-e3c0-4aa9-9c6a-b698c50b685f-EndpointStateMachineTaskThread-/0.0.0.0:15002-0 ] INFO  server.GrpcService (GrpcService.java:startImpl(334)) - aed9408d-e3c0-4aa9-9c6a-b698c50b685f: GrpcService started, listening on 15030
2025-04-24 14:02:12,508 [aed9408d-e3c0-4aa9-9c6a-b698c50b685f-EndpointStateMachineTaskThread-/0.0.0.0:15002-0 ] INFO  ratis.XceiverServerRatis (XceiverServerRatis.java:getRealPort(586)) - XceiverServerRatis(aed9408d-e3c0-4aa9-9c6a-b698c50b685f) is started using port RATIS=15029
2025-04-24 14:02:12,508 [aed9408d-e3c0-4aa9-9c6a-b698c50b685f-EndpointStateMachineTaskThread-/0.0.0.0:15002-0 ] INFO  ratis.XceiverServerRatis (XceiverServerRatis.java:getRealPort(586)) - XceiverServerRatis(aed9408d-e3c0-4aa9-9c6a-b698c50b685f) is started using port RATIS_ADMIN=15030
2025-04-24 14:02:12,508 [aed9408d-e3c0-4aa9-9c6a-b698c50b685f-EndpointStateMachineTaskThread-/0.0.0.0:15002-0 ] INFO  ratis.XceiverServerRatis (XceiverServerRatis.java:getRealPort(586)) - XceiverServerRatis(aed9408d-e3c0-4aa9-9c6a-b698c50b685f) is started using port RATIS_SERVER=15031
2025-04-24 14:02:12,508 [aed9408d-e3c0-4aa9-9c6a-b698c50b685f-EndpointStateMachineTaskThread-/0.0.0.0:15002-0 ] INFO  ratis.XceiverServerRatis (XceiverServerRatis.java:getRealPort(586)) - XceiverServerRatis(aed9408d-e3c0-4aa9-9c6a-b698c50b685f) is started using port RATIS_DATASTREAM=15032
2025-04-24 14:02:12,508 [JvmPauseMonitor6] INFO  util.JvmPauseMonitor (JvmPauseMonitor.java:run(146)) - JvmPauseMonitor-aed9408d-e3c0-4aa9-9c6a-b698c50b685f: Started
2025-04-24 14:02:12,509 [aed9408d-e3c0-4aa9-9c6a-b698c50b685f-BlockDeletingService#0] INFO  interfaces.ContainerDeletionChoosingPolicyTemplate (ContainerDeletionChoosingPolicyTemplate.java:chooseContainerForBlockDeletion(83)) - Chosen 0/5000 blocks from 0 candidate containers.
2025-04-24 14:02:12,682 [72381052-d1f9-4ca6-906c-6db4c7ca7d69-EndpointStateMachineTaskThread-/0.0.0.0:15002-0 ] INFO  utils.DatanodeStoreCache (DatanodeStoreCache.java:addDB(71)) - Added db /home/runner/work/ozone/ozone/hadoop-ozone/integration-test/target/test-dir/MiniOzoneClusterImpl-4e6105ad-12bc-4f18-9d37-351d73277e17/ozone-meta/datanode-3/data-0/hdds/4e6105ad-12bc-4f18-9d37-351d73277e17/DS-07e79f63-641f-4267-ab8f-903d4aade763/container.db to cache
2025-04-24 14:02:12,682 [72381052-d1f9-4ca6-906c-6db4c7ca7d69-EndpointStateMachineTaskThread-/0.0.0.0:15002-0 ] INFO  volume.HddsVolume (HddsVolume.java:createDbStore(510)) - SchemaV3 db is created and loaded at /home/runner/work/ozone/ozone/hadoop-ozone/integration-test/target/test-dir/MiniOzoneClusterImpl-4e6105ad-12bc-4f18-9d37-351d73277e17/ozone-meta/datanode-3/data-0/hdds/4e6105ad-12bc-4f18-9d37-351d73277e17/DS-07e79f63-641f-4267-ab8f-903d4aade763/container.db for volume DS-07e79f63-641f-4267-ab8f-903d4aade763
2025-04-24 14:02:12,684 [72381052-d1f9-4ca6-906c-6db4c7ca7d69-ContainerReader-0] INFO  ozoneimpl.ContainerReader (ContainerReader.java:readVolume(144)) - Start to verify containers on volume /home/runner/work/ozone/ozone/hadoop-ozone/integration-test/target/test-dir/MiniOzoneClusterImpl-4e6105ad-12bc-4f18-9d37-351d73277e17/ozone-meta/datanode-3/data-0/hdds
2025-04-24 14:02:12,684 [72381052-d1f9-4ca6-906c-6db4c7ca7d69-ContainerReader-0] INFO  ozoneimpl.ContainerReader (ContainerReader.java:readVolume(174)) - Finish verifying containers on volume /home/runner/work/ozone/ozone/hadoop-ozone/integration-test/target/test-dir/MiniOzoneClusterImpl-4e6105ad-12bc-4f18-9d37-351d73277e17/ozone-meta/datanode-3/data-0/hdds
2025-04-24 14:02:12,685 [72381052-d1f9-4ca6-906c-6db4c7ca7d69-EndpointStateMachineTaskThread-/0.0.0.0:15002-0 ] INFO  ozoneimpl.OzoneContainer (OzoneContainer.java:buildContainerSet(364)) - Build ContainerSet costs 0s
2025-04-24 14:02:12,685 [72381052-d1f9-4ca6-906c-6db4c7ca7d69-EndpointStateMachineTaskThread-/0.0.0.0:15002-0 ] INFO  volume.ThrottledAsyncChecker (ThrottledAsyncChecker.java:schedule(138)) - Scheduling a check for /home/runner/work/ozone/ozone/hadoop-ozone/integration-test/target/test-dir/MiniOzoneClusterImpl-4e6105ad-12bc-4f18-9d37-351d73277e17/ozone-meta/datanode-3/data-0/hdds
2025-04-24 14:02:12,685 [72381052-d1f9-4ca6-906c-6db4c7ca7d69-EndpointStateMachineTaskThread-/0.0.0.0:15002-0 ] INFO  volume.StorageVolumeChecker (StorageVolumeChecker.java:checkAllVolumes(215)) - Scheduled health check for volume /home/runner/work/ozone/ozone/hadoop-ozone/integration-test/target/test-dir/MiniOzoneClusterImpl-4e6105ad-12bc-4f18-9d37-351d73277e17/ozone-meta/datanode-3/data-0/hdds
2025-04-24 14:02:12,688 [72381052-d1f9-4ca6-906c-6db4c7ca7d69-EndpointStateMachineTaskThread-/0.0.0.0:15002-0 ] INFO  volume.ThrottledAsyncChecker (ThrottledAsyncChecker.java:schedule(138)) - Scheduling a check for /home/runner/work/ozone/ozone/hadoop-ozone/integration-test/target/test-dir/MiniOzoneClusterImpl-4e6105ad-12bc-4f18-9d37-351d73277e17/ozone-meta/datanode-3/ratis
2025-04-24 14:02:12,688 [72381052-d1f9-4ca6-906c-6db4c7ca7d69-EndpointStateMachineTaskThread-/0.0.0.0:15002-0 ] INFO  volume.StorageVolumeChecker (StorageVolumeChecker.java:checkAllVolumes(215)) - Scheduled health check for volume /home/runner/work/ozone/ozone/hadoop-ozone/integration-test/target/test-dir/MiniOzoneClusterImpl-4e6105ad-12bc-4f18-9d37-351d73277e17/ozone-meta/datanode-3/ratis
2025-04-24 14:02:12,688 [72381052-d1f9-4ca6-906c-6db4c7ca7d69-EndpointStateMachineTaskThread-/0.0.0.0:15002-0 ] INFO  ozoneimpl.OzoneContainer (OzoneContainer.java:start(512)) - Attempting to start container services.
2025-04-24 14:02:12,689 [72381052-d1f9-4ca6-906c-6db4c7ca7d69-EndpointStateMachineTaskThread-/0.0.0.0:15002-0 ] WARN  ozoneimpl.OnDemandContainerDataScanner (OnDemandContainerDataScanner.java:init(74)) - Trying to initialize on demand scanner a second time on a datanode.
2025-04-24 14:02:12,689 [ContainerMetadataScanner] INFO  ozoneimpl.AbstractBackgroundContainerScanner (AbstractBackgroundContainerScanner.java:runIteration(89)) - Completed an iteration in 0 minutes. Number of iterations (since the data-node restart) : 1, Number of containers scanned in this iteration : 0, Number of unhealthy containers found in this iteration : 0
2025-04-24 14:02:12,690 [ContainerDataScanner(/home/runner/work/ozone/ozone/hadoop-ozone/integration-test/target/test-dir/MiniOzoneClusterImpl-4e6105ad-12bc-4f18-9d37-351d73277e17/ozone-meta/datanode-3/data-0/hdds)] INFO  ozoneimpl.AbstractBackgroundContainerScanner (AbstractBackgroundContainerScanner.java:runIteration(89)) - Completed an iteration in 0 minutes. Number of iterations (since the data-node restart) : 1, Number of containers scanned in this iteration : 0, Number of unhealthy containers found in this iteration : 0
2025-04-24 14:02:12,690 [72381052-d1f9-4ca6-906c-6db4c7ca7d69-EndpointStateMachineTaskThread-/0.0.0.0:15002-0 ] INFO  replication.ReplicationServer (ReplicationServer.java:start(137)) - ReplicationServer is started using port 15041
2025-04-24 14:02:12,690 [72381052-d1f9-4ca6-906c-6db4c7ca7d69-EndpointStateMachineTaskThread-/0.0.0.0:15002-0 ] INFO  ratis.XceiverServerRatis (XceiverServerRatis.java:start(559)) - Starting XceiverServerRatis(72381052-d1f9-4ca6-906c-6db4c7ca7d69)
2025-04-24 14:02:12,691 [72381052-d1f9-4ca6-906c-6db4c7ca7d69-EndpointStateMachineTaskThread-/0.0.0.0:15002-0 ] INFO  server.RaftServer (RaftServerProxy.java:startImpl(407)) - 72381052-d1f9-4ca6-906c-6db4c7ca7d69: start RPC server
2025-04-24 14:02:12,691 [72381052-d1f9-4ca6-906c-6db4c7ca7d69-EndpointStateMachineTaskThread-/0.0.0.0:15002-0 ] INFO  server.GrpcService (GrpcService.java:startImpl(334)) - 72381052-d1f9-4ca6-906c-6db4c7ca7d69: GrpcService started, listening on 15037
2025-04-24 14:02:12,692 [72381052-d1f9-4ca6-906c-6db4c7ca7d69-EndpointStateMachineTaskThread-/0.0.0.0:15002-0 ] INFO  server.GrpcService (GrpcService.java:startImpl(334)) - 72381052-d1f9-4ca6-906c-6db4c7ca7d69: GrpcService started, listening on 15039
2025-04-24 14:02:12,692 [72381052-d1f9-4ca6-906c-6db4c7ca7d69-EndpointStateMachineTaskThread-/0.0.0.0:15002-0 ] INFO  server.GrpcService (GrpcService.java:startImpl(334)) - 72381052-d1f9-4ca6-906c-6db4c7ca7d69: GrpcService started, listening on 15038
2025-04-24 14:02:12,692 [JvmPauseMonitor7] INFO  util.JvmPauseMonitor (JvmPauseMonitor.java:run(146)) - JvmPauseMonitor-72381052-d1f9-4ca6-906c-6db4c7ca7d69: Started
2025-04-24 14:02:12,692 [72381052-d1f9-4ca6-906c-6db4c7ca7d69-EndpointStateMachineTaskThread-/0.0.0.0:15002-0 ] INFO  ratis.XceiverServerRatis (XceiverServerRatis.java:getRealPort(586)) - XceiverServerRatis(72381052-d1f9-4ca6-906c-6db4c7ca7d69) is started using port RATIS=15037
2025-04-24 14:02:12,692 [72381052-d1f9-4ca6-906c-6db4c7ca7d69-EndpointStateMachineTaskThread-/0.0.0.0:15002-0 ] INFO  ratis.XceiverServerRatis (XceiverServerRatis.java:getRealPort(586)) - XceiverServerRatis(72381052-d1f9-4ca6-906c-6db4c7ca7d69) is started using port RATIS_ADMIN=15038
2025-04-24 14:02:12,693 [72381052-d1f9-4ca6-906c-6db4c7ca7d69-EndpointStateMachineTaskThread-/0.0.0.0:15002-0 ] INFO  ratis.XceiverServerRatis (XceiverServerRatis.java:getRealPort(586)) - XceiverServerRatis(72381052-d1f9-4ca6-906c-6db4c7ca7d69) is started using port RATIS_SERVER=15039
2025-04-24 14:02:12,693 [72381052-d1f9-4ca6-906c-6db4c7ca7d69-EndpointStateMachineTaskThread-/0.0.0.0:15002-0 ] INFO  ratis.XceiverServerRatis (XceiverServerRatis.java:getRealPort(586)) - XceiverServerRatis(72381052-d1f9-4ca6-906c-6db4c7ca7d69) is started using port RATIS_DATASTREAM=15040
2025-04-24 14:02:12,694 [72381052-d1f9-4ca6-906c-6db4c7ca7d69-BlockDeletingService#0] INFO  interfaces.ContainerDeletionChoosingPolicyTemplate (ContainerDeletionChoosingPolicyTemplate.java:chooseContainerForBlockDeletion(83)) - Chosen 0/5000 blocks from 0 candidate containers.
2025-04-24 14:02:12,762 [IPC Server handler 4 on default port 15002] INFO  net.NetworkTopologyImpl (NetworkTopologyImpl.java:add(133)) - Added a new node: /default-rack/b80db16c-5673-450c-b3ca-7f89ec301096
2025-04-24 14:02:12,763 [IPC Server handler 4 on default port 15002] INFO  node.SCMNodeManager (SCMNodeManager.java:register(425)) - Registered datanode: b80db16c-5673-450c-b3ca-7f89ec301096{ip: 127.0.0.1, host: localhost, ports: [HTTP=15018, CLIENT_RPC=15019, REPLICATION=15025, RATIS=15021, RATIS_ADMIN=15022, RATIS_SERVER=15023, RATIS_DATASTREAM=15024, STANDALONE=15020], networkLocation: /default-rack, certSerialId: null, persistedOpState: null, persistedOpStateExpiryEpochSec: 0}
2025-04-24 14:02:12,765 [EventQueue-NewNodeForNewNodeHandler] INFO  pipeline.BackgroundPipelineCreator (BackgroundPipelineCreator.java:notifyEventTriggered(291)) - trigger a one-shot run on RatisPipelineUtilsThread.
2025-04-24 14:02:12,765 [EventQueue-NodeRegistrationContainerReportForDataNodeSafeModeRule] INFO  safemode.SCMSafeModeManager (DataNodeSafeModeRule.java:process(79)) - SCM in safe mode. 1 DataNodes registered, 3 required.
2025-04-24 14:02:12,766 [EventQueue-ContainerRegistrationReportForECContainerSafeModeRule] INFO  safemode.SCMSafeModeManager (SCMSafeModeManager.java:validateSafeModeExitRules(186)) - ECContainerSafeModeRule rule is successfully validated
2025-04-24 14:02:12,766 [EventQueue-PipelineReportForOneReplicaPipelineSafeModeRule] INFO  safemode.SCMSafeModeManager (SCMSafeModeManager.java:validateSafeModeExitRules(186)) - AtleastOneDatanodeReportedRule rule is successfully validated
2025-04-24 14:02:12,766 [EventQueue-ContainerRegistrationReportForRatisContainerSafeModeRule] INFO  safemode.SCMSafeModeManager (SCMSafeModeManager.java:validateSafeModeExitRules(186)) - RatisContainerSafeModeRule rule is successfully validated
2025-04-24 14:02:12,769 [RatisPipelineUtilsThread-0] INFO  pipeline.RatisPipelineProvider (RatisPipelineProvider.java:lambda$create$0(208)) - Sending CreatePipelineCommand for pipeline:PipelineID=ce161e94-c1d5-4d9f-9e61-51f4859d1aa5 to datanode:b80db16c-5673-450c-b3ca-7f89ec301096(localhost/127.0.0.1)
2025-04-24 14:02:12,818 [c9ecfe4d-0892-4246-87fb-41e44738771b@group-351D73277E17-StateMachineUpdater] INFO  safemode.HealthyPipelineSafeModeRule (HealthyPipelineSafeModeRule.java:initializeRule(174)) - Refreshed total pipeline count is 0, healthy pipeline threshold count is 1
2025-04-24 14:02:12,820 [RatisPipelineUtilsThread-0] INFO  pipeline.BackgroundPipelineCreator (BackgroundPipelineCreator.java:createPipelines(247)) - Created new pipeline Pipeline{ Id: ce161e94-c1d5-4d9f-9e61-51f4859d1aa5, Nodes: [ {b80db16c-5673-450c-b3ca-7f89ec301096(localhost/127.0.0.1), ReplicaIndex: 0},], ReplicationConfig: RATIS/ONE, State:ALLOCATED, leaderId:, CreationTimestamp2025-04-24T14:02:12.768651069Z[Etc/UTC]}
2025-04-24 14:02:12,958 [IPC Server handler 5 on default port 15002] INFO  net.NetworkTopologyImpl (NetworkTopologyImpl.java:add(133)) - Added a new node: /default-rack/aed9408d-e3c0-4aa9-9c6a-b698c50b685f
2025-04-24 14:02:12,958 [IPC Server handler 5 on default port 15002] INFO  node.SCMNodeManager (SCMNodeManager.java:register(425)) - Registered datanode: aed9408d-e3c0-4aa9-9c6a-b698c50b685f{ip: 127.0.0.1, host: localhost, ports: [HTTP=15026, CLIENT_RPC=15027, REPLICATION=15033, RATIS=15029, RATIS_ADMIN=15030, RATIS_SERVER=15031, RATIS_DATASTREAM=15032, STANDALONE=15028], networkLocation: /default-rack, certSerialId: null, persistedOpState: null, persistedOpStateExpiryEpochSec: 0}
2025-04-24 14:02:12,959 [EventQueue-NodeRegistrationContainerReportForDataNodeSafeModeRule] INFO  safemode.SCMSafeModeManager (DataNodeSafeModeRule.java:process(79)) - SCM in safe mode. 2 DataNodes registered, 3 required.
2025-04-24 14:02:12,959 [EventQueue-NewNodeForNewNodeHandler] INFO  pipeline.BackgroundPipelineCreator (BackgroundPipelineCreator.java:notifyEventTriggered(291)) - trigger a one-shot run on RatisPipelineUtilsThread.
2025-04-24 14:02:12,959 [RatisPipelineUtilsThread-0] INFO  pipeline.RatisPipelineProvider (RatisPipelineProvider.java:lambda$create$0(208)) - Sending CreatePipelineCommand for pipeline:PipelineID=2d9d04ba-cee8-4066-b58c-b7738d5dbfed to datanode:aed9408d-e3c0-4aa9-9c6a-b698c50b685f(localhost/127.0.0.1)
2025-04-24 14:02:12,962 [c9ecfe4d-0892-4246-87fb-41e44738771b@group-351D73277E17-StateMachineUpdater] INFO  safemode.HealthyPipelineSafeModeRule (HealthyPipelineSafeModeRule.java:initializeRule(174)) - Refreshed total pipeline count is 0, healthy pipeline threshold count is 1
2025-04-24 14:02:12,962 [RatisPipelineUtilsThread-0] INFO  pipeline.BackgroundPipelineCreator (BackgroundPipelineCreator.java:createPipelines(247)) - Created new pipeline Pipeline{ Id: 2d9d04ba-cee8-4066-b58c-b7738d5dbfed, Nodes: [ {aed9408d-e3c0-4aa9-9c6a-b698c50b685f(localhost/127.0.0.1), ReplicaIndex: 0},], ReplicationConfig: RATIS/ONE, State:ALLOCATED, leaderId:, CreationTimestamp2025-04-24T14:02:12.959953410Z[Etc/UTC]}
2025-04-24 14:02:13,155 [IPC Server handler 8 on default port 15002] INFO  net.NetworkTopologyImpl (NetworkTopologyImpl.java:add(133)) - Added a new node: /default-rack/72381052-d1f9-4ca6-906c-6db4c7ca7d69
2025-04-24 14:02:13,156 [IPC Server handler 8 on default port 15002] INFO  node.SCMNodeManager (SCMNodeManager.java:register(425)) - Registered datanode: 72381052-d1f9-4ca6-906c-6db4c7ca7d69{ip: 127.0.0.1, host: localhost, ports: [HTTP=15034, CLIENT_RPC=15035, REPLICATION=15041, RATIS=15037, RATIS_ADMIN=15038, RATIS_SERVER=15039, RATIS_DATASTREAM=15040, STANDALONE=15036], networkLocation: /default-rack, certSerialId: null, persistedOpState: null, persistedOpStateExpiryEpochSec: 0}
2025-04-24 14:02:13,156 [EventQueue-NewNodeForNewNodeHandler] INFO  pipeline.BackgroundPipelineCreator (BackgroundPipelineCreator.java:notifyEventTriggered(291)) - trigger a one-shot run on RatisPipelineUtilsThread.
2025-04-24 14:02:13,156 [EventQueue-NodeRegistrationContainerReportForDataNodeSafeModeRule] INFO  safemode.SCMSafeModeManager (DataNodeSafeModeRule.java:process(79)) - SCM in safe mode. 3 DataNodes registered, 3 required.
2025-04-24 14:02:13,156 [EventQueue-NodeRegistrationContainerReportForDataNodeSafeModeRule] INFO  safemode.SCMSafeModeManager (SCMSafeModeManager.java:validateSafeModeExitRules(186)) - DataNodeSafeModeRule rule is successfully validated
2025-04-24 14:02:13,156 [EventQueue-NodeRegistrationContainerReportForDataNodeSafeModeRule] INFO  safemode.SCMSafeModeManager (SCMSafeModeManager.java:completePreCheck(215)) - All SCM safe mode pre check rules have passed
2025-04-24 14:02:13,156 [EventQueue-NodeRegistrationContainerReportForDataNodeSafeModeRule] INFO  ha.SCMContext (SCMContext.java:updateSafeModeStatus(224)) - Update SafeModeStatus from SafeModeStatus{safeModeStatus=true, preCheckPassed=false} to SafeModeStatus{safeModeStatus=true, preCheckPassed=true}.
2025-04-24 14:02:13,156 [main] INFO  ozone.MiniOzoneClusterImpl (MiniOzoneClusterImpl.java:lambda$waitForClusterToBeReady$0(190)) - Nodes are ready. Got 3 of 3 DN Heartbeats.
2025-04-24 14:02:13,157 [main] INFO  ozone.MiniOzoneClusterImpl (MiniOzoneClusterImpl.java:lambda$waitForClusterToBeReady$0(193)) - Waiting for cluster to exit safe mode
2025-04-24 14:02:13,157 [main] INFO  ozone.MiniOzoneClusterImpl (MiniOzoneClusterImpl.java:lambda$waitForClusterToBeReady$0(195)) - SCM became leader
2025-04-24 14:02:13,157 [EventQueue-NodeRegistrationContainerReportForDataNodeSafeModeRule] INFO  pipeline.BackgroundPipelineCreator (BackgroundPipelineCreator.java:notifyEventTriggered(291)) - trigger a one-shot run on RatisPipelineUtilsThread.
2025-04-24 14:02:13,157 [RatisPipelineUtilsThread-0] INFO  pipeline.RatisPipelineProvider (RatisPipelineProvider.java:lambda$create$0(208)) - Sending CreatePipelineCommand for pipeline:PipelineID=6efddaeb-100b-42b4-a40f-3ffd5e9a8160 to datanode:72381052-d1f9-4ca6-906c-6db4c7ca7d69(localhost/127.0.0.1)
2025-04-24 14:02:13,160 [c9ecfe4d-0892-4246-87fb-41e44738771b@group-351D73277E17-StateMachineUpdater] INFO  safemode.HealthyPipelineSafeModeRule (HealthyPipelineSafeModeRule.java:initializeRule(174)) - Refreshed total pipeline count is 0, healthy pipeline threshold count is 1
2025-04-24 14:02:13,160 [RatisPipelineUtilsThread-0] INFO  pipeline.BackgroundPipelineCreator (BackgroundPipelineCreator.java:createPipelines(247)) - Created new pipeline Pipeline{ Id: 6efddaeb-100b-42b4-a40f-3ffd5e9a8160, Nodes: [ {72381052-d1f9-4ca6-906c-6db4c7ca7d69(localhost/127.0.0.1), ReplicaIndex: 0},], ReplicationConfig: RATIS/ONE, State:ALLOCATED, leaderId:, CreationTimestamp2025-04-24T14:02:13.156893108Z[Etc/UTC]}
2025-04-24 14:02:13,163 [RatisPipelineUtilsThread-0] INFO  pipeline.RatisPipelineProvider (RatisPipelineProvider.java:lambda$create$0(208)) - Sending CreatePipelineCommand for pipeline:PipelineID=91f13965-56ff-4f44-929d-94051ef173a1 to datanode:72381052-d1f9-4ca6-906c-6db4c7ca7d69(localhost/127.0.0.1)
2025-04-24 14:02:13,163 [RatisPipelineUtilsThread-0] INFO  pipeline.RatisPipelineProvider (RatisPipelineProvider.java:lambda$create$0(208)) - Sending CreatePipelineCommand for pipeline:PipelineID=91f13965-56ff-4f44-929d-94051ef173a1 to datanode:aed9408d-e3c0-4aa9-9c6a-b698c50b685f(localhost/127.0.0.1)
2025-04-24 14:02:13,163 [RatisPipelineUtilsThread-0] INFO  pipeline.RatisPipelineProvider (RatisPipelineProvider.java:lambda$create$0(208)) - Sending CreatePipelineCommand for pipeline:PipelineID=91f13965-56ff-4f44-929d-94051ef173a1 to datanode:b80db16c-5673-450c-b3ca-7f89ec301096(localhost/127.0.0.1)
2025-04-24 14:02:13,165 [c9ecfe4d-0892-4246-87fb-41e44738771b@group-351D73277E17-StateMachineUpdater] INFO  safemode.HealthyPipelineSafeModeRule (HealthyPipelineSafeModeRule.java:initializeRule(174)) - Refreshed total pipeline count is 0, healthy pipeline threshold count is 1
2025-04-24 14:02:13,166 [RatisPipelineUtilsThread-0] INFO  pipeline.BackgroundPipelineCreator (BackgroundPipelineCreator.java:createPipelines(247)) - Created new pipeline Pipeline{ Id: 91f13965-56ff-4f44-929d-94051ef173a1, Nodes: [ {72381052-d1f9-4ca6-906c-6db4c7ca7d69(localhost/127.0.0.1), ReplicaIndex: 0}, {aed9408d-e3c0-4aa9-9c6a-b698c50b685f(localhost/127.0.0.1), ReplicaIndex: 0}, {b80db16c-5673-450c-b3ca-7f89ec301096(localhost/127.0.0.1), ReplicaIndex: 0},], ReplicationConfig: RATIS/THREE, State:ALLOCATED, leaderId:, CreationTimestamp2025-04-24T14:02:13.163262529Z[Etc/UTC]}
2025-04-24 14:02:13,167 [RatisPipelineUtilsThread-0] INFO  pipeline.RatisPipelineProvider (RatisPipelineProvider.java:lambda$create$0(208)) - Sending CreatePipelineCommand for pipeline:PipelineID=5a76b5c3-b2e7-444b-9d4d-5e7736b872a8 to datanode:72381052-d1f9-4ca6-906c-6db4c7ca7d69(localhost/127.0.0.1)
2025-04-24 14:02:13,167 [RatisPipelineUtilsThread-0] INFO  pipeline.RatisPipelineProvider (RatisPipelineProvider.java:lambda$create$0(208)) - Sending CreatePipelineCommand for pipeline:PipelineID=5a76b5c3-b2e7-444b-9d4d-5e7736b872a8 to datanode:aed9408d-e3c0-4aa9-9c6a-b698c50b685f(localhost/127.0.0.1)
2025-04-24 14:02:13,167 [RatisPipelineUtilsThread-0] INFO  pipeline.RatisPipelineProvider (RatisPipelineProvider.java:lambda$create$0(208)) - Sending CreatePipelineCommand for pipeline:PipelineID=5a76b5c3-b2e7-444b-9d4d-5e7736b872a8 to datanode:b80db16c-5673-450c-b3ca-7f89ec301096(localhost/127.0.0.1)
2025-04-24 14:02:13,169 [c9ecfe4d-0892-4246-87fb-41e44738771b@group-351D73277E17-StateMachineUpdater] INFO  safemode.HealthyPipelineSafeModeRule (HealthyPipelineSafeModeRule.java:initializeRule(174)) - Refreshed total pipeline count is 0, healthy pipeline threshold count is 1
2025-04-24 14:02:13,169 [RatisPipelineUtilsThread-0] INFO  pipeline.PipelineManagerImpl (PipelineManagerImpl.java:recordMetricsForPipeline(921)) - Pipeline: PipelineID=5a76b5c3-b2e7-444b-9d4d-5e7736b872a8 contains same datanodes as previous pipelines: PipelineID=91f13965-56ff-4f44-929d-94051ef173a1 nodeIds: 72381052-d1f9-4ca6-906c-6db4c7ca7d69, aed9408d-e3c0-4aa9-9c6a-b698c50b685f, b80db16c-5673-450c-b3ca-7f89ec301096
2025-04-24 14:02:13,169 [RatisPipelineUtilsThread-0] INFO  pipeline.BackgroundPipelineCreator (BackgroundPipelineCreator.java:createPipelines(247)) - Created new pipeline Pipeline{ Id: 5a76b5c3-b2e7-444b-9d4d-5e7736b872a8, Nodes: [ {72381052-d1f9-4ca6-906c-6db4c7ca7d69(localhost/127.0.0.1), ReplicaIndex: 0}, {aed9408d-e3c0-4aa9-9c6a-b698c50b685f(localhost/127.0.0.1), ReplicaIndex: 0}, {b80db16c-5673-450c-b3ca-7f89ec301096(localhost/127.0.0.1), ReplicaIndex: 0},], ReplicationConfig: RATIS/THREE, State:ALLOCATED, leaderId:, CreationTimestamp2025-04-24T14:02:13.167003929Z[Etc/UTC]}
2025-04-24 14:02:14,157 [main] INFO  ozone.MiniOzoneClusterImpl (MiniOzoneClusterImpl.java:lambda$waitForClusterToBeReady$0(190)) - Nodes are ready. Got 3 of 3 DN Heartbeats.
2025-04-24 14:02:14,157 [main] INFO  ozone.MiniOzoneClusterImpl (MiniOzoneClusterImpl.java:lambda$waitForClusterToBeReady$0(193)) - Waiting for cluster to exit safe mode
2025-04-24 14:02:14,157 [main] INFO  ozone.MiniOzoneClusterImpl (MiniOzoneClusterImpl.java:lambda$waitForClusterToBeReady$0(195)) - SCM became leader
2025-04-24 14:02:14,256 [b80db16c-5673-450c-b3ca-7f89ec301096-PipelineCommandHandlerThread-0] INFO  server.RaftServer (RaftServerProxy.java:addNew(100)) - b80db16c-5673-450c-b3ca-7f89ec301096: addNew group-51F4859D1AA5:[b80db16c-5673-450c-b3ca-7f89ec301096|127.0.0.1:15023] returns group-51F4859D1AA5:java.util.concurrent.CompletableFuture@6801d6fd[Not completed]
2025-04-24 14:02:14,262 [b80db16c-5673-450c-b3ca-7f89ec301096-groupManagement] INFO  server.RaftServer$Division (RaftServerImpl.java:<init>(255)) - b80db16c-5673-450c-b3ca-7f89ec301096: new RaftServerImpl for group-51F4859D1AA5:[b80db16c-5673-450c-b3ca-7f89ec301096|127.0.0.1:15023] with ContainerStateMachine:uninitialized
2025-04-24 14:02:14,262 [b80db16c-5673-450c-b3ca-7f89ec301096-groupManagement] INFO  server.RaftServerConfigKeys (ConfUtils.java:logGet(46)) - raft.server.rpc.timeout.min = 5s (custom)
2025-04-24 14:02:14,262 [b80db16c-5673-450c-b3ca-7f89ec301096-groupManagement] INFO  server.RaftServerConfigKeys (ConfUtils.java:logGet(46)) - raft.server.rpc.timeout.max = 5200ms (custom)
2025-04-24 14:02:14,262 [b80db16c-5673-450c-b3ca-7f89ec301096-groupManagement] INFO  server.RaftServerConfigKeys (ConfUtils.java:logGet(46)) - raft.server.rpc.sleep.time = 25ms (default)
2025-04-24 14:02:14,262 [b80db16c-5673-450c-b3ca-7f89ec301096-groupManagement] INFO  server.RaftServerConfigKeys (ConfUtils.java:logGet(46)) - raft.server.rpc.slowness.timeout = 300s (custom)
2025-04-24 14:02:14,262 [b80db16c-5673-450c-b3ca-7f89ec301096-groupManagement] INFO  server.RaftServerConfigKeys (ConfUtils.java:logGet(46)) - raft.server.leaderelection.leader.step-down.wait-time = 10s (default)
2025-04-24 14:02:14,262 [b80db16c-5673-450c-b3ca-7f89ec301096-groupManagement] INFO  server.RaftServerConfigKeys (ConfUtils.java:logGet(46)) - raft.server.leaderelection.member.majority-add = false (default)
2025-04-24 14:02:14,262 [b80db16c-5673-450c-b3ca-7f89ec301096-groupManagement] INFO  server.RaftServerConfigKeys (ConfUtils.java:logGet(46)) - raft.server.sleep.deviation.threshold = 300ms (default)
2025-04-24 14:02:14,262 [b80db16c-5673-450c-b3ca-7f89ec301096-groupManagement] INFO  server.RaftServer$Division (ServerState.java:<init>(114)) - b80db16c-5673-450c-b3ca-7f89ec301096@group-51F4859D1AA5: ConfigurationManager, init=conf: {index: -1, cur=peers:[b80db16c-5673-450c-b3ca-7f89ec301096|127.0.0.1:15023]|listeners:[], old=null}, confs=<EMPTY_MAP>
2025-04-24 14:02:14,263 [b80db16c-5673-450c-b3ca-7f89ec301096-groupManagement] INFO  server.RaftServerConfigKeys (ConfUtils.java:logGet(46)) - raft.server.notification.no-leader.timeout = 300s (custom)
2025-04-24 14:02:14,263 [b80db16c-5673-450c-b3ca-7f89ec301096-groupManagement] INFO  server.RaftServerConfigKeys (ConfUtils.java:logGet(46)) - raft.server.read.timeout = 10s (default)
2025-04-24 14:02:14,263 [b80db16c-5673-450c-b3ca-7f89ec301096-groupManagement] INFO  server.RaftServerConfigKeys (ConfUtils.java:logGet(46)) - raft.server.retrycache.expirytime = 600000ms (custom)
2025-04-24 14:02:14,263 [b80db16c-5673-450c-b3ca-7f89ec301096-groupManagement] INFO  server.RaftServerConfigKeys (ConfUtils.java:logGet(46)) - raft.server.retrycache.statistics.expirytime = 100ms (default)
2025-04-24 14:02:14,263 [b80db16c-5673-450c-b3ca-7f89ec301096-groupManagement] INFO  server.RaftServerConfigKeys (ConfUtils.java:logGet(46)) - raft.server.read.option = DEFAULT (default)
2025-04-24 14:02:14,263 [b80db16c-5673-450c-b3ca-7f89ec301096-groupManagement] INFO  server.RaftServerConfigKeys (ConfUtils.java:logGet(46)) - raft.server.read.read-after-write-consistent.write-index-cache.expiry-time = 60s (default)
2025-04-24 14:02:14,267 [b80db16c-5673-450c-b3ca-7f89ec301096-groupManagement] INFO  server.RaftServerConfigKeys (ConfUtils.java:logGet(46)) - raft.server.rpc.request.timeout = 60s (custom)
2025-04-24 14:02:14,267 [b80db16c-5673-450c-b3ca-7f89ec301096-groupManagement] INFO  server.RaftServerConfigKeys (ConfUtils.java:logGet(46)) - raft.server.log.appender.install.snapshot.enabled = false (custom)
2025-04-24 14:02:14,267 [b80db16c-5673-450c-b3ca-7f89ec301096-groupManagement] INFO  server.RaftServerConfigKeys (ConfUtils.java:logGet(46)) - raft.server.threadpool.server.cached = true (default)
2025-04-24 14:02:14,267 [b80db16c-5673-450c-b3ca-7f89ec301096-groupManagement] INFO  server.RaftServerConfigKeys (ConfUtils.java:logGet(46)) - raft.server.threadpool.server.size = 0 (default)
2025-04-24 14:02:14,268 [b80db16c-5673-450c-b3ca-7f89ec301096-groupManagement] INFO  server.RaftServerConfigKeys (ConfUtils.java:logGet(46)) - raft.server.threadpool.client.cached = true (default)
2025-04-24 14:02:14,268 [b80db16c-5673-450c-b3ca-7f89ec301096-groupManagement] INFO  server.RaftServerConfigKeys (ConfUtils.java:logGet(46)) - raft.server.threadpool.client.size = 0 (default)
2025-04-24 14:02:14,268 [b80db16c-5673-450c-b3ca-7f89ec301096-groupManagement] INFO  server.RaftServerConfigKeys (ConfUtils.java:logGet(46)) - raft.server.storage.free-space.min = 0MB (=0) (default)
2025-04-24 14:02:14,268 [b80db16c-5673-450c-b3ca-7f89ec301096-groupManagement] INFO  server.RaftServerConfigKeys (ConfUtils.java:logGet(46)) - raft.server.log.corruption.policy = EXCEPTION (default)
2025-04-24 14:02:14,268 [b80db16c-5673-450c-b3ca-7f89ec301096-groupManagement] INFO  server.RaftServerConfigKeys (ConfUtils.java:logGet(46)) - raft.server.storage.dir = [/home/runner/work/ozone/ozone/hadoop-ozone/integration-test/target/test-dir/MiniOzoneClusterImpl-4e6105ad-12bc-4f18-9d37-351d73277e17/ozone-meta/datanode-1/ratis] (custom)
2025-04-24 14:02:14,268 [b80db16c-5673-450c-b3ca-7f89ec301096-groupManagement] INFO  storage.RaftStorageDirectory (RaftStorageDirectoryImpl.java:analyzeStorage(138)) - The storage directory /home/runner/work/ozone/ozone/hadoop-ozone/integration-test/target/test-dir/MiniOzoneClusterImpl-4e6105ad-12bc-4f18-9d37-351d73277e17/ozone-meta/datanode-1/ratis/ce161e94-c1d5-4d9f-9e61-51f4859d1aa5 does not exist. Creating ...
2025-04-24 14:02:14,269 [b80db16c-5673-450c-b3ca-7f89ec301096-groupManagement] INFO  storage.RaftStorageDirectory (RaftStorageDirectoryImpl.java:tryLock(229)) - Lock on /home/runner/work/ozone/ozone/hadoop-ozone/integration-test/target/test-dir/MiniOzoneClusterImpl-4e6105ad-12bc-4f18-9d37-351d73277e17/ozone-meta/datanode-1/ratis/ce161e94-c1d5-4d9f-9e61-51f4859d1aa5/in_use.lock acquired by nodename 129728@fv-az2210-761
2025-04-24 14:02:14,270 [b80db16c-5673-450c-b3ca-7f89ec301096-groupManagement] INFO  storage.RaftStorage (RaftStorageImpl.java:format(98)) - Storage directory /home/runner/work/ozone/ozone/hadoop-ozone/integration-test/target/test-dir/MiniOzoneClusterImpl-4e6105ad-12bc-4f18-9d37-351d73277e17/ozone-meta/datanode-1/ratis/ce161e94-c1d5-4d9f-9e61-51f4859d1aa5 has been successfully formatted.
2025-04-24 14:02:14,273 [b80db16c-5673-450c-b3ca-7f89ec301096-groupManagement] INFO  ratis.ContainerStateMachine (ContainerStateMachine.java:initialize(339)) - b80db16c-5673-450c-b3ca-7f89ec301096: initialize group-51F4859D1AA5
2025-04-24 14:02:14,273 [b80db16c-5673-450c-b3ca-7f89ec301096-groupManagement] INFO  ratis.ContainerStateMachine (ContainerStateMachine.java:loadSnapshot(347)) - group-51F4859D1AA5: The snapshot info is null. Setting the last applied index to:(t:0, i:~)
2025-04-24 14:02:14,273 [b80db16c-5673-450c-b3ca-7f89ec301096-groupManagement] INFO  server.RaftServerConfigKeys (ConfUtils.java:logGet(46)) - raft.server.log.use.memory = false (default)
2025-04-24 14:02:14,273 [b80db16c-5673-450c-b3ca-7f89ec301096-groupManagement] INFO  server.RaftServerConfigKeys (ConfUtils.java:logGet(46)) - raft.server.log.purge.gap = 1000000 (custom)
2025-04-24 14:02:14,273 [b80db16c-5673-450c-b3ca-7f89ec301096-groupManagement] INFO  server.RaftServerConfigKeys (ConfUtils.java:logGet(46)) - raft.server.log.appender.buffer.byte-limit = 33554432 (custom)
2025-04-24 14:02:14,273 [b80db16c-5673-450c-b3ca-7f89ec301096-groupManagement] INFO  server.RaftServerConfigKeys (ConfUtils.java:logGet(46)) - raft.server.log.statemachine.data.read.timeout = 1000ms (default)
2025-04-24 14:02:14,273 [b80db16c-5673-450c-b3ca-7f89ec301096-groupManagement] INFO  server.RaftServerConfigKeys (ConfUtils.java:logGet(46)) - raft.server.log.purge.preservation.log.num = 0 (default)
2025-04-24 14:02:14,275 [b80db16c-5673-450c-b3ca-7f89ec301096-groupManagement] INFO  server.RaftServerConfigKeys (ConfUtils.java:logGet(46)) - raft.server.log.segment.size.max = 67108864 (custom)
2025-04-24 14:02:14,276 [b80db16c-5673-450c-b3ca-7f89ec301096-groupManagement] INFO  server.RaftServerConfigKeys (ConfUtils.java:logGet(46)) - raft.server.log.segment.cache.num.max = 2 (custom)
2025-04-24 14:02:14,277 [b80db16c-5673-450c-b3ca-7f89ec301096-groupManagement] INFO  server.RaftServerConfigKeys (ConfUtils.java:logGet(46)) - raft.server.log.segment.cache.size.max = 200MB (=209715200) (default)
2025-04-24 14:02:14,277 [b80db16c-5673-450c-b3ca-7f89ec301096-groupManagement] INFO  server.RaftServerConfigKeys (ConfUtils.java:logGet(46)) - raft.server.log.appender.buffer.byte-limit = 33554432 (custom)
2025-04-24 14:02:14,278 [b80db16c-5673-450c-b3ca-7f89ec301096-groupManagement] INFO  util.AwaitToRun (AwaitToRun.java:start(81)) - Thread[#918,b80db16c-5673-450c-b3ca-7f89ec301096@group-51F4859D1AA5-cacheEviction-AwaitToRun,5,main] started
2025-04-24 14:02:14,278 [b80db16c-5673-450c-b3ca-7f89ec301096-groupManagement] INFO  segmented.SegmentedRaftLogWorker (SegmentedRaftLogWorker.java:<init>(188)) - new b80db16c-5673-450c-b3ca-7f89ec301096@group-51F4859D1AA5-SegmentedRaftLogWorker for RaftStorageImpl:Storage Directory /home/runner/work/ozone/ozone/hadoop-ozone/integration-test/target/test-dir/MiniOzoneClusterImpl-4e6105ad-12bc-4f18-9d37-351d73277e17/ozone-meta/datanode-1/ratis/ce161e94-c1d5-4d9f-9e61-51f4859d1aa5
2025-04-24 14:02:14,278 [b80db16c-5673-450c-b3ca-7f89ec301096-groupManagement] INFO  server.RaftServerConfigKeys (ConfUtils.java:logGet(46)) - raft.server.log.queue.byte-limit = 4294967296 (custom)
2025-04-24 14:02:14,278 [b80db16c-5673-450c-b3ca-7f89ec301096-groupManagement] INFO  server.RaftServerConfigKeys (ConfUtils.java:logGet(46)) - raft.server.log.queue.element-limit = 1024 (custom)
2025-04-24 14:02:14,278 [b80db16c-5673-450c-b3ca-7f89ec301096-groupManagement] INFO  server.RaftServerConfigKeys (ConfUtils.java:logGet(46)) - raft.server.log.segment.size.max = 67108864 (custom)
2025-04-24 14:02:14,278 [b80db16c-5673-450c-b3ca-7f89ec301096-groupManagement] INFO  server.RaftServerConfigKeys (ConfUtils.java:logGet(46)) - raft.server.log.preallocated.size = 4194304 (custom)
2025-04-24 14:02:14,278 [b80db16c-5673-450c-b3ca-7f89ec301096-groupManagement] INFO  server.RaftServerConfigKeys (ConfUtils.java:logGet(46)) - raft.server.log.force.sync.num = 128 (default)
2025-04-24 14:02:14,278 [b80db16c-5673-450c-b3ca-7f89ec301096-groupManagement] INFO  server.RaftServerConfigKeys (ConfUtils.java:logGet(46)) - raft.server.log.statemachine.data.sync = true (default)
2025-04-24 14:02:14,278 [b80db16c-5673-450c-b3ca-7f89ec301096-groupManagement] INFO  server.RaftServerConfigKeys (ConfUtils.java:logGet(46)) - raft.server.log.statemachine.data.sync.timeout = 10s (default)
2025-04-24 14:02:14,278 [b80db16c-5673-450c-b3ca-7f89ec301096-groupManagement] INFO  server.RaftServerConfigKeys (ConfUtils.java:logGet(46)) - raft.server.log.statemachine.data.sync.timeout.retry = 30 (custom)
2025-04-24 14:02:14,279 [b80db16c-5673-450c-b3ca-7f89ec301096-groupManagement] INFO  server.RaftServerConfigKeys (ConfUtils.java:logGet(46)) - raft.server.log.write.buffer.size = 33554440 (custom)
2025-04-24 14:02:14,284 [b80db16c-5673-450c-b3ca-7f89ec301096-groupManagement] INFO  server.RaftServerConfigKeys (ConfUtils.java:logGet(46)) - raft.server.log.appender.buffer.byte-limit = 33554432 (custom)
2025-04-24 14:02:14,285 [b80db16c-5673-450c-b3ca-7f89ec301096-groupManagement] INFO  server.RaftServerConfigKeys (ConfUtils.java:logGet(46)) - raft.server.log.unsafe-flush.enabled = false (default)
2025-04-24 14:02:14,285 [b80db16c-5673-450c-b3ca-7f89ec301096-groupManagement] INFO  server.RaftServerConfigKeys (ConfUtils.java:logGet(46)) - raft.server.log.async-flush.enabled = false (default)
2025-04-24 14:02:14,285 [b80db16c-5673-450c-b3ca-7f89ec301096-groupManagement] INFO  server.RaftServerConfigKeys (ConfUtils.java:logGet(46)) - raft.server.log.statemachine.data.caching.enabled = true (custom)
2025-04-24 14:02:14,285 [b80db16c-5673-450c-b3ca-7f89ec301096-groupManagement] INFO  segmented.SegmentedRaftLogWorker (SegmentedRaftLogWorker.java:lambda$new$0(139)) - b80db16c-5673-450c-b3ca-7f89ec301096@group-51F4859D1AA5-SegmentedRaftLogWorker: flushIndex: setUnconditionally 0 -> -1
2025-04-24 14:02:14,285 [b80db16c-5673-450c-b3ca-7f89ec301096-groupManagement] INFO  segmented.SegmentedRaftLogWorker (SegmentedRaftLogWorker.java:lambda$new$0(139)) - b80db16c-5673-450c-b3ca-7f89ec301096@group-51F4859D1AA5-SegmentedRaftLogWorker: safeCacheEvictIndex: setUnconditionally 0 -> -1
2025-04-24 14:02:14,285 [b80db16c-5673-450c-b3ca-7f89ec301096-groupManagement] INFO  server.RaftServer$Division (RaftServerImpl.java:start(391)) - b80db16c-5673-450c-b3ca-7f89ec301096@group-51F4859D1AA5: start as a follower, conf=conf: {index: -1, cur=peers:[b80db16c-5673-450c-b3ca-7f89ec301096|127.0.0.1:15023]|listeners:[], old=null}
2025-04-24 14:02:14,286 [b80db16c-5673-450c-b3ca-7f89ec301096-groupManagement] INFO  server.RaftServer$Division (RaftServerImpl.java:setRole(378)) - b80db16c-5673-450c-b3ca-7f89ec301096@group-51F4859D1AA5: changes role from      null to FOLLOWER at term 0 for startAsFollower
2025-04-24 14:02:14,286 [b80db16c-5673-450c-b3ca-7f89ec301096-groupManagement] INFO  impl.RoleInfo (RoleInfo.java:updateAndGet(148)) - b80db16c-5673-450c-b3ca-7f89ec301096: start b80db16c-5673-450c-b3ca-7f89ec301096@group-51F4859D1AA5-FollowerState
2025-04-24 14:02:14,286 [b80db16c-5673-450c-b3ca-7f89ec301096@group-51F4859D1AA5-FollowerState] INFO  server.RaftServerConfigKeys (ConfUtils.java:logGet(46)) - raft.server.rpc.first-election.timeout.min = 1000ms (custom)
2025-04-24 14:02:14,286 [b80db16c-5673-450c-b3ca-7f89ec301096@group-51F4859D1AA5-FollowerState] INFO  server.RaftServerConfigKeys (ConfUtils.java:logGet(46)) - raft.server.rpc.first-election.timeout.max = 1200ms (custom)
2025-04-24 14:02:14,286 [b80db16c-5673-450c-b3ca-7f89ec301096-groupManagement] INFO  util.JmxRegister (JmxRegister.java:tryRegister(44)) - Successfully registered JMX Bean with object name Ratis:service=RaftServer,group=group-51F4859D1AA5,id=b80db16c-5673-450c-b3ca-7f89ec301096
2025-04-24 14:02:14,287 [b80db16c-5673-450c-b3ca-7f89ec301096-groupManagement] INFO  util.JmxRegister (JmxRegister.java:register(58)) - register mxBean class org.apache.ratis.server.impl.RaftServerJmxAdapter as Ratis:service=RaftServer,group=group-51F4859D1AA5,id=b80db16c-5673-450c-b3ca-7f89ec301096
2025-04-24 14:02:14,287 [b80db16c-5673-450c-b3ca-7f89ec301096-groupManagement] INFO  server.RaftServerConfigKeys (ConfUtils.java:logGet(46)) - raft.server.snapshot.trigger-when-stop.enabled = true (default)
2025-04-24 14:02:14,287 [b80db16c-5673-450c-b3ca-7f89ec301096-groupManagement] INFO  server.RaftServerConfigKeys (ConfUtils.java:logGet(46)) - raft.server.snapshot.trigger-when-remove.enabled = true (default)
2025-04-24 14:02:14,287 [b80db16c-5673-450c-b3ca-7f89ec301096-groupManagement] INFO  server.RaftServerConfigKeys (ConfUtils.java:logGet(46)) - raft.server.snapshot.auto.trigger.enabled = true (custom)
2025-04-24 14:02:14,287 [b80db16c-5673-450c-b3ca-7f89ec301096-groupManagement] INFO  server.RaftServerConfigKeys (ConfUtils.java:logGet(46)) - raft.server.snapshot.auto.trigger.threshold = 100000 (custom)
2025-04-24 14:02:14,287 [b80db16c-5673-450c-b3ca-7f89ec301096-groupManagement] INFO  server.RaftServerConfigKeys (ConfUtils.java:logGet(46)) - raft.server.snapshot.retention.file.num = 5 (custom)
2025-04-24 14:02:14,287 [b80db16c-5673-450c-b3ca-7f89ec301096-groupManagement] INFO  server.RaftServerConfigKeys (ConfUtils.java:logGet(46)) - raft.server.log.purge.upto.snapshot.index = false (default)
2025-04-24 14:02:14,289 [b80db16c-5673-450c-b3ca-7f89ec301096-groupManagement] INFO  server.RaftServer$Division (RaftServerImpl.java:start(405)) - b80db16c-5673-450c-b3ca-7f89ec301096@group-51F4859D1AA5: Successfully started.
2025-04-24 14:02:14,290 [b80db16c-5673-450c-b3ca-7f89ec301096-PipelineCommandHandlerThread-0] INFO  ratis.XceiverServerRatis (XceiverServerRatis.java:addGroup(842)) - Created group PipelineID=ce161e94-c1d5-4d9f-9e61-51f4859d1aa5
2025-04-24 14:02:14,291 [b80db16c-5673-450c-b3ca-7f89ec301096-PipelineCommandHandlerThread-0] INFO  commandhandler.CreatePipelineCommandHandler (CreatePipelineCommandHandler.java:lambda$handle$2(128)) - Created Pipeline RATIS ONE PipelineID=ce161e94-c1d5-4d9f-9e61-51f4859d1aa5.
2025-04-24 14:02:14,292 [c9ecfe4d-0892-4246-87fb-41e44738771b@group-351D73277E17-StateMachineUpdater] INFO  safemode.HealthyPipelineSafeModeRule (HealthyPipelineSafeModeRule.java:initializeRule(174)) - Refreshed total pipeline count is 0, healthy pipeline threshold count is 1
2025-04-24 14:02:14,292 [EventQueue-PipelineReportForPipelineReportHandler] INFO  pipeline.PipelineReportHandler (PipelineReportHandler.java:processPipelineReport(134)) - Opened pipeline PipelineID=ce161e94-c1d5-4d9f-9e61-51f4859d1aa5
2025-04-24 14:02:14,293 [b80db16c-5673-450c-b3ca-7f89ec301096-PipelineCommandHandlerThread-0] INFO  server.RaftServer (RaftServerProxy.java:addNew(100)) - b80db16c-5673-450c-b3ca-7f89ec301096: addNew group-94051EF173A1:[b80db16c-5673-450c-b3ca-7f89ec301096|127.0.0.1:15023, 72381052-d1f9-4ca6-906c-6db4c7ca7d69|127.0.0.1:15039, aed9408d-e3c0-4aa9-9c6a-b698c50b685f|127.0.0.1:15031] returns group-94051EF173A1:java.util.concurrent.CompletableFuture@4b998ccf[Not completed]
2025-04-24 14:02:14,294 [b80db16c-5673-450c-b3ca-7f89ec301096-groupManagement] INFO  server.RaftServer$Division (RaftServerImpl.java:<init>(255)) - b80db16c-5673-450c-b3ca-7f89ec301096: new RaftServerImpl for group-94051EF173A1:[b80db16c-5673-450c-b3ca-7f89ec301096|127.0.0.1:15023, 72381052-d1f9-4ca6-906c-6db4c7ca7d69|127.0.0.1:15039, aed9408d-e3c0-4aa9-9c6a-b698c50b685f|127.0.0.1:15031] with ContainerStateMachine:uninitialized
2025-04-24 14:02:14,295 [b80db16c-5673-450c-b3ca-7f89ec301096-groupManagement] INFO  server.RaftServerConfigKeys (ConfUtils.java:logGet(46)) - raft.server.rpc.timeout.min = 5s (custom)
2025-04-24 14:02:14,295 [b80db16c-5673-450c-b3ca-7f89ec301096-groupManagement] INFO  server.RaftServerConfigKeys (ConfUtils.java:logGet(46)) - raft.server.rpc.timeout.max = 5200ms (custom)
2025-04-24 14:02:14,295 [b80db16c-5673-450c-b3ca-7f89ec301096-groupManagement] INFO  server.RaftServerConfigKeys (ConfUtils.java:logGet(46)) - raft.server.rpc.sleep.time = 25ms (default)
2025-04-24 14:02:14,295 [b80db16c-5673-450c-b3ca-7f89ec301096-groupManagement] INFO  server.RaftServerConfigKeys (ConfUtils.java:logGet(46)) - raft.server.rpc.slowness.timeout = 300s (custom)
2025-04-24 14:02:14,295 [b80db16c-5673-450c-b3ca-7f89ec301096-groupManagement] INFO  server.RaftServerConfigKeys (ConfUtils.java:logGet(46)) - raft.server.leaderelection.leader.step-down.wait-time = 10s (default)
2025-04-24 14:02:14,295 [b80db16c-5673-450c-b3ca-7f89ec301096-groupManagement] INFO  server.RaftServerConfigKeys (ConfUtils.java:logGet(46)) - raft.server.leaderelection.member.majority-add = false (default)
2025-04-24 14:02:14,295 [b80db16c-5673-450c-b3ca-7f89ec301096-groupManagement] INFO  server.RaftServerConfigKeys (ConfUtils.java:logGet(46)) - raft.server.sleep.deviation.threshold = 300ms (default)
2025-04-24 14:02:14,295 [EventQueue-OpenPipelineForHealthyPipelineSafeModeRule] INFO  safemode.SCMSafeModeManager (HealthyPipelineSafeModeRule.java:process(141)) - SCM in safe mode. Healthy pipelines reported count is 0, required healthy pipeline reported count is 1
2025-04-24 14:02:14,295 [b80db16c-5673-450c-b3ca-7f89ec301096-groupManagement] INFO  server.RaftServer$Division (ServerState.java:<init>(114)) - b80db16c-5673-450c-b3ca-7f89ec301096@group-94051EF173A1: ConfigurationManager, init=conf: {index: -1, cur=peers:[b80db16c-5673-450c-b3ca-7f89ec301096|127.0.0.1:15023, 72381052-d1f9-4ca6-906c-6db4c7ca7d69|127.0.0.1:15039, aed9408d-e3c0-4aa9-9c6a-b698c50b685f|127.0.0.1:15031]|listeners:[], old=null}, confs=<EMPTY_MAP>
2025-04-24 14:02:14,295 [b80db16c-5673-450c-b3ca-7f89ec301096-groupManagement] INFO  server.RaftServerConfigKeys (ConfUtils.java:logGet(46)) - raft.server.notification.no-leader.timeout = 300s (custom)
2025-04-24 14:02:14,296 [b80db16c-5673-450c-b3ca-7f89ec301096-groupManagement] INFO  server.RaftServerConfigKeys (ConfUtils.java:logGet(46)) - raft.server.read.timeout = 10s (default)
2025-04-24 14:02:14,296 [b80db16c-5673-450c-b3ca-7f89ec301096-groupManagement] INFO  server.RaftServerConfigKeys (ConfUtils.java:logGet(46)) - raft.server.retrycache.expirytime = 600000ms (custom)
2025-04-24 14:02:14,296 [b80db16c-5673-450c-b3ca-7f89ec301096-groupManagement] INFO  server.RaftServerConfigKeys (ConfUtils.java:logGet(46)) - raft.server.retrycache.statistics.expirytime = 100ms (default)
2025-04-24 14:02:14,296 [b80db16c-5673-450c-b3ca-7f89ec301096-groupManagement] INFO  server.RaftServerConfigKeys (ConfUtils.java:logGet(46)) - raft.server.read.option = DEFAULT (default)
2025-04-24 14:02:14,296 [b80db16c-5673-450c-b3ca-7f89ec301096-groupManagement] INFO  server.RaftServerConfigKeys (ConfUtils.java:logGet(46)) - raft.server.read.read-after-write-consistent.write-index-cache.expiry-time = 60s (default)
2025-04-24 14:02:14,301 [b80db16c-5673-450c-b3ca-7f89ec301096-groupManagement] INFO  server.RaftServerConfigKeys (ConfUtils.java:logGet(46)) - raft.server.rpc.request.timeout = 60s (custom)
2025-04-24 14:02:14,301 [b80db16c-5673-450c-b3ca-7f89ec301096-groupManagement] INFO  server.RaftServerConfigKeys (ConfUtils.java:logGet(46)) - raft.server.log.appender.install.snapshot.enabled = false (custom)
2025-04-24 14:02:14,302 [b80db16c-5673-450c-b3ca-7f89ec301096-groupManagement] INFO  server.RaftServerConfigKeys (ConfUtils.java:logGet(46)) - raft.server.threadpool.server.cached = true (default)
2025-04-24 14:02:14,302 [b80db16c-5673-450c-b3ca-7f89ec301096-groupManagement] INFO  server.RaftServerConfigKeys (ConfUtils.java:logGet(46)) - raft.server.threadpool.server.size = 0 (default)
2025-04-24 14:02:14,302 [b80db16c-5673-450c-b3ca-7f89ec301096-groupManagement] INFO  server.RaftServerConfigKeys (ConfUtils.java:logGet(46)) - raft.server.threadpool.client.cached = true (default)
2025-04-24 14:02:14,302 [b80db16c-5673-450c-b3ca-7f89ec301096-groupManagement] INFO  server.RaftServerConfigKeys (ConfUtils.java:logGet(46)) - raft.server.threadpool.client.size = 0 (default)
2025-04-24 14:02:14,302 [b80db16c-5673-450c-b3ca-7f89ec301096-groupManagement] INFO  server.RaftServerConfigKeys (ConfUtils.java:logGet(46)) - raft.server.storage.free-space.min = 0MB (=0) (default)
2025-04-24 14:02:14,302 [b80db16c-5673-450c-b3ca-7f89ec301096-groupManagement] INFO  server.RaftServerConfigKeys (ConfUtils.java:logGet(46)) - raft.server.log.corruption.policy = EXCEPTION (default)
2025-04-24 14:02:14,302 [b80db16c-5673-450c-b3ca-7f89ec301096-groupManagement] INFO  server.RaftServerConfigKeys (ConfUtils.java:logGet(46)) - raft.server.storage.dir = [/home/runner/work/ozone/ozone/hadoop-ozone/integration-test/target/test-dir/MiniOzoneClusterImpl-4e6105ad-12bc-4f18-9d37-351d73277e17/ozone-meta/datanode-1/ratis] (custom)
2025-04-24 14:02:14,303 [b80db16c-5673-450c-b3ca-7f89ec301096-groupManagement] INFO  storage.RaftStorageDirectory (RaftStorageDirectoryImpl.java:analyzeStorage(138)) - The storage directory /home/runner/work/ozone/ozone/hadoop-ozone/integration-test/target/test-dir/MiniOzoneClusterImpl-4e6105ad-12bc-4f18-9d37-351d73277e17/ozone-meta/datanode-1/ratis/91f13965-56ff-4f44-929d-94051ef173a1 does not exist. Creating ...
2025-04-24 14:02:14,304 [b80db16c-5673-450c-b3ca-7f89ec301096-groupManagement] INFO  storage.RaftStorageDirectory (RaftStorageDirectoryImpl.java:tryLock(229)) - Lock on /home/runner/work/ozone/ozone/hadoop-ozone/integration-test/target/test-dir/MiniOzoneClusterImpl-4e6105ad-12bc-4f18-9d37-351d73277e17/ozone-meta/datanode-1/ratis/91f13965-56ff-4f44-929d-94051ef173a1/in_use.lock acquired by nodename 129728@fv-az2210-761
2025-04-24 14:02:14,305 [b80db16c-5673-450c-b3ca-7f89ec301096-groupManagement] INFO  storage.RaftStorage (RaftStorageImpl.java:format(98)) - Storage directory /home/runner/work/ozone/ozone/hadoop-ozone/integration-test/target/test-dir/MiniOzoneClusterImpl-4e6105ad-12bc-4f18-9d37-351d73277e17/ozone-meta/datanode-1/ratis/91f13965-56ff-4f44-929d-94051ef173a1 has been successfully formatted.
2025-04-24 14:02:14,305 [b80db16c-5673-450c-b3ca-7f89ec301096-groupManagement] INFO  ratis.ContainerStateMachine (ContainerStateMachine.java:initialize(339)) - b80db16c-5673-450c-b3ca-7f89ec301096: initialize group-94051EF173A1
2025-04-24 14:02:14,305 [b80db16c-5673-450c-b3ca-7f89ec301096-groupManagement] INFO  ratis.ContainerStateMachine (ContainerStateMachine.java:loadSnapshot(347)) - group-94051EF173A1: The snapshot info is null. Setting the last applied index to:(t:0, i:~)
2025-04-24 14:02:14,305 [b80db16c-5673-450c-b3ca-7f89ec301096-groupManagement] INFO  server.RaftServerConfigKeys (ConfUtils.java:logGet(46)) - raft.server.log.use.memory = false (default)
2025-04-24 14:02:14,305 [b80db16c-5673-450c-b3ca-7f89ec301096-groupManagement] INFO  server.RaftServerConfigKeys (ConfUtils.java:logGet(46)) - raft.server.log.purge.gap = 1000000 (custom)
2025-04-24 14:02:14,306 [b80db16c-5673-450c-b3ca-7f89ec301096-groupManagement] INFO  server.RaftServerConfigKeys (ConfUtils.java:logGet(46)) - raft.server.log.appender.buffer.byte-limit = 33554432 (custom)
2025-04-24 14:02:14,306 [b80db16c-5673-450c-b3ca-7f89ec301096-groupManagement] INFO  server.RaftServerConfigKeys (ConfUtils.java:logGet(46)) - raft.server.log.statemachine.data.read.timeout = 1000ms (default)
2025-04-24 14:02:14,306 [b80db16c-5673-450c-b3ca-7f89ec301096-groupManagement] INFO  server.RaftServerConfigKeys (ConfUtils.java:logGet(46)) - raft.server.log.purge.preservation.log.num = 0 (default)
2025-04-24 14:02:14,308 [b80db16c-5673-450c-b3ca-7f89ec301096-groupManagement] INFO  server.RaftServerConfigKeys (ConfUtils.java:logGet(46)) - raft.server.log.segment.size.max = 67108864 (custom)
2025-04-24 14:02:14,309 [EventQueue-OpenPipelineForHealthyPipelineSafeModeRule] INFO  safemode.SCMSafeModeManager (HealthyPipelineSafeModeRule.java:process(141)) - SCM in safe mode. Healthy pipelines reported count is 0, required healthy pipeline reported count is 1
2025-04-24 14:02:14,310 [b80db16c-5673-450c-b3ca-7f89ec301096-groupManagement] INFO  server.RaftServerConfigKeys (ConfUtils.java:logGet(46)) - raft.server.log.segment.cache.num.max = 2 (custom)
2025-04-24 14:02:14,310 [b80db16c-5673-450c-b3ca-7f89ec301096-groupManagement] INFO  server.RaftServerConfigKeys (ConfUtils.java:logGet(46)) - raft.server.log.segment.cache.size.max = 200MB (=209715200) (default)
2025-04-24 14:02:14,310 [b80db16c-5673-450c-b3ca-7f89ec301096-groupManagement] INFO  server.RaftServerConfigKeys (ConfUtils.java:logGet(46)) - raft.server.log.appender.buffer.byte-limit = 33554432 (custom)
2025-04-24 14:02:14,310 [b80db16c-5673-450c-b3ca-7f89ec301096-groupManagement] INFO  util.AwaitToRun (AwaitToRun.java:start(81)) - Thread[#923,b80db16c-5673-450c-b3ca-7f89ec301096@group-94051EF173A1-cacheEviction-AwaitToRun,5,main] started
2025-04-24 14:02:14,311 [b80db16c-5673-450c-b3ca-7f89ec301096-groupManagement] INFO  segmented.SegmentedRaftLogWorker (SegmentedRaftLogWorker.java:<init>(188)) - new b80db16c-5673-450c-b3ca-7f89ec301096@group-94051EF173A1-SegmentedRaftLogWorker for RaftStorageImpl:Storage Directory /home/runner/work/ozone/ozone/hadoop-ozone/integration-test/target/test-dir/MiniOzoneClusterImpl-4e6105ad-12bc-4f18-9d37-351d73277e17/ozone-meta/datanode-1/ratis/91f13965-56ff-4f44-929d-94051ef173a1
2025-04-24 14:02:14,311 [b80db16c-5673-450c-b3ca-7f89ec301096-groupManagement] INFO  server.RaftServerConfigKeys (ConfUtils.java:logGet(46)) - raft.server.log.queue.byte-limit = 4294967296 (custom)
2025-04-24 14:02:14,311 [b80db16c-5673-450c-b3ca-7f89ec301096-groupManagement] INFO  server.RaftServerConfigKeys (ConfUtils.java:logGet(46)) - raft.server.log.queue.element-limit = 1024 (custom)
2025-04-24 14:02:14,311 [b80db16c-5673-450c-b3ca-7f89ec301096-groupManagement] INFO  server.RaftServerConfigKeys (ConfUtils.java:logGet(46)) - raft.server.log.segment.size.max = 67108864 (custom)
2025-04-24 14:02:14,311 [b80db16c-5673-450c-b3ca-7f89ec301096-groupManagement] INFO  server.RaftServerConfigKeys (ConfUtils.java:logGet(46)) - raft.server.log.preallocated.size = 4194304 (custom)
2025-04-24 14:02:14,311 [b80db16c-5673-450c-b3ca-7f89ec301096-groupManagement] INFO  server.RaftServerConfigKeys (ConfUtils.java:logGet(46)) - raft.server.log.force.sync.num = 128 (default)
2025-04-24 14:02:14,311 [b80db16c-5673-450c-b3ca-7f89ec301096-groupManagement] INFO  server.RaftServerConfigKeys (ConfUtils.java:logGet(46)) - raft.server.log.statemachine.data.sync = true (default)
2025-04-24 14:02:14,311 [b80db16c-5673-450c-b3ca-7f89ec301096-groupManagement] INFO  server.RaftServerConfigKeys (ConfUtils.java:logGet(46)) - raft.server.log.statemachine.data.sync.timeout = 10s (default)
2025-04-24 14:02:14,311 [b80db16c-5673-450c-b3ca-7f89ec301096-groupManagement] INFO  server.RaftServerConfigKeys (ConfUtils.java:logGet(46)) - raft.server.log.statemachine.data.sync.timeout.retry = 30 (custom)
2025-04-24 14:02:14,312 [b80db16c-5673-450c-b3ca-7f89ec301096-groupManagement] INFO  server.RaftServerConfigKeys (ConfUtils.java:logGet(46)) - raft.server.log.write.buffer.size = 33554440 (custom)
2025-04-24 14:02:14,318 [b80db16c-5673-450c-b3ca-7f89ec301096-groupManagement] INFO  server.RaftServerConfigKeys (ConfUtils.java:logGet(46)) - raft.server.log.appender.buffer.byte-limit = 33554432 (custom)
2025-04-24 14:02:14,318 [b80db16c-5673-450c-b3ca-7f89ec301096-groupManagement] INFO  server.RaftServerConfigKeys (ConfUtils.java:logGet(46)) - raft.server.log.unsafe-flush.enabled = false (default)
2025-04-24 14:02:14,318 [b80db16c-5673-450c-b3ca-7f89ec301096-groupManagement] INFO  server.RaftServerConfigKeys (ConfUtils.java:logGet(46)) - raft.server.log.async-flush.enabled = false (default)
2025-04-24 14:02:14,318 [b80db16c-5673-450c-b3ca-7f89ec301096-groupManagement] INFO  server.RaftServerConfigKeys (ConfUtils.java:logGet(46)) - raft.server.log.statemachine.data.caching.enabled = true (custom)
2025-04-24 14:02:14,318 [b80db16c-5673-450c-b3ca-7f89ec301096-groupManagement] INFO  segmented.SegmentedRaftLogWorker (SegmentedRaftLogWorker.java:lambda$new$0(139)) - b80db16c-5673-450c-b3ca-7f89ec301096@group-94051EF173A1-SegmentedRaftLogWorker: flushIndex: setUnconditionally 0 -> -1
2025-04-24 14:02:14,318 [b80db16c-5673-450c-b3ca-7f89ec301096-groupManagement] INFO  segmented.SegmentedRaftLogWorker (SegmentedRaftLogWorker.java:lambda$new$0(139)) - b80db16c-5673-450c-b3ca-7f89ec301096@group-94051EF173A1-SegmentedRaftLogWorker: safeCacheEvictIndex: setUnconditionally 0 -> -1
2025-04-24 14:02:14,319 [b80db16c-5673-450c-b3ca-7f89ec301096-groupManagement] INFO  server.RaftServer$Division (RaftServerImpl.java:start(391)) - b80db16c-5673-450c-b3ca-7f89ec301096@group-94051EF173A1: start as a follower, conf=conf: {index: -1, cur=peers:[b80db16c-5673-450c-b3ca-7f89ec301096|127.0.0.1:15023, 72381052-d1f9-4ca6-906c-6db4c7ca7d69|127.0.0.1:15039, aed9408d-e3c0-4aa9-9c6a-b698c50b685f|127.0.0.1:15031]|listeners:[], old=null}
2025-04-24 14:02:14,319 [b80db16c-5673-450c-b3ca-7f89ec301096-groupManagement] INFO  server.RaftServer$Division (RaftServerImpl.java:setRole(378)) - b80db16c-5673-450c-b3ca-7f89ec301096@group-94051EF173A1: changes role from      null to FOLLOWER at term 0 for startAsFollower
2025-04-24 14:02:14,319 [b80db16c-5673-450c-b3ca-7f89ec301096-groupManagement] INFO  impl.RoleInfo (RoleInfo.java:updateAndGet(148)) - b80db16c-5673-450c-b3ca-7f89ec301096: start b80db16c-5673-450c-b3ca-7f89ec301096@group-94051EF173A1-FollowerState
2025-04-24 14:02:14,319 [b80db16c-5673-450c-b3ca-7f89ec301096-groupManagement] INFO  util.JmxRegister (JmxRegister.java:tryRegister(44)) - Successfully registered JMX Bean with object name Ratis:service=RaftServer,group=group-94051EF173A1,id=b80db16c-5673-450c-b3ca-7f89ec301096
2025-04-24 14:02:14,319 [b80db16c-5673-450c-b3ca-7f89ec301096-groupManagement] INFO  util.JmxRegister (JmxRegister.java:register(58)) - register mxBean class org.apache.ratis.server.impl.RaftServerJmxAdapter as Ratis:service=RaftServer,group=group-94051EF173A1,id=b80db16c-5673-450c-b3ca-7f89ec301096
2025-04-24 14:02:14,320 [b80db16c-5673-450c-b3ca-7f89ec301096-groupManagement] INFO  server.RaftServerConfigKeys (ConfUtils.java:logGet(46)) - raft.server.snapshot.trigger-when-stop.enabled = true (default)
2025-04-24 14:02:14,320 [b80db16c-5673-450c-b3ca-7f89ec301096-groupManagement] INFO  server.RaftServerConfigKeys (ConfUtils.java:logGet(46)) - raft.server.snapshot.trigger-when-remove.enabled = true (default)
2025-04-24 14:02:14,320 [b80db16c-5673-450c-b3ca-7f89ec301096-groupManagement] INFO  server.RaftServerConfigKeys (ConfUtils.java:logGet(46)) - raft.server.snapshot.auto.trigger.enabled = true (custom)
2025-04-24 14:02:14,319 [b80db16c-5673-450c-b3ca-7f89ec301096@group-94051EF173A1-FollowerState] INFO  server.RaftServerConfigKeys (ConfUtils.java:logGet(46)) - raft.server.rpc.first-election.timeout.min = 1000ms (custom)
2025-04-24 14:02:14,320 [b80db16c-5673-450c-b3ca-7f89ec301096-groupManagement] INFO  server.RaftServerConfigKeys (ConfUtils.java:logGet(46)) - raft.server.snapshot.auto.trigger.threshold = 100000 (custom)
2025-04-24 14:02:14,320 [b80db16c-5673-450c-b3ca-7f89ec301096-groupManagement] INFO  server.RaftServerConfigKeys (ConfUtils.java:logGet(46)) - raft.server.snapshot.retention.file.num = 5 (custom)
2025-04-24 14:02:14,320 [b80db16c-5673-450c-b3ca-7f89ec301096-groupManagement] INFO  server.RaftServerConfigKeys (ConfUtils.java:logGet(46)) - raft.server.log.purge.upto.snapshot.index = false (default)
2025-04-24 14:02:14,320 [b80db16c-5673-450c-b3ca-7f89ec301096@group-94051EF173A1-FollowerState] INFO  server.RaftServerConfigKeys (ConfUtils.java:logGet(46)) - raft.server.rpc.first-election.timeout.max = 1200ms (custom)
2025-04-24 14:02:14,321 [b80db16c-5673-450c-b3ca-7f89ec301096-groupManagement] INFO  server.RaftServer$Division (RaftServerImpl.java:start(405)) - b80db16c-5673-450c-b3ca-7f89ec301096@group-94051EF173A1: Successfully started.
2025-04-24 14:02:14,322 [b80db16c-5673-450c-b3ca-7f89ec301096-PipelineCommandHandlerThread-0] INFO  ratis.XceiverServerRatis (XceiverServerRatis.java:addGroup(842)) - Created group PipelineID=91f13965-56ff-4f44-929d-94051ef173a1
2025-04-24 14:02:14,362 [grpc-default-executor-2] INFO  server.RaftServer (RaftServerProxy.java:addNew(100)) - 72381052-d1f9-4ca6-906c-6db4c7ca7d69: addNew group-94051EF173A1:[b80db16c-5673-450c-b3ca-7f89ec301096|127.0.0.1:15023, 72381052-d1f9-4ca6-906c-6db4c7ca7d69|127.0.0.1:15039, aed9408d-e3c0-4aa9-9c6a-b698c50b685f|127.0.0.1:15031] returns group-94051EF173A1:java.util.concurrent.CompletableFuture@545b635b[Not completed]
2025-04-24 14:02:14,364 [72381052-d1f9-4ca6-906c-6db4c7ca7d69-groupManagement] INFO  server.RaftServer$Division (RaftServerImpl.java:<init>(255)) - 72381052-d1f9-4ca6-906c-6db4c7ca7d69: new RaftServerImpl for group-94051EF173A1:[b80db16c-5673-450c-b3ca-7f89ec301096|127.0.0.1:15023, 72381052-d1f9-4ca6-906c-6db4c7ca7d69|127.0.0.1:15039, aed9408d-e3c0-4aa9-9c6a-b698c50b685f|127.0.0.1:15031] with ContainerStateMachine:uninitialized
2025-04-24 14:02:14,364 [72381052-d1f9-4ca6-906c-6db4c7ca7d69-groupManagement] INFO  server.RaftServerConfigKeys (ConfUtils.java:logGet(46)) - raft.server.rpc.timeout.min = 5s (custom)
2025-04-24 14:02:14,364 [72381052-d1f9-4ca6-906c-6db4c7ca7d69-groupManagement] INFO  server.RaftServerConfigKeys (ConfUtils.java:logGet(46)) - raft.server.rpc.timeout.max = 5200ms (custom)
2025-04-24 14:02:14,364 [72381052-d1f9-4ca6-906c-6db4c7ca7d69-groupManagement] INFO  server.RaftServerConfigKeys (ConfUtils.java:logGet(46)) - raft.server.rpc.sleep.time = 25ms (default)
2025-04-24 14:02:14,364 [72381052-d1f9-4ca6-906c-6db4c7ca7d69-groupManagement] INFO  server.RaftServerConfigKeys (ConfUtils.java:logGet(46)) - raft.server.rpc.slowness.timeout = 300s (custom)
2025-04-24 14:02:14,364 [72381052-d1f9-4ca6-906c-6db4c7ca7d69-groupManagement] INFO  server.RaftServerConfigKeys (ConfUtils.java:logGet(46)) - raft.server.leaderelection.leader.step-down.wait-time = 10s (default)
2025-04-24 14:02:14,364 [72381052-d1f9-4ca6-906c-6db4c7ca7d69-groupManagement] INFO  server.RaftServerConfigKeys (ConfUtils.java:logGet(46)) - raft.server.leaderelection.member.majority-add = false (default)
2025-04-24 14:02:14,364 [72381052-d1f9-4ca6-906c-6db4c7ca7d69-groupManagement] INFO  server.RaftServerConfigKeys (ConfUtils.java:logGet(46)) - raft.server.sleep.deviation.threshold = 300ms (default)
2025-04-24 14:02:14,365 [72381052-d1f9-4ca6-906c-6db4c7ca7d69-groupManagement] INFO  server.RaftServer$Division (ServerState.java:<init>(114)) - 72381052-d1f9-4ca6-906c-6db4c7ca7d69@group-94051EF173A1: ConfigurationManager, init=conf: {index: -1, cur=peers:[b80db16c-5673-450c-b3ca-7f89ec301096|127.0.0.1:15023, 72381052-d1f9-4ca6-906c-6db4c7ca7d69|127.0.0.1:15039, aed9408d-e3c0-4aa9-9c6a-b698c50b685f|127.0.0.1:15031]|listeners:[], old=null}, confs=<EMPTY_MAP>
2025-04-24 14:02:14,365 [72381052-d1f9-4ca6-906c-6db4c7ca7d69-groupManagement] INFO  server.RaftServerConfigKeys (ConfUtils.java:logGet(46)) - raft.server.notification.no-leader.timeout = 300s (custom)
2025-04-24 14:02:14,365 [72381052-d1f9-4ca6-906c-6db4c7ca7d69-groupManagement] INFO  server.RaftServerConfigKeys (ConfUtils.java:logGet(46)) - raft.server.read.timeout = 10s (default)
2025-04-24 14:02:14,365 [72381052-d1f9-4ca6-906c-6db4c7ca7d69-groupManagement] INFO  server.RaftServerConfigKeys (ConfUtils.java:logGet(46)) - raft.server.retrycache.expirytime = 600000ms (custom)
2025-04-24 14:02:14,365 [72381052-d1f9-4ca6-906c-6db4c7ca7d69-groupManagement] INFO  server.RaftServerConfigKeys (ConfUtils.java:logGet(46)) - raft.server.retrycache.statistics.expirytime = 100ms (default)
2025-04-24 14:02:14,365 [72381052-d1f9-4ca6-906c-6db4c7ca7d69-groupManagement] INFO  server.RaftServerConfigKeys (ConfUtils.java:logGet(46)) - raft.server.read.option = DEFAULT (default)
2025-04-24 14:02:14,365 [72381052-d1f9-4ca6-906c-6db4c7ca7d69-groupManagement] INFO  server.RaftServerConfigKeys (ConfUtils.java:logGet(46)) - raft.server.read.read-after-write-consistent.write-index-cache.expiry-time = 60s (default)
2025-04-24 14:02:14,371 [72381052-d1f9-4ca6-906c-6db4c7ca7d69-groupManagement] INFO  server.RaftServerConfigKeys (ConfUtils.java:logGet(46)) - raft.server.rpc.request.timeout = 60s (custom)
2025-04-24 14:02:14,371 [72381052-d1f9-4ca6-906c-6db4c7ca7d69-groupManagement] INFO  server.RaftServerConfigKeys (ConfUtils.java:logGet(46)) - raft.server.log.appender.install.snapshot.enabled = false (custom)
2025-04-24 14:02:14,371 [72381052-d1f9-4ca6-906c-6db4c7ca7d69-groupManagement] INFO  server.RaftServerConfigKeys (ConfUtils.java:logGet(46)) - raft.server.threadpool.server.cached = true (default)
2025-04-24 14:02:14,371 [72381052-d1f9-4ca6-906c-6db4c7ca7d69-groupManagement] INFO  server.RaftServerConfigKeys (ConfUtils.java:logGet(46)) - raft.server.threadpool.server.size = 0 (default)
2025-04-24 14:02:14,371 [72381052-d1f9-4ca6-906c-6db4c7ca7d69-groupManagement] INFO  server.RaftServerConfigKeys (ConfUtils.java:logGet(46)) - raft.server.threadpool.client.cached = true (default)
2025-04-24 14:02:14,371 [72381052-d1f9-4ca6-906c-6db4c7ca7d69-groupManagement] INFO  server.RaftServerConfigKeys (ConfUtils.java:logGet(46)) - raft.server.threadpool.client.size = 0 (default)
2025-04-24 14:02:14,372 [72381052-d1f9-4ca6-906c-6db4c7ca7d69-groupManagement] INFO  server.RaftServerConfigKeys (ConfUtils.java:logGet(46)) - raft.server.storage.free-space.min = 0MB (=0) (default)
2025-04-24 14:02:14,372 [72381052-d1f9-4ca6-906c-6db4c7ca7d69-groupManagement] INFO  server.RaftServerConfigKeys (ConfUtils.java:logGet(46)) - raft.server.log.corruption.policy = EXCEPTION (default)
2025-04-24 14:02:14,372 [72381052-d1f9-4ca6-906c-6db4c7ca7d69-groupManagement] INFO  server.RaftServerConfigKeys (ConfUtils.java:logGet(46)) - raft.server.storage.dir = [/home/runner/work/ozone/ozone/hadoop-ozone/integration-test/target/test-dir/MiniOzoneClusterImpl-4e6105ad-12bc-4f18-9d37-351d73277e17/ozone-meta/datanode-3/ratis] (custom)
2025-04-24 14:02:14,372 [72381052-d1f9-4ca6-906c-6db4c7ca7d69-groupManagement] INFO  storage.RaftStorageDirectory (RaftStorageDirectoryImpl.java:analyzeStorage(138)) - The storage directory /home/runner/work/ozone/ozone/hadoop-ozone/integration-test/target/test-dir/MiniOzoneClusterImpl-4e6105ad-12bc-4f18-9d37-351d73277e17/ozone-meta/datanode-3/ratis/91f13965-56ff-4f44-929d-94051ef173a1 does not exist. Creating ...
2025-04-24 14:02:14,373 [72381052-d1f9-4ca6-906c-6db4c7ca7d69-groupManagement] INFO  storage.RaftStorageDirectory (RaftStorageDirectoryImpl.java:tryLock(229)) - Lock on /home/runner/work/ozone/ozone/hadoop-ozone/integration-test/target/test-dir/MiniOzoneClusterImpl-4e6105ad-12bc-4f18-9d37-351d73277e17/ozone-meta/datanode-3/ratis/91f13965-56ff-4f44-929d-94051ef173a1/in_use.lock acquired by nodename 129728@fv-az2210-761
2025-04-24 14:02:14,375 [72381052-d1f9-4ca6-906c-6db4c7ca7d69-groupManagement] INFO  storage.RaftStorage (RaftStorageImpl.java:format(98)) - Storage directory /home/runner/work/ozone/ozone/hadoop-ozone/integration-test/target/test-dir/MiniOzoneClusterImpl-4e6105ad-12bc-4f18-9d37-351d73277e17/ozone-meta/datanode-3/ratis/91f13965-56ff-4f44-929d-94051ef173a1 has been successfully formatted.
2025-04-24 14:02:14,375 [72381052-d1f9-4ca6-906c-6db4c7ca7d69-groupManagement] INFO  ratis.ContainerStateMachine (ContainerStateMachine.java:initialize(339)) - 72381052-d1f9-4ca6-906c-6db4c7ca7d69: initialize group-94051EF173A1
2025-04-24 14:02:14,375 [72381052-d1f9-4ca6-906c-6db4c7ca7d69-groupManagement] INFO  ratis.ContainerStateMachine (ContainerStateMachine.java:loadSnapshot(347)) - group-94051EF173A1: The snapshot info is null. Setting the last applied index to:(t:0, i:~)
2025-04-24 14:02:14,375 [72381052-d1f9-4ca6-906c-6db4c7ca7d69-groupManagement] INFO  server.RaftServerConfigKeys (ConfUtils.java:logGet(46)) - raft.server.log.use.memory = false (default)
2025-04-24 14:02:14,375 [72381052-d1f9-4ca6-906c-6db4c7ca7d69-groupManagement] INFO  server.RaftServerConfigKeys (ConfUtils.java:logGet(46)) - raft.server.log.purge.gap = 1000000 (custom)
2025-04-24 14:02:14,375 [72381052-d1f9-4ca6-906c-6db4c7ca7d69-groupManagement] INFO  server.RaftServerConfigKeys (ConfUtils.java:logGet(46)) - raft.server.log.appender.buffer.byte-limit = 33554432 (custom)
2025-04-24 14:02:14,375 [72381052-d1f9-4ca6-906c-6db4c7ca7d69-groupManagement] INFO  server.RaftServerConfigKeys (ConfUtils.java:logGet(46)) - raft.server.log.statemachine.data.read.timeout = 1000ms (default)
2025-04-24 14:02:14,375 [72381052-d1f9-4ca6-906c-6db4c7ca7d69-groupManagement] INFO  server.RaftServerConfigKeys (ConfUtils.java:logGet(46)) - raft.server.log.purge.preservation.log.num = 0 (default)
2025-04-24 14:02:14,378 [72381052-d1f9-4ca6-906c-6db4c7ca7d69-groupManagement] INFO  server.RaftServerConfigKeys (ConfUtils.java:logGet(46)) - raft.server.log.segment.size.max = 67108864 (custom)
2025-04-24 14:02:14,379 [72381052-d1f9-4ca6-906c-6db4c7ca7d69-groupManagement] INFO  server.RaftServerConfigKeys (ConfUtils.java:logGet(46)) - raft.server.log.segment.cache.num.max = 2 (custom)
2025-04-24 14:02:14,379 [72381052-d1f9-4ca6-906c-6db4c7ca7d69-groupManagement] INFO  server.RaftServerConfigKeys (ConfUtils.java:logGet(46)) - raft.server.log.segment.cache.size.max = 200MB (=209715200) (default)
2025-04-24 14:02:14,379 [72381052-d1f9-4ca6-906c-6db4c7ca7d69-groupManagement] INFO  server.RaftServerConfigKeys (ConfUtils.java:logGet(46)) - raft.server.log.appender.buffer.byte-limit = 33554432 (custom)
2025-04-24 14:02:14,380 [72381052-d1f9-4ca6-906c-6db4c7ca7d69-groupManagement] INFO  util.AwaitToRun (AwaitToRun.java:start(81)) - Thread[#928,72381052-d1f9-4ca6-906c-6db4c7ca7d69@group-94051EF173A1-cacheEviction-AwaitToRun,5,main] started
2025-04-24 14:02:14,380 [72381052-d1f9-4ca6-906c-6db4c7ca7d69-groupManagement] INFO  segmented.SegmentedRaftLogWorker (SegmentedRaftLogWorker.java:<init>(188)) - new 72381052-d1f9-4ca6-906c-6db4c7ca7d69@group-94051EF173A1-SegmentedRaftLogWorker for RaftStorageImpl:Storage Directory /home/runner/work/ozone/ozone/hadoop-ozone/integration-test/target/test-dir/MiniOzoneClusterImpl-4e6105ad-12bc-4f18-9d37-351d73277e17/ozone-meta/datanode-3/ratis/91f13965-56ff-4f44-929d-94051ef173a1
2025-04-24 14:02:14,380 [72381052-d1f9-4ca6-906c-6db4c7ca7d69-groupManagement] INFO  server.RaftServerConfigKeys (ConfUtils.java:logGet(46)) - raft.server.log.queue.byte-limit = 4294967296 (custom)
2025-04-24 14:02:14,380 [72381052-d1f9-4ca6-906c-6db4c7ca7d69-groupManagement] INFO  server.RaftServerConfigKeys (ConfUtils.java:logGet(46)) - raft.server.log.queue.element-limit = 1024 (custom)
2025-04-24 14:02:14,380 [72381052-d1f9-4ca6-906c-6db4c7ca7d69-groupManagement] INFO  server.RaftServerConfigKeys (ConfUtils.java:logGet(46)) - raft.server.log.segment.size.max = 67108864 (custom)
2025-04-24 14:02:14,380 [72381052-d1f9-4ca6-906c-6db4c7ca7d69-groupManagement] INFO  server.RaftServerConfigKeys (ConfUtils.java:logGet(46)) - raft.server.log.preallocated.size = 4194304 (custom)
2025-04-24 14:02:14,380 [72381052-d1f9-4ca6-906c-6db4c7ca7d69-groupManagement] INFO  server.RaftServerConfigKeys (ConfUtils.java:logGet(46)) - raft.server.log.force.sync.num = 128 (default)
2025-04-24 14:02:14,380 [72381052-d1f9-4ca6-906c-6db4c7ca7d69-groupManagement] INFO  server.RaftServerConfigKeys (ConfUtils.java:logGet(46)) - raft.server.log.statemachine.data.sync = true (default)
2025-04-24 14:02:14,380 [72381052-d1f9-4ca6-906c-6db4c7ca7d69-groupManagement] INFO  server.RaftServerConfigKeys (ConfUtils.java:logGet(46)) - raft.server.log.statemachine.data.sync.timeout = 10s (default)
2025-04-24 14:02:14,380 [72381052-d1f9-4ca6-906c-6db4c7ca7d69-groupManagement] INFO  server.RaftServerConfigKeys (ConfUtils.java:logGet(46)) - raft.server.log.statemachine.data.sync.timeout.retry = 30 (custom)
2025-04-24 14:02:14,381 [72381052-d1f9-4ca6-906c-6db4c7ca7d69-groupManagement] INFO  server.RaftServerConfigKeys (ConfUtils.java:logGet(46)) - raft.server.log.write.buffer.size = 33554440 (custom)
2025-04-24 14:02:14,386 [72381052-d1f9-4ca6-906c-6db4c7ca7d69-groupManagement] INFO  server.RaftServerConfigKeys (ConfUtils.java:logGet(46)) - raft.server.log.appender.buffer.byte-limit = 33554432 (custom)
2025-04-24 14:02:14,386 [72381052-d1f9-4ca6-906c-6db4c7ca7d69-groupManagement] INFO  server.RaftServerConfigKeys (ConfUtils.java:logGet(46)) - raft.server.log.unsafe-flush.enabled = false (default)
2025-04-24 14:02:14,386 [72381052-d1f9-4ca6-906c-6db4c7ca7d69-groupManagement] INFO  server.RaftServerConfigKeys (ConfUtils.java:logGet(46)) - raft.server.log.async-flush.enabled = false (default)
2025-04-24 14:02:14,386 [72381052-d1f9-4ca6-906c-6db4c7ca7d69-groupManagement] INFO  server.RaftServerConfigKeys (ConfUtils.java:logGet(46)) - raft.server.log.statemachine.data.caching.enabled = true (custom)
2025-04-24 14:02:14,386 [72381052-d1f9-4ca6-906c-6db4c7ca7d69-groupManagement] INFO  segmented.SegmentedRaftLogWorker (SegmentedRaftLogWorker.java:lambda$new$0(139)) - 72381052-d1f9-4ca6-906c-6db4c7ca7d69@group-94051EF173A1-SegmentedRaftLogWorker: flushIndex: setUnconditionally 0 -> -1
2025-04-24 14:02:14,386 [72381052-d1f9-4ca6-906c-6db4c7ca7d69-groupManagement] INFO  segmented.SegmentedRaftLogWorker (SegmentedRaftLogWorker.java:lambda$new$0(139)) - 72381052-d1f9-4ca6-906c-6db4c7ca7d69@group-94051EF173A1-SegmentedRaftLogWorker: safeCacheEvictIndex: setUnconditionally 0 -> -1
2025-04-24 14:02:14,387 [72381052-d1f9-4ca6-906c-6db4c7ca7d69-groupManagement] INFO  server.RaftServer$Division (RaftServerImpl.java:start(391)) - 72381052-d1f9-4ca6-906c-6db4c7ca7d69@group-94051EF173A1: start as a follower, conf=conf: {index: -1, cur=peers:[b80db16c-5673-450c-b3ca-7f89ec301096|127.0.0.1:15023, 72381052-d1f9-4ca6-906c-6db4c7ca7d69|127.0.0.1:15039, aed9408d-e3c0-4aa9-9c6a-b698c50b685f|127.0.0.1:15031]|listeners:[], old=null}
2025-04-24 14:02:14,387 [72381052-d1f9-4ca6-906c-6db4c7ca7d69-groupManagement] INFO  server.RaftServer$Division (RaftServerImpl.java:setRole(378)) - 72381052-d1f9-4ca6-906c-6db4c7ca7d69@group-94051EF173A1: changes role from      null to FOLLOWER at term 0 for startAsFollower
2025-04-24 14:02:14,387 [72381052-d1f9-4ca6-906c-6db4c7ca7d69-groupManagement] INFO  impl.RoleInfo (RoleInfo.java:updateAndGet(148)) - 72381052-d1f9-4ca6-906c-6db4c7ca7d69: start 72381052-d1f9-4ca6-906c-6db4c7ca7d69@group-94051EF173A1-FollowerState
2025-04-24 14:02:14,387 [72381052-d1f9-4ca6-906c-6db4c7ca7d69@group-94051EF173A1-FollowerState] INFO  server.RaftServerConfigKeys (ConfUtils.java:logGet(46)) - raft.server.rpc.first-election.timeout.min = 1000ms (custom)
2025-04-24 14:02:14,388 [72381052-d1f9-4ca6-906c-6db4c7ca7d69@group-94051EF173A1-FollowerState] INFO  server.RaftServerConfigKeys (ConfUtils.java:logGet(46)) - raft.server.rpc.first-election.timeout.max = 1200ms (custom)
2025-04-24 14:02:14,388 [72381052-d1f9-4ca6-906c-6db4c7ca7d69-groupManagement] INFO  util.JmxRegister (JmxRegister.java:tryRegister(44)) - Successfully registered JMX Bean with object name Ratis:service=RaftServer,group=group-94051EF173A1,id=72381052-d1f9-4ca6-906c-6db4c7ca7d69
2025-04-24 14:02:14,388 [72381052-d1f9-4ca6-906c-6db4c7ca7d69-groupManagement] INFO  util.JmxRegister (JmxRegister.java:register(58)) - register mxBean class org.apache.ratis.server.impl.RaftServerJmxAdapter as Ratis:service=RaftServer,group=group-94051EF173A1,id=72381052-d1f9-4ca6-906c-6db4c7ca7d69
2025-04-24 14:02:14,388 [72381052-d1f9-4ca6-906c-6db4c7ca7d69-groupManagement] INFO  server.RaftServerConfigKeys (ConfUtils.java:logGet(46)) - raft.server.snapshot.trigger-when-stop.enabled = true (default)
2025-04-24 14:02:14,388 [72381052-d1f9-4ca6-906c-6db4c7ca7d69-groupManagement] INFO  server.RaftServerConfigKeys (ConfUtils.java:logGet(46)) - raft.server.snapshot.trigger-when-remove.enabled = true (default)
2025-04-24 14:02:14,388 [72381052-d1f9-4ca6-906c-6db4c7ca7d69-groupManagement] INFO  server.RaftServerConfigKeys (ConfUtils.java:logGet(46)) - raft.server.snapshot.auto.trigger.enabled = true (custom)
2025-04-24 14:02:14,388 [72381052-d1f9-4ca6-906c-6db4c7ca7d69-groupManagement] INFO  server.RaftServerConfigKeys (ConfUtils.java:logGet(46)) - raft.server.snapshot.auto.trigger.threshold = 100000 (custom)
2025-04-24 14:02:14,388 [72381052-d1f9-4ca6-906c-6db4c7ca7d69-groupManagement] INFO  server.RaftServerConfigKeys (ConfUtils.java:logGet(46)) - raft.server.snapshot.retention.file.num = 5 (custom)
2025-04-24 14:02:14,388 [72381052-d1f9-4ca6-906c-6db4c7ca7d69-groupManagement] INFO  server.RaftServerConfigKeys (ConfUtils.java:logGet(46)) - raft.server.log.purge.upto.snapshot.index = false (default)
2025-04-24 14:02:14,389 [72381052-d1f9-4ca6-906c-6db4c7ca7d69-groupManagement] INFO  server.RaftServer$Division (RaftServerImpl.java:start(405)) - 72381052-d1f9-4ca6-906c-6db4c7ca7d69@group-94051EF173A1: Successfully started.
2025-04-24 14:02:14,414 [grpc-default-executor-2] INFO  server.RaftServer (RaftServerProxy.java:addNew(100)) - aed9408d-e3c0-4aa9-9c6a-b698c50b685f: addNew group-94051EF173A1:[b80db16c-5673-450c-b3ca-7f89ec301096|127.0.0.1:15023, 72381052-d1f9-4ca6-906c-6db4c7ca7d69|127.0.0.1:15039, aed9408d-e3c0-4aa9-9c6a-b698c50b685f|127.0.0.1:15031] returns group-94051EF173A1:java.util.concurrent.CompletableFuture@10c7963a[Not completed]
2025-04-24 14:02:14,417 [aed9408d-e3c0-4aa9-9c6a-b698c50b685f-groupManagement] INFO  server.RaftServer$Division (RaftServerImpl.java:<init>(255)) - aed9408d-e3c0-4aa9-9c6a-b698c50b685f: new RaftServerImpl for group-94051EF173A1:[b80db16c-5673-450c-b3ca-7f89ec301096|127.0.0.1:15023, 72381052-d1f9-4ca6-906c-6db4c7ca7d69|127.0.0.1:15039, aed9408d-e3c0-4aa9-9c6a-b698c50b685f|127.0.0.1:15031] with ContainerStateMachine:uninitialized
2025-04-24 14:02:14,417 [aed9408d-e3c0-4aa9-9c6a-b698c50b685f-groupManagement] INFO  server.RaftServerConfigKeys (ConfUtils.java:logGet(46)) - raft.server.rpc.timeout.min = 5s (custom)
2025-04-24 14:02:14,417 [aed9408d-e3c0-4aa9-9c6a-b698c50b685f-groupManagement] INFO  server.RaftServerConfigKeys (ConfUtils.java:logGet(46)) - raft.server.rpc.timeout.max = 5200ms (custom)
2025-04-24 14:02:14,417 [aed9408d-e3c0-4aa9-9c6a-b698c50b685f-groupManagement] INFO  server.RaftServerConfigKeys (ConfUtils.java:logGet(46)) - raft.server.rpc.sleep.time = 25ms (default)
2025-04-24 14:02:14,417 [aed9408d-e3c0-4aa9-9c6a-b698c50b685f-groupManagement] INFO  server.RaftServerConfigKeys (ConfUtils.java:logGet(46)) - raft.server.rpc.slowness.timeout = 300s (custom)
2025-04-24 14:02:14,417 [aed9408d-e3c0-4aa9-9c6a-b698c50b685f-groupManagement] INFO  server.RaftServerConfigKeys (ConfUtils.java:logGet(46)) - raft.server.leaderelection.leader.step-down.wait-time = 10s (default)
2025-04-24 14:02:14,417 [aed9408d-e3c0-4aa9-9c6a-b698c50b685f-groupManagement] INFO  server.RaftServerConfigKeys (ConfUtils.java:logGet(46)) - raft.server.leaderelection.member.majority-add = false (default)
2025-04-24 14:02:14,417 [aed9408d-e3c0-4aa9-9c6a-b698c50b685f-groupManagement] INFO  server.RaftServerConfigKeys (ConfUtils.java:logGet(46)) - raft.server.sleep.deviation.threshold = 300ms (default)
2025-04-24 14:02:14,417 [aed9408d-e3c0-4aa9-9c6a-b698c50b685f-groupManagement] INFO  server.RaftServer$Division (ServerState.java:<init>(114)) - aed9408d-e3c0-4aa9-9c6a-b698c50b685f@group-94051EF173A1: ConfigurationManager, init=conf: {index: -1, cur=peers:[b80db16c-5673-450c-b3ca-7f89ec301096|127.0.0.1:15023, 72381052-d1f9-4ca6-906c-6db4c7ca7d69|127.0.0.1:15039, aed9408d-e3c0-4aa9-9c6a-b698c50b685f|127.0.0.1:15031]|listeners:[], old=null}, confs=<EMPTY_MAP>
2025-04-24 14:02:14,417 [aed9408d-e3c0-4aa9-9c6a-b698c50b685f-groupManagement] INFO  server.RaftServerConfigKeys (ConfUtils.java:logGet(46)) - raft.server.notification.no-leader.timeout = 300s (custom)
2025-04-24 14:02:14,417 [aed9408d-e3c0-4aa9-9c6a-b698c50b685f-groupManagement] INFO  server.RaftServerConfigKeys (ConfUtils.java:logGet(46)) - raft.server.read.timeout = 10s (default)
2025-04-24 14:02:14,417 [aed9408d-e3c0-4aa9-9c6a-b698c50b685f-groupManagement] INFO  server.RaftServerConfigKeys (ConfUtils.java:logGet(46)) - raft.server.retrycache.expirytime = 600000ms (custom)
2025-04-24 14:02:14,417 [aed9408d-e3c0-4aa9-9c6a-b698c50b685f-groupManagement] INFO  server.RaftServerConfigKeys (ConfUtils.java:logGet(46)) - raft.server.retrycache.statistics.expirytime = 100ms (default)
2025-04-24 14:02:14,417 [aed9408d-e3c0-4aa9-9c6a-b698c50b685f-groupManagement] INFO  server.RaftServerConfigKeys (ConfUtils.java:logGet(46)) - raft.server.read.option = DEFAULT (default)
2025-04-24 14:02:14,418 [aed9408d-e3c0-4aa9-9c6a-b698c50b685f-groupManagement] INFO  server.RaftServerConfigKeys (ConfUtils.java:logGet(46)) - raft.server.read.read-after-write-consistent.write-index-cache.expiry-time = 60s (default)
2025-04-24 14:02:14,422 [aed9408d-e3c0-4aa9-9c6a-b698c50b685f-groupManagement] INFO  server.RaftServerConfigKeys (ConfUtils.java:logGet(46)) - raft.server.rpc.request.timeout = 60s (custom)
2025-04-24 14:02:14,422 [aed9408d-e3c0-4aa9-9c6a-b698c50b685f-groupManagement] INFO  server.RaftServerConfigKeys (ConfUtils.java:logGet(46)) - raft.server.log.appender.install.snapshot.enabled = false (custom)
2025-04-24 14:02:14,422 [aed9408d-e3c0-4aa9-9c6a-b698c50b685f-groupManagement] INFO  server.RaftServerConfigKeys (ConfUtils.java:logGet(46)) - raft.server.threadpool.server.cached = true (default)
2025-04-24 14:02:14,422 [aed9408d-e3c0-4aa9-9c6a-b698c50b685f-groupManagement] INFO  server.RaftServerConfigKeys (ConfUtils.java:logGet(46)) - raft.server.threadpool.server.size = 0 (default)
2025-04-24 14:02:14,422 [aed9408d-e3c0-4aa9-9c6a-b698c50b685f-groupManagement] INFO  server.RaftServerConfigKeys (ConfUtils.java:logGet(46)) - raft.server.threadpool.client.cached = true (default)
2025-04-24 14:02:14,422 [aed9408d-e3c0-4aa9-9c6a-b698c50b685f-groupManagement] INFO  server.RaftServerConfigKeys (ConfUtils.java:logGet(46)) - raft.server.threadpool.client.size = 0 (default)
2025-04-24 14:02:14,422 [aed9408d-e3c0-4aa9-9c6a-b698c50b685f-groupManagement] INFO  server.RaftServerConfigKeys (ConfUtils.java:logGet(46)) - raft.server.storage.free-space.min = 0MB (=0) (default)
2025-04-24 14:02:14,422 [aed9408d-e3c0-4aa9-9c6a-b698c50b685f-groupManagement] INFO  server.RaftServerConfigKeys (ConfUtils.java:logGet(46)) - raft.server.log.corruption.policy = EXCEPTION (default)
2025-04-24 14:02:14,422 [aed9408d-e3c0-4aa9-9c6a-b698c50b685f-groupManagement] INFO  server.RaftServerConfigKeys (ConfUtils.java:logGet(46)) - raft.server.storage.dir = [/home/runner/work/ozone/ozone/hadoop-ozone/integration-test/target/test-dir/MiniOzoneClusterImpl-4e6105ad-12bc-4f18-9d37-351d73277e17/ozone-meta/datanode-2/ratis] (custom)
2025-04-24 14:02:14,422 [aed9408d-e3c0-4aa9-9c6a-b698c50b685f-groupManagement] INFO  storage.RaftStorageDirectory (RaftStorageDirectoryImpl.java:analyzeStorage(138)) - The storage directory /home/runner/work/ozone/ozone/hadoop-ozone/integration-test/target/test-dir/MiniOzoneClusterImpl-4e6105ad-12bc-4f18-9d37-351d73277e17/ozone-meta/datanode-2/ratis/91f13965-56ff-4f44-929d-94051ef173a1 does not exist. Creating ...
2025-04-24 14:02:14,424 [aed9408d-e3c0-4aa9-9c6a-b698c50b685f-groupManagement] INFO  storage.RaftStorageDirectory (RaftStorageDirectoryImpl.java:tryLock(229)) - Lock on /home/runner/work/ozone/ozone/hadoop-ozone/integration-test/target/test-dir/MiniOzoneClusterImpl-4e6105ad-12bc-4f18-9d37-351d73277e17/ozone-meta/datanode-2/ratis/91f13965-56ff-4f44-929d-94051ef173a1/in_use.lock acquired by nodename 129728@fv-az2210-761
2025-04-24 14:02:14,425 [aed9408d-e3c0-4aa9-9c6a-b698c50b685f-groupManagement] INFO  storage.RaftStorage (RaftStorageImpl.java:format(98)) - Storage directory /home/runner/work/ozone/ozone/hadoop-ozone/integration-test/target/test-dir/MiniOzoneClusterImpl-4e6105ad-12bc-4f18-9d37-351d73277e17/ozone-meta/datanode-2/ratis/91f13965-56ff-4f44-929d-94051ef173a1 has been successfully formatted.
2025-04-24 14:02:14,425 [aed9408d-e3c0-4aa9-9c6a-b698c50b685f-groupManagement] INFO  ratis.ContainerStateMachine (ContainerStateMachine.java:initialize(339)) - aed9408d-e3c0-4aa9-9c6a-b698c50b685f: initialize group-94051EF173A1
2025-04-24 14:02:14,426 [aed9408d-e3c0-4aa9-9c6a-b698c50b685f-groupManagement] INFO  ratis.ContainerStateMachine (ContainerStateMachine.java:loadSnapshot(347)) - group-94051EF173A1: The snapshot info is null. Setting the last applied index to:(t:0, i:~)
2025-04-24 14:02:14,426 [aed9408d-e3c0-4aa9-9c6a-b698c50b685f-groupManagement] INFO  server.RaftServerConfigKeys (ConfUtils.java:logGet(46)) - raft.server.log.use.memory = false (default)
2025-04-24 14:02:14,426 [aed9408d-e3c0-4aa9-9c6a-b698c50b685f-groupManagement] INFO  server.RaftServerConfigKeys (ConfUtils.java:logGet(46)) - raft.server.log.purge.gap = 1000000 (custom)
2025-04-24 14:02:14,426 [aed9408d-e3c0-4aa9-9c6a-b698c50b685f-groupManagement] INFO  server.RaftServerConfigKeys (ConfUtils.java:logGet(46)) - raft.server.log.appender.buffer.byte-limit = 33554432 (custom)
2025-04-24 14:02:14,426 [aed9408d-e3c0-4aa9-9c6a-b698c50b685f-groupManagement] INFO  server.RaftServerConfigKeys (ConfUtils.java:logGet(46)) - raft.server.log.statemachine.data.read.timeout = 1000ms (default)
2025-04-24 14:02:14,426 [aed9408d-e3c0-4aa9-9c6a-b698c50b685f-groupManagement] INFO  server.RaftServerConfigKeys (ConfUtils.java:logGet(46)) - raft.server.log.purge.preservation.log.num = 0 (default)
2025-04-24 14:02:14,428 [aed9408d-e3c0-4aa9-9c6a-b698c50b685f-groupManagement] INFO  server.RaftServerConfigKeys (ConfUtils.java:logGet(46)) - raft.server.log.segment.size.max = 67108864 (custom)
2025-04-24 14:02:14,428 [aed9408d-e3c0-4aa9-9c6a-b698c50b685f-groupManagement] INFO  server.RaftServerConfigKeys (ConfUtils.java:logGet(46)) - raft.server.log.segment.cache.num.max = 2 (custom)
2025-04-24 14:02:14,428 [aed9408d-e3c0-4aa9-9c6a-b698c50b685f-groupManagement] INFO  server.RaftServerConfigKeys (ConfUtils.java:logGet(46)) - raft.server.log.segment.cache.size.max = 200MB (=209715200) (default)
2025-04-24 14:02:14,429 [aed9408d-e3c0-4aa9-9c6a-b698c50b685f-groupManagement] INFO  server.RaftServerConfigKeys (ConfUtils.java:logGet(46)) - raft.server.log.appender.buffer.byte-limit = 33554432 (custom)
2025-04-24 14:02:14,429 [aed9408d-e3c0-4aa9-9c6a-b698c50b685f-groupManagement] INFO  util.AwaitToRun (AwaitToRun.java:start(81)) - Thread[#936,aed9408d-e3c0-4aa9-9c6a-b698c50b685f@group-94051EF173A1-cacheEviction-AwaitToRun,5,main] started
2025-04-24 14:02:14,429 [aed9408d-e3c0-4aa9-9c6a-b698c50b685f-groupManagement] INFO  segmented.SegmentedRaftLogWorker (SegmentedRaftLogWorker.java:<init>(188)) - new aed9408d-e3c0-4aa9-9c6a-b698c50b685f@group-94051EF173A1-SegmentedRaftLogWorker for RaftStorageImpl:Storage Directory /home/runner/work/ozone/ozone/hadoop-ozone/integration-test/target/test-dir/MiniOzoneClusterImpl-4e6105ad-12bc-4f18-9d37-351d73277e17/ozone-meta/datanode-2/ratis/91f13965-56ff-4f44-929d-94051ef173a1
2025-04-24 14:02:14,429 [aed9408d-e3c0-4aa9-9c6a-b698c50b685f-groupManagement] INFO  server.RaftServerConfigKeys (ConfUtils.java:logGet(46)) - raft.server.log.queue.byte-limit = 4294967296 (custom)
2025-04-24 14:02:14,429 [aed9408d-e3c0-4aa9-9c6a-b698c50b685f-groupManagement] INFO  server.RaftServerConfigKeys (ConfUtils.java:logGet(46)) - raft.server.log.queue.element-limit = 1024 (custom)
2025-04-24 14:02:14,429 [aed9408d-e3c0-4aa9-9c6a-b698c50b685f-groupManagement] INFO  server.RaftServerConfigKeys (ConfUtils.java:logGet(46)) - raft.server.log.segment.size.max = 67108864 (custom)
2025-04-24 14:02:14,429 [aed9408d-e3c0-4aa9-9c6a-b698c50b685f-groupManagement] INFO  server.RaftServerConfigKeys (ConfUtils.java:logGet(46)) - raft.server.log.preallocated.size = 4194304 (custom)
2025-04-24 14:02:14,429 [aed9408d-e3c0-4aa9-9c6a-b698c50b685f-groupManagement] INFO  server.RaftServerConfigKeys (ConfUtils.java:logGet(46)) - raft.server.log.force.sync.num = 128 (default)
2025-04-24 14:02:14,429 [aed9408d-e3c0-4aa9-9c6a-b698c50b685f-groupManagement] INFO  server.RaftServerConfigKeys (ConfUtils.java:logGet(46)) - raft.server.log.statemachine.data.sync = true (default)
2025-04-24 14:02:14,429 [aed9408d-e3c0-4aa9-9c6a-b698c50b685f-groupManagement] INFO  server.RaftServerConfigKeys (ConfUtils.java:logGet(46)) - raft.server.log.statemachine.data.sync.timeout = 10s (default)
2025-04-24 14:02:14,429 [aed9408d-e3c0-4aa9-9c6a-b698c50b685f-groupManagement] INFO  server.RaftServerConfigKeys (ConfUtils.java:logGet(46)) - raft.server.log.statemachine.data.sync.timeout.retry = 30 (custom)
2025-04-24 14:02:14,430 [aed9408d-e3c0-4aa9-9c6a-b698c50b685f-groupManagement] INFO  server.RaftServerConfigKeys (ConfUtils.java:logGet(46)) - raft.server.log.write.buffer.size = 33554440 (custom)
2025-04-24 14:02:14,436 [aed9408d-e3c0-4aa9-9c6a-b698c50b685f-groupManagement] INFO  server.RaftServerConfigKeys (ConfUtils.java:logGet(46)) - raft.server.log.appender.buffer.byte-limit = 33554432 (custom)
2025-04-24 14:02:14,436 [aed9408d-e3c0-4aa9-9c6a-b698c50b685f-groupManagement] INFO  server.RaftServerConfigKeys (ConfUtils.java:logGet(46)) - raft.server.log.unsafe-flush.enabled = false (default)
2025-04-24 14:02:14,436 [aed9408d-e3c0-4aa9-9c6a-b698c50b685f-groupManagement] INFO  server.RaftServerConfigKeys (ConfUtils.java:logGet(46)) - raft.server.log.async-flush.enabled = false (default)
2025-04-24 14:02:14,436 [aed9408d-e3c0-4aa9-9c6a-b698c50b685f-groupManagement] INFO  server.RaftServerConfigKeys (ConfUtils.java:logGet(46)) - raft.server.log.statemachine.data.caching.enabled = true (custom)
2025-04-24 14:02:14,436 [aed9408d-e3c0-4aa9-9c6a-b698c50b685f-groupManagement] INFO  segmented.SegmentedRaftLogWorker (SegmentedRaftLogWorker.java:lambda$new$0(139)) - aed9408d-e3c0-4aa9-9c6a-b698c50b685f@group-94051EF173A1-SegmentedRaftLogWorker: flushIndex: setUnconditionally 0 -> -1
2025-04-24 14:02:14,436 [aed9408d-e3c0-4aa9-9c6a-b698c50b685f-groupManagement] INFO  segmented.SegmentedRaftLogWorker (SegmentedRaftLogWorker.java:lambda$new$0(139)) - aed9408d-e3c0-4aa9-9c6a-b698c50b685f@group-94051EF173A1-SegmentedRaftLogWorker: safeCacheEvictIndex: setUnconditionally 0 -> -1
2025-04-24 14:02:14,437 [aed9408d-e3c0-4aa9-9c6a-b698c50b685f-groupManagement] INFO  server.RaftServer$Division (RaftServerImpl.java:start(391)) - aed9408d-e3c0-4aa9-9c6a-b698c50b685f@group-94051EF173A1: start as a follower, conf=conf: {index: -1, cur=peers:[b80db16c-5673-450c-b3ca-7f89ec301096|127.0.0.1:15023, 72381052-d1f9-4ca6-906c-6db4c7ca7d69|127.0.0.1:15039, aed9408d-e3c0-4aa9-9c6a-b698c50b685f|127.0.0.1:15031]|listeners:[], old=null}
2025-04-24 14:02:14,437 [aed9408d-e3c0-4aa9-9c6a-b698c50b685f-groupManagement] INFO  server.RaftServer$Division (RaftServerImpl.java:setRole(378)) - aed9408d-e3c0-4aa9-9c6a-b698c50b685f@group-94051EF173A1: changes role from      null to FOLLOWER at term 0 for startAsFollower
2025-04-24 14:02:14,437 [aed9408d-e3c0-4aa9-9c6a-b698c50b685f-groupManagement] INFO  impl.RoleInfo (RoleInfo.java:updateAndGet(148)) - aed9408d-e3c0-4aa9-9c6a-b698c50b685f: start aed9408d-e3c0-4aa9-9c6a-b698c50b685f@group-94051EF173A1-FollowerState
2025-04-24 14:02:14,438 [aed9408d-e3c0-4aa9-9c6a-b698c50b685f@group-94051EF173A1-FollowerState] INFO  server.RaftServerConfigKeys (ConfUtils.java:logGet(46)) - raft.server.rpc.first-election.timeout.min = 1000ms (custom)
2025-04-24 14:02:14,438 [aed9408d-e3c0-4aa9-9c6a-b698c50b685f-groupManagement] INFO  util.JmxRegister (JmxRegister.java:tryRegister(44)) - Successfully registered JMX Bean with object name Ratis:service=RaftServer,group=group-94051EF173A1,id=aed9408d-e3c0-4aa9-9c6a-b698c50b685f
2025-04-24 14:02:14,438 [aed9408d-e3c0-4aa9-9c6a-b698c50b685f-groupManagement] INFO  util.JmxRegister (JmxRegister.java:register(58)) - register mxBean class org.apache.ratis.server.impl.RaftServerJmxAdapter as Ratis:service=RaftServer,group=group-94051EF173A1,id=aed9408d-e3c0-4aa9-9c6a-b698c50b685f
2025-04-24 14:02:14,438 [aed9408d-e3c0-4aa9-9c6a-b698c50b685f@group-94051EF173A1-FollowerState] INFO  server.RaftServerConfigKeys (ConfUtils.java:logGet(46)) - raft.server.rpc.first-election.timeout.max = 1200ms (custom)
2025-04-24 14:02:14,438 [aed9408d-e3c0-4aa9-9c6a-b698c50b685f-groupManagement] INFO  server.RaftServerConfigKeys (ConfUtils.java:logGet(46)) - raft.server.snapshot.trigger-when-stop.enabled = true (default)
2025-04-24 14:02:14,438 [aed9408d-e3c0-4aa9-9c6a-b698c50b685f-groupManagement] INFO  server.RaftServerConfigKeys (ConfUtils.java:logGet(46)) - raft.server.snapshot.trigger-when-remove.enabled = true (default)
2025-04-24 14:02:14,438 [aed9408d-e3c0-4aa9-9c6a-b698c50b685f-groupManagement] INFO  server.RaftServerConfigKeys (ConfUtils.java:logGet(46)) - raft.server.snapshot.auto.trigger.enabled = true (custom)
2025-04-24 14:02:14,438 [aed9408d-e3c0-4aa9-9c6a-b698c50b685f-groupManagement] INFO  server.RaftServerConfigKeys (ConfUtils.java:logGet(46)) - raft.server.snapshot.auto.trigger.threshold = 100000 (custom)
2025-04-24 14:02:14,438 [aed9408d-e3c0-4aa9-9c6a-b698c50b685f-groupManagement] INFO  server.RaftServerConfigKeys (ConfUtils.java:logGet(46)) - raft.server.snapshot.retention.file.num = 5 (custom)
2025-04-24 14:02:14,438 [aed9408d-e3c0-4aa9-9c6a-b698c50b685f-groupManagement] INFO  server.RaftServerConfigKeys (ConfUtils.java:logGet(46)) - raft.server.log.purge.upto.snapshot.index = false (default)
2025-04-24 14:02:14,439 [aed9408d-e3c0-4aa9-9c6a-b698c50b685f-groupManagement] INFO  server.RaftServer$Division (RaftServerImpl.java:start(405)) - aed9408d-e3c0-4aa9-9c6a-b698c50b685f@group-94051EF173A1: Successfully started.
2025-04-24 14:02:14,443 [b80db16c-5673-450c-b3ca-7f89ec301096-PipelineCommandHandlerThread-0] INFO  commandhandler.CreatePipelineCommandHandler (CreatePipelineCommandHandler.java:lambda$handle$2(128)) - Created Pipeline RATIS THREE PipelineID=91f13965-56ff-4f44-929d-94051ef173a1.
2025-04-24 14:02:14,444 [b80db16c-5673-450c-b3ca-7f89ec301096-PipelineCommandHandlerThread-0] INFO  server.RaftServer (RaftServerProxy.java:addNew(100)) - b80db16c-5673-450c-b3ca-7f89ec301096: addNew group-5E7736B872A8:[b80db16c-5673-450c-b3ca-7f89ec301096|127.0.0.1:15023, 72381052-d1f9-4ca6-906c-6db4c7ca7d69|127.0.0.1:15039, aed9408d-e3c0-4aa9-9c6a-b698c50b685f|127.0.0.1:15031] returns group-5E7736B872A8:java.util.concurrent.CompletableFuture@1523bf20[Not completed]
2025-04-24 14:02:14,447 [b80db16c-5673-450c-b3ca-7f89ec301096-groupManagement] INFO  server.RaftServer$Division (RaftServerImpl.java:<init>(255)) - b80db16c-5673-450c-b3ca-7f89ec301096: new RaftServerImpl for group-5E7736B872A8:[b80db16c-5673-450c-b3ca-7f89ec301096|127.0.0.1:15023, 72381052-d1f9-4ca6-906c-6db4c7ca7d69|127.0.0.1:15039, aed9408d-e3c0-4aa9-9c6a-b698c50b685f|127.0.0.1:15031] with ContainerStateMachine:uninitialized
2025-04-24 14:02:14,447 [b80db16c-5673-450c-b3ca-7f89ec301096-groupManagement] INFO  server.RaftServerConfigKeys (ConfUtils.java:logGet(46)) - raft.server.rpc.timeout.min = 5s (custom)
2025-04-24 14:02:14,447 [b80db16c-5673-450c-b3ca-7f89ec301096-groupManagement] INFO  server.RaftServerConfigKeys (ConfUtils.java:logGet(46)) - raft.server.rpc.timeout.max = 5200ms (custom)
2025-04-24 14:02:14,447 [b80db16c-5673-450c-b3ca-7f89ec301096-groupManagement] INFO  server.RaftServerConfigKeys (ConfUtils.java:logGet(46)) - raft.server.rpc.sleep.time = 25ms (default)
2025-04-24 14:02:14,447 [b80db16c-5673-450c-b3ca-7f89ec301096-groupManagement] INFO  server.RaftServerConfigKeys (ConfUtils.java:logGet(46)) - raft.server.rpc.slowness.timeout = 300s (custom)
2025-04-24 14:02:14,447 [b80db16c-5673-450c-b3ca-7f89ec301096-groupManagement] INFO  server.RaftServerConfigKeys (ConfUtils.java:logGet(46)) - raft.server.leaderelection.leader.step-down.wait-time = 10s (default)
2025-04-24 14:02:14,447 [b80db16c-5673-450c-b3ca-7f89ec301096-groupManagement] INFO  server.RaftServerConfigKeys (ConfUtils.java:logGet(46)) - raft.server.leaderelection.member.majority-add = false (default)
2025-04-24 14:02:14,447 [b80db16c-5673-450c-b3ca-7f89ec301096-groupManagement] INFO  server.RaftServerConfigKeys (ConfUtils.java:logGet(46)) - raft.server.sleep.deviation.threshold = 300ms (default)
2025-04-24 14:02:14,447 [b80db16c-5673-450c-b3ca-7f89ec301096-groupManagement] INFO  server.RaftServer$Division (ServerState.java:<init>(114)) - b80db16c-5673-450c-b3ca-7f89ec301096@group-5E7736B872A8: ConfigurationManager, init=conf: {index: -1, cur=peers:[b80db16c-5673-450c-b3ca-7f89ec301096|127.0.0.1:15023, 72381052-d1f9-4ca6-906c-6db4c7ca7d69|127.0.0.1:15039, aed9408d-e3c0-4aa9-9c6a-b698c50b685f|127.0.0.1:15031]|listeners:[], old=null}, confs=<EMPTY_MAP>
2025-04-24 14:02:14,447 [b80db16c-5673-450c-b3ca-7f89ec301096-groupManagement] INFO  server.RaftServerConfigKeys (ConfUtils.java:logGet(46)) - raft.server.notification.no-leader.timeout = 300s (custom)
2025-04-24 14:02:14,447 [b80db16c-5673-450c-b3ca-7f89ec301096-groupManagement] INFO  server.RaftServerConfigKeys (ConfUtils.java:logGet(46)) - raft.server.read.timeout = 10s (default)
2025-04-24 14:02:14,447 [b80db16c-5673-450c-b3ca-7f89ec301096-groupManagement] INFO  server.RaftServerConfigKeys (ConfUtils.java:logGet(46)) - raft.server.retrycache.expirytime = 600000ms (custom)
2025-04-24 14:02:14,448 [b80db16c-5673-450c-b3ca-7f89ec301096-groupManagement] INFO  server.RaftServerConfigKeys (ConfUtils.java:logGet(46)) - raft.server.retrycache.statistics.expirytime = 100ms (default)
2025-04-24 14:02:14,448 [b80db16c-5673-450c-b3ca-7f89ec301096-groupManagement] INFO  server.RaftServerConfigKeys (ConfUtils.java:logGet(46)) - raft.server.read.option = DEFAULT (default)
2025-04-24 14:02:14,448 [b80db16c-5673-450c-b3ca-7f89ec301096-groupManagement] INFO  server.RaftServerConfigKeys (ConfUtils.java:logGet(46)) - raft.server.read.read-after-write-consistent.write-index-cache.expiry-time = 60s (default)
2025-04-24 14:02:14,451 [b80db16c-5673-450c-b3ca-7f89ec301096-groupManagement] INFO  server.RaftServerConfigKeys (ConfUtils.java:logGet(46)) - raft.server.rpc.request.timeout = 60s (custom)
2025-04-24 14:02:14,451 [b80db16c-5673-450c-b3ca-7f89ec301096-groupManagement] INFO  server.RaftServerConfigKeys (ConfUtils.java:logGet(46)) - raft.server.log.appender.install.snapshot.enabled = false (custom)
2025-04-24 14:02:14,451 [b80db16c-5673-450c-b3ca-7f89ec301096-groupManagement] INFO  server.RaftServerConfigKeys (ConfUtils.java:logGet(46)) - raft.server.threadpool.server.cached = true (default)
2025-04-24 14:02:14,451 [b80db16c-5673-450c-b3ca-7f89ec301096-groupManagement] INFO  server.RaftServerConfigKeys (ConfUtils.java:logGet(46)) - raft.server.threadpool.server.size = 0 (default)
2025-04-24 14:02:14,451 [b80db16c-5673-450c-b3ca-7f89ec301096-groupManagement] INFO  server.RaftServerConfigKeys (ConfUtils.java:logGet(46)) - raft.server.threadpool.client.cached = true (default)
2025-04-24 14:02:14,451 [b80db16c-5673-450c-b3ca-7f89ec301096-groupManagement] INFO  server.RaftServerConfigKeys (ConfUtils.java:logGet(46)) - raft.server.threadpool.client.size = 0 (default)
2025-04-24 14:02:14,451 [b80db16c-5673-450c-b3ca-7f89ec301096-groupManagement] INFO  server.RaftServerConfigKeys (ConfUtils.java:logGet(46)) - raft.server.storage.free-space.min = 0MB (=0) (default)
2025-04-24 14:02:14,451 [b80db16c-5673-450c-b3ca-7f89ec301096-groupManagement] INFO  server.RaftServerConfigKeys (ConfUtils.java:logGet(46)) - raft.server.log.corruption.policy = EXCEPTION (default)
2025-04-24 14:02:14,451 [b80db16c-5673-450c-b3ca-7f89ec301096-groupManagement] INFO  server.RaftServerConfigKeys (ConfUtils.java:logGet(46)) - raft.server.storage.dir = [/home/runner/work/ozone/ozone/hadoop-ozone/integration-test/target/test-dir/MiniOzoneClusterImpl-4e6105ad-12bc-4f18-9d37-351d73277e17/ozone-meta/datanode-1/ratis] (custom)
2025-04-24 14:02:14,452 [b80db16c-5673-450c-b3ca-7f89ec301096-groupManagement] INFO  storage.RaftStorageDirectory (RaftStorageDirectoryImpl.java:analyzeStorage(138)) - The storage directory /home/runner/work/ozone/ozone/hadoop-ozone/integration-test/target/test-dir/MiniOzoneClusterImpl-4e6105ad-12bc-4f18-9d37-351d73277e17/ozone-meta/datanode-1/ratis/5a76b5c3-b2e7-444b-9d4d-5e7736b872a8 does not exist. Creating ...
2025-04-24 14:02:14,453 [b80db16c-5673-450c-b3ca-7f89ec301096-groupManagement] INFO  storage.RaftStorageDirectory (RaftStorageDirectoryImpl.java:tryLock(229)) - Lock on /home/runner/work/ozone/ozone/hadoop-ozone/integration-test/target/test-dir/MiniOzoneClusterImpl-4e6105ad-12bc-4f18-9d37-351d73277e17/ozone-meta/datanode-1/ratis/5a76b5c3-b2e7-444b-9d4d-5e7736b872a8/in_use.lock acquired by nodename 129728@fv-az2210-761
2025-04-24 14:02:14,454 [b80db16c-5673-450c-b3ca-7f89ec301096-groupManagement] INFO  storage.RaftStorage (RaftStorageImpl.java:format(98)) - Storage directory /home/runner/work/ozone/ozone/hadoop-ozone/integration-test/target/test-dir/MiniOzoneClusterImpl-4e6105ad-12bc-4f18-9d37-351d73277e17/ozone-meta/datanode-1/ratis/5a76b5c3-b2e7-444b-9d4d-5e7736b872a8 has been successfully formatted.
2025-04-24 14:02:14,454 [b80db16c-5673-450c-b3ca-7f89ec301096-groupManagement] INFO  ratis.ContainerStateMachine (ContainerStateMachine.java:initialize(339)) - b80db16c-5673-450c-b3ca-7f89ec301096: initialize group-5E7736B872A8
2025-04-24 14:02:14,454 [b80db16c-5673-450c-b3ca-7f89ec301096-groupManagement] INFO  ratis.ContainerStateMachine (ContainerStateMachine.java:loadSnapshot(347)) - group-5E7736B872A8: The snapshot info is null. Setting the last applied index to:(t:0, i:~)
2025-04-24 14:02:14,454 [b80db16c-5673-450c-b3ca-7f89ec301096-groupManagement] INFO  server.RaftServerConfigKeys (ConfUtils.java:logGet(46)) - raft.server.log.use.memory = false (default)
2025-04-24 14:02:14,455 [b80db16c-5673-450c-b3ca-7f89ec301096-groupManagement] INFO  server.RaftServerConfigKeys (ConfUtils.java:logGet(46)) - raft.server.log.purge.gap = 1000000 (custom)
2025-04-24 14:02:14,455 [b80db16c-5673-450c-b3ca-7f89ec301096-groupManagement] INFO  server.RaftServerConfigKeys (ConfUtils.java:logGet(46)) - raft.server.log.appender.buffer.byte-limit = 33554432 (custom)
2025-04-24 14:02:14,455 [b80db16c-5673-450c-b3ca-7f89ec301096-groupManagement] INFO  server.RaftServerConfigKeys (ConfUtils.java:logGet(46)) - raft.server.log.statemachine.data.read.timeout = 1000ms (default)
2025-04-24 14:02:14,455 [b80db16c-5673-450c-b3ca-7f89ec301096-groupManagement] INFO  server.RaftServerConfigKeys (ConfUtils.java:logGet(46)) - raft.server.log.purge.preservation.log.num = 0 (default)
2025-04-24 14:02:14,457 [b80db16c-5673-450c-b3ca-7f89ec301096-groupManagement] INFO  server.RaftServerConfigKeys (ConfUtils.java:logGet(46)) - raft.server.log.segment.size.max = 67108864 (custom)
2025-04-24 14:02:14,457 [b80db16c-5673-450c-b3ca-7f89ec301096-groupManagement] INFO  server.RaftServerConfigKeys (ConfUtils.java:logGet(46)) - raft.server.log.segment.cache.num.max = 2 (custom)
2025-04-24 14:02:14,457 [b80db16c-5673-450c-b3ca-7f89ec301096-groupManagement] INFO  server.RaftServerConfigKeys (ConfUtils.java:logGet(46)) - raft.server.log.segment.cache.size.max = 200MB (=209715200) (default)
2025-04-24 14:02:14,457 [b80db16c-5673-450c-b3ca-7f89ec301096-groupManagement] INFO  server.RaftServerConfigKeys (ConfUtils.java:logGet(46)) - raft.server.log.appender.buffer.byte-limit = 33554432 (custom)
2025-04-24 14:02:14,458 [b80db16c-5673-450c-b3ca-7f89ec301096-groupManagement] INFO  util.AwaitToRun (AwaitToRun.java:start(81)) - Thread[#943,b80db16c-5673-450c-b3ca-7f89ec301096@group-5E7736B872A8-cacheEviction-AwaitToRun,5,main] started
2025-04-24 14:02:14,458 [b80db16c-5673-450c-b3ca-7f89ec301096-groupManagement] INFO  segmented.SegmentedRaftLogWorker (SegmentedRaftLogWorker.java:<init>(188)) - new b80db16c-5673-450c-b3ca-7f89ec301096@group-5E7736B872A8-SegmentedRaftLogWorker for RaftStorageImpl:Storage Directory /home/runner/work/ozone/ozone/hadoop-ozone/integration-test/target/test-dir/MiniOzoneClusterImpl-4e6105ad-12bc-4f18-9d37-351d73277e17/ozone-meta/datanode-1/ratis/5a76b5c3-b2e7-444b-9d4d-5e7736b872a8
2025-04-24 14:02:14,458 [b80db16c-5673-450c-b3ca-7f89ec301096-groupManagement] INFO  server.RaftServerConfigKeys (ConfUtils.java:logGet(46)) - raft.server.log.queue.byte-limit = 4294967296 (custom)
2025-04-24 14:02:14,458 [b80db16c-5673-450c-b3ca-7f89ec301096-groupManagement] INFO  server.RaftServerConfigKeys (ConfUtils.java:logGet(46)) - raft.server.log.queue.element-limit = 1024 (custom)
2025-04-24 14:02:14,458 [b80db16c-5673-450c-b3ca-7f89ec301096-groupManagement] INFO  server.RaftServerConfigKeys (ConfUtils.java:logGet(46)) - raft.server.log.segment.size.max = 67108864 (custom)
2025-04-24 14:02:14,458 [b80db16c-5673-450c-b3ca-7f89ec301096-groupManagement] INFO  server.RaftServerConfigKeys (ConfUtils.java:logGet(46)) - raft.server.log.preallocated.size = 4194304 (custom)
2025-04-24 14:02:14,458 [b80db16c-5673-450c-b3ca-7f89ec301096-groupManagement] INFO  server.RaftServerConfigKeys (ConfUtils.java:logGet(46)) - raft.server.log.force.sync.num = 128 (default)
2025-04-24 14:02:14,458 [b80db16c-5673-450c-b3ca-7f89ec301096-groupManagement] INFO  server.RaftServerConfigKeys (ConfUtils.java:logGet(46)) - raft.server.log.statemachine.data.sync = true (default)
2025-04-24 14:02:14,458 [b80db16c-5673-450c-b3ca-7f89ec301096-groupManagement] INFO  server.RaftServerConfigKeys (ConfUtils.java:logGet(46)) - raft.server.log.statemachine.data.sync.timeout = 10s (default)
2025-04-24 14:02:14,458 [b80db16c-5673-450c-b3ca-7f89ec301096-groupManagement] INFO  server.RaftServerConfigKeys (ConfUtils.java:logGet(46)) - raft.server.log.statemachine.data.sync.timeout.retry = 30 (custom)
2025-04-24 14:02:14,458 [b80db16c-5673-450c-b3ca-7f89ec301096-groupManagement] INFO  server.RaftServerConfigKeys (ConfUtils.java:logGet(46)) - raft.server.log.write.buffer.size = 33554440 (custom)
2025-04-24 14:02:14,459 [EventQueue-OpenPipelineForHealthyPipelineSafeModeRule] INFO  safemode.SCMSafeModeManager (HealthyPipelineSafeModeRule.java:process(141)) - SCM in safe mode. Healthy pipelines reported count is 0, required healthy pipeline reported count is 1
2025-04-24 14:02:14,464 [b80db16c-5673-450c-b3ca-7f89ec301096-groupManagement] INFO  server.RaftServerConfigKeys (ConfUtils.java:logGet(46)) - raft.server.log.appender.buffer.byte-limit = 33554432 (custom)
2025-04-24 14:02:14,464 [b80db16c-5673-450c-b3ca-7f89ec301096-groupManagement] INFO  server.RaftServerConfigKeys (ConfUtils.java:logGet(46)) - raft.server.log.unsafe-flush.enabled = false (default)
2025-04-24 14:02:14,464 [b80db16c-5673-450c-b3ca-7f89ec301096-groupManagement] INFO  server.RaftServerConfigKeys (ConfUtils.java:logGet(46)) - raft.server.log.async-flush.enabled = false (default)
2025-04-24 14:02:14,464 [b80db16c-5673-450c-b3ca-7f89ec301096-groupManagement] INFO  server.RaftServerConfigKeys (ConfUtils.java:logGet(46)) - raft.server.log.statemachine.data.caching.enabled = true (custom)
2025-04-24 14:02:14,464 [b80db16c-5673-450c-b3ca-7f89ec301096-groupManagement] INFO  segmented.SegmentedRaftLogWorker (SegmentedRaftLogWorker.java:lambda$new$0(139)) - b80db16c-5673-450c-b3ca-7f89ec301096@group-5E7736B872A8-SegmentedRaftLogWorker: flushIndex: setUnconditionally 0 -> -1
2025-04-24 14:02:14,464 [b80db16c-5673-450c-b3ca-7f89ec301096-groupManagement] INFO  segmented.SegmentedRaftLogWorker (SegmentedRaftLogWorker.java:lambda$new$0(139)) - b80db16c-5673-450c-b3ca-7f89ec301096@group-5E7736B872A8-SegmentedRaftLogWorker: safeCacheEvictIndex: setUnconditionally 0 -> -1
2025-04-24 14:02:14,465 [b80db16c-5673-450c-b3ca-7f89ec301096-groupManagement] INFO  server.RaftServer$Division (RaftServerImpl.java:start(391)) - b80db16c-5673-450c-b3ca-7f89ec301096@group-5E7736B872A8: start as a follower, conf=conf: {index: -1, cur=peers:[b80db16c-5673-450c-b3ca-7f89ec301096|127.0.0.1:15023, 72381052-d1f9-4ca6-906c-6db4c7ca7d69|127.0.0.1:15039, aed9408d-e3c0-4aa9-9c6a-b698c50b685f|127.0.0.1:15031]|listeners:[], old=null}
2025-04-24 14:02:14,465 [b80db16c-5673-450c-b3ca-7f89ec301096-groupManagement] INFO  server.RaftServer$Division (RaftServerImpl.java:setRole(378)) - b80db16c-5673-450c-b3ca-7f89ec301096@group-5E7736B872A8: changes role from      null to FOLLOWER at term 0 for startAsFollower
2025-04-24 14:02:14,465 [b80db16c-5673-450c-b3ca-7f89ec301096-groupManagement] INFO  impl.RoleInfo (RoleInfo.java:updateAndGet(148)) - b80db16c-5673-450c-b3ca-7f89ec301096: start b80db16c-5673-450c-b3ca-7f89ec301096@group-5E7736B872A8-FollowerState
2025-04-24 14:02:14,466 [b80db16c-5673-450c-b3ca-7f89ec301096@group-5E7736B872A8-FollowerState] INFO  server.RaftServerConfigKeys (ConfUtils.java:logGet(46)) - raft.server.rpc.first-election.timeout.min = 1000ms (custom)
2025-04-24 14:02:14,466 [b80db16c-5673-450c-b3ca-7f89ec301096@group-5E7736B872A8-FollowerState] INFO  server.RaftServerConfigKeys (ConfUtils.java:logGet(46)) - raft.server.rpc.first-election.timeout.max = 1200ms (custom)
2025-04-24 14:02:14,466 [b80db16c-5673-450c-b3ca-7f89ec301096-groupManagement] INFO  util.JmxRegister (JmxRegister.java:tryRegister(44)) - Successfully registered JMX Bean with object name Ratis:service=RaftServer,group=group-5E7736B872A8,id=b80db16c-5673-450c-b3ca-7f89ec301096
2025-04-24 14:02:14,467 [b80db16c-5673-450c-b3ca-7f89ec301096-groupManagement] INFO  util.JmxRegister (JmxRegister.java:register(58)) - register mxBean class org.apache.ratis.server.impl.RaftServerJmxAdapter as Ratis:service=RaftServer,group=group-5E7736B872A8,id=b80db16c-5673-450c-b3ca-7f89ec301096
2025-04-24 14:02:14,467 [b80db16c-5673-450c-b3ca-7f89ec301096-groupManagement] INFO  server.RaftServerConfigKeys (ConfUtils.java:logGet(46)) - raft.server.snapshot.trigger-when-stop.enabled = true (default)
2025-04-24 14:02:14,467 [b80db16c-5673-450c-b3ca-7f89ec301096-groupManagement] INFO  server.RaftServerConfigKeys (ConfUtils.java:logGet(46)) - raft.server.snapshot.trigger-when-remove.enabled = true (default)
2025-04-24 14:02:14,467 [b80db16c-5673-450c-b3ca-7f89ec301096-groupManagement] INFO  server.RaftServerConfigKeys (ConfUtils.java:logGet(46)) - raft.server.snapshot.auto.trigger.enabled = true (custom)
2025-04-24 14:02:14,467 [b80db16c-5673-450c-b3ca-7f89ec301096-groupManagement] INFO  server.RaftServerConfigKeys (ConfUtils.java:logGet(46)) - raft.server.snapshot.auto.trigger.threshold = 100000 (custom)
2025-04-24 14:02:14,467 [b80db16c-5673-450c-b3ca-7f89ec301096-groupManagement] INFO  server.RaftServerConfigKeys (ConfUtils.java:logGet(46)) - raft.server.snapshot.retention.file.num = 5 (custom)
2025-04-24 14:02:14,467 [b80db16c-5673-450c-b3ca-7f89ec301096-groupManagement] INFO  server.RaftServerConfigKeys (ConfUtils.java:logGet(46)) - raft.server.log.purge.upto.snapshot.index = false (default)
2025-04-24 14:02:14,469 [b80db16c-5673-450c-b3ca-7f89ec301096-groupManagement] INFO  server.RaftServer$Division (RaftServerImpl.java:start(405)) - b80db16c-5673-450c-b3ca-7f89ec301096@group-5E7736B872A8: Successfully started.
2025-04-24 14:02:14,469 [b80db16c-5673-450c-b3ca-7f89ec301096-PipelineCommandHandlerThread-0] INFO  ratis.XceiverServerRatis (XceiverServerRatis.java:addGroup(842)) - Created group PipelineID=5a76b5c3-b2e7-444b-9d4d-5e7736b872a8
2025-04-24 14:02:14,478 [grpc-default-executor-2] INFO  server.RaftServer (RaftServerProxy.java:addNew(100)) - 72381052-d1f9-4ca6-906c-6db4c7ca7d69: addNew group-5E7736B872A8:[b80db16c-5673-450c-b3ca-7f89ec301096|127.0.0.1:15023, 72381052-d1f9-4ca6-906c-6db4c7ca7d69|127.0.0.1:15039, aed9408d-e3c0-4aa9-9c6a-b698c50b685f|127.0.0.1:15031] returns group-5E7736B872A8:java.util.concurrent.CompletableFuture@1b15e8dc[Not completed]
2025-04-24 14:02:14,479 [72381052-d1f9-4ca6-906c-6db4c7ca7d69-groupManagement] INFO  server.RaftServer$Division (RaftServerImpl.java:<init>(255)) - 72381052-d1f9-4ca6-906c-6db4c7ca7d69: new RaftServerImpl for group-5E7736B872A8:[b80db16c-5673-450c-b3ca-7f89ec301096|127.0.0.1:15023, 72381052-d1f9-4ca6-906c-6db4c7ca7d69|127.0.0.1:15039, aed9408d-e3c0-4aa9-9c6a-b698c50b685f|127.0.0.1:15031] with ContainerStateMachine:uninitialized
2025-04-24 14:02:14,480 [72381052-d1f9-4ca6-906c-6db4c7ca7d69-groupManagement] INFO  server.RaftServerConfigKeys (ConfUtils.java:logGet(46)) - raft.server.rpc.timeout.min = 5s (custom)
2025-04-24 14:02:14,480 [72381052-d1f9-4ca6-906c-6db4c7ca7d69-groupManagement] INFO  server.RaftServerConfigKeys (ConfUtils.java:logGet(46)) - raft.server.rpc.timeout.max = 5200ms (custom)
2025-04-24 14:02:14,480 [72381052-d1f9-4ca6-906c-6db4c7ca7d69-groupManagement] INFO  server.RaftServerConfigKeys (ConfUtils.java:logGet(46)) - raft.server.rpc.sleep.time = 25ms (default)
2025-04-24 14:02:14,480 [72381052-d1f9-4ca6-906c-6db4c7ca7d69-groupManagement] INFO  server.RaftServerConfigKeys (ConfUtils.java:logGet(46)) - raft.server.rpc.slowness.timeout = 300s (custom)
2025-04-24 14:02:14,480 [72381052-d1f9-4ca6-906c-6db4c7ca7d69-groupManagement] INFO  server.RaftServerConfigKeys (ConfUtils.java:logGet(46)) - raft.server.leaderelection.leader.step-down.wait-time = 10s (default)
2025-04-24 14:02:14,480 [72381052-d1f9-4ca6-906c-6db4c7ca7d69-groupManagement] INFO  server.RaftServerConfigKeys (ConfUtils.java:logGet(46)) - raft.server.leaderelection.member.majority-add = false (default)
2025-04-24 14:02:14,480 [72381052-d1f9-4ca6-906c-6db4c7ca7d69-groupManagement] INFO  server.RaftServerConfigKeys (ConfUtils.java:logGet(46)) - raft.server.sleep.deviation.threshold = 300ms (default)
2025-04-24 14:02:14,480 [72381052-d1f9-4ca6-906c-6db4c7ca7d69-groupManagement] INFO  server.RaftServer$Division (ServerState.java:<init>(114)) - 72381052-d1f9-4ca6-906c-6db4c7ca7d69@group-5E7736B872A8: ConfigurationManager, init=conf: {index: -1, cur=peers:[b80db16c-5673-450c-b3ca-7f89ec301096|127.0.0.1:15023, 72381052-d1f9-4ca6-906c-6db4c7ca7d69|127.0.0.1:15039, aed9408d-e3c0-4aa9-9c6a-b698c50b685f|127.0.0.1:15031]|listeners:[], old=null}, confs=<EMPTY_MAP>
2025-04-24 14:02:14,480 [72381052-d1f9-4ca6-906c-6db4c7ca7d69-groupManagement] INFO  server.RaftServerConfigKeys (ConfUtils.java:logGet(46)) - raft.server.notification.no-leader.timeout = 300s (custom)
2025-04-24 14:02:14,480 [72381052-d1f9-4ca6-906c-6db4c7ca7d69-groupManagement] INFO  server.RaftServerConfigKeys (ConfUtils.java:logGet(46)) - raft.server.read.timeout = 10s (default)
2025-04-24 14:02:14,480 [72381052-d1f9-4ca6-906c-6db4c7ca7d69-groupManagement] INFO  server.RaftServerConfigKeys (ConfUtils.java:logGet(46)) - raft.server.retrycache.expirytime = 600000ms (custom)
2025-04-24 14:02:14,480 [72381052-d1f9-4ca6-906c-6db4c7ca7d69-groupManagement] INFO  server.RaftServerConfigKeys (ConfUtils.java:logGet(46)) - raft.server.retrycache.statistics.expirytime = 100ms (default)
2025-04-24 14:02:14,480 [72381052-d1f9-4ca6-906c-6db4c7ca7d69-groupManagement] INFO  server.RaftServerConfigKeys (ConfUtils.java:logGet(46)) - raft.server.read.option = DEFAULT (default)
2025-04-24 14:02:14,480 [72381052-d1f9-4ca6-906c-6db4c7ca7d69-groupManagement] INFO  server.RaftServerConfigKeys (ConfUtils.java:logGet(46)) - raft.server.read.read-after-write-consistent.write-index-cache.expiry-time = 60s (default)
2025-04-24 14:02:14,485 [72381052-d1f9-4ca6-906c-6db4c7ca7d69-groupManagement] INFO  server.RaftServerConfigKeys (ConfUtils.java:logGet(46)) - raft.server.rpc.request.timeout = 60s (custom)
2025-04-24 14:02:14,485 [72381052-d1f9-4ca6-906c-6db4c7ca7d69-groupManagement] INFO  server.RaftServerConfigKeys (ConfUtils.java:logGet(46)) - raft.server.log.appender.install.snapshot.enabled = false (custom)
2025-04-24 14:02:14,485 [72381052-d1f9-4ca6-906c-6db4c7ca7d69-groupManagement] INFO  server.RaftServerConfigKeys (ConfUtils.java:logGet(46)) - raft.server.threadpool.server.cached = true (default)
2025-04-24 14:02:14,485 [72381052-d1f9-4ca6-906c-6db4c7ca7d69-groupManagement] INFO  server.RaftServerConfigKeys (ConfUtils.java:logGet(46)) - raft.server.threadpool.server.size = 0 (default)
2025-04-24 14:02:14,485 [72381052-d1f9-4ca6-906c-6db4c7ca7d69-groupManagement] INFO  server.RaftServerConfigKeys (ConfUtils.java:logGet(46)) - raft.server.threadpool.client.cached = true (default)
2025-04-24 14:02:14,485 [72381052-d1f9-4ca6-906c-6db4c7ca7d69-groupManagement] INFO  server.RaftServerConfigKeys (ConfUtils.java:logGet(46)) - raft.server.threadpool.client.size = 0 (default)
2025-04-24 14:02:14,485 [72381052-d1f9-4ca6-906c-6db4c7ca7d69-groupManagement] INFO  server.RaftServerConfigKeys (ConfUtils.java:logGet(46)) - raft.server.storage.free-space.min = 0MB (=0) (default)
2025-04-24 14:02:14,485 [72381052-d1f9-4ca6-906c-6db4c7ca7d69-groupManagement] INFO  server.RaftServerConfigKeys (ConfUtils.java:logGet(46)) - raft.server.log.corruption.policy = EXCEPTION (default)
2025-04-24 14:02:14,485 [72381052-d1f9-4ca6-906c-6db4c7ca7d69-groupManagement] INFO  server.RaftServerConfigKeys (ConfUtils.java:logGet(46)) - raft.server.storage.dir = [/home/runner/work/ozone/ozone/hadoop-ozone/integration-test/target/test-dir/MiniOzoneClusterImpl-4e6105ad-12bc-4f18-9d37-351d73277e17/ozone-meta/datanode-3/ratis] (custom)
2025-04-24 14:02:14,490 [72381052-d1f9-4ca6-906c-6db4c7ca7d69-groupManagement] INFO  storage.RaftStorageDirectory (RaftStorageDirectoryImpl.java:analyzeStorage(138)) - The storage directory /home/runner/work/ozone/ozone/hadoop-ozone/integration-test/target/test-dir/MiniOzoneClusterImpl-4e6105ad-12bc-4f18-9d37-351d73277e17/ozone-meta/datanode-3/ratis/5a76b5c3-b2e7-444b-9d4d-5e7736b872a8 does not exist. Creating ...
2025-04-24 14:02:14,495 [72381052-d1f9-4ca6-906c-6db4c7ca7d69-groupManagement] INFO  storage.RaftStorageDirectory (RaftStorageDirectoryImpl.java:tryLock(229)) - Lock on /home/runner/work/ozone/ozone/hadoop-ozone/integration-test/target/test-dir/MiniOzoneClusterImpl-4e6105ad-12bc-4f18-9d37-351d73277e17/ozone-meta/datanode-3/ratis/5a76b5c3-b2e7-444b-9d4d-5e7736b872a8/in_use.lock acquired by nodename 129728@fv-az2210-761
2025-04-24 14:02:14,496 [72381052-d1f9-4ca6-906c-6db4c7ca7d69-groupManagement] INFO  storage.RaftStorage (RaftStorageImpl.java:format(98)) - Storage directory /home/runner/work/ozone/ozone/hadoop-ozone/integration-test/target/test-dir/MiniOzoneClusterImpl-4e6105ad-12bc-4f18-9d37-351d73277e17/ozone-meta/datanode-3/ratis/5a76b5c3-b2e7-444b-9d4d-5e7736b872a8 has been successfully formatted.
2025-04-24 14:02:14,497 [72381052-d1f9-4ca6-906c-6db4c7ca7d69-groupManagement] INFO  ratis.ContainerStateMachine (ContainerStateMachine.java:initialize(339)) - 72381052-d1f9-4ca6-906c-6db4c7ca7d69: initialize group-5E7736B872A8
2025-04-24 14:02:14,497 [72381052-d1f9-4ca6-906c-6db4c7ca7d69-groupManagement] INFO  ratis.ContainerStateMachine (ContainerStateMachine.java:loadSnapshot(347)) - group-5E7736B872A8: The snapshot info is null. Setting the last applied index to:(t:0, i:~)
2025-04-24 14:02:14,497 [72381052-d1f9-4ca6-906c-6db4c7ca7d69-groupManagement] INFO  server.RaftServerConfigKeys (ConfUtils.java:logGet(46)) - raft.server.log.use.memory = false (default)
2025-04-24 14:02:14,497 [72381052-d1f9-4ca6-906c-6db4c7ca7d69-groupManagement] INFO  server.RaftServerConfigKeys (ConfUtils.java:logGet(46)) - raft.server.log.purge.gap = 1000000 (custom)
2025-04-24 14:02:14,497 [72381052-d1f9-4ca6-906c-6db4c7ca7d69-groupManagement] INFO  server.RaftServerConfigKeys (ConfUtils.java:logGet(46)) - raft.server.log.appender.buffer.byte-limit = 33554432 (custom)
2025-04-24 14:02:14,497 [72381052-d1f9-4ca6-906c-6db4c7ca7d69-groupManagement] INFO  server.RaftServerConfigKeys (ConfUtils.java:logGet(46)) - raft.server.log.statemachine.data.read.timeout = 1000ms (default)
2025-04-24 14:02:14,497 [72381052-d1f9-4ca6-906c-6db4c7ca7d69-groupManagement] INFO  server.RaftServerConfigKeys (ConfUtils.java:logGet(46)) - raft.server.log.purge.preservation.log.num = 0 (default)
2025-04-24 14:02:14,499 [72381052-d1f9-4ca6-906c-6db4c7ca7d69-groupManagement] INFO  server.RaftServerConfigKeys (ConfUtils.java:logGet(46)) - raft.server.log.segment.size.max = 67108864 (custom)
2025-04-24 14:02:14,500 [72381052-d1f9-4ca6-906c-6db4c7ca7d69-groupManagement] INFO  server.RaftServerConfigKeys (ConfUtils.java:logGet(46)) - raft.server.log.segment.cache.num.max = 2 (custom)
2025-04-24 14:02:14,500 [72381052-d1f9-4ca6-906c-6db4c7ca7d69-groupManagement] INFO  server.RaftServerConfigKeys (ConfUtils.java:logGet(46)) - raft.server.log.segment.cache.size.max = 200MB (=209715200) (default)
2025-04-24 14:02:14,500 [72381052-d1f9-4ca6-906c-6db4c7ca7d69-groupManagement] INFO  server.RaftServerConfigKeys (ConfUtils.java:logGet(46)) - raft.server.log.appender.buffer.byte-limit = 33554432 (custom)
2025-04-24 14:02:14,500 [72381052-d1f9-4ca6-906c-6db4c7ca7d69-groupManagement] INFO  util.AwaitToRun (AwaitToRun.java:start(81)) - Thread[#947,72381052-d1f9-4ca6-906c-6db4c7ca7d69@group-5E7736B872A8-cacheEviction-AwaitToRun,5,main] started
2025-04-24 14:02:14,500 [72381052-d1f9-4ca6-906c-6db4c7ca7d69-groupManagement] INFO  segmented.SegmentedRaftLogWorker (SegmentedRaftLogWorker.java:<init>(188)) - new 72381052-d1f9-4ca6-906c-6db4c7ca7d69@group-5E7736B872A8-SegmentedRaftLogWorker for RaftStorageImpl:Storage Directory /home/runner/work/ozone/ozone/hadoop-ozone/integration-test/target/test-dir/MiniOzoneClusterImpl-4e6105ad-12bc-4f18-9d37-351d73277e17/ozone-meta/datanode-3/ratis/5a76b5c3-b2e7-444b-9d4d-5e7736b872a8
2025-04-24 14:02:14,500 [72381052-d1f9-4ca6-906c-6db4c7ca7d69-groupManagement] INFO  server.RaftServerConfigKeys (ConfUtils.java:logGet(46)) - raft.server.log.queue.byte-limit = 4294967296 (custom)
2025-04-24 14:02:14,500 [72381052-d1f9-4ca6-906c-6db4c7ca7d69-groupManagement] INFO  server.RaftServerConfigKeys (ConfUtils.java:logGet(46)) - raft.server.log.queue.element-limit = 1024 (custom)
2025-04-24 14:02:14,500 [72381052-d1f9-4ca6-906c-6db4c7ca7d69-groupManagement] INFO  server.RaftServerConfigKeys (ConfUtils.java:logGet(46)) - raft.server.log.segment.size.max = 67108864 (custom)
2025-04-24 14:02:14,501 [72381052-d1f9-4ca6-906c-6db4c7ca7d69-groupManagement] INFO  server.RaftServerConfigKeys (ConfUtils.java:logGet(46)) - raft.server.log.preallocated.size = 4194304 (custom)
2025-04-24 14:02:14,501 [72381052-d1f9-4ca6-906c-6db4c7ca7d69-groupManagement] INFO  server.RaftServerConfigKeys (ConfUtils.java:logGet(46)) - raft.server.log.force.sync.num = 128 (default)
2025-04-24 14:02:14,501 [72381052-d1f9-4ca6-906c-6db4c7ca7d69-groupManagement] INFO  server.RaftServerConfigKeys (ConfUtils.java:logGet(46)) - raft.server.log.statemachine.data.sync = true (default)
2025-04-24 14:02:14,501 [72381052-d1f9-4ca6-906c-6db4c7ca7d69-groupManagement] INFO  server.RaftServerConfigKeys (ConfUtils.java:logGet(46)) - raft.server.log.statemachine.data.sync.timeout = 10s (default)
2025-04-24 14:02:14,501 [72381052-d1f9-4ca6-906c-6db4c7ca7d69-groupManagement] INFO  server.RaftServerConfigKeys (ConfUtils.java:logGet(46)) - raft.server.log.statemachine.data.sync.timeout.retry = 30 (custom)
2025-04-24 14:02:14,501 [72381052-d1f9-4ca6-906c-6db4c7ca7d69-groupManagement] INFO  server.RaftServerConfigKeys (ConfUtils.java:logGet(46)) - raft.server.log.write.buffer.size = 33554440 (custom)
2025-04-24 14:02:14,505 [72381052-d1f9-4ca6-906c-6db4c7ca7d69-groupManagement] INFO  server.RaftServerConfigKeys (ConfUtils.java:logGet(46)) - raft.server.log.appender.buffer.byte-limit = 33554432 (custom)
2025-04-24 14:02:14,505 [72381052-d1f9-4ca6-906c-6db4c7ca7d69-groupManagement] INFO  server.RaftServerConfigKeys (ConfUtils.java:logGet(46)) - raft.server.log.unsafe-flush.enabled = false (default)
2025-04-24 14:02:14,505 [72381052-d1f9-4ca6-906c-6db4c7ca7d69-groupManagement] INFO  server.RaftServerConfigKeys (ConfUtils.java:logGet(46)) - raft.server.log.async-flush.enabled = false (default)
2025-04-24 14:02:14,505 [72381052-d1f9-4ca6-906c-6db4c7ca7d69-groupManagement] INFO  server.RaftServerConfigKeys (ConfUtils.java:logGet(46)) - raft.server.log.statemachine.data.caching.enabled = true (custom)
2025-04-24 14:02:14,506 [72381052-d1f9-4ca6-906c-6db4c7ca7d69-groupManagement] INFO  segmented.SegmentedRaftLogWorker (SegmentedRaftLogWorker.java:lambda$new$0(139)) - 72381052-d1f9-4ca6-906c-6db4c7ca7d69@group-5E7736B872A8-SegmentedRaftLogWorker: flushIndex: setUnconditionally 0 -> -1
2025-04-24 14:02:14,506 [72381052-d1f9-4ca6-906c-6db4c7ca7d69-groupManagement] INFO  segmented.SegmentedRaftLogWorker (SegmentedRaftLogWorker.java:lambda$new$0(139)) - 72381052-d1f9-4ca6-906c-6db4c7ca7d69@group-5E7736B872A8-SegmentedRaftLogWorker: safeCacheEvictIndex: setUnconditionally 0 -> -1
2025-04-24 14:02:14,506 [72381052-d1f9-4ca6-906c-6db4c7ca7d69-groupManagement] INFO  server.RaftServer$Division (RaftServerImpl.java:start(391)) - 72381052-d1f9-4ca6-906c-6db4c7ca7d69@group-5E7736B872A8: start as a follower, conf=conf: {index: -1, cur=peers:[b80db16c-5673-450c-b3ca-7f89ec301096|127.0.0.1:15023, 72381052-d1f9-4ca6-906c-6db4c7ca7d69|127.0.0.1:15039, aed9408d-e3c0-4aa9-9c6a-b698c50b685f|127.0.0.1:15031]|listeners:[], old=null}
2025-04-24 14:02:14,506 [72381052-d1f9-4ca6-906c-6db4c7ca7d69-groupManagement] INFO  server.RaftServer$Division (RaftServerImpl.java:setRole(378)) - 72381052-d1f9-4ca6-906c-6db4c7ca7d69@group-5E7736B872A8: changes role from      null to FOLLOWER at term 0 for startAsFollower
2025-04-24 14:02:14,506 [72381052-d1f9-4ca6-906c-6db4c7ca7d69-groupManagement] INFO  impl.RoleInfo (RoleInfo.java:updateAndGet(148)) - 72381052-d1f9-4ca6-906c-6db4c7ca7d69: start 72381052-d1f9-4ca6-906c-6db4c7ca7d69@group-5E7736B872A8-FollowerState
2025-04-24 14:02:14,506 [72381052-d1f9-4ca6-906c-6db4c7ca7d69-groupManagement] INFO  util.JmxRegister (JmxRegister.java:tryRegister(44)) - Successfully registered JMX Bean with object name Ratis:service=RaftServer,group=group-5E7736B872A8,id=72381052-d1f9-4ca6-906c-6db4c7ca7d69
2025-04-24 14:02:14,506 [72381052-d1f9-4ca6-906c-6db4c7ca7d69-groupManagement] INFO  util.JmxRegister (JmxRegister.java:register(58)) - register mxBean class org.apache.ratis.server.impl.RaftServerJmxAdapter as Ratis:service=RaftServer,group=group-5E7736B872A8,id=72381052-d1f9-4ca6-906c-6db4c7ca7d69
2025-04-24 14:02:14,506 [72381052-d1f9-4ca6-906c-6db4c7ca7d69@group-5E7736B872A8-FollowerState] INFO  server.RaftServerConfigKeys (ConfUtils.java:logGet(46)) - raft.server.rpc.first-election.timeout.min = 1000ms (custom)
2025-04-24 14:02:14,507 [72381052-d1f9-4ca6-906c-6db4c7ca7d69-groupManagement] INFO  server.RaftServerConfigKeys (ConfUtils.java:logGet(46)) - raft.server.snapshot.trigger-when-stop.enabled = true (default)
2025-04-24 14:02:14,507 [72381052-d1f9-4ca6-906c-6db4c7ca7d69-groupManagement] INFO  server.RaftServerConfigKeys (ConfUtils.java:logGet(46)) - raft.server.snapshot.trigger-when-remove.enabled = true (default)
2025-04-24 14:02:14,507 [72381052-d1f9-4ca6-906c-6db4c7ca7d69@group-5E7736B872A8-FollowerState] INFO  server.RaftServerConfigKeys (ConfUtils.java:logGet(46)) - raft.server.rpc.first-election.timeout.max = 1200ms (custom)
2025-04-24 14:02:14,507 [72381052-d1f9-4ca6-906c-6db4c7ca7d69-groupManagement] INFO  server.RaftServerConfigKeys (ConfUtils.java:logGet(46)) - raft.server.snapshot.auto.trigger.enabled = true (custom)
2025-04-24 14:02:14,507 [72381052-d1f9-4ca6-906c-6db4c7ca7d69-groupManagement] INFO  server.RaftServerConfigKeys (ConfUtils.java:logGet(46)) - raft.server.snapshot.auto.trigger.threshold = 100000 (custom)
2025-04-24 14:02:14,507 [72381052-d1f9-4ca6-906c-6db4c7ca7d69-groupManagement] INFO  server.RaftServerConfigKeys (ConfUtils.java:logGet(46)) - raft.server.snapshot.retention.file.num = 5 (custom)
2025-04-24 14:02:14,507 [72381052-d1f9-4ca6-906c-6db4c7ca7d69-groupManagement] INFO  server.RaftServerConfigKeys (ConfUtils.java:logGet(46)) - raft.server.log.purge.upto.snapshot.index = false (default)
2025-04-24 14:02:14,508 [72381052-d1f9-4ca6-906c-6db4c7ca7d69-groupManagement] INFO  server.RaftServer$Division (RaftServerImpl.java:start(405)) - 72381052-d1f9-4ca6-906c-6db4c7ca7d69@group-5E7736B872A8: Successfully started.
2025-04-24 14:02:14,518 [grpc-default-executor-2] INFO  server.RaftServer (RaftServerProxy.java:addNew(100)) - aed9408d-e3c0-4aa9-9c6a-b698c50b685f: addNew group-5E7736B872A8:[b80db16c-5673-450c-b3ca-7f89ec301096|127.0.0.1:15023, 72381052-d1f9-4ca6-906c-6db4c7ca7d69|127.0.0.1:15039, aed9408d-e3c0-4aa9-9c6a-b698c50b685f|127.0.0.1:15031] returns group-5E7736B872A8:java.util.concurrent.CompletableFuture@24cf7a62[Not completed]
2025-04-24 14:02:14,519 [aed9408d-e3c0-4aa9-9c6a-b698c50b685f-groupManagement] INFO  server.RaftServer$Division (RaftServerImpl.java:<init>(255)) - aed9408d-e3c0-4aa9-9c6a-b698c50b685f: new RaftServerImpl for group-5E7736B872A8:[b80db16c-5673-450c-b3ca-7f89ec301096|127.0.0.1:15023, 72381052-d1f9-4ca6-906c-6db4c7ca7d69|127.0.0.1:15039, aed9408d-e3c0-4aa9-9c6a-b698c50b685f|127.0.0.1:15031] with ContainerStateMachine:uninitialized
2025-04-24 14:02:14,520 [aed9408d-e3c0-4aa9-9c6a-b698c50b685f-groupManagement] INFO  server.RaftServerConfigKeys (ConfUtils.java:logGet(46)) - raft.server.rpc.timeout.min = 5s (custom)
2025-04-24 14:02:14,520 [aed9408d-e3c0-4aa9-9c6a-b698c50b685f-groupManagement] INFO  server.RaftServerConfigKeys (ConfUtils.java:logGet(46)) - raft.server.rpc.timeout.max = 5200ms (custom)
2025-04-24 14:02:14,520 [aed9408d-e3c0-4aa9-9c6a-b698c50b685f-groupManagement] INFO  server.RaftServerConfigKeys (ConfUtils.java:logGet(46)) - raft.server.rpc.sleep.time = 25ms (default)
2025-04-24 14:02:14,520 [aed9408d-e3c0-4aa9-9c6a-b698c50b685f-groupManagement] INFO  server.RaftServerConfigKeys (ConfUtils.java:logGet(46)) - raft.server.rpc.slowness.timeout = 300s (custom)
2025-04-24 14:02:14,520 [aed9408d-e3c0-4aa9-9c6a-b698c50b685f-groupManagement] INFO  server.RaftServerConfigKeys (ConfUtils.java:logGet(46)) - raft.server.leaderelection.leader.step-down.wait-time = 10s (default)
2025-04-24 14:02:14,520 [aed9408d-e3c0-4aa9-9c6a-b698c50b685f-groupManagement] INFO  server.RaftServerConfigKeys (ConfUtils.java:logGet(46)) - raft.server.leaderelection.member.majority-add = false (default)
2025-04-24 14:02:14,520 [aed9408d-e3c0-4aa9-9c6a-b698c50b685f-groupManagement] INFO  server.RaftServerConfigKeys (ConfUtils.java:logGet(46)) - raft.server.sleep.deviation.threshold = 300ms (default)
2025-04-24 14:02:14,520 [aed9408d-e3c0-4aa9-9c6a-b698c50b685f-groupManagement] INFO  server.RaftServer$Division (ServerState.java:<init>(114)) - aed9408d-e3c0-4aa9-9c6a-b698c50b685f@group-5E7736B872A8: ConfigurationManager, init=conf: {index: -1, cur=peers:[b80db16c-5673-450c-b3ca-7f89ec301096|127.0.0.1:15023, 72381052-d1f9-4ca6-906c-6db4c7ca7d69|127.0.0.1:15039, aed9408d-e3c0-4aa9-9c6a-b698c50b685f|127.0.0.1:15031]|listeners:[], old=null}, confs=<EMPTY_MAP>
2025-04-24 14:02:14,520 [aed9408d-e3c0-4aa9-9c6a-b698c50b685f-groupManagement] INFO  server.RaftServerConfigKeys (ConfUtils.java:logGet(46)) - raft.server.notification.no-leader.timeout = 300s (custom)
2025-04-24 14:02:14,520 [aed9408d-e3c0-4aa9-9c6a-b698c50b685f-groupManagement] INFO  server.RaftServerConfigKeys (ConfUtils.java:logGet(46)) - raft.server.read.timeout = 10s (default)
2025-04-24 14:02:14,520 [aed9408d-e3c0-4aa9-9c6a-b698c50b685f-groupManagement] INFO  server.RaftServerConfigKeys (ConfUtils.java:logGet(46)) - raft.server.retrycache.expirytime = 600000ms (custom)
2025-04-24 14:02:14,520 [aed9408d-e3c0-4aa9-9c6a-b698c50b685f-groupManagement] INFO  server.RaftServerConfigKeys (ConfUtils.java:logGet(46)) - raft.server.retrycache.statistics.expirytime = 100ms (default)
2025-04-24 14:02:14,520 [aed9408d-e3c0-4aa9-9c6a-b698c50b685f-groupManagement] INFO  server.RaftServerConfigKeys (ConfUtils.java:logGet(46)) - raft.server.read.option = DEFAULT (default)
2025-04-24 14:02:14,520 [aed9408d-e3c0-4aa9-9c6a-b698c50b685f-groupManagement] INFO  server.RaftServerConfigKeys (ConfUtils.java:logGet(46)) - raft.server.read.read-after-write-consistent.write-index-cache.expiry-time = 60s (default)
2025-04-24 14:02:14,524 [aed9408d-e3c0-4aa9-9c6a-b698c50b685f-groupManagement] INFO  server.RaftServerConfigKeys (ConfUtils.java:logGet(46)) - raft.server.rpc.request.timeout = 60s (custom)
2025-04-24 14:02:14,524 [aed9408d-e3c0-4aa9-9c6a-b698c50b685f-groupManagement] INFO  server.RaftServerConfigKeys (ConfUtils.java:logGet(46)) - raft.server.log.appender.install.snapshot.enabled = false (custom)
2025-04-24 14:02:14,524 [aed9408d-e3c0-4aa9-9c6a-b698c50b685f-groupManagement] INFO  server.RaftServerConfigKeys (ConfUtils.java:logGet(46)) - raft.server.threadpool.server.cached = true (default)
2025-04-24 14:02:14,524 [aed9408d-e3c0-4aa9-9c6a-b698c50b685f-groupManagement] INFO  server.RaftServerConfigKeys (ConfUtils.java:logGet(46)) - raft.server.threadpool.server.size = 0 (default)
2025-04-24 14:02:14,525 [aed9408d-e3c0-4aa9-9c6a-b698c50b685f-groupManagement] INFO  server.RaftServerConfigKeys (ConfUtils.java:logGet(46)) - raft.server.threadpool.client.cached = true (default)
2025-04-24 14:02:14,525 [aed9408d-e3c0-4aa9-9c6a-b698c50b685f-groupManagement] INFO  server.RaftServerConfigKeys (ConfUtils.java:logGet(46)) - raft.server.threadpool.client.size = 0 (default)
2025-04-24 14:02:14,525 [aed9408d-e3c0-4aa9-9c6a-b698c50b685f-groupManagement] INFO  server.RaftServerConfigKeys (ConfUtils.java:logGet(46)) - raft.server.storage.free-space.min = 0MB (=0) (default)
2025-04-24 14:02:14,525 [aed9408d-e3c0-4aa9-9c6a-b698c50b685f-groupManagement] INFO  server.RaftServerConfigKeys (ConfUtils.java:logGet(46)) - raft.server.log.corruption.policy = EXCEPTION (default)
2025-04-24 14:02:14,525 [aed9408d-e3c0-4aa9-9c6a-b698c50b685f-groupManagement] INFO  server.RaftServerConfigKeys (ConfUtils.java:logGet(46)) - raft.server.storage.dir = [/home/runner/work/ozone/ozone/hadoop-ozone/integration-test/target/test-dir/MiniOzoneClusterImpl-4e6105ad-12bc-4f18-9d37-351d73277e17/ozone-meta/datanode-2/ratis] (custom)
2025-04-24 14:02:14,525 [aed9408d-e3c0-4aa9-9c6a-b698c50b685f-groupManagement] INFO  storage.RaftStorageDirectory (RaftStorageDirectoryImpl.java:analyzeStorage(138)) - The storage directory /home/runner/work/ozone/ozone/hadoop-ozone/integration-test/target/test-dir/MiniOzoneClusterImpl-4e6105ad-12bc-4f18-9d37-351d73277e17/ozone-meta/datanode-2/ratis/5a76b5c3-b2e7-444b-9d4d-5e7736b872a8 does not exist. Creating ...
2025-04-24 14:02:14,526 [aed9408d-e3c0-4aa9-9c6a-b698c50b685f-groupManagement] INFO  storage.RaftStorageDirectory (RaftStorageDirectoryImpl.java:tryLock(229)) - Lock on /home/runner/work/ozone/ozone/hadoop-ozone/integration-test/target/test-dir/MiniOzoneClusterImpl-4e6105ad-12bc-4f18-9d37-351d73277e17/ozone-meta/datanode-2/ratis/5a76b5c3-b2e7-444b-9d4d-5e7736b872a8/in_use.lock acquired by nodename 129728@fv-az2210-761
2025-04-24 14:02:14,527 [aed9408d-e3c0-4aa9-9c6a-b698c50b685f-groupManagement] INFO  storage.RaftStorage (RaftStorageImpl.java:format(98)) - Storage directory /home/runner/work/ozone/ozone/hadoop-ozone/integration-test/target/test-dir/MiniOzoneClusterImpl-4e6105ad-12bc-4f18-9d37-351d73277e17/ozone-meta/datanode-2/ratis/5a76b5c3-b2e7-444b-9d4d-5e7736b872a8 has been successfully formatted.
2025-04-24 14:02:14,528 [aed9408d-e3c0-4aa9-9c6a-b698c50b685f-groupManagement] INFO  ratis.ContainerStateMachine (ContainerStateMachine.java:initialize(339)) - aed9408d-e3c0-4aa9-9c6a-b698c50b685f: initialize group-5E7736B872A8
2025-04-24 14:02:14,528 [aed9408d-e3c0-4aa9-9c6a-b698c50b685f-groupManagement] INFO  ratis.ContainerStateMachine (ContainerStateMachine.java:loadSnapshot(347)) - group-5E7736B872A8: The snapshot info is null. Setting the last applied index to:(t:0, i:~)
2025-04-24 14:02:14,528 [aed9408d-e3c0-4aa9-9c6a-b698c50b685f-groupManagement] INFO  server.RaftServerConfigKeys (ConfUtils.java:logGet(46)) - raft.server.log.use.memory = false (default)
2025-04-24 14:02:14,528 [aed9408d-e3c0-4aa9-9c6a-b698c50b685f-groupManagement] INFO  server.RaftServerConfigKeys (ConfUtils.java:logGet(46)) - raft.server.log.purge.gap = 1000000 (custom)
2025-04-24 14:02:14,528 [aed9408d-e3c0-4aa9-9c6a-b698c50b685f-groupManagement] INFO  server.RaftServerConfigKeys (ConfUtils.java:logGet(46)) - raft.server.log.appender.buffer.byte-limit = 33554432 (custom)
2025-04-24 14:02:14,529 [aed9408d-e3c0-4aa9-9c6a-b698c50b685f-groupManagement] INFO  server.RaftServerConfigKeys (ConfUtils.java:logGet(46)) - raft.server.log.statemachine.data.read.timeout = 1000ms (default)
2025-04-24 14:02:14,529 [aed9408d-e3c0-4aa9-9c6a-b698c50b685f-groupManagement] INFO  server.RaftServerConfigKeys (ConfUtils.java:logGet(46)) - raft.server.log.purge.preservation.log.num = 0 (default)
2025-04-24 14:02:14,531 [aed9408d-e3c0-4aa9-9c6a-b698c50b685f-groupManagement] INFO  server.RaftServerConfigKeys (ConfUtils.java:logGet(46)) - raft.server.log.segment.size.max = 67108864 (custom)
2025-04-24 14:02:14,531 [aed9408d-e3c0-4aa9-9c6a-b698c50b685f-groupManagement] INFO  server.RaftServerConfigKeys (ConfUtils.java:logGet(46)) - raft.server.log.segment.cache.num.max = 2 (custom)
2025-04-24 14:02:14,532 [aed9408d-e3c0-4aa9-9c6a-b698c50b685f-groupManagement] INFO  server.RaftServerConfigKeys (ConfUtils.java:logGet(46)) - raft.server.log.segment.cache.size.max = 200MB (=209715200) (default)
2025-04-24 14:02:14,532 [aed9408d-e3c0-4aa9-9c6a-b698c50b685f-groupManagement] INFO  server.RaftServerConfigKeys (ConfUtils.java:logGet(46)) - raft.server.log.appender.buffer.byte-limit = 33554432 (custom)
2025-04-24 14:02:14,532 [aed9408d-e3c0-4aa9-9c6a-b698c50b685f-groupManagement] INFO  util.AwaitToRun (AwaitToRun.java:start(81)) - Thread[#954,aed9408d-e3c0-4aa9-9c6a-b698c50b685f@group-5E7736B872A8-cacheEviction-AwaitToRun,5,main] started
2025-04-24 14:02:14,532 [aed9408d-e3c0-4aa9-9c6a-b698c50b685f-groupManagement] INFO  segmented.SegmentedRaftLogWorker (SegmentedRaftLogWorker.java:<init>(188)) - new aed9408d-e3c0-4aa9-9c6a-b698c50b685f@group-5E7736B872A8-SegmentedRaftLogWorker for RaftStorageImpl:Storage Directory /home/runner/work/ozone/ozone/hadoop-ozone/integration-test/target/test-dir/MiniOzoneClusterImpl-4e6105ad-12bc-4f18-9d37-351d73277e17/ozone-meta/datanode-2/ratis/5a76b5c3-b2e7-444b-9d4d-5e7736b872a8
2025-04-24 14:02:14,532 [aed9408d-e3c0-4aa9-9c6a-b698c50b685f-groupManagement] INFO  server.RaftServerConfigKeys (ConfUtils.java:logGet(46)) - raft.server.log.queue.byte-limit = 4294967296 (custom)
2025-04-24 14:02:14,532 [aed9408d-e3c0-4aa9-9c6a-b698c50b685f-groupManagement] INFO  server.RaftServerConfigKeys (ConfUtils.java:logGet(46)) - raft.server.log.queue.element-limit = 1024 (custom)
2025-04-24 14:02:14,533 [aed9408d-e3c0-4aa9-9c6a-b698c50b685f-groupManagement] INFO  server.RaftServerConfigKeys (ConfUtils.java:logGet(46)) - raft.server.log.segment.size.max = 67108864 (custom)
2025-04-24 14:02:14,533 [aed9408d-e3c0-4aa9-9c6a-b698c50b685f-groupManagement] INFO  server.RaftServerConfigKeys (ConfUtils.java:logGet(46)) - raft.server.log.preallocated.size = 4194304 (custom)
2025-04-24 14:02:14,533 [aed9408d-e3c0-4aa9-9c6a-b698c50b685f-groupManagement] INFO  server.RaftServerConfigKeys (ConfUtils.java:logGet(46)) - raft.server.log.force.sync.num = 128 (default)
2025-04-24 14:02:14,533 [aed9408d-e3c0-4aa9-9c6a-b698c50b685f-groupManagement] INFO  server.RaftServerConfigKeys (ConfUtils.java:logGet(46)) - raft.server.log.statemachine.data.sync = true (default)
2025-04-24 14:02:14,533 [aed9408d-e3c0-4aa9-9c6a-b698c50b685f-groupManagement] INFO  server.RaftServerConfigKeys (ConfUtils.java:logGet(46)) - raft.server.log.statemachine.data.sync.timeout = 10s (default)
2025-04-24 14:02:14,533 [aed9408d-e3c0-4aa9-9c6a-b698c50b685f-groupManagement] INFO  server.RaftServerConfigKeys (ConfUtils.java:logGet(46)) - raft.server.log.statemachine.data.sync.timeout.retry = 30 (custom)
2025-04-24 14:02:14,533 [aed9408d-e3c0-4aa9-9c6a-b698c50b685f-groupManagement] INFO  server.RaftServerConfigKeys (ConfUtils.java:logGet(46)) - raft.server.log.write.buffer.size = 33554440 (custom)
2025-04-24 14:02:14,538 [aed9408d-e3c0-4aa9-9c6a-b698c50b685f-groupManagement] INFO  server.RaftServerConfigKeys (ConfUtils.java:logGet(46)) - raft.server.log.appender.buffer.byte-limit = 33554432 (custom)
2025-04-24 14:02:14,538 [aed9408d-e3c0-4aa9-9c6a-b698c50b685f-groupManagement] INFO  server.RaftServerConfigKeys (ConfUtils.java:logGet(46)) - raft.server.log.unsafe-flush.enabled = false (default)
2025-04-24 14:02:14,538 [aed9408d-e3c0-4aa9-9c6a-b698c50b685f-groupManagement] INFO  server.RaftServerConfigKeys (ConfUtils.java:logGet(46)) - raft.server.log.async-flush.enabled = false (default)
2025-04-24 14:02:14,538 [aed9408d-e3c0-4aa9-9c6a-b698c50b685f-groupManagement] INFO  server.RaftServerConfigKeys (ConfUtils.java:logGet(46)) - raft.server.log.statemachine.data.caching.enabled = true (custom)
2025-04-24 14:02:14,538 [aed9408d-e3c0-4aa9-9c6a-b698c50b685f-groupManagement] INFO  segmented.SegmentedRaftLogWorker (SegmentedRaftLogWorker.java:lambda$new$0(139)) - aed9408d-e3c0-4aa9-9c6a-b698c50b685f@group-5E7736B872A8-SegmentedRaftLogWorker: flushIndex: setUnconditionally 0 -> -1
2025-04-24 14:02:14,538 [aed9408d-e3c0-4aa9-9c6a-b698c50b685f-groupManagement] INFO  segmented.SegmentedRaftLogWorker (SegmentedRaftLogWorker.java:lambda$new$0(139)) - aed9408d-e3c0-4aa9-9c6a-b698c50b685f@group-5E7736B872A8-SegmentedRaftLogWorker: safeCacheEvictIndex: setUnconditionally 0 -> -1
2025-04-24 14:02:14,538 [aed9408d-e3c0-4aa9-9c6a-b698c50b685f-groupManagement] INFO  server.RaftServer$Division (RaftServerImpl.java:start(391)) - aed9408d-e3c0-4aa9-9c6a-b698c50b685f@group-5E7736B872A8: start as a follower, conf=conf: {index: -1, cur=peers:[b80db16c-5673-450c-b3ca-7f89ec301096|127.0.0.1:15023, 72381052-d1f9-4ca6-906c-6db4c7ca7d69|127.0.0.1:15039, aed9408d-e3c0-4aa9-9c6a-b698c50b685f|127.0.0.1:15031]|listeners:[], old=null}
2025-04-24 14:02:14,538 [aed9408d-e3c0-4aa9-9c6a-b698c50b685f-groupManagement] INFO  server.RaftServer$Division (RaftServerImpl.java:setRole(378)) - aed9408d-e3c0-4aa9-9c6a-b698c50b685f@group-5E7736B872A8: changes role from      null to FOLLOWER at term 0 for startAsFollower
2025-04-24 14:02:14,539 [aed9408d-e3c0-4aa9-9c6a-b698c50b685f-groupManagement] INFO  impl.RoleInfo (RoleInfo.java:updateAndGet(148)) - aed9408d-e3c0-4aa9-9c6a-b698c50b685f: start aed9408d-e3c0-4aa9-9c6a-b698c50b685f@group-5E7736B872A8-FollowerState
2025-04-24 14:02:14,539 [aed9408d-e3c0-4aa9-9c6a-b698c50b685f@group-5E7736B872A8-FollowerState] INFO  server.RaftServerConfigKeys (ConfUtils.java:logGet(46)) - raft.server.rpc.first-election.timeout.min = 1000ms (custom)
2025-04-24 14:02:14,539 [aed9408d-e3c0-4aa9-9c6a-b698c50b685f@group-5E7736B872A8-FollowerState] INFO  server.RaftServerConfigKeys (ConfUtils.java:logGet(46)) - raft.server.rpc.first-election.timeout.max = 1200ms (custom)
2025-04-24 14:02:14,539 [aed9408d-e3c0-4aa9-9c6a-b698c50b685f-groupManagement] INFO  util.JmxRegister (JmxRegister.java:tryRegister(44)) - Successfully registered JMX Bean with object name Ratis:service=RaftServer,group=group-5E7736B872A8,id=aed9408d-e3c0-4aa9-9c6a-b698c50b685f
2025-04-24 14:02:14,539 [aed9408d-e3c0-4aa9-9c6a-b698c50b685f-groupManagement] INFO  util.JmxRegister (JmxRegister.java:register(58)) - register mxBean class org.apache.ratis.server.impl.RaftServerJmxAdapter as Ratis:service=RaftServer,group=group-5E7736B872A8,id=aed9408d-e3c0-4aa9-9c6a-b698c50b685f
2025-04-24 14:02:14,539 [aed9408d-e3c0-4aa9-9c6a-b698c50b685f-groupManagement] INFO  server.RaftServerConfigKeys (ConfUtils.java:logGet(46)) - raft.server.snapshot.trigger-when-stop.enabled = true (default)
2025-04-24 14:02:14,539 [aed9408d-e3c0-4aa9-9c6a-b698c50b685f-groupManagement] INFO  server.RaftServerConfigKeys (ConfUtils.java:logGet(46)) - raft.server.snapshot.trigger-when-remove.enabled = true (default)
2025-04-24 14:02:14,539 [aed9408d-e3c0-4aa9-9c6a-b698c50b685f-groupManagement] INFO  server.RaftServerConfigKeys (ConfUtils.java:logGet(46)) - raft.server.snapshot.auto.trigger.enabled = true (custom)
2025-04-24 14:02:14,539 [aed9408d-e3c0-4aa9-9c6a-b698c50b685f-groupManagement] INFO  server.RaftServerConfigKeys (ConfUtils.java:logGet(46)) - raft.server.snapshot.auto.trigger.threshold = 100000 (custom)
2025-04-24 14:02:14,539 [aed9408d-e3c0-4aa9-9c6a-b698c50b685f-groupManagement] INFO  server.RaftServerConfigKeys (ConfUtils.java:logGet(46)) - raft.server.snapshot.retention.file.num = 5 (custom)
2025-04-24 14:02:14,539 [aed9408d-e3c0-4aa9-9c6a-b698c50b685f-groupManagement] INFO  server.RaftServerConfigKeys (ConfUtils.java:logGet(46)) - raft.server.log.purge.upto.snapshot.index = false (default)
2025-04-24 14:02:14,540 [aed9408d-e3c0-4aa9-9c6a-b698c50b685f-groupManagement] INFO  server.RaftServer$Division (RaftServerImpl.java:start(405)) - aed9408d-e3c0-4aa9-9c6a-b698c50b685f@group-5E7736B872A8: Successfully started.
2025-04-24 14:02:14,543 [b80db16c-5673-450c-b3ca-7f89ec301096-PipelineCommandHandlerThread-0] INFO  commandhandler.CreatePipelineCommandHandler (CreatePipelineCommandHandler.java:lambda$handle$2(128)) - Created Pipeline RATIS THREE PipelineID=5a76b5c3-b2e7-444b-9d4d-5e7736b872a8.
2025-04-24 14:02:14,655 [72381052-d1f9-4ca6-906c-6db4c7ca7d69-PipelineCommandHandlerThread-0] INFO  server.RaftServer (RaftServerProxy.java:addNew(100)) - 72381052-d1f9-4ca6-906c-6db4c7ca7d69: addNew group-3FFD5E9A8160:[72381052-d1f9-4ca6-906c-6db4c7ca7d69|127.0.0.1:15039] returns group-3FFD5E9A8160:java.util.concurrent.CompletableFuture@69a6642d[Not completed]
2025-04-24 14:02:14,656 [72381052-d1f9-4ca6-906c-6db4c7ca7d69-groupManagement] INFO  server.RaftServer$Division (RaftServerImpl.java:<init>(255)) - 72381052-d1f9-4ca6-906c-6db4c7ca7d69: new RaftServerImpl for group-3FFD5E9A8160:[72381052-d1f9-4ca6-906c-6db4c7ca7d69|127.0.0.1:15039] with ContainerStateMachine:uninitialized
2025-04-24 14:02:14,657 [72381052-d1f9-4ca6-906c-6db4c7ca7d69-groupManagement] INFO  server.RaftServerConfigKeys (ConfUtils.java:logGet(46)) - raft.server.rpc.timeout.min = 5s (custom)
2025-04-24 14:02:14,657 [72381052-d1f9-4ca6-906c-6db4c7ca7d69-groupManagement] INFO  server.RaftServerConfigKeys (ConfUtils.java:logGet(46)) - raft.server.rpc.timeout.max = 5200ms (custom)
2025-04-24 14:02:14,657 [72381052-d1f9-4ca6-906c-6db4c7ca7d69-groupManagement] INFO  server.RaftServerConfigKeys (ConfUtils.java:logGet(46)) - raft.server.rpc.sleep.time = 25ms (default)
2025-04-24 14:02:14,657 [72381052-d1f9-4ca6-906c-6db4c7ca7d69-groupManagement] INFO  server.RaftServerConfigKeys (ConfUtils.java:logGet(46)) - raft.server.rpc.slowness.timeout = 300s (custom)
2025-04-24 14:02:14,657 [72381052-d1f9-4ca6-906c-6db4c7ca7d69-groupManagement] INFO  server.RaftServerConfigKeys (ConfUtils.java:logGet(46)) - raft.server.leaderelection.leader.step-down.wait-time = 10s (default)
2025-04-24 14:02:14,657 [72381052-d1f9-4ca6-906c-6db4c7ca7d69-groupManagement] INFO  server.RaftServerConfigKeys (ConfUtils.java:logGet(46)) - raft.server.leaderelection.member.majority-add = false (default)
2025-04-24 14:02:14,657 [72381052-d1f9-4ca6-906c-6db4c7ca7d69-groupManagement] INFO  server.RaftServerConfigKeys (ConfUtils.java:logGet(46)) - raft.server.sleep.deviation.threshold = 300ms (default)
2025-04-24 14:02:14,657 [72381052-d1f9-4ca6-906c-6db4c7ca7d69-groupManagement] INFO  server.RaftServer$Division (ServerState.java:<init>(114)) - 72381052-d1f9-4ca6-906c-6db4c7ca7d69@group-3FFD5E9A8160: ConfigurationManager, init=conf: {index: -1, cur=peers:[72381052-d1f9-4ca6-906c-6db4c7ca7d69|127.0.0.1:15039]|listeners:[], old=null}, confs=<EMPTY_MAP>
2025-04-24 14:02:14,657 [72381052-d1f9-4ca6-906c-6db4c7ca7d69-groupManagement] INFO  server.RaftServerConfigKeys (ConfUtils.java:logGet(46)) - raft.server.notification.no-leader.timeout = 300s (custom)
2025-04-24 14:02:14,657 [72381052-d1f9-4ca6-906c-6db4c7ca7d69-groupManagement] INFO  server.RaftServerConfigKeys (ConfUtils.java:logGet(46)) - raft.server.read.timeout = 10s (default)
2025-04-24 14:02:14,657 [72381052-d1f9-4ca6-906c-6db4c7ca7d69-groupManagement] INFO  server.RaftServerConfigKeys (ConfUtils.java:logGet(46)) - raft.server.retrycache.expirytime = 600000ms (custom)
2025-04-24 14:02:14,657 [72381052-d1f9-4ca6-906c-6db4c7ca7d69-groupManagement] INFO  server.RaftServerConfigKeys (ConfUtils.java:logGet(46)) - raft.server.retrycache.statistics.expirytime = 100ms (default)
2025-04-24 14:02:14,657 [72381052-d1f9-4ca6-906c-6db4c7ca7d69-groupManagement] INFO  server.RaftServerConfigKeys (ConfUtils.java:logGet(46)) - raft.server.read.option = DEFAULT (default)
2025-04-24 14:02:14,657 [72381052-d1f9-4ca6-906c-6db4c7ca7d69-groupManagement] INFO  server.RaftServerConfigKeys (ConfUtils.java:logGet(46)) - raft.server.read.read-after-write-consistent.write-index-cache.expiry-time = 60s (default)
2025-04-24 14:02:14,661 [72381052-d1f9-4ca6-906c-6db4c7ca7d69-groupManagement] INFO  server.RaftServerConfigKeys (ConfUtils.java:logGet(46)) - raft.server.rpc.request.timeout = 60s (custom)
2025-04-24 14:02:14,661 [72381052-d1f9-4ca6-906c-6db4c7ca7d69-groupManagement] INFO  server.RaftServerConfigKeys (ConfUtils.java:logGet(46)) - raft.server.log.appender.install.snapshot.enabled = false (custom)
2025-04-24 14:02:14,661 [72381052-d1f9-4ca6-906c-6db4c7ca7d69-groupManagement] INFO  server.RaftServerConfigKeys (ConfUtils.java:logGet(46)) - raft.server.threadpool.server.cached = true (default)
2025-04-24 14:02:14,661 [72381052-d1f9-4ca6-906c-6db4c7ca7d69-groupManagement] INFO  server.RaftServerConfigKeys (ConfUtils.java:logGet(46)) - raft.server.threadpool.server.size = 0 (default)
2025-04-24 14:02:14,661 [72381052-d1f9-4ca6-906c-6db4c7ca7d69-groupManagement] INFO  server.RaftServerConfigKeys (ConfUtils.java:logGet(46)) - raft.server.threadpool.client.cached = true (default)
2025-04-24 14:02:14,661 [72381052-d1f9-4ca6-906c-6db4c7ca7d69-groupManagement] INFO  server.RaftServerConfigKeys (ConfUtils.java:logGet(46)) - raft.server.threadpool.client.size = 0 (default)
2025-04-24 14:02:14,661 [72381052-d1f9-4ca6-906c-6db4c7ca7d69-groupManagement] INFO  server.RaftServerConfigKeys (ConfUtils.java:logGet(46)) - raft.server.storage.free-space.min = 0MB (=0) (default)
2025-04-24 14:02:14,661 [72381052-d1f9-4ca6-906c-6db4c7ca7d69-groupManagement] INFO  server.RaftServerConfigKeys (ConfUtils.java:logGet(46)) - raft.server.log.corruption.policy = EXCEPTION (default)
2025-04-24 14:02:14,661 [72381052-d1f9-4ca6-906c-6db4c7ca7d69-groupManagement] INFO  server.RaftServerConfigKeys (ConfUtils.java:logGet(46)) - raft.server.storage.dir = [/home/runner/work/ozone/ozone/hadoop-ozone/integration-test/target/test-dir/MiniOzoneClusterImpl-4e6105ad-12bc-4f18-9d37-351d73277e17/ozone-meta/datanode-3/ratis] (custom)
2025-04-24 14:02:14,661 [72381052-d1f9-4ca6-906c-6db4c7ca7d69-groupManagement] INFO  storage.RaftStorageDirectory (RaftStorageDirectoryImpl.java:analyzeStorage(138)) - The storage directory /home/runner/work/ozone/ozone/hadoop-ozone/integration-test/target/test-dir/MiniOzoneClusterImpl-4e6105ad-12bc-4f18-9d37-351d73277e17/ozone-meta/datanode-3/ratis/6efddaeb-100b-42b4-a40f-3ffd5e9a8160 does not exist. Creating ...
2025-04-24 14:02:14,662 [72381052-d1f9-4ca6-906c-6db4c7ca7d69-groupManagement] INFO  storage.RaftStorageDirectory (RaftStorageDirectoryImpl.java:tryLock(229)) - Lock on /home/runner/work/ozone/ozone/hadoop-ozone/integration-test/target/test-dir/MiniOzoneClusterImpl-4e6105ad-12bc-4f18-9d37-351d73277e17/ozone-meta/datanode-3/ratis/6efddaeb-100b-42b4-a40f-3ffd5e9a8160/in_use.lock acquired by nodename 129728@fv-az2210-761
2025-04-24 14:02:14,664 [72381052-d1f9-4ca6-906c-6db4c7ca7d69-groupManagement] INFO  storage.RaftStorage (RaftStorageImpl.java:format(98)) - Storage directory /home/runner/work/ozone/ozone/hadoop-ozone/integration-test/target/test-dir/MiniOzoneClusterImpl-4e6105ad-12bc-4f18-9d37-351d73277e17/ozone-meta/datanode-3/ratis/6efddaeb-100b-42b4-a40f-3ffd5e9a8160 has been successfully formatted.
2025-04-24 14:02:14,664 [72381052-d1f9-4ca6-906c-6db4c7ca7d69-groupManagement] INFO  ratis.ContainerStateMachine (ContainerStateMachine.java:initialize(339)) - 72381052-d1f9-4ca6-906c-6db4c7ca7d69: initialize group-3FFD5E9A8160
2025-04-24 14:02:14,664 [72381052-d1f9-4ca6-906c-6db4c7ca7d69-groupManagement] INFO  ratis.ContainerStateMachine (ContainerStateMachine.java:loadSnapshot(347)) - group-3FFD5E9A8160: The snapshot info is null. Setting the last applied index to:(t:0, i:~)
2025-04-24 14:02:14,664 [72381052-d1f9-4ca6-906c-6db4c7ca7d69-groupManagement] INFO  server.RaftServerConfigKeys (ConfUtils.java:logGet(46)) - raft.server.log.use.memory = false (default)
2025-04-24 14:02:14,664 [72381052-d1f9-4ca6-906c-6db4c7ca7d69-groupManagement] INFO  server.RaftServerConfigKeys (ConfUtils.java:logGet(46)) - raft.server.log.purge.gap = 1000000 (custom)
2025-04-24 14:02:14,664 [72381052-d1f9-4ca6-906c-6db4c7ca7d69-groupManagement] INFO  server.RaftServerConfigKeys (ConfUtils.java:logGet(46)) - raft.server.log.appender.buffer.byte-limit = 33554432 (custom)
2025-04-24 14:02:14,665 [72381052-d1f9-4ca6-906c-6db4c7ca7d69-groupManagement] INFO  server.RaftServerConfigKeys (ConfUtils.java:logGet(46)) - raft.server.log.statemachine.data.read.timeout = 1000ms (default)
2025-04-24 14:02:14,665 [72381052-d1f9-4ca6-906c-6db4c7ca7d69-groupManagement] INFO  server.RaftServerConfigKeys (ConfUtils.java:logGet(46)) - raft.server.log.purge.preservation.log.num = 0 (default)
2025-04-24 14:02:14,666 [72381052-d1f9-4ca6-906c-6db4c7ca7d69-groupManagement] INFO  server.RaftServerConfigKeys (ConfUtils.java:logGet(46)) - raft.server.log.segment.size.max = 67108864 (custom)
2025-04-24 14:02:14,667 [72381052-d1f9-4ca6-906c-6db4c7ca7d69-groupManagement] INFO  server.RaftServerConfigKeys (ConfUtils.java:logGet(46)) - raft.server.log.segment.cache.num.max = 2 (custom)
2025-04-24 14:02:14,667 [72381052-d1f9-4ca6-906c-6db4c7ca7d69-groupManagement] INFO  server.RaftServerConfigKeys (ConfUtils.java:logGet(46)) - raft.server.log.segment.cache.size.max = 200MB (=209715200) (default)
2025-04-24 14:02:14,667 [72381052-d1f9-4ca6-906c-6db4c7ca7d69-groupManagement] INFO  server.RaftServerConfigKeys (ConfUtils.java:logGet(46)) - raft.server.log.appender.buffer.byte-limit = 33554432 (custom)
2025-04-24 14:02:14,667 [72381052-d1f9-4ca6-906c-6db4c7ca7d69-groupManagement] INFO  util.AwaitToRun (AwaitToRun.java:start(81)) - Thread[#962,72381052-d1f9-4ca6-906c-6db4c7ca7d69@group-3FFD5E9A8160-cacheEviction-AwaitToRun,5,main] started
2025-04-24 14:02:14,667 [72381052-d1f9-4ca6-906c-6db4c7ca7d69-groupManagement] INFO  segmented.SegmentedRaftLogWorker (SegmentedRaftLogWorker.java:<init>(188)) - new 72381052-d1f9-4ca6-906c-6db4c7ca7d69@group-3FFD5E9A8160-SegmentedRaftLogWorker for RaftStorageImpl:Storage Directory /home/runner/work/ozone/ozone/hadoop-ozone/integration-test/target/test-dir/MiniOzoneClusterImpl-4e6105ad-12bc-4f18-9d37-351d73277e17/ozone-meta/datanode-3/ratis/6efddaeb-100b-42b4-a40f-3ffd5e9a8160
2025-04-24 14:02:14,667 [72381052-d1f9-4ca6-906c-6db4c7ca7d69-groupManagement] INFO  server.RaftServerConfigKeys (ConfUtils.java:logGet(46)) - raft.server.log.queue.byte-limit = 4294967296 (custom)
2025-04-24 14:02:14,667 [72381052-d1f9-4ca6-906c-6db4c7ca7d69-groupManagement] INFO  server.RaftServerConfigKeys (ConfUtils.java:logGet(46)) - raft.server.log.queue.element-limit = 1024 (custom)
2025-04-24 14:02:14,667 [72381052-d1f9-4ca6-906c-6db4c7ca7d69-groupManagement] INFO  server.RaftServerConfigKeys (ConfUtils.java:logGet(46)) - raft.server.log.segment.size.max = 67108864 (custom)
2025-04-24 14:02:14,667 [72381052-d1f9-4ca6-906c-6db4c7ca7d69-groupManagement] INFO  server.RaftServerConfigKeys (ConfUtils.java:logGet(46)) - raft.server.log.preallocated.size = 4194304 (custom)
2025-04-24 14:02:14,667 [72381052-d1f9-4ca6-906c-6db4c7ca7d69-groupManagement] INFO  server.RaftServerConfigKeys (ConfUtils.java:logGet(46)) - raft.server.log.force.sync.num = 128 (default)
2025-04-24 14:02:14,667 [72381052-d1f9-4ca6-906c-6db4c7ca7d69-groupManagement] INFO  server.RaftServerConfigKeys (ConfUtils.java:logGet(46)) - raft.server.log.statemachine.data.sync = true (default)
2025-04-24 14:02:14,667 [72381052-d1f9-4ca6-906c-6db4c7ca7d69-groupManagement] INFO  server.RaftServerConfigKeys (ConfUtils.java:logGet(46)) - raft.server.log.statemachine.data.sync.timeout = 10s (default)
2025-04-24 14:02:14,667 [72381052-d1f9-4ca6-906c-6db4c7ca7d69-groupManagement] INFO  server.RaftServerConfigKeys (ConfUtils.java:logGet(46)) - raft.server.log.statemachine.data.sync.timeout.retry = 30 (custom)
2025-04-24 14:02:14,668 [72381052-d1f9-4ca6-906c-6db4c7ca7d69-groupManagement] INFO  server.RaftServerConfigKeys (ConfUtils.java:logGet(46)) - raft.server.log.write.buffer.size = 33554440 (custom)
2025-04-24 14:02:14,669 [c9ecfe4d-0892-4246-87fb-41e44738771b@group-351D73277E17-StateMachineUpdater] INFO  safemode.HealthyPipelineSafeModeRule (HealthyPipelineSafeModeRule.java:initializeRule(174)) - Refreshed total pipeline count is 0, healthy pipeline threshold count is 1
2025-04-24 14:02:14,670 [EventQueue-PipelineReportForPipelineReportHandler] INFO  pipeline.PipelineReportHandler (PipelineReportHandler.java:processPipelineReport(134)) - Opened pipeline PipelineID=6efddaeb-100b-42b4-a40f-3ffd5e9a8160
2025-04-24 14:02:14,670 [EventQueue-OpenPipelineForHealthyPipelineSafeModeRule] INFO  safemode.SCMSafeModeManager (HealthyPipelineSafeModeRule.java:process(141)) - SCM in safe mode. Healthy pipelines reported count is 0, required healthy pipeline reported count is 1
2025-04-24 14:02:14,673 [72381052-d1f9-4ca6-906c-6db4c7ca7d69-groupManagement] INFO  server.RaftServerConfigKeys (ConfUtils.java:logGet(46)) - raft.server.log.appender.buffer.byte-limit = 33554432 (custom)
2025-04-24 14:02:14,674 [72381052-d1f9-4ca6-906c-6db4c7ca7d69-groupManagement] INFO  server.RaftServerConfigKeys (ConfUtils.java:logGet(46)) - raft.server.log.unsafe-flush.enabled = false (default)
2025-04-24 14:02:14,674 [72381052-d1f9-4ca6-906c-6db4c7ca7d69-groupManagement] INFO  server.RaftServerConfigKeys (ConfUtils.java:logGet(46)) - raft.server.log.async-flush.enabled = false (default)
2025-04-24 14:02:14,674 [72381052-d1f9-4ca6-906c-6db4c7ca7d69-groupManagement] INFO  server.RaftServerConfigKeys (ConfUtils.java:logGet(46)) - raft.server.log.statemachine.data.caching.enabled = true (custom)
2025-04-24 14:02:14,674 [72381052-d1f9-4ca6-906c-6db4c7ca7d69-groupManagement] INFO  segmented.SegmentedRaftLogWorker (SegmentedRaftLogWorker.java:lambda$new$0(139)) - 72381052-d1f9-4ca6-906c-6db4c7ca7d69@group-3FFD5E9A8160-SegmentedRaftLogWorker: flushIndex: setUnconditionally 0 -> -1
2025-04-24 14:02:14,674 [72381052-d1f9-4ca6-906c-6db4c7ca7d69-groupManagement] INFO  segmented.SegmentedRaftLogWorker (SegmentedRaftLogWorker.java:lambda$new$0(139)) - 72381052-d1f9-4ca6-906c-6db4c7ca7d69@group-3FFD5E9A8160-SegmentedRaftLogWorker: safeCacheEvictIndex: setUnconditionally 0 -> -1
2025-04-24 14:02:14,674 [72381052-d1f9-4ca6-906c-6db4c7ca7d69-groupManagement] INFO  server.RaftServer$Division (RaftServerImpl.java:start(391)) - 72381052-d1f9-4ca6-906c-6db4c7ca7d69@group-3FFD5E9A8160: start as a follower, conf=conf: {index: -1, cur=peers:[72381052-d1f9-4ca6-906c-6db4c7ca7d69|127.0.0.1:15039]|listeners:[], old=null}
2025-04-24 14:02:14,674 [72381052-d1f9-4ca6-906c-6db4c7ca7d69-groupManagement] INFO  server.RaftServer$Division (RaftServerImpl.java:setRole(378)) - 72381052-d1f9-4ca6-906c-6db4c7ca7d69@group-3FFD5E9A8160: changes role from      null to FOLLOWER at term 0 for startAsFollower
2025-04-24 14:02:14,674 [72381052-d1f9-4ca6-906c-6db4c7ca7d69-groupManagement] INFO  impl.RoleInfo (RoleInfo.java:updateAndGet(148)) - 72381052-d1f9-4ca6-906c-6db4c7ca7d69: start 72381052-d1f9-4ca6-906c-6db4c7ca7d69@group-3FFD5E9A8160-FollowerState
2025-04-24 14:02:14,675 [72381052-d1f9-4ca6-906c-6db4c7ca7d69-groupManagement] INFO  util.JmxRegister (JmxRegister.java:tryRegister(44)) - Successfully registered JMX Bean with object name Ratis:service=RaftServer,group=group-3FFD5E9A8160,id=72381052-d1f9-4ca6-906c-6db4c7ca7d69
2025-04-24 14:02:14,675 [72381052-d1f9-4ca6-906c-6db4c7ca7d69-groupManagement] INFO  util.JmxRegister (JmxRegister.java:register(58)) - register mxBean class org.apache.ratis.server.impl.RaftServerJmxAdapter as Ratis:service=RaftServer,group=group-3FFD5E9A8160,id=72381052-d1f9-4ca6-906c-6db4c7ca7d69
2025-04-24 14:02:14,675 [72381052-d1f9-4ca6-906c-6db4c7ca7d69-groupManagement] INFO  server.RaftServerConfigKeys (ConfUtils.java:logGet(46)) - raft.server.snapshot.trigger-when-stop.enabled = true (default)
2025-04-24 14:02:14,675 [72381052-d1f9-4ca6-906c-6db4c7ca7d69-groupManagement] INFO  server.RaftServerConfigKeys (ConfUtils.java:logGet(46)) - raft.server.snapshot.trigger-when-remove.enabled = true (default)
2025-04-24 14:02:14,675 [72381052-d1f9-4ca6-906c-6db4c7ca7d69-groupManagement] INFO  server.RaftServerConfigKeys (ConfUtils.java:logGet(46)) - raft.server.snapshot.auto.trigger.enabled = true (custom)
2025-04-24 14:02:14,675 [72381052-d1f9-4ca6-906c-6db4c7ca7d69-groupManagement] INFO  server.RaftServerConfigKeys (ConfUtils.java:logGet(46)) - raft.server.snapshot.auto.trigger.threshold = 100000 (custom)
2025-04-24 14:02:14,675 [72381052-d1f9-4ca6-906c-6db4c7ca7d69-groupManagement] INFO  server.RaftServerConfigKeys (ConfUtils.java:logGet(46)) - raft.server.snapshot.retention.file.num = 5 (custom)
2025-04-24 14:02:14,675 [72381052-d1f9-4ca6-906c-6db4c7ca7d69-groupManagement] INFO  server.RaftServerConfigKeys (ConfUtils.java:logGet(46)) - raft.server.log.purge.upto.snapshot.index = false (default)
2025-04-24 14:02:14,676 [72381052-d1f9-4ca6-906c-6db4c7ca7d69@group-3FFD5E9A8160-FollowerState] INFO  server.RaftServerConfigKeys (ConfUtils.java:logGet(46)) - raft.server.rpc.first-election.timeout.min = 1000ms (custom)
2025-04-24 14:02:14,676 [72381052-d1f9-4ca6-906c-6db4c7ca7d69@group-3FFD5E9A8160-FollowerState] INFO  server.RaftServerConfigKeys (ConfUtils.java:logGet(46)) - raft.server.rpc.first-election.timeout.max = 1200ms (custom)
2025-04-24 14:02:14,676 [72381052-d1f9-4ca6-906c-6db4c7ca7d69-groupManagement] INFO  server.RaftServer$Division (RaftServerImpl.java:start(405)) - 72381052-d1f9-4ca6-906c-6db4c7ca7d69@group-3FFD5E9A8160: Successfully started.
2025-04-24 14:02:14,676 [72381052-d1f9-4ca6-906c-6db4c7ca7d69-PipelineCommandHandlerThread-0] INFO  ratis.XceiverServerRatis (XceiverServerRatis.java:addGroup(842)) - Created group PipelineID=6efddaeb-100b-42b4-a40f-3ffd5e9a8160
2025-04-24 14:02:14,676 [72381052-d1f9-4ca6-906c-6db4c7ca7d69-PipelineCommandHandlerThread-0] INFO  commandhandler.CreatePipelineCommandHandler (CreatePipelineCommandHandler.java:lambda$handle$2(128)) - Created Pipeline RATIS ONE PipelineID=6efddaeb-100b-42b4-a40f-3ffd5e9a8160.
2025-04-24 14:02:15,158 [main] INFO  ozone.MiniOzoneClusterImpl (MiniOzoneClusterImpl.java:lambda$waitForClusterToBeReady$0(190)) - Nodes are ready. Got 3 of 3 DN Heartbeats.
2025-04-24 14:02:15,158 [main] INFO  ozone.MiniOzoneClusterImpl (MiniOzoneClusterImpl.java:lambda$waitForClusterToBeReady$0(193)) - Waiting for cluster to exit safe mode
2025-04-24 14:02:15,158 [main] INFO  ozone.MiniOzoneClusterImpl (MiniOzoneClusterImpl.java:lambda$waitForClusterToBeReady$0(195)) - SCM became leader
2025-04-24 14:02:15,337 [b80db16c-5673-450c-b3ca-7f89ec301096@group-51F4859D1AA5-FollowerState] INFO  impl.FollowerState (FollowerState.java:runImpl(161)) - b80db16c-5673-450c-b3ca-7f89ec301096@group-51F4859D1AA5-FollowerState: change to CANDIDATE, lastRpcElapsedTime:1051747394ns, electionTimeout:1051ms
2025-04-24 14:02:15,337 [b80db16c-5673-450c-b3ca-7f89ec301096@group-51F4859D1AA5-FollowerState] INFO  impl.RoleInfo (RoleInfo.java:shutdownFollowerState(121)) - b80db16c-5673-450c-b3ca-7f89ec301096: shutdown b80db16c-5673-450c-b3ca-7f89ec301096@group-51F4859D1AA5-FollowerState
2025-04-24 14:02:15,338 [b80db16c-5673-450c-b3ca-7f89ec301096@group-51F4859D1AA5-FollowerState] INFO  server.RaftServer$Division (RaftServerImpl.java:setRole(378)) - b80db16c-5673-450c-b3ca-7f89ec301096@group-51F4859D1AA5: changes role from  FOLLOWER to CANDIDATE at term 0 for changeToCandidate
2025-04-24 14:02:15,338 [b80db16c-5673-450c-b3ca-7f89ec301096@group-51F4859D1AA5-FollowerState] INFO  server.RaftServerConfigKeys (ConfUtils.java:logGet(46)) - raft.server.leaderelection.pre-vote = true (default)
2025-04-24 14:02:15,338 [b80db16c-5673-450c-b3ca-7f89ec301096@group-51F4859D1AA5-FollowerState] INFO  impl.RoleInfo (RoleInfo.java:updateAndGet(148)) - b80db16c-5673-450c-b3ca-7f89ec301096: start b80db16c-5673-450c-b3ca-7f89ec301096@group-51F4859D1AA5-LeaderElection4
2025-04-24 14:02:15,338 [b80db16c-5673-450c-b3ca-7f89ec301096@group-51F4859D1AA5-LeaderElection4] INFO  impl.LeaderElection (LeaderElection.java:askForVotes(332)) - b80db16c-5673-450c-b3ca-7f89ec301096@group-51F4859D1AA5-LeaderElection4 PRE_VOTE round 0: submit vote requests at term 0 for conf: {index: -1, cur=peers:[b80db16c-5673-450c-b3ca-7f89ec301096|127.0.0.1:15023]|listeners:[], old=null}
2025-04-24 14:02:15,338 [b80db16c-5673-450c-b3ca-7f89ec301096@group-51F4859D1AA5-LeaderElection4] INFO  impl.LeaderElection (LeaderElection.java:askForVotes(334)) - b80db16c-5673-450c-b3ca-7f89ec301096@group-51F4859D1AA5-LeaderElection4 PRE_VOTE round 0: result PASSED (term=0)
2025-04-24 14:02:15,339 [b80db16c-5673-450c-b3ca-7f89ec301096@group-51F4859D1AA5-LeaderElection4] INFO  impl.LeaderElection (LeaderElection.java:askForVotes(332)) - b80db16c-5673-450c-b3ca-7f89ec301096@group-51F4859D1AA5-LeaderElection4 ELECTION round 0: submit vote requests at term 1 for conf: {index: -1, cur=peers:[b80db16c-5673-450c-b3ca-7f89ec301096|127.0.0.1:15023]|listeners:[], old=null}
2025-04-24 14:02:15,340 [b80db16c-5673-450c-b3ca-7f89ec301096@group-51F4859D1AA5-LeaderElection4] INFO  impl.LeaderElection (LeaderElection.java:askForVotes(334)) - b80db16c-5673-450c-b3ca-7f89ec301096@group-51F4859D1AA5-LeaderElection4 ELECTION round 0: result PASSED (term=1)
2025-04-24 14:02:15,340 [b80db16c-5673-450c-b3ca-7f89ec301096@group-51F4859D1AA5-LeaderElection4] INFO  impl.RoleInfo (RoleInfo.java:shutdownLeaderElection(141)) - b80db16c-5673-450c-b3ca-7f89ec301096: shutdown b80db16c-5673-450c-b3ca-7f89ec301096@group-51F4859D1AA5-LeaderElection4
2025-04-24 14:02:15,340 [b80db16c-5673-450c-b3ca-7f89ec301096@group-51F4859D1AA5-LeaderElection4] INFO  server.RaftServer$Division (RaftServerImpl.java:setRole(378)) - b80db16c-5673-450c-b3ca-7f89ec301096@group-51F4859D1AA5: changes role from CANDIDATE to LEADER at term 1 for changeToLeader
2025-04-24 14:02:15,340 [b80db16c-5673-450c-b3ca-7f89ec301096@group-51F4859D1AA5-LeaderElection4] INFO  server.RaftServerConfigKeys (ConfUtils.java:logGet(46)) - raft.server.staging.catchup.gap = 1000 (default)
2025-04-24 14:02:15,340 [b80db16c-5673-450c-b3ca-7f89ec301096@group-51F4859D1AA5-LeaderElection4] INFO  server.RaftServerConfigKeys (ConfUtils.java:logGet(46)) - raft.server.write.element-limit = 1024 (custom)
2025-04-24 14:02:15,340 [b80db16c-5673-450c-b3ca-7f89ec301096@group-51F4859D1AA5-LeaderElection4] INFO  server.RaftServerConfigKeys (ConfUtils.java:logGet(46)) - raft.server.write.byte-limit = 1024 M (=1073741824) (custom)
2025-04-24 14:02:15,340 [b80db16c-5673-450c-b3ca-7f89ec301096@group-51F4859D1AA5-LeaderElection4] INFO  server.RaftServerConfigKeys (ConfUtils.java:logGet(46)) - raft.server.watch.timeout = 30s (custom)
2025-04-24 14:02:15,341 [b80db16c-5673-450c-b3ca-7f89ec301096@group-51F4859D1AA5-LeaderElection4] INFO  server.RaftServerConfigKeys (ConfUtils.java:logGet(46)) - raft.server.watch.timeout.denomination = 1s (default)
2025-04-24 14:02:15,341 [b80db16c-5673-450c-b3ca-7f89ec301096@group-51F4859D1AA5-LeaderElection4] INFO  server.RaftServerConfigKeys (ConfUtils.java:logGet(46)) - raft.server.watch.element-limit = 65536 (default)
2025-04-24 14:02:15,341 [b80db16c-5673-450c-b3ca-7f89ec301096@group-51F4859D1AA5-LeaderElection4] INFO  server.RaftServerConfigKeys (ConfUtils.java:logGet(46)) - raft.server.read.leader.lease.enabled = false (default)
2025-04-24 14:02:15,341 [b80db16c-5673-450c-b3ca-7f89ec301096@group-51F4859D1AA5-LeaderElection4] INFO  server.RaftServerConfigKeys (ConfUtils.java:logGet(46)) - raft.server.read.leader.lease.timeout.ratio = 0.9 (default)
2025-04-24 14:02:15,341 [b80db16c-5673-450c-b3ca-7f89ec301096@group-51F4859D1AA5-LeaderElection4] INFO  server.RaftServerConfigKeys (ConfUtils.java:logGet(46)) - raft.server.rpc.timeout.min = 5s (custom)
2025-04-24 14:02:15,341 [b80db16c-5673-450c-b3ca-7f89ec301096@group-51F4859D1AA5-LeaderElection4] INFO  server.RaftServerConfigKeys (ConfUtils.java:logGet(46)) - raft.server.log.log-metadata.enabled = true (default)
2025-04-24 14:02:15,342 [b80db16c-5673-450c-b3ca-7f89ec301096@group-51F4859D1AA5-LeaderElection4] INFO  server.RaftServerConfigKeys (ConfUtils.java:logGet(46)) - raft.server.write.element-limit = 1024 (custom)
2025-04-24 14:02:15,342 [b80db16c-5673-450c-b3ca-7f89ec301096@group-51F4859D1AA5-LeaderElection4] INFO  server.RaftServerConfigKeys (ConfUtils.java:logGet(46)) - raft.server.write.follower.gap.ratio.max = -1.0 (default)
2025-04-24 14:02:15,342 [b80db16c-5673-450c-b3ca-7f89ec301096@group-51F4859D1AA5-LeaderElection4] INFO  impl.RoleInfo (RoleInfo.java:updateAndGet(148)) - b80db16c-5673-450c-b3ca-7f89ec301096: start b80db16c-5673-450c-b3ca-7f89ec301096@group-51F4859D1AA5-LeaderStateImpl
2025-04-24 14:02:15,342 [b80db16c-5673-450c-b3ca-7f89ec301096@group-51F4859D1AA5-LeaderElection4] INFO  server.RaftServer$Division (RaftServerImpl.java:setFirstElection(562)) - b80db16c-5673-450c-b3ca-7f89ec301096@group-51F4859D1AA5: set firstElectionSinceStartup to false for becomeLeader
2025-04-24 14:02:15,342 [b80db16c-5673-450c-b3ca-7f89ec301096@group-51F4859D1AA5-LeaderElection4] INFO  ratis.XceiverServerRatis (XceiverServerRatis.java:handleLeaderChangedNotification(942)) - Leader change notification received for group: group-51F4859D1AA5 with new leaderId: b80db16c-5673-450c-b3ca-7f89ec301096
2025-04-24 14:02:15,343 [b80db16c-5673-450c-b3ca-7f89ec301096@group-51F4859D1AA5-LeaderElection4] INFO  server.RaftServer$Division (ServerState.java:setLeader(272)) - b80db16c-5673-450c-b3ca-7f89ec301096@group-51F4859D1AA5: change Leader from null to b80db16c-5673-450c-b3ca-7f89ec301096 at term 1 for becomeLeader, leader elected after 1079ms
2025-04-24 14:02:15,343 [b80db16c-5673-450c-b3ca-7f89ec301096@group-51F4859D1AA5-LeaderElection4] INFO  segmented.SegmentedRaftLogWorker (SegmentedRaftLogWorker.java:startLogSegment(438)) - b80db16c-5673-450c-b3ca-7f89ec301096@group-51F4859D1AA5-SegmentedRaftLogWorker: Starting segment from index:0
2025-04-24 14:02:15,343 [b80db16c-5673-450c-b3ca-7f89ec301096@group-51F4859D1AA5-LeaderElection4] INFO  server.RaftServer$Division (ServerState.java:setRaftConf(386)) - b80db16c-5673-450c-b3ca-7f89ec301096@group-51F4859D1AA5: set configuration conf: {index: 0, cur=peers:[b80db16c-5673-450c-b3ca-7f89ec301096|127.0.0.1:15023]|listeners:[], old=null}
2025-04-24 14:02:15,344 [b80db16c-5673-450c-b3ca-7f89ec301096@group-51F4859D1AA5-SegmentedRaftLogWorker] INFO  segmented.BufferedWriteChannel (BufferedWriteChannel.java:open(61)) - open log_inprogress_0 at position 0
2025-04-24 14:02:15,345 [EventQueue-OpenPipelineForHealthyPipelineSafeModeRule] INFO  safemode.SCMSafeModeManager (HealthyPipelineSafeModeRule.java:process(141)) - SCM in safe mode. Healthy pipelines reported count is 0, required healthy pipeline reported count is 1
2025-04-24 14:02:15,353 [b80db16c-5673-450c-b3ca-7f89ec301096@group-51F4859D1AA5-SegmentedRaftLogWorker] INFO  segmented.SegmentedRaftLogWorker (SegmentedRaftLogWorker.java:execute(644)) - b80db16c-5673-450c-b3ca-7f89ec301096@group-51F4859D1AA5-SegmentedRaftLogWorker: created new log segment /home/runner/work/ozone/ozone/hadoop-ozone/integration-test/target/test-dir/MiniOzoneClusterImpl-4e6105ad-12bc-4f18-9d37-351d73277e17/ozone-meta/datanode-1/ratis/ce161e94-c1d5-4d9f-9e61-51f4859d1aa5/current/log_inprogress_0
2025-04-24 14:02:15,354 [b80db16c-5673-450c-b3ca-7f89ec301096@group-51F4859D1AA5-StateMachineUpdater] INFO  server.RaftServer$Division (LeaderStateImpl.java:checkStartIndex(313)) - Leader b80db16c-5673-450c-b3ca-7f89ec301096@group-51F4859D1AA5-LeaderStateImpl is ready since appliedIndex == startIndex == 0
2025-04-24 14:02:15,365 [b80db16c-5673-450c-b3ca-7f89ec301096@group-94051EF173A1-FollowerState] INFO  impl.FollowerState (FollowerState.java:runImpl(161)) - b80db16c-5673-450c-b3ca-7f89ec301096@group-94051EF173A1-FollowerState: change to CANDIDATE, lastRpcElapsedTime:1046268150ns, electionTimeout:1045ms
2025-04-24 14:02:15,365 [b80db16c-5673-450c-b3ca-7f89ec301096@group-94051EF173A1-FollowerState] INFO  impl.RoleInfo (RoleInfo.java:shutdownFollowerState(121)) - b80db16c-5673-450c-b3ca-7f89ec301096: shutdown b80db16c-5673-450c-b3ca-7f89ec301096@group-94051EF173A1-FollowerState
2025-04-24 14:02:15,365 [b80db16c-5673-450c-b3ca-7f89ec301096@group-94051EF173A1-FollowerState] INFO  server.RaftServer$Division (RaftServerImpl.java:setRole(378)) - b80db16c-5673-450c-b3ca-7f89ec301096@group-94051EF173A1: changes role from  FOLLOWER to CANDIDATE at term 0 for changeToCandidate
2025-04-24 14:02:15,365 [b80db16c-5673-450c-b3ca-7f89ec301096@group-94051EF173A1-FollowerState] INFO  server.RaftServerConfigKeys (ConfUtils.java:logGet(46)) - raft.server.leaderelection.pre-vote = true (default)
2025-04-24 14:02:15,366 [b80db16c-5673-450c-b3ca-7f89ec301096@group-94051EF173A1-FollowerState] INFO  impl.RoleInfo (RoleInfo.java:updateAndGet(148)) - b80db16c-5673-450c-b3ca-7f89ec301096: start b80db16c-5673-450c-b3ca-7f89ec301096@group-94051EF173A1-LeaderElection5
2025-04-24 14:02:15,366 [b80db16c-5673-450c-b3ca-7f89ec301096@group-94051EF173A1-LeaderElection5] INFO  impl.LeaderElection (LeaderElection.java:askForVotes(332)) - b80db16c-5673-450c-b3ca-7f89ec301096@group-94051EF173A1-LeaderElection5 PRE_VOTE round 0: submit vote requests at term 0 for conf: {index: -1, cur=peers:[b80db16c-5673-450c-b3ca-7f89ec301096|127.0.0.1:15023, 72381052-d1f9-4ca6-906c-6db4c7ca7d69|127.0.0.1:15039, aed9408d-e3c0-4aa9-9c6a-b698c50b685f|127.0.0.1:15031]|listeners:[], old=null}
2025-04-24 14:02:15,366 [b80db16c-5673-450c-b3ca-7f89ec301096@group-94051EF173A1-LeaderElection5-1] INFO  server.GrpcServerProtocolClient (GrpcServerProtocolClient.java:<init>(65)) - Build channel for 72381052-d1f9-4ca6-906c-6db4c7ca7d69|127.0.0.1:15039
2025-04-24 14:02:15,366 [b80db16c-5673-450c-b3ca-7f89ec301096@group-94051EF173A1-LeaderElection5-2] INFO  server.GrpcServerProtocolClient (GrpcServerProtocolClient.java:<init>(65)) - Build channel for aed9408d-e3c0-4aa9-9c6a-b698c50b685f|127.0.0.1:15031
2025-04-24 14:02:15,366 [b80db16c-5673-450c-b3ca-7f89ec301096@group-94051EF173A1-LeaderElection5] INFO  server.RaftServerConfigKeys (ConfUtils.java:logGet(46)) - raft.server.rpc.first-election.timeout.min = 1000ms (custom)
2025-04-24 14:02:15,367 [b80db16c-5673-450c-b3ca-7f89ec301096@group-94051EF173A1-LeaderElection5] INFO  server.RaftServerConfigKeys (ConfUtils.java:logGet(46)) - raft.server.rpc.first-election.timeout.max = 1200ms (custom)
2025-04-24 14:02:15,372 [grpc-default-executor-0] INFO  server.RaftServer$Division (RaftServerImpl.java:requestVote(1407)) - aed9408d-e3c0-4aa9-9c6a-b698c50b685f@group-94051EF173A1: receive requestVote(PRE_VOTE, b80db16c-5673-450c-b3ca-7f89ec301096, group-94051EF173A1, 0, (t:0, i:0))
2025-04-24 14:02:15,372 [grpc-default-executor-0] INFO  impl.VoteContext (VoteContext.java:log(49)) - aed9408d-e3c0-4aa9-9c6a-b698c50b685f@group-94051EF173A1-FOLLOWER: reject PRE_VOTE from b80db16c-5673-450c-b3ca-7f89ec301096: our priority 1 > candidate's priority 0
2025-04-24 14:02:15,372 [grpc-default-executor-0] INFO  server.RaftServer$Division (RaftServerImpl.java:requestVote(1441)) - aed9408d-e3c0-4aa9-9c6a-b698c50b685f@group-94051EF173A1 replies to PRE_VOTE vote request: b80db16c-5673-450c-b3ca-7f89ec301096<-aed9408d-e3c0-4aa9-9c6a-b698c50b685f#0:FAIL-t0. Peer's state: aed9408d-e3c0-4aa9-9c6a-b698c50b685f@group-94051EF173A1:t0, leader=null, voted=, raftlog=Memoized:aed9408d-e3c0-4aa9-9c6a-b698c50b685f@group-94051EF173A1-SegmentedRaftLog:OPENED:c-1:lastnull, conf=conf: {index: -1, cur=peers:[b80db16c-5673-450c-b3ca-7f89ec301096|127.0.0.1:15023, 72381052-d1f9-4ca6-906c-6db4c7ca7d69|127.0.0.1:15039, aed9408d-e3c0-4aa9-9c6a-b698c50b685f|127.0.0.1:15031]|listeners:[], old=null}
2025-04-24 14:02:15,373 [b80db16c-5673-450c-b3ca-7f89ec301096@group-94051EF173A1-LeaderElection5] INFO  impl.LeaderElection (LeaderElection.java:logAndReturn(90)) - b80db16c-5673-450c-b3ca-7f89ec301096@group-94051EF173A1-LeaderElection5: PRE_VOTE REJECTED received 1 response(s) and 0 exception(s):
2025-04-24 14:02:15,374 [b80db16c-5673-450c-b3ca-7f89ec301096@group-94051EF173A1-LeaderElection5] INFO  impl.LeaderElection (LeaderElection.java:logAndReturn(94)) -   Response 0: b80db16c-5673-450c-b3ca-7f89ec301096<-aed9408d-e3c0-4aa9-9c6a-b698c50b685f#0:FAIL-t0
2025-04-24 14:02:15,374 [b80db16c-5673-450c-b3ca-7f89ec301096@group-94051EF173A1-LeaderElection5] INFO  impl.LeaderElection (LeaderElection.java:askForVotes(334)) - b80db16c-5673-450c-b3ca-7f89ec301096@group-94051EF173A1-LeaderElection5 PRE_VOTE round 0: result REJECTED
2025-04-24 14:02:15,374 [b80db16c-5673-450c-b3ca-7f89ec301096@group-94051EF173A1-LeaderElection5] INFO  server.RaftServer$Division (RaftServerImpl.java:setRole(378)) - b80db16c-5673-450c-b3ca-7f89ec301096@group-94051EF173A1: changes role from CANDIDATE to FOLLOWER at term 0 for REJECTED
2025-04-24 14:02:15,374 [b80db16c-5673-450c-b3ca-7f89ec301096@group-94051EF173A1-LeaderElection5] INFO  impl.RoleInfo (RoleInfo.java:shutdownLeaderElection(141)) - b80db16c-5673-450c-b3ca-7f89ec301096: shutdown b80db16c-5673-450c-b3ca-7f89ec301096@group-94051EF173A1-LeaderElection5
2025-04-24 14:02:15,374 [b80db16c-5673-450c-b3ca-7f89ec301096@group-94051EF173A1-LeaderElection5] INFO  impl.RoleInfo (RoleInfo.java:updateAndGet(148)) - b80db16c-5673-450c-b3ca-7f89ec301096: start b80db16c-5673-450c-b3ca-7f89ec301096@group-94051EF173A1-FollowerState
2025-04-24 14:02:15,375 [grpc-default-executor-2] INFO  server.RaftServer$Division (RaftServerImpl.java:requestVote(1407)) - 72381052-d1f9-4ca6-906c-6db4c7ca7d69@group-94051EF173A1: receive requestVote(PRE_VOTE, b80db16c-5673-450c-b3ca-7f89ec301096, group-94051EF173A1, 0, (t:0, i:0))
2025-04-24 14:02:15,375 [grpc-default-executor-2] INFO  impl.VoteContext (VoteContext.java:log(49)) - 72381052-d1f9-4ca6-906c-6db4c7ca7d69@group-94051EF173A1-FOLLOWER: accept PRE_VOTE from b80db16c-5673-450c-b3ca-7f89ec301096: our priority 0 <= candidate's priority 0
2025-04-24 14:02:15,375 [grpc-default-executor-2] INFO  server.RaftServer$Division (RaftServerImpl.java:requestVote(1441)) - 72381052-d1f9-4ca6-906c-6db4c7ca7d69@group-94051EF173A1 replies to PRE_VOTE vote request: b80db16c-5673-450c-b3ca-7f89ec301096<-72381052-d1f9-4ca6-906c-6db4c7ca7d69#0:OK-t0. Peer's state: 72381052-d1f9-4ca6-906c-6db4c7ca7d69@group-94051EF173A1:t0, leader=null, voted=, raftlog=Memoized:72381052-d1f9-4ca6-906c-6db4c7ca7d69@group-94051EF173A1-SegmentedRaftLog:OPENED:c-1:lastnull, conf=conf: {index: -1, cur=peers:[b80db16c-5673-450c-b3ca-7f89ec301096|127.0.0.1:15023, 72381052-d1f9-4ca6-906c-6db4c7ca7d69|127.0.0.1:15039, aed9408d-e3c0-4aa9-9c6a-b698c50b685f|127.0.0.1:15031]|listeners:[], old=null}
2025-04-24 14:02:15,376 [b80db16c-5673-450c-b3ca-7f89ec301096@group-94051EF173A1-FollowerState] INFO  server.RaftServerConfigKeys (ConfUtils.java:logGet(46)) - raft.server.rpc.first-election.timeout.min = 1000ms (custom)
2025-04-24 14:02:15,376 [b80db16c-5673-450c-b3ca-7f89ec301096@group-94051EF173A1-FollowerState] INFO  server.RaftServerConfigKeys (ConfUtils.java:logGet(46)) - raft.server.rpc.first-election.timeout.max = 1200ms (custom)
2025-04-24 14:02:15,376 [b80db16c-5673-450c-b3ca-7f89ec301096@group-94051EF173A1-LeaderElection5] INFO  server.RaftServer$Division (RaftServerImpl.java:setFirstElection(562)) - b80db16c-5673-450c-b3ca-7f89ec301096@group-94051EF173A1: set firstElectionSinceStartup to false for REJECTED
2025-04-24 14:02:15,458 [aed9408d-e3c0-4aa9-9c6a-b698c50b685f-PipelineCommandHandlerThread-0] INFO  server.RaftServer (RaftServerProxy.java:addNew(100)) - aed9408d-e3c0-4aa9-9c6a-b698c50b685f: addNew group-B7738D5DBFED:[aed9408d-e3c0-4aa9-9c6a-b698c50b685f|127.0.0.1:15031] returns group-B7738D5DBFED:java.util.concurrent.CompletableFuture@4f468804[Not completed]
2025-04-24 14:02:15,460 [aed9408d-e3c0-4aa9-9c6a-b698c50b685f-groupManagement] INFO  server.RaftServer$Division (RaftServerImpl.java:<init>(255)) - aed9408d-e3c0-4aa9-9c6a-b698c50b685f: new RaftServerImpl for group-B7738D5DBFED:[aed9408d-e3c0-4aa9-9c6a-b698c50b685f|127.0.0.1:15031] with ContainerStateMachine:uninitialized
2025-04-24 14:02:15,460 [aed9408d-e3c0-4aa9-9c6a-b698c50b685f-groupManagement] INFO  server.RaftServerConfigKeys (ConfUtils.java:logGet(46)) - raft.server.rpc.timeout.min = 5s (custom)
2025-04-24 14:02:15,460 [aed9408d-e3c0-4aa9-9c6a-b698c50b685f-groupManagement] INFO  server.RaftServerConfigKeys (ConfUtils.java:logGet(46)) - raft.server.rpc.timeout.max = 5200ms (custom)
2025-04-24 14:02:15,460 [aed9408d-e3c0-4aa9-9c6a-b698c50b685f-groupManagement] INFO  server.RaftServerConfigKeys (ConfUtils.java:logGet(46)) - raft.server.rpc.sleep.time = 25ms (default)
2025-04-24 14:02:15,460 [aed9408d-e3c0-4aa9-9c6a-b698c50b685f-groupManagement] INFO  server.RaftServerConfigKeys (ConfUtils.java:logGet(46)) - raft.server.rpc.slowness.timeout = 300s (custom)
2025-04-24 14:02:15,460 [aed9408d-e3c0-4aa9-9c6a-b698c50b685f-groupManagement] INFO  server.RaftServerConfigKeys (ConfUtils.java:logGet(46)) - raft.server.leaderelection.leader.step-down.wait-time = 10s (default)
2025-04-24 14:02:15,460 [aed9408d-e3c0-4aa9-9c6a-b698c50b685f-groupManagement] INFO  server.RaftServerConfigKeys (ConfUtils.java:logGet(46)) - raft.server.leaderelection.member.majority-add = false (default)
2025-04-24 14:02:15,460 [aed9408d-e3c0-4aa9-9c6a-b698c50b685f-groupManagement] INFO  server.RaftServerConfigKeys (ConfUtils.java:logGet(46)) - raft.server.sleep.deviation.threshold = 300ms (default)
2025-04-24 14:02:15,460 [aed9408d-e3c0-4aa9-9c6a-b698c50b685f-groupManagement] INFO  server.RaftServer$Division (ServerState.java:<init>(114)) - aed9408d-e3c0-4aa9-9c6a-b698c50b685f@group-B7738D5DBFED: ConfigurationManager, init=conf: {index: -1, cur=peers:[aed9408d-e3c0-4aa9-9c6a-b698c50b685f|127.0.0.1:15031]|listeners:[], old=null}, confs=<EMPTY_MAP>
2025-04-24 14:02:15,460 [aed9408d-e3c0-4aa9-9c6a-b698c50b685f-groupManagement] INFO  server.RaftServerConfigKeys (ConfUtils.java:logGet(46)) - raft.server.notification.no-leader.timeout = 300s (custom)
2025-04-24 14:02:15,460 [aed9408d-e3c0-4aa9-9c6a-b698c50b685f-groupManagement] INFO  server.RaftServerConfigKeys (ConfUtils.java:logGet(46)) - raft.server.read.timeout = 10s (default)
2025-04-24 14:02:15,460 [aed9408d-e3c0-4aa9-9c6a-b698c50b685f-groupManagement] INFO  server.RaftServerConfigKeys (ConfUtils.java:logGet(46)) - raft.server.retrycache.expirytime = 600000ms (custom)
2025-04-24 14:02:15,460 [aed9408d-e3c0-4aa9-9c6a-b698c50b685f-groupManagement] INFO  server.RaftServerConfigKeys (ConfUtils.java:logGet(46)) - raft.server.retrycache.statistics.expirytime = 100ms (default)
2025-04-24 14:02:15,460 [aed9408d-e3c0-4aa9-9c6a-b698c50b685f-groupManagement] INFO  server.RaftServerConfigKeys (ConfUtils.java:logGet(46)) - raft.server.read.option = DEFAULT (default)
2025-04-24 14:02:15,461 [aed9408d-e3c0-4aa9-9c6a-b698c50b685f-groupManagement] INFO  server.RaftServerConfigKeys (ConfUtils.java:logGet(46)) - raft.server.read.read-after-write-consistent.write-index-cache.expiry-time = 60s (default)
2025-04-24 14:02:15,463 [aed9408d-e3c0-4aa9-9c6a-b698c50b685f-groupManagement] INFO  server.RaftServerConfigKeys (ConfUtils.java:logGet(46)) - raft.server.rpc.request.timeout = 60s (custom)
2025-04-24 14:02:15,464 [aed9408d-e3c0-4aa9-9c6a-b698c50b685f-groupManagement] INFO  server.RaftServerConfigKeys (ConfUtils.java:logGet(46)) - raft.server.log.appender.install.snapshot.enabled = false (custom)
2025-04-24 14:02:15,464 [aed9408d-e3c0-4aa9-9c6a-b698c50b685f-groupManagement] INFO  server.RaftServerConfigKeys (ConfUtils.java:logGet(46)) - raft.server.threadpool.server.cached = true (default)
2025-04-24 14:02:15,464 [aed9408d-e3c0-4aa9-9c6a-b698c50b685f-groupManagement] INFO  server.RaftServerConfigKeys (ConfUtils.java:logGet(46)) - raft.server.threadpool.server.size = 0 (default)
2025-04-24 14:02:15,464 [aed9408d-e3c0-4aa9-9c6a-b698c50b685f-groupManagement] INFO  server.RaftServerConfigKeys (ConfUtils.java:logGet(46)) - raft.server.threadpool.client.cached = true (default)
2025-04-24 14:02:15,464 [aed9408d-e3c0-4aa9-9c6a-b698c50b685f-groupManagement] INFO  server.RaftServerConfigKeys (ConfUtils.java:logGet(46)) - raft.server.threadpool.client.size = 0 (default)
2025-04-24 14:02:15,464 [aed9408d-e3c0-4aa9-9c6a-b698c50b685f-groupManagement] INFO  server.RaftServerConfigKeys (ConfUtils.java:logGet(46)) - raft.server.storage.free-space.min = 0MB (=0) (default)
2025-04-24 14:02:15,464 [aed9408d-e3c0-4aa9-9c6a-b698c50b685f-groupManagement] INFO  server.RaftServerConfigKeys (ConfUtils.java:logGet(46)) - raft.server.log.corruption.policy = EXCEPTION (default)
2025-04-24 14:02:15,464 [aed9408d-e3c0-4aa9-9c6a-b698c50b685f-groupManagement] INFO  server.RaftServerConfigKeys (ConfUtils.java:logGet(46)) - raft.server.storage.dir = [/home/runner/work/ozone/ozone/hadoop-ozone/integration-test/target/test-dir/MiniOzoneClusterImpl-4e6105ad-12bc-4f18-9d37-351d73277e17/ozone-meta/datanode-2/ratis] (custom)
2025-04-24 14:02:15,465 [aed9408d-e3c0-4aa9-9c6a-b698c50b685f-groupManagement] INFO  storage.RaftStorageDirectory (RaftStorageDirectoryImpl.java:analyzeStorage(138)) - The storage directory /home/runner/work/ozone/ozone/hadoop-ozone/integration-test/target/test-dir/MiniOzoneClusterImpl-4e6105ad-12bc-4f18-9d37-351d73277e17/ozone-meta/datanode-2/ratis/2d9d04ba-cee8-4066-b58c-b7738d5dbfed does not exist. Creating ...
2025-04-24 14:02:15,466 [aed9408d-e3c0-4aa9-9c6a-b698c50b685f-groupManagement] INFO  storage.RaftStorageDirectory (RaftStorageDirectoryImpl.java:tryLock(229)) - Lock on /home/runner/work/ozone/ozone/hadoop-ozone/integration-test/target/test-dir/MiniOzoneClusterImpl-4e6105ad-12bc-4f18-9d37-351d73277e17/ozone-meta/datanode-2/ratis/2d9d04ba-cee8-4066-b58c-b7738d5dbfed/in_use.lock acquired by nodename 129728@fv-az2210-761
2025-04-24 14:02:15,467 [aed9408d-e3c0-4aa9-9c6a-b698c50b685f-groupManagement] INFO  storage.RaftStorage (RaftStorageImpl.java:format(98)) - Storage directory /home/runner/work/ozone/ozone/hadoop-ozone/integration-test/target/test-dir/MiniOzoneClusterImpl-4e6105ad-12bc-4f18-9d37-351d73277e17/ozone-meta/datanode-2/ratis/2d9d04ba-cee8-4066-b58c-b7738d5dbfed has been successfully formatted.
2025-04-24 14:02:15,467 [aed9408d-e3c0-4aa9-9c6a-b698c50b685f-groupManagement] INFO  ratis.ContainerStateMachine (ContainerStateMachine.java:initialize(339)) - aed9408d-e3c0-4aa9-9c6a-b698c50b685f: initialize group-B7738D5DBFED
2025-04-24 14:02:15,467 [aed9408d-e3c0-4aa9-9c6a-b698c50b685f-groupManagement] INFO  ratis.ContainerStateMachine (ContainerStateMachine.java:loadSnapshot(347)) - group-B7738D5DBFED: The snapshot info is null. Setting the last applied index to:(t:0, i:~)
2025-04-24 14:02:15,467 [aed9408d-e3c0-4aa9-9c6a-b698c50b685f-groupManagement] INFO  server.RaftServerConfigKeys (ConfUtils.java:logGet(46)) - raft.server.log.use.memory = false (default)
2025-04-24 14:02:15,467 [aed9408d-e3c0-4aa9-9c6a-b698c50b685f-groupManagement] INFO  server.RaftServerConfigKeys (ConfUtils.java:logGet(46)) - raft.server.log.purge.gap = 1000000 (custom)
2025-04-24 14:02:15,467 [aed9408d-e3c0-4aa9-9c6a-b698c50b685f-groupManagement] INFO  server.RaftServerConfigKeys (ConfUtils.java:logGet(46)) - raft.server.log.appender.buffer.byte-limit = 33554432 (custom)
2025-04-24 14:02:15,468 [aed9408d-e3c0-4aa9-9c6a-b698c50b685f-groupManagement] INFO  server.RaftServerConfigKeys (ConfUtils.java:logGet(46)) - raft.server.log.statemachine.data.read.timeout = 1000ms (default)
2025-04-24 14:02:15,468 [aed9408d-e3c0-4aa9-9c6a-b698c50b685f-groupManagement] INFO  server.RaftServerConfigKeys (ConfUtils.java:logGet(46)) - raft.server.log.purge.preservation.log.num = 0 (default)
2025-04-24 14:02:15,469 [aed9408d-e3c0-4aa9-9c6a-b698c50b685f-groupManagement] INFO  server.RaftServerConfigKeys (ConfUtils.java:logGet(46)) - raft.server.log.segment.size.max = 67108864 (custom)
2025-04-24 14:02:15,470 [aed9408d-e3c0-4aa9-9c6a-b698c50b685f-groupManagement] INFO  server.RaftServerConfigKeys (ConfUtils.java:logGet(46)) - raft.server.log.segment.cache.num.max = 2 (custom)
2025-04-24 14:02:15,470 [aed9408d-e3c0-4aa9-9c6a-b698c50b685f-groupManagement] INFO  server.RaftServerConfigKeys (ConfUtils.java:logGet(46)) - raft.server.log.segment.cache.size.max = 200MB (=209715200) (default)
2025-04-24 14:02:15,470 [aed9408d-e3c0-4aa9-9c6a-b698c50b685f-groupManagement] INFO  server.RaftServerConfigKeys (ConfUtils.java:logGet(46)) - raft.server.log.appender.buffer.byte-limit = 33554432 (custom)
2025-04-24 14:02:15,470 [aed9408d-e3c0-4aa9-9c6a-b698c50b685f-groupManagement] INFO  util.AwaitToRun (AwaitToRun.java:start(81)) - Thread[#973,aed9408d-e3c0-4aa9-9c6a-b698c50b685f@group-B7738D5DBFED-cacheEviction-AwaitToRun,5,main] started
2025-04-24 14:02:15,471 [aed9408d-e3c0-4aa9-9c6a-b698c50b685f-groupManagement] INFO  segmented.SegmentedRaftLogWorker (SegmentedRaftLogWorker.java:<init>(188)) - new aed9408d-e3c0-4aa9-9c6a-b698c50b685f@group-B7738D5DBFED-SegmentedRaftLogWorker for RaftStorageImpl:Storage Directory /home/runner/work/ozone/ozone/hadoop-ozone/integration-test/target/test-dir/MiniOzoneClusterImpl-4e6105ad-12bc-4f18-9d37-351d73277e17/ozone-meta/datanode-2/ratis/2d9d04ba-cee8-4066-b58c-b7738d5dbfed
2025-04-24 14:02:15,471 [aed9408d-e3c0-4aa9-9c6a-b698c50b685f-groupManagement] INFO  server.RaftServerConfigKeys (ConfUtils.java:logGet(46)) - raft.server.log.queue.byte-limit = 4294967296 (custom)
2025-04-24 14:02:15,471 [aed9408d-e3c0-4aa9-9c6a-b698c50b685f-groupManagement] INFO  server.RaftServerConfigKeys (ConfUtils.java:logGet(46)) - raft.server.log.queue.element-limit = 1024 (custom)
2025-04-24 14:02:15,471 [aed9408d-e3c0-4aa9-9c6a-b698c50b685f-groupManagement] INFO  server.RaftServerConfigKeys (ConfUtils.java:logGet(46)) - raft.server.log.segment.size.max = 67108864 (custom)
2025-04-24 14:02:15,471 [aed9408d-e3c0-4aa9-9c6a-b698c50b685f-groupManagement] INFO  server.RaftServerConfigKeys (ConfUtils.java:logGet(46)) - raft.server.log.preallocated.size = 4194304 (custom)
2025-04-24 14:02:15,471 [aed9408d-e3c0-4aa9-9c6a-b698c50b685f-groupManagement] INFO  server.RaftServerConfigKeys (ConfUtils.java:logGet(46)) - raft.server.log.force.sync.num = 128 (default)
2025-04-24 14:02:15,471 [aed9408d-e3c0-4aa9-9c6a-b698c50b685f-groupManagement] INFO  server.RaftServerConfigKeys (ConfUtils.java:logGet(46)) - raft.server.log.statemachine.data.sync = true (default)
2025-04-24 14:02:15,471 [aed9408d-e3c0-4aa9-9c6a-b698c50b685f-groupManagement] INFO  server.RaftServerConfigKeys (ConfUtils.java:logGet(46)) - raft.server.log.statemachine.data.sync.timeout = 10s (default)
2025-04-24 14:02:15,471 [aed9408d-e3c0-4aa9-9c6a-b698c50b685f-groupManagement] INFO  server.RaftServerConfigKeys (ConfUtils.java:logGet(46)) - raft.server.log.statemachine.data.sync.timeout.retry = 30 (custom)
2025-04-24 14:02:15,472 [aed9408d-e3c0-4aa9-9c6a-b698c50b685f-groupManagement] INFO  server.RaftServerConfigKeys (ConfUtils.java:logGet(46)) - raft.server.log.write.buffer.size = 33554440 (custom)
2025-04-24 14:02:15,472 [c9ecfe4d-0892-4246-87fb-41e44738771b@group-351D73277E17-StateMachineUpdater] INFO  safemode.HealthyPipelineSafeModeRule (HealthyPipelineSafeModeRule.java:initializeRule(174)) - Refreshed total pipeline count is 0, healthy pipeline threshold count is 1
2025-04-24 14:02:15,472 [EventQueue-PipelineReportForPipelineReportHandler] INFO  pipeline.PipelineReportHandler (PipelineReportHandler.java:processPipelineReport(134)) - Opened pipeline PipelineID=2d9d04ba-cee8-4066-b58c-b7738d5dbfed
2025-04-24 14:02:15,472 [EventQueue-OpenPipelineForHealthyPipelineSafeModeRule] INFO  safemode.SCMSafeModeManager (HealthyPipelineSafeModeRule.java:process(141)) - SCM in safe mode. Healthy pipelines reported count is 0, required healthy pipeline reported count is 1
2025-04-24 14:02:15,477 [aed9408d-e3c0-4aa9-9c6a-b698c50b685f-groupManagement] INFO  server.RaftServerConfigKeys (ConfUtils.java:logGet(46)) - raft.server.log.appender.buffer.byte-limit = 33554432 (custom)
2025-04-24 14:02:15,478 [aed9408d-e3c0-4aa9-9c6a-b698c50b685f-groupManagement] INFO  server.RaftServerConfigKeys (ConfUtils.java:logGet(46)) - raft.server.log.unsafe-flush.enabled = false (default)
2025-04-24 14:02:15,478 [aed9408d-e3c0-4aa9-9c6a-b698c50b685f-groupManagement] INFO  server.RaftServerConfigKeys (ConfUtils.java:logGet(46)) - raft.server.log.async-flush.enabled = false (default)
2025-04-24 14:02:15,478 [aed9408d-e3c0-4aa9-9c6a-b698c50b685f-groupManagement] INFO  server.RaftServerConfigKeys (ConfUtils.java:logGet(46)) - raft.server.log.statemachine.data.caching.enabled = true (custom)
2025-04-24 14:02:15,478 [aed9408d-e3c0-4aa9-9c6a-b698c50b685f-groupManagement] INFO  segmented.SegmentedRaftLogWorker (SegmentedRaftLogWorker.java:lambda$new$0(139)) - aed9408d-e3c0-4aa9-9c6a-b698c50b685f@group-B7738D5DBFED-SegmentedRaftLogWorker: flushIndex: setUnconditionally 0 -> -1
2025-04-24 14:02:15,478 [aed9408d-e3c0-4aa9-9c6a-b698c50b685f-groupManagement] INFO  segmented.SegmentedRaftLogWorker (SegmentedRaftLogWorker.java:lambda$new$0(139)) - aed9408d-e3c0-4aa9-9c6a-b698c50b685f@group-B7738D5DBFED-SegmentedRaftLogWorker: safeCacheEvictIndex: setUnconditionally 0 -> -1
2025-04-24 14:02:15,478 [aed9408d-e3c0-4aa9-9c6a-b698c50b685f-groupManagement] INFO  server.RaftServer$Division (RaftServerImpl.java:start(391)) - aed9408d-e3c0-4aa9-9c6a-b698c50b685f@group-B7738D5DBFED: start as a follower, conf=conf: {index: -1, cur=peers:[aed9408d-e3c0-4aa9-9c6a-b698c50b685f|127.0.0.1:15031]|listeners:[], old=null}
2025-04-24 14:02:15,478 [aed9408d-e3c0-4aa9-9c6a-b698c50b685f-groupManagement] INFO  server.RaftServer$Division (RaftServerImpl.java:setRole(378)) - aed9408d-e3c0-4aa9-9c6a-b698c50b685f@group-B7738D5DBFED: changes role from      null to FOLLOWER at term 0 for startAsFollower
2025-04-24 14:02:15,479 [aed9408d-e3c0-4aa9-9c6a-b698c50b685f-groupManagement] INFO  impl.RoleInfo (RoleInfo.java:updateAndGet(148)) - aed9408d-e3c0-4aa9-9c6a-b698c50b685f: start aed9408d-e3c0-4aa9-9c6a-b698c50b685f@group-B7738D5DBFED-FollowerState
2025-04-24 14:02:15,479 [aed9408d-e3c0-4aa9-9c6a-b698c50b685f-groupManagement] INFO  util.JmxRegister (JmxRegister.java:tryRegister(44)) - Successfully registered JMX Bean with object name Ratis:service=RaftServer,group=group-B7738D5DBFED,id=aed9408d-e3c0-4aa9-9c6a-b698c50b685f
2025-04-24 14:02:15,479 [aed9408d-e3c0-4aa9-9c6a-b698c50b685f-groupManagement] INFO  util.JmxRegister (JmxRegister.java:register(58)) - register mxBean class org.apache.ratis.server.impl.RaftServerJmxAdapter as Ratis:service=RaftServer,group=group-B7738D5DBFED,id=aed9408d-e3c0-4aa9-9c6a-b698c50b685f
2025-04-24 14:02:15,479 [aed9408d-e3c0-4aa9-9c6a-b698c50b685f-groupManagement] INFO  server.RaftServerConfigKeys (ConfUtils.java:logGet(46)) - raft.server.snapshot.trigger-when-stop.enabled = true (default)
2025-04-24 14:02:15,479 [aed9408d-e3c0-4aa9-9c6a-b698c50b685f-groupManagement] INFO  server.RaftServerConfigKeys (ConfUtils.java:logGet(46)) - raft.server.snapshot.trigger-when-remove.enabled = true (default)
2025-04-24 14:02:15,479 [aed9408d-e3c0-4aa9-9c6a-b698c50b685f-groupManagement] INFO  server.RaftServerConfigKeys (ConfUtils.java:logGet(46)) - raft.server.snapshot.auto.trigger.enabled = true (custom)
2025-04-24 14:02:15,479 [aed9408d-e3c0-4aa9-9c6a-b698c50b685f-groupManagement] INFO  server.RaftServerConfigKeys (ConfUtils.java:logGet(46)) - raft.server.snapshot.auto.trigger.threshold = 100000 (custom)
2025-04-24 14:02:15,479 [aed9408d-e3c0-4aa9-9c6a-b698c50b685f-groupManagement] INFO  server.RaftServerConfigKeys (ConfUtils.java:logGet(46)) - raft.server.snapshot.retention.file.num = 5 (custom)
2025-04-24 14:02:15,479 [aed9408d-e3c0-4aa9-9c6a-b698c50b685f-groupManagement] INFO  server.RaftServerConfigKeys (ConfUtils.java:logGet(46)) - raft.server.log.purge.upto.snapshot.index = false (default)
2025-04-24 14:02:15,479 [aed9408d-e3c0-4aa9-9c6a-b698c50b685f@group-B7738D5DBFED-FollowerState] INFO  server.RaftServerConfigKeys (ConfUtils.java:logGet(46)) - raft.server.rpc.first-election.timeout.min = 1000ms (custom)
2025-04-24 14:02:15,479 [aed9408d-e3c0-4aa9-9c6a-b698c50b685f@group-B7738D5DBFED-FollowerState] INFO  server.RaftServerConfigKeys (ConfUtils.java:logGet(46)) - raft.server.rpc.first-election.timeout.max = 1200ms (custom)
2025-04-24 14:02:15,480 [aed9408d-e3c0-4aa9-9c6a-b698c50b685f-groupManagement] INFO  server.RaftServer$Division (RaftServerImpl.java:start(405)) - aed9408d-e3c0-4aa9-9c6a-b698c50b685f@group-B7738D5DBFED: Successfully started.
2025-04-24 14:02:15,480 [aed9408d-e3c0-4aa9-9c6a-b698c50b685f-PipelineCommandHandlerThread-0] INFO  ratis.XceiverServerRatis (XceiverServerRatis.java:addGroup(842)) - Created group PipelineID=2d9d04ba-cee8-4066-b58c-b7738d5dbfed
2025-04-24 14:02:15,480 [aed9408d-e3c0-4aa9-9c6a-b698c50b685f-PipelineCommandHandlerThread-0] INFO  commandhandler.CreatePipelineCommandHandler (CreatePipelineCommandHandler.java:lambda$handle$2(128)) - Created Pipeline RATIS ONE PipelineID=2d9d04ba-cee8-4066-b58c-b7738d5dbfed.
2025-04-24 14:02:15,488 [72381052-d1f9-4ca6-906c-6db4c7ca7d69@group-94051EF173A1-FollowerState] INFO  server.RaftServerConfigKeys (ConfUtils.java:logGet(46)) - raft.server.rpc.first-election.timeout.min = 1000ms (custom)
2025-04-24 14:02:15,488 [72381052-d1f9-4ca6-906c-6db4c7ca7d69@group-94051EF173A1-FollowerState] INFO  server.RaftServerConfigKeys (ConfUtils.java:logGet(46)) - raft.server.rpc.first-election.timeout.max = 1200ms (custom)
2025-04-24 14:02:15,574 [aed9408d-e3c0-4aa9-9c6a-b698c50b685f@group-94051EF173A1-FollowerState] INFO  impl.FollowerState (FollowerState.java:runImpl(161)) - aed9408d-e3c0-4aa9-9c6a-b698c50b685f@group-94051EF173A1-FollowerState: change to CANDIDATE, lastRpcElapsedTime:1137303891ns, electionTimeout:1136ms
2025-04-24 14:02:15,574 [aed9408d-e3c0-4aa9-9c6a-b698c50b685f@group-94051EF173A1-FollowerState] INFO  impl.RoleInfo (RoleInfo.java:shutdownFollowerState(121)) - aed9408d-e3c0-4aa9-9c6a-b698c50b685f: shutdown aed9408d-e3c0-4aa9-9c6a-b698c50b685f@group-94051EF173A1-FollowerState
2025-04-24 14:02:15,574 [aed9408d-e3c0-4aa9-9c6a-b698c50b685f@group-94051EF173A1-FollowerState] INFO  server.RaftServer$Division (RaftServerImpl.java:setRole(378)) - aed9408d-e3c0-4aa9-9c6a-b698c50b685f@group-94051EF173A1: changes role from  FOLLOWER to CANDIDATE at term 0 for changeToCandidate
2025-04-24 14:02:15,575 [aed9408d-e3c0-4aa9-9c6a-b698c50b685f@group-94051EF173A1-FollowerState] INFO  server.RaftServerConfigKeys (ConfUtils.java:logGet(46)) - raft.server.leaderelection.pre-vote = true (default)
2025-04-24 14:02:15,575 [aed9408d-e3c0-4aa9-9c6a-b698c50b685f@group-94051EF173A1-FollowerState] INFO  impl.RoleInfo (RoleInfo.java:updateAndGet(148)) - aed9408d-e3c0-4aa9-9c6a-b698c50b685f: start aed9408d-e3c0-4aa9-9c6a-b698c50b685f@group-94051EF173A1-LeaderElection6
2025-04-24 14:02:15,575 [aed9408d-e3c0-4aa9-9c6a-b698c50b685f@group-94051EF173A1-LeaderElection6] INFO  impl.LeaderElection (LeaderElection.java:askForVotes(332)) - aed9408d-e3c0-4aa9-9c6a-b698c50b685f@group-94051EF173A1-LeaderElection6 PRE_VOTE round 0: submit vote requests at term 0 for conf: {index: -1, cur=peers:[b80db16c-5673-450c-b3ca-7f89ec301096|127.0.0.1:15023, 72381052-d1f9-4ca6-906c-6db4c7ca7d69|127.0.0.1:15039, aed9408d-e3c0-4aa9-9c6a-b698c50b685f|127.0.0.1:15031]|listeners:[], old=null}
2025-04-24 14:02:15,575 [aed9408d-e3c0-4aa9-9c6a-b698c50b685f@group-94051EF173A1-LeaderElection6-1] INFO  server.GrpcServerProtocolClient (GrpcServerProtocolClient.java:<init>(65)) - Build channel for b80db16c-5673-450c-b3ca-7f89ec301096|127.0.0.1:15023
2025-04-24 14:02:15,576 [aed9408d-e3c0-4aa9-9c6a-b698c50b685f@group-94051EF173A1-LeaderElection6] INFO  server.RaftServerConfigKeys (ConfUtils.java:logGet(46)) - raft.server.rpc.first-election.timeout.min = 1000ms (custom)
2025-04-24 14:02:15,576 [aed9408d-e3c0-4aa9-9c6a-b698c50b685f@group-94051EF173A1-LeaderElection6] INFO  server.RaftServerConfigKeys (ConfUtils.java:logGet(46)) - raft.server.rpc.first-election.timeout.max = 1200ms (custom)
2025-04-24 14:02:15,576 [aed9408d-e3c0-4aa9-9c6a-b698c50b685f@group-94051EF173A1-LeaderElection6-2] INFO  server.GrpcServerProtocolClient (GrpcServerProtocolClient.java:<init>(65)) - Build channel for 72381052-d1f9-4ca6-906c-6db4c7ca7d69|127.0.0.1:15039
2025-04-24 14:02:15,580 [grpc-default-executor-4] INFO  server.RaftServer$Division (RaftServerImpl.java:requestVote(1407)) - 72381052-d1f9-4ca6-906c-6db4c7ca7d69@group-94051EF173A1: receive requestVote(PRE_VOTE, aed9408d-e3c0-4aa9-9c6a-b698c50b685f, group-94051EF173A1, 0, (t:0, i:0))
2025-04-24 14:02:15,581 [grpc-default-executor-4] INFO  impl.VoteContext (VoteContext.java:log(49)) - 72381052-d1f9-4ca6-906c-6db4c7ca7d69@group-94051EF173A1-FOLLOWER: accept PRE_VOTE from aed9408d-e3c0-4aa9-9c6a-b698c50b685f: our priority 0 <= candidate's priority 1
2025-04-24 14:02:15,581 [grpc-default-executor-4] INFO  server.RaftServer$Division (RaftServerImpl.java:requestVote(1441)) - 72381052-d1f9-4ca6-906c-6db4c7ca7d69@group-94051EF173A1 replies to PRE_VOTE vote request: aed9408d-e3c0-4aa9-9c6a-b698c50b685f<-72381052-d1f9-4ca6-906c-6db4c7ca7d69#0:OK-t0. Peer's state: 72381052-d1f9-4ca6-906c-6db4c7ca7d69@group-94051EF173A1:t0, leader=null, voted=, raftlog=Memoized:72381052-d1f9-4ca6-906c-6db4c7ca7d69@group-94051EF173A1-SegmentedRaftLog:OPENED:c-1:lastnull, conf=conf: {index: -1, cur=peers:[b80db16c-5673-450c-b3ca-7f89ec301096|127.0.0.1:15023, 72381052-d1f9-4ca6-906c-6db4c7ca7d69|127.0.0.1:15039, aed9408d-e3c0-4aa9-9c6a-b698c50b685f|127.0.0.1:15031]|listeners:[], old=null}
2025-04-24 14:02:15,581 [grpc-default-executor-2] INFO  server.RaftServer$Division (RaftServerImpl.java:requestVote(1407)) - b80db16c-5673-450c-b3ca-7f89ec301096@group-94051EF173A1: receive requestVote(PRE_VOTE, aed9408d-e3c0-4aa9-9c6a-b698c50b685f, group-94051EF173A1, 0, (t:0, i:0))
2025-04-24 14:02:15,581 [grpc-default-executor-2] INFO  impl.VoteContext (VoteContext.java:log(49)) - b80db16c-5673-450c-b3ca-7f89ec301096@group-94051EF173A1-FOLLOWER: accept PRE_VOTE from aed9408d-e3c0-4aa9-9c6a-b698c50b685f: our priority 0 <= candidate's priority 1
2025-04-24 14:02:15,581 [grpc-default-executor-2] INFO  server.RaftServer$Division (RaftServerImpl.java:requestVote(1441)) - b80db16c-5673-450c-b3ca-7f89ec301096@group-94051EF173A1 replies to PRE_VOTE vote request: aed9408d-e3c0-4aa9-9c6a-b698c50b685f<-b80db16c-5673-450c-b3ca-7f89ec301096#0:OK-t0. Peer's state: b80db16c-5673-450c-b3ca-7f89ec301096@group-94051EF173A1:t0, leader=null, voted=, raftlog=Memoized:b80db16c-5673-450c-b3ca-7f89ec301096@group-94051EF173A1-SegmentedRaftLog:OPENED:c-1:lastnull, conf=conf: {index: -1, cur=peers:[b80db16c-5673-450c-b3ca-7f89ec301096|127.0.0.1:15023, 72381052-d1f9-4ca6-906c-6db4c7ca7d69|127.0.0.1:15039, aed9408d-e3c0-4aa9-9c6a-b698c50b685f|127.0.0.1:15031]|listeners:[], old=null}
2025-04-24 14:02:15,582 [aed9408d-e3c0-4aa9-9c6a-b698c50b685f@group-94051EF173A1-LeaderElection6] INFO  impl.LeaderElection (LeaderElection.java:logAndReturn(90)) - aed9408d-e3c0-4aa9-9c6a-b698c50b685f@group-94051EF173A1-LeaderElection6: PRE_VOTE PASSED received 1 response(s) and 0 exception(s):
2025-04-24 14:02:15,582 [aed9408d-e3c0-4aa9-9c6a-b698c50b685f@group-94051EF173A1-LeaderElection6] INFO  impl.LeaderElection (LeaderElection.java:logAndReturn(94)) -   Response 0: aed9408d-e3c0-4aa9-9c6a-b698c50b685f<-b80db16c-5673-450c-b3ca-7f89ec301096#0:OK-t0
2025-04-24 14:02:15,582 [aed9408d-e3c0-4aa9-9c6a-b698c50b685f@group-94051EF173A1-LeaderElection6] INFO  impl.LeaderElection (LeaderElection.java:askForVotes(334)) - aed9408d-e3c0-4aa9-9c6a-b698c50b685f@group-94051EF173A1-LeaderElection6 PRE_VOTE round 0: result PASSED
2025-04-24 14:02:15,584 [aed9408d-e3c0-4aa9-9c6a-b698c50b685f@group-94051EF173A1-LeaderElection6] INFO  impl.LeaderElection (LeaderElection.java:askForVotes(332)) - aed9408d-e3c0-4aa9-9c6a-b698c50b685f@group-94051EF173A1-LeaderElection6 ELECTION round 0: submit vote requests at term 1 for conf: {index: -1, cur=peers:[b80db16c-5673-450c-b3ca-7f89ec301096|127.0.0.1:15023, 72381052-d1f9-4ca6-906c-6db4c7ca7d69|127.0.0.1:15039, aed9408d-e3c0-4aa9-9c6a-b698c50b685f|127.0.0.1:15031]|listeners:[], old=null}
2025-04-24 14:02:15,584 [aed9408d-e3c0-4aa9-9c6a-b698c50b685f@group-94051EF173A1-LeaderElection6] INFO  server.RaftServerConfigKeys (ConfUtils.java:logGet(46)) - raft.server.rpc.first-election.timeout.min = 1000ms (custom)
2025-04-24 14:02:15,584 [aed9408d-e3c0-4aa9-9c6a-b698c50b685f@group-94051EF173A1-LeaderElection6] INFO  server.RaftServerConfigKeys (ConfUtils.java:logGet(46)) - raft.server.rpc.first-election.timeout.max = 1200ms (custom)
2025-04-24 14:02:15,586 [grpc-default-executor-2] INFO  server.RaftServer$Division (RaftServerImpl.java:requestVote(1407)) - 72381052-d1f9-4ca6-906c-6db4c7ca7d69@group-94051EF173A1: receive requestVote(ELECTION, aed9408d-e3c0-4aa9-9c6a-b698c50b685f, group-94051EF173A1, 1, (t:0, i:0))
2025-04-24 14:02:15,586 [grpc-default-executor-4] INFO  server.RaftServer$Division (RaftServerImpl.java:requestVote(1407)) - b80db16c-5673-450c-b3ca-7f89ec301096@group-94051EF173A1: receive requestVote(ELECTION, aed9408d-e3c0-4aa9-9c6a-b698c50b685f, group-94051EF173A1, 1, (t:0, i:0))
2025-04-24 14:02:15,586 [grpc-default-executor-2] INFO  impl.VoteContext (VoteContext.java:log(49)) - 72381052-d1f9-4ca6-906c-6db4c7ca7d69@group-94051EF173A1-FOLLOWER: accept ELECTION from aed9408d-e3c0-4aa9-9c6a-b698c50b685f: our priority 0 <= candidate's priority 1
2025-04-24 14:02:15,586 [grpc-default-executor-4] INFO  impl.VoteContext (VoteContext.java:log(49)) - b80db16c-5673-450c-b3ca-7f89ec301096@group-94051EF173A1-FOLLOWER: accept ELECTION from aed9408d-e3c0-4aa9-9c6a-b698c50b685f: our priority 0 <= candidate's priority 1
2025-04-24 14:02:15,586 [grpc-default-executor-4] INFO  server.RaftServer$Division (RaftServerImpl.java:setRole(378)) - b80db16c-5673-450c-b3ca-7f89ec301096@group-94051EF173A1: changes role from  FOLLOWER to FOLLOWER at term 0 for candidate:aed9408d-e3c0-4aa9-9c6a-b698c50b685f
2025-04-24 14:02:15,586 [grpc-default-executor-4] INFO  impl.RoleInfo (RoleInfo.java:shutdownFollowerState(121)) - b80db16c-5673-450c-b3ca-7f89ec301096: shutdown b80db16c-5673-450c-b3ca-7f89ec301096@group-94051EF173A1-FollowerState
2025-04-24 14:02:15,586 [grpc-default-executor-4] INFO  impl.RoleInfo (RoleInfo.java:updateAndGet(148)) - b80db16c-5673-450c-b3ca-7f89ec301096: start b80db16c-5673-450c-b3ca-7f89ec301096@group-94051EF173A1-FollowerState
2025-04-24 14:02:15,586 [grpc-default-executor-2] INFO  server.RaftServer$Division (RaftServerImpl.java:setRole(378)) - 72381052-d1f9-4ca6-906c-6db4c7ca7d69@group-94051EF173A1: changes role from  FOLLOWER to FOLLOWER at term 0 for candidate:aed9408d-e3c0-4aa9-9c6a-b698c50b685f
2025-04-24 14:02:15,586 [grpc-default-executor-2] INFO  impl.RoleInfo (RoleInfo.java:shutdownFollowerState(121)) - 72381052-d1f9-4ca6-906c-6db4c7ca7d69: shutdown 72381052-d1f9-4ca6-906c-6db4c7ca7d69@group-94051EF173A1-FollowerState
2025-04-24 14:02:15,586 [grpc-default-executor-2] INFO  impl.RoleInfo (RoleInfo.java:updateAndGet(148)) - 72381052-d1f9-4ca6-906c-6db4c7ca7d69: start 72381052-d1f9-4ca6-906c-6db4c7ca7d69@group-94051EF173A1-FollowerState
2025-04-24 14:02:15,587 [b80db16c-5673-450c-b3ca-7f89ec301096@group-94051EF173A1-FollowerState] INFO  impl.FollowerState (FollowerState.java:runImpl(170)) - b80db16c-5673-450c-b3ca-7f89ec301096@group-94051EF173A1-FollowerState was interrupted
2025-04-24 14:02:15,587 [grpc-default-executor-2] INFO  server.RaftServer$Division (RaftServerImpl.java:setFirstElection(562)) - 72381052-d1f9-4ca6-906c-6db4c7ca7d69@group-94051EF173A1: set firstElectionSinceStartup to false for candidate:aed9408d-e3c0-4aa9-9c6a-b698c50b685f
2025-04-24 14:02:15,587 [72381052-d1f9-4ca6-906c-6db4c7ca7d69@group-94051EF173A1-FollowerState] INFO  impl.FollowerState (FollowerState.java:runImpl(170)) - 72381052-d1f9-4ca6-906c-6db4c7ca7d69@group-94051EF173A1-FollowerState was interrupted
2025-04-24 14:02:15,589 [grpc-default-executor-4] INFO  server.RaftServer$Division (RaftServerImpl.java:requestVote(1441)) - b80db16c-5673-450c-b3ca-7f89ec301096@group-94051EF173A1 replies to ELECTION vote request: aed9408d-e3c0-4aa9-9c6a-b698c50b685f<-b80db16c-5673-450c-b3ca-7f89ec301096#0:OK-t1. Peer's state: b80db16c-5673-450c-b3ca-7f89ec301096@group-94051EF173A1:t1, leader=null, voted=aed9408d-e3c0-4aa9-9c6a-b698c50b685f, raftlog=Memoized:b80db16c-5673-450c-b3ca-7f89ec301096@group-94051EF173A1-SegmentedRaftLog:OPENED:c-1:lastnull, conf=conf: {index: -1, cur=peers:[b80db16c-5673-450c-b3ca-7f89ec301096|127.0.0.1:15023, 72381052-d1f9-4ca6-906c-6db4c7ca7d69|127.0.0.1:15039, aed9408d-e3c0-4aa9-9c6a-b698c50b685f|127.0.0.1:15031]|listeners:[], old=null}
2025-04-24 14:02:15,589 [grpc-default-executor-2] INFO  server.RaftServer$Division (RaftServerImpl.java:requestVote(1441)) - 72381052-d1f9-4ca6-906c-6db4c7ca7d69@group-94051EF173A1 replies to ELECTION vote request: aed9408d-e3c0-4aa9-9c6a-b698c50b685f<-72381052-d1f9-4ca6-906c-6db4c7ca7d69#0:OK-t1. Peer's state: 72381052-d1f9-4ca6-906c-6db4c7ca7d69@group-94051EF173A1:t1, leader=null, voted=aed9408d-e3c0-4aa9-9c6a-b698c50b685f, raftlog=Memoized:72381052-d1f9-4ca6-906c-6db4c7ca7d69@group-94051EF173A1-SegmentedRaftLog:OPENED:c-1:lastnull, conf=conf: {index: -1, cur=peers:[b80db16c-5673-450c-b3ca-7f89ec301096|127.0.0.1:15023, 72381052-d1f9-4ca6-906c-6db4c7ca7d69|127.0.0.1:15039, aed9408d-e3c0-4aa9-9c6a-b698c50b685f|127.0.0.1:15031]|listeners:[], old=null}
2025-04-24 14:02:15,590 [aed9408d-e3c0-4aa9-9c6a-b698c50b685f@group-94051EF173A1-LeaderElection6] INFO  impl.LeaderElection (LeaderElection.java:logAndReturn(90)) - aed9408d-e3c0-4aa9-9c6a-b698c50b685f@group-94051EF173A1-LeaderElection6: ELECTION PASSED received 1 response(s) and 0 exception(s):
2025-04-24 14:02:15,590 [aed9408d-e3c0-4aa9-9c6a-b698c50b685f@group-94051EF173A1-LeaderElection6] INFO  impl.LeaderElection (LeaderElection.java:logAndReturn(94)) -   Response 0: aed9408d-e3c0-4aa9-9c6a-b698c50b685f<-b80db16c-5673-450c-b3ca-7f89ec301096#0:OK-t1
2025-04-24 14:02:15,590 [aed9408d-e3c0-4aa9-9c6a-b698c50b685f@group-94051EF173A1-LeaderElection6] INFO  impl.LeaderElection (LeaderElection.java:askForVotes(334)) - aed9408d-e3c0-4aa9-9c6a-b698c50b685f@group-94051EF173A1-LeaderElection6 ELECTION round 0: result PASSED
2025-04-24 14:02:15,590 [aed9408d-e3c0-4aa9-9c6a-b698c50b685f@group-94051EF173A1-LeaderElection6] INFO  impl.RoleInfo (RoleInfo.java:shutdownLeaderElection(141)) - aed9408d-e3c0-4aa9-9c6a-b698c50b685f: shutdown aed9408d-e3c0-4aa9-9c6a-b698c50b685f@group-94051EF173A1-LeaderElection6
2025-04-24 14:02:15,590 [aed9408d-e3c0-4aa9-9c6a-b698c50b685f@group-94051EF173A1-LeaderElection6] INFO  server.RaftServer$Division (RaftServerImpl.java:setRole(378)) - aed9408d-e3c0-4aa9-9c6a-b698c50b685f@group-94051EF173A1: changes role from CANDIDATE to LEADER at term 1 for changeToLeader
2025-04-24 14:02:15,590 [aed9408d-e3c0-4aa9-9c6a-b698c50b685f@group-94051EF173A1-LeaderElection6] INFO  server.RaftServerConfigKeys (ConfUtils.java:logGet(46)) - raft.server.staging.catchup.gap = 1000 (default)
2025-04-24 14:02:15,591 [aed9408d-e3c0-4aa9-9c6a-b698c50b685f@group-94051EF173A1-LeaderElection6] INFO  server.RaftServerConfigKeys (ConfUtils.java:logGet(46)) - raft.server.write.element-limit = 1024 (custom)
2025-04-24 14:02:15,591 [aed9408d-e3c0-4aa9-9c6a-b698c50b685f@group-94051EF173A1-LeaderElection6] INFO  server.RaftServerConfigKeys (ConfUtils.java:logGet(46)) - raft.server.write.byte-limit = 1024 M (=1073741824) (custom)
2025-04-24 14:02:15,591 [aed9408d-e3c0-4aa9-9c6a-b698c50b685f@group-94051EF173A1-LeaderElection6] INFO  server.RaftServerConfigKeys (ConfUtils.java:logGet(46)) - raft.server.watch.timeout = 30s (custom)
2025-04-24 14:02:15,591 [aed9408d-e3c0-4aa9-9c6a-b698c50b685f@group-94051EF173A1-LeaderElection6] INFO  server.RaftServerConfigKeys (ConfUtils.java:logGet(46)) - raft.server.watch.timeout.denomination = 1s (default)
2025-04-24 14:02:15,591 [aed9408d-e3c0-4aa9-9c6a-b698c50b685f@group-94051EF173A1-LeaderElection6] INFO  server.RaftServerConfigKeys (ConfUtils.java:logGet(46)) - raft.server.watch.element-limit = 65536 (default)
2025-04-24 14:02:15,592 [aed9408d-e3c0-4aa9-9c6a-b698c50b685f@group-94051EF173A1-LeaderElection6] INFO  server.RaftServerConfigKeys (ConfUtils.java:logGet(46)) - raft.server.read.leader.lease.enabled = false (default)
2025-04-24 14:02:15,592 [aed9408d-e3c0-4aa9-9c6a-b698c50b685f@group-94051EF173A1-LeaderElection6] INFO  server.RaftServerConfigKeys (ConfUtils.java:logGet(46)) - raft.server.read.leader.lease.timeout.ratio = 0.9 (default)
2025-04-24 14:02:15,592 [aed9408d-e3c0-4aa9-9c6a-b698c50b685f@group-94051EF173A1-LeaderElection6] INFO  server.RaftServerConfigKeys (ConfUtils.java:logGet(46)) - raft.server.rpc.timeout.min = 5s (custom)
2025-04-24 14:02:15,592 [aed9408d-e3c0-4aa9-9c6a-b698c50b685f@group-94051EF173A1-LeaderElection6] INFO  server.RaftServerConfigKeys (ConfUtils.java:logGet(46)) - raft.server.log.log-metadata.enabled = true (default)
2025-04-24 14:02:15,592 [aed9408d-e3c0-4aa9-9c6a-b698c50b685f@group-94051EF173A1-LeaderElection6] INFO  server.RaftServerConfigKeys (ConfUtils.java:logGet(46)) - raft.server.write.element-limit = 1024 (custom)
2025-04-24 14:02:15,592 [aed9408d-e3c0-4aa9-9c6a-b698c50b685f@group-94051EF173A1-LeaderElection6] INFO  server.RaftServerConfigKeys (ConfUtils.java:logGet(46)) - raft.server.write.follower.gap.ratio.max = -1.0 (default)
2025-04-24 14:02:15,592 [aed9408d-e3c0-4aa9-9c6a-b698c50b685f@group-94051EF173A1-LeaderElection6] INFO  server.RaftServerConfigKeys (ConfUtils.java:logGet(46)) - raft.server.log.appender.snapshot.chunk.size.max = 16MB (=16777216) (default)
2025-04-24 14:02:15,593 [aed9408d-e3c0-4aa9-9c6a-b698c50b685f@group-94051EF173A1-LeaderElection6] INFO  server.RaftServerConfigKeys (ConfUtils.java:logGet(46)) - raft.server.log.appender.buffer.byte-limit = 33554432 (custom)
2025-04-24 14:02:15,593 [aed9408d-e3c0-4aa9-9c6a-b698c50b685f@group-94051EF173A1-LeaderElection6] INFO  server.RaftServerConfigKeys (ConfUtils.java:logGet(46)) - raft.server.log.appender.buffer.element-limit = 1024 (custom)
2025-04-24 14:02:15,593 [aed9408d-e3c0-4aa9-9c6a-b698c50b685f@group-94051EF173A1-LeaderElection6] INFO  server.RaftServerConfigKeys (ConfUtils.java:logGet(46)) - raft.server.log.appender.wait-time.min = 0μs (custom)
2025-04-24 14:02:15,593 [aed9408d-e3c0-4aa9-9c6a-b698c50b685f@group-94051EF173A1-LeaderElection6] INFO  grpc.GrpcConfigKeys (ConfUtils.java:logGet(46)) - raft.grpc.server.leader.outstanding.appends.max = 8 (default)
2025-04-24 14:02:15,593 [aed9408d-e3c0-4aa9-9c6a-b698c50b685f@group-94051EF173A1-LeaderElection6] INFO  server.RaftServerConfigKeys (ConfUtils.java:logGet(46)) - raft.server.rpc.request.timeout = 60s (custom)
2025-04-24 14:02:15,594 [aed9408d-e3c0-4aa9-9c6a-b698c50b685f@group-94051EF173A1-LeaderElection6] INFO  grpc.GrpcConfigKeys (ConfUtils.java:logGet(46)) - raft.grpc.server.install_snapshot.request.element-limit = 8 (default)
2025-04-24 14:02:15,594 [aed9408d-e3c0-4aa9-9c6a-b698c50b685f@group-94051EF173A1-LeaderElection6] INFO  grpc.GrpcConfigKeys (ConfUtils.java:logGet(46)) - raft.grpc.server.install_snapshot.request.timeout = 3000ms (default)
2025-04-24 14:02:15,594 [aed9408d-e3c0-4aa9-9c6a-b698c50b685f@group-94051EF173A1-LeaderElection6] INFO  grpc.GrpcConfigKeys (ConfUtils.java:logGet(46)) - raft.grpc.server.log-message.batch.duration = 5s (default)
2025-04-24 14:02:15,594 [aed9408d-e3c0-4aa9-9c6a-b698c50b685f@group-94051EF173A1-LeaderElection6] INFO  server.RaftServerConfigKeys (ConfUtils.java:logGet(46)) - raft.server.log.appender.install.snapshot.enabled = false (custom)
2025-04-24 14:02:15,594 [aed9408d-e3c0-4aa9-9c6a-b698c50b685f@group-94051EF173A1-LeaderElection6] INFO  grpc.GrpcConfigKeys (ConfUtils.java:logGet(46)) - raft.grpc.server.heartbeat.channel = true (default)
2025-04-24 14:02:15,596 [aed9408d-e3c0-4aa9-9c6a-b698c50b685f@group-94051EF173A1-LeaderElection6] INFO  server.RaftServerConfigKeys (ConfUtils.java:logGet(46)) - raft.server.log.appender.snapshot.chunk.size.max = 16MB (=16777216) (default)
2025-04-24 14:02:15,596 [aed9408d-e3c0-4aa9-9c6a-b698c50b685f@group-94051EF173A1-LeaderElection6] INFO  server.RaftServerConfigKeys (ConfUtils.java:logGet(46)) - raft.server.log.appender.buffer.byte-limit = 33554432 (custom)
2025-04-24 14:02:15,596 [aed9408d-e3c0-4aa9-9c6a-b698c50b685f@group-94051EF173A1-LeaderElection6] INFO  server.RaftServerConfigKeys (ConfUtils.java:logGet(46)) - raft.server.log.appender.buffer.element-limit = 1024 (custom)
2025-04-24 14:02:15,596 [aed9408d-e3c0-4aa9-9c6a-b698c50b685f@group-94051EF173A1-LeaderElection6] INFO  server.RaftServerConfigKeys (ConfUtils.java:logGet(46)) - raft.server.log.appender.wait-time.min = 0μs (custom)
2025-04-24 14:02:15,596 [aed9408d-e3c0-4aa9-9c6a-b698c50b685f@group-94051EF173A1-LeaderElection6] INFO  grpc.GrpcConfigKeys (ConfUtils.java:logGet(46)) - raft.grpc.server.leader.outstanding.appends.max = 8 (default)
2025-04-24 14:02:15,596 [aed9408d-e3c0-4aa9-9c6a-b698c50b685f@group-94051EF173A1-LeaderElection6] INFO  server.RaftServerConfigKeys (ConfUtils.java:logGet(46)) - raft.server.rpc.request.timeout = 60s (custom)
2025-04-24 14:02:15,597 [aed9408d-e3c0-4aa9-9c6a-b698c50b685f@group-94051EF173A1-LeaderElection6] INFO  grpc.GrpcConfigKeys (ConfUtils.java:logGet(46)) - raft.grpc.server.install_snapshot.request.element-limit = 8 (default)
2025-04-24 14:02:15,597 [aed9408d-e3c0-4aa9-9c6a-b698c50b685f@group-94051EF173A1-LeaderElection6] INFO  grpc.GrpcConfigKeys (ConfUtils.java:logGet(46)) - raft.grpc.server.install_snapshot.request.timeout = 3000ms (default)
2025-04-24 14:02:15,597 [aed9408d-e3c0-4aa9-9c6a-b698c50b685f@group-94051EF173A1-LeaderElection6] INFO  grpc.GrpcConfigKeys (ConfUtils.java:logGet(46)) - raft.grpc.server.log-message.batch.duration = 5s (default)
2025-04-24 14:02:15,597 [aed9408d-e3c0-4aa9-9c6a-b698c50b685f@group-94051EF173A1-LeaderElection6] INFO  server.RaftServerConfigKeys (ConfUtils.java:logGet(46)) - raft.server.log.appender.install.snapshot.enabled = false (custom)
2025-04-24 14:02:15,597 [aed9408d-e3c0-4aa9-9c6a-b698c50b685f@group-94051EF173A1-LeaderElection6] INFO  grpc.GrpcConfigKeys (ConfUtils.java:logGet(46)) - raft.grpc.server.heartbeat.channel = true (default)
2025-04-24 14:02:15,597 [aed9408d-e3c0-4aa9-9c6a-b698c50b685f@group-94051EF173A1-LeaderElection6] INFO  impl.RoleInfo (RoleInfo.java:updateAndGet(148)) - aed9408d-e3c0-4aa9-9c6a-b698c50b685f: start aed9408d-e3c0-4aa9-9c6a-b698c50b685f@group-94051EF173A1-LeaderStateImpl
2025-04-24 14:02:15,597 [aed9408d-e3c0-4aa9-9c6a-b698c50b685f@group-94051EF173A1-LeaderElection6] INFO  server.RaftServer$Division (RaftServerImpl.java:setFirstElection(562)) - aed9408d-e3c0-4aa9-9c6a-b698c50b685f@group-94051EF173A1: set firstElectionSinceStartup to false for becomeLeader
2025-04-24 14:02:15,597 [aed9408d-e3c0-4aa9-9c6a-b698c50b685f@group-94051EF173A1-LeaderElection6] INFO  ratis.XceiverServerRatis (XceiverServerRatis.java:handleLeaderChangedNotification(942)) - Leader change notification received for group: group-94051EF173A1 with new leaderId: aed9408d-e3c0-4aa9-9c6a-b698c50b685f
2025-04-24 14:02:15,598 [aed9408d-e3c0-4aa9-9c6a-b698c50b685f@group-94051EF173A1-LeaderElection6] INFO  server.RaftServer$Division (ServerState.java:setLeader(272)) - aed9408d-e3c0-4aa9-9c6a-b698c50b685f@group-94051EF173A1: change Leader from null to aed9408d-e3c0-4aa9-9c6a-b698c50b685f at term 1 for becomeLeader, leader elected after 1180ms
2025-04-24 14:02:15,598 [aed9408d-e3c0-4aa9-9c6a-b698c50b685f@group-94051EF173A1-LeaderElection6] INFO  segmented.SegmentedRaftLogWorker (SegmentedRaftLogWorker.java:startLogSegment(438)) - aed9408d-e3c0-4aa9-9c6a-b698c50b685f@group-94051EF173A1-SegmentedRaftLogWorker: Starting segment from index:0
2025-04-24 14:02:15,598 [aed9408d-e3c0-4aa9-9c6a-b698c50b685f@group-94051EF173A1-LeaderElection6] INFO  server.RaftServer$Division (ServerState.java:setRaftConf(386)) - aed9408d-e3c0-4aa9-9c6a-b698c50b685f@group-94051EF173A1: set configuration conf: {index: 0, cur=peers:[b80db16c-5673-450c-b3ca-7f89ec301096|127.0.0.1:15023, 72381052-d1f9-4ca6-906c-6db4c7ca7d69|127.0.0.1:15039, aed9408d-e3c0-4aa9-9c6a-b698c50b685f|127.0.0.1:15031]|listeners:[], old=null}
2025-04-24 14:02:15,599 [aed9408d-e3c0-4aa9-9c6a-b698c50b685f@group-94051EF173A1-SegmentedRaftLogWorker] INFO  segmented.BufferedWriteChannel (BufferedWriteChannel.java:open(61)) - open log_inprogress_0 at position 0
2025-04-24 14:02:15,600 [EventQueue-OpenPipelineForHealthyPipelineSafeModeRule] INFO  safemode.SCMSafeModeManager (HealthyPipelineSafeModeRule.java:process(141)) - SCM in safe mode. Healthy pipelines reported count is 0, required healthy pipeline reported count is 1
2025-04-24 14:02:15,602 [b80db16c-5673-450c-b3ca-7f89ec301096@group-5E7736B872A8-FollowerState] INFO  impl.FollowerState (FollowerState.java:runImpl(161)) - b80db16c-5673-450c-b3ca-7f89ec301096@group-5E7736B872A8-FollowerState: change to CANDIDATE, lastRpcElapsedTime:1137284451ns, electionTimeout:1136ms
2025-04-24 14:02:15,603 [b80db16c-5673-450c-b3ca-7f89ec301096@group-5E7736B872A8-FollowerState] INFO  impl.RoleInfo (RoleInfo.java:shutdownFollowerState(121)) - b80db16c-5673-450c-b3ca-7f89ec301096: shutdown b80db16c-5673-450c-b3ca-7f89ec301096@group-5E7736B872A8-FollowerState
2025-04-24 14:02:15,603 [b80db16c-5673-450c-b3ca-7f89ec301096@group-5E7736B872A8-FollowerState] INFO  server.RaftServer$Division (RaftServerImpl.java:setRole(378)) - b80db16c-5673-450c-b3ca-7f89ec301096@group-5E7736B872A8: changes role from  FOLLOWER to CANDIDATE at term 0 for changeToCandidate
2025-04-24 14:02:15,604 [b80db16c-5673-450c-b3ca-7f89ec301096@group-5E7736B872A8-FollowerState] INFO  server.RaftServerConfigKeys (ConfUtils.java:logGet(46)) - raft.server.leaderelection.pre-vote = true (default)
2025-04-24 14:02:15,604 [b80db16c-5673-450c-b3ca-7f89ec301096@group-5E7736B872A8-FollowerState] INFO  impl.RoleInfo (RoleInfo.java:updateAndGet(148)) - b80db16c-5673-450c-b3ca-7f89ec301096: start b80db16c-5673-450c-b3ca-7f89ec301096@group-5E7736B872A8-LeaderElection7
2025-04-24 14:02:15,605 [b80db16c-5673-450c-b3ca-7f89ec301096@group-5E7736B872A8-LeaderElection7] INFO  impl.LeaderElection (LeaderElection.java:askForVotes(332)) - b80db16c-5673-450c-b3ca-7f89ec301096@group-5E7736B872A8-LeaderElection7 PRE_VOTE round 0: submit vote requests at term 0 for conf: {index: -1, cur=peers:[b80db16c-5673-450c-b3ca-7f89ec301096|127.0.0.1:15023, 72381052-d1f9-4ca6-906c-6db4c7ca7d69|127.0.0.1:15039, aed9408d-e3c0-4aa9-9c6a-b698c50b685f|127.0.0.1:15031]|listeners:[], old=null}
2025-04-24 14:02:15,603 [c9ecfe4d-0892-4246-87fb-41e44738771b@group-351D73277E17-StateMachineUpdater] INFO  safemode.HealthyPipelineSafeModeRule (HealthyPipelineSafeModeRule.java:initializeRule(174)) - Refreshed total pipeline count is 1, healthy pipeline threshold count is 1
2025-04-24 14:02:15,606 [b80db16c-5673-450c-b3ca-7f89ec301096@group-5E7736B872A8-LeaderElection7] INFO  server.RaftServerConfigKeys (ConfUtils.java:logGet(46)) - raft.server.rpc.first-election.timeout.min = 1000ms (custom)
2025-04-24 14:02:15,606 [b80db16c-5673-450c-b3ca-7f89ec301096@group-5E7736B872A8-LeaderElection7] INFO  server.RaftServerConfigKeys (ConfUtils.java:logGet(46)) - raft.server.rpc.first-election.timeout.max = 1200ms (custom)
2025-04-24 14:02:15,607 [EventQueue-PipelineReportForPipelineReportHandler] INFO  pipeline.PipelineReportHandler (PipelineReportHandler.java:processPipelineReport(134)) - Opened pipeline PipelineID=91f13965-56ff-4f44-929d-94051ef173a1
2025-04-24 14:02:15,608 [72381052-d1f9-4ca6-906c-6db4c7ca7d69@group-5E7736B872A8-FollowerState] INFO  impl.FollowerState (FollowerState.java:runImpl(161)) - 72381052-d1f9-4ca6-906c-6db4c7ca7d69@group-5E7736B872A8-FollowerState: change to CANDIDATE, lastRpcElapsedTime:1101853421ns, electionTimeout:1101ms
2025-04-24 14:02:15,608 [grpc-default-executor-0] INFO  server.RaftServer$Division (RaftServerImpl.java:requestVote(1407)) - 72381052-d1f9-4ca6-906c-6db4c7ca7d69@group-5E7736B872A8: receive requestVote(PRE_VOTE, b80db16c-5673-450c-b3ca-7f89ec301096, group-5E7736B872A8, 0, (t:0, i:0))
2025-04-24 14:02:15,608 [EventQueue-OpenPipelineForHealthyPipelineSafeModeRule] INFO  safemode.SCMSafeModeManager (HealthyPipelineSafeModeRule.java:process(141)) - SCM in safe mode. Healthy pipelines reported count is 1, required healthy pipeline reported count is 1
2025-04-24 14:02:15,608 [72381052-d1f9-4ca6-906c-6db4c7ca7d69@group-5E7736B872A8-FollowerState] INFO  impl.RoleInfo (RoleInfo.java:shutdownFollowerState(121)) - 72381052-d1f9-4ca6-906c-6db4c7ca7d69: shutdown 72381052-d1f9-4ca6-906c-6db4c7ca7d69@group-5E7736B872A8-FollowerState
2025-04-24 14:02:15,608 [EventQueue-OpenPipelineForHealthyPipelineSafeModeRule] INFO  safemode.SCMSafeModeManager (SCMSafeModeManager.java:validateSafeModeExitRules(186)) - HealthyPipelineSafeModeRule rule is successfully validated
2025-04-24 14:02:15,608 [72381052-d1f9-4ca6-906c-6db4c7ca7d69@group-5E7736B872A8-FollowerState] INFO  server.RaftServer$Division (RaftServerImpl.java:setRole(378)) - 72381052-d1f9-4ca6-906c-6db4c7ca7d69@group-5E7736B872A8: changes role from  FOLLOWER to CANDIDATE at term 0 for changeToCandidate
2025-04-24 14:02:15,608 [EventQueue-OpenPipelineForHealthyPipelineSafeModeRule] INFO  safemode.SCMSafeModeManager (SCMSafeModeManager.java:validateSafeModeExitRules(201)) - ScmSafeModeManager, all rules are successfully validated
2025-04-24 14:02:15,608 [72381052-d1f9-4ca6-906c-6db4c7ca7d69@group-5E7736B872A8-FollowerState] INFO  server.RaftServerConfigKeys (ConfUtils.java:logGet(46)) - raft.server.leaderelection.pre-vote = true (default)
2025-04-24 14:02:15,609 [EventQueue-OpenPipelineForHealthyPipelineSafeModeRule] INFO  safemode.SCMSafeModeManager (SCMSafeModeManager.java:exitSafeMode(231)) - SCM exiting safe mode.
2025-04-24 14:02:15,609 [72381052-d1f9-4ca6-906c-6db4c7ca7d69@group-5E7736B872A8-FollowerState] INFO  impl.RoleInfo (RoleInfo.java:updateAndGet(148)) - 72381052-d1f9-4ca6-906c-6db4c7ca7d69: start 72381052-d1f9-4ca6-906c-6db4c7ca7d69@group-5E7736B872A8-LeaderElection8
2025-04-24 14:02:15,609 [EventQueue-OpenPipelineForHealthyPipelineSafeModeRule] INFO  ha.SCMContext (SCMContext.java:updateSafeModeStatus(224)) - Update SafeModeStatus from SafeModeStatus{safeModeStatus=true, preCheckPassed=true} to SafeModeStatus{safeModeStatus=false, preCheckPassed=true}.
2025-04-24 14:02:15,609 [EventQueue-OpenPipelineForHealthyPipelineSafeModeRule] INFO  BackgroundPipelineScrubber (BackgroundSCMService.java:notifyStatusChanged(78)) - Service BackgroundPipelineScrubber transitions to RUNNING.
2025-04-24 14:02:15,609 [EventQueue-OpenPipelineForHealthyPipelineSafeModeRule] INFO  ExpiredContainerReplicaOpScrubber (BackgroundSCMService.java:notifyStatusChanged(78)) - Service ExpiredContainerReplicaOpScrubber transitions to RUNNING.
2025-04-24 14:02:15,609 [grpc-default-executor-0] INFO  impl.VoteContext (VoteContext.java:log(49)) - 72381052-d1f9-4ca6-906c-6db4c7ca7d69@group-5E7736B872A8-CANDIDATE: accept PRE_VOTE from b80db16c-5673-450c-b3ca-7f89ec301096: our priority 0 <= candidate's priority 1
2025-04-24 14:02:15,611 [grpc-default-executor-0] INFO  server.RaftServer$Division (RaftServerImpl.java:requestVote(1441)) - 72381052-d1f9-4ca6-906c-6db4c7ca7d69@group-5E7736B872A8 replies to PRE_VOTE vote request: b80db16c-5673-450c-b3ca-7f89ec301096<-72381052-d1f9-4ca6-906c-6db4c7ca7d69#0:OK-t0. Peer's state: 72381052-d1f9-4ca6-906c-6db4c7ca7d69@group-5E7736B872A8:t0, leader=null, voted=, raftlog=Memoized:72381052-d1f9-4ca6-906c-6db4c7ca7d69@group-5E7736B872A8-SegmentedRaftLog:OPENED:c-1:lastnull, conf=conf: {index: -1, cur=peers:[b80db16c-5673-450c-b3ca-7f89ec301096|127.0.0.1:15023, 72381052-d1f9-4ca6-906c-6db4c7ca7d69|127.0.0.1:15039, aed9408d-e3c0-4aa9-9c6a-b698c50b685f|127.0.0.1:15031]|listeners:[], old=null}
2025-04-24 14:02:15,611 [EventQueue-OpenPipelineForHealthyPipelineSafeModeRule] INFO  block.SCMBlockDeletingService (SCMBlockDeletingService.java:notifyStatusChanged(250)) - notifyStatusChanged:RUNNING
2025-04-24 14:02:15,612 [EventQueue-OpenPipelineForHealthyPipelineSafeModeRule] INFO  replication.ReplicationManager (ReplicationManager.java:notifyStatusChanged(1386)) - Service ReplicationManager transitions to RUNNING.
2025-04-24 14:02:15,613 [b80db16c-5673-450c-b3ca-7f89ec301096@group-5E7736B872A8-LeaderElection7] INFO  impl.LeaderElection (LeaderElection.java:logAndReturn(90)) - b80db16c-5673-450c-b3ca-7f89ec301096@group-5E7736B872A8-LeaderElection7: PRE_VOTE PASSED received 1 response(s) and 0 exception(s):
2025-04-24 14:02:15,613 [b80db16c-5673-450c-b3ca-7f89ec301096@group-5E7736B872A8-LeaderElection7] INFO  impl.LeaderElection (LeaderElection.java:logAndReturn(94)) -   Response 0: b80db16c-5673-450c-b3ca-7f89ec301096<-72381052-d1f9-4ca6-906c-6db4c7ca7d69#0:OK-t0
2025-04-24 14:02:15,614 [72381052-d1f9-4ca6-906c-6db4c7ca7d69@group-5E7736B872A8-LeaderElection8] INFO  impl.LeaderElection (LeaderElection.java:askForVotes(332)) - 72381052-d1f9-4ca6-906c-6db4c7ca7d69@group-5E7736B872A8-LeaderElection8 PRE_VOTE round 0: submit vote requests at term 0 for conf: {index: -1, cur=peers:[b80db16c-5673-450c-b3ca-7f89ec301096|127.0.0.1:15023, 72381052-d1f9-4ca6-906c-6db4c7ca7d69|127.0.0.1:15039, aed9408d-e3c0-4aa9-9c6a-b698c50b685f|127.0.0.1:15031]|listeners:[], old=null}
2025-04-24 14:02:15,614 [72381052-d1f9-4ca6-906c-6db4c7ca7d69-server-thread1] INFO  ratis.XceiverServerRatis (XceiverServerRatis.java:handleLeaderChangedNotification(942)) - Leader change notification received for group: group-94051EF173A1 with new leaderId: aed9408d-e3c0-4aa9-9c6a-b698c50b685f
2025-04-24 14:02:15,615 [72381052-d1f9-4ca6-906c-6db4c7ca7d69-server-thread1] INFO  server.RaftServer$Division (ServerState.java:setLeader(272)) - 72381052-d1f9-4ca6-906c-6db4c7ca7d69@group-94051EF173A1: change Leader from null to aed9408d-e3c0-4aa9-9c6a-b698c50b685f at term 1 for appendEntries, leader elected after 1249ms
2025-04-24 14:02:15,615 [grpc-default-executor-4] INFO  server.RaftServer$Division (RaftServerImpl.java:requestVote(1407)) - aed9408d-e3c0-4aa9-9c6a-b698c50b685f@group-5E7736B872A8: receive requestVote(PRE_VOTE, b80db16c-5673-450c-b3ca-7f89ec301096, group-5E7736B872A8, 0, (t:0, i:0))
2025-04-24 14:02:15,615 [grpc-default-executor-4] INFO  impl.VoteContext (VoteContext.java:log(49)) - aed9408d-e3c0-4aa9-9c6a-b698c50b685f@group-5E7736B872A8-FOLLOWER: accept PRE_VOTE from b80db16c-5673-450c-b3ca-7f89ec301096: our priority 0 <= candidate's priority 1
2025-04-24 14:02:15,615 [grpc-default-executor-4] INFO  server.RaftServer$Division (RaftServerImpl.java:requestVote(1441)) - aed9408d-e3c0-4aa9-9c6a-b698c50b685f@group-5E7736B872A8 replies to PRE_VOTE vote request: b80db16c-5673-450c-b3ca-7f89ec301096<-aed9408d-e3c0-4aa9-9c6a-b698c50b685f#0:OK-t0. Peer's state: aed9408d-e3c0-4aa9-9c6a-b698c50b685f@group-5E7736B872A8:t0, leader=null, voted=, raftlog=Memoized:aed9408d-e3c0-4aa9-9c6a-b698c50b685f@group-5E7736B872A8-SegmentedRaftLog:OPENED:c-1:lastnull, conf=conf: {index: -1, cur=peers:[b80db16c-5673-450c-b3ca-7f89ec301096|127.0.0.1:15023, 72381052-d1f9-4ca6-906c-6db4c7ca7d69|127.0.0.1:15039, aed9408d-e3c0-4aa9-9c6a-b698c50b685f|127.0.0.1:15031]|listeners:[], old=null}
2025-04-24 14:02:15,615 [aed9408d-e3c0-4aa9-9c6a-b698c50b685f@group-94051EF173A1-SegmentedRaftLogWorker] INFO  segmented.SegmentedRaftLogWorker (SegmentedRaftLogWorker.java:execute(644)) - aed9408d-e3c0-4aa9-9c6a-b698c50b685f@group-94051EF173A1-SegmentedRaftLogWorker: created new log segment /home/runner/work/ozone/ozone/hadoop-ozone/integration-test/target/test-dir/MiniOzoneClusterImpl-4e6105ad-12bc-4f18-9d37-351d73277e17/ozone-meta/datanode-2/ratis/91f13965-56ff-4f44-929d-94051ef173a1/current/log_inprogress_0
2025-04-24 14:02:15,615 [b80db16c-5673-450c-b3ca-7f89ec301096@group-5E7736B872A8-LeaderElection7] INFO  impl.LeaderElection (LeaderElection.java:askForVotes(334)) - b80db16c-5673-450c-b3ca-7f89ec301096@group-5E7736B872A8-LeaderElection7 PRE_VOTE round 0: result PASSED
2025-04-24 14:02:15,616 [72381052-d1f9-4ca6-906c-6db4c7ca7d69@group-5E7736B872A8-LeaderElection8-1] INFO  server.GrpcServerProtocolClient (GrpcServerProtocolClient.java:<init>(65)) - Build channel for b80db16c-5673-450c-b3ca-7f89ec301096|127.0.0.1:15023
2025-04-24 14:02:15,616 [72381052-d1f9-4ca6-906c-6db4c7ca7d69@group-5E7736B872A8-LeaderElection8] INFO  server.RaftServerConfigKeys (ConfUtils.java:logGet(46)) - raft.server.rpc.first-election.timeout.min = 1000ms (custom)
2025-04-24 14:02:15,617 [72381052-d1f9-4ca6-906c-6db4c7ca7d69@group-5E7736B872A8-LeaderElection8] INFO  server.RaftServerConfigKeys (ConfUtils.java:logGet(46)) - raft.server.rpc.first-election.timeout.max = 1200ms (custom)
2025-04-24 14:02:15,617 [b80db16c-5673-450c-b3ca-7f89ec301096@group-5E7736B872A8-LeaderElection7] INFO  impl.LeaderElection (LeaderElection.java:askForVotes(332)) - b80db16c-5673-450c-b3ca-7f89ec301096@group-5E7736B872A8-LeaderElection7 ELECTION round 0: submit vote requests at term 1 for conf: {index: -1, cur=peers:[b80db16c-5673-450c-b3ca-7f89ec301096|127.0.0.1:15023, 72381052-d1f9-4ca6-906c-6db4c7ca7d69|127.0.0.1:15039, aed9408d-e3c0-4aa9-9c6a-b698c50b685f|127.0.0.1:15031]|listeners:[], old=null}
2025-04-24 14:02:15,617 [72381052-d1f9-4ca6-906c-6db4c7ca7d69@group-5E7736B872A8-LeaderElection8-2] INFO  server.GrpcServerProtocolClient (GrpcServerProtocolClient.java:<init>(65)) - Build channel for aed9408d-e3c0-4aa9-9c6a-b698c50b685f|127.0.0.1:15031
2025-04-24 14:02:15,620 [b80db16c-5673-450c-b3ca-7f89ec301096@group-5E7736B872A8-LeaderElection7] INFO  server.RaftServerConfigKeys (ConfUtils.java:logGet(46)) - raft.server.rpc.first-election.timeout.min = 1000ms (custom)
2025-04-24 14:02:15,620 [b80db16c-5673-450c-b3ca-7f89ec301096@group-5E7736B872A8-LeaderElection7] INFO  server.RaftServerConfigKeys (ConfUtils.java:logGet(46)) - raft.server.rpc.first-election.timeout.max = 1200ms (custom)
2025-04-24 14:02:15,621 [72381052-d1f9-4ca6-906c-6db4c7ca7d69-server-thread3] INFO  server.RaftServer$Division (ServerState.java:setRaftConf(386)) - 72381052-d1f9-4ca6-906c-6db4c7ca7d69@group-94051EF173A1: set configuration conf: {index: 0, cur=peers:[b80db16c-5673-450c-b3ca-7f89ec301096|127.0.0.1:15023, 72381052-d1f9-4ca6-906c-6db4c7ca7d69|127.0.0.1:15039, aed9408d-e3c0-4aa9-9c6a-b698c50b685f|127.0.0.1:15031]|listeners:[], old=null}
2025-04-24 14:02:15,621 [72381052-d1f9-4ca6-906c-6db4c7ca7d69-server-thread3] INFO  segmented.SegmentedRaftLogWorker (SegmentedRaftLogWorker.java:startLogSegment(438)) - 72381052-d1f9-4ca6-906c-6db4c7ca7d69@group-94051EF173A1-SegmentedRaftLogWorker: Starting segment from index:0
2025-04-24 14:02:15,622 [b80db16c-5673-450c-b3ca-7f89ec301096-server-thread1] INFO  ratis.XceiverServerRatis (XceiverServerRatis.java:handleLeaderChangedNotification(942)) - Leader change notification received for group: group-94051EF173A1 with new leaderId: aed9408d-e3c0-4aa9-9c6a-b698c50b685f
2025-04-24 14:02:15,624 [grpc-default-executor-3] INFO  server.RaftServer$Division (RaftServerImpl.java:requestVote(1407)) - aed9408d-e3c0-4aa9-9c6a-b698c50b685f@group-5E7736B872A8: receive requestVote(ELECTION, b80db16c-5673-450c-b3ca-7f89ec301096, group-5E7736B872A8, 1, (t:0, i:0))
2025-04-24 14:02:15,624 [grpc-default-executor-3] INFO  impl.VoteContext (VoteContext.java:log(49)) - aed9408d-e3c0-4aa9-9c6a-b698c50b685f@group-5E7736B872A8-FOLLOWER: accept ELECTION from b80db16c-5673-450c-b3ca-7f89ec301096: our priority 0 <= candidate's priority 1
2025-04-24 14:02:15,624 [grpc-default-executor-3] INFO  server.RaftServer$Division (RaftServerImpl.java:setRole(378)) - aed9408d-e3c0-4aa9-9c6a-b698c50b685f@group-5E7736B872A8: changes role from  FOLLOWER to FOLLOWER at term 0 for candidate:b80db16c-5673-450c-b3ca-7f89ec301096
2025-04-24 14:02:15,624 [grpc-default-executor-3] INFO  impl.RoleInfo (RoleInfo.java:shutdownFollowerState(121)) - aed9408d-e3c0-4aa9-9c6a-b698c50b685f: shutdown aed9408d-e3c0-4aa9-9c6a-b698c50b685f@group-5E7736B872A8-FollowerState
2025-04-24 14:02:15,624 [grpc-default-executor-3] INFO  impl.RoleInfo (RoleInfo.java:updateAndGet(148)) - aed9408d-e3c0-4aa9-9c6a-b698c50b685f: start aed9408d-e3c0-4aa9-9c6a-b698c50b685f@group-5E7736B872A8-FollowerState
2025-04-24 14:02:15,623 [EventQueue-OpenPipelineForHealthyPipelineSafeModeRule] WARN  balancer.ContainerBalancer (ContainerBalancer.java:shouldRun(134)) - Could not find persisted configuration for ContainerBalancer when checking if ContainerBalancer should run. ContainerBalancer should not run now.
2025-04-24 14:02:15,623 [72381052-d1f9-4ca6-906c-6db4c7ca7d69@group-94051EF173A1-SegmentedRaftLogWorker] INFO  segmented.BufferedWriteChannel (BufferedWriteChannel.java:open(61)) - open log_inprogress_0 at position 0
2025-04-24 14:02:15,625 [grpc-default-executor-4] INFO  server.RaftServer$Division (RaftServerImpl.java:requestVote(1407)) - 72381052-d1f9-4ca6-906c-6db4c7ca7d69@group-5E7736B872A8: receive requestVote(ELECTION, b80db16c-5673-450c-b3ca-7f89ec301096, group-5E7736B872A8, 1, (t:0, i:0))
2025-04-24 14:02:15,625 [grpc-default-executor-4] INFO  impl.VoteContext (VoteContext.java:log(49)) - 72381052-d1f9-4ca6-906c-6db4c7ca7d69@group-5E7736B872A8-CANDIDATE: accept ELECTION from b80db16c-5673-450c-b3ca-7f89ec301096: our priority 0 <= candidate's priority 1
2025-04-24 14:02:15,625 [grpc-default-executor-4] INFO  server.RaftServer$Division (RaftServerImpl.java:setRole(378)) - 72381052-d1f9-4ca6-906c-6db4c7ca7d69@group-5E7736B872A8: changes role from CANDIDATE to FOLLOWER at term 0 for candidate:b80db16c-5673-450c-b3ca-7f89ec301096
2025-04-24 14:02:15,625 [grpc-default-executor-4] INFO  impl.RoleInfo (RoleInfo.java:shutdownLeaderElection(141)) - 72381052-d1f9-4ca6-906c-6db4c7ca7d69: shutdown 72381052-d1f9-4ca6-906c-6db4c7ca7d69@group-5E7736B872A8-LeaderElection8
2025-04-24 14:02:15,625 [grpc-default-executor-4] INFO  impl.RoleInfo (RoleInfo.java:updateAndGet(148)) - 72381052-d1f9-4ca6-906c-6db4c7ca7d69: start 72381052-d1f9-4ca6-906c-6db4c7ca7d69@group-5E7736B872A8-FollowerState
2025-04-24 14:02:15,624 [EventQueue-OpenPipelineForHealthyPipelineSafeModeRule] INFO  SCMHATransactionMonitor (BackgroundSCMService.java:notifyStatusChanged(78)) - Service SCMHATransactionMonitor transitions to RUNNING.
2025-04-24 14:02:15,624 [b80db16c-5673-450c-b3ca-7f89ec301096-server-thread1] INFO  server.RaftServer$Division (ServerState.java:setLeader(272)) - b80db16c-5673-450c-b3ca-7f89ec301096@group-94051EF173A1: change Leader from null to aed9408d-e3c0-4aa9-9c6a-b698c50b685f at term 1 for appendEntries, leader elected after 1326ms
2025-04-24 14:02:15,626 [b80db16c-5673-450c-b3ca-7f89ec301096-server-thread1] INFO  server.RaftServer$Division (ServerState.java:setRaftConf(386)) - b80db16c-5673-450c-b3ca-7f89ec301096@group-94051EF173A1: set configuration conf: {index: 0, cur=peers:[b80db16c-5673-450c-b3ca-7f89ec301096|127.0.0.1:15023, 72381052-d1f9-4ca6-906c-6db4c7ca7d69|127.0.0.1:15039, aed9408d-e3c0-4aa9-9c6a-b698c50b685f|127.0.0.1:15031]|listeners:[], old=null}
2025-04-24 14:02:15,626 [b80db16c-5673-450c-b3ca-7f89ec301096-server-thread1] INFO  segmented.SegmentedRaftLogWorker (SegmentedRaftLogWorker.java:startLogSegment(438)) - b80db16c-5673-450c-b3ca-7f89ec301096@group-94051EF173A1-SegmentedRaftLogWorker: Starting segment from index:0
2025-04-24 14:02:15,625 [aed9408d-e3c0-4aa9-9c6a-b698c50b685f@group-5E7736B872A8-FollowerState] INFO  impl.FollowerState (FollowerState.java:runImpl(170)) - aed9408d-e3c0-4aa9-9c6a-b698c50b685f@group-5E7736B872A8-FollowerState was interrupted
2025-04-24 14:02:15,627 [b80db16c-5673-450c-b3ca-7f89ec301096@group-94051EF173A1-SegmentedRaftLogWorker] INFO  segmented.BufferedWriteChannel (BufferedWriteChannel.java:open(61)) - open log_inprogress_0 at position 0
2025-04-24 14:02:15,627 [72381052-d1f9-4ca6-906c-6db4c7ca7d69@group-5E7736B872A8-FollowerState] INFO  server.RaftServerConfigKeys (ConfUtils.java:logGet(46)) - raft.server.rpc.first-election.timeout.min = 1000ms (custom)
2025-04-24 14:02:15,627 [72381052-d1f9-4ca6-906c-6db4c7ca7d69@group-5E7736B872A8-FollowerState] INFO  server.RaftServerConfigKeys (ConfUtils.java:logGet(46)) - raft.server.rpc.first-election.timeout.max = 1200ms (custom)
2025-04-24 14:02:15,627 [grpc-default-executor-4] INFO  server.RaftServer$Division (RaftServerImpl.java:setFirstElection(562)) - 72381052-d1f9-4ca6-906c-6db4c7ca7d69@group-5E7736B872A8: set firstElectionSinceStartup to false for candidate:b80db16c-5673-450c-b3ca-7f89ec301096
2025-04-24 14:02:15,629 [grpc-default-executor-3] INFO  server.RaftServer$Division (RaftServerImpl.java:setFirstElection(562)) - aed9408d-e3c0-4aa9-9c6a-b698c50b685f@group-5E7736B872A8: set firstElectionSinceStartup to false for candidate:b80db16c-5673-450c-b3ca-7f89ec301096
2025-04-24 14:02:15,630 [grpc-default-executor-4] INFO  server.RaftServer$Division (RaftServerImpl.java:requestVote(1441)) - 72381052-d1f9-4ca6-906c-6db4c7ca7d69@group-5E7736B872A8 replies to ELECTION vote request: b80db16c-5673-450c-b3ca-7f89ec301096<-72381052-d1f9-4ca6-906c-6db4c7ca7d69#0:OK-t1. Peer's state: 72381052-d1f9-4ca6-906c-6db4c7ca7d69@group-5E7736B872A8:t1, leader=null, voted=b80db16c-5673-450c-b3ca-7f89ec301096, raftlog=Memoized:72381052-d1f9-4ca6-906c-6db4c7ca7d69@group-5E7736B872A8-SegmentedRaftLog:OPENED:c-1:lastnull, conf=conf: {index: -1, cur=peers:[b80db16c-5673-450c-b3ca-7f89ec301096|127.0.0.1:15023, 72381052-d1f9-4ca6-906c-6db4c7ca7d69|127.0.0.1:15039, aed9408d-e3c0-4aa9-9c6a-b698c50b685f|127.0.0.1:15031]|listeners:[], old=null}
2025-04-24 14:02:15,631 [grpc-default-executor-0] INFO  server.RaftServer$Division (RaftServerImpl.java:requestVote(1407)) - aed9408d-e3c0-4aa9-9c6a-b698c50b685f@group-5E7736B872A8: receive requestVote(PRE_VOTE, 72381052-d1f9-4ca6-906c-6db4c7ca7d69, group-5E7736B872A8, 0, (t:0, i:0))
2025-04-24 14:02:15,631 [grpc-default-executor-3] INFO  server.RaftServer$Division (RaftServerImpl.java:requestVote(1441)) - aed9408d-e3c0-4aa9-9c6a-b698c50b685f@group-5E7736B872A8 replies to ELECTION vote request: b80db16c-5673-450c-b3ca-7f89ec301096<-aed9408d-e3c0-4aa9-9c6a-b698c50b685f#0:OK-t1. Peer's state: aed9408d-e3c0-4aa9-9c6a-b698c50b685f@group-5E7736B872A8:t1, leader=null, voted=b80db16c-5673-450c-b3ca-7f89ec301096, raftlog=Memoized:aed9408d-e3c0-4aa9-9c6a-b698c50b685f@group-5E7736B872A8-SegmentedRaftLog:OPENED:c-1:lastnull, conf=conf: {index: -1, cur=peers:[b80db16c-5673-450c-b3ca-7f89ec301096|127.0.0.1:15023, 72381052-d1f9-4ca6-906c-6db4c7ca7d69|127.0.0.1:15039, aed9408d-e3c0-4aa9-9c6a-b698c50b685f|127.0.0.1:15031]|listeners:[], old=null}
2025-04-24 14:02:15,632 [grpc-default-executor-1] INFO  server.RaftServer$Division (RaftServerImpl.java:requestVote(1407)) - b80db16c-5673-450c-b3ca-7f89ec301096@group-5E7736B872A8: receive requestVote(PRE_VOTE, 72381052-d1f9-4ca6-906c-6db4c7ca7d69, group-5E7736B872A8, 0, (t:0, i:0))
2025-04-24 14:02:15,632 [grpc-default-executor-1] INFO  impl.VoteContext (VoteContext.java:log(49)) - b80db16c-5673-450c-b3ca-7f89ec301096@group-5E7736B872A8-CANDIDATE: reject PRE_VOTE from 72381052-d1f9-4ca6-906c-6db4c7ca7d69: our priority 1 > candidate's priority 0
2025-04-24 14:02:15,633 [grpc-default-executor-1] INFO  server.RaftServer$Division (RaftServerImpl.java:requestVote(1441)) - b80db16c-5673-450c-b3ca-7f89ec301096@group-5E7736B872A8 replies to PRE_VOTE vote request: 72381052-d1f9-4ca6-906c-6db4c7ca7d69<-b80db16c-5673-450c-b3ca-7f89ec301096#0:FAIL-t1. Peer's state: b80db16c-5673-450c-b3ca-7f89ec301096@group-5E7736B872A8:t1, leader=null, voted=b80db16c-5673-450c-b3ca-7f89ec301096, raftlog=Memoized:b80db16c-5673-450c-b3ca-7f89ec301096@group-5E7736B872A8-SegmentedRaftLog:OPENED:c-1:lastnull, conf=conf: {index: -1, cur=peers:[b80db16c-5673-450c-b3ca-7f89ec301096|127.0.0.1:15023, 72381052-d1f9-4ca6-906c-6db4c7ca7d69|127.0.0.1:15039, aed9408d-e3c0-4aa9-9c6a-b698c50b685f|127.0.0.1:15031]|listeners:[], old=null}
2025-04-24 14:02:15,633 [grpc-default-executor-0] INFO  impl.VoteContext (VoteContext.java:log(49)) - aed9408d-e3c0-4aa9-9c6a-b698c50b685f@group-5E7736B872A8-FOLLOWER: accept PRE_VOTE from 72381052-d1f9-4ca6-906c-6db4c7ca7d69: our priority 0 <= candidate's priority 0
2025-04-24 14:02:15,633 [grpc-default-executor-0] INFO  server.RaftServer$Division (RaftServerImpl.java:requestVote(1441)) - aed9408d-e3c0-4aa9-9c6a-b698c50b685f@group-5E7736B872A8 replies to PRE_VOTE vote request: 72381052-d1f9-4ca6-906c-6db4c7ca7d69<-aed9408d-e3c0-4aa9-9c6a-b698c50b685f#0:OK-t1. Peer's state: aed9408d-e3c0-4aa9-9c6a-b698c50b685f@group-5E7736B872A8:t1, leader=null, voted=b80db16c-5673-450c-b3ca-7f89ec301096, raftlog=Memoized:aed9408d-e3c0-4aa9-9c6a-b698c50b685f@group-5E7736B872A8-SegmentedRaftLog:OPENED:c-1:lastnull, conf=conf: {index: -1, cur=peers:[b80db16c-5673-450c-b3ca-7f89ec301096|127.0.0.1:15023, 72381052-d1f9-4ca6-906c-6db4c7ca7d69|127.0.0.1:15039, aed9408d-e3c0-4aa9-9c6a-b698c50b685f|127.0.0.1:15031]|listeners:[], old=null}
2025-04-24 14:02:15,634 [b80db16c-5673-450c-b3ca-7f89ec301096@group-5E7736B872A8-LeaderElection7] INFO  impl.LeaderElection (LeaderElection.java:logAndReturn(90)) - b80db16c-5673-450c-b3ca-7f89ec301096@group-5E7736B872A8-LeaderElection7: ELECTION PASSED received 1 response(s) and 0 exception(s):
2025-04-24 14:02:15,634 [b80db16c-5673-450c-b3ca-7f89ec301096@group-5E7736B872A8-LeaderElection7] INFO  impl.LeaderElection (LeaderElection.java:logAndReturn(94)) -   Response 0: b80db16c-5673-450c-b3ca-7f89ec301096<-aed9408d-e3c0-4aa9-9c6a-b698c50b685f#0:OK-t1
2025-04-24 14:02:15,635 [b80db16c-5673-450c-b3ca-7f89ec301096@group-5E7736B872A8-LeaderElection7] INFO  impl.LeaderElection (LeaderElection.java:askForVotes(334)) - b80db16c-5673-450c-b3ca-7f89ec301096@group-5E7736B872A8-LeaderElection7 ELECTION round 0: result PASSED
2025-04-24 14:02:15,635 [b80db16c-5673-450c-b3ca-7f89ec301096@group-5E7736B872A8-LeaderElection7] INFO  impl.RoleInfo (RoleInfo.java:shutdownLeaderElection(141)) - b80db16c-5673-450c-b3ca-7f89ec301096: shutdown b80db16c-5673-450c-b3ca-7f89ec301096@group-5E7736B872A8-LeaderElection7
2025-04-24 14:02:15,636 [b80db16c-5673-450c-b3ca-7f89ec301096@group-5E7736B872A8-LeaderElection7] INFO  server.RaftServer$Division (RaftServerImpl.java:setRole(378)) - b80db16c-5673-450c-b3ca-7f89ec301096@group-5E7736B872A8: changes role from CANDIDATE to LEADER at term 1 for changeToLeader
2025-04-24 14:02:15,636 [b80db16c-5673-450c-b3ca-7f89ec301096@group-5E7736B872A8-LeaderElection7] INFO  server.RaftServerConfigKeys (ConfUtils.java:logGet(46)) - raft.server.staging.catchup.gap = 1000 (default)
2025-04-24 14:02:15,636 [b80db16c-5673-450c-b3ca-7f89ec301096@group-5E7736B872A8-LeaderElection7] INFO  server.RaftServerConfigKeys (ConfUtils.java:logGet(46)) - raft.server.write.element-limit = 1024 (custom)
2025-04-24 14:02:15,636 [b80db16c-5673-450c-b3ca-7f89ec301096@group-5E7736B872A8-LeaderElection7] INFO  server.RaftServerConfigKeys (ConfUtils.java:logGet(46)) - raft.server.write.byte-limit = 1024 M (=1073741824) (custom)
2025-04-24 14:02:15,636 [b80db16c-5673-450c-b3ca-7f89ec301096@group-5E7736B872A8-LeaderElection7] INFO  server.RaftServerConfigKeys (ConfUtils.java:logGet(46)) - raft.server.watch.timeout = 30s (custom)
2025-04-24 14:02:15,638 [b80db16c-5673-450c-b3ca-7f89ec301096@group-5E7736B872A8-LeaderElection7] INFO  server.RaftServerConfigKeys (ConfUtils.java:logGet(46)) - raft.server.watch.timeout.denomination = 1s (default)
2025-04-24 14:02:15,638 [72381052-d1f9-4ca6-906c-6db4c7ca7d69@group-5E7736B872A8-LeaderElection8] INFO  impl.LeaderElection (LeaderElection.java:logAndReturn(90)) - 72381052-d1f9-4ca6-906c-6db4c7ca7d69@group-5E7736B872A8-LeaderElection8: PRE_VOTE DISCOVERED_A_NEW_TERM (term=1) received 1 response(s) and 0 exception(s):
2025-04-24 14:02:15,638 [72381052-d1f9-4ca6-906c-6db4c7ca7d69@group-5E7736B872A8-LeaderElection8] INFO  impl.LeaderElection (LeaderElection.java:logAndReturn(94)) -   Response 0: 72381052-d1f9-4ca6-906c-6db4c7ca7d69<-aed9408d-e3c0-4aa9-9c6a-b698c50b685f#0:OK-t1
2025-04-24 14:02:15,638 [72381052-d1f9-4ca6-906c-6db4c7ca7d69@group-5E7736B872A8-LeaderElection8] INFO  impl.LeaderElection (LeaderElection.java:askForVotes(334)) - 72381052-d1f9-4ca6-906c-6db4c7ca7d69@group-5E7736B872A8-LeaderElection8 PRE_VOTE round 0: result DISCOVERED_A_NEW_TERM (term=1)
2025-04-24 14:02:15,639 [b80db16c-5673-450c-b3ca-7f89ec301096@group-5E7736B872A8-LeaderElection7] INFO  server.RaftServerConfigKeys (ConfUtils.java:logGet(46)) - raft.server.watch.element-limit = 65536 (default)
2025-04-24 14:02:15,640 [b80db16c-5673-450c-b3ca-7f89ec301096@group-5E7736B872A8-LeaderElection7] INFO  server.RaftServerConfigKeys (ConfUtils.java:logGet(46)) - raft.server.read.leader.lease.enabled = false (default)
2025-04-24 14:02:15,640 [b80db16c-5673-450c-b3ca-7f89ec301096@group-5E7736B872A8-LeaderElection7] INFO  server.RaftServerConfigKeys (ConfUtils.java:logGet(46)) - raft.server.read.leader.lease.timeout.ratio = 0.9 (default)
2025-04-24 14:02:15,640 [b80db16c-5673-450c-b3ca-7f89ec301096@group-5E7736B872A8-LeaderElection7] INFO  server.RaftServerConfigKeys (ConfUtils.java:logGet(46)) - raft.server.rpc.timeout.min = 5s (custom)
2025-04-24 14:02:15,640 [b80db16c-5673-450c-b3ca-7f89ec301096@group-5E7736B872A8-LeaderElection7] INFO  server.RaftServerConfigKeys (ConfUtils.java:logGet(46)) - raft.server.log.log-metadata.enabled = true (default)
2025-04-24 14:02:15,640 [b80db16c-5673-450c-b3ca-7f89ec301096@group-5E7736B872A8-LeaderElection7] INFO  server.RaftServerConfigKeys (ConfUtils.java:logGet(46)) - raft.server.write.element-limit = 1024 (custom)
2025-04-24 14:02:15,640 [b80db16c-5673-450c-b3ca-7f89ec301096@group-5E7736B872A8-LeaderElection7] INFO  server.RaftServerConfigKeys (ConfUtils.java:logGet(46)) - raft.server.write.follower.gap.ratio.max = -1.0 (default)
2025-04-24 14:02:15,641 [b80db16c-5673-450c-b3ca-7f89ec301096@group-5E7736B872A8-LeaderElection7] INFO  server.RaftServerConfigKeys (ConfUtils.java:logGet(46)) - raft.server.log.appender.snapshot.chunk.size.max = 16MB (=16777216) (default)
2025-04-24 14:02:15,641 [b80db16c-5673-450c-b3ca-7f89ec301096@group-5E7736B872A8-LeaderElection7] INFO  server.RaftServerConfigKeys (ConfUtils.java:logGet(46)) - raft.server.log.appender.buffer.byte-limit = 33554432 (custom)
2025-04-24 14:02:15,641 [b80db16c-5673-450c-b3ca-7f89ec301096@group-5E7736B872A8-LeaderElection7] INFO  server.RaftServerConfigKeys (ConfUtils.java:logGet(46)) - raft.server.log.appender.buffer.element-limit = 1024 (custom)
2025-04-24 14:02:15,641 [b80db16c-5673-450c-b3ca-7f89ec301096@group-5E7736B872A8-LeaderElection7] INFO  server.RaftServerConfigKeys (ConfUtils.java:logGet(46)) - raft.server.log.appender.wait-time.min = 0μs (custom)
2025-04-24 14:02:15,642 [b80db16c-5673-450c-b3ca-7f89ec301096@group-5E7736B872A8-LeaderElection7] INFO  grpc.GrpcConfigKeys (ConfUtils.java:logGet(46)) - raft.grpc.server.leader.outstanding.appends.max = 8 (default)
2025-04-24 14:02:15,642 [b80db16c-5673-450c-b3ca-7f89ec301096@group-94051EF173A1-SegmentedRaftLogWorker] INFO  segmented.SegmentedRaftLogWorker (SegmentedRaftLogWorker.java:execute(644)) - b80db16c-5673-450c-b3ca-7f89ec301096@group-94051EF173A1-SegmentedRaftLogWorker: created new log segment /home/runner/work/ozone/ozone/hadoop-ozone/integration-test/target/test-dir/MiniOzoneClusterImpl-4e6105ad-12bc-4f18-9d37-351d73277e17/ozone-meta/datanode-1/ratis/91f13965-56ff-4f44-929d-94051ef173a1/current/log_inprogress_0
2025-04-24 14:02:15,642 [b80db16c-5673-450c-b3ca-7f89ec301096@group-5E7736B872A8-LeaderElection7] INFO  server.RaftServerConfigKeys (ConfUtils.java:logGet(46)) - raft.server.rpc.request.timeout = 60s (custom)
2025-04-24 14:02:15,643 [72381052-d1f9-4ca6-906c-6db4c7ca7d69@group-94051EF173A1-SegmentedRaftLogWorker] INFO  segmented.SegmentedRaftLogWorker (SegmentedRaftLogWorker.java:execute(644)) - 72381052-d1f9-4ca6-906c-6db4c7ca7d69@group-94051EF173A1-SegmentedRaftLogWorker: created new log segment /home/runner/work/ozone/ozone/hadoop-ozone/integration-test/target/test-dir/MiniOzoneClusterImpl-4e6105ad-12bc-4f18-9d37-351d73277e17/ozone-meta/datanode-3/ratis/91f13965-56ff-4f44-929d-94051ef173a1/current/log_inprogress_0
2025-04-24 14:02:15,644 [b80db16c-5673-450c-b3ca-7f89ec301096@group-5E7736B872A8-LeaderElection7] INFO  grpc.GrpcConfigKeys (ConfUtils.java:logGet(46)) - raft.grpc.server.install_snapshot.request.element-limit = 8 (default)
2025-04-24 14:02:15,645 [b80db16c-5673-450c-b3ca-7f89ec301096@group-5E7736B872A8-LeaderElection7] INFO  grpc.GrpcConfigKeys (ConfUtils.java:logGet(46)) - raft.grpc.server.install_snapshot.request.timeout = 3000ms (default)
2025-04-24 14:02:15,645 [b80db16c-5673-450c-b3ca-7f89ec301096@group-5E7736B872A8-LeaderElection7] INFO  grpc.GrpcConfigKeys (ConfUtils.java:logGet(46)) - raft.grpc.server.log-message.batch.duration = 5s (default)
2025-04-24 14:02:15,645 [b80db16c-5673-450c-b3ca-7f89ec301096@group-5E7736B872A8-LeaderElection7] INFO  server.RaftServerConfigKeys (ConfUtils.java:logGet(46)) - raft.server.log.appender.install.snapshot.enabled = false (custom)
2025-04-24 14:02:15,645 [b80db16c-5673-450c-b3ca-7f89ec301096@group-5E7736B872A8-LeaderElection7] INFO  grpc.GrpcConfigKeys (ConfUtils.java:logGet(46)) - raft.grpc.server.heartbeat.channel = true (default)
2025-04-24 14:02:15,647 [b80db16c-5673-450c-b3ca-7f89ec301096@group-5E7736B872A8-LeaderElection7] INFO  server.RaftServerConfigKeys (ConfUtils.java:logGet(46)) - raft.server.log.appender.snapshot.chunk.size.max = 16MB (=16777216) (default)
2025-04-24 14:02:15,647 [b80db16c-5673-450c-b3ca-7f89ec301096@group-5E7736B872A8-LeaderElection7] INFO  server.RaftServerConfigKeys (ConfUtils.java:logGet(46)) - raft.server.log.appender.buffer.byte-limit = 33554432 (custom)
2025-04-24 14:02:15,647 [b80db16c-5673-450c-b3ca-7f89ec301096@group-5E7736B872A8-LeaderElection7] INFO  server.RaftServerConfigKeys (ConfUtils.java:logGet(46)) - raft.server.log.appender.buffer.element-limit = 1024 (custom)
2025-04-24 14:02:15,647 [aed9408d-e3c0-4aa9-9c6a-b698c50b685f@group-94051EF173A1-StateMachineUpdater] INFO  server.RaftServer$Division (LeaderStateImpl.java:checkStartIndex(313)) - Leader aed9408d-e3c0-4aa9-9c6a-b698c50b685f@group-94051EF173A1-LeaderStateImpl is ready since appliedIndex == startIndex == 0
2025-04-24 14:02:15,648 [b80db16c-5673-450c-b3ca-7f89ec301096@group-5E7736B872A8-LeaderElection7] INFO  server.RaftServerConfigKeys (ConfUtils.java:logGet(46)) - raft.server.log.appender.wait-time.min = 0μs (custom)
2025-04-24 14:02:15,648 [b80db16c-5673-450c-b3ca-7f89ec301096@group-5E7736B872A8-LeaderElection7] INFO  grpc.GrpcConfigKeys (ConfUtils.java:logGet(46)) - raft.grpc.server.leader.outstanding.appends.max = 8 (default)
2025-04-24 14:02:15,648 [b80db16c-5673-450c-b3ca-7f89ec301096@group-5E7736B872A8-LeaderElection7] INFO  server.RaftServerConfigKeys (ConfUtils.java:logGet(46)) - raft.server.rpc.request.timeout = 60s (custom)
2025-04-24 14:02:15,648 [b80db16c-5673-450c-b3ca-7f89ec301096@group-5E7736B872A8-LeaderElection7] INFO  grpc.GrpcConfigKeys (ConfUtils.java:logGet(46)) - raft.grpc.server.install_snapshot.request.element-limit = 8 (default)
2025-04-24 14:02:15,648 [b80db16c-5673-450c-b3ca-7f89ec301096@group-5E7736B872A8-LeaderElection7] INFO  grpc.GrpcConfigKeys (ConfUtils.java:logGet(46)) - raft.grpc.server.install_snapshot.request.timeout = 3000ms (default)
2025-04-24 14:02:15,648 [b80db16c-5673-450c-b3ca-7f89ec301096@group-5E7736B872A8-LeaderElection7] INFO  grpc.GrpcConfigKeys (ConfUtils.java:logGet(46)) - raft.grpc.server.log-message.batch.duration = 5s (default)
2025-04-24 14:02:15,648 [b80db16c-5673-450c-b3ca-7f89ec301096@group-5E7736B872A8-LeaderElection7] INFO  server.RaftServerConfigKeys (ConfUtils.java:logGet(46)) - raft.server.log.appender.install.snapshot.enabled = false (custom)
2025-04-24 14:02:15,648 [b80db16c-5673-450c-b3ca-7f89ec301096@group-5E7736B872A8-LeaderElection7] INFO  grpc.GrpcConfigKeys (ConfUtils.java:logGet(46)) - raft.grpc.server.heartbeat.channel = true (default)
2025-04-24 14:02:15,648 [b80db16c-5673-450c-b3ca-7f89ec301096@group-5E7736B872A8-LeaderElection7] INFO  impl.RoleInfo (RoleInfo.java:updateAndGet(148)) - b80db16c-5673-450c-b3ca-7f89ec301096: start b80db16c-5673-450c-b3ca-7f89ec301096@group-5E7736B872A8-LeaderStateImpl
2025-04-24 14:02:15,649 [b80db16c-5673-450c-b3ca-7f89ec301096@group-5E7736B872A8-LeaderElection7] INFO  server.RaftServer$Division (RaftServerImpl.java:setFirstElection(562)) - b80db16c-5673-450c-b3ca-7f89ec301096@group-5E7736B872A8: set firstElectionSinceStartup to false for becomeLeader
2025-04-24 14:02:15,649 [b80db16c-5673-450c-b3ca-7f89ec301096@group-5E7736B872A8-LeaderElection7] INFO  ratis.XceiverServerRatis (XceiverServerRatis.java:handleLeaderChangedNotification(942)) - Leader change notification received for group: group-5E7736B872A8 with new leaderId: b80db16c-5673-450c-b3ca-7f89ec301096
2025-04-24 14:02:15,649 [b80db16c-5673-450c-b3ca-7f89ec301096@group-5E7736B872A8-LeaderElection7] INFO  server.RaftServer$Division (ServerState.java:setLeader(272)) - b80db16c-5673-450c-b3ca-7f89ec301096@group-5E7736B872A8: change Leader from null to b80db16c-5673-450c-b3ca-7f89ec301096 at term 1 for becomeLeader, leader elected after 1201ms
2025-04-24 14:02:15,649 [b80db16c-5673-450c-b3ca-7f89ec301096@group-5E7736B872A8-LeaderElection7] INFO  segmented.SegmentedRaftLogWorker (SegmentedRaftLogWorker.java:startLogSegment(438)) - b80db16c-5673-450c-b3ca-7f89ec301096@group-5E7736B872A8-SegmentedRaftLogWorker: Starting segment from index:0
2025-04-24 14:02:15,649 [b80db16c-5673-450c-b3ca-7f89ec301096@group-5E7736B872A8-LeaderElection7] INFO  server.RaftServer$Division (ServerState.java:setRaftConf(386)) - b80db16c-5673-450c-b3ca-7f89ec301096@group-5E7736B872A8: set configuration conf: {index: 0, cur=peers:[b80db16c-5673-450c-b3ca-7f89ec301096|127.0.0.1:15023, 72381052-d1f9-4ca6-906c-6db4c7ca7d69|127.0.0.1:15039, aed9408d-e3c0-4aa9-9c6a-b698c50b685f|127.0.0.1:15031]|listeners:[], old=null}
2025-04-24 14:02:15,650 [b80db16c-5673-450c-b3ca-7f89ec301096@group-5E7736B872A8-SegmentedRaftLogWorker] INFO  segmented.BufferedWriteChannel (BufferedWriteChannel.java:open(61)) - open log_inprogress_0 at position 0
2025-04-24 14:02:15,659 [72381052-d1f9-4ca6-906c-6db4c7ca7d69-server-thread1] INFO  ratis.XceiverServerRatis (XceiverServerRatis.java:handleLeaderChangedNotification(942)) - Leader change notification received for group: group-5E7736B872A8 with new leaderId: b80db16c-5673-450c-b3ca-7f89ec301096
2025-04-24 14:02:15,659 [72381052-d1f9-4ca6-906c-6db4c7ca7d69-server-thread1] INFO  server.RaftServer$Division (ServerState.java:setLeader(272)) - 72381052-d1f9-4ca6-906c-6db4c7ca7d69@group-5E7736B872A8: change Leader from null to b80db16c-5673-450c-b3ca-7f89ec301096 at term 1 for appendEntries, leader elected after 1178ms
2025-04-24 14:02:15,660 [b80db16c-5673-450c-b3ca-7f89ec301096@group-5E7736B872A8-SegmentedRaftLogWorker] INFO  segmented.SegmentedRaftLogWorker (SegmentedRaftLogWorker.java:execute(644)) - b80db16c-5673-450c-b3ca-7f89ec301096@group-5E7736B872A8-SegmentedRaftLogWorker: created new log segment /home/runner/work/ozone/ozone/hadoop-ozone/integration-test/target/test-dir/MiniOzoneClusterImpl-4e6105ad-12bc-4f18-9d37-351d73277e17/ozone-meta/datanode-1/ratis/5a76b5c3-b2e7-444b-9d4d-5e7736b872a8/current/log_inprogress_0
2025-04-24 14:02:15,661 [72381052-d1f9-4ca6-906c-6db4c7ca7d69-server-thread2] INFO  server.RaftServer$Division (ServerState.java:setRaftConf(386)) - 72381052-d1f9-4ca6-906c-6db4c7ca7d69@group-5E7736B872A8: set configuration conf: {index: 0, cur=peers:[b80db16c-5673-450c-b3ca-7f89ec301096|127.0.0.1:15023, 72381052-d1f9-4ca6-906c-6db4c7ca7d69|127.0.0.1:15039, aed9408d-e3c0-4aa9-9c6a-b698c50b685f|127.0.0.1:15031]|listeners:[], old=null}
2025-04-24 14:02:15,661 [72381052-d1f9-4ca6-906c-6db4c7ca7d69-server-thread2] INFO  segmented.SegmentedRaftLogWorker (SegmentedRaftLogWorker.java:startLogSegment(438)) - 72381052-d1f9-4ca6-906c-6db4c7ca7d69@group-5E7736B872A8-SegmentedRaftLogWorker: Starting segment from index:0
2025-04-24 14:02:15,662 [aed9408d-e3c0-4aa9-9c6a-b698c50b685f-server-thread1] INFO  ratis.XceiverServerRatis (XceiverServerRatis.java:handleLeaderChangedNotification(942)) - Leader change notification received for group: group-5E7736B872A8 with new leaderId: b80db16c-5673-450c-b3ca-7f89ec301096
2025-04-24 14:02:15,662 [aed9408d-e3c0-4aa9-9c6a-b698c50b685f-server-thread1] INFO  server.RaftServer$Division (ServerState.java:setLeader(272)) - aed9408d-e3c0-4aa9-9c6a-b698c50b685f@group-5E7736B872A8: change Leader from null to b80db16c-5673-450c-b3ca-7f89ec301096 at term 1 for appendEntries, leader elected after 1141ms
2025-04-24 14:02:15,662 [EventQueue-PipelineReportForPipelineReportHandler] INFO  pipeline.PipelineReportHandler (PipelineReportHandler.java:processPipelineReport(134)) - Opened pipeline PipelineID=5a76b5c3-b2e7-444b-9d4d-5e7736b872a8
2025-04-24 14:02:15,662 [72381052-d1f9-4ca6-906c-6db4c7ca7d69@group-5E7736B872A8-SegmentedRaftLogWorker] INFO  segmented.BufferedWriteChannel (BufferedWriteChannel.java:open(61)) - open log_inprogress_0 at position 0
2025-04-24 14:02:15,662 [aed9408d-e3c0-4aa9-9c6a-b698c50b685f-server-thread2] INFO  server.RaftServer$Division (ServerState.java:setRaftConf(386)) - aed9408d-e3c0-4aa9-9c6a-b698c50b685f@group-5E7736B872A8: set configuration conf: {index: 0, cur=peers:[b80db16c-5673-450c-b3ca-7f89ec301096|127.0.0.1:15023, 72381052-d1f9-4ca6-906c-6db4c7ca7d69|127.0.0.1:15039, aed9408d-e3c0-4aa9-9c6a-b698c50b685f|127.0.0.1:15031]|listeners:[], old=null}
2025-04-24 14:02:15,663 [aed9408d-e3c0-4aa9-9c6a-b698c50b685f-server-thread2] INFO  segmented.SegmentedRaftLogWorker (SegmentedRaftLogWorker.java:startLogSegment(438)) - aed9408d-e3c0-4aa9-9c6a-b698c50b685f@group-5E7736B872A8-SegmentedRaftLogWorker: Starting segment from index:0
2025-04-24 14:02:15,664 [aed9408d-e3c0-4aa9-9c6a-b698c50b685f@group-5E7736B872A8-SegmentedRaftLogWorker] INFO  segmented.BufferedWriteChannel (BufferedWriteChannel.java:open(61)) - open log_inprogress_0 at position 0
2025-04-24 14:02:15,681 [72381052-d1f9-4ca6-906c-6db4c7ca7d69@group-5E7736B872A8-SegmentedRaftLogWorker] INFO  segmented.SegmentedRaftLogWorker (SegmentedRaftLogWorker.java:execute(644)) - 72381052-d1f9-4ca6-906c-6db4c7ca7d69@group-5E7736B872A8-SegmentedRaftLogWorker: created new log segment /home/runner/work/ozone/ozone/hadoop-ozone/integration-test/target/test-dir/MiniOzoneClusterImpl-4e6105ad-12bc-4f18-9d37-351d73277e17/ozone-meta/datanode-3/ratis/5a76b5c3-b2e7-444b-9d4d-5e7736b872a8/current/log_inprogress_0
2025-04-24 14:02:15,681 [aed9408d-e3c0-4aa9-9c6a-b698c50b685f@group-5E7736B872A8-SegmentedRaftLogWorker] INFO  segmented.SegmentedRaftLogWorker (SegmentedRaftLogWorker.java:execute(644)) - aed9408d-e3c0-4aa9-9c6a-b698c50b685f@group-5E7736B872A8-SegmentedRaftLogWorker: created new log segment /home/runner/work/ozone/ozone/hadoop-ozone/integration-test/target/test-dir/MiniOzoneClusterImpl-4e6105ad-12bc-4f18-9d37-351d73277e17/ozone-meta/datanode-2/ratis/5a76b5c3-b2e7-444b-9d4d-5e7736b872a8/current/log_inprogress_0
2025-04-24 14:02:15,685 [b80db16c-5673-450c-b3ca-7f89ec301096@group-5E7736B872A8-StateMachineUpdater] INFO  server.RaftServer$Division (LeaderStateImpl.java:checkStartIndex(313)) - Leader b80db16c-5673-450c-b3ca-7f89ec301096@group-5E7736B872A8-LeaderStateImpl is ready since appliedIndex == startIndex == 0
2025-04-24 14:02:15,764 [72381052-d1f9-4ca6-906c-6db4c7ca7d69@group-3FFD5E9A8160-FollowerState] INFO  impl.FollowerState (FollowerState.java:runImpl(161)) - 72381052-d1f9-4ca6-906c-6db4c7ca7d69@group-3FFD5E9A8160-FollowerState: change to CANDIDATE, lastRpcElapsedTime:1089472036ns, electionTimeout:1088ms
2025-04-24 14:02:15,764 [72381052-d1f9-4ca6-906c-6db4c7ca7d69@group-3FFD5E9A8160-FollowerState] INFO  impl.RoleInfo (RoleInfo.java:shutdownFollowerState(121)) - 72381052-d1f9-4ca6-906c-6db4c7ca7d69: shutdown 72381052-d1f9-4ca6-906c-6db4c7ca7d69@group-3FFD5E9A8160-FollowerState
2025-04-24 14:02:15,764 [72381052-d1f9-4ca6-906c-6db4c7ca7d69@group-3FFD5E9A8160-FollowerState] INFO  server.RaftServer$Division (RaftServerImpl.java:setRole(378)) - 72381052-d1f9-4ca6-906c-6db4c7ca7d69@group-3FFD5E9A8160: changes role from  FOLLOWER to CANDIDATE at term 0 for changeToCandidate
2025-04-24 14:02:15,764 [72381052-d1f9-4ca6-906c-6db4c7ca7d69@group-3FFD5E9A8160-FollowerState] INFO  server.RaftServerConfigKeys (ConfUtils.java:logGet(46)) - raft.server.leaderelection.pre-vote = true (default)
2025-04-24 14:02:15,764 [72381052-d1f9-4ca6-906c-6db4c7ca7d69@group-3FFD5E9A8160-FollowerState] INFO  impl.RoleInfo (RoleInfo.java:updateAndGet(148)) - 72381052-d1f9-4ca6-906c-6db4c7ca7d69: start 72381052-d1f9-4ca6-906c-6db4c7ca7d69@group-3FFD5E9A8160-LeaderElection9
2025-04-24 14:02:15,765 [72381052-d1f9-4ca6-906c-6db4c7ca7d69@group-3FFD5E9A8160-LeaderElection9] INFO  impl.LeaderElection (LeaderElection.java:askForVotes(332)) - 72381052-d1f9-4ca6-906c-6db4c7ca7d69@group-3FFD5E9A8160-LeaderElection9 PRE_VOTE round 0: submit vote requests at term 0 for conf: {index: -1, cur=peers:[72381052-d1f9-4ca6-906c-6db4c7ca7d69|127.0.0.1:15039]|listeners:[], old=null}
2025-04-24 14:02:15,765 [72381052-d1f9-4ca6-906c-6db4c7ca7d69@group-3FFD5E9A8160-LeaderElection9] INFO  impl.LeaderElection (LeaderElection.java:askForVotes(334)) - 72381052-d1f9-4ca6-906c-6db4c7ca7d69@group-3FFD5E9A8160-LeaderElection9 PRE_VOTE round 0: result PASSED (term=0)
2025-04-24 14:02:15,766 [72381052-d1f9-4ca6-906c-6db4c7ca7d69@group-3FFD5E9A8160-LeaderElection9] INFO  impl.LeaderElection (LeaderElection.java:askForVotes(332)) - 72381052-d1f9-4ca6-906c-6db4c7ca7d69@group-3FFD5E9A8160-LeaderElection9 ELECTION round 0: submit vote requests at term 1 for conf: {index: -1, cur=peers:[72381052-d1f9-4ca6-906c-6db4c7ca7d69|127.0.0.1:15039]|listeners:[], old=null}
2025-04-24 14:02:15,766 [72381052-d1f9-4ca6-906c-6db4c7ca7d69@group-3FFD5E9A8160-LeaderElection9] INFO  impl.LeaderElection (LeaderElection.java:askForVotes(334)) - 72381052-d1f9-4ca6-906c-6db4c7ca7d69@group-3FFD5E9A8160-LeaderElection9 ELECTION round 0: result PASSED (term=1)
2025-04-24 14:02:15,766 [72381052-d1f9-4ca6-906c-6db4c7ca7d69@group-3FFD5E9A8160-LeaderElection9] INFO  impl.RoleInfo (RoleInfo.java:shutdownLeaderElection(141)) - 72381052-d1f9-4ca6-906c-6db4c7ca7d69: shutdown 72381052-d1f9-4ca6-906c-6db4c7ca7d69@group-3FFD5E9A8160-LeaderElection9
2025-04-24 14:02:15,766 [72381052-d1f9-4ca6-906c-6db4c7ca7d69@group-3FFD5E9A8160-LeaderElection9] INFO  server.RaftServer$Division (RaftServerImpl.java:setRole(378)) - 72381052-d1f9-4ca6-906c-6db4c7ca7d69@group-3FFD5E9A8160: changes role from CANDIDATE to LEADER at term 1 for changeToLeader
2025-04-24 14:02:15,766 [72381052-d1f9-4ca6-906c-6db4c7ca7d69@group-3FFD5E9A8160-LeaderElection9] INFO  server.RaftServerConfigKeys (ConfUtils.java:logGet(46)) - raft.server.staging.catchup.gap = 1000 (default)
2025-04-24 14:02:15,767 [72381052-d1f9-4ca6-906c-6db4c7ca7d69@group-3FFD5E9A8160-LeaderElection9] INFO  server.RaftServerConfigKeys (ConfUtils.java:logGet(46)) - raft.server.write.element-limit = 1024 (custom)
2025-04-24 14:02:15,767 [72381052-d1f9-4ca6-906c-6db4c7ca7d69@group-3FFD5E9A8160-LeaderElection9] INFO  server.RaftServerConfigKeys (ConfUtils.java:logGet(46)) - raft.server.write.byte-limit = 1024 M (=1073741824) (custom)
2025-04-24 14:02:15,767 [72381052-d1f9-4ca6-906c-6db4c7ca7d69@group-3FFD5E9A8160-LeaderElection9] INFO  server.RaftServerConfigKeys (ConfUtils.java:logGet(46)) - raft.server.watch.timeout = 30s (custom)
2025-04-24 14:02:15,767 [72381052-d1f9-4ca6-906c-6db4c7ca7d69@group-3FFD5E9A8160-LeaderElection9] INFO  server.RaftServerConfigKeys (ConfUtils.java:logGet(46)) - raft.server.watch.timeout.denomination = 1s (default)
2025-04-24 14:02:15,767 [72381052-d1f9-4ca6-906c-6db4c7ca7d69@group-3FFD5E9A8160-LeaderElection9] INFO  server.RaftServerConfigKeys (ConfUtils.java:logGet(46)) - raft.server.watch.element-limit = 65536 (default)
2025-04-24 14:02:15,768 [72381052-d1f9-4ca6-906c-6db4c7ca7d69@group-3FFD5E9A8160-LeaderElection9] INFO  server.RaftServerConfigKeys (ConfUtils.java:logGet(46)) - raft.server.read.leader.lease.enabled = false (default)
2025-04-24 14:02:15,768 [72381052-d1f9-4ca6-906c-6db4c7ca7d69@group-3FFD5E9A8160-LeaderElection9] INFO  server.RaftServerConfigKeys (ConfUtils.java:logGet(46)) - raft.server.read.leader.lease.timeout.ratio = 0.9 (default)
2025-04-24 14:02:15,768 [72381052-d1f9-4ca6-906c-6db4c7ca7d69@group-3FFD5E9A8160-LeaderElection9] INFO  server.RaftServerConfigKeys (ConfUtils.java:logGet(46)) - raft.server.rpc.timeout.min = 5s (custom)
2025-04-24 14:02:15,768 [72381052-d1f9-4ca6-906c-6db4c7ca7d69@group-3FFD5E9A8160-LeaderElection9] INFO  server.RaftServerConfigKeys (ConfUtils.java:logGet(46)) - raft.server.log.log-metadata.enabled = true (default)
2025-04-24 14:02:15,768 [72381052-d1f9-4ca6-906c-6db4c7ca7d69@group-3FFD5E9A8160-LeaderElection9] INFO  server.RaftServerConfigKeys (ConfUtils.java:logGet(46)) - raft.server.write.element-limit = 1024 (custom)
2025-04-24 14:02:15,768 [72381052-d1f9-4ca6-906c-6db4c7ca7d69@group-3FFD5E9A8160-LeaderElection9] INFO  server.RaftServerConfigKeys (ConfUtils.java:logGet(46)) - raft.server.write.follower.gap.ratio.max = -1.0 (default)
2025-04-24 14:02:15,768 [72381052-d1f9-4ca6-906c-6db4c7ca7d69@group-3FFD5E9A8160-LeaderElection9] INFO  impl.RoleInfo (RoleInfo.java:updateAndGet(148)) - 72381052-d1f9-4ca6-906c-6db4c7ca7d69: start 72381052-d1f9-4ca6-906c-6db4c7ca7d69@group-3FFD5E9A8160-LeaderStateImpl
2025-04-24 14:02:15,768 [72381052-d1f9-4ca6-906c-6db4c7ca7d69@group-3FFD5E9A8160-LeaderElection9] INFO  server.RaftServer$Division (RaftServerImpl.java:setFirstElection(562)) - 72381052-d1f9-4ca6-906c-6db4c7ca7d69@group-3FFD5E9A8160: set firstElectionSinceStartup to false for becomeLeader
2025-04-24 14:02:15,768 [72381052-d1f9-4ca6-906c-6db4c7ca7d69@group-3FFD5E9A8160-LeaderElection9] INFO  ratis.XceiverServerRatis (XceiverServerRatis.java:handleLeaderChangedNotification(942)) - Leader change notification received for group: group-3FFD5E9A8160 with new leaderId: 72381052-d1f9-4ca6-906c-6db4c7ca7d69
2025-04-24 14:02:15,769 [72381052-d1f9-4ca6-906c-6db4c7ca7d69@group-3FFD5E9A8160-LeaderElection9] INFO  server.RaftServer$Division (ServerState.java:setLeader(272)) - 72381052-d1f9-4ca6-906c-6db4c7ca7d69@group-3FFD5E9A8160: change Leader from null to 72381052-d1f9-4ca6-906c-6db4c7ca7d69 at term 1 for becomeLeader, leader elected after 1111ms
2025-04-24 14:02:15,769 [72381052-d1f9-4ca6-906c-6db4c7ca7d69@group-3FFD5E9A8160-LeaderElection9] INFO  segmented.SegmentedRaftLogWorker (SegmentedRaftLogWorker.java:startLogSegment(438)) - 72381052-d1f9-4ca6-906c-6db4c7ca7d69@group-3FFD5E9A8160-SegmentedRaftLogWorker: Starting segment from index:0
2025-04-24 14:02:15,769 [72381052-d1f9-4ca6-906c-6db4c7ca7d69@group-3FFD5E9A8160-LeaderElection9] INFO  server.RaftServer$Division (ServerState.java:setRaftConf(386)) - 72381052-d1f9-4ca6-906c-6db4c7ca7d69@group-3FFD5E9A8160: set configuration conf: {index: 0, cur=peers:[72381052-d1f9-4ca6-906c-6db4c7ca7d69|127.0.0.1:15039]|listeners:[], old=null}
2025-04-24 14:02:15,770 [72381052-d1f9-4ca6-906c-6db4c7ca7d69@group-3FFD5E9A8160-SegmentedRaftLogWorker] INFO  segmented.BufferedWriteChannel (BufferedWriteChannel.java:open(61)) - open log_inprogress_0 at position 0
2025-04-24 14:02:15,779 [72381052-d1f9-4ca6-906c-6db4c7ca7d69@group-3FFD5E9A8160-SegmentedRaftLogWorker] INFO  segmented.SegmentedRaftLogWorker (SegmentedRaftLogWorker.java:execute(644)) - 72381052-d1f9-4ca6-906c-6db4c7ca7d69@group-3FFD5E9A8160-SegmentedRaftLogWorker: created new log segment /home/runner/work/ozone/ozone/hadoop-ozone/integration-test/target/test-dir/MiniOzoneClusterImpl-4e6105ad-12bc-4f18-9d37-351d73277e17/ozone-meta/datanode-3/ratis/6efddaeb-100b-42b4-a40f-3ffd5e9a8160/current/log_inprogress_0
2025-04-24 14:02:15,781 [72381052-d1f9-4ca6-906c-6db4c7ca7d69@group-3FFD5E9A8160-StateMachineUpdater] INFO  server.RaftServer$Division (LeaderStateImpl.java:checkStartIndex(313)) - Leader 72381052-d1f9-4ca6-906c-6db4c7ca7d69@group-3FFD5E9A8160-LeaderStateImpl is ready since appliedIndex == startIndex == 0
2025-04-24 14:02:15,950 [timer1] WARN  server.GrpcLogAppender (LogUtils.java:warn(121)) - omNode-1@group-523986131536->omNode-3-AppendLogResponseHandler: Failed appendEntries (Repeated 6 times in the last 5.003s): org.apache.ratis.thirdparty.io.grpc.StatusRuntimeException: UNAVAILABLE: io exception
2025-04-24 14:02:15,964 [timer3] WARN  server.GrpcLogAppender (GrpcLogAppender.java:lambda$resetClient$1(221)) - omNode-1@group-523986131536->omNode-3-GrpcLogAppender: Follower failed (request=null, errorCount=2); keep nextIndex (0) unchanged and retry. (Repeated 2 times in the last 5.009s)
2025-04-24 14:02:15,970 [timer6] WARN  server.GrpcLogAppender (GrpcLogAppender.java:lambda$resetClient$1(221)) - omNode-1@group-523986131536->omNode-3-GrpcLogAppender: Follower failed (request=null, errorCount=6); keep nextIndex (1) unchanged and retry. (Repeated 4 times in the last 5.000s)
2025-04-24 14:02:16,158 [main] INFO  ozone.MiniOzoneClusterImpl (MiniOzoneClusterImpl.java:lambda$waitForClusterToBeReady$0(190)) - Nodes are ready. Got 3 of 3 DN Heartbeats.
2025-04-24 14:02:16,158 [main] INFO  ozone.MiniOzoneClusterImpl (MiniOzoneClusterImpl.java:lambda$waitForClusterToBeReady$0(193)) - Cluster exits safe mode
2025-04-24 14:02:16,158 [main] INFO  ozone.MiniOzoneClusterImpl (MiniOzoneClusterImpl.java:lambda$waitForClusterToBeReady$0(195)) - SCM became leader
2025-04-24 14:02:16,489 [aed9408d-e3c0-4aa9-9c6a-b698c50b685f@group-B7738D5DBFED-FollowerState] INFO  impl.FollowerState (FollowerState.java:runImpl(161)) - aed9408d-e3c0-4aa9-9c6a-b698c50b685f@group-B7738D5DBFED-FollowerState: change to CANDIDATE, lastRpcElapsedTime:1010021003ns, electionTimeout:1009ms
2025-04-24 14:02:16,489 [aed9408d-e3c0-4aa9-9c6a-b698c50b685f@group-B7738D5DBFED-FollowerState] INFO  impl.RoleInfo (RoleInfo.java:shutdownFollowerState(121)) - aed9408d-e3c0-4aa9-9c6a-b698c50b685f: shutdown aed9408d-e3c0-4aa9-9c6a-b698c50b685f@group-B7738D5DBFED-FollowerState
2025-04-24 14:02:16,489 [aed9408d-e3c0-4aa9-9c6a-b698c50b685f@group-B7738D5DBFED-FollowerState] INFO  server.RaftServer$Division (RaftServerImpl.java:setRole(378)) - aed9408d-e3c0-4aa9-9c6a-b698c50b685f@group-B7738D5DBFED: changes role from  FOLLOWER to CANDIDATE at term 0 for changeToCandidate
2025-04-24 14:02:16,489 [aed9408d-e3c0-4aa9-9c6a-b698c50b685f@group-B7738D5DBFED-FollowerState] INFO  server.RaftServerConfigKeys (ConfUtils.java:logGet(46)) - raft.server.leaderelection.pre-vote = true (default)
2025-04-24 14:02:16,489 [aed9408d-e3c0-4aa9-9c6a-b698c50b685f@group-B7738D5DBFED-FollowerState] INFO  impl.RoleInfo (RoleInfo.java:updateAndGet(148)) - aed9408d-e3c0-4aa9-9c6a-b698c50b685f: start aed9408d-e3c0-4aa9-9c6a-b698c50b685f@group-B7738D5DBFED-LeaderElection10
2025-04-24 14:02:16,490 [aed9408d-e3c0-4aa9-9c6a-b698c50b685f@group-B7738D5DBFED-LeaderElection10] INFO  impl.LeaderElection (LeaderElection.java:askForVotes(332)) - aed9408d-e3c0-4aa9-9c6a-b698c50b685f@group-B7738D5DBFED-LeaderElection10 PRE_VOTE round 0: submit vote requests at term 0 for conf: {index: -1, cur=peers:[aed9408d-e3c0-4aa9-9c6a-b698c50b685f|127.0.0.1:15031]|listeners:[], old=null}
2025-04-24 14:02:16,490 [aed9408d-e3c0-4aa9-9c6a-b698c50b685f@group-B7738D5DBFED-LeaderElection10] INFO  impl.LeaderElection (LeaderElection.java:askForVotes(334)) - aed9408d-e3c0-4aa9-9c6a-b698c50b685f@group-B7738D5DBFED-LeaderElection10 PRE_VOTE round 0: result PASSED (term=0)
2025-04-24 14:02:16,491 [aed9408d-e3c0-4aa9-9c6a-b698c50b685f@group-B7738D5DBFED-LeaderElection10] INFO  impl.LeaderElection (LeaderElection.java:askForVotes(332)) - aed9408d-e3c0-4aa9-9c6a-b698c50b685f@group-B7738D5DBFED-LeaderElection10 ELECTION round 0: submit vote requests at term 1 for conf: {index: -1, cur=peers:[aed9408d-e3c0-4aa9-9c6a-b698c50b685f|127.0.0.1:15031]|listeners:[], old=null}
2025-04-24 14:02:16,491 [aed9408d-e3c0-4aa9-9c6a-b698c50b685f@group-B7738D5DBFED-LeaderElection10] INFO  impl.LeaderElection (LeaderElection.java:askForVotes(334)) - aed9408d-e3c0-4aa9-9c6a-b698c50b685f@group-B7738D5DBFED-LeaderElection10 ELECTION round 0: result PASSED (term=1)
2025-04-24 14:02:16,491 [aed9408d-e3c0-4aa9-9c6a-b698c50b685f@group-B7738D5DBFED-LeaderElection10] INFO  impl.RoleInfo (RoleInfo.java:shutdownLeaderElection(141)) - aed9408d-e3c0-4aa9-9c6a-b698c50b685f: shutdown aed9408d-e3c0-4aa9-9c6a-b698c50b685f@group-B7738D5DBFED-LeaderElection10
2025-04-24 14:02:16,491 [aed9408d-e3c0-4aa9-9c6a-b698c50b685f@group-B7738D5DBFED-LeaderElection10] INFO  server.RaftServer$Division (RaftServerImpl.java:setRole(378)) - aed9408d-e3c0-4aa9-9c6a-b698c50b685f@group-B7738D5DBFED: changes role from CANDIDATE to LEADER at term 1 for changeToLeader
2025-04-24 14:02:16,491 [aed9408d-e3c0-4aa9-9c6a-b698c50b685f@group-B7738D5DBFED-LeaderElection10] INFO  server.RaftServerConfigKeys (ConfUtils.java:logGet(46)) - raft.server.staging.catchup.gap = 1000 (default)
2025-04-24 14:02:16,492 [aed9408d-e3c0-4aa9-9c6a-b698c50b685f@group-B7738D5DBFED-LeaderElection10] INFO  server.RaftServerConfigKeys (ConfUtils.java:logGet(46)) - raft.server.write.element-limit = 1024 (custom)
2025-04-24 14:02:16,492 [aed9408d-e3c0-4aa9-9c6a-b698c50b685f@group-B7738D5DBFED-LeaderElection10] INFO  server.RaftServerConfigKeys (ConfUtils.java:logGet(46)) - raft.server.write.byte-limit = 1024 M (=1073741824) (custom)
2025-04-24 14:02:16,492 [aed9408d-e3c0-4aa9-9c6a-b698c50b685f@group-B7738D5DBFED-LeaderElection10] INFO  server.RaftServerConfigKeys (ConfUtils.java:logGet(46)) - raft.server.watch.timeout = 30s (custom)
2025-04-24 14:02:16,492 [aed9408d-e3c0-4aa9-9c6a-b698c50b685f@group-B7738D5DBFED-LeaderElection10] INFO  server.RaftServerConfigKeys (ConfUtils.java:logGet(46)) - raft.server.watch.timeout.denomination = 1s (default)
2025-04-24 14:02:16,492 [aed9408d-e3c0-4aa9-9c6a-b698c50b685f@group-B7738D5DBFED-LeaderElection10] INFO  server.RaftServerConfigKeys (ConfUtils.java:logGet(46)) - raft.server.watch.element-limit = 65536 (default)
2025-04-24 14:02:16,493 [aed9408d-e3c0-4aa9-9c6a-b698c50b685f@group-B7738D5DBFED-LeaderElection10] INFO  server.RaftServerConfigKeys (ConfUtils.java:logGet(46)) - raft.server.read.leader.lease.enabled = false (default)
2025-04-24 14:02:16,493 [aed9408d-e3c0-4aa9-9c6a-b698c50b685f@group-B7738D5DBFED-LeaderElection10] INFO  server.RaftServerConfigKeys (ConfUtils.java:logGet(46)) - raft.server.read.leader.lease.timeout.ratio = 0.9 (default)
2025-04-24 14:02:16,493 [aed9408d-e3c0-4aa9-9c6a-b698c50b685f@group-B7738D5DBFED-LeaderElection10] INFO  server.RaftServerConfigKeys (ConfUtils.java:logGet(46)) - raft.server.rpc.timeout.min = 5s (custom)
2025-04-24 14:02:16,493 [aed9408d-e3c0-4aa9-9c6a-b698c50b685f@group-B7738D5DBFED-LeaderElection10] INFO  server.RaftServerConfigKeys (ConfUtils.java:logGet(46)) - raft.server.log.log-metadata.enabled = true (default)
2025-04-24 14:02:16,493 [aed9408d-e3c0-4aa9-9c6a-b698c50b685f@group-B7738D5DBFED-LeaderElection10] INFO  server.RaftServerConfigKeys (ConfUtils.java:logGet(46)) - raft.server.write.element-limit = 1024 (custom)
2025-04-24 14:02:16,493 [aed9408d-e3c0-4aa9-9c6a-b698c50b685f@group-B7738D5DBFED-LeaderElection10] INFO  server.RaftServerConfigKeys (ConfUtils.java:logGet(46)) - raft.server.write.follower.gap.ratio.max = -1.0 (default)
2025-04-24 14:02:16,493 [aed9408d-e3c0-4aa9-9c6a-b698c50b685f@group-B7738D5DBFED-LeaderElection10] INFO  impl.RoleInfo (RoleInfo.java:updateAndGet(148)) - aed9408d-e3c0-4aa9-9c6a-b698c50b685f: start aed9408d-e3c0-4aa9-9c6a-b698c50b685f@group-B7738D5DBFED-LeaderStateImpl
2025-04-24 14:02:16,493 [aed9408d-e3c0-4aa9-9c6a-b698c50b685f@group-B7738D5DBFED-LeaderElection10] INFO  server.RaftServer$Division (RaftServerImpl.java:setFirstElection(562)) - aed9408d-e3c0-4aa9-9c6a-b698c50b685f@group-B7738D5DBFED: set firstElectionSinceStartup to false for becomeLeader
2025-04-24 14:02:16,493 [aed9408d-e3c0-4aa9-9c6a-b698c50b685f@group-B7738D5DBFED-LeaderElection10] INFO  ratis.XceiverServerRatis (XceiverServerRatis.java:handleLeaderChangedNotification(942)) - Leader change notification received for group: group-B7738D5DBFED with new leaderId: aed9408d-e3c0-4aa9-9c6a-b698c50b685f
2025-04-24 14:02:16,494 [aed9408d-e3c0-4aa9-9c6a-b698c50b685f@group-B7738D5DBFED-LeaderElection10] INFO  server.RaftServer$Division (ServerState.java:setLeader(272)) - aed9408d-e3c0-4aa9-9c6a-b698c50b685f@group-B7738D5DBFED: change Leader from null to aed9408d-e3c0-4aa9-9c6a-b698c50b685f at term 1 for becomeLeader, leader elected after 1033ms
2025-04-24 14:02:16,494 [aed9408d-e3c0-4aa9-9c6a-b698c50b685f@group-B7738D5DBFED-LeaderElection10] INFO  segmented.SegmentedRaftLogWorker (SegmentedRaftLogWorker.java:startLogSegment(438)) - aed9408d-e3c0-4aa9-9c6a-b698c50b685f@group-B7738D5DBFED-SegmentedRaftLogWorker: Starting segment from index:0
2025-04-24 14:02:16,494 [aed9408d-e3c0-4aa9-9c6a-b698c50b685f@group-B7738D5DBFED-LeaderElection10] INFO  server.RaftServer$Division (ServerState.java:setRaftConf(386)) - aed9408d-e3c0-4aa9-9c6a-b698c50b685f@group-B7738D5DBFED: set configuration conf: {index: 0, cur=peers:[aed9408d-e3c0-4aa9-9c6a-b698c50b685f|127.0.0.1:15031]|listeners:[], old=null}
2025-04-24 14:02:16,495 [aed9408d-e3c0-4aa9-9c6a-b698c50b685f@group-B7738D5DBFED-SegmentedRaftLogWorker] INFO  segmented.BufferedWriteChannel (BufferedWriteChannel.java:open(61)) - open log_inprogress_0 at position 0
2025-04-24 14:02:16,506 [aed9408d-e3c0-4aa9-9c6a-b698c50b685f@group-B7738D5DBFED-SegmentedRaftLogWorker] INFO  segmented.SegmentedRaftLogWorker (SegmentedRaftLogWorker.java:execute(644)) - aed9408d-e3c0-4aa9-9c6a-b698c50b685f@group-B7738D5DBFED-SegmentedRaftLogWorker: created new log segment /home/runner/work/ozone/ozone/hadoop-ozone/integration-test/target/test-dir/MiniOzoneClusterImpl-4e6105ad-12bc-4f18-9d37-351d73277e17/ozone-meta/datanode-2/ratis/2d9d04ba-cee8-4066-b58c-b7738d5dbfed/current/log_inprogress_0
2025-04-24 14:02:16,508 [aed9408d-e3c0-4aa9-9c6a-b698c50b685f@group-B7738D5DBFED-StateMachineUpdater] INFO  server.RaftServer$Division (LeaderStateImpl.java:checkStartIndex(313)) - Leader aed9408d-e3c0-4aa9-9c6a-b698c50b685f@group-B7738D5DBFED-LeaderStateImpl is ready since appliedIndex == startIndex == 0
2025-04-24 14:02:16,518 [main] INFO  rpc.RpcClient (RpcClient.java:createVolume(462)) - Creating Volume: volume6f4caf85-5fcf-4d82-8000-3b8baf5df380, with user22781 as owner and space quota set to -1 bytes, counts quota set to -1
2025-04-24 14:02:16,550 [omNode-1-OMStateMachineApplyTransactionThread - 0] WARN  helpers.OzoneAclUtil (OzoneAclUtil.java:getDefaultAclList(77)) - Failed to get primary group from user user22781 (auth:SIMPLE)
2025-04-24 14:02:16,550 [omNode-3-OMStateMachineApplyTransactionThread - 0] WARN  helpers.OzoneAclUtil (OzoneAclUtil.java:getDefaultAclList(77)) - Failed to get primary group from user user22781 (auth:SIMPLE)
2025-04-24 14:02:16,550 [omNode-2-OMStateMachineApplyTransactionThread - 0] WARN  helpers.OzoneAclUtil (OzoneAclUtil.java:getDefaultAclList(77)) - Failed to get primary group from user user22781 (auth:SIMPLE)
2025-04-24 14:02:16,552 [omNode-2-OMStateMachineApplyTransactionThread - 0] INFO  volume.OMVolumeCreateRequest (OMVolumeCreateRequest.java:validateAndUpdateCache(203)) - created volume:volume6f4caf85-5fcf-4d82-8000-3b8baf5df380 for user:user22781
2025-04-24 14:02:16,553 [omNode-3-OMStateMachineApplyTransactionThread - 0] INFO  volume.OMVolumeCreateRequest (OMVolumeCreateRequest.java:validateAndUpdateCache(203)) - created volume:volume6f4caf85-5fcf-4d82-8000-3b8baf5df380 for user:user22781
2025-04-24 14:02:16,554 [omNode-1-OMStateMachineApplyTransactionThread - 0] INFO  volume.OMVolumeCreateRequest (OMVolumeCreateRequest.java:validateAndUpdateCache(203)) - created volume:volume6f4caf85-5fcf-4d82-8000-3b8baf5df380 for user:user22781
2025-04-24 14:02:16,566 [main] INFO  rpc.RpcClient (RpcClient.java:createBucket(687)) - Creating Bucket: volume6f4caf85-5fcf-4d82-8000-3b8baf5df380/c70e9614-4296-4891-ade2-3aadf7deb2cc, with server-side default bucket layout, runner as owner, Versioning false, Storage Type set to DISK and Encryption set to false, Replication Type set to server-side default replication type, Namespace Quota set to -1, Space Quota set to -1 
2025-04-24 14:02:16,579 [omNode-1-OMStateMachineApplyTransactionThread - 0] INFO  bucket.OMBucketCreateRequest (OMBucketCreateRequest.java:validateAndUpdateCache(291)) - created bucket: c70e9614-4296-4891-ade2-3aadf7deb2cc of layout OBJECT_STORE in volume: volume6f4caf85-5fcf-4d82-8000-3b8baf5df380
2025-04-24 14:02:16,580 [omNode-3-OMStateMachineApplyTransactionThread - 0] INFO  bucket.OMBucketCreateRequest (OMBucketCreateRequest.java:validateAndUpdateCache(291)) - created bucket: c70e9614-4296-4891-ade2-3aadf7deb2cc of layout OBJECT_STORE in volume: volume6f4caf85-5fcf-4d82-8000-3b8baf5df380
2025-04-24 14:02:16,579 [omNode-2-OMStateMachineApplyTransactionThread - 0] INFO  bucket.OMBucketCreateRequest (OMBucketCreateRequest.java:validateAndUpdateCache(291)) - created bucket: c70e9614-4296-4891-ade2-3aadf7deb2cc of layout OBJECT_STORE in volume: volume6f4caf85-5fcf-4d82-8000-3b8baf5df380
2025-04-24 14:02:16,682 [IPC Server handler 6 on default port 15001] INFO  ha.SequenceIdGenerator (SequenceIdGenerator.java:getNextId(143)) - Allocate a batch for containerId, change lastId from 0 to 1000.
2025-04-24 14:02:16,691 [c9ecfe4d-0892-4246-87fb-41e44738771b@group-351D73277E17-StateMachineUpdater] WARN  ha.SequenceIdGenerator (SequenceIdGenerator.java:allocateBatch(256)) - Failed to allocate a batch for localId, expected lastId is 0, actual lastId is 115816896921600000.
2025-04-24 14:02:16,693 [IPC Server handler 6 on default port 15001] INFO  ha.SequenceIdGenerator (SequenceIdGenerator.java:getNextId(143)) - Allocate a batch for localId, change lastId from 115816896921600000 to 115816896921601000.
2025-04-24 14:02:16,728 [main] INFO  impl.MetricsSystemImpl (MetricsSystemImpl.java:init(158)) - XceiverClientMetrics metrics system started (again)
2025-04-24 14:02:17,181 [main] INFO  rpc.RpcClient (RpcClient.java:createVolume(462)) - Creating Volume: volumea012e6ac-d43b-4bdd-be50-04b9d473c849, with user85930 as owner and space quota set to -1 bytes, counts quota set to -1
2025-04-24 14:02:17,196 [omNode-1-OMStateMachineApplyTransactionThread - 0] WARN  helpers.OzoneAclUtil (OzoneAclUtil.java:getDefaultAclList(77)) - Failed to get primary group from user user85930 (auth:SIMPLE)
2025-04-24 14:02:17,196 [omNode-3-OMStateMachineApplyTransactionThread - 0] WARN  helpers.OzoneAclUtil (OzoneAclUtil.java:getDefaultAclList(77)) - Failed to get primary group from user user85930 (auth:SIMPLE)
2025-04-24 14:02:17,196 [omNode-1-OMStateMachineApplyTransactionThread - 0] INFO  volume.OMVolumeCreateRequest (OMVolumeCreateRequest.java:validateAndUpdateCache(203)) - created volume:volumea012e6ac-d43b-4bdd-be50-04b9d473c849 for user:user85930
2025-04-24 14:02:17,196 [omNode-2-OMStateMachineApplyTransactionThread - 0] WARN  helpers.OzoneAclUtil (OzoneAclUtil.java:getDefaultAclList(77)) - Failed to get primary group from user user85930 (auth:SIMPLE)
2025-04-24 14:02:17,196 [omNode-2-OMStateMachineApplyTransactionThread - 0] INFO  volume.OMVolumeCreateRequest (OMVolumeCreateRequest.java:validateAndUpdateCache(203)) - created volume:volumea012e6ac-d43b-4bdd-be50-04b9d473c849 for user:user85930
2025-04-24 14:02:17,196 [omNode-3-OMStateMachineApplyTransactionThread - 0] INFO  volume.OMVolumeCreateRequest (OMVolumeCreateRequest.java:validateAndUpdateCache(203)) - created volume:volumea012e6ac-d43b-4bdd-be50-04b9d473c849 for user:user85930
2025-04-24 14:02:17,200 [main] INFO  rpc.RpcClient (RpcClient.java:createBucket(687)) - Creating Bucket: volumea012e6ac-d43b-4bdd-be50-04b9d473c849/bebb0dd4-797c-41b6-9835-c6e64e8b139e, with server-side default bucket layout, runner as owner, Versioning false, Storage Type set to DISK and Encryption set to false, Replication Type set to server-side default replication type, Namespace Quota set to -1, Space Quota set to -1 
2025-04-24 14:02:17,204 [omNode-1-OMStateMachineApplyTransactionThread - 0] INFO  bucket.OMBucketCreateRequest (OMBucketCreateRequest.java:validateAndUpdateCache(291)) - created bucket: bebb0dd4-797c-41b6-9835-c6e64e8b139e of layout OBJECT_STORE in volume: volumea012e6ac-d43b-4bdd-be50-04b9d473c849
2025-04-24 14:02:17,205 [omNode-3-OMStateMachineApplyTransactionThread - 0] INFO  bucket.OMBucketCreateRequest (OMBucketCreateRequest.java:validateAndUpdateCache(291)) - created bucket: bebb0dd4-797c-41b6-9835-c6e64e8b139e of layout OBJECT_STORE in volume: volumea012e6ac-d43b-4bdd-be50-04b9d473c849
2025-04-24 14:02:17,206 [omNode-2-OMStateMachineApplyTransactionThread - 0] INFO  bucket.OMBucketCreateRequest (OMBucketCreateRequest.java:validateAndUpdateCache(291)) - created bucket: bebb0dd4-797c-41b6-9835-c6e64e8b139e of layout OBJECT_STORE in volume: volumea012e6ac-d43b-4bdd-be50-04b9d473c849
2025-04-24 14:02:17,214 [main] INFO  om.OzoneManager (OzoneManager.java:stop(2347)) - omNode-1[localhost:15006]: Stopping Ozone Manager
2025-04-24 14:02:17,214 [main] INFO  ipc.Server (Server.java:stop(3697)) - Stopping server on 15006
2025-04-24 14:02:17,219 [IPC Server listener on 15006] INFO  ipc.Server (Server.java:run(1585)) - Stopping IPC Server listener on 15006
2025-04-24 14:02:17,219 [IPC Server Responder] INFO  ipc.Server (Server.java:run(1718)) - Stopping IPC Server Responder
2025-04-24 14:02:17,220 [main] INFO  ratis.OzoneManagerRatisServer (OzoneManagerRatisServer.java:stop(634)) - Stopping org.apache.hadoop.ozone.om.ratis.OzoneManagerRatisServer@28ebfbaf at port 15009
2025-04-24 14:02:17,220 [main] INFO  server.RaftServer (RaftServerProxy.java:lambda$close$9(417)) - omNode-1: close
2025-04-24 14:02:17,220 [main] INFO  server.GrpcService (GrpcService.java:closeImpl(343)) - omNode-1: shutdown server GrpcServerProtocolService now
2025-04-24 14:02:17,221 [omNode-1-impl-thread1] INFO  server.RaftServer$Division (RaftServerImpl.java:lambda$close$1(513)) - omNode-1@group-523986131536: shutdown
2025-04-24 14:02:17,221 [omNode-1-impl-thread1] INFO  util.JmxRegister (JmxRegister.java:unregister(74)) - Successfully un-registered JMX Bean with object name Ratis:service=RaftServer,group=group-523986131536,id=omNode-1
2025-04-24 14:02:17,221 [omNode-1-impl-thread1] INFO  impl.RoleInfo (RoleInfo.java:shutdownLeaderState(103)) - omNode-1: shutdown omNode-1@group-523986131536-LeaderStateImpl
2025-04-24 14:02:17,221 [omNode-1-impl-thread1] INFO  impl.PendingRequests (PendingRequests.java:sendNotLeaderResponses(287)) - omNode-1@group-523986131536-PendingRequests: sendNotLeaderResponses
2025-04-24 14:02:17,221 [omNode-1@group-523986131536->omNode-3-GrpcLogAppender-LogAppenderDaemon] WARN  server.GrpcLogAppender (GrpcLogAppender.java:mayWait(293)) - omNode-1@group-523986131536->omNode-3-GrpcLogAppender: Wait interrupted by java.lang.InterruptedException
2025-04-24 14:02:17,222 [omNode-1@group-523986131536->omNode-2-GrpcLogAppender-LogAppenderDaemon] WARN  server.GrpcLogAppender (GrpcLogAppender.java:mayWait(293)) - omNode-1@group-523986131536->omNode-2-GrpcLogAppender: Wait interrupted by java.lang.InterruptedException
2025-04-24 14:02:17,223 [grpc-default-executor-0] INFO  server.GrpcServerProtocolService (GrpcServerProtocolService.java:onCompleted(157)) - omNode-2: Completed APPEND_ENTRIES, lastRequest: omNode-1->omNode-2#56-t1,previous=(t:1, i:19),leaderCommit=19,initializing? false,entries: size=1, first=(t:1, i:20), METADATAENTRY(c:19)
2025-04-24 14:02:17,223 [grpc-default-executor-0] INFO  server.GrpcServerProtocolService (GrpcServerProtocolService.java:lambda$onCompleted$5(159)) - omNode-2: Completed APPEND_ENTRIES, lastReply: null
2025-04-24 14:02:17,222 [grpc-default-executor-3] INFO  server.GrpcServerProtocolService (GrpcServerProtocolService.java:onCompleted(157)) - omNode-3: Completed APPEND_ENTRIES, lastRequest: omNode-1->omNode-3#821-t1,previous=(t:1, i:19),leaderCommit=19,initializing? false,entries: size=1, first=(t:1, i:20), METADATAENTRY(c:19)
2025-04-24 14:02:17,224 [omNode-1-impl-thread1] INFO  impl.StateMachineUpdater (StateMachineUpdater.java:stopAndJoin(164)) - omNode-1@group-523986131536-StateMachineUpdater: set stopIndex = 20
2025-04-24 14:02:17,224 [grpc-default-executor-1] INFO  server.GrpcServerProtocolService (GrpcServerProtocolService.java:onCompleted(157)) - omNode-2: Completed APPEND_ENTRIES, lastRequest: null
2025-04-24 14:02:17,223 [grpc-default-executor-2] INFO  server.GrpcServerProtocolService (GrpcServerProtocolService.java:onCompleted(157)) - omNode-3: Completed APPEND_ENTRIES, lastRequest: null
2025-04-24 14:02:17,224 [grpc-default-executor-3] INFO  server.GrpcServerProtocolService (GrpcServerProtocolService.java:lambda$onCompleted$5(159)) - omNode-3: Completed APPEND_ENTRIES, lastReply: null
2025-04-24 14:02:17,226 [grpc-default-executor-4] INFO  server.GrpcLogAppender (GrpcLogAppender.java:onCompleted(550)) - omNode-1@group-523986131536->omNode-2-AppendLogResponseHandler: follower responses appendEntries COMPLETED
2025-04-24 14:02:17,227 [grpc-default-executor-0] INFO  server.GrpcLogAppender (GrpcLogAppender.java:onCompleted(550)) - omNode-1@group-523986131536->omNode-3-AppendLogResponseHandler: follower responses appendEntries COMPLETED
2025-04-24 14:02:17,227 [Thread-765] INFO  server.GrpcServerProtocolClient (GrpcServerProtocolClient.java:close(105)) - omNode-3 Close channels
2025-04-24 14:02:17,228 [Thread-767] INFO  server.GrpcServerProtocolClient (GrpcServerProtocolClient.java:close(105)) - omNode-2 Close channels
2025-04-24 14:02:17,237 [grpc-default-executor-1] INFO  server.GrpcServerProtocolService (GrpcServerProtocolService.java:lambda$onCompleted$5(159)) - omNode-2: Completed APPEND_ENTRIES, lastReply: serverReply {
  requestorId: "omNode-1"
  replyId: "omNode-2"
  raftGroupId {
    id: "\311\274L\364;\303<`\246kR9\206\023\0256"
  }
  callId: 14
  success: true
}
term: 1
nextIndex: 1
matchIndex: 18446744073709551615
isHearbeat: true

2025-04-24 14:02:17,237 [grpc-default-executor-1] INFO  server.GrpcLogAppender (GrpcLogAppender.java:onCompleted(550)) - omNode-1@group-523986131536->omNode-2-AppendLogResponseHandler: follower responses appendEntries COMPLETED
2025-04-24 14:02:17,238 [grpc-default-executor-2] INFO  server.GrpcServerProtocolService (GrpcServerProtocolService.java:lambda$onCompleted$5(159)) - omNode-3: Completed APPEND_ENTRIES, lastReply: serverReply {
  requestorId: "omNode-1"
  replyId: "omNode-3"
  raftGroupId {
    id: "\311\274L\364;\303<`\246kR9\206\023\0256"
  }
  callId: 777
  success: true
}
term: 1
nextIndex: 1
matchIndex: 18446744073709551615
isHearbeat: true

2025-04-24 14:02:17,238 [grpc-default-executor-1] WARN  server.GrpcLogAppender (GrpcLogAppender.java:resetClient(230)) - omNode-1@group-523986131536->omNode-2-GrpcLogAppender: Failed to getClient for omNode-2
org.apache.ratis.protocol.exceptions.AlreadyClosedException: omNode-1 is already CLOSED
	at org.apache.ratis.util.PeerProxyMap$PeerAndProxy.getProxy(PeerProxyMap.java:67)
	at org.apache.ratis.util.PeerProxyMap.getProxy(PeerProxyMap.java:124)
	at org.apache.ratis.grpc.server.GrpcLogAppender.getClient(GrpcLogAppender.java:200)
	at org.apache.ratis.grpc.server.GrpcLogAppender.resetClient(GrpcLogAppender.java:205)
	at org.apache.ratis.grpc.server.GrpcLogAppender.access$800(GrpcLogAppender.java:64)
	at org.apache.ratis.grpc.server.GrpcLogAppender$AppendLogResponseHandler.onCompleted(GrpcLogAppender.java:551)
	at org.apache.ratis.thirdparty.io.grpc.stub.ClientCalls$StreamObserverToCallListenerAdapter.onClose(ClientCalls.java:479)
	at org.apache.ratis.thirdparty.io.grpc.internal.DelayedClientCall$DelayedListener$3.run(DelayedClientCall.java:489)
	at org.apache.ratis.thirdparty.io.grpc.internal.DelayedClientCall$DelayedListener.delayOrExecute(DelayedClientCall.java:453)
	at org.apache.ratis.thirdparty.io.grpc.internal.DelayedClientCall$DelayedListener.onClose(DelayedClientCall.java:486)
	at org.apache.ratis.thirdparty.io.grpc.internal.ClientCallImpl.closeObserver(ClientCallImpl.java:567)
	at org.apache.ratis.thirdparty.io.grpc.internal.ClientCallImpl.access$300(ClientCallImpl.java:71)
	at org.apache.ratis.thirdparty.io.grpc.internal.ClientCallImpl$ClientStreamListenerImpl$1StreamClosed.runInternal(ClientCallImpl.java:735)
	at org.apache.ratis.thirdparty.io.grpc.internal.ClientCallImpl$ClientStreamListenerImpl$1StreamClosed.runInContext(ClientCallImpl.java:716)
	at org.apache.ratis.thirdparty.io.grpc.internal.ContextRunnable.run(ContextRunnable.java:37)
	at org.apache.ratis.thirdparty.io.grpc.internal.SerializingExecutor.run(SerializingExecutor.java:133)
	at java.base/java.util.concurrent.ThreadPoolExecutor.runWorker(ThreadPoolExecutor.java:1144)
	at java.base/java.util.concurrent.ThreadPoolExecutor$Worker.run(ThreadPoolExecutor.java:642)
	at java.base/java.lang.Thread.run(Thread.java:1583)
2025-04-24 14:02:17,239 [grpc-default-executor-2] INFO  server.GrpcLogAppender (GrpcLogAppender.java:onCompleted(550)) - omNode-1@group-523986131536->omNode-3-AppendLogResponseHandler: follower responses appendEntries COMPLETED
2025-04-24 14:02:17,239 [grpc-default-executor-2] WARN  server.GrpcLogAppender (GrpcLogAppender.java:resetClient(230)) - omNode-1@group-523986131536->omNode-3-GrpcLogAppender: Failed to getClient for omNode-3
org.apache.ratis.protocol.exceptions.AlreadyClosedException: omNode-1 is already CLOSED
	at org.apache.ratis.util.PeerProxyMap$PeerAndProxy.getProxy(PeerProxyMap.java:67)
	at org.apache.ratis.util.PeerProxyMap.getProxy(PeerProxyMap.java:124)
	at org.apache.ratis.grpc.server.GrpcLogAppender.getClient(GrpcLogAppender.java:200)
	at org.apache.ratis.grpc.server.GrpcLogAppender.resetClient(GrpcLogAppender.java:205)
	at org.apache.ratis.grpc.server.GrpcLogAppender.access$800(GrpcLogAppender.java:64)
	at org.apache.ratis.grpc.server.GrpcLogAppender$AppendLogResponseHandler.onCompleted(GrpcLogAppender.java:551)
	at org.apache.ratis.thirdparty.io.grpc.stub.ClientCalls$StreamObserverToCallListenerAdapter.onClose(ClientCalls.java:479)
	at org.apache.ratis.thirdparty.io.grpc.internal.ClientCallImpl.closeObserver(ClientCallImpl.java:567)
	at org.apache.ratis.thirdparty.io.grpc.internal.ClientCallImpl.access$300(ClientCallImpl.java:71)
	at org.apache.ratis.thirdparty.io.grpc.internal.ClientCallImpl$ClientStreamListenerImpl$1StreamClosed.runInternal(ClientCallImpl.java:735)
	at org.apache.ratis.thirdparty.io.grpc.internal.ClientCallImpl$ClientStreamListenerImpl$1StreamClosed.runInContext(ClientCallImpl.java:716)
	at org.apache.ratis.thirdparty.io.grpc.internal.ContextRunnable.run(ContextRunnable.java:37)
	at org.apache.ratis.thirdparty.io.grpc.internal.SerializingExecutor.run(SerializingExecutor.java:133)
	at java.base/java.util.concurrent.ThreadPoolExecutor.runWorker(ThreadPoolExecutor.java:1144)
	at java.base/java.util.concurrent.ThreadPoolExecutor$Worker.run(ThreadPoolExecutor.java:642)
	at java.base/java.lang.Thread.run(Thread.java:1583)
2025-04-24 14:02:17,240 [main] INFO  server.GrpcService (GrpcService.java:closeImpl(352)) - omNode-1: shutdown server GrpcServerProtocolService successfully
2025-04-24 14:02:17,252 [omNode-1@group-523986131536-StateMachineUpdater] INFO  ratis.OzoneManagerStateMachine (OzoneManagerStateMachine.java:takeSnapshotImpl(510)) - omNode-1: taking snapshot. applied = (t:1, i:20), skipped = 19, notified = (t:1, i:20), current snapshot index = (t:1, i:20), took 28 ms
2025-04-24 14:02:17,252 [omNode-1@group-523986131536-StateMachineUpdater] INFO  impl.StateMachineUpdater (StateMachineUpdater.java:takeSnapshot(303)) - omNode-1@group-523986131536-StateMachineUpdater: Took a snapshot at index 20
2025-04-24 14:02:17,252 [omNode-1@group-523986131536-StateMachineUpdater] INFO  impl.StateMachineUpdater (StateMachineUpdater.java:lambda$new$0(102)) - omNode-1@group-523986131536-StateMachineUpdater: snapshotIndex: updateIncreasingly -1 -> 20
2025-04-24 14:02:17,252 [omNode-1@group-523986131536-StateMachineUpdater] INFO  impl.StateMachineUpdater (StateMachineUpdater.java:stop(141)) - omNode-1@group-523986131536-StateMachineUpdater: closing OzoneManagerStateMachine, lastApplied=(t:1, i:20)
2025-04-24 14:02:17,252 [omNode-1@group-523986131536-StateMachineUpdater] INFO  ratis.OzoneManagerStateMachine (OzoneManagerStateMachine.java:close(550)) - Stopping OzoneManagerStateMachine:omNode-1:group-523986131536.
2025-04-24 14:02:17,252 [omNode-1@group-523986131536-StateMachineUpdater] INFO  ratis.OzoneManagerDoubleBuffer (OzoneManagerDoubleBuffer.java:stopDaemon(500)) - Stopping OMDoubleBuffer flush thread
2025-04-24 14:02:17,252 [omNode-1-OMDoubleBufferFlushThread] INFO  ratis.OzoneManagerDoubleBuffer (OzoneManagerDoubleBuffer.java:canFlush(559)) - OMDoubleBuffer flush thread omNode-1-OMDoubleBufferFlushThread is interrupted and will exit.
2025-04-24 14:02:17,253 [omNode-1@group-523986131536-cacheEviction-AwaitToRun] INFO  util.AwaitToRun (AwaitToRun.java:run(49)) - omNode-1@group-523986131536-cacheEviction-AwaitToRun-AwaitForSignal is interrupted
2025-04-24 14:02:18,213 [omNode-1-impl-thread1] INFO  segmented.SegmentedRaftLogWorker (SegmentedRaftLogWorker.java:close(252)) - omNode-1@group-523986131536-SegmentedRaftLogWorker close()
2025-04-24 14:02:18,214 [JvmPauseMonitor2] INFO  util.JvmPauseMonitor (JvmPauseMonitor.java:run(152)) - JvmPauseMonitor-omNode-1: Stopped
2025-04-24 14:02:18,214 [main] INFO  utils.BackgroundService (BackgroundService.java:shutdown(161)) - Shutting down service KeyDeletingService
2025-04-24 14:02:18,214 [main] INFO  utils.BackgroundService (BackgroundService.java:shutdown(161)) - Shutting down service DirectoryDeletingService
2025-04-24 14:02:18,215 [main] INFO  utils.BackgroundService (BackgroundService.java:shutdown(161)) - Shutting down service OpenKeyCleanupService
2025-04-24 14:02:18,216 [main] INFO  utils.BackgroundService (BackgroundService.java:shutdown(161)) - Shutting down service SstFilteringService
2025-04-24 14:02:18,216 [main] INFO  utils.BackgroundService (BackgroundService.java:shutdown(161)) - Shutting down service SnapshotDeletingService
2025-04-24 14:02:18,216 [main] INFO  utils.BackgroundService (BackgroundService.java:shutdown(161)) - Shutting down service MultipartUploadCleanupService
2025-04-24 14:02:18,218 [main] INFO  handler.ContextHandler (ContextHandler.java:doStop(1159)) - Stopped o.e.j.w.WebAppContext@14ecd8d5{ozoneManager,/,null,STOPPED}{file:/home/runner/work/ozone/ozone/hadoop-ozone/integration-test/target/test-classes/webapps/ozoneManager}
2025-04-24 14:02:18,220 [main] INFO  server.AbstractConnector (AbstractConnector.java:doStop(383)) - Stopped ServerConnector@63dee1b7{HTTP/1.1, (http/1.1)}{0.0.0.0:15007}
2025-04-24 14:02:18,220 [main] INFO  server.session (HouseKeeper.java:stopScavenging(149)) - node0 Stopped scavenging
2025-04-24 14:02:18,221 [main] INFO  handler.ContextHandler (ContextHandler.java:doStop(1159)) - Stopped o.e.j.s.ServletContextHandler@3b5a4aa5{static,/static,file:///home/runner/work/ozone/ozone/hadoop-ozone/integration-test/target/test-classes/webapps/static,STOPPED}
2025-04-24 14:02:18,221 [main] INFO  handler.ContextHandler (ContextHandler.java:doStop(1159)) - Stopped o.e.j.s.ServletContextHandler@3de9a4f4{logs,/logs,file:///home/runner/work/ozone/ozone/hadoop-ozone/integration-test/target/log,STOPPED}
2025-04-24 14:02:18,222 [main] INFO  rocksdiff.RocksDBCheckpointDiffer (RocksDBCheckpointDiffer.java:close(304)) - Shutting down CompactionDagPruningService.
2025-04-24 14:02:18,225 [main] INFO  snapshot.SnapshotDiffManager (SnapshotDiffManager.java:closeExecutorService(1698)) - Shutting down executorService: 'SnapDiffExecutor'
2025-04-24 14:02:18,226 [main] INFO  utils.BackgroundService (BackgroundService.java:shutdown(161)) - Shutting down service SnapshotDiffCleanupService
2025-04-24 14:02:18,743 [omNode-2@group-523986131536-FollowerState] INFO  impl.FollowerState (FollowerState.java:runImpl(161)) - omNode-2@group-523986131536-FollowerState: change to CANDIDATE, lastRpcElapsedTime:1529322908ns, electionTimeout:1156ms
2025-04-24 14:02:18,743 [omNode-2@group-523986131536-FollowerState] INFO  impl.RoleInfo (RoleInfo.java:shutdownFollowerState(121)) - omNode-2: shutdown omNode-2@group-523986131536-FollowerState
2025-04-24 14:02:18,743 [omNode-2@group-523986131536-FollowerState] INFO  server.RaftServer$Division (RaftServerImpl.java:setRole(378)) - omNode-2@group-523986131536: changes role from  FOLLOWER to CANDIDATE at term 1 for changeToCandidate
2025-04-24 14:02:18,744 [omNode-2@group-523986131536-FollowerState] INFO  server.RaftServerConfigKeys (ConfUtils.java:logGet(46)) - raft.server.leaderelection.pre-vote = true (default)
2025-04-24 14:02:18,744 [omNode-2@group-523986131536-FollowerState] INFO  impl.RoleInfo (RoleInfo.java:updateAndGet(148)) - omNode-2: start omNode-2@group-523986131536-LeaderElection11
2025-04-24 14:02:18,744 [omNode-2@group-523986131536-LeaderElection11] INFO  server.RaftServer$Division (ServerState.java:setLeader(272)) - omNode-2@group-523986131536: change Leader from omNode-1 to null at term 1 for PRE_VOTE
2025-04-24 14:02:18,744 [omNode-2@group-523986131536-LeaderElection11] INFO  impl.LeaderElection (LeaderElection.java:askForVotes(332)) - omNode-2@group-523986131536-LeaderElection11 PRE_VOTE round 0: submit vote requests at term 1 for conf: {index: 0, cur=peers:[omNode-3|localhost:15017, omNode-1|localhost:15009, omNode-2|localhost:15013]|listeners:[], old=null}
2025-04-24 14:02:18,745 [omNode-2@group-523986131536-LeaderElection11-1] INFO  server.GrpcServerProtocolClient (GrpcServerProtocolClient.java:<init>(65)) - Build channel for omNode-3|localhost:15017
2025-04-24 14:02:18,745 [omNode-2@group-523986131536-LeaderElection11-2] INFO  server.GrpcServerProtocolClient (GrpcServerProtocolClient.java:<init>(65)) - Build channel for omNode-1|localhost:15009
2025-04-24 14:02:18,748 [omNode-2@group-523986131536-LeaderElection11] INFO  impl.LeaderElection (LogUtils.java:infoOrTrace(136)) - omNode-2@group-523986131536-LeaderElection11 got exception when requesting votes: java.util.concurrent.ExecutionException: org.apache.ratis.thirdparty.io.grpc.StatusRuntimeException: UNAVAILABLE: io exception
2025-04-24 14:02:18,750 [grpc-default-executor-1] INFO  server.RaftServer$Division (RaftServerImpl.java:requestVote(1407)) - omNode-3@group-523986131536: receive requestVote(PRE_VOTE, omNode-2, group-523986131536, 1, (t:1, i:20))
2025-04-24 14:02:18,750 [grpc-default-executor-1] INFO  impl.VoteContext (VoteContext.java:log(49)) - omNode-3@group-523986131536-FOLLOWER: accept PRE_VOTE from omNode-2: our priority 0 <= candidate's priority 0
2025-04-24 14:02:18,750 [grpc-default-executor-1] INFO  server.RaftServer$Division (RaftServerImpl.java:requestVote(1441)) - omNode-3@group-523986131536 replies to PRE_VOTE vote request: omNode-2<-omNode-3#0:OK-t1. Peer's state: omNode-3@group-523986131536:t1, leader=omNode-1, voted=null, raftlog=Memoized:omNode-3@group-523986131536-SegmentedRaftLog:OPENED:c19:last(t:1, i:20), conf=conf: {index: 0, cur=peers:[omNode-3|localhost:15017, omNode-1|localhost:15009, omNode-2|localhost:15013]|listeners:[], old=null}
2025-04-24 14:02:18,751 [omNode-2@group-523986131536-LeaderElection11] INFO  impl.LeaderElection (LeaderElection.java:logAndReturn(90)) - omNode-2@group-523986131536-LeaderElection11: PRE_VOTE PASSED received 1 response(s) and 1 exception(s):
2025-04-24 14:02:18,751 [omNode-2@group-523986131536-LeaderElection11] INFO  impl.LeaderElection (LeaderElection.java:logAndReturn(94)) -   Response 0: omNode-2<-omNode-3#0:OK-t1
2025-04-24 14:02:18,751 [omNode-2@group-523986131536-LeaderElection11] INFO  impl.LeaderElection (LogUtils.java:infoOrTrace(136)) -   Exception 1: java.util.concurrent.ExecutionException: org.apache.ratis.thirdparty.io.grpc.StatusRuntimeException: UNAVAILABLE: io exception
2025-04-24 14:02:18,752 [omNode-2@group-523986131536-LeaderElection11] INFO  impl.LeaderElection (LeaderElection.java:askForVotes(334)) - omNode-2@group-523986131536-LeaderElection11 PRE_VOTE round 0: result PASSED
2025-04-24 14:02:18,753 [omNode-2@group-523986131536-LeaderElection11] INFO  impl.LeaderElection (LeaderElection.java:askForVotes(332)) - omNode-2@group-523986131536-LeaderElection11 ELECTION round 0: submit vote requests at term 2 for conf: {index: 0, cur=peers:[omNode-3|localhost:15017, omNode-1|localhost:15009, omNode-2|localhost:15013]|listeners:[], old=null}
2025-04-24 14:02:18,754 [omNode-2@group-523986131536-LeaderElection11] INFO  impl.LeaderElection (LogUtils.java:infoOrTrace(136)) - omNode-2@group-523986131536-LeaderElection11 got exception when requesting votes: java.util.concurrent.ExecutionException: org.apache.ratis.thirdparty.io.grpc.StatusRuntimeException: UNAVAILABLE: io exception
2025-04-24 14:02:18,754 [grpc-default-executor-1] INFO  server.RaftServer$Division (RaftServerImpl.java:requestVote(1407)) - omNode-3@group-523986131536: receive requestVote(ELECTION, omNode-2, group-523986131536, 2, (t:1, i:20))
2025-04-24 14:02:18,754 [grpc-default-executor-1] INFO  impl.VoteContext (VoteContext.java:log(49)) - omNode-3@group-523986131536-FOLLOWER: accept ELECTION from omNode-2: our priority 0 <= candidate's priority 0
2025-04-24 14:02:18,754 [grpc-default-executor-1] INFO  server.RaftServer$Division (RaftServerImpl.java:setRole(378)) - omNode-3@group-523986131536: changes role from  FOLLOWER to FOLLOWER at term 1 for candidate:omNode-2
2025-04-24 14:02:18,754 [grpc-default-executor-1] INFO  impl.RoleInfo (RoleInfo.java:shutdownFollowerState(121)) - omNode-3: shutdown omNode-3@group-523986131536-FollowerState
2025-04-24 14:02:18,754 [grpc-default-executor-1] INFO  server.RaftServer$Division (ServerState.java:setLeader(272)) - omNode-3@group-523986131536: change Leader from omNode-1 to null at term 2 for updateCurrentTerm
2025-04-24 14:02:18,755 [grpc-default-executor-1] INFO  impl.RoleInfo (RoleInfo.java:updateAndGet(148)) - omNode-3: start omNode-3@group-523986131536-FollowerState
2025-04-24 14:02:18,755 [omNode-3@group-523986131536-FollowerState] INFO  impl.FollowerState (FollowerState.java:runImpl(170)) - omNode-3@group-523986131536-FollowerState was interrupted
2025-04-24 14:02:18,756 [grpc-default-executor-1] INFO  server.RaftServer$Division (RaftServerImpl.java:requestVote(1441)) - omNode-3@group-523986131536 replies to ELECTION vote request: omNode-2<-omNode-3#0:OK-t2. Peer's state: omNode-3@group-523986131536:t2, leader=null, voted=omNode-2, raftlog=Memoized:omNode-3@group-523986131536-SegmentedRaftLog:OPENED:c19:last(t:1, i:20), conf=conf: {index: 0, cur=peers:[omNode-3|localhost:15017, omNode-1|localhost:15009, omNode-2|localhost:15013]|listeners:[], old=null}
2025-04-24 14:02:18,756 [omNode-2@group-523986131536-LeaderElection11] INFO  impl.LeaderElection (LeaderElection.java:logAndReturn(90)) - omNode-2@group-523986131536-LeaderElection11: ELECTION PASSED received 1 response(s) and 1 exception(s):
2025-04-24 14:02:18,757 [omNode-2@group-523986131536-LeaderElection11] INFO  impl.LeaderElection (LeaderElection.java:logAndReturn(94)) -   Response 0: omNode-2<-omNode-3#0:OK-t2
2025-04-24 14:02:18,757 [omNode-2@group-523986131536-LeaderElection11] INFO  impl.LeaderElection (LogUtils.java:infoOrTrace(136)) -   Exception 1: java.util.concurrent.ExecutionException: org.apache.ratis.thirdparty.io.grpc.StatusRuntimeException: UNAVAILABLE: io exception
2025-04-24 14:02:18,757 [omNode-2@group-523986131536-LeaderElection11] INFO  impl.LeaderElection (LeaderElection.java:askForVotes(334)) - omNode-2@group-523986131536-LeaderElection11 ELECTION round 0: result PASSED
2025-04-24 14:02:18,757 [omNode-2@group-523986131536-LeaderElection11] INFO  impl.RoleInfo (RoleInfo.java:shutdownLeaderElection(141)) - omNode-2: shutdown omNode-2@group-523986131536-LeaderElection11
2025-04-24 14:02:18,757 [omNode-2@group-523986131536-LeaderElection11] INFO  server.RaftServer$Division (RaftServerImpl.java:setRole(378)) - omNode-2@group-523986131536: changes role from CANDIDATE to LEADER at term 2 for changeToLeader
2025-04-24 14:02:18,757 [omNode-2@group-523986131536-LeaderElection11] INFO  server.RaftServerConfigKeys (ConfUtils.java:logGet(46)) - raft.server.staging.catchup.gap = 1000 (default)
2025-04-24 14:02:18,758 [omNode-2@group-523986131536-LeaderElection11] INFO  server.RaftServerConfigKeys (ConfUtils.java:logGet(46)) - raft.server.write.element-limit = 4096 (default)
2025-04-24 14:02:18,758 [omNode-2@group-523986131536-LeaderElection11] INFO  server.RaftServerConfigKeys (ConfUtils.java:logGet(46)) - raft.server.write.byte-limit = 64MB (=67108864) (default)
2025-04-24 14:02:18,758 [omNode-2@group-523986131536-LeaderElection11] INFO  server.RaftServerConfigKeys (ConfUtils.java:logGet(46)) - raft.server.watch.timeout = 10s (default)
2025-04-24 14:02:18,758 [omNode-2@group-523986131536-LeaderElection11] INFO  server.RaftServerConfigKeys (ConfUtils.java:logGet(46)) - raft.server.watch.timeout.denomination = 1s (default)
2025-04-24 14:02:18,758 [omNode-2@group-523986131536-LeaderElection11] INFO  server.RaftServerConfigKeys (ConfUtils.java:logGet(46)) - raft.server.watch.element-limit = 65536 (default)
2025-04-24 14:02:18,758 [omNode-2@group-523986131536-LeaderElection11] INFO  server.RaftServerConfigKeys (ConfUtils.java:logGet(46)) - raft.server.read.leader.lease.enabled = false (default)
2025-04-24 14:02:18,759 [omNode-2@group-523986131536-LeaderElection11] INFO  server.RaftServerConfigKeys (ConfUtils.java:logGet(46)) - raft.server.read.leader.lease.timeout.ratio = 0.9 (default)
2025-04-24 14:02:18,759 [omNode-2@group-523986131536-LeaderElection11] INFO  server.RaftServerConfigKeys (ConfUtils.java:logGet(46)) - raft.server.rpc.timeout.min = 1s (custom)
2025-04-24 14:02:18,759 [omNode-2@group-523986131536-LeaderElection11] INFO  server.RaftServerConfigKeys (ConfUtils.java:logGet(46)) - raft.server.log.log-metadata.enabled = true (default)
2025-04-24 14:02:18,759 [omNode-2@group-523986131536-LeaderElection11] INFO  server.RaftServerConfigKeys (ConfUtils.java:logGet(46)) - raft.server.write.element-limit = 4096 (default)
2025-04-24 14:02:18,759 [omNode-2@group-523986131536-LeaderElection11] INFO  server.RaftServerConfigKeys (ConfUtils.java:logGet(46)) - raft.server.write.follower.gap.ratio.max = -1.0 (default)
2025-04-24 14:02:18,759 [omNode-2@group-523986131536-LeaderElection11] INFO  server.RaftServerConfigKeys (ConfUtils.java:logGet(46)) - raft.server.log.appender.snapshot.chunk.size.max = 16MB (=16777216) (default)
2025-04-24 14:02:18,759 [omNode-2@group-523986131536-LeaderElection11] INFO  server.RaftServerConfigKeys (ConfUtils.java:logGet(46)) - raft.server.log.appender.buffer.byte-limit = 4194304 (custom)
2025-04-24 14:02:18,759 [omNode-2@group-523986131536-LeaderElection11] INFO  server.RaftServerConfigKeys (ConfUtils.java:logGet(46)) - raft.server.log.appender.buffer.element-limit = 1024 (custom)
2025-04-24 14:02:18,759 [omNode-2@group-523986131536-LeaderElection11] INFO  server.RaftServerConfigKeys (ConfUtils.java:logGet(46)) - raft.server.log.appender.wait-time.min = 0ms (custom)
2025-04-24 14:02:18,760 [omNode-2@group-523986131536-LeaderElection11] INFO  grpc.GrpcConfigKeys (ConfUtils.java:logGet(46)) - raft.grpc.server.leader.outstanding.appends.max = 8 (default)
2025-04-24 14:02:18,760 [omNode-2@group-523986131536-LeaderElection11] INFO  server.RaftServerConfigKeys (ConfUtils.java:logGet(46)) - raft.server.rpc.request.timeout = 3000ms (default)
2025-04-24 14:02:18,760 [omNode-2@group-523986131536-LeaderElection11] INFO  grpc.GrpcConfigKeys (ConfUtils.java:logGet(46)) - raft.grpc.server.install_snapshot.request.element-limit = 8 (default)
2025-04-24 14:02:18,760 [omNode-2@group-523986131536-LeaderElection11] INFO  grpc.GrpcConfigKeys (ConfUtils.java:logGet(46)) - raft.grpc.server.install_snapshot.request.timeout = 3000ms (default)
2025-04-24 14:02:18,760 [omNode-2@group-523986131536-LeaderElection11] INFO  grpc.GrpcConfigKeys (ConfUtils.java:logGet(46)) - raft.grpc.server.log-message.batch.duration = 5s (default)
2025-04-24 14:02:18,760 [omNode-2@group-523986131536-LeaderElection11] INFO  server.RaftServerConfigKeys (ConfUtils.java:logGet(46)) - raft.server.log.appender.install.snapshot.enabled = false (custom)
2025-04-24 14:02:18,760 [omNode-2@group-523986131536-LeaderElection11] INFO  grpc.GrpcConfigKeys (ConfUtils.java:logGet(46)) - raft.grpc.server.heartbeat.channel = true (default)
2025-04-24 14:02:18,761 [omNode-2@group-523986131536-LeaderElection11] INFO  server.RaftServerConfigKeys (ConfUtils.java:logGet(46)) - raft.server.log.appender.snapshot.chunk.size.max = 16MB (=16777216) (default)
2025-04-24 14:02:18,761 [omNode-2@group-523986131536-LeaderElection11] INFO  server.RaftServerConfigKeys (ConfUtils.java:logGet(46)) - raft.server.log.appender.buffer.byte-limit = 4194304 (custom)
2025-04-24 14:02:18,761 [omNode-2@group-523986131536-LeaderElection11] INFO  server.RaftServerConfigKeys (ConfUtils.java:logGet(46)) - raft.server.log.appender.buffer.element-limit = 1024 (custom)
2025-04-24 14:02:18,761 [omNode-2@group-523986131536-LeaderElection11] INFO  server.RaftServerConfigKeys (ConfUtils.java:logGet(46)) - raft.server.log.appender.wait-time.min = 0ms (custom)
2025-04-24 14:02:18,761 [omNode-2@group-523986131536-LeaderElection11] INFO  grpc.GrpcConfigKeys (ConfUtils.java:logGet(46)) - raft.grpc.server.leader.outstanding.appends.max = 8 (default)
2025-04-24 14:02:18,761 [omNode-2@group-523986131536-LeaderElection11] INFO  server.RaftServerConfigKeys (ConfUtils.java:logGet(46)) - raft.server.rpc.request.timeout = 3000ms (default)
2025-04-24 14:02:18,761 [omNode-2@group-523986131536-LeaderElection11] INFO  grpc.GrpcConfigKeys (ConfUtils.java:logGet(46)) - raft.grpc.server.install_snapshot.request.element-limit = 8 (default)
2025-04-24 14:02:18,761 [omNode-2@group-523986131536-LeaderElection11] INFO  grpc.GrpcConfigKeys (ConfUtils.java:logGet(46)) - raft.grpc.server.install_snapshot.request.timeout = 3000ms (default)
2025-04-24 14:02:18,761 [omNode-2@group-523986131536-LeaderElection11] INFO  grpc.GrpcConfigKeys (ConfUtils.java:logGet(46)) - raft.grpc.server.log-message.batch.duration = 5s (default)
2025-04-24 14:02:18,761 [omNode-2@group-523986131536-LeaderElection11] INFO  server.RaftServerConfigKeys (ConfUtils.java:logGet(46)) - raft.server.log.appender.install.snapshot.enabled = false (custom)
2025-04-24 14:02:18,761 [omNode-2@group-523986131536-LeaderElection11] INFO  grpc.GrpcConfigKeys (ConfUtils.java:logGet(46)) - raft.grpc.server.heartbeat.channel = true (default)
2025-04-24 14:02:18,762 [omNode-2@group-523986131536-LeaderElection11] INFO  impl.RoleInfo (RoleInfo.java:updateAndGet(148)) - omNode-2: start omNode-2@group-523986131536-LeaderStateImpl
2025-04-24 14:02:18,762 [omNode-2@group-523986131536-LeaderElection11] INFO  ratis.OzoneManagerStateMachine (OzoneManagerStateMachine.java:notifyLeaderChanged(169)) - omNode-2@group-523986131536: leader changed to omNode-2
2025-04-24 14:02:18,762 [omNode-2@group-523986131536-LeaderElection11] INFO  server.RaftServer$Division (ServerState.java:setLeader(272)) - omNode-2@group-523986131536: change Leader from null to omNode-2 at term 2 for becomeLeader, leader elected after 17ms
2025-04-24 14:02:18,762 [omNode-2@group-523986131536-LeaderElection11] INFO  segmented.SegmentedRaftLogWorker (SegmentedRaftLogWorker.java:rollLogSegment(443)) - omNode-2@group-523986131536-SegmentedRaftLogWorker: Rolling segment log-0_20 to index:20
2025-04-24 14:02:18,763 [omNode-2@group-523986131536-LeaderElection11] INFO  server.RaftServer$Division (ServerState.java:setRaftConf(386)) - omNode-2@group-523986131536: set configuration conf: {index: 21, cur=peers:[omNode-3|localhost:15017, omNode-1|localhost:15009, omNode-2|localhost:15013]|listeners:[], old=null}
2025-04-24 14:02:18,764 [omNode-2@group-523986131536-SegmentedRaftLogWorker] INFO  segmented.SegmentedRaftLogWorker (SegmentedRaftLogWorker.java:execute(601)) - omNode-2@group-523986131536-SegmentedRaftLogWorker: Rolled log segment from /home/runner/work/ozone/ozone/hadoop-ozone/integration-test/target/test-dir/MiniOzoneClusterImpl-4e6105ad-12bc-4f18-9d37-351d73277e17/omNode-2/ratis/c9bc4cf4-3bc3-3c60-a66b-523986131536/current/log_inprogress_0 to /home/runner/work/ozone/ozone/hadoop-ozone/integration-test/target/test-dir/MiniOzoneClusterImpl-4e6105ad-12bc-4f18-9d37-351d73277e17/omNode-2/ratis/c9bc4cf4-3bc3-3c60-a66b-523986131536/current/log_0-20
2025-04-24 14:02:18,764 [omNode-2@group-523986131536-SegmentedRaftLogWorker] INFO  segmented.BufferedWriteChannel (BufferedWriteChannel.java:open(61)) - open log_inprogress_21 at position 0
2025-04-24 14:02:18,765 [grpc-default-executor-2] WARN  server.GrpcLogAppender (LogUtils.java:warn(121)) - omNode-2@group-523986131536->omNode-1-AppendLogResponseHandler: Failed appendEntries: org.apache.ratis.thirdparty.io.grpc.StatusRuntimeException: UNAVAILABLE: io exception
2025-04-24 14:02:18,766 [grpc-default-executor-2] WARN  server.GrpcLogAppender (GrpcLogAppender.java:lambda$resetClient$1(221)) - omNode-2@group-523986131536->omNode-1-GrpcLogAppender: Follower failed (request=null, errorCount=1); keep nextIndex (21) unchanged and retry.
2025-04-24 14:02:18,770 [grpc-default-executor-0] WARN  server.GrpcLogAppender (GrpcLogAppender.java:lambda$resetClient$1(221)) - omNode-2@group-523986131536->omNode-1-GrpcLogAppender: Follower failed (request=null, errorCount=3); keep nextIndex (22) unchanged and retry.
2025-04-24 14:02:18,772 [omNode-3-server-thread2] INFO  ratis.OzoneManagerStateMachine (OzoneManagerStateMachine.java:notifyLeaderChanged(169)) - omNode-3@group-523986131536: leader changed to omNode-2
2025-04-24 14:02:18,773 [omNode-3-server-thread2] INFO  server.RaftServer$Division (ServerState.java:setLeader(272)) - omNode-3@group-523986131536: change Leader from null to omNode-2 at term 2 for appendEntries, leader elected after 17ms
2025-04-24 14:02:18,773 [omNode-3-server-thread2] INFO  server.RaftServer$Division (ServerState.java:setRaftConf(386)) - omNode-3@group-523986131536: set configuration conf: {index: 21, cur=peers:[omNode-3|localhost:15017, omNode-1|localhost:15009, omNode-2|localhost:15013]|listeners:[], old=null}
2025-04-24 14:02:18,773 [omNode-3-server-thread2] INFO  segmented.SegmentedRaftLogWorker (SegmentedRaftLogWorker.java:rollLogSegment(443)) - omNode-3@group-523986131536-SegmentedRaftLogWorker: Rolling segment log-0_20 to index:20
2025-04-24 14:02:18,776 [omNode-3@group-523986131536-SegmentedRaftLogWorker] INFO  segmented.SegmentedRaftLogWorker (SegmentedRaftLogWorker.java:execute(601)) - omNode-3@group-523986131536-SegmentedRaftLogWorker: Rolled log segment from /home/runner/work/ozone/ozone/hadoop-ozone/integration-test/target/test-dir/MiniOzoneClusterImpl-4e6105ad-12bc-4f18-9d37-351d73277e17/omNode-3/ratis/c9bc4cf4-3bc3-3c60-a66b-523986131536/current/log_inprogress_0 to /home/runner/work/ozone/ozone/hadoop-ozone/integration-test/target/test-dir/MiniOzoneClusterImpl-4e6105ad-12bc-4f18-9d37-351d73277e17/omNode-3/ratis/c9bc4cf4-3bc3-3c60-a66b-523986131536/current/log_0-20
2025-04-24 14:02:18,777 [omNode-3@group-523986131536-SegmentedRaftLogWorker] INFO  segmented.BufferedWriteChannel (BufferedWriteChannel.java:open(61)) - open log_inprogress_21 at position 0
2025-04-24 14:02:18,787 [omNode-2@group-523986131536-SegmentedRaftLogWorker] INFO  segmented.SegmentedRaftLogWorker (SegmentedRaftLogWorker.java:execute(644)) - omNode-2@group-523986131536-SegmentedRaftLogWorker: created new log segment /home/runner/work/ozone/ozone/hadoop-ozone/integration-test/target/test-dir/MiniOzoneClusterImpl-4e6105ad-12bc-4f18-9d37-351d73277e17/omNode-2/ratis/c9bc4cf4-3bc3-3c60-a66b-523986131536/current/log_inprogress_21
2025-04-24 14:02:18,788 [omNode-3@group-523986131536-SegmentedRaftLogWorker] INFO  segmented.SegmentedRaftLogWorker (SegmentedRaftLogWorker.java:execute(644)) - omNode-3@group-523986131536-SegmentedRaftLogWorker: created new log segment /home/runner/work/ozone/ozone/hadoop-ozone/integration-test/target/test-dir/MiniOzoneClusterImpl-4e6105ad-12bc-4f18-9d37-351d73277e17/omNode-3/ratis/c9bc4cf4-3bc3-3c60-a66b-523986131536/current/log_inprogress_21
2025-04-24 14:02:18,790 [omNode-2@group-523986131536-StateMachineUpdater] INFO  ratis.OzoneManagerStateMachine (OzoneManagerStateMachine.java:notifyConfigurationChanged(231)) - notifyConfigurationChanged from Ratis: term=2, index=21, New Peer list: omNode-3(localhost:15017), omNode-1(localhost:15009), omNode-2(localhost:15013)
2025-04-24 14:02:18,790 [omNode-2@group-523986131536-StateMachineUpdater] INFO  server.RaftServer$Division (LeaderStateImpl.java:checkStartIndex(313)) - Leader omNode-2@group-523986131536-LeaderStateImpl is ready since appliedIndex == startIndex == 21
2025-04-24 14:02:18,790 [grpc-default-executor-4] WARN  server.GrpcLogAppender (GrpcLogAppender.java:lambda$resetClient$1(221)) - omNode-2@group-523986131536->omNode-1-GrpcLogAppender: Follower failed (request=null, errorCount=5); keep nextIndex (23) unchanged and retry.
2025-04-24 14:02:18,791 [omNode-3@group-523986131536-StateMachineUpdater] INFO  ratis.OzoneManagerStateMachine (OzoneManagerStateMachine.java:notifyConfigurationChanged(231)) - notifyConfigurationChanged from Ratis: term=2, index=21, New Peer list: omNode-3(localhost:15017), omNode-1(localhost:15009), omNode-2(localhost:15013)
2025-04-24 14:02:23,765 [timer4] WARN  server.GrpcLogAppender (LogUtils.java:warn(121)) - omNode-2@group-523986131536->omNode-1-AppendLogResponseHandler: Failed appendEntries (Repeated 18 times in the last 5.000s): org.apache.ratis.thirdparty.io.grpc.StatusRuntimeException: UNAVAILABLE: io exception
2025-04-24 14:02:23,766 [timer5] WARN  server.GrpcLogAppender (GrpcLogAppender.java:lambda$resetClient$1(221)) - omNode-2@group-523986131536->omNode-1-GrpcLogAppender: Follower failed (request=null, errorCount=2); keep nextIndex (21) unchanged and retry. (Repeated 2 times in the last 5.001s)
2025-04-24 14:02:23,770 [timer0] WARN  server.GrpcLogAppender (GrpcLogAppender.java:lambda$resetClient$1(221)) - omNode-2@group-523986131536->omNode-1-GrpcLogAppender: Follower failed (request=null, errorCount=4); keep nextIndex (22) unchanged and retry. (Repeated 2 times in the last 5.000s)
2025-04-24 14:02:23,791 [timer4] WARN  server.GrpcLogAppender (GrpcLogAppender.java:lambda$resetClient$1(221)) - omNode-2@group-523986131536->omNode-1-GrpcLogAppender: Follower failed (request=null, errorCount=18); keep nextIndex (23) unchanged and retry. (Repeated 14 times in the last 5.001s)
2025-04-24 14:02:24,480 [grpc-default-executor-2] WARN  server.GrpcLogAppender (LogUtils.java:warn(121)) - omNode-2@group-523986131536->omNode-1-AppendLogResponseHandler: Failed appendEntries: org.apache.ratis.thirdparty.io.grpc.StatusRuntimeException: UNAVAILABLE: io exception
2025-04-24 14:02:24,481 [grpc-default-executor-4] WARN  server.GrpcLogAppender (GrpcLogAppender.java:lambda$resetClient$1(221)) - omNode-2@group-523986131536->omNode-1-GrpcLogAppender: Follower failed (request=null, errorCount=19); keep nextIndex (23) unchanged and retry.
2025-04-24 14:02:26,229 [main] INFO  retry.RetryInvocationHandler (RetryInvocationHandler.java:log(426)) - com.google.protobuf.ServiceException: java.io.EOFException: End of File Exception between local host is: "fv-az2210-761/10.1.0.107"; destination host is: "localhost":15006; : java.io.EOFException; For more details see:  http://wiki.apache.org/hadoop/EOFException, while invoking $Proxy68.submitRequest over nodeId=omNode-1,nodeAddress=127.0.0.1:15006. Trying to failover immediately. Current retry count: 0.
2025-04-24 14:02:26,237 [grpc-default-executor-1] WARN  server.GrpcLogAppender (GrpcLogAppender.java:lambda$resetClient$1(221)) - omNode-2@group-523986131536->omNode-1-GrpcLogAppender: Follower failed (request=null, errorCount=25); keep nextIndex (25) unchanged and retry.
2025-04-24 14:02:26,248 [grpc-default-executor-4] WARN  server.GrpcLogAppender (GrpcLogAppender.java:lambda$resetClient$1(221)) - omNode-2@group-523986131536->omNode-1-GrpcLogAppender: Follower failed (request=null, errorCount=27); keep nextIndex (26) unchanged and retry.
2025-04-24 14:02:26,251 [grpc-default-executor-1] WARN  server.GrpcLogAppender (GrpcLogAppender.java:lambda$resetClient$1(221)) - omNode-2@group-523986131536->omNode-1-GrpcLogAppender: Follower failed (request=null, errorCount=29); keep nextIndex (27) unchanged and retry.
2025-04-24 14:02:26,270 [grpc-default-executor-4] WARN  server.GrpcLogAppender (GrpcLogAppender.java:lambda$resetClient$1(221)) - omNode-2@group-523986131536->omNode-1-GrpcLogAppender: Follower failed (request=null, errorCount=31); keep nextIndex (28) unchanged and retry.
2025-04-24 14:02:26,275 [grpc-default-executor-2] WARN  server.GrpcLogAppender (GrpcLogAppender.java:lambda$resetClient$1(221)) - omNode-2@group-523986131536->omNode-1-GrpcLogAppender: Follower failed (request=null, errorCount=33); keep nextIndex (29) unchanged and retry.
2025-04-24 14:02:26,280 [grpc-default-executor-1] WARN  server.GrpcLogAppender (GrpcLogAppender.java:lambda$resetClient$1(221)) - omNode-2@group-523986131536->omNode-1-GrpcLogAppender: Follower failed (request=null, errorCount=35); keep nextIndex (30) unchanged and retry.
2025-04-24 14:02:26,285 [grpc-default-executor-4] WARN  server.GrpcLogAppender (GrpcLogAppender.java:lambda$resetClient$1(221)) - omNode-2@group-523986131536->omNode-1-GrpcLogAppender: Follower failed (request=null, errorCount=37); keep nextIndex (31) unchanged and retry.
2025-04-24 14:02:26,304 [main] INFO  om.OzoneManager (OzoneManager.java:stop(2347)) - omNode-3[localhost:15014]: Stopping Ozone Manager
2025-04-24 14:02:26,304 [main] INFO  ipc.Server (Server.java:stop(3697)) - Stopping server on 15014
2025-04-24 14:02:26,308 [IPC Server listener on 15014] INFO  ipc.Server (Server.java:run(1585)) - Stopping IPC Server listener on 15014
2025-04-24 14:02:26,308 [IPC Server Responder] INFO  ipc.Server (Server.java:run(1718)) - Stopping IPC Server Responder
2025-04-24 14:02:26,308 [main] INFO  ratis.OzoneManagerRatisServer (OzoneManagerRatisServer.java:stop(634)) - Stopping org.apache.hadoop.ozone.om.ratis.OzoneManagerRatisServer@6b31241e at port 15017
2025-04-24 14:02:26,308 [main] INFO  server.RaftServer (RaftServerProxy.java:lambda$close$9(417)) - omNode-3: close
2025-04-24 14:02:26,308 [main] INFO  server.GrpcService (GrpcService.java:closeImpl(343)) - omNode-3: shutdown server GrpcServerProtocolService now
2025-04-24 14:02:26,308 [omNode-3-impl-thread1] INFO  server.RaftServer$Division (RaftServerImpl.java:lambda$close$1(513)) - omNode-3@group-523986131536: shutdown
2025-04-24 14:02:26,309 [omNode-3-impl-thread1] INFO  util.JmxRegister (JmxRegister.java:unregister(74)) - Successfully un-registered JMX Bean with object name Ratis:service=RaftServer,group=group-523986131536,id=omNode-3
2025-04-24 14:02:26,309 [omNode-3-impl-thread1] INFO  impl.RoleInfo (RoleInfo.java:shutdownFollowerState(121)) - omNode-3: shutdown omNode-3@group-523986131536-FollowerState
2025-04-24 14:02:26,309 [omNode-3-impl-thread1] INFO  impl.StateMachineUpdater (StateMachineUpdater.java:stopAndJoin(164)) - omNode-3@group-523986131536-StateMachineUpdater: set stopIndex = 28
2025-04-24 14:02:26,310 [omNode-3@group-523986131536-FollowerState] INFO  impl.FollowerState (FollowerState.java:runImpl(170)) - omNode-3@group-523986131536-FollowerState was interrupted
2025-04-24 14:02:26,313 [grpc-default-executor-4] WARN  server.GrpcServerProtocolService (LogUtils.java:warn(121)) - omNode-3: APPEND_ENTRIES onError, lastRequest: omNode-2->omNode-3#27-t2,previous=(t:2, i:28),leaderCommit=28,initializing? false,entries: size=1, first=(t:2, i:29), STATEMACHINELOGENTRY, WRITE: logData.size=335, stateMachineData.size=0, logEntryProtoSerializedSize=0: org.apache.ratis.thirdparty.io.grpc.StatusRuntimeException: CANCELLED: client cancelled
2025-04-24 14:02:26,313 [grpc-default-executor-0] WARN  server.GrpcServerProtocolService (LogUtils.java:warn(121)) - omNode-3: APPEND_ENTRIES onError, lastRequest: null: org.apache.ratis.thirdparty.io.grpc.StatusRuntimeException: CANCELLED: client cancelled
2025-04-24 14:02:26,314 [main] INFO  server.GrpcService (GrpcService.java:closeImpl(352)) - omNode-3: shutdown server GrpcServerProtocolService successfully
2025-04-24 14:02:26,314 [grpc-default-executor-0] WARN  server.GrpcLogAppender (LogUtils.java:warn(121)) - omNode-2@group-523986131536->omNode-3-AppendLogResponseHandler: Failed appendEntries: org.apache.ratis.thirdparty.io.grpc.StatusRuntimeException: CANCELLED: RST_STREAM closed stream. HTTP/2 error code: CANCEL
2025-04-24 14:02:26,314 [grpc-default-executor-0] WARN  server.GrpcLogAppender (GrpcLogAppender.java:lambda$resetClient$1(221)) - omNode-2@group-523986131536->omNode-3-GrpcLogAppender: Follower failed (request=null, errorCount=1); keep nextIndex (30) unchanged and retry.
2025-04-24 14:02:26,337 [omNode-3@group-523986131536-StateMachineUpdater] INFO  ratis.OzoneManagerStateMachine (OzoneManagerStateMachine.java:takeSnapshotImpl(510)) - omNode-3: taking snapshot. applied = (t:2, i:28), skipped = 27, notified = (t:2, i:28), current snapshot index = (t:2, i:28), took 24 ms
2025-04-24 14:02:26,337 [omNode-3@group-523986131536-StateMachineUpdater] INFO  impl.StateMachineUpdater (StateMachineUpdater.java:takeSnapshot(303)) - omNode-3@group-523986131536-StateMachineUpdater: Took a snapshot at index 28
2025-04-24 14:02:26,337 [omNode-3@group-523986131536-StateMachineUpdater] INFO  impl.StateMachineUpdater (StateMachineUpdater.java:lambda$new$0(102)) - omNode-3@group-523986131536-StateMachineUpdater: snapshotIndex: updateIncreasingly -1 -> 28
2025-04-24 14:02:26,337 [omNode-3@group-523986131536-StateMachineUpdater] INFO  impl.StateMachineUpdater (StateMachineUpdater.java:stop(141)) - omNode-3@group-523986131536-StateMachineUpdater: closing OzoneManagerStateMachine, lastApplied=(t:2, i:28)
2025-04-24 14:02:26,337 [omNode-3@group-523986131536-StateMachineUpdater] INFO  ratis.OzoneManagerStateMachine (OzoneManagerStateMachine.java:close(550)) - Stopping OzoneManagerStateMachine:omNode-3:group-523986131536.
2025-04-24 14:02:26,338 [omNode-3@group-523986131536-StateMachineUpdater] INFO  ratis.OzoneManagerDoubleBuffer (OzoneManagerDoubleBuffer.java:stopDaemon(500)) - Stopping OMDoubleBuffer flush thread
2025-04-24 14:02:26,338 [omNode-3-OMDoubleBufferFlushThread] INFO  ratis.OzoneManagerDoubleBuffer (OzoneManagerDoubleBuffer.java:canFlush(559)) - OMDoubleBuffer flush thread omNode-3-OMDoubleBufferFlushThread is interrupted and will exit.
2025-04-24 14:02:26,338 [omNode-3@group-523986131536-cacheEviction-AwaitToRun] INFO  util.AwaitToRun (AwaitToRun.java:run(49)) - omNode-3@group-523986131536-cacheEviction-AwaitToRun-AwaitForSignal is interrupted
2025-04-24 14:02:26,788 [grpc-default-executor-4] WARN  server.GrpcLogAppender (GrpcLogAppender.java:lambda$resetClient$1(221)) - omNode-2@group-523986131536->omNode-3-GrpcLogAppender: Follower failed (request=null, errorCount=5); keep nextIndex (31) unchanged and retry.
2025-04-24 14:02:27,284 [omNode-3-impl-thread1] INFO  segmented.SegmentedRaftLogWorker (SegmentedRaftLogWorker.java:close(252)) - omNode-3@group-523986131536-SegmentedRaftLogWorker close()
2025-04-24 14:02:27,284 [JvmPauseMonitor4] INFO  util.JvmPauseMonitor (JvmPauseMonitor.java:run(152)) - JvmPauseMonitor-omNode-3: Stopped
2025-04-24 14:02:27,285 [main] INFO  utils.BackgroundService (BackgroundService.java:shutdown(161)) - Shutting down service KeyDeletingService
2025-04-24 14:02:27,285 [main] INFO  utils.BackgroundService (BackgroundService.java:shutdown(161)) - Shutting down service DirectoryDeletingService
2025-04-24 14:02:27,286 [main] INFO  utils.BackgroundService (BackgroundService.java:shutdown(161)) - Shutting down service OpenKeyCleanupService
2025-04-24 14:02:27,287 [main] INFO  utils.BackgroundService (BackgroundService.java:shutdown(161)) - Shutting down service SstFilteringService
2025-04-24 14:02:27,287 [main] INFO  utils.BackgroundService (BackgroundService.java:shutdown(161)) - Shutting down service SnapshotDeletingService
2025-04-24 14:02:27,287 [main] INFO  utils.BackgroundService (BackgroundService.java:shutdown(161)) - Shutting down service MultipartUploadCleanupService
2025-04-24 14:02:27,288 [main] INFO  handler.ContextHandler (ContextHandler.java:doStop(1159)) - Stopped o.e.j.w.WebAppContext@3d452ced{ozoneManager,/,null,STOPPED}{file:/home/runner/work/ozone/ozone/hadoop-ozone/integration-test/target/test-classes/webapps/ozoneManager}
2025-04-24 14:02:27,289 [main] INFO  server.AbstractConnector (AbstractConnector.java:doStop(383)) - Stopped ServerConnector@5b8b3edb{HTTP/1.1, (http/1.1)}{0.0.0.0:15015}
2025-04-24 14:02:27,289 [main] INFO  server.session (HouseKeeper.java:stopScavenging(149)) - node0 Stopped scavenging
2025-04-24 14:02:27,289 [main] INFO  handler.ContextHandler (ContextHandler.java:doStop(1159)) - Stopped o.e.j.s.ServletContextHandler@ad7d183{static,/static,file:///home/runner/work/ozone/ozone/hadoop-ozone/integration-test/target/test-classes/webapps/static,STOPPED}
2025-04-24 14:02:27,290 [main] INFO  handler.ContextHandler (ContextHandler.java:doStop(1159)) - Stopped o.e.j.s.ServletContextHandler@5cacbbe5{logs,/logs,file:///home/runner/work/ozone/ozone/hadoop-ozone/integration-test/target/log,STOPPED}
2025-04-24 14:02:27,290 [main] INFO  rocksdiff.RocksDBCheckpointDiffer (RocksDBCheckpointDiffer.java:close(304)) - Shutting down CompactionDagPruningService.
2025-04-24 14:02:27,292 [main] INFO  snapshot.SnapshotDiffManager (SnapshotDiffManager.java:closeExecutorService(1698)) - Shutting down executorService: 'SnapDiffExecutor'
2025-04-24 14:02:27,292 [main] INFO  utils.BackgroundService (BackgroundService.java:shutdown(161)) - Shutting down service SnapshotDiffCleanupService
2025-04-24 14:02:27,294 [main] INFO  om.OzoneManager (OzoneManager.java:stop(2347)) - omNode-1[localhost:15006]: Stopping Ozone Manager
2025-04-24 14:02:27,294 [main] INFO  om.OzoneManager (OzoneManager.java:stop(2347)) - omNode-2[localhost:15010]: Stopping Ozone Manager
2025-04-24 14:02:27,294 [main] INFO  ipc.Server (Server.java:stop(3697)) - Stopping server on 15010
2025-04-24 14:02:27,296 [IPC Server listener on 15010] INFO  ipc.Server (Server.java:run(1585)) - Stopping IPC Server listener on 15010
2025-04-24 14:02:27,296 [main] INFO  ratis.OzoneManagerRatisServer (OzoneManagerRatisServer.java:stop(634)) - Stopping org.apache.hadoop.ozone.om.ratis.OzoneManagerRatisServer@69dd5e82 at port 15013
2025-04-24 14:02:27,296 [IPC Server Responder] INFO  ipc.Server (Server.java:run(1718)) - Stopping IPC Server Responder
2025-04-24 14:02:27,296 [main] INFO  server.RaftServer (RaftServerProxy.java:lambda$close$9(417)) - omNode-2: close
2025-04-24 14:02:27,297 [main] INFO  server.GrpcService (GrpcService.java:closeImpl(343)) - omNode-2: shutdown server GrpcServerProtocolService now
2025-04-24 14:02:27,297 [omNode-2-impl-thread1] INFO  server.RaftServer$Division (RaftServerImpl.java:lambda$close$1(513)) - omNode-2@group-523986131536: shutdown
2025-04-24 14:02:27,297 [omNode-2-impl-thread1] INFO  util.JmxRegister (JmxRegister.java:unregister(74)) - Successfully un-registered JMX Bean with object name Ratis:service=RaftServer,group=group-523986131536,id=omNode-2
2025-04-24 14:02:27,297 [omNode-2-impl-thread1] INFO  impl.RoleInfo (RoleInfo.java:shutdownLeaderState(103)) - omNode-2: shutdown omNode-2@group-523986131536-LeaderStateImpl
2025-04-24 14:02:27,297 [omNode-2@group-523986131536->omNode-3-GrpcLogAppender-LogAppenderDaemon] WARN  server.GrpcLogAppender (GrpcLogAppender.java:mayWait(293)) - omNode-2@group-523986131536->omNode-3-GrpcLogAppender: Wait interrupted by java.lang.InterruptedException
2025-04-24 14:02:27,297 [omNode-2-impl-thread1] INFO  impl.PendingRequests (PendingRequests.java:sendNotLeaderResponses(287)) - omNode-2@group-523986131536-PendingRequests: sendNotLeaderResponses
2025-04-24 14:02:27,297 [omNode-2@group-523986131536->omNode-1-GrpcLogAppender-LogAppenderDaemon] WARN  server.GrpcLogAppender (GrpcLogAppender.java:mayWait(293)) - omNode-2@group-523986131536->omNode-1-GrpcLogAppender: Wait interrupted by java.lang.InterruptedException
2025-04-24 14:02:27,298 [omNode-2-impl-thread1] INFO  impl.StateMachineUpdater (StateMachineUpdater.java:stopAndJoin(164)) - omNode-2@group-523986131536-StateMachineUpdater: set stopIndex = 29
2025-04-24 14:02:27,298 [Thread-953] INFO  server.GrpcServerProtocolClient (GrpcServerProtocolClient.java:close(105)) - omNode-3 Close channels
2025-04-24 14:02:27,299 [Thread-954] INFO  server.GrpcServerProtocolClient (GrpcServerProtocolClient.java:close(105)) - omNode-1 Close channels
2025-04-24 14:02:27,299 [main] INFO  server.GrpcService (GrpcService.java:closeImpl(352)) - omNode-2: shutdown server GrpcServerProtocolService successfully
2025-04-24 14:02:27,321 [omNode-2@group-523986131536-StateMachineUpdater] INFO  ratis.OzoneManagerStateMachine (OzoneManagerStateMachine.java:takeSnapshotImpl(510)) - omNode-2: taking snapshot. applied = (t:2, i:29), skipped = 27, notified = (t:2, i:28), current snapshot index = (t:2, i:29), took 24 ms
2025-04-24 14:02:27,322 [omNode-2@group-523986131536-StateMachineUpdater] INFO  impl.StateMachineUpdater (StateMachineUpdater.java:takeSnapshot(303)) - omNode-2@group-523986131536-StateMachineUpdater: Took a snapshot at index 29
2025-04-24 14:02:27,322 [omNode-2@group-523986131536-StateMachineUpdater] INFO  impl.StateMachineUpdater (StateMachineUpdater.java:lambda$new$0(102)) - omNode-2@group-523986131536-StateMachineUpdater: snapshotIndex: updateIncreasingly -1 -> 29
2025-04-24 14:02:27,322 [omNode-2@group-523986131536-StateMachineUpdater] INFO  impl.StateMachineUpdater (StateMachineUpdater.java:stop(141)) - omNode-2@group-523986131536-StateMachineUpdater: closing OzoneManagerStateMachine, lastApplied=(t:2, i:29)
2025-04-24 14:02:27,322 [omNode-2@group-523986131536-StateMachineUpdater] INFO  ratis.OzoneManagerStateMachine (OzoneManagerStateMachine.java:close(550)) - Stopping OzoneManagerStateMachine:omNode-2:group-523986131536.
2025-04-24 14:02:27,322 [omNode-2@group-523986131536-StateMachineUpdater] INFO  ratis.OzoneManagerDoubleBuffer (OzoneManagerDoubleBuffer.java:stopDaemon(500)) - Stopping OMDoubleBuffer flush thread
2025-04-24 14:02:27,322 [omNode-2-OMDoubleBufferFlushThread] INFO  ratis.OzoneManagerDoubleBuffer (OzoneManagerDoubleBuffer.java:canFlush(559)) - OMDoubleBuffer flush thread omNode-2-OMDoubleBufferFlushThread is interrupted and will exit.
2025-04-24 14:02:27,323 [omNode-2@group-523986131536-cacheEviction-AwaitToRun] INFO  util.AwaitToRun (AwaitToRun.java:run(49)) - omNode-2@group-523986131536-cacheEviction-AwaitToRun-AwaitForSignal is interrupted
2025-04-24 14:02:28,285 [omNode-2-impl-thread1] INFO  segmented.SegmentedRaftLogWorker (SegmentedRaftLogWorker.java:close(252)) - omNode-2@group-523986131536-SegmentedRaftLogWorker close()
2025-04-24 14:02:28,285 [JvmPauseMonitor3] INFO  util.JvmPauseMonitor (JvmPauseMonitor.java:run(152)) - JvmPauseMonitor-omNode-2: Stopped
2025-04-24 14:02:28,285 [main] INFO  utils.BackgroundService (BackgroundService.java:shutdown(161)) - Shutting down service KeyDeletingService
2025-04-24 14:02:28,286 [main] INFO  utils.BackgroundService (BackgroundService.java:shutdown(161)) - Shutting down service DirectoryDeletingService
2025-04-24 14:02:28,287 [main] INFO  utils.BackgroundService (BackgroundService.java:shutdown(161)) - Shutting down service OpenKeyCleanupService
2025-04-24 14:02:28,288 [main] INFO  utils.BackgroundService (BackgroundService.java:shutdown(161)) - Shutting down service SstFilteringService
2025-04-24 14:02:28,288 [main] INFO  utils.BackgroundService (BackgroundService.java:shutdown(161)) - Shutting down service SnapshotDeletingService
2025-04-24 14:02:28,288 [main] INFO  utils.BackgroundService (BackgroundService.java:shutdown(161)) - Shutting down service MultipartUploadCleanupService
2025-04-24 14:02:28,289 [main] INFO  handler.ContextHandler (ContextHandler.java:doStop(1159)) - Stopped o.e.j.w.WebAppContext@30f2e0e0{ozoneManager,/,null,STOPPED}{file:/home/runner/work/ozone/ozone/hadoop-ozone/integration-test/target/test-classes/webapps/ozoneManager}
2025-04-24 14:02:28,290 [main] INFO  server.AbstractConnector (AbstractConnector.java:doStop(383)) - Stopped ServerConnector@567349f5{HTTP/1.1, (http/1.1)}{0.0.0.0:15011}
2025-04-24 14:02:28,290 [main] INFO  server.session (HouseKeeper.java:stopScavenging(149)) - node0 Stopped scavenging
2025-04-24 14:02:28,290 [main] INFO  handler.ContextHandler (ContextHandler.java:doStop(1159)) - Stopped o.e.j.s.ServletContextHandler@6cfaed{static,/static,file:///home/runner/work/ozone/ozone/hadoop-ozone/integration-test/target/test-classes/webapps/static,STOPPED}
2025-04-24 14:02:28,291 [main] INFO  handler.ContextHandler (ContextHandler.java:doStop(1159)) - Stopped o.e.j.s.ServletContextHandler@4008caaf{logs,/logs,file:///home/runner/work/ozone/ozone/hadoop-ozone/integration-test/target/log,STOPPED}
2025-04-24 14:02:28,291 [main] INFO  rocksdiff.RocksDBCheckpointDiffer (RocksDBCheckpointDiffer.java:close(304)) - Shutting down CompactionDagPruningService.
2025-04-24 14:02:28,293 [main] INFO  snapshot.SnapshotDiffManager (SnapshotDiffManager.java:closeExecutorService(1698)) - Shutting down executorService: 'SnapDiffExecutor'
2025-04-24 14:02:28,293 [main] INFO  utils.BackgroundService (BackgroundService.java:shutdown(161)) - Shutting down service SnapshotDiffCleanupService
2025-04-24 14:02:28,295 [main] INFO  om.OzoneManager (OzoneManager.java:restart(1878)) - OzoneManager RPC server is listening at localhost/127.0.0.1:15014
2025-04-24 14:02:28,295 [main] INFO  impl.MetricsSystemImpl (MetricsSystemImpl.java:init(158)) - OzoneManager metrics system started (again)
2025-04-24 14:02:28,307 [main] WARN  server.ServerUtils (ServerUtils.java:getDBPath(297)) - ozone.om.db.dirs is not configured. We recommend adding this setting. Falling back to ozone.metadata.dirs instead.
2025-04-24 14:02:28,369 [main] INFO  om.OzoneManager (OzoneManager.java:instantiateServices(933)) - S3 Multi-Tenancy is disabled
2025-04-24 14:02:28,369 [main] INFO  om.OmSnapshotManager (OmSnapshotManager.java:<init>(180)) - Ozone filesystem snapshot feature is enabled.
2025-04-24 14:02:28,370 [main] WARN  server.ServerUtils (ServerUtils.java:getDBPath(297)) - ozone.om.snapshot.diff.db.dir is not configured. We recommend adding this setting. Falling back to ozone.metadata.dirs instead.
2025-04-24 14:02:28,396 [main] WARN  server.ServerUtils (ServerUtils.java:getDefaultRatisDirectory(309)) - Storage directory for Ratis is not configured. It is a good idea to map this to an SSD disk. Falling back to ozone.metadata.dirs
2025-04-24 14:02:28,396 [main] INFO  server.RaftServerConfigKeys (ConfUtils.java:logGet(46)) - raft.server.log.appender.buffer.byte-limit = 4194304 (custom)
2025-04-24 14:02:28,398 [main] INFO  ratis.OzoneManagerRatisServer (OzoneManagerRatisServer.java:<init>(167)) - Instantiating OM Ratis server with groupID: om-service-test1 and peers: localhost:15017, localhost:15009, localhost:15013
2025-04-24 14:02:28,398 [main] INFO  ratis.OzoneManagerStateMachine (OzoneManagerStateMachine.java:loadSnapshotInfoFromDB(611)) - LastAppliedIndex is set from TransactionInfo from OM DB as (t:2, i:28)
2025-04-24 14:02:28,399 [main] INFO  server.RaftServer (ConfUtils.java:logGet(46)) - raft.rpc.type = GRPC (default)
2025-04-24 14:02:28,399 [main] INFO  grpc.GrpcConfigKeys (ConfUtils.java:logFallback(53)) - raft.grpc.admin.host = null (fallback to raft.grpc.server.host)
2025-04-24 14:02:28,399 [main] INFO  grpc.GrpcConfigKeys (ConfUtils.java:logFallback(53)) - raft.grpc.admin.port = 15017 (fallback to raft.grpc.server.port)
2025-04-24 14:02:28,399 [main] INFO  grpc.GrpcConfigKeys (ConfUtils.java:logFallback(53)) - raft.grpc.client.host = null (fallback to raft.grpc.server.host)
2025-04-24 14:02:28,399 [main] INFO  grpc.GrpcConfigKeys (ConfUtils.java:logFallback(53)) - raft.grpc.client.port = 15017 (fallback to raft.grpc.server.port)
2025-04-24 14:02:28,399 [main] INFO  grpc.GrpcConfigKeys (ConfUtils.java:logGet(46)) - raft.grpc.server.host = null (default)
2025-04-24 14:02:28,399 [main] INFO  grpc.GrpcConfigKeys (ConfUtils.java:logGet(46)) - raft.grpc.server.port = 15017 (custom)
2025-04-24 14:02:28,399 [main] INFO  server.GrpcService (ConfUtils.java:logGet(46)) - raft.grpc.message.size.max = 5242880 (custom)
2025-04-24 14:02:28,400 [main] INFO  server.GrpcService (ConfUtils.java:logGet(46)) - raft.grpc.flow.control.window = 1MB (=1048576) (default)
2025-04-24 14:02:28,400 [main] INFO  server.RaftServerConfigKeys (ConfUtils.java:logGet(46)) - raft.server.rpc.request.timeout = 3000ms (default)
2025-04-24 14:02:28,400 [main] INFO  grpc.GrpcConfigKeys (ConfUtils.java:logGet(46)) - raft.grpc.server.heartbeat.channel = true (default)
2025-04-24 14:02:28,400 [main] INFO  server.RaftServerConfigKeys (ConfUtils.java:logGet(46)) - raft.server.log.appender.buffer.byte-limit = 4194304 (custom)
2025-04-24 14:02:28,400 [main] INFO  grpc.GrpcConfigKeys (ConfUtils.java:logGet(46)) - raft.grpc.server.async.request.thread.pool.cached = true (default)
2025-04-24 14:02:28,400 [main] INFO  grpc.GrpcConfigKeys (ConfUtils.java:logGet(46)) - raft.grpc.server.async.request.thread.pool.size = 32 (default)
2025-04-24 14:02:28,401 [main] INFO  impl.DataStreamServerImpl (ConfUtils.java:logGet(46)) - raft.datastream.type = DISABLED (default)
2025-04-24 14:02:28,401 [main] INFO  server.RaftServerConfigKeys (ConfUtils.java:logGet(46)) - raft.server.sleep.deviation.threshold = 300ms (default)
2025-04-24 14:02:28,401 [main] INFO  server.RaftServerConfigKeys (ConfUtils.java:logGet(46)) - raft.server.close.threshold = 60s (default)
2025-04-24 14:02:28,402 [main] INFO  server.RaftServerConfigKeys (ConfUtils.java:logGet(46)) - raft.server.leaderelection.leader.step-down.wait-time = 10s (default)
2025-04-24 14:02:28,402 [main] INFO  server.RaftServerConfigKeys (ConfUtils.java:logGet(46)) - raft.server.storage.dir = [/home/runner/work/ozone/ozone/hadoop-ozone/integration-test/target/test-dir/MiniOzoneClusterImpl-4e6105ad-12bc-4f18-9d37-351d73277e17/omNode-3/ratis] (custom)
2025-04-24 14:02:28,402 [main] INFO  server.RaftServerConfigKeys (ConfUtils.java:logGet(46)) - raft.server.threadpool.proxy.cached = true (default)
2025-04-24 14:02:28,402 [main] INFO  server.RaftServerConfigKeys (ConfUtils.java:logGet(46)) - raft.server.threadpool.proxy.size = 0 (default)
2025-04-24 14:02:28,402 [omNode-3-impl-thread1] INFO  server.RaftServer (RaftServerProxy.java:initGroupDir(265)) - omNode-3: found a subdirectory /home/runner/work/ozone/ozone/hadoop-ozone/integration-test/target/test-dir/MiniOzoneClusterImpl-4e6105ad-12bc-4f18-9d37-351d73277e17/omNode-3/ratis/c9bc4cf4-3bc3-3c60-a66b-523986131536
2025-04-24 14:02:28,403 [main] INFO  server.RaftServer (RaftServerProxy.java:addNew(100)) - omNode-3: addNew group-523986131536:[omNode-3|localhost:15017, omNode-1|localhost:15009, omNode-2|localhost:15013] returns group-523986131536:java.util.concurrent.CompletableFuture@5c0ecacc[Not completed]
2025-04-24 14:02:28,403 [main] INFO  om.OzoneManager (OzoneManager.java:initializeRatisServer(2303)) - OzoneManager Ratis server initialized at port 15017
2025-04-24 14:02:28,403 [main] INFO  ratis.OzoneManagerRatisServer (OzoneManagerRatisServer.java:start(628)) - Starting OzoneManagerRatisServer omNode-3 at port 15017
2025-04-24 14:02:28,403 [omNode-3-groupManagement] INFO  server.RaftServer$Division (RaftServerImpl.java:<init>(255)) - omNode-3: new RaftServerImpl for group-523986131536:[omNode-3|localhost:15017, omNode-1|localhost:15009, omNode-2|localhost:15013] with OzoneManagerStateMachine:uninitialized
2025-04-24 14:02:28,404 [omNode-3-groupManagement] INFO  server.RaftServerConfigKeys (ConfUtils.java:logGet(46)) - raft.server.rpc.timeout.min = 1s (custom)
2025-04-24 14:02:28,404 [omNode-3-groupManagement] INFO  server.RaftServerConfigKeys (ConfUtils.java:logGet(46)) - raft.server.rpc.timeout.max = 1200ms (custom)
2025-04-24 14:02:28,404 [omNode-3-groupManagement] INFO  server.RaftServerConfigKeys (ConfUtils.java:logGet(46)) - raft.server.rpc.sleep.time = 25ms (default)
2025-04-24 14:02:28,404 [omNode-3-groupManagement] INFO  server.RaftServerConfigKeys (ConfUtils.java:logGet(46)) - raft.server.rpc.slowness.timeout = 2s (custom)
2025-04-24 14:02:28,404 [omNode-3-groupManagement] INFO  server.RaftServerConfigKeys (ConfUtils.java:logGet(46)) - raft.server.leaderelection.leader.step-down.wait-time = 10s (default)
2025-04-24 14:02:28,404 [omNode-3-groupManagement] INFO  server.RaftServerConfigKeys (ConfUtils.java:logGet(46)) - raft.server.leaderelection.member.majority-add = false (default)
2025-04-24 14:02:28,404 [omNode-3-groupManagement] INFO  server.RaftServerConfigKeys (ConfUtils.java:logGet(46)) - raft.server.sleep.deviation.threshold = 300ms (default)
2025-04-24 14:02:28,404 [omNode-3-groupManagement] INFO  server.RaftServer$Division (ServerState.java:<init>(114)) - omNode-3@group-523986131536: ConfigurationManager, init=conf: {index: -1, cur=peers:[omNode-3|localhost:15017, omNode-1|localhost:15009, omNode-2|localhost:15013]|listeners:[], old=null}, confs=<EMPTY_MAP>
2025-04-24 14:02:28,404 [omNode-3-groupManagement] INFO  server.RaftServerConfigKeys (ConfUtils.java:logGet(46)) - raft.server.notification.no-leader.timeout = 2s (custom)
2025-04-24 14:02:28,405 [omNode-3-groupManagement] INFO  server.RaftServerConfigKeys (ConfUtils.java:logGet(46)) - raft.server.read.timeout = 10s (default)
2025-04-24 14:02:28,405 [omNode-3-groupManagement] INFO  server.RaftServerConfigKeys (ConfUtils.java:logGet(46)) - raft.server.retrycache.expirytime = 30000ms (custom)
2025-04-24 14:02:28,405 [omNode-3-groupManagement] INFO  server.RaftServerConfigKeys (ConfUtils.java:logGet(46)) - raft.server.retrycache.statistics.expirytime = 100ms (default)
2025-04-24 14:02:28,405 [omNode-3-groupManagement] INFO  server.RaftServerConfigKeys (ConfUtils.java:logGet(46)) - raft.server.read.option = DEFAULT (default)
2025-04-24 14:02:28,405 [omNode-3-groupManagement] INFO  server.RaftServerConfigKeys (ConfUtils.java:logGet(46)) - raft.server.read.read-after-write-consistent.write-index-cache.expiry-time = 60s (default)
2025-04-24 14:02:28,407 [omNode-3-groupManagement] INFO  server.RaftServerConfigKeys (ConfUtils.java:logGet(46)) - raft.server.rpc.request.timeout = 3000ms (default)
2025-04-24 14:02:28,407 [omNode-3-groupManagement] INFO  server.RaftServerConfigKeys (ConfUtils.java:logGet(46)) - raft.server.log.appender.install.snapshot.enabled = false (custom)
2025-04-24 14:02:28,407 [omNode-3-groupManagement] INFO  server.RaftServerConfigKeys (ConfUtils.java:logGet(46)) - raft.server.threadpool.server.cached = true (default)
2025-04-24 14:02:28,407 [omNode-3-groupManagement] INFO  server.RaftServerConfigKeys (ConfUtils.java:logGet(46)) - raft.server.threadpool.server.size = 0 (default)
2025-04-24 14:02:28,407 [omNode-3-groupManagement] INFO  server.RaftServerConfigKeys (ConfUtils.java:logGet(46)) - raft.server.threadpool.client.cached = true (default)
2025-04-24 14:02:28,407 [omNode-3-groupManagement] INFO  server.RaftServerConfigKeys (ConfUtils.java:logGet(46)) - raft.server.threadpool.client.size = 0 (default)
2025-04-24 14:02:28,407 [omNode-3-impl-thread1] INFO  server.RaftServerConfigKeys (ConfUtils.java:logGet(46)) - raft.server.storage.free-space.min = 0MB (=0) (default)
2025-04-24 14:02:28,407 [omNode-3-impl-thread1] INFO  server.RaftServerConfigKeys (ConfUtils.java:logGet(46)) - raft.server.log.corruption.policy = EXCEPTION (default)
2025-04-24 14:02:28,407 [omNode-3-impl-thread1] INFO  server.RaftServerConfigKeys (ConfUtils.java:logGet(46)) - raft.server.storage.dir = [/home/runner/work/ozone/ozone/hadoop-ozone/integration-test/target/test-dir/MiniOzoneClusterImpl-4e6105ad-12bc-4f18-9d37-351d73277e17/omNode-3/ratis] (custom)
2025-04-24 14:02:28,408 [omNode-3-impl-thread1] INFO  storage.RaftStorageDirectory (RaftStorageDirectoryImpl.java:tryLock(229)) - Lock on /home/runner/work/ozone/ozone/hadoop-ozone/integration-test/target/test-dir/MiniOzoneClusterImpl-4e6105ad-12bc-4f18-9d37-351d73277e17/omNode-3/ratis/c9bc4cf4-3bc3-3c60-a66b-523986131536/in_use.lock acquired by nodename 129728@fv-az2210-761
2025-04-24 14:02:28,409 [omNode-3-impl-thread1] INFO  storage.RaftStorage (RaftStorageImpl.java:analyzeAndRecoverStorage(118)) - Read RaftStorageMetadata{term=2, votedFor=omNode-2} from /home/runner/work/ozone/ozone/hadoop-ozone/integration-test/target/test-dir/MiniOzoneClusterImpl-4e6105ad-12bc-4f18-9d37-351d73277e17/omNode-3/ratis/c9bc4cf4-3bc3-3c60-a66b-523986131536/current/raft-meta
2025-04-24 14:02:28,409 [omNode-3-impl-thread1] INFO  server.RaftServer$Division (ServerState.java:setRaftConf(386)) - omNode-3@group-523986131536: set configuration conf: {index: 21, cur=peers:[omNode-3|localhost:15017, omNode-1|localhost:15009, omNode-2|localhost:15013]|listeners:[], old=null}
2025-04-24 14:02:28,409 [omNode-3-impl-thread1] INFO  ratis.OzoneManagerStateMachine (OzoneManagerStateMachine.java:lambda$0(138)) - omNode-3: initialize group-523986131536 with (t:2, i:28)
2025-04-24 14:02:28,409 [omNode-3-impl-thread1] INFO  server.RaftServerConfigKeys (ConfUtils.java:logGet(46)) - raft.server.log.use.memory = false (default)
2025-04-24 14:02:28,409 [omNode-3-impl-thread1] INFO  server.RaftServerConfigKeys (ConfUtils.java:logGet(46)) - raft.server.log.purge.gap = 50 (custom)
2025-04-24 14:02:28,409 [omNode-3-impl-thread1] INFO  server.RaftServerConfigKeys (ConfUtils.java:logGet(46)) - raft.server.log.appender.buffer.byte-limit = 4194304 (custom)
2025-04-24 14:02:28,410 [omNode-3-impl-thread1] INFO  server.RaftServerConfigKeys (ConfUtils.java:logGet(46)) - raft.server.log.statemachine.data.read.timeout = 1000ms (default)
2025-04-24 14:02:28,410 [omNode-3-impl-thread1] INFO  server.RaftServerConfigKeys (ConfUtils.java:logGet(46)) - raft.server.log.purge.preservation.log.num = 0 (default)
2025-04-24 14:02:28,410 [omNode-3-impl-thread1] INFO  server.RaftServerConfigKeys (ConfUtils.java:logGet(46)) - raft.server.log.segment.size.max = 4194304 (custom)
2025-04-24 14:02:28,411 [omNode-3-impl-thread1] INFO  server.RaftServerConfigKeys (ConfUtils.java:logGet(46)) - raft.server.log.segment.cache.num.max = 2 (custom)
2025-04-24 14:02:28,411 [omNode-3-impl-thread1] INFO  server.RaftServerConfigKeys (ConfUtils.java:logGet(46)) - raft.server.log.segment.cache.size.max = 200MB (=209715200) (default)
2025-04-24 14:02:28,411 [omNode-3-impl-thread1] INFO  server.RaftServerConfigKeys (ConfUtils.java:logGet(46)) - raft.server.log.appender.buffer.byte-limit = 4194304 (custom)
2025-04-24 14:02:28,411 [omNode-3-impl-thread1] INFO  util.AwaitToRun (AwaitToRun.java:start(81)) - Thread[#1372,omNode-3@group-523986131536-cacheEviction-AwaitToRun,5,main] started
2025-04-24 14:02:28,411 [omNode-3-impl-thread1] INFO  segmented.SegmentedRaftLogWorker (SegmentedRaftLogWorker.java:<init>(188)) - new omNode-3@group-523986131536-SegmentedRaftLogWorker for RaftStorageImpl:Storage Directory /home/runner/work/ozone/ozone/hadoop-ozone/integration-test/target/test-dir/MiniOzoneClusterImpl-4e6105ad-12bc-4f18-9d37-351d73277e17/omNode-3/ratis/c9bc4cf4-3bc3-3c60-a66b-523986131536
2025-04-24 14:02:28,411 [omNode-3-impl-thread1] INFO  server.RaftServerConfigKeys (ConfUtils.java:logGet(46)) - raft.server.log.queue.byte-limit = 64MB (=67108864) (default)
2025-04-24 14:02:28,411 [omNode-3-impl-thread1] INFO  server.RaftServerConfigKeys (ConfUtils.java:logGet(46)) - raft.server.log.queue.element-limit = 4096 (default)
2025-04-24 14:02:28,411 [omNode-3-impl-thread1] INFO  server.RaftServerConfigKeys (ConfUtils.java:logGet(46)) - raft.server.log.segment.size.max = 4194304 (custom)
2025-04-24 14:02:28,411 [omNode-3-impl-thread1] INFO  server.RaftServerConfigKeys (ConfUtils.java:logGet(46)) - raft.server.log.preallocated.size = 4194304 (custom)
2025-04-24 14:02:28,411 [omNode-3-impl-thread1] INFO  server.RaftServerConfigKeys (ConfUtils.java:logGet(46)) - raft.server.log.force.sync.num = 128 (default)
2025-04-24 14:02:28,411 [omNode-3-impl-thread1] INFO  server.RaftServerConfigKeys (ConfUtils.java:logGet(46)) - raft.server.log.statemachine.data.sync = true (default)
2025-04-24 14:02:28,412 [omNode-3-impl-thread1] INFO  server.RaftServerConfigKeys (ConfUtils.java:logGet(46)) - raft.server.log.statemachine.data.sync.timeout = 10s (default)
2025-04-24 14:02:28,412 [omNode-3-impl-thread1] INFO  server.RaftServerConfigKeys (ConfUtils.java:logGet(46)) - raft.server.log.statemachine.data.sync.timeout.retry = -1 (default)
2025-04-24 14:02:28,412 [omNode-3-impl-thread1] INFO  server.RaftServerConfigKeys (ConfUtils.java:logGet(46)) - raft.server.log.write.buffer.size = 4194312 (custom)
2025-04-24 14:02:28,412 [omNode-3-impl-thread1] INFO  server.RaftServerConfigKeys (ConfUtils.java:logGet(46)) - raft.server.log.appender.buffer.byte-limit = 4194304 (custom)
2025-04-24 14:02:28,412 [omNode-3-impl-thread1] INFO  server.RaftServerConfigKeys (ConfUtils.java:logGet(46)) - raft.server.log.unsafe-flush.enabled = false (default)
2025-04-24 14:02:28,412 [omNode-3-impl-thread1] INFO  server.RaftServerConfigKeys (ConfUtils.java:logGet(46)) - raft.server.log.async-flush.enabled = false (default)
2025-04-24 14:02:28,412 [omNode-3-impl-thread1] INFO  server.RaftServerConfigKeys (ConfUtils.java:logGet(46)) - raft.server.log.statemachine.data.caching.enabled = false (default)
2025-04-24 14:02:28,413 [omNode-3-impl-thread1] INFO  server.RaftServer$Division (ServerState.java:setRaftConf(386)) - omNode-3@group-523986131536: set configuration conf: {index: 0, cur=peers:[omNode-3|localhost:15017, omNode-1|localhost:15009, omNode-2|localhost:15013]|listeners:[], old=null}
2025-04-24 14:02:28,414 [omNode-3-impl-thread1] INFO  segmented.LogSegment (LogSegment.java:loadSegment(171)) - Successfully read 21 entries from segment file /home/runner/work/ozone/ozone/hadoop-ozone/integration-test/target/test-dir/MiniOzoneClusterImpl-4e6105ad-12bc-4f18-9d37-351d73277e17/omNode-3/ratis/c9bc4cf4-3bc3-3c60-a66b-523986131536/current/log_0-20
2025-04-24 14:02:28,414 [omNode-3-impl-thread1] INFO  server.RaftServer$Division (ServerState.java:setRaftConf(386)) - omNode-3@group-523986131536: set configuration conf: {index: 21, cur=peers:[omNode-3|localhost:15017, omNode-1|localhost:15009, omNode-2|localhost:15013]|listeners:[], old=null}
2025-04-24 14:02:28,415 [omNode-3-impl-thread1] INFO  segmented.LogSegment (LogSegment.java:loadSegment(171)) - Successfully read 9 entries from segment file /home/runner/work/ozone/ozone/hadoop-ozone/integration-test/target/test-dir/MiniOzoneClusterImpl-4e6105ad-12bc-4f18-9d37-351d73277e17/omNode-3/ratis/c9bc4cf4-3bc3-3c60-a66b-523986131536/current/log_inprogress_21
2025-04-24 14:02:28,415 [omNode-3-impl-thread1] INFO  segmented.SegmentedRaftLogWorker (SegmentedRaftLogWorker.java:lambda$new$0(139)) - omNode-3@group-523986131536-SegmentedRaftLogWorker: flushIndex: setUnconditionally 0 -> 29
2025-04-24 14:02:28,415 [omNode-3-impl-thread1] INFO  segmented.SegmentedRaftLogWorker (SegmentedRaftLogWorker.java:lambda$new$0(139)) - omNode-3@group-523986131536-SegmentedRaftLogWorker: safeCacheEvictIndex: setUnconditionally 0 -> 20
2025-04-24 14:02:28,415 [omNode-3-impl-thread1] INFO  segmented.BufferedWriteChannel (BufferedWriteChannel.java:open(61)) - open log_inprogress_21 (append) at position 2310
2025-04-24 14:02:28,416 [omNode-3-impl-thread1] INFO  server.RaftServer$Division (RaftServerImpl.java:start(391)) - omNode-3@group-523986131536: start as a follower, conf=conf: {index: 21, cur=peers:[omNode-3|localhost:15017, omNode-1|localhost:15009, omNode-2|localhost:15013]|listeners:[], old=null}
2025-04-24 14:02:28,416 [omNode-3-impl-thread1] INFO  server.RaftServer$Division (RaftServerImpl.java:setRole(378)) - omNode-3@group-523986131536: changes role from      null to FOLLOWER at term 2 for startAsFollower
2025-04-24 14:02:28,416 [omNode-3-impl-thread1] INFO  impl.RoleInfo (RoleInfo.java:updateAndGet(148)) - omNode-3: start omNode-3@group-523986131536-FollowerState
2025-04-24 14:02:28,416 [omNode-3-impl-thread1] INFO  util.JmxRegister (JmxRegister.java:tryRegister(44)) - Successfully registered JMX Bean with object name Ratis:service=RaftServer,group=group-523986131536,id=omNode-3
2025-04-24 14:02:28,416 [omNode-3-impl-thread1] INFO  util.JmxRegister (JmxRegister.java:register(58)) - register mxBean class org.apache.ratis.server.impl.RaftServerJmxAdapter as Ratis:service=RaftServer,group=group-523986131536,id=omNode-3
2025-04-24 14:02:28,416 [omNode-3-impl-thread1] INFO  server.RaftServerConfigKeys (ConfUtils.java:logGet(46)) - raft.server.snapshot.trigger-when-stop.enabled = true (default)
2025-04-24 14:02:28,416 [omNode-3-impl-thread1] INFO  server.RaftServerConfigKeys (ConfUtils.java:logGet(46)) - raft.server.snapshot.trigger-when-remove.enabled = true (default)
2025-04-24 14:02:28,417 [omNode-3-impl-thread1] INFO  server.RaftServerConfigKeys (ConfUtils.java:logGet(46)) - raft.server.snapshot.auto.trigger.enabled = true (custom)
2025-04-24 14:02:28,417 [omNode-3-impl-thread1] INFO  server.RaftServerConfigKeys (ConfUtils.java:logGet(46)) - raft.server.snapshot.auto.trigger.threshold = 50 (custom)
2025-04-24 14:02:28,417 [omNode-3-impl-thread1] INFO  server.RaftServerConfigKeys (ConfUtils.java:logGet(46)) - raft.server.snapshot.retention.file.num = -1 (default)
2025-04-24 14:02:28,417 [omNode-3-impl-thread1] INFO  server.RaftServerConfigKeys (ConfUtils.java:logGet(46)) - raft.server.log.purge.upto.snapshot.index = true (custom)
2025-04-24 14:02:28,417 [omNode-3@group-523986131536-FollowerState] INFO  server.RaftServerConfigKeys (ConfUtils.java:logFallback(53)) - raft.server.rpc.first-election.timeout.min = 1s (fallback to raft.server.rpc.timeout.min)
2025-04-24 14:02:28,417 [omNode-3@group-523986131536-FollowerState] INFO  server.RaftServerConfigKeys (ConfUtils.java:logFallback(53)) - raft.server.rpc.first-election.timeout.max = 1200ms (fallback to raft.server.rpc.timeout.max)
2025-04-24 14:02:28,417 [omNode-3-impl-thread1] INFO  server.RaftServer$Division (RaftServerImpl.java:start(405)) - omNode-3@group-523986131536: Successfully started.
2025-04-24 14:02:28,418 [main] INFO  server.RaftServer (RaftServerProxy.java:startImpl(407)) - omNode-3: start RPC server
2025-04-24 14:02:28,418 [main] INFO  server.GrpcService (GrpcService.java:startImpl(334)) - omNode-3: GrpcService started, listening on 15017
2025-04-24 14:02:28,418 [main] INFO  om.OzoneManager (OzoneManager.java:getRpcServer(1360)) - Creating RPC Server
2025-04-24 14:02:28,419 [JvmPauseMonitor8] INFO  util.JvmPauseMonitor (JvmPauseMonitor.java:run(146)) - JvmPauseMonitor-omNode-3: Started
2025-04-24 14:02:28,884 [main] INFO  reflections.Reflections (Reflections.java:scan(219)) - Reflections took 465 ms to scan 22 urls, producing 61 keys and 7423 values
2025-04-24 14:02:28,886 [main] INFO  ipc.CallQueueManager (CallQueueManager.java:<init>(93)) - Using callQueue: class java.util.concurrent.LinkedBlockingQueue, queueCapacity: 2000, scheduler: class org.apache.hadoop.ipc.DefaultRpcScheduler, ipcBackoff: false, ipcFailOver: false.
2025-04-24 14:02:28,887 [main] INFO  ipc.Server (Server.java:<init>(1438)) - Listener at localhost:15014
2025-04-24 14:02:28,887 [Socket Reader #1 for port 15014] INFO  ipc.Server (Server.java:run(1474)) - Starting Socket Reader #1 for port 15014
2025-04-24 14:02:28,887 [Socket Reader #2 for port 15014] INFO  ipc.Server (Server.java:run(1474)) - Starting Socket Reader #2 for port 15014
2025-04-24 14:02:28,888 [Socket Reader #3 for port 15014] INFO  ipc.Server (Server.java:run(1474)) - Starting Socket Reader #3 for port 15014
2025-04-24 14:02:28,888 [Socket Reader #4 for port 15014] INFO  ipc.Server (Server.java:run(1474)) - Starting Socket Reader #4 for port 15014
2025-04-24 14:02:28,888 [Socket Reader #5 for port 15014] INFO  ipc.Server (Server.java:run(1474)) - Starting Socket Reader #5 for port 15014
2025-04-24 14:02:28,889 [Socket Reader #6 for port 15014] INFO  ipc.Server (Server.java:run(1474)) - Starting Socket Reader #6 for port 15014
2025-04-24 14:02:28,889 [Socket Reader #7 for port 15014] INFO  ipc.Server (Server.java:run(1474)) - Starting Socket Reader #7 for port 15014
2025-04-24 14:02:28,889 [Socket Reader #8 for port 15014] INFO  ipc.Server (Server.java:run(1474)) - Starting Socket Reader #8 for port 15014
2025-04-24 14:02:28,890 [Socket Reader #9 for port 15014] INFO  ipc.Server (Server.java:run(1474)) - Starting Socket Reader #9 for port 15014
2025-04-24 14:02:28,891 [Socket Reader #10 for port 15014] INFO  ipc.Server (Server.java:run(1474)) - Starting Socket Reader #10 for port 15014
2025-04-24 14:02:28,892 [main] INFO  http.BaseHttpServer (BaseHttpServer.java:newHttpServer2BuilderForOzone(229)) - Starting Web-server for ozoneManager at: http://0.0.0.0:15015
2025-04-24 14:02:28,893 [main] INFO  http.BaseHttpServer (BaseHttpServer.java:<init>(107)) - Hadoop Security Enabled: false Ozone Security Enabled: false Ozone HTTP Security Enabled: false 
2025-04-24 14:02:28,895 [main] WARN  server.AuthenticationFilter (AuthenticationFilter.java:constructSecretProvider(240)) - Unable to initialize FileSignerSecretProvider, falling back to use random secrets. Reason: Could not read signature secret file: /home/runner/hadoop-http-auth-signature-secret
2025-04-24 14:02:28,897 [main] INFO  http.HttpServer2 (HttpServer2.java:addGlobalFilter(1041)) - Added global filter 'safety' (class=org.apache.hadoop.hdds.server.http.HttpServer2$QuotingInputFilter)
2025-04-24 14:02:28,898 [main] INFO  http.HttpServer2 (HttpServer2.java:addFilter(1017)) - Added filter static_user_filter (class=org.apache.hadoop.http.lib.StaticUserWebFilter$StaticUserFilter) to context ozoneManager
2025-04-24 14:02:28,899 [main] INFO  http.HttpServer2 (HttpServer2.java:addFilter(1025)) - Added filter static_user_filter (class=org.apache.hadoop.http.lib.StaticUserWebFilter$StaticUserFilter) to context static
2025-04-24 14:02:28,899 [main] INFO  http.HttpServer2 (HttpServer2.java:addFilter(1025)) - Added filter static_user_filter (class=org.apache.hadoop.http.lib.StaticUserWebFilter$StaticUserFilter) to context logs
2025-04-24 14:02:28,899 [main] INFO  http.BaseHttpServer (BaseHttpServer.java:<init>(195)) - HTTP server of ozoneManager uses base directory /home/runner/work/ozone/ozone/hadoop-ozone/integration-test/target/test-dir/MiniOzoneClusterImpl-4e6105ad-12bc-4f18-9d37-351d73277e17/omNode-3/webserver
2025-04-24 14:02:28,900 [main] INFO  http.HttpServer2 (HttpServer2.java:bindListener(1241)) - Jetty bound to port 15015
2025-04-24 14:02:28,900 [main] INFO  server.Server (Server.java:doStart(375)) - jetty-9.4.57.v20241219; built: 2025-01-08T21:24:30.412Z; git: df524e6b29271c2e09ba9aea83c18dc9db464a31; jvm 21.0.7+6-LTS
2025-04-24 14:02:28,901 [main] INFO  server.session (DefaultSessionIdManager.java:doStart(334)) - DefaultSessionIdManager workerName=node0
2025-04-24 14:02:28,901 [main] INFO  server.session (DefaultSessionIdManager.java:doStart(339)) - No SessionScavenger set, using defaults
2025-04-24 14:02:28,902 [main] INFO  server.session (HouseKeeper.java:startScavenging(132)) - node0 Scavenging every 660000ms
2025-04-24 14:02:28,902 [main] INFO  handler.ContextHandler (ContextHandler.java:doStart(921)) - Started o.e.j.s.ServletContextHandler@74213f3a{logs,/logs,file:///home/runner/work/ozone/ozone/hadoop-ozone/integration-test/target/log,AVAILABLE}
2025-04-24 14:02:28,903 [main] INFO  handler.ContextHandler (ContextHandler.java:doStart(921)) - Started o.e.j.s.ServletContextHandler@44c881c9{static,/static,file:///home/runner/work/ozone/ozone/hadoop-ozone/integration-test/target/test-classes/webapps/static,AVAILABLE}
2025-04-24 14:02:28,907 [main] INFO  handler.ContextHandler (ContextHandler.java:doStart(921)) - Started o.e.j.w.WebAppContext@6b8e7ffe{ozoneManager,/,file:///home/runner/work/ozone/ozone/hadoop-ozone/integration-test/target/test-classes/webapps/ozoneManager/,AVAILABLE}{file:/home/runner/work/ozone/ozone/hadoop-ozone/integration-test/target/test-classes/webapps/ozoneManager}
2025-04-24 14:02:28,908 [main] INFO  server.AbstractConnector (AbstractConnector.java:doStart(333)) - Started ServerConnector@472ed65f{HTTP/1.1, (http/1.1)}{0.0.0.0:15015}
2025-04-24 14:02:28,908 [main] INFO  server.Server (Server.java:doStart(415)) - Started @30240ms
2025-04-24 14:02:28,908 [main] WARN  impl.MetricsSystemImpl (MetricsSystemImpl.java:register(279)) - Sink prometheus already exists!
2025-04-24 14:02:28,908 [main] INFO  http.BaseHttpServer (BaseHttpServer.java:updateConnectorAddress(360)) - HTTP server of ozoneManager listening at http://0.0.0.0:15015
2025-04-24 14:02:28,909 [IPC Server Responder] INFO  ipc.Server (Server.java:run(1713)) - IPC Server Responder: starting
2025-04-24 14:02:28,909 [IPC Server listener on 15014] INFO  ipc.Server (Server.java:run(1553)) - IPC Server listener on 15014: starting
2025-04-24 14:02:28,911 [main] INFO  om.OzoneManager (OzoneManager.java:startTrashEmptier(2257)) - Trash Interval set to 0. Files deleted won't move to trash
2025-04-24 14:02:28,911 [main] INFO  om.OzoneManager (OzoneManager.java:restart(1878)) - OzoneManager RPC server is listening at localhost/127.0.0.1:15006
2025-04-24 14:02:28,911 [main] INFO  impl.MetricsSystemImpl (MetricsSystemImpl.java:init(158)) - OzoneManager metrics system started (again)
2025-04-24 14:02:28,922 [main] WARN  server.ServerUtils (ServerUtils.java:getDBPath(297)) - ozone.om.db.dirs is not configured. We recommend adding this setting. Falling back to ozone.metadata.dirs instead.
2025-04-24 14:02:28,967 [main] INFO  om.OzoneManager (OzoneManager.java:instantiateServices(933)) - S3 Multi-Tenancy is disabled
2025-04-24 14:02:28,967 [main] INFO  om.OmSnapshotManager (OmSnapshotManager.java:<init>(180)) - Ozone filesystem snapshot feature is enabled.
2025-04-24 14:02:28,967 [main] WARN  server.ServerUtils (ServerUtils.java:getDBPath(297)) - ozone.om.snapshot.diff.db.dir is not configured. We recommend adding this setting. Falling back to ozone.metadata.dirs instead.
2025-04-24 14:02:28,982 [main] WARN  dropwizard3.Dm3MetricRegistriesImpl (Dm3MetricRegistriesImpl.java:addReporterRegistration(114)) - New reporters are added after registries were created. Some metrics will be missing from the reporter. Please add reporter before adding any new registry.
2025-04-24 14:02:28,982 [main] WARN  dropwizard3.Dm3MetricRegistriesImpl (Dm3MetricRegistriesImpl.java:addReporterRegistration(114)) - New reporters are added after registries were created. Some metrics will be missing from the reporter. Please add reporter before adding any new registry.
2025-04-24 14:02:28,982 [main] WARN  server.ServerUtils (ServerUtils.java:getDefaultRatisDirectory(309)) - Storage directory for Ratis is not configured. It is a good idea to map this to an SSD disk. Falling back to ozone.metadata.dirs
2025-04-24 14:02:28,982 [main] INFO  server.RaftServerConfigKeys (ConfUtils.java:logGet(46)) - raft.server.log.appender.buffer.byte-limit = 4194304 (custom)
2025-04-24 14:02:28,983 [main] INFO  ratis.OzoneManagerRatisServer (OzoneManagerRatisServer.java:<init>(167)) - Instantiating OM Ratis server with groupID: om-service-test1 and peers: localhost:15009, localhost:15017, localhost:15013
2025-04-24 14:02:28,984 [main] INFO  ratis.OzoneManagerStateMachine (OzoneManagerStateMachine.java:loadSnapshotInfoFromDB(611)) - LastAppliedIndex is set from TransactionInfo from OM DB as (t:1, i:20)
2025-04-24 14:02:28,984 [main] INFO  server.RaftServer (ConfUtils.java:logGet(46)) - raft.rpc.type = GRPC (default)
2025-04-24 14:02:28,985 [main] INFO  grpc.GrpcConfigKeys (ConfUtils.java:logFallback(53)) - raft.grpc.admin.host = null (fallback to raft.grpc.server.host)
2025-04-24 14:02:28,985 [main] INFO  grpc.GrpcConfigKeys (ConfUtils.java:logFallback(53)) - raft.grpc.admin.port = 15009 (fallback to raft.grpc.server.port)
2025-04-24 14:02:28,985 [main] INFO  grpc.GrpcConfigKeys (ConfUtils.java:logFallback(53)) - raft.grpc.client.host = null (fallback to raft.grpc.server.host)
2025-04-24 14:02:28,985 [main] INFO  grpc.GrpcConfigKeys (ConfUtils.java:logFallback(53)) - raft.grpc.client.port = 15009 (fallback to raft.grpc.server.port)
2025-04-24 14:02:28,985 [main] INFO  grpc.GrpcConfigKeys (ConfUtils.java:logGet(46)) - raft.grpc.server.host = null (default)
2025-04-24 14:02:28,985 [main] INFO  grpc.GrpcConfigKeys (ConfUtils.java:logGet(46)) - raft.grpc.server.port = 15009 (custom)
2025-04-24 14:02:28,985 [main] INFO  server.GrpcService (ConfUtils.java:logGet(46)) - raft.grpc.message.size.max = 5242880 (custom)
2025-04-24 14:02:28,985 [main] INFO  server.GrpcService (ConfUtils.java:logGet(46)) - raft.grpc.flow.control.window = 1MB (=1048576) (default)
2025-04-24 14:02:28,985 [main] INFO  server.RaftServerConfigKeys (ConfUtils.java:logGet(46)) - raft.server.rpc.request.timeout = 3000ms (default)
2025-04-24 14:02:28,986 [main] INFO  grpc.GrpcConfigKeys (ConfUtils.java:logGet(46)) - raft.grpc.server.heartbeat.channel = true (default)
2025-04-24 14:02:28,986 [main] INFO  server.RaftServerConfigKeys (ConfUtils.java:logGet(46)) - raft.server.log.appender.buffer.byte-limit = 4194304 (custom)
2025-04-24 14:02:28,986 [main] INFO  grpc.GrpcConfigKeys (ConfUtils.java:logGet(46)) - raft.grpc.server.async.request.thread.pool.cached = true (default)
2025-04-24 14:02:28,986 [main] INFO  grpc.GrpcConfigKeys (ConfUtils.java:logGet(46)) - raft.grpc.server.async.request.thread.pool.size = 32 (default)
2025-04-24 14:02:28,987 [main] INFO  impl.DataStreamServerImpl (ConfUtils.java:logGet(46)) - raft.datastream.type = DISABLED (default)
2025-04-24 14:02:28,987 [main] INFO  server.RaftServerConfigKeys (ConfUtils.java:logGet(46)) - raft.server.sleep.deviation.threshold = 300ms (default)
2025-04-24 14:02:28,987 [main] INFO  server.RaftServerConfigKeys (ConfUtils.java:logGet(46)) - raft.server.close.threshold = 60s (default)
2025-04-24 14:02:28,987 [main] INFO  server.RaftServerConfigKeys (ConfUtils.java:logGet(46)) - raft.server.leaderelection.leader.step-down.wait-time = 10s (default)
2025-04-24 14:02:28,987 [main] INFO  server.RaftServerConfigKeys (ConfUtils.java:logGet(46)) - raft.server.storage.dir = [/home/runner/work/ozone/ozone/hadoop-ozone/integration-test/target/test-dir/MiniOzoneClusterImpl-4e6105ad-12bc-4f18-9d37-351d73277e17/omNode-1/ratis] (custom)
2025-04-24 14:02:28,987 [main] INFO  server.RaftServerConfigKeys (ConfUtils.java:logGet(46)) - raft.server.threadpool.proxy.cached = true (default)
2025-04-24 14:02:28,987 [main] INFO  server.RaftServerConfigKeys (ConfUtils.java:logGet(46)) - raft.server.threadpool.proxy.size = 0 (default)
2025-04-24 14:02:28,988 [omNode-1-impl-thread1] INFO  server.RaftServer (RaftServerProxy.java:initGroupDir(265)) - omNode-1: found a subdirectory /home/runner/work/ozone/ozone/hadoop-ozone/integration-test/target/test-dir/MiniOzoneClusterImpl-4e6105ad-12bc-4f18-9d37-351d73277e17/omNode-1/ratis/c9bc4cf4-3bc3-3c60-a66b-523986131536
2025-04-24 14:02:28,988 [main] INFO  server.RaftServer (RaftServerProxy.java:addNew(100)) - omNode-1: addNew group-523986131536:[omNode-3|localhost:15017, omNode-1|localhost:15009, omNode-2|localhost:15013] returns group-523986131536:java.util.concurrent.CompletableFuture@c7ae132[Not completed]
2025-04-24 14:02:28,988 [main] INFO  om.OzoneManager (OzoneManager.java:initializeRatisServer(2303)) - OzoneManager Ratis server initialized at port 15009
2025-04-24 14:02:28,988 [main] INFO  ratis.OzoneManagerRatisServer (OzoneManagerRatisServer.java:start(628)) - Starting OzoneManagerRatisServer omNode-1 at port 15009
2025-04-24 14:02:28,988 [omNode-1-groupManagement] INFO  server.RaftServer$Division (RaftServerImpl.java:<init>(255)) - omNode-1: new RaftServerImpl for group-523986131536:[omNode-3|localhost:15017, omNode-1|localhost:15009, omNode-2|localhost:15013] with OzoneManagerStateMachine:uninitialized
2025-04-24 14:02:28,988 [omNode-1-groupManagement] INFO  server.RaftServerConfigKeys (ConfUtils.java:logGet(46)) - raft.server.rpc.timeout.min = 1s (custom)
2025-04-24 14:02:28,989 [omNode-1-groupManagement] INFO  server.RaftServerConfigKeys (ConfUtils.java:logGet(46)) - raft.server.rpc.timeout.max = 1200ms (custom)
2025-04-24 14:02:28,989 [omNode-1-groupManagement] INFO  server.RaftServerConfigKeys (ConfUtils.java:logGet(46)) - raft.server.rpc.sleep.time = 25ms (default)
2025-04-24 14:02:28,989 [omNode-1-groupManagement] INFO  server.RaftServerConfigKeys (ConfUtils.java:logGet(46)) - raft.server.rpc.slowness.timeout = 2s (custom)
2025-04-24 14:02:28,989 [omNode-1-groupManagement] INFO  server.RaftServerConfigKeys (ConfUtils.java:logGet(46)) - raft.server.leaderelection.leader.step-down.wait-time = 10s (default)
2025-04-24 14:02:28,989 [omNode-1-groupManagement] INFO  server.RaftServerConfigKeys (ConfUtils.java:logGet(46)) - raft.server.leaderelection.member.majority-add = false (default)
2025-04-24 14:02:28,989 [omNode-1-groupManagement] INFO  server.RaftServerConfigKeys (ConfUtils.java:logGet(46)) - raft.server.sleep.deviation.threshold = 300ms (default)
2025-04-24 14:02:28,989 [omNode-1-groupManagement] INFO  server.RaftServer$Division (ServerState.java:<init>(114)) - omNode-1@group-523986131536: ConfigurationManager, init=conf: {index: -1, cur=peers:[omNode-3|localhost:15017, omNode-1|localhost:15009, omNode-2|localhost:15013]|listeners:[], old=null}, confs=<EMPTY_MAP>
2025-04-24 14:02:28,989 [omNode-1-groupManagement] INFO  server.RaftServerConfigKeys (ConfUtils.java:logGet(46)) - raft.server.notification.no-leader.timeout = 2s (custom)
2025-04-24 14:02:28,989 [omNode-1-groupManagement] INFO  server.RaftServerConfigKeys (ConfUtils.java:logGet(46)) - raft.server.read.timeout = 10s (default)
2025-04-24 14:02:28,989 [omNode-1-groupManagement] INFO  server.RaftServerConfigKeys (ConfUtils.java:logGet(46)) - raft.server.retrycache.expirytime = 30000ms (custom)
2025-04-24 14:02:28,989 [omNode-1-groupManagement] INFO  server.RaftServerConfigKeys (ConfUtils.java:logGet(46)) - raft.server.retrycache.statistics.expirytime = 100ms (default)
2025-04-24 14:02:28,989 [omNode-1-groupManagement] INFO  server.RaftServerConfigKeys (ConfUtils.java:logGet(46)) - raft.server.read.option = DEFAULT (default)
2025-04-24 14:02:28,989 [omNode-1-groupManagement] INFO  server.RaftServerConfigKeys (ConfUtils.java:logGet(46)) - raft.server.read.read-after-write-consistent.write-index-cache.expiry-time = 60s (default)
2025-04-24 14:02:28,992 [omNode-1-groupManagement] INFO  server.RaftServerConfigKeys (ConfUtils.java:logGet(46)) - raft.server.rpc.request.timeout = 3000ms (default)
2025-04-24 14:02:28,993 [omNode-1-groupManagement] INFO  server.RaftServerConfigKeys (ConfUtils.java:logGet(46)) - raft.server.log.appender.install.snapshot.enabled = false (custom)
2025-04-24 14:02:28,993 [omNode-1-groupManagement] INFO  server.RaftServerConfigKeys (ConfUtils.java:logGet(46)) - raft.server.threadpool.server.cached = true (default)
2025-04-24 14:02:28,993 [omNode-1-groupManagement] INFO  server.RaftServerConfigKeys (ConfUtils.java:logGet(46)) - raft.server.threadpool.server.size = 0 (default)
2025-04-24 14:02:28,993 [omNode-1-groupManagement] INFO  server.RaftServerConfigKeys (ConfUtils.java:logGet(46)) - raft.server.threadpool.client.cached = true (default)
2025-04-24 14:02:28,993 [omNode-1-groupManagement] INFO  server.RaftServerConfigKeys (ConfUtils.java:logGet(46)) - raft.server.threadpool.client.size = 0 (default)
2025-04-24 14:02:28,993 [omNode-1-impl-thread1] INFO  server.RaftServerConfigKeys (ConfUtils.java:logGet(46)) - raft.server.storage.free-space.min = 0MB (=0) (default)
2025-04-24 14:02:28,993 [omNode-1-impl-thread1] INFO  server.RaftServerConfigKeys (ConfUtils.java:logGet(46)) - raft.server.log.corruption.policy = EXCEPTION (default)
2025-04-24 14:02:28,993 [omNode-1-impl-thread1] INFO  server.RaftServerConfigKeys (ConfUtils.java:logGet(46)) - raft.server.storage.dir = [/home/runner/work/ozone/ozone/hadoop-ozone/integration-test/target/test-dir/MiniOzoneClusterImpl-4e6105ad-12bc-4f18-9d37-351d73277e17/omNode-1/ratis] (custom)
2025-04-24 14:02:28,994 [omNode-1-impl-thread1] INFO  storage.RaftStorageDirectory (RaftStorageDirectoryImpl.java:tryLock(229)) - Lock on /home/runner/work/ozone/ozone/hadoop-ozone/integration-test/target/test-dir/MiniOzoneClusterImpl-4e6105ad-12bc-4f18-9d37-351d73277e17/omNode-1/ratis/c9bc4cf4-3bc3-3c60-a66b-523986131536/in_use.lock acquired by nodename 129728@fv-az2210-761
2025-04-24 14:02:28,994 [omNode-1-impl-thread1] INFO  storage.RaftStorage (RaftStorageImpl.java:analyzeAndRecoverStorage(118)) - Read RaftStorageMetadata{term=1, votedFor=omNode-1} from /home/runner/work/ozone/ozone/hadoop-ozone/integration-test/target/test-dir/MiniOzoneClusterImpl-4e6105ad-12bc-4f18-9d37-351d73277e17/omNode-1/ratis/c9bc4cf4-3bc3-3c60-a66b-523986131536/current/raft-meta
2025-04-24 14:02:28,995 [omNode-1-impl-thread1] INFO  server.RaftServer$Division (ServerState.java:setRaftConf(386)) - omNode-1@group-523986131536: set configuration conf: {index: 0, cur=peers:[omNode-3|localhost:15017, omNode-1|localhost:15009, omNode-2|localhost:15013]|listeners:[], old=null}
2025-04-24 14:02:28,995 [omNode-1-impl-thread1] INFO  ratis.OzoneManagerStateMachine (OzoneManagerStateMachine.java:lambda$0(138)) - omNode-1: initialize group-523986131536 with (t:1, i:20)
2025-04-24 14:02:28,995 [omNode-1-impl-thread1] INFO  server.RaftServerConfigKeys (ConfUtils.java:logGet(46)) - raft.server.log.use.memory = false (default)
2025-04-24 14:02:28,995 [omNode-1-impl-thread1] INFO  server.RaftServerConfigKeys (ConfUtils.java:logGet(46)) - raft.server.log.purge.gap = 50 (custom)
2025-04-24 14:02:28,995 [omNode-1-impl-thread1] INFO  server.RaftServerConfigKeys (ConfUtils.java:logGet(46)) - raft.server.log.appender.buffer.byte-limit = 4194304 (custom)
2025-04-24 14:02:28,995 [omNode-1-impl-thread1] INFO  server.RaftServerConfigKeys (ConfUtils.java:logGet(46)) - raft.server.log.statemachine.data.read.timeout = 1000ms (default)
2025-04-24 14:02:28,995 [omNode-1-impl-thread1] INFO  server.RaftServerConfigKeys (ConfUtils.java:logGet(46)) - raft.server.log.purge.preservation.log.num = 0 (default)
2025-04-24 14:02:28,996 [omNode-1-impl-thread1] INFO  server.RaftServerConfigKeys (ConfUtils.java:logGet(46)) - raft.server.log.segment.size.max = 4194304 (custom)
2025-04-24 14:02:28,997 [omNode-1-impl-thread1] INFO  server.RaftServerConfigKeys (ConfUtils.java:logGet(46)) - raft.server.log.segment.cache.num.max = 2 (custom)
2025-04-24 14:02:28,997 [omNode-1-impl-thread1] INFO  server.RaftServerConfigKeys (ConfUtils.java:logGet(46)) - raft.server.log.segment.cache.size.max = 200MB (=209715200) (default)
2025-04-24 14:02:28,997 [omNode-1-impl-thread1] INFO  server.RaftServerConfigKeys (ConfUtils.java:logGet(46)) - raft.server.log.appender.buffer.byte-limit = 4194304 (custom)
2025-04-24 14:02:28,997 [omNode-1-impl-thread1] INFO  util.AwaitToRun (AwaitToRun.java:start(81)) - Thread[#1459,omNode-1@group-523986131536-cacheEviction-AwaitToRun,5,main] started
2025-04-24 14:02:28,997 [omNode-1-impl-thread1] INFO  segmented.SegmentedRaftLogWorker (SegmentedRaftLogWorker.java:<init>(188)) - new omNode-1@group-523986131536-SegmentedRaftLogWorker for RaftStorageImpl:Storage Directory /home/runner/work/ozone/ozone/hadoop-ozone/integration-test/target/test-dir/MiniOzoneClusterImpl-4e6105ad-12bc-4f18-9d37-351d73277e17/omNode-1/ratis/c9bc4cf4-3bc3-3c60-a66b-523986131536
2025-04-24 14:02:28,997 [omNode-1-impl-thread1] INFO  server.RaftServerConfigKeys (ConfUtils.java:logGet(46)) - raft.server.log.queue.byte-limit = 64MB (=67108864) (default)
2025-04-24 14:02:28,997 [omNode-1-impl-thread1] INFO  server.RaftServerConfigKeys (ConfUtils.java:logGet(46)) - raft.server.log.queue.element-limit = 4096 (default)
2025-04-24 14:02:28,997 [omNode-1-impl-thread1] INFO  server.RaftServerConfigKeys (ConfUtils.java:logGet(46)) - raft.server.log.segment.size.max = 4194304 (custom)
2025-04-24 14:02:28,997 [omNode-1-impl-thread1] INFO  server.RaftServerConfigKeys (ConfUtils.java:logGet(46)) - raft.server.log.preallocated.size = 4194304 (custom)
2025-04-24 14:02:28,997 [omNode-1-impl-thread1] INFO  server.RaftServerConfigKeys (ConfUtils.java:logGet(46)) - raft.server.log.force.sync.num = 128 (default)
2025-04-24 14:02:28,997 [omNode-1-impl-thread1] INFO  server.RaftServerConfigKeys (ConfUtils.java:logGet(46)) - raft.server.log.statemachine.data.sync = true (default)
2025-04-24 14:02:28,998 [omNode-1-impl-thread1] INFO  server.RaftServerConfigKeys (ConfUtils.java:logGet(46)) - raft.server.log.statemachine.data.sync.timeout = 10s (default)
2025-04-24 14:02:28,998 [omNode-1-impl-thread1] INFO  server.RaftServerConfigKeys (ConfUtils.java:logGet(46)) - raft.server.log.statemachine.data.sync.timeout.retry = -1 (default)
2025-04-24 14:02:28,998 [omNode-1-impl-thread1] INFO  server.RaftServerConfigKeys (ConfUtils.java:logGet(46)) - raft.server.log.write.buffer.size = 4194312 (custom)
2025-04-24 14:02:28,998 [omNode-1-impl-thread1] INFO  server.RaftServerConfigKeys (ConfUtils.java:logGet(46)) - raft.server.log.appender.buffer.byte-limit = 4194304 (custom)
2025-04-24 14:02:28,998 [omNode-1-impl-thread1] INFO  server.RaftServerConfigKeys (ConfUtils.java:logGet(46)) - raft.server.log.unsafe-flush.enabled = false (default)
2025-04-24 14:02:28,998 [omNode-1-impl-thread1] INFO  server.RaftServerConfigKeys (ConfUtils.java:logGet(46)) - raft.server.log.async-flush.enabled = false (default)
2025-04-24 14:02:28,998 [omNode-1-impl-thread1] INFO  server.RaftServerConfigKeys (ConfUtils.java:logGet(46)) - raft.server.log.statemachine.data.caching.enabled = false (default)
2025-04-24 14:02:28,999 [omNode-1-impl-thread1] INFO  server.RaftServer$Division (ServerState.java:setRaftConf(386)) - omNode-1@group-523986131536: set configuration conf: {index: 0, cur=peers:[omNode-3|localhost:15017, omNode-1|localhost:15009, omNode-2|localhost:15013]|listeners:[], old=null}
2025-04-24 14:02:29,000 [omNode-1-impl-thread1] INFO  segmented.LogSegment (LogSegment.java:loadSegment(171)) - Successfully read 21 entries from segment file /home/runner/work/ozone/ozone/hadoop-ozone/integration-test/target/test-dir/MiniOzoneClusterImpl-4e6105ad-12bc-4f18-9d37-351d73277e17/omNode-1/ratis/c9bc4cf4-3bc3-3c60-a66b-523986131536/current/log_inprogress_0
2025-04-24 14:02:29,000 [omNode-1-impl-thread1] INFO  segmented.SegmentedRaftLogWorker (SegmentedRaftLogWorker.java:lambda$new$0(139)) - omNode-1@group-523986131536-SegmentedRaftLogWorker: flushIndex: setUnconditionally 0 -> 20
2025-04-24 14:02:29,000 [omNode-1-impl-thread1] INFO  segmented.SegmentedRaftLogWorker (SegmentedRaftLogWorker.java:lambda$new$0(139)) - omNode-1@group-523986131536-SegmentedRaftLogWorker: safeCacheEvictIndex: setUnconditionally 0 -> -1
2025-04-24 14:02:29,000 [omNode-1-impl-thread1] INFO  segmented.BufferedWriteChannel (BufferedWriteChannel.java:open(61)) - open log_inprogress_0 (append) at position 3898
2025-04-24 14:02:29,000 [omNode-1-impl-thread1] INFO  server.RaftServer$Division (RaftServerImpl.java:start(391)) - omNode-1@group-523986131536: start as a follower, conf=conf: {index: 0, cur=peers:[omNode-3|localhost:15017, omNode-1|localhost:15009, omNode-2|localhost:15013]|listeners:[], old=null}
2025-04-24 14:02:29,000 [omNode-1-impl-thread1] INFO  server.RaftServer$Division (RaftServerImpl.java:setRole(378)) - omNode-1@group-523986131536: changes role from      null to FOLLOWER at term 1 for startAsFollower
2025-04-24 14:02:29,001 [omNode-1-impl-thread1] INFO  impl.RoleInfo (RoleInfo.java:updateAndGet(148)) - omNode-1: start omNode-1@group-523986131536-FollowerState
2025-04-24 14:02:29,001 [omNode-1@group-523986131536-FollowerState] INFO  server.RaftServerConfigKeys (ConfUtils.java:logFallback(53)) - raft.server.rpc.first-election.timeout.min = 1s (fallback to raft.server.rpc.timeout.min)
2025-04-24 14:02:29,001 [omNode-1@group-523986131536-FollowerState] INFO  server.RaftServerConfigKeys (ConfUtils.java:logFallback(53)) - raft.server.rpc.first-election.timeout.max = 1200ms (fallback to raft.server.rpc.timeout.max)
2025-04-24 14:02:29,001 [omNode-1-impl-thread1] INFO  util.JmxRegister (JmxRegister.java:tryRegister(44)) - Successfully registered JMX Bean with object name Ratis:service=RaftServer,group=group-523986131536,id=omNode-1
2025-04-24 14:02:29,001 [omNode-1-impl-thread1] INFO  util.JmxRegister (JmxRegister.java:register(58)) - register mxBean class org.apache.ratis.server.impl.RaftServerJmxAdapter as Ratis:service=RaftServer,group=group-523986131536,id=omNode-1
2025-04-24 14:02:29,001 [omNode-1-impl-thread1] INFO  server.RaftServerConfigKeys (ConfUtils.java:logGet(46)) - raft.server.snapshot.trigger-when-stop.enabled = true (default)
2025-04-24 14:02:29,001 [omNode-1-impl-thread1] INFO  server.RaftServerConfigKeys (ConfUtils.java:logGet(46)) - raft.server.snapshot.trigger-when-remove.enabled = true (default)
2025-04-24 14:02:29,001 [omNode-1-impl-thread1] INFO  server.RaftServerConfigKeys (ConfUtils.java:logGet(46)) - raft.server.snapshot.auto.trigger.enabled = true (custom)
2025-04-24 14:02:29,001 [omNode-1-impl-thread1] INFO  server.RaftServerConfigKeys (ConfUtils.java:logGet(46)) - raft.server.snapshot.auto.trigger.threshold = 50 (custom)
2025-04-24 14:02:29,002 [omNode-1-impl-thread1] INFO  server.RaftServerConfigKeys (ConfUtils.java:logGet(46)) - raft.server.snapshot.retention.file.num = -1 (default)
2025-04-24 14:02:29,002 [omNode-1-impl-thread1] INFO  server.RaftServerConfigKeys (ConfUtils.java:logGet(46)) - raft.server.log.purge.upto.snapshot.index = true (custom)
2025-04-24 14:02:29,002 [omNode-1-impl-thread1] INFO  server.RaftServer$Division (RaftServerImpl.java:start(405)) - omNode-1@group-523986131536: Successfully started.
2025-04-24 14:02:29,002 [main] INFO  server.RaftServer (RaftServerProxy.java:startImpl(407)) - omNode-1: start RPC server
2025-04-24 14:02:29,003 [main] INFO  server.GrpcService (GrpcService.java:startImpl(334)) - omNode-1: GrpcService started, listening on 15009
2025-04-24 14:02:29,003 [main] INFO  om.OzoneManager (OzoneManager.java:getRpcServer(1360)) - Creating RPC Server
2025-04-24 14:02:29,006 [JvmPauseMonitor9] INFO  util.JvmPauseMonitor (JvmPauseMonitor.java:run(146)) - JvmPauseMonitor-omNode-1: Started
2025-04-24 14:02:29,398 [main] INFO  reflections.Reflections (Reflections.java:scan(219)) - Reflections took 394 ms to scan 22 urls, producing 61 keys and 7423 values
2025-04-24 14:02:29,400 [main] INFO  ipc.CallQueueManager (CallQueueManager.java:<init>(93)) - Using callQueue: class java.util.concurrent.LinkedBlockingQueue, queueCapacity: 2000, scheduler: class org.apache.hadoop.ipc.DefaultRpcScheduler, ipcBackoff: false, ipcFailOver: false.
2025-04-24 14:02:29,400 [main] INFO  ipc.Server (Server.java:<init>(1438)) - Listener at localhost:15006
2025-04-24 14:02:29,400 [Socket Reader #1 for port 15006] INFO  ipc.Server (Server.java:run(1474)) - Starting Socket Reader #1 for port 15006
2025-04-24 14:02:29,401 [Socket Reader #2 for port 15006] INFO  ipc.Server (Server.java:run(1474)) - Starting Socket Reader #2 for port 15006
2025-04-24 14:02:29,401 [Socket Reader #3 for port 15006] INFO  ipc.Server (Server.java:run(1474)) - Starting Socket Reader #3 for port 15006
2025-04-24 14:02:29,401 [Socket Reader #4 for port 15006] INFO  ipc.Server (Server.java:run(1474)) - Starting Socket Reader #4 for port 15006
2025-04-24 14:02:29,401 [Socket Reader #5 for port 15006] INFO  ipc.Server (Server.java:run(1474)) - Starting Socket Reader #5 for port 15006
2025-04-24 14:02:29,401 [Socket Reader #6 for port 15006] INFO  ipc.Server (Server.java:run(1474)) - Starting Socket Reader #6 for port 15006
2025-04-24 14:02:29,401 [Socket Reader #7 for port 15006] INFO  ipc.Server (Server.java:run(1474)) - Starting Socket Reader #7 for port 15006
2025-04-24 14:02:29,402 [Socket Reader #8 for port 15006] INFO  ipc.Server (Server.java:run(1474)) - Starting Socket Reader #8 for port 15006
2025-04-24 14:02:29,402 [Socket Reader #9 for port 15006] INFO  ipc.Server (Server.java:run(1474)) - Starting Socket Reader #9 for port 15006
2025-04-24 14:02:29,402 [Socket Reader #10 for port 15006] INFO  ipc.Server (Server.java:run(1474)) - Starting Socket Reader #10 for port 15006
2025-04-24 14:02:29,404 [main] INFO  http.BaseHttpServer (BaseHttpServer.java:newHttpServer2BuilderForOzone(229)) - Starting Web-server for ozoneManager at: http://0.0.0.0:15007
2025-04-24 14:02:29,404 [main] INFO  http.BaseHttpServer (BaseHttpServer.java:<init>(107)) - Hadoop Security Enabled: false Ozone Security Enabled: false Ozone HTTP Security Enabled: false 
2025-04-24 14:02:29,405 [main] WARN  server.AuthenticationFilter (AuthenticationFilter.java:constructSecretProvider(240)) - Unable to initialize FileSignerSecretProvider, falling back to use random secrets. Reason: Could not read signature secret file: /home/runner/hadoop-http-auth-signature-secret
2025-04-24 14:02:29,407 [main] INFO  http.HttpServer2 (HttpServer2.java:addGlobalFilter(1041)) - Added global filter 'safety' (class=org.apache.hadoop.hdds.server.http.HttpServer2$QuotingInputFilter)
2025-04-24 14:02:29,408 [main] INFO  http.HttpServer2 (HttpServer2.java:addFilter(1017)) - Added filter static_user_filter (class=org.apache.hadoop.http.lib.StaticUserWebFilter$StaticUserFilter) to context ozoneManager
2025-04-24 14:02:29,408 [main] INFO  http.HttpServer2 (HttpServer2.java:addFilter(1025)) - Added filter static_user_filter (class=org.apache.hadoop.http.lib.StaticUserWebFilter$StaticUserFilter) to context static
2025-04-24 14:02:29,408 [main] INFO  http.HttpServer2 (HttpServer2.java:addFilter(1025)) - Added filter static_user_filter (class=org.apache.hadoop.http.lib.StaticUserWebFilter$StaticUserFilter) to context logs
2025-04-24 14:02:29,409 [main] INFO  http.BaseHttpServer (BaseHttpServer.java:<init>(195)) - HTTP server of ozoneManager uses base directory /home/runner/work/ozone/ozone/hadoop-ozone/integration-test/target/test-dir/MiniOzoneClusterImpl-4e6105ad-12bc-4f18-9d37-351d73277e17/omNode-1/webserver
2025-04-24 14:02:29,409 [main] INFO  http.HttpServer2 (HttpServer2.java:bindListener(1241)) - Jetty bound to port 15007
2025-04-24 14:02:29,409 [main] INFO  server.Server (Server.java:doStart(375)) - jetty-9.4.57.v20241219; built: 2025-01-08T21:24:30.412Z; git: df524e6b29271c2e09ba9aea83c18dc9db464a31; jvm 21.0.7+6-LTS
2025-04-24 14:02:29,410 [main] INFO  server.session (DefaultSessionIdManager.java:doStart(334)) - DefaultSessionIdManager workerName=node0
2025-04-24 14:02:29,411 [main] INFO  server.session (DefaultSessionIdManager.java:doStart(339)) - No SessionScavenger set, using defaults
2025-04-24 14:02:29,411 [main] INFO  server.session (HouseKeeper.java:startScavenging(132)) - node0 Scavenging every 600000ms
2025-04-24 14:02:29,411 [main] INFO  handler.ContextHandler (ContextHandler.java:doStart(921)) - Started o.e.j.s.ServletContextHandler@68c867f7{logs,/logs,file:///home/runner/work/ozone/ozone/hadoop-ozone/integration-test/target/log,AVAILABLE}
2025-04-24 14:02:29,412 [main] INFO  handler.ContextHandler (ContextHandler.java:doStart(921)) - Started o.e.j.s.ServletContextHandler@5505c6a{static,/static,file:///home/runner/work/ozone/ozone/hadoop-ozone/integration-test/target/test-classes/webapps/static,AVAILABLE}
2025-04-24 14:02:29,417 [main] INFO  handler.ContextHandler (ContextHandler.java:doStart(921)) - Started o.e.j.w.WebAppContext@536c8170{ozoneManager,/,file:///home/runner/work/ozone/ozone/hadoop-ozone/integration-test/target/test-classes/webapps/ozoneManager/,AVAILABLE}{file:/home/runner/work/ozone/ozone/hadoop-ozone/integration-test/target/test-classes/webapps/ozoneManager}
2025-04-24 14:02:29,418 [main] INFO  server.AbstractConnector (AbstractConnector.java:doStart(333)) - Started ServerConnector@372bf2c5{HTTP/1.1, (http/1.1)}{0.0.0.0:15007}
2025-04-24 14:02:29,418 [main] INFO  server.Server (Server.java:doStart(415)) - Started @30750ms
2025-04-24 14:02:29,418 [main] WARN  impl.MetricsSystemImpl (MetricsSystemImpl.java:register(279)) - Sink prometheus already exists!
2025-04-24 14:02:29,418 [main] INFO  http.BaseHttpServer (BaseHttpServer.java:updateConnectorAddress(360)) - HTTP server of ozoneManager listening at http://0.0.0.0:15007
2025-04-24 14:02:29,418 [IPC Server Responder] INFO  ipc.Server (Server.java:run(1713)) - IPC Server Responder: starting
2025-04-24 14:02:29,418 [IPC Server listener on 15006] INFO  ipc.Server (Server.java:run(1553)) - IPC Server listener on 15006: starting
2025-04-24 14:02:29,421 [main] INFO  om.OzoneManager (OzoneManager.java:startTrashEmptier(2257)) - Trash Interval set to 0. Files deleted won't move to trash
2025-04-24 14:02:29,421 [main] INFO  om.OzoneManager (OzoneManager.java:restart(1878)) - OzoneManager RPC server is listening at localhost/127.0.0.1:15010
2025-04-24 14:02:29,421 [main] INFO  impl.MetricsSystemImpl (MetricsSystemImpl.java:init(158)) - OzoneManager metrics system started (again)
2025-04-24 14:02:29,434 [main] WARN  server.ServerUtils (ServerUtils.java:getDBPath(297)) - ozone.om.db.dirs is not configured. We recommend adding this setting. Falling back to ozone.metadata.dirs instead.
2025-04-24 14:02:29,478 [main] INFO  om.OzoneManager (OzoneManager.java:instantiateServices(933)) - S3 Multi-Tenancy is disabled
2025-04-24 14:02:29,478 [main] INFO  om.OmSnapshotManager (OmSnapshotManager.java:<init>(180)) - Ozone filesystem snapshot feature is enabled.
2025-04-24 14:02:29,479 [main] WARN  server.ServerUtils (ServerUtils.java:getDBPath(297)) - ozone.om.snapshot.diff.db.dir is not configured. We recommend adding this setting. Falling back to ozone.metadata.dirs instead.
2025-04-24 14:02:29,480 [timer0] WARN  server.GrpcLogAppender (LogUtils.java:warn(121)) - omNode-2@group-523986131536->omNode-1-AppendLogResponseHandler: Failed appendEntries (Repeated 20 times in the last 5.000s): org.apache.ratis.thirdparty.io.grpc.StatusRuntimeException: UNAVAILABLE: io exception
2025-04-24 14:02:29,481 [timer1] WARN  server.GrpcLogAppender (GrpcLogAppender.java:lambda$resetClient$1(221)) - omNode-2@group-523986131536->omNode-1-GrpcLogAppender: Follower failed (request=null, errorCount=24); keep nextIndex (23) unchanged and retry. (Repeated 6 times in the last 5.000s)
2025-04-24 14:02:29,494 [main] WARN  dropwizard3.Dm3MetricRegistriesImpl (Dm3MetricRegistriesImpl.java:addReporterRegistration(114)) - New reporters are added after registries were created. Some metrics will be missing from the reporter. Please add reporter before adding any new registry.
2025-04-24 14:02:29,494 [main] WARN  dropwizard3.Dm3MetricRegistriesImpl (Dm3MetricRegistriesImpl.java:addReporterRegistration(114)) - New reporters are added after registries were created. Some metrics will be missing from the reporter. Please add reporter before adding any new registry.
2025-04-24 14:02:29,495 [main] WARN  server.ServerUtils (ServerUtils.java:getDefaultRatisDirectory(309)) - Storage directory for Ratis is not configured. It is a good idea to map this to an SSD disk. Falling back to ozone.metadata.dirs
2025-04-24 14:02:29,495 [main] INFO  server.RaftServerConfigKeys (ConfUtils.java:logGet(46)) - raft.server.log.appender.buffer.byte-limit = 4194304 (custom)
2025-04-24 14:02:29,496 [main] INFO  ratis.OzoneManagerRatisServer (OzoneManagerRatisServer.java:<init>(167)) - Instantiating OM Ratis server with groupID: om-service-test1 and peers: localhost:15013, localhost:15017, localhost:15009
2025-04-24 14:02:29,497 [main] INFO  ratis.OzoneManagerStateMachine (OzoneManagerStateMachine.java:loadSnapshotInfoFromDB(611)) - LastAppliedIndex is set from TransactionInfo from OM DB as (t:2, i:29)
2025-04-24 14:02:29,497 [main] INFO  server.RaftServer (ConfUtils.java:logGet(46)) - raft.rpc.type = GRPC (default)
2025-04-24 14:02:29,498 [main] INFO  grpc.GrpcConfigKeys (ConfUtils.java:logFallback(53)) - raft.grpc.admin.host = null (fallback to raft.grpc.server.host)
2025-04-24 14:02:29,498 [main] INFO  grpc.GrpcConfigKeys (ConfUtils.java:logFallback(53)) - raft.grpc.admin.port = 15013 (fallback to raft.grpc.server.port)
2025-04-24 14:02:29,498 [main] INFO  grpc.GrpcConfigKeys (ConfUtils.java:logFallback(53)) - raft.grpc.client.host = null (fallback to raft.grpc.server.host)
2025-04-24 14:02:29,498 [main] INFO  grpc.GrpcConfigKeys (ConfUtils.java:logFallback(53)) - raft.grpc.client.port = 15013 (fallback to raft.grpc.server.port)
2025-04-24 14:02:29,498 [main] INFO  grpc.GrpcConfigKeys (ConfUtils.java:logGet(46)) - raft.grpc.server.host = null (default)
2025-04-24 14:02:29,498 [main] INFO  grpc.GrpcConfigKeys (ConfUtils.java:logGet(46)) - raft.grpc.server.port = 15013 (custom)
2025-04-24 14:02:29,498 [main] INFO  server.GrpcService (ConfUtils.java:logGet(46)) - raft.grpc.message.size.max = 5242880 (custom)
2025-04-24 14:02:29,498 [main] INFO  server.GrpcService (ConfUtils.java:logGet(46)) - raft.grpc.flow.control.window = 1MB (=1048576) (default)
2025-04-24 14:02:29,499 [main] INFO  server.RaftServerConfigKeys (ConfUtils.java:logGet(46)) - raft.server.rpc.request.timeout = 3000ms (default)
2025-04-24 14:02:29,499 [main] INFO  grpc.GrpcConfigKeys (ConfUtils.java:logGet(46)) - raft.grpc.server.heartbeat.channel = true (default)
2025-04-24 14:02:29,499 [main] INFO  server.RaftServerConfigKeys (ConfUtils.java:logGet(46)) - raft.server.log.appender.buffer.byte-limit = 4194304 (custom)
2025-04-24 14:02:29,499 [main] INFO  grpc.GrpcConfigKeys (ConfUtils.java:logGet(46)) - raft.grpc.server.async.request.thread.pool.cached = true (default)
2025-04-24 14:02:29,499 [main] INFO  grpc.GrpcConfigKeys (ConfUtils.java:logGet(46)) - raft.grpc.server.async.request.thread.pool.size = 32 (default)
2025-04-24 14:02:29,500 [main] INFO  impl.DataStreamServerImpl (ConfUtils.java:logGet(46)) - raft.datastream.type = DISABLED (default)
2025-04-24 14:02:29,500 [main] INFO  server.RaftServerConfigKeys (ConfUtils.java:logGet(46)) - raft.server.sleep.deviation.threshold = 300ms (default)
2025-04-24 14:02:29,500 [main] INFO  server.RaftServerConfigKeys (ConfUtils.java:logGet(46)) - raft.server.close.threshold = 60s (default)
2025-04-24 14:02:29,501 [main] INFO  server.RaftServerConfigKeys (ConfUtils.java:logGet(46)) - raft.server.leaderelection.leader.step-down.wait-time = 10s (default)
2025-04-24 14:02:29,501 [main] INFO  server.RaftServerConfigKeys (ConfUtils.java:logGet(46)) - raft.server.storage.dir = [/home/runner/work/ozone/ozone/hadoop-ozone/integration-test/target/test-dir/MiniOzoneClusterImpl-4e6105ad-12bc-4f18-9d37-351d73277e17/omNode-2/ratis] (custom)
2025-04-24 14:02:29,501 [main] INFO  server.RaftServerConfigKeys (ConfUtils.java:logGet(46)) - raft.server.threadpool.proxy.cached = true (default)
2025-04-24 14:02:29,501 [main] INFO  server.RaftServerConfigKeys (ConfUtils.java:logGet(46)) - raft.server.threadpool.proxy.size = 0 (default)
2025-04-24 14:02:29,501 [omNode-2-impl-thread1] INFO  server.RaftServer (RaftServerProxy.java:initGroupDir(265)) - omNode-2: found a subdirectory /home/runner/work/ozone/ozone/hadoop-ozone/integration-test/target/test-dir/MiniOzoneClusterImpl-4e6105ad-12bc-4f18-9d37-351d73277e17/omNode-2/ratis/c9bc4cf4-3bc3-3c60-a66b-523986131536
2025-04-24 14:02:29,502 [main] INFO  server.RaftServer (RaftServerProxy.java:addNew(100)) - omNode-2: addNew group-523986131536:[omNode-3|localhost:15017, omNode-1|localhost:15009, omNode-2|localhost:15013] returns group-523986131536:java.util.concurrent.CompletableFuture@4bfc4be1[Not completed]
2025-04-24 14:02:29,502 [main] INFO  om.OzoneManager (OzoneManager.java:initializeRatisServer(2303)) - OzoneManager Ratis server initialized at port 15013
2025-04-24 14:02:29,502 [main] INFO  ratis.OzoneManagerRatisServer (OzoneManagerRatisServer.java:start(628)) - Starting OzoneManagerRatisServer omNode-2 at port 15013
2025-04-24 14:02:29,502 [omNode-2-groupManagement] INFO  server.RaftServer$Division (RaftServerImpl.java:<init>(255)) - omNode-2: new RaftServerImpl for group-523986131536:[omNode-3|localhost:15017, omNode-1|localhost:15009, omNode-2|localhost:15013] with OzoneManagerStateMachine:uninitialized
2025-04-24 14:02:29,502 [omNode-2-groupManagement] INFO  server.RaftServerConfigKeys (ConfUtils.java:logGet(46)) - raft.server.rpc.timeout.min = 1s (custom)
2025-04-24 14:02:29,502 [omNode-2-groupManagement] INFO  server.RaftServerConfigKeys (ConfUtils.java:logGet(46)) - raft.server.rpc.timeout.max = 1200ms (custom)
2025-04-24 14:02:29,502 [omNode-2-groupManagement] INFO  server.RaftServerConfigKeys (ConfUtils.java:logGet(46)) - raft.server.rpc.sleep.time = 25ms (default)
2025-04-24 14:02:29,503 [omNode-2-groupManagement] INFO  server.RaftServerConfigKeys (ConfUtils.java:logGet(46)) - raft.server.rpc.slowness.timeout = 2s (custom)
2025-04-24 14:02:29,503 [omNode-2-groupManagement] INFO  server.RaftServerConfigKeys (ConfUtils.java:logGet(46)) - raft.server.leaderelection.leader.step-down.wait-time = 10s (default)
2025-04-24 14:02:29,503 [omNode-2-groupManagement] INFO  server.RaftServerConfigKeys (ConfUtils.java:logGet(46)) - raft.server.leaderelection.member.majority-add = false (default)
2025-04-24 14:02:29,503 [omNode-2-groupManagement] INFO  server.RaftServerConfigKeys (ConfUtils.java:logGet(46)) - raft.server.sleep.deviation.threshold = 300ms (default)
2025-04-24 14:02:29,503 [omNode-2-groupManagement] INFO  server.RaftServer$Division (ServerState.java:<init>(114)) - omNode-2@group-523986131536: ConfigurationManager, init=conf: {index: -1, cur=peers:[omNode-3|localhost:15017, omNode-1|localhost:15009, omNode-2|localhost:15013]|listeners:[], old=null}, confs=<EMPTY_MAP>
2025-04-24 14:02:29,503 [omNode-2-groupManagement] INFO  server.RaftServerConfigKeys (ConfUtils.java:logGet(46)) - raft.server.notification.no-leader.timeout = 2s (custom)
2025-04-24 14:02:29,503 [omNode-2-groupManagement] INFO  server.RaftServerConfigKeys (ConfUtils.java:logGet(46)) - raft.server.read.timeout = 10s (default)
2025-04-24 14:02:29,503 [omNode-2-groupManagement] INFO  server.RaftServerConfigKeys (ConfUtils.java:logGet(46)) - raft.server.retrycache.expirytime = 30000ms (custom)
2025-04-24 14:02:29,503 [omNode-2-groupManagement] INFO  server.RaftServerConfigKeys (ConfUtils.java:logGet(46)) - raft.server.retrycache.statistics.expirytime = 100ms (default)
2025-04-24 14:02:29,503 [omNode-2-groupManagement] INFO  server.RaftServerConfigKeys (ConfUtils.java:logGet(46)) - raft.server.read.option = DEFAULT (default)
2025-04-24 14:02:29,503 [omNode-2-groupManagement] INFO  server.RaftServerConfigKeys (ConfUtils.java:logGet(46)) - raft.server.read.read-after-write-consistent.write-index-cache.expiry-time = 60s (default)
2025-04-24 14:02:29,505 [omNode-2-groupManagement] INFO  server.RaftServerConfigKeys (ConfUtils.java:logGet(46)) - raft.server.rpc.request.timeout = 3000ms (default)
2025-04-24 14:02:29,505 [omNode-2-groupManagement] INFO  server.RaftServerConfigKeys (ConfUtils.java:logGet(46)) - raft.server.log.appender.install.snapshot.enabled = false (custom)
2025-04-24 14:02:29,505 [omNode-2-groupManagement] INFO  server.RaftServerConfigKeys (ConfUtils.java:logGet(46)) - raft.server.threadpool.server.cached = true (default)
2025-04-24 14:02:29,505 [omNode-2-groupManagement] INFO  server.RaftServerConfigKeys (ConfUtils.java:logGet(46)) - raft.server.threadpool.server.size = 0 (default)
2025-04-24 14:02:29,505 [omNode-2-groupManagement] INFO  server.RaftServerConfigKeys (ConfUtils.java:logGet(46)) - raft.server.threadpool.client.cached = true (default)
2025-04-24 14:02:29,506 [omNode-2-groupManagement] INFO  server.RaftServerConfigKeys (ConfUtils.java:logGet(46)) - raft.server.threadpool.client.size = 0 (default)
2025-04-24 14:02:29,506 [omNode-2-impl-thread1] INFO  server.RaftServerConfigKeys (ConfUtils.java:logGet(46)) - raft.server.storage.free-space.min = 0MB (=0) (default)
2025-04-24 14:02:29,506 [omNode-2-impl-thread1] INFO  server.RaftServerConfigKeys (ConfUtils.java:logGet(46)) - raft.server.log.corruption.policy = EXCEPTION (default)
2025-04-24 14:02:29,506 [omNode-2-impl-thread1] INFO  server.RaftServerConfigKeys (ConfUtils.java:logGet(46)) - raft.server.storage.dir = [/home/runner/work/ozone/ozone/hadoop-ozone/integration-test/target/test-dir/MiniOzoneClusterImpl-4e6105ad-12bc-4f18-9d37-351d73277e17/omNode-2/ratis] (custom)
2025-04-24 14:02:29,507 [omNode-2-impl-thread1] INFO  storage.RaftStorageDirectory (RaftStorageDirectoryImpl.java:tryLock(229)) - Lock on /home/runner/work/ozone/ozone/hadoop-ozone/integration-test/target/test-dir/MiniOzoneClusterImpl-4e6105ad-12bc-4f18-9d37-351d73277e17/omNode-2/ratis/c9bc4cf4-3bc3-3c60-a66b-523986131536/in_use.lock acquired by nodename 129728@fv-az2210-761
2025-04-24 14:02:29,507 [omNode-2-impl-thread1] INFO  storage.RaftStorage (RaftStorageImpl.java:analyzeAndRecoverStorage(118)) - Read RaftStorageMetadata{term=2, votedFor=omNode-2} from /home/runner/work/ozone/ozone/hadoop-ozone/integration-test/target/test-dir/MiniOzoneClusterImpl-4e6105ad-12bc-4f18-9d37-351d73277e17/omNode-2/ratis/c9bc4cf4-3bc3-3c60-a66b-523986131536/current/raft-meta
2025-04-24 14:02:29,507 [omNode-2-impl-thread1] INFO  server.RaftServer$Division (ServerState.java:setRaftConf(386)) - omNode-2@group-523986131536: set configuration conf: {index: 21, cur=peers:[omNode-3|localhost:15017, omNode-1|localhost:15009, omNode-2|localhost:15013]|listeners:[], old=null}
2025-04-24 14:02:29,507 [omNode-2-impl-thread1] INFO  ratis.OzoneManagerStateMachine (OzoneManagerStateMachine.java:lambda$0(138)) - omNode-2: initialize group-523986131536 with (t:2, i:29)
2025-04-24 14:02:29,507 [omNode-2-impl-thread1] INFO  server.RaftServerConfigKeys (ConfUtils.java:logGet(46)) - raft.server.log.use.memory = false (default)
2025-04-24 14:02:29,508 [omNode-2-impl-thread1] INFO  server.RaftServerConfigKeys (ConfUtils.java:logGet(46)) - raft.server.log.purge.gap = 50 (custom)
2025-04-24 14:02:29,508 [omNode-2-impl-thread1] INFO  server.RaftServerConfigKeys (ConfUtils.java:logGet(46)) - raft.server.log.appender.buffer.byte-limit = 4194304 (custom)
2025-04-24 14:02:29,508 [omNode-2-impl-thread1] INFO  server.RaftServerConfigKeys (ConfUtils.java:logGet(46)) - raft.server.log.statemachine.data.read.timeout = 1000ms (default)
2025-04-24 14:02:29,508 [omNode-2-impl-thread1] INFO  server.RaftServerConfigKeys (ConfUtils.java:logGet(46)) - raft.server.log.purge.preservation.log.num = 0 (default)
2025-04-24 14:02:29,509 [omNode-2-impl-thread1] INFO  server.RaftServerConfigKeys (ConfUtils.java:logGet(46)) - raft.server.log.segment.size.max = 4194304 (custom)
2025-04-24 14:02:29,509 [omNode-2-impl-thread1] INFO  server.RaftServerConfigKeys (ConfUtils.java:logGet(46)) - raft.server.log.segment.cache.num.max = 2 (custom)
2025-04-24 14:02:29,509 [omNode-2-impl-thread1] INFO  server.RaftServerConfigKeys (ConfUtils.java:logGet(46)) - raft.server.log.segment.cache.size.max = 200MB (=209715200) (default)
2025-04-24 14:02:29,509 [omNode-2-impl-thread1] INFO  server.RaftServerConfigKeys (ConfUtils.java:logGet(46)) - raft.server.log.appender.buffer.byte-limit = 4194304 (custom)
2025-04-24 14:02:29,510 [omNode-2-impl-thread1] INFO  util.AwaitToRun (AwaitToRun.java:start(81)) - Thread[#1546,omNode-2@group-523986131536-cacheEviction-AwaitToRun,5,main] started
2025-04-24 14:02:29,510 [omNode-2-impl-thread1] INFO  segmented.SegmentedRaftLogWorker (SegmentedRaftLogWorker.java:<init>(188)) - new omNode-2@group-523986131536-SegmentedRaftLogWorker for RaftStorageImpl:Storage Directory /home/runner/work/ozone/ozone/hadoop-ozone/integration-test/target/test-dir/MiniOzoneClusterImpl-4e6105ad-12bc-4f18-9d37-351d73277e17/omNode-2/ratis/c9bc4cf4-3bc3-3c60-a66b-523986131536
2025-04-24 14:02:29,510 [omNode-2-impl-thread1] INFO  server.RaftServerConfigKeys (ConfUtils.java:logGet(46)) - raft.server.log.queue.byte-limit = 64MB (=67108864) (default)
2025-04-24 14:02:29,510 [omNode-2-impl-thread1] INFO  server.RaftServerConfigKeys (ConfUtils.java:logGet(46)) - raft.server.log.queue.element-limit = 4096 (default)
2025-04-24 14:02:29,510 [omNode-2-impl-thread1] INFO  server.RaftServerConfigKeys (ConfUtils.java:logGet(46)) - raft.server.log.segment.size.max = 4194304 (custom)
2025-04-24 14:02:29,510 [omNode-2-impl-thread1] INFO  server.RaftServerConfigKeys (ConfUtils.java:logGet(46)) - raft.server.log.preallocated.size = 4194304 (custom)
2025-04-24 14:02:29,510 [omNode-2-impl-thread1] INFO  server.RaftServerConfigKeys (ConfUtils.java:logGet(46)) - raft.server.log.force.sync.num = 128 (default)
2025-04-24 14:02:29,510 [omNode-2-impl-thread1] INFO  server.RaftServerConfigKeys (ConfUtils.java:logGet(46)) - raft.server.log.statemachine.data.sync = true (default)
2025-04-24 14:02:29,510 [omNode-2-impl-thread1] INFO  server.RaftServerConfigKeys (ConfUtils.java:logGet(46)) - raft.server.log.statemachine.data.sync.timeout = 10s (default)
2025-04-24 14:02:29,510 [omNode-2-impl-thread1] INFO  server.RaftServerConfigKeys (ConfUtils.java:logGet(46)) - raft.server.log.statemachine.data.sync.timeout.retry = -1 (default)
2025-04-24 14:02:29,511 [omNode-2-impl-thread1] INFO  server.RaftServerConfigKeys (ConfUtils.java:logGet(46)) - raft.server.log.write.buffer.size = 4194312 (custom)
2025-04-24 14:02:29,512 [omNode-2-impl-thread1] INFO  server.RaftServerConfigKeys (ConfUtils.java:logGet(46)) - raft.server.log.appender.buffer.byte-limit = 4194304 (custom)
2025-04-24 14:02:29,512 [omNode-2-impl-thread1] INFO  server.RaftServerConfigKeys (ConfUtils.java:logGet(46)) - raft.server.log.unsafe-flush.enabled = false (default)
2025-04-24 14:02:29,512 [omNode-2-impl-thread1] INFO  server.RaftServerConfigKeys (ConfUtils.java:logGet(46)) - raft.server.log.async-flush.enabled = false (default)
2025-04-24 14:02:29,512 [omNode-2-impl-thread1] INFO  server.RaftServerConfigKeys (ConfUtils.java:logGet(46)) - raft.server.log.statemachine.data.caching.enabled = false (default)
2025-04-24 14:02:29,513 [omNode-2-impl-thread1] INFO  server.RaftServer$Division (ServerState.java:setRaftConf(386)) - omNode-2@group-523986131536: set configuration conf: {index: 0, cur=peers:[omNode-3|localhost:15017, omNode-1|localhost:15009, omNode-2|localhost:15013]|listeners:[], old=null}
2025-04-24 14:02:29,514 [omNode-2-impl-thread1] INFO  segmented.LogSegment (LogSegment.java:loadSegment(171)) - Successfully read 21 entries from segment file /home/runner/work/ozone/ozone/hadoop-ozone/integration-test/target/test-dir/MiniOzoneClusterImpl-4e6105ad-12bc-4f18-9d37-351d73277e17/omNode-2/ratis/c9bc4cf4-3bc3-3c60-a66b-523986131536/current/log_0-20
2025-04-24 14:02:29,514 [omNode-2-impl-thread1] INFO  server.RaftServer$Division (ServerState.java:setRaftConf(386)) - omNode-2@group-523986131536: set configuration conf: {index: 21, cur=peers:[omNode-3|localhost:15017, omNode-1|localhost:15009, omNode-2|localhost:15013]|listeners:[], old=null}
2025-04-24 14:02:29,514 [omNode-2-impl-thread1] INFO  segmented.LogSegment (LogSegment.java:loadSegment(171)) - Successfully read 10 entries from segment file /home/runner/work/ozone/ozone/hadoop-ozone/integration-test/target/test-dir/MiniOzoneClusterImpl-4e6105ad-12bc-4f18-9d37-351d73277e17/omNode-2/ratis/c9bc4cf4-3bc3-3c60-a66b-523986131536/current/log_inprogress_21
2025-04-24 14:02:29,514 [omNode-2-impl-thread1] INFO  segmented.SegmentedRaftLogWorker (SegmentedRaftLogWorker.java:lambda$new$0(139)) - omNode-2@group-523986131536-SegmentedRaftLogWorker: flushIndex: setUnconditionally 0 -> 30
2025-04-24 14:02:29,514 [omNode-2-impl-thread1] INFO  segmented.SegmentedRaftLogWorker (SegmentedRaftLogWorker.java:lambda$new$0(139)) - omNode-2@group-523986131536-SegmentedRaftLogWorker: safeCacheEvictIndex: setUnconditionally 0 -> 20
2025-04-24 14:02:29,515 [omNode-2-impl-thread1] INFO  segmented.BufferedWriteChannel (BufferedWriteChannel.java:open(61)) - open log_inprogress_21 (append) at position 2323
2025-04-24 14:02:29,515 [omNode-2-impl-thread1] INFO  server.RaftServer$Division (RaftServerImpl.java:start(391)) - omNode-2@group-523986131536: start as a follower, conf=conf: {index: 21, cur=peers:[omNode-3|localhost:15017, omNode-1|localhost:15009, omNode-2|localhost:15013]|listeners:[], old=null}
2025-04-24 14:02:29,515 [omNode-2-impl-thread1] INFO  server.RaftServer$Division (RaftServerImpl.java:setRole(378)) - omNode-2@group-523986131536: changes role from      null to FOLLOWER at term 2 for startAsFollower
2025-04-24 14:02:29,515 [omNode-2-impl-thread1] INFO  impl.RoleInfo (RoleInfo.java:updateAndGet(148)) - omNode-2: start omNode-2@group-523986131536-FollowerState
2025-04-24 14:02:29,516 [omNode-2-impl-thread1] INFO  util.JmxRegister (JmxRegister.java:tryRegister(44)) - Successfully registered JMX Bean with object name Ratis:service=RaftServer,group=group-523986131536,id=omNode-2
2025-04-24 14:02:29,516 [omNode-2-impl-thread1] INFO  util.JmxRegister (JmxRegister.java:register(58)) - register mxBean class org.apache.ratis.server.impl.RaftServerJmxAdapter as Ratis:service=RaftServer,group=group-523986131536,id=omNode-2
2025-04-24 14:02:29,516 [omNode-2-impl-thread1] INFO  server.RaftServerConfigKeys (ConfUtils.java:logGet(46)) - raft.server.snapshot.trigger-when-stop.enabled = true (default)
2025-04-24 14:02:29,516 [omNode-2-impl-thread1] INFO  server.RaftServerConfigKeys (ConfUtils.java:logGet(46)) - raft.server.snapshot.trigger-when-remove.enabled = true (default)
2025-04-24 14:02:29,516 [omNode-2-impl-thread1] INFO  server.RaftServerConfigKeys (ConfUtils.java:logGet(46)) - raft.server.snapshot.auto.trigger.enabled = true (custom)
2025-04-24 14:02:29,516 [omNode-2-impl-thread1] INFO  server.RaftServerConfigKeys (ConfUtils.java:logGet(46)) - raft.server.snapshot.auto.trigger.threshold = 50 (custom)
2025-04-24 14:02:29,516 [omNode-2-impl-thread1] INFO  server.RaftServerConfigKeys (ConfUtils.java:logGet(46)) - raft.server.snapshot.retention.file.num = -1 (default)
2025-04-24 14:02:29,517 [omNode-2-impl-thread1] INFO  server.RaftServerConfigKeys (ConfUtils.java:logGet(46)) - raft.server.log.purge.upto.snapshot.index = true (custom)
2025-04-24 14:02:29,516 [omNode-2@group-523986131536-FollowerState] INFO  server.RaftServerConfigKeys (ConfUtils.java:logFallback(53)) - raft.server.rpc.first-election.timeout.min = 1s (fallback to raft.server.rpc.timeout.min)
2025-04-24 14:02:29,517 [omNode-2@group-523986131536-FollowerState] INFO  server.RaftServerConfigKeys (ConfUtils.java:logFallback(53)) - raft.server.rpc.first-election.timeout.max = 1200ms (fallback to raft.server.rpc.timeout.max)
2025-04-24 14:02:29,517 [omNode-2-impl-thread1] INFO  server.RaftServer$Division (RaftServerImpl.java:start(405)) - omNode-2@group-523986131536: Successfully started.
2025-04-24 14:02:29,518 [main] INFO  server.RaftServer (RaftServerProxy.java:startImpl(407)) - omNode-2: start RPC server
2025-04-24 14:02:29,518 [main] INFO  server.GrpcService (GrpcService.java:startImpl(334)) - omNode-2: GrpcService started, listening on 15013
2025-04-24 14:02:29,519 [main] INFO  om.OzoneManager (OzoneManager.java:getRpcServer(1360)) - Creating RPC Server
2025-04-24 14:02:29,519 [JvmPauseMonitor10] INFO  util.JvmPauseMonitor (JvmPauseMonitor.java:run(146)) - JvmPauseMonitor-omNode-2: Started
2025-04-24 14:02:29,605 [omNode-3@group-523986131536-FollowerState] INFO  impl.FollowerState (FollowerState.java:runImpl(161)) - omNode-3@group-523986131536-FollowerState: change to CANDIDATE, lastRpcElapsedTime:1188738335ns, electionTimeout:1187ms
2025-04-24 14:02:29,606 [omNode-3@group-523986131536-FollowerState] INFO  impl.RoleInfo (RoleInfo.java:shutdownFollowerState(121)) - omNode-3: shutdown omNode-3@group-523986131536-FollowerState
2025-04-24 14:02:29,610 [omNode-3@group-523986131536-FollowerState] INFO  server.RaftServer$Division (RaftServerImpl.java:setRole(378)) - omNode-3@group-523986131536: changes role from  FOLLOWER to CANDIDATE at term 2 for changeToCandidate
2025-04-24 14:02:29,610 [omNode-3@group-523986131536-FollowerState] INFO  server.RaftServerConfigKeys (ConfUtils.java:logGet(46)) - raft.server.leaderelection.pre-vote = true (default)
2025-04-24 14:02:29,610 [omNode-3@group-523986131536-FollowerState] INFO  impl.RoleInfo (RoleInfo.java:updateAndGet(148)) - omNode-3: start omNode-3@group-523986131536-LeaderElection12
2025-04-24 14:02:29,613 [omNode-3@group-523986131536-LeaderElection12] INFO  impl.LeaderElection (LeaderElection.java:askForVotes(332)) - omNode-3@group-523986131536-LeaderElection12 PRE_VOTE round 0: submit vote requests at term 2 for conf: {index: 21, cur=peers:[omNode-3|localhost:15017, omNode-1|localhost:15009, omNode-2|localhost:15013]|listeners:[], old=null}
2025-04-24 14:02:29,615 [omNode-3@group-523986131536-LeaderElection12-1] INFO  server.GrpcServerProtocolClient (GrpcServerProtocolClient.java:<init>(65)) - Build channel for omNode-1|localhost:15009
2025-04-24 14:02:29,623 [omNode-3@group-523986131536-LeaderElection12-2] INFO  server.GrpcServerProtocolClient (GrpcServerProtocolClient.java:<init>(65)) - Build channel for omNode-2|localhost:15013
2025-04-24 14:02:29,624 [omNode-3@group-523986131536-LeaderElection12] INFO  server.RaftServerConfigKeys (ConfUtils.java:logFallback(53)) - raft.server.rpc.first-election.timeout.min = 1s (fallback to raft.server.rpc.timeout.min)
2025-04-24 14:02:29,624 [omNode-3@group-523986131536-LeaderElection12] INFO  server.RaftServerConfigKeys (ConfUtils.java:logFallback(53)) - raft.server.rpc.first-election.timeout.max = 1200ms (fallback to raft.server.rpc.timeout.max)
2025-04-24 14:02:29,627 [grpc-default-executor-4] INFO  server.RaftServer$Division (RaftServerImpl.java:requestVote(1407)) - omNode-1@group-523986131536: receive requestVote(PRE_VOTE, omNode-3, group-523986131536, 2, (t:2, i:29))
2025-04-24 14:02:29,631 [grpc-default-executor-4] INFO  impl.VoteContext (VoteContext.java:log(49)) - omNode-1@group-523986131536-FOLLOWER: accept PRE_VOTE from omNode-3: our last entry (t:1, i:20) < candidate's last entry (t:2, i:29)
2025-04-24 14:02:29,631 [grpc-default-executor-4] INFO  server.RaftServer$Division (RaftServerImpl.java:requestVote(1441)) - omNode-1@group-523986131536 replies to PRE_VOTE vote request: omNode-3<-omNode-1#0:OK-t1. Peer's state: omNode-1@group-523986131536:t1, leader=null, voted=omNode-1, raftlog=Memoized:omNode-1@group-523986131536-SegmentedRaftLog:OPENED:c20:last(t:1, i:20), conf=conf: {index: 0, cur=peers:[omNode-3|localhost:15017, omNode-1|localhost:15009, omNode-2|localhost:15013]|listeners:[], old=null}
2025-04-24 14:02:29,633 [grpc-default-executor-2] INFO  server.RaftServer$Division (RaftServerImpl.java:requestVote(1407)) - omNode-2@group-523986131536: receive requestVote(PRE_VOTE, omNode-3, group-523986131536, 2, (t:2, i:29))
2025-04-24 14:02:29,633 [grpc-default-executor-2] INFO  impl.VoteContext (VoteContext.java:log(49)) - omNode-2@group-523986131536-FOLLOWER: reject PRE_VOTE from omNode-3: our last entry (t:2, i:30) > candidate's last entry (t:2, i:29)
2025-04-24 14:02:29,633 [grpc-default-executor-2] INFO  server.RaftServer$Division (RaftServerImpl.java:requestVote(1441)) - omNode-2@group-523986131536 replies to PRE_VOTE vote request: omNode-3<-omNode-2#0:FAIL-t2. Peer's state: omNode-2@group-523986131536:t2, leader=null, voted=omNode-2, raftlog=Memoized:omNode-2@group-523986131536-SegmentedRaftLog:OPENED:c29:last(t:2, i:30), conf=conf: {index: 21, cur=peers:[omNode-3|localhost:15017, omNode-1|localhost:15009, omNode-2|localhost:15013]|listeners:[], old=null}
2025-04-24 14:02:29,636 [omNode-3@group-523986131536-LeaderElection12] INFO  impl.LeaderElection (LeaderElection.java:logAndReturn(90)) - omNode-3@group-523986131536-LeaderElection12: PRE_VOTE PASSED received 2 response(s) and 0 exception(s):
2025-04-24 14:02:29,636 [omNode-3@group-523986131536-LeaderElection12] INFO  impl.LeaderElection (LeaderElection.java:logAndReturn(94)) -   Response 0: omNode-3<-omNode-1#0:OK-t1
2025-04-24 14:02:29,636 [omNode-3@group-523986131536-LeaderElection12] INFO  impl.LeaderElection (LeaderElection.java:logAndReturn(94)) -   Response 1: omNode-3<-omNode-2#0:FAIL-t2
2025-04-24 14:02:29,638 [omNode-3@group-523986131536-LeaderElection12] INFO  impl.LeaderElection (LeaderElection.java:askForVotes(334)) - omNode-3@group-523986131536-LeaderElection12 PRE_VOTE round 0: result PASSED
2025-04-24 14:02:29,641 [omNode-3@group-523986131536-LeaderElection12] INFO  impl.LeaderElection (LeaderElection.java:askForVotes(332)) - omNode-3@group-523986131536-LeaderElection12 ELECTION round 0: submit vote requests at term 3 for conf: {index: 21, cur=peers:[omNode-3|localhost:15017, omNode-1|localhost:15009, omNode-2|localhost:15013]|listeners:[], old=null}
2025-04-24 14:02:29,649 [omNode-3@group-523986131536-LeaderElection12] INFO  server.RaftServerConfigKeys (ConfUtils.java:logFallback(53)) - raft.server.rpc.first-election.timeout.min = 1s (fallback to raft.server.rpc.timeout.min)
2025-04-24 14:02:29,649 [omNode-3@group-523986131536-LeaderElection12] INFO  server.RaftServerConfigKeys (ConfUtils.java:logFallback(53)) - raft.server.rpc.first-election.timeout.max = 1200ms (fallback to raft.server.rpc.timeout.max)
2025-04-24 14:02:29,650 [grpc-default-executor-4] INFO  server.RaftServer$Division (RaftServerImpl.java:requestVote(1407)) - omNode-2@group-523986131536: receive requestVote(ELECTION, omNode-3, group-523986131536, 3, (t:2, i:29))
2025-04-24 14:02:29,650 [grpc-default-executor-4] INFO  impl.VoteContext (VoteContext.java:log(49)) - omNode-2@group-523986131536-FOLLOWER: reject ELECTION from omNode-3: our last entry (t:2, i:30) > candidate's last entry (t:2, i:29)
2025-04-24 14:02:29,651 [grpc-default-executor-4] INFO  server.RaftServer$Division (RaftServerImpl.java:setRole(378)) - omNode-2@group-523986131536: changes role from  FOLLOWER to FOLLOWER at term 2 for candidate:omNode-3
2025-04-24 14:02:29,651 [grpc-default-executor-4] INFO  impl.RoleInfo (RoleInfo.java:shutdownFollowerState(121)) - omNode-2: shutdown omNode-2@group-523986131536-FollowerState
2025-04-24 14:02:29,651 [grpc-default-executor-4] INFO  impl.RoleInfo (RoleInfo.java:updateAndGet(148)) - omNode-2: start omNode-2@group-523986131536-FollowerState
2025-04-24 14:02:29,651 [omNode-2@group-523986131536-FollowerState] INFO  impl.FollowerState (FollowerState.java:runImpl(170)) - omNode-2@group-523986131536-FollowerState was interrupted
2025-04-24 14:02:29,652 [grpc-default-executor-2] INFO  server.RaftServer$Division (RaftServerImpl.java:requestVote(1407)) - omNode-1@group-523986131536: receive requestVote(ELECTION, omNode-3, group-523986131536, 3, (t:2, i:29))
2025-04-24 14:02:29,652 [grpc-default-executor-2] INFO  impl.VoteContext (VoteContext.java:log(49)) - omNode-1@group-523986131536-FOLLOWER: accept ELECTION from omNode-3: our last entry (t:1, i:20) < candidate's last entry (t:2, i:29)
2025-04-24 14:02:29,652 [grpc-default-executor-2] INFO  server.RaftServer$Division (RaftServerImpl.java:setRole(378)) - omNode-1@group-523986131536: changes role from  FOLLOWER to FOLLOWER at term 1 for candidate:omNode-3
2025-04-24 14:02:29,652 [grpc-default-executor-2] INFO  impl.RoleInfo (RoleInfo.java:shutdownFollowerState(121)) - omNode-1: shutdown omNode-1@group-523986131536-FollowerState
2025-04-24 14:02:29,652 [grpc-default-executor-2] INFO  impl.RoleInfo (RoleInfo.java:updateAndGet(148)) - omNode-1: start omNode-1@group-523986131536-FollowerState
2025-04-24 14:02:29,653 [omNode-1@group-523986131536-FollowerState] INFO  impl.FollowerState (FollowerState.java:runImpl(170)) - omNode-1@group-523986131536-FollowerState was interrupted
2025-04-24 14:02:29,656 [grpc-default-executor-4] INFO  server.RaftServer$Division (RaftServerImpl.java:setFirstElection(562)) - omNode-2@group-523986131536: set firstElectionSinceStartup to false for candidate:omNode-3
2025-04-24 14:02:29,657 [grpc-default-executor-2] INFO  server.RaftServer$Division (RaftServerImpl.java:setFirstElection(562)) - omNode-1@group-523986131536: set firstElectionSinceStartup to false for candidate:omNode-3
2025-04-24 14:02:29,661 [grpc-default-executor-4] INFO  server.RaftServer$Division (RaftServerImpl.java:requestVote(1441)) - omNode-2@group-523986131536 replies to ELECTION vote request: omNode-3<-omNode-2#0:FAIL-t3. Peer's state: omNode-2@group-523986131536:t3, leader=null, voted=null, raftlog=Memoized:omNode-2@group-523986131536-SegmentedRaftLog:OPENED:c29:last(t:2, i:30), conf=conf: {index: 21, cur=peers:[omNode-3|localhost:15017, omNode-1|localhost:15009, omNode-2|localhost:15013]|listeners:[], old=null}
2025-04-24 14:02:29,661 [grpc-default-executor-2] INFO  server.RaftServer$Division (RaftServerImpl.java:requestVote(1441)) - omNode-1@group-523986131536 replies to ELECTION vote request: omNode-3<-omNode-1#0:OK-t3. Peer's state: omNode-1@group-523986131536:t3, leader=null, voted=omNode-3, raftlog=Memoized:omNode-1@group-523986131536-SegmentedRaftLog:OPENED:c20:last(t:1, i:20), conf=conf: {index: 0, cur=peers:[omNode-3|localhost:15017, omNode-1|localhost:15009, omNode-2|localhost:15013]|listeners:[], old=null}
2025-04-24 14:02:29,663 [omNode-3@group-523986131536-LeaderElection12] INFO  impl.LeaderElection (LeaderElection.java:logAndReturn(90)) - omNode-3@group-523986131536-LeaderElection12: ELECTION PASSED received 2 response(s) and 0 exception(s):
2025-04-24 14:02:29,663 [omNode-3@group-523986131536-LeaderElection12] INFO  impl.LeaderElection (LeaderElection.java:logAndReturn(94)) -   Response 0: omNode-3<-omNode-1#0:OK-t3
2025-04-24 14:02:29,663 [omNode-3@group-523986131536-LeaderElection12] INFO  impl.LeaderElection (LeaderElection.java:logAndReturn(94)) -   Response 1: omNode-3<-omNode-2#0:FAIL-t3
2025-04-24 14:02:29,663 [omNode-3@group-523986131536-LeaderElection12] INFO  impl.LeaderElection (LeaderElection.java:askForVotes(334)) - omNode-3@group-523986131536-LeaderElection12 ELECTION round 0: result PASSED
2025-04-24 14:02:29,663 [omNode-3@group-523986131536-LeaderElection12] INFO  impl.RoleInfo (RoleInfo.java:shutdownLeaderElection(141)) - omNode-3: shutdown omNode-3@group-523986131536-LeaderElection12
2025-04-24 14:02:29,663 [omNode-3@group-523986131536-LeaderElection12] INFO  server.RaftServer$Division (RaftServerImpl.java:setRole(378)) - omNode-3@group-523986131536: changes role from CANDIDATE to LEADER at term 3 for changeToLeader
2025-04-24 14:02:29,664 [omNode-3@group-523986131536-LeaderElection12] INFO  server.RaftServerConfigKeys (ConfUtils.java:logGet(46)) - raft.server.staging.catchup.gap = 1000 (default)
2025-04-24 14:02:29,667 [omNode-3@group-523986131536-LeaderElection12] INFO  server.RaftServerConfigKeys (ConfUtils.java:logGet(46)) - raft.server.write.element-limit = 4096 (default)
2025-04-24 14:02:29,667 [omNode-3@group-523986131536-LeaderElection12] INFO  server.RaftServerConfigKeys (ConfUtils.java:logGet(46)) - raft.server.write.byte-limit = 64MB (=67108864) (default)
2025-04-24 14:02:29,667 [omNode-3@group-523986131536-LeaderElection12] INFO  server.RaftServerConfigKeys (ConfUtils.java:logGet(46)) - raft.server.watch.timeout = 10s (default)
2025-04-24 14:02:29,667 [omNode-3@group-523986131536-LeaderElection12] INFO  server.RaftServerConfigKeys (ConfUtils.java:logGet(46)) - raft.server.watch.timeout.denomination = 1s (default)
2025-04-24 14:02:29,667 [omNode-3@group-523986131536-LeaderElection12] INFO  server.RaftServerConfigKeys (ConfUtils.java:logGet(46)) - raft.server.watch.element-limit = 65536 (default)
2025-04-24 14:02:29,671 [omNode-3@group-523986131536-LeaderElection12] INFO  server.RaftServerConfigKeys (ConfUtils.java:logGet(46)) - raft.server.read.leader.lease.enabled = false (default)
2025-04-24 14:02:29,671 [omNode-3@group-523986131536-LeaderElection12] INFO  server.RaftServerConfigKeys (ConfUtils.java:logGet(46)) - raft.server.read.leader.lease.timeout.ratio = 0.9 (default)
2025-04-24 14:02:29,671 [omNode-3@group-523986131536-LeaderElection12] INFO  server.RaftServerConfigKeys (ConfUtils.java:logGet(46)) - raft.server.rpc.timeout.min = 1s (custom)
2025-04-24 14:02:29,671 [omNode-3@group-523986131536-LeaderElection12] INFO  server.RaftServerConfigKeys (ConfUtils.java:logGet(46)) - raft.server.log.log-metadata.enabled = true (default)
2025-04-24 14:02:29,671 [omNode-3@group-523986131536-LeaderElection12] INFO  server.RaftServerConfigKeys (ConfUtils.java:logGet(46)) - raft.server.write.element-limit = 4096 (default)
2025-04-24 14:02:29,671 [omNode-3@group-523986131536-LeaderElection12] INFO  server.RaftServerConfigKeys (ConfUtils.java:logGet(46)) - raft.server.write.follower.gap.ratio.max = -1.0 (default)
2025-04-24 14:02:29,672 [omNode-3@group-523986131536-LeaderElection12] INFO  server.RaftServerConfigKeys (ConfUtils.java:logGet(46)) - raft.server.log.appender.snapshot.chunk.size.max = 16MB (=16777216) (default)
2025-04-24 14:02:29,672 [omNode-3@group-523986131536-LeaderElection12] INFO  server.RaftServerConfigKeys (ConfUtils.java:logGet(46)) - raft.server.log.appender.buffer.byte-limit = 4194304 (custom)
2025-04-24 14:02:29,677 [omNode-3@group-523986131536-LeaderElection12] INFO  server.RaftServerConfigKeys (ConfUtils.java:logGet(46)) - raft.server.log.appender.buffer.element-limit = 1024 (custom)
2025-04-24 14:02:29,677 [omNode-3@group-523986131536-LeaderElection12] INFO  server.RaftServerConfigKeys (ConfUtils.java:logGet(46)) - raft.server.log.appender.wait-time.min = 0ms (custom)
2025-04-24 14:02:29,677 [omNode-3@group-523986131536-LeaderElection12] INFO  grpc.GrpcConfigKeys (ConfUtils.java:logGet(46)) - raft.grpc.server.leader.outstanding.appends.max = 8 (default)
2025-04-24 14:02:29,677 [omNode-3@group-523986131536-LeaderElection12] INFO  server.RaftServerConfigKeys (ConfUtils.java:logGet(46)) - raft.server.rpc.request.timeout = 3000ms (default)
2025-04-24 14:02:29,677 [omNode-3@group-523986131536-LeaderElection12] INFO  grpc.GrpcConfigKeys (ConfUtils.java:logGet(46)) - raft.grpc.server.install_snapshot.request.element-limit = 8 (default)
2025-04-24 14:02:29,678 [omNode-3@group-523986131536-LeaderElection12] INFO  grpc.GrpcConfigKeys (ConfUtils.java:logGet(46)) - raft.grpc.server.install_snapshot.request.timeout = 3000ms (default)
2025-04-24 14:02:29,678 [omNode-3@group-523986131536-LeaderElection12] INFO  grpc.GrpcConfigKeys (ConfUtils.java:logGet(46)) - raft.grpc.server.log-message.batch.duration = 5s (default)
2025-04-24 14:02:29,678 [omNode-3@group-523986131536-LeaderElection12] INFO  server.RaftServerConfigKeys (ConfUtils.java:logGet(46)) - raft.server.log.appender.install.snapshot.enabled = false (custom)
2025-04-24 14:02:29,678 [omNode-3@group-523986131536-LeaderElection12] INFO  grpc.GrpcConfigKeys (ConfUtils.java:logGet(46)) - raft.grpc.server.heartbeat.channel = true (default)
2025-04-24 14:02:29,680 [omNode-3@group-523986131536-LeaderElection12] INFO  server.RaftServerConfigKeys (ConfUtils.java:logGet(46)) - raft.server.log.appender.snapshot.chunk.size.max = 16MB (=16777216) (default)
2025-04-24 14:02:29,680 [omNode-3@group-523986131536-LeaderElection12] INFO  server.RaftServerConfigKeys (ConfUtils.java:logGet(46)) - raft.server.log.appender.buffer.byte-limit = 4194304 (custom)
2025-04-24 14:02:29,680 [omNode-3@group-523986131536-LeaderElection12] INFO  server.RaftServerConfigKeys (ConfUtils.java:logGet(46)) - raft.server.log.appender.buffer.element-limit = 1024 (custom)
2025-04-24 14:02:29,680 [omNode-3@group-523986131536-LeaderElection12] INFO  server.RaftServerConfigKeys (ConfUtils.java:logGet(46)) - raft.server.log.appender.wait-time.min = 0ms (custom)
2025-04-24 14:02:29,680 [omNode-3@group-523986131536-LeaderElection12] INFO  grpc.GrpcConfigKeys (ConfUtils.java:logGet(46)) - raft.grpc.server.leader.outstanding.appends.max = 8 (default)
2025-04-24 14:02:29,680 [omNode-3@group-523986131536-LeaderElection12] INFO  server.RaftServerConfigKeys (ConfUtils.java:logGet(46)) - raft.server.rpc.request.timeout = 3000ms (default)
2025-04-24 14:02:29,681 [omNode-3@group-523986131536-LeaderElection12] INFO  grpc.GrpcConfigKeys (ConfUtils.java:logGet(46)) - raft.grpc.server.install_snapshot.request.element-limit = 8 (default)
2025-04-24 14:02:29,681 [omNode-3@group-523986131536-LeaderElection12] INFO  grpc.GrpcConfigKeys (ConfUtils.java:logGet(46)) - raft.grpc.server.install_snapshot.request.timeout = 3000ms (default)
2025-04-24 14:02:29,681 [omNode-3@group-523986131536-LeaderElection12] INFO  grpc.GrpcConfigKeys (ConfUtils.java:logGet(46)) - raft.grpc.server.log-message.batch.duration = 5s (default)
2025-04-24 14:02:29,684 [omNode-3@group-523986131536-LeaderElection12] INFO  server.RaftServerConfigKeys (ConfUtils.java:logGet(46)) - raft.server.log.appender.install.snapshot.enabled = false (custom)
2025-04-24 14:02:29,684 [omNode-3@group-523986131536-LeaderElection12] INFO  grpc.GrpcConfigKeys (ConfUtils.java:logGet(46)) - raft.grpc.server.heartbeat.channel = true (default)
2025-04-24 14:02:29,684 [omNode-3@group-523986131536-LeaderElection12] INFO  impl.RoleInfo (RoleInfo.java:updateAndGet(148)) - omNode-3: start omNode-3@group-523986131536-LeaderStateImpl
2025-04-24 14:02:29,684 [omNode-3@group-523986131536-LeaderElection12] INFO  server.RaftServer$Division (RaftServerImpl.java:setFirstElection(562)) - omNode-3@group-523986131536: set firstElectionSinceStartup to false for becomeLeader
2025-04-24 14:02:29,685 [omNode-3@group-523986131536-LeaderElection12] INFO  ratis.OzoneManagerStateMachine (OzoneManagerStateMachine.java:notifyLeaderChanged(169)) - omNode-3@group-523986131536: leader changed to omNode-3
2025-04-24 14:02:29,685 [omNode-3@group-523986131536-LeaderElection12] INFO  server.RaftServer$Division (ServerState.java:setLeader(272)) - omNode-3@group-523986131536: change Leader from null to omNode-3 at term 3 for becomeLeader, leader elected after 1279ms
2025-04-24 14:02:29,685 [omNode-3@group-523986131536-LeaderElection12] INFO  segmented.SegmentedRaftLogWorker (SegmentedRaftLogWorker.java:rollLogSegment(443)) - omNode-3@group-523986131536-SegmentedRaftLogWorker: Rolling segment log-21_29 to index:29
2025-04-24 14:02:29,687 [omNode-3@group-523986131536-LeaderElection12] INFO  server.RaftServer$Division (ServerState.java:setRaftConf(386)) - omNode-3@group-523986131536: set configuration conf: {index: 30, cur=peers:[omNode-3|localhost:15017, omNode-1|localhost:15009, omNode-2|localhost:15013]|listeners:[], old=null}
2025-04-24 14:02:29,688 [omNode-3@group-523986131536-SegmentedRaftLogWorker] INFO  segmented.SegmentedRaftLogWorker (SegmentedRaftLogWorker.java:execute(601)) - omNode-3@group-523986131536-SegmentedRaftLogWorker: Rolled log segment from /home/runner/work/ozone/ozone/hadoop-ozone/integration-test/target/test-dir/MiniOzoneClusterImpl-4e6105ad-12bc-4f18-9d37-351d73277e17/omNode-3/ratis/c9bc4cf4-3bc3-3c60-a66b-523986131536/current/log_inprogress_21 to /home/runner/work/ozone/ozone/hadoop-ozone/integration-test/target/test-dir/MiniOzoneClusterImpl-4e6105ad-12bc-4f18-9d37-351d73277e17/omNode-3/ratis/c9bc4cf4-3bc3-3c60-a66b-523986131536/current/log_21-29
2025-04-24 14:02:29,689 [omNode-3@group-523986131536-SegmentedRaftLogWorker] INFO  segmented.BufferedWriteChannel (BufferedWriteChannel.java:open(61)) - open log_inprogress_30 at position 0
2025-04-24 14:02:29,703 [omNode-1-server-thread1] INFO  ratis.OzoneManagerStateMachine (OzoneManagerStateMachine.java:notifyLeaderChanged(169)) - omNode-1@group-523986131536: leader changed to omNode-3
2025-04-24 14:02:29,703 [omNode-1-server-thread1] INFO  server.RaftServer$Division (ServerState.java:setLeader(272)) - omNode-1@group-523986131536: change Leader from null to omNode-3 at term 3 for appendEntries, leader elected after 713ms
2025-04-24 14:02:29,703 [omNode-1-server-thread1] INFO  server.RaftServer$Division (RaftServerImpl.java:checkInconsistentAppendEntries(1648)) - omNode-1@group-523986131536: Failed appendEntries as previous log entry ((t:2, i:29)) is not found
2025-04-24 14:02:29,703 [omNode-2-server-thread1] INFO  ratis.OzoneManagerStateMachine (OzoneManagerStateMachine.java:notifyLeaderChanged(169)) - omNode-2@group-523986131536: leader changed to omNode-3
2025-04-24 14:02:29,705 [omNode-2-server-thread1] INFO  server.RaftServer$Division (ServerState.java:setLeader(272)) - omNode-2@group-523986131536: change Leader from null to omNode-3 at term 3 for appendEntries, leader elected after 200ms
2025-04-24 14:02:29,705 [omNode-1-server-thread1] INFO  server.RaftServer$Division (RaftServerImpl.java:appendEntriesAsync(1580)) - omNode-1@group-523986131536: appendEntries* reply omNode-3<-omNode-1#0:FAIL-t3,INCONSISTENCY,nextIndex=21,followerCommit=20,matchIndex=-1
2025-04-24 14:02:29,706 [omNode-2-server-thread2] INFO  server.RaftServer$Division (ServerState.java:setRaftConf(386)) - omNode-2@group-523986131536: set configuration conf: {index: 30, cur=peers:[omNode-3|localhost:15017, omNode-1|localhost:15009, omNode-2|localhost:15013]|listeners:[], old=null}
2025-04-24 14:02:29,707 [omNode-1-server-thread2] INFO  server.RaftServer$Division (RaftServerImpl.java:checkInconsistentAppendEntries(1648)) - omNode-1@group-523986131536: Failed appendEntries as previous log entry ((t:2, i:29)) is not found
2025-04-24 14:02:29,707 [omNode-1-server-thread2] INFO  server.RaftServer$Division (RaftServerImpl.java:appendEntriesAsync(1580)) - omNode-1@group-523986131536: appendEntries* reply omNode-3<-omNode-1#1:FAIL-t3,INCONSISTENCY,nextIndex=21,followerCommit=20,matchIndex=-1
2025-04-24 14:02:29,707 [grpc-default-executor-4] WARN  server.GrpcLogAppender (GrpcLogAppender.java:onNextImpl(519)) - omNode-3@group-523986131536->omNode-1-AppendLogResponseHandler: received INCONSISTENCY reply with nextIndex 21, errorCount=1, request=AppendEntriesRequest:cid=0,entriesCount=0
2025-04-24 14:02:29,707 [grpc-default-executor-4] INFO  leader.FollowerInfo (FollowerInfoImpl.java:info(70)) - omNode-3@group-523986131536->omNode-1: setNextIndex nextIndex: updateUnconditionally 31 -> 21
2025-04-24 14:02:29,711 [grpc-default-executor-4] WARN  server.GrpcLogAppender (GrpcLogAppender.java:onNextImpl(519)) - omNode-3@group-523986131536->omNode-1-AppendLogResponseHandler: received INCONSISTENCY reply with nextIndex 21, errorCount=2, request=null
2025-04-24 14:02:29,713 [grpc-default-executor-4] INFO  leader.FollowerInfo (FollowerInfoImpl.java:info(70)) - omNode-3@group-523986131536->omNode-1: setNextIndex nextIndex: updateUnconditionally 31 -> 21
2025-04-24 14:02:29,712 [omNode-3@group-523986131536-SegmentedRaftLogWorker] INFO  segmented.SegmentedRaftLogWorker (SegmentedRaftLogWorker.java:execute(644)) - omNode-3@group-523986131536-SegmentedRaftLogWorker: created new log segment /home/runner/work/ozone/ozone/hadoop-ozone/integration-test/target/test-dir/MiniOzoneClusterImpl-4e6105ad-12bc-4f18-9d37-351d73277e17/omNode-3/ratis/c9bc4cf4-3bc3-3c60-a66b-523986131536/current/log_inprogress_30
2025-04-24 14:02:29,714 [omNode-2-server-thread2] INFO  segmented.SegmentedRaftLogWorker (SegmentedRaftLogWorker.java:truncate(454)) - omNode-2@group-523986131536-SegmentedRaftLogWorker: Truncating segments truncate(30)
  toTruncate: (21, 30) isOpen? true, length=2310, newEndIndex=29
    toDelete: [], start index 30
2025-04-24 14:02:29,713 [omNode-1-server-thread2] INFO  server.RaftServer$Division (ServerState.java:setRaftConf(386)) - omNode-1@group-523986131536: set configuration conf: {index: 21, cur=peers:[omNode-3|localhost:15017, omNode-1|localhost:15009, omNode-2|localhost:15013]|listeners:[], old=null}
2025-04-24 14:02:29,714 [omNode-1-server-thread2] INFO  server.RaftServer$Division (ServerState.java:setRaftConf(386)) - omNode-1@group-523986131536: set configuration conf: {index: 30, cur=peers:[omNode-3|localhost:15017, omNode-1|localhost:15009, omNode-2|localhost:15013]|listeners:[], old=null}
2025-04-24 14:02:29,714 [omNode-2-server-thread2] INFO  segmented.SegmentedRaftLogWorker (SegmentedRaftLogWorker.java:startLogSegment(438)) - omNode-2@group-523986131536-SegmentedRaftLogWorker: Starting segment from index:30
2025-04-24 14:02:29,714 [omNode-1-server-thread2] INFO  segmented.SegmentedRaftLogWorker (SegmentedRaftLogWorker.java:rollLogSegment(443)) - omNode-1@group-523986131536-SegmentedRaftLogWorker: Rolling segment log-0_20 to index:20
2025-04-24 14:02:29,716 [omNode-1-server-thread2] INFO  segmented.SegmentedRaftLogWorker (SegmentedRaftLogWorker.java:rollLogSegment(443)) - omNode-1@group-523986131536-SegmentedRaftLogWorker: Rolling segment log-21_29 to index:29
2025-04-24 14:02:29,716 [omNode-1@group-523986131536-SegmentedRaftLogWorker] INFO  segmented.SegmentedRaftLogWorker (SegmentedRaftLogWorker.java:execute(601)) - omNode-1@group-523986131536-SegmentedRaftLogWorker: Rolled log segment from /home/runner/work/ozone/ozone/hadoop-ozone/integration-test/target/test-dir/MiniOzoneClusterImpl-4e6105ad-12bc-4f18-9d37-351d73277e17/omNode-1/ratis/c9bc4cf4-3bc3-3c60-a66b-523986131536/current/log_inprogress_0 to /home/runner/work/ozone/ozone/hadoop-ozone/integration-test/target/test-dir/MiniOzoneClusterImpl-4e6105ad-12bc-4f18-9d37-351d73277e17/omNode-1/ratis/c9bc4cf4-3bc3-3c60-a66b-523986131536/current/log_0-20
2025-04-24 14:02:29,717 [omNode-2@group-523986131536-SegmentedRaftLogWorker] INFO  segmented.SegmentedRaftLogWorker (SegmentedRaftLogWorker.java:execute(699)) - omNode-2@group-523986131536-SegmentedRaftLogWorker: Truncated log file /home/runner/work/ozone/ozone/hadoop-ozone/integration-test/target/test-dir/MiniOzoneClusterImpl-4e6105ad-12bc-4f18-9d37-351d73277e17/omNode-2/ratis/c9bc4cf4-3bc3-3c60-a66b-523986131536/current/log_inprogress_21 to length 2310 and moved it to /home/runner/work/ozone/ozone/hadoop-ozone/integration-test/target/test-dir/MiniOzoneClusterImpl-4e6105ad-12bc-4f18-9d37-351d73277e17/omNode-2/ratis/c9bc4cf4-3bc3-3c60-a66b-523986131536/current/log_21-29
2025-04-24 14:02:29,717 [omNode-1@group-523986131536-SegmentedRaftLogWorker] INFO  segmented.BufferedWriteChannel (BufferedWriteChannel.java:open(61)) - open log_inprogress_21 at position 0
2025-04-24 14:02:29,718 [omNode-2@group-523986131536-SegmentedRaftLogWorker] INFO  segmented.SegmentedRaftLogWorker (SegmentedRaftLogWorker.java:lambda$new$0(139)) - omNode-2@group-523986131536-SegmentedRaftLogWorker: flushIndex: setUnconditionally 30 -> 29
2025-04-24 14:02:29,718 [omNode-2@group-523986131536-SegmentedRaftLogWorker] INFO  segmented.SegmentedRaftLogWorker (SegmentedRaftLogWorker.java:lambda$new$0(139)) - omNode-2@group-523986131536-SegmentedRaftLogWorker: safeCacheEvictIndex: setUnconditionally 20 -> 29
2025-04-24 14:02:29,718 [omNode-2@group-523986131536-SegmentedRaftLogWorker] INFO  segmented.BufferedWriteChannel (BufferedWriteChannel.java:open(61)) - open log_inprogress_30 at position 0
2025-04-24 14:02:29,720 [omNode-1-server-thread2] INFO  server.RaftServer$Division (ServerState.java:setRaftConf(386)) - omNode-1@group-523986131536: set configuration conf: {index: 21, cur=peers:[omNode-3|localhost:15017, omNode-1|localhost:15009, omNode-2|localhost:15013]|listeners:[], old=null}
2025-04-24 14:02:29,720 [omNode-1-server-thread2] INFO  server.RaftServer$Division (ServerState.java:setRaftConf(386)) - omNode-1@group-523986131536: set configuration conf: {index: 30, cur=peers:[omNode-3|localhost:15017, omNode-1|localhost:15009, omNode-2|localhost:15013]|listeners:[], old=null}
2025-04-24 14:02:29,734 [omNode-2@group-523986131536-SegmentedRaftLogWorker] INFO  segmented.SegmentedRaftLogWorker (SegmentedRaftLogWorker.java:execute(644)) - omNode-2@group-523986131536-SegmentedRaftLogWorker: created new log segment /home/runner/work/ozone/ozone/hadoop-ozone/integration-test/target/test-dir/MiniOzoneClusterImpl-4e6105ad-12bc-4f18-9d37-351d73277e17/omNode-2/ratis/c9bc4cf4-3bc3-3c60-a66b-523986131536/current/log_inprogress_30
2025-04-24 14:02:29,739 [omNode-3@group-523986131536-StateMachineUpdater] INFO  ratis.OzoneManagerStateMachine (OzoneManagerStateMachine.java:notifyConfigurationChanged(231)) - notifyConfigurationChanged from Ratis: term=3, index=30, New Peer list: omNode-3(localhost:15017), omNode-1(localhost:15009), omNode-2(localhost:15013)
2025-04-24 14:02:29,740 [omNode-3@group-523986131536-StateMachineUpdater] INFO  server.RaftServer$Division (LeaderStateImpl.java:checkStartIndex(313)) - Leader omNode-3@group-523986131536-LeaderStateImpl is ready since appliedIndex == startIndex == 30
2025-04-24 14:02:29,747 [omNode-2@group-523986131536-StateMachineUpdater] INFO  ratis.OzoneManagerStateMachine (OzoneManagerStateMachine.java:notifyConfigurationChanged(231)) - notifyConfigurationChanged from Ratis: term=3, index=30, New Peer list: omNode-3(localhost:15017), omNode-1(localhost:15009), omNode-2(localhost:15013)
2025-04-24 14:02:29,752 [omNode-1@group-523986131536-SegmentedRaftLogWorker] INFO  segmented.SegmentedRaftLogWorker (SegmentedRaftLogWorker.java:execute(644)) - omNode-1@group-523986131536-SegmentedRaftLogWorker: created new log segment /home/runner/work/ozone/ozone/hadoop-ozone/integration-test/target/test-dir/MiniOzoneClusterImpl-4e6105ad-12bc-4f18-9d37-351d73277e17/omNode-1/ratis/c9bc4cf4-3bc3-3c60-a66b-523986131536/current/log_inprogress_21
2025-04-24 14:02:29,764 [omNode-1@group-523986131536-SegmentedRaftLogWorker] INFO  segmented.SegmentedRaftLogWorker (SegmentedRaftLogWorker.java:execute(601)) - omNode-1@group-523986131536-SegmentedRaftLogWorker: Rolled log segment from /home/runner/work/ozone/ozone/hadoop-ozone/integration-test/target/test-dir/MiniOzoneClusterImpl-4e6105ad-12bc-4f18-9d37-351d73277e17/omNode-1/ratis/c9bc4cf4-3bc3-3c60-a66b-523986131536/current/log_inprogress_21 to /home/runner/work/ozone/ozone/hadoop-ozone/integration-test/target/test-dir/MiniOzoneClusterImpl-4e6105ad-12bc-4f18-9d37-351d73277e17/omNode-1/ratis/c9bc4cf4-3bc3-3c60-a66b-523986131536/current/log_21-29
2025-04-24 14:02:29,765 [omNode-1@group-523986131536-SegmentedRaftLogWorker] INFO  segmented.BufferedWriteChannel (BufferedWriteChannel.java:open(61)) - open log_inprogress_30 at position 0
2025-04-24 14:02:29,775 [omNode-1@group-523986131536-SegmentedRaftLogWorker] INFO  segmented.SegmentedRaftLogWorker (SegmentedRaftLogWorker.java:execute(644)) - omNode-1@group-523986131536-SegmentedRaftLogWorker: created new log segment /home/runner/work/ozone/ozone/hadoop-ozone/integration-test/target/test-dir/MiniOzoneClusterImpl-4e6105ad-12bc-4f18-9d37-351d73277e17/omNode-1/ratis/c9bc4cf4-3bc3-3c60-a66b-523986131536/current/log_inprogress_30
2025-04-24 14:02:29,779 [omNode-1@group-523986131536-StateMachineUpdater] INFO  ratis.OzoneManagerStateMachine (OzoneManagerStateMachine.java:notifyConfigurationChanged(231)) - notifyConfigurationChanged from Ratis: term=2, index=21, New Peer list: omNode-3(localhost:15017), omNode-1(localhost:15009), omNode-2(localhost:15013)
2025-04-24 14:02:29,786 [omNode-1@group-523986131536-StateMachineUpdater] INFO  ratis.OzoneManagerStateMachine (OzoneManagerStateMachine.java:notifyConfigurationChanged(231)) - notifyConfigurationChanged from Ratis: term=3, index=30, New Peer list: omNode-3(localhost:15017), omNode-1(localhost:15009), omNode-2(localhost:15013)
2025-04-24 14:02:30,028 [main] INFO  reflections.Reflections (Reflections.java:scan(219)) - Reflections took 509 ms to scan 22 urls, producing 61 keys and 7423 values
2025-04-24 14:02:30,030 [main] INFO  ipc.CallQueueManager (CallQueueManager.java:<init>(93)) - Using callQueue: class java.util.concurrent.LinkedBlockingQueue, queueCapacity: 2000, scheduler: class org.apache.hadoop.ipc.DefaultRpcScheduler, ipcBackoff: false, ipcFailOver: false.
2025-04-24 14:02:30,030 [main] INFO  ipc.Server (Server.java:<init>(1438)) - Listener at localhost:15010
2025-04-24 14:02:30,030 [Socket Reader #1 for port 15010] INFO  ipc.Server (Server.java:run(1474)) - Starting Socket Reader #1 for port 15010
2025-04-24 14:02:30,030 [Socket Reader #2 for port 15010] INFO  ipc.Server (Server.java:run(1474)) - Starting Socket Reader #2 for port 15010
2025-04-24 14:02:30,031 [Socket Reader #3 for port 15010] INFO  ipc.Server (Server.java:run(1474)) - Starting Socket Reader #3 for port 15010
2025-04-24 14:02:30,031 [Socket Reader #4 for port 15010] INFO  ipc.Server (Server.java:run(1474)) - Starting Socket Reader #4 for port 15010
2025-04-24 14:02:30,031 [Socket Reader #5 for port 15010] INFO  ipc.Server (Server.java:run(1474)) - Starting Socket Reader #5 for port 15010
2025-04-24 14:02:30,031 [Socket Reader #6 for port 15010] INFO  ipc.Server (Server.java:run(1474)) - Starting Socket Reader #6 for port 15010
2025-04-24 14:02:30,031 [Socket Reader #7 for port 15010] INFO  ipc.Server (Server.java:run(1474)) - Starting Socket Reader #7 for port 15010
2025-04-24 14:02:30,031 [Socket Reader #8 for port 15010] INFO  ipc.Server (Server.java:run(1474)) - Starting Socket Reader #8 for port 15010
2025-04-24 14:02:30,032 [Socket Reader #9 for port 15010] INFO  ipc.Server (Server.java:run(1474)) - Starting Socket Reader #9 for port 15010
2025-04-24 14:02:30,032 [Socket Reader #10 for port 15010] INFO  ipc.Server (Server.java:run(1474)) - Starting Socket Reader #10 for port 15010
2025-04-24 14:02:30,034 [main] INFO  http.BaseHttpServer (BaseHttpServer.java:newHttpServer2BuilderForOzone(229)) - Starting Web-server for ozoneManager at: http://0.0.0.0:15011
2025-04-24 14:02:30,034 [main] INFO  http.BaseHttpServer (BaseHttpServer.java:<init>(107)) - Hadoop Security Enabled: false Ozone Security Enabled: false Ozone HTTP Security Enabled: false 
2025-04-24 14:02:30,035 [main] WARN  server.AuthenticationFilter (AuthenticationFilter.java:constructSecretProvider(240)) - Unable to initialize FileSignerSecretProvider, falling back to use random secrets. Reason: Could not read signature secret file: /home/runner/hadoop-http-auth-signature-secret
2025-04-24 14:02:30,037 [main] INFO  http.HttpServer2 (HttpServer2.java:addGlobalFilter(1041)) - Added global filter 'safety' (class=org.apache.hadoop.hdds.server.http.HttpServer2$QuotingInputFilter)
2025-04-24 14:02:30,038 [main] INFO  http.HttpServer2 (HttpServer2.java:addFilter(1017)) - Added filter static_user_filter (class=org.apache.hadoop.http.lib.StaticUserWebFilter$StaticUserFilter) to context ozoneManager
2025-04-24 14:02:30,038 [main] INFO  http.HttpServer2 (HttpServer2.java:addFilter(1025)) - Added filter static_user_filter (class=org.apache.hadoop.http.lib.StaticUserWebFilter$StaticUserFilter) to context static
2025-04-24 14:02:30,038 [main] INFO  http.HttpServer2 (HttpServer2.java:addFilter(1025)) - Added filter static_user_filter (class=org.apache.hadoop.http.lib.StaticUserWebFilter$StaticUserFilter) to context logs
2025-04-24 14:02:30,038 [main] INFO  http.BaseHttpServer (BaseHttpServer.java:<init>(195)) - HTTP server of ozoneManager uses base directory /home/runner/work/ozone/ozone/hadoop-ozone/integration-test/target/test-dir/MiniOzoneClusterImpl-4e6105ad-12bc-4f18-9d37-351d73277e17/omNode-2/webserver
2025-04-24 14:02:30,039 [main] INFO  http.HttpServer2 (HttpServer2.java:bindListener(1241)) - Jetty bound to port 15011
2025-04-24 14:02:30,039 [main] INFO  server.Server (Server.java:doStart(375)) - jetty-9.4.57.v20241219; built: 2025-01-08T21:24:30.412Z; git: df524e6b29271c2e09ba9aea83c18dc9db464a31; jvm 21.0.7+6-LTS
2025-04-24 14:02:30,040 [main] INFO  server.session (DefaultSessionIdManager.java:doStart(334)) - DefaultSessionIdManager workerName=node0
2025-04-24 14:02:30,040 [main] INFO  server.session (DefaultSessionIdManager.java:doStart(339)) - No SessionScavenger set, using defaults
2025-04-24 14:02:30,041 [main] INFO  server.session (HouseKeeper.java:startScavenging(132)) - node0 Scavenging every 600000ms
2025-04-24 14:02:30,041 [main] INFO  handler.ContextHandler (ContextHandler.java:doStart(921)) - Started o.e.j.s.ServletContextHandler@290a3836{logs,/logs,file:///home/runner/work/ozone/ozone/hadoop-ozone/integration-test/target/log,AVAILABLE}
2025-04-24 14:02:30,042 [main] INFO  handler.ContextHandler (ContextHandler.java:doStart(921)) - Started o.e.j.s.ServletContextHandler@614018{static,/static,file:///home/runner/work/ozone/ozone/hadoop-ozone/integration-test/target/test-classes/webapps/static,AVAILABLE}
2025-04-24 14:02:30,046 [main] INFO  handler.ContextHandler (ContextHandler.java:doStart(921)) - Started o.e.j.w.WebAppContext@11a81db0{ozoneManager,/,file:///home/runner/work/ozone/ozone/hadoop-ozone/integration-test/target/test-classes/webapps/ozoneManager/,AVAILABLE}{file:/home/runner/work/ozone/ozone/hadoop-ozone/integration-test/target/test-classes/webapps/ozoneManager}
2025-04-24 14:02:30,046 [main] INFO  server.AbstractConnector (AbstractConnector.java:doStart(333)) - Started ServerConnector@79caf80c{HTTP/1.1, (http/1.1)}{0.0.0.0:15011}
2025-04-24 14:02:30,046 [main] INFO  server.Server (Server.java:doStart(415)) - Started @31378ms
2025-04-24 14:02:30,046 [main] WARN  impl.MetricsSystemImpl (MetricsSystemImpl.java:register(279)) - Sink prometheus already exists!
2025-04-24 14:02:30,047 [main] INFO  http.BaseHttpServer (BaseHttpServer.java:updateConnectorAddress(360)) - HTTP server of ozoneManager listening at http://0.0.0.0:15011
2025-04-24 14:02:30,047 [IPC Server Responder] INFO  ipc.Server (Server.java:run(1713)) - IPC Server Responder: starting
2025-04-24 14:02:30,047 [IPC Server listener on 15010] INFO  ipc.Server (Server.java:run(1553)) - IPC Server listener on 15010: starting
2025-04-24 14:02:30,049 [main] INFO  om.OzoneManager (OzoneManager.java:startTrashEmptier(2257)) - Trash Interval set to 0. Files deleted won't move to trash
]]></system-out>
  </testcase>
  <testcase name="testOMRetryProxy" classname="org.apache.hadoop.ozone.om.TestOzoneManagerHAWithStoppedNodes" time="7.192">
    <system-out><![CDATA[2025-04-24 14:02:30,058 [main] INFO  om.OzoneManager (OzoneManager.java:stop(2347)) - omNode-3[localhost:15014]: Stopping Ozone Manager
2025-04-24 14:02:30,059 [main] INFO  ipc.Server (Server.java:stop(3697)) - Stopping server on 15014
2025-04-24 14:02:30,061 [IPC Server Responder] INFO  ipc.Server (Server.java:run(1718)) - Stopping IPC Server Responder
2025-04-24 14:02:30,061 [IPC Server listener on 15014] INFO  ipc.Server (Server.java:run(1585)) - Stopping IPC Server listener on 15014
2025-04-24 14:02:30,062 [main] INFO  ratis.OzoneManagerRatisServer (OzoneManagerRatisServer.java:stop(634)) - Stopping org.apache.hadoop.ozone.om.ratis.OzoneManagerRatisServer@1e3fead8 at port 15017
2025-04-24 14:02:30,062 [main] INFO  server.RaftServer (RaftServerProxy.java:lambda$close$9(417)) - omNode-3: close
2025-04-24 14:02:30,062 [main] INFO  server.GrpcService (GrpcService.java:closeImpl(343)) - omNode-3: shutdown server GrpcServerProtocolService now
2025-04-24 14:02:30,063 [omNode-3-impl-thread1] INFO  server.RaftServer$Division (RaftServerImpl.java:lambda$close$1(513)) - omNode-3@group-523986131536: shutdown
2025-04-24 14:02:30,063 [omNode-3-impl-thread1] INFO  util.JmxRegister (JmxRegister.java:unregister(74)) - Successfully un-registered JMX Bean with object name Ratis:service=RaftServer,group=group-523986131536,id=omNode-3
2025-04-24 14:02:30,063 [omNode-3-impl-thread1] INFO  impl.RoleInfo (RoleInfo.java:shutdownLeaderState(103)) - omNode-3: shutdown omNode-3@group-523986131536-LeaderStateImpl
2025-04-24 14:02:30,063 [omNode-3@group-523986131536->omNode-1-GrpcLogAppender-LogAppenderDaemon] WARN  server.GrpcLogAppender (GrpcLogAppender.java:mayWait(293)) - omNode-3@group-523986131536->omNode-1-GrpcLogAppender: Wait interrupted by java.lang.InterruptedException
2025-04-24 14:02:30,064 [omNode-3@group-523986131536->omNode-2-GrpcLogAppender-LogAppenderDaemon] WARN  server.GrpcLogAppender (GrpcLogAppender.java:mayWait(293)) - omNode-3@group-523986131536->omNode-2-GrpcLogAppender: Wait interrupted by java.lang.InterruptedException
2025-04-24 14:02:30,064 [omNode-3-impl-thread1] INFO  impl.PendingRequests (PendingRequests.java:sendNotLeaderResponses(287)) - omNode-3@group-523986131536-PendingRequests: sendNotLeaderResponses
2025-04-24 14:02:30,064 [grpc-default-executor-1] INFO  server.GrpcServerProtocolService (GrpcServerProtocolService.java:onCompleted(157)) - omNode-1: Completed APPEND_ENTRIES, lastRequest: null
2025-04-24 14:02:30,064 [grpc-default-executor-0] INFO  server.GrpcServerProtocolService (GrpcServerProtocolService.java:onCompleted(157)) - omNode-1: Completed APPEND_ENTRIES, lastRequest: omNode-3->omNode-1#5-t3,previous=(t:3, i:30),leaderCommit=30,initializing? false,entries: size=1, first=(t:3, i:31), METADATAENTRY(c:30)
2025-04-24 14:02:30,064 [grpc-default-executor-0] INFO  server.GrpcServerProtocolService (GrpcServerProtocolService.java:lambda$onCompleted$5(159)) - omNode-1: Completed APPEND_ENTRIES, lastReply: null
2025-04-24 14:02:30,065 [grpc-default-executor-1] INFO  server.GrpcServerProtocolService (GrpcServerProtocolService.java:lambda$onCompleted$5(159)) - omNode-1: Completed APPEND_ENTRIES, lastReply: serverReply {
  requestorId: "omNode-3"
  replyId: "omNode-1"
  raftGroupId {
    id: "\311\274L\364;\303<`\246kR9\206\023\0256"
  }
}
term: 3
nextIndex: 21
result: INCONSISTENCY
followerCommit: 20
matchIndex: 18446744073709551615
isHearbeat: true

2025-04-24 14:02:30,065 [Thread-1272] INFO  server.GrpcServerProtocolClient (GrpcServerProtocolClient.java:close(105)) - omNode-1 Close channels
2025-04-24 14:02:30,065 [grpc-default-executor-4] INFO  server.GrpcServerProtocolService (GrpcServerProtocolService.java:onCompleted(157)) - omNode-2: Completed APPEND_ENTRIES, lastRequest: null
2025-04-24 14:02:30,066 [grpc-default-executor-4] INFO  server.GrpcServerProtocolService (GrpcServerProtocolService.java:lambda$onCompleted$5(159)) - omNode-2: Completed APPEND_ENTRIES, lastReply: serverReply {
  requestorId: "omNode-3"
  replyId: "omNode-2"
  raftGroupId {
    id: "\311\274L\364;\303<`\246kR9\206\023\0256"
  }
  success: true
}
term: 3
nextIndex: 31
followerCommit: 29
matchIndex: 18446744073709551615
isHearbeat: true

2025-04-24 14:02:30,065 [grpc-default-executor-2] INFO  server.GrpcServerProtocolService (GrpcServerProtocolService.java:onCompleted(157)) - omNode-2: Completed APPEND_ENTRIES, lastRequest: omNode-3->omNode-2#2-t3,previous=(t:3, i:30),leaderCommit=30,initializing? false,entries: size=1, first=(t:3, i:31), METADATAENTRY(c:30)
2025-04-24 14:02:30,066 [grpc-default-executor-2] INFO  server.GrpcServerProtocolService (GrpcServerProtocolService.java:lambda$onCompleted$5(159)) - omNode-2: Completed APPEND_ENTRIES, lastReply: null
2025-04-24 14:02:30,067 [omNode-3-impl-thread1] INFO  impl.StateMachineUpdater (StateMachineUpdater.java:stopAndJoin(164)) - omNode-3@group-523986131536-StateMachineUpdater: set stopIndex = 31
2025-04-24 14:02:30,067 [Thread-1273] INFO  server.GrpcServerProtocolClient (GrpcServerProtocolClient.java:close(105)) - omNode-2 Close channels
2025-04-24 14:02:30,067 [grpc-default-executor-4] INFO  server.GrpcLogAppender (GrpcLogAppender.java:onCompleted(550)) - omNode-3@group-523986131536->omNode-1-AppendLogResponseHandler: follower responses appendEntries COMPLETED
2025-04-24 14:02:30,067 [grpc-default-executor-4] WARN  server.GrpcLogAppender (GrpcLogAppender.java:resetClient(230)) - omNode-3@group-523986131536->omNode-1-GrpcLogAppender: Failed to getClient for omNode-1
org.apache.ratis.protocol.exceptions.AlreadyClosedException: omNode-3 is already CLOSED
	at org.apache.ratis.util.PeerProxyMap$PeerAndProxy.getProxy(PeerProxyMap.java:67)
	at org.apache.ratis.util.PeerProxyMap.getProxy(PeerProxyMap.java:124)
	at org.apache.ratis.grpc.server.GrpcLogAppender.getClient(GrpcLogAppender.java:200)
	at org.apache.ratis.grpc.server.GrpcLogAppender.resetClient(GrpcLogAppender.java:205)
	at org.apache.ratis.grpc.server.GrpcLogAppender.access$800(GrpcLogAppender.java:64)
	at org.apache.ratis.grpc.server.GrpcLogAppender$AppendLogResponseHandler.onCompleted(GrpcLogAppender.java:551)
	at org.apache.ratis.thirdparty.io.grpc.stub.ClientCalls$StreamObserverToCallListenerAdapter.onClose(ClientCalls.java:479)
	at org.apache.ratis.thirdparty.io.grpc.internal.ClientCallImpl.closeObserver(ClientCallImpl.java:567)
	at org.apache.ratis.thirdparty.io.grpc.internal.ClientCallImpl.access$300(ClientCallImpl.java:71)
	at org.apache.ratis.thirdparty.io.grpc.internal.ClientCallImpl$ClientStreamListenerImpl$1StreamClosed.runInternal(ClientCallImpl.java:735)
	at org.apache.ratis.thirdparty.io.grpc.internal.ClientCallImpl$ClientStreamListenerImpl$1StreamClosed.runInContext(ClientCallImpl.java:716)
	at org.apache.ratis.thirdparty.io.grpc.internal.ContextRunnable.run(ContextRunnable.java:37)
	at org.apache.ratis.thirdparty.io.grpc.internal.SerializingExecutor.run(SerializingExecutor.java:133)
	at java.base/java.util.concurrent.ThreadPoolExecutor.runWorker(ThreadPoolExecutor.java:1144)
	at java.base/java.util.concurrent.ThreadPoolExecutor$Worker.run(ThreadPoolExecutor.java:642)
	at java.base/java.lang.Thread.run(Thread.java:1583)
2025-04-24 14:02:30,068 [grpc-default-executor-1] INFO  server.GrpcLogAppender (GrpcLogAppender.java:onCompleted(550)) - omNode-3@group-523986131536->omNode-2-AppendLogResponseHandler: follower responses appendEntries COMPLETED
2025-04-24 14:02:30,068 [grpc-default-executor-1] WARN  server.GrpcLogAppender (GrpcLogAppender.java:resetClient(230)) - omNode-3@group-523986131536->omNode-2-GrpcLogAppender: Failed to getClient for omNode-2
org.apache.ratis.protocol.exceptions.AlreadyClosedException: omNode-3 is already CLOSED
	at org.apache.ratis.util.PeerProxyMap$PeerAndProxy.getProxy(PeerProxyMap.java:67)
	at org.apache.ratis.util.PeerProxyMap.getProxy(PeerProxyMap.java:124)
	at org.apache.ratis.grpc.server.GrpcLogAppender.getClient(GrpcLogAppender.java:200)
	at org.apache.ratis.grpc.server.GrpcLogAppender.resetClient(GrpcLogAppender.java:205)
	at org.apache.ratis.grpc.server.GrpcLogAppender.access$800(GrpcLogAppender.java:64)
	at org.apache.ratis.grpc.server.GrpcLogAppender$AppendLogResponseHandler.onCompleted(GrpcLogAppender.java:551)
	at org.apache.ratis.thirdparty.io.grpc.stub.ClientCalls$StreamObserverToCallListenerAdapter.onClose(ClientCalls.java:479)
	at org.apache.ratis.thirdparty.io.grpc.internal.ClientCallImpl.closeObserver(ClientCallImpl.java:567)
	at org.apache.ratis.thirdparty.io.grpc.internal.ClientCallImpl.access$300(ClientCallImpl.java:71)
	at org.apache.ratis.thirdparty.io.grpc.internal.ClientCallImpl$ClientStreamListenerImpl$1StreamClosed.runInternal(ClientCallImpl.java:735)
	at org.apache.ratis.thirdparty.io.grpc.internal.ClientCallImpl$ClientStreamListenerImpl$1StreamClosed.runInContext(ClientCallImpl.java:716)
	at org.apache.ratis.thirdparty.io.grpc.internal.ContextRunnable.run(ContextRunnable.java:37)
	at org.apache.ratis.thirdparty.io.grpc.internal.SerializingExecutor.run(SerializingExecutor.java:133)
	at java.base/java.util.concurrent.ThreadPoolExecutor.runWorker(ThreadPoolExecutor.java:1144)
	at java.base/java.util.concurrent.ThreadPoolExecutor$Worker.run(ThreadPoolExecutor.java:642)
	at java.base/java.lang.Thread.run(Thread.java:1583)
2025-04-24 14:02:30,067 [grpc-default-executor-0] INFO  server.GrpcLogAppender (GrpcLogAppender.java:onCompleted(550)) - omNode-3@group-523986131536->omNode-2-AppendLogResponseHandler: follower responses appendEntries COMPLETED
2025-04-24 14:02:30,068 [grpc-default-executor-0] WARN  server.GrpcLogAppender (GrpcLogAppender.java:resetClient(230)) - omNode-3@group-523986131536->omNode-2-GrpcLogAppender: Failed to getClient for omNode-2
org.apache.ratis.protocol.exceptions.AlreadyClosedException: omNode-3 is already CLOSED
	at org.apache.ratis.util.PeerProxyMap$PeerAndProxy.getProxy(PeerProxyMap.java:67)
	at org.apache.ratis.util.PeerProxyMap.getProxy(PeerProxyMap.java:124)
	at org.apache.ratis.grpc.server.GrpcLogAppender.getClient(GrpcLogAppender.java:200)
	at org.apache.ratis.grpc.server.GrpcLogAppender.resetClient(GrpcLogAppender.java:205)
	at org.apache.ratis.grpc.server.GrpcLogAppender.access$800(GrpcLogAppender.java:64)
	at org.apache.ratis.grpc.server.GrpcLogAppender$AppendLogResponseHandler.onCompleted(GrpcLogAppender.java:551)
	at org.apache.ratis.thirdparty.io.grpc.stub.ClientCalls$StreamObserverToCallListenerAdapter.onClose(ClientCalls.java:479)
	at org.apache.ratis.thirdparty.io.grpc.internal.DelayedClientCall$DelayedListener$3.run(DelayedClientCall.java:489)
	at org.apache.ratis.thirdparty.io.grpc.internal.DelayedClientCall$DelayedListener.delayOrExecute(DelayedClientCall.java:453)
	at org.apache.ratis.thirdparty.io.grpc.internal.DelayedClientCall$DelayedListener.onClose(DelayedClientCall.java:486)
	at org.apache.ratis.thirdparty.io.grpc.internal.ClientCallImpl.closeObserver(ClientCallImpl.java:567)
	at org.apache.ratis.thirdparty.io.grpc.internal.ClientCallImpl.access$300(ClientCallImpl.java:71)
	at org.apache.ratis.thirdparty.io.grpc.internal.ClientCallImpl$ClientStreamListenerImpl$1StreamClosed.runInternal(ClientCallImpl.java:735)
	at org.apache.ratis.thirdparty.io.grpc.internal.ClientCallImpl$ClientStreamListenerImpl$1StreamClosed.runInContext(ClientCallImpl.java:716)
	at org.apache.ratis.thirdparty.io.grpc.internal.ContextRunnable.run(ContextRunnable.java:37)
	at org.apache.ratis.thirdparty.io.grpc.internal.SerializingExecutor.run(SerializingExecutor.java:133)
	at java.base/java.util.concurrent.ThreadPoolExecutor.runWorker(ThreadPoolExecutor.java:1144)
	at java.base/java.util.concurrent.ThreadPoolExecutor$Worker.run(ThreadPoolExecutor.java:642)
	at java.base/java.lang.Thread.run(Thread.java:1583)
2025-04-24 14:02:30,069 [grpc-default-executor-0] INFO  server.GrpcLogAppender (GrpcLogAppender.java:onCompleted(550)) - omNode-3@group-523986131536->omNode-1-AppendLogResponseHandler: follower responses appendEntries COMPLETED
2025-04-24 14:02:30,069 [grpc-default-executor-0] WARN  server.GrpcLogAppender (GrpcLogAppender.java:resetClient(230)) - omNode-3@group-523986131536->omNode-1-GrpcLogAppender: Failed to getClient for omNode-1
org.apache.ratis.protocol.exceptions.AlreadyClosedException: omNode-3 is already CLOSED
	at org.apache.ratis.util.PeerProxyMap$PeerAndProxy.getProxy(PeerProxyMap.java:67)
	at org.apache.ratis.util.PeerProxyMap.getProxy(PeerProxyMap.java:124)
	at org.apache.ratis.grpc.server.GrpcLogAppender.getClient(GrpcLogAppender.java:200)
	at org.apache.ratis.grpc.server.GrpcLogAppender.resetClient(GrpcLogAppender.java:205)
	at org.apache.ratis.grpc.server.GrpcLogAppender.access$800(GrpcLogAppender.java:64)
	at org.apache.ratis.grpc.server.GrpcLogAppender$AppendLogResponseHandler.onCompleted(GrpcLogAppender.java:551)
	at org.apache.ratis.thirdparty.io.grpc.stub.ClientCalls$StreamObserverToCallListenerAdapter.onClose(ClientCalls.java:479)
	at org.apache.ratis.thirdparty.io.grpc.internal.ClientCallImpl.closeObserver(ClientCallImpl.java:567)
	at org.apache.ratis.thirdparty.io.grpc.internal.ClientCallImpl.access$300(ClientCallImpl.java:71)
	at org.apache.ratis.thirdparty.io.grpc.internal.ClientCallImpl$ClientStreamListenerImpl$1StreamClosed.runInternal(ClientCallImpl.java:735)
	at org.apache.ratis.thirdparty.io.grpc.internal.ClientCallImpl$ClientStreamListenerImpl$1StreamClosed.runInContext(ClientCallImpl.java:716)
	at org.apache.ratis.thirdparty.io.grpc.internal.ContextRunnable.run(ContextRunnable.java:37)
	at org.apache.ratis.thirdparty.io.grpc.internal.SerializingExecutor.run(SerializingExecutor.java:133)
	at java.base/java.util.concurrent.ThreadPoolExecutor.runWorker(ThreadPoolExecutor.java:1144)
	at java.base/java.util.concurrent.ThreadPoolExecutor$Worker.run(ThreadPoolExecutor.java:642)
	at java.base/java.lang.Thread.run(Thread.java:1583)
2025-04-24 14:02:30,070 [main] INFO  server.GrpcService (GrpcService.java:closeImpl(352)) - omNode-3: shutdown server GrpcServerProtocolService successfully
2025-04-24 14:02:30,085 [omNode-3@group-523986131536-StateMachineUpdater] INFO  ratis.OzoneManagerStateMachine (OzoneManagerStateMachine.java:takeSnapshotImpl(510)) - omNode-3: taking snapshot. applied = (t:3, i:31), skipped = 29, notified = (t:3, i:31), current snapshot index = (t:3, i:31), took 18 ms
2025-04-24 14:02:30,085 [omNode-3@group-523986131536-StateMachineUpdater] INFO  impl.StateMachineUpdater (StateMachineUpdater.java:takeSnapshot(303)) - omNode-3@group-523986131536-StateMachineUpdater: Took a snapshot at index 31
2025-04-24 14:02:30,085 [omNode-3@group-523986131536-StateMachineUpdater] INFO  impl.StateMachineUpdater (StateMachineUpdater.java:lambda$new$0(102)) - omNode-3@group-523986131536-StateMachineUpdater: snapshotIndex: updateIncreasingly 28 -> 31
2025-04-24 14:02:30,085 [omNode-3@group-523986131536-StateMachineUpdater] INFO  impl.StateMachineUpdater (StateMachineUpdater.java:stop(141)) - omNode-3@group-523986131536-StateMachineUpdater: closing OzoneManagerStateMachine, lastApplied=(t:3, i:31)
2025-04-24 14:02:30,085 [omNode-3@group-523986131536-StateMachineUpdater] INFO  ratis.OzoneManagerStateMachine (OzoneManagerStateMachine.java:close(550)) - Stopping OzoneManagerStateMachine:omNode-3:group-523986131536.
2025-04-24 14:02:30,085 [omNode-3@group-523986131536-StateMachineUpdater] INFO  ratis.OzoneManagerDoubleBuffer (OzoneManagerDoubleBuffer.java:stopDaemon(500)) - Stopping OMDoubleBuffer flush thread
2025-04-24 14:02:30,085 [omNode-3-OMDoubleBufferFlushThread] INFO  ratis.OzoneManagerDoubleBuffer (OzoneManagerDoubleBuffer.java:canFlush(559)) - OMDoubleBuffer flush thread omNode-3-OMDoubleBufferFlushThread is interrupted and will exit.
2025-04-24 14:02:30,086 [omNode-3@group-523986131536-cacheEviction-AwaitToRun] INFO  util.AwaitToRun (AwaitToRun.java:run(49)) - omNode-3@group-523986131536-cacheEviction-AwaitToRun-AwaitForSignal is interrupted
2025-04-24 14:02:30,739 [omNode-3-impl-thread1] INFO  segmented.SegmentedRaftLogWorker (SegmentedRaftLogWorker.java:close(252)) - omNode-3@group-523986131536-SegmentedRaftLogWorker close()
2025-04-24 14:02:30,739 [JvmPauseMonitor8] INFO  util.JvmPauseMonitor (JvmPauseMonitor.java:run(152)) - JvmPauseMonitor-omNode-3: Stopped
2025-04-24 14:02:30,739 [main] INFO  utils.BackgroundService (BackgroundService.java:shutdown(161)) - Shutting down service KeyDeletingService
2025-04-24 14:02:30,740 [main] INFO  utils.BackgroundService (BackgroundService.java:shutdown(161)) - Shutting down service DirectoryDeletingService
2025-04-24 14:02:30,741 [main] INFO  utils.BackgroundService (BackgroundService.java:shutdown(161)) - Shutting down service OpenKeyCleanupService
2025-04-24 14:02:30,742 [main] INFO  utils.BackgroundService (BackgroundService.java:shutdown(161)) - Shutting down service SstFilteringService
2025-04-24 14:02:30,742 [main] INFO  utils.BackgroundService (BackgroundService.java:shutdown(161)) - Shutting down service SnapshotDeletingService
2025-04-24 14:02:30,743 [main] INFO  utils.BackgroundService (BackgroundService.java:shutdown(161)) - Shutting down service MultipartUploadCleanupService
2025-04-24 14:02:30,744 [main] INFO  handler.ContextHandler (ContextHandler.java:doStop(1159)) - Stopped o.e.j.w.WebAppContext@6b8e7ffe{ozoneManager,/,null,STOPPED}{file:/home/runner/work/ozone/ozone/hadoop-ozone/integration-test/target/test-classes/webapps/ozoneManager}
2025-04-24 14:02:30,745 [main] INFO  server.AbstractConnector (AbstractConnector.java:doStop(383)) - Stopped ServerConnector@472ed65f{HTTP/1.1, (http/1.1)}{0.0.0.0:15015}
2025-04-24 14:02:30,745 [main] INFO  server.session (HouseKeeper.java:stopScavenging(149)) - node0 Stopped scavenging
2025-04-24 14:02:30,745 [main] INFO  handler.ContextHandler (ContextHandler.java:doStop(1159)) - Stopped o.e.j.s.ServletContextHandler@44c881c9{static,/static,file:///home/runner/work/ozone/ozone/hadoop-ozone/integration-test/target/test-classes/webapps/static,STOPPED}
2025-04-24 14:02:30,746 [main] INFO  handler.ContextHandler (ContextHandler.java:doStop(1159)) - Stopped o.e.j.s.ServletContextHandler@74213f3a{logs,/logs,file:///home/runner/work/ozone/ozone/hadoop-ozone/integration-test/target/log,STOPPED}
2025-04-24 14:02:30,746 [main] INFO  rocksdiff.RocksDBCheckpointDiffer (RocksDBCheckpointDiffer.java:close(304)) - Shutting down CompactionDagPruningService.
2025-04-24 14:02:30,749 [main] INFO  snapshot.SnapshotDiffManager (SnapshotDiffManager.java:closeExecutorService(1698)) - Shutting down executorService: 'SnapDiffExecutor'
2025-04-24 14:02:30,749 [main] INFO  utils.BackgroundService (BackgroundService.java:shutdown(161)) - Shutting down service SnapshotDiffCleanupService
2025-04-24 14:02:30,750 [main] INFO  om.OzoneManager (OzoneManager.java:stop(2347)) - omNode-1[localhost:15006]: Stopping Ozone Manager
2025-04-24 14:02:30,750 [main] INFO  ipc.Server (Server.java:stop(3697)) - Stopping server on 15006
2025-04-24 14:02:30,753 [IPC Server listener on 15006] INFO  ipc.Server (Server.java:run(1585)) - Stopping IPC Server listener on 15006
2025-04-24 14:02:30,753 [IPC Server Responder] INFO  ipc.Server (Server.java:run(1718)) - Stopping IPC Server Responder
2025-04-24 14:02:30,754 [main] INFO  ratis.OzoneManagerRatisServer (OzoneManagerRatisServer.java:stop(634)) - Stopping org.apache.hadoop.ozone.om.ratis.OzoneManagerRatisServer@43c904cc at port 15009
2025-04-24 14:02:30,754 [main] INFO  server.RaftServer (RaftServerProxy.java:lambda$close$9(417)) - omNode-1: close
2025-04-24 14:02:30,754 [main] INFO  server.GrpcService (GrpcService.java:closeImpl(343)) - omNode-1: shutdown server GrpcServerProtocolService now
2025-04-24 14:02:30,754 [omNode-1-impl-thread1] INFO  server.RaftServer$Division (RaftServerImpl.java:lambda$close$1(513)) - omNode-1@group-523986131536: shutdown
2025-04-24 14:02:30,754 [omNode-1-impl-thread1] INFO  util.JmxRegister (JmxRegister.java:unregister(74)) - Successfully un-registered JMX Bean with object name Ratis:service=RaftServer,group=group-523986131536,id=omNode-1
2025-04-24 14:02:30,754 [omNode-1-impl-thread1] INFO  impl.RoleInfo (RoleInfo.java:shutdownFollowerState(121)) - omNode-1: shutdown omNode-1@group-523986131536-FollowerState
2025-04-24 14:02:30,754 [omNode-1@group-523986131536-FollowerState] INFO  impl.FollowerState (FollowerState.java:runImpl(170)) - omNode-1@group-523986131536-FollowerState was interrupted
2025-04-24 14:02:30,755 [omNode-1-impl-thread1] INFO  impl.StateMachineUpdater (StateMachineUpdater.java:stopAndJoin(164)) - omNode-1@group-523986131536-StateMachineUpdater: set stopIndex = 30
2025-04-24 14:02:30,755 [main] INFO  server.GrpcService (GrpcService.java:closeImpl(352)) - omNode-1: shutdown server GrpcServerProtocolService successfully
2025-04-24 14:02:30,769 [omNode-1@group-523986131536-StateMachineUpdater] INFO  ratis.OzoneManagerStateMachine (OzoneManagerStateMachine.java:takeSnapshotImpl(510)) - omNode-1: taking snapshot. applied = (t:3, i:30), skipped = 29, notified = (t:3, i:30), current snapshot index = (t:3, i:30), took 15 ms
2025-04-24 14:02:30,770 [omNode-1@group-523986131536-StateMachineUpdater] INFO  impl.StateMachineUpdater (StateMachineUpdater.java:takeSnapshot(303)) - omNode-1@group-523986131536-StateMachineUpdater: Took a snapshot at index 30
2025-04-24 14:02:30,770 [omNode-1@group-523986131536-StateMachineUpdater] INFO  impl.StateMachineUpdater (StateMachineUpdater.java:lambda$new$0(102)) - omNode-1@group-523986131536-StateMachineUpdater: snapshotIndex: updateIncreasingly 20 -> 30
2025-04-24 14:02:30,770 [omNode-1@group-523986131536-StateMachineUpdater] INFO  impl.StateMachineUpdater (StateMachineUpdater.java:stop(141)) - omNode-1@group-523986131536-StateMachineUpdater: closing OzoneManagerStateMachine, lastApplied=(t:3, i:30)
2025-04-24 14:02:30,770 [omNode-1@group-523986131536-StateMachineUpdater] INFO  ratis.OzoneManagerStateMachine (OzoneManagerStateMachine.java:close(550)) - Stopping OzoneManagerStateMachine:omNode-1:group-523986131536.
2025-04-24 14:02:30,770 [omNode-1@group-523986131536-StateMachineUpdater] INFO  ratis.OzoneManagerDoubleBuffer (OzoneManagerDoubleBuffer.java:stopDaemon(500)) - Stopping OMDoubleBuffer flush thread
2025-04-24 14:02:30,770 [omNode-1-OMDoubleBufferFlushThread] INFO  ratis.OzoneManagerDoubleBuffer (OzoneManagerDoubleBuffer.java:canFlush(559)) - OMDoubleBuffer flush thread omNode-1-OMDoubleBufferFlushThread is interrupted and will exit.
2025-04-24 14:02:30,771 [omNode-1@group-523986131536-cacheEviction-AwaitToRun] INFO  util.AwaitToRun (AwaitToRun.java:run(49)) - omNode-1@group-523986131536-cacheEviction-AwaitToRun-AwaitForSignal is interrupted
2025-04-24 14:02:30,778 [omNode-1-impl-thread1] INFO  segmented.SegmentedRaftLogWorker (SegmentedRaftLogWorker.java:close(252)) - omNode-1@group-523986131536-SegmentedRaftLogWorker close()
2025-04-24 14:02:30,778 [JvmPauseMonitor9] INFO  util.JvmPauseMonitor (JvmPauseMonitor.java:run(152)) - JvmPauseMonitor-omNode-1: Stopped
2025-04-24 14:02:30,779 [main] INFO  utils.BackgroundService (BackgroundService.java:shutdown(161)) - Shutting down service KeyDeletingService
2025-04-24 14:02:30,779 [main] INFO  utils.BackgroundService (BackgroundService.java:shutdown(161)) - Shutting down service DirectoryDeletingService
2025-04-24 14:02:30,780 [main] INFO  utils.BackgroundService (BackgroundService.java:shutdown(161)) - Shutting down service OpenKeyCleanupService
2025-04-24 14:02:30,781 [main] INFO  utils.BackgroundService (BackgroundService.java:shutdown(161)) - Shutting down service SstFilteringService
2025-04-24 14:02:30,781 [main] INFO  utils.BackgroundService (BackgroundService.java:shutdown(161)) - Shutting down service SnapshotDeletingService
2025-04-24 14:02:30,781 [main] INFO  utils.BackgroundService (BackgroundService.java:shutdown(161)) - Shutting down service MultipartUploadCleanupService
2025-04-24 14:02:30,782 [main] INFO  handler.ContextHandler (ContextHandler.java:doStop(1159)) - Stopped o.e.j.w.WebAppContext@536c8170{ozoneManager,/,null,STOPPED}{file:/home/runner/work/ozone/ozone/hadoop-ozone/integration-test/target/test-classes/webapps/ozoneManager}
2025-04-24 14:02:30,783 [main] INFO  server.AbstractConnector (AbstractConnector.java:doStop(383)) - Stopped ServerConnector@372bf2c5{HTTP/1.1, (http/1.1)}{0.0.0.0:15007}
2025-04-24 14:02:30,783 [main] INFO  server.session (HouseKeeper.java:stopScavenging(149)) - node0 Stopped scavenging
2025-04-24 14:02:30,783 [main] INFO  handler.ContextHandler (ContextHandler.java:doStop(1159)) - Stopped o.e.j.s.ServletContextHandler@5505c6a{static,/static,file:///home/runner/work/ozone/ozone/hadoop-ozone/integration-test/target/test-classes/webapps/static,STOPPED}
2025-04-24 14:02:30,783 [main] INFO  handler.ContextHandler (ContextHandler.java:doStop(1159)) - Stopped o.e.j.s.ServletContextHandler@68c867f7{logs,/logs,file:///home/runner/work/ozone/ozone/hadoop-ozone/integration-test/target/log,STOPPED}
2025-04-24 14:02:30,784 [main] INFO  rocksdiff.RocksDBCheckpointDiffer (RocksDBCheckpointDiffer.java:close(304)) - Shutting down CompactionDagPruningService.
2025-04-24 14:02:30,786 [main] INFO  snapshot.SnapshotDiffManager (SnapshotDiffManager.java:closeExecutorService(1698)) - Shutting down executorService: 'SnapDiffExecutor'
2025-04-24 14:02:30,786 [main] INFO  utils.BackgroundService (BackgroundService.java:shutdown(161)) - Shutting down service SnapshotDiffCleanupService
2025-04-24 14:02:30,787 [main] INFO  om.OzoneManager (OzoneManager.java:stop(2347)) - omNode-2[localhost:15010]: Stopping Ozone Manager
2025-04-24 14:02:30,787 [main] INFO  ipc.Server (Server.java:stop(3697)) - Stopping server on 15010
2025-04-24 14:02:30,788 [IPC Server listener on 15010] INFO  ipc.Server (Server.java:run(1585)) - Stopping IPC Server listener on 15010
2025-04-24 14:02:30,788 [IPC Server Responder] INFO  ipc.Server (Server.java:run(1718)) - Stopping IPC Server Responder
2025-04-24 14:02:30,789 [main] INFO  ratis.OzoneManagerRatisServer (OzoneManagerRatisServer.java:stop(634)) - Stopping org.apache.hadoop.ozone.om.ratis.OzoneManagerRatisServer@592d49d2 at port 15013
2025-04-24 14:02:30,789 [main] INFO  server.RaftServer (RaftServerProxy.java:lambda$close$9(417)) - omNode-2: close
2025-04-24 14:02:30,789 [main] INFO  server.GrpcService (GrpcService.java:closeImpl(343)) - omNode-2: shutdown server GrpcServerProtocolService now
2025-04-24 14:02:30,789 [omNode-2-impl-thread1] INFO  server.RaftServer$Division (RaftServerImpl.java:lambda$close$1(513)) - omNode-2@group-523986131536: shutdown
2025-04-24 14:02:30,789 [omNode-2-impl-thread1] INFO  util.JmxRegister (JmxRegister.java:unregister(74)) - Successfully un-registered JMX Bean with object name Ratis:service=RaftServer,group=group-523986131536,id=omNode-2
2025-04-24 14:02:30,789 [omNode-2-impl-thread1] INFO  impl.RoleInfo (RoleInfo.java:shutdownFollowerState(121)) - omNode-2: shutdown omNode-2@group-523986131536-FollowerState
2025-04-24 14:02:30,789 [omNode-2-impl-thread1] INFO  impl.StateMachineUpdater (StateMachineUpdater.java:stopAndJoin(164)) - omNode-2@group-523986131536-StateMachineUpdater: set stopIndex = 30
2025-04-24 14:02:30,789 [omNode-2@group-523986131536-FollowerState] INFO  impl.FollowerState (FollowerState.java:runImpl(170)) - omNode-2@group-523986131536-FollowerState was interrupted
2025-04-24 14:02:30,791 [main] INFO  server.GrpcService (GrpcService.java:closeImpl(352)) - omNode-2: shutdown server GrpcServerProtocolService successfully
2025-04-24 14:02:30,794 [omNode-2@group-523986131536-StateMachineUpdater] INFO  ratis.OzoneManagerStateMachine (OzoneManagerStateMachine.java:takeSnapshotImpl(510)) - omNode-2: taking snapshot. applied = (t:3, i:30), skipped = 29, notified = (t:3, i:30), current snapshot index = (t:3, i:30), took 4 ms
2025-04-24 14:02:30,794 [omNode-2@group-523986131536-StateMachineUpdater] INFO  impl.StateMachineUpdater (StateMachineUpdater.java:takeSnapshot(303)) - omNode-2@group-523986131536-StateMachineUpdater: Took a snapshot at index 30
2025-04-24 14:02:30,794 [omNode-2@group-523986131536-StateMachineUpdater] INFO  impl.StateMachineUpdater (StateMachineUpdater.java:lambda$new$0(102)) - omNode-2@group-523986131536-StateMachineUpdater: snapshotIndex: updateIncreasingly 29 -> 30
2025-04-24 14:02:30,794 [omNode-2@group-523986131536-StateMachineUpdater] INFO  impl.StateMachineUpdater (StateMachineUpdater.java:stop(141)) - omNode-2@group-523986131536-StateMachineUpdater: closing OzoneManagerStateMachine, lastApplied=(t:3, i:30)
2025-04-24 14:02:30,794 [omNode-2@group-523986131536-StateMachineUpdater] INFO  ratis.OzoneManagerStateMachine (OzoneManagerStateMachine.java:close(550)) - Stopping OzoneManagerStateMachine:omNode-2:group-523986131536.
2025-04-24 14:02:30,794 [omNode-2@group-523986131536-StateMachineUpdater] INFO  ratis.OzoneManagerDoubleBuffer (OzoneManagerDoubleBuffer.java:stopDaemon(500)) - Stopping OMDoubleBuffer flush thread
2025-04-24 14:02:30,794 [omNode-2-OMDoubleBufferFlushThread] INFO  ratis.OzoneManagerDoubleBuffer (OzoneManagerDoubleBuffer.java:canFlush(559)) - OMDoubleBuffer flush thread omNode-2-OMDoubleBufferFlushThread is interrupted and will exit.
2025-04-24 14:02:30,795 [omNode-2@group-523986131536-cacheEviction-AwaitToRun] INFO  util.AwaitToRun (AwaitToRun.java:run(49)) - omNode-2@group-523986131536-cacheEviction-AwaitToRun-AwaitForSignal is interrupted
2025-04-24 14:02:31,238 [timer2] WARN  server.GrpcLogAppender (GrpcLogAppender.java:lambda$resetClient$1(221)) - omNode-2@group-523986131536->omNode-1-GrpcLogAppender: Follower failed (request=null, errorCount=26); keep nextIndex (25) unchanged and retry. (Repeated 2 times in the last 5.001s)
2025-04-24 14:02:31,249 [timer5] WARN  server.GrpcLogAppender (GrpcLogAppender.java:lambda$resetClient$1(221)) - omNode-2@group-523986131536->omNode-1-GrpcLogAppender: Follower failed (request=null, errorCount=28); keep nextIndex (26) unchanged and retry. (Repeated 2 times in the last 5.000s)
2025-04-24 14:02:31,251 [timer0] WARN  server.GrpcLogAppender (GrpcLogAppender.java:lambda$resetClient$1(221)) - omNode-2@group-523986131536->omNode-1-GrpcLogAppender: Follower failed (request=null, errorCount=30); keep nextIndex (27) unchanged and retry. (Repeated 2 times in the last 5.000s)
2025-04-24 14:02:31,270 [timer5] WARN  server.GrpcLogAppender (GrpcLogAppender.java:lambda$resetClient$1(221)) - omNode-2@group-523986131536->omNode-1-GrpcLogAppender: Follower failed (request=null, errorCount=32); keep nextIndex (28) unchanged and retry. (Repeated 2 times in the last 5.000s)
2025-04-24 14:02:31,276 [timer0] WARN  server.GrpcLogAppender (GrpcLogAppender.java:lambda$resetClient$1(221)) - omNode-2@group-523986131536->omNode-1-GrpcLogAppender: Follower failed (request=null, errorCount=34); keep nextIndex (29) unchanged and retry. (Repeated 2 times in the last 5.001s)
2025-04-24 14:02:31,281 [timer2] WARN  server.GrpcLogAppender (GrpcLogAppender.java:lambda$resetClient$1(221)) - omNode-2@group-523986131536->omNode-1-GrpcLogAppender: Follower failed (request=null, errorCount=36); keep nextIndex (30) unchanged and retry. (Repeated 2 times in the last 5.001s)
2025-04-24 14:02:31,285 [timer4] WARN  server.GrpcLogAppender (GrpcLogAppender.java:lambda$resetClient$1(221)) - omNode-2@group-523986131536->omNode-1-GrpcLogAppender: Follower failed (request=null, errorCount=38); keep nextIndex (31) unchanged and retry. (Repeated 2 times in the last 5.000s)
2025-04-24 14:02:31,314 [timer5] WARN  server.GrpcLogAppender (LogUtils.java:warn(121)) - omNode-2@group-523986131536->omNode-3-AppendLogResponseHandler: Failed appendEntries (Repeated 10 times in the last 5.000s): org.apache.ratis.thirdparty.io.grpc.StatusRuntimeException: UNAVAILABLE: io exception
2025-04-24 14:02:31,314 [timer6] WARN  server.GrpcLogAppender (GrpcLogAppender.java:lambda$resetClient$1(221)) - omNode-2@group-523986131536->omNode-3-GrpcLogAppender: Follower failed (request=null, errorCount=4); keep nextIndex (30) unchanged and retry. (Repeated 4 times in the last 5.000s)
2025-04-24 14:02:31,740 [omNode-2-impl-thread1] INFO  segmented.SegmentedRaftLogWorker (SegmentedRaftLogWorker.java:close(252)) - omNode-2@group-523986131536-SegmentedRaftLogWorker close()
2025-04-24 14:02:31,740 [JvmPauseMonitor10] INFO  util.JvmPauseMonitor (JvmPauseMonitor.java:run(152)) - JvmPauseMonitor-omNode-2: Stopped
2025-04-24 14:02:31,740 [main] INFO  utils.BackgroundService (BackgroundService.java:shutdown(161)) - Shutting down service KeyDeletingService
2025-04-24 14:02:31,741 [main] INFO  utils.BackgroundService (BackgroundService.java:shutdown(161)) - Shutting down service DirectoryDeletingService
2025-04-24 14:02:31,742 [main] INFO  utils.BackgroundService (BackgroundService.java:shutdown(161)) - Shutting down service OpenKeyCleanupService
2025-04-24 14:02:31,742 [main] INFO  utils.BackgroundService (BackgroundService.java:shutdown(161)) - Shutting down service SstFilteringService
2025-04-24 14:02:31,743 [main] INFO  utils.BackgroundService (BackgroundService.java:shutdown(161)) - Shutting down service SnapshotDeletingService
2025-04-24 14:02:31,743 [main] INFO  utils.BackgroundService (BackgroundService.java:shutdown(161)) - Shutting down service MultipartUploadCleanupService
2025-04-24 14:02:31,744 [main] INFO  handler.ContextHandler (ContextHandler.java:doStop(1159)) - Stopped o.e.j.w.WebAppContext@11a81db0{ozoneManager,/,null,STOPPED}{file:/home/runner/work/ozone/ozone/hadoop-ozone/integration-test/target/test-classes/webapps/ozoneManager}
2025-04-24 14:02:31,744 [main] INFO  server.AbstractConnector (AbstractConnector.java:doStop(383)) - Stopped ServerConnector@79caf80c{HTTP/1.1, (http/1.1)}{0.0.0.0:15011}
2025-04-24 14:02:31,745 [main] INFO  server.session (HouseKeeper.java:stopScavenging(149)) - node0 Stopped scavenging
2025-04-24 14:02:31,745 [main] INFO  handler.ContextHandler (ContextHandler.java:doStop(1159)) - Stopped o.e.j.s.ServletContextHandler@614018{static,/static,file:///home/runner/work/ozone/ozone/hadoop-ozone/integration-test/target/test-classes/webapps/static,STOPPED}
2025-04-24 14:02:31,745 [main] INFO  handler.ContextHandler (ContextHandler.java:doStop(1159)) - Stopped o.e.j.s.ServletContextHandler@290a3836{logs,/logs,file:///home/runner/work/ozone/ozone/hadoop-ozone/integration-test/target/log,STOPPED}
2025-04-24 14:02:31,746 [main] INFO  rocksdiff.RocksDBCheckpointDiffer (RocksDBCheckpointDiffer.java:close(304)) - Shutting down CompactionDagPruningService.
2025-04-24 14:02:31,747 [main] INFO  snapshot.SnapshotDiffManager (SnapshotDiffManager.java:closeExecutorService(1698)) - Shutting down executorService: 'SnapDiffExecutor'
2025-04-24 14:02:31,747 [main] INFO  utils.BackgroundService (BackgroundService.java:shutdown(161)) - Shutting down service SnapshotDiffCleanupService
2025-04-24 14:02:31,752 [main] INFO  rpc.RpcClient (RpcClient.java:createVolume(462)) - Creating Volume: volume87163, with user65331 as owner and space quota set to -1 bytes, counts quota set to -1
2025-04-24 14:02:31,753 [main] INFO  retry.RetryInvocationHandler (RetryInvocationHandler.java:log(426)) - com.google.protobuf.ServiceException: java.io.EOFException: End of File Exception between local host is: "fv-az2210-761/10.1.0.107"; destination host is: "localhost":15010; : java.io.EOFException; For more details see:  http://wiki.apache.org/hadoop/EOFException, while invoking $Proxy68.submitRequest over nodeId=omNode-2,nodeAddress=127.0.0.1:15010. Trying to failover immediately. Current retry count: 0.
2025-04-24 14:02:31,754 [main] INFO  retry.RetryInvocationHandler (RetryInvocationHandler.java:log(426)) - com.google.protobuf.ServiceException: java.net.ConnectException: Call From fv-az2210-761/10.1.0.107 to localhost:15014 failed on connection exception: java.net.ConnectException: Connection refused; For more details see:  http://wiki.apache.org/hadoop/ConnectionRefused, while invoking $Proxy68.submitRequest over nodeId=omNode-3,nodeAddress=127.0.0.1:15014 after 1 failover attempts. Trying to failover after sleeping for 2000ms. Current retry count: 1.
2025-04-24 14:02:31,788 [timer7] WARN  server.GrpcLogAppender (GrpcLogAppender.java:lambda$resetClient$1(221)) - omNode-2@group-523986131536->omNode-3-GrpcLogAppender: Follower failed (request=null, errorCount=10); keep nextIndex (31) unchanged and retry. (Repeated 6 times in the last 5.000s)
2025-04-24 14:02:33,755 [main] INFO  retry.RetryInvocationHandler (RetryInvocationHandler.java:log(426)) - com.google.protobuf.ServiceException: java.net.ConnectException: Call From fv-az2210-761/10.1.0.107 to localhost:15006 failed on connection exception: java.net.ConnectException: Connection refused; For more details see:  http://wiki.apache.org/hadoop/ConnectionRefused, while invoking $Proxy68.submitRequest over nodeId=omNode-1,nodeAddress=127.0.0.1:15006 after 2 failover attempts. Trying to failover immediately. Current retry count: 2.
2025-04-24 14:02:33,755 [main] INFO  retry.RetryInvocationHandler (RetryInvocationHandler.java:log(426)) - com.google.protobuf.ServiceException: java.net.ConnectException: Call From fv-az2210-761/10.1.0.107 to localhost:15010 failed on connection exception: java.net.ConnectException: Connection refused; For more details see:  http://wiki.apache.org/hadoop/ConnectionRefused, while invoking $Proxy68.submitRequest over nodeId=omNode-2,nodeAddress=127.0.0.1:15010 after 3 failover attempts. Trying to failover immediately. Current retry count: 3.
2025-04-24 14:02:33,756 [main] INFO  retry.RetryInvocationHandler (RetryInvocationHandler.java:log(426)) - com.google.protobuf.ServiceException: java.net.ConnectException: Call From fv-az2210-761/10.1.0.107 to localhost:15014 failed on connection exception: java.net.ConnectException: Connection refused; For more details see:  http://wiki.apache.org/hadoop/ConnectionRefused, while invoking $Proxy68.submitRequest over nodeId=omNode-3,nodeAddress=127.0.0.1:15014 after 4 failover attempts. Trying to failover after sleeping for 2000ms. Current retry count: 4.
2025-04-24 14:02:35,757 [main] ERROR ha.OMFailoverProxyProviderBase (OMFailoverProxyProviderBase.java:getRetryAction(261)) - Failed to connect to OMs: [omNode-1, omNode-2, omNode-3]. Attempted 5 failovers.
2025-04-24 14:02:35,758 [main] INFO  om.OzoneManager (OzoneManager.java:stop(2347)) - omNode-3[localhost:15014]: Stopping Ozone Manager
2025-04-24 14:02:35,758 [main] INFO  om.OzoneManager (OzoneManager.java:stop(2347)) - omNode-1[localhost:15006]: Stopping Ozone Manager
2025-04-24 14:02:35,758 [main] INFO  om.OzoneManager (OzoneManager.java:stop(2347)) - omNode-2[localhost:15010]: Stopping Ozone Manager
2025-04-24 14:02:35,758 [main] INFO  om.OzoneManager (OzoneManager.java:restart(1878)) - OzoneManager RPC server is listening at localhost/127.0.0.1:15014
2025-04-24 14:02:35,758 [main] INFO  impl.MetricsSystemImpl (MetricsSystemImpl.java:init(158)) - OzoneManager metrics system started (again)
2025-04-24 14:02:35,774 [main] WARN  server.ServerUtils (ServerUtils.java:getDBPath(297)) - ozone.om.db.dirs is not configured. We recommend adding this setting. Falling back to ozone.metadata.dirs instead.
2025-04-24 14:02:35,822 [main] INFO  om.OzoneManager (OzoneManager.java:instantiateServices(933)) - S3 Multi-Tenancy is disabled
2025-04-24 14:02:35,823 [main] INFO  om.OmSnapshotManager (OmSnapshotManager.java:<init>(180)) - Ozone filesystem snapshot feature is enabled.
2025-04-24 14:02:35,823 [main] WARN  server.ServerUtils (ServerUtils.java:getDBPath(297)) - ozone.om.snapshot.diff.db.dir is not configured. We recommend adding this setting. Falling back to ozone.metadata.dirs instead.
2025-04-24 14:02:35,836 [main] WARN  server.ServerUtils (ServerUtils.java:getDefaultRatisDirectory(309)) - Storage directory for Ratis is not configured. It is a good idea to map this to an SSD disk. Falling back to ozone.metadata.dirs
2025-04-24 14:02:35,836 [main] INFO  server.RaftServerConfigKeys (ConfUtils.java:logGet(46)) - raft.server.log.appender.buffer.byte-limit = 4194304 (custom)
2025-04-24 14:02:35,837 [main] INFO  ratis.OzoneManagerRatisServer (OzoneManagerRatisServer.java:<init>(167)) - Instantiating OM Ratis server with groupID: om-service-test1 and peers: localhost:15017, localhost:15009, localhost:15013
2025-04-24 14:02:35,837 [main] INFO  ratis.OzoneManagerStateMachine (OzoneManagerStateMachine.java:loadSnapshotInfoFromDB(611)) - LastAppliedIndex is set from TransactionInfo from OM DB as (t:3, i:31)
2025-04-24 14:02:35,838 [main] INFO  server.RaftServer (ConfUtils.java:logGet(46)) - raft.rpc.type = GRPC (default)
2025-04-24 14:02:35,838 [main] INFO  grpc.GrpcConfigKeys (ConfUtils.java:logFallback(53)) - raft.grpc.admin.host = null (fallback to raft.grpc.server.host)
2025-04-24 14:02:35,838 [main] INFO  grpc.GrpcConfigKeys (ConfUtils.java:logFallback(53)) - raft.grpc.admin.port = 15017 (fallback to raft.grpc.server.port)
2025-04-24 14:02:35,838 [main] INFO  grpc.GrpcConfigKeys (ConfUtils.java:logFallback(53)) - raft.grpc.client.host = null (fallback to raft.grpc.server.host)
2025-04-24 14:02:35,838 [main] INFO  grpc.GrpcConfigKeys (ConfUtils.java:logFallback(53)) - raft.grpc.client.port = 15017 (fallback to raft.grpc.server.port)
2025-04-24 14:02:35,839 [main] INFO  grpc.GrpcConfigKeys (ConfUtils.java:logGet(46)) - raft.grpc.server.host = null (default)
2025-04-24 14:02:35,839 [main] INFO  grpc.GrpcConfigKeys (ConfUtils.java:logGet(46)) - raft.grpc.server.port = 15017 (custom)
2025-04-24 14:02:35,839 [main] INFO  server.GrpcService (ConfUtils.java:logGet(46)) - raft.grpc.message.size.max = 5242880 (custom)
2025-04-24 14:02:35,839 [main] INFO  server.GrpcService (ConfUtils.java:logGet(46)) - raft.grpc.flow.control.window = 1MB (=1048576) (default)
2025-04-24 14:02:35,839 [main] INFO  server.RaftServerConfigKeys (ConfUtils.java:logGet(46)) - raft.server.rpc.request.timeout = 3000ms (default)
2025-04-24 14:02:35,839 [main] INFO  grpc.GrpcConfigKeys (ConfUtils.java:logGet(46)) - raft.grpc.server.heartbeat.channel = true (default)
2025-04-24 14:02:35,839 [main] INFO  server.RaftServerConfigKeys (ConfUtils.java:logGet(46)) - raft.server.log.appender.buffer.byte-limit = 4194304 (custom)
2025-04-24 14:02:35,839 [main] INFO  grpc.GrpcConfigKeys (ConfUtils.java:logGet(46)) - raft.grpc.server.async.request.thread.pool.cached = true (default)
2025-04-24 14:02:35,839 [main] INFO  grpc.GrpcConfigKeys (ConfUtils.java:logGet(46)) - raft.grpc.server.async.request.thread.pool.size = 32 (default)
2025-04-24 14:02:35,840 [main] INFO  impl.DataStreamServerImpl (ConfUtils.java:logGet(46)) - raft.datastream.type = DISABLED (default)
2025-04-24 14:02:35,840 [main] INFO  server.RaftServerConfigKeys (ConfUtils.java:logGet(46)) - raft.server.sleep.deviation.threshold = 300ms (default)
2025-04-24 14:02:35,841 [main] INFO  server.RaftServerConfigKeys (ConfUtils.java:logGet(46)) - raft.server.close.threshold = 60s (default)
2025-04-24 14:02:35,841 [main] INFO  server.RaftServerConfigKeys (ConfUtils.java:logGet(46)) - raft.server.leaderelection.leader.step-down.wait-time = 10s (default)
2025-04-24 14:02:35,841 [main] INFO  server.RaftServerConfigKeys (ConfUtils.java:logGet(46)) - raft.server.storage.dir = [/home/runner/work/ozone/ozone/hadoop-ozone/integration-test/target/test-dir/MiniOzoneClusterImpl-4e6105ad-12bc-4f18-9d37-351d73277e17/omNode-3/ratis] (custom)
2025-04-24 14:02:35,841 [main] INFO  server.RaftServerConfigKeys (ConfUtils.java:logGet(46)) - raft.server.threadpool.proxy.cached = true (default)
2025-04-24 14:02:35,841 [main] INFO  server.RaftServerConfigKeys (ConfUtils.java:logGet(46)) - raft.server.threadpool.proxy.size = 0 (default)
2025-04-24 14:02:35,841 [omNode-3-impl-thread1] INFO  server.RaftServer (RaftServerProxy.java:initGroupDir(265)) - omNode-3: found a subdirectory /home/runner/work/ozone/ozone/hadoop-ozone/integration-test/target/test-dir/MiniOzoneClusterImpl-4e6105ad-12bc-4f18-9d37-351d73277e17/omNode-3/ratis/c9bc4cf4-3bc3-3c60-a66b-523986131536
2025-04-24 14:02:35,842 [main] INFO  server.RaftServer (RaftServerProxy.java:addNew(100)) - omNode-3: addNew group-523986131536:[omNode-3|localhost:15017, omNode-1|localhost:15009, omNode-2|localhost:15013] returns group-523986131536:java.util.concurrent.CompletableFuture@b5a0626[Not completed]
2025-04-24 14:02:35,842 [omNode-3-groupManagement] INFO  server.RaftServer$Division (RaftServerImpl.java:<init>(255)) - omNode-3: new RaftServerImpl for group-523986131536:[omNode-3|localhost:15017, omNode-1|localhost:15009, omNode-2|localhost:15013] with OzoneManagerStateMachine:uninitialized
2025-04-24 14:02:35,842 [omNode-3-groupManagement] INFO  server.RaftServerConfigKeys (ConfUtils.java:logGet(46)) - raft.server.rpc.timeout.min = 1s (custom)
2025-04-24 14:02:35,842 [omNode-3-groupManagement] INFO  server.RaftServerConfigKeys (ConfUtils.java:logGet(46)) - raft.server.rpc.timeout.max = 1200ms (custom)
2025-04-24 14:02:35,842 [omNode-3-groupManagement] INFO  server.RaftServerConfigKeys (ConfUtils.java:logGet(46)) - raft.server.rpc.sleep.time = 25ms (default)
2025-04-24 14:02:35,842 [main] INFO  om.OzoneManager (OzoneManager.java:initializeRatisServer(2303)) - OzoneManager Ratis server initialized at port 15017
2025-04-24 14:02:35,842 [main] INFO  ratis.OzoneManagerRatisServer (OzoneManagerRatisServer.java:start(628)) - Starting OzoneManagerRatisServer omNode-3 at port 15017
2025-04-24 14:02:35,842 [omNode-3-groupManagement] INFO  server.RaftServerConfigKeys (ConfUtils.java:logGet(46)) - raft.server.rpc.slowness.timeout = 2s (custom)
2025-04-24 14:02:35,843 [omNode-3-groupManagement] INFO  server.RaftServerConfigKeys (ConfUtils.java:logGet(46)) - raft.server.leaderelection.leader.step-down.wait-time = 10s (default)
2025-04-24 14:02:35,843 [omNode-3-groupManagement] INFO  server.RaftServerConfigKeys (ConfUtils.java:logGet(46)) - raft.server.leaderelection.member.majority-add = false (default)
2025-04-24 14:02:35,843 [omNode-3-groupManagement] INFO  server.RaftServerConfigKeys (ConfUtils.java:logGet(46)) - raft.server.sleep.deviation.threshold = 300ms (default)
2025-04-24 14:02:35,843 [omNode-3-groupManagement] INFO  server.RaftServer$Division (ServerState.java:<init>(114)) - omNode-3@group-523986131536: ConfigurationManager, init=conf: {index: -1, cur=peers:[omNode-3|localhost:15017, omNode-1|localhost:15009, omNode-2|localhost:15013]|listeners:[], old=null}, confs=<EMPTY_MAP>
2025-04-24 14:02:35,843 [omNode-3-groupManagement] INFO  server.RaftServerConfigKeys (ConfUtils.java:logGet(46)) - raft.server.notification.no-leader.timeout = 2s (custom)
2025-04-24 14:02:35,843 [omNode-3-groupManagement] INFO  server.RaftServerConfigKeys (ConfUtils.java:logGet(46)) - raft.server.read.timeout = 10s (default)
2025-04-24 14:02:35,843 [omNode-3-groupManagement] INFO  server.RaftServerConfigKeys (ConfUtils.java:logGet(46)) - raft.server.retrycache.expirytime = 30000ms (custom)
2025-04-24 14:02:35,843 [omNode-3-groupManagement] INFO  server.RaftServerConfigKeys (ConfUtils.java:logGet(46)) - raft.server.retrycache.statistics.expirytime = 100ms (default)
2025-04-24 14:02:35,843 [omNode-3-groupManagement] INFO  server.RaftServerConfigKeys (ConfUtils.java:logGet(46)) - raft.server.read.option = DEFAULT (default)
2025-04-24 14:02:35,843 [omNode-3-groupManagement] INFO  server.RaftServerConfigKeys (ConfUtils.java:logGet(46)) - raft.server.read.read-after-write-consistent.write-index-cache.expiry-time = 60s (default)
2025-04-24 14:02:35,846 [omNode-3-groupManagement] INFO  server.RaftServerConfigKeys (ConfUtils.java:logGet(46)) - raft.server.rpc.request.timeout = 3000ms (default)
2025-04-24 14:02:35,846 [omNode-3-groupManagement] INFO  server.RaftServerConfigKeys (ConfUtils.java:logGet(46)) - raft.server.log.appender.install.snapshot.enabled = false (custom)
2025-04-24 14:02:35,846 [omNode-3-groupManagement] INFO  server.RaftServerConfigKeys (ConfUtils.java:logGet(46)) - raft.server.threadpool.server.cached = true (default)
2025-04-24 14:02:35,846 [omNode-3-groupManagement] INFO  server.RaftServerConfigKeys (ConfUtils.java:logGet(46)) - raft.server.threadpool.server.size = 0 (default)
2025-04-24 14:02:35,846 [omNode-3-groupManagement] INFO  server.RaftServerConfigKeys (ConfUtils.java:logGet(46)) - raft.server.threadpool.client.cached = true (default)
2025-04-24 14:02:35,846 [omNode-3-groupManagement] INFO  server.RaftServerConfigKeys (ConfUtils.java:logGet(46)) - raft.server.threadpool.client.size = 0 (default)
2025-04-24 14:02:35,846 [omNode-3-impl-thread1] INFO  server.RaftServerConfigKeys (ConfUtils.java:logGet(46)) - raft.server.storage.free-space.min = 0MB (=0) (default)
2025-04-24 14:02:35,847 [omNode-3-impl-thread1] INFO  server.RaftServerConfigKeys (ConfUtils.java:logGet(46)) - raft.server.log.corruption.policy = EXCEPTION (default)
2025-04-24 14:02:35,847 [omNode-3-impl-thread1] INFO  server.RaftServerConfigKeys (ConfUtils.java:logGet(46)) - raft.server.storage.dir = [/home/runner/work/ozone/ozone/hadoop-ozone/integration-test/target/test-dir/MiniOzoneClusterImpl-4e6105ad-12bc-4f18-9d37-351d73277e17/omNode-3/ratis] (custom)
2025-04-24 14:02:35,847 [omNode-3-impl-thread1] INFO  storage.RaftStorageDirectory (RaftStorageDirectoryImpl.java:tryLock(229)) - Lock on /home/runner/work/ozone/ozone/hadoop-ozone/integration-test/target/test-dir/MiniOzoneClusterImpl-4e6105ad-12bc-4f18-9d37-351d73277e17/omNode-3/ratis/c9bc4cf4-3bc3-3c60-a66b-523986131536/in_use.lock acquired by nodename 129728@fv-az2210-761
2025-04-24 14:02:35,848 [omNode-3-impl-thread1] INFO  storage.RaftStorage (RaftStorageImpl.java:analyzeAndRecoverStorage(118)) - Read RaftStorageMetadata{term=3, votedFor=omNode-3} from /home/runner/work/ozone/ozone/hadoop-ozone/integration-test/target/test-dir/MiniOzoneClusterImpl-4e6105ad-12bc-4f18-9d37-351d73277e17/omNode-3/ratis/c9bc4cf4-3bc3-3c60-a66b-523986131536/current/raft-meta
2025-04-24 14:02:35,848 [omNode-3-impl-thread1] INFO  server.RaftServer$Division (ServerState.java:setRaftConf(386)) - omNode-3@group-523986131536: set configuration conf: {index: 30, cur=peers:[omNode-3|localhost:15017, omNode-1|localhost:15009, omNode-2|localhost:15013]|listeners:[], old=null}
2025-04-24 14:02:35,848 [omNode-3-impl-thread1] INFO  ratis.OzoneManagerStateMachine (OzoneManagerStateMachine.java:lambda$0(138)) - omNode-3: initialize group-523986131536 with (t:3, i:31)
2025-04-24 14:02:35,848 [omNode-3-impl-thread1] INFO  server.RaftServerConfigKeys (ConfUtils.java:logGet(46)) - raft.server.log.use.memory = false (default)
2025-04-24 14:02:35,848 [omNode-3-impl-thread1] INFO  server.RaftServerConfigKeys (ConfUtils.java:logGet(46)) - raft.server.log.purge.gap = 50 (custom)
2025-04-24 14:02:35,848 [omNode-3-impl-thread1] INFO  server.RaftServerConfigKeys (ConfUtils.java:logGet(46)) - raft.server.log.appender.buffer.byte-limit = 4194304 (custom)
2025-04-24 14:02:35,848 [omNode-3-impl-thread1] INFO  server.RaftServerConfigKeys (ConfUtils.java:logGet(46)) - raft.server.log.statemachine.data.read.timeout = 1000ms (default)
2025-04-24 14:02:35,848 [omNode-3-impl-thread1] INFO  server.RaftServerConfigKeys (ConfUtils.java:logGet(46)) - raft.server.log.purge.preservation.log.num = 0 (default)
2025-04-24 14:02:35,849 [omNode-3-impl-thread1] INFO  server.RaftServerConfigKeys (ConfUtils.java:logGet(46)) - raft.server.log.segment.size.max = 4194304 (custom)
2025-04-24 14:02:35,849 [omNode-3-impl-thread1] INFO  server.RaftServerConfigKeys (ConfUtils.java:logGet(46)) - raft.server.log.segment.cache.num.max = 2 (custom)
2025-04-24 14:02:35,850 [omNode-3-impl-thread1] INFO  server.RaftServerConfigKeys (ConfUtils.java:logGet(46)) - raft.server.log.segment.cache.size.max = 200MB (=209715200) (default)
2025-04-24 14:02:35,850 [omNode-3-impl-thread1] INFO  server.RaftServerConfigKeys (ConfUtils.java:logGet(46)) - raft.server.log.appender.buffer.byte-limit = 4194304 (custom)
2025-04-24 14:02:35,850 [omNode-3-impl-thread1] INFO  util.AwaitToRun (AwaitToRun.java:start(81)) - Thread[#1819,omNode-3@group-523986131536-cacheEviction-AwaitToRun,5,main] started
2025-04-24 14:02:35,850 [omNode-3-impl-thread1] INFO  segmented.SegmentedRaftLogWorker (SegmentedRaftLogWorker.java:<init>(188)) - new omNode-3@group-523986131536-SegmentedRaftLogWorker for RaftStorageImpl:Storage Directory /home/runner/work/ozone/ozone/hadoop-ozone/integration-test/target/test-dir/MiniOzoneClusterImpl-4e6105ad-12bc-4f18-9d37-351d73277e17/omNode-3/ratis/c9bc4cf4-3bc3-3c60-a66b-523986131536
2025-04-24 14:02:35,850 [omNode-3-impl-thread1] INFO  server.RaftServerConfigKeys (ConfUtils.java:logGet(46)) - raft.server.log.queue.byte-limit = 64MB (=67108864) (default)
2025-04-24 14:02:35,850 [omNode-3-impl-thread1] INFO  server.RaftServerConfigKeys (ConfUtils.java:logGet(46)) - raft.server.log.queue.element-limit = 4096 (default)
2025-04-24 14:02:35,850 [omNode-3-impl-thread1] INFO  server.RaftServerConfigKeys (ConfUtils.java:logGet(46)) - raft.server.log.segment.size.max = 4194304 (custom)
2025-04-24 14:02:35,850 [omNode-3-impl-thread1] INFO  server.RaftServerConfigKeys (ConfUtils.java:logGet(46)) - raft.server.log.preallocated.size = 4194304 (custom)
2025-04-24 14:02:35,850 [omNode-3-impl-thread1] INFO  server.RaftServerConfigKeys (ConfUtils.java:logGet(46)) - raft.server.log.force.sync.num = 128 (default)
2025-04-24 14:02:35,850 [omNode-3-impl-thread1] INFO  server.RaftServerConfigKeys (ConfUtils.java:logGet(46)) - raft.server.log.statemachine.data.sync = true (default)
2025-04-24 14:02:35,850 [omNode-3-impl-thread1] INFO  server.RaftServerConfigKeys (ConfUtils.java:logGet(46)) - raft.server.log.statemachine.data.sync.timeout = 10s (default)
2025-04-24 14:02:35,850 [omNode-3-impl-thread1] INFO  server.RaftServerConfigKeys (ConfUtils.java:logGet(46)) - raft.server.log.statemachine.data.sync.timeout.retry = -1 (default)
2025-04-24 14:02:35,851 [omNode-3-impl-thread1] INFO  server.RaftServerConfigKeys (ConfUtils.java:logGet(46)) - raft.server.log.write.buffer.size = 4194312 (custom)
2025-04-24 14:02:35,851 [omNode-3-impl-thread1] INFO  server.RaftServerConfigKeys (ConfUtils.java:logGet(46)) - raft.server.log.appender.buffer.byte-limit = 4194304 (custom)
2025-04-24 14:02:35,851 [omNode-3-impl-thread1] INFO  server.RaftServerConfigKeys (ConfUtils.java:logGet(46)) - raft.server.log.unsafe-flush.enabled = false (default)
2025-04-24 14:02:35,851 [omNode-3-impl-thread1] INFO  server.RaftServerConfigKeys (ConfUtils.java:logGet(46)) - raft.server.log.async-flush.enabled = false (default)
2025-04-24 14:02:35,851 [omNode-3-impl-thread1] INFO  server.RaftServerConfigKeys (ConfUtils.java:logGet(46)) - raft.server.log.statemachine.data.caching.enabled = false (default)
2025-04-24 14:02:35,852 [omNode-3-impl-thread1] INFO  server.RaftServer$Division (ServerState.java:setRaftConf(386)) - omNode-3@group-523986131536: set configuration conf: {index: 0, cur=peers:[omNode-3|localhost:15017, omNode-1|localhost:15009, omNode-2|localhost:15013]|listeners:[], old=null}
2025-04-24 14:02:35,853 [omNode-3-impl-thread1] INFO  segmented.LogSegment (LogSegment.java:loadSegment(171)) - Successfully read 21 entries from segment file /home/runner/work/ozone/ozone/hadoop-ozone/integration-test/target/test-dir/MiniOzoneClusterImpl-4e6105ad-12bc-4f18-9d37-351d73277e17/omNode-3/ratis/c9bc4cf4-3bc3-3c60-a66b-523986131536/current/log_0-20
2025-04-24 14:02:35,853 [omNode-3-impl-thread1] INFO  server.RaftServer$Division (ServerState.java:setRaftConf(386)) - omNode-3@group-523986131536: set configuration conf: {index: 21, cur=peers:[omNode-3|localhost:15017, omNode-1|localhost:15009, omNode-2|localhost:15013]|listeners:[], old=null}
2025-04-24 14:02:35,854 [omNode-3-impl-thread1] INFO  segmented.LogSegment (LogSegment.java:loadSegment(171)) - Successfully read 9 entries from segment file /home/runner/work/ozone/ozone/hadoop-ozone/integration-test/target/test-dir/MiniOzoneClusterImpl-4e6105ad-12bc-4f18-9d37-351d73277e17/omNode-3/ratis/c9bc4cf4-3bc3-3c60-a66b-523986131536/current/log_21-29
2025-04-24 14:02:35,854 [omNode-3-impl-thread1] INFO  server.RaftServer$Division (ServerState.java:setRaftConf(386)) - omNode-3@group-523986131536: set configuration conf: {index: 30, cur=peers:[omNode-3|localhost:15017, omNode-1|localhost:15009, omNode-2|localhost:15013]|listeners:[], old=null}
2025-04-24 14:02:35,854 [omNode-3-impl-thread1] INFO  segmented.LogSegment (LogSegment.java:loadSegment(171)) - Successfully read 2 entries from segment file /home/runner/work/ozone/ozone/hadoop-ozone/integration-test/target/test-dir/MiniOzoneClusterImpl-4e6105ad-12bc-4f18-9d37-351d73277e17/omNode-3/ratis/c9bc4cf4-3bc3-3c60-a66b-523986131536/current/log_inprogress_30
2025-04-24 14:02:35,854 [omNode-3-impl-thread1] INFO  segmented.SegmentedRaftLogWorker (SegmentedRaftLogWorker.java:lambda$new$0(139)) - omNode-3@group-523986131536-SegmentedRaftLogWorker: flushIndex: setUnconditionally 0 -> 31
2025-04-24 14:02:35,854 [omNode-3-impl-thread1] INFO  segmented.SegmentedRaftLogWorker (SegmentedRaftLogWorker.java:lambda$new$0(139)) - omNode-3@group-523986131536-SegmentedRaftLogWorker: safeCacheEvictIndex: setUnconditionally 0 -> 29
2025-04-24 14:02:35,854 [omNode-3-impl-thread1] INFO  segmented.BufferedWriteChannel (BufferedWriteChannel.java:open(61)) - open log_inprogress_30 (append) at position 125
2025-04-24 14:02:35,855 [omNode-3-impl-thread1] INFO  server.RaftServer$Division (RaftServerImpl.java:start(391)) - omNode-3@group-523986131536: start as a follower, conf=conf: {index: 30, cur=peers:[omNode-3|localhost:15017, omNode-1|localhost:15009, omNode-2|localhost:15013]|listeners:[], old=null}
2025-04-24 14:02:35,855 [omNode-3-impl-thread1] INFO  server.RaftServer$Division (RaftServerImpl.java:setRole(378)) - omNode-3@group-523986131536: changes role from      null to FOLLOWER at term 3 for startAsFollower
2025-04-24 14:02:35,855 [omNode-3-impl-thread1] INFO  impl.RoleInfo (RoleInfo.java:updateAndGet(148)) - omNode-3: start omNode-3@group-523986131536-FollowerState
2025-04-24 14:02:35,855 [omNode-3-impl-thread1] INFO  util.JmxRegister (JmxRegister.java:tryRegister(44)) - Successfully registered JMX Bean with object name Ratis:service=RaftServer,group=group-523986131536,id=omNode-3
2025-04-24 14:02:35,856 [omNode-3@group-523986131536-FollowerState] INFO  server.RaftServerConfigKeys (ConfUtils.java:logFallback(53)) - raft.server.rpc.first-election.timeout.min = 1s (fallback to raft.server.rpc.timeout.min)
2025-04-24 14:02:35,856 [omNode-3-impl-thread1] INFO  util.JmxRegister (JmxRegister.java:register(58)) - register mxBean class org.apache.ratis.server.impl.RaftServerJmxAdapter as Ratis:service=RaftServer,group=group-523986131536,id=omNode-3
2025-04-24 14:02:35,856 [omNode-3-impl-thread1] INFO  server.RaftServerConfigKeys (ConfUtils.java:logGet(46)) - raft.server.snapshot.trigger-when-stop.enabled = true (default)
2025-04-24 14:02:35,856 [omNode-3@group-523986131536-FollowerState] INFO  server.RaftServerConfigKeys (ConfUtils.java:logFallback(53)) - raft.server.rpc.first-election.timeout.max = 1200ms (fallback to raft.server.rpc.timeout.max)
2025-04-24 14:02:35,857 [omNode-3-impl-thread1] INFO  server.RaftServerConfigKeys (ConfUtils.java:logGet(46)) - raft.server.snapshot.trigger-when-remove.enabled = true (default)
2025-04-24 14:02:35,857 [omNode-3-impl-thread1] INFO  server.RaftServerConfigKeys (ConfUtils.java:logGet(46)) - raft.server.snapshot.auto.trigger.enabled = true (custom)
2025-04-24 14:02:35,857 [omNode-3-impl-thread1] INFO  server.RaftServerConfigKeys (ConfUtils.java:logGet(46)) - raft.server.snapshot.auto.trigger.threshold = 50 (custom)
2025-04-24 14:02:35,857 [omNode-3-impl-thread1] INFO  server.RaftServerConfigKeys (ConfUtils.java:logGet(46)) - raft.server.snapshot.retention.file.num = -1 (default)
2025-04-24 14:02:35,857 [omNode-3-impl-thread1] INFO  server.RaftServerConfigKeys (ConfUtils.java:logGet(46)) - raft.server.log.purge.upto.snapshot.index = true (custom)
2025-04-24 14:02:35,858 [omNode-3-impl-thread1] INFO  server.RaftServer$Division (RaftServerImpl.java:start(405)) - omNode-3@group-523986131536: Successfully started.
2025-04-24 14:02:35,858 [main] INFO  server.RaftServer (RaftServerProxy.java:startImpl(407)) - omNode-3: start RPC server
2025-04-24 14:02:35,859 [main] INFO  server.GrpcService (GrpcService.java:startImpl(334)) - omNode-3: GrpcService started, listening on 15017
2025-04-24 14:02:35,860 [JvmPauseMonitor11] INFO  util.JvmPauseMonitor (JvmPauseMonitor.java:run(146)) - JvmPauseMonitor-omNode-3: Started
2025-04-24 14:02:35,860 [main] INFO  om.OzoneManager (OzoneManager.java:getRpcServer(1360)) - Creating RPC Server
2025-04-24 14:02:36,257 [main] INFO  reflections.Reflections (Reflections.java:scan(219)) - Reflections took 396 ms to scan 22 urls, producing 61 keys and 7423 values
2025-04-24 14:02:36,259 [main] INFO  ipc.CallQueueManager (CallQueueManager.java:<init>(93)) - Using callQueue: class java.util.concurrent.LinkedBlockingQueue, queueCapacity: 2000, scheduler: class org.apache.hadoop.ipc.DefaultRpcScheduler, ipcBackoff: false, ipcFailOver: false.
2025-04-24 14:02:36,260 [main] INFO  ipc.Server (Server.java:<init>(1438)) - Listener at localhost:15014
2025-04-24 14:02:36,260 [Socket Reader #1 for port 15014] INFO  ipc.Server (Server.java:run(1474)) - Starting Socket Reader #1 for port 15014
2025-04-24 14:02:36,260 [Socket Reader #2 for port 15014] INFO  ipc.Server (Server.java:run(1474)) - Starting Socket Reader #2 for port 15014
2025-04-24 14:02:36,260 [Socket Reader #3 for port 15014] INFO  ipc.Server (Server.java:run(1474)) - Starting Socket Reader #3 for port 15014
2025-04-24 14:02:36,261 [Socket Reader #4 for port 15014] INFO  ipc.Server (Server.java:run(1474)) - Starting Socket Reader #4 for port 15014
2025-04-24 14:02:36,261 [Socket Reader #5 for port 15014] INFO  ipc.Server (Server.java:run(1474)) - Starting Socket Reader #5 for port 15014
2025-04-24 14:02:36,261 [Socket Reader #6 for port 15014] INFO  ipc.Server (Server.java:run(1474)) - Starting Socket Reader #6 for port 15014
2025-04-24 14:02:36,261 [Socket Reader #7 for port 15014] INFO  ipc.Server (Server.java:run(1474)) - Starting Socket Reader #7 for port 15014
2025-04-24 14:02:36,261 [Socket Reader #8 for port 15014] INFO  ipc.Server (Server.java:run(1474)) - Starting Socket Reader #8 for port 15014
2025-04-24 14:02:36,262 [Socket Reader #9 for port 15014] INFO  ipc.Server (Server.java:run(1474)) - Starting Socket Reader #9 for port 15014
2025-04-24 14:02:36,262 [Socket Reader #10 for port 15014] INFO  ipc.Server (Server.java:run(1474)) - Starting Socket Reader #10 for port 15014
2025-04-24 14:02:36,263 [main] INFO  http.BaseHttpServer (BaseHttpServer.java:newHttpServer2BuilderForOzone(229)) - Starting Web-server for ozoneManager at: http://0.0.0.0:15015
2025-04-24 14:02:36,263 [main] INFO  http.BaseHttpServer (BaseHttpServer.java:<init>(107)) - Hadoop Security Enabled: false Ozone Security Enabled: false Ozone HTTP Security Enabled: false 
2025-04-24 14:02:36,265 [main] WARN  server.AuthenticationFilter (AuthenticationFilter.java:constructSecretProvider(240)) - Unable to initialize FileSignerSecretProvider, falling back to use random secrets. Reason: Could not read signature secret file: /home/runner/hadoop-http-auth-signature-secret
2025-04-24 14:02:36,267 [main] INFO  http.HttpServer2 (HttpServer2.java:addGlobalFilter(1041)) - Added global filter 'safety' (class=org.apache.hadoop.hdds.server.http.HttpServer2$QuotingInputFilter)
2025-04-24 14:02:36,267 [main] INFO  http.HttpServer2 (HttpServer2.java:addFilter(1017)) - Added filter static_user_filter (class=org.apache.hadoop.http.lib.StaticUserWebFilter$StaticUserFilter) to context ozoneManager
2025-04-24 14:02:36,267 [main] INFO  http.HttpServer2 (HttpServer2.java:addFilter(1025)) - Added filter static_user_filter (class=org.apache.hadoop.http.lib.StaticUserWebFilter$StaticUserFilter) to context logs
2025-04-24 14:02:36,267 [main] INFO  http.HttpServer2 (HttpServer2.java:addFilter(1025)) - Added filter static_user_filter (class=org.apache.hadoop.http.lib.StaticUserWebFilter$StaticUserFilter) to context static
2025-04-24 14:02:36,268 [main] INFO  http.BaseHttpServer (BaseHttpServer.java:<init>(195)) - HTTP server of ozoneManager uses base directory /home/runner/work/ozone/ozone/hadoop-ozone/integration-test/target/test-dir/MiniOzoneClusterImpl-4e6105ad-12bc-4f18-9d37-351d73277e17/omNode-3/webserver
2025-04-24 14:02:36,268 [main] INFO  http.HttpServer2 (HttpServer2.java:bindListener(1241)) - Jetty bound to port 15015
2025-04-24 14:02:36,268 [main] INFO  server.Server (Server.java:doStart(375)) - jetty-9.4.57.v20241219; built: 2025-01-08T21:24:30.412Z; git: df524e6b29271c2e09ba9aea83c18dc9db464a31; jvm 21.0.7+6-LTS
2025-04-24 14:02:36,269 [main] INFO  server.session (DefaultSessionIdManager.java:doStart(334)) - DefaultSessionIdManager workerName=node0
2025-04-24 14:02:36,270 [main] INFO  server.session (DefaultSessionIdManager.java:doStart(339)) - No SessionScavenger set, using defaults
2025-04-24 14:02:36,270 [main] INFO  server.session (HouseKeeper.java:startScavenging(132)) - node0 Scavenging every 660000ms
2025-04-24 14:02:36,270 [main] INFO  handler.ContextHandler (ContextHandler.java:doStart(921)) - Started o.e.j.s.ServletContextHandler@5feede1f{logs,/logs,file:///home/runner/work/ozone/ozone/hadoop-ozone/integration-test/target/log,AVAILABLE}
2025-04-24 14:02:36,270 [main] INFO  handler.ContextHandler (ContextHandler.java:doStart(921)) - Started o.e.j.s.ServletContextHandler@26e661ca{static,/static,file:///home/runner/work/ozone/ozone/hadoop-ozone/integration-test/target/test-classes/webapps/static,AVAILABLE}
2025-04-24 14:02:36,275 [main] INFO  handler.ContextHandler (ContextHandler.java:doStart(921)) - Started o.e.j.w.WebAppContext@1dae4cd{ozoneManager,/,file:///home/runner/work/ozone/ozone/hadoop-ozone/integration-test/target/test-classes/webapps/ozoneManager/,AVAILABLE}{file:/home/runner/work/ozone/ozone/hadoop-ozone/integration-test/target/test-classes/webapps/ozoneManager}
2025-04-24 14:02:36,276 [main] INFO  server.AbstractConnector (AbstractConnector.java:doStart(333)) - Started ServerConnector@1d0ad1e3{HTTP/1.1, (http/1.1)}{0.0.0.0:15015}
2025-04-24 14:02:36,276 [main] INFO  server.Server (Server.java:doStart(415)) - Started @37608ms
2025-04-24 14:02:36,276 [main] WARN  impl.MetricsSystemImpl (MetricsSystemImpl.java:register(279)) - Sink prometheus already exists!
2025-04-24 14:02:36,276 [main] INFO  http.BaseHttpServer (BaseHttpServer.java:updateConnectorAddress(360)) - HTTP server of ozoneManager listening at http://0.0.0.0:15015
2025-04-24 14:02:36,276 [IPC Server Responder] INFO  ipc.Server (Server.java:run(1713)) - IPC Server Responder: starting
2025-04-24 14:02:36,277 [IPC Server listener on 15014] INFO  ipc.Server (Server.java:run(1553)) - IPC Server listener on 15014: starting
2025-04-24 14:02:36,278 [main] INFO  om.OzoneManager (OzoneManager.java:startTrashEmptier(2257)) - Trash Interval set to 0. Files deleted won't move to trash
2025-04-24 14:02:36,279 [main] INFO  om.OzoneManager (OzoneManager.java:restart(1878)) - OzoneManager RPC server is listening at localhost/127.0.0.1:15006
2025-04-24 14:02:36,279 [main] INFO  impl.MetricsSystemImpl (MetricsSystemImpl.java:init(158)) - OzoneManager metrics system started (again)
2025-04-24 14:02:36,290 [main] WARN  server.ServerUtils (ServerUtils.java:getDBPath(297)) - ozone.om.db.dirs is not configured. We recommend adding this setting. Falling back to ozone.metadata.dirs instead.
2025-04-24 14:02:36,332 [main] INFO  om.OzoneManager (OzoneManager.java:instantiateServices(933)) - S3 Multi-Tenancy is disabled
2025-04-24 14:02:36,332 [main] INFO  om.OmSnapshotManager (OmSnapshotManager.java:<init>(180)) - Ozone filesystem snapshot feature is enabled.
2025-04-24 14:02:36,332 [main] WARN  server.ServerUtils (ServerUtils.java:getDBPath(297)) - ozone.om.snapshot.diff.db.dir is not configured. We recommend adding this setting. Falling back to ozone.metadata.dirs instead.
2025-04-24 14:02:36,345 [main] WARN  dropwizard3.Dm3MetricRegistriesImpl (Dm3MetricRegistriesImpl.java:addReporterRegistration(114)) - New reporters are added after registries were created. Some metrics will be missing from the reporter. Please add reporter before adding any new registry.
2025-04-24 14:02:36,346 [main] WARN  dropwizard3.Dm3MetricRegistriesImpl (Dm3MetricRegistriesImpl.java:addReporterRegistration(114)) - New reporters are added after registries were created. Some metrics will be missing from the reporter. Please add reporter before adding any new registry.
2025-04-24 14:02:36,346 [main] WARN  server.ServerUtils (ServerUtils.java:getDefaultRatisDirectory(309)) - Storage directory for Ratis is not configured. It is a good idea to map this to an SSD disk. Falling back to ozone.metadata.dirs
2025-04-24 14:02:36,346 [main] INFO  server.RaftServerConfigKeys (ConfUtils.java:logGet(46)) - raft.server.log.appender.buffer.byte-limit = 4194304 (custom)
2025-04-24 14:02:36,347 [main] INFO  ratis.OzoneManagerRatisServer (OzoneManagerRatisServer.java:<init>(167)) - Instantiating OM Ratis server with groupID: om-service-test1 and peers: localhost:15009, localhost:15017, localhost:15013
2025-04-24 14:02:36,348 [main] INFO  ratis.OzoneManagerStateMachine (OzoneManagerStateMachine.java:loadSnapshotInfoFromDB(611)) - LastAppliedIndex is set from TransactionInfo from OM DB as (t:3, i:30)
2025-04-24 14:02:36,348 [main] INFO  server.RaftServer (ConfUtils.java:logGet(46)) - raft.rpc.type = GRPC (default)
2025-04-24 14:02:36,348 [main] INFO  grpc.GrpcConfigKeys (ConfUtils.java:logFallback(53)) - raft.grpc.admin.host = null (fallback to raft.grpc.server.host)
2025-04-24 14:02:36,348 [main] INFO  grpc.GrpcConfigKeys (ConfUtils.java:logFallback(53)) - raft.grpc.admin.port = 15009 (fallback to raft.grpc.server.port)
2025-04-24 14:02:36,349 [main] INFO  grpc.GrpcConfigKeys (ConfUtils.java:logFallback(53)) - raft.grpc.client.host = null (fallback to raft.grpc.server.host)
2025-04-24 14:02:36,349 [main] INFO  grpc.GrpcConfigKeys (ConfUtils.java:logFallback(53)) - raft.grpc.client.port = 15009 (fallback to raft.grpc.server.port)
2025-04-24 14:02:36,349 [main] INFO  grpc.GrpcConfigKeys (ConfUtils.java:logGet(46)) - raft.grpc.server.host = null (default)
2025-04-24 14:02:36,349 [main] INFO  grpc.GrpcConfigKeys (ConfUtils.java:logGet(46)) - raft.grpc.server.port = 15009 (custom)
2025-04-24 14:02:36,349 [main] INFO  server.GrpcService (ConfUtils.java:logGet(46)) - raft.grpc.message.size.max = 5242880 (custom)
2025-04-24 14:02:36,349 [main] INFO  server.GrpcService (ConfUtils.java:logGet(46)) - raft.grpc.flow.control.window = 1MB (=1048576) (default)
2025-04-24 14:02:36,349 [main] INFO  server.RaftServerConfigKeys (ConfUtils.java:logGet(46)) - raft.server.rpc.request.timeout = 3000ms (default)
2025-04-24 14:02:36,349 [main] INFO  grpc.GrpcConfigKeys (ConfUtils.java:logGet(46)) - raft.grpc.server.heartbeat.channel = true (default)
2025-04-24 14:02:36,349 [main] INFO  server.RaftServerConfigKeys (ConfUtils.java:logGet(46)) - raft.server.log.appender.buffer.byte-limit = 4194304 (custom)
2025-04-24 14:02:36,350 [main] INFO  grpc.GrpcConfigKeys (ConfUtils.java:logGet(46)) - raft.grpc.server.async.request.thread.pool.cached = true (default)
2025-04-24 14:02:36,350 [main] INFO  grpc.GrpcConfigKeys (ConfUtils.java:logGet(46)) - raft.grpc.server.async.request.thread.pool.size = 32 (default)
2025-04-24 14:02:36,351 [main] INFO  impl.DataStreamServerImpl (ConfUtils.java:logGet(46)) - raft.datastream.type = DISABLED (default)
2025-04-24 14:02:36,351 [main] INFO  server.RaftServerConfigKeys (ConfUtils.java:logGet(46)) - raft.server.sleep.deviation.threshold = 300ms (default)
2025-04-24 14:02:36,351 [main] INFO  server.RaftServerConfigKeys (ConfUtils.java:logGet(46)) - raft.server.close.threshold = 60s (default)
2025-04-24 14:02:36,351 [main] INFO  server.RaftServerConfigKeys (ConfUtils.java:logGet(46)) - raft.server.leaderelection.leader.step-down.wait-time = 10s (default)
2025-04-24 14:02:36,351 [main] INFO  server.RaftServerConfigKeys (ConfUtils.java:logGet(46)) - raft.server.storage.dir = [/home/runner/work/ozone/ozone/hadoop-ozone/integration-test/target/test-dir/MiniOzoneClusterImpl-4e6105ad-12bc-4f18-9d37-351d73277e17/omNode-1/ratis] (custom)
2025-04-24 14:02:36,351 [main] INFO  server.RaftServerConfigKeys (ConfUtils.java:logGet(46)) - raft.server.threadpool.proxy.cached = true (default)
2025-04-24 14:02:36,351 [main] INFO  server.RaftServerConfigKeys (ConfUtils.java:logGet(46)) - raft.server.threadpool.proxy.size = 0 (default)
2025-04-24 14:02:36,352 [omNode-1-impl-thread1] INFO  server.RaftServer (RaftServerProxy.java:initGroupDir(265)) - omNode-1: found a subdirectory /home/runner/work/ozone/ozone/hadoop-ozone/integration-test/target/test-dir/MiniOzoneClusterImpl-4e6105ad-12bc-4f18-9d37-351d73277e17/omNode-1/ratis/c9bc4cf4-3bc3-3c60-a66b-523986131536
2025-04-24 14:02:36,352 [main] INFO  server.RaftServer (RaftServerProxy.java:addNew(100)) - omNode-1: addNew group-523986131536:[omNode-3|localhost:15017, omNode-1|localhost:15009, omNode-2|localhost:15013] returns group-523986131536:java.util.concurrent.CompletableFuture@3e827f3[Not completed]
2025-04-24 14:02:36,352 [omNode-1-groupManagement] INFO  server.RaftServer$Division (RaftServerImpl.java:<init>(255)) - omNode-1: new RaftServerImpl for group-523986131536:[omNode-3|localhost:15017, omNode-1|localhost:15009, omNode-2|localhost:15013] with OzoneManagerStateMachine:uninitialized
2025-04-24 14:02:36,352 [main] INFO  om.OzoneManager (OzoneManager.java:initializeRatisServer(2303)) - OzoneManager Ratis server initialized at port 15009
2025-04-24 14:02:36,352 [main] INFO  ratis.OzoneManagerRatisServer (OzoneManagerRatisServer.java:start(628)) - Starting OzoneManagerRatisServer omNode-1 at port 15009
2025-04-24 14:02:36,352 [omNode-1-groupManagement] INFO  server.RaftServerConfigKeys (ConfUtils.java:logGet(46)) - raft.server.rpc.timeout.min = 1s (custom)
2025-04-24 14:02:36,353 [omNode-1-groupManagement] INFO  server.RaftServerConfigKeys (ConfUtils.java:logGet(46)) - raft.server.rpc.timeout.max = 1200ms (custom)
2025-04-24 14:02:36,353 [omNode-1-groupManagement] INFO  server.RaftServerConfigKeys (ConfUtils.java:logGet(46)) - raft.server.rpc.sleep.time = 25ms (default)
2025-04-24 14:02:36,353 [omNode-1-groupManagement] INFO  server.RaftServerConfigKeys (ConfUtils.java:logGet(46)) - raft.server.rpc.slowness.timeout = 2s (custom)
2025-04-24 14:02:36,353 [omNode-1-groupManagement] INFO  server.RaftServerConfigKeys (ConfUtils.java:logGet(46)) - raft.server.leaderelection.leader.step-down.wait-time = 10s (default)
2025-04-24 14:02:36,353 [omNode-1-groupManagement] INFO  server.RaftServerConfigKeys (ConfUtils.java:logGet(46)) - raft.server.leaderelection.member.majority-add = false (default)
2025-04-24 14:02:36,353 [omNode-1-groupManagement] INFO  server.RaftServerConfigKeys (ConfUtils.java:logGet(46)) - raft.server.sleep.deviation.threshold = 300ms (default)
2025-04-24 14:02:36,353 [omNode-1-groupManagement] INFO  server.RaftServer$Division (ServerState.java:<init>(114)) - omNode-1@group-523986131536: ConfigurationManager, init=conf: {index: -1, cur=peers:[omNode-3|localhost:15017, omNode-1|localhost:15009, omNode-2|localhost:15013]|listeners:[], old=null}, confs=<EMPTY_MAP>
2025-04-24 14:02:36,353 [omNode-1-groupManagement] INFO  server.RaftServerConfigKeys (ConfUtils.java:logGet(46)) - raft.server.notification.no-leader.timeout = 2s (custom)
2025-04-24 14:02:36,353 [omNode-1-groupManagement] INFO  server.RaftServerConfigKeys (ConfUtils.java:logGet(46)) - raft.server.read.timeout = 10s (default)
2025-04-24 14:02:36,353 [omNode-1-groupManagement] INFO  server.RaftServerConfigKeys (ConfUtils.java:logGet(46)) - raft.server.retrycache.expirytime = 30000ms (custom)
2025-04-24 14:02:36,353 [omNode-1-groupManagement] INFO  server.RaftServerConfigKeys (ConfUtils.java:logGet(46)) - raft.server.retrycache.statistics.expirytime = 100ms (default)
2025-04-24 14:02:36,353 [omNode-1-groupManagement] INFO  server.RaftServerConfigKeys (ConfUtils.java:logGet(46)) - raft.server.read.option = DEFAULT (default)
2025-04-24 14:02:36,353 [omNode-1-groupManagement] INFO  server.RaftServerConfigKeys (ConfUtils.java:logGet(46)) - raft.server.read.read-after-write-consistent.write-index-cache.expiry-time = 60s (default)
2025-04-24 14:02:36,356 [omNode-1-groupManagement] INFO  server.RaftServerConfigKeys (ConfUtils.java:logGet(46)) - raft.server.rpc.request.timeout = 3000ms (default)
2025-04-24 14:02:36,356 [omNode-1-groupManagement] INFO  server.RaftServerConfigKeys (ConfUtils.java:logGet(46)) - raft.server.log.appender.install.snapshot.enabled = false (custom)
2025-04-24 14:02:36,356 [omNode-1-groupManagement] INFO  server.RaftServerConfigKeys (ConfUtils.java:logGet(46)) - raft.server.threadpool.server.cached = true (default)
2025-04-24 14:02:36,356 [omNode-1-groupManagement] INFO  server.RaftServerConfigKeys (ConfUtils.java:logGet(46)) - raft.server.threadpool.server.size = 0 (default)
2025-04-24 14:02:36,356 [omNode-1-groupManagement] INFO  server.RaftServerConfigKeys (ConfUtils.java:logGet(46)) - raft.server.threadpool.client.cached = true (default)
2025-04-24 14:02:36,356 [omNode-1-groupManagement] INFO  server.RaftServerConfigKeys (ConfUtils.java:logGet(46)) - raft.server.threadpool.client.size = 0 (default)
2025-04-24 14:02:36,356 [omNode-1-impl-thread1] INFO  server.RaftServerConfigKeys (ConfUtils.java:logGet(46)) - raft.server.storage.free-space.min = 0MB (=0) (default)
2025-04-24 14:02:36,356 [omNode-1-impl-thread1] INFO  server.RaftServerConfigKeys (ConfUtils.java:logGet(46)) - raft.server.log.corruption.policy = EXCEPTION (default)
2025-04-24 14:02:36,357 [omNode-1-impl-thread1] INFO  server.RaftServerConfigKeys (ConfUtils.java:logGet(46)) - raft.server.storage.dir = [/home/runner/work/ozone/ozone/hadoop-ozone/integration-test/target/test-dir/MiniOzoneClusterImpl-4e6105ad-12bc-4f18-9d37-351d73277e17/omNode-1/ratis] (custom)
2025-04-24 14:02:36,357 [omNode-1-impl-thread1] INFO  storage.RaftStorageDirectory (RaftStorageDirectoryImpl.java:tryLock(229)) - Lock on /home/runner/work/ozone/ozone/hadoop-ozone/integration-test/target/test-dir/MiniOzoneClusterImpl-4e6105ad-12bc-4f18-9d37-351d73277e17/omNode-1/ratis/c9bc4cf4-3bc3-3c60-a66b-523986131536/in_use.lock acquired by nodename 129728@fv-az2210-761
2025-04-24 14:02:36,358 [omNode-1-impl-thread1] INFO  storage.RaftStorage (RaftStorageImpl.java:analyzeAndRecoverStorage(118)) - Read RaftStorageMetadata{term=3, votedFor=omNode-3} from /home/runner/work/ozone/ozone/hadoop-ozone/integration-test/target/test-dir/MiniOzoneClusterImpl-4e6105ad-12bc-4f18-9d37-351d73277e17/omNode-1/ratis/c9bc4cf4-3bc3-3c60-a66b-523986131536/current/raft-meta
2025-04-24 14:02:36,358 [omNode-1-impl-thread1] INFO  server.RaftServer$Division (ServerState.java:setRaftConf(386)) - omNode-1@group-523986131536: set configuration conf: {index: 30, cur=peers:[omNode-3|localhost:15017, omNode-1|localhost:15009, omNode-2|localhost:15013]|listeners:[], old=null}
2025-04-24 14:02:36,358 [omNode-1-impl-thread1] INFO  ratis.OzoneManagerStateMachine (OzoneManagerStateMachine.java:lambda$0(138)) - omNode-1: initialize group-523986131536 with (t:3, i:30)
2025-04-24 14:02:36,358 [omNode-1-impl-thread1] INFO  server.RaftServerConfigKeys (ConfUtils.java:logGet(46)) - raft.server.log.use.memory = false (default)
2025-04-24 14:02:36,358 [omNode-1-impl-thread1] INFO  server.RaftServerConfigKeys (ConfUtils.java:logGet(46)) - raft.server.log.purge.gap = 50 (custom)
2025-04-24 14:02:36,358 [omNode-1-impl-thread1] INFO  server.RaftServerConfigKeys (ConfUtils.java:logGet(46)) - raft.server.log.appender.buffer.byte-limit = 4194304 (custom)
2025-04-24 14:02:36,359 [omNode-1-impl-thread1] INFO  server.RaftServerConfigKeys (ConfUtils.java:logGet(46)) - raft.server.log.statemachine.data.read.timeout = 1000ms (default)
2025-04-24 14:02:36,359 [omNode-1-impl-thread1] INFO  server.RaftServerConfigKeys (ConfUtils.java:logGet(46)) - raft.server.log.purge.preservation.log.num = 0 (default)
2025-04-24 14:02:36,360 [omNode-1-impl-thread1] INFO  server.RaftServerConfigKeys (ConfUtils.java:logGet(46)) - raft.server.log.segment.size.max = 4194304 (custom)
2025-04-24 14:02:36,360 [omNode-1-impl-thread1] INFO  server.RaftServerConfigKeys (ConfUtils.java:logGet(46)) - raft.server.log.segment.cache.num.max = 2 (custom)
2025-04-24 14:02:36,360 [omNode-1-impl-thread1] INFO  server.RaftServerConfigKeys (ConfUtils.java:logGet(46)) - raft.server.log.segment.cache.size.max = 200MB (=209715200) (default)
2025-04-24 14:02:36,360 [omNode-1-impl-thread1] INFO  server.RaftServerConfigKeys (ConfUtils.java:logGet(46)) - raft.server.log.appender.buffer.byte-limit = 4194304 (custom)
2025-04-24 14:02:36,360 [omNode-1-impl-thread1] INFO  util.AwaitToRun (AwaitToRun.java:start(81)) - Thread[#1916,omNode-1@group-523986131536-cacheEviction-AwaitToRun,5,main] started
2025-04-24 14:02:36,361 [omNode-1-impl-thread1] INFO  segmented.SegmentedRaftLogWorker (SegmentedRaftLogWorker.java:<init>(188)) - new omNode-1@group-523986131536-SegmentedRaftLogWorker for RaftStorageImpl:Storage Directory /home/runner/work/ozone/ozone/hadoop-ozone/integration-test/target/test-dir/MiniOzoneClusterImpl-4e6105ad-12bc-4f18-9d37-351d73277e17/omNode-1/ratis/c9bc4cf4-3bc3-3c60-a66b-523986131536
2025-04-24 14:02:36,361 [omNode-1-impl-thread1] INFO  server.RaftServerConfigKeys (ConfUtils.java:logGet(46)) - raft.server.log.queue.byte-limit = 64MB (=67108864) (default)
2025-04-24 14:02:36,361 [omNode-1-impl-thread1] INFO  server.RaftServerConfigKeys (ConfUtils.java:logGet(46)) - raft.server.log.queue.element-limit = 4096 (default)
2025-04-24 14:02:36,361 [omNode-1-impl-thread1] INFO  server.RaftServerConfigKeys (ConfUtils.java:logGet(46)) - raft.server.log.segment.size.max = 4194304 (custom)
2025-04-24 14:02:36,361 [omNode-1-impl-thread1] INFO  server.RaftServerConfigKeys (ConfUtils.java:logGet(46)) - raft.server.log.preallocated.size = 4194304 (custom)
2025-04-24 14:02:36,361 [omNode-1-impl-thread1] INFO  server.RaftServerConfigKeys (ConfUtils.java:logGet(46)) - raft.server.log.force.sync.num = 128 (default)
2025-04-24 14:02:36,361 [omNode-1-impl-thread1] INFO  server.RaftServerConfigKeys (ConfUtils.java:logGet(46)) - raft.server.log.statemachine.data.sync = true (default)
2025-04-24 14:02:36,361 [omNode-1-impl-thread1] INFO  server.RaftServerConfigKeys (ConfUtils.java:logGet(46)) - raft.server.log.statemachine.data.sync.timeout = 10s (default)
2025-04-24 14:02:36,361 [omNode-1-impl-thread1] INFO  server.RaftServerConfigKeys (ConfUtils.java:logGet(46)) - raft.server.log.statemachine.data.sync.timeout.retry = -1 (default)
2025-04-24 14:02:36,361 [omNode-1-impl-thread1] INFO  server.RaftServerConfigKeys (ConfUtils.java:logGet(46)) - raft.server.log.write.buffer.size = 4194312 (custom)
2025-04-24 14:02:36,362 [omNode-1-impl-thread1] INFO  server.RaftServerConfigKeys (ConfUtils.java:logGet(46)) - raft.server.log.appender.buffer.byte-limit = 4194304 (custom)
2025-04-24 14:02:36,362 [omNode-1-impl-thread1] INFO  server.RaftServerConfigKeys (ConfUtils.java:logGet(46)) - raft.server.log.unsafe-flush.enabled = false (default)
2025-04-24 14:02:36,362 [omNode-1-impl-thread1] INFO  server.RaftServerConfigKeys (ConfUtils.java:logGet(46)) - raft.server.log.async-flush.enabled = false (default)
2025-04-24 14:02:36,362 [omNode-1-impl-thread1] INFO  server.RaftServerConfigKeys (ConfUtils.java:logGet(46)) - raft.server.log.statemachine.data.caching.enabled = false (default)
2025-04-24 14:02:36,362 [omNode-1-impl-thread1] INFO  server.RaftServer$Division (ServerState.java:setRaftConf(386)) - omNode-1@group-523986131536: set configuration conf: {index: 0, cur=peers:[omNode-3|localhost:15017, omNode-1|localhost:15009, omNode-2|localhost:15013]|listeners:[], old=null}
2025-04-24 14:02:36,363 [omNode-1-impl-thread1] INFO  segmented.LogSegment (LogSegment.java:loadSegment(171)) - Successfully read 21 entries from segment file /home/runner/work/ozone/ozone/hadoop-ozone/integration-test/target/test-dir/MiniOzoneClusterImpl-4e6105ad-12bc-4f18-9d37-351d73277e17/omNode-1/ratis/c9bc4cf4-3bc3-3c60-a66b-523986131536/current/log_0-20
2025-04-24 14:02:36,364 [omNode-1-impl-thread1] INFO  server.RaftServer$Division (ServerState.java:setRaftConf(386)) - omNode-1@group-523986131536: set configuration conf: {index: 21, cur=peers:[omNode-3|localhost:15017, omNode-1|localhost:15009, omNode-2|localhost:15013]|listeners:[], old=null}
2025-04-24 14:02:36,364 [omNode-1-impl-thread1] INFO  segmented.LogSegment (LogSegment.java:loadSegment(171)) - Successfully read 9 entries from segment file /home/runner/work/ozone/ozone/hadoop-ozone/integration-test/target/test-dir/MiniOzoneClusterImpl-4e6105ad-12bc-4f18-9d37-351d73277e17/omNode-1/ratis/c9bc4cf4-3bc3-3c60-a66b-523986131536/current/log_21-29
2025-04-24 14:02:36,364 [omNode-1-impl-thread1] INFO  server.RaftServer$Division (ServerState.java:setRaftConf(386)) - omNode-1@group-523986131536: set configuration conf: {index: 30, cur=peers:[omNode-3|localhost:15017, omNode-1|localhost:15009, omNode-2|localhost:15013]|listeners:[], old=null}
2025-04-24 14:02:36,364 [omNode-1-impl-thread1] INFO  segmented.LogSegment (LogSegment.java:loadSegment(171)) - Successfully read 2 entries from segment file /home/runner/work/ozone/ozone/hadoop-ozone/integration-test/target/test-dir/MiniOzoneClusterImpl-4e6105ad-12bc-4f18-9d37-351d73277e17/omNode-1/ratis/c9bc4cf4-3bc3-3c60-a66b-523986131536/current/log_inprogress_30
2025-04-24 14:02:36,365 [omNode-1-impl-thread1] INFO  segmented.SegmentedRaftLogWorker (SegmentedRaftLogWorker.java:lambda$new$0(139)) - omNode-1@group-523986131536-SegmentedRaftLogWorker: flushIndex: setUnconditionally 0 -> 31
2025-04-24 14:02:36,365 [omNode-1-impl-thread1] INFO  segmented.SegmentedRaftLogWorker (SegmentedRaftLogWorker.java:lambda$new$0(139)) - omNode-1@group-523986131536-SegmentedRaftLogWorker: safeCacheEvictIndex: setUnconditionally 0 -> 29
2025-04-24 14:02:36,365 [omNode-1-impl-thread1] INFO  segmented.BufferedWriteChannel (BufferedWriteChannel.java:open(61)) - open log_inprogress_30 (append) at position 125
2025-04-24 14:02:36,365 [omNode-1-impl-thread1] INFO  server.RaftServer$Division (RaftServerImpl.java:start(391)) - omNode-1@group-523986131536: start as a follower, conf=conf: {index: 30, cur=peers:[omNode-3|localhost:15017, omNode-1|localhost:15009, omNode-2|localhost:15013]|listeners:[], old=null}
2025-04-24 14:02:36,365 [omNode-1-impl-thread1] INFO  server.RaftServer$Division (RaftServerImpl.java:setRole(378)) - omNode-1@group-523986131536: changes role from      null to FOLLOWER at term 3 for startAsFollower
2025-04-24 14:02:36,365 [omNode-1-impl-thread1] INFO  impl.RoleInfo (RoleInfo.java:updateAndGet(148)) - omNode-1: start omNode-1@group-523986131536-FollowerState
2025-04-24 14:02:36,365 [omNode-1-impl-thread1] INFO  util.JmxRegister (JmxRegister.java:tryRegister(44)) - Successfully registered JMX Bean with object name Ratis:service=RaftServer,group=group-523986131536,id=omNode-1
2025-04-24 14:02:36,366 [omNode-1-impl-thread1] INFO  util.JmxRegister (JmxRegister.java:register(58)) - register mxBean class org.apache.ratis.server.impl.RaftServerJmxAdapter as Ratis:service=RaftServer,group=group-523986131536,id=omNode-1
2025-04-24 14:02:36,366 [omNode-1-impl-thread1] INFO  server.RaftServerConfigKeys (ConfUtils.java:logGet(46)) - raft.server.snapshot.trigger-when-stop.enabled = true (default)
2025-04-24 14:02:36,366 [omNode-1-impl-thread1] INFO  server.RaftServerConfigKeys (ConfUtils.java:logGet(46)) - raft.server.snapshot.trigger-when-remove.enabled = true (default)
2025-04-24 14:02:36,366 [omNode-1-impl-thread1] INFO  server.RaftServerConfigKeys (ConfUtils.java:logGet(46)) - raft.server.snapshot.auto.trigger.enabled = true (custom)
2025-04-24 14:02:36,366 [omNode-1-impl-thread1] INFO  server.RaftServerConfigKeys (ConfUtils.java:logGet(46)) - raft.server.snapshot.auto.trigger.threshold = 50 (custom)
2025-04-24 14:02:36,366 [omNode-1-impl-thread1] INFO  server.RaftServerConfigKeys (ConfUtils.java:logGet(46)) - raft.server.snapshot.retention.file.num = -1 (default)
2025-04-24 14:02:36,366 [omNode-1-impl-thread1] INFO  server.RaftServerConfigKeys (ConfUtils.java:logGet(46)) - raft.server.log.purge.upto.snapshot.index = true (custom)
2025-04-24 14:02:36,366 [omNode-1@group-523986131536-FollowerState] INFO  server.RaftServerConfigKeys (ConfUtils.java:logFallback(53)) - raft.server.rpc.first-election.timeout.min = 1s (fallback to raft.server.rpc.timeout.min)
2025-04-24 14:02:36,366 [omNode-1-impl-thread1] INFO  server.RaftServer$Division (RaftServerImpl.java:start(405)) - omNode-1@group-523986131536: Successfully started.
2025-04-24 14:02:36,367 [main] INFO  server.RaftServer (RaftServerProxy.java:startImpl(407)) - omNode-1: start RPC server
2025-04-24 14:02:36,367 [omNode-1@group-523986131536-FollowerState] INFO  server.RaftServerConfigKeys (ConfUtils.java:logFallback(53)) - raft.server.rpc.first-election.timeout.max = 1200ms (fallback to raft.server.rpc.timeout.max)
2025-04-24 14:02:36,367 [main] INFO  server.GrpcService (GrpcService.java:startImpl(334)) - omNode-1: GrpcService started, listening on 15009
2025-04-24 14:02:36,368 [main] INFO  om.OzoneManager (OzoneManager.java:getRpcServer(1360)) - Creating RPC Server
2025-04-24 14:02:36,368 [JvmPauseMonitor12] INFO  util.JvmPauseMonitor (JvmPauseMonitor.java:run(146)) - JvmPauseMonitor-omNode-1: Started
2025-04-24 14:02:36,735 [main] INFO  reflections.Reflections (Reflections.java:scan(219)) - Reflections took 367 ms to scan 22 urls, producing 61 keys and 7423 values
2025-04-24 14:02:36,736 [main] INFO  ipc.CallQueueManager (CallQueueManager.java:<init>(93)) - Using callQueue: class java.util.concurrent.LinkedBlockingQueue, queueCapacity: 2000, scheduler: class org.apache.hadoop.ipc.DefaultRpcScheduler, ipcBackoff: false, ipcFailOver: false.
2025-04-24 14:02:36,737 [main] INFO  ipc.Server (Server.java:<init>(1438)) - Listener at localhost:15006
2025-04-24 14:02:36,737 [Socket Reader #1 for port 15006] INFO  ipc.Server (Server.java:run(1474)) - Starting Socket Reader #1 for port 15006
2025-04-24 14:02:36,737 [Socket Reader #2 for port 15006] INFO  ipc.Server (Server.java:run(1474)) - Starting Socket Reader #2 for port 15006
2025-04-24 14:02:36,738 [Socket Reader #3 for port 15006] INFO  ipc.Server (Server.java:run(1474)) - Starting Socket Reader #3 for port 15006
2025-04-24 14:02:36,738 [Socket Reader #5 for port 15006] INFO  ipc.Server (Server.java:run(1474)) - Starting Socket Reader #5 for port 15006
2025-04-24 14:02:36,738 [Socket Reader #6 for port 15006] INFO  ipc.Server (Server.java:run(1474)) - Starting Socket Reader #6 for port 15006
2025-04-24 14:02:36,739 [Socket Reader #7 for port 15006] INFO  ipc.Server (Server.java:run(1474)) - Starting Socket Reader #7 for port 15006
2025-04-24 14:02:36,739 [Socket Reader #8 for port 15006] INFO  ipc.Server (Server.java:run(1474)) - Starting Socket Reader #8 for port 15006
2025-04-24 14:02:36,739 [Socket Reader #9 for port 15006] INFO  ipc.Server (Server.java:run(1474)) - Starting Socket Reader #9 for port 15006
2025-04-24 14:02:36,739 [Socket Reader #10 for port 15006] INFO  ipc.Server (Server.java:run(1474)) - Starting Socket Reader #10 for port 15006
2025-04-24 14:02:36,739 [Socket Reader #4 for port 15006] INFO  ipc.Server (Server.java:run(1474)) - Starting Socket Reader #4 for port 15006
2025-04-24 14:02:36,742 [main] INFO  http.BaseHttpServer (BaseHttpServer.java:newHttpServer2BuilderForOzone(229)) - Starting Web-server for ozoneManager at: http://0.0.0.0:15007
2025-04-24 14:02:36,742 [main] INFO  http.BaseHttpServer (BaseHttpServer.java:<init>(107)) - Hadoop Security Enabled: false Ozone Security Enabled: false Ozone HTTP Security Enabled: false 
2025-04-24 14:02:36,743 [main] WARN  server.AuthenticationFilter (AuthenticationFilter.java:constructSecretProvider(240)) - Unable to initialize FileSignerSecretProvider, falling back to use random secrets. Reason: Could not read signature secret file: /home/runner/hadoop-http-auth-signature-secret
2025-04-24 14:02:36,745 [main] INFO  http.HttpServer2 (HttpServer2.java:addGlobalFilter(1041)) - Added global filter 'safety' (class=org.apache.hadoop.hdds.server.http.HttpServer2$QuotingInputFilter)
2025-04-24 14:02:36,746 [main] INFO  http.HttpServer2 (HttpServer2.java:addFilter(1017)) - Added filter static_user_filter (class=org.apache.hadoop.http.lib.StaticUserWebFilter$StaticUserFilter) to context ozoneManager
2025-04-24 14:02:36,746 [main] INFO  http.HttpServer2 (HttpServer2.java:addFilter(1025)) - Added filter static_user_filter (class=org.apache.hadoop.http.lib.StaticUserWebFilter$StaticUserFilter) to context static
2025-04-24 14:02:36,746 [main] INFO  http.HttpServer2 (HttpServer2.java:addFilter(1025)) - Added filter static_user_filter (class=org.apache.hadoop.http.lib.StaticUserWebFilter$StaticUserFilter) to context logs
2025-04-24 14:02:36,747 [main] INFO  http.BaseHttpServer (BaseHttpServer.java:<init>(195)) - HTTP server of ozoneManager uses base directory /home/runner/work/ozone/ozone/hadoop-ozone/integration-test/target/test-dir/MiniOzoneClusterImpl-4e6105ad-12bc-4f18-9d37-351d73277e17/omNode-1/webserver
2025-04-24 14:02:36,747 [main] INFO  http.HttpServer2 (HttpServer2.java:bindListener(1241)) - Jetty bound to port 15007
2025-04-24 14:02:36,747 [main] INFO  server.Server (Server.java:doStart(375)) - jetty-9.4.57.v20241219; built: 2025-01-08T21:24:30.412Z; git: df524e6b29271c2e09ba9aea83c18dc9db464a31; jvm 21.0.7+6-LTS
2025-04-24 14:02:36,748 [main] INFO  server.session (DefaultSessionIdManager.java:doStart(334)) - DefaultSessionIdManager workerName=node0
2025-04-24 14:02:36,748 [main] INFO  server.session (DefaultSessionIdManager.java:doStart(339)) - No SessionScavenger set, using defaults
2025-04-24 14:02:36,748 [main] INFO  server.session (HouseKeeper.java:startScavenging(132)) - node0 Scavenging every 660000ms
2025-04-24 14:02:36,749 [main] INFO  handler.ContextHandler (ContextHandler.java:doStart(921)) - Started o.e.j.s.ServletContextHandler@1a0f2919{logs,/logs,file:///home/runner/work/ozone/ozone/hadoop-ozone/integration-test/target/log,AVAILABLE}
2025-04-24 14:02:36,749 [main] INFO  handler.ContextHandler (ContextHandler.java:doStart(921)) - Started o.e.j.s.ServletContextHandler@28eed10d{static,/static,file:///home/runner/work/ozone/ozone/hadoop-ozone/integration-test/target/test-classes/webapps/static,AVAILABLE}
2025-04-24 14:02:36,754 [main] INFO  handler.ContextHandler (ContextHandler.java:doStart(921)) - Started o.e.j.w.WebAppContext@42b8443d{ozoneManager,/,file:///home/runner/work/ozone/ozone/hadoop-ozone/integration-test/target/test-classes/webapps/ozoneManager/,AVAILABLE}{file:/home/runner/work/ozone/ozone/hadoop-ozone/integration-test/target/test-classes/webapps/ozoneManager}
2025-04-24 14:02:36,755 [main] INFO  server.AbstractConnector (AbstractConnector.java:doStart(333)) - Started ServerConnector@76aed37a{HTTP/1.1, (http/1.1)}{0.0.0.0:15007}
2025-04-24 14:02:36,755 [main] INFO  server.Server (Server.java:doStart(415)) - Started @38087ms
2025-04-24 14:02:36,755 [main] WARN  impl.MetricsSystemImpl (MetricsSystemImpl.java:register(279)) - Sink prometheus already exists!
2025-04-24 14:02:36,756 [main] INFO  http.BaseHttpServer (BaseHttpServer.java:updateConnectorAddress(360)) - HTTP server of ozoneManager listening at http://0.0.0.0:15007
2025-04-24 14:02:36,756 [IPC Server Responder] INFO  ipc.Server (Server.java:run(1713)) - IPC Server Responder: starting
2025-04-24 14:02:36,756 [IPC Server listener on 15006] INFO  ipc.Server (Server.java:run(1553)) - IPC Server listener on 15006: starting
2025-04-24 14:02:36,758 [main] INFO  om.OzoneManager (OzoneManager.java:startTrashEmptier(2257)) - Trash Interval set to 0. Files deleted won't move to trash
2025-04-24 14:02:36,758 [main] INFO  om.OzoneManager (OzoneManager.java:restart(1878)) - OzoneManager RPC server is listening at localhost/127.0.0.1:15010
2025-04-24 14:02:36,758 [main] INFO  impl.MetricsSystemImpl (MetricsSystemImpl.java:init(158)) - OzoneManager metrics system started (again)
2025-04-24 14:02:36,769 [main] WARN  server.ServerUtils (ServerUtils.java:getDBPath(297)) - ozone.om.db.dirs is not configured. We recommend adding this setting. Falling back to ozone.metadata.dirs instead.
2025-04-24 14:02:36,808 [main] INFO  om.OzoneManager (OzoneManager.java:instantiateServices(933)) - S3 Multi-Tenancy is disabled
2025-04-24 14:02:36,809 [main] INFO  om.OmSnapshotManager (OmSnapshotManager.java:<init>(180)) - Ozone filesystem snapshot feature is enabled.
2025-04-24 14:02:36,809 [main] WARN  server.ServerUtils (ServerUtils.java:getDBPath(297)) - ozone.om.snapshot.diff.db.dir is not configured. We recommend adding this setting. Falling back to ozone.metadata.dirs instead.
2025-04-24 14:02:36,822 [main] WARN  dropwizard3.Dm3MetricRegistriesImpl (Dm3MetricRegistriesImpl.java:addReporterRegistration(114)) - New reporters are added after registries were created. Some metrics will be missing from the reporter. Please add reporter before adding any new registry.
2025-04-24 14:02:36,822 [main] WARN  dropwizard3.Dm3MetricRegistriesImpl (Dm3MetricRegistriesImpl.java:addReporterRegistration(114)) - New reporters are added after registries were created. Some metrics will be missing from the reporter. Please add reporter before adding any new registry.
2025-04-24 14:02:36,822 [main] WARN  server.ServerUtils (ServerUtils.java:getDefaultRatisDirectory(309)) - Storage directory for Ratis is not configured. It is a good idea to map this to an SSD disk. Falling back to ozone.metadata.dirs
2025-04-24 14:02:36,823 [main] INFO  server.RaftServerConfigKeys (ConfUtils.java:logGet(46)) - raft.server.log.appender.buffer.byte-limit = 4194304 (custom)
2025-04-24 14:02:36,824 [main] INFO  ratis.OzoneManagerRatisServer (OzoneManagerRatisServer.java:<init>(167)) - Instantiating OM Ratis server with groupID: om-service-test1 and peers: localhost:15013, localhost:15017, localhost:15009
2025-04-24 14:02:36,824 [main] INFO  ratis.OzoneManagerStateMachine (OzoneManagerStateMachine.java:loadSnapshotInfoFromDB(611)) - LastAppliedIndex is set from TransactionInfo from OM DB as (t:3, i:30)
2025-04-24 14:02:36,825 [main] INFO  server.RaftServer (ConfUtils.java:logGet(46)) - raft.rpc.type = GRPC (default)
2025-04-24 14:02:36,825 [main] INFO  grpc.GrpcConfigKeys (ConfUtils.java:logFallback(53)) - raft.grpc.admin.host = null (fallback to raft.grpc.server.host)
2025-04-24 14:02:36,825 [main] INFO  grpc.GrpcConfigKeys (ConfUtils.java:logFallback(53)) - raft.grpc.admin.port = 15013 (fallback to raft.grpc.server.port)
2025-04-24 14:02:36,825 [main] INFO  grpc.GrpcConfigKeys (ConfUtils.java:logFallback(53)) - raft.grpc.client.host = null (fallback to raft.grpc.server.host)
2025-04-24 14:02:36,825 [main] INFO  grpc.GrpcConfigKeys (ConfUtils.java:logFallback(53)) - raft.grpc.client.port = 15013 (fallback to raft.grpc.server.port)
2025-04-24 14:02:36,825 [main] INFO  grpc.GrpcConfigKeys (ConfUtils.java:logGet(46)) - raft.grpc.server.host = null (default)
2025-04-24 14:02:36,825 [main] INFO  grpc.GrpcConfigKeys (ConfUtils.java:logGet(46)) - raft.grpc.server.port = 15013 (custom)
2025-04-24 14:02:36,826 [main] INFO  server.GrpcService (ConfUtils.java:logGet(46)) - raft.grpc.message.size.max = 5242880 (custom)
2025-04-24 14:02:36,826 [main] INFO  server.GrpcService (ConfUtils.java:logGet(46)) - raft.grpc.flow.control.window = 1MB (=1048576) (default)
2025-04-24 14:02:36,826 [main] INFO  server.RaftServerConfigKeys (ConfUtils.java:logGet(46)) - raft.server.rpc.request.timeout = 3000ms (default)
2025-04-24 14:02:36,826 [main] INFO  grpc.GrpcConfigKeys (ConfUtils.java:logGet(46)) - raft.grpc.server.heartbeat.channel = true (default)
2025-04-24 14:02:36,826 [main] INFO  server.RaftServerConfigKeys (ConfUtils.java:logGet(46)) - raft.server.log.appender.buffer.byte-limit = 4194304 (custom)
2025-04-24 14:02:36,826 [main] INFO  grpc.GrpcConfigKeys (ConfUtils.java:logGet(46)) - raft.grpc.server.async.request.thread.pool.cached = true (default)
2025-04-24 14:02:36,826 [main] INFO  grpc.GrpcConfigKeys (ConfUtils.java:logGet(46)) - raft.grpc.server.async.request.thread.pool.size = 32 (default)
2025-04-24 14:02:36,827 [main] INFO  impl.DataStreamServerImpl (ConfUtils.java:logGet(46)) - raft.datastream.type = DISABLED (default)
2025-04-24 14:02:36,827 [main] INFO  server.RaftServerConfigKeys (ConfUtils.java:logGet(46)) - raft.server.sleep.deviation.threshold = 300ms (default)
2025-04-24 14:02:36,827 [main] INFO  server.RaftServerConfigKeys (ConfUtils.java:logGet(46)) - raft.server.close.threshold = 60s (default)
2025-04-24 14:02:36,827 [main] INFO  server.RaftServerConfigKeys (ConfUtils.java:logGet(46)) - raft.server.leaderelection.leader.step-down.wait-time = 10s (default)
2025-04-24 14:02:36,828 [main] INFO  server.RaftServerConfigKeys (ConfUtils.java:logGet(46)) - raft.server.storage.dir = [/home/runner/work/ozone/ozone/hadoop-ozone/integration-test/target/test-dir/MiniOzoneClusterImpl-4e6105ad-12bc-4f18-9d37-351d73277e17/omNode-2/ratis] (custom)
2025-04-24 14:02:36,828 [main] INFO  server.RaftServerConfigKeys (ConfUtils.java:logGet(46)) - raft.server.threadpool.proxy.cached = true (default)
2025-04-24 14:02:36,828 [main] INFO  server.RaftServerConfigKeys (ConfUtils.java:logGet(46)) - raft.server.threadpool.proxy.size = 0 (default)
2025-04-24 14:02:36,828 [omNode-2-impl-thread1] INFO  server.RaftServer (RaftServerProxy.java:initGroupDir(265)) - omNode-2: found a subdirectory /home/runner/work/ozone/ozone/hadoop-ozone/integration-test/target/test-dir/MiniOzoneClusterImpl-4e6105ad-12bc-4f18-9d37-351d73277e17/omNode-2/ratis/c9bc4cf4-3bc3-3c60-a66b-523986131536
2025-04-24 14:02:36,829 [main] INFO  server.RaftServer (RaftServerProxy.java:addNew(100)) - omNode-2: addNew group-523986131536:[omNode-3|localhost:15017, omNode-1|localhost:15009, omNode-2|localhost:15013] returns group-523986131536:java.util.concurrent.CompletableFuture@2405053d[Not completed]
2025-04-24 14:02:36,829 [main] INFO  om.OzoneManager (OzoneManager.java:initializeRatisServer(2303)) - OzoneManager Ratis server initialized at port 15013
2025-04-24 14:02:36,829 [main] INFO  ratis.OzoneManagerRatisServer (OzoneManagerRatisServer.java:start(628)) - Starting OzoneManagerRatisServer omNode-2 at port 15013
2025-04-24 14:02:36,829 [omNode-2-groupManagement] INFO  server.RaftServer$Division (RaftServerImpl.java:<init>(255)) - omNode-2: new RaftServerImpl for group-523986131536:[omNode-3|localhost:15017, omNode-1|localhost:15009, omNode-2|localhost:15013] with OzoneManagerStateMachine:uninitialized
2025-04-24 14:02:36,829 [omNode-2-groupManagement] INFO  server.RaftServerConfigKeys (ConfUtils.java:logGet(46)) - raft.server.rpc.timeout.min = 1s (custom)
2025-04-24 14:02:36,829 [omNode-2-groupManagement] INFO  server.RaftServerConfigKeys (ConfUtils.java:logGet(46)) - raft.server.rpc.timeout.max = 1200ms (custom)
2025-04-24 14:02:36,829 [omNode-2-groupManagement] INFO  server.RaftServerConfigKeys (ConfUtils.java:logGet(46)) - raft.server.rpc.sleep.time = 25ms (default)
2025-04-24 14:02:36,829 [omNode-2-groupManagement] INFO  server.RaftServerConfigKeys (ConfUtils.java:logGet(46)) - raft.server.rpc.slowness.timeout = 2s (custom)
2025-04-24 14:02:36,829 [omNode-2-groupManagement] INFO  server.RaftServerConfigKeys (ConfUtils.java:logGet(46)) - raft.server.leaderelection.leader.step-down.wait-time = 10s (default)
2025-04-24 14:02:36,829 [omNode-2-groupManagement] INFO  server.RaftServerConfigKeys (ConfUtils.java:logGet(46)) - raft.server.leaderelection.member.majority-add = false (default)
2025-04-24 14:02:36,829 [omNode-2-groupManagement] INFO  server.RaftServerConfigKeys (ConfUtils.java:logGet(46)) - raft.server.sleep.deviation.threshold = 300ms (default)
2025-04-24 14:02:36,829 [omNode-2-groupManagement] INFO  server.RaftServer$Division (ServerState.java:<init>(114)) - omNode-2@group-523986131536: ConfigurationManager, init=conf: {index: -1, cur=peers:[omNode-3|localhost:15017, omNode-1|localhost:15009, omNode-2|localhost:15013]|listeners:[], old=null}, confs=<EMPTY_MAP>
2025-04-24 14:02:36,830 [omNode-2-groupManagement] INFO  server.RaftServerConfigKeys (ConfUtils.java:logGet(46)) - raft.server.notification.no-leader.timeout = 2s (custom)
2025-04-24 14:02:36,830 [omNode-2-groupManagement] INFO  server.RaftServerConfigKeys (ConfUtils.java:logGet(46)) - raft.server.read.timeout = 10s (default)
2025-04-24 14:02:36,830 [omNode-2-groupManagement] INFO  server.RaftServerConfigKeys (ConfUtils.java:logGet(46)) - raft.server.retrycache.expirytime = 30000ms (custom)
2025-04-24 14:02:36,830 [omNode-2-groupManagement] INFO  server.RaftServerConfigKeys (ConfUtils.java:logGet(46)) - raft.server.retrycache.statistics.expirytime = 100ms (default)
2025-04-24 14:02:36,830 [omNode-2-groupManagement] INFO  server.RaftServerConfigKeys (ConfUtils.java:logGet(46)) - raft.server.read.option = DEFAULT (default)
2025-04-24 14:02:36,830 [omNode-2-groupManagement] INFO  server.RaftServerConfigKeys (ConfUtils.java:logGet(46)) - raft.server.read.read-after-write-consistent.write-index-cache.expiry-time = 60s (default)
2025-04-24 14:02:36,832 [omNode-2-groupManagement] INFO  server.RaftServerConfigKeys (ConfUtils.java:logGet(46)) - raft.server.rpc.request.timeout = 3000ms (default)
2025-04-24 14:02:36,832 [omNode-2-groupManagement] INFO  server.RaftServerConfigKeys (ConfUtils.java:logGet(46)) - raft.server.log.appender.install.snapshot.enabled = false (custom)
2025-04-24 14:02:36,832 [omNode-2-groupManagement] INFO  server.RaftServerConfigKeys (ConfUtils.java:logGet(46)) - raft.server.threadpool.server.cached = true (default)
2025-04-24 14:02:36,832 [omNode-2-groupManagement] INFO  server.RaftServerConfigKeys (ConfUtils.java:logGet(46)) - raft.server.threadpool.server.size = 0 (default)
2025-04-24 14:02:36,832 [omNode-2-groupManagement] INFO  server.RaftServerConfigKeys (ConfUtils.java:logGet(46)) - raft.server.threadpool.client.cached = true (default)
2025-04-24 14:02:36,832 [omNode-2-groupManagement] INFO  server.RaftServerConfigKeys (ConfUtils.java:logGet(46)) - raft.server.threadpool.client.size = 0 (default)
2025-04-24 14:02:36,832 [omNode-2-impl-thread1] INFO  server.RaftServerConfigKeys (ConfUtils.java:logGet(46)) - raft.server.storage.free-space.min = 0MB (=0) (default)
2025-04-24 14:02:36,832 [omNode-2-impl-thread1] INFO  server.RaftServerConfigKeys (ConfUtils.java:logGet(46)) - raft.server.log.corruption.policy = EXCEPTION (default)
2025-04-24 14:02:36,832 [omNode-2-impl-thread1] INFO  server.RaftServerConfigKeys (ConfUtils.java:logGet(46)) - raft.server.storage.dir = [/home/runner/work/ozone/ozone/hadoop-ozone/integration-test/target/test-dir/MiniOzoneClusterImpl-4e6105ad-12bc-4f18-9d37-351d73277e17/omNode-2/ratis] (custom)
2025-04-24 14:02:36,833 [omNode-2-impl-thread1] INFO  storage.RaftStorageDirectory (RaftStorageDirectoryImpl.java:tryLock(229)) - Lock on /home/runner/work/ozone/ozone/hadoop-ozone/integration-test/target/test-dir/MiniOzoneClusterImpl-4e6105ad-12bc-4f18-9d37-351d73277e17/omNode-2/ratis/c9bc4cf4-3bc3-3c60-a66b-523986131536/in_use.lock acquired by nodename 129728@fv-az2210-761
2025-04-24 14:02:36,834 [omNode-2-impl-thread1] INFO  storage.RaftStorage (RaftStorageImpl.java:analyzeAndRecoverStorage(118)) - Read RaftStorageMetadata{term=3, votedFor=} from /home/runner/work/ozone/ozone/hadoop-ozone/integration-test/target/test-dir/MiniOzoneClusterImpl-4e6105ad-12bc-4f18-9d37-351d73277e17/omNode-2/ratis/c9bc4cf4-3bc3-3c60-a66b-523986131536/current/raft-meta
2025-04-24 14:02:36,834 [omNode-2-impl-thread1] INFO  server.RaftServer$Division (ServerState.java:setRaftConf(386)) - omNode-2@group-523986131536: set configuration conf: {index: 30, cur=peers:[omNode-3|localhost:15017, omNode-1|localhost:15009, omNode-2|localhost:15013]|listeners:[], old=null}
2025-04-24 14:02:36,834 [omNode-2-impl-thread1] INFO  ratis.OzoneManagerStateMachine (OzoneManagerStateMachine.java:lambda$0(138)) - omNode-2: initialize group-523986131536 with (t:3, i:30)
2025-04-24 14:02:36,834 [omNode-2-impl-thread1] INFO  server.RaftServerConfigKeys (ConfUtils.java:logGet(46)) - raft.server.log.use.memory = false (default)
2025-04-24 14:02:36,834 [omNode-2-impl-thread1] INFO  server.RaftServerConfigKeys (ConfUtils.java:logGet(46)) - raft.server.log.purge.gap = 50 (custom)
2025-04-24 14:02:36,834 [omNode-2-impl-thread1] INFO  server.RaftServerConfigKeys (ConfUtils.java:logGet(46)) - raft.server.log.appender.buffer.byte-limit = 4194304 (custom)
2025-04-24 14:02:36,834 [omNode-2-impl-thread1] INFO  server.RaftServerConfigKeys (ConfUtils.java:logGet(46)) - raft.server.log.statemachine.data.read.timeout = 1000ms (default)
2025-04-24 14:02:36,834 [omNode-2-impl-thread1] INFO  server.RaftServerConfigKeys (ConfUtils.java:logGet(46)) - raft.server.log.purge.preservation.log.num = 0 (default)
2025-04-24 14:02:36,835 [omNode-2-impl-thread1] INFO  server.RaftServerConfigKeys (ConfUtils.java:logGet(46)) - raft.server.log.segment.size.max = 4194304 (custom)
2025-04-24 14:02:36,835 [omNode-2-impl-thread1] INFO  server.RaftServerConfigKeys (ConfUtils.java:logGet(46)) - raft.server.log.segment.cache.num.max = 2 (custom)
2025-04-24 14:02:36,835 [omNode-2-impl-thread1] INFO  server.RaftServerConfigKeys (ConfUtils.java:logGet(46)) - raft.server.log.segment.cache.size.max = 200MB (=209715200) (default)
2025-04-24 14:02:36,835 [omNode-2-impl-thread1] INFO  server.RaftServerConfigKeys (ConfUtils.java:logGet(46)) - raft.server.log.appender.buffer.byte-limit = 4194304 (custom)
2025-04-24 14:02:36,835 [omNode-2-impl-thread1] INFO  util.AwaitToRun (AwaitToRun.java:start(81)) - Thread[#2005,omNode-2@group-523986131536-cacheEviction-AwaitToRun,5,main] started
2025-04-24 14:02:36,835 [omNode-2-impl-thread1] INFO  segmented.SegmentedRaftLogWorker (SegmentedRaftLogWorker.java:<init>(188)) - new omNode-2@group-523986131536-SegmentedRaftLogWorker for RaftStorageImpl:Storage Directory /home/runner/work/ozone/ozone/hadoop-ozone/integration-test/target/test-dir/MiniOzoneClusterImpl-4e6105ad-12bc-4f18-9d37-351d73277e17/omNode-2/ratis/c9bc4cf4-3bc3-3c60-a66b-523986131536
2025-04-24 14:02:36,835 [omNode-2-impl-thread1] INFO  server.RaftServerConfigKeys (ConfUtils.java:logGet(46)) - raft.server.log.queue.byte-limit = 64MB (=67108864) (default)
2025-04-24 14:02:36,836 [omNode-2-impl-thread1] INFO  server.RaftServerConfigKeys (ConfUtils.java:logGet(46)) - raft.server.log.queue.element-limit = 4096 (default)
2025-04-24 14:02:36,836 [omNode-2-impl-thread1] INFO  server.RaftServerConfigKeys (ConfUtils.java:logGet(46)) - raft.server.log.segment.size.max = 4194304 (custom)
2025-04-24 14:02:36,836 [omNode-2-impl-thread1] INFO  server.RaftServerConfigKeys (ConfUtils.java:logGet(46)) - raft.server.log.preallocated.size = 4194304 (custom)
2025-04-24 14:02:36,836 [omNode-2-impl-thread1] INFO  server.RaftServerConfigKeys (ConfUtils.java:logGet(46)) - raft.server.log.force.sync.num = 128 (default)
2025-04-24 14:02:36,836 [omNode-2-impl-thread1] INFO  server.RaftServerConfigKeys (ConfUtils.java:logGet(46)) - raft.server.log.statemachine.data.sync = true (default)
2025-04-24 14:02:36,836 [omNode-2-impl-thread1] INFO  server.RaftServerConfigKeys (ConfUtils.java:logGet(46)) - raft.server.log.statemachine.data.sync.timeout = 10s (default)
2025-04-24 14:02:36,836 [omNode-2-impl-thread1] INFO  server.RaftServerConfigKeys (ConfUtils.java:logGet(46)) - raft.server.log.statemachine.data.sync.timeout.retry = -1 (default)
2025-04-24 14:02:36,836 [omNode-2-impl-thread1] INFO  server.RaftServerConfigKeys (ConfUtils.java:logGet(46)) - raft.server.log.write.buffer.size = 4194312 (custom)
2025-04-24 14:02:36,836 [omNode-2-impl-thread1] INFO  server.RaftServerConfigKeys (ConfUtils.java:logGet(46)) - raft.server.log.appender.buffer.byte-limit = 4194304 (custom)
2025-04-24 14:02:36,836 [omNode-2-impl-thread1] INFO  server.RaftServerConfigKeys (ConfUtils.java:logGet(46)) - raft.server.log.unsafe-flush.enabled = false (default)
2025-04-24 14:02:36,836 [omNode-2-impl-thread1] INFO  server.RaftServerConfigKeys (ConfUtils.java:logGet(46)) - raft.server.log.async-flush.enabled = false (default)
2025-04-24 14:02:36,836 [omNode-2-impl-thread1] INFO  server.RaftServerConfigKeys (ConfUtils.java:logGet(46)) - raft.server.log.statemachine.data.caching.enabled = false (default)
2025-04-24 14:02:36,837 [omNode-2-impl-thread1] INFO  server.RaftServer$Division (ServerState.java:setRaftConf(386)) - omNode-2@group-523986131536: set configuration conf: {index: 0, cur=peers:[omNode-3|localhost:15017, omNode-1|localhost:15009, omNode-2|localhost:15013]|listeners:[], old=null}
2025-04-24 14:02:36,837 [omNode-2-impl-thread1] INFO  segmented.LogSegment (LogSegment.java:loadSegment(171)) - Successfully read 21 entries from segment file /home/runner/work/ozone/ozone/hadoop-ozone/integration-test/target/test-dir/MiniOzoneClusterImpl-4e6105ad-12bc-4f18-9d37-351d73277e17/omNode-2/ratis/c9bc4cf4-3bc3-3c60-a66b-523986131536/current/log_0-20
2025-04-24 14:02:36,838 [omNode-2-impl-thread1] INFO  server.RaftServer$Division (ServerState.java:setRaftConf(386)) - omNode-2@group-523986131536: set configuration conf: {index: 21, cur=peers:[omNode-3|localhost:15017, omNode-1|localhost:15009, omNode-2|localhost:15013]|listeners:[], old=null}
2025-04-24 14:02:36,838 [omNode-2-impl-thread1] INFO  segmented.LogSegment (LogSegment.java:loadSegment(171)) - Successfully read 9 entries from segment file /home/runner/work/ozone/ozone/hadoop-ozone/integration-test/target/test-dir/MiniOzoneClusterImpl-4e6105ad-12bc-4f18-9d37-351d73277e17/omNode-2/ratis/c9bc4cf4-3bc3-3c60-a66b-523986131536/current/log_21-29
2025-04-24 14:02:36,838 [omNode-2-impl-thread1] INFO  server.RaftServer$Division (ServerState.java:setRaftConf(386)) - omNode-2@group-523986131536: set configuration conf: {index: 30, cur=peers:[omNode-3|localhost:15017, omNode-1|localhost:15009, omNode-2|localhost:15013]|listeners:[], old=null}
2025-04-24 14:02:36,839 [omNode-2-impl-thread1] INFO  segmented.LogSegment (LogSegment.java:loadSegment(171)) - Successfully read 2 entries from segment file /home/runner/work/ozone/ozone/hadoop-ozone/integration-test/target/test-dir/MiniOzoneClusterImpl-4e6105ad-12bc-4f18-9d37-351d73277e17/omNode-2/ratis/c9bc4cf4-3bc3-3c60-a66b-523986131536/current/log_inprogress_30
2025-04-24 14:02:36,839 [omNode-2-impl-thread1] INFO  segmented.SegmentedRaftLogWorker (SegmentedRaftLogWorker.java:lambda$new$0(139)) - omNode-2@group-523986131536-SegmentedRaftLogWorker: flushIndex: setUnconditionally 0 -> 31
2025-04-24 14:02:36,839 [omNode-2-impl-thread1] INFO  segmented.SegmentedRaftLogWorker (SegmentedRaftLogWorker.java:lambda$new$0(139)) - omNode-2@group-523986131536-SegmentedRaftLogWorker: safeCacheEvictIndex: setUnconditionally 0 -> 29
2025-04-24 14:02:36,839 [omNode-2-impl-thread1] INFO  segmented.BufferedWriteChannel (BufferedWriteChannel.java:open(61)) - open log_inprogress_30 (append) at position 125
2025-04-24 14:02:36,839 [omNode-2-impl-thread1] INFO  server.RaftServer$Division (RaftServerImpl.java:start(391)) - omNode-2@group-523986131536: start as a follower, conf=conf: {index: 30, cur=peers:[omNode-3|localhost:15017, omNode-1|localhost:15009, omNode-2|localhost:15013]|listeners:[], old=null}
2025-04-24 14:02:36,839 [omNode-2-impl-thread1] INFO  server.RaftServer$Division (RaftServerImpl.java:setRole(378)) - omNode-2@group-523986131536: changes role from      null to FOLLOWER at term 3 for startAsFollower
2025-04-24 14:02:36,839 [omNode-2-impl-thread1] INFO  impl.RoleInfo (RoleInfo.java:updateAndGet(148)) - omNode-2: start omNode-2@group-523986131536-FollowerState
2025-04-24 14:02:36,839 [omNode-2-impl-thread1] INFO  util.JmxRegister (JmxRegister.java:tryRegister(44)) - Successfully registered JMX Bean with object name Ratis:service=RaftServer,group=group-523986131536,id=omNode-2
2025-04-24 14:02:36,839 [omNode-2-impl-thread1] INFO  util.JmxRegister (JmxRegister.java:register(58)) - register mxBean class org.apache.ratis.server.impl.RaftServerJmxAdapter as Ratis:service=RaftServer,group=group-523986131536,id=omNode-2
2025-04-24 14:02:36,840 [omNode-2-impl-thread1] INFO  server.RaftServerConfigKeys (ConfUtils.java:logGet(46)) - raft.server.snapshot.trigger-when-stop.enabled = true (default)
2025-04-24 14:02:36,840 [omNode-2-impl-thread1] INFO  server.RaftServerConfigKeys (ConfUtils.java:logGet(46)) - raft.server.snapshot.trigger-when-remove.enabled = true (default)
2025-04-24 14:02:36,840 [omNode-2-impl-thread1] INFO  server.RaftServerConfigKeys (ConfUtils.java:logGet(46)) - raft.server.snapshot.auto.trigger.enabled = true (custom)
2025-04-24 14:02:36,840 [omNode-2-impl-thread1] INFO  server.RaftServerConfigKeys (ConfUtils.java:logGet(46)) - raft.server.snapshot.auto.trigger.threshold = 50 (custom)
2025-04-24 14:02:36,840 [omNode-2-impl-thread1] INFO  server.RaftServerConfigKeys (ConfUtils.java:logGet(46)) - raft.server.snapshot.retention.file.num = -1 (default)
2025-04-24 14:02:36,840 [omNode-2-impl-thread1] INFO  server.RaftServerConfigKeys (ConfUtils.java:logGet(46)) - raft.server.log.purge.upto.snapshot.index = true (custom)
2025-04-24 14:02:36,840 [omNode-2@group-523986131536-FollowerState] INFO  server.RaftServerConfigKeys (ConfUtils.java:logFallback(53)) - raft.server.rpc.first-election.timeout.min = 1s (fallback to raft.server.rpc.timeout.min)
2025-04-24 14:02:36,840 [omNode-2@group-523986131536-FollowerState] INFO  server.RaftServerConfigKeys (ConfUtils.java:logFallback(53)) - raft.server.rpc.first-election.timeout.max = 1200ms (fallback to raft.server.rpc.timeout.max)
2025-04-24 14:02:36,840 [omNode-2-impl-thread1] INFO  server.RaftServer$Division (RaftServerImpl.java:start(405)) - omNode-2@group-523986131536: Successfully started.
2025-04-24 14:02:36,840 [main] INFO  server.RaftServer (RaftServerProxy.java:startImpl(407)) - omNode-2: start RPC server
2025-04-24 14:02:36,841 [main] INFO  server.GrpcService (GrpcService.java:startImpl(334)) - omNode-2: GrpcService started, listening on 15013
2025-04-24 14:02:36,841 [main] INFO  om.OzoneManager (OzoneManager.java:getRpcServer(1360)) - Creating RPC Server
2025-04-24 14:02:36,841 [JvmPauseMonitor13] INFO  util.JvmPauseMonitor (JvmPauseMonitor.java:run(146)) - JvmPauseMonitor-omNode-2: Started
2025-04-24 14:02:37,014 [omNode-3@group-523986131536-FollowerState] INFO  impl.FollowerState (FollowerState.java:runImpl(161)) - omNode-3@group-523986131536-FollowerState: change to CANDIDATE, lastRpcElapsedTime:1158596643ns, electionTimeout:1157ms
2025-04-24 14:02:37,014 [omNode-3@group-523986131536-FollowerState] INFO  impl.RoleInfo (RoleInfo.java:shutdownFollowerState(121)) - omNode-3: shutdown omNode-3@group-523986131536-FollowerState
2025-04-24 14:02:37,014 [omNode-3@group-523986131536-FollowerState] INFO  server.RaftServer$Division (RaftServerImpl.java:setRole(378)) - omNode-3@group-523986131536: changes role from  FOLLOWER to CANDIDATE at term 3 for changeToCandidate
2025-04-24 14:02:37,014 [omNode-3@group-523986131536-FollowerState] INFO  server.RaftServerConfigKeys (ConfUtils.java:logGet(46)) - raft.server.leaderelection.pre-vote = true (default)
2025-04-24 14:02:37,014 [omNode-3@group-523986131536-FollowerState] INFO  impl.RoleInfo (RoleInfo.java:updateAndGet(148)) - omNode-3: start omNode-3@group-523986131536-LeaderElection13
2025-04-24 14:02:37,015 [omNode-3@group-523986131536-LeaderElection13] INFO  impl.LeaderElection (LeaderElection.java:askForVotes(332)) - omNode-3@group-523986131536-LeaderElection13 PRE_VOTE round 0: submit vote requests at term 3 for conf: {index: 30, cur=peers:[omNode-3|localhost:15017, omNode-1|localhost:15009, omNode-2|localhost:15013]|listeners:[], old=null}
2025-04-24 14:02:37,015 [omNode-3@group-523986131536-LeaderElection13-1] INFO  server.GrpcServerProtocolClient (GrpcServerProtocolClient.java:<init>(65)) - Build channel for omNode-1|localhost:15009
2025-04-24 14:02:37,015 [omNode-3@group-523986131536-LeaderElection13-2] INFO  server.GrpcServerProtocolClient (GrpcServerProtocolClient.java:<init>(65)) - Build channel for omNode-2|localhost:15013
2025-04-24 14:02:37,015 [omNode-3@group-523986131536-LeaderElection13] INFO  server.RaftServerConfigKeys (ConfUtils.java:logFallback(53)) - raft.server.rpc.first-election.timeout.min = 1s (fallback to raft.server.rpc.timeout.min)
2025-04-24 14:02:37,016 [omNode-3@group-523986131536-LeaderElection13] INFO  server.RaftServerConfigKeys (ConfUtils.java:logFallback(53)) - raft.server.rpc.first-election.timeout.max = 1200ms (fallback to raft.server.rpc.timeout.max)
2025-04-24 14:02:37,021 [grpc-default-executor-1] INFO  server.RaftServer$Division (RaftServerImpl.java:requestVote(1407)) - omNode-2@group-523986131536: receive requestVote(PRE_VOTE, omNode-3, group-523986131536, 3, (t:3, i:31))
2025-04-24 14:02:37,021 [grpc-default-executor-0] INFO  server.RaftServer$Division (RaftServerImpl.java:requestVote(1407)) - omNode-1@group-523986131536: receive requestVote(PRE_VOTE, omNode-3, group-523986131536, 3, (t:3, i:31))
2025-04-24 14:02:37,021 [grpc-default-executor-0] INFO  impl.VoteContext (VoteContext.java:log(49)) - omNode-1@group-523986131536-FOLLOWER: accept PRE_VOTE from omNode-3: our priority 0 <= candidate's priority 0
2025-04-24 14:02:37,021 [grpc-default-executor-1] INFO  impl.VoteContext (VoteContext.java:log(49)) - omNode-2@group-523986131536-FOLLOWER: accept PRE_VOTE from omNode-3: our priority 0 <= candidate's priority 0
2025-04-24 14:02:37,021 [grpc-default-executor-0] INFO  server.RaftServer$Division (RaftServerImpl.java:requestVote(1441)) - omNode-1@group-523986131536 replies to PRE_VOTE vote request: omNode-3<-omNode-1#0:OK-t3. Peer's state: omNode-1@group-523986131536:t3, leader=null, voted=omNode-3, raftlog=Memoized:omNode-1@group-523986131536-SegmentedRaftLog:OPENED:c30:last(t:3, i:31), conf=conf: {index: 30, cur=peers:[omNode-3|localhost:15017, omNode-1|localhost:15009, omNode-2|localhost:15013]|listeners:[], old=null}
2025-04-24 14:02:37,021 [grpc-default-executor-1] INFO  server.RaftServer$Division (RaftServerImpl.java:requestVote(1441)) - omNode-2@group-523986131536 replies to PRE_VOTE vote request: omNode-3<-omNode-2#0:OK-t3. Peer's state: omNode-2@group-523986131536:t3, leader=null, voted=, raftlog=Memoized:omNode-2@group-523986131536-SegmentedRaftLog:OPENED:c30:last(t:3, i:31), conf=conf: {index: 30, cur=peers:[omNode-3|localhost:15017, omNode-1|localhost:15009, omNode-2|localhost:15013]|listeners:[], old=null}
2025-04-24 14:02:37,022 [omNode-3@group-523986131536-LeaderElection13] INFO  impl.LeaderElection (LeaderElection.java:logAndReturn(90)) - omNode-3@group-523986131536-LeaderElection13: PRE_VOTE PASSED received 1 response(s) and 0 exception(s):
2025-04-24 14:02:37,022 [omNode-3@group-523986131536-LeaderElection13] INFO  impl.LeaderElection (LeaderElection.java:logAndReturn(94)) -   Response 0: omNode-3<-omNode-2#0:OK-t3
2025-04-24 14:02:37,022 [omNode-3@group-523986131536-LeaderElection13] INFO  impl.LeaderElection (LeaderElection.java:askForVotes(334)) - omNode-3@group-523986131536-LeaderElection13 PRE_VOTE round 0: result PASSED
2025-04-24 14:02:37,024 [omNode-3@group-523986131536-LeaderElection13] INFO  impl.LeaderElection (LeaderElection.java:askForVotes(332)) - omNode-3@group-523986131536-LeaderElection13 ELECTION round 0: submit vote requests at term 4 for conf: {index: 30, cur=peers:[omNode-3|localhost:15017, omNode-1|localhost:15009, omNode-2|localhost:15013]|listeners:[], old=null}
2025-04-24 14:02:37,024 [omNode-3@group-523986131536-LeaderElection13] INFO  server.RaftServerConfigKeys (ConfUtils.java:logFallback(53)) - raft.server.rpc.first-election.timeout.min = 1s (fallback to raft.server.rpc.timeout.min)
2025-04-24 14:02:37,024 [omNode-3@group-523986131536-LeaderElection13] INFO  server.RaftServerConfigKeys (ConfUtils.java:logFallback(53)) - raft.server.rpc.first-election.timeout.max = 1200ms (fallback to raft.server.rpc.timeout.max)
2025-04-24 14:02:37,025 [grpc-default-executor-0] INFO  server.RaftServer$Division (RaftServerImpl.java:requestVote(1407)) - omNode-1@group-523986131536: receive requestVote(ELECTION, omNode-3, group-523986131536, 4, (t:3, i:31))
2025-04-24 14:02:37,025 [grpc-default-executor-0] INFO  impl.VoteContext (VoteContext.java:log(49)) - omNode-1@group-523986131536-FOLLOWER: accept ELECTION from omNode-3: our priority 0 <= candidate's priority 0
2025-04-24 14:02:37,025 [grpc-default-executor-0] INFO  server.RaftServer$Division (RaftServerImpl.java:setRole(378)) - omNode-1@group-523986131536: changes role from  FOLLOWER to FOLLOWER at term 3 for candidate:omNode-3
2025-04-24 14:02:37,025 [grpc-default-executor-0] INFO  impl.RoleInfo (RoleInfo.java:shutdownFollowerState(121)) - omNode-1: shutdown omNode-1@group-523986131536-FollowerState
2025-04-24 14:02:37,025 [grpc-default-executor-0] INFO  impl.RoleInfo (RoleInfo.java:updateAndGet(148)) - omNode-1: start omNode-1@group-523986131536-FollowerState
2025-04-24 14:02:37,026 [omNode-1@group-523986131536-FollowerState] INFO  server.RaftServerConfigKeys (ConfUtils.java:logFallback(53)) - raft.server.rpc.first-election.timeout.min = 1s (fallback to raft.server.rpc.timeout.min)
2025-04-24 14:02:37,026 [omNode-1@group-523986131536-FollowerState] INFO  server.RaftServerConfigKeys (ConfUtils.java:logFallback(53)) - raft.server.rpc.first-election.timeout.max = 1200ms (fallback to raft.server.rpc.timeout.max)
2025-04-24 14:02:37,026 [grpc-default-executor-0] INFO  server.RaftServer$Division (RaftServerImpl.java:setFirstElection(562)) - omNode-1@group-523986131536: set firstElectionSinceStartup to false for candidate:omNode-3
2025-04-24 14:02:37,027 [omNode-1@group-523986131536-FollowerState] INFO  impl.FollowerState (FollowerState.java:runImpl(170)) - omNode-1@group-523986131536-FollowerState was interrupted
2025-04-24 14:02:37,027 [grpc-default-executor-1] INFO  server.RaftServer$Division (RaftServerImpl.java:requestVote(1407)) - omNode-2@group-523986131536: receive requestVote(ELECTION, omNode-3, group-523986131536, 4, (t:3, i:31))
2025-04-24 14:02:37,027 [grpc-default-executor-1] INFO  impl.VoteContext (VoteContext.java:log(49)) - omNode-2@group-523986131536-FOLLOWER: accept ELECTION from omNode-3: our priority 0 <= candidate's priority 0
2025-04-24 14:02:37,027 [grpc-default-executor-1] INFO  server.RaftServer$Division (RaftServerImpl.java:setRole(378)) - omNode-2@group-523986131536: changes role from  FOLLOWER to FOLLOWER at term 3 for candidate:omNode-3
2025-04-24 14:02:37,027 [grpc-default-executor-1] INFO  impl.RoleInfo (RoleInfo.java:shutdownFollowerState(121)) - omNode-2: shutdown omNode-2@group-523986131536-FollowerState
2025-04-24 14:02:37,027 [grpc-default-executor-1] INFO  impl.RoleInfo (RoleInfo.java:updateAndGet(148)) - omNode-2: start omNode-2@group-523986131536-FollowerState
2025-04-24 14:02:37,028 [grpc-default-executor-1] INFO  server.RaftServer$Division (RaftServerImpl.java:setFirstElection(562)) - omNode-2@group-523986131536: set firstElectionSinceStartup to false for candidate:omNode-3
2025-04-24 14:02:37,028 [grpc-default-executor-0] INFO  server.RaftServer$Division (RaftServerImpl.java:requestVote(1441)) - omNode-1@group-523986131536 replies to ELECTION vote request: omNode-3<-omNode-1#0:OK-t4. Peer's state: omNode-1@group-523986131536:t4, leader=null, voted=omNode-3, raftlog=Memoized:omNode-1@group-523986131536-SegmentedRaftLog:OPENED:c30:last(t:3, i:31), conf=conf: {index: 30, cur=peers:[omNode-3|localhost:15017, omNode-1|localhost:15009, omNode-2|localhost:15013]|listeners:[], old=null}
2025-04-24 14:02:37,029 [grpc-default-executor-1] INFO  server.RaftServer$Division (RaftServerImpl.java:requestVote(1441)) - omNode-2@group-523986131536 replies to ELECTION vote request: omNode-3<-omNode-2#0:OK-t4. Peer's state: omNode-2@group-523986131536:t4, leader=null, voted=omNode-3, raftlog=Memoized:omNode-2@group-523986131536-SegmentedRaftLog:OPENED:c30:last(t:3, i:31), conf=conf: {index: 30, cur=peers:[omNode-3|localhost:15017, omNode-1|localhost:15009, omNode-2|localhost:15013]|listeners:[], old=null}
2025-04-24 14:02:37,029 [omNode-2@group-523986131536-FollowerState] INFO  impl.FollowerState (FollowerState.java:runImpl(170)) - omNode-2@group-523986131536-FollowerState was interrupted
2025-04-24 14:02:37,029 [omNode-3@group-523986131536-LeaderElection13] INFO  impl.LeaderElection (LeaderElection.java:logAndReturn(90)) - omNode-3@group-523986131536-LeaderElection13: ELECTION PASSED received 1 response(s) and 0 exception(s):
2025-04-24 14:02:37,029 [omNode-3@group-523986131536-LeaderElection13] INFO  impl.LeaderElection (LeaderElection.java:logAndReturn(94)) -   Response 0: omNode-3<-omNode-1#0:OK-t4
2025-04-24 14:02:37,029 [omNode-3@group-523986131536-LeaderElection13] INFO  impl.LeaderElection (LeaderElection.java:askForVotes(334)) - omNode-3@group-523986131536-LeaderElection13 ELECTION round 0: result PASSED
2025-04-24 14:02:37,030 [omNode-3@group-523986131536-LeaderElection13] INFO  impl.RoleInfo (RoleInfo.java:shutdownLeaderElection(141)) - omNode-3: shutdown omNode-3@group-523986131536-LeaderElection13
2025-04-24 14:02:37,030 [omNode-3@group-523986131536-LeaderElection13] INFO  server.RaftServer$Division (RaftServerImpl.java:setRole(378)) - omNode-3@group-523986131536: changes role from CANDIDATE to LEADER at term 4 for changeToLeader
2025-04-24 14:02:37,030 [omNode-3@group-523986131536-LeaderElection13] INFO  server.RaftServerConfigKeys (ConfUtils.java:logGet(46)) - raft.server.staging.catchup.gap = 1000 (default)
2025-04-24 14:02:37,030 [omNode-3@group-523986131536-LeaderElection13] INFO  server.RaftServerConfigKeys (ConfUtils.java:logGet(46)) - raft.server.write.element-limit = 4096 (default)
2025-04-24 14:02:37,030 [omNode-3@group-523986131536-LeaderElection13] INFO  server.RaftServerConfigKeys (ConfUtils.java:logGet(46)) - raft.server.write.byte-limit = 64MB (=67108864) (default)
2025-04-24 14:02:37,030 [omNode-3@group-523986131536-LeaderElection13] INFO  server.RaftServerConfigKeys (ConfUtils.java:logGet(46)) - raft.server.watch.timeout = 10s (default)
2025-04-24 14:02:37,031 [omNode-3@group-523986131536-LeaderElection13] INFO  server.RaftServerConfigKeys (ConfUtils.java:logGet(46)) - raft.server.watch.timeout.denomination = 1s (default)
2025-04-24 14:02:37,031 [omNode-3@group-523986131536-LeaderElection13] INFO  server.RaftServerConfigKeys (ConfUtils.java:logGet(46)) - raft.server.watch.element-limit = 65536 (default)
2025-04-24 14:02:37,031 [omNode-3@group-523986131536-LeaderElection13] INFO  server.RaftServerConfigKeys (ConfUtils.java:logGet(46)) - raft.server.read.leader.lease.enabled = false (default)
2025-04-24 14:02:37,031 [omNode-3@group-523986131536-LeaderElection13] INFO  server.RaftServerConfigKeys (ConfUtils.java:logGet(46)) - raft.server.read.leader.lease.timeout.ratio = 0.9 (default)
2025-04-24 14:02:37,031 [omNode-3@group-523986131536-LeaderElection13] INFO  server.RaftServerConfigKeys (ConfUtils.java:logGet(46)) - raft.server.rpc.timeout.min = 1s (custom)
2025-04-24 14:02:37,031 [omNode-3@group-523986131536-LeaderElection13] INFO  server.RaftServerConfigKeys (ConfUtils.java:logGet(46)) - raft.server.log.log-metadata.enabled = true (default)
2025-04-24 14:02:37,031 [omNode-3@group-523986131536-LeaderElection13] INFO  server.RaftServerConfigKeys (ConfUtils.java:logGet(46)) - raft.server.write.element-limit = 4096 (default)
2025-04-24 14:02:37,031 [omNode-3@group-523986131536-LeaderElection13] INFO  server.RaftServerConfigKeys (ConfUtils.java:logGet(46)) - raft.server.write.follower.gap.ratio.max = -1.0 (default)
2025-04-24 14:02:37,032 [omNode-3@group-523986131536-LeaderElection13] INFO  server.RaftServerConfigKeys (ConfUtils.java:logGet(46)) - raft.server.log.appender.snapshot.chunk.size.max = 16MB (=16777216) (default)
2025-04-24 14:02:37,032 [omNode-3@group-523986131536-LeaderElection13] INFO  server.RaftServerConfigKeys (ConfUtils.java:logGet(46)) - raft.server.log.appender.buffer.byte-limit = 4194304 (custom)
2025-04-24 14:02:37,032 [omNode-3@group-523986131536-LeaderElection13] INFO  server.RaftServerConfigKeys (ConfUtils.java:logGet(46)) - raft.server.log.appender.buffer.element-limit = 1024 (custom)
2025-04-24 14:02:37,032 [omNode-3@group-523986131536-LeaderElection13] INFO  server.RaftServerConfigKeys (ConfUtils.java:logGet(46)) - raft.server.log.appender.wait-time.min = 0ms (custom)
2025-04-24 14:02:37,032 [omNode-3@group-523986131536-LeaderElection13] INFO  grpc.GrpcConfigKeys (ConfUtils.java:logGet(46)) - raft.grpc.server.leader.outstanding.appends.max = 8 (default)
2025-04-24 14:02:37,032 [omNode-3@group-523986131536-LeaderElection13] INFO  server.RaftServerConfigKeys (ConfUtils.java:logGet(46)) - raft.server.rpc.request.timeout = 3000ms (default)
2025-04-24 14:02:37,033 [omNode-3@group-523986131536-LeaderElection13] INFO  grpc.GrpcConfigKeys (ConfUtils.java:logGet(46)) - raft.grpc.server.install_snapshot.request.element-limit = 8 (default)
2025-04-24 14:02:37,033 [omNode-3@group-523986131536-LeaderElection13] INFO  grpc.GrpcConfigKeys (ConfUtils.java:logGet(46)) - raft.grpc.server.install_snapshot.request.timeout = 3000ms (default)
2025-04-24 14:02:37,033 [omNode-3@group-523986131536-LeaderElection13] INFO  grpc.GrpcConfigKeys (ConfUtils.java:logGet(46)) - raft.grpc.server.log-message.batch.duration = 5s (default)
2025-04-24 14:02:37,033 [omNode-3@group-523986131536-LeaderElection13] INFO  server.RaftServerConfigKeys (ConfUtils.java:logGet(46)) - raft.server.log.appender.install.snapshot.enabled = false (custom)
2025-04-24 14:02:37,033 [omNode-3@group-523986131536-LeaderElection13] INFO  grpc.GrpcConfigKeys (ConfUtils.java:logGet(46)) - raft.grpc.server.heartbeat.channel = true (default)
2025-04-24 14:02:37,034 [omNode-3@group-523986131536-LeaderElection13] INFO  server.RaftServerConfigKeys (ConfUtils.java:logGet(46)) - raft.server.log.appender.snapshot.chunk.size.max = 16MB (=16777216) (default)
2025-04-24 14:02:37,034 [omNode-3@group-523986131536-LeaderElection13] INFO  server.RaftServerConfigKeys (ConfUtils.java:logGet(46)) - raft.server.log.appender.buffer.byte-limit = 4194304 (custom)
2025-04-24 14:02:37,034 [omNode-3@group-523986131536-LeaderElection13] INFO  server.RaftServerConfigKeys (ConfUtils.java:logGet(46)) - raft.server.log.appender.buffer.element-limit = 1024 (custom)
2025-04-24 14:02:37,034 [omNode-3@group-523986131536-LeaderElection13] INFO  server.RaftServerConfigKeys (ConfUtils.java:logGet(46)) - raft.server.log.appender.wait-time.min = 0ms (custom)
2025-04-24 14:02:37,034 [omNode-3@group-523986131536-LeaderElection13] INFO  grpc.GrpcConfigKeys (ConfUtils.java:logGet(46)) - raft.grpc.server.leader.outstanding.appends.max = 8 (default)
2025-04-24 14:02:37,034 [omNode-3@group-523986131536-LeaderElection13] INFO  server.RaftServerConfigKeys (ConfUtils.java:logGet(46)) - raft.server.rpc.request.timeout = 3000ms (default)
2025-04-24 14:02:37,034 [omNode-3@group-523986131536-LeaderElection13] INFO  grpc.GrpcConfigKeys (ConfUtils.java:logGet(46)) - raft.grpc.server.install_snapshot.request.element-limit = 8 (default)
2025-04-24 14:02:37,034 [omNode-3@group-523986131536-LeaderElection13] INFO  grpc.GrpcConfigKeys (ConfUtils.java:logGet(46)) - raft.grpc.server.install_snapshot.request.timeout = 3000ms (default)
2025-04-24 14:02:37,034 [omNode-3@group-523986131536-LeaderElection13] INFO  grpc.GrpcConfigKeys (ConfUtils.java:logGet(46)) - raft.grpc.server.log-message.batch.duration = 5s (default)
2025-04-24 14:02:37,034 [omNode-3@group-523986131536-LeaderElection13] INFO  server.RaftServerConfigKeys (ConfUtils.java:logGet(46)) - raft.server.log.appender.install.snapshot.enabled = false (custom)
2025-04-24 14:02:37,035 [omNode-3@group-523986131536-LeaderElection13] INFO  grpc.GrpcConfigKeys (ConfUtils.java:logGet(46)) - raft.grpc.server.heartbeat.channel = true (default)
2025-04-24 14:02:37,035 [omNode-3@group-523986131536-LeaderElection13] INFO  impl.RoleInfo (RoleInfo.java:updateAndGet(148)) - omNode-3: start omNode-3@group-523986131536-LeaderStateImpl
2025-04-24 14:02:37,035 [omNode-3@group-523986131536-LeaderElection13] INFO  server.RaftServer$Division (RaftServerImpl.java:setFirstElection(562)) - omNode-3@group-523986131536: set firstElectionSinceStartup to false for becomeLeader
2025-04-24 14:02:37,035 [omNode-3@group-523986131536-LeaderElection13] INFO  ratis.OzoneManagerStateMachine (OzoneManagerStateMachine.java:notifyLeaderChanged(169)) - omNode-3@group-523986131536: leader changed to omNode-3
2025-04-24 14:02:37,035 [omNode-3@group-523986131536-LeaderElection13] INFO  server.RaftServer$Division (ServerState.java:setLeader(272)) - omNode-3@group-523986131536: change Leader from null to omNode-3 at term 4 for becomeLeader, leader elected after 1191ms
2025-04-24 14:02:37,035 [omNode-3@group-523986131536-LeaderElection13] INFO  segmented.SegmentedRaftLogWorker (SegmentedRaftLogWorker.java:rollLogSegment(443)) - omNode-3@group-523986131536-SegmentedRaftLogWorker: Rolling segment log-30_31 to index:31
2025-04-24 14:02:37,036 [omNode-3@group-523986131536-LeaderElection13] INFO  server.RaftServer$Division (ServerState.java:setRaftConf(386)) - omNode-3@group-523986131536: set configuration conf: {index: 32, cur=peers:[omNode-3|localhost:15017, omNode-1|localhost:15009, omNode-2|localhost:15013]|listeners:[], old=null}
2025-04-24 14:02:37,036 [omNode-3@group-523986131536-SegmentedRaftLogWorker] INFO  segmented.SegmentedRaftLogWorker (SegmentedRaftLogWorker.java:execute(601)) - omNode-3@group-523986131536-SegmentedRaftLogWorker: Rolled log segment from /home/runner/work/ozone/ozone/hadoop-ozone/integration-test/target/test-dir/MiniOzoneClusterImpl-4e6105ad-12bc-4f18-9d37-351d73277e17/omNode-3/ratis/c9bc4cf4-3bc3-3c60-a66b-523986131536/current/log_inprogress_30 to /home/runner/work/ozone/ozone/hadoop-ozone/integration-test/target/test-dir/MiniOzoneClusterImpl-4e6105ad-12bc-4f18-9d37-351d73277e17/omNode-3/ratis/c9bc4cf4-3bc3-3c60-a66b-523986131536/current/log_30-31
2025-04-24 14:02:37,036 [omNode-3@group-523986131536-SegmentedRaftLogWorker] INFO  segmented.BufferedWriteChannel (BufferedWriteChannel.java:open(61)) - open log_inprogress_32 at position 0
2025-04-24 14:02:37,044 [omNode-2-server-thread1] INFO  ratis.OzoneManagerStateMachine (OzoneManagerStateMachine.java:notifyLeaderChanged(169)) - omNode-2@group-523986131536: leader changed to omNode-3
2025-04-24 14:02:37,044 [omNode-2-server-thread1] INFO  server.RaftServer$Division (ServerState.java:setLeader(272)) - omNode-2@group-523986131536: change Leader from null to omNode-3 at term 4 for appendEntries, leader elected after 213ms
2025-04-24 14:02:37,045 [omNode-2-server-thread2] INFO  server.RaftServer$Division (ServerState.java:setRaftConf(386)) - omNode-2@group-523986131536: set configuration conf: {index: 32, cur=peers:[omNode-3|localhost:15017, omNode-1|localhost:15009, omNode-2|localhost:15013]|listeners:[], old=null}
2025-04-24 14:02:37,045 [omNode-2-server-thread2] INFO  segmented.SegmentedRaftLogWorker (SegmentedRaftLogWorker.java:rollLogSegment(443)) - omNode-2@group-523986131536-SegmentedRaftLogWorker: Rolling segment log-30_31 to index:31
2025-04-24 14:02:37,047 [omNode-2@group-523986131536-SegmentedRaftLogWorker] INFO  segmented.SegmentedRaftLogWorker (SegmentedRaftLogWorker.java:execute(601)) - omNode-2@group-523986131536-SegmentedRaftLogWorker: Rolled log segment from /home/runner/work/ozone/ozone/hadoop-ozone/integration-test/target/test-dir/MiniOzoneClusterImpl-4e6105ad-12bc-4f18-9d37-351d73277e17/omNode-2/ratis/c9bc4cf4-3bc3-3c60-a66b-523986131536/current/log_inprogress_30 to /home/runner/work/ozone/ozone/hadoop-ozone/integration-test/target/test-dir/MiniOzoneClusterImpl-4e6105ad-12bc-4f18-9d37-351d73277e17/omNode-2/ratis/c9bc4cf4-3bc3-3c60-a66b-523986131536/current/log_30-31
2025-04-24 14:02:37,048 [omNode-2@group-523986131536-SegmentedRaftLogWorker] INFO  segmented.BufferedWriteChannel (BufferedWriteChannel.java:open(61)) - open log_inprogress_32 at position 0
2025-04-24 14:02:37,048 [omNode-1-server-thread1] INFO  ratis.OzoneManagerStateMachine (OzoneManagerStateMachine.java:notifyLeaderChanged(169)) - omNode-1@group-523986131536: leader changed to omNode-3
2025-04-24 14:02:37,048 [omNode-1-server-thread1] INFO  server.RaftServer$Division (ServerState.java:setLeader(272)) - omNode-1@group-523986131536: change Leader from null to omNode-3 at term 4 for appendEntries, leader elected after 695ms
2025-04-24 14:02:37,049 [omNode-1-server-thread2] INFO  server.RaftServer$Division (ServerState.java:setRaftConf(386)) - omNode-1@group-523986131536: set configuration conf: {index: 32, cur=peers:[omNode-3|localhost:15017, omNode-1|localhost:15009, omNode-2|localhost:15013]|listeners:[], old=null}
2025-04-24 14:02:37,049 [omNode-1-server-thread2] INFO  segmented.SegmentedRaftLogWorker (SegmentedRaftLogWorker.java:rollLogSegment(443)) - omNode-1@group-523986131536-SegmentedRaftLogWorker: Rolling segment log-30_31 to index:31
2025-04-24 14:02:37,050 [omNode-1@group-523986131536-SegmentedRaftLogWorker] INFO  segmented.SegmentedRaftLogWorker (SegmentedRaftLogWorker.java:execute(601)) - omNode-1@group-523986131536-SegmentedRaftLogWorker: Rolled log segment from /home/runner/work/ozone/ozone/hadoop-ozone/integration-test/target/test-dir/MiniOzoneClusterImpl-4e6105ad-12bc-4f18-9d37-351d73277e17/omNode-1/ratis/c9bc4cf4-3bc3-3c60-a66b-523986131536/current/log_inprogress_30 to /home/runner/work/ozone/ozone/hadoop-ozone/integration-test/target/test-dir/MiniOzoneClusterImpl-4e6105ad-12bc-4f18-9d37-351d73277e17/omNode-1/ratis/c9bc4cf4-3bc3-3c60-a66b-523986131536/current/log_30-31
2025-04-24 14:02:37,051 [omNode-1@group-523986131536-SegmentedRaftLogWorker] INFO  segmented.BufferedWriteChannel (BufferedWriteChannel.java:open(61)) - open log_inprogress_32 at position 0
2025-04-24 14:02:37,052 [omNode-3@group-523986131536-SegmentedRaftLogWorker] INFO  segmented.SegmentedRaftLogWorker (SegmentedRaftLogWorker.java:execute(644)) - omNode-3@group-523986131536-SegmentedRaftLogWorker: created new log segment /home/runner/work/ozone/ozone/hadoop-ozone/integration-test/target/test-dir/MiniOzoneClusterImpl-4e6105ad-12bc-4f18-9d37-351d73277e17/omNode-3/ratis/c9bc4cf4-3bc3-3c60-a66b-523986131536/current/log_inprogress_32
2025-04-24 14:02:37,066 [omNode-2@group-523986131536-SegmentedRaftLogWorker] INFO  segmented.SegmentedRaftLogWorker (SegmentedRaftLogWorker.java:execute(644)) - omNode-2@group-523986131536-SegmentedRaftLogWorker: created new log segment /home/runner/work/ozone/ozone/hadoop-ozone/integration-test/target/test-dir/MiniOzoneClusterImpl-4e6105ad-12bc-4f18-9d37-351d73277e17/omNode-2/ratis/c9bc4cf4-3bc3-3c60-a66b-523986131536/current/log_inprogress_32
2025-04-24 14:02:37,066 [omNode-1@group-523986131536-SegmentedRaftLogWorker] INFO  segmented.SegmentedRaftLogWorker (SegmentedRaftLogWorker.java:execute(644)) - omNode-1@group-523986131536-SegmentedRaftLogWorker: created new log segment /home/runner/work/ozone/ozone/hadoop-ozone/integration-test/target/test-dir/MiniOzoneClusterImpl-4e6105ad-12bc-4f18-9d37-351d73277e17/omNode-1/ratis/c9bc4cf4-3bc3-3c60-a66b-523986131536/current/log_inprogress_32
2025-04-24 14:02:37,070 [omNode-3@group-523986131536-StateMachineUpdater] INFO  ratis.OzoneManagerStateMachine (OzoneManagerStateMachine.java:notifyConfigurationChanged(231)) - notifyConfigurationChanged from Ratis: term=4, index=32, New Peer list: omNode-3(localhost:15017), omNode-1(localhost:15009), omNode-2(localhost:15013)
2025-04-24 14:02:37,070 [omNode-3@group-523986131536-StateMachineUpdater] INFO  server.RaftServer$Division (LeaderStateImpl.java:checkStartIndex(313)) - Leader omNode-3@group-523986131536-LeaderStateImpl is ready since appliedIndex == startIndex == 32
2025-04-24 14:02:37,073 [omNode-1@group-523986131536-StateMachineUpdater] INFO  ratis.OzoneManagerStateMachine (OzoneManagerStateMachine.java:notifyConfigurationChanged(231)) - notifyConfigurationChanged from Ratis: term=4, index=32, New Peer list: omNode-3(localhost:15017), omNode-1(localhost:15009), omNode-2(localhost:15013)
2025-04-24 14:02:37,074 [omNode-2@group-523986131536-StateMachineUpdater] INFO  ratis.OzoneManagerStateMachine (OzoneManagerStateMachine.java:notifyConfigurationChanged(231)) - notifyConfigurationChanged from Ratis: term=4, index=32, New Peer list: omNode-3(localhost:15017), omNode-1(localhost:15009), omNode-2(localhost:15013)
2025-04-24 14:02:37,221 [main] INFO  reflections.Reflections (Reflections.java:scan(219)) - Reflections took 379 ms to scan 22 urls, producing 61 keys and 7423 values
2025-04-24 14:02:37,222 [main] INFO  ipc.CallQueueManager (CallQueueManager.java:<init>(93)) - Using callQueue: class java.util.concurrent.LinkedBlockingQueue, queueCapacity: 2000, scheduler: class org.apache.hadoop.ipc.DefaultRpcScheduler, ipcBackoff: false, ipcFailOver: false.
2025-04-24 14:02:37,223 [main] INFO  ipc.Server (Server.java:<init>(1438)) - Listener at localhost:15010
2025-04-24 14:02:37,223 [Socket Reader #1 for port 15010] INFO  ipc.Server (Server.java:run(1474)) - Starting Socket Reader #1 for port 15010
2025-04-24 14:02:37,223 [Socket Reader #2 for port 15010] INFO  ipc.Server (Server.java:run(1474)) - Starting Socket Reader #2 for port 15010
2025-04-24 14:02:37,223 [Socket Reader #3 for port 15010] INFO  ipc.Server (Server.java:run(1474)) - Starting Socket Reader #3 for port 15010
2025-04-24 14:02:37,224 [Socket Reader #4 for port 15010] INFO  ipc.Server (Server.java:run(1474)) - Starting Socket Reader #4 for port 15010
2025-04-24 14:02:37,224 [Socket Reader #5 for port 15010] INFO  ipc.Server (Server.java:run(1474)) - Starting Socket Reader #5 for port 15010
2025-04-24 14:02:37,224 [Socket Reader #6 for port 15010] INFO  ipc.Server (Server.java:run(1474)) - Starting Socket Reader #6 for port 15010
2025-04-24 14:02:37,224 [Socket Reader #8 for port 15010] INFO  ipc.Server (Server.java:run(1474)) - Starting Socket Reader #8 for port 15010
2025-04-24 14:02:37,225 [Socket Reader #7 for port 15010] INFO  ipc.Server (Server.java:run(1474)) - Starting Socket Reader #7 for port 15010
2025-04-24 14:02:37,225 [Socket Reader #9 for port 15010] INFO  ipc.Server (Server.java:run(1474)) - Starting Socket Reader #9 for port 15010
2025-04-24 14:02:37,225 [Socket Reader #10 for port 15010] INFO  ipc.Server (Server.java:run(1474)) - Starting Socket Reader #10 for port 15010
2025-04-24 14:02:37,227 [main] INFO  http.BaseHttpServer (BaseHttpServer.java:newHttpServer2BuilderForOzone(229)) - Starting Web-server for ozoneManager at: http://0.0.0.0:15011
2025-04-24 14:02:37,227 [main] INFO  http.BaseHttpServer (BaseHttpServer.java:<init>(107)) - Hadoop Security Enabled: false Ozone Security Enabled: false Ozone HTTP Security Enabled: false 
2025-04-24 14:02:37,229 [main] WARN  server.AuthenticationFilter (AuthenticationFilter.java:constructSecretProvider(240)) - Unable to initialize FileSignerSecretProvider, falling back to use random secrets. Reason: Could not read signature secret file: /home/runner/hadoop-http-auth-signature-secret
2025-04-24 14:02:37,231 [main] INFO  http.HttpServer2 (HttpServer2.java:addGlobalFilter(1041)) - Added global filter 'safety' (class=org.apache.hadoop.hdds.server.http.HttpServer2$QuotingInputFilter)
2025-04-24 14:02:37,232 [main] INFO  http.HttpServer2 (HttpServer2.java:addFilter(1017)) - Added filter static_user_filter (class=org.apache.hadoop.http.lib.StaticUserWebFilter$StaticUserFilter) to context ozoneManager
2025-04-24 14:02:37,232 [main] INFO  http.HttpServer2 (HttpServer2.java:addFilter(1025)) - Added filter static_user_filter (class=org.apache.hadoop.http.lib.StaticUserWebFilter$StaticUserFilter) to context logs
2025-04-24 14:02:37,232 [main] INFO  http.HttpServer2 (HttpServer2.java:addFilter(1025)) - Added filter static_user_filter (class=org.apache.hadoop.http.lib.StaticUserWebFilter$StaticUserFilter) to context static
2025-04-24 14:02:37,233 [main] INFO  http.BaseHttpServer (BaseHttpServer.java:<init>(195)) - HTTP server of ozoneManager uses base directory /home/runner/work/ozone/ozone/hadoop-ozone/integration-test/target/test-dir/MiniOzoneClusterImpl-4e6105ad-12bc-4f18-9d37-351d73277e17/omNode-2/webserver
2025-04-24 14:02:37,233 [main] INFO  http.HttpServer2 (HttpServer2.java:bindListener(1241)) - Jetty bound to port 15011
2025-04-24 14:02:37,233 [main] INFO  server.Server (Server.java:doStart(375)) - jetty-9.4.57.v20241219; built: 2025-01-08T21:24:30.412Z; git: df524e6b29271c2e09ba9aea83c18dc9db464a31; jvm 21.0.7+6-LTS
2025-04-24 14:02:37,237 [main] INFO  server.session (DefaultSessionIdManager.java:doStart(334)) - DefaultSessionIdManager workerName=node0
2025-04-24 14:02:37,237 [main] INFO  server.session (DefaultSessionIdManager.java:doStart(339)) - No SessionScavenger set, using defaults
2025-04-24 14:02:37,238 [main] INFO  server.session (HouseKeeper.java:startScavenging(132)) - node0 Scavenging every 600000ms
2025-04-24 14:02:37,238 [main] INFO  handler.ContextHandler (ContextHandler.java:doStart(921)) - Started o.e.j.s.ServletContextHandler@56930e8b{logs,/logs,file:///home/runner/work/ozone/ozone/hadoop-ozone/integration-test/target/log,AVAILABLE}
2025-04-24 14:02:37,238 [main] INFO  handler.ContextHandler (ContextHandler.java:doStart(921)) - Started o.e.j.s.ServletContextHandler@da5ceeb{static,/static,file:///home/runner/work/ozone/ozone/hadoop-ozone/integration-test/target/test-classes/webapps/static,AVAILABLE}
2025-04-24 14:02:37,243 [main] INFO  handler.ContextHandler (ContextHandler.java:doStart(921)) - Started o.e.j.w.WebAppContext@5860be0{ozoneManager,/,file:///home/runner/work/ozone/ozone/hadoop-ozone/integration-test/target/test-classes/webapps/ozoneManager/,AVAILABLE}{file:/home/runner/work/ozone/ozone/hadoop-ozone/integration-test/target/test-classes/webapps/ozoneManager}
2025-04-24 14:02:37,243 [main] INFO  server.AbstractConnector (AbstractConnector.java:doStart(333)) - Started ServerConnector@605f08ed{HTTP/1.1, (http/1.1)}{0.0.0.0:15011}
2025-04-24 14:02:37,243 [main] INFO  server.Server (Server.java:doStart(415)) - Started @38575ms
2025-04-24 14:02:37,243 [main] WARN  impl.MetricsSystemImpl (MetricsSystemImpl.java:register(279)) - Sink prometheus already exists!
2025-04-24 14:02:37,244 [main] INFO  http.BaseHttpServer (BaseHttpServer.java:updateConnectorAddress(360)) - HTTP server of ozoneManager listening at http://0.0.0.0:15011
2025-04-24 14:02:37,246 [IPC Server Responder] INFO  ipc.Server (Server.java:run(1713)) - IPC Server Responder: starting
2025-04-24 14:02:37,246 [IPC Server listener on 15010] INFO  ipc.Server (Server.java:run(1553)) - IPC Server listener on 15010: starting
2025-04-24 14:02:37,248 [main] INFO  om.OzoneManager (OzoneManager.java:startTrashEmptier(2257)) - Trash Interval set to 0. Files deleted won't move to trash
]]></system-out>
  </testcase>
  <testcase name="testConf" classname="org.apache.hadoop.ozone.om.TestOzoneManagerHAWithStoppedNodes" time="4.157">
    <system-out><![CDATA[2025-04-24 14:02:37,250 [main] INFO  server.RaftServerConfigKeys (ConfUtils.java:logGet(46)) - raft.server.log.appender.wait-time.min = 0ms (custom)
2025-04-24 14:02:37,250 [main] INFO  om.OzoneManager (OzoneManager.java:stop(2347)) - omNode-3[localhost:15014]: Stopping Ozone Manager
2025-04-24 14:02:37,250 [main] INFO  ipc.Server (Server.java:stop(3697)) - Stopping server on 15014
2025-04-24 14:02:37,252 [IPC Server listener on 15014] INFO  ipc.Server (Server.java:run(1585)) - Stopping IPC Server listener on 15014
2025-04-24 14:02:37,252 [IPC Server Responder] INFO  ipc.Server (Server.java:run(1718)) - Stopping IPC Server Responder
2025-04-24 14:02:37,252 [main] INFO  ratis.OzoneManagerRatisServer (OzoneManagerRatisServer.java:stop(634)) - Stopping org.apache.hadoop.ozone.om.ratis.OzoneManagerRatisServer@241d942b at port 15017
2025-04-24 14:02:37,252 [main] INFO  server.RaftServer (RaftServerProxy.java:lambda$close$9(417)) - omNode-3: close
2025-04-24 14:02:37,252 [main] INFO  server.GrpcService (GrpcService.java:closeImpl(343)) - omNode-3: shutdown server GrpcServerProtocolService now
2025-04-24 14:02:37,253 [omNode-3-impl-thread1] INFO  server.RaftServer$Division (RaftServerImpl.java:lambda$close$1(513)) - omNode-3@group-523986131536: shutdown
2025-04-24 14:02:37,253 [omNode-3-impl-thread1] INFO  util.JmxRegister (JmxRegister.java:unregister(74)) - Successfully un-registered JMX Bean with object name Ratis:service=RaftServer,group=group-523986131536,id=omNode-3
2025-04-24 14:02:37,253 [omNode-3-impl-thread1] INFO  impl.RoleInfo (RoleInfo.java:shutdownLeaderState(103)) - omNode-3: shutdown omNode-3@group-523986131536-LeaderStateImpl
2025-04-24 14:02:37,253 [omNode-3@group-523986131536->omNode-1-GrpcLogAppender-LogAppenderDaemon] WARN  server.GrpcLogAppender (GrpcLogAppender.java:mayWait(293)) - omNode-3@group-523986131536->omNode-1-GrpcLogAppender: Wait interrupted by java.lang.InterruptedException
2025-04-24 14:02:37,254 [omNode-3@group-523986131536->omNode-2-GrpcLogAppender-LogAppenderDaemon] WARN  server.GrpcLogAppender (GrpcLogAppender.java:mayWait(293)) - omNode-3@group-523986131536->omNode-2-GrpcLogAppender: Wait interrupted by java.lang.InterruptedException
2025-04-24 14:02:37,254 [omNode-3-impl-thread1] INFO  impl.PendingRequests (PendingRequests.java:sendNotLeaderResponses(287)) - omNode-3@group-523986131536-PendingRequests: sendNotLeaderResponses
2025-04-24 14:02:37,254 [Thread-1672] INFO  server.GrpcServerProtocolClient (GrpcServerProtocolClient.java:close(105)) - omNode-1 Close channels
2025-04-24 14:02:37,254 [grpc-default-executor-4] INFO  server.GrpcServerProtocolService (GrpcServerProtocolService.java:onCompleted(157)) - omNode-1: Completed APPEND_ENTRIES, lastRequest: null
2025-04-24 14:02:37,255 [omNode-3-impl-thread1] INFO  impl.StateMachineUpdater (StateMachineUpdater.java:stopAndJoin(164)) - omNode-3@group-523986131536-StateMachineUpdater: set stopIndex = 33
2025-04-24 14:02:37,255 [grpc-default-executor-3] INFO  server.GrpcServerProtocolService (GrpcServerProtocolService.java:onCompleted(157)) - omNode-1: Completed APPEND_ENTRIES, lastRequest: omNode-3->omNode-1#2-t4,previous=(t:4, i:32),leaderCommit=32,initializing? false,entries: size=1, first=(t:4, i:33), METADATAENTRY(c:32)
2025-04-24 14:02:37,255 [grpc-default-executor-3] INFO  server.GrpcServerProtocolService (GrpcServerProtocolService.java:lambda$onCompleted$5(159)) - omNode-1: Completed APPEND_ENTRIES, lastReply: null
2025-04-24 14:02:37,255 [Thread-1673] INFO  server.GrpcServerProtocolClient (GrpcServerProtocolClient.java:close(105)) - omNode-2 Close channels
2025-04-24 14:02:37,255 [grpc-default-executor-4] INFO  server.GrpcServerProtocolService (GrpcServerProtocolService.java:lambda$onCompleted$5(159)) - omNode-1: Completed APPEND_ENTRIES, lastReply: serverReply {
  requestorId: "omNode-3"
  replyId: "omNode-1"
  raftGroupId {
    id: "\311\274L\364;\303<`\246kR9\206\023\0256"
  }
  success: true
}
term: 4
nextIndex: 32
followerCommit: 31
matchIndex: 18446744073709551615
isHearbeat: true

2025-04-24 14:02:37,255 [grpc-default-executor-2] INFO  server.GrpcServerProtocolService (GrpcServerProtocolService.java:onCompleted(157)) - omNode-2: Completed APPEND_ENTRIES, lastRequest: null
2025-04-24 14:02:37,256 [grpc-default-executor-2] INFO  server.GrpcServerProtocolService (GrpcServerProtocolService.java:lambda$onCompleted$5(159)) - omNode-2: Completed APPEND_ENTRIES, lastReply: serverReply {
  requestorId: "omNode-3"
  replyId: "omNode-2"
  raftGroupId {
    id: "\311\274L\364;\303<`\246kR9\206\023\0256"
  }
  success: true
}
term: 4
nextIndex: 33
followerCommit: 31
matchIndex: 18446744073709551615
isHearbeat: true

2025-04-24 14:02:37,256 [grpc-default-executor-3] INFO  server.GrpcServerProtocolService (GrpcServerProtocolService.java:onCompleted(157)) - omNode-2: Completed APPEND_ENTRIES, lastRequest: omNode-3->omNode-2#3-t4,previous=(t:4, i:32),leaderCommit=32,initializing? false,entries: size=1, first=(t:4, i:33), METADATAENTRY(c:32)
2025-04-24 14:02:37,256 [grpc-default-executor-3] INFO  server.GrpcServerProtocolService (GrpcServerProtocolService.java:lambda$onCompleted$5(159)) - omNode-2: Completed APPEND_ENTRIES, lastReply: null
2025-04-24 14:02:37,256 [grpc-default-executor-1] INFO  server.GrpcLogAppender (GrpcLogAppender.java:onCompleted(550)) - omNode-3@group-523986131536->omNode-1-AppendLogResponseHandler: follower responses appendEntries COMPLETED
2025-04-24 14:02:37,256 [grpc-default-executor-1] WARN  server.GrpcLogAppender (GrpcLogAppender.java:resetClient(230)) - omNode-3@group-523986131536->omNode-1-GrpcLogAppender: Failed to getClient for omNode-1
org.apache.ratis.protocol.exceptions.AlreadyClosedException: omNode-3 is already CLOSED
	at org.apache.ratis.util.PeerProxyMap$PeerAndProxy.getProxy(PeerProxyMap.java:67)
	at org.apache.ratis.util.PeerProxyMap.getProxy(PeerProxyMap.java:124)
	at org.apache.ratis.grpc.server.GrpcLogAppender.getClient(GrpcLogAppender.java:200)
	at org.apache.ratis.grpc.server.GrpcLogAppender.resetClient(GrpcLogAppender.java:205)
	at org.apache.ratis.grpc.server.GrpcLogAppender.access$800(GrpcLogAppender.java:64)
	at org.apache.ratis.grpc.server.GrpcLogAppender$AppendLogResponseHandler.onCompleted(GrpcLogAppender.java:551)
	at org.apache.ratis.thirdparty.io.grpc.stub.ClientCalls$StreamObserverToCallListenerAdapter.onClose(ClientCalls.java:479)
	at org.apache.ratis.thirdparty.io.grpc.internal.DelayedClientCall$DelayedListener$3.run(DelayedClientCall.java:489)
	at org.apache.ratis.thirdparty.io.grpc.internal.DelayedClientCall$DelayedListener.delayOrExecute(DelayedClientCall.java:453)
	at org.apache.ratis.thirdparty.io.grpc.internal.DelayedClientCall$DelayedListener.onClose(DelayedClientCall.java:486)
	at org.apache.ratis.thirdparty.io.grpc.internal.ClientCallImpl.closeObserver(ClientCallImpl.java:567)
	at org.apache.ratis.thirdparty.io.grpc.internal.ClientCallImpl.access$300(ClientCallImpl.java:71)
	at org.apache.ratis.thirdparty.io.grpc.internal.ClientCallImpl$ClientStreamListenerImpl$1StreamClosed.runInternal(ClientCallImpl.java:735)
	at org.apache.ratis.thirdparty.io.grpc.internal.ClientCallImpl$ClientStreamListenerImpl$1StreamClosed.runInContext(ClientCallImpl.java:716)
	at org.apache.ratis.thirdparty.io.grpc.internal.ContextRunnable.run(ContextRunnable.java:37)
	at org.apache.ratis.thirdparty.io.grpc.internal.SerializingExecutor.run(SerializingExecutor.java:133)
	at java.base/java.util.concurrent.ThreadPoolExecutor.runWorker(ThreadPoolExecutor.java:1144)
	at java.base/java.util.concurrent.ThreadPoolExecutor$Worker.run(ThreadPoolExecutor.java:642)
	at java.base/java.lang.Thread.run(Thread.java:1583)
2025-04-24 14:02:37,257 [grpc-default-executor-0] INFO  server.GrpcLogAppender (GrpcLogAppender.java:onCompleted(550)) - omNode-3@group-523986131536->omNode-1-AppendLogResponseHandler: follower responses appendEntries COMPLETED
2025-04-24 14:02:37,257 [grpc-default-executor-0] WARN  server.GrpcLogAppender (GrpcLogAppender.java:resetClient(230)) - omNode-3@group-523986131536->omNode-1-GrpcLogAppender: Failed to getClient for omNode-1
org.apache.ratis.protocol.exceptions.AlreadyClosedException: omNode-3 is already CLOSED
	at org.apache.ratis.util.PeerProxyMap$PeerAndProxy.getProxy(PeerProxyMap.java:67)
	at org.apache.ratis.util.PeerProxyMap.getProxy(PeerProxyMap.java:124)
	at org.apache.ratis.grpc.server.GrpcLogAppender.getClient(GrpcLogAppender.java:200)
	at org.apache.ratis.grpc.server.GrpcLogAppender.resetClient(GrpcLogAppender.java:205)
	at org.apache.ratis.grpc.server.GrpcLogAppender.access$800(GrpcLogAppender.java:64)
	at org.apache.ratis.grpc.server.GrpcLogAppender$AppendLogResponseHandler.onCompleted(GrpcLogAppender.java:551)
	at org.apache.ratis.thirdparty.io.grpc.stub.ClientCalls$StreamObserverToCallListenerAdapter.onClose(ClientCalls.java:479)
	at org.apache.ratis.thirdparty.io.grpc.internal.ClientCallImpl.closeObserver(ClientCallImpl.java:567)
	at org.apache.ratis.thirdparty.io.grpc.internal.ClientCallImpl.access$300(ClientCallImpl.java:71)
	at org.apache.ratis.thirdparty.io.grpc.internal.ClientCallImpl$ClientStreamListenerImpl$1StreamClosed.runInternal(ClientCallImpl.java:735)
	at org.apache.ratis.thirdparty.io.grpc.internal.ClientCallImpl$ClientStreamListenerImpl$1StreamClosed.runInContext(ClientCallImpl.java:716)
	at org.apache.ratis.thirdparty.io.grpc.internal.ContextRunnable.run(ContextRunnable.java:37)
	at org.apache.ratis.thirdparty.io.grpc.internal.SerializingExecutor.run(SerializingExecutor.java:133)
	at java.base/java.util.concurrent.ThreadPoolExecutor.runWorker(ThreadPoolExecutor.java:1144)
	at java.base/java.util.concurrent.ThreadPoolExecutor$Worker.run(ThreadPoolExecutor.java:642)
	at java.base/java.lang.Thread.run(Thread.java:1583)
2025-04-24 14:02:37,257 [grpc-default-executor-4] INFO  server.GrpcLogAppender (GrpcLogAppender.java:onCompleted(550)) - omNode-3@group-523986131536->omNode-2-AppendLogResponseHandler: follower responses appendEntries COMPLETED
2025-04-24 14:02:37,258 [grpc-default-executor-4] WARN  server.GrpcLogAppender (GrpcLogAppender.java:resetClient(230)) - omNode-3@group-523986131536->omNode-2-GrpcLogAppender: Failed to getClient for omNode-2
org.apache.ratis.protocol.exceptions.AlreadyClosedException: omNode-3 is already CLOSED
	at org.apache.ratis.util.PeerProxyMap$PeerAndProxy.getProxy(PeerProxyMap.java:67)
	at org.apache.ratis.util.PeerProxyMap.getProxy(PeerProxyMap.java:124)
	at org.apache.ratis.grpc.server.GrpcLogAppender.getClient(GrpcLogAppender.java:200)
	at org.apache.ratis.grpc.server.GrpcLogAppender.resetClient(GrpcLogAppender.java:205)
	at org.apache.ratis.grpc.server.GrpcLogAppender.access$800(GrpcLogAppender.java:64)
	at org.apache.ratis.grpc.server.GrpcLogAppender$AppendLogResponseHandler.onCompleted(GrpcLogAppender.java:551)
	at org.apache.ratis.thirdparty.io.grpc.stub.ClientCalls$StreamObserverToCallListenerAdapter.onClose(ClientCalls.java:479)
	at org.apache.ratis.thirdparty.io.grpc.internal.DelayedClientCall$DelayedListener$3.run(DelayedClientCall.java:489)
	at org.apache.ratis.thirdparty.io.grpc.internal.DelayedClientCall$DelayedListener.delayOrExecute(DelayedClientCall.java:453)
	at org.apache.ratis.thirdparty.io.grpc.internal.DelayedClientCall$DelayedListener.onClose(DelayedClientCall.java:486)
	at org.apache.ratis.thirdparty.io.grpc.internal.ClientCallImpl.closeObserver(ClientCallImpl.java:567)
	at org.apache.ratis.thirdparty.io.grpc.internal.ClientCallImpl.access$300(ClientCallImpl.java:71)
	at org.apache.ratis.thirdparty.io.grpc.internal.ClientCallImpl$ClientStreamListenerImpl$1StreamClosed.runInternal(ClientCallImpl.java:735)
	at org.apache.ratis.thirdparty.io.grpc.internal.ClientCallImpl$ClientStreamListenerImpl$1StreamClosed.runInContext(ClientCallImpl.java:716)
	at org.apache.ratis.thirdparty.io.grpc.internal.ContextRunnable.run(ContextRunnable.java:37)
	at org.apache.ratis.thirdparty.io.grpc.internal.SerializingExecutor.run(SerializingExecutor.java:133)
	at java.base/java.util.concurrent.ThreadPoolExecutor.runWorker(ThreadPoolExecutor.java:1144)
	at java.base/java.util.concurrent.ThreadPoolExecutor$Worker.run(ThreadPoolExecutor.java:642)
	at java.base/java.lang.Thread.run(Thread.java:1583)
2025-04-24 14:02:37,258 [grpc-default-executor-0] INFO  server.GrpcLogAppender (GrpcLogAppender.java:onCompleted(550)) - omNode-3@group-523986131536->omNode-2-AppendLogResponseHandler: follower responses appendEntries COMPLETED
2025-04-24 14:02:37,258 [grpc-default-executor-0] WARN  server.GrpcLogAppender (GrpcLogAppender.java:resetClient(230)) - omNode-3@group-523986131536->omNode-2-GrpcLogAppender: Failed to getClient for omNode-2
org.apache.ratis.protocol.exceptions.AlreadyClosedException: omNode-3 is already CLOSED
	at org.apache.ratis.util.PeerProxyMap$PeerAndProxy.getProxy(PeerProxyMap.java:67)
	at org.apache.ratis.util.PeerProxyMap.getProxy(PeerProxyMap.java:124)
	at org.apache.ratis.grpc.server.GrpcLogAppender.getClient(GrpcLogAppender.java:200)
	at org.apache.ratis.grpc.server.GrpcLogAppender.resetClient(GrpcLogAppender.java:205)
	at org.apache.ratis.grpc.server.GrpcLogAppender.access$800(GrpcLogAppender.java:64)
	at org.apache.ratis.grpc.server.GrpcLogAppender$AppendLogResponseHandler.onCompleted(GrpcLogAppender.java:551)
	at org.apache.ratis.thirdparty.io.grpc.stub.ClientCalls$StreamObserverToCallListenerAdapter.onClose(ClientCalls.java:479)
	at org.apache.ratis.thirdparty.io.grpc.internal.ClientCallImpl.closeObserver(ClientCallImpl.java:567)
	at org.apache.ratis.thirdparty.io.grpc.internal.ClientCallImpl.access$300(ClientCallImpl.java:71)
	at org.apache.ratis.thirdparty.io.grpc.internal.ClientCallImpl$ClientStreamListenerImpl$1StreamClosed.runInternal(ClientCallImpl.java:735)
	at org.apache.ratis.thirdparty.io.grpc.internal.ClientCallImpl$ClientStreamListenerImpl$1StreamClosed.runInContext(ClientCallImpl.java:716)
	at org.apache.ratis.thirdparty.io.grpc.internal.ContextRunnable.run(ContextRunnable.java:37)
	at org.apache.ratis.thirdparty.io.grpc.internal.SerializingExecutor.run(SerializingExecutor.java:133)
	at java.base/java.util.concurrent.ThreadPoolExecutor.runWorker(ThreadPoolExecutor.java:1144)
	at java.base/java.util.concurrent.ThreadPoolExecutor$Worker.run(ThreadPoolExecutor.java:642)
	at java.base/java.lang.Thread.run(Thread.java:1583)
2025-04-24 14:02:37,258 [main] INFO  server.GrpcService (GrpcService.java:closeImpl(352)) - omNode-3: shutdown server GrpcServerProtocolService successfully
2025-04-24 14:02:37,268 [omNode-3@group-523986131536-StateMachineUpdater] INFO  ratis.OzoneManagerStateMachine (OzoneManagerStateMachine.java:takeSnapshotImpl(510)) - omNode-3: taking snapshot. applied = (t:4, i:33), skipped = 31, notified = (t:4, i:33), current snapshot index = (t:4, i:33), took 13 ms
2025-04-24 14:02:37,268 [omNode-3@group-523986131536-StateMachineUpdater] INFO  impl.StateMachineUpdater (StateMachineUpdater.java:takeSnapshot(303)) - omNode-3@group-523986131536-StateMachineUpdater: Took a snapshot at index 33
2025-04-24 14:02:37,268 [omNode-3@group-523986131536-StateMachineUpdater] INFO  impl.StateMachineUpdater (StateMachineUpdater.java:lambda$new$0(102)) - omNode-3@group-523986131536-StateMachineUpdater: snapshotIndex: updateIncreasingly 31 -> 33
2025-04-24 14:02:37,268 [omNode-3@group-523986131536-StateMachineUpdater] INFO  impl.StateMachineUpdater (StateMachineUpdater.java:stop(141)) - omNode-3@group-523986131536-StateMachineUpdater: closing OzoneManagerStateMachine, lastApplied=(t:4, i:33)
2025-04-24 14:02:37,268 [omNode-3@group-523986131536-StateMachineUpdater] INFO  ratis.OzoneManagerStateMachine (OzoneManagerStateMachine.java:close(550)) - Stopping OzoneManagerStateMachine:omNode-3:group-523986131536.
2025-04-24 14:02:37,268 [omNode-3@group-523986131536-StateMachineUpdater] INFO  ratis.OzoneManagerDoubleBuffer (OzoneManagerDoubleBuffer.java:stopDaemon(500)) - Stopping OMDoubleBuffer flush thread
2025-04-24 14:02:37,268 [omNode-3-OMDoubleBufferFlushThread] INFO  ratis.OzoneManagerDoubleBuffer (OzoneManagerDoubleBuffer.java:canFlush(559)) - OMDoubleBuffer flush thread omNode-3-OMDoubleBufferFlushThread is interrupted and will exit.
2025-04-24 14:02:37,269 [omNode-3@group-523986131536-cacheEviction-AwaitToRun] INFO  util.AwaitToRun (AwaitToRun.java:run(49)) - omNode-3@group-523986131536-cacheEviction-AwaitToRun-AwaitForSignal is interrupted
2025-04-24 14:02:38,069 [omNode-3-impl-thread1] INFO  segmented.SegmentedRaftLogWorker (SegmentedRaftLogWorker.java:close(252)) - omNode-3@group-523986131536-SegmentedRaftLogWorker close()
2025-04-24 14:02:38,070 [JvmPauseMonitor11] INFO  util.JvmPauseMonitor (JvmPauseMonitor.java:run(152)) - JvmPauseMonitor-omNode-3: Stopped
2025-04-24 14:02:38,070 [main] INFO  utils.BackgroundService (BackgroundService.java:shutdown(161)) - Shutting down service KeyDeletingService
2025-04-24 14:02:38,070 [main] INFO  utils.BackgroundService (BackgroundService.java:shutdown(161)) - Shutting down service DirectoryDeletingService
2025-04-24 14:02:38,072 [main] INFO  utils.BackgroundService (BackgroundService.java:shutdown(161)) - Shutting down service OpenKeyCleanupService
2025-04-24 14:02:38,072 [main] INFO  utils.BackgroundService (BackgroundService.java:shutdown(161)) - Shutting down service SstFilteringService
2025-04-24 14:02:38,072 [main] INFO  utils.BackgroundService (BackgroundService.java:shutdown(161)) - Shutting down service SnapshotDeletingService
2025-04-24 14:02:38,073 [main] INFO  utils.BackgroundService (BackgroundService.java:shutdown(161)) - Shutting down service MultipartUploadCleanupService
2025-04-24 14:02:38,074 [main] INFO  handler.ContextHandler (ContextHandler.java:doStop(1159)) - Stopped o.e.j.w.WebAppContext@1dae4cd{ozoneManager,/,null,STOPPED}{file:/home/runner/work/ozone/ozone/hadoop-ozone/integration-test/target/test-classes/webapps/ozoneManager}
2025-04-24 14:02:38,074 [main] INFO  server.AbstractConnector (AbstractConnector.java:doStop(383)) - Stopped ServerConnector@1d0ad1e3{HTTP/1.1, (http/1.1)}{0.0.0.0:15015}
2025-04-24 14:02:38,075 [main] INFO  server.session (HouseKeeper.java:stopScavenging(149)) - node0 Stopped scavenging
2025-04-24 14:02:38,075 [main] INFO  handler.ContextHandler (ContextHandler.java:doStop(1159)) - Stopped o.e.j.s.ServletContextHandler@26e661ca{static,/static,file:///home/runner/work/ozone/ozone/hadoop-ozone/integration-test/target/test-classes/webapps/static,STOPPED}
2025-04-24 14:02:38,075 [main] INFO  handler.ContextHandler (ContextHandler.java:doStop(1159)) - Stopped o.e.j.s.ServletContextHandler@5feede1f{logs,/logs,file:///home/runner/work/ozone/ozone/hadoop-ozone/integration-test/target/log,STOPPED}
2025-04-24 14:02:38,076 [main] INFO  rocksdiff.RocksDBCheckpointDiffer (RocksDBCheckpointDiffer.java:close(304)) - Shutting down CompactionDagPruningService.
2025-04-24 14:02:38,078 [main] INFO  snapshot.SnapshotDiffManager (SnapshotDiffManager.java:closeExecutorService(1698)) - Shutting down executorService: 'SnapDiffExecutor'
2025-04-24 14:02:38,078 [main] INFO  utils.BackgroundService (BackgroundService.java:shutdown(161)) - Shutting down service SnapshotDiffCleanupService
2025-04-24 14:02:38,079 [main] INFO  om.OzoneManager (OzoneManager.java:stop(2347)) - omNode-1[localhost:15006]: Stopping Ozone Manager
2025-04-24 14:02:38,080 [main] INFO  ipc.Server (Server.java:stop(3697)) - Stopping server on 15006
2025-04-24 14:02:38,082 [IPC Server listener on 15006] INFO  ipc.Server (Server.java:run(1585)) - Stopping IPC Server listener on 15006
2025-04-24 14:02:38,082 [IPC Server Responder] INFO  ipc.Server (Server.java:run(1718)) - Stopping IPC Server Responder
2025-04-24 14:02:38,082 [main] INFO  ratis.OzoneManagerRatisServer (OzoneManagerRatisServer.java:stop(634)) - Stopping org.apache.hadoop.ozone.om.ratis.OzoneManagerRatisServer@41518c1d at port 15009
2025-04-24 14:02:38,082 [main] INFO  server.RaftServer (RaftServerProxy.java:lambda$close$9(417)) - omNode-1: close
2025-04-24 14:02:38,082 [main] INFO  server.GrpcService (GrpcService.java:closeImpl(343)) - omNode-1: shutdown server GrpcServerProtocolService now
2025-04-24 14:02:38,083 [omNode-1-impl-thread1] INFO  server.RaftServer$Division (RaftServerImpl.java:lambda$close$1(513)) - omNode-1@group-523986131536: shutdown
2025-04-24 14:02:38,083 [omNode-1-impl-thread1] INFO  util.JmxRegister (JmxRegister.java:unregister(74)) - Successfully un-registered JMX Bean with object name Ratis:service=RaftServer,group=group-523986131536,id=omNode-1
2025-04-24 14:02:38,083 [omNode-1-impl-thread1] INFO  impl.RoleInfo (RoleInfo.java:shutdownFollowerState(121)) - omNode-1: shutdown omNode-1@group-523986131536-FollowerState
2025-04-24 14:02:38,083 [omNode-1-impl-thread1] INFO  impl.StateMachineUpdater (StateMachineUpdater.java:stopAndJoin(164)) - omNode-1@group-523986131536-StateMachineUpdater: set stopIndex = 32
2025-04-24 14:02:38,083 [omNode-1@group-523986131536-FollowerState] INFO  impl.FollowerState (FollowerState.java:runImpl(170)) - omNode-1@group-523986131536-FollowerState was interrupted
2025-04-24 14:02:38,085 [main] INFO  server.GrpcService (GrpcService.java:closeImpl(352)) - omNode-1: shutdown server GrpcServerProtocolService successfully
2025-04-24 14:02:38,088 [omNode-1@group-523986131536-StateMachineUpdater] INFO  ratis.OzoneManagerStateMachine (OzoneManagerStateMachine.java:takeSnapshotImpl(510)) - omNode-1: taking snapshot. applied = (t:4, i:32), skipped = 30, notified = (t:4, i:32), current snapshot index = (t:4, i:32), took 6 ms
2025-04-24 14:02:38,088 [omNode-1@group-523986131536-StateMachineUpdater] INFO  impl.StateMachineUpdater (StateMachineUpdater.java:takeSnapshot(303)) - omNode-1@group-523986131536-StateMachineUpdater: Took a snapshot at index 32
2025-04-24 14:02:38,088 [omNode-1@group-523986131536-StateMachineUpdater] INFO  impl.StateMachineUpdater (StateMachineUpdater.java:lambda$new$0(102)) - omNode-1@group-523986131536-StateMachineUpdater: snapshotIndex: updateIncreasingly 30 -> 32
2025-04-24 14:02:38,088 [omNode-1@group-523986131536-StateMachineUpdater] INFO  impl.StateMachineUpdater (StateMachineUpdater.java:stop(141)) - omNode-1@group-523986131536-StateMachineUpdater: closing OzoneManagerStateMachine, lastApplied=(t:4, i:32)
2025-04-24 14:02:38,088 [omNode-1@group-523986131536-StateMachineUpdater] INFO  ratis.OzoneManagerStateMachine (OzoneManagerStateMachine.java:close(550)) - Stopping OzoneManagerStateMachine:omNode-1:group-523986131536.
2025-04-24 14:02:38,088 [omNode-1@group-523986131536-StateMachineUpdater] INFO  ratis.OzoneManagerDoubleBuffer (OzoneManagerDoubleBuffer.java:stopDaemon(500)) - Stopping OMDoubleBuffer flush thread
2025-04-24 14:02:38,088 [omNode-1-OMDoubleBufferFlushThread] INFO  ratis.OzoneManagerDoubleBuffer (OzoneManagerDoubleBuffer.java:canFlush(559)) - OMDoubleBuffer flush thread omNode-1-OMDoubleBufferFlushThread is interrupted and will exit.
2025-04-24 14:02:38,089 [omNode-1@group-523986131536-cacheEviction-AwaitToRun] INFO  util.AwaitToRun (AwaitToRun.java:run(49)) - omNode-1@group-523986131536-cacheEviction-AwaitToRun-AwaitForSignal is interrupted
2025-04-24 14:02:39,072 [omNode-1-impl-thread1] INFO  segmented.SegmentedRaftLogWorker (SegmentedRaftLogWorker.java:close(252)) - omNode-1@group-523986131536-SegmentedRaftLogWorker close()
2025-04-24 14:02:39,072 [JvmPauseMonitor12] INFO  util.JvmPauseMonitor (JvmPauseMonitor.java:run(152)) - JvmPauseMonitor-omNode-1: Stopped
2025-04-24 14:02:39,072 [main] INFO  utils.BackgroundService (BackgroundService.java:shutdown(161)) - Shutting down service KeyDeletingService
2025-04-24 14:02:39,073 [main] INFO  utils.BackgroundService (BackgroundService.java:shutdown(161)) - Shutting down service DirectoryDeletingService
2025-04-24 14:02:39,074 [main] INFO  utils.BackgroundService (BackgroundService.java:shutdown(161)) - Shutting down service OpenKeyCleanupService
2025-04-24 14:02:39,074 [main] INFO  utils.BackgroundService (BackgroundService.java:shutdown(161)) - Shutting down service SstFilteringService
2025-04-24 14:02:39,075 [main] INFO  utils.BackgroundService (BackgroundService.java:shutdown(161)) - Shutting down service SnapshotDeletingService
2025-04-24 14:02:39,075 [main] INFO  utils.BackgroundService (BackgroundService.java:shutdown(161)) - Shutting down service MultipartUploadCleanupService
2025-04-24 14:02:39,076 [main] INFO  handler.ContextHandler (ContextHandler.java:doStop(1159)) - Stopped o.e.j.w.WebAppContext@42b8443d{ozoneManager,/,null,STOPPED}{file:/home/runner/work/ozone/ozone/hadoop-ozone/integration-test/target/test-classes/webapps/ozoneManager}
2025-04-24 14:02:39,076 [main] INFO  server.AbstractConnector (AbstractConnector.java:doStop(383)) - Stopped ServerConnector@76aed37a{HTTP/1.1, (http/1.1)}{0.0.0.0:15007}
2025-04-24 14:02:39,076 [main] INFO  server.session (HouseKeeper.java:stopScavenging(149)) - node0 Stopped scavenging
2025-04-24 14:02:39,076 [main] INFO  handler.ContextHandler (ContextHandler.java:doStop(1159)) - Stopped o.e.j.s.ServletContextHandler@28eed10d{static,/static,file:///home/runner/work/ozone/ozone/hadoop-ozone/integration-test/target/test-classes/webapps/static,STOPPED}
2025-04-24 14:02:39,077 [main] INFO  handler.ContextHandler (ContextHandler.java:doStop(1159)) - Stopped o.e.j.s.ServletContextHandler@1a0f2919{logs,/logs,file:///home/runner/work/ozone/ozone/hadoop-ozone/integration-test/target/log,STOPPED}
2025-04-24 14:02:39,077 [main] INFO  rocksdiff.RocksDBCheckpointDiffer (RocksDBCheckpointDiffer.java:close(304)) - Shutting down CompactionDagPruningService.
2025-04-24 14:02:39,079 [main] INFO  snapshot.SnapshotDiffManager (SnapshotDiffManager.java:closeExecutorService(1698)) - Shutting down executorService: 'SnapDiffExecutor'
2025-04-24 14:02:39,079 [main] INFO  utils.BackgroundService (BackgroundService.java:shutdown(161)) - Shutting down service SnapshotDiffCleanupService
2025-04-24 14:02:39,080 [main] INFO  om.OzoneManager (OzoneManager.java:stop(2347)) - omNode-2[localhost:15010]: Stopping Ozone Manager
2025-04-24 14:02:39,080 [main] INFO  ipc.Server (Server.java:stop(3697)) - Stopping server on 15010
2025-04-24 14:02:39,081 [IPC Server listener on 15010] INFO  ipc.Server (Server.java:run(1585)) - Stopping IPC Server listener on 15010
2025-04-24 14:02:39,081 [IPC Server Responder] INFO  ipc.Server (Server.java:run(1718)) - Stopping IPC Server Responder
2025-04-24 14:02:39,082 [main] INFO  ratis.OzoneManagerRatisServer (OzoneManagerRatisServer.java:stop(634)) - Stopping org.apache.hadoop.ozone.om.ratis.OzoneManagerRatisServer@1349f34a at port 15013
2025-04-24 14:02:39,082 [main] INFO  server.RaftServer (RaftServerProxy.java:lambda$close$9(417)) - omNode-2: close
2025-04-24 14:02:39,082 [main] INFO  server.GrpcService (GrpcService.java:closeImpl(343)) - omNode-2: shutdown server GrpcServerProtocolService now
2025-04-24 14:02:39,082 [omNode-2-impl-thread1] INFO  server.RaftServer$Division (RaftServerImpl.java:lambda$close$1(513)) - omNode-2@group-523986131536: shutdown
2025-04-24 14:02:39,082 [omNode-2-impl-thread1] INFO  util.JmxRegister (JmxRegister.java:unregister(74)) - Successfully un-registered JMX Bean with object name Ratis:service=RaftServer,group=group-523986131536,id=omNode-2
2025-04-24 14:02:39,082 [omNode-2-impl-thread1] INFO  impl.RoleInfo (RoleInfo.java:shutdownFollowerState(121)) - omNode-2: shutdown omNode-2@group-523986131536-FollowerState
2025-04-24 14:02:39,082 [omNode-2-impl-thread1] INFO  impl.StateMachineUpdater (StateMachineUpdater.java:stopAndJoin(164)) - omNode-2@group-523986131536-StateMachineUpdater: set stopIndex = 32
2025-04-24 14:02:39,083 [omNode-2@group-523986131536-FollowerState] INFO  impl.FollowerState (FollowerState.java:runImpl(170)) - omNode-2@group-523986131536-FollowerState was interrupted
2025-04-24 14:02:39,083 [main] INFO  server.GrpcService (GrpcService.java:closeImpl(352)) - omNode-2: shutdown server GrpcServerProtocolService successfully
2025-04-24 14:02:39,087 [omNode-2@group-523986131536-StateMachineUpdater] INFO  ratis.OzoneManagerStateMachine (OzoneManagerStateMachine.java:takeSnapshotImpl(510)) - omNode-2: taking snapshot. applied = (t:4, i:32), skipped = 30, notified = (t:4, i:32), current snapshot index = (t:4, i:32), took 5 ms
2025-04-24 14:02:39,087 [omNode-2@group-523986131536-StateMachineUpdater] INFO  impl.StateMachineUpdater (StateMachineUpdater.java:takeSnapshot(303)) - omNode-2@group-523986131536-StateMachineUpdater: Took a snapshot at index 32
2025-04-24 14:02:39,087 [omNode-2@group-523986131536-StateMachineUpdater] INFO  impl.StateMachineUpdater (StateMachineUpdater.java:lambda$new$0(102)) - omNode-2@group-523986131536-StateMachineUpdater: snapshotIndex: updateIncreasingly 30 -> 32
2025-04-24 14:02:39,087 [omNode-2@group-523986131536-StateMachineUpdater] INFO  impl.StateMachineUpdater (StateMachineUpdater.java:stop(141)) - omNode-2@group-523986131536-StateMachineUpdater: closing OzoneManagerStateMachine, lastApplied=(t:4, i:32)
2025-04-24 14:02:39,087 [omNode-2@group-523986131536-StateMachineUpdater] INFO  ratis.OzoneManagerStateMachine (OzoneManagerStateMachine.java:close(550)) - Stopping OzoneManagerStateMachine:omNode-2:group-523986131536.
2025-04-24 14:02:39,087 [omNode-2@group-523986131536-StateMachineUpdater] INFO  ratis.OzoneManagerDoubleBuffer (OzoneManagerDoubleBuffer.java:stopDaemon(500)) - Stopping OMDoubleBuffer flush thread
2025-04-24 14:02:39,087 [omNode-2-OMDoubleBufferFlushThread] INFO  ratis.OzoneManagerDoubleBuffer (OzoneManagerDoubleBuffer.java:canFlush(559)) - OMDoubleBuffer flush thread omNode-2-OMDoubleBufferFlushThread is interrupted and will exit.
2025-04-24 14:02:39,088 [omNode-2@group-523986131536-cacheEviction-AwaitToRun] INFO  util.AwaitToRun (AwaitToRun.java:run(49)) - omNode-2@group-523986131536-cacheEviction-AwaitToRun-AwaitForSignal is interrupted
2025-04-24 14:02:40,073 [omNode-2-impl-thread1] INFO  segmented.SegmentedRaftLogWorker (SegmentedRaftLogWorker.java:close(252)) - omNode-2@group-523986131536-SegmentedRaftLogWorker close()
2025-04-24 14:02:40,074 [JvmPauseMonitor13] INFO  util.JvmPauseMonitor (JvmPauseMonitor.java:run(152)) - JvmPauseMonitor-omNode-2: Stopped
2025-04-24 14:02:40,074 [main] INFO  utils.BackgroundService (BackgroundService.java:shutdown(161)) - Shutting down service KeyDeletingService
2025-04-24 14:02:40,074 [main] INFO  utils.BackgroundService (BackgroundService.java:shutdown(161)) - Shutting down service DirectoryDeletingService
2025-04-24 14:02:40,076 [main] INFO  utils.BackgroundService (BackgroundService.java:shutdown(161)) - Shutting down service OpenKeyCleanupService
2025-04-24 14:02:40,076 [main] INFO  utils.BackgroundService (BackgroundService.java:shutdown(161)) - Shutting down service SstFilteringService
2025-04-24 14:02:40,076 [main] INFO  utils.BackgroundService (BackgroundService.java:shutdown(161)) - Shutting down service SnapshotDeletingService
2025-04-24 14:02:40,077 [main] INFO  utils.BackgroundService (BackgroundService.java:shutdown(161)) - Shutting down service MultipartUploadCleanupService
2025-04-24 14:02:40,078 [main] INFO  handler.ContextHandler (ContextHandler.java:doStop(1159)) - Stopped o.e.j.w.WebAppContext@5860be0{ozoneManager,/,null,STOPPED}{file:/home/runner/work/ozone/ozone/hadoop-ozone/integration-test/target/test-classes/webapps/ozoneManager}
2025-04-24 14:02:40,078 [main] INFO  server.AbstractConnector (AbstractConnector.java:doStop(383)) - Stopped ServerConnector@605f08ed{HTTP/1.1, (http/1.1)}{0.0.0.0:15011}
2025-04-24 14:02:40,078 [main] INFO  server.session (HouseKeeper.java:stopScavenging(149)) - node0 Stopped scavenging
2025-04-24 14:02:40,078 [main] INFO  handler.ContextHandler (ContextHandler.java:doStop(1159)) - Stopped o.e.j.s.ServletContextHandler@da5ceeb{static,/static,file:///home/runner/work/ozone/ozone/hadoop-ozone/integration-test/target/test-classes/webapps/static,STOPPED}
2025-04-24 14:02:40,079 [main] INFO  handler.ContextHandler (ContextHandler.java:doStop(1159)) - Stopped o.e.j.s.ServletContextHandler@56930e8b{logs,/logs,file:///home/runner/work/ozone/ozone/hadoop-ozone/integration-test/target/log,STOPPED}
2025-04-24 14:02:40,080 [main] INFO  rocksdiff.RocksDBCheckpointDiffer (RocksDBCheckpointDiffer.java:close(304)) - Shutting down CompactionDagPruningService.
2025-04-24 14:02:40,081 [main] INFO  snapshot.SnapshotDiffManager (SnapshotDiffManager.java:closeExecutorService(1698)) - Shutting down executorService: 'SnapDiffExecutor'
2025-04-24 14:02:40,081 [main] INFO  utils.BackgroundService (BackgroundService.java:shutdown(161)) - Shutting down service SnapshotDiffCleanupService
2025-04-24 14:02:40,082 [main] INFO  om.OzoneManager (OzoneManager.java:restart(1878)) - OzoneManager RPC server is listening at localhost/127.0.0.1:15014
2025-04-24 14:02:40,082 [main] INFO  impl.MetricsSystemImpl (MetricsSystemImpl.java:init(158)) - OzoneManager metrics system started (again)
2025-04-24 14:02:40,093 [main] WARN  server.ServerUtils (ServerUtils.java:getDBPath(297)) - ozone.om.db.dirs is not configured. We recommend adding this setting. Falling back to ozone.metadata.dirs instead.
2025-04-24 14:02:40,133 [main] INFO  om.OzoneManager (OzoneManager.java:instantiateServices(933)) - S3 Multi-Tenancy is disabled
2025-04-24 14:02:40,133 [main] INFO  om.OmSnapshotManager (OmSnapshotManager.java:<init>(180)) - Ozone filesystem snapshot feature is enabled.
2025-04-24 14:02:40,134 [main] WARN  server.ServerUtils (ServerUtils.java:getDBPath(297)) - ozone.om.snapshot.diff.db.dir is not configured. We recommend adding this setting. Falling back to ozone.metadata.dirs instead.
2025-04-24 14:02:40,146 [main] WARN  server.ServerUtils (ServerUtils.java:getDefaultRatisDirectory(309)) - Storage directory for Ratis is not configured. It is a good idea to map this to an SSD disk. Falling back to ozone.metadata.dirs
2025-04-24 14:02:40,146 [main] INFO  server.RaftServerConfigKeys (ConfUtils.java:logGet(46)) - raft.server.log.appender.buffer.byte-limit = 4194304 (custom)
2025-04-24 14:02:40,147 [main] INFO  ratis.OzoneManagerRatisServer (OzoneManagerRatisServer.java:<init>(167)) - Instantiating OM Ratis server with groupID: om-service-test1 and peers: localhost:15017, localhost:15009, localhost:15013
2025-04-24 14:02:40,147 [main] INFO  ratis.OzoneManagerStateMachine (OzoneManagerStateMachine.java:loadSnapshotInfoFromDB(611)) - LastAppliedIndex is set from TransactionInfo from OM DB as (t:4, i:33)
2025-04-24 14:02:40,148 [main] INFO  server.RaftServer (ConfUtils.java:logGet(46)) - raft.rpc.type = GRPC (default)
2025-04-24 14:02:40,148 [main] INFO  grpc.GrpcConfigKeys (ConfUtils.java:logFallback(53)) - raft.grpc.admin.host = null (fallback to raft.grpc.server.host)
2025-04-24 14:02:40,148 [main] INFO  grpc.GrpcConfigKeys (ConfUtils.java:logFallback(53)) - raft.grpc.admin.port = 15017 (fallback to raft.grpc.server.port)
2025-04-24 14:02:40,148 [main] INFO  grpc.GrpcConfigKeys (ConfUtils.java:logFallback(53)) - raft.grpc.client.host = null (fallback to raft.grpc.server.host)
2025-04-24 14:02:40,148 [main] INFO  grpc.GrpcConfigKeys (ConfUtils.java:logFallback(53)) - raft.grpc.client.port = 15017 (fallback to raft.grpc.server.port)
2025-04-24 14:02:40,148 [main] INFO  grpc.GrpcConfigKeys (ConfUtils.java:logGet(46)) - raft.grpc.server.host = null (default)
2025-04-24 14:02:40,149 [main] INFO  grpc.GrpcConfigKeys (ConfUtils.java:logGet(46)) - raft.grpc.server.port = 15017 (custom)
2025-04-24 14:02:40,149 [main] INFO  server.GrpcService (ConfUtils.java:logGet(46)) - raft.grpc.message.size.max = 5242880 (custom)
2025-04-24 14:02:40,149 [main] INFO  server.GrpcService (ConfUtils.java:logGet(46)) - raft.grpc.flow.control.window = 1MB (=1048576) (default)
2025-04-24 14:02:40,149 [main] INFO  server.RaftServerConfigKeys (ConfUtils.java:logGet(46)) - raft.server.rpc.request.timeout = 3000ms (default)
2025-04-24 14:02:40,149 [main] INFO  grpc.GrpcConfigKeys (ConfUtils.java:logGet(46)) - raft.grpc.server.heartbeat.channel = true (default)
2025-04-24 14:02:40,149 [main] INFO  server.RaftServerConfigKeys (ConfUtils.java:logGet(46)) - raft.server.log.appender.buffer.byte-limit = 4194304 (custom)
2025-04-24 14:02:40,149 [main] INFO  grpc.GrpcConfigKeys (ConfUtils.java:logGet(46)) - raft.grpc.server.async.request.thread.pool.cached = true (default)
2025-04-24 14:02:40,149 [main] INFO  grpc.GrpcConfigKeys (ConfUtils.java:logGet(46)) - raft.grpc.server.async.request.thread.pool.size = 32 (default)
2025-04-24 14:02:40,150 [main] INFO  impl.DataStreamServerImpl (ConfUtils.java:logGet(46)) - raft.datastream.type = DISABLED (default)
2025-04-24 14:02:40,150 [main] INFO  server.RaftServerConfigKeys (ConfUtils.java:logGet(46)) - raft.server.sleep.deviation.threshold = 300ms (default)
2025-04-24 14:02:40,150 [main] INFO  server.RaftServerConfigKeys (ConfUtils.java:logGet(46)) - raft.server.close.threshold = 60s (default)
2025-04-24 14:02:40,150 [main] INFO  server.RaftServerConfigKeys (ConfUtils.java:logGet(46)) - raft.server.leaderelection.leader.step-down.wait-time = 10s (default)
2025-04-24 14:02:40,150 [main] INFO  server.RaftServerConfigKeys (ConfUtils.java:logGet(46)) - raft.server.storage.dir = [/home/runner/work/ozone/ozone/hadoop-ozone/integration-test/target/test-dir/MiniOzoneClusterImpl-4e6105ad-12bc-4f18-9d37-351d73277e17/omNode-3/ratis] (custom)
2025-04-24 14:02:40,150 [main] INFO  server.RaftServerConfigKeys (ConfUtils.java:logGet(46)) - raft.server.threadpool.proxy.cached = true (default)
2025-04-24 14:02:40,151 [main] INFO  server.RaftServerConfigKeys (ConfUtils.java:logGet(46)) - raft.server.threadpool.proxy.size = 0 (default)
2025-04-24 14:02:40,151 [omNode-3-impl-thread1] INFO  server.RaftServer (RaftServerProxy.java:initGroupDir(265)) - omNode-3: found a subdirectory /home/runner/work/ozone/ozone/hadoop-ozone/integration-test/target/test-dir/MiniOzoneClusterImpl-4e6105ad-12bc-4f18-9d37-351d73277e17/omNode-3/ratis/c9bc4cf4-3bc3-3c60-a66b-523986131536
2025-04-24 14:02:40,151 [main] INFO  server.RaftServer (RaftServerProxy.java:addNew(100)) - omNode-3: addNew group-523986131536:[omNode-3|localhost:15017, omNode-1|localhost:15009, omNode-2|localhost:15013] returns group-523986131536:java.util.concurrent.CompletableFuture@5352ecfe[Not completed]
2025-04-24 14:02:40,151 [main] INFO  om.OzoneManager (OzoneManager.java:initializeRatisServer(2303)) - OzoneManager Ratis server initialized at port 15017
2025-04-24 14:02:40,151 [main] INFO  ratis.OzoneManagerRatisServer (OzoneManagerRatisServer.java:start(628)) - Starting OzoneManagerRatisServer omNode-3 at port 15017
2025-04-24 14:02:40,151 [omNode-3-groupManagement] INFO  server.RaftServer$Division (RaftServerImpl.java:<init>(255)) - omNode-3: new RaftServerImpl for group-523986131536:[omNode-3|localhost:15017, omNode-1|localhost:15009, omNode-2|localhost:15013] with OzoneManagerStateMachine:uninitialized
2025-04-24 14:02:40,152 [omNode-3-groupManagement] INFO  server.RaftServerConfigKeys (ConfUtils.java:logGet(46)) - raft.server.rpc.timeout.min = 1s (custom)
2025-04-24 14:02:40,152 [omNode-3-groupManagement] INFO  server.RaftServerConfigKeys (ConfUtils.java:logGet(46)) - raft.server.rpc.timeout.max = 1200ms (custom)
2025-04-24 14:02:40,152 [omNode-3-groupManagement] INFO  server.RaftServerConfigKeys (ConfUtils.java:logGet(46)) - raft.server.rpc.sleep.time = 25ms (default)
2025-04-24 14:02:40,152 [omNode-3-groupManagement] INFO  server.RaftServerConfigKeys (ConfUtils.java:logGet(46)) - raft.server.rpc.slowness.timeout = 2s (custom)
2025-04-24 14:02:40,152 [omNode-3-groupManagement] INFO  server.RaftServerConfigKeys (ConfUtils.java:logGet(46)) - raft.server.leaderelection.leader.step-down.wait-time = 10s (default)
2025-04-24 14:02:40,152 [omNode-3-groupManagement] INFO  server.RaftServerConfigKeys (ConfUtils.java:logGet(46)) - raft.server.leaderelection.member.majority-add = false (default)
2025-04-24 14:02:40,152 [omNode-3-groupManagement] INFO  server.RaftServerConfigKeys (ConfUtils.java:logGet(46)) - raft.server.sleep.deviation.threshold = 300ms (default)
2025-04-24 14:02:40,152 [omNode-3-groupManagement] INFO  server.RaftServer$Division (ServerState.java:<init>(114)) - omNode-3@group-523986131536: ConfigurationManager, init=conf: {index: -1, cur=peers:[omNode-3|localhost:15017, omNode-1|localhost:15009, omNode-2|localhost:15013]|listeners:[], old=null}, confs=<EMPTY_MAP>
2025-04-24 14:02:40,152 [omNode-3-groupManagement] INFO  server.RaftServerConfigKeys (ConfUtils.java:logGet(46)) - raft.server.notification.no-leader.timeout = 2s (custom)
2025-04-24 14:02:40,152 [omNode-3-groupManagement] INFO  server.RaftServerConfigKeys (ConfUtils.java:logGet(46)) - raft.server.read.timeout = 10s (default)
2025-04-24 14:02:40,152 [omNode-3-groupManagement] INFO  server.RaftServerConfigKeys (ConfUtils.java:logGet(46)) - raft.server.retrycache.expirytime = 30000ms (custom)
2025-04-24 14:02:40,152 [omNode-3-groupManagement] INFO  server.RaftServerConfigKeys (ConfUtils.java:logGet(46)) - raft.server.retrycache.statistics.expirytime = 100ms (default)
2025-04-24 14:02:40,152 [omNode-3-groupManagement] INFO  server.RaftServerConfigKeys (ConfUtils.java:logGet(46)) - raft.server.read.option = DEFAULT (default)
2025-04-24 14:02:40,152 [omNode-3-groupManagement] INFO  server.RaftServerConfigKeys (ConfUtils.java:logGet(46)) - raft.server.read.read-after-write-consistent.write-index-cache.expiry-time = 60s (default)
2025-04-24 14:02:40,155 [omNode-3-groupManagement] INFO  server.RaftServerConfigKeys (ConfUtils.java:logGet(46)) - raft.server.rpc.request.timeout = 3000ms (default)
2025-04-24 14:02:40,155 [omNode-3-groupManagement] INFO  server.RaftServerConfigKeys (ConfUtils.java:logGet(46)) - raft.server.log.appender.install.snapshot.enabled = false (custom)
2025-04-24 14:02:40,155 [omNode-3-groupManagement] INFO  server.RaftServerConfigKeys (ConfUtils.java:logGet(46)) - raft.server.threadpool.server.cached = true (default)
2025-04-24 14:02:40,155 [omNode-3-groupManagement] INFO  server.RaftServerConfigKeys (ConfUtils.java:logGet(46)) - raft.server.threadpool.server.size = 0 (default)
2025-04-24 14:02:40,155 [omNode-3-groupManagement] INFO  server.RaftServerConfigKeys (ConfUtils.java:logGet(46)) - raft.server.threadpool.client.cached = true (default)
2025-04-24 14:02:40,155 [omNode-3-groupManagement] INFO  server.RaftServerConfigKeys (ConfUtils.java:logGet(46)) - raft.server.threadpool.client.size = 0 (default)
2025-04-24 14:02:40,155 [omNode-3-impl-thread1] INFO  server.RaftServerConfigKeys (ConfUtils.java:logGet(46)) - raft.server.storage.free-space.min = 0MB (=0) (default)
2025-04-24 14:02:40,155 [omNode-3-impl-thread1] INFO  server.RaftServerConfigKeys (ConfUtils.java:logGet(46)) - raft.server.log.corruption.policy = EXCEPTION (default)
2025-04-24 14:02:40,155 [omNode-3-impl-thread1] INFO  server.RaftServerConfigKeys (ConfUtils.java:logGet(46)) - raft.server.storage.dir = [/home/runner/work/ozone/ozone/hadoop-ozone/integration-test/target/test-dir/MiniOzoneClusterImpl-4e6105ad-12bc-4f18-9d37-351d73277e17/omNode-3/ratis] (custom)
2025-04-24 14:02:40,156 [omNode-3-impl-thread1] INFO  storage.RaftStorageDirectory (RaftStorageDirectoryImpl.java:tryLock(229)) - Lock on /home/runner/work/ozone/ozone/hadoop-ozone/integration-test/target/test-dir/MiniOzoneClusterImpl-4e6105ad-12bc-4f18-9d37-351d73277e17/omNode-3/ratis/c9bc4cf4-3bc3-3c60-a66b-523986131536/in_use.lock acquired by nodename 129728@fv-az2210-761
2025-04-24 14:02:40,156 [omNode-3-impl-thread1] INFO  storage.RaftStorage (RaftStorageImpl.java:analyzeAndRecoverStorage(118)) - Read RaftStorageMetadata{term=4, votedFor=omNode-3} from /home/runner/work/ozone/ozone/hadoop-ozone/integration-test/target/test-dir/MiniOzoneClusterImpl-4e6105ad-12bc-4f18-9d37-351d73277e17/omNode-3/ratis/c9bc4cf4-3bc3-3c60-a66b-523986131536/current/raft-meta
2025-04-24 14:02:40,157 [omNode-3-impl-thread1] INFO  server.RaftServer$Division (ServerState.java:setRaftConf(386)) - omNode-3@group-523986131536: set configuration conf: {index: 32, cur=peers:[omNode-3|localhost:15017, omNode-1|localhost:15009, omNode-2|localhost:15013]|listeners:[], old=null}
2025-04-24 14:02:40,157 [omNode-3-impl-thread1] INFO  ratis.OzoneManagerStateMachine (OzoneManagerStateMachine.java:lambda$0(138)) - omNode-3: initialize group-523986131536 with (t:4, i:33)
2025-04-24 14:02:40,157 [omNode-3-impl-thread1] INFO  server.RaftServerConfigKeys (ConfUtils.java:logGet(46)) - raft.server.log.use.memory = false (default)
2025-04-24 14:02:40,157 [omNode-3-impl-thread1] INFO  server.RaftServerConfigKeys (ConfUtils.java:logGet(46)) - raft.server.log.purge.gap = 50 (custom)
2025-04-24 14:02:40,157 [omNode-3-impl-thread1] INFO  server.RaftServerConfigKeys (ConfUtils.java:logGet(46)) - raft.server.log.appender.buffer.byte-limit = 4194304 (custom)
2025-04-24 14:02:40,157 [omNode-3-impl-thread1] INFO  server.RaftServerConfigKeys (ConfUtils.java:logGet(46)) - raft.server.log.statemachine.data.read.timeout = 1000ms (default)
2025-04-24 14:02:40,157 [omNode-3-impl-thread1] INFO  server.RaftServerConfigKeys (ConfUtils.java:logGet(46)) - raft.server.log.purge.preservation.log.num = 0 (default)
2025-04-24 14:02:40,158 [omNode-3-impl-thread1] INFO  server.RaftServerConfigKeys (ConfUtils.java:logGet(46)) - raft.server.log.segment.size.max = 4194304 (custom)
2025-04-24 14:02:40,158 [omNode-3-impl-thread1] INFO  server.RaftServerConfigKeys (ConfUtils.java:logGet(46)) - raft.server.log.segment.cache.num.max = 2 (custom)
2025-04-24 14:02:40,158 [omNode-3-impl-thread1] INFO  server.RaftServerConfigKeys (ConfUtils.java:logGet(46)) - raft.server.log.segment.cache.size.max = 200MB (=209715200) (default)
2025-04-24 14:02:40,158 [omNode-3-impl-thread1] INFO  server.RaftServerConfigKeys (ConfUtils.java:logGet(46)) - raft.server.log.appender.buffer.byte-limit = 4194304 (custom)
2025-04-24 14:02:40,158 [omNode-3-impl-thread1] INFO  util.AwaitToRun (AwaitToRun.java:start(81)) - Thread[#2165,omNode-3@group-523986131536-cacheEviction-AwaitToRun,5,main] started
2025-04-24 14:02:40,159 [omNode-3-impl-thread1] INFO  segmented.SegmentedRaftLogWorker (SegmentedRaftLogWorker.java:<init>(188)) - new omNode-3@group-523986131536-SegmentedRaftLogWorker for RaftStorageImpl:Storage Directory /home/runner/work/ozone/ozone/hadoop-ozone/integration-test/target/test-dir/MiniOzoneClusterImpl-4e6105ad-12bc-4f18-9d37-351d73277e17/omNode-3/ratis/c9bc4cf4-3bc3-3c60-a66b-523986131536
2025-04-24 14:02:40,159 [omNode-3-impl-thread1] INFO  server.RaftServerConfigKeys (ConfUtils.java:logGet(46)) - raft.server.log.queue.byte-limit = 64MB (=67108864) (default)
2025-04-24 14:02:40,159 [omNode-3-impl-thread1] INFO  server.RaftServerConfigKeys (ConfUtils.java:logGet(46)) - raft.server.log.queue.element-limit = 4096 (default)
2025-04-24 14:02:40,159 [omNode-3-impl-thread1] INFO  server.RaftServerConfigKeys (ConfUtils.java:logGet(46)) - raft.server.log.segment.size.max = 4194304 (custom)
2025-04-24 14:02:40,159 [omNode-3-impl-thread1] INFO  server.RaftServerConfigKeys (ConfUtils.java:logGet(46)) - raft.server.log.preallocated.size = 4194304 (custom)
2025-04-24 14:02:40,159 [omNode-3-impl-thread1] INFO  server.RaftServerConfigKeys (ConfUtils.java:logGet(46)) - raft.server.log.force.sync.num = 128 (default)
2025-04-24 14:02:40,159 [omNode-3-impl-thread1] INFO  server.RaftServerConfigKeys (ConfUtils.java:logGet(46)) - raft.server.log.statemachine.data.sync = true (default)
2025-04-24 14:02:40,159 [omNode-3-impl-thread1] INFO  server.RaftServerConfigKeys (ConfUtils.java:logGet(46)) - raft.server.log.statemachine.data.sync.timeout = 10s (default)
2025-04-24 14:02:40,159 [omNode-3-impl-thread1] INFO  server.RaftServerConfigKeys (ConfUtils.java:logGet(46)) - raft.server.log.statemachine.data.sync.timeout.retry = -1 (default)
2025-04-24 14:02:40,159 [omNode-3-impl-thread1] INFO  server.RaftServerConfigKeys (ConfUtils.java:logGet(46)) - raft.server.log.write.buffer.size = 4194312 (custom)
2025-04-24 14:02:40,159 [omNode-3-impl-thread1] INFO  server.RaftServerConfigKeys (ConfUtils.java:logGet(46)) - raft.server.log.appender.buffer.byte-limit = 4194304 (custom)
2025-04-24 14:02:40,159 [omNode-3-impl-thread1] INFO  server.RaftServerConfigKeys (ConfUtils.java:logGet(46)) - raft.server.log.unsafe-flush.enabled = false (default)
2025-04-24 14:02:40,160 [omNode-3-impl-thread1] INFO  server.RaftServerConfigKeys (ConfUtils.java:logGet(46)) - raft.server.log.async-flush.enabled = false (default)
2025-04-24 14:02:40,160 [omNode-3-impl-thread1] INFO  server.RaftServerConfigKeys (ConfUtils.java:logGet(46)) - raft.server.log.statemachine.data.caching.enabled = false (default)
2025-04-24 14:02:40,160 [omNode-3-impl-thread1] INFO  server.RaftServer$Division (ServerState.java:setRaftConf(386)) - omNode-3@group-523986131536: set configuration conf: {index: 0, cur=peers:[omNode-3|localhost:15017, omNode-1|localhost:15009, omNode-2|localhost:15013]|listeners:[], old=null}
2025-04-24 14:02:40,161 [omNode-3-impl-thread1] INFO  segmented.LogSegment (LogSegment.java:loadSegment(171)) - Successfully read 21 entries from segment file /home/runner/work/ozone/ozone/hadoop-ozone/integration-test/target/test-dir/MiniOzoneClusterImpl-4e6105ad-12bc-4f18-9d37-351d73277e17/omNode-3/ratis/c9bc4cf4-3bc3-3c60-a66b-523986131536/current/log_0-20
2025-04-24 14:02:40,161 [omNode-3-impl-thread1] INFO  server.RaftServer$Division (ServerState.java:setRaftConf(386)) - omNode-3@group-523986131536: set configuration conf: {index: 21, cur=peers:[omNode-3|localhost:15017, omNode-1|localhost:15009, omNode-2|localhost:15013]|listeners:[], old=null}
2025-04-24 14:02:40,161 [omNode-3-impl-thread1] INFO  segmented.LogSegment (LogSegment.java:loadSegment(171)) - Successfully read 9 entries from segment file /home/runner/work/ozone/ozone/hadoop-ozone/integration-test/target/test-dir/MiniOzoneClusterImpl-4e6105ad-12bc-4f18-9d37-351d73277e17/omNode-3/ratis/c9bc4cf4-3bc3-3c60-a66b-523986131536/current/log_21-29
2025-04-24 14:02:40,162 [omNode-3-impl-thread1] INFO  server.RaftServer$Division (ServerState.java:setRaftConf(386)) - omNode-3@group-523986131536: set configuration conf: {index: 30, cur=peers:[omNode-3|localhost:15017, omNode-1|localhost:15009, omNode-2|localhost:15013]|listeners:[], old=null}
2025-04-24 14:02:40,162 [omNode-3-impl-thread1] INFO  segmented.LogSegment (LogSegment.java:loadSegment(171)) - Successfully read 2 entries from segment file /home/runner/work/ozone/ozone/hadoop-ozone/integration-test/target/test-dir/MiniOzoneClusterImpl-4e6105ad-12bc-4f18-9d37-351d73277e17/omNode-3/ratis/c9bc4cf4-3bc3-3c60-a66b-523986131536/current/log_30-31
2025-04-24 14:02:40,162 [omNode-3-impl-thread1] INFO  server.RaftServer$Division (ServerState.java:setRaftConf(386)) - omNode-3@group-523986131536: set configuration conf: {index: 32, cur=peers:[omNode-3|localhost:15017, omNode-1|localhost:15009, omNode-2|localhost:15013]|listeners:[], old=null}
2025-04-24 14:02:40,162 [omNode-3-impl-thread1] INFO  segmented.LogSegment (LogSegment.java:loadSegment(171)) - Successfully read 2 entries from segment file /home/runner/work/ozone/ozone/hadoop-ozone/integration-test/target/test-dir/MiniOzoneClusterImpl-4e6105ad-12bc-4f18-9d37-351d73277e17/omNode-3/ratis/c9bc4cf4-3bc3-3c60-a66b-523986131536/current/log_inprogress_32
2025-04-24 14:02:40,162 [omNode-3-impl-thread1] INFO  segmented.SegmentedRaftLogWorker (SegmentedRaftLogWorker.java:lambda$new$0(139)) - omNode-3@group-523986131536-SegmentedRaftLogWorker: flushIndex: setUnconditionally 0 -> 33
2025-04-24 14:02:40,162 [omNode-3-impl-thread1] INFO  segmented.SegmentedRaftLogWorker (SegmentedRaftLogWorker.java:lambda$new$0(139)) - omNode-3@group-523986131536-SegmentedRaftLogWorker: safeCacheEvictIndex: setUnconditionally 0 -> 31
2025-04-24 14:02:40,162 [omNode-3-impl-thread1] INFO  segmented.BufferedWriteChannel (BufferedWriteChannel.java:open(61)) - open log_inprogress_32 (append) at position 125
2025-04-24 14:02:40,163 [omNode-3-impl-thread1] INFO  server.RaftServer$Division (RaftServerImpl.java:start(391)) - omNode-3@group-523986131536: start as a follower, conf=conf: {index: 32, cur=peers:[omNode-3|localhost:15017, omNode-1|localhost:15009, omNode-2|localhost:15013]|listeners:[], old=null}
2025-04-24 14:02:40,163 [omNode-3-impl-thread1] INFO  server.RaftServer$Division (RaftServerImpl.java:setRole(378)) - omNode-3@group-523986131536: changes role from      null to FOLLOWER at term 4 for startAsFollower
2025-04-24 14:02:40,163 [omNode-3-impl-thread1] INFO  impl.RoleInfo (RoleInfo.java:updateAndGet(148)) - omNode-3: start omNode-3@group-523986131536-FollowerState
2025-04-24 14:02:40,163 [omNode-3-impl-thread1] INFO  util.JmxRegister (JmxRegister.java:tryRegister(44)) - Successfully registered JMX Bean with object name Ratis:service=RaftServer,group=group-523986131536,id=omNode-3
2025-04-24 14:02:40,163 [omNode-3-impl-thread1] INFO  util.JmxRegister (JmxRegister.java:register(58)) - register mxBean class org.apache.ratis.server.impl.RaftServerJmxAdapter as Ratis:service=RaftServer,group=group-523986131536,id=omNode-3
2025-04-24 14:02:40,163 [omNode-3@group-523986131536-FollowerState] INFO  server.RaftServerConfigKeys (ConfUtils.java:logFallback(53)) - raft.server.rpc.first-election.timeout.min = 1s (fallback to raft.server.rpc.timeout.min)
2025-04-24 14:02:40,163 [omNode-3-impl-thread1] INFO  server.RaftServerConfigKeys (ConfUtils.java:logGet(46)) - raft.server.snapshot.trigger-when-stop.enabled = true (default)
2025-04-24 14:02:40,163 [omNode-3@group-523986131536-FollowerState] INFO  server.RaftServerConfigKeys (ConfUtils.java:logFallback(53)) - raft.server.rpc.first-election.timeout.max = 1200ms (fallback to raft.server.rpc.timeout.max)
2025-04-24 14:02:40,163 [omNode-3-impl-thread1] INFO  server.RaftServerConfigKeys (ConfUtils.java:logGet(46)) - raft.server.snapshot.trigger-when-remove.enabled = true (default)
2025-04-24 14:02:40,163 [omNode-3-impl-thread1] INFO  server.RaftServerConfigKeys (ConfUtils.java:logGet(46)) - raft.server.snapshot.auto.trigger.enabled = true (custom)
2025-04-24 14:02:40,163 [omNode-3-impl-thread1] INFO  server.RaftServerConfigKeys (ConfUtils.java:logGet(46)) - raft.server.snapshot.auto.trigger.threshold = 50 (custom)
2025-04-24 14:02:40,164 [omNode-3-impl-thread1] INFO  server.RaftServerConfigKeys (ConfUtils.java:logGet(46)) - raft.server.snapshot.retention.file.num = -1 (default)
2025-04-24 14:02:40,164 [omNode-3-impl-thread1] INFO  server.RaftServerConfigKeys (ConfUtils.java:logGet(46)) - raft.server.log.purge.upto.snapshot.index = true (custom)
2025-04-24 14:02:40,164 [omNode-3-impl-thread1] INFO  server.RaftServer$Division (RaftServerImpl.java:start(405)) - omNode-3@group-523986131536: Successfully started.
2025-04-24 14:02:40,164 [main] INFO  server.RaftServer (RaftServerProxy.java:startImpl(407)) - omNode-3: start RPC server
2025-04-24 14:02:40,165 [main] INFO  server.GrpcService (GrpcService.java:startImpl(334)) - omNode-3: GrpcService started, listening on 15017
2025-04-24 14:02:40,165 [main] INFO  om.OzoneManager (OzoneManager.java:getRpcServer(1360)) - Creating RPC Server
2025-04-24 14:02:40,165 [JvmPauseMonitor14] INFO  util.JvmPauseMonitor (JvmPauseMonitor.java:run(146)) - JvmPauseMonitor-omNode-3: Started
2025-04-24 14:02:40,487 [main] INFO  reflections.Reflections (Reflections.java:scan(219)) - Reflections took 322 ms to scan 22 urls, producing 61 keys and 7423 values
2025-04-24 14:02:40,488 [main] INFO  ipc.CallQueueManager (CallQueueManager.java:<init>(93)) - Using callQueue: class java.util.concurrent.LinkedBlockingQueue, queueCapacity: 2000, scheduler: class org.apache.hadoop.ipc.DefaultRpcScheduler, ipcBackoff: false, ipcFailOver: false.
2025-04-24 14:02:40,489 [main] INFO  ipc.Server (Server.java:<init>(1438)) - Listener at localhost:15014
2025-04-24 14:02:40,489 [Socket Reader #1 for port 15014] INFO  ipc.Server (Server.java:run(1474)) - Starting Socket Reader #1 for port 15014
2025-04-24 14:02:40,489 [Socket Reader #2 for port 15014] INFO  ipc.Server (Server.java:run(1474)) - Starting Socket Reader #2 for port 15014
2025-04-24 14:02:40,490 [Socket Reader #3 for port 15014] INFO  ipc.Server (Server.java:run(1474)) - Starting Socket Reader #3 for port 15014
2025-04-24 14:02:40,490 [Socket Reader #4 for port 15014] INFO  ipc.Server (Server.java:run(1474)) - Starting Socket Reader #4 for port 15014
2025-04-24 14:02:40,490 [Socket Reader #5 for port 15014] INFO  ipc.Server (Server.java:run(1474)) - Starting Socket Reader #5 for port 15014
2025-04-24 14:02:40,490 [Socket Reader #6 for port 15014] INFO  ipc.Server (Server.java:run(1474)) - Starting Socket Reader #6 for port 15014
2025-04-24 14:02:40,490 [Socket Reader #7 for port 15014] INFO  ipc.Server (Server.java:run(1474)) - Starting Socket Reader #7 for port 15014
2025-04-24 14:02:40,491 [Socket Reader #8 for port 15014] INFO  ipc.Server (Server.java:run(1474)) - Starting Socket Reader #8 for port 15014
2025-04-24 14:02:40,491 [Socket Reader #9 for port 15014] INFO  ipc.Server (Server.java:run(1474)) - Starting Socket Reader #9 for port 15014
2025-04-24 14:02:40,491 [Socket Reader #10 for port 15014] INFO  ipc.Server (Server.java:run(1474)) - Starting Socket Reader #10 for port 15014
2025-04-24 14:02:40,493 [main] INFO  http.BaseHttpServer (BaseHttpServer.java:newHttpServer2BuilderForOzone(229)) - Starting Web-server for ozoneManager at: http://0.0.0.0:15015
2025-04-24 14:02:40,493 [main] INFO  http.BaseHttpServer (BaseHttpServer.java:<init>(107)) - Hadoop Security Enabled: false Ozone Security Enabled: false Ozone HTTP Security Enabled: false 
2025-04-24 14:02:40,494 [main] WARN  server.AuthenticationFilter (AuthenticationFilter.java:constructSecretProvider(240)) - Unable to initialize FileSignerSecretProvider, falling back to use random secrets. Reason: Could not read signature secret file: /home/runner/hadoop-http-auth-signature-secret
2025-04-24 14:02:40,496 [main] INFO  http.HttpServer2 (HttpServer2.java:addGlobalFilter(1041)) - Added global filter 'safety' (class=org.apache.hadoop.hdds.server.http.HttpServer2$QuotingInputFilter)
2025-04-24 14:02:40,497 [main] INFO  http.HttpServer2 (HttpServer2.java:addFilter(1017)) - Added filter static_user_filter (class=org.apache.hadoop.http.lib.StaticUserWebFilter$StaticUserFilter) to context ozoneManager
2025-04-24 14:02:40,497 [main] INFO  http.HttpServer2 (HttpServer2.java:addFilter(1025)) - Added filter static_user_filter (class=org.apache.hadoop.http.lib.StaticUserWebFilter$StaticUserFilter) to context logs
2025-04-24 14:02:40,497 [main] INFO  http.HttpServer2 (HttpServer2.java:addFilter(1025)) - Added filter static_user_filter (class=org.apache.hadoop.http.lib.StaticUserWebFilter$StaticUserFilter) to context static
2025-04-24 14:02:40,497 [main] INFO  http.BaseHttpServer (BaseHttpServer.java:<init>(195)) - HTTP server of ozoneManager uses base directory /home/runner/work/ozone/ozone/hadoop-ozone/integration-test/target/test-dir/MiniOzoneClusterImpl-4e6105ad-12bc-4f18-9d37-351d73277e17/omNode-3/webserver
2025-04-24 14:02:40,498 [main] INFO  http.HttpServer2 (HttpServer2.java:bindListener(1241)) - Jetty bound to port 15015
2025-04-24 14:02:40,498 [main] INFO  server.Server (Server.java:doStart(375)) - jetty-9.4.57.v20241219; built: 2025-01-08T21:24:30.412Z; git: df524e6b29271c2e09ba9aea83c18dc9db464a31; jvm 21.0.7+6-LTS
2025-04-24 14:02:40,499 [main] INFO  server.session (DefaultSessionIdManager.java:doStart(334)) - DefaultSessionIdManager workerName=node0
2025-04-24 14:02:40,499 [main] INFO  server.session (DefaultSessionIdManager.java:doStart(339)) - No SessionScavenger set, using defaults
2025-04-24 14:02:40,499 [main] INFO  server.session (HouseKeeper.java:startScavenging(132)) - node0 Scavenging every 600000ms
2025-04-24 14:02:40,500 [main] INFO  handler.ContextHandler (ContextHandler.java:doStart(921)) - Started o.e.j.s.ServletContextHandler@705fd0f8{logs,/logs,file:///home/runner/work/ozone/ozone/hadoop-ozone/integration-test/target/log,AVAILABLE}
2025-04-24 14:02:40,500 [main] INFO  handler.ContextHandler (ContextHandler.java:doStart(921)) - Started o.e.j.s.ServletContextHandler@76f518a9{static,/static,file:///home/runner/work/ozone/ozone/hadoop-ozone/integration-test/target/test-classes/webapps/static,AVAILABLE}
2025-04-24 14:02:40,505 [main] INFO  handler.ContextHandler (ContextHandler.java:doStart(921)) - Started o.e.j.w.WebAppContext@65962163{ozoneManager,/,file:///home/runner/work/ozone/ozone/hadoop-ozone/integration-test/target/test-classes/webapps/ozoneManager/,AVAILABLE}{file:/home/runner/work/ozone/ozone/hadoop-ozone/integration-test/target/test-classes/webapps/ozoneManager}
2025-04-24 14:02:40,506 [main] INFO  server.AbstractConnector (AbstractConnector.java:doStart(333)) - Started ServerConnector@55d811da{HTTP/1.1, (http/1.1)}{0.0.0.0:15015}
2025-04-24 14:02:40,506 [main] INFO  server.Server (Server.java:doStart(415)) - Started @41838ms
2025-04-24 14:02:40,506 [main] WARN  impl.MetricsSystemImpl (MetricsSystemImpl.java:register(279)) - Sink prometheus already exists!
2025-04-24 14:02:40,506 [main] INFO  http.BaseHttpServer (BaseHttpServer.java:updateConnectorAddress(360)) - HTTP server of ozoneManager listening at http://0.0.0.0:15015
2025-04-24 14:02:40,507 [IPC Server Responder] INFO  ipc.Server (Server.java:run(1713)) - IPC Server Responder: starting
2025-04-24 14:02:40,507 [IPC Server listener on 15014] INFO  ipc.Server (Server.java:run(1553)) - IPC Server listener on 15014: starting
2025-04-24 14:02:40,509 [main] INFO  om.OzoneManager (OzoneManager.java:startTrashEmptier(2257)) - Trash Interval set to 0. Files deleted won't move to trash
2025-04-24 14:02:40,509 [main] INFO  om.OzoneManager (OzoneManager.java:restart(1878)) - OzoneManager RPC server is listening at localhost/127.0.0.1:15006
2025-04-24 14:02:40,509 [main] INFO  impl.MetricsSystemImpl (MetricsSystemImpl.java:init(158)) - OzoneManager metrics system started (again)
2025-04-24 14:02:40,520 [main] WARN  server.ServerUtils (ServerUtils.java:getDBPath(297)) - ozone.om.db.dirs is not configured. We recommend adding this setting. Falling back to ozone.metadata.dirs instead.
2025-04-24 14:02:40,563 [main] INFO  om.OzoneManager (OzoneManager.java:instantiateServices(933)) - S3 Multi-Tenancy is disabled
2025-04-24 14:02:40,563 [main] INFO  om.OmSnapshotManager (OmSnapshotManager.java:<init>(180)) - Ozone filesystem snapshot feature is enabled.
2025-04-24 14:02:40,564 [main] WARN  server.ServerUtils (ServerUtils.java:getDBPath(297)) - ozone.om.snapshot.diff.db.dir is not configured. We recommend adding this setting. Falling back to ozone.metadata.dirs instead.
2025-04-24 14:02:40,578 [main] WARN  dropwizard3.Dm3MetricRegistriesImpl (Dm3MetricRegistriesImpl.java:addReporterRegistration(114)) - New reporters are added after registries were created. Some metrics will be missing from the reporter. Please add reporter before adding any new registry.
2025-04-24 14:02:40,578 [main] WARN  dropwizard3.Dm3MetricRegistriesImpl (Dm3MetricRegistriesImpl.java:addReporterRegistration(114)) - New reporters are added after registries were created. Some metrics will be missing from the reporter. Please add reporter before adding any new registry.
2025-04-24 14:02:40,578 [main] WARN  server.ServerUtils (ServerUtils.java:getDefaultRatisDirectory(309)) - Storage directory for Ratis is not configured. It is a good idea to map this to an SSD disk. Falling back to ozone.metadata.dirs
2025-04-24 14:02:40,578 [main] INFO  server.RaftServerConfigKeys (ConfUtils.java:logGet(46)) - raft.server.log.appender.buffer.byte-limit = 4194304 (custom)
2025-04-24 14:02:40,579 [main] INFO  ratis.OzoneManagerRatisServer (OzoneManagerRatisServer.java:<init>(167)) - Instantiating OM Ratis server with groupID: om-service-test1 and peers: localhost:15009, localhost:15017, localhost:15013
2025-04-24 14:02:40,580 [main] INFO  ratis.OzoneManagerStateMachine (OzoneManagerStateMachine.java:loadSnapshotInfoFromDB(611)) - LastAppliedIndex is set from TransactionInfo from OM DB as (t:4, i:32)
2025-04-24 14:02:40,580 [main] INFO  server.RaftServer (ConfUtils.java:logGet(46)) - raft.rpc.type = GRPC (default)
2025-04-24 14:02:40,580 [main] INFO  grpc.GrpcConfigKeys (ConfUtils.java:logFallback(53)) - raft.grpc.admin.host = null (fallback to raft.grpc.server.host)
2025-04-24 14:02:40,580 [main] INFO  grpc.GrpcConfigKeys (ConfUtils.java:logFallback(53)) - raft.grpc.admin.port = 15009 (fallback to raft.grpc.server.port)
2025-04-24 14:02:40,580 [main] INFO  grpc.GrpcConfigKeys (ConfUtils.java:logFallback(53)) - raft.grpc.client.host = null (fallback to raft.grpc.server.host)
2025-04-24 14:02:40,580 [main] INFO  grpc.GrpcConfigKeys (ConfUtils.java:logFallback(53)) - raft.grpc.client.port = 15009 (fallback to raft.grpc.server.port)
2025-04-24 14:02:40,580 [main] INFO  grpc.GrpcConfigKeys (ConfUtils.java:logGet(46)) - raft.grpc.server.host = null (default)
2025-04-24 14:02:40,580 [main] INFO  grpc.GrpcConfigKeys (ConfUtils.java:logGet(46)) - raft.grpc.server.port = 15009 (custom)
2025-04-24 14:02:40,581 [main] INFO  server.GrpcService (ConfUtils.java:logGet(46)) - raft.grpc.message.size.max = 5242880 (custom)
2025-04-24 14:02:40,581 [main] INFO  server.GrpcService (ConfUtils.java:logGet(46)) - raft.grpc.flow.control.window = 1MB (=1048576) (default)
2025-04-24 14:02:40,581 [main] INFO  server.RaftServerConfigKeys (ConfUtils.java:logGet(46)) - raft.server.rpc.request.timeout = 3000ms (default)
2025-04-24 14:02:40,581 [main] INFO  grpc.GrpcConfigKeys (ConfUtils.java:logGet(46)) - raft.grpc.server.heartbeat.channel = true (default)
2025-04-24 14:02:40,581 [main] INFO  server.RaftServerConfigKeys (ConfUtils.java:logGet(46)) - raft.server.log.appender.buffer.byte-limit = 4194304 (custom)
2025-04-24 14:02:40,581 [main] INFO  grpc.GrpcConfigKeys (ConfUtils.java:logGet(46)) - raft.grpc.server.async.request.thread.pool.cached = true (default)
2025-04-24 14:02:40,581 [main] INFO  grpc.GrpcConfigKeys (ConfUtils.java:logGet(46)) - raft.grpc.server.async.request.thread.pool.size = 32 (default)
2025-04-24 14:02:40,582 [main] INFO  impl.DataStreamServerImpl (ConfUtils.java:logGet(46)) - raft.datastream.type = DISABLED (default)
2025-04-24 14:02:40,582 [main] INFO  server.RaftServerConfigKeys (ConfUtils.java:logGet(46)) - raft.server.sleep.deviation.threshold = 300ms (default)
2025-04-24 14:02:40,582 [main] INFO  server.RaftServerConfigKeys (ConfUtils.java:logGet(46)) - raft.server.close.threshold = 60s (default)
2025-04-24 14:02:40,582 [main] INFO  server.RaftServerConfigKeys (ConfUtils.java:logGet(46)) - raft.server.leaderelection.leader.step-down.wait-time = 10s (default)
2025-04-24 14:02:40,582 [main] INFO  server.RaftServerConfigKeys (ConfUtils.java:logGet(46)) - raft.server.storage.dir = [/home/runner/work/ozone/ozone/hadoop-ozone/integration-test/target/test-dir/MiniOzoneClusterImpl-4e6105ad-12bc-4f18-9d37-351d73277e17/omNode-1/ratis] (custom)
2025-04-24 14:02:40,582 [main] INFO  server.RaftServerConfigKeys (ConfUtils.java:logGet(46)) - raft.server.threadpool.proxy.cached = true (default)
2025-04-24 14:02:40,582 [main] INFO  server.RaftServerConfigKeys (ConfUtils.java:logGet(46)) - raft.server.threadpool.proxy.size = 0 (default)
2025-04-24 14:02:40,583 [omNode-1-impl-thread1] INFO  server.RaftServer (RaftServerProxy.java:initGroupDir(265)) - omNode-1: found a subdirectory /home/runner/work/ozone/ozone/hadoop-ozone/integration-test/target/test-dir/MiniOzoneClusterImpl-4e6105ad-12bc-4f18-9d37-351d73277e17/omNode-1/ratis/c9bc4cf4-3bc3-3c60-a66b-523986131536
2025-04-24 14:02:40,583 [main] INFO  server.RaftServer (RaftServerProxy.java:addNew(100)) - omNode-1: addNew group-523986131536:[omNode-3|localhost:15017, omNode-1|localhost:15009, omNode-2|localhost:15013] returns group-523986131536:java.util.concurrent.CompletableFuture@76a38eef[Not completed]
2025-04-24 14:02:40,583 [main] INFO  om.OzoneManager (OzoneManager.java:initializeRatisServer(2303)) - OzoneManager Ratis server initialized at port 15009
2025-04-24 14:02:40,583 [omNode-1-groupManagement] INFO  server.RaftServer$Division (RaftServerImpl.java:<init>(255)) - omNode-1: new RaftServerImpl for group-523986131536:[omNode-3|localhost:15017, omNode-1|localhost:15009, omNode-2|localhost:15013] with OzoneManagerStateMachine:uninitialized
2025-04-24 14:02:40,583 [main] INFO  ratis.OzoneManagerRatisServer (OzoneManagerRatisServer.java:start(628)) - Starting OzoneManagerRatisServer omNode-1 at port 15009
2025-04-24 14:02:40,583 [omNode-1-groupManagement] INFO  server.RaftServerConfigKeys (ConfUtils.java:logGet(46)) - raft.server.rpc.timeout.min = 1s (custom)
2025-04-24 14:02:40,583 [omNode-1-groupManagement] INFO  server.RaftServerConfigKeys (ConfUtils.java:logGet(46)) - raft.server.rpc.timeout.max = 1200ms (custom)
2025-04-24 14:02:40,583 [omNode-1-groupManagement] INFO  server.RaftServerConfigKeys (ConfUtils.java:logGet(46)) - raft.server.rpc.sleep.time = 25ms (default)
2025-04-24 14:02:40,583 [omNode-1-groupManagement] INFO  server.RaftServerConfigKeys (ConfUtils.java:logGet(46)) - raft.server.rpc.slowness.timeout = 2s (custom)
2025-04-24 14:02:40,583 [omNode-1-groupManagement] INFO  server.RaftServerConfigKeys (ConfUtils.java:logGet(46)) - raft.server.leaderelection.leader.step-down.wait-time = 10s (default)
2025-04-24 14:02:40,583 [omNode-1-groupManagement] INFO  server.RaftServerConfigKeys (ConfUtils.java:logGet(46)) - raft.server.leaderelection.member.majority-add = false (default)
2025-04-24 14:02:40,583 [omNode-1-groupManagement] INFO  server.RaftServerConfigKeys (ConfUtils.java:logGet(46)) - raft.server.sleep.deviation.threshold = 300ms (default)
2025-04-24 14:02:40,583 [omNode-1-groupManagement] INFO  server.RaftServer$Division (ServerState.java:<init>(114)) - omNode-1@group-523986131536: ConfigurationManager, init=conf: {index: -1, cur=peers:[omNode-3|localhost:15017, omNode-1|localhost:15009, omNode-2|localhost:15013]|listeners:[], old=null}, confs=<EMPTY_MAP>
2025-04-24 14:02:40,584 [omNode-1-groupManagement] INFO  server.RaftServerConfigKeys (ConfUtils.java:logGet(46)) - raft.server.notification.no-leader.timeout = 2s (custom)
2025-04-24 14:02:40,584 [omNode-1-groupManagement] INFO  server.RaftServerConfigKeys (ConfUtils.java:logGet(46)) - raft.server.read.timeout = 10s (default)
2025-04-24 14:02:40,584 [omNode-1-groupManagement] INFO  server.RaftServerConfigKeys (ConfUtils.java:logGet(46)) - raft.server.retrycache.expirytime = 30000ms (custom)
2025-04-24 14:02:40,584 [omNode-1-groupManagement] INFO  server.RaftServerConfigKeys (ConfUtils.java:logGet(46)) - raft.server.retrycache.statistics.expirytime = 100ms (default)
2025-04-24 14:02:40,584 [omNode-1-groupManagement] INFO  server.RaftServerConfigKeys (ConfUtils.java:logGet(46)) - raft.server.read.option = DEFAULT (default)
2025-04-24 14:02:40,584 [omNode-1-groupManagement] INFO  server.RaftServerConfigKeys (ConfUtils.java:logGet(46)) - raft.server.read.read-after-write-consistent.write-index-cache.expiry-time = 60s (default)
2025-04-24 14:02:40,586 [omNode-1-groupManagement] INFO  server.RaftServerConfigKeys (ConfUtils.java:logGet(46)) - raft.server.rpc.request.timeout = 3000ms (default)
2025-04-24 14:02:40,586 [omNode-1-groupManagement] INFO  server.RaftServerConfigKeys (ConfUtils.java:logGet(46)) - raft.server.log.appender.install.snapshot.enabled = false (custom)
2025-04-24 14:02:40,586 [omNode-1-groupManagement] INFO  server.RaftServerConfigKeys (ConfUtils.java:logGet(46)) - raft.server.threadpool.server.cached = true (default)
2025-04-24 14:02:40,586 [omNode-1-groupManagement] INFO  server.RaftServerConfigKeys (ConfUtils.java:logGet(46)) - raft.server.threadpool.server.size = 0 (default)
2025-04-24 14:02:40,586 [omNode-1-groupManagement] INFO  server.RaftServerConfigKeys (ConfUtils.java:logGet(46)) - raft.server.threadpool.client.cached = true (default)
2025-04-24 14:02:40,586 [omNode-1-groupManagement] INFO  server.RaftServerConfigKeys (ConfUtils.java:logGet(46)) - raft.server.threadpool.client.size = 0 (default)
2025-04-24 14:02:40,586 [omNode-1-impl-thread1] INFO  server.RaftServerConfigKeys (ConfUtils.java:logGet(46)) - raft.server.storage.free-space.min = 0MB (=0) (default)
2025-04-24 14:02:40,586 [omNode-1-impl-thread1] INFO  server.RaftServerConfigKeys (ConfUtils.java:logGet(46)) - raft.server.log.corruption.policy = EXCEPTION (default)
2025-04-24 14:02:40,586 [omNode-1-impl-thread1] INFO  server.RaftServerConfigKeys (ConfUtils.java:logGet(46)) - raft.server.storage.dir = [/home/runner/work/ozone/ozone/hadoop-ozone/integration-test/target/test-dir/MiniOzoneClusterImpl-4e6105ad-12bc-4f18-9d37-351d73277e17/omNode-1/ratis] (custom)
2025-04-24 14:02:40,587 [omNode-1-impl-thread1] INFO  storage.RaftStorageDirectory (RaftStorageDirectoryImpl.java:tryLock(229)) - Lock on /home/runner/work/ozone/ozone/hadoop-ozone/integration-test/target/test-dir/MiniOzoneClusterImpl-4e6105ad-12bc-4f18-9d37-351d73277e17/omNode-1/ratis/c9bc4cf4-3bc3-3c60-a66b-523986131536/in_use.lock acquired by nodename 129728@fv-az2210-761
2025-04-24 14:02:40,587 [omNode-1-impl-thread1] INFO  storage.RaftStorage (RaftStorageImpl.java:analyzeAndRecoverStorage(118)) - Read RaftStorageMetadata{term=4, votedFor=omNode-3} from /home/runner/work/ozone/ozone/hadoop-ozone/integration-test/target/test-dir/MiniOzoneClusterImpl-4e6105ad-12bc-4f18-9d37-351d73277e17/omNode-1/ratis/c9bc4cf4-3bc3-3c60-a66b-523986131536/current/raft-meta
2025-04-24 14:02:40,587 [omNode-1-impl-thread1] INFO  server.RaftServer$Division (ServerState.java:setRaftConf(386)) - omNode-1@group-523986131536: set configuration conf: {index: 32, cur=peers:[omNode-3|localhost:15017, omNode-1|localhost:15009, omNode-2|localhost:15013]|listeners:[], old=null}
2025-04-24 14:02:40,587 [omNode-1-impl-thread1] INFO  ratis.OzoneManagerStateMachine (OzoneManagerStateMachine.java:lambda$0(138)) - omNode-1: initialize group-523986131536 with (t:4, i:32)
2025-04-24 14:02:40,588 [omNode-1-impl-thread1] INFO  server.RaftServerConfigKeys (ConfUtils.java:logGet(46)) - raft.server.log.use.memory = false (default)
2025-04-24 14:02:40,588 [omNode-1-impl-thread1] INFO  server.RaftServerConfigKeys (ConfUtils.java:logGet(46)) - raft.server.log.purge.gap = 50 (custom)
2025-04-24 14:02:40,588 [omNode-1-impl-thread1] INFO  server.RaftServerConfigKeys (ConfUtils.java:logGet(46)) - raft.server.log.appender.buffer.byte-limit = 4194304 (custom)
2025-04-24 14:02:40,588 [omNode-1-impl-thread1] INFO  server.RaftServerConfigKeys (ConfUtils.java:logGet(46)) - raft.server.log.statemachine.data.read.timeout = 1000ms (default)
2025-04-24 14:02:40,588 [omNode-1-impl-thread1] INFO  server.RaftServerConfigKeys (ConfUtils.java:logGet(46)) - raft.server.log.purge.preservation.log.num = 0 (default)
2025-04-24 14:02:40,589 [omNode-1-impl-thread1] INFO  server.RaftServerConfigKeys (ConfUtils.java:logGet(46)) - raft.server.log.segment.size.max = 4194304 (custom)
2025-04-24 14:02:40,589 [omNode-1-impl-thread1] INFO  server.RaftServerConfigKeys (ConfUtils.java:logGet(46)) - raft.server.log.segment.cache.num.max = 2 (custom)
2025-04-24 14:02:40,589 [omNode-1-impl-thread1] INFO  server.RaftServerConfigKeys (ConfUtils.java:logGet(46)) - raft.server.log.segment.cache.size.max = 200MB (=209715200) (default)
2025-04-24 14:02:40,589 [omNode-1-impl-thread1] INFO  server.RaftServerConfigKeys (ConfUtils.java:logGet(46)) - raft.server.log.appender.buffer.byte-limit = 4194304 (custom)
2025-04-24 14:02:40,590 [omNode-1-impl-thread1] INFO  util.AwaitToRun (AwaitToRun.java:start(81)) - Thread[#2262,omNode-1@group-523986131536-cacheEviction-AwaitToRun,5,main] started
2025-04-24 14:02:40,590 [omNode-1-impl-thread1] INFO  segmented.SegmentedRaftLogWorker (SegmentedRaftLogWorker.java:<init>(188)) - new omNode-1@group-523986131536-SegmentedRaftLogWorker for RaftStorageImpl:Storage Directory /home/runner/work/ozone/ozone/hadoop-ozone/integration-test/target/test-dir/MiniOzoneClusterImpl-4e6105ad-12bc-4f18-9d37-351d73277e17/omNode-1/ratis/c9bc4cf4-3bc3-3c60-a66b-523986131536
2025-04-24 14:02:40,590 [omNode-1-impl-thread1] INFO  server.RaftServerConfigKeys (ConfUtils.java:logGet(46)) - raft.server.log.queue.byte-limit = 64MB (=67108864) (default)
2025-04-24 14:02:40,590 [omNode-1-impl-thread1] INFO  server.RaftServerConfigKeys (ConfUtils.java:logGet(46)) - raft.server.log.queue.element-limit = 4096 (default)
2025-04-24 14:02:40,590 [omNode-1-impl-thread1] INFO  server.RaftServerConfigKeys (ConfUtils.java:logGet(46)) - raft.server.log.segment.size.max = 4194304 (custom)
2025-04-24 14:02:40,590 [omNode-1-impl-thread1] INFO  server.RaftServerConfigKeys (ConfUtils.java:logGet(46)) - raft.server.log.preallocated.size = 4194304 (custom)
2025-04-24 14:02:40,590 [omNode-1-impl-thread1] INFO  server.RaftServerConfigKeys (ConfUtils.java:logGet(46)) - raft.server.log.force.sync.num = 128 (default)
2025-04-24 14:02:40,590 [omNode-1-impl-thread1] INFO  server.RaftServerConfigKeys (ConfUtils.java:logGet(46)) - raft.server.log.statemachine.data.sync = true (default)
2025-04-24 14:02:40,590 [omNode-1-impl-thread1] INFO  server.RaftServerConfigKeys (ConfUtils.java:logGet(46)) - raft.server.log.statemachine.data.sync.timeout = 10s (default)
2025-04-24 14:02:40,590 [omNode-1-impl-thread1] INFO  server.RaftServerConfigKeys (ConfUtils.java:logGet(46)) - raft.server.log.statemachine.data.sync.timeout.retry = -1 (default)
2025-04-24 14:02:40,590 [omNode-1-impl-thread1] INFO  server.RaftServerConfigKeys (ConfUtils.java:logGet(46)) - raft.server.log.write.buffer.size = 4194312 (custom)
2025-04-24 14:02:40,591 [omNode-1-impl-thread1] INFO  server.RaftServerConfigKeys (ConfUtils.java:logGet(46)) - raft.server.log.appender.buffer.byte-limit = 4194304 (custom)
2025-04-24 14:02:40,591 [omNode-1-impl-thread1] INFO  server.RaftServerConfigKeys (ConfUtils.java:logGet(46)) - raft.server.log.unsafe-flush.enabled = false (default)
2025-04-24 14:02:40,591 [omNode-1-impl-thread1] INFO  server.RaftServerConfigKeys (ConfUtils.java:logGet(46)) - raft.server.log.async-flush.enabled = false (default)
2025-04-24 14:02:40,591 [omNode-1-impl-thread1] INFO  server.RaftServerConfigKeys (ConfUtils.java:logGet(46)) - raft.server.log.statemachine.data.caching.enabled = false (default)
2025-04-24 14:02:40,591 [omNode-1-impl-thread1] INFO  server.RaftServer$Division (ServerState.java:setRaftConf(386)) - omNode-1@group-523986131536: set configuration conf: {index: 0, cur=peers:[omNode-3|localhost:15017, omNode-1|localhost:15009, omNode-2|localhost:15013]|listeners:[], old=null}
2025-04-24 14:02:40,592 [omNode-1-impl-thread1] INFO  segmented.LogSegment (LogSegment.java:loadSegment(171)) - Successfully read 21 entries from segment file /home/runner/work/ozone/ozone/hadoop-ozone/integration-test/target/test-dir/MiniOzoneClusterImpl-4e6105ad-12bc-4f18-9d37-351d73277e17/omNode-1/ratis/c9bc4cf4-3bc3-3c60-a66b-523986131536/current/log_0-20
2025-04-24 14:02:40,592 [omNode-1-impl-thread1] INFO  server.RaftServer$Division (ServerState.java:setRaftConf(386)) - omNode-1@group-523986131536: set configuration conf: {index: 21, cur=peers:[omNode-3|localhost:15017, omNode-1|localhost:15009, omNode-2|localhost:15013]|listeners:[], old=null}
2025-04-24 14:02:40,593 [omNode-1-impl-thread1] INFO  segmented.LogSegment (LogSegment.java:loadSegment(171)) - Successfully read 9 entries from segment file /home/runner/work/ozone/ozone/hadoop-ozone/integration-test/target/test-dir/MiniOzoneClusterImpl-4e6105ad-12bc-4f18-9d37-351d73277e17/omNode-1/ratis/c9bc4cf4-3bc3-3c60-a66b-523986131536/current/log_21-29
2025-04-24 14:02:40,593 [omNode-1-impl-thread1] INFO  server.RaftServer$Division (ServerState.java:setRaftConf(386)) - omNode-1@group-523986131536: set configuration conf: {index: 30, cur=peers:[omNode-3|localhost:15017, omNode-1|localhost:15009, omNode-2|localhost:15013]|listeners:[], old=null}
2025-04-24 14:02:40,593 [omNode-1-impl-thread1] INFO  segmented.LogSegment (LogSegment.java:loadSegment(171)) - Successfully read 2 entries from segment file /home/runner/work/ozone/ozone/hadoop-ozone/integration-test/target/test-dir/MiniOzoneClusterImpl-4e6105ad-12bc-4f18-9d37-351d73277e17/omNode-1/ratis/c9bc4cf4-3bc3-3c60-a66b-523986131536/current/log_30-31
2025-04-24 14:02:40,593 [omNode-1-impl-thread1] INFO  server.RaftServer$Division (ServerState.java:setRaftConf(386)) - omNode-1@group-523986131536: set configuration conf: {index: 32, cur=peers:[omNode-3|localhost:15017, omNode-1|localhost:15009, omNode-2|localhost:15013]|listeners:[], old=null}
2025-04-24 14:02:40,593 [omNode-1-impl-thread1] INFO  segmented.LogSegment (LogSegment.java:loadSegment(171)) - Successfully read 2 entries from segment file /home/runner/work/ozone/ozone/hadoop-ozone/integration-test/target/test-dir/MiniOzoneClusterImpl-4e6105ad-12bc-4f18-9d37-351d73277e17/omNode-1/ratis/c9bc4cf4-3bc3-3c60-a66b-523986131536/current/log_inprogress_32
2025-04-24 14:02:40,594 [omNode-1-impl-thread1] INFO  segmented.SegmentedRaftLogWorker (SegmentedRaftLogWorker.java:lambda$new$0(139)) - omNode-1@group-523986131536-SegmentedRaftLogWorker: flushIndex: setUnconditionally 0 -> 33
2025-04-24 14:02:40,594 [omNode-1-impl-thread1] INFO  segmented.SegmentedRaftLogWorker (SegmentedRaftLogWorker.java:lambda$new$0(139)) - omNode-1@group-523986131536-SegmentedRaftLogWorker: safeCacheEvictIndex: setUnconditionally 0 -> 31
2025-04-24 14:02:40,594 [omNode-1-impl-thread1] INFO  segmented.BufferedWriteChannel (BufferedWriteChannel.java:open(61)) - open log_inprogress_32 (append) at position 125
2025-04-24 14:02:40,594 [omNode-1-impl-thread1] INFO  server.RaftServer$Division (RaftServerImpl.java:start(391)) - omNode-1@group-523986131536: start as a follower, conf=conf: {index: 32, cur=peers:[omNode-3|localhost:15017, omNode-1|localhost:15009, omNode-2|localhost:15013]|listeners:[], old=null}
2025-04-24 14:02:40,594 [omNode-1-impl-thread1] INFO  server.RaftServer$Division (RaftServerImpl.java:setRole(378)) - omNode-1@group-523986131536: changes role from      null to FOLLOWER at term 4 for startAsFollower
2025-04-24 14:02:40,594 [omNode-1-impl-thread1] INFO  impl.RoleInfo (RoleInfo.java:updateAndGet(148)) - omNode-1: start omNode-1@group-523986131536-FollowerState
2025-04-24 14:02:40,594 [omNode-1-impl-thread1] INFO  util.JmxRegister (JmxRegister.java:tryRegister(44)) - Successfully registered JMX Bean with object name Ratis:service=RaftServer,group=group-523986131536,id=omNode-1
2025-04-24 14:02:40,594 [omNode-1-impl-thread1] INFO  util.JmxRegister (JmxRegister.java:register(58)) - register mxBean class org.apache.ratis.server.impl.RaftServerJmxAdapter as Ratis:service=RaftServer,group=group-523986131536,id=omNode-1
2025-04-24 14:02:40,594 [omNode-1-impl-thread1] INFO  server.RaftServerConfigKeys (ConfUtils.java:logGet(46)) - raft.server.snapshot.trigger-when-stop.enabled = true (default)
2025-04-24 14:02:40,595 [omNode-1-impl-thread1] INFO  server.RaftServerConfigKeys (ConfUtils.java:logGet(46)) - raft.server.snapshot.trigger-when-remove.enabled = true (default)
2025-04-24 14:02:40,595 [omNode-1-impl-thread1] INFO  server.RaftServerConfigKeys (ConfUtils.java:logGet(46)) - raft.server.snapshot.auto.trigger.enabled = true (custom)
2025-04-24 14:02:40,595 [omNode-1-impl-thread1] INFO  server.RaftServerConfigKeys (ConfUtils.java:logGet(46)) - raft.server.snapshot.auto.trigger.threshold = 50 (custom)
2025-04-24 14:02:40,595 [omNode-1-impl-thread1] INFO  server.RaftServerConfigKeys (ConfUtils.java:logGet(46)) - raft.server.snapshot.retention.file.num = -1 (default)
2025-04-24 14:02:40,595 [omNode-1-impl-thread1] INFO  server.RaftServerConfigKeys (ConfUtils.java:logGet(46)) - raft.server.log.purge.upto.snapshot.index = true (custom)
2025-04-24 14:02:40,595 [omNode-1@group-523986131536-FollowerState] INFO  server.RaftServerConfigKeys (ConfUtils.java:logFallback(53)) - raft.server.rpc.first-election.timeout.min = 1s (fallback to raft.server.rpc.timeout.min)
2025-04-24 14:02:40,595 [omNode-1@group-523986131536-FollowerState] INFO  server.RaftServerConfigKeys (ConfUtils.java:logFallback(53)) - raft.server.rpc.first-election.timeout.max = 1200ms (fallback to raft.server.rpc.timeout.max)
2025-04-24 14:02:40,595 [omNode-1-impl-thread1] INFO  server.RaftServer$Division (RaftServerImpl.java:start(405)) - omNode-1@group-523986131536: Successfully started.
2025-04-24 14:02:40,595 [main] INFO  server.RaftServer (RaftServerProxy.java:startImpl(407)) - omNode-1: start RPC server
2025-04-24 14:02:40,596 [main] INFO  server.GrpcService (GrpcService.java:startImpl(334)) - omNode-1: GrpcService started, listening on 15009
2025-04-24 14:02:40,596 [main] INFO  om.OzoneManager (OzoneManager.java:getRpcServer(1360)) - Creating RPC Server
2025-04-24 14:02:40,596 [JvmPauseMonitor15] INFO  util.JvmPauseMonitor (JvmPauseMonitor.java:run(146)) - JvmPauseMonitor-omNode-1: Started
2025-04-24 14:02:40,918 [main] INFO  reflections.Reflections (Reflections.java:scan(219)) - Reflections took 321 ms to scan 22 urls, producing 61 keys and 7423 values
2025-04-24 14:02:40,920 [main] INFO  ipc.CallQueueManager (CallQueueManager.java:<init>(93)) - Using callQueue: class java.util.concurrent.LinkedBlockingQueue, queueCapacity: 2000, scheduler: class org.apache.hadoop.ipc.DefaultRpcScheduler, ipcBackoff: false, ipcFailOver: false.
2025-04-24 14:02:40,920 [main] INFO  ipc.Server (Server.java:<init>(1438)) - Listener at localhost:15006
2025-04-24 14:02:40,920 [Socket Reader #1 for port 15006] INFO  ipc.Server (Server.java:run(1474)) - Starting Socket Reader #1 for port 15006
2025-04-24 14:02:40,921 [Socket Reader #2 for port 15006] INFO  ipc.Server (Server.java:run(1474)) - Starting Socket Reader #2 for port 15006
2025-04-24 14:02:40,921 [Socket Reader #3 for port 15006] INFO  ipc.Server (Server.java:run(1474)) - Starting Socket Reader #3 for port 15006
2025-04-24 14:02:40,921 [Socket Reader #4 for port 15006] INFO  ipc.Server (Server.java:run(1474)) - Starting Socket Reader #4 for port 15006
2025-04-24 14:02:40,921 [Socket Reader #5 for port 15006] INFO  ipc.Server (Server.java:run(1474)) - Starting Socket Reader #5 for port 15006
2025-04-24 14:02:40,921 [Socket Reader #6 for port 15006] INFO  ipc.Server (Server.java:run(1474)) - Starting Socket Reader #6 for port 15006
2025-04-24 14:02:40,921 [Socket Reader #7 for port 15006] INFO  ipc.Server (Server.java:run(1474)) - Starting Socket Reader #7 for port 15006
2025-04-24 14:02:40,921 [Socket Reader #8 for port 15006] INFO  ipc.Server (Server.java:run(1474)) - Starting Socket Reader #8 for port 15006
2025-04-24 14:02:40,922 [Socket Reader #9 for port 15006] INFO  ipc.Server (Server.java:run(1474)) - Starting Socket Reader #9 for port 15006
2025-04-24 14:02:40,922 [Socket Reader #10 for port 15006] INFO  ipc.Server (Server.java:run(1474)) - Starting Socket Reader #10 for port 15006
2025-04-24 14:02:40,923 [main] INFO  http.BaseHttpServer (BaseHttpServer.java:newHttpServer2BuilderForOzone(229)) - Starting Web-server for ozoneManager at: http://0.0.0.0:15007
2025-04-24 14:02:40,924 [main] INFO  http.BaseHttpServer (BaseHttpServer.java:<init>(107)) - Hadoop Security Enabled: false Ozone Security Enabled: false Ozone HTTP Security Enabled: false 
2025-04-24 14:02:40,925 [main] WARN  server.AuthenticationFilter (AuthenticationFilter.java:constructSecretProvider(240)) - Unable to initialize FileSignerSecretProvider, falling back to use random secrets. Reason: Could not read signature secret file: /home/runner/hadoop-http-auth-signature-secret
2025-04-24 14:02:40,927 [main] INFO  http.HttpServer2 (HttpServer2.java:addGlobalFilter(1041)) - Added global filter 'safety' (class=org.apache.hadoop.hdds.server.http.HttpServer2$QuotingInputFilter)
2025-04-24 14:02:40,927 [main] INFO  http.HttpServer2 (HttpServer2.java:addFilter(1017)) - Added filter static_user_filter (class=org.apache.hadoop.http.lib.StaticUserWebFilter$StaticUserFilter) to context ozoneManager
2025-04-24 14:02:40,927 [main] INFO  http.HttpServer2 (HttpServer2.java:addFilter(1025)) - Added filter static_user_filter (class=org.apache.hadoop.http.lib.StaticUserWebFilter$StaticUserFilter) to context static
2025-04-24 14:02:40,927 [main] INFO  http.HttpServer2 (HttpServer2.java:addFilter(1025)) - Added filter static_user_filter (class=org.apache.hadoop.http.lib.StaticUserWebFilter$StaticUserFilter) to context logs
2025-04-24 14:02:40,928 [main] INFO  http.BaseHttpServer (BaseHttpServer.java:<init>(195)) - HTTP server of ozoneManager uses base directory /home/runner/work/ozone/ozone/hadoop-ozone/integration-test/target/test-dir/MiniOzoneClusterImpl-4e6105ad-12bc-4f18-9d37-351d73277e17/omNode-1/webserver
2025-04-24 14:02:40,928 [main] INFO  http.HttpServer2 (HttpServer2.java:bindListener(1241)) - Jetty bound to port 15007
2025-04-24 14:02:40,928 [main] INFO  server.Server (Server.java:doStart(375)) - jetty-9.4.57.v20241219; built: 2025-01-08T21:24:30.412Z; git: df524e6b29271c2e09ba9aea83c18dc9db464a31; jvm 21.0.7+6-LTS
2025-04-24 14:02:40,929 [main] INFO  server.session (DefaultSessionIdManager.java:doStart(334)) - DefaultSessionIdManager workerName=node0
2025-04-24 14:02:40,930 [main] INFO  server.session (DefaultSessionIdManager.java:doStart(339)) - No SessionScavenger set, using defaults
2025-04-24 14:02:40,930 [main] INFO  server.session (HouseKeeper.java:startScavenging(132)) - node0 Scavenging every 660000ms
2025-04-24 14:02:40,930 [main] INFO  handler.ContextHandler (ContextHandler.java:doStart(921)) - Started o.e.j.s.ServletContextHandler@5854536a{logs,/logs,file:///home/runner/work/ozone/ozone/hadoop-ozone/integration-test/target/log,AVAILABLE}
2025-04-24 14:02:40,931 [main] INFO  handler.ContextHandler (ContextHandler.java:doStart(921)) - Started o.e.j.s.ServletContextHandler@1977615b{static,/static,file:///home/runner/work/ozone/ozone/hadoop-ozone/integration-test/target/test-classes/webapps/static,AVAILABLE}
2025-04-24 14:02:40,934 [main] INFO  handler.ContextHandler (ContextHandler.java:doStart(921)) - Started o.e.j.w.WebAppContext@5ba58280{ozoneManager,/,file:///home/runner/work/ozone/ozone/hadoop-ozone/integration-test/target/test-classes/webapps/ozoneManager/,AVAILABLE}{file:/home/runner/work/ozone/ozone/hadoop-ozone/integration-test/target/test-classes/webapps/ozoneManager}
2025-04-24 14:02:40,935 [main] INFO  server.AbstractConnector (AbstractConnector.java:doStart(333)) - Started ServerConnector@7d1db98e{HTTP/1.1, (http/1.1)}{0.0.0.0:15007}
2025-04-24 14:02:40,935 [main] INFO  server.Server (Server.java:doStart(415)) - Started @42267ms
2025-04-24 14:02:40,935 [main] WARN  impl.MetricsSystemImpl (MetricsSystemImpl.java:register(279)) - Sink prometheus already exists!
2025-04-24 14:02:40,935 [main] INFO  http.BaseHttpServer (BaseHttpServer.java:updateConnectorAddress(360)) - HTTP server of ozoneManager listening at http://0.0.0.0:15007
2025-04-24 14:02:40,936 [IPC Server Responder] INFO  ipc.Server (Server.java:run(1713)) - IPC Server Responder: starting
2025-04-24 14:02:40,936 [IPC Server listener on 15006] INFO  ipc.Server (Server.java:run(1553)) - IPC Server listener on 15006: starting
2025-04-24 14:02:40,938 [main] INFO  om.OzoneManager (OzoneManager.java:startTrashEmptier(2257)) - Trash Interval set to 0. Files deleted won't move to trash
2025-04-24 14:02:40,938 [main] INFO  om.OzoneManager (OzoneManager.java:restart(1878)) - OzoneManager RPC server is listening at localhost/127.0.0.1:15010
2025-04-24 14:02:40,938 [main] INFO  impl.MetricsSystemImpl (MetricsSystemImpl.java:init(158)) - OzoneManager metrics system started (again)
2025-04-24 14:02:40,949 [main] WARN  server.ServerUtils (ServerUtils.java:getDBPath(297)) - ozone.om.db.dirs is not configured. We recommend adding this setting. Falling back to ozone.metadata.dirs instead.
2025-04-24 14:02:40,988 [main] INFO  om.OzoneManager (OzoneManager.java:instantiateServices(933)) - S3 Multi-Tenancy is disabled
2025-04-24 14:02:40,988 [main] INFO  om.OmSnapshotManager (OmSnapshotManager.java:<init>(180)) - Ozone filesystem snapshot feature is enabled.
2025-04-24 14:02:40,989 [main] WARN  server.ServerUtils (ServerUtils.java:getDBPath(297)) - ozone.om.snapshot.diff.db.dir is not configured. We recommend adding this setting. Falling back to ozone.metadata.dirs instead.
2025-04-24 14:02:41,001 [main] WARN  dropwizard3.Dm3MetricRegistriesImpl (Dm3MetricRegistriesImpl.java:addReporterRegistration(114)) - New reporters are added after registries were created. Some metrics will be missing from the reporter. Please add reporter before adding any new registry.
2025-04-24 14:02:41,001 [main] WARN  dropwizard3.Dm3MetricRegistriesImpl (Dm3MetricRegistriesImpl.java:addReporterRegistration(114)) - New reporters are added after registries were created. Some metrics will be missing from the reporter. Please add reporter before adding any new registry.
2025-04-24 14:02:41,002 [main] WARN  server.ServerUtils (ServerUtils.java:getDefaultRatisDirectory(309)) - Storage directory for Ratis is not configured. It is a good idea to map this to an SSD disk. Falling back to ozone.metadata.dirs
2025-04-24 14:02:41,002 [main] INFO  server.RaftServerConfigKeys (ConfUtils.java:logGet(46)) - raft.server.log.appender.buffer.byte-limit = 4194304 (custom)
2025-04-24 14:02:41,003 [main] INFO  ratis.OzoneManagerRatisServer (OzoneManagerRatisServer.java:<init>(167)) - Instantiating OM Ratis server with groupID: om-service-test1 and peers: localhost:15013, localhost:15017, localhost:15009
2025-04-24 14:02:41,003 [main] INFO  ratis.OzoneManagerStateMachine (OzoneManagerStateMachine.java:loadSnapshotInfoFromDB(611)) - LastAppliedIndex is set from TransactionInfo from OM DB as (t:4, i:32)
2025-04-24 14:02:41,003 [main] INFO  server.RaftServer (ConfUtils.java:logGet(46)) - raft.rpc.type = GRPC (default)
2025-04-24 14:02:41,004 [main] INFO  grpc.GrpcConfigKeys (ConfUtils.java:logFallback(53)) - raft.grpc.admin.host = null (fallback to raft.grpc.server.host)
2025-04-24 14:02:41,004 [main] INFO  grpc.GrpcConfigKeys (ConfUtils.java:logFallback(53)) - raft.grpc.admin.port = 15013 (fallback to raft.grpc.server.port)
2025-04-24 14:02:41,004 [main] INFO  grpc.GrpcConfigKeys (ConfUtils.java:logFallback(53)) - raft.grpc.client.host = null (fallback to raft.grpc.server.host)
2025-04-24 14:02:41,004 [main] INFO  grpc.GrpcConfigKeys (ConfUtils.java:logFallback(53)) - raft.grpc.client.port = 15013 (fallback to raft.grpc.server.port)
2025-04-24 14:02:41,004 [main] INFO  grpc.GrpcConfigKeys (ConfUtils.java:logGet(46)) - raft.grpc.server.host = null (default)
2025-04-24 14:02:41,004 [main] INFO  grpc.GrpcConfigKeys (ConfUtils.java:logGet(46)) - raft.grpc.server.port = 15013 (custom)
2025-04-24 14:02:41,004 [main] INFO  server.GrpcService (ConfUtils.java:logGet(46)) - raft.grpc.message.size.max = 5242880 (custom)
2025-04-24 14:02:41,004 [main] INFO  server.GrpcService (ConfUtils.java:logGet(46)) - raft.grpc.flow.control.window = 1MB (=1048576) (default)
2025-04-24 14:02:41,004 [main] INFO  server.RaftServerConfigKeys (ConfUtils.java:logGet(46)) - raft.server.rpc.request.timeout = 3000ms (default)
2025-04-24 14:02:41,005 [main] INFO  grpc.GrpcConfigKeys (ConfUtils.java:logGet(46)) - raft.grpc.server.heartbeat.channel = true (default)
2025-04-24 14:02:41,005 [main] INFO  server.RaftServerConfigKeys (ConfUtils.java:logGet(46)) - raft.server.log.appender.buffer.byte-limit = 4194304 (custom)
2025-04-24 14:02:41,005 [main] INFO  grpc.GrpcConfigKeys (ConfUtils.java:logGet(46)) - raft.grpc.server.async.request.thread.pool.cached = true (default)
2025-04-24 14:02:41,005 [main] INFO  grpc.GrpcConfigKeys (ConfUtils.java:logGet(46)) - raft.grpc.server.async.request.thread.pool.size = 32 (default)
2025-04-24 14:02:41,006 [main] INFO  impl.DataStreamServerImpl (ConfUtils.java:logGet(46)) - raft.datastream.type = DISABLED (default)
2025-04-24 14:02:41,006 [main] INFO  server.RaftServerConfigKeys (ConfUtils.java:logGet(46)) - raft.server.sleep.deviation.threshold = 300ms (default)
2025-04-24 14:02:41,006 [main] INFO  server.RaftServerConfigKeys (ConfUtils.java:logGet(46)) - raft.server.close.threshold = 60s (default)
2025-04-24 14:02:41,006 [main] INFO  server.RaftServerConfigKeys (ConfUtils.java:logGet(46)) - raft.server.leaderelection.leader.step-down.wait-time = 10s (default)
2025-04-24 14:02:41,006 [main] INFO  server.RaftServerConfigKeys (ConfUtils.java:logGet(46)) - raft.server.storage.dir = [/home/runner/work/ozone/ozone/hadoop-ozone/integration-test/target/test-dir/MiniOzoneClusterImpl-4e6105ad-12bc-4f18-9d37-351d73277e17/omNode-2/ratis] (custom)
2025-04-24 14:02:41,006 [main] INFO  server.RaftServerConfigKeys (ConfUtils.java:logGet(46)) - raft.server.threadpool.proxy.cached = true (default)
2025-04-24 14:02:41,006 [main] INFO  server.RaftServerConfigKeys (ConfUtils.java:logGet(46)) - raft.server.threadpool.proxy.size = 0 (default)
2025-04-24 14:02:41,007 [omNode-2-impl-thread1] INFO  server.RaftServer (RaftServerProxy.java:initGroupDir(265)) - omNode-2: found a subdirectory /home/runner/work/ozone/ozone/hadoop-ozone/integration-test/target/test-dir/MiniOzoneClusterImpl-4e6105ad-12bc-4f18-9d37-351d73277e17/omNode-2/ratis/c9bc4cf4-3bc3-3c60-a66b-523986131536
2025-04-24 14:02:41,007 [main] INFO  server.RaftServer (RaftServerProxy.java:addNew(100)) - omNode-2: addNew group-523986131536:[omNode-3|localhost:15017, omNode-1|localhost:15009, omNode-2|localhost:15013] returns group-523986131536:java.util.concurrent.CompletableFuture@5586f41[Not completed]
2025-04-24 14:02:41,007 [main] INFO  om.OzoneManager (OzoneManager.java:initializeRatisServer(2303)) - OzoneManager Ratis server initialized at port 15013
2025-04-24 14:02:41,007 [main] INFO  ratis.OzoneManagerRatisServer (OzoneManagerRatisServer.java:start(628)) - Starting OzoneManagerRatisServer omNode-2 at port 15013
2025-04-24 14:02:41,007 [omNode-2-groupManagement] INFO  server.RaftServer$Division (RaftServerImpl.java:<init>(255)) - omNode-2: new RaftServerImpl for group-523986131536:[omNode-3|localhost:15017, omNode-1|localhost:15009, omNode-2|localhost:15013] with OzoneManagerStateMachine:uninitialized
2025-04-24 14:02:41,008 [omNode-2-groupManagement] INFO  server.RaftServerConfigKeys (ConfUtils.java:logGet(46)) - raft.server.rpc.timeout.min = 1s (custom)
2025-04-24 14:02:41,008 [omNode-2-groupManagement] INFO  server.RaftServerConfigKeys (ConfUtils.java:logGet(46)) - raft.server.rpc.timeout.max = 1200ms (custom)
2025-04-24 14:02:41,008 [omNode-2-groupManagement] INFO  server.RaftServerConfigKeys (ConfUtils.java:logGet(46)) - raft.server.rpc.sleep.time = 25ms (default)
2025-04-24 14:02:41,008 [omNode-2-groupManagement] INFO  server.RaftServerConfigKeys (ConfUtils.java:logGet(46)) - raft.server.rpc.slowness.timeout = 2s (custom)
2025-04-24 14:02:41,008 [omNode-2-groupManagement] INFO  server.RaftServerConfigKeys (ConfUtils.java:logGet(46)) - raft.server.leaderelection.leader.step-down.wait-time = 10s (default)
2025-04-24 14:02:41,008 [omNode-2-groupManagement] INFO  server.RaftServerConfigKeys (ConfUtils.java:logGet(46)) - raft.server.leaderelection.member.majority-add = false (default)
2025-04-24 14:02:41,008 [omNode-2-groupManagement] INFO  server.RaftServerConfigKeys (ConfUtils.java:logGet(46)) - raft.server.sleep.deviation.threshold = 300ms (default)
2025-04-24 14:02:41,008 [omNode-2-groupManagement] INFO  server.RaftServer$Division (ServerState.java:<init>(114)) - omNode-2@group-523986131536: ConfigurationManager, init=conf: {index: -1, cur=peers:[omNode-3|localhost:15017, omNode-1|localhost:15009, omNode-2|localhost:15013]|listeners:[], old=null}, confs=<EMPTY_MAP>
2025-04-24 14:02:41,008 [omNode-2-groupManagement] INFO  server.RaftServerConfigKeys (ConfUtils.java:logGet(46)) - raft.server.notification.no-leader.timeout = 2s (custom)
2025-04-24 14:02:41,008 [omNode-2-groupManagement] INFO  server.RaftServerConfigKeys (ConfUtils.java:logGet(46)) - raft.server.read.timeout = 10s (default)
2025-04-24 14:02:41,008 [omNode-2-groupManagement] INFO  server.RaftServerConfigKeys (ConfUtils.java:logGet(46)) - raft.server.retrycache.expirytime = 30000ms (custom)
2025-04-24 14:02:41,008 [omNode-2-groupManagement] INFO  server.RaftServerConfigKeys (ConfUtils.java:logGet(46)) - raft.server.retrycache.statistics.expirytime = 100ms (default)
2025-04-24 14:02:41,008 [omNode-2-groupManagement] INFO  server.RaftServerConfigKeys (ConfUtils.java:logGet(46)) - raft.server.read.option = DEFAULT (default)
2025-04-24 14:02:41,008 [omNode-2-groupManagement] INFO  server.RaftServerConfigKeys (ConfUtils.java:logGet(46)) - raft.server.read.read-after-write-consistent.write-index-cache.expiry-time = 60s (default)
2025-04-24 14:02:41,011 [omNode-2-groupManagement] INFO  server.RaftServerConfigKeys (ConfUtils.java:logGet(46)) - raft.server.rpc.request.timeout = 3000ms (default)
2025-04-24 14:02:41,011 [omNode-2-groupManagement] INFO  server.RaftServerConfigKeys (ConfUtils.java:logGet(46)) - raft.server.log.appender.install.snapshot.enabled = false (custom)
2025-04-24 14:02:41,011 [omNode-2-groupManagement] INFO  server.RaftServerConfigKeys (ConfUtils.java:logGet(46)) - raft.server.threadpool.server.cached = true (default)
2025-04-24 14:02:41,011 [omNode-2-groupManagement] INFO  server.RaftServerConfigKeys (ConfUtils.java:logGet(46)) - raft.server.threadpool.server.size = 0 (default)
2025-04-24 14:02:41,011 [omNode-2-groupManagement] INFO  server.RaftServerConfigKeys (ConfUtils.java:logGet(46)) - raft.server.threadpool.client.cached = true (default)
2025-04-24 14:02:41,011 [omNode-2-groupManagement] INFO  server.RaftServerConfigKeys (ConfUtils.java:logGet(46)) - raft.server.threadpool.client.size = 0 (default)
2025-04-24 14:02:41,011 [omNode-2-impl-thread1] INFO  server.RaftServerConfigKeys (ConfUtils.java:logGet(46)) - raft.server.storage.free-space.min = 0MB (=0) (default)
2025-04-24 14:02:41,011 [omNode-2-impl-thread1] INFO  server.RaftServerConfigKeys (ConfUtils.java:logGet(46)) - raft.server.log.corruption.policy = EXCEPTION (default)
2025-04-24 14:02:41,011 [omNode-2-impl-thread1] INFO  server.RaftServerConfigKeys (ConfUtils.java:logGet(46)) - raft.server.storage.dir = [/home/runner/work/ozone/ozone/hadoop-ozone/integration-test/target/test-dir/MiniOzoneClusterImpl-4e6105ad-12bc-4f18-9d37-351d73277e17/omNode-2/ratis] (custom)
2025-04-24 14:02:41,012 [omNode-2-impl-thread1] INFO  storage.RaftStorageDirectory (RaftStorageDirectoryImpl.java:tryLock(229)) - Lock on /home/runner/work/ozone/ozone/hadoop-ozone/integration-test/target/test-dir/MiniOzoneClusterImpl-4e6105ad-12bc-4f18-9d37-351d73277e17/omNode-2/ratis/c9bc4cf4-3bc3-3c60-a66b-523986131536/in_use.lock acquired by nodename 129728@fv-az2210-761
2025-04-24 14:02:41,012 [omNode-2-impl-thread1] INFO  storage.RaftStorage (RaftStorageImpl.java:analyzeAndRecoverStorage(118)) - Read RaftStorageMetadata{term=4, votedFor=omNode-3} from /home/runner/work/ozone/ozone/hadoop-ozone/integration-test/target/test-dir/MiniOzoneClusterImpl-4e6105ad-12bc-4f18-9d37-351d73277e17/omNode-2/ratis/c9bc4cf4-3bc3-3c60-a66b-523986131536/current/raft-meta
2025-04-24 14:02:41,013 [omNode-2-impl-thread1] INFO  server.RaftServer$Division (ServerState.java:setRaftConf(386)) - omNode-2@group-523986131536: set configuration conf: {index: 32, cur=peers:[omNode-3|localhost:15017, omNode-1|localhost:15009, omNode-2|localhost:15013]|listeners:[], old=null}
2025-04-24 14:02:41,013 [omNode-2-impl-thread1] INFO  ratis.OzoneManagerStateMachine (OzoneManagerStateMachine.java:lambda$0(138)) - omNode-2: initialize group-523986131536 with (t:4, i:32)
2025-04-24 14:02:41,013 [omNode-2-impl-thread1] INFO  server.RaftServerConfigKeys (ConfUtils.java:logGet(46)) - raft.server.log.use.memory = false (default)
2025-04-24 14:02:41,013 [omNode-2-impl-thread1] INFO  server.RaftServerConfigKeys (ConfUtils.java:logGet(46)) - raft.server.log.purge.gap = 50 (custom)
2025-04-24 14:02:41,013 [omNode-2-impl-thread1] INFO  server.RaftServerConfigKeys (ConfUtils.java:logGet(46)) - raft.server.log.appender.buffer.byte-limit = 4194304 (custom)
2025-04-24 14:02:41,013 [omNode-2-impl-thread1] INFO  server.RaftServerConfigKeys (ConfUtils.java:logGet(46)) - raft.server.log.statemachine.data.read.timeout = 1000ms (default)
2025-04-24 14:02:41,013 [omNode-2-impl-thread1] INFO  server.RaftServerConfigKeys (ConfUtils.java:logGet(46)) - raft.server.log.purge.preservation.log.num = 0 (default)
2025-04-24 14:02:41,014 [omNode-2-impl-thread1] INFO  server.RaftServerConfigKeys (ConfUtils.java:logGet(46)) - raft.server.log.segment.size.max = 4194304 (custom)
2025-04-24 14:02:41,014 [omNode-2-impl-thread1] INFO  server.RaftServerConfigKeys (ConfUtils.java:logGet(46)) - raft.server.log.segment.cache.num.max = 2 (custom)
2025-04-24 14:02:41,014 [omNode-2-impl-thread1] INFO  server.RaftServerConfigKeys (ConfUtils.java:logGet(46)) - raft.server.log.segment.cache.size.max = 200MB (=209715200) (default)
2025-04-24 14:02:41,014 [omNode-2-impl-thread1] INFO  server.RaftServerConfigKeys (ConfUtils.java:logGet(46)) - raft.server.log.appender.buffer.byte-limit = 4194304 (custom)
2025-04-24 14:02:41,015 [omNode-2-impl-thread1] INFO  util.AwaitToRun (AwaitToRun.java:start(81)) - Thread[#2353,omNode-2@group-523986131536-cacheEviction-AwaitToRun,5,main] started
2025-04-24 14:02:41,015 [omNode-2-impl-thread1] INFO  segmented.SegmentedRaftLogWorker (SegmentedRaftLogWorker.java:<init>(188)) - new omNode-2@group-523986131536-SegmentedRaftLogWorker for RaftStorageImpl:Storage Directory /home/runner/work/ozone/ozone/hadoop-ozone/integration-test/target/test-dir/MiniOzoneClusterImpl-4e6105ad-12bc-4f18-9d37-351d73277e17/omNode-2/ratis/c9bc4cf4-3bc3-3c60-a66b-523986131536
2025-04-24 14:02:41,015 [omNode-2-impl-thread1] INFO  server.RaftServerConfigKeys (ConfUtils.java:logGet(46)) - raft.server.log.queue.byte-limit = 64MB (=67108864) (default)
2025-04-24 14:02:41,015 [omNode-2-impl-thread1] INFO  server.RaftServerConfigKeys (ConfUtils.java:logGet(46)) - raft.server.log.queue.element-limit = 4096 (default)
2025-04-24 14:02:41,015 [omNode-2-impl-thread1] INFO  server.RaftServerConfigKeys (ConfUtils.java:logGet(46)) - raft.server.log.segment.size.max = 4194304 (custom)
2025-04-24 14:02:41,015 [omNode-2-impl-thread1] INFO  server.RaftServerConfigKeys (ConfUtils.java:logGet(46)) - raft.server.log.preallocated.size = 4194304 (custom)
2025-04-24 14:02:41,015 [omNode-2-impl-thread1] INFO  server.RaftServerConfigKeys (ConfUtils.java:logGet(46)) - raft.server.log.force.sync.num = 128 (default)
2025-04-24 14:02:41,015 [omNode-2-impl-thread1] INFO  server.RaftServerConfigKeys (ConfUtils.java:logGet(46)) - raft.server.log.statemachine.data.sync = true (default)
2025-04-24 14:02:41,015 [omNode-2-impl-thread1] INFO  server.RaftServerConfigKeys (ConfUtils.java:logGet(46)) - raft.server.log.statemachine.data.sync.timeout = 10s (default)
2025-04-24 14:02:41,015 [omNode-2-impl-thread1] INFO  server.RaftServerConfigKeys (ConfUtils.java:logGet(46)) - raft.server.log.statemachine.data.sync.timeout.retry = -1 (default)
2025-04-24 14:02:41,015 [omNode-2-impl-thread1] INFO  server.RaftServerConfigKeys (ConfUtils.java:logGet(46)) - raft.server.log.write.buffer.size = 4194312 (custom)
2025-04-24 14:02:41,017 [omNode-2-impl-thread1] INFO  server.RaftServerConfigKeys (ConfUtils.java:logGet(46)) - raft.server.log.appender.buffer.byte-limit = 4194304 (custom)
2025-04-24 14:02:41,018 [omNode-2-impl-thread1] INFO  server.RaftServerConfigKeys (ConfUtils.java:logGet(46)) - raft.server.log.unsafe-flush.enabled = false (default)
2025-04-24 14:02:41,018 [omNode-2-impl-thread1] INFO  server.RaftServerConfigKeys (ConfUtils.java:logGet(46)) - raft.server.log.async-flush.enabled = false (default)
2025-04-24 14:02:41,018 [omNode-2-impl-thread1] INFO  server.RaftServerConfigKeys (ConfUtils.java:logGet(46)) - raft.server.log.statemachine.data.caching.enabled = false (default)
2025-04-24 14:02:41,018 [omNode-2-impl-thread1] INFO  server.RaftServer$Division (ServerState.java:setRaftConf(386)) - omNode-2@group-523986131536: set configuration conf: {index: 0, cur=peers:[omNode-3|localhost:15017, omNode-1|localhost:15009, omNode-2|localhost:15013]|listeners:[], old=null}
2025-04-24 14:02:41,019 [omNode-2-impl-thread1] INFO  segmented.LogSegment (LogSegment.java:loadSegment(171)) - Successfully read 21 entries from segment file /home/runner/work/ozone/ozone/hadoop-ozone/integration-test/target/test-dir/MiniOzoneClusterImpl-4e6105ad-12bc-4f18-9d37-351d73277e17/omNode-2/ratis/c9bc4cf4-3bc3-3c60-a66b-523986131536/current/log_0-20
2025-04-24 14:02:41,019 [omNode-2-impl-thread1] INFO  server.RaftServer$Division (ServerState.java:setRaftConf(386)) - omNode-2@group-523986131536: set configuration conf: {index: 21, cur=peers:[omNode-3|localhost:15017, omNode-1|localhost:15009, omNode-2|localhost:15013]|listeners:[], old=null}
2025-04-24 14:02:41,019 [omNode-2-impl-thread1] INFO  segmented.LogSegment (LogSegment.java:loadSegment(171)) - Successfully read 9 entries from segment file /home/runner/work/ozone/ozone/hadoop-ozone/integration-test/target/test-dir/MiniOzoneClusterImpl-4e6105ad-12bc-4f18-9d37-351d73277e17/omNode-2/ratis/c9bc4cf4-3bc3-3c60-a66b-523986131536/current/log_21-29
2025-04-24 14:02:41,020 [omNode-2-impl-thread1] INFO  server.RaftServer$Division (ServerState.java:setRaftConf(386)) - omNode-2@group-523986131536: set configuration conf: {index: 30, cur=peers:[omNode-3|localhost:15017, omNode-1|localhost:15009, omNode-2|localhost:15013]|listeners:[], old=null}
2025-04-24 14:02:41,020 [omNode-2-impl-thread1] INFO  segmented.LogSegment (LogSegment.java:loadSegment(171)) - Successfully read 2 entries from segment file /home/runner/work/ozone/ozone/hadoop-ozone/integration-test/target/test-dir/MiniOzoneClusterImpl-4e6105ad-12bc-4f18-9d37-351d73277e17/omNode-2/ratis/c9bc4cf4-3bc3-3c60-a66b-523986131536/current/log_30-31
2025-04-24 14:02:41,020 [omNode-2-impl-thread1] INFO  server.RaftServer$Division (ServerState.java:setRaftConf(386)) - omNode-2@group-523986131536: set configuration conf: {index: 32, cur=peers:[omNode-3|localhost:15017, omNode-1|localhost:15009, omNode-2|localhost:15013]|listeners:[], old=null}
2025-04-24 14:02:41,020 [omNode-2-impl-thread1] INFO  segmented.LogSegment (LogSegment.java:loadSegment(171)) - Successfully read 2 entries from segment file /home/runner/work/ozone/ozone/hadoop-ozone/integration-test/target/test-dir/MiniOzoneClusterImpl-4e6105ad-12bc-4f18-9d37-351d73277e17/omNode-2/ratis/c9bc4cf4-3bc3-3c60-a66b-523986131536/current/log_inprogress_32
2025-04-24 14:02:41,020 [omNode-2-impl-thread1] INFO  segmented.SegmentedRaftLogWorker (SegmentedRaftLogWorker.java:lambda$new$0(139)) - omNode-2@group-523986131536-SegmentedRaftLogWorker: flushIndex: setUnconditionally 0 -> 33
2025-04-24 14:02:41,020 [omNode-2-impl-thread1] INFO  segmented.SegmentedRaftLogWorker (SegmentedRaftLogWorker.java:lambda$new$0(139)) - omNode-2@group-523986131536-SegmentedRaftLogWorker: safeCacheEvictIndex: setUnconditionally 0 -> 31
2025-04-24 14:02:41,021 [omNode-2-impl-thread1] INFO  segmented.BufferedWriteChannel (BufferedWriteChannel.java:open(61)) - open log_inprogress_32 (append) at position 125
2025-04-24 14:02:41,021 [omNode-2-impl-thread1] INFO  server.RaftServer$Division (RaftServerImpl.java:start(391)) - omNode-2@group-523986131536: start as a follower, conf=conf: {index: 32, cur=peers:[omNode-3|localhost:15017, omNode-1|localhost:15009, omNode-2|localhost:15013]|listeners:[], old=null}
2025-04-24 14:02:41,021 [omNode-2-impl-thread1] INFO  server.RaftServer$Division (RaftServerImpl.java:setRole(378)) - omNode-2@group-523986131536: changes role from      null to FOLLOWER at term 4 for startAsFollower
2025-04-24 14:02:41,021 [omNode-2-impl-thread1] INFO  impl.RoleInfo (RoleInfo.java:updateAndGet(148)) - omNode-2: start omNode-2@group-523986131536-FollowerState
2025-04-24 14:02:41,021 [omNode-2@group-523986131536-FollowerState] INFO  server.RaftServerConfigKeys (ConfUtils.java:logFallback(53)) - raft.server.rpc.first-election.timeout.min = 1s (fallback to raft.server.rpc.timeout.min)
2025-04-24 14:02:41,021 [omNode-2@group-523986131536-FollowerState] INFO  server.RaftServerConfigKeys (ConfUtils.java:logFallback(53)) - raft.server.rpc.first-election.timeout.max = 1200ms (fallback to raft.server.rpc.timeout.max)
2025-04-24 14:02:41,022 [omNode-2-impl-thread1] INFO  util.JmxRegister (JmxRegister.java:tryRegister(44)) - Successfully registered JMX Bean with object name Ratis:service=RaftServer,group=group-523986131536,id=omNode-2
2025-04-24 14:02:41,022 [omNode-2-impl-thread1] INFO  util.JmxRegister (JmxRegister.java:register(58)) - register mxBean class org.apache.ratis.server.impl.RaftServerJmxAdapter as Ratis:service=RaftServer,group=group-523986131536,id=omNode-2
2025-04-24 14:02:41,022 [omNode-2-impl-thread1] INFO  server.RaftServerConfigKeys (ConfUtils.java:logGet(46)) - raft.server.snapshot.trigger-when-stop.enabled = true (default)
2025-04-24 14:02:41,022 [omNode-2-impl-thread1] INFO  server.RaftServerConfigKeys (ConfUtils.java:logGet(46)) - raft.server.snapshot.trigger-when-remove.enabled = true (default)
2025-04-24 14:02:41,022 [omNode-2-impl-thread1] INFO  server.RaftServerConfigKeys (ConfUtils.java:logGet(46)) - raft.server.snapshot.auto.trigger.enabled = true (custom)
2025-04-24 14:02:41,022 [omNode-2-impl-thread1] INFO  server.RaftServerConfigKeys (ConfUtils.java:logGet(46)) - raft.server.snapshot.auto.trigger.threshold = 50 (custom)
2025-04-24 14:02:41,022 [omNode-2-impl-thread1] INFO  server.RaftServerConfigKeys (ConfUtils.java:logGet(46)) - raft.server.snapshot.retention.file.num = -1 (default)
2025-04-24 14:02:41,022 [omNode-2-impl-thread1] INFO  server.RaftServerConfigKeys (ConfUtils.java:logGet(46)) - raft.server.log.purge.upto.snapshot.index = true (custom)
2025-04-24 14:02:41,022 [omNode-2-impl-thread1] INFO  server.RaftServer$Division (RaftServerImpl.java:start(405)) - omNode-2@group-523986131536: Successfully started.
2025-04-24 14:02:41,023 [main] INFO  server.RaftServer (RaftServerProxy.java:startImpl(407)) - omNode-2: start RPC server
2025-04-24 14:02:41,023 [main] INFO  server.GrpcService (GrpcService.java:startImpl(334)) - omNode-2: GrpcService started, listening on 15013
2025-04-24 14:02:41,023 [JvmPauseMonitor16] INFO  util.JvmPauseMonitor (JvmPauseMonitor.java:run(146)) - JvmPauseMonitor-omNode-2: Started
2025-04-24 14:02:41,024 [main] INFO  om.OzoneManager (OzoneManager.java:getRpcServer(1360)) - Creating RPC Server
2025-04-24 14:02:41,201 [omNode-3@group-523986131536-FollowerState] INFO  impl.FollowerState (FollowerState.java:runImpl(161)) - omNode-3@group-523986131536-FollowerState: change to CANDIDATE, lastRpcElapsedTime:1038030125ns, electionTimeout:1037ms
2025-04-24 14:02:41,201 [omNode-3@group-523986131536-FollowerState] INFO  impl.RoleInfo (RoleInfo.java:shutdownFollowerState(121)) - omNode-3: shutdown omNode-3@group-523986131536-FollowerState
2025-04-24 14:02:41,201 [omNode-3@group-523986131536-FollowerState] INFO  server.RaftServer$Division (RaftServerImpl.java:setRole(378)) - omNode-3@group-523986131536: changes role from  FOLLOWER to CANDIDATE at term 4 for changeToCandidate
2025-04-24 14:02:41,201 [omNode-3@group-523986131536-FollowerState] INFO  server.RaftServerConfigKeys (ConfUtils.java:logGet(46)) - raft.server.leaderelection.pre-vote = true (default)
2025-04-24 14:02:41,202 [omNode-3@group-523986131536-FollowerState] INFO  impl.RoleInfo (RoleInfo.java:updateAndGet(148)) - omNode-3: start omNode-3@group-523986131536-LeaderElection14
2025-04-24 14:02:41,203 [omNode-3@group-523986131536-LeaderElection14] INFO  impl.LeaderElection (LeaderElection.java:askForVotes(332)) - omNode-3@group-523986131536-LeaderElection14 PRE_VOTE round 0: submit vote requests at term 4 for conf: {index: 32, cur=peers:[omNode-3|localhost:15017, omNode-1|localhost:15009, omNode-2|localhost:15013]|listeners:[], old=null}
2025-04-24 14:02:41,204 [omNode-3@group-523986131536-LeaderElection14-1] INFO  server.GrpcServerProtocolClient (GrpcServerProtocolClient.java:<init>(65)) - Build channel for omNode-1|localhost:15009
2025-04-24 14:02:41,207 [omNode-3@group-523986131536-LeaderElection14] INFO  server.RaftServerConfigKeys (ConfUtils.java:logFallback(53)) - raft.server.rpc.first-election.timeout.min = 1s (fallback to raft.server.rpc.timeout.min)
2025-04-24 14:02:41,207 [omNode-3@group-523986131536-LeaderElection14] INFO  server.RaftServerConfigKeys (ConfUtils.java:logFallback(53)) - raft.server.rpc.first-election.timeout.max = 1200ms (fallback to raft.server.rpc.timeout.max)
2025-04-24 14:02:41,207 [omNode-3@group-523986131536-LeaderElection14-2] INFO  server.GrpcServerProtocolClient (GrpcServerProtocolClient.java:<init>(65)) - Build channel for omNode-2|localhost:15013
2025-04-24 14:02:41,213 [grpc-default-executor-0] INFO  server.RaftServer$Division (RaftServerImpl.java:requestVote(1407)) - omNode-1@group-523986131536: receive requestVote(PRE_VOTE, omNode-3, group-523986131536, 4, (t:4, i:33))
2025-04-24 14:02:41,213 [grpc-default-executor-4] INFO  server.RaftServer$Division (RaftServerImpl.java:requestVote(1407)) - omNode-2@group-523986131536: receive requestVote(PRE_VOTE, omNode-3, group-523986131536, 4, (t:4, i:33))
2025-04-24 14:02:41,213 [grpc-default-executor-4] INFO  impl.VoteContext (VoteContext.java:log(49)) - omNode-2@group-523986131536-FOLLOWER: accept PRE_VOTE from omNode-3: our priority 0 <= candidate's priority 0
2025-04-24 14:02:41,214 [grpc-default-executor-4] INFO  server.RaftServer$Division (RaftServerImpl.java:requestVote(1441)) - omNode-2@group-523986131536 replies to PRE_VOTE vote request: omNode-3<-omNode-2#0:OK-t4. Peer's state: omNode-2@group-523986131536:t4, leader=null, voted=omNode-3, raftlog=Memoized:omNode-2@group-523986131536-SegmentedRaftLog:OPENED:c32:last(t:4, i:33), conf=conf: {index: 32, cur=peers:[omNode-3|localhost:15017, omNode-1|localhost:15009, omNode-2|localhost:15013]|listeners:[], old=null}
2025-04-24 14:02:41,213 [grpc-default-executor-0] INFO  impl.VoteContext (VoteContext.java:log(49)) - omNode-1@group-523986131536-FOLLOWER: accept PRE_VOTE from omNode-3: our priority 0 <= candidate's priority 0
2025-04-24 14:02:41,214 [grpc-default-executor-0] INFO  server.RaftServer$Division (RaftServerImpl.java:requestVote(1441)) - omNode-1@group-523986131536 replies to PRE_VOTE vote request: omNode-3<-omNode-1#0:OK-t4. Peer's state: omNode-1@group-523986131536:t4, leader=null, voted=omNode-3, raftlog=Memoized:omNode-1@group-523986131536-SegmentedRaftLog:OPENED:c32:last(t:4, i:33), conf=conf: {index: 32, cur=peers:[omNode-3|localhost:15017, omNode-1|localhost:15009, omNode-2|localhost:15013]|listeners:[], old=null}
2025-04-24 14:02:41,215 [omNode-3@group-523986131536-LeaderElection14] INFO  impl.LeaderElection (LeaderElection.java:logAndReturn(90)) - omNode-3@group-523986131536-LeaderElection14: PRE_VOTE PASSED received 1 response(s) and 0 exception(s):
2025-04-24 14:02:41,215 [omNode-3@group-523986131536-LeaderElection14] INFO  impl.LeaderElection (LeaderElection.java:logAndReturn(94)) -   Response 0: omNode-3<-omNode-1#0:OK-t4
2025-04-24 14:02:41,216 [omNode-3@group-523986131536-LeaderElection14] INFO  impl.LeaderElection (LeaderElection.java:askForVotes(334)) - omNode-3@group-523986131536-LeaderElection14 PRE_VOTE round 0: result PASSED
2025-04-24 14:02:41,217 [omNode-3@group-523986131536-LeaderElection14] INFO  impl.LeaderElection (LeaderElection.java:askForVotes(332)) - omNode-3@group-523986131536-LeaderElection14 ELECTION round 0: submit vote requests at term 5 for conf: {index: 32, cur=peers:[omNode-3|localhost:15017, omNode-1|localhost:15009, omNode-2|localhost:15013]|listeners:[], old=null}
2025-04-24 14:02:41,217 [omNode-3@group-523986131536-LeaderElection14] INFO  server.RaftServerConfigKeys (ConfUtils.java:logFallback(53)) - raft.server.rpc.first-election.timeout.min = 1s (fallback to raft.server.rpc.timeout.min)
2025-04-24 14:02:41,217 [omNode-3@group-523986131536-LeaderElection14] INFO  server.RaftServerConfigKeys (ConfUtils.java:logFallback(53)) - raft.server.rpc.first-election.timeout.max = 1200ms (fallback to raft.server.rpc.timeout.max)
2025-04-24 14:02:41,218 [grpc-default-executor-4] INFO  server.RaftServer$Division (RaftServerImpl.java:requestVote(1407)) - omNode-2@group-523986131536: receive requestVote(ELECTION, omNode-3, group-523986131536, 5, (t:4, i:33))
2025-04-24 14:02:41,218 [grpc-default-executor-4] INFO  impl.VoteContext (VoteContext.java:log(49)) - omNode-2@group-523986131536-FOLLOWER: accept ELECTION from omNode-3: our priority 0 <= candidate's priority 0
2025-04-24 14:02:41,218 [grpc-default-executor-4] INFO  server.RaftServer$Division (RaftServerImpl.java:setRole(378)) - omNode-2@group-523986131536: changes role from  FOLLOWER to FOLLOWER at term 4 for candidate:omNode-3
2025-04-24 14:02:41,218 [grpc-default-executor-4] INFO  impl.RoleInfo (RoleInfo.java:shutdownFollowerState(121)) - omNode-2: shutdown omNode-2@group-523986131536-FollowerState
2025-04-24 14:02:41,219 [omNode-2@group-523986131536-FollowerState] INFO  impl.FollowerState (FollowerState.java:runImpl(170)) - omNode-2@group-523986131536-FollowerState was interrupted
2025-04-24 14:02:41,219 [grpc-default-executor-4] INFO  impl.RoleInfo (RoleInfo.java:updateAndGet(148)) - omNode-2: start omNode-2@group-523986131536-FollowerState
2025-04-24 14:02:41,219 [grpc-default-executor-0] INFO  server.RaftServer$Division (RaftServerImpl.java:requestVote(1407)) - omNode-1@group-523986131536: receive requestVote(ELECTION, omNode-3, group-523986131536, 5, (t:4, i:33))
2025-04-24 14:02:41,219 [grpc-default-executor-0] INFO  impl.VoteContext (VoteContext.java:log(49)) - omNode-1@group-523986131536-FOLLOWER: accept ELECTION from omNode-3: our priority 0 <= candidate's priority 0
2025-04-24 14:02:41,219 [grpc-default-executor-4] INFO  server.RaftServer$Division (RaftServerImpl.java:setFirstElection(562)) - omNode-2@group-523986131536: set firstElectionSinceStartup to false for candidate:omNode-3
2025-04-24 14:02:41,219 [grpc-default-executor-0] INFO  server.RaftServer$Division (RaftServerImpl.java:setRole(378)) - omNode-1@group-523986131536: changes role from  FOLLOWER to FOLLOWER at term 4 for candidate:omNode-3
2025-04-24 14:02:41,219 [grpc-default-executor-0] INFO  impl.RoleInfo (RoleInfo.java:shutdownFollowerState(121)) - omNode-1: shutdown omNode-1@group-523986131536-FollowerState
2025-04-24 14:02:41,219 [grpc-default-executor-0] INFO  impl.RoleInfo (RoleInfo.java:updateAndGet(148)) - omNode-1: start omNode-1@group-523986131536-FollowerState
2025-04-24 14:02:41,219 [omNode-1@group-523986131536-FollowerState] INFO  impl.FollowerState (FollowerState.java:runImpl(170)) - omNode-1@group-523986131536-FollowerState was interrupted
2025-04-24 14:02:41,219 [grpc-default-executor-0] INFO  server.RaftServer$Division (RaftServerImpl.java:setFirstElection(562)) - omNode-1@group-523986131536: set firstElectionSinceStartup to false for candidate:omNode-3
2025-04-24 14:02:41,220 [grpc-default-executor-4] INFO  server.RaftServer$Division (RaftServerImpl.java:requestVote(1441)) - omNode-2@group-523986131536 replies to ELECTION vote request: omNode-3<-omNode-2#0:OK-t5. Peer's state: omNode-2@group-523986131536:t5, leader=null, voted=omNode-3, raftlog=Memoized:omNode-2@group-523986131536-SegmentedRaftLog:OPENED:c32:last(t:4, i:33), conf=conf: {index: 32, cur=peers:[omNode-3|localhost:15017, omNode-1|localhost:15009, omNode-2|localhost:15013]|listeners:[], old=null}
2025-04-24 14:02:41,221 [omNode-3@group-523986131536-LeaderElection14] INFO  impl.LeaderElection (LeaderElection.java:logAndReturn(90)) - omNode-3@group-523986131536-LeaderElection14: ELECTION PASSED received 1 response(s) and 0 exception(s):
2025-04-24 14:02:41,221 [omNode-3@group-523986131536-LeaderElection14] INFO  impl.LeaderElection (LeaderElection.java:logAndReturn(94)) -   Response 0: omNode-3<-omNode-2#0:OK-t5
2025-04-24 14:02:41,222 [grpc-default-executor-0] INFO  server.RaftServer$Division (RaftServerImpl.java:requestVote(1441)) - omNode-1@group-523986131536 replies to ELECTION vote request: omNode-3<-omNode-1#0:OK-t5. Peer's state: omNode-1@group-523986131536:t5, leader=null, voted=omNode-3, raftlog=Memoized:omNode-1@group-523986131536-SegmentedRaftLog:OPENED:c32:last(t:4, i:33), conf=conf: {index: 32, cur=peers:[omNode-3|localhost:15017, omNode-1|localhost:15009, omNode-2|localhost:15013]|listeners:[], old=null}
2025-04-24 14:02:41,222 [omNode-3@group-523986131536-LeaderElection14] INFO  impl.LeaderElection (LeaderElection.java:askForVotes(334)) - omNode-3@group-523986131536-LeaderElection14 ELECTION round 0: result PASSED
2025-04-24 14:02:41,222 [omNode-3@group-523986131536-LeaderElection14] INFO  impl.RoleInfo (RoleInfo.java:shutdownLeaderElection(141)) - omNode-3: shutdown omNode-3@group-523986131536-LeaderElection14
2025-04-24 14:02:41,222 [omNode-3@group-523986131536-LeaderElection14] INFO  server.RaftServer$Division (RaftServerImpl.java:setRole(378)) - omNode-3@group-523986131536: changes role from CANDIDATE to LEADER at term 5 for changeToLeader
2025-04-24 14:02:41,222 [omNode-3@group-523986131536-LeaderElection14] INFO  server.RaftServerConfigKeys (ConfUtils.java:logGet(46)) - raft.server.staging.catchup.gap = 1000 (default)
2025-04-24 14:02:41,222 [omNode-3@group-523986131536-LeaderElection14] INFO  server.RaftServerConfigKeys (ConfUtils.java:logGet(46)) - raft.server.write.element-limit = 4096 (default)
2025-04-24 14:02:41,222 [omNode-3@group-523986131536-LeaderElection14] INFO  server.RaftServerConfigKeys (ConfUtils.java:logGet(46)) - raft.server.write.byte-limit = 64MB (=67108864) (default)
2025-04-24 14:02:41,223 [omNode-3@group-523986131536-LeaderElection14] INFO  server.RaftServerConfigKeys (ConfUtils.java:logGet(46)) - raft.server.watch.timeout = 10s (default)
2025-04-24 14:02:41,223 [omNode-3@group-523986131536-LeaderElection14] INFO  server.RaftServerConfigKeys (ConfUtils.java:logGet(46)) - raft.server.watch.timeout.denomination = 1s (default)
2025-04-24 14:02:41,223 [omNode-3@group-523986131536-LeaderElection14] INFO  server.RaftServerConfigKeys (ConfUtils.java:logGet(46)) - raft.server.watch.element-limit = 65536 (default)
2025-04-24 14:02:41,223 [omNode-3@group-523986131536-LeaderElection14] INFO  server.RaftServerConfigKeys (ConfUtils.java:logGet(46)) - raft.server.read.leader.lease.enabled = false (default)
2025-04-24 14:02:41,223 [omNode-3@group-523986131536-LeaderElection14] INFO  server.RaftServerConfigKeys (ConfUtils.java:logGet(46)) - raft.server.read.leader.lease.timeout.ratio = 0.9 (default)
2025-04-24 14:02:41,223 [omNode-3@group-523986131536-LeaderElection14] INFO  server.RaftServerConfigKeys (ConfUtils.java:logGet(46)) - raft.server.rpc.timeout.min = 1s (custom)
2025-04-24 14:02:41,223 [omNode-3@group-523986131536-LeaderElection14] INFO  server.RaftServerConfigKeys (ConfUtils.java:logGet(46)) - raft.server.log.log-metadata.enabled = true (default)
2025-04-24 14:02:41,223 [omNode-3@group-523986131536-LeaderElection14] INFO  server.RaftServerConfigKeys (ConfUtils.java:logGet(46)) - raft.server.write.element-limit = 4096 (default)
2025-04-24 14:02:41,223 [omNode-3@group-523986131536-LeaderElection14] INFO  server.RaftServerConfigKeys (ConfUtils.java:logGet(46)) - raft.server.write.follower.gap.ratio.max = -1.0 (default)
2025-04-24 14:02:41,224 [omNode-3@group-523986131536-LeaderElection14] INFO  server.RaftServerConfigKeys (ConfUtils.java:logGet(46)) - raft.server.log.appender.snapshot.chunk.size.max = 16MB (=16777216) (default)
2025-04-24 14:02:41,224 [omNode-3@group-523986131536-LeaderElection14] INFO  server.RaftServerConfigKeys (ConfUtils.java:logGet(46)) - raft.server.log.appender.buffer.byte-limit = 4194304 (custom)
2025-04-24 14:02:41,224 [omNode-3@group-523986131536-LeaderElection14] INFO  server.RaftServerConfigKeys (ConfUtils.java:logGet(46)) - raft.server.log.appender.buffer.element-limit = 1024 (custom)
2025-04-24 14:02:41,224 [omNode-3@group-523986131536-LeaderElection14] INFO  server.RaftServerConfigKeys (ConfUtils.java:logGet(46)) - raft.server.log.appender.wait-time.min = 0ms (custom)
2025-04-24 14:02:41,224 [omNode-3@group-523986131536-LeaderElection14] INFO  grpc.GrpcConfigKeys (ConfUtils.java:logGet(46)) - raft.grpc.server.leader.outstanding.appends.max = 8 (default)
2025-04-24 14:02:41,224 [omNode-3@group-523986131536-LeaderElection14] INFO  server.RaftServerConfigKeys (ConfUtils.java:logGet(46)) - raft.server.rpc.request.timeout = 3000ms (default)
2025-04-24 14:02:41,224 [omNode-3@group-523986131536-LeaderElection14] INFO  grpc.GrpcConfigKeys (ConfUtils.java:logGet(46)) - raft.grpc.server.install_snapshot.request.element-limit = 8 (default)
2025-04-24 14:02:41,224 [omNode-3@group-523986131536-LeaderElection14] INFO  grpc.GrpcConfigKeys (ConfUtils.java:logGet(46)) - raft.grpc.server.install_snapshot.request.timeout = 3000ms (default)
2025-04-24 14:02:41,224 [omNode-3@group-523986131536-LeaderElection14] INFO  grpc.GrpcConfigKeys (ConfUtils.java:logGet(46)) - raft.grpc.server.log-message.batch.duration = 5s (default)
2025-04-24 14:02:41,225 [omNode-3@group-523986131536-LeaderElection14] INFO  server.RaftServerConfigKeys (ConfUtils.java:logGet(46)) - raft.server.log.appender.install.snapshot.enabled = false (custom)
2025-04-24 14:02:41,225 [omNode-3@group-523986131536-LeaderElection14] INFO  grpc.GrpcConfigKeys (ConfUtils.java:logGet(46)) - raft.grpc.server.heartbeat.channel = true (default)
2025-04-24 14:02:41,225 [omNode-3@group-523986131536-LeaderElection14] INFO  server.RaftServerConfigKeys (ConfUtils.java:logGet(46)) - raft.server.log.appender.snapshot.chunk.size.max = 16MB (=16777216) (default)
2025-04-24 14:02:41,226 [omNode-3@group-523986131536-LeaderElection14] INFO  server.RaftServerConfigKeys (ConfUtils.java:logGet(46)) - raft.server.log.appender.buffer.byte-limit = 4194304 (custom)
2025-04-24 14:02:41,226 [omNode-3@group-523986131536-LeaderElection14] INFO  server.RaftServerConfigKeys (ConfUtils.java:logGet(46)) - raft.server.log.appender.buffer.element-limit = 1024 (custom)
2025-04-24 14:02:41,226 [omNode-3@group-523986131536-LeaderElection14] INFO  server.RaftServerConfigKeys (ConfUtils.java:logGet(46)) - raft.server.log.appender.wait-time.min = 0ms (custom)
2025-04-24 14:02:41,226 [omNode-3@group-523986131536-LeaderElection14] INFO  grpc.GrpcConfigKeys (ConfUtils.java:logGet(46)) - raft.grpc.server.leader.outstanding.appends.max = 8 (default)
2025-04-24 14:02:41,226 [omNode-3@group-523986131536-LeaderElection14] INFO  server.RaftServerConfigKeys (ConfUtils.java:logGet(46)) - raft.server.rpc.request.timeout = 3000ms (default)
2025-04-24 14:02:41,226 [omNode-3@group-523986131536-LeaderElection14] INFO  grpc.GrpcConfigKeys (ConfUtils.java:logGet(46)) - raft.grpc.server.install_snapshot.request.element-limit = 8 (default)
2025-04-24 14:02:41,226 [omNode-3@group-523986131536-LeaderElection14] INFO  grpc.GrpcConfigKeys (ConfUtils.java:logGet(46)) - raft.grpc.server.install_snapshot.request.timeout = 3000ms (default)
2025-04-24 14:02:41,226 [omNode-3@group-523986131536-LeaderElection14] INFO  grpc.GrpcConfigKeys (ConfUtils.java:logGet(46)) - raft.grpc.server.log-message.batch.duration = 5s (default)
2025-04-24 14:02:41,226 [omNode-3@group-523986131536-LeaderElection14] INFO  server.RaftServerConfigKeys (ConfUtils.java:logGet(46)) - raft.server.log.appender.install.snapshot.enabled = false (custom)
2025-04-24 14:02:41,226 [omNode-3@group-523986131536-LeaderElection14] INFO  grpc.GrpcConfigKeys (ConfUtils.java:logGet(46)) - raft.grpc.server.heartbeat.channel = true (default)
2025-04-24 14:02:41,226 [omNode-3@group-523986131536-LeaderElection14] INFO  impl.RoleInfo (RoleInfo.java:updateAndGet(148)) - omNode-3: start omNode-3@group-523986131536-LeaderStateImpl
2025-04-24 14:02:41,226 [omNode-3@group-523986131536-LeaderElection14] INFO  server.RaftServer$Division (RaftServerImpl.java:setFirstElection(562)) - omNode-3@group-523986131536: set firstElectionSinceStartup to false for becomeLeader
2025-04-24 14:02:41,226 [omNode-3@group-523986131536-LeaderElection14] INFO  ratis.OzoneManagerStateMachine (OzoneManagerStateMachine.java:notifyLeaderChanged(169)) - omNode-3@group-523986131536: leader changed to omNode-3
2025-04-24 14:02:41,226 [omNode-3@group-523986131536-LeaderElection14] INFO  server.RaftServer$Division (ServerState.java:setLeader(272)) - omNode-3@group-523986131536: change Leader from null to omNode-3 at term 5 for becomeLeader, leader elected after 1074ms
2025-04-24 14:02:41,227 [omNode-3@group-523986131536-LeaderElection14] INFO  segmented.SegmentedRaftLogWorker (SegmentedRaftLogWorker.java:rollLogSegment(443)) - omNode-3@group-523986131536-SegmentedRaftLogWorker: Rolling segment log-32_33 to index:33
2025-04-24 14:02:41,227 [omNode-3@group-523986131536-SegmentedRaftLogWorker] INFO  segmented.SegmentedRaftLogWorker (SegmentedRaftLogWorker.java:execute(601)) - omNode-3@group-523986131536-SegmentedRaftLogWorker: Rolled log segment from /home/runner/work/ozone/ozone/hadoop-ozone/integration-test/target/test-dir/MiniOzoneClusterImpl-4e6105ad-12bc-4f18-9d37-351d73277e17/omNode-3/ratis/c9bc4cf4-3bc3-3c60-a66b-523986131536/current/log_inprogress_32 to /home/runner/work/ozone/ozone/hadoop-ozone/integration-test/target/test-dir/MiniOzoneClusterImpl-4e6105ad-12bc-4f18-9d37-351d73277e17/omNode-3/ratis/c9bc4cf4-3bc3-3c60-a66b-523986131536/current/log_32-33
2025-04-24 14:02:41,227 [omNode-3@group-523986131536-SegmentedRaftLogWorker] INFO  segmented.BufferedWriteChannel (BufferedWriteChannel.java:open(61)) - open log_inprogress_34 at position 0
2025-04-24 14:02:41,228 [omNode-3@group-523986131536-LeaderElection14] INFO  server.RaftServer$Division (ServerState.java:setRaftConf(386)) - omNode-3@group-523986131536: set configuration conf: {index: 34, cur=peers:[omNode-3|localhost:15017, omNode-1|localhost:15009, omNode-2|localhost:15013]|listeners:[], old=null}
2025-04-24 14:02:41,235 [omNode-2-server-thread2] INFO  ratis.OzoneManagerStateMachine (OzoneManagerStateMachine.java:notifyLeaderChanged(169)) - omNode-2@group-523986131536: leader changed to omNode-3
2025-04-24 14:02:41,235 [omNode-2-server-thread2] INFO  server.RaftServer$Division (ServerState.java:setLeader(272)) - omNode-2@group-523986131536: change Leader from null to omNode-3 at term 5 for appendEntries, leader elected after 226ms
2025-04-24 14:02:41,236 [omNode-2-server-thread2] INFO  server.RaftServer$Division (ServerState.java:setRaftConf(386)) - omNode-2@group-523986131536: set configuration conf: {index: 34, cur=peers:[omNode-3|localhost:15017, omNode-1|localhost:15009, omNode-2|localhost:15013]|listeners:[], old=null}
2025-04-24 14:02:41,236 [omNode-2-server-thread2] INFO  segmented.SegmentedRaftLogWorker (SegmentedRaftLogWorker.java:rollLogSegment(443)) - omNode-2@group-523986131536-SegmentedRaftLogWorker: Rolling segment log-32_33 to index:33
2025-04-24 14:02:41,237 [omNode-2@group-523986131536-SegmentedRaftLogWorker] INFO  segmented.SegmentedRaftLogWorker (SegmentedRaftLogWorker.java:execute(601)) - omNode-2@group-523986131536-SegmentedRaftLogWorker: Rolled log segment from /home/runner/work/ozone/ozone/hadoop-ozone/integration-test/target/test-dir/MiniOzoneClusterImpl-4e6105ad-12bc-4f18-9d37-351d73277e17/omNode-2/ratis/c9bc4cf4-3bc3-3c60-a66b-523986131536/current/log_inprogress_32 to /home/runner/work/ozone/ozone/hadoop-ozone/integration-test/target/test-dir/MiniOzoneClusterImpl-4e6105ad-12bc-4f18-9d37-351d73277e17/omNode-2/ratis/c9bc4cf4-3bc3-3c60-a66b-523986131536/current/log_32-33
2025-04-24 14:02:41,238 [omNode-2@group-523986131536-SegmentedRaftLogWorker] INFO  segmented.BufferedWriteChannel (BufferedWriteChannel.java:open(61)) - open log_inprogress_34 at position 0
2025-04-24 14:02:41,238 [omNode-1-server-thread2] INFO  ratis.OzoneManagerStateMachine (OzoneManagerStateMachine.java:notifyLeaderChanged(169)) - omNode-1@group-523986131536: leader changed to omNode-3
2025-04-24 14:02:41,238 [omNode-1-server-thread2] INFO  server.RaftServer$Division (ServerState.java:setLeader(272)) - omNode-1@group-523986131536: change Leader from null to omNode-3 at term 5 for appendEntries, leader elected after 653ms
2025-04-24 14:02:41,239 [omNode-1-server-thread1] INFO  server.RaftServer$Division (ServerState.java:setRaftConf(386)) - omNode-1@group-523986131536: set configuration conf: {index: 34, cur=peers:[omNode-3|localhost:15017, omNode-1|localhost:15009, omNode-2|localhost:15013]|listeners:[], old=null}
2025-04-24 14:02:41,239 [omNode-1-server-thread1] INFO  segmented.SegmentedRaftLogWorker (SegmentedRaftLogWorker.java:rollLogSegment(443)) - omNode-1@group-523986131536-SegmentedRaftLogWorker: Rolling segment log-32_33 to index:33
2025-04-24 14:02:41,239 [omNode-3@group-523986131536-SegmentedRaftLogWorker] INFO  segmented.SegmentedRaftLogWorker (SegmentedRaftLogWorker.java:execute(644)) - omNode-3@group-523986131536-SegmentedRaftLogWorker: created new log segment /home/runner/work/ozone/ozone/hadoop-ozone/integration-test/target/test-dir/MiniOzoneClusterImpl-4e6105ad-12bc-4f18-9d37-351d73277e17/omNode-3/ratis/c9bc4cf4-3bc3-3c60-a66b-523986131536/current/log_inprogress_34
2025-04-24 14:02:41,240 [omNode-1@group-523986131536-SegmentedRaftLogWorker] INFO  segmented.SegmentedRaftLogWorker (SegmentedRaftLogWorker.java:execute(601)) - omNode-1@group-523986131536-SegmentedRaftLogWorker: Rolled log segment from /home/runner/work/ozone/ozone/hadoop-ozone/integration-test/target/test-dir/MiniOzoneClusterImpl-4e6105ad-12bc-4f18-9d37-351d73277e17/omNode-1/ratis/c9bc4cf4-3bc3-3c60-a66b-523986131536/current/log_inprogress_32 to /home/runner/work/ozone/ozone/hadoop-ozone/integration-test/target/test-dir/MiniOzoneClusterImpl-4e6105ad-12bc-4f18-9d37-351d73277e17/omNode-1/ratis/c9bc4cf4-3bc3-3c60-a66b-523986131536/current/log_32-33
2025-04-24 14:02:41,240 [omNode-1@group-523986131536-SegmentedRaftLogWorker] INFO  segmented.BufferedWriteChannel (BufferedWriteChannel.java:open(61)) - open log_inprogress_34 at position 0
2025-04-24 14:02:41,253 [omNode-2@group-523986131536-SegmentedRaftLogWorker] INFO  segmented.SegmentedRaftLogWorker (SegmentedRaftLogWorker.java:execute(644)) - omNode-2@group-523986131536-SegmentedRaftLogWorker: created new log segment /home/runner/work/ozone/ozone/hadoop-ozone/integration-test/target/test-dir/MiniOzoneClusterImpl-4e6105ad-12bc-4f18-9d37-351d73277e17/omNode-2/ratis/c9bc4cf4-3bc3-3c60-a66b-523986131536/current/log_inprogress_34
2025-04-24 14:02:41,254 [omNode-1@group-523986131536-SegmentedRaftLogWorker] INFO  segmented.SegmentedRaftLogWorker (SegmentedRaftLogWorker.java:execute(644)) - omNode-1@group-523986131536-SegmentedRaftLogWorker: created new log segment /home/runner/work/ozone/ozone/hadoop-ozone/integration-test/target/test-dir/MiniOzoneClusterImpl-4e6105ad-12bc-4f18-9d37-351d73277e17/omNode-1/ratis/c9bc4cf4-3bc3-3c60-a66b-523986131536/current/log_inprogress_34
2025-04-24 14:02:41,256 [omNode-3@group-523986131536-StateMachineUpdater] INFO  ratis.OzoneManagerStateMachine (OzoneManagerStateMachine.java:notifyConfigurationChanged(231)) - notifyConfigurationChanged from Ratis: term=5, index=34, New Peer list: omNode-3(localhost:15017), omNode-1(localhost:15009), omNode-2(localhost:15013)
2025-04-24 14:02:41,256 [omNode-3@group-523986131536-StateMachineUpdater] INFO  server.RaftServer$Division (LeaderStateImpl.java:checkStartIndex(313)) - Leader omNode-3@group-523986131536-LeaderStateImpl is ready since appliedIndex == startIndex == 34
2025-04-24 14:02:41,257 [omNode-1@group-523986131536-StateMachineUpdater] INFO  ratis.OzoneManagerStateMachine (OzoneManagerStateMachine.java:notifyConfigurationChanged(231)) - notifyConfigurationChanged from Ratis: term=5, index=34, New Peer list: omNode-3(localhost:15017), omNode-1(localhost:15009), omNode-2(localhost:15013)
2025-04-24 14:02:41,257 [omNode-2@group-523986131536-StateMachineUpdater] INFO  ratis.OzoneManagerStateMachine (OzoneManagerStateMachine.java:notifyConfigurationChanged(231)) - notifyConfigurationChanged from Ratis: term=5, index=34, New Peer list: omNode-3(localhost:15017), omNode-1(localhost:15009), omNode-2(localhost:15013)
2025-04-24 14:02:41,385 [main] INFO  reflections.Reflections (Reflections.java:scan(219)) - Reflections took 361 ms to scan 22 urls, producing 61 keys and 7423 values
2025-04-24 14:02:41,386 [main] INFO  ipc.CallQueueManager (CallQueueManager.java:<init>(93)) - Using callQueue: class java.util.concurrent.LinkedBlockingQueue, queueCapacity: 2000, scheduler: class org.apache.hadoop.ipc.DefaultRpcScheduler, ipcBackoff: false, ipcFailOver: false.
2025-04-24 14:02:41,387 [main] INFO  ipc.Server (Server.java:<init>(1438)) - Listener at localhost:15010
2025-04-24 14:02:41,387 [Socket Reader #1 for port 15010] INFO  ipc.Server (Server.java:run(1474)) - Starting Socket Reader #1 for port 15010
2025-04-24 14:02:41,387 [Socket Reader #2 for port 15010] INFO  ipc.Server (Server.java:run(1474)) - Starting Socket Reader #2 for port 15010
2025-04-24 14:02:41,388 [Socket Reader #3 for port 15010] INFO  ipc.Server (Server.java:run(1474)) - Starting Socket Reader #3 for port 15010
2025-04-24 14:02:41,388 [Socket Reader #4 for port 15010] INFO  ipc.Server (Server.java:run(1474)) - Starting Socket Reader #4 for port 15010
2025-04-24 14:02:41,388 [Socket Reader #5 for port 15010] INFO  ipc.Server (Server.java:run(1474)) - Starting Socket Reader #5 for port 15010
2025-04-24 14:02:41,388 [Socket Reader #6 for port 15010] INFO  ipc.Server (Server.java:run(1474)) - Starting Socket Reader #6 for port 15010
2025-04-24 14:02:41,388 [Socket Reader #7 for port 15010] INFO  ipc.Server (Server.java:run(1474)) - Starting Socket Reader #7 for port 15010
2025-04-24 14:02:41,388 [Socket Reader #8 for port 15010] INFO  ipc.Server (Server.java:run(1474)) - Starting Socket Reader #8 for port 15010
2025-04-24 14:02:41,388 [Socket Reader #9 for port 15010] INFO  ipc.Server (Server.java:run(1474)) - Starting Socket Reader #9 for port 15010
2025-04-24 14:02:41,389 [Socket Reader #10 for port 15010] INFO  ipc.Server (Server.java:run(1474)) - Starting Socket Reader #10 for port 15010
2025-04-24 14:02:41,390 [main] INFO  http.BaseHttpServer (BaseHttpServer.java:newHttpServer2BuilderForOzone(229)) - Starting Web-server for ozoneManager at: http://0.0.0.0:15011
2025-04-24 14:02:41,390 [main] INFO  http.BaseHttpServer (BaseHttpServer.java:<init>(107)) - Hadoop Security Enabled: false Ozone Security Enabled: false Ozone HTTP Security Enabled: false 
2025-04-24 14:02:41,391 [main] WARN  server.AuthenticationFilter (AuthenticationFilter.java:constructSecretProvider(240)) - Unable to initialize FileSignerSecretProvider, falling back to use random secrets. Reason: Could not read signature secret file: /home/runner/hadoop-http-auth-signature-secret
2025-04-24 14:02:41,393 [main] INFO  http.HttpServer2 (HttpServer2.java:addGlobalFilter(1041)) - Added global filter 'safety' (class=org.apache.hadoop.hdds.server.http.HttpServer2$QuotingInputFilter)
2025-04-24 14:02:41,394 [main] INFO  http.HttpServer2 (HttpServer2.java:addFilter(1017)) - Added filter static_user_filter (class=org.apache.hadoop.http.lib.StaticUserWebFilter$StaticUserFilter) to context ozoneManager
2025-04-24 14:02:41,394 [main] INFO  http.HttpServer2 (HttpServer2.java:addFilter(1025)) - Added filter static_user_filter (class=org.apache.hadoop.http.lib.StaticUserWebFilter$StaticUserFilter) to context static
2025-04-24 14:02:41,394 [main] INFO  http.HttpServer2 (HttpServer2.java:addFilter(1025)) - Added filter static_user_filter (class=org.apache.hadoop.http.lib.StaticUserWebFilter$StaticUserFilter) to context logs
2025-04-24 14:02:41,395 [main] INFO  http.BaseHttpServer (BaseHttpServer.java:<init>(195)) - HTTP server of ozoneManager uses base directory /home/runner/work/ozone/ozone/hadoop-ozone/integration-test/target/test-dir/MiniOzoneClusterImpl-4e6105ad-12bc-4f18-9d37-351d73277e17/omNode-2/webserver
2025-04-24 14:02:41,395 [main] INFO  http.HttpServer2 (HttpServer2.java:bindListener(1241)) - Jetty bound to port 15011
2025-04-24 14:02:41,395 [main] INFO  server.Server (Server.java:doStart(375)) - jetty-9.4.57.v20241219; built: 2025-01-08T21:24:30.412Z; git: df524e6b29271c2e09ba9aea83c18dc9db464a31; jvm 21.0.7+6-LTS
2025-04-24 14:02:41,396 [main] INFO  server.session (DefaultSessionIdManager.java:doStart(334)) - DefaultSessionIdManager workerName=node0
2025-04-24 14:02:41,396 [main] INFO  server.session (DefaultSessionIdManager.java:doStart(339)) - No SessionScavenger set, using defaults
2025-04-24 14:02:41,396 [main] INFO  server.session (HouseKeeper.java:startScavenging(132)) - node0 Scavenging every 660000ms
2025-04-24 14:02:41,397 [main] INFO  handler.ContextHandler (ContextHandler.java:doStart(921)) - Started o.e.j.s.ServletContextHandler@7b787f24{logs,/logs,file:///home/runner/work/ozone/ozone/hadoop-ozone/integration-test/target/log,AVAILABLE}
2025-04-24 14:02:41,397 [main] INFO  handler.ContextHandler (ContextHandler.java:doStart(921)) - Started o.e.j.s.ServletContextHandler@53200646{static,/static,file:///home/runner/work/ozone/ozone/hadoop-ozone/integration-test/target/test-classes/webapps/static,AVAILABLE}
2025-04-24 14:02:41,401 [main] INFO  handler.ContextHandler (ContextHandler.java:doStart(921)) - Started o.e.j.w.WebAppContext@4070bcb{ozoneManager,/,file:///home/runner/work/ozone/ozone/hadoop-ozone/integration-test/target/test-classes/webapps/ozoneManager/,AVAILABLE}{file:/home/runner/work/ozone/ozone/hadoop-ozone/integration-test/target/test-classes/webapps/ozoneManager}
2025-04-24 14:02:41,402 [main] INFO  server.AbstractConnector (AbstractConnector.java:doStart(333)) - Started ServerConnector@53b4bdda{HTTP/1.1, (http/1.1)}{0.0.0.0:15011}
2025-04-24 14:02:41,402 [main] INFO  server.Server (Server.java:doStart(415)) - Started @42734ms
2025-04-24 14:02:41,402 [main] WARN  impl.MetricsSystemImpl (MetricsSystemImpl.java:register(279)) - Sink prometheus already exists!
2025-04-24 14:02:41,402 [main] INFO  http.BaseHttpServer (BaseHttpServer.java:updateConnectorAddress(360)) - HTTP server of ozoneManager listening at http://0.0.0.0:15011
2025-04-24 14:02:41,403 [IPC Server Responder] INFO  ipc.Server (Server.java:run(1713)) - IPC Server Responder: starting
2025-04-24 14:02:41,403 [IPC Server listener on 15010] INFO  ipc.Server (Server.java:run(1553)) - IPC Server listener on 15010: starting
2025-04-24 14:02:41,405 [main] INFO  om.OzoneManager (OzoneManager.java:startTrashEmptier(2257)) - Trash Interval set to 0. Files deleted won't move to trash
]]></system-out>
  </testcase>
  <testcase name="testKeyDeletion" classname="org.apache.hadoop.ozone.om.TestOzoneManagerHAWithStoppedNodes" time="22.796">
    <system-out><![CDATA[2025-04-24 14:02:41,408 [main] INFO  rpc.RpcClient (RpcClient.java:createVolume(462)) - Creating Volume: volumed269ae90-4f56-4761-85bf-305d87dd1bf1, with user16904 as owner and space quota set to -1 bytes, counts quota set to -1
2025-04-24 14:02:41,410 [main] INFO  retry.RetryInvocationHandler (RetryInvocationHandler.java:log(426)) - com.google.protobuf.ServiceException: org.apache.hadoop.ipc.RemoteException(org.apache.hadoop.ozone.om.exceptions.OMNotLeaderException): OM:omNode-1 is not the leader. Suggested leader is OM:omNode-3[localhost/127.0.0.1].
	at org.apache.hadoop.ozone.om.ratis.OzoneManagerRatisServer.newOMNotLeaderException(OzoneManagerRatisServer.java:813)
	at org.apache.hadoop.ozone.om.OzoneManager.checkLeaderStatus(OzoneManager.java:4355)
	at org.apache.hadoop.ozone.om.ratis.utils.OzoneManagerRatisUtils.checkLeaderStatus(OzoneManagerRatisUtils.java:500)
	at org.apache.hadoop.ozone.protocolPB.OzoneManagerProtocolServerSideTranslatorPB.internalProcessRequest(OzoneManagerProtocolServerSideTranslatorPB.java:165)
	at org.apache.hadoop.ozone.protocolPB.OzoneManagerProtocolServerSideTranslatorPB.processRequest(OzoneManagerProtocolServerSideTranslatorPB.java:125)
	at org.apache.hadoop.hdds.server.OzoneProtocolMessageDispatcher.processRequest(OzoneProtocolMessageDispatcher.java:87)
	at org.apache.hadoop.ozone.protocolPB.OzoneManagerProtocolServerSideTranslatorPB.submitRequest(OzoneManagerProtocolServerSideTranslatorPB.java:116)
	at org.apache.hadoop.ozone.protocol.proto.OzoneManagerProtocolProtos$OzoneManagerService$2.callBlockingMethod(OzoneManagerProtocolProtos.java)
	at org.apache.hadoop.ipc.ProtobufRpcEngine$Server.processCall(ProtobufRpcEngine.java:484)
	at org.apache.hadoop.ipc.ProtobufRpcEngine2$Server$ProtoBufRpcInvoker.call(ProtobufRpcEngine2.java:595)
	at org.apache.hadoop.ipc.ProtobufRpcEngine2$Server$ProtoBufRpcInvoker.call(ProtobufRpcEngine2.java:573)
	at org.apache.hadoop.ipc.RPC$Server.call(RPC.java:1227)
	at org.apache.hadoop.ipc.Server$RpcCall.run(Server.java:1246)
	at org.apache.hadoop.ipc.Server$RpcCall.run(Server.java:1169)
	at java.base/java.security.AccessController.doPrivileged(AccessController.java:714)
	at java.base/javax.security.auth.Subject.doAs(Subject.java:525)
	at org.apache.hadoop.security.UserGroupInformation.doAs(UserGroupInformation.java:1953)
	at org.apache.hadoop.ipc.Server$Handler.run(Server.java:3198)
, while invoking $Proxy68.submitRequest over nodeId=omNode-1,nodeAddress=127.0.0.1:15006. Trying to failover immediately. Current retry count: 0.
2025-04-24 14:02:41,413 [main] INFO  retry.RetryInvocationHandler (RetryInvocationHandler.java:log(426)) - com.google.protobuf.ServiceException: org.apache.hadoop.ipc.RemoteException(org.apache.hadoop.ozone.om.exceptions.OMNotLeaderException): OM:omNode-2 is not the leader. Suggested leader is OM:omNode-3[localhost/127.0.0.1].
	at org.apache.hadoop.ozone.om.ratis.OzoneManagerRatisServer.newOMNotLeaderException(OzoneManagerRatisServer.java:813)
	at org.apache.hadoop.ozone.om.OzoneManager.checkLeaderStatus(OzoneManager.java:4355)
	at org.apache.hadoop.ozone.om.ratis.utils.OzoneManagerRatisUtils.checkLeaderStatus(OzoneManagerRatisUtils.java:500)
	at org.apache.hadoop.ozone.protocolPB.OzoneManagerProtocolServerSideTranslatorPB.internalProcessRequest(OzoneManagerProtocolServerSideTranslatorPB.java:165)
	at org.apache.hadoop.ozone.protocolPB.OzoneManagerProtocolServerSideTranslatorPB.processRequest(OzoneManagerProtocolServerSideTranslatorPB.java:125)
	at org.apache.hadoop.hdds.server.OzoneProtocolMessageDispatcher.processRequest(OzoneProtocolMessageDispatcher.java:87)
	at org.apache.hadoop.ozone.protocolPB.OzoneManagerProtocolServerSideTranslatorPB.submitRequest(OzoneManagerProtocolServerSideTranslatorPB.java:116)
	at org.apache.hadoop.ozone.protocol.proto.OzoneManagerProtocolProtos$OzoneManagerService$2.callBlockingMethod(OzoneManagerProtocolProtos.java)
	at org.apache.hadoop.ipc.ProtobufRpcEngine$Server.processCall(ProtobufRpcEngine.java:484)
	at org.apache.hadoop.ipc.ProtobufRpcEngine2$Server$ProtoBufRpcInvoker.call(ProtobufRpcEngine2.java:595)
	at org.apache.hadoop.ipc.ProtobufRpcEngine2$Server$ProtoBufRpcInvoker.call(ProtobufRpcEngine2.java:573)
	at org.apache.hadoop.ipc.RPC$Server.call(RPC.java:1227)
	at org.apache.hadoop.ipc.Server$RpcCall.run(Server.java:1246)
	at org.apache.hadoop.ipc.Server$RpcCall.run(Server.java:1169)
	at java.base/java.security.AccessController.doPrivileged(AccessController.java:714)
	at java.base/javax.security.auth.Subject.doAs(Subject.java:525)
	at org.apache.hadoop.security.UserGroupInformation.doAs(UserGroupInformation.java:1953)
	at org.apache.hadoop.ipc.Server$Handler.run(Server.java:3198)
, while invoking $Proxy68.submitRequest over nodeId=omNode-2,nodeAddress=127.0.0.1:15010 after 1 failover attempts. Trying to failover immediately. Current retry count: 1.
2025-04-24 14:02:41,428 [omNode-3-OMStateMachineApplyTransactionThread - 0] WARN  helpers.OzoneAclUtil (OzoneAclUtil.java:getDefaultAclList(77)) - Failed to get primary group from user user16904 (auth:SIMPLE)
2025-04-24 14:02:41,428 [omNode-2-OMStateMachineApplyTransactionThread - 0] WARN  helpers.OzoneAclUtil (OzoneAclUtil.java:getDefaultAclList(77)) - Failed to get primary group from user user16904 (auth:SIMPLE)
2025-04-24 14:02:41,428 [omNode-1-OMStateMachineApplyTransactionThread - 0] WARN  helpers.OzoneAclUtil (OzoneAclUtil.java:getDefaultAclList(77)) - Failed to get primary group from user user16904 (auth:SIMPLE)
2025-04-24 14:02:41,429 [omNode-2-OMStateMachineApplyTransactionThread - 0] INFO  volume.OMVolumeCreateRequest (OMVolumeCreateRequest.java:validateAndUpdateCache(203)) - created volume:volumed269ae90-4f56-4761-85bf-305d87dd1bf1 for user:user16904
2025-04-24 14:02:41,429 [omNode-1-OMStateMachineApplyTransactionThread - 0] INFO  volume.OMVolumeCreateRequest (OMVolumeCreateRequest.java:validateAndUpdateCache(203)) - created volume:volumed269ae90-4f56-4761-85bf-305d87dd1bf1 for user:user16904
2025-04-24 14:02:41,429 [omNode-3-OMStateMachineApplyTransactionThread - 0] INFO  volume.OMVolumeCreateRequest (OMVolumeCreateRequest.java:validateAndUpdateCache(203)) - created volume:volumed269ae90-4f56-4761-85bf-305d87dd1bf1 for user:user16904
2025-04-24 14:02:41,434 [main] INFO  rpc.RpcClient (RpcClient.java:createBucket(687)) - Creating Bucket: volumed269ae90-4f56-4761-85bf-305d87dd1bf1/6dfdd14c-96d1-49c5-b350-7de39b77692d, with server-side default bucket layout, runner as owner, Versioning false, Storage Type set to DISK and Encryption set to false, Replication Type set to server-side default replication type, Namespace Quota set to -1, Space Quota set to -1 
2025-04-24 14:02:41,438 [omNode-3-OMStateMachineApplyTransactionThread - 0] INFO  bucket.OMBucketCreateRequest (OMBucketCreateRequest.java:validateAndUpdateCache(291)) - created bucket: 6dfdd14c-96d1-49c5-b350-7de39b77692d of layout OBJECT_STORE in volume: volumed269ae90-4f56-4761-85bf-305d87dd1bf1
2025-04-24 14:02:41,440 [omNode-1-OMStateMachineApplyTransactionThread - 0] INFO  bucket.OMBucketCreateRequest (OMBucketCreateRequest.java:validateAndUpdateCache(291)) - created bucket: 6dfdd14c-96d1-49c5-b350-7de39b77692d of layout OBJECT_STORE in volume: volumed269ae90-4f56-4761-85bf-305d87dd1bf1
2025-04-24 14:02:41,440 [omNode-2-OMStateMachineApplyTransactionThread - 0] INFO  bucket.OMBucketCreateRequest (OMBucketCreateRequest.java:validateAndUpdateCache(291)) - created bucket: 6dfdd14c-96d1-49c5-b350-7de39b77692d of layout OBJECT_STORE in volume: volumed269ae90-4f56-4761-85bf-305d87dd1bf1
2025-04-24 14:02:50,148 [omNode-3-KeyDeletingService#0] INFO  utils.BackgroundService (AbstractKeyDeletingService.java:processKeyDeletes(117)) - Send 2 key(s) to SCM, first 2 keys: [BlockGroup[groupID='/volumed269ae90-4f56-4761-85bf-305d87dd1bf1/6dfdd14c-96d1-49c5-b350-7de39b77692d/dir/file1/-9223372036854765568', blockIDs=[conID: 3 locID: 115816896921600003 bcsId: 0 replicaIndex: null]], BlockGroup[groupID='/volumed269ae90-4f56-4761-85bf-305d87dd1bf1/6dfdd14c-96d1-49c5-b350-7de39b77692d/dir/file2/-9223372036854764544', blockIDs=[conID: 4 locID: 115816896921600004 bcsId: 0 replicaIndex: null]]]
2025-04-24 14:02:50,157 [IPC Server handler 1 on default port 15001] INFO  ha.SequenceIdGenerator (SequenceIdGenerator.java:getNextId(143)) - Allocate a batch for delTxnId, change lastId from 0 to 1000.
2025-04-24 14:02:50,169 [omNode-3-KeyDeletingService#0] INFO  utils.BackgroundService (AbstractKeyDeletingService.java:processKeyDeletes(122)) - 2 BlockGroup deletion are acked by SCM in 21 ms
2025-04-24 14:02:50,180 [omNode-3-KeyDeletingService#0] INFO  utils.BackgroundService (AbstractKeyDeletingService.java:processKeyDeletes(130)) - Blocks for 2 (out of 2) keys are deleted from DB in 11 ms. Limit per task is 2.
2025-04-24 14:03:00,145 [omNode-3-KeyDeletingService#0] INFO  utils.BackgroundService (AbstractKeyDeletingService.java:processKeyDeletes(117)) - Send 2 key(s) to SCM, first 2 keys: [BlockGroup[groupID='/volumed269ae90-4f56-4761-85bf-305d87dd1bf1/6dfdd14c-96d1-49c5-b350-7de39b77692d/dir/file3/-9223372036854763520', blockIDs=[conID: 5 locID: 115816896921600005 bcsId: 0 replicaIndex: null]], BlockGroup[groupID='/volumed269ae90-4f56-4761-85bf-305d87dd1bf1/6dfdd14c-96d1-49c5-b350-7de39b77692d/dir/file4/-9223372036854762496', blockIDs=[conID: 3 locID: 115816896921600006 bcsId: 0 replicaIndex: null]]]
2025-04-24 14:03:00,148 [omNode-3-KeyDeletingService#0] INFO  utils.BackgroundService (AbstractKeyDeletingService.java:processKeyDeletes(122)) - 2 BlockGroup deletion are acked by SCM in 4 ms
2025-04-24 14:03:00,153 [omNode-3-KeyDeletingService#0] INFO  utils.BackgroundService (AbstractKeyDeletingService.java:processKeyDeletes(130)) - Blocks for 2 (out of 2) keys are deleted from DB in 5 ms. Limit per task is 2.
2025-04-24 14:03:01,705 [main] INFO  om.OzoneManager (OzoneManager.java:stop(2347)) - omNode-3[localhost:15014]: Stopping Ozone Manager
2025-04-24 14:03:01,705 [main] INFO  ipc.Server (Server.java:stop(3697)) - Stopping server on 15014
2025-04-24 14:03:01,707 [IPC Server listener on 15014] INFO  ipc.Server (Server.java:run(1585)) - Stopping IPC Server listener on 15014
2025-04-24 14:03:01,707 [IPC Server Responder] INFO  ipc.Server (Server.java:run(1718)) - Stopping IPC Server Responder
2025-04-24 14:03:01,707 [main] INFO  ratis.OzoneManagerRatisServer (OzoneManagerRatisServer.java:stop(634)) - Stopping org.apache.hadoop.ozone.om.ratis.OzoneManagerRatisServer@388de0dd at port 15017
2025-04-24 14:03:01,707 [main] INFO  server.RaftServer (RaftServerProxy.java:lambda$close$9(417)) - omNode-3: close
2025-04-24 14:03:01,708 [main] INFO  server.GrpcService (GrpcService.java:closeImpl(343)) - omNode-3: shutdown server GrpcServerProtocolService now
2025-04-24 14:03:01,708 [omNode-3-impl-thread1] INFO  server.RaftServer$Division (RaftServerImpl.java:lambda$close$1(513)) - omNode-3@group-523986131536: shutdown
2025-04-24 14:03:01,708 [omNode-3-impl-thread1] INFO  util.JmxRegister (JmxRegister.java:unregister(74)) - Successfully un-registered JMX Bean with object name Ratis:service=RaftServer,group=group-523986131536,id=omNode-3
2025-04-24 14:03:01,708 [omNode-3-impl-thread1] INFO  impl.RoleInfo (RoleInfo.java:shutdownLeaderState(103)) - omNode-3: shutdown omNode-3@group-523986131536-LeaderStateImpl
2025-04-24 14:03:01,708 [omNode-3-impl-thread1] INFO  impl.PendingRequests (PendingRequests.java:sendNotLeaderResponses(287)) - omNode-3@group-523986131536-PendingRequests: sendNotLeaderResponses
2025-04-24 14:03:01,708 [omNode-3@group-523986131536->omNode-2-GrpcLogAppender-LogAppenderDaemon] WARN  server.GrpcLogAppender (GrpcLogAppender.java:mayWait(293)) - omNode-3@group-523986131536->omNode-2-GrpcLogAppender: Wait interrupted by java.lang.InterruptedException
2025-04-24 14:03:01,708 [Thread-1985] INFO  server.GrpcServerProtocolClient (GrpcServerProtocolClient.java:close(105)) - omNode-1 Close channels
2025-04-24 14:03:01,708 [omNode-3@group-523986131536->omNode-1-GrpcLogAppender-LogAppenderDaemon] WARN  server.GrpcLogAppender (GrpcLogAppender.java:mayWait(293)) - omNode-3@group-523986131536->omNode-1-GrpcLogAppender: Wait interrupted by java.lang.InterruptedException
2025-04-24 14:03:01,709 [Thread-1986] INFO  server.GrpcServerProtocolClient (GrpcServerProtocolClient.java:close(105)) - omNode-2 Close channels
2025-04-24 14:03:01,709 [omNode-3-impl-thread1] INFO  impl.StateMachineUpdater (StateMachineUpdater.java:stopAndJoin(164)) - omNode-3@group-523986131536-StateMachineUpdater: set stopIndex = 67
2025-04-24 14:03:01,709 [grpc-default-executor-0] INFO  server.GrpcServerProtocolService (GrpcServerProtocolService.java:onCompleted(157)) - omNode-2: Completed APPEND_ENTRIES, lastRequest: null
2025-04-24 14:03:01,709 [grpc-default-executor-3] INFO  server.GrpcServerProtocolService (GrpcServerProtocolService.java:onCompleted(157)) - omNode-2: Completed APPEND_ENTRIES, lastRequest: omNode-3->omNode-2#111-t5,previous=(t:5, i:66),leaderCommit=66,initializing? false,entries: size=1, first=(t:5, i:67), METADATAENTRY(c:66)
2025-04-24 14:03:01,709 [grpc-default-executor-3] INFO  server.GrpcServerProtocolService (GrpcServerProtocolService.java:lambda$onCompleted$5(159)) - omNode-2: Completed APPEND_ENTRIES, lastReply: null
2025-04-24 14:03:01,710 [grpc-default-executor-3] INFO  server.GrpcServerProtocolService (GrpcServerProtocolService.java:onCompleted(157)) - omNode-1: Completed APPEND_ENTRIES, lastRequest: null
2025-04-24 14:03:01,710 [grpc-default-executor-2] INFO  server.GrpcServerProtocolService (GrpcServerProtocolService.java:onCompleted(157)) - omNode-1: Completed APPEND_ENTRIES, lastRequest: omNode-3->omNode-1#110-t5,previous=(t:5, i:66),leaderCommit=66,initializing? false,entries: size=1, first=(t:5, i:67), METADATAENTRY(c:66)
2025-04-24 14:03:01,710 [grpc-default-executor-2] INFO  server.GrpcServerProtocolService (GrpcServerProtocolService.java:lambda$onCompleted$5(159)) - omNode-1: Completed APPEND_ENTRIES, lastReply: null
2025-04-24 14:03:01,710 [grpc-default-executor-4] INFO  server.GrpcLogAppender (GrpcLogAppender.java:onCompleted(550)) - omNode-3@group-523986131536->omNode-2-AppendLogResponseHandler: follower responses appendEntries COMPLETED
2025-04-24 14:03:01,710 [grpc-default-executor-4] WARN  server.GrpcLogAppender (GrpcLogAppender.java:resetClient(230)) - omNode-3@group-523986131536->omNode-2-GrpcLogAppender: Failed to getClient for omNode-2
org.apache.ratis.protocol.exceptions.AlreadyClosedException: omNode-3 is already CLOSED
	at org.apache.ratis.util.PeerProxyMap$PeerAndProxy.getProxy(PeerProxyMap.java:67)
	at org.apache.ratis.util.PeerProxyMap.getProxy(PeerProxyMap.java:124)
	at org.apache.ratis.grpc.server.GrpcLogAppender.getClient(GrpcLogAppender.java:200)
	at org.apache.ratis.grpc.server.GrpcLogAppender.resetClient(GrpcLogAppender.java:205)
	at org.apache.ratis.grpc.server.GrpcLogAppender.access$800(GrpcLogAppender.java:64)
	at org.apache.ratis.grpc.server.GrpcLogAppender$AppendLogResponseHandler.onCompleted(GrpcLogAppender.java:551)
	at org.apache.ratis.thirdparty.io.grpc.stub.ClientCalls$StreamObserverToCallListenerAdapter.onClose(ClientCalls.java:479)
	at org.apache.ratis.thirdparty.io.grpc.internal.ClientCallImpl.closeObserver(ClientCallImpl.java:567)
	at org.apache.ratis.thirdparty.io.grpc.internal.ClientCallImpl.access$300(ClientCallImpl.java:71)
	at org.apache.ratis.thirdparty.io.grpc.internal.ClientCallImpl$ClientStreamListenerImpl$1StreamClosed.runInternal(ClientCallImpl.java:735)
	at org.apache.ratis.thirdparty.io.grpc.internal.ClientCallImpl$ClientStreamListenerImpl$1StreamClosed.runInContext(ClientCallImpl.java:716)
	at org.apache.ratis.thirdparty.io.grpc.internal.ContextRunnable.run(ContextRunnable.java:37)
	at org.apache.ratis.thirdparty.io.grpc.internal.SerializingExecutor.run(SerializingExecutor.java:133)
	at java.base/java.util.concurrent.ThreadPoolExecutor.runWorker(ThreadPoolExecutor.java:1144)
	at java.base/java.util.concurrent.ThreadPoolExecutor$Worker.run(ThreadPoolExecutor.java:642)
	at java.base/java.lang.Thread.run(Thread.java:1583)
2025-04-24 14:03:01,711 [grpc-default-executor-4] INFO  server.GrpcLogAppender (GrpcLogAppender.java:onCompleted(550)) - omNode-3@group-523986131536->omNode-1-AppendLogResponseHandler: follower responses appendEntries COMPLETED
2025-04-24 14:03:01,711 [grpc-default-executor-4] WARN  server.GrpcLogAppender (GrpcLogAppender.java:resetClient(230)) - omNode-3@group-523986131536->omNode-1-GrpcLogAppender: Failed to getClient for omNode-1
org.apache.ratis.protocol.exceptions.AlreadyClosedException: omNode-3 is already CLOSED
	at org.apache.ratis.util.PeerProxyMap$PeerAndProxy.getProxy(PeerProxyMap.java:67)
	at org.apache.ratis.util.PeerProxyMap.getProxy(PeerProxyMap.java:124)
	at org.apache.ratis.grpc.server.GrpcLogAppender.getClient(GrpcLogAppender.java:200)
	at org.apache.ratis.grpc.server.GrpcLogAppender.resetClient(GrpcLogAppender.java:205)
	at org.apache.ratis.grpc.server.GrpcLogAppender.access$800(GrpcLogAppender.java:64)
	at org.apache.ratis.grpc.server.GrpcLogAppender$AppendLogResponseHandler.onCompleted(GrpcLogAppender.java:551)
	at org.apache.ratis.thirdparty.io.grpc.stub.ClientCalls$StreamObserverToCallListenerAdapter.onClose(ClientCalls.java:479)
	at org.apache.ratis.thirdparty.io.grpc.internal.ClientCallImpl.closeObserver(ClientCallImpl.java:567)
	at org.apache.ratis.thirdparty.io.grpc.internal.ClientCallImpl.access$300(ClientCallImpl.java:71)
	at org.apache.ratis.thirdparty.io.grpc.internal.ClientCallImpl$ClientStreamListenerImpl$1StreamClosed.runInternal(ClientCallImpl.java:735)
	at org.apache.ratis.thirdparty.io.grpc.internal.ClientCallImpl$ClientStreamListenerImpl$1StreamClosed.runInContext(ClientCallImpl.java:716)
	at org.apache.ratis.thirdparty.io.grpc.internal.ContextRunnable.run(ContextRunnable.java:37)
	at org.apache.ratis.thirdparty.io.grpc.internal.SerializingExecutor.run(SerializingExecutor.java:133)
	at java.base/java.util.concurrent.ThreadPoolExecutor.runWorker(ThreadPoolExecutor.java:1144)
	at java.base/java.util.concurrent.ThreadPoolExecutor$Worker.run(ThreadPoolExecutor.java:642)
	at java.base/java.lang.Thread.run(Thread.java:1583)
2025-04-24 14:03:01,710 [grpc-default-executor-3] INFO  server.GrpcServerProtocolService (GrpcServerProtocolService.java:lambda$onCompleted$5(159)) - omNode-1: Completed APPEND_ENTRIES, lastReply: serverReply {
  requestorId: "omNode-3"
  replyId: "omNode-1"
  raftGroupId {
    id: "\311\274L\364;\303<`\246kR9\206\023\0256"
  }
  callId: 116
  success: true
}
term: 5
nextIndex: 68
followerCommit: 67
matchIndex: 18446744073709551615
isHearbeat: true

2025-04-24 14:03:01,710 [grpc-default-executor-0] INFO  server.GrpcServerProtocolService (GrpcServerProtocolService.java:lambda$onCompleted$5(159)) - omNode-2: Completed APPEND_ENTRIES, lastReply: serverReply {
  requestorId: "omNode-3"
  replyId: "omNode-2"
  raftGroupId {
    id: "\311\274L\364;\303<`\246kR9\206\023\0256"
  }
  callId: 117
  success: true
}
term: 5
nextIndex: 68
followerCommit: 67
matchIndex: 18446744073709551615
isHearbeat: true

2025-04-24 14:03:01,713 [grpc-default-executor-3] INFO  server.GrpcLogAppender (GrpcLogAppender.java:onCompleted(550)) - omNode-3@group-523986131536->omNode-1-AppendLogResponseHandler: follower responses appendEntries COMPLETED
2025-04-24 14:03:01,713 [grpc-default-executor-3] WARN  server.GrpcLogAppender (GrpcLogAppender.java:resetClient(230)) - omNode-3@group-523986131536->omNode-1-GrpcLogAppender: Failed to getClient for omNode-1
org.apache.ratis.protocol.exceptions.AlreadyClosedException: omNode-3 is already CLOSED
	at org.apache.ratis.util.PeerProxyMap$PeerAndProxy.getProxy(PeerProxyMap.java:67)
	at org.apache.ratis.util.PeerProxyMap.getProxy(PeerProxyMap.java:124)
	at org.apache.ratis.grpc.server.GrpcLogAppender.getClient(GrpcLogAppender.java:200)
	at org.apache.ratis.grpc.server.GrpcLogAppender.resetClient(GrpcLogAppender.java:205)
	at org.apache.ratis.grpc.server.GrpcLogAppender.access$800(GrpcLogAppender.java:64)
	at org.apache.ratis.grpc.server.GrpcLogAppender$AppendLogResponseHandler.onCompleted(GrpcLogAppender.java:551)
	at org.apache.ratis.thirdparty.io.grpc.stub.ClientCalls$StreamObserverToCallListenerAdapter.onClose(ClientCalls.java:479)
	at org.apache.ratis.thirdparty.io.grpc.internal.DelayedClientCall$DelayedListener$3.run(DelayedClientCall.java:489)
	at org.apache.ratis.thirdparty.io.grpc.internal.DelayedClientCall$DelayedListener.delayOrExecute(DelayedClientCall.java:453)
	at org.apache.ratis.thirdparty.io.grpc.internal.DelayedClientCall$DelayedListener.onClose(DelayedClientCall.java:486)
	at org.apache.ratis.thirdparty.io.grpc.internal.ClientCallImpl.closeObserver(ClientCallImpl.java:567)
	at org.apache.ratis.thirdparty.io.grpc.internal.ClientCallImpl.access$300(ClientCallImpl.java:71)
	at org.apache.ratis.thirdparty.io.grpc.internal.ClientCallImpl$ClientStreamListenerImpl$1StreamClosed.runInternal(ClientCallImpl.java:735)
	at org.apache.ratis.thirdparty.io.grpc.internal.ClientCallImpl$ClientStreamListenerImpl$1StreamClosed.runInContext(ClientCallImpl.java:716)
	at org.apache.ratis.thirdparty.io.grpc.internal.ContextRunnable.run(ContextRunnable.java:37)
	at org.apache.ratis.thirdparty.io.grpc.internal.SerializingExecutor.run(SerializingExecutor.java:133)
	at java.base/java.util.concurrent.ThreadPoolExecutor.runWorker(ThreadPoolExecutor.java:1144)
	at java.base/java.util.concurrent.ThreadPoolExecutor$Worker.run(ThreadPoolExecutor.java:642)
	at java.base/java.lang.Thread.run(Thread.java:1583)
2025-04-24 14:03:01,713 [grpc-default-executor-4] INFO  server.GrpcLogAppender (GrpcLogAppender.java:onCompleted(550)) - omNode-3@group-523986131536->omNode-2-AppendLogResponseHandler: follower responses appendEntries COMPLETED
2025-04-24 14:03:01,713 [grpc-default-executor-4] WARN  server.GrpcLogAppender (GrpcLogAppender.java:resetClient(230)) - omNode-3@group-523986131536->omNode-2-GrpcLogAppender: Failed to getClient for omNode-2
org.apache.ratis.protocol.exceptions.AlreadyClosedException: omNode-3 is already CLOSED
	at org.apache.ratis.util.PeerProxyMap$PeerAndProxy.getProxy(PeerProxyMap.java:67)
	at org.apache.ratis.util.PeerProxyMap.getProxy(PeerProxyMap.java:124)
	at org.apache.ratis.grpc.server.GrpcLogAppender.getClient(GrpcLogAppender.java:200)
	at org.apache.ratis.grpc.server.GrpcLogAppender.resetClient(GrpcLogAppender.java:205)
	at org.apache.ratis.grpc.server.GrpcLogAppender.access$800(GrpcLogAppender.java:64)
	at org.apache.ratis.grpc.server.GrpcLogAppender$AppendLogResponseHandler.onCompleted(GrpcLogAppender.java:551)
	at org.apache.ratis.thirdparty.io.grpc.stub.ClientCalls$StreamObserverToCallListenerAdapter.onClose(ClientCalls.java:479)
	at org.apache.ratis.thirdparty.io.grpc.internal.DelayedClientCall$DelayedListener$3.run(DelayedClientCall.java:489)
	at org.apache.ratis.thirdparty.io.grpc.internal.DelayedClientCall$DelayedListener.delayOrExecute(DelayedClientCall.java:453)
	at org.apache.ratis.thirdparty.io.grpc.internal.DelayedClientCall$DelayedListener.onClose(DelayedClientCall.java:486)
	at org.apache.ratis.thirdparty.io.grpc.internal.ClientCallImpl.closeObserver(ClientCallImpl.java:567)
	at org.apache.ratis.thirdparty.io.grpc.internal.ClientCallImpl.access$300(ClientCallImpl.java:71)
	at org.apache.ratis.thirdparty.io.grpc.internal.ClientCallImpl$ClientStreamListenerImpl$1StreamClosed.runInternal(ClientCallImpl.java:735)
	at org.apache.ratis.thirdparty.io.grpc.internal.ClientCallImpl$ClientStreamListenerImpl$1StreamClosed.runInContext(ClientCallImpl.java:716)
	at org.apache.ratis.thirdparty.io.grpc.internal.ContextRunnable.run(ContextRunnable.java:37)
	at org.apache.ratis.thirdparty.io.grpc.internal.SerializingExecutor.run(SerializingExecutor.java:133)
	at java.base/java.util.concurrent.ThreadPoolExecutor.runWorker(ThreadPoolExecutor.java:1144)
	at java.base/java.util.concurrent.ThreadPoolExecutor$Worker.run(ThreadPoolExecutor.java:642)
	at java.base/java.lang.Thread.run(Thread.java:1583)
2025-04-24 14:03:01,715 [main] INFO  server.GrpcService (GrpcService.java:closeImpl(352)) - omNode-3: shutdown server GrpcServerProtocolService successfully
2025-04-24 14:03:01,730 [omNode-3@group-523986131536-StateMachineUpdater] INFO  ratis.OzoneManagerStateMachine (OzoneManagerStateMachine.java:takeSnapshotImpl(510)) - omNode-3: taking snapshot. applied = (t:5, i:67), skipped = 66, notified = (t:5, i:67), current snapshot index = (t:5, i:67), took 21 ms
2025-04-24 14:03:01,730 [omNode-3@group-523986131536-StateMachineUpdater] INFO  impl.StateMachineUpdater (StateMachineUpdater.java:takeSnapshot(303)) - omNode-3@group-523986131536-StateMachineUpdater: Took a snapshot at index 67
2025-04-24 14:03:01,730 [omNode-3@group-523986131536-StateMachineUpdater] INFO  impl.StateMachineUpdater (StateMachineUpdater.java:lambda$new$0(102)) - omNode-3@group-523986131536-StateMachineUpdater: snapshotIndex: updateIncreasingly 33 -> 67
2025-04-24 14:03:01,730 [omNode-3@group-523986131536-StateMachineUpdater] INFO  raftlog.RaftLog (RaftLogBase.java:purge(325)) - omNode-3@group-523986131536-SegmentedRaftLog: purge 67
2025-04-24 14:03:01,731 [omNode-3@group-523986131536-StateMachineUpdater] INFO  raftlog.RaftLog (RaftLogBase.java:lambda$new$0(54)) - omNode-3@group-523986131536-SegmentedRaftLog: snapshotIndex: updateIncreasingly 33 -> 67
2025-04-24 14:03:01,731 [omNode-3@group-523986131536-StateMachineUpdater] INFO  raftlog.RaftLog (SegmentedRaftLog.java:purgeImpl(382)) - omNode-3@group-523986131536-SegmentedRaftLog: purge(67)
  toTruncate: null
    toDelete: [(32, 33) isOpen? false, length=0, newEndIndex=0, (30, 31) isOpen? false, length=0, newEndIndex=0, (21, 29) isOpen? false, length=0, newEndIndex=0, (0, 20) isOpen? false, length=0, newEndIndex=0]
2025-04-24 14:03:01,731 [omNode-3@group-523986131536-StateMachineUpdater] INFO  impl.StateMachineUpdater (StateMachineUpdater.java:stop(141)) - omNode-3@group-523986131536-StateMachineUpdater: closing OzoneManagerStateMachine, lastApplied=(t:5, i:67)
2025-04-24 14:03:01,732 [omNode-3@group-523986131536-StateMachineUpdater] INFO  ratis.OzoneManagerStateMachine (OzoneManagerStateMachine.java:close(550)) - Stopping OzoneManagerStateMachine:omNode-3:group-523986131536.
2025-04-24 14:03:01,732 [omNode-3@group-523986131536-SegmentedRaftLogWorker] INFO  segmented.SegmentedRaftLogWorker (SegmentedRaftLogWorker.java:execute(481)) - omNode-3@group-523986131536-SegmentedRaftLogWorker: Purged RaftLog segment: info=(32, 33) isOpen? false, length=0, newEndIndex=0, path=/home/runner/work/ozone/ozone/hadoop-ozone/integration-test/target/test-dir/MiniOzoneClusterImpl-4e6105ad-12bc-4f18-9d37-351d73277e17/omNode-3/ratis/c9bc4cf4-3bc3-3c60-a66b-523986131536/current/log_32-33
2025-04-24 14:03:01,732 [omNode-3@group-523986131536-SegmentedRaftLogWorker] INFO  segmented.SegmentedRaftLogWorker (SegmentedRaftLogWorker.java:execute(481)) - omNode-3@group-523986131536-SegmentedRaftLogWorker: Purged RaftLog segment: info=(30, 31) isOpen? false, length=0, newEndIndex=0, path=/home/runner/work/ozone/ozone/hadoop-ozone/integration-test/target/test-dir/MiniOzoneClusterImpl-4e6105ad-12bc-4f18-9d37-351d73277e17/omNode-3/ratis/c9bc4cf4-3bc3-3c60-a66b-523986131536/current/log_30-31
2025-04-24 14:03:01,732 [omNode-3@group-523986131536-StateMachineUpdater] INFO  ratis.OzoneManagerDoubleBuffer (OzoneManagerDoubleBuffer.java:stopDaemon(500)) - Stopping OMDoubleBuffer flush thread
2025-04-24 14:03:01,732 [omNode-3@group-523986131536-SegmentedRaftLogWorker] INFO  segmented.SegmentedRaftLogWorker (SegmentedRaftLogWorker.java:execute(481)) - omNode-3@group-523986131536-SegmentedRaftLogWorker: Purged RaftLog segment: info=(21, 29) isOpen? false, length=0, newEndIndex=0, path=/home/runner/work/ozone/ozone/hadoop-ozone/integration-test/target/test-dir/MiniOzoneClusterImpl-4e6105ad-12bc-4f18-9d37-351d73277e17/omNode-3/ratis/c9bc4cf4-3bc3-3c60-a66b-523986131536/current/log_21-29
2025-04-24 14:03:01,732 [omNode-3-OMDoubleBufferFlushThread] INFO  ratis.OzoneManagerDoubleBuffer (OzoneManagerDoubleBuffer.java:canFlush(559)) - OMDoubleBuffer flush thread omNode-3-OMDoubleBufferFlushThread is interrupted and will exit.
2025-04-24 14:03:01,732 [omNode-3@group-523986131536-SegmentedRaftLogWorker] INFO  segmented.SegmentedRaftLogWorker (SegmentedRaftLogWorker.java:execute(481)) - omNode-3@group-523986131536-SegmentedRaftLogWorker: Purged RaftLog segment: info=(0, 20) isOpen? false, length=0, newEndIndex=0, path=/home/runner/work/ozone/ozone/hadoop-ozone/integration-test/target/test-dir/MiniOzoneClusterImpl-4e6105ad-12bc-4f18-9d37-351d73277e17/omNode-3/ratis/c9bc4cf4-3bc3-3c60-a66b-523986131536/current/log_0-20
2025-04-24 14:03:01,732 [omNode-3@group-523986131536-SegmentedRaftLogWorker] INFO  raftlog.RaftLog (RaftLogBase.java:lambda$new$0(54)) - omNode-3@group-523986131536-SegmentedRaftLog: purgeIndex: updateToMax old=-1, new=33, updated? true
2025-04-24 14:03:01,733 [omNode-3@group-523986131536-cacheEviction-AwaitToRun] INFO  util.AwaitToRun (AwaitToRun.java:run(49)) - omNode-3@group-523986131536-cacheEviction-AwaitToRun-AwaitForSignal is interrupted
2025-04-24 14:03:02,733 [omNode-3-impl-thread1] INFO  segmented.SegmentedRaftLogWorker (SegmentedRaftLogWorker.java:close(252)) - omNode-3@group-523986131536-SegmentedRaftLogWorker close()
2025-04-24 14:03:02,734 [JvmPauseMonitor14] INFO  util.JvmPauseMonitor (JvmPauseMonitor.java:run(152)) - JvmPauseMonitor-omNode-3: Stopped
2025-04-24 14:03:02,734 [main] INFO  utils.BackgroundService (BackgroundService.java:shutdown(161)) - Shutting down service KeyDeletingService
2025-04-24 14:03:02,734 [main] INFO  utils.BackgroundService (BackgroundService.java:shutdown(161)) - Shutting down service DirectoryDeletingService
2025-04-24 14:03:02,736 [main] INFO  utils.BackgroundService (BackgroundService.java:shutdown(161)) - Shutting down service OpenKeyCleanupService
2025-04-24 14:03:02,736 [main] INFO  utils.BackgroundService (BackgroundService.java:shutdown(161)) - Shutting down service SstFilteringService
2025-04-24 14:03:02,736 [main] INFO  utils.BackgroundService (BackgroundService.java:shutdown(161)) - Shutting down service SnapshotDeletingService
2025-04-24 14:03:02,737 [main] INFO  utils.BackgroundService (BackgroundService.java:shutdown(161)) - Shutting down service MultipartUploadCleanupService
2025-04-24 14:03:02,737 [main] INFO  handler.ContextHandler (ContextHandler.java:doStop(1159)) - Stopped o.e.j.w.WebAppContext@65962163{ozoneManager,/,null,STOPPED}{file:/home/runner/work/ozone/ozone/hadoop-ozone/integration-test/target/test-classes/webapps/ozoneManager}
2025-04-24 14:03:02,738 [main] INFO  server.AbstractConnector (AbstractConnector.java:doStop(383)) - Stopped ServerConnector@55d811da{HTTP/1.1, (http/1.1)}{0.0.0.0:15015}
2025-04-24 14:03:02,738 [main] INFO  server.session (HouseKeeper.java:stopScavenging(149)) - node0 Stopped scavenging
2025-04-24 14:03:02,738 [main] INFO  handler.ContextHandler (ContextHandler.java:doStop(1159)) - Stopped o.e.j.s.ServletContextHandler@76f518a9{static,/static,file:///home/runner/work/ozone/ozone/hadoop-ozone/integration-test/target/test-classes/webapps/static,STOPPED}
2025-04-24 14:03:02,739 [main] INFO  handler.ContextHandler (ContextHandler.java:doStop(1159)) - Stopped o.e.j.s.ServletContextHandler@705fd0f8{logs,/logs,file:///home/runner/work/ozone/ozone/hadoop-ozone/integration-test/target/log,STOPPED}
2025-04-24 14:03:02,740 [main] INFO  rocksdiff.RocksDBCheckpointDiffer (RocksDBCheckpointDiffer.java:close(304)) - Shutting down CompactionDagPruningService.
2025-04-24 14:03:02,742 [main] INFO  snapshot.SnapshotDiffManager (SnapshotDiffManager.java:closeExecutorService(1698)) - Shutting down executorService: 'SnapDiffExecutor'
2025-04-24 14:03:02,742 [main] INFO  utils.BackgroundService (BackgroundService.java:shutdown(161)) - Shutting down service SnapshotDiffCleanupService
2025-04-24 14:03:02,743 [main] INFO  om.OzoneManager (OzoneManager.java:stop(2347)) - omNode-1[localhost:15006]: Stopping Ozone Manager
2025-04-24 14:03:02,743 [main] INFO  ipc.Server (Server.java:stop(3697)) - Stopping server on 15006
2025-04-24 14:03:02,745 [IPC Server listener on 15006] INFO  ipc.Server (Server.java:run(1585)) - Stopping IPC Server listener on 15006
2025-04-24 14:03:02,745 [IPC Server Responder] INFO  ipc.Server (Server.java:run(1718)) - Stopping IPC Server Responder
2025-04-24 14:03:02,745 [main] INFO  ratis.OzoneManagerRatisServer (OzoneManagerRatisServer.java:stop(634)) - Stopping org.apache.hadoop.ozone.om.ratis.OzoneManagerRatisServer@28abd6d7 at port 15009
2025-04-24 14:03:02,745 [main] INFO  server.RaftServer (RaftServerProxy.java:lambda$close$9(417)) - omNode-1: close
2025-04-24 14:03:02,746 [main] INFO  server.GrpcService (GrpcService.java:closeImpl(343)) - omNode-1: shutdown server GrpcServerProtocolService now
2025-04-24 14:03:02,746 [omNode-1-impl-thread1] INFO  server.RaftServer$Division (RaftServerImpl.java:lambda$close$1(513)) - omNode-1@group-523986131536: shutdown
2025-04-24 14:03:02,746 [omNode-1-impl-thread1] INFO  util.JmxRegister (JmxRegister.java:unregister(74)) - Successfully un-registered JMX Bean with object name Ratis:service=RaftServer,group=group-523986131536,id=omNode-1
2025-04-24 14:03:02,746 [omNode-1-impl-thread1] INFO  impl.RoleInfo (RoleInfo.java:shutdownFollowerState(121)) - omNode-1: shutdown omNode-1@group-523986131536-FollowerState
2025-04-24 14:03:02,746 [omNode-1-impl-thread1] INFO  impl.StateMachineUpdater (StateMachineUpdater.java:stopAndJoin(164)) - omNode-1@group-523986131536-StateMachineUpdater: set stopIndex = 67
2025-04-24 14:03:02,746 [omNode-1@group-523986131536-FollowerState] INFO  impl.FollowerState (FollowerState.java:runImpl(170)) - omNode-1@group-523986131536-FollowerState was interrupted
2025-04-24 14:03:02,747 [main] INFO  server.GrpcService (GrpcService.java:closeImpl(352)) - omNode-1: shutdown server GrpcServerProtocolService successfully
2025-04-24 14:03:02,764 [omNode-1@group-523986131536-StateMachineUpdater] INFO  ratis.OzoneManagerStateMachine (OzoneManagerStateMachine.java:takeSnapshotImpl(510)) - omNode-1: taking snapshot. applied = (t:5, i:67), skipped = 66, notified = (t:5, i:67), current snapshot index = (t:5, i:67), took 17 ms
2025-04-24 14:03:02,764 [omNode-1@group-523986131536-StateMachineUpdater] INFO  impl.StateMachineUpdater (StateMachineUpdater.java:takeSnapshot(303)) - omNode-1@group-523986131536-StateMachineUpdater: Took a snapshot at index 67
2025-04-24 14:03:02,764 [omNode-1@group-523986131536-StateMachineUpdater] INFO  impl.StateMachineUpdater (StateMachineUpdater.java:lambda$new$0(102)) - omNode-1@group-523986131536-StateMachineUpdater: snapshotIndex: updateIncreasingly 32 -> 67
2025-04-24 14:03:02,764 [omNode-1@group-523986131536-StateMachineUpdater] INFO  raftlog.RaftLog (RaftLogBase.java:purge(325)) - omNode-1@group-523986131536-SegmentedRaftLog: purge 67
2025-04-24 14:03:02,764 [omNode-1@group-523986131536-StateMachineUpdater] INFO  raftlog.RaftLog (RaftLogBase.java:lambda$new$0(54)) - omNode-1@group-523986131536-SegmentedRaftLog: snapshotIndex: updateIncreasingly 32 -> 67
2025-04-24 14:03:02,764 [omNode-1@group-523986131536-StateMachineUpdater] INFO  raftlog.RaftLog (SegmentedRaftLog.java:purgeImpl(382)) - omNode-1@group-523986131536-SegmentedRaftLog: purge(67)
  toTruncate: null
    toDelete: [(32, 33) isOpen? false, length=0, newEndIndex=0, (30, 31) isOpen? false, length=0, newEndIndex=0, (21, 29) isOpen? false, length=0, newEndIndex=0, (0, 20) isOpen? false, length=0, newEndIndex=0]
2025-04-24 14:03:02,764 [omNode-1@group-523986131536-StateMachineUpdater] INFO  impl.StateMachineUpdater (StateMachineUpdater.java:stop(141)) - omNode-1@group-523986131536-StateMachineUpdater: closing OzoneManagerStateMachine, lastApplied=(t:5, i:67)
2025-04-24 14:03:02,764 [omNode-1@group-523986131536-StateMachineUpdater] INFO  ratis.OzoneManagerStateMachine (OzoneManagerStateMachine.java:close(550)) - Stopping OzoneManagerStateMachine:omNode-1:group-523986131536.
2025-04-24 14:03:02,764 [omNode-1@group-523986131536-StateMachineUpdater] INFO  ratis.OzoneManagerDoubleBuffer (OzoneManagerDoubleBuffer.java:stopDaemon(500)) - Stopping OMDoubleBuffer flush thread
2025-04-24 14:03:02,764 [omNode-1-OMDoubleBufferFlushThread] INFO  ratis.OzoneManagerDoubleBuffer (OzoneManagerDoubleBuffer.java:canFlush(559)) - OMDoubleBuffer flush thread omNode-1-OMDoubleBufferFlushThread is interrupted and will exit.
2025-04-24 14:03:02,764 [omNode-1@group-523986131536-SegmentedRaftLogWorker] INFO  segmented.SegmentedRaftLogWorker (SegmentedRaftLogWorker.java:execute(481)) - omNode-1@group-523986131536-SegmentedRaftLogWorker: Purged RaftLog segment: info=(32, 33) isOpen? false, length=0, newEndIndex=0, path=/home/runner/work/ozone/ozone/hadoop-ozone/integration-test/target/test-dir/MiniOzoneClusterImpl-4e6105ad-12bc-4f18-9d37-351d73277e17/omNode-1/ratis/c9bc4cf4-3bc3-3c60-a66b-523986131536/current/log_32-33
2025-04-24 14:03:02,764 [omNode-1@group-523986131536-SegmentedRaftLogWorker] INFO  segmented.SegmentedRaftLogWorker (SegmentedRaftLogWorker.java:execute(481)) - omNode-1@group-523986131536-SegmentedRaftLogWorker: Purged RaftLog segment: info=(30, 31) isOpen? false, length=0, newEndIndex=0, path=/home/runner/work/ozone/ozone/hadoop-ozone/integration-test/target/test-dir/MiniOzoneClusterImpl-4e6105ad-12bc-4f18-9d37-351d73277e17/omNode-1/ratis/c9bc4cf4-3bc3-3c60-a66b-523986131536/current/log_30-31
2025-04-24 14:03:02,764 [omNode-1@group-523986131536-SegmentedRaftLogWorker] INFO  segmented.SegmentedRaftLogWorker (SegmentedRaftLogWorker.java:execute(481)) - omNode-1@group-523986131536-SegmentedRaftLogWorker: Purged RaftLog segment: info=(21, 29) isOpen? false, length=0, newEndIndex=0, path=/home/runner/work/ozone/ozone/hadoop-ozone/integration-test/target/test-dir/MiniOzoneClusterImpl-4e6105ad-12bc-4f18-9d37-351d73277e17/omNode-1/ratis/c9bc4cf4-3bc3-3c60-a66b-523986131536/current/log_21-29
2025-04-24 14:03:02,765 [omNode-1@group-523986131536-SegmentedRaftLogWorker] INFO  segmented.SegmentedRaftLogWorker (SegmentedRaftLogWorker.java:execute(481)) - omNode-1@group-523986131536-SegmentedRaftLogWorker: Purged RaftLog segment: info=(0, 20) isOpen? false, length=0, newEndIndex=0, path=/home/runner/work/ozone/ozone/hadoop-ozone/integration-test/target/test-dir/MiniOzoneClusterImpl-4e6105ad-12bc-4f18-9d37-351d73277e17/omNode-1/ratis/c9bc4cf4-3bc3-3c60-a66b-523986131536/current/log_0-20
2025-04-24 14:03:02,765 [omNode-1@group-523986131536-cacheEviction-AwaitToRun] INFO  util.AwaitToRun (AwaitToRun.java:run(49)) - omNode-1@group-523986131536-cacheEviction-AwaitToRun-AwaitForSignal is interrupted
2025-04-24 14:03:02,765 [omNode-1@group-523986131536-SegmentedRaftLogWorker] INFO  raftlog.RaftLog (RaftLogBase.java:lambda$new$0(54)) - omNode-1@group-523986131536-SegmentedRaftLog: purgeIndex: updateToMax old=-1, new=33, updated? true
2025-04-24 14:03:02,766 [omNode-1-impl-thread1] INFO  segmented.SegmentedRaftLogWorker (SegmentedRaftLogWorker.java:close(252)) - omNode-1@group-523986131536-SegmentedRaftLogWorker close()
2025-04-24 14:03:02,766 [JvmPauseMonitor15] INFO  util.JvmPauseMonitor (JvmPauseMonitor.java:run(152)) - JvmPauseMonitor-omNode-1: Stopped
2025-04-24 14:03:02,766 [main] INFO  utils.BackgroundService (BackgroundService.java:shutdown(161)) - Shutting down service KeyDeletingService
2025-04-24 14:03:02,767 [main] INFO  utils.BackgroundService (BackgroundService.java:shutdown(161)) - Shutting down service DirectoryDeletingService
2025-04-24 14:03:02,767 [main] INFO  utils.BackgroundService (BackgroundService.java:shutdown(161)) - Shutting down service OpenKeyCleanupService
2025-04-24 14:03:02,768 [main] INFO  utils.BackgroundService (BackgroundService.java:shutdown(161)) - Shutting down service SstFilteringService
2025-04-24 14:03:02,768 [main] INFO  utils.BackgroundService (BackgroundService.java:shutdown(161)) - Shutting down service SnapshotDeletingService
2025-04-24 14:03:02,768 [main] INFO  utils.BackgroundService (BackgroundService.java:shutdown(161)) - Shutting down service MultipartUploadCleanupService
2025-04-24 14:03:02,769 [main] INFO  handler.ContextHandler (ContextHandler.java:doStop(1159)) - Stopped o.e.j.w.WebAppContext@5ba58280{ozoneManager,/,null,STOPPED}{file:/home/runner/work/ozone/ozone/hadoop-ozone/integration-test/target/test-classes/webapps/ozoneManager}
2025-04-24 14:03:02,769 [main] INFO  server.AbstractConnector (AbstractConnector.java:doStop(383)) - Stopped ServerConnector@7d1db98e{HTTP/1.1, (http/1.1)}{0.0.0.0:15007}
2025-04-24 14:03:02,770 [main] INFO  server.session (HouseKeeper.java:stopScavenging(149)) - node0 Stopped scavenging
2025-04-24 14:03:02,770 [main] INFO  handler.ContextHandler (ContextHandler.java:doStop(1159)) - Stopped o.e.j.s.ServletContextHandler@1977615b{static,/static,file:///home/runner/work/ozone/ozone/hadoop-ozone/integration-test/target/test-classes/webapps/static,STOPPED}
2025-04-24 14:03:02,770 [main] INFO  handler.ContextHandler (ContextHandler.java:doStop(1159)) - Stopped o.e.j.s.ServletContextHandler@5854536a{logs,/logs,file:///home/runner/work/ozone/ozone/hadoop-ozone/integration-test/target/log,STOPPED}
2025-04-24 14:03:02,771 [main] INFO  rocksdiff.RocksDBCheckpointDiffer (RocksDBCheckpointDiffer.java:close(304)) - Shutting down CompactionDagPruningService.
2025-04-24 14:03:02,772 [main] INFO  snapshot.SnapshotDiffManager (SnapshotDiffManager.java:closeExecutorService(1698)) - Shutting down executorService: 'SnapDiffExecutor'
2025-04-24 14:03:02,772 [main] INFO  utils.BackgroundService (BackgroundService.java:shutdown(161)) - Shutting down service SnapshotDiffCleanupService
2025-04-24 14:03:02,773 [main] INFO  om.OzoneManager (OzoneManager.java:stop(2347)) - omNode-2[localhost:15010]: Stopping Ozone Manager
2025-04-24 14:03:02,773 [main] INFO  ipc.Server (Server.java:stop(3697)) - Stopping server on 15010
2025-04-24 14:03:02,774 [IPC Server listener on 15010] INFO  ipc.Server (Server.java:run(1585)) - Stopping IPC Server listener on 15010
2025-04-24 14:03:02,774 [IPC Server Responder] INFO  ipc.Server (Server.java:run(1718)) - Stopping IPC Server Responder
2025-04-24 14:03:02,775 [main] INFO  ratis.OzoneManagerRatisServer (OzoneManagerRatisServer.java:stop(634)) - Stopping org.apache.hadoop.ozone.om.ratis.OzoneManagerRatisServer@6507714 at port 15013
2025-04-24 14:03:02,775 [main] INFO  server.RaftServer (RaftServerProxy.java:lambda$close$9(417)) - omNode-2: close
2025-04-24 14:03:02,775 [omNode-2-impl-thread1] INFO  server.RaftServer$Division (RaftServerImpl.java:lambda$close$1(513)) - omNode-2@group-523986131536: shutdown
2025-04-24 14:03:02,775 [omNode-2-impl-thread1] INFO  util.JmxRegister (JmxRegister.java:unregister(74)) - Successfully un-registered JMX Bean with object name Ratis:service=RaftServer,group=group-523986131536,id=omNode-2
2025-04-24 14:03:02,775 [omNode-2-impl-thread1] INFO  impl.RoleInfo (RoleInfo.java:shutdownFollowerState(121)) - omNode-2: shutdown omNode-2@group-523986131536-FollowerState
2025-04-24 14:03:02,775 [omNode-2-impl-thread1] INFO  impl.StateMachineUpdater (StateMachineUpdater.java:stopAndJoin(164)) - omNode-2@group-523986131536-StateMachineUpdater: set stopIndex = 67
2025-04-24 14:03:02,775 [omNode-2@group-523986131536-FollowerState] INFO  impl.FollowerState (FollowerState.java:runImpl(170)) - omNode-2@group-523986131536-FollowerState was interrupted
2025-04-24 14:03:02,775 [main] INFO  server.GrpcService (GrpcService.java:closeImpl(343)) - omNode-2: shutdown server GrpcServerProtocolService now
2025-04-24 14:03:02,777 [main] INFO  server.GrpcService (GrpcService.java:closeImpl(352)) - omNode-2: shutdown server GrpcServerProtocolService successfully
2025-04-24 14:03:02,793 [omNode-2@group-523986131536-StateMachineUpdater] INFO  ratis.OzoneManagerStateMachine (OzoneManagerStateMachine.java:takeSnapshotImpl(510)) - omNode-2: taking snapshot. applied = (t:5, i:67), skipped = 66, notified = (t:5, i:67), current snapshot index = (t:5, i:67), took 17 ms
2025-04-24 14:03:02,793 [omNode-2@group-523986131536-StateMachineUpdater] INFO  impl.StateMachineUpdater (StateMachineUpdater.java:takeSnapshot(303)) - omNode-2@group-523986131536-StateMachineUpdater: Took a snapshot at index 67
2025-04-24 14:03:02,793 [omNode-2@group-523986131536-StateMachineUpdater] INFO  impl.StateMachineUpdater (StateMachineUpdater.java:lambda$new$0(102)) - omNode-2@group-523986131536-StateMachineUpdater: snapshotIndex: updateIncreasingly 32 -> 67
2025-04-24 14:03:02,793 [omNode-2@group-523986131536-StateMachineUpdater] INFO  raftlog.RaftLog (RaftLogBase.java:purge(325)) - omNode-2@group-523986131536-SegmentedRaftLog: purge 67
2025-04-24 14:03:02,793 [omNode-2@group-523986131536-StateMachineUpdater] INFO  raftlog.RaftLog (RaftLogBase.java:lambda$new$0(54)) - omNode-2@group-523986131536-SegmentedRaftLog: snapshotIndex: updateIncreasingly 32 -> 67
2025-04-24 14:03:02,793 [omNode-2@group-523986131536-StateMachineUpdater] INFO  raftlog.RaftLog (SegmentedRaftLog.java:purgeImpl(382)) - omNode-2@group-523986131536-SegmentedRaftLog: purge(67)
  toTruncate: null
    toDelete: [(32, 33) isOpen? false, length=0, newEndIndex=0, (30, 31) isOpen? false, length=0, newEndIndex=0, (21, 29) isOpen? false, length=0, newEndIndex=0, (0, 20) isOpen? false, length=0, newEndIndex=0]
2025-04-24 14:03:02,793 [omNode-2@group-523986131536-StateMachineUpdater] INFO  impl.StateMachineUpdater (StateMachineUpdater.java:stop(141)) - omNode-2@group-523986131536-StateMachineUpdater: closing OzoneManagerStateMachine, lastApplied=(t:5, i:67)
2025-04-24 14:03:02,793 [omNode-2@group-523986131536-StateMachineUpdater] INFO  ratis.OzoneManagerStateMachine (OzoneManagerStateMachine.java:close(550)) - Stopping OzoneManagerStateMachine:omNode-2:group-523986131536.
2025-04-24 14:03:02,793 [omNode-2@group-523986131536-StateMachineUpdater] INFO  ratis.OzoneManagerDoubleBuffer (OzoneManagerDoubleBuffer.java:stopDaemon(500)) - Stopping OMDoubleBuffer flush thread
2025-04-24 14:03:02,793 [omNode-2-OMDoubleBufferFlushThread] INFO  ratis.OzoneManagerDoubleBuffer (OzoneManagerDoubleBuffer.java:canFlush(559)) - OMDoubleBuffer flush thread omNode-2-OMDoubleBufferFlushThread is interrupted and will exit.
2025-04-24 14:03:02,793 [omNode-2@group-523986131536-SegmentedRaftLogWorker] INFO  segmented.SegmentedRaftLogWorker (SegmentedRaftLogWorker.java:execute(481)) - omNode-2@group-523986131536-SegmentedRaftLogWorker: Purged RaftLog segment: info=(32, 33) isOpen? false, length=0, newEndIndex=0, path=/home/runner/work/ozone/ozone/hadoop-ozone/integration-test/target/test-dir/MiniOzoneClusterImpl-4e6105ad-12bc-4f18-9d37-351d73277e17/omNode-2/ratis/c9bc4cf4-3bc3-3c60-a66b-523986131536/current/log_32-33
2025-04-24 14:03:02,794 [omNode-2@group-523986131536-SegmentedRaftLogWorker] INFO  segmented.SegmentedRaftLogWorker (SegmentedRaftLogWorker.java:execute(481)) - omNode-2@group-523986131536-SegmentedRaftLogWorker: Purged RaftLog segment: info=(30, 31) isOpen? false, length=0, newEndIndex=0, path=/home/runner/work/ozone/ozone/hadoop-ozone/integration-test/target/test-dir/MiniOzoneClusterImpl-4e6105ad-12bc-4f18-9d37-351d73277e17/omNode-2/ratis/c9bc4cf4-3bc3-3c60-a66b-523986131536/current/log_30-31
2025-04-24 14:03:02,794 [omNode-2@group-523986131536-SegmentedRaftLogWorker] INFO  segmented.SegmentedRaftLogWorker (SegmentedRaftLogWorker.java:execute(481)) - omNode-2@group-523986131536-SegmentedRaftLogWorker: Purged RaftLog segment: info=(21, 29) isOpen? false, length=0, newEndIndex=0, path=/home/runner/work/ozone/ozone/hadoop-ozone/integration-test/target/test-dir/MiniOzoneClusterImpl-4e6105ad-12bc-4f18-9d37-351d73277e17/omNode-2/ratis/c9bc4cf4-3bc3-3c60-a66b-523986131536/current/log_21-29
2025-04-24 14:03:02,794 [omNode-2@group-523986131536-cacheEviction-AwaitToRun] INFO  util.AwaitToRun (AwaitToRun.java:run(49)) - omNode-2@group-523986131536-cacheEviction-AwaitToRun-AwaitForSignal is interrupted
2025-04-24 14:03:02,794 [omNode-2@group-523986131536-SegmentedRaftLogWorker] INFO  segmented.SegmentedRaftLogWorker (SegmentedRaftLogWorker.java:execute(481)) - omNode-2@group-523986131536-SegmentedRaftLogWorker: Purged RaftLog segment: info=(0, 20) isOpen? false, length=0, newEndIndex=0, path=/home/runner/work/ozone/ozone/hadoop-ozone/integration-test/target/test-dir/MiniOzoneClusterImpl-4e6105ad-12bc-4f18-9d37-351d73277e17/omNode-2/ratis/c9bc4cf4-3bc3-3c60-a66b-523986131536/current/log_0-20
2025-04-24 14:03:02,794 [omNode-2@group-523986131536-SegmentedRaftLogWorker] INFO  raftlog.RaftLog (RaftLogBase.java:lambda$new$0(54)) - omNode-2@group-523986131536-SegmentedRaftLog: purgeIndex: updateToMax old=-1, new=33, updated? true
2025-04-24 14:03:02,796 [omNode-2-impl-thread1] INFO  segmented.SegmentedRaftLogWorker (SegmentedRaftLogWorker.java:close(252)) - omNode-2@group-523986131536-SegmentedRaftLogWorker close()
2025-04-24 14:03:02,796 [JvmPauseMonitor16] INFO  util.JvmPauseMonitor (JvmPauseMonitor.java:run(152)) - JvmPauseMonitor-omNode-2: Stopped
2025-04-24 14:03:02,796 [main] INFO  utils.BackgroundService (BackgroundService.java:shutdown(161)) - Shutting down service KeyDeletingService
2025-04-24 14:03:02,797 [main] INFO  utils.BackgroundService (BackgroundService.java:shutdown(161)) - Shutting down service DirectoryDeletingService
2025-04-24 14:03:02,798 [main] INFO  utils.BackgroundService (BackgroundService.java:shutdown(161)) - Shutting down service OpenKeyCleanupService
2025-04-24 14:03:02,798 [main] INFO  utils.BackgroundService (BackgroundService.java:shutdown(161)) - Shutting down service SstFilteringService
2025-04-24 14:03:02,798 [main] INFO  utils.BackgroundService (BackgroundService.java:shutdown(161)) - Shutting down service SnapshotDeletingService
2025-04-24 14:03:02,798 [main] INFO  utils.BackgroundService (BackgroundService.java:shutdown(161)) - Shutting down service MultipartUploadCleanupService
2025-04-24 14:03:02,799 [main] INFO  handler.ContextHandler (ContextHandler.java:doStop(1159)) - Stopped o.e.j.w.WebAppContext@4070bcb{ozoneManager,/,null,STOPPED}{file:/home/runner/work/ozone/ozone/hadoop-ozone/integration-test/target/test-classes/webapps/ozoneManager}
2025-04-24 14:03:02,799 [main] INFO  server.AbstractConnector (AbstractConnector.java:doStop(383)) - Stopped ServerConnector@53b4bdda{HTTP/1.1, (http/1.1)}{0.0.0.0:15011}
2025-04-24 14:03:02,800 [main] INFO  server.session (HouseKeeper.java:stopScavenging(149)) - node0 Stopped scavenging
2025-04-24 14:03:02,800 [main] INFO  handler.ContextHandler (ContextHandler.java:doStop(1159)) - Stopped o.e.j.s.ServletContextHandler@53200646{static,/static,file:///home/runner/work/ozone/ozone/hadoop-ozone/integration-test/target/test-classes/webapps/static,STOPPED}
2025-04-24 14:03:02,800 [main] INFO  handler.ContextHandler (ContextHandler.java:doStop(1159)) - Stopped o.e.j.s.ServletContextHandler@7b787f24{logs,/logs,file:///home/runner/work/ozone/ozone/hadoop-ozone/integration-test/target/log,STOPPED}
2025-04-24 14:03:02,800 [main] INFO  rocksdiff.RocksDBCheckpointDiffer (RocksDBCheckpointDiffer.java:close(304)) - Shutting down CompactionDagPruningService.
2025-04-24 14:03:02,802 [main] INFO  snapshot.SnapshotDiffManager (SnapshotDiffManager.java:closeExecutorService(1698)) - Shutting down executorService: 'SnapDiffExecutor'
2025-04-24 14:03:02,802 [main] INFO  utils.BackgroundService (BackgroundService.java:shutdown(161)) - Shutting down service SnapshotDiffCleanupService
2025-04-24 14:03:02,803 [main] INFO  om.OzoneManager (OzoneManager.java:restart(1878)) - OzoneManager RPC server is listening at localhost/127.0.0.1:15014
2025-04-24 14:03:02,803 [main] INFO  impl.MetricsSystemImpl (MetricsSystemImpl.java:init(158)) - OzoneManager metrics system started (again)
2025-04-24 14:03:02,814 [main] WARN  server.ServerUtils (ServerUtils.java:getDBPath(297)) - ozone.om.db.dirs is not configured. We recommend adding this setting. Falling back to ozone.metadata.dirs instead.
2025-04-24 14:03:02,859 [main] INFO  om.OzoneManager (OzoneManager.java:instantiateServices(933)) - S3 Multi-Tenancy is disabled
2025-04-24 14:03:02,859 [main] INFO  om.OmSnapshotManager (OmSnapshotManager.java:<init>(180)) - Ozone filesystem snapshot feature is enabled.
2025-04-24 14:03:02,859 [main] WARN  server.ServerUtils (ServerUtils.java:getDBPath(297)) - ozone.om.snapshot.diff.db.dir is not configured. We recommend adding this setting. Falling back to ozone.metadata.dirs instead.
2025-04-24 14:03:02,874 [main] WARN  server.ServerUtils (ServerUtils.java:getDefaultRatisDirectory(309)) - Storage directory for Ratis is not configured. It is a good idea to map this to an SSD disk. Falling back to ozone.metadata.dirs
2025-04-24 14:03:02,875 [main] INFO  server.RaftServerConfigKeys (ConfUtils.java:logGet(46)) - raft.server.log.appender.buffer.byte-limit = 4194304 (custom)
2025-04-24 14:03:02,876 [main] INFO  ratis.OzoneManagerRatisServer (OzoneManagerRatisServer.java:<init>(167)) - Instantiating OM Ratis server with groupID: om-service-test1 and peers: localhost:15017, localhost:15009, localhost:15013
2025-04-24 14:03:02,876 [main] INFO  ratis.OzoneManagerStateMachine (OzoneManagerStateMachine.java:loadSnapshotInfoFromDB(611)) - LastAppliedIndex is set from TransactionInfo from OM DB as (t:5, i:67)
2025-04-24 14:03:02,876 [main] INFO  server.RaftServer (ConfUtils.java:logGet(46)) - raft.rpc.type = GRPC (default)
2025-04-24 14:03:02,876 [main] INFO  grpc.GrpcConfigKeys (ConfUtils.java:logFallback(53)) - raft.grpc.admin.host = null (fallback to raft.grpc.server.host)
2025-04-24 14:03:02,877 [main] INFO  grpc.GrpcConfigKeys (ConfUtils.java:logFallback(53)) - raft.grpc.admin.port = 15017 (fallback to raft.grpc.server.port)
2025-04-24 14:03:02,877 [main] INFO  grpc.GrpcConfigKeys (ConfUtils.java:logFallback(53)) - raft.grpc.client.host = null (fallback to raft.grpc.server.host)
2025-04-24 14:03:02,877 [main] INFO  grpc.GrpcConfigKeys (ConfUtils.java:logFallback(53)) - raft.grpc.client.port = 15017 (fallback to raft.grpc.server.port)
2025-04-24 14:03:02,877 [main] INFO  grpc.GrpcConfigKeys (ConfUtils.java:logGet(46)) - raft.grpc.server.host = null (default)
2025-04-24 14:03:02,877 [main] INFO  grpc.GrpcConfigKeys (ConfUtils.java:logGet(46)) - raft.grpc.server.port = 15017 (custom)
2025-04-24 14:03:02,877 [main] INFO  server.GrpcService (ConfUtils.java:logGet(46)) - raft.grpc.message.size.max = 5242880 (custom)
2025-04-24 14:03:02,877 [main] INFO  server.GrpcService (ConfUtils.java:logGet(46)) - raft.grpc.flow.control.window = 1MB (=1048576) (default)
2025-04-24 14:03:02,877 [main] INFO  server.RaftServerConfigKeys (ConfUtils.java:logGet(46)) - raft.server.rpc.request.timeout = 3000ms (default)
2025-04-24 14:03:02,877 [main] INFO  grpc.GrpcConfigKeys (ConfUtils.java:logGet(46)) - raft.grpc.server.heartbeat.channel = true (default)
2025-04-24 14:03:02,877 [main] INFO  server.RaftServerConfigKeys (ConfUtils.java:logGet(46)) - raft.server.log.appender.buffer.byte-limit = 4194304 (custom)
2025-04-24 14:03:02,877 [main] INFO  grpc.GrpcConfigKeys (ConfUtils.java:logGet(46)) - raft.grpc.server.async.request.thread.pool.cached = true (default)
2025-04-24 14:03:02,877 [main] INFO  grpc.GrpcConfigKeys (ConfUtils.java:logGet(46)) - raft.grpc.server.async.request.thread.pool.size = 32 (default)
2025-04-24 14:03:02,878 [main] INFO  impl.DataStreamServerImpl (ConfUtils.java:logGet(46)) - raft.datastream.type = DISABLED (default)
2025-04-24 14:03:02,878 [main] INFO  server.RaftServerConfigKeys (ConfUtils.java:logGet(46)) - raft.server.sleep.deviation.threshold = 300ms (default)
2025-04-24 14:03:02,878 [main] INFO  server.RaftServerConfigKeys (ConfUtils.java:logGet(46)) - raft.server.close.threshold = 60s (default)
2025-04-24 14:03:02,879 [main] INFO  server.RaftServerConfigKeys (ConfUtils.java:logGet(46)) - raft.server.leaderelection.leader.step-down.wait-time = 10s (default)
2025-04-24 14:03:02,879 [main] INFO  server.RaftServerConfigKeys (ConfUtils.java:logGet(46)) - raft.server.storage.dir = [/home/runner/work/ozone/ozone/hadoop-ozone/integration-test/target/test-dir/MiniOzoneClusterImpl-4e6105ad-12bc-4f18-9d37-351d73277e17/omNode-3/ratis] (custom)
2025-04-24 14:03:02,879 [main] INFO  server.RaftServerConfigKeys (ConfUtils.java:logGet(46)) - raft.server.threadpool.proxy.cached = true (default)
2025-04-24 14:03:02,879 [main] INFO  server.RaftServerConfigKeys (ConfUtils.java:logGet(46)) - raft.server.threadpool.proxy.size = 0 (default)
2025-04-24 14:03:02,879 [omNode-3-impl-thread1] INFO  server.RaftServer (RaftServerProxy.java:initGroupDir(265)) - omNode-3: found a subdirectory /home/runner/work/ozone/ozone/hadoop-ozone/integration-test/target/test-dir/MiniOzoneClusterImpl-4e6105ad-12bc-4f18-9d37-351d73277e17/omNode-3/ratis/c9bc4cf4-3bc3-3c60-a66b-523986131536
2025-04-24 14:03:02,879 [main] INFO  server.RaftServer (RaftServerProxy.java:addNew(100)) - omNode-3: addNew group-523986131536:[omNode-3|localhost:15017, omNode-1|localhost:15009, omNode-2|localhost:15013] returns group-523986131536:java.util.concurrent.CompletableFuture@29b1a524[Not completed]
2025-04-24 14:03:02,880 [omNode-3-groupManagement] INFO  server.RaftServer$Division (RaftServerImpl.java:<init>(255)) - omNode-3: new RaftServerImpl for group-523986131536:[omNode-3|localhost:15017, omNode-1|localhost:15009, omNode-2|localhost:15013] with OzoneManagerStateMachine:uninitialized
2025-04-24 14:03:02,880 [main] INFO  om.OzoneManager (OzoneManager.java:initializeRatisServer(2303)) - OzoneManager Ratis server initialized at port 15017
2025-04-24 14:03:02,880 [main] INFO  ratis.OzoneManagerRatisServer (OzoneManagerRatisServer.java:start(628)) - Starting OzoneManagerRatisServer omNode-3 at port 15017
2025-04-24 14:03:02,880 [omNode-3-groupManagement] INFO  server.RaftServerConfigKeys (ConfUtils.java:logGet(46)) - raft.server.rpc.timeout.min = 1s (custom)
2025-04-24 14:03:02,880 [omNode-3-groupManagement] INFO  server.RaftServerConfigKeys (ConfUtils.java:logGet(46)) - raft.server.rpc.timeout.max = 1200ms (custom)
2025-04-24 14:03:02,880 [omNode-3-groupManagement] INFO  server.RaftServerConfigKeys (ConfUtils.java:logGet(46)) - raft.server.rpc.sleep.time = 25ms (default)
2025-04-24 14:03:02,880 [omNode-3-groupManagement] INFO  server.RaftServerConfigKeys (ConfUtils.java:logGet(46)) - raft.server.rpc.slowness.timeout = 2s (custom)
2025-04-24 14:03:02,880 [omNode-3-groupManagement] INFO  server.RaftServerConfigKeys (ConfUtils.java:logGet(46)) - raft.server.leaderelection.leader.step-down.wait-time = 10s (default)
2025-04-24 14:03:02,880 [omNode-3-groupManagement] INFO  server.RaftServerConfigKeys (ConfUtils.java:logGet(46)) - raft.server.leaderelection.member.majority-add = false (default)
2025-04-24 14:03:02,880 [omNode-3-groupManagement] INFO  server.RaftServerConfigKeys (ConfUtils.java:logGet(46)) - raft.server.sleep.deviation.threshold = 300ms (default)
2025-04-24 14:03:02,880 [omNode-3-groupManagement] INFO  server.RaftServer$Division (ServerState.java:<init>(114)) - omNode-3@group-523986131536: ConfigurationManager, init=conf: {index: -1, cur=peers:[omNode-3|localhost:15017, omNode-1|localhost:15009, omNode-2|localhost:15013]|listeners:[], old=null}, confs=<EMPTY_MAP>
2025-04-24 14:03:02,880 [omNode-3-groupManagement] INFO  server.RaftServerConfigKeys (ConfUtils.java:logGet(46)) - raft.server.notification.no-leader.timeout = 2s (custom)
2025-04-24 14:03:02,880 [omNode-3-groupManagement] INFO  server.RaftServerConfigKeys (ConfUtils.java:logGet(46)) - raft.server.read.timeout = 10s (default)
2025-04-24 14:03:02,880 [omNode-3-groupManagement] INFO  server.RaftServerConfigKeys (ConfUtils.java:logGet(46)) - raft.server.retrycache.expirytime = 30000ms (custom)
2025-04-24 14:03:02,880 [omNode-3-groupManagement] INFO  server.RaftServerConfigKeys (ConfUtils.java:logGet(46)) - raft.server.retrycache.statistics.expirytime = 100ms (default)
2025-04-24 14:03:02,880 [omNode-3-groupManagement] INFO  server.RaftServerConfigKeys (ConfUtils.java:logGet(46)) - raft.server.read.option = DEFAULT (default)
2025-04-24 14:03:02,880 [omNode-3-groupManagement] INFO  server.RaftServerConfigKeys (ConfUtils.java:logGet(46)) - raft.server.read.read-after-write-consistent.write-index-cache.expiry-time = 60s (default)
2025-04-24 14:03:02,882 [omNode-3-groupManagement] INFO  server.RaftServerConfigKeys (ConfUtils.java:logGet(46)) - raft.server.rpc.request.timeout = 3000ms (default)
2025-04-24 14:03:02,882 [omNode-3-groupManagement] INFO  server.RaftServerConfigKeys (ConfUtils.java:logGet(46)) - raft.server.log.appender.install.snapshot.enabled = false (custom)
2025-04-24 14:03:02,882 [omNode-3-groupManagement] INFO  server.RaftServerConfigKeys (ConfUtils.java:logGet(46)) - raft.server.threadpool.server.cached = true (default)
2025-04-24 14:03:02,882 [omNode-3-groupManagement] INFO  server.RaftServerConfigKeys (ConfUtils.java:logGet(46)) - raft.server.threadpool.server.size = 0 (default)
2025-04-24 14:03:02,883 [omNode-3-groupManagement] INFO  server.RaftServerConfigKeys (ConfUtils.java:logGet(46)) - raft.server.threadpool.client.cached = true (default)
2025-04-24 14:03:02,883 [omNode-3-groupManagement] INFO  server.RaftServerConfigKeys (ConfUtils.java:logGet(46)) - raft.server.threadpool.client.size = 0 (default)
2025-04-24 14:03:02,883 [omNode-3-impl-thread1] INFO  server.RaftServerConfigKeys (ConfUtils.java:logGet(46)) - raft.server.storage.free-space.min = 0MB (=0) (default)
2025-04-24 14:03:02,883 [omNode-3-impl-thread1] INFO  server.RaftServerConfigKeys (ConfUtils.java:logGet(46)) - raft.server.log.corruption.policy = EXCEPTION (default)
2025-04-24 14:03:02,883 [omNode-3-impl-thread1] INFO  server.RaftServerConfigKeys (ConfUtils.java:logGet(46)) - raft.server.storage.dir = [/home/runner/work/ozone/ozone/hadoop-ozone/integration-test/target/test-dir/MiniOzoneClusterImpl-4e6105ad-12bc-4f18-9d37-351d73277e17/omNode-3/ratis] (custom)
2025-04-24 14:03:02,884 [omNode-3-impl-thread1] INFO  storage.RaftStorageDirectory (RaftStorageDirectoryImpl.java:tryLock(229)) - Lock on /home/runner/work/ozone/ozone/hadoop-ozone/integration-test/target/test-dir/MiniOzoneClusterImpl-4e6105ad-12bc-4f18-9d37-351d73277e17/omNode-3/ratis/c9bc4cf4-3bc3-3c60-a66b-523986131536/in_use.lock acquired by nodename 129728@fv-az2210-761
2025-04-24 14:03:02,884 [omNode-3-impl-thread1] INFO  storage.RaftStorage (RaftStorageImpl.java:analyzeAndRecoverStorage(118)) - Read RaftStorageMetadata{term=5, votedFor=omNode-3} from /home/runner/work/ozone/ozone/hadoop-ozone/integration-test/target/test-dir/MiniOzoneClusterImpl-4e6105ad-12bc-4f18-9d37-351d73277e17/omNode-3/ratis/c9bc4cf4-3bc3-3c60-a66b-523986131536/current/raft-meta
2025-04-24 14:03:02,884 [omNode-3-impl-thread1] INFO  server.RaftServer$Division (ServerState.java:setRaftConf(386)) - omNode-3@group-523986131536: set configuration conf: {index: 34, cur=peers:[omNode-3|localhost:15017, omNode-1|localhost:15009, omNode-2|localhost:15013]|listeners:[], old=null}
2025-04-24 14:03:02,884 [omNode-3-impl-thread1] INFO  ratis.OzoneManagerStateMachine (OzoneManagerStateMachine.java:lambda$0(138)) - omNode-3: initialize group-523986131536 with (t:5, i:67)
2025-04-24 14:03:02,884 [omNode-3-impl-thread1] INFO  server.RaftServerConfigKeys (ConfUtils.java:logGet(46)) - raft.server.log.use.memory = false (default)
2025-04-24 14:03:02,884 [omNode-3-impl-thread1] INFO  server.RaftServerConfigKeys (ConfUtils.java:logGet(46)) - raft.server.log.purge.gap = 50 (custom)
2025-04-24 14:03:02,884 [omNode-3-impl-thread1] INFO  server.RaftServerConfigKeys (ConfUtils.java:logGet(46)) - raft.server.log.appender.buffer.byte-limit = 4194304 (custom)
2025-04-24 14:03:02,884 [omNode-3-impl-thread1] INFO  server.RaftServerConfigKeys (ConfUtils.java:logGet(46)) - raft.server.log.statemachine.data.read.timeout = 1000ms (default)
2025-04-24 14:03:02,885 [omNode-3-impl-thread1] INFO  server.RaftServerConfigKeys (ConfUtils.java:logGet(46)) - raft.server.log.purge.preservation.log.num = 0 (default)
2025-04-24 14:03:02,885 [omNode-3-impl-thread1] INFO  server.RaftServerConfigKeys (ConfUtils.java:logGet(46)) - raft.server.log.segment.size.max = 4194304 (custom)
2025-04-24 14:03:02,885 [omNode-3-impl-thread1] INFO  server.RaftServerConfigKeys (ConfUtils.java:logGet(46)) - raft.server.log.segment.cache.num.max = 2 (custom)
2025-04-24 14:03:02,885 [omNode-3-impl-thread1] INFO  server.RaftServerConfigKeys (ConfUtils.java:logGet(46)) - raft.server.log.segment.cache.size.max = 200MB (=209715200) (default)
2025-04-24 14:03:02,885 [omNode-3-impl-thread1] INFO  server.RaftServerConfigKeys (ConfUtils.java:logGet(46)) - raft.server.log.appender.buffer.byte-limit = 4194304 (custom)
2025-04-24 14:03:02,886 [omNode-3-impl-thread1] INFO  util.AwaitToRun (AwaitToRun.java:start(81)) - Thread[#2809,omNode-3@group-523986131536-cacheEviction-AwaitToRun,5,main] started
2025-04-24 14:03:02,886 [omNode-3-impl-thread1] INFO  segmented.SegmentedRaftLogWorker (SegmentedRaftLogWorker.java:<init>(188)) - new omNode-3@group-523986131536-SegmentedRaftLogWorker for RaftStorageImpl:Storage Directory /home/runner/work/ozone/ozone/hadoop-ozone/integration-test/target/test-dir/MiniOzoneClusterImpl-4e6105ad-12bc-4f18-9d37-351d73277e17/omNode-3/ratis/c9bc4cf4-3bc3-3c60-a66b-523986131536
2025-04-24 14:03:02,886 [omNode-3-impl-thread1] INFO  server.RaftServerConfigKeys (ConfUtils.java:logGet(46)) - raft.server.log.queue.byte-limit = 64MB (=67108864) (default)
2025-04-24 14:03:02,886 [omNode-3-impl-thread1] INFO  server.RaftServerConfigKeys (ConfUtils.java:logGet(46)) - raft.server.log.queue.element-limit = 4096 (default)
2025-04-24 14:03:02,886 [omNode-3-impl-thread1] INFO  server.RaftServerConfigKeys (ConfUtils.java:logGet(46)) - raft.server.log.segment.size.max = 4194304 (custom)
2025-04-24 14:03:02,886 [omNode-3-impl-thread1] INFO  server.RaftServerConfigKeys (ConfUtils.java:logGet(46)) - raft.server.log.preallocated.size = 4194304 (custom)
2025-04-24 14:03:02,886 [omNode-3-impl-thread1] INFO  server.RaftServerConfigKeys (ConfUtils.java:logGet(46)) - raft.server.log.force.sync.num = 128 (default)
2025-04-24 14:03:02,886 [omNode-3-impl-thread1] INFO  server.RaftServerConfigKeys (ConfUtils.java:logGet(46)) - raft.server.log.statemachine.data.sync = true (default)
2025-04-24 14:03:02,886 [omNode-3-impl-thread1] INFO  server.RaftServerConfigKeys (ConfUtils.java:logGet(46)) - raft.server.log.statemachine.data.sync.timeout = 10s (default)
2025-04-24 14:03:02,886 [omNode-3-impl-thread1] INFO  server.RaftServerConfigKeys (ConfUtils.java:logGet(46)) - raft.server.log.statemachine.data.sync.timeout.retry = -1 (default)
2025-04-24 14:03:02,886 [omNode-3-impl-thread1] INFO  server.RaftServerConfigKeys (ConfUtils.java:logGet(46)) - raft.server.log.write.buffer.size = 4194312 (custom)
2025-04-24 14:03:02,887 [omNode-3-impl-thread1] INFO  server.RaftServerConfigKeys (ConfUtils.java:logGet(46)) - raft.server.log.appender.buffer.byte-limit = 4194304 (custom)
2025-04-24 14:03:02,887 [omNode-3-impl-thread1] INFO  server.RaftServerConfigKeys (ConfUtils.java:logGet(46)) - raft.server.log.unsafe-flush.enabled = false (default)
2025-04-24 14:03:02,887 [omNode-3-impl-thread1] INFO  server.RaftServerConfigKeys (ConfUtils.java:logGet(46)) - raft.server.log.async-flush.enabled = false (default)
2025-04-24 14:03:02,887 [omNode-3-impl-thread1] INFO  server.RaftServerConfigKeys (ConfUtils.java:logGet(46)) - raft.server.log.statemachine.data.caching.enabled = false (default)
2025-04-24 14:03:02,887 [omNode-3-impl-thread1] INFO  server.RaftServer$Division (ServerState.java:setRaftConf(386)) - omNode-3@group-523986131536: set configuration conf: {index: 34, cur=peers:[omNode-3|localhost:15017, omNode-1|localhost:15009, omNode-2|localhost:15013]|listeners:[], old=null}
2025-04-24 14:03:02,888 [omNode-3-impl-thread1] INFO  segmented.LogSegment (LogSegment.java:loadSegment(171)) - Successfully read 34 entries from segment file /home/runner/work/ozone/ozone/hadoop-ozone/integration-test/target/test-dir/MiniOzoneClusterImpl-4e6105ad-12bc-4f18-9d37-351d73277e17/omNode-3/ratis/c9bc4cf4-3bc3-3c60-a66b-523986131536/current/log_inprogress_34
2025-04-24 14:03:02,888 [omNode-3-impl-thread1] INFO  segmented.SegmentedRaftLogWorker (SegmentedRaftLogWorker.java:lambda$new$0(139)) - omNode-3@group-523986131536-SegmentedRaftLogWorker: flushIndex: setUnconditionally 0 -> 67
2025-04-24 14:03:02,888 [omNode-3-impl-thread1] INFO  segmented.SegmentedRaftLogWorker (SegmentedRaftLogWorker.java:lambda$new$0(139)) - omNode-3@group-523986131536-SegmentedRaftLogWorker: safeCacheEvictIndex: setUnconditionally 0 -> -1
2025-04-24 14:03:02,888 [omNode-3-impl-thread1] INFO  segmented.BufferedWriteChannel (BufferedWriteChannel.java:open(61)) - open log_inprogress_34 (append) at position 7630
2025-04-24 14:03:02,888 [omNode-3-impl-thread1] INFO  raftlog.RaftLog (RaftLogBase.java:lambda$new$0(54)) - omNode-3@group-523986131536-SegmentedRaftLog: purgeIndex: updateToMax old=-1, new=33, updated? true
2025-04-24 14:03:02,888 [omNode-3-impl-thread1] INFO  server.RaftServer$Division (RaftServerImpl.java:start(391)) - omNode-3@group-523986131536: start as a follower, conf=conf: {index: 34, cur=peers:[omNode-3|localhost:15017, omNode-1|localhost:15009, omNode-2|localhost:15013]|listeners:[], old=null}
2025-04-24 14:03:02,888 [omNode-3-impl-thread1] INFO  server.RaftServer$Division (RaftServerImpl.java:setRole(378)) - omNode-3@group-523986131536: changes role from      null to FOLLOWER at term 5 for startAsFollower
2025-04-24 14:03:02,888 [omNode-3-impl-thread1] INFO  impl.RoleInfo (RoleInfo.java:updateAndGet(148)) - omNode-3: start omNode-3@group-523986131536-FollowerState
2025-04-24 14:03:02,888 [omNode-3-impl-thread1] INFO  util.JmxRegister (JmxRegister.java:tryRegister(44)) - Successfully registered JMX Bean with object name Ratis:service=RaftServer,group=group-523986131536,id=omNode-3
2025-04-24 14:03:02,888 [omNode-3@group-523986131536-FollowerState] INFO  server.RaftServerConfigKeys (ConfUtils.java:logFallback(53)) - raft.server.rpc.first-election.timeout.min = 1s (fallback to raft.server.rpc.timeout.min)
2025-04-24 14:03:02,888 [omNode-3-impl-thread1] INFO  util.JmxRegister (JmxRegister.java:register(58)) - register mxBean class org.apache.ratis.server.impl.RaftServerJmxAdapter as Ratis:service=RaftServer,group=group-523986131536,id=omNode-3
2025-04-24 14:03:02,888 [omNode-3@group-523986131536-FollowerState] INFO  server.RaftServerConfigKeys (ConfUtils.java:logFallback(53)) - raft.server.rpc.first-election.timeout.max = 1200ms (fallback to raft.server.rpc.timeout.max)
2025-04-24 14:03:02,888 [omNode-3-impl-thread1] INFO  server.RaftServerConfigKeys (ConfUtils.java:logGet(46)) - raft.server.snapshot.trigger-when-stop.enabled = true (default)
2025-04-24 14:03:02,889 [omNode-3-impl-thread1] INFO  server.RaftServerConfigKeys (ConfUtils.java:logGet(46)) - raft.server.snapshot.trigger-when-remove.enabled = true (default)
2025-04-24 14:03:02,889 [omNode-3-impl-thread1] INFO  server.RaftServerConfigKeys (ConfUtils.java:logGet(46)) - raft.server.snapshot.auto.trigger.enabled = true (custom)
2025-04-24 14:03:02,889 [omNode-3-impl-thread1] INFO  server.RaftServerConfigKeys (ConfUtils.java:logGet(46)) - raft.server.snapshot.auto.trigger.threshold = 50 (custom)
2025-04-24 14:03:02,889 [omNode-3-impl-thread1] INFO  server.RaftServerConfigKeys (ConfUtils.java:logGet(46)) - raft.server.snapshot.retention.file.num = -1 (default)
2025-04-24 14:03:02,889 [omNode-3-impl-thread1] INFO  server.RaftServerConfigKeys (ConfUtils.java:logGet(46)) - raft.server.log.purge.upto.snapshot.index = true (custom)
2025-04-24 14:03:02,889 [omNode-3-impl-thread1] INFO  server.RaftServer$Division (RaftServerImpl.java:start(405)) - omNode-3@group-523986131536: Successfully started.
2025-04-24 14:03:02,889 [main] INFO  server.RaftServer (RaftServerProxy.java:startImpl(407)) - omNode-3: start RPC server
2025-04-24 14:03:02,890 [main] INFO  server.GrpcService (GrpcService.java:startImpl(334)) - omNode-3: GrpcService started, listening on 15017
2025-04-24 14:03:02,890 [main] INFO  om.OzoneManager (OzoneManager.java:getRpcServer(1360)) - Creating RPC Server
2025-04-24 14:03:02,890 [JvmPauseMonitor17] INFO  util.JvmPauseMonitor (JvmPauseMonitor.java:run(146)) - JvmPauseMonitor-omNode-3: Started
2025-04-24 14:03:03,231 [main] INFO  reflections.Reflections (Reflections.java:scan(219)) - Reflections took 341 ms to scan 22 urls, producing 61 keys and 7423 values
2025-04-24 14:03:03,232 [main] INFO  ipc.CallQueueManager (CallQueueManager.java:<init>(93)) - Using callQueue: class java.util.concurrent.LinkedBlockingQueue, queueCapacity: 2000, scheduler: class org.apache.hadoop.ipc.DefaultRpcScheduler, ipcBackoff: false, ipcFailOver: false.
2025-04-24 14:03:03,233 [main] INFO  ipc.Server (Server.java:<init>(1438)) - Listener at localhost:15014
2025-04-24 14:03:03,233 [Socket Reader #1 for port 15014] INFO  ipc.Server (Server.java:run(1474)) - Starting Socket Reader #1 for port 15014
2025-04-24 14:03:03,233 [Socket Reader #2 for port 15014] INFO  ipc.Server (Server.java:run(1474)) - Starting Socket Reader #2 for port 15014
2025-04-24 14:03:03,233 [Socket Reader #3 for port 15014] INFO  ipc.Server (Server.java:run(1474)) - Starting Socket Reader #3 for port 15014
2025-04-24 14:03:03,234 [Socket Reader #4 for port 15014] INFO  ipc.Server (Server.java:run(1474)) - Starting Socket Reader #4 for port 15014
2025-04-24 14:03:03,234 [Socket Reader #5 for port 15014] INFO  ipc.Server (Server.java:run(1474)) - Starting Socket Reader #5 for port 15014
2025-04-24 14:03:03,234 [Socket Reader #6 for port 15014] INFO  ipc.Server (Server.java:run(1474)) - Starting Socket Reader #6 for port 15014
2025-04-24 14:03:03,234 [Socket Reader #7 for port 15014] INFO  ipc.Server (Server.java:run(1474)) - Starting Socket Reader #7 for port 15014
2025-04-24 14:03:03,234 [Socket Reader #8 for port 15014] INFO  ipc.Server (Server.java:run(1474)) - Starting Socket Reader #8 for port 15014
2025-04-24 14:03:03,235 [Socket Reader #9 for port 15014] INFO  ipc.Server (Server.java:run(1474)) - Starting Socket Reader #9 for port 15014
2025-04-24 14:03:03,235 [Socket Reader #10 for port 15014] INFO  ipc.Server (Server.java:run(1474)) - Starting Socket Reader #10 for port 15014
2025-04-24 14:03:03,236 [main] INFO  http.BaseHttpServer (BaseHttpServer.java:newHttpServer2BuilderForOzone(229)) - Starting Web-server for ozoneManager at: http://0.0.0.0:15015
2025-04-24 14:03:03,236 [main] INFO  http.BaseHttpServer (BaseHttpServer.java:<init>(107)) - Hadoop Security Enabled: false Ozone Security Enabled: false Ozone HTTP Security Enabled: false 
2025-04-24 14:03:03,238 [main] WARN  server.AuthenticationFilter (AuthenticationFilter.java:constructSecretProvider(240)) - Unable to initialize FileSignerSecretProvider, falling back to use random secrets. Reason: Could not read signature secret file: /home/runner/hadoop-http-auth-signature-secret
2025-04-24 14:03:03,239 [main] INFO  http.HttpServer2 (HttpServer2.java:addGlobalFilter(1041)) - Added global filter 'safety' (class=org.apache.hadoop.hdds.server.http.HttpServer2$QuotingInputFilter)
2025-04-24 14:03:03,240 [main] INFO  http.HttpServer2 (HttpServer2.java:addFilter(1017)) - Added filter static_user_filter (class=org.apache.hadoop.http.lib.StaticUserWebFilter$StaticUserFilter) to context ozoneManager
2025-04-24 14:03:03,240 [main] INFO  http.HttpServer2 (HttpServer2.java:addFilter(1025)) - Added filter static_user_filter (class=org.apache.hadoop.http.lib.StaticUserWebFilter$StaticUserFilter) to context logs
2025-04-24 14:03:03,240 [main] INFO  http.HttpServer2 (HttpServer2.java:addFilter(1025)) - Added filter static_user_filter (class=org.apache.hadoop.http.lib.StaticUserWebFilter$StaticUserFilter) to context static
2025-04-24 14:03:03,240 [main] INFO  http.BaseHttpServer (BaseHttpServer.java:<init>(195)) - HTTP server of ozoneManager uses base directory /home/runner/work/ozone/ozone/hadoop-ozone/integration-test/target/test-dir/MiniOzoneClusterImpl-4e6105ad-12bc-4f18-9d37-351d73277e17/omNode-3/webserver
2025-04-24 14:03:03,241 [main] INFO  http.HttpServer2 (HttpServer2.java:bindListener(1241)) - Jetty bound to port 15015
2025-04-24 14:03:03,241 [main] INFO  server.Server (Server.java:doStart(375)) - jetty-9.4.57.v20241219; built: 2025-01-08T21:24:30.412Z; git: df524e6b29271c2e09ba9aea83c18dc9db464a31; jvm 21.0.7+6-LTS
2025-04-24 14:03:03,242 [main] INFO  server.session (DefaultSessionIdManager.java:doStart(334)) - DefaultSessionIdManager workerName=node0
2025-04-24 14:03:03,242 [main] INFO  server.session (DefaultSessionIdManager.java:doStart(339)) - No SessionScavenger set, using defaults
2025-04-24 14:03:03,242 [main] INFO  server.session (HouseKeeper.java:startScavenging(132)) - node0 Scavenging every 660000ms
2025-04-24 14:03:03,243 [main] INFO  handler.ContextHandler (ContextHandler.java:doStart(921)) - Started o.e.j.s.ServletContextHandler@3719b83d{logs,/logs,file:///home/runner/work/ozone/ozone/hadoop-ozone/integration-test/target/log,AVAILABLE}
2025-04-24 14:03:03,243 [main] INFO  handler.ContextHandler (ContextHandler.java:doStart(921)) - Started o.e.j.s.ServletContextHandler@6f2ab3f6{static,/static,file:///home/runner/work/ozone/ozone/hadoop-ozone/integration-test/target/test-classes/webapps/static,AVAILABLE}
2025-04-24 14:03:03,249 [main] INFO  handler.ContextHandler (ContextHandler.java:doStart(921)) - Started o.e.j.w.WebAppContext@65a80b8{ozoneManager,/,file:///home/runner/work/ozone/ozone/hadoop-ozone/integration-test/target/test-classes/webapps/ozoneManager/,AVAILABLE}{file:/home/runner/work/ozone/ozone/hadoop-ozone/integration-test/target/test-classes/webapps/ozoneManager}
2025-04-24 14:03:03,249 [main] INFO  server.AbstractConnector (AbstractConnector.java:doStart(333)) - Started ServerConnector@3274b0b0{HTTP/1.1, (http/1.1)}{0.0.0.0:15015}
2025-04-24 14:03:03,249 [main] INFO  server.Server (Server.java:doStart(415)) - Started @64581ms
2025-04-24 14:03:03,249 [main] WARN  impl.MetricsSystemImpl (MetricsSystemImpl.java:register(279)) - Sink prometheus already exists!
2025-04-24 14:03:03,250 [main] INFO  http.BaseHttpServer (BaseHttpServer.java:updateConnectorAddress(360)) - HTTP server of ozoneManager listening at http://0.0.0.0:15015
2025-04-24 14:03:03,250 [IPC Server Responder] INFO  ipc.Server (Server.java:run(1713)) - IPC Server Responder: starting
2025-04-24 14:03:03,250 [IPC Server listener on 15014] INFO  ipc.Server (Server.java:run(1553)) - IPC Server listener on 15014: starting
2025-04-24 14:03:03,252 [main] INFO  om.OzoneManager (OzoneManager.java:startTrashEmptier(2257)) - Trash Interval set to 0. Files deleted won't move to trash
2025-04-24 14:03:03,253 [main] INFO  om.OzoneManager (OzoneManager.java:restart(1878)) - OzoneManager RPC server is listening at localhost/127.0.0.1:15006
2025-04-24 14:03:03,253 [main] INFO  impl.MetricsSystemImpl (MetricsSystemImpl.java:init(158)) - OzoneManager metrics system started (again)
2025-04-24 14:03:03,263 [main] WARN  server.ServerUtils (ServerUtils.java:getDBPath(297)) - ozone.om.db.dirs is not configured. We recommend adding this setting. Falling back to ozone.metadata.dirs instead.
2025-04-24 14:03:03,304 [main] INFO  om.OzoneManager (OzoneManager.java:instantiateServices(933)) - S3 Multi-Tenancy is disabled
2025-04-24 14:03:03,304 [main] INFO  om.OmSnapshotManager (OmSnapshotManager.java:<init>(180)) - Ozone filesystem snapshot feature is enabled.
2025-04-24 14:03:03,304 [main] WARN  server.ServerUtils (ServerUtils.java:getDBPath(297)) - ozone.om.snapshot.diff.db.dir is not configured. We recommend adding this setting. Falling back to ozone.metadata.dirs instead.
2025-04-24 14:03:03,318 [main] WARN  dropwizard3.Dm3MetricRegistriesImpl (Dm3MetricRegistriesImpl.java:addReporterRegistration(114)) - New reporters are added after registries were created. Some metrics will be missing from the reporter. Please add reporter before adding any new registry.
2025-04-24 14:03:03,318 [main] WARN  dropwizard3.Dm3MetricRegistriesImpl (Dm3MetricRegistriesImpl.java:addReporterRegistration(114)) - New reporters are added after registries were created. Some metrics will be missing from the reporter. Please add reporter before adding any new registry.
2025-04-24 14:03:03,318 [main] WARN  server.ServerUtils (ServerUtils.java:getDefaultRatisDirectory(309)) - Storage directory for Ratis is not configured. It is a good idea to map this to an SSD disk. Falling back to ozone.metadata.dirs
2025-04-24 14:03:03,319 [main] INFO  server.RaftServerConfigKeys (ConfUtils.java:logGet(46)) - raft.server.log.appender.buffer.byte-limit = 4194304 (custom)
2025-04-24 14:03:03,320 [main] INFO  ratis.OzoneManagerRatisServer (OzoneManagerRatisServer.java:<init>(167)) - Instantiating OM Ratis server with groupID: om-service-test1 and peers: localhost:15009, localhost:15017, localhost:15013
2025-04-24 14:03:03,320 [main] INFO  ratis.OzoneManagerStateMachine (OzoneManagerStateMachine.java:loadSnapshotInfoFromDB(611)) - LastAppliedIndex is set from TransactionInfo from OM DB as (t:5, i:67)
2025-04-24 14:03:03,322 [main] INFO  server.RaftServer (ConfUtils.java:logGet(46)) - raft.rpc.type = GRPC (default)
2025-04-24 14:03:03,322 [main] INFO  grpc.GrpcConfigKeys (ConfUtils.java:logFallback(53)) - raft.grpc.admin.host = null (fallback to raft.grpc.server.host)
2025-04-24 14:03:03,322 [main] INFO  grpc.GrpcConfigKeys (ConfUtils.java:logFallback(53)) - raft.grpc.admin.port = 15009 (fallback to raft.grpc.server.port)
2025-04-24 14:03:03,322 [main] INFO  grpc.GrpcConfigKeys (ConfUtils.java:logFallback(53)) - raft.grpc.client.host = null (fallback to raft.grpc.server.host)
2025-04-24 14:03:03,322 [main] INFO  grpc.GrpcConfigKeys (ConfUtils.java:logFallback(53)) - raft.grpc.client.port = 15009 (fallback to raft.grpc.server.port)
2025-04-24 14:03:03,322 [main] INFO  grpc.GrpcConfigKeys (ConfUtils.java:logGet(46)) - raft.grpc.server.host = null (default)
2025-04-24 14:03:03,323 [main] INFO  grpc.GrpcConfigKeys (ConfUtils.java:logGet(46)) - raft.grpc.server.port = 15009 (custom)
2025-04-24 14:03:03,323 [main] INFO  server.GrpcService (ConfUtils.java:logGet(46)) - raft.grpc.message.size.max = 5242880 (custom)
2025-04-24 14:03:03,323 [main] INFO  server.GrpcService (ConfUtils.java:logGet(46)) - raft.grpc.flow.control.window = 1MB (=1048576) (default)
2025-04-24 14:03:03,323 [main] INFO  server.RaftServerConfigKeys (ConfUtils.java:logGet(46)) - raft.server.rpc.request.timeout = 3000ms (default)
2025-04-24 14:03:03,323 [main] INFO  grpc.GrpcConfigKeys (ConfUtils.java:logGet(46)) - raft.grpc.server.heartbeat.channel = true (default)
2025-04-24 14:03:03,323 [main] INFO  server.RaftServerConfigKeys (ConfUtils.java:logGet(46)) - raft.server.log.appender.buffer.byte-limit = 4194304 (custom)
2025-04-24 14:03:03,323 [main] INFO  grpc.GrpcConfigKeys (ConfUtils.java:logGet(46)) - raft.grpc.server.async.request.thread.pool.cached = true (default)
2025-04-24 14:03:03,323 [main] INFO  grpc.GrpcConfigKeys (ConfUtils.java:logGet(46)) - raft.grpc.server.async.request.thread.pool.size = 32 (default)
2025-04-24 14:03:03,324 [main] INFO  impl.DataStreamServerImpl (ConfUtils.java:logGet(46)) - raft.datastream.type = DISABLED (default)
2025-04-24 14:03:03,324 [main] INFO  server.RaftServerConfigKeys (ConfUtils.java:logGet(46)) - raft.server.sleep.deviation.threshold = 300ms (default)
2025-04-24 14:03:03,325 [main] INFO  server.RaftServerConfigKeys (ConfUtils.java:logGet(46)) - raft.server.close.threshold = 60s (default)
2025-04-24 14:03:03,325 [main] INFO  server.RaftServerConfigKeys (ConfUtils.java:logGet(46)) - raft.server.leaderelection.leader.step-down.wait-time = 10s (default)
2025-04-24 14:03:03,325 [main] INFO  server.RaftServerConfigKeys (ConfUtils.java:logGet(46)) - raft.server.storage.dir = [/home/runner/work/ozone/ozone/hadoop-ozone/integration-test/target/test-dir/MiniOzoneClusterImpl-4e6105ad-12bc-4f18-9d37-351d73277e17/omNode-1/ratis] (custom)
2025-04-24 14:03:03,325 [main] INFO  server.RaftServerConfigKeys (ConfUtils.java:logGet(46)) - raft.server.threadpool.proxy.cached = true (default)
2025-04-24 14:03:03,325 [main] INFO  server.RaftServerConfigKeys (ConfUtils.java:logGet(46)) - raft.server.threadpool.proxy.size = 0 (default)
2025-04-24 14:03:03,326 [omNode-1-impl-thread1] INFO  server.RaftServer (RaftServerProxy.java:initGroupDir(265)) - omNode-1: found a subdirectory /home/runner/work/ozone/ozone/hadoop-ozone/integration-test/target/test-dir/MiniOzoneClusterImpl-4e6105ad-12bc-4f18-9d37-351d73277e17/omNode-1/ratis/c9bc4cf4-3bc3-3c60-a66b-523986131536
2025-04-24 14:03:03,326 [main] INFO  server.RaftServer (RaftServerProxy.java:addNew(100)) - omNode-1: addNew group-523986131536:[omNode-3|localhost:15017, omNode-1|localhost:15009, omNode-2|localhost:15013] returns group-523986131536:java.util.concurrent.CompletableFuture@7180ac09[Not completed]
2025-04-24 14:03:03,326 [omNode-1-groupManagement] INFO  server.RaftServer$Division (RaftServerImpl.java:<init>(255)) - omNode-1: new RaftServerImpl for group-523986131536:[omNode-3|localhost:15017, omNode-1|localhost:15009, omNode-2|localhost:15013] with OzoneManagerStateMachine:uninitialized
2025-04-24 14:03:03,326 [main] INFO  om.OzoneManager (OzoneManager.java:initializeRatisServer(2303)) - OzoneManager Ratis server initialized at port 15009
2025-04-24 14:03:03,326 [main] INFO  ratis.OzoneManagerRatisServer (OzoneManagerRatisServer.java:start(628)) - Starting OzoneManagerRatisServer omNode-1 at port 15009
2025-04-24 14:03:03,326 [omNode-1-groupManagement] INFO  server.RaftServerConfigKeys (ConfUtils.java:logGet(46)) - raft.server.rpc.timeout.min = 1s (custom)
2025-04-24 14:03:03,326 [omNode-1-groupManagement] INFO  server.RaftServerConfigKeys (ConfUtils.java:logGet(46)) - raft.server.rpc.timeout.max = 1200ms (custom)
2025-04-24 14:03:03,326 [omNode-1-groupManagement] INFO  server.RaftServerConfigKeys (ConfUtils.java:logGet(46)) - raft.server.rpc.sleep.time = 25ms (default)
2025-04-24 14:03:03,327 [omNode-1-groupManagement] INFO  server.RaftServerConfigKeys (ConfUtils.java:logGet(46)) - raft.server.rpc.slowness.timeout = 2s (custom)
2025-04-24 14:03:03,327 [omNode-1-groupManagement] INFO  server.RaftServerConfigKeys (ConfUtils.java:logGet(46)) - raft.server.leaderelection.leader.step-down.wait-time = 10s (default)
2025-04-24 14:03:03,327 [omNode-1-groupManagement] INFO  server.RaftServerConfigKeys (ConfUtils.java:logGet(46)) - raft.server.leaderelection.member.majority-add = false (default)
2025-04-24 14:03:03,327 [omNode-1-groupManagement] INFO  server.RaftServerConfigKeys (ConfUtils.java:logGet(46)) - raft.server.sleep.deviation.threshold = 300ms (default)
2025-04-24 14:03:03,327 [omNode-1-groupManagement] INFO  server.RaftServer$Division (ServerState.java:<init>(114)) - omNode-1@group-523986131536: ConfigurationManager, init=conf: {index: -1, cur=peers:[omNode-3|localhost:15017, omNode-1|localhost:15009, omNode-2|localhost:15013]|listeners:[], old=null}, confs=<EMPTY_MAP>
2025-04-24 14:03:03,327 [omNode-1-groupManagement] INFO  server.RaftServerConfigKeys (ConfUtils.java:logGet(46)) - raft.server.notification.no-leader.timeout = 2s (custom)
2025-04-24 14:03:03,327 [omNode-1-groupManagement] INFO  server.RaftServerConfigKeys (ConfUtils.java:logGet(46)) - raft.server.read.timeout = 10s (default)
2025-04-24 14:03:03,327 [omNode-1-groupManagement] INFO  server.RaftServerConfigKeys (ConfUtils.java:logGet(46)) - raft.server.retrycache.expirytime = 30000ms (custom)
2025-04-24 14:03:03,327 [omNode-1-groupManagement] INFO  server.RaftServerConfigKeys (ConfUtils.java:logGet(46)) - raft.server.retrycache.statistics.expirytime = 100ms (default)
2025-04-24 14:03:03,328 [omNode-1-groupManagement] INFO  server.RaftServerConfigKeys (ConfUtils.java:logGet(46)) - raft.server.read.option = DEFAULT (default)
2025-04-24 14:03:03,328 [omNode-1-groupManagement] INFO  server.RaftServerConfigKeys (ConfUtils.java:logGet(46)) - raft.server.read.read-after-write-consistent.write-index-cache.expiry-time = 60s (default)
2025-04-24 14:03:03,331 [omNode-1-groupManagement] INFO  server.RaftServerConfigKeys (ConfUtils.java:logGet(46)) - raft.server.rpc.request.timeout = 3000ms (default)
2025-04-24 14:03:03,331 [omNode-1-groupManagement] INFO  server.RaftServerConfigKeys (ConfUtils.java:logGet(46)) - raft.server.log.appender.install.snapshot.enabled = false (custom)
2025-04-24 14:03:03,331 [omNode-1-groupManagement] INFO  server.RaftServerConfigKeys (ConfUtils.java:logGet(46)) - raft.server.threadpool.server.cached = true (default)
2025-04-24 14:03:03,331 [omNode-1-groupManagement] INFO  server.RaftServerConfigKeys (ConfUtils.java:logGet(46)) - raft.server.threadpool.server.size = 0 (default)
2025-04-24 14:03:03,331 [omNode-1-groupManagement] INFO  server.RaftServerConfigKeys (ConfUtils.java:logGet(46)) - raft.server.threadpool.client.cached = true (default)
2025-04-24 14:03:03,331 [omNode-1-groupManagement] INFO  server.RaftServerConfigKeys (ConfUtils.java:logGet(46)) - raft.server.threadpool.client.size = 0 (default)
2025-04-24 14:03:03,331 [omNode-1-impl-thread1] INFO  server.RaftServerConfigKeys (ConfUtils.java:logGet(46)) - raft.server.storage.free-space.min = 0MB (=0) (default)
2025-04-24 14:03:03,332 [omNode-1-impl-thread1] INFO  server.RaftServerConfigKeys (ConfUtils.java:logGet(46)) - raft.server.log.corruption.policy = EXCEPTION (default)
2025-04-24 14:03:03,332 [omNode-1-impl-thread1] INFO  server.RaftServerConfigKeys (ConfUtils.java:logGet(46)) - raft.server.storage.dir = [/home/runner/work/ozone/ozone/hadoop-ozone/integration-test/target/test-dir/MiniOzoneClusterImpl-4e6105ad-12bc-4f18-9d37-351d73277e17/omNode-1/ratis] (custom)
2025-04-24 14:03:03,333 [omNode-1-impl-thread1] INFO  storage.RaftStorageDirectory (RaftStorageDirectoryImpl.java:tryLock(229)) - Lock on /home/runner/work/ozone/ozone/hadoop-ozone/integration-test/target/test-dir/MiniOzoneClusterImpl-4e6105ad-12bc-4f18-9d37-351d73277e17/omNode-1/ratis/c9bc4cf4-3bc3-3c60-a66b-523986131536/in_use.lock acquired by nodename 129728@fv-az2210-761
2025-04-24 14:03:03,333 [omNode-1-impl-thread1] INFO  storage.RaftStorage (RaftStorageImpl.java:analyzeAndRecoverStorage(118)) - Read RaftStorageMetadata{term=5, votedFor=omNode-3} from /home/runner/work/ozone/ozone/hadoop-ozone/integration-test/target/test-dir/MiniOzoneClusterImpl-4e6105ad-12bc-4f18-9d37-351d73277e17/omNode-1/ratis/c9bc4cf4-3bc3-3c60-a66b-523986131536/current/raft-meta
2025-04-24 14:03:03,333 [omNode-1-impl-thread1] INFO  server.RaftServer$Division (ServerState.java:setRaftConf(386)) - omNode-1@group-523986131536: set configuration conf: {index: 34, cur=peers:[omNode-3|localhost:15017, omNode-1|localhost:15009, omNode-2|localhost:15013]|listeners:[], old=null}
2025-04-24 14:03:03,334 [omNode-1-impl-thread1] INFO  ratis.OzoneManagerStateMachine (OzoneManagerStateMachine.java:lambda$0(138)) - omNode-1: initialize group-523986131536 with (t:5, i:67)
2025-04-24 14:03:03,334 [omNode-1-impl-thread1] INFO  server.RaftServerConfigKeys (ConfUtils.java:logGet(46)) - raft.server.log.use.memory = false (default)
2025-04-24 14:03:03,334 [omNode-1-impl-thread1] INFO  server.RaftServerConfigKeys (ConfUtils.java:logGet(46)) - raft.server.log.purge.gap = 50 (custom)
2025-04-24 14:03:03,334 [omNode-1-impl-thread1] INFO  server.RaftServerConfigKeys (ConfUtils.java:logGet(46)) - raft.server.log.appender.buffer.byte-limit = 4194304 (custom)
2025-04-24 14:03:03,334 [omNode-1-impl-thread1] INFO  server.RaftServerConfigKeys (ConfUtils.java:logGet(46)) - raft.server.log.statemachine.data.read.timeout = 1000ms (default)
2025-04-24 14:03:03,334 [omNode-1-impl-thread1] INFO  server.RaftServerConfigKeys (ConfUtils.java:logGet(46)) - raft.server.log.purge.preservation.log.num = 0 (default)
2025-04-24 14:03:03,335 [omNode-1-impl-thread1] INFO  server.RaftServerConfigKeys (ConfUtils.java:logGet(46)) - raft.server.log.segment.size.max = 4194304 (custom)
2025-04-24 14:03:03,335 [omNode-1-impl-thread1] INFO  server.RaftServerConfigKeys (ConfUtils.java:logGet(46)) - raft.server.log.segment.cache.num.max = 2 (custom)
2025-04-24 14:03:03,335 [omNode-1-impl-thread1] INFO  server.RaftServerConfigKeys (ConfUtils.java:logGet(46)) - raft.server.log.segment.cache.size.max = 200MB (=209715200) (default)
2025-04-24 14:03:03,336 [omNode-1-impl-thread1] INFO  server.RaftServerConfigKeys (ConfUtils.java:logGet(46)) - raft.server.log.appender.buffer.byte-limit = 4194304 (custom)
2025-04-24 14:03:03,336 [omNode-1-impl-thread1] INFO  util.AwaitToRun (AwaitToRun.java:start(81)) - Thread[#2922,omNode-1@group-523986131536-cacheEviction-AwaitToRun,5,main] started
2025-04-24 14:03:03,336 [omNode-1-impl-thread1] INFO  segmented.SegmentedRaftLogWorker (SegmentedRaftLogWorker.java:<init>(188)) - new omNode-1@group-523986131536-SegmentedRaftLogWorker for RaftStorageImpl:Storage Directory /home/runner/work/ozone/ozone/hadoop-ozone/integration-test/target/test-dir/MiniOzoneClusterImpl-4e6105ad-12bc-4f18-9d37-351d73277e17/omNode-1/ratis/c9bc4cf4-3bc3-3c60-a66b-523986131536
2025-04-24 14:03:03,336 [omNode-1-impl-thread1] INFO  server.RaftServerConfigKeys (ConfUtils.java:logGet(46)) - raft.server.log.queue.byte-limit = 64MB (=67108864) (default)
2025-04-24 14:03:03,336 [omNode-1-impl-thread1] INFO  server.RaftServerConfigKeys (ConfUtils.java:logGet(46)) - raft.server.log.queue.element-limit = 4096 (default)
2025-04-24 14:03:03,336 [omNode-1-impl-thread1] INFO  server.RaftServerConfigKeys (ConfUtils.java:logGet(46)) - raft.server.log.segment.size.max = 4194304 (custom)
2025-04-24 14:03:03,336 [omNode-1-impl-thread1] INFO  server.RaftServerConfigKeys (ConfUtils.java:logGet(46)) - raft.server.log.preallocated.size = 4194304 (custom)
2025-04-24 14:03:03,336 [omNode-1-impl-thread1] INFO  server.RaftServerConfigKeys (ConfUtils.java:logGet(46)) - raft.server.log.force.sync.num = 128 (default)
2025-04-24 14:03:03,336 [omNode-1-impl-thread1] INFO  server.RaftServerConfigKeys (ConfUtils.java:logGet(46)) - raft.server.log.statemachine.data.sync = true (default)
2025-04-24 14:03:03,336 [omNode-1-impl-thread1] INFO  server.RaftServerConfigKeys (ConfUtils.java:logGet(46)) - raft.server.log.statemachine.data.sync.timeout = 10s (default)
2025-04-24 14:03:03,336 [omNode-1-impl-thread1] INFO  server.RaftServerConfigKeys (ConfUtils.java:logGet(46)) - raft.server.log.statemachine.data.sync.timeout.retry = -1 (default)
2025-04-24 14:03:03,336 [omNode-1-impl-thread1] INFO  server.RaftServerConfigKeys (ConfUtils.java:logGet(46)) - raft.server.log.write.buffer.size = 4194312 (custom)
2025-04-24 14:03:03,338 [omNode-1-impl-thread1] INFO  server.RaftServerConfigKeys (ConfUtils.java:logGet(46)) - raft.server.log.appender.buffer.byte-limit = 4194304 (custom)
2025-04-24 14:03:03,338 [omNode-1-impl-thread1] INFO  server.RaftServerConfigKeys (ConfUtils.java:logGet(46)) - raft.server.log.unsafe-flush.enabled = false (default)
2025-04-24 14:03:03,338 [omNode-1-impl-thread1] INFO  server.RaftServerConfigKeys (ConfUtils.java:logGet(46)) - raft.server.log.async-flush.enabled = false (default)
2025-04-24 14:03:03,338 [omNode-1-impl-thread1] INFO  server.RaftServerConfigKeys (ConfUtils.java:logGet(46)) - raft.server.log.statemachine.data.caching.enabled = false (default)
2025-04-24 14:03:03,339 [omNode-1-impl-thread1] INFO  server.RaftServer$Division (ServerState.java:setRaftConf(386)) - omNode-1@group-523986131536: set configuration conf: {index: 34, cur=peers:[omNode-3|localhost:15017, omNode-1|localhost:15009, omNode-2|localhost:15013]|listeners:[], old=null}
2025-04-24 14:03:03,339 [omNode-1-impl-thread1] INFO  segmented.LogSegment (LogSegment.java:loadSegment(171)) - Successfully read 34 entries from segment file /home/runner/work/ozone/ozone/hadoop-ozone/integration-test/target/test-dir/MiniOzoneClusterImpl-4e6105ad-12bc-4f18-9d37-351d73277e17/omNode-1/ratis/c9bc4cf4-3bc3-3c60-a66b-523986131536/current/log_inprogress_34
2025-04-24 14:03:03,339 [omNode-1-impl-thread1] INFO  segmented.SegmentedRaftLogWorker (SegmentedRaftLogWorker.java:lambda$new$0(139)) - omNode-1@group-523986131536-SegmentedRaftLogWorker: flushIndex: setUnconditionally 0 -> 67
2025-04-24 14:03:03,339 [omNode-1-impl-thread1] INFO  segmented.SegmentedRaftLogWorker (SegmentedRaftLogWorker.java:lambda$new$0(139)) - omNode-1@group-523986131536-SegmentedRaftLogWorker: safeCacheEvictIndex: setUnconditionally 0 -> -1
2025-04-24 14:03:03,339 [omNode-1-impl-thread1] INFO  segmented.BufferedWriteChannel (BufferedWriteChannel.java:open(61)) - open log_inprogress_34 (append) at position 7630
2025-04-24 14:03:03,340 [omNode-1-impl-thread1] INFO  raftlog.RaftLog (RaftLogBase.java:lambda$new$0(54)) - omNode-1@group-523986131536-SegmentedRaftLog: purgeIndex: updateToMax old=-1, new=33, updated? true
2025-04-24 14:03:03,340 [omNode-1-impl-thread1] INFO  server.RaftServer$Division (RaftServerImpl.java:start(391)) - omNode-1@group-523986131536: start as a follower, conf=conf: {index: 34, cur=peers:[omNode-3|localhost:15017, omNode-1|localhost:15009, omNode-2|localhost:15013]|listeners:[], old=null}
2025-04-24 14:03:03,340 [omNode-1-impl-thread1] INFO  server.RaftServer$Division (RaftServerImpl.java:setRole(378)) - omNode-1@group-523986131536: changes role from      null to FOLLOWER at term 5 for startAsFollower
2025-04-24 14:03:03,340 [omNode-1-impl-thread1] INFO  impl.RoleInfo (RoleInfo.java:updateAndGet(148)) - omNode-1: start omNode-1@group-523986131536-FollowerState
2025-04-24 14:03:03,340 [omNode-1-impl-thread1] INFO  util.JmxRegister (JmxRegister.java:tryRegister(44)) - Successfully registered JMX Bean with object name Ratis:service=RaftServer,group=group-523986131536,id=omNode-1
2025-04-24 14:03:03,340 [omNode-1-impl-thread1] INFO  util.JmxRegister (JmxRegister.java:register(58)) - register mxBean class org.apache.ratis.server.impl.RaftServerJmxAdapter as Ratis:service=RaftServer,group=group-523986131536,id=omNode-1
2025-04-24 14:03:03,340 [omNode-1-impl-thread1] INFO  server.RaftServerConfigKeys (ConfUtils.java:logGet(46)) - raft.server.snapshot.trigger-when-stop.enabled = true (default)
2025-04-24 14:03:03,340 [omNode-1-impl-thread1] INFO  server.RaftServerConfigKeys (ConfUtils.java:logGet(46)) - raft.server.snapshot.trigger-when-remove.enabled = true (default)
2025-04-24 14:03:03,340 [omNode-1-impl-thread1] INFO  server.RaftServerConfigKeys (ConfUtils.java:logGet(46)) - raft.server.snapshot.auto.trigger.enabled = true (custom)
2025-04-24 14:03:03,340 [omNode-1-impl-thread1] INFO  server.RaftServerConfigKeys (ConfUtils.java:logGet(46)) - raft.server.snapshot.auto.trigger.threshold = 50 (custom)
2025-04-24 14:03:03,340 [omNode-1-impl-thread1] INFO  server.RaftServerConfigKeys (ConfUtils.java:logGet(46)) - raft.server.snapshot.retention.file.num = -1 (default)
2025-04-24 14:03:03,340 [omNode-1-impl-thread1] INFO  server.RaftServerConfigKeys (ConfUtils.java:logGet(46)) - raft.server.log.purge.upto.snapshot.index = true (custom)
2025-04-24 14:03:03,341 [omNode-1@group-523986131536-FollowerState] INFO  server.RaftServerConfigKeys (ConfUtils.java:logFallback(53)) - raft.server.rpc.first-election.timeout.min = 1s (fallback to raft.server.rpc.timeout.min)
2025-04-24 14:03:03,341 [omNode-1@group-523986131536-FollowerState] INFO  server.RaftServerConfigKeys (ConfUtils.java:logFallback(53)) - raft.server.rpc.first-election.timeout.max = 1200ms (fallback to raft.server.rpc.timeout.max)
2025-04-24 14:03:03,341 [omNode-1-impl-thread1] INFO  server.RaftServer$Division (RaftServerImpl.java:start(405)) - omNode-1@group-523986131536: Successfully started.
2025-04-24 14:03:03,341 [main] INFO  server.RaftServer (RaftServerProxy.java:startImpl(407)) - omNode-1: start RPC server
2025-04-24 14:03:03,342 [main] INFO  server.GrpcService (GrpcService.java:startImpl(334)) - omNode-1: GrpcService started, listening on 15009
2025-04-24 14:03:03,342 [main] INFO  om.OzoneManager (OzoneManager.java:getRpcServer(1360)) - Creating RPC Server
2025-04-24 14:03:03,342 [JvmPauseMonitor18] INFO  util.JvmPauseMonitor (JvmPauseMonitor.java:run(146)) - JvmPauseMonitor-omNode-1: Started
2025-04-24 14:03:03,707 [main] INFO  reflections.Reflections (Reflections.java:scan(219)) - Reflections took 364 ms to scan 22 urls, producing 61 keys and 7423 values
2025-04-24 14:03:03,708 [main] INFO  ipc.CallQueueManager (CallQueueManager.java:<init>(93)) - Using callQueue: class java.util.concurrent.LinkedBlockingQueue, queueCapacity: 2000, scheduler: class org.apache.hadoop.ipc.DefaultRpcScheduler, ipcBackoff: false, ipcFailOver: false.
2025-04-24 14:03:03,708 [main] INFO  ipc.Server (Server.java:<init>(1438)) - Listener at localhost:15006
2025-04-24 14:03:03,709 [Socket Reader #1 for port 15006] INFO  ipc.Server (Server.java:run(1474)) - Starting Socket Reader #1 for port 15006
2025-04-24 14:03:03,709 [Socket Reader #2 for port 15006] INFO  ipc.Server (Server.java:run(1474)) - Starting Socket Reader #2 for port 15006
2025-04-24 14:03:03,709 [Socket Reader #3 for port 15006] INFO  ipc.Server (Server.java:run(1474)) - Starting Socket Reader #3 for port 15006
2025-04-24 14:03:03,709 [Socket Reader #4 for port 15006] INFO  ipc.Server (Server.java:run(1474)) - Starting Socket Reader #4 for port 15006
2025-04-24 14:03:03,709 [Socket Reader #5 for port 15006] INFO  ipc.Server (Server.java:run(1474)) - Starting Socket Reader #5 for port 15006
2025-04-24 14:03:03,709 [Socket Reader #6 for port 15006] INFO  ipc.Server (Server.java:run(1474)) - Starting Socket Reader #6 for port 15006
2025-04-24 14:03:03,709 [Socket Reader #7 for port 15006] INFO  ipc.Server (Server.java:run(1474)) - Starting Socket Reader #7 for port 15006
2025-04-24 14:03:03,710 [Socket Reader #8 for port 15006] INFO  ipc.Server (Server.java:run(1474)) - Starting Socket Reader #8 for port 15006
2025-04-24 14:03:03,710 [Socket Reader #9 for port 15006] INFO  ipc.Server (Server.java:run(1474)) - Starting Socket Reader #9 for port 15006
2025-04-24 14:03:03,710 [Socket Reader #10 for port 15006] INFO  ipc.Server (Server.java:run(1474)) - Starting Socket Reader #10 for port 15006
2025-04-24 14:03:03,712 [main] INFO  http.BaseHttpServer (BaseHttpServer.java:newHttpServer2BuilderForOzone(229)) - Starting Web-server for ozoneManager at: http://0.0.0.0:15007
2025-04-24 14:03:03,712 [main] INFO  http.BaseHttpServer (BaseHttpServer.java:<init>(107)) - Hadoop Security Enabled: false Ozone Security Enabled: false Ozone HTTP Security Enabled: false 
2025-04-24 14:03:03,713 [main] WARN  server.AuthenticationFilter (AuthenticationFilter.java:constructSecretProvider(240)) - Unable to initialize FileSignerSecretProvider, falling back to use random secrets. Reason: Could not read signature secret file: /home/runner/hadoop-http-auth-signature-secret
2025-04-24 14:03:03,715 [main] INFO  http.HttpServer2 (HttpServer2.java:addGlobalFilter(1041)) - Added global filter 'safety' (class=org.apache.hadoop.hdds.server.http.HttpServer2$QuotingInputFilter)
2025-04-24 14:03:03,716 [main] INFO  http.HttpServer2 (HttpServer2.java:addFilter(1017)) - Added filter static_user_filter (class=org.apache.hadoop.http.lib.StaticUserWebFilter$StaticUserFilter) to context ozoneManager
2025-04-24 14:03:03,716 [main] INFO  http.HttpServer2 (HttpServer2.java:addFilter(1025)) - Added filter static_user_filter (class=org.apache.hadoop.http.lib.StaticUserWebFilter$StaticUserFilter) to context static
2025-04-24 14:03:03,716 [main] INFO  http.HttpServer2 (HttpServer2.java:addFilter(1025)) - Added filter static_user_filter (class=org.apache.hadoop.http.lib.StaticUserWebFilter$StaticUserFilter) to context logs
2025-04-24 14:03:03,716 [main] INFO  http.BaseHttpServer (BaseHttpServer.java:<init>(195)) - HTTP server of ozoneManager uses base directory /home/runner/work/ozone/ozone/hadoop-ozone/integration-test/target/test-dir/MiniOzoneClusterImpl-4e6105ad-12bc-4f18-9d37-351d73277e17/omNode-1/webserver
2025-04-24 14:03:03,717 [main] INFO  http.HttpServer2 (HttpServer2.java:bindListener(1241)) - Jetty bound to port 15007
2025-04-24 14:03:03,717 [main] INFO  server.Server (Server.java:doStart(375)) - jetty-9.4.57.v20241219; built: 2025-01-08T21:24:30.412Z; git: df524e6b29271c2e09ba9aea83c18dc9db464a31; jvm 21.0.7+6-LTS
2025-04-24 14:03:03,718 [main] INFO  server.session (DefaultSessionIdManager.java:doStart(334)) - DefaultSessionIdManager workerName=node0
2025-04-24 14:03:03,718 [main] INFO  server.session (DefaultSessionIdManager.java:doStart(339)) - No SessionScavenger set, using defaults
2025-04-24 14:03:03,718 [main] INFO  server.session (HouseKeeper.java:startScavenging(132)) - node0 Scavenging every 660000ms
2025-04-24 14:03:03,719 [main] INFO  handler.ContextHandler (ContextHandler.java:doStart(921)) - Started o.e.j.s.ServletContextHandler@e84c96d{logs,/logs,file:///home/runner/work/ozone/ozone/hadoop-ozone/integration-test/target/log,AVAILABLE}
2025-04-24 14:03:03,719 [main] INFO  handler.ContextHandler (ContextHandler.java:doStart(921)) - Started o.e.j.s.ServletContextHandler@4fe66346{static,/static,file:///home/runner/work/ozone/ozone/hadoop-ozone/integration-test/target/test-classes/webapps/static,AVAILABLE}
2025-04-24 14:03:03,724 [main] INFO  handler.ContextHandler (ContextHandler.java:doStart(921)) - Started o.e.j.w.WebAppContext@c93044f{ozoneManager,/,file:///home/runner/work/ozone/ozone/hadoop-ozone/integration-test/target/test-classes/webapps/ozoneManager/,AVAILABLE}{file:/home/runner/work/ozone/ozone/hadoop-ozone/integration-test/target/test-classes/webapps/ozoneManager}
2025-04-24 14:03:03,724 [main] INFO  server.AbstractConnector (AbstractConnector.java:doStart(333)) - Started ServerConnector@1402e0bf{HTTP/1.1, (http/1.1)}{0.0.0.0:15007}
2025-04-24 14:03:03,724 [main] INFO  server.Server (Server.java:doStart(415)) - Started @65056ms
2025-04-24 14:03:03,724 [main] WARN  impl.MetricsSystemImpl (MetricsSystemImpl.java:register(279)) - Sink prometheus already exists!
2025-04-24 14:03:03,725 [main] INFO  http.BaseHttpServer (BaseHttpServer.java:updateConnectorAddress(360)) - HTTP server of ozoneManager listening at http://0.0.0.0:15007
2025-04-24 14:03:03,725 [IPC Server Responder] INFO  ipc.Server (Server.java:run(1713)) - IPC Server Responder: starting
2025-04-24 14:03:03,725 [IPC Server listener on 15006] INFO  ipc.Server (Server.java:run(1553)) - IPC Server listener on 15006: starting
2025-04-24 14:03:03,728 [main] INFO  om.OzoneManager (OzoneManager.java:startTrashEmptier(2257)) - Trash Interval set to 0. Files deleted won't move to trash
2025-04-24 14:03:03,728 [main] INFO  om.OzoneManager (OzoneManager.java:restart(1878)) - OzoneManager RPC server is listening at localhost/127.0.0.1:15010
2025-04-24 14:03:03,728 [main] INFO  impl.MetricsSystemImpl (MetricsSystemImpl.java:init(158)) - OzoneManager metrics system started (again)
2025-04-24 14:03:03,740 [main] WARN  server.ServerUtils (ServerUtils.java:getDBPath(297)) - ozone.om.db.dirs is not configured. We recommend adding this setting. Falling back to ozone.metadata.dirs instead.
2025-04-24 14:03:03,780 [main] INFO  om.OzoneManager (OzoneManager.java:instantiateServices(933)) - S3 Multi-Tenancy is disabled
2025-04-24 14:03:03,780 [main] INFO  om.OmSnapshotManager (OmSnapshotManager.java:<init>(180)) - Ozone filesystem snapshot feature is enabled.
2025-04-24 14:03:03,780 [main] WARN  server.ServerUtils (ServerUtils.java:getDBPath(297)) - ozone.om.snapshot.diff.db.dir is not configured. We recommend adding this setting. Falling back to ozone.metadata.dirs instead.
2025-04-24 14:03:03,794 [main] WARN  dropwizard3.Dm3MetricRegistriesImpl (Dm3MetricRegistriesImpl.java:addReporterRegistration(114)) - New reporters are added after registries were created. Some metrics will be missing from the reporter. Please add reporter before adding any new registry.
2025-04-24 14:03:03,794 [main] WARN  dropwizard3.Dm3MetricRegistriesImpl (Dm3MetricRegistriesImpl.java:addReporterRegistration(114)) - New reporters are added after registries were created. Some metrics will be missing from the reporter. Please add reporter before adding any new registry.
2025-04-24 14:03:03,794 [main] WARN  server.ServerUtils (ServerUtils.java:getDefaultRatisDirectory(309)) - Storage directory for Ratis is not configured. It is a good idea to map this to an SSD disk. Falling back to ozone.metadata.dirs
2025-04-24 14:03:03,795 [main] INFO  server.RaftServerConfigKeys (ConfUtils.java:logGet(46)) - raft.server.log.appender.buffer.byte-limit = 4194304 (custom)
2025-04-24 14:03:03,796 [main] INFO  ratis.OzoneManagerRatisServer (OzoneManagerRatisServer.java:<init>(167)) - Instantiating OM Ratis server with groupID: om-service-test1 and peers: localhost:15013, localhost:15017, localhost:15009
2025-04-24 14:03:03,796 [main] INFO  ratis.OzoneManagerStateMachine (OzoneManagerStateMachine.java:loadSnapshotInfoFromDB(611)) - LastAppliedIndex is set from TransactionInfo from OM DB as (t:5, i:67)
2025-04-24 14:03:03,797 [main] INFO  server.RaftServer (ConfUtils.java:logGet(46)) - raft.rpc.type = GRPC (default)
2025-04-24 14:03:03,797 [main] INFO  grpc.GrpcConfigKeys (ConfUtils.java:logFallback(53)) - raft.grpc.admin.host = null (fallback to raft.grpc.server.host)
2025-04-24 14:03:03,797 [main] INFO  grpc.GrpcConfigKeys (ConfUtils.java:logFallback(53)) - raft.grpc.admin.port = 15013 (fallback to raft.grpc.server.port)
2025-04-24 14:03:03,797 [main] INFO  grpc.GrpcConfigKeys (ConfUtils.java:logFallback(53)) - raft.grpc.client.host = null (fallback to raft.grpc.server.host)
2025-04-24 14:03:03,797 [main] INFO  grpc.GrpcConfigKeys (ConfUtils.java:logFallback(53)) - raft.grpc.client.port = 15013 (fallback to raft.grpc.server.port)
2025-04-24 14:03:03,797 [main] INFO  grpc.GrpcConfigKeys (ConfUtils.java:logGet(46)) - raft.grpc.server.host = null (default)
2025-04-24 14:03:03,797 [main] INFO  grpc.GrpcConfigKeys (ConfUtils.java:logGet(46)) - raft.grpc.server.port = 15013 (custom)
2025-04-24 14:03:03,797 [main] INFO  server.GrpcService (ConfUtils.java:logGet(46)) - raft.grpc.message.size.max = 5242880 (custom)
2025-04-24 14:03:03,797 [main] INFO  server.GrpcService (ConfUtils.java:logGet(46)) - raft.grpc.flow.control.window = 1MB (=1048576) (default)
2025-04-24 14:03:03,797 [main] INFO  server.RaftServerConfigKeys (ConfUtils.java:logGet(46)) - raft.server.rpc.request.timeout = 3000ms (default)
2025-04-24 14:03:03,797 [main] INFO  grpc.GrpcConfigKeys (ConfUtils.java:logGet(46)) - raft.grpc.server.heartbeat.channel = true (default)
2025-04-24 14:03:03,798 [main] INFO  server.RaftServerConfigKeys (ConfUtils.java:logGet(46)) - raft.server.log.appender.buffer.byte-limit = 4194304 (custom)
2025-04-24 14:03:03,798 [main] INFO  grpc.GrpcConfigKeys (ConfUtils.java:logGet(46)) - raft.grpc.server.async.request.thread.pool.cached = true (default)
2025-04-24 14:03:03,798 [main] INFO  grpc.GrpcConfigKeys (ConfUtils.java:logGet(46)) - raft.grpc.server.async.request.thread.pool.size = 32 (default)
2025-04-24 14:03:03,798 [main] INFO  impl.DataStreamServerImpl (ConfUtils.java:logGet(46)) - raft.datastream.type = DISABLED (default)
2025-04-24 14:03:03,798 [main] INFO  server.RaftServerConfigKeys (ConfUtils.java:logGet(46)) - raft.server.sleep.deviation.threshold = 300ms (default)
2025-04-24 14:03:03,799 [main] INFO  server.RaftServerConfigKeys (ConfUtils.java:logGet(46)) - raft.server.close.threshold = 60s (default)
2025-04-24 14:03:03,799 [main] INFO  server.RaftServerConfigKeys (ConfUtils.java:logGet(46)) - raft.server.leaderelection.leader.step-down.wait-time = 10s (default)
2025-04-24 14:03:03,799 [main] INFO  server.RaftServerConfigKeys (ConfUtils.java:logGet(46)) - raft.server.storage.dir = [/home/runner/work/ozone/ozone/hadoop-ozone/integration-test/target/test-dir/MiniOzoneClusterImpl-4e6105ad-12bc-4f18-9d37-351d73277e17/omNode-2/ratis] (custom)
2025-04-24 14:03:03,799 [main] INFO  server.RaftServerConfigKeys (ConfUtils.java:logGet(46)) - raft.server.threadpool.proxy.cached = true (default)
2025-04-24 14:03:03,799 [main] INFO  server.RaftServerConfigKeys (ConfUtils.java:logGet(46)) - raft.server.threadpool.proxy.size = 0 (default)
2025-04-24 14:03:03,799 [omNode-2-impl-thread1] INFO  server.RaftServer (RaftServerProxy.java:initGroupDir(265)) - omNode-2: found a subdirectory /home/runner/work/ozone/ozone/hadoop-ozone/integration-test/target/test-dir/MiniOzoneClusterImpl-4e6105ad-12bc-4f18-9d37-351d73277e17/omNode-2/ratis/c9bc4cf4-3bc3-3c60-a66b-523986131536
2025-04-24 14:03:03,799 [main] INFO  server.RaftServer (RaftServerProxy.java:addNew(100)) - omNode-2: addNew group-523986131536:[omNode-3|localhost:15017, omNode-1|localhost:15009, omNode-2|localhost:15013] returns group-523986131536:java.util.concurrent.CompletableFuture@2465c8a4[Not completed]
2025-04-24 14:03:03,800 [main] INFO  om.OzoneManager (OzoneManager.java:initializeRatisServer(2303)) - OzoneManager Ratis server initialized at port 15013
2025-04-24 14:03:03,800 [main] INFO  ratis.OzoneManagerRatisServer (OzoneManagerRatisServer.java:start(628)) - Starting OzoneManagerRatisServer omNode-2 at port 15013
2025-04-24 14:03:03,800 [omNode-2-groupManagement] INFO  server.RaftServer$Division (RaftServerImpl.java:<init>(255)) - omNode-2: new RaftServerImpl for group-523986131536:[omNode-3|localhost:15017, omNode-1|localhost:15009, omNode-2|localhost:15013] with OzoneManagerStateMachine:uninitialized
2025-04-24 14:03:03,800 [omNode-2-groupManagement] INFO  server.RaftServerConfigKeys (ConfUtils.java:logGet(46)) - raft.server.rpc.timeout.min = 1s (custom)
2025-04-24 14:03:03,800 [omNode-2-groupManagement] INFO  server.RaftServerConfigKeys (ConfUtils.java:logGet(46)) - raft.server.rpc.timeout.max = 1200ms (custom)
2025-04-24 14:03:03,800 [omNode-2-groupManagement] INFO  server.RaftServerConfigKeys (ConfUtils.java:logGet(46)) - raft.server.rpc.sleep.time = 25ms (default)
2025-04-24 14:03:03,800 [omNode-2-groupManagement] INFO  server.RaftServerConfigKeys (ConfUtils.java:logGet(46)) - raft.server.rpc.slowness.timeout = 2s (custom)
2025-04-24 14:03:03,800 [omNode-2-groupManagement] INFO  server.RaftServerConfigKeys (ConfUtils.java:logGet(46)) - raft.server.leaderelection.leader.step-down.wait-time = 10s (default)
2025-04-24 14:03:03,800 [omNode-2-groupManagement] INFO  server.RaftServerConfigKeys (ConfUtils.java:logGet(46)) - raft.server.leaderelection.member.majority-add = false (default)
2025-04-24 14:03:03,800 [omNode-2-groupManagement] INFO  server.RaftServerConfigKeys (ConfUtils.java:logGet(46)) - raft.server.sleep.deviation.threshold = 300ms (default)
2025-04-24 14:03:03,800 [omNode-2-groupManagement] INFO  server.RaftServer$Division (ServerState.java:<init>(114)) - omNode-2@group-523986131536: ConfigurationManager, init=conf: {index: -1, cur=peers:[omNode-3|localhost:15017, omNode-1|localhost:15009, omNode-2|localhost:15013]|listeners:[], old=null}, confs=<EMPTY_MAP>
2025-04-24 14:03:03,800 [omNode-2-groupManagement] INFO  server.RaftServerConfigKeys (ConfUtils.java:logGet(46)) - raft.server.notification.no-leader.timeout = 2s (custom)
2025-04-24 14:03:03,800 [omNode-2-groupManagement] INFO  server.RaftServerConfigKeys (ConfUtils.java:logGet(46)) - raft.server.read.timeout = 10s (default)
2025-04-24 14:03:03,800 [omNode-2-groupManagement] INFO  server.RaftServerConfigKeys (ConfUtils.java:logGet(46)) - raft.server.retrycache.expirytime = 30000ms (custom)
2025-04-24 14:03:03,800 [omNode-2-groupManagement] INFO  server.RaftServerConfigKeys (ConfUtils.java:logGet(46)) - raft.server.retrycache.statistics.expirytime = 100ms (default)
2025-04-24 14:03:03,800 [omNode-2-groupManagement] INFO  server.RaftServerConfigKeys (ConfUtils.java:logGet(46)) - raft.server.read.option = DEFAULT (default)
2025-04-24 14:03:03,800 [omNode-2-groupManagement] INFO  server.RaftServerConfigKeys (ConfUtils.java:logGet(46)) - raft.server.read.read-after-write-consistent.write-index-cache.expiry-time = 60s (default)
2025-04-24 14:03:03,802 [omNode-2-groupManagement] INFO  server.RaftServerConfigKeys (ConfUtils.java:logGet(46)) - raft.server.rpc.request.timeout = 3000ms (default)
2025-04-24 14:03:03,802 [omNode-2-groupManagement] INFO  server.RaftServerConfigKeys (ConfUtils.java:logGet(46)) - raft.server.log.appender.install.snapshot.enabled = false (custom)
2025-04-24 14:03:03,802 [omNode-2-groupManagement] INFO  server.RaftServerConfigKeys (ConfUtils.java:logGet(46)) - raft.server.threadpool.server.cached = true (default)
2025-04-24 14:03:03,802 [omNode-2-groupManagement] INFO  server.RaftServerConfigKeys (ConfUtils.java:logGet(46)) - raft.server.threadpool.server.size = 0 (default)
2025-04-24 14:03:03,802 [omNode-2-groupManagement] INFO  server.RaftServerConfigKeys (ConfUtils.java:logGet(46)) - raft.server.threadpool.client.cached = true (default)
2025-04-24 14:03:03,802 [omNode-2-groupManagement] INFO  server.RaftServerConfigKeys (ConfUtils.java:logGet(46)) - raft.server.threadpool.client.size = 0 (default)
2025-04-24 14:03:03,802 [omNode-2-impl-thread1] INFO  server.RaftServerConfigKeys (ConfUtils.java:logGet(46)) - raft.server.storage.free-space.min = 0MB (=0) (default)
2025-04-24 14:03:03,802 [omNode-2-impl-thread1] INFO  server.RaftServerConfigKeys (ConfUtils.java:logGet(46)) - raft.server.log.corruption.policy = EXCEPTION (default)
2025-04-24 14:03:03,802 [omNode-2-impl-thread1] INFO  server.RaftServerConfigKeys (ConfUtils.java:logGet(46)) - raft.server.storage.dir = [/home/runner/work/ozone/ozone/hadoop-ozone/integration-test/target/test-dir/MiniOzoneClusterImpl-4e6105ad-12bc-4f18-9d37-351d73277e17/omNode-2/ratis] (custom)
2025-04-24 14:03:03,804 [omNode-2-impl-thread1] INFO  storage.RaftStorageDirectory (RaftStorageDirectoryImpl.java:tryLock(229)) - Lock on /home/runner/work/ozone/ozone/hadoop-ozone/integration-test/target/test-dir/MiniOzoneClusterImpl-4e6105ad-12bc-4f18-9d37-351d73277e17/omNode-2/ratis/c9bc4cf4-3bc3-3c60-a66b-523986131536/in_use.lock acquired by nodename 129728@fv-az2210-761
2025-04-24 14:03:03,804 [omNode-2-impl-thread1] INFO  storage.RaftStorage (RaftStorageImpl.java:analyzeAndRecoverStorage(118)) - Read RaftStorageMetadata{term=5, votedFor=omNode-3} from /home/runner/work/ozone/ozone/hadoop-ozone/integration-test/target/test-dir/MiniOzoneClusterImpl-4e6105ad-12bc-4f18-9d37-351d73277e17/omNode-2/ratis/c9bc4cf4-3bc3-3c60-a66b-523986131536/current/raft-meta
2025-04-24 14:03:03,805 [omNode-2-impl-thread1] INFO  server.RaftServer$Division (ServerState.java:setRaftConf(386)) - omNode-2@group-523986131536: set configuration conf: {index: 34, cur=peers:[omNode-3|localhost:15017, omNode-1|localhost:15009, omNode-2|localhost:15013]|listeners:[], old=null}
2025-04-24 14:03:03,805 [omNode-2-impl-thread1] INFO  ratis.OzoneManagerStateMachine (OzoneManagerStateMachine.java:lambda$0(138)) - omNode-2: initialize group-523986131536 with (t:5, i:67)
2025-04-24 14:03:03,805 [omNode-2-impl-thread1] INFO  server.RaftServerConfigKeys (ConfUtils.java:logGet(46)) - raft.server.log.use.memory = false (default)
2025-04-24 14:03:03,805 [omNode-2-impl-thread1] INFO  server.RaftServerConfigKeys (ConfUtils.java:logGet(46)) - raft.server.log.purge.gap = 50 (custom)
2025-04-24 14:03:03,805 [omNode-2-impl-thread1] INFO  server.RaftServerConfigKeys (ConfUtils.java:logGet(46)) - raft.server.log.appender.buffer.byte-limit = 4194304 (custom)
2025-04-24 14:03:03,805 [omNode-2-impl-thread1] INFO  server.RaftServerConfigKeys (ConfUtils.java:logGet(46)) - raft.server.log.statemachine.data.read.timeout = 1000ms (default)
2025-04-24 14:03:03,805 [omNode-2-impl-thread1] INFO  server.RaftServerConfigKeys (ConfUtils.java:logGet(46)) - raft.server.log.purge.preservation.log.num = 0 (default)
2025-04-24 14:03:03,806 [omNode-2-impl-thread1] INFO  server.RaftServerConfigKeys (ConfUtils.java:logGet(46)) - raft.server.log.segment.size.max = 4194304 (custom)
2025-04-24 14:03:03,807 [omNode-2-impl-thread1] INFO  server.RaftServerConfigKeys (ConfUtils.java:logGet(46)) - raft.server.log.segment.cache.num.max = 2 (custom)
2025-04-24 14:03:03,807 [omNode-2-impl-thread1] INFO  server.RaftServerConfigKeys (ConfUtils.java:logGet(46)) - raft.server.log.segment.cache.size.max = 200MB (=209715200) (default)
2025-04-24 14:03:03,807 [omNode-2-impl-thread1] INFO  server.RaftServerConfigKeys (ConfUtils.java:logGet(46)) - raft.server.log.appender.buffer.byte-limit = 4194304 (custom)
2025-04-24 14:03:03,807 [omNode-2-impl-thread1] INFO  util.AwaitToRun (AwaitToRun.java:start(81)) - Thread[#3027,omNode-2@group-523986131536-cacheEviction-AwaitToRun,5,main] started
2025-04-24 14:03:03,807 [omNode-2-impl-thread1] INFO  segmented.SegmentedRaftLogWorker (SegmentedRaftLogWorker.java:<init>(188)) - new omNode-2@group-523986131536-SegmentedRaftLogWorker for RaftStorageImpl:Storage Directory /home/runner/work/ozone/ozone/hadoop-ozone/integration-test/target/test-dir/MiniOzoneClusterImpl-4e6105ad-12bc-4f18-9d37-351d73277e17/omNode-2/ratis/c9bc4cf4-3bc3-3c60-a66b-523986131536
2025-04-24 14:03:03,807 [omNode-2-impl-thread1] INFO  server.RaftServerConfigKeys (ConfUtils.java:logGet(46)) - raft.server.log.queue.byte-limit = 64MB (=67108864) (default)
2025-04-24 14:03:03,807 [omNode-2-impl-thread1] INFO  server.RaftServerConfigKeys (ConfUtils.java:logGet(46)) - raft.server.log.queue.element-limit = 4096 (default)
2025-04-24 14:03:03,807 [omNode-2-impl-thread1] INFO  server.RaftServerConfigKeys (ConfUtils.java:logGet(46)) - raft.server.log.segment.size.max = 4194304 (custom)
2025-04-24 14:03:03,807 [omNode-2-impl-thread1] INFO  server.RaftServerConfigKeys (ConfUtils.java:logGet(46)) - raft.server.log.preallocated.size = 4194304 (custom)
2025-04-24 14:03:03,807 [omNode-2-impl-thread1] INFO  server.RaftServerConfigKeys (ConfUtils.java:logGet(46)) - raft.server.log.force.sync.num = 128 (default)
2025-04-24 14:03:03,807 [omNode-2-impl-thread1] INFO  server.RaftServerConfigKeys (ConfUtils.java:logGet(46)) - raft.server.log.statemachine.data.sync = true (default)
2025-04-24 14:03:03,807 [omNode-2-impl-thread1] INFO  server.RaftServerConfigKeys (ConfUtils.java:logGet(46)) - raft.server.log.statemachine.data.sync.timeout = 10s (default)
2025-04-24 14:03:03,807 [omNode-2-impl-thread1] INFO  server.RaftServerConfigKeys (ConfUtils.java:logGet(46)) - raft.server.log.statemachine.data.sync.timeout.retry = -1 (default)
2025-04-24 14:03:03,808 [omNode-2-impl-thread1] INFO  server.RaftServerConfigKeys (ConfUtils.java:logGet(46)) - raft.server.log.write.buffer.size = 4194312 (custom)
2025-04-24 14:03:03,809 [omNode-2-impl-thread1] INFO  server.RaftServerConfigKeys (ConfUtils.java:logGet(46)) - raft.server.log.appender.buffer.byte-limit = 4194304 (custom)
2025-04-24 14:03:03,809 [omNode-2-impl-thread1] INFO  server.RaftServerConfigKeys (ConfUtils.java:logGet(46)) - raft.server.log.unsafe-flush.enabled = false (default)
2025-04-24 14:03:03,809 [omNode-2-impl-thread1] INFO  server.RaftServerConfigKeys (ConfUtils.java:logGet(46)) - raft.server.log.async-flush.enabled = false (default)
2025-04-24 14:03:03,809 [omNode-2-impl-thread1] INFO  server.RaftServerConfigKeys (ConfUtils.java:logGet(46)) - raft.server.log.statemachine.data.caching.enabled = false (default)
2025-04-24 14:03:03,810 [omNode-2-impl-thread1] INFO  server.RaftServer$Division (ServerState.java:setRaftConf(386)) - omNode-2@group-523986131536: set configuration conf: {index: 34, cur=peers:[omNode-3|localhost:15017, omNode-1|localhost:15009, omNode-2|localhost:15013]|listeners:[], old=null}
2025-04-24 14:03:03,811 [omNode-2-impl-thread1] INFO  segmented.LogSegment (LogSegment.java:loadSegment(171)) - Successfully read 34 entries from segment file /home/runner/work/ozone/ozone/hadoop-ozone/integration-test/target/test-dir/MiniOzoneClusterImpl-4e6105ad-12bc-4f18-9d37-351d73277e17/omNode-2/ratis/c9bc4cf4-3bc3-3c60-a66b-523986131536/current/log_inprogress_34
2025-04-24 14:03:03,811 [omNode-2-impl-thread1] INFO  segmented.SegmentedRaftLogWorker (SegmentedRaftLogWorker.java:lambda$new$0(139)) - omNode-2@group-523986131536-SegmentedRaftLogWorker: flushIndex: setUnconditionally 0 -> 67
2025-04-24 14:03:03,811 [omNode-2-impl-thread1] INFO  segmented.SegmentedRaftLogWorker (SegmentedRaftLogWorker.java:lambda$new$0(139)) - omNode-2@group-523986131536-SegmentedRaftLogWorker: safeCacheEvictIndex: setUnconditionally 0 -> -1
2025-04-24 14:03:03,811 [omNode-2-impl-thread1] INFO  segmented.BufferedWriteChannel (BufferedWriteChannel.java:open(61)) - open log_inprogress_34 (append) at position 7630
2025-04-24 14:03:03,811 [omNode-2-impl-thread1] INFO  raftlog.RaftLog (RaftLogBase.java:lambda$new$0(54)) - omNode-2@group-523986131536-SegmentedRaftLog: purgeIndex: updateToMax old=-1, new=33, updated? true
2025-04-24 14:03:03,811 [omNode-2-impl-thread1] INFO  server.RaftServer$Division (RaftServerImpl.java:start(391)) - omNode-2@group-523986131536: start as a follower, conf=conf: {index: 34, cur=peers:[omNode-3|localhost:15017, omNode-1|localhost:15009, omNode-2|localhost:15013]|listeners:[], old=null}
2025-04-24 14:03:03,811 [omNode-2-impl-thread1] INFO  server.RaftServer$Division (RaftServerImpl.java:setRole(378)) - omNode-2@group-523986131536: changes role from      null to FOLLOWER at term 5 for startAsFollower
2025-04-24 14:03:03,811 [omNode-2-impl-thread1] INFO  impl.RoleInfo (RoleInfo.java:updateAndGet(148)) - omNode-2: start omNode-2@group-523986131536-FollowerState
2025-04-24 14:03:03,811 [omNode-2-impl-thread1] INFO  util.JmxRegister (JmxRegister.java:tryRegister(44)) - Successfully registered JMX Bean with object name Ratis:service=RaftServer,group=group-523986131536,id=omNode-2
2025-04-24 14:03:03,812 [omNode-2-impl-thread1] INFO  util.JmxRegister (JmxRegister.java:register(58)) - register mxBean class org.apache.ratis.server.impl.RaftServerJmxAdapter as Ratis:service=RaftServer,group=group-523986131536,id=omNode-2
2025-04-24 14:03:03,812 [omNode-2-impl-thread1] INFO  server.RaftServerConfigKeys (ConfUtils.java:logGet(46)) - raft.server.snapshot.trigger-when-stop.enabled = true (default)
2025-04-24 14:03:03,812 [omNode-2-impl-thread1] INFO  server.RaftServerConfigKeys (ConfUtils.java:logGet(46)) - raft.server.snapshot.trigger-when-remove.enabled = true (default)
2025-04-24 14:03:03,812 [omNode-2-impl-thread1] INFO  server.RaftServerConfigKeys (ConfUtils.java:logGet(46)) - raft.server.snapshot.auto.trigger.enabled = true (custom)
2025-04-24 14:03:03,812 [omNode-2-impl-thread1] INFO  server.RaftServerConfigKeys (ConfUtils.java:logGet(46)) - raft.server.snapshot.auto.trigger.threshold = 50 (custom)
2025-04-24 14:03:03,812 [omNode-2@group-523986131536-FollowerState] INFO  server.RaftServerConfigKeys (ConfUtils.java:logFallback(53)) - raft.server.rpc.first-election.timeout.min = 1s (fallback to raft.server.rpc.timeout.min)
2025-04-24 14:03:03,812 [omNode-2@group-523986131536-FollowerState] INFO  server.RaftServerConfigKeys (ConfUtils.java:logFallback(53)) - raft.server.rpc.first-election.timeout.max = 1200ms (fallback to raft.server.rpc.timeout.max)
2025-04-24 14:03:03,812 [omNode-2-impl-thread1] INFO  server.RaftServerConfigKeys (ConfUtils.java:logGet(46)) - raft.server.snapshot.retention.file.num = -1 (default)
2025-04-24 14:03:03,812 [omNode-2-impl-thread1] INFO  server.RaftServerConfigKeys (ConfUtils.java:logGet(46)) - raft.server.log.purge.upto.snapshot.index = true (custom)
2025-04-24 14:03:03,812 [omNode-2-impl-thread1] INFO  server.RaftServer$Division (RaftServerImpl.java:start(405)) - omNode-2@group-523986131536: Successfully started.
2025-04-24 14:03:03,812 [main] INFO  server.RaftServer (RaftServerProxy.java:startImpl(407)) - omNode-2: start RPC server
2025-04-24 14:03:03,813 [main] INFO  server.GrpcService (GrpcService.java:startImpl(334)) - omNode-2: GrpcService started, listening on 15013
2025-04-24 14:03:03,813 [main] INFO  om.OzoneManager (OzoneManager.java:getRpcServer(1360)) - Creating RPC Server
2025-04-24 14:03:03,813 [JvmPauseMonitor19] INFO  util.JvmPauseMonitor (JvmPauseMonitor.java:run(146)) - JvmPauseMonitor-omNode-2: Started
2025-04-24 14:03:04,025 [omNode-3@group-523986131536-FollowerState] INFO  impl.FollowerState (FollowerState.java:runImpl(161)) - omNode-3@group-523986131536-FollowerState: change to CANDIDATE, lastRpcElapsedTime:1136510226ns, electionTimeout:1136ms
2025-04-24 14:03:04,025 [omNode-3@group-523986131536-FollowerState] INFO  impl.RoleInfo (RoleInfo.java:shutdownFollowerState(121)) - omNode-3: shutdown omNode-3@group-523986131536-FollowerState
2025-04-24 14:03:04,025 [omNode-3@group-523986131536-FollowerState] INFO  server.RaftServer$Division (RaftServerImpl.java:setRole(378)) - omNode-3@group-523986131536: changes role from  FOLLOWER to CANDIDATE at term 5 for changeToCandidate
2025-04-24 14:03:04,025 [omNode-3@group-523986131536-FollowerState] INFO  server.RaftServerConfigKeys (ConfUtils.java:logGet(46)) - raft.server.leaderelection.pre-vote = true (default)
2025-04-24 14:03:04,025 [omNode-3@group-523986131536-FollowerState] INFO  impl.RoleInfo (RoleInfo.java:updateAndGet(148)) - omNode-3: start omNode-3@group-523986131536-LeaderElection15
2025-04-24 14:03:04,026 [omNode-3@group-523986131536-LeaderElection15] INFO  impl.LeaderElection (LeaderElection.java:askForVotes(332)) - omNode-3@group-523986131536-LeaderElection15 PRE_VOTE round 0: submit vote requests at term 5 for conf: {index: 34, cur=peers:[omNode-3|localhost:15017, omNode-1|localhost:15009, omNode-2|localhost:15013]|listeners:[], old=null}
2025-04-24 14:03:04,026 [omNode-3@group-523986131536-LeaderElection15-1] INFO  server.GrpcServerProtocolClient (GrpcServerProtocolClient.java:<init>(65)) - Build channel for omNode-1|localhost:15009
2025-04-24 14:03:04,027 [omNode-3@group-523986131536-LeaderElection15] INFO  server.RaftServerConfigKeys (ConfUtils.java:logFallback(53)) - raft.server.rpc.first-election.timeout.min = 1s (fallback to raft.server.rpc.timeout.min)
2025-04-24 14:03:04,028 [omNode-3@group-523986131536-LeaderElection15] INFO  server.RaftServerConfigKeys (ConfUtils.java:logFallback(53)) - raft.server.rpc.first-election.timeout.max = 1200ms (fallback to raft.server.rpc.timeout.max)
2025-04-24 14:03:04,028 [omNode-3@group-523986131536-LeaderElection15-2] INFO  server.GrpcServerProtocolClient (GrpcServerProtocolClient.java:<init>(65)) - Build channel for omNode-2|localhost:15013
2025-04-24 14:03:04,033 [grpc-default-executor-4] INFO  server.RaftServer$Division (RaftServerImpl.java:requestVote(1407)) - omNode-1@group-523986131536: receive requestVote(PRE_VOTE, omNode-3, group-523986131536, 5, (t:5, i:67))
2025-04-24 14:03:04,034 [grpc-default-executor-4] INFO  impl.VoteContext (VoteContext.java:log(49)) - omNode-1@group-523986131536-FOLLOWER: accept PRE_VOTE from omNode-3: our priority 0 <= candidate's priority 0
2025-04-24 14:03:04,034 [grpc-default-executor-4] INFO  server.RaftServer$Division (RaftServerImpl.java:requestVote(1441)) - omNode-1@group-523986131536 replies to PRE_VOTE vote request: omNode-3<-omNode-1#0:OK-t5. Peer's state: omNode-1@group-523986131536:t5, leader=null, voted=omNode-3, raftlog=Memoized:omNode-1@group-523986131536-SegmentedRaftLog:OPENED:c67:last(t:5, i:67), conf=conf: {index: 34, cur=peers:[omNode-3|localhost:15017, omNode-1|localhost:15009, omNode-2|localhost:15013]|listeners:[], old=null}
2025-04-24 14:03:04,035 [grpc-default-executor-3] INFO  server.RaftServer$Division (RaftServerImpl.java:requestVote(1407)) - omNode-2@group-523986131536: receive requestVote(PRE_VOTE, omNode-3, group-523986131536, 5, (t:5, i:67))
2025-04-24 14:03:04,035 [grpc-default-executor-3] INFO  impl.VoteContext (VoteContext.java:log(49)) - omNode-2@group-523986131536-FOLLOWER: accept PRE_VOTE from omNode-3: our priority 0 <= candidate's priority 0
2025-04-24 14:03:04,035 [grpc-default-executor-3] INFO  server.RaftServer$Division (RaftServerImpl.java:requestVote(1441)) - omNode-2@group-523986131536 replies to PRE_VOTE vote request: omNode-3<-omNode-2#0:OK-t5. Peer's state: omNode-2@group-523986131536:t5, leader=null, voted=omNode-3, raftlog=Memoized:omNode-2@group-523986131536-SegmentedRaftLog:OPENED:c67:last(t:5, i:67), conf=conf: {index: 34, cur=peers:[omNode-3|localhost:15017, omNode-1|localhost:15009, omNode-2|localhost:15013]|listeners:[], old=null}
2025-04-24 14:03:04,036 [omNode-3@group-523986131536-LeaderElection15] INFO  impl.LeaderElection (LeaderElection.java:logAndReturn(90)) - omNode-3@group-523986131536-LeaderElection15: PRE_VOTE PASSED received 1 response(s) and 0 exception(s):
2025-04-24 14:03:04,036 [omNode-3@group-523986131536-LeaderElection15] INFO  impl.LeaderElection (LeaderElection.java:logAndReturn(94)) -   Response 0: omNode-3<-omNode-2#0:OK-t5
2025-04-24 14:03:04,037 [omNode-3@group-523986131536-LeaderElection15] INFO  impl.LeaderElection (LeaderElection.java:askForVotes(334)) - omNode-3@group-523986131536-LeaderElection15 PRE_VOTE round 0: result PASSED
2025-04-24 14:03:04,038 [omNode-3@group-523986131536-LeaderElection15] INFO  impl.LeaderElection (LeaderElection.java:askForVotes(332)) - omNode-3@group-523986131536-LeaderElection15 ELECTION round 0: submit vote requests at term 6 for conf: {index: 34, cur=peers:[omNode-3|localhost:15017, omNode-1|localhost:15009, omNode-2|localhost:15013]|listeners:[], old=null}
2025-04-24 14:03:04,039 [omNode-3@group-523986131536-LeaderElection15] INFO  server.RaftServerConfigKeys (ConfUtils.java:logFallback(53)) - raft.server.rpc.first-election.timeout.min = 1s (fallback to raft.server.rpc.timeout.min)
2025-04-24 14:03:04,039 [omNode-3@group-523986131536-LeaderElection15] INFO  server.RaftServerConfigKeys (ConfUtils.java:logFallback(53)) - raft.server.rpc.first-election.timeout.max = 1200ms (fallback to raft.server.rpc.timeout.max)
2025-04-24 14:03:04,040 [grpc-default-executor-4] INFO  server.RaftServer$Division (RaftServerImpl.java:requestVote(1407)) - omNode-1@group-523986131536: receive requestVote(ELECTION, omNode-3, group-523986131536, 6, (t:5, i:67))
2025-04-24 14:03:04,041 [grpc-default-executor-4] INFO  impl.VoteContext (VoteContext.java:log(49)) - omNode-1@group-523986131536-FOLLOWER: accept ELECTION from omNode-3: our priority 0 <= candidate's priority 0
2025-04-24 14:03:04,041 [grpc-default-executor-4] INFO  server.RaftServer$Division (RaftServerImpl.java:setRole(378)) - omNode-1@group-523986131536: changes role from  FOLLOWER to FOLLOWER at term 5 for candidate:omNode-3
2025-04-24 14:03:04,041 [grpc-default-executor-4] INFO  impl.RoleInfo (RoleInfo.java:shutdownFollowerState(121)) - omNode-1: shutdown omNode-1@group-523986131536-FollowerState
2025-04-24 14:03:04,041 [grpc-default-executor-3] INFO  server.RaftServer$Division (RaftServerImpl.java:requestVote(1407)) - omNode-2@group-523986131536: receive requestVote(ELECTION, omNode-3, group-523986131536, 6, (t:5, i:67))
2025-04-24 14:03:04,041 [grpc-default-executor-3] INFO  impl.VoteContext (VoteContext.java:log(49)) - omNode-2@group-523986131536-FOLLOWER: accept ELECTION from omNode-3: our priority 0 <= candidate's priority 0
2025-04-24 14:03:04,041 [grpc-default-executor-3] INFO  server.RaftServer$Division (RaftServerImpl.java:setRole(378)) - omNode-2@group-523986131536: changes role from  FOLLOWER to FOLLOWER at term 5 for candidate:omNode-3
2025-04-24 14:03:04,041 [grpc-default-executor-3] INFO  impl.RoleInfo (RoleInfo.java:shutdownFollowerState(121)) - omNode-2: shutdown omNode-2@group-523986131536-FollowerState
2025-04-24 14:03:04,041 [grpc-default-executor-3] INFO  impl.RoleInfo (RoleInfo.java:updateAndGet(148)) - omNode-2: start omNode-2@group-523986131536-FollowerState
2025-04-24 14:03:04,041 [omNode-1@group-523986131536-FollowerState] INFO  impl.FollowerState (FollowerState.java:runImpl(170)) - omNode-1@group-523986131536-FollowerState was interrupted
2025-04-24 14:03:04,041 [omNode-2@group-523986131536-FollowerState] INFO  impl.FollowerState (FollowerState.java:runImpl(170)) - omNode-2@group-523986131536-FollowerState was interrupted
2025-04-24 14:03:04,041 [omNode-2@group-523986131536-FollowerState] INFO  server.RaftServerConfigKeys (ConfUtils.java:logFallback(53)) - raft.server.rpc.first-election.timeout.min = 1s (fallback to raft.server.rpc.timeout.min)
2025-04-24 14:03:04,041 [omNode-2@group-523986131536-FollowerState] INFO  server.RaftServerConfigKeys (ConfUtils.java:logFallback(53)) - raft.server.rpc.first-election.timeout.max = 1200ms (fallback to raft.server.rpc.timeout.max)
2025-04-24 14:03:04,041 [grpc-default-executor-3] INFO  server.RaftServer$Division (RaftServerImpl.java:setFirstElection(562)) - omNode-2@group-523986131536: set firstElectionSinceStartup to false for candidate:omNode-3
2025-04-24 14:03:04,041 [grpc-default-executor-4] INFO  impl.RoleInfo (RoleInfo.java:updateAndGet(148)) - omNode-1: start omNode-1@group-523986131536-FollowerState
2025-04-24 14:03:04,042 [grpc-default-executor-4] INFO  server.RaftServer$Division (RaftServerImpl.java:setFirstElection(562)) - omNode-1@group-523986131536: set firstElectionSinceStartup to false for candidate:omNode-3
2025-04-24 14:03:04,043 [grpc-default-executor-3] INFO  server.RaftServer$Division (RaftServerImpl.java:requestVote(1441)) - omNode-2@group-523986131536 replies to ELECTION vote request: omNode-3<-omNode-2#0:OK-t6. Peer's state: omNode-2@group-523986131536:t6, leader=null, voted=omNode-3, raftlog=Memoized:omNode-2@group-523986131536-SegmentedRaftLog:OPENED:c67:last(t:5, i:67), conf=conf: {index: 34, cur=peers:[omNode-3|localhost:15017, omNode-1|localhost:15009, omNode-2|localhost:15013]|listeners:[], old=null}
2025-04-24 14:03:04,044 [grpc-default-executor-4] INFO  server.RaftServer$Division (RaftServerImpl.java:requestVote(1441)) - omNode-1@group-523986131536 replies to ELECTION vote request: omNode-3<-omNode-1#0:OK-t6. Peer's state: omNode-1@group-523986131536:t6, leader=null, voted=omNode-3, raftlog=Memoized:omNode-1@group-523986131536-SegmentedRaftLog:OPENED:c67:last(t:5, i:67), conf=conf: {index: 34, cur=peers:[omNode-3|localhost:15017, omNode-1|localhost:15009, omNode-2|localhost:15013]|listeners:[], old=null}
2025-04-24 14:03:04,044 [omNode-3@group-523986131536-LeaderElection15] INFO  impl.LeaderElection (LeaderElection.java:logAndReturn(90)) - omNode-3@group-523986131536-LeaderElection15: ELECTION PASSED received 1 response(s) and 0 exception(s):
2025-04-24 14:03:04,044 [omNode-3@group-523986131536-LeaderElection15] INFO  impl.LeaderElection (LeaderElection.java:logAndReturn(94)) -   Response 0: omNode-3<-omNode-2#0:OK-t6
2025-04-24 14:03:04,044 [omNode-3@group-523986131536-LeaderElection15] INFO  impl.LeaderElection (LeaderElection.java:askForVotes(334)) - omNode-3@group-523986131536-LeaderElection15 ELECTION round 0: result PASSED
2025-04-24 14:03:04,044 [omNode-3@group-523986131536-LeaderElection15] INFO  impl.RoleInfo (RoleInfo.java:shutdownLeaderElection(141)) - omNode-3: shutdown omNode-3@group-523986131536-LeaderElection15
2025-04-24 14:03:04,044 [omNode-3@group-523986131536-LeaderElection15] INFO  server.RaftServer$Division (RaftServerImpl.java:setRole(378)) - omNode-3@group-523986131536: changes role from CANDIDATE to LEADER at term 6 for changeToLeader
2025-04-24 14:03:04,044 [omNode-3@group-523986131536-LeaderElection15] INFO  server.RaftServerConfigKeys (ConfUtils.java:logGet(46)) - raft.server.staging.catchup.gap = 1000 (default)
2025-04-24 14:03:04,044 [omNode-3@group-523986131536-LeaderElection15] INFO  server.RaftServerConfigKeys (ConfUtils.java:logGet(46)) - raft.server.write.element-limit = 4096 (default)
2025-04-24 14:03:04,044 [omNode-3@group-523986131536-LeaderElection15] INFO  server.RaftServerConfigKeys (ConfUtils.java:logGet(46)) - raft.server.write.byte-limit = 64MB (=67108864) (default)
2025-04-24 14:03:04,045 [omNode-3@group-523986131536-LeaderElection15] INFO  server.RaftServerConfigKeys (ConfUtils.java:logGet(46)) - raft.server.watch.timeout = 10s (default)
2025-04-24 14:03:04,046 [omNode-3@group-523986131536-LeaderElection15] INFO  server.RaftServerConfigKeys (ConfUtils.java:logGet(46)) - raft.server.watch.timeout.denomination = 1s (default)
2025-04-24 14:03:04,046 [omNode-3@group-523986131536-LeaderElection15] INFO  server.RaftServerConfigKeys (ConfUtils.java:logGet(46)) - raft.server.watch.element-limit = 65536 (default)
2025-04-24 14:03:04,046 [omNode-3@group-523986131536-LeaderElection15] INFO  server.RaftServerConfigKeys (ConfUtils.java:logGet(46)) - raft.server.read.leader.lease.enabled = false (default)
2025-04-24 14:03:04,047 [omNode-3@group-523986131536-LeaderElection15] INFO  server.RaftServerConfigKeys (ConfUtils.java:logGet(46)) - raft.server.read.leader.lease.timeout.ratio = 0.9 (default)
2025-04-24 14:03:04,047 [omNode-3@group-523986131536-LeaderElection15] INFO  server.RaftServerConfigKeys (ConfUtils.java:logGet(46)) - raft.server.rpc.timeout.min = 1s (custom)
2025-04-24 14:03:04,047 [omNode-3@group-523986131536-LeaderElection15] INFO  server.RaftServerConfigKeys (ConfUtils.java:logGet(46)) - raft.server.log.log-metadata.enabled = true (default)
2025-04-24 14:03:04,047 [omNode-3@group-523986131536-LeaderElection15] INFO  server.RaftServerConfigKeys (ConfUtils.java:logGet(46)) - raft.server.write.element-limit = 4096 (default)
2025-04-24 14:03:04,047 [omNode-3@group-523986131536-LeaderElection15] INFO  server.RaftServerConfigKeys (ConfUtils.java:logGet(46)) - raft.server.write.follower.gap.ratio.max = -1.0 (default)
2025-04-24 14:03:04,047 [omNode-3@group-523986131536-LeaderElection15] INFO  server.RaftServerConfigKeys (ConfUtils.java:logGet(46)) - raft.server.log.appender.snapshot.chunk.size.max = 16MB (=16777216) (default)
2025-04-24 14:03:04,047 [omNode-3@group-523986131536-LeaderElection15] INFO  server.RaftServerConfigKeys (ConfUtils.java:logGet(46)) - raft.server.log.appender.buffer.byte-limit = 4194304 (custom)
2025-04-24 14:03:04,047 [omNode-3@group-523986131536-LeaderElection15] INFO  server.RaftServerConfigKeys (ConfUtils.java:logGet(46)) - raft.server.log.appender.buffer.element-limit = 1024 (custom)
2025-04-24 14:03:04,047 [omNode-3@group-523986131536-LeaderElection15] INFO  server.RaftServerConfigKeys (ConfUtils.java:logGet(46)) - raft.server.log.appender.wait-time.min = 0ms (custom)
2025-04-24 14:03:04,047 [omNode-3@group-523986131536-LeaderElection15] INFO  grpc.GrpcConfigKeys (ConfUtils.java:logGet(46)) - raft.grpc.server.leader.outstanding.appends.max = 8 (default)
2025-04-24 14:03:04,047 [omNode-3@group-523986131536-LeaderElection15] INFO  server.RaftServerConfigKeys (ConfUtils.java:logGet(46)) - raft.server.rpc.request.timeout = 3000ms (default)
2025-04-24 14:03:04,048 [omNode-3@group-523986131536-LeaderElection15] INFO  grpc.GrpcConfigKeys (ConfUtils.java:logGet(46)) - raft.grpc.server.install_snapshot.request.element-limit = 8 (default)
2025-04-24 14:03:04,048 [omNode-3@group-523986131536-LeaderElection15] INFO  grpc.GrpcConfigKeys (ConfUtils.java:logGet(46)) - raft.grpc.server.install_snapshot.request.timeout = 3000ms (default)
2025-04-24 14:03:04,048 [omNode-3@group-523986131536-LeaderElection15] INFO  grpc.GrpcConfigKeys (ConfUtils.java:logGet(46)) - raft.grpc.server.log-message.batch.duration = 5s (default)
2025-04-24 14:03:04,048 [omNode-3@group-523986131536-LeaderElection15] INFO  server.RaftServerConfigKeys (ConfUtils.java:logGet(46)) - raft.server.log.appender.install.snapshot.enabled = false (custom)
2025-04-24 14:03:04,048 [omNode-3@group-523986131536-LeaderElection15] INFO  grpc.GrpcConfigKeys (ConfUtils.java:logGet(46)) - raft.grpc.server.heartbeat.channel = true (default)
2025-04-24 14:03:04,048 [omNode-3@group-523986131536-LeaderElection15] INFO  server.RaftServerConfigKeys (ConfUtils.java:logGet(46)) - raft.server.log.appender.snapshot.chunk.size.max = 16MB (=16777216) (default)
2025-04-24 14:03:04,049 [omNode-3@group-523986131536-LeaderElection15] INFO  server.RaftServerConfigKeys (ConfUtils.java:logGet(46)) - raft.server.log.appender.buffer.byte-limit = 4194304 (custom)
2025-04-24 14:03:04,049 [omNode-3@group-523986131536-LeaderElection15] INFO  server.RaftServerConfigKeys (ConfUtils.java:logGet(46)) - raft.server.log.appender.buffer.element-limit = 1024 (custom)
2025-04-24 14:03:04,049 [omNode-3@group-523986131536-LeaderElection15] INFO  server.RaftServerConfigKeys (ConfUtils.java:logGet(46)) - raft.server.log.appender.wait-time.min = 0ms (custom)
2025-04-24 14:03:04,049 [omNode-3@group-523986131536-LeaderElection15] INFO  grpc.GrpcConfigKeys (ConfUtils.java:logGet(46)) - raft.grpc.server.leader.outstanding.appends.max = 8 (default)
2025-04-24 14:03:04,049 [omNode-3@group-523986131536-LeaderElection15] INFO  server.RaftServerConfigKeys (ConfUtils.java:logGet(46)) - raft.server.rpc.request.timeout = 3000ms (default)
2025-04-24 14:03:04,049 [omNode-3@group-523986131536-LeaderElection15] INFO  grpc.GrpcConfigKeys (ConfUtils.java:logGet(46)) - raft.grpc.server.install_snapshot.request.element-limit = 8 (default)
2025-04-24 14:03:04,049 [omNode-3@group-523986131536-LeaderElection15] INFO  grpc.GrpcConfigKeys (ConfUtils.java:logGet(46)) - raft.grpc.server.install_snapshot.request.timeout = 3000ms (default)
2025-04-24 14:03:04,049 [omNode-3@group-523986131536-LeaderElection15] INFO  grpc.GrpcConfigKeys (ConfUtils.java:logGet(46)) - raft.grpc.server.log-message.batch.duration = 5s (default)
2025-04-24 14:03:04,049 [omNode-3@group-523986131536-LeaderElection15] INFO  server.RaftServerConfigKeys (ConfUtils.java:logGet(46)) - raft.server.log.appender.install.snapshot.enabled = false (custom)
2025-04-24 14:03:04,049 [omNode-3@group-523986131536-LeaderElection15] INFO  grpc.GrpcConfigKeys (ConfUtils.java:logGet(46)) - raft.grpc.server.heartbeat.channel = true (default)
2025-04-24 14:03:04,049 [omNode-3@group-523986131536-LeaderElection15] INFO  impl.RoleInfo (RoleInfo.java:updateAndGet(148)) - omNode-3: start omNode-3@group-523986131536-LeaderStateImpl
2025-04-24 14:03:04,049 [omNode-3@group-523986131536-LeaderElection15] INFO  server.RaftServer$Division (RaftServerImpl.java:setFirstElection(562)) - omNode-3@group-523986131536: set firstElectionSinceStartup to false for becomeLeader
2025-04-24 14:03:04,050 [omNode-3@group-523986131536-LeaderElection15] INFO  ratis.OzoneManagerStateMachine (OzoneManagerStateMachine.java:notifyLeaderChanged(169)) - omNode-3@group-523986131536: leader changed to omNode-3
2025-04-24 14:03:04,050 [omNode-3@group-523986131536-LeaderElection15] INFO  server.RaftServer$Division (ServerState.java:setLeader(272)) - omNode-3@group-523986131536: change Leader from null to omNode-3 at term 6 for becomeLeader, leader elected after 1169ms
2025-04-24 14:03:04,050 [omNode-3@group-523986131536-LeaderElection15] INFO  segmented.SegmentedRaftLogWorker (SegmentedRaftLogWorker.java:rollLogSegment(443)) - omNode-3@group-523986131536-SegmentedRaftLogWorker: Rolling segment log-34_67 to index:67
2025-04-24 14:03:04,051 [omNode-3@group-523986131536-SegmentedRaftLogWorker] INFO  segmented.SegmentedRaftLogWorker (SegmentedRaftLogWorker.java:execute(601)) - omNode-3@group-523986131536-SegmentedRaftLogWorker: Rolled log segment from /home/runner/work/ozone/ozone/hadoop-ozone/integration-test/target/test-dir/MiniOzoneClusterImpl-4e6105ad-12bc-4f18-9d37-351d73277e17/omNode-3/ratis/c9bc4cf4-3bc3-3c60-a66b-523986131536/current/log_inprogress_34 to /home/runner/work/ozone/ozone/hadoop-ozone/integration-test/target/test-dir/MiniOzoneClusterImpl-4e6105ad-12bc-4f18-9d37-351d73277e17/omNode-3/ratis/c9bc4cf4-3bc3-3c60-a66b-523986131536/current/log_34-67
2025-04-24 14:03:04,051 [omNode-3@group-523986131536-SegmentedRaftLogWorker] INFO  segmented.BufferedWriteChannel (BufferedWriteChannel.java:open(61)) - open log_inprogress_68 at position 0
2025-04-24 14:03:04,052 [omNode-3@group-523986131536-LeaderElection15] INFO  server.RaftServer$Division (ServerState.java:setRaftConf(386)) - omNode-3@group-523986131536: set configuration conf: {index: 68, cur=peers:[omNode-3|localhost:15017, omNode-1|localhost:15009, omNode-2|localhost:15013]|listeners:[], old=null}
2025-04-24 14:03:04,061 [omNode-1-server-thread1] INFO  ratis.OzoneManagerStateMachine (OzoneManagerStateMachine.java:notifyLeaderChanged(169)) - omNode-1@group-523986131536: leader changed to omNode-3
2025-04-24 14:03:04,061 [omNode-1-server-thread1] INFO  server.RaftServer$Division (ServerState.java:setLeader(272)) - omNode-1@group-523986131536: change Leader from null to omNode-3 at term 6 for appendEntries, leader elected after 733ms
2025-04-24 14:03:04,062 [omNode-1-server-thread2] INFO  server.RaftServer$Division (ServerState.java:setRaftConf(386)) - omNode-1@group-523986131536: set configuration conf: {index: 68, cur=peers:[omNode-3|localhost:15017, omNode-1|localhost:15009, omNode-2|localhost:15013]|listeners:[], old=null}
2025-04-24 14:03:04,062 [omNode-1-server-thread2] INFO  segmented.SegmentedRaftLogWorker (SegmentedRaftLogWorker.java:rollLogSegment(443)) - omNode-1@group-523986131536-SegmentedRaftLogWorker: Rolling segment log-34_67 to index:67
2025-04-24 14:03:04,063 [omNode-2-server-thread1] INFO  ratis.OzoneManagerStateMachine (OzoneManagerStateMachine.java:notifyLeaderChanged(169)) - omNode-2@group-523986131536: leader changed to omNode-3
2025-04-24 14:03:04,063 [omNode-2-server-thread1] INFO  server.RaftServer$Division (ServerState.java:setLeader(272)) - omNode-2@group-523986131536: change Leader from null to omNode-3 at term 6 for appendEntries, leader elected after 262ms
2025-04-24 14:03:04,064 [omNode-3@group-523986131536-SegmentedRaftLogWorker] INFO  segmented.SegmentedRaftLogWorker (SegmentedRaftLogWorker.java:execute(644)) - omNode-3@group-523986131536-SegmentedRaftLogWorker: created new log segment /home/runner/work/ozone/ozone/hadoop-ozone/integration-test/target/test-dir/MiniOzoneClusterImpl-4e6105ad-12bc-4f18-9d37-351d73277e17/omNode-3/ratis/c9bc4cf4-3bc3-3c60-a66b-523986131536/current/log_inprogress_68
2025-04-24 14:03:04,064 [omNode-2-server-thread2] INFO  server.RaftServer$Division (ServerState.java:setRaftConf(386)) - omNode-2@group-523986131536: set configuration conf: {index: 68, cur=peers:[omNode-3|localhost:15017, omNode-1|localhost:15009, omNode-2|localhost:15013]|listeners:[], old=null}
2025-04-24 14:03:04,064 [omNode-2-server-thread2] INFO  segmented.SegmentedRaftLogWorker (SegmentedRaftLogWorker.java:rollLogSegment(443)) - omNode-2@group-523986131536-SegmentedRaftLogWorker: Rolling segment log-34_67 to index:67
2025-04-24 14:03:04,063 [omNode-1@group-523986131536-SegmentedRaftLogWorker] INFO  segmented.SegmentedRaftLogWorker (SegmentedRaftLogWorker.java:execute(601)) - omNode-1@group-523986131536-SegmentedRaftLogWorker: Rolled log segment from /home/runner/work/ozone/ozone/hadoop-ozone/integration-test/target/test-dir/MiniOzoneClusterImpl-4e6105ad-12bc-4f18-9d37-351d73277e17/omNode-1/ratis/c9bc4cf4-3bc3-3c60-a66b-523986131536/current/log_inprogress_34 to /home/runner/work/ozone/ozone/hadoop-ozone/integration-test/target/test-dir/MiniOzoneClusterImpl-4e6105ad-12bc-4f18-9d37-351d73277e17/omNode-1/ratis/c9bc4cf4-3bc3-3c60-a66b-523986131536/current/log_34-67
2025-04-24 14:03:04,065 [omNode-2@group-523986131536-SegmentedRaftLogWorker] INFO  segmented.SegmentedRaftLogWorker (SegmentedRaftLogWorker.java:execute(601)) - omNode-2@group-523986131536-SegmentedRaftLogWorker: Rolled log segment from /home/runner/work/ozone/ozone/hadoop-ozone/integration-test/target/test-dir/MiniOzoneClusterImpl-4e6105ad-12bc-4f18-9d37-351d73277e17/omNode-2/ratis/c9bc4cf4-3bc3-3c60-a66b-523986131536/current/log_inprogress_34 to /home/runner/work/ozone/ozone/hadoop-ozone/integration-test/target/test-dir/MiniOzoneClusterImpl-4e6105ad-12bc-4f18-9d37-351d73277e17/omNode-2/ratis/c9bc4cf4-3bc3-3c60-a66b-523986131536/current/log_34-67
2025-04-24 14:03:04,066 [omNode-2@group-523986131536-SegmentedRaftLogWorker] INFO  segmented.BufferedWriteChannel (BufferedWriteChannel.java:open(61)) - open log_inprogress_68 at position 0
2025-04-24 14:03:04,065 [omNode-1@group-523986131536-SegmentedRaftLogWorker] INFO  segmented.BufferedWriteChannel (BufferedWriteChannel.java:open(61)) - open log_inprogress_68 at position 0
2025-04-24 14:03:04,081 [omNode-1@group-523986131536-SegmentedRaftLogWorker] INFO  segmented.SegmentedRaftLogWorker (SegmentedRaftLogWorker.java:execute(644)) - omNode-1@group-523986131536-SegmentedRaftLogWorker: created new log segment /home/runner/work/ozone/ozone/hadoop-ozone/integration-test/target/test-dir/MiniOzoneClusterImpl-4e6105ad-12bc-4f18-9d37-351d73277e17/omNode-1/ratis/c9bc4cf4-3bc3-3c60-a66b-523986131536/current/log_inprogress_68
2025-04-24 14:03:04,082 [omNode-2@group-523986131536-SegmentedRaftLogWorker] INFO  segmented.SegmentedRaftLogWorker (SegmentedRaftLogWorker.java:execute(644)) - omNode-2@group-523986131536-SegmentedRaftLogWorker: created new log segment /home/runner/work/ozone/ozone/hadoop-ozone/integration-test/target/test-dir/MiniOzoneClusterImpl-4e6105ad-12bc-4f18-9d37-351d73277e17/omNode-2/ratis/c9bc4cf4-3bc3-3c60-a66b-523986131536/current/log_inprogress_68
2025-04-24 14:03:04,086 [omNode-3@group-523986131536-StateMachineUpdater] INFO  ratis.OzoneManagerStateMachine (OzoneManagerStateMachine.java:notifyConfigurationChanged(231)) - notifyConfigurationChanged from Ratis: term=6, index=68, New Peer list: omNode-3(localhost:15017), omNode-1(localhost:15009), omNode-2(localhost:15013)
2025-04-24 14:03:04,086 [omNode-3@group-523986131536-StateMachineUpdater] INFO  server.RaftServer$Division (LeaderStateImpl.java:checkStartIndex(313)) - Leader omNode-3@group-523986131536-LeaderStateImpl is ready since appliedIndex == startIndex == 68
2025-04-24 14:03:04,087 [omNode-1@group-523986131536-StateMachineUpdater] INFO  ratis.OzoneManagerStateMachine (OzoneManagerStateMachine.java:notifyConfigurationChanged(231)) - notifyConfigurationChanged from Ratis: term=6, index=68, New Peer list: omNode-3(localhost:15017), omNode-1(localhost:15009), omNode-2(localhost:15013)
2025-04-24 14:03:04,088 [omNode-2@group-523986131536-StateMachineUpdater] INFO  ratis.OzoneManagerStateMachine (OzoneManagerStateMachine.java:notifyConfigurationChanged(231)) - notifyConfigurationChanged from Ratis: term=6, index=68, New Peer list: omNode-3(localhost:15017), omNode-1(localhost:15009), omNode-2(localhost:15013)
2025-04-24 14:03:04,183 [main] INFO  reflections.Reflections (Reflections.java:scan(219)) - Reflections took 369 ms to scan 22 urls, producing 61 keys and 7423 values
2025-04-24 14:03:04,184 [main] INFO  ipc.CallQueueManager (CallQueueManager.java:<init>(93)) - Using callQueue: class java.util.concurrent.LinkedBlockingQueue, queueCapacity: 2000, scheduler: class org.apache.hadoop.ipc.DefaultRpcScheduler, ipcBackoff: false, ipcFailOver: false.
2025-04-24 14:03:04,185 [main] INFO  ipc.Server (Server.java:<init>(1438)) - Listener at localhost:15010
2025-04-24 14:03:04,185 [Socket Reader #1 for port 15010] INFO  ipc.Server (Server.java:run(1474)) - Starting Socket Reader #1 for port 15010
2025-04-24 14:03:04,185 [Socket Reader #2 for port 15010] INFO  ipc.Server (Server.java:run(1474)) - Starting Socket Reader #2 for port 15010
2025-04-24 14:03:04,186 [Socket Reader #3 for port 15010] INFO  ipc.Server (Server.java:run(1474)) - Starting Socket Reader #3 for port 15010
2025-04-24 14:03:04,186 [Socket Reader #4 for port 15010] INFO  ipc.Server (Server.java:run(1474)) - Starting Socket Reader #4 for port 15010
2025-04-24 14:03:04,186 [Socket Reader #5 for port 15010] INFO  ipc.Server (Server.java:run(1474)) - Starting Socket Reader #5 for port 15010
2025-04-24 14:03:04,186 [Socket Reader #6 for port 15010] INFO  ipc.Server (Server.java:run(1474)) - Starting Socket Reader #6 for port 15010
2025-04-24 14:03:04,186 [Socket Reader #7 for port 15010] INFO  ipc.Server (Server.java:run(1474)) - Starting Socket Reader #7 for port 15010
2025-04-24 14:03:04,186 [Socket Reader #8 for port 15010] INFO  ipc.Server (Server.java:run(1474)) - Starting Socket Reader #8 for port 15010
2025-04-24 14:03:04,187 [Socket Reader #9 for port 15010] INFO  ipc.Server (Server.java:run(1474)) - Starting Socket Reader #9 for port 15010
2025-04-24 14:03:04,187 [Socket Reader #10 for port 15010] INFO  ipc.Server (Server.java:run(1474)) - Starting Socket Reader #10 for port 15010
2025-04-24 14:03:04,189 [main] INFO  http.BaseHttpServer (BaseHttpServer.java:newHttpServer2BuilderForOzone(229)) - Starting Web-server for ozoneManager at: http://0.0.0.0:15011
2025-04-24 14:03:04,189 [main] INFO  http.BaseHttpServer (BaseHttpServer.java:<init>(107)) - Hadoop Security Enabled: false Ozone Security Enabled: false Ozone HTTP Security Enabled: false 
2025-04-24 14:03:04,190 [main] WARN  server.AuthenticationFilter (AuthenticationFilter.java:constructSecretProvider(240)) - Unable to initialize FileSignerSecretProvider, falling back to use random secrets. Reason: Could not read signature secret file: /home/runner/hadoop-http-auth-signature-secret
2025-04-24 14:03:04,191 [main] INFO  http.HttpServer2 (HttpServer2.java:addGlobalFilter(1041)) - Added global filter 'safety' (class=org.apache.hadoop.hdds.server.http.HttpServer2$QuotingInputFilter)
2025-04-24 14:03:04,192 [main] INFO  http.HttpServer2 (HttpServer2.java:addFilter(1017)) - Added filter static_user_filter (class=org.apache.hadoop.http.lib.StaticUserWebFilter$StaticUserFilter) to context ozoneManager
2025-04-24 14:03:04,192 [main] INFO  http.HttpServer2 (HttpServer2.java:addFilter(1025)) - Added filter static_user_filter (class=org.apache.hadoop.http.lib.StaticUserWebFilter$StaticUserFilter) to context static
2025-04-24 14:03:04,192 [main] INFO  http.HttpServer2 (HttpServer2.java:addFilter(1025)) - Added filter static_user_filter (class=org.apache.hadoop.http.lib.StaticUserWebFilter$StaticUserFilter) to context logs
2025-04-24 14:03:04,192 [main] INFO  http.BaseHttpServer (BaseHttpServer.java:<init>(195)) - HTTP server of ozoneManager uses base directory /home/runner/work/ozone/ozone/hadoop-ozone/integration-test/target/test-dir/MiniOzoneClusterImpl-4e6105ad-12bc-4f18-9d37-351d73277e17/omNode-2/webserver
2025-04-24 14:03:04,193 [main] INFO  http.HttpServer2 (HttpServer2.java:bindListener(1241)) - Jetty bound to port 15011
2025-04-24 14:03:04,193 [main] INFO  server.Server (Server.java:doStart(375)) - jetty-9.4.57.v20241219; built: 2025-01-08T21:24:30.412Z; git: df524e6b29271c2e09ba9aea83c18dc9db464a31; jvm 21.0.7+6-LTS
2025-04-24 14:03:04,194 [main] INFO  server.session (DefaultSessionIdManager.java:doStart(334)) - DefaultSessionIdManager workerName=node0
2025-04-24 14:03:04,194 [main] INFO  server.session (DefaultSessionIdManager.java:doStart(339)) - No SessionScavenger set, using defaults
2025-04-24 14:03:04,194 [main] INFO  server.session (HouseKeeper.java:startScavenging(132)) - node0 Scavenging every 660000ms
2025-04-24 14:03:04,195 [main] INFO  handler.ContextHandler (ContextHandler.java:doStart(921)) - Started o.e.j.s.ServletContextHandler@4514eadd{logs,/logs,file:///home/runner/work/ozone/ozone/hadoop-ozone/integration-test/target/log,AVAILABLE}
2025-04-24 14:03:04,195 [main] INFO  handler.ContextHandler (ContextHandler.java:doStart(921)) - Started o.e.j.s.ServletContextHandler@66f40de1{static,/static,file:///home/runner/work/ozone/ozone/hadoop-ozone/integration-test/target/test-classes/webapps/static,AVAILABLE}
2025-04-24 14:03:04,199 [main] INFO  handler.ContextHandler (ContextHandler.java:doStart(921)) - Started o.e.j.w.WebAppContext@59f95005{ozoneManager,/,file:///home/runner/work/ozone/ozone/hadoop-ozone/integration-test/target/test-classes/webapps/ozoneManager/,AVAILABLE}{file:/home/runner/work/ozone/ozone/hadoop-ozone/integration-test/target/test-classes/webapps/ozoneManager}
2025-04-24 14:03:04,199 [main] INFO  server.AbstractConnector (AbstractConnector.java:doStart(333)) - Started ServerConnector@5026aae8{HTTP/1.1, (http/1.1)}{0.0.0.0:15011}
2025-04-24 14:03:04,199 [main] INFO  server.Server (Server.java:doStart(415)) - Started @65531ms
2025-04-24 14:03:04,200 [main] WARN  impl.MetricsSystemImpl (MetricsSystemImpl.java:register(279)) - Sink prometheus already exists!
2025-04-24 14:03:04,200 [main] INFO  http.BaseHttpServer (BaseHttpServer.java:updateConnectorAddress(360)) - HTTP server of ozoneManager listening at http://0.0.0.0:15011
2025-04-24 14:03:04,200 [IPC Server Responder] INFO  ipc.Server (Server.java:run(1713)) - IPC Server Responder: starting
2025-04-24 14:03:04,200 [IPC Server listener on 15010] INFO  ipc.Server (Server.java:run(1553)) - IPC Server listener on 15010: starting
2025-04-24 14:03:04,203 [main] INFO  om.OzoneManager (OzoneManager.java:startTrashEmptier(2257)) - Trash Interval set to 0. Files deleted won't move to trash
]]></system-out>
  </testcase>
  <testcase name="testOMProxyProviderFailoverOnConnectionFailure" classname="org.apache.hadoop.ozone.om.TestOzoneManagerHAWithStoppedNodes" time="16.344">
    <system-out><![CDATA[2025-04-24 14:03:04,205 [main] INFO  rpc.RpcClient (RpcClient.java:createVolume(462)) - Creating Volume: volume11940, with user52541 as owner and space quota set to -1 bytes, counts quota set to -1
2025-04-24 14:03:04,228 [omNode-3-OMStateMachineApplyTransactionThread - 0] WARN  helpers.OzoneAclUtil (OzoneAclUtil.java:getDefaultAclList(77)) - Failed to get primary group from user user52541 (auth:SIMPLE)
2025-04-24 14:03:04,228 [omNode-2-OMStateMachineApplyTransactionThread - 0] WARN  helpers.OzoneAclUtil (OzoneAclUtil.java:getDefaultAclList(77)) - Failed to get primary group from user user52541 (auth:SIMPLE)
2025-04-24 14:03:04,228 [omNode-3-OMStateMachineApplyTransactionThread - 0] INFO  volume.OMVolumeCreateRequest (OMVolumeCreateRequest.java:validateAndUpdateCache(203)) - created volume:volume11940 for user:user52541
2025-04-24 14:03:04,228 [omNode-2-OMStateMachineApplyTransactionThread - 0] INFO  volume.OMVolumeCreateRequest (OMVolumeCreateRequest.java:validateAndUpdateCache(203)) - created volume:volume11940 for user:user52541
2025-04-24 14:03:04,229 [omNode-1-OMStateMachineApplyTransactionThread - 0] WARN  helpers.OzoneAclUtil (OzoneAclUtil.java:getDefaultAclList(77)) - Failed to get primary group from user user52541 (auth:SIMPLE)
2025-04-24 14:03:04,229 [omNode-1-OMStateMachineApplyTransactionThread - 0] INFO  volume.OMVolumeCreateRequest (OMVolumeCreateRequest.java:validateAndUpdateCache(203)) - created volume:volume11940 for user:user52541
2025-04-24 14:03:04,231 [main] INFO  om.OzoneManager (OzoneManager.java:stop(2347)) - omNode-3[localhost:15014]: Stopping Ozone Manager
2025-04-24 14:03:04,231 [main] INFO  ipc.Server (Server.java:stop(3697)) - Stopping server on 15014
2025-04-24 14:03:04,233 [IPC Server listener on 15014] INFO  ipc.Server (Server.java:run(1585)) - Stopping IPC Server listener on 15014
2025-04-24 14:03:04,233 [main] INFO  ratis.OzoneManagerRatisServer (OzoneManagerRatisServer.java:stop(634)) - Stopping org.apache.hadoop.ozone.om.ratis.OzoneManagerRatisServer@58510d5d at port 15017
2025-04-24 14:03:04,233 [main] INFO  server.RaftServer (RaftServerProxy.java:lambda$close$9(417)) - omNode-3: close
2025-04-24 14:03:04,233 [IPC Server Responder] INFO  ipc.Server (Server.java:run(1718)) - Stopping IPC Server Responder
2025-04-24 14:03:04,233 [main] INFO  server.GrpcService (GrpcService.java:closeImpl(343)) - omNode-3: shutdown server GrpcServerProtocolService now
2025-04-24 14:03:04,233 [omNode-3-impl-thread1] INFO  server.RaftServer$Division (RaftServerImpl.java:lambda$close$1(513)) - omNode-3@group-523986131536: shutdown
2025-04-24 14:03:04,234 [omNode-3-impl-thread1] INFO  util.JmxRegister (JmxRegister.java:unregister(74)) - Successfully un-registered JMX Bean with object name Ratis:service=RaftServer,group=group-523986131536,id=omNode-3
2025-04-24 14:03:04,234 [omNode-3-impl-thread1] INFO  impl.RoleInfo (RoleInfo.java:shutdownLeaderState(103)) - omNode-3: shutdown omNode-3@group-523986131536-LeaderStateImpl
2025-04-24 14:03:04,234 [omNode-3@group-523986131536->omNode-1-GrpcLogAppender-LogAppenderDaemon] WARN  server.GrpcLogAppender (GrpcLogAppender.java:mayWait(293)) - omNode-3@group-523986131536->omNode-1-GrpcLogAppender: Wait interrupted by java.lang.InterruptedException
2025-04-24 14:03:04,234 [Thread-2563] INFO  server.GrpcServerProtocolClient (GrpcServerProtocolClient.java:close(105)) - omNode-1 Close channels
2025-04-24 14:03:04,235 [grpc-default-executor-2] INFO  server.GrpcServerProtocolService (GrpcServerProtocolService.java:onCompleted(157)) - omNode-1: Completed APPEND_ENTRIES, lastRequest: null
2025-04-24 14:03:04,235 [omNode-3@group-523986131536->omNode-2-GrpcLogAppender-LogAppenderDaemon] WARN  server.GrpcLogAppender (GrpcLogAppender.java:mayWait(293)) - omNode-3@group-523986131536->omNode-2-GrpcLogAppender: Wait interrupted by java.lang.InterruptedException
2025-04-24 14:03:04,235 [grpc-default-executor-2] INFO  server.GrpcServerProtocolService (GrpcServerProtocolService.java:lambda$onCompleted$5(159)) - omNode-1: Completed APPEND_ENTRIES, lastReply: serverReply {
  requestorId: "omNode-3"
  replyId: "omNode-1"
  raftGroupId {
    id: "\311\274L\364;\303<`\246kR9\206\023\0256"
  }
  callId: 2
  success: true
}
term: 6
nextIndex: 69
followerCommit: 67
matchIndex: 18446744073709551615
isHearbeat: true

2025-04-24 14:03:04,234 [Thread-2564] INFO  server.GrpcServerProtocolClient (GrpcServerProtocolClient.java:close(105)) - omNode-2 Close channels
2025-04-24 14:03:04,234 [omNode-3-impl-thread1] INFO  impl.PendingRequests (PendingRequests.java:sendNotLeaderResponses(287)) - omNode-3@group-523986131536-PendingRequests: sendNotLeaderResponses
2025-04-24 14:03:04,236 [omNode-3-impl-thread1] INFO  impl.StateMachineUpdater (StateMachineUpdater.java:stopAndJoin(164)) - omNode-3@group-523986131536-StateMachineUpdater: set stopIndex = 71
2025-04-24 14:03:04,235 [grpc-default-executor-3] INFO  server.GrpcServerProtocolService (GrpcServerProtocolService.java:onCompleted(157)) - omNode-1: Completed APPEND_ENTRIES, lastRequest: omNode-3->omNode-1#6-t6,previous=(t:6, i:70),leaderCommit=70,initializing? false,entries: size=1, first=(t:6, i:71), METADATAENTRY(c:70)
2025-04-24 14:03:04,237 [grpc-default-executor-3] INFO  server.GrpcServerProtocolService (GrpcServerProtocolService.java:lambda$onCompleted$5(159)) - omNode-1: Completed APPEND_ENTRIES, lastReply: null
2025-04-24 14:03:04,237 [grpc-default-executor-0] INFO  server.GrpcServerProtocolService (GrpcServerProtocolService.java:onCompleted(157)) - omNode-2: Completed APPEND_ENTRIES, lastRequest: null
2025-04-24 14:03:04,237 [grpc-default-executor-2] INFO  server.GrpcServerProtocolService (GrpcServerProtocolService.java:onCompleted(157)) - omNode-2: Completed APPEND_ENTRIES, lastRequest: omNode-3->omNode-2#8-t6,previous=(t:6, i:70),leaderCommit=70,initializing? false,entries: size=1, first=(t:6, i:71), METADATAENTRY(c:70)
2025-04-24 14:03:04,237 [grpc-default-executor-2] INFO  server.GrpcServerProtocolService (GrpcServerProtocolService.java:lambda$onCompleted$5(159)) - omNode-2: Completed APPEND_ENTRIES, lastReply: null
2025-04-24 14:03:04,237 [grpc-default-executor-0] INFO  server.GrpcServerProtocolService (GrpcServerProtocolService.java:lambda$onCompleted$5(159)) - omNode-2: Completed APPEND_ENTRIES, lastReply: serverReply {
  requestorId: "omNode-3"
  replyId: "omNode-2"
  raftGroupId {
    id: "\311\274L\364;\303<`\246kR9\206\023\0256"
  }
  success: true
}
term: 6
nextIndex: 69
followerCommit: 67
matchIndex: 18446744073709551615
isHearbeat: true

2025-04-24 14:03:04,237 [grpc-default-executor-0] INFO  server.GrpcLogAppender (GrpcLogAppender.java:onCompleted(550)) - omNode-3@group-523986131536->omNode-1-AppendLogResponseHandler: follower responses appendEntries COMPLETED
2025-04-24 14:03:04,237 [grpc-default-executor-0] WARN  server.GrpcLogAppender (GrpcLogAppender.java:resetClient(230)) - omNode-3@group-523986131536->omNode-1-GrpcLogAppender: Failed to getClient for omNode-1
org.apache.ratis.protocol.exceptions.AlreadyClosedException: omNode-3 is already CLOSED
	at org.apache.ratis.util.PeerProxyMap$PeerAndProxy.getProxy(PeerProxyMap.java:67)
	at org.apache.ratis.util.PeerProxyMap.getProxy(PeerProxyMap.java:124)
	at org.apache.ratis.grpc.server.GrpcLogAppender.getClient(GrpcLogAppender.java:200)
	at org.apache.ratis.grpc.server.GrpcLogAppender.resetClient(GrpcLogAppender.java:205)
	at org.apache.ratis.grpc.server.GrpcLogAppender.access$800(GrpcLogAppender.java:64)
	at org.apache.ratis.grpc.server.GrpcLogAppender$AppendLogResponseHandler.onCompleted(GrpcLogAppender.java:551)
	at org.apache.ratis.thirdparty.io.grpc.stub.ClientCalls$StreamObserverToCallListenerAdapter.onClose(ClientCalls.java:479)
	at org.apache.ratis.thirdparty.io.grpc.internal.ClientCallImpl.closeObserver(ClientCallImpl.java:567)
	at org.apache.ratis.thirdparty.io.grpc.internal.ClientCallImpl.access$300(ClientCallImpl.java:71)
	at org.apache.ratis.thirdparty.io.grpc.internal.ClientCallImpl$ClientStreamListenerImpl$1StreamClosed.runInternal(ClientCallImpl.java:735)
	at org.apache.ratis.thirdparty.io.grpc.internal.ClientCallImpl$ClientStreamListenerImpl$1StreamClosed.runInContext(ClientCallImpl.java:716)
	at org.apache.ratis.thirdparty.io.grpc.internal.ContextRunnable.run(ContextRunnable.java:37)
	at org.apache.ratis.thirdparty.io.grpc.internal.SerializingExecutor.run(SerializingExecutor.java:133)
	at java.base/java.util.concurrent.ThreadPoolExecutor.runWorker(ThreadPoolExecutor.java:1144)
	at java.base/java.util.concurrent.ThreadPoolExecutor$Worker.run(ThreadPoolExecutor.java:642)
	at java.base/java.lang.Thread.run(Thread.java:1583)
2025-04-24 14:03:04,238 [grpc-default-executor-0] INFO  server.GrpcLogAppender (GrpcLogAppender.java:onCompleted(550)) - omNode-3@group-523986131536->omNode-2-AppendLogResponseHandler: follower responses appendEntries COMPLETED
2025-04-24 14:03:04,238 [grpc-default-executor-0] WARN  server.GrpcLogAppender (GrpcLogAppender.java:resetClient(230)) - omNode-3@group-523986131536->omNode-2-GrpcLogAppender: Failed to getClient for omNode-2
org.apache.ratis.protocol.exceptions.AlreadyClosedException: omNode-3 is already CLOSED
	at org.apache.ratis.util.PeerProxyMap$PeerAndProxy.getProxy(PeerProxyMap.java:67)
	at org.apache.ratis.util.PeerProxyMap.getProxy(PeerProxyMap.java:124)
	at org.apache.ratis.grpc.server.GrpcLogAppender.getClient(GrpcLogAppender.java:200)
	at org.apache.ratis.grpc.server.GrpcLogAppender.resetClient(GrpcLogAppender.java:205)
	at org.apache.ratis.grpc.server.GrpcLogAppender.access$800(GrpcLogAppender.java:64)
	at org.apache.ratis.grpc.server.GrpcLogAppender$AppendLogResponseHandler.onCompleted(GrpcLogAppender.java:551)
	at org.apache.ratis.thirdparty.io.grpc.stub.ClientCalls$StreamObserverToCallListenerAdapter.onClose(ClientCalls.java:479)
	at org.apache.ratis.thirdparty.io.grpc.internal.ClientCallImpl.closeObserver(ClientCallImpl.java:567)
	at org.apache.ratis.thirdparty.io.grpc.internal.ClientCallImpl.access$300(ClientCallImpl.java:71)
	at org.apache.ratis.thirdparty.io.grpc.internal.ClientCallImpl$ClientStreamListenerImpl$1StreamClosed.runInternal(ClientCallImpl.java:735)
	at org.apache.ratis.thirdparty.io.grpc.internal.ClientCallImpl$ClientStreamListenerImpl$1StreamClosed.runInContext(ClientCallImpl.java:716)
	at org.apache.ratis.thirdparty.io.grpc.internal.ContextRunnable.run(ContextRunnable.java:37)
	at org.apache.ratis.thirdparty.io.grpc.internal.SerializingExecutor.run(SerializingExecutor.java:133)
	at java.base/java.util.concurrent.ThreadPoolExecutor.runWorker(ThreadPoolExecutor.java:1144)
	at java.base/java.util.concurrent.ThreadPoolExecutor$Worker.run(ThreadPoolExecutor.java:642)
	at java.base/java.lang.Thread.run(Thread.java:1583)
2025-04-24 14:03:04,238 [grpc-default-executor-3] INFO  server.GrpcLogAppender (GrpcLogAppender.java:onCompleted(550)) - omNode-3@group-523986131536->omNode-1-AppendLogResponseHandler: follower responses appendEntries COMPLETED
2025-04-24 14:03:04,238 [grpc-default-executor-3] WARN  server.GrpcLogAppender (GrpcLogAppender.java:resetClient(230)) - omNode-3@group-523986131536->omNode-1-GrpcLogAppender: Failed to getClient for omNode-1
org.apache.ratis.protocol.exceptions.AlreadyClosedException: omNode-3 is already CLOSED
	at org.apache.ratis.util.PeerProxyMap$PeerAndProxy.getProxy(PeerProxyMap.java:67)
	at org.apache.ratis.util.PeerProxyMap.getProxy(PeerProxyMap.java:124)
	at org.apache.ratis.grpc.server.GrpcLogAppender.getClient(GrpcLogAppender.java:200)
	at org.apache.ratis.grpc.server.GrpcLogAppender.resetClient(GrpcLogAppender.java:205)
	at org.apache.ratis.grpc.server.GrpcLogAppender.access$800(GrpcLogAppender.java:64)
	at org.apache.ratis.grpc.server.GrpcLogAppender$AppendLogResponseHandler.onCompleted(GrpcLogAppender.java:551)
	at org.apache.ratis.thirdparty.io.grpc.stub.ClientCalls$StreamObserverToCallListenerAdapter.onClose(ClientCalls.java:479)
	at org.apache.ratis.thirdparty.io.grpc.internal.ClientCallImpl.closeObserver(ClientCallImpl.java:567)
	at org.apache.ratis.thirdparty.io.grpc.internal.ClientCallImpl.access$300(ClientCallImpl.java:71)
	at org.apache.ratis.thirdparty.io.grpc.internal.ClientCallImpl$ClientStreamListenerImpl$1StreamClosed.runInternal(ClientCallImpl.java:735)
	at org.apache.ratis.thirdparty.io.grpc.internal.ClientCallImpl$ClientStreamListenerImpl$1StreamClosed.runInContext(ClientCallImpl.java:716)
	at org.apache.ratis.thirdparty.io.grpc.internal.ContextRunnable.run(ContextRunnable.java:37)
	at org.apache.ratis.thirdparty.io.grpc.internal.SerializingExecutor.run(SerializingExecutor.java:133)
	at java.base/java.util.concurrent.ThreadPoolExecutor.runWorker(ThreadPoolExecutor.java:1144)
	at java.base/java.util.concurrent.ThreadPoolExecutor$Worker.run(ThreadPoolExecutor.java:642)
	at java.base/java.lang.Thread.run(Thread.java:1583)
2025-04-24 14:03:04,238 [grpc-default-executor-2] INFO  server.GrpcLogAppender (GrpcLogAppender.java:onCompleted(550)) - omNode-3@group-523986131536->omNode-2-AppendLogResponseHandler: follower responses appendEntries COMPLETED
2025-04-24 14:03:04,239 [grpc-default-executor-2] WARN  server.GrpcLogAppender (GrpcLogAppender.java:resetClient(230)) - omNode-3@group-523986131536->omNode-2-GrpcLogAppender: Failed to getClient for omNode-2
org.apache.ratis.protocol.exceptions.AlreadyClosedException: omNode-3 is already CLOSED
	at org.apache.ratis.util.PeerProxyMap$PeerAndProxy.getProxy(PeerProxyMap.java:67)
	at org.apache.ratis.util.PeerProxyMap.getProxy(PeerProxyMap.java:124)
	at org.apache.ratis.grpc.server.GrpcLogAppender.getClient(GrpcLogAppender.java:200)
	at org.apache.ratis.grpc.server.GrpcLogAppender.resetClient(GrpcLogAppender.java:205)
	at org.apache.ratis.grpc.server.GrpcLogAppender.access$800(GrpcLogAppender.java:64)
	at org.apache.ratis.grpc.server.GrpcLogAppender$AppendLogResponseHandler.onCompleted(GrpcLogAppender.java:551)
	at org.apache.ratis.thirdparty.io.grpc.stub.ClientCalls$StreamObserverToCallListenerAdapter.onClose(ClientCalls.java:479)
	at org.apache.ratis.thirdparty.io.grpc.internal.ClientCallImpl.closeObserver(ClientCallImpl.java:567)
	at org.apache.ratis.thirdparty.io.grpc.internal.ClientCallImpl.access$300(ClientCallImpl.java:71)
	at org.apache.ratis.thirdparty.io.grpc.internal.ClientCallImpl$ClientStreamListenerImpl$1StreamClosed.runInternal(ClientCallImpl.java:735)
	at org.apache.ratis.thirdparty.io.grpc.internal.ClientCallImpl$ClientStreamListenerImpl$1StreamClosed.runInContext(ClientCallImpl.java:716)
	at org.apache.ratis.thirdparty.io.grpc.internal.ContextRunnable.run(ContextRunnable.java:37)
	at org.apache.ratis.thirdparty.io.grpc.internal.SerializingExecutor.run(SerializingExecutor.java:133)
	at java.base/java.util.concurrent.ThreadPoolExecutor.runWorker(ThreadPoolExecutor.java:1144)
	at java.base/java.util.concurrent.ThreadPoolExecutor$Worker.run(ThreadPoolExecutor.java:642)
	at java.base/java.lang.Thread.run(Thread.java:1583)
2025-04-24 14:03:04,239 [main] INFO  server.GrpcService (GrpcService.java:closeImpl(352)) - omNode-3: shutdown server GrpcServerProtocolService successfully
2025-04-24 14:03:04,245 [omNode-3@group-523986131536-StateMachineUpdater] INFO  ratis.OzoneManagerStateMachine (OzoneManagerStateMachine.java:takeSnapshotImpl(510)) - omNode-3: taking snapshot. applied = (t:6, i:71), skipped = 70, notified = (t:6, i:71), current snapshot index = (t:6, i:71), took 9 ms
2025-04-24 14:03:04,245 [omNode-3@group-523986131536-StateMachineUpdater] INFO  impl.StateMachineUpdater (StateMachineUpdater.java:takeSnapshot(303)) - omNode-3@group-523986131536-StateMachineUpdater: Took a snapshot at index 71
2025-04-24 14:03:04,245 [omNode-3@group-523986131536-StateMachineUpdater] INFO  impl.StateMachineUpdater (StateMachineUpdater.java:lambda$new$0(102)) - omNode-3@group-523986131536-StateMachineUpdater: snapshotIndex: updateIncreasingly 67 -> 71
2025-04-24 14:03:04,245 [omNode-3@group-523986131536-StateMachineUpdater] INFO  impl.StateMachineUpdater (StateMachineUpdater.java:stop(141)) - omNode-3@group-523986131536-StateMachineUpdater: closing OzoneManagerStateMachine, lastApplied=(t:6, i:71)
2025-04-24 14:03:04,246 [omNode-3@group-523986131536-StateMachineUpdater] INFO  ratis.OzoneManagerStateMachine (OzoneManagerStateMachine.java:close(550)) - Stopping OzoneManagerStateMachine:omNode-3:group-523986131536.
2025-04-24 14:03:04,246 [omNode-3@group-523986131536-StateMachineUpdater] INFO  ratis.OzoneManagerDoubleBuffer (OzoneManagerDoubleBuffer.java:stopDaemon(500)) - Stopping OMDoubleBuffer flush thread
2025-04-24 14:03:04,246 [omNode-3-OMDoubleBufferFlushThread] INFO  ratis.OzoneManagerDoubleBuffer (OzoneManagerDoubleBuffer.java:canFlush(559)) - OMDoubleBuffer flush thread omNode-3-OMDoubleBufferFlushThread is interrupted and will exit.
2025-04-24 14:03:04,246 [omNode-3@group-523986131536-cacheEviction-AwaitToRun] INFO  util.AwaitToRun (AwaitToRun.java:run(49)) - omNode-3@group-523986131536-cacheEviction-AwaitToRun-AwaitForSignal is interrupted
2025-04-24 14:03:05,212 [omNode-3-impl-thread1] INFO  segmented.SegmentedRaftLogWorker (SegmentedRaftLogWorker.java:close(252)) - omNode-3@group-523986131536-SegmentedRaftLogWorker close()
2025-04-24 14:03:05,213 [JvmPauseMonitor17] INFO  util.JvmPauseMonitor (JvmPauseMonitor.java:run(152)) - JvmPauseMonitor-omNode-3: Stopped
2025-04-24 14:03:05,213 [main] INFO  utils.BackgroundService (BackgroundService.java:shutdown(161)) - Shutting down service KeyDeletingService
2025-04-24 14:03:05,213 [main] INFO  utils.BackgroundService (BackgroundService.java:shutdown(161)) - Shutting down service DirectoryDeletingService
2025-04-24 14:03:05,214 [main] INFO  utils.BackgroundService (BackgroundService.java:shutdown(161)) - Shutting down service OpenKeyCleanupService
2025-04-24 14:03:05,214 [main] INFO  utils.BackgroundService (BackgroundService.java:shutdown(161)) - Shutting down service SstFilteringService
2025-04-24 14:03:05,215 [main] INFO  utils.BackgroundService (BackgroundService.java:shutdown(161)) - Shutting down service SnapshotDeletingService
2025-04-24 14:03:05,215 [main] INFO  utils.BackgroundService (BackgroundService.java:shutdown(161)) - Shutting down service MultipartUploadCleanupService
2025-04-24 14:03:05,216 [main] INFO  handler.ContextHandler (ContextHandler.java:doStop(1159)) - Stopped o.e.j.w.WebAppContext@65a80b8{ozoneManager,/,null,STOPPED}{file:/home/runner/work/ozone/ozone/hadoop-ozone/integration-test/target/test-classes/webapps/ozoneManager}
2025-04-24 14:03:05,216 [main] INFO  server.AbstractConnector (AbstractConnector.java:doStop(383)) - Stopped ServerConnector@3274b0b0{HTTP/1.1, (http/1.1)}{0.0.0.0:15015}
2025-04-24 14:03:05,216 [main] INFO  server.session (HouseKeeper.java:stopScavenging(149)) - node0 Stopped scavenging
2025-04-24 14:03:05,216 [main] INFO  handler.ContextHandler (ContextHandler.java:doStop(1159)) - Stopped o.e.j.s.ServletContextHandler@6f2ab3f6{static,/static,file:///home/runner/work/ozone/ozone/hadoop-ozone/integration-test/target/test-classes/webapps/static,STOPPED}
2025-04-24 14:03:05,216 [main] INFO  handler.ContextHandler (ContextHandler.java:doStop(1159)) - Stopped o.e.j.s.ServletContextHandler@3719b83d{logs,/logs,file:///home/runner/work/ozone/ozone/hadoop-ozone/integration-test/target/log,STOPPED}
2025-04-24 14:03:05,217 [main] INFO  rocksdiff.RocksDBCheckpointDiffer (RocksDBCheckpointDiffer.java:close(304)) - Shutting down CompactionDagPruningService.
2025-04-24 14:03:05,219 [main] INFO  snapshot.SnapshotDiffManager (SnapshotDiffManager.java:closeExecutorService(1698)) - Shutting down executorService: 'SnapDiffExecutor'
2025-04-24 14:03:05,219 [main] INFO  utils.BackgroundService (BackgroundService.java:shutdown(161)) - Shutting down service SnapshotDiffCleanupService
2025-04-24 14:03:06,252 [omNode-2@group-523986131536-FollowerState] INFO  impl.FollowerState (FollowerState.java:runImpl(161)) - omNode-2@group-523986131536-FollowerState: change to CANDIDATE, lastRpcElapsedTime:2039723707ns, electionTimeout:1129ms
2025-04-24 14:03:06,252 [omNode-2@group-523986131536-FollowerState] INFO  impl.RoleInfo (RoleInfo.java:shutdownFollowerState(121)) - omNode-2: shutdown omNode-2@group-523986131536-FollowerState
2025-04-24 14:03:06,252 [omNode-2@group-523986131536-FollowerState] INFO  server.RaftServer$Division (RaftServerImpl.java:setRole(378)) - omNode-2@group-523986131536: changes role from  FOLLOWER to CANDIDATE at term 6 for changeToCandidate
2025-04-24 14:03:06,252 [omNode-2@group-523986131536-FollowerState] INFO  server.RaftServerConfigKeys (ConfUtils.java:logGet(46)) - raft.server.leaderelection.pre-vote = true (default)
2025-04-24 14:03:06,252 [omNode-2@group-523986131536-FollowerState] INFO  impl.RoleInfo (RoleInfo.java:updateAndGet(148)) - omNode-2: start omNode-2@group-523986131536-LeaderElection16
2025-04-24 14:03:06,252 [omNode-2@group-523986131536-LeaderElection16] INFO  server.RaftServer$Division (ServerState.java:setLeader(272)) - omNode-2@group-523986131536: change Leader from omNode-3 to null at term 6 for PRE_VOTE
2025-04-24 14:03:06,252 [omNode-2@group-523986131536-LeaderElection16] INFO  impl.LeaderElection (LeaderElection.java:askForVotes(332)) - omNode-2@group-523986131536-LeaderElection16 PRE_VOTE round 0: submit vote requests at term 6 for conf: {index: 68, cur=peers:[omNode-3|localhost:15017, omNode-1|localhost:15009, omNode-2|localhost:15013]|listeners:[], old=null}
2025-04-24 14:03:06,253 [omNode-2@group-523986131536-LeaderElection16-1] INFO  server.GrpcServerProtocolClient (GrpcServerProtocolClient.java:<init>(65)) - Build channel for omNode-3|localhost:15017
2025-04-24 14:03:06,253 [omNode-2@group-523986131536-LeaderElection16-2] INFO  server.GrpcServerProtocolClient (GrpcServerProtocolClient.java:<init>(65)) - Build channel for omNode-1|localhost:15009
2025-04-24 14:03:06,256 [omNode-2@group-523986131536-LeaderElection16] INFO  impl.LeaderElection (LogUtils.java:infoOrTrace(136)) - omNode-2@group-523986131536-LeaderElection16 got exception when requesting votes: java.util.concurrent.ExecutionException: org.apache.ratis.thirdparty.io.grpc.StatusRuntimeException: UNAVAILABLE: io exception
2025-04-24 14:03:06,258 [grpc-default-executor-3] INFO  server.RaftServer$Division (RaftServerImpl.java:requestVote(1407)) - omNode-1@group-523986131536: receive requestVote(PRE_VOTE, omNode-2, group-523986131536, 6, (t:6, i:71))
2025-04-24 14:03:06,258 [grpc-default-executor-3] INFO  impl.VoteContext (VoteContext.java:log(49)) - omNode-1@group-523986131536-FOLLOWER: accept PRE_VOTE from omNode-2: our priority 0 <= candidate's priority 0
2025-04-24 14:03:06,258 [grpc-default-executor-3] INFO  server.RaftServer$Division (RaftServerImpl.java:requestVote(1441)) - omNode-1@group-523986131536 replies to PRE_VOTE vote request: omNode-2<-omNode-1#0:OK-t6. Peer's state: omNode-1@group-523986131536:t6, leader=omNode-3, voted=omNode-3, raftlog=Memoized:omNode-1@group-523986131536-SegmentedRaftLog:OPENED:c70:last(t:6, i:71), conf=conf: {index: 68, cur=peers:[omNode-3|localhost:15017, omNode-1|localhost:15009, omNode-2|localhost:15013]|listeners:[], old=null}
2025-04-24 14:03:06,258 [omNode-2@group-523986131536-LeaderElection16] INFO  impl.LeaderElection (LeaderElection.java:logAndReturn(90)) - omNode-2@group-523986131536-LeaderElection16: PRE_VOTE PASSED received 1 response(s) and 1 exception(s):
2025-04-24 14:03:06,259 [omNode-2@group-523986131536-LeaderElection16] INFO  impl.LeaderElection (LeaderElection.java:logAndReturn(94)) -   Response 0: omNode-2<-omNode-1#0:OK-t6
2025-04-24 14:03:06,259 [omNode-2@group-523986131536-LeaderElection16] INFO  impl.LeaderElection (LogUtils.java:infoOrTrace(136)) -   Exception 1: java.util.concurrent.ExecutionException: org.apache.ratis.thirdparty.io.grpc.StatusRuntimeException: UNAVAILABLE: io exception
2025-04-24 14:03:06,259 [omNode-2@group-523986131536-LeaderElection16] INFO  impl.LeaderElection (LeaderElection.java:askForVotes(334)) - omNode-2@group-523986131536-LeaderElection16 PRE_VOTE round 0: result PASSED
2025-04-24 14:03:06,260 [omNode-2@group-523986131536-LeaderElection16] INFO  impl.LeaderElection (LeaderElection.java:askForVotes(332)) - omNode-2@group-523986131536-LeaderElection16 ELECTION round 0: submit vote requests at term 7 for conf: {index: 68, cur=peers:[omNode-3|localhost:15017, omNode-1|localhost:15009, omNode-2|localhost:15013]|listeners:[], old=null}
2025-04-24 14:03:06,261 [omNode-2@group-523986131536-LeaderElection16] INFO  impl.LeaderElection (LogUtils.java:infoOrTrace(136)) - omNode-2@group-523986131536-LeaderElection16 got exception when requesting votes: java.util.concurrent.ExecutionException: org.apache.ratis.thirdparty.io.grpc.StatusRuntimeException: UNAVAILABLE: io exception
2025-04-24 14:03:06,261 [grpc-default-executor-3] INFO  server.RaftServer$Division (RaftServerImpl.java:requestVote(1407)) - omNode-1@group-523986131536: receive requestVote(ELECTION, omNode-2, group-523986131536, 7, (t:6, i:71))
2025-04-24 14:03:06,261 [grpc-default-executor-3] INFO  impl.VoteContext (VoteContext.java:log(49)) - omNode-1@group-523986131536-FOLLOWER: accept ELECTION from omNode-2: our priority 0 <= candidate's priority 0
2025-04-24 14:03:06,261 [grpc-default-executor-3] INFO  server.RaftServer$Division (RaftServerImpl.java:setRole(378)) - omNode-1@group-523986131536: changes role from  FOLLOWER to FOLLOWER at term 6 for candidate:omNode-2
2025-04-24 14:03:06,261 [grpc-default-executor-3] INFO  impl.RoleInfo (RoleInfo.java:shutdownFollowerState(121)) - omNode-1: shutdown omNode-1@group-523986131536-FollowerState
2025-04-24 14:03:06,261 [omNode-1@group-523986131536-FollowerState] INFO  impl.FollowerState (FollowerState.java:runImpl(170)) - omNode-1@group-523986131536-FollowerState was interrupted
2025-04-24 14:03:06,261 [grpc-default-executor-3] INFO  server.RaftServer$Division (ServerState.java:setLeader(272)) - omNode-1@group-523986131536: change Leader from omNode-3 to null at term 7 for updateCurrentTerm
2025-04-24 14:03:06,261 [grpc-default-executor-3] INFO  impl.RoleInfo (RoleInfo.java:updateAndGet(148)) - omNode-1: start omNode-1@group-523986131536-FollowerState
2025-04-24 14:03:06,262 [grpc-default-executor-3] INFO  server.RaftServer$Division (RaftServerImpl.java:requestVote(1441)) - omNode-1@group-523986131536 replies to ELECTION vote request: omNode-2<-omNode-1#0:OK-t7. Peer's state: omNode-1@group-523986131536:t7, leader=null, voted=omNode-2, raftlog=Memoized:omNode-1@group-523986131536-SegmentedRaftLog:OPENED:c70:last(t:6, i:71), conf=conf: {index: 68, cur=peers:[omNode-3|localhost:15017, omNode-1|localhost:15009, omNode-2|localhost:15013]|listeners:[], old=null}
2025-04-24 14:03:06,263 [omNode-2@group-523986131536-LeaderElection16] INFO  impl.LeaderElection (LeaderElection.java:logAndReturn(90)) - omNode-2@group-523986131536-LeaderElection16: ELECTION PASSED received 1 response(s) and 1 exception(s):
2025-04-24 14:03:06,263 [omNode-2@group-523986131536-LeaderElection16] INFO  impl.LeaderElection (LeaderElection.java:logAndReturn(94)) -   Response 0: omNode-2<-omNode-1#0:OK-t7
2025-04-24 14:03:06,263 [omNode-2@group-523986131536-LeaderElection16] INFO  impl.LeaderElection (LogUtils.java:infoOrTrace(136)) -   Exception 1: java.util.concurrent.ExecutionException: org.apache.ratis.thirdparty.io.grpc.StatusRuntimeException: UNAVAILABLE: io exception
2025-04-24 14:03:06,263 [omNode-2@group-523986131536-LeaderElection16] INFO  impl.LeaderElection (LeaderElection.java:askForVotes(334)) - omNode-2@group-523986131536-LeaderElection16 ELECTION round 0: result PASSED
2025-04-24 14:03:06,263 [omNode-2@group-523986131536-LeaderElection16] INFO  impl.RoleInfo (RoleInfo.java:shutdownLeaderElection(141)) - omNode-2: shutdown omNode-2@group-523986131536-LeaderElection16
2025-04-24 14:03:06,263 [omNode-2@group-523986131536-LeaderElection16] INFO  server.RaftServer$Division (RaftServerImpl.java:setRole(378)) - omNode-2@group-523986131536: changes role from CANDIDATE to LEADER at term 7 for changeToLeader
2025-04-24 14:03:06,263 [omNode-2@group-523986131536-LeaderElection16] INFO  server.RaftServerConfigKeys (ConfUtils.java:logGet(46)) - raft.server.staging.catchup.gap = 1000 (default)
2025-04-24 14:03:06,263 [omNode-2@group-523986131536-LeaderElection16] INFO  server.RaftServerConfigKeys (ConfUtils.java:logGet(46)) - raft.server.write.element-limit = 4096 (default)
2025-04-24 14:03:06,263 [omNode-2@group-523986131536-LeaderElection16] INFO  server.RaftServerConfigKeys (ConfUtils.java:logGet(46)) - raft.server.write.byte-limit = 64MB (=67108864) (default)
2025-04-24 14:03:06,264 [omNode-2@group-523986131536-LeaderElection16] INFO  server.RaftServerConfigKeys (ConfUtils.java:logGet(46)) - raft.server.watch.timeout = 10s (default)
2025-04-24 14:03:06,264 [omNode-2@group-523986131536-LeaderElection16] INFO  server.RaftServerConfigKeys (ConfUtils.java:logGet(46)) - raft.server.watch.timeout.denomination = 1s (default)
2025-04-24 14:03:06,264 [omNode-2@group-523986131536-LeaderElection16] INFO  server.RaftServerConfigKeys (ConfUtils.java:logGet(46)) - raft.server.watch.element-limit = 65536 (default)
2025-04-24 14:03:06,264 [omNode-2@group-523986131536-LeaderElection16] INFO  server.RaftServerConfigKeys (ConfUtils.java:logGet(46)) - raft.server.read.leader.lease.enabled = false (default)
2025-04-24 14:03:06,264 [omNode-2@group-523986131536-LeaderElection16] INFO  server.RaftServerConfigKeys (ConfUtils.java:logGet(46)) - raft.server.read.leader.lease.timeout.ratio = 0.9 (default)
2025-04-24 14:03:06,264 [omNode-2@group-523986131536-LeaderElection16] INFO  server.RaftServerConfigKeys (ConfUtils.java:logGet(46)) - raft.server.rpc.timeout.min = 1s (custom)
2025-04-24 14:03:06,264 [omNode-2@group-523986131536-LeaderElection16] INFO  server.RaftServerConfigKeys (ConfUtils.java:logGet(46)) - raft.server.log.log-metadata.enabled = true (default)
2025-04-24 14:03:06,264 [omNode-2@group-523986131536-LeaderElection16] INFO  server.RaftServerConfigKeys (ConfUtils.java:logGet(46)) - raft.server.write.element-limit = 4096 (default)
2025-04-24 14:03:06,264 [omNode-2@group-523986131536-LeaderElection16] INFO  server.RaftServerConfigKeys (ConfUtils.java:logGet(46)) - raft.server.write.follower.gap.ratio.max = -1.0 (default)
2025-04-24 14:03:06,265 [omNode-2@group-523986131536-LeaderElection16] INFO  server.RaftServerConfigKeys (ConfUtils.java:logGet(46)) - raft.server.log.appender.snapshot.chunk.size.max = 16MB (=16777216) (default)
2025-04-24 14:03:06,265 [omNode-2@group-523986131536-LeaderElection16] INFO  server.RaftServerConfigKeys (ConfUtils.java:logGet(46)) - raft.server.log.appender.buffer.byte-limit = 4194304 (custom)
2025-04-24 14:03:06,265 [omNode-2@group-523986131536-LeaderElection16] INFO  server.RaftServerConfigKeys (ConfUtils.java:logGet(46)) - raft.server.log.appender.buffer.element-limit = 1024 (custom)
2025-04-24 14:03:06,265 [omNode-2@group-523986131536-LeaderElection16] INFO  server.RaftServerConfigKeys (ConfUtils.java:logGet(46)) - raft.server.log.appender.wait-time.min = 0ms (custom)
2025-04-24 14:03:06,265 [omNode-2@group-523986131536-LeaderElection16] INFO  grpc.GrpcConfigKeys (ConfUtils.java:logGet(46)) - raft.grpc.server.leader.outstanding.appends.max = 8 (default)
2025-04-24 14:03:06,265 [omNode-2@group-523986131536-LeaderElection16] INFO  server.RaftServerConfigKeys (ConfUtils.java:logGet(46)) - raft.server.rpc.request.timeout = 3000ms (default)
2025-04-24 14:03:06,265 [omNode-2@group-523986131536-LeaderElection16] INFO  grpc.GrpcConfigKeys (ConfUtils.java:logGet(46)) - raft.grpc.server.install_snapshot.request.element-limit = 8 (default)
2025-04-24 14:03:06,265 [omNode-2@group-523986131536-LeaderElection16] INFO  grpc.GrpcConfigKeys (ConfUtils.java:logGet(46)) - raft.grpc.server.install_snapshot.request.timeout = 3000ms (default)
2025-04-24 14:03:06,265 [omNode-2@group-523986131536-LeaderElection16] INFO  grpc.GrpcConfigKeys (ConfUtils.java:logGet(46)) - raft.grpc.server.log-message.batch.duration = 5s (default)
2025-04-24 14:03:06,265 [omNode-2@group-523986131536-LeaderElection16] INFO  server.RaftServerConfigKeys (ConfUtils.java:logGet(46)) - raft.server.log.appender.install.snapshot.enabled = false (custom)
2025-04-24 14:03:06,265 [omNode-2@group-523986131536-LeaderElection16] INFO  grpc.GrpcConfigKeys (ConfUtils.java:logGet(46)) - raft.grpc.server.heartbeat.channel = true (default)
2025-04-24 14:03:06,266 [omNode-2@group-523986131536-LeaderElection16] INFO  server.RaftServerConfigKeys (ConfUtils.java:logGet(46)) - raft.server.log.appender.snapshot.chunk.size.max = 16MB (=16777216) (default)
2025-04-24 14:03:06,266 [omNode-2@group-523986131536-LeaderElection16] INFO  server.RaftServerConfigKeys (ConfUtils.java:logGet(46)) - raft.server.log.appender.buffer.byte-limit = 4194304 (custom)
2025-04-24 14:03:06,266 [omNode-2@group-523986131536-LeaderElection16] INFO  server.RaftServerConfigKeys (ConfUtils.java:logGet(46)) - raft.server.log.appender.buffer.element-limit = 1024 (custom)
2025-04-24 14:03:06,266 [omNode-2@group-523986131536-LeaderElection16] INFO  server.RaftServerConfigKeys (ConfUtils.java:logGet(46)) - raft.server.log.appender.wait-time.min = 0ms (custom)
2025-04-24 14:03:06,266 [omNode-2@group-523986131536-LeaderElection16] INFO  grpc.GrpcConfigKeys (ConfUtils.java:logGet(46)) - raft.grpc.server.leader.outstanding.appends.max = 8 (default)
2025-04-24 14:03:06,266 [omNode-2@group-523986131536-LeaderElection16] INFO  server.RaftServerConfigKeys (ConfUtils.java:logGet(46)) - raft.server.rpc.request.timeout = 3000ms (default)
2025-04-24 14:03:06,266 [omNode-2@group-523986131536-LeaderElection16] INFO  grpc.GrpcConfigKeys (ConfUtils.java:logGet(46)) - raft.grpc.server.install_snapshot.request.element-limit = 8 (default)
2025-04-24 14:03:06,266 [omNode-2@group-523986131536-LeaderElection16] INFO  grpc.GrpcConfigKeys (ConfUtils.java:logGet(46)) - raft.grpc.server.install_snapshot.request.timeout = 3000ms (default)
2025-04-24 14:03:06,266 [omNode-2@group-523986131536-LeaderElection16] INFO  grpc.GrpcConfigKeys (ConfUtils.java:logGet(46)) - raft.grpc.server.log-message.batch.duration = 5s (default)
2025-04-24 14:03:06,266 [omNode-2@group-523986131536-LeaderElection16] INFO  server.RaftServerConfigKeys (ConfUtils.java:logGet(46)) - raft.server.log.appender.install.snapshot.enabled = false (custom)
2025-04-24 14:03:06,266 [omNode-2@group-523986131536-LeaderElection16] INFO  grpc.GrpcConfigKeys (ConfUtils.java:logGet(46)) - raft.grpc.server.heartbeat.channel = true (default)
2025-04-24 14:03:06,266 [omNode-2@group-523986131536-LeaderElection16] INFO  impl.RoleInfo (RoleInfo.java:updateAndGet(148)) - omNode-2: start omNode-2@group-523986131536-LeaderStateImpl
2025-04-24 14:03:06,267 [omNode-2@group-523986131536-LeaderElection16] INFO  ratis.OzoneManagerStateMachine (OzoneManagerStateMachine.java:notifyLeaderChanged(169)) - omNode-2@group-523986131536: leader changed to omNode-2
2025-04-24 14:03:06,267 [omNode-2@group-523986131536-LeaderElection16] INFO  server.RaftServer$Division (ServerState.java:setLeader(272)) - omNode-2@group-523986131536: change Leader from null to omNode-2 at term 7 for becomeLeader, leader elected after 14ms
2025-04-24 14:03:06,267 [omNode-2@group-523986131536-LeaderElection16] INFO  segmented.SegmentedRaftLogWorker (SegmentedRaftLogWorker.java:rollLogSegment(443)) - omNode-2@group-523986131536-SegmentedRaftLogWorker: Rolling segment log-68_71 to index:71
2025-04-24 14:03:06,267 [omNode-2@group-523986131536-LeaderElection16] INFO  server.RaftServer$Division (ServerState.java:setRaftConf(386)) - omNode-2@group-523986131536: set configuration conf: {index: 72, cur=peers:[omNode-3|localhost:15017, omNode-1|localhost:15009, omNode-2|localhost:15013]|listeners:[], old=null}
2025-04-24 14:03:06,268 [omNode-2@group-523986131536-SegmentedRaftLogWorker] INFO  segmented.SegmentedRaftLogWorker (SegmentedRaftLogWorker.java:execute(601)) - omNode-2@group-523986131536-SegmentedRaftLogWorker: Rolled log segment from /home/runner/work/ozone/ozone/hadoop-ozone/integration-test/target/test-dir/MiniOzoneClusterImpl-4e6105ad-12bc-4f18-9d37-351d73277e17/omNode-2/ratis/c9bc4cf4-3bc3-3c60-a66b-523986131536/current/log_inprogress_68 to /home/runner/work/ozone/ozone/hadoop-ozone/integration-test/target/test-dir/MiniOzoneClusterImpl-4e6105ad-12bc-4f18-9d37-351d73277e17/omNode-2/ratis/c9bc4cf4-3bc3-3c60-a66b-523986131536/current/log_68-71
2025-04-24 14:03:06,268 [grpc-default-executor-3] WARN  server.GrpcLogAppender (LogUtils.java:warn(121)) - omNode-2@group-523986131536->omNode-3-AppendLogResponseHandler: Failed appendEntries: org.apache.ratis.thirdparty.io.grpc.StatusRuntimeException: UNAVAILABLE: io exception
2025-04-24 14:03:06,268 [omNode-2@group-523986131536-SegmentedRaftLogWorker] INFO  segmented.BufferedWriteChannel (BufferedWriteChannel.java:open(61)) - open log_inprogress_72 at position 0
2025-04-24 14:03:06,269 [grpc-default-executor-3] WARN  server.GrpcLogAppender (GrpcLogAppender.java:lambda$resetClient$1(221)) - omNode-2@group-523986131536->omNode-3-GrpcLogAppender: Follower failed (request=null, errorCount=1); keep nextIndex (72) unchanged and retry.
2025-04-24 14:03:06,273 [grpc-default-executor-0] WARN  server.GrpcLogAppender (GrpcLogAppender.java:lambda$resetClient$1(221)) - omNode-2@group-523986131536->omNode-3-GrpcLogAppender: Follower failed (request=null, errorCount=3); keep nextIndex (73) unchanged and retry.
2025-04-24 14:03:06,276 [omNode-1-server-thread3] INFO  ratis.OzoneManagerStateMachine (OzoneManagerStateMachine.java:notifyLeaderChanged(169)) - omNode-1@group-523986131536: leader changed to omNode-2
2025-04-24 14:03:06,276 [omNode-1-server-thread3] INFO  server.RaftServer$Division (ServerState.java:setLeader(272)) - omNode-1@group-523986131536: change Leader from null to omNode-2 at term 7 for appendEntries, leader elected after 14ms
2025-04-24 14:03:06,277 [omNode-1-server-thread2] INFO  server.RaftServer$Division (ServerState.java:setRaftConf(386)) - omNode-1@group-523986131536: set configuration conf: {index: 72, cur=peers:[omNode-3|localhost:15017, omNode-1|localhost:15009, omNode-2|localhost:15013]|listeners:[], old=null}
2025-04-24 14:03:06,277 [omNode-1-server-thread2] INFO  segmented.SegmentedRaftLogWorker (SegmentedRaftLogWorker.java:rollLogSegment(443)) - omNode-1@group-523986131536-SegmentedRaftLogWorker: Rolling segment log-68_71 to index:71
2025-04-24 14:03:06,278 [omNode-1@group-523986131536-SegmentedRaftLogWorker] INFO  segmented.SegmentedRaftLogWorker (SegmentedRaftLogWorker.java:execute(601)) - omNode-1@group-523986131536-SegmentedRaftLogWorker: Rolled log segment from /home/runner/work/ozone/ozone/hadoop-ozone/integration-test/target/test-dir/MiniOzoneClusterImpl-4e6105ad-12bc-4f18-9d37-351d73277e17/omNode-1/ratis/c9bc4cf4-3bc3-3c60-a66b-523986131536/current/log_inprogress_68 to /home/runner/work/ozone/ozone/hadoop-ozone/integration-test/target/test-dir/MiniOzoneClusterImpl-4e6105ad-12bc-4f18-9d37-351d73277e17/omNode-1/ratis/c9bc4cf4-3bc3-3c60-a66b-523986131536/current/log_68-71
2025-04-24 14:03:06,278 [omNode-1@group-523986131536-SegmentedRaftLogWorker] INFO  segmented.BufferedWriteChannel (BufferedWriteChannel.java:open(61)) - open log_inprogress_72 at position 0
2025-04-24 14:03:06,280 [omNode-2@group-523986131536-SegmentedRaftLogWorker] INFO  segmented.SegmentedRaftLogWorker (SegmentedRaftLogWorker.java:execute(644)) - omNode-2@group-523986131536-SegmentedRaftLogWorker: created new log segment /home/runner/work/ozone/ozone/hadoop-ozone/integration-test/target/test-dir/MiniOzoneClusterImpl-4e6105ad-12bc-4f18-9d37-351d73277e17/omNode-2/ratis/c9bc4cf4-3bc3-3c60-a66b-523986131536/current/log_inprogress_72
2025-04-24 14:03:06,287 [omNode-1@group-523986131536-SegmentedRaftLogWorker] INFO  segmented.SegmentedRaftLogWorker (SegmentedRaftLogWorker.java:execute(644)) - omNode-1@group-523986131536-SegmentedRaftLogWorker: created new log segment /home/runner/work/ozone/ozone/hadoop-ozone/integration-test/target/test-dir/MiniOzoneClusterImpl-4e6105ad-12bc-4f18-9d37-351d73277e17/omNode-1/ratis/c9bc4cf4-3bc3-3c60-a66b-523986131536/current/log_inprogress_72
2025-04-24 14:03:06,289 [grpc-default-executor-0] WARN  server.GrpcLogAppender (GrpcLogAppender.java:lambda$resetClient$1(221)) - omNode-2@group-523986131536->omNode-3-GrpcLogAppender: Follower failed (request=null, errorCount=5); keep nextIndex (74) unchanged and retry.
2025-04-24 14:03:06,290 [omNode-2@group-523986131536-StateMachineUpdater] INFO  ratis.OzoneManagerStateMachine (OzoneManagerStateMachine.java:notifyConfigurationChanged(231)) - notifyConfigurationChanged from Ratis: term=7, index=72, New Peer list: omNode-3(localhost:15017), omNode-1(localhost:15009), omNode-2(localhost:15013)
2025-04-24 14:03:06,290 [omNode-2@group-523986131536-StateMachineUpdater] INFO  server.RaftServer$Division (LeaderStateImpl.java:checkStartIndex(313)) - Leader omNode-2@group-523986131536-LeaderStateImpl is ready since appliedIndex == startIndex == 72
2025-04-24 14:03:06,291 [omNode-1@group-523986131536-StateMachineUpdater] INFO  ratis.OzoneManagerStateMachine (OzoneManagerStateMachine.java:notifyConfigurationChanged(231)) - notifyConfigurationChanged from Ratis: term=7, index=72, New Peer list: omNode-3(localhost:15017), omNode-1(localhost:15009), omNode-2(localhost:15013)
2025-04-24 14:03:11,269 [timer3] WARN  server.GrpcLogAppender (LogUtils.java:warn(121)) - omNode-2@group-523986131536->omNode-3-AppendLogResponseHandler: Failed appendEntries (Repeated 20 times in the last 5.001s): org.apache.ratis.thirdparty.io.grpc.StatusRuntimeException: UNAVAILABLE: io exception
2025-04-24 14:03:11,269 [timer4] WARN  server.GrpcLogAppender (GrpcLogAppender.java:lambda$resetClient$1(221)) - omNode-2@group-523986131536->omNode-3-GrpcLogAppender: Follower failed (request=null, errorCount=2); keep nextIndex (72) unchanged and retry. (Repeated 2 times in the last 5.000s)
2025-04-24 14:03:11,273 [timer6] WARN  server.GrpcLogAppender (GrpcLogAppender.java:lambda$resetClient$1(221)) - omNode-2@group-523986131536->omNode-3-GrpcLogAppender: Follower failed (request=null, errorCount=4); keep nextIndex (73) unchanged and retry. (Repeated 2 times in the last 5.000s)
2025-04-24 14:03:11,289 [timer3] WARN  server.GrpcLogAppender (GrpcLogAppender.java:lambda$resetClient$1(221)) - omNode-2@group-523986131536->omNode-3-GrpcLogAppender: Follower failed (request=null, errorCount=20); keep nextIndex (74) unchanged and retry. (Repeated 16 times in the last 5.000s)
2025-04-24 14:03:12,344 [b80db16c-5673-450c-b3ca-7f89ec301096-BlockDeletingService#0] INFO  interfaces.ContainerDeletionChoosingPolicyTemplate (ContainerDeletionChoosingPolicyTemplate.java:chooseContainerForBlockDeletion(83)) - Chosen 0/5000 blocks from 0 candidate containers.
2025-04-24 14:03:12,510 [aed9408d-e3c0-4aa9-9c6a-b698c50b685f-BlockDeletingService#0] INFO  interfaces.ContainerDeletionChoosingPolicyTemplate (ContainerDeletionChoosingPolicyTemplate.java:chooseContainerForBlockDeletion(83)) - Chosen 0/5000 blocks from 0 candidate containers.
2025-04-24 14:03:12,694 [72381052-d1f9-4ca6-906c-6db4c7ca7d69-BlockDeletingService#0] INFO  interfaces.ContainerDeletionChoosingPolicyTemplate (ContainerDeletionChoosingPolicyTemplate.java:chooseContainerForBlockDeletion(83)) - Chosen 0/5000 blocks from 0 candidate containers.
2025-04-24 14:03:12,806 [grpc-default-executor-3] WARN  server.GrpcLogAppender (LogUtils.java:warn(121)) - omNode-2@group-523986131536->omNode-3-AppendLogResponseHandler: Failed appendEntries: org.apache.ratis.thirdparty.io.grpc.StatusRuntimeException: UNAVAILABLE: io exception
2025-04-24 14:03:12,806 [grpc-default-executor-1] WARN  server.GrpcLogAppender (GrpcLogAppender.java:lambda$resetClient$1(221)) - omNode-2@group-523986131536->omNode-3-GrpcLogAppender: Follower failed (request=null, errorCount=21); keep nextIndex (74) unchanged and retry.
2025-04-24 14:03:13,220 [main] INFO  rpc.RpcClient (RpcClient.java:createVolume(462)) - Creating Volume: volume92506, with user41834 as owner and space quota set to -1 bytes, counts quota set to -1
2025-04-24 14:03:13,221 [main] INFO  retry.RetryInvocationHandler (RetryInvocationHandler.java:log(426)) - com.google.protobuf.ServiceException: java.io.EOFException: End of File Exception between local host is: "fv-az2210-761/10.1.0.107"; destination host is: "localhost":15014; : java.io.EOFException; For more details see:  http://wiki.apache.org/hadoop/EOFException, while invoking $Proxy68.submitRequest over nodeId=omNode-3,nodeAddress=127.0.0.1:15014. Trying to failover after sleeping for 2000ms. Current retry count: 0.
2025-04-24 14:03:15,224 [main] INFO  retry.RetryInvocationHandler (RetryInvocationHandler.java:log(426)) - com.google.protobuf.ServiceException: org.apache.hadoop.ipc.RemoteException(org.apache.hadoop.ozone.om.exceptions.OMNotLeaderException): OM:omNode-1 is not the leader. Suggested leader is OM:omNode-2[localhost/127.0.0.1].
	at org.apache.hadoop.ozone.om.ratis.OzoneManagerRatisServer.newOMNotLeaderException(OzoneManagerRatisServer.java:813)
	at org.apache.hadoop.ozone.om.OzoneManager.checkLeaderStatus(OzoneManager.java:4355)
	at org.apache.hadoop.ozone.om.ratis.utils.OzoneManagerRatisUtils.checkLeaderStatus(OzoneManagerRatisUtils.java:500)
	at org.apache.hadoop.ozone.protocolPB.OzoneManagerProtocolServerSideTranslatorPB.internalProcessRequest(OzoneManagerProtocolServerSideTranslatorPB.java:165)
	at org.apache.hadoop.ozone.protocolPB.OzoneManagerProtocolServerSideTranslatorPB.processRequest(OzoneManagerProtocolServerSideTranslatorPB.java:125)
	at org.apache.hadoop.hdds.server.OzoneProtocolMessageDispatcher.processRequest(OzoneProtocolMessageDispatcher.java:87)
	at org.apache.hadoop.ozone.protocolPB.OzoneManagerProtocolServerSideTranslatorPB.submitRequest(OzoneManagerProtocolServerSideTranslatorPB.java:116)
	at org.apache.hadoop.ozone.protocol.proto.OzoneManagerProtocolProtos$OzoneManagerService$2.callBlockingMethod(OzoneManagerProtocolProtos.java)
	at org.apache.hadoop.ipc.ProtobufRpcEngine$Server.processCall(ProtobufRpcEngine.java:484)
	at org.apache.hadoop.ipc.ProtobufRpcEngine2$Server$ProtoBufRpcInvoker.call(ProtobufRpcEngine2.java:595)
	at org.apache.hadoop.ipc.ProtobufRpcEngine2$Server$ProtoBufRpcInvoker.call(ProtobufRpcEngine2.java:573)
	at org.apache.hadoop.ipc.RPC$Server.call(RPC.java:1227)
	at org.apache.hadoop.ipc.Server$RpcCall.run(Server.java:1246)
	at org.apache.hadoop.ipc.Server$RpcCall.run(Server.java:1169)
	at java.base/java.security.AccessController.doPrivileged(AccessController.java:714)
	at java.base/javax.security.auth.Subject.doAs(Subject.java:525)
	at org.apache.hadoop.security.UserGroupInformation.doAs(UserGroupInformation.java:1953)
	at org.apache.hadoop.ipc.Server$Handler.run(Server.java:3198)
, while invoking $Proxy68.submitRequest over nodeId=omNode-1,nodeAddress=127.0.0.1:15006 after 1 failover attempts. Trying to failover immediately. Current retry count: 1.
2025-04-24 14:03:15,229 [grpc-default-executor-0] WARN  server.GrpcLogAppender (GrpcLogAppender.java:lambda$resetClient$1(221)) - omNode-2@group-523986131536->omNode-3-GrpcLogAppender: Follower failed (request=null, errorCount=27); keep nextIndex (76) unchanged and retry.
2025-04-24 14:03:15,238 [omNode-2-OMStateMachineApplyTransactionThread - 0] WARN  helpers.OzoneAclUtil (OzoneAclUtil.java:getDefaultAclList(77)) - Failed to get primary group from user user41834 (auth:SIMPLE)
2025-04-24 14:03:15,238 [omNode-1-OMStateMachineApplyTransactionThread - 0] WARN  helpers.OzoneAclUtil (OzoneAclUtil.java:getDefaultAclList(77)) - Failed to get primary group from user user41834 (auth:SIMPLE)
2025-04-24 14:03:15,238 [omNode-2-OMStateMachineApplyTransactionThread - 0] INFO  volume.OMVolumeCreateRequest (OMVolumeCreateRequest.java:validateAndUpdateCache(203)) - created volume:volume92506 for user:user41834
2025-04-24 14:03:15,238 [omNode-1-OMStateMachineApplyTransactionThread - 0] INFO  volume.OMVolumeCreateRequest (OMVolumeCreateRequest.java:validateAndUpdateCache(203)) - created volume:volume92506 for user:user41834
2025-04-24 14:03:17,241 [main] INFO  om.OzoneManager (OzoneManager.java:stop(2347)) - omNode-3[localhost:15014]: Stopping Ozone Manager
2025-04-24 14:03:17,241 [main] INFO  om.OzoneManager (OzoneManager.java:stop(2347)) - omNode-1[localhost:15006]: Stopping Ozone Manager
2025-04-24 14:03:17,241 [main] INFO  ipc.Server (Server.java:stop(3697)) - Stopping server on 15006
2025-04-24 14:03:17,243 [IPC Server listener on 15006] INFO  ipc.Server (Server.java:run(1585)) - Stopping IPC Server listener on 15006
2025-04-24 14:03:17,243 [main] INFO  ratis.OzoneManagerRatisServer (OzoneManagerRatisServer.java:stop(634)) - Stopping org.apache.hadoop.ozone.om.ratis.OzoneManagerRatisServer@687e0acb at port 15009
2025-04-24 14:03:17,243 [main] INFO  server.RaftServer (RaftServerProxy.java:lambda$close$9(417)) - omNode-1: close
2025-04-24 14:03:17,244 [main] INFO  server.GrpcService (GrpcService.java:closeImpl(343)) - omNode-1: shutdown server GrpcServerProtocolService now
2025-04-24 14:03:17,244 [omNode-1-impl-thread1] INFO  server.RaftServer$Division (RaftServerImpl.java:lambda$close$1(513)) - omNode-1@group-523986131536: shutdown
2025-04-24 14:03:17,243 [IPC Server Responder] INFO  ipc.Server (Server.java:run(1718)) - Stopping IPC Server Responder
2025-04-24 14:03:17,244 [omNode-1-impl-thread1] INFO  util.JmxRegister (JmxRegister.java:unregister(74)) - Successfully un-registered JMX Bean with object name Ratis:service=RaftServer,group=group-523986131536,id=omNode-1
2025-04-24 14:03:17,244 [omNode-1-impl-thread1] INFO  impl.RoleInfo (RoleInfo.java:shutdownFollowerState(121)) - omNode-1: shutdown omNode-1@group-523986131536-FollowerState
2025-04-24 14:03:17,244 [omNode-1@group-523986131536-FollowerState] INFO  impl.FollowerState (FollowerState.java:runImpl(170)) - omNode-1@group-523986131536-FollowerState was interrupted
2025-04-24 14:03:17,244 [omNode-1-impl-thread1] INFO  impl.StateMachineUpdater (StateMachineUpdater.java:stopAndJoin(164)) - omNode-1@group-523986131536-StateMachineUpdater: set stopIndex = 75
2025-04-24 14:03:17,246 [grpc-default-executor-4] WARN  server.GrpcLogAppender (LogUtils.java:warn(121)) - omNode-2@group-523986131536->omNode-1-AppendLogResponseHandler: Failed appendEntries: org.apache.ratis.thirdparty.io.grpc.StatusRuntimeException: CANCELLED: RST_STREAM closed stream. HTTP/2 error code: CANCEL
2025-04-24 14:03:17,246 [grpc-default-executor-4] WARN  server.GrpcLogAppender (GrpcLogAppender.java:lambda$resetClient$1(221)) - omNode-2@group-523986131536->omNode-1-GrpcLogAppender: Follower failed (request=null, errorCount=1); keep nextIndex (76) unchanged and retry.
2025-04-24 14:03:17,246 [grpc-default-executor-0] WARN  server.GrpcServerProtocolService (LogUtils.java:warn(121)) - omNode-1: APPEND_ENTRIES onError, lastRequest: null: org.apache.ratis.thirdparty.io.grpc.StatusRuntimeException: CANCELLED: client cancelled
2025-04-24 14:03:17,247 [grpc-default-executor-2] WARN  server.GrpcServerProtocolService (LogUtils.java:warn(121)) - omNode-1: APPEND_ENTRIES onError, lastRequest: omNode-2->omNode-1#22-t7,previous=(t:7, i:74),leaderCommit=74,initializing? false,entries: size=1, first=(t:7, i:75), METADATAENTRY(c:74): org.apache.ratis.thirdparty.io.grpc.StatusRuntimeException: CANCELLED: client cancelled
2025-04-24 14:03:17,247 [main] INFO  server.GrpcService (GrpcService.java:closeImpl(352)) - omNode-1: shutdown server GrpcServerProtocolService successfully
2025-04-24 14:03:17,256 [omNode-1@group-523986131536-StateMachineUpdater] INFO  ratis.OzoneManagerStateMachine (OzoneManagerStateMachine.java:takeSnapshotImpl(510)) - omNode-1: taking snapshot. applied = (t:7, i:75), skipped = 74, notified = (t:7, i:75), current snapshot index = (t:7, i:75), took 12 ms
2025-04-24 14:03:17,256 [omNode-1@group-523986131536-StateMachineUpdater] INFO  impl.StateMachineUpdater (StateMachineUpdater.java:takeSnapshot(303)) - omNode-1@group-523986131536-StateMachineUpdater: Took a snapshot at index 75
2025-04-24 14:03:17,257 [omNode-1@group-523986131536-StateMachineUpdater] INFO  impl.StateMachineUpdater (StateMachineUpdater.java:lambda$new$0(102)) - omNode-1@group-523986131536-StateMachineUpdater: snapshotIndex: updateIncreasingly 67 -> 75
2025-04-24 14:03:17,257 [omNode-1@group-523986131536-StateMachineUpdater] INFO  impl.StateMachineUpdater (StateMachineUpdater.java:stop(141)) - omNode-1@group-523986131536-StateMachineUpdater: closing OzoneManagerStateMachine, lastApplied=(t:7, i:75)
2025-04-24 14:03:17,257 [omNode-1@group-523986131536-StateMachineUpdater] INFO  ratis.OzoneManagerStateMachine (OzoneManagerStateMachine.java:close(550)) - Stopping OzoneManagerStateMachine:omNode-1:group-523986131536.
2025-04-24 14:03:17,257 [omNode-1@group-523986131536-StateMachineUpdater] INFO  ratis.OzoneManagerDoubleBuffer (OzoneManagerDoubleBuffer.java:stopDaemon(500)) - Stopping OMDoubleBuffer flush thread
2025-04-24 14:03:17,257 [omNode-1-OMDoubleBufferFlushThread] INFO  ratis.OzoneManagerDoubleBuffer (OzoneManagerDoubleBuffer.java:canFlush(559)) - OMDoubleBuffer flush thread omNode-1-OMDoubleBufferFlushThread is interrupted and will exit.
2025-04-24 14:03:17,257 [omNode-1@group-523986131536-cacheEviction-AwaitToRun] INFO  util.AwaitToRun (AwaitToRun.java:run(49)) - omNode-1@group-523986131536-cacheEviction-AwaitToRun-AwaitForSignal is interrupted
2025-04-24 14:03:17,806 [timer7] WARN  server.GrpcLogAppender (LogUtils.java:warn(121)) - omNode-2@group-523986131536->omNode-3-AppendLogResponseHandler: Failed appendEntries (Repeated 12 times in the last 5.001s): org.apache.ratis.thirdparty.io.grpc.StatusRuntimeException: UNAVAILABLE: io exception
2025-04-24 14:03:17,807 [timer0] WARN  server.GrpcLogAppender (GrpcLogAppender.java:lambda$resetClient$1(221)) - omNode-2@group-523986131536->omNode-3-GrpcLogAppender: Follower failed (request=null, errorCount=26); keep nextIndex (74) unchanged and retry. (Repeated 6 times in the last 5.000s)
2025-04-24 14:03:18,230 [omNode-1-impl-thread1] INFO  segmented.SegmentedRaftLogWorker (SegmentedRaftLogWorker.java:close(252)) - omNode-1@group-523986131536-SegmentedRaftLogWorker close()
2025-04-24 14:03:18,231 [JvmPauseMonitor18] INFO  util.JvmPauseMonitor (JvmPauseMonitor.java:run(152)) - JvmPauseMonitor-omNode-1: Stopped
2025-04-24 14:03:18,231 [main] INFO  utils.BackgroundService (BackgroundService.java:shutdown(161)) - Shutting down service KeyDeletingService
2025-04-24 14:03:18,232 [main] INFO  utils.BackgroundService (BackgroundService.java:shutdown(161)) - Shutting down service DirectoryDeletingService
2025-04-24 14:03:18,232 [main] INFO  utils.BackgroundService (BackgroundService.java:shutdown(161)) - Shutting down service OpenKeyCleanupService
2025-04-24 14:03:18,233 [main] INFO  utils.BackgroundService (BackgroundService.java:shutdown(161)) - Shutting down service SstFilteringService
2025-04-24 14:03:18,233 [main] INFO  utils.BackgroundService (BackgroundService.java:shutdown(161)) - Shutting down service SnapshotDeletingService
2025-04-24 14:03:18,234 [main] INFO  utils.BackgroundService (BackgroundService.java:shutdown(161)) - Shutting down service MultipartUploadCleanupService
2025-04-24 14:03:18,234 [main] INFO  handler.ContextHandler (ContextHandler.java:doStop(1159)) - Stopped o.e.j.w.WebAppContext@c93044f{ozoneManager,/,null,STOPPED}{file:/home/runner/work/ozone/ozone/hadoop-ozone/integration-test/target/test-classes/webapps/ozoneManager}
2025-04-24 14:03:18,235 [main] INFO  server.AbstractConnector (AbstractConnector.java:doStop(383)) - Stopped ServerConnector@1402e0bf{HTTP/1.1, (http/1.1)}{0.0.0.0:15007}
2025-04-24 14:03:18,235 [main] INFO  server.session (HouseKeeper.java:stopScavenging(149)) - node0 Stopped scavenging
2025-04-24 14:03:18,235 [main] INFO  handler.ContextHandler (ContextHandler.java:doStop(1159)) - Stopped o.e.j.s.ServletContextHandler@4fe66346{static,/static,file:///home/runner/work/ozone/ozone/hadoop-ozone/integration-test/target/test-classes/webapps/static,STOPPED}
2025-04-24 14:03:18,235 [main] INFO  handler.ContextHandler (ContextHandler.java:doStop(1159)) - Stopped o.e.j.s.ServletContextHandler@e84c96d{logs,/logs,file:///home/runner/work/ozone/ozone/hadoop-ozone/integration-test/target/log,STOPPED}
2025-04-24 14:03:18,236 [main] INFO  rocksdiff.RocksDBCheckpointDiffer (RocksDBCheckpointDiffer.java:close(304)) - Shutting down CompactionDagPruningService.
2025-04-24 14:03:18,238 [main] INFO  snapshot.SnapshotDiffManager (SnapshotDiffManager.java:closeExecutorService(1698)) - Shutting down executorService: 'SnapDiffExecutor'
2025-04-24 14:03:18,238 [main] INFO  utils.BackgroundService (BackgroundService.java:shutdown(161)) - Shutting down service SnapshotDiffCleanupService
2025-04-24 14:03:18,238 [main] INFO  om.OzoneManager (OzoneManager.java:stop(2347)) - omNode-2[localhost:15010]: Stopping Ozone Manager
2025-04-24 14:03:18,239 [main] INFO  ipc.Server (Server.java:stop(3697)) - Stopping server on 15010
2025-04-24 14:03:18,240 [IPC Server listener on 15010] INFO  ipc.Server (Server.java:run(1585)) - Stopping IPC Server listener on 15010
2025-04-24 14:03:18,240 [main] INFO  ratis.OzoneManagerRatisServer (OzoneManagerRatisServer.java:stop(634)) - Stopping org.apache.hadoop.ozone.om.ratis.OzoneManagerRatisServer@3815c97c at port 15013
2025-04-24 14:03:18,240 [IPC Server Responder] INFO  ipc.Server (Server.java:run(1718)) - Stopping IPC Server Responder
2025-04-24 14:03:18,240 [main] INFO  server.RaftServer (RaftServerProxy.java:lambda$close$9(417)) - omNode-2: close
2025-04-24 14:03:18,241 [main] INFO  server.GrpcService (GrpcService.java:closeImpl(343)) - omNode-2: shutdown server GrpcServerProtocolService now
2025-04-24 14:03:18,241 [omNode-2-impl-thread1] INFO  server.RaftServer$Division (RaftServerImpl.java:lambda$close$1(513)) - omNode-2@group-523986131536: shutdown
2025-04-24 14:03:18,241 [omNode-2-impl-thread1] INFO  util.JmxRegister (JmxRegister.java:unregister(74)) - Successfully un-registered JMX Bean with object name Ratis:service=RaftServer,group=group-523986131536,id=omNode-2
2025-04-24 14:03:18,241 [omNode-2-impl-thread1] INFO  impl.RoleInfo (RoleInfo.java:shutdownLeaderState(103)) - omNode-2: shutdown omNode-2@group-523986131536-LeaderStateImpl
2025-04-24 14:03:18,241 [omNode-2-impl-thread1] INFO  impl.PendingRequests (PendingRequests.java:sendNotLeaderResponses(287)) - omNode-2@group-523986131536-PendingRequests: sendNotLeaderResponses
2025-04-24 14:03:18,241 [omNode-2@group-523986131536->omNode-3-GrpcLogAppender-LogAppenderDaemon] WARN  server.GrpcLogAppender (GrpcLogAppender.java:mayWait(293)) - omNode-2@group-523986131536->omNode-3-GrpcLogAppender: Wait interrupted by java.lang.InterruptedException
2025-04-24 14:03:18,241 [omNode-2@group-523986131536->omNode-1-GrpcLogAppender-LogAppenderDaemon] WARN  server.GrpcLogAppender (GrpcLogAppender.java:mayWait(293)) - omNode-2@group-523986131536->omNode-1-GrpcLogAppender: Wait interrupted by java.lang.InterruptedException
2025-04-24 14:03:18,242 [omNode-2-impl-thread1] INFO  impl.StateMachineUpdater (StateMachineUpdater.java:stopAndJoin(164)) - omNode-2@group-523986131536-StateMachineUpdater: set stopIndex = 75
2025-04-24 14:03:18,243 [Thread-2660] INFO  server.GrpcServerProtocolClient (GrpcServerProtocolClient.java:close(105)) - omNode-3 Close channels
2025-04-24 14:03:18,243 [Thread-2661] INFO  server.GrpcServerProtocolClient (GrpcServerProtocolClient.java:close(105)) - omNode-1 Close channels
2025-04-24 14:03:18,243 [main] INFO  server.GrpcService (GrpcService.java:closeImpl(352)) - omNode-2: shutdown server GrpcServerProtocolService successfully
2025-04-24 14:03:18,251 [omNode-2@group-523986131536-StateMachineUpdater] INFO  ratis.OzoneManagerStateMachine (OzoneManagerStateMachine.java:takeSnapshotImpl(510)) - omNode-2: taking snapshot. applied = (t:7, i:75), skipped = 74, notified = (t:7, i:75), current snapshot index = (t:7, i:75), took 10 ms
2025-04-24 14:03:18,251 [omNode-2@group-523986131536-StateMachineUpdater] INFO  impl.StateMachineUpdater (StateMachineUpdater.java:takeSnapshot(303)) - omNode-2@group-523986131536-StateMachineUpdater: Took a snapshot at index 75
2025-04-24 14:03:18,251 [omNode-2@group-523986131536-StateMachineUpdater] INFO  impl.StateMachineUpdater (StateMachineUpdater.java:lambda$new$0(102)) - omNode-2@group-523986131536-StateMachineUpdater: snapshotIndex: updateIncreasingly 67 -> 75
2025-04-24 14:03:18,251 [omNode-2@group-523986131536-StateMachineUpdater] INFO  impl.StateMachineUpdater (StateMachineUpdater.java:stop(141)) - omNode-2@group-523986131536-StateMachineUpdater: closing OzoneManagerStateMachine, lastApplied=(t:7, i:75)
2025-04-24 14:03:18,251 [omNode-2@group-523986131536-StateMachineUpdater] INFO  ratis.OzoneManagerStateMachine (OzoneManagerStateMachine.java:close(550)) - Stopping OzoneManagerStateMachine:omNode-2:group-523986131536.
2025-04-24 14:03:18,251 [omNode-2@group-523986131536-StateMachineUpdater] INFO  ratis.OzoneManagerDoubleBuffer (OzoneManagerDoubleBuffer.java:stopDaemon(500)) - Stopping OMDoubleBuffer flush thread
2025-04-24 14:03:18,251 [omNode-2-OMDoubleBufferFlushThread] INFO  ratis.OzoneManagerDoubleBuffer (OzoneManagerDoubleBuffer.java:canFlush(559)) - OMDoubleBuffer flush thread omNode-2-OMDoubleBufferFlushThread is interrupted and will exit.
2025-04-24 14:03:18,252 [omNode-2@group-523986131536-cacheEviction-AwaitToRun] INFO  util.AwaitToRun (AwaitToRun.java:run(49)) - omNode-2@group-523986131536-cacheEviction-AwaitToRun-AwaitForSignal is interrupted
2025-04-24 14:03:19,230 [omNode-2-impl-thread1] INFO  segmented.SegmentedRaftLogWorker (SegmentedRaftLogWorker.java:close(252)) - omNode-2@group-523986131536-SegmentedRaftLogWorker close()
2025-04-24 14:03:19,231 [JvmPauseMonitor19] INFO  util.JvmPauseMonitor (JvmPauseMonitor.java:run(152)) - JvmPauseMonitor-omNode-2: Stopped
2025-04-24 14:03:19,231 [main] INFO  utils.BackgroundService (BackgroundService.java:shutdown(161)) - Shutting down service KeyDeletingService
2025-04-24 14:03:19,232 [main] INFO  utils.BackgroundService (BackgroundService.java:shutdown(161)) - Shutting down service DirectoryDeletingService
2025-04-24 14:03:19,233 [main] INFO  utils.BackgroundService (BackgroundService.java:shutdown(161)) - Shutting down service OpenKeyCleanupService
2025-04-24 14:03:19,233 [main] INFO  utils.BackgroundService (BackgroundService.java:shutdown(161)) - Shutting down service SstFilteringService
2025-04-24 14:03:19,234 [main] INFO  utils.BackgroundService (BackgroundService.java:shutdown(161)) - Shutting down service SnapshotDeletingService
2025-04-24 14:03:19,234 [main] INFO  utils.BackgroundService (BackgroundService.java:shutdown(161)) - Shutting down service MultipartUploadCleanupService
2025-04-24 14:03:19,235 [main] INFO  handler.ContextHandler (ContextHandler.java:doStop(1159)) - Stopped o.e.j.w.WebAppContext@59f95005{ozoneManager,/,null,STOPPED}{file:/home/runner/work/ozone/ozone/hadoop-ozone/integration-test/target/test-classes/webapps/ozoneManager}
2025-04-24 14:03:19,235 [main] INFO  server.AbstractConnector (AbstractConnector.java:doStop(383)) - Stopped ServerConnector@5026aae8{HTTP/1.1, (http/1.1)}{0.0.0.0:15011}
2025-04-24 14:03:19,235 [main] INFO  server.session (HouseKeeper.java:stopScavenging(149)) - node0 Stopped scavenging
2025-04-24 14:03:19,235 [main] INFO  handler.ContextHandler (ContextHandler.java:doStop(1159)) - Stopped o.e.j.s.ServletContextHandler@66f40de1{static,/static,file:///home/runner/work/ozone/ozone/hadoop-ozone/integration-test/target/test-classes/webapps/static,STOPPED}
2025-04-24 14:03:19,235 [main] INFO  handler.ContextHandler (ContextHandler.java:doStop(1159)) - Stopped o.e.j.s.ServletContextHandler@4514eadd{logs,/logs,file:///home/runner/work/ozone/ozone/hadoop-ozone/integration-test/target/log,STOPPED}
2025-04-24 14:03:19,236 [main] INFO  rocksdiff.RocksDBCheckpointDiffer (RocksDBCheckpointDiffer.java:close(304)) - Shutting down CompactionDagPruningService.
2025-04-24 14:03:19,238 [main] INFO  snapshot.SnapshotDiffManager (SnapshotDiffManager.java:closeExecutorService(1698)) - Shutting down executorService: 'SnapDiffExecutor'
2025-04-24 14:03:19,238 [main] INFO  utils.BackgroundService (BackgroundService.java:shutdown(161)) - Shutting down service SnapshotDiffCleanupService
2025-04-24 14:03:19,239 [main] INFO  om.OzoneManager (OzoneManager.java:restart(1878)) - OzoneManager RPC server is listening at localhost/127.0.0.1:15014
2025-04-24 14:03:19,239 [main] INFO  impl.MetricsSystemImpl (MetricsSystemImpl.java:init(158)) - OzoneManager metrics system started (again)
2025-04-24 14:03:19,252 [main] WARN  server.ServerUtils (ServerUtils.java:getDBPath(297)) - ozone.om.db.dirs is not configured. We recommend adding this setting. Falling back to ozone.metadata.dirs instead.
2025-04-24 14:03:19,296 [main] INFO  om.OzoneManager (OzoneManager.java:instantiateServices(933)) - S3 Multi-Tenancy is disabled
2025-04-24 14:03:19,296 [main] INFO  om.OmSnapshotManager (OmSnapshotManager.java:<init>(180)) - Ozone filesystem snapshot feature is enabled.
2025-04-24 14:03:19,296 [main] WARN  server.ServerUtils (ServerUtils.java:getDBPath(297)) - ozone.om.snapshot.diff.db.dir is not configured. We recommend adding this setting. Falling back to ozone.metadata.dirs instead.
2025-04-24 14:03:19,309 [main] WARN  server.ServerUtils (ServerUtils.java:getDefaultRatisDirectory(309)) - Storage directory for Ratis is not configured. It is a good idea to map this to an SSD disk. Falling back to ozone.metadata.dirs
2025-04-24 14:03:19,310 [main] INFO  server.RaftServerConfigKeys (ConfUtils.java:logGet(46)) - raft.server.log.appender.buffer.byte-limit = 4194304 (custom)
2025-04-24 14:03:19,310 [main] INFO  ratis.OzoneManagerRatisServer (OzoneManagerRatisServer.java:<init>(167)) - Instantiating OM Ratis server with groupID: om-service-test1 and peers: localhost:15017, localhost:15009, localhost:15013
2025-04-24 14:03:19,311 [main] INFO  ratis.OzoneManagerStateMachine (OzoneManagerStateMachine.java:loadSnapshotInfoFromDB(611)) - LastAppliedIndex is set from TransactionInfo from OM DB as (t:6, i:71)
2025-04-24 14:03:19,311 [main] INFO  server.RaftServer (ConfUtils.java:logGet(46)) - raft.rpc.type = GRPC (default)
2025-04-24 14:03:19,311 [main] INFO  grpc.GrpcConfigKeys (ConfUtils.java:logFallback(53)) - raft.grpc.admin.host = null (fallback to raft.grpc.server.host)
2025-04-24 14:03:19,311 [main] INFO  grpc.GrpcConfigKeys (ConfUtils.java:logFallback(53)) - raft.grpc.admin.port = 15017 (fallback to raft.grpc.server.port)
2025-04-24 14:03:19,311 [main] INFO  grpc.GrpcConfigKeys (ConfUtils.java:logFallback(53)) - raft.grpc.client.host = null (fallback to raft.grpc.server.host)
2025-04-24 14:03:19,311 [main] INFO  grpc.GrpcConfigKeys (ConfUtils.java:logFallback(53)) - raft.grpc.client.port = 15017 (fallback to raft.grpc.server.port)
2025-04-24 14:03:19,312 [main] INFO  grpc.GrpcConfigKeys (ConfUtils.java:logGet(46)) - raft.grpc.server.host = null (default)
2025-04-24 14:03:19,312 [main] INFO  grpc.GrpcConfigKeys (ConfUtils.java:logGet(46)) - raft.grpc.server.port = 15017 (custom)
2025-04-24 14:03:19,312 [main] INFO  server.GrpcService (ConfUtils.java:logGet(46)) - raft.grpc.message.size.max = 5242880 (custom)
2025-04-24 14:03:19,312 [main] INFO  server.GrpcService (ConfUtils.java:logGet(46)) - raft.grpc.flow.control.window = 1MB (=1048576) (default)
2025-04-24 14:03:19,312 [main] INFO  server.RaftServerConfigKeys (ConfUtils.java:logGet(46)) - raft.server.rpc.request.timeout = 3000ms (default)
2025-04-24 14:03:19,312 [main] INFO  grpc.GrpcConfigKeys (ConfUtils.java:logGet(46)) - raft.grpc.server.heartbeat.channel = true (default)
2025-04-24 14:03:19,312 [main] INFO  server.RaftServerConfigKeys (ConfUtils.java:logGet(46)) - raft.server.log.appender.buffer.byte-limit = 4194304 (custom)
2025-04-24 14:03:19,312 [main] INFO  grpc.GrpcConfigKeys (ConfUtils.java:logGet(46)) - raft.grpc.server.async.request.thread.pool.cached = true (default)
2025-04-24 14:03:19,312 [main] INFO  grpc.GrpcConfigKeys (ConfUtils.java:logGet(46)) - raft.grpc.server.async.request.thread.pool.size = 32 (default)
2025-04-24 14:03:19,313 [main] INFO  impl.DataStreamServerImpl (ConfUtils.java:logGet(46)) - raft.datastream.type = DISABLED (default)
2025-04-24 14:03:19,313 [main] INFO  server.RaftServerConfigKeys (ConfUtils.java:logGet(46)) - raft.server.sleep.deviation.threshold = 300ms (default)
2025-04-24 14:03:19,313 [main] INFO  server.RaftServerConfigKeys (ConfUtils.java:logGet(46)) - raft.server.close.threshold = 60s (default)
2025-04-24 14:03:19,313 [main] INFO  server.RaftServerConfigKeys (ConfUtils.java:logGet(46)) - raft.server.leaderelection.leader.step-down.wait-time = 10s (default)
2025-04-24 14:03:19,313 [main] INFO  server.RaftServerConfigKeys (ConfUtils.java:logGet(46)) - raft.server.storage.dir = [/home/runner/work/ozone/ozone/hadoop-ozone/integration-test/target/test-dir/MiniOzoneClusterImpl-4e6105ad-12bc-4f18-9d37-351d73277e17/omNode-3/ratis] (custom)
2025-04-24 14:03:19,314 [main] INFO  server.RaftServerConfigKeys (ConfUtils.java:logGet(46)) - raft.server.threadpool.proxy.cached = true (default)
2025-04-24 14:03:19,314 [main] INFO  server.RaftServerConfigKeys (ConfUtils.java:logGet(46)) - raft.server.threadpool.proxy.size = 0 (default)
2025-04-24 14:03:19,314 [omNode-3-impl-thread1] INFO  server.RaftServer (RaftServerProxy.java:initGroupDir(265)) - omNode-3: found a subdirectory /home/runner/work/ozone/ozone/hadoop-ozone/integration-test/target/test-dir/MiniOzoneClusterImpl-4e6105ad-12bc-4f18-9d37-351d73277e17/omNode-3/ratis/c9bc4cf4-3bc3-3c60-a66b-523986131536
2025-04-24 14:03:19,314 [main] INFO  server.RaftServer (RaftServerProxy.java:addNew(100)) - omNode-3: addNew group-523986131536:[omNode-3|localhost:15017, omNode-1|localhost:15009, omNode-2|localhost:15013] returns group-523986131536:java.util.concurrent.CompletableFuture@7d633dad[Not completed]
2025-04-24 14:03:19,314 [omNode-3-groupManagement] INFO  server.RaftServer$Division (RaftServerImpl.java:<init>(255)) - omNode-3: new RaftServerImpl for group-523986131536:[omNode-3|localhost:15017, omNode-1|localhost:15009, omNode-2|localhost:15013] with OzoneManagerStateMachine:uninitialized
2025-04-24 14:03:19,314 [omNode-3-groupManagement] INFO  server.RaftServerConfigKeys (ConfUtils.java:logGet(46)) - raft.server.rpc.timeout.min = 1s (custom)
2025-04-24 14:03:19,315 [omNode-3-groupManagement] INFO  server.RaftServerConfigKeys (ConfUtils.java:logGet(46)) - raft.server.rpc.timeout.max = 1200ms (custom)
2025-04-24 14:03:19,315 [omNode-3-groupManagement] INFO  server.RaftServerConfigKeys (ConfUtils.java:logGet(46)) - raft.server.rpc.sleep.time = 25ms (default)
2025-04-24 14:03:19,315 [omNode-3-groupManagement] INFO  server.RaftServerConfigKeys (ConfUtils.java:logGet(46)) - raft.server.rpc.slowness.timeout = 2s (custom)
2025-04-24 14:03:19,315 [omNode-3-groupManagement] INFO  server.RaftServerConfigKeys (ConfUtils.java:logGet(46)) - raft.server.leaderelection.leader.step-down.wait-time = 10s (default)
2025-04-24 14:03:19,315 [omNode-3-groupManagement] INFO  server.RaftServerConfigKeys (ConfUtils.java:logGet(46)) - raft.server.leaderelection.member.majority-add = false (default)
2025-04-24 14:03:19,315 [omNode-3-groupManagement] INFO  server.RaftServerConfigKeys (ConfUtils.java:logGet(46)) - raft.server.sleep.deviation.threshold = 300ms (default)
2025-04-24 14:03:19,315 [omNode-3-groupManagement] INFO  server.RaftServer$Division (ServerState.java:<init>(114)) - omNode-3@group-523986131536: ConfigurationManager, init=conf: {index: -1, cur=peers:[omNode-3|localhost:15017, omNode-1|localhost:15009, omNode-2|localhost:15013]|listeners:[], old=null}, confs=<EMPTY_MAP>
2025-04-24 14:03:19,314 [main] INFO  om.OzoneManager (OzoneManager.java:initializeRatisServer(2303)) - OzoneManager Ratis server initialized at port 15017
2025-04-24 14:03:19,315 [main] INFO  ratis.OzoneManagerRatisServer (OzoneManagerRatisServer.java:start(628)) - Starting OzoneManagerRatisServer omNode-3 at port 15017
2025-04-24 14:03:19,315 [omNode-3-groupManagement] INFO  server.RaftServerConfigKeys (ConfUtils.java:logGet(46)) - raft.server.notification.no-leader.timeout = 2s (custom)
2025-04-24 14:03:19,315 [omNode-3-groupManagement] INFO  server.RaftServerConfigKeys (ConfUtils.java:logGet(46)) - raft.server.read.timeout = 10s (default)
2025-04-24 14:03:19,315 [omNode-3-groupManagement] INFO  server.RaftServerConfigKeys (ConfUtils.java:logGet(46)) - raft.server.retrycache.expirytime = 30000ms (custom)
2025-04-24 14:03:19,315 [omNode-3-groupManagement] INFO  server.RaftServerConfigKeys (ConfUtils.java:logGet(46)) - raft.server.retrycache.statistics.expirytime = 100ms (default)
2025-04-24 14:03:19,316 [omNode-3-groupManagement] INFO  server.RaftServerConfigKeys (ConfUtils.java:logGet(46)) - raft.server.read.option = DEFAULT (default)
2025-04-24 14:03:19,316 [omNode-3-groupManagement] INFO  server.RaftServerConfigKeys (ConfUtils.java:logGet(46)) - raft.server.read.read-after-write-consistent.write-index-cache.expiry-time = 60s (default)
2025-04-24 14:03:19,318 [omNode-3-groupManagement] INFO  server.RaftServerConfigKeys (ConfUtils.java:logGet(46)) - raft.server.rpc.request.timeout = 3000ms (default)
2025-04-24 14:03:19,318 [omNode-3-groupManagement] INFO  server.RaftServerConfigKeys (ConfUtils.java:logGet(46)) - raft.server.log.appender.install.snapshot.enabled = false (custom)
2025-04-24 14:03:19,318 [omNode-3-groupManagement] INFO  server.RaftServerConfigKeys (ConfUtils.java:logGet(46)) - raft.server.threadpool.server.cached = true (default)
2025-04-24 14:03:19,318 [omNode-3-groupManagement] INFO  server.RaftServerConfigKeys (ConfUtils.java:logGet(46)) - raft.server.threadpool.server.size = 0 (default)
2025-04-24 14:03:19,318 [omNode-3-groupManagement] INFO  server.RaftServerConfigKeys (ConfUtils.java:logGet(46)) - raft.server.threadpool.client.cached = true (default)
2025-04-24 14:03:19,318 [omNode-3-groupManagement] INFO  server.RaftServerConfigKeys (ConfUtils.java:logGet(46)) - raft.server.threadpool.client.size = 0 (default)
2025-04-24 14:03:19,318 [omNode-3-impl-thread1] INFO  server.RaftServerConfigKeys (ConfUtils.java:logGet(46)) - raft.server.storage.free-space.min = 0MB (=0) (default)
2025-04-24 14:03:19,318 [omNode-3-impl-thread1] INFO  server.RaftServerConfigKeys (ConfUtils.java:logGet(46)) - raft.server.log.corruption.policy = EXCEPTION (default)
2025-04-24 14:03:19,318 [omNode-3-impl-thread1] INFO  server.RaftServerConfigKeys (ConfUtils.java:logGet(46)) - raft.server.storage.dir = [/home/runner/work/ozone/ozone/hadoop-ozone/integration-test/target/test-dir/MiniOzoneClusterImpl-4e6105ad-12bc-4f18-9d37-351d73277e17/omNode-3/ratis] (custom)
2025-04-24 14:03:19,320 [omNode-3-impl-thread1] INFO  storage.RaftStorageDirectory (RaftStorageDirectoryImpl.java:tryLock(229)) - Lock on /home/runner/work/ozone/ozone/hadoop-ozone/integration-test/target/test-dir/MiniOzoneClusterImpl-4e6105ad-12bc-4f18-9d37-351d73277e17/omNode-3/ratis/c9bc4cf4-3bc3-3c60-a66b-523986131536/in_use.lock acquired by nodename 129728@fv-az2210-761
2025-04-24 14:03:19,321 [omNode-3-impl-thread1] INFO  storage.RaftStorage (RaftStorageImpl.java:analyzeAndRecoverStorage(118)) - Read RaftStorageMetadata{term=6, votedFor=omNode-3} from /home/runner/work/ozone/ozone/hadoop-ozone/integration-test/target/test-dir/MiniOzoneClusterImpl-4e6105ad-12bc-4f18-9d37-351d73277e17/omNode-3/ratis/c9bc4cf4-3bc3-3c60-a66b-523986131536/current/raft-meta
2025-04-24 14:03:19,322 [omNode-3-impl-thread1] INFO  server.RaftServer$Division (ServerState.java:setRaftConf(386)) - omNode-3@group-523986131536: set configuration conf: {index: 68, cur=peers:[omNode-3|localhost:15017, omNode-1|localhost:15009, omNode-2|localhost:15013]|listeners:[], old=null}
2025-04-24 14:03:19,322 [omNode-3-impl-thread1] INFO  ratis.OzoneManagerStateMachine (OzoneManagerStateMachine.java:lambda$0(138)) - omNode-3: initialize group-523986131536 with (t:6, i:71)
2025-04-24 14:03:19,322 [omNode-3-impl-thread1] INFO  server.RaftServerConfigKeys (ConfUtils.java:logGet(46)) - raft.server.log.use.memory = false (default)
2025-04-24 14:03:19,322 [omNode-3-impl-thread1] INFO  server.RaftServerConfigKeys (ConfUtils.java:logGet(46)) - raft.server.log.purge.gap = 50 (custom)
2025-04-24 14:03:19,322 [omNode-3-impl-thread1] INFO  server.RaftServerConfigKeys (ConfUtils.java:logGet(46)) - raft.server.log.appender.buffer.byte-limit = 4194304 (custom)
2025-04-24 14:03:19,322 [omNode-3-impl-thread1] INFO  server.RaftServerConfigKeys (ConfUtils.java:logGet(46)) - raft.server.log.statemachine.data.read.timeout = 1000ms (default)
2025-04-24 14:03:19,323 [omNode-3-impl-thread1] INFO  server.RaftServerConfigKeys (ConfUtils.java:logGet(46)) - raft.server.log.purge.preservation.log.num = 0 (default)
2025-04-24 14:03:19,323 [omNode-3-impl-thread1] INFO  server.RaftServerConfigKeys (ConfUtils.java:logGet(46)) - raft.server.log.segment.size.max = 4194304 (custom)
2025-04-24 14:03:19,324 [omNode-3-impl-thread1] INFO  server.RaftServerConfigKeys (ConfUtils.java:logGet(46)) - raft.server.log.segment.cache.num.max = 2 (custom)
2025-04-24 14:03:19,324 [omNode-3-impl-thread1] INFO  server.RaftServerConfigKeys (ConfUtils.java:logGet(46)) - raft.server.log.segment.cache.size.max = 200MB (=209715200) (default)
2025-04-24 14:03:19,324 [omNode-3-impl-thread1] INFO  server.RaftServerConfigKeys (ConfUtils.java:logGet(46)) - raft.server.log.appender.buffer.byte-limit = 4194304 (custom)
2025-04-24 14:03:19,325 [omNode-3-impl-thread1] INFO  util.AwaitToRun (AwaitToRun.java:start(81)) - Thread[#3308,omNode-3@group-523986131536-cacheEviction-AwaitToRun,5,main] started
2025-04-24 14:03:19,326 [omNode-3-impl-thread1] INFO  segmented.SegmentedRaftLogWorker (SegmentedRaftLogWorker.java:<init>(188)) - new omNode-3@group-523986131536-SegmentedRaftLogWorker for RaftStorageImpl:Storage Directory /home/runner/work/ozone/ozone/hadoop-ozone/integration-test/target/test-dir/MiniOzoneClusterImpl-4e6105ad-12bc-4f18-9d37-351d73277e17/omNode-3/ratis/c9bc4cf4-3bc3-3c60-a66b-523986131536
2025-04-24 14:03:19,326 [omNode-3-impl-thread1] INFO  server.RaftServerConfigKeys (ConfUtils.java:logGet(46)) - raft.server.log.queue.byte-limit = 64MB (=67108864) (default)
2025-04-24 14:03:19,326 [omNode-3-impl-thread1] INFO  server.RaftServerConfigKeys (ConfUtils.java:logGet(46)) - raft.server.log.queue.element-limit = 4096 (default)
2025-04-24 14:03:19,327 [omNode-3-impl-thread1] INFO  server.RaftServerConfigKeys (ConfUtils.java:logGet(46)) - raft.server.log.segment.size.max = 4194304 (custom)
2025-04-24 14:03:19,327 [omNode-3-impl-thread1] INFO  server.RaftServerConfigKeys (ConfUtils.java:logGet(46)) - raft.server.log.preallocated.size = 4194304 (custom)
2025-04-24 14:03:19,327 [omNode-3-impl-thread1] INFO  server.RaftServerConfigKeys (ConfUtils.java:logGet(46)) - raft.server.log.force.sync.num = 128 (default)
2025-04-24 14:03:19,327 [omNode-3-impl-thread1] INFO  server.RaftServerConfigKeys (ConfUtils.java:logGet(46)) - raft.server.log.statemachine.data.sync = true (default)
2025-04-24 14:03:19,327 [omNode-3-impl-thread1] INFO  server.RaftServerConfigKeys (ConfUtils.java:logGet(46)) - raft.server.log.statemachine.data.sync.timeout = 10s (default)
2025-04-24 14:03:19,327 [omNode-3-impl-thread1] INFO  server.RaftServerConfigKeys (ConfUtils.java:logGet(46)) - raft.server.log.statemachine.data.sync.timeout.retry = -1 (default)
2025-04-24 14:03:19,327 [omNode-3-impl-thread1] INFO  server.RaftServerConfigKeys (ConfUtils.java:logGet(46)) - raft.server.log.write.buffer.size = 4194312 (custom)
2025-04-24 14:03:19,330 [omNode-3-impl-thread1] INFO  server.RaftServerConfigKeys (ConfUtils.java:logGet(46)) - raft.server.log.appender.buffer.byte-limit = 4194304 (custom)
2025-04-24 14:03:19,330 [omNode-3-impl-thread1] INFO  server.RaftServerConfigKeys (ConfUtils.java:logGet(46)) - raft.server.log.unsafe-flush.enabled = false (default)
2025-04-24 14:03:19,330 [omNode-3-impl-thread1] INFO  server.RaftServerConfigKeys (ConfUtils.java:logGet(46)) - raft.server.log.async-flush.enabled = false (default)
2025-04-24 14:03:19,330 [omNode-3-impl-thread1] INFO  server.RaftServerConfigKeys (ConfUtils.java:logGet(46)) - raft.server.log.statemachine.data.caching.enabled = false (default)
2025-04-24 14:03:19,332 [omNode-3-impl-thread1] INFO  server.RaftServer$Division (ServerState.java:setRaftConf(386)) - omNode-3@group-523986131536: set configuration conf: {index: 34, cur=peers:[omNode-3|localhost:15017, omNode-1|localhost:15009, omNode-2|localhost:15013]|listeners:[], old=null}
2025-04-24 14:03:19,333 [omNode-3-impl-thread1] INFO  segmented.LogSegment (LogSegment.java:loadSegment(171)) - Successfully read 34 entries from segment file /home/runner/work/ozone/ozone/hadoop-ozone/integration-test/target/test-dir/MiniOzoneClusterImpl-4e6105ad-12bc-4f18-9d37-351d73277e17/omNode-3/ratis/c9bc4cf4-3bc3-3c60-a66b-523986131536/current/log_34-67
2025-04-24 14:03:19,333 [omNode-3-impl-thread1] INFO  server.RaftServer$Division (ServerState.java:setRaftConf(386)) - omNode-3@group-523986131536: set configuration conf: {index: 68, cur=peers:[omNode-3|localhost:15017, omNode-1|localhost:15009, omNode-2|localhost:15013]|listeners:[], old=null}
2025-04-24 14:03:19,333 [omNode-3-impl-thread1] INFO  segmented.LogSegment (LogSegment.java:loadSegment(171)) - Successfully read 4 entries from segment file /home/runner/work/ozone/ozone/hadoop-ozone/integration-test/target/test-dir/MiniOzoneClusterImpl-4e6105ad-12bc-4f18-9d37-351d73277e17/omNode-3/ratis/c9bc4cf4-3bc3-3c60-a66b-523986131536/current/log_inprogress_68
2025-04-24 14:03:19,333 [omNode-3-impl-thread1] INFO  segmented.SegmentedRaftLogWorker (SegmentedRaftLogWorker.java:lambda$new$0(139)) - omNode-3@group-523986131536-SegmentedRaftLogWorker: flushIndex: setUnconditionally 0 -> 71
2025-04-24 14:03:19,334 [omNode-3-impl-thread1] INFO  segmented.SegmentedRaftLogWorker (SegmentedRaftLogWorker.java:lambda$new$0(139)) - omNode-3@group-523986131536-SegmentedRaftLogWorker: safeCacheEvictIndex: setUnconditionally 0 -> 67
2025-04-24 14:03:19,334 [omNode-3-impl-thread1] INFO  segmented.BufferedWriteChannel (BufferedWriteChannel.java:open(61)) - open log_inprogress_68 (append) at position 318
2025-04-24 14:03:19,334 [omNode-3-impl-thread1] INFO  raftlog.RaftLog (RaftLogBase.java:lambda$new$0(54)) - omNode-3@group-523986131536-SegmentedRaftLog: purgeIndex: updateToMax old=-1, new=33, updated? true
2025-04-24 14:03:19,334 [omNode-3-impl-thread1] INFO  server.RaftServer$Division (RaftServerImpl.java:start(391)) - omNode-3@group-523986131536: start as a follower, conf=conf: {index: 68, cur=peers:[omNode-3|localhost:15017, omNode-1|localhost:15009, omNode-2|localhost:15013]|listeners:[], old=null}
2025-04-24 14:03:19,334 [omNode-3-impl-thread1] INFO  server.RaftServer$Division (RaftServerImpl.java:setRole(378)) - omNode-3@group-523986131536: changes role from      null to FOLLOWER at term 6 for startAsFollower
2025-04-24 14:03:19,334 [omNode-3-impl-thread1] INFO  impl.RoleInfo (RoleInfo.java:updateAndGet(148)) - omNode-3: start omNode-3@group-523986131536-FollowerState
2025-04-24 14:03:19,334 [omNode-3-impl-thread1] INFO  util.JmxRegister (JmxRegister.java:tryRegister(44)) - Successfully registered JMX Bean with object name Ratis:service=RaftServer,group=group-523986131536,id=omNode-3
2025-04-24 14:03:19,335 [omNode-3-impl-thread1] INFO  util.JmxRegister (JmxRegister.java:register(58)) - register mxBean class org.apache.ratis.server.impl.RaftServerJmxAdapter as Ratis:service=RaftServer,group=group-523986131536,id=omNode-3
2025-04-24 14:03:19,335 [omNode-3-impl-thread1] INFO  server.RaftServerConfigKeys (ConfUtils.java:logGet(46)) - raft.server.snapshot.trigger-when-stop.enabled = true (default)
2025-04-24 14:03:19,335 [omNode-3-impl-thread1] INFO  server.RaftServerConfigKeys (ConfUtils.java:logGet(46)) - raft.server.snapshot.trigger-when-remove.enabled = true (default)
2025-04-24 14:03:19,335 [omNode-3-impl-thread1] INFO  server.RaftServerConfigKeys (ConfUtils.java:logGet(46)) - raft.server.snapshot.auto.trigger.enabled = true (custom)
2025-04-24 14:03:19,335 [omNode-3-impl-thread1] INFO  server.RaftServerConfigKeys (ConfUtils.java:logGet(46)) - raft.server.snapshot.auto.trigger.threshold = 50 (custom)
2025-04-24 14:03:19,335 [omNode-3@group-523986131536-FollowerState] INFO  server.RaftServerConfigKeys (ConfUtils.java:logFallback(53)) - raft.server.rpc.first-election.timeout.min = 1s (fallback to raft.server.rpc.timeout.min)
2025-04-24 14:03:19,335 [omNode-3@group-523986131536-FollowerState] INFO  server.RaftServerConfigKeys (ConfUtils.java:logFallback(53)) - raft.server.rpc.first-election.timeout.max = 1200ms (fallback to raft.server.rpc.timeout.max)
2025-04-24 14:03:19,335 [omNode-3-impl-thread1] INFO  server.RaftServerConfigKeys (ConfUtils.java:logGet(46)) - raft.server.snapshot.retention.file.num = -1 (default)
2025-04-24 14:03:19,335 [omNode-3-impl-thread1] INFO  server.RaftServerConfigKeys (ConfUtils.java:logGet(46)) - raft.server.log.purge.upto.snapshot.index = true (custom)
2025-04-24 14:03:19,336 [omNode-3-impl-thread1] INFO  server.RaftServer$Division (RaftServerImpl.java:start(405)) - omNode-3@group-523986131536: Successfully started.
2025-04-24 14:03:19,336 [main] INFO  server.RaftServer (RaftServerProxy.java:startImpl(407)) - omNode-3: start RPC server
2025-04-24 14:03:19,336 [main] INFO  server.GrpcService (GrpcService.java:startImpl(334)) - omNode-3: GrpcService started, listening on 15017
2025-04-24 14:03:19,337 [main] INFO  om.OzoneManager (OzoneManager.java:getRpcServer(1360)) - Creating RPC Server
2025-04-24 14:03:19,337 [JvmPauseMonitor20] INFO  util.JvmPauseMonitor (JvmPauseMonitor.java:run(146)) - JvmPauseMonitor-omNode-3: Started
2025-04-24 14:03:19,642 [main] INFO  reflections.Reflections (Reflections.java:scan(219)) - Reflections took 305 ms to scan 22 urls, producing 61 keys and 7423 values
2025-04-24 14:03:19,643 [main] INFO  ipc.CallQueueManager (CallQueueManager.java:<init>(93)) - Using callQueue: class java.util.concurrent.LinkedBlockingQueue, queueCapacity: 2000, scheduler: class org.apache.hadoop.ipc.DefaultRpcScheduler, ipcBackoff: false, ipcFailOver: false.
2025-04-24 14:03:19,643 [main] INFO  ipc.Server (Server.java:<init>(1438)) - Listener at localhost:15014
2025-04-24 14:03:19,644 [Socket Reader #1 for port 15014] INFO  ipc.Server (Server.java:run(1474)) - Starting Socket Reader #1 for port 15014
2025-04-24 14:03:19,644 [Socket Reader #2 for port 15014] INFO  ipc.Server (Server.java:run(1474)) - Starting Socket Reader #2 for port 15014
2025-04-24 14:03:19,644 [Socket Reader #3 for port 15014] INFO  ipc.Server (Server.java:run(1474)) - Starting Socket Reader #3 for port 15014
2025-04-24 14:03:19,644 [Socket Reader #4 for port 15014] INFO  ipc.Server (Server.java:run(1474)) - Starting Socket Reader #4 for port 15014
2025-04-24 14:03:19,644 [Socket Reader #5 for port 15014] INFO  ipc.Server (Server.java:run(1474)) - Starting Socket Reader #5 for port 15014
2025-04-24 14:03:19,645 [Socket Reader #6 for port 15014] INFO  ipc.Server (Server.java:run(1474)) - Starting Socket Reader #6 for port 15014
2025-04-24 14:03:19,645 [Socket Reader #7 for port 15014] INFO  ipc.Server (Server.java:run(1474)) - Starting Socket Reader #7 for port 15014
2025-04-24 14:03:19,645 [Socket Reader #8 for port 15014] INFO  ipc.Server (Server.java:run(1474)) - Starting Socket Reader #8 for port 15014
2025-04-24 14:03:19,645 [Socket Reader #9 for port 15014] INFO  ipc.Server (Server.java:run(1474)) - Starting Socket Reader #9 for port 15014
2025-04-24 14:03:19,645 [Socket Reader #10 for port 15014] INFO  ipc.Server (Server.java:run(1474)) - Starting Socket Reader #10 for port 15014
2025-04-24 14:03:19,647 [main] INFO  http.BaseHttpServer (BaseHttpServer.java:newHttpServer2BuilderForOzone(229)) - Starting Web-server for ozoneManager at: http://0.0.0.0:15015
2025-04-24 14:03:19,647 [main] INFO  http.BaseHttpServer (BaseHttpServer.java:<init>(107)) - Hadoop Security Enabled: false Ozone Security Enabled: false Ozone HTTP Security Enabled: false 
2025-04-24 14:03:19,648 [main] WARN  server.AuthenticationFilter (AuthenticationFilter.java:constructSecretProvider(240)) - Unable to initialize FileSignerSecretProvider, falling back to use random secrets. Reason: Could not read signature secret file: /home/runner/hadoop-http-auth-signature-secret
2025-04-24 14:03:19,650 [main] INFO  http.HttpServer2 (HttpServer2.java:addGlobalFilter(1041)) - Added global filter 'safety' (class=org.apache.hadoop.hdds.server.http.HttpServer2$QuotingInputFilter)
2025-04-24 14:03:19,650 [main] INFO  http.HttpServer2 (HttpServer2.java:addFilter(1017)) - Added filter static_user_filter (class=org.apache.hadoop.http.lib.StaticUserWebFilter$StaticUserFilter) to context ozoneManager
2025-04-24 14:03:19,650 [main] INFO  http.HttpServer2 (HttpServer2.java:addFilter(1025)) - Added filter static_user_filter (class=org.apache.hadoop.http.lib.StaticUserWebFilter$StaticUserFilter) to context logs
2025-04-24 14:03:19,651 [main] INFO  http.HttpServer2 (HttpServer2.java:addFilter(1025)) - Added filter static_user_filter (class=org.apache.hadoop.http.lib.StaticUserWebFilter$StaticUserFilter) to context static
2025-04-24 14:03:19,651 [main] INFO  http.BaseHttpServer (BaseHttpServer.java:<init>(195)) - HTTP server of ozoneManager uses base directory /home/runner/work/ozone/ozone/hadoop-ozone/integration-test/target/test-dir/MiniOzoneClusterImpl-4e6105ad-12bc-4f18-9d37-351d73277e17/omNode-3/webserver
2025-04-24 14:03:19,651 [main] INFO  http.HttpServer2 (HttpServer2.java:bindListener(1241)) - Jetty bound to port 15015
2025-04-24 14:03:19,651 [main] INFO  server.Server (Server.java:doStart(375)) - jetty-9.4.57.v20241219; built: 2025-01-08T21:24:30.412Z; git: df524e6b29271c2e09ba9aea83c18dc9db464a31; jvm 21.0.7+6-LTS
2025-04-24 14:03:19,653 [main] INFO  server.session (DefaultSessionIdManager.java:doStart(334)) - DefaultSessionIdManager workerName=node0
2025-04-24 14:03:19,653 [main] INFO  server.session (DefaultSessionIdManager.java:doStart(339)) - No SessionScavenger set, using defaults
2025-04-24 14:03:19,653 [main] INFO  server.session (HouseKeeper.java:startScavenging(132)) - node0 Scavenging every 600000ms
2025-04-24 14:03:19,653 [main] INFO  handler.ContextHandler (ContextHandler.java:doStart(921)) - Started o.e.j.s.ServletContextHandler@42d68fdf{logs,/logs,file:///home/runner/work/ozone/ozone/hadoop-ozone/integration-test/target/log,AVAILABLE}
2025-04-24 14:03:19,654 [main] INFO  handler.ContextHandler (ContextHandler.java:doStart(921)) - Started o.e.j.s.ServletContextHandler@5633fc7c{static,/static,file:///home/runner/work/ozone/ozone/hadoop-ozone/integration-test/target/test-classes/webapps/static,AVAILABLE}
2025-04-24 14:03:19,657 [main] INFO  handler.ContextHandler (ContextHandler.java:doStart(921)) - Started o.e.j.w.WebAppContext@73f8fab6{ozoneManager,/,file:///home/runner/work/ozone/ozone/hadoop-ozone/integration-test/target/test-classes/webapps/ozoneManager/,AVAILABLE}{file:/home/runner/work/ozone/ozone/hadoop-ozone/integration-test/target/test-classes/webapps/ozoneManager}
2025-04-24 14:03:19,658 [main] INFO  server.AbstractConnector (AbstractConnector.java:doStart(333)) - Started ServerConnector@46db959e{HTTP/1.1, (http/1.1)}{0.0.0.0:15015}
2025-04-24 14:03:19,658 [main] INFO  server.Server (Server.java:doStart(415)) - Started @80990ms
2025-04-24 14:03:19,658 [main] WARN  impl.MetricsSystemImpl (MetricsSystemImpl.java:register(279)) - Sink prometheus already exists!
2025-04-24 14:03:19,658 [main] INFO  http.BaseHttpServer (BaseHttpServer.java:updateConnectorAddress(360)) - HTTP server of ozoneManager listening at http://0.0.0.0:15015
2025-04-24 14:03:19,659 [IPC Server Responder] INFO  ipc.Server (Server.java:run(1713)) - IPC Server Responder: starting
2025-04-24 14:03:19,659 [IPC Server listener on 15014] INFO  ipc.Server (Server.java:run(1553)) - IPC Server listener on 15014: starting
2025-04-24 14:03:19,661 [main] INFO  om.OzoneManager (OzoneManager.java:startTrashEmptier(2257)) - Trash Interval set to 0. Files deleted won't move to trash
2025-04-24 14:03:19,661 [main] INFO  om.OzoneManager (OzoneManager.java:restart(1878)) - OzoneManager RPC server is listening at localhost/127.0.0.1:15006
2025-04-24 14:03:19,661 [main] INFO  impl.MetricsSystemImpl (MetricsSystemImpl.java:init(158)) - OzoneManager metrics system started (again)
2025-04-24 14:03:19,672 [main] WARN  server.ServerUtils (ServerUtils.java:getDBPath(297)) - ozone.om.db.dirs is not configured. We recommend adding this setting. Falling back to ozone.metadata.dirs instead.
2025-04-24 14:03:19,710 [main] INFO  om.OzoneManager (OzoneManager.java:instantiateServices(933)) - S3 Multi-Tenancy is disabled
2025-04-24 14:03:19,711 [main] INFO  om.OmSnapshotManager (OmSnapshotManager.java:<init>(180)) - Ozone filesystem snapshot feature is enabled.
2025-04-24 14:03:19,711 [main] WARN  server.ServerUtils (ServerUtils.java:getDBPath(297)) - ozone.om.snapshot.diff.db.dir is not configured. We recommend adding this setting. Falling back to ozone.metadata.dirs instead.
2025-04-24 14:03:19,727 [main] WARN  dropwizard3.Dm3MetricRegistriesImpl (Dm3MetricRegistriesImpl.java:addReporterRegistration(114)) - New reporters are added after registries were created. Some metrics will be missing from the reporter. Please add reporter before adding any new registry.
2025-04-24 14:03:19,727 [main] WARN  dropwizard3.Dm3MetricRegistriesImpl (Dm3MetricRegistriesImpl.java:addReporterRegistration(114)) - New reporters are added after registries were created. Some metrics will be missing from the reporter. Please add reporter before adding any new registry.
2025-04-24 14:03:19,727 [main] WARN  server.ServerUtils (ServerUtils.java:getDefaultRatisDirectory(309)) - Storage directory for Ratis is not configured. It is a good idea to map this to an SSD disk. Falling back to ozone.metadata.dirs
2025-04-24 14:03:19,727 [main] INFO  server.RaftServerConfigKeys (ConfUtils.java:logGet(46)) - raft.server.log.appender.buffer.byte-limit = 4194304 (custom)
2025-04-24 14:03:19,728 [main] INFO  ratis.OzoneManagerRatisServer (OzoneManagerRatisServer.java:<init>(167)) - Instantiating OM Ratis server with groupID: om-service-test1 and peers: localhost:15009, localhost:15017, localhost:15013
2025-04-24 14:03:19,728 [main] INFO  ratis.OzoneManagerStateMachine (OzoneManagerStateMachine.java:loadSnapshotInfoFromDB(611)) - LastAppliedIndex is set from TransactionInfo from OM DB as (t:7, i:75)
2025-04-24 14:03:19,729 [main] INFO  server.RaftServer (ConfUtils.java:logGet(46)) - raft.rpc.type = GRPC (default)
2025-04-24 14:03:19,729 [main] INFO  grpc.GrpcConfigKeys (ConfUtils.java:logFallback(53)) - raft.grpc.admin.host = null (fallback to raft.grpc.server.host)
2025-04-24 14:03:19,729 [main] INFO  grpc.GrpcConfigKeys (ConfUtils.java:logFallback(53)) - raft.grpc.admin.port = 15009 (fallback to raft.grpc.server.port)
2025-04-24 14:03:19,729 [main] INFO  grpc.GrpcConfigKeys (ConfUtils.java:logFallback(53)) - raft.grpc.client.host = null (fallback to raft.grpc.server.host)
2025-04-24 14:03:19,729 [main] INFO  grpc.GrpcConfigKeys (ConfUtils.java:logFallback(53)) - raft.grpc.client.port = 15009 (fallback to raft.grpc.server.port)
2025-04-24 14:03:19,729 [main] INFO  grpc.GrpcConfigKeys (ConfUtils.java:logGet(46)) - raft.grpc.server.host = null (default)
2025-04-24 14:03:19,730 [main] INFO  grpc.GrpcConfigKeys (ConfUtils.java:logGet(46)) - raft.grpc.server.port = 15009 (custom)
2025-04-24 14:03:19,730 [main] INFO  server.GrpcService (ConfUtils.java:logGet(46)) - raft.grpc.message.size.max = 5242880 (custom)
2025-04-24 14:03:19,730 [main] INFO  server.GrpcService (ConfUtils.java:logGet(46)) - raft.grpc.flow.control.window = 1MB (=1048576) (default)
2025-04-24 14:03:19,730 [main] INFO  server.RaftServerConfigKeys (ConfUtils.java:logGet(46)) - raft.server.rpc.request.timeout = 3000ms (default)
2025-04-24 14:03:19,730 [main] INFO  grpc.GrpcConfigKeys (ConfUtils.java:logGet(46)) - raft.grpc.server.heartbeat.channel = true (default)
2025-04-24 14:03:19,730 [main] INFO  server.RaftServerConfigKeys (ConfUtils.java:logGet(46)) - raft.server.log.appender.buffer.byte-limit = 4194304 (custom)
2025-04-24 14:03:19,730 [main] INFO  grpc.GrpcConfigKeys (ConfUtils.java:logGet(46)) - raft.grpc.server.async.request.thread.pool.cached = true (default)
2025-04-24 14:03:19,730 [main] INFO  grpc.GrpcConfigKeys (ConfUtils.java:logGet(46)) - raft.grpc.server.async.request.thread.pool.size = 32 (default)
2025-04-24 14:03:19,731 [main] INFO  impl.DataStreamServerImpl (ConfUtils.java:logGet(46)) - raft.datastream.type = DISABLED (default)
2025-04-24 14:03:19,731 [main] INFO  server.RaftServerConfigKeys (ConfUtils.java:logGet(46)) - raft.server.sleep.deviation.threshold = 300ms (default)
2025-04-24 14:03:19,731 [main] INFO  server.RaftServerConfigKeys (ConfUtils.java:logGet(46)) - raft.server.close.threshold = 60s (default)
2025-04-24 14:03:19,731 [main] INFO  server.RaftServerConfigKeys (ConfUtils.java:logGet(46)) - raft.server.leaderelection.leader.step-down.wait-time = 10s (default)
2025-04-24 14:03:19,731 [main] INFO  server.RaftServerConfigKeys (ConfUtils.java:logGet(46)) - raft.server.storage.dir = [/home/runner/work/ozone/ozone/hadoop-ozone/integration-test/target/test-dir/MiniOzoneClusterImpl-4e6105ad-12bc-4f18-9d37-351d73277e17/omNode-1/ratis] (custom)
2025-04-24 14:03:19,732 [main] INFO  server.RaftServerConfigKeys (ConfUtils.java:logGet(46)) - raft.server.threadpool.proxy.cached = true (default)
2025-04-24 14:03:19,732 [main] INFO  server.RaftServerConfigKeys (ConfUtils.java:logGet(46)) - raft.server.threadpool.proxy.size = 0 (default)
2025-04-24 14:03:19,732 [omNode-1-impl-thread1] INFO  server.RaftServer (RaftServerProxy.java:initGroupDir(265)) - omNode-1: found a subdirectory /home/runner/work/ozone/ozone/hadoop-ozone/integration-test/target/test-dir/MiniOzoneClusterImpl-4e6105ad-12bc-4f18-9d37-351d73277e17/omNode-1/ratis/c9bc4cf4-3bc3-3c60-a66b-523986131536
2025-04-24 14:03:19,732 [main] INFO  server.RaftServer (RaftServerProxy.java:addNew(100)) - omNode-1: addNew group-523986131536:[omNode-3|localhost:15017, omNode-1|localhost:15009, omNode-2|localhost:15013] returns group-523986131536:java.util.concurrent.CompletableFuture@1005b366[Not completed]
2025-04-24 14:03:19,732 [main] INFO  om.OzoneManager (OzoneManager.java:initializeRatisServer(2303)) - OzoneManager Ratis server initialized at port 15009
2025-04-24 14:03:19,732 [main] INFO  ratis.OzoneManagerRatisServer (OzoneManagerRatisServer.java:start(628)) - Starting OzoneManagerRatisServer omNode-1 at port 15009
2025-04-24 14:03:19,732 [omNode-1-groupManagement] INFO  server.RaftServer$Division (RaftServerImpl.java:<init>(255)) - omNode-1: new RaftServerImpl for group-523986131536:[omNode-3|localhost:15017, omNode-1|localhost:15009, omNode-2|localhost:15013] with OzoneManagerStateMachine:uninitialized
2025-04-24 14:03:19,733 [omNode-1-groupManagement] INFO  server.RaftServerConfigKeys (ConfUtils.java:logGet(46)) - raft.server.rpc.timeout.min = 1s (custom)
2025-04-24 14:03:19,733 [omNode-1-groupManagement] INFO  server.RaftServerConfigKeys (ConfUtils.java:logGet(46)) - raft.server.rpc.timeout.max = 1200ms (custom)
2025-04-24 14:03:19,733 [omNode-1-groupManagement] INFO  server.RaftServerConfigKeys (ConfUtils.java:logGet(46)) - raft.server.rpc.sleep.time = 25ms (default)
2025-04-24 14:03:19,733 [omNode-1-groupManagement] INFO  server.RaftServerConfigKeys (ConfUtils.java:logGet(46)) - raft.server.rpc.slowness.timeout = 2s (custom)
2025-04-24 14:03:19,733 [omNode-1-groupManagement] INFO  server.RaftServerConfigKeys (ConfUtils.java:logGet(46)) - raft.server.leaderelection.leader.step-down.wait-time = 10s (default)
2025-04-24 14:03:19,733 [omNode-1-groupManagement] INFO  server.RaftServerConfigKeys (ConfUtils.java:logGet(46)) - raft.server.leaderelection.member.majority-add = false (default)
2025-04-24 14:03:19,733 [omNode-1-groupManagement] INFO  server.RaftServerConfigKeys (ConfUtils.java:logGet(46)) - raft.server.sleep.deviation.threshold = 300ms (default)
2025-04-24 14:03:19,733 [omNode-1-groupManagement] INFO  server.RaftServer$Division (ServerState.java:<init>(114)) - omNode-1@group-523986131536: ConfigurationManager, init=conf: {index: -1, cur=peers:[omNode-3|localhost:15017, omNode-1|localhost:15009, omNode-2|localhost:15013]|listeners:[], old=null}, confs=<EMPTY_MAP>
2025-04-24 14:03:19,733 [omNode-1-groupManagement] INFO  server.RaftServerConfigKeys (ConfUtils.java:logGet(46)) - raft.server.notification.no-leader.timeout = 2s (custom)
2025-04-24 14:03:19,733 [omNode-1-groupManagement] INFO  server.RaftServerConfigKeys (ConfUtils.java:logGet(46)) - raft.server.read.timeout = 10s (default)
2025-04-24 14:03:19,733 [omNode-1-groupManagement] INFO  server.RaftServerConfigKeys (ConfUtils.java:logGet(46)) - raft.server.retrycache.expirytime = 30000ms (custom)
2025-04-24 14:03:19,733 [omNode-1-groupManagement] INFO  server.RaftServerConfigKeys (ConfUtils.java:logGet(46)) - raft.server.retrycache.statistics.expirytime = 100ms (default)
2025-04-24 14:03:19,733 [omNode-1-groupManagement] INFO  server.RaftServerConfigKeys (ConfUtils.java:logGet(46)) - raft.server.read.option = DEFAULT (default)
2025-04-24 14:03:19,733 [omNode-1-groupManagement] INFO  server.RaftServerConfigKeys (ConfUtils.java:logGet(46)) - raft.server.read.read-after-write-consistent.write-index-cache.expiry-time = 60s (default)
2025-04-24 14:03:19,736 [omNode-1-groupManagement] INFO  server.RaftServerConfigKeys (ConfUtils.java:logGet(46)) - raft.server.rpc.request.timeout = 3000ms (default)
2025-04-24 14:03:19,736 [omNode-1-groupManagement] INFO  server.RaftServerConfigKeys (ConfUtils.java:logGet(46)) - raft.server.log.appender.install.snapshot.enabled = false (custom)
2025-04-24 14:03:19,736 [omNode-1-groupManagement] INFO  server.RaftServerConfigKeys (ConfUtils.java:logGet(46)) - raft.server.threadpool.server.cached = true (default)
2025-04-24 14:03:19,736 [omNode-1-groupManagement] INFO  server.RaftServerConfigKeys (ConfUtils.java:logGet(46)) - raft.server.threadpool.server.size = 0 (default)
2025-04-24 14:03:19,736 [omNode-1-groupManagement] INFO  server.RaftServerConfigKeys (ConfUtils.java:logGet(46)) - raft.server.threadpool.client.cached = true (default)
2025-04-24 14:03:19,736 [omNode-1-groupManagement] INFO  server.RaftServerConfigKeys (ConfUtils.java:logGet(46)) - raft.server.threadpool.client.size = 0 (default)
2025-04-24 14:03:19,736 [omNode-1-impl-thread1] INFO  server.RaftServerConfigKeys (ConfUtils.java:logGet(46)) - raft.server.storage.free-space.min = 0MB (=0) (default)
2025-04-24 14:03:19,736 [omNode-1-impl-thread1] INFO  server.RaftServerConfigKeys (ConfUtils.java:logGet(46)) - raft.server.log.corruption.policy = EXCEPTION (default)
2025-04-24 14:03:19,736 [omNode-1-impl-thread1] INFO  server.RaftServerConfigKeys (ConfUtils.java:logGet(46)) - raft.server.storage.dir = [/home/runner/work/ozone/ozone/hadoop-ozone/integration-test/target/test-dir/MiniOzoneClusterImpl-4e6105ad-12bc-4f18-9d37-351d73277e17/omNode-1/ratis] (custom)
2025-04-24 14:03:19,737 [omNode-1-impl-thread1] INFO  storage.RaftStorageDirectory (RaftStorageDirectoryImpl.java:tryLock(229)) - Lock on /home/runner/work/ozone/ozone/hadoop-ozone/integration-test/target/test-dir/MiniOzoneClusterImpl-4e6105ad-12bc-4f18-9d37-351d73277e17/omNode-1/ratis/c9bc4cf4-3bc3-3c60-a66b-523986131536/in_use.lock acquired by nodename 129728@fv-az2210-761
2025-04-24 14:03:19,737 [omNode-1-impl-thread1] INFO  storage.RaftStorage (RaftStorageImpl.java:analyzeAndRecoverStorage(118)) - Read RaftStorageMetadata{term=7, votedFor=omNode-2} from /home/runner/work/ozone/ozone/hadoop-ozone/integration-test/target/test-dir/MiniOzoneClusterImpl-4e6105ad-12bc-4f18-9d37-351d73277e17/omNode-1/ratis/c9bc4cf4-3bc3-3c60-a66b-523986131536/current/raft-meta
2025-04-24 14:03:19,737 [omNode-1-impl-thread1] INFO  server.RaftServer$Division (ServerState.java:setRaftConf(386)) - omNode-1@group-523986131536: set configuration conf: {index: 72, cur=peers:[omNode-3|localhost:15017, omNode-1|localhost:15009, omNode-2|localhost:15013]|listeners:[], old=null}
2025-04-24 14:03:19,737 [omNode-1-impl-thread1] INFO  ratis.OzoneManagerStateMachine (OzoneManagerStateMachine.java:lambda$0(138)) - omNode-1: initialize group-523986131536 with (t:7, i:75)
2025-04-24 14:03:19,738 [omNode-1-impl-thread1] INFO  server.RaftServerConfigKeys (ConfUtils.java:logGet(46)) - raft.server.log.use.memory = false (default)
2025-04-24 14:03:19,738 [omNode-1-impl-thread1] INFO  server.RaftServerConfigKeys (ConfUtils.java:logGet(46)) - raft.server.log.purge.gap = 50 (custom)
2025-04-24 14:03:19,738 [omNode-1-impl-thread1] INFO  server.RaftServerConfigKeys (ConfUtils.java:logGet(46)) - raft.server.log.appender.buffer.byte-limit = 4194304 (custom)
2025-04-24 14:03:19,738 [omNode-1-impl-thread1] INFO  server.RaftServerConfigKeys (ConfUtils.java:logGet(46)) - raft.server.log.statemachine.data.read.timeout = 1000ms (default)
2025-04-24 14:03:19,738 [omNode-1-impl-thread1] INFO  server.RaftServerConfigKeys (ConfUtils.java:logGet(46)) - raft.server.log.purge.preservation.log.num = 0 (default)
2025-04-24 14:03:19,738 [omNode-1-impl-thread1] INFO  server.RaftServerConfigKeys (ConfUtils.java:logGet(46)) - raft.server.log.segment.size.max = 4194304 (custom)
2025-04-24 14:03:19,739 [omNode-1-impl-thread1] INFO  server.RaftServerConfigKeys (ConfUtils.java:logGet(46)) - raft.server.log.segment.cache.num.max = 2 (custom)
2025-04-24 14:03:19,739 [omNode-1-impl-thread1] INFO  server.RaftServerConfigKeys (ConfUtils.java:logGet(46)) - raft.server.log.segment.cache.size.max = 200MB (=209715200) (default)
2025-04-24 14:03:19,739 [omNode-1-impl-thread1] INFO  server.RaftServerConfigKeys (ConfUtils.java:logGet(46)) - raft.server.log.appender.buffer.byte-limit = 4194304 (custom)
2025-04-24 14:03:19,739 [omNode-1-impl-thread1] INFO  util.AwaitToRun (AwaitToRun.java:start(81)) - Thread[#3427,omNode-1@group-523986131536-cacheEviction-AwaitToRun,5,main] started
2025-04-24 14:03:19,739 [omNode-1-impl-thread1] INFO  segmented.SegmentedRaftLogWorker (SegmentedRaftLogWorker.java:<init>(188)) - new omNode-1@group-523986131536-SegmentedRaftLogWorker for RaftStorageImpl:Storage Directory /home/runner/work/ozone/ozone/hadoop-ozone/integration-test/target/test-dir/MiniOzoneClusterImpl-4e6105ad-12bc-4f18-9d37-351d73277e17/omNode-1/ratis/c9bc4cf4-3bc3-3c60-a66b-523986131536
2025-04-24 14:03:19,739 [omNode-1-impl-thread1] INFO  server.RaftServerConfigKeys (ConfUtils.java:logGet(46)) - raft.server.log.queue.byte-limit = 64MB (=67108864) (default)
2025-04-24 14:03:19,739 [omNode-1-impl-thread1] INFO  server.RaftServerConfigKeys (ConfUtils.java:logGet(46)) - raft.server.log.queue.element-limit = 4096 (default)
2025-04-24 14:03:19,739 [omNode-1-impl-thread1] INFO  server.RaftServerConfigKeys (ConfUtils.java:logGet(46)) - raft.server.log.segment.size.max = 4194304 (custom)
2025-04-24 14:03:19,739 [omNode-1-impl-thread1] INFO  server.RaftServerConfigKeys (ConfUtils.java:logGet(46)) - raft.server.log.preallocated.size = 4194304 (custom)
2025-04-24 14:03:19,739 [omNode-1-impl-thread1] INFO  server.RaftServerConfigKeys (ConfUtils.java:logGet(46)) - raft.server.log.force.sync.num = 128 (default)
2025-04-24 14:03:19,739 [omNode-1-impl-thread1] INFO  server.RaftServerConfigKeys (ConfUtils.java:logGet(46)) - raft.server.log.statemachine.data.sync = true (default)
2025-04-24 14:03:19,739 [omNode-1-impl-thread1] INFO  server.RaftServerConfigKeys (ConfUtils.java:logGet(46)) - raft.server.log.statemachine.data.sync.timeout = 10s (default)
2025-04-24 14:03:19,739 [omNode-1-impl-thread1] INFO  server.RaftServerConfigKeys (ConfUtils.java:logGet(46)) - raft.server.log.statemachine.data.sync.timeout.retry = -1 (default)
2025-04-24 14:03:19,740 [omNode-1-impl-thread1] INFO  server.RaftServerConfigKeys (ConfUtils.java:logGet(46)) - raft.server.log.write.buffer.size = 4194312 (custom)
2025-04-24 14:03:19,740 [omNode-1-impl-thread1] INFO  server.RaftServerConfigKeys (ConfUtils.java:logGet(46)) - raft.server.log.appender.buffer.byte-limit = 4194304 (custom)
2025-04-24 14:03:19,740 [omNode-1-impl-thread1] INFO  server.RaftServerConfigKeys (ConfUtils.java:logGet(46)) - raft.server.log.unsafe-flush.enabled = false (default)
2025-04-24 14:03:19,740 [omNode-1-impl-thread1] INFO  server.RaftServerConfigKeys (ConfUtils.java:logGet(46)) - raft.server.log.async-flush.enabled = false (default)
2025-04-24 14:03:19,740 [omNode-1-impl-thread1] INFO  server.RaftServerConfigKeys (ConfUtils.java:logGet(46)) - raft.server.log.statemachine.data.caching.enabled = false (default)
2025-04-24 14:03:19,740 [omNode-1-impl-thread1] INFO  server.RaftServer$Division (ServerState.java:setRaftConf(386)) - omNode-1@group-523986131536: set configuration conf: {index: 34, cur=peers:[omNode-3|localhost:15017, omNode-1|localhost:15009, omNode-2|localhost:15013]|listeners:[], old=null}
2025-04-24 14:03:19,741 [omNode-1-impl-thread1] INFO  segmented.LogSegment (LogSegment.java:loadSegment(171)) - Successfully read 34 entries from segment file /home/runner/work/ozone/ozone/hadoop-ozone/integration-test/target/test-dir/MiniOzoneClusterImpl-4e6105ad-12bc-4f18-9d37-351d73277e17/omNode-1/ratis/c9bc4cf4-3bc3-3c60-a66b-523986131536/current/log_34-67
2025-04-24 14:03:19,741 [omNode-1-impl-thread1] INFO  server.RaftServer$Division (ServerState.java:setRaftConf(386)) - omNode-1@group-523986131536: set configuration conf: {index: 68, cur=peers:[omNode-3|localhost:15017, omNode-1|localhost:15009, omNode-2|localhost:15013]|listeners:[], old=null}
2025-04-24 14:03:19,741 [omNode-1-impl-thread1] INFO  segmented.LogSegment (LogSegment.java:loadSegment(171)) - Successfully read 4 entries from segment file /home/runner/work/ozone/ozone/hadoop-ozone/integration-test/target/test-dir/MiniOzoneClusterImpl-4e6105ad-12bc-4f18-9d37-351d73277e17/omNode-1/ratis/c9bc4cf4-3bc3-3c60-a66b-523986131536/current/log_68-71
2025-04-24 14:03:19,741 [omNode-1-impl-thread1] INFO  server.RaftServer$Division (ServerState.java:setRaftConf(386)) - omNode-1@group-523986131536: set configuration conf: {index: 72, cur=peers:[omNode-3|localhost:15017, omNode-1|localhost:15009, omNode-2|localhost:15013]|listeners:[], old=null}
2025-04-24 14:03:19,742 [omNode-1-impl-thread1] INFO  segmented.LogSegment (LogSegment.java:loadSegment(171)) - Successfully read 4 entries from segment file /home/runner/work/ozone/ozone/hadoop-ozone/integration-test/target/test-dir/MiniOzoneClusterImpl-4e6105ad-12bc-4f18-9d37-351d73277e17/omNode-1/ratis/c9bc4cf4-3bc3-3c60-a66b-523986131536/current/log_inprogress_72
2025-04-24 14:03:19,742 [omNode-1-impl-thread1] INFO  segmented.SegmentedRaftLogWorker (SegmentedRaftLogWorker.java:lambda$new$0(139)) - omNode-1@group-523986131536-SegmentedRaftLogWorker: flushIndex: setUnconditionally 0 -> 75
2025-04-24 14:03:19,742 [omNode-1-impl-thread1] INFO  segmented.SegmentedRaftLogWorker (SegmentedRaftLogWorker.java:lambda$new$0(139)) - omNode-1@group-523986131536-SegmentedRaftLogWorker: safeCacheEvictIndex: setUnconditionally 0 -> 71
2025-04-24 14:03:19,742 [omNode-1-impl-thread1] INFO  segmented.BufferedWriteChannel (BufferedWriteChannel.java:open(61)) - open log_inprogress_72 (append) at position 318
2025-04-24 14:03:19,742 [omNode-1-impl-thread1] INFO  raftlog.RaftLog (RaftLogBase.java:lambda$new$0(54)) - omNode-1@group-523986131536-SegmentedRaftLog: purgeIndex: updateToMax old=-1, new=33, updated? true
2025-04-24 14:03:19,742 [omNode-1-impl-thread1] INFO  server.RaftServer$Division (RaftServerImpl.java:start(391)) - omNode-1@group-523986131536: start as a follower, conf=conf: {index: 72, cur=peers:[omNode-3|localhost:15017, omNode-1|localhost:15009, omNode-2|localhost:15013]|listeners:[], old=null}
2025-04-24 14:03:19,742 [omNode-1-impl-thread1] INFO  server.RaftServer$Division (RaftServerImpl.java:setRole(378)) - omNode-1@group-523986131536: changes role from      null to FOLLOWER at term 7 for startAsFollower
2025-04-24 14:03:19,742 [omNode-1-impl-thread1] INFO  impl.RoleInfo (RoleInfo.java:updateAndGet(148)) - omNode-1: start omNode-1@group-523986131536-FollowerState
2025-04-24 14:03:19,743 [omNode-1-impl-thread1] INFO  util.JmxRegister (JmxRegister.java:tryRegister(44)) - Successfully registered JMX Bean with object name Ratis:service=RaftServer,group=group-523986131536,id=omNode-1
2025-04-24 14:03:19,743 [omNode-1-impl-thread1] INFO  util.JmxRegister (JmxRegister.java:register(58)) - register mxBean class org.apache.ratis.server.impl.RaftServerJmxAdapter as Ratis:service=RaftServer,group=group-523986131536,id=omNode-1
2025-04-24 14:03:19,743 [omNode-1@group-523986131536-FollowerState] INFO  server.RaftServerConfigKeys (ConfUtils.java:logFallback(53)) - raft.server.rpc.first-election.timeout.min = 1s (fallback to raft.server.rpc.timeout.min)
2025-04-24 14:03:19,743 [omNode-1@group-523986131536-FollowerState] INFO  server.RaftServerConfigKeys (ConfUtils.java:logFallback(53)) - raft.server.rpc.first-election.timeout.max = 1200ms (fallback to raft.server.rpc.timeout.max)
2025-04-24 14:03:19,743 [omNode-1-impl-thread1] INFO  server.RaftServerConfigKeys (ConfUtils.java:logGet(46)) - raft.server.snapshot.trigger-when-stop.enabled = true (default)
2025-04-24 14:03:19,743 [omNode-1-impl-thread1] INFO  server.RaftServerConfigKeys (ConfUtils.java:logGet(46)) - raft.server.snapshot.trigger-when-remove.enabled = true (default)
2025-04-24 14:03:19,743 [omNode-1-impl-thread1] INFO  server.RaftServerConfigKeys (ConfUtils.java:logGet(46)) - raft.server.snapshot.auto.trigger.enabled = true (custom)
2025-04-24 14:03:19,743 [omNode-1-impl-thread1] INFO  server.RaftServerConfigKeys (ConfUtils.java:logGet(46)) - raft.server.snapshot.auto.trigger.threshold = 50 (custom)
2025-04-24 14:03:19,743 [omNode-1-impl-thread1] INFO  server.RaftServerConfigKeys (ConfUtils.java:logGet(46)) - raft.server.snapshot.retention.file.num = -1 (default)
2025-04-24 14:03:19,743 [omNode-1-impl-thread1] INFO  server.RaftServerConfigKeys (ConfUtils.java:logGet(46)) - raft.server.log.purge.upto.snapshot.index = true (custom)
2025-04-24 14:03:19,744 [omNode-1-impl-thread1] INFO  server.RaftServer$Division (RaftServerImpl.java:start(405)) - omNode-1@group-523986131536: Successfully started.
2025-04-24 14:03:19,744 [main] INFO  server.RaftServer (RaftServerProxy.java:startImpl(407)) - omNode-1: start RPC server
2025-04-24 14:03:19,744 [main] INFO  server.GrpcService (GrpcService.java:startImpl(334)) - omNode-1: GrpcService started, listening on 15009
2025-04-24 14:03:19,745 [main] INFO  om.OzoneManager (OzoneManager.java:getRpcServer(1360)) - Creating RPC Server
2025-04-24 14:03:19,745 [JvmPauseMonitor21] INFO  util.JvmPauseMonitor (JvmPauseMonitor.java:run(146)) - JvmPauseMonitor-omNode-1: Started
2025-04-24 14:03:20,043 [main] INFO  reflections.Reflections (Reflections.java:scan(219)) - Reflections took 298 ms to scan 22 urls, producing 61 keys and 7423 values
2025-04-24 14:03:20,044 [main] INFO  ipc.CallQueueManager (CallQueueManager.java:<init>(93)) - Using callQueue: class java.util.concurrent.LinkedBlockingQueue, queueCapacity: 2000, scheduler: class org.apache.hadoop.ipc.DefaultRpcScheduler, ipcBackoff: false, ipcFailOver: false.
2025-04-24 14:03:20,045 [main] INFO  ipc.Server (Server.java:<init>(1438)) - Listener at localhost:15006
2025-04-24 14:03:20,045 [Socket Reader #1 for port 15006] INFO  ipc.Server (Server.java:run(1474)) - Starting Socket Reader #1 for port 15006
2025-04-24 14:03:20,046 [Socket Reader #2 for port 15006] INFO  ipc.Server (Server.java:run(1474)) - Starting Socket Reader #2 for port 15006
2025-04-24 14:03:20,046 [Socket Reader #3 for port 15006] INFO  ipc.Server (Server.java:run(1474)) - Starting Socket Reader #3 for port 15006
2025-04-24 14:03:20,046 [Socket Reader #4 for port 15006] INFO  ipc.Server (Server.java:run(1474)) - Starting Socket Reader #4 for port 15006
2025-04-24 14:03:20,046 [Socket Reader #5 for port 15006] INFO  ipc.Server (Server.java:run(1474)) - Starting Socket Reader #5 for port 15006
2025-04-24 14:03:20,046 [Socket Reader #6 for port 15006] INFO  ipc.Server (Server.java:run(1474)) - Starting Socket Reader #6 for port 15006
2025-04-24 14:03:20,046 [Socket Reader #7 for port 15006] INFO  ipc.Server (Server.java:run(1474)) - Starting Socket Reader #7 for port 15006
2025-04-24 14:03:20,047 [Socket Reader #8 for port 15006] INFO  ipc.Server (Server.java:run(1474)) - Starting Socket Reader #8 for port 15006
2025-04-24 14:03:20,047 [Socket Reader #9 for port 15006] INFO  ipc.Server (Server.java:run(1474)) - Starting Socket Reader #9 for port 15006
2025-04-24 14:03:20,047 [Socket Reader #10 for port 15006] INFO  ipc.Server (Server.java:run(1474)) - Starting Socket Reader #10 for port 15006
2025-04-24 14:03:20,049 [main] INFO  http.BaseHttpServer (BaseHttpServer.java:newHttpServer2BuilderForOzone(229)) - Starting Web-server for ozoneManager at: http://0.0.0.0:15007
2025-04-24 14:03:20,049 [main] INFO  http.BaseHttpServer (BaseHttpServer.java:<init>(107)) - Hadoop Security Enabled: false Ozone Security Enabled: false Ozone HTTP Security Enabled: false 
2025-04-24 14:03:20,050 [main] WARN  server.AuthenticationFilter (AuthenticationFilter.java:constructSecretProvider(240)) - Unable to initialize FileSignerSecretProvider, falling back to use random secrets. Reason: Could not read signature secret file: /home/runner/hadoop-http-auth-signature-secret
2025-04-24 14:03:20,052 [main] INFO  http.HttpServer2 (HttpServer2.java:addGlobalFilter(1041)) - Added global filter 'safety' (class=org.apache.hadoop.hdds.server.http.HttpServer2$QuotingInputFilter)
2025-04-24 14:03:20,052 [main] INFO  http.HttpServer2 (HttpServer2.java:addFilter(1017)) - Added filter static_user_filter (class=org.apache.hadoop.http.lib.StaticUserWebFilter$StaticUserFilter) to context ozoneManager
2025-04-24 14:03:20,052 [main] INFO  http.HttpServer2 (HttpServer2.java:addFilter(1025)) - Added filter static_user_filter (class=org.apache.hadoop.http.lib.StaticUserWebFilter$StaticUserFilter) to context logs
2025-04-24 14:03:20,052 [main] INFO  http.HttpServer2 (HttpServer2.java:addFilter(1025)) - Added filter static_user_filter (class=org.apache.hadoop.http.lib.StaticUserWebFilter$StaticUserFilter) to context static
2025-04-24 14:03:20,053 [main] INFO  http.BaseHttpServer (BaseHttpServer.java:<init>(195)) - HTTP server of ozoneManager uses base directory /home/runner/work/ozone/ozone/hadoop-ozone/integration-test/target/test-dir/MiniOzoneClusterImpl-4e6105ad-12bc-4f18-9d37-351d73277e17/omNode-1/webserver
2025-04-24 14:03:20,053 [main] INFO  http.HttpServer2 (HttpServer2.java:bindListener(1241)) - Jetty bound to port 15007
2025-04-24 14:03:20,053 [main] INFO  server.Server (Server.java:doStart(375)) - jetty-9.4.57.v20241219; built: 2025-01-08T21:24:30.412Z; git: df524e6b29271c2e09ba9aea83c18dc9db464a31; jvm 21.0.7+6-LTS
2025-04-24 14:03:20,054 [main] INFO  server.session (DefaultSessionIdManager.java:doStart(334)) - DefaultSessionIdManager workerName=node0
2025-04-24 14:03:20,054 [main] INFO  server.session (DefaultSessionIdManager.java:doStart(339)) - No SessionScavenger set, using defaults
2025-04-24 14:03:20,055 [main] INFO  server.session (HouseKeeper.java:startScavenging(132)) - node0 Scavenging every 600000ms
2025-04-24 14:03:20,055 [main] INFO  handler.ContextHandler (ContextHandler.java:doStart(921)) - Started o.e.j.s.ServletContextHandler@5803f051{logs,/logs,file:///home/runner/work/ozone/ozone/hadoop-ozone/integration-test/target/log,AVAILABLE}
2025-04-24 14:03:20,055 [main] INFO  handler.ContextHandler (ContextHandler.java:doStart(921)) - Started o.e.j.s.ServletContextHandler@7b04de70{static,/static,file:///home/runner/work/ozone/ozone/hadoop-ozone/integration-test/target/test-classes/webapps/static,AVAILABLE}
2025-04-24 14:03:20,059 [main] INFO  handler.ContextHandler (ContextHandler.java:doStart(921)) - Started o.e.j.w.WebAppContext@76452fc3{ozoneManager,/,file:///home/runner/work/ozone/ozone/hadoop-ozone/integration-test/target/test-classes/webapps/ozoneManager/,AVAILABLE}{file:/home/runner/work/ozone/ozone/hadoop-ozone/integration-test/target/test-classes/webapps/ozoneManager}
2025-04-24 14:03:20,060 [main] INFO  server.AbstractConnector (AbstractConnector.java:doStart(333)) - Started ServerConnector@2e64490b{HTTP/1.1, (http/1.1)}{0.0.0.0:15007}
2025-04-24 14:03:20,060 [main] INFO  server.Server (Server.java:doStart(415)) - Started @81392ms
2025-04-24 14:03:20,060 [main] WARN  impl.MetricsSystemImpl (MetricsSystemImpl.java:register(279)) - Sink prometheus already exists!
2025-04-24 14:03:20,060 [main] INFO  http.BaseHttpServer (BaseHttpServer.java:updateConnectorAddress(360)) - HTTP server of ozoneManager listening at http://0.0.0.0:15007
2025-04-24 14:03:20,061 [IPC Server Responder] INFO  ipc.Server (Server.java:run(1713)) - IPC Server Responder: starting
2025-04-24 14:03:20,061 [IPC Server listener on 15006] INFO  ipc.Server (Server.java:run(1553)) - IPC Server listener on 15006: starting
2025-04-24 14:03:20,064 [main] INFO  om.OzoneManager (OzoneManager.java:startTrashEmptier(2257)) - Trash Interval set to 0. Files deleted won't move to trash
2025-04-24 14:03:20,064 [main] INFO  om.OzoneManager (OzoneManager.java:restart(1878)) - OzoneManager RPC server is listening at localhost/127.0.0.1:15010
2025-04-24 14:03:20,064 [main] INFO  impl.MetricsSystemImpl (MetricsSystemImpl.java:init(158)) - OzoneManager metrics system started (again)
2025-04-24 14:03:20,080 [main] WARN  server.ServerUtils (ServerUtils.java:getDBPath(297)) - ozone.om.db.dirs is not configured. We recommend adding this setting. Falling back to ozone.metadata.dirs instead.
2025-04-24 14:03:20,132 [main] INFO  om.OzoneManager (OzoneManager.java:instantiateServices(933)) - S3 Multi-Tenancy is disabled
2025-04-24 14:03:20,133 [main] INFO  om.OmSnapshotManager (OmSnapshotManager.java:<init>(180)) - Ozone filesystem snapshot feature is enabled.
2025-04-24 14:03:20,133 [main] WARN  server.ServerUtils (ServerUtils.java:getDBPath(297)) - ozone.om.snapshot.diff.db.dir is not configured. We recommend adding this setting. Falling back to ozone.metadata.dirs instead.
2025-04-24 14:03:20,145 [main] WARN  dropwizard3.Dm3MetricRegistriesImpl (Dm3MetricRegistriesImpl.java:addReporterRegistration(114)) - New reporters are added after registries were created. Some metrics will be missing from the reporter. Please add reporter before adding any new registry.
2025-04-24 14:03:20,145 [main] WARN  dropwizard3.Dm3MetricRegistriesImpl (Dm3MetricRegistriesImpl.java:addReporterRegistration(114)) - New reporters are added after registries were created. Some metrics will be missing from the reporter. Please add reporter before adding any new registry.
2025-04-24 14:03:20,146 [main] WARN  server.ServerUtils (ServerUtils.java:getDefaultRatisDirectory(309)) - Storage directory for Ratis is not configured. It is a good idea to map this to an SSD disk. Falling back to ozone.metadata.dirs
2025-04-24 14:03:20,146 [main] INFO  server.RaftServerConfigKeys (ConfUtils.java:logGet(46)) - raft.server.log.appender.buffer.byte-limit = 4194304 (custom)
2025-04-24 14:03:20,146 [main] INFO  ratis.OzoneManagerRatisServer (OzoneManagerRatisServer.java:<init>(167)) - Instantiating OM Ratis server with groupID: om-service-test1 and peers: localhost:15013, localhost:15017, localhost:15009
2025-04-24 14:03:20,147 [main] INFO  ratis.OzoneManagerStateMachine (OzoneManagerStateMachine.java:loadSnapshotInfoFromDB(611)) - LastAppliedIndex is set from TransactionInfo from OM DB as (t:7, i:75)
2025-04-24 14:03:20,147 [main] INFO  server.RaftServer (ConfUtils.java:logGet(46)) - raft.rpc.type = GRPC (default)
2025-04-24 14:03:20,147 [main] INFO  grpc.GrpcConfigKeys (ConfUtils.java:logFallback(53)) - raft.grpc.admin.host = null (fallback to raft.grpc.server.host)
2025-04-24 14:03:20,147 [main] INFO  grpc.GrpcConfigKeys (ConfUtils.java:logFallback(53)) - raft.grpc.admin.port = 15013 (fallback to raft.grpc.server.port)
2025-04-24 14:03:20,147 [main] INFO  grpc.GrpcConfigKeys (ConfUtils.java:logFallback(53)) - raft.grpc.client.host = null (fallback to raft.grpc.server.host)
2025-04-24 14:03:20,147 [main] INFO  grpc.GrpcConfigKeys (ConfUtils.java:logFallback(53)) - raft.grpc.client.port = 15013 (fallback to raft.grpc.server.port)
2025-04-24 14:03:20,147 [main] INFO  grpc.GrpcConfigKeys (ConfUtils.java:logGet(46)) - raft.grpc.server.host = null (default)
2025-04-24 14:03:20,147 [main] INFO  grpc.GrpcConfigKeys (ConfUtils.java:logGet(46)) - raft.grpc.server.port = 15013 (custom)
2025-04-24 14:03:20,148 [main] INFO  server.GrpcService (ConfUtils.java:logGet(46)) - raft.grpc.message.size.max = 5242880 (custom)
2025-04-24 14:03:20,148 [main] INFO  server.GrpcService (ConfUtils.java:logGet(46)) - raft.grpc.flow.control.window = 1MB (=1048576) (default)
2025-04-24 14:03:20,148 [main] INFO  server.RaftServerConfigKeys (ConfUtils.java:logGet(46)) - raft.server.rpc.request.timeout = 3000ms (default)
2025-04-24 14:03:20,148 [main] INFO  grpc.GrpcConfigKeys (ConfUtils.java:logGet(46)) - raft.grpc.server.heartbeat.channel = true (default)
2025-04-24 14:03:20,148 [main] INFO  server.RaftServerConfigKeys (ConfUtils.java:logGet(46)) - raft.server.log.appender.buffer.byte-limit = 4194304 (custom)
2025-04-24 14:03:20,148 [main] INFO  grpc.GrpcConfigKeys (ConfUtils.java:logGet(46)) - raft.grpc.server.async.request.thread.pool.cached = true (default)
2025-04-24 14:03:20,148 [main] INFO  grpc.GrpcConfigKeys (ConfUtils.java:logGet(46)) - raft.grpc.server.async.request.thread.pool.size = 32 (default)
2025-04-24 14:03:20,149 [main] INFO  impl.DataStreamServerImpl (ConfUtils.java:logGet(46)) - raft.datastream.type = DISABLED (default)
2025-04-24 14:03:20,149 [main] INFO  server.RaftServerConfigKeys (ConfUtils.java:logGet(46)) - raft.server.sleep.deviation.threshold = 300ms (default)
2025-04-24 14:03:20,149 [main] INFO  server.RaftServerConfigKeys (ConfUtils.java:logGet(46)) - raft.server.close.threshold = 60s (default)
2025-04-24 14:03:20,149 [main] INFO  server.RaftServerConfigKeys (ConfUtils.java:logGet(46)) - raft.server.leaderelection.leader.step-down.wait-time = 10s (default)
2025-04-24 14:03:20,149 [main] INFO  server.RaftServerConfigKeys (ConfUtils.java:logGet(46)) - raft.server.storage.dir = [/home/runner/work/ozone/ozone/hadoop-ozone/integration-test/target/test-dir/MiniOzoneClusterImpl-4e6105ad-12bc-4f18-9d37-351d73277e17/omNode-2/ratis] (custom)
2025-04-24 14:03:20,149 [main] INFO  server.RaftServerConfigKeys (ConfUtils.java:logGet(46)) - raft.server.threadpool.proxy.cached = true (default)
2025-04-24 14:03:20,149 [main] INFO  server.RaftServerConfigKeys (ConfUtils.java:logGet(46)) - raft.server.threadpool.proxy.size = 0 (default)
2025-04-24 14:03:20,149 [omNode-2-impl-thread1] INFO  server.RaftServer (RaftServerProxy.java:initGroupDir(265)) - omNode-2: found a subdirectory /home/runner/work/ozone/ozone/hadoop-ozone/integration-test/target/test-dir/MiniOzoneClusterImpl-4e6105ad-12bc-4f18-9d37-351d73277e17/omNode-2/ratis/c9bc4cf4-3bc3-3c60-a66b-523986131536
2025-04-24 14:03:20,150 [main] INFO  server.RaftServer (RaftServerProxy.java:addNew(100)) - omNode-2: addNew group-523986131536:[omNode-3|localhost:15017, omNode-1|localhost:15009, omNode-2|localhost:15013] returns group-523986131536:java.util.concurrent.CompletableFuture@27a2270b[Not completed]
2025-04-24 14:03:20,150 [main] INFO  om.OzoneManager (OzoneManager.java:initializeRatisServer(2303)) - OzoneManager Ratis server initialized at port 15013
2025-04-24 14:03:20,150 [main] INFO  ratis.OzoneManagerRatisServer (OzoneManagerRatisServer.java:start(628)) - Starting OzoneManagerRatisServer omNode-2 at port 15013
2025-04-24 14:03:20,150 [omNode-2-groupManagement] INFO  server.RaftServer$Division (RaftServerImpl.java:<init>(255)) - omNode-2: new RaftServerImpl for group-523986131536:[omNode-3|localhost:15017, omNode-1|localhost:15009, omNode-2|localhost:15013] with OzoneManagerStateMachine:uninitialized
2025-04-24 14:03:20,150 [omNode-2-groupManagement] INFO  server.RaftServerConfigKeys (ConfUtils.java:logGet(46)) - raft.server.rpc.timeout.min = 1s (custom)
2025-04-24 14:03:20,150 [omNode-2-groupManagement] INFO  server.RaftServerConfigKeys (ConfUtils.java:logGet(46)) - raft.server.rpc.timeout.max = 1200ms (custom)
2025-04-24 14:03:20,150 [omNode-2-groupManagement] INFO  server.RaftServerConfigKeys (ConfUtils.java:logGet(46)) - raft.server.rpc.sleep.time = 25ms (default)
2025-04-24 14:03:20,150 [omNode-2-groupManagement] INFO  server.RaftServerConfigKeys (ConfUtils.java:logGet(46)) - raft.server.rpc.slowness.timeout = 2s (custom)
2025-04-24 14:03:20,150 [omNode-2-groupManagement] INFO  server.RaftServerConfigKeys (ConfUtils.java:logGet(46)) - raft.server.leaderelection.leader.step-down.wait-time = 10s (default)
2025-04-24 14:03:20,150 [omNode-2-groupManagement] INFO  server.RaftServerConfigKeys (ConfUtils.java:logGet(46)) - raft.server.leaderelection.member.majority-add = false (default)
2025-04-24 14:03:20,150 [omNode-2-groupManagement] INFO  server.RaftServerConfigKeys (ConfUtils.java:logGet(46)) - raft.server.sleep.deviation.threshold = 300ms (default)
2025-04-24 14:03:20,150 [omNode-2-groupManagement] INFO  server.RaftServer$Division (ServerState.java:<init>(114)) - omNode-2@group-523986131536: ConfigurationManager, init=conf: {index: -1, cur=peers:[omNode-3|localhost:15017, omNode-1|localhost:15009, omNode-2|localhost:15013]|listeners:[], old=null}, confs=<EMPTY_MAP>
2025-04-24 14:03:20,150 [omNode-2-groupManagement] INFO  server.RaftServerConfigKeys (ConfUtils.java:logGet(46)) - raft.server.notification.no-leader.timeout = 2s (custom)
2025-04-24 14:03:20,150 [omNode-2-groupManagement] INFO  server.RaftServerConfigKeys (ConfUtils.java:logGet(46)) - raft.server.read.timeout = 10s (default)
2025-04-24 14:03:20,150 [omNode-2-groupManagement] INFO  server.RaftServerConfigKeys (ConfUtils.java:logGet(46)) - raft.server.retrycache.expirytime = 30000ms (custom)
2025-04-24 14:03:20,150 [omNode-2-groupManagement] INFO  server.RaftServerConfigKeys (ConfUtils.java:logGet(46)) - raft.server.retrycache.statistics.expirytime = 100ms (default)
2025-04-24 14:03:20,150 [omNode-2-groupManagement] INFO  server.RaftServerConfigKeys (ConfUtils.java:logGet(46)) - raft.server.read.option = DEFAULT (default)
2025-04-24 14:03:20,150 [omNode-2-groupManagement] INFO  server.RaftServerConfigKeys (ConfUtils.java:logGet(46)) - raft.server.read.read-after-write-consistent.write-index-cache.expiry-time = 60s (default)
2025-04-24 14:03:20,152 [omNode-2-groupManagement] INFO  server.RaftServerConfigKeys (ConfUtils.java:logGet(46)) - raft.server.rpc.request.timeout = 3000ms (default)
2025-04-24 14:03:20,152 [omNode-2-groupManagement] INFO  server.RaftServerConfigKeys (ConfUtils.java:logGet(46)) - raft.server.log.appender.install.snapshot.enabled = false (custom)
2025-04-24 14:03:20,152 [omNode-2-groupManagement] INFO  server.RaftServerConfigKeys (ConfUtils.java:logGet(46)) - raft.server.threadpool.server.cached = true (default)
2025-04-24 14:03:20,152 [omNode-2-groupManagement] INFO  server.RaftServerConfigKeys (ConfUtils.java:logGet(46)) - raft.server.threadpool.server.size = 0 (default)
2025-04-24 14:03:20,152 [omNode-2-groupManagement] INFO  server.RaftServerConfigKeys (ConfUtils.java:logGet(46)) - raft.server.threadpool.client.cached = true (default)
2025-04-24 14:03:20,152 [omNode-2-groupManagement] INFO  server.RaftServerConfigKeys (ConfUtils.java:logGet(46)) - raft.server.threadpool.client.size = 0 (default)
2025-04-24 14:03:20,152 [omNode-2-impl-thread1] INFO  server.RaftServerConfigKeys (ConfUtils.java:logGet(46)) - raft.server.storage.free-space.min = 0MB (=0) (default)
2025-04-24 14:03:20,152 [omNode-2-impl-thread1] INFO  server.RaftServerConfigKeys (ConfUtils.java:logGet(46)) - raft.server.log.corruption.policy = EXCEPTION (default)
2025-04-24 14:03:20,152 [omNode-2-impl-thread1] INFO  server.RaftServerConfigKeys (ConfUtils.java:logGet(46)) - raft.server.storage.dir = [/home/runner/work/ozone/ozone/hadoop-ozone/integration-test/target/test-dir/MiniOzoneClusterImpl-4e6105ad-12bc-4f18-9d37-351d73277e17/omNode-2/ratis] (custom)
2025-04-24 14:03:20,153 [omNode-2-impl-thread1] INFO  storage.RaftStorageDirectory (RaftStorageDirectoryImpl.java:tryLock(229)) - Lock on /home/runner/work/ozone/ozone/hadoop-ozone/integration-test/target/test-dir/MiniOzoneClusterImpl-4e6105ad-12bc-4f18-9d37-351d73277e17/omNode-2/ratis/c9bc4cf4-3bc3-3c60-a66b-523986131536/in_use.lock acquired by nodename 129728@fv-az2210-761
2025-04-24 14:03:20,153 [omNode-2-impl-thread1] INFO  storage.RaftStorage (RaftStorageImpl.java:analyzeAndRecoverStorage(118)) - Read RaftStorageMetadata{term=7, votedFor=omNode-2} from /home/runner/work/ozone/ozone/hadoop-ozone/integration-test/target/test-dir/MiniOzoneClusterImpl-4e6105ad-12bc-4f18-9d37-351d73277e17/omNode-2/ratis/c9bc4cf4-3bc3-3c60-a66b-523986131536/current/raft-meta
2025-04-24 14:03:20,154 [omNode-2-impl-thread1] INFO  server.RaftServer$Division (ServerState.java:setRaftConf(386)) - omNode-2@group-523986131536: set configuration conf: {index: 72, cur=peers:[omNode-3|localhost:15017, omNode-1|localhost:15009, omNode-2|localhost:15013]|listeners:[], old=null}
2025-04-24 14:03:20,154 [omNode-2-impl-thread1] INFO  ratis.OzoneManagerStateMachine (OzoneManagerStateMachine.java:lambda$0(138)) - omNode-2: initialize group-523986131536 with (t:7, i:75)
2025-04-24 14:03:20,154 [omNode-2-impl-thread1] INFO  server.RaftServerConfigKeys (ConfUtils.java:logGet(46)) - raft.server.log.use.memory = false (default)
2025-04-24 14:03:20,154 [omNode-2-impl-thread1] INFO  server.RaftServerConfigKeys (ConfUtils.java:logGet(46)) - raft.server.log.purge.gap = 50 (custom)
2025-04-24 14:03:20,154 [omNode-2-impl-thread1] INFO  server.RaftServerConfigKeys (ConfUtils.java:logGet(46)) - raft.server.log.appender.buffer.byte-limit = 4194304 (custom)
2025-04-24 14:03:20,154 [omNode-2-impl-thread1] INFO  server.RaftServerConfigKeys (ConfUtils.java:logGet(46)) - raft.server.log.statemachine.data.read.timeout = 1000ms (default)
2025-04-24 14:03:20,154 [omNode-2-impl-thread1] INFO  server.RaftServerConfigKeys (ConfUtils.java:logGet(46)) - raft.server.log.purge.preservation.log.num = 0 (default)
2025-04-24 14:03:20,155 [omNode-2-impl-thread1] INFO  server.RaftServerConfigKeys (ConfUtils.java:logGet(46)) - raft.server.log.segment.size.max = 4194304 (custom)
2025-04-24 14:03:20,155 [omNode-2-impl-thread1] INFO  server.RaftServerConfigKeys (ConfUtils.java:logGet(46)) - raft.server.log.segment.cache.num.max = 2 (custom)
2025-04-24 14:03:20,155 [omNode-2-impl-thread1] INFO  server.RaftServerConfigKeys (ConfUtils.java:logGet(46)) - raft.server.log.segment.cache.size.max = 200MB (=209715200) (default)
2025-04-24 14:03:20,155 [omNode-2-impl-thread1] INFO  server.RaftServerConfigKeys (ConfUtils.java:logGet(46)) - raft.server.log.appender.buffer.byte-limit = 4194304 (custom)
2025-04-24 14:03:20,155 [omNode-2-impl-thread1] INFO  util.AwaitToRun (AwaitToRun.java:start(81)) - Thread[#3538,omNode-2@group-523986131536-cacheEviction-AwaitToRun,5,main] started
2025-04-24 14:03:20,155 [omNode-2-impl-thread1] INFO  segmented.SegmentedRaftLogWorker (SegmentedRaftLogWorker.java:<init>(188)) - new omNode-2@group-523986131536-SegmentedRaftLogWorker for RaftStorageImpl:Storage Directory /home/runner/work/ozone/ozone/hadoop-ozone/integration-test/target/test-dir/MiniOzoneClusterImpl-4e6105ad-12bc-4f18-9d37-351d73277e17/omNode-2/ratis/c9bc4cf4-3bc3-3c60-a66b-523986131536
2025-04-24 14:03:20,155 [omNode-2-impl-thread1] INFO  server.RaftServerConfigKeys (ConfUtils.java:logGet(46)) - raft.server.log.queue.byte-limit = 64MB (=67108864) (default)
2025-04-24 14:03:20,155 [omNode-2-impl-thread1] INFO  server.RaftServerConfigKeys (ConfUtils.java:logGet(46)) - raft.server.log.queue.element-limit = 4096 (default)
2025-04-24 14:03:20,155 [omNode-2-impl-thread1] INFO  server.RaftServerConfigKeys (ConfUtils.java:logGet(46)) - raft.server.log.segment.size.max = 4194304 (custom)
2025-04-24 14:03:20,155 [omNode-2-impl-thread1] INFO  server.RaftServerConfigKeys (ConfUtils.java:logGet(46)) - raft.server.log.preallocated.size = 4194304 (custom)
2025-04-24 14:03:20,155 [omNode-2-impl-thread1] INFO  server.RaftServerConfigKeys (ConfUtils.java:logGet(46)) - raft.server.log.force.sync.num = 128 (default)
2025-04-24 14:03:20,155 [omNode-2-impl-thread1] INFO  server.RaftServerConfigKeys (ConfUtils.java:logGet(46)) - raft.server.log.statemachine.data.sync = true (default)
2025-04-24 14:03:20,155 [omNode-2-impl-thread1] INFO  server.RaftServerConfigKeys (ConfUtils.java:logGet(46)) - raft.server.log.statemachine.data.sync.timeout = 10s (default)
2025-04-24 14:03:20,155 [omNode-2-impl-thread1] INFO  server.RaftServerConfigKeys (ConfUtils.java:logGet(46)) - raft.server.log.statemachine.data.sync.timeout.retry = -1 (default)
2025-04-24 14:03:20,155 [omNode-2-impl-thread1] INFO  server.RaftServerConfigKeys (ConfUtils.java:logGet(46)) - raft.server.log.write.buffer.size = 4194312 (custom)
2025-04-24 14:03:20,156 [omNode-2-impl-thread1] INFO  server.RaftServerConfigKeys (ConfUtils.java:logGet(46)) - raft.server.log.appender.buffer.byte-limit = 4194304 (custom)
2025-04-24 14:03:20,156 [omNode-2-impl-thread1] INFO  server.RaftServerConfigKeys (ConfUtils.java:logGet(46)) - raft.server.log.unsafe-flush.enabled = false (default)
2025-04-24 14:03:20,156 [omNode-2-impl-thread1] INFO  server.RaftServerConfigKeys (ConfUtils.java:logGet(46)) - raft.server.log.async-flush.enabled = false (default)
2025-04-24 14:03:20,156 [omNode-2-impl-thread1] INFO  server.RaftServerConfigKeys (ConfUtils.java:logGet(46)) - raft.server.log.statemachine.data.caching.enabled = false (default)
2025-04-24 14:03:20,156 [omNode-2-impl-thread1] INFO  server.RaftServer$Division (ServerState.java:setRaftConf(386)) - omNode-2@group-523986131536: set configuration conf: {index: 34, cur=peers:[omNode-3|localhost:15017, omNode-1|localhost:15009, omNode-2|localhost:15013]|listeners:[], old=null}
2025-04-24 14:03:20,157 [omNode-2-impl-thread1] INFO  segmented.LogSegment (LogSegment.java:loadSegment(171)) - Successfully read 34 entries from segment file /home/runner/work/ozone/ozone/hadoop-ozone/integration-test/target/test-dir/MiniOzoneClusterImpl-4e6105ad-12bc-4f18-9d37-351d73277e17/omNode-2/ratis/c9bc4cf4-3bc3-3c60-a66b-523986131536/current/log_34-67
2025-04-24 14:03:20,157 [omNode-2-impl-thread1] INFO  server.RaftServer$Division (ServerState.java:setRaftConf(386)) - omNode-2@group-523986131536: set configuration conf: {index: 68, cur=peers:[omNode-3|localhost:15017, omNode-1|localhost:15009, omNode-2|localhost:15013]|listeners:[], old=null}
2025-04-24 14:03:20,157 [omNode-2-impl-thread1] INFO  segmented.LogSegment (LogSegment.java:loadSegment(171)) - Successfully read 4 entries from segment file /home/runner/work/ozone/ozone/hadoop-ozone/integration-test/target/test-dir/MiniOzoneClusterImpl-4e6105ad-12bc-4f18-9d37-351d73277e17/omNode-2/ratis/c9bc4cf4-3bc3-3c60-a66b-523986131536/current/log_68-71
2025-04-24 14:03:20,157 [omNode-2-impl-thread1] INFO  server.RaftServer$Division (ServerState.java:setRaftConf(386)) - omNode-2@group-523986131536: set configuration conf: {index: 72, cur=peers:[omNode-3|localhost:15017, omNode-1|localhost:15009, omNode-2|localhost:15013]|listeners:[], old=null}
2025-04-24 14:03:20,157 [omNode-2-impl-thread1] INFO  segmented.LogSegment (LogSegment.java:loadSegment(171)) - Successfully read 4 entries from segment file /home/runner/work/ozone/ozone/hadoop-ozone/integration-test/target/test-dir/MiniOzoneClusterImpl-4e6105ad-12bc-4f18-9d37-351d73277e17/omNode-2/ratis/c9bc4cf4-3bc3-3c60-a66b-523986131536/current/log_inprogress_72
2025-04-24 14:03:20,157 [omNode-2-impl-thread1] INFO  segmented.SegmentedRaftLogWorker (SegmentedRaftLogWorker.java:lambda$new$0(139)) - omNode-2@group-523986131536-SegmentedRaftLogWorker: flushIndex: setUnconditionally 0 -> 75
2025-04-24 14:03:20,157 [omNode-2-impl-thread1] INFO  segmented.SegmentedRaftLogWorker (SegmentedRaftLogWorker.java:lambda$new$0(139)) - omNode-2@group-523986131536-SegmentedRaftLogWorker: safeCacheEvictIndex: setUnconditionally 0 -> 71
2025-04-24 14:03:20,157 [omNode-2-impl-thread1] INFO  segmented.BufferedWriteChannel (BufferedWriteChannel.java:open(61)) - open log_inprogress_72 (append) at position 318
2025-04-24 14:03:20,158 [omNode-2-impl-thread1] INFO  raftlog.RaftLog (RaftLogBase.java:lambda$new$0(54)) - omNode-2@group-523986131536-SegmentedRaftLog: purgeIndex: updateToMax old=-1, new=33, updated? true
2025-04-24 14:03:20,158 [omNode-2-impl-thread1] INFO  server.RaftServer$Division (RaftServerImpl.java:start(391)) - omNode-2@group-523986131536: start as a follower, conf=conf: {index: 72, cur=peers:[omNode-3|localhost:15017, omNode-1|localhost:15009, omNode-2|localhost:15013]|listeners:[], old=null}
2025-04-24 14:03:20,158 [omNode-2-impl-thread1] INFO  server.RaftServer$Division (RaftServerImpl.java:setRole(378)) - omNode-2@group-523986131536: changes role from      null to FOLLOWER at term 7 for startAsFollower
2025-04-24 14:03:20,158 [omNode-2-impl-thread1] INFO  impl.RoleInfo (RoleInfo.java:updateAndGet(148)) - omNode-2: start omNode-2@group-523986131536-FollowerState
2025-04-24 14:03:20,158 [omNode-2-impl-thread1] INFO  util.JmxRegister (JmxRegister.java:tryRegister(44)) - Successfully registered JMX Bean with object name Ratis:service=RaftServer,group=group-523986131536,id=omNode-2
2025-04-24 14:03:20,158 [omNode-2-impl-thread1] INFO  util.JmxRegister (JmxRegister.java:register(58)) - register mxBean class org.apache.ratis.server.impl.RaftServerJmxAdapter as Ratis:service=RaftServer,group=group-523986131536,id=omNode-2
2025-04-24 14:03:20,158 [omNode-2@group-523986131536-FollowerState] INFO  server.RaftServerConfigKeys (ConfUtils.java:logFallback(53)) - raft.server.rpc.first-election.timeout.min = 1s (fallback to raft.server.rpc.timeout.min)
2025-04-24 14:03:20,158 [omNode-2-impl-thread1] INFO  server.RaftServerConfigKeys (ConfUtils.java:logGet(46)) - raft.server.snapshot.trigger-when-stop.enabled = true (default)
2025-04-24 14:03:20,158 [omNode-2-impl-thread1] INFO  server.RaftServerConfigKeys (ConfUtils.java:logGet(46)) - raft.server.snapshot.trigger-when-remove.enabled = true (default)
2025-04-24 14:03:20,158 [omNode-2@group-523986131536-FollowerState] INFO  server.RaftServerConfigKeys (ConfUtils.java:logFallback(53)) - raft.server.rpc.first-election.timeout.max = 1200ms (fallback to raft.server.rpc.timeout.max)
2025-04-24 14:03:20,158 [omNode-2-impl-thread1] INFO  server.RaftServerConfigKeys (ConfUtils.java:logGet(46)) - raft.server.snapshot.auto.trigger.enabled = true (custom)
2025-04-24 14:03:20,158 [omNode-2-impl-thread1] INFO  server.RaftServerConfigKeys (ConfUtils.java:logGet(46)) - raft.server.snapshot.auto.trigger.threshold = 50 (custom)
2025-04-24 14:03:20,159 [omNode-2-impl-thread1] INFO  server.RaftServerConfigKeys (ConfUtils.java:logGet(46)) - raft.server.snapshot.retention.file.num = -1 (default)
2025-04-24 14:03:20,159 [omNode-2-impl-thread1] INFO  server.RaftServerConfigKeys (ConfUtils.java:logGet(46)) - raft.server.log.purge.upto.snapshot.index = true (custom)
2025-04-24 14:03:20,159 [omNode-2-impl-thread1] INFO  server.RaftServer$Division (RaftServerImpl.java:start(405)) - omNode-2@group-523986131536: Successfully started.
2025-04-24 14:03:20,159 [main] INFO  server.RaftServer (RaftServerProxy.java:startImpl(407)) - omNode-2: start RPC server
2025-04-24 14:03:20,159 [main] INFO  server.GrpcService (GrpcService.java:startImpl(334)) - omNode-2: GrpcService started, listening on 15013
2025-04-24 14:03:20,160 [main] INFO  om.OzoneManager (OzoneManager.java:getRpcServer(1360)) - Creating RPC Server
2025-04-24 14:03:20,160 [JvmPauseMonitor22] INFO  util.JvmPauseMonitor (JvmPauseMonitor.java:run(146)) - JvmPauseMonitor-omNode-2: Started
2025-04-24 14:03:20,230 [timer1] WARN  server.GrpcLogAppender (GrpcLogAppender.java:lambda$resetClient$1(221)) - omNode-2@group-523986131536->omNode-3-GrpcLogAppender: Follower failed (request=null, errorCount=32); keep nextIndex (76) unchanged and retry. (Repeated 6 times in the last 5.001s)
2025-04-24 14:03:20,413 [omNode-3@group-523986131536-FollowerState] INFO  impl.FollowerState (FollowerState.java:runImpl(161)) - omNode-3@group-523986131536-FollowerState: change to CANDIDATE, lastRpcElapsedTime:1078970614ns, electionTimeout:1078ms
2025-04-24 14:03:20,413 [omNode-3@group-523986131536-FollowerState] INFO  impl.RoleInfo (RoleInfo.java:shutdownFollowerState(121)) - omNode-3: shutdown omNode-3@group-523986131536-FollowerState
2025-04-24 14:03:20,413 [omNode-3@group-523986131536-FollowerState] INFO  server.RaftServer$Division (RaftServerImpl.java:setRole(378)) - omNode-3@group-523986131536: changes role from  FOLLOWER to CANDIDATE at term 6 for changeToCandidate
2025-04-24 14:03:20,413 [omNode-3@group-523986131536-FollowerState] INFO  server.RaftServerConfigKeys (ConfUtils.java:logGet(46)) - raft.server.leaderelection.pre-vote = true (default)
2025-04-24 14:03:20,414 [omNode-3@group-523986131536-FollowerState] INFO  impl.RoleInfo (RoleInfo.java:updateAndGet(148)) - omNode-3: start omNode-3@group-523986131536-LeaderElection17
2025-04-24 14:03:20,414 [omNode-3@group-523986131536-LeaderElection17] INFO  impl.LeaderElection (LeaderElection.java:askForVotes(332)) - omNode-3@group-523986131536-LeaderElection17 PRE_VOTE round 0: submit vote requests at term 6 for conf: {index: 68, cur=peers:[omNode-3|localhost:15017, omNode-1|localhost:15009, omNode-2|localhost:15013]|listeners:[], old=null}
2025-04-24 14:03:20,414 [omNode-3@group-523986131536-LeaderElection17-1] INFO  server.GrpcServerProtocolClient (GrpcServerProtocolClient.java:<init>(65)) - Build channel for omNode-1|localhost:15009
2025-04-24 14:03:20,414 [omNode-3@group-523986131536-LeaderElection17-2] INFO  server.GrpcServerProtocolClient (GrpcServerProtocolClient.java:<init>(65)) - Build channel for omNode-2|localhost:15013
2025-04-24 14:03:20,414 [omNode-3@group-523986131536-LeaderElection17] INFO  server.RaftServerConfigKeys (ConfUtils.java:logFallback(53)) - raft.server.rpc.first-election.timeout.min = 1s (fallback to raft.server.rpc.timeout.min)
2025-04-24 14:03:20,415 [omNode-3@group-523986131536-LeaderElection17] INFO  server.RaftServerConfigKeys (ConfUtils.java:logFallback(53)) - raft.server.rpc.first-election.timeout.max = 1200ms (fallback to raft.server.rpc.timeout.max)
2025-04-24 14:03:20,420 [grpc-default-executor-0] INFO  server.RaftServer$Division (RaftServerImpl.java:requestVote(1407)) - omNode-2@group-523986131536: receive requestVote(PRE_VOTE, omNode-3, group-523986131536, 6, (t:6, i:71))
2025-04-24 14:03:20,420 [grpc-default-executor-0] INFO  impl.VoteContext (VoteContext.java:log(49)) - omNode-2@group-523986131536-FOLLOWER: reject PRE_VOTE from omNode-3: our last entry (t:7, i:75) > candidate's last entry (t:6, i:71)
2025-04-24 14:03:20,420 [grpc-default-executor-0] INFO  server.RaftServer$Division (RaftServerImpl.java:requestVote(1441)) - omNode-2@group-523986131536 replies to PRE_VOTE vote request: omNode-3<-omNode-2#0:FAIL-t7. Peer's state: omNode-2@group-523986131536:t7, leader=null, voted=omNode-2, raftlog=Memoized:omNode-2@group-523986131536-SegmentedRaftLog:OPENED:c75:last(t:7, i:75), conf=conf: {index: 72, cur=peers:[omNode-3|localhost:15017, omNode-1|localhost:15009, omNode-2|localhost:15013]|listeners:[], old=null}
2025-04-24 14:03:20,421 [omNode-3@group-523986131536-LeaderElection17] INFO  impl.LeaderElection (LeaderElection.java:logAndReturn(90)) - omNode-3@group-523986131536-LeaderElection17: PRE_VOTE DISCOVERED_A_NEW_TERM (term=7) received 1 response(s) and 0 exception(s):
2025-04-24 14:03:20,421 [omNode-3@group-523986131536-LeaderElection17] INFO  impl.LeaderElection (LeaderElection.java:logAndReturn(94)) -   Response 0: omNode-3<-omNode-2#0:FAIL-t7
2025-04-24 14:03:20,421 [omNode-3@group-523986131536-LeaderElection17] INFO  impl.LeaderElection (LeaderElection.java:askForVotes(334)) - omNode-3@group-523986131536-LeaderElection17 PRE_VOTE round 0: result DISCOVERED_A_NEW_TERM (term=7)
2025-04-24 14:03:20,421 [omNode-3@group-523986131536-LeaderElection17] INFO  server.RaftServer$Division (RaftServerImpl.java:setRole(378)) - omNode-3@group-523986131536: changes role from CANDIDATE to FOLLOWER at term 6 for DISCOVERED_A_NEW_TERM (term=7)
2025-04-24 14:03:20,422 [omNode-3@group-523986131536-LeaderElection17] INFO  impl.RoleInfo (RoleInfo.java:shutdownLeaderElection(141)) - omNode-3: shutdown omNode-3@group-523986131536-LeaderElection17
2025-04-24 14:03:20,422 [omNode-3@group-523986131536-LeaderElection17] INFO  impl.RoleInfo (RoleInfo.java:updateAndGet(148)) - omNode-3: start omNode-3@group-523986131536-FollowerState
2025-04-24 14:03:20,422 [omNode-3@group-523986131536-FollowerState] INFO  server.RaftServerConfigKeys (ConfUtils.java:logFallback(53)) - raft.server.rpc.first-election.timeout.min = 1s (fallback to raft.server.rpc.timeout.min)
2025-04-24 14:03:20,422 [omNode-3@group-523986131536-FollowerState] INFO  server.RaftServerConfigKeys (ConfUtils.java:logFallback(53)) - raft.server.rpc.first-election.timeout.max = 1200ms (fallback to raft.server.rpc.timeout.max)
2025-04-24 14:03:20,422 [omNode-3@group-523986131536-LeaderElection17] INFO  server.RaftServer$Division (RaftServerImpl.java:setFirstElection(562)) - omNode-3@group-523986131536: set firstElectionSinceStartup to false for DISCOVERED_A_NEW_TERM (term=7)
2025-04-24 14:03:20,528 [main] INFO  reflections.Reflections (Reflections.java:scan(219)) - Reflections took 368 ms to scan 22 urls, producing 61 keys and 7423 values
2025-04-24 14:03:20,529 [main] INFO  ipc.CallQueueManager (CallQueueManager.java:<init>(93)) - Using callQueue: class java.util.concurrent.LinkedBlockingQueue, queueCapacity: 2000, scheduler: class org.apache.hadoop.ipc.DefaultRpcScheduler, ipcBackoff: false, ipcFailOver: false.
2025-04-24 14:03:20,529 [main] INFO  ipc.Server (Server.java:<init>(1438)) - Listener at localhost:15010
2025-04-24 14:03:20,530 [Socket Reader #1 for port 15010] INFO  ipc.Server (Server.java:run(1474)) - Starting Socket Reader #1 for port 15010
2025-04-24 14:03:20,530 [Socket Reader #2 for port 15010] INFO  ipc.Server (Server.java:run(1474)) - Starting Socket Reader #2 for port 15010
2025-04-24 14:03:20,530 [Socket Reader #3 for port 15010] INFO  ipc.Server (Server.java:run(1474)) - Starting Socket Reader #3 for port 15010
2025-04-24 14:03:20,530 [Socket Reader #4 for port 15010] INFO  ipc.Server (Server.java:run(1474)) - Starting Socket Reader #4 for port 15010
2025-04-24 14:03:20,530 [Socket Reader #5 for port 15010] INFO  ipc.Server (Server.java:run(1474)) - Starting Socket Reader #5 for port 15010
2025-04-24 14:03:20,531 [Socket Reader #6 for port 15010] INFO  ipc.Server (Server.java:run(1474)) - Starting Socket Reader #6 for port 15010
2025-04-24 14:03:20,531 [Socket Reader #7 for port 15010] INFO  ipc.Server (Server.java:run(1474)) - Starting Socket Reader #7 for port 15010
2025-04-24 14:03:20,531 [Socket Reader #8 for port 15010] INFO  ipc.Server (Server.java:run(1474)) - Starting Socket Reader #8 for port 15010
2025-04-24 14:03:20,531 [Socket Reader #9 for port 15010] INFO  ipc.Server (Server.java:run(1474)) - Starting Socket Reader #9 for port 15010
2025-04-24 14:03:20,531 [Socket Reader #10 for port 15010] INFO  ipc.Server (Server.java:run(1474)) - Starting Socket Reader #10 for port 15010
2025-04-24 14:03:20,533 [main] INFO  http.BaseHttpServer (BaseHttpServer.java:newHttpServer2BuilderForOzone(229)) - Starting Web-server for ozoneManager at: http://0.0.0.0:15011
2025-04-24 14:03:20,533 [main] INFO  http.BaseHttpServer (BaseHttpServer.java:<init>(107)) - Hadoop Security Enabled: false Ozone Security Enabled: false Ozone HTTP Security Enabled: false 
2025-04-24 14:03:20,534 [main] WARN  server.AuthenticationFilter (AuthenticationFilter.java:constructSecretProvider(240)) - Unable to initialize FileSignerSecretProvider, falling back to use random secrets. Reason: Could not read signature secret file: /home/runner/hadoop-http-auth-signature-secret
2025-04-24 14:03:20,536 [main] INFO  http.HttpServer2 (HttpServer2.java:addGlobalFilter(1041)) - Added global filter 'safety' (class=org.apache.hadoop.hdds.server.http.HttpServer2$QuotingInputFilter)
2025-04-24 14:03:20,536 [main] INFO  http.HttpServer2 (HttpServer2.java:addFilter(1017)) - Added filter static_user_filter (class=org.apache.hadoop.http.lib.StaticUserWebFilter$StaticUserFilter) to context ozoneManager
2025-04-24 14:03:20,537 [main] INFO  http.HttpServer2 (HttpServer2.java:addFilter(1025)) - Added filter static_user_filter (class=org.apache.hadoop.http.lib.StaticUserWebFilter$StaticUserFilter) to context logs
2025-04-24 14:03:20,537 [main] INFO  http.HttpServer2 (HttpServer2.java:addFilter(1025)) - Added filter static_user_filter (class=org.apache.hadoop.http.lib.StaticUserWebFilter$StaticUserFilter) to context static
2025-04-24 14:03:20,537 [main] INFO  http.BaseHttpServer (BaseHttpServer.java:<init>(195)) - HTTP server of ozoneManager uses base directory /home/runner/work/ozone/ozone/hadoop-ozone/integration-test/target/test-dir/MiniOzoneClusterImpl-4e6105ad-12bc-4f18-9d37-351d73277e17/omNode-2/webserver
2025-04-24 14:03:20,537 [main] INFO  http.HttpServer2 (HttpServer2.java:bindListener(1241)) - Jetty bound to port 15011
2025-04-24 14:03:20,537 [main] INFO  server.Server (Server.java:doStart(375)) - jetty-9.4.57.v20241219; built: 2025-01-08T21:24:30.412Z; git: df524e6b29271c2e09ba9aea83c18dc9db464a31; jvm 21.0.7+6-LTS
2025-04-24 14:03:20,539 [main] INFO  server.session (DefaultSessionIdManager.java:doStart(334)) - DefaultSessionIdManager workerName=node0
2025-04-24 14:03:20,539 [main] INFO  server.session (DefaultSessionIdManager.java:doStart(339)) - No SessionScavenger set, using defaults
2025-04-24 14:03:20,539 [main] INFO  server.session (HouseKeeper.java:startScavenging(132)) - node0 Scavenging every 600000ms
2025-04-24 14:03:20,539 [main] INFO  handler.ContextHandler (ContextHandler.java:doStart(921)) - Started o.e.j.s.ServletContextHandler@417f03da{logs,/logs,file:///home/runner/work/ozone/ozone/hadoop-ozone/integration-test/target/log,AVAILABLE}
2025-04-24 14:03:20,540 [main] INFO  handler.ContextHandler (ContextHandler.java:doStart(921)) - Started o.e.j.s.ServletContextHandler@68ee0208{static,/static,file:///home/runner/work/ozone/ozone/hadoop-ozone/integration-test/target/test-classes/webapps/static,AVAILABLE}
2025-04-24 14:03:20,543 [main] INFO  handler.ContextHandler (ContextHandler.java:doStart(921)) - Started o.e.j.w.WebAppContext@4455f3b8{ozoneManager,/,file:///home/runner/work/ozone/ozone/hadoop-ozone/integration-test/target/test-classes/webapps/ozoneManager/,AVAILABLE}{file:/home/runner/work/ozone/ozone/hadoop-ozone/integration-test/target/test-classes/webapps/ozoneManager}
2025-04-24 14:03:20,544 [main] INFO  server.AbstractConnector (AbstractConnector.java:doStart(333)) - Started ServerConnector@43e4987c{HTTP/1.1, (http/1.1)}{0.0.0.0:15011}
2025-04-24 14:03:20,544 [main] INFO  server.Server (Server.java:doStart(415)) - Started @81876ms
2025-04-24 14:03:20,544 [main] WARN  impl.MetricsSystemImpl (MetricsSystemImpl.java:register(279)) - Sink prometheus already exists!
2025-04-24 14:03:20,544 [main] INFO  http.BaseHttpServer (BaseHttpServer.java:updateConnectorAddress(360)) - HTTP server of ozoneManager listening at http://0.0.0.0:15011
2025-04-24 14:03:20,545 [IPC Server Responder] INFO  ipc.Server (Server.java:run(1713)) - IPC Server Responder: starting
2025-04-24 14:03:20,545 [IPC Server listener on 15010] INFO  ipc.Server (Server.java:run(1553)) - IPC Server listener on 15010: starting
2025-04-24 14:03:20,547 [main] INFO  om.OzoneManager (OzoneManager.java:startTrashEmptier(2257)) - Trash Interval set to 0. Files deleted won't move to trash
]]></system-out>
  </testcase>
  <testcase name="testListParts" classname="org.apache.hadoop.ozone.om.TestOzoneManagerHAWithStoppedNodes" time="15.09">
    <system-out><![CDATA[2025-04-24 14:03:20,902 [omNode-1@group-523986131536-FollowerState] INFO  impl.FollowerState (FollowerState.java:runImpl(161)) - omNode-1@group-523986131536-FollowerState: change to CANDIDATE, lastRpcElapsedTime:1159608132ns, electionTimeout:1159ms
2025-04-24 14:03:20,902 [omNode-1@group-523986131536-FollowerState] INFO  impl.RoleInfo (RoleInfo.java:shutdownFollowerState(121)) - omNode-1: shutdown omNode-1@group-523986131536-FollowerState
2025-04-24 14:03:20,902 [omNode-1@group-523986131536-FollowerState] INFO  server.RaftServer$Division (RaftServerImpl.java:setRole(378)) - omNode-1@group-523986131536: changes role from  FOLLOWER to CANDIDATE at term 7 for changeToCandidate
2025-04-24 14:03:20,902 [omNode-1@group-523986131536-FollowerState] INFO  server.RaftServerConfigKeys (ConfUtils.java:logGet(46)) - raft.server.leaderelection.pre-vote = true (default)
2025-04-24 14:03:20,902 [omNode-1@group-523986131536-FollowerState] INFO  impl.RoleInfo (RoleInfo.java:updateAndGet(148)) - omNode-1: start omNode-1@group-523986131536-LeaderElection18
2025-04-24 14:03:20,903 [omNode-1@group-523986131536-LeaderElection18] INFO  impl.LeaderElection (LeaderElection.java:askForVotes(332)) - omNode-1@group-523986131536-LeaderElection18 PRE_VOTE round 0: submit vote requests at term 7 for conf: {index: 72, cur=peers:[omNode-3|localhost:15017, omNode-1|localhost:15009, omNode-2|localhost:15013]|listeners:[], old=null}
2025-04-24 14:03:20,903 [omNode-1@group-523986131536-LeaderElection18-1] INFO  server.GrpcServerProtocolClient (GrpcServerProtocolClient.java:<init>(65)) - Build channel for omNode-3|localhost:15017
2025-04-24 14:03:20,903 [omNode-1@group-523986131536-LeaderElection18] INFO  server.RaftServerConfigKeys (ConfUtils.java:logFallback(53)) - raft.server.rpc.first-election.timeout.min = 1s (fallback to raft.server.rpc.timeout.min)
2025-04-24 14:03:20,903 [omNode-1@group-523986131536-LeaderElection18] INFO  server.RaftServerConfigKeys (ConfUtils.java:logFallback(53)) - raft.server.rpc.first-election.timeout.max = 1200ms (fallback to raft.server.rpc.timeout.max)
2025-04-24 14:03:20,903 [omNode-1@group-523986131536-LeaderElection18-2] INFO  server.GrpcServerProtocolClient (GrpcServerProtocolClient.java:<init>(65)) - Build channel for omNode-2|localhost:15013
2025-04-24 14:03:20,907 [grpc-default-executor-2] INFO  server.RaftServer$Division (RaftServerImpl.java:requestVote(1407)) - omNode-2@group-523986131536: receive requestVote(PRE_VOTE, omNode-1, group-523986131536, 7, (t:7, i:75))
2025-04-24 14:03:20,907 [grpc-default-executor-2] INFO  impl.VoteContext (VoteContext.java:log(49)) - omNode-2@group-523986131536-FOLLOWER: accept PRE_VOTE from omNode-1: our priority 0 <= candidate's priority 0
2025-04-24 14:03:20,908 [grpc-default-executor-2] INFO  server.RaftServer$Division (RaftServerImpl.java:requestVote(1441)) - omNode-2@group-523986131536 replies to PRE_VOTE vote request: omNode-1<-omNode-2#0:OK-t7. Peer's state: omNode-2@group-523986131536:t7, leader=null, voted=omNode-2, raftlog=Memoized:omNode-2@group-523986131536-SegmentedRaftLog:OPENED:c75:last(t:7, i:75), conf=conf: {index: 72, cur=peers:[omNode-3|localhost:15017, omNode-1|localhost:15009, omNode-2|localhost:15013]|listeners:[], old=null}
2025-04-24 14:03:20,908 [grpc-default-executor-0] INFO  server.RaftServer$Division (RaftServerImpl.java:requestVote(1407)) - omNode-3@group-523986131536: receive requestVote(PRE_VOTE, omNode-1, group-523986131536, 7, (t:7, i:75))
2025-04-24 14:03:20,908 [grpc-default-executor-0] INFO  impl.VoteContext (VoteContext.java:log(49)) - omNode-3@group-523986131536-FOLLOWER: accept PRE_VOTE from omNode-1: our last entry (t:6, i:71) < candidate's last entry (t:7, i:75)
2025-04-24 14:03:20,908 [grpc-default-executor-0] INFO  server.RaftServer$Division (RaftServerImpl.java:requestVote(1441)) - omNode-3@group-523986131536 replies to PRE_VOTE vote request: omNode-1<-omNode-3#0:OK-t7. Peer's state: omNode-3@group-523986131536:t7, leader=null, voted=null, raftlog=Memoized:omNode-3@group-523986131536-SegmentedRaftLog:OPENED:c71:last(t:6, i:71), conf=conf: {index: 68, cur=peers:[omNode-3|localhost:15017, omNode-1|localhost:15009, omNode-2|localhost:15013]|listeners:[], old=null}
2025-04-24 14:03:20,909 [omNode-1@group-523986131536-LeaderElection18] INFO  impl.LeaderElection (LeaderElection.java:logAndReturn(90)) - omNode-1@group-523986131536-LeaderElection18: PRE_VOTE PASSED received 1 response(s) and 0 exception(s):
2025-04-24 14:03:20,909 [omNode-1@group-523986131536-LeaderElection18] INFO  impl.LeaderElection (LeaderElection.java:logAndReturn(94)) -   Response 0: omNode-1<-omNode-3#0:OK-t7
2025-04-24 14:03:20,909 [omNode-1@group-523986131536-LeaderElection18] INFO  impl.LeaderElection (LeaderElection.java:askForVotes(334)) - omNode-1@group-523986131536-LeaderElection18 PRE_VOTE round 0: result PASSED
2025-04-24 14:03:20,910 [omNode-1@group-523986131536-LeaderElection18] INFO  impl.LeaderElection (LeaderElection.java:askForVotes(332)) - omNode-1@group-523986131536-LeaderElection18 ELECTION round 0: submit vote requests at term 8 for conf: {index: 72, cur=peers:[omNode-3|localhost:15017, omNode-1|localhost:15009, omNode-2|localhost:15013]|listeners:[], old=null}
2025-04-24 14:03:20,911 [omNode-1@group-523986131536-LeaderElection18] INFO  server.RaftServerConfigKeys (ConfUtils.java:logFallback(53)) - raft.server.rpc.first-election.timeout.min = 1s (fallback to raft.server.rpc.timeout.min)
2025-04-24 14:03:20,911 [omNode-1@group-523986131536-LeaderElection18] INFO  server.RaftServerConfigKeys (ConfUtils.java:logFallback(53)) - raft.server.rpc.first-election.timeout.max = 1200ms (fallback to raft.server.rpc.timeout.max)
2025-04-24 14:03:20,912 [grpc-default-executor-0] INFO  server.RaftServer$Division (RaftServerImpl.java:requestVote(1407)) - omNode-3@group-523986131536: receive requestVote(ELECTION, omNode-1, group-523986131536, 8, (t:7, i:75))
2025-04-24 14:03:20,912 [grpc-default-executor-0] INFO  impl.VoteContext (VoteContext.java:log(49)) - omNode-3@group-523986131536-FOLLOWER: accept ELECTION from omNode-1: our last entry (t:6, i:71) < candidate's last entry (t:7, i:75)
2025-04-24 14:03:20,912 [grpc-default-executor-0] INFO  server.RaftServer$Division (RaftServerImpl.java:setRole(378)) - omNode-3@group-523986131536: changes role from  FOLLOWER to FOLLOWER at term 7 for candidate:omNode-1
2025-04-24 14:03:20,912 [grpc-default-executor-0] INFO  impl.RoleInfo (RoleInfo.java:shutdownFollowerState(121)) - omNode-3: shutdown omNode-3@group-523986131536-FollowerState
2025-04-24 14:03:20,912 [grpc-default-executor-0] INFO  impl.RoleInfo (RoleInfo.java:updateAndGet(148)) - omNode-3: start omNode-3@group-523986131536-FollowerState
2025-04-24 14:03:20,912 [omNode-3@group-523986131536-FollowerState] INFO  impl.FollowerState (FollowerState.java:runImpl(170)) - omNode-3@group-523986131536-FollowerState was interrupted
2025-04-24 14:03:20,912 [grpc-default-executor-2] INFO  server.RaftServer$Division (RaftServerImpl.java:requestVote(1407)) - omNode-2@group-523986131536: receive requestVote(ELECTION, omNode-1, group-523986131536, 8, (t:7, i:75))
2025-04-24 14:03:20,913 [grpc-default-executor-2] INFO  impl.VoteContext (VoteContext.java:log(49)) - omNode-2@group-523986131536-FOLLOWER: accept ELECTION from omNode-1: our priority 0 <= candidate's priority 0
2025-04-24 14:03:20,913 [grpc-default-executor-2] INFO  server.RaftServer$Division (RaftServerImpl.java:setRole(378)) - omNode-2@group-523986131536: changes role from  FOLLOWER to FOLLOWER at term 7 for candidate:omNode-1
2025-04-24 14:03:20,913 [grpc-default-executor-2] INFO  impl.RoleInfo (RoleInfo.java:shutdownFollowerState(121)) - omNode-2: shutdown omNode-2@group-523986131536-FollowerState
2025-04-24 14:03:20,913 [grpc-default-executor-2] INFO  impl.RoleInfo (RoleInfo.java:updateAndGet(148)) - omNode-2: start omNode-2@group-523986131536-FollowerState
2025-04-24 14:03:20,913 [omNode-2@group-523986131536-FollowerState] INFO  impl.FollowerState (FollowerState.java:runImpl(170)) - omNode-2@group-523986131536-FollowerState was interrupted
2025-04-24 14:03:20,913 [omNode-2@group-523986131536-FollowerState] INFO  server.RaftServerConfigKeys (ConfUtils.java:logFallback(53)) - raft.server.rpc.first-election.timeout.min = 1s (fallback to raft.server.rpc.timeout.min)
2025-04-24 14:03:20,913 [omNode-2@group-523986131536-FollowerState] INFO  server.RaftServerConfigKeys (ConfUtils.java:logFallback(53)) - raft.server.rpc.first-election.timeout.max = 1200ms (fallback to raft.server.rpc.timeout.max)
2025-04-24 14:03:20,914 [grpc-default-executor-2] INFO  server.RaftServer$Division (RaftServerImpl.java:setFirstElection(562)) - omNode-2@group-523986131536: set firstElectionSinceStartup to false for candidate:omNode-1
2025-04-24 14:03:20,914 [grpc-default-executor-0] INFO  server.RaftServer$Division (RaftServerImpl.java:requestVote(1441)) - omNode-3@group-523986131536 replies to ELECTION vote request: omNode-1<-omNode-3#0:OK-t8. Peer's state: omNode-3@group-523986131536:t8, leader=null, voted=omNode-1, raftlog=Memoized:omNode-3@group-523986131536-SegmentedRaftLog:OPENED:c71:last(t:6, i:71), conf=conf: {index: 68, cur=peers:[omNode-3|localhost:15017, omNode-1|localhost:15009, omNode-2|localhost:15013]|listeners:[], old=null}
2025-04-24 14:03:20,915 [grpc-default-executor-2] INFO  server.RaftServer$Division (RaftServerImpl.java:requestVote(1441)) - omNode-2@group-523986131536 replies to ELECTION vote request: omNode-1<-omNode-2#0:OK-t8. Peer's state: omNode-2@group-523986131536:t8, leader=null, voted=omNode-1, raftlog=Memoized:omNode-2@group-523986131536-SegmentedRaftLog:OPENED:c75:last(t:7, i:75), conf=conf: {index: 72, cur=peers:[omNode-3|localhost:15017, omNode-1|localhost:15009, omNode-2|localhost:15013]|listeners:[], old=null}
2025-04-24 14:03:20,915 [omNode-1@group-523986131536-LeaderElection18] INFO  impl.LeaderElection (LeaderElection.java:logAndReturn(90)) - omNode-1@group-523986131536-LeaderElection18: ELECTION PASSED received 1 response(s) and 0 exception(s):
2025-04-24 14:03:20,915 [omNode-1@group-523986131536-LeaderElection18] INFO  impl.LeaderElection (LeaderElection.java:logAndReturn(94)) -   Response 0: omNode-1<-omNode-3#0:OK-t8
2025-04-24 14:03:20,915 [omNode-1@group-523986131536-LeaderElection18] INFO  impl.LeaderElection (LeaderElection.java:askForVotes(334)) - omNode-1@group-523986131536-LeaderElection18 ELECTION round 0: result PASSED
2025-04-24 14:03:20,916 [omNode-1@group-523986131536-LeaderElection18] INFO  impl.RoleInfo (RoleInfo.java:shutdownLeaderElection(141)) - omNode-1: shutdown omNode-1@group-523986131536-LeaderElection18
2025-04-24 14:03:20,916 [omNode-1@group-523986131536-LeaderElection18] INFO  server.RaftServer$Division (RaftServerImpl.java:setRole(378)) - omNode-1@group-523986131536: changes role from CANDIDATE to LEADER at term 8 for changeToLeader
2025-04-24 14:03:20,916 [omNode-1@group-523986131536-LeaderElection18] INFO  server.RaftServerConfigKeys (ConfUtils.java:logGet(46)) - raft.server.staging.catchup.gap = 1000 (default)
2025-04-24 14:03:20,916 [omNode-1@group-523986131536-LeaderElection18] INFO  server.RaftServerConfigKeys (ConfUtils.java:logGet(46)) - raft.server.write.element-limit = 4096 (default)
2025-04-24 14:03:20,916 [omNode-1@group-523986131536-LeaderElection18] INFO  server.RaftServerConfigKeys (ConfUtils.java:logGet(46)) - raft.server.write.byte-limit = 64MB (=67108864) (default)
2025-04-24 14:03:20,916 [omNode-1@group-523986131536-LeaderElection18] INFO  server.RaftServerConfigKeys (ConfUtils.java:logGet(46)) - raft.server.watch.timeout = 10s (default)
2025-04-24 14:03:20,916 [omNode-1@group-523986131536-LeaderElection18] INFO  server.RaftServerConfigKeys (ConfUtils.java:logGet(46)) - raft.server.watch.timeout.denomination = 1s (default)
2025-04-24 14:03:20,916 [omNode-1@group-523986131536-LeaderElection18] INFO  server.RaftServerConfigKeys (ConfUtils.java:logGet(46)) - raft.server.watch.element-limit = 65536 (default)
2025-04-24 14:03:20,917 [omNode-1@group-523986131536-LeaderElection18] INFO  server.RaftServerConfigKeys (ConfUtils.java:logGet(46)) - raft.server.read.leader.lease.enabled = false (default)
2025-04-24 14:03:20,917 [omNode-1@group-523986131536-LeaderElection18] INFO  server.RaftServerConfigKeys (ConfUtils.java:logGet(46)) - raft.server.read.leader.lease.timeout.ratio = 0.9 (default)
2025-04-24 14:03:20,917 [omNode-1@group-523986131536-LeaderElection18] INFO  server.RaftServerConfigKeys (ConfUtils.java:logGet(46)) - raft.server.rpc.timeout.min = 1s (custom)
2025-04-24 14:03:20,917 [omNode-1@group-523986131536-LeaderElection18] INFO  server.RaftServerConfigKeys (ConfUtils.java:logGet(46)) - raft.server.log.log-metadata.enabled = true (default)
2025-04-24 14:03:20,917 [omNode-1@group-523986131536-LeaderElection18] INFO  server.RaftServerConfigKeys (ConfUtils.java:logGet(46)) - raft.server.write.element-limit = 4096 (default)
2025-04-24 14:03:20,917 [omNode-1@group-523986131536-LeaderElection18] INFO  server.RaftServerConfigKeys (ConfUtils.java:logGet(46)) - raft.server.write.follower.gap.ratio.max = -1.0 (default)
2025-04-24 14:03:20,918 [omNode-1@group-523986131536-LeaderElection18] INFO  server.RaftServerConfigKeys (ConfUtils.java:logGet(46)) - raft.server.log.appender.snapshot.chunk.size.max = 16MB (=16777216) (default)
2025-04-24 14:03:20,918 [omNode-1@group-523986131536-LeaderElection18] INFO  server.RaftServerConfigKeys (ConfUtils.java:logGet(46)) - raft.server.log.appender.buffer.byte-limit = 4194304 (custom)
2025-04-24 14:03:20,918 [omNode-1@group-523986131536-LeaderElection18] INFO  server.RaftServerConfigKeys (ConfUtils.java:logGet(46)) - raft.server.log.appender.buffer.element-limit = 1024 (custom)
2025-04-24 14:03:20,918 [omNode-1@group-523986131536-LeaderElection18] INFO  server.RaftServerConfigKeys (ConfUtils.java:logGet(46)) - raft.server.log.appender.wait-time.min = 0ms (custom)
2025-04-24 14:03:20,918 [omNode-1@group-523986131536-LeaderElection18] INFO  grpc.GrpcConfigKeys (ConfUtils.java:logGet(46)) - raft.grpc.server.leader.outstanding.appends.max = 8 (default)
2025-04-24 14:03:20,918 [omNode-1@group-523986131536-LeaderElection18] INFO  server.RaftServerConfigKeys (ConfUtils.java:logGet(46)) - raft.server.rpc.request.timeout = 3000ms (default)
2025-04-24 14:03:20,918 [omNode-1@group-523986131536-LeaderElection18] INFO  grpc.GrpcConfigKeys (ConfUtils.java:logGet(46)) - raft.grpc.server.install_snapshot.request.element-limit = 8 (default)
2025-04-24 14:03:20,918 [omNode-1@group-523986131536-LeaderElection18] INFO  grpc.GrpcConfigKeys (ConfUtils.java:logGet(46)) - raft.grpc.server.install_snapshot.request.timeout = 3000ms (default)
2025-04-24 14:03:20,918 [omNode-1@group-523986131536-LeaderElection18] INFO  grpc.GrpcConfigKeys (ConfUtils.java:logGet(46)) - raft.grpc.server.log-message.batch.duration = 5s (default)
2025-04-24 14:03:20,918 [omNode-1@group-523986131536-LeaderElection18] INFO  server.RaftServerConfigKeys (ConfUtils.java:logGet(46)) - raft.server.log.appender.install.snapshot.enabled = false (custom)
2025-04-24 14:03:20,918 [omNode-1@group-523986131536-LeaderElection18] INFO  grpc.GrpcConfigKeys (ConfUtils.java:logGet(46)) - raft.grpc.server.heartbeat.channel = true (default)
2025-04-24 14:03:20,919 [omNode-1@group-523986131536-LeaderElection18] INFO  server.RaftServerConfigKeys (ConfUtils.java:logGet(46)) - raft.server.log.appender.snapshot.chunk.size.max = 16MB (=16777216) (default)
2025-04-24 14:03:20,919 [omNode-1@group-523986131536-LeaderElection18] INFO  server.RaftServerConfigKeys (ConfUtils.java:logGet(46)) - raft.server.log.appender.buffer.byte-limit = 4194304 (custom)
2025-04-24 14:03:20,919 [omNode-1@group-523986131536-LeaderElection18] INFO  server.RaftServerConfigKeys (ConfUtils.java:logGet(46)) - raft.server.log.appender.buffer.element-limit = 1024 (custom)
2025-04-24 14:03:20,919 [omNode-1@group-523986131536-LeaderElection18] INFO  server.RaftServerConfigKeys (ConfUtils.java:logGet(46)) - raft.server.log.appender.wait-time.min = 0ms (custom)
2025-04-24 14:03:20,919 [omNode-1@group-523986131536-LeaderElection18] INFO  grpc.GrpcConfigKeys (ConfUtils.java:logGet(46)) - raft.grpc.server.leader.outstanding.appends.max = 8 (default)
2025-04-24 14:03:20,919 [omNode-1@group-523986131536-LeaderElection18] INFO  server.RaftServerConfigKeys (ConfUtils.java:logGet(46)) - raft.server.rpc.request.timeout = 3000ms (default)
2025-04-24 14:03:20,919 [omNode-1@group-523986131536-LeaderElection18] INFO  grpc.GrpcConfigKeys (ConfUtils.java:logGet(46)) - raft.grpc.server.install_snapshot.request.element-limit = 8 (default)
2025-04-24 14:03:20,920 [omNode-1@group-523986131536-LeaderElection18] INFO  grpc.GrpcConfigKeys (ConfUtils.java:logGet(46)) - raft.grpc.server.install_snapshot.request.timeout = 3000ms (default)
2025-04-24 14:03:20,920 [omNode-1@group-523986131536-LeaderElection18] INFO  grpc.GrpcConfigKeys (ConfUtils.java:logGet(46)) - raft.grpc.server.log-message.batch.duration = 5s (default)
2025-04-24 14:03:20,920 [omNode-1@group-523986131536-LeaderElection18] INFO  server.RaftServerConfigKeys (ConfUtils.java:logGet(46)) - raft.server.log.appender.install.snapshot.enabled = false (custom)
2025-04-24 14:03:20,920 [omNode-1@group-523986131536-LeaderElection18] INFO  grpc.GrpcConfigKeys (ConfUtils.java:logGet(46)) - raft.grpc.server.heartbeat.channel = true (default)
2025-04-24 14:03:20,920 [omNode-1@group-523986131536-LeaderElection18] INFO  impl.RoleInfo (RoleInfo.java:updateAndGet(148)) - omNode-1: start omNode-1@group-523986131536-LeaderStateImpl
2025-04-24 14:03:20,920 [omNode-1@group-523986131536-LeaderElection18] INFO  server.RaftServer$Division (RaftServerImpl.java:setFirstElection(562)) - omNode-1@group-523986131536: set firstElectionSinceStartup to false for becomeLeader
2025-04-24 14:03:20,920 [omNode-1@group-523986131536-LeaderElection18] INFO  ratis.OzoneManagerStateMachine (OzoneManagerStateMachine.java:notifyLeaderChanged(169)) - omNode-1@group-523986131536: leader changed to omNode-1
2025-04-24 14:03:20,920 [omNode-1@group-523986131536-LeaderElection18] INFO  server.RaftServer$Division (ServerState.java:setLeader(272)) - omNode-1@group-523986131536: change Leader from null to omNode-1 at term 8 for becomeLeader, leader elected after 1186ms
2025-04-24 14:03:20,920 [omNode-1@group-523986131536-LeaderElection18] INFO  segmented.SegmentedRaftLogWorker (SegmentedRaftLogWorker.java:rollLogSegment(443)) - omNode-1@group-523986131536-SegmentedRaftLogWorker: Rolling segment log-72_75 to index:75
2025-04-24 14:03:20,921 [omNode-1@group-523986131536-LeaderElection18] INFO  server.RaftServer$Division (ServerState.java:setRaftConf(386)) - omNode-1@group-523986131536: set configuration conf: {index: 76, cur=peers:[omNode-3|localhost:15017, omNode-1|localhost:15009, omNode-2|localhost:15013]|listeners:[], old=null}
2025-04-24 14:03:20,921 [omNode-1@group-523986131536-SegmentedRaftLogWorker] INFO  segmented.SegmentedRaftLogWorker (SegmentedRaftLogWorker.java:execute(601)) - omNode-1@group-523986131536-SegmentedRaftLogWorker: Rolled log segment from /home/runner/work/ozone/ozone/hadoop-ozone/integration-test/target/test-dir/MiniOzoneClusterImpl-4e6105ad-12bc-4f18-9d37-351d73277e17/omNode-1/ratis/c9bc4cf4-3bc3-3c60-a66b-523986131536/current/log_inprogress_72 to /home/runner/work/ozone/ozone/hadoop-ozone/integration-test/target/test-dir/MiniOzoneClusterImpl-4e6105ad-12bc-4f18-9d37-351d73277e17/omNode-1/ratis/c9bc4cf4-3bc3-3c60-a66b-523986131536/current/log_72-75
2025-04-24 14:03:20,922 [omNode-1@group-523986131536-SegmentedRaftLogWorker] INFO  segmented.BufferedWriteChannel (BufferedWriteChannel.java:open(61)) - open log_inprogress_76 at position 0
2025-04-24 14:03:20,926 [omNode-3-server-thread1] INFO  ratis.OzoneManagerStateMachine (OzoneManagerStateMachine.java:notifyLeaderChanged(169)) - omNode-3@group-523986131536: leader changed to omNode-1
2025-04-24 14:03:20,926 [omNode-3-server-thread1] INFO  server.RaftServer$Division (ServerState.java:setLeader(272)) - omNode-3@group-523986131536: change Leader from null to omNode-1 at term 8 for appendEntries, leader elected after 1610ms
2025-04-24 14:03:20,926 [omNode-3-server-thread1] INFO  server.RaftServer$Division (RaftServerImpl.java:checkInconsistentAppendEntries(1648)) - omNode-3@group-523986131536: Failed appendEntries as previous log entry ((t:7, i:75)) is not found
2025-04-24 14:03:20,927 [omNode-3-server-thread1] INFO  server.RaftServer$Division (RaftServerImpl.java:appendEntriesAsync(1580)) - omNode-3@group-523986131536: appendEntries* reply omNode-1<-omNode-3#0:FAIL-t8,INCONSISTENCY,nextIndex=72,followerCommit=71,matchIndex=-1
2025-04-24 14:03:20,927 [omNode-2-server-thread1] INFO  ratis.OzoneManagerStateMachine (OzoneManagerStateMachine.java:notifyLeaderChanged(169)) - omNode-2@group-523986131536: leader changed to omNode-1
2025-04-24 14:03:20,927 [omNode-2-server-thread1] INFO  server.RaftServer$Division (ServerState.java:setLeader(272)) - omNode-2@group-523986131536: change Leader from null to omNode-1 at term 8 for appendEntries, leader elected after 775ms
2025-04-24 14:03:20,928 [omNode-3-server-thread1] INFO  server.RaftServer$Division (RaftServerImpl.java:checkInconsistentAppendEntries(1648)) - omNode-3@group-523986131536: Failed appendEntries as previous log entry ((t:7, i:75)) is not found
2025-04-24 14:03:20,928 [omNode-3-server-thread1] INFO  server.RaftServer$Division (RaftServerImpl.java:appendEntriesAsync(1580)) - omNode-3@group-523986131536: appendEntries* reply omNode-1<-omNode-3#1:FAIL-t8,INCONSISTENCY,nextIndex=72,followerCommit=71,matchIndex=-1
2025-04-24 14:03:20,928 [omNode-2-server-thread2] INFO  server.RaftServer$Division (ServerState.java:setRaftConf(386)) - omNode-2@group-523986131536: set configuration conf: {index: 76, cur=peers:[omNode-3|localhost:15017, omNode-1|localhost:15009, omNode-2|localhost:15013]|listeners:[], old=null}
2025-04-24 14:03:20,928 [omNode-2-server-thread2] INFO  segmented.SegmentedRaftLogWorker (SegmentedRaftLogWorker.java:rollLogSegment(443)) - omNode-2@group-523986131536-SegmentedRaftLogWorker: Rolling segment log-72_75 to index:75
2025-04-24 14:03:20,930 [grpc-default-executor-2] WARN  server.GrpcLogAppender (GrpcLogAppender.java:onNextImpl(519)) - omNode-1@group-523986131536->omNode-3-AppendLogResponseHandler: received INCONSISTENCY reply with nextIndex 72, errorCount=2, request=AppendEntriesRequest:cid=0,entriesCount=0
2025-04-24 14:03:20,930 [grpc-default-executor-2] INFO  leader.FollowerInfo (FollowerInfoImpl.java:info(70)) - omNode-1@group-523986131536->omNode-3: setNextIndex nextIndex: updateUnconditionally 77 -> 72
2025-04-24 14:03:20,931 [grpc-default-executor-4] WARN  server.GrpcLogAppender (GrpcLogAppender.java:onNextImpl(519)) - omNode-1@group-523986131536->omNode-3-AppendLogResponseHandler: received INCONSISTENCY reply with nextIndex 72, errorCount=1, request=AppendEntriesRequest:cid=1,entriesCount=1,entry=(t:8, i:76)
2025-04-24 14:03:20,931 [omNode-2@group-523986131536-SegmentedRaftLogWorker] INFO  segmented.SegmentedRaftLogWorker (SegmentedRaftLogWorker.java:execute(601)) - omNode-2@group-523986131536-SegmentedRaftLogWorker: Rolled log segment from /home/runner/work/ozone/ozone/hadoop-ozone/integration-test/target/test-dir/MiniOzoneClusterImpl-4e6105ad-12bc-4f18-9d37-351d73277e17/omNode-2/ratis/c9bc4cf4-3bc3-3c60-a66b-523986131536/current/log_inprogress_72 to /home/runner/work/ozone/ozone/hadoop-ozone/integration-test/target/test-dir/MiniOzoneClusterImpl-4e6105ad-12bc-4f18-9d37-351d73277e17/omNode-2/ratis/c9bc4cf4-3bc3-3c60-a66b-523986131536/current/log_72-75
2025-04-24 14:03:20,932 [grpc-default-executor-4] INFO  leader.FollowerInfo (FollowerInfoImpl.java:info(70)) - omNode-1@group-523986131536->omNode-3: setNextIndex nextIndex: updateUnconditionally 77 -> 72
2025-04-24 14:03:20,931 [omNode-3-server-thread1] INFO  server.RaftServer$Division (ServerState.java:setRaftConf(386)) - omNode-3@group-523986131536: set configuration conf: {index: 72, cur=peers:[omNode-3|localhost:15017, omNode-1|localhost:15009, omNode-2|localhost:15013]|listeners:[], old=null}
2025-04-24 14:03:20,932 [omNode-3-server-thread1] INFO  server.RaftServer$Division (ServerState.java:setRaftConf(386)) - omNode-3@group-523986131536: set configuration conf: {index: 76, cur=peers:[omNode-3|localhost:15017, omNode-1|localhost:15009, omNode-2|localhost:15013]|listeners:[], old=null}
2025-04-24 14:03:20,932 [omNode-3-server-thread1] INFO  segmented.SegmentedRaftLogWorker (SegmentedRaftLogWorker.java:rollLogSegment(443)) - omNode-3@group-523986131536-SegmentedRaftLogWorker: Rolling segment log-68_71 to index:71
2025-04-24 14:03:20,932 [omNode-2@group-523986131536-SegmentedRaftLogWorker] INFO  segmented.BufferedWriteChannel (BufferedWriteChannel.java:open(61)) - open log_inprogress_76 at position 0
2025-04-24 14:03:20,933 [omNode-3@group-523986131536-SegmentedRaftLogWorker] INFO  segmented.SegmentedRaftLogWorker (SegmentedRaftLogWorker.java:execute(601)) - omNode-3@group-523986131536-SegmentedRaftLogWorker: Rolled log segment from /home/runner/work/ozone/ozone/hadoop-ozone/integration-test/target/test-dir/MiniOzoneClusterImpl-4e6105ad-12bc-4f18-9d37-351d73277e17/omNode-3/ratis/c9bc4cf4-3bc3-3c60-a66b-523986131536/current/log_inprogress_68 to /home/runner/work/ozone/ozone/hadoop-ozone/integration-test/target/test-dir/MiniOzoneClusterImpl-4e6105ad-12bc-4f18-9d37-351d73277e17/omNode-3/ratis/c9bc4cf4-3bc3-3c60-a66b-523986131536/current/log_68-71
2025-04-24 14:03:20,933 [omNode-3@group-523986131536-SegmentedRaftLogWorker] INFO  segmented.BufferedWriteChannel (BufferedWriteChannel.java:open(61)) - open log_inprogress_72 at position 0
2025-04-24 14:03:20,933 [omNode-3-server-thread1] INFO  segmented.SegmentedRaftLogWorker (SegmentedRaftLogWorker.java:rollLogSegment(443)) - omNode-3@group-523986131536-SegmentedRaftLogWorker: Rolling segment log-72_75 to index:75
2025-04-24 14:03:20,934 [omNode-3-server-thread1] INFO  server.RaftServer$Division (ServerState.java:setRaftConf(386)) - omNode-3@group-523986131536: set configuration conf: {index: 72, cur=peers:[omNode-3|localhost:15017, omNode-1|localhost:15009, omNode-2|localhost:15013]|listeners:[], old=null}
2025-04-24 14:03:20,934 [omNode-3-server-thread1] INFO  server.RaftServer$Division (ServerState.java:setRaftConf(386)) - omNode-3@group-523986131536: set configuration conf: {index: 76, cur=peers:[omNode-3|localhost:15017, omNode-1|localhost:15009, omNode-2|localhost:15013]|listeners:[], old=null}
2025-04-24 14:03:20,935 [omNode-1@group-523986131536-SegmentedRaftLogWorker] INFO  segmented.SegmentedRaftLogWorker (SegmentedRaftLogWorker.java:execute(644)) - omNode-1@group-523986131536-SegmentedRaftLogWorker: created new log segment /home/runner/work/ozone/ozone/hadoop-ozone/integration-test/target/test-dir/MiniOzoneClusterImpl-4e6105ad-12bc-4f18-9d37-351d73277e17/omNode-1/ratis/c9bc4cf4-3bc3-3c60-a66b-523986131536/current/log_inprogress_76
2025-04-24 14:03:20,945 [omNode-2@group-523986131536-SegmentedRaftLogWorker] INFO  segmented.SegmentedRaftLogWorker (SegmentedRaftLogWorker.java:execute(644)) - omNode-2@group-523986131536-SegmentedRaftLogWorker: created new log segment /home/runner/work/ozone/ozone/hadoop-ozone/integration-test/target/test-dir/MiniOzoneClusterImpl-4e6105ad-12bc-4f18-9d37-351d73277e17/omNode-2/ratis/c9bc4cf4-3bc3-3c60-a66b-523986131536/current/log_inprogress_76
2025-04-24 14:03:20,946 [omNode-3@group-523986131536-SegmentedRaftLogWorker] INFO  segmented.SegmentedRaftLogWorker (SegmentedRaftLogWorker.java:execute(644)) - omNode-3@group-523986131536-SegmentedRaftLogWorker: created new log segment /home/runner/work/ozone/ozone/hadoop-ozone/integration-test/target/test-dir/MiniOzoneClusterImpl-4e6105ad-12bc-4f18-9d37-351d73277e17/omNode-3/ratis/c9bc4cf4-3bc3-3c60-a66b-523986131536/current/log_inprogress_72
2025-04-24 14:03:20,948 [omNode-1@group-523986131536-StateMachineUpdater] INFO  ratis.OzoneManagerStateMachine (OzoneManagerStateMachine.java:notifyConfigurationChanged(231)) - notifyConfigurationChanged from Ratis: term=8, index=76, New Peer list: omNode-3(localhost:15017), omNode-1(localhost:15009), omNode-2(localhost:15013)
2025-04-24 14:03:20,948 [omNode-1@group-523986131536-StateMachineUpdater] INFO  server.RaftServer$Division (LeaderStateImpl.java:checkStartIndex(313)) - Leader omNode-1@group-523986131536-LeaderStateImpl is ready since appliedIndex == startIndex == 76
2025-04-24 14:03:20,949 [omNode-3@group-523986131536-SegmentedRaftLogWorker] INFO  segmented.SegmentedRaftLogWorker (SegmentedRaftLogWorker.java:execute(601)) - omNode-3@group-523986131536-SegmentedRaftLogWorker: Rolled log segment from /home/runner/work/ozone/ozone/hadoop-ozone/integration-test/target/test-dir/MiniOzoneClusterImpl-4e6105ad-12bc-4f18-9d37-351d73277e17/omNode-3/ratis/c9bc4cf4-3bc3-3c60-a66b-523986131536/current/log_inprogress_72 to /home/runner/work/ozone/ozone/hadoop-ozone/integration-test/target/test-dir/MiniOzoneClusterImpl-4e6105ad-12bc-4f18-9d37-351d73277e17/omNode-3/ratis/c9bc4cf4-3bc3-3c60-a66b-523986131536/current/log_72-75
2025-04-24 14:03:20,949 [omNode-3@group-523986131536-SegmentedRaftLogWorker] INFO  segmented.BufferedWriteChannel (BufferedWriteChannel.java:open(61)) - open log_inprogress_76 at position 0
2025-04-24 14:03:20,950 [omNode-2@group-523986131536-StateMachineUpdater] INFO  ratis.OzoneManagerStateMachine (OzoneManagerStateMachine.java:notifyConfigurationChanged(231)) - notifyConfigurationChanged from Ratis: term=8, index=76, New Peer list: omNode-3(localhost:15017), omNode-1(localhost:15009), omNode-2(localhost:15013)
2025-04-24 14:03:20,950 [main] INFO  rpc.RpcClient (RpcClient.java:createVolume(462)) - Creating Volume: volume0652e1d8-2a19-48fb-b90f-9859f3f69c63, with user10905 as owner and space quota set to -1 bytes, counts quota set to -1
2025-04-24 14:03:20,951 [main] INFO  retry.RetryInvocationHandler (RetryInvocationHandler.java:log(426)) - com.google.protobuf.ServiceException: java.io.EOFException: End of File Exception between local host is: "fv-az2210-761/10.1.0.107"; destination host is: "localhost":15010; : java.io.EOFException; For more details see:  http://wiki.apache.org/hadoop/EOFException, while invoking $Proxy68.submitRequest over nodeId=omNode-2,nodeAddress=127.0.0.1:15010. Trying to failover immediately. Current retry count: 0.
2025-04-24 14:03:20,955 [main] INFO  retry.RetryInvocationHandler (RetryInvocationHandler.java:log(426)) - com.google.protobuf.ServiceException: org.apache.hadoop.ipc.RemoteException(org.apache.hadoop.ozone.om.exceptions.OMNotLeaderException): OM:omNode-3 is not the leader. Suggested leader is OM:omNode-1[localhost/127.0.0.1].
	at org.apache.hadoop.ozone.om.ratis.OzoneManagerRatisServer.newOMNotLeaderException(OzoneManagerRatisServer.java:813)
	at org.apache.hadoop.ozone.om.OzoneManager.checkLeaderStatus(OzoneManager.java:4355)
	at org.apache.hadoop.ozone.om.ratis.utils.OzoneManagerRatisUtils.checkLeaderStatus(OzoneManagerRatisUtils.java:500)
	at org.apache.hadoop.ozone.protocolPB.OzoneManagerProtocolServerSideTranslatorPB.internalProcessRequest(OzoneManagerProtocolServerSideTranslatorPB.java:165)
	at org.apache.hadoop.ozone.protocolPB.OzoneManagerProtocolServerSideTranslatorPB.processRequest(OzoneManagerProtocolServerSideTranslatorPB.java:125)
	at org.apache.hadoop.hdds.server.OzoneProtocolMessageDispatcher.processRequest(OzoneProtocolMessageDispatcher.java:87)
	at org.apache.hadoop.ozone.protocolPB.OzoneManagerProtocolServerSideTranslatorPB.submitRequest(OzoneManagerProtocolServerSideTranslatorPB.java:116)
	at org.apache.hadoop.ozone.protocol.proto.OzoneManagerProtocolProtos$OzoneManagerService$2.callBlockingMethod(OzoneManagerProtocolProtos.java)
	at org.apache.hadoop.ipc.ProtobufRpcEngine$Server.processCall(ProtobufRpcEngine.java:484)
	at org.apache.hadoop.ipc.ProtobufRpcEngine2$Server$ProtoBufRpcInvoker.call(ProtobufRpcEngine2.java:595)
	at org.apache.hadoop.ipc.ProtobufRpcEngine2$Server$ProtoBufRpcInvoker.call(ProtobufRpcEngine2.java:573)
	at org.apache.hadoop.ipc.RPC$Server.call(RPC.java:1227)
	at org.apache.hadoop.ipc.Server$RpcCall.run(Server.java:1246)
	at org.apache.hadoop.ipc.Server$RpcCall.run(Server.java:1169)
	at java.base/java.security.AccessController.doPrivileged(AccessController.java:714)
	at java.base/javax.security.auth.Subject.doAs(Subject.java:525)
	at org.apache.hadoop.security.UserGroupInformation.doAs(UserGroupInformation.java:1953)
	at org.apache.hadoop.ipc.Server$Handler.run(Server.java:3198)
, while invoking $Proxy68.submitRequest over nodeId=omNode-3,nodeAddress=127.0.0.1:15014 after 1 failover attempts. Trying to failover after sleeping for 2000ms. Current retry count: 1.
2025-04-24 14:03:20,959 [omNode-3@group-523986131536-SegmentedRaftLogWorker] INFO  segmented.SegmentedRaftLogWorker (SegmentedRaftLogWorker.java:execute(644)) - omNode-3@group-523986131536-SegmentedRaftLogWorker: created new log segment /home/runner/work/ozone/ozone/hadoop-ozone/integration-test/target/test-dir/MiniOzoneClusterImpl-4e6105ad-12bc-4f18-9d37-351d73277e17/omNode-3/ratis/c9bc4cf4-3bc3-3c60-a66b-523986131536/current/log_inprogress_76
2025-04-24 14:03:20,960 [omNode-3@group-523986131536-StateMachineUpdater] INFO  ratis.OzoneManagerStateMachine (OzoneManagerStateMachine.java:notifyConfigurationChanged(231)) - notifyConfigurationChanged from Ratis: term=7, index=72, New Peer list: omNode-3(localhost:15017), omNode-1(localhost:15009), omNode-2(localhost:15013)
2025-04-24 14:03:20,963 [omNode-3@group-523986131536-StateMachineUpdater] INFO  ratis.OzoneManagerStateMachine (OzoneManagerStateMachine.java:notifyConfigurationChanged(231)) - notifyConfigurationChanged from Ratis: term=8, index=76, New Peer list: omNode-3(localhost:15017), omNode-1(localhost:15009), omNode-2(localhost:15013)
2025-04-24 14:03:20,964 [omNode-3-OMStateMachineApplyTransactionThread - 0] WARN  helpers.OzoneAclUtil (OzoneAclUtil.java:getDefaultAclList(77)) - Failed to get primary group from user user41834 (auth:SIMPLE)
2025-04-24 14:03:20,964 [omNode-3-OMStateMachineApplyTransactionThread - 0] INFO  volume.OMVolumeCreateRequest (OMVolumeCreateRequest.java:validateAndUpdateCache(203)) - created volume:volume92506 for user:user41834
2025-04-24 14:03:22,246 [timer7] WARN  server.GrpcLogAppender (GrpcLogAppender.java:lambda$resetClient$1(221)) - omNode-2@group-523986131536->omNode-1-GrpcLogAppender: Follower failed (request=null, errorCount=6); keep nextIndex (76) unchanged and retry. (Repeated 6 times in the last 5.000s)
2025-04-24 14:03:22,247 [timer6] WARN  server.GrpcLogAppender (LogUtils.java:warn(121)) - omNode-2@group-523986131536->omNode-1-AppendLogResponseHandler: Failed appendEntries (Repeated 6 times in the last 5.001s): org.apache.ratis.thirdparty.io.grpc.StatusRuntimeException: UNAVAILABLE: io exception
2025-04-24 14:03:22,955 [main] INFO  retry.RetryInvocationHandler (RetryInvocationHandler.java:log(426)) - com.google.protobuf.ServiceException: java.io.EOFException: End of File Exception between local host is: "fv-az2210-761/10.1.0.107"; destination host is: "localhost":15006; : java.io.EOFException; For more details see:  http://wiki.apache.org/hadoop/EOFException, while invoking $Proxy68.submitRequest over nodeId=omNode-1,nodeAddress=127.0.0.1:15006 after 2 failover attempts. Trying to failover immediately. Current retry count: 2.
2025-04-24 14:03:22,958 [main] INFO  retry.RetryInvocationHandler (RetryInvocationHandler.java:log(426)) - com.google.protobuf.ServiceException: org.apache.hadoop.ipc.RemoteException(org.apache.hadoop.ozone.om.exceptions.OMNotLeaderException): OM:omNode-2 is not the leader. Suggested leader is OM:omNode-1[localhost/127.0.0.1].
	at org.apache.hadoop.ozone.om.ratis.OzoneManagerRatisServer.newOMNotLeaderException(OzoneManagerRatisServer.java:813)
	at org.apache.hadoop.ozone.om.OzoneManager.checkLeaderStatus(OzoneManager.java:4355)
	at org.apache.hadoop.ozone.om.ratis.utils.OzoneManagerRatisUtils.checkLeaderStatus(OzoneManagerRatisUtils.java:500)
	at org.apache.hadoop.ozone.protocolPB.OzoneManagerProtocolServerSideTranslatorPB.internalProcessRequest(OzoneManagerProtocolServerSideTranslatorPB.java:165)
	at org.apache.hadoop.ozone.protocolPB.OzoneManagerProtocolServerSideTranslatorPB.processRequest(OzoneManagerProtocolServerSideTranslatorPB.java:125)
	at org.apache.hadoop.hdds.server.OzoneProtocolMessageDispatcher.processRequest(OzoneProtocolMessageDispatcher.java:87)
	at org.apache.hadoop.ozone.protocolPB.OzoneManagerProtocolServerSideTranslatorPB.submitRequest(OzoneManagerProtocolServerSideTranslatorPB.java:116)
	at org.apache.hadoop.ozone.protocol.proto.OzoneManagerProtocolProtos$OzoneManagerService$2.callBlockingMethod(OzoneManagerProtocolProtos.java)
	at org.apache.hadoop.ipc.ProtobufRpcEngine$Server.processCall(ProtobufRpcEngine.java:484)
	at org.apache.hadoop.ipc.ProtobufRpcEngine2$Server$ProtoBufRpcInvoker.call(ProtobufRpcEngine2.java:595)
	at org.apache.hadoop.ipc.ProtobufRpcEngine2$Server$ProtoBufRpcInvoker.call(ProtobufRpcEngine2.java:573)
	at org.apache.hadoop.ipc.RPC$Server.call(RPC.java:1227)
	at org.apache.hadoop.ipc.Server$RpcCall.run(Server.java:1246)
	at org.apache.hadoop.ipc.Server$RpcCall.run(Server.java:1169)
	at java.base/java.security.AccessController.doPrivileged(AccessController.java:714)
	at java.base/javax.security.auth.Subject.doAs(Subject.java:525)
	at org.apache.hadoop.security.UserGroupInformation.doAs(UserGroupInformation.java:1953)
	at org.apache.hadoop.ipc.Server$Handler.run(Server.java:3198)
, while invoking $Proxy68.submitRequest over nodeId=omNode-2,nodeAddress=127.0.0.1:15010 after 3 failover attempts. Trying to failover immediately. Current retry count: 3.
2025-04-24 14:03:22,959 [main] INFO  retry.RetryInvocationHandler (RetryInvocationHandler.java:log(426)) - com.google.protobuf.ServiceException: org.apache.hadoop.ipc.RemoteException(org.apache.hadoop.ozone.om.exceptions.OMNotLeaderException): OM:omNode-3 is not the leader. Suggested leader is OM:omNode-1[localhost/127.0.0.1].
	at org.apache.hadoop.ozone.om.ratis.OzoneManagerRatisServer.newOMNotLeaderException(OzoneManagerRatisServer.java:813)
	at org.apache.hadoop.ozone.om.OzoneManager.checkLeaderStatus(OzoneManager.java:4355)
	at org.apache.hadoop.ozone.om.ratis.utils.OzoneManagerRatisUtils.checkLeaderStatus(OzoneManagerRatisUtils.java:500)
	at org.apache.hadoop.ozone.protocolPB.OzoneManagerProtocolServerSideTranslatorPB.internalProcessRequest(OzoneManagerProtocolServerSideTranslatorPB.java:165)
	at org.apache.hadoop.ozone.protocolPB.OzoneManagerProtocolServerSideTranslatorPB.processRequest(OzoneManagerProtocolServerSideTranslatorPB.java:125)
	at org.apache.hadoop.hdds.server.OzoneProtocolMessageDispatcher.processRequest(OzoneProtocolMessageDispatcher.java:87)
	at org.apache.hadoop.ozone.protocolPB.OzoneManagerProtocolServerSideTranslatorPB.submitRequest(OzoneManagerProtocolServerSideTranslatorPB.java:116)
	at org.apache.hadoop.ozone.protocol.proto.OzoneManagerProtocolProtos$OzoneManagerService$2.callBlockingMethod(OzoneManagerProtocolProtos.java)
	at org.apache.hadoop.ipc.ProtobufRpcEngine$Server.processCall(ProtobufRpcEngine.java:484)
	at org.apache.hadoop.ipc.ProtobufRpcEngine2$Server$ProtoBufRpcInvoker.call(ProtobufRpcEngine2.java:595)
	at org.apache.hadoop.ipc.ProtobufRpcEngine2$Server$ProtoBufRpcInvoker.call(ProtobufRpcEngine2.java:573)
	at org.apache.hadoop.ipc.RPC$Server.call(RPC.java:1227)
	at org.apache.hadoop.ipc.Server$RpcCall.run(Server.java:1246)
	at org.apache.hadoop.ipc.Server$RpcCall.run(Server.java:1169)
	at java.base/java.security.AccessController.doPrivileged(AccessController.java:714)
	at java.base/javax.security.auth.Subject.doAs(Subject.java:525)
	at org.apache.hadoop.security.UserGroupInformation.doAs(UserGroupInformation.java:1953)
	at org.apache.hadoop.ipc.Server$Handler.run(Server.java:3198)
, while invoking $Proxy68.submitRequest over nodeId=omNode-3,nodeAddress=127.0.0.1:15014 after 4 failover attempts. Trying to failover after sleeping for 2000ms. Current retry count: 4.
2025-04-24 14:03:24,973 [omNode-1-OMStateMachineApplyTransactionThread - 0] WARN  helpers.OzoneAclUtil (OzoneAclUtil.java:getDefaultAclList(77)) - Failed to get primary group from user user10905 (auth:SIMPLE)
2025-04-24 14:03:24,973 [omNode-2-OMStateMachineApplyTransactionThread - 0] WARN  helpers.OzoneAclUtil (OzoneAclUtil.java:getDefaultAclList(77)) - Failed to get primary group from user user10905 (auth:SIMPLE)
2025-04-24 14:03:24,974 [omNode-1-OMStateMachineApplyTransactionThread - 0] INFO  volume.OMVolumeCreateRequest (OMVolumeCreateRequest.java:validateAndUpdateCache(203)) - created volume:volume0652e1d8-2a19-48fb-b90f-9859f3f69c63 for user:user10905
2025-04-24 14:03:24,973 [omNode-3-OMStateMachineApplyTransactionThread - 0] WARN  helpers.OzoneAclUtil (OzoneAclUtil.java:getDefaultAclList(77)) - Failed to get primary group from user user10905 (auth:SIMPLE)
2025-04-24 14:03:24,974 [omNode-3-OMStateMachineApplyTransactionThread - 0] INFO  volume.OMVolumeCreateRequest (OMVolumeCreateRequest.java:validateAndUpdateCache(203)) - created volume:volume0652e1d8-2a19-48fb-b90f-9859f3f69c63 for user:user10905
2025-04-24 14:03:24,974 [omNode-2-OMStateMachineApplyTransactionThread - 0] INFO  volume.OMVolumeCreateRequest (OMVolumeCreateRequest.java:validateAndUpdateCache(203)) - created volume:volume0652e1d8-2a19-48fb-b90f-9859f3f69c63 for user:user10905
2025-04-24 14:03:24,977 [main] INFO  rpc.RpcClient (RpcClient.java:createBucket(687)) - Creating Bucket: volume0652e1d8-2a19-48fb-b90f-9859f3f69c63/e48a502c-4ecd-45db-962d-09e426dc73e6, with server-side default bucket layout, runner as owner, Versioning false, Storage Type set to DISK and Encryption set to false, Replication Type set to server-side default replication type, Namespace Quota set to -1, Space Quota set to -1 
2025-04-24 14:03:24,981 [omNode-1-OMStateMachineApplyTransactionThread - 0] INFO  bucket.OMBucketCreateRequest (OMBucketCreateRequest.java:validateAndUpdateCache(291)) - created bucket: e48a502c-4ecd-45db-962d-09e426dc73e6 of layout OBJECT_STORE in volume: volume0652e1d8-2a19-48fb-b90f-9859f3f69c63
2025-04-24 14:03:24,981 [omNode-2-OMStateMachineApplyTransactionThread - 0] INFO  bucket.OMBucketCreateRequest (OMBucketCreateRequest.java:validateAndUpdateCache(291)) - created bucket: e48a502c-4ecd-45db-962d-09e426dc73e6 of layout OBJECT_STORE in volume: volume0652e1d8-2a19-48fb-b90f-9859f3f69c63
2025-04-24 14:03:24,982 [omNode-3-OMStateMachineApplyTransactionThread - 0] INFO  bucket.OMBucketCreateRequest (OMBucketCreateRequest.java:validateAndUpdateCache(291)) - created bucket: e48a502c-4ecd-45db-962d-09e426dc73e6 of layout OBJECT_STORE in volume: volume0652e1d8-2a19-48fb-b90f-9859f3f69c63
2025-04-24 14:03:25,110 [main] INFO  om.OzoneManager (OzoneManager.java:stop(2347)) - omNode-1[localhost:15006]: Stopping Ozone Manager
2025-04-24 14:03:25,110 [main] INFO  ipc.Server (Server.java:stop(3697)) - Stopping server on 15006
2025-04-24 14:03:25,113 [IPC Server listener on 15006] INFO  ipc.Server (Server.java:run(1585)) - Stopping IPC Server listener on 15006
2025-04-24 14:03:25,113 [main] INFO  ratis.OzoneManagerRatisServer (OzoneManagerRatisServer.java:stop(634)) - Stopping org.apache.hadoop.ozone.om.ratis.OzoneManagerRatisServer@ec3b4eb at port 15009
2025-04-24 14:03:25,113 [IPC Server Responder] INFO  ipc.Server (Server.java:run(1718)) - Stopping IPC Server Responder
2025-04-24 14:03:25,113 [main] INFO  server.RaftServer (RaftServerProxy.java:lambda$close$9(417)) - omNode-1: close
2025-04-24 14:03:25,114 [main] INFO  server.GrpcService (GrpcService.java:closeImpl(343)) - omNode-1: shutdown server GrpcServerProtocolService now
2025-04-24 14:03:25,114 [omNode-1-impl-thread1] INFO  server.RaftServer$Division (RaftServerImpl.java:lambda$close$1(513)) - omNode-1@group-523986131536: shutdown
2025-04-24 14:03:25,114 [omNode-1-impl-thread1] INFO  util.JmxRegister (JmxRegister.java:unregister(74)) - Successfully un-registered JMX Bean with object name Ratis:service=RaftServer,group=group-523986131536,id=omNode-1
2025-04-24 14:03:25,114 [omNode-1-impl-thread1] INFO  impl.RoleInfo (RoleInfo.java:shutdownLeaderState(103)) - omNode-1: shutdown omNode-1@group-523986131536-LeaderStateImpl
2025-04-24 14:03:25,114 [omNode-1@group-523986131536->omNode-2-GrpcLogAppender-LogAppenderDaemon] WARN  server.GrpcLogAppender (GrpcLogAppender.java:mayWait(293)) - omNode-1@group-523986131536->omNode-2-GrpcLogAppender: Wait interrupted by java.lang.InterruptedException
2025-04-24 14:03:25,114 [omNode-1@group-523986131536->omNode-3-GrpcLogAppender-LogAppenderDaemon] WARN  server.GrpcLogAppender (GrpcLogAppender.java:mayWait(293)) - omNode-1@group-523986131536->omNode-3-GrpcLogAppender: Wait interrupted by java.lang.InterruptedException
2025-04-24 14:03:25,114 [omNode-1-impl-thread1] INFO  impl.PendingRequests (PendingRequests.java:sendNotLeaderResponses(287)) - omNode-1@group-523986131536-PendingRequests: sendNotLeaderResponses
2025-04-24 14:03:25,114 [Thread-3030] INFO  server.GrpcServerProtocolClient (GrpcServerProtocolClient.java:close(105)) - omNode-3 Close channels
2025-04-24 14:03:25,115 [grpc-default-executor-2] INFO  server.GrpcServerProtocolService (GrpcServerProtocolService.java:onCompleted(157)) - omNode-3: Completed APPEND_ENTRIES, lastRequest: omNode-1->omNode-3#71-t8,previous=(t:8, i:100),leaderCommit=100,initializing? false,entries: size=1, first=(t:8, i:101), METADATAENTRY(c:100)
2025-04-24 14:03:25,115 [grpc-default-executor-2] INFO  server.GrpcServerProtocolService (GrpcServerProtocolService.java:lambda$onCompleted$5(159)) - omNode-3: Completed APPEND_ENTRIES, lastReply: null
2025-04-24 14:03:25,116 [grpc-default-executor-0] INFO  server.GrpcLogAppender (GrpcLogAppender.java:onCompleted(550)) - omNode-1@group-523986131536->omNode-3-AppendLogResponseHandler: follower responses appendEntries COMPLETED
2025-04-24 14:03:25,116 [grpc-default-executor-0] WARN  server.GrpcLogAppender (GrpcLogAppender.java:resetClient(230)) - omNode-1@group-523986131536->omNode-3-GrpcLogAppender: Failed to getClient for omNode-3
org.apache.ratis.protocol.exceptions.AlreadyClosedException: omNode-1 is already CLOSED
	at org.apache.ratis.util.PeerProxyMap$PeerAndProxy.getProxy(PeerProxyMap.java:67)
	at org.apache.ratis.util.PeerProxyMap.getProxy(PeerProxyMap.java:124)
	at org.apache.ratis.grpc.server.GrpcLogAppender.getClient(GrpcLogAppender.java:200)
	at org.apache.ratis.grpc.server.GrpcLogAppender.resetClient(GrpcLogAppender.java:205)
	at org.apache.ratis.grpc.server.GrpcLogAppender.access$800(GrpcLogAppender.java:64)
	at org.apache.ratis.grpc.server.GrpcLogAppender$AppendLogResponseHandler.onCompleted(GrpcLogAppender.java:551)
	at org.apache.ratis.thirdparty.io.grpc.stub.ClientCalls$StreamObserverToCallListenerAdapter.onClose(ClientCalls.java:479)
	at org.apache.ratis.thirdparty.io.grpc.internal.ClientCallImpl.closeObserver(ClientCallImpl.java:567)
	at org.apache.ratis.thirdparty.io.grpc.internal.ClientCallImpl.access$300(ClientCallImpl.java:71)
	at org.apache.ratis.thirdparty.io.grpc.internal.ClientCallImpl$ClientStreamListenerImpl$1StreamClosed.runInternal(ClientCallImpl.java:735)
	at org.apache.ratis.thirdparty.io.grpc.internal.ClientCallImpl$ClientStreamListenerImpl$1StreamClosed.runInContext(ClientCallImpl.java:716)
	at org.apache.ratis.thirdparty.io.grpc.internal.ContextRunnable.run(ContextRunnable.java:37)
	at org.apache.ratis.thirdparty.io.grpc.internal.SerializingExecutor.run(SerializingExecutor.java:133)
	at java.base/java.util.concurrent.ThreadPoolExecutor.runWorker(ThreadPoolExecutor.java:1144)
	at java.base/java.util.concurrent.ThreadPoolExecutor$Worker.run(ThreadPoolExecutor.java:642)
	at java.base/java.lang.Thread.run(Thread.java:1583)
2025-04-24 14:03:25,116 [grpc-default-executor-4] INFO  server.GrpcServerProtocolService (GrpcServerProtocolService.java:onCompleted(157)) - omNode-2: Completed APPEND_ENTRIES, lastRequest: null
2025-04-24 14:03:25,117 [grpc-default-executor-4] INFO  server.GrpcServerProtocolService (GrpcServerProtocolService.java:lambda$onCompleted$5(159)) - omNode-2: Completed APPEND_ENTRIES, lastReply: serverReply {
  requestorId: "omNode-1"
  replyId: "omNode-2"
  raftGroupId {
    id: "\311\274L\364;\303<`\246kR9\206\023\0256"
  }
  callId: 13
  success: true
}
term: 8
nextIndex: 78
followerCommit: 77
matchIndex: 18446744073709551615
isHearbeat: true

2025-04-24 14:03:25,116 [grpc-default-executor-3] INFO  server.GrpcServerProtocolService (GrpcServerProtocolService.java:onCompleted(157)) - omNode-2: Completed APPEND_ENTRIES, lastRequest: omNode-1->omNode-2#72-t8,previous=(t:8, i:100),leaderCommit=100,initializing? false,entries: size=1, first=(t:8, i:101), METADATAENTRY(c:100)
2025-04-24 14:03:25,117 [grpc-default-executor-3] INFO  server.GrpcServerProtocolService (GrpcServerProtocolService.java:lambda$onCompleted$5(159)) - omNode-2: Completed APPEND_ENTRIES, lastReply: null
2025-04-24 14:03:25,117 [grpc-default-executor-2] INFO  server.GrpcLogAppender (GrpcLogAppender.java:onCompleted(550)) - omNode-1@group-523986131536->omNode-2-AppendLogResponseHandler: follower responses appendEntries COMPLETED
2025-04-24 14:03:25,117 [grpc-default-executor-2] WARN  server.GrpcLogAppender (GrpcLogAppender.java:resetClient(230)) - omNode-1@group-523986131536->omNode-2-GrpcLogAppender: Failed to getClient for omNode-2
org.apache.ratis.protocol.exceptions.AlreadyClosedException: omNode-1 is already CLOSED
	at org.apache.ratis.util.PeerProxyMap$PeerAndProxy.getProxy(PeerProxyMap.java:67)
	at org.apache.ratis.util.PeerProxyMap.getProxy(PeerProxyMap.java:124)
	at org.apache.ratis.grpc.server.GrpcLogAppender.getClient(GrpcLogAppender.java:200)
	at org.apache.ratis.grpc.server.GrpcLogAppender.resetClient(GrpcLogAppender.java:205)
	at org.apache.ratis.grpc.server.GrpcLogAppender.access$800(GrpcLogAppender.java:64)
	at org.apache.ratis.grpc.server.GrpcLogAppender$AppendLogResponseHandler.onCompleted(GrpcLogAppender.java:551)
	at org.apache.ratis.thirdparty.io.grpc.stub.ClientCalls$StreamObserverToCallListenerAdapter.onClose(ClientCalls.java:479)
	at org.apache.ratis.thirdparty.io.grpc.internal.DelayedClientCall$DelayedListener$3.run(DelayedClientCall.java:489)
	at org.apache.ratis.thirdparty.io.grpc.internal.DelayedClientCall$DelayedListener.delayOrExecute(DelayedClientCall.java:453)
	at org.apache.ratis.thirdparty.io.grpc.internal.DelayedClientCall$DelayedListener.onClose(DelayedClientCall.java:486)
	at org.apache.ratis.thirdparty.io.grpc.internal.ClientCallImpl.closeObserver(ClientCallImpl.java:567)
	at org.apache.ratis.thirdparty.io.grpc.internal.ClientCallImpl.access$300(ClientCallImpl.java:71)
	at org.apache.ratis.thirdparty.io.grpc.internal.ClientCallImpl$ClientStreamListenerImpl$1StreamClosed.runInternal(ClientCallImpl.java:735)
	at org.apache.ratis.thirdparty.io.grpc.internal.ClientCallImpl$ClientStreamListenerImpl$1StreamClosed.runInContext(ClientCallImpl.java:716)
	at org.apache.ratis.thirdparty.io.grpc.internal.ContextRunnable.run(ContextRunnable.java:37)
	at org.apache.ratis.thirdparty.io.grpc.internal.SerializingExecutor.run(SerializingExecutor.java:133)
	at java.base/java.util.concurrent.ThreadPoolExecutor.runWorker(ThreadPoolExecutor.java:1144)
	at java.base/java.util.concurrent.ThreadPoolExecutor$Worker.run(ThreadPoolExecutor.java:642)
	at java.base/java.lang.Thread.run(Thread.java:1583)
2025-04-24 14:03:25,116 [omNode-1-impl-thread1] INFO  impl.StateMachineUpdater (StateMachineUpdater.java:stopAndJoin(164)) - omNode-1@group-523986131536-StateMachineUpdater: set stopIndex = 101
2025-04-24 14:03:25,116 [Thread-3032] INFO  server.GrpcServerProtocolClient (GrpcServerProtocolClient.java:close(105)) - omNode-2 Close channels
2025-04-24 14:03:25,117 [grpc-default-executor-4] INFO  server.GrpcLogAppender (GrpcLogAppender.java:onCompleted(550)) - omNode-1@group-523986131536->omNode-2-AppendLogResponseHandler: follower responses appendEntries COMPLETED
2025-04-24 14:03:25,118 [grpc-default-executor-4] WARN  server.GrpcLogAppender (GrpcLogAppender.java:resetClient(230)) - omNode-1@group-523986131536->omNode-2-GrpcLogAppender: Failed to getClient for omNode-2
org.apache.ratis.protocol.exceptions.AlreadyClosedException: omNode-1 is already CLOSED
	at org.apache.ratis.util.PeerProxyMap$PeerAndProxy.getProxy(PeerProxyMap.java:67)
	at org.apache.ratis.util.PeerProxyMap.getProxy(PeerProxyMap.java:124)
	at org.apache.ratis.grpc.server.GrpcLogAppender.getClient(GrpcLogAppender.java:200)
	at org.apache.ratis.grpc.server.GrpcLogAppender.resetClient(GrpcLogAppender.java:205)
	at org.apache.ratis.grpc.server.GrpcLogAppender.access$800(GrpcLogAppender.java:64)
	at org.apache.ratis.grpc.server.GrpcLogAppender$AppendLogResponseHandler.onCompleted(GrpcLogAppender.java:551)
	at org.apache.ratis.thirdparty.io.grpc.stub.ClientCalls$StreamObserverToCallListenerAdapter.onClose(ClientCalls.java:479)
	at org.apache.ratis.thirdparty.io.grpc.internal.ClientCallImpl.closeObserver(ClientCallImpl.java:567)
	at org.apache.ratis.thirdparty.io.grpc.internal.ClientCallImpl.access$300(ClientCallImpl.java:71)
	at org.apache.ratis.thirdparty.io.grpc.internal.ClientCallImpl$ClientStreamListenerImpl$1StreamClosed.runInternal(ClientCallImpl.java:735)
	at org.apache.ratis.thirdparty.io.grpc.internal.ClientCallImpl$ClientStreamListenerImpl$1StreamClosed.runInContext(ClientCallImpl.java:716)
	at org.apache.ratis.thirdparty.io.grpc.internal.ContextRunnable.run(ContextRunnable.java:37)
	at org.apache.ratis.thirdparty.io.grpc.internal.SerializingExecutor.run(SerializingExecutor.java:133)
	at java.base/java.util.concurrent.ThreadPoolExecutor.runWorker(ThreadPoolExecutor.java:1144)
	at java.base/java.util.concurrent.ThreadPoolExecutor$Worker.run(ThreadPoolExecutor.java:642)
	at java.base/java.lang.Thread.run(Thread.java:1583)
2025-04-24 14:03:25,117 [grpc-default-executor-0] INFO  server.GrpcServerProtocolService (GrpcServerProtocolService.java:onCompleted(157)) - omNode-3: Completed APPEND_ENTRIES, lastRequest: null
2025-04-24 14:03:25,120 [grpc-default-executor-0] INFO  server.GrpcServerProtocolService (GrpcServerProtocolService.java:lambda$onCompleted$5(159)) - omNode-3: Completed APPEND_ENTRIES, lastReply: serverReply {
  requestorId: "omNode-1"
  replyId: "omNode-3"
  raftGroupId {
    id: "\311\274L\364;\303<`\246kR9\206\023\0256"
  }
  callId: 16
  success: true
}
term: 8
nextIndex: 78
followerCommit: 77
matchIndex: 18446744073709551615
isHearbeat: true

2025-04-24 14:03:25,120 [grpc-default-executor-0] INFO  server.GrpcLogAppender (GrpcLogAppender.java:onCompleted(550)) - omNode-1@group-523986131536->omNode-3-AppendLogResponseHandler: follower responses appendEntries COMPLETED
2025-04-24 14:03:25,120 [grpc-default-executor-0] WARN  server.GrpcLogAppender (GrpcLogAppender.java:resetClient(230)) - omNode-1@group-523986131536->omNode-3-GrpcLogAppender: Failed to getClient for omNode-3
org.apache.ratis.protocol.exceptions.AlreadyClosedException: omNode-1 is already CLOSED
	at org.apache.ratis.util.PeerProxyMap$PeerAndProxy.getProxy(PeerProxyMap.java:67)
	at org.apache.ratis.util.PeerProxyMap.getProxy(PeerProxyMap.java:124)
	at org.apache.ratis.grpc.server.GrpcLogAppender.getClient(GrpcLogAppender.java:200)
	at org.apache.ratis.grpc.server.GrpcLogAppender.resetClient(GrpcLogAppender.java:205)
	at org.apache.ratis.grpc.server.GrpcLogAppender.access$800(GrpcLogAppender.java:64)
	at org.apache.ratis.grpc.server.GrpcLogAppender$AppendLogResponseHandler.onCompleted(GrpcLogAppender.java:551)
	at org.apache.ratis.thirdparty.io.grpc.stub.ClientCalls$StreamObserverToCallListenerAdapter.onClose(ClientCalls.java:479)
	at org.apache.ratis.thirdparty.io.grpc.internal.DelayedClientCall$DelayedListener$3.run(DelayedClientCall.java:489)
	at org.apache.ratis.thirdparty.io.grpc.internal.DelayedClientCall$DelayedListener.delayOrExecute(DelayedClientCall.java:453)
	at org.apache.ratis.thirdparty.io.grpc.internal.DelayedClientCall$DelayedListener.onClose(DelayedClientCall.java:486)
	at org.apache.ratis.thirdparty.io.grpc.internal.ClientCallImpl.closeObserver(ClientCallImpl.java:567)
	at org.apache.ratis.thirdparty.io.grpc.internal.ClientCallImpl.access$300(ClientCallImpl.java:71)
	at org.apache.ratis.thirdparty.io.grpc.internal.ClientCallImpl$ClientStreamListenerImpl$1StreamClosed.runInternal(ClientCallImpl.java:735)
	at org.apache.ratis.thirdparty.io.grpc.internal.ClientCallImpl$ClientStreamListenerImpl$1StreamClosed.runInContext(ClientCallImpl.java:716)
	at org.apache.ratis.thirdparty.io.grpc.internal.ContextRunnable.run(ContextRunnable.java:37)
	at org.apache.ratis.thirdparty.io.grpc.internal.SerializingExecutor.run(SerializingExecutor.java:133)
	at java.base/java.util.concurrent.ThreadPoolExecutor.runWorker(ThreadPoolExecutor.java:1144)
	at java.base/java.util.concurrent.ThreadPoolExecutor$Worker.run(ThreadPoolExecutor.java:642)
	at java.base/java.lang.Thread.run(Thread.java:1583)
2025-04-24 14:03:25,121 [main] INFO  server.GrpcService (GrpcService.java:closeImpl(352)) - omNode-1: shutdown server GrpcServerProtocolService successfully
2025-04-24 14:03:25,146 [omNode-1@group-523986131536-StateMachineUpdater] INFO  ratis.OzoneManagerStateMachine (OzoneManagerStateMachine.java:takeSnapshotImpl(510)) - omNode-1: taking snapshot. applied = (t:8, i:101), skipped = 100, notified = (t:8, i:101), current snapshot index = (t:8, i:101), took 30 ms
2025-04-24 14:03:25,146 [omNode-1@group-523986131536-StateMachineUpdater] INFO  impl.StateMachineUpdater (StateMachineUpdater.java:takeSnapshot(303)) - omNode-1@group-523986131536-StateMachineUpdater: Took a snapshot at index 101
2025-04-24 14:03:25,146 [omNode-1@group-523986131536-StateMachineUpdater] INFO  impl.StateMachineUpdater (StateMachineUpdater.java:lambda$new$0(102)) - omNode-1@group-523986131536-StateMachineUpdater: snapshotIndex: updateIncreasingly 75 -> 101
2025-04-24 14:03:25,146 [omNode-1@group-523986131536-StateMachineUpdater] INFO  raftlog.RaftLog (RaftLogBase.java:purge(325)) - omNode-1@group-523986131536-SegmentedRaftLog: purge 101
2025-04-24 14:03:25,147 [omNode-1@group-523986131536-StateMachineUpdater] INFO  raftlog.RaftLog (RaftLogBase.java:lambda$new$0(54)) - omNode-1@group-523986131536-SegmentedRaftLog: snapshotIndex: updateIncreasingly 75 -> 101
2025-04-24 14:03:25,147 [omNode-1@group-523986131536-StateMachineUpdater] INFO  raftlog.RaftLog (SegmentedRaftLog.java:purgeImpl(382)) - omNode-1@group-523986131536-SegmentedRaftLog: purge(101)
  toTruncate: null
    toDelete: [(72, 75) isOpen? false, length=0, newEndIndex=0, (68, 71) isOpen? false, length=0, newEndIndex=0, (34, 67) isOpen? false, length=0, newEndIndex=0]
2025-04-24 14:03:25,147 [omNode-1@group-523986131536-StateMachineUpdater] INFO  impl.StateMachineUpdater (StateMachineUpdater.java:stop(141)) - omNode-1@group-523986131536-StateMachineUpdater: closing OzoneManagerStateMachine, lastApplied=(t:8, i:101)
2025-04-24 14:03:25,147 [omNode-1@group-523986131536-StateMachineUpdater] INFO  ratis.OzoneManagerStateMachine (OzoneManagerStateMachine.java:close(550)) - Stopping OzoneManagerStateMachine:omNode-1:group-523986131536.
2025-04-24 14:03:25,147 [omNode-1@group-523986131536-StateMachineUpdater] INFO  ratis.OzoneManagerDoubleBuffer (OzoneManagerDoubleBuffer.java:stopDaemon(500)) - Stopping OMDoubleBuffer flush thread
2025-04-24 14:03:25,147 [omNode-1-OMDoubleBufferFlushThread] INFO  ratis.OzoneManagerDoubleBuffer (OzoneManagerDoubleBuffer.java:canFlush(559)) - OMDoubleBuffer flush thread omNode-1-OMDoubleBufferFlushThread is interrupted and will exit.
2025-04-24 14:03:25,147 [omNode-1@group-523986131536-SegmentedRaftLogWorker] INFO  segmented.SegmentedRaftLogWorker (SegmentedRaftLogWorker.java:execute(481)) - omNode-1@group-523986131536-SegmentedRaftLogWorker: Purged RaftLog segment: info=(72, 75) isOpen? false, length=0, newEndIndex=0, path=/home/runner/work/ozone/ozone/hadoop-ozone/integration-test/target/test-dir/MiniOzoneClusterImpl-4e6105ad-12bc-4f18-9d37-351d73277e17/omNode-1/ratis/c9bc4cf4-3bc3-3c60-a66b-523986131536/current/log_72-75
2025-04-24 14:03:25,147 [omNode-1@group-523986131536-SegmentedRaftLogWorker] INFO  segmented.SegmentedRaftLogWorker (SegmentedRaftLogWorker.java:execute(481)) - omNode-1@group-523986131536-SegmentedRaftLogWorker: Purged RaftLog segment: info=(68, 71) isOpen? false, length=0, newEndIndex=0, path=/home/runner/work/ozone/ozone/hadoop-ozone/integration-test/target/test-dir/MiniOzoneClusterImpl-4e6105ad-12bc-4f18-9d37-351d73277e17/omNode-1/ratis/c9bc4cf4-3bc3-3c60-a66b-523986131536/current/log_68-71
2025-04-24 14:03:25,147 [omNode-1@group-523986131536-SegmentedRaftLogWorker] INFO  segmented.SegmentedRaftLogWorker (SegmentedRaftLogWorker.java:execute(481)) - omNode-1@group-523986131536-SegmentedRaftLogWorker: Purged RaftLog segment: info=(34, 67) isOpen? false, length=0, newEndIndex=0, path=/home/runner/work/ozone/ozone/hadoop-ozone/integration-test/target/test-dir/MiniOzoneClusterImpl-4e6105ad-12bc-4f18-9d37-351d73277e17/omNode-1/ratis/c9bc4cf4-3bc3-3c60-a66b-523986131536/current/log_34-67
2025-04-24 14:03:25,147 [omNode-1@group-523986131536-cacheEviction-AwaitToRun] INFO  util.AwaitToRun (AwaitToRun.java:run(49)) - omNode-1@group-523986131536-cacheEviction-AwaitToRun-AwaitForSignal is interrupted
2025-04-24 14:03:25,148 [omNode-1@group-523986131536-SegmentedRaftLogWorker] INFO  raftlog.RaftLog (RaftLogBase.java:lambda$new$0(54)) - omNode-1@group-523986131536-SegmentedRaftLog: purgeIndex: updateToMax old=33, new=75, updated? true
2025-04-24 14:03:25,149 [omNode-1-impl-thread1] INFO  segmented.SegmentedRaftLogWorker (SegmentedRaftLogWorker.java:close(252)) - omNode-1@group-523986131536-SegmentedRaftLogWorker close()
2025-04-24 14:03:25,149 [JvmPauseMonitor21] INFO  util.JvmPauseMonitor (JvmPauseMonitor.java:run(152)) - JvmPauseMonitor-omNode-1: Stopped
2025-04-24 14:03:25,149 [main] INFO  utils.BackgroundService (BackgroundService.java:shutdown(161)) - Shutting down service KeyDeletingService
2025-04-24 14:03:25,150 [main] INFO  utils.BackgroundService (BackgroundService.java:shutdown(161)) - Shutting down service DirectoryDeletingService
2025-04-24 14:03:25,151 [main] INFO  utils.BackgroundService (BackgroundService.java:shutdown(161)) - Shutting down service OpenKeyCleanupService
2025-04-24 14:03:25,152 [main] INFO  utils.BackgroundService (BackgroundService.java:shutdown(161)) - Shutting down service SstFilteringService
2025-04-24 14:03:25,152 [main] INFO  utils.BackgroundService (BackgroundService.java:shutdown(161)) - Shutting down service SnapshotDeletingService
2025-04-24 14:03:25,152 [main] INFO  utils.BackgroundService (BackgroundService.java:shutdown(161)) - Shutting down service MultipartUploadCleanupService
2025-04-24 14:03:25,153 [main] INFO  handler.ContextHandler (ContextHandler.java:doStop(1159)) - Stopped o.e.j.w.WebAppContext@76452fc3{ozoneManager,/,null,STOPPED}{file:/home/runner/work/ozone/ozone/hadoop-ozone/integration-test/target/test-classes/webapps/ozoneManager}
2025-04-24 14:03:25,153 [main] INFO  server.AbstractConnector (AbstractConnector.java:doStop(383)) - Stopped ServerConnector@2e64490b{HTTP/1.1, (http/1.1)}{0.0.0.0:15007}
2025-04-24 14:03:25,153 [main] INFO  server.session (HouseKeeper.java:stopScavenging(149)) - node0 Stopped scavenging
2025-04-24 14:03:25,154 [main] INFO  handler.ContextHandler (ContextHandler.java:doStop(1159)) - Stopped o.e.j.s.ServletContextHandler@7b04de70{static,/static,file:///home/runner/work/ozone/ozone/hadoop-ozone/integration-test/target/test-classes/webapps/static,STOPPED}
2025-04-24 14:03:25,154 [main] INFO  handler.ContextHandler (ContextHandler.java:doStop(1159)) - Stopped o.e.j.s.ServletContextHandler@5803f051{logs,/logs,file:///home/runner/work/ozone/ozone/hadoop-ozone/integration-test/target/log,STOPPED}
2025-04-24 14:03:25,155 [main] INFO  rocksdiff.RocksDBCheckpointDiffer (RocksDBCheckpointDiffer.java:close(304)) - Shutting down CompactionDagPruningService.
2025-04-24 14:03:25,156 [main] INFO  snapshot.SnapshotDiffManager (SnapshotDiffManager.java:closeExecutorService(1698)) - Shutting down executorService: 'SnapDiffExecutor'
2025-04-24 14:03:25,156 [main] INFO  utils.BackgroundService (BackgroundService.java:shutdown(161)) - Shutting down service SnapshotDiffCleanupService
2025-04-24 14:03:26,405 [omNode-3@group-523986131536-FollowerState] INFO  impl.FollowerState (FollowerState.java:runImpl(161)) - omNode-3@group-523986131536-FollowerState: change to CANDIDATE, lastRpcElapsedTime:1306156871ns, electionTimeout:1136ms
2025-04-24 14:03:26,405 [omNode-3@group-523986131536-FollowerState] INFO  impl.RoleInfo (RoleInfo.java:shutdownFollowerState(121)) - omNode-3: shutdown omNode-3@group-523986131536-FollowerState
2025-04-24 14:03:26,405 [omNode-3@group-523986131536-FollowerState] INFO  server.RaftServer$Division (RaftServerImpl.java:setRole(378)) - omNode-3@group-523986131536: changes role from  FOLLOWER to CANDIDATE at term 8 for changeToCandidate
2025-04-24 14:03:26,405 [omNode-3@group-523986131536-FollowerState] INFO  server.RaftServerConfigKeys (ConfUtils.java:logGet(46)) - raft.server.leaderelection.pre-vote = true (default)
2025-04-24 14:03:26,405 [omNode-3@group-523986131536-FollowerState] INFO  impl.RoleInfo (RoleInfo.java:updateAndGet(148)) - omNode-3: start omNode-3@group-523986131536-LeaderElection19
2025-04-24 14:03:26,405 [omNode-3@group-523986131536-LeaderElection19] INFO  server.RaftServer$Division (ServerState.java:setLeader(272)) - omNode-3@group-523986131536: change Leader from omNode-1 to null at term 8 for PRE_VOTE
2025-04-24 14:03:26,406 [omNode-3@group-523986131536-LeaderElection19] INFO  impl.LeaderElection (LeaderElection.java:askForVotes(332)) - omNode-3@group-523986131536-LeaderElection19 PRE_VOTE round 0: submit vote requests at term 8 for conf: {index: 76, cur=peers:[omNode-3|localhost:15017, omNode-1|localhost:15009, omNode-2|localhost:15013]|listeners:[], old=null}
2025-04-24 14:03:26,407 [grpc-default-executor-0] INFO  server.RaftServer$Division (RaftServerImpl.java:requestVote(1407)) - omNode-2@group-523986131536: receive requestVote(PRE_VOTE, omNode-3, group-523986131536, 8, (t:8, i:101))
2025-04-24 14:03:26,407 [grpc-default-executor-0] INFO  impl.VoteContext (VoteContext.java:log(49)) - omNode-2@group-523986131536-FOLLOWER: accept PRE_VOTE from omNode-3: our priority 0 <= candidate's priority 0
2025-04-24 14:03:26,407 [grpc-default-executor-0] INFO  server.RaftServer$Division (RaftServerImpl.java:requestVote(1441)) - omNode-2@group-523986131536 replies to PRE_VOTE vote request: omNode-3<-omNode-2#0:OK-t8. Peer's state: omNode-2@group-523986131536:t8, leader=omNode-1, voted=omNode-1, raftlog=Memoized:omNode-2@group-523986131536-SegmentedRaftLog:OPENED:c100:last(t:8, i:101), conf=conf: {index: 76, cur=peers:[omNode-3|localhost:15017, omNode-1|localhost:15009, omNode-2|localhost:15013]|listeners:[], old=null}
2025-04-24 14:03:26,408 [omNode-3@group-523986131536-LeaderElection19] INFO  impl.LeaderElection (LogUtils.java:infoOrTrace(136)) - omNode-3@group-523986131536-LeaderElection19 got exception when requesting votes: java.util.concurrent.ExecutionException: org.apache.ratis.thirdparty.io.grpc.StatusRuntimeException: UNAVAILABLE: io exception
2025-04-24 14:03:26,408 [omNode-3@group-523986131536-LeaderElection19] INFO  impl.LeaderElection (LeaderElection.java:logAndReturn(90)) - omNode-3@group-523986131536-LeaderElection19: PRE_VOTE PASSED received 1 response(s) and 1 exception(s):
2025-04-24 14:03:26,408 [omNode-3@group-523986131536-LeaderElection19] INFO  impl.LeaderElection (LeaderElection.java:logAndReturn(94)) -   Response 0: omNode-3<-omNode-2#0:OK-t8
2025-04-24 14:03:26,409 [omNode-3@group-523986131536-LeaderElection19] INFO  impl.LeaderElection (LogUtils.java:infoOrTrace(136)) -   Exception 1: java.util.concurrent.ExecutionException: org.apache.ratis.thirdparty.io.grpc.StatusRuntimeException: UNAVAILABLE: io exception
2025-04-24 14:03:26,409 [omNode-3@group-523986131536-LeaderElection19] INFO  impl.LeaderElection (LeaderElection.java:askForVotes(334)) - omNode-3@group-523986131536-LeaderElection19 PRE_VOTE round 0: result PASSED
2025-04-24 14:03:26,410 [omNode-3@group-523986131536-LeaderElection19] INFO  impl.LeaderElection (LeaderElection.java:askForVotes(332)) - omNode-3@group-523986131536-LeaderElection19 ELECTION round 0: submit vote requests at term 9 for conf: {index: 76, cur=peers:[omNode-3|localhost:15017, omNode-1|localhost:15009, omNode-2|localhost:15013]|listeners:[], old=null}
2025-04-24 14:03:26,411 [omNode-3@group-523986131536-LeaderElection19] INFO  impl.LeaderElection (LogUtils.java:infoOrTrace(136)) - omNode-3@group-523986131536-LeaderElection19 got exception when requesting votes: java.util.concurrent.ExecutionException: org.apache.ratis.thirdparty.io.grpc.StatusRuntimeException: UNAVAILABLE: io exception
2025-04-24 14:03:26,411 [grpc-default-executor-0] INFO  server.RaftServer$Division (RaftServerImpl.java:requestVote(1407)) - omNode-2@group-523986131536: receive requestVote(ELECTION, omNode-3, group-523986131536, 9, (t:8, i:101))
2025-04-24 14:03:26,411 [grpc-default-executor-0] INFO  impl.VoteContext (VoteContext.java:log(49)) - omNode-2@group-523986131536-FOLLOWER: accept ELECTION from omNode-3: our priority 0 <= candidate's priority 0
2025-04-24 14:03:26,411 [grpc-default-executor-0] INFO  server.RaftServer$Division (RaftServerImpl.java:setRole(378)) - omNode-2@group-523986131536: changes role from  FOLLOWER to FOLLOWER at term 8 for candidate:omNode-3
2025-04-24 14:03:26,411 [grpc-default-executor-0] INFO  impl.RoleInfo (RoleInfo.java:shutdownFollowerState(121)) - omNode-2: shutdown omNode-2@group-523986131536-FollowerState
2025-04-24 14:03:26,411 [grpc-default-executor-0] INFO  server.RaftServer$Division (ServerState.java:setLeader(272)) - omNode-2@group-523986131536: change Leader from omNode-1 to null at term 9 for updateCurrentTerm
2025-04-24 14:03:26,412 [grpc-default-executor-0] INFO  impl.RoleInfo (RoleInfo.java:updateAndGet(148)) - omNode-2: start omNode-2@group-523986131536-FollowerState
2025-04-24 14:03:26,412 [omNode-2@group-523986131536-FollowerState] INFO  impl.FollowerState (FollowerState.java:runImpl(170)) - omNode-2@group-523986131536-FollowerState was interrupted
2025-04-24 14:03:26,413 [grpc-default-executor-0] INFO  server.RaftServer$Division (RaftServerImpl.java:requestVote(1441)) - omNode-2@group-523986131536 replies to ELECTION vote request: omNode-3<-omNode-2#0:OK-t9. Peer's state: omNode-2@group-523986131536:t9, leader=null, voted=omNode-3, raftlog=Memoized:omNode-2@group-523986131536-SegmentedRaftLog:OPENED:c100:last(t:8, i:101), conf=conf: {index: 76, cur=peers:[omNode-3|localhost:15017, omNode-1|localhost:15009, omNode-2|localhost:15013]|listeners:[], old=null}
2025-04-24 14:03:26,413 [omNode-3@group-523986131536-LeaderElection19] INFO  impl.LeaderElection (LeaderElection.java:logAndReturn(90)) - omNode-3@group-523986131536-LeaderElection19: ELECTION PASSED received 1 response(s) and 1 exception(s):
2025-04-24 14:03:26,413 [omNode-3@group-523986131536-LeaderElection19] INFO  impl.LeaderElection (LeaderElection.java:logAndReturn(94)) -   Response 0: omNode-3<-omNode-2#0:OK-t9
2025-04-24 14:03:26,413 [omNode-3@group-523986131536-LeaderElection19] INFO  impl.LeaderElection (LogUtils.java:infoOrTrace(136)) -   Exception 1: java.util.concurrent.ExecutionException: org.apache.ratis.thirdparty.io.grpc.StatusRuntimeException: UNAVAILABLE: io exception
2025-04-24 14:03:26,413 [omNode-3@group-523986131536-LeaderElection19] INFO  impl.LeaderElection (LeaderElection.java:askForVotes(334)) - omNode-3@group-523986131536-LeaderElection19 ELECTION round 0: result PASSED
2025-04-24 14:03:26,413 [omNode-3@group-523986131536-LeaderElection19] INFO  impl.RoleInfo (RoleInfo.java:shutdownLeaderElection(141)) - omNode-3: shutdown omNode-3@group-523986131536-LeaderElection19
2025-04-24 14:03:26,413 [omNode-3@group-523986131536-LeaderElection19] INFO  server.RaftServer$Division (RaftServerImpl.java:setRole(378)) - omNode-3@group-523986131536: changes role from CANDIDATE to LEADER at term 9 for changeToLeader
2025-04-24 14:03:26,413 [omNode-3@group-523986131536-LeaderElection19] INFO  server.RaftServerConfigKeys (ConfUtils.java:logGet(46)) - raft.server.staging.catchup.gap = 1000 (default)
2025-04-24 14:03:26,414 [omNode-3@group-523986131536-LeaderElection19] INFO  server.RaftServerConfigKeys (ConfUtils.java:logGet(46)) - raft.server.write.element-limit = 4096 (default)
2025-04-24 14:03:26,414 [omNode-3@group-523986131536-LeaderElection19] INFO  server.RaftServerConfigKeys (ConfUtils.java:logGet(46)) - raft.server.write.byte-limit = 64MB (=67108864) (default)
2025-04-24 14:03:26,414 [omNode-3@group-523986131536-LeaderElection19] INFO  server.RaftServerConfigKeys (ConfUtils.java:logGet(46)) - raft.server.watch.timeout = 10s (default)
2025-04-24 14:03:26,414 [omNode-3@group-523986131536-LeaderElection19] INFO  server.RaftServerConfigKeys (ConfUtils.java:logGet(46)) - raft.server.watch.timeout.denomination = 1s (default)
2025-04-24 14:03:26,414 [omNode-3@group-523986131536-LeaderElection19] INFO  server.RaftServerConfigKeys (ConfUtils.java:logGet(46)) - raft.server.watch.element-limit = 65536 (default)
2025-04-24 14:03:26,414 [omNode-3@group-523986131536-LeaderElection19] INFO  server.RaftServerConfigKeys (ConfUtils.java:logGet(46)) - raft.server.read.leader.lease.enabled = false (default)
2025-04-24 14:03:26,414 [omNode-3@group-523986131536-LeaderElection19] INFO  server.RaftServerConfigKeys (ConfUtils.java:logGet(46)) - raft.server.read.leader.lease.timeout.ratio = 0.9 (default)
2025-04-24 14:03:26,415 [omNode-3@group-523986131536-LeaderElection19] INFO  server.RaftServerConfigKeys (ConfUtils.java:logGet(46)) - raft.server.rpc.timeout.min = 1s (custom)
2025-04-24 14:03:26,415 [omNode-3@group-523986131536-LeaderElection19] INFO  server.RaftServerConfigKeys (ConfUtils.java:logGet(46)) - raft.server.log.log-metadata.enabled = true (default)
2025-04-24 14:03:26,415 [omNode-3@group-523986131536-LeaderElection19] INFO  server.RaftServerConfigKeys (ConfUtils.java:logGet(46)) - raft.server.write.element-limit = 4096 (default)
2025-04-24 14:03:26,415 [omNode-3@group-523986131536-LeaderElection19] INFO  server.RaftServerConfigKeys (ConfUtils.java:logGet(46)) - raft.server.write.follower.gap.ratio.max = -1.0 (default)
2025-04-24 14:03:26,415 [omNode-3@group-523986131536-LeaderElection19] INFO  server.RaftServerConfigKeys (ConfUtils.java:logGet(46)) - raft.server.log.appender.snapshot.chunk.size.max = 16MB (=16777216) (default)
2025-04-24 14:03:26,415 [omNode-3@group-523986131536-LeaderElection19] INFO  server.RaftServerConfigKeys (ConfUtils.java:logGet(46)) - raft.server.log.appender.buffer.byte-limit = 4194304 (custom)
2025-04-24 14:03:26,415 [omNode-3@group-523986131536-LeaderElection19] INFO  server.RaftServerConfigKeys (ConfUtils.java:logGet(46)) - raft.server.log.appender.buffer.element-limit = 1024 (custom)
2025-04-24 14:03:26,415 [omNode-3@group-523986131536-LeaderElection19] INFO  server.RaftServerConfigKeys (ConfUtils.java:logGet(46)) - raft.server.log.appender.wait-time.min = 0ms (custom)
2025-04-24 14:03:26,415 [omNode-3@group-523986131536-LeaderElection19] INFO  grpc.GrpcConfigKeys (ConfUtils.java:logGet(46)) - raft.grpc.server.leader.outstanding.appends.max = 8 (default)
2025-04-24 14:03:26,415 [omNode-3@group-523986131536-LeaderElection19] INFO  server.RaftServerConfigKeys (ConfUtils.java:logGet(46)) - raft.server.rpc.request.timeout = 3000ms (default)
2025-04-24 14:03:26,415 [omNode-3@group-523986131536-LeaderElection19] INFO  grpc.GrpcConfigKeys (ConfUtils.java:logGet(46)) - raft.grpc.server.install_snapshot.request.element-limit = 8 (default)
2025-04-24 14:03:26,415 [omNode-3@group-523986131536-LeaderElection19] INFO  grpc.GrpcConfigKeys (ConfUtils.java:logGet(46)) - raft.grpc.server.install_snapshot.request.timeout = 3000ms (default)
2025-04-24 14:03:26,415 [omNode-3@group-523986131536-LeaderElection19] INFO  grpc.GrpcConfigKeys (ConfUtils.java:logGet(46)) - raft.grpc.server.log-message.batch.duration = 5s (default)
2025-04-24 14:03:26,415 [omNode-3@group-523986131536-LeaderElection19] INFO  server.RaftServerConfigKeys (ConfUtils.java:logGet(46)) - raft.server.log.appender.install.snapshot.enabled = false (custom)
2025-04-24 14:03:26,415 [omNode-3@group-523986131536-LeaderElection19] INFO  grpc.GrpcConfigKeys (ConfUtils.java:logGet(46)) - raft.grpc.server.heartbeat.channel = true (default)
2025-04-24 14:03:26,416 [omNode-3@group-523986131536-LeaderElection19] INFO  server.RaftServerConfigKeys (ConfUtils.java:logGet(46)) - raft.server.log.appender.snapshot.chunk.size.max = 16MB (=16777216) (default)
2025-04-24 14:03:26,416 [omNode-3@group-523986131536-LeaderElection19] INFO  server.RaftServerConfigKeys (ConfUtils.java:logGet(46)) - raft.server.log.appender.buffer.byte-limit = 4194304 (custom)
2025-04-24 14:03:26,416 [omNode-3@group-523986131536-LeaderElection19] INFO  server.RaftServerConfigKeys (ConfUtils.java:logGet(46)) - raft.server.log.appender.buffer.element-limit = 1024 (custom)
2025-04-24 14:03:26,416 [omNode-3@group-523986131536-LeaderElection19] INFO  server.RaftServerConfigKeys (ConfUtils.java:logGet(46)) - raft.server.log.appender.wait-time.min = 0ms (custom)
2025-04-24 14:03:26,416 [omNode-3@group-523986131536-LeaderElection19] INFO  grpc.GrpcConfigKeys (ConfUtils.java:logGet(46)) - raft.grpc.server.leader.outstanding.appends.max = 8 (default)
2025-04-24 14:03:26,416 [omNode-3@group-523986131536-LeaderElection19] INFO  server.RaftServerConfigKeys (ConfUtils.java:logGet(46)) - raft.server.rpc.request.timeout = 3000ms (default)
2025-04-24 14:03:26,416 [omNode-3@group-523986131536-LeaderElection19] INFO  grpc.GrpcConfigKeys (ConfUtils.java:logGet(46)) - raft.grpc.server.install_snapshot.request.element-limit = 8 (default)
2025-04-24 14:03:26,416 [omNode-3@group-523986131536-LeaderElection19] INFO  grpc.GrpcConfigKeys (ConfUtils.java:logGet(46)) - raft.grpc.server.install_snapshot.request.timeout = 3000ms (default)
2025-04-24 14:03:26,416 [omNode-3@group-523986131536-LeaderElection19] INFO  grpc.GrpcConfigKeys (ConfUtils.java:logGet(46)) - raft.grpc.server.log-message.batch.duration = 5s (default)
2025-04-24 14:03:26,416 [omNode-3@group-523986131536-LeaderElection19] INFO  server.RaftServerConfigKeys (ConfUtils.java:logGet(46)) - raft.server.log.appender.install.snapshot.enabled = false (custom)
2025-04-24 14:03:26,416 [omNode-3@group-523986131536-LeaderElection19] INFO  grpc.GrpcConfigKeys (ConfUtils.java:logGet(46)) - raft.grpc.server.heartbeat.channel = true (default)
2025-04-24 14:03:26,416 [omNode-3@group-523986131536-LeaderElection19] INFO  impl.RoleInfo (RoleInfo.java:updateAndGet(148)) - omNode-3: start omNode-3@group-523986131536-LeaderStateImpl
2025-04-24 14:03:26,417 [omNode-3@group-523986131536-LeaderElection19] INFO  ratis.OzoneManagerStateMachine (OzoneManagerStateMachine.java:notifyLeaderChanged(169)) - omNode-3@group-523986131536: leader changed to omNode-3
2025-04-24 14:03:26,417 [omNode-3@group-523986131536-LeaderElection19] INFO  server.RaftServer$Division (ServerState.java:setLeader(272)) - omNode-3@group-523986131536: change Leader from null to omNode-3 at term 9 for becomeLeader, leader elected after 11ms
2025-04-24 14:03:26,417 [omNode-3@group-523986131536-LeaderElection19] INFO  segmented.SegmentedRaftLogWorker (SegmentedRaftLogWorker.java:rollLogSegment(443)) - omNode-3@group-523986131536-SegmentedRaftLogWorker: Rolling segment log-76_101 to index:101
2025-04-24 14:03:26,418 [omNode-3@group-523986131536-LeaderElection19] INFO  server.RaftServer$Division (ServerState.java:setRaftConf(386)) - omNode-3@group-523986131536: set configuration conf: {index: 102, cur=peers:[omNode-3|localhost:15017, omNode-1|localhost:15009, omNode-2|localhost:15013]|listeners:[], old=null}
2025-04-24 14:03:26,418 [omNode-3@group-523986131536-SegmentedRaftLogWorker] INFO  segmented.SegmentedRaftLogWorker (SegmentedRaftLogWorker.java:execute(601)) - omNode-3@group-523986131536-SegmentedRaftLogWorker: Rolled log segment from /home/runner/work/ozone/ozone/hadoop-ozone/integration-test/target/test-dir/MiniOzoneClusterImpl-4e6105ad-12bc-4f18-9d37-351d73277e17/omNode-3/ratis/c9bc4cf4-3bc3-3c60-a66b-523986131536/current/log_inprogress_76 to /home/runner/work/ozone/ozone/hadoop-ozone/integration-test/target/test-dir/MiniOzoneClusterImpl-4e6105ad-12bc-4f18-9d37-351d73277e17/omNode-3/ratis/c9bc4cf4-3bc3-3c60-a66b-523986131536/current/log_76-101
2025-04-24 14:03:26,418 [omNode-3@group-523986131536-SegmentedRaftLogWorker] INFO  segmented.BufferedWriteChannel (BufferedWriteChannel.java:open(61)) - open log_inprogress_102 at position 0
2025-04-24 14:03:26,419 [grpc-default-executor-0] WARN  server.GrpcLogAppender (LogUtils.java:warn(121)) - omNode-3@group-523986131536->omNode-1-AppendLogResponseHandler: Failed appendEntries: org.apache.ratis.thirdparty.io.grpc.StatusRuntimeException: UNAVAILABLE: io exception
2025-04-24 14:03:26,419 [grpc-default-executor-0] WARN  server.GrpcLogAppender (GrpcLogAppender.java:lambda$resetClient$1(221)) - omNode-3@group-523986131536->omNode-1-GrpcLogAppender: Follower failed (request=null, errorCount=1); keep nextIndex (102) unchanged and retry.
2025-04-24 14:03:26,422 [grpc-default-executor-0] WARN  server.GrpcLogAppender (GrpcLogAppender.java:lambda$resetClient$1(221)) - omNode-3@group-523986131536->omNode-1-GrpcLogAppender: Follower failed (request=null, errorCount=2); keep nextIndex (103) unchanged and retry.
2025-04-24 14:03:26,426 [omNode-2-server-thread1] INFO  ratis.OzoneManagerStateMachine (OzoneManagerStateMachine.java:notifyLeaderChanged(169)) - omNode-2@group-523986131536: leader changed to omNode-3
2025-04-24 14:03:26,426 [omNode-2-server-thread1] INFO  server.RaftServer$Division (ServerState.java:setLeader(272)) - omNode-2@group-523986131536: change Leader from null to omNode-3 at term 9 for appendEntries, leader elected after 14ms
2025-04-24 14:03:26,427 [omNode-2-server-thread2] INFO  server.RaftServer$Division (ServerState.java:setRaftConf(386)) - omNode-2@group-523986131536: set configuration conf: {index: 102, cur=peers:[omNode-3|localhost:15017, omNode-1|localhost:15009, omNode-2|localhost:15013]|listeners:[], old=null}
2025-04-24 14:03:26,427 [omNode-2-server-thread2] INFO  segmented.SegmentedRaftLogWorker (SegmentedRaftLogWorker.java:rollLogSegment(443)) - omNode-2@group-523986131536-SegmentedRaftLogWorker: Rolling segment log-76_101 to index:101
2025-04-24 14:03:26,428 [omNode-3@group-523986131536-SegmentedRaftLogWorker] INFO  segmented.SegmentedRaftLogWorker (SegmentedRaftLogWorker.java:execute(644)) - omNode-3@group-523986131536-SegmentedRaftLogWorker: created new log segment /home/runner/work/ozone/ozone/hadoop-ozone/integration-test/target/test-dir/MiniOzoneClusterImpl-4e6105ad-12bc-4f18-9d37-351d73277e17/omNode-3/ratis/c9bc4cf4-3bc3-3c60-a66b-523986131536/current/log_inprogress_102
2025-04-24 14:03:26,429 [omNode-2@group-523986131536-SegmentedRaftLogWorker] INFO  segmented.SegmentedRaftLogWorker (SegmentedRaftLogWorker.java:execute(601)) - omNode-2@group-523986131536-SegmentedRaftLogWorker: Rolled log segment from /home/runner/work/ozone/ozone/hadoop-ozone/integration-test/target/test-dir/MiniOzoneClusterImpl-4e6105ad-12bc-4f18-9d37-351d73277e17/omNode-2/ratis/c9bc4cf4-3bc3-3c60-a66b-523986131536/current/log_inprogress_76 to /home/runner/work/ozone/ozone/hadoop-ozone/integration-test/target/test-dir/MiniOzoneClusterImpl-4e6105ad-12bc-4f18-9d37-351d73277e17/omNode-2/ratis/c9bc4cf4-3bc3-3c60-a66b-523986131536/current/log_76-101
2025-04-24 14:03:26,429 [omNode-2@group-523986131536-SegmentedRaftLogWorker] INFO  segmented.BufferedWriteChannel (BufferedWriteChannel.java:open(61)) - open log_inprogress_102 at position 0
2025-04-24 14:03:26,438 [omNode-2@group-523986131536-SegmentedRaftLogWorker] INFO  segmented.SegmentedRaftLogWorker (SegmentedRaftLogWorker.java:execute(644)) - omNode-2@group-523986131536-SegmentedRaftLogWorker: created new log segment /home/runner/work/ozone/ozone/hadoop-ozone/integration-test/target/test-dir/MiniOzoneClusterImpl-4e6105ad-12bc-4f18-9d37-351d73277e17/omNode-2/ratis/c9bc4cf4-3bc3-3c60-a66b-523986131536/current/log_inprogress_102
2025-04-24 14:03:26,441 [grpc-default-executor-2] WARN  server.GrpcLogAppender (GrpcLogAppender.java:lambda$resetClient$1(221)) - omNode-3@group-523986131536->omNode-1-GrpcLogAppender: Follower failed (request=null, errorCount=5); keep nextIndex (104) unchanged and retry.
2025-04-24 14:03:26,442 [omNode-3@group-523986131536-StateMachineUpdater] INFO  ratis.OzoneManagerStateMachine (OzoneManagerStateMachine.java:notifyConfigurationChanged(231)) - notifyConfigurationChanged from Ratis: term=9, index=102, New Peer list: omNode-3(localhost:15017), omNode-1(localhost:15009), omNode-2(localhost:15013)
2025-04-24 14:03:26,442 [omNode-3@group-523986131536-StateMachineUpdater] INFO  server.RaftServer$Division (LeaderStateImpl.java:checkStartIndex(313)) - Leader omNode-3@group-523986131536-LeaderStateImpl is ready since appliedIndex == startIndex == 102
2025-04-24 14:03:26,442 [omNode-2@group-523986131536-StateMachineUpdater] INFO  ratis.OzoneManagerStateMachine (OzoneManagerStateMachine.java:notifyConfigurationChanged(231)) - notifyConfigurationChanged from Ratis: term=9, index=102, New Peer list: omNode-3(localhost:15017), omNode-1(localhost:15009), omNode-2(localhost:15013)
2025-04-24 14:03:31,419 [timer3] WARN  server.GrpcLogAppender (LogUtils.java:warn(121)) - omNode-3@group-523986131536->omNode-1-AppendLogResponseHandler: Failed appendEntries (Repeated 18 times in the last 5.000s): org.apache.ratis.thirdparty.io.grpc.StatusRuntimeException: UNAVAILABLE: io exception
2025-04-24 14:03:31,423 [timer6] WARN  server.GrpcLogAppender (GrpcLogAppender.java:lambda$resetClient$1(221)) - omNode-3@group-523986131536->omNode-1-GrpcLogAppender: Follower failed (request=null, errorCount=4); keep nextIndex (103) unchanged and retry. (Repeated 3 times in the last 5.001s)
2025-04-24 14:03:31,441 [timer3] WARN  server.GrpcLogAppender (GrpcLogAppender.java:lambda$resetClient$1(221)) - omNode-3@group-523986131536->omNode-1-GrpcLogAppender: Follower failed (request=null, errorCount=18); keep nextIndex (104) unchanged and retry. (Repeated 14 times in the last 5.000s)
2025-04-24 14:03:31,802 [grpc-default-executor-0] WARN  server.GrpcLogAppender (LogUtils.java:warn(121)) - omNode-3@group-523986131536->omNode-1-AppendLogResponseHandler: Failed appendEntries: org.apache.ratis.thirdparty.io.grpc.StatusRuntimeException: UNAVAILABLE: io exception
2025-04-24 14:03:31,803 [grpc-default-executor-2] WARN  server.GrpcLogAppender (GrpcLogAppender.java:lambda$resetClient$1(221)) - omNode-3@group-523986131536->omNode-1-GrpcLogAppender: Follower failed (request=null, errorCount=19); keep nextIndex (104) unchanged and retry.
2025-04-24 14:03:33,158 [main] INFO  retry.RetryInvocationHandler (RetryInvocationHandler.java:log(426)) - com.google.protobuf.ServiceException: java.io.EOFException: End of File Exception between local host is: "fv-az2210-761/10.1.0.107"; destination host is: "localhost":15006; : java.io.EOFException; For more details see:  http://wiki.apache.org/hadoop/EOFException, while invoking $Proxy68.submitRequest over nodeId=omNode-1,nodeAddress=127.0.0.1:15006. Trying to failover immediately. Current retry count: 0.
2025-04-24 14:03:33,161 [main] INFO  retry.RetryInvocationHandler (RetryInvocationHandler.java:log(426)) - com.google.protobuf.ServiceException: org.apache.hadoop.ipc.RemoteException(org.apache.hadoop.ozone.om.exceptions.OMNotLeaderException): OM:omNode-2 is not the leader. Suggested leader is OM:omNode-3[localhost/127.0.0.1].
	at org.apache.hadoop.ozone.om.ratis.OzoneManagerRatisServer.newOMNotLeaderException(OzoneManagerRatisServer.java:813)
	at org.apache.hadoop.ozone.protocolPB.OzoneManagerProtocolServerSideTranslatorPB.createLeaderErrorException(OzoneManagerProtocolServerSideTranslatorPB.java:201)
	at org.apache.hadoop.ozone.protocolPB.OzoneManagerProtocolServerSideTranslatorPB.submitReadRequestToOM(OzoneManagerProtocolServerSideTranslatorPB.java:194)
	at org.apache.hadoop.ozone.protocolPB.OzoneManagerProtocolServerSideTranslatorPB.internalProcessRequest(OzoneManagerProtocolServerSideTranslatorPB.java:159)
	at org.apache.hadoop.ozone.protocolPB.OzoneManagerProtocolServerSideTranslatorPB.processRequest(OzoneManagerProtocolServerSideTranslatorPB.java:125)
	at org.apache.hadoop.hdds.server.OzoneProtocolMessageDispatcher.processRequest(OzoneProtocolMessageDispatcher.java:87)
	at org.apache.hadoop.ozone.protocolPB.OzoneManagerProtocolServerSideTranslatorPB.submitRequest(OzoneManagerProtocolServerSideTranslatorPB.java:116)
	at org.apache.hadoop.ozone.protocol.proto.OzoneManagerProtocolProtos$OzoneManagerService$2.callBlockingMethod(OzoneManagerProtocolProtos.java)
	at org.apache.hadoop.ipc.ProtobufRpcEngine$Server.processCall(ProtobufRpcEngine.java:484)
	at org.apache.hadoop.ipc.ProtobufRpcEngine2$Server$ProtoBufRpcInvoker.call(ProtobufRpcEngine2.java:595)
	at org.apache.hadoop.ipc.ProtobufRpcEngine2$Server$ProtoBufRpcInvoker.call(ProtobufRpcEngine2.java:573)
	at org.apache.hadoop.ipc.RPC$Server.call(RPC.java:1227)
	at org.apache.hadoop.ipc.Server$RpcCall.run(Server.java:1246)
	at org.apache.hadoop.ipc.Server$RpcCall.run(Server.java:1169)
	at java.base/java.security.AccessController.doPrivileged(AccessController.java:714)
	at java.base/javax.security.auth.Subject.doAs(Subject.java:525)
	at org.apache.hadoop.security.UserGroupInformation.doAs(UserGroupInformation.java:1953)
	at org.apache.hadoop.ipc.Server$Handler.run(Server.java:3198)
, while invoking $Proxy68.submitRequest over nodeId=omNode-2,nodeAddress=127.0.0.1:15010 after 1 failover attempts. Trying to failover immediately. Current retry count: 1.
2025-04-24 14:03:33,164 [main] INFO  om.OzoneManager (OzoneManager.java:stop(2347)) - omNode-3[localhost:15014]: Stopping Ozone Manager
2025-04-24 14:03:33,164 [main] INFO  ipc.Server (Server.java:stop(3697)) - Stopping server on 15014
2025-04-24 14:03:33,168 [IPC Server listener on 15014] INFO  ipc.Server (Server.java:run(1585)) - Stopping IPC Server listener on 15014
2025-04-24 14:03:33,168 [IPC Server Responder] INFO  ipc.Server (Server.java:run(1718)) - Stopping IPC Server Responder
2025-04-24 14:03:33,168 [main] INFO  ratis.OzoneManagerRatisServer (OzoneManagerRatisServer.java:stop(634)) - Stopping org.apache.hadoop.ozone.om.ratis.OzoneManagerRatisServer@7f418c46 at port 15017
2025-04-24 14:03:33,168 [main] INFO  server.RaftServer (RaftServerProxy.java:lambda$close$9(417)) - omNode-3: close
2025-04-24 14:03:33,168 [main] INFO  server.GrpcService (GrpcService.java:closeImpl(343)) - omNode-3: shutdown server GrpcServerProtocolService now
2025-04-24 14:03:33,168 [omNode-3-impl-thread1] INFO  server.RaftServer$Division (RaftServerImpl.java:lambda$close$1(513)) - omNode-3@group-523986131536: shutdown
2025-04-24 14:03:33,169 [omNode-3-impl-thread1] INFO  util.JmxRegister (JmxRegister.java:unregister(74)) - Successfully un-registered JMX Bean with object name Ratis:service=RaftServer,group=group-523986131536,id=omNode-3
2025-04-24 14:03:33,169 [omNode-3-impl-thread1] INFO  impl.RoleInfo (RoleInfo.java:shutdownLeaderState(103)) - omNode-3: shutdown omNode-3@group-523986131536-LeaderStateImpl
2025-04-24 14:03:33,169 [omNode-3-impl-thread1] INFO  impl.PendingRequests (PendingRequests.java:sendNotLeaderResponses(287)) - omNode-3@group-523986131536-PendingRequests: sendNotLeaderResponses
2025-04-24 14:03:33,170 [omNode-3@group-523986131536->omNode-2-GrpcLogAppender-LogAppenderDaemon] WARN  server.GrpcLogAppender (GrpcLogAppender.java:mayWait(293)) - omNode-3@group-523986131536->omNode-2-GrpcLogAppender: Wait interrupted by java.lang.InterruptedException
2025-04-24 14:03:33,170 [omNode-3@group-523986131536->omNode-1-GrpcLogAppender-LogAppenderDaemon] WARN  server.GrpcLogAppender (GrpcLogAppender.java:mayWait(293)) - omNode-3@group-523986131536->omNode-1-GrpcLogAppender: Wait interrupted by java.lang.InterruptedException
2025-04-24 14:03:33,170 [Thread-3195] INFO  server.GrpcServerProtocolClient (GrpcServerProtocolClient.java:close(105)) - omNode-1 Close channels
2025-04-24 14:03:33,171 [grpc-default-executor-0] INFO  server.GrpcServerProtocolService (GrpcServerProtocolService.java:onCompleted(157)) - omNode-2: Completed APPEND_ENTRIES, lastRequest: null
2025-04-24 14:03:33,171 [grpc-default-executor-0] INFO  server.GrpcServerProtocolService (GrpcServerProtocolService.java:lambda$onCompleted$5(159)) - omNode-2: Completed APPEND_ENTRIES, lastReply: serverReply {
  requestorId: "omNode-3"
  replyId: "omNode-2"
  raftGroupId {
    id: "\311\274L\364;\303<`\246kR9\206\023\0256"
  }
  callId: 17
  success: true
}
term: 9
nextIndex: 104
followerCommit: 103
matchIndex: 18446744073709551615
isHearbeat: true

2025-04-24 14:03:33,171 [omNode-3-impl-thread1] INFO  impl.StateMachineUpdater (StateMachineUpdater.java:stopAndJoin(164)) - omNode-3@group-523986131536-StateMachineUpdater: set stopIndex = 103
2025-04-24 14:03:33,171 [grpc-default-executor-2] INFO  server.GrpcServerProtocolService (GrpcServerProtocolService.java:onCompleted(157)) - omNode-2: Completed APPEND_ENTRIES, lastRequest: omNode-3->omNode-2#3-t9,previous=(t:9, i:102),leaderCommit=102,initializing? false,entries: size=1, first=(t:9, i:103), METADATAENTRY(c:102)
2025-04-24 14:03:33,172 [grpc-default-executor-2] INFO  server.GrpcServerProtocolService (GrpcServerProtocolService.java:lambda$onCompleted$5(159)) - omNode-2: Completed APPEND_ENTRIES, lastReply: null
2025-04-24 14:03:33,172 [grpc-default-executor-0] INFO  server.GrpcLogAppender (GrpcLogAppender.java:onCompleted(550)) - omNode-3@group-523986131536->omNode-2-AppendLogResponseHandler: follower responses appendEntries COMPLETED
2025-04-24 14:03:33,172 [grpc-default-executor-2] INFO  server.GrpcLogAppender (GrpcLogAppender.java:onCompleted(550)) - omNode-3@group-523986131536->omNode-2-AppendLogResponseHandler: follower responses appendEntries COMPLETED
2025-04-24 14:03:33,173 [Thread-3196] INFO  server.GrpcServerProtocolClient (GrpcServerProtocolClient.java:close(105)) - omNode-2 Close channels
2025-04-24 14:03:33,174 [main] INFO  server.GrpcService (GrpcService.java:closeImpl(352)) - omNode-3: shutdown server GrpcServerProtocolService successfully
2025-04-24 14:03:33,203 [omNode-3@group-523986131536-StateMachineUpdater] INFO  ratis.OzoneManagerStateMachine (OzoneManagerStateMachine.java:takeSnapshotImpl(510)) - omNode-3: taking snapshot. applied = (t:9, i:103), skipped = 100, notified = (t:9, i:103), current snapshot index = (t:9, i:103), took 33 ms
2025-04-24 14:03:33,204 [omNode-3@group-523986131536-StateMachineUpdater] INFO  impl.StateMachineUpdater (StateMachineUpdater.java:takeSnapshot(303)) - omNode-3@group-523986131536-StateMachineUpdater: Took a snapshot at index 103
2025-04-24 14:03:33,204 [omNode-3@group-523986131536-StateMachineUpdater] INFO  impl.StateMachineUpdater (StateMachineUpdater.java:lambda$new$0(102)) - omNode-3@group-523986131536-StateMachineUpdater: snapshotIndex: updateIncreasingly 71 -> 103
2025-04-24 14:03:33,204 [omNode-3@group-523986131536-StateMachineUpdater] INFO  raftlog.RaftLog (RaftLogBase.java:purge(325)) - omNode-3@group-523986131536-SegmentedRaftLog: purge 103
2025-04-24 14:03:33,204 [omNode-3@group-523986131536-StateMachineUpdater] INFO  raftlog.RaftLog (RaftLogBase.java:lambda$new$0(54)) - omNode-3@group-523986131536-SegmentedRaftLog: snapshotIndex: updateIncreasingly 71 -> 103
2025-04-24 14:03:33,204 [omNode-3@group-523986131536-StateMachineUpdater] INFO  raftlog.RaftLog (SegmentedRaftLog.java:purgeImpl(382)) - omNode-3@group-523986131536-SegmentedRaftLog: purge(103)
  toTruncate: null
    toDelete: [(76, 101) isOpen? false, length=0, newEndIndex=0, (72, 75) isOpen? false, length=0, newEndIndex=0, (68, 71) isOpen? false, length=0, newEndIndex=0, (34, 67) isOpen? false, length=0, newEndIndex=0]
2025-04-24 14:03:33,204 [omNode-3@group-523986131536-StateMachineUpdater] INFO  impl.StateMachineUpdater (StateMachineUpdater.java:stop(141)) - omNode-3@group-523986131536-StateMachineUpdater: closing OzoneManagerStateMachine, lastApplied=(t:9, i:103)
2025-04-24 14:03:33,204 [omNode-3@group-523986131536-StateMachineUpdater] INFO  ratis.OzoneManagerStateMachine (OzoneManagerStateMachine.java:close(550)) - Stopping OzoneManagerStateMachine:omNode-3:group-523986131536.
2025-04-24 14:03:33,204 [omNode-3@group-523986131536-StateMachineUpdater] INFO  ratis.OzoneManagerDoubleBuffer (OzoneManagerDoubleBuffer.java:stopDaemon(500)) - Stopping OMDoubleBuffer flush thread
2025-04-24 14:03:33,204 [omNode-3-OMDoubleBufferFlushThread] INFO  ratis.OzoneManagerDoubleBuffer (OzoneManagerDoubleBuffer.java:canFlush(559)) - OMDoubleBuffer flush thread omNode-3-OMDoubleBufferFlushThread is interrupted and will exit.
2025-04-24 14:03:33,204 [omNode-3@group-523986131536-SegmentedRaftLogWorker] INFO  segmented.SegmentedRaftLogWorker (SegmentedRaftLogWorker.java:execute(481)) - omNode-3@group-523986131536-SegmentedRaftLogWorker: Purged RaftLog segment: info=(76, 101) isOpen? false, length=0, newEndIndex=0, path=/home/runner/work/ozone/ozone/hadoop-ozone/integration-test/target/test-dir/MiniOzoneClusterImpl-4e6105ad-12bc-4f18-9d37-351d73277e17/omNode-3/ratis/c9bc4cf4-3bc3-3c60-a66b-523986131536/current/log_76-101
2025-04-24 14:03:33,205 [omNode-3@group-523986131536-SegmentedRaftLogWorker] INFO  segmented.SegmentedRaftLogWorker (SegmentedRaftLogWorker.java:execute(481)) - omNode-3@group-523986131536-SegmentedRaftLogWorker: Purged RaftLog segment: info=(72, 75) isOpen? false, length=0, newEndIndex=0, path=/home/runner/work/ozone/ozone/hadoop-ozone/integration-test/target/test-dir/MiniOzoneClusterImpl-4e6105ad-12bc-4f18-9d37-351d73277e17/omNode-3/ratis/c9bc4cf4-3bc3-3c60-a66b-523986131536/current/log_72-75
2025-04-24 14:03:33,205 [omNode-3@group-523986131536-cacheEviction-AwaitToRun] INFO  util.AwaitToRun (AwaitToRun.java:run(49)) - omNode-3@group-523986131536-cacheEviction-AwaitToRun-AwaitForSignal is interrupted
2025-04-24 14:03:33,205 [omNode-3@group-523986131536-SegmentedRaftLogWorker] INFO  segmented.SegmentedRaftLogWorker (SegmentedRaftLogWorker.java:execute(481)) - omNode-3@group-523986131536-SegmentedRaftLogWorker: Purged RaftLog segment: info=(68, 71) isOpen? false, length=0, newEndIndex=0, path=/home/runner/work/ozone/ozone/hadoop-ozone/integration-test/target/test-dir/MiniOzoneClusterImpl-4e6105ad-12bc-4f18-9d37-351d73277e17/omNode-3/ratis/c9bc4cf4-3bc3-3c60-a66b-523986131536/current/log_68-71
2025-04-24 14:03:33,205 [omNode-3@group-523986131536-SegmentedRaftLogWorker] INFO  segmented.SegmentedRaftLogWorker (SegmentedRaftLogWorker.java:execute(481)) - omNode-3@group-523986131536-SegmentedRaftLogWorker: Purged RaftLog segment: info=(34, 67) isOpen? false, length=0, newEndIndex=0, path=/home/runner/work/ozone/ozone/hadoop-ozone/integration-test/target/test-dir/MiniOzoneClusterImpl-4e6105ad-12bc-4f18-9d37-351d73277e17/omNode-3/ratis/c9bc4cf4-3bc3-3c60-a66b-523986131536/current/log_34-67
2025-04-24 14:03:33,205 [omNode-3@group-523986131536-SegmentedRaftLogWorker] INFO  raftlog.RaftLog (RaftLogBase.java:lambda$new$0(54)) - omNode-3@group-523986131536-SegmentedRaftLog: purgeIndex: updateToMax old=33, new=101, updated? true
2025-04-24 14:03:33,207 [omNode-3-impl-thread1] INFO  segmented.SegmentedRaftLogWorker (SegmentedRaftLogWorker.java:close(252)) - omNode-3@group-523986131536-SegmentedRaftLogWorker close()
2025-04-24 14:03:33,207 [JvmPauseMonitor20] INFO  util.JvmPauseMonitor (JvmPauseMonitor.java:run(152)) - JvmPauseMonitor-omNode-3: Stopped
2025-04-24 14:03:33,207 [main] INFO  utils.BackgroundService (BackgroundService.java:shutdown(161)) - Shutting down service KeyDeletingService
2025-04-24 14:03:33,208 [main] INFO  utils.BackgroundService (BackgroundService.java:shutdown(161)) - Shutting down service DirectoryDeletingService
2025-04-24 14:03:33,209 [main] INFO  utils.BackgroundService (BackgroundService.java:shutdown(161)) - Shutting down service OpenKeyCleanupService
2025-04-24 14:03:33,210 [main] INFO  utils.BackgroundService (BackgroundService.java:shutdown(161)) - Shutting down service SstFilteringService
2025-04-24 14:03:33,210 [main] INFO  utils.BackgroundService (BackgroundService.java:shutdown(161)) - Shutting down service SnapshotDeletingService
2025-04-24 14:03:33,210 [main] INFO  utils.BackgroundService (BackgroundService.java:shutdown(161)) - Shutting down service MultipartUploadCleanupService
2025-04-24 14:03:33,211 [main] INFO  handler.ContextHandler (ContextHandler.java:doStop(1159)) - Stopped o.e.j.w.WebAppContext@73f8fab6{ozoneManager,/,null,STOPPED}{file:/home/runner/work/ozone/ozone/hadoop-ozone/integration-test/target/test-classes/webapps/ozoneManager}
2025-04-24 14:03:33,212 [main] INFO  server.AbstractConnector (AbstractConnector.java:doStop(383)) - Stopped ServerConnector@46db959e{HTTP/1.1, (http/1.1)}{0.0.0.0:15015}
2025-04-24 14:03:33,212 [main] INFO  server.session (HouseKeeper.java:stopScavenging(149)) - node0 Stopped scavenging
2025-04-24 14:03:33,212 [main] INFO  handler.ContextHandler (ContextHandler.java:doStop(1159)) - Stopped o.e.j.s.ServletContextHandler@5633fc7c{static,/static,file:///home/runner/work/ozone/ozone/hadoop-ozone/integration-test/target/test-classes/webapps/static,STOPPED}
2025-04-24 14:03:33,212 [main] INFO  handler.ContextHandler (ContextHandler.java:doStop(1159)) - Stopped o.e.j.s.ServletContextHandler@42d68fdf{logs,/logs,file:///home/runner/work/ozone/ozone/hadoop-ozone/integration-test/target/log,STOPPED}
2025-04-24 14:03:33,213 [main] INFO  rocksdiff.RocksDBCheckpointDiffer (RocksDBCheckpointDiffer.java:close(304)) - Shutting down CompactionDagPruningService.
2025-04-24 14:03:33,214 [main] INFO  snapshot.SnapshotDiffManager (SnapshotDiffManager.java:closeExecutorService(1698)) - Shutting down executorService: 'SnapDiffExecutor'
2025-04-24 14:03:33,214 [main] INFO  utils.BackgroundService (BackgroundService.java:shutdown(161)) - Shutting down service SnapshotDiffCleanupService
2025-04-24 14:03:33,215 [main] INFO  om.OzoneManager (OzoneManager.java:stop(2347)) - omNode-1[localhost:15006]: Stopping Ozone Manager
2025-04-24 14:03:33,215 [main] INFO  om.OzoneManager (OzoneManager.java:stop(2347)) - omNode-2[localhost:15010]: Stopping Ozone Manager
2025-04-24 14:03:33,215 [main] INFO  ipc.Server (Server.java:stop(3697)) - Stopping server on 15010
2025-04-24 14:03:33,217 [IPC Server listener on 15010] INFO  ipc.Server (Server.java:run(1585)) - Stopping IPC Server listener on 15010
2025-04-24 14:03:33,217 [IPC Server Responder] INFO  ipc.Server (Server.java:run(1718)) - Stopping IPC Server Responder
2025-04-24 14:03:33,217 [main] INFO  ratis.OzoneManagerRatisServer (OzoneManagerRatisServer.java:stop(634)) - Stopping org.apache.hadoop.ozone.om.ratis.OzoneManagerRatisServer@6cb61ba9 at port 15013
2025-04-24 14:03:33,218 [main] INFO  server.RaftServer (RaftServerProxy.java:lambda$close$9(417)) - omNode-2: close
2025-04-24 14:03:33,218 [main] INFO  server.GrpcService (GrpcService.java:closeImpl(343)) - omNode-2: shutdown server GrpcServerProtocolService now
2025-04-24 14:03:33,218 [omNode-2-impl-thread1] INFO  server.RaftServer$Division (RaftServerImpl.java:lambda$close$1(513)) - omNode-2@group-523986131536: shutdown
2025-04-24 14:03:33,218 [omNode-2-impl-thread1] INFO  util.JmxRegister (JmxRegister.java:unregister(74)) - Successfully un-registered JMX Bean with object name Ratis:service=RaftServer,group=group-523986131536,id=omNode-2
2025-04-24 14:03:33,218 [omNode-2-impl-thread1] INFO  impl.RoleInfo (RoleInfo.java:shutdownFollowerState(121)) - omNode-2: shutdown omNode-2@group-523986131536-FollowerState
2025-04-24 14:03:33,218 [omNode-2-impl-thread1] INFO  impl.StateMachineUpdater (StateMachineUpdater.java:stopAndJoin(164)) - omNode-2@group-523986131536-StateMachineUpdater: set stopIndex = 103
2025-04-24 14:03:33,218 [omNode-2@group-523986131536-FollowerState] INFO  impl.FollowerState (FollowerState.java:runImpl(170)) - omNode-2@group-523986131536-FollowerState was interrupted
2025-04-24 14:03:33,219 [main] INFO  server.GrpcService (GrpcService.java:closeImpl(352)) - omNode-2: shutdown server GrpcServerProtocolService successfully
2025-04-24 14:03:33,235 [omNode-2@group-523986131536-StateMachineUpdater] INFO  ratis.OzoneManagerStateMachine (OzoneManagerStateMachine.java:takeSnapshotImpl(510)) - omNode-2: taking snapshot. applied = (t:9, i:103), skipped = 100, notified = (t:9, i:103), current snapshot index = (t:9, i:103), took 17 ms
2025-04-24 14:03:33,235 [omNode-2@group-523986131536-StateMachineUpdater] INFO  impl.StateMachineUpdater (StateMachineUpdater.java:takeSnapshot(303)) - omNode-2@group-523986131536-StateMachineUpdater: Took a snapshot at index 103
2025-04-24 14:03:33,235 [omNode-2@group-523986131536-StateMachineUpdater] INFO  impl.StateMachineUpdater (StateMachineUpdater.java:lambda$new$0(102)) - omNode-2@group-523986131536-StateMachineUpdater: snapshotIndex: updateIncreasingly 75 -> 103
2025-04-24 14:03:33,235 [omNode-2@group-523986131536-StateMachineUpdater] INFO  raftlog.RaftLog (RaftLogBase.java:purge(325)) - omNode-2@group-523986131536-SegmentedRaftLog: purge 103
2025-04-24 14:03:33,236 [omNode-2@group-523986131536-StateMachineUpdater] INFO  raftlog.RaftLog (RaftLogBase.java:lambda$new$0(54)) - omNode-2@group-523986131536-SegmentedRaftLog: snapshotIndex: updateIncreasingly 75 -> 103
2025-04-24 14:03:33,236 [omNode-2@group-523986131536-StateMachineUpdater] INFO  raftlog.RaftLog (SegmentedRaftLog.java:purgeImpl(382)) - omNode-2@group-523986131536-SegmentedRaftLog: purge(103)
  toTruncate: null
    toDelete: [(76, 101) isOpen? false, length=0, newEndIndex=0, (72, 75) isOpen? false, length=0, newEndIndex=0, (68, 71) isOpen? false, length=0, newEndIndex=0, (34, 67) isOpen? false, length=0, newEndIndex=0]
2025-04-24 14:03:33,236 [omNode-2@group-523986131536-StateMachineUpdater] INFO  impl.StateMachineUpdater (StateMachineUpdater.java:stop(141)) - omNode-2@group-523986131536-StateMachineUpdater: closing OzoneManagerStateMachine, lastApplied=(t:9, i:103)
2025-04-24 14:03:33,236 [omNode-2@group-523986131536-StateMachineUpdater] INFO  ratis.OzoneManagerStateMachine (OzoneManagerStateMachine.java:close(550)) - Stopping OzoneManagerStateMachine:omNode-2:group-523986131536.
2025-04-24 14:03:33,236 [omNode-2@group-523986131536-StateMachineUpdater] INFO  ratis.OzoneManagerDoubleBuffer (OzoneManagerDoubleBuffer.java:stopDaemon(500)) - Stopping OMDoubleBuffer flush thread
2025-04-24 14:03:33,236 [omNode-2-OMDoubleBufferFlushThread] INFO  ratis.OzoneManagerDoubleBuffer (OzoneManagerDoubleBuffer.java:canFlush(559)) - OMDoubleBuffer flush thread omNode-2-OMDoubleBufferFlushThread is interrupted and will exit.
2025-04-24 14:03:33,236 [omNode-2@group-523986131536-SegmentedRaftLogWorker] INFO  segmented.SegmentedRaftLogWorker (SegmentedRaftLogWorker.java:execute(481)) - omNode-2@group-523986131536-SegmentedRaftLogWorker: Purged RaftLog segment: info=(76, 101) isOpen? false, length=0, newEndIndex=0, path=/home/runner/work/ozone/ozone/hadoop-ozone/integration-test/target/test-dir/MiniOzoneClusterImpl-4e6105ad-12bc-4f18-9d37-351d73277e17/omNode-2/ratis/c9bc4cf4-3bc3-3c60-a66b-523986131536/current/log_76-101
2025-04-24 14:03:33,236 [omNode-2@group-523986131536-SegmentedRaftLogWorker] INFO  segmented.SegmentedRaftLogWorker (SegmentedRaftLogWorker.java:execute(481)) - omNode-2@group-523986131536-SegmentedRaftLogWorker: Purged RaftLog segment: info=(72, 75) isOpen? false, length=0, newEndIndex=0, path=/home/runner/work/ozone/ozone/hadoop-ozone/integration-test/target/test-dir/MiniOzoneClusterImpl-4e6105ad-12bc-4f18-9d37-351d73277e17/omNode-2/ratis/c9bc4cf4-3bc3-3c60-a66b-523986131536/current/log_72-75
2025-04-24 14:03:33,236 [omNode-2@group-523986131536-SegmentedRaftLogWorker] INFO  segmented.SegmentedRaftLogWorker (SegmentedRaftLogWorker.java:execute(481)) - omNode-2@group-523986131536-SegmentedRaftLogWorker: Purged RaftLog segment: info=(68, 71) isOpen? false, length=0, newEndIndex=0, path=/home/runner/work/ozone/ozone/hadoop-ozone/integration-test/target/test-dir/MiniOzoneClusterImpl-4e6105ad-12bc-4f18-9d37-351d73277e17/omNode-2/ratis/c9bc4cf4-3bc3-3c60-a66b-523986131536/current/log_68-71
2025-04-24 14:03:33,236 [omNode-2@group-523986131536-SegmentedRaftLogWorker] INFO  segmented.SegmentedRaftLogWorker (SegmentedRaftLogWorker.java:execute(481)) - omNode-2@group-523986131536-SegmentedRaftLogWorker: Purged RaftLog segment: info=(34, 67) isOpen? false, length=0, newEndIndex=0, path=/home/runner/work/ozone/ozone/hadoop-ozone/integration-test/target/test-dir/MiniOzoneClusterImpl-4e6105ad-12bc-4f18-9d37-351d73277e17/omNode-2/ratis/c9bc4cf4-3bc3-3c60-a66b-523986131536/current/log_34-67
2025-04-24 14:03:33,237 [omNode-2@group-523986131536-SegmentedRaftLogWorker] INFO  raftlog.RaftLog (RaftLogBase.java:lambda$new$0(54)) - omNode-2@group-523986131536-SegmentedRaftLog: purgeIndex: updateToMax old=33, new=101, updated? true
2025-04-24 14:03:33,237 [omNode-2@group-523986131536-cacheEviction-AwaitToRun] INFO  util.AwaitToRun (AwaitToRun.java:run(49)) - omNode-2@group-523986131536-cacheEviction-AwaitToRun-AwaitForSignal is interrupted
2025-04-24 14:03:34,238 [omNode-2-impl-thread1] INFO  segmented.SegmentedRaftLogWorker (SegmentedRaftLogWorker.java:close(252)) - omNode-2@group-523986131536-SegmentedRaftLogWorker close()
2025-04-24 14:03:34,238 [JvmPauseMonitor22] INFO  util.JvmPauseMonitor (JvmPauseMonitor.java:run(152)) - JvmPauseMonitor-omNode-2: Stopped
2025-04-24 14:03:34,238 [main] INFO  utils.BackgroundService (BackgroundService.java:shutdown(161)) - Shutting down service KeyDeletingService
2025-04-24 14:03:34,239 [main] INFO  utils.BackgroundService (BackgroundService.java:shutdown(161)) - Shutting down service DirectoryDeletingService
2025-04-24 14:03:34,240 [main] INFO  utils.BackgroundService (BackgroundService.java:shutdown(161)) - Shutting down service OpenKeyCleanupService
2025-04-24 14:03:34,240 [main] INFO  utils.BackgroundService (BackgroundService.java:shutdown(161)) - Shutting down service SstFilteringService
2025-04-24 14:03:34,240 [main] INFO  utils.BackgroundService (BackgroundService.java:shutdown(161)) - Shutting down service SnapshotDeletingService
2025-04-24 14:03:34,241 [main] INFO  utils.BackgroundService (BackgroundService.java:shutdown(161)) - Shutting down service MultipartUploadCleanupService
2025-04-24 14:03:34,241 [main] INFO  handler.ContextHandler (ContextHandler.java:doStop(1159)) - Stopped o.e.j.w.WebAppContext@4455f3b8{ozoneManager,/,null,STOPPED}{file:/home/runner/work/ozone/ozone/hadoop-ozone/integration-test/target/test-classes/webapps/ozoneManager}
2025-04-24 14:03:34,242 [main] INFO  server.AbstractConnector (AbstractConnector.java:doStop(383)) - Stopped ServerConnector@43e4987c{HTTP/1.1, (http/1.1)}{0.0.0.0:15011}
2025-04-24 14:03:34,242 [main] INFO  server.session (HouseKeeper.java:stopScavenging(149)) - node0 Stopped scavenging
2025-04-24 14:03:34,242 [main] INFO  handler.ContextHandler (ContextHandler.java:doStop(1159)) - Stopped o.e.j.s.ServletContextHandler@68ee0208{static,/static,file:///home/runner/work/ozone/ozone/hadoop-ozone/integration-test/target/test-classes/webapps/static,STOPPED}
2025-04-24 14:03:34,242 [main] INFO  handler.ContextHandler (ContextHandler.java:doStop(1159)) - Stopped o.e.j.s.ServletContextHandler@417f03da{logs,/logs,file:///home/runner/work/ozone/ozone/hadoop-ozone/integration-test/target/log,STOPPED}
2025-04-24 14:03:34,243 [main] INFO  rocksdiff.RocksDBCheckpointDiffer (RocksDBCheckpointDiffer.java:close(304)) - Shutting down CompactionDagPruningService.
2025-04-24 14:03:34,245 [main] INFO  snapshot.SnapshotDiffManager (SnapshotDiffManager.java:closeExecutorService(1698)) - Shutting down executorService: 'SnapDiffExecutor'
2025-04-24 14:03:34,245 [main] INFO  utils.BackgroundService (BackgroundService.java:shutdown(161)) - Shutting down service SnapshotDiffCleanupService
2025-04-24 14:03:34,246 [main] INFO  om.OzoneManager (OzoneManager.java:restart(1878)) - OzoneManager RPC server is listening at localhost/127.0.0.1:15014
2025-04-24 14:03:34,246 [main] INFO  impl.MetricsSystemImpl (MetricsSystemImpl.java:init(158)) - OzoneManager metrics system started (again)
2025-04-24 14:03:34,258 [main] WARN  server.ServerUtils (ServerUtils.java:getDBPath(297)) - ozone.om.db.dirs is not configured. We recommend adding this setting. Falling back to ozone.metadata.dirs instead.
2025-04-24 14:03:34,309 [main] INFO  om.OzoneManager (OzoneManager.java:instantiateServices(933)) - S3 Multi-Tenancy is disabled
2025-04-24 14:03:34,309 [main] INFO  om.OmSnapshotManager (OmSnapshotManager.java:<init>(180)) - Ozone filesystem snapshot feature is enabled.
2025-04-24 14:03:34,309 [main] WARN  server.ServerUtils (ServerUtils.java:getDBPath(297)) - ozone.om.snapshot.diff.db.dir is not configured. We recommend adding this setting. Falling back to ozone.metadata.dirs instead.
2025-04-24 14:03:34,326 [main] WARN  server.ServerUtils (ServerUtils.java:getDefaultRatisDirectory(309)) - Storage directory for Ratis is not configured. It is a good idea to map this to an SSD disk. Falling back to ozone.metadata.dirs
2025-04-24 14:03:34,326 [main] INFO  server.RaftServerConfigKeys (ConfUtils.java:logGet(46)) - raft.server.log.appender.buffer.byte-limit = 4194304 (custom)
2025-04-24 14:03:34,327 [main] INFO  ratis.OzoneManagerRatisServer (OzoneManagerRatisServer.java:<init>(167)) - Instantiating OM Ratis server with groupID: om-service-test1 and peers: localhost:15017, localhost:15009, localhost:15013
2025-04-24 14:03:34,327 [main] INFO  ratis.OzoneManagerStateMachine (OzoneManagerStateMachine.java:loadSnapshotInfoFromDB(611)) - LastAppliedIndex is set from TransactionInfo from OM DB as (t:9, i:103)
2025-04-24 14:03:34,328 [main] INFO  server.RaftServer (ConfUtils.java:logGet(46)) - raft.rpc.type = GRPC (default)
2025-04-24 14:03:34,329 [main] INFO  grpc.GrpcConfigKeys (ConfUtils.java:logFallback(53)) - raft.grpc.admin.host = null (fallback to raft.grpc.server.host)
2025-04-24 14:03:34,329 [main] INFO  grpc.GrpcConfigKeys (ConfUtils.java:logFallback(53)) - raft.grpc.admin.port = 15017 (fallback to raft.grpc.server.port)
2025-04-24 14:03:34,329 [main] INFO  grpc.GrpcConfigKeys (ConfUtils.java:logFallback(53)) - raft.grpc.client.host = null (fallback to raft.grpc.server.host)
2025-04-24 14:03:34,329 [main] INFO  grpc.GrpcConfigKeys (ConfUtils.java:logFallback(53)) - raft.grpc.client.port = 15017 (fallback to raft.grpc.server.port)
2025-04-24 14:03:34,329 [main] INFO  grpc.GrpcConfigKeys (ConfUtils.java:logGet(46)) - raft.grpc.server.host = null (default)
2025-04-24 14:03:34,329 [main] INFO  grpc.GrpcConfigKeys (ConfUtils.java:logGet(46)) - raft.grpc.server.port = 15017 (custom)
2025-04-24 14:03:34,329 [main] INFO  server.GrpcService (ConfUtils.java:logGet(46)) - raft.grpc.message.size.max = 5242880 (custom)
2025-04-24 14:03:34,329 [main] INFO  server.GrpcService (ConfUtils.java:logGet(46)) - raft.grpc.flow.control.window = 1MB (=1048576) (default)
2025-04-24 14:03:34,330 [main] INFO  server.RaftServerConfigKeys (ConfUtils.java:logGet(46)) - raft.server.rpc.request.timeout = 3000ms (default)
2025-04-24 14:03:34,330 [main] INFO  grpc.GrpcConfigKeys (ConfUtils.java:logGet(46)) - raft.grpc.server.heartbeat.channel = true (default)
2025-04-24 14:03:34,330 [main] INFO  server.RaftServerConfigKeys (ConfUtils.java:logGet(46)) - raft.server.log.appender.buffer.byte-limit = 4194304 (custom)
2025-04-24 14:03:34,330 [main] INFO  grpc.GrpcConfigKeys (ConfUtils.java:logGet(46)) - raft.grpc.server.async.request.thread.pool.cached = true (default)
2025-04-24 14:03:34,330 [main] INFO  grpc.GrpcConfigKeys (ConfUtils.java:logGet(46)) - raft.grpc.server.async.request.thread.pool.size = 32 (default)
2025-04-24 14:03:34,331 [main] INFO  impl.DataStreamServerImpl (ConfUtils.java:logGet(46)) - raft.datastream.type = DISABLED (default)
2025-04-24 14:03:34,331 [main] INFO  server.RaftServerConfigKeys (ConfUtils.java:logGet(46)) - raft.server.sleep.deviation.threshold = 300ms (default)
2025-04-24 14:03:34,331 [main] INFO  server.RaftServerConfigKeys (ConfUtils.java:logGet(46)) - raft.server.close.threshold = 60s (default)
2025-04-24 14:03:34,331 [main] INFO  server.RaftServerConfigKeys (ConfUtils.java:logGet(46)) - raft.server.leaderelection.leader.step-down.wait-time = 10s (default)
2025-04-24 14:03:34,331 [main] INFO  server.RaftServerConfigKeys (ConfUtils.java:logGet(46)) - raft.server.storage.dir = [/home/runner/work/ozone/ozone/hadoop-ozone/integration-test/target/test-dir/MiniOzoneClusterImpl-4e6105ad-12bc-4f18-9d37-351d73277e17/omNode-3/ratis] (custom)
2025-04-24 14:03:34,331 [main] INFO  server.RaftServerConfigKeys (ConfUtils.java:logGet(46)) - raft.server.threadpool.proxy.cached = true (default)
2025-04-24 14:03:34,332 [main] INFO  server.RaftServerConfigKeys (ConfUtils.java:logGet(46)) - raft.server.threadpool.proxy.size = 0 (default)
2025-04-24 14:03:34,332 [omNode-3-impl-thread1] INFO  server.RaftServer (RaftServerProxy.java:initGroupDir(265)) - omNode-3: found a subdirectory /home/runner/work/ozone/ozone/hadoop-ozone/integration-test/target/test-dir/MiniOzoneClusterImpl-4e6105ad-12bc-4f18-9d37-351d73277e17/omNode-3/ratis/c9bc4cf4-3bc3-3c60-a66b-523986131536
2025-04-24 14:03:34,332 [main] INFO  server.RaftServer (RaftServerProxy.java:addNew(100)) - omNode-3: addNew group-523986131536:[omNode-3|localhost:15017, omNode-1|localhost:15009, omNode-2|localhost:15013] returns group-523986131536:java.util.concurrent.CompletableFuture@a015204[Not completed]
2025-04-24 14:03:34,333 [omNode-3-groupManagement] INFO  server.RaftServer$Division (RaftServerImpl.java:<init>(255)) - omNode-3: new RaftServerImpl for group-523986131536:[omNode-3|localhost:15017, omNode-1|localhost:15009, omNode-2|localhost:15013] with OzoneManagerStateMachine:uninitialized
2025-04-24 14:03:34,333 [main] INFO  om.OzoneManager (OzoneManager.java:initializeRatisServer(2303)) - OzoneManager Ratis server initialized at port 15017
2025-04-24 14:03:34,333 [main] INFO  ratis.OzoneManagerRatisServer (OzoneManagerRatisServer.java:start(628)) - Starting OzoneManagerRatisServer omNode-3 at port 15017
2025-04-24 14:03:34,333 [omNode-3-groupManagement] INFO  server.RaftServerConfigKeys (ConfUtils.java:logGet(46)) - raft.server.rpc.timeout.min = 1s (custom)
2025-04-24 14:03:34,333 [omNode-3-groupManagement] INFO  server.RaftServerConfigKeys (ConfUtils.java:logGet(46)) - raft.server.rpc.timeout.max = 1200ms (custom)
2025-04-24 14:03:34,333 [omNode-3-groupManagement] INFO  server.RaftServerConfigKeys (ConfUtils.java:logGet(46)) - raft.server.rpc.sleep.time = 25ms (default)
2025-04-24 14:03:34,333 [omNode-3-groupManagement] INFO  server.RaftServerConfigKeys (ConfUtils.java:logGet(46)) - raft.server.rpc.slowness.timeout = 2s (custom)
2025-04-24 14:03:34,333 [omNode-3-groupManagement] INFO  server.RaftServerConfigKeys (ConfUtils.java:logGet(46)) - raft.server.leaderelection.leader.step-down.wait-time = 10s (default)
2025-04-24 14:03:34,333 [omNode-3-groupManagement] INFO  server.RaftServerConfigKeys (ConfUtils.java:logGet(46)) - raft.server.leaderelection.member.majority-add = false (default)
2025-04-24 14:03:34,333 [omNode-3-groupManagement] INFO  server.RaftServerConfigKeys (ConfUtils.java:logGet(46)) - raft.server.sleep.deviation.threshold = 300ms (default)
2025-04-24 14:03:34,333 [omNode-3-groupManagement] INFO  server.RaftServer$Division (ServerState.java:<init>(114)) - omNode-3@group-523986131536: ConfigurationManager, init=conf: {index: -1, cur=peers:[omNode-3|localhost:15017, omNode-1|localhost:15009, omNode-2|localhost:15013]|listeners:[], old=null}, confs=<EMPTY_MAP>
2025-04-24 14:03:34,333 [omNode-3-groupManagement] INFO  server.RaftServerConfigKeys (ConfUtils.java:logGet(46)) - raft.server.notification.no-leader.timeout = 2s (custom)
2025-04-24 14:03:34,333 [omNode-3-groupManagement] INFO  server.RaftServerConfigKeys (ConfUtils.java:logGet(46)) - raft.server.read.timeout = 10s (default)
2025-04-24 14:03:34,333 [omNode-3-groupManagement] INFO  server.RaftServerConfigKeys (ConfUtils.java:logGet(46)) - raft.server.retrycache.expirytime = 30000ms (custom)
2025-04-24 14:03:34,333 [omNode-3-groupManagement] INFO  server.RaftServerConfigKeys (ConfUtils.java:logGet(46)) - raft.server.retrycache.statistics.expirytime = 100ms (default)
2025-04-24 14:03:34,333 [omNode-3-groupManagement] INFO  server.RaftServerConfigKeys (ConfUtils.java:logGet(46)) - raft.server.read.option = DEFAULT (default)
2025-04-24 14:03:34,333 [omNode-3-groupManagement] INFO  server.RaftServerConfigKeys (ConfUtils.java:logGet(46)) - raft.server.read.read-after-write-consistent.write-index-cache.expiry-time = 60s (default)
2025-04-24 14:03:34,335 [omNode-3-groupManagement] INFO  server.RaftServerConfigKeys (ConfUtils.java:logGet(46)) - raft.server.rpc.request.timeout = 3000ms (default)
2025-04-24 14:03:34,335 [omNode-3-groupManagement] INFO  server.RaftServerConfigKeys (ConfUtils.java:logGet(46)) - raft.server.log.appender.install.snapshot.enabled = false (custom)
2025-04-24 14:03:34,335 [omNode-3-groupManagement] INFO  server.RaftServerConfigKeys (ConfUtils.java:logGet(46)) - raft.server.threadpool.server.cached = true (default)
2025-04-24 14:03:34,335 [omNode-3-groupManagement] INFO  server.RaftServerConfigKeys (ConfUtils.java:logGet(46)) - raft.server.threadpool.server.size = 0 (default)
2025-04-24 14:03:34,335 [omNode-3-groupManagement] INFO  server.RaftServerConfigKeys (ConfUtils.java:logGet(46)) - raft.server.threadpool.client.cached = true (default)
2025-04-24 14:03:34,336 [omNode-3-groupManagement] INFO  server.RaftServerConfigKeys (ConfUtils.java:logGet(46)) - raft.server.threadpool.client.size = 0 (default)
2025-04-24 14:03:34,336 [omNode-3-impl-thread1] INFO  server.RaftServerConfigKeys (ConfUtils.java:logGet(46)) - raft.server.storage.free-space.min = 0MB (=0) (default)
2025-04-24 14:03:34,336 [omNode-3-impl-thread1] INFO  server.RaftServerConfigKeys (ConfUtils.java:logGet(46)) - raft.server.log.corruption.policy = EXCEPTION (default)
2025-04-24 14:03:34,336 [omNode-3-impl-thread1] INFO  server.RaftServerConfigKeys (ConfUtils.java:logGet(46)) - raft.server.storage.dir = [/home/runner/work/ozone/ozone/hadoop-ozone/integration-test/target/test-dir/MiniOzoneClusterImpl-4e6105ad-12bc-4f18-9d37-351d73277e17/omNode-3/ratis] (custom)
2025-04-24 14:03:34,337 [omNode-3-impl-thread1] INFO  storage.RaftStorageDirectory (RaftStorageDirectoryImpl.java:tryLock(229)) - Lock on /home/runner/work/ozone/ozone/hadoop-ozone/integration-test/target/test-dir/MiniOzoneClusterImpl-4e6105ad-12bc-4f18-9d37-351d73277e17/omNode-3/ratis/c9bc4cf4-3bc3-3c60-a66b-523986131536/in_use.lock acquired by nodename 129728@fv-az2210-761
2025-04-24 14:03:34,337 [omNode-3-impl-thread1] INFO  storage.RaftStorage (RaftStorageImpl.java:analyzeAndRecoverStorage(118)) - Read RaftStorageMetadata{term=9, votedFor=omNode-3} from /home/runner/work/ozone/ozone/hadoop-ozone/integration-test/target/test-dir/MiniOzoneClusterImpl-4e6105ad-12bc-4f18-9d37-351d73277e17/omNode-3/ratis/c9bc4cf4-3bc3-3c60-a66b-523986131536/current/raft-meta
2025-04-24 14:03:34,337 [omNode-3-impl-thread1] INFO  server.RaftServer$Division (ServerState.java:setRaftConf(386)) - omNode-3@group-523986131536: set configuration conf: {index: 102, cur=peers:[omNode-3|localhost:15017, omNode-1|localhost:15009, omNode-2|localhost:15013]|listeners:[], old=null}
2025-04-24 14:03:34,337 [omNode-3-impl-thread1] INFO  ratis.OzoneManagerStateMachine (OzoneManagerStateMachine.java:lambda$0(138)) - omNode-3: initialize group-523986131536 with (t:9, i:103)
2025-04-24 14:03:34,337 [omNode-3-impl-thread1] INFO  server.RaftServerConfigKeys (ConfUtils.java:logGet(46)) - raft.server.log.use.memory = false (default)
2025-04-24 14:03:34,337 [omNode-3-impl-thread1] INFO  server.RaftServerConfigKeys (ConfUtils.java:logGet(46)) - raft.server.log.purge.gap = 50 (custom)
2025-04-24 14:03:34,339 [omNode-3-impl-thread1] INFO  server.RaftServerConfigKeys (ConfUtils.java:logGet(46)) - raft.server.log.appender.buffer.byte-limit = 4194304 (custom)
2025-04-24 14:03:34,339 [omNode-3-impl-thread1] INFO  server.RaftServerConfigKeys (ConfUtils.java:logGet(46)) - raft.server.log.statemachine.data.read.timeout = 1000ms (default)
2025-04-24 14:03:34,339 [omNode-3-impl-thread1] INFO  server.RaftServerConfigKeys (ConfUtils.java:logGet(46)) - raft.server.log.purge.preservation.log.num = 0 (default)
2025-04-24 14:03:34,340 [omNode-3-impl-thread1] INFO  server.RaftServerConfigKeys (ConfUtils.java:logGet(46)) - raft.server.log.segment.size.max = 4194304 (custom)
2025-04-24 14:03:34,340 [omNode-3-impl-thread1] INFO  server.RaftServerConfigKeys (ConfUtils.java:logGet(46)) - raft.server.log.segment.cache.num.max = 2 (custom)
2025-04-24 14:03:34,340 [omNode-3-impl-thread1] INFO  server.RaftServerConfigKeys (ConfUtils.java:logGet(46)) - raft.server.log.segment.cache.size.max = 200MB (=209715200) (default)
2025-04-24 14:03:34,340 [omNode-3-impl-thread1] INFO  server.RaftServerConfigKeys (ConfUtils.java:logGet(46)) - raft.server.log.appender.buffer.byte-limit = 4194304 (custom)
2025-04-24 14:03:34,340 [omNode-3-impl-thread1] INFO  util.AwaitToRun (AwaitToRun.java:start(81)) - Thread[#4131,omNode-3@group-523986131536-cacheEviction-AwaitToRun,5,main] started
2025-04-24 14:03:34,341 [omNode-3-impl-thread1] INFO  segmented.SegmentedRaftLogWorker (SegmentedRaftLogWorker.java:<init>(188)) - new omNode-3@group-523986131536-SegmentedRaftLogWorker for RaftStorageImpl:Storage Directory /home/runner/work/ozone/ozone/hadoop-ozone/integration-test/target/test-dir/MiniOzoneClusterImpl-4e6105ad-12bc-4f18-9d37-351d73277e17/omNode-3/ratis/c9bc4cf4-3bc3-3c60-a66b-523986131536
2025-04-24 14:03:34,341 [omNode-3-impl-thread1] INFO  server.RaftServerConfigKeys (ConfUtils.java:logGet(46)) - raft.server.log.queue.byte-limit = 64MB (=67108864) (default)
2025-04-24 14:03:34,341 [omNode-3-impl-thread1] INFO  server.RaftServerConfigKeys (ConfUtils.java:logGet(46)) - raft.server.log.queue.element-limit = 4096 (default)
2025-04-24 14:03:34,341 [omNode-3-impl-thread1] INFO  server.RaftServerConfigKeys (ConfUtils.java:logGet(46)) - raft.server.log.segment.size.max = 4194304 (custom)
2025-04-24 14:03:34,341 [omNode-3-impl-thread1] INFO  server.RaftServerConfigKeys (ConfUtils.java:logGet(46)) - raft.server.log.preallocated.size = 4194304 (custom)
2025-04-24 14:03:34,341 [omNode-3-impl-thread1] INFO  server.RaftServerConfigKeys (ConfUtils.java:logGet(46)) - raft.server.log.force.sync.num = 128 (default)
2025-04-24 14:03:34,341 [omNode-3-impl-thread1] INFO  server.RaftServerConfigKeys (ConfUtils.java:logGet(46)) - raft.server.log.statemachine.data.sync = true (default)
2025-04-24 14:03:34,341 [omNode-3-impl-thread1] INFO  server.RaftServerConfigKeys (ConfUtils.java:logGet(46)) - raft.server.log.statemachine.data.sync.timeout = 10s (default)
2025-04-24 14:03:34,341 [omNode-3-impl-thread1] INFO  server.RaftServerConfigKeys (ConfUtils.java:logGet(46)) - raft.server.log.statemachine.data.sync.timeout.retry = -1 (default)
2025-04-24 14:03:34,341 [omNode-3-impl-thread1] INFO  server.RaftServerConfigKeys (ConfUtils.java:logGet(46)) - raft.server.log.write.buffer.size = 4194312 (custom)
2025-04-24 14:03:34,341 [omNode-3-impl-thread1] INFO  server.RaftServerConfigKeys (ConfUtils.java:logGet(46)) - raft.server.log.appender.buffer.byte-limit = 4194304 (custom)
2025-04-24 14:03:34,341 [omNode-3-impl-thread1] INFO  server.RaftServerConfigKeys (ConfUtils.java:logGet(46)) - raft.server.log.unsafe-flush.enabled = false (default)
2025-04-24 14:03:34,341 [omNode-3-impl-thread1] INFO  server.RaftServerConfigKeys (ConfUtils.java:logGet(46)) - raft.server.log.async-flush.enabled = false (default)
2025-04-24 14:03:34,342 [omNode-3-impl-thread1] INFO  server.RaftServerConfigKeys (ConfUtils.java:logGet(46)) - raft.server.log.statemachine.data.caching.enabled = false (default)
2025-04-24 14:03:34,342 [omNode-3-impl-thread1] INFO  server.RaftServer$Division (ServerState.java:setRaftConf(386)) - omNode-3@group-523986131536: set configuration conf: {index: 102, cur=peers:[omNode-3|localhost:15017, omNode-1|localhost:15009, omNode-2|localhost:15013]|listeners:[], old=null}
2025-04-24 14:03:34,342 [omNode-3-impl-thread1] INFO  segmented.LogSegment (LogSegment.java:loadSegment(171)) - Successfully read 2 entries from segment file /home/runner/work/ozone/ozone/hadoop-ozone/integration-test/target/test-dir/MiniOzoneClusterImpl-4e6105ad-12bc-4f18-9d37-351d73277e17/omNode-3/ratis/c9bc4cf4-3bc3-3c60-a66b-523986131536/current/log_inprogress_102
2025-04-24 14:03:34,342 [omNode-3-impl-thread1] INFO  segmented.SegmentedRaftLogWorker (SegmentedRaftLogWorker.java:lambda$new$0(139)) - omNode-3@group-523986131536-SegmentedRaftLogWorker: flushIndex: setUnconditionally 0 -> 103
2025-04-24 14:03:34,342 [omNode-3-impl-thread1] INFO  segmented.SegmentedRaftLogWorker (SegmentedRaftLogWorker.java:lambda$new$0(139)) - omNode-3@group-523986131536-SegmentedRaftLogWorker: safeCacheEvictIndex: setUnconditionally 0 -> -1
2025-04-24 14:03:34,342 [omNode-3-impl-thread1] INFO  segmented.BufferedWriteChannel (BufferedWriteChannel.java:open(61)) - open log_inprogress_102 (append) at position 125
2025-04-24 14:03:34,343 [omNode-3-impl-thread1] INFO  raftlog.RaftLog (RaftLogBase.java:lambda$new$0(54)) - omNode-3@group-523986131536-SegmentedRaftLog: purgeIndex: updateToMax old=-1, new=101, updated? true
2025-04-24 14:03:34,343 [omNode-3-impl-thread1] INFO  server.RaftServer$Division (RaftServerImpl.java:start(391)) - omNode-3@group-523986131536: start as a follower, conf=conf: {index: 102, cur=peers:[omNode-3|localhost:15017, omNode-1|localhost:15009, omNode-2|localhost:15013]|listeners:[], old=null}
2025-04-24 14:03:34,343 [omNode-3-impl-thread1] INFO  server.RaftServer$Division (RaftServerImpl.java:setRole(378)) - omNode-3@group-523986131536: changes role from      null to FOLLOWER at term 9 for startAsFollower
2025-04-24 14:03:34,343 [omNode-3-impl-thread1] INFO  impl.RoleInfo (RoleInfo.java:updateAndGet(148)) - omNode-3: start omNode-3@group-523986131536-FollowerState
2025-04-24 14:03:34,344 [omNode-3-impl-thread1] INFO  util.JmxRegister (JmxRegister.java:tryRegister(44)) - Successfully registered JMX Bean with object name Ratis:service=RaftServer,group=group-523986131536,id=omNode-3
2025-04-24 14:03:34,344 [omNode-3-impl-thread1] INFO  util.JmxRegister (JmxRegister.java:register(58)) - register mxBean class org.apache.ratis.server.impl.RaftServerJmxAdapter as Ratis:service=RaftServer,group=group-523986131536,id=omNode-3
2025-04-24 14:03:34,344 [omNode-3@group-523986131536-FollowerState] INFO  server.RaftServerConfigKeys (ConfUtils.java:logFallback(53)) - raft.server.rpc.first-election.timeout.min = 1s (fallback to raft.server.rpc.timeout.min)
2025-04-24 14:03:34,344 [omNode-3@group-523986131536-FollowerState] INFO  server.RaftServerConfigKeys (ConfUtils.java:logFallback(53)) - raft.server.rpc.first-election.timeout.max = 1200ms (fallback to raft.server.rpc.timeout.max)
2025-04-24 14:03:34,344 [omNode-3-impl-thread1] INFO  server.RaftServerConfigKeys (ConfUtils.java:logGet(46)) - raft.server.snapshot.trigger-when-stop.enabled = true (default)
2025-04-24 14:03:34,344 [omNode-3-impl-thread1] INFO  server.RaftServerConfigKeys (ConfUtils.java:logGet(46)) - raft.server.snapshot.trigger-when-remove.enabled = true (default)
2025-04-24 14:03:34,344 [omNode-3-impl-thread1] INFO  server.RaftServerConfigKeys (ConfUtils.java:logGet(46)) - raft.server.snapshot.auto.trigger.enabled = true (custom)
2025-04-24 14:03:34,344 [omNode-3-impl-thread1] INFO  server.RaftServerConfigKeys (ConfUtils.java:logGet(46)) - raft.server.snapshot.auto.trigger.threshold = 50 (custom)
2025-04-24 14:03:34,344 [omNode-3-impl-thread1] INFO  server.RaftServerConfigKeys (ConfUtils.java:logGet(46)) - raft.server.snapshot.retention.file.num = -1 (default)
2025-04-24 14:03:34,344 [omNode-3-impl-thread1] INFO  server.RaftServerConfigKeys (ConfUtils.java:logGet(46)) - raft.server.log.purge.upto.snapshot.index = true (custom)
2025-04-24 14:03:34,345 [omNode-3-impl-thread1] INFO  server.RaftServer$Division (RaftServerImpl.java:start(405)) - omNode-3@group-523986131536: Successfully started.
2025-04-24 14:03:34,345 [main] INFO  server.RaftServer (RaftServerProxy.java:startImpl(407)) - omNode-3: start RPC server
2025-04-24 14:03:34,345 [main] INFO  server.GrpcService (GrpcService.java:startImpl(334)) - omNode-3: GrpcService started, listening on 15017
2025-04-24 14:03:34,345 [main] INFO  om.OzoneManager (OzoneManager.java:getRpcServer(1360)) - Creating RPC Server
2025-04-24 14:03:34,346 [JvmPauseMonitor23] INFO  util.JvmPauseMonitor (JvmPauseMonitor.java:run(146)) - JvmPauseMonitor-omNode-3: Started
2025-04-24 14:03:34,689 [main] INFO  reflections.Reflections (Reflections.java:scan(219)) - Reflections took 343 ms to scan 22 urls, producing 61 keys and 7423 values
2025-04-24 14:03:34,690 [main] INFO  ipc.CallQueueManager (CallQueueManager.java:<init>(93)) - Using callQueue: class java.util.concurrent.LinkedBlockingQueue, queueCapacity: 2000, scheduler: class org.apache.hadoop.ipc.DefaultRpcScheduler, ipcBackoff: false, ipcFailOver: false.
2025-04-24 14:03:34,690 [main] INFO  ipc.Server (Server.java:<init>(1438)) - Listener at localhost:15014
2025-04-24 14:03:34,691 [Socket Reader #1 for port 15014] INFO  ipc.Server (Server.java:run(1474)) - Starting Socket Reader #1 for port 15014
2025-04-24 14:03:34,691 [Socket Reader #2 for port 15014] INFO  ipc.Server (Server.java:run(1474)) - Starting Socket Reader #2 for port 15014
2025-04-24 14:03:34,691 [Socket Reader #3 for port 15014] INFO  ipc.Server (Server.java:run(1474)) - Starting Socket Reader #3 for port 15014
2025-04-24 14:03:34,691 [Socket Reader #4 for port 15014] INFO  ipc.Server (Server.java:run(1474)) - Starting Socket Reader #4 for port 15014
2025-04-24 14:03:34,691 [Socket Reader #5 for port 15014] INFO  ipc.Server (Server.java:run(1474)) - Starting Socket Reader #5 for port 15014
2025-04-24 14:03:34,692 [Socket Reader #6 for port 15014] INFO  ipc.Server (Server.java:run(1474)) - Starting Socket Reader #6 for port 15014
2025-04-24 14:03:34,692 [Socket Reader #7 for port 15014] INFO  ipc.Server (Server.java:run(1474)) - Starting Socket Reader #7 for port 15014
2025-04-24 14:03:34,692 [Socket Reader #8 for port 15014] INFO  ipc.Server (Server.java:run(1474)) - Starting Socket Reader #8 for port 15014
2025-04-24 14:03:34,692 [Socket Reader #9 for port 15014] INFO  ipc.Server (Server.java:run(1474)) - Starting Socket Reader #9 for port 15014
2025-04-24 14:03:34,692 [Socket Reader #10 for port 15014] INFO  ipc.Server (Server.java:run(1474)) - Starting Socket Reader #10 for port 15014
2025-04-24 14:03:34,694 [main] INFO  http.BaseHttpServer (BaseHttpServer.java:newHttpServer2BuilderForOzone(229)) - Starting Web-server for ozoneManager at: http://0.0.0.0:15015
2025-04-24 14:03:34,695 [main] INFO  http.BaseHttpServer (BaseHttpServer.java:<init>(107)) - Hadoop Security Enabled: false Ozone Security Enabled: false Ozone HTTP Security Enabled: false 
2025-04-24 14:03:34,696 [main] WARN  server.AuthenticationFilter (AuthenticationFilter.java:constructSecretProvider(240)) - Unable to initialize FileSignerSecretProvider, falling back to use random secrets. Reason: Could not read signature secret file: /home/runner/hadoop-http-auth-signature-secret
2025-04-24 14:03:34,697 [main] INFO  http.HttpServer2 (HttpServer2.java:addGlobalFilter(1041)) - Added global filter 'safety' (class=org.apache.hadoop.hdds.server.http.HttpServer2$QuotingInputFilter)
2025-04-24 14:03:34,698 [main] INFO  http.HttpServer2 (HttpServer2.java:addFilter(1017)) - Added filter static_user_filter (class=org.apache.hadoop.http.lib.StaticUserWebFilter$StaticUserFilter) to context ozoneManager
2025-04-24 14:03:34,698 [main] INFO  http.HttpServer2 (HttpServer2.java:addFilter(1025)) - Added filter static_user_filter (class=org.apache.hadoop.http.lib.StaticUserWebFilter$StaticUserFilter) to context logs
2025-04-24 14:03:34,698 [main] INFO  http.HttpServer2 (HttpServer2.java:addFilter(1025)) - Added filter static_user_filter (class=org.apache.hadoop.http.lib.StaticUserWebFilter$StaticUserFilter) to context static
2025-04-24 14:03:34,699 [main] INFO  http.BaseHttpServer (BaseHttpServer.java:<init>(195)) - HTTP server of ozoneManager uses base directory /home/runner/work/ozone/ozone/hadoop-ozone/integration-test/target/test-dir/MiniOzoneClusterImpl-4e6105ad-12bc-4f18-9d37-351d73277e17/omNode-3/webserver
2025-04-24 14:03:34,699 [main] INFO  http.HttpServer2 (HttpServer2.java:bindListener(1241)) - Jetty bound to port 15015
2025-04-24 14:03:34,699 [main] INFO  server.Server (Server.java:doStart(375)) - jetty-9.4.57.v20241219; built: 2025-01-08T21:24:30.412Z; git: df524e6b29271c2e09ba9aea83c18dc9db464a31; jvm 21.0.7+6-LTS
2025-04-24 14:03:34,700 [main] INFO  server.session (DefaultSessionIdManager.java:doStart(334)) - DefaultSessionIdManager workerName=node0
2025-04-24 14:03:34,700 [main] INFO  server.session (DefaultSessionIdManager.java:doStart(339)) - No SessionScavenger set, using defaults
2025-04-24 14:03:34,701 [main] INFO  server.session (HouseKeeper.java:startScavenging(132)) - node0 Scavenging every 600000ms
2025-04-24 14:03:34,701 [main] INFO  handler.ContextHandler (ContextHandler.java:doStart(921)) - Started o.e.j.s.ServletContextHandler@1a912cc7{logs,/logs,file:///home/runner/work/ozone/ozone/hadoop-ozone/integration-test/target/log,AVAILABLE}
2025-04-24 14:03:34,701 [main] INFO  handler.ContextHandler (ContextHandler.java:doStart(921)) - Started o.e.j.s.ServletContextHandler@7872d829{static,/static,file:///home/runner/work/ozone/ozone/hadoop-ozone/integration-test/target/test-classes/webapps/static,AVAILABLE}
2025-04-24 14:03:34,705 [main] INFO  handler.ContextHandler (ContextHandler.java:doStart(921)) - Started o.e.j.w.WebAppContext@3988edec{ozoneManager,/,file:///home/runner/work/ozone/ozone/hadoop-ozone/integration-test/target/test-classes/webapps/ozoneManager/,AVAILABLE}{file:/home/runner/work/ozone/ozone/hadoop-ozone/integration-test/target/test-classes/webapps/ozoneManager}
2025-04-24 14:03:34,706 [main] INFO  server.AbstractConnector (AbstractConnector.java:doStart(333)) - Started ServerConnector@31db15c9{HTTP/1.1, (http/1.1)}{0.0.0.0:15015}
2025-04-24 14:03:34,706 [main] INFO  server.Server (Server.java:doStart(415)) - Started @96038ms
2025-04-24 14:03:34,706 [main] WARN  impl.MetricsSystemImpl (MetricsSystemImpl.java:register(279)) - Sink prometheus already exists!
2025-04-24 14:03:34,706 [main] INFO  http.BaseHttpServer (BaseHttpServer.java:updateConnectorAddress(360)) - HTTP server of ozoneManager listening at http://0.0.0.0:15015
2025-04-24 14:03:34,706 [IPC Server Responder] INFO  ipc.Server (Server.java:run(1713)) - IPC Server Responder: starting
2025-04-24 14:03:34,707 [IPC Server listener on 15014] INFO  ipc.Server (Server.java:run(1553)) - IPC Server listener on 15014: starting
2025-04-24 14:03:34,709 [main] INFO  om.OzoneManager (OzoneManager.java:startTrashEmptier(2257)) - Trash Interval set to 0. Files deleted won't move to trash
2025-04-24 14:03:34,709 [main] INFO  om.OzoneManager (OzoneManager.java:restart(1878)) - OzoneManager RPC server is listening at localhost/127.0.0.1:15006
2025-04-24 14:03:34,709 [main] INFO  impl.MetricsSystemImpl (MetricsSystemImpl.java:init(158)) - OzoneManager metrics system started (again)
2025-04-24 14:03:34,720 [main] WARN  server.ServerUtils (ServerUtils.java:getDBPath(297)) - ozone.om.db.dirs is not configured. We recommend adding this setting. Falling back to ozone.metadata.dirs instead.
2025-04-24 14:03:34,766 [main] INFO  om.OzoneManager (OzoneManager.java:instantiateServices(933)) - S3 Multi-Tenancy is disabled
2025-04-24 14:03:34,767 [main] INFO  om.OmSnapshotManager (OmSnapshotManager.java:<init>(180)) - Ozone filesystem snapshot feature is enabled.
2025-04-24 14:03:34,767 [main] WARN  server.ServerUtils (ServerUtils.java:getDBPath(297)) - ozone.om.snapshot.diff.db.dir is not configured. We recommend adding this setting. Falling back to ozone.metadata.dirs instead.
2025-04-24 14:03:34,781 [main] WARN  dropwizard3.Dm3MetricRegistriesImpl (Dm3MetricRegistriesImpl.java:addReporterRegistration(114)) - New reporters are added after registries were created. Some metrics will be missing from the reporter. Please add reporter before adding any new registry.
2025-04-24 14:03:34,782 [main] WARN  dropwizard3.Dm3MetricRegistriesImpl (Dm3MetricRegistriesImpl.java:addReporterRegistration(114)) - New reporters are added after registries were created. Some metrics will be missing from the reporter. Please add reporter before adding any new registry.
2025-04-24 14:03:34,782 [main] WARN  server.ServerUtils (ServerUtils.java:getDefaultRatisDirectory(309)) - Storage directory for Ratis is not configured. It is a good idea to map this to an SSD disk. Falling back to ozone.metadata.dirs
2025-04-24 14:03:34,782 [main] INFO  server.RaftServerConfigKeys (ConfUtils.java:logGet(46)) - raft.server.log.appender.buffer.byte-limit = 4194304 (custom)
2025-04-24 14:03:34,783 [main] INFO  ratis.OzoneManagerRatisServer (OzoneManagerRatisServer.java:<init>(167)) - Instantiating OM Ratis server with groupID: om-service-test1 and peers: localhost:15009, localhost:15017, localhost:15013
2025-04-24 14:03:34,783 [main] INFO  ratis.OzoneManagerStateMachine (OzoneManagerStateMachine.java:loadSnapshotInfoFromDB(611)) - LastAppliedIndex is set from TransactionInfo from OM DB as (t:8, i:101)
2025-04-24 14:03:34,784 [main] INFO  server.RaftServer (ConfUtils.java:logGet(46)) - raft.rpc.type = GRPC (default)
2025-04-24 14:03:34,784 [main] INFO  grpc.GrpcConfigKeys (ConfUtils.java:logFallback(53)) - raft.grpc.admin.host = null (fallback to raft.grpc.server.host)
2025-04-24 14:03:34,784 [main] INFO  grpc.GrpcConfigKeys (ConfUtils.java:logFallback(53)) - raft.grpc.admin.port = 15009 (fallback to raft.grpc.server.port)
2025-04-24 14:03:34,784 [main] INFO  grpc.GrpcConfigKeys (ConfUtils.java:logFallback(53)) - raft.grpc.client.host = null (fallback to raft.grpc.server.host)
2025-04-24 14:03:34,784 [main] INFO  grpc.GrpcConfigKeys (ConfUtils.java:logFallback(53)) - raft.grpc.client.port = 15009 (fallback to raft.grpc.server.port)
2025-04-24 14:03:34,784 [main] INFO  grpc.GrpcConfigKeys (ConfUtils.java:logGet(46)) - raft.grpc.server.host = null (default)
2025-04-24 14:03:34,784 [main] INFO  grpc.GrpcConfigKeys (ConfUtils.java:logGet(46)) - raft.grpc.server.port = 15009 (custom)
2025-04-24 14:03:34,784 [main] INFO  server.GrpcService (ConfUtils.java:logGet(46)) - raft.grpc.message.size.max = 5242880 (custom)
2025-04-24 14:03:34,784 [main] INFO  server.GrpcService (ConfUtils.java:logGet(46)) - raft.grpc.flow.control.window = 1MB (=1048576) (default)
2025-04-24 14:03:34,785 [main] INFO  server.RaftServerConfigKeys (ConfUtils.java:logGet(46)) - raft.server.rpc.request.timeout = 3000ms (default)
2025-04-24 14:03:34,785 [main] INFO  grpc.GrpcConfigKeys (ConfUtils.java:logGet(46)) - raft.grpc.server.heartbeat.channel = true (default)
2025-04-24 14:03:34,785 [main] INFO  server.RaftServerConfigKeys (ConfUtils.java:logGet(46)) - raft.server.log.appender.buffer.byte-limit = 4194304 (custom)
2025-04-24 14:03:34,785 [main] INFO  grpc.GrpcConfigKeys (ConfUtils.java:logGet(46)) - raft.grpc.server.async.request.thread.pool.cached = true (default)
2025-04-24 14:03:34,785 [main] INFO  grpc.GrpcConfigKeys (ConfUtils.java:logGet(46)) - raft.grpc.server.async.request.thread.pool.size = 32 (default)
2025-04-24 14:03:34,786 [main] INFO  impl.DataStreamServerImpl (ConfUtils.java:logGet(46)) - raft.datastream.type = DISABLED (default)
2025-04-24 14:03:34,786 [main] INFO  server.RaftServerConfigKeys (ConfUtils.java:logGet(46)) - raft.server.sleep.deviation.threshold = 300ms (default)
2025-04-24 14:03:34,786 [main] INFO  server.RaftServerConfigKeys (ConfUtils.java:logGet(46)) - raft.server.close.threshold = 60s (default)
2025-04-24 14:03:34,786 [main] INFO  server.RaftServerConfigKeys (ConfUtils.java:logGet(46)) - raft.server.leaderelection.leader.step-down.wait-time = 10s (default)
2025-04-24 14:03:34,786 [main] INFO  server.RaftServerConfigKeys (ConfUtils.java:logGet(46)) - raft.server.storage.dir = [/home/runner/work/ozone/ozone/hadoop-ozone/integration-test/target/test-dir/MiniOzoneClusterImpl-4e6105ad-12bc-4f18-9d37-351d73277e17/omNode-1/ratis] (custom)
2025-04-24 14:03:34,786 [main] INFO  server.RaftServerConfigKeys (ConfUtils.java:logGet(46)) - raft.server.threadpool.proxy.cached = true (default)
2025-04-24 14:03:34,786 [main] INFO  server.RaftServerConfigKeys (ConfUtils.java:logGet(46)) - raft.server.threadpool.proxy.size = 0 (default)
2025-04-24 14:03:34,787 [omNode-1-impl-thread1] INFO  server.RaftServer (RaftServerProxy.java:initGroupDir(265)) - omNode-1: found a subdirectory /home/runner/work/ozone/ozone/hadoop-ozone/integration-test/target/test-dir/MiniOzoneClusterImpl-4e6105ad-12bc-4f18-9d37-351d73277e17/omNode-1/ratis/c9bc4cf4-3bc3-3c60-a66b-523986131536
2025-04-24 14:03:34,787 [main] INFO  server.RaftServer (RaftServerProxy.java:addNew(100)) - omNode-1: addNew group-523986131536:[omNode-3|localhost:15017, omNode-1|localhost:15009, omNode-2|localhost:15013] returns group-523986131536:java.util.concurrent.CompletableFuture@440e07b7[Not completed]
2025-04-24 14:03:34,787 [omNode-1-groupManagement] INFO  server.RaftServer$Division (RaftServerImpl.java:<init>(255)) - omNode-1: new RaftServerImpl for group-523986131536:[omNode-3|localhost:15017, omNode-1|localhost:15009, omNode-2|localhost:15013] with OzoneManagerStateMachine:uninitialized
2025-04-24 14:03:34,787 [omNode-1-groupManagement] INFO  server.RaftServerConfigKeys (ConfUtils.java:logGet(46)) - raft.server.rpc.timeout.min = 1s (custom)
2025-04-24 14:03:34,787 [omNode-1-groupManagement] INFO  server.RaftServerConfigKeys (ConfUtils.java:logGet(46)) - raft.server.rpc.timeout.max = 1200ms (custom)
2025-04-24 14:03:34,787 [omNode-1-groupManagement] INFO  server.RaftServerConfigKeys (ConfUtils.java:logGet(46)) - raft.server.rpc.sleep.time = 25ms (default)
2025-04-24 14:03:34,787 [omNode-1-groupManagement] INFO  server.RaftServerConfigKeys (ConfUtils.java:logGet(46)) - raft.server.rpc.slowness.timeout = 2s (custom)
2025-04-24 14:03:34,787 [omNode-1-groupManagement] INFO  server.RaftServerConfigKeys (ConfUtils.java:logGet(46)) - raft.server.leaderelection.leader.step-down.wait-time = 10s (default)
2025-04-24 14:03:34,787 [omNode-1-groupManagement] INFO  server.RaftServerConfigKeys (ConfUtils.java:logGet(46)) - raft.server.leaderelection.member.majority-add = false (default)
2025-04-24 14:03:34,787 [omNode-1-groupManagement] INFO  server.RaftServerConfigKeys (ConfUtils.java:logGet(46)) - raft.server.sleep.deviation.threshold = 300ms (default)
2025-04-24 14:03:34,787 [omNode-1-groupManagement] INFO  server.RaftServer$Division (ServerState.java:<init>(114)) - omNode-1@group-523986131536: ConfigurationManager, init=conf: {index: -1, cur=peers:[omNode-3|localhost:15017, omNode-1|localhost:15009, omNode-2|localhost:15013]|listeners:[], old=null}, confs=<EMPTY_MAP>
2025-04-24 14:03:34,788 [omNode-1-groupManagement] INFO  server.RaftServerConfigKeys (ConfUtils.java:logGet(46)) - raft.server.notification.no-leader.timeout = 2s (custom)
2025-04-24 14:03:34,787 [main] INFO  om.OzoneManager (OzoneManager.java:initializeRatisServer(2303)) - OzoneManager Ratis server initialized at port 15009
2025-04-24 14:03:34,788 [main] INFO  ratis.OzoneManagerRatisServer (OzoneManagerRatisServer.java:start(628)) - Starting OzoneManagerRatisServer omNode-1 at port 15009
2025-04-24 14:03:34,788 [omNode-1-groupManagement] INFO  server.RaftServerConfigKeys (ConfUtils.java:logGet(46)) - raft.server.read.timeout = 10s (default)
2025-04-24 14:03:34,788 [omNode-1-groupManagement] INFO  server.RaftServerConfigKeys (ConfUtils.java:logGet(46)) - raft.server.retrycache.expirytime = 30000ms (custom)
2025-04-24 14:03:34,788 [omNode-1-groupManagement] INFO  server.RaftServerConfigKeys (ConfUtils.java:logGet(46)) - raft.server.retrycache.statistics.expirytime = 100ms (default)
2025-04-24 14:03:34,788 [omNode-1-groupManagement] INFO  server.RaftServerConfigKeys (ConfUtils.java:logGet(46)) - raft.server.read.option = DEFAULT (default)
2025-04-24 14:03:34,788 [omNode-1-groupManagement] INFO  server.RaftServerConfigKeys (ConfUtils.java:logGet(46)) - raft.server.read.read-after-write-consistent.write-index-cache.expiry-time = 60s (default)
2025-04-24 14:03:34,789 [omNode-1-groupManagement] INFO  server.RaftServerConfigKeys (ConfUtils.java:logGet(46)) - raft.server.rpc.request.timeout = 3000ms (default)
2025-04-24 14:03:34,790 [omNode-1-groupManagement] INFO  server.RaftServerConfigKeys (ConfUtils.java:logGet(46)) - raft.server.log.appender.install.snapshot.enabled = false (custom)
2025-04-24 14:03:34,790 [omNode-1-groupManagement] INFO  server.RaftServerConfigKeys (ConfUtils.java:logGet(46)) - raft.server.threadpool.server.cached = true (default)
2025-04-24 14:03:34,790 [omNode-1-groupManagement] INFO  server.RaftServerConfigKeys (ConfUtils.java:logGet(46)) - raft.server.threadpool.server.size = 0 (default)
2025-04-24 14:03:34,790 [omNode-1-groupManagement] INFO  server.RaftServerConfigKeys (ConfUtils.java:logGet(46)) - raft.server.threadpool.client.cached = true (default)
2025-04-24 14:03:34,790 [omNode-1-groupManagement] INFO  server.RaftServerConfigKeys (ConfUtils.java:logGet(46)) - raft.server.threadpool.client.size = 0 (default)
2025-04-24 14:03:34,790 [omNode-1-impl-thread1] INFO  server.RaftServerConfigKeys (ConfUtils.java:logGet(46)) - raft.server.storage.free-space.min = 0MB (=0) (default)
2025-04-24 14:03:34,790 [omNode-1-impl-thread1] INFO  server.RaftServerConfigKeys (ConfUtils.java:logGet(46)) - raft.server.log.corruption.policy = EXCEPTION (default)
2025-04-24 14:03:34,790 [omNode-1-impl-thread1] INFO  server.RaftServerConfigKeys (ConfUtils.java:logGet(46)) - raft.server.storage.dir = [/home/runner/work/ozone/ozone/hadoop-ozone/integration-test/target/test-dir/MiniOzoneClusterImpl-4e6105ad-12bc-4f18-9d37-351d73277e17/omNode-1/ratis] (custom)
2025-04-24 14:03:34,791 [omNode-1-impl-thread1] INFO  storage.RaftStorageDirectory (RaftStorageDirectoryImpl.java:tryLock(229)) - Lock on /home/runner/work/ozone/ozone/hadoop-ozone/integration-test/target/test-dir/MiniOzoneClusterImpl-4e6105ad-12bc-4f18-9d37-351d73277e17/omNode-1/ratis/c9bc4cf4-3bc3-3c60-a66b-523986131536/in_use.lock acquired by nodename 129728@fv-az2210-761
2025-04-24 14:03:34,791 [omNode-1-impl-thread1] INFO  storage.RaftStorage (RaftStorageImpl.java:analyzeAndRecoverStorage(118)) - Read RaftStorageMetadata{term=8, votedFor=omNode-1} from /home/runner/work/ozone/ozone/hadoop-ozone/integration-test/target/test-dir/MiniOzoneClusterImpl-4e6105ad-12bc-4f18-9d37-351d73277e17/omNode-1/ratis/c9bc4cf4-3bc3-3c60-a66b-523986131536/current/raft-meta
2025-04-24 14:03:34,791 [omNode-1-impl-thread1] INFO  server.RaftServer$Division (ServerState.java:setRaftConf(386)) - omNode-1@group-523986131536: set configuration conf: {index: 76, cur=peers:[omNode-3|localhost:15017, omNode-1|localhost:15009, omNode-2|localhost:15013]|listeners:[], old=null}
2025-04-24 14:03:34,791 [omNode-1-impl-thread1] INFO  ratis.OzoneManagerStateMachine (OzoneManagerStateMachine.java:lambda$0(138)) - omNode-1: initialize group-523986131536 with (t:8, i:101)
2025-04-24 14:03:34,791 [omNode-1-impl-thread1] INFO  server.RaftServerConfigKeys (ConfUtils.java:logGet(46)) - raft.server.log.use.memory = false (default)
2025-04-24 14:03:34,792 [omNode-1-impl-thread1] INFO  server.RaftServerConfigKeys (ConfUtils.java:logGet(46)) - raft.server.log.purge.gap = 50 (custom)
2025-04-24 14:03:34,792 [omNode-1-impl-thread1] INFO  server.RaftServerConfigKeys (ConfUtils.java:logGet(46)) - raft.server.log.appender.buffer.byte-limit = 4194304 (custom)
2025-04-24 14:03:34,792 [omNode-1-impl-thread1] INFO  server.RaftServerConfigKeys (ConfUtils.java:logGet(46)) - raft.server.log.statemachine.data.read.timeout = 1000ms (default)
2025-04-24 14:03:34,792 [omNode-1-impl-thread1] INFO  server.RaftServerConfigKeys (ConfUtils.java:logGet(46)) - raft.server.log.purge.preservation.log.num = 0 (default)
2025-04-24 14:03:34,792 [omNode-1-impl-thread1] INFO  server.RaftServerConfigKeys (ConfUtils.java:logGet(46)) - raft.server.log.segment.size.max = 4194304 (custom)
2025-04-24 14:03:34,793 [omNode-1-impl-thread1] INFO  server.RaftServerConfigKeys (ConfUtils.java:logGet(46)) - raft.server.log.segment.cache.num.max = 2 (custom)
2025-04-24 14:03:34,793 [omNode-1-impl-thread1] INFO  server.RaftServerConfigKeys (ConfUtils.java:logGet(46)) - raft.server.log.segment.cache.size.max = 200MB (=209715200) (default)
2025-04-24 14:03:34,793 [omNode-1-impl-thread1] INFO  server.RaftServerConfigKeys (ConfUtils.java:logGet(46)) - raft.server.log.appender.buffer.byte-limit = 4194304 (custom)
2025-04-24 14:03:34,793 [omNode-1-impl-thread1] INFO  util.AwaitToRun (AwaitToRun.java:start(81)) - Thread[#4240,omNode-1@group-523986131536-cacheEviction-AwaitToRun,5,main] started
2025-04-24 14:03:34,793 [omNode-1-impl-thread1] INFO  segmented.SegmentedRaftLogWorker (SegmentedRaftLogWorker.java:<init>(188)) - new omNode-1@group-523986131536-SegmentedRaftLogWorker for RaftStorageImpl:Storage Directory /home/runner/work/ozone/ozone/hadoop-ozone/integration-test/target/test-dir/MiniOzoneClusterImpl-4e6105ad-12bc-4f18-9d37-351d73277e17/omNode-1/ratis/c9bc4cf4-3bc3-3c60-a66b-523986131536
2025-04-24 14:03:34,793 [omNode-1-impl-thread1] INFO  server.RaftServerConfigKeys (ConfUtils.java:logGet(46)) - raft.server.log.queue.byte-limit = 64MB (=67108864) (default)
2025-04-24 14:03:34,793 [omNode-1-impl-thread1] INFO  server.RaftServerConfigKeys (ConfUtils.java:logGet(46)) - raft.server.log.queue.element-limit = 4096 (default)
2025-04-24 14:03:34,793 [omNode-1-impl-thread1] INFO  server.RaftServerConfigKeys (ConfUtils.java:logGet(46)) - raft.server.log.segment.size.max = 4194304 (custom)
2025-04-24 14:03:34,793 [omNode-1-impl-thread1] INFO  server.RaftServerConfigKeys (ConfUtils.java:logGet(46)) - raft.server.log.preallocated.size = 4194304 (custom)
2025-04-24 14:03:34,793 [omNode-1-impl-thread1] INFO  server.RaftServerConfigKeys (ConfUtils.java:logGet(46)) - raft.server.log.force.sync.num = 128 (default)
2025-04-24 14:03:34,793 [omNode-1-impl-thread1] INFO  server.RaftServerConfigKeys (ConfUtils.java:logGet(46)) - raft.server.log.statemachine.data.sync = true (default)
2025-04-24 14:03:34,793 [omNode-1-impl-thread1] INFO  server.RaftServerConfigKeys (ConfUtils.java:logGet(46)) - raft.server.log.statemachine.data.sync.timeout = 10s (default)
2025-04-24 14:03:34,794 [omNode-1-impl-thread1] INFO  server.RaftServerConfigKeys (ConfUtils.java:logGet(46)) - raft.server.log.statemachine.data.sync.timeout.retry = -1 (default)
2025-04-24 14:03:34,794 [omNode-1-impl-thread1] INFO  server.RaftServerConfigKeys (ConfUtils.java:logGet(46)) - raft.server.log.write.buffer.size = 4194312 (custom)
2025-04-24 14:03:34,796 [omNode-1-impl-thread1] INFO  server.RaftServerConfigKeys (ConfUtils.java:logGet(46)) - raft.server.log.appender.buffer.byte-limit = 4194304 (custom)
2025-04-24 14:03:34,796 [omNode-1-impl-thread1] INFO  server.RaftServerConfigKeys (ConfUtils.java:logGet(46)) - raft.server.log.unsafe-flush.enabled = false (default)
2025-04-24 14:03:34,796 [omNode-1-impl-thread1] INFO  server.RaftServerConfigKeys (ConfUtils.java:logGet(46)) - raft.server.log.async-flush.enabled = false (default)
2025-04-24 14:03:34,796 [omNode-1-impl-thread1] INFO  server.RaftServerConfigKeys (ConfUtils.java:logGet(46)) - raft.server.log.statemachine.data.caching.enabled = false (default)
2025-04-24 14:03:34,797 [omNode-1-impl-thread1] INFO  server.RaftServer$Division (ServerState.java:setRaftConf(386)) - omNode-1@group-523986131536: set configuration conf: {index: 76, cur=peers:[omNode-3|localhost:15017, omNode-1|localhost:15009, omNode-2|localhost:15013]|listeners:[], old=null}
2025-04-24 14:03:34,797 [omNode-1-impl-thread1] INFO  segmented.LogSegment (LogSegment.java:loadSegment(171)) - Successfully read 26 entries from segment file /home/runner/work/ozone/ozone/hadoop-ozone/integration-test/target/test-dir/MiniOzoneClusterImpl-4e6105ad-12bc-4f18-9d37-351d73277e17/omNode-1/ratis/c9bc4cf4-3bc3-3c60-a66b-523986131536/current/log_inprogress_76
2025-04-24 14:03:34,797 [omNode-1-impl-thread1] INFO  segmented.SegmentedRaftLogWorker (SegmentedRaftLogWorker.java:lambda$new$0(139)) - omNode-1@group-523986131536-SegmentedRaftLogWorker: flushIndex: setUnconditionally 0 -> 101
2025-04-24 14:03:34,797 [omNode-1-impl-thread1] INFO  segmented.SegmentedRaftLogWorker (SegmentedRaftLogWorker.java:lambda$new$0(139)) - omNode-1@group-523986131536-SegmentedRaftLogWorker: safeCacheEvictIndex: setUnconditionally 0 -> -1
2025-04-24 14:03:34,798 [omNode-1-impl-thread1] INFO  segmented.BufferedWriteChannel (BufferedWriteChannel.java:open(61)) - open log_inprogress_76 (append) at position 6378
2025-04-24 14:03:34,798 [omNode-1-impl-thread1] INFO  raftlog.RaftLog (RaftLogBase.java:lambda$new$0(54)) - omNode-1@group-523986131536-SegmentedRaftLog: purgeIndex: updateToMax old=-1, new=75, updated? true
2025-04-24 14:03:34,798 [omNode-1-impl-thread1] INFO  server.RaftServer$Division (RaftServerImpl.java:start(391)) - omNode-1@group-523986131536: start as a follower, conf=conf: {index: 76, cur=peers:[omNode-3|localhost:15017, omNode-1|localhost:15009, omNode-2|localhost:15013]|listeners:[], old=null}
2025-04-24 14:03:34,798 [omNode-1-impl-thread1] INFO  server.RaftServer$Division (RaftServerImpl.java:setRole(378)) - omNode-1@group-523986131536: changes role from      null to FOLLOWER at term 8 for startAsFollower
2025-04-24 14:03:34,798 [omNode-1-impl-thread1] INFO  impl.RoleInfo (RoleInfo.java:updateAndGet(148)) - omNode-1: start omNode-1@group-523986131536-FollowerState
2025-04-24 14:03:34,798 [omNode-1@group-523986131536-FollowerState] INFO  server.RaftServerConfigKeys (ConfUtils.java:logFallback(53)) - raft.server.rpc.first-election.timeout.min = 1s (fallback to raft.server.rpc.timeout.min)
2025-04-24 14:03:34,799 [omNode-1@group-523986131536-FollowerState] INFO  server.RaftServerConfigKeys (ConfUtils.java:logFallback(53)) - raft.server.rpc.first-election.timeout.max = 1200ms (fallback to raft.server.rpc.timeout.max)
2025-04-24 14:03:34,798 [omNode-1-impl-thread1] INFO  util.JmxRegister (JmxRegister.java:tryRegister(44)) - Successfully registered JMX Bean with object name Ratis:service=RaftServer,group=group-523986131536,id=omNode-1
2025-04-24 14:03:34,799 [omNode-1-impl-thread1] INFO  util.JmxRegister (JmxRegister.java:register(58)) - register mxBean class org.apache.ratis.server.impl.RaftServerJmxAdapter as Ratis:service=RaftServer,group=group-523986131536,id=omNode-1
2025-04-24 14:03:34,799 [omNode-1-impl-thread1] INFO  server.RaftServerConfigKeys (ConfUtils.java:logGet(46)) - raft.server.snapshot.trigger-when-stop.enabled = true (default)
2025-04-24 14:03:34,799 [omNode-1-impl-thread1] INFO  server.RaftServerConfigKeys (ConfUtils.java:logGet(46)) - raft.server.snapshot.trigger-when-remove.enabled = true (default)
2025-04-24 14:03:34,799 [omNode-1-impl-thread1] INFO  server.RaftServerConfigKeys (ConfUtils.java:logGet(46)) - raft.server.snapshot.auto.trigger.enabled = true (custom)
2025-04-24 14:03:34,799 [omNode-1-impl-thread1] INFO  server.RaftServerConfigKeys (ConfUtils.java:logGet(46)) - raft.server.snapshot.auto.trigger.threshold = 50 (custom)
2025-04-24 14:03:34,799 [omNode-1-impl-thread1] INFO  server.RaftServerConfigKeys (ConfUtils.java:logGet(46)) - raft.server.snapshot.retention.file.num = -1 (default)
2025-04-24 14:03:34,799 [omNode-1-impl-thread1] INFO  server.RaftServerConfigKeys (ConfUtils.java:logGet(46)) - raft.server.log.purge.upto.snapshot.index = true (custom)
2025-04-24 14:03:34,799 [omNode-1-impl-thread1] INFO  server.RaftServer$Division (RaftServerImpl.java:start(405)) - omNode-1@group-523986131536: Successfully started.
2025-04-24 14:03:34,799 [main] INFO  server.RaftServer (RaftServerProxy.java:startImpl(407)) - omNode-1: start RPC server
2025-04-24 14:03:34,800 [main] INFO  server.GrpcService (GrpcService.java:startImpl(334)) - omNode-1: GrpcService started, listening on 15009
2025-04-24 14:03:34,800 [main] INFO  om.OzoneManager (OzoneManager.java:getRpcServer(1360)) - Creating RPC Server
2025-04-24 14:03:34,800 [JvmPauseMonitor24] INFO  util.JvmPauseMonitor (JvmPauseMonitor.java:run(146)) - JvmPauseMonitor-omNode-1: Started
2025-04-24 14:03:35,137 [main] INFO  reflections.Reflections (Reflections.java:scan(219)) - Reflections took 336 ms to scan 22 urls, producing 61 keys and 7423 values
2025-04-24 14:03:35,138 [main] INFO  ipc.CallQueueManager (CallQueueManager.java:<init>(93)) - Using callQueue: class java.util.concurrent.LinkedBlockingQueue, queueCapacity: 2000, scheduler: class org.apache.hadoop.ipc.DefaultRpcScheduler, ipcBackoff: false, ipcFailOver: false.
2025-04-24 14:03:35,138 [main] INFO  ipc.Server (Server.java:<init>(1438)) - Listener at localhost:15006
2025-04-24 14:03:35,139 [Socket Reader #1 for port 15006] INFO  ipc.Server (Server.java:run(1474)) - Starting Socket Reader #1 for port 15006
2025-04-24 14:03:35,139 [Socket Reader #2 for port 15006] INFO  ipc.Server (Server.java:run(1474)) - Starting Socket Reader #2 for port 15006
2025-04-24 14:03:35,140 [Socket Reader #3 for port 15006] INFO  ipc.Server (Server.java:run(1474)) - Starting Socket Reader #3 for port 15006
2025-04-24 14:03:35,140 [Socket Reader #4 for port 15006] INFO  ipc.Server (Server.java:run(1474)) - Starting Socket Reader #4 for port 15006
2025-04-24 14:03:35,140 [Socket Reader #5 for port 15006] INFO  ipc.Server (Server.java:run(1474)) - Starting Socket Reader #5 for port 15006
2025-04-24 14:03:35,140 [Socket Reader #6 for port 15006] INFO  ipc.Server (Server.java:run(1474)) - Starting Socket Reader #6 for port 15006
2025-04-24 14:03:35,140 [Socket Reader #7 for port 15006] INFO  ipc.Server (Server.java:run(1474)) - Starting Socket Reader #7 for port 15006
2025-04-24 14:03:35,141 [Socket Reader #8 for port 15006] INFO  ipc.Server (Server.java:run(1474)) - Starting Socket Reader #8 for port 15006
2025-04-24 14:03:35,141 [Socket Reader #9 for port 15006] INFO  ipc.Server (Server.java:run(1474)) - Starting Socket Reader #9 for port 15006
2025-04-24 14:03:35,141 [Socket Reader #10 for port 15006] INFO  ipc.Server (Server.java:run(1474)) - Starting Socket Reader #10 for port 15006
2025-04-24 14:03:35,143 [main] INFO  http.BaseHttpServer (BaseHttpServer.java:newHttpServer2BuilderForOzone(229)) - Starting Web-server for ozoneManager at: http://0.0.0.0:15007
2025-04-24 14:03:35,143 [main] INFO  http.BaseHttpServer (BaseHttpServer.java:<init>(107)) - Hadoop Security Enabled: false Ozone Security Enabled: false Ozone HTTP Security Enabled: false 
2025-04-24 14:03:35,144 [main] WARN  server.AuthenticationFilter (AuthenticationFilter.java:constructSecretProvider(240)) - Unable to initialize FileSignerSecretProvider, falling back to use random secrets. Reason: Could not read signature secret file: /home/runner/hadoop-http-auth-signature-secret
2025-04-24 14:03:35,147 [main] INFO  http.HttpServer2 (HttpServer2.java:addGlobalFilter(1041)) - Added global filter 'safety' (class=org.apache.hadoop.hdds.server.http.HttpServer2$QuotingInputFilter)
2025-04-24 14:03:35,147 [main] INFO  http.HttpServer2 (HttpServer2.java:addFilter(1017)) - Added filter static_user_filter (class=org.apache.hadoop.http.lib.StaticUserWebFilter$StaticUserFilter) to context ozoneManager
2025-04-24 14:03:35,147 [main] INFO  http.HttpServer2 (HttpServer2.java:addFilter(1025)) - Added filter static_user_filter (class=org.apache.hadoop.http.lib.StaticUserWebFilter$StaticUserFilter) to context static
2025-04-24 14:03:35,147 [main] INFO  http.HttpServer2 (HttpServer2.java:addFilter(1025)) - Added filter static_user_filter (class=org.apache.hadoop.http.lib.StaticUserWebFilter$StaticUserFilter) to context logs
2025-04-24 14:03:35,148 [main] INFO  http.BaseHttpServer (BaseHttpServer.java:<init>(195)) - HTTP server of ozoneManager uses base directory /home/runner/work/ozone/ozone/hadoop-ozone/integration-test/target/test-dir/MiniOzoneClusterImpl-4e6105ad-12bc-4f18-9d37-351d73277e17/omNode-1/webserver
2025-04-24 14:03:35,148 [main] INFO  http.HttpServer2 (HttpServer2.java:bindListener(1241)) - Jetty bound to port 15007
2025-04-24 14:03:35,148 [main] INFO  server.Server (Server.java:doStart(375)) - jetty-9.4.57.v20241219; built: 2025-01-08T21:24:30.412Z; git: df524e6b29271c2e09ba9aea83c18dc9db464a31; jvm 21.0.7+6-LTS
2025-04-24 14:03:35,150 [main] INFO  server.session (DefaultSessionIdManager.java:doStart(334)) - DefaultSessionIdManager workerName=node0
2025-04-24 14:03:35,150 [main] INFO  server.session (DefaultSessionIdManager.java:doStart(339)) - No SessionScavenger set, using defaults
2025-04-24 14:03:35,150 [main] INFO  server.session (HouseKeeper.java:startScavenging(132)) - node0 Scavenging every 660000ms
2025-04-24 14:03:35,150 [main] INFO  handler.ContextHandler (ContextHandler.java:doStart(921)) - Started o.e.j.s.ServletContextHandler@1d79c7c6{logs,/logs,file:///home/runner/work/ozone/ozone/hadoop-ozone/integration-test/target/log,AVAILABLE}
2025-04-24 14:03:35,151 [main] INFO  handler.ContextHandler (ContextHandler.java:doStart(921)) - Started o.e.j.s.ServletContextHandler@41a80d7{static,/static,file:///home/runner/work/ozone/ozone/hadoop-ozone/integration-test/target/test-classes/webapps/static,AVAILABLE}
2025-04-24 14:03:35,155 [main] INFO  handler.ContextHandler (ContextHandler.java:doStart(921)) - Started o.e.j.w.WebAppContext@3f313c9d{ozoneManager,/,file:///home/runner/work/ozone/ozone/hadoop-ozone/integration-test/target/test-classes/webapps/ozoneManager/,AVAILABLE}{file:/home/runner/work/ozone/ozone/hadoop-ozone/integration-test/target/test-classes/webapps/ozoneManager}
2025-04-24 14:03:35,155 [main] INFO  server.AbstractConnector (AbstractConnector.java:doStart(333)) - Started ServerConnector@33060a7{HTTP/1.1, (http/1.1)}{0.0.0.0:15007}
2025-04-24 14:03:35,155 [main] INFO  server.Server (Server.java:doStart(415)) - Started @96487ms
2025-04-24 14:03:35,155 [main] WARN  impl.MetricsSystemImpl (MetricsSystemImpl.java:register(279)) - Sink prometheus already exists!
2025-04-24 14:03:35,156 [main] INFO  http.BaseHttpServer (BaseHttpServer.java:updateConnectorAddress(360)) - HTTP server of ozoneManager listening at http://0.0.0.0:15007
2025-04-24 14:03:35,156 [IPC Server Responder] INFO  ipc.Server (Server.java:run(1713)) - IPC Server Responder: starting
2025-04-24 14:03:35,156 [IPC Server listener on 15006] INFO  ipc.Server (Server.java:run(1553)) - IPC Server listener on 15006: starting
2025-04-24 14:03:35,158 [main] INFO  om.OzoneManager (OzoneManager.java:startTrashEmptier(2257)) - Trash Interval set to 0. Files deleted won't move to trash
2025-04-24 14:03:35,158 [main] INFO  om.OzoneManager (OzoneManager.java:restart(1878)) - OzoneManager RPC server is listening at localhost/127.0.0.1:15010
2025-04-24 14:03:35,158 [main] INFO  impl.MetricsSystemImpl (MetricsSystemImpl.java:init(158)) - OzoneManager metrics system started (again)
2025-04-24 14:03:35,169 [main] WARN  server.ServerUtils (ServerUtils.java:getDBPath(297)) - ozone.om.db.dirs is not configured. We recommend adding this setting. Falling back to ozone.metadata.dirs instead.
2025-04-24 14:03:35,206 [main] INFO  om.OzoneManager (OzoneManager.java:instantiateServices(933)) - S3 Multi-Tenancy is disabled
2025-04-24 14:03:35,206 [main] INFO  om.OmSnapshotManager (OmSnapshotManager.java:<init>(180)) - Ozone filesystem snapshot feature is enabled.
2025-04-24 14:03:35,206 [main] WARN  server.ServerUtils (ServerUtils.java:getDBPath(297)) - ozone.om.snapshot.diff.db.dir is not configured. We recommend adding this setting. Falling back to ozone.metadata.dirs instead.
2025-04-24 14:03:35,229 [main] WARN  dropwizard3.Dm3MetricRegistriesImpl (Dm3MetricRegistriesImpl.java:addReporterRegistration(114)) - New reporters are added after registries were created. Some metrics will be missing from the reporter. Please add reporter before adding any new registry.
2025-04-24 14:03:35,229 [main] WARN  dropwizard3.Dm3MetricRegistriesImpl (Dm3MetricRegistriesImpl.java:addReporterRegistration(114)) - New reporters are added after registries were created. Some metrics will be missing from the reporter. Please add reporter before adding any new registry.
2025-04-24 14:03:35,230 [main] WARN  server.ServerUtils (ServerUtils.java:getDefaultRatisDirectory(309)) - Storage directory for Ratis is not configured. It is a good idea to map this to an SSD disk. Falling back to ozone.metadata.dirs
2025-04-24 14:03:35,230 [main] INFO  server.RaftServerConfigKeys (ConfUtils.java:logGet(46)) - raft.server.log.appender.buffer.byte-limit = 4194304 (custom)
2025-04-24 14:03:35,231 [main] INFO  ratis.OzoneManagerRatisServer (OzoneManagerRatisServer.java:<init>(167)) - Instantiating OM Ratis server with groupID: om-service-test1 and peers: localhost:15013, localhost:15017, localhost:15009
2025-04-24 14:03:35,231 [main] INFO  ratis.OzoneManagerStateMachine (OzoneManagerStateMachine.java:loadSnapshotInfoFromDB(611)) - LastAppliedIndex is set from TransactionInfo from OM DB as (t:9, i:103)
2025-04-24 14:03:35,231 [main] INFO  server.RaftServer (ConfUtils.java:logGet(46)) - raft.rpc.type = GRPC (default)
2025-04-24 14:03:35,232 [main] INFO  grpc.GrpcConfigKeys (ConfUtils.java:logFallback(53)) - raft.grpc.admin.host = null (fallback to raft.grpc.server.host)
2025-04-24 14:03:35,232 [main] INFO  grpc.GrpcConfigKeys (ConfUtils.java:logFallback(53)) - raft.grpc.admin.port = 15013 (fallback to raft.grpc.server.port)
2025-04-24 14:03:35,232 [main] INFO  grpc.GrpcConfigKeys (ConfUtils.java:logFallback(53)) - raft.grpc.client.host = null (fallback to raft.grpc.server.host)
2025-04-24 14:03:35,232 [main] INFO  grpc.GrpcConfigKeys (ConfUtils.java:logFallback(53)) - raft.grpc.client.port = 15013 (fallback to raft.grpc.server.port)
2025-04-24 14:03:35,232 [main] INFO  grpc.GrpcConfigKeys (ConfUtils.java:logGet(46)) - raft.grpc.server.host = null (default)
2025-04-24 14:03:35,232 [main] INFO  grpc.GrpcConfigKeys (ConfUtils.java:logGet(46)) - raft.grpc.server.port = 15013 (custom)
2025-04-24 14:03:35,232 [main] INFO  server.GrpcService (ConfUtils.java:logGet(46)) - raft.grpc.message.size.max = 5242880 (custom)
2025-04-24 14:03:35,232 [main] INFO  server.GrpcService (ConfUtils.java:logGet(46)) - raft.grpc.flow.control.window = 1MB (=1048576) (default)
2025-04-24 14:03:35,233 [main] INFO  server.RaftServerConfigKeys (ConfUtils.java:logGet(46)) - raft.server.rpc.request.timeout = 3000ms (default)
2025-04-24 14:03:35,233 [main] INFO  grpc.GrpcConfigKeys (ConfUtils.java:logGet(46)) - raft.grpc.server.heartbeat.channel = true (default)
2025-04-24 14:03:35,233 [main] INFO  server.RaftServerConfigKeys (ConfUtils.java:logGet(46)) - raft.server.log.appender.buffer.byte-limit = 4194304 (custom)
2025-04-24 14:03:35,233 [main] INFO  grpc.GrpcConfigKeys (ConfUtils.java:logGet(46)) - raft.grpc.server.async.request.thread.pool.cached = true (default)
2025-04-24 14:03:35,233 [main] INFO  grpc.GrpcConfigKeys (ConfUtils.java:logGet(46)) - raft.grpc.server.async.request.thread.pool.size = 32 (default)
2025-04-24 14:03:35,234 [main] INFO  impl.DataStreamServerImpl (ConfUtils.java:logGet(46)) - raft.datastream.type = DISABLED (default)
2025-04-24 14:03:35,234 [main] INFO  server.RaftServerConfigKeys (ConfUtils.java:logGet(46)) - raft.server.sleep.deviation.threshold = 300ms (default)
2025-04-24 14:03:35,234 [main] INFO  server.RaftServerConfigKeys (ConfUtils.java:logGet(46)) - raft.server.close.threshold = 60s (default)
2025-04-24 14:03:35,234 [main] INFO  server.RaftServerConfigKeys (ConfUtils.java:logGet(46)) - raft.server.leaderelection.leader.step-down.wait-time = 10s (default)
2025-04-24 14:03:35,234 [main] INFO  server.RaftServerConfigKeys (ConfUtils.java:logGet(46)) - raft.server.storage.dir = [/home/runner/work/ozone/ozone/hadoop-ozone/integration-test/target/test-dir/MiniOzoneClusterImpl-4e6105ad-12bc-4f18-9d37-351d73277e17/omNode-2/ratis] (custom)
2025-04-24 14:03:35,234 [main] INFO  server.RaftServerConfigKeys (ConfUtils.java:logGet(46)) - raft.server.threadpool.proxy.cached = true (default)
2025-04-24 14:03:35,235 [main] INFO  server.RaftServerConfigKeys (ConfUtils.java:logGet(46)) - raft.server.threadpool.proxy.size = 0 (default)
2025-04-24 14:03:35,235 [omNode-2-impl-thread1] INFO  server.RaftServer (RaftServerProxy.java:initGroupDir(265)) - omNode-2: found a subdirectory /home/runner/work/ozone/ozone/hadoop-ozone/integration-test/target/test-dir/MiniOzoneClusterImpl-4e6105ad-12bc-4f18-9d37-351d73277e17/omNode-2/ratis/c9bc4cf4-3bc3-3c60-a66b-523986131536
2025-04-24 14:03:35,235 [main] INFO  server.RaftServer (RaftServerProxy.java:addNew(100)) - omNode-2: addNew group-523986131536:[omNode-3|localhost:15017, omNode-1|localhost:15009, omNode-2|localhost:15013] returns group-523986131536:java.util.concurrent.CompletableFuture@9841cda[Not completed]
2025-04-24 14:03:35,235 [main] INFO  om.OzoneManager (OzoneManager.java:initializeRatisServer(2303)) - OzoneManager Ratis server initialized at port 15013
2025-04-24 14:03:35,236 [main] INFO  ratis.OzoneManagerRatisServer (OzoneManagerRatisServer.java:start(628)) - Starting OzoneManagerRatisServer omNode-2 at port 15013
2025-04-24 14:03:35,236 [omNode-2-groupManagement] INFO  server.RaftServer$Division (RaftServerImpl.java:<init>(255)) - omNode-2: new RaftServerImpl for group-523986131536:[omNode-3|localhost:15017, omNode-1|localhost:15009, omNode-2|localhost:15013] with OzoneManagerStateMachine:uninitialized
2025-04-24 14:03:35,236 [omNode-2-groupManagement] INFO  server.RaftServerConfigKeys (ConfUtils.java:logGet(46)) - raft.server.rpc.timeout.min = 1s (custom)
2025-04-24 14:03:35,236 [omNode-2-groupManagement] INFO  server.RaftServerConfigKeys (ConfUtils.java:logGet(46)) - raft.server.rpc.timeout.max = 1200ms (custom)
2025-04-24 14:03:35,236 [omNode-2-groupManagement] INFO  server.RaftServerConfigKeys (ConfUtils.java:logGet(46)) - raft.server.rpc.sleep.time = 25ms (default)
2025-04-24 14:03:35,236 [omNode-2-groupManagement] INFO  server.RaftServerConfigKeys (ConfUtils.java:logGet(46)) - raft.server.rpc.slowness.timeout = 2s (custom)
2025-04-24 14:03:35,236 [omNode-2-groupManagement] INFO  server.RaftServerConfigKeys (ConfUtils.java:logGet(46)) - raft.server.leaderelection.leader.step-down.wait-time = 10s (default)
2025-04-24 14:03:35,236 [omNode-2-groupManagement] INFO  server.RaftServerConfigKeys (ConfUtils.java:logGet(46)) - raft.server.leaderelection.member.majority-add = false (default)
2025-04-24 14:03:35,236 [omNode-2-groupManagement] INFO  server.RaftServerConfigKeys (ConfUtils.java:logGet(46)) - raft.server.sleep.deviation.threshold = 300ms (default)
2025-04-24 14:03:35,236 [omNode-2-groupManagement] INFO  server.RaftServer$Division (ServerState.java:<init>(114)) - omNode-2@group-523986131536: ConfigurationManager, init=conf: {index: -1, cur=peers:[omNode-3|localhost:15017, omNode-1|localhost:15009, omNode-2|localhost:15013]|listeners:[], old=null}, confs=<EMPTY_MAP>
2025-04-24 14:03:35,236 [omNode-2-groupManagement] INFO  server.RaftServerConfigKeys (ConfUtils.java:logGet(46)) - raft.server.notification.no-leader.timeout = 2s (custom)
2025-04-24 14:03:35,236 [omNode-2-groupManagement] INFO  server.RaftServerConfigKeys (ConfUtils.java:logGet(46)) - raft.server.read.timeout = 10s (default)
2025-04-24 14:03:35,236 [omNode-2-groupManagement] INFO  server.RaftServerConfigKeys (ConfUtils.java:logGet(46)) - raft.server.retrycache.expirytime = 30000ms (custom)
2025-04-24 14:03:35,236 [omNode-2-groupManagement] INFO  server.RaftServerConfigKeys (ConfUtils.java:logGet(46)) - raft.server.retrycache.statistics.expirytime = 100ms (default)
2025-04-24 14:03:35,237 [omNode-2-groupManagement] INFO  server.RaftServerConfigKeys (ConfUtils.java:logGet(46)) - raft.server.read.option = DEFAULT (default)
2025-04-24 14:03:35,237 [omNode-2-groupManagement] INFO  server.RaftServerConfigKeys (ConfUtils.java:logGet(46)) - raft.server.read.read-after-write-consistent.write-index-cache.expiry-time = 60s (default)
2025-04-24 14:03:35,238 [omNode-2-groupManagement] INFO  server.RaftServerConfigKeys (ConfUtils.java:logGet(46)) - raft.server.rpc.request.timeout = 3000ms (default)
2025-04-24 14:03:35,238 [omNode-2-groupManagement] INFO  server.RaftServerConfigKeys (ConfUtils.java:logGet(46)) - raft.server.log.appender.install.snapshot.enabled = false (custom)
2025-04-24 14:03:35,238 [omNode-2-groupManagement] INFO  server.RaftServerConfigKeys (ConfUtils.java:logGet(46)) - raft.server.threadpool.server.cached = true (default)
2025-04-24 14:03:35,238 [omNode-2-groupManagement] INFO  server.RaftServerConfigKeys (ConfUtils.java:logGet(46)) - raft.server.threadpool.server.size = 0 (default)
2025-04-24 14:03:35,239 [omNode-2-groupManagement] INFO  server.RaftServerConfigKeys (ConfUtils.java:logGet(46)) - raft.server.threadpool.client.cached = true (default)
2025-04-24 14:03:35,239 [omNode-2-groupManagement] INFO  server.RaftServerConfigKeys (ConfUtils.java:logGet(46)) - raft.server.threadpool.client.size = 0 (default)
2025-04-24 14:03:35,239 [omNode-2-impl-thread1] INFO  server.RaftServerConfigKeys (ConfUtils.java:logGet(46)) - raft.server.storage.free-space.min = 0MB (=0) (default)
2025-04-24 14:03:35,239 [omNode-2-impl-thread1] INFO  server.RaftServerConfigKeys (ConfUtils.java:logGet(46)) - raft.server.log.corruption.policy = EXCEPTION (default)
2025-04-24 14:03:35,239 [omNode-2-impl-thread1] INFO  server.RaftServerConfigKeys (ConfUtils.java:logGet(46)) - raft.server.storage.dir = [/home/runner/work/ozone/ozone/hadoop-ozone/integration-test/target/test-dir/MiniOzoneClusterImpl-4e6105ad-12bc-4f18-9d37-351d73277e17/omNode-2/ratis] (custom)
2025-04-24 14:03:35,240 [omNode-2-impl-thread1] INFO  storage.RaftStorageDirectory (RaftStorageDirectoryImpl.java:tryLock(229)) - Lock on /home/runner/work/ozone/ozone/hadoop-ozone/integration-test/target/test-dir/MiniOzoneClusterImpl-4e6105ad-12bc-4f18-9d37-351d73277e17/omNode-2/ratis/c9bc4cf4-3bc3-3c60-a66b-523986131536/in_use.lock acquired by nodename 129728@fv-az2210-761
2025-04-24 14:03:35,240 [omNode-2-impl-thread1] INFO  storage.RaftStorage (RaftStorageImpl.java:analyzeAndRecoverStorage(118)) - Read RaftStorageMetadata{term=9, votedFor=omNode-3} from /home/runner/work/ozone/ozone/hadoop-ozone/integration-test/target/test-dir/MiniOzoneClusterImpl-4e6105ad-12bc-4f18-9d37-351d73277e17/omNode-2/ratis/c9bc4cf4-3bc3-3c60-a66b-523986131536/current/raft-meta
2025-04-24 14:03:35,240 [omNode-2-impl-thread1] INFO  server.RaftServer$Division (ServerState.java:setRaftConf(386)) - omNode-2@group-523986131536: set configuration conf: {index: 102, cur=peers:[omNode-3|localhost:15017, omNode-1|localhost:15009, omNode-2|localhost:15013]|listeners:[], old=null}
2025-04-24 14:03:35,240 [omNode-2-impl-thread1] INFO  ratis.OzoneManagerStateMachine (OzoneManagerStateMachine.java:lambda$0(138)) - omNode-2: initialize group-523986131536 with (t:9, i:103)
2025-04-24 14:03:35,241 [omNode-2-impl-thread1] INFO  server.RaftServerConfigKeys (ConfUtils.java:logGet(46)) - raft.server.log.use.memory = false (default)
2025-04-24 14:03:35,241 [omNode-2-impl-thread1] INFO  server.RaftServerConfigKeys (ConfUtils.java:logGet(46)) - raft.server.log.purge.gap = 50 (custom)
2025-04-24 14:03:35,241 [omNode-2-impl-thread1] INFO  server.RaftServerConfigKeys (ConfUtils.java:logGet(46)) - raft.server.log.appender.buffer.byte-limit = 4194304 (custom)
2025-04-24 14:03:35,241 [omNode-2-impl-thread1] INFO  server.RaftServerConfigKeys (ConfUtils.java:logGet(46)) - raft.server.log.statemachine.data.read.timeout = 1000ms (default)
2025-04-24 14:03:35,241 [omNode-2-impl-thread1] INFO  server.RaftServerConfigKeys (ConfUtils.java:logGet(46)) - raft.server.log.purge.preservation.log.num = 0 (default)
2025-04-24 14:03:35,242 [omNode-2-impl-thread1] INFO  server.RaftServerConfigKeys (ConfUtils.java:logGet(46)) - raft.server.log.segment.size.max = 4194304 (custom)
2025-04-24 14:03:35,242 [omNode-2-impl-thread1] INFO  server.RaftServerConfigKeys (ConfUtils.java:logGet(46)) - raft.server.log.segment.cache.num.max = 2 (custom)
2025-04-24 14:03:35,242 [omNode-2-impl-thread1] INFO  server.RaftServerConfigKeys (ConfUtils.java:logGet(46)) - raft.server.log.segment.cache.size.max = 200MB (=209715200) (default)
2025-04-24 14:03:35,242 [omNode-2-impl-thread1] INFO  server.RaftServerConfigKeys (ConfUtils.java:logGet(46)) - raft.server.log.appender.buffer.byte-limit = 4194304 (custom)
2025-04-24 14:03:35,242 [omNode-2-impl-thread1] INFO  util.AwaitToRun (AwaitToRun.java:start(81)) - Thread[#4353,omNode-2@group-523986131536-cacheEviction-AwaitToRun,5,main] started
2025-04-24 14:03:35,242 [omNode-2-impl-thread1] INFO  segmented.SegmentedRaftLogWorker (SegmentedRaftLogWorker.java:<init>(188)) - new omNode-2@group-523986131536-SegmentedRaftLogWorker for RaftStorageImpl:Storage Directory /home/runner/work/ozone/ozone/hadoop-ozone/integration-test/target/test-dir/MiniOzoneClusterImpl-4e6105ad-12bc-4f18-9d37-351d73277e17/omNode-2/ratis/c9bc4cf4-3bc3-3c60-a66b-523986131536
2025-04-24 14:03:35,242 [omNode-2-impl-thread1] INFO  server.RaftServerConfigKeys (ConfUtils.java:logGet(46)) - raft.server.log.queue.byte-limit = 64MB (=67108864) (default)
2025-04-24 14:03:35,243 [omNode-2-impl-thread1] INFO  server.RaftServerConfigKeys (ConfUtils.java:logGet(46)) - raft.server.log.queue.element-limit = 4096 (default)
2025-04-24 14:03:35,243 [omNode-2-impl-thread1] INFO  server.RaftServerConfigKeys (ConfUtils.java:logGet(46)) - raft.server.log.segment.size.max = 4194304 (custom)
2025-04-24 14:03:35,243 [omNode-2-impl-thread1] INFO  server.RaftServerConfigKeys (ConfUtils.java:logGet(46)) - raft.server.log.preallocated.size = 4194304 (custom)
2025-04-24 14:03:35,243 [omNode-2-impl-thread1] INFO  server.RaftServerConfigKeys (ConfUtils.java:logGet(46)) - raft.server.log.force.sync.num = 128 (default)
2025-04-24 14:03:35,243 [omNode-2-impl-thread1] INFO  server.RaftServerConfigKeys (ConfUtils.java:logGet(46)) - raft.server.log.statemachine.data.sync = true (default)
2025-04-24 14:03:35,243 [omNode-2-impl-thread1] INFO  server.RaftServerConfigKeys (ConfUtils.java:logGet(46)) - raft.server.log.statemachine.data.sync.timeout = 10s (default)
2025-04-24 14:03:35,243 [omNode-2-impl-thread1] INFO  server.RaftServerConfigKeys (ConfUtils.java:logGet(46)) - raft.server.log.statemachine.data.sync.timeout.retry = -1 (default)
2025-04-24 14:03:35,243 [omNode-2-impl-thread1] INFO  server.RaftServerConfigKeys (ConfUtils.java:logGet(46)) - raft.server.log.write.buffer.size = 4194312 (custom)
2025-04-24 14:03:35,243 [omNode-2-impl-thread1] INFO  server.RaftServerConfigKeys (ConfUtils.java:logGet(46)) - raft.server.log.appender.buffer.byte-limit = 4194304 (custom)
2025-04-24 14:03:35,243 [omNode-2-impl-thread1] INFO  server.RaftServerConfigKeys (ConfUtils.java:logGet(46)) - raft.server.log.unsafe-flush.enabled = false (default)
2025-04-24 14:03:35,243 [omNode-2-impl-thread1] INFO  server.RaftServerConfigKeys (ConfUtils.java:logGet(46)) - raft.server.log.async-flush.enabled = false (default)
2025-04-24 14:03:35,243 [omNode-2-impl-thread1] INFO  server.RaftServerConfigKeys (ConfUtils.java:logGet(46)) - raft.server.log.statemachine.data.caching.enabled = false (default)
2025-04-24 14:03:35,244 [omNode-2-impl-thread1] INFO  server.RaftServer$Division (ServerState.java:setRaftConf(386)) - omNode-2@group-523986131536: set configuration conf: {index: 102, cur=peers:[omNode-3|localhost:15017, omNode-1|localhost:15009, omNode-2|localhost:15013]|listeners:[], old=null}
2025-04-24 14:03:35,244 [omNode-2-impl-thread1] INFO  segmented.LogSegment (LogSegment.java:loadSegment(171)) - Successfully read 2 entries from segment file /home/runner/work/ozone/ozone/hadoop-ozone/integration-test/target/test-dir/MiniOzoneClusterImpl-4e6105ad-12bc-4f18-9d37-351d73277e17/omNode-2/ratis/c9bc4cf4-3bc3-3c60-a66b-523986131536/current/log_inprogress_102
2025-04-24 14:03:35,244 [omNode-2-impl-thread1] INFO  segmented.SegmentedRaftLogWorker (SegmentedRaftLogWorker.java:lambda$new$0(139)) - omNode-2@group-523986131536-SegmentedRaftLogWorker: flushIndex: setUnconditionally 0 -> 103
2025-04-24 14:03:35,244 [omNode-2-impl-thread1] INFO  segmented.SegmentedRaftLogWorker (SegmentedRaftLogWorker.java:lambda$new$0(139)) - omNode-2@group-523986131536-SegmentedRaftLogWorker: safeCacheEvictIndex: setUnconditionally 0 -> -1
2025-04-24 14:03:35,244 [omNode-2-impl-thread1] INFO  segmented.BufferedWriteChannel (BufferedWriteChannel.java:open(61)) - open log_inprogress_102 (append) at position 125
2025-04-24 14:03:35,245 [omNode-2-impl-thread1] INFO  raftlog.RaftLog (RaftLogBase.java:lambda$new$0(54)) - omNode-2@group-523986131536-SegmentedRaftLog: purgeIndex: updateToMax old=-1, new=101, updated? true
2025-04-24 14:03:35,245 [omNode-2-impl-thread1] INFO  server.RaftServer$Division (RaftServerImpl.java:start(391)) - omNode-2@group-523986131536: start as a follower, conf=conf: {index: 102, cur=peers:[omNode-3|localhost:15017, omNode-1|localhost:15009, omNode-2|localhost:15013]|listeners:[], old=null}
2025-04-24 14:03:35,245 [omNode-2-impl-thread1] INFO  server.RaftServer$Division (RaftServerImpl.java:setRole(378)) - omNode-2@group-523986131536: changes role from      null to FOLLOWER at term 9 for startAsFollower
2025-04-24 14:03:35,245 [omNode-2-impl-thread1] INFO  impl.RoleInfo (RoleInfo.java:updateAndGet(148)) - omNode-2: start omNode-2@group-523986131536-FollowerState
2025-04-24 14:03:35,245 [omNode-2@group-523986131536-FollowerState] INFO  server.RaftServerConfigKeys (ConfUtils.java:logFallback(53)) - raft.server.rpc.first-election.timeout.min = 1s (fallback to raft.server.rpc.timeout.min)
2025-04-24 14:03:35,245 [omNode-2-impl-thread1] INFO  util.JmxRegister (JmxRegister.java:tryRegister(44)) - Successfully registered JMX Bean with object name Ratis:service=RaftServer,group=group-523986131536,id=omNode-2
2025-04-24 14:03:35,245 [omNode-2-impl-thread1] INFO  util.JmxRegister (JmxRegister.java:register(58)) - register mxBean class org.apache.ratis.server.impl.RaftServerJmxAdapter as Ratis:service=RaftServer,group=group-523986131536,id=omNode-2
2025-04-24 14:03:35,245 [omNode-2-impl-thread1] INFO  server.RaftServerConfigKeys (ConfUtils.java:logGet(46)) - raft.server.snapshot.trigger-when-stop.enabled = true (default)
2025-04-24 14:03:35,245 [omNode-2-impl-thread1] INFO  server.RaftServerConfigKeys (ConfUtils.java:logGet(46)) - raft.server.snapshot.trigger-when-remove.enabled = true (default)
2025-04-24 14:03:35,245 [omNode-2-impl-thread1] INFO  server.RaftServerConfigKeys (ConfUtils.java:logGet(46)) - raft.server.snapshot.auto.trigger.enabled = true (custom)
2025-04-24 14:03:35,245 [omNode-2-impl-thread1] INFO  server.RaftServerConfigKeys (ConfUtils.java:logGet(46)) - raft.server.snapshot.auto.trigger.threshold = 50 (custom)
2025-04-24 14:03:35,245 [omNode-2-impl-thread1] INFO  server.RaftServerConfigKeys (ConfUtils.java:logGet(46)) - raft.server.snapshot.retention.file.num = -1 (default)
2025-04-24 14:03:35,245 [omNode-2-impl-thread1] INFO  server.RaftServerConfigKeys (ConfUtils.java:logGet(46)) - raft.server.log.purge.upto.snapshot.index = true (custom)
2025-04-24 14:03:35,245 [omNode-2@group-523986131536-FollowerState] INFO  server.RaftServerConfigKeys (ConfUtils.java:logFallback(53)) - raft.server.rpc.first-election.timeout.max = 1200ms (fallback to raft.server.rpc.timeout.max)
2025-04-24 14:03:35,246 [omNode-2-impl-thread1] INFO  server.RaftServer$Division (RaftServerImpl.java:start(405)) - omNode-2@group-523986131536: Successfully started.
2025-04-24 14:03:35,246 [main] INFO  server.RaftServer (RaftServerProxy.java:startImpl(407)) - omNode-2: start RPC server
2025-04-24 14:03:35,246 [main] INFO  server.GrpcService (GrpcService.java:startImpl(334)) - omNode-2: GrpcService started, listening on 15013
2025-04-24 14:03:35,247 [main] INFO  om.OzoneManager (OzoneManager.java:getRpcServer(1360)) - Creating RPC Server
2025-04-24 14:03:35,247 [JvmPauseMonitor25] INFO  util.JvmPauseMonitor (JvmPauseMonitor.java:run(146)) - JvmPauseMonitor-omNode-2: Started
2025-04-24 14:03:35,430 [omNode-3@group-523986131536-FollowerState] INFO  impl.FollowerState (FollowerState.java:runImpl(161)) - omNode-3@group-523986131536-FollowerState: change to CANDIDATE, lastRpcElapsedTime:1086668600ns, electionTimeout:1086ms
2025-04-24 14:03:35,430 [omNode-3@group-523986131536-FollowerState] INFO  impl.RoleInfo (RoleInfo.java:shutdownFollowerState(121)) - omNode-3: shutdown omNode-3@group-523986131536-FollowerState
2025-04-24 14:03:35,430 [omNode-3@group-523986131536-FollowerState] INFO  server.RaftServer$Division (RaftServerImpl.java:setRole(378)) - omNode-3@group-523986131536: changes role from  FOLLOWER to CANDIDATE at term 9 for changeToCandidate
2025-04-24 14:03:35,430 [omNode-3@group-523986131536-FollowerState] INFO  server.RaftServerConfigKeys (ConfUtils.java:logGet(46)) - raft.server.leaderelection.pre-vote = true (default)
2025-04-24 14:03:35,430 [omNode-3@group-523986131536-FollowerState] INFO  impl.RoleInfo (RoleInfo.java:updateAndGet(148)) - omNode-3: start omNode-3@group-523986131536-LeaderElection20
2025-04-24 14:03:35,431 [omNode-3@group-523986131536-LeaderElection20] INFO  impl.LeaderElection (LeaderElection.java:askForVotes(332)) - omNode-3@group-523986131536-LeaderElection20 PRE_VOTE round 0: submit vote requests at term 9 for conf: {index: 102, cur=peers:[omNode-3|localhost:15017, omNode-1|localhost:15009, omNode-2|localhost:15013]|listeners:[], old=null}
2025-04-24 14:03:35,431 [omNode-3@group-523986131536-LeaderElection20-1] INFO  server.GrpcServerProtocolClient (GrpcServerProtocolClient.java:<init>(65)) - Build channel for omNode-1|localhost:15009
2025-04-24 14:03:35,431 [omNode-3@group-523986131536-LeaderElection20] INFO  server.RaftServerConfigKeys (ConfUtils.java:logFallback(53)) - raft.server.rpc.first-election.timeout.min = 1s (fallback to raft.server.rpc.timeout.min)
2025-04-24 14:03:35,432 [omNode-3@group-523986131536-LeaderElection20] INFO  server.RaftServerConfigKeys (ConfUtils.java:logFallback(53)) - raft.server.rpc.first-election.timeout.max = 1200ms (fallback to raft.server.rpc.timeout.max)
2025-04-24 14:03:35,431 [omNode-3@group-523986131536-LeaderElection20-2] INFO  server.GrpcServerProtocolClient (GrpcServerProtocolClient.java:<init>(65)) - Build channel for omNode-2|localhost:15013
2025-04-24 14:03:35,436 [grpc-default-executor-2] INFO  server.RaftServer$Division (RaftServerImpl.java:requestVote(1407)) - omNode-1@group-523986131536: receive requestVote(PRE_VOTE, omNode-3, group-523986131536, 9, (t:9, i:103))
2025-04-24 14:03:35,436 [grpc-default-executor-2] INFO  impl.VoteContext (VoteContext.java:log(49)) - omNode-1@group-523986131536-FOLLOWER: accept PRE_VOTE from omNode-3: our last entry (t:8, i:101) < candidate's last entry (t:9, i:103)
2025-04-24 14:03:35,436 [grpc-default-executor-3] INFO  server.RaftServer$Division (RaftServerImpl.java:requestVote(1407)) - omNode-2@group-523986131536: receive requestVote(PRE_VOTE, omNode-3, group-523986131536, 9, (t:9, i:103))
2025-04-24 14:03:35,436 [grpc-default-executor-3] INFO  impl.VoteContext (VoteContext.java:log(49)) - omNode-2@group-523986131536-FOLLOWER: accept PRE_VOTE from omNode-3: our priority 0 <= candidate's priority 0
2025-04-24 14:03:35,436 [grpc-default-executor-2] INFO  server.RaftServer$Division (RaftServerImpl.java:requestVote(1441)) - omNode-1@group-523986131536 replies to PRE_VOTE vote request: omNode-3<-omNode-1#0:OK-t8. Peer's state: omNode-1@group-523986131536:t8, leader=null, voted=omNode-1, raftlog=Memoized:omNode-1@group-523986131536-SegmentedRaftLog:OPENED:c101:last(t:8, i:101), conf=conf: {index: 76, cur=peers:[omNode-3|localhost:15017, omNode-1|localhost:15009, omNode-2|localhost:15013]|listeners:[], old=null}
2025-04-24 14:03:35,436 [omNode-3@group-523986131536-LeaderElection20] INFO  impl.LeaderElection (LeaderElection.java:logAndReturn(90)) - omNode-3@group-523986131536-LeaderElection20: PRE_VOTE PASSED received 1 response(s) and 0 exception(s):
2025-04-24 14:03:35,437 [omNode-3@group-523986131536-LeaderElection20] INFO  impl.LeaderElection (LeaderElection.java:logAndReturn(94)) -   Response 0: omNode-3<-omNode-1#0:OK-t8
2025-04-24 14:03:35,436 [grpc-default-executor-3] INFO  server.RaftServer$Division (RaftServerImpl.java:requestVote(1441)) - omNode-2@group-523986131536 replies to PRE_VOTE vote request: omNode-3<-omNode-2#0:OK-t9. Peer's state: omNode-2@group-523986131536:t9, leader=null, voted=omNode-3, raftlog=Memoized:omNode-2@group-523986131536-SegmentedRaftLog:OPENED:c103:last(t:9, i:103), conf=conf: {index: 102, cur=peers:[omNode-3|localhost:15017, omNode-1|localhost:15009, omNode-2|localhost:15013]|listeners:[], old=null}
2025-04-24 14:03:35,437 [omNode-3@group-523986131536-LeaderElection20] INFO  impl.LeaderElection (LeaderElection.java:askForVotes(334)) - omNode-3@group-523986131536-LeaderElection20 PRE_VOTE round 0: result PASSED
2025-04-24 14:03:35,438 [omNode-3@group-523986131536-LeaderElection20] INFO  impl.LeaderElection (LeaderElection.java:askForVotes(332)) - omNode-3@group-523986131536-LeaderElection20 ELECTION round 0: submit vote requests at term 10 for conf: {index: 102, cur=peers:[omNode-3|localhost:15017, omNode-1|localhost:15009, omNode-2|localhost:15013]|listeners:[], old=null}
2025-04-24 14:03:35,439 [omNode-3@group-523986131536-LeaderElection20] INFO  server.RaftServerConfigKeys (ConfUtils.java:logFallback(53)) - raft.server.rpc.first-election.timeout.min = 1s (fallback to raft.server.rpc.timeout.min)
2025-04-24 14:03:35,439 [omNode-3@group-523986131536-LeaderElection20] INFO  server.RaftServerConfigKeys (ConfUtils.java:logFallback(53)) - raft.server.rpc.first-election.timeout.max = 1200ms (fallback to raft.server.rpc.timeout.max)
2025-04-24 14:03:35,439 [grpc-default-executor-3] INFO  server.RaftServer$Division (RaftServerImpl.java:requestVote(1407)) - omNode-2@group-523986131536: receive requestVote(ELECTION, omNode-3, group-523986131536, 10, (t:9, i:103))
2025-04-24 14:03:35,440 [grpc-default-executor-3] INFO  impl.VoteContext (VoteContext.java:log(49)) - omNode-2@group-523986131536-FOLLOWER: accept ELECTION from omNode-3: our priority 0 <= candidate's priority 0
2025-04-24 14:03:35,440 [grpc-default-executor-3] INFO  server.RaftServer$Division (RaftServerImpl.java:setRole(378)) - omNode-2@group-523986131536: changes role from  FOLLOWER to FOLLOWER at term 9 for candidate:omNode-3
2025-04-24 14:03:35,440 [grpc-default-executor-3] INFO  impl.RoleInfo (RoleInfo.java:shutdownFollowerState(121)) - omNode-2: shutdown omNode-2@group-523986131536-FollowerState
2025-04-24 14:03:35,440 [grpc-default-executor-2] INFO  server.RaftServer$Division (RaftServerImpl.java:requestVote(1407)) - omNode-1@group-523986131536: receive requestVote(ELECTION, omNode-3, group-523986131536, 10, (t:9, i:103))
2025-04-24 14:03:35,440 [omNode-2@group-523986131536-FollowerState] INFO  impl.FollowerState (FollowerState.java:runImpl(170)) - omNode-2@group-523986131536-FollowerState was interrupted
2025-04-24 14:03:35,440 [grpc-default-executor-3] INFO  impl.RoleInfo (RoleInfo.java:updateAndGet(148)) - omNode-2: start omNode-2@group-523986131536-FollowerState
2025-04-24 14:03:35,440 [grpc-default-executor-2] INFO  impl.VoteContext (VoteContext.java:log(49)) - omNode-1@group-523986131536-FOLLOWER: accept ELECTION from omNode-3: our last entry (t:8, i:101) < candidate's last entry (t:9, i:103)
2025-04-24 14:03:35,440 [grpc-default-executor-2] INFO  server.RaftServer$Division (RaftServerImpl.java:setRole(378)) - omNode-1@group-523986131536: changes role from  FOLLOWER to FOLLOWER at term 8 for candidate:omNode-3
2025-04-24 14:03:35,440 [grpc-default-executor-2] INFO  impl.RoleInfo (RoleInfo.java:shutdownFollowerState(121)) - omNode-1: shutdown omNode-1@group-523986131536-FollowerState
2025-04-24 14:03:35,440 [grpc-default-executor-2] INFO  impl.RoleInfo (RoleInfo.java:updateAndGet(148)) - omNode-1: start omNode-1@group-523986131536-FollowerState
2025-04-24 14:03:35,440 [omNode-1@group-523986131536-FollowerState] INFO  impl.FollowerState (FollowerState.java:runImpl(170)) - omNode-1@group-523986131536-FollowerState was interrupted
2025-04-24 14:03:35,440 [grpc-default-executor-3] INFO  server.RaftServer$Division (RaftServerImpl.java:setFirstElection(562)) - omNode-2@group-523986131536: set firstElectionSinceStartup to false for candidate:omNode-3
2025-04-24 14:03:35,441 [grpc-default-executor-2] INFO  server.RaftServer$Division (RaftServerImpl.java:setFirstElection(562)) - omNode-1@group-523986131536: set firstElectionSinceStartup to false for candidate:omNode-3
2025-04-24 14:03:35,441 [grpc-default-executor-3] INFO  server.RaftServer$Division (RaftServerImpl.java:requestVote(1441)) - omNode-2@group-523986131536 replies to ELECTION vote request: omNode-3<-omNode-2#0:OK-t10. Peer's state: omNode-2@group-523986131536:t10, leader=null, voted=omNode-3, raftlog=Memoized:omNode-2@group-523986131536-SegmentedRaftLog:OPENED:c103:last(t:9, i:103), conf=conf: {index: 102, cur=peers:[omNode-3|localhost:15017, omNode-1|localhost:15009, omNode-2|localhost:15013]|listeners:[], old=null}
2025-04-24 14:03:35,442 [omNode-3@group-523986131536-LeaderElection20] INFO  impl.LeaderElection (LeaderElection.java:logAndReturn(90)) - omNode-3@group-523986131536-LeaderElection20: ELECTION PASSED received 1 response(s) and 0 exception(s):
2025-04-24 14:03:35,442 [omNode-3@group-523986131536-LeaderElection20] INFO  impl.LeaderElection (LeaderElection.java:logAndReturn(94)) -   Response 0: omNode-3<-omNode-2#0:OK-t10
2025-04-24 14:03:35,442 [omNode-3@group-523986131536-LeaderElection20] INFO  impl.LeaderElection (LeaderElection.java:askForVotes(334)) - omNode-3@group-523986131536-LeaderElection20 ELECTION round 0: result PASSED
2025-04-24 14:03:35,442 [omNode-3@group-523986131536-LeaderElection20] INFO  impl.RoleInfo (RoleInfo.java:shutdownLeaderElection(141)) - omNode-3: shutdown omNode-3@group-523986131536-LeaderElection20
2025-04-24 14:03:35,442 [omNode-3@group-523986131536-LeaderElection20] INFO  server.RaftServer$Division (RaftServerImpl.java:setRole(378)) - omNode-3@group-523986131536: changes role from CANDIDATE to LEADER at term 10 for changeToLeader
2025-04-24 14:03:35,443 [omNode-3@group-523986131536-LeaderElection20] INFO  server.RaftServerConfigKeys (ConfUtils.java:logGet(46)) - raft.server.staging.catchup.gap = 1000 (default)
2025-04-24 14:03:35,442 [grpc-default-executor-2] INFO  server.RaftServer$Division (RaftServerImpl.java:requestVote(1441)) - omNode-1@group-523986131536 replies to ELECTION vote request: omNode-3<-omNode-1#0:OK-t10. Peer's state: omNode-1@group-523986131536:t10, leader=null, voted=omNode-3, raftlog=Memoized:omNode-1@group-523986131536-SegmentedRaftLog:OPENED:c101:last(t:8, i:101), conf=conf: {index: 76, cur=peers:[omNode-3|localhost:15017, omNode-1|localhost:15009, omNode-2|localhost:15013]|listeners:[], old=null}
2025-04-24 14:03:35,443 [omNode-3@group-523986131536-LeaderElection20] INFO  server.RaftServerConfigKeys (ConfUtils.java:logGet(46)) - raft.server.write.element-limit = 4096 (default)
2025-04-24 14:03:35,443 [omNode-3@group-523986131536-LeaderElection20] INFO  server.RaftServerConfigKeys (ConfUtils.java:logGet(46)) - raft.server.write.byte-limit = 64MB (=67108864) (default)
2025-04-24 14:03:35,443 [omNode-3@group-523986131536-LeaderElection20] INFO  server.RaftServerConfigKeys (ConfUtils.java:logGet(46)) - raft.server.watch.timeout = 10s (default)
2025-04-24 14:03:35,443 [omNode-3@group-523986131536-LeaderElection20] INFO  server.RaftServerConfigKeys (ConfUtils.java:logGet(46)) - raft.server.watch.timeout.denomination = 1s (default)
2025-04-24 14:03:35,443 [omNode-3@group-523986131536-LeaderElection20] INFO  server.RaftServerConfigKeys (ConfUtils.java:logGet(46)) - raft.server.watch.element-limit = 65536 (default)
2025-04-24 14:03:35,443 [omNode-3@group-523986131536-LeaderElection20] INFO  server.RaftServerConfigKeys (ConfUtils.java:logGet(46)) - raft.server.read.leader.lease.enabled = false (default)
2025-04-24 14:03:35,443 [omNode-3@group-523986131536-LeaderElection20] INFO  server.RaftServerConfigKeys (ConfUtils.java:logGet(46)) - raft.server.read.leader.lease.timeout.ratio = 0.9 (default)
2025-04-24 14:03:35,444 [omNode-3@group-523986131536-LeaderElection20] INFO  server.RaftServerConfigKeys (ConfUtils.java:logGet(46)) - raft.server.rpc.timeout.min = 1s (custom)
2025-04-24 14:03:35,444 [omNode-3@group-523986131536-LeaderElection20] INFO  server.RaftServerConfigKeys (ConfUtils.java:logGet(46)) - raft.server.log.log-metadata.enabled = true (default)
2025-04-24 14:03:35,444 [omNode-3@group-523986131536-LeaderElection20] INFO  server.RaftServerConfigKeys (ConfUtils.java:logGet(46)) - raft.server.write.element-limit = 4096 (default)
2025-04-24 14:03:35,444 [omNode-3@group-523986131536-LeaderElection20] INFO  server.RaftServerConfigKeys (ConfUtils.java:logGet(46)) - raft.server.write.follower.gap.ratio.max = -1.0 (default)
2025-04-24 14:03:35,444 [omNode-3@group-523986131536-LeaderElection20] INFO  server.RaftServerConfigKeys (ConfUtils.java:logGet(46)) - raft.server.log.appender.snapshot.chunk.size.max = 16MB (=16777216) (default)
2025-04-24 14:03:35,444 [omNode-3@group-523986131536-LeaderElection20] INFO  server.RaftServerConfigKeys (ConfUtils.java:logGet(46)) - raft.server.log.appender.buffer.byte-limit = 4194304 (custom)
2025-04-24 14:03:35,444 [omNode-3@group-523986131536-LeaderElection20] INFO  server.RaftServerConfigKeys (ConfUtils.java:logGet(46)) - raft.server.log.appender.buffer.element-limit = 1024 (custom)
2025-04-24 14:03:35,444 [omNode-3@group-523986131536-LeaderElection20] INFO  server.RaftServerConfigKeys (ConfUtils.java:logGet(46)) - raft.server.log.appender.wait-time.min = 0ms (custom)
2025-04-24 14:03:35,444 [omNode-3@group-523986131536-LeaderElection20] INFO  grpc.GrpcConfigKeys (ConfUtils.java:logGet(46)) - raft.grpc.server.leader.outstanding.appends.max = 8 (default)
2025-04-24 14:03:35,444 [omNode-3@group-523986131536-LeaderElection20] INFO  server.RaftServerConfigKeys (ConfUtils.java:logGet(46)) - raft.server.rpc.request.timeout = 3000ms (default)
2025-04-24 14:03:35,444 [omNode-3@group-523986131536-LeaderElection20] INFO  grpc.GrpcConfigKeys (ConfUtils.java:logGet(46)) - raft.grpc.server.install_snapshot.request.element-limit = 8 (default)
2025-04-24 14:03:35,445 [omNode-3@group-523986131536-LeaderElection20] INFO  grpc.GrpcConfigKeys (ConfUtils.java:logGet(46)) - raft.grpc.server.install_snapshot.request.timeout = 3000ms (default)
2025-04-24 14:03:35,445 [omNode-3@group-523986131536-LeaderElection20] INFO  grpc.GrpcConfigKeys (ConfUtils.java:logGet(46)) - raft.grpc.server.log-message.batch.duration = 5s (default)
2025-04-24 14:03:35,445 [omNode-3@group-523986131536-LeaderElection20] INFO  server.RaftServerConfigKeys (ConfUtils.java:logGet(46)) - raft.server.log.appender.install.snapshot.enabled = false (custom)
2025-04-24 14:03:35,445 [omNode-3@group-523986131536-LeaderElection20] INFO  grpc.GrpcConfigKeys (ConfUtils.java:logGet(46)) - raft.grpc.server.heartbeat.channel = true (default)
2025-04-24 14:03:35,445 [omNode-3@group-523986131536-LeaderElection20] INFO  server.RaftServerConfigKeys (ConfUtils.java:logGet(46)) - raft.server.log.appender.snapshot.chunk.size.max = 16MB (=16777216) (default)
2025-04-24 14:03:35,445 [omNode-3@group-523986131536-LeaderElection20] INFO  server.RaftServerConfigKeys (ConfUtils.java:logGet(46)) - raft.server.log.appender.buffer.byte-limit = 4194304 (custom)
2025-04-24 14:03:35,445 [omNode-3@group-523986131536-LeaderElection20] INFO  server.RaftServerConfigKeys (ConfUtils.java:logGet(46)) - raft.server.log.appender.buffer.element-limit = 1024 (custom)
2025-04-24 14:03:35,445 [omNode-3@group-523986131536-LeaderElection20] INFO  server.RaftServerConfigKeys (ConfUtils.java:logGet(46)) - raft.server.log.appender.wait-time.min = 0ms (custom)
2025-04-24 14:03:35,446 [omNode-3@group-523986131536-LeaderElection20] INFO  grpc.GrpcConfigKeys (ConfUtils.java:logGet(46)) - raft.grpc.server.leader.outstanding.appends.max = 8 (default)
2025-04-24 14:03:35,446 [omNode-3@group-523986131536-LeaderElection20] INFO  server.RaftServerConfigKeys (ConfUtils.java:logGet(46)) - raft.server.rpc.request.timeout = 3000ms (default)
2025-04-24 14:03:35,446 [omNode-3@group-523986131536-LeaderElection20] INFO  grpc.GrpcConfigKeys (ConfUtils.java:logGet(46)) - raft.grpc.server.install_snapshot.request.element-limit = 8 (default)
2025-04-24 14:03:35,446 [omNode-3@group-523986131536-LeaderElection20] INFO  grpc.GrpcConfigKeys (ConfUtils.java:logGet(46)) - raft.grpc.server.install_snapshot.request.timeout = 3000ms (default)
2025-04-24 14:03:35,446 [omNode-3@group-523986131536-LeaderElection20] INFO  grpc.GrpcConfigKeys (ConfUtils.java:logGet(46)) - raft.grpc.server.log-message.batch.duration = 5s (default)
2025-04-24 14:03:35,446 [omNode-3@group-523986131536-LeaderElection20] INFO  server.RaftServerConfigKeys (ConfUtils.java:logGet(46)) - raft.server.log.appender.install.snapshot.enabled = false (custom)
2025-04-24 14:03:35,446 [omNode-3@group-523986131536-LeaderElection20] INFO  grpc.GrpcConfigKeys (ConfUtils.java:logGet(46)) - raft.grpc.server.heartbeat.channel = true (default)
2025-04-24 14:03:35,446 [omNode-3@group-523986131536-LeaderElection20] INFO  impl.RoleInfo (RoleInfo.java:updateAndGet(148)) - omNode-3: start omNode-3@group-523986131536-LeaderStateImpl
2025-04-24 14:03:35,446 [omNode-3@group-523986131536-LeaderElection20] INFO  server.RaftServer$Division (RaftServerImpl.java:setFirstElection(562)) - omNode-3@group-523986131536: set firstElectionSinceStartup to false for becomeLeader
2025-04-24 14:03:35,446 [omNode-3@group-523986131536-LeaderElection20] INFO  ratis.OzoneManagerStateMachine (OzoneManagerStateMachine.java:notifyLeaderChanged(169)) - omNode-3@group-523986131536: leader changed to omNode-3
2025-04-24 14:03:35,446 [omNode-3@group-523986131536-LeaderElection20] INFO  server.RaftServer$Division (ServerState.java:setLeader(272)) - omNode-3@group-523986131536: change Leader from null to omNode-3 at term 10 for becomeLeader, leader elected after 1112ms
2025-04-24 14:03:35,446 [omNode-3@group-523986131536-LeaderElection20] INFO  segmented.SegmentedRaftLogWorker (SegmentedRaftLogWorker.java:rollLogSegment(443)) - omNode-3@group-523986131536-SegmentedRaftLogWorker: Rolling segment log-102_103 to index:103
2025-04-24 14:03:35,447 [omNode-3@group-523986131536-LeaderElection20] INFO  server.RaftServer$Division (ServerState.java:setRaftConf(386)) - omNode-3@group-523986131536: set configuration conf: {index: 104, cur=peers:[omNode-3|localhost:15017, omNode-1|localhost:15009, omNode-2|localhost:15013]|listeners:[], old=null}
2025-04-24 14:03:35,447 [omNode-3@group-523986131536-SegmentedRaftLogWorker] INFO  segmented.SegmentedRaftLogWorker (SegmentedRaftLogWorker.java:execute(601)) - omNode-3@group-523986131536-SegmentedRaftLogWorker: Rolled log segment from /home/runner/work/ozone/ozone/hadoop-ozone/integration-test/target/test-dir/MiniOzoneClusterImpl-4e6105ad-12bc-4f18-9d37-351d73277e17/omNode-3/ratis/c9bc4cf4-3bc3-3c60-a66b-523986131536/current/log_inprogress_102 to /home/runner/work/ozone/ozone/hadoop-ozone/integration-test/target/test-dir/MiniOzoneClusterImpl-4e6105ad-12bc-4f18-9d37-351d73277e17/omNode-3/ratis/c9bc4cf4-3bc3-3c60-a66b-523986131536/current/log_102-103
2025-04-24 14:03:35,447 [omNode-3@group-523986131536-SegmentedRaftLogWorker] INFO  segmented.BufferedWriteChannel (BufferedWriteChannel.java:open(61)) - open log_inprogress_104 at position 0
2025-04-24 14:03:35,454 [omNode-2-server-thread1] INFO  ratis.OzoneManagerStateMachine (OzoneManagerStateMachine.java:notifyLeaderChanged(169)) - omNode-2@group-523986131536: leader changed to omNode-3
2025-04-24 14:03:35,454 [omNode-2-server-thread1] INFO  server.RaftServer$Division (ServerState.java:setLeader(272)) - omNode-2@group-523986131536: change Leader from null to omNode-3 at term 10 for appendEntries, leader elected after 217ms
2025-04-24 14:03:35,454 [omNode-2-server-thread1] INFO  server.RaftServer$Division (ServerState.java:setRaftConf(386)) - omNode-2@group-523986131536: set configuration conf: {index: 104, cur=peers:[omNode-3|localhost:15017, omNode-1|localhost:15009, omNode-2|localhost:15013]|listeners:[], old=null}
2025-04-24 14:03:35,454 [omNode-2-server-thread1] INFO  segmented.SegmentedRaftLogWorker (SegmentedRaftLogWorker.java:rollLogSegment(443)) - omNode-2@group-523986131536-SegmentedRaftLogWorker: Rolling segment log-102_103 to index:103
2025-04-24 14:03:35,455 [omNode-2@group-523986131536-SegmentedRaftLogWorker] INFO  segmented.SegmentedRaftLogWorker (SegmentedRaftLogWorker.java:execute(601)) - omNode-2@group-523986131536-SegmentedRaftLogWorker: Rolled log segment from /home/runner/work/ozone/ozone/hadoop-ozone/integration-test/target/test-dir/MiniOzoneClusterImpl-4e6105ad-12bc-4f18-9d37-351d73277e17/omNode-2/ratis/c9bc4cf4-3bc3-3c60-a66b-523986131536/current/log_inprogress_102 to /home/runner/work/ozone/ozone/hadoop-ozone/integration-test/target/test-dir/MiniOzoneClusterImpl-4e6105ad-12bc-4f18-9d37-351d73277e17/omNode-2/ratis/c9bc4cf4-3bc3-3c60-a66b-523986131536/current/log_102-103
2025-04-24 14:03:35,455 [omNode-2@group-523986131536-SegmentedRaftLogWorker] INFO  segmented.BufferedWriteChannel (BufferedWriteChannel.java:open(61)) - open log_inprogress_104 at position 0
2025-04-24 14:03:35,455 [omNode-1-server-thread1] INFO  ratis.OzoneManagerStateMachine (OzoneManagerStateMachine.java:notifyLeaderChanged(169)) - omNode-1@group-523986131536: leader changed to omNode-3
2025-04-24 14:03:35,455 [omNode-1-server-thread1] INFO  server.RaftServer$Division (ServerState.java:setLeader(272)) - omNode-1@group-523986131536: change Leader from null to omNode-3 at term 10 for appendEntries, leader elected after 667ms
2025-04-24 14:03:35,455 [omNode-1-server-thread1] INFO  server.RaftServer$Division (RaftServerImpl.java:checkInconsistentAppendEntries(1648)) - omNode-1@group-523986131536: Failed appendEntries as previous log entry ((t:9, i:103)) is not found
2025-04-24 14:03:35,455 [omNode-1-server-thread1] INFO  server.RaftServer$Division (RaftServerImpl.java:appendEntriesAsync(1580)) - omNode-1@group-523986131536: appendEntries* reply omNode-3<-omNode-1#0:FAIL-t10,INCONSISTENCY,nextIndex=102,followerCommit=101,matchIndex=-1
2025-04-24 14:03:35,456 [grpc-default-executor-2] WARN  server.GrpcLogAppender (GrpcLogAppender.java:onNextImpl(519)) - omNode-3@group-523986131536->omNode-1-AppendLogResponseHandler: received INCONSISTENCY reply with nextIndex 102, errorCount=1, request=AppendEntriesRequest:cid=0,entriesCount=0
2025-04-24 14:03:35,456 [grpc-default-executor-2] INFO  leader.FollowerInfo (FollowerInfoImpl.java:info(70)) - omNode-3@group-523986131536->omNode-1: setNextIndex nextIndex: updateUnconditionally 105 -> 102
2025-04-24 14:03:35,456 [omNode-3@group-523986131536-SegmentedRaftLogWorker] INFO  segmented.SegmentedRaftLogWorker (SegmentedRaftLogWorker.java:execute(644)) - omNode-3@group-523986131536-SegmentedRaftLogWorker: created new log segment /home/runner/work/ozone/ozone/hadoop-ozone/integration-test/target/test-dir/MiniOzoneClusterImpl-4e6105ad-12bc-4f18-9d37-351d73277e17/omNode-3/ratis/c9bc4cf4-3bc3-3c60-a66b-523986131536/current/log_inprogress_104
2025-04-24 14:03:35,457 [omNode-1-server-thread2] INFO  server.RaftServer$Division (RaftServerImpl.java:checkInconsistentAppendEntries(1648)) - omNode-1@group-523986131536: Failed appendEntries as previous log entry ((t:9, i:103)) is not found
2025-04-24 14:03:35,457 [omNode-1-server-thread2] INFO  server.RaftServer$Division (RaftServerImpl.java:appendEntriesAsync(1580)) - omNode-1@group-523986131536: appendEntries* reply omNode-3<-omNode-1#1:FAIL-t10,INCONSISTENCY,nextIndex=102,followerCommit=101,matchIndex=-1
2025-04-24 14:03:35,457 [omNode-3@group-523986131536->omNode-1-GrpcLogAppender-LogAppenderDaemon] WARN  leader.LogAppenderDaemon (LogAppenderDaemon.java:run(89)) - omNode-3@group-523986131536->omNode-1-GrpcLogAppender-LogAppenderDaemon failed
java.lang.NullPointerException: omNode-3@group-523986131536->omNode-1: Previous TermIndex not found for firstIndex = 102
	at java.base/java.util.Objects.requireNonNull(Objects.java:360)
	at org.apache.ratis.server.leader.LogAppenderBase.assertProtos(LogAppenderBase.java:267)
	at org.apache.ratis.server.leader.LogAppenderBase.newAppendEntriesRequest(LogAppenderBase.java:252)
	at org.apache.ratis.grpc.server.GrpcLogAppender.appendLog(GrpcLogAppender.java:387)
	at org.apache.ratis.grpc.server.GrpcLogAppender.run(GrpcLogAppender.java:262)
	at org.apache.ratis.server.leader.LogAppenderDaemon.run(LogAppenderDaemon.java:80)
	at java.base/java.lang.Thread.run(Thread.java:1583)
2025-04-24 14:03:35,457 [omNode-3@group-523986131536->omNode-1-GrpcLogAppender-LogAppenderDaemon] INFO  server.RaftServer$Division (LeaderStateImpl.java:restart(682)) - omNode-3@group-523986131536-LeaderStateImpl: Restarting GrpcLogAppender for omNode-3@group-523986131536->omNode-1
2025-04-24 14:03:35,458 [grpc-default-executor-3] WARN  server.GrpcLogAppender (GrpcLogAppender.java:onNextImpl(519)) - omNode-3@group-523986131536->omNode-1-AppendLogResponseHandler: received INCONSISTENCY reply with nextIndex 102, errorCount=2, request=null
2025-04-24 14:03:35,458 [omNode-3@group-523986131536->omNode-1-GrpcLogAppender-LogAppenderDaemon] INFO  server.RaftServerConfigKeys (ConfUtils.java:logGet(46)) - raft.server.log.appender.snapshot.chunk.size.max = 16MB (=16777216) (default)
2025-04-24 14:03:35,458 [omNode-3@group-523986131536->omNode-1-GrpcLogAppender-LogAppenderDaemon] INFO  server.RaftServerConfigKeys (ConfUtils.java:logGet(46)) - raft.server.log.appender.buffer.byte-limit = 4194304 (custom)
2025-04-24 14:03:35,458 [omNode-3@group-523986131536->omNode-1-GrpcLogAppender-LogAppenderDaemon] INFO  server.RaftServerConfigKeys (ConfUtils.java:logGet(46)) - raft.server.log.appender.buffer.element-limit = 1024 (custom)
2025-04-24 14:03:35,458 [omNode-3@group-523986131536->omNode-1-GrpcLogAppender-LogAppenderDaemon] INFO  server.RaftServerConfigKeys (ConfUtils.java:logGet(46)) - raft.server.log.appender.wait-time.min = 0ms (custom)
2025-04-24 14:03:35,458 [omNode-3@group-523986131536->omNode-1-GrpcLogAppender-LogAppenderDaemon] INFO  grpc.GrpcConfigKeys (ConfUtils.java:logGet(46)) - raft.grpc.server.leader.outstanding.appends.max = 8 (default)
2025-04-24 14:03:35,458 [omNode-3@group-523986131536->omNode-1-GrpcLogAppender-LogAppenderDaemon] INFO  server.RaftServerConfigKeys (ConfUtils.java:logGet(46)) - raft.server.rpc.request.timeout = 3000ms (default)
2025-04-24 14:03:35,458 [omNode-3@group-523986131536->omNode-1-GrpcLogAppender-LogAppenderDaemon] INFO  grpc.GrpcConfigKeys (ConfUtils.java:logGet(46)) - raft.grpc.server.install_snapshot.request.element-limit = 8 (default)
2025-04-24 14:03:35,459 [omNode-3@group-523986131536->omNode-1-GrpcLogAppender-LogAppenderDaemon] INFO  grpc.GrpcConfigKeys (ConfUtils.java:logGet(46)) - raft.grpc.server.install_snapshot.request.timeout = 3000ms (default)
2025-04-24 14:03:35,459 [omNode-3@group-523986131536->omNode-1-GrpcLogAppender-LogAppenderDaemon] INFO  grpc.GrpcConfigKeys (ConfUtils.java:logGet(46)) - raft.grpc.server.log-message.batch.duration = 5s (default)
2025-04-24 14:03:35,459 [omNode-3@group-523986131536->omNode-1-GrpcLogAppender-LogAppenderDaemon] INFO  server.RaftServerConfigKeys (ConfUtils.java:logGet(46)) - raft.server.log.appender.install.snapshot.enabled = false (custom)
2025-04-24 14:03:35,459 [omNode-3@group-523986131536->omNode-1-GrpcLogAppender-LogAppenderDaemon] INFO  grpc.GrpcConfigKeys (ConfUtils.java:logGet(46)) - raft.grpc.server.heartbeat.channel = true (default)
2025-04-24 14:03:35,461 [omNode-3@group-523986131536->omNode-1-GrpcLogAppender-LogAppenderDaemon] INFO  server.GrpcLogAppender (GrpcLogAppender.java:notifyInstallSnapshot(791)) - omNode-3@group-523986131536->omNode-1-GrpcLogAppender: notifyInstallSnapshot with firstAvailable=(t:9, i:102), followerNextIndex=0
2025-04-24 14:03:35,466 [omNode-2@group-523986131536-SegmentedRaftLogWorker] INFO  segmented.SegmentedRaftLogWorker (SegmentedRaftLogWorker.java:execute(644)) - omNode-2@group-523986131536-SegmentedRaftLogWorker: created new log segment /home/runner/work/ozone/ozone/hadoop-ozone/integration-test/target/test-dir/MiniOzoneClusterImpl-4e6105ad-12bc-4f18-9d37-351d73277e17/omNode-2/ratis/c9bc4cf4-3bc3-3c60-a66b-523986131536/current/log_inprogress_104
2025-04-24 14:03:35,469 [omNode-3@group-523986131536->omNode-1-GrpcLogAppender-LogAppenderDaemon] INFO  server.GrpcLogAppender (GrpcLogAppender.java:notifyInstallSnapshot(799)) - omNode-3@group-523986131536->omNode-1-GrpcLogAppender: send omNode-3->omNode-1#0-t10,notify:(t:9, i:102)
2025-04-24 14:03:35,469 [omNode-3@group-523986131536-StateMachineUpdater] INFO  ratis.OzoneManagerStateMachine (OzoneManagerStateMachine.java:notifyConfigurationChanged(231)) - notifyConfigurationChanged from Ratis: term=10, index=104, New Peer list: omNode-3(localhost:15017), omNode-1(localhost:15009), omNode-2(localhost:15013)
2025-04-24 14:03:35,469 [omNode-3@group-523986131536-StateMachineUpdater] INFO  server.RaftServer$Division (LeaderStateImpl.java:checkStartIndex(313)) - Leader omNode-3@group-523986131536-LeaderStateImpl is ready since appliedIndex == startIndex == 104
2025-04-24 14:03:35,473 [grpc-default-executor-2] INFO  impl.SnapshotInstallationHandler (SnapshotInstallationHandler.java:installSnapshot(97)) - omNode-1@group-523986131536: receive installSnapshot: omNode-3->omNode-1#0-t10,notify:(t:9, i:102)
2025-04-24 14:03:35,473 [grpc-default-executor-2] INFO  impl.SnapshotInstallationHandler (SnapshotInstallationHandler.java:notifyStateMachineToInstallSnapshot(258)) - omNode-1@group-523986131536: Received notification to install snapshot at index 102
2025-04-24 14:03:35,473 [grpc-default-executor-2] INFO  impl.SnapshotInstallationHandler (SnapshotInstallationHandler.java:notifyStateMachineToInstallSnapshot(268)) - omNode-1@group-523986131536: InstallSnapshot notification result: ALREADY_INSTALLED, current snapshot index: 101
2025-04-24 14:03:35,474 [omNode-2@group-523986131536-StateMachineUpdater] INFO  ratis.OzoneManagerStateMachine (OzoneManagerStateMachine.java:notifyConfigurationChanged(231)) - notifyConfigurationChanged from Ratis: term=10, index=104, New Peer list: omNode-3(localhost:15017), omNode-1(localhost:15009), omNode-2(localhost:15013)
2025-04-24 14:03:35,485 [grpc-default-executor-2] INFO  impl.SnapshotInstallationHandler (SnapshotInstallationHandler.java:installSnapshotImpl(143)) - omNode-1@group-523986131536: set new configuration index: 104
configurationEntry {
  peers {
    id: "omNode-3"
    address: "localhost:15017"
    startupRole: FOLLOWER
  }
  peers {
    id: "omNode-1"
    address: "localhost:15009"
    startupRole: FOLLOWER
  }
  peers {
    id: "omNode-2"
    address: "localhost:15013"
    startupRole: FOLLOWER
  }
}
 from snapshot
2025-04-24 14:03:35,485 [grpc-default-executor-2] INFO  server.RaftServer$Division (ServerState.java:setRaftConf(386)) - omNode-1@group-523986131536: set configuration conf: {index: 104, cur=peers:[omNode-3|localhost:15017, omNode-1|localhost:15009, omNode-2|localhost:15013]|listeners:[], old=null}
2025-04-24 14:03:35,486 [grpc-default-executor-2] INFO  ratis.OzoneManagerStateMachine (OzoneManagerStateMachine.java:notifyConfigurationChanged(231)) - notifyConfigurationChanged from Ratis: term=0, index=104, New Peer list: omNode-3(localhost:15017), omNode-1(localhost:15009), omNode-2(localhost:15013)
2025-04-24 14:03:35,486 [grpc-default-executor-2] INFO  impl.SnapshotInstallationHandler (SnapshotInstallationHandler.java:installSnapshot(108)) - omNode-1@group-523986131536: reply installSnapshot: omNode-3<-omNode-1#0:OK-t10,ALREADY_INSTALLED,snapshotIndex=101
2025-04-24 14:03:35,487 [grpc-default-executor-2] INFO  server.GrpcServerProtocolService (GrpcServerProtocolService.java:onCompleted(157)) - omNode-1: Completed INSTALL_SNAPSHOT, lastRequest: omNode-3->omNode-1#0-t10,notify:(t:9, i:102)
2025-04-24 14:03:35,487 [grpc-default-executor-2] INFO  server.GrpcServerProtocolService (GrpcServerProtocolService.java:lambda$onCompleted$5(159)) - omNode-1: Completed INSTALL_SNAPSHOT, lastReply: null
2025-04-24 14:03:35,488 [grpc-default-executor-4] INFO  server.GrpcLogAppender (GrpcLogAppender.java:onNext(655)) - omNode-3@group-523986131536->omNode-1-InstallSnapshotResponseHandler: received the first reply omNode-3<-omNode-1#0:OK-t10,ALREADY_INSTALLED,snapshotIndex=101
2025-04-24 14:03:35,488 [grpc-default-executor-4] INFO  server.GrpcLogAppender (GrpcLogAppender.java:onNext(676)) - omNode-3@group-523986131536->omNode-1-InstallSnapshotResponseHandler: Follower snapshot is already at index 101.
2025-04-24 14:03:35,488 [grpc-default-executor-4] INFO  leader.FollowerInfo (FollowerInfoImpl.java:info(64)) - omNode-3@group-523986131536->omNode-1: snapshotIndex: setUnconditionally 0 -> 101
2025-04-24 14:03:35,488 [grpc-default-executor-4] INFO  leader.FollowerInfo (FollowerInfoImpl.java:info(64)) - omNode-3@group-523986131536->omNode-1: matchIndex: setUnconditionally -1 -> 101
2025-04-24 14:03:35,488 [grpc-default-executor-4] INFO  leader.FollowerInfo (FollowerInfoImpl.java:info(64)) - omNode-3@group-523986131536->omNode-1: nextIndex: setUnconditionally 0 -> 102
2025-04-24 14:03:35,488 [grpc-default-executor-4] INFO  leader.FollowerInfo (FollowerInfoImpl.java:setAttemptedToInstallSnapshot(154)) - Follower omNode-3@group-523986131536->omNode-1 acknowledged installing snapshot
2025-04-24 14:03:35,489 [grpc-default-executor-4] INFO  server.GrpcLogAppender (GrpcLogAppender.java:increaseNextIndex(457)) - omNode-3@group-523986131536->omNode-1-GrpcLogAppender: updateNextIndex 102 for ALREADY_INSTALLED
2025-04-24 14:03:35,493 [omNode-1-server-thread2] INFO  server.RaftServer$Division (ServerState.java:setRaftConf(386)) - omNode-1@group-523986131536: set configuration conf: {index: 102, cur=peers:[omNode-3|localhost:15017, omNode-1|localhost:15009, omNode-2|localhost:15013]|listeners:[], old=null}
2025-04-24 14:03:35,493 [omNode-1-server-thread2] INFO  server.RaftServer$Division (ServerState.java:setRaftConf(386)) - omNode-1@group-523986131536: set configuration conf: {index: 104, cur=peers:[omNode-3|localhost:15017, omNode-1|localhost:15009, omNode-2|localhost:15013]|listeners:[], old=null}
2025-04-24 14:03:35,493 [omNode-1-server-thread2] INFO  segmented.SegmentedRaftLogWorker (SegmentedRaftLogWorker.java:rollLogSegment(443)) - omNode-1@group-523986131536-SegmentedRaftLogWorker: Rolling segment log-76_101 to index:101
2025-04-24 14:03:35,493 [omNode-1-server-thread2] INFO  segmented.SegmentedRaftLogWorker (SegmentedRaftLogWorker.java:rollLogSegment(443)) - omNode-1@group-523986131536-SegmentedRaftLogWorker: Rolling segment log-102_103 to index:103
2025-04-24 14:03:35,494 [omNode-1@group-523986131536-SegmentedRaftLogWorker] INFO  segmented.SegmentedRaftLogWorker (SegmentedRaftLogWorker.java:execute(601)) - omNode-1@group-523986131536-SegmentedRaftLogWorker: Rolled log segment from /home/runner/work/ozone/ozone/hadoop-ozone/integration-test/target/test-dir/MiniOzoneClusterImpl-4e6105ad-12bc-4f18-9d37-351d73277e17/omNode-1/ratis/c9bc4cf4-3bc3-3c60-a66b-523986131536/current/log_inprogress_76 to /home/runner/work/ozone/ozone/hadoop-ozone/integration-test/target/test-dir/MiniOzoneClusterImpl-4e6105ad-12bc-4f18-9d37-351d73277e17/omNode-1/ratis/c9bc4cf4-3bc3-3c60-a66b-523986131536/current/log_76-101
2025-04-24 14:03:35,494 [omNode-1@group-523986131536-SegmentedRaftLogWorker] INFO  segmented.BufferedWriteChannel (BufferedWriteChannel.java:open(61)) - open log_inprogress_102 at position 0
2025-04-24 14:03:35,503 [omNode-1@group-523986131536-SegmentedRaftLogWorker] INFO  segmented.SegmentedRaftLogWorker (SegmentedRaftLogWorker.java:execute(644)) - omNode-1@group-523986131536-SegmentedRaftLogWorker: created new log segment /home/runner/work/ozone/ozone/hadoop-ozone/integration-test/target/test-dir/MiniOzoneClusterImpl-4e6105ad-12bc-4f18-9d37-351d73277e17/omNode-1/ratis/c9bc4cf4-3bc3-3c60-a66b-523986131536/current/log_inprogress_102
2025-04-24 14:03:35,505 [omNode-1@group-523986131536-SegmentedRaftLogWorker] INFO  segmented.SegmentedRaftLogWorker (SegmentedRaftLogWorker.java:execute(601)) - omNode-1@group-523986131536-SegmentedRaftLogWorker: Rolled log segment from /home/runner/work/ozone/ozone/hadoop-ozone/integration-test/target/test-dir/MiniOzoneClusterImpl-4e6105ad-12bc-4f18-9d37-351d73277e17/omNode-1/ratis/c9bc4cf4-3bc3-3c60-a66b-523986131536/current/log_inprogress_102 to /home/runner/work/ozone/ozone/hadoop-ozone/integration-test/target/test-dir/MiniOzoneClusterImpl-4e6105ad-12bc-4f18-9d37-351d73277e17/omNode-1/ratis/c9bc4cf4-3bc3-3c60-a66b-523986131536/current/log_102-103
2025-04-24 14:03:35,505 [omNode-1@group-523986131536-SegmentedRaftLogWorker] INFO  segmented.BufferedWriteChannel (BufferedWriteChannel.java:open(61)) - open log_inprogress_104 at position 0
2025-04-24 14:03:35,514 [omNode-1@group-523986131536-SegmentedRaftLogWorker] INFO  segmented.SegmentedRaftLogWorker (SegmentedRaftLogWorker.java:execute(644)) - omNode-1@group-523986131536-SegmentedRaftLogWorker: created new log segment /home/runner/work/ozone/ozone/hadoop-ozone/integration-test/target/test-dir/MiniOzoneClusterImpl-4e6105ad-12bc-4f18-9d37-351d73277e17/omNode-1/ratis/c9bc4cf4-3bc3-3c60-a66b-523986131536/current/log_inprogress_104
2025-04-24 14:03:35,616 [main] INFO  reflections.Reflections (Reflections.java:scan(219)) - Reflections took 369 ms to scan 22 urls, producing 61 keys and 7423 values
2025-04-24 14:03:35,617 [main] INFO  ipc.CallQueueManager (CallQueueManager.java:<init>(93)) - Using callQueue: class java.util.concurrent.LinkedBlockingQueue, queueCapacity: 2000, scheduler: class org.apache.hadoop.ipc.DefaultRpcScheduler, ipcBackoff: false, ipcFailOver: false.
2025-04-24 14:03:35,617 [main] INFO  ipc.Server (Server.java:<init>(1438)) - Listener at localhost:15010
2025-04-24 14:03:35,618 [Socket Reader #1 for port 15010] INFO  ipc.Server (Server.java:run(1474)) - Starting Socket Reader #1 for port 15010
2025-04-24 14:03:35,618 [Socket Reader #2 for port 15010] INFO  ipc.Server (Server.java:run(1474)) - Starting Socket Reader #2 for port 15010
2025-04-24 14:03:35,618 [Socket Reader #3 for port 15010] INFO  ipc.Server (Server.java:run(1474)) - Starting Socket Reader #3 for port 15010
2025-04-24 14:03:35,618 [Socket Reader #4 for port 15010] INFO  ipc.Server (Server.java:run(1474)) - Starting Socket Reader #4 for port 15010
2025-04-24 14:03:35,619 [Socket Reader #5 for port 15010] INFO  ipc.Server (Server.java:run(1474)) - Starting Socket Reader #5 for port 15010
2025-04-24 14:03:35,619 [Socket Reader #6 for port 15010] INFO  ipc.Server (Server.java:run(1474)) - Starting Socket Reader #6 for port 15010
2025-04-24 14:03:35,619 [Socket Reader #7 for port 15010] INFO  ipc.Server (Server.java:run(1474)) - Starting Socket Reader #7 for port 15010
2025-04-24 14:03:35,619 [Socket Reader #8 for port 15010] INFO  ipc.Server (Server.java:run(1474)) - Starting Socket Reader #8 for port 15010
2025-04-24 14:03:35,619 [Socket Reader #9 for port 15010] INFO  ipc.Server (Server.java:run(1474)) - Starting Socket Reader #9 for port 15010
2025-04-24 14:03:35,619 [Socket Reader #10 for port 15010] INFO  ipc.Server (Server.java:run(1474)) - Starting Socket Reader #10 for port 15010
2025-04-24 14:03:35,621 [main] INFO  http.BaseHttpServer (BaseHttpServer.java:newHttpServer2BuilderForOzone(229)) - Starting Web-server for ozoneManager at: http://0.0.0.0:15011
2025-04-24 14:03:35,621 [main] INFO  http.BaseHttpServer (BaseHttpServer.java:<init>(107)) - Hadoop Security Enabled: false Ozone Security Enabled: false Ozone HTTP Security Enabled: false 
2025-04-24 14:03:35,622 [main] WARN  server.AuthenticationFilter (AuthenticationFilter.java:constructSecretProvider(240)) - Unable to initialize FileSignerSecretProvider, falling back to use random secrets. Reason: Could not read signature secret file: /home/runner/hadoop-http-auth-signature-secret
2025-04-24 14:03:35,625 [main] INFO  http.HttpServer2 (HttpServer2.java:addGlobalFilter(1041)) - Added global filter 'safety' (class=org.apache.hadoop.hdds.server.http.HttpServer2$QuotingInputFilter)
2025-04-24 14:03:35,625 [main] INFO  http.HttpServer2 (HttpServer2.java:addFilter(1017)) - Added filter static_user_filter (class=org.apache.hadoop.http.lib.StaticUserWebFilter$StaticUserFilter) to context ozoneManager
2025-04-24 14:03:35,625 [main] INFO  http.HttpServer2 (HttpServer2.java:addFilter(1025)) - Added filter static_user_filter (class=org.apache.hadoop.http.lib.StaticUserWebFilter$StaticUserFilter) to context logs
2025-04-24 14:03:35,625 [main] INFO  http.HttpServer2 (HttpServer2.java:addFilter(1025)) - Added filter static_user_filter (class=org.apache.hadoop.http.lib.StaticUserWebFilter$StaticUserFilter) to context static
2025-04-24 14:03:35,626 [main] INFO  http.BaseHttpServer (BaseHttpServer.java:<init>(195)) - HTTP server of ozoneManager uses base directory /home/runner/work/ozone/ozone/hadoop-ozone/integration-test/target/test-dir/MiniOzoneClusterImpl-4e6105ad-12bc-4f18-9d37-351d73277e17/omNode-2/webserver
2025-04-24 14:03:35,626 [main] INFO  http.HttpServer2 (HttpServer2.java:bindListener(1241)) - Jetty bound to port 15011
2025-04-24 14:03:35,626 [main] INFO  server.Server (Server.java:doStart(375)) - jetty-9.4.57.v20241219; built: 2025-01-08T21:24:30.412Z; git: df524e6b29271c2e09ba9aea83c18dc9db464a31; jvm 21.0.7+6-LTS
2025-04-24 14:03:35,627 [main] INFO  server.session (DefaultSessionIdManager.java:doStart(334)) - DefaultSessionIdManager workerName=node0
2025-04-24 14:03:35,628 [main] INFO  server.session (DefaultSessionIdManager.java:doStart(339)) - No SessionScavenger set, using defaults
2025-04-24 14:03:35,628 [main] INFO  server.session (HouseKeeper.java:startScavenging(132)) - node0 Scavenging every 660000ms
2025-04-24 14:03:35,628 [main] INFO  handler.ContextHandler (ContextHandler.java:doStart(921)) - Started o.e.j.s.ServletContextHandler@2624ddf5{logs,/logs,file:///home/runner/work/ozone/ozone/hadoop-ozone/integration-test/target/log,AVAILABLE}
2025-04-24 14:03:35,629 [main] INFO  handler.ContextHandler (ContextHandler.java:doStart(921)) - Started o.e.j.s.ServletContextHandler@2620e87{static,/static,file:///home/runner/work/ozone/ozone/hadoop-ozone/integration-test/target/test-classes/webapps/static,AVAILABLE}
2025-04-24 14:03:35,634 [main] INFO  handler.ContextHandler (ContextHandler.java:doStart(921)) - Started o.e.j.w.WebAppContext@c499a17{ozoneManager,/,file:///home/runner/work/ozone/ozone/hadoop-ozone/integration-test/target/test-classes/webapps/ozoneManager/,AVAILABLE}{file:/home/runner/work/ozone/ozone/hadoop-ozone/integration-test/target/test-classes/webapps/ozoneManager}
2025-04-24 14:03:35,634 [main] INFO  server.AbstractConnector (AbstractConnector.java:doStart(333)) - Started ServerConnector@23a00aa0{HTTP/1.1, (http/1.1)}{0.0.0.0:15011}
2025-04-24 14:03:35,634 [main] INFO  server.Server (Server.java:doStart(415)) - Started @96966ms
2025-04-24 14:03:35,634 [main] WARN  impl.MetricsSystemImpl (MetricsSystemImpl.java:register(279)) - Sink prometheus already exists!
2025-04-24 14:03:35,635 [main] INFO  http.BaseHttpServer (BaseHttpServer.java:updateConnectorAddress(360)) - HTTP server of ozoneManager listening at http://0.0.0.0:15011
2025-04-24 14:03:35,635 [IPC Server Responder] INFO  ipc.Server (Server.java:run(1713)) - IPC Server Responder: starting
2025-04-24 14:03:35,635 [IPC Server listener on 15010] INFO  ipc.Server (Server.java:run(1553)) - IPC Server listener on 15010: starting
2025-04-24 14:03:35,638 [main] INFO  om.OzoneManager (OzoneManager.java:startTrashEmptier(2257)) - Trash Interval set to 0. Files deleted won't move to trash
]]></system-out>
  </testcase>
  <testcase name="twoOMDown" classname="org.apache.hadoop.ozone.om.TestOzoneManagerHAWithStoppedNodes" time="20.234">
    <system-out><![CDATA[2025-04-24 14:03:35,640 [main] INFO  om.OzoneManager (OzoneManager.java:stop(2347)) - omNode-1[localhost:15006]: Stopping Ozone Manager
2025-04-24 14:03:35,640 [main] INFO  ipc.Server (Server.java:stop(3697)) - Stopping server on 15006
2025-04-24 14:03:35,643 [IPC Server listener on 15006] INFO  ipc.Server (Server.java:run(1585)) - Stopping IPC Server listener on 15006
2025-04-24 14:03:35,643 [IPC Server Responder] INFO  ipc.Server (Server.java:run(1718)) - Stopping IPC Server Responder
2025-04-24 14:03:35,643 [main] INFO  ratis.OzoneManagerRatisServer (OzoneManagerRatisServer.java:stop(634)) - Stopping org.apache.hadoop.ozone.om.ratis.OzoneManagerRatisServer@39764ab6 at port 15009
2025-04-24 14:03:35,643 [main] INFO  server.RaftServer (RaftServerProxy.java:lambda$close$9(417)) - omNode-1: close
2025-04-24 14:03:35,644 [main] INFO  server.GrpcService (GrpcService.java:closeImpl(343)) - omNode-1: shutdown server GrpcServerProtocolService now
2025-04-24 14:03:35,644 [omNode-1-impl-thread1] INFO  server.RaftServer$Division (RaftServerImpl.java:lambda$close$1(513)) - omNode-1@group-523986131536: shutdown
2025-04-24 14:03:35,644 [omNode-1-impl-thread1] INFO  util.JmxRegister (JmxRegister.java:unregister(74)) - Successfully un-registered JMX Bean with object name Ratis:service=RaftServer,group=group-523986131536,id=omNode-1
2025-04-24 14:03:35,644 [omNode-1-impl-thread1] INFO  impl.RoleInfo (RoleInfo.java:shutdownFollowerState(121)) - omNode-1: shutdown omNode-1@group-523986131536-FollowerState
2025-04-24 14:03:35,644 [omNode-1-impl-thread1] INFO  impl.StateMachineUpdater (StateMachineUpdater.java:stopAndJoin(164)) - omNode-1@group-523986131536-StateMachineUpdater: set stopIndex = 101
2025-04-24 14:03:35,644 [omNode-1@group-523986131536-StateMachineUpdater] INFO  impl.StateMachineUpdater (StateMachineUpdater.java:stop(141)) - omNode-1@group-523986131536-StateMachineUpdater: closing OzoneManagerStateMachine, lastApplied=(t:8, i:101)
2025-04-24 14:03:35,644 [omNode-1@group-523986131536-StateMachineUpdater] INFO  ratis.OzoneManagerStateMachine (OzoneManagerStateMachine.java:close(550)) - Stopping OzoneManagerStateMachine:omNode-1:group-523986131536.
2025-04-24 14:03:35,644 [omNode-1@group-523986131536-StateMachineUpdater] INFO  ratis.OzoneManagerDoubleBuffer (OzoneManagerDoubleBuffer.java:stopDaemon(500)) - Stopping OMDoubleBuffer flush thread
2025-04-24 14:03:35,644 [omNode-1-OMDoubleBufferFlushThread] INFO  ratis.OzoneManagerDoubleBuffer (OzoneManagerDoubleBuffer.java:canFlush(559)) - OMDoubleBuffer flush thread omNode-1-OMDoubleBufferFlushThread is interrupted and will exit.
2025-04-24 14:03:35,645 [omNode-1@group-523986131536-cacheEviction-AwaitToRun] INFO  util.AwaitToRun (AwaitToRun.java:run(49)) - omNode-1@group-523986131536-cacheEviction-AwaitToRun-AwaitForSignal is interrupted
2025-04-24 14:03:35,645 [grpc-default-executor-1] WARN  server.GrpcServerProtocolService (LogUtils.java:warn(121)) - omNode-1: APPEND_ENTRIES onError, lastRequest: null: org.apache.ratis.thirdparty.io.grpc.StatusRuntimeException: CANCELLED: client cancelled
2025-04-24 14:03:35,645 [grpc-default-executor-2] WARN  server.GrpcServerProtocolService (LogUtils.java:warn(121)) - omNode-1: APPEND_ENTRIES onError, lastRequest: null: org.apache.ratis.thirdparty.io.grpc.StatusRuntimeException: CANCELLED: client cancelled
2025-04-24 14:03:35,646 [omNode-1@group-523986131536-FollowerState] INFO  impl.FollowerState (FollowerState.java:runImpl(170)) - omNode-1@group-523986131536-FollowerState was interrupted
2025-04-24 14:03:35,645 [grpc-default-executor-3] WARN  server.GrpcLogAppender (GrpcLogAppender.java:lambda$resetClient$1(221)) - omNode-3@group-523986131536->omNode-1-GrpcLogAppender: Follower failed (request=null, errorCount=1); keep nextIndex (106) unchanged and retry.
2025-04-24 14:03:35,647 [grpc-default-executor-4] WARN  server.GrpcServerProtocolService (LogUtils.java:warn(121)) - omNode-1: APPEND_ENTRIES onError, lastRequest: omNode-3->omNode-1#1-t10,previous=(t:9, i:103),leaderCommit=103,initializing? false,entries: size=1, first=(t:10, i:104), CONFIGURATIONENTRY(current:id:"omNode-3"address:"localhost:15017"startupRole:FOLLOWER, id:"omNode-1"address:"localhost:15009"startupRole:FOLLOWER, id:"omNode-2"address:"localhost:15013"startupRole:FOLLOWER, old:): org.apache.ratis.thirdparty.io.grpc.StatusRuntimeException: CANCELLED: client cancelled
2025-04-24 14:03:35,647 [grpc-default-executor-2] WARN  server.GrpcServerProtocolService (LogUtils.java:warn(121)) - omNode-1: APPEND_ENTRIES onError, lastRequest: omNode-3->omNode-1#1-t10,previous=(t:0, i:0),leaderCommit=4,initializing? true,entries: size=4, first=(t:9, i:102), CONFIGURATIONENTRY(current:id:"omNode-3"address:"localhost:15017"startupRole:FOLLOWER, id:"omNode-1"address:"localhost:15009"startupRole:FOLLOWER, id:"omNode-2"address:"localhost:15013"startupRole:FOLLOWER, old:): org.apache.ratis.thirdparty.io.grpc.StatusRuntimeException: CANCELLED: client cancelled
2025-04-24 14:03:35,646 [grpc-default-executor-1] INFO  server.GrpcLogAppender (GrpcLogAppender.java:onError(537)) - omNode-3@group-523986131536->omNode-1-GrpcLogAppender is already stopped
2025-04-24 14:03:35,647 [grpc-default-executor-4] INFO  server.GrpcLogAppender (GrpcLogAppender.java:onError(537)) - omNode-3@group-523986131536->omNode-1-GrpcLogAppender is already stopped
2025-04-24 14:03:35,647 [main] INFO  server.GrpcService (GrpcService.java:closeImpl(352)) - omNode-1: shutdown server GrpcServerProtocolService successfully
2025-04-24 14:03:36,516 [omNode-1-impl-thread1] INFO  segmented.SegmentedRaftLogWorker (SegmentedRaftLogWorker.java:close(252)) - omNode-1@group-523986131536-SegmentedRaftLogWorker close()
2025-04-24 14:03:36,516 [JvmPauseMonitor24] INFO  util.JvmPauseMonitor (JvmPauseMonitor.java:run(152)) - JvmPauseMonitor-omNode-1: Stopped
2025-04-24 14:03:36,517 [main] INFO  utils.BackgroundService (BackgroundService.java:shutdown(161)) - Shutting down service KeyDeletingService
2025-04-24 14:03:36,517 [main] INFO  utils.BackgroundService (BackgroundService.java:shutdown(161)) - Shutting down service DirectoryDeletingService
2025-04-24 14:03:36,518 [main] INFO  utils.BackgroundService (BackgroundService.java:shutdown(161)) - Shutting down service OpenKeyCleanupService
2025-04-24 14:03:36,518 [main] INFO  utils.BackgroundService (BackgroundService.java:shutdown(161)) - Shutting down service SstFilteringService
2025-04-24 14:03:36,519 [main] INFO  utils.BackgroundService (BackgroundService.java:shutdown(161)) - Shutting down service SnapshotDeletingService
2025-04-24 14:03:36,519 [main] INFO  utils.BackgroundService (BackgroundService.java:shutdown(161)) - Shutting down service MultipartUploadCleanupService
2025-04-24 14:03:36,520 [main] INFO  handler.ContextHandler (ContextHandler.java:doStop(1159)) - Stopped o.e.j.w.WebAppContext@3f313c9d{ozoneManager,/,null,STOPPED}{file:/home/runner/work/ozone/ozone/hadoop-ozone/integration-test/target/test-classes/webapps/ozoneManager}
2025-04-24 14:03:36,520 [main] INFO  server.AbstractConnector (AbstractConnector.java:doStop(383)) - Stopped ServerConnector@33060a7{HTTP/1.1, (http/1.1)}{0.0.0.0:15007}
2025-04-24 14:03:36,520 [main] INFO  server.session (HouseKeeper.java:stopScavenging(149)) - node0 Stopped scavenging
2025-04-24 14:03:36,520 [main] INFO  handler.ContextHandler (ContextHandler.java:doStop(1159)) - Stopped o.e.j.s.ServletContextHandler@41a80d7{static,/static,file:///home/runner/work/ozone/ozone/hadoop-ozone/integration-test/target/test-classes/webapps/static,STOPPED}
2025-04-24 14:03:36,521 [main] INFO  handler.ContextHandler (ContextHandler.java:doStop(1159)) - Stopped o.e.j.s.ServletContextHandler@1d79c7c6{logs,/logs,file:///home/runner/work/ozone/ozone/hadoop-ozone/integration-test/target/log,STOPPED}
2025-04-24 14:03:36,521 [main] INFO  rocksdiff.RocksDBCheckpointDiffer (RocksDBCheckpointDiffer.java:close(304)) - Shutting down CompactionDagPruningService.
2025-04-24 14:03:36,524 [main] INFO  snapshot.SnapshotDiffManager (SnapshotDiffManager.java:closeExecutorService(1698)) - Shutting down executorService: 'SnapDiffExecutor'
2025-04-24 14:03:36,524 [main] INFO  utils.BackgroundService (BackgroundService.java:shutdown(161)) - Shutting down service SnapshotDiffCleanupService
2025-04-24 14:03:36,525 [main] INFO  om.OzoneManager (OzoneManager.java:stop(2347)) - omNode-2[localhost:15010]: Stopping Ozone Manager
2025-04-24 14:03:36,525 [main] INFO  ipc.Server (Server.java:stop(3697)) - Stopping server on 15010
2025-04-24 14:03:36,527 [IPC Server listener on 15010] INFO  ipc.Server (Server.java:run(1585)) - Stopping IPC Server listener on 15010
2025-04-24 14:03:36,527 [main] INFO  ratis.OzoneManagerRatisServer (OzoneManagerRatisServer.java:stop(634)) - Stopping org.apache.hadoop.ozone.om.ratis.OzoneManagerRatisServer@5b17b656 at port 15013
2025-04-24 14:03:36,528 [main] INFO  server.RaftServer (RaftServerProxy.java:lambda$close$9(417)) - omNode-2: close
2025-04-24 14:03:36,527 [IPC Server Responder] INFO  ipc.Server (Server.java:run(1718)) - Stopping IPC Server Responder
2025-04-24 14:03:36,528 [omNode-2-impl-thread1] INFO  server.RaftServer$Division (RaftServerImpl.java:lambda$close$1(513)) - omNode-2@group-523986131536: shutdown
2025-04-24 14:03:36,528 [omNode-2-impl-thread1] INFO  util.JmxRegister (JmxRegister.java:unregister(74)) - Successfully un-registered JMX Bean with object name Ratis:service=RaftServer,group=group-523986131536,id=omNode-2
2025-04-24 14:03:36,528 [omNode-2-impl-thread1] INFO  impl.RoleInfo (RoleInfo.java:shutdownFollowerState(121)) - omNode-2: shutdown omNode-2@group-523986131536-FollowerState
2025-04-24 14:03:36,529 [omNode-2-impl-thread1] INFO  impl.StateMachineUpdater (StateMachineUpdater.java:stopAndJoin(164)) - omNode-2@group-523986131536-StateMachineUpdater: set stopIndex = 105
2025-04-24 14:03:36,528 [main] INFO  server.GrpcService (GrpcService.java:closeImpl(343)) - omNode-2: shutdown server GrpcServerProtocolService now
2025-04-24 14:03:36,529 [omNode-2@group-523986131536-FollowerState] INFO  impl.FollowerState (FollowerState.java:runImpl(170)) - omNode-2@group-523986131536-FollowerState was interrupted
2025-04-24 14:03:36,530 [grpc-default-executor-3] WARN  server.GrpcServerProtocolService (LogUtils.java:warn(121)) - omNode-2: APPEND_ENTRIES onError, lastRequest: null: org.apache.ratis.thirdparty.io.grpc.StatusRuntimeException: CANCELLED: client cancelled
2025-04-24 14:03:36,530 [grpc-default-executor-2] WARN  server.GrpcServerProtocolService (LogUtils.java:warn(121)) - omNode-2: APPEND_ENTRIES onError, lastRequest: omNode-3->omNode-2#2-t10,previous=(t:10, i:104),leaderCommit=104,initializing? false,entries: size=1, first=(t:10, i:105), METADATAENTRY(c:104): org.apache.ratis.thirdparty.io.grpc.StatusRuntimeException: CANCELLED: client cancelled
2025-04-24 14:03:36,530 [grpc-default-executor-4] WARN  server.GrpcLogAppender (LogUtils.java:warn(121)) - omNode-3@group-523986131536->omNode-2-AppendLogResponseHandler: Failed appendEntries: org.apache.ratis.thirdparty.io.grpc.StatusRuntimeException: CANCELLED: RST_STREAM closed stream. HTTP/2 error code: CANCEL
2025-04-24 14:03:36,530 [grpc-default-executor-4] WARN  server.GrpcLogAppender (GrpcLogAppender.java:lambda$resetClient$1(221)) - omNode-3@group-523986131536->omNode-2-GrpcLogAppender: Follower failed (request=null, errorCount=1); keep nextIndex (106) unchanged and retry.
2025-04-24 14:03:36,531 [main] INFO  server.GrpcService (GrpcService.java:closeImpl(352)) - omNode-2: shutdown server GrpcServerProtocolService successfully
2025-04-24 14:03:36,534 [omNode-2@group-523986131536-StateMachineUpdater] INFO  ratis.OzoneManagerStateMachine (OzoneManagerStateMachine.java:takeSnapshotImpl(510)) - omNode-2: taking snapshot. applied = (t:10, i:105), skipped = 103, notified = (t:10, i:105), current snapshot index = (t:10, i:105), took 6 ms
2025-04-24 14:03:36,534 [omNode-2@group-523986131536-StateMachineUpdater] INFO  impl.StateMachineUpdater (StateMachineUpdater.java:takeSnapshot(303)) - omNode-2@group-523986131536-StateMachineUpdater: Took a snapshot at index 105
2025-04-24 14:03:36,534 [omNode-2@group-523986131536-StateMachineUpdater] INFO  impl.StateMachineUpdater (StateMachineUpdater.java:lambda$new$0(102)) - omNode-2@group-523986131536-StateMachineUpdater: snapshotIndex: updateIncreasingly 103 -> 105
2025-04-24 14:03:36,534 [omNode-2@group-523986131536-StateMachineUpdater] INFO  impl.StateMachineUpdater (StateMachineUpdater.java:stop(141)) - omNode-2@group-523986131536-StateMachineUpdater: closing OzoneManagerStateMachine, lastApplied=(t:10, i:105)
2025-04-24 14:03:36,534 [omNode-2@group-523986131536-StateMachineUpdater] INFO  ratis.OzoneManagerStateMachine (OzoneManagerStateMachine.java:close(550)) - Stopping OzoneManagerStateMachine:omNode-2:group-523986131536.
2025-04-24 14:03:36,534 [omNode-2@group-523986131536-StateMachineUpdater] INFO  ratis.OzoneManagerDoubleBuffer (OzoneManagerDoubleBuffer.java:stopDaemon(500)) - Stopping OMDoubleBuffer flush thread
2025-04-24 14:03:36,535 [omNode-2-OMDoubleBufferFlushThread] INFO  ratis.OzoneManagerDoubleBuffer (OzoneManagerDoubleBuffer.java:canFlush(559)) - OMDoubleBuffer flush thread omNode-2-OMDoubleBufferFlushThread is interrupted and will exit.
2025-04-24 14:03:36,535 [omNode-2@group-523986131536-cacheEviction-AwaitToRun] INFO  util.AwaitToRun (AwaitToRun.java:run(49)) - omNode-2@group-523986131536-cacheEviction-AwaitToRun-AwaitForSignal is interrupted
2025-04-24 14:03:36,802 [timer4] WARN  server.GrpcLogAppender (LogUtils.java:warn(121)) - omNode-3@group-523986131536->omNode-1-AppendLogResponseHandler: Failed appendEntries (Repeated 14 times in the last 5.000s): org.apache.ratis.thirdparty.io.grpc.StatusRuntimeException: UNAVAILABLE: io exception
2025-04-24 14:03:36,803 [timer5] WARN  server.GrpcLogAppender (GrpcLogAppender.java:lambda$resetClient$1(221)) - omNode-3@group-523986131536->omNode-1-GrpcLogAppender: Follower failed (request=null, errorCount=22); keep nextIndex (104) unchanged and retry. (Repeated 4 times in the last 5.000s)
2025-04-24 14:03:37,027 [grpc-default-executor-4] WARN  server.GrpcLogAppender (LogUtils.java:warn(121)) - omNode-3@group-523986131536->omNode-1-AppendLogResponseHandler: Failed appendEntries: org.apache.ratis.thirdparty.io.grpc.StatusRuntimeException: UNAVAILABLE: io exception
2025-04-24 14:03:37,473 [omNode-2-impl-thread1] INFO  segmented.SegmentedRaftLogWorker (SegmentedRaftLogWorker.java:close(252)) - omNode-2@group-523986131536-SegmentedRaftLogWorker close()
2025-04-24 14:03:37,473 [JvmPauseMonitor25] INFO  util.JvmPauseMonitor (JvmPauseMonitor.java:run(152)) - JvmPauseMonitor-omNode-2: Stopped
2025-04-24 14:03:37,473 [main] INFO  utils.BackgroundService (BackgroundService.java:shutdown(161)) - Shutting down service KeyDeletingService
2025-04-24 14:03:37,474 [main] INFO  utils.BackgroundService (BackgroundService.java:shutdown(161)) - Shutting down service DirectoryDeletingService
2025-04-24 14:03:37,475 [main] INFO  utils.BackgroundService (BackgroundService.java:shutdown(161)) - Shutting down service OpenKeyCleanupService
2025-04-24 14:03:37,475 [main] INFO  utils.BackgroundService (BackgroundService.java:shutdown(161)) - Shutting down service SstFilteringService
2025-04-24 14:03:37,475 [main] INFO  utils.BackgroundService (BackgroundService.java:shutdown(161)) - Shutting down service SnapshotDeletingService
2025-04-24 14:03:37,476 [main] INFO  utils.BackgroundService (BackgroundService.java:shutdown(161)) - Shutting down service MultipartUploadCleanupService
2025-04-24 14:03:37,476 [main] INFO  handler.ContextHandler (ContextHandler.java:doStop(1159)) - Stopped o.e.j.w.WebAppContext@c499a17{ozoneManager,/,null,STOPPED}{file:/home/runner/work/ozone/ozone/hadoop-ozone/integration-test/target/test-classes/webapps/ozoneManager}
2025-04-24 14:03:37,477 [main] INFO  server.AbstractConnector (AbstractConnector.java:doStop(383)) - Stopped ServerConnector@23a00aa0{HTTP/1.1, (http/1.1)}{0.0.0.0:15011}
2025-04-24 14:03:37,477 [main] INFO  server.session (HouseKeeper.java:stopScavenging(149)) - node0 Stopped scavenging
2025-04-24 14:03:37,477 [main] INFO  handler.ContextHandler (ContextHandler.java:doStop(1159)) - Stopped o.e.j.s.ServletContextHandler@2620e87{static,/static,file:///home/runner/work/ozone/ozone/hadoop-ozone/integration-test/target/test-classes/webapps/static,STOPPED}
2025-04-24 14:03:37,477 [main] INFO  handler.ContextHandler (ContextHandler.java:doStop(1159)) - Stopped o.e.j.s.ServletContextHandler@2624ddf5{logs,/logs,file:///home/runner/work/ozone/ozone/hadoop-ozone/integration-test/target/log,STOPPED}
2025-04-24 14:03:37,478 [main] INFO  rocksdiff.RocksDBCheckpointDiffer (RocksDBCheckpointDiffer.java:close(304)) - Shutting down CompactionDagPruningService.
2025-04-24 14:03:37,479 [main] INFO  snapshot.SnapshotDiffManager (SnapshotDiffManager.java:closeExecutorService(1698)) - Shutting down executorService: 'SnapDiffExecutor'
2025-04-24 14:03:37,480 [main] INFO  utils.BackgroundService (BackgroundService.java:shutdown(161)) - Shutting down service SnapshotDiffCleanupService
2025-04-24 14:03:37,916 [omNode-3@group-523986131536-LeaderStateImpl] WARN  server.RaftServer$Division (LeaderStateImpl.java:checkLeadership(1115)) - omNode-3@group-523986131536-LeaderStateImpl: Lost leadership on term: 10. Election timeout: 1200ms. In charge for: 2473ms. Conf: conf: {index: 104, cur=peers:[omNode-3|localhost:15017, omNode-1|localhost:15009, omNode-2|localhost:15013]|listeners:[], old=null}
2025-04-24 14:03:37,916 [omNode-3@group-523986131536-LeaderStateImpl] WARN  server.RaftServer$Division (LeaderStateImpl.java:lambda$checkLeadership$21(1119)) - Follower omNode-3@group-523986131536->omNode-2(c105,m105,n106, caughtUp=true, lastRpcSendTime=183, lastRpcResponseTime=1439)
2025-04-24 14:03:37,916 [omNode-3@group-523986131536-LeaderStateImpl] WARN  server.RaftServer$Division (LeaderStateImpl.java:lambda$checkLeadership$21(1119)) - Follower omNode-3@group-523986131536->omNode-1(c101,m105,n106, caughtUp=false, lastRpcSendTime=177, lastRpcResponseTime=2401)
2025-04-24 14:03:37,916 [omNode-3@group-523986131536-LeaderStateImpl] INFO  server.RaftServer$Division (RaftServerImpl.java:setRole(378)) - omNode-3@group-523986131536: changes role from    LEADER to FOLLOWER at term 10 for StepDownReason:LOST_MAJORITY_HEARTBEATS
2025-04-24 14:03:37,916 [omNode-3@group-523986131536-LeaderStateImpl] INFO  impl.RoleInfo (RoleInfo.java:shutdownLeaderState(103)) - omNode-3: shutdown omNode-3@group-523986131536-LeaderStateImpl
2025-04-24 14:03:37,917 [omNode-3@group-523986131536->omNode-1-GrpcLogAppender-LogAppenderDaemon] WARN  server.GrpcLogAppender (GrpcLogAppender.java:mayWait(293)) - omNode-3@group-523986131536->omNode-1-GrpcLogAppender: Wait interrupted by java.lang.InterruptedException
2025-04-24 14:03:37,917 [omNode-3@group-523986131536-LeaderStateImpl] INFO  impl.PendingRequests (PendingRequests.java:sendNotLeaderResponses(287)) - omNode-3@group-523986131536-PendingRequests: sendNotLeaderResponses
2025-04-24 14:03:37,917 [omNode-3@group-523986131536->omNode-2-GrpcLogAppender-LogAppenderDaemon] WARN  server.GrpcLogAppender (GrpcLogAppender.java:mayWait(293)) - omNode-3@group-523986131536->omNode-2-GrpcLogAppender: Wait interrupted by java.lang.InterruptedException
2025-04-24 14:03:37,917 [omNode-3@group-523986131536-LeaderStateImpl] INFO  server.RaftServer$Division (ServerState.java:setLeader(272)) - omNode-3@group-523986131536: change Leader from omNode-3 to null at term 10 for StepDownReason:LOST_MAJORITY_HEARTBEATS
2025-04-24 14:03:37,917 [omNode-3@group-523986131536-LeaderStateImpl] INFO  impl.RoleInfo (RoleInfo.java:updateAndGet(148)) - omNode-3: start omNode-3@group-523986131536-FollowerState
2025-04-24 14:03:38,932 [omNode-3@group-523986131536-FollowerState] INFO  impl.FollowerState (FollowerState.java:lostMajorityHeartbeatsRecently(113)) - omNode-3@group-523986131536-FollowerState: Skipping leader election since it stepped down recently (elapsed = 1014ms < waitTime = 10s)
2025-04-24 14:03:39,936 [omNode-3@group-523986131536-FollowerState] INFO  impl.FollowerState (FollowerState.java:lostMajorityHeartbeatsRecently(113)) - omNode-3@group-523986131536-FollowerState: Skipping leader election since it stepped down recently (elapsed = 2018ms < waitTime = 10s)
2025-04-24 14:03:40,646 [timer1] WARN  server.GrpcLogAppender (GrpcLogAppender.java:lambda$resetClient$1(221)) - omNode-3@group-523986131536->omNode-1-GrpcLogAppender: Follower failed (request=null, errorCount=14); keep nextIndex (106) unchanged and retry. (Repeated 14 times in the last 5.000s)
2025-04-24 14:03:41,044 [omNode-3@group-523986131536-FollowerState] INFO  impl.FollowerState (FollowerState.java:lostMajorityHeartbeatsRecently(113)) - omNode-3@group-523986131536-FollowerState: Skipping leader election since it stepped down recently (elapsed = 3126ms < waitTime = 10s)
2025-04-24 14:03:41,530 [timer6] WARN  server.GrpcLogAppender (GrpcLogAppender.java:lambda$resetClient$1(221)) - omNode-3@group-523986131536->omNode-2-GrpcLogAppender: Follower failed (request=null, errorCount=10); keep nextIndex (106) unchanged and retry. (Repeated 10 times in the last 5.000s)
2025-04-24 14:03:41,530 [timer5] WARN  server.GrpcLogAppender (LogUtils.java:warn(121)) - omNode-3@group-523986131536->omNode-2-AppendLogResponseHandler: Failed appendEntries (Repeated 10 times in the last 5.000s): org.apache.ratis.thirdparty.io.grpc.StatusRuntimeException: UNAVAILABLE: io exception
2025-04-24 14:03:42,027 [timer7] WARN  server.GrpcLogAppender (LogUtils.java:warn(121)) - omNode-3@group-523986131536->omNode-1-AppendLogResponseHandler: Failed appendEntries (Repeated 4 times in the last 5.001s): org.apache.ratis.thirdparty.io.grpc.StatusRuntimeException: UNAVAILABLE: io exception
2025-04-24 14:03:42,148 [omNode-3@group-523986131536-FollowerState] INFO  impl.FollowerState (FollowerState.java:lostMajorityHeartbeatsRecently(113)) - omNode-3@group-523986131536-FollowerState: Skipping leader election since it stepped down recently (elapsed = 4231ms < waitTime = 10s)
2025-04-24 14:03:43,281 [omNode-3@group-523986131536-FollowerState] INFO  impl.FollowerState (FollowerState.java:lostMajorityHeartbeatsRecently(113)) - omNode-3@group-523986131536-FollowerState: Skipping leader election since it stepped down recently (elapsed = 5363ms < waitTime = 10s)
2025-04-24 14:03:44,283 [omNode-3@group-523986131536-FollowerState] INFO  impl.FollowerState (FollowerState.java:lostMajorityHeartbeatsRecently(113)) - omNode-3@group-523986131536-FollowerState: Skipping leader election since it stepped down recently (elapsed = 6365ms < waitTime = 10s)
2025-04-24 14:03:45,440 [omNode-3@group-523986131536-FollowerState] INFO  impl.FollowerState (FollowerState.java:lostMajorityHeartbeatsRecently(113)) - omNode-3@group-523986131536-FollowerState: Skipping leader election since it stepped down recently (elapsed = 7522ms < waitTime = 10s)
2025-04-24 14:03:45,481 [main] INFO  rpc.RpcClient (RpcClient.java:createVolume(462)) - Creating Volume: volume96903, with user03328 as owner and space quota set to -1 bytes, counts quota set to -1
2025-04-24 14:03:45,483 [main] INFO  retry.RetryInvocationHandler (RetryInvocationHandler.java:log(426)) - com.google.protobuf.ServiceException: org.apache.hadoop.ipc.RemoteException(org.apache.hadoop.ozone.om.exceptions.OMNotLeaderException): OM:omNode-3 is not the leader. Could not determine the leader node.
	at org.apache.hadoop.ozone.om.ratis.OzoneManagerRatisServer.newOMNotLeaderException(OzoneManagerRatisServer.java:810)
	at org.apache.hadoop.ozone.om.OzoneManager.checkLeaderStatus(OzoneManager.java:4355)
	at org.apache.hadoop.ozone.om.ratis.utils.OzoneManagerRatisUtils.checkLeaderStatus(OzoneManagerRatisUtils.java:500)
	at org.apache.hadoop.ozone.protocolPB.OzoneManagerProtocolServerSideTranslatorPB.internalProcessRequest(OzoneManagerProtocolServerSideTranslatorPB.java:165)
	at org.apache.hadoop.ozone.protocolPB.OzoneManagerProtocolServerSideTranslatorPB.processRequest(OzoneManagerProtocolServerSideTranslatorPB.java:125)
	at org.apache.hadoop.hdds.server.OzoneProtocolMessageDispatcher.processRequest(OzoneProtocolMessageDispatcher.java:87)
	at org.apache.hadoop.ozone.protocolPB.OzoneManagerProtocolServerSideTranslatorPB.submitRequest(OzoneManagerProtocolServerSideTranslatorPB.java:116)
	at org.apache.hadoop.ozone.protocol.proto.OzoneManagerProtocolProtos$OzoneManagerService$2.callBlockingMethod(OzoneManagerProtocolProtos.java)
	at org.apache.hadoop.ipc.ProtobufRpcEngine$Server.processCall(ProtobufRpcEngine.java:484)
	at org.apache.hadoop.ipc.ProtobufRpcEngine2$Server$ProtoBufRpcInvoker.call(ProtobufRpcEngine2.java:595)
	at org.apache.hadoop.ipc.ProtobufRpcEngine2$Server$ProtoBufRpcInvoker.call(ProtobufRpcEngine2.java:573)
	at org.apache.hadoop.ipc.RPC$Server.call(RPC.java:1227)
	at org.apache.hadoop.ipc.Server$RpcCall.run(Server.java:1246)
	at org.apache.hadoop.ipc.Server$RpcCall.run(Server.java:1169)
	at java.base/java.security.AccessController.doPrivileged(AccessController.java:714)
	at java.base/javax.security.auth.Subject.doAs(Subject.java:525)
	at org.apache.hadoop.security.UserGroupInformation.doAs(UserGroupInformation.java:1953)
	at org.apache.hadoop.ipc.Server$Handler.run(Server.java:3198)
, while invoking $Proxy68.submitRequest over nodeId=omNode-3,nodeAddress=127.0.0.1:15014. Trying to failover after sleeping for 2000ms. Current retry count: 0.
2025-04-24 14:03:46,597 [omNode-3@group-523986131536-FollowerState] INFO  impl.FollowerState (FollowerState.java:lostMajorityHeartbeatsRecently(113)) - omNode-3@group-523986131536-FollowerState: Skipping leader election since it stepped down recently (elapsed = 8679ms < waitTime = 10s)
2025-04-24 14:03:47,484 [main] INFO  retry.RetryInvocationHandler (RetryInvocationHandler.java:log(426)) - com.google.protobuf.ServiceException: java.net.ConnectException: Call From fv-az2210-761/10.1.0.107 to localhost:15006 failed on connection exception: java.net.ConnectException: Connection refused; For more details see:  http://wiki.apache.org/hadoop/ConnectionRefused, while invoking $Proxy68.submitRequest over nodeId=omNode-1,nodeAddress=127.0.0.1:15006 after 1 failover attempts. Trying to failover immediately. Current retry count: 1.
2025-04-24 14:03:47,485 [main] INFO  retry.RetryInvocationHandler (RetryInvocationHandler.java:log(426)) - com.google.protobuf.ServiceException: java.net.ConnectException: Call From fv-az2210-761/10.1.0.107 to localhost:15010 failed on connection exception: java.net.ConnectException: Connection refused; For more details see:  http://wiki.apache.org/hadoop/ConnectionRefused, while invoking $Proxy68.submitRequest over nodeId=omNode-2,nodeAddress=127.0.0.1:15010 after 2 failover attempts. Trying to failover immediately. Current retry count: 2.
2025-04-24 14:03:47,487 [main] INFO  retry.RetryInvocationHandler (RetryInvocationHandler.java:log(426)) - com.google.protobuf.ServiceException: org.apache.hadoop.ipc.RemoteException(org.apache.hadoop.ozone.om.exceptions.OMNotLeaderException): OM:omNode-3 is not the leader. Could not determine the leader node.
	at org.apache.hadoop.ozone.om.ratis.OzoneManagerRatisServer.newOMNotLeaderException(OzoneManagerRatisServer.java:810)
	at org.apache.hadoop.ozone.om.OzoneManager.checkLeaderStatus(OzoneManager.java:4355)
	at org.apache.hadoop.ozone.om.ratis.utils.OzoneManagerRatisUtils.checkLeaderStatus(OzoneManagerRatisUtils.java:500)
	at org.apache.hadoop.ozone.protocolPB.OzoneManagerProtocolServerSideTranslatorPB.internalProcessRequest(OzoneManagerProtocolServerSideTranslatorPB.java:165)
	at org.apache.hadoop.ozone.protocolPB.OzoneManagerProtocolServerSideTranslatorPB.processRequest(OzoneManagerProtocolServerSideTranslatorPB.java:125)
	at org.apache.hadoop.hdds.server.OzoneProtocolMessageDispatcher.processRequest(OzoneProtocolMessageDispatcher.java:87)
	at org.apache.hadoop.ozone.protocolPB.OzoneManagerProtocolServerSideTranslatorPB.submitRequest(OzoneManagerProtocolServerSideTranslatorPB.java:116)
	at org.apache.hadoop.ozone.protocol.proto.OzoneManagerProtocolProtos$OzoneManagerService$2.callBlockingMethod(OzoneManagerProtocolProtos.java)
	at org.apache.hadoop.ipc.ProtobufRpcEngine$Server.processCall(ProtobufRpcEngine.java:484)
	at org.apache.hadoop.ipc.ProtobufRpcEngine2$Server$ProtoBufRpcInvoker.call(ProtobufRpcEngine2.java:595)
	at org.apache.hadoop.ipc.ProtobufRpcEngine2$Server$ProtoBufRpcInvoker.call(ProtobufRpcEngine2.java:573)
	at org.apache.hadoop.ipc.RPC$Server.call(RPC.java:1227)
	at org.apache.hadoop.ipc.Server$RpcCall.run(Server.java:1246)
	at org.apache.hadoop.ipc.Server$RpcCall.run(Server.java:1169)
	at java.base/java.security.AccessController.doPrivileged(AccessController.java:714)
	at java.base/javax.security.auth.Subject.doAs(Subject.java:525)
	at org.apache.hadoop.security.UserGroupInformation.doAs(UserGroupInformation.java:1953)
	at org.apache.hadoop.ipc.Server$Handler.run(Server.java:3198)
, while invoking $Proxy68.submitRequest over nodeId=omNode-3,nodeAddress=127.0.0.1:15014 after 3 failover attempts. Trying to failover after sleeping for 2000ms. Current retry count: 3.
2025-04-24 14:03:47,616 [omNode-3@group-523986131536-FollowerState] INFO  impl.FollowerState (FollowerState.java:lostMajorityHeartbeatsRecently(113)) - omNode-3@group-523986131536-FollowerState: Skipping leader election since it stepped down recently (elapsed = 9699ms < waitTime = 10s)
2025-04-24 14:03:48,681 [omNode-3@group-523986131536-FollowerState] INFO  impl.FollowerState (FollowerState.java:runImpl(161)) - omNode-3@group-523986131536-FollowerState: change to CANDIDATE, lastRpcElapsedTime:10763244309ns, electionTimeout:1064ms
2025-04-24 14:03:48,681 [omNode-3@group-523986131536-FollowerState] INFO  impl.RoleInfo (RoleInfo.java:shutdownFollowerState(121)) - omNode-3: shutdown omNode-3@group-523986131536-FollowerState
2025-04-24 14:03:48,681 [omNode-3@group-523986131536-FollowerState] INFO  server.RaftServer$Division (RaftServerImpl.java:setRole(378)) - omNode-3@group-523986131536: changes role from  FOLLOWER to CANDIDATE at term 10 for changeToCandidate
2025-04-24 14:03:48,681 [omNode-3@group-523986131536-FollowerState] INFO  server.RaftServerConfigKeys (ConfUtils.java:logGet(46)) - raft.server.leaderelection.pre-vote = true (default)
2025-04-24 14:03:48,681 [omNode-3@group-523986131536-FollowerState] INFO  impl.RoleInfo (RoleInfo.java:updateAndGet(148)) - omNode-3: start omNode-3@group-523986131536-LeaderElection21
2025-04-24 14:03:48,681 [omNode-3@group-523986131536-LeaderElection21] INFO  impl.LeaderElection (LeaderElection.java:askForVotes(332)) - omNode-3@group-523986131536-LeaderElection21 PRE_VOTE round 0: submit vote requests at term 10 for conf: {index: 104, cur=peers:[omNode-3|localhost:15017, omNode-1|localhost:15009, omNode-2|localhost:15013]|listeners:[], old=null}
2025-04-24 14:03:48,682 [omNode-3@group-523986131536-LeaderElection21] INFO  impl.LeaderElection (LogUtils.java:infoOrTrace(136)) - omNode-3@group-523986131536-LeaderElection21 got exception when requesting votes: java.util.concurrent.ExecutionException: org.apache.ratis.thirdparty.io.grpc.StatusRuntimeException: UNAVAILABLE: io exception
2025-04-24 14:03:48,682 [omNode-3@group-523986131536-LeaderElection21] INFO  impl.LeaderElection (LogUtils.java:infoOrTrace(136)) - omNode-3@group-523986131536-LeaderElection21 got exception when requesting votes: java.util.concurrent.ExecutionException: org.apache.ratis.thirdparty.io.grpc.StatusRuntimeException: UNAVAILABLE: io exception
2025-04-24 14:03:48,682 [omNode-3@group-523986131536-LeaderElection21] INFO  impl.LeaderElection (LeaderElection.java:logAndReturn(90)) - omNode-3@group-523986131536-LeaderElection21: PRE_VOTE REJECTED received 0 response(s) and 2 exception(s):
2025-04-24 14:03:48,682 [omNode-3@group-523986131536-LeaderElection21] INFO  impl.LeaderElection (LogUtils.java:infoOrTrace(136)) -   Exception 0: java.util.concurrent.ExecutionException: org.apache.ratis.thirdparty.io.grpc.StatusRuntimeException: UNAVAILABLE: io exception
2025-04-24 14:03:48,682 [omNode-3@group-523986131536-LeaderElection21] INFO  impl.LeaderElection (LogUtils.java:infoOrTrace(136)) -   Exception 1: java.util.concurrent.ExecutionException: org.apache.ratis.thirdparty.io.grpc.StatusRuntimeException: UNAVAILABLE: io exception
2025-04-24 14:03:48,682 [omNode-3@group-523986131536-LeaderElection21] INFO  impl.LeaderElection (LeaderElection.java:askForVotes(334)) - omNode-3@group-523986131536-LeaderElection21 PRE_VOTE round 0: result REJECTED
2025-04-24 14:03:48,682 [omNode-3@group-523986131536-LeaderElection21] INFO  server.RaftServer$Division (RaftServerImpl.java:setRole(378)) - omNode-3@group-523986131536: changes role from CANDIDATE to FOLLOWER at term 10 for REJECTED
2025-04-24 14:03:48,682 [omNode-3@group-523986131536-LeaderElection21] INFO  impl.RoleInfo (RoleInfo.java:shutdownLeaderElection(141)) - omNode-3: shutdown omNode-3@group-523986131536-LeaderElection21
2025-04-24 14:03:48,682 [omNode-3@group-523986131536-LeaderElection21] INFO  impl.RoleInfo (RoleInfo.java:updateAndGet(148)) - omNode-3: start omNode-3@group-523986131536-FollowerState
2025-04-24 14:03:49,488 [main] INFO  retry.RetryInvocationHandler (RetryInvocationHandler.java:log(426)) - com.google.protobuf.ServiceException: java.net.ConnectException: Call From fv-az2210-761/10.1.0.107 to localhost:15006 failed on connection exception: java.net.ConnectException: Connection refused; For more details see:  http://wiki.apache.org/hadoop/ConnectionRefused, while invoking $Proxy68.submitRequest over nodeId=omNode-1,nodeAddress=127.0.0.1:15006 after 4 failover attempts. Trying to failover immediately. Current retry count: 4.
2025-04-24 14:03:49,488 [main] ERROR ha.OMFailoverProxyProviderBase (OMFailoverProxyProviderBase.java:getRetryAction(261)) - Failed to connect to OMs: [omNode-1, omNode-2, omNode-3]. Attempted 5 failovers.
2025-04-24 14:03:49,529 [main] INFO  rpc.RpcClient (RpcClient.java:createVolume(462)) - Creating Volume: volume25672, with user82859 as owner and space quota set to -1 bytes, counts quota set to -1
2025-04-24 14:03:49,530 [main] INFO  retry.RetryInvocationHandler (RetryInvocationHandler.java:log(426)) - com.google.protobuf.ServiceException: java.net.ConnectException: Call From fv-az2210-761/10.1.0.107 to localhost:15010 failed on connection exception: java.net.ConnectException: Connection refused; For more details see:  http://wiki.apache.org/hadoop/ConnectionRefused, while invoking $Proxy68.submitRequest over nodeId=omNode-2,nodeAddress=127.0.0.1:15010. Trying to failover immediately. Current retry count: 0.
2025-04-24 14:03:49,532 [main] INFO  retry.RetryInvocationHandler (RetryInvocationHandler.java:log(426)) - com.google.protobuf.ServiceException: org.apache.hadoop.ipc.RemoteException(org.apache.hadoop.ozone.om.exceptions.OMNotLeaderException): OM:omNode-3 is not the leader. Could not determine the leader node.
	at org.apache.hadoop.ozone.om.ratis.OzoneManagerRatisServer.newOMNotLeaderException(OzoneManagerRatisServer.java:810)
	at org.apache.hadoop.ozone.om.OzoneManager.checkLeaderStatus(OzoneManager.java:4355)
	at org.apache.hadoop.ozone.om.ratis.utils.OzoneManagerRatisUtils.checkLeaderStatus(OzoneManagerRatisUtils.java:500)
	at org.apache.hadoop.ozone.protocolPB.OzoneManagerProtocolServerSideTranslatorPB.internalProcessRequest(OzoneManagerProtocolServerSideTranslatorPB.java:165)
	at org.apache.hadoop.ozone.protocolPB.OzoneManagerProtocolServerSideTranslatorPB.processRequest(OzoneManagerProtocolServerSideTranslatorPB.java:125)
	at org.apache.hadoop.hdds.server.OzoneProtocolMessageDispatcher.processRequest(OzoneProtocolMessageDispatcher.java:87)
	at org.apache.hadoop.ozone.protocolPB.OzoneManagerProtocolServerSideTranslatorPB.submitRequest(OzoneManagerProtocolServerSideTranslatorPB.java:116)
	at org.apache.hadoop.ozone.protocol.proto.OzoneManagerProtocolProtos$OzoneManagerService$2.callBlockingMethod(OzoneManagerProtocolProtos.java)
	at org.apache.hadoop.ipc.ProtobufRpcEngine$Server.processCall(ProtobufRpcEngine.java:484)
	at org.apache.hadoop.ipc.ProtobufRpcEngine2$Server$ProtoBufRpcInvoker.call(ProtobufRpcEngine2.java:595)
	at org.apache.hadoop.ipc.ProtobufRpcEngine2$Server$ProtoBufRpcInvoker.call(ProtobufRpcEngine2.java:573)
	at org.apache.hadoop.ipc.RPC$Server.call(RPC.java:1227)
	at org.apache.hadoop.ipc.Server$RpcCall.run(Server.java:1246)
	at org.apache.hadoop.ipc.Server$RpcCall.run(Server.java:1169)
	at java.base/java.security.AccessController.doPrivileged(AccessController.java:714)
	at java.base/javax.security.auth.Subject.doAs(Subject.java:525)
	at org.apache.hadoop.security.UserGroupInformation.doAs(UserGroupInformation.java:1953)
	at org.apache.hadoop.ipc.Server$Handler.run(Server.java:3198)
, while invoking $Proxy68.submitRequest over nodeId=omNode-3,nodeAddress=127.0.0.1:15014 after 1 failover attempts. Trying to failover after sleeping for 2000ms. Current retry count: 1.
2025-04-24 14:03:49,734 [omNode-3@group-523986131536-FollowerState] INFO  impl.FollowerState (FollowerState.java:runImpl(161)) - omNode-3@group-523986131536-FollowerState: change to CANDIDATE, lastRpcElapsedTime:1051276228ns, electionTimeout:1051ms
2025-04-24 14:03:49,734 [omNode-3@group-523986131536-FollowerState] INFO  impl.RoleInfo (RoleInfo.java:shutdownFollowerState(121)) - omNode-3: shutdown omNode-3@group-523986131536-FollowerState
2025-04-24 14:03:49,734 [omNode-3@group-523986131536-FollowerState] INFO  server.RaftServer$Division (RaftServerImpl.java:setRole(378)) - omNode-3@group-523986131536: changes role from  FOLLOWER to CANDIDATE at term 10 for changeToCandidate
2025-04-24 14:03:49,734 [omNode-3@group-523986131536-FollowerState] INFO  server.RaftServerConfigKeys (ConfUtils.java:logGet(46)) - raft.server.leaderelection.pre-vote = true (default)
2025-04-24 14:03:49,734 [omNode-3@group-523986131536-FollowerState] INFO  impl.RoleInfo (RoleInfo.java:updateAndGet(148)) - omNode-3: start omNode-3@group-523986131536-LeaderElection22
2025-04-24 14:03:49,734 [omNode-3@group-523986131536-LeaderElection22] INFO  impl.LeaderElection (LeaderElection.java:askForVotes(332)) - omNode-3@group-523986131536-LeaderElection22 PRE_VOTE round 0: submit vote requests at term 10 for conf: {index: 104, cur=peers:[omNode-3|localhost:15017, omNode-1|localhost:15009, omNode-2|localhost:15013]|listeners:[], old=null}
2025-04-24 14:03:49,735 [omNode-3@group-523986131536-LeaderElection22] INFO  impl.LeaderElection (LogUtils.java:infoOrTrace(136)) - omNode-3@group-523986131536-LeaderElection22 got exception when requesting votes: java.util.concurrent.ExecutionException: org.apache.ratis.thirdparty.io.grpc.StatusRuntimeException: UNAVAILABLE: io exception
2025-04-24 14:03:49,735 [omNode-3@group-523986131536-LeaderElection22] INFO  impl.LeaderElection (LogUtils.java:infoOrTrace(136)) - omNode-3@group-523986131536-LeaderElection22 got exception when requesting votes: java.util.concurrent.ExecutionException: org.apache.ratis.thirdparty.io.grpc.StatusRuntimeException: UNAVAILABLE: io exception
2025-04-24 14:03:49,735 [omNode-3@group-523986131536-LeaderElection22] INFO  impl.LeaderElection (LeaderElection.java:logAndReturn(90)) - omNode-3@group-523986131536-LeaderElection22: PRE_VOTE REJECTED received 0 response(s) and 2 exception(s):
2025-04-24 14:03:49,735 [omNode-3@group-523986131536-LeaderElection22] INFO  impl.LeaderElection (LogUtils.java:infoOrTrace(136)) -   Exception 0: java.util.concurrent.ExecutionException: org.apache.ratis.thirdparty.io.grpc.StatusRuntimeException: UNAVAILABLE: io exception
2025-04-24 14:03:49,735 [omNode-3@group-523986131536-LeaderElection22] INFO  impl.LeaderElection (LogUtils.java:infoOrTrace(136)) -   Exception 1: java.util.concurrent.ExecutionException: org.apache.ratis.thirdparty.io.grpc.StatusRuntimeException: UNAVAILABLE: io exception
2025-04-24 14:03:49,735 [omNode-3@group-523986131536-LeaderElection22] INFO  impl.LeaderElection (LeaderElection.java:askForVotes(334)) - omNode-3@group-523986131536-LeaderElection22 PRE_VOTE round 0: result REJECTED
2025-04-24 14:03:49,735 [omNode-3@group-523986131536-LeaderElection22] INFO  server.RaftServer$Division (RaftServerImpl.java:setRole(378)) - omNode-3@group-523986131536: changes role from CANDIDATE to FOLLOWER at term 10 for REJECTED
2025-04-24 14:03:49,735 [omNode-3@group-523986131536-LeaderElection22] INFO  impl.RoleInfo (RoleInfo.java:shutdownLeaderElection(141)) - omNode-3: shutdown omNode-3@group-523986131536-LeaderElection22
2025-04-24 14:03:49,735 [omNode-3@group-523986131536-LeaderElection22] INFO  impl.RoleInfo (RoleInfo.java:updateAndGet(148)) - omNode-3: start omNode-3@group-523986131536-FollowerState
2025-04-24 14:03:50,831 [omNode-3@group-523986131536-FollowerState] INFO  impl.FollowerState (FollowerState.java:runImpl(161)) - omNode-3@group-523986131536-FollowerState: change to CANDIDATE, lastRpcElapsedTime:1095278702ns, electionTimeout:1095ms
2025-04-24 14:03:50,831 [omNode-3@group-523986131536-FollowerState] INFO  impl.RoleInfo (RoleInfo.java:shutdownFollowerState(121)) - omNode-3: shutdown omNode-3@group-523986131536-FollowerState
2025-04-24 14:03:50,831 [omNode-3@group-523986131536-FollowerState] INFO  server.RaftServer$Division (RaftServerImpl.java:setRole(378)) - omNode-3@group-523986131536: changes role from  FOLLOWER to CANDIDATE at term 10 for changeToCandidate
2025-04-24 14:03:50,831 [omNode-3@group-523986131536-FollowerState] INFO  server.RaftServerConfigKeys (ConfUtils.java:logGet(46)) - raft.server.leaderelection.pre-vote = true (default)
2025-04-24 14:03:50,831 [omNode-3@group-523986131536-FollowerState] INFO  impl.RoleInfo (RoleInfo.java:updateAndGet(148)) - omNode-3: start omNode-3@group-523986131536-LeaderElection23
2025-04-24 14:03:50,831 [omNode-3@group-523986131536-LeaderElection23] INFO  impl.LeaderElection (LeaderElection.java:askForVotes(332)) - omNode-3@group-523986131536-LeaderElection23 PRE_VOTE round 0: submit vote requests at term 10 for conf: {index: 104, cur=peers:[omNode-3|localhost:15017, omNode-1|localhost:15009, omNode-2|localhost:15013]|listeners:[], old=null}
2025-04-24 14:03:50,832 [omNode-3@group-523986131536-LeaderElection23] INFO  impl.LeaderElection (LogUtils.java:infoOrTrace(136)) - omNode-3@group-523986131536-LeaderElection23 got exception when requesting votes: java.util.concurrent.ExecutionException: org.apache.ratis.thirdparty.io.grpc.StatusRuntimeException: UNAVAILABLE: io exception
2025-04-24 14:03:50,833 [omNode-3@group-523986131536-LeaderElection23] INFO  impl.LeaderElection (LogUtils.java:infoOrTrace(136)) - omNode-3@group-523986131536-LeaderElection23 got exception when requesting votes: java.util.concurrent.ExecutionException: org.apache.ratis.thirdparty.io.grpc.StatusRuntimeException: UNAVAILABLE: io exception
2025-04-24 14:03:50,833 [omNode-3@group-523986131536-LeaderElection23] INFO  impl.LeaderElection (LeaderElection.java:logAndReturn(90)) - omNode-3@group-523986131536-LeaderElection23: PRE_VOTE REJECTED received 0 response(s) and 2 exception(s):
2025-04-24 14:03:50,833 [omNode-3@group-523986131536-LeaderElection23] INFO  impl.LeaderElection (LogUtils.java:infoOrTrace(136)) -   Exception 0: java.util.concurrent.ExecutionException: org.apache.ratis.thirdparty.io.grpc.StatusRuntimeException: UNAVAILABLE: io exception
2025-04-24 14:03:50,833 [omNode-3@group-523986131536-LeaderElection23] INFO  impl.LeaderElection (LogUtils.java:infoOrTrace(136)) -   Exception 1: java.util.concurrent.ExecutionException: org.apache.ratis.thirdparty.io.grpc.StatusRuntimeException: UNAVAILABLE: io exception
2025-04-24 14:03:50,833 [omNode-3@group-523986131536-LeaderElection23] INFO  impl.LeaderElection (LeaderElection.java:askForVotes(334)) - omNode-3@group-523986131536-LeaderElection23 PRE_VOTE round 0: result REJECTED
2025-04-24 14:03:50,833 [omNode-3@group-523986131536-LeaderElection23] INFO  server.RaftServer$Division (RaftServerImpl.java:setRole(378)) - omNode-3@group-523986131536: changes role from CANDIDATE to FOLLOWER at term 10 for REJECTED
2025-04-24 14:03:50,833 [omNode-3@group-523986131536-LeaderElection23] INFO  impl.RoleInfo (RoleInfo.java:shutdownLeaderElection(141)) - omNode-3: shutdown omNode-3@group-523986131536-LeaderElection23
2025-04-24 14:03:50,833 [omNode-3@group-523986131536-LeaderElection23] INFO  impl.RoleInfo (RoleInfo.java:updateAndGet(148)) - omNode-3: start omNode-3@group-523986131536-FollowerState
2025-04-24 14:03:51,533 [main] INFO  retry.RetryInvocationHandler (RetryInvocationHandler.java:log(426)) - com.google.protobuf.ServiceException: java.net.ConnectException: Call From fv-az2210-761/10.1.0.107 to localhost:15006 failed on connection exception: java.net.ConnectException: Connection refused; For more details see:  http://wiki.apache.org/hadoop/ConnectionRefused, while invoking $Proxy68.submitRequest over nodeId=omNode-1,nodeAddress=127.0.0.1:15006 after 2 failover attempts. Trying to failover immediately. Current retry count: 2.
2025-04-24 14:03:51,533 [main] INFO  retry.RetryInvocationHandler (RetryInvocationHandler.java:log(426)) - com.google.protobuf.ServiceException: java.net.ConnectException: Call From fv-az2210-761/10.1.0.107 to localhost:15010 failed on connection exception: java.net.ConnectException: Connection refused; For more details see:  http://wiki.apache.org/hadoop/ConnectionRefused, while invoking $Proxy68.submitRequest over nodeId=omNode-2,nodeAddress=127.0.0.1:15010 after 3 failover attempts. Trying to failover immediately. Current retry count: 3.
2025-04-24 14:03:51,535 [main] INFO  retry.RetryInvocationHandler (RetryInvocationHandler.java:log(426)) - com.google.protobuf.ServiceException: org.apache.hadoop.ipc.RemoteException(org.apache.hadoop.ozone.om.exceptions.OMNotLeaderException): OM:omNode-3 is not the leader. Could not determine the leader node.
	at org.apache.hadoop.ozone.om.ratis.OzoneManagerRatisServer.newOMNotLeaderException(OzoneManagerRatisServer.java:810)
	at org.apache.hadoop.ozone.om.OzoneManager.checkLeaderStatus(OzoneManager.java:4355)
	at org.apache.hadoop.ozone.om.ratis.utils.OzoneManagerRatisUtils.checkLeaderStatus(OzoneManagerRatisUtils.java:500)
	at org.apache.hadoop.ozone.protocolPB.OzoneManagerProtocolServerSideTranslatorPB.internalProcessRequest(OzoneManagerProtocolServerSideTranslatorPB.java:165)
	at org.apache.hadoop.ozone.protocolPB.OzoneManagerProtocolServerSideTranslatorPB.processRequest(OzoneManagerProtocolServerSideTranslatorPB.java:125)
	at org.apache.hadoop.hdds.server.OzoneProtocolMessageDispatcher.processRequest(OzoneProtocolMessageDispatcher.java:87)
	at org.apache.hadoop.ozone.protocolPB.OzoneManagerProtocolServerSideTranslatorPB.submitRequest(OzoneManagerProtocolServerSideTranslatorPB.java:116)
	at org.apache.hadoop.ozone.protocol.proto.OzoneManagerProtocolProtos$OzoneManagerService$2.callBlockingMethod(OzoneManagerProtocolProtos.java)
	at org.apache.hadoop.ipc.ProtobufRpcEngine$Server.processCall(ProtobufRpcEngine.java:484)
	at org.apache.hadoop.ipc.ProtobufRpcEngine2$Server$ProtoBufRpcInvoker.call(ProtobufRpcEngine2.java:595)
	at org.apache.hadoop.ipc.ProtobufRpcEngine2$Server$ProtoBufRpcInvoker.call(ProtobufRpcEngine2.java:573)
	at org.apache.hadoop.ipc.RPC$Server.call(RPC.java:1227)
	at org.apache.hadoop.ipc.Server$RpcCall.run(Server.java:1246)
	at org.apache.hadoop.ipc.Server$RpcCall.run(Server.java:1169)
	at java.base/java.security.AccessController.doPrivileged(AccessController.java:714)
	at java.base/javax.security.auth.Subject.doAs(Subject.java:525)
	at org.apache.hadoop.security.UserGroupInformation.doAs(UserGroupInformation.java:1953)
	at org.apache.hadoop.ipc.Server$Handler.run(Server.java:3198)
, while invoking $Proxy68.submitRequest over nodeId=omNode-3,nodeAddress=127.0.0.1:15014 after 4 failover attempts. Trying to failover after sleeping for 2000ms. Current retry count: 4.
2025-04-24 14:03:51,951 [omNode-3@group-523986131536-FollowerState] INFO  impl.FollowerState (FollowerState.java:runImpl(161)) - omNode-3@group-523986131536-FollowerState: change to CANDIDATE, lastRpcElapsedTime:1118539035ns, electionTimeout:1118ms
2025-04-24 14:03:51,951 [omNode-3@group-523986131536-FollowerState] INFO  impl.RoleInfo (RoleInfo.java:shutdownFollowerState(121)) - omNode-3: shutdown omNode-3@group-523986131536-FollowerState
2025-04-24 14:03:51,952 [omNode-3@group-523986131536-FollowerState] INFO  server.RaftServer$Division (RaftServerImpl.java:setRole(378)) - omNode-3@group-523986131536: changes role from  FOLLOWER to CANDIDATE at term 10 for changeToCandidate
2025-04-24 14:03:51,952 [omNode-3@group-523986131536-FollowerState] INFO  server.RaftServerConfigKeys (ConfUtils.java:logGet(46)) - raft.server.leaderelection.pre-vote = true (default)
2025-04-24 14:03:51,952 [omNode-3@group-523986131536-FollowerState] INFO  impl.RoleInfo (RoleInfo.java:updateAndGet(148)) - omNode-3: start omNode-3@group-523986131536-LeaderElection24
2025-04-24 14:03:51,952 [omNode-3@group-523986131536-LeaderElection24] INFO  impl.LeaderElection (LeaderElection.java:askForVotes(332)) - omNode-3@group-523986131536-LeaderElection24 PRE_VOTE round 0: submit vote requests at term 10 for conf: {index: 104, cur=peers:[omNode-3|localhost:15017, omNode-1|localhost:15009, omNode-2|localhost:15013]|listeners:[], old=null}
2025-04-24 14:03:51,953 [omNode-3@group-523986131536-LeaderElection24] INFO  impl.LeaderElection (LogUtils.java:infoOrTrace(136)) - omNode-3@group-523986131536-LeaderElection24 got exception when requesting votes: java.util.concurrent.ExecutionException: org.apache.ratis.thirdparty.io.grpc.StatusRuntimeException: UNAVAILABLE: io exception
2025-04-24 14:03:51,953 [omNode-3@group-523986131536-LeaderElection24] INFO  impl.LeaderElection (LogUtils.java:infoOrTrace(136)) - omNode-3@group-523986131536-LeaderElection24 got exception when requesting votes: java.util.concurrent.ExecutionException: org.apache.ratis.thirdparty.io.grpc.StatusRuntimeException: UNAVAILABLE: io exception
2025-04-24 14:03:51,953 [omNode-3@group-523986131536-LeaderElection24] INFO  impl.LeaderElection (LeaderElection.java:logAndReturn(90)) - omNode-3@group-523986131536-LeaderElection24: PRE_VOTE REJECTED received 0 response(s) and 2 exception(s):
2025-04-24 14:03:51,953 [omNode-3@group-523986131536-LeaderElection24] INFO  impl.LeaderElection (LogUtils.java:infoOrTrace(136)) -   Exception 0: java.util.concurrent.ExecutionException: org.apache.ratis.thirdparty.io.grpc.StatusRuntimeException: UNAVAILABLE: io exception
2025-04-24 14:03:51,953 [omNode-3@group-523986131536-LeaderElection24] INFO  impl.LeaderElection (LogUtils.java:infoOrTrace(136)) -   Exception 1: java.util.concurrent.ExecutionException: org.apache.ratis.thirdparty.io.grpc.StatusRuntimeException: UNAVAILABLE: io exception
2025-04-24 14:03:51,953 [omNode-3@group-523986131536-LeaderElection24] INFO  impl.LeaderElection (LeaderElection.java:askForVotes(334)) - omNode-3@group-523986131536-LeaderElection24 PRE_VOTE round 0: result REJECTED
2025-04-24 14:03:51,953 [omNode-3@group-523986131536-LeaderElection24] INFO  server.RaftServer$Division (RaftServerImpl.java:setRole(378)) - omNode-3@group-523986131536: changes role from CANDIDATE to FOLLOWER at term 10 for REJECTED
2025-04-24 14:03:51,953 [omNode-3@group-523986131536-LeaderElection24] INFO  impl.RoleInfo (RoleInfo.java:shutdownLeaderElection(141)) - omNode-3: shutdown omNode-3@group-523986131536-LeaderElection24
2025-04-24 14:03:51,953 [omNode-3@group-523986131536-LeaderElection24] INFO  impl.RoleInfo (RoleInfo.java:updateAndGet(148)) - omNode-3: start omNode-3@group-523986131536-FollowerState
2025-04-24 14:03:53,129 [omNode-3@group-523986131536-FollowerState] INFO  impl.FollowerState (FollowerState.java:runImpl(161)) - omNode-3@group-523986131536-FollowerState: change to CANDIDATE, lastRpcElapsedTime:1175413939ns, electionTimeout:1175ms
2025-04-24 14:03:53,129 [omNode-3@group-523986131536-FollowerState] INFO  impl.RoleInfo (RoleInfo.java:shutdownFollowerState(121)) - omNode-3: shutdown omNode-3@group-523986131536-FollowerState
2025-04-24 14:03:53,129 [omNode-3@group-523986131536-FollowerState] INFO  server.RaftServer$Division (RaftServerImpl.java:setRole(378)) - omNode-3@group-523986131536: changes role from  FOLLOWER to CANDIDATE at term 10 for changeToCandidate
2025-04-24 14:03:53,129 [omNode-3@group-523986131536-FollowerState] INFO  server.RaftServerConfigKeys (ConfUtils.java:logGet(46)) - raft.server.leaderelection.pre-vote = true (default)
2025-04-24 14:03:53,129 [omNode-3@group-523986131536-FollowerState] INFO  impl.RoleInfo (RoleInfo.java:updateAndGet(148)) - omNode-3: start omNode-3@group-523986131536-LeaderElection25
2025-04-24 14:03:53,129 [omNode-3@group-523986131536-LeaderElection25] INFO  impl.LeaderElection (LeaderElection.java:askForVotes(332)) - omNode-3@group-523986131536-LeaderElection25 PRE_VOTE round 0: submit vote requests at term 10 for conf: {index: 104, cur=peers:[omNode-3|localhost:15017, omNode-1|localhost:15009, omNode-2|localhost:15013]|listeners:[], old=null}
2025-04-24 14:03:53,130 [omNode-3@group-523986131536-LeaderElection25] INFO  impl.LeaderElection (LogUtils.java:infoOrTrace(136)) - omNode-3@group-523986131536-LeaderElection25 got exception when requesting votes: java.util.concurrent.ExecutionException: org.apache.ratis.thirdparty.io.grpc.StatusRuntimeException: UNAVAILABLE: io exception
2025-04-24 14:03:53,130 [omNode-3@group-523986131536-LeaderElection25] INFO  impl.LeaderElection (LogUtils.java:infoOrTrace(136)) - omNode-3@group-523986131536-LeaderElection25 got exception when requesting votes: java.util.concurrent.ExecutionException: org.apache.ratis.thirdparty.io.grpc.StatusRuntimeException: UNAVAILABLE: io exception
2025-04-24 14:03:53,130 [omNode-3@group-523986131536-LeaderElection25] INFO  impl.LeaderElection (LeaderElection.java:logAndReturn(90)) - omNode-3@group-523986131536-LeaderElection25: PRE_VOTE REJECTED received 0 response(s) and 2 exception(s):
2025-04-24 14:03:53,130 [omNode-3@group-523986131536-LeaderElection25] INFO  impl.LeaderElection (LogUtils.java:infoOrTrace(136)) -   Exception 0: java.util.concurrent.ExecutionException: org.apache.ratis.thirdparty.io.grpc.StatusRuntimeException: UNAVAILABLE: io exception
2025-04-24 14:03:53,130 [omNode-3@group-523986131536-LeaderElection25] INFO  impl.LeaderElection (LogUtils.java:infoOrTrace(136)) -   Exception 1: java.util.concurrent.ExecutionException: org.apache.ratis.thirdparty.io.grpc.StatusRuntimeException: UNAVAILABLE: io exception
2025-04-24 14:03:53,130 [omNode-3@group-523986131536-LeaderElection25] INFO  impl.LeaderElection (LeaderElection.java:askForVotes(334)) - omNode-3@group-523986131536-LeaderElection25 PRE_VOTE round 0: result REJECTED
2025-04-24 14:03:53,130 [omNode-3@group-523986131536-LeaderElection25] INFO  server.RaftServer$Division (RaftServerImpl.java:setRole(378)) - omNode-3@group-523986131536: changes role from CANDIDATE to FOLLOWER at term 10 for REJECTED
2025-04-24 14:03:53,130 [omNode-3@group-523986131536-LeaderElection25] INFO  impl.RoleInfo (RoleInfo.java:shutdownLeaderElection(141)) - omNode-3: shutdown omNode-3@group-523986131536-LeaderElection25
2025-04-24 14:03:53,131 [omNode-3@group-523986131536-LeaderElection25] INFO  impl.RoleInfo (RoleInfo.java:updateAndGet(148)) - omNode-3: start omNode-3@group-523986131536-FollowerState
2025-04-24 14:03:53,536 [main] ERROR ha.OMFailoverProxyProviderBase (OMFailoverProxyProviderBase.java:getRetryAction(261)) - Failed to connect to OMs: [omNode-1, omNode-2, omNode-3]. Attempted 5 failovers.
2025-04-24 14:03:53,536 [main] INFO  om.OzoneManager (OzoneManager.java:stop(2347)) - omNode-3[localhost:15014]: Stopping Ozone Manager
2025-04-24 14:03:53,537 [main] INFO  ipc.Server (Server.java:stop(3697)) - Stopping server on 15014
2025-04-24 14:03:53,538 [IPC Server listener on 15014] INFO  ipc.Server (Server.java:run(1585)) - Stopping IPC Server listener on 15014
2025-04-24 14:03:53,538 [IPC Server Responder] INFO  ipc.Server (Server.java:run(1718)) - Stopping IPC Server Responder
2025-04-24 14:03:53,538 [main] INFO  ratis.OzoneManagerRatisServer (OzoneManagerRatisServer.java:stop(634)) - Stopping org.apache.hadoop.ozone.om.ratis.OzoneManagerRatisServer@761f68f1 at port 15017
2025-04-24 14:03:53,539 [main] INFO  server.RaftServer (RaftServerProxy.java:lambda$close$9(417)) - omNode-3: close
2025-04-24 14:03:53,539 [main] INFO  server.GrpcService (GrpcService.java:closeImpl(343)) - omNode-3: shutdown server GrpcServerProtocolService now
2025-04-24 14:03:53,539 [omNode-3-impl-thread1] INFO  server.RaftServer$Division (RaftServerImpl.java:lambda$close$1(513)) - omNode-3@group-523986131536: shutdown
2025-04-24 14:03:53,539 [omNode-3-impl-thread1] INFO  util.JmxRegister (JmxRegister.java:unregister(74)) - Successfully un-registered JMX Bean with object name Ratis:service=RaftServer,group=group-523986131536,id=omNode-3
2025-04-24 14:03:53,539 [omNode-3-impl-thread1] INFO  impl.RoleInfo (RoleInfo.java:shutdownFollowerState(121)) - omNode-3: shutdown omNode-3@group-523986131536-FollowerState
2025-04-24 14:03:53,539 [omNode-3-impl-thread1] INFO  impl.StateMachineUpdater (StateMachineUpdater.java:stopAndJoin(164)) - omNode-3@group-523986131536-StateMachineUpdater: set stopIndex = 105
2025-04-24 14:03:53,539 [omNode-3@group-523986131536-FollowerState] INFO  impl.FollowerState (FollowerState.java:runImpl(170)) - omNode-3@group-523986131536-FollowerState was interrupted
2025-04-24 14:03:53,541 [Thread-3810] INFO  server.GrpcServerProtocolClient (GrpcServerProtocolClient.java:close(105)) - omNode-1 Close channels
2025-04-24 14:03:53,541 [Thread-3811] INFO  server.GrpcServerProtocolClient (GrpcServerProtocolClient.java:close(105)) - omNode-2 Close channels
2025-04-24 14:03:53,541 [main] INFO  server.GrpcService (GrpcService.java:closeImpl(352)) - omNode-3: shutdown server GrpcServerProtocolService successfully
2025-04-24 14:03:53,545 [omNode-3@group-523986131536-StateMachineUpdater] INFO  ratis.OzoneManagerStateMachine (OzoneManagerStateMachine.java:takeSnapshotImpl(510)) - omNode-3: taking snapshot. applied = (t:10, i:105), skipped = 103, notified = (t:10, i:105), current snapshot index = (t:10, i:105), took 5 ms
2025-04-24 14:03:53,545 [omNode-3@group-523986131536-StateMachineUpdater] INFO  impl.StateMachineUpdater (StateMachineUpdater.java:takeSnapshot(303)) - omNode-3@group-523986131536-StateMachineUpdater: Took a snapshot at index 105
2025-04-24 14:03:53,545 [omNode-3@group-523986131536-StateMachineUpdater] INFO  impl.StateMachineUpdater (StateMachineUpdater.java:lambda$new$0(102)) - omNode-3@group-523986131536-StateMachineUpdater: snapshotIndex: updateIncreasingly 103 -> 105
2025-04-24 14:03:53,545 [omNode-3@group-523986131536-StateMachineUpdater] INFO  impl.StateMachineUpdater (StateMachineUpdater.java:stop(141)) - omNode-3@group-523986131536-StateMachineUpdater: closing OzoneManagerStateMachine, lastApplied=(t:10, i:105)
2025-04-24 14:03:53,545 [omNode-3@group-523986131536-StateMachineUpdater] INFO  ratis.OzoneManagerStateMachine (OzoneManagerStateMachine.java:close(550)) - Stopping OzoneManagerStateMachine:omNode-3:group-523986131536.
2025-04-24 14:03:53,545 [omNode-3@group-523986131536-StateMachineUpdater] INFO  ratis.OzoneManagerDoubleBuffer (OzoneManagerDoubleBuffer.java:stopDaemon(500)) - Stopping OMDoubleBuffer flush thread
2025-04-24 14:03:53,545 [omNode-3-OMDoubleBufferFlushThread] INFO  ratis.OzoneManagerDoubleBuffer (OzoneManagerDoubleBuffer.java:canFlush(559)) - OMDoubleBuffer flush thread omNode-3-OMDoubleBufferFlushThread is interrupted and will exit.
2025-04-24 14:03:53,545 [omNode-3@group-523986131536-cacheEviction-AwaitToRun] INFO  util.AwaitToRun (AwaitToRun.java:run(49)) - omNode-3@group-523986131536-cacheEviction-AwaitToRun-AwaitForSignal is interrupted
2025-04-24 14:03:54,471 [omNode-3-impl-thread1] INFO  segmented.SegmentedRaftLogWorker (SegmentedRaftLogWorker.java:close(252)) - omNode-3@group-523986131536-SegmentedRaftLogWorker close()
2025-04-24 14:03:54,472 [JvmPauseMonitor23] INFO  util.JvmPauseMonitor (JvmPauseMonitor.java:run(152)) - JvmPauseMonitor-omNode-3: Stopped
2025-04-24 14:03:54,472 [main] INFO  utils.BackgroundService (BackgroundService.java:shutdown(161)) - Shutting down service KeyDeletingService
2025-04-24 14:03:54,472 [main] INFO  utils.BackgroundService (BackgroundService.java:shutdown(161)) - Shutting down service DirectoryDeletingService
2025-04-24 14:03:54,473 [main] INFO  utils.BackgroundService (BackgroundService.java:shutdown(161)) - Shutting down service OpenKeyCleanupService
2025-04-24 14:03:54,473 [main] INFO  utils.BackgroundService (BackgroundService.java:shutdown(161)) - Shutting down service SstFilteringService
2025-04-24 14:03:54,474 [main] INFO  utils.BackgroundService (BackgroundService.java:shutdown(161)) - Shutting down service SnapshotDeletingService
2025-04-24 14:03:54,474 [main] INFO  utils.BackgroundService (BackgroundService.java:shutdown(161)) - Shutting down service MultipartUploadCleanupService
2025-04-24 14:03:54,475 [main] INFO  handler.ContextHandler (ContextHandler.java:doStop(1159)) - Stopped o.e.j.w.WebAppContext@3988edec{ozoneManager,/,null,STOPPED}{file:/home/runner/work/ozone/ozone/hadoop-ozone/integration-test/target/test-classes/webapps/ozoneManager}
2025-04-24 14:03:54,475 [main] INFO  server.AbstractConnector (AbstractConnector.java:doStop(383)) - Stopped ServerConnector@31db15c9{HTTP/1.1, (http/1.1)}{0.0.0.0:15015}
2025-04-24 14:03:54,475 [main] INFO  server.session (HouseKeeper.java:stopScavenging(149)) - node0 Stopped scavenging
2025-04-24 14:03:54,475 [main] INFO  handler.ContextHandler (ContextHandler.java:doStop(1159)) - Stopped o.e.j.s.ServletContextHandler@7872d829{static,/static,file:///home/runner/work/ozone/ozone/hadoop-ozone/integration-test/target/test-classes/webapps/static,STOPPED}
2025-04-24 14:03:54,475 [main] INFO  handler.ContextHandler (ContextHandler.java:doStop(1159)) - Stopped o.e.j.s.ServletContextHandler@1a912cc7{logs,/logs,file:///home/runner/work/ozone/ozone/hadoop-ozone/integration-test/target/log,STOPPED}
2025-04-24 14:03:54,476 [main] INFO  rocksdiff.RocksDBCheckpointDiffer (RocksDBCheckpointDiffer.java:close(304)) - Shutting down CompactionDagPruningService.
2025-04-24 14:03:54,478 [main] INFO  snapshot.SnapshotDiffManager (SnapshotDiffManager.java:closeExecutorService(1698)) - Shutting down executorService: 'SnapDiffExecutor'
2025-04-24 14:03:54,478 [main] INFO  utils.BackgroundService (BackgroundService.java:shutdown(161)) - Shutting down service SnapshotDiffCleanupService
2025-04-24 14:03:54,478 [main] INFO  om.OzoneManager (OzoneManager.java:stop(2347)) - omNode-1[localhost:15006]: Stopping Ozone Manager
2025-04-24 14:03:54,479 [main] INFO  om.OzoneManager (OzoneManager.java:stop(2347)) - omNode-2[localhost:15010]: Stopping Ozone Manager
2025-04-24 14:03:54,479 [main] INFO  om.OzoneManager (OzoneManager.java:restart(1878)) - OzoneManager RPC server is listening at localhost/127.0.0.1:15014
2025-04-24 14:03:54,479 [main] INFO  impl.MetricsSystemImpl (MetricsSystemImpl.java:init(158)) - OzoneManager metrics system started (again)
2025-04-24 14:03:54,489 [main] WARN  server.ServerUtils (ServerUtils.java:getDBPath(297)) - ozone.om.db.dirs is not configured. We recommend adding this setting. Falling back to ozone.metadata.dirs instead.
2025-04-24 14:03:54,531 [main] INFO  om.OzoneManager (OzoneManager.java:instantiateServices(933)) - S3 Multi-Tenancy is disabled
2025-04-24 14:03:54,531 [main] INFO  om.OmSnapshotManager (OmSnapshotManager.java:<init>(180)) - Ozone filesystem snapshot feature is enabled.
2025-04-24 14:03:54,531 [main] WARN  server.ServerUtils (ServerUtils.java:getDBPath(297)) - ozone.om.snapshot.diff.db.dir is not configured. We recommend adding this setting. Falling back to ozone.metadata.dirs instead.
2025-04-24 14:03:54,554 [main] WARN  server.ServerUtils (ServerUtils.java:getDefaultRatisDirectory(309)) - Storage directory for Ratis is not configured. It is a good idea to map this to an SSD disk. Falling back to ozone.metadata.dirs
2025-04-24 14:03:54,555 [main] INFO  server.RaftServerConfigKeys (ConfUtils.java:logGet(46)) - raft.server.log.appender.buffer.byte-limit = 4194304 (custom)
2025-04-24 14:03:54,556 [main] INFO  ratis.OzoneManagerRatisServer (OzoneManagerRatisServer.java:<init>(167)) - Instantiating OM Ratis server with groupID: om-service-test1 and peers: localhost:15017, localhost:15009, localhost:15013
2025-04-24 14:03:54,556 [main] INFO  ratis.OzoneManagerStateMachine (OzoneManagerStateMachine.java:loadSnapshotInfoFromDB(611)) - LastAppliedIndex is set from TransactionInfo from OM DB as (t:10, i:105)
2025-04-24 14:03:54,556 [main] INFO  server.RaftServer (ConfUtils.java:logGet(46)) - raft.rpc.type = GRPC (default)
2025-04-24 14:03:54,556 [main] INFO  grpc.GrpcConfigKeys (ConfUtils.java:logFallback(53)) - raft.grpc.admin.host = null (fallback to raft.grpc.server.host)
2025-04-24 14:03:54,557 [main] INFO  grpc.GrpcConfigKeys (ConfUtils.java:logFallback(53)) - raft.grpc.admin.port = 15017 (fallback to raft.grpc.server.port)
2025-04-24 14:03:54,557 [main] INFO  grpc.GrpcConfigKeys (ConfUtils.java:logFallback(53)) - raft.grpc.client.host = null (fallback to raft.grpc.server.host)
2025-04-24 14:03:54,557 [main] INFO  grpc.GrpcConfigKeys (ConfUtils.java:logFallback(53)) - raft.grpc.client.port = 15017 (fallback to raft.grpc.server.port)
2025-04-24 14:03:54,557 [main] INFO  grpc.GrpcConfigKeys (ConfUtils.java:logGet(46)) - raft.grpc.server.host = null (default)
2025-04-24 14:03:54,557 [main] INFO  grpc.GrpcConfigKeys (ConfUtils.java:logGet(46)) - raft.grpc.server.port = 15017 (custom)
2025-04-24 14:03:54,557 [main] INFO  server.GrpcService (ConfUtils.java:logGet(46)) - raft.grpc.message.size.max = 5242880 (custom)
2025-04-24 14:03:54,557 [main] INFO  server.GrpcService (ConfUtils.java:logGet(46)) - raft.grpc.flow.control.window = 1MB (=1048576) (default)
2025-04-24 14:03:54,557 [main] INFO  server.RaftServerConfigKeys (ConfUtils.java:logGet(46)) - raft.server.rpc.request.timeout = 3000ms (default)
2025-04-24 14:03:54,557 [main] INFO  grpc.GrpcConfigKeys (ConfUtils.java:logGet(46)) - raft.grpc.server.heartbeat.channel = true (default)
2025-04-24 14:03:54,557 [main] INFO  server.RaftServerConfigKeys (ConfUtils.java:logGet(46)) - raft.server.log.appender.buffer.byte-limit = 4194304 (custom)
2025-04-24 14:03:54,557 [main] INFO  grpc.GrpcConfigKeys (ConfUtils.java:logGet(46)) - raft.grpc.server.async.request.thread.pool.cached = true (default)
2025-04-24 14:03:54,557 [main] INFO  grpc.GrpcConfigKeys (ConfUtils.java:logGet(46)) - raft.grpc.server.async.request.thread.pool.size = 32 (default)
2025-04-24 14:03:54,558 [main] INFO  impl.DataStreamServerImpl (ConfUtils.java:logGet(46)) - raft.datastream.type = DISABLED (default)
2025-04-24 14:03:54,558 [main] INFO  server.RaftServerConfigKeys (ConfUtils.java:logGet(46)) - raft.server.sleep.deviation.threshold = 300ms (default)
2025-04-24 14:03:54,558 [main] INFO  server.RaftServerConfigKeys (ConfUtils.java:logGet(46)) - raft.server.close.threshold = 60s (default)
2025-04-24 14:03:54,558 [main] INFO  server.RaftServerConfigKeys (ConfUtils.java:logGet(46)) - raft.server.leaderelection.leader.step-down.wait-time = 10s (default)
2025-04-24 14:03:54,558 [main] INFO  server.RaftServerConfigKeys (ConfUtils.java:logGet(46)) - raft.server.storage.dir = [/home/runner/work/ozone/ozone/hadoop-ozone/integration-test/target/test-dir/MiniOzoneClusterImpl-4e6105ad-12bc-4f18-9d37-351d73277e17/omNode-3/ratis] (custom)
2025-04-24 14:03:54,558 [main] INFO  server.RaftServerConfigKeys (ConfUtils.java:logGet(46)) - raft.server.threadpool.proxy.cached = true (default)
2025-04-24 14:03:54,558 [main] INFO  server.RaftServerConfigKeys (ConfUtils.java:logGet(46)) - raft.server.threadpool.proxy.size = 0 (default)
2025-04-24 14:03:54,559 [omNode-3-impl-thread1] INFO  server.RaftServer (RaftServerProxy.java:initGroupDir(265)) - omNode-3: found a subdirectory /home/runner/work/ozone/ozone/hadoop-ozone/integration-test/target/test-dir/MiniOzoneClusterImpl-4e6105ad-12bc-4f18-9d37-351d73277e17/omNode-3/ratis/c9bc4cf4-3bc3-3c60-a66b-523986131536
2025-04-24 14:03:54,559 [main] INFO  server.RaftServer (RaftServerProxy.java:addNew(100)) - omNode-3: addNew group-523986131536:[omNode-3|localhost:15017, omNode-1|localhost:15009, omNode-2|localhost:15013] returns group-523986131536:java.util.concurrent.CompletableFuture@5884af25[Not completed]
2025-04-24 14:03:54,559 [main] INFO  om.OzoneManager (OzoneManager.java:initializeRatisServer(2303)) - OzoneManager Ratis server initialized at port 15017
2025-04-24 14:03:54,559 [main] INFO  ratis.OzoneManagerRatisServer (OzoneManagerRatisServer.java:start(628)) - Starting OzoneManagerRatisServer omNode-3 at port 15017
2025-04-24 14:03:54,559 [omNode-3-groupManagement] INFO  server.RaftServer$Division (RaftServerImpl.java:<init>(255)) - omNode-3: new RaftServerImpl for group-523986131536:[omNode-3|localhost:15017, omNode-1|localhost:15009, omNode-2|localhost:15013] with OzoneManagerStateMachine:uninitialized
2025-04-24 14:03:54,559 [omNode-3-groupManagement] INFO  server.RaftServerConfigKeys (ConfUtils.java:logGet(46)) - raft.server.rpc.timeout.min = 1s (custom)
2025-04-24 14:03:54,559 [omNode-3-groupManagement] INFO  server.RaftServerConfigKeys (ConfUtils.java:logGet(46)) - raft.server.rpc.timeout.max = 1200ms (custom)
2025-04-24 14:03:54,559 [omNode-3-groupManagement] INFO  server.RaftServerConfigKeys (ConfUtils.java:logGet(46)) - raft.server.rpc.sleep.time = 25ms (default)
2025-04-24 14:03:54,559 [omNode-3-groupManagement] INFO  server.RaftServerConfigKeys (ConfUtils.java:logGet(46)) - raft.server.rpc.slowness.timeout = 2s (custom)
2025-04-24 14:03:54,559 [omNode-3-groupManagement] INFO  server.RaftServerConfigKeys (ConfUtils.java:logGet(46)) - raft.server.leaderelection.leader.step-down.wait-time = 10s (default)
2025-04-24 14:03:54,559 [omNode-3-groupManagement] INFO  server.RaftServerConfigKeys (ConfUtils.java:logGet(46)) - raft.server.leaderelection.member.majority-add = false (default)
2025-04-24 14:03:54,559 [omNode-3-groupManagement] INFO  server.RaftServerConfigKeys (ConfUtils.java:logGet(46)) - raft.server.sleep.deviation.threshold = 300ms (default)
2025-04-24 14:03:54,559 [omNode-3-groupManagement] INFO  server.RaftServer$Division (ServerState.java:<init>(114)) - omNode-3@group-523986131536: ConfigurationManager, init=conf: {index: -1, cur=peers:[omNode-3|localhost:15017, omNode-1|localhost:15009, omNode-2|localhost:15013]|listeners:[], old=null}, confs=<EMPTY_MAP>
2025-04-24 14:03:54,559 [omNode-3-groupManagement] INFO  server.RaftServerConfigKeys (ConfUtils.java:logGet(46)) - raft.server.notification.no-leader.timeout = 2s (custom)
2025-04-24 14:03:54,559 [omNode-3-groupManagement] INFO  server.RaftServerConfigKeys (ConfUtils.java:logGet(46)) - raft.server.read.timeout = 10s (default)
2025-04-24 14:03:54,560 [omNode-3-groupManagement] INFO  server.RaftServerConfigKeys (ConfUtils.java:logGet(46)) - raft.server.retrycache.expirytime = 30000ms (custom)
2025-04-24 14:03:54,560 [omNode-3-groupManagement] INFO  server.RaftServerConfigKeys (ConfUtils.java:logGet(46)) - raft.server.retrycache.statistics.expirytime = 100ms (default)
2025-04-24 14:03:54,560 [omNode-3-groupManagement] INFO  server.RaftServerConfigKeys (ConfUtils.java:logGet(46)) - raft.server.read.option = DEFAULT (default)
2025-04-24 14:03:54,560 [omNode-3-groupManagement] INFO  server.RaftServerConfigKeys (ConfUtils.java:logGet(46)) - raft.server.read.read-after-write-consistent.write-index-cache.expiry-time = 60s (default)
2025-04-24 14:03:54,561 [omNode-3-groupManagement] INFO  server.RaftServerConfigKeys (ConfUtils.java:logGet(46)) - raft.server.rpc.request.timeout = 3000ms (default)
2025-04-24 14:03:54,561 [omNode-3-groupManagement] INFO  server.RaftServerConfigKeys (ConfUtils.java:logGet(46)) - raft.server.log.appender.install.snapshot.enabled = false (custom)
2025-04-24 14:03:54,561 [omNode-3-groupManagement] INFO  server.RaftServerConfigKeys (ConfUtils.java:logGet(46)) - raft.server.threadpool.server.cached = true (default)
2025-04-24 14:03:54,561 [omNode-3-groupManagement] INFO  server.RaftServerConfigKeys (ConfUtils.java:logGet(46)) - raft.server.threadpool.server.size = 0 (default)
2025-04-24 14:03:54,561 [omNode-3-groupManagement] INFO  server.RaftServerConfigKeys (ConfUtils.java:logGet(46)) - raft.server.threadpool.client.cached = true (default)
2025-04-24 14:03:54,561 [omNode-3-groupManagement] INFO  server.RaftServerConfigKeys (ConfUtils.java:logGet(46)) - raft.server.threadpool.client.size = 0 (default)
2025-04-24 14:03:54,561 [omNode-3-impl-thread1] INFO  server.RaftServerConfigKeys (ConfUtils.java:logGet(46)) - raft.server.storage.free-space.min = 0MB (=0) (default)
2025-04-24 14:03:54,561 [omNode-3-impl-thread1] INFO  server.RaftServerConfigKeys (ConfUtils.java:logGet(46)) - raft.server.log.corruption.policy = EXCEPTION (default)
2025-04-24 14:03:54,561 [omNode-3-impl-thread1] INFO  server.RaftServerConfigKeys (ConfUtils.java:logGet(46)) - raft.server.storage.dir = [/home/runner/work/ozone/ozone/hadoop-ozone/integration-test/target/test-dir/MiniOzoneClusterImpl-4e6105ad-12bc-4f18-9d37-351d73277e17/omNode-3/ratis] (custom)
2025-04-24 14:03:54,562 [omNode-3-impl-thread1] INFO  storage.RaftStorageDirectory (RaftStorageDirectoryImpl.java:tryLock(229)) - Lock on /home/runner/work/ozone/ozone/hadoop-ozone/integration-test/target/test-dir/MiniOzoneClusterImpl-4e6105ad-12bc-4f18-9d37-351d73277e17/omNode-3/ratis/c9bc4cf4-3bc3-3c60-a66b-523986131536/in_use.lock acquired by nodename 129728@fv-az2210-761
2025-04-24 14:03:54,562 [omNode-3-impl-thread1] INFO  storage.RaftStorage (RaftStorageImpl.java:analyzeAndRecoverStorage(118)) - Read RaftStorageMetadata{term=10, votedFor=omNode-3} from /home/runner/work/ozone/ozone/hadoop-ozone/integration-test/target/test-dir/MiniOzoneClusterImpl-4e6105ad-12bc-4f18-9d37-351d73277e17/omNode-3/ratis/c9bc4cf4-3bc3-3c60-a66b-523986131536/current/raft-meta
2025-04-24 14:03:54,562 [omNode-3-impl-thread1] INFO  server.RaftServer$Division (ServerState.java:setRaftConf(386)) - omNode-3@group-523986131536: set configuration conf: {index: 104, cur=peers:[omNode-3|localhost:15017, omNode-1|localhost:15009, omNode-2|localhost:15013]|listeners:[], old=null}
2025-04-24 14:03:54,563 [omNode-3-impl-thread1] INFO  ratis.OzoneManagerStateMachine (OzoneManagerStateMachine.java:lambda$0(138)) - omNode-3: initialize group-523986131536 with (t:10, i:105)
2025-04-24 14:03:54,563 [omNode-3-impl-thread1] INFO  server.RaftServerConfigKeys (ConfUtils.java:logGet(46)) - raft.server.log.use.memory = false (default)
2025-04-24 14:03:54,563 [omNode-3-impl-thread1] INFO  server.RaftServerConfigKeys (ConfUtils.java:logGet(46)) - raft.server.log.purge.gap = 50 (custom)
2025-04-24 14:03:54,563 [omNode-3-impl-thread1] INFO  server.RaftServerConfigKeys (ConfUtils.java:logGet(46)) - raft.server.log.appender.buffer.byte-limit = 4194304 (custom)
2025-04-24 14:03:54,563 [omNode-3-impl-thread1] INFO  server.RaftServerConfigKeys (ConfUtils.java:logGet(46)) - raft.server.log.statemachine.data.read.timeout = 1000ms (default)
2025-04-24 14:03:54,563 [omNode-3-impl-thread1] INFO  server.RaftServerConfigKeys (ConfUtils.java:logGet(46)) - raft.server.log.purge.preservation.log.num = 0 (default)
2025-04-24 14:03:54,563 [omNode-3-impl-thread1] INFO  server.RaftServerConfigKeys (ConfUtils.java:logGet(46)) - raft.server.log.segment.size.max = 4194304 (custom)
2025-04-24 14:03:54,563 [omNode-3-impl-thread1] INFO  server.RaftServerConfigKeys (ConfUtils.java:logGet(46)) - raft.server.log.segment.cache.num.max = 2 (custom)
2025-04-24 14:03:54,563 [omNode-3-impl-thread1] INFO  server.RaftServerConfigKeys (ConfUtils.java:logGet(46)) - raft.server.log.segment.cache.size.max = 200MB (=209715200) (default)
2025-04-24 14:03:54,563 [omNode-3-impl-thread1] INFO  server.RaftServerConfigKeys (ConfUtils.java:logGet(46)) - raft.server.log.appender.buffer.byte-limit = 4194304 (custom)
2025-04-24 14:03:54,564 [omNode-3-impl-thread1] INFO  util.AwaitToRun (AwaitToRun.java:start(81)) - Thread[#4551,omNode-3@group-523986131536-cacheEviction-AwaitToRun,5,main] started
2025-04-24 14:03:54,564 [omNode-3-impl-thread1] INFO  segmented.SegmentedRaftLogWorker (SegmentedRaftLogWorker.java:<init>(188)) - new omNode-3@group-523986131536-SegmentedRaftLogWorker for RaftStorageImpl:Storage Directory /home/runner/work/ozone/ozone/hadoop-ozone/integration-test/target/test-dir/MiniOzoneClusterImpl-4e6105ad-12bc-4f18-9d37-351d73277e17/omNode-3/ratis/c9bc4cf4-3bc3-3c60-a66b-523986131536
2025-04-24 14:03:54,564 [omNode-3-impl-thread1] INFO  server.RaftServerConfigKeys (ConfUtils.java:logGet(46)) - raft.server.log.queue.byte-limit = 64MB (=67108864) (default)
2025-04-24 14:03:54,564 [omNode-3-impl-thread1] INFO  server.RaftServerConfigKeys (ConfUtils.java:logGet(46)) - raft.server.log.queue.element-limit = 4096 (default)
2025-04-24 14:03:54,564 [omNode-3-impl-thread1] INFO  server.RaftServerConfigKeys (ConfUtils.java:logGet(46)) - raft.server.log.segment.size.max = 4194304 (custom)
2025-04-24 14:03:54,564 [omNode-3-impl-thread1] INFO  server.RaftServerConfigKeys (ConfUtils.java:logGet(46)) - raft.server.log.preallocated.size = 4194304 (custom)
2025-04-24 14:03:54,564 [omNode-3-impl-thread1] INFO  server.RaftServerConfigKeys (ConfUtils.java:logGet(46)) - raft.server.log.force.sync.num = 128 (default)
2025-04-24 14:03:54,564 [omNode-3-impl-thread1] INFO  server.RaftServerConfigKeys (ConfUtils.java:logGet(46)) - raft.server.log.statemachine.data.sync = true (default)
2025-04-24 14:03:54,564 [omNode-3-impl-thread1] INFO  server.RaftServerConfigKeys (ConfUtils.java:logGet(46)) - raft.server.log.statemachine.data.sync.timeout = 10s (default)
2025-04-24 14:03:54,564 [omNode-3-impl-thread1] INFO  server.RaftServerConfigKeys (ConfUtils.java:logGet(46)) - raft.server.log.statemachine.data.sync.timeout.retry = -1 (default)
2025-04-24 14:03:54,564 [omNode-3-impl-thread1] INFO  server.RaftServerConfigKeys (ConfUtils.java:logGet(46)) - raft.server.log.write.buffer.size = 4194312 (custom)
2025-04-24 14:03:54,564 [omNode-3-impl-thread1] INFO  server.RaftServerConfigKeys (ConfUtils.java:logGet(46)) - raft.server.log.appender.buffer.byte-limit = 4194304 (custom)
2025-04-24 14:03:54,564 [omNode-3-impl-thread1] INFO  server.RaftServerConfigKeys (ConfUtils.java:logGet(46)) - raft.server.log.unsafe-flush.enabled = false (default)
2025-04-24 14:03:54,564 [omNode-3-impl-thread1] INFO  server.RaftServerConfigKeys (ConfUtils.java:logGet(46)) - raft.server.log.async-flush.enabled = false (default)
2025-04-24 14:03:54,564 [omNode-3-impl-thread1] INFO  server.RaftServerConfigKeys (ConfUtils.java:logGet(46)) - raft.server.log.statemachine.data.caching.enabled = false (default)
2025-04-24 14:03:54,565 [omNode-3-impl-thread1] INFO  server.RaftServer$Division (ServerState.java:setRaftConf(386)) - omNode-3@group-523986131536: set configuration conf: {index: 102, cur=peers:[omNode-3|localhost:15017, omNode-1|localhost:15009, omNode-2|localhost:15013]|listeners:[], old=null}
2025-04-24 14:03:54,565 [omNode-3-impl-thread1] INFO  segmented.LogSegment (LogSegment.java:loadSegment(171)) - Successfully read 2 entries from segment file /home/runner/work/ozone/ozone/hadoop-ozone/integration-test/target/test-dir/MiniOzoneClusterImpl-4e6105ad-12bc-4f18-9d37-351d73277e17/omNode-3/ratis/c9bc4cf4-3bc3-3c60-a66b-523986131536/current/log_102-103
2025-04-24 14:03:54,565 [omNode-3-impl-thread1] INFO  server.RaftServer$Division (ServerState.java:setRaftConf(386)) - omNode-3@group-523986131536: set configuration conf: {index: 104, cur=peers:[omNode-3|localhost:15017, omNode-1|localhost:15009, omNode-2|localhost:15013]|listeners:[], old=null}
2025-04-24 14:03:54,565 [omNode-3-impl-thread1] INFO  segmented.LogSegment (LogSegment.java:loadSegment(171)) - Successfully read 2 entries from segment file /home/runner/work/ozone/ozone/hadoop-ozone/integration-test/target/test-dir/MiniOzoneClusterImpl-4e6105ad-12bc-4f18-9d37-351d73277e17/omNode-3/ratis/c9bc4cf4-3bc3-3c60-a66b-523986131536/current/log_inprogress_104
2025-04-24 14:03:54,565 [omNode-3-impl-thread1] INFO  segmented.SegmentedRaftLogWorker (SegmentedRaftLogWorker.java:lambda$new$0(139)) - omNode-3@group-523986131536-SegmentedRaftLogWorker: flushIndex: setUnconditionally 0 -> 105
2025-04-24 14:03:54,565 [omNode-3-impl-thread1] INFO  segmented.SegmentedRaftLogWorker (SegmentedRaftLogWorker.java:lambda$new$0(139)) - omNode-3@group-523986131536-SegmentedRaftLogWorker: safeCacheEvictIndex: setUnconditionally 0 -> 103
2025-04-24 14:03:54,566 [omNode-3-impl-thread1] INFO  segmented.BufferedWriteChannel (BufferedWriteChannel.java:open(61)) - open log_inprogress_104 (append) at position 125
2025-04-24 14:03:54,566 [omNode-3-impl-thread1] INFO  raftlog.RaftLog (RaftLogBase.java:lambda$new$0(54)) - omNode-3@group-523986131536-SegmentedRaftLog: purgeIndex: updateToMax old=-1, new=101, updated? true
2025-04-24 14:03:54,566 [omNode-3-impl-thread1] INFO  server.RaftServer$Division (RaftServerImpl.java:start(391)) - omNode-3@group-523986131536: start as a follower, conf=conf: {index: 104, cur=peers:[omNode-3|localhost:15017, omNode-1|localhost:15009, omNode-2|localhost:15013]|listeners:[], old=null}
2025-04-24 14:03:54,566 [omNode-3-impl-thread1] INFO  server.RaftServer$Division (RaftServerImpl.java:setRole(378)) - omNode-3@group-523986131536: changes role from      null to FOLLOWER at term 10 for startAsFollower
2025-04-24 14:03:54,566 [omNode-3-impl-thread1] INFO  impl.RoleInfo (RoleInfo.java:updateAndGet(148)) - omNode-3: start omNode-3@group-523986131536-FollowerState
2025-04-24 14:03:54,566 [omNode-3-impl-thread1] INFO  util.JmxRegister (JmxRegister.java:tryRegister(44)) - Successfully registered JMX Bean with object name Ratis:service=RaftServer,group=group-523986131536,id=omNode-3
2025-04-24 14:03:54,566 [omNode-3-impl-thread1] INFO  util.JmxRegister (JmxRegister.java:register(58)) - register mxBean class org.apache.ratis.server.impl.RaftServerJmxAdapter as Ratis:service=RaftServer,group=group-523986131536,id=omNode-3
2025-04-24 14:03:54,566 [omNode-3@group-523986131536-FollowerState] INFO  server.RaftServerConfigKeys (ConfUtils.java:logFallback(53)) - raft.server.rpc.first-election.timeout.min = 1s (fallback to raft.server.rpc.timeout.min)
2025-04-24 14:03:54,566 [omNode-3-impl-thread1] INFO  server.RaftServerConfigKeys (ConfUtils.java:logGet(46)) - raft.server.snapshot.trigger-when-stop.enabled = true (default)
2025-04-24 14:03:54,566 [omNode-3-impl-thread1] INFO  server.RaftServerConfigKeys (ConfUtils.java:logGet(46)) - raft.server.snapshot.trigger-when-remove.enabled = true (default)
2025-04-24 14:03:54,566 [omNode-3-impl-thread1] INFO  server.RaftServerConfigKeys (ConfUtils.java:logGet(46)) - raft.server.snapshot.auto.trigger.enabled = true (custom)
2025-04-24 14:03:54,566 [omNode-3@group-523986131536-FollowerState] INFO  server.RaftServerConfigKeys (ConfUtils.java:logFallback(53)) - raft.server.rpc.first-election.timeout.max = 1200ms (fallback to raft.server.rpc.timeout.max)
2025-04-24 14:03:54,566 [omNode-3-impl-thread1] INFO  server.RaftServerConfigKeys (ConfUtils.java:logGet(46)) - raft.server.snapshot.auto.trigger.threshold = 50 (custom)
2025-04-24 14:03:54,567 [omNode-3-impl-thread1] INFO  server.RaftServerConfigKeys (ConfUtils.java:logGet(46)) - raft.server.snapshot.retention.file.num = -1 (default)
2025-04-24 14:03:54,567 [omNode-3-impl-thread1] INFO  server.RaftServerConfigKeys (ConfUtils.java:logGet(46)) - raft.server.log.purge.upto.snapshot.index = true (custom)
2025-04-24 14:03:54,567 [omNode-3-impl-thread1] INFO  server.RaftServer$Division (RaftServerImpl.java:start(405)) - omNode-3@group-523986131536: Successfully started.
2025-04-24 14:03:54,567 [main] INFO  server.RaftServer (RaftServerProxy.java:startImpl(407)) - omNode-3: start RPC server
2025-04-24 14:03:54,567 [main] INFO  server.GrpcService (GrpcService.java:startImpl(334)) - omNode-3: GrpcService started, listening on 15017
2025-04-24 14:03:54,568 [main] INFO  om.OzoneManager (OzoneManager.java:getRpcServer(1360)) - Creating RPC Server
2025-04-24 14:03:54,568 [JvmPauseMonitor26] INFO  util.JvmPauseMonitor (JvmPauseMonitor.java:run(146)) - JvmPauseMonitor-omNode-3: Started
2025-04-24 14:03:54,934 [main] INFO  reflections.Reflections (Reflections.java:scan(219)) - Reflections took 366 ms to scan 22 urls, producing 61 keys and 7423 values
2025-04-24 14:03:54,935 [main] INFO  ipc.CallQueueManager (CallQueueManager.java:<init>(93)) - Using callQueue: class java.util.concurrent.LinkedBlockingQueue, queueCapacity: 2000, scheduler: class org.apache.hadoop.ipc.DefaultRpcScheduler, ipcBackoff: false, ipcFailOver: false.
2025-04-24 14:03:54,935 [main] INFO  ipc.Server (Server.java:<init>(1438)) - Listener at localhost:15014
2025-04-24 14:03:54,936 [Socket Reader #1 for port 15014] INFO  ipc.Server (Server.java:run(1474)) - Starting Socket Reader #1 for port 15014
2025-04-24 14:03:54,936 [Socket Reader #2 for port 15014] INFO  ipc.Server (Server.java:run(1474)) - Starting Socket Reader #2 for port 15014
2025-04-24 14:03:54,936 [Socket Reader #3 for port 15014] INFO  ipc.Server (Server.java:run(1474)) - Starting Socket Reader #3 for port 15014
2025-04-24 14:03:54,936 [Socket Reader #4 for port 15014] INFO  ipc.Server (Server.java:run(1474)) - Starting Socket Reader #4 for port 15014
2025-04-24 14:03:54,937 [Socket Reader #5 for port 15014] INFO  ipc.Server (Server.java:run(1474)) - Starting Socket Reader #5 for port 15014
2025-04-24 14:03:54,937 [Socket Reader #6 for port 15014] INFO  ipc.Server (Server.java:run(1474)) - Starting Socket Reader #6 for port 15014
2025-04-24 14:03:54,937 [Socket Reader #7 for port 15014] INFO  ipc.Server (Server.java:run(1474)) - Starting Socket Reader #7 for port 15014
2025-04-24 14:03:54,937 [Socket Reader #8 for port 15014] INFO  ipc.Server (Server.java:run(1474)) - Starting Socket Reader #8 for port 15014
2025-04-24 14:03:54,937 [Socket Reader #9 for port 15014] INFO  ipc.Server (Server.java:run(1474)) - Starting Socket Reader #9 for port 15014
2025-04-24 14:03:54,937 [Socket Reader #10 for port 15014] INFO  ipc.Server (Server.java:run(1474)) - Starting Socket Reader #10 for port 15014
2025-04-24 14:03:54,939 [main] INFO  http.BaseHttpServer (BaseHttpServer.java:newHttpServer2BuilderForOzone(229)) - Starting Web-server for ozoneManager at: http://0.0.0.0:15015
2025-04-24 14:03:54,939 [main] INFO  http.BaseHttpServer (BaseHttpServer.java:<init>(107)) - Hadoop Security Enabled: false Ozone Security Enabled: false Ozone HTTP Security Enabled: false 
2025-04-24 14:03:54,941 [main] WARN  server.AuthenticationFilter (AuthenticationFilter.java:constructSecretProvider(240)) - Unable to initialize FileSignerSecretProvider, falling back to use random secrets. Reason: Could not read signature secret file: /home/runner/hadoop-http-auth-signature-secret
2025-04-24 14:03:54,943 [main] INFO  http.HttpServer2 (HttpServer2.java:addGlobalFilter(1041)) - Added global filter 'safety' (class=org.apache.hadoop.hdds.server.http.HttpServer2$QuotingInputFilter)
2025-04-24 14:03:54,944 [main] INFO  http.HttpServer2 (HttpServer2.java:addFilter(1017)) - Added filter static_user_filter (class=org.apache.hadoop.http.lib.StaticUserWebFilter$StaticUserFilter) to context ozoneManager
2025-04-24 14:03:54,944 [main] INFO  http.HttpServer2 (HttpServer2.java:addFilter(1025)) - Added filter static_user_filter (class=org.apache.hadoop.http.lib.StaticUserWebFilter$StaticUserFilter) to context logs
2025-04-24 14:03:54,944 [main] INFO  http.HttpServer2 (HttpServer2.java:addFilter(1025)) - Added filter static_user_filter (class=org.apache.hadoop.http.lib.StaticUserWebFilter$StaticUserFilter) to context static
2025-04-24 14:03:54,944 [main] INFO  http.BaseHttpServer (BaseHttpServer.java:<init>(195)) - HTTP server of ozoneManager uses base directory /home/runner/work/ozone/ozone/hadoop-ozone/integration-test/target/test-dir/MiniOzoneClusterImpl-4e6105ad-12bc-4f18-9d37-351d73277e17/omNode-3/webserver
2025-04-24 14:03:54,944 [main] INFO  http.HttpServer2 (HttpServer2.java:bindListener(1241)) - Jetty bound to port 15015
2025-04-24 14:03:54,945 [main] INFO  server.Server (Server.java:doStart(375)) - jetty-9.4.57.v20241219; built: 2025-01-08T21:24:30.412Z; git: df524e6b29271c2e09ba9aea83c18dc9db464a31; jvm 21.0.7+6-LTS
2025-04-24 14:03:54,946 [main] INFO  server.session (DefaultSessionIdManager.java:doStart(334)) - DefaultSessionIdManager workerName=node0
2025-04-24 14:03:54,946 [main] INFO  server.session (DefaultSessionIdManager.java:doStart(339)) - No SessionScavenger set, using defaults
2025-04-24 14:03:54,946 [main] INFO  server.session (HouseKeeper.java:startScavenging(132)) - node0 Scavenging every 660000ms
2025-04-24 14:03:54,947 [main] INFO  handler.ContextHandler (ContextHandler.java:doStart(921)) - Started o.e.j.s.ServletContextHandler@6a9453f2{logs,/logs,file:///home/runner/work/ozone/ozone/hadoop-ozone/integration-test/target/log,AVAILABLE}
2025-04-24 14:03:54,947 [main] INFO  handler.ContextHandler (ContextHandler.java:doStart(921)) - Started o.e.j.s.ServletContextHandler@ef48fec{static,/static,file:///home/runner/work/ozone/ozone/hadoop-ozone/integration-test/target/test-classes/webapps/static,AVAILABLE}
2025-04-24 14:03:54,950 [main] INFO  handler.ContextHandler (ContextHandler.java:doStart(921)) - Started o.e.j.w.WebAppContext@7eaca9f{ozoneManager,/,file:///home/runner/work/ozone/ozone/hadoop-ozone/integration-test/target/test-classes/webapps/ozoneManager/,AVAILABLE}{file:/home/runner/work/ozone/ozone/hadoop-ozone/integration-test/target/test-classes/webapps/ozoneManager}
2025-04-24 14:03:54,951 [main] INFO  server.AbstractConnector (AbstractConnector.java:doStart(333)) - Started ServerConnector@32b679b2{HTTP/1.1, (http/1.1)}{0.0.0.0:15015}
2025-04-24 14:03:54,951 [main] INFO  server.Server (Server.java:doStart(415)) - Started @116283ms
2025-04-24 14:03:54,951 [main] WARN  impl.MetricsSystemImpl (MetricsSystemImpl.java:register(279)) - Sink prometheus already exists!
2025-04-24 14:03:54,952 [main] INFO  http.BaseHttpServer (BaseHttpServer.java:updateConnectorAddress(360)) - HTTP server of ozoneManager listening at http://0.0.0.0:15015
2025-04-24 14:03:54,952 [IPC Server Responder] INFO  ipc.Server (Server.java:run(1713)) - IPC Server Responder: starting
2025-04-24 14:03:54,952 [IPC Server listener on 15014] INFO  ipc.Server (Server.java:run(1553)) - IPC Server listener on 15014: starting
2025-04-24 14:03:54,954 [main] INFO  om.OzoneManager (OzoneManager.java:startTrashEmptier(2257)) - Trash Interval set to 0. Files deleted won't move to trash
2025-04-24 14:03:54,954 [main] INFO  om.OzoneManager (OzoneManager.java:restart(1878)) - OzoneManager RPC server is listening at localhost/127.0.0.1:15006
2025-04-24 14:03:54,954 [main] INFO  impl.MetricsSystemImpl (MetricsSystemImpl.java:init(158)) - OzoneManager metrics system started (again)
2025-04-24 14:03:54,965 [main] WARN  server.ServerUtils (ServerUtils.java:getDBPath(297)) - ozone.om.db.dirs is not configured. We recommend adding this setting. Falling back to ozone.metadata.dirs instead.
2025-04-24 14:03:55,005 [main] INFO  om.OzoneManager (OzoneManager.java:instantiateServices(933)) - S3 Multi-Tenancy is disabled
2025-04-24 14:03:55,005 [main] INFO  om.OmSnapshotManager (OmSnapshotManager.java:<init>(180)) - Ozone filesystem snapshot feature is enabled.
2025-04-24 14:03:55,006 [main] WARN  server.ServerUtils (ServerUtils.java:getDBPath(297)) - ozone.om.snapshot.diff.db.dir is not configured. We recommend adding this setting. Falling back to ozone.metadata.dirs instead.
2025-04-24 14:03:55,020 [main] WARN  dropwizard3.Dm3MetricRegistriesImpl (Dm3MetricRegistriesImpl.java:addReporterRegistration(114)) - New reporters are added after registries were created. Some metrics will be missing from the reporter. Please add reporter before adding any new registry.
2025-04-24 14:03:55,020 [main] WARN  dropwizard3.Dm3MetricRegistriesImpl (Dm3MetricRegistriesImpl.java:addReporterRegistration(114)) - New reporters are added after registries were created. Some metrics will be missing from the reporter. Please add reporter before adding any new registry.
2025-04-24 14:03:55,020 [main] WARN  server.ServerUtils (ServerUtils.java:getDefaultRatisDirectory(309)) - Storage directory for Ratis is not configured. It is a good idea to map this to an SSD disk. Falling back to ozone.metadata.dirs
2025-04-24 14:03:55,021 [main] INFO  server.RaftServerConfigKeys (ConfUtils.java:logGet(46)) - raft.server.log.appender.buffer.byte-limit = 4194304 (custom)
2025-04-24 14:03:55,021 [main] INFO  ratis.OzoneManagerRatisServer (OzoneManagerRatisServer.java:<init>(167)) - Instantiating OM Ratis server with groupID: om-service-test1 and peers: localhost:15009, localhost:15017, localhost:15013
2025-04-24 14:03:55,022 [main] INFO  ratis.OzoneManagerStateMachine (OzoneManagerStateMachine.java:loadSnapshotInfoFromDB(611)) - LastAppliedIndex is set from TransactionInfo from OM DB as (t:8, i:101)
2025-04-24 14:03:55,022 [main] INFO  server.RaftServer (ConfUtils.java:logGet(46)) - raft.rpc.type = GRPC (default)
2025-04-24 14:03:55,022 [main] INFO  grpc.GrpcConfigKeys (ConfUtils.java:logFallback(53)) - raft.grpc.admin.host = null (fallback to raft.grpc.server.host)
2025-04-24 14:03:55,023 [main] INFO  grpc.GrpcConfigKeys (ConfUtils.java:logFallback(53)) - raft.grpc.admin.port = 15009 (fallback to raft.grpc.server.port)
2025-04-24 14:03:55,023 [main] INFO  grpc.GrpcConfigKeys (ConfUtils.java:logFallback(53)) - raft.grpc.client.host = null (fallback to raft.grpc.server.host)
2025-04-24 14:03:55,023 [main] INFO  grpc.GrpcConfigKeys (ConfUtils.java:logFallback(53)) - raft.grpc.client.port = 15009 (fallback to raft.grpc.server.port)
2025-04-24 14:03:55,023 [main] INFO  grpc.GrpcConfigKeys (ConfUtils.java:logGet(46)) - raft.grpc.server.host = null (default)
2025-04-24 14:03:55,023 [main] INFO  grpc.GrpcConfigKeys (ConfUtils.java:logGet(46)) - raft.grpc.server.port = 15009 (custom)
2025-04-24 14:03:55,023 [main] INFO  server.GrpcService (ConfUtils.java:logGet(46)) - raft.grpc.message.size.max = 5242880 (custom)
2025-04-24 14:03:55,023 [main] INFO  server.GrpcService (ConfUtils.java:logGet(46)) - raft.grpc.flow.control.window = 1MB (=1048576) (default)
2025-04-24 14:03:55,023 [main] INFO  server.RaftServerConfigKeys (ConfUtils.java:logGet(46)) - raft.server.rpc.request.timeout = 3000ms (default)
2025-04-24 14:03:55,023 [main] INFO  grpc.GrpcConfigKeys (ConfUtils.java:logGet(46)) - raft.grpc.server.heartbeat.channel = true (default)
2025-04-24 14:03:55,023 [main] INFO  server.RaftServerConfigKeys (ConfUtils.java:logGet(46)) - raft.server.log.appender.buffer.byte-limit = 4194304 (custom)
2025-04-24 14:03:55,023 [main] INFO  grpc.GrpcConfigKeys (ConfUtils.java:logGet(46)) - raft.grpc.server.async.request.thread.pool.cached = true (default)
2025-04-24 14:03:55,024 [main] INFO  grpc.GrpcConfigKeys (ConfUtils.java:logGet(46)) - raft.grpc.server.async.request.thread.pool.size = 32 (default)
2025-04-24 14:03:55,024 [main] INFO  impl.DataStreamServerImpl (ConfUtils.java:logGet(46)) - raft.datastream.type = DISABLED (default)
2025-04-24 14:03:55,025 [main] INFO  server.RaftServerConfigKeys (ConfUtils.java:logGet(46)) - raft.server.sleep.deviation.threshold = 300ms (default)
2025-04-24 14:03:55,025 [main] INFO  server.RaftServerConfigKeys (ConfUtils.java:logGet(46)) - raft.server.close.threshold = 60s (default)
2025-04-24 14:03:55,025 [main] INFO  server.RaftServerConfigKeys (ConfUtils.java:logGet(46)) - raft.server.leaderelection.leader.step-down.wait-time = 10s (default)
2025-04-24 14:03:55,025 [main] INFO  server.RaftServerConfigKeys (ConfUtils.java:logGet(46)) - raft.server.storage.dir = [/home/runner/work/ozone/ozone/hadoop-ozone/integration-test/target/test-dir/MiniOzoneClusterImpl-4e6105ad-12bc-4f18-9d37-351d73277e17/omNode-1/ratis] (custom)
2025-04-24 14:03:55,025 [main] INFO  server.RaftServerConfigKeys (ConfUtils.java:logGet(46)) - raft.server.threadpool.proxy.cached = true (default)
2025-04-24 14:03:55,025 [main] INFO  server.RaftServerConfigKeys (ConfUtils.java:logGet(46)) - raft.server.threadpool.proxy.size = 0 (default)
2025-04-24 14:03:55,025 [omNode-1-impl-thread1] INFO  server.RaftServer (RaftServerProxy.java:initGroupDir(265)) - omNode-1: found a subdirectory /home/runner/work/ozone/ozone/hadoop-ozone/integration-test/target/test-dir/MiniOzoneClusterImpl-4e6105ad-12bc-4f18-9d37-351d73277e17/omNode-1/ratis/c9bc4cf4-3bc3-3c60-a66b-523986131536
2025-04-24 14:03:55,026 [main] INFO  server.RaftServer (RaftServerProxy.java:addNew(100)) - omNode-1: addNew group-523986131536:[omNode-3|localhost:15017, omNode-1|localhost:15009, omNode-2|localhost:15013] returns group-523986131536:java.util.concurrent.CompletableFuture@35058f3b[Not completed]
2025-04-24 14:03:55,026 [main] INFO  om.OzoneManager (OzoneManager.java:initializeRatisServer(2303)) - OzoneManager Ratis server initialized at port 15009
2025-04-24 14:03:55,026 [main] INFO  ratis.OzoneManagerRatisServer (OzoneManagerRatisServer.java:start(628)) - Starting OzoneManagerRatisServer omNode-1 at port 15009
2025-04-24 14:03:55,026 [omNode-1-groupManagement] INFO  server.RaftServer$Division (RaftServerImpl.java:<init>(255)) - omNode-1: new RaftServerImpl for group-523986131536:[omNode-3|localhost:15017, omNode-1|localhost:15009, omNode-2|localhost:15013] with OzoneManagerStateMachine:uninitialized
2025-04-24 14:03:55,026 [omNode-1-groupManagement] INFO  server.RaftServerConfigKeys (ConfUtils.java:logGet(46)) - raft.server.rpc.timeout.min = 1s (custom)
2025-04-24 14:03:55,026 [omNode-1-groupManagement] INFO  server.RaftServerConfigKeys (ConfUtils.java:logGet(46)) - raft.server.rpc.timeout.max = 1200ms (custom)
2025-04-24 14:03:55,026 [omNode-1-groupManagement] INFO  server.RaftServerConfigKeys (ConfUtils.java:logGet(46)) - raft.server.rpc.sleep.time = 25ms (default)
2025-04-24 14:03:55,026 [omNode-1-groupManagement] INFO  server.RaftServerConfigKeys (ConfUtils.java:logGet(46)) - raft.server.rpc.slowness.timeout = 2s (custom)
2025-04-24 14:03:55,026 [omNode-1-groupManagement] INFO  server.RaftServerConfigKeys (ConfUtils.java:logGet(46)) - raft.server.leaderelection.leader.step-down.wait-time = 10s (default)
2025-04-24 14:03:55,026 [omNode-1-groupManagement] INFO  server.RaftServerConfigKeys (ConfUtils.java:logGet(46)) - raft.server.leaderelection.member.majority-add = false (default)
2025-04-24 14:03:55,026 [omNode-1-groupManagement] INFO  server.RaftServerConfigKeys (ConfUtils.java:logGet(46)) - raft.server.sleep.deviation.threshold = 300ms (default)
2025-04-24 14:03:55,026 [omNode-1-groupManagement] INFO  server.RaftServer$Division (ServerState.java:<init>(114)) - omNode-1@group-523986131536: ConfigurationManager, init=conf: {index: -1, cur=peers:[omNode-3|localhost:15017, omNode-1|localhost:15009, omNode-2|localhost:15013]|listeners:[], old=null}, confs=<EMPTY_MAP>
2025-04-24 14:03:55,026 [omNode-1-groupManagement] INFO  server.RaftServerConfigKeys (ConfUtils.java:logGet(46)) - raft.server.notification.no-leader.timeout = 2s (custom)
2025-04-24 14:03:55,027 [omNode-1-groupManagement] INFO  server.RaftServerConfigKeys (ConfUtils.java:logGet(46)) - raft.server.read.timeout = 10s (default)
2025-04-24 14:03:55,027 [omNode-1-groupManagement] INFO  server.RaftServerConfigKeys (ConfUtils.java:logGet(46)) - raft.server.retrycache.expirytime = 30000ms (custom)
2025-04-24 14:03:55,027 [omNode-1-groupManagement] INFO  server.RaftServerConfigKeys (ConfUtils.java:logGet(46)) - raft.server.retrycache.statistics.expirytime = 100ms (default)
2025-04-24 14:03:55,027 [omNode-1-groupManagement] INFO  server.RaftServerConfigKeys (ConfUtils.java:logGet(46)) - raft.server.read.option = DEFAULT (default)
2025-04-24 14:03:55,027 [omNode-1-groupManagement] INFO  server.RaftServerConfigKeys (ConfUtils.java:logGet(46)) - raft.server.read.read-after-write-consistent.write-index-cache.expiry-time = 60s (default)
2025-04-24 14:03:55,028 [omNode-1-groupManagement] INFO  server.RaftServerConfigKeys (ConfUtils.java:logGet(46)) - raft.server.rpc.request.timeout = 3000ms (default)
2025-04-24 14:03:55,028 [omNode-1-groupManagement] INFO  server.RaftServerConfigKeys (ConfUtils.java:logGet(46)) - raft.server.log.appender.install.snapshot.enabled = false (custom)
2025-04-24 14:03:55,028 [omNode-1-groupManagement] INFO  server.RaftServerConfigKeys (ConfUtils.java:logGet(46)) - raft.server.threadpool.server.cached = true (default)
2025-04-24 14:03:55,028 [omNode-1-groupManagement] INFO  server.RaftServerConfigKeys (ConfUtils.java:logGet(46)) - raft.server.threadpool.server.size = 0 (default)
2025-04-24 14:03:55,028 [omNode-1-groupManagement] INFO  server.RaftServerConfigKeys (ConfUtils.java:logGet(46)) - raft.server.threadpool.client.cached = true (default)
2025-04-24 14:03:55,028 [omNode-1-groupManagement] INFO  server.RaftServerConfigKeys (ConfUtils.java:logGet(46)) - raft.server.threadpool.client.size = 0 (default)
2025-04-24 14:03:55,028 [omNode-1-impl-thread1] INFO  server.RaftServerConfigKeys (ConfUtils.java:logGet(46)) - raft.server.storage.free-space.min = 0MB (=0) (default)
2025-04-24 14:03:55,029 [omNode-1-impl-thread1] INFO  server.RaftServerConfigKeys (ConfUtils.java:logGet(46)) - raft.server.log.corruption.policy = EXCEPTION (default)
2025-04-24 14:03:55,029 [omNode-1-impl-thread1] INFO  server.RaftServerConfigKeys (ConfUtils.java:logGet(46)) - raft.server.storage.dir = [/home/runner/work/ozone/ozone/hadoop-ozone/integration-test/target/test-dir/MiniOzoneClusterImpl-4e6105ad-12bc-4f18-9d37-351d73277e17/omNode-1/ratis] (custom)
2025-04-24 14:03:55,029 [omNode-1-impl-thread1] INFO  storage.RaftStorageDirectory (RaftStorageDirectoryImpl.java:tryLock(229)) - Lock on /home/runner/work/ozone/ozone/hadoop-ozone/integration-test/target/test-dir/MiniOzoneClusterImpl-4e6105ad-12bc-4f18-9d37-351d73277e17/omNode-1/ratis/c9bc4cf4-3bc3-3c60-a66b-523986131536/in_use.lock acquired by nodename 129728@fv-az2210-761
2025-04-24 14:03:55,030 [omNode-1-impl-thread1] INFO  storage.RaftStorage (RaftStorageImpl.java:analyzeAndRecoverStorage(118)) - Read RaftStorageMetadata{term=10, votedFor=omNode-3} from /home/runner/work/ozone/ozone/hadoop-ozone/integration-test/target/test-dir/MiniOzoneClusterImpl-4e6105ad-12bc-4f18-9d37-351d73277e17/omNode-1/ratis/c9bc4cf4-3bc3-3c60-a66b-523986131536/current/raft-meta
2025-04-24 14:03:55,031 [omNode-1-impl-thread1] INFO  server.RaftServer$Division (ServerState.java:setRaftConf(386)) - omNode-1@group-523986131536: set configuration conf: {index: 104, cur=peers:[omNode-3|localhost:15017, omNode-1|localhost:15009, omNode-2|localhost:15013]|listeners:[], old=null}
2025-04-24 14:03:55,031 [omNode-1-impl-thread1] INFO  ratis.OzoneManagerStateMachine (OzoneManagerStateMachine.java:lambda$0(138)) - omNode-1: initialize group-523986131536 with (t:8, i:101)
2025-04-24 14:03:55,031 [omNode-1-impl-thread1] INFO  server.RaftServerConfigKeys (ConfUtils.java:logGet(46)) - raft.server.log.use.memory = false (default)
2025-04-24 14:03:55,031 [omNode-1-impl-thread1] INFO  server.RaftServerConfigKeys (ConfUtils.java:logGet(46)) - raft.server.log.purge.gap = 50 (custom)
2025-04-24 14:03:55,031 [omNode-1-impl-thread1] INFO  server.RaftServerConfigKeys (ConfUtils.java:logGet(46)) - raft.server.log.appender.buffer.byte-limit = 4194304 (custom)
2025-04-24 14:03:55,031 [omNode-1-impl-thread1] INFO  server.RaftServerConfigKeys (ConfUtils.java:logGet(46)) - raft.server.log.statemachine.data.read.timeout = 1000ms (default)
2025-04-24 14:03:55,031 [omNode-1-impl-thread1] INFO  server.RaftServerConfigKeys (ConfUtils.java:logGet(46)) - raft.server.log.purge.preservation.log.num = 0 (default)
2025-04-24 14:03:55,032 [omNode-1-impl-thread1] INFO  server.RaftServerConfigKeys (ConfUtils.java:logGet(46)) - raft.server.log.segment.size.max = 4194304 (custom)
2025-04-24 14:03:55,032 [omNode-1-impl-thread1] INFO  server.RaftServerConfigKeys (ConfUtils.java:logGet(46)) - raft.server.log.segment.cache.num.max = 2 (custom)
2025-04-24 14:03:55,032 [omNode-1-impl-thread1] INFO  server.RaftServerConfigKeys (ConfUtils.java:logGet(46)) - raft.server.log.segment.cache.size.max = 200MB (=209715200) (default)
2025-04-24 14:03:55,033 [omNode-1-impl-thread1] INFO  server.RaftServerConfigKeys (ConfUtils.java:logGet(46)) - raft.server.log.appender.buffer.byte-limit = 4194304 (custom)
2025-04-24 14:03:55,033 [omNode-1-impl-thread1] INFO  util.AwaitToRun (AwaitToRun.java:start(81)) - Thread[#4660,omNode-1@group-523986131536-cacheEviction-AwaitToRun,5,main] started
2025-04-24 14:03:55,033 [omNode-1-impl-thread1] INFO  segmented.SegmentedRaftLogWorker (SegmentedRaftLogWorker.java:<init>(188)) - new omNode-1@group-523986131536-SegmentedRaftLogWorker for RaftStorageImpl:Storage Directory /home/runner/work/ozone/ozone/hadoop-ozone/integration-test/target/test-dir/MiniOzoneClusterImpl-4e6105ad-12bc-4f18-9d37-351d73277e17/omNode-1/ratis/c9bc4cf4-3bc3-3c60-a66b-523986131536
2025-04-24 14:03:55,033 [omNode-1-impl-thread1] INFO  server.RaftServerConfigKeys (ConfUtils.java:logGet(46)) - raft.server.log.queue.byte-limit = 64MB (=67108864) (default)
2025-04-24 14:03:55,033 [omNode-1-impl-thread1] INFO  server.RaftServerConfigKeys (ConfUtils.java:logGet(46)) - raft.server.log.queue.element-limit = 4096 (default)
2025-04-24 14:03:55,033 [omNode-1-impl-thread1] INFO  server.RaftServerConfigKeys (ConfUtils.java:logGet(46)) - raft.server.log.segment.size.max = 4194304 (custom)
2025-04-24 14:03:55,033 [omNode-1-impl-thread1] INFO  server.RaftServerConfigKeys (ConfUtils.java:logGet(46)) - raft.server.log.preallocated.size = 4194304 (custom)
2025-04-24 14:03:55,033 [omNode-1-impl-thread1] INFO  server.RaftServerConfigKeys (ConfUtils.java:logGet(46)) - raft.server.log.force.sync.num = 128 (default)
2025-04-24 14:03:55,033 [omNode-1-impl-thread1] INFO  server.RaftServerConfigKeys (ConfUtils.java:logGet(46)) - raft.server.log.statemachine.data.sync = true (default)
2025-04-24 14:03:55,033 [omNode-1-impl-thread1] INFO  server.RaftServerConfigKeys (ConfUtils.java:logGet(46)) - raft.server.log.statemachine.data.sync.timeout = 10s (default)
2025-04-24 14:03:55,033 [omNode-1-impl-thread1] INFO  server.RaftServerConfigKeys (ConfUtils.java:logGet(46)) - raft.server.log.statemachine.data.sync.timeout.retry = -1 (default)
2025-04-24 14:03:55,033 [omNode-1-impl-thread1] INFO  server.RaftServerConfigKeys (ConfUtils.java:logGet(46)) - raft.server.log.write.buffer.size = 4194312 (custom)
2025-04-24 14:03:55,034 [omNode-1-impl-thread1] INFO  server.RaftServerConfigKeys (ConfUtils.java:logGet(46)) - raft.server.log.appender.buffer.byte-limit = 4194304 (custom)
2025-04-24 14:03:55,034 [omNode-1-impl-thread1] INFO  server.RaftServerConfigKeys (ConfUtils.java:logGet(46)) - raft.server.log.unsafe-flush.enabled = false (default)
2025-04-24 14:03:55,034 [omNode-1-impl-thread1] INFO  server.RaftServerConfigKeys (ConfUtils.java:logGet(46)) - raft.server.log.async-flush.enabled = false (default)
2025-04-24 14:03:55,034 [omNode-1-impl-thread1] INFO  server.RaftServerConfigKeys (ConfUtils.java:logGet(46)) - raft.server.log.statemachine.data.caching.enabled = false (default)
2025-04-24 14:03:55,034 [omNode-1-impl-thread1] INFO  server.RaftServer$Division (ServerState.java:setRaftConf(386)) - omNode-1@group-523986131536: set configuration conf: {index: 76, cur=peers:[omNode-3|localhost:15017, omNode-1|localhost:15009, omNode-2|localhost:15013]|listeners:[], old=null}
2025-04-24 14:03:55,035 [omNode-1-impl-thread1] INFO  segmented.LogSegment (LogSegment.java:loadSegment(171)) - Successfully read 26 entries from segment file /home/runner/work/ozone/ozone/hadoop-ozone/integration-test/target/test-dir/MiniOzoneClusterImpl-4e6105ad-12bc-4f18-9d37-351d73277e17/omNode-1/ratis/c9bc4cf4-3bc3-3c60-a66b-523986131536/current/log_76-101
2025-04-24 14:03:55,035 [omNode-1-impl-thread1] INFO  server.RaftServer$Division (ServerState.java:setRaftConf(386)) - omNode-1@group-523986131536: set configuration conf: {index: 102, cur=peers:[omNode-3|localhost:15017, omNode-1|localhost:15009, omNode-2|localhost:15013]|listeners:[], old=null}
2025-04-24 14:03:55,035 [omNode-1-impl-thread1] INFO  segmented.LogSegment (LogSegment.java:loadSegment(171)) - Successfully read 2 entries from segment file /home/runner/work/ozone/ozone/hadoop-ozone/integration-test/target/test-dir/MiniOzoneClusterImpl-4e6105ad-12bc-4f18-9d37-351d73277e17/omNode-1/ratis/c9bc4cf4-3bc3-3c60-a66b-523986131536/current/log_102-103
2025-04-24 14:03:55,035 [omNode-1-impl-thread1] INFO  server.RaftServer$Division (ServerState.java:setRaftConf(386)) - omNode-1@group-523986131536: set configuration conf: {index: 104, cur=peers:[omNode-3|localhost:15017, omNode-1|localhost:15009, omNode-2|localhost:15013]|listeners:[], old=null}
2025-04-24 14:03:55,036 [omNode-1-impl-thread1] INFO  segmented.LogSegment (LogSegment.java:loadSegment(171)) - Successfully read 2 entries from segment file /home/runner/work/ozone/ozone/hadoop-ozone/integration-test/target/test-dir/MiniOzoneClusterImpl-4e6105ad-12bc-4f18-9d37-351d73277e17/omNode-1/ratis/c9bc4cf4-3bc3-3c60-a66b-523986131536/current/log_inprogress_104
2025-04-24 14:03:55,036 [omNode-1-impl-thread1] INFO  segmented.SegmentedRaftLogWorker (SegmentedRaftLogWorker.java:lambda$new$0(139)) - omNode-1@group-523986131536-SegmentedRaftLogWorker: flushIndex: setUnconditionally 0 -> 105
2025-04-24 14:03:55,036 [omNode-1-impl-thread1] INFO  segmented.SegmentedRaftLogWorker (SegmentedRaftLogWorker.java:lambda$new$0(139)) - omNode-1@group-523986131536-SegmentedRaftLogWorker: safeCacheEvictIndex: setUnconditionally 0 -> 101
2025-04-24 14:03:55,036 [omNode-1-impl-thread1] INFO  segmented.BufferedWriteChannel (BufferedWriteChannel.java:open(61)) - open log_inprogress_104 (append) at position 125
2025-04-24 14:03:55,036 [omNode-1-impl-thread1] INFO  raftlog.RaftLog (RaftLogBase.java:lambda$new$0(54)) - omNode-1@group-523986131536-SegmentedRaftLog: commitIndex: updateToMax old=101, new=104, updated? true
2025-04-24 14:03:55,036 [omNode-1-impl-thread1] INFO  raftlog.RaftLog (RaftLogBase.java:lambda$new$0(54)) - omNode-1@group-523986131536-SegmentedRaftLog: purgeIndex: updateToMax old=-1, new=75, updated? true
2025-04-24 14:03:55,036 [omNode-1-impl-thread1] INFO  server.RaftServer$Division (RaftServerImpl.java:start(391)) - omNode-1@group-523986131536: start as a follower, conf=conf: {index: 104, cur=peers:[omNode-3|localhost:15017, omNode-1|localhost:15009, omNode-2|localhost:15013]|listeners:[], old=null}
2025-04-24 14:03:55,036 [omNode-1-impl-thread1] INFO  server.RaftServer$Division (RaftServerImpl.java:setRole(378)) - omNode-1@group-523986131536: changes role from      null to FOLLOWER at term 10 for startAsFollower
2025-04-24 14:03:55,036 [omNode-1-impl-thread1] INFO  impl.RoleInfo (RoleInfo.java:updateAndGet(148)) - omNode-1: start omNode-1@group-523986131536-FollowerState
2025-04-24 14:03:55,036 [omNode-1-impl-thread1] INFO  util.JmxRegister (JmxRegister.java:tryRegister(44)) - Successfully registered JMX Bean with object name Ratis:service=RaftServer,group=group-523986131536,id=omNode-1
2025-04-24 14:03:55,036 [omNode-1-impl-thread1] INFO  util.JmxRegister (JmxRegister.java:register(58)) - register mxBean class org.apache.ratis.server.impl.RaftServerJmxAdapter as Ratis:service=RaftServer,group=group-523986131536,id=omNode-1
2025-04-24 14:03:55,037 [omNode-1-impl-thread1] INFO  server.RaftServerConfigKeys (ConfUtils.java:logGet(46)) - raft.server.snapshot.trigger-when-stop.enabled = true (default)
2025-04-24 14:03:55,037 [omNode-1-impl-thread1] INFO  server.RaftServerConfigKeys (ConfUtils.java:logGet(46)) - raft.server.snapshot.trigger-when-remove.enabled = true (default)
2025-04-24 14:03:55,036 [omNode-1@group-523986131536-FollowerState] INFO  server.RaftServerConfigKeys (ConfUtils.java:logFallback(53)) - raft.server.rpc.first-election.timeout.min = 1s (fallback to raft.server.rpc.timeout.min)
2025-04-24 14:03:55,037 [omNode-1@group-523986131536-FollowerState] INFO  server.RaftServerConfigKeys (ConfUtils.java:logFallback(53)) - raft.server.rpc.first-election.timeout.max = 1200ms (fallback to raft.server.rpc.timeout.max)
2025-04-24 14:03:55,037 [omNode-1-impl-thread1] INFO  server.RaftServerConfigKeys (ConfUtils.java:logGet(46)) - raft.server.snapshot.auto.trigger.enabled = true (custom)
2025-04-24 14:03:55,037 [omNode-1-impl-thread1] INFO  server.RaftServerConfigKeys (ConfUtils.java:logGet(46)) - raft.server.snapshot.auto.trigger.threshold = 50 (custom)
2025-04-24 14:03:55,037 [omNode-1-impl-thread1] INFO  server.RaftServerConfigKeys (ConfUtils.java:logGet(46)) - raft.server.snapshot.retention.file.num = -1 (default)
2025-04-24 14:03:55,037 [omNode-1-impl-thread1] INFO  server.RaftServerConfigKeys (ConfUtils.java:logGet(46)) - raft.server.log.purge.upto.snapshot.index = true (custom)
2025-04-24 14:03:55,037 [omNode-1-impl-thread1] INFO  server.RaftServer$Division (RaftServerImpl.java:start(405)) - omNode-1@group-523986131536: Successfully started.
2025-04-24 14:03:55,037 [main] INFO  server.RaftServer (RaftServerProxy.java:startImpl(407)) - omNode-1: start RPC server
2025-04-24 14:03:55,038 [main] INFO  server.GrpcService (GrpcService.java:startImpl(334)) - omNode-1: GrpcService started, listening on 15009
2025-04-24 14:03:55,038 [main] INFO  om.OzoneManager (OzoneManager.java:getRpcServer(1360)) - Creating RPC Server
2025-04-24 14:03:55,039 [omNode-1@group-523986131536-StateMachineUpdater] INFO  ratis.OzoneManagerStateMachine (OzoneManagerStateMachine.java:notifyConfigurationChanged(231)) - notifyConfigurationChanged from Ratis: term=9, index=102, New Peer list: omNode-3(localhost:15017), omNode-1(localhost:15009), omNode-2(localhost:15013)
2025-04-24 14:03:55,038 [JvmPauseMonitor27] INFO  util.JvmPauseMonitor (JvmPauseMonitor.java:run(146)) - JvmPauseMonitor-omNode-1: Started
2025-04-24 14:03:55,042 [omNode-1@group-523986131536-StateMachineUpdater] INFO  ratis.OzoneManagerStateMachine (OzoneManagerStateMachine.java:notifyConfigurationChanged(231)) - notifyConfigurationChanged from Ratis: term=10, index=104, New Peer list: omNode-3(localhost:15017), omNode-1(localhost:15009), omNode-2(localhost:15013)
2025-04-24 14:03:55,363 [main] INFO  reflections.Reflections (Reflections.java:scan(219)) - Reflections took 324 ms to scan 22 urls, producing 61 keys and 7423 values
2025-04-24 14:03:55,364 [main] INFO  ipc.CallQueueManager (CallQueueManager.java:<init>(93)) - Using callQueue: class java.util.concurrent.LinkedBlockingQueue, queueCapacity: 2000, scheduler: class org.apache.hadoop.ipc.DefaultRpcScheduler, ipcBackoff: false, ipcFailOver: false.
2025-04-24 14:03:55,365 [main] INFO  ipc.Server (Server.java:<init>(1438)) - Listener at localhost:15006
2025-04-24 14:03:55,365 [Socket Reader #1 for port 15006] INFO  ipc.Server (Server.java:run(1474)) - Starting Socket Reader #1 for port 15006
2025-04-24 14:03:55,365 [Socket Reader #2 for port 15006] INFO  ipc.Server (Server.java:run(1474)) - Starting Socket Reader #2 for port 15006
2025-04-24 14:03:55,365 [Socket Reader #3 for port 15006] INFO  ipc.Server (Server.java:run(1474)) - Starting Socket Reader #3 for port 15006
2025-04-24 14:03:55,366 [Socket Reader #4 for port 15006] INFO  ipc.Server (Server.java:run(1474)) - Starting Socket Reader #4 for port 15006
2025-04-24 14:03:55,366 [Socket Reader #5 for port 15006] INFO  ipc.Server (Server.java:run(1474)) - Starting Socket Reader #5 for port 15006
2025-04-24 14:03:55,366 [Socket Reader #6 for port 15006] INFO  ipc.Server (Server.java:run(1474)) - Starting Socket Reader #6 for port 15006
2025-04-24 14:03:55,366 [Socket Reader #7 for port 15006] INFO  ipc.Server (Server.java:run(1474)) - Starting Socket Reader #7 for port 15006
2025-04-24 14:03:55,366 [Socket Reader #8 for port 15006] INFO  ipc.Server (Server.java:run(1474)) - Starting Socket Reader #8 for port 15006
2025-04-24 14:03:55,366 [Socket Reader #9 for port 15006] INFO  ipc.Server (Server.java:run(1474)) - Starting Socket Reader #9 for port 15006
2025-04-24 14:03:55,366 [Socket Reader #10 for port 15006] INFO  ipc.Server (Server.java:run(1474)) - Starting Socket Reader #10 for port 15006
2025-04-24 14:03:55,368 [main] INFO  http.BaseHttpServer (BaseHttpServer.java:newHttpServer2BuilderForOzone(229)) - Starting Web-server for ozoneManager at: http://0.0.0.0:15007
2025-04-24 14:03:55,368 [main] INFO  http.BaseHttpServer (BaseHttpServer.java:<init>(107)) - Hadoop Security Enabled: false Ozone Security Enabled: false Ozone HTTP Security Enabled: false 
2025-04-24 14:03:55,369 [main] WARN  server.AuthenticationFilter (AuthenticationFilter.java:constructSecretProvider(240)) - Unable to initialize FileSignerSecretProvider, falling back to use random secrets. Reason: Could not read signature secret file: /home/runner/hadoop-http-auth-signature-secret
2025-04-24 14:03:55,371 [main] INFO  http.HttpServer2 (HttpServer2.java:addGlobalFilter(1041)) - Added global filter 'safety' (class=org.apache.hadoop.hdds.server.http.HttpServer2$QuotingInputFilter)
2025-04-24 14:03:55,371 [main] INFO  http.HttpServer2 (HttpServer2.java:addFilter(1017)) - Added filter static_user_filter (class=org.apache.hadoop.http.lib.StaticUserWebFilter$StaticUserFilter) to context ozoneManager
2025-04-24 14:03:55,372 [main] INFO  http.HttpServer2 (HttpServer2.java:addFilter(1025)) - Added filter static_user_filter (class=org.apache.hadoop.http.lib.StaticUserWebFilter$StaticUserFilter) to context logs
2025-04-24 14:03:55,372 [main] INFO  http.HttpServer2 (HttpServer2.java:addFilter(1025)) - Added filter static_user_filter (class=org.apache.hadoop.http.lib.StaticUserWebFilter$StaticUserFilter) to context static
2025-04-24 14:03:55,372 [main] INFO  http.BaseHttpServer (BaseHttpServer.java:<init>(195)) - HTTP server of ozoneManager uses base directory /home/runner/work/ozone/ozone/hadoop-ozone/integration-test/target/test-dir/MiniOzoneClusterImpl-4e6105ad-12bc-4f18-9d37-351d73277e17/omNode-1/webserver
2025-04-24 14:03:55,372 [main] INFO  http.HttpServer2 (HttpServer2.java:bindListener(1241)) - Jetty bound to port 15007
2025-04-24 14:03:55,372 [main] INFO  server.Server (Server.java:doStart(375)) - jetty-9.4.57.v20241219; built: 2025-01-08T21:24:30.412Z; git: df524e6b29271c2e09ba9aea83c18dc9db464a31; jvm 21.0.7+6-LTS
2025-04-24 14:03:55,374 [main] INFO  server.session (DefaultSessionIdManager.java:doStart(334)) - DefaultSessionIdManager workerName=node0
2025-04-24 14:03:55,374 [main] INFO  server.session (DefaultSessionIdManager.java:doStart(339)) - No SessionScavenger set, using defaults
2025-04-24 14:03:55,374 [main] INFO  server.session (HouseKeeper.java:startScavenging(132)) - node0 Scavenging every 660000ms
2025-04-24 14:03:55,375 [main] INFO  handler.ContextHandler (ContextHandler.java:doStart(921)) - Started o.e.j.s.ServletContextHandler@1e7cc5cd{logs,/logs,file:///home/runner/work/ozone/ozone/hadoop-ozone/integration-test/target/log,AVAILABLE}
2025-04-24 14:03:55,375 [main] INFO  handler.ContextHandler (ContextHandler.java:doStart(921)) - Started o.e.j.s.ServletContextHandler@19761b3f{static,/static,file:///home/runner/work/ozone/ozone/hadoop-ozone/integration-test/target/test-classes/webapps/static,AVAILABLE}
2025-04-24 14:03:55,380 [main] INFO  handler.ContextHandler (ContextHandler.java:doStart(921)) - Started o.e.j.w.WebAppContext@56ae4f1f{ozoneManager,/,file:///home/runner/work/ozone/ozone/hadoop-ozone/integration-test/target/test-classes/webapps/ozoneManager/,AVAILABLE}{file:/home/runner/work/ozone/ozone/hadoop-ozone/integration-test/target/test-classes/webapps/ozoneManager}
2025-04-24 14:03:55,380 [main] INFO  server.AbstractConnector (AbstractConnector.java:doStart(333)) - Started ServerConnector@14ef7ec5{HTTP/1.1, (http/1.1)}{0.0.0.0:15007}
2025-04-24 14:03:55,380 [main] INFO  server.Server (Server.java:doStart(415)) - Started @116712ms
2025-04-24 14:03:55,381 [main] WARN  impl.MetricsSystemImpl (MetricsSystemImpl.java:register(279)) - Sink prometheus already exists!
2025-04-24 14:03:55,381 [main] INFO  http.BaseHttpServer (BaseHttpServer.java:updateConnectorAddress(360)) - HTTP server of ozoneManager listening at http://0.0.0.0:15007
2025-04-24 14:03:55,381 [IPC Server Responder] INFO  ipc.Server (Server.java:run(1713)) - IPC Server Responder: starting
2025-04-24 14:03:55,381 [IPC Server listener on 15006] INFO  ipc.Server (Server.java:run(1553)) - IPC Server listener on 15006: starting
2025-04-24 14:03:55,384 [main] INFO  om.OzoneManager (OzoneManager.java:startTrashEmptier(2257)) - Trash Interval set to 0. Files deleted won't move to trash
2025-04-24 14:03:55,384 [main] INFO  om.OzoneManager (OzoneManager.java:restart(1878)) - OzoneManager RPC server is listening at localhost/127.0.0.1:15010
2025-04-24 14:03:55,384 [main] INFO  impl.MetricsSystemImpl (MetricsSystemImpl.java:init(158)) - OzoneManager metrics system started (again)
2025-04-24 14:03:55,400 [main] WARN  server.ServerUtils (ServerUtils.java:getDBPath(297)) - ozone.om.db.dirs is not configured. We recommend adding this setting. Falling back to ozone.metadata.dirs instead.
2025-04-24 14:03:55,444 [main] INFO  om.OzoneManager (OzoneManager.java:instantiateServices(933)) - S3 Multi-Tenancy is disabled
2025-04-24 14:03:55,444 [main] INFO  om.OmSnapshotManager (OmSnapshotManager.java:<init>(180)) - Ozone filesystem snapshot feature is enabled.
2025-04-24 14:03:55,444 [main] WARN  server.ServerUtils (ServerUtils.java:getDBPath(297)) - ozone.om.snapshot.diff.db.dir is not configured. We recommend adding this setting. Falling back to ozone.metadata.dirs instead.
2025-04-24 14:03:55,458 [main] WARN  dropwizard3.Dm3MetricRegistriesImpl (Dm3MetricRegistriesImpl.java:addReporterRegistration(114)) - New reporters are added after registries were created. Some metrics will be missing from the reporter. Please add reporter before adding any new registry.
2025-04-24 14:03:55,458 [main] WARN  dropwizard3.Dm3MetricRegistriesImpl (Dm3MetricRegistriesImpl.java:addReporterRegistration(114)) - New reporters are added after registries were created. Some metrics will be missing from the reporter. Please add reporter before adding any new registry.
2025-04-24 14:03:55,458 [main] WARN  server.ServerUtils (ServerUtils.java:getDefaultRatisDirectory(309)) - Storage directory for Ratis is not configured. It is a good idea to map this to an SSD disk. Falling back to ozone.metadata.dirs
2025-04-24 14:03:55,459 [main] INFO  server.RaftServerConfigKeys (ConfUtils.java:logGet(46)) - raft.server.log.appender.buffer.byte-limit = 4194304 (custom)
2025-04-24 14:03:55,460 [main] INFO  ratis.OzoneManagerRatisServer (OzoneManagerRatisServer.java:<init>(167)) - Instantiating OM Ratis server with groupID: om-service-test1 and peers: localhost:15013, localhost:15017, localhost:15009
2025-04-24 14:03:55,460 [main] INFO  ratis.OzoneManagerStateMachine (OzoneManagerStateMachine.java:loadSnapshotInfoFromDB(611)) - LastAppliedIndex is set from TransactionInfo from OM DB as (t:10, i:105)
2025-04-24 14:03:55,460 [main] INFO  server.RaftServer (ConfUtils.java:logGet(46)) - raft.rpc.type = GRPC (default)
2025-04-24 14:03:55,461 [main] INFO  grpc.GrpcConfigKeys (ConfUtils.java:logFallback(53)) - raft.grpc.admin.host = null (fallback to raft.grpc.server.host)
2025-04-24 14:03:55,461 [main] INFO  grpc.GrpcConfigKeys (ConfUtils.java:logFallback(53)) - raft.grpc.admin.port = 15013 (fallback to raft.grpc.server.port)
2025-04-24 14:03:55,461 [main] INFO  grpc.GrpcConfigKeys (ConfUtils.java:logFallback(53)) - raft.grpc.client.host = null (fallback to raft.grpc.server.host)
2025-04-24 14:03:55,461 [main] INFO  grpc.GrpcConfigKeys (ConfUtils.java:logFallback(53)) - raft.grpc.client.port = 15013 (fallback to raft.grpc.server.port)
2025-04-24 14:03:55,461 [main] INFO  grpc.GrpcConfigKeys (ConfUtils.java:logGet(46)) - raft.grpc.server.host = null (default)
2025-04-24 14:03:55,461 [main] INFO  grpc.GrpcConfigKeys (ConfUtils.java:logGet(46)) - raft.grpc.server.port = 15013 (custom)
2025-04-24 14:03:55,461 [main] INFO  server.GrpcService (ConfUtils.java:logGet(46)) - raft.grpc.message.size.max = 5242880 (custom)
2025-04-24 14:03:55,461 [main] INFO  server.GrpcService (ConfUtils.java:logGet(46)) - raft.grpc.flow.control.window = 1MB (=1048576) (default)
2025-04-24 14:03:55,461 [main] INFO  server.RaftServerConfigKeys (ConfUtils.java:logGet(46)) - raft.server.rpc.request.timeout = 3000ms (default)
2025-04-24 14:03:55,462 [main] INFO  grpc.GrpcConfigKeys (ConfUtils.java:logGet(46)) - raft.grpc.server.heartbeat.channel = true (default)
2025-04-24 14:03:55,462 [main] INFO  server.RaftServerConfigKeys (ConfUtils.java:logGet(46)) - raft.server.log.appender.buffer.byte-limit = 4194304 (custom)
2025-04-24 14:03:55,462 [main] INFO  grpc.GrpcConfigKeys (ConfUtils.java:logGet(46)) - raft.grpc.server.async.request.thread.pool.cached = true (default)
2025-04-24 14:03:55,462 [main] INFO  grpc.GrpcConfigKeys (ConfUtils.java:logGet(46)) - raft.grpc.server.async.request.thread.pool.size = 32 (default)
2025-04-24 14:03:55,463 [main] INFO  impl.DataStreamServerImpl (ConfUtils.java:logGet(46)) - raft.datastream.type = DISABLED (default)
2025-04-24 14:03:55,463 [main] INFO  server.RaftServerConfigKeys (ConfUtils.java:logGet(46)) - raft.server.sleep.deviation.threshold = 300ms (default)
2025-04-24 14:03:55,463 [main] INFO  server.RaftServerConfigKeys (ConfUtils.java:logGet(46)) - raft.server.close.threshold = 60s (default)
2025-04-24 14:03:55,463 [main] INFO  server.RaftServerConfigKeys (ConfUtils.java:logGet(46)) - raft.server.leaderelection.leader.step-down.wait-time = 10s (default)
2025-04-24 14:03:55,463 [main] INFO  server.RaftServerConfigKeys (ConfUtils.java:logGet(46)) - raft.server.storage.dir = [/home/runner/work/ozone/ozone/hadoop-ozone/integration-test/target/test-dir/MiniOzoneClusterImpl-4e6105ad-12bc-4f18-9d37-351d73277e17/omNode-2/ratis] (custom)
2025-04-24 14:03:55,463 [main] INFO  server.RaftServerConfigKeys (ConfUtils.java:logGet(46)) - raft.server.threadpool.proxy.cached = true (default)
2025-04-24 14:03:55,463 [main] INFO  server.RaftServerConfigKeys (ConfUtils.java:logGet(46)) - raft.server.threadpool.proxy.size = 0 (default)
2025-04-24 14:03:55,463 [omNode-2-impl-thread1] INFO  server.RaftServer (RaftServerProxy.java:initGroupDir(265)) - omNode-2: found a subdirectory /home/runner/work/ozone/ozone/hadoop-ozone/integration-test/target/test-dir/MiniOzoneClusterImpl-4e6105ad-12bc-4f18-9d37-351d73277e17/omNode-2/ratis/c9bc4cf4-3bc3-3c60-a66b-523986131536
2025-04-24 14:03:55,464 [main] INFO  server.RaftServer (RaftServerProxy.java:addNew(100)) - omNode-2: addNew group-523986131536:[omNode-3|localhost:15017, omNode-1|localhost:15009, omNode-2|localhost:15013] returns group-523986131536:java.util.concurrent.CompletableFuture@196b5f2d[Not completed]
2025-04-24 14:03:55,464 [main] INFO  om.OzoneManager (OzoneManager.java:initializeRatisServer(2303)) - OzoneManager Ratis server initialized at port 15013
2025-04-24 14:03:55,464 [omNode-2-groupManagement] INFO  server.RaftServer$Division (RaftServerImpl.java:<init>(255)) - omNode-2: new RaftServerImpl for group-523986131536:[omNode-3|localhost:15017, omNode-1|localhost:15009, omNode-2|localhost:15013] with OzoneManagerStateMachine:uninitialized
2025-04-24 14:03:55,464 [main] INFO  ratis.OzoneManagerRatisServer (OzoneManagerRatisServer.java:start(628)) - Starting OzoneManagerRatisServer omNode-2 at port 15013
2025-04-24 14:03:55,464 [omNode-2-groupManagement] INFO  server.RaftServerConfigKeys (ConfUtils.java:logGet(46)) - raft.server.rpc.timeout.min = 1s (custom)
2025-04-24 14:03:55,464 [omNode-2-groupManagement] INFO  server.RaftServerConfigKeys (ConfUtils.java:logGet(46)) - raft.server.rpc.timeout.max = 1200ms (custom)
2025-04-24 14:03:55,464 [omNode-2-groupManagement] INFO  server.RaftServerConfigKeys (ConfUtils.java:logGet(46)) - raft.server.rpc.sleep.time = 25ms (default)
2025-04-24 14:03:55,464 [omNode-2-groupManagement] INFO  server.RaftServerConfigKeys (ConfUtils.java:logGet(46)) - raft.server.rpc.slowness.timeout = 2s (custom)
2025-04-24 14:03:55,464 [omNode-2-groupManagement] INFO  server.RaftServerConfigKeys (ConfUtils.java:logGet(46)) - raft.server.leaderelection.leader.step-down.wait-time = 10s (default)
2025-04-24 14:03:55,464 [omNode-2-groupManagement] INFO  server.RaftServerConfigKeys (ConfUtils.java:logGet(46)) - raft.server.leaderelection.member.majority-add = false (default)
2025-04-24 14:03:55,464 [omNode-2-groupManagement] INFO  server.RaftServerConfigKeys (ConfUtils.java:logGet(46)) - raft.server.sleep.deviation.threshold = 300ms (default)
2025-04-24 14:03:55,464 [omNode-2-groupManagement] INFO  server.RaftServer$Division (ServerState.java:<init>(114)) - omNode-2@group-523986131536: ConfigurationManager, init=conf: {index: -1, cur=peers:[omNode-3|localhost:15017, omNode-1|localhost:15009, omNode-2|localhost:15013]|listeners:[], old=null}, confs=<EMPTY_MAP>
2025-04-24 14:03:55,464 [omNode-2-groupManagement] INFO  server.RaftServerConfigKeys (ConfUtils.java:logGet(46)) - raft.server.notification.no-leader.timeout = 2s (custom)
2025-04-24 14:03:55,464 [omNode-2-groupManagement] INFO  server.RaftServerConfigKeys (ConfUtils.java:logGet(46)) - raft.server.read.timeout = 10s (default)
2025-04-24 14:03:55,464 [omNode-2-groupManagement] INFO  server.RaftServerConfigKeys (ConfUtils.java:logGet(46)) - raft.server.retrycache.expirytime = 30000ms (custom)
2025-04-24 14:03:55,464 [omNode-2-groupManagement] INFO  server.RaftServerConfigKeys (ConfUtils.java:logGet(46)) - raft.server.retrycache.statistics.expirytime = 100ms (default)
2025-04-24 14:03:55,465 [omNode-2-groupManagement] INFO  server.RaftServerConfigKeys (ConfUtils.java:logGet(46)) - raft.server.read.option = DEFAULT (default)
2025-04-24 14:03:55,465 [omNode-2-groupManagement] INFO  server.RaftServerConfigKeys (ConfUtils.java:logGet(46)) - raft.server.read.read-after-write-consistent.write-index-cache.expiry-time = 60s (default)
2025-04-24 14:03:55,466 [omNode-2-groupManagement] INFO  server.RaftServerConfigKeys (ConfUtils.java:logGet(46)) - raft.server.rpc.request.timeout = 3000ms (default)
2025-04-24 14:03:55,466 [omNode-2-groupManagement] INFO  server.RaftServerConfigKeys (ConfUtils.java:logGet(46)) - raft.server.log.appender.install.snapshot.enabled = false (custom)
2025-04-24 14:03:55,466 [omNode-2-groupManagement] INFO  server.RaftServerConfigKeys (ConfUtils.java:logGet(46)) - raft.server.threadpool.server.cached = true (default)
2025-04-24 14:03:55,466 [omNode-2-groupManagement] INFO  server.RaftServerConfigKeys (ConfUtils.java:logGet(46)) - raft.server.threadpool.server.size = 0 (default)
2025-04-24 14:03:55,466 [omNode-2-groupManagement] INFO  server.RaftServerConfigKeys (ConfUtils.java:logGet(46)) - raft.server.threadpool.client.cached = true (default)
2025-04-24 14:03:55,466 [omNode-2-groupManagement] INFO  server.RaftServerConfigKeys (ConfUtils.java:logGet(46)) - raft.server.threadpool.client.size = 0 (default)
2025-04-24 14:03:55,466 [omNode-2-impl-thread1] INFO  server.RaftServerConfigKeys (ConfUtils.java:logGet(46)) - raft.server.storage.free-space.min = 0MB (=0) (default)
2025-04-24 14:03:55,466 [omNode-2-impl-thread1] INFO  server.RaftServerConfigKeys (ConfUtils.java:logGet(46)) - raft.server.log.corruption.policy = EXCEPTION (default)
2025-04-24 14:03:55,466 [omNode-2-impl-thread1] INFO  server.RaftServerConfigKeys (ConfUtils.java:logGet(46)) - raft.server.storage.dir = [/home/runner/work/ozone/ozone/hadoop-ozone/integration-test/target/test-dir/MiniOzoneClusterImpl-4e6105ad-12bc-4f18-9d37-351d73277e17/omNode-2/ratis] (custom)
2025-04-24 14:03:55,467 [omNode-2-impl-thread1] INFO  storage.RaftStorageDirectory (RaftStorageDirectoryImpl.java:tryLock(229)) - Lock on /home/runner/work/ozone/ozone/hadoop-ozone/integration-test/target/test-dir/MiniOzoneClusterImpl-4e6105ad-12bc-4f18-9d37-351d73277e17/omNode-2/ratis/c9bc4cf4-3bc3-3c60-a66b-523986131536/in_use.lock acquired by nodename 129728@fv-az2210-761
2025-04-24 14:03:55,467 [omNode-2-impl-thread1] INFO  storage.RaftStorage (RaftStorageImpl.java:analyzeAndRecoverStorage(118)) - Read RaftStorageMetadata{term=10, votedFor=omNode-3} from /home/runner/work/ozone/ozone/hadoop-ozone/integration-test/target/test-dir/MiniOzoneClusterImpl-4e6105ad-12bc-4f18-9d37-351d73277e17/omNode-2/ratis/c9bc4cf4-3bc3-3c60-a66b-523986131536/current/raft-meta
2025-04-24 14:03:55,468 [omNode-2-impl-thread1] INFO  server.RaftServer$Division (ServerState.java:setRaftConf(386)) - omNode-2@group-523986131536: set configuration conf: {index: 104, cur=peers:[omNode-3|localhost:15017, omNode-1|localhost:15009, omNode-2|localhost:15013]|listeners:[], old=null}
2025-04-24 14:03:55,468 [omNode-2-impl-thread1] INFO  ratis.OzoneManagerStateMachine (OzoneManagerStateMachine.java:lambda$0(138)) - omNode-2: initialize group-523986131536 with (t:10, i:105)
2025-04-24 14:03:55,468 [omNode-2-impl-thread1] INFO  server.RaftServerConfigKeys (ConfUtils.java:logGet(46)) - raft.server.log.use.memory = false (default)
2025-04-24 14:03:55,468 [omNode-2-impl-thread1] INFO  server.RaftServerConfigKeys (ConfUtils.java:logGet(46)) - raft.server.log.purge.gap = 50 (custom)
2025-04-24 14:03:55,468 [omNode-2-impl-thread1] INFO  server.RaftServerConfigKeys (ConfUtils.java:logGet(46)) - raft.server.log.appender.buffer.byte-limit = 4194304 (custom)
2025-04-24 14:03:55,468 [omNode-2-impl-thread1] INFO  server.RaftServerConfigKeys (ConfUtils.java:logGet(46)) - raft.server.log.statemachine.data.read.timeout = 1000ms (default)
2025-04-24 14:03:55,468 [omNode-2-impl-thread1] INFO  server.RaftServerConfigKeys (ConfUtils.java:logGet(46)) - raft.server.log.purge.preservation.log.num = 0 (default)
2025-04-24 14:03:55,469 [omNode-2-impl-thread1] INFO  server.RaftServerConfigKeys (ConfUtils.java:logGet(46)) - raft.server.log.segment.size.max = 4194304 (custom)
2025-04-24 14:03:55,469 [omNode-2-impl-thread1] INFO  server.RaftServerConfigKeys (ConfUtils.java:logGet(46)) - raft.server.log.segment.cache.num.max = 2 (custom)
2025-04-24 14:03:55,469 [omNode-2-impl-thread1] INFO  server.RaftServerConfigKeys (ConfUtils.java:logGet(46)) - raft.server.log.segment.cache.size.max = 200MB (=209715200) (default)
2025-04-24 14:03:55,469 [omNode-2-impl-thread1] INFO  server.RaftServerConfigKeys (ConfUtils.java:logGet(46)) - raft.server.log.appender.buffer.byte-limit = 4194304 (custom)
2025-04-24 14:03:55,469 [omNode-2-impl-thread1] INFO  util.AwaitToRun (AwaitToRun.java:start(81)) - Thread[#4775,omNode-2@group-523986131536-cacheEviction-AwaitToRun,5,main] started
2025-04-24 14:03:55,469 [omNode-2-impl-thread1] INFO  segmented.SegmentedRaftLogWorker (SegmentedRaftLogWorker.java:<init>(188)) - new omNode-2@group-523986131536-SegmentedRaftLogWorker for RaftStorageImpl:Storage Directory /home/runner/work/ozone/ozone/hadoop-ozone/integration-test/target/test-dir/MiniOzoneClusterImpl-4e6105ad-12bc-4f18-9d37-351d73277e17/omNode-2/ratis/c9bc4cf4-3bc3-3c60-a66b-523986131536
2025-04-24 14:03:55,469 [omNode-2-impl-thread1] INFO  server.RaftServerConfigKeys (ConfUtils.java:logGet(46)) - raft.server.log.queue.byte-limit = 64MB (=67108864) (default)
2025-04-24 14:03:55,469 [omNode-2-impl-thread1] INFO  server.RaftServerConfigKeys (ConfUtils.java:logGet(46)) - raft.server.log.queue.element-limit = 4096 (default)
2025-04-24 14:03:55,469 [omNode-2-impl-thread1] INFO  server.RaftServerConfigKeys (ConfUtils.java:logGet(46)) - raft.server.log.segment.size.max = 4194304 (custom)
2025-04-24 14:03:55,469 [omNode-2-impl-thread1] INFO  server.RaftServerConfigKeys (ConfUtils.java:logGet(46)) - raft.server.log.preallocated.size = 4194304 (custom)
2025-04-24 14:03:55,470 [omNode-2-impl-thread1] INFO  server.RaftServerConfigKeys (ConfUtils.java:logGet(46)) - raft.server.log.force.sync.num = 128 (default)
2025-04-24 14:03:55,470 [omNode-2-impl-thread1] INFO  server.RaftServerConfigKeys (ConfUtils.java:logGet(46)) - raft.server.log.statemachine.data.sync = true (default)
2025-04-24 14:03:55,470 [omNode-2-impl-thread1] INFO  server.RaftServerConfigKeys (ConfUtils.java:logGet(46)) - raft.server.log.statemachine.data.sync.timeout = 10s (default)
2025-04-24 14:03:55,470 [omNode-2-impl-thread1] INFO  server.RaftServerConfigKeys (ConfUtils.java:logGet(46)) - raft.server.log.statemachine.data.sync.timeout.retry = -1 (default)
2025-04-24 14:03:55,470 [omNode-2-impl-thread1] INFO  server.RaftServerConfigKeys (ConfUtils.java:logGet(46)) - raft.server.log.write.buffer.size = 4194312 (custom)
2025-04-24 14:03:55,470 [omNode-2-impl-thread1] INFO  server.RaftServerConfigKeys (ConfUtils.java:logGet(46)) - raft.server.log.appender.buffer.byte-limit = 4194304 (custom)
2025-04-24 14:03:55,470 [omNode-2-impl-thread1] INFO  server.RaftServerConfigKeys (ConfUtils.java:logGet(46)) - raft.server.log.unsafe-flush.enabled = false (default)
2025-04-24 14:03:55,470 [omNode-2-impl-thread1] INFO  server.RaftServerConfigKeys (ConfUtils.java:logGet(46)) - raft.server.log.async-flush.enabled = false (default)
2025-04-24 14:03:55,470 [omNode-2-impl-thread1] INFO  server.RaftServerConfigKeys (ConfUtils.java:logGet(46)) - raft.server.log.statemachine.data.caching.enabled = false (default)
2025-04-24 14:03:55,471 [omNode-2-impl-thread1] INFO  server.RaftServer$Division (ServerState.java:setRaftConf(386)) - omNode-2@group-523986131536: set configuration conf: {index: 102, cur=peers:[omNode-3|localhost:15017, omNode-1|localhost:15009, omNode-2|localhost:15013]|listeners:[], old=null}
2025-04-24 14:03:55,471 [omNode-2-impl-thread1] INFO  segmented.LogSegment (LogSegment.java:loadSegment(171)) - Successfully read 2 entries from segment file /home/runner/work/ozone/ozone/hadoop-ozone/integration-test/target/test-dir/MiniOzoneClusterImpl-4e6105ad-12bc-4f18-9d37-351d73277e17/omNode-2/ratis/c9bc4cf4-3bc3-3c60-a66b-523986131536/current/log_102-103
2025-04-24 14:03:55,471 [omNode-2-impl-thread1] INFO  server.RaftServer$Division (ServerState.java:setRaftConf(386)) - omNode-2@group-523986131536: set configuration conf: {index: 104, cur=peers:[omNode-3|localhost:15017, omNode-1|localhost:15009, omNode-2|localhost:15013]|listeners:[], old=null}
2025-04-24 14:03:55,471 [omNode-2-impl-thread1] INFO  segmented.LogSegment (LogSegment.java:loadSegment(171)) - Successfully read 2 entries from segment file /home/runner/work/ozone/ozone/hadoop-ozone/integration-test/target/test-dir/MiniOzoneClusterImpl-4e6105ad-12bc-4f18-9d37-351d73277e17/omNode-2/ratis/c9bc4cf4-3bc3-3c60-a66b-523986131536/current/log_inprogress_104
2025-04-24 14:03:55,471 [omNode-2-impl-thread1] INFO  segmented.SegmentedRaftLogWorker (SegmentedRaftLogWorker.java:lambda$new$0(139)) - omNode-2@group-523986131536-SegmentedRaftLogWorker: flushIndex: setUnconditionally 0 -> 105
2025-04-24 14:03:55,471 [omNode-2-impl-thread1] INFO  segmented.SegmentedRaftLogWorker (SegmentedRaftLogWorker.java:lambda$new$0(139)) - omNode-2@group-523986131536-SegmentedRaftLogWorker: safeCacheEvictIndex: setUnconditionally 0 -> 103
2025-04-24 14:03:55,471 [omNode-2-impl-thread1] INFO  segmented.BufferedWriteChannel (BufferedWriteChannel.java:open(61)) - open log_inprogress_104 (append) at position 125
2025-04-24 14:03:55,472 [omNode-2-impl-thread1] INFO  raftlog.RaftLog (RaftLogBase.java:lambda$new$0(54)) - omNode-2@group-523986131536-SegmentedRaftLog: purgeIndex: updateToMax old=-1, new=101, updated? true
2025-04-24 14:03:55,472 [omNode-2-impl-thread1] INFO  server.RaftServer$Division (RaftServerImpl.java:start(391)) - omNode-2@group-523986131536: start as a follower, conf=conf: {index: 104, cur=peers:[omNode-3|localhost:15017, omNode-1|localhost:15009, omNode-2|localhost:15013]|listeners:[], old=null}
2025-04-24 14:03:55,472 [omNode-2-impl-thread1] INFO  server.RaftServer$Division (RaftServerImpl.java:setRole(378)) - omNode-2@group-523986131536: changes role from      null to FOLLOWER at term 10 for startAsFollower
2025-04-24 14:03:55,472 [omNode-2-impl-thread1] INFO  impl.RoleInfo (RoleInfo.java:updateAndGet(148)) - omNode-2: start omNode-2@group-523986131536-FollowerState
2025-04-24 14:03:55,472 [omNode-2@group-523986131536-FollowerState] INFO  server.RaftServerConfigKeys (ConfUtils.java:logFallback(53)) - raft.server.rpc.first-election.timeout.min = 1s (fallback to raft.server.rpc.timeout.min)
2025-04-24 14:03:55,472 [omNode-2-impl-thread1] INFO  util.JmxRegister (JmxRegister.java:tryRegister(44)) - Successfully registered JMX Bean with object name Ratis:service=RaftServer,group=group-523986131536,id=omNode-2
2025-04-24 14:03:55,472 [omNode-2-impl-thread1] INFO  util.JmxRegister (JmxRegister.java:register(58)) - register mxBean class org.apache.ratis.server.impl.RaftServerJmxAdapter as Ratis:service=RaftServer,group=group-523986131536,id=omNode-2
2025-04-24 14:03:55,472 [omNode-2-impl-thread1] INFO  server.RaftServerConfigKeys (ConfUtils.java:logGet(46)) - raft.server.snapshot.trigger-when-stop.enabled = true (default)
2025-04-24 14:03:55,472 [omNode-2-impl-thread1] INFO  server.RaftServerConfigKeys (ConfUtils.java:logGet(46)) - raft.server.snapshot.trigger-when-remove.enabled = true (default)
2025-04-24 14:03:55,472 [omNode-2@group-523986131536-FollowerState] INFO  server.RaftServerConfigKeys (ConfUtils.java:logFallback(53)) - raft.server.rpc.first-election.timeout.max = 1200ms (fallback to raft.server.rpc.timeout.max)
2025-04-24 14:03:55,472 [omNode-2-impl-thread1] INFO  server.RaftServerConfigKeys (ConfUtils.java:logGet(46)) - raft.server.snapshot.auto.trigger.enabled = true (custom)
2025-04-24 14:03:55,473 [omNode-2-impl-thread1] INFO  server.RaftServerConfigKeys (ConfUtils.java:logGet(46)) - raft.server.snapshot.auto.trigger.threshold = 50 (custom)
2025-04-24 14:03:55,473 [omNode-2-impl-thread1] INFO  server.RaftServerConfigKeys (ConfUtils.java:logGet(46)) - raft.server.snapshot.retention.file.num = -1 (default)
2025-04-24 14:03:55,473 [omNode-2-impl-thread1] INFO  server.RaftServerConfigKeys (ConfUtils.java:logGet(46)) - raft.server.log.purge.upto.snapshot.index = true (custom)
2025-04-24 14:03:55,473 [omNode-2-impl-thread1] INFO  server.RaftServer$Division (RaftServerImpl.java:start(405)) - omNode-2@group-523986131536: Successfully started.
2025-04-24 14:03:55,473 [main] INFO  server.RaftServer (RaftServerProxy.java:startImpl(407)) - omNode-2: start RPC server
2025-04-24 14:03:55,474 [main] INFO  server.GrpcService (GrpcService.java:startImpl(334)) - omNode-2: GrpcService started, listening on 15013
2025-04-24 14:03:55,474 [main] INFO  om.OzoneManager (OzoneManager.java:getRpcServer(1360)) - Creating RPC Server
2025-04-24 14:03:55,474 [JvmPauseMonitor28] INFO  util.JvmPauseMonitor (JvmPauseMonitor.java:run(146)) - JvmPauseMonitor-omNode-2: Started
2025-04-24 14:03:55,694 [omNode-3@group-523986131536-FollowerState] INFO  impl.FollowerState (FollowerState.java:runImpl(161)) - omNode-3@group-523986131536-FollowerState: change to CANDIDATE, lastRpcElapsedTime:1127642210ns, electionTimeout:1127ms
2025-04-24 14:03:55,694 [omNode-3@group-523986131536-FollowerState] INFO  impl.RoleInfo (RoleInfo.java:shutdownFollowerState(121)) - omNode-3: shutdown omNode-3@group-523986131536-FollowerState
2025-04-24 14:03:55,694 [omNode-3@group-523986131536-FollowerState] INFO  server.RaftServer$Division (RaftServerImpl.java:setRole(378)) - omNode-3@group-523986131536: changes role from  FOLLOWER to CANDIDATE at term 10 for changeToCandidate
2025-04-24 14:03:55,694 [omNode-3@group-523986131536-FollowerState] INFO  server.RaftServerConfigKeys (ConfUtils.java:logGet(46)) - raft.server.leaderelection.pre-vote = true (default)
2025-04-24 14:03:55,694 [omNode-3@group-523986131536-FollowerState] INFO  impl.RoleInfo (RoleInfo.java:updateAndGet(148)) - omNode-3: start omNode-3@group-523986131536-LeaderElection26
2025-04-24 14:03:55,695 [omNode-3@group-523986131536-LeaderElection26] INFO  impl.LeaderElection (LeaderElection.java:askForVotes(332)) - omNode-3@group-523986131536-LeaderElection26 PRE_VOTE round 0: submit vote requests at term 10 for conf: {index: 104, cur=peers:[omNode-3|localhost:15017, omNode-1|localhost:15009, omNode-2|localhost:15013]|listeners:[], old=null}
2025-04-24 14:03:55,695 [omNode-3@group-523986131536-LeaderElection26-1] INFO  server.GrpcServerProtocolClient (GrpcServerProtocolClient.java:<init>(65)) - Build channel for omNode-1|localhost:15009
2025-04-24 14:03:55,695 [omNode-3@group-523986131536-LeaderElection26-2] INFO  server.GrpcServerProtocolClient (GrpcServerProtocolClient.java:<init>(65)) - Build channel for omNode-2|localhost:15013
2025-04-24 14:03:55,695 [omNode-3@group-523986131536-LeaderElection26] INFO  server.RaftServerConfigKeys (ConfUtils.java:logFallback(53)) - raft.server.rpc.first-election.timeout.min = 1s (fallback to raft.server.rpc.timeout.min)
2025-04-24 14:03:55,695 [omNode-3@group-523986131536-LeaderElection26] INFO  server.RaftServerConfigKeys (ConfUtils.java:logFallback(53)) - raft.server.rpc.first-election.timeout.max = 1200ms (fallback to raft.server.rpc.timeout.max)
2025-04-24 14:03:55,700 [grpc-default-executor-2] INFO  server.RaftServer$Division (RaftServerImpl.java:requestVote(1407)) - omNode-2@group-523986131536: receive requestVote(PRE_VOTE, omNode-3, group-523986131536, 10, (t:10, i:105))
2025-04-24 14:03:55,700 [grpc-default-executor-2] INFO  impl.VoteContext (VoteContext.java:log(49)) - omNode-2@group-523986131536-FOLLOWER: accept PRE_VOTE from omNode-3: our priority 0 <= candidate's priority 0
2025-04-24 14:03:55,700 [grpc-default-executor-2] INFO  server.RaftServer$Division (RaftServerImpl.java:requestVote(1441)) - omNode-2@group-523986131536 replies to PRE_VOTE vote request: omNode-3<-omNode-2#0:OK-t10. Peer's state: omNode-2@group-523986131536:t10, leader=null, voted=omNode-3, raftlog=Memoized:omNode-2@group-523986131536-SegmentedRaftLog:OPENED:c105:last(t:10, i:105), conf=conf: {index: 104, cur=peers:[omNode-3|localhost:15017, omNode-1|localhost:15009, omNode-2|localhost:15013]|listeners:[], old=null}
2025-04-24 14:03:55,703 [omNode-3@group-523986131536-LeaderElection26] INFO  impl.LeaderElection (LeaderElection.java:logAndReturn(90)) - omNode-3@group-523986131536-LeaderElection26: PRE_VOTE PASSED received 1 response(s) and 0 exception(s):
2025-04-24 14:03:55,703 [omNode-3@group-523986131536-LeaderElection26] INFO  impl.LeaderElection (LeaderElection.java:logAndReturn(94)) -   Response 0: omNode-3<-omNode-2#0:OK-t10
2025-04-24 14:03:55,703 [omNode-3@group-523986131536-LeaderElection26] INFO  impl.LeaderElection (LeaderElection.java:askForVotes(334)) - omNode-3@group-523986131536-LeaderElection26 PRE_VOTE round 0: result PASSED
2025-04-24 14:03:55,703 [grpc-default-executor-2] INFO  server.RaftServer$Division (RaftServerImpl.java:requestVote(1407)) - omNode-1@group-523986131536: receive requestVote(PRE_VOTE, omNode-3, group-523986131536, 10, (t:10, i:105))
2025-04-24 14:03:55,703 [grpc-default-executor-2] INFO  impl.VoteContext (VoteContext.java:log(49)) - omNode-1@group-523986131536-FOLLOWER: accept PRE_VOTE from omNode-3: our priority 0 <= candidate's priority 0
2025-04-24 14:03:55,703 [grpc-default-executor-2] INFO  server.RaftServer$Division (RaftServerImpl.java:requestVote(1441)) - omNode-1@group-523986131536 replies to PRE_VOTE vote request: omNode-3<-omNode-1#0:OK-t10. Peer's state: omNode-1@group-523986131536:t10, leader=null, voted=omNode-3, raftlog=Memoized:omNode-1@group-523986131536-SegmentedRaftLog:OPENED:c104:last(t:10, i:105), conf=conf: {index: 104, cur=peers:[omNode-3|localhost:15017, omNode-1|localhost:15009, omNode-2|localhost:15013]|listeners:[], old=null}
2025-04-24 14:03:55,705 [omNode-3@group-523986131536-LeaderElection26] INFO  impl.LeaderElection (LeaderElection.java:askForVotes(332)) - omNode-3@group-523986131536-LeaderElection26 ELECTION round 0: submit vote requests at term 11 for conf: {index: 104, cur=peers:[omNode-3|localhost:15017, omNode-1|localhost:15009, omNode-2|localhost:15013]|listeners:[], old=null}
2025-04-24 14:03:55,705 [omNode-3@group-523986131536-LeaderElection26] INFO  server.RaftServerConfigKeys (ConfUtils.java:logFallback(53)) - raft.server.rpc.first-election.timeout.min = 1s (fallback to raft.server.rpc.timeout.min)
2025-04-24 14:03:55,705 [omNode-3@group-523986131536-LeaderElection26] INFO  server.RaftServerConfigKeys (ConfUtils.java:logFallback(53)) - raft.server.rpc.first-election.timeout.max = 1200ms (fallback to raft.server.rpc.timeout.max)
2025-04-24 14:03:55,706 [grpc-default-executor-2] INFO  server.RaftServer$Division (RaftServerImpl.java:requestVote(1407)) - omNode-1@group-523986131536: receive requestVote(ELECTION, omNode-3, group-523986131536, 11, (t:10, i:105))
2025-04-24 14:03:55,706 [grpc-default-executor-2] INFO  impl.VoteContext (VoteContext.java:log(49)) - omNode-1@group-523986131536-FOLLOWER: accept ELECTION from omNode-3: our priority 0 <= candidate's priority 0
2025-04-24 14:03:55,707 [grpc-default-executor-2] INFO  server.RaftServer$Division (RaftServerImpl.java:setRole(378)) - omNode-1@group-523986131536: changes role from  FOLLOWER to FOLLOWER at term 10 for candidate:omNode-3
2025-04-24 14:03:55,707 [grpc-default-executor-2] INFO  impl.RoleInfo (RoleInfo.java:shutdownFollowerState(121)) - omNode-1: shutdown omNode-1@group-523986131536-FollowerState
2025-04-24 14:03:55,707 [grpc-default-executor-2] INFO  impl.RoleInfo (RoleInfo.java:updateAndGet(148)) - omNode-1: start omNode-1@group-523986131536-FollowerState
2025-04-24 14:03:55,707 [omNode-1@group-523986131536-FollowerState] INFO  server.RaftServerConfigKeys (ConfUtils.java:logFallback(53)) - raft.server.rpc.first-election.timeout.min = 1s (fallback to raft.server.rpc.timeout.min)
2025-04-24 14:03:55,707 [omNode-1@group-523986131536-FollowerState] INFO  server.RaftServerConfigKeys (ConfUtils.java:logFallback(53)) - raft.server.rpc.first-election.timeout.max = 1200ms (fallback to raft.server.rpc.timeout.max)
2025-04-24 14:03:55,707 [grpc-default-executor-2] INFO  server.RaftServer$Division (RaftServerImpl.java:setFirstElection(562)) - omNode-1@group-523986131536: set firstElectionSinceStartup to false for candidate:omNode-3
2025-04-24 14:03:55,708 [grpc-default-executor-4] INFO  server.RaftServer$Division (RaftServerImpl.java:requestVote(1407)) - omNode-2@group-523986131536: receive requestVote(ELECTION, omNode-3, group-523986131536, 11, (t:10, i:105))
2025-04-24 14:03:55,708 [grpc-default-executor-4] INFO  impl.VoteContext (VoteContext.java:log(49)) - omNode-2@group-523986131536-FOLLOWER: accept ELECTION from omNode-3: our priority 0 <= candidate's priority 0
2025-04-24 14:03:55,708 [grpc-default-executor-4] INFO  server.RaftServer$Division (RaftServerImpl.java:setRole(378)) - omNode-2@group-523986131536: changes role from  FOLLOWER to FOLLOWER at term 10 for candidate:omNode-3
2025-04-24 14:03:55,708 [grpc-default-executor-4] INFO  impl.RoleInfo (RoleInfo.java:shutdownFollowerState(121)) - omNode-2: shutdown omNode-2@group-523986131536-FollowerState
2025-04-24 14:03:55,708 [omNode-1@group-523986131536-FollowerState] INFO  impl.FollowerState (FollowerState.java:runImpl(170)) - omNode-1@group-523986131536-FollowerState was interrupted
2025-04-24 14:03:55,708 [grpc-default-executor-4] INFO  impl.RoleInfo (RoleInfo.java:updateAndGet(148)) - omNode-2: start omNode-2@group-523986131536-FollowerState
2025-04-24 14:03:55,708 [omNode-2@group-523986131536-FollowerState] INFO  impl.FollowerState (FollowerState.java:runImpl(170)) - omNode-2@group-523986131536-FollowerState was interrupted
2025-04-24 14:03:55,708 [grpc-default-executor-4] INFO  server.RaftServer$Division (RaftServerImpl.java:setFirstElection(562)) - omNode-2@group-523986131536: set firstElectionSinceStartup to false for candidate:omNode-3
2025-04-24 14:03:55,710 [grpc-default-executor-2] INFO  server.RaftServer$Division (RaftServerImpl.java:requestVote(1441)) - omNode-1@group-523986131536 replies to ELECTION vote request: omNode-3<-omNode-1#0:OK-t11. Peer's state: omNode-1@group-523986131536:t11, leader=null, voted=omNode-3, raftlog=Memoized:omNode-1@group-523986131536-SegmentedRaftLog:OPENED:c104:last(t:10, i:105), conf=conf: {index: 104, cur=peers:[omNode-3|localhost:15017, omNode-1|localhost:15009, omNode-2|localhost:15013]|listeners:[], old=null}
2025-04-24 14:03:55,710 [grpc-default-executor-4] INFO  server.RaftServer$Division (RaftServerImpl.java:requestVote(1441)) - omNode-2@group-523986131536 replies to ELECTION vote request: omNode-3<-omNode-2#0:OK-t11. Peer's state: omNode-2@group-523986131536:t11, leader=null, voted=omNode-3, raftlog=Memoized:omNode-2@group-523986131536-SegmentedRaftLog:OPENED:c105:last(t:10, i:105), conf=conf: {index: 104, cur=peers:[omNode-3|localhost:15017, omNode-1|localhost:15009, omNode-2|localhost:15013]|listeners:[], old=null}
2025-04-24 14:03:55,710 [omNode-3@group-523986131536-LeaderElection26] INFO  impl.LeaderElection (LeaderElection.java:logAndReturn(90)) - omNode-3@group-523986131536-LeaderElection26: ELECTION PASSED received 1 response(s) and 0 exception(s):
2025-04-24 14:03:55,710 [omNode-3@group-523986131536-LeaderElection26] INFO  impl.LeaderElection (LeaderElection.java:logAndReturn(94)) -   Response 0: omNode-3<-omNode-1#0:OK-t11
2025-04-24 14:03:55,711 [omNode-3@group-523986131536-LeaderElection26] INFO  impl.LeaderElection (LeaderElection.java:askForVotes(334)) - omNode-3@group-523986131536-LeaderElection26 ELECTION round 0: result PASSED
2025-04-24 14:03:55,711 [omNode-3@group-523986131536-LeaderElection26] INFO  impl.RoleInfo (RoleInfo.java:shutdownLeaderElection(141)) - omNode-3: shutdown omNode-3@group-523986131536-LeaderElection26
2025-04-24 14:03:55,711 [omNode-3@group-523986131536-LeaderElection26] INFO  server.RaftServer$Division (RaftServerImpl.java:setRole(378)) - omNode-3@group-523986131536: changes role from CANDIDATE to LEADER at term 11 for changeToLeader
2025-04-24 14:03:55,711 [omNode-3@group-523986131536-LeaderElection26] INFO  server.RaftServerConfigKeys (ConfUtils.java:logGet(46)) - raft.server.staging.catchup.gap = 1000 (default)
2025-04-24 14:03:55,711 [omNode-3@group-523986131536-LeaderElection26] INFO  server.RaftServerConfigKeys (ConfUtils.java:logGet(46)) - raft.server.write.element-limit = 4096 (default)
2025-04-24 14:03:55,711 [omNode-3@group-523986131536-LeaderElection26] INFO  server.RaftServerConfigKeys (ConfUtils.java:logGet(46)) - raft.server.write.byte-limit = 64MB (=67108864) (default)
2025-04-24 14:03:55,711 [omNode-3@group-523986131536-LeaderElection26] INFO  server.RaftServerConfigKeys (ConfUtils.java:logGet(46)) - raft.server.watch.timeout = 10s (default)
2025-04-24 14:03:55,711 [omNode-3@group-523986131536-LeaderElection26] INFO  server.RaftServerConfigKeys (ConfUtils.java:logGet(46)) - raft.server.watch.timeout.denomination = 1s (default)
2025-04-24 14:03:55,711 [omNode-3@group-523986131536-LeaderElection26] INFO  server.RaftServerConfigKeys (ConfUtils.java:logGet(46)) - raft.server.watch.element-limit = 65536 (default)
2025-04-24 14:03:55,712 [omNode-3@group-523986131536-LeaderElection26] INFO  server.RaftServerConfigKeys (ConfUtils.java:logGet(46)) - raft.server.read.leader.lease.enabled = false (default)
2025-04-24 14:03:55,712 [omNode-3@group-523986131536-LeaderElection26] INFO  server.RaftServerConfigKeys (ConfUtils.java:logGet(46)) - raft.server.read.leader.lease.timeout.ratio = 0.9 (default)
2025-04-24 14:03:55,712 [omNode-3@group-523986131536-LeaderElection26] INFO  server.RaftServerConfigKeys (ConfUtils.java:logGet(46)) - raft.server.rpc.timeout.min = 1s (custom)
2025-04-24 14:03:55,712 [omNode-3@group-523986131536-LeaderElection26] INFO  server.RaftServerConfigKeys (ConfUtils.java:logGet(46)) - raft.server.log.log-metadata.enabled = true (default)
2025-04-24 14:03:55,712 [omNode-3@group-523986131536-LeaderElection26] INFO  server.RaftServerConfigKeys (ConfUtils.java:logGet(46)) - raft.server.write.element-limit = 4096 (default)
2025-04-24 14:03:55,712 [omNode-3@group-523986131536-LeaderElection26] INFO  server.RaftServerConfigKeys (ConfUtils.java:logGet(46)) - raft.server.write.follower.gap.ratio.max = -1.0 (default)
2025-04-24 14:03:55,712 [omNode-3@group-523986131536-LeaderElection26] INFO  server.RaftServerConfigKeys (ConfUtils.java:logGet(46)) - raft.server.log.appender.snapshot.chunk.size.max = 16MB (=16777216) (default)
2025-04-24 14:03:55,712 [omNode-3@group-523986131536-LeaderElection26] INFO  server.RaftServerConfigKeys (ConfUtils.java:logGet(46)) - raft.server.log.appender.buffer.byte-limit = 4194304 (custom)
2025-04-24 14:03:55,712 [omNode-3@group-523986131536-LeaderElection26] INFO  server.RaftServerConfigKeys (ConfUtils.java:logGet(46)) - raft.server.log.appender.buffer.element-limit = 1024 (custom)
2025-04-24 14:03:55,712 [omNode-3@group-523986131536-LeaderElection26] INFO  server.RaftServerConfigKeys (ConfUtils.java:logGet(46)) - raft.server.log.appender.wait-time.min = 0ms (custom)
2025-04-24 14:03:55,712 [omNode-3@group-523986131536-LeaderElection26] INFO  grpc.GrpcConfigKeys (ConfUtils.java:logGet(46)) - raft.grpc.server.leader.outstanding.appends.max = 8 (default)
2025-04-24 14:03:55,713 [omNode-3@group-523986131536-LeaderElection26] INFO  server.RaftServerConfigKeys (ConfUtils.java:logGet(46)) - raft.server.rpc.request.timeout = 3000ms (default)
2025-04-24 14:03:55,713 [omNode-3@group-523986131536-LeaderElection26] INFO  grpc.GrpcConfigKeys (ConfUtils.java:logGet(46)) - raft.grpc.server.install_snapshot.request.element-limit = 8 (default)
2025-04-24 14:03:55,713 [omNode-3@group-523986131536-LeaderElection26] INFO  grpc.GrpcConfigKeys (ConfUtils.java:logGet(46)) - raft.grpc.server.install_snapshot.request.timeout = 3000ms (default)
2025-04-24 14:03:55,713 [omNode-3@group-523986131536-LeaderElection26] INFO  grpc.GrpcConfigKeys (ConfUtils.java:logGet(46)) - raft.grpc.server.log-message.batch.duration = 5s (default)
2025-04-24 14:03:55,713 [omNode-3@group-523986131536-LeaderElection26] INFO  server.RaftServerConfigKeys (ConfUtils.java:logGet(46)) - raft.server.log.appender.install.snapshot.enabled = false (custom)
2025-04-24 14:03:55,713 [omNode-3@group-523986131536-LeaderElection26] INFO  grpc.GrpcConfigKeys (ConfUtils.java:logGet(46)) - raft.grpc.server.heartbeat.channel = true (default)
2025-04-24 14:03:55,713 [omNode-3@group-523986131536-LeaderElection26] INFO  server.RaftServerConfigKeys (ConfUtils.java:logGet(46)) - raft.server.log.appender.snapshot.chunk.size.max = 16MB (=16777216) (default)
2025-04-24 14:03:55,713 [omNode-3@group-523986131536-LeaderElection26] INFO  server.RaftServerConfigKeys (ConfUtils.java:logGet(46)) - raft.server.log.appender.buffer.byte-limit = 4194304 (custom)
2025-04-24 14:03:55,714 [omNode-3@group-523986131536-LeaderElection26] INFO  server.RaftServerConfigKeys (ConfUtils.java:logGet(46)) - raft.server.log.appender.buffer.element-limit = 1024 (custom)
2025-04-24 14:03:55,714 [omNode-3@group-523986131536-LeaderElection26] INFO  server.RaftServerConfigKeys (ConfUtils.java:logGet(46)) - raft.server.log.appender.wait-time.min = 0ms (custom)
2025-04-24 14:03:55,714 [omNode-3@group-523986131536-LeaderElection26] INFO  grpc.GrpcConfigKeys (ConfUtils.java:logGet(46)) - raft.grpc.server.leader.outstanding.appends.max = 8 (default)
2025-04-24 14:03:55,714 [omNode-3@group-523986131536-LeaderElection26] INFO  server.RaftServerConfigKeys (ConfUtils.java:logGet(46)) - raft.server.rpc.request.timeout = 3000ms (default)
2025-04-24 14:03:55,714 [omNode-3@group-523986131536-LeaderElection26] INFO  grpc.GrpcConfigKeys (ConfUtils.java:logGet(46)) - raft.grpc.server.install_snapshot.request.element-limit = 8 (default)
2025-04-24 14:03:55,714 [omNode-3@group-523986131536-LeaderElection26] INFO  grpc.GrpcConfigKeys (ConfUtils.java:logGet(46)) - raft.grpc.server.install_snapshot.request.timeout = 3000ms (default)
2025-04-24 14:03:55,714 [omNode-3@group-523986131536-LeaderElection26] INFO  grpc.GrpcConfigKeys (ConfUtils.java:logGet(46)) - raft.grpc.server.log-message.batch.duration = 5s (default)
2025-04-24 14:03:55,714 [omNode-3@group-523986131536-LeaderElection26] INFO  server.RaftServerConfigKeys (ConfUtils.java:logGet(46)) - raft.server.log.appender.install.snapshot.enabled = false (custom)
2025-04-24 14:03:55,714 [omNode-3@group-523986131536-LeaderElection26] INFO  grpc.GrpcConfigKeys (ConfUtils.java:logGet(46)) - raft.grpc.server.heartbeat.channel = true (default)
2025-04-24 14:03:55,714 [omNode-3@group-523986131536-LeaderElection26] INFO  impl.RoleInfo (RoleInfo.java:updateAndGet(148)) - omNode-3: start omNode-3@group-523986131536-LeaderStateImpl
2025-04-24 14:03:55,714 [omNode-3@group-523986131536-LeaderElection26] INFO  server.RaftServer$Division (RaftServerImpl.java:setFirstElection(562)) - omNode-3@group-523986131536: set firstElectionSinceStartup to false for becomeLeader
2025-04-24 14:03:55,714 [omNode-3@group-523986131536-LeaderElection26] INFO  ratis.OzoneManagerStateMachine (OzoneManagerStateMachine.java:notifyLeaderChanged(169)) - omNode-3@group-523986131536: leader changed to omNode-3
2025-04-24 14:03:55,714 [omNode-3@group-523986131536-LeaderElection26] INFO  server.RaftServer$Division (ServerState.java:setLeader(272)) - omNode-3@group-523986131536: change Leader from null to omNode-3 at term 11 for becomeLeader, leader elected after 1154ms
2025-04-24 14:03:55,714 [omNode-3@group-523986131536-LeaderElection26] INFO  segmented.SegmentedRaftLogWorker (SegmentedRaftLogWorker.java:rollLogSegment(443)) - omNode-3@group-523986131536-SegmentedRaftLogWorker: Rolling segment log-104_105 to index:105
2025-04-24 14:03:55,715 [omNode-3@group-523986131536-SegmentedRaftLogWorker] INFO  segmented.SegmentedRaftLogWorker (SegmentedRaftLogWorker.java:execute(601)) - omNode-3@group-523986131536-SegmentedRaftLogWorker: Rolled log segment from /home/runner/work/ozone/ozone/hadoop-ozone/integration-test/target/test-dir/MiniOzoneClusterImpl-4e6105ad-12bc-4f18-9d37-351d73277e17/omNode-3/ratis/c9bc4cf4-3bc3-3c60-a66b-523986131536/current/log_inprogress_104 to /home/runner/work/ozone/ozone/hadoop-ozone/integration-test/target/test-dir/MiniOzoneClusterImpl-4e6105ad-12bc-4f18-9d37-351d73277e17/omNode-3/ratis/c9bc4cf4-3bc3-3c60-a66b-523986131536/current/log_104-105
2025-04-24 14:03:55,715 [omNode-3@group-523986131536-LeaderElection26] INFO  server.RaftServer$Division (ServerState.java:setRaftConf(386)) - omNode-3@group-523986131536: set configuration conf: {index: 106, cur=peers:[omNode-3|localhost:15017, omNode-1|localhost:15009, omNode-2|localhost:15013]|listeners:[], old=null}
2025-04-24 14:03:55,715 [omNode-3@group-523986131536-SegmentedRaftLogWorker] INFO  segmented.BufferedWriteChannel (BufferedWriteChannel.java:open(61)) - open log_inprogress_106 at position 0
2025-04-24 14:03:55,721 [omNode-1-server-thread1] INFO  ratis.OzoneManagerStateMachine (OzoneManagerStateMachine.java:notifyLeaderChanged(169)) - omNode-1@group-523986131536: leader changed to omNode-3
2025-04-24 14:03:55,721 [omNode-1-server-thread1] INFO  server.RaftServer$Division (ServerState.java:setLeader(272)) - omNode-1@group-523986131536: change Leader from null to omNode-3 at term 11 for appendEntries, leader elected after 694ms
2025-04-24 14:03:55,723 [omNode-2-server-thread1] INFO  ratis.OzoneManagerStateMachine (OzoneManagerStateMachine.java:notifyLeaderChanged(169)) - omNode-2@group-523986131536: leader changed to omNode-3
2025-04-24 14:03:55,723 [omNode-2-server-thread1] INFO  server.RaftServer$Division (ServerState.java:setLeader(272)) - omNode-2@group-523986131536: change Leader from null to omNode-3 at term 11 for appendEntries, leader elected after 258ms
2025-04-24 14:03:55,724 [omNode-1-server-thread2] INFO  server.RaftServer$Division (ServerState.java:setRaftConf(386)) - omNode-1@group-523986131536: set configuration conf: {index: 106, cur=peers:[omNode-3|localhost:15017, omNode-1|localhost:15009, omNode-2|localhost:15013]|listeners:[], old=null}
2025-04-24 14:03:55,724 [omNode-1-server-thread2] INFO  segmented.SegmentedRaftLogWorker (SegmentedRaftLogWorker.java:rollLogSegment(443)) - omNode-1@group-523986131536-SegmentedRaftLogWorker: Rolling segment log-104_105 to index:105
2025-04-24 14:03:55,724 [omNode-2-server-thread3] INFO  server.RaftServer$Division (ServerState.java:setRaftConf(386)) - omNode-2@group-523986131536: set configuration conf: {index: 106, cur=peers:[omNode-3|localhost:15017, omNode-1|localhost:15009, omNode-2|localhost:15013]|listeners:[], old=null}
2025-04-24 14:03:55,724 [omNode-2-server-thread3] INFO  segmented.SegmentedRaftLogWorker (SegmentedRaftLogWorker.java:rollLogSegment(443)) - omNode-2@group-523986131536-SegmentedRaftLogWorker: Rolling segment log-104_105 to index:105
2025-04-24 14:03:55,725 [omNode-1@group-523986131536-SegmentedRaftLogWorker] INFO  segmented.SegmentedRaftLogWorker (SegmentedRaftLogWorker.java:execute(601)) - omNode-1@group-523986131536-SegmentedRaftLogWorker: Rolled log segment from /home/runner/work/ozone/ozone/hadoop-ozone/integration-test/target/test-dir/MiniOzoneClusterImpl-4e6105ad-12bc-4f18-9d37-351d73277e17/omNode-1/ratis/c9bc4cf4-3bc3-3c60-a66b-523986131536/current/log_inprogress_104 to /home/runner/work/ozone/ozone/hadoop-ozone/integration-test/target/test-dir/MiniOzoneClusterImpl-4e6105ad-12bc-4f18-9d37-351d73277e17/omNode-1/ratis/c9bc4cf4-3bc3-3c60-a66b-523986131536/current/log_104-105
2025-04-24 14:03:55,725 [omNode-2@group-523986131536-SegmentedRaftLogWorker] INFO  segmented.SegmentedRaftLogWorker (SegmentedRaftLogWorker.java:execute(601)) - omNode-2@group-523986131536-SegmentedRaftLogWorker: Rolled log segment from /home/runner/work/ozone/ozone/hadoop-ozone/integration-test/target/test-dir/MiniOzoneClusterImpl-4e6105ad-12bc-4f18-9d37-351d73277e17/omNode-2/ratis/c9bc4cf4-3bc3-3c60-a66b-523986131536/current/log_inprogress_104 to /home/runner/work/ozone/ozone/hadoop-ozone/integration-test/target/test-dir/MiniOzoneClusterImpl-4e6105ad-12bc-4f18-9d37-351d73277e17/omNode-2/ratis/c9bc4cf4-3bc3-3c60-a66b-523986131536/current/log_104-105
2025-04-24 14:03:55,726 [omNode-1@group-523986131536-SegmentedRaftLogWorker] INFO  segmented.BufferedWriteChannel (BufferedWriteChannel.java:open(61)) - open log_inprogress_106 at position 0
2025-04-24 14:03:55,726 [omNode-2@group-523986131536-SegmentedRaftLogWorker] INFO  segmented.BufferedWriteChannel (BufferedWriteChannel.java:open(61)) - open log_inprogress_106 at position 0
2025-04-24 14:03:55,727 [omNode-3@group-523986131536-SegmentedRaftLogWorker] INFO  segmented.SegmentedRaftLogWorker (SegmentedRaftLogWorker.java:execute(644)) - omNode-3@group-523986131536-SegmentedRaftLogWorker: created new log segment /home/runner/work/ozone/ozone/hadoop-ozone/integration-test/target/test-dir/MiniOzoneClusterImpl-4e6105ad-12bc-4f18-9d37-351d73277e17/omNode-3/ratis/c9bc4cf4-3bc3-3c60-a66b-523986131536/current/log_inprogress_106
2025-04-24 14:03:55,737 [omNode-1@group-523986131536-SegmentedRaftLogWorker] INFO  segmented.SegmentedRaftLogWorker (SegmentedRaftLogWorker.java:execute(644)) - omNode-1@group-523986131536-SegmentedRaftLogWorker: created new log segment /home/runner/work/ozone/ozone/hadoop-ozone/integration-test/target/test-dir/MiniOzoneClusterImpl-4e6105ad-12bc-4f18-9d37-351d73277e17/omNode-1/ratis/c9bc4cf4-3bc3-3c60-a66b-523986131536/current/log_inprogress_106
2025-04-24 14:03:55,738 [omNode-2@group-523986131536-SegmentedRaftLogWorker] INFO  segmented.SegmentedRaftLogWorker (SegmentedRaftLogWorker.java:execute(644)) - omNode-2@group-523986131536-SegmentedRaftLogWorker: created new log segment /home/runner/work/ozone/ozone/hadoop-ozone/integration-test/target/test-dir/MiniOzoneClusterImpl-4e6105ad-12bc-4f18-9d37-351d73277e17/omNode-2/ratis/c9bc4cf4-3bc3-3c60-a66b-523986131536/current/log_inprogress_106
2025-04-24 14:03:55,740 [omNode-3@group-523986131536-StateMachineUpdater] INFO  ratis.OzoneManagerStateMachine (OzoneManagerStateMachine.java:notifyConfigurationChanged(231)) - notifyConfigurationChanged from Ratis: term=11, index=106, New Peer list: omNode-3(localhost:15017), omNode-1(localhost:15009), omNode-2(localhost:15013)
2025-04-24 14:03:55,740 [omNode-3@group-523986131536-StateMachineUpdater] INFO  server.RaftServer$Division (LeaderStateImpl.java:checkStartIndex(313)) - Leader omNode-3@group-523986131536-LeaderStateImpl is ready since appliedIndex == startIndex == 106
2025-04-24 14:03:55,742 [omNode-1@group-523986131536-StateMachineUpdater] INFO  ratis.OzoneManagerStateMachine (OzoneManagerStateMachine.java:notifyConfigurationChanged(231)) - notifyConfigurationChanged from Ratis: term=11, index=106, New Peer list: omNode-3(localhost:15017), omNode-1(localhost:15009), omNode-2(localhost:15013)
2025-04-24 14:03:55,743 [omNode-2@group-523986131536-StateMachineUpdater] INFO  ratis.OzoneManagerStateMachine (OzoneManagerStateMachine.java:notifyConfigurationChanged(231)) - notifyConfigurationChanged from Ratis: term=11, index=106, New Peer list: omNode-3(localhost:15017), omNode-1(localhost:15009), omNode-2(localhost:15013)
2025-04-24 14:03:55,853 [main] INFO  reflections.Reflections (Reflections.java:scan(219)) - Reflections took 379 ms to scan 22 urls, producing 61 keys and 7423 values
2025-04-24 14:03:55,854 [main] INFO  ipc.CallQueueManager (CallQueueManager.java:<init>(93)) - Using callQueue: class java.util.concurrent.LinkedBlockingQueue, queueCapacity: 2000, scheduler: class org.apache.hadoop.ipc.DefaultRpcScheduler, ipcBackoff: false, ipcFailOver: false.
2025-04-24 14:03:55,854 [main] INFO  ipc.Server (Server.java:<init>(1438)) - Listener at localhost:15010
2025-04-24 14:03:55,855 [Socket Reader #1 for port 15010] INFO  ipc.Server (Server.java:run(1474)) - Starting Socket Reader #1 for port 15010
2025-04-24 14:03:55,855 [Socket Reader #2 for port 15010] INFO  ipc.Server (Server.java:run(1474)) - Starting Socket Reader #2 for port 15010
2025-04-24 14:03:55,855 [Socket Reader #3 for port 15010] INFO  ipc.Server (Server.java:run(1474)) - Starting Socket Reader #3 for port 15010
2025-04-24 14:03:55,855 [Socket Reader #4 for port 15010] INFO  ipc.Server (Server.java:run(1474)) - Starting Socket Reader #4 for port 15010
2025-04-24 14:03:55,855 [Socket Reader #5 for port 15010] INFO  ipc.Server (Server.java:run(1474)) - Starting Socket Reader #5 for port 15010
2025-04-24 14:03:55,855 [Socket Reader #6 for port 15010] INFO  ipc.Server (Server.java:run(1474)) - Starting Socket Reader #6 for port 15010
2025-04-24 14:03:55,856 [Socket Reader #7 for port 15010] INFO  ipc.Server (Server.java:run(1474)) - Starting Socket Reader #7 for port 15010
2025-04-24 14:03:55,856 [Socket Reader #8 for port 15010] INFO  ipc.Server (Server.java:run(1474)) - Starting Socket Reader #8 for port 15010
2025-04-24 14:03:55,856 [Socket Reader #9 for port 15010] INFO  ipc.Server (Server.java:run(1474)) - Starting Socket Reader #9 for port 15010
2025-04-24 14:03:55,856 [Socket Reader #10 for port 15010] INFO  ipc.Server (Server.java:run(1474)) - Starting Socket Reader #10 for port 15010
2025-04-24 14:03:55,858 [main] INFO  http.BaseHttpServer (BaseHttpServer.java:newHttpServer2BuilderForOzone(229)) - Starting Web-server for ozoneManager at: http://0.0.0.0:15011
2025-04-24 14:03:55,858 [main] INFO  http.BaseHttpServer (BaseHttpServer.java:<init>(107)) - Hadoop Security Enabled: false Ozone Security Enabled: false Ozone HTTP Security Enabled: false 
2025-04-24 14:03:55,859 [main] WARN  server.AuthenticationFilter (AuthenticationFilter.java:constructSecretProvider(240)) - Unable to initialize FileSignerSecretProvider, falling back to use random secrets. Reason: Could not read signature secret file: /home/runner/hadoop-http-auth-signature-secret
2025-04-24 14:03:55,861 [main] INFO  http.HttpServer2 (HttpServer2.java:addGlobalFilter(1041)) - Added global filter 'safety' (class=org.apache.hadoop.hdds.server.http.HttpServer2$QuotingInputFilter)
2025-04-24 14:03:55,861 [main] INFO  http.HttpServer2 (HttpServer2.java:addFilter(1017)) - Added filter static_user_filter (class=org.apache.hadoop.http.lib.StaticUserWebFilter$StaticUserFilter) to context ozoneManager
2025-04-24 14:03:55,861 [main] INFO  http.HttpServer2 (HttpServer2.java:addFilter(1025)) - Added filter static_user_filter (class=org.apache.hadoop.http.lib.StaticUserWebFilter$StaticUserFilter) to context logs
2025-04-24 14:03:55,861 [main] INFO  http.HttpServer2 (HttpServer2.java:addFilter(1025)) - Added filter static_user_filter (class=org.apache.hadoop.http.lib.StaticUserWebFilter$StaticUserFilter) to context static
2025-04-24 14:03:55,862 [main] INFO  http.BaseHttpServer (BaseHttpServer.java:<init>(195)) - HTTP server of ozoneManager uses base directory /home/runner/work/ozone/ozone/hadoop-ozone/integration-test/target/test-dir/MiniOzoneClusterImpl-4e6105ad-12bc-4f18-9d37-351d73277e17/omNode-2/webserver
2025-04-24 14:03:55,862 [main] INFO  http.HttpServer2 (HttpServer2.java:bindListener(1241)) - Jetty bound to port 15011
2025-04-24 14:03:55,862 [main] INFO  server.Server (Server.java:doStart(375)) - jetty-9.4.57.v20241219; built: 2025-01-08T21:24:30.412Z; git: df524e6b29271c2e09ba9aea83c18dc9db464a31; jvm 21.0.7+6-LTS
2025-04-24 14:03:55,864 [main] INFO  server.session (DefaultSessionIdManager.java:doStart(334)) - DefaultSessionIdManager workerName=node0
2025-04-24 14:03:55,864 [main] INFO  server.session (DefaultSessionIdManager.java:doStart(339)) - No SessionScavenger set, using defaults
2025-04-24 14:03:55,864 [main] INFO  server.session (HouseKeeper.java:startScavenging(132)) - node0 Scavenging every 660000ms
2025-04-24 14:03:55,864 [main] INFO  handler.ContextHandler (ContextHandler.java:doStart(921)) - Started o.e.j.s.ServletContextHandler@48a0a377{logs,/logs,file:///home/runner/work/ozone/ozone/hadoop-ozone/integration-test/target/log,AVAILABLE}
2025-04-24 14:03:55,865 [main] INFO  handler.ContextHandler (ContextHandler.java:doStart(921)) - Started o.e.j.s.ServletContextHandler@6a0c9f16{static,/static,file:///home/runner/work/ozone/ozone/hadoop-ozone/integration-test/target/test-classes/webapps/static,AVAILABLE}
2025-04-24 14:03:55,869 [main] INFO  handler.ContextHandler (ContextHandler.java:doStart(921)) - Started o.e.j.w.WebAppContext@55e4eb83{ozoneManager,/,file:///home/runner/work/ozone/ozone/hadoop-ozone/integration-test/target/test-classes/webapps/ozoneManager/,AVAILABLE}{file:/home/runner/work/ozone/ozone/hadoop-ozone/integration-test/target/test-classes/webapps/ozoneManager}
2025-04-24 14:03:55,869 [main] INFO  server.AbstractConnector (AbstractConnector.java:doStart(333)) - Started ServerConnector@661a6bc{HTTP/1.1, (http/1.1)}{0.0.0.0:15011}
2025-04-24 14:03:55,869 [main] INFO  server.Server (Server.java:doStart(415)) - Started @117201ms
2025-04-24 14:03:55,869 [main] WARN  impl.MetricsSystemImpl (MetricsSystemImpl.java:register(279)) - Sink prometheus already exists!
2025-04-24 14:03:55,870 [main] INFO  http.BaseHttpServer (BaseHttpServer.java:updateConnectorAddress(360)) - HTTP server of ozoneManager listening at http://0.0.0.0:15011
2025-04-24 14:03:55,870 [IPC Server Responder] INFO  ipc.Server (Server.java:run(1713)) - IPC Server Responder: starting
2025-04-24 14:03:55,870 [IPC Server listener on 15010] INFO  ipc.Server (Server.java:run(1553)) - IPC Server listener on 15010: starting
2025-04-24 14:03:55,873 [main] INFO  om.OzoneManager (OzoneManager.java:startTrashEmptier(2257)) - Trash Interval set to 0. Files deleted won't move to trash
]]></system-out>
  </testcase>
  <testcase name="testListVolumes" classname="org.apache.hadoop.ozone.om.TestOzoneManagerHAWithStoppedNodes" time="12.674">
    <system-out><![CDATA[2025-04-24 14:03:55,875 [main] INFO  rpc.RpcClient (RpcClient.java:createVolume(462)) - Creating Volume: vol-2908896992-0, with runner as owner and space quota set to -1 bytes, counts quota set to -1
2025-04-24 14:03:55,878 [main] INFO  retry.RetryInvocationHandler (RetryInvocationHandler.java:log(426)) - com.google.protobuf.ServiceException: org.apache.hadoop.ipc.RemoteException(org.apache.hadoop.ozone.om.exceptions.OMNotLeaderException): OM:omNode-1 is not the leader. Suggested leader is OM:omNode-3[localhost/127.0.0.1].
	at org.apache.hadoop.ozone.om.ratis.OzoneManagerRatisServer.newOMNotLeaderException(OzoneManagerRatisServer.java:813)
	at org.apache.hadoop.ozone.om.OzoneManager.checkLeaderStatus(OzoneManager.java:4355)
	at org.apache.hadoop.ozone.om.ratis.utils.OzoneManagerRatisUtils.checkLeaderStatus(OzoneManagerRatisUtils.java:500)
	at org.apache.hadoop.ozone.protocolPB.OzoneManagerProtocolServerSideTranslatorPB.internalProcessRequest(OzoneManagerProtocolServerSideTranslatorPB.java:165)
	at org.apache.hadoop.ozone.protocolPB.OzoneManagerProtocolServerSideTranslatorPB.processRequest(OzoneManagerProtocolServerSideTranslatorPB.java:125)
	at org.apache.hadoop.hdds.server.OzoneProtocolMessageDispatcher.processRequest(OzoneProtocolMessageDispatcher.java:87)
	at org.apache.hadoop.ozone.protocolPB.OzoneManagerProtocolServerSideTranslatorPB.submitRequest(OzoneManagerProtocolServerSideTranslatorPB.java:116)
	at org.apache.hadoop.ozone.protocol.proto.OzoneManagerProtocolProtos$OzoneManagerService$2.callBlockingMethod(OzoneManagerProtocolProtos.java)
	at org.apache.hadoop.ipc.ProtobufRpcEngine$Server.processCall(ProtobufRpcEngine.java:484)
	at org.apache.hadoop.ipc.ProtobufRpcEngine2$Server$ProtoBufRpcInvoker.call(ProtobufRpcEngine2.java:595)
	at org.apache.hadoop.ipc.ProtobufRpcEngine2$Server$ProtoBufRpcInvoker.call(ProtobufRpcEngine2.java:573)
	at org.apache.hadoop.ipc.RPC$Server.call(RPC.java:1227)
	at org.apache.hadoop.ipc.Server$RpcCall.run(Server.java:1246)
	at org.apache.hadoop.ipc.Server$RpcCall.run(Server.java:1169)
	at java.base/java.security.AccessController.doPrivileged(AccessController.java:714)
	at java.base/javax.security.auth.Subject.doAs(Subject.java:525)
	at org.apache.hadoop.security.UserGroupInformation.doAs(UserGroupInformation.java:1953)
	at org.apache.hadoop.ipc.Server$Handler.run(Server.java:3198)
, while invoking $Proxy68.submitRequest over nodeId=omNode-1,nodeAddress=127.0.0.1:15006. Trying to failover immediately. Current retry count: 0.
2025-04-24 14:03:55,880 [main] INFO  retry.RetryInvocationHandler (RetryInvocationHandler.java:log(426)) - com.google.protobuf.ServiceException: org.apache.hadoop.ipc.RemoteException(org.apache.hadoop.ozone.om.exceptions.OMNotLeaderException): OM:omNode-2 is not the leader. Suggested leader is OM:omNode-3[localhost/127.0.0.1].
	at org.apache.hadoop.ozone.om.ratis.OzoneManagerRatisServer.newOMNotLeaderException(OzoneManagerRatisServer.java:813)
	at org.apache.hadoop.ozone.om.OzoneManager.checkLeaderStatus(OzoneManager.java:4355)
	at org.apache.hadoop.ozone.om.ratis.utils.OzoneManagerRatisUtils.checkLeaderStatus(OzoneManagerRatisUtils.java:500)
	at org.apache.hadoop.ozone.protocolPB.OzoneManagerProtocolServerSideTranslatorPB.internalProcessRequest(OzoneManagerProtocolServerSideTranslatorPB.java:165)
	at org.apache.hadoop.ozone.protocolPB.OzoneManagerProtocolServerSideTranslatorPB.processRequest(OzoneManagerProtocolServerSideTranslatorPB.java:125)
	at org.apache.hadoop.hdds.server.OzoneProtocolMessageDispatcher.processRequest(OzoneProtocolMessageDispatcher.java:87)
	at org.apache.hadoop.ozone.protocolPB.OzoneManagerProtocolServerSideTranslatorPB.submitRequest(OzoneManagerProtocolServerSideTranslatorPB.java:116)
	at org.apache.hadoop.ozone.protocol.proto.OzoneManagerProtocolProtos$OzoneManagerService$2.callBlockingMethod(OzoneManagerProtocolProtos.java)
	at org.apache.hadoop.ipc.ProtobufRpcEngine$Server.processCall(ProtobufRpcEngine.java:484)
	at org.apache.hadoop.ipc.ProtobufRpcEngine2$Server$ProtoBufRpcInvoker.call(ProtobufRpcEngine2.java:595)
	at org.apache.hadoop.ipc.ProtobufRpcEngine2$Server$ProtoBufRpcInvoker.call(ProtobufRpcEngine2.java:573)
	at org.apache.hadoop.ipc.RPC$Server.call(RPC.java:1227)
	at org.apache.hadoop.ipc.Server$RpcCall.run(Server.java:1246)
	at org.apache.hadoop.ipc.Server$RpcCall.run(Server.java:1169)
	at java.base/java.security.AccessController.doPrivileged(AccessController.java:714)
	at java.base/javax.security.auth.Subject.doAs(Subject.java:525)
	at org.apache.hadoop.security.UserGroupInformation.doAs(UserGroupInformation.java:1953)
	at org.apache.hadoop.ipc.Server$Handler.run(Server.java:3198)
, while invoking $Proxy68.submitRequest over nodeId=omNode-2,nodeAddress=127.0.0.1:15010 after 1 failover attempts. Trying to failover immediately. Current retry count: 1.
2025-04-24 14:03:55,880 [main] INFO  retry.RetryInvocationHandler (RetryInvocationHandler.java:log(426)) - com.google.protobuf.ServiceException: java.io.EOFException: End of File Exception between local host is: "fv-az2210-761/10.1.0.107"; destination host is: "localhost":15014; : java.io.EOFException; For more details see:  http://wiki.apache.org/hadoop/EOFException, while invoking $Proxy68.submitRequest over nodeId=omNode-3,nodeAddress=127.0.0.1:15014 after 2 failover attempts. Trying to failover after sleeping for 2000ms. Current retry count: 2.
2025-04-24 14:03:57,882 [main] INFO  retry.RetryInvocationHandler (RetryInvocationHandler.java:log(426)) - com.google.protobuf.ServiceException: org.apache.hadoop.ipc.RemoteException(org.apache.hadoop.ozone.om.exceptions.OMNotLeaderException): OM:omNode-1 is not the leader. Suggested leader is OM:omNode-3[localhost/127.0.0.1].
	at org.apache.hadoop.ozone.om.ratis.OzoneManagerRatisServer.newOMNotLeaderException(OzoneManagerRatisServer.java:813)
	at org.apache.hadoop.ozone.om.OzoneManager.checkLeaderStatus(OzoneManager.java:4355)
	at org.apache.hadoop.ozone.om.ratis.utils.OzoneManagerRatisUtils.checkLeaderStatus(OzoneManagerRatisUtils.java:500)
	at org.apache.hadoop.ozone.protocolPB.OzoneManagerProtocolServerSideTranslatorPB.internalProcessRequest(OzoneManagerProtocolServerSideTranslatorPB.java:165)
	at org.apache.hadoop.ozone.protocolPB.OzoneManagerProtocolServerSideTranslatorPB.processRequest(OzoneManagerProtocolServerSideTranslatorPB.java:125)
	at org.apache.hadoop.hdds.server.OzoneProtocolMessageDispatcher.processRequest(OzoneProtocolMessageDispatcher.java:87)
	at org.apache.hadoop.ozone.protocolPB.OzoneManagerProtocolServerSideTranslatorPB.submitRequest(OzoneManagerProtocolServerSideTranslatorPB.java:116)
	at org.apache.hadoop.ozone.protocol.proto.OzoneManagerProtocolProtos$OzoneManagerService$2.callBlockingMethod(OzoneManagerProtocolProtos.java)
	at org.apache.hadoop.ipc.ProtobufRpcEngine$Server.processCall(ProtobufRpcEngine.java:484)
	at org.apache.hadoop.ipc.ProtobufRpcEngine2$Server$ProtoBufRpcInvoker.call(ProtobufRpcEngine2.java:595)
	at org.apache.hadoop.ipc.ProtobufRpcEngine2$Server$ProtoBufRpcInvoker.call(ProtobufRpcEngine2.java:573)
	at org.apache.hadoop.ipc.RPC$Server.call(RPC.java:1227)
	at org.apache.hadoop.ipc.Server$RpcCall.run(Server.java:1246)
	at org.apache.hadoop.ipc.Server$RpcCall.run(Server.java:1169)
	at java.base/java.security.AccessController.doPrivileged(AccessController.java:714)
	at java.base/javax.security.auth.Subject.doAs(Subject.java:525)
	at org.apache.hadoop.security.UserGroupInformation.doAs(UserGroupInformation.java:1953)
	at org.apache.hadoop.ipc.Server$Handler.run(Server.java:3198)
, while invoking $Proxy68.submitRequest over nodeId=omNode-1,nodeAddress=127.0.0.1:15006 after 3 failover attempts. Trying to failover immediately. Current retry count: 3.
2025-04-24 14:03:57,883 [main] INFO  retry.RetryInvocationHandler (RetryInvocationHandler.java:log(426)) - com.google.protobuf.ServiceException: org.apache.hadoop.ipc.RemoteException(org.apache.hadoop.ozone.om.exceptions.OMNotLeaderException): OM:omNode-2 is not the leader. Suggested leader is OM:omNode-3[localhost/127.0.0.1].
	at org.apache.hadoop.ozone.om.ratis.OzoneManagerRatisServer.newOMNotLeaderException(OzoneManagerRatisServer.java:813)
	at org.apache.hadoop.ozone.om.OzoneManager.checkLeaderStatus(OzoneManager.java:4355)
	at org.apache.hadoop.ozone.om.ratis.utils.OzoneManagerRatisUtils.checkLeaderStatus(OzoneManagerRatisUtils.java:500)
	at org.apache.hadoop.ozone.protocolPB.OzoneManagerProtocolServerSideTranslatorPB.internalProcessRequest(OzoneManagerProtocolServerSideTranslatorPB.java:165)
	at org.apache.hadoop.ozone.protocolPB.OzoneManagerProtocolServerSideTranslatorPB.processRequest(OzoneManagerProtocolServerSideTranslatorPB.java:125)
	at org.apache.hadoop.hdds.server.OzoneProtocolMessageDispatcher.processRequest(OzoneProtocolMessageDispatcher.java:87)
	at org.apache.hadoop.ozone.protocolPB.OzoneManagerProtocolServerSideTranslatorPB.submitRequest(OzoneManagerProtocolServerSideTranslatorPB.java:116)
	at org.apache.hadoop.ozone.protocol.proto.OzoneManagerProtocolProtos$OzoneManagerService$2.callBlockingMethod(OzoneManagerProtocolProtos.java)
	at org.apache.hadoop.ipc.ProtobufRpcEngine$Server.processCall(ProtobufRpcEngine.java:484)
	at org.apache.hadoop.ipc.ProtobufRpcEngine2$Server$ProtoBufRpcInvoker.call(ProtobufRpcEngine2.java:595)
	at org.apache.hadoop.ipc.ProtobufRpcEngine2$Server$ProtoBufRpcInvoker.call(ProtobufRpcEngine2.java:573)
	at org.apache.hadoop.ipc.RPC$Server.call(RPC.java:1227)
	at org.apache.hadoop.ipc.Server$RpcCall.run(Server.java:1246)
	at org.apache.hadoop.ipc.Server$RpcCall.run(Server.java:1169)
	at java.base/java.security.AccessController.doPrivileged(AccessController.java:714)
	at java.base/javax.security.auth.Subject.doAs(Subject.java:525)
	at org.apache.hadoop.security.UserGroupInformation.doAs(UserGroupInformation.java:1953)
	at org.apache.hadoop.ipc.Server$Handler.run(Server.java:3198)
, while invoking $Proxy68.submitRequest over nodeId=omNode-2,nodeAddress=127.0.0.1:15010 after 4 failover attempts. Trying to failover immediately. Current retry count: 4.
2025-04-24 14:03:57,889 [omNode-3-OMStateMachineApplyTransactionThread - 0] INFO  volume.OMVolumeCreateRequest (OMVolumeCreateRequest.java:validateAndUpdateCache(203)) - created volume:vol-2908896992-0 for user:runner
2025-04-24 14:03:57,889 [omNode-2-OMStateMachineApplyTransactionThread - 0] INFO  volume.OMVolumeCreateRequest (OMVolumeCreateRequest.java:validateAndUpdateCache(203)) - created volume:vol-2908896992-0 for user:runner
2025-04-24 14:03:57,890 [omNode-1-OMStateMachineApplyTransactionThread - 0] INFO  volume.OMVolumeCreateRequest (OMVolumeCreateRequest.java:validateAndUpdateCache(203)) - created volume:vol-2908896992-0 for user:runner
2025-04-24 14:03:57,892 [main] INFO  rpc.RpcClient (RpcClient.java:createVolume(462)) - Creating Volume: vol-2908896992-1, with runner as owner and space quota set to -1 bytes, counts quota set to -1
2025-04-24 14:03:57,895 [omNode-3-OMStateMachineApplyTransactionThread - 0] INFO  volume.OMVolumeCreateRequest (OMVolumeCreateRequest.java:validateAndUpdateCache(203)) - created volume:vol-2908896992-1 for user:runner
2025-04-24 14:03:57,896 [main] INFO  rpc.RpcClient (RpcClient.java:createVolume(462)) - Creating Volume: vol-2908896992-2, with runner as owner and space quota set to -1 bytes, counts quota set to -1
2025-04-24 14:03:57,896 [omNode-1-OMStateMachineApplyTransactionThread - 0] INFO  volume.OMVolumeCreateRequest (OMVolumeCreateRequest.java:validateAndUpdateCache(203)) - created volume:vol-2908896992-1 for user:runner
2025-04-24 14:03:57,898 [omNode-2-OMStateMachineApplyTransactionThread - 0] INFO  volume.OMVolumeCreateRequest (OMVolumeCreateRequest.java:validateAndUpdateCache(203)) - created volume:vol-2908896992-1 for user:runner
2025-04-24 14:03:57,901 [omNode-3-OMStateMachineApplyTransactionThread - 0] INFO  volume.OMVolumeCreateRequest (OMVolumeCreateRequest.java:validateAndUpdateCache(203)) - created volume:vol-2908896992-2 for user:runner
2025-04-24 14:03:57,902 [main] INFO  rpc.RpcClient (RpcClient.java:createVolume(462)) - Creating Volume: vol-2908896992-3, with runner as owner and space quota set to -1 bytes, counts quota set to -1
2025-04-24 14:03:57,902 [omNode-1-OMStateMachineApplyTransactionThread - 0] INFO  volume.OMVolumeCreateRequest (OMVolumeCreateRequest.java:validateAndUpdateCache(203)) - created volume:vol-2908896992-2 for user:runner
2025-04-24 14:03:57,903 [omNode-2-OMStateMachineApplyTransactionThread - 0] INFO  volume.OMVolumeCreateRequest (OMVolumeCreateRequest.java:validateAndUpdateCache(203)) - created volume:vol-2908896992-2 for user:runner
2025-04-24 14:03:57,906 [omNode-3-OMStateMachineApplyTransactionThread - 0] INFO  volume.OMVolumeCreateRequest (OMVolumeCreateRequest.java:validateAndUpdateCache(203)) - created volume:vol-2908896992-3 for user:runner
2025-04-24 14:03:57,907 [main] INFO  rpc.RpcClient (RpcClient.java:createVolume(462)) - Creating Volume: vol-2908896992-4, with runner as owner and space quota set to -1 bytes, counts quota set to -1
2025-04-24 14:03:57,908 [omNode-1-OMStateMachineApplyTransactionThread - 0] INFO  volume.OMVolumeCreateRequest (OMVolumeCreateRequest.java:validateAndUpdateCache(203)) - created volume:vol-2908896992-3 for user:runner
2025-04-24 14:03:57,908 [omNode-2-OMStateMachineApplyTransactionThread - 0] INFO  volume.OMVolumeCreateRequest (OMVolumeCreateRequest.java:validateAndUpdateCache(203)) - created volume:vol-2908896992-3 for user:runner
2025-04-24 14:03:57,912 [omNode-3-OMStateMachineApplyTransactionThread - 0] INFO  volume.OMVolumeCreateRequest (OMVolumeCreateRequest.java:validateAndUpdateCache(203)) - created volume:vol-2908896992-4 for user:runner
2025-04-24 14:03:57,913 [main] INFO  rpc.RpcClient (RpcClient.java:createVolume(462)) - Creating Volume: vol-2908896992-5, with runner as owner and space quota set to -1 bytes, counts quota set to -1
2025-04-24 14:03:57,914 [omNode-1-OMStateMachineApplyTransactionThread - 0] INFO  volume.OMVolumeCreateRequest (OMVolumeCreateRequest.java:validateAndUpdateCache(203)) - created volume:vol-2908896992-4 for user:runner
2025-04-24 14:03:57,914 [omNode-2-OMStateMachineApplyTransactionThread - 0] INFO  volume.OMVolumeCreateRequest (OMVolumeCreateRequest.java:validateAndUpdateCache(203)) - created volume:vol-2908896992-4 for user:runner
2025-04-24 14:03:57,917 [omNode-3-OMStateMachineApplyTransactionThread - 0] INFO  volume.OMVolumeCreateRequest (OMVolumeCreateRequest.java:validateAndUpdateCache(203)) - created volume:vol-2908896992-5 for user:runner
2025-04-24 14:03:57,918 [main] INFO  rpc.RpcClient (RpcClient.java:createVolume(462)) - Creating Volume: vol-2908896992-6, with runner as owner and space quota set to -1 bytes, counts quota set to -1
2025-04-24 14:03:57,918 [omNode-2-OMStateMachineApplyTransactionThread - 0] INFO  volume.OMVolumeCreateRequest (OMVolumeCreateRequest.java:validateAndUpdateCache(203)) - created volume:vol-2908896992-5 for user:runner
2025-04-24 14:03:57,920 [omNode-1-OMStateMachineApplyTransactionThread - 0] INFO  volume.OMVolumeCreateRequest (OMVolumeCreateRequest.java:validateAndUpdateCache(203)) - created volume:vol-2908896992-5 for user:runner
2025-04-24 14:03:57,922 [omNode-3-OMStateMachineApplyTransactionThread - 0] INFO  volume.OMVolumeCreateRequest (OMVolumeCreateRequest.java:validateAndUpdateCache(203)) - created volume:vol-2908896992-6 for user:runner
2025-04-24 14:03:57,923 [main] INFO  rpc.RpcClient (RpcClient.java:createVolume(462)) - Creating Volume: vol-2908896992-7, with runner as owner and space quota set to -1 bytes, counts quota set to -1
2025-04-24 14:03:57,924 [omNode-1-OMStateMachineApplyTransactionThread - 0] INFO  volume.OMVolumeCreateRequest (OMVolumeCreateRequest.java:validateAndUpdateCache(203)) - created volume:vol-2908896992-6 for user:runner
2025-04-24 14:03:57,925 [omNode-2-OMStateMachineApplyTransactionThread - 0] INFO  volume.OMVolumeCreateRequest (OMVolumeCreateRequest.java:validateAndUpdateCache(203)) - created volume:vol-2908896992-6 for user:runner
2025-04-24 14:03:57,928 [omNode-3-OMStateMachineApplyTransactionThread - 0] INFO  volume.OMVolumeCreateRequest (OMVolumeCreateRequest.java:validateAndUpdateCache(203)) - created volume:vol-2908896992-7 for user:runner
2025-04-24 14:03:57,929 [omNode-2-OMStateMachineApplyTransactionThread - 0] INFO  volume.OMVolumeCreateRequest (OMVolumeCreateRequest.java:validateAndUpdateCache(203)) - created volume:vol-2908896992-7 for user:runner
2025-04-24 14:03:57,929 [main] INFO  rpc.RpcClient (RpcClient.java:createVolume(462)) - Creating Volume: vol-2908896992-8, with runner as owner and space quota set to -1 bytes, counts quota set to -1
2025-04-24 14:03:57,929 [omNode-1-OMStateMachineApplyTransactionThread - 0] INFO  volume.OMVolumeCreateRequest (OMVolumeCreateRequest.java:validateAndUpdateCache(203)) - created volume:vol-2908896992-7 for user:runner
2025-04-24 14:03:57,933 [omNode-3-OMStateMachineApplyTransactionThread - 0] INFO  volume.OMVolumeCreateRequest (OMVolumeCreateRequest.java:validateAndUpdateCache(203)) - created volume:vol-2908896992-8 for user:runner
2025-04-24 14:03:57,934 [main] INFO  rpc.RpcClient (RpcClient.java:createVolume(462)) - Creating Volume: vol-2908896992-9, with runner as owner and space quota set to -1 bytes, counts quota set to -1
2025-04-24 14:03:57,934 [omNode-2-OMStateMachineApplyTransactionThread - 0] INFO  volume.OMVolumeCreateRequest (OMVolumeCreateRequest.java:validateAndUpdateCache(203)) - created volume:vol-2908896992-8 for user:runner
2025-04-24 14:03:57,934 [omNode-1-OMStateMachineApplyTransactionThread - 0] INFO  volume.OMVolumeCreateRequest (OMVolumeCreateRequest.java:validateAndUpdateCache(203)) - created volume:vol-2908896992-8 for user:runner
2025-04-24 14:03:57,939 [omNode-3-OMStateMachineApplyTransactionThread - 0] INFO  volume.OMVolumeCreateRequest (OMVolumeCreateRequest.java:validateAndUpdateCache(203)) - created volume:vol-2908896992-9 for user:runner
2025-04-24 14:03:57,940 [omNode-2-OMStateMachineApplyTransactionThread - 0] INFO  volume.OMVolumeCreateRequest (OMVolumeCreateRequest.java:validateAndUpdateCache(203)) - created volume:vol-2908896992-9 for user:runner
2025-04-24 14:03:57,941 [main] INFO  rpc.RpcClient (RpcClient.java:createVolume(462)) - Creating Volume: vol-2908896992-10, with runner as owner and space quota set to -1 bytes, counts quota set to -1
2025-04-24 14:03:57,941 [omNode-1-OMStateMachineApplyTransactionThread - 0] INFO  volume.OMVolumeCreateRequest (OMVolumeCreateRequest.java:validateAndUpdateCache(203)) - created volume:vol-2908896992-9 for user:runner
2025-04-24 14:03:57,945 [omNode-3-OMStateMachineApplyTransactionThread - 0] INFO  volume.OMVolumeCreateRequest (OMVolumeCreateRequest.java:validateAndUpdateCache(203)) - created volume:vol-2908896992-10 for user:runner
2025-04-24 14:03:57,947 [main] INFO  rpc.RpcClient (RpcClient.java:createVolume(462)) - Creating Volume: vol-2908896992-11, with runner as owner and space quota set to -1 bytes, counts quota set to -1
2025-04-24 14:03:57,947 [omNode-1-OMStateMachineApplyTransactionThread - 0] INFO  volume.OMVolumeCreateRequest (OMVolumeCreateRequest.java:validateAndUpdateCache(203)) - created volume:vol-2908896992-10 for user:runner
2025-04-24 14:03:57,948 [omNode-2-OMStateMachineApplyTransactionThread - 0] INFO  volume.OMVolumeCreateRequest (OMVolumeCreateRequest.java:validateAndUpdateCache(203)) - created volume:vol-2908896992-10 for user:runner
2025-04-24 14:03:57,951 [omNode-3-OMStateMachineApplyTransactionThread - 0] INFO  volume.OMVolumeCreateRequest (OMVolumeCreateRequest.java:validateAndUpdateCache(203)) - created volume:vol-2908896992-11 for user:runner
2025-04-24 14:03:57,952 [main] INFO  rpc.RpcClient (RpcClient.java:createVolume(462)) - Creating Volume: vol-2908896992-12, with runner as owner and space quota set to -1 bytes, counts quota set to -1
2025-04-24 14:03:57,953 [omNode-1-OMStateMachineApplyTransactionThread - 0] INFO  volume.OMVolumeCreateRequest (OMVolumeCreateRequest.java:validateAndUpdateCache(203)) - created volume:vol-2908896992-11 for user:runner
2025-04-24 14:03:57,954 [omNode-2-OMStateMachineApplyTransactionThread - 0] INFO  volume.OMVolumeCreateRequest (OMVolumeCreateRequest.java:validateAndUpdateCache(203)) - created volume:vol-2908896992-11 for user:runner
2025-04-24 14:03:57,958 [omNode-3-OMStateMachineApplyTransactionThread - 0] INFO  volume.OMVolumeCreateRequest (OMVolumeCreateRequest.java:validateAndUpdateCache(203)) - created volume:vol-2908896992-12 for user:runner
2025-04-24 14:03:57,959 [omNode-1-OMStateMachineApplyTransactionThread - 0] INFO  volume.OMVolumeCreateRequest (OMVolumeCreateRequest.java:validateAndUpdateCache(203)) - created volume:vol-2908896992-12 for user:runner
2025-04-24 14:03:57,960 [main] INFO  rpc.RpcClient (RpcClient.java:createVolume(462)) - Creating Volume: vol-2908896992-13, with runner as owner and space quota set to -1 bytes, counts quota set to -1
2025-04-24 14:03:57,960 [omNode-2-OMStateMachineApplyTransactionThread - 0] INFO  volume.OMVolumeCreateRequest (OMVolumeCreateRequest.java:validateAndUpdateCache(203)) - created volume:vol-2908896992-12 for user:runner
2025-04-24 14:03:57,963 [omNode-3-OMStateMachineApplyTransactionThread - 0] INFO  volume.OMVolumeCreateRequest (OMVolumeCreateRequest.java:validateAndUpdateCache(203)) - created volume:vol-2908896992-13 for user:runner
2025-04-24 14:03:57,964 [omNode-2-OMStateMachineApplyTransactionThread - 0] INFO  volume.OMVolumeCreateRequest (OMVolumeCreateRequest.java:validateAndUpdateCache(203)) - created volume:vol-2908896992-13 for user:runner
2025-04-24 14:03:57,965 [omNode-1-OMStateMachineApplyTransactionThread - 0] INFO  volume.OMVolumeCreateRequest (OMVolumeCreateRequest.java:validateAndUpdateCache(203)) - created volume:vol-2908896992-13 for user:runner
2025-04-24 14:03:57,965 [main] INFO  rpc.RpcClient (RpcClient.java:createVolume(462)) - Creating Volume: vol-2908896992-14, with runner as owner and space quota set to -1 bytes, counts quota set to -1
2025-04-24 14:03:57,968 [omNode-3-OMStateMachineApplyTransactionThread - 0] INFO  volume.OMVolumeCreateRequest (OMVolumeCreateRequest.java:validateAndUpdateCache(203)) - created volume:vol-2908896992-14 for user:runner
2025-04-24 14:03:57,969 [main] INFO  rpc.RpcClient (RpcClient.java:createVolume(462)) - Creating Volume: vol-2908896992-15, with runner as owner and space quota set to -1 bytes, counts quota set to -1
2025-04-24 14:03:57,969 [omNode-2-OMStateMachineApplyTransactionThread - 0] INFO  volume.OMVolumeCreateRequest (OMVolumeCreateRequest.java:validateAndUpdateCache(203)) - created volume:vol-2908896992-14 for user:runner
2025-04-24 14:03:57,970 [omNode-1-OMStateMachineApplyTransactionThread - 0] INFO  volume.OMVolumeCreateRequest (OMVolumeCreateRequest.java:validateAndUpdateCache(203)) - created volume:vol-2908896992-14 for user:runner
2025-04-24 14:03:57,972 [omNode-3-OMStateMachineApplyTransactionThread - 0] INFO  volume.OMVolumeCreateRequest (OMVolumeCreateRequest.java:validateAndUpdateCache(203)) - created volume:vol-2908896992-15 for user:runner
2025-04-24 14:03:57,973 [main] INFO  rpc.RpcClient (RpcClient.java:createVolume(462)) - Creating Volume: vol-2908896992-16, with runner as owner and space quota set to -1 bytes, counts quota set to -1
2025-04-24 14:03:57,974 [omNode-2-OMStateMachineApplyTransactionThread - 0] INFO  volume.OMVolumeCreateRequest (OMVolumeCreateRequest.java:validateAndUpdateCache(203)) - created volume:vol-2908896992-15 for user:runner
2025-04-24 14:03:57,976 [omNode-1-OMStateMachineApplyTransactionThread - 0] INFO  volume.OMVolumeCreateRequest (OMVolumeCreateRequest.java:validateAndUpdateCache(203)) - created volume:vol-2908896992-15 for user:runner
2025-04-24 14:03:57,977 [omNode-3-OMStateMachineApplyTransactionThread - 0] INFO  volume.OMVolumeCreateRequest (OMVolumeCreateRequest.java:validateAndUpdateCache(203)) - created volume:vol-2908896992-16 for user:runner
2025-04-24 14:03:57,978 [main] INFO  rpc.RpcClient (RpcClient.java:createVolume(462)) - Creating Volume: vol-2908896992-17, with runner as owner and space quota set to -1 bytes, counts quota set to -1
2025-04-24 14:03:57,979 [omNode-2-OMStateMachineApplyTransactionThread - 0] INFO  volume.OMVolumeCreateRequest (OMVolumeCreateRequest.java:validateAndUpdateCache(203)) - created volume:vol-2908896992-16 for user:runner
2025-04-24 14:03:57,979 [omNode-1-OMStateMachineApplyTransactionThread - 0] INFO  volume.OMVolumeCreateRequest (OMVolumeCreateRequest.java:validateAndUpdateCache(203)) - created volume:vol-2908896992-16 for user:runner
2025-04-24 14:03:57,982 [omNode-3-OMStateMachineApplyTransactionThread - 0] INFO  volume.OMVolumeCreateRequest (OMVolumeCreateRequest.java:validateAndUpdateCache(203)) - created volume:vol-2908896992-17 for user:runner
2025-04-24 14:03:57,983 [main] INFO  rpc.RpcClient (RpcClient.java:createVolume(462)) - Creating Volume: vol-2908896992-18, with runner as owner and space quota set to -1 bytes, counts quota set to -1
2025-04-24 14:03:57,984 [omNode-1-OMStateMachineApplyTransactionThread - 0] INFO  volume.OMVolumeCreateRequest (OMVolumeCreateRequest.java:validateAndUpdateCache(203)) - created volume:vol-2908896992-17 for user:runner
2025-04-24 14:03:57,985 [omNode-2-OMStateMachineApplyTransactionThread - 0] INFO  volume.OMVolumeCreateRequest (OMVolumeCreateRequest.java:validateAndUpdateCache(203)) - created volume:vol-2908896992-17 for user:runner
2025-04-24 14:03:57,988 [omNode-3-OMStateMachineApplyTransactionThread - 0] INFO  volume.OMVolumeCreateRequest (OMVolumeCreateRequest.java:validateAndUpdateCache(203)) - created volume:vol-2908896992-18 for user:runner
2025-04-24 14:03:57,990 [main] INFO  rpc.RpcClient (RpcClient.java:createVolume(462)) - Creating Volume: vol-2908896992-19, with runner as owner and space quota set to -1 bytes, counts quota set to -1
2025-04-24 14:03:57,990 [omNode-2-OMStateMachineApplyTransactionThread - 0] INFO  volume.OMVolumeCreateRequest (OMVolumeCreateRequest.java:validateAndUpdateCache(203)) - created volume:vol-2908896992-18 for user:runner
2025-04-24 14:03:57,990 [omNode-1-OMStateMachineApplyTransactionThread - 0] INFO  volume.OMVolumeCreateRequest (OMVolumeCreateRequest.java:validateAndUpdateCache(203)) - created volume:vol-2908896992-18 for user:runner
2025-04-24 14:03:57,996 [omNode-3-OMStateMachineApplyTransactionThread - 0] INFO  volume.OMVolumeCreateRequest (OMVolumeCreateRequest.java:validateAndUpdateCache(203)) - created volume:vol-2908896992-19 for user:runner
2025-04-24 14:03:57,997 [omNode-1-OMStateMachineApplyTransactionThread - 0] INFO  volume.OMVolumeCreateRequest (OMVolumeCreateRequest.java:validateAndUpdateCache(203)) - created volume:vol-2908896992-19 for user:runner
2025-04-24 14:03:57,996 [omNode-2-OMStateMachineApplyTransactionThread - 0] INFO  volume.OMVolumeCreateRequest (OMVolumeCreateRequest.java:validateAndUpdateCache(203)) - created volume:vol-2908896992-19 for user:runner
2025-04-24 14:03:57,999 [main] INFO  rpc.RpcClient (RpcClient.java:createVolume(462)) - Creating Volume: vol-2908896992-20, with runner as owner and space quota set to -1 bytes, counts quota set to -1
2025-04-24 14:03:58,003 [omNode-3-OMStateMachineApplyTransactionThread - 0] INFO  volume.OMVolumeCreateRequest (OMVolumeCreateRequest.java:validateAndUpdateCache(203)) - created volume:vol-2908896992-20 for user:runner
2025-04-24 14:03:58,005 [main] INFO  rpc.RpcClient (RpcClient.java:createVolume(462)) - Creating Volume: vol-2908896992-21, with runner as owner and space quota set to -1 bytes, counts quota set to -1
2025-04-24 14:03:58,005 [omNode-1-OMStateMachineApplyTransactionThread - 0] INFO  volume.OMVolumeCreateRequest (OMVolumeCreateRequest.java:validateAndUpdateCache(203)) - created volume:vol-2908896992-20 for user:runner
2025-04-24 14:03:58,006 [omNode-2-OMStateMachineApplyTransactionThread - 0] INFO  volume.OMVolumeCreateRequest (OMVolumeCreateRequest.java:validateAndUpdateCache(203)) - created volume:vol-2908896992-20 for user:runner
2025-04-24 14:03:58,008 [omNode-3-OMStateMachineApplyTransactionThread - 0] INFO  volume.OMVolumeCreateRequest (OMVolumeCreateRequest.java:validateAndUpdateCache(203)) - created volume:vol-2908896992-21 for user:runner
2025-04-24 14:03:58,009 [main] INFO  rpc.RpcClient (RpcClient.java:createVolume(462)) - Creating Volume: vol-2908896992-22, with runner as owner and space quota set to -1 bytes, counts quota set to -1
2025-04-24 14:03:58,010 [omNode-1-OMStateMachineApplyTransactionThread - 0] INFO  volume.OMVolumeCreateRequest (OMVolumeCreateRequest.java:validateAndUpdateCache(203)) - created volume:vol-2908896992-21 for user:runner
2025-04-24 14:03:58,011 [omNode-2-OMStateMachineApplyTransactionThread - 0] INFO  volume.OMVolumeCreateRequest (OMVolumeCreateRequest.java:validateAndUpdateCache(203)) - created volume:vol-2908896992-21 for user:runner
2025-04-24 14:03:58,014 [omNode-3-OMStateMachineApplyTransactionThread - 0] INFO  volume.OMVolumeCreateRequest (OMVolumeCreateRequest.java:validateAndUpdateCache(203)) - created volume:vol-2908896992-22 for user:runner
2025-04-24 14:03:58,014 [main] INFO  rpc.RpcClient (RpcClient.java:createVolume(462)) - Creating Volume: vol-2908896992-23, with runner as owner and space quota set to -1 bytes, counts quota set to -1
2025-04-24 14:03:58,015 [omNode-2-OMStateMachineApplyTransactionThread - 0] INFO  volume.OMVolumeCreateRequest (OMVolumeCreateRequest.java:validateAndUpdateCache(203)) - created volume:vol-2908896992-22 for user:runner
2025-04-24 14:03:58,018 [omNode-3-OMStateMachineApplyTransactionThread - 0] INFO  volume.OMVolumeCreateRequest (OMVolumeCreateRequest.java:validateAndUpdateCache(203)) - created volume:vol-2908896992-23 for user:runner
2025-04-24 14:03:58,019 [main] INFO  rpc.RpcClient (RpcClient.java:createVolume(462)) - Creating Volume: vol-2908896992-24, with runner as owner and space quota set to -1 bytes, counts quota set to -1
2025-04-24 14:03:58,021 [omNode-2-OMStateMachineApplyTransactionThread - 0] INFO  volume.OMVolumeCreateRequest (OMVolumeCreateRequest.java:validateAndUpdateCache(203)) - created volume:vol-2908896992-23 for user:runner
2025-04-24 14:03:58,025 [omNode-3-OMStateMachineApplyTransactionThread - 0] INFO  volume.OMVolumeCreateRequest (OMVolumeCreateRequest.java:validateAndUpdateCache(203)) - created volume:vol-2908896992-24 for user:runner
2025-04-24 14:03:58,027 [main] INFO  rpc.RpcClient (RpcClient.java:createVolume(462)) - Creating Volume: vol-2908896992-25, with runner as owner and space quota set to -1 bytes, counts quota set to -1
2025-04-24 14:03:58,036 [omNode-1@group-523986131536-StateMachineUpdater] INFO  ratis.OzoneManagerStateMachine (OzoneManagerStateMachine.java:takeSnapshotImpl(510)) - omNode-1: taking snapshot. applied = (t:11, i:151), skipped = 150, notified = (t:11, i:151), current snapshot index = (t:11, i:151), took 24 ms
2025-04-24 14:03:58,036 [omNode-1@group-523986131536-StateMachineUpdater] INFO  impl.StateMachineUpdater (StateMachineUpdater.java:takeSnapshot(303)) - omNode-1@group-523986131536-StateMachineUpdater: Took a snapshot at index 151
2025-04-24 14:03:58,036 [omNode-1@group-523986131536-StateMachineUpdater] INFO  impl.StateMachineUpdater (StateMachineUpdater.java:lambda$new$0(102)) - omNode-1@group-523986131536-StateMachineUpdater: snapshotIndex: updateIncreasingly 101 -> 151
2025-04-24 14:03:58,036 [omNode-1@group-523986131536-StateMachineUpdater] INFO  raftlog.RaftLog (RaftLogBase.java:purge(325)) - omNode-1@group-523986131536-SegmentedRaftLog: purge 151
2025-04-24 14:03:58,036 [omNode-1@group-523986131536-StateMachineUpdater] INFO  raftlog.RaftLog (RaftLogBase.java:lambda$new$0(54)) - omNode-1@group-523986131536-SegmentedRaftLog: snapshotIndex: updateIncreasingly 101 -> 151
2025-04-24 14:03:58,036 [omNode-1@group-523986131536-StateMachineUpdater] INFO  raftlog.RaftLog (SegmentedRaftLog.java:purgeImpl(382)) - omNode-1@group-523986131536-SegmentedRaftLog: purge(151)
  toTruncate: null
    toDelete: [(104, 105) isOpen? false, length=0, newEndIndex=0, (102, 103) isOpen? false, length=0, newEndIndex=0, (76, 101) isOpen? false, length=0, newEndIndex=0]
2025-04-24 14:03:58,037 [omNode-1@group-523986131536-SegmentedRaftLogWorker] INFO  segmented.SegmentedRaftLogWorker (SegmentedRaftLogWorker.java:execute(481)) - omNode-1@group-523986131536-SegmentedRaftLogWorker: Purged RaftLog segment: info=(104, 105) isOpen? false, length=0, newEndIndex=0, path=/home/runner/work/ozone/ozone/hadoop-ozone/integration-test/target/test-dir/MiniOzoneClusterImpl-4e6105ad-12bc-4f18-9d37-351d73277e17/omNode-1/ratis/c9bc4cf4-3bc3-3c60-a66b-523986131536/current/log_104-105
2025-04-24 14:03:58,037 [omNode-1@group-523986131536-SegmentedRaftLogWorker] INFO  segmented.SegmentedRaftLogWorker (SegmentedRaftLogWorker.java:execute(481)) - omNode-1@group-523986131536-SegmentedRaftLogWorker: Purged RaftLog segment: info=(102, 103) isOpen? false, length=0, newEndIndex=0, path=/home/runner/work/ozone/ozone/hadoop-ozone/integration-test/target/test-dir/MiniOzoneClusterImpl-4e6105ad-12bc-4f18-9d37-351d73277e17/omNode-1/ratis/c9bc4cf4-3bc3-3c60-a66b-523986131536/current/log_102-103
2025-04-24 14:03:58,037 [omNode-1@group-523986131536-SegmentedRaftLogWorker] INFO  segmented.SegmentedRaftLogWorker (SegmentedRaftLogWorker.java:execute(481)) - omNode-1@group-523986131536-SegmentedRaftLogWorker: Purged RaftLog segment: info=(76, 101) isOpen? false, length=0, newEndIndex=0, path=/home/runner/work/ozone/ozone/hadoop-ozone/integration-test/target/test-dir/MiniOzoneClusterImpl-4e6105ad-12bc-4f18-9d37-351d73277e17/omNode-1/ratis/c9bc4cf4-3bc3-3c60-a66b-523986131536/current/log_76-101
2025-04-24 14:03:58,037 [omNode-1@group-523986131536-SegmentedRaftLogWorker] INFO  raftlog.RaftLog (RaftLogBase.java:lambda$new$0(54)) - omNode-1@group-523986131536-SegmentedRaftLog: purgeIndex: updateToMax old=75, new=105, updated? true
2025-04-24 14:03:58,038 [omNode-1-OMStateMachineApplyTransactionThread - 0] INFO  volume.OMVolumeCreateRequest (OMVolumeCreateRequest.java:validateAndUpdateCache(203)) - created volume:vol-2908896992-22 for user:runner
2025-04-24 14:03:58,040 [omNode-1-OMStateMachineApplyTransactionThread - 0] INFO  volume.OMVolumeCreateRequest (OMVolumeCreateRequest.java:validateAndUpdateCache(203)) - created volume:vol-2908896992-23 for user:runner
2025-04-24 14:03:58,041 [omNode-1-OMStateMachineApplyTransactionThread - 0] INFO  volume.OMVolumeCreateRequest (OMVolumeCreateRequest.java:validateAndUpdateCache(203)) - created volume:vol-2908896992-24 for user:runner
2025-04-24 14:03:58,043 [omNode-1-OMStateMachineApplyTransactionThread - 0] INFO  volume.OMVolumeCreateRequest (OMVolumeCreateRequest.java:validateAndUpdateCache(203)) - created volume:vol-2908896992-25 for user:runner
2025-04-24 14:03:58,047 [omNode-2@group-523986131536-StateMachineUpdater] INFO  ratis.OzoneManagerStateMachine (OzoneManagerStateMachine.java:takeSnapshotImpl(510)) - omNode-2: taking snapshot. applied = (t:11, i:155), skipped = 154, notified = (t:11, i:155), current snapshot index = (t:11, i:155), took 24 ms
2025-04-24 14:03:58,048 [omNode-2@group-523986131536-StateMachineUpdater] INFO  impl.StateMachineUpdater (StateMachineUpdater.java:takeSnapshot(303)) - omNode-2@group-523986131536-StateMachineUpdater: Took a snapshot at index 155
2025-04-24 14:03:58,048 [omNode-2@group-523986131536-StateMachineUpdater] INFO  impl.StateMachineUpdater (StateMachineUpdater.java:lambda$new$0(102)) - omNode-2@group-523986131536-StateMachineUpdater: snapshotIndex: updateIncreasingly 105 -> 155
2025-04-24 14:03:58,048 [omNode-2@group-523986131536-StateMachineUpdater] INFO  raftlog.RaftLog (RaftLogBase.java:purge(325)) - omNode-2@group-523986131536-SegmentedRaftLog: purge 155
2025-04-24 14:03:58,048 [omNode-2@group-523986131536-StateMachineUpdater] INFO  raftlog.RaftLog (RaftLogBase.java:lambda$new$0(54)) - omNode-2@group-523986131536-SegmentedRaftLog: snapshotIndex: updateIncreasingly 105 -> 155
2025-04-24 14:03:58,048 [omNode-2@group-523986131536-StateMachineUpdater] INFO  raftlog.RaftLog (SegmentedRaftLog.java:purgeImpl(382)) - omNode-2@group-523986131536-SegmentedRaftLog: purge(155)
  toTruncate: null
    toDelete: [(104, 105) isOpen? false, length=0, newEndIndex=0, (102, 103) isOpen? false, length=0, newEndIndex=0]
2025-04-24 14:03:58,049 [omNode-2@group-523986131536-SegmentedRaftLogWorker] INFO  segmented.SegmentedRaftLogWorker (SegmentedRaftLogWorker.java:execute(481)) - omNode-2@group-523986131536-SegmentedRaftLogWorker: Purged RaftLog segment: info=(104, 105) isOpen? false, length=0, newEndIndex=0, path=/home/runner/work/ozone/ozone/hadoop-ozone/integration-test/target/test-dir/MiniOzoneClusterImpl-4e6105ad-12bc-4f18-9d37-351d73277e17/omNode-2/ratis/c9bc4cf4-3bc3-3c60-a66b-523986131536/current/log_104-105
2025-04-24 14:03:58,049 [omNode-2@group-523986131536-SegmentedRaftLogWorker] INFO  segmented.SegmentedRaftLogWorker (SegmentedRaftLogWorker.java:execute(481)) - omNode-2@group-523986131536-SegmentedRaftLogWorker: Purged RaftLog segment: info=(102, 103) isOpen? false, length=0, newEndIndex=0, path=/home/runner/work/ozone/ozone/hadoop-ozone/integration-test/target/test-dir/MiniOzoneClusterImpl-4e6105ad-12bc-4f18-9d37-351d73277e17/omNode-2/ratis/c9bc4cf4-3bc3-3c60-a66b-523986131536/current/log_102-103
2025-04-24 14:03:58,049 [omNode-2@group-523986131536-SegmentedRaftLogWorker] INFO  raftlog.RaftLog (RaftLogBase.java:lambda$new$0(54)) - omNode-2@group-523986131536-SegmentedRaftLog: purgeIndex: updateToMax old=101, new=105, updated? true
2025-04-24 14:03:58,050 [omNode-2-OMStateMachineApplyTransactionThread - 0] INFO  volume.OMVolumeCreateRequest (OMVolumeCreateRequest.java:validateAndUpdateCache(203)) - created volume:vol-2908896992-24 for user:runner
2025-04-24 14:03:58,050 [omNode-2-OMStateMachineApplyTransactionThread - 0] INFO  volume.OMVolumeCreateRequest (OMVolumeCreateRequest.java:validateAndUpdateCache(203)) - created volume:vol-2908896992-25 for user:runner
2025-04-24 14:03:58,053 [omNode-3@group-523986131536-StateMachineUpdater] INFO  ratis.OzoneManagerStateMachine (OzoneManagerStateMachine.java:takeSnapshotImpl(510)) - omNode-3: taking snapshot. applied = (t:11, i:155), skipped = 154, notified = (t:11, i:155), current snapshot index = (t:11, i:155), took 27 ms
2025-04-24 14:03:58,053 [omNode-3@group-523986131536-StateMachineUpdater] INFO  impl.StateMachineUpdater (StateMachineUpdater.java:takeSnapshot(303)) - omNode-3@group-523986131536-StateMachineUpdater: Took a snapshot at index 155
2025-04-24 14:03:58,053 [omNode-3@group-523986131536-StateMachineUpdater] INFO  impl.StateMachineUpdater (StateMachineUpdater.java:lambda$new$0(102)) - omNode-3@group-523986131536-StateMachineUpdater: snapshotIndex: updateIncreasingly 105 -> 155
2025-04-24 14:03:58,053 [omNode-3@group-523986131536-StateMachineUpdater] INFO  raftlog.RaftLog (RaftLogBase.java:purge(325)) - omNode-3@group-523986131536-SegmentedRaftLog: purge 155
2025-04-24 14:03:58,053 [omNode-3@group-523986131536-StateMachineUpdater] INFO  raftlog.RaftLog (RaftLogBase.java:lambda$new$0(54)) - omNode-3@group-523986131536-SegmentedRaftLog: snapshotIndex: updateIncreasingly 105 -> 155
2025-04-24 14:03:58,053 [omNode-3@group-523986131536-StateMachineUpdater] INFO  raftlog.RaftLog (SegmentedRaftLog.java:purgeImpl(382)) - omNode-3@group-523986131536-SegmentedRaftLog: purge(155)
  toTruncate: null
    toDelete: [(104, 105) isOpen? false, length=0, newEndIndex=0, (102, 103) isOpen? false, length=0, newEndIndex=0]
2025-04-24 14:03:58,054 [omNode-3@group-523986131536-SegmentedRaftLogWorker] INFO  segmented.SegmentedRaftLogWorker (SegmentedRaftLogWorker.java:execute(481)) - omNode-3@group-523986131536-SegmentedRaftLogWorker: Purged RaftLog segment: info=(104, 105) isOpen? false, length=0, newEndIndex=0, path=/home/runner/work/ozone/ozone/hadoop-ozone/integration-test/target/test-dir/MiniOzoneClusterImpl-4e6105ad-12bc-4f18-9d37-351d73277e17/omNode-3/ratis/c9bc4cf4-3bc3-3c60-a66b-523986131536/current/log_104-105
2025-04-24 14:03:58,054 [omNode-3@group-523986131536-SegmentedRaftLogWorker] INFO  segmented.SegmentedRaftLogWorker (SegmentedRaftLogWorker.java:execute(481)) - omNode-3@group-523986131536-SegmentedRaftLogWorker: Purged RaftLog segment: info=(102, 103) isOpen? false, length=0, newEndIndex=0, path=/home/runner/work/ozone/ozone/hadoop-ozone/integration-test/target/test-dir/MiniOzoneClusterImpl-4e6105ad-12bc-4f18-9d37-351d73277e17/omNode-3/ratis/c9bc4cf4-3bc3-3c60-a66b-523986131536/current/log_102-103
2025-04-24 14:03:58,054 [omNode-3@group-523986131536-SegmentedRaftLogWorker] INFO  raftlog.RaftLog (RaftLogBase.java:lambda$new$0(54)) - omNode-3@group-523986131536-SegmentedRaftLog: purgeIndex: updateToMax old=101, new=105, updated? true
2025-04-24 14:03:58,054 [omNode-3-OMStateMachineApplyTransactionThread - 0] INFO  volume.OMVolumeCreateRequest (OMVolumeCreateRequest.java:validateAndUpdateCache(203)) - created volume:vol-2908896992-25 for user:runner
2025-04-24 14:03:58,057 [main] INFO  rpc.RpcClient (RpcClient.java:createVolume(462)) - Creating Volume: vol-2908896992-26, with runner as owner and space quota set to -1 bytes, counts quota set to -1
2025-04-24 14:03:58,060 [omNode-3-OMStateMachineApplyTransactionThread - 0] INFO  volume.OMVolumeCreateRequest (OMVolumeCreateRequest.java:validateAndUpdateCache(203)) - created volume:vol-2908896992-26 for user:runner
2025-04-24 14:03:58,062 [omNode-2-OMStateMachineApplyTransactionThread - 0] INFO  volume.OMVolumeCreateRequest (OMVolumeCreateRequest.java:validateAndUpdateCache(203)) - created volume:vol-2908896992-26 for user:runner
2025-04-24 14:03:58,062 [main] INFO  rpc.RpcClient (RpcClient.java:createVolume(462)) - Creating Volume: vol-2908896992-27, with runner as owner and space quota set to -1 bytes, counts quota set to -1
2025-04-24 14:03:58,062 [omNode-1-OMStateMachineApplyTransactionThread - 0] INFO  volume.OMVolumeCreateRequest (OMVolumeCreateRequest.java:validateAndUpdateCache(203)) - created volume:vol-2908896992-26 for user:runner
2025-04-24 14:03:58,065 [omNode-3-OMStateMachineApplyTransactionThread - 0] INFO  volume.OMVolumeCreateRequest (OMVolumeCreateRequest.java:validateAndUpdateCache(203)) - created volume:vol-2908896992-27 for user:runner
2025-04-24 14:03:58,067 [main] INFO  rpc.RpcClient (RpcClient.java:createVolume(462)) - Creating Volume: vol-2908896992-28, with runner as owner and space quota set to -1 bytes, counts quota set to -1
2025-04-24 14:03:58,067 [omNode-1-OMStateMachineApplyTransactionThread - 0] INFO  volume.OMVolumeCreateRequest (OMVolumeCreateRequest.java:validateAndUpdateCache(203)) - created volume:vol-2908896992-27 for user:runner
2025-04-24 14:03:58,068 [omNode-2-OMStateMachineApplyTransactionThread - 0] INFO  volume.OMVolumeCreateRequest (OMVolumeCreateRequest.java:validateAndUpdateCache(203)) - created volume:vol-2908896992-27 for user:runner
2025-04-24 14:03:58,072 [omNode-3-OMStateMachineApplyTransactionThread - 0] INFO  volume.OMVolumeCreateRequest (OMVolumeCreateRequest.java:validateAndUpdateCache(203)) - created volume:vol-2908896992-28 for user:runner
2025-04-24 14:03:58,072 [omNode-1-OMStateMachineApplyTransactionThread - 0] INFO  volume.OMVolumeCreateRequest (OMVolumeCreateRequest.java:validateAndUpdateCache(203)) - created volume:vol-2908896992-28 for user:runner
2025-04-24 14:03:58,073 [main] INFO  rpc.RpcClient (RpcClient.java:createVolume(462)) - Creating Volume: vol-2908896992-29, with runner as owner and space quota set to -1 bytes, counts quota set to -1
2025-04-24 14:03:58,073 [omNode-2-OMStateMachineApplyTransactionThread - 0] INFO  volume.OMVolumeCreateRequest (OMVolumeCreateRequest.java:validateAndUpdateCache(203)) - created volume:vol-2908896992-28 for user:runner
2025-04-24 14:03:58,076 [omNode-3-OMStateMachineApplyTransactionThread - 0] INFO  volume.OMVolumeCreateRequest (OMVolumeCreateRequest.java:validateAndUpdateCache(203)) - created volume:vol-2908896992-29 for user:runner
2025-04-24 14:03:58,077 [main] INFO  rpc.RpcClient (RpcClient.java:createVolume(462)) - Creating Volume: vol-2908896992-30, with runner as owner and space quota set to -1 bytes, counts quota set to -1
2025-04-24 14:03:58,077 [omNode-2-OMStateMachineApplyTransactionThread - 0] INFO  volume.OMVolumeCreateRequest (OMVolumeCreateRequest.java:validateAndUpdateCache(203)) - created volume:vol-2908896992-29 for user:runner
2025-04-24 14:03:58,079 [omNode-1-OMStateMachineApplyTransactionThread - 0] INFO  volume.OMVolumeCreateRequest (OMVolumeCreateRequest.java:validateAndUpdateCache(203)) - created volume:vol-2908896992-29 for user:runner
2025-04-24 14:03:58,081 [omNode-3-OMStateMachineApplyTransactionThread - 0] INFO  volume.OMVolumeCreateRequest (OMVolumeCreateRequest.java:validateAndUpdateCache(203)) - created volume:vol-2908896992-30 for user:runner
2025-04-24 14:03:58,082 [main] INFO  rpc.RpcClient (RpcClient.java:createVolume(462)) - Creating Volume: vol-2908896992-31, with runner as owner and space quota set to -1 bytes, counts quota set to -1
2025-04-24 14:03:58,082 [omNode-2-OMStateMachineApplyTransactionThread - 0] INFO  volume.OMVolumeCreateRequest (OMVolumeCreateRequest.java:validateAndUpdateCache(203)) - created volume:vol-2908896992-30 for user:runner
2025-04-24 14:03:58,082 [omNode-1-OMStateMachineApplyTransactionThread - 0] INFO  volume.OMVolumeCreateRequest (OMVolumeCreateRequest.java:validateAndUpdateCache(203)) - created volume:vol-2908896992-30 for user:runner
2025-04-24 14:03:58,085 [omNode-3-OMStateMachineApplyTransactionThread - 0] INFO  volume.OMVolumeCreateRequest (OMVolumeCreateRequest.java:validateAndUpdateCache(203)) - created volume:vol-2908896992-31 for user:runner
2025-04-24 14:03:58,086 [main] INFO  rpc.RpcClient (RpcClient.java:createVolume(462)) - Creating Volume: vol-2908896992-32, with runner as owner and space quota set to -1 bytes, counts quota set to -1
2025-04-24 14:03:58,086 [omNode-2-OMStateMachineApplyTransactionThread - 0] INFO  volume.OMVolumeCreateRequest (OMVolumeCreateRequest.java:validateAndUpdateCache(203)) - created volume:vol-2908896992-31 for user:runner
2025-04-24 14:03:58,086 [omNode-1-OMStateMachineApplyTransactionThread - 0] INFO  volume.OMVolumeCreateRequest (OMVolumeCreateRequest.java:validateAndUpdateCache(203)) - created volume:vol-2908896992-31 for user:runner
2025-04-24 14:03:58,089 [omNode-3-OMStateMachineApplyTransactionThread - 0] INFO  volume.OMVolumeCreateRequest (OMVolumeCreateRequest.java:validateAndUpdateCache(203)) - created volume:vol-2908896992-32 for user:runner
2025-04-24 14:03:58,089 [omNode-2-OMStateMachineApplyTransactionThread - 0] INFO  volume.OMVolumeCreateRequest (OMVolumeCreateRequest.java:validateAndUpdateCache(203)) - created volume:vol-2908896992-32 for user:runner
2025-04-24 14:03:58,090 [main] INFO  rpc.RpcClient (RpcClient.java:createVolume(462)) - Creating Volume: vol-2908896992-33, with runner as owner and space quota set to -1 bytes, counts quota set to -1
2025-04-24 14:03:58,090 [omNode-1-OMStateMachineApplyTransactionThread - 0] INFO  volume.OMVolumeCreateRequest (OMVolumeCreateRequest.java:validateAndUpdateCache(203)) - created volume:vol-2908896992-32 for user:runner
2025-04-24 14:03:58,094 [omNode-3-OMStateMachineApplyTransactionThread - 0] INFO  volume.OMVolumeCreateRequest (OMVolumeCreateRequest.java:validateAndUpdateCache(203)) - created volume:vol-2908896992-33 for user:runner
2025-04-24 14:03:58,095 [main] INFO  rpc.RpcClient (RpcClient.java:createVolume(462)) - Creating Volume: vol-2908896992-34, with runner as owner and space quota set to -1 bytes, counts quota set to -1
2025-04-24 14:03:58,096 [omNode-2-OMStateMachineApplyTransactionThread - 0] INFO  volume.OMVolumeCreateRequest (OMVolumeCreateRequest.java:validateAndUpdateCache(203)) - created volume:vol-2908896992-33 for user:runner
2025-04-24 14:03:58,096 [omNode-1-OMStateMachineApplyTransactionThread - 0] INFO  volume.OMVolumeCreateRequest (OMVolumeCreateRequest.java:validateAndUpdateCache(203)) - created volume:vol-2908896992-33 for user:runner
2025-04-24 14:03:58,100 [omNode-3-OMStateMachineApplyTransactionThread - 0] INFO  volume.OMVolumeCreateRequest (OMVolumeCreateRequest.java:validateAndUpdateCache(203)) - created volume:vol-2908896992-34 for user:runner
2025-04-24 14:03:58,100 [omNode-2-OMStateMachineApplyTransactionThread - 0] INFO  volume.OMVolumeCreateRequest (OMVolumeCreateRequest.java:validateAndUpdateCache(203)) - created volume:vol-2908896992-34 for user:runner
2025-04-24 14:03:58,101 [omNode-1-OMStateMachineApplyTransactionThread - 0] INFO  volume.OMVolumeCreateRequest (OMVolumeCreateRequest.java:validateAndUpdateCache(203)) - created volume:vol-2908896992-34 for user:runner
2025-04-24 14:03:58,101 [main] INFO  rpc.RpcClient (RpcClient.java:createVolume(462)) - Creating Volume: vol-2908896992-35, with runner as owner and space quota set to -1 bytes, counts quota set to -1
2025-04-24 14:03:58,107 [omNode-3-OMStateMachineApplyTransactionThread - 0] INFO  volume.OMVolumeCreateRequest (OMVolumeCreateRequest.java:validateAndUpdateCache(203)) - created volume:vol-2908896992-35 for user:runner
2025-04-24 14:03:58,108 [omNode-2-OMStateMachineApplyTransactionThread - 0] INFO  volume.OMVolumeCreateRequest (OMVolumeCreateRequest.java:validateAndUpdateCache(203)) - created volume:vol-2908896992-35 for user:runner
2025-04-24 14:03:58,109 [main] INFO  rpc.RpcClient (RpcClient.java:createVolume(462)) - Creating Volume: vol-2908896992-36, with runner as owner and space quota set to -1 bytes, counts quota set to -1
2025-04-24 14:03:58,109 [omNode-1-OMStateMachineApplyTransactionThread - 0] INFO  volume.OMVolumeCreateRequest (OMVolumeCreateRequest.java:validateAndUpdateCache(203)) - created volume:vol-2908896992-35 for user:runner
2025-04-24 14:03:58,114 [omNode-3-OMStateMachineApplyTransactionThread - 0] INFO  volume.OMVolumeCreateRequest (OMVolumeCreateRequest.java:validateAndUpdateCache(203)) - created volume:vol-2908896992-36 for user:runner
2025-04-24 14:03:58,115 [omNode-2-OMStateMachineApplyTransactionThread - 0] INFO  volume.OMVolumeCreateRequest (OMVolumeCreateRequest.java:validateAndUpdateCache(203)) - created volume:vol-2908896992-36 for user:runner
2025-04-24 14:03:58,116 [omNode-1-OMStateMachineApplyTransactionThread - 0] INFO  volume.OMVolumeCreateRequest (OMVolumeCreateRequest.java:validateAndUpdateCache(203)) - created volume:vol-2908896992-36 for user:runner
2025-04-24 14:03:58,116 [main] INFO  rpc.RpcClient (RpcClient.java:createVolume(462)) - Creating Volume: vol-2908896992-37, with runner as owner and space quota set to -1 bytes, counts quota set to -1
2025-04-24 14:03:58,120 [omNode-3-OMStateMachineApplyTransactionThread - 0] INFO  volume.OMVolumeCreateRequest (OMVolumeCreateRequest.java:validateAndUpdateCache(203)) - created volume:vol-2908896992-37 for user:runner
2025-04-24 14:03:58,122 [omNode-2-OMStateMachineApplyTransactionThread - 0] INFO  volume.OMVolumeCreateRequest (OMVolumeCreateRequest.java:validateAndUpdateCache(203)) - created volume:vol-2908896992-37 for user:runner
2025-04-24 14:03:58,123 [omNode-1-OMStateMachineApplyTransactionThread - 0] INFO  volume.OMVolumeCreateRequest (OMVolumeCreateRequest.java:validateAndUpdateCache(203)) - created volume:vol-2908896992-37 for user:runner
2025-04-24 14:03:58,124 [main] INFO  rpc.RpcClient (RpcClient.java:createVolume(462)) - Creating Volume: vol-2908896992-38, with runner as owner and space quota set to -1 bytes, counts quota set to -1
2025-04-24 14:03:58,127 [omNode-3-OMStateMachineApplyTransactionThread - 0] INFO  volume.OMVolumeCreateRequest (OMVolumeCreateRequest.java:validateAndUpdateCache(203)) - created volume:vol-2908896992-38 for user:runner
2025-04-24 14:03:58,128 [main] INFO  rpc.RpcClient (RpcClient.java:createVolume(462)) - Creating Volume: vol-2908896992-39, with runner as owner and space quota set to -1 bytes, counts quota set to -1
2025-04-24 14:03:58,129 [omNode-1-OMStateMachineApplyTransactionThread - 0] INFO  volume.OMVolumeCreateRequest (OMVolumeCreateRequest.java:validateAndUpdateCache(203)) - created volume:vol-2908896992-38 for user:runner
2025-04-24 14:03:58,129 [omNode-2-OMStateMachineApplyTransactionThread - 0] INFO  volume.OMVolumeCreateRequest (OMVolumeCreateRequest.java:validateAndUpdateCache(203)) - created volume:vol-2908896992-38 for user:runner
2025-04-24 14:03:58,136 [omNode-3-OMStateMachineApplyTransactionThread - 0] INFO  volume.OMVolumeCreateRequest (OMVolumeCreateRequest.java:validateAndUpdateCache(203)) - created volume:vol-2908896992-39 for user:runner
2025-04-24 14:03:58,136 [omNode-1-OMStateMachineApplyTransactionThread - 0] INFO  volume.OMVolumeCreateRequest (OMVolumeCreateRequest.java:validateAndUpdateCache(203)) - created volume:vol-2908896992-39 for user:runner
2025-04-24 14:03:58,137 [main] INFO  rpc.RpcClient (RpcClient.java:createVolume(462)) - Creating Volume: vol-2908896992-40, with runner as owner and space quota set to -1 bytes, counts quota set to -1
2025-04-24 14:03:58,137 [omNode-2-OMStateMachineApplyTransactionThread - 0] INFO  volume.OMVolumeCreateRequest (OMVolumeCreateRequest.java:validateAndUpdateCache(203)) - created volume:vol-2908896992-39 for user:runner
2025-04-24 14:03:58,141 [omNode-3-OMStateMachineApplyTransactionThread - 0] INFO  volume.OMVolumeCreateRequest (OMVolumeCreateRequest.java:validateAndUpdateCache(203)) - created volume:vol-2908896992-40 for user:runner
2025-04-24 14:03:58,142 [omNode-2-OMStateMachineApplyTransactionThread - 0] INFO  volume.OMVolumeCreateRequest (OMVolumeCreateRequest.java:validateAndUpdateCache(203)) - created volume:vol-2908896992-40 for user:runner
2025-04-24 14:03:58,142 [main] INFO  rpc.RpcClient (RpcClient.java:createVolume(462)) - Creating Volume: vol-2908896992-41, with runner as owner and space quota set to -1 bytes, counts quota set to -1
2025-04-24 14:03:58,142 [omNode-1-OMStateMachineApplyTransactionThread - 0] INFO  volume.OMVolumeCreateRequest (OMVolumeCreateRequest.java:validateAndUpdateCache(203)) - created volume:vol-2908896992-40 for user:runner
2025-04-24 14:03:58,147 [omNode-3-OMStateMachineApplyTransactionThread - 0] INFO  volume.OMVolumeCreateRequest (OMVolumeCreateRequest.java:validateAndUpdateCache(203)) - created volume:vol-2908896992-41 for user:runner
2025-04-24 14:03:58,148 [main] INFO  rpc.RpcClient (RpcClient.java:createVolume(462)) - Creating Volume: vol-2908896992-42, with runner as owner and space quota set to -1 bytes, counts quota set to -1
2025-04-24 14:03:58,149 [omNode-1-OMStateMachineApplyTransactionThread - 0] INFO  volume.OMVolumeCreateRequest (OMVolumeCreateRequest.java:validateAndUpdateCache(203)) - created volume:vol-2908896992-41 for user:runner
2025-04-24 14:03:58,149 [omNode-2-OMStateMachineApplyTransactionThread - 0] INFO  volume.OMVolumeCreateRequest (OMVolumeCreateRequest.java:validateAndUpdateCache(203)) - created volume:vol-2908896992-41 for user:runner
2025-04-24 14:03:58,153 [omNode-3-OMStateMachineApplyTransactionThread - 0] INFO  volume.OMVolumeCreateRequest (OMVolumeCreateRequest.java:validateAndUpdateCache(203)) - created volume:vol-2908896992-42 for user:runner
2025-04-24 14:03:58,154 [omNode-1-OMStateMachineApplyTransactionThread - 0] INFO  volume.OMVolumeCreateRequest (OMVolumeCreateRequest.java:validateAndUpdateCache(203)) - created volume:vol-2908896992-42 for user:runner
2025-04-24 14:03:58,154 [omNode-2-OMStateMachineApplyTransactionThread - 0] INFO  volume.OMVolumeCreateRequest (OMVolumeCreateRequest.java:validateAndUpdateCache(203)) - created volume:vol-2908896992-42 for user:runner
2025-04-24 14:03:58,156 [main] INFO  rpc.RpcClient (RpcClient.java:createVolume(462)) - Creating Volume: vol-2908896992-43, with runner as owner and space quota set to -1 bytes, counts quota set to -1
2025-04-24 14:03:58,161 [omNode-3-OMStateMachineApplyTransactionThread - 0] INFO  volume.OMVolumeCreateRequest (OMVolumeCreateRequest.java:validateAndUpdateCache(203)) - created volume:vol-2908896992-43 for user:runner
2025-04-24 14:03:58,162 [omNode-1-OMStateMachineApplyTransactionThread - 0] INFO  volume.OMVolumeCreateRequest (OMVolumeCreateRequest.java:validateAndUpdateCache(203)) - created volume:vol-2908896992-43 for user:runner
2025-04-24 14:03:58,161 [omNode-2-OMStateMachineApplyTransactionThread - 0] INFO  volume.OMVolumeCreateRequest (OMVolumeCreateRequest.java:validateAndUpdateCache(203)) - created volume:vol-2908896992-43 for user:runner
2025-04-24 14:03:58,163 [main] INFO  rpc.RpcClient (RpcClient.java:createVolume(462)) - Creating Volume: vol-2908896992-44, with runner as owner and space quota set to -1 bytes, counts quota set to -1
2025-04-24 14:03:58,168 [omNode-3-OMStateMachineApplyTransactionThread - 0] INFO  volume.OMVolumeCreateRequest (OMVolumeCreateRequest.java:validateAndUpdateCache(203)) - created volume:vol-2908896992-44 for user:runner
2025-04-24 14:03:58,171 [omNode-1-OMStateMachineApplyTransactionThread - 0] INFO  volume.OMVolumeCreateRequest (OMVolumeCreateRequest.java:validateAndUpdateCache(203)) - created volume:vol-2908896992-44 for user:runner
2025-04-24 14:03:58,171 [omNode-2-OMStateMachineApplyTransactionThread - 0] INFO  volume.OMVolumeCreateRequest (OMVolumeCreateRequest.java:validateAndUpdateCache(203)) - created volume:vol-2908896992-44 for user:runner
2025-04-24 14:03:58,171 [main] INFO  rpc.RpcClient (RpcClient.java:createVolume(462)) - Creating Volume: vol-2908896992-45, with runner as owner and space quota set to -1 bytes, counts quota set to -1
2025-04-24 14:03:58,177 [omNode-3-OMStateMachineApplyTransactionThread - 0] INFO  volume.OMVolumeCreateRequest (OMVolumeCreateRequest.java:validateAndUpdateCache(203)) - created volume:vol-2908896992-45 for user:runner
2025-04-24 14:03:58,179 [omNode-2-OMStateMachineApplyTransactionThread - 0] INFO  volume.OMVolumeCreateRequest (OMVolumeCreateRequest.java:validateAndUpdateCache(203)) - created volume:vol-2908896992-45 for user:runner
2025-04-24 14:03:58,179 [main] INFO  rpc.RpcClient (RpcClient.java:createVolume(462)) - Creating Volume: vol-2908896992-46, with runner as owner and space quota set to -1 bytes, counts quota set to -1
2025-04-24 14:03:58,179 [omNode-1-OMStateMachineApplyTransactionThread - 0] INFO  volume.OMVolumeCreateRequest (OMVolumeCreateRequest.java:validateAndUpdateCache(203)) - created volume:vol-2908896992-45 for user:runner
2025-04-24 14:03:58,184 [omNode-3-OMStateMachineApplyTransactionThread - 0] INFO  volume.OMVolumeCreateRequest (OMVolumeCreateRequest.java:validateAndUpdateCache(203)) - created volume:vol-2908896992-46 for user:runner
2025-04-24 14:03:58,186 [omNode-2-OMStateMachineApplyTransactionThread - 0] INFO  volume.OMVolumeCreateRequest (OMVolumeCreateRequest.java:validateAndUpdateCache(203)) - created volume:vol-2908896992-46 for user:runner
2025-04-24 14:03:58,186 [main] INFO  rpc.RpcClient (RpcClient.java:createVolume(462)) - Creating Volume: vol-2908896992-47, with runner as owner and space quota set to -1 bytes, counts quota set to -1
2025-04-24 14:03:58,187 [omNode-1-OMStateMachineApplyTransactionThread - 0] INFO  volume.OMVolumeCreateRequest (OMVolumeCreateRequest.java:validateAndUpdateCache(203)) - created volume:vol-2908896992-46 for user:runner
2025-04-24 14:03:58,191 [omNode-3-OMStateMachineApplyTransactionThread - 0] INFO  volume.OMVolumeCreateRequest (OMVolumeCreateRequest.java:validateAndUpdateCache(203)) - created volume:vol-2908896992-47 for user:runner
2025-04-24 14:03:58,192 [main] INFO  rpc.RpcClient (RpcClient.java:createVolume(462)) - Creating Volume: vol-2908896992-48, with runner as owner and space quota set to -1 bytes, counts quota set to -1
2025-04-24 14:03:58,193 [omNode-2-OMStateMachineApplyTransactionThread - 0] INFO  volume.OMVolumeCreateRequest (OMVolumeCreateRequest.java:validateAndUpdateCache(203)) - created volume:vol-2908896992-47 for user:runner
2025-04-24 14:03:58,199 [omNode-3-OMStateMachineApplyTransactionThread - 0] INFO  volume.OMVolumeCreateRequest (OMVolumeCreateRequest.java:validateAndUpdateCache(203)) - created volume:vol-2908896992-48 for user:runner
2025-04-24 14:03:58,200 [omNode-2-OMStateMachineApplyTransactionThread - 0] INFO  volume.OMVolumeCreateRequest (OMVolumeCreateRequest.java:validateAndUpdateCache(203)) - created volume:vol-2908896992-48 for user:runner
2025-04-24 14:03:58,201 [main] INFO  rpc.RpcClient (RpcClient.java:createVolume(462)) - Creating Volume: vol-2908896992-49, with runner as owner and space quota set to -1 bytes, counts quota set to -1
2025-04-24 14:03:58,205 [omNode-3-OMStateMachineApplyTransactionThread - 0] INFO  volume.OMVolumeCreateRequest (OMVolumeCreateRequest.java:validateAndUpdateCache(203)) - created volume:vol-2908896992-49 for user:runner
2025-04-24 14:03:58,207 [main] INFO  rpc.RpcClient (RpcClient.java:createVolume(462)) - Creating Volume: vol-2908896992-50, with runner as owner and space quota set to -1 bytes, counts quota set to -1
2025-04-24 14:03:58,222 [omNode-1@group-523986131536-StateMachineUpdater] INFO  ratis.OzoneManagerStateMachine (OzoneManagerStateMachine.java:takeSnapshotImpl(510)) - omNode-1: taking snapshot. applied = (t:11, i:201), skipped = 200, notified = (t:11, i:201), current snapshot index = (t:11, i:201), took 33 ms
2025-04-24 14:03:58,222 [omNode-1@group-523986131536-StateMachineUpdater] INFO  impl.StateMachineUpdater (StateMachineUpdater.java:takeSnapshot(303)) - omNode-1@group-523986131536-StateMachineUpdater: Took a snapshot at index 201
2025-04-24 14:03:58,222 [omNode-1@group-523986131536-StateMachineUpdater] INFO  impl.StateMachineUpdater (StateMachineUpdater.java:lambda$new$0(102)) - omNode-1@group-523986131536-StateMachineUpdater: snapshotIndex: updateIncreasingly 151 -> 201
2025-04-24 14:03:58,223 [omNode-1@group-523986131536-StateMachineUpdater] INFO  raftlog.RaftLog (RaftLogBase.java:purge(325)) - omNode-1@group-523986131536-SegmentedRaftLog: purge 201
2025-04-24 14:03:58,223 [omNode-1@group-523986131536-StateMachineUpdater] INFO  raftlog.RaftLog (RaftLogBase.java:lambda$new$0(54)) - omNode-1@group-523986131536-SegmentedRaftLog: snapshotIndex: updateIncreasingly 151 -> 201
2025-04-24 14:03:58,223 [omNode-1@group-523986131536-StateMachineUpdater] INFO  raftlog.RaftLog (RaftLogBase.java:lambda$new$0(54)) - omNode-1@group-523986131536-SegmentedRaftLog: purgeIndex: updateToMax old=105, new=201, updated? true
2025-04-24 14:03:58,225 [omNode-1-OMStateMachineApplyTransactionThread - 0] INFO  volume.OMVolumeCreateRequest (OMVolumeCreateRequest.java:validateAndUpdateCache(203)) - created volume:vol-2908896992-47 for user:runner
2025-04-24 14:03:58,227 [omNode-1-OMStateMachineApplyTransactionThread - 0] INFO  volume.OMVolumeCreateRequest (OMVolumeCreateRequest.java:validateAndUpdateCache(203)) - created volume:vol-2908896992-48 for user:runner
2025-04-24 14:03:58,228 [omNode-1-OMStateMachineApplyTransactionThread - 0] INFO  volume.OMVolumeCreateRequest (OMVolumeCreateRequest.java:validateAndUpdateCache(203)) - created volume:vol-2908896992-49 for user:runner
2025-04-24 14:03:58,229 [omNode-1-OMStateMachineApplyTransactionThread - 0] INFO  volume.OMVolumeCreateRequest (OMVolumeCreateRequest.java:validateAndUpdateCache(203)) - created volume:vol-2908896992-50 for user:runner
2025-04-24 14:03:58,233 [omNode-3@group-523986131536-StateMachineUpdater] INFO  ratis.OzoneManagerStateMachine (OzoneManagerStateMachine.java:takeSnapshotImpl(510)) - omNode-3: taking snapshot. applied = (t:11, i:205), skipped = 204, notified = (t:11, i:205), current snapshot index = (t:11, i:205), took 28 ms
2025-04-24 14:03:58,233 [omNode-3@group-523986131536-StateMachineUpdater] INFO  impl.StateMachineUpdater (StateMachineUpdater.java:takeSnapshot(303)) - omNode-3@group-523986131536-StateMachineUpdater: Took a snapshot at index 205
2025-04-24 14:03:58,234 [omNode-2@group-523986131536-StateMachineUpdater] INFO  ratis.OzoneManagerStateMachine (OzoneManagerStateMachine.java:takeSnapshotImpl(510)) - omNode-2: taking snapshot. applied = (t:11, i:205), skipped = 204, notified = (t:11, i:205), current snapshot index = (t:11, i:205), took 30 ms
2025-04-24 14:03:58,234 [omNode-2@group-523986131536-StateMachineUpdater] INFO  impl.StateMachineUpdater (StateMachineUpdater.java:takeSnapshot(303)) - omNode-2@group-523986131536-StateMachineUpdater: Took a snapshot at index 205
2025-04-24 14:03:58,234 [omNode-2@group-523986131536-StateMachineUpdater] INFO  impl.StateMachineUpdater (StateMachineUpdater.java:lambda$new$0(102)) - omNode-2@group-523986131536-StateMachineUpdater: snapshotIndex: updateIncreasingly 155 -> 205
2025-04-24 14:03:58,234 [omNode-2@group-523986131536-StateMachineUpdater] INFO  raftlog.RaftLog (RaftLogBase.java:purge(325)) - omNode-2@group-523986131536-SegmentedRaftLog: purge 205
2025-04-24 14:03:58,234 [omNode-2@group-523986131536-StateMachineUpdater] INFO  raftlog.RaftLog (RaftLogBase.java:lambda$new$0(54)) - omNode-2@group-523986131536-SegmentedRaftLog: snapshotIndex: updateIncreasingly 155 -> 205
2025-04-24 14:03:58,234 [omNode-2@group-523986131536-StateMachineUpdater] INFO  raftlog.RaftLog (RaftLogBase.java:lambda$new$0(54)) - omNode-2@group-523986131536-SegmentedRaftLog: purgeIndex: updateToMax old=105, new=205, updated? true
2025-04-24 14:03:58,234 [omNode-3@group-523986131536-StateMachineUpdater] INFO  impl.StateMachineUpdater (StateMachineUpdater.java:lambda$new$0(102)) - omNode-3@group-523986131536-StateMachineUpdater: snapshotIndex: updateIncreasingly 155 -> 205
2025-04-24 14:03:58,235 [omNode-3@group-523986131536-StateMachineUpdater] INFO  raftlog.RaftLog (RaftLogBase.java:purge(325)) - omNode-3@group-523986131536-SegmentedRaftLog: purge 205
2025-04-24 14:03:58,235 [omNode-3@group-523986131536-StateMachineUpdater] INFO  raftlog.RaftLog (RaftLogBase.java:lambda$new$0(54)) - omNode-3@group-523986131536-SegmentedRaftLog: snapshotIndex: updateIncreasingly 155 -> 205
2025-04-24 14:03:58,235 [omNode-3@group-523986131536-StateMachineUpdater] INFO  raftlog.RaftLog (RaftLogBase.java:lambda$new$0(54)) - omNode-3@group-523986131536-SegmentedRaftLog: purgeIndex: updateToMax old=105, new=205, updated? true
2025-04-24 14:03:58,235 [omNode-2-OMStateMachineApplyTransactionThread - 0] INFO  volume.OMVolumeCreateRequest (OMVolumeCreateRequest.java:validateAndUpdateCache(203)) - created volume:vol-2908896992-49 for user:runner
2025-04-24 14:03:58,236 [omNode-3-OMStateMachineApplyTransactionThread - 0] INFO  volume.OMVolumeCreateRequest (OMVolumeCreateRequest.java:validateAndUpdateCache(203)) - created volume:vol-2908896992-50 for user:runner
2025-04-24 14:03:58,236 [omNode-2-OMStateMachineApplyTransactionThread - 0] INFO  volume.OMVolumeCreateRequest (OMVolumeCreateRequest.java:validateAndUpdateCache(203)) - created volume:vol-2908896992-50 for user:runner
2025-04-24 14:03:58,237 [main] INFO  rpc.RpcClient (RpcClient.java:createVolume(462)) - Creating Volume: vol-2908896992-51, with runner as owner and space quota set to -1 bytes, counts quota set to -1
2025-04-24 14:03:58,241 [omNode-3-OMStateMachineApplyTransactionThread - 0] INFO  volume.OMVolumeCreateRequest (OMVolumeCreateRequest.java:validateAndUpdateCache(203)) - created volume:vol-2908896992-51 for user:runner
2025-04-24 14:03:58,243 [omNode-2-OMStateMachineApplyTransactionThread - 0] INFO  volume.OMVolumeCreateRequest (OMVolumeCreateRequest.java:validateAndUpdateCache(203)) - created volume:vol-2908896992-51 for user:runner
2025-04-24 14:03:58,244 [main] INFO  rpc.RpcClient (RpcClient.java:createVolume(462)) - Creating Volume: vol-2908896992-52, with runner as owner and space quota set to -1 bytes, counts quota set to -1
2025-04-24 14:03:58,244 [omNode-1-OMStateMachineApplyTransactionThread - 0] INFO  volume.OMVolumeCreateRequest (OMVolumeCreateRequest.java:validateAndUpdateCache(203)) - created volume:vol-2908896992-51 for user:runner
2025-04-24 14:03:58,250 [omNode-3-OMStateMachineApplyTransactionThread - 0] INFO  volume.OMVolumeCreateRequest (OMVolumeCreateRequest.java:validateAndUpdateCache(203)) - created volume:vol-2908896992-52 for user:runner
2025-04-24 14:03:58,251 [omNode-1-OMStateMachineApplyTransactionThread - 0] INFO  volume.OMVolumeCreateRequest (OMVolumeCreateRequest.java:validateAndUpdateCache(203)) - created volume:vol-2908896992-52 for user:runner
2025-04-24 14:03:58,252 [omNode-2-OMStateMachineApplyTransactionThread - 0] INFO  volume.OMVolumeCreateRequest (OMVolumeCreateRequest.java:validateAndUpdateCache(203)) - created volume:vol-2908896992-52 for user:runner
2025-04-24 14:03:58,252 [main] INFO  rpc.RpcClient (RpcClient.java:createVolume(462)) - Creating Volume: vol-2908896992-53, with runner as owner and space quota set to -1 bytes, counts quota set to -1
2025-04-24 14:03:58,256 [omNode-3-OMStateMachineApplyTransactionThread - 0] INFO  volume.OMVolumeCreateRequest (OMVolumeCreateRequest.java:validateAndUpdateCache(203)) - created volume:vol-2908896992-53 for user:runner
2025-04-24 14:03:58,258 [omNode-1-OMStateMachineApplyTransactionThread - 0] INFO  volume.OMVolumeCreateRequest (OMVolumeCreateRequest.java:validateAndUpdateCache(203)) - created volume:vol-2908896992-53 for user:runner
2025-04-24 14:03:58,258 [main] INFO  rpc.RpcClient (RpcClient.java:createVolume(462)) - Creating Volume: vol-2908896992-54, with runner as owner and space quota set to -1 bytes, counts quota set to -1
2025-04-24 14:03:58,259 [omNode-2-OMStateMachineApplyTransactionThread - 0] INFO  volume.OMVolumeCreateRequest (OMVolumeCreateRequest.java:validateAndUpdateCache(203)) - created volume:vol-2908896992-53 for user:runner
2025-04-24 14:03:58,266 [omNode-3-OMStateMachineApplyTransactionThread - 0] INFO  volume.OMVolumeCreateRequest (OMVolumeCreateRequest.java:validateAndUpdateCache(203)) - created volume:vol-2908896992-54 for user:runner
2025-04-24 14:03:58,268 [main] INFO  rpc.RpcClient (RpcClient.java:createVolume(462)) - Creating Volume: vol-2908896992-55, with runner as owner and space quota set to -1 bytes, counts quota set to -1
2025-04-24 14:03:58,269 [omNode-2-OMStateMachineApplyTransactionThread - 0] INFO  volume.OMVolumeCreateRequest (OMVolumeCreateRequest.java:validateAndUpdateCache(203)) - created volume:vol-2908896992-54 for user:runner
2025-04-24 14:03:58,269 [omNode-1-OMStateMachineApplyTransactionThread - 0] INFO  volume.OMVolumeCreateRequest (OMVolumeCreateRequest.java:validateAndUpdateCache(203)) - created volume:vol-2908896992-54 for user:runner
2025-04-24 14:03:58,273 [omNode-3-OMStateMachineApplyTransactionThread - 0] INFO  volume.OMVolumeCreateRequest (OMVolumeCreateRequest.java:validateAndUpdateCache(203)) - created volume:vol-2908896992-55 for user:runner
2025-04-24 14:03:58,274 [omNode-1-OMStateMachineApplyTransactionThread - 0] INFO  volume.OMVolumeCreateRequest (OMVolumeCreateRequest.java:validateAndUpdateCache(203)) - created volume:vol-2908896992-55 for user:runner
2025-04-24 14:03:58,275 [omNode-2-OMStateMachineApplyTransactionThread - 0] INFO  volume.OMVolumeCreateRequest (OMVolumeCreateRequest.java:validateAndUpdateCache(203)) - created volume:vol-2908896992-55 for user:runner
2025-04-24 14:03:58,275 [main] INFO  rpc.RpcClient (RpcClient.java:createVolume(462)) - Creating Volume: vol-2908896992-56, with runner as owner and space quota set to -1 bytes, counts quota set to -1
2025-04-24 14:03:58,280 [omNode-3-OMStateMachineApplyTransactionThread - 0] INFO  volume.OMVolumeCreateRequest (OMVolumeCreateRequest.java:validateAndUpdateCache(203)) - created volume:vol-2908896992-56 for user:runner
2025-04-24 14:03:58,282 [main] INFO  rpc.RpcClient (RpcClient.java:createVolume(462)) - Creating Volume: vol-2908896992-57, with runner as owner and space quota set to -1 bytes, counts quota set to -1
2025-04-24 14:03:58,283 [omNode-2-OMStateMachineApplyTransactionThread - 0] INFO  volume.OMVolumeCreateRequest (OMVolumeCreateRequest.java:validateAndUpdateCache(203)) - created volume:vol-2908896992-56 for user:runner
2025-04-24 14:03:58,283 [omNode-1-OMStateMachineApplyTransactionThread - 0] INFO  volume.OMVolumeCreateRequest (OMVolumeCreateRequest.java:validateAndUpdateCache(203)) - created volume:vol-2908896992-56 for user:runner
2025-04-24 14:03:58,288 [omNode-3-OMStateMachineApplyTransactionThread - 0] INFO  volume.OMVolumeCreateRequest (OMVolumeCreateRequest.java:validateAndUpdateCache(203)) - created volume:vol-2908896992-57 for user:runner
2025-04-24 14:03:58,290 [main] INFO  rpc.RpcClient (RpcClient.java:createVolume(462)) - Creating Volume: vol-2908896992-58, with runner as owner and space quota set to -1 bytes, counts quota set to -1
2025-04-24 14:03:58,291 [omNode-2-OMStateMachineApplyTransactionThread - 0] INFO  volume.OMVolumeCreateRequest (OMVolumeCreateRequest.java:validateAndUpdateCache(203)) - created volume:vol-2908896992-57 for user:runner
2025-04-24 14:03:58,291 [omNode-1-OMStateMachineApplyTransactionThread - 0] INFO  volume.OMVolumeCreateRequest (OMVolumeCreateRequest.java:validateAndUpdateCache(203)) - created volume:vol-2908896992-57 for user:runner
2025-04-24 14:03:58,296 [omNode-3-OMStateMachineApplyTransactionThread - 0] INFO  volume.OMVolumeCreateRequest (OMVolumeCreateRequest.java:validateAndUpdateCache(203)) - created volume:vol-2908896992-58 for user:runner
2025-04-24 14:03:58,297 [omNode-2-OMStateMachineApplyTransactionThread - 0] INFO  volume.OMVolumeCreateRequest (OMVolumeCreateRequest.java:validateAndUpdateCache(203)) - created volume:vol-2908896992-58 for user:runner
2025-04-24 14:03:58,297 [omNode-1-OMStateMachineApplyTransactionThread - 0] INFO  volume.OMVolumeCreateRequest (OMVolumeCreateRequest.java:validateAndUpdateCache(203)) - created volume:vol-2908896992-58 for user:runner
2025-04-24 14:03:58,298 [main] INFO  rpc.RpcClient (RpcClient.java:createVolume(462)) - Creating Volume: vol-2908896992-59, with runner as owner and space quota set to -1 bytes, counts quota set to -1
2025-04-24 14:03:58,303 [omNode-3-OMStateMachineApplyTransactionThread - 0] INFO  volume.OMVolumeCreateRequest (OMVolumeCreateRequest.java:validateAndUpdateCache(203)) - created volume:vol-2908896992-59 for user:runner
2025-04-24 14:03:58,304 [omNode-2-OMStateMachineApplyTransactionThread - 0] INFO  volume.OMVolumeCreateRequest (OMVolumeCreateRequest.java:validateAndUpdateCache(203)) - created volume:vol-2908896992-59 for user:runner
2025-04-24 14:03:58,303 [omNode-1-OMStateMachineApplyTransactionThread - 0] INFO  volume.OMVolumeCreateRequest (OMVolumeCreateRequest.java:validateAndUpdateCache(203)) - created volume:vol-2908896992-59 for user:runner
2025-04-24 14:03:58,305 [main] INFO  rpc.RpcClient (RpcClient.java:createVolume(462)) - Creating Volume: vol-2908896992-60, with runner as owner and space quota set to -1 bytes, counts quota set to -1
2025-04-24 14:03:58,309 [omNode-3-OMStateMachineApplyTransactionThread - 0] INFO  volume.OMVolumeCreateRequest (OMVolumeCreateRequest.java:validateAndUpdateCache(203)) - created volume:vol-2908896992-60 for user:runner
2025-04-24 14:03:58,310 [omNode-1-OMStateMachineApplyTransactionThread - 0] INFO  volume.OMVolumeCreateRequest (OMVolumeCreateRequest.java:validateAndUpdateCache(203)) - created volume:vol-2908896992-60 for user:runner
2025-04-24 14:03:58,311 [main] INFO  rpc.RpcClient (RpcClient.java:createVolume(462)) - Creating Volume: vol-2908896992-61, with runner as owner and space quota set to -1 bytes, counts quota set to -1
2025-04-24 14:03:58,313 [omNode-2-OMStateMachineApplyTransactionThread - 0] INFO  volume.OMVolumeCreateRequest (OMVolumeCreateRequest.java:validateAndUpdateCache(203)) - created volume:vol-2908896992-60 for user:runner
2025-04-24 14:03:58,317 [omNode-2-OMStateMachineApplyTransactionThread - 0] INFO  volume.OMVolumeCreateRequest (OMVolumeCreateRequest.java:validateAndUpdateCache(203)) - created volume:vol-2908896992-61 for user:runner
2025-04-24 14:03:58,317 [omNode-3-OMStateMachineApplyTransactionThread - 0] INFO  volume.OMVolumeCreateRequest (OMVolumeCreateRequest.java:validateAndUpdateCache(203)) - created volume:vol-2908896992-61 for user:runner
2025-04-24 14:03:58,318 [omNode-1-OMStateMachineApplyTransactionThread - 0] INFO  volume.OMVolumeCreateRequest (OMVolumeCreateRequest.java:validateAndUpdateCache(203)) - created volume:vol-2908896992-61 for user:runner
2025-04-24 14:03:58,319 [main] INFO  rpc.RpcClient (RpcClient.java:createVolume(462)) - Creating Volume: vol-2908896992-62, with runner as owner and space quota set to -1 bytes, counts quota set to -1
2025-04-24 14:03:58,322 [omNode-3-OMStateMachineApplyTransactionThread - 0] INFO  volume.OMVolumeCreateRequest (OMVolumeCreateRequest.java:validateAndUpdateCache(203)) - created volume:vol-2908896992-62 for user:runner
2025-04-24 14:03:58,324 [omNode-2-OMStateMachineApplyTransactionThread - 0] INFO  volume.OMVolumeCreateRequest (OMVolumeCreateRequest.java:validateAndUpdateCache(203)) - created volume:vol-2908896992-62 for user:runner
2025-04-24 14:03:58,325 [omNode-1-OMStateMachineApplyTransactionThread - 0] INFO  volume.OMVolumeCreateRequest (OMVolumeCreateRequest.java:validateAndUpdateCache(203)) - created volume:vol-2908896992-62 for user:runner
2025-04-24 14:03:58,326 [main] INFO  rpc.RpcClient (RpcClient.java:createVolume(462)) - Creating Volume: vol-2908896992-63, with runner as owner and space quota set to -1 bytes, counts quota set to -1
2025-04-24 14:03:58,332 [omNode-3-OMStateMachineApplyTransactionThread - 0] INFO  volume.OMVolumeCreateRequest (OMVolumeCreateRequest.java:validateAndUpdateCache(203)) - created volume:vol-2908896992-63 for user:runner
2025-04-24 14:03:58,333 [omNode-2-OMStateMachineApplyTransactionThread - 0] INFO  volume.OMVolumeCreateRequest (OMVolumeCreateRequest.java:validateAndUpdateCache(203)) - created volume:vol-2908896992-63 for user:runner
2025-04-24 14:03:58,333 [omNode-1-OMStateMachineApplyTransactionThread - 0] INFO  volume.OMVolumeCreateRequest (OMVolumeCreateRequest.java:validateAndUpdateCache(203)) - created volume:vol-2908896992-63 for user:runner
2025-04-24 14:03:58,334 [main] INFO  rpc.RpcClient (RpcClient.java:createVolume(462)) - Creating Volume: vol-2908896992-64, with runner as owner and space quota set to -1 bytes, counts quota set to -1
2025-04-24 14:03:58,343 [omNode-3-OMStateMachineApplyTransactionThread - 0] INFO  volume.OMVolumeCreateRequest (OMVolumeCreateRequest.java:validateAndUpdateCache(203)) - created volume:vol-2908896992-64 for user:runner
2025-04-24 14:03:58,343 [omNode-2-OMStateMachineApplyTransactionThread - 0] INFO  volume.OMVolumeCreateRequest (OMVolumeCreateRequest.java:validateAndUpdateCache(203)) - created volume:vol-2908896992-64 for user:runner
2025-04-24 14:03:58,345 [omNode-1-OMStateMachineApplyTransactionThread - 0] INFO  volume.OMVolumeCreateRequest (OMVolumeCreateRequest.java:validateAndUpdateCache(203)) - created volume:vol-2908896992-64 for user:runner
2025-04-24 14:03:58,345 [main] INFO  rpc.RpcClient (RpcClient.java:createVolume(462)) - Creating Volume: vol-2908896992-65, with runner as owner and space quota set to -1 bytes, counts quota set to -1
2025-04-24 14:03:58,352 [omNode-2-OMStateMachineApplyTransactionThread - 0] INFO  volume.OMVolumeCreateRequest (OMVolumeCreateRequest.java:validateAndUpdateCache(203)) - created volume:vol-2908896992-65 for user:runner
2025-04-24 14:03:58,353 [omNode-1-OMStateMachineApplyTransactionThread - 0] INFO  volume.OMVolumeCreateRequest (OMVolumeCreateRequest.java:validateAndUpdateCache(203)) - created volume:vol-2908896992-65 for user:runner
2025-04-24 14:03:58,352 [omNode-3-OMStateMachineApplyTransactionThread - 0] INFO  volume.OMVolumeCreateRequest (OMVolumeCreateRequest.java:validateAndUpdateCache(203)) - created volume:vol-2908896992-65 for user:runner
2025-04-24 14:03:58,354 [main] INFO  rpc.RpcClient (RpcClient.java:createVolume(462)) - Creating Volume: vol-2908896992-66, with runner as owner and space quota set to -1 bytes, counts quota set to -1
2025-04-24 14:03:58,358 [omNode-3-OMStateMachineApplyTransactionThread - 0] INFO  volume.OMVolumeCreateRequest (OMVolumeCreateRequest.java:validateAndUpdateCache(203)) - created volume:vol-2908896992-66 for user:runner
2025-04-24 14:03:58,360 [main] INFO  rpc.RpcClient (RpcClient.java:createVolume(462)) - Creating Volume: vol-2908896992-67, with runner as owner and space quota set to -1 bytes, counts quota set to -1
2025-04-24 14:03:58,361 [omNode-2-OMStateMachineApplyTransactionThread - 0] INFO  volume.OMVolumeCreateRequest (OMVolumeCreateRequest.java:validateAndUpdateCache(203)) - created volume:vol-2908896992-66 for user:runner
2025-04-24 14:03:58,361 [omNode-1-OMStateMachineApplyTransactionThread - 0] INFO  volume.OMVolumeCreateRequest (OMVolumeCreateRequest.java:validateAndUpdateCache(203)) - created volume:vol-2908896992-66 for user:runner
2025-04-24 14:03:58,365 [omNode-2-OMStateMachineApplyTransactionThread - 0] INFO  volume.OMVolumeCreateRequest (OMVolumeCreateRequest.java:validateAndUpdateCache(203)) - created volume:vol-2908896992-67 for user:runner
2025-04-24 14:03:58,367 [omNode-1-OMStateMachineApplyTransactionThread - 0] INFO  volume.OMVolumeCreateRequest (OMVolumeCreateRequest.java:validateAndUpdateCache(203)) - created volume:vol-2908896992-67 for user:runner
2025-04-24 14:03:58,366 [omNode-3-OMStateMachineApplyTransactionThread - 0] INFO  volume.OMVolumeCreateRequest (OMVolumeCreateRequest.java:validateAndUpdateCache(203)) - created volume:vol-2908896992-67 for user:runner
2025-04-24 14:03:58,368 [main] INFO  rpc.RpcClient (RpcClient.java:createVolume(462)) - Creating Volume: vol-2908896992-68, with runner as owner and space quota set to -1 bytes, counts quota set to -1
2025-04-24 14:03:58,371 [omNode-3-OMStateMachineApplyTransactionThread - 0] INFO  volume.OMVolumeCreateRequest (OMVolumeCreateRequest.java:validateAndUpdateCache(203)) - created volume:vol-2908896992-68 for user:runner
2025-04-24 14:03:58,372 [main] INFO  rpc.RpcClient (RpcClient.java:createVolume(462)) - Creating Volume: vol-2908896992-69, with runner as owner and space quota set to -1 bytes, counts quota set to -1
2025-04-24 14:03:58,373 [omNode-1-OMStateMachineApplyTransactionThread - 0] INFO  volume.OMVolumeCreateRequest (OMVolumeCreateRequest.java:validateAndUpdateCache(203)) - created volume:vol-2908896992-68 for user:runner
2025-04-24 14:03:58,376 [omNode-2-OMStateMachineApplyTransactionThread - 0] INFO  volume.OMVolumeCreateRequest (OMVolumeCreateRequest.java:validateAndUpdateCache(203)) - created volume:vol-2908896992-68 for user:runner
2025-04-24 14:03:58,376 [omNode-3-OMStateMachineApplyTransactionThread - 0] INFO  volume.OMVolumeCreateRequest (OMVolumeCreateRequest.java:validateAndUpdateCache(203)) - created volume:vol-2908896992-69 for user:runner
2025-04-24 14:03:58,378 [omNode-2-OMStateMachineApplyTransactionThread - 0] INFO  volume.OMVolumeCreateRequest (OMVolumeCreateRequest.java:validateAndUpdateCache(203)) - created volume:vol-2908896992-69 for user:runner
2025-04-24 14:03:58,380 [main] INFO  rpc.RpcClient (RpcClient.java:createVolume(462)) - Creating Volume: vol-2908896992-70, with runner as owner and space quota set to -1 bytes, counts quota set to -1
2025-04-24 14:03:58,380 [omNode-1-OMStateMachineApplyTransactionThread - 0] INFO  volume.OMVolumeCreateRequest (OMVolumeCreateRequest.java:validateAndUpdateCache(203)) - created volume:vol-2908896992-69 for user:runner
2025-04-24 14:03:58,383 [omNode-3-OMStateMachineApplyTransactionThread - 0] INFO  volume.OMVolumeCreateRequest (OMVolumeCreateRequest.java:validateAndUpdateCache(203)) - created volume:vol-2908896992-70 for user:runner
2025-04-24 14:03:58,385 [omNode-2-OMStateMachineApplyTransactionThread - 0] INFO  volume.OMVolumeCreateRequest (OMVolumeCreateRequest.java:validateAndUpdateCache(203)) - created volume:vol-2908896992-70 for user:runner
2025-04-24 14:03:58,385 [omNode-1-OMStateMachineApplyTransactionThread - 0] INFO  volume.OMVolumeCreateRequest (OMVolumeCreateRequest.java:validateAndUpdateCache(203)) - created volume:vol-2908896992-70 for user:runner
2025-04-24 14:03:58,387 [main] INFO  rpc.RpcClient (RpcClient.java:createVolume(462)) - Creating Volume: vol-2908896992-71, with runner as owner and space quota set to -1 bytes, counts quota set to -1
2025-04-24 14:03:58,390 [omNode-3-OMStateMachineApplyTransactionThread - 0] INFO  volume.OMVolumeCreateRequest (OMVolumeCreateRequest.java:validateAndUpdateCache(203)) - created volume:vol-2908896992-71 for user:runner
2025-04-24 14:03:58,392 [omNode-2-OMStateMachineApplyTransactionThread - 0] INFO  volume.OMVolumeCreateRequest (OMVolumeCreateRequest.java:validateAndUpdateCache(203)) - created volume:vol-2908896992-71 for user:runner
2025-04-24 14:03:58,392 [omNode-1-OMStateMachineApplyTransactionThread - 0] INFO  volume.OMVolumeCreateRequest (OMVolumeCreateRequest.java:validateAndUpdateCache(203)) - created volume:vol-2908896992-71 for user:runner
2025-04-24 14:03:58,392 [main] INFO  rpc.RpcClient (RpcClient.java:createVolume(462)) - Creating Volume: vol-2908896992-72, with runner as owner and space quota set to -1 bytes, counts quota set to -1
2025-04-24 14:03:58,396 [omNode-3-OMStateMachineApplyTransactionThread - 0] INFO  volume.OMVolumeCreateRequest (OMVolumeCreateRequest.java:validateAndUpdateCache(203)) - created volume:vol-2908896992-72 for user:runner
2025-04-24 14:03:58,397 [omNode-2-OMStateMachineApplyTransactionThread - 0] INFO  volume.OMVolumeCreateRequest (OMVolumeCreateRequest.java:validateAndUpdateCache(203)) - created volume:vol-2908896992-72 for user:runner
2025-04-24 14:03:58,398 [main] INFO  rpc.RpcClient (RpcClient.java:createVolume(462)) - Creating Volume: vol-2908896992-73, with runner as owner and space quota set to -1 bytes, counts quota set to -1
2025-04-24 14:03:58,401 [omNode-3-OMStateMachineApplyTransactionThread - 0] INFO  volume.OMVolumeCreateRequest (OMVolumeCreateRequest.java:validateAndUpdateCache(203)) - created volume:vol-2908896992-73 for user:runner
2025-04-24 14:03:58,402 [main] INFO  rpc.RpcClient (RpcClient.java:createVolume(462)) - Creating Volume: vol-2908896992-74, with runner as owner and space quota set to -1 bytes, counts quota set to -1
2025-04-24 14:03:58,403 [omNode-2-OMStateMachineApplyTransactionThread - 0] INFO  volume.OMVolumeCreateRequest (OMVolumeCreateRequest.java:validateAndUpdateCache(203)) - created volume:vol-2908896992-73 for user:runner
2025-04-24 14:03:58,407 [omNode-3-OMStateMachineApplyTransactionThread - 0] INFO  volume.OMVolumeCreateRequest (OMVolumeCreateRequest.java:validateAndUpdateCache(203)) - created volume:vol-2908896992-74 for user:runner
2025-04-24 14:03:58,408 [main] INFO  rpc.RpcClient (RpcClient.java:createVolume(462)) - Creating Volume: vol-2908896992-75, with runner as owner and space quota set to -1 bytes, counts quota set to -1
2025-04-24 14:03:58,417 [omNode-1@group-523986131536-StateMachineUpdater] INFO  ratis.OzoneManagerStateMachine (OzoneManagerStateMachine.java:takeSnapshotImpl(510)) - omNode-1: taking snapshot. applied = (t:11, i:251), skipped = 250, notified = (t:11, i:251), current snapshot index = (t:11, i:251), took 23 ms
2025-04-24 14:03:58,417 [omNode-1@group-523986131536-StateMachineUpdater] INFO  impl.StateMachineUpdater (StateMachineUpdater.java:takeSnapshot(303)) - omNode-1@group-523986131536-StateMachineUpdater: Took a snapshot at index 251
2025-04-24 14:03:58,417 [omNode-1@group-523986131536-StateMachineUpdater] INFO  impl.StateMachineUpdater (StateMachineUpdater.java:lambda$new$0(102)) - omNode-1@group-523986131536-StateMachineUpdater: snapshotIndex: updateIncreasingly 201 -> 251
2025-04-24 14:03:58,417 [omNode-1@group-523986131536-StateMachineUpdater] INFO  raftlog.RaftLog (RaftLogBase.java:purge(325)) - omNode-1@group-523986131536-SegmentedRaftLog: purge 251
2025-04-24 14:03:58,417 [omNode-1@group-523986131536-StateMachineUpdater] INFO  raftlog.RaftLog (RaftLogBase.java:lambda$new$0(54)) - omNode-1@group-523986131536-SegmentedRaftLog: snapshotIndex: updateIncreasingly 201 -> 251
2025-04-24 14:03:58,417 [omNode-1@group-523986131536-StateMachineUpdater] INFO  raftlog.RaftLog (RaftLogBase.java:lambda$new$0(54)) - omNode-1@group-523986131536-SegmentedRaftLog: purgeIndex: updateToMax old=201, new=251, updated? true
2025-04-24 14:03:58,419 [omNode-1-OMStateMachineApplyTransactionThread - 0] INFO  volume.OMVolumeCreateRequest (OMVolumeCreateRequest.java:validateAndUpdateCache(203)) - created volume:vol-2908896992-72 for user:runner
2025-04-24 14:03:58,419 [omNode-1-OMStateMachineApplyTransactionThread - 0] INFO  volume.OMVolumeCreateRequest (OMVolumeCreateRequest.java:validateAndUpdateCache(203)) - created volume:vol-2908896992-73 for user:runner
2025-04-24 14:03:58,420 [omNode-1-OMStateMachineApplyTransactionThread - 0] INFO  volume.OMVolumeCreateRequest (OMVolumeCreateRequest.java:validateAndUpdateCache(203)) - created volume:vol-2908896992-74 for user:runner
2025-04-24 14:03:58,421 [omNode-1-OMStateMachineApplyTransactionThread - 0] INFO  volume.OMVolumeCreateRequest (OMVolumeCreateRequest.java:validateAndUpdateCache(203)) - created volume:vol-2908896992-75 for user:runner
2025-04-24 14:03:58,421 [omNode-2@group-523986131536-StateMachineUpdater] INFO  ratis.OzoneManagerStateMachine (OzoneManagerStateMachine.java:takeSnapshotImpl(510)) - omNode-2: taking snapshot. applied = (t:11, i:255), skipped = 254, notified = (t:11, i:255), current snapshot index = (t:11, i:255), took 16 ms
2025-04-24 14:03:58,421 [omNode-2@group-523986131536-StateMachineUpdater] INFO  impl.StateMachineUpdater (StateMachineUpdater.java:takeSnapshot(303)) - omNode-2@group-523986131536-StateMachineUpdater: Took a snapshot at index 255
2025-04-24 14:03:58,421 [omNode-2@group-523986131536-StateMachineUpdater] INFO  impl.StateMachineUpdater (StateMachineUpdater.java:lambda$new$0(102)) - omNode-2@group-523986131536-StateMachineUpdater: snapshotIndex: updateIncreasingly 205 -> 255
2025-04-24 14:03:58,421 [omNode-2@group-523986131536-StateMachineUpdater] INFO  raftlog.RaftLog (RaftLogBase.java:purge(325)) - omNode-2@group-523986131536-SegmentedRaftLog: purge 255
2025-04-24 14:03:58,421 [omNode-2@group-523986131536-StateMachineUpdater] INFO  raftlog.RaftLog (RaftLogBase.java:lambda$new$0(54)) - omNode-2@group-523986131536-SegmentedRaftLog: snapshotIndex: updateIncreasingly 205 -> 255
2025-04-24 14:03:58,422 [omNode-2@group-523986131536-StateMachineUpdater] INFO  raftlog.RaftLog (RaftLogBase.java:lambda$new$0(54)) - omNode-2@group-523986131536-SegmentedRaftLog: purgeIndex: updateToMax old=205, new=255, updated? true
2025-04-24 14:03:58,422 [omNode-2-OMStateMachineApplyTransactionThread - 0] INFO  volume.OMVolumeCreateRequest (OMVolumeCreateRequest.java:validateAndUpdateCache(203)) - created volume:vol-2908896992-74 for user:runner
2025-04-24 14:03:58,423 [omNode-2-OMStateMachineApplyTransactionThread - 0] INFO  volume.OMVolumeCreateRequest (OMVolumeCreateRequest.java:validateAndUpdateCache(203)) - created volume:vol-2908896992-75 for user:runner
2025-04-24 14:03:58,426 [omNode-3@group-523986131536-StateMachineUpdater] INFO  ratis.OzoneManagerStateMachine (OzoneManagerStateMachine.java:takeSnapshotImpl(510)) - omNode-3: taking snapshot. applied = (t:11, i:255), skipped = 254, notified = (t:11, i:255), current snapshot index = (t:11, i:255), took 19 ms
2025-04-24 14:03:58,427 [omNode-3@group-523986131536-StateMachineUpdater] INFO  impl.StateMachineUpdater (StateMachineUpdater.java:takeSnapshot(303)) - omNode-3@group-523986131536-StateMachineUpdater: Took a snapshot at index 255
2025-04-24 14:03:58,427 [omNode-3@group-523986131536-StateMachineUpdater] INFO  impl.StateMachineUpdater (StateMachineUpdater.java:lambda$new$0(102)) - omNode-3@group-523986131536-StateMachineUpdater: snapshotIndex: updateIncreasingly 205 -> 255
2025-04-24 14:03:58,427 [omNode-3@group-523986131536-StateMachineUpdater] INFO  raftlog.RaftLog (RaftLogBase.java:purge(325)) - omNode-3@group-523986131536-SegmentedRaftLog: purge 255
2025-04-24 14:03:58,427 [omNode-3@group-523986131536-StateMachineUpdater] INFO  raftlog.RaftLog (RaftLogBase.java:lambda$new$0(54)) - omNode-3@group-523986131536-SegmentedRaftLog: snapshotIndex: updateIncreasingly 205 -> 255
2025-04-24 14:03:58,427 [omNode-3@group-523986131536-StateMachineUpdater] INFO  raftlog.RaftLog (RaftLogBase.java:lambda$new$0(54)) - omNode-3@group-523986131536-SegmentedRaftLog: purgeIndex: updateToMax old=205, new=255, updated? true
2025-04-24 14:03:58,427 [omNode-3-OMStateMachineApplyTransactionThread - 0] INFO  volume.OMVolumeCreateRequest (OMVolumeCreateRequest.java:validateAndUpdateCache(203)) - created volume:vol-2908896992-75 for user:runner
2025-04-24 14:03:58,428 [main] INFO  rpc.RpcClient (RpcClient.java:createVolume(462)) - Creating Volume: vol-2908896992-76, with runner as owner and space quota set to -1 bytes, counts quota set to -1
2025-04-24 14:03:58,431 [omNode-3-OMStateMachineApplyTransactionThread - 0] INFO  volume.OMVolumeCreateRequest (OMVolumeCreateRequest.java:validateAndUpdateCache(203)) - created volume:vol-2908896992-76 for user:runner
2025-04-24 14:03:58,432 [main] INFO  rpc.RpcClient (RpcClient.java:createVolume(462)) - Creating Volume: vol-2908896992-77, with runner as owner and space quota set to -1 bytes, counts quota set to -1
2025-04-24 14:03:58,432 [omNode-1-OMStateMachineApplyTransactionThread - 0] INFO  volume.OMVolumeCreateRequest (OMVolumeCreateRequest.java:validateAndUpdateCache(203)) - created volume:vol-2908896992-76 for user:runner
2025-04-24 14:03:58,432 [omNode-2-OMStateMachineApplyTransactionThread - 0] INFO  volume.OMVolumeCreateRequest (OMVolumeCreateRequest.java:validateAndUpdateCache(203)) - created volume:vol-2908896992-76 for user:runner
2025-04-24 14:03:58,435 [omNode-3-OMStateMachineApplyTransactionThread - 0] INFO  volume.OMVolumeCreateRequest (OMVolumeCreateRequest.java:validateAndUpdateCache(203)) - created volume:vol-2908896992-77 for user:runner
2025-04-24 14:03:58,437 [main] INFO  rpc.RpcClient (RpcClient.java:createVolume(462)) - Creating Volume: vol-2908896992-78, with runner as owner and space quota set to -1 bytes, counts quota set to -1
2025-04-24 14:03:58,438 [omNode-2-OMStateMachineApplyTransactionThread - 0] INFO  volume.OMVolumeCreateRequest (OMVolumeCreateRequest.java:validateAndUpdateCache(203)) - created volume:vol-2908896992-77 for user:runner
2025-04-24 14:03:58,438 [omNode-1-OMStateMachineApplyTransactionThread - 0] INFO  volume.OMVolumeCreateRequest (OMVolumeCreateRequest.java:validateAndUpdateCache(203)) - created volume:vol-2908896992-77 for user:runner
2025-04-24 14:03:58,440 [omNode-3-OMStateMachineApplyTransactionThread - 0] INFO  volume.OMVolumeCreateRequest (OMVolumeCreateRequest.java:validateAndUpdateCache(203)) - created volume:vol-2908896992-78 for user:runner
2025-04-24 14:03:58,442 [omNode-1-OMStateMachineApplyTransactionThread - 0] INFO  volume.OMVolumeCreateRequest (OMVolumeCreateRequest.java:validateAndUpdateCache(203)) - created volume:vol-2908896992-78 for user:runner
2025-04-24 14:03:58,442 [main] INFO  rpc.RpcClient (RpcClient.java:createVolume(462)) - Creating Volume: vol-2908896992-79, with runner as owner and space quota set to -1 bytes, counts quota set to -1
2025-04-24 14:03:58,443 [omNode-2-OMStateMachineApplyTransactionThread - 0] INFO  volume.OMVolumeCreateRequest (OMVolumeCreateRequest.java:validateAndUpdateCache(203)) - created volume:vol-2908896992-78 for user:runner
2025-04-24 14:03:58,446 [omNode-3-OMStateMachineApplyTransactionThread - 0] INFO  volume.OMVolumeCreateRequest (OMVolumeCreateRequest.java:validateAndUpdateCache(203)) - created volume:vol-2908896992-79 for user:runner
2025-04-24 14:03:58,448 [omNode-1-OMStateMachineApplyTransactionThread - 0] INFO  volume.OMVolumeCreateRequest (OMVolumeCreateRequest.java:validateAndUpdateCache(203)) - created volume:vol-2908896992-79 for user:runner
2025-04-24 14:03:58,448 [omNode-2-OMStateMachineApplyTransactionThread - 0] INFO  volume.OMVolumeCreateRequest (OMVolumeCreateRequest.java:validateAndUpdateCache(203)) - created volume:vol-2908896992-79 for user:runner
2025-04-24 14:03:58,449 [main] INFO  rpc.RpcClient (RpcClient.java:createVolume(462)) - Creating Volume: vol-2908896992-80, with runner as owner and space quota set to -1 bytes, counts quota set to -1
2025-04-24 14:03:58,452 [omNode-3-OMStateMachineApplyTransactionThread - 0] INFO  volume.OMVolumeCreateRequest (OMVolumeCreateRequest.java:validateAndUpdateCache(203)) - created volume:vol-2908896992-80 for user:runner
2025-04-24 14:03:58,453 [omNode-2-OMStateMachineApplyTransactionThread - 0] INFO  volume.OMVolumeCreateRequest (OMVolumeCreateRequest.java:validateAndUpdateCache(203)) - created volume:vol-2908896992-80 for user:runner
2025-04-24 14:03:58,453 [main] INFO  rpc.RpcClient (RpcClient.java:createVolume(462)) - Creating Volume: vol-2908896992-81, with runner as owner and space quota set to -1 bytes, counts quota set to -1
2025-04-24 14:03:58,453 [omNode-1-OMStateMachineApplyTransactionThread - 0] INFO  volume.OMVolumeCreateRequest (OMVolumeCreateRequest.java:validateAndUpdateCache(203)) - created volume:vol-2908896992-80 for user:runner
2025-04-24 14:03:58,457 [omNode-3-OMStateMachineApplyTransactionThread - 0] INFO  volume.OMVolumeCreateRequest (OMVolumeCreateRequest.java:validateAndUpdateCache(203)) - created volume:vol-2908896992-81 for user:runner
2025-04-24 14:03:58,458 [omNode-2-OMStateMachineApplyTransactionThread - 0] INFO  volume.OMVolumeCreateRequest (OMVolumeCreateRequest.java:validateAndUpdateCache(203)) - created volume:vol-2908896992-81 for user:runner
2025-04-24 14:03:58,458 [main] INFO  rpc.RpcClient (RpcClient.java:createVolume(462)) - Creating Volume: vol-2908896992-82, with runner as owner and space quota set to -1 bytes, counts quota set to -1
2025-04-24 14:03:58,460 [omNode-1-OMStateMachineApplyTransactionThread - 0] INFO  volume.OMVolumeCreateRequest (OMVolumeCreateRequest.java:validateAndUpdateCache(203)) - created volume:vol-2908896992-81 for user:runner
2025-04-24 14:03:58,463 [omNode-3-OMStateMachineApplyTransactionThread - 0] INFO  volume.OMVolumeCreateRequest (OMVolumeCreateRequest.java:validateAndUpdateCache(203)) - created volume:vol-2908896992-82 for user:runner
2025-04-24 14:03:58,464 [omNode-2-OMStateMachineApplyTransactionThread - 0] INFO  volume.OMVolumeCreateRequest (OMVolumeCreateRequest.java:validateAndUpdateCache(203)) - created volume:vol-2908896992-82 for user:runner
2025-04-24 14:03:58,463 [omNode-1-OMStateMachineApplyTransactionThread - 0] INFO  volume.OMVolumeCreateRequest (OMVolumeCreateRequest.java:validateAndUpdateCache(203)) - created volume:vol-2908896992-82 for user:runner
2025-04-24 14:03:58,467 [main] INFO  rpc.RpcClient (RpcClient.java:createVolume(462)) - Creating Volume: vol-2908896992-83, with runner as owner and space quota set to -1 bytes, counts quota set to -1
2025-04-24 14:03:58,472 [omNode-3-OMStateMachineApplyTransactionThread - 0] INFO  volume.OMVolumeCreateRequest (OMVolumeCreateRequest.java:validateAndUpdateCache(203)) - created volume:vol-2908896992-83 for user:runner
2025-04-24 14:03:58,474 [omNode-1-OMStateMachineApplyTransactionThread - 0] INFO  volume.OMVolumeCreateRequest (OMVolumeCreateRequest.java:validateAndUpdateCache(203)) - created volume:vol-2908896992-83 for user:runner
2025-04-24 14:03:58,476 [main] INFO  rpc.RpcClient (RpcClient.java:createVolume(462)) - Creating Volume: vol-2908896992-84, with runner as owner and space quota set to -1 bytes, counts quota set to -1
2025-04-24 14:03:58,477 [omNode-2-OMStateMachineApplyTransactionThread - 0] INFO  volume.OMVolumeCreateRequest (OMVolumeCreateRequest.java:validateAndUpdateCache(203)) - created volume:vol-2908896992-83 for user:runner
2025-04-24 14:03:58,480 [omNode-3-OMStateMachineApplyTransactionThread - 0] INFO  volume.OMVolumeCreateRequest (OMVolumeCreateRequest.java:validateAndUpdateCache(203)) - created volume:vol-2908896992-84 for user:runner
2025-04-24 14:03:58,481 [omNode-2-OMStateMachineApplyTransactionThread - 0] INFO  volume.OMVolumeCreateRequest (OMVolumeCreateRequest.java:validateAndUpdateCache(203)) - created volume:vol-2908896992-84 for user:runner
2025-04-24 14:03:58,482 [main] INFO  rpc.RpcClient (RpcClient.java:createVolume(462)) - Creating Volume: vol-2908896992-85, with runner as owner and space quota set to -1 bytes, counts quota set to -1
2025-04-24 14:03:58,481 [omNode-1-OMStateMachineApplyTransactionThread - 0] INFO  volume.OMVolumeCreateRequest (OMVolumeCreateRequest.java:validateAndUpdateCache(203)) - created volume:vol-2908896992-84 for user:runner
2025-04-24 14:03:58,488 [omNode-3-OMStateMachineApplyTransactionThread - 0] INFO  volume.OMVolumeCreateRequest (OMVolumeCreateRequest.java:validateAndUpdateCache(203)) - created volume:vol-2908896992-85 for user:runner
2025-04-24 14:03:58,490 [main] INFO  rpc.RpcClient (RpcClient.java:createVolume(462)) - Creating Volume: vol-2908896992-86, with runner as owner and space quota set to -1 bytes, counts quota set to -1
2025-04-24 14:03:58,492 [omNode-1-OMStateMachineApplyTransactionThread - 0] INFO  volume.OMVolumeCreateRequest (OMVolumeCreateRequest.java:validateAndUpdateCache(203)) - created volume:vol-2908896992-85 for user:runner
2025-04-24 14:03:58,493 [omNode-2-OMStateMachineApplyTransactionThread - 0] INFO  volume.OMVolumeCreateRequest (OMVolumeCreateRequest.java:validateAndUpdateCache(203)) - created volume:vol-2908896992-85 for user:runner
2025-04-24 14:03:58,495 [omNode-3-OMStateMachineApplyTransactionThread - 0] INFO  volume.OMVolumeCreateRequest (OMVolumeCreateRequest.java:validateAndUpdateCache(203)) - created volume:vol-2908896992-86 for user:runner
2025-04-24 14:03:58,498 [omNode-2-OMStateMachineApplyTransactionThread - 0] INFO  volume.OMVolumeCreateRequest (OMVolumeCreateRequest.java:validateAndUpdateCache(203)) - created volume:vol-2908896992-86 for user:runner
2025-04-24 14:03:58,498 [main] INFO  rpc.RpcClient (RpcClient.java:createVolume(462)) - Creating Volume: vol-2908896992-87, with runner as owner and space quota set to -1 bytes, counts quota set to -1
2025-04-24 14:03:58,498 [omNode-1-OMStateMachineApplyTransactionThread - 0] INFO  volume.OMVolumeCreateRequest (OMVolumeCreateRequest.java:validateAndUpdateCache(203)) - created volume:vol-2908896992-86 for user:runner
2025-04-24 14:03:58,502 [omNode-3-OMStateMachineApplyTransactionThread - 0] INFO  volume.OMVolumeCreateRequest (OMVolumeCreateRequest.java:validateAndUpdateCache(203)) - created volume:vol-2908896992-87 for user:runner
2025-04-24 14:03:58,503 [main] INFO  rpc.RpcClient (RpcClient.java:createVolume(462)) - Creating Volume: vol-2908896992-88, with runner as owner and space quota set to -1 bytes, counts quota set to -1
2025-04-24 14:03:58,504 [omNode-1-OMStateMachineApplyTransactionThread - 0] INFO  volume.OMVolumeCreateRequest (OMVolumeCreateRequest.java:validateAndUpdateCache(203)) - created volume:vol-2908896992-87 for user:runner
2025-04-24 14:03:58,504 [omNode-2-OMStateMachineApplyTransactionThread - 0] INFO  volume.OMVolumeCreateRequest (OMVolumeCreateRequest.java:validateAndUpdateCache(203)) - created volume:vol-2908896992-87 for user:runner
2025-04-24 14:03:58,508 [omNode-3-OMStateMachineApplyTransactionThread - 0] INFO  volume.OMVolumeCreateRequest (OMVolumeCreateRequest.java:validateAndUpdateCache(203)) - created volume:vol-2908896992-88 for user:runner
2025-04-24 14:03:58,510 [omNode-1-OMStateMachineApplyTransactionThread - 0] INFO  volume.OMVolumeCreateRequest (OMVolumeCreateRequest.java:validateAndUpdateCache(203)) - created volume:vol-2908896992-88 for user:runner
2025-04-24 14:03:58,510 [omNode-2-OMStateMachineApplyTransactionThread - 0] INFO  volume.OMVolumeCreateRequest (OMVolumeCreateRequest.java:validateAndUpdateCache(203)) - created volume:vol-2908896992-88 for user:runner
2025-04-24 14:03:58,511 [main] INFO  rpc.RpcClient (RpcClient.java:createVolume(462)) - Creating Volume: vol-2908896992-89, with runner as owner and space quota set to -1 bytes, counts quota set to -1
2025-04-24 14:03:58,514 [omNode-3-OMStateMachineApplyTransactionThread - 0] INFO  volume.OMVolumeCreateRequest (OMVolumeCreateRequest.java:validateAndUpdateCache(203)) - created volume:vol-2908896992-89 for user:runner
2025-04-24 14:03:58,516 [main] INFO  rpc.RpcClient (RpcClient.java:createVolume(462)) - Creating Volume: vol-2908896992-90, with runner as owner and space quota set to -1 bytes, counts quota set to -1
2025-04-24 14:03:58,516 [omNode-2-OMStateMachineApplyTransactionThread - 0] INFO  volume.OMVolumeCreateRequest (OMVolumeCreateRequest.java:validateAndUpdateCache(203)) - created volume:vol-2908896992-89 for user:runner
2025-04-24 14:03:58,517 [omNode-1-OMStateMachineApplyTransactionThread - 0] INFO  volume.OMVolumeCreateRequest (OMVolumeCreateRequest.java:validateAndUpdateCache(203)) - created volume:vol-2908896992-89 for user:runner
2025-04-24 14:03:58,521 [omNode-3-OMStateMachineApplyTransactionThread - 0] INFO  volume.OMVolumeCreateRequest (OMVolumeCreateRequest.java:validateAndUpdateCache(203)) - created volume:vol-2908896992-90 for user:runner
2025-04-24 14:03:58,521 [omNode-2-OMStateMachineApplyTransactionThread - 0] INFO  volume.OMVolumeCreateRequest (OMVolumeCreateRequest.java:validateAndUpdateCache(203)) - created volume:vol-2908896992-90 for user:runner
2025-04-24 14:03:58,524 [omNode-1-OMStateMachineApplyTransactionThread - 0] INFO  volume.OMVolumeCreateRequest (OMVolumeCreateRequest.java:validateAndUpdateCache(203)) - created volume:vol-2908896992-90 for user:runner
2025-04-24 14:03:58,524 [main] INFO  rpc.RpcClient (RpcClient.java:createVolume(462)) - Creating Volume: vol-2908896992-91, with runner as owner and space quota set to -1 bytes, counts quota set to -1
2025-04-24 14:03:58,528 [omNode-3-OMStateMachineApplyTransactionThread - 0] INFO  volume.OMVolumeCreateRequest (OMVolumeCreateRequest.java:validateAndUpdateCache(203)) - created volume:vol-2908896992-91 for user:runner
2025-04-24 14:03:58,529 [omNode-2-OMStateMachineApplyTransactionThread - 0] INFO  volume.OMVolumeCreateRequest (OMVolumeCreateRequest.java:validateAndUpdateCache(203)) - created volume:vol-2908896992-91 for user:runner
2025-04-24 14:03:58,529 [main] INFO  rpc.RpcClient (RpcClient.java:createVolume(462)) - Creating Volume: vol-2908896992-92, with runner as owner and space quota set to -1 bytes, counts quota set to -1
2025-04-24 14:03:58,530 [omNode-1-OMStateMachineApplyTransactionThread - 0] INFO  volume.OMVolumeCreateRequest (OMVolumeCreateRequest.java:validateAndUpdateCache(203)) - created volume:vol-2908896992-91 for user:runner
2025-04-24 14:03:58,533 [omNode-3-OMStateMachineApplyTransactionThread - 0] INFO  volume.OMVolumeCreateRequest (OMVolumeCreateRequest.java:validateAndUpdateCache(203)) - created volume:vol-2908896992-92 for user:runner
2025-04-24 14:03:58,534 [omNode-2-OMStateMachineApplyTransactionThread - 0] INFO  volume.OMVolumeCreateRequest (OMVolumeCreateRequest.java:validateAndUpdateCache(203)) - created volume:vol-2908896992-92 for user:runner
2025-04-24 14:03:58,534 [main] INFO  rpc.RpcClient (RpcClient.java:createVolume(462)) - Creating Volume: vol-2908896992-93, with runner as owner and space quota set to -1 bytes, counts quota set to -1
2025-04-24 14:03:58,536 [omNode-1-OMStateMachineApplyTransactionThread - 0] INFO  volume.OMVolumeCreateRequest (OMVolumeCreateRequest.java:validateAndUpdateCache(203)) - created volume:vol-2908896992-92 for user:runner
2025-04-24 14:03:58,555 [omNode-3-OMStateMachineApplyTransactionThread - 0] INFO  volume.OMVolumeCreateRequest (OMVolumeCreateRequest.java:validateAndUpdateCache(203)) - created volume:vol-2908896992-93 for user:runner
2025-04-24 14:03:58,556 [omNode-2-OMStateMachineApplyTransactionThread - 0] INFO  volume.OMVolumeCreateRequest (OMVolumeCreateRequest.java:validateAndUpdateCache(203)) - created volume:vol-2908896992-93 for user:runner
2025-04-24 14:03:58,556 [omNode-1-OMStateMachineApplyTransactionThread - 0] INFO  volume.OMVolumeCreateRequest (OMVolumeCreateRequest.java:validateAndUpdateCache(203)) - created volume:vol-2908896992-93 for user:runner
2025-04-24 14:03:58,559 [main] INFO  rpc.RpcClient (RpcClient.java:createVolume(462)) - Creating Volume: vol-2908896992-94, with runner as owner and space quota set to -1 bytes, counts quota set to -1
2025-04-24 14:03:58,566 [omNode-3-OMStateMachineApplyTransactionThread - 0] INFO  volume.OMVolumeCreateRequest (OMVolumeCreateRequest.java:validateAndUpdateCache(203)) - created volume:vol-2908896992-94 for user:runner
2025-04-24 14:03:58,567 [main] INFO  rpc.RpcClient (RpcClient.java:createVolume(462)) - Creating Volume: vol-2908896992-95, with runner as owner and space quota set to -1 bytes, counts quota set to -1
2025-04-24 14:03:58,568 [omNode-1-OMStateMachineApplyTransactionThread - 0] INFO  volume.OMVolumeCreateRequest (OMVolumeCreateRequest.java:validateAndUpdateCache(203)) - created volume:vol-2908896992-94 for user:runner
2025-04-24 14:03:58,568 [omNode-2-OMStateMachineApplyTransactionThread - 0] INFO  volume.OMVolumeCreateRequest (OMVolumeCreateRequest.java:validateAndUpdateCache(203)) - created volume:vol-2908896992-94 for user:runner
2025-04-24 14:03:58,572 [omNode-3-OMStateMachineApplyTransactionThread - 0] INFO  volume.OMVolumeCreateRequest (OMVolumeCreateRequest.java:validateAndUpdateCache(203)) - created volume:vol-2908896992-95 for user:runner
2025-04-24 14:03:58,574 [omNode-1-OMStateMachineApplyTransactionThread - 0] INFO  volume.OMVolumeCreateRequest (OMVolumeCreateRequest.java:validateAndUpdateCache(203)) - created volume:vol-2908896992-95 for user:runner
2025-04-24 14:03:58,576 [main] INFO  rpc.RpcClient (RpcClient.java:createVolume(462)) - Creating Volume: vol-2908896992-96, with runner as owner and space quota set to -1 bytes, counts quota set to -1
2025-04-24 14:03:58,579 [omNode-2-OMStateMachineApplyTransactionThread - 0] INFO  volume.OMVolumeCreateRequest (OMVolumeCreateRequest.java:validateAndUpdateCache(203)) - created volume:vol-2908896992-95 for user:runner
2025-04-24 14:03:58,581 [omNode-3-OMStateMachineApplyTransactionThread - 0] INFO  volume.OMVolumeCreateRequest (OMVolumeCreateRequest.java:validateAndUpdateCache(203)) - created volume:vol-2908896992-96 for user:runner
2025-04-24 14:03:58,582 [main] INFO  rpc.RpcClient (RpcClient.java:createVolume(462)) - Creating Volume: vol-2908896992-97, with runner as owner and space quota set to -1 bytes, counts quota set to -1
2025-04-24 14:03:58,585 [omNode-1-OMStateMachineApplyTransactionThread - 0] INFO  volume.OMVolumeCreateRequest (OMVolumeCreateRequest.java:validateAndUpdateCache(203)) - created volume:vol-2908896992-96 for user:runner
2025-04-24 14:03:58,587 [omNode-2-OMStateMachineApplyTransactionThread - 0] INFO  volume.OMVolumeCreateRequest (OMVolumeCreateRequest.java:validateAndUpdateCache(203)) - created volume:vol-2908896992-96 for user:runner
2025-04-24 14:03:58,590 [omNode-3-OMStateMachineApplyTransactionThread - 0] INFO  volume.OMVolumeCreateRequest (OMVolumeCreateRequest.java:validateAndUpdateCache(203)) - created volume:vol-2908896992-97 for user:runner
2025-04-24 14:03:58,591 [omNode-2-OMStateMachineApplyTransactionThread - 0] INFO  volume.OMVolumeCreateRequest (OMVolumeCreateRequest.java:validateAndUpdateCache(203)) - created volume:vol-2908896992-97 for user:runner
2025-04-24 14:03:58,591 [main] INFO  rpc.RpcClient (RpcClient.java:createVolume(462)) - Creating Volume: vol-2908896992-98, with runner as owner and space quota set to -1 bytes, counts quota set to -1
2025-04-24 14:03:58,596 [omNode-3-OMStateMachineApplyTransactionThread - 0] INFO  volume.OMVolumeCreateRequest (OMVolumeCreateRequest.java:validateAndUpdateCache(203)) - created volume:vol-2908896992-98 for user:runner
2025-04-24 14:03:58,597 [omNode-2-OMStateMachineApplyTransactionThread - 0] INFO  volume.OMVolumeCreateRequest (OMVolumeCreateRequest.java:validateAndUpdateCache(203)) - created volume:vol-2908896992-98 for user:runner
2025-04-24 14:03:58,598 [main] INFO  rpc.RpcClient (RpcClient.java:createVolume(462)) - Creating Volume: vol-2908896992-99, with runner as owner and space quota set to -1 bytes, counts quota set to -1
2025-04-24 14:03:58,621 [omNode-1@group-523986131536-StateMachineUpdater] INFO  ratis.OzoneManagerStateMachine (OzoneManagerStateMachine.java:takeSnapshotImpl(510)) - omNode-1: taking snapshot. applied = (t:11, i:301), skipped = 300, notified = (t:11, i:301), current snapshot index = (t:11, i:301), took 35 ms
2025-04-24 14:03:58,621 [omNode-1@group-523986131536-StateMachineUpdater] INFO  impl.StateMachineUpdater (StateMachineUpdater.java:takeSnapshot(303)) - omNode-1@group-523986131536-StateMachineUpdater: Took a snapshot at index 301
2025-04-24 14:03:58,621 [omNode-1@group-523986131536-StateMachineUpdater] INFO  impl.StateMachineUpdater (StateMachineUpdater.java:lambda$new$0(102)) - omNode-1@group-523986131536-StateMachineUpdater: snapshotIndex: updateIncreasingly 251 -> 301
2025-04-24 14:03:58,622 [omNode-1@group-523986131536-StateMachineUpdater] INFO  raftlog.RaftLog (RaftLogBase.java:purge(325)) - omNode-1@group-523986131536-SegmentedRaftLog: purge 301
2025-04-24 14:03:58,622 [omNode-1@group-523986131536-StateMachineUpdater] INFO  raftlog.RaftLog (RaftLogBase.java:lambda$new$0(54)) - omNode-1@group-523986131536-SegmentedRaftLog: snapshotIndex: updateIncreasingly 251 -> 301
2025-04-24 14:03:58,622 [omNode-1@group-523986131536-StateMachineUpdater] INFO  raftlog.RaftLog (RaftLogBase.java:lambda$new$0(54)) - omNode-1@group-523986131536-SegmentedRaftLog: purgeIndex: updateToMax old=251, new=301, updated? true
2025-04-24 14:03:58,625 [omNode-1-OMStateMachineApplyTransactionThread - 0] INFO  volume.OMVolumeCreateRequest (OMVolumeCreateRequest.java:validateAndUpdateCache(203)) - created volume:vol-2908896992-97 for user:runner
2025-04-24 14:03:58,626 [omNode-1-OMStateMachineApplyTransactionThread - 0] INFO  volume.OMVolumeCreateRequest (OMVolumeCreateRequest.java:validateAndUpdateCache(203)) - created volume:vol-2908896992-98 for user:runner
2025-04-24 14:03:58,629 [omNode-1-OMStateMachineApplyTransactionThread - 0] INFO  volume.OMVolumeCreateRequest (OMVolumeCreateRequest.java:validateAndUpdateCache(203)) - created volume:vol-2908896992-99 for user:runner
2025-04-24 14:03:58,641 [omNode-3@group-523986131536-StateMachineUpdater] INFO  ratis.OzoneManagerStateMachine (OzoneManagerStateMachine.java:takeSnapshotImpl(510)) - omNode-3: taking snapshot. applied = (t:11, i:305), skipped = 304, notified = (t:11, i:305), current snapshot index = (t:11, i:305), took 44 ms
2025-04-24 14:03:58,642 [omNode-3@group-523986131536-StateMachineUpdater] INFO  impl.StateMachineUpdater (StateMachineUpdater.java:takeSnapshot(303)) - omNode-3@group-523986131536-StateMachineUpdater: Took a snapshot at index 305
2025-04-24 14:03:58,642 [omNode-3@group-523986131536-StateMachineUpdater] INFO  impl.StateMachineUpdater (StateMachineUpdater.java:lambda$new$0(102)) - omNode-3@group-523986131536-StateMachineUpdater: snapshotIndex: updateIncreasingly 255 -> 305
2025-04-24 14:03:58,642 [omNode-3@group-523986131536-StateMachineUpdater] INFO  raftlog.RaftLog (RaftLogBase.java:purge(325)) - omNode-3@group-523986131536-SegmentedRaftLog: purge 305
2025-04-24 14:03:58,643 [omNode-3@group-523986131536-StateMachineUpdater] INFO  raftlog.RaftLog (RaftLogBase.java:lambda$new$0(54)) - omNode-3@group-523986131536-SegmentedRaftLog: snapshotIndex: updateIncreasingly 255 -> 305
2025-04-24 14:03:58,643 [omNode-3@group-523986131536-StateMachineUpdater] INFO  raftlog.RaftLog (RaftLogBase.java:lambda$new$0(54)) - omNode-3@group-523986131536-SegmentedRaftLog: purgeIndex: updateToMax old=255, new=305, updated? true
2025-04-24 14:03:58,645 [omNode-3-OMStateMachineApplyTransactionThread - 0] INFO  volume.OMVolumeCreateRequest (OMVolumeCreateRequest.java:validateAndUpdateCache(203)) - created volume:vol-2908896992-99 for user:runner
2025-04-24 14:03:58,646 [omNode-2@group-523986131536-StateMachineUpdater] INFO  ratis.OzoneManagerStateMachine (OzoneManagerStateMachine.java:takeSnapshotImpl(510)) - omNode-2: taking snapshot. applied = (t:11, i:305), skipped = 304, notified = (t:11, i:305), current snapshot index = (t:11, i:305), took 43 ms
2025-04-24 14:03:58,646 [omNode-2@group-523986131536-StateMachineUpdater] INFO  impl.StateMachineUpdater (StateMachineUpdater.java:takeSnapshot(303)) - omNode-2@group-523986131536-StateMachineUpdater: Took a snapshot at index 305
2025-04-24 14:03:58,646 [omNode-2@group-523986131536-StateMachineUpdater] INFO  impl.StateMachineUpdater (StateMachineUpdater.java:lambda$new$0(102)) - omNode-2@group-523986131536-StateMachineUpdater: snapshotIndex: updateIncreasingly 255 -> 305
2025-04-24 14:03:58,647 [omNode-2@group-523986131536-StateMachineUpdater] INFO  raftlog.RaftLog (RaftLogBase.java:purge(325)) - omNode-2@group-523986131536-SegmentedRaftLog: purge 305
2025-04-24 14:03:58,647 [omNode-2@group-523986131536-StateMachineUpdater] INFO  raftlog.RaftLog (RaftLogBase.java:lambda$new$0(54)) - omNode-2@group-523986131536-SegmentedRaftLog: snapshotIndex: updateIncreasingly 255 -> 305
2025-04-24 14:03:58,648 [omNode-2@group-523986131536-StateMachineUpdater] INFO  raftlog.RaftLog (RaftLogBase.java:lambda$new$0(54)) - omNode-2@group-523986131536-SegmentedRaftLog: purgeIndex: updateToMax old=255, new=305, updated? true
2025-04-24 14:03:58,649 [omNode-2-OMStateMachineApplyTransactionThread - 0] INFO  volume.OMVolumeCreateRequest (OMVolumeCreateRequest.java:validateAndUpdateCache(203)) - created volume:vol-2908896992-99 for user:runner
2025-04-24 14:03:58,698 [main] INFO  om.OzoneManager (OzoneManager.java:stop(2347)) - omNode-3[localhost:15014]: Stopping Ozone Manager
2025-04-24 14:03:58,699 [main] INFO  ipc.Server (Server.java:stop(3697)) - Stopping server on 15014
2025-04-24 14:03:58,701 [IPC Server listener on 15014] INFO  ipc.Server (Server.java:run(1585)) - Stopping IPC Server listener on 15014
2025-04-24 14:03:58,702 [IPC Server Responder] INFO  ipc.Server (Server.java:run(1718)) - Stopping IPC Server Responder
2025-04-24 14:03:58,702 [main] INFO  ratis.OzoneManagerRatisServer (OzoneManagerRatisServer.java:stop(634)) - Stopping org.apache.hadoop.ozone.om.ratis.OzoneManagerRatisServer@2df893d7 at port 15017
2025-04-24 14:03:58,703 [main] INFO  server.RaftServer (RaftServerProxy.java:lambda$close$9(417)) - omNode-3: close
2025-04-24 14:03:58,704 [omNode-3-impl-thread1] INFO  server.RaftServer$Division (RaftServerImpl.java:lambda$close$1(513)) - omNode-3@group-523986131536: shutdown
2025-04-24 14:03:58,705 [omNode-3-impl-thread1] INFO  util.JmxRegister (JmxRegister.java:unregister(74)) - Successfully un-registered JMX Bean with object name Ratis:service=RaftServer,group=group-523986131536,id=omNode-3
2025-04-24 14:03:58,705 [omNode-3-impl-thread1] INFO  impl.RoleInfo (RoleInfo.java:shutdownLeaderState(103)) - omNode-3: shutdown omNode-3@group-523986131536-LeaderStateImpl
2025-04-24 14:03:58,706 [omNode-3@group-523986131536->omNode-2-GrpcLogAppender-LogAppenderDaemon] WARN  server.GrpcLogAppender (GrpcLogAppender.java:mayWait(293)) - omNode-3@group-523986131536->omNode-2-GrpcLogAppender: Wait interrupted by java.lang.InterruptedException
2025-04-24 14:03:58,704 [main] INFO  server.GrpcService (GrpcService.java:closeImpl(343)) - omNode-3: shutdown server GrpcServerProtocolService now
2025-04-24 14:03:58,706 [omNode-3@group-523986131536->omNode-1-GrpcLogAppender-LogAppenderDaemon] WARN  server.GrpcLogAppender (GrpcLogAppender.java:mayWait(293)) - omNode-3@group-523986131536->omNode-1-GrpcLogAppender: Wait interrupted by java.lang.InterruptedException
2025-04-24 14:03:58,708 [grpc-default-executor-2] INFO  server.GrpcServerProtocolService (GrpcServerProtocolService.java:onCompleted(157)) - omNode-1: Completed APPEND_ENTRIES, lastRequest: null
2025-04-24 14:03:58,706 [omNode-3-impl-thread1] INFO  impl.PendingRequests (PendingRequests.java:sendNotLeaderResponses(287)) - omNode-3@group-523986131536-PendingRequests: sendNotLeaderResponses
2025-04-24 14:03:58,709 [grpc-default-executor-2] INFO  server.GrpcServerProtocolService (GrpcServerProtocolService.java:lambda$onCompleted$5(159)) - omNode-1: Completed APPEND_ENTRIES, lastReply: serverReply {
  requestorId: "omNode-3"
  replyId: "omNode-1"
  raftGroupId {
    id: "\311\274L\364;\303<`\246kR9\206\023\0256"
  }
  callId: 8
  success: true
}
term: 11
nextIndex: 108
followerCommit: 107
matchIndex: 18446744073709551615
isHearbeat: true

2025-04-24 14:03:58,708 [grpc-default-executor-1] INFO  server.GrpcServerProtocolService (GrpcServerProtocolService.java:onCompleted(157)) - omNode-2: Completed APPEND_ENTRIES, lastRequest: null
2025-04-24 14:03:58,708 [grpc-default-executor-3] INFO  server.GrpcServerProtocolService (GrpcServerProtocolService.java:onCompleted(157)) - omNode-2: Completed APPEND_ENTRIES, lastRequest: omNode-3->omNode-2#537-t11,previous=(t:11, i:306),leaderCommit=306,initializing? false,entries: size=1, first=(t:11, i:307), METADATAENTRY(c:306)
2025-04-24 14:03:58,710 [grpc-default-executor-3] INFO  server.GrpcServerProtocolService (GrpcServerProtocolService.java:lambda$onCompleted$5(159)) - omNode-2: Completed APPEND_ENTRIES, lastReply: null
2025-04-24 14:03:58,710 [grpc-default-executor-1] INFO  server.GrpcServerProtocolService (GrpcServerProtocolService.java:lambda$onCompleted$5(159)) - omNode-2: Completed APPEND_ENTRIES, lastReply: serverReply {
  requestorId: "omNode-3"
  replyId: "omNode-2"
  raftGroupId {
    id: "\311\274L\364;\303<`\246kR9\206\023\0256"
  }
  callId: 10
  success: true
}
term: 11
nextIndex: 108
followerCommit: 107
matchIndex: 18446744073709551615
isHearbeat: true

2025-04-24 14:03:58,708 [grpc-default-executor-4] INFO  server.GrpcServerProtocolService (GrpcServerProtocolService.java:onCompleted(157)) - omNode-1: Completed APPEND_ENTRIES, lastRequest: omNode-3->omNode-1#536-t11,previous=(t:11, i:306),leaderCommit=306,initializing? false,entries: size=1, first=(t:11, i:307), METADATAENTRY(c:306)
2025-04-24 14:03:58,711 [grpc-default-executor-4] INFO  server.GrpcServerProtocolService (GrpcServerProtocolService.java:lambda$onCompleted$5(159)) - omNode-1: Completed APPEND_ENTRIES, lastReply: null
2025-04-24 14:03:58,710 [omNode-3-impl-thread1] INFO  impl.StateMachineUpdater (StateMachineUpdater.java:stopAndJoin(164)) - omNode-3@group-523986131536-StateMachineUpdater: set stopIndex = 307
2025-04-24 14:03:58,712 [grpc-default-executor-4] INFO  server.GrpcLogAppender (GrpcLogAppender.java:onCompleted(550)) - omNode-3@group-523986131536->omNode-2-AppendLogResponseHandler: follower responses appendEntries COMPLETED
2025-04-24 14:03:58,712 [grpc-default-executor-0] INFO  server.GrpcLogAppender (GrpcLogAppender.java:onCompleted(550)) - omNode-3@group-523986131536->omNode-2-AppendLogResponseHandler: follower responses appendEntries COMPLETED
2025-04-24 14:03:58,712 [grpc-default-executor-1] INFO  server.GrpcLogAppender (GrpcLogAppender.java:onCompleted(550)) - omNode-3@group-523986131536->omNode-1-AppendLogResponseHandler: follower responses appendEntries COMPLETED
2025-04-24 14:03:58,713 [grpc-default-executor-1] WARN  server.GrpcLogAppender (GrpcLogAppender.java:resetClient(230)) - omNode-3@group-523986131536->omNode-1-GrpcLogAppender: Failed to getClient for omNode-1
org.apache.ratis.protocol.exceptions.AlreadyClosedException: omNode-3 is already CLOSED
	at org.apache.ratis.util.PeerProxyMap$PeerAndProxy.getProxy(PeerProxyMap.java:67)
	at org.apache.ratis.util.PeerProxyMap.getProxy(PeerProxyMap.java:124)
	at org.apache.ratis.grpc.server.GrpcLogAppender.getClient(GrpcLogAppender.java:200)
	at org.apache.ratis.grpc.server.GrpcLogAppender.resetClient(GrpcLogAppender.java:205)
	at org.apache.ratis.grpc.server.GrpcLogAppender.access$800(GrpcLogAppender.java:64)
	at org.apache.ratis.grpc.server.GrpcLogAppender$AppendLogResponseHandler.onCompleted(GrpcLogAppender.java:551)
	at org.apache.ratis.thirdparty.io.grpc.stub.ClientCalls$StreamObserverToCallListenerAdapter.onClose(ClientCalls.java:479)
	at org.apache.ratis.thirdparty.io.grpc.internal.ClientCallImpl.closeObserver(ClientCallImpl.java:567)
	at org.apache.ratis.thirdparty.io.grpc.internal.ClientCallImpl.access$300(ClientCallImpl.java:71)
	at org.apache.ratis.thirdparty.io.grpc.internal.ClientCallImpl$ClientStreamListenerImpl$1StreamClosed.runInternal(ClientCallImpl.java:735)
	at org.apache.ratis.thirdparty.io.grpc.internal.ClientCallImpl$ClientStreamListenerImpl$1StreamClosed.runInContext(ClientCallImpl.java:716)
	at org.apache.ratis.thirdparty.io.grpc.internal.ContextRunnable.run(ContextRunnable.java:37)
	at org.apache.ratis.thirdparty.io.grpc.internal.SerializingExecutor.run(SerializingExecutor.java:133)
	at java.base/java.util.concurrent.ThreadPoolExecutor.runWorker(ThreadPoolExecutor.java:1144)
	at java.base/java.util.concurrent.ThreadPoolExecutor$Worker.run(ThreadPoolExecutor.java:642)
	at java.base/java.lang.Thread.run(Thread.java:1583)
2025-04-24 14:03:58,712 [Thread-4795] INFO  server.GrpcServerProtocolClient (GrpcServerProtocolClient.java:close(105)) - omNode-2 Close channels
2025-04-24 14:03:58,712 [Thread-4794] INFO  server.GrpcServerProtocolClient (GrpcServerProtocolClient.java:close(105)) - omNode-1 Close channels
2025-04-24 14:03:58,712 [grpc-default-executor-2] INFO  server.GrpcLogAppender (GrpcLogAppender.java:onCompleted(550)) - omNode-3@group-523986131536->omNode-1-AppendLogResponseHandler: follower responses appendEntries COMPLETED
2025-04-24 14:03:58,715 [grpc-default-executor-2] WARN  server.GrpcLogAppender (GrpcLogAppender.java:resetClient(230)) - omNode-3@group-523986131536->omNode-1-GrpcLogAppender: Failed to getClient for omNode-1
org.apache.ratis.protocol.exceptions.AlreadyClosedException: omNode-3 is already CLOSED
	at org.apache.ratis.util.PeerProxyMap$PeerAndProxy.getProxy(PeerProxyMap.java:67)
	at org.apache.ratis.util.PeerProxyMap.getProxy(PeerProxyMap.java:124)
	at org.apache.ratis.grpc.server.GrpcLogAppender.getClient(GrpcLogAppender.java:200)
	at org.apache.ratis.grpc.server.GrpcLogAppender.resetClient(GrpcLogAppender.java:205)
	at org.apache.ratis.grpc.server.GrpcLogAppender.access$800(GrpcLogAppender.java:64)
	at org.apache.ratis.grpc.server.GrpcLogAppender$AppendLogResponseHandler.onCompleted(GrpcLogAppender.java:551)
	at org.apache.ratis.thirdparty.io.grpc.stub.ClientCalls$StreamObserverToCallListenerAdapter.onClose(ClientCalls.java:479)
	at org.apache.ratis.thirdparty.io.grpc.internal.DelayedClientCall$DelayedListener$3.run(DelayedClientCall.java:489)
	at org.apache.ratis.thirdparty.io.grpc.internal.DelayedClientCall$DelayedListener.delayOrExecute(DelayedClientCall.java:453)
	at org.apache.ratis.thirdparty.io.grpc.internal.DelayedClientCall$DelayedListener.onClose(DelayedClientCall.java:486)
	at org.apache.ratis.thirdparty.io.grpc.internal.ClientCallImpl.closeObserver(ClientCallImpl.java:567)
	at org.apache.ratis.thirdparty.io.grpc.internal.ClientCallImpl.access$300(ClientCallImpl.java:71)
	at org.apache.ratis.thirdparty.io.grpc.internal.ClientCallImpl$ClientStreamListenerImpl$1StreamClosed.runInternal(ClientCallImpl.java:735)
	at org.apache.ratis.thirdparty.io.grpc.internal.ClientCallImpl$ClientStreamListenerImpl$1StreamClosed.runInContext(ClientCallImpl.java:716)
	at org.apache.ratis.thirdparty.io.grpc.internal.ContextRunnable.run(ContextRunnable.java:37)
	at org.apache.ratis.thirdparty.io.grpc.internal.SerializingExecutor.run(SerializingExecutor.java:133)
	at java.base/java.util.concurrent.ThreadPoolExecutor.runWorker(ThreadPoolExecutor.java:1144)
	at java.base/java.util.concurrent.ThreadPoolExecutor$Worker.run(ThreadPoolExecutor.java:642)
	at java.base/java.lang.Thread.run(Thread.java:1583)
2025-04-24 14:03:58,717 [main] INFO  server.GrpcService (GrpcService.java:closeImpl(352)) - omNode-3: shutdown server GrpcServerProtocolService successfully
2025-04-24 14:03:58,730 [omNode-3@group-523986131536-StateMachineUpdater] INFO  ratis.OzoneManagerStateMachine (OzoneManagerStateMachine.java:takeSnapshotImpl(510)) - omNode-3: taking snapshot. applied = (t:11, i:307), skipped = 306, notified = (t:11, i:307), current snapshot index = (t:11, i:307), took 18 ms
2025-04-24 14:03:58,730 [omNode-3@group-523986131536-StateMachineUpdater] INFO  impl.StateMachineUpdater (StateMachineUpdater.java:takeSnapshot(303)) - omNode-3@group-523986131536-StateMachineUpdater: Took a snapshot at index 307
2025-04-24 14:03:58,730 [omNode-3@group-523986131536-StateMachineUpdater] INFO  impl.StateMachineUpdater (StateMachineUpdater.java:lambda$new$0(102)) - omNode-3@group-523986131536-StateMachineUpdater: snapshotIndex: updateIncreasingly 305 -> 307
2025-04-24 14:03:58,730 [omNode-3@group-523986131536-StateMachineUpdater] INFO  impl.StateMachineUpdater (StateMachineUpdater.java:stop(141)) - omNode-3@group-523986131536-StateMachineUpdater: closing OzoneManagerStateMachine, lastApplied=(t:11, i:307)
2025-04-24 14:03:58,730 [omNode-3@group-523986131536-StateMachineUpdater] INFO  ratis.OzoneManagerStateMachine (OzoneManagerStateMachine.java:close(550)) - Stopping OzoneManagerStateMachine:omNode-3:group-523986131536.
2025-04-24 14:03:58,730 [omNode-3@group-523986131536-StateMachineUpdater] INFO  ratis.OzoneManagerDoubleBuffer (OzoneManagerDoubleBuffer.java:stopDaemon(500)) - Stopping OMDoubleBuffer flush thread
2025-04-24 14:03:58,730 [omNode-3-OMDoubleBufferFlushThread] INFO  ratis.OzoneManagerDoubleBuffer (OzoneManagerDoubleBuffer.java:canFlush(559)) - OMDoubleBuffer flush thread omNode-3-OMDoubleBufferFlushThread is interrupted and will exit.
2025-04-24 14:03:58,731 [omNode-3@group-523986131536-cacheEviction-AwaitToRun] INFO  util.AwaitToRun (AwaitToRun.java:run(49)) - omNode-3@group-523986131536-cacheEviction-AwaitToRun-AwaitForSignal is interrupted
2025-04-24 14:03:59,604 [omNode-3-impl-thread1] INFO  segmented.SegmentedRaftLogWorker (SegmentedRaftLogWorker.java:close(252)) - omNode-3@group-523986131536-SegmentedRaftLogWorker close()
2025-04-24 14:03:59,604 [JvmPauseMonitor26] INFO  util.JvmPauseMonitor (JvmPauseMonitor.java:run(152)) - JvmPauseMonitor-omNode-3: Stopped
2025-04-24 14:03:59,604 [main] INFO  utils.BackgroundService (BackgroundService.java:shutdown(161)) - Shutting down service KeyDeletingService
2025-04-24 14:03:59,605 [main] INFO  utils.BackgroundService (BackgroundService.java:shutdown(161)) - Shutting down service DirectoryDeletingService
2025-04-24 14:03:59,606 [main] INFO  utils.BackgroundService (BackgroundService.java:shutdown(161)) - Shutting down service OpenKeyCleanupService
2025-04-24 14:03:59,606 [main] INFO  utils.BackgroundService (BackgroundService.java:shutdown(161)) - Shutting down service SstFilteringService
2025-04-24 14:03:59,607 [main] INFO  utils.BackgroundService (BackgroundService.java:shutdown(161)) - Shutting down service SnapshotDeletingService
2025-04-24 14:03:59,607 [main] INFO  utils.BackgroundService (BackgroundService.java:shutdown(161)) - Shutting down service MultipartUploadCleanupService
2025-04-24 14:03:59,608 [main] INFO  handler.ContextHandler (ContextHandler.java:doStop(1159)) - Stopped o.e.j.w.WebAppContext@7eaca9f{ozoneManager,/,null,STOPPED}{file:/home/runner/work/ozone/ozone/hadoop-ozone/integration-test/target/test-classes/webapps/ozoneManager}
2025-04-24 14:03:59,608 [main] INFO  server.AbstractConnector (AbstractConnector.java:doStop(383)) - Stopped ServerConnector@32b679b2{HTTP/1.1, (http/1.1)}{0.0.0.0:15015}
2025-04-24 14:03:59,608 [main] INFO  server.session (HouseKeeper.java:stopScavenging(149)) - node0 Stopped scavenging
2025-04-24 14:03:59,609 [main] INFO  handler.ContextHandler (ContextHandler.java:doStop(1159)) - Stopped o.e.j.s.ServletContextHandler@ef48fec{static,/static,file:///home/runner/work/ozone/ozone/hadoop-ozone/integration-test/target/test-classes/webapps/static,STOPPED}
2025-04-24 14:03:59,609 [main] INFO  handler.ContextHandler (ContextHandler.java:doStop(1159)) - Stopped o.e.j.s.ServletContextHandler@6a9453f2{logs,/logs,file:///home/runner/work/ozone/ozone/hadoop-ozone/integration-test/target/log,STOPPED}
2025-04-24 14:03:59,610 [main] INFO  rocksdiff.RocksDBCheckpointDiffer (RocksDBCheckpointDiffer.java:close(304)) - Shutting down CompactionDagPruningService.
2025-04-24 14:03:59,612 [main] INFO  snapshot.SnapshotDiffManager (SnapshotDiffManager.java:closeExecutorService(1698)) - Shutting down executorService: 'SnapDiffExecutor'
2025-04-24 14:03:59,612 [main] INFO  utils.BackgroundService (BackgroundService.java:shutdown(161)) - Shutting down service SnapshotDiffCleanupService
2025-04-24 14:04:00,044 [omNode-1@group-523986131536-FollowerState] INFO  impl.FollowerState (FollowerState.java:runImpl(161)) - omNode-1@group-523986131536-FollowerState: change to CANDIDATE, lastRpcElapsedTime:1439881415ns, electionTimeout:1003ms
2025-04-24 14:04:00,044 [omNode-1@group-523986131536-FollowerState] INFO  impl.RoleInfo (RoleInfo.java:shutdownFollowerState(121)) - omNode-1: shutdown omNode-1@group-523986131536-FollowerState
2025-04-24 14:04:00,044 [omNode-1@group-523986131536-FollowerState] INFO  server.RaftServer$Division (RaftServerImpl.java:setRole(378)) - omNode-1@group-523986131536: changes role from  FOLLOWER to CANDIDATE at term 11 for changeToCandidate
2025-04-24 14:04:00,044 [omNode-1@group-523986131536-FollowerState] INFO  server.RaftServerConfigKeys (ConfUtils.java:logGet(46)) - raft.server.leaderelection.pre-vote = true (default)
2025-04-24 14:04:00,044 [omNode-1@group-523986131536-FollowerState] INFO  impl.RoleInfo (RoleInfo.java:updateAndGet(148)) - omNode-1: start omNode-1@group-523986131536-LeaderElection27
2025-04-24 14:04:00,045 [omNode-1@group-523986131536-LeaderElection27] INFO  server.RaftServer$Division (ServerState.java:setLeader(272)) - omNode-1@group-523986131536: change Leader from omNode-3 to null at term 11 for PRE_VOTE
2025-04-24 14:04:00,045 [omNode-1@group-523986131536-LeaderElection27] INFO  impl.LeaderElection (LeaderElection.java:askForVotes(332)) - omNode-1@group-523986131536-LeaderElection27 PRE_VOTE round 0: submit vote requests at term 11 for conf: {index: 106, cur=peers:[omNode-3|localhost:15017, omNode-1|localhost:15009, omNode-2|localhost:15013]|listeners:[], old=null}
2025-04-24 14:04:00,045 [omNode-1@group-523986131536-LeaderElection27-1] INFO  server.GrpcServerProtocolClient (GrpcServerProtocolClient.java:<init>(65)) - Build channel for omNode-3|localhost:15017
2025-04-24 14:04:00,045 [omNode-1@group-523986131536-LeaderElection27-2] INFO  server.GrpcServerProtocolClient (GrpcServerProtocolClient.java:<init>(65)) - Build channel for omNode-2|localhost:15013
2025-04-24 14:04:00,050 [omNode-1@group-523986131536-LeaderElection27] INFO  impl.LeaderElection (LogUtils.java:infoOrTrace(136)) - omNode-1@group-523986131536-LeaderElection27 got exception when requesting votes: java.util.concurrent.ExecutionException: org.apache.ratis.thirdparty.io.grpc.StatusRuntimeException: UNAVAILABLE: io exception
2025-04-24 14:04:00,051 [grpc-default-executor-2] INFO  server.RaftServer$Division (RaftServerImpl.java:requestVote(1407)) - omNode-2@group-523986131536: receive requestVote(PRE_VOTE, omNode-1, group-523986131536, 11, (t:11, i:307))
2025-04-24 14:04:00,051 [grpc-default-executor-2] INFO  impl.VoteContext (VoteContext.java:log(49)) - omNode-2@group-523986131536-FOLLOWER: accept PRE_VOTE from omNode-1: our priority 0 <= candidate's priority 0
2025-04-24 14:04:00,051 [grpc-default-executor-2] INFO  server.RaftServer$Division (RaftServerImpl.java:requestVote(1441)) - omNode-2@group-523986131536 replies to PRE_VOTE vote request: omNode-1<-omNode-2#0:OK-t11. Peer's state: omNode-2@group-523986131536:t11, leader=omNode-3, voted=omNode-3, raftlog=Memoized:omNode-2@group-523986131536-SegmentedRaftLog:OPENED:c306:last(t:11, i:307), conf=conf: {index: 106, cur=peers:[omNode-3|localhost:15017, omNode-1|localhost:15009, omNode-2|localhost:15013]|listeners:[], old=null}
2025-04-24 14:04:00,052 [omNode-1@group-523986131536-LeaderElection27] INFO  impl.LeaderElection (LeaderElection.java:logAndReturn(90)) - omNode-1@group-523986131536-LeaderElection27: PRE_VOTE PASSED received 1 response(s) and 1 exception(s):
2025-04-24 14:04:00,052 [omNode-1@group-523986131536-LeaderElection27] INFO  impl.LeaderElection (LeaderElection.java:logAndReturn(94)) -   Response 0: omNode-1<-omNode-2#0:OK-t11
2025-04-24 14:04:00,052 [omNode-1@group-523986131536-LeaderElection27] INFO  impl.LeaderElection (LogUtils.java:infoOrTrace(136)) -   Exception 1: java.util.concurrent.ExecutionException: org.apache.ratis.thirdparty.io.grpc.StatusRuntimeException: UNAVAILABLE: io exception
2025-04-24 14:04:00,052 [omNode-1@group-523986131536-LeaderElection27] INFO  impl.LeaderElection (LeaderElection.java:askForVotes(334)) - omNode-1@group-523986131536-LeaderElection27 PRE_VOTE round 0: result PASSED
2025-04-24 14:04:00,053 [omNode-1@group-523986131536-LeaderElection27] INFO  impl.LeaderElection (LeaderElection.java:askForVotes(332)) - omNode-1@group-523986131536-LeaderElection27 ELECTION round 0: submit vote requests at term 12 for conf: {index: 106, cur=peers:[omNode-3|localhost:15017, omNode-1|localhost:15009, omNode-2|localhost:15013]|listeners:[], old=null}
2025-04-24 14:04:00,054 [omNode-1@group-523986131536-LeaderElection27] INFO  impl.LeaderElection (LogUtils.java:infoOrTrace(136)) - omNode-1@group-523986131536-LeaderElection27 got exception when requesting votes: java.util.concurrent.ExecutionException: org.apache.ratis.thirdparty.io.grpc.StatusRuntimeException: UNAVAILABLE: io exception
2025-04-24 14:04:00,054 [grpc-default-executor-2] INFO  server.RaftServer$Division (RaftServerImpl.java:requestVote(1407)) - omNode-2@group-523986131536: receive requestVote(ELECTION, omNode-1, group-523986131536, 12, (t:11, i:307))
2025-04-24 14:04:00,055 [grpc-default-executor-2] INFO  impl.VoteContext (VoteContext.java:log(49)) - omNode-2@group-523986131536-FOLLOWER: accept ELECTION from omNode-1: our priority 0 <= candidate's priority 0
2025-04-24 14:04:00,055 [grpc-default-executor-2] INFO  server.RaftServer$Division (RaftServerImpl.java:setRole(378)) - omNode-2@group-523986131536: changes role from  FOLLOWER to FOLLOWER at term 11 for candidate:omNode-1
2025-04-24 14:04:00,055 [grpc-default-executor-2] INFO  impl.RoleInfo (RoleInfo.java:shutdownFollowerState(121)) - omNode-2: shutdown omNode-2@group-523986131536-FollowerState
2025-04-24 14:04:00,055 [grpc-default-executor-2] INFO  server.RaftServer$Division (ServerState.java:setLeader(272)) - omNode-2@group-523986131536: change Leader from omNode-3 to null at term 12 for updateCurrentTerm
2025-04-24 14:04:00,055 [omNode-2@group-523986131536-FollowerState] INFO  impl.FollowerState (FollowerState.java:runImpl(170)) - omNode-2@group-523986131536-FollowerState was interrupted
2025-04-24 14:04:00,055 [grpc-default-executor-2] INFO  impl.RoleInfo (RoleInfo.java:updateAndGet(148)) - omNode-2: start omNode-2@group-523986131536-FollowerState
2025-04-24 14:04:00,056 [grpc-default-executor-2] INFO  server.RaftServer$Division (RaftServerImpl.java:requestVote(1441)) - omNode-2@group-523986131536 replies to ELECTION vote request: omNode-1<-omNode-2#0:OK-t12. Peer's state: omNode-2@group-523986131536:t12, leader=null, voted=omNode-1, raftlog=Memoized:omNode-2@group-523986131536-SegmentedRaftLog:OPENED:c306:last(t:11, i:307), conf=conf: {index: 106, cur=peers:[omNode-3|localhost:15017, omNode-1|localhost:15009, omNode-2|localhost:15013]|listeners:[], old=null}
2025-04-24 14:04:00,056 [omNode-1@group-523986131536-LeaderElection27] INFO  impl.LeaderElection (LeaderElection.java:logAndReturn(90)) - omNode-1@group-523986131536-LeaderElection27: ELECTION PASSED received 1 response(s) and 1 exception(s):
2025-04-24 14:04:00,056 [omNode-1@group-523986131536-LeaderElection27] INFO  impl.LeaderElection (LeaderElection.java:logAndReturn(94)) -   Response 0: omNode-1<-omNode-2#0:OK-t12
2025-04-24 14:04:00,056 [omNode-1@group-523986131536-LeaderElection27] INFO  impl.LeaderElection (LogUtils.java:infoOrTrace(136)) -   Exception 1: java.util.concurrent.ExecutionException: org.apache.ratis.thirdparty.io.grpc.StatusRuntimeException: UNAVAILABLE: io exception
2025-04-24 14:04:00,057 [omNode-1@group-523986131536-LeaderElection27] INFO  impl.LeaderElection (LeaderElection.java:askForVotes(334)) - omNode-1@group-523986131536-LeaderElection27 ELECTION round 0: result PASSED
2025-04-24 14:04:00,057 [omNode-1@group-523986131536-LeaderElection27] INFO  impl.RoleInfo (RoleInfo.java:shutdownLeaderElection(141)) - omNode-1: shutdown omNode-1@group-523986131536-LeaderElection27
2025-04-24 14:04:00,057 [omNode-1@group-523986131536-LeaderElection27] INFO  server.RaftServer$Division (RaftServerImpl.java:setRole(378)) - omNode-1@group-523986131536: changes role from CANDIDATE to LEADER at term 12 for changeToLeader
2025-04-24 14:04:00,057 [omNode-1@group-523986131536-LeaderElection27] INFO  server.RaftServerConfigKeys (ConfUtils.java:logGet(46)) - raft.server.staging.catchup.gap = 1000 (default)
2025-04-24 14:04:00,057 [omNode-1@group-523986131536-LeaderElection27] INFO  server.RaftServerConfigKeys (ConfUtils.java:logGet(46)) - raft.server.write.element-limit = 4096 (default)
2025-04-24 14:04:00,057 [omNode-1@group-523986131536-LeaderElection27] INFO  server.RaftServerConfigKeys (ConfUtils.java:logGet(46)) - raft.server.write.byte-limit = 64MB (=67108864) (default)
2025-04-24 14:04:00,057 [omNode-1@group-523986131536-LeaderElection27] INFO  server.RaftServerConfigKeys (ConfUtils.java:logGet(46)) - raft.server.watch.timeout = 10s (default)
2025-04-24 14:04:00,057 [omNode-1@group-523986131536-LeaderElection27] INFO  server.RaftServerConfigKeys (ConfUtils.java:logGet(46)) - raft.server.watch.timeout.denomination = 1s (default)
2025-04-24 14:04:00,057 [omNode-1@group-523986131536-LeaderElection27] INFO  server.RaftServerConfigKeys (ConfUtils.java:logGet(46)) - raft.server.watch.element-limit = 65536 (default)
2025-04-24 14:04:00,058 [omNode-1@group-523986131536-LeaderElection27] INFO  server.RaftServerConfigKeys (ConfUtils.java:logGet(46)) - raft.server.read.leader.lease.enabled = false (default)
2025-04-24 14:04:00,058 [omNode-1@group-523986131536-LeaderElection27] INFO  server.RaftServerConfigKeys (ConfUtils.java:logGet(46)) - raft.server.read.leader.lease.timeout.ratio = 0.9 (default)
2025-04-24 14:04:00,058 [omNode-1@group-523986131536-LeaderElection27] INFO  server.RaftServerConfigKeys (ConfUtils.java:logGet(46)) - raft.server.rpc.timeout.min = 1s (custom)
2025-04-24 14:04:00,058 [omNode-1@group-523986131536-LeaderElection27] INFO  server.RaftServerConfigKeys (ConfUtils.java:logGet(46)) - raft.server.log.log-metadata.enabled = true (default)
2025-04-24 14:04:00,058 [omNode-1@group-523986131536-LeaderElection27] INFO  server.RaftServerConfigKeys (ConfUtils.java:logGet(46)) - raft.server.write.element-limit = 4096 (default)
2025-04-24 14:04:00,058 [omNode-1@group-523986131536-LeaderElection27] INFO  server.RaftServerConfigKeys (ConfUtils.java:logGet(46)) - raft.server.write.follower.gap.ratio.max = -1.0 (default)
2025-04-24 14:04:00,058 [omNode-1@group-523986131536-LeaderElection27] INFO  server.RaftServerConfigKeys (ConfUtils.java:logGet(46)) - raft.server.log.appender.snapshot.chunk.size.max = 16MB (=16777216) (default)
2025-04-24 14:04:00,058 [omNode-1@group-523986131536-LeaderElection27] INFO  server.RaftServerConfigKeys (ConfUtils.java:logGet(46)) - raft.server.log.appender.buffer.byte-limit = 4194304 (custom)
2025-04-24 14:04:00,058 [omNode-1@group-523986131536-LeaderElection27] INFO  server.RaftServerConfigKeys (ConfUtils.java:logGet(46)) - raft.server.log.appender.buffer.element-limit = 1024 (custom)
2025-04-24 14:04:00,059 [omNode-1@group-523986131536-LeaderElection27] INFO  server.RaftServerConfigKeys (ConfUtils.java:logGet(46)) - raft.server.log.appender.wait-time.min = 0ms (custom)
2025-04-24 14:04:00,059 [omNode-1@group-523986131536-LeaderElection27] INFO  grpc.GrpcConfigKeys (ConfUtils.java:logGet(46)) - raft.grpc.server.leader.outstanding.appends.max = 8 (default)
2025-04-24 14:04:00,059 [omNode-1@group-523986131536-LeaderElection27] INFO  server.RaftServerConfigKeys (ConfUtils.java:logGet(46)) - raft.server.rpc.request.timeout = 3000ms (default)
2025-04-24 14:04:00,059 [omNode-1@group-523986131536-LeaderElection27] INFO  grpc.GrpcConfigKeys (ConfUtils.java:logGet(46)) - raft.grpc.server.install_snapshot.request.element-limit = 8 (default)
2025-04-24 14:04:00,059 [omNode-1@group-523986131536-LeaderElection27] INFO  grpc.GrpcConfigKeys (ConfUtils.java:logGet(46)) - raft.grpc.server.install_snapshot.request.timeout = 3000ms (default)
2025-04-24 14:04:00,059 [omNode-1@group-523986131536-LeaderElection27] INFO  grpc.GrpcConfigKeys (ConfUtils.java:logGet(46)) - raft.grpc.server.log-message.batch.duration = 5s (default)
2025-04-24 14:04:00,059 [omNode-1@group-523986131536-LeaderElection27] INFO  server.RaftServerConfigKeys (ConfUtils.java:logGet(46)) - raft.server.log.appender.install.snapshot.enabled = false (custom)
2025-04-24 14:04:00,059 [omNode-1@group-523986131536-LeaderElection27] INFO  grpc.GrpcConfigKeys (ConfUtils.java:logGet(46)) - raft.grpc.server.heartbeat.channel = true (default)
2025-04-24 14:04:00,059 [omNode-1@group-523986131536-LeaderElection27] INFO  server.RaftServerConfigKeys (ConfUtils.java:logGet(46)) - raft.server.log.appender.snapshot.chunk.size.max = 16MB (=16777216) (default)
2025-04-24 14:04:00,060 [omNode-1@group-523986131536-LeaderElection27] INFO  server.RaftServerConfigKeys (ConfUtils.java:logGet(46)) - raft.server.log.appender.buffer.byte-limit = 4194304 (custom)
2025-04-24 14:04:00,060 [omNode-1@group-523986131536-LeaderElection27] INFO  server.RaftServerConfigKeys (ConfUtils.java:logGet(46)) - raft.server.log.appender.buffer.element-limit = 1024 (custom)
2025-04-24 14:04:00,060 [omNode-1@group-523986131536-LeaderElection27] INFO  server.RaftServerConfigKeys (ConfUtils.java:logGet(46)) - raft.server.log.appender.wait-time.min = 0ms (custom)
2025-04-24 14:04:00,060 [omNode-1@group-523986131536-LeaderElection27] INFO  grpc.GrpcConfigKeys (ConfUtils.java:logGet(46)) - raft.grpc.server.leader.outstanding.appends.max = 8 (default)
2025-04-24 14:04:00,060 [omNode-1@group-523986131536-LeaderElection27] INFO  server.RaftServerConfigKeys (ConfUtils.java:logGet(46)) - raft.server.rpc.request.timeout = 3000ms (default)
2025-04-24 14:04:00,060 [omNode-1@group-523986131536-LeaderElection27] INFO  grpc.GrpcConfigKeys (ConfUtils.java:logGet(46)) - raft.grpc.server.install_snapshot.request.element-limit = 8 (default)
2025-04-24 14:04:00,060 [omNode-1@group-523986131536-LeaderElection27] INFO  grpc.GrpcConfigKeys (ConfUtils.java:logGet(46)) - raft.grpc.server.install_snapshot.request.timeout = 3000ms (default)
2025-04-24 14:04:00,060 [omNode-1@group-523986131536-LeaderElection27] INFO  grpc.GrpcConfigKeys (ConfUtils.java:logGet(46)) - raft.grpc.server.log-message.batch.duration = 5s (default)
2025-04-24 14:04:00,060 [omNode-1@group-523986131536-LeaderElection27] INFO  server.RaftServerConfigKeys (ConfUtils.java:logGet(46)) - raft.server.log.appender.install.snapshot.enabled = false (custom)
2025-04-24 14:04:00,060 [omNode-1@group-523986131536-LeaderElection27] INFO  grpc.GrpcConfigKeys (ConfUtils.java:logGet(46)) - raft.grpc.server.heartbeat.channel = true (default)
2025-04-24 14:04:00,060 [omNode-1@group-523986131536-LeaderElection27] INFO  impl.RoleInfo (RoleInfo.java:updateAndGet(148)) - omNode-1: start omNode-1@group-523986131536-LeaderStateImpl
2025-04-24 14:04:00,061 [omNode-1@group-523986131536-LeaderElection27] INFO  ratis.OzoneManagerStateMachine (OzoneManagerStateMachine.java:notifyLeaderChanged(169)) - omNode-1@group-523986131536: leader changed to omNode-1
2025-04-24 14:04:00,061 [omNode-1@group-523986131536-LeaderElection27] INFO  server.RaftServer$Division (ServerState.java:setLeader(272)) - omNode-1@group-523986131536: change Leader from null to omNode-1 at term 12 for becomeLeader, leader elected after 15ms
2025-04-24 14:04:00,061 [omNode-1@group-523986131536-LeaderElection27] INFO  segmented.SegmentedRaftLogWorker (SegmentedRaftLogWorker.java:rollLogSegment(443)) - omNode-1@group-523986131536-SegmentedRaftLogWorker: Rolling segment log-106_307 to index:307
2025-04-24 14:04:00,061 [omNode-1@group-523986131536-LeaderElection27] INFO  server.RaftServer$Division (ServerState.java:setRaftConf(386)) - omNode-1@group-523986131536: set configuration conf: {index: 308, cur=peers:[omNode-3|localhost:15017, omNode-1|localhost:15009, omNode-2|localhost:15013]|listeners:[], old=null}
2025-04-24 14:04:00,062 [omNode-1@group-523986131536-SegmentedRaftLogWorker] INFO  segmented.SegmentedRaftLogWorker (SegmentedRaftLogWorker.java:execute(601)) - omNode-1@group-523986131536-SegmentedRaftLogWorker: Rolled log segment from /home/runner/work/ozone/ozone/hadoop-ozone/integration-test/target/test-dir/MiniOzoneClusterImpl-4e6105ad-12bc-4f18-9d37-351d73277e17/omNode-1/ratis/c9bc4cf4-3bc3-3c60-a66b-523986131536/current/log_inprogress_106 to /home/runner/work/ozone/ozone/hadoop-ozone/integration-test/target/test-dir/MiniOzoneClusterImpl-4e6105ad-12bc-4f18-9d37-351d73277e17/omNode-1/ratis/c9bc4cf4-3bc3-3c60-a66b-523986131536/current/log_106-307
2025-04-24 14:04:00,063 [omNode-1@group-523986131536-SegmentedRaftLogWorker] INFO  segmented.BufferedWriteChannel (BufferedWriteChannel.java:open(61)) - open log_inprogress_308 at position 0
2025-04-24 14:04:00,063 [grpc-default-executor-2] WARN  server.GrpcLogAppender (LogUtils.java:warn(121)) - omNode-1@group-523986131536->omNode-3-AppendLogResponseHandler: Failed appendEntries: org.apache.ratis.thirdparty.io.grpc.StatusRuntimeException: UNAVAILABLE: io exception
2025-04-24 14:04:00,063 [grpc-default-executor-2] WARN  server.GrpcLogAppender (GrpcLogAppender.java:lambda$resetClient$1(221)) - omNode-1@group-523986131536->omNode-3-GrpcLogAppender: Follower failed (request=null, errorCount=1); keep nextIndex (308) unchanged and retry.
2025-04-24 14:04:00,064 [grpc-default-executor-2] WARN  server.GrpcLogAppender (GrpcLogAppender.java:lambda$resetClient$1(221)) - omNode-1@group-523986131536->omNode-3-GrpcLogAppender: Follower failed (request=null, errorCount=2); keep nextIndex (309) unchanged and retry.
2025-04-24 14:04:00,067 [omNode-2-server-thread3] INFO  ratis.OzoneManagerStateMachine (OzoneManagerStateMachine.java:notifyLeaderChanged(169)) - omNode-2@group-523986131536: leader changed to omNode-1
2025-04-24 14:04:00,067 [omNode-2-server-thread3] INFO  server.RaftServer$Division (ServerState.java:setLeader(272)) - omNode-2@group-523986131536: change Leader from null to omNode-1 at term 12 for appendEntries, leader elected after 11ms
2025-04-24 14:04:00,067 [omNode-2-server-thread2] INFO  server.RaftServer$Division (ServerState.java:setRaftConf(386)) - omNode-2@group-523986131536: set configuration conf: {index: 308, cur=peers:[omNode-3|localhost:15017, omNode-1|localhost:15009, omNode-2|localhost:15013]|listeners:[], old=null}
2025-04-24 14:04:00,067 [omNode-2-server-thread2] INFO  segmented.SegmentedRaftLogWorker (SegmentedRaftLogWorker.java:rollLogSegment(443)) - omNode-2@group-523986131536-SegmentedRaftLogWorker: Rolling segment log-106_307 to index:307
2025-04-24 14:04:00,069 [omNode-2@group-523986131536-SegmentedRaftLogWorker] INFO  segmented.SegmentedRaftLogWorker (SegmentedRaftLogWorker.java:execute(601)) - omNode-2@group-523986131536-SegmentedRaftLogWorker: Rolled log segment from /home/runner/work/ozone/ozone/hadoop-ozone/integration-test/target/test-dir/MiniOzoneClusterImpl-4e6105ad-12bc-4f18-9d37-351d73277e17/omNode-2/ratis/c9bc4cf4-3bc3-3c60-a66b-523986131536/current/log_inprogress_106 to /home/runner/work/ozone/ozone/hadoop-ozone/integration-test/target/test-dir/MiniOzoneClusterImpl-4e6105ad-12bc-4f18-9d37-351d73277e17/omNode-2/ratis/c9bc4cf4-3bc3-3c60-a66b-523986131536/current/log_106-307
2025-04-24 14:04:00,069 [omNode-2@group-523986131536-SegmentedRaftLogWorker] INFO  segmented.BufferedWriteChannel (BufferedWriteChannel.java:open(61)) - open log_inprogress_308 at position 0
2025-04-24 14:04:00,074 [omNode-1@group-523986131536-SegmentedRaftLogWorker] INFO  segmented.SegmentedRaftLogWorker (SegmentedRaftLogWorker.java:execute(644)) - omNode-1@group-523986131536-SegmentedRaftLogWorker: created new log segment /home/runner/work/ozone/ozone/hadoop-ozone/integration-test/target/test-dir/MiniOzoneClusterImpl-4e6105ad-12bc-4f18-9d37-351d73277e17/omNode-1/ratis/c9bc4cf4-3bc3-3c60-a66b-523986131536/current/log_inprogress_308
2025-04-24 14:04:00,079 [omNode-2@group-523986131536-SegmentedRaftLogWorker] INFO  segmented.SegmentedRaftLogWorker (SegmentedRaftLogWorker.java:execute(644)) - omNode-2@group-523986131536-SegmentedRaftLogWorker: created new log segment /home/runner/work/ozone/ozone/hadoop-ozone/integration-test/target/test-dir/MiniOzoneClusterImpl-4e6105ad-12bc-4f18-9d37-351d73277e17/omNode-2/ratis/c9bc4cf4-3bc3-3c60-a66b-523986131536/current/log_inprogress_308
2025-04-24 14:04:00,081 [grpc-default-executor-6] WARN  server.GrpcLogAppender (GrpcLogAppender.java:lambda$resetClient$1(221)) - omNode-1@group-523986131536->omNode-3-GrpcLogAppender: Follower failed (request=null, errorCount=5); keep nextIndex (310) unchanged and retry.
2025-04-24 14:04:00,082 [omNode-1@group-523986131536-StateMachineUpdater] INFO  ratis.OzoneManagerStateMachine (OzoneManagerStateMachine.java:notifyConfigurationChanged(231)) - notifyConfigurationChanged from Ratis: term=12, index=308, New Peer list: omNode-3(localhost:15017), omNode-1(localhost:15009), omNode-2(localhost:15013)
2025-04-24 14:04:00,082 [omNode-1@group-523986131536-StateMachineUpdater] INFO  server.RaftServer$Division (LeaderStateImpl.java:checkStartIndex(313)) - Leader omNode-1@group-523986131536-LeaderStateImpl is ready since appliedIndex == startIndex == 308
2025-04-24 14:04:00,083 [omNode-2@group-523986131536-StateMachineUpdater] INFO  ratis.OzoneManagerStateMachine (OzoneManagerStateMachine.java:notifyConfigurationChanged(231)) - notifyConfigurationChanged from Ratis: term=12, index=308, New Peer list: omNode-3(localhost:15017), omNode-1(localhost:15009), omNode-2(localhost:15013)
2025-04-24 14:04:03,614 [main] INFO  retry.RetryInvocationHandler (RetryInvocationHandler.java:log(426)) - com.google.protobuf.ServiceException: java.io.EOFException: End of File Exception between local host is: "fv-az2210-761/10.1.0.107"; destination host is: "localhost":15014; : java.io.EOFException; For more details see:  http://wiki.apache.org/hadoop/EOFException, while invoking $Proxy68.submitRequest over nodeId=omNode-3,nodeAddress=127.0.0.1:15014. Trying to failover after sleeping for 2000ms. Current retry count: 0.
2025-04-24 14:04:05,063 [timer7] WARN  server.GrpcLogAppender (LogUtils.java:warn(121)) - omNode-1@group-523986131536->omNode-3-AppendLogResponseHandler: Failed appendEntries (Repeated 18 times in the last 5.000s): org.apache.ratis.thirdparty.io.grpc.StatusRuntimeException: UNAVAILABLE: io exception
2025-04-24 14:04:05,064 [timer2] WARN  server.GrpcLogAppender (GrpcLogAppender.java:lambda$resetClient$1(221)) - omNode-1@group-523986131536->omNode-3-GrpcLogAppender: Follower failed (request=null, errorCount=4); keep nextIndex (309) unchanged and retry. (Repeated 3 times in the last 5.000s)
2025-04-24 14:04:05,081 [timer7] WARN  server.GrpcLogAppender (GrpcLogAppender.java:lambda$resetClient$1(221)) - omNode-1@group-523986131536->omNode-3-GrpcLogAppender: Follower failed (request=null, errorCount=18); keep nextIndex (310) unchanged and retry. (Repeated 14 times in the last 4.999s)
2025-04-24 14:04:05,419 [grpc-default-executor-2] WARN  server.GrpcLogAppender (LogUtils.java:warn(121)) - omNode-1@group-523986131536->omNode-3-AppendLogResponseHandler: Failed appendEntries: org.apache.ratis.thirdparty.io.grpc.StatusRuntimeException: UNAVAILABLE: io exception
2025-04-24 14:04:05,419 [grpc-default-executor-6] WARN  server.GrpcLogAppender (GrpcLogAppender.java:lambda$resetClient$1(221)) - omNode-1@group-523986131536->omNode-3-GrpcLogAppender: Follower failed (request=null, errorCount=19); keep nextIndex (310) unchanged and retry.
2025-04-24 14:04:05,627 [main] INFO  om.OzoneManager (OzoneManager.java:stop(2347)) - omNode-3[localhost:15014]: Stopping Ozone Manager
2025-04-24 14:04:05,627 [main] INFO  om.OzoneManager (OzoneManager.java:stop(2347)) - omNode-1[localhost:15006]: Stopping Ozone Manager
2025-04-24 14:04:05,627 [main] INFO  ipc.Server (Server.java:stop(3697)) - Stopping server on 15006
2025-04-24 14:04:05,630 [IPC Server listener on 15006] INFO  ipc.Server (Server.java:run(1585)) - Stopping IPC Server listener on 15006
2025-04-24 14:04:05,630 [IPC Server Responder] INFO  ipc.Server (Server.java:run(1718)) - Stopping IPC Server Responder
2025-04-24 14:04:05,630 [main] INFO  ratis.OzoneManagerRatisServer (OzoneManagerRatisServer.java:stop(634)) - Stopping org.apache.hadoop.ozone.om.ratis.OzoneManagerRatisServer@26a508d6 at port 15009
2025-04-24 14:04:05,630 [main] INFO  server.RaftServer (RaftServerProxy.java:lambda$close$9(417)) - omNode-1: close
2025-04-24 14:04:05,630 [main] INFO  server.GrpcService (GrpcService.java:closeImpl(343)) - omNode-1: shutdown server GrpcServerProtocolService now
2025-04-24 14:04:05,631 [omNode-1-impl-thread1] INFO  server.RaftServer$Division (RaftServerImpl.java:lambda$close$1(513)) - omNode-1@group-523986131536: shutdown
2025-04-24 14:04:05,631 [omNode-1-impl-thread1] INFO  util.JmxRegister (JmxRegister.java:unregister(74)) - Successfully un-registered JMX Bean with object name Ratis:service=RaftServer,group=group-523986131536,id=omNode-1
2025-04-24 14:04:05,631 [omNode-1-impl-thread1] INFO  impl.RoleInfo (RoleInfo.java:shutdownLeaderState(103)) - omNode-1: shutdown omNode-1@group-523986131536-LeaderStateImpl
2025-04-24 14:04:05,631 [Thread-4863] INFO  server.GrpcServerProtocolClient (GrpcServerProtocolClient.java:close(105)) - omNode-3 Close channels
2025-04-24 14:04:05,631 [omNode-1-impl-thread1] INFO  impl.PendingRequests (PendingRequests.java:sendNotLeaderResponses(287)) - omNode-1@group-523986131536-PendingRequests: sendNotLeaderResponses
2025-04-24 14:04:05,632 [Thread-4865] INFO  server.GrpcServerProtocolClient (GrpcServerProtocolClient.java:close(105)) - omNode-2 Close channels
2025-04-24 14:04:05,632 [omNode-1@group-523986131536->omNode-3-GrpcLogAppender-LogAppenderDaemon] WARN  server.GrpcLogAppender (GrpcLogAppender.java:mayWait(293)) - omNode-1@group-523986131536->omNode-3-GrpcLogAppender: Wait interrupted by java.lang.InterruptedException
2025-04-24 14:04:05,632 [omNode-1@group-523986131536->omNode-2-GrpcLogAppender-LogAppenderDaemon] WARN  server.GrpcLogAppender (GrpcLogAppender.java:mayWait(293)) - omNode-1@group-523986131536->omNode-2-GrpcLogAppender: Wait interrupted by java.lang.InterruptedException
2025-04-24 14:04:05,632 [grpc-default-executor-6] INFO  server.GrpcServerProtocolService (GrpcServerProtocolService.java:onCompleted(157)) - omNode-2: Completed APPEND_ENTRIES, lastRequest: null
2025-04-24 14:04:05,633 [grpc-default-executor-6] INFO  server.GrpcServerProtocolService (GrpcServerProtocolService.java:lambda$onCompleted$5(159)) - omNode-2: Completed APPEND_ENTRIES, lastReply: serverReply {
  requestorId: "omNode-1"
  replyId: "omNode-2"
  raftGroupId {
    id: "\311\274L\364;\303<`\246kR9\206\023\0256"
  }
  callId: 14
  success: true
}
term: 12
nextIndex: 310
followerCommit: 309
matchIndex: 18446744073709551615
isHearbeat: true

2025-04-24 14:04:05,633 [grpc-default-executor-2] INFO  server.GrpcServerProtocolService (GrpcServerProtocolService.java:onCompleted(157)) - omNode-2: Completed APPEND_ENTRIES, lastRequest: omNode-1->omNode-2#2-t12,previous=(t:12, i:308),leaderCommit=308,initializing? false,entries: size=1, first=(t:12, i:309), METADATAENTRY(c:308)
2025-04-24 14:04:05,633 [grpc-default-executor-2] INFO  server.GrpcServerProtocolService (GrpcServerProtocolService.java:lambda$onCompleted$5(159)) - omNode-2: Completed APPEND_ENTRIES, lastReply: null
2025-04-24 14:04:05,633 [omNode-1-impl-thread1] INFO  impl.StateMachineUpdater (StateMachineUpdater.java:stopAndJoin(164)) - omNode-1@group-523986131536-StateMachineUpdater: set stopIndex = 309
2025-04-24 14:04:05,634 [grpc-default-executor-6] INFO  server.GrpcLogAppender (GrpcLogAppender.java:onCompleted(550)) - omNode-1@group-523986131536->omNode-2-AppendLogResponseHandler: follower responses appendEntries COMPLETED
2025-04-24 14:04:05,634 [grpc-default-executor-2] INFO  server.GrpcLogAppender (GrpcLogAppender.java:onCompleted(550)) - omNode-1@group-523986131536->omNode-2-AppendLogResponseHandler: follower responses appendEntries COMPLETED
2025-04-24 14:04:05,634 [grpc-default-executor-2] WARN  server.GrpcLogAppender (GrpcLogAppender.java:resetClient(230)) - omNode-1@group-523986131536->omNode-2-GrpcLogAppender: Failed to getClient for omNode-2
org.apache.ratis.protocol.exceptions.AlreadyClosedException: omNode-1 is already CLOSED
	at org.apache.ratis.util.PeerProxyMap$PeerAndProxy.getProxy(PeerProxyMap.java:67)
	at org.apache.ratis.util.PeerProxyMap.getProxy(PeerProxyMap.java:124)
	at org.apache.ratis.grpc.server.GrpcLogAppender.getClient(GrpcLogAppender.java:200)
	at org.apache.ratis.grpc.server.GrpcLogAppender.resetClient(GrpcLogAppender.java:205)
	at org.apache.ratis.grpc.server.GrpcLogAppender.access$800(GrpcLogAppender.java:64)
	at org.apache.ratis.grpc.server.GrpcLogAppender$AppendLogResponseHandler.onCompleted(GrpcLogAppender.java:551)
	at org.apache.ratis.thirdparty.io.grpc.stub.ClientCalls$StreamObserverToCallListenerAdapter.onClose(ClientCalls.java:479)
	at org.apache.ratis.thirdparty.io.grpc.internal.DelayedClientCall$DelayedListener$3.run(DelayedClientCall.java:489)
	at org.apache.ratis.thirdparty.io.grpc.internal.DelayedClientCall$DelayedListener.delayOrExecute(DelayedClientCall.java:453)
	at org.apache.ratis.thirdparty.io.grpc.internal.DelayedClientCall$DelayedListener.onClose(DelayedClientCall.java:486)
	at org.apache.ratis.thirdparty.io.grpc.internal.ClientCallImpl.closeObserver(ClientCallImpl.java:567)
	at org.apache.ratis.thirdparty.io.grpc.internal.ClientCallImpl.access$300(ClientCallImpl.java:71)
	at org.apache.ratis.thirdparty.io.grpc.internal.ClientCallImpl$ClientStreamListenerImpl$1StreamClosed.runInternal(ClientCallImpl.java:735)
	at org.apache.ratis.thirdparty.io.grpc.internal.ClientCallImpl$ClientStreamListenerImpl$1StreamClosed.runInContext(ClientCallImpl.java:716)
	at org.apache.ratis.thirdparty.io.grpc.internal.ContextRunnable.run(ContextRunnable.java:37)
	at org.apache.ratis.thirdparty.io.grpc.internal.SerializingExecutor.run(SerializingExecutor.java:133)
	at java.base/java.util.concurrent.ThreadPoolExecutor.runWorker(ThreadPoolExecutor.java:1144)
	at java.base/java.util.concurrent.ThreadPoolExecutor$Worker.run(ThreadPoolExecutor.java:642)
	at java.base/java.lang.Thread.run(Thread.java:1583)
2025-04-24 14:04:05,634 [grpc-default-executor-6] WARN  server.GrpcLogAppender (GrpcLogAppender.java:resetClient(230)) - omNode-1@group-523986131536->omNode-2-GrpcLogAppender: Failed to getClient for omNode-2
org.apache.ratis.protocol.exceptions.AlreadyClosedException: omNode-1 is already CLOSED
	at org.apache.ratis.util.PeerProxyMap$PeerAndProxy.getProxy(PeerProxyMap.java:67)
	at org.apache.ratis.util.PeerProxyMap.getProxy(PeerProxyMap.java:124)
	at org.apache.ratis.grpc.server.GrpcLogAppender.getClient(GrpcLogAppender.java:200)
	at org.apache.ratis.grpc.server.GrpcLogAppender.resetClient(GrpcLogAppender.java:205)
	at org.apache.ratis.grpc.server.GrpcLogAppender.access$800(GrpcLogAppender.java:64)
	at org.apache.ratis.grpc.server.GrpcLogAppender$AppendLogResponseHandler.onCompleted(GrpcLogAppender.java:551)
	at org.apache.ratis.thirdparty.io.grpc.stub.ClientCalls$StreamObserverToCallListenerAdapter.onClose(ClientCalls.java:479)
	at org.apache.ratis.thirdparty.io.grpc.internal.ClientCallImpl.closeObserver(ClientCallImpl.java:567)
	at org.apache.ratis.thirdparty.io.grpc.internal.ClientCallImpl.access$300(ClientCallImpl.java:71)
	at org.apache.ratis.thirdparty.io.grpc.internal.ClientCallImpl$ClientStreamListenerImpl$1StreamClosed.runInternal(ClientCallImpl.java:735)
	at org.apache.ratis.thirdparty.io.grpc.internal.ClientCallImpl$ClientStreamListenerImpl$1StreamClosed.runInContext(ClientCallImpl.java:716)
	at org.apache.ratis.thirdparty.io.grpc.internal.ContextRunnable.run(ContextRunnable.java:37)
	at org.apache.ratis.thirdparty.io.grpc.internal.SerializingExecutor.run(SerializingExecutor.java:133)
	at java.base/java.util.concurrent.ThreadPoolExecutor.runWorker(ThreadPoolExecutor.java:1144)
	at java.base/java.util.concurrent.ThreadPoolExecutor$Worker.run(ThreadPoolExecutor.java:642)
	at java.base/java.lang.Thread.run(Thread.java:1583)
2025-04-24 14:04:05,635 [main] INFO  server.GrpcService (GrpcService.java:closeImpl(352)) - omNode-1: shutdown server GrpcServerProtocolService successfully
2025-04-24 14:04:05,642 [omNode-1@group-523986131536-StateMachineUpdater] INFO  ratis.OzoneManagerStateMachine (OzoneManagerStateMachine.java:takeSnapshotImpl(510)) - omNode-1: taking snapshot. applied = (t:12, i:309), skipped = 306, notified = (t:12, i:309), current snapshot index = (t:12, i:309), took 9 ms
2025-04-24 14:04:05,642 [omNode-1@group-523986131536-StateMachineUpdater] INFO  impl.StateMachineUpdater (StateMachineUpdater.java:takeSnapshot(303)) - omNode-1@group-523986131536-StateMachineUpdater: Took a snapshot at index 309
2025-04-24 14:04:05,642 [omNode-1@group-523986131536-StateMachineUpdater] INFO  impl.StateMachineUpdater (StateMachineUpdater.java:lambda$new$0(102)) - omNode-1@group-523986131536-StateMachineUpdater: snapshotIndex: updateIncreasingly 301 -> 309
2025-04-24 14:04:05,642 [omNode-1@group-523986131536-StateMachineUpdater] INFO  impl.StateMachineUpdater (StateMachineUpdater.java:stop(141)) - omNode-1@group-523986131536-StateMachineUpdater: closing OzoneManagerStateMachine, lastApplied=(t:12, i:309)
2025-04-24 14:04:05,642 [omNode-1@group-523986131536-StateMachineUpdater] INFO  ratis.OzoneManagerStateMachine (OzoneManagerStateMachine.java:close(550)) - Stopping OzoneManagerStateMachine:omNode-1:group-523986131536.
2025-04-24 14:04:05,642 [omNode-1@group-523986131536-StateMachineUpdater] INFO  ratis.OzoneManagerDoubleBuffer (OzoneManagerDoubleBuffer.java:stopDaemon(500)) - Stopping OMDoubleBuffer flush thread
2025-04-24 14:04:05,642 [omNode-1-OMDoubleBufferFlushThread] INFO  ratis.OzoneManagerDoubleBuffer (OzoneManagerDoubleBuffer.java:canFlush(559)) - OMDoubleBuffer flush thread omNode-1-OMDoubleBufferFlushThread is interrupted and will exit.
2025-04-24 14:04:05,642 [omNode-1@group-523986131536-cacheEviction-AwaitToRun] INFO  util.AwaitToRun (AwaitToRun.java:run(49)) - omNode-1@group-523986131536-cacheEviction-AwaitToRun-AwaitForSignal is interrupted
2025-04-24 14:04:06,082 [omNode-1-impl-thread1] INFO  segmented.SegmentedRaftLogWorker (SegmentedRaftLogWorker.java:close(252)) - omNode-1@group-523986131536-SegmentedRaftLogWorker close()
2025-04-24 14:04:06,083 [JvmPauseMonitor27] INFO  util.JvmPauseMonitor (JvmPauseMonitor.java:run(152)) - JvmPauseMonitor-omNode-1: Stopped
2025-04-24 14:04:06,083 [main] INFO  utils.BackgroundService (BackgroundService.java:shutdown(161)) - Shutting down service KeyDeletingService
2025-04-24 14:04:06,084 [main] INFO  utils.BackgroundService (BackgroundService.java:shutdown(161)) - Shutting down service DirectoryDeletingService
2025-04-24 14:04:06,085 [main] INFO  utils.BackgroundService (BackgroundService.java:shutdown(161)) - Shutting down service OpenKeyCleanupService
2025-04-24 14:04:06,085 [main] INFO  utils.BackgroundService (BackgroundService.java:shutdown(161)) - Shutting down service SstFilteringService
2025-04-24 14:04:06,085 [main] INFO  utils.BackgroundService (BackgroundService.java:shutdown(161)) - Shutting down service SnapshotDeletingService
2025-04-24 14:04:06,086 [main] INFO  utils.BackgroundService (BackgroundService.java:shutdown(161)) - Shutting down service MultipartUploadCleanupService
2025-04-24 14:04:06,086 [main] INFO  handler.ContextHandler (ContextHandler.java:doStop(1159)) - Stopped o.e.j.w.WebAppContext@56ae4f1f{ozoneManager,/,null,STOPPED}{file:/home/runner/work/ozone/ozone/hadoop-ozone/integration-test/target/test-classes/webapps/ozoneManager}
2025-04-24 14:04:06,087 [main] INFO  server.AbstractConnector (AbstractConnector.java:doStop(383)) - Stopped ServerConnector@14ef7ec5{HTTP/1.1, (http/1.1)}{0.0.0.0:15007}
2025-04-24 14:04:06,087 [main] INFO  server.session (HouseKeeper.java:stopScavenging(149)) - node0 Stopped scavenging
2025-04-24 14:04:06,087 [main] INFO  handler.ContextHandler (ContextHandler.java:doStop(1159)) - Stopped o.e.j.s.ServletContextHandler@19761b3f{static,/static,file:///home/runner/work/ozone/ozone/hadoop-ozone/integration-test/target/test-classes/webapps/static,STOPPED}
2025-04-24 14:04:06,087 [main] INFO  handler.ContextHandler (ContextHandler.java:doStop(1159)) - Stopped o.e.j.s.ServletContextHandler@1e7cc5cd{logs,/logs,file:///home/runner/work/ozone/ozone/hadoop-ozone/integration-test/target/log,STOPPED}
2025-04-24 14:04:06,088 [main] INFO  rocksdiff.RocksDBCheckpointDiffer (RocksDBCheckpointDiffer.java:close(304)) - Shutting down CompactionDagPruningService.
2025-04-24 14:04:06,089 [main] INFO  snapshot.SnapshotDiffManager (SnapshotDiffManager.java:closeExecutorService(1698)) - Shutting down executorService: 'SnapDiffExecutor'
2025-04-24 14:04:06,090 [main] INFO  utils.BackgroundService (BackgroundService.java:shutdown(161)) - Shutting down service SnapshotDiffCleanupService
2025-04-24 14:04:06,090 [main] INFO  om.OzoneManager (OzoneManager.java:stop(2347)) - omNode-2[localhost:15010]: Stopping Ozone Manager
2025-04-24 14:04:06,091 [main] INFO  ipc.Server (Server.java:stop(3697)) - Stopping server on 15010
2025-04-24 14:04:06,092 [IPC Server listener on 15010] INFO  ipc.Server (Server.java:run(1585)) - Stopping IPC Server listener on 15010
2025-04-24 14:04:06,092 [IPC Server Responder] INFO  ipc.Server (Server.java:run(1718)) - Stopping IPC Server Responder
2025-04-24 14:04:06,092 [main] INFO  ratis.OzoneManagerRatisServer (OzoneManagerRatisServer.java:stop(634)) - Stopping org.apache.hadoop.ozone.om.ratis.OzoneManagerRatisServer@30bdc0b4 at port 15013
2025-04-24 14:04:06,093 [main] INFO  server.RaftServer (RaftServerProxy.java:lambda$close$9(417)) - omNode-2: close
2025-04-24 14:04:06,093 [main] INFO  server.GrpcService (GrpcService.java:closeImpl(343)) - omNode-2: shutdown server GrpcServerProtocolService now
2025-04-24 14:04:06,093 [omNode-2-impl-thread1] INFO  server.RaftServer$Division (RaftServerImpl.java:lambda$close$1(513)) - omNode-2@group-523986131536: shutdown
2025-04-24 14:04:06,093 [omNode-2-impl-thread1] INFO  util.JmxRegister (JmxRegister.java:unregister(74)) - Successfully un-registered JMX Bean with object name Ratis:service=RaftServer,group=group-523986131536,id=omNode-2
2025-04-24 14:04:06,093 [omNode-2-impl-thread1] INFO  impl.RoleInfo (RoleInfo.java:shutdownFollowerState(121)) - omNode-2: shutdown omNode-2@group-523986131536-FollowerState
2025-04-24 14:04:06,093 [omNode-2-impl-thread1] INFO  impl.StateMachineUpdater (StateMachineUpdater.java:stopAndJoin(164)) - omNode-2@group-523986131536-StateMachineUpdater: set stopIndex = 309
2025-04-24 14:04:06,093 [omNode-2@group-523986131536-FollowerState] INFO  impl.FollowerState (FollowerState.java:runImpl(170)) - omNode-2@group-523986131536-FollowerState was interrupted
2025-04-24 14:04:06,095 [main] INFO  server.GrpcService (GrpcService.java:closeImpl(352)) - omNode-2: shutdown server GrpcServerProtocolService successfully
2025-04-24 14:04:06,103 [omNode-2@group-523986131536-StateMachineUpdater] INFO  ratis.OzoneManagerStateMachine (OzoneManagerStateMachine.java:takeSnapshotImpl(510)) - omNode-2: taking snapshot. applied = (t:12, i:309), skipped = 306, notified = (t:12, i:309), current snapshot index = (t:12, i:309), took 10 ms
2025-04-24 14:04:06,103 [omNode-2@group-523986131536-StateMachineUpdater] INFO  impl.StateMachineUpdater (StateMachineUpdater.java:takeSnapshot(303)) - omNode-2@group-523986131536-StateMachineUpdater: Took a snapshot at index 309
2025-04-24 14:04:06,103 [omNode-2@group-523986131536-StateMachineUpdater] INFO  impl.StateMachineUpdater (StateMachineUpdater.java:lambda$new$0(102)) - omNode-2@group-523986131536-StateMachineUpdater: snapshotIndex: updateIncreasingly 305 -> 309
2025-04-24 14:04:06,103 [omNode-2@group-523986131536-StateMachineUpdater] INFO  impl.StateMachineUpdater (StateMachineUpdater.java:stop(141)) - omNode-2@group-523986131536-StateMachineUpdater: closing OzoneManagerStateMachine, lastApplied=(t:12, i:309)
2025-04-24 14:04:06,103 [omNode-2@group-523986131536-StateMachineUpdater] INFO  ratis.OzoneManagerStateMachine (OzoneManagerStateMachine.java:close(550)) - Stopping OzoneManagerStateMachine:omNode-2:group-523986131536.
2025-04-24 14:04:06,103 [omNode-2@group-523986131536-StateMachineUpdater] INFO  ratis.OzoneManagerDoubleBuffer (OzoneManagerDoubleBuffer.java:stopDaemon(500)) - Stopping OMDoubleBuffer flush thread
2025-04-24 14:04:06,104 [omNode-2-OMDoubleBufferFlushThread] INFO  ratis.OzoneManagerDoubleBuffer (OzoneManagerDoubleBuffer.java:canFlush(559)) - OMDoubleBuffer flush thread omNode-2-OMDoubleBufferFlushThread is interrupted and will exit.
2025-04-24 14:04:06,104 [omNode-2@group-523986131536-cacheEviction-AwaitToRun] INFO  util.AwaitToRun (AwaitToRun.java:run(49)) - omNode-2@group-523986131536-cacheEviction-AwaitToRun-AwaitForSignal is interrupted
2025-04-24 14:04:07,083 [omNode-2-impl-thread1] INFO  segmented.SegmentedRaftLogWorker (SegmentedRaftLogWorker.java:close(252)) - omNode-2@group-523986131536-SegmentedRaftLogWorker close()
2025-04-24 14:04:07,084 [JvmPauseMonitor28] INFO  util.JvmPauseMonitor (JvmPauseMonitor.java:run(152)) - JvmPauseMonitor-omNode-2: Stopped
2025-04-24 14:04:07,084 [main] INFO  utils.BackgroundService (BackgroundService.java:shutdown(161)) - Shutting down service KeyDeletingService
2025-04-24 14:04:07,084 [main] INFO  utils.BackgroundService (BackgroundService.java:shutdown(161)) - Shutting down service DirectoryDeletingService
2025-04-24 14:04:07,085 [main] INFO  utils.BackgroundService (BackgroundService.java:shutdown(161)) - Shutting down service OpenKeyCleanupService
2025-04-24 14:04:07,086 [main] INFO  utils.BackgroundService (BackgroundService.java:shutdown(161)) - Shutting down service SstFilteringService
2025-04-24 14:04:07,086 [main] INFO  utils.BackgroundService (BackgroundService.java:shutdown(161)) - Shutting down service SnapshotDeletingService
2025-04-24 14:04:07,086 [main] INFO  utils.BackgroundService (BackgroundService.java:shutdown(161)) - Shutting down service MultipartUploadCleanupService
2025-04-24 14:04:07,087 [main] INFO  handler.ContextHandler (ContextHandler.java:doStop(1159)) - Stopped o.e.j.w.WebAppContext@55e4eb83{ozoneManager,/,null,STOPPED}{file:/home/runner/work/ozone/ozone/hadoop-ozone/integration-test/target/test-classes/webapps/ozoneManager}
2025-04-24 14:04:07,087 [main] INFO  server.AbstractConnector (AbstractConnector.java:doStop(383)) - Stopped ServerConnector@661a6bc{HTTP/1.1, (http/1.1)}{0.0.0.0:15011}
2025-04-24 14:04:07,088 [main] INFO  server.session (HouseKeeper.java:stopScavenging(149)) - node0 Stopped scavenging
2025-04-24 14:04:07,088 [main] INFO  handler.ContextHandler (ContextHandler.java:doStop(1159)) - Stopped o.e.j.s.ServletContextHandler@6a0c9f16{static,/static,file:///home/runner/work/ozone/ozone/hadoop-ozone/integration-test/target/test-classes/webapps/static,STOPPED}
2025-04-24 14:04:07,088 [main] INFO  handler.ContextHandler (ContextHandler.java:doStop(1159)) - Stopped o.e.j.s.ServletContextHandler@48a0a377{logs,/logs,file:///home/runner/work/ozone/ozone/hadoop-ozone/integration-test/target/log,STOPPED}
2025-04-24 14:04:07,089 [main] INFO  rocksdiff.RocksDBCheckpointDiffer (RocksDBCheckpointDiffer.java:close(304)) - Shutting down CompactionDagPruningService.
2025-04-24 14:04:07,090 [main] INFO  snapshot.SnapshotDiffManager (SnapshotDiffManager.java:closeExecutorService(1698)) - Shutting down executorService: 'SnapDiffExecutor'
2025-04-24 14:04:07,090 [main] INFO  utils.BackgroundService (BackgroundService.java:shutdown(161)) - Shutting down service SnapshotDiffCleanupService
2025-04-24 14:04:07,091 [main] INFO  om.OzoneManager (OzoneManager.java:restart(1878)) - OzoneManager RPC server is listening at localhost/127.0.0.1:15014
2025-04-24 14:04:07,091 [main] INFO  impl.MetricsSystemImpl (MetricsSystemImpl.java:init(158)) - OzoneManager metrics system started (again)
2025-04-24 14:04:07,103 [main] WARN  server.ServerUtils (ServerUtils.java:getDBPath(297)) - ozone.om.db.dirs is not configured. We recommend adding this setting. Falling back to ozone.metadata.dirs instead.
2025-04-24 14:04:07,154 [main] INFO  om.OzoneManager (OzoneManager.java:instantiateServices(933)) - S3 Multi-Tenancy is disabled
2025-04-24 14:04:07,155 [main] INFO  om.OmSnapshotManager (OmSnapshotManager.java:<init>(180)) - Ozone filesystem snapshot feature is enabled.
2025-04-24 14:04:07,155 [main] WARN  server.ServerUtils (ServerUtils.java:getDBPath(297)) - ozone.om.snapshot.diff.db.dir is not configured. We recommend adding this setting. Falling back to ozone.metadata.dirs instead.
2025-04-24 14:04:07,170 [main] WARN  server.ServerUtils (ServerUtils.java:getDefaultRatisDirectory(309)) - Storage directory for Ratis is not configured. It is a good idea to map this to an SSD disk. Falling back to ozone.metadata.dirs
2025-04-24 14:04:07,171 [main] INFO  server.RaftServerConfigKeys (ConfUtils.java:logGet(46)) - raft.server.log.appender.buffer.byte-limit = 4194304 (custom)
2025-04-24 14:04:07,172 [main] INFO  ratis.OzoneManagerRatisServer (OzoneManagerRatisServer.java:<init>(167)) - Instantiating OM Ratis server with groupID: om-service-test1 and peers: localhost:15017, localhost:15009, localhost:15013
2025-04-24 14:04:07,172 [main] INFO  ratis.OzoneManagerStateMachine (OzoneManagerStateMachine.java:loadSnapshotInfoFromDB(611)) - LastAppliedIndex is set from TransactionInfo from OM DB as (t:11, i:307)
2025-04-24 14:04:07,173 [main] INFO  server.RaftServer (ConfUtils.java:logGet(46)) - raft.rpc.type = GRPC (default)
2025-04-24 14:04:07,173 [main] INFO  grpc.GrpcConfigKeys (ConfUtils.java:logFallback(53)) - raft.grpc.admin.host = null (fallback to raft.grpc.server.host)
2025-04-24 14:04:07,173 [main] INFO  grpc.GrpcConfigKeys (ConfUtils.java:logFallback(53)) - raft.grpc.admin.port = 15017 (fallback to raft.grpc.server.port)
2025-04-24 14:04:07,173 [main] INFO  grpc.GrpcConfigKeys (ConfUtils.java:logFallback(53)) - raft.grpc.client.host = null (fallback to raft.grpc.server.host)
2025-04-24 14:04:07,173 [main] INFO  grpc.GrpcConfigKeys (ConfUtils.java:logFallback(53)) - raft.grpc.client.port = 15017 (fallback to raft.grpc.server.port)
2025-04-24 14:04:07,173 [main] INFO  grpc.GrpcConfigKeys (ConfUtils.java:logGet(46)) - raft.grpc.server.host = null (default)
2025-04-24 14:04:07,173 [main] INFO  grpc.GrpcConfigKeys (ConfUtils.java:logGet(46)) - raft.grpc.server.port = 15017 (custom)
2025-04-24 14:04:07,173 [main] INFO  server.GrpcService (ConfUtils.java:logGet(46)) - raft.grpc.message.size.max = 5242880 (custom)
2025-04-24 14:04:07,174 [main] INFO  server.GrpcService (ConfUtils.java:logGet(46)) - raft.grpc.flow.control.window = 1MB (=1048576) (default)
2025-04-24 14:04:07,174 [main] INFO  server.RaftServerConfigKeys (ConfUtils.java:logGet(46)) - raft.server.rpc.request.timeout = 3000ms (default)
2025-04-24 14:04:07,174 [main] INFO  grpc.GrpcConfigKeys (ConfUtils.java:logGet(46)) - raft.grpc.server.heartbeat.channel = true (default)
2025-04-24 14:04:07,174 [main] INFO  server.RaftServerConfigKeys (ConfUtils.java:logGet(46)) - raft.server.log.appender.buffer.byte-limit = 4194304 (custom)
2025-04-24 14:04:07,174 [main] INFO  grpc.GrpcConfigKeys (ConfUtils.java:logGet(46)) - raft.grpc.server.async.request.thread.pool.cached = true (default)
2025-04-24 14:04:07,174 [main] INFO  grpc.GrpcConfigKeys (ConfUtils.java:logGet(46)) - raft.grpc.server.async.request.thread.pool.size = 32 (default)
2025-04-24 14:04:07,175 [main] INFO  impl.DataStreamServerImpl (ConfUtils.java:logGet(46)) - raft.datastream.type = DISABLED (default)
2025-04-24 14:04:07,175 [main] INFO  server.RaftServerConfigKeys (ConfUtils.java:logGet(46)) - raft.server.sleep.deviation.threshold = 300ms (default)
2025-04-24 14:04:07,175 [main] INFO  server.RaftServerConfigKeys (ConfUtils.java:logGet(46)) - raft.server.close.threshold = 60s (default)
2025-04-24 14:04:07,176 [main] INFO  server.RaftServerConfigKeys (ConfUtils.java:logGet(46)) - raft.server.leaderelection.leader.step-down.wait-time = 10s (default)
2025-04-24 14:04:07,176 [main] INFO  server.RaftServerConfigKeys (ConfUtils.java:logGet(46)) - raft.server.storage.dir = [/home/runner/work/ozone/ozone/hadoop-ozone/integration-test/target/test-dir/MiniOzoneClusterImpl-4e6105ad-12bc-4f18-9d37-351d73277e17/omNode-3/ratis] (custom)
2025-04-24 14:04:07,176 [main] INFO  server.RaftServerConfigKeys (ConfUtils.java:logGet(46)) - raft.server.threadpool.proxy.cached = true (default)
2025-04-24 14:04:07,176 [main] INFO  server.RaftServerConfigKeys (ConfUtils.java:logGet(46)) - raft.server.threadpool.proxy.size = 0 (default)
2025-04-24 14:04:07,176 [omNode-3-impl-thread1] INFO  server.RaftServer (RaftServerProxy.java:initGroupDir(265)) - omNode-3: found a subdirectory /home/runner/work/ozone/ozone/hadoop-ozone/integration-test/target/test-dir/MiniOzoneClusterImpl-4e6105ad-12bc-4f18-9d37-351d73277e17/omNode-3/ratis/c9bc4cf4-3bc3-3c60-a66b-523986131536
2025-04-24 14:04:07,177 [main] INFO  server.RaftServer (RaftServerProxy.java:addNew(100)) - omNode-3: addNew group-523986131536:[omNode-3|localhost:15017, omNode-1|localhost:15009, omNode-2|localhost:15013] returns group-523986131536:java.util.concurrent.CompletableFuture@1d71daae[Not completed]
2025-04-24 14:04:07,177 [omNode-3-groupManagement] INFO  server.RaftServer$Division (RaftServerImpl.java:<init>(255)) - omNode-3: new RaftServerImpl for group-523986131536:[omNode-3|localhost:15017, omNode-1|localhost:15009, omNode-2|localhost:15013] with OzoneManagerStateMachine:uninitialized
2025-04-24 14:04:07,177 [main] INFO  om.OzoneManager (OzoneManager.java:initializeRatisServer(2303)) - OzoneManager Ratis server initialized at port 15017
2025-04-24 14:04:07,177 [main] INFO  ratis.OzoneManagerRatisServer (OzoneManagerRatisServer.java:start(628)) - Starting OzoneManagerRatisServer omNode-3 at port 15017
2025-04-24 14:04:07,177 [omNode-3-groupManagement] INFO  server.RaftServerConfigKeys (ConfUtils.java:logGet(46)) - raft.server.rpc.timeout.min = 1s (custom)
2025-04-24 14:04:07,177 [omNode-3-groupManagement] INFO  server.RaftServerConfigKeys (ConfUtils.java:logGet(46)) - raft.server.rpc.timeout.max = 1200ms (custom)
2025-04-24 14:04:07,177 [omNode-3-groupManagement] INFO  server.RaftServerConfigKeys (ConfUtils.java:logGet(46)) - raft.server.rpc.sleep.time = 25ms (default)
2025-04-24 14:04:07,177 [omNode-3-groupManagement] INFO  server.RaftServerConfigKeys (ConfUtils.java:logGet(46)) - raft.server.rpc.slowness.timeout = 2s (custom)
2025-04-24 14:04:07,177 [omNode-3-groupManagement] INFO  server.RaftServerConfigKeys (ConfUtils.java:logGet(46)) - raft.server.leaderelection.leader.step-down.wait-time = 10s (default)
2025-04-24 14:04:07,178 [omNode-3-groupManagement] INFO  server.RaftServerConfigKeys (ConfUtils.java:logGet(46)) - raft.server.leaderelection.member.majority-add = false (default)
2025-04-24 14:04:07,178 [omNode-3-groupManagement] INFO  server.RaftServerConfigKeys (ConfUtils.java:logGet(46)) - raft.server.sleep.deviation.threshold = 300ms (default)
2025-04-24 14:04:07,178 [omNode-3-groupManagement] INFO  server.RaftServer$Division (ServerState.java:<init>(114)) - omNode-3@group-523986131536: ConfigurationManager, init=conf: {index: -1, cur=peers:[omNode-3|localhost:15017, omNode-1|localhost:15009, omNode-2|localhost:15013]|listeners:[], old=null}, confs=<EMPTY_MAP>
2025-04-24 14:04:07,178 [omNode-3-groupManagement] INFO  server.RaftServerConfigKeys (ConfUtils.java:logGet(46)) - raft.server.notification.no-leader.timeout = 2s (custom)
2025-04-24 14:04:07,178 [omNode-3-groupManagement] INFO  server.RaftServerConfigKeys (ConfUtils.java:logGet(46)) - raft.server.read.timeout = 10s (default)
2025-04-24 14:04:07,178 [omNode-3-groupManagement] INFO  server.RaftServerConfigKeys (ConfUtils.java:logGet(46)) - raft.server.retrycache.expirytime = 30000ms (custom)
2025-04-24 14:04:07,178 [omNode-3-groupManagement] INFO  server.RaftServerConfigKeys (ConfUtils.java:logGet(46)) - raft.server.retrycache.statistics.expirytime = 100ms (default)
2025-04-24 14:04:07,178 [omNode-3-groupManagement] INFO  server.RaftServerConfigKeys (ConfUtils.java:logGet(46)) - raft.server.read.option = DEFAULT (default)
2025-04-24 14:04:07,178 [omNode-3-groupManagement] INFO  server.RaftServerConfigKeys (ConfUtils.java:logGet(46)) - raft.server.read.read-after-write-consistent.write-index-cache.expiry-time = 60s (default)
2025-04-24 14:04:07,180 [omNode-3-groupManagement] INFO  server.RaftServerConfigKeys (ConfUtils.java:logGet(46)) - raft.server.rpc.request.timeout = 3000ms (default)
2025-04-24 14:04:07,180 [omNode-3-groupManagement] INFO  server.RaftServerConfigKeys (ConfUtils.java:logGet(46)) - raft.server.log.appender.install.snapshot.enabled = false (custom)
2025-04-24 14:04:07,180 [omNode-3-groupManagement] INFO  server.RaftServerConfigKeys (ConfUtils.java:logGet(46)) - raft.server.threadpool.server.cached = true (default)
2025-04-24 14:04:07,180 [omNode-3-groupManagement] INFO  server.RaftServerConfigKeys (ConfUtils.java:logGet(46)) - raft.server.threadpool.server.size = 0 (default)
2025-04-24 14:04:07,180 [omNode-3-groupManagement] INFO  server.RaftServerConfigKeys (ConfUtils.java:logGet(46)) - raft.server.threadpool.client.cached = true (default)
2025-04-24 14:04:07,180 [omNode-3-groupManagement] INFO  server.RaftServerConfigKeys (ConfUtils.java:logGet(46)) - raft.server.threadpool.client.size = 0 (default)
2025-04-24 14:04:07,180 [omNode-3-impl-thread1] INFO  server.RaftServerConfigKeys (ConfUtils.java:logGet(46)) - raft.server.storage.free-space.min = 0MB (=0) (default)
2025-04-24 14:04:07,181 [omNode-3-impl-thread1] INFO  server.RaftServerConfigKeys (ConfUtils.java:logGet(46)) - raft.server.log.corruption.policy = EXCEPTION (default)
2025-04-24 14:04:07,181 [omNode-3-impl-thread1] INFO  server.RaftServerConfigKeys (ConfUtils.java:logGet(46)) - raft.server.storage.dir = [/home/runner/work/ozone/ozone/hadoop-ozone/integration-test/target/test-dir/MiniOzoneClusterImpl-4e6105ad-12bc-4f18-9d37-351d73277e17/omNode-3/ratis] (custom)
2025-04-24 14:04:07,181 [omNode-3-impl-thread1] INFO  storage.RaftStorageDirectory (RaftStorageDirectoryImpl.java:tryLock(229)) - Lock on /home/runner/work/ozone/ozone/hadoop-ozone/integration-test/target/test-dir/MiniOzoneClusterImpl-4e6105ad-12bc-4f18-9d37-351d73277e17/omNode-3/ratis/c9bc4cf4-3bc3-3c60-a66b-523986131536/in_use.lock acquired by nodename 129728@fv-az2210-761
2025-04-24 14:04:07,182 [omNode-3-impl-thread1] INFO  storage.RaftStorage (RaftStorageImpl.java:analyzeAndRecoverStorage(118)) - Read RaftStorageMetadata{term=11, votedFor=omNode-3} from /home/runner/work/ozone/ozone/hadoop-ozone/integration-test/target/test-dir/MiniOzoneClusterImpl-4e6105ad-12bc-4f18-9d37-351d73277e17/omNode-3/ratis/c9bc4cf4-3bc3-3c60-a66b-523986131536/current/raft-meta
2025-04-24 14:04:07,182 [omNode-3-impl-thread1] INFO  server.RaftServer$Division (ServerState.java:setRaftConf(386)) - omNode-3@group-523986131536: set configuration conf: {index: 106, cur=peers:[omNode-3|localhost:15017, omNode-1|localhost:15009, omNode-2|localhost:15013]|listeners:[], old=null}
2025-04-24 14:04:07,182 [omNode-3-impl-thread1] INFO  ratis.OzoneManagerStateMachine (OzoneManagerStateMachine.java:lambda$0(138)) - omNode-3: initialize group-523986131536 with (t:11, i:307)
2025-04-24 14:04:07,182 [omNode-3-impl-thread1] INFO  server.RaftServerConfigKeys (ConfUtils.java:logGet(46)) - raft.server.log.use.memory = false (default)
2025-04-24 14:04:07,182 [omNode-3-impl-thread1] INFO  server.RaftServerConfigKeys (ConfUtils.java:logGet(46)) - raft.server.log.purge.gap = 50 (custom)
2025-04-24 14:04:07,183 [omNode-3-impl-thread1] INFO  server.RaftServerConfigKeys (ConfUtils.java:logGet(46)) - raft.server.log.appender.buffer.byte-limit = 4194304 (custom)
2025-04-24 14:04:07,183 [omNode-3-impl-thread1] INFO  server.RaftServerConfigKeys (ConfUtils.java:logGet(46)) - raft.server.log.statemachine.data.read.timeout = 1000ms (default)
2025-04-24 14:04:07,183 [omNode-3-impl-thread1] INFO  server.RaftServerConfigKeys (ConfUtils.java:logGet(46)) - raft.server.log.purge.preservation.log.num = 0 (default)
2025-04-24 14:04:07,183 [omNode-3-impl-thread1] INFO  server.RaftServerConfigKeys (ConfUtils.java:logGet(46)) - raft.server.log.segment.size.max = 4194304 (custom)
2025-04-24 14:04:07,184 [omNode-3-impl-thread1] INFO  server.RaftServerConfigKeys (ConfUtils.java:logGet(46)) - raft.server.log.segment.cache.num.max = 2 (custom)
2025-04-24 14:04:07,184 [omNode-3-impl-thread1] INFO  server.RaftServerConfigKeys (ConfUtils.java:logGet(46)) - raft.server.log.segment.cache.size.max = 200MB (=209715200) (default)
2025-04-24 14:04:07,184 [omNode-3-impl-thread1] INFO  server.RaftServerConfigKeys (ConfUtils.java:logGet(46)) - raft.server.log.appender.buffer.byte-limit = 4194304 (custom)
2025-04-24 14:04:07,184 [omNode-3-impl-thread1] INFO  util.AwaitToRun (AwaitToRun.java:start(81)) - Thread[#5734,omNode-3@group-523986131536-cacheEviction-AwaitToRun,5,main] started
2025-04-24 14:04:07,184 [omNode-3-impl-thread1] INFO  segmented.SegmentedRaftLogWorker (SegmentedRaftLogWorker.java:<init>(188)) - new omNode-3@group-523986131536-SegmentedRaftLogWorker for RaftStorageImpl:Storage Directory /home/runner/work/ozone/ozone/hadoop-ozone/integration-test/target/test-dir/MiniOzoneClusterImpl-4e6105ad-12bc-4f18-9d37-351d73277e17/omNode-3/ratis/c9bc4cf4-3bc3-3c60-a66b-523986131536
2025-04-24 14:04:07,184 [omNode-3-impl-thread1] INFO  server.RaftServerConfigKeys (ConfUtils.java:logGet(46)) - raft.server.log.queue.byte-limit = 64MB (=67108864) (default)
2025-04-24 14:04:07,184 [omNode-3-impl-thread1] INFO  server.RaftServerConfigKeys (ConfUtils.java:logGet(46)) - raft.server.log.queue.element-limit = 4096 (default)
2025-04-24 14:04:07,184 [omNode-3-impl-thread1] INFO  server.RaftServerConfigKeys (ConfUtils.java:logGet(46)) - raft.server.log.segment.size.max = 4194304 (custom)
2025-04-24 14:04:07,184 [omNode-3-impl-thread1] INFO  server.RaftServerConfigKeys (ConfUtils.java:logGet(46)) - raft.server.log.preallocated.size = 4194304 (custom)
2025-04-24 14:04:07,184 [omNode-3-impl-thread1] INFO  server.RaftServerConfigKeys (ConfUtils.java:logGet(46)) - raft.server.log.force.sync.num = 128 (default)
2025-04-24 14:04:07,184 [omNode-3-impl-thread1] INFO  server.RaftServerConfigKeys (ConfUtils.java:logGet(46)) - raft.server.log.statemachine.data.sync = true (default)
2025-04-24 14:04:07,184 [omNode-3-impl-thread1] INFO  server.RaftServerConfigKeys (ConfUtils.java:logGet(46)) - raft.server.log.statemachine.data.sync.timeout = 10s (default)
2025-04-24 14:04:07,184 [omNode-3-impl-thread1] INFO  server.RaftServerConfigKeys (ConfUtils.java:logGet(46)) - raft.server.log.statemachine.data.sync.timeout.retry = -1 (default)
2025-04-24 14:04:07,185 [omNode-3-impl-thread1] INFO  server.RaftServerConfigKeys (ConfUtils.java:logGet(46)) - raft.server.log.write.buffer.size = 4194312 (custom)
2025-04-24 14:04:07,185 [omNode-3-impl-thread1] INFO  server.RaftServerConfigKeys (ConfUtils.java:logGet(46)) - raft.server.log.appender.buffer.byte-limit = 4194304 (custom)
2025-04-24 14:04:07,185 [omNode-3-impl-thread1] INFO  server.RaftServerConfigKeys (ConfUtils.java:logGet(46)) - raft.server.log.unsafe-flush.enabled = false (default)
2025-04-24 14:04:07,185 [omNode-3-impl-thread1] INFO  server.RaftServerConfigKeys (ConfUtils.java:logGet(46)) - raft.server.log.async-flush.enabled = false (default)
2025-04-24 14:04:07,185 [omNode-3-impl-thread1] INFO  server.RaftServerConfigKeys (ConfUtils.java:logGet(46)) - raft.server.log.statemachine.data.caching.enabled = false (default)
2025-04-24 14:04:07,186 [omNode-3-impl-thread1] INFO  server.RaftServer$Division (ServerState.java:setRaftConf(386)) - omNode-3@group-523986131536: set configuration conf: {index: 106, cur=peers:[omNode-3|localhost:15017, omNode-1|localhost:15009, omNode-2|localhost:15013]|listeners:[], old=null}
2025-04-24 14:04:07,188 [omNode-3-impl-thread1] INFO  segmented.LogSegment (LogSegment.java:loadSegment(171)) - Successfully read 202 entries from segment file /home/runner/work/ozone/ozone/hadoop-ozone/integration-test/target/test-dir/MiniOzoneClusterImpl-4e6105ad-12bc-4f18-9d37-351d73277e17/omNode-3/ratis/c9bc4cf4-3bc3-3c60-a66b-523986131536/current/log_inprogress_106
2025-04-24 14:04:07,189 [omNode-3-impl-thread1] INFO  segmented.SegmentedRaftLogWorker (SegmentedRaftLogWorker.java:lambda$new$0(139)) - omNode-3@group-523986131536-SegmentedRaftLogWorker: flushIndex: setUnconditionally 0 -> 307
2025-04-24 14:04:07,189 [omNode-3-impl-thread1] INFO  segmented.SegmentedRaftLogWorker (SegmentedRaftLogWorker.java:lambda$new$0(139)) - omNode-3@group-523986131536-SegmentedRaftLogWorker: safeCacheEvictIndex: setUnconditionally 0 -> -1
2025-04-24 14:04:07,189 [omNode-3-impl-thread1] INFO  segmented.BufferedWriteChannel (BufferedWriteChannel.java:open(61)) - open log_inprogress_106 (append) at position 19585
2025-04-24 14:04:07,189 [omNode-3-impl-thread1] INFO  raftlog.RaftLog (RaftLogBase.java:lambda$new$0(54)) - omNode-3@group-523986131536-SegmentedRaftLog: purgeIndex: updateToMax old=-1, new=105, updated? true
2025-04-24 14:04:07,189 [omNode-3-impl-thread1] INFO  server.RaftServer$Division (RaftServerImpl.java:start(391)) - omNode-3@group-523986131536: start as a follower, conf=conf: {index: 106, cur=peers:[omNode-3|localhost:15017, omNode-1|localhost:15009, omNode-2|localhost:15013]|listeners:[], old=null}
2025-04-24 14:04:07,189 [omNode-3-impl-thread1] INFO  server.RaftServer$Division (RaftServerImpl.java:setRole(378)) - omNode-3@group-523986131536: changes role from      null to FOLLOWER at term 11 for startAsFollower
2025-04-24 14:04:07,189 [omNode-3-impl-thread1] INFO  impl.RoleInfo (RoleInfo.java:updateAndGet(148)) - omNode-3: start omNode-3@group-523986131536-FollowerState
2025-04-24 14:04:07,190 [omNode-3@group-523986131536-FollowerState] INFO  server.RaftServerConfigKeys (ConfUtils.java:logFallback(53)) - raft.server.rpc.first-election.timeout.min = 1s (fallback to raft.server.rpc.timeout.min)
2025-04-24 14:04:07,190 [omNode-3@group-523986131536-FollowerState] INFO  server.RaftServerConfigKeys (ConfUtils.java:logFallback(53)) - raft.server.rpc.first-election.timeout.max = 1200ms (fallback to raft.server.rpc.timeout.max)
2025-04-24 14:04:07,190 [omNode-3-impl-thread1] INFO  util.JmxRegister (JmxRegister.java:tryRegister(44)) - Successfully registered JMX Bean with object name Ratis:service=RaftServer,group=group-523986131536,id=omNode-3
2025-04-24 14:04:07,190 [omNode-3-impl-thread1] INFO  util.JmxRegister (JmxRegister.java:register(58)) - register mxBean class org.apache.ratis.server.impl.RaftServerJmxAdapter as Ratis:service=RaftServer,group=group-523986131536,id=omNode-3
2025-04-24 14:04:07,190 [omNode-3-impl-thread1] INFO  server.RaftServerConfigKeys (ConfUtils.java:logGet(46)) - raft.server.snapshot.trigger-when-stop.enabled = true (default)
2025-04-24 14:04:07,190 [omNode-3-impl-thread1] INFO  server.RaftServerConfigKeys (ConfUtils.java:logGet(46)) - raft.server.snapshot.trigger-when-remove.enabled = true (default)
2025-04-24 14:04:07,190 [omNode-3-impl-thread1] INFO  server.RaftServerConfigKeys (ConfUtils.java:logGet(46)) - raft.server.snapshot.auto.trigger.enabled = true (custom)
2025-04-24 14:04:07,190 [omNode-3-impl-thread1] INFO  server.RaftServerConfigKeys (ConfUtils.java:logGet(46)) - raft.server.snapshot.auto.trigger.threshold = 50 (custom)
2025-04-24 14:04:07,190 [omNode-3-impl-thread1] INFO  server.RaftServerConfigKeys (ConfUtils.java:logGet(46)) - raft.server.snapshot.retention.file.num = -1 (default)
2025-04-24 14:04:07,190 [omNode-3-impl-thread1] INFO  server.RaftServerConfigKeys (ConfUtils.java:logGet(46)) - raft.server.log.purge.upto.snapshot.index = true (custom)
2025-04-24 14:04:07,191 [omNode-3-impl-thread1] INFO  server.RaftServer$Division (RaftServerImpl.java:start(405)) - omNode-3@group-523986131536: Successfully started.
2025-04-24 14:04:07,191 [main] INFO  server.RaftServer (RaftServerProxy.java:startImpl(407)) - omNode-3: start RPC server
2025-04-24 14:04:07,192 [main] INFO  server.GrpcService (GrpcService.java:startImpl(334)) - omNode-3: GrpcService started, listening on 15017
2025-04-24 14:04:07,192 [main] INFO  om.OzoneManager (OzoneManager.java:getRpcServer(1360)) - Creating RPC Server
2025-04-24 14:04:07,193 [JvmPauseMonitor29] INFO  util.JvmPauseMonitor (JvmPauseMonitor.java:run(146)) - JvmPauseMonitor-omNode-3: Started
2025-04-24 14:04:07,555 [main] INFO  reflections.Reflections (Reflections.java:scan(219)) - Reflections took 362 ms to scan 22 urls, producing 61 keys and 7423 values
2025-04-24 14:04:07,556 [main] INFO  ipc.CallQueueManager (CallQueueManager.java:<init>(93)) - Using callQueue: class java.util.concurrent.LinkedBlockingQueue, queueCapacity: 2000, scheduler: class org.apache.hadoop.ipc.DefaultRpcScheduler, ipcBackoff: false, ipcFailOver: false.
2025-04-24 14:04:07,557 [main] INFO  ipc.Server (Server.java:<init>(1438)) - Listener at localhost:15014
2025-04-24 14:04:07,557 [Socket Reader #1 for port 15014] INFO  ipc.Server (Server.java:run(1474)) - Starting Socket Reader #1 for port 15014
2025-04-24 14:04:07,557 [Socket Reader #2 for port 15014] INFO  ipc.Server (Server.java:run(1474)) - Starting Socket Reader #2 for port 15014
2025-04-24 14:04:07,557 [Socket Reader #3 for port 15014] INFO  ipc.Server (Server.java:run(1474)) - Starting Socket Reader #3 for port 15014
2025-04-24 14:04:07,558 [Socket Reader #4 for port 15014] INFO  ipc.Server (Server.java:run(1474)) - Starting Socket Reader #4 for port 15014
2025-04-24 14:04:07,558 [Socket Reader #5 for port 15014] INFO  ipc.Server (Server.java:run(1474)) - Starting Socket Reader #5 for port 15014
2025-04-24 14:04:07,558 [Socket Reader #6 for port 15014] INFO  ipc.Server (Server.java:run(1474)) - Starting Socket Reader #6 for port 15014
2025-04-24 14:04:07,558 [Socket Reader #7 for port 15014] INFO  ipc.Server (Server.java:run(1474)) - Starting Socket Reader #7 for port 15014
2025-04-24 14:04:07,558 [Socket Reader #8 for port 15014] INFO  ipc.Server (Server.java:run(1474)) - Starting Socket Reader #8 for port 15014
2025-04-24 14:04:07,558 [Socket Reader #9 for port 15014] INFO  ipc.Server (Server.java:run(1474)) - Starting Socket Reader #9 for port 15014
2025-04-24 14:04:07,559 [Socket Reader #10 for port 15014] INFO  ipc.Server (Server.java:run(1474)) - Starting Socket Reader #10 for port 15014
2025-04-24 14:04:07,560 [main] INFO  http.BaseHttpServer (BaseHttpServer.java:newHttpServer2BuilderForOzone(229)) - Starting Web-server for ozoneManager at: http://0.0.0.0:15015
2025-04-24 14:04:07,561 [main] INFO  http.BaseHttpServer (BaseHttpServer.java:<init>(107)) - Hadoop Security Enabled: false Ozone Security Enabled: false Ozone HTTP Security Enabled: false 
2025-04-24 14:04:07,562 [main] WARN  server.AuthenticationFilter (AuthenticationFilter.java:constructSecretProvider(240)) - Unable to initialize FileSignerSecretProvider, falling back to use random secrets. Reason: Could not read signature secret file: /home/runner/hadoop-http-auth-signature-secret
2025-04-24 14:04:07,564 [main] INFO  http.HttpServer2 (HttpServer2.java:addGlobalFilter(1041)) - Added global filter 'safety' (class=org.apache.hadoop.hdds.server.http.HttpServer2$QuotingInputFilter)
2025-04-24 14:04:07,564 [main] INFO  http.HttpServer2 (HttpServer2.java:addFilter(1017)) - Added filter static_user_filter (class=org.apache.hadoop.http.lib.StaticUserWebFilter$StaticUserFilter) to context ozoneManager
2025-04-24 14:04:07,564 [main] INFO  http.HttpServer2 (HttpServer2.java:addFilter(1025)) - Added filter static_user_filter (class=org.apache.hadoop.http.lib.StaticUserWebFilter$StaticUserFilter) to context static
2025-04-24 14:04:07,564 [main] INFO  http.HttpServer2 (HttpServer2.java:addFilter(1025)) - Added filter static_user_filter (class=org.apache.hadoop.http.lib.StaticUserWebFilter$StaticUserFilter) to context logs
2025-04-24 14:04:07,565 [main] INFO  http.BaseHttpServer (BaseHttpServer.java:<init>(195)) - HTTP server of ozoneManager uses base directory /home/runner/work/ozone/ozone/hadoop-ozone/integration-test/target/test-dir/MiniOzoneClusterImpl-4e6105ad-12bc-4f18-9d37-351d73277e17/omNode-3/webserver
2025-04-24 14:04:07,565 [main] INFO  http.HttpServer2 (HttpServer2.java:bindListener(1241)) - Jetty bound to port 15015
2025-04-24 14:04:07,565 [main] INFO  server.Server (Server.java:doStart(375)) - jetty-9.4.57.v20241219; built: 2025-01-08T21:24:30.412Z; git: df524e6b29271c2e09ba9aea83c18dc9db464a31; jvm 21.0.7+6-LTS
2025-04-24 14:04:07,566 [main] INFO  server.session (DefaultSessionIdManager.java:doStart(334)) - DefaultSessionIdManager workerName=node0
2025-04-24 14:04:07,566 [main] INFO  server.session (DefaultSessionIdManager.java:doStart(339)) - No SessionScavenger set, using defaults
2025-04-24 14:04:07,566 [main] INFO  server.session (HouseKeeper.java:startScavenging(132)) - node0 Scavenging every 660000ms
2025-04-24 14:04:07,567 [main] INFO  handler.ContextHandler (ContextHandler.java:doStart(921)) - Started o.e.j.s.ServletContextHandler@1c9cde1f{logs,/logs,file:///home/runner/work/ozone/ozone/hadoop-ozone/integration-test/target/log,AVAILABLE}
2025-04-24 14:04:07,567 [main] INFO  handler.ContextHandler (ContextHandler.java:doStart(921)) - Started o.e.j.s.ServletContextHandler@32cff83e{static,/static,file:///home/runner/work/ozone/ozone/hadoop-ozone/integration-test/target/test-classes/webapps/static,AVAILABLE}
2025-04-24 14:04:07,571 [main] INFO  handler.ContextHandler (ContextHandler.java:doStart(921)) - Started o.e.j.w.WebAppContext@472ce433{ozoneManager,/,file:///home/runner/work/ozone/ozone/hadoop-ozone/integration-test/target/test-classes/webapps/ozoneManager/,AVAILABLE}{file:/home/runner/work/ozone/ozone/hadoop-ozone/integration-test/target/test-classes/webapps/ozoneManager}
2025-04-24 14:04:07,571 [main] INFO  server.AbstractConnector (AbstractConnector.java:doStart(333)) - Started ServerConnector@450c57b3{HTTP/1.1, (http/1.1)}{0.0.0.0:15015}
2025-04-24 14:04:07,572 [main] INFO  server.Server (Server.java:doStart(415)) - Started @128903ms
2025-04-24 14:04:07,572 [main] WARN  impl.MetricsSystemImpl (MetricsSystemImpl.java:register(279)) - Sink prometheus already exists!
2025-04-24 14:04:07,572 [main] INFO  http.BaseHttpServer (BaseHttpServer.java:updateConnectorAddress(360)) - HTTP server of ozoneManager listening at http://0.0.0.0:15015
2025-04-24 14:04:07,572 [IPC Server Responder] INFO  ipc.Server (Server.java:run(1713)) - IPC Server Responder: starting
2025-04-24 14:04:07,572 [IPC Server listener on 15014] INFO  ipc.Server (Server.java:run(1553)) - IPC Server listener on 15014: starting
2025-04-24 14:04:07,574 [main] INFO  om.OzoneManager (OzoneManager.java:startTrashEmptier(2257)) - Trash Interval set to 0. Files deleted won't move to trash
2025-04-24 14:04:07,575 [main] INFO  om.OzoneManager (OzoneManager.java:restart(1878)) - OzoneManager RPC server is listening at localhost/127.0.0.1:15006
2025-04-24 14:04:07,575 [main] INFO  impl.MetricsSystemImpl (MetricsSystemImpl.java:init(158)) - OzoneManager metrics system started (again)
2025-04-24 14:04:07,586 [main] WARN  server.ServerUtils (ServerUtils.java:getDBPath(297)) - ozone.om.db.dirs is not configured. We recommend adding this setting. Falling back to ozone.metadata.dirs instead.
2025-04-24 14:04:07,624 [main] INFO  om.OzoneManager (OzoneManager.java:instantiateServices(933)) - S3 Multi-Tenancy is disabled
2025-04-24 14:04:07,624 [main] INFO  om.OmSnapshotManager (OmSnapshotManager.java:<init>(180)) - Ozone filesystem snapshot feature is enabled.
2025-04-24 14:04:07,625 [main] WARN  server.ServerUtils (ServerUtils.java:getDBPath(297)) - ozone.om.snapshot.diff.db.dir is not configured. We recommend adding this setting. Falling back to ozone.metadata.dirs instead.
2025-04-24 14:04:07,641 [main] WARN  dropwizard3.Dm3MetricRegistriesImpl (Dm3MetricRegistriesImpl.java:addReporterRegistration(114)) - New reporters are added after registries were created. Some metrics will be missing from the reporter. Please add reporter before adding any new registry.
2025-04-24 14:04:07,641 [main] WARN  dropwizard3.Dm3MetricRegistriesImpl (Dm3MetricRegistriesImpl.java:addReporterRegistration(114)) - New reporters are added after registries were created. Some metrics will be missing from the reporter. Please add reporter before adding any new registry.
2025-04-24 14:04:07,641 [main] WARN  server.ServerUtils (ServerUtils.java:getDefaultRatisDirectory(309)) - Storage directory for Ratis is not configured. It is a good idea to map this to an SSD disk. Falling back to ozone.metadata.dirs
2025-04-24 14:04:07,642 [main] INFO  server.RaftServerConfigKeys (ConfUtils.java:logGet(46)) - raft.server.log.appender.buffer.byte-limit = 4194304 (custom)
2025-04-24 14:04:07,643 [main] INFO  ratis.OzoneManagerRatisServer (OzoneManagerRatisServer.java:<init>(167)) - Instantiating OM Ratis server with groupID: om-service-test1 and peers: localhost:15009, localhost:15017, localhost:15013
2025-04-24 14:04:07,643 [main] INFO  ratis.OzoneManagerStateMachine (OzoneManagerStateMachine.java:loadSnapshotInfoFromDB(611)) - LastAppliedIndex is set from TransactionInfo from OM DB as (t:12, i:309)
2025-04-24 14:04:07,643 [main] INFO  server.RaftServer (ConfUtils.java:logGet(46)) - raft.rpc.type = GRPC (default)
2025-04-24 14:04:07,644 [main] INFO  grpc.GrpcConfigKeys (ConfUtils.java:logFallback(53)) - raft.grpc.admin.host = null (fallback to raft.grpc.server.host)
2025-04-24 14:04:07,644 [main] INFO  grpc.GrpcConfigKeys (ConfUtils.java:logFallback(53)) - raft.grpc.admin.port = 15009 (fallback to raft.grpc.server.port)
2025-04-24 14:04:07,644 [main] INFO  grpc.GrpcConfigKeys (ConfUtils.java:logFallback(53)) - raft.grpc.client.host = null (fallback to raft.grpc.server.host)
2025-04-24 14:04:07,644 [main] INFO  grpc.GrpcConfigKeys (ConfUtils.java:logFallback(53)) - raft.grpc.client.port = 15009 (fallback to raft.grpc.server.port)
2025-04-24 14:04:07,644 [main] INFO  grpc.GrpcConfigKeys (ConfUtils.java:logGet(46)) - raft.grpc.server.host = null (default)
2025-04-24 14:04:07,644 [main] INFO  grpc.GrpcConfigKeys (ConfUtils.java:logGet(46)) - raft.grpc.server.port = 15009 (custom)
2025-04-24 14:04:07,644 [main] INFO  server.GrpcService (ConfUtils.java:logGet(46)) - raft.grpc.message.size.max = 5242880 (custom)
2025-04-24 14:04:07,644 [main] INFO  server.GrpcService (ConfUtils.java:logGet(46)) - raft.grpc.flow.control.window = 1MB (=1048576) (default)
2025-04-24 14:04:07,644 [main] INFO  server.RaftServerConfigKeys (ConfUtils.java:logGet(46)) - raft.server.rpc.request.timeout = 3000ms (default)
2025-04-24 14:04:07,645 [main] INFO  grpc.GrpcConfigKeys (ConfUtils.java:logGet(46)) - raft.grpc.server.heartbeat.channel = true (default)
2025-04-24 14:04:07,645 [main] INFO  server.RaftServerConfigKeys (ConfUtils.java:logGet(46)) - raft.server.log.appender.buffer.byte-limit = 4194304 (custom)
2025-04-24 14:04:07,645 [main] INFO  grpc.GrpcConfigKeys (ConfUtils.java:logGet(46)) - raft.grpc.server.async.request.thread.pool.cached = true (default)
2025-04-24 14:04:07,645 [main] INFO  grpc.GrpcConfigKeys (ConfUtils.java:logGet(46)) - raft.grpc.server.async.request.thread.pool.size = 32 (default)
2025-04-24 14:04:07,646 [main] INFO  impl.DataStreamServerImpl (ConfUtils.java:logGet(46)) - raft.datastream.type = DISABLED (default)
2025-04-24 14:04:07,646 [main] INFO  server.RaftServerConfigKeys (ConfUtils.java:logGet(46)) - raft.server.sleep.deviation.threshold = 300ms (default)
2025-04-24 14:04:07,646 [main] INFO  server.RaftServerConfigKeys (ConfUtils.java:logGet(46)) - raft.server.close.threshold = 60s (default)
2025-04-24 14:04:07,646 [main] INFO  server.RaftServerConfigKeys (ConfUtils.java:logGet(46)) - raft.server.leaderelection.leader.step-down.wait-time = 10s (default)
2025-04-24 14:04:07,646 [main] INFO  server.RaftServerConfigKeys (ConfUtils.java:logGet(46)) - raft.server.storage.dir = [/home/runner/work/ozone/ozone/hadoop-ozone/integration-test/target/test-dir/MiniOzoneClusterImpl-4e6105ad-12bc-4f18-9d37-351d73277e17/omNode-1/ratis] (custom)
2025-04-24 14:04:07,646 [main] INFO  server.RaftServerConfigKeys (ConfUtils.java:logGet(46)) - raft.server.threadpool.proxy.cached = true (default)
2025-04-24 14:04:07,647 [main] INFO  server.RaftServerConfigKeys (ConfUtils.java:logGet(46)) - raft.server.threadpool.proxy.size = 0 (default)
2025-04-24 14:04:07,647 [omNode-1-impl-thread1] INFO  server.RaftServer (RaftServerProxy.java:initGroupDir(265)) - omNode-1: found a subdirectory /home/runner/work/ozone/ozone/hadoop-ozone/integration-test/target/test-dir/MiniOzoneClusterImpl-4e6105ad-12bc-4f18-9d37-351d73277e17/omNode-1/ratis/c9bc4cf4-3bc3-3c60-a66b-523986131536
2025-04-24 14:04:07,647 [main] INFO  server.RaftServer (RaftServerProxy.java:addNew(100)) - omNode-1: addNew group-523986131536:[omNode-3|localhost:15017, omNode-1|localhost:15009, omNode-2|localhost:15013] returns group-523986131536:java.util.concurrent.CompletableFuture@1576909f[Not completed]
2025-04-24 14:04:07,647 [omNode-1-groupManagement] INFO  server.RaftServer$Division (RaftServerImpl.java:<init>(255)) - omNode-1: new RaftServerImpl for group-523986131536:[omNode-3|localhost:15017, omNode-1|localhost:15009, omNode-2|localhost:15013] with OzoneManagerStateMachine:uninitialized
2025-04-24 14:04:07,647 [main] INFO  om.OzoneManager (OzoneManager.java:initializeRatisServer(2303)) - OzoneManager Ratis server initialized at port 15009
2025-04-24 14:04:07,648 [main] INFO  ratis.OzoneManagerRatisServer (OzoneManagerRatisServer.java:start(628)) - Starting OzoneManagerRatisServer omNode-1 at port 15009
2025-04-24 14:04:07,648 [omNode-1-groupManagement] INFO  server.RaftServerConfigKeys (ConfUtils.java:logGet(46)) - raft.server.rpc.timeout.min = 1s (custom)
2025-04-24 14:04:07,648 [omNode-1-groupManagement] INFO  server.RaftServerConfigKeys (ConfUtils.java:logGet(46)) - raft.server.rpc.timeout.max = 1200ms (custom)
2025-04-24 14:04:07,648 [omNode-1-groupManagement] INFO  server.RaftServerConfigKeys (ConfUtils.java:logGet(46)) - raft.server.rpc.sleep.time = 25ms (default)
2025-04-24 14:04:07,648 [omNode-1-groupManagement] INFO  server.RaftServerConfigKeys (ConfUtils.java:logGet(46)) - raft.server.rpc.slowness.timeout = 2s (custom)
2025-04-24 14:04:07,648 [omNode-1-groupManagement] INFO  server.RaftServerConfigKeys (ConfUtils.java:logGet(46)) - raft.server.leaderelection.leader.step-down.wait-time = 10s (default)
2025-04-24 14:04:07,648 [omNode-1-groupManagement] INFO  server.RaftServerConfigKeys (ConfUtils.java:logGet(46)) - raft.server.leaderelection.member.majority-add = false (default)
2025-04-24 14:04:07,648 [omNode-1-groupManagement] INFO  server.RaftServerConfigKeys (ConfUtils.java:logGet(46)) - raft.server.sleep.deviation.threshold = 300ms (default)
2025-04-24 14:04:07,648 [omNode-1-groupManagement] INFO  server.RaftServer$Division (ServerState.java:<init>(114)) - omNode-1@group-523986131536: ConfigurationManager, init=conf: {index: -1, cur=peers:[omNode-3|localhost:15017, omNode-1|localhost:15009, omNode-2|localhost:15013]|listeners:[], old=null}, confs=<EMPTY_MAP>
2025-04-24 14:04:07,648 [omNode-1-groupManagement] INFO  server.RaftServerConfigKeys (ConfUtils.java:logGet(46)) - raft.server.notification.no-leader.timeout = 2s (custom)
2025-04-24 14:04:07,648 [omNode-1-groupManagement] INFO  server.RaftServerConfigKeys (ConfUtils.java:logGet(46)) - raft.server.read.timeout = 10s (default)
2025-04-24 14:04:07,648 [omNode-1-groupManagement] INFO  server.RaftServerConfigKeys (ConfUtils.java:logGet(46)) - raft.server.retrycache.expirytime = 30000ms (custom)
2025-04-24 14:04:07,648 [omNode-1-groupManagement] INFO  server.RaftServerConfigKeys (ConfUtils.java:logGet(46)) - raft.server.retrycache.statistics.expirytime = 100ms (default)
2025-04-24 14:04:07,648 [omNode-1-groupManagement] INFO  server.RaftServerConfigKeys (ConfUtils.java:logGet(46)) - raft.server.read.option = DEFAULT (default)
2025-04-24 14:04:07,648 [omNode-1-groupManagement] INFO  server.RaftServerConfigKeys (ConfUtils.java:logGet(46)) - raft.server.read.read-after-write-consistent.write-index-cache.expiry-time = 60s (default)
2025-04-24 14:04:07,651 [omNode-1-groupManagement] INFO  server.RaftServerConfigKeys (ConfUtils.java:logGet(46)) - raft.server.rpc.request.timeout = 3000ms (default)
2025-04-24 14:04:07,651 [omNode-1-groupManagement] INFO  server.RaftServerConfigKeys (ConfUtils.java:logGet(46)) - raft.server.log.appender.install.snapshot.enabled = false (custom)
2025-04-24 14:04:07,651 [omNode-1-groupManagement] INFO  server.RaftServerConfigKeys (ConfUtils.java:logGet(46)) - raft.server.threadpool.server.cached = true (default)
2025-04-24 14:04:07,651 [omNode-1-groupManagement] INFO  server.RaftServerConfigKeys (ConfUtils.java:logGet(46)) - raft.server.threadpool.server.size = 0 (default)
2025-04-24 14:04:07,651 [omNode-1-groupManagement] INFO  server.RaftServerConfigKeys (ConfUtils.java:logGet(46)) - raft.server.threadpool.client.cached = true (default)
2025-04-24 14:04:07,651 [omNode-1-groupManagement] INFO  server.RaftServerConfigKeys (ConfUtils.java:logGet(46)) - raft.server.threadpool.client.size = 0 (default)
2025-04-24 14:04:07,651 [omNode-1-impl-thread1] INFO  server.RaftServerConfigKeys (ConfUtils.java:logGet(46)) - raft.server.storage.free-space.min = 0MB (=0) (default)
2025-04-24 14:04:07,651 [omNode-1-impl-thread1] INFO  server.RaftServerConfigKeys (ConfUtils.java:logGet(46)) - raft.server.log.corruption.policy = EXCEPTION (default)
2025-04-24 14:04:07,651 [omNode-1-impl-thread1] INFO  server.RaftServerConfigKeys (ConfUtils.java:logGet(46)) - raft.server.storage.dir = [/home/runner/work/ozone/ozone/hadoop-ozone/integration-test/target/test-dir/MiniOzoneClusterImpl-4e6105ad-12bc-4f18-9d37-351d73277e17/omNode-1/ratis] (custom)
2025-04-24 14:04:07,652 [omNode-1-impl-thread1] INFO  storage.RaftStorageDirectory (RaftStorageDirectoryImpl.java:tryLock(229)) - Lock on /home/runner/work/ozone/ozone/hadoop-ozone/integration-test/target/test-dir/MiniOzoneClusterImpl-4e6105ad-12bc-4f18-9d37-351d73277e17/omNode-1/ratis/c9bc4cf4-3bc3-3c60-a66b-523986131536/in_use.lock acquired by nodename 129728@fv-az2210-761
2025-04-24 14:04:07,652 [omNode-1-impl-thread1] INFO  storage.RaftStorage (RaftStorageImpl.java:analyzeAndRecoverStorage(118)) - Read RaftStorageMetadata{term=12, votedFor=omNode-1} from /home/runner/work/ozone/ozone/hadoop-ozone/integration-test/target/test-dir/MiniOzoneClusterImpl-4e6105ad-12bc-4f18-9d37-351d73277e17/omNode-1/ratis/c9bc4cf4-3bc3-3c60-a66b-523986131536/current/raft-meta
2025-04-24 14:04:07,653 [omNode-1-impl-thread1] INFO  server.RaftServer$Division (ServerState.java:setRaftConf(386)) - omNode-1@group-523986131536: set configuration conf: {index: 308, cur=peers:[omNode-3|localhost:15017, omNode-1|localhost:15009, omNode-2|localhost:15013]|listeners:[], old=null}
2025-04-24 14:04:07,653 [omNode-1-impl-thread1] INFO  ratis.OzoneManagerStateMachine (OzoneManagerStateMachine.java:lambda$0(138)) - omNode-1: initialize group-523986131536 with (t:12, i:309)
2025-04-24 14:04:07,653 [omNode-1-impl-thread1] INFO  server.RaftServerConfigKeys (ConfUtils.java:logGet(46)) - raft.server.log.use.memory = false (default)
2025-04-24 14:04:07,653 [omNode-1-impl-thread1] INFO  server.RaftServerConfigKeys (ConfUtils.java:logGet(46)) - raft.server.log.purge.gap = 50 (custom)
2025-04-24 14:04:07,653 [omNode-1-impl-thread1] INFO  server.RaftServerConfigKeys (ConfUtils.java:logGet(46)) - raft.server.log.appender.buffer.byte-limit = 4194304 (custom)
2025-04-24 14:04:07,653 [omNode-1-impl-thread1] INFO  server.RaftServerConfigKeys (ConfUtils.java:logGet(46)) - raft.server.log.statemachine.data.read.timeout = 1000ms (default)
2025-04-24 14:04:07,653 [omNode-1-impl-thread1] INFO  server.RaftServerConfigKeys (ConfUtils.java:logGet(46)) - raft.server.log.purge.preservation.log.num = 0 (default)
2025-04-24 14:04:07,654 [omNode-1-impl-thread1] INFO  server.RaftServerConfigKeys (ConfUtils.java:logGet(46)) - raft.server.log.segment.size.max = 4194304 (custom)
2025-04-24 14:04:07,654 [omNode-1-impl-thread1] INFO  server.RaftServerConfigKeys (ConfUtils.java:logGet(46)) - raft.server.log.segment.cache.num.max = 2 (custom)
2025-04-24 14:04:07,654 [omNode-1-impl-thread1] INFO  server.RaftServerConfigKeys (ConfUtils.java:logGet(46)) - raft.server.log.segment.cache.size.max = 200MB (=209715200) (default)
2025-04-24 14:04:07,654 [omNode-1-impl-thread1] INFO  server.RaftServerConfigKeys (ConfUtils.java:logGet(46)) - raft.server.log.appender.buffer.byte-limit = 4194304 (custom)
2025-04-24 14:04:07,655 [omNode-1-impl-thread1] INFO  util.AwaitToRun (AwaitToRun.java:start(81)) - Thread[#5843,omNode-1@group-523986131536-cacheEviction-AwaitToRun,5,main] started
2025-04-24 14:04:07,655 [omNode-1-impl-thread1] INFO  segmented.SegmentedRaftLogWorker (SegmentedRaftLogWorker.java:<init>(188)) - new omNode-1@group-523986131536-SegmentedRaftLogWorker for RaftStorageImpl:Storage Directory /home/runner/work/ozone/ozone/hadoop-ozone/integration-test/target/test-dir/MiniOzoneClusterImpl-4e6105ad-12bc-4f18-9d37-351d73277e17/omNode-1/ratis/c9bc4cf4-3bc3-3c60-a66b-523986131536
2025-04-24 14:04:07,655 [omNode-1-impl-thread1] INFO  server.RaftServerConfigKeys (ConfUtils.java:logGet(46)) - raft.server.log.queue.byte-limit = 64MB (=67108864) (default)
2025-04-24 14:04:07,655 [omNode-1-impl-thread1] INFO  server.RaftServerConfigKeys (ConfUtils.java:logGet(46)) - raft.server.log.queue.element-limit = 4096 (default)
2025-04-24 14:04:07,655 [omNode-1-impl-thread1] INFO  server.RaftServerConfigKeys (ConfUtils.java:logGet(46)) - raft.server.log.segment.size.max = 4194304 (custom)
2025-04-24 14:04:07,655 [omNode-1-impl-thread1] INFO  server.RaftServerConfigKeys (ConfUtils.java:logGet(46)) - raft.server.log.preallocated.size = 4194304 (custom)
2025-04-24 14:04:07,655 [omNode-1-impl-thread1] INFO  server.RaftServerConfigKeys (ConfUtils.java:logGet(46)) - raft.server.log.force.sync.num = 128 (default)
2025-04-24 14:04:07,655 [omNode-1-impl-thread1] INFO  server.RaftServerConfigKeys (ConfUtils.java:logGet(46)) - raft.server.log.statemachine.data.sync = true (default)
2025-04-24 14:04:07,655 [omNode-1-impl-thread1] INFO  server.RaftServerConfigKeys (ConfUtils.java:logGet(46)) - raft.server.log.statemachine.data.sync.timeout = 10s (default)
2025-04-24 14:04:07,655 [omNode-1-impl-thread1] INFO  server.RaftServerConfigKeys (ConfUtils.java:logGet(46)) - raft.server.log.statemachine.data.sync.timeout.retry = -1 (default)
2025-04-24 14:04:07,655 [omNode-1-impl-thread1] INFO  server.RaftServerConfigKeys (ConfUtils.java:logGet(46)) - raft.server.log.write.buffer.size = 4194312 (custom)
2025-04-24 14:04:07,656 [omNode-1-impl-thread1] INFO  server.RaftServerConfigKeys (ConfUtils.java:logGet(46)) - raft.server.log.appender.buffer.byte-limit = 4194304 (custom)
2025-04-24 14:04:07,656 [omNode-1-impl-thread1] INFO  server.RaftServerConfigKeys (ConfUtils.java:logGet(46)) - raft.server.log.unsafe-flush.enabled = false (default)
2025-04-24 14:04:07,656 [omNode-1-impl-thread1] INFO  server.RaftServerConfigKeys (ConfUtils.java:logGet(46)) - raft.server.log.async-flush.enabled = false (default)
2025-04-24 14:04:07,656 [omNode-1-impl-thread1] INFO  server.RaftServerConfigKeys (ConfUtils.java:logGet(46)) - raft.server.log.statemachine.data.caching.enabled = false (default)
2025-04-24 14:04:07,656 [omNode-1-impl-thread1] INFO  server.RaftServer$Division (ServerState.java:setRaftConf(386)) - omNode-1@group-523986131536: set configuration conf: {index: 106, cur=peers:[omNode-3|localhost:15017, omNode-1|localhost:15009, omNode-2|localhost:15013]|listeners:[], old=null}
2025-04-24 14:04:07,657 [omNode-1-impl-thread1] INFO  segmented.LogSegment (LogSegment.java:loadSegment(171)) - Successfully read 202 entries from segment file /home/runner/work/ozone/ozone/hadoop-ozone/integration-test/target/test-dir/MiniOzoneClusterImpl-4e6105ad-12bc-4f18-9d37-351d73277e17/omNode-1/ratis/c9bc4cf4-3bc3-3c60-a66b-523986131536/current/log_106-307
2025-04-24 14:04:07,658 [omNode-1-impl-thread1] INFO  server.RaftServer$Division (ServerState.java:setRaftConf(386)) - omNode-1@group-523986131536: set configuration conf: {index: 308, cur=peers:[omNode-3|localhost:15017, omNode-1|localhost:15009, omNode-2|localhost:15013]|listeners:[], old=null}
2025-04-24 14:04:07,658 [omNode-1-impl-thread1] INFO  segmented.LogSegment (LogSegment.java:loadSegment(171)) - Successfully read 2 entries from segment file /home/runner/work/ozone/ozone/hadoop-ozone/integration-test/target/test-dir/MiniOzoneClusterImpl-4e6105ad-12bc-4f18-9d37-351d73277e17/omNode-1/ratis/c9bc4cf4-3bc3-3c60-a66b-523986131536/current/log_inprogress_308
2025-04-24 14:04:07,658 [omNode-1-impl-thread1] INFO  segmented.SegmentedRaftLogWorker (SegmentedRaftLogWorker.java:lambda$new$0(139)) - omNode-1@group-523986131536-SegmentedRaftLogWorker: flushIndex: setUnconditionally 0 -> 309
2025-04-24 14:04:07,658 [omNode-1-impl-thread1] INFO  segmented.SegmentedRaftLogWorker (SegmentedRaftLogWorker.java:lambda$new$0(139)) - omNode-1@group-523986131536-SegmentedRaftLogWorker: safeCacheEvictIndex: setUnconditionally 0 -> 307
2025-04-24 14:04:07,658 [omNode-1-impl-thread1] INFO  segmented.BufferedWriteChannel (BufferedWriteChannel.java:open(61)) - open log_inprogress_308 (append) at position 128
2025-04-24 14:04:07,658 [omNode-1-impl-thread1] INFO  raftlog.RaftLog (RaftLogBase.java:lambda$new$0(54)) - omNode-1@group-523986131536-SegmentedRaftLog: purgeIndex: updateToMax old=-1, new=105, updated? true
2025-04-24 14:04:07,658 [omNode-1-impl-thread1] INFO  server.RaftServer$Division (RaftServerImpl.java:start(391)) - omNode-1@group-523986131536: start as a follower, conf=conf: {index: 308, cur=peers:[omNode-3|localhost:15017, omNode-1|localhost:15009, omNode-2|localhost:15013]|listeners:[], old=null}
2025-04-24 14:04:07,659 [omNode-1-impl-thread1] INFO  server.RaftServer$Division (RaftServerImpl.java:setRole(378)) - omNode-1@group-523986131536: changes role from      null to FOLLOWER at term 12 for startAsFollower
2025-04-24 14:04:07,659 [omNode-1-impl-thread1] INFO  impl.RoleInfo (RoleInfo.java:updateAndGet(148)) - omNode-1: start omNode-1@group-523986131536-FollowerState
2025-04-24 14:04:07,659 [omNode-1-impl-thread1] INFO  util.JmxRegister (JmxRegister.java:tryRegister(44)) - Successfully registered JMX Bean with object name Ratis:service=RaftServer,group=group-523986131536,id=omNode-1
2025-04-24 14:04:07,659 [omNode-1@group-523986131536-FollowerState] INFO  server.RaftServerConfigKeys (ConfUtils.java:logFallback(53)) - raft.server.rpc.first-election.timeout.min = 1s (fallback to raft.server.rpc.timeout.min)
2025-04-24 14:04:07,659 [omNode-1@group-523986131536-FollowerState] INFO  server.RaftServerConfigKeys (ConfUtils.java:logFallback(53)) - raft.server.rpc.first-election.timeout.max = 1200ms (fallback to raft.server.rpc.timeout.max)
2025-04-24 14:04:07,659 [omNode-1-impl-thread1] INFO  util.JmxRegister (JmxRegister.java:register(58)) - register mxBean class org.apache.ratis.server.impl.RaftServerJmxAdapter as Ratis:service=RaftServer,group=group-523986131536,id=omNode-1
2025-04-24 14:04:07,659 [omNode-1-impl-thread1] INFO  server.RaftServerConfigKeys (ConfUtils.java:logGet(46)) - raft.server.snapshot.trigger-when-stop.enabled = true (default)
2025-04-24 14:04:07,659 [omNode-1-impl-thread1] INFO  server.RaftServerConfigKeys (ConfUtils.java:logGet(46)) - raft.server.snapshot.trigger-when-remove.enabled = true (default)
2025-04-24 14:04:07,659 [omNode-1-impl-thread1] INFO  server.RaftServerConfigKeys (ConfUtils.java:logGet(46)) - raft.server.snapshot.auto.trigger.enabled = true (custom)
2025-04-24 14:04:07,659 [omNode-1-impl-thread1] INFO  server.RaftServerConfigKeys (ConfUtils.java:logGet(46)) - raft.server.snapshot.auto.trigger.threshold = 50 (custom)
2025-04-24 14:04:07,659 [omNode-1-impl-thread1] INFO  server.RaftServerConfigKeys (ConfUtils.java:logGet(46)) - raft.server.snapshot.retention.file.num = -1 (default)
2025-04-24 14:04:07,659 [omNode-1-impl-thread1] INFO  server.RaftServerConfigKeys (ConfUtils.java:logGet(46)) - raft.server.log.purge.upto.snapshot.index = true (custom)
2025-04-24 14:04:07,660 [omNode-1-impl-thread1] INFO  server.RaftServer$Division (RaftServerImpl.java:start(405)) - omNode-1@group-523986131536: Successfully started.
2025-04-24 14:04:07,660 [main] INFO  server.RaftServer (RaftServerProxy.java:startImpl(407)) - omNode-1: start RPC server
2025-04-24 14:04:07,661 [main] INFO  server.GrpcService (GrpcService.java:startImpl(334)) - omNode-1: GrpcService started, listening on 15009
2025-04-24 14:04:07,661 [main] INFO  om.OzoneManager (OzoneManager.java:getRpcServer(1360)) - Creating RPC Server
2025-04-24 14:04:07,661 [JvmPauseMonitor30] INFO  util.JvmPauseMonitor (JvmPauseMonitor.java:run(146)) - JvmPauseMonitor-omNode-1: Started
2025-04-24 14:04:08,020 [main] INFO  reflections.Reflections (Reflections.java:scan(219)) - Reflections took 358 ms to scan 22 urls, producing 61 keys and 7423 values
2025-04-24 14:04:08,022 [main] INFO  ipc.CallQueueManager (CallQueueManager.java:<init>(93)) - Using callQueue: class java.util.concurrent.LinkedBlockingQueue, queueCapacity: 2000, scheduler: class org.apache.hadoop.ipc.DefaultRpcScheduler, ipcBackoff: false, ipcFailOver: false.
2025-04-24 14:04:08,022 [main] INFO  ipc.Server (Server.java:<init>(1438)) - Listener at localhost:15006
2025-04-24 14:04:08,022 [Socket Reader #1 for port 15006] INFO  ipc.Server (Server.java:run(1474)) - Starting Socket Reader #1 for port 15006
2025-04-24 14:04:08,022 [Socket Reader #2 for port 15006] INFO  ipc.Server (Server.java:run(1474)) - Starting Socket Reader #2 for port 15006
2025-04-24 14:04:08,023 [Socket Reader #3 for port 15006] INFO  ipc.Server (Server.java:run(1474)) - Starting Socket Reader #3 for port 15006
2025-04-24 14:04:08,023 [Socket Reader #4 for port 15006] INFO  ipc.Server (Server.java:run(1474)) - Starting Socket Reader #4 for port 15006
2025-04-24 14:04:08,023 [Socket Reader #5 for port 15006] INFO  ipc.Server (Server.java:run(1474)) - Starting Socket Reader #5 for port 15006
2025-04-24 14:04:08,023 [Socket Reader #6 for port 15006] INFO  ipc.Server (Server.java:run(1474)) - Starting Socket Reader #6 for port 15006
2025-04-24 14:04:08,023 [Socket Reader #7 for port 15006] INFO  ipc.Server (Server.java:run(1474)) - Starting Socket Reader #7 for port 15006
2025-04-24 14:04:08,023 [Socket Reader #8 for port 15006] INFO  ipc.Server (Server.java:run(1474)) - Starting Socket Reader #8 for port 15006
2025-04-24 14:04:08,024 [Socket Reader #9 for port 15006] INFO  ipc.Server (Server.java:run(1474)) - Starting Socket Reader #9 for port 15006
2025-04-24 14:04:08,024 [Socket Reader #10 for port 15006] INFO  ipc.Server (Server.java:run(1474)) - Starting Socket Reader #10 for port 15006
2025-04-24 14:04:08,026 [main] INFO  http.BaseHttpServer (BaseHttpServer.java:newHttpServer2BuilderForOzone(229)) - Starting Web-server for ozoneManager at: http://0.0.0.0:15007
2025-04-24 14:04:08,026 [main] INFO  http.BaseHttpServer (BaseHttpServer.java:<init>(107)) - Hadoop Security Enabled: false Ozone Security Enabled: false Ozone HTTP Security Enabled: false 
2025-04-24 14:04:08,027 [main] WARN  server.AuthenticationFilter (AuthenticationFilter.java:constructSecretProvider(240)) - Unable to initialize FileSignerSecretProvider, falling back to use random secrets. Reason: Could not read signature secret file: /home/runner/hadoop-http-auth-signature-secret
2025-04-24 14:04:08,028 [main] INFO  http.HttpServer2 (HttpServer2.java:addGlobalFilter(1041)) - Added global filter 'safety' (class=org.apache.hadoop.hdds.server.http.HttpServer2$QuotingInputFilter)
2025-04-24 14:04:08,029 [main] INFO  http.HttpServer2 (HttpServer2.java:addFilter(1017)) - Added filter static_user_filter (class=org.apache.hadoop.http.lib.StaticUserWebFilter$StaticUserFilter) to context ozoneManager
2025-04-24 14:04:08,029 [main] INFO  http.HttpServer2 (HttpServer2.java:addFilter(1025)) - Added filter static_user_filter (class=org.apache.hadoop.http.lib.StaticUserWebFilter$StaticUserFilter) to context static
2025-04-24 14:04:08,029 [main] INFO  http.HttpServer2 (HttpServer2.java:addFilter(1025)) - Added filter static_user_filter (class=org.apache.hadoop.http.lib.StaticUserWebFilter$StaticUserFilter) to context logs
2025-04-24 14:04:08,030 [main] INFO  http.BaseHttpServer (BaseHttpServer.java:<init>(195)) - HTTP server of ozoneManager uses base directory /home/runner/work/ozone/ozone/hadoop-ozone/integration-test/target/test-dir/MiniOzoneClusterImpl-4e6105ad-12bc-4f18-9d37-351d73277e17/omNode-1/webserver
2025-04-24 14:04:08,030 [main] INFO  http.HttpServer2 (HttpServer2.java:bindListener(1241)) - Jetty bound to port 15007
2025-04-24 14:04:08,030 [main] INFO  server.Server (Server.java:doStart(375)) - jetty-9.4.57.v20241219; built: 2025-01-08T21:24:30.412Z; git: df524e6b29271c2e09ba9aea83c18dc9db464a31; jvm 21.0.7+6-LTS
2025-04-24 14:04:08,031 [main] INFO  server.session (DefaultSessionIdManager.java:doStart(334)) - DefaultSessionIdManager workerName=node0
2025-04-24 14:04:08,032 [main] INFO  server.session (DefaultSessionIdManager.java:doStart(339)) - No SessionScavenger set, using defaults
2025-04-24 14:04:08,032 [main] INFO  server.session (HouseKeeper.java:startScavenging(132)) - node0 Scavenging every 660000ms
2025-04-24 14:04:08,032 [main] INFO  handler.ContextHandler (ContextHandler.java:doStart(921)) - Started o.e.j.s.ServletContextHandler@b98d67f{logs,/logs,file:///home/runner/work/ozone/ozone/hadoop-ozone/integration-test/target/log,AVAILABLE}
2025-04-24 14:04:08,032 [main] INFO  handler.ContextHandler (ContextHandler.java:doStart(921)) - Started o.e.j.s.ServletContextHandler@104fc0ec{static,/static,file:///home/runner/work/ozone/ozone/hadoop-ozone/integration-test/target/test-classes/webapps/static,AVAILABLE}
2025-04-24 14:04:08,036 [main] INFO  handler.ContextHandler (ContextHandler.java:doStart(921)) - Started o.e.j.w.WebAppContext@6a222d72{ozoneManager,/,file:///home/runner/work/ozone/ozone/hadoop-ozone/integration-test/target/test-classes/webapps/ozoneManager/,AVAILABLE}{file:/home/runner/work/ozone/ozone/hadoop-ozone/integration-test/target/test-classes/webapps/ozoneManager}
2025-04-24 14:04:08,036 [main] INFO  server.AbstractConnector (AbstractConnector.java:doStart(333)) - Started ServerConnector@10f124f{HTTP/1.1, (http/1.1)}{0.0.0.0:15007}
2025-04-24 14:04:08,036 [main] INFO  server.Server (Server.java:doStart(415)) - Started @129368ms
2025-04-24 14:04:08,037 [main] WARN  impl.MetricsSystemImpl (MetricsSystemImpl.java:register(279)) - Sink prometheus already exists!
2025-04-24 14:04:08,037 [main] INFO  http.BaseHttpServer (BaseHttpServer.java:updateConnectorAddress(360)) - HTTP server of ozoneManager listening at http://0.0.0.0:15007
2025-04-24 14:04:08,037 [IPC Server Responder] INFO  ipc.Server (Server.java:run(1713)) - IPC Server Responder: starting
2025-04-24 14:04:08,037 [IPC Server listener on 15006] INFO  ipc.Server (Server.java:run(1553)) - IPC Server listener on 15006: starting
2025-04-24 14:04:08,039 [main] INFO  om.OzoneManager (OzoneManager.java:startTrashEmptier(2257)) - Trash Interval set to 0. Files deleted won't move to trash
2025-04-24 14:04:08,039 [main] INFO  om.OzoneManager (OzoneManager.java:restart(1878)) - OzoneManager RPC server is listening at localhost/127.0.0.1:15010
2025-04-24 14:04:08,040 [main] INFO  impl.MetricsSystemImpl (MetricsSystemImpl.java:init(158)) - OzoneManager metrics system started (again)
2025-04-24 14:04:08,050 [main] WARN  server.ServerUtils (ServerUtils.java:getDBPath(297)) - ozone.om.db.dirs is not configured. We recommend adding this setting. Falling back to ozone.metadata.dirs instead.
2025-04-24 14:04:08,094 [main] INFO  om.OzoneManager (OzoneManager.java:instantiateServices(933)) - S3 Multi-Tenancy is disabled
2025-04-24 14:04:08,094 [main] INFO  om.OmSnapshotManager (OmSnapshotManager.java:<init>(180)) - Ozone filesystem snapshot feature is enabled.
2025-04-24 14:04:08,094 [main] WARN  server.ServerUtils (ServerUtils.java:getDBPath(297)) - ozone.om.snapshot.diff.db.dir is not configured. We recommend adding this setting. Falling back to ozone.metadata.dirs instead.
2025-04-24 14:04:08,110 [main] WARN  dropwizard3.Dm3MetricRegistriesImpl (Dm3MetricRegistriesImpl.java:addReporterRegistration(114)) - New reporters are added after registries were created. Some metrics will be missing from the reporter. Please add reporter before adding any new registry.
2025-04-24 14:04:08,110 [main] WARN  dropwizard3.Dm3MetricRegistriesImpl (Dm3MetricRegistriesImpl.java:addReporterRegistration(114)) - New reporters are added after registries were created. Some metrics will be missing from the reporter. Please add reporter before adding any new registry.
2025-04-24 14:04:08,110 [main] WARN  server.ServerUtils (ServerUtils.java:getDefaultRatisDirectory(309)) - Storage directory for Ratis is not configured. It is a good idea to map this to an SSD disk. Falling back to ozone.metadata.dirs
2025-04-24 14:04:08,111 [main] INFO  server.RaftServerConfigKeys (ConfUtils.java:logGet(46)) - raft.server.log.appender.buffer.byte-limit = 4194304 (custom)
2025-04-24 14:04:08,112 [main] INFO  ratis.OzoneManagerRatisServer (OzoneManagerRatisServer.java:<init>(167)) - Instantiating OM Ratis server with groupID: om-service-test1 and peers: localhost:15013, localhost:15017, localhost:15009
2025-04-24 14:04:08,112 [main] INFO  ratis.OzoneManagerStateMachine (OzoneManagerStateMachine.java:loadSnapshotInfoFromDB(611)) - LastAppliedIndex is set from TransactionInfo from OM DB as (t:12, i:309)
2025-04-24 14:04:08,112 [main] INFO  server.RaftServer (ConfUtils.java:logGet(46)) - raft.rpc.type = GRPC (default)
2025-04-24 14:04:08,113 [main] INFO  grpc.GrpcConfigKeys (ConfUtils.java:logFallback(53)) - raft.grpc.admin.host = null (fallback to raft.grpc.server.host)
2025-04-24 14:04:08,113 [main] INFO  grpc.GrpcConfigKeys (ConfUtils.java:logFallback(53)) - raft.grpc.admin.port = 15013 (fallback to raft.grpc.server.port)
2025-04-24 14:04:08,113 [main] INFO  grpc.GrpcConfigKeys (ConfUtils.java:logFallback(53)) - raft.grpc.client.host = null (fallback to raft.grpc.server.host)
2025-04-24 14:04:08,113 [main] INFO  grpc.GrpcConfigKeys (ConfUtils.java:logFallback(53)) - raft.grpc.client.port = 15013 (fallback to raft.grpc.server.port)
2025-04-24 14:04:08,113 [main] INFO  grpc.GrpcConfigKeys (ConfUtils.java:logGet(46)) - raft.grpc.server.host = null (default)
2025-04-24 14:04:08,113 [main] INFO  grpc.GrpcConfigKeys (ConfUtils.java:logGet(46)) - raft.grpc.server.port = 15013 (custom)
2025-04-24 14:04:08,113 [main] INFO  server.GrpcService (ConfUtils.java:logGet(46)) - raft.grpc.message.size.max = 5242880 (custom)
2025-04-24 14:04:08,113 [main] INFO  server.GrpcService (ConfUtils.java:logGet(46)) - raft.grpc.flow.control.window = 1MB (=1048576) (default)
2025-04-24 14:04:08,114 [main] INFO  server.RaftServerConfigKeys (ConfUtils.java:logGet(46)) - raft.server.rpc.request.timeout = 3000ms (default)
2025-04-24 14:04:08,114 [main] INFO  grpc.GrpcConfigKeys (ConfUtils.java:logGet(46)) - raft.grpc.server.heartbeat.channel = true (default)
2025-04-24 14:04:08,114 [main] INFO  server.RaftServerConfigKeys (ConfUtils.java:logGet(46)) - raft.server.log.appender.buffer.byte-limit = 4194304 (custom)
2025-04-24 14:04:08,114 [main] INFO  grpc.GrpcConfigKeys (ConfUtils.java:logGet(46)) - raft.grpc.server.async.request.thread.pool.cached = true (default)
2025-04-24 14:04:08,114 [main] INFO  grpc.GrpcConfigKeys (ConfUtils.java:logGet(46)) - raft.grpc.server.async.request.thread.pool.size = 32 (default)
2025-04-24 14:04:08,115 [main] INFO  impl.DataStreamServerImpl (ConfUtils.java:logGet(46)) - raft.datastream.type = DISABLED (default)
2025-04-24 14:04:08,115 [main] INFO  server.RaftServerConfigKeys (ConfUtils.java:logGet(46)) - raft.server.sleep.deviation.threshold = 300ms (default)
2025-04-24 14:04:08,115 [main] INFO  server.RaftServerConfigKeys (ConfUtils.java:logGet(46)) - raft.server.close.threshold = 60s (default)
2025-04-24 14:04:08,115 [main] INFO  server.RaftServerConfigKeys (ConfUtils.java:logGet(46)) - raft.server.leaderelection.leader.step-down.wait-time = 10s (default)
2025-04-24 14:04:08,116 [main] INFO  server.RaftServerConfigKeys (ConfUtils.java:logGet(46)) - raft.server.storage.dir = [/home/runner/work/ozone/ozone/hadoop-ozone/integration-test/target/test-dir/MiniOzoneClusterImpl-4e6105ad-12bc-4f18-9d37-351d73277e17/omNode-2/ratis] (custom)
2025-04-24 14:04:08,116 [main] INFO  server.RaftServerConfigKeys (ConfUtils.java:logGet(46)) - raft.server.threadpool.proxy.cached = true (default)
2025-04-24 14:04:08,116 [main] INFO  server.RaftServerConfigKeys (ConfUtils.java:logGet(46)) - raft.server.threadpool.proxy.size = 0 (default)
2025-04-24 14:04:08,116 [omNode-2-impl-thread1] INFO  server.RaftServer (RaftServerProxy.java:initGroupDir(265)) - omNode-2: found a subdirectory /home/runner/work/ozone/ozone/hadoop-ozone/integration-test/target/test-dir/MiniOzoneClusterImpl-4e6105ad-12bc-4f18-9d37-351d73277e17/omNode-2/ratis/c9bc4cf4-3bc3-3c60-a66b-523986131536
2025-04-24 14:04:08,117 [main] INFO  server.RaftServer (RaftServerProxy.java:addNew(100)) - omNode-2: addNew group-523986131536:[omNode-3|localhost:15017, omNode-1|localhost:15009, omNode-2|localhost:15013] returns group-523986131536:java.util.concurrent.CompletableFuture@12f80f13[Not completed]
2025-04-24 14:04:08,117 [omNode-2-groupManagement] INFO  server.RaftServer$Division (RaftServerImpl.java:<init>(255)) - omNode-2: new RaftServerImpl for group-523986131536:[omNode-3|localhost:15017, omNode-1|localhost:15009, omNode-2|localhost:15013] with OzoneManagerStateMachine:uninitialized
2025-04-24 14:04:08,117 [main] INFO  om.OzoneManager (OzoneManager.java:initializeRatisServer(2303)) - OzoneManager Ratis server initialized at port 15013
2025-04-24 14:04:08,117 [main] INFO  ratis.OzoneManagerRatisServer (OzoneManagerRatisServer.java:start(628)) - Starting OzoneManagerRatisServer omNode-2 at port 15013
2025-04-24 14:04:08,117 [omNode-2-groupManagement] INFO  server.RaftServerConfigKeys (ConfUtils.java:logGet(46)) - raft.server.rpc.timeout.min = 1s (custom)
2025-04-24 14:04:08,117 [omNode-2-groupManagement] INFO  server.RaftServerConfigKeys (ConfUtils.java:logGet(46)) - raft.server.rpc.timeout.max = 1200ms (custom)
2025-04-24 14:04:08,117 [omNode-2-groupManagement] INFO  server.RaftServerConfigKeys (ConfUtils.java:logGet(46)) - raft.server.rpc.sleep.time = 25ms (default)
2025-04-24 14:04:08,117 [omNode-2-groupManagement] INFO  server.RaftServerConfigKeys (ConfUtils.java:logGet(46)) - raft.server.rpc.slowness.timeout = 2s (custom)
2025-04-24 14:04:08,117 [omNode-2-groupManagement] INFO  server.RaftServerConfigKeys (ConfUtils.java:logGet(46)) - raft.server.leaderelection.leader.step-down.wait-time = 10s (default)
2025-04-24 14:04:08,117 [omNode-2-groupManagement] INFO  server.RaftServerConfigKeys (ConfUtils.java:logGet(46)) - raft.server.leaderelection.member.majority-add = false (default)
2025-04-24 14:04:08,117 [omNode-2-groupManagement] INFO  server.RaftServerConfigKeys (ConfUtils.java:logGet(46)) - raft.server.sleep.deviation.threshold = 300ms (default)
2025-04-24 14:04:08,117 [omNode-2-groupManagement] INFO  server.RaftServer$Division (ServerState.java:<init>(114)) - omNode-2@group-523986131536: ConfigurationManager, init=conf: {index: -1, cur=peers:[omNode-3|localhost:15017, omNode-1|localhost:15009, omNode-2|localhost:15013]|listeners:[], old=null}, confs=<EMPTY_MAP>
2025-04-24 14:04:08,117 [omNode-2-groupManagement] INFO  server.RaftServerConfigKeys (ConfUtils.java:logGet(46)) - raft.server.notification.no-leader.timeout = 2s (custom)
2025-04-24 14:04:08,117 [omNode-2-groupManagement] INFO  server.RaftServerConfigKeys (ConfUtils.java:logGet(46)) - raft.server.read.timeout = 10s (default)
2025-04-24 14:04:08,118 [omNode-2-groupManagement] INFO  server.RaftServerConfigKeys (ConfUtils.java:logGet(46)) - raft.server.retrycache.expirytime = 30000ms (custom)
2025-04-24 14:04:08,118 [omNode-2-groupManagement] INFO  server.RaftServerConfigKeys (ConfUtils.java:logGet(46)) - raft.server.retrycache.statistics.expirytime = 100ms (default)
2025-04-24 14:04:08,118 [omNode-2-groupManagement] INFO  server.RaftServerConfigKeys (ConfUtils.java:logGet(46)) - raft.server.read.option = DEFAULT (default)
2025-04-24 14:04:08,118 [omNode-2-groupManagement] INFO  server.RaftServerConfigKeys (ConfUtils.java:logGet(46)) - raft.server.read.read-after-write-consistent.write-index-cache.expiry-time = 60s (default)
2025-04-24 14:04:08,119 [omNode-2-groupManagement] INFO  server.RaftServerConfigKeys (ConfUtils.java:logGet(46)) - raft.server.rpc.request.timeout = 3000ms (default)
2025-04-24 14:04:08,119 [omNode-2-groupManagement] INFO  server.RaftServerConfigKeys (ConfUtils.java:logGet(46)) - raft.server.log.appender.install.snapshot.enabled = false (custom)
2025-04-24 14:04:08,120 [omNode-2-groupManagement] INFO  server.RaftServerConfigKeys (ConfUtils.java:logGet(46)) - raft.server.threadpool.server.cached = true (default)
2025-04-24 14:04:08,120 [omNode-2-groupManagement] INFO  server.RaftServerConfigKeys (ConfUtils.java:logGet(46)) - raft.server.threadpool.server.size = 0 (default)
2025-04-24 14:04:08,120 [omNode-2-groupManagement] INFO  server.RaftServerConfigKeys (ConfUtils.java:logGet(46)) - raft.server.threadpool.client.cached = true (default)
2025-04-24 14:04:08,120 [omNode-2-groupManagement] INFO  server.RaftServerConfigKeys (ConfUtils.java:logGet(46)) - raft.server.threadpool.client.size = 0 (default)
2025-04-24 14:04:08,120 [omNode-2-impl-thread1] INFO  server.RaftServerConfigKeys (ConfUtils.java:logGet(46)) - raft.server.storage.free-space.min = 0MB (=0) (default)
2025-04-24 14:04:08,120 [omNode-2-impl-thread1] INFO  server.RaftServerConfigKeys (ConfUtils.java:logGet(46)) - raft.server.log.corruption.policy = EXCEPTION (default)
2025-04-24 14:04:08,120 [omNode-2-impl-thread1] INFO  server.RaftServerConfigKeys (ConfUtils.java:logGet(46)) - raft.server.storage.dir = [/home/runner/work/ozone/ozone/hadoop-ozone/integration-test/target/test-dir/MiniOzoneClusterImpl-4e6105ad-12bc-4f18-9d37-351d73277e17/omNode-2/ratis] (custom)
2025-04-24 14:04:08,122 [omNode-2-impl-thread1] INFO  storage.RaftStorageDirectory (RaftStorageDirectoryImpl.java:tryLock(229)) - Lock on /home/runner/work/ozone/ozone/hadoop-ozone/integration-test/target/test-dir/MiniOzoneClusterImpl-4e6105ad-12bc-4f18-9d37-351d73277e17/omNode-2/ratis/c9bc4cf4-3bc3-3c60-a66b-523986131536/in_use.lock acquired by nodename 129728@fv-az2210-761
2025-04-24 14:04:08,122 [omNode-2-impl-thread1] INFO  storage.RaftStorage (RaftStorageImpl.java:analyzeAndRecoverStorage(118)) - Read RaftStorageMetadata{term=12, votedFor=omNode-1} from /home/runner/work/ozone/ozone/hadoop-ozone/integration-test/target/test-dir/MiniOzoneClusterImpl-4e6105ad-12bc-4f18-9d37-351d73277e17/omNode-2/ratis/c9bc4cf4-3bc3-3c60-a66b-523986131536/current/raft-meta
2025-04-24 14:04:08,122 [omNode-2-impl-thread1] INFO  server.RaftServer$Division (ServerState.java:setRaftConf(386)) - omNode-2@group-523986131536: set configuration conf: {index: 308, cur=peers:[omNode-3|localhost:15017, omNode-1|localhost:15009, omNode-2|localhost:15013]|listeners:[], old=null}
2025-04-24 14:04:08,122 [omNode-2-impl-thread1] INFO  ratis.OzoneManagerStateMachine (OzoneManagerStateMachine.java:lambda$0(138)) - omNode-2: initialize group-523986131536 with (t:12, i:309)
2025-04-24 14:04:08,122 [omNode-2-impl-thread1] INFO  server.RaftServerConfigKeys (ConfUtils.java:logGet(46)) - raft.server.log.use.memory = false (default)
2025-04-24 14:04:08,122 [omNode-2-impl-thread1] INFO  server.RaftServerConfigKeys (ConfUtils.java:logGet(46)) - raft.server.log.purge.gap = 50 (custom)
2025-04-24 14:04:08,122 [omNode-2-impl-thread1] INFO  server.RaftServerConfigKeys (ConfUtils.java:logGet(46)) - raft.server.log.appender.buffer.byte-limit = 4194304 (custom)
2025-04-24 14:04:08,123 [omNode-2-impl-thread1] INFO  server.RaftServerConfigKeys (ConfUtils.java:logGet(46)) - raft.server.log.statemachine.data.read.timeout = 1000ms (default)
2025-04-24 14:04:08,123 [omNode-2-impl-thread1] INFO  server.RaftServerConfigKeys (ConfUtils.java:logGet(46)) - raft.server.log.purge.preservation.log.num = 0 (default)
2025-04-24 14:04:08,124 [omNode-2-impl-thread1] INFO  server.RaftServerConfigKeys (ConfUtils.java:logGet(46)) - raft.server.log.segment.size.max = 4194304 (custom)
2025-04-24 14:04:08,124 [omNode-2-impl-thread1] INFO  server.RaftServerConfigKeys (ConfUtils.java:logGet(46)) - raft.server.log.segment.cache.num.max = 2 (custom)
2025-04-24 14:04:08,124 [omNode-2-impl-thread1] INFO  server.RaftServerConfigKeys (ConfUtils.java:logGet(46)) - raft.server.log.segment.cache.size.max = 200MB (=209715200) (default)
2025-04-24 14:04:08,124 [omNode-2-impl-thread1] INFO  server.RaftServerConfigKeys (ConfUtils.java:logGet(46)) - raft.server.log.appender.buffer.byte-limit = 4194304 (custom)
2025-04-24 14:04:08,124 [omNode-2-impl-thread1] INFO  util.AwaitToRun (AwaitToRun.java:start(81)) - Thread[#5950,omNode-2@group-523986131536-cacheEviction-AwaitToRun,5,main] started
2025-04-24 14:04:08,124 [omNode-2-impl-thread1] INFO  segmented.SegmentedRaftLogWorker (SegmentedRaftLogWorker.java:<init>(188)) - new omNode-2@group-523986131536-SegmentedRaftLogWorker for RaftStorageImpl:Storage Directory /home/runner/work/ozone/ozone/hadoop-ozone/integration-test/target/test-dir/MiniOzoneClusterImpl-4e6105ad-12bc-4f18-9d37-351d73277e17/omNode-2/ratis/c9bc4cf4-3bc3-3c60-a66b-523986131536
2025-04-24 14:04:08,124 [omNode-2-impl-thread1] INFO  server.RaftServerConfigKeys (ConfUtils.java:logGet(46)) - raft.server.log.queue.byte-limit = 64MB (=67108864) (default)
2025-04-24 14:04:08,124 [omNode-2-impl-thread1] INFO  server.RaftServerConfigKeys (ConfUtils.java:logGet(46)) - raft.server.log.queue.element-limit = 4096 (default)
2025-04-24 14:04:08,124 [omNode-2-impl-thread1] INFO  server.RaftServerConfigKeys (ConfUtils.java:logGet(46)) - raft.server.log.segment.size.max = 4194304 (custom)
2025-04-24 14:04:08,124 [omNode-2-impl-thread1] INFO  server.RaftServerConfigKeys (ConfUtils.java:logGet(46)) - raft.server.log.preallocated.size = 4194304 (custom)
2025-04-24 14:04:08,124 [omNode-2-impl-thread1] INFO  server.RaftServerConfigKeys (ConfUtils.java:logGet(46)) - raft.server.log.force.sync.num = 128 (default)
2025-04-24 14:04:08,124 [omNode-2-impl-thread1] INFO  server.RaftServerConfigKeys (ConfUtils.java:logGet(46)) - raft.server.log.statemachine.data.sync = true (default)
2025-04-24 14:04:08,124 [omNode-2-impl-thread1] INFO  server.RaftServerConfigKeys (ConfUtils.java:logGet(46)) - raft.server.log.statemachine.data.sync.timeout = 10s (default)
2025-04-24 14:04:08,125 [omNode-2-impl-thread1] INFO  server.RaftServerConfigKeys (ConfUtils.java:logGet(46)) - raft.server.log.statemachine.data.sync.timeout.retry = -1 (default)
2025-04-24 14:04:08,125 [omNode-2-impl-thread1] INFO  server.RaftServerConfigKeys (ConfUtils.java:logGet(46)) - raft.server.log.write.buffer.size = 4194312 (custom)
2025-04-24 14:04:08,125 [omNode-2-impl-thread1] INFO  server.RaftServerConfigKeys (ConfUtils.java:logGet(46)) - raft.server.log.appender.buffer.byte-limit = 4194304 (custom)
2025-04-24 14:04:08,125 [omNode-2-impl-thread1] INFO  server.RaftServerConfigKeys (ConfUtils.java:logGet(46)) - raft.server.log.unsafe-flush.enabled = false (default)
2025-04-24 14:04:08,125 [omNode-2-impl-thread1] INFO  server.RaftServerConfigKeys (ConfUtils.java:logGet(46)) - raft.server.log.async-flush.enabled = false (default)
2025-04-24 14:04:08,125 [omNode-2-impl-thread1] INFO  server.RaftServerConfigKeys (ConfUtils.java:logGet(46)) - raft.server.log.statemachine.data.caching.enabled = false (default)
2025-04-24 14:04:08,125 [omNode-2-impl-thread1] INFO  server.RaftServer$Division (ServerState.java:setRaftConf(386)) - omNode-2@group-523986131536: set configuration conf: {index: 106, cur=peers:[omNode-3|localhost:15017, omNode-1|localhost:15009, omNode-2|localhost:15013]|listeners:[], old=null}
2025-04-24 14:04:08,127 [omNode-2-impl-thread1] INFO  segmented.LogSegment (LogSegment.java:loadSegment(171)) - Successfully read 202 entries from segment file /home/runner/work/ozone/ozone/hadoop-ozone/integration-test/target/test-dir/MiniOzoneClusterImpl-4e6105ad-12bc-4f18-9d37-351d73277e17/omNode-2/ratis/c9bc4cf4-3bc3-3c60-a66b-523986131536/current/log_106-307
2025-04-24 14:04:08,127 [omNode-2-impl-thread1] INFO  server.RaftServer$Division (ServerState.java:setRaftConf(386)) - omNode-2@group-523986131536: set configuration conf: {index: 308, cur=peers:[omNode-3|localhost:15017, omNode-1|localhost:15009, omNode-2|localhost:15013]|listeners:[], old=null}
2025-04-24 14:04:08,127 [omNode-2-impl-thread1] INFO  segmented.LogSegment (LogSegment.java:loadSegment(171)) - Successfully read 2 entries from segment file /home/runner/work/ozone/ozone/hadoop-ozone/integration-test/target/test-dir/MiniOzoneClusterImpl-4e6105ad-12bc-4f18-9d37-351d73277e17/omNode-2/ratis/c9bc4cf4-3bc3-3c60-a66b-523986131536/current/log_inprogress_308
2025-04-24 14:04:08,127 [omNode-2-impl-thread1] INFO  segmented.SegmentedRaftLogWorker (SegmentedRaftLogWorker.java:lambda$new$0(139)) - omNode-2@group-523986131536-SegmentedRaftLogWorker: flushIndex: setUnconditionally 0 -> 309
2025-04-24 14:04:08,127 [omNode-2-impl-thread1] INFO  segmented.SegmentedRaftLogWorker (SegmentedRaftLogWorker.java:lambda$new$0(139)) - omNode-2@group-523986131536-SegmentedRaftLogWorker: safeCacheEvictIndex: setUnconditionally 0 -> 307
2025-04-24 14:04:08,127 [omNode-2-impl-thread1] INFO  segmented.BufferedWriteChannel (BufferedWriteChannel.java:open(61)) - open log_inprogress_308 (append) at position 128
2025-04-24 14:04:08,128 [omNode-2-impl-thread1] INFO  raftlog.RaftLog (RaftLogBase.java:lambda$new$0(54)) - omNode-2@group-523986131536-SegmentedRaftLog: purgeIndex: updateToMax old=-1, new=105, updated? true
2025-04-24 14:04:08,128 [omNode-2-impl-thread1] INFO  server.RaftServer$Division (RaftServerImpl.java:start(391)) - omNode-2@group-523986131536: start as a follower, conf=conf: {index: 308, cur=peers:[omNode-3|localhost:15017, omNode-1|localhost:15009, omNode-2|localhost:15013]|listeners:[], old=null}
2025-04-24 14:04:08,128 [omNode-2-impl-thread1] INFO  server.RaftServer$Division (RaftServerImpl.java:setRole(378)) - omNode-2@group-523986131536: changes role from      null to FOLLOWER at term 12 for startAsFollower
2025-04-24 14:04:08,128 [omNode-2-impl-thread1] INFO  impl.RoleInfo (RoleInfo.java:updateAndGet(148)) - omNode-2: start omNode-2@group-523986131536-FollowerState
2025-04-24 14:04:08,128 [omNode-2@group-523986131536-FollowerState] INFO  server.RaftServerConfigKeys (ConfUtils.java:logFallback(53)) - raft.server.rpc.first-election.timeout.min = 1s (fallback to raft.server.rpc.timeout.min)
2025-04-24 14:04:08,128 [omNode-2-impl-thread1] INFO  util.JmxRegister (JmxRegister.java:tryRegister(44)) - Successfully registered JMX Bean with object name Ratis:service=RaftServer,group=group-523986131536,id=omNode-2
2025-04-24 14:04:08,128 [omNode-2-impl-thread1] INFO  util.JmxRegister (JmxRegister.java:register(58)) - register mxBean class org.apache.ratis.server.impl.RaftServerJmxAdapter as Ratis:service=RaftServer,group=group-523986131536,id=omNode-2
2025-04-24 14:04:08,128 [omNode-2-impl-thread1] INFO  server.RaftServerConfigKeys (ConfUtils.java:logGet(46)) - raft.server.snapshot.trigger-when-stop.enabled = true (default)
2025-04-24 14:04:08,128 [omNode-2-impl-thread1] INFO  server.RaftServerConfigKeys (ConfUtils.java:logGet(46)) - raft.server.snapshot.trigger-when-remove.enabled = true (default)
2025-04-24 14:04:08,128 [omNode-2@group-523986131536-FollowerState] INFO  server.RaftServerConfigKeys (ConfUtils.java:logFallback(53)) - raft.server.rpc.first-election.timeout.max = 1200ms (fallback to raft.server.rpc.timeout.max)
2025-04-24 14:04:08,128 [omNode-2-impl-thread1] INFO  server.RaftServerConfigKeys (ConfUtils.java:logGet(46)) - raft.server.snapshot.auto.trigger.enabled = true (custom)
2025-04-24 14:04:08,128 [omNode-2-impl-thread1] INFO  server.RaftServerConfigKeys (ConfUtils.java:logGet(46)) - raft.server.snapshot.auto.trigger.threshold = 50 (custom)
2025-04-24 14:04:08,128 [omNode-2-impl-thread1] INFO  server.RaftServerConfigKeys (ConfUtils.java:logGet(46)) - raft.server.snapshot.retention.file.num = -1 (default)
2025-04-24 14:04:08,129 [omNode-2-impl-thread1] INFO  server.RaftServerConfigKeys (ConfUtils.java:logGet(46)) - raft.server.log.purge.upto.snapshot.index = true (custom)
2025-04-24 14:04:08,129 [omNode-2-impl-thread1] INFO  server.RaftServer$Division (RaftServerImpl.java:start(405)) - omNode-2@group-523986131536: Successfully started.
2025-04-24 14:04:08,129 [main] INFO  server.RaftServer (RaftServerProxy.java:startImpl(407)) - omNode-2: start RPC server
2025-04-24 14:04:08,130 [main] INFO  server.GrpcService (GrpcService.java:startImpl(334)) - omNode-2: GrpcService started, listening on 15013
2025-04-24 14:04:08,131 [main] INFO  om.OzoneManager (OzoneManager.java:getRpcServer(1360)) - Creating RPC Server
2025-04-24 14:04:08,131 [JvmPauseMonitor31] INFO  util.JvmPauseMonitor (JvmPauseMonitor.java:run(146)) - JvmPauseMonitor-omNode-2: Started
2025-04-24 14:04:08,212 [omNode-3@group-523986131536-FollowerState] INFO  impl.FollowerState (FollowerState.java:runImpl(161)) - omNode-3@group-523986131536-FollowerState: change to CANDIDATE, lastRpcElapsedTime:1022703612ns, electionTimeout:1021ms
2025-04-24 14:04:08,212 [omNode-3@group-523986131536-FollowerState] INFO  impl.RoleInfo (RoleInfo.java:shutdownFollowerState(121)) - omNode-3: shutdown omNode-3@group-523986131536-FollowerState
2025-04-24 14:04:08,212 [omNode-3@group-523986131536-FollowerState] INFO  server.RaftServer$Division (RaftServerImpl.java:setRole(378)) - omNode-3@group-523986131536: changes role from  FOLLOWER to CANDIDATE at term 11 for changeToCandidate
2025-04-24 14:04:08,212 [omNode-3@group-523986131536-FollowerState] INFO  server.RaftServerConfigKeys (ConfUtils.java:logGet(46)) - raft.server.leaderelection.pre-vote = true (default)
2025-04-24 14:04:08,212 [omNode-3@group-523986131536-FollowerState] INFO  impl.RoleInfo (RoleInfo.java:updateAndGet(148)) - omNode-3: start omNode-3@group-523986131536-LeaderElection28
2025-04-24 14:04:08,215 [omNode-3@group-523986131536-LeaderElection28] INFO  impl.LeaderElection (LeaderElection.java:askForVotes(332)) - omNode-3@group-523986131536-LeaderElection28 PRE_VOTE round 0: submit vote requests at term 11 for conf: {index: 106, cur=peers:[omNode-3|localhost:15017, omNode-1|localhost:15009, omNode-2|localhost:15013]|listeners:[], old=null}
2025-04-24 14:04:08,216 [omNode-3@group-523986131536-LeaderElection28-1] INFO  server.GrpcServerProtocolClient (GrpcServerProtocolClient.java:<init>(65)) - Build channel for omNode-1|localhost:15009
2025-04-24 14:04:08,218 [omNode-3@group-523986131536-LeaderElection28] INFO  server.RaftServerConfigKeys (ConfUtils.java:logFallback(53)) - raft.server.rpc.first-election.timeout.min = 1s (fallback to raft.server.rpc.timeout.min)
2025-04-24 14:04:08,218 [omNode-3@group-523986131536-LeaderElection28-2] INFO  server.GrpcServerProtocolClient (GrpcServerProtocolClient.java:<init>(65)) - Build channel for omNode-2|localhost:15013
2025-04-24 14:04:08,218 [omNode-3@group-523986131536-LeaderElection28] INFO  server.RaftServerConfigKeys (ConfUtils.java:logFallback(53)) - raft.server.rpc.first-election.timeout.max = 1200ms (fallback to raft.server.rpc.timeout.max)
2025-04-24 14:04:08,229 [grpc-default-executor-2] INFO  server.RaftServer$Division (RaftServerImpl.java:requestVote(1407)) - omNode-1@group-523986131536: receive requestVote(PRE_VOTE, omNode-3, group-523986131536, 11, (t:11, i:307))
2025-04-24 14:04:08,229 [grpc-default-executor-2] INFO  impl.VoteContext (VoteContext.java:log(49)) - omNode-1@group-523986131536-FOLLOWER: reject PRE_VOTE from omNode-3: our last entry (t:12, i:309) > candidate's last entry (t:11, i:307)
2025-04-24 14:04:08,229 [grpc-default-executor-2] INFO  server.RaftServer$Division (RaftServerImpl.java:requestVote(1441)) - omNode-1@group-523986131536 replies to PRE_VOTE vote request: omNode-3<-omNode-1#0:FAIL-t12. Peer's state: omNode-1@group-523986131536:t12, leader=null, voted=omNode-1, raftlog=Memoized:omNode-1@group-523986131536-SegmentedRaftLog:OPENED:c309:last(t:12, i:309), conf=conf: {index: 308, cur=peers:[omNode-3|localhost:15017, omNode-1|localhost:15009, omNode-2|localhost:15013]|listeners:[], old=null}
2025-04-24 14:04:08,233 [grpc-default-executor-4] INFO  server.RaftServer$Division (RaftServerImpl.java:requestVote(1407)) - omNode-2@group-523986131536: receive requestVote(PRE_VOTE, omNode-3, group-523986131536, 11, (t:11, i:307))
2025-04-24 14:04:08,233 [grpc-default-executor-4] INFO  impl.VoteContext (VoteContext.java:log(49)) - omNode-2@group-523986131536-FOLLOWER: reject PRE_VOTE from omNode-3: our last entry (t:12, i:309) > candidate's last entry (t:11, i:307)
2025-04-24 14:04:08,233 [grpc-default-executor-4] INFO  server.RaftServer$Division (RaftServerImpl.java:requestVote(1441)) - omNode-2@group-523986131536 replies to PRE_VOTE vote request: omNode-3<-omNode-2#0:FAIL-t12. Peer's state: omNode-2@group-523986131536:t12, leader=null, voted=omNode-1, raftlog=Memoized:omNode-2@group-523986131536-SegmentedRaftLog:OPENED:c309:last(t:12, i:309), conf=conf: {index: 308, cur=peers:[omNode-3|localhost:15017, omNode-1|localhost:15009, omNode-2|localhost:15013]|listeners:[], old=null}
2025-04-24 14:04:08,233 [omNode-3@group-523986131536-LeaderElection28] INFO  impl.LeaderElection (LeaderElection.java:logAndReturn(90)) - omNode-3@group-523986131536-LeaderElection28: PRE_VOTE DISCOVERED_A_NEW_TERM (term=12) received 1 response(s) and 0 exception(s):
2025-04-24 14:04:08,233 [omNode-3@group-523986131536-LeaderElection28] INFO  impl.LeaderElection (LeaderElection.java:logAndReturn(94)) -   Response 0: omNode-3<-omNode-1#0:FAIL-t12
2025-04-24 14:04:08,233 [omNode-3@group-523986131536-LeaderElection28] INFO  impl.LeaderElection (LeaderElection.java:askForVotes(334)) - omNode-3@group-523986131536-LeaderElection28 PRE_VOTE round 0: result DISCOVERED_A_NEW_TERM (term=12)
2025-04-24 14:04:08,233 [omNode-3@group-523986131536-LeaderElection28] INFO  server.RaftServer$Division (RaftServerImpl.java:setRole(378)) - omNode-3@group-523986131536: changes role from CANDIDATE to FOLLOWER at term 11 for DISCOVERED_A_NEW_TERM (term=12)
2025-04-24 14:04:08,233 [omNode-3@group-523986131536-LeaderElection28] INFO  impl.RoleInfo (RoleInfo.java:shutdownLeaderElection(141)) - omNode-3: shutdown omNode-3@group-523986131536-LeaderElection28
2025-04-24 14:04:08,233 [omNode-3@group-523986131536-LeaderElection28] INFO  impl.RoleInfo (RoleInfo.java:updateAndGet(148)) - omNode-3: start omNode-3@group-523986131536-FollowerState
2025-04-24 14:04:08,235 [omNode-3@group-523986131536-LeaderElection28] INFO  server.RaftServer$Division (RaftServerImpl.java:setFirstElection(562)) - omNode-3@group-523986131536: set firstElectionSinceStartup to false for DISCOVERED_A_NEW_TERM (term=12)
2025-04-24 14:04:08,529 [main] INFO  reflections.Reflections (Reflections.java:scan(219)) - Reflections took 398 ms to scan 22 urls, producing 61 keys and 7423 values
2025-04-24 14:04:08,530 [main] INFO  ipc.CallQueueManager (CallQueueManager.java:<init>(93)) - Using callQueue: class java.util.concurrent.LinkedBlockingQueue, queueCapacity: 2000, scheduler: class org.apache.hadoop.ipc.DefaultRpcScheduler, ipcBackoff: false, ipcFailOver: false.
2025-04-24 14:04:08,531 [main] INFO  ipc.Server (Server.java:<init>(1438)) - Listener at localhost:15010
2025-04-24 14:04:08,531 [Socket Reader #1 for port 15010] INFO  ipc.Server (Server.java:run(1474)) - Starting Socket Reader #1 for port 15010
2025-04-24 14:04:08,531 [Socket Reader #2 for port 15010] INFO  ipc.Server (Server.java:run(1474)) - Starting Socket Reader #2 for port 15010
2025-04-24 14:04:08,531 [Socket Reader #3 for port 15010] INFO  ipc.Server (Server.java:run(1474)) - Starting Socket Reader #3 for port 15010
2025-04-24 14:04:08,531 [Socket Reader #4 for port 15010] INFO  ipc.Server (Server.java:run(1474)) - Starting Socket Reader #4 for port 15010
2025-04-24 14:04:08,532 [Socket Reader #5 for port 15010] INFO  ipc.Server (Server.java:run(1474)) - Starting Socket Reader #5 for port 15010
2025-04-24 14:04:08,532 [Socket Reader #6 for port 15010] INFO  ipc.Server (Server.java:run(1474)) - Starting Socket Reader #6 for port 15010
2025-04-24 14:04:08,532 [Socket Reader #7 for port 15010] INFO  ipc.Server (Server.java:run(1474)) - Starting Socket Reader #7 for port 15010
2025-04-24 14:04:08,532 [Socket Reader #8 for port 15010] INFO  ipc.Server (Server.java:run(1474)) - Starting Socket Reader #8 for port 15010
2025-04-24 14:04:08,532 [Socket Reader #9 for port 15010] INFO  ipc.Server (Server.java:run(1474)) - Starting Socket Reader #9 for port 15010
2025-04-24 14:04:08,532 [Socket Reader #10 for port 15010] INFO  ipc.Server (Server.java:run(1474)) - Starting Socket Reader #10 for port 15010
2025-04-24 14:04:08,534 [main] INFO  http.BaseHttpServer (BaseHttpServer.java:newHttpServer2BuilderForOzone(229)) - Starting Web-server for ozoneManager at: http://0.0.0.0:15011
2025-04-24 14:04:08,534 [main] INFO  http.BaseHttpServer (BaseHttpServer.java:<init>(107)) - Hadoop Security Enabled: false Ozone Security Enabled: false Ozone HTTP Security Enabled: false 
2025-04-24 14:04:08,535 [main] WARN  server.AuthenticationFilter (AuthenticationFilter.java:constructSecretProvider(240)) - Unable to initialize FileSignerSecretProvider, falling back to use random secrets. Reason: Could not read signature secret file: /home/runner/hadoop-http-auth-signature-secret
2025-04-24 14:04:08,537 [main] INFO  http.HttpServer2 (HttpServer2.java:addGlobalFilter(1041)) - Added global filter 'safety' (class=org.apache.hadoop.hdds.server.http.HttpServer2$QuotingInputFilter)
2025-04-24 14:04:08,537 [main] INFO  http.HttpServer2 (HttpServer2.java:addFilter(1017)) - Added filter static_user_filter (class=org.apache.hadoop.http.lib.StaticUserWebFilter$StaticUserFilter) to context ozoneManager
2025-04-24 14:04:08,537 [main] INFO  http.HttpServer2 (HttpServer2.java:addFilter(1025)) - Added filter static_user_filter (class=org.apache.hadoop.http.lib.StaticUserWebFilter$StaticUserFilter) to context static
2025-04-24 14:04:08,537 [main] INFO  http.HttpServer2 (HttpServer2.java:addFilter(1025)) - Added filter static_user_filter (class=org.apache.hadoop.http.lib.StaticUserWebFilter$StaticUserFilter) to context logs
2025-04-24 14:04:08,538 [main] INFO  http.BaseHttpServer (BaseHttpServer.java:<init>(195)) - HTTP server of ozoneManager uses base directory /home/runner/work/ozone/ozone/hadoop-ozone/integration-test/target/test-dir/MiniOzoneClusterImpl-4e6105ad-12bc-4f18-9d37-351d73277e17/omNode-2/webserver
2025-04-24 14:04:08,538 [main] INFO  http.HttpServer2 (HttpServer2.java:bindListener(1241)) - Jetty bound to port 15011
2025-04-24 14:04:08,538 [main] INFO  server.Server (Server.java:doStart(375)) - jetty-9.4.57.v20241219; built: 2025-01-08T21:24:30.412Z; git: df524e6b29271c2e09ba9aea83c18dc9db464a31; jvm 21.0.7+6-LTS
2025-04-24 14:04:08,539 [main] INFO  server.session (DefaultSessionIdManager.java:doStart(334)) - DefaultSessionIdManager workerName=node0
2025-04-24 14:04:08,539 [main] INFO  server.session (DefaultSessionIdManager.java:doStart(339)) - No SessionScavenger set, using defaults
2025-04-24 14:04:08,540 [main] INFO  server.session (HouseKeeper.java:startScavenging(132)) - node0 Scavenging every 600000ms
2025-04-24 14:04:08,540 [main] INFO  handler.ContextHandler (ContextHandler.java:doStart(921)) - Started o.e.j.s.ServletContextHandler@2cfa2f35{logs,/logs,file:///home/runner/work/ozone/ozone/hadoop-ozone/integration-test/target/log,AVAILABLE}
2025-04-24 14:04:08,540 [main] INFO  handler.ContextHandler (ContextHandler.java:doStart(921)) - Started o.e.j.s.ServletContextHandler@5168b35{static,/static,file:///home/runner/work/ozone/ozone/hadoop-ozone/integration-test/target/test-classes/webapps/static,AVAILABLE}
2025-04-24 14:04:08,544 [main] INFO  handler.ContextHandler (ContextHandler.java:doStart(921)) - Started o.e.j.w.WebAppContext@54faea06{ozoneManager,/,file:///home/runner/work/ozone/ozone/hadoop-ozone/integration-test/target/test-classes/webapps/ozoneManager/,AVAILABLE}{file:/home/runner/work/ozone/ozone/hadoop-ozone/integration-test/target/test-classes/webapps/ozoneManager}
2025-04-24 14:04:08,544 [main] INFO  server.AbstractConnector (AbstractConnector.java:doStart(333)) - Started ServerConnector@2f133e1a{HTTP/1.1, (http/1.1)}{0.0.0.0:15011}
2025-04-24 14:04:08,544 [main] INFO  server.Server (Server.java:doStart(415)) - Started @129876ms
2025-04-24 14:04:08,544 [main] WARN  impl.MetricsSystemImpl (MetricsSystemImpl.java:register(279)) - Sink prometheus already exists!
2025-04-24 14:04:08,545 [main] INFO  http.BaseHttpServer (BaseHttpServer.java:updateConnectorAddress(360)) - HTTP server of ozoneManager listening at http://0.0.0.0:15011
2025-04-24 14:04:08,545 [IPC Server Responder] INFO  ipc.Server (Server.java:run(1713)) - IPC Server Responder: starting
2025-04-24 14:04:08,545 [IPC Server listener on 15010] INFO  ipc.Server (Server.java:run(1553)) - IPC Server listener on 15010: starting
2025-04-24 14:04:08,547 [main] INFO  om.OzoneManager (OzoneManager.java:startTrashEmptier(2257)) - Trash Interval set to 0. Files deleted won't move to trash
]]></system-out>
  </testcase>
  <testcase name="oneOMDown" classname="org.apache.hadoop.ozone.om.TestOzoneManagerHAWithStoppedNodes" time="12.971">
    <system-out><![CDATA[2025-04-24 14:04:08,838 [omNode-1@group-523986131536-FollowerState] INFO  impl.FollowerState (FollowerState.java:runImpl(161)) - omNode-1@group-523986131536-FollowerState: change to CANDIDATE, lastRpcElapsedTime:1179485563ns, electionTimeout:1179ms
2025-04-24 14:04:08,838 [omNode-1@group-523986131536-FollowerState] INFO  impl.RoleInfo (RoleInfo.java:shutdownFollowerState(121)) - omNode-1: shutdown omNode-1@group-523986131536-FollowerState
2025-04-24 14:04:08,838 [omNode-1@group-523986131536-FollowerState] INFO  server.RaftServer$Division (RaftServerImpl.java:setRole(378)) - omNode-1@group-523986131536: changes role from  FOLLOWER to CANDIDATE at term 12 for changeToCandidate
2025-04-24 14:04:08,838 [omNode-1@group-523986131536-FollowerState] INFO  server.RaftServerConfigKeys (ConfUtils.java:logGet(46)) - raft.server.leaderelection.pre-vote = true (default)
2025-04-24 14:04:08,838 [omNode-1@group-523986131536-FollowerState] INFO  impl.RoleInfo (RoleInfo.java:updateAndGet(148)) - omNode-1: start omNode-1@group-523986131536-LeaderElection29
2025-04-24 14:04:08,839 [omNode-1@group-523986131536-LeaderElection29] INFO  impl.LeaderElection (LeaderElection.java:askForVotes(332)) - omNode-1@group-523986131536-LeaderElection29 PRE_VOTE round 0: submit vote requests at term 12 for conf: {index: 308, cur=peers:[omNode-3|localhost:15017, omNode-1|localhost:15009, omNode-2|localhost:15013]|listeners:[], old=null}
2025-04-24 14:04:08,839 [omNode-1@group-523986131536-LeaderElection29-1] INFO  server.GrpcServerProtocolClient (GrpcServerProtocolClient.java:<init>(65)) - Build channel for omNode-3|localhost:15017
2025-04-24 14:04:08,839 [omNode-1@group-523986131536-LeaderElection29] INFO  server.RaftServerConfigKeys (ConfUtils.java:logFallback(53)) - raft.server.rpc.first-election.timeout.min = 1s (fallback to raft.server.rpc.timeout.min)
2025-04-24 14:04:08,840 [omNode-1@group-523986131536-LeaderElection29] INFO  server.RaftServerConfigKeys (ConfUtils.java:logFallback(53)) - raft.server.rpc.first-election.timeout.max = 1200ms (fallback to raft.server.rpc.timeout.max)
2025-04-24 14:04:08,840 [omNode-1@group-523986131536-LeaderElection29-2] INFO  server.GrpcServerProtocolClient (GrpcServerProtocolClient.java:<init>(65)) - Build channel for omNode-2|localhost:15013
2025-04-24 14:04:08,843 [grpc-default-executor-6] INFO  server.RaftServer$Division (RaftServerImpl.java:requestVote(1407)) - omNode-2@group-523986131536: receive requestVote(PRE_VOTE, omNode-1, group-523986131536, 12, (t:12, i:309))
2025-04-24 14:04:08,843 [grpc-default-executor-6] INFO  impl.VoteContext (VoteContext.java:log(49)) - omNode-2@group-523986131536-FOLLOWER: accept PRE_VOTE from omNode-1: our priority 0 <= candidate's priority 0
2025-04-24 14:04:08,844 [grpc-default-executor-6] INFO  server.RaftServer$Division (RaftServerImpl.java:requestVote(1441)) - omNode-2@group-523986131536 replies to PRE_VOTE vote request: omNode-1<-omNode-2#0:OK-t12. Peer's state: omNode-2@group-523986131536:t12, leader=null, voted=omNode-1, raftlog=Memoized:omNode-2@group-523986131536-SegmentedRaftLog:OPENED:c309:last(t:12, i:309), conf=conf: {index: 308, cur=peers:[omNode-3|localhost:15017, omNode-1|localhost:15009, omNode-2|localhost:15013]|listeners:[], old=null}
2025-04-24 14:04:08,844 [omNode-1@group-523986131536-LeaderElection29] INFO  impl.LeaderElection (LeaderElection.java:logAndReturn(90)) - omNode-1@group-523986131536-LeaderElection29: PRE_VOTE PASSED received 1 response(s) and 0 exception(s):
2025-04-24 14:04:08,845 [omNode-1@group-523986131536-LeaderElection29] INFO  impl.LeaderElection (LeaderElection.java:logAndReturn(94)) -   Response 0: omNode-1<-omNode-2#0:OK-t12
2025-04-24 14:04:08,845 [omNode-1@group-523986131536-LeaderElection29] INFO  impl.LeaderElection (LeaderElection.java:askForVotes(334)) - omNode-1@group-523986131536-LeaderElection29 PRE_VOTE round 0: result PASSED
2025-04-24 14:04:08,846 [omNode-1@group-523986131536-LeaderElection29] INFO  impl.LeaderElection (LeaderElection.java:askForVotes(332)) - omNode-1@group-523986131536-LeaderElection29 ELECTION round 0: submit vote requests at term 13 for conf: {index: 308, cur=peers:[omNode-3|localhost:15017, omNode-1|localhost:15009, omNode-2|localhost:15013]|listeners:[], old=null}
2025-04-24 14:04:08,848 [omNode-1@group-523986131536-LeaderElection29] INFO  server.RaftServerConfigKeys (ConfUtils.java:logFallback(53)) - raft.server.rpc.first-election.timeout.min = 1s (fallback to raft.server.rpc.timeout.min)
2025-04-24 14:04:08,848 [omNode-1@group-523986131536-LeaderElection29] INFO  server.RaftServerConfigKeys (ConfUtils.java:logFallback(53)) - raft.server.rpc.first-election.timeout.max = 1200ms (fallback to raft.server.rpc.timeout.max)
2025-04-24 14:04:08,849 [grpc-default-executor-2] INFO  server.RaftServer$Division (RaftServerImpl.java:requestVote(1407)) - omNode-2@group-523986131536: receive requestVote(ELECTION, omNode-1, group-523986131536, 13, (t:12, i:309))
2025-04-24 14:04:08,849 [grpc-default-executor-6] INFO  server.RaftServer$Division (RaftServerImpl.java:requestVote(1407)) - omNode-3@group-523986131536: receive requestVote(ELECTION, omNode-1, group-523986131536, 13, (t:12, i:309))
2025-04-24 14:04:08,850 [grpc-default-executor-6] INFO  impl.VoteContext (VoteContext.java:log(49)) - omNode-3@group-523986131536-FOLLOWER: accept ELECTION from omNode-1: our last entry (t:11, i:307) < candidate's last entry (t:12, i:309)
2025-04-24 14:04:08,849 [grpc-default-executor-2] INFO  impl.VoteContext (VoteContext.java:log(49)) - omNode-2@group-523986131536-FOLLOWER: accept ELECTION from omNode-1: our priority 0 <= candidate's priority 0
2025-04-24 14:04:08,850 [grpc-default-executor-6] INFO  server.RaftServer$Division (RaftServerImpl.java:setRole(378)) - omNode-3@group-523986131536: changes role from  FOLLOWER to FOLLOWER at term 12 for candidate:omNode-1
2025-04-24 14:04:08,850 [grpc-default-executor-6] INFO  impl.RoleInfo (RoleInfo.java:shutdownFollowerState(121)) - omNode-3: shutdown omNode-3@group-523986131536-FollowerState
2025-04-24 14:04:08,850 [grpc-default-executor-2] INFO  server.RaftServer$Division (RaftServerImpl.java:setRole(378)) - omNode-2@group-523986131536: changes role from  FOLLOWER to FOLLOWER at term 12 for candidate:omNode-1
2025-04-24 14:04:08,850 [grpc-default-executor-2] INFO  impl.RoleInfo (RoleInfo.java:shutdownFollowerState(121)) - omNode-2: shutdown omNode-2@group-523986131536-FollowerState
2025-04-24 14:04:08,850 [omNode-3@group-523986131536-FollowerState] INFO  impl.FollowerState (FollowerState.java:runImpl(170)) - omNode-3@group-523986131536-FollowerState was interrupted
2025-04-24 14:04:08,850 [grpc-default-executor-2] INFO  impl.RoleInfo (RoleInfo.java:updateAndGet(148)) - omNode-2: start omNode-2@group-523986131536-FollowerState
2025-04-24 14:04:08,850 [omNode-2@group-523986131536-FollowerState] INFO  impl.FollowerState (FollowerState.java:runImpl(170)) - omNode-2@group-523986131536-FollowerState was interrupted
2025-04-24 14:04:08,850 [grpc-default-executor-2] INFO  server.RaftServer$Division (RaftServerImpl.java:setFirstElection(562)) - omNode-2@group-523986131536: set firstElectionSinceStartup to false for candidate:omNode-1
2025-04-24 14:04:08,850 [grpc-default-executor-6] INFO  impl.RoleInfo (RoleInfo.java:updateAndGet(148)) - omNode-3: start omNode-3@group-523986131536-FollowerState
2025-04-24 14:04:08,851 [grpc-default-executor-2] INFO  server.RaftServer$Division (RaftServerImpl.java:requestVote(1441)) - omNode-2@group-523986131536 replies to ELECTION vote request: omNode-1<-omNode-2#0:OK-t13. Peer's state: omNode-2@group-523986131536:t13, leader=null, voted=omNode-1, raftlog=Memoized:omNode-2@group-523986131536-SegmentedRaftLog:OPENED:c309:last(t:12, i:309), conf=conf: {index: 308, cur=peers:[omNode-3|localhost:15017, omNode-1|localhost:15009, omNode-2|localhost:15013]|listeners:[], old=null}
2025-04-24 14:04:08,852 [grpc-default-executor-6] INFO  server.RaftServer$Division (RaftServerImpl.java:requestVote(1441)) - omNode-3@group-523986131536 replies to ELECTION vote request: omNode-1<-omNode-3#0:OK-t13. Peer's state: omNode-3@group-523986131536:t13, leader=null, voted=omNode-1, raftlog=Memoized:omNode-3@group-523986131536-SegmentedRaftLog:OPENED:c307:last(t:11, i:307), conf=conf: {index: 106, cur=peers:[omNode-3|localhost:15017, omNode-1|localhost:15009, omNode-2|localhost:15013]|listeners:[], old=null}
2025-04-24 14:04:08,852 [omNode-1@group-523986131536-LeaderElection29] INFO  impl.LeaderElection (LeaderElection.java:logAndReturn(90)) - omNode-1@group-523986131536-LeaderElection29: ELECTION PASSED received 1 response(s) and 0 exception(s):
2025-04-24 14:04:08,852 [omNode-1@group-523986131536-LeaderElection29] INFO  impl.LeaderElection (LeaderElection.java:logAndReturn(94)) -   Response 0: omNode-1<-omNode-2#0:OK-t13
2025-04-24 14:04:08,852 [omNode-1@group-523986131536-LeaderElection29] INFO  impl.LeaderElection (LeaderElection.java:askForVotes(334)) - omNode-1@group-523986131536-LeaderElection29 ELECTION round 0: result PASSED
2025-04-24 14:04:08,852 [omNode-1@group-523986131536-LeaderElection29] INFO  impl.RoleInfo (RoleInfo.java:shutdownLeaderElection(141)) - omNode-1: shutdown omNode-1@group-523986131536-LeaderElection29
2025-04-24 14:04:08,852 [omNode-1@group-523986131536-LeaderElection29] INFO  server.RaftServer$Division (RaftServerImpl.java:setRole(378)) - omNode-1@group-523986131536: changes role from CANDIDATE to LEADER at term 13 for changeToLeader
2025-04-24 14:04:08,852 [omNode-1@group-523986131536-LeaderElection29] INFO  server.RaftServerConfigKeys (ConfUtils.java:logGet(46)) - raft.server.staging.catchup.gap = 1000 (default)
2025-04-24 14:04:08,852 [omNode-1@group-523986131536-LeaderElection29] INFO  server.RaftServerConfigKeys (ConfUtils.java:logGet(46)) - raft.server.write.element-limit = 4096 (default)
2025-04-24 14:04:08,853 [omNode-1@group-523986131536-LeaderElection29] INFO  server.RaftServerConfigKeys (ConfUtils.java:logGet(46)) - raft.server.write.byte-limit = 64MB (=67108864) (default)
2025-04-24 14:04:08,853 [omNode-1@group-523986131536-LeaderElection29] INFO  server.RaftServerConfigKeys (ConfUtils.java:logGet(46)) - raft.server.watch.timeout = 10s (default)
2025-04-24 14:04:08,853 [omNode-1@group-523986131536-LeaderElection29] INFO  server.RaftServerConfigKeys (ConfUtils.java:logGet(46)) - raft.server.watch.timeout.denomination = 1s (default)
2025-04-24 14:04:08,853 [omNode-1@group-523986131536-LeaderElection29] INFO  server.RaftServerConfigKeys (ConfUtils.java:logGet(46)) - raft.server.watch.element-limit = 65536 (default)
2025-04-24 14:04:08,853 [omNode-1@group-523986131536-LeaderElection29] INFO  server.RaftServerConfigKeys (ConfUtils.java:logGet(46)) - raft.server.read.leader.lease.enabled = false (default)
2025-04-24 14:04:08,853 [omNode-1@group-523986131536-LeaderElection29] INFO  server.RaftServerConfigKeys (ConfUtils.java:logGet(46)) - raft.server.read.leader.lease.timeout.ratio = 0.9 (default)
2025-04-24 14:04:08,853 [omNode-1@group-523986131536-LeaderElection29] INFO  server.RaftServerConfigKeys (ConfUtils.java:logGet(46)) - raft.server.rpc.timeout.min = 1s (custom)
2025-04-24 14:04:08,854 [omNode-1@group-523986131536-LeaderElection29] INFO  server.RaftServerConfigKeys (ConfUtils.java:logGet(46)) - raft.server.log.log-metadata.enabled = true (default)
2025-04-24 14:04:08,854 [omNode-1@group-523986131536-LeaderElection29] INFO  server.RaftServerConfigKeys (ConfUtils.java:logGet(46)) - raft.server.write.element-limit = 4096 (default)
2025-04-24 14:04:08,854 [omNode-1@group-523986131536-LeaderElection29] INFO  server.RaftServerConfigKeys (ConfUtils.java:logGet(46)) - raft.server.write.follower.gap.ratio.max = -1.0 (default)
2025-04-24 14:04:08,854 [omNode-1@group-523986131536-LeaderElection29] INFO  server.RaftServerConfigKeys (ConfUtils.java:logGet(46)) - raft.server.log.appender.snapshot.chunk.size.max = 16MB (=16777216) (default)
2025-04-24 14:04:08,854 [omNode-1@group-523986131536-LeaderElection29] INFO  server.RaftServerConfigKeys (ConfUtils.java:logGet(46)) - raft.server.log.appender.buffer.byte-limit = 4194304 (custom)
2025-04-24 14:04:08,854 [omNode-1@group-523986131536-LeaderElection29] INFO  server.RaftServerConfigKeys (ConfUtils.java:logGet(46)) - raft.server.log.appender.buffer.element-limit = 1024 (custom)
2025-04-24 14:04:08,854 [omNode-1@group-523986131536-LeaderElection29] INFO  server.RaftServerConfigKeys (ConfUtils.java:logGet(46)) - raft.server.log.appender.wait-time.min = 0ms (custom)
2025-04-24 14:04:08,854 [omNode-1@group-523986131536-LeaderElection29] INFO  grpc.GrpcConfigKeys (ConfUtils.java:logGet(46)) - raft.grpc.server.leader.outstanding.appends.max = 8 (default)
2025-04-24 14:04:08,854 [omNode-1@group-523986131536-LeaderElection29] INFO  server.RaftServerConfigKeys (ConfUtils.java:logGet(46)) - raft.server.rpc.request.timeout = 3000ms (default)
2025-04-24 14:04:08,854 [omNode-1@group-523986131536-LeaderElection29] INFO  grpc.GrpcConfigKeys (ConfUtils.java:logGet(46)) - raft.grpc.server.install_snapshot.request.element-limit = 8 (default)
2025-04-24 14:04:08,854 [omNode-1@group-523986131536-LeaderElection29] INFO  grpc.GrpcConfigKeys (ConfUtils.java:logGet(46)) - raft.grpc.server.install_snapshot.request.timeout = 3000ms (default)
2025-04-24 14:04:08,854 [omNode-1@group-523986131536-LeaderElection29] INFO  grpc.GrpcConfigKeys (ConfUtils.java:logGet(46)) - raft.grpc.server.log-message.batch.duration = 5s (default)
2025-04-24 14:04:08,854 [omNode-1@group-523986131536-LeaderElection29] INFO  server.RaftServerConfigKeys (ConfUtils.java:logGet(46)) - raft.server.log.appender.install.snapshot.enabled = false (custom)
2025-04-24 14:04:08,854 [omNode-1@group-523986131536-LeaderElection29] INFO  grpc.GrpcConfigKeys (ConfUtils.java:logGet(46)) - raft.grpc.server.heartbeat.channel = true (default)
2025-04-24 14:04:08,855 [omNode-1@group-523986131536-LeaderElection29] INFO  server.RaftServerConfigKeys (ConfUtils.java:logGet(46)) - raft.server.log.appender.snapshot.chunk.size.max = 16MB (=16777216) (default)
2025-04-24 14:04:08,855 [omNode-1@group-523986131536-LeaderElection29] INFO  server.RaftServerConfigKeys (ConfUtils.java:logGet(46)) - raft.server.log.appender.buffer.byte-limit = 4194304 (custom)
2025-04-24 14:04:08,855 [omNode-1@group-523986131536-LeaderElection29] INFO  server.RaftServerConfigKeys (ConfUtils.java:logGet(46)) - raft.server.log.appender.buffer.element-limit = 1024 (custom)
2025-04-24 14:04:08,855 [omNode-1@group-523986131536-LeaderElection29] INFO  server.RaftServerConfigKeys (ConfUtils.java:logGet(46)) - raft.server.log.appender.wait-time.min = 0ms (custom)
2025-04-24 14:04:08,855 [omNode-1@group-523986131536-LeaderElection29] INFO  grpc.GrpcConfigKeys (ConfUtils.java:logGet(46)) - raft.grpc.server.leader.outstanding.appends.max = 8 (default)
2025-04-24 14:04:08,855 [omNode-1@group-523986131536-LeaderElection29] INFO  server.RaftServerConfigKeys (ConfUtils.java:logGet(46)) - raft.server.rpc.request.timeout = 3000ms (default)
2025-04-24 14:04:08,855 [omNode-1@group-523986131536-LeaderElection29] INFO  grpc.GrpcConfigKeys (ConfUtils.java:logGet(46)) - raft.grpc.server.install_snapshot.request.element-limit = 8 (default)
2025-04-24 14:04:08,855 [omNode-1@group-523986131536-LeaderElection29] INFO  grpc.GrpcConfigKeys (ConfUtils.java:logGet(46)) - raft.grpc.server.install_snapshot.request.timeout = 3000ms (default)
2025-04-24 14:04:08,855 [omNode-1@group-523986131536-LeaderElection29] INFO  grpc.GrpcConfigKeys (ConfUtils.java:logGet(46)) - raft.grpc.server.log-message.batch.duration = 5s (default)
2025-04-24 14:04:08,855 [omNode-1@group-523986131536-LeaderElection29] INFO  server.RaftServerConfigKeys (ConfUtils.java:logGet(46)) - raft.server.log.appender.install.snapshot.enabled = false (custom)
2025-04-24 14:04:08,855 [omNode-1@group-523986131536-LeaderElection29] INFO  grpc.GrpcConfigKeys (ConfUtils.java:logGet(46)) - raft.grpc.server.heartbeat.channel = true (default)
2025-04-24 14:04:08,855 [omNode-1@group-523986131536-LeaderElection29] INFO  impl.RoleInfo (RoleInfo.java:updateAndGet(148)) - omNode-1: start omNode-1@group-523986131536-LeaderStateImpl
2025-04-24 14:04:08,855 [omNode-1@group-523986131536-LeaderElection29] INFO  server.RaftServer$Division (RaftServerImpl.java:setFirstElection(562)) - omNode-1@group-523986131536: set firstElectionSinceStartup to false for becomeLeader
2025-04-24 14:04:08,856 [omNode-1@group-523986131536-LeaderElection29] INFO  ratis.OzoneManagerStateMachine (OzoneManagerStateMachine.java:notifyLeaderChanged(169)) - omNode-1@group-523986131536: leader changed to omNode-1
2025-04-24 14:04:08,856 [omNode-1@group-523986131536-LeaderElection29] INFO  server.RaftServer$Division (ServerState.java:setLeader(272)) - omNode-1@group-523986131536: change Leader from null to omNode-1 at term 13 for becomeLeader, leader elected after 1207ms
2025-04-24 14:04:08,856 [omNode-1@group-523986131536-LeaderElection29] INFO  segmented.SegmentedRaftLogWorker (SegmentedRaftLogWorker.java:rollLogSegment(443)) - omNode-1@group-523986131536-SegmentedRaftLogWorker: Rolling segment log-308_309 to index:309
2025-04-24 14:04:08,856 [omNode-1@group-523986131536-LeaderElection29] INFO  server.RaftServer$Division (ServerState.java:setRaftConf(386)) - omNode-1@group-523986131536: set configuration conf: {index: 310, cur=peers:[omNode-3|localhost:15017, omNode-1|localhost:15009, omNode-2|localhost:15013]|listeners:[], old=null}
2025-04-24 14:04:08,856 [omNode-1@group-523986131536-SegmentedRaftLogWorker] INFO  segmented.SegmentedRaftLogWorker (SegmentedRaftLogWorker.java:execute(601)) - omNode-1@group-523986131536-SegmentedRaftLogWorker: Rolled log segment from /home/runner/work/ozone/ozone/hadoop-ozone/integration-test/target/test-dir/MiniOzoneClusterImpl-4e6105ad-12bc-4f18-9d37-351d73277e17/omNode-1/ratis/c9bc4cf4-3bc3-3c60-a66b-523986131536/current/log_inprogress_308 to /home/runner/work/ozone/ozone/hadoop-ozone/integration-test/target/test-dir/MiniOzoneClusterImpl-4e6105ad-12bc-4f18-9d37-351d73277e17/omNode-1/ratis/c9bc4cf4-3bc3-3c60-a66b-523986131536/current/log_308-309
2025-04-24 14:04:08,856 [omNode-1@group-523986131536-SegmentedRaftLogWorker] INFO  segmented.BufferedWriteChannel (BufferedWriteChannel.java:open(61)) - open log_inprogress_310 at position 0
2025-04-24 14:04:08,860 [omNode-2-server-thread2] INFO  ratis.OzoneManagerStateMachine (OzoneManagerStateMachine.java:notifyLeaderChanged(169)) - omNode-2@group-523986131536: leader changed to omNode-1
2025-04-24 14:04:08,860 [omNode-2-server-thread2] INFO  server.RaftServer$Division (ServerState.java:setLeader(272)) - omNode-2@group-523986131536: change Leader from null to omNode-1 at term 13 for appendEntries, leader elected after 742ms
2025-04-24 14:04:08,861 [omNode-2-server-thread2] INFO  server.RaftServer$Division (ServerState.java:setRaftConf(386)) - omNode-2@group-523986131536: set configuration conf: {index: 310, cur=peers:[omNode-3|localhost:15017, omNode-1|localhost:15009, omNode-2|localhost:15013]|listeners:[], old=null}
2025-04-24 14:04:08,861 [omNode-2-server-thread2] INFO  segmented.SegmentedRaftLogWorker (SegmentedRaftLogWorker.java:rollLogSegment(443)) - omNode-2@group-523986131536-SegmentedRaftLogWorker: Rolling segment log-308_309 to index:309
2025-04-24 14:04:08,861 [omNode-2@group-523986131536-SegmentedRaftLogWorker] INFO  segmented.SegmentedRaftLogWorker (SegmentedRaftLogWorker.java:execute(601)) - omNode-2@group-523986131536-SegmentedRaftLogWorker: Rolled log segment from /home/runner/work/ozone/ozone/hadoop-ozone/integration-test/target/test-dir/MiniOzoneClusterImpl-4e6105ad-12bc-4f18-9d37-351d73277e17/omNode-2/ratis/c9bc4cf4-3bc3-3c60-a66b-523986131536/current/log_inprogress_308 to /home/runner/work/ozone/ozone/hadoop-ozone/integration-test/target/test-dir/MiniOzoneClusterImpl-4e6105ad-12bc-4f18-9d37-351d73277e17/omNode-2/ratis/c9bc4cf4-3bc3-3c60-a66b-523986131536/current/log_308-309
2025-04-24 14:04:08,861 [omNode-2@group-523986131536-SegmentedRaftLogWorker] INFO  segmented.BufferedWriteChannel (BufferedWriteChannel.java:open(61)) - open log_inprogress_310 at position 0
2025-04-24 14:04:08,864 [omNode-3-server-thread1] INFO  ratis.OzoneManagerStateMachine (OzoneManagerStateMachine.java:notifyLeaderChanged(169)) - omNode-3@group-523986131536: leader changed to omNode-1
2025-04-24 14:04:08,864 [omNode-3-server-thread1] INFO  server.RaftServer$Division (ServerState.java:setLeader(272)) - omNode-3@group-523986131536: change Leader from null to omNode-1 at term 13 for appendEntries, leader elected after 1686ms
2025-04-24 14:04:08,865 [omNode-3-server-thread1] INFO  server.RaftServer$Division (RaftServerImpl.java:checkInconsistentAppendEntries(1648)) - omNode-3@group-523986131536: Failed appendEntries as previous log entry ((t:12, i:309)) is not found
2025-04-24 14:04:08,865 [omNode-3-server-thread1] INFO  server.RaftServer$Division (RaftServerImpl.java:appendEntriesAsync(1580)) - omNode-3@group-523986131536: appendEntries* reply omNode-1<-omNode-3#0:FAIL-t13,INCONSISTENCY,nextIndex=308,followerCommit=307,matchIndex=-1
2025-04-24 14:04:08,866 [grpc-default-executor-2] WARN  server.GrpcLogAppender (GrpcLogAppender.java:onNextImpl(519)) - omNode-1@group-523986131536->omNode-3-AppendLogResponseHandler: received INCONSISTENCY reply with nextIndex 308, errorCount=1, request=AppendEntriesRequest:cid=0,entriesCount=0
2025-04-24 14:04:08,866 [grpc-default-executor-2] INFO  leader.FollowerInfo (FollowerInfoImpl.java:info(70)) - omNode-1@group-523986131536->omNode-3: setNextIndex nextIndex: updateUnconditionally 311 -> 308
2025-04-24 14:04:08,866 [omNode-3-server-thread1] INFO  server.RaftServer$Division (RaftServerImpl.java:checkInconsistentAppendEntries(1648)) - omNode-3@group-523986131536: Failed appendEntries as previous log entry ((t:12, i:309)) is not found
2025-04-24 14:04:08,866 [omNode-3-server-thread1] INFO  server.RaftServer$Division (RaftServerImpl.java:appendEntriesAsync(1580)) - omNode-3@group-523986131536: appendEntries* reply omNode-1<-omNode-3#1:FAIL-t13,INCONSISTENCY,nextIndex=308,followerCommit=307,matchIndex=-1
2025-04-24 14:04:08,867 [grpc-default-executor-2] WARN  server.GrpcLogAppender (GrpcLogAppender.java:onNextImpl(519)) - omNode-1@group-523986131536->omNode-3-AppendLogResponseHandler: received INCONSISTENCY reply with nextIndex 308, errorCount=2, request=null
2025-04-24 14:04:08,867 [grpc-default-executor-2] INFO  leader.FollowerInfo (FollowerInfoImpl.java:info(70)) - omNode-1@group-523986131536->omNode-3: setNextIndex nextIndex: updateUnconditionally 311 -> 308
2025-04-24 14:04:08,867 [omNode-3-server-thread1] INFO  server.RaftServer$Division (ServerState.java:setRaftConf(386)) - omNode-3@group-523986131536: set configuration conf: {index: 308, cur=peers:[omNode-3|localhost:15017, omNode-1|localhost:15009, omNode-2|localhost:15013]|listeners:[], old=null}
2025-04-24 14:04:08,867 [omNode-3-server-thread1] INFO  server.RaftServer$Division (ServerState.java:setRaftConf(386)) - omNode-3@group-523986131536: set configuration conf: {index: 310, cur=peers:[omNode-3|localhost:15017, omNode-1|localhost:15009, omNode-2|localhost:15013]|listeners:[], old=null}
2025-04-24 14:04:08,867 [omNode-3-server-thread1] INFO  segmented.SegmentedRaftLogWorker (SegmentedRaftLogWorker.java:rollLogSegment(443)) - omNode-3@group-523986131536-SegmentedRaftLogWorker: Rolling segment log-106_307 to index:307
2025-04-24 14:04:08,868 [omNode-3-server-thread1] INFO  segmented.SegmentedRaftLogWorker (SegmentedRaftLogWorker.java:rollLogSegment(443)) - omNode-3@group-523986131536-SegmentedRaftLogWorker: Rolling segment log-308_309 to index:309
2025-04-24 14:04:08,868 [omNode-3-server-thread1] INFO  server.RaftServer$Division (ServerState.java:setRaftConf(386)) - omNode-3@group-523986131536: set configuration conf: {index: 308, cur=peers:[omNode-3|localhost:15017, omNode-1|localhost:15009, omNode-2|localhost:15013]|listeners:[], old=null}
2025-04-24 14:04:08,868 [omNode-3-server-thread1] INFO  server.RaftServer$Division (ServerState.java:setRaftConf(386)) - omNode-3@group-523986131536: set configuration conf: {index: 310, cur=peers:[omNode-3|localhost:15017, omNode-1|localhost:15009, omNode-2|localhost:15013]|listeners:[], old=null}
2025-04-24 14:04:08,871 [omNode-3@group-523986131536-SegmentedRaftLogWorker] INFO  segmented.SegmentedRaftLogWorker (SegmentedRaftLogWorker.java:execute(601)) - omNode-3@group-523986131536-SegmentedRaftLogWorker: Rolled log segment from /home/runner/work/ozone/ozone/hadoop-ozone/integration-test/target/test-dir/MiniOzoneClusterImpl-4e6105ad-12bc-4f18-9d37-351d73277e17/omNode-3/ratis/c9bc4cf4-3bc3-3c60-a66b-523986131536/current/log_inprogress_106 to /home/runner/work/ozone/ozone/hadoop-ozone/integration-test/target/test-dir/MiniOzoneClusterImpl-4e6105ad-12bc-4f18-9d37-351d73277e17/omNode-3/ratis/c9bc4cf4-3bc3-3c60-a66b-523986131536/current/log_106-307
2025-04-24 14:04:08,871 [omNode-1@group-523986131536-SegmentedRaftLogWorker] INFO  segmented.SegmentedRaftLogWorker (SegmentedRaftLogWorker.java:execute(644)) - omNode-1@group-523986131536-SegmentedRaftLogWorker: created new log segment /home/runner/work/ozone/ozone/hadoop-ozone/integration-test/target/test-dir/MiniOzoneClusterImpl-4e6105ad-12bc-4f18-9d37-351d73277e17/omNode-1/ratis/c9bc4cf4-3bc3-3c60-a66b-523986131536/current/log_inprogress_310
2025-04-24 14:04:08,871 [omNode-3@group-523986131536-SegmentedRaftLogWorker] INFO  segmented.BufferedWriteChannel (BufferedWriteChannel.java:open(61)) - open log_inprogress_308 at position 0
2025-04-24 14:04:08,872 [omNode-2@group-523986131536-SegmentedRaftLogWorker] INFO  segmented.SegmentedRaftLogWorker (SegmentedRaftLogWorker.java:execute(644)) - omNode-2@group-523986131536-SegmentedRaftLogWorker: created new log segment /home/runner/work/ozone/ozone/hadoop-ozone/integration-test/target/test-dir/MiniOzoneClusterImpl-4e6105ad-12bc-4f18-9d37-351d73277e17/omNode-2/ratis/c9bc4cf4-3bc3-3c60-a66b-523986131536/current/log_inprogress_310
2025-04-24 14:04:08,874 [omNode-1@group-523986131536-StateMachineUpdater] INFO  ratis.OzoneManagerStateMachine (OzoneManagerStateMachine.java:notifyConfigurationChanged(231)) - notifyConfigurationChanged from Ratis: term=13, index=310, New Peer list: omNode-3(localhost:15017), omNode-1(localhost:15009), omNode-2(localhost:15013)
2025-04-24 14:04:08,874 [omNode-1@group-523986131536-StateMachineUpdater] INFO  server.RaftServer$Division (LeaderStateImpl.java:checkStartIndex(313)) - Leader omNode-1@group-523986131536-LeaderStateImpl is ready since appliedIndex == startIndex == 310
2025-04-24 14:04:08,875 [omNode-2@group-523986131536-StateMachineUpdater] INFO  ratis.OzoneManagerStateMachine (OzoneManagerStateMachine.java:notifyConfigurationChanged(231)) - notifyConfigurationChanged from Ratis: term=13, index=310, New Peer list: omNode-3(localhost:15017), omNode-1(localhost:15009), omNode-2(localhost:15013)
2025-04-24 14:04:08,880 [omNode-3@group-523986131536-SegmentedRaftLogWorker] INFO  segmented.SegmentedRaftLogWorker (SegmentedRaftLogWorker.java:execute(644)) - omNode-3@group-523986131536-SegmentedRaftLogWorker: created new log segment /home/runner/work/ozone/ozone/hadoop-ozone/integration-test/target/test-dir/MiniOzoneClusterImpl-4e6105ad-12bc-4f18-9d37-351d73277e17/omNode-3/ratis/c9bc4cf4-3bc3-3c60-a66b-523986131536/current/log_inprogress_308
2025-04-24 14:04:08,881 [omNode-3@group-523986131536-SegmentedRaftLogWorker] INFO  segmented.SegmentedRaftLogWorker (SegmentedRaftLogWorker.java:execute(601)) - omNode-3@group-523986131536-SegmentedRaftLogWorker: Rolled log segment from /home/runner/work/ozone/ozone/hadoop-ozone/integration-test/target/test-dir/MiniOzoneClusterImpl-4e6105ad-12bc-4f18-9d37-351d73277e17/omNode-3/ratis/c9bc4cf4-3bc3-3c60-a66b-523986131536/current/log_inprogress_308 to /home/runner/work/ozone/ozone/hadoop-ozone/integration-test/target/test-dir/MiniOzoneClusterImpl-4e6105ad-12bc-4f18-9d37-351d73277e17/omNode-3/ratis/c9bc4cf4-3bc3-3c60-a66b-523986131536/current/log_308-309
2025-04-24 14:04:08,881 [omNode-3@group-523986131536-SegmentedRaftLogWorker] INFO  segmented.BufferedWriteChannel (BufferedWriteChannel.java:open(61)) - open log_inprogress_310 at position 0
2025-04-24 14:04:08,889 [omNode-3@group-523986131536-SegmentedRaftLogWorker] INFO  segmented.SegmentedRaftLogWorker (SegmentedRaftLogWorker.java:execute(644)) - omNode-3@group-523986131536-SegmentedRaftLogWorker: created new log segment /home/runner/work/ozone/ozone/hadoop-ozone/integration-test/target/test-dir/MiniOzoneClusterImpl-4e6105ad-12bc-4f18-9d37-351d73277e17/omNode-3/ratis/c9bc4cf4-3bc3-3c60-a66b-523986131536/current/log_inprogress_310
2025-04-24 14:04:08,891 [omNode-3@group-523986131536-StateMachineUpdater] INFO  ratis.OzoneManagerStateMachine (OzoneManagerStateMachine.java:notifyConfigurationChanged(231)) - notifyConfigurationChanged from Ratis: term=12, index=308, New Peer list: omNode-3(localhost:15017), omNode-1(localhost:15009), omNode-2(localhost:15013)
2025-04-24 14:04:08,892 [omNode-3@group-523986131536-StateMachineUpdater] INFO  ratis.OzoneManagerStateMachine (OzoneManagerStateMachine.java:notifyConfigurationChanged(231)) - notifyConfigurationChanged from Ratis: term=13, index=310, New Peer list: omNode-3(localhost:15017), omNode-1(localhost:15009), omNode-2(localhost:15013)
2025-04-24 14:04:08,950 [main] INFO  om.OzoneManager (OzoneManager.java:stop(2347)) - omNode-1[localhost:15006]: Stopping Ozone Manager
2025-04-24 14:04:08,950 [main] INFO  ipc.Server (Server.java:stop(3697)) - Stopping server on 15006
2025-04-24 14:04:08,952 [IPC Server listener on 15006] INFO  ipc.Server (Server.java:run(1585)) - Stopping IPC Server listener on 15006
2025-04-24 14:04:08,952 [IPC Server Responder] INFO  ipc.Server (Server.java:run(1718)) - Stopping IPC Server Responder
2025-04-24 14:04:08,952 [main] INFO  ratis.OzoneManagerRatisServer (OzoneManagerRatisServer.java:stop(634)) - Stopping org.apache.hadoop.ozone.om.ratis.OzoneManagerRatisServer@71d9ab87 at port 15009
2025-04-24 14:04:08,952 [main] INFO  server.RaftServer (RaftServerProxy.java:lambda$close$9(417)) - omNode-1: close
2025-04-24 14:04:08,952 [main] INFO  server.GrpcService (GrpcService.java:closeImpl(343)) - omNode-1: shutdown server GrpcServerProtocolService now
2025-04-24 14:04:08,952 [omNode-1-impl-thread1] INFO  server.RaftServer$Division (RaftServerImpl.java:lambda$close$1(513)) - omNode-1@group-523986131536: shutdown
2025-04-24 14:04:08,953 [omNode-1-impl-thread1] INFO  util.JmxRegister (JmxRegister.java:unregister(74)) - Successfully un-registered JMX Bean with object name Ratis:service=RaftServer,group=group-523986131536,id=omNode-1
2025-04-24 14:04:08,953 [omNode-1-impl-thread1] INFO  impl.RoleInfo (RoleInfo.java:shutdownLeaderState(103)) - omNode-1: shutdown omNode-1@group-523986131536-LeaderStateImpl
2025-04-24 14:04:08,953 [omNode-1-impl-thread1] INFO  impl.PendingRequests (PendingRequests.java:sendNotLeaderResponses(287)) - omNode-1@group-523986131536-PendingRequests: sendNotLeaderResponses
2025-04-24 14:04:08,953 [Thread-5255] INFO  server.GrpcServerProtocolClient (GrpcServerProtocolClient.java:close(105)) - omNode-3 Close channels
2025-04-24 14:04:08,954 [Thread-5257] INFO  server.GrpcServerProtocolClient (GrpcServerProtocolClient.java:close(105)) - omNode-2 Close channels
2025-04-24 14:04:08,954 [omNode-1@group-523986131536->omNode-2-GrpcLogAppender-LogAppenderDaemon] WARN  server.GrpcLogAppender (GrpcLogAppender.java:mayWait(293)) - omNode-1@group-523986131536->omNode-2-GrpcLogAppender: Wait interrupted by java.lang.InterruptedException
2025-04-24 14:04:08,954 [omNode-1@group-523986131536->omNode-3-GrpcLogAppender-LogAppenderDaemon] WARN  server.GrpcLogAppender (GrpcLogAppender.java:mayWait(293)) - omNode-1@group-523986131536->omNode-3-GrpcLogAppender: Wait interrupted by java.lang.InterruptedException
2025-04-24 14:04:08,954 [grpc-default-executor-2] INFO  server.GrpcServerProtocolService (GrpcServerProtocolService.java:onCompleted(157)) - omNode-2: Completed APPEND_ENTRIES, lastRequest: omNode-1->omNode-2#2-t13,previous=(t:13, i:310),leaderCommit=310,initializing? false,entries: size=1, first=(t:13, i:311), METADATAENTRY(c:310)
2025-04-24 14:04:08,954 [omNode-1-impl-thread1] INFO  impl.StateMachineUpdater (StateMachineUpdater.java:stopAndJoin(164)) - omNode-1@group-523986131536-StateMachineUpdater: set stopIndex = 311
2025-04-24 14:04:08,954 [grpc-default-executor-4] INFO  server.GrpcServerProtocolService (GrpcServerProtocolService.java:onCompleted(157)) - omNode-3: Completed APPEND_ENTRIES, lastRequest: null
2025-04-24 14:04:08,955 [grpc-default-executor-1] INFO  server.GrpcServerProtocolService (GrpcServerProtocolService.java:onCompleted(157)) - omNode-3: Completed APPEND_ENTRIES, lastRequest: omNode-1->omNode-3#5-t13,previous=(t:13, i:310),leaderCommit=310,initializing? false,entries: size=1, first=(t:13, i:311), METADATAENTRY(c:310)
2025-04-24 14:04:08,955 [grpc-default-executor-1] INFO  server.GrpcServerProtocolService (GrpcServerProtocolService.java:lambda$onCompleted$5(159)) - omNode-3: Completed APPEND_ENTRIES, lastReply: null
2025-04-24 14:04:08,954 [grpc-default-executor-2] INFO  server.GrpcServerProtocolService (GrpcServerProtocolService.java:lambda$onCompleted$5(159)) - omNode-2: Completed APPEND_ENTRIES, lastReply: null
2025-04-24 14:04:08,955 [grpc-default-executor-4] INFO  server.GrpcServerProtocolService (GrpcServerProtocolService.java:lambda$onCompleted$5(159)) - omNode-3: Completed APPEND_ENTRIES, lastReply: serverReply {
  requestorId: "omNode-1"
  replyId: "omNode-3"
  raftGroupId {
    id: "\311\274L\364;\303<`\246kR9\206\023\0256"
  }
}
term: 13
nextIndex: 308
result: INCONSISTENCY
followerCommit: 307
matchIndex: 18446744073709551615
isHearbeat: true

2025-04-24 14:04:08,956 [grpc-default-executor-1] INFO  server.GrpcServerProtocolService (GrpcServerProtocolService.java:onCompleted(157)) - omNode-2: Completed APPEND_ENTRIES, lastRequest: null
2025-04-24 14:04:08,956 [grpc-default-executor-4] INFO  server.GrpcLogAppender (GrpcLogAppender.java:onCompleted(550)) - omNode-1@group-523986131536->omNode-3-AppendLogResponseHandler: follower responses appendEntries COMPLETED
2025-04-24 14:04:08,956 [grpc-default-executor-4] WARN  server.GrpcLogAppender (GrpcLogAppender.java:resetClient(230)) - omNode-1@group-523986131536->omNode-3-GrpcLogAppender: Failed to getClient for omNode-3
org.apache.ratis.protocol.exceptions.AlreadyClosedException: omNode-1 is already CLOSED
	at org.apache.ratis.util.PeerProxyMap$PeerAndProxy.getProxy(PeerProxyMap.java:67)
	at org.apache.ratis.util.PeerProxyMap.getProxy(PeerProxyMap.java:124)
	at org.apache.ratis.grpc.server.GrpcLogAppender.getClient(GrpcLogAppender.java:200)
	at org.apache.ratis.grpc.server.GrpcLogAppender.resetClient(GrpcLogAppender.java:205)
	at org.apache.ratis.grpc.server.GrpcLogAppender.access$800(GrpcLogAppender.java:64)
	at org.apache.ratis.grpc.server.GrpcLogAppender$AppendLogResponseHandler.onCompleted(GrpcLogAppender.java:551)
	at org.apache.ratis.thirdparty.io.grpc.stub.ClientCalls$StreamObserverToCallListenerAdapter.onClose(ClientCalls.java:479)
	at org.apache.ratis.thirdparty.io.grpc.internal.ClientCallImpl.closeObserver(ClientCallImpl.java:567)
	at org.apache.ratis.thirdparty.io.grpc.internal.ClientCallImpl.access$300(ClientCallImpl.java:71)
	at org.apache.ratis.thirdparty.io.grpc.internal.ClientCallImpl$ClientStreamListenerImpl$1StreamClosed.runInternal(ClientCallImpl.java:735)
	at org.apache.ratis.thirdparty.io.grpc.internal.ClientCallImpl$ClientStreamListenerImpl$1StreamClosed.runInContext(ClientCallImpl.java:716)
	at org.apache.ratis.thirdparty.io.grpc.internal.ContextRunnable.run(ContextRunnable.java:37)
	at org.apache.ratis.thirdparty.io.grpc.internal.SerializingExecutor.run(SerializingExecutor.java:133)
	at java.base/java.util.concurrent.ThreadPoolExecutor.runWorker(ThreadPoolExecutor.java:1144)
	at java.base/java.util.concurrent.ThreadPoolExecutor$Worker.run(ThreadPoolExecutor.java:642)
	at java.base/java.lang.Thread.run(Thread.java:1583)
2025-04-24 14:04:08,956 [grpc-default-executor-0] INFO  server.GrpcLogAppender (GrpcLogAppender.java:onCompleted(550)) - omNode-1@group-523986131536->omNode-2-AppendLogResponseHandler: follower responses appendEntries COMPLETED
2025-04-24 14:04:08,956 [grpc-default-executor-0] WARN  server.GrpcLogAppender (GrpcLogAppender.java:resetClient(230)) - omNode-1@group-523986131536->omNode-2-GrpcLogAppender: Failed to getClient for omNode-2
org.apache.ratis.protocol.exceptions.AlreadyClosedException: omNode-1 is already CLOSED
	at org.apache.ratis.util.PeerProxyMap$PeerAndProxy.getProxy(PeerProxyMap.java:67)
	at org.apache.ratis.util.PeerProxyMap.getProxy(PeerProxyMap.java:124)
	at org.apache.ratis.grpc.server.GrpcLogAppender.getClient(GrpcLogAppender.java:200)
	at org.apache.ratis.grpc.server.GrpcLogAppender.resetClient(GrpcLogAppender.java:205)
	at org.apache.ratis.grpc.server.GrpcLogAppender.access$800(GrpcLogAppender.java:64)
	at org.apache.ratis.grpc.server.GrpcLogAppender$AppendLogResponseHandler.onCompleted(GrpcLogAppender.java:551)
	at org.apache.ratis.thirdparty.io.grpc.stub.ClientCalls$StreamObserverToCallListenerAdapter.onClose(ClientCalls.java:479)
	at org.apache.ratis.thirdparty.io.grpc.internal.ClientCallImpl.closeObserver(ClientCallImpl.java:567)
	at org.apache.ratis.thirdparty.io.grpc.internal.ClientCallImpl.access$300(ClientCallImpl.java:71)
	at org.apache.ratis.thirdparty.io.grpc.internal.ClientCallImpl$ClientStreamListenerImpl$1StreamClosed.runInternal(ClientCallImpl.java:735)
	at org.apache.ratis.thirdparty.io.grpc.internal.ClientCallImpl$ClientStreamListenerImpl$1StreamClosed.runInContext(ClientCallImpl.java:716)
	at org.apache.ratis.thirdparty.io.grpc.internal.ContextRunnable.run(ContextRunnable.java:37)
	at org.apache.ratis.thirdparty.io.grpc.internal.SerializingExecutor.run(SerializingExecutor.java:133)
	at java.base/java.util.concurrent.ThreadPoolExecutor.runWorker(ThreadPoolExecutor.java:1144)
	at java.base/java.util.concurrent.ThreadPoolExecutor$Worker.run(ThreadPoolExecutor.java:642)
	at java.base/java.lang.Thread.run(Thread.java:1583)
2025-04-24 14:04:08,956 [grpc-default-executor-2] INFO  server.GrpcLogAppender (GrpcLogAppender.java:onCompleted(550)) - omNode-1@group-523986131536->omNode-3-AppendLogResponseHandler: follower responses appendEntries COMPLETED
2025-04-24 14:04:08,957 [grpc-default-executor-2] WARN  server.GrpcLogAppender (GrpcLogAppender.java:resetClient(230)) - omNode-1@group-523986131536->omNode-3-GrpcLogAppender: Failed to getClient for omNode-3
org.apache.ratis.protocol.exceptions.AlreadyClosedException: omNode-1 is already CLOSED
	at org.apache.ratis.util.PeerProxyMap$PeerAndProxy.getProxy(PeerProxyMap.java:67)
	at org.apache.ratis.util.PeerProxyMap.getProxy(PeerProxyMap.java:124)
	at org.apache.ratis.grpc.server.GrpcLogAppender.getClient(GrpcLogAppender.java:200)
	at org.apache.ratis.grpc.server.GrpcLogAppender.resetClient(GrpcLogAppender.java:205)
	at org.apache.ratis.grpc.server.GrpcLogAppender.access$800(GrpcLogAppender.java:64)
	at org.apache.ratis.grpc.server.GrpcLogAppender$AppendLogResponseHandler.onCompleted(GrpcLogAppender.java:551)
	at org.apache.ratis.thirdparty.io.grpc.stub.ClientCalls$StreamObserverToCallListenerAdapter.onClose(ClientCalls.java:479)
	at org.apache.ratis.thirdparty.io.grpc.internal.DelayedClientCall$DelayedListener$3.run(DelayedClientCall.java:489)
	at org.apache.ratis.thirdparty.io.grpc.internal.DelayedClientCall$DelayedListener.delayOrExecute(DelayedClientCall.java:453)
	at org.apache.ratis.thirdparty.io.grpc.internal.DelayedClientCall$DelayedListener.onClose(DelayedClientCall.java:486)
	at org.apache.ratis.thirdparty.io.grpc.internal.ClientCallImpl.closeObserver(ClientCallImpl.java:567)
	at org.apache.ratis.thirdparty.io.grpc.internal.ClientCallImpl.access$300(ClientCallImpl.java:71)
	at org.apache.ratis.thirdparty.io.grpc.internal.ClientCallImpl$ClientStreamListenerImpl$1StreamClosed.runInternal(ClientCallImpl.java:735)
	at org.apache.ratis.thirdparty.io.grpc.internal.ClientCallImpl$ClientStreamListenerImpl$1StreamClosed.runInContext(ClientCallImpl.java:716)
	at org.apache.ratis.thirdparty.io.grpc.internal.ContextRunnable.run(ContextRunnable.java:37)
	at org.apache.ratis.thirdparty.io.grpc.internal.SerializingExecutor.run(SerializingExecutor.java:133)
	at java.base/java.util.concurrent.ThreadPoolExecutor.runWorker(ThreadPoolExecutor.java:1144)
	at java.base/java.util.concurrent.ThreadPoolExecutor$Worker.run(ThreadPoolExecutor.java:642)
	at java.base/java.lang.Thread.run(Thread.java:1583)
2025-04-24 14:04:08,957 [grpc-default-executor-1] INFO  server.GrpcServerProtocolService (GrpcServerProtocolService.java:lambda$onCompleted$5(159)) - omNode-2: Completed APPEND_ENTRIES, lastReply: serverReply {
  requestorId: "omNode-1"
  replyId: "omNode-2"
  raftGroupId {
    id: "\311\274L\364;\303<`\246kR9\206\023\0256"
  }
  success: true
}
term: 13
nextIndex: 311
followerCommit: 309
matchIndex: 18446744073709551615
isHearbeat: true

2025-04-24 14:04:08,958 [grpc-default-executor-1] INFO  server.GrpcLogAppender (GrpcLogAppender.java:onCompleted(550)) - omNode-1@group-523986131536->omNode-2-AppendLogResponseHandler: follower responses appendEntries COMPLETED
2025-04-24 14:04:08,958 [grpc-default-executor-1] WARN  server.GrpcLogAppender (GrpcLogAppender.java:resetClient(230)) - omNode-1@group-523986131536->omNode-2-GrpcLogAppender: Failed to getClient for omNode-2
org.apache.ratis.protocol.exceptions.AlreadyClosedException: omNode-1 is already CLOSED
	at org.apache.ratis.util.PeerProxyMap$PeerAndProxy.getProxy(PeerProxyMap.java:67)
	at org.apache.ratis.util.PeerProxyMap.getProxy(PeerProxyMap.java:124)
	at org.apache.ratis.grpc.server.GrpcLogAppender.getClient(GrpcLogAppender.java:200)
	at org.apache.ratis.grpc.server.GrpcLogAppender.resetClient(GrpcLogAppender.java:205)
	at org.apache.ratis.grpc.server.GrpcLogAppender.access$800(GrpcLogAppender.java:64)
	at org.apache.ratis.grpc.server.GrpcLogAppender$AppendLogResponseHandler.onCompleted(GrpcLogAppender.java:551)
	at org.apache.ratis.thirdparty.io.grpc.stub.ClientCalls$StreamObserverToCallListenerAdapter.onClose(ClientCalls.java:479)
	at org.apache.ratis.thirdparty.io.grpc.internal.DelayedClientCall$DelayedListener$3.run(DelayedClientCall.java:489)
	at org.apache.ratis.thirdparty.io.grpc.internal.DelayedClientCall$DelayedListener.delayOrExecute(DelayedClientCall.java:453)
	at org.apache.ratis.thirdparty.io.grpc.internal.DelayedClientCall$DelayedListener.onClose(DelayedClientCall.java:486)
	at org.apache.ratis.thirdparty.io.grpc.internal.ClientCallImpl.closeObserver(ClientCallImpl.java:567)
	at org.apache.ratis.thirdparty.io.grpc.internal.ClientCallImpl.access$300(ClientCallImpl.java:71)
	at org.apache.ratis.thirdparty.io.grpc.internal.ClientCallImpl$ClientStreamListenerImpl$1StreamClosed.runInternal(ClientCallImpl.java:735)
	at org.apache.ratis.thirdparty.io.grpc.internal.ClientCallImpl$ClientStreamListenerImpl$1StreamClosed.runInContext(ClientCallImpl.java:716)
	at org.apache.ratis.thirdparty.io.grpc.internal.ContextRunnable.run(ContextRunnable.java:37)
	at org.apache.ratis.thirdparty.io.grpc.internal.SerializingExecutor.run(SerializingExecutor.java:133)
	at java.base/java.util.concurrent.ThreadPoolExecutor.runWorker(ThreadPoolExecutor.java:1144)
	at java.base/java.util.concurrent.ThreadPoolExecutor$Worker.run(ThreadPoolExecutor.java:642)
	at java.base/java.lang.Thread.run(Thread.java:1583)
2025-04-24 14:04:08,959 [main] INFO  server.GrpcService (GrpcService.java:closeImpl(352)) - omNode-1: shutdown server GrpcServerProtocolService successfully
2025-04-24 14:04:08,961 [omNode-1@group-523986131536-StateMachineUpdater] INFO  ratis.OzoneManagerStateMachine (OzoneManagerStateMachine.java:takeSnapshotImpl(510)) - omNode-1: taking snapshot. applied = (t:13, i:311), skipped = 309, notified = (t:13, i:311), current snapshot index = (t:13, i:311), took 7 ms
2025-04-24 14:04:08,962 [omNode-1@group-523986131536-StateMachineUpdater] INFO  impl.StateMachineUpdater (StateMachineUpdater.java:takeSnapshot(303)) - omNode-1@group-523986131536-StateMachineUpdater: Took a snapshot at index 311
2025-04-24 14:04:08,962 [omNode-1@group-523986131536-StateMachineUpdater] INFO  impl.StateMachineUpdater (StateMachineUpdater.java:lambda$new$0(102)) - omNode-1@group-523986131536-StateMachineUpdater: snapshotIndex: updateIncreasingly 309 -> 311
2025-04-24 14:04:08,962 [omNode-1@group-523986131536-StateMachineUpdater] INFO  raftlog.RaftLog (RaftLogBase.java:purge(325)) - omNode-1@group-523986131536-SegmentedRaftLog: purge 311
2025-04-24 14:04:08,962 [omNode-1@group-523986131536-StateMachineUpdater] INFO  raftlog.RaftLog (RaftLogBase.java:lambda$new$0(54)) - omNode-1@group-523986131536-SegmentedRaftLog: snapshotIndex: updateIncreasingly 309 -> 311
2025-04-24 14:04:08,962 [omNode-1@group-523986131536-StateMachineUpdater] INFO  raftlog.RaftLog (SegmentedRaftLog.java:purgeImpl(382)) - omNode-1@group-523986131536-SegmentedRaftLog: purge(311)
  toTruncate: null
    toDelete: [(308, 309) isOpen? false, length=0, newEndIndex=0, (106, 307) isOpen? false, length=0, newEndIndex=0]
2025-04-24 14:04:08,962 [omNode-1@group-523986131536-StateMachineUpdater] INFO  impl.StateMachineUpdater (StateMachineUpdater.java:stop(141)) - omNode-1@group-523986131536-StateMachineUpdater: closing OzoneManagerStateMachine, lastApplied=(t:13, i:311)
2025-04-24 14:04:08,962 [omNode-1@group-523986131536-StateMachineUpdater] INFO  ratis.OzoneManagerStateMachine (OzoneManagerStateMachine.java:close(550)) - Stopping OzoneManagerStateMachine:omNode-1:group-523986131536.
2025-04-24 14:04:08,962 [omNode-1@group-523986131536-StateMachineUpdater] INFO  ratis.OzoneManagerDoubleBuffer (OzoneManagerDoubleBuffer.java:stopDaemon(500)) - Stopping OMDoubleBuffer flush thread
2025-04-24 14:04:08,962 [omNode-1-OMDoubleBufferFlushThread] INFO  ratis.OzoneManagerDoubleBuffer (OzoneManagerDoubleBuffer.java:canFlush(559)) - OMDoubleBuffer flush thread omNode-1-OMDoubleBufferFlushThread is interrupted and will exit.
2025-04-24 14:04:08,962 [omNode-1@group-523986131536-SegmentedRaftLogWorker] INFO  segmented.SegmentedRaftLogWorker (SegmentedRaftLogWorker.java:execute(481)) - omNode-1@group-523986131536-SegmentedRaftLogWorker: Purged RaftLog segment: info=(308, 309) isOpen? false, length=0, newEndIndex=0, path=/home/runner/work/ozone/ozone/hadoop-ozone/integration-test/target/test-dir/MiniOzoneClusterImpl-4e6105ad-12bc-4f18-9d37-351d73277e17/omNode-1/ratis/c9bc4cf4-3bc3-3c60-a66b-523986131536/current/log_308-309
2025-04-24 14:04:08,963 [omNode-1@group-523986131536-SegmentedRaftLogWorker] INFO  segmented.SegmentedRaftLogWorker (SegmentedRaftLogWorker.java:execute(481)) - omNode-1@group-523986131536-SegmentedRaftLogWorker: Purged RaftLog segment: info=(106, 307) isOpen? false, length=0, newEndIndex=0, path=/home/runner/work/ozone/ozone/hadoop-ozone/integration-test/target/test-dir/MiniOzoneClusterImpl-4e6105ad-12bc-4f18-9d37-351d73277e17/omNode-1/ratis/c9bc4cf4-3bc3-3c60-a66b-523986131536/current/log_106-307
2025-04-24 14:04:08,963 [omNode-1@group-523986131536-SegmentedRaftLogWorker] INFO  raftlog.RaftLog (RaftLogBase.java:lambda$new$0(54)) - omNode-1@group-523986131536-SegmentedRaftLog: purgeIndex: updateToMax old=105, new=309, updated? true
2025-04-24 14:04:08,963 [omNode-1@group-523986131536-cacheEviction-AwaitToRun] INFO  util.AwaitToRun (AwaitToRun.java:run(49)) - omNode-1@group-523986131536-cacheEviction-AwaitToRun-AwaitForSignal is interrupted
2025-04-24 14:04:09,964 [omNode-1-impl-thread1] INFO  segmented.SegmentedRaftLogWorker (SegmentedRaftLogWorker.java:close(252)) - omNode-1@group-523986131536-SegmentedRaftLogWorker close()
2025-04-24 14:04:09,964 [JvmPauseMonitor30] INFO  util.JvmPauseMonitor (JvmPauseMonitor.java:run(152)) - JvmPauseMonitor-omNode-1: Stopped
2025-04-24 14:04:09,964 [main] INFO  utils.BackgroundService (BackgroundService.java:shutdown(161)) - Shutting down service KeyDeletingService
2025-04-24 14:04:09,965 [main] INFO  utils.BackgroundService (BackgroundService.java:shutdown(161)) - Shutting down service DirectoryDeletingService
2025-04-24 14:04:09,966 [main] INFO  utils.BackgroundService (BackgroundService.java:shutdown(161)) - Shutting down service OpenKeyCleanupService
2025-04-24 14:04:09,966 [main] INFO  utils.BackgroundService (BackgroundService.java:shutdown(161)) - Shutting down service SstFilteringService
2025-04-24 14:04:09,966 [main] INFO  utils.BackgroundService (BackgroundService.java:shutdown(161)) - Shutting down service SnapshotDeletingService
2025-04-24 14:04:09,967 [main] INFO  utils.BackgroundService (BackgroundService.java:shutdown(161)) - Shutting down service MultipartUploadCleanupService
2025-04-24 14:04:09,967 [main] INFO  handler.ContextHandler (ContextHandler.java:doStop(1159)) - Stopped o.e.j.w.WebAppContext@6a222d72{ozoneManager,/,null,STOPPED}{file:/home/runner/work/ozone/ozone/hadoop-ozone/integration-test/target/test-classes/webapps/ozoneManager}
2025-04-24 14:04:09,968 [main] INFO  server.AbstractConnector (AbstractConnector.java:doStop(383)) - Stopped ServerConnector@10f124f{HTTP/1.1, (http/1.1)}{0.0.0.0:15007}
2025-04-24 14:04:09,968 [main] INFO  server.session (HouseKeeper.java:stopScavenging(149)) - node0 Stopped scavenging
2025-04-24 14:04:09,968 [main] INFO  handler.ContextHandler (ContextHandler.java:doStop(1159)) - Stopped o.e.j.s.ServletContextHandler@104fc0ec{static,/static,file:///home/runner/work/ozone/ozone/hadoop-ozone/integration-test/target/test-classes/webapps/static,STOPPED}
2025-04-24 14:04:09,968 [main] INFO  handler.ContextHandler (ContextHandler.java:doStop(1159)) - Stopped o.e.j.s.ServletContextHandler@b98d67f{logs,/logs,file:///home/runner/work/ozone/ozone/hadoop-ozone/integration-test/target/log,STOPPED}
2025-04-24 14:04:09,969 [main] INFO  rocksdiff.RocksDBCheckpointDiffer (RocksDBCheckpointDiffer.java:close(304)) - Shutting down CompactionDagPruningService.
2025-04-24 14:04:09,971 [main] INFO  snapshot.SnapshotDiffManager (SnapshotDiffManager.java:closeExecutorService(1698)) - Shutting down executorService: 'SnapDiffExecutor'
2025-04-24 14:04:09,971 [main] INFO  utils.BackgroundService (BackgroundService.java:shutdown(161)) - Shutting down service SnapshotDiffCleanupService
2025-04-24 14:04:10,419 [timer5] WARN  server.GrpcLogAppender (GrpcLogAppender.java:lambda$resetClient$1(221)) - omNode-1@group-523986131536->omNode-3-GrpcLogAppender: Follower failed (request=null, errorCount=20); keep nextIndex (310) unchanged and retry. (Repeated 2 times in the last 4.999s)
2025-04-24 14:04:10,419 [timer4] WARN  server.GrpcLogAppender (LogUtils.java:warn(121)) - omNode-1@group-523986131536->omNode-3-AppendLogResponseHandler: Failed appendEntries (Repeated 2 times in the last 5.001s): org.apache.ratis.thirdparty.io.grpc.StatusRuntimeException: UNAVAILABLE: io exception
2025-04-24 14:04:11,044 [omNode-3@group-523986131536-FollowerState] INFO  impl.FollowerState (FollowerState.java:runImpl(161)) - omNode-3@group-523986131536-FollowerState: change to CANDIDATE, lastRpcElapsedTime:2154059588ns, electionTimeout:1100ms
2025-04-24 14:04:11,044 [omNode-3@group-523986131536-FollowerState] INFO  impl.RoleInfo (RoleInfo.java:shutdownFollowerState(121)) - omNode-3: shutdown omNode-3@group-523986131536-FollowerState
2025-04-24 14:04:11,044 [omNode-3@group-523986131536-FollowerState] INFO  server.RaftServer$Division (RaftServerImpl.java:setRole(378)) - omNode-3@group-523986131536: changes role from  FOLLOWER to CANDIDATE at term 13 for changeToCandidate
2025-04-24 14:04:11,044 [omNode-3@group-523986131536-FollowerState] INFO  server.RaftServerConfigKeys (ConfUtils.java:logGet(46)) - raft.server.leaderelection.pre-vote = true (default)
2025-04-24 14:04:11,044 [omNode-3@group-523986131536-FollowerState] INFO  impl.RoleInfo (RoleInfo.java:updateAndGet(148)) - omNode-3: start omNode-3@group-523986131536-LeaderElection30
2025-04-24 14:04:11,044 [omNode-3@group-523986131536-LeaderElection30] INFO  server.RaftServer$Division (ServerState.java:setLeader(272)) - omNode-3@group-523986131536: change Leader from omNode-1 to null at term 13 for PRE_VOTE
2025-04-24 14:04:11,045 [omNode-3@group-523986131536-LeaderElection30] INFO  impl.LeaderElection (LeaderElection.java:askForVotes(332)) - omNode-3@group-523986131536-LeaderElection30 PRE_VOTE round 0: submit vote requests at term 13 for conf: {index: 310, cur=peers:[omNode-3|localhost:15017, omNode-1|localhost:15009, omNode-2|localhost:15013]|listeners:[], old=null}
2025-04-24 14:04:11,046 [grpc-default-executor-1] INFO  server.RaftServer$Division (RaftServerImpl.java:requestVote(1407)) - omNode-2@group-523986131536: receive requestVote(PRE_VOTE, omNode-3, group-523986131536, 13, (t:13, i:311))
2025-04-24 14:04:11,046 [grpc-default-executor-1] INFO  impl.VoteContext (VoteContext.java:log(49)) - omNode-2@group-523986131536-FOLLOWER: accept PRE_VOTE from omNode-3: our priority 0 <= candidate's priority 0
2025-04-24 14:04:11,046 [grpc-default-executor-1] INFO  server.RaftServer$Division (RaftServerImpl.java:requestVote(1441)) - omNode-2@group-523986131536 replies to PRE_VOTE vote request: omNode-3<-omNode-2#0:OK-t13. Peer's state: omNode-2@group-523986131536:t13, leader=omNode-1, voted=omNode-1, raftlog=Memoized:omNode-2@group-523986131536-SegmentedRaftLog:OPENED:c310:last(t:13, i:311), conf=conf: {index: 310, cur=peers:[omNode-3|localhost:15017, omNode-1|localhost:15009, omNode-2|localhost:15013]|listeners:[], old=null}
2025-04-24 14:04:11,046 [omNode-3@group-523986131536-LeaderElection30] INFO  impl.LeaderElection (LogUtils.java:infoOrTrace(136)) - omNode-3@group-523986131536-LeaderElection30 got exception when requesting votes: java.util.concurrent.ExecutionException: org.apache.ratis.thirdparty.io.grpc.StatusRuntimeException: UNAVAILABLE: io exception
2025-04-24 14:04:11,047 [omNode-3@group-523986131536-LeaderElection30] INFO  impl.LeaderElection (LeaderElection.java:logAndReturn(90)) - omNode-3@group-523986131536-LeaderElection30: PRE_VOTE PASSED received 1 response(s) and 1 exception(s):
2025-04-24 14:04:11,047 [omNode-3@group-523986131536-LeaderElection30] INFO  impl.LeaderElection (LeaderElection.java:logAndReturn(94)) -   Response 0: omNode-3<-omNode-2#0:OK-t13
2025-04-24 14:04:11,047 [omNode-3@group-523986131536-LeaderElection30] INFO  impl.LeaderElection (LogUtils.java:infoOrTrace(136)) -   Exception 1: java.util.concurrent.ExecutionException: org.apache.ratis.thirdparty.io.grpc.StatusRuntimeException: UNAVAILABLE: io exception
2025-04-24 14:04:11,047 [omNode-3@group-523986131536-LeaderElection30] INFO  impl.LeaderElection (LeaderElection.java:askForVotes(334)) - omNode-3@group-523986131536-LeaderElection30 PRE_VOTE round 0: result PASSED
2025-04-24 14:04:11,048 [omNode-3@group-523986131536-LeaderElection30] INFO  impl.LeaderElection (LeaderElection.java:askForVotes(332)) - omNode-3@group-523986131536-LeaderElection30 ELECTION round 0: submit vote requests at term 14 for conf: {index: 310, cur=peers:[omNode-3|localhost:15017, omNode-1|localhost:15009, omNode-2|localhost:15013]|listeners:[], old=null}
2025-04-24 14:04:11,049 [omNode-3@group-523986131536-LeaderElection30] INFO  impl.LeaderElection (LogUtils.java:infoOrTrace(136)) - omNode-3@group-523986131536-LeaderElection30 got exception when requesting votes: java.util.concurrent.ExecutionException: org.apache.ratis.thirdparty.io.grpc.StatusRuntimeException: UNAVAILABLE: io exception
2025-04-24 14:04:11,049 [grpc-default-executor-1] INFO  server.RaftServer$Division (RaftServerImpl.java:requestVote(1407)) - omNode-2@group-523986131536: receive requestVote(ELECTION, omNode-3, group-523986131536, 14, (t:13, i:311))
2025-04-24 14:04:11,049 [grpc-default-executor-1] INFO  impl.VoteContext (VoteContext.java:log(49)) - omNode-2@group-523986131536-FOLLOWER: accept ELECTION from omNode-3: our priority 0 <= candidate's priority 0
2025-04-24 14:04:11,049 [grpc-default-executor-1] INFO  server.RaftServer$Division (RaftServerImpl.java:setRole(378)) - omNode-2@group-523986131536: changes role from  FOLLOWER to FOLLOWER at term 13 for candidate:omNode-3
2025-04-24 14:04:11,050 [grpc-default-executor-1] INFO  impl.RoleInfo (RoleInfo.java:shutdownFollowerState(121)) - omNode-2: shutdown omNode-2@group-523986131536-FollowerState
2025-04-24 14:04:11,050 [grpc-default-executor-1] INFO  server.RaftServer$Division (ServerState.java:setLeader(272)) - omNode-2@group-523986131536: change Leader from omNode-1 to null at term 14 for updateCurrentTerm
2025-04-24 14:04:11,050 [grpc-default-executor-1] INFO  impl.RoleInfo (RoleInfo.java:updateAndGet(148)) - omNode-2: start omNode-2@group-523986131536-FollowerState
2025-04-24 14:04:11,050 [omNode-2@group-523986131536-FollowerState] INFO  impl.FollowerState (FollowerState.java:runImpl(170)) - omNode-2@group-523986131536-FollowerState was interrupted
2025-04-24 14:04:11,051 [grpc-default-executor-1] INFO  server.RaftServer$Division (RaftServerImpl.java:requestVote(1441)) - omNode-2@group-523986131536 replies to ELECTION vote request: omNode-3<-omNode-2#0:OK-t14. Peer's state: omNode-2@group-523986131536:t14, leader=null, voted=omNode-3, raftlog=Memoized:omNode-2@group-523986131536-SegmentedRaftLog:OPENED:c310:last(t:13, i:311), conf=conf: {index: 310, cur=peers:[omNode-3|localhost:15017, omNode-1|localhost:15009, omNode-2|localhost:15013]|listeners:[], old=null}
2025-04-24 14:04:11,051 [omNode-3@group-523986131536-LeaderElection30] INFO  impl.LeaderElection (LeaderElection.java:logAndReturn(90)) - omNode-3@group-523986131536-LeaderElection30: ELECTION PASSED received 1 response(s) and 1 exception(s):
2025-04-24 14:04:11,051 [omNode-3@group-523986131536-LeaderElection30] INFO  impl.LeaderElection (LeaderElection.java:logAndReturn(94)) -   Response 0: omNode-3<-omNode-2#0:OK-t14
2025-04-24 14:04:11,051 [omNode-3@group-523986131536-LeaderElection30] INFO  impl.LeaderElection (LogUtils.java:infoOrTrace(136)) -   Exception 1: java.util.concurrent.ExecutionException: org.apache.ratis.thirdparty.io.grpc.StatusRuntimeException: UNAVAILABLE: io exception
2025-04-24 14:04:11,051 [omNode-3@group-523986131536-LeaderElection30] INFO  impl.LeaderElection (LeaderElection.java:askForVotes(334)) - omNode-3@group-523986131536-LeaderElection30 ELECTION round 0: result PASSED
2025-04-24 14:04:11,051 [omNode-3@group-523986131536-LeaderElection30] INFO  impl.RoleInfo (RoleInfo.java:shutdownLeaderElection(141)) - omNode-3: shutdown omNode-3@group-523986131536-LeaderElection30
2025-04-24 14:04:11,051 [omNode-3@group-523986131536-LeaderElection30] INFO  server.RaftServer$Division (RaftServerImpl.java:setRole(378)) - omNode-3@group-523986131536: changes role from CANDIDATE to LEADER at term 14 for changeToLeader
2025-04-24 14:04:11,051 [omNode-3@group-523986131536-LeaderElection30] INFO  server.RaftServerConfigKeys (ConfUtils.java:logGet(46)) - raft.server.staging.catchup.gap = 1000 (default)
2025-04-24 14:04:11,052 [omNode-3@group-523986131536-LeaderElection30] INFO  server.RaftServerConfigKeys (ConfUtils.java:logGet(46)) - raft.server.write.element-limit = 4096 (default)
2025-04-24 14:04:11,052 [omNode-3@group-523986131536-LeaderElection30] INFO  server.RaftServerConfigKeys (ConfUtils.java:logGet(46)) - raft.server.write.byte-limit = 64MB (=67108864) (default)
2025-04-24 14:04:11,052 [omNode-3@group-523986131536-LeaderElection30] INFO  server.RaftServerConfigKeys (ConfUtils.java:logGet(46)) - raft.server.watch.timeout = 10s (default)
2025-04-24 14:04:11,052 [omNode-3@group-523986131536-LeaderElection30] INFO  server.RaftServerConfigKeys (ConfUtils.java:logGet(46)) - raft.server.watch.timeout.denomination = 1s (default)
2025-04-24 14:04:11,052 [omNode-3@group-523986131536-LeaderElection30] INFO  server.RaftServerConfigKeys (ConfUtils.java:logGet(46)) - raft.server.watch.element-limit = 65536 (default)
2025-04-24 14:04:11,052 [omNode-3@group-523986131536-LeaderElection30] INFO  server.RaftServerConfigKeys (ConfUtils.java:logGet(46)) - raft.server.read.leader.lease.enabled = false (default)
2025-04-24 14:04:11,052 [omNode-3@group-523986131536-LeaderElection30] INFO  server.RaftServerConfigKeys (ConfUtils.java:logGet(46)) - raft.server.read.leader.lease.timeout.ratio = 0.9 (default)
2025-04-24 14:04:11,052 [omNode-3@group-523986131536-LeaderElection30] INFO  server.RaftServerConfigKeys (ConfUtils.java:logGet(46)) - raft.server.rpc.timeout.min = 1s (custom)
2025-04-24 14:04:11,052 [omNode-3@group-523986131536-LeaderElection30] INFO  server.RaftServerConfigKeys (ConfUtils.java:logGet(46)) - raft.server.log.log-metadata.enabled = true (default)
2025-04-24 14:04:11,052 [omNode-3@group-523986131536-LeaderElection30] INFO  server.RaftServerConfigKeys (ConfUtils.java:logGet(46)) - raft.server.write.element-limit = 4096 (default)
2025-04-24 14:04:11,052 [omNode-3@group-523986131536-LeaderElection30] INFO  server.RaftServerConfigKeys (ConfUtils.java:logGet(46)) - raft.server.write.follower.gap.ratio.max = -1.0 (default)
2025-04-24 14:04:11,053 [omNode-3@group-523986131536-LeaderElection30] INFO  server.RaftServerConfigKeys (ConfUtils.java:logGet(46)) - raft.server.log.appender.snapshot.chunk.size.max = 16MB (=16777216) (default)
2025-04-24 14:04:11,053 [omNode-3@group-523986131536-LeaderElection30] INFO  server.RaftServerConfigKeys (ConfUtils.java:logGet(46)) - raft.server.log.appender.buffer.byte-limit = 4194304 (custom)
2025-04-24 14:04:11,053 [omNode-3@group-523986131536-LeaderElection30] INFO  server.RaftServerConfigKeys (ConfUtils.java:logGet(46)) - raft.server.log.appender.buffer.element-limit = 1024 (custom)
2025-04-24 14:04:11,053 [omNode-3@group-523986131536-LeaderElection30] INFO  server.RaftServerConfigKeys (ConfUtils.java:logGet(46)) - raft.server.log.appender.wait-time.min = 0ms (custom)
2025-04-24 14:04:11,053 [omNode-3@group-523986131536-LeaderElection30] INFO  grpc.GrpcConfigKeys (ConfUtils.java:logGet(46)) - raft.grpc.server.leader.outstanding.appends.max = 8 (default)
2025-04-24 14:04:11,053 [omNode-3@group-523986131536-LeaderElection30] INFO  server.RaftServerConfigKeys (ConfUtils.java:logGet(46)) - raft.server.rpc.request.timeout = 3000ms (default)
2025-04-24 14:04:11,053 [omNode-3@group-523986131536-LeaderElection30] INFO  grpc.GrpcConfigKeys (ConfUtils.java:logGet(46)) - raft.grpc.server.install_snapshot.request.element-limit = 8 (default)
2025-04-24 14:04:11,053 [omNode-3@group-523986131536-LeaderElection30] INFO  grpc.GrpcConfigKeys (ConfUtils.java:logGet(46)) - raft.grpc.server.install_snapshot.request.timeout = 3000ms (default)
2025-04-24 14:04:11,053 [omNode-3@group-523986131536-LeaderElection30] INFO  grpc.GrpcConfigKeys (ConfUtils.java:logGet(46)) - raft.grpc.server.log-message.batch.duration = 5s (default)
2025-04-24 14:04:11,053 [omNode-3@group-523986131536-LeaderElection30] INFO  server.RaftServerConfigKeys (ConfUtils.java:logGet(46)) - raft.server.log.appender.install.snapshot.enabled = false (custom)
2025-04-24 14:04:11,053 [omNode-3@group-523986131536-LeaderElection30] INFO  grpc.GrpcConfigKeys (ConfUtils.java:logGet(46)) - raft.grpc.server.heartbeat.channel = true (default)
2025-04-24 14:04:11,054 [omNode-3@group-523986131536-LeaderElection30] INFO  server.RaftServerConfigKeys (ConfUtils.java:logGet(46)) - raft.server.log.appender.snapshot.chunk.size.max = 16MB (=16777216) (default)
2025-04-24 14:04:11,054 [omNode-3@group-523986131536-LeaderElection30] INFO  server.RaftServerConfigKeys (ConfUtils.java:logGet(46)) - raft.server.log.appender.buffer.byte-limit = 4194304 (custom)
2025-04-24 14:04:11,054 [omNode-3@group-523986131536-LeaderElection30] INFO  server.RaftServerConfigKeys (ConfUtils.java:logGet(46)) - raft.server.log.appender.buffer.element-limit = 1024 (custom)
2025-04-24 14:04:11,054 [omNode-3@group-523986131536-LeaderElection30] INFO  server.RaftServerConfigKeys (ConfUtils.java:logGet(46)) - raft.server.log.appender.wait-time.min = 0ms (custom)
2025-04-24 14:04:11,054 [omNode-3@group-523986131536-LeaderElection30] INFO  grpc.GrpcConfigKeys (ConfUtils.java:logGet(46)) - raft.grpc.server.leader.outstanding.appends.max = 8 (default)
2025-04-24 14:04:11,054 [omNode-3@group-523986131536-LeaderElection30] INFO  server.RaftServerConfigKeys (ConfUtils.java:logGet(46)) - raft.server.rpc.request.timeout = 3000ms (default)
2025-04-24 14:04:11,054 [omNode-3@group-523986131536-LeaderElection30] INFO  grpc.GrpcConfigKeys (ConfUtils.java:logGet(46)) - raft.grpc.server.install_snapshot.request.element-limit = 8 (default)
2025-04-24 14:04:11,054 [omNode-3@group-523986131536-LeaderElection30] INFO  grpc.GrpcConfigKeys (ConfUtils.java:logGet(46)) - raft.grpc.server.install_snapshot.request.timeout = 3000ms (default)
2025-04-24 14:04:11,054 [omNode-3@group-523986131536-LeaderElection30] INFO  grpc.GrpcConfigKeys (ConfUtils.java:logGet(46)) - raft.grpc.server.log-message.batch.duration = 5s (default)
2025-04-24 14:04:11,054 [omNode-3@group-523986131536-LeaderElection30] INFO  server.RaftServerConfigKeys (ConfUtils.java:logGet(46)) - raft.server.log.appender.install.snapshot.enabled = false (custom)
2025-04-24 14:04:11,054 [omNode-3@group-523986131536-LeaderElection30] INFO  grpc.GrpcConfigKeys (ConfUtils.java:logGet(46)) - raft.grpc.server.heartbeat.channel = true (default)
2025-04-24 14:04:11,054 [omNode-3@group-523986131536-LeaderElection30] INFO  impl.RoleInfo (RoleInfo.java:updateAndGet(148)) - omNode-3: start omNode-3@group-523986131536-LeaderStateImpl
2025-04-24 14:04:11,055 [omNode-3@group-523986131536-LeaderElection30] INFO  ratis.OzoneManagerStateMachine (OzoneManagerStateMachine.java:notifyLeaderChanged(169)) - omNode-3@group-523986131536: leader changed to omNode-3
2025-04-24 14:04:11,055 [omNode-3@group-523986131536-LeaderElection30] INFO  server.RaftServer$Division (ServerState.java:setLeader(272)) - omNode-3@group-523986131536: change Leader from null to omNode-3 at term 14 for becomeLeader, leader elected after 9ms
2025-04-24 14:04:11,055 [omNode-3@group-523986131536-LeaderElection30] INFO  segmented.SegmentedRaftLogWorker (SegmentedRaftLogWorker.java:rollLogSegment(443)) - omNode-3@group-523986131536-SegmentedRaftLogWorker: Rolling segment log-310_311 to index:311
2025-04-24 14:04:11,055 [omNode-3@group-523986131536-LeaderElection30] INFO  server.RaftServer$Division (ServerState.java:setRaftConf(386)) - omNode-3@group-523986131536: set configuration conf: {index: 312, cur=peers:[omNode-3|localhost:15017, omNode-1|localhost:15009, omNode-2|localhost:15013]|listeners:[], old=null}
2025-04-24 14:04:11,056 [omNode-3@group-523986131536-SegmentedRaftLogWorker] INFO  segmented.SegmentedRaftLogWorker (SegmentedRaftLogWorker.java:execute(601)) - omNode-3@group-523986131536-SegmentedRaftLogWorker: Rolled log segment from /home/runner/work/ozone/ozone/hadoop-ozone/integration-test/target/test-dir/MiniOzoneClusterImpl-4e6105ad-12bc-4f18-9d37-351d73277e17/omNode-3/ratis/c9bc4cf4-3bc3-3c60-a66b-523986131536/current/log_inprogress_310 to /home/runner/work/ozone/ozone/hadoop-ozone/integration-test/target/test-dir/MiniOzoneClusterImpl-4e6105ad-12bc-4f18-9d37-351d73277e17/omNode-3/ratis/c9bc4cf4-3bc3-3c60-a66b-523986131536/current/log_310-311
2025-04-24 14:04:11,056 [omNode-3@group-523986131536-SegmentedRaftLogWorker] INFO  segmented.BufferedWriteChannel (BufferedWriteChannel.java:open(61)) - open log_inprogress_312 at position 0
2025-04-24 14:04:11,065 [grpc-default-executor-1] WARN  server.GrpcLogAppender (LogUtils.java:warn(121)) - omNode-3@group-523986131536->omNode-1-AppendLogResponseHandler: Failed appendEntries: org.apache.ratis.thirdparty.io.grpc.StatusRuntimeException: UNAVAILABLE: io exception
2025-04-24 14:04:11,065 [grpc-default-executor-1] WARN  server.GrpcLogAppender (GrpcLogAppender.java:lambda$resetClient$1(221)) - omNode-3@group-523986131536->omNode-1-GrpcLogAppender: Follower failed (request=null, errorCount=1); keep nextIndex (312) unchanged and retry.
2025-04-24 14:04:11,066 [grpc-default-executor-3] WARN  server.GrpcLogAppender (GrpcLogAppender.java:lambda$resetClient$1(221)) - omNode-3@group-523986131536->omNode-1-GrpcLogAppender: Follower failed (request=null, errorCount=2); keep nextIndex (313) unchanged and retry.
2025-04-24 14:04:11,066 [omNode-3@group-523986131536-SegmentedRaftLogWorker] INFO  segmented.SegmentedRaftLogWorker (SegmentedRaftLogWorker.java:execute(644)) - omNode-3@group-523986131536-SegmentedRaftLogWorker: created new log segment /home/runner/work/ozone/ozone/hadoop-ozone/integration-test/target/test-dir/MiniOzoneClusterImpl-4e6105ad-12bc-4f18-9d37-351d73277e17/omNode-3/ratis/c9bc4cf4-3bc3-3c60-a66b-523986131536/current/log_inprogress_312
2025-04-24 14:04:11,069 [omNode-2-server-thread2] INFO  ratis.OzoneManagerStateMachine (OzoneManagerStateMachine.java:notifyLeaderChanged(169)) - omNode-2@group-523986131536: leader changed to omNode-3
2025-04-24 14:04:11,069 [omNode-2-server-thread2] INFO  server.RaftServer$Division (ServerState.java:setLeader(272)) - omNode-2@group-523986131536: change Leader from null to omNode-3 at term 14 for appendEntries, leader elected after 18ms
2025-04-24 14:04:11,070 [omNode-2-server-thread2] INFO  server.RaftServer$Division (ServerState.java:setRaftConf(386)) - omNode-2@group-523986131536: set configuration conf: {index: 312, cur=peers:[omNode-3|localhost:15017, omNode-1|localhost:15009, omNode-2|localhost:15013]|listeners:[], old=null}
2025-04-24 14:04:11,070 [omNode-2-server-thread2] INFO  segmented.SegmentedRaftLogWorker (SegmentedRaftLogWorker.java:rollLogSegment(443)) - omNode-2@group-523986131536-SegmentedRaftLogWorker: Rolling segment log-310_311 to index:311
2025-04-24 14:04:11,071 [omNode-2@group-523986131536-SegmentedRaftLogWorker] INFO  segmented.SegmentedRaftLogWorker (SegmentedRaftLogWorker.java:execute(601)) - omNode-2@group-523986131536-SegmentedRaftLogWorker: Rolled log segment from /home/runner/work/ozone/ozone/hadoop-ozone/integration-test/target/test-dir/MiniOzoneClusterImpl-4e6105ad-12bc-4f18-9d37-351d73277e17/omNode-2/ratis/c9bc4cf4-3bc3-3c60-a66b-523986131536/current/log_inprogress_310 to /home/runner/work/ozone/ozone/hadoop-ozone/integration-test/target/test-dir/MiniOzoneClusterImpl-4e6105ad-12bc-4f18-9d37-351d73277e17/omNode-2/ratis/c9bc4cf4-3bc3-3c60-a66b-523986131536/current/log_310-311
2025-04-24 14:04:11,071 [omNode-2@group-523986131536-SegmentedRaftLogWorker] INFO  segmented.BufferedWriteChannel (BufferedWriteChannel.java:open(61)) - open log_inprogress_312 at position 0
2025-04-24 14:04:11,081 [omNode-2@group-523986131536-SegmentedRaftLogWorker] INFO  segmented.SegmentedRaftLogWorker (SegmentedRaftLogWorker.java:execute(644)) - omNode-2@group-523986131536-SegmentedRaftLogWorker: created new log segment /home/runner/work/ozone/ozone/hadoop-ozone/integration-test/target/test-dir/MiniOzoneClusterImpl-4e6105ad-12bc-4f18-9d37-351d73277e17/omNode-2/ratis/c9bc4cf4-3bc3-3c60-a66b-523986131536/current/log_inprogress_312
2025-04-24 14:04:11,083 [grpc-default-executor-4] WARN  server.GrpcLogAppender (GrpcLogAppender.java:lambda$resetClient$1(221)) - omNode-3@group-523986131536->omNode-1-GrpcLogAppender: Follower failed (request=null, errorCount=5); keep nextIndex (314) unchanged and retry.
2025-04-24 14:04:11,083 [omNode-3@group-523986131536-StateMachineUpdater] INFO  ratis.OzoneManagerStateMachine (OzoneManagerStateMachine.java:notifyConfigurationChanged(231)) - notifyConfigurationChanged from Ratis: term=14, index=312, New Peer list: omNode-3(localhost:15017), omNode-1(localhost:15009), omNode-2(localhost:15013)
2025-04-24 14:04:11,083 [omNode-3@group-523986131536-StateMachineUpdater] INFO  server.RaftServer$Division (LeaderStateImpl.java:checkStartIndex(313)) - Leader omNode-3@group-523986131536-LeaderStateImpl is ready since appliedIndex == startIndex == 312
2025-04-24 14:04:11,084 [omNode-2@group-523986131536-StateMachineUpdater] INFO  ratis.OzoneManagerStateMachine (OzoneManagerStateMachine.java:notifyConfigurationChanged(231)) - notifyConfigurationChanged from Ratis: term=14, index=312, New Peer list: omNode-3(localhost:15017), omNode-1(localhost:15009), omNode-2(localhost:15013)
2025-04-24 14:04:12,344 [b80db16c-5673-450c-b3ca-7f89ec301096-BlockDeletingService#1] INFO  interfaces.ContainerDeletionChoosingPolicyTemplate (ContainerDeletionChoosingPolicyTemplate.java:chooseContainerForBlockDeletion(83)) - Chosen 0/5000 blocks from 0 candidate containers.
2025-04-24 14:04:12,510 [aed9408d-e3c0-4aa9-9c6a-b698c50b685f-BlockDeletingService#1] INFO  interfaces.ContainerDeletionChoosingPolicyTemplate (ContainerDeletionChoosingPolicyTemplate.java:chooseContainerForBlockDeletion(83)) - Chosen 0/5000 blocks from 0 candidate containers.
2025-04-24 14:04:12,694 [72381052-d1f9-4ca6-906c-6db4c7ca7d69-BlockDeletingService#1] INFO  interfaces.ContainerDeletionChoosingPolicyTemplate (ContainerDeletionChoosingPolicyTemplate.java:chooseContainerForBlockDeletion(83)) - Chosen 0/5000 blocks from 0 candidate containers.
2025-04-24 14:04:16,065 [timer4] WARN  server.GrpcLogAppender (LogUtils.java:warn(121)) - omNode-3@group-523986131536->omNode-1-AppendLogResponseHandler: Failed appendEntries (Repeated 18 times in the last 5.000s): org.apache.ratis.thirdparty.io.grpc.StatusRuntimeException: UNAVAILABLE: io exception
2025-04-24 14:04:16,066 [timer7] WARN  server.GrpcLogAppender (GrpcLogAppender.java:lambda$resetClient$1(221)) - omNode-3@group-523986131536->omNode-1-GrpcLogAppender: Follower failed (request=null, errorCount=4); keep nextIndex (313) unchanged and retry. (Repeated 3 times in the last 5.000s)
2025-04-24 14:04:16,083 [timer4] WARN  server.GrpcLogAppender (GrpcLogAppender.java:lambda$resetClient$1(221)) - omNode-3@group-523986131536->omNode-1-GrpcLogAppender: Follower failed (request=null, errorCount=18); keep nextIndex (314) unchanged and retry. (Repeated 14 times in the last 5.000s)
2025-04-24 14:04:16,347 [grpc-default-executor-2] WARN  server.GrpcLogAppender (LogUtils.java:warn(121)) - omNode-3@group-523986131536->omNode-1-AppendLogResponseHandler: Failed appendEntries: org.apache.ratis.thirdparty.io.grpc.StatusRuntimeException: UNAVAILABLE: io exception
2025-04-24 14:04:16,348 [grpc-default-executor-6] WARN  server.GrpcLogAppender (GrpcLogAppender.java:lambda$resetClient$1(221)) - omNode-3@group-523986131536->omNode-1-GrpcLogAppender: Follower failed (request=null, errorCount=19); keep nextIndex (314) unchanged and retry.
2025-04-24 14:04:17,972 [main] INFO  rpc.RpcClient (RpcClient.java:createVolume(462)) - Creating Volume: volume87330, with user65352 as owner and space quota set to -1 bytes, counts quota set to -1
2025-04-24 14:04:17,974 [main] INFO  retry.RetryInvocationHandler (RetryInvocationHandler.java:log(426)) - com.google.protobuf.ServiceException: java.net.ConnectException: Call From fv-az2210-761/10.1.0.107 to localhost:15006 failed on connection exception: java.net.ConnectException: Connection refused; For more details see:  http://wiki.apache.org/hadoop/ConnectionRefused, while invoking $Proxy68.submitRequest over nodeId=omNode-1,nodeAddress=127.0.0.1:15006. Trying to failover immediately. Current retry count: 0.
2025-04-24 14:04:17,976 [main] INFO  retry.RetryInvocationHandler (RetryInvocationHandler.java:log(426)) - com.google.protobuf.ServiceException: org.apache.hadoop.ipc.RemoteException(org.apache.hadoop.ozone.om.exceptions.OMNotLeaderException): OM:omNode-2 is not the leader. Suggested leader is OM:omNode-3[localhost/127.0.0.1].
	at org.apache.hadoop.ozone.om.ratis.OzoneManagerRatisServer.newOMNotLeaderException(OzoneManagerRatisServer.java:813)
	at org.apache.hadoop.ozone.om.OzoneManager.checkLeaderStatus(OzoneManager.java:4355)
	at org.apache.hadoop.ozone.om.ratis.utils.OzoneManagerRatisUtils.checkLeaderStatus(OzoneManagerRatisUtils.java:500)
	at org.apache.hadoop.ozone.protocolPB.OzoneManagerProtocolServerSideTranslatorPB.internalProcessRequest(OzoneManagerProtocolServerSideTranslatorPB.java:165)
	at org.apache.hadoop.ozone.protocolPB.OzoneManagerProtocolServerSideTranslatorPB.processRequest(OzoneManagerProtocolServerSideTranslatorPB.java:125)
	at org.apache.hadoop.hdds.server.OzoneProtocolMessageDispatcher.processRequest(OzoneProtocolMessageDispatcher.java:87)
	at org.apache.hadoop.ozone.protocolPB.OzoneManagerProtocolServerSideTranslatorPB.submitRequest(OzoneManagerProtocolServerSideTranslatorPB.java:116)
	at org.apache.hadoop.ozone.protocol.proto.OzoneManagerProtocolProtos$OzoneManagerService$2.callBlockingMethod(OzoneManagerProtocolProtos.java)
	at org.apache.hadoop.ipc.ProtobufRpcEngine$Server.processCall(ProtobufRpcEngine.java:484)
	at org.apache.hadoop.ipc.ProtobufRpcEngine2$Server$ProtoBufRpcInvoker.call(ProtobufRpcEngine2.java:595)
	at org.apache.hadoop.ipc.ProtobufRpcEngine2$Server$ProtoBufRpcInvoker.call(ProtobufRpcEngine2.java:573)
	at org.apache.hadoop.ipc.RPC$Server.call(RPC.java:1227)
	at org.apache.hadoop.ipc.Server$RpcCall.run(Server.java:1246)
	at org.apache.hadoop.ipc.Server$RpcCall.run(Server.java:1169)
	at java.base/java.security.AccessController.doPrivileged(AccessController.java:714)
	at java.base/javax.security.auth.Subject.doAs(Subject.java:525)
	at org.apache.hadoop.security.UserGroupInformation.doAs(UserGroupInformation.java:1953)
	at org.apache.hadoop.ipc.Server$Handler.run(Server.java:3198)
, while invoking $Proxy68.submitRequest over nodeId=omNode-2,nodeAddress=127.0.0.1:15010 after 1 failover attempts. Trying to failover immediately. Current retry count: 1.
2025-04-24 14:04:17,980 [grpc-default-executor-6] WARN  server.GrpcLogAppender (GrpcLogAppender.java:lambda$resetClient$1(221)) - omNode-3@group-523986131536->omNode-1-GrpcLogAppender: Follower failed (request=null, errorCount=23); keep nextIndex (316) unchanged and retry.
2025-04-24 14:04:17,991 [omNode-3-OMStateMachineApplyTransactionThread - 0] WARN  helpers.OzoneAclUtil (OzoneAclUtil.java:getDefaultAclList(77)) - Failed to get primary group from user user65352 (auth:SIMPLE)
2025-04-24 14:04:17,991 [omNode-2-OMStateMachineApplyTransactionThread - 0] WARN  helpers.OzoneAclUtil (OzoneAclUtil.java:getDefaultAclList(77)) - Failed to get primary group from user user65352 (auth:SIMPLE)
2025-04-24 14:04:17,991 [omNode-2-OMStateMachineApplyTransactionThread - 0] INFO  volume.OMVolumeCreateRequest (OMVolumeCreateRequest.java:validateAndUpdateCache(203)) - created volume:volume87330 for user:user65352
2025-04-24 14:04:17,991 [omNode-3-OMStateMachineApplyTransactionThread - 0] INFO  volume.OMVolumeCreateRequest (OMVolumeCreateRequest.java:validateAndUpdateCache(203)) - created volume:volume87330 for user:user65352
2025-04-24 14:04:17,994 [main] INFO  rpc.RpcClient (RpcClient.java:createVolume(462)) - Creating Volume: volume04163, with user75273 as owner and space quota set to -1 bytes, counts quota set to -1
2025-04-24 14:04:17,997 [grpc-default-executor-2] WARN  server.GrpcLogAppender (GrpcLogAppender.java:lambda$resetClient$1(221)) - omNode-3@group-523986131536->omNode-1-GrpcLogAppender: Follower failed (request=null, errorCount=25); keep nextIndex (317) unchanged and retry.
2025-04-24 14:04:18,001 [grpc-default-executor-4] WARN  server.GrpcLogAppender (GrpcLogAppender.java:lambda$resetClient$1(221)) - omNode-3@group-523986131536->omNode-1-GrpcLogAppender: Follower failed (request=null, errorCount=27); keep nextIndex (318) unchanged and retry.
2025-04-24 14:04:18,014 [omNode-2-OMStateMachineApplyTransactionThread - 0] WARN  helpers.OzoneAclUtil (OzoneAclUtil.java:getDefaultAclList(77)) - Failed to get primary group from user user75273 (auth:SIMPLE)
2025-04-24 14:04:18,014 [omNode-3-OMStateMachineApplyTransactionThread - 0] WARN  helpers.OzoneAclUtil (OzoneAclUtil.java:getDefaultAclList(77)) - Failed to get primary group from user user75273 (auth:SIMPLE)
2025-04-24 14:04:18,014 [omNode-3-OMStateMachineApplyTransactionThread - 0] INFO  volume.OMVolumeCreateRequest (OMVolumeCreateRequest.java:validateAndUpdateCache(203)) - created volume:volume04163 for user:user75273
2025-04-24 14:04:18,014 [omNode-2-OMStateMachineApplyTransactionThread - 0] INFO  volume.OMVolumeCreateRequest (OMVolumeCreateRequest.java:validateAndUpdateCache(203)) - created volume:volume04163 for user:user75273
2025-04-24 14:04:18,017 [main] INFO  rpc.RpcClient (RpcClient.java:createBucket(687)) - Creating Bucket: volume04163/2b5b8a00-6028-4736-8955-313a8720e0fb, with server-side default bucket layout, runner as owner, Versioning false, Storage Type set to DISK and Encryption set to false, Replication Type set to server-side default replication type, Namespace Quota set to -1, Space Quota set to -1 
2025-04-24 14:04:18,019 [grpc-default-executor-6] WARN  server.GrpcLogAppender (GrpcLogAppender.java:lambda$resetClient$1(221)) - omNode-3@group-523986131536->omNode-1-GrpcLogAppender: Follower failed (request=null, errorCount=29); keep nextIndex (319) unchanged and retry.
2025-04-24 14:04:18,021 [grpc-default-executor-4] WARN  server.GrpcLogAppender (GrpcLogAppender.java:lambda$resetClient$1(221)) - omNode-3@group-523986131536->omNode-1-GrpcLogAppender: Follower failed (request=null, errorCount=31); keep nextIndex (320) unchanged and retry.
2025-04-24 14:04:18,021 [omNode-3-OMStateMachineApplyTransactionThread - 0] INFO  bucket.OMBucketCreateRequest (OMBucketCreateRequest.java:validateAndUpdateCache(291)) - created bucket: 2b5b8a00-6028-4736-8955-313a8720e0fb of layout OBJECT_STORE in volume: volume04163
2025-04-24 14:04:18,022 [omNode-2-OMStateMachineApplyTransactionThread - 0] INFO  bucket.OMBucketCreateRequest (OMBucketCreateRequest.java:validateAndUpdateCache(291)) - created bucket: 2b5b8a00-6028-4736-8955-313a8720e0fb of layout OBJECT_STORE in volume: volume04163
2025-04-24 14:04:18,029 [grpc-default-executor-6] WARN  server.GrpcLogAppender (GrpcLogAppender.java:lambda$resetClient$1(221)) - omNode-3@group-523986131536->omNode-1-GrpcLogAppender: Follower failed (request=null, errorCount=33); keep nextIndex (321) unchanged and retry.
2025-04-24 14:04:18,031 [grpc-default-executor-4] WARN  server.GrpcLogAppender (GrpcLogAppender.java:lambda$resetClient$1(221)) - omNode-3@group-523986131536->omNode-1-GrpcLogAppender: Follower failed (request=null, errorCount=35); keep nextIndex (322) unchanged and retry.
2025-04-24 14:04:18,049 [grpc-default-executor-6] WARN  server.GrpcLogAppender (GrpcLogAppender.java:lambda$resetClient$1(221)) - omNode-3@group-523986131536->omNode-1-GrpcLogAppender: Follower failed (request=null, errorCount=37); keep nextIndex (323) unchanged and retry.
2025-04-24 14:04:18,054 [grpc-default-executor-6] WARN  server.GrpcLogAppender (GrpcLogAppender.java:lambda$resetClient$1(221)) - omNode-3@group-523986131536->omNode-1-GrpcLogAppender: Follower failed (request=null, errorCount=39); keep nextIndex (324) unchanged and retry.
2025-04-24 14:04:18,064 [main] INFO  om.OzoneManager (OzoneManager.java:stop(2347)) - omNode-3[localhost:15014]: Stopping Ozone Manager
2025-04-24 14:04:18,065 [main] INFO  ipc.Server (Server.java:stop(3697)) - Stopping server on 15014
2025-04-24 14:04:18,067 [IPC Server Responder] INFO  ipc.Server (Server.java:run(1718)) - Stopping IPC Server Responder
2025-04-24 14:04:18,068 [main] INFO  ratis.OzoneManagerRatisServer (OzoneManagerRatisServer.java:stop(634)) - Stopping org.apache.hadoop.ozone.om.ratis.OzoneManagerRatisServer@35a687b7 at port 15017
2025-04-24 14:04:18,068 [main] INFO  server.RaftServer (RaftServerProxy.java:lambda$close$9(417)) - omNode-3: close
2025-04-24 14:04:18,068 [main] INFO  server.GrpcService (GrpcService.java:closeImpl(343)) - omNode-3: shutdown server GrpcServerProtocolService now
2025-04-24 14:04:18,069 [omNode-3-impl-thread1] INFO  server.RaftServer$Division (RaftServerImpl.java:lambda$close$1(513)) - omNode-3@group-523986131536: shutdown
2025-04-24 14:04:18,069 [IPC Server listener on 15014] INFO  ipc.Server (Server.java:run(1585)) - Stopping IPC Server listener on 15014
2025-04-24 14:04:18,070 [omNode-3-impl-thread1] INFO  util.JmxRegister (JmxRegister.java:unregister(74)) - Successfully un-registered JMX Bean with object name Ratis:service=RaftServer,group=group-523986131536,id=omNode-3
2025-04-24 14:04:18,070 [omNode-3-impl-thread1] INFO  impl.RoleInfo (RoleInfo.java:shutdownLeaderState(103)) - omNode-3: shutdown omNode-3@group-523986131536-LeaderStateImpl
2025-04-24 14:04:18,070 [omNode-3-impl-thread1] INFO  impl.PendingRequests (PendingRequests.java:sendNotLeaderResponses(287)) - omNode-3@group-523986131536-PendingRequests: sendNotLeaderResponses
2025-04-24 14:04:18,071 [omNode-3@group-523986131536->omNode-2-GrpcLogAppender-LogAppenderDaemon] WARN  server.GrpcLogAppender (GrpcLogAppender.java:mayWait(293)) - omNode-3@group-523986131536->omNode-2-GrpcLogAppender: Wait interrupted by java.lang.InterruptedException
2025-04-24 14:04:18,071 [omNode-3@group-523986131536->omNode-1-GrpcLogAppender-LogAppenderDaemon] WARN  server.GrpcLogAppender (GrpcLogAppender.java:mayWait(293)) - omNode-3@group-523986131536->omNode-1-GrpcLogAppender: Wait interrupted by java.lang.InterruptedException
2025-04-24 14:04:18,072 [grpc-default-executor-2] INFO  server.GrpcServerProtocolService (GrpcServerProtocolService.java:onCompleted(157)) - omNode-2: Completed APPEND_ENTRIES, lastRequest: null
2025-04-24 14:04:18,073 [Thread-5319] INFO  server.GrpcServerProtocolClient (GrpcServerProtocolClient.java:close(105)) - omNode-1 Close channels
2025-04-24 14:04:18,073 [grpc-default-executor-2] INFO  server.GrpcServerProtocolService (GrpcServerProtocolService.java:lambda$onCompleted$5(159)) - omNode-2: Completed APPEND_ENTRIES, lastReply: serverReply {
  requestorId: "omNode-3"
  replyId: "omNode-2"
  raftGroupId {
    id: "\311\274L\364;\303<`\246kR9\206\023\0256"
  }
  callId: 16
  success: true
}
term: 14
nextIndex: 314
followerCommit: 313
matchIndex: 18446744073709551615
isHearbeat: true

2025-04-24 14:04:18,073 [grpc-default-executor-4] INFO  server.GrpcServerProtocolService (GrpcServerProtocolService.java:onCompleted(157)) - omNode-2: Completed APPEND_ENTRIES, lastRequest: omNode-3->omNode-2#30-t14,previous=(t:14, i:322),leaderCommit=322,initializing? false,entries: size=1, first=(t:14, i:323), METADATAENTRY(c:322)
2025-04-24 14:04:18,073 [grpc-default-executor-4] INFO  server.GrpcServerProtocolService (GrpcServerProtocolService.java:lambda$onCompleted$5(159)) - omNode-2: Completed APPEND_ENTRIES, lastReply: null
2025-04-24 14:04:18,074 [grpc-default-executor-6] INFO  server.GrpcLogAppender (GrpcLogAppender.java:onCompleted(550)) - omNode-3@group-523986131536->omNode-2-AppendLogResponseHandler: follower responses appendEntries COMPLETED
2025-04-24 14:04:18,074 [grpc-default-executor-1] INFO  server.GrpcLogAppender (GrpcLogAppender.java:onCompleted(550)) - omNode-3@group-523986131536->omNode-2-AppendLogResponseHandler: follower responses appendEntries COMPLETED
2025-04-24 14:04:18,074 [omNode-3-impl-thread1] INFO  impl.StateMachineUpdater (StateMachineUpdater.java:stopAndJoin(164)) - omNode-3@group-523986131536-StateMachineUpdater: set stopIndex = 323
2025-04-24 14:04:18,074 [Thread-5320] INFO  server.GrpcServerProtocolClient (GrpcServerProtocolClient.java:close(105)) - omNode-2 Close channels
2025-04-24 14:04:18,075 [main] INFO  server.GrpcService (GrpcService.java:closeImpl(352)) - omNode-3: shutdown server GrpcServerProtocolService successfully
2025-04-24 14:04:18,089 [Thread-5390] INFO  rocksdiff.RocksDBCheckpointDiffer (RocksDBCheckpointDiffer.java:shouldSkipCompaction(434)) - Skipped the compaction entry. Compaction input files: [/home/runner/work/ozone/ozone/hadoop-ozone/integration-test/target/test-dir/MiniOzoneClusterImpl-4e6105ad-12bc-4f18-9d37-351d73277e17/omNode-3/om.db/000173.sst, /home/runner/work/ozone/ozone/hadoop-ozone/integration-test/target/test-dir/MiniOzoneClusterImpl-4e6105ad-12bc-4f18-9d37-351d73277e17/omNode-3/om.db/000091.sst, /home/runner/work/ozone/ozone/hadoop-ozone/integration-test/target/test-dir/MiniOzoneClusterImpl-4e6105ad-12bc-4f18-9d37-351d73277e17/omNode-3/om.db/000071.sst, /home/runner/work/ozone/ozone/hadoop-ozone/integration-test/target/test-dir/MiniOzoneClusterImpl-4e6105ad-12bc-4f18-9d37-351d73277e17/omNode-3/om.db/000058.sst] and output files: [/home/runner/work/ozone/ozone/hadoop-ozone/integration-test/target/test-dir/MiniOzoneClusterImpl-4e6105ad-12bc-4f18-9d37-351d73277e17/omNode-3/om.db/000173.sst, /home/runner/work/ozone/ozone/hadoop-ozone/integration-test/target/test-dir/MiniOzoneClusterImpl-4e6105ad-12bc-4f18-9d37-351d73277e17/omNode-3/om.db/000091.sst, /home/runner/work/ozone/ozone/hadoop-ozone/integration-test/target/test-dir/MiniOzoneClusterImpl-4e6105ad-12bc-4f18-9d37-351d73277e17/omNode-3/om.db/000071.sst, /home/runner/work/ozone/ozone/hadoop-ozone/integration-test/target/test-dir/MiniOzoneClusterImpl-4e6105ad-12bc-4f18-9d37-351d73277e17/omNode-3/om.db/000058.sst] are same.
2025-04-24 14:04:18,090 [omNode-3@group-523986131536-StateMachineUpdater] INFO  ratis.OzoneManagerStateMachine (OzoneManagerStateMachine.java:takeSnapshotImpl(510)) - omNode-3: taking snapshot. applied = (t:14, i:323), skipped = 322, notified = (t:14, i:323), current snapshot index = (t:14, i:323), took 16 ms
2025-04-24 14:04:18,090 [omNode-3@group-523986131536-StateMachineUpdater] INFO  impl.StateMachineUpdater (StateMachineUpdater.java:takeSnapshot(303)) - omNode-3@group-523986131536-StateMachineUpdater: Took a snapshot at index 323
2025-04-24 14:04:18,090 [omNode-3@group-523986131536-StateMachineUpdater] INFO  impl.StateMachineUpdater (StateMachineUpdater.java:lambda$new$0(102)) - omNode-3@group-523986131536-StateMachineUpdater: snapshotIndex: updateIncreasingly 307 -> 323
2025-04-24 14:04:18,090 [omNode-3@group-523986131536-StateMachineUpdater] INFO  raftlog.RaftLog (RaftLogBase.java:purge(325)) - omNode-3@group-523986131536-SegmentedRaftLog: purge 323
2025-04-24 14:04:18,090 [omNode-3@group-523986131536-StateMachineUpdater] INFO  raftlog.RaftLog (RaftLogBase.java:lambda$new$0(54)) - omNode-3@group-523986131536-SegmentedRaftLog: snapshotIndex: updateIncreasingly 307 -> 323
2025-04-24 14:04:18,090 [omNode-3@group-523986131536-StateMachineUpdater] INFO  raftlog.RaftLog (SegmentedRaftLog.java:purgeImpl(382)) - omNode-3@group-523986131536-SegmentedRaftLog: purge(323)
  toTruncate: null
    toDelete: [(310, 311) isOpen? false, length=0, newEndIndex=0, (308, 309) isOpen? false, length=0, newEndIndex=0, (106, 307) isOpen? false, length=0, newEndIndex=0]
2025-04-24 14:04:18,090 [omNode-3@group-523986131536-StateMachineUpdater] INFO  impl.StateMachineUpdater (StateMachineUpdater.java:stop(141)) - omNode-3@group-523986131536-StateMachineUpdater: closing OzoneManagerStateMachine, lastApplied=(t:14, i:323)
2025-04-24 14:04:18,091 [omNode-3@group-523986131536-StateMachineUpdater] INFO  ratis.OzoneManagerStateMachine (OzoneManagerStateMachine.java:close(550)) - Stopping OzoneManagerStateMachine:omNode-3:group-523986131536.
2025-04-24 14:04:18,091 [omNode-3@group-523986131536-StateMachineUpdater] INFO  ratis.OzoneManagerDoubleBuffer (OzoneManagerDoubleBuffer.java:stopDaemon(500)) - Stopping OMDoubleBuffer flush thread
2025-04-24 14:04:18,091 [omNode-3-OMDoubleBufferFlushThread] INFO  ratis.OzoneManagerDoubleBuffer (OzoneManagerDoubleBuffer.java:canFlush(559)) - OMDoubleBuffer flush thread omNode-3-OMDoubleBufferFlushThread is interrupted and will exit.
2025-04-24 14:04:18,091 [omNode-3@group-523986131536-SegmentedRaftLogWorker] INFO  segmented.SegmentedRaftLogWorker (SegmentedRaftLogWorker.java:execute(481)) - omNode-3@group-523986131536-SegmentedRaftLogWorker: Purged RaftLog segment: info=(310, 311) isOpen? false, length=0, newEndIndex=0, path=/home/runner/work/ozone/ozone/hadoop-ozone/integration-test/target/test-dir/MiniOzoneClusterImpl-4e6105ad-12bc-4f18-9d37-351d73277e17/omNode-3/ratis/c9bc4cf4-3bc3-3c60-a66b-523986131536/current/log_310-311
2025-04-24 14:04:18,091 [omNode-3@group-523986131536-SegmentedRaftLogWorker] INFO  segmented.SegmentedRaftLogWorker (SegmentedRaftLogWorker.java:execute(481)) - omNode-3@group-523986131536-SegmentedRaftLogWorker: Purged RaftLog segment: info=(308, 309) isOpen? false, length=0, newEndIndex=0, path=/home/runner/work/ozone/ozone/hadoop-ozone/integration-test/target/test-dir/MiniOzoneClusterImpl-4e6105ad-12bc-4f18-9d37-351d73277e17/omNode-3/ratis/c9bc4cf4-3bc3-3c60-a66b-523986131536/current/log_308-309
2025-04-24 14:04:18,091 [omNode-3@group-523986131536-SegmentedRaftLogWorker] INFO  segmented.SegmentedRaftLogWorker (SegmentedRaftLogWorker.java:execute(481)) - omNode-3@group-523986131536-SegmentedRaftLogWorker: Purged RaftLog segment: info=(106, 307) isOpen? false, length=0, newEndIndex=0, path=/home/runner/work/ozone/ozone/hadoop-ozone/integration-test/target/test-dir/MiniOzoneClusterImpl-4e6105ad-12bc-4f18-9d37-351d73277e17/omNode-3/ratis/c9bc4cf4-3bc3-3c60-a66b-523986131536/current/log_106-307
2025-04-24 14:04:18,091 [omNode-3@group-523986131536-SegmentedRaftLogWorker] INFO  raftlog.RaftLog (RaftLogBase.java:lambda$new$0(54)) - omNode-3@group-523986131536-SegmentedRaftLog: purgeIndex: updateToMax old=105, new=311, updated? true
2025-04-24 14:04:18,091 [omNode-3@group-523986131536-cacheEviction-AwaitToRun] INFO  util.AwaitToRun (AwaitToRun.java:run(49)) - omNode-3@group-523986131536-cacheEviction-AwaitToRun-AwaitForSignal is interrupted
2025-04-24 14:04:19,092 [omNode-3-impl-thread1] INFO  segmented.SegmentedRaftLogWorker (SegmentedRaftLogWorker.java:close(252)) - omNode-3@group-523986131536-SegmentedRaftLogWorker close()
2025-04-24 14:04:19,093 [JvmPauseMonitor29] INFO  util.JvmPauseMonitor (JvmPauseMonitor.java:run(152)) - JvmPauseMonitor-omNode-3: Stopped
2025-04-24 14:04:19,093 [main] INFO  utils.BackgroundService (BackgroundService.java:shutdown(161)) - Shutting down service KeyDeletingService
2025-04-24 14:04:19,094 [main] INFO  utils.BackgroundService (BackgroundService.java:shutdown(161)) - Shutting down service DirectoryDeletingService
2025-04-24 14:04:19,095 [main] INFO  utils.BackgroundService (BackgroundService.java:shutdown(161)) - Shutting down service OpenKeyCleanupService
2025-04-24 14:04:19,095 [main] INFO  utils.BackgroundService (BackgroundService.java:shutdown(161)) - Shutting down service SstFilteringService
2025-04-24 14:04:19,095 [main] INFO  utils.BackgroundService (BackgroundService.java:shutdown(161)) - Shutting down service SnapshotDeletingService
2025-04-24 14:04:19,096 [main] INFO  utils.BackgroundService (BackgroundService.java:shutdown(161)) - Shutting down service MultipartUploadCleanupService
2025-04-24 14:04:19,097 [main] INFO  handler.ContextHandler (ContextHandler.java:doStop(1159)) - Stopped o.e.j.w.WebAppContext@472ce433{ozoneManager,/,null,STOPPED}{file:/home/runner/work/ozone/ozone/hadoop-ozone/integration-test/target/test-classes/webapps/ozoneManager}
2025-04-24 14:04:19,097 [main] INFO  server.AbstractConnector (AbstractConnector.java:doStop(383)) - Stopped ServerConnector@450c57b3{HTTP/1.1, (http/1.1)}{0.0.0.0:15015}
2025-04-24 14:04:19,097 [main] INFO  server.session (HouseKeeper.java:stopScavenging(149)) - node0 Stopped scavenging
2025-04-24 14:04:19,097 [main] INFO  handler.ContextHandler (ContextHandler.java:doStop(1159)) - Stopped o.e.j.s.ServletContextHandler@32cff83e{static,/static,file:///home/runner/work/ozone/ozone/hadoop-ozone/integration-test/target/test-classes/webapps/static,STOPPED}
2025-04-24 14:04:19,097 [main] INFO  handler.ContextHandler (ContextHandler.java:doStop(1159)) - Stopped o.e.j.s.ServletContextHandler@1c9cde1f{logs,/logs,file:///home/runner/work/ozone/ozone/hadoop-ozone/integration-test/target/log,STOPPED}
2025-04-24 14:04:19,098 [main] INFO  rocksdiff.RocksDBCheckpointDiffer (RocksDBCheckpointDiffer.java:close(304)) - Shutting down CompactionDagPruningService.
2025-04-24 14:04:19,100 [main] INFO  snapshot.SnapshotDiffManager (SnapshotDiffManager.java:closeExecutorService(1698)) - Shutting down executorService: 'SnapDiffExecutor'
2025-04-24 14:04:19,100 [main] INFO  utils.BackgroundService (BackgroundService.java:shutdown(161)) - Shutting down service SnapshotDiffCleanupService
2025-04-24 14:04:19,101 [main] INFO  om.OzoneManager (OzoneManager.java:stop(2347)) - omNode-1[localhost:15006]: Stopping Ozone Manager
2025-04-24 14:04:19,101 [main] INFO  om.OzoneManager (OzoneManager.java:stop(2347)) - omNode-2[localhost:15010]: Stopping Ozone Manager
2025-04-24 14:04:19,101 [main] INFO  ipc.Server (Server.java:stop(3697)) - Stopping server on 15010
2025-04-24 14:04:19,103 [IPC Server listener on 15010] INFO  ipc.Server (Server.java:run(1585)) - Stopping IPC Server listener on 15010
2025-04-24 14:04:19,103 [main] INFO  ratis.OzoneManagerRatisServer (OzoneManagerRatisServer.java:stop(634)) - Stopping org.apache.hadoop.ozone.om.ratis.OzoneManagerRatisServer@78cf3c60 at port 15013
2025-04-24 14:04:19,103 [main] INFO  server.RaftServer (RaftServerProxy.java:lambda$close$9(417)) - omNode-2: close
2025-04-24 14:04:19,103 [IPC Server Responder] INFO  ipc.Server (Server.java:run(1718)) - Stopping IPC Server Responder
2025-04-24 14:04:19,103 [main] INFO  server.GrpcService (GrpcService.java:closeImpl(343)) - omNode-2: shutdown server GrpcServerProtocolService now
2025-04-24 14:04:19,103 [omNode-2-impl-thread1] INFO  server.RaftServer$Division (RaftServerImpl.java:lambda$close$1(513)) - omNode-2@group-523986131536: shutdown
2025-04-24 14:04:19,104 [omNode-2-impl-thread1] INFO  util.JmxRegister (JmxRegister.java:unregister(74)) - Successfully un-registered JMX Bean with object name Ratis:service=RaftServer,group=group-523986131536,id=omNode-2
2025-04-24 14:04:19,104 [omNode-2-impl-thread1] INFO  impl.RoleInfo (RoleInfo.java:shutdownFollowerState(121)) - omNode-2: shutdown omNode-2@group-523986131536-FollowerState
2025-04-24 14:04:19,104 [omNode-2-impl-thread1] INFO  impl.StateMachineUpdater (StateMachineUpdater.java:stopAndJoin(164)) - omNode-2@group-523986131536-StateMachineUpdater: set stopIndex = 322
2025-04-24 14:04:19,104 [omNode-2@group-523986131536-FollowerState] INFO  impl.FollowerState (FollowerState.java:runImpl(170)) - omNode-2@group-523986131536-FollowerState was interrupted
2025-04-24 14:04:19,106 [main] INFO  server.GrpcService (GrpcService.java:closeImpl(352)) - omNode-2: shutdown server GrpcServerProtocolService successfully
2025-04-24 14:04:19,120 [omNode-2@group-523986131536-StateMachineUpdater] INFO  ratis.OzoneManagerStateMachine (OzoneManagerStateMachine.java:takeSnapshotImpl(510)) - omNode-2: taking snapshot. applied = (t:14, i:322), skipped = 320, notified = (t:14, i:321), current snapshot index = (t:14, i:322), took 16 ms
2025-04-24 14:04:19,120 [omNode-2@group-523986131536-StateMachineUpdater] INFO  impl.StateMachineUpdater (StateMachineUpdater.java:takeSnapshot(303)) - omNode-2@group-523986131536-StateMachineUpdater: Took a snapshot at index 322
2025-04-24 14:04:19,120 [omNode-2@group-523986131536-StateMachineUpdater] INFO  impl.StateMachineUpdater (StateMachineUpdater.java:lambda$new$0(102)) - omNode-2@group-523986131536-StateMachineUpdater: snapshotIndex: updateIncreasingly 309 -> 322
2025-04-24 14:04:19,120 [omNode-2@group-523986131536-StateMachineUpdater] INFO  raftlog.RaftLog (RaftLogBase.java:purge(325)) - omNode-2@group-523986131536-SegmentedRaftLog: purge 322
2025-04-24 14:04:19,120 [omNode-2@group-523986131536-StateMachineUpdater] INFO  raftlog.RaftLog (RaftLogBase.java:lambda$new$0(54)) - omNode-2@group-523986131536-SegmentedRaftLog: snapshotIndex: updateIncreasingly 309 -> 322
2025-04-24 14:04:19,120 [omNode-2@group-523986131536-StateMachineUpdater] INFO  raftlog.RaftLog (SegmentedRaftLog.java:purgeImpl(382)) - omNode-2@group-523986131536-SegmentedRaftLog: purge(322)
  toTruncate: null
    toDelete: [(310, 311) isOpen? false, length=0, newEndIndex=0, (308, 309) isOpen? false, length=0, newEndIndex=0, (106, 307) isOpen? false, length=0, newEndIndex=0]
2025-04-24 14:04:19,120 [omNode-2@group-523986131536-StateMachineUpdater] INFO  impl.StateMachineUpdater (StateMachineUpdater.java:stop(141)) - omNode-2@group-523986131536-StateMachineUpdater: closing OzoneManagerStateMachine, lastApplied=(t:14, i:322)
2025-04-24 14:04:19,120 [omNode-2@group-523986131536-StateMachineUpdater] INFO  ratis.OzoneManagerStateMachine (OzoneManagerStateMachine.java:close(550)) - Stopping OzoneManagerStateMachine:omNode-2:group-523986131536.
2025-04-24 14:04:19,120 [omNode-2@group-523986131536-StateMachineUpdater] INFO  ratis.OzoneManagerDoubleBuffer (OzoneManagerDoubleBuffer.java:stopDaemon(500)) - Stopping OMDoubleBuffer flush thread
2025-04-24 14:04:19,121 [omNode-2-OMDoubleBufferFlushThread] INFO  ratis.OzoneManagerDoubleBuffer (OzoneManagerDoubleBuffer.java:canFlush(559)) - OMDoubleBuffer flush thread omNode-2-OMDoubleBufferFlushThread is interrupted and will exit.
2025-04-24 14:04:19,121 [omNode-2@group-523986131536-SegmentedRaftLogWorker] INFO  segmented.SegmentedRaftLogWorker (SegmentedRaftLogWorker.java:execute(481)) - omNode-2@group-523986131536-SegmentedRaftLogWorker: Purged RaftLog segment: info=(310, 311) isOpen? false, length=0, newEndIndex=0, path=/home/runner/work/ozone/ozone/hadoop-ozone/integration-test/target/test-dir/MiniOzoneClusterImpl-4e6105ad-12bc-4f18-9d37-351d73277e17/omNode-2/ratis/c9bc4cf4-3bc3-3c60-a66b-523986131536/current/log_310-311
2025-04-24 14:04:19,121 [omNode-2@group-523986131536-SegmentedRaftLogWorker] INFO  segmented.SegmentedRaftLogWorker (SegmentedRaftLogWorker.java:execute(481)) - omNode-2@group-523986131536-SegmentedRaftLogWorker: Purged RaftLog segment: info=(308, 309) isOpen? false, length=0, newEndIndex=0, path=/home/runner/work/ozone/ozone/hadoop-ozone/integration-test/target/test-dir/MiniOzoneClusterImpl-4e6105ad-12bc-4f18-9d37-351d73277e17/omNode-2/ratis/c9bc4cf4-3bc3-3c60-a66b-523986131536/current/log_308-309
2025-04-24 14:04:19,121 [omNode-2@group-523986131536-SegmentedRaftLogWorker] INFO  segmented.SegmentedRaftLogWorker (SegmentedRaftLogWorker.java:execute(481)) - omNode-2@group-523986131536-SegmentedRaftLogWorker: Purged RaftLog segment: info=(106, 307) isOpen? false, length=0, newEndIndex=0, path=/home/runner/work/ozone/ozone/hadoop-ozone/integration-test/target/test-dir/MiniOzoneClusterImpl-4e6105ad-12bc-4f18-9d37-351d73277e17/omNode-2/ratis/c9bc4cf4-3bc3-3c60-a66b-523986131536/current/log_106-307
2025-04-24 14:04:19,121 [omNode-2@group-523986131536-SegmentedRaftLogWorker] INFO  raftlog.RaftLog (RaftLogBase.java:lambda$new$0(54)) - omNode-2@group-523986131536-SegmentedRaftLog: purgeIndex: updateToMax old=105, new=311, updated? true
2025-04-24 14:04:19,121 [omNode-2@group-523986131536-cacheEviction-AwaitToRun] INFO  util.AwaitToRun (AwaitToRun.java:run(49)) - omNode-2@group-523986131536-cacheEviction-AwaitToRun-AwaitForSignal is interrupted
2025-04-24 14:04:20,122 [omNode-2-impl-thread1] INFO  segmented.SegmentedRaftLogWorker (SegmentedRaftLogWorker.java:close(252)) - omNode-2@group-523986131536-SegmentedRaftLogWorker close()
2025-04-24 14:04:20,122 [JvmPauseMonitor31] INFO  util.JvmPauseMonitor (JvmPauseMonitor.java:run(152)) - JvmPauseMonitor-omNode-2: Stopped
2025-04-24 14:04:20,123 [main] INFO  utils.BackgroundService (BackgroundService.java:shutdown(161)) - Shutting down service KeyDeletingService
2025-04-24 14:04:20,123 [main] INFO  utils.BackgroundService (BackgroundService.java:shutdown(161)) - Shutting down service DirectoryDeletingService
2025-04-24 14:04:20,124 [main] INFO  utils.BackgroundService (BackgroundService.java:shutdown(161)) - Shutting down service OpenKeyCleanupService
2025-04-24 14:04:20,124 [main] INFO  utils.BackgroundService (BackgroundService.java:shutdown(161)) - Shutting down service SstFilteringService
2025-04-24 14:04:20,124 [main] INFO  utils.BackgroundService (BackgroundService.java:shutdown(161)) - Shutting down service SnapshotDeletingService
2025-04-24 14:04:20,125 [main] INFO  utils.BackgroundService (BackgroundService.java:shutdown(161)) - Shutting down service MultipartUploadCleanupService
2025-04-24 14:04:20,125 [main] INFO  handler.ContextHandler (ContextHandler.java:doStop(1159)) - Stopped o.e.j.w.WebAppContext@54faea06{ozoneManager,/,null,STOPPED}{file:/home/runner/work/ozone/ozone/hadoop-ozone/integration-test/target/test-classes/webapps/ozoneManager}
2025-04-24 14:04:20,126 [main] INFO  server.AbstractConnector (AbstractConnector.java:doStop(383)) - Stopped ServerConnector@2f133e1a{HTTP/1.1, (http/1.1)}{0.0.0.0:15011}
2025-04-24 14:04:20,126 [main] INFO  server.session (HouseKeeper.java:stopScavenging(149)) - node0 Stopped scavenging
2025-04-24 14:04:20,126 [main] INFO  handler.ContextHandler (ContextHandler.java:doStop(1159)) - Stopped o.e.j.s.ServletContextHandler@5168b35{static,/static,file:///home/runner/work/ozone/ozone/hadoop-ozone/integration-test/target/test-classes/webapps/static,STOPPED}
2025-04-24 14:04:20,126 [main] INFO  handler.ContextHandler (ContextHandler.java:doStop(1159)) - Stopped o.e.j.s.ServletContextHandler@2cfa2f35{logs,/logs,file:///home/runner/work/ozone/ozone/hadoop-ozone/integration-test/target/log,STOPPED}
2025-04-24 14:04:20,127 [main] INFO  rocksdiff.RocksDBCheckpointDiffer (RocksDBCheckpointDiffer.java:close(304)) - Shutting down CompactionDagPruningService.
2025-04-24 14:04:20,128 [main] INFO  snapshot.SnapshotDiffManager (SnapshotDiffManager.java:closeExecutorService(1698)) - Shutting down executorService: 'SnapDiffExecutor'
2025-04-24 14:04:20,128 [main] INFO  utils.BackgroundService (BackgroundService.java:shutdown(161)) - Shutting down service SnapshotDiffCleanupService
2025-04-24 14:04:20,129 [main] INFO  om.OzoneManager (OzoneManager.java:restart(1878)) - OzoneManager RPC server is listening at localhost/127.0.0.1:15014
2025-04-24 14:04:20,129 [main] INFO  impl.MetricsSystemImpl (MetricsSystemImpl.java:init(158)) - OzoneManager metrics system started (again)
2025-04-24 14:04:20,141 [main] WARN  server.ServerUtils (ServerUtils.java:getDBPath(297)) - ozone.om.db.dirs is not configured. We recommend adding this setting. Falling back to ozone.metadata.dirs instead.
2025-04-24 14:04:20,181 [main] INFO  om.OzoneManager (OzoneManager.java:instantiateServices(933)) - S3 Multi-Tenancy is disabled
2025-04-24 14:04:20,181 [main] INFO  om.OmSnapshotManager (OmSnapshotManager.java:<init>(180)) - Ozone filesystem snapshot feature is enabled.
2025-04-24 14:04:20,182 [main] WARN  server.ServerUtils (ServerUtils.java:getDBPath(297)) - ozone.om.snapshot.diff.db.dir is not configured. We recommend adding this setting. Falling back to ozone.metadata.dirs instead.
2025-04-24 14:04:20,195 [main] WARN  server.ServerUtils (ServerUtils.java:getDefaultRatisDirectory(309)) - Storage directory for Ratis is not configured. It is a good idea to map this to an SSD disk. Falling back to ozone.metadata.dirs
2025-04-24 14:04:20,196 [main] INFO  server.RaftServerConfigKeys (ConfUtils.java:logGet(46)) - raft.server.log.appender.buffer.byte-limit = 4194304 (custom)
2025-04-24 14:04:20,197 [main] INFO  ratis.OzoneManagerRatisServer (OzoneManagerRatisServer.java:<init>(167)) - Instantiating OM Ratis server with groupID: om-service-test1 and peers: localhost:15017, localhost:15009, localhost:15013
2025-04-24 14:04:20,197 [main] INFO  ratis.OzoneManagerStateMachine (OzoneManagerStateMachine.java:loadSnapshotInfoFromDB(611)) - LastAppliedIndex is set from TransactionInfo from OM DB as (t:14, i:323)
2025-04-24 14:04:20,197 [main] INFO  server.RaftServer (ConfUtils.java:logGet(46)) - raft.rpc.type = GRPC (default)
2025-04-24 14:04:20,197 [main] INFO  grpc.GrpcConfigKeys (ConfUtils.java:logFallback(53)) - raft.grpc.admin.host = null (fallback to raft.grpc.server.host)
2025-04-24 14:04:20,197 [main] INFO  grpc.GrpcConfigKeys (ConfUtils.java:logFallback(53)) - raft.grpc.admin.port = 15017 (fallback to raft.grpc.server.port)
2025-04-24 14:04:20,197 [main] INFO  grpc.GrpcConfigKeys (ConfUtils.java:logFallback(53)) - raft.grpc.client.host = null (fallback to raft.grpc.server.host)
2025-04-24 14:04:20,197 [main] INFO  grpc.GrpcConfigKeys (ConfUtils.java:logFallback(53)) - raft.grpc.client.port = 15017 (fallback to raft.grpc.server.port)
2025-04-24 14:04:20,198 [main] INFO  grpc.GrpcConfigKeys (ConfUtils.java:logGet(46)) - raft.grpc.server.host = null (default)
2025-04-24 14:04:20,198 [main] INFO  grpc.GrpcConfigKeys (ConfUtils.java:logGet(46)) - raft.grpc.server.port = 15017 (custom)
2025-04-24 14:04:20,198 [main] INFO  server.GrpcService (ConfUtils.java:logGet(46)) - raft.grpc.message.size.max = 5242880 (custom)
2025-04-24 14:04:20,198 [main] INFO  server.GrpcService (ConfUtils.java:logGet(46)) - raft.grpc.flow.control.window = 1MB (=1048576) (default)
2025-04-24 14:04:20,198 [main] INFO  server.RaftServerConfigKeys (ConfUtils.java:logGet(46)) - raft.server.rpc.request.timeout = 3000ms (default)
2025-04-24 14:04:20,198 [main] INFO  grpc.GrpcConfigKeys (ConfUtils.java:logGet(46)) - raft.grpc.server.heartbeat.channel = true (default)
2025-04-24 14:04:20,198 [main] INFO  server.RaftServerConfigKeys (ConfUtils.java:logGet(46)) - raft.server.log.appender.buffer.byte-limit = 4194304 (custom)
2025-04-24 14:04:20,198 [main] INFO  grpc.GrpcConfigKeys (ConfUtils.java:logGet(46)) - raft.grpc.server.async.request.thread.pool.cached = true (default)
2025-04-24 14:04:20,198 [main] INFO  grpc.GrpcConfigKeys (ConfUtils.java:logGet(46)) - raft.grpc.server.async.request.thread.pool.size = 32 (default)
2025-04-24 14:04:20,199 [main] INFO  impl.DataStreamServerImpl (ConfUtils.java:logGet(46)) - raft.datastream.type = DISABLED (default)
2025-04-24 14:04:20,199 [main] INFO  server.RaftServerConfigKeys (ConfUtils.java:logGet(46)) - raft.server.sleep.deviation.threshold = 300ms (default)
2025-04-24 14:04:20,199 [main] INFO  server.RaftServerConfigKeys (ConfUtils.java:logGet(46)) - raft.server.close.threshold = 60s (default)
2025-04-24 14:04:20,199 [main] INFO  server.RaftServerConfigKeys (ConfUtils.java:logGet(46)) - raft.server.leaderelection.leader.step-down.wait-time = 10s (default)
2025-04-24 14:04:20,199 [main] INFO  server.RaftServerConfigKeys (ConfUtils.java:logGet(46)) - raft.server.storage.dir = [/home/runner/work/ozone/ozone/hadoop-ozone/integration-test/target/test-dir/MiniOzoneClusterImpl-4e6105ad-12bc-4f18-9d37-351d73277e17/omNode-3/ratis] (custom)
2025-04-24 14:04:20,199 [main] INFO  server.RaftServerConfigKeys (ConfUtils.java:logGet(46)) - raft.server.threadpool.proxy.cached = true (default)
2025-04-24 14:04:20,199 [main] INFO  server.RaftServerConfigKeys (ConfUtils.java:logGet(46)) - raft.server.threadpool.proxy.size = 0 (default)
2025-04-24 14:04:20,200 [omNode-3-impl-thread1] INFO  server.RaftServer (RaftServerProxy.java:initGroupDir(265)) - omNode-3: found a subdirectory /home/runner/work/ozone/ozone/hadoop-ozone/integration-test/target/test-dir/MiniOzoneClusterImpl-4e6105ad-12bc-4f18-9d37-351d73277e17/omNode-3/ratis/c9bc4cf4-3bc3-3c60-a66b-523986131536
2025-04-24 14:04:20,200 [main] INFO  server.RaftServer (RaftServerProxy.java:addNew(100)) - omNode-3: addNew group-523986131536:[omNode-3|localhost:15017, omNode-1|localhost:15009, omNode-2|localhost:15013] returns group-523986131536:java.util.concurrent.CompletableFuture@6ef66ada[Not completed]
2025-04-24 14:04:20,200 [main] INFO  om.OzoneManager (OzoneManager.java:initializeRatisServer(2303)) - OzoneManager Ratis server initialized at port 15017
2025-04-24 14:04:20,200 [main] INFO  ratis.OzoneManagerRatisServer (OzoneManagerRatisServer.java:start(628)) - Starting OzoneManagerRatisServer omNode-3 at port 15017
2025-04-24 14:04:20,200 [omNode-3-groupManagement] INFO  server.RaftServer$Division (RaftServerImpl.java:<init>(255)) - omNode-3: new RaftServerImpl for group-523986131536:[omNode-3|localhost:15017, omNode-1|localhost:15009, omNode-2|localhost:15013] with OzoneManagerStateMachine:uninitialized
2025-04-24 14:04:20,200 [omNode-3-groupManagement] INFO  server.RaftServerConfigKeys (ConfUtils.java:logGet(46)) - raft.server.rpc.timeout.min = 1s (custom)
2025-04-24 14:04:20,200 [omNode-3-groupManagement] INFO  server.RaftServerConfigKeys (ConfUtils.java:logGet(46)) - raft.server.rpc.timeout.max = 1200ms (custom)
2025-04-24 14:04:20,200 [omNode-3-groupManagement] INFO  server.RaftServerConfigKeys (ConfUtils.java:logGet(46)) - raft.server.rpc.sleep.time = 25ms (default)
2025-04-24 14:04:20,200 [omNode-3-groupManagement] INFO  server.RaftServerConfigKeys (ConfUtils.java:logGet(46)) - raft.server.rpc.slowness.timeout = 2s (custom)
2025-04-24 14:04:20,200 [omNode-3-groupManagement] INFO  server.RaftServerConfigKeys (ConfUtils.java:logGet(46)) - raft.server.leaderelection.leader.step-down.wait-time = 10s (default)
2025-04-24 14:04:20,200 [omNode-3-groupManagement] INFO  server.RaftServerConfigKeys (ConfUtils.java:logGet(46)) - raft.server.leaderelection.member.majority-add = false (default)
2025-04-24 14:04:20,200 [omNode-3-groupManagement] INFO  server.RaftServerConfigKeys (ConfUtils.java:logGet(46)) - raft.server.sleep.deviation.threshold = 300ms (default)
2025-04-24 14:04:20,200 [omNode-3-groupManagement] INFO  server.RaftServer$Division (ServerState.java:<init>(114)) - omNode-3@group-523986131536: ConfigurationManager, init=conf: {index: -1, cur=peers:[omNode-3|localhost:15017, omNode-1|localhost:15009, omNode-2|localhost:15013]|listeners:[], old=null}, confs=<EMPTY_MAP>
2025-04-24 14:04:20,200 [omNode-3-groupManagement] INFO  server.RaftServerConfigKeys (ConfUtils.java:logGet(46)) - raft.server.notification.no-leader.timeout = 2s (custom)
2025-04-24 14:04:20,200 [omNode-3-groupManagement] INFO  server.RaftServerConfigKeys (ConfUtils.java:logGet(46)) - raft.server.read.timeout = 10s (default)
2025-04-24 14:04:20,200 [omNode-3-groupManagement] INFO  server.RaftServerConfigKeys (ConfUtils.java:logGet(46)) - raft.server.retrycache.expirytime = 30000ms (custom)
2025-04-24 14:04:20,200 [omNode-3-groupManagement] INFO  server.RaftServerConfigKeys (ConfUtils.java:logGet(46)) - raft.server.retrycache.statistics.expirytime = 100ms (default)
2025-04-24 14:04:20,200 [omNode-3-groupManagement] INFO  server.RaftServerConfigKeys (ConfUtils.java:logGet(46)) - raft.server.read.option = DEFAULT (default)
2025-04-24 14:04:20,201 [omNode-3-groupManagement] INFO  server.RaftServerConfigKeys (ConfUtils.java:logGet(46)) - raft.server.read.read-after-write-consistent.write-index-cache.expiry-time = 60s (default)
2025-04-24 14:04:20,202 [omNode-3-groupManagement] INFO  server.RaftServerConfigKeys (ConfUtils.java:logGet(46)) - raft.server.rpc.request.timeout = 3000ms (default)
2025-04-24 14:04:20,202 [omNode-3-groupManagement] INFO  server.RaftServerConfigKeys (ConfUtils.java:logGet(46)) - raft.server.log.appender.install.snapshot.enabled = false (custom)
2025-04-24 14:04:20,202 [omNode-3-groupManagement] INFO  server.RaftServerConfigKeys (ConfUtils.java:logGet(46)) - raft.server.threadpool.server.cached = true (default)
2025-04-24 14:04:20,202 [omNode-3-groupManagement] INFO  server.RaftServerConfigKeys (ConfUtils.java:logGet(46)) - raft.server.threadpool.server.size = 0 (default)
2025-04-24 14:04:20,202 [omNode-3-groupManagement] INFO  server.RaftServerConfigKeys (ConfUtils.java:logGet(46)) - raft.server.threadpool.client.cached = true (default)
2025-04-24 14:04:20,202 [omNode-3-groupManagement] INFO  server.RaftServerConfigKeys (ConfUtils.java:logGet(46)) - raft.server.threadpool.client.size = 0 (default)
2025-04-24 14:04:20,202 [omNode-3-impl-thread1] INFO  server.RaftServerConfigKeys (ConfUtils.java:logGet(46)) - raft.server.storage.free-space.min = 0MB (=0) (default)
2025-04-24 14:04:20,202 [omNode-3-impl-thread1] INFO  server.RaftServerConfigKeys (ConfUtils.java:logGet(46)) - raft.server.log.corruption.policy = EXCEPTION (default)
2025-04-24 14:04:20,202 [omNode-3-impl-thread1] INFO  server.RaftServerConfigKeys (ConfUtils.java:logGet(46)) - raft.server.storage.dir = [/home/runner/work/ozone/ozone/hadoop-ozone/integration-test/target/test-dir/MiniOzoneClusterImpl-4e6105ad-12bc-4f18-9d37-351d73277e17/omNode-3/ratis] (custom)
2025-04-24 14:04:20,203 [omNode-3-impl-thread1] INFO  storage.RaftStorageDirectory (RaftStorageDirectoryImpl.java:tryLock(229)) - Lock on /home/runner/work/ozone/ozone/hadoop-ozone/integration-test/target/test-dir/MiniOzoneClusterImpl-4e6105ad-12bc-4f18-9d37-351d73277e17/omNode-3/ratis/c9bc4cf4-3bc3-3c60-a66b-523986131536/in_use.lock acquired by nodename 129728@fv-az2210-761
2025-04-24 14:04:20,203 [omNode-3-impl-thread1] INFO  storage.RaftStorage (RaftStorageImpl.java:analyzeAndRecoverStorage(118)) - Read RaftStorageMetadata{term=14, votedFor=omNode-3} from /home/runner/work/ozone/ozone/hadoop-ozone/integration-test/target/test-dir/MiniOzoneClusterImpl-4e6105ad-12bc-4f18-9d37-351d73277e17/omNode-3/ratis/c9bc4cf4-3bc3-3c60-a66b-523986131536/current/raft-meta
2025-04-24 14:04:20,203 [omNode-3-impl-thread1] INFO  server.RaftServer$Division (ServerState.java:setRaftConf(386)) - omNode-3@group-523986131536: set configuration conf: {index: 312, cur=peers:[omNode-3|localhost:15017, omNode-1|localhost:15009, omNode-2|localhost:15013]|listeners:[], old=null}
2025-04-24 14:04:20,203 [omNode-3-impl-thread1] INFO  ratis.OzoneManagerStateMachine (OzoneManagerStateMachine.java:lambda$0(138)) - omNode-3: initialize group-523986131536 with (t:14, i:323)
2025-04-24 14:04:20,204 [omNode-3-impl-thread1] INFO  server.RaftServerConfigKeys (ConfUtils.java:logGet(46)) - raft.server.log.use.memory = false (default)
2025-04-24 14:04:20,204 [omNode-3-impl-thread1] INFO  server.RaftServerConfigKeys (ConfUtils.java:logGet(46)) - raft.server.log.purge.gap = 50 (custom)
2025-04-24 14:04:20,204 [omNode-3-impl-thread1] INFO  server.RaftServerConfigKeys (ConfUtils.java:logGet(46)) - raft.server.log.appender.buffer.byte-limit = 4194304 (custom)
2025-04-24 14:04:20,204 [omNode-3-impl-thread1] INFO  server.RaftServerConfigKeys (ConfUtils.java:logGet(46)) - raft.server.log.statemachine.data.read.timeout = 1000ms (default)
2025-04-24 14:04:20,204 [omNode-3-impl-thread1] INFO  server.RaftServerConfigKeys (ConfUtils.java:logGet(46)) - raft.server.log.purge.preservation.log.num = 0 (default)
2025-04-24 14:04:20,204 [omNode-3-impl-thread1] INFO  server.RaftServerConfigKeys (ConfUtils.java:logGet(46)) - raft.server.log.segment.size.max = 4194304 (custom)
2025-04-24 14:04:20,205 [omNode-3-impl-thread1] INFO  server.RaftServerConfigKeys (ConfUtils.java:logGet(46)) - raft.server.log.segment.cache.num.max = 2 (custom)
2025-04-24 14:04:20,205 [omNode-3-impl-thread1] INFO  server.RaftServerConfigKeys (ConfUtils.java:logGet(46)) - raft.server.log.segment.cache.size.max = 200MB (=209715200) (default)
2025-04-24 14:04:20,205 [omNode-3-impl-thread1] INFO  server.RaftServerConfigKeys (ConfUtils.java:logGet(46)) - raft.server.log.appender.buffer.byte-limit = 4194304 (custom)
2025-04-24 14:04:20,205 [omNode-3-impl-thread1] INFO  util.AwaitToRun (AwaitToRun.java:start(81)) - Thread[#6322,omNode-3@group-523986131536-cacheEviction-AwaitToRun,5,main] started
2025-04-24 14:04:20,205 [omNode-3-impl-thread1] INFO  segmented.SegmentedRaftLogWorker (SegmentedRaftLogWorker.java:<init>(188)) - new omNode-3@group-523986131536-SegmentedRaftLogWorker for RaftStorageImpl:Storage Directory /home/runner/work/ozone/ozone/hadoop-ozone/integration-test/target/test-dir/MiniOzoneClusterImpl-4e6105ad-12bc-4f18-9d37-351d73277e17/omNode-3/ratis/c9bc4cf4-3bc3-3c60-a66b-523986131536
2025-04-24 14:04:20,205 [omNode-3-impl-thread1] INFO  server.RaftServerConfigKeys (ConfUtils.java:logGet(46)) - raft.server.log.queue.byte-limit = 64MB (=67108864) (default)
2025-04-24 14:04:20,205 [omNode-3-impl-thread1] INFO  server.RaftServerConfigKeys (ConfUtils.java:logGet(46)) - raft.server.log.queue.element-limit = 4096 (default)
2025-04-24 14:04:20,205 [omNode-3-impl-thread1] INFO  server.RaftServerConfigKeys (ConfUtils.java:logGet(46)) - raft.server.log.segment.size.max = 4194304 (custom)
2025-04-24 14:04:20,205 [omNode-3-impl-thread1] INFO  server.RaftServerConfigKeys (ConfUtils.java:logGet(46)) - raft.server.log.preallocated.size = 4194304 (custom)
2025-04-24 14:04:20,205 [omNode-3-impl-thread1] INFO  server.RaftServerConfigKeys (ConfUtils.java:logGet(46)) - raft.server.log.force.sync.num = 128 (default)
2025-04-24 14:04:20,205 [omNode-3-impl-thread1] INFO  server.RaftServerConfigKeys (ConfUtils.java:logGet(46)) - raft.server.log.statemachine.data.sync = true (default)
2025-04-24 14:04:20,205 [omNode-3-impl-thread1] INFO  server.RaftServerConfigKeys (ConfUtils.java:logGet(46)) - raft.server.log.statemachine.data.sync.timeout = 10s (default)
2025-04-24 14:04:20,205 [omNode-3-impl-thread1] INFO  server.RaftServerConfigKeys (ConfUtils.java:logGet(46)) - raft.server.log.statemachine.data.sync.timeout.retry = -1 (default)
2025-04-24 14:04:20,205 [omNode-3-impl-thread1] INFO  server.RaftServerConfigKeys (ConfUtils.java:logGet(46)) - raft.server.log.write.buffer.size = 4194312 (custom)
2025-04-24 14:04:20,205 [omNode-3-impl-thread1] INFO  server.RaftServerConfigKeys (ConfUtils.java:logGet(46)) - raft.server.log.appender.buffer.byte-limit = 4194304 (custom)
2025-04-24 14:04:20,206 [omNode-3-impl-thread1] INFO  server.RaftServerConfigKeys (ConfUtils.java:logGet(46)) - raft.server.log.unsafe-flush.enabled = false (default)
2025-04-24 14:04:20,206 [omNode-3-impl-thread1] INFO  server.RaftServerConfigKeys (ConfUtils.java:logGet(46)) - raft.server.log.async-flush.enabled = false (default)
2025-04-24 14:04:20,206 [omNode-3-impl-thread1] INFO  server.RaftServerConfigKeys (ConfUtils.java:logGet(46)) - raft.server.log.statemachine.data.caching.enabled = false (default)
2025-04-24 14:04:20,206 [omNode-3-impl-thread1] INFO  server.RaftServer$Division (ServerState.java:setRaftConf(386)) - omNode-3@group-523986131536: set configuration conf: {index: 312, cur=peers:[omNode-3|localhost:15017, omNode-1|localhost:15009, omNode-2|localhost:15013]|listeners:[], old=null}
2025-04-24 14:04:20,206 [omNode-3-impl-thread1] INFO  segmented.LogSegment (LogSegment.java:loadSegment(171)) - Successfully read 12 entries from segment file /home/runner/work/ozone/ozone/hadoop-ozone/integration-test/target/test-dir/MiniOzoneClusterImpl-4e6105ad-12bc-4f18-9d37-351d73277e17/omNode-3/ratis/c9bc4cf4-3bc3-3c60-a66b-523986131536/current/log_inprogress_312
2025-04-24 14:04:20,206 [omNode-3-impl-thread1] INFO  segmented.SegmentedRaftLogWorker (SegmentedRaftLogWorker.java:lambda$new$0(139)) - omNode-3@group-523986131536-SegmentedRaftLogWorker: flushIndex: setUnconditionally 0 -> 323
2025-04-24 14:04:20,206 [omNode-3-impl-thread1] INFO  segmented.SegmentedRaftLogWorker (SegmentedRaftLogWorker.java:lambda$new$0(139)) - omNode-3@group-523986131536-SegmentedRaftLogWorker: safeCacheEvictIndex: setUnconditionally 0 -> -1
2025-04-24 14:04:20,206 [omNode-3-impl-thread1] INFO  segmented.BufferedWriteChannel (BufferedWriteChannel.java:open(61)) - open log_inprogress_312 (append) at position 2083
2025-04-24 14:04:20,206 [omNode-3-impl-thread1] INFO  raftlog.RaftLog (RaftLogBase.java:lambda$new$0(54)) - omNode-3@group-523986131536-SegmentedRaftLog: purgeIndex: updateToMax old=-1, new=311, updated? true
2025-04-24 14:04:20,206 [omNode-3-impl-thread1] INFO  server.RaftServer$Division (RaftServerImpl.java:start(391)) - omNode-3@group-523986131536: start as a follower, conf=conf: {index: 312, cur=peers:[omNode-3|localhost:15017, omNode-1|localhost:15009, omNode-2|localhost:15013]|listeners:[], old=null}
2025-04-24 14:04:20,206 [omNode-3-impl-thread1] INFO  server.RaftServer$Division (RaftServerImpl.java:setRole(378)) - omNode-3@group-523986131536: changes role from      null to FOLLOWER at term 14 for startAsFollower
2025-04-24 14:04:20,207 [omNode-3-impl-thread1] INFO  impl.RoleInfo (RoleInfo.java:updateAndGet(148)) - omNode-3: start omNode-3@group-523986131536-FollowerState
2025-04-24 14:04:20,207 [omNode-3-impl-thread1] INFO  util.JmxRegister (JmxRegister.java:tryRegister(44)) - Successfully registered JMX Bean with object name Ratis:service=RaftServer,group=group-523986131536,id=omNode-3
2025-04-24 14:04:20,207 [omNode-3-impl-thread1] INFO  util.JmxRegister (JmxRegister.java:register(58)) - register mxBean class org.apache.ratis.server.impl.RaftServerJmxAdapter as Ratis:service=RaftServer,group=group-523986131536,id=omNode-3
2025-04-24 14:04:20,207 [omNode-3@group-523986131536-FollowerState] INFO  server.RaftServerConfigKeys (ConfUtils.java:logFallback(53)) - raft.server.rpc.first-election.timeout.min = 1s (fallback to raft.server.rpc.timeout.min)
2025-04-24 14:04:20,207 [omNode-3-impl-thread1] INFO  server.RaftServerConfigKeys (ConfUtils.java:logGet(46)) - raft.server.snapshot.trigger-when-stop.enabled = true (default)
2025-04-24 14:04:20,207 [omNode-3@group-523986131536-FollowerState] INFO  server.RaftServerConfigKeys (ConfUtils.java:logFallback(53)) - raft.server.rpc.first-election.timeout.max = 1200ms (fallback to raft.server.rpc.timeout.max)
2025-04-24 14:04:20,207 [omNode-3-impl-thread1] INFO  server.RaftServerConfigKeys (ConfUtils.java:logGet(46)) - raft.server.snapshot.trigger-when-remove.enabled = true (default)
2025-04-24 14:04:20,207 [omNode-3-impl-thread1] INFO  server.RaftServerConfigKeys (ConfUtils.java:logGet(46)) - raft.server.snapshot.auto.trigger.enabled = true (custom)
2025-04-24 14:04:20,207 [omNode-3-impl-thread1] INFO  server.RaftServerConfigKeys (ConfUtils.java:logGet(46)) - raft.server.snapshot.auto.trigger.threshold = 50 (custom)
2025-04-24 14:04:20,207 [omNode-3-impl-thread1] INFO  server.RaftServerConfigKeys (ConfUtils.java:logGet(46)) - raft.server.snapshot.retention.file.num = -1 (default)
2025-04-24 14:04:20,207 [omNode-3-impl-thread1] INFO  server.RaftServerConfigKeys (ConfUtils.java:logGet(46)) - raft.server.log.purge.upto.snapshot.index = true (custom)
2025-04-24 14:04:20,207 [omNode-3-impl-thread1] INFO  server.RaftServer$Division (RaftServerImpl.java:start(405)) - omNode-3@group-523986131536: Successfully started.
2025-04-24 14:04:20,207 [main] INFO  server.RaftServer (RaftServerProxy.java:startImpl(407)) - omNode-3: start RPC server
2025-04-24 14:04:20,208 [main] INFO  server.GrpcService (GrpcService.java:startImpl(334)) - omNode-3: GrpcService started, listening on 15017
2025-04-24 14:04:20,208 [main] INFO  om.OzoneManager (OzoneManager.java:getRpcServer(1360)) - Creating RPC Server
2025-04-24 14:04:20,208 [JvmPauseMonitor32] INFO  util.JvmPauseMonitor (JvmPauseMonitor.java:run(146)) - JvmPauseMonitor-omNode-3: Started
2025-04-24 14:04:20,560 [main] INFO  reflections.Reflections (Reflections.java:scan(219)) - Reflections took 351 ms to scan 22 urls, producing 61 keys and 7423 values
2025-04-24 14:04:20,562 [main] INFO  ipc.CallQueueManager (CallQueueManager.java:<init>(93)) - Using callQueue: class java.util.concurrent.LinkedBlockingQueue, queueCapacity: 2000, scheduler: class org.apache.hadoop.ipc.DefaultRpcScheduler, ipcBackoff: false, ipcFailOver: false.
2025-04-24 14:04:20,562 [main] INFO  ipc.Server (Server.java:<init>(1438)) - Listener at localhost:15014
2025-04-24 14:04:20,562 [Socket Reader #1 for port 15014] INFO  ipc.Server (Server.java:run(1474)) - Starting Socket Reader #1 for port 15014
2025-04-24 14:04:20,563 [Socket Reader #2 for port 15014] INFO  ipc.Server (Server.java:run(1474)) - Starting Socket Reader #2 for port 15014
2025-04-24 14:04:20,563 [Socket Reader #3 for port 15014] INFO  ipc.Server (Server.java:run(1474)) - Starting Socket Reader #3 for port 15014
2025-04-24 14:04:20,563 [Socket Reader #4 for port 15014] INFO  ipc.Server (Server.java:run(1474)) - Starting Socket Reader #4 for port 15014
2025-04-24 14:04:20,563 [Socket Reader #5 for port 15014] INFO  ipc.Server (Server.java:run(1474)) - Starting Socket Reader #5 for port 15014
2025-04-24 14:04:20,563 [Socket Reader #6 for port 15014] INFO  ipc.Server (Server.java:run(1474)) - Starting Socket Reader #6 for port 15014
2025-04-24 14:04:20,563 [Socket Reader #7 for port 15014] INFO  ipc.Server (Server.java:run(1474)) - Starting Socket Reader #7 for port 15014
2025-04-24 14:04:20,564 [Socket Reader #8 for port 15014] INFO  ipc.Server (Server.java:run(1474)) - Starting Socket Reader #8 for port 15014
2025-04-24 14:04:20,564 [Socket Reader #9 for port 15014] INFO  ipc.Server (Server.java:run(1474)) - Starting Socket Reader #9 for port 15014
2025-04-24 14:04:20,564 [Socket Reader #10 for port 15014] INFO  ipc.Server (Server.java:run(1474)) - Starting Socket Reader #10 for port 15014
2025-04-24 14:04:20,565 [main] INFO  http.BaseHttpServer (BaseHttpServer.java:newHttpServer2BuilderForOzone(229)) - Starting Web-server for ozoneManager at: http://0.0.0.0:15015
2025-04-24 14:04:20,565 [main] INFO  http.BaseHttpServer (BaseHttpServer.java:<init>(107)) - Hadoop Security Enabled: false Ozone Security Enabled: false Ozone HTTP Security Enabled: false 
2025-04-24 14:04:20,566 [main] WARN  server.AuthenticationFilter (AuthenticationFilter.java:constructSecretProvider(240)) - Unable to initialize FileSignerSecretProvider, falling back to use random secrets. Reason: Could not read signature secret file: /home/runner/hadoop-http-auth-signature-secret
2025-04-24 14:04:20,568 [main] INFO  http.HttpServer2 (HttpServer2.java:addGlobalFilter(1041)) - Added global filter 'safety' (class=org.apache.hadoop.hdds.server.http.HttpServer2$QuotingInputFilter)
2025-04-24 14:04:20,568 [main] INFO  http.HttpServer2 (HttpServer2.java:addFilter(1017)) - Added filter static_user_filter (class=org.apache.hadoop.http.lib.StaticUserWebFilter$StaticUserFilter) to context ozoneManager
2025-04-24 14:04:20,568 [main] INFO  http.HttpServer2 (HttpServer2.java:addFilter(1025)) - Added filter static_user_filter (class=org.apache.hadoop.http.lib.StaticUserWebFilter$StaticUserFilter) to context static
2025-04-24 14:04:20,568 [main] INFO  http.HttpServer2 (HttpServer2.java:addFilter(1025)) - Added filter static_user_filter (class=org.apache.hadoop.http.lib.StaticUserWebFilter$StaticUserFilter) to context logs
2025-04-24 14:04:20,569 [main] INFO  http.BaseHttpServer (BaseHttpServer.java:<init>(195)) - HTTP server of ozoneManager uses base directory /home/runner/work/ozone/ozone/hadoop-ozone/integration-test/target/test-dir/MiniOzoneClusterImpl-4e6105ad-12bc-4f18-9d37-351d73277e17/omNode-3/webserver
2025-04-24 14:04:20,569 [main] INFO  http.HttpServer2 (HttpServer2.java:bindListener(1241)) - Jetty bound to port 15015
2025-04-24 14:04:20,569 [main] INFO  server.Server (Server.java:doStart(375)) - jetty-9.4.57.v20241219; built: 2025-01-08T21:24:30.412Z; git: df524e6b29271c2e09ba9aea83c18dc9db464a31; jvm 21.0.7+6-LTS
2025-04-24 14:04:20,570 [main] INFO  server.session (DefaultSessionIdManager.java:doStart(334)) - DefaultSessionIdManager workerName=node0
2025-04-24 14:04:20,570 [main] INFO  server.session (DefaultSessionIdManager.java:doStart(339)) - No SessionScavenger set, using defaults
2025-04-24 14:04:20,570 [main] INFO  server.session (HouseKeeper.java:startScavenging(132)) - node0 Scavenging every 660000ms
2025-04-24 14:04:20,571 [main] INFO  handler.ContextHandler (ContextHandler.java:doStart(921)) - Started o.e.j.s.ServletContextHandler@1b14c609{logs,/logs,file:///home/runner/work/ozone/ozone/hadoop-ozone/integration-test/target/log,AVAILABLE}
2025-04-24 14:04:20,571 [main] INFO  handler.ContextHandler (ContextHandler.java:doStart(921)) - Started o.e.j.s.ServletContextHandler@7ae35b3a{static,/static,file:///home/runner/work/ozone/ozone/hadoop-ozone/integration-test/target/test-classes/webapps/static,AVAILABLE}
2025-04-24 14:04:20,576 [main] INFO  handler.ContextHandler (ContextHandler.java:doStart(921)) - Started o.e.j.w.WebAppContext@5bd23c47{ozoneManager,/,file:///home/runner/work/ozone/ozone/hadoop-ozone/integration-test/target/test-classes/webapps/ozoneManager/,AVAILABLE}{file:/home/runner/work/ozone/ozone/hadoop-ozone/integration-test/target/test-classes/webapps/ozoneManager}
2025-04-24 14:04:20,577 [main] INFO  server.AbstractConnector (AbstractConnector.java:doStart(333)) - Started ServerConnector@28c8e9b7{HTTP/1.1, (http/1.1)}{0.0.0.0:15015}
2025-04-24 14:04:20,577 [main] INFO  server.Server (Server.java:doStart(415)) - Started @141909ms
2025-04-24 14:04:20,577 [main] WARN  impl.MetricsSystemImpl (MetricsSystemImpl.java:register(279)) - Sink prometheus already exists!
2025-04-24 14:04:20,577 [main] INFO  http.BaseHttpServer (BaseHttpServer.java:updateConnectorAddress(360)) - HTTP server of ozoneManager listening at http://0.0.0.0:15015
2025-04-24 14:04:20,577 [IPC Server Responder] INFO  ipc.Server (Server.java:run(1713)) - IPC Server Responder: starting
2025-04-24 14:04:20,578 [IPC Server listener on 15014] INFO  ipc.Server (Server.java:run(1553)) - IPC Server listener on 15014: starting
2025-04-24 14:04:20,580 [main] INFO  om.OzoneManager (OzoneManager.java:startTrashEmptier(2257)) - Trash Interval set to 0. Files deleted won't move to trash
2025-04-24 14:04:20,580 [main] INFO  om.OzoneManager (OzoneManager.java:restart(1878)) - OzoneManager RPC server is listening at localhost/127.0.0.1:15006
2025-04-24 14:04:20,580 [main] INFO  impl.MetricsSystemImpl (MetricsSystemImpl.java:init(158)) - OzoneManager metrics system started (again)
2025-04-24 14:04:20,590 [main] WARN  server.ServerUtils (ServerUtils.java:getDBPath(297)) - ozone.om.db.dirs is not configured. We recommend adding this setting. Falling back to ozone.metadata.dirs instead.
2025-04-24 14:04:20,628 [main] INFO  om.OzoneManager (OzoneManager.java:instantiateServices(933)) - S3 Multi-Tenancy is disabled
2025-04-24 14:04:20,628 [main] INFO  om.OmSnapshotManager (OmSnapshotManager.java:<init>(180)) - Ozone filesystem snapshot feature is enabled.
2025-04-24 14:04:20,628 [main] WARN  server.ServerUtils (ServerUtils.java:getDBPath(297)) - ozone.om.snapshot.diff.db.dir is not configured. We recommend adding this setting. Falling back to ozone.metadata.dirs instead.
2025-04-24 14:04:20,642 [main] WARN  dropwizard3.Dm3MetricRegistriesImpl (Dm3MetricRegistriesImpl.java:addReporterRegistration(114)) - New reporters are added after registries were created. Some metrics will be missing from the reporter. Please add reporter before adding any new registry.
2025-04-24 14:04:20,642 [main] WARN  dropwizard3.Dm3MetricRegistriesImpl (Dm3MetricRegistriesImpl.java:addReporterRegistration(114)) - New reporters are added after registries were created. Some metrics will be missing from the reporter. Please add reporter before adding any new registry.
2025-04-24 14:04:20,642 [main] WARN  server.ServerUtils (ServerUtils.java:getDefaultRatisDirectory(309)) - Storage directory for Ratis is not configured. It is a good idea to map this to an SSD disk. Falling back to ozone.metadata.dirs
2025-04-24 14:04:20,643 [main] INFO  server.RaftServerConfigKeys (ConfUtils.java:logGet(46)) - raft.server.log.appender.buffer.byte-limit = 4194304 (custom)
2025-04-24 14:04:20,644 [main] INFO  ratis.OzoneManagerRatisServer (OzoneManagerRatisServer.java:<init>(167)) - Instantiating OM Ratis server with groupID: om-service-test1 and peers: localhost:15009, localhost:15017, localhost:15013
2025-04-24 14:04:20,644 [main] INFO  ratis.OzoneManagerStateMachine (OzoneManagerStateMachine.java:loadSnapshotInfoFromDB(611)) - LastAppliedIndex is set from TransactionInfo from OM DB as (t:13, i:311)
2025-04-24 14:04:20,645 [main] INFO  server.RaftServer (ConfUtils.java:logGet(46)) - raft.rpc.type = GRPC (default)
2025-04-24 14:04:20,645 [main] INFO  grpc.GrpcConfigKeys (ConfUtils.java:logFallback(53)) - raft.grpc.admin.host = null (fallback to raft.grpc.server.host)
2025-04-24 14:04:20,645 [main] INFO  grpc.GrpcConfigKeys (ConfUtils.java:logFallback(53)) - raft.grpc.admin.port = 15009 (fallback to raft.grpc.server.port)
2025-04-24 14:04:20,645 [main] INFO  grpc.GrpcConfigKeys (ConfUtils.java:logFallback(53)) - raft.grpc.client.host = null (fallback to raft.grpc.server.host)
2025-04-24 14:04:20,645 [main] INFO  grpc.GrpcConfigKeys (ConfUtils.java:logFallback(53)) - raft.grpc.client.port = 15009 (fallback to raft.grpc.server.port)
2025-04-24 14:04:20,645 [main] INFO  grpc.GrpcConfigKeys (ConfUtils.java:logGet(46)) - raft.grpc.server.host = null (default)
2025-04-24 14:04:20,645 [main] INFO  grpc.GrpcConfigKeys (ConfUtils.java:logGet(46)) - raft.grpc.server.port = 15009 (custom)
2025-04-24 14:04:20,645 [main] INFO  server.GrpcService (ConfUtils.java:logGet(46)) - raft.grpc.message.size.max = 5242880 (custom)
2025-04-24 14:04:20,646 [main] INFO  server.GrpcService (ConfUtils.java:logGet(46)) - raft.grpc.flow.control.window = 1MB (=1048576) (default)
2025-04-24 14:04:20,646 [main] INFO  server.RaftServerConfigKeys (ConfUtils.java:logGet(46)) - raft.server.rpc.request.timeout = 3000ms (default)
2025-04-24 14:04:20,646 [main] INFO  grpc.GrpcConfigKeys (ConfUtils.java:logGet(46)) - raft.grpc.server.heartbeat.channel = true (default)
2025-04-24 14:04:20,646 [main] INFO  server.RaftServerConfigKeys (ConfUtils.java:logGet(46)) - raft.server.log.appender.buffer.byte-limit = 4194304 (custom)
2025-04-24 14:04:20,646 [main] INFO  grpc.GrpcConfigKeys (ConfUtils.java:logGet(46)) - raft.grpc.server.async.request.thread.pool.cached = true (default)
2025-04-24 14:04:20,646 [main] INFO  grpc.GrpcConfigKeys (ConfUtils.java:logGet(46)) - raft.grpc.server.async.request.thread.pool.size = 32 (default)
2025-04-24 14:04:20,647 [main] INFO  impl.DataStreamServerImpl (ConfUtils.java:logGet(46)) - raft.datastream.type = DISABLED (default)
2025-04-24 14:04:20,647 [main] INFO  server.RaftServerConfigKeys (ConfUtils.java:logGet(46)) - raft.server.sleep.deviation.threshold = 300ms (default)
2025-04-24 14:04:20,647 [main] INFO  server.RaftServerConfigKeys (ConfUtils.java:logGet(46)) - raft.server.close.threshold = 60s (default)
2025-04-24 14:04:20,647 [main] INFO  server.RaftServerConfigKeys (ConfUtils.java:logGet(46)) - raft.server.leaderelection.leader.step-down.wait-time = 10s (default)
2025-04-24 14:04:20,648 [main] INFO  server.RaftServerConfigKeys (ConfUtils.java:logGet(46)) - raft.server.storage.dir = [/home/runner/work/ozone/ozone/hadoop-ozone/integration-test/target/test-dir/MiniOzoneClusterImpl-4e6105ad-12bc-4f18-9d37-351d73277e17/omNode-1/ratis] (custom)
2025-04-24 14:04:20,648 [main] INFO  server.RaftServerConfigKeys (ConfUtils.java:logGet(46)) - raft.server.threadpool.proxy.cached = true (default)
2025-04-24 14:04:20,648 [main] INFO  server.RaftServerConfigKeys (ConfUtils.java:logGet(46)) - raft.server.threadpool.proxy.size = 0 (default)
2025-04-24 14:04:20,648 [omNode-1-impl-thread1] INFO  server.RaftServer (RaftServerProxy.java:initGroupDir(265)) - omNode-1: found a subdirectory /home/runner/work/ozone/ozone/hadoop-ozone/integration-test/target/test-dir/MiniOzoneClusterImpl-4e6105ad-12bc-4f18-9d37-351d73277e17/omNode-1/ratis/c9bc4cf4-3bc3-3c60-a66b-523986131536
2025-04-24 14:04:20,649 [main] INFO  server.RaftServer (RaftServerProxy.java:addNew(100)) - omNode-1: addNew group-523986131536:[omNode-3|localhost:15017, omNode-1|localhost:15009, omNode-2|localhost:15013] returns group-523986131536:java.util.concurrent.CompletableFuture@5b93d8c7[Not completed]
2025-04-24 14:04:20,649 [main] INFO  om.OzoneManager (OzoneManager.java:initializeRatisServer(2303)) - OzoneManager Ratis server initialized at port 15009
2025-04-24 14:04:20,649 [main] INFO  ratis.OzoneManagerRatisServer (OzoneManagerRatisServer.java:start(628)) - Starting OzoneManagerRatisServer omNode-1 at port 15009
2025-04-24 14:04:20,649 [omNode-1-groupManagement] INFO  server.RaftServer$Division (RaftServerImpl.java:<init>(255)) - omNode-1: new RaftServerImpl for group-523986131536:[omNode-3|localhost:15017, omNode-1|localhost:15009, omNode-2|localhost:15013] with OzoneManagerStateMachine:uninitialized
2025-04-24 14:04:20,649 [omNode-1-groupManagement] INFO  server.RaftServerConfigKeys (ConfUtils.java:logGet(46)) - raft.server.rpc.timeout.min = 1s (custom)
2025-04-24 14:04:20,649 [omNode-1-groupManagement] INFO  server.RaftServerConfigKeys (ConfUtils.java:logGet(46)) - raft.server.rpc.timeout.max = 1200ms (custom)
2025-04-24 14:04:20,649 [omNode-1-groupManagement] INFO  server.RaftServerConfigKeys (ConfUtils.java:logGet(46)) - raft.server.rpc.sleep.time = 25ms (default)
2025-04-24 14:04:20,649 [omNode-1-groupManagement] INFO  server.RaftServerConfigKeys (ConfUtils.java:logGet(46)) - raft.server.rpc.slowness.timeout = 2s (custom)
2025-04-24 14:04:20,649 [omNode-1-groupManagement] INFO  server.RaftServerConfigKeys (ConfUtils.java:logGet(46)) - raft.server.leaderelection.leader.step-down.wait-time = 10s (default)
2025-04-24 14:04:20,649 [omNode-1-groupManagement] INFO  server.RaftServerConfigKeys (ConfUtils.java:logGet(46)) - raft.server.leaderelection.member.majority-add = false (default)
2025-04-24 14:04:20,650 [omNode-1-groupManagement] INFO  server.RaftServerConfigKeys (ConfUtils.java:logGet(46)) - raft.server.sleep.deviation.threshold = 300ms (default)
2025-04-24 14:04:20,650 [omNode-1-groupManagement] INFO  server.RaftServer$Division (ServerState.java:<init>(114)) - omNode-1@group-523986131536: ConfigurationManager, init=conf: {index: -1, cur=peers:[omNode-3|localhost:15017, omNode-1|localhost:15009, omNode-2|localhost:15013]|listeners:[], old=null}, confs=<EMPTY_MAP>
2025-04-24 14:04:20,650 [omNode-1-groupManagement] INFO  server.RaftServerConfigKeys (ConfUtils.java:logGet(46)) - raft.server.notification.no-leader.timeout = 2s (custom)
2025-04-24 14:04:20,650 [omNode-1-groupManagement] INFO  server.RaftServerConfigKeys (ConfUtils.java:logGet(46)) - raft.server.read.timeout = 10s (default)
2025-04-24 14:04:20,650 [omNode-1-groupManagement] INFO  server.RaftServerConfigKeys (ConfUtils.java:logGet(46)) - raft.server.retrycache.expirytime = 30000ms (custom)
2025-04-24 14:04:20,650 [omNode-1-groupManagement] INFO  server.RaftServerConfigKeys (ConfUtils.java:logGet(46)) - raft.server.retrycache.statistics.expirytime = 100ms (default)
2025-04-24 14:04:20,650 [omNode-1-groupManagement] INFO  server.RaftServerConfigKeys (ConfUtils.java:logGet(46)) - raft.server.read.option = DEFAULT (default)
2025-04-24 14:04:20,650 [omNode-1-groupManagement] INFO  server.RaftServerConfigKeys (ConfUtils.java:logGet(46)) - raft.server.read.read-after-write-consistent.write-index-cache.expiry-time = 60s (default)
2025-04-24 14:04:20,652 [omNode-1-groupManagement] INFO  server.RaftServerConfigKeys (ConfUtils.java:logGet(46)) - raft.server.rpc.request.timeout = 3000ms (default)
2025-04-24 14:04:20,652 [omNode-1-groupManagement] INFO  server.RaftServerConfigKeys (ConfUtils.java:logGet(46)) - raft.server.log.appender.install.snapshot.enabled = false (custom)
2025-04-24 14:04:20,652 [omNode-1-groupManagement] INFO  server.RaftServerConfigKeys (ConfUtils.java:logGet(46)) - raft.server.threadpool.server.cached = true (default)
2025-04-24 14:04:20,652 [omNode-1-groupManagement] INFO  server.RaftServerConfigKeys (ConfUtils.java:logGet(46)) - raft.server.threadpool.server.size = 0 (default)
2025-04-24 14:04:20,652 [omNode-1-groupManagement] INFO  server.RaftServerConfigKeys (ConfUtils.java:logGet(46)) - raft.server.threadpool.client.cached = true (default)
2025-04-24 14:04:20,652 [omNode-1-groupManagement] INFO  server.RaftServerConfigKeys (ConfUtils.java:logGet(46)) - raft.server.threadpool.client.size = 0 (default)
2025-04-24 14:04:20,652 [omNode-1-impl-thread1] INFO  server.RaftServerConfigKeys (ConfUtils.java:logGet(46)) - raft.server.storage.free-space.min = 0MB (=0) (default)
2025-04-24 14:04:20,652 [omNode-1-impl-thread1] INFO  server.RaftServerConfigKeys (ConfUtils.java:logGet(46)) - raft.server.log.corruption.policy = EXCEPTION (default)
2025-04-24 14:04:20,652 [omNode-1-impl-thread1] INFO  server.RaftServerConfigKeys (ConfUtils.java:logGet(46)) - raft.server.storage.dir = [/home/runner/work/ozone/ozone/hadoop-ozone/integration-test/target/test-dir/MiniOzoneClusterImpl-4e6105ad-12bc-4f18-9d37-351d73277e17/omNode-1/ratis] (custom)
2025-04-24 14:04:20,654 [omNode-1-impl-thread1] INFO  storage.RaftStorageDirectory (RaftStorageDirectoryImpl.java:tryLock(229)) - Lock on /home/runner/work/ozone/ozone/hadoop-ozone/integration-test/target/test-dir/MiniOzoneClusterImpl-4e6105ad-12bc-4f18-9d37-351d73277e17/omNode-1/ratis/c9bc4cf4-3bc3-3c60-a66b-523986131536/in_use.lock acquired by nodename 129728@fv-az2210-761
2025-04-24 14:04:20,654 [omNode-1-impl-thread1] INFO  storage.RaftStorage (RaftStorageImpl.java:analyzeAndRecoverStorage(118)) - Read RaftStorageMetadata{term=13, votedFor=omNode-1} from /home/runner/work/ozone/ozone/hadoop-ozone/integration-test/target/test-dir/MiniOzoneClusterImpl-4e6105ad-12bc-4f18-9d37-351d73277e17/omNode-1/ratis/c9bc4cf4-3bc3-3c60-a66b-523986131536/current/raft-meta
2025-04-24 14:04:20,654 [omNode-1-impl-thread1] INFO  server.RaftServer$Division (ServerState.java:setRaftConf(386)) - omNode-1@group-523986131536: set configuration conf: {index: 310, cur=peers:[omNode-3|localhost:15017, omNode-1|localhost:15009, omNode-2|localhost:15013]|listeners:[], old=null}
2025-04-24 14:04:20,654 [omNode-1-impl-thread1] INFO  ratis.OzoneManagerStateMachine (OzoneManagerStateMachine.java:lambda$0(138)) - omNode-1: initialize group-523986131536 with (t:13, i:311)
2025-04-24 14:04:20,655 [omNode-1-impl-thread1] INFO  server.RaftServerConfigKeys (ConfUtils.java:logGet(46)) - raft.server.log.use.memory = false (default)
2025-04-24 14:04:20,655 [omNode-1-impl-thread1] INFO  server.RaftServerConfigKeys (ConfUtils.java:logGet(46)) - raft.server.log.purge.gap = 50 (custom)
2025-04-24 14:04:20,655 [omNode-1-impl-thread1] INFO  server.RaftServerConfigKeys (ConfUtils.java:logGet(46)) - raft.server.log.appender.buffer.byte-limit = 4194304 (custom)
2025-04-24 14:04:20,655 [omNode-1-impl-thread1] INFO  server.RaftServerConfigKeys (ConfUtils.java:logGet(46)) - raft.server.log.statemachine.data.read.timeout = 1000ms (default)
2025-04-24 14:04:20,655 [omNode-1-impl-thread1] INFO  server.RaftServerConfigKeys (ConfUtils.java:logGet(46)) - raft.server.log.purge.preservation.log.num = 0 (default)
2025-04-24 14:04:20,656 [omNode-1-impl-thread1] INFO  server.RaftServerConfigKeys (ConfUtils.java:logGet(46)) - raft.server.log.segment.size.max = 4194304 (custom)
2025-04-24 14:04:20,656 [omNode-1-impl-thread1] INFO  server.RaftServerConfigKeys (ConfUtils.java:logGet(46)) - raft.server.log.segment.cache.num.max = 2 (custom)
2025-04-24 14:04:20,656 [omNode-1-impl-thread1] INFO  server.RaftServerConfigKeys (ConfUtils.java:logGet(46)) - raft.server.log.segment.cache.size.max = 200MB (=209715200) (default)
2025-04-24 14:04:20,656 [omNode-1-impl-thread1] INFO  server.RaftServerConfigKeys (ConfUtils.java:logGet(46)) - raft.server.log.appender.buffer.byte-limit = 4194304 (custom)
2025-04-24 14:04:20,657 [omNode-1-impl-thread1] INFO  util.AwaitToRun (AwaitToRun.java:start(81)) - Thread[#6425,omNode-1@group-523986131536-cacheEviction-AwaitToRun,5,main] started
2025-04-24 14:04:20,657 [omNode-1-impl-thread1] INFO  segmented.SegmentedRaftLogWorker (SegmentedRaftLogWorker.java:<init>(188)) - new omNode-1@group-523986131536-SegmentedRaftLogWorker for RaftStorageImpl:Storage Directory /home/runner/work/ozone/ozone/hadoop-ozone/integration-test/target/test-dir/MiniOzoneClusterImpl-4e6105ad-12bc-4f18-9d37-351d73277e17/omNode-1/ratis/c9bc4cf4-3bc3-3c60-a66b-523986131536
2025-04-24 14:04:20,657 [omNode-1-impl-thread1] INFO  server.RaftServerConfigKeys (ConfUtils.java:logGet(46)) - raft.server.log.queue.byte-limit = 64MB (=67108864) (default)
2025-04-24 14:04:20,657 [omNode-1-impl-thread1] INFO  server.RaftServerConfigKeys (ConfUtils.java:logGet(46)) - raft.server.log.queue.element-limit = 4096 (default)
2025-04-24 14:04:20,657 [omNode-1-impl-thread1] INFO  server.RaftServerConfigKeys (ConfUtils.java:logGet(46)) - raft.server.log.segment.size.max = 4194304 (custom)
2025-04-24 14:04:20,657 [omNode-1-impl-thread1] INFO  server.RaftServerConfigKeys (ConfUtils.java:logGet(46)) - raft.server.log.preallocated.size = 4194304 (custom)
2025-04-24 14:04:20,657 [omNode-1-impl-thread1] INFO  server.RaftServerConfigKeys (ConfUtils.java:logGet(46)) - raft.server.log.force.sync.num = 128 (default)
2025-04-24 14:04:20,657 [omNode-1-impl-thread1] INFO  server.RaftServerConfigKeys (ConfUtils.java:logGet(46)) - raft.server.log.statemachine.data.sync = true (default)
2025-04-24 14:04:20,658 [omNode-1-impl-thread1] INFO  server.RaftServerConfigKeys (ConfUtils.java:logGet(46)) - raft.server.log.statemachine.data.sync.timeout = 10s (default)
2025-04-24 14:04:20,658 [omNode-1-impl-thread1] INFO  server.RaftServerConfigKeys (ConfUtils.java:logGet(46)) - raft.server.log.statemachine.data.sync.timeout.retry = -1 (default)
2025-04-24 14:04:20,658 [omNode-1-impl-thread1] INFO  server.RaftServerConfigKeys (ConfUtils.java:logGet(46)) - raft.server.log.write.buffer.size = 4194312 (custom)
2025-04-24 14:04:20,658 [omNode-1-impl-thread1] INFO  server.RaftServerConfigKeys (ConfUtils.java:logGet(46)) - raft.server.log.appender.buffer.byte-limit = 4194304 (custom)
2025-04-24 14:04:20,658 [omNode-1-impl-thread1] INFO  server.RaftServerConfigKeys (ConfUtils.java:logGet(46)) - raft.server.log.unsafe-flush.enabled = false (default)
2025-04-24 14:04:20,658 [omNode-1-impl-thread1] INFO  server.RaftServerConfigKeys (ConfUtils.java:logGet(46)) - raft.server.log.async-flush.enabled = false (default)
2025-04-24 14:04:20,658 [omNode-1-impl-thread1] INFO  server.RaftServerConfigKeys (ConfUtils.java:logGet(46)) - raft.server.log.statemachine.data.caching.enabled = false (default)
2025-04-24 14:04:20,659 [omNode-1-impl-thread1] INFO  server.RaftServer$Division (ServerState.java:setRaftConf(386)) - omNode-1@group-523986131536: set configuration conf: {index: 310, cur=peers:[omNode-3|localhost:15017, omNode-1|localhost:15009, omNode-2|localhost:15013]|listeners:[], old=null}
2025-04-24 14:04:20,659 [omNode-1-impl-thread1] INFO  segmented.LogSegment (LogSegment.java:loadSegment(171)) - Successfully read 2 entries from segment file /home/runner/work/ozone/ozone/hadoop-ozone/integration-test/target/test-dir/MiniOzoneClusterImpl-4e6105ad-12bc-4f18-9d37-351d73277e17/omNode-1/ratis/c9bc4cf4-3bc3-3c60-a66b-523986131536/current/log_inprogress_310
2025-04-24 14:04:20,659 [omNode-1-impl-thread1] INFO  segmented.SegmentedRaftLogWorker (SegmentedRaftLogWorker.java:lambda$new$0(139)) - omNode-1@group-523986131536-SegmentedRaftLogWorker: flushIndex: setUnconditionally 0 -> 311
2025-04-24 14:04:20,659 [omNode-1-impl-thread1] INFO  segmented.SegmentedRaftLogWorker (SegmentedRaftLogWorker.java:lambda$new$0(139)) - omNode-1@group-523986131536-SegmentedRaftLogWorker: safeCacheEvictIndex: setUnconditionally 0 -> -1
2025-04-24 14:04:20,660 [omNode-1-impl-thread1] INFO  segmented.BufferedWriteChannel (BufferedWriteChannel.java:open(61)) - open log_inprogress_310 (append) at position 128
2025-04-24 14:04:20,660 [omNode-1-impl-thread1] INFO  raftlog.RaftLog (RaftLogBase.java:lambda$new$0(54)) - omNode-1@group-523986131536-SegmentedRaftLog: purgeIndex: updateToMax old=-1, new=309, updated? true
2025-04-24 14:04:20,660 [omNode-1-impl-thread1] INFO  server.RaftServer$Division (RaftServerImpl.java:start(391)) - omNode-1@group-523986131536: start as a follower, conf=conf: {index: 310, cur=peers:[omNode-3|localhost:15017, omNode-1|localhost:15009, omNode-2|localhost:15013]|listeners:[], old=null}
2025-04-24 14:04:20,660 [omNode-1-impl-thread1] INFO  server.RaftServer$Division (RaftServerImpl.java:setRole(378)) - omNode-1@group-523986131536: changes role from      null to FOLLOWER at term 13 for startAsFollower
2025-04-24 14:04:20,660 [omNode-1-impl-thread1] INFO  impl.RoleInfo (RoleInfo.java:updateAndGet(148)) - omNode-1: start omNode-1@group-523986131536-FollowerState
2025-04-24 14:04:20,661 [omNode-1@group-523986131536-FollowerState] INFO  server.RaftServerConfigKeys (ConfUtils.java:logFallback(53)) - raft.server.rpc.first-election.timeout.min = 1s (fallback to raft.server.rpc.timeout.min)
2025-04-24 14:04:20,661 [omNode-1@group-523986131536-FollowerState] INFO  server.RaftServerConfigKeys (ConfUtils.java:logFallback(53)) - raft.server.rpc.first-election.timeout.max = 1200ms (fallback to raft.server.rpc.timeout.max)
2025-04-24 14:04:20,661 [omNode-1-impl-thread1] INFO  util.JmxRegister (JmxRegister.java:tryRegister(44)) - Successfully registered JMX Bean with object name Ratis:service=RaftServer,group=group-523986131536,id=omNode-1
2025-04-24 14:04:20,661 [omNode-1-impl-thread1] INFO  util.JmxRegister (JmxRegister.java:register(58)) - register mxBean class org.apache.ratis.server.impl.RaftServerJmxAdapter as Ratis:service=RaftServer,group=group-523986131536,id=omNode-1
2025-04-24 14:04:20,661 [omNode-1-impl-thread1] INFO  server.RaftServerConfigKeys (ConfUtils.java:logGet(46)) - raft.server.snapshot.trigger-when-stop.enabled = true (default)
2025-04-24 14:04:20,661 [omNode-1-impl-thread1] INFO  server.RaftServerConfigKeys (ConfUtils.java:logGet(46)) - raft.server.snapshot.trigger-when-remove.enabled = true (default)
2025-04-24 14:04:20,661 [omNode-1-impl-thread1] INFO  server.RaftServerConfigKeys (ConfUtils.java:logGet(46)) - raft.server.snapshot.auto.trigger.enabled = true (custom)
2025-04-24 14:04:20,661 [omNode-1-impl-thread1] INFO  server.RaftServerConfigKeys (ConfUtils.java:logGet(46)) - raft.server.snapshot.auto.trigger.threshold = 50 (custom)
2025-04-24 14:04:20,661 [omNode-1-impl-thread1] INFO  server.RaftServerConfigKeys (ConfUtils.java:logGet(46)) - raft.server.snapshot.retention.file.num = -1 (default)
2025-04-24 14:04:20,661 [omNode-1-impl-thread1] INFO  server.RaftServerConfigKeys (ConfUtils.java:logGet(46)) - raft.server.log.purge.upto.snapshot.index = true (custom)
2025-04-24 14:04:20,662 [omNode-1-impl-thread1] INFO  server.RaftServer$Division (RaftServerImpl.java:start(405)) - omNode-1@group-523986131536: Successfully started.
2025-04-24 14:04:20,662 [main] INFO  server.RaftServer (RaftServerProxy.java:startImpl(407)) - omNode-1: start RPC server
2025-04-24 14:04:20,662 [main] INFO  server.GrpcService (GrpcService.java:startImpl(334)) - omNode-1: GrpcService started, listening on 15009
2025-04-24 14:04:20,663 [JvmPauseMonitor33] INFO  util.JvmPauseMonitor (JvmPauseMonitor.java:run(146)) - JvmPauseMonitor-omNode-1: Started
2025-04-24 14:04:20,663 [main] INFO  om.OzoneManager (OzoneManager.java:getRpcServer(1360)) - Creating RPC Server
2025-04-24 14:04:21,041 [main] INFO  reflections.Reflections (Reflections.java:scan(219)) - Reflections took 377 ms to scan 22 urls, producing 61 keys and 7423 values
2025-04-24 14:04:21,042 [main] INFO  ipc.CallQueueManager (CallQueueManager.java:<init>(93)) - Using callQueue: class java.util.concurrent.LinkedBlockingQueue, queueCapacity: 2000, scheduler: class org.apache.hadoop.ipc.DefaultRpcScheduler, ipcBackoff: false, ipcFailOver: false.
2025-04-24 14:04:21,043 [main] INFO  ipc.Server (Server.java:<init>(1438)) - Listener at localhost:15006
2025-04-24 14:04:21,043 [Socket Reader #1 for port 15006] INFO  ipc.Server (Server.java:run(1474)) - Starting Socket Reader #1 for port 15006
2025-04-24 14:04:21,043 [Socket Reader #2 for port 15006] INFO  ipc.Server (Server.java:run(1474)) - Starting Socket Reader #2 for port 15006
2025-04-24 14:04:21,044 [Socket Reader #3 for port 15006] INFO  ipc.Server (Server.java:run(1474)) - Starting Socket Reader #3 for port 15006
2025-04-24 14:04:21,044 [Socket Reader #4 for port 15006] INFO  ipc.Server (Server.java:run(1474)) - Starting Socket Reader #4 for port 15006
2025-04-24 14:04:21,044 [Socket Reader #5 for port 15006] INFO  ipc.Server (Server.java:run(1474)) - Starting Socket Reader #5 for port 15006
2025-04-24 14:04:21,044 [Socket Reader #6 for port 15006] INFO  ipc.Server (Server.java:run(1474)) - Starting Socket Reader #6 for port 15006
2025-04-24 14:04:21,045 [Socket Reader #7 for port 15006] INFO  ipc.Server (Server.java:run(1474)) - Starting Socket Reader #7 for port 15006
2025-04-24 14:04:21,045 [Socket Reader #8 for port 15006] INFO  ipc.Server (Server.java:run(1474)) - Starting Socket Reader #8 for port 15006
2025-04-24 14:04:21,045 [Socket Reader #9 for port 15006] INFO  ipc.Server (Server.java:run(1474)) - Starting Socket Reader #9 for port 15006
2025-04-24 14:04:21,045 [Socket Reader #10 for port 15006] INFO  ipc.Server (Server.java:run(1474)) - Starting Socket Reader #10 for port 15006
2025-04-24 14:04:21,047 [main] INFO  http.BaseHttpServer (BaseHttpServer.java:newHttpServer2BuilderForOzone(229)) - Starting Web-server for ozoneManager at: http://0.0.0.0:15007
2025-04-24 14:04:21,047 [main] INFO  http.BaseHttpServer (BaseHttpServer.java:<init>(107)) - Hadoop Security Enabled: false Ozone Security Enabled: false Ozone HTTP Security Enabled: false 
2025-04-24 14:04:21,048 [main] WARN  server.AuthenticationFilter (AuthenticationFilter.java:constructSecretProvider(240)) - Unable to initialize FileSignerSecretProvider, falling back to use random secrets. Reason: Could not read signature secret file: /home/runner/hadoop-http-auth-signature-secret
2025-04-24 14:04:21,049 [main] INFO  http.HttpServer2 (HttpServer2.java:addGlobalFilter(1041)) - Added global filter 'safety' (class=org.apache.hadoop.hdds.server.http.HttpServer2$QuotingInputFilter)
2025-04-24 14:04:21,050 [main] INFO  http.HttpServer2 (HttpServer2.java:addFilter(1017)) - Added filter static_user_filter (class=org.apache.hadoop.http.lib.StaticUserWebFilter$StaticUserFilter) to context ozoneManager
2025-04-24 14:04:21,050 [main] INFO  http.HttpServer2 (HttpServer2.java:addFilter(1025)) - Added filter static_user_filter (class=org.apache.hadoop.http.lib.StaticUserWebFilter$StaticUserFilter) to context logs
2025-04-24 14:04:21,050 [main] INFO  http.HttpServer2 (HttpServer2.java:addFilter(1025)) - Added filter static_user_filter (class=org.apache.hadoop.http.lib.StaticUserWebFilter$StaticUserFilter) to context static
2025-04-24 14:04:21,050 [main] INFO  http.BaseHttpServer (BaseHttpServer.java:<init>(195)) - HTTP server of ozoneManager uses base directory /home/runner/work/ozone/ozone/hadoop-ozone/integration-test/target/test-dir/MiniOzoneClusterImpl-4e6105ad-12bc-4f18-9d37-351d73277e17/omNode-1/webserver
2025-04-24 14:04:21,051 [main] INFO  http.HttpServer2 (HttpServer2.java:bindListener(1241)) - Jetty bound to port 15007
2025-04-24 14:04:21,051 [main] INFO  server.Server (Server.java:doStart(375)) - jetty-9.4.57.v20241219; built: 2025-01-08T21:24:30.412Z; git: df524e6b29271c2e09ba9aea83c18dc9db464a31; jvm 21.0.7+6-LTS
2025-04-24 14:04:21,057 [main] INFO  server.session (DefaultSessionIdManager.java:doStart(334)) - DefaultSessionIdManager workerName=node0
2025-04-24 14:04:21,057 [main] INFO  server.session (DefaultSessionIdManager.java:doStart(339)) - No SessionScavenger set, using defaults
2025-04-24 14:04:21,057 [main] INFO  server.session (HouseKeeper.java:startScavenging(132)) - node0 Scavenging every 600000ms
2025-04-24 14:04:21,058 [main] INFO  handler.ContextHandler (ContextHandler.java:doStart(921)) - Started o.e.j.s.ServletContextHandler@61efc89a{logs,/logs,file:///home/runner/work/ozone/ozone/hadoop-ozone/integration-test/target/log,AVAILABLE}
2025-04-24 14:04:21,058 [main] INFO  handler.ContextHandler (ContextHandler.java:doStart(921)) - Started o.e.j.s.ServletContextHandler@1a2c88f5{static,/static,file:///home/runner/work/ozone/ozone/hadoop-ozone/integration-test/target/test-classes/webapps/static,AVAILABLE}
2025-04-24 14:04:21,062 [main] INFO  handler.ContextHandler (ContextHandler.java:doStart(921)) - Started o.e.j.w.WebAppContext@6dbef48{ozoneManager,/,file:///home/runner/work/ozone/ozone/hadoop-ozone/integration-test/target/test-classes/webapps/ozoneManager/,AVAILABLE}{file:/home/runner/work/ozone/ozone/hadoop-ozone/integration-test/target/test-classes/webapps/ozoneManager}
2025-04-24 14:04:21,062 [main] INFO  server.AbstractConnector (AbstractConnector.java:doStart(333)) - Started ServerConnector@5c1d46e2{HTTP/1.1, (http/1.1)}{0.0.0.0:15007}
2025-04-24 14:04:21,062 [main] INFO  server.Server (Server.java:doStart(415)) - Started @142394ms
2025-04-24 14:04:21,063 [main] WARN  impl.MetricsSystemImpl (MetricsSystemImpl.java:register(279)) - Sink prometheus already exists!
2025-04-24 14:04:21,063 [main] INFO  http.BaseHttpServer (BaseHttpServer.java:updateConnectorAddress(360)) - HTTP server of ozoneManager listening at http://0.0.0.0:15007
2025-04-24 14:04:21,064 [IPC Server listener on 15006] INFO  ipc.Server (Server.java:run(1553)) - IPC Server listener on 15006: starting
2025-04-24 14:04:21,064 [IPC Server Responder] INFO  ipc.Server (Server.java:run(1713)) - IPC Server Responder: starting
2025-04-24 14:04:21,066 [main] INFO  om.OzoneManager (OzoneManager.java:startTrashEmptier(2257)) - Trash Interval set to 0. Files deleted won't move to trash
2025-04-24 14:04:21,066 [main] INFO  om.OzoneManager (OzoneManager.java:restart(1878)) - OzoneManager RPC server is listening at localhost/127.0.0.1:15010
2025-04-24 14:04:21,066 [main] INFO  impl.MetricsSystemImpl (MetricsSystemImpl.java:init(158)) - OzoneManager metrics system started (again)
2025-04-24 14:04:21,077 [main] WARN  server.ServerUtils (ServerUtils.java:getDBPath(297)) - ozone.om.db.dirs is not configured. We recommend adding this setting. Falling back to ozone.metadata.dirs instead.
2025-04-24 14:04:21,117 [main] INFO  om.OzoneManager (OzoneManager.java:instantiateServices(933)) - S3 Multi-Tenancy is disabled
2025-04-24 14:04:21,117 [main] INFO  om.OmSnapshotManager (OmSnapshotManager.java:<init>(180)) - Ozone filesystem snapshot feature is enabled.
2025-04-24 14:04:21,117 [main] WARN  server.ServerUtils (ServerUtils.java:getDBPath(297)) - ozone.om.snapshot.diff.db.dir is not configured. We recommend adding this setting. Falling back to ozone.metadata.dirs instead.
2025-04-24 14:04:21,131 [main] WARN  dropwizard3.Dm3MetricRegistriesImpl (Dm3MetricRegistriesImpl.java:addReporterRegistration(114)) - New reporters are added after registries were created. Some metrics will be missing from the reporter. Please add reporter before adding any new registry.
2025-04-24 14:04:21,131 [main] WARN  dropwizard3.Dm3MetricRegistriesImpl (Dm3MetricRegistriesImpl.java:addReporterRegistration(114)) - New reporters are added after registries were created. Some metrics will be missing from the reporter. Please add reporter before adding any new registry.
2025-04-24 14:04:21,131 [main] WARN  server.ServerUtils (ServerUtils.java:getDefaultRatisDirectory(309)) - Storage directory for Ratis is not configured. It is a good idea to map this to an SSD disk. Falling back to ozone.metadata.dirs
2025-04-24 14:04:21,132 [main] INFO  server.RaftServerConfigKeys (ConfUtils.java:logGet(46)) - raft.server.log.appender.buffer.byte-limit = 4194304 (custom)
2025-04-24 14:04:21,132 [main] INFO  ratis.OzoneManagerRatisServer (OzoneManagerRatisServer.java:<init>(167)) - Instantiating OM Ratis server with groupID: om-service-test1 and peers: localhost:15013, localhost:15017, localhost:15009
2025-04-24 14:04:21,133 [main] INFO  ratis.OzoneManagerStateMachine (OzoneManagerStateMachine.java:loadSnapshotInfoFromDB(611)) - LastAppliedIndex is set from TransactionInfo from OM DB as (t:14, i:322)
2025-04-24 14:04:21,133 [main] INFO  server.RaftServer (ConfUtils.java:logGet(46)) - raft.rpc.type = GRPC (default)
2025-04-24 14:04:21,133 [main] INFO  grpc.GrpcConfigKeys (ConfUtils.java:logFallback(53)) - raft.grpc.admin.host = null (fallback to raft.grpc.server.host)
2025-04-24 14:04:21,133 [main] INFO  grpc.GrpcConfigKeys (ConfUtils.java:logFallback(53)) - raft.grpc.admin.port = 15013 (fallback to raft.grpc.server.port)
2025-04-24 14:04:21,134 [main] INFO  grpc.GrpcConfigKeys (ConfUtils.java:logFallback(53)) - raft.grpc.client.host = null (fallback to raft.grpc.server.host)
2025-04-24 14:04:21,134 [main] INFO  grpc.GrpcConfigKeys (ConfUtils.java:logFallback(53)) - raft.grpc.client.port = 15013 (fallback to raft.grpc.server.port)
2025-04-24 14:04:21,134 [main] INFO  grpc.GrpcConfigKeys (ConfUtils.java:logGet(46)) - raft.grpc.server.host = null (default)
2025-04-24 14:04:21,134 [main] INFO  grpc.GrpcConfigKeys (ConfUtils.java:logGet(46)) - raft.grpc.server.port = 15013 (custom)
2025-04-24 14:04:21,134 [main] INFO  server.GrpcService (ConfUtils.java:logGet(46)) - raft.grpc.message.size.max = 5242880 (custom)
2025-04-24 14:04:21,134 [main] INFO  server.GrpcService (ConfUtils.java:logGet(46)) - raft.grpc.flow.control.window = 1MB (=1048576) (default)
2025-04-24 14:04:21,134 [main] INFO  server.RaftServerConfigKeys (ConfUtils.java:logGet(46)) - raft.server.rpc.request.timeout = 3000ms (default)
2025-04-24 14:04:21,134 [main] INFO  grpc.GrpcConfigKeys (ConfUtils.java:logGet(46)) - raft.grpc.server.heartbeat.channel = true (default)
2025-04-24 14:04:21,134 [main] INFO  server.RaftServerConfigKeys (ConfUtils.java:logGet(46)) - raft.server.log.appender.buffer.byte-limit = 4194304 (custom)
2025-04-24 14:04:21,134 [main] INFO  grpc.GrpcConfigKeys (ConfUtils.java:logGet(46)) - raft.grpc.server.async.request.thread.pool.cached = true (default)
2025-04-24 14:04:21,135 [main] INFO  grpc.GrpcConfigKeys (ConfUtils.java:logGet(46)) - raft.grpc.server.async.request.thread.pool.size = 32 (default)
2025-04-24 14:04:21,135 [main] INFO  impl.DataStreamServerImpl (ConfUtils.java:logGet(46)) - raft.datastream.type = DISABLED (default)
2025-04-24 14:04:21,136 [main] INFO  server.RaftServerConfigKeys (ConfUtils.java:logGet(46)) - raft.server.sleep.deviation.threshold = 300ms (default)
2025-04-24 14:04:21,136 [main] INFO  server.RaftServerConfigKeys (ConfUtils.java:logGet(46)) - raft.server.close.threshold = 60s (default)
2025-04-24 14:04:21,136 [main] INFO  server.RaftServerConfigKeys (ConfUtils.java:logGet(46)) - raft.server.leaderelection.leader.step-down.wait-time = 10s (default)
2025-04-24 14:04:21,136 [main] INFO  server.RaftServerConfigKeys (ConfUtils.java:logGet(46)) - raft.server.storage.dir = [/home/runner/work/ozone/ozone/hadoop-ozone/integration-test/target/test-dir/MiniOzoneClusterImpl-4e6105ad-12bc-4f18-9d37-351d73277e17/omNode-2/ratis] (custom)
2025-04-24 14:04:21,136 [main] INFO  server.RaftServerConfigKeys (ConfUtils.java:logGet(46)) - raft.server.threadpool.proxy.cached = true (default)
2025-04-24 14:04:21,136 [main] INFO  server.RaftServerConfigKeys (ConfUtils.java:logGet(46)) - raft.server.threadpool.proxy.size = 0 (default)
2025-04-24 14:04:21,136 [omNode-2-impl-thread1] INFO  server.RaftServer (RaftServerProxy.java:initGroupDir(265)) - omNode-2: found a subdirectory /home/runner/work/ozone/ozone/hadoop-ozone/integration-test/target/test-dir/MiniOzoneClusterImpl-4e6105ad-12bc-4f18-9d37-351d73277e17/omNode-2/ratis/c9bc4cf4-3bc3-3c60-a66b-523986131536
2025-04-24 14:04:21,137 [main] INFO  server.RaftServer (RaftServerProxy.java:addNew(100)) - omNode-2: addNew group-523986131536:[omNode-3|localhost:15017, omNode-1|localhost:15009, omNode-2|localhost:15013] returns group-523986131536:java.util.concurrent.CompletableFuture@516323a4[Not completed]
2025-04-24 14:04:21,137 [omNode-2-groupManagement] INFO  server.RaftServer$Division (RaftServerImpl.java:<init>(255)) - omNode-2: new RaftServerImpl for group-523986131536:[omNode-3|localhost:15017, omNode-1|localhost:15009, omNode-2|localhost:15013] with OzoneManagerStateMachine:uninitialized
2025-04-24 14:04:21,137 [main] INFO  om.OzoneManager (OzoneManager.java:initializeRatisServer(2303)) - OzoneManager Ratis server initialized at port 15013
2025-04-24 14:04:21,137 [main] INFO  ratis.OzoneManagerRatisServer (OzoneManagerRatisServer.java:start(628)) - Starting OzoneManagerRatisServer omNode-2 at port 15013
2025-04-24 14:04:21,137 [omNode-2-groupManagement] INFO  server.RaftServerConfigKeys (ConfUtils.java:logGet(46)) - raft.server.rpc.timeout.min = 1s (custom)
2025-04-24 14:04:21,137 [omNode-2-groupManagement] INFO  server.RaftServerConfigKeys (ConfUtils.java:logGet(46)) - raft.server.rpc.timeout.max = 1200ms (custom)
2025-04-24 14:04:21,137 [omNode-2-groupManagement] INFO  server.RaftServerConfigKeys (ConfUtils.java:logGet(46)) - raft.server.rpc.sleep.time = 25ms (default)
2025-04-24 14:04:21,137 [omNode-2-groupManagement] INFO  server.RaftServerConfigKeys (ConfUtils.java:logGet(46)) - raft.server.rpc.slowness.timeout = 2s (custom)
2025-04-24 14:04:21,137 [omNode-2-groupManagement] INFO  server.RaftServerConfigKeys (ConfUtils.java:logGet(46)) - raft.server.leaderelection.leader.step-down.wait-time = 10s (default)
2025-04-24 14:04:21,137 [omNode-2-groupManagement] INFO  server.RaftServerConfigKeys (ConfUtils.java:logGet(46)) - raft.server.leaderelection.member.majority-add = false (default)
2025-04-24 14:04:21,138 [omNode-2-groupManagement] INFO  server.RaftServerConfigKeys (ConfUtils.java:logGet(46)) - raft.server.sleep.deviation.threshold = 300ms (default)
2025-04-24 14:04:21,138 [omNode-2-groupManagement] INFO  server.RaftServer$Division (ServerState.java:<init>(114)) - omNode-2@group-523986131536: ConfigurationManager, init=conf: {index: -1, cur=peers:[omNode-3|localhost:15017, omNode-1|localhost:15009, omNode-2|localhost:15013]|listeners:[], old=null}, confs=<EMPTY_MAP>
2025-04-24 14:04:21,138 [omNode-2-groupManagement] INFO  server.RaftServerConfigKeys (ConfUtils.java:logGet(46)) - raft.server.notification.no-leader.timeout = 2s (custom)
2025-04-24 14:04:21,138 [omNode-2-groupManagement] INFO  server.RaftServerConfigKeys (ConfUtils.java:logGet(46)) - raft.server.read.timeout = 10s (default)
2025-04-24 14:04:21,138 [omNode-2-groupManagement] INFO  server.RaftServerConfigKeys (ConfUtils.java:logGet(46)) - raft.server.retrycache.expirytime = 30000ms (custom)
2025-04-24 14:04:21,138 [omNode-2-groupManagement] INFO  server.RaftServerConfigKeys (ConfUtils.java:logGet(46)) - raft.server.retrycache.statistics.expirytime = 100ms (default)
2025-04-24 14:04:21,138 [omNode-2-groupManagement] INFO  server.RaftServerConfigKeys (ConfUtils.java:logGet(46)) - raft.server.read.option = DEFAULT (default)
2025-04-24 14:04:21,138 [omNode-2-groupManagement] INFO  server.RaftServerConfigKeys (ConfUtils.java:logGet(46)) - raft.server.read.read-after-write-consistent.write-index-cache.expiry-time = 60s (default)
2025-04-24 14:04:21,139 [omNode-2-groupManagement] INFO  server.RaftServerConfigKeys (ConfUtils.java:logGet(46)) - raft.server.rpc.request.timeout = 3000ms (default)
2025-04-24 14:04:21,139 [omNode-2-groupManagement] INFO  server.RaftServerConfigKeys (ConfUtils.java:logGet(46)) - raft.server.log.appender.install.snapshot.enabled = false (custom)
2025-04-24 14:04:21,139 [omNode-2-groupManagement] INFO  server.RaftServerConfigKeys (ConfUtils.java:logGet(46)) - raft.server.threadpool.server.cached = true (default)
2025-04-24 14:04:21,140 [omNode-2-groupManagement] INFO  server.RaftServerConfigKeys (ConfUtils.java:logGet(46)) - raft.server.threadpool.server.size = 0 (default)
2025-04-24 14:04:21,140 [omNode-2-groupManagement] INFO  server.RaftServerConfigKeys (ConfUtils.java:logGet(46)) - raft.server.threadpool.client.cached = true (default)
2025-04-24 14:04:21,140 [omNode-2-groupManagement] INFO  server.RaftServerConfigKeys (ConfUtils.java:logGet(46)) - raft.server.threadpool.client.size = 0 (default)
2025-04-24 14:04:21,140 [omNode-2-impl-thread1] INFO  server.RaftServerConfigKeys (ConfUtils.java:logGet(46)) - raft.server.storage.free-space.min = 0MB (=0) (default)
2025-04-24 14:04:21,140 [omNode-2-impl-thread1] INFO  server.RaftServerConfigKeys (ConfUtils.java:logGet(46)) - raft.server.log.corruption.policy = EXCEPTION (default)
2025-04-24 14:04:21,140 [omNode-2-impl-thread1] INFO  server.RaftServerConfigKeys (ConfUtils.java:logGet(46)) - raft.server.storage.dir = [/home/runner/work/ozone/ozone/hadoop-ozone/integration-test/target/test-dir/MiniOzoneClusterImpl-4e6105ad-12bc-4f18-9d37-351d73277e17/omNode-2/ratis] (custom)
2025-04-24 14:04:21,141 [omNode-2-impl-thread1] INFO  storage.RaftStorageDirectory (RaftStorageDirectoryImpl.java:tryLock(229)) - Lock on /home/runner/work/ozone/ozone/hadoop-ozone/integration-test/target/test-dir/MiniOzoneClusterImpl-4e6105ad-12bc-4f18-9d37-351d73277e17/omNode-2/ratis/c9bc4cf4-3bc3-3c60-a66b-523986131536/in_use.lock acquired by nodename 129728@fv-az2210-761
2025-04-24 14:04:21,141 [omNode-2-impl-thread1] INFO  storage.RaftStorage (RaftStorageImpl.java:analyzeAndRecoverStorage(118)) - Read RaftStorageMetadata{term=14, votedFor=omNode-3} from /home/runner/work/ozone/ozone/hadoop-ozone/integration-test/target/test-dir/MiniOzoneClusterImpl-4e6105ad-12bc-4f18-9d37-351d73277e17/omNode-2/ratis/c9bc4cf4-3bc3-3c60-a66b-523986131536/current/raft-meta
2025-04-24 14:04:21,141 [omNode-2-impl-thread1] INFO  server.RaftServer$Division (ServerState.java:setRaftConf(386)) - omNode-2@group-523986131536: set configuration conf: {index: 312, cur=peers:[omNode-3|localhost:15017, omNode-1|localhost:15009, omNode-2|localhost:15013]|listeners:[], old=null}
2025-04-24 14:04:21,141 [omNode-2-impl-thread1] INFO  ratis.OzoneManagerStateMachine (OzoneManagerStateMachine.java:lambda$0(138)) - omNode-2: initialize group-523986131536 with (t:14, i:322)
2025-04-24 14:04:21,141 [omNode-2-impl-thread1] INFO  server.RaftServerConfigKeys (ConfUtils.java:logGet(46)) - raft.server.log.use.memory = false (default)
2025-04-24 14:04:21,141 [omNode-2-impl-thread1] INFO  server.RaftServerConfigKeys (ConfUtils.java:logGet(46)) - raft.server.log.purge.gap = 50 (custom)
2025-04-24 14:04:21,142 [omNode-2-impl-thread1] INFO  server.RaftServerConfigKeys (ConfUtils.java:logGet(46)) - raft.server.log.appender.buffer.byte-limit = 4194304 (custom)
2025-04-24 14:04:21,142 [omNode-2-impl-thread1] INFO  server.RaftServerConfigKeys (ConfUtils.java:logGet(46)) - raft.server.log.statemachine.data.read.timeout = 1000ms (default)
2025-04-24 14:04:21,142 [omNode-2-impl-thread1] INFO  server.RaftServerConfigKeys (ConfUtils.java:logGet(46)) - raft.server.log.purge.preservation.log.num = 0 (default)
2025-04-24 14:04:21,142 [omNode-2-impl-thread1] INFO  server.RaftServerConfigKeys (ConfUtils.java:logGet(46)) - raft.server.log.segment.size.max = 4194304 (custom)
2025-04-24 14:04:21,142 [omNode-2-impl-thread1] INFO  server.RaftServerConfigKeys (ConfUtils.java:logGet(46)) - raft.server.log.segment.cache.num.max = 2 (custom)
2025-04-24 14:04:21,143 [omNode-2-impl-thread1] INFO  server.RaftServerConfigKeys (ConfUtils.java:logGet(46)) - raft.server.log.segment.cache.size.max = 200MB (=209715200) (default)
2025-04-24 14:04:21,143 [omNode-2-impl-thread1] INFO  server.RaftServerConfigKeys (ConfUtils.java:logGet(46)) - raft.server.log.appender.buffer.byte-limit = 4194304 (custom)
2025-04-24 14:04:21,143 [omNode-2-impl-thread1] INFO  util.AwaitToRun (AwaitToRun.java:start(81)) - Thread[#6544,omNode-2@group-523986131536-cacheEviction-AwaitToRun,5,main] started
2025-04-24 14:04:21,143 [omNode-2-impl-thread1] INFO  segmented.SegmentedRaftLogWorker (SegmentedRaftLogWorker.java:<init>(188)) - new omNode-2@group-523986131536-SegmentedRaftLogWorker for RaftStorageImpl:Storage Directory /home/runner/work/ozone/ozone/hadoop-ozone/integration-test/target/test-dir/MiniOzoneClusterImpl-4e6105ad-12bc-4f18-9d37-351d73277e17/omNode-2/ratis/c9bc4cf4-3bc3-3c60-a66b-523986131536
2025-04-24 14:04:21,143 [omNode-2-impl-thread1] INFO  server.RaftServerConfigKeys (ConfUtils.java:logGet(46)) - raft.server.log.queue.byte-limit = 64MB (=67108864) (default)
2025-04-24 14:04:21,143 [omNode-2-impl-thread1] INFO  server.RaftServerConfigKeys (ConfUtils.java:logGet(46)) - raft.server.log.queue.element-limit = 4096 (default)
2025-04-24 14:04:21,143 [omNode-2-impl-thread1] INFO  server.RaftServerConfigKeys (ConfUtils.java:logGet(46)) - raft.server.log.segment.size.max = 4194304 (custom)
2025-04-24 14:04:21,143 [omNode-2-impl-thread1] INFO  server.RaftServerConfigKeys (ConfUtils.java:logGet(46)) - raft.server.log.preallocated.size = 4194304 (custom)
2025-04-24 14:04:21,143 [omNode-2-impl-thread1] INFO  server.RaftServerConfigKeys (ConfUtils.java:logGet(46)) - raft.server.log.force.sync.num = 128 (default)
2025-04-24 14:04:21,143 [omNode-2-impl-thread1] INFO  server.RaftServerConfigKeys (ConfUtils.java:logGet(46)) - raft.server.log.statemachine.data.sync = true (default)
2025-04-24 14:04:21,143 [omNode-2-impl-thread1] INFO  server.RaftServerConfigKeys (ConfUtils.java:logGet(46)) - raft.server.log.statemachine.data.sync.timeout = 10s (default)
2025-04-24 14:04:21,143 [omNode-2-impl-thread1] INFO  server.RaftServerConfigKeys (ConfUtils.java:logGet(46)) - raft.server.log.statemachine.data.sync.timeout.retry = -1 (default)
2025-04-24 14:04:21,143 [omNode-2-impl-thread1] INFO  server.RaftServerConfigKeys (ConfUtils.java:logGet(46)) - raft.server.log.write.buffer.size = 4194312 (custom)
2025-04-24 14:04:21,144 [omNode-2-impl-thread1] INFO  server.RaftServerConfigKeys (ConfUtils.java:logGet(46)) - raft.server.log.appender.buffer.byte-limit = 4194304 (custom)
2025-04-24 14:04:21,144 [omNode-2-impl-thread1] INFO  server.RaftServerConfigKeys (ConfUtils.java:logGet(46)) - raft.server.log.unsafe-flush.enabled = false (default)
2025-04-24 14:04:21,144 [omNode-2-impl-thread1] INFO  server.RaftServerConfigKeys (ConfUtils.java:logGet(46)) - raft.server.log.async-flush.enabled = false (default)
2025-04-24 14:04:21,144 [omNode-2-impl-thread1] INFO  server.RaftServerConfigKeys (ConfUtils.java:logGet(46)) - raft.server.log.statemachine.data.caching.enabled = false (default)
2025-04-24 14:04:21,144 [omNode-2-impl-thread1] INFO  server.RaftServer$Division (ServerState.java:setRaftConf(386)) - omNode-2@group-523986131536: set configuration conf: {index: 312, cur=peers:[omNode-3|localhost:15017, omNode-1|localhost:15009, omNode-2|localhost:15013]|listeners:[], old=null}
2025-04-24 14:04:21,144 [omNode-2-impl-thread1] INFO  segmented.LogSegment (LogSegment.java:loadSegment(171)) - Successfully read 12 entries from segment file /home/runner/work/ozone/ozone/hadoop-ozone/integration-test/target/test-dir/MiniOzoneClusterImpl-4e6105ad-12bc-4f18-9d37-351d73277e17/omNode-2/ratis/c9bc4cf4-3bc3-3c60-a66b-523986131536/current/log_inprogress_312
2025-04-24 14:04:21,145 [omNode-2-impl-thread1] INFO  segmented.SegmentedRaftLogWorker (SegmentedRaftLogWorker.java:lambda$new$0(139)) - omNode-2@group-523986131536-SegmentedRaftLogWorker: flushIndex: setUnconditionally 0 -> 323
2025-04-24 14:04:21,145 [omNode-2-impl-thread1] INFO  segmented.SegmentedRaftLogWorker (SegmentedRaftLogWorker.java:lambda$new$0(139)) - omNode-2@group-523986131536-SegmentedRaftLogWorker: safeCacheEvictIndex: setUnconditionally 0 -> -1
2025-04-24 14:04:21,145 [omNode-2-impl-thread1] INFO  segmented.BufferedWriteChannel (BufferedWriteChannel.java:open(61)) - open log_inprogress_312 (append) at position 2083
2025-04-24 14:04:21,145 [omNode-2-impl-thread1] INFO  raftlog.RaftLog (RaftLogBase.java:lambda$new$0(54)) - omNode-2@group-523986131536-SegmentedRaftLog: purgeIndex: updateToMax old=-1, new=311, updated? true
2025-04-24 14:04:21,145 [omNode-2-impl-thread1] INFO  server.RaftServer$Division (RaftServerImpl.java:start(391)) - omNode-2@group-523986131536: start as a follower, conf=conf: {index: 312, cur=peers:[omNode-3|localhost:15017, omNode-1|localhost:15009, omNode-2|localhost:15013]|listeners:[], old=null}
2025-04-24 14:04:21,145 [omNode-2-impl-thread1] INFO  server.RaftServer$Division (RaftServerImpl.java:setRole(378)) - omNode-2@group-523986131536: changes role from      null to FOLLOWER at term 14 for startAsFollower
2025-04-24 14:04:21,145 [omNode-2-impl-thread1] INFO  impl.RoleInfo (RoleInfo.java:updateAndGet(148)) - omNode-2: start omNode-2@group-523986131536-FollowerState
2025-04-24 14:04:21,145 [omNode-2-impl-thread1] INFO  util.JmxRegister (JmxRegister.java:tryRegister(44)) - Successfully registered JMX Bean with object name Ratis:service=RaftServer,group=group-523986131536,id=omNode-2
2025-04-24 14:04:21,145 [omNode-2@group-523986131536-FollowerState] INFO  server.RaftServerConfigKeys (ConfUtils.java:logFallback(53)) - raft.server.rpc.first-election.timeout.min = 1s (fallback to raft.server.rpc.timeout.min)
2025-04-24 14:04:21,145 [omNode-2@group-523986131536-FollowerState] INFO  server.RaftServerConfigKeys (ConfUtils.java:logFallback(53)) - raft.server.rpc.first-election.timeout.max = 1200ms (fallback to raft.server.rpc.timeout.max)
2025-04-24 14:04:21,145 [omNode-2-impl-thread1] INFO  util.JmxRegister (JmxRegister.java:register(58)) - register mxBean class org.apache.ratis.server.impl.RaftServerJmxAdapter as Ratis:service=RaftServer,group=group-523986131536,id=omNode-2
2025-04-24 14:04:21,146 [omNode-2-impl-thread1] INFO  server.RaftServerConfigKeys (ConfUtils.java:logGet(46)) - raft.server.snapshot.trigger-when-stop.enabled = true (default)
2025-04-24 14:04:21,146 [omNode-2-impl-thread1] INFO  server.RaftServerConfigKeys (ConfUtils.java:logGet(46)) - raft.server.snapshot.trigger-when-remove.enabled = true (default)
2025-04-24 14:04:21,146 [omNode-2-impl-thread1] INFO  server.RaftServerConfigKeys (ConfUtils.java:logGet(46)) - raft.server.snapshot.auto.trigger.enabled = true (custom)
2025-04-24 14:04:21,146 [omNode-2-impl-thread1] INFO  server.RaftServerConfigKeys (ConfUtils.java:logGet(46)) - raft.server.snapshot.auto.trigger.threshold = 50 (custom)
2025-04-24 14:04:21,146 [omNode-2-impl-thread1] INFO  server.RaftServerConfigKeys (ConfUtils.java:logGet(46)) - raft.server.snapshot.retention.file.num = -1 (default)
2025-04-24 14:04:21,146 [omNode-2-impl-thread1] INFO  server.RaftServerConfigKeys (ConfUtils.java:logGet(46)) - raft.server.log.purge.upto.snapshot.index = true (custom)
2025-04-24 14:04:21,146 [omNode-2-impl-thread1] INFO  server.RaftServer$Division (RaftServerImpl.java:start(405)) - omNode-2@group-523986131536: Successfully started.
2025-04-24 14:04:21,146 [main] INFO  server.RaftServer (RaftServerProxy.java:startImpl(407)) - omNode-2: start RPC server
2025-04-24 14:04:21,147 [main] INFO  server.GrpcService (GrpcService.java:startImpl(334)) - omNode-2: GrpcService started, listening on 15013
2025-04-24 14:04:21,147 [main] INFO  om.OzoneManager (OzoneManager.java:getRpcServer(1360)) - Creating RPC Server
2025-04-24 14:04:21,147 [JvmPauseMonitor34] INFO  util.JvmPauseMonitor (JvmPauseMonitor.java:run(146)) - JvmPauseMonitor-omNode-2: Started
2025-04-24 14:04:21,273 [omNode-3@group-523986131536-FollowerState] INFO  impl.FollowerState (FollowerState.java:runImpl(161)) - omNode-3@group-523986131536-FollowerState: change to CANDIDATE, lastRpcElapsedTime:1066515355ns, electionTimeout:1065ms
2025-04-24 14:04:21,273 [omNode-3@group-523986131536-FollowerState] INFO  impl.RoleInfo (RoleInfo.java:shutdownFollowerState(121)) - omNode-3: shutdown omNode-3@group-523986131536-FollowerState
2025-04-24 14:04:21,273 [omNode-3@group-523986131536-FollowerState] INFO  server.RaftServer$Division (RaftServerImpl.java:setRole(378)) - omNode-3@group-523986131536: changes role from  FOLLOWER to CANDIDATE at term 14 for changeToCandidate
2025-04-24 14:04:21,273 [omNode-3@group-523986131536-FollowerState] INFO  server.RaftServerConfigKeys (ConfUtils.java:logGet(46)) - raft.server.leaderelection.pre-vote = true (default)
2025-04-24 14:04:21,273 [omNode-3@group-523986131536-FollowerState] INFO  impl.RoleInfo (RoleInfo.java:updateAndGet(148)) - omNode-3: start omNode-3@group-523986131536-LeaderElection31
2025-04-24 14:04:21,274 [omNode-3@group-523986131536-LeaderElection31] INFO  impl.LeaderElection (LeaderElection.java:askForVotes(332)) - omNode-3@group-523986131536-LeaderElection31 PRE_VOTE round 0: submit vote requests at term 14 for conf: {index: 312, cur=peers:[omNode-3|localhost:15017, omNode-1|localhost:15009, omNode-2|localhost:15013]|listeners:[], old=null}
2025-04-24 14:04:21,275 [omNode-3@group-523986131536-LeaderElection31-1] INFO  server.GrpcServerProtocolClient (GrpcServerProtocolClient.java:<init>(65)) - Build channel for omNode-1|localhost:15009
2025-04-24 14:04:21,276 [omNode-3@group-523986131536-LeaderElection31] INFO  server.RaftServerConfigKeys (ConfUtils.java:logFallback(53)) - raft.server.rpc.first-election.timeout.min = 1s (fallback to raft.server.rpc.timeout.min)
2025-04-24 14:04:21,276 [omNode-3@group-523986131536-LeaderElection31] INFO  server.RaftServerConfigKeys (ConfUtils.java:logFallback(53)) - raft.server.rpc.first-election.timeout.max = 1200ms (fallback to raft.server.rpc.timeout.max)
2025-04-24 14:04:21,276 [omNode-3@group-523986131536-LeaderElection31-2] INFO  server.GrpcServerProtocolClient (GrpcServerProtocolClient.java:<init>(65)) - Build channel for omNode-2|localhost:15013
2025-04-24 14:04:21,282 [grpc-default-executor-2] INFO  server.RaftServer$Division (RaftServerImpl.java:requestVote(1407)) - omNode-2@group-523986131536: receive requestVote(PRE_VOTE, omNode-3, group-523986131536, 14, (t:14, i:323))
2025-04-24 14:04:21,282 [grpc-default-executor-2] INFO  impl.VoteContext (VoteContext.java:log(49)) - omNode-2@group-523986131536-FOLLOWER: accept PRE_VOTE from omNode-3: our priority 0 <= candidate's priority 0
2025-04-24 14:04:21,282 [grpc-default-executor-2] INFO  server.RaftServer$Division (RaftServerImpl.java:requestVote(1441)) - omNode-2@group-523986131536 replies to PRE_VOTE vote request: omNode-3<-omNode-2#0:OK-t14. Peer's state: omNode-2@group-523986131536:t14, leader=null, voted=omNode-3, raftlog=Memoized:omNode-2@group-523986131536-SegmentedRaftLog:OPENED:c322:last(t:14, i:323), conf=conf: {index: 312, cur=peers:[omNode-3|localhost:15017, omNode-1|localhost:15009, omNode-2|localhost:15013]|listeners:[], old=null}
2025-04-24 14:04:21,283 [omNode-3@group-523986131536-LeaderElection31] INFO  impl.LeaderElection (LeaderElection.java:logAndReturn(90)) - omNode-3@group-523986131536-LeaderElection31: PRE_VOTE PASSED received 1 response(s) and 0 exception(s):
2025-04-24 14:04:21,283 [omNode-3@group-523986131536-LeaderElection31] INFO  impl.LeaderElection (LeaderElection.java:logAndReturn(94)) -   Response 0: omNode-3<-omNode-2#0:OK-t14
2025-04-24 14:04:21,283 [omNode-3@group-523986131536-LeaderElection31] INFO  impl.LeaderElection (LeaderElection.java:askForVotes(334)) - omNode-3@group-523986131536-LeaderElection31 PRE_VOTE round 0: result PASSED
2025-04-24 14:04:21,286 [omNode-3@group-523986131536-LeaderElection31] INFO  impl.LeaderElection (LeaderElection.java:askForVotes(332)) - omNode-3@group-523986131536-LeaderElection31 ELECTION round 0: submit vote requests at term 15 for conf: {index: 312, cur=peers:[omNode-3|localhost:15017, omNode-1|localhost:15009, omNode-2|localhost:15013]|listeners:[], old=null}
2025-04-24 14:04:21,287 [omNode-3@group-523986131536-LeaderElection31] INFO  server.RaftServerConfigKeys (ConfUtils.java:logFallback(53)) - raft.server.rpc.first-election.timeout.min = 1s (fallback to raft.server.rpc.timeout.min)
2025-04-24 14:04:21,287 [omNode-3@group-523986131536-LeaderElection31] INFO  server.RaftServerConfigKeys (ConfUtils.java:logFallback(53)) - raft.server.rpc.first-election.timeout.max = 1200ms (fallback to raft.server.rpc.timeout.max)
2025-04-24 14:04:21,288 [grpc-default-executor-2] INFO  server.RaftServer$Division (RaftServerImpl.java:requestVote(1407)) - omNode-1@group-523986131536: receive requestVote(ELECTION, omNode-3, group-523986131536, 15, (t:14, i:323))
2025-04-24 14:04:21,288 [grpc-default-executor-2] INFO  impl.VoteContext (VoteContext.java:log(49)) - omNode-1@group-523986131536-FOLLOWER: accept ELECTION from omNode-3: our last entry (t:13, i:311) < candidate's last entry (t:14, i:323)
2025-04-24 14:04:21,288 [grpc-default-executor-2] INFO  server.RaftServer$Division (RaftServerImpl.java:setRole(378)) - omNode-1@group-523986131536: changes role from  FOLLOWER to FOLLOWER at term 13 for candidate:omNode-3
2025-04-24 14:04:21,288 [grpc-default-executor-2] INFO  impl.RoleInfo (RoleInfo.java:shutdownFollowerState(121)) - omNode-1: shutdown omNode-1@group-523986131536-FollowerState
2025-04-24 14:04:21,288 [grpc-default-executor-2] INFO  impl.RoleInfo (RoleInfo.java:updateAndGet(148)) - omNode-1: start omNode-1@group-523986131536-FollowerState
2025-04-24 14:04:21,288 [grpc-default-executor-1] INFO  server.RaftServer$Division (RaftServerImpl.java:requestVote(1407)) - omNode-2@group-523986131536: receive requestVote(ELECTION, omNode-3, group-523986131536, 15, (t:14, i:323))
2025-04-24 14:04:21,288 [grpc-default-executor-1] INFO  impl.VoteContext (VoteContext.java:log(49)) - omNode-2@group-523986131536-FOLLOWER: accept ELECTION from omNode-3: our priority 0 <= candidate's priority 0
2025-04-24 14:04:21,288 [grpc-default-executor-1] INFO  server.RaftServer$Division (RaftServerImpl.java:setRole(378)) - omNode-2@group-523986131536: changes role from  FOLLOWER to FOLLOWER at term 14 for candidate:omNode-3
2025-04-24 14:04:21,288 [grpc-default-executor-1] INFO  impl.RoleInfo (RoleInfo.java:shutdownFollowerState(121)) - omNode-2: shutdown omNode-2@group-523986131536-FollowerState
2025-04-24 14:04:21,288 [grpc-default-executor-1] INFO  impl.RoleInfo (RoleInfo.java:updateAndGet(148)) - omNode-2: start omNode-2@group-523986131536-FollowerState
2025-04-24 14:04:21,288 [omNode-1@group-523986131536-FollowerState] INFO  server.RaftServerConfigKeys (ConfUtils.java:logFallback(53)) - raft.server.rpc.first-election.timeout.min = 1s (fallback to raft.server.rpc.timeout.min)
2025-04-24 14:04:21,288 [omNode-2@group-523986131536-FollowerState] INFO  impl.FollowerState (FollowerState.java:runImpl(170)) - omNode-2@group-523986131536-FollowerState was interrupted
2025-04-24 14:04:21,289 [omNode-1@group-523986131536-FollowerState] INFO  impl.FollowerState (FollowerState.java:runImpl(170)) - omNode-1@group-523986131536-FollowerState was interrupted
2025-04-24 14:04:21,288 [grpc-default-executor-2] INFO  server.RaftServer$Division (RaftServerImpl.java:setFirstElection(562)) - omNode-1@group-523986131536: set firstElectionSinceStartup to false for candidate:omNode-3
2025-04-24 14:04:21,288 [omNode-1@group-523986131536-FollowerState] INFO  server.RaftServerConfigKeys (ConfUtils.java:logFallback(53)) - raft.server.rpc.first-election.timeout.max = 1200ms (fallback to raft.server.rpc.timeout.max)
2025-04-24 14:04:21,289 [grpc-default-executor-1] INFO  server.RaftServer$Division (RaftServerImpl.java:setFirstElection(562)) - omNode-2@group-523986131536: set firstElectionSinceStartup to false for candidate:omNode-3
2025-04-24 14:04:21,290 [grpc-default-executor-2] INFO  server.RaftServer$Division (RaftServerImpl.java:requestVote(1441)) - omNode-1@group-523986131536 replies to ELECTION vote request: omNode-3<-omNode-1#0:OK-t15. Peer's state: omNode-1@group-523986131536:t15, leader=null, voted=omNode-3, raftlog=Memoized:omNode-1@group-523986131536-SegmentedRaftLog:OPENED:c311:last(t:13, i:311), conf=conf: {index: 310, cur=peers:[omNode-3|localhost:15017, omNode-1|localhost:15009, omNode-2|localhost:15013]|listeners:[], old=null}
2025-04-24 14:04:21,291 [grpc-default-executor-1] INFO  server.RaftServer$Division (RaftServerImpl.java:requestVote(1441)) - omNode-2@group-523986131536 replies to ELECTION vote request: omNode-3<-omNode-2#0:OK-t15. Peer's state: omNode-2@group-523986131536:t15, leader=null, voted=omNode-3, raftlog=Memoized:omNode-2@group-523986131536-SegmentedRaftLog:OPENED:c322:last(t:14, i:323), conf=conf: {index: 312, cur=peers:[omNode-3|localhost:15017, omNode-1|localhost:15009, omNode-2|localhost:15013]|listeners:[], old=null}
2025-04-24 14:04:21,292 [omNode-3@group-523986131536-LeaderElection31] INFO  impl.LeaderElection (LeaderElection.java:logAndReturn(90)) - omNode-3@group-523986131536-LeaderElection31: ELECTION PASSED received 1 response(s) and 0 exception(s):
2025-04-24 14:04:21,292 [omNode-3@group-523986131536-LeaderElection31] INFO  impl.LeaderElection (LeaderElection.java:logAndReturn(94)) -   Response 0: omNode-3<-omNode-1#0:OK-t15
2025-04-24 14:04:21,292 [omNode-3@group-523986131536-LeaderElection31] INFO  impl.LeaderElection (LeaderElection.java:askForVotes(334)) - omNode-3@group-523986131536-LeaderElection31 ELECTION round 0: result PASSED
2025-04-24 14:04:21,292 [omNode-3@group-523986131536-LeaderElection31] INFO  impl.RoleInfo (RoleInfo.java:shutdownLeaderElection(141)) - omNode-3: shutdown omNode-3@group-523986131536-LeaderElection31
2025-04-24 14:04:21,292 [omNode-3@group-523986131536-LeaderElection31] INFO  server.RaftServer$Division (RaftServerImpl.java:setRole(378)) - omNode-3@group-523986131536: changes role from CANDIDATE to LEADER at term 15 for changeToLeader
2025-04-24 14:04:21,292 [omNode-3@group-523986131536-LeaderElection31] INFO  server.RaftServerConfigKeys (ConfUtils.java:logGet(46)) - raft.server.staging.catchup.gap = 1000 (default)
2025-04-24 14:04:21,293 [omNode-3@group-523986131536-LeaderElection31] INFO  server.RaftServerConfigKeys (ConfUtils.java:logGet(46)) - raft.server.write.element-limit = 4096 (default)
2025-04-24 14:04:21,293 [omNode-3@group-523986131536-LeaderElection31] INFO  server.RaftServerConfigKeys (ConfUtils.java:logGet(46)) - raft.server.write.byte-limit = 64MB (=67108864) (default)
2025-04-24 14:04:21,293 [omNode-3@group-523986131536-LeaderElection31] INFO  server.RaftServerConfigKeys (ConfUtils.java:logGet(46)) - raft.server.watch.timeout = 10s (default)
2025-04-24 14:04:21,293 [omNode-3@group-523986131536-LeaderElection31] INFO  server.RaftServerConfigKeys (ConfUtils.java:logGet(46)) - raft.server.watch.timeout.denomination = 1s (default)
2025-04-24 14:04:21,293 [omNode-3@group-523986131536-LeaderElection31] INFO  server.RaftServerConfigKeys (ConfUtils.java:logGet(46)) - raft.server.watch.element-limit = 65536 (default)
2025-04-24 14:04:21,293 [omNode-3@group-523986131536-LeaderElection31] INFO  server.RaftServerConfigKeys (ConfUtils.java:logGet(46)) - raft.server.read.leader.lease.enabled = false (default)
2025-04-24 14:04:21,293 [omNode-3@group-523986131536-LeaderElection31] INFO  server.RaftServerConfigKeys (ConfUtils.java:logGet(46)) - raft.server.read.leader.lease.timeout.ratio = 0.9 (default)
2025-04-24 14:04:21,293 [omNode-3@group-523986131536-LeaderElection31] INFO  server.RaftServerConfigKeys (ConfUtils.java:logGet(46)) - raft.server.rpc.timeout.min = 1s (custom)
2025-04-24 14:04:21,293 [omNode-3@group-523986131536-LeaderElection31] INFO  server.RaftServerConfigKeys (ConfUtils.java:logGet(46)) - raft.server.log.log-metadata.enabled = true (default)
2025-04-24 14:04:21,293 [omNode-3@group-523986131536-LeaderElection31] INFO  server.RaftServerConfigKeys (ConfUtils.java:logGet(46)) - raft.server.write.element-limit = 4096 (default)
2025-04-24 14:04:21,294 [omNode-3@group-523986131536-LeaderElection31] INFO  server.RaftServerConfigKeys (ConfUtils.java:logGet(46)) - raft.server.write.follower.gap.ratio.max = -1.0 (default)
2025-04-24 14:04:21,294 [omNode-3@group-523986131536-LeaderElection31] INFO  server.RaftServerConfigKeys (ConfUtils.java:logGet(46)) - raft.server.log.appender.snapshot.chunk.size.max = 16MB (=16777216) (default)
2025-04-24 14:04:21,294 [omNode-3@group-523986131536-LeaderElection31] INFO  server.RaftServerConfigKeys (ConfUtils.java:logGet(46)) - raft.server.log.appender.buffer.byte-limit = 4194304 (custom)
2025-04-24 14:04:21,294 [omNode-3@group-523986131536-LeaderElection31] INFO  server.RaftServerConfigKeys (ConfUtils.java:logGet(46)) - raft.server.log.appender.buffer.element-limit = 1024 (custom)
2025-04-24 14:04:21,294 [omNode-3@group-523986131536-LeaderElection31] INFO  server.RaftServerConfigKeys (ConfUtils.java:logGet(46)) - raft.server.log.appender.wait-time.min = 0ms (custom)
2025-04-24 14:04:21,294 [omNode-3@group-523986131536-LeaderElection31] INFO  grpc.GrpcConfigKeys (ConfUtils.java:logGet(46)) - raft.grpc.server.leader.outstanding.appends.max = 8 (default)
2025-04-24 14:04:21,294 [omNode-3@group-523986131536-LeaderElection31] INFO  server.RaftServerConfigKeys (ConfUtils.java:logGet(46)) - raft.server.rpc.request.timeout = 3000ms (default)
2025-04-24 14:04:21,294 [omNode-3@group-523986131536-LeaderElection31] INFO  grpc.GrpcConfigKeys (ConfUtils.java:logGet(46)) - raft.grpc.server.install_snapshot.request.element-limit = 8 (default)
2025-04-24 14:04:21,294 [omNode-3@group-523986131536-LeaderElection31] INFO  grpc.GrpcConfigKeys (ConfUtils.java:logGet(46)) - raft.grpc.server.install_snapshot.request.timeout = 3000ms (default)
2025-04-24 14:04:21,294 [omNode-3@group-523986131536-LeaderElection31] INFO  grpc.GrpcConfigKeys (ConfUtils.java:logGet(46)) - raft.grpc.server.log-message.batch.duration = 5s (default)
2025-04-24 14:04:21,294 [omNode-3@group-523986131536-LeaderElection31] INFO  server.RaftServerConfigKeys (ConfUtils.java:logGet(46)) - raft.server.log.appender.install.snapshot.enabled = false (custom)
2025-04-24 14:04:21,294 [omNode-3@group-523986131536-LeaderElection31] INFO  grpc.GrpcConfigKeys (ConfUtils.java:logGet(46)) - raft.grpc.server.heartbeat.channel = true (default)
2025-04-24 14:04:21,295 [omNode-3@group-523986131536-LeaderElection31] INFO  server.RaftServerConfigKeys (ConfUtils.java:logGet(46)) - raft.server.log.appender.snapshot.chunk.size.max = 16MB (=16777216) (default)
2025-04-24 14:04:21,295 [omNode-3@group-523986131536-LeaderElection31] INFO  server.RaftServerConfigKeys (ConfUtils.java:logGet(46)) - raft.server.log.appender.buffer.byte-limit = 4194304 (custom)
2025-04-24 14:04:21,295 [omNode-3@group-523986131536-LeaderElection31] INFO  server.RaftServerConfigKeys (ConfUtils.java:logGet(46)) - raft.server.log.appender.buffer.element-limit = 1024 (custom)
2025-04-24 14:04:21,295 [omNode-3@group-523986131536-LeaderElection31] INFO  server.RaftServerConfigKeys (ConfUtils.java:logGet(46)) - raft.server.log.appender.wait-time.min = 0ms (custom)
2025-04-24 14:04:21,295 [omNode-3@group-523986131536-LeaderElection31] INFO  grpc.GrpcConfigKeys (ConfUtils.java:logGet(46)) - raft.grpc.server.leader.outstanding.appends.max = 8 (default)
2025-04-24 14:04:21,295 [omNode-3@group-523986131536-LeaderElection31] INFO  server.RaftServerConfigKeys (ConfUtils.java:logGet(46)) - raft.server.rpc.request.timeout = 3000ms (default)
2025-04-24 14:04:21,295 [omNode-3@group-523986131536-LeaderElection31] INFO  grpc.GrpcConfigKeys (ConfUtils.java:logGet(46)) - raft.grpc.server.install_snapshot.request.element-limit = 8 (default)
2025-04-24 14:04:21,295 [omNode-3@group-523986131536-LeaderElection31] INFO  grpc.GrpcConfigKeys (ConfUtils.java:logGet(46)) - raft.grpc.server.install_snapshot.request.timeout = 3000ms (default)
2025-04-24 14:04:21,295 [omNode-3@group-523986131536-LeaderElection31] INFO  grpc.GrpcConfigKeys (ConfUtils.java:logGet(46)) - raft.grpc.server.log-message.batch.duration = 5s (default)
2025-04-24 14:04:21,295 [omNode-3@group-523986131536-LeaderElection31] INFO  server.RaftServerConfigKeys (ConfUtils.java:logGet(46)) - raft.server.log.appender.install.snapshot.enabled = false (custom)
2025-04-24 14:04:21,295 [omNode-3@group-523986131536-LeaderElection31] INFO  grpc.GrpcConfigKeys (ConfUtils.java:logGet(46)) - raft.grpc.server.heartbeat.channel = true (default)
2025-04-24 14:04:21,296 [omNode-3@group-523986131536-LeaderElection31] INFO  impl.RoleInfo (RoleInfo.java:updateAndGet(148)) - omNode-3: start omNode-3@group-523986131536-LeaderStateImpl
2025-04-24 14:04:21,296 [omNode-3@group-523986131536-LeaderElection31] INFO  server.RaftServer$Division (RaftServerImpl.java:setFirstElection(562)) - omNode-3@group-523986131536: set firstElectionSinceStartup to false for becomeLeader
2025-04-24 14:04:21,296 [omNode-3@group-523986131536-LeaderElection31] INFO  ratis.OzoneManagerStateMachine (OzoneManagerStateMachine.java:notifyLeaderChanged(169)) - omNode-3@group-523986131536: leader changed to omNode-3
2025-04-24 14:04:21,296 [omNode-3@group-523986131536-LeaderElection31] INFO  server.RaftServer$Division (ServerState.java:setLeader(272)) - omNode-3@group-523986131536: change Leader from null to omNode-3 at term 15 for becomeLeader, leader elected after 1095ms
2025-04-24 14:04:21,296 [omNode-3@group-523986131536-LeaderElection31] INFO  segmented.SegmentedRaftLogWorker (SegmentedRaftLogWorker.java:rollLogSegment(443)) - omNode-3@group-523986131536-SegmentedRaftLogWorker: Rolling segment log-312_323 to index:323
2025-04-24 14:04:21,296 [omNode-3@group-523986131536-LeaderElection31] INFO  server.RaftServer$Division (ServerState.java:setRaftConf(386)) - omNode-3@group-523986131536: set configuration conf: {index: 324, cur=peers:[omNode-3|localhost:15017, omNode-1|localhost:15009, omNode-2|localhost:15013]|listeners:[], old=null}
2025-04-24 14:04:21,296 [omNode-3@group-523986131536-SegmentedRaftLogWorker] INFO  segmented.SegmentedRaftLogWorker (SegmentedRaftLogWorker.java:execute(601)) - omNode-3@group-523986131536-SegmentedRaftLogWorker: Rolled log segment from /home/runner/work/ozone/ozone/hadoop-ozone/integration-test/target/test-dir/MiniOzoneClusterImpl-4e6105ad-12bc-4f18-9d37-351d73277e17/omNode-3/ratis/c9bc4cf4-3bc3-3c60-a66b-523986131536/current/log_inprogress_312 to /home/runner/work/ozone/ozone/hadoop-ozone/integration-test/target/test-dir/MiniOzoneClusterImpl-4e6105ad-12bc-4f18-9d37-351d73277e17/omNode-3/ratis/c9bc4cf4-3bc3-3c60-a66b-523986131536/current/log_312-323
2025-04-24 14:04:21,297 [omNode-3@group-523986131536-SegmentedRaftLogWorker] INFO  segmented.BufferedWriteChannel (BufferedWriteChannel.java:open(61)) - open log_inprogress_324 at position 0
2025-04-24 14:04:21,306 [omNode-2-server-thread1] INFO  ratis.OzoneManagerStateMachine (OzoneManagerStateMachine.java:notifyLeaderChanged(169)) - omNode-2@group-523986131536: leader changed to omNode-3
2025-04-24 14:04:21,306 [omNode-2-server-thread1] INFO  server.RaftServer$Division (ServerState.java:setLeader(272)) - omNode-2@group-523986131536: change Leader from null to omNode-3 at term 15 for appendEntries, leader elected after 167ms
2025-04-24 14:04:21,307 [omNode-2-server-thread3] INFO  server.RaftServer$Division (ServerState.java:setRaftConf(386)) - omNode-2@group-523986131536: set configuration conf: {index: 324, cur=peers:[omNode-3|localhost:15017, omNode-1|localhost:15009, omNode-2|localhost:15013]|listeners:[], old=null}
2025-04-24 14:04:21,307 [omNode-2-server-thread3] INFO  segmented.SegmentedRaftLogWorker (SegmentedRaftLogWorker.java:rollLogSegment(443)) - omNode-2@group-523986131536-SegmentedRaftLogWorker: Rolling segment log-312_323 to index:323
2025-04-24 14:04:21,308 [omNode-1-server-thread1] INFO  ratis.OzoneManagerStateMachine (OzoneManagerStateMachine.java:notifyLeaderChanged(169)) - omNode-1@group-523986131536: leader changed to omNode-3
2025-04-24 14:04:21,308 [omNode-1-server-thread1] INFO  server.RaftServer$Division (ServerState.java:setLeader(272)) - omNode-1@group-523986131536: change Leader from null to omNode-3 at term 15 for appendEntries, leader elected after 658ms
2025-04-24 14:04:21,308 [omNode-1-server-thread1] INFO  server.RaftServer$Division (RaftServerImpl.java:checkInconsistentAppendEntries(1648)) - omNode-1@group-523986131536: Failed appendEntries as previous log entry ((t:14, i:323)) is not found
2025-04-24 14:04:21,308 [omNode-1-server-thread1] INFO  server.RaftServer$Division (RaftServerImpl.java:appendEntriesAsync(1580)) - omNode-1@group-523986131536: appendEntries* reply omNode-3<-omNode-1#0:FAIL-t15,INCONSISTENCY,nextIndex=312,followerCommit=311,matchIndex=-1
2025-04-24 14:04:21,309 [omNode-2@group-523986131536-SegmentedRaftLogWorker] INFO  segmented.SegmentedRaftLogWorker (SegmentedRaftLogWorker.java:execute(601)) - omNode-2@group-523986131536-SegmentedRaftLogWorker: Rolled log segment from /home/runner/work/ozone/ozone/hadoop-ozone/integration-test/target/test-dir/MiniOzoneClusterImpl-4e6105ad-12bc-4f18-9d37-351d73277e17/omNode-2/ratis/c9bc4cf4-3bc3-3c60-a66b-523986131536/current/log_inprogress_312 to /home/runner/work/ozone/ozone/hadoop-ozone/integration-test/target/test-dir/MiniOzoneClusterImpl-4e6105ad-12bc-4f18-9d37-351d73277e17/omNode-2/ratis/c9bc4cf4-3bc3-3c60-a66b-523986131536/current/log_312-323
2025-04-24 14:04:21,310 [grpc-default-executor-2] WARN  server.GrpcLogAppender (GrpcLogAppender.java:onNextImpl(519)) - omNode-3@group-523986131536->omNode-1-AppendLogResponseHandler: received INCONSISTENCY reply with nextIndex 312, errorCount=1, request=AppendEntriesRequest:cid=0,entriesCount=0
2025-04-24 14:04:21,310 [grpc-default-executor-2] INFO  leader.FollowerInfo (FollowerInfoImpl.java:info(70)) - omNode-3@group-523986131536->omNode-1: setNextIndex nextIndex: updateUnconditionally 325 -> 312
2025-04-24 14:04:21,310 [omNode-2@group-523986131536-SegmentedRaftLogWorker] INFO  segmented.BufferedWriteChannel (BufferedWriteChannel.java:open(61)) - open log_inprogress_324 at position 0
2025-04-24 14:04:21,310 [omNode-3@group-523986131536->omNode-1-GrpcLogAppender-LogAppenderDaemon] WARN  leader.LogAppenderDaemon (LogAppenderDaemon.java:run(89)) - omNode-3@group-523986131536->omNode-1-GrpcLogAppender-LogAppenderDaemon failed
java.lang.NullPointerException: omNode-3@group-523986131536->omNode-1: Previous TermIndex not found for firstIndex = 312
	at java.base/java.util.Objects.requireNonNull(Objects.java:360)
	at org.apache.ratis.server.leader.LogAppenderBase.assertProtos(LogAppenderBase.java:267)
	at org.apache.ratis.server.leader.LogAppenderBase.newAppendEntriesRequest(LogAppenderBase.java:252)
	at org.apache.ratis.grpc.server.GrpcLogAppender.appendLog(GrpcLogAppender.java:387)
	at org.apache.ratis.grpc.server.GrpcLogAppender.run(GrpcLogAppender.java:262)
	at org.apache.ratis.server.leader.LogAppenderDaemon.run(LogAppenderDaemon.java:80)
	at java.base/java.lang.Thread.run(Thread.java:1583)
2025-04-24 14:04:21,311 [omNode-3@group-523986131536->omNode-1-GrpcLogAppender-LogAppenderDaemon] INFO  server.RaftServer$Division (LeaderStateImpl.java:restart(682)) - omNode-3@group-523986131536-LeaderStateImpl: Restarting GrpcLogAppender for omNode-3@group-523986131536->omNode-1
2025-04-24 14:04:21,311 [omNode-3@group-523986131536->omNode-1-GrpcLogAppender-LogAppenderDaemon] INFO  server.RaftServerConfigKeys (ConfUtils.java:logGet(46)) - raft.server.log.appender.snapshot.chunk.size.max = 16MB (=16777216) (default)
2025-04-24 14:04:21,311 [omNode-3@group-523986131536->omNode-1-GrpcLogAppender-LogAppenderDaemon] INFO  server.RaftServerConfigKeys (ConfUtils.java:logGet(46)) - raft.server.log.appender.buffer.byte-limit = 4194304 (custom)
2025-04-24 14:04:21,311 [omNode-3@group-523986131536->omNode-1-GrpcLogAppender-LogAppenderDaemon] INFO  server.RaftServerConfigKeys (ConfUtils.java:logGet(46)) - raft.server.log.appender.buffer.element-limit = 1024 (custom)
2025-04-24 14:04:21,311 [omNode-3@group-523986131536->omNode-1-GrpcLogAppender-LogAppenderDaemon] INFO  server.RaftServerConfigKeys (ConfUtils.java:logGet(46)) - raft.server.log.appender.wait-time.min = 0ms (custom)
2025-04-24 14:04:21,312 [omNode-3@group-523986131536->omNode-1-GrpcLogAppender-LogAppenderDaemon] INFO  grpc.GrpcConfigKeys (ConfUtils.java:logGet(46)) - raft.grpc.server.leader.outstanding.appends.max = 8 (default)
2025-04-24 14:04:21,312 [omNode-3@group-523986131536->omNode-1-GrpcLogAppender-LogAppenderDaemon] INFO  server.RaftServerConfigKeys (ConfUtils.java:logGet(46)) - raft.server.rpc.request.timeout = 3000ms (default)
2025-04-24 14:04:21,313 [omNode-3@group-523986131536->omNode-1-GrpcLogAppender-LogAppenderDaemon] INFO  grpc.GrpcConfigKeys (ConfUtils.java:logGet(46)) - raft.grpc.server.install_snapshot.request.element-limit = 8 (default)
2025-04-24 14:04:21,313 [omNode-3@group-523986131536->omNode-1-GrpcLogAppender-LogAppenderDaemon] INFO  grpc.GrpcConfigKeys (ConfUtils.java:logGet(46)) - raft.grpc.server.install_snapshot.request.timeout = 3000ms (default)
2025-04-24 14:04:21,313 [omNode-3@group-523986131536->omNode-1-GrpcLogAppender-LogAppenderDaemon] INFO  grpc.GrpcConfigKeys (ConfUtils.java:logGet(46)) - raft.grpc.server.log-message.batch.duration = 5s (default)
2025-04-24 14:04:21,313 [omNode-3@group-523986131536->omNode-1-GrpcLogAppender-LogAppenderDaemon] INFO  server.RaftServerConfigKeys (ConfUtils.java:logGet(46)) - raft.server.log.appender.install.snapshot.enabled = false (custom)
2025-04-24 14:04:21,313 [omNode-3@group-523986131536->omNode-1-GrpcLogAppender-LogAppenderDaemon] INFO  grpc.GrpcConfigKeys (ConfUtils.java:logGet(46)) - raft.grpc.server.heartbeat.channel = true (default)
2025-04-24 14:04:21,313 [omNode-1-server-thread2] INFO  server.RaftServer$Division (RaftServerImpl.java:checkInconsistentAppendEntries(1648)) - omNode-1@group-523986131536: Failed appendEntries as previous log entry ((t:14, i:323)) is not found
2025-04-24 14:04:21,313 [omNode-1-server-thread2] INFO  server.RaftServer$Division (RaftServerImpl.java:appendEntriesAsync(1580)) - omNode-1@group-523986131536: appendEntries* reply omNode-3<-omNode-1#1:FAIL-t15,INCONSISTENCY,nextIndex=312,followerCommit=311,matchIndex=-1
2025-04-24 14:04:21,315 [grpc-default-executor-3] WARN  server.GrpcLogAppender (GrpcLogAppender.java:onNextImpl(519)) - omNode-3@group-523986131536->omNode-1-AppendLogResponseHandler: received INCONSISTENCY reply with nextIndex 312, errorCount=2, request=null
2025-04-24 14:04:21,315 [omNode-3@group-523986131536->omNode-1-GrpcLogAppender-LogAppenderDaemon] INFO  server.GrpcLogAppender (GrpcLogAppender.java:notifyInstallSnapshot(791)) - omNode-3@group-523986131536->omNode-1-GrpcLogAppender: notifyInstallSnapshot with firstAvailable=(t:14, i:312), followerNextIndex=0
2025-04-24 14:04:21,315 [omNode-3@group-523986131536->omNode-1-GrpcLogAppender-LogAppenderDaemon] INFO  server.GrpcLogAppender (GrpcLogAppender.java:notifyInstallSnapshot(799)) - omNode-3@group-523986131536->omNode-1-GrpcLogAppender: send omNode-3->omNode-1#0-t15,notify:(t:14, i:312)
2025-04-24 14:04:21,316 [grpc-default-executor-3] INFO  impl.SnapshotInstallationHandler (SnapshotInstallationHandler.java:installSnapshot(97)) - omNode-1@group-523986131536: receive installSnapshot: omNode-3->omNode-1#0-t15,notify:(t:14, i:312)
2025-04-24 14:04:21,316 [grpc-default-executor-3] INFO  impl.SnapshotInstallationHandler (SnapshotInstallationHandler.java:notifyStateMachineToInstallSnapshot(258)) - omNode-1@group-523986131536: Received notification to install snapshot at index 312
2025-04-24 14:04:21,316 [grpc-default-executor-3] INFO  impl.SnapshotInstallationHandler (SnapshotInstallationHandler.java:notifyStateMachineToInstallSnapshot(268)) - omNode-1@group-523986131536: InstallSnapshot notification result: ALREADY_INSTALLED, current snapshot index: 311
2025-04-24 14:04:21,317 [grpc-default-executor-3] INFO  impl.SnapshotInstallationHandler (SnapshotInstallationHandler.java:installSnapshotImpl(143)) - omNode-1@group-523986131536: set new configuration index: 324
configurationEntry {
  peers {
    id: "omNode-3"
    address: "localhost:15017"
    startupRole: FOLLOWER
  }
  peers {
    id: "omNode-1"
    address: "localhost:15009"
    startupRole: FOLLOWER
  }
  peers {
    id: "omNode-2"
    address: "localhost:15013"
    startupRole: FOLLOWER
  }
}
 from snapshot
2025-04-24 14:04:21,317 [grpc-default-executor-3] INFO  server.RaftServer$Division (ServerState.java:setRaftConf(386)) - omNode-1@group-523986131536: set configuration conf: {index: 324, cur=peers:[omNode-3|localhost:15017, omNode-1|localhost:15009, omNode-2|localhost:15013]|listeners:[], old=null}
2025-04-24 14:04:21,328 [omNode-3@group-523986131536-SegmentedRaftLogWorker] INFO  segmented.SegmentedRaftLogWorker (SegmentedRaftLogWorker.java:execute(644)) - omNode-3@group-523986131536-SegmentedRaftLogWorker: created new log segment /home/runner/work/ozone/ozone/hadoop-ozone/integration-test/target/test-dir/MiniOzoneClusterImpl-4e6105ad-12bc-4f18-9d37-351d73277e17/omNode-3/ratis/c9bc4cf4-3bc3-3c60-a66b-523986131536/current/log_inprogress_324
2025-04-24 14:04:21,329 [grpc-default-executor-3] INFO  ratis.OzoneManagerStateMachine (OzoneManagerStateMachine.java:notifyConfigurationChanged(231)) - notifyConfigurationChanged from Ratis: term=0, index=324, New Peer list: omNode-3(localhost:15017), omNode-1(localhost:15009), omNode-2(localhost:15013)
2025-04-24 14:04:21,329 [omNode-2@group-523986131536-SegmentedRaftLogWorker] INFO  segmented.SegmentedRaftLogWorker (SegmentedRaftLogWorker.java:execute(644)) - omNode-2@group-523986131536-SegmentedRaftLogWorker: created new log segment /home/runner/work/ozone/ozone/hadoop-ozone/integration-test/target/test-dir/MiniOzoneClusterImpl-4e6105ad-12bc-4f18-9d37-351d73277e17/omNode-2/ratis/c9bc4cf4-3bc3-3c60-a66b-523986131536/current/log_inprogress_324
2025-04-24 14:04:21,330 [grpc-default-executor-3] INFO  impl.SnapshotInstallationHandler (SnapshotInstallationHandler.java:installSnapshot(108)) - omNode-1@group-523986131536: reply installSnapshot: omNode-3<-omNode-1#0:OK-t15,ALREADY_INSTALLED,snapshotIndex=311
2025-04-24 14:04:21,330 [grpc-default-executor-3] INFO  server.GrpcServerProtocolService (GrpcServerProtocolService.java:onCompleted(157)) - omNode-1: Completed INSTALL_SNAPSHOT, lastRequest: omNode-3->omNode-1#0-t15,notify:(t:14, i:312)
2025-04-24 14:04:21,330 [grpc-default-executor-3] INFO  server.GrpcServerProtocolService (GrpcServerProtocolService.java:lambda$onCompleted$5(159)) - omNode-1: Completed INSTALL_SNAPSHOT, lastReply: null
2025-04-24 14:04:21,330 [grpc-default-executor-2] INFO  server.GrpcLogAppender (GrpcLogAppender.java:onNext(655)) - omNode-3@group-523986131536->omNode-1-InstallSnapshotResponseHandler: received the first reply omNode-3<-omNode-1#0:OK-t15,ALREADY_INSTALLED,snapshotIndex=311
2025-04-24 14:04:21,330 [grpc-default-executor-2] INFO  server.GrpcLogAppender (GrpcLogAppender.java:onNext(676)) - omNode-3@group-523986131536->omNode-1-InstallSnapshotResponseHandler: Follower snapshot is already at index 311.
2025-04-24 14:04:21,330 [grpc-default-executor-2] INFO  leader.FollowerInfo (FollowerInfoImpl.java:info(64)) - omNode-3@group-523986131536->omNode-1: snapshotIndex: setUnconditionally 0 -> 311
2025-04-24 14:04:21,331 [grpc-default-executor-2] INFO  leader.FollowerInfo (FollowerInfoImpl.java:info(64)) - omNode-3@group-523986131536->omNode-1: matchIndex: setUnconditionally -1 -> 311
2025-04-24 14:04:21,331 [grpc-default-executor-2] INFO  leader.FollowerInfo (FollowerInfoImpl.java:info(64)) - omNode-3@group-523986131536->omNode-1: nextIndex: setUnconditionally 0 -> 312
2025-04-24 14:04:21,331 [grpc-default-executor-2] INFO  leader.FollowerInfo (FollowerInfoImpl.java:setAttemptedToInstallSnapshot(154)) - Follower omNode-3@group-523986131536->omNode-1 acknowledged installing snapshot
2025-04-24 14:04:21,331 [grpc-default-executor-2] INFO  server.GrpcLogAppender (GrpcLogAppender.java:increaseNextIndex(457)) - omNode-3@group-523986131536->omNode-1-GrpcLogAppender: updateNextIndex 312 for ALREADY_INSTALLED
2025-04-24 14:04:21,334 [omNode-3@group-523986131536-StateMachineUpdater] INFO  ratis.OzoneManagerStateMachine (OzoneManagerStateMachine.java:notifyConfigurationChanged(231)) - notifyConfigurationChanged from Ratis: term=15, index=324, New Peer list: omNode-3(localhost:15017), omNode-1(localhost:15009), omNode-2(localhost:15013)
2025-04-24 14:04:21,334 [omNode-3@group-523986131536-StateMachineUpdater] INFO  server.RaftServer$Division (LeaderStateImpl.java:checkStartIndex(313)) - Leader omNode-3@group-523986131536-LeaderStateImpl is ready since appliedIndex == startIndex == 324
2025-04-24 14:04:21,335 [omNode-2@group-523986131536-StateMachineUpdater] INFO  ratis.OzoneManagerStateMachine (OzoneManagerStateMachine.java:notifyConfigurationChanged(231)) - notifyConfigurationChanged from Ratis: term=15, index=324, New Peer list: omNode-3(localhost:15017), omNode-1(localhost:15009), omNode-2(localhost:15013)
2025-04-24 14:04:21,337 [omNode-1-server-thread2] INFO  server.RaftServer$Division (ServerState.java:setRaftConf(386)) - omNode-1@group-523986131536: set configuration conf: {index: 312, cur=peers:[omNode-3|localhost:15017, omNode-1|localhost:15009, omNode-2|localhost:15013]|listeners:[], old=null}
2025-04-24 14:04:21,337 [omNode-1-server-thread2] INFO  server.RaftServer$Division (ServerState.java:setRaftConf(386)) - omNode-1@group-523986131536: set configuration conf: {index: 324, cur=peers:[omNode-3|localhost:15017, omNode-1|localhost:15009, omNode-2|localhost:15013]|listeners:[], old=null}
2025-04-24 14:04:21,337 [omNode-1-server-thread2] INFO  segmented.SegmentedRaftLogWorker (SegmentedRaftLogWorker.java:rollLogSegment(443)) - omNode-1@group-523986131536-SegmentedRaftLogWorker: Rolling segment log-310_311 to index:311
2025-04-24 14:04:21,337 [omNode-1-server-thread2] INFO  segmented.SegmentedRaftLogWorker (SegmentedRaftLogWorker.java:rollLogSegment(443)) - omNode-1@group-523986131536-SegmentedRaftLogWorker: Rolling segment log-312_323 to index:323
2025-04-24 14:04:21,337 [omNode-1@group-523986131536-SegmentedRaftLogWorker] INFO  segmented.SegmentedRaftLogWorker (SegmentedRaftLogWorker.java:execute(601)) - omNode-1@group-523986131536-SegmentedRaftLogWorker: Rolled log segment from /home/runner/work/ozone/ozone/hadoop-ozone/integration-test/target/test-dir/MiniOzoneClusterImpl-4e6105ad-12bc-4f18-9d37-351d73277e17/omNode-1/ratis/c9bc4cf4-3bc3-3c60-a66b-523986131536/current/log_inprogress_310 to /home/runner/work/ozone/ozone/hadoop-ozone/integration-test/target/test-dir/MiniOzoneClusterImpl-4e6105ad-12bc-4f18-9d37-351d73277e17/omNode-1/ratis/c9bc4cf4-3bc3-3c60-a66b-523986131536/current/log_310-311
2025-04-24 14:04:21,337 [omNode-1@group-523986131536-SegmentedRaftLogWorker] INFO  segmented.BufferedWriteChannel (BufferedWriteChannel.java:open(61)) - open log_inprogress_312 at position 0
2025-04-24 14:04:21,348 [timer4] WARN  server.GrpcLogAppender (LogUtils.java:warn(121)) - omNode-3@group-523986131536->omNode-1-AppendLogResponseHandler: Failed appendEntries (Repeated 22 times in the last 5.001s): org.apache.ratis.thirdparty.io.grpc.StatusRuntimeException: UNAVAILABLE: io exception
2025-04-24 14:04:21,349 [timer5] WARN  server.GrpcLogAppender (GrpcLogAppender.java:lambda$resetClient$1(221)) - omNode-3@group-523986131536->omNode-1-GrpcLogAppender: Follower failed (request=null, errorCount=22); keep nextIndex (314) unchanged and retry. (Repeated 4 times in the last 5.001s)
2025-04-24 14:04:21,350 [omNode-1@group-523986131536-SegmentedRaftLogWorker] INFO  segmented.SegmentedRaftLogWorker (SegmentedRaftLogWorker.java:execute(644)) - omNode-1@group-523986131536-SegmentedRaftLogWorker: created new log segment /home/runner/work/ozone/ozone/hadoop-ozone/integration-test/target/test-dir/MiniOzoneClusterImpl-4e6105ad-12bc-4f18-9d37-351d73277e17/omNode-1/ratis/c9bc4cf4-3bc3-3c60-a66b-523986131536/current/log_inprogress_312
2025-04-24 14:04:21,351 [omNode-1@group-523986131536-SegmentedRaftLogWorker] INFO  segmented.SegmentedRaftLogWorker (SegmentedRaftLogWorker.java:execute(601)) - omNode-1@group-523986131536-SegmentedRaftLogWorker: Rolled log segment from /home/runner/work/ozone/ozone/hadoop-ozone/integration-test/target/test-dir/MiniOzoneClusterImpl-4e6105ad-12bc-4f18-9d37-351d73277e17/omNode-1/ratis/c9bc4cf4-3bc3-3c60-a66b-523986131536/current/log_inprogress_312 to /home/runner/work/ozone/ozone/hadoop-ozone/integration-test/target/test-dir/MiniOzoneClusterImpl-4e6105ad-12bc-4f18-9d37-351d73277e17/omNode-1/ratis/c9bc4cf4-3bc3-3c60-a66b-523986131536/current/log_312-323
2025-04-24 14:04:21,352 [omNode-1@group-523986131536-SegmentedRaftLogWorker] INFO  segmented.BufferedWriteChannel (BufferedWriteChannel.java:open(61)) - open log_inprogress_324 at position 0
2025-04-24 14:04:21,361 [omNode-1@group-523986131536-SegmentedRaftLogWorker] INFO  segmented.SegmentedRaftLogWorker (SegmentedRaftLogWorker.java:execute(644)) - omNode-1@group-523986131536-SegmentedRaftLogWorker: created new log segment /home/runner/work/ozone/ozone/hadoop-ozone/integration-test/target/test-dir/MiniOzoneClusterImpl-4e6105ad-12bc-4f18-9d37-351d73277e17/omNode-1/ratis/c9bc4cf4-3bc3-3c60-a66b-523986131536/current/log_inprogress_324
2025-04-24 14:04:21,502 [main] INFO  reflections.Reflections (Reflections.java:scan(219)) - Reflections took 354 ms to scan 22 urls, producing 61 keys and 7423 values
2025-04-24 14:04:21,503 [main] INFO  ipc.CallQueueManager (CallQueueManager.java:<init>(93)) - Using callQueue: class java.util.concurrent.LinkedBlockingQueue, queueCapacity: 2000, scheduler: class org.apache.hadoop.ipc.DefaultRpcScheduler, ipcBackoff: false, ipcFailOver: false.
2025-04-24 14:04:21,504 [main] INFO  ipc.Server (Server.java:<init>(1438)) - Listener at localhost:15010
2025-04-24 14:04:21,504 [Socket Reader #1 for port 15010] INFO  ipc.Server (Server.java:run(1474)) - Starting Socket Reader #1 for port 15010
2025-04-24 14:04:21,504 [Socket Reader #2 for port 15010] INFO  ipc.Server (Server.java:run(1474)) - Starting Socket Reader #2 for port 15010
2025-04-24 14:04:21,504 [Socket Reader #4 for port 15010] INFO  ipc.Server (Server.java:run(1474)) - Starting Socket Reader #4 for port 15010
2025-04-24 14:04:21,505 [Socket Reader #5 for port 15010] INFO  ipc.Server (Server.java:run(1474)) - Starting Socket Reader #5 for port 15010
2025-04-24 14:04:21,505 [Socket Reader #6 for port 15010] INFO  ipc.Server (Server.java:run(1474)) - Starting Socket Reader #6 for port 15010
2025-04-24 14:04:21,505 [Socket Reader #3 for port 15010] INFO  ipc.Server (Server.java:run(1474)) - Starting Socket Reader #3 for port 15010
2025-04-24 14:04:21,505 [Socket Reader #7 for port 15010] INFO  ipc.Server (Server.java:run(1474)) - Starting Socket Reader #7 for port 15010
2025-04-24 14:04:21,505 [Socket Reader #8 for port 15010] INFO  ipc.Server (Server.java:run(1474)) - Starting Socket Reader #8 for port 15010
2025-04-24 14:04:21,505 [Socket Reader #9 for port 15010] INFO  ipc.Server (Server.java:run(1474)) - Starting Socket Reader #9 for port 15010
2025-04-24 14:04:21,506 [Socket Reader #10 for port 15010] INFO  ipc.Server (Server.java:run(1474)) - Starting Socket Reader #10 for port 15010
2025-04-24 14:04:21,507 [main] INFO  http.BaseHttpServer (BaseHttpServer.java:newHttpServer2BuilderForOzone(229)) - Starting Web-server for ozoneManager at: http://0.0.0.0:15011
2025-04-24 14:04:21,507 [main] INFO  http.BaseHttpServer (BaseHttpServer.java:<init>(107)) - Hadoop Security Enabled: false Ozone Security Enabled: false Ozone HTTP Security Enabled: false 
2025-04-24 14:04:21,508 [main] WARN  server.AuthenticationFilter (AuthenticationFilter.java:constructSecretProvider(240)) - Unable to initialize FileSignerSecretProvider, falling back to use random secrets. Reason: Could not read signature secret file: /home/runner/hadoop-http-auth-signature-secret
2025-04-24 14:04:21,509 [main] INFO  http.HttpServer2 (HttpServer2.java:addGlobalFilter(1041)) - Added global filter 'safety' (class=org.apache.hadoop.hdds.server.http.HttpServer2$QuotingInputFilter)
2025-04-24 14:04:21,510 [main] INFO  http.HttpServer2 (HttpServer2.java:addFilter(1017)) - Added filter static_user_filter (class=org.apache.hadoop.http.lib.StaticUserWebFilter$StaticUserFilter) to context ozoneManager
2025-04-24 14:04:21,510 [main] INFO  http.HttpServer2 (HttpServer2.java:addFilter(1025)) - Added filter static_user_filter (class=org.apache.hadoop.http.lib.StaticUserWebFilter$StaticUserFilter) to context logs
2025-04-24 14:04:21,510 [main] INFO  http.HttpServer2 (HttpServer2.java:addFilter(1025)) - Added filter static_user_filter (class=org.apache.hadoop.http.lib.StaticUserWebFilter$StaticUserFilter) to context static
2025-04-24 14:04:21,510 [main] INFO  http.BaseHttpServer (BaseHttpServer.java:<init>(195)) - HTTP server of ozoneManager uses base directory /home/runner/work/ozone/ozone/hadoop-ozone/integration-test/target/test-dir/MiniOzoneClusterImpl-4e6105ad-12bc-4f18-9d37-351d73277e17/omNode-2/webserver
2025-04-24 14:04:21,511 [main] INFO  http.HttpServer2 (HttpServer2.java:bindListener(1241)) - Jetty bound to port 15011
2025-04-24 14:04:21,511 [main] INFO  server.Server (Server.java:doStart(375)) - jetty-9.4.57.v20241219; built: 2025-01-08T21:24:30.412Z; git: df524e6b29271c2e09ba9aea83c18dc9db464a31; jvm 21.0.7+6-LTS
2025-04-24 14:04:21,512 [main] INFO  server.session (DefaultSessionIdManager.java:doStart(334)) - DefaultSessionIdManager workerName=node0
2025-04-24 14:04:21,512 [main] INFO  server.session (DefaultSessionIdManager.java:doStart(339)) - No SessionScavenger set, using defaults
2025-04-24 14:04:21,512 [main] INFO  server.session (HouseKeeper.java:startScavenging(132)) - node0 Scavenging every 660000ms
2025-04-24 14:04:21,513 [main] INFO  handler.ContextHandler (ContextHandler.java:doStart(921)) - Started o.e.j.s.ServletContextHandler@1f458dd3{logs,/logs,file:///home/runner/work/ozone/ozone/hadoop-ozone/integration-test/target/log,AVAILABLE}
2025-04-24 14:04:21,513 [main] INFO  handler.ContextHandler (ContextHandler.java:doStart(921)) - Started o.e.j.s.ServletContextHandler@24597813{static,/static,file:///home/runner/work/ozone/ozone/hadoop-ozone/integration-test/target/test-classes/webapps/static,AVAILABLE}
2025-04-24 14:04:21,516 [main] INFO  handler.ContextHandler (ContextHandler.java:doStart(921)) - Started o.e.j.w.WebAppContext@366233df{ozoneManager,/,file:///home/runner/work/ozone/ozone/hadoop-ozone/integration-test/target/test-classes/webapps/ozoneManager/,AVAILABLE}{file:/home/runner/work/ozone/ozone/hadoop-ozone/integration-test/target/test-classes/webapps/ozoneManager}
2025-04-24 14:04:21,517 [main] INFO  server.AbstractConnector (AbstractConnector.java:doStart(333)) - Started ServerConnector@1502b280{HTTP/1.1, (http/1.1)}{0.0.0.0:15011}
2025-04-24 14:04:21,517 [main] INFO  server.Server (Server.java:doStart(415)) - Started @142849ms
2025-04-24 14:04:21,517 [main] WARN  impl.MetricsSystemImpl (MetricsSystemImpl.java:register(279)) - Sink prometheus already exists!
2025-04-24 14:04:21,517 [main] INFO  http.BaseHttpServer (BaseHttpServer.java:updateConnectorAddress(360)) - HTTP server of ozoneManager listening at http://0.0.0.0:15011
2025-04-24 14:04:21,518 [IPC Server Responder] INFO  ipc.Server (Server.java:run(1713)) - IPC Server Responder: starting
2025-04-24 14:04:21,518 [IPC Server listener on 15010] INFO  ipc.Server (Server.java:run(1553)) - IPC Server listener on 15010: starting
2025-04-24 14:04:21,520 [main] INFO  om.OzoneManager (OzoneManager.java:startTrashEmptier(2257)) - Trash Interval set to 0. Files deleted won't move to trash
]]></system-out>
  </testcase>
  <testcase name="testRetryCacheWithDownedOM" classname="org.apache.hadoop.ozone.om.TestOzoneManagerHAWithStoppedNodes" time="13.559">
    <system-out><![CDATA[2025-04-24 14:04:21,522 [main] INFO  rpc.RpcClient (RpcClient.java:createVolume(462)) - Creating Volume: volume97976, with user39384 as owner and space quota set to -1 bytes, counts quota set to -1
2025-04-24 14:04:21,522 [main] INFO  retry.RetryInvocationHandler (RetryInvocationHandler.java:log(426)) - com.google.protobuf.ServiceException: java.io.EOFException: End of File Exception between local host is: "fv-az2210-761/10.1.0.107"; destination host is: "localhost":15014; : java.io.EOFException; For more details see:  http://wiki.apache.org/hadoop/EOFException, while invoking $Proxy68.submitRequest over nodeId=omNode-3,nodeAddress=127.0.0.1:15014. Trying to failover after sleeping for 2000ms. Current retry count: 0.
2025-04-24 14:04:21,864 [omNode-1@group-523986131536-StateMachineUpdater] INFO  ratis.OzoneManagerStateMachine (OzoneManagerStateMachine.java:notifyConfigurationChanged(231)) - notifyConfigurationChanged from Ratis: term=14, index=312, New Peer list: omNode-3(localhost:15017), omNode-1(localhost:15009), omNode-2(localhost:15013)
2025-04-24 14:04:21,865 [omNode-1-OMStateMachineApplyTransactionThread - 0] WARN  helpers.OzoneAclUtil (OzoneAclUtil.java:getDefaultAclList(77)) - Failed to get primary group from user user65352 (auth:SIMPLE)
2025-04-24 14:04:21,866 [omNode-1-OMStateMachineApplyTransactionThread - 0] INFO  volume.OMVolumeCreateRequest (OMVolumeCreateRequest.java:validateAndUpdateCache(203)) - created volume:volume87330 for user:user65352
2025-04-24 14:04:21,866 [omNode-1-OMStateMachineApplyTransactionThread - 0] WARN  helpers.OzoneAclUtil (OzoneAclUtil.java:getDefaultAclList(77)) - Failed to get primary group from user user75273 (auth:SIMPLE)
2025-04-24 14:04:21,866 [omNode-1-OMStateMachineApplyTransactionThread - 0] INFO  volume.OMVolumeCreateRequest (OMVolumeCreateRequest.java:validateAndUpdateCache(203)) - created volume:volume04163 for user:user75273
2025-04-24 14:04:21,867 [omNode-1-OMStateMachineApplyTransactionThread - 0] INFO  bucket.OMBucketCreateRequest (OMBucketCreateRequest.java:validateAndUpdateCache(291)) - created bucket: 2b5b8a00-6028-4736-8955-313a8720e0fb of layout OBJECT_STORE in volume: volume04163
2025-04-24 14:04:21,868 [omNode-1@group-523986131536-StateMachineUpdater] INFO  ratis.OzoneManagerStateMachine (OzoneManagerStateMachine.java:notifyConfigurationChanged(231)) - notifyConfigurationChanged from Ratis: term=15, index=324, New Peer list: omNode-3(localhost:15017), omNode-1(localhost:15009), omNode-2(localhost:15013)
2025-04-24 14:04:22,980 [timer1] WARN  server.GrpcLogAppender (GrpcLogAppender.java:lambda$resetClient$1(221)) - omNode-3@group-523986131536->omNode-1-GrpcLogAppender: Follower failed (request=null, errorCount=24); keep nextIndex (316) unchanged and retry. (Repeated 2 times in the last 5.000s)
2025-04-24 14:04:22,998 [timer4] WARN  server.GrpcLogAppender (GrpcLogAppender.java:lambda$resetClient$1(221)) - omNode-3@group-523986131536->omNode-1-GrpcLogAppender: Follower failed (request=null, errorCount=26); keep nextIndex (317) unchanged and retry. (Repeated 2 times in the last 5.001s)
2025-04-24 14:04:23,001 [timer6] WARN  server.GrpcLogAppender (GrpcLogAppender.java:lambda$resetClient$1(221)) - omNode-3@group-523986131536->omNode-1-GrpcLogAppender: Follower failed (request=null, errorCount=28); keep nextIndex (318) unchanged and retry. (Repeated 2 times in the last 5.000s)
2025-04-24 14:04:23,019 [timer1] WARN  server.GrpcLogAppender (GrpcLogAppender.java:lambda$resetClient$1(221)) - omNode-3@group-523986131536->omNode-1-GrpcLogAppender: Follower failed (request=null, errorCount=30); keep nextIndex (319) unchanged and retry. (Repeated 2 times in the last 5.000s)
2025-04-24 14:04:23,021 [timer4] WARN  server.GrpcLogAppender (GrpcLogAppender.java:lambda$resetClient$1(221)) - omNode-3@group-523986131536->omNode-1-GrpcLogAppender: Follower failed (request=null, errorCount=32); keep nextIndex (320) unchanged and retry. (Repeated 2 times in the last 5.000s)
2025-04-24 14:04:23,029 [timer7] WARN  server.GrpcLogAppender (GrpcLogAppender.java:lambda$resetClient$1(221)) - omNode-3@group-523986131536->omNode-1-GrpcLogAppender: Follower failed (request=null, errorCount=34); keep nextIndex (321) unchanged and retry. (Repeated 2 times in the last 5.000s)
2025-04-24 14:04:23,031 [timer2] WARN  server.GrpcLogAppender (GrpcLogAppender.java:lambda$resetClient$1(221)) - omNode-3@group-523986131536->omNode-1-GrpcLogAppender: Follower failed (request=null, errorCount=36); keep nextIndex (322) unchanged and retry. (Repeated 2 times in the last 5.000s)
2025-04-24 14:04:23,049 [timer0] WARN  server.GrpcLogAppender (GrpcLogAppender.java:lambda$resetClient$1(221)) - omNode-3@group-523986131536->omNode-1-GrpcLogAppender: Follower failed (request=null, errorCount=38); keep nextIndex (323) unchanged and retry. (Repeated 2 times in the last 5.000s)
2025-04-24 14:04:23,054 [timer3] WARN  server.GrpcLogAppender (GrpcLogAppender.java:lambda$resetClient$1(221)) - omNode-3@group-523986131536->omNode-1-GrpcLogAppender: Follower failed (request=null, errorCount=40); keep nextIndex (324) unchanged and retry. (Repeated 2 times in the last 5.001s)
2025-04-24 14:04:23,525 [main] INFO  retry.RetryInvocationHandler (RetryInvocationHandler.java:log(426)) - com.google.protobuf.ServiceException: org.apache.hadoop.ipc.RemoteException(org.apache.hadoop.ozone.om.exceptions.OMNotLeaderException): OM:omNode-1 is not the leader. Suggested leader is OM:omNode-3[localhost/127.0.0.1].
	at org.apache.hadoop.ozone.om.ratis.OzoneManagerRatisServer.newOMNotLeaderException(OzoneManagerRatisServer.java:813)
	at org.apache.hadoop.ozone.om.OzoneManager.checkLeaderStatus(OzoneManager.java:4355)
	at org.apache.hadoop.ozone.om.ratis.utils.OzoneManagerRatisUtils.checkLeaderStatus(OzoneManagerRatisUtils.java:500)
	at org.apache.hadoop.ozone.protocolPB.OzoneManagerProtocolServerSideTranslatorPB.internalProcessRequest(OzoneManagerProtocolServerSideTranslatorPB.java:165)
	at org.apache.hadoop.ozone.protocolPB.OzoneManagerProtocolServerSideTranslatorPB.processRequest(OzoneManagerProtocolServerSideTranslatorPB.java:125)
	at org.apache.hadoop.hdds.server.OzoneProtocolMessageDispatcher.processRequest(OzoneProtocolMessageDispatcher.java:87)
	at org.apache.hadoop.ozone.protocolPB.OzoneManagerProtocolServerSideTranslatorPB.submitRequest(OzoneManagerProtocolServerSideTranslatorPB.java:116)
	at org.apache.hadoop.ozone.protocol.proto.OzoneManagerProtocolProtos$OzoneManagerService$2.callBlockingMethod(OzoneManagerProtocolProtos.java)
	at org.apache.hadoop.ipc.ProtobufRpcEngine$Server.processCall(ProtobufRpcEngine.java:484)
	at org.apache.hadoop.ipc.ProtobufRpcEngine2$Server$ProtoBufRpcInvoker.call(ProtobufRpcEngine2.java:595)
	at org.apache.hadoop.ipc.ProtobufRpcEngine2$Server$ProtoBufRpcInvoker.call(ProtobufRpcEngine2.java:573)
	at org.apache.hadoop.ipc.RPC$Server.call(RPC.java:1227)
	at org.apache.hadoop.ipc.Server$RpcCall.run(Server.java:1246)
	at org.apache.hadoop.ipc.Server$RpcCall.run(Server.java:1169)
	at java.base/java.security.AccessController.doPrivileged(AccessController.java:714)
	at java.base/javax.security.auth.Subject.doAs(Subject.java:525)
	at org.apache.hadoop.security.UserGroupInformation.doAs(UserGroupInformation.java:1953)
	at org.apache.hadoop.ipc.Server$Handler.run(Server.java:3198)
, while invoking $Proxy68.submitRequest over nodeId=omNode-1,nodeAddress=127.0.0.1:15006 after 1 failover attempts. Trying to failover immediately. Current retry count: 1.
2025-04-24 14:04:23,525 [main] INFO  retry.RetryInvocationHandler (RetryInvocationHandler.java:log(426)) - com.google.protobuf.ServiceException: java.io.EOFException: End of File Exception between local host is: "fv-az2210-761/10.1.0.107"; destination host is: "localhost":15010; : java.io.EOFException; For more details see:  http://wiki.apache.org/hadoop/EOFException, while invoking $Proxy68.submitRequest over nodeId=omNode-2,nodeAddress=127.0.0.1:15010 after 2 failover attempts. Trying to failover immediately. Current retry count: 2.
2025-04-24 14:04:23,540 [omNode-2-OMStateMachineApplyTransactionThread - 0] WARN  helpers.OzoneAclUtil (OzoneAclUtil.java:getDefaultAclList(77)) - Failed to get primary group from user user39384 (auth:SIMPLE)
2025-04-24 14:04:23,540 [omNode-3-OMStateMachineApplyTransactionThread - 0] WARN  helpers.OzoneAclUtil (OzoneAclUtil.java:getDefaultAclList(77)) - Failed to get primary group from user user39384 (auth:SIMPLE)
2025-04-24 14:04:23,540 [omNode-3-OMStateMachineApplyTransactionThread - 0] INFO  volume.OMVolumeCreateRequest (OMVolumeCreateRequest.java:validateAndUpdateCache(203)) - created volume:volume97976 for user:user39384
2025-04-24 14:04:23,540 [omNode-1-OMStateMachineApplyTransactionThread - 0] WARN  helpers.OzoneAclUtil (OzoneAclUtil.java:getDefaultAclList(77)) - Failed to get primary group from user user39384 (auth:SIMPLE)
2025-04-24 14:04:23,540 [omNode-1-OMStateMachineApplyTransactionThread - 0] INFO  volume.OMVolumeCreateRequest (OMVolumeCreateRequest.java:validateAndUpdateCache(203)) - created volume:volume97976 for user:user39384
2025-04-24 14:04:23,540 [omNode-2-OMStateMachineApplyTransactionThread - 0] INFO  volume.OMVolumeCreateRequest (OMVolumeCreateRequest.java:validateAndUpdateCache(203)) - created volume:volume97976 for user:user39384
2025-04-24 14:04:23,544 [main] INFO  rpc.RpcClient (RpcClient.java:createBucket(687)) - Creating Bucket: volume97976/d4b37427-d260-4cd6-88b5-695e1e16864f, with server-side default bucket layout, runner as owner, Versioning false, Storage Type set to DISK and Encryption set to false, Replication Type set to server-side default replication type, Namespace Quota set to -1, Space Quota set to -1 
2025-04-24 14:04:23,547 [omNode-3-OMStateMachineApplyTransactionThread - 0] INFO  bucket.OMBucketCreateRequest (OMBucketCreateRequest.java:validateAndUpdateCache(291)) - created bucket: d4b37427-d260-4cd6-88b5-695e1e16864f of layout OBJECT_STORE in volume: volume97976
2025-04-24 14:04:23,548 [omNode-2-OMStateMachineApplyTransactionThread - 0] INFO  bucket.OMBucketCreateRequest (OMBucketCreateRequest.java:validateAndUpdateCache(291)) - created bucket: d4b37427-d260-4cd6-88b5-695e1e16864f of layout OBJECT_STORE in volume: volume97976
2025-04-24 14:04:23,549 [omNode-1-OMStateMachineApplyTransactionThread - 0] INFO  bucket.OMBucketCreateRequest (OMBucketCreateRequest.java:validateAndUpdateCache(291)) - created bucket: d4b37427-d260-4cd6-88b5-695e1e16864f of layout OBJECT_STORE in volume: volume97976
2025-04-24 14:04:23,579 [main] INFO  om.TestOzoneManagerHAWithStoppedNodes (TestOzoneManagerHAWithStoppedNodes.java:transferLeader(678)) - Transfer leadership from omNode-3(raft id omNode-3) to omNode-1(raft id omNode-1)
2025-04-24 14:04:23,587 [omNode-3-server-thread1] INFO  server.RaftServer$Division (RaftServerImpl.java:transferLeadershipAsync(1186)) - omNode-3@group-523986131536: receive transferLeadership TransferLeadershipRequest:client-D50E77A828BC->omNode-3@group-523986131536, cid=34, seq=null, RO, null
2025-04-24 14:04:23,588 [omNode-3-server-thread1] INFO  impl.TransferLeadership (TransferLeadership.java:tryTransferLeadership(258)) - omNode-3@group-523986131536: start transferring leadership to omNode-1
2025-04-24 14:04:23,588 [omNode-3-server-thread1] INFO  impl.TransferLeadership (TransferLeadership.java:sendStartLeaderElection(210)) - omNode-3@group-523986131536: sendStartLeaderElection to follower omNode-1, lastEntry=(t:15, i:335)
2025-04-24 14:04:23,590 [omNode-3-server-thread1] INFO  impl.TransferLeadership (TransferLeadership.java:tryTransferLeadership(266)) - omNode-3@group-523986131536: SUCCESS sent StartLeaderElection to transferee omNode-1 immediately as it already has up-to-date log
2025-04-24 14:04:23,591 [grpc-default-executor-3] INFO  impl.RoleInfo (RoleInfo.java:shutdownFollowerState(121)) - omNode-1: shutdown omNode-1@group-523986131536-FollowerState
2025-04-24 14:04:23,591 [grpc-default-executor-3] INFO  server.RaftServer$Division (RaftServerImpl.java:setRole(378)) - omNode-1@group-523986131536: changes role from  FOLLOWER to CANDIDATE at term 15 for changeToCandidate
2025-04-24 14:04:23,591 [grpc-default-executor-3] INFO  server.RaftServer$Division (ServerState.java:setLeader(272)) - omNode-1@group-523986131536: change Leader from omNode-3 to null at term 15 for ELECTION
2025-04-24 14:04:23,591 [omNode-1@group-523986131536-FollowerState] INFO  impl.FollowerState (FollowerState.java:runImpl(170)) - omNode-1@group-523986131536-FollowerState was interrupted
2025-04-24 14:04:23,592 [grpc-default-executor-3] INFO  impl.RoleInfo (RoleInfo.java:updateAndGet(148)) - omNode-1: start omNode-1@group-523986131536-LeaderElection32
2025-04-24 14:04:23,593 [omNode-1@group-523986131536-LeaderElection32] INFO  impl.LeaderElection (LeaderElection.java:askForVotes(332)) - omNode-1@group-523986131536-LeaderElection32 ELECTION round 0: submit vote requests at term 16 for conf: {index: 324, cur=peers:[omNode-3|localhost:15017, omNode-1|localhost:15009, omNode-2|localhost:15013]|listeners:[], old=null}
2025-04-24 14:04:23,593 [omNode-1@group-523986131536-LeaderElection32-1] INFO  server.GrpcServerProtocolClient (GrpcServerProtocolClient.java:<init>(65)) - Build channel for omNode-3|localhost:15017
2025-04-24 14:04:23,594 [omNode-3-server-thread2] INFO  impl.TransferLeadership (TransferLeadership.java:lambda$sendStartLeaderElection$2(224)) - omNode-3@group-523986131536: Received startLeaderElection reply from omNode-1: success? true
2025-04-24 14:04:23,593 [omNode-1@group-523986131536-LeaderElection32-2] INFO  server.GrpcServerProtocolClient (GrpcServerProtocolClient.java:<init>(65)) - Build channel for omNode-2|localhost:15013
2025-04-24 14:04:23,596 [grpc-default-executor-3] INFO  server.RaftServer$Division (RaftServerImpl.java:requestVote(1407)) - omNode-2@group-523986131536: receive requestVote(ELECTION, omNode-1, group-523986131536, 16, (t:15, i:335))
2025-04-24 14:04:23,596 [grpc-default-executor-3] INFO  impl.VoteContext (VoteContext.java:log(49)) - omNode-2@group-523986131536-FOLLOWER: accept ELECTION from omNode-1: our priority 0 <= candidate's priority 0
2025-04-24 14:04:23,596 [grpc-default-executor-3] INFO  server.RaftServer$Division (RaftServerImpl.java:setRole(378)) - omNode-2@group-523986131536: changes role from  FOLLOWER to FOLLOWER at term 15 for candidate:omNode-1
2025-04-24 14:04:23,597 [grpc-default-executor-3] INFO  impl.RoleInfo (RoleInfo.java:shutdownFollowerState(121)) - omNode-2: shutdown omNode-2@group-523986131536-FollowerState
2025-04-24 14:04:23,596 [grpc-default-executor-1] INFO  server.RaftServer$Division (RaftServerImpl.java:requestVote(1407)) - omNode-3@group-523986131536: receive requestVote(ELECTION, omNode-1, group-523986131536, 16, (t:15, i:335))
2025-04-24 14:04:23,597 [omNode-2@group-523986131536-FollowerState] INFO  impl.FollowerState (FollowerState.java:runImpl(170)) - omNode-2@group-523986131536-FollowerState was interrupted
2025-04-24 14:04:23,597 [grpc-default-executor-3] INFO  server.RaftServer$Division (ServerState.java:setLeader(272)) - omNode-2@group-523986131536: change Leader from omNode-3 to null at term 16 for updateCurrentTerm
2025-04-24 14:04:23,597 [grpc-default-executor-3] INFO  impl.RoleInfo (RoleInfo.java:updateAndGet(148)) - omNode-2: start omNode-2@group-523986131536-FollowerState
2025-04-24 14:04:23,597 [grpc-default-executor-1] INFO  impl.VoteContext (VoteContext.java:log(49)) - omNode-3@group-523986131536-LEADER: accept ELECTION from omNode-1: our priority 0 <= candidate's priority 0
2025-04-24 14:04:23,597 [grpc-default-executor-1] INFO  server.RaftServer$Division (RaftServerImpl.java:setRole(378)) - omNode-3@group-523986131536: changes role from    LEADER to FOLLOWER at term 15 for candidate:omNode-1
2025-04-24 14:04:23,597 [grpc-default-executor-1] INFO  impl.RoleInfo (RoleInfo.java:shutdownLeaderState(103)) - omNode-3: shutdown omNode-3@group-523986131536-LeaderStateImpl
2025-04-24 14:04:23,597 [grpc-default-executor-1] INFO  impl.PendingRequests (PendingRequests.java:sendNotLeaderResponses(287)) - omNode-3@group-523986131536-PendingRequests: sendNotLeaderResponses
2025-04-24 14:04:23,598 [grpc-default-executor-1] INFO  server.RaftServer$Division (ServerState.java:setLeader(272)) - omNode-3@group-523986131536: change Leader from omNode-3 to null at term 15 for candidate:omNode-1
2025-04-24 14:04:23,598 [grpc-default-executor-1] INFO  impl.RoleInfo (RoleInfo.java:updateAndGet(148)) - omNode-3: start omNode-3@group-523986131536-FollowerState
2025-04-24 14:04:23,598 [omNode-3@group-523986131536->omNode-2-GrpcLogAppender-LogAppenderDaemon] WARN  server.GrpcLogAppender (GrpcLogAppender.java:mayWait(293)) - omNode-3@group-523986131536->omNode-2-GrpcLogAppender: Wait interrupted by java.lang.InterruptedException
2025-04-24 14:04:23,598 [omNode-3@group-523986131536->omNode-1-GrpcLogAppender-LogAppenderDaemon] WARN  server.GrpcLogAppender (GrpcLogAppender.java:mayWait(293)) - omNode-3@group-523986131536->omNode-1-GrpcLogAppender: Wait interrupted by java.lang.InterruptedException
2025-04-24 14:04:23,599 [grpc-default-executor-6] INFO  server.GrpcServerProtocolService (GrpcServerProtocolService.java:onCompleted(157)) - omNode-1: Completed APPEND_ENTRIES, lastRequest: null
2025-04-24 14:04:23,599 [grpc-default-executor-2] INFO  server.GrpcServerProtocolService (GrpcServerProtocolService.java:onCompleted(157)) - omNode-2: Completed APPEND_ENTRIES, lastRequest: omNode-3->omNode-2#25-t15,previous=(t:15, i:334),leaderCommit=334,initializing? false,entries: size=1, first=(t:15, i:335), METADATAENTRY(c:334)
2025-04-24 14:04:23,599 [grpc-default-executor-2] INFO  server.GrpcServerProtocolService (GrpcServerProtocolService.java:lambda$onCompleted$5(159)) - omNode-2: Completed APPEND_ENTRIES, lastReply: null
2025-04-24 14:04:23,599 [grpc-default-executor-6] INFO  server.GrpcServerProtocolService (GrpcServerProtocolService.java:lambda$onCompleted$5(159)) - omNode-1: Completed APPEND_ENTRIES, lastReply: serverReply {
  requestorId: "omNode-3"
  replyId: "omNode-1"
  raftGroupId {
    id: "\311\274L\364;\303<`\246kR9\206\023\0256"
  }
  callId: 8
  success: true
}
term: 15
nextIndex: 326
followerCommit: 325
matchIndex: 18446744073709551615
isHearbeat: true

2025-04-24 14:04:23,599 [grpc-default-executor-4] INFO  server.GrpcServerProtocolService (GrpcServerProtocolService.java:onCompleted(157)) - omNode-1: Completed APPEND_ENTRIES, lastRequest: omNode-3->omNode-1#28-t15,previous=(t:15, i:334),leaderCommit=334,initializing? true,entries: size=1, first=(t:15, i:335), METADATAENTRY(c:334)
2025-04-24 14:04:23,599 [grpc-default-executor-4] INFO  server.GrpcServerProtocolService (GrpcServerProtocolService.java:lambda$onCompleted$5(159)) - omNode-1: Completed APPEND_ENTRIES, lastReply: null
2025-04-24 14:04:23,600 [grpc-default-executor-2] INFO  server.GrpcServerProtocolService (GrpcServerProtocolService.java:onCompleted(157)) - omNode-2: Completed APPEND_ENTRIES, lastRequest: null
2025-04-24 14:04:23,600 [grpc-default-executor-3] INFO  server.RaftServer$Division (RaftServerImpl.java:requestVote(1441)) - omNode-2@group-523986131536 replies to ELECTION vote request: omNode-1<-omNode-2#0:OK-t16. Peer's state: omNode-2@group-523986131536:t16, leader=null, voted=omNode-1, raftlog=Memoized:omNode-2@group-523986131536-SegmentedRaftLog:OPENED:c334:last(t:15, i:335), conf=conf: {index: 324, cur=peers:[omNode-3|localhost:15017, omNode-1|localhost:15009, omNode-2|localhost:15013]|listeners:[], old=null}
2025-04-24 14:04:23,600 [grpc-default-executor-2] INFO  server.GrpcServerProtocolService (GrpcServerProtocolService.java:lambda$onCompleted$5(159)) - omNode-2: Completed APPEND_ENTRIES, lastReply: serverReply {
  requestorId: "omNode-3"
  replyId: "omNode-2"
  raftGroupId {
    id: "\311\274L\364;\303<`\246kR9\206\023\0256"
  }
  callId: 7
  success: true
}
term: 15
nextIndex: 326
followerCommit: 325
matchIndex: 18446744073709551615
isHearbeat: true

2025-04-24 14:04:23,600 [grpc-default-executor-4] INFO  server.GrpcLogAppender (GrpcLogAppender.java:onCompleted(550)) - omNode-3@group-523986131536->omNode-1-AppendLogResponseHandler: follower responses appendEntries COMPLETED
2025-04-24 14:04:23,600 [grpc-default-executor-2] INFO  server.GrpcLogAppender (GrpcLogAppender.java:onCompleted(550)) - omNode-3@group-523986131536->omNode-2-AppendLogResponseHandler: follower responses appendEntries COMPLETED
2025-04-24 14:04:23,600 [grpc-default-executor-6] INFO  server.GrpcLogAppender (GrpcLogAppender.java:onCompleted(550)) - omNode-3@group-523986131536->omNode-2-AppendLogResponseHandler: follower responses appendEntries COMPLETED
2025-04-24 14:04:23,601 [grpc-default-executor-7] INFO  server.GrpcLogAppender (GrpcLogAppender.java:onCompleted(550)) - omNode-3@group-523986131536->omNode-1-AppendLogResponseHandler: follower responses appendEntries COMPLETED
2025-04-24 14:04:23,601 [grpc-default-executor-1] INFO  server.RaftServer$Division (RaftServerImpl.java:requestVote(1441)) - omNode-3@group-523986131536 replies to ELECTION vote request: omNode-1<-omNode-3#0:OK-t16. Peer's state: omNode-3@group-523986131536:t16, leader=null, voted=omNode-1, raftlog=Memoized:omNode-3@group-523986131536-SegmentedRaftLog:OPENED:c335:last(t:15, i:335), conf=conf: {index: 324, cur=peers:[omNode-3|localhost:15017, omNode-1|localhost:15009, omNode-2|localhost:15013]|listeners:[], old=null}
2025-04-24 14:04:23,601 [omNode-1@group-523986131536-LeaderElection32] INFO  impl.LeaderElection (LeaderElection.java:logAndReturn(90)) - omNode-1@group-523986131536-LeaderElection32: ELECTION PASSED received 1 response(s) and 0 exception(s):
2025-04-24 14:04:23,601 [omNode-1@group-523986131536-LeaderElection32] INFO  impl.LeaderElection (LeaderElection.java:logAndReturn(94)) -   Response 0: omNode-1<-omNode-2#0:OK-t16
2025-04-24 14:04:23,602 [omNode-1@group-523986131536-LeaderElection32] INFO  impl.LeaderElection (LeaderElection.java:askForVotes(334)) - omNode-1@group-523986131536-LeaderElection32 ELECTION round 0: result PASSED
2025-04-24 14:04:23,602 [omNode-1@group-523986131536-LeaderElection32] INFO  impl.RoleInfo (RoleInfo.java:shutdownLeaderElection(141)) - omNode-1: shutdown omNode-1@group-523986131536-LeaderElection32
2025-04-24 14:04:23,602 [omNode-1@group-523986131536-LeaderElection32] INFO  server.RaftServer$Division (RaftServerImpl.java:setRole(378)) - omNode-1@group-523986131536: changes role from CANDIDATE to LEADER at term 16 for changeToLeader
2025-04-24 14:04:23,602 [omNode-1@group-523986131536-LeaderElection32] INFO  server.RaftServerConfigKeys (ConfUtils.java:logGet(46)) - raft.server.staging.catchup.gap = 1000 (default)
2025-04-24 14:04:23,602 [omNode-1@group-523986131536-LeaderElection32] INFO  server.RaftServerConfigKeys (ConfUtils.java:logGet(46)) - raft.server.write.element-limit = 4096 (default)
2025-04-24 14:04:23,602 [omNode-1@group-523986131536-LeaderElection32] INFO  server.RaftServerConfigKeys (ConfUtils.java:logGet(46)) - raft.server.write.byte-limit = 64MB (=67108864) (default)
2025-04-24 14:04:23,603 [omNode-1@group-523986131536-LeaderElection32] INFO  server.RaftServerConfigKeys (ConfUtils.java:logGet(46)) - raft.server.watch.timeout = 10s (default)
2025-04-24 14:04:23,603 [omNode-1@group-523986131536-LeaderElection32] INFO  server.RaftServerConfigKeys (ConfUtils.java:logGet(46)) - raft.server.watch.timeout.denomination = 1s (default)
2025-04-24 14:04:23,603 [omNode-1@group-523986131536-LeaderElection32] INFO  server.RaftServerConfigKeys (ConfUtils.java:logGet(46)) - raft.server.watch.element-limit = 65536 (default)
2025-04-24 14:04:23,603 [omNode-1@group-523986131536-LeaderElection32] INFO  server.RaftServerConfigKeys (ConfUtils.java:logGet(46)) - raft.server.read.leader.lease.enabled = false (default)
2025-04-24 14:04:23,603 [omNode-1@group-523986131536-LeaderElection32] INFO  server.RaftServerConfigKeys (ConfUtils.java:logGet(46)) - raft.server.read.leader.lease.timeout.ratio = 0.9 (default)
2025-04-24 14:04:23,603 [omNode-1@group-523986131536-LeaderElection32] INFO  server.RaftServerConfigKeys (ConfUtils.java:logGet(46)) - raft.server.rpc.timeout.min = 1s (custom)
2025-04-24 14:04:23,603 [omNode-1@group-523986131536-LeaderElection32] INFO  server.RaftServerConfigKeys (ConfUtils.java:logGet(46)) - raft.server.log.log-metadata.enabled = true (default)
2025-04-24 14:04:23,603 [omNode-1@group-523986131536-LeaderElection32] INFO  server.RaftServerConfigKeys (ConfUtils.java:logGet(46)) - raft.server.write.element-limit = 4096 (default)
2025-04-24 14:04:23,603 [omNode-1@group-523986131536-LeaderElection32] INFO  server.RaftServerConfigKeys (ConfUtils.java:logGet(46)) - raft.server.write.follower.gap.ratio.max = -1.0 (default)
2025-04-24 14:04:23,604 [omNode-1@group-523986131536-LeaderElection32] INFO  server.RaftServerConfigKeys (ConfUtils.java:logGet(46)) - raft.server.log.appender.snapshot.chunk.size.max = 16MB (=16777216) (default)
2025-04-24 14:04:23,604 [omNode-1@group-523986131536-LeaderElection32] INFO  server.RaftServerConfigKeys (ConfUtils.java:logGet(46)) - raft.server.log.appender.buffer.byte-limit = 4194304 (custom)
2025-04-24 14:04:23,604 [omNode-1@group-523986131536-LeaderElection32] INFO  server.RaftServerConfigKeys (ConfUtils.java:logGet(46)) - raft.server.log.appender.buffer.element-limit = 1024 (custom)
2025-04-24 14:04:23,604 [omNode-1@group-523986131536-LeaderElection32] INFO  server.RaftServerConfigKeys (ConfUtils.java:logGet(46)) - raft.server.log.appender.wait-time.min = 0ms (custom)
2025-04-24 14:04:23,604 [omNode-1@group-523986131536-LeaderElection32] INFO  grpc.GrpcConfigKeys (ConfUtils.java:logGet(46)) - raft.grpc.server.leader.outstanding.appends.max = 8 (default)
2025-04-24 14:04:23,604 [omNode-1@group-523986131536-LeaderElection32] INFO  server.RaftServerConfigKeys (ConfUtils.java:logGet(46)) - raft.server.rpc.request.timeout = 3000ms (default)
2025-04-24 14:04:23,604 [omNode-1@group-523986131536-LeaderElection32] INFO  grpc.GrpcConfigKeys (ConfUtils.java:logGet(46)) - raft.grpc.server.install_snapshot.request.element-limit = 8 (default)
2025-04-24 14:04:23,604 [omNode-1@group-523986131536-LeaderElection32] INFO  grpc.GrpcConfigKeys (ConfUtils.java:logGet(46)) - raft.grpc.server.install_snapshot.request.timeout = 3000ms (default)
2025-04-24 14:04:23,604 [omNode-1@group-523986131536-LeaderElection32] INFO  grpc.GrpcConfigKeys (ConfUtils.java:logGet(46)) - raft.grpc.server.log-message.batch.duration = 5s (default)
2025-04-24 14:04:23,604 [omNode-1@group-523986131536-LeaderElection32] INFO  server.RaftServerConfigKeys (ConfUtils.java:logGet(46)) - raft.server.log.appender.install.snapshot.enabled = false (custom)
2025-04-24 14:04:23,604 [omNode-1@group-523986131536-LeaderElection32] INFO  grpc.GrpcConfigKeys (ConfUtils.java:logGet(46)) - raft.grpc.server.heartbeat.channel = true (default)
2025-04-24 14:04:23,605 [omNode-1@group-523986131536-LeaderElection32] INFO  server.RaftServerConfigKeys (ConfUtils.java:logGet(46)) - raft.server.log.appender.snapshot.chunk.size.max = 16MB (=16777216) (default)
2025-04-24 14:04:23,605 [omNode-1@group-523986131536-LeaderElection32] INFO  server.RaftServerConfigKeys (ConfUtils.java:logGet(46)) - raft.server.log.appender.buffer.byte-limit = 4194304 (custom)
2025-04-24 14:04:23,605 [omNode-1@group-523986131536-LeaderElection32] INFO  server.RaftServerConfigKeys (ConfUtils.java:logGet(46)) - raft.server.log.appender.buffer.element-limit = 1024 (custom)
2025-04-24 14:04:23,605 [omNode-1@group-523986131536-LeaderElection32] INFO  server.RaftServerConfigKeys (ConfUtils.java:logGet(46)) - raft.server.log.appender.wait-time.min = 0ms (custom)
2025-04-24 14:04:23,605 [omNode-1@group-523986131536-LeaderElection32] INFO  grpc.GrpcConfigKeys (ConfUtils.java:logGet(46)) - raft.grpc.server.leader.outstanding.appends.max = 8 (default)
2025-04-24 14:04:23,605 [omNode-1@group-523986131536-LeaderElection32] INFO  server.RaftServerConfigKeys (ConfUtils.java:logGet(46)) - raft.server.rpc.request.timeout = 3000ms (default)
2025-04-24 14:04:23,605 [omNode-1@group-523986131536-LeaderElection32] INFO  grpc.GrpcConfigKeys (ConfUtils.java:logGet(46)) - raft.grpc.server.install_snapshot.request.element-limit = 8 (default)
2025-04-24 14:04:23,606 [omNode-1@group-523986131536-LeaderElection32] INFO  grpc.GrpcConfigKeys (ConfUtils.java:logGet(46)) - raft.grpc.server.install_snapshot.request.timeout = 3000ms (default)
2025-04-24 14:04:23,606 [omNode-1@group-523986131536-LeaderElection32] INFO  grpc.GrpcConfigKeys (ConfUtils.java:logGet(46)) - raft.grpc.server.log-message.batch.duration = 5s (default)
2025-04-24 14:04:23,606 [omNode-1@group-523986131536-LeaderElection32] INFO  server.RaftServerConfigKeys (ConfUtils.java:logGet(46)) - raft.server.log.appender.install.snapshot.enabled = false (custom)
2025-04-24 14:04:23,606 [omNode-1@group-523986131536-LeaderElection32] INFO  grpc.GrpcConfigKeys (ConfUtils.java:logGet(46)) - raft.grpc.server.heartbeat.channel = true (default)
2025-04-24 14:04:23,606 [omNode-1@group-523986131536-LeaderElection32] INFO  impl.RoleInfo (RoleInfo.java:updateAndGet(148)) - omNode-1: start omNode-1@group-523986131536-LeaderStateImpl
2025-04-24 14:04:23,606 [omNode-1@group-523986131536-LeaderElection32] INFO  ratis.OzoneManagerStateMachine (OzoneManagerStateMachine.java:notifyLeaderChanged(169)) - omNode-1@group-523986131536: leader changed to omNode-1
2025-04-24 14:04:23,606 [omNode-1@group-523986131536-LeaderElection32] INFO  server.RaftServer$Division (ServerState.java:setLeader(272)) - omNode-1@group-523986131536: change Leader from null to omNode-1 at term 16 for becomeLeader, leader elected after 15ms
2025-04-24 14:04:23,606 [omNode-1@group-523986131536-LeaderElection32] INFO  segmented.SegmentedRaftLogWorker (SegmentedRaftLogWorker.java:rollLogSegment(443)) - omNode-1@group-523986131536-SegmentedRaftLogWorker: Rolling segment log-324_335 to index:335
2025-04-24 14:04:23,606 [omNode-1@group-523986131536-LeaderElection32] INFO  server.RaftServer$Division (ServerState.java:setRaftConf(386)) - omNode-1@group-523986131536: set configuration conf: {index: 336, cur=peers:[omNode-3|localhost:15017, omNode-1|localhost:15009, omNode-2|localhost:15013]|listeners:[], old=null}
2025-04-24 14:04:23,608 [omNode-1@group-523986131536-SegmentedRaftLogWorker] INFO  segmented.SegmentedRaftLogWorker (SegmentedRaftLogWorker.java:execute(601)) - omNode-1@group-523986131536-SegmentedRaftLogWorker: Rolled log segment from /home/runner/work/ozone/ozone/hadoop-ozone/integration-test/target/test-dir/MiniOzoneClusterImpl-4e6105ad-12bc-4f18-9d37-351d73277e17/omNode-1/ratis/c9bc4cf4-3bc3-3c60-a66b-523986131536/current/log_inprogress_324 to /home/runner/work/ozone/ozone/hadoop-ozone/integration-test/target/test-dir/MiniOzoneClusterImpl-4e6105ad-12bc-4f18-9d37-351d73277e17/omNode-1/ratis/c9bc4cf4-3bc3-3c60-a66b-523986131536/current/log_324-335
2025-04-24 14:04:23,608 [omNode-1@group-523986131536-SegmentedRaftLogWorker] INFO  segmented.BufferedWriteChannel (BufferedWriteChannel.java:open(61)) - open log_inprogress_336 at position 0
2025-04-24 14:04:23,613 [omNode-3-server-thread2] INFO  ratis.OzoneManagerStateMachine (OzoneManagerStateMachine.java:notifyLeaderChanged(169)) - omNode-3@group-523986131536: leader changed to omNode-1
2025-04-24 14:04:23,613 [omNode-3-server-thread2] INFO  server.RaftServer$Division (ServerState.java:setLeader(272)) - omNode-3@group-523986131536: change Leader from null to omNode-1 at term 16 for appendEntries, leader elected after 14ms
2025-04-24 14:04:23,614 [omNode-2-server-thread3] INFO  ratis.OzoneManagerStateMachine (OzoneManagerStateMachine.java:notifyLeaderChanged(169)) - omNode-2@group-523986131536: leader changed to omNode-1
2025-04-24 14:04:23,614 [omNode-2-server-thread3] INFO  server.RaftServer$Division (ServerState.java:setLeader(272)) - omNode-2@group-523986131536: change Leader from null to omNode-1 at term 16 for appendEntries, leader elected after 17ms
2025-04-24 14:04:23,615 [omNode-3-server-thread3] INFO  server.RaftServer$Division (ServerState.java:setRaftConf(386)) - omNode-3@group-523986131536: set configuration conf: {index: 336, cur=peers:[omNode-3|localhost:15017, omNode-1|localhost:15009, omNode-2|localhost:15013]|listeners:[], old=null}
2025-04-24 14:04:23,615 [omNode-3-server-thread3] INFO  segmented.SegmentedRaftLogWorker (SegmentedRaftLogWorker.java:rollLogSegment(443)) - omNode-3@group-523986131536-SegmentedRaftLogWorker: Rolling segment log-324_335 to index:335
2025-04-24 14:04:23,615 [omNode-2-server-thread3] INFO  server.RaftServer$Division (ServerState.java:setRaftConf(386)) - omNode-2@group-523986131536: set configuration conf: {index: 336, cur=peers:[omNode-3|localhost:15017, omNode-1|localhost:15009, omNode-2|localhost:15013]|listeners:[], old=null}
2025-04-24 14:04:23,616 [omNode-2-server-thread3] INFO  segmented.SegmentedRaftLogWorker (SegmentedRaftLogWorker.java:rollLogSegment(443)) - omNode-2@group-523986131536-SegmentedRaftLogWorker: Rolling segment log-324_335 to index:335
2025-04-24 14:04:23,616 [main] INFO  ozone.MiniOzoneHAClusterImpl (MiniOzoneHAClusterImpl.java:shutdownOzoneManager(215)) - Shutting down OzoneManager omNode-3
2025-04-24 14:04:23,617 [main] INFO  om.OzoneManager (OzoneManager.java:stop(2347)) - omNode-3[localhost:15014]: Stopping Ozone Manager
2025-04-24 14:04:23,617 [main] INFO  ipc.Server (Server.java:stop(3697)) - Stopping server on 15014
2025-04-24 14:04:23,617 [omNode-2@group-523986131536-SegmentedRaftLogWorker] INFO  segmented.SegmentedRaftLogWorker (SegmentedRaftLogWorker.java:execute(601)) - omNode-2@group-523986131536-SegmentedRaftLogWorker: Rolled log segment from /home/runner/work/ozone/ozone/hadoop-ozone/integration-test/target/test-dir/MiniOzoneClusterImpl-4e6105ad-12bc-4f18-9d37-351d73277e17/omNode-2/ratis/c9bc4cf4-3bc3-3c60-a66b-523986131536/current/log_inprogress_324 to /home/runner/work/ozone/ozone/hadoop-ozone/integration-test/target/test-dir/MiniOzoneClusterImpl-4e6105ad-12bc-4f18-9d37-351d73277e17/omNode-2/ratis/c9bc4cf4-3bc3-3c60-a66b-523986131536/current/log_324-335
2025-04-24 14:04:23,618 [omNode-1@group-523986131536-SegmentedRaftLogWorker] INFO  segmented.SegmentedRaftLogWorker (SegmentedRaftLogWorker.java:execute(644)) - omNode-1@group-523986131536-SegmentedRaftLogWorker: created new log segment /home/runner/work/ozone/ozone/hadoop-ozone/integration-test/target/test-dir/MiniOzoneClusterImpl-4e6105ad-12bc-4f18-9d37-351d73277e17/omNode-1/ratis/c9bc4cf4-3bc3-3c60-a66b-523986131536/current/log_inprogress_336
2025-04-24 14:04:23,618 [omNode-3@group-523986131536-SegmentedRaftLogWorker] INFO  segmented.SegmentedRaftLogWorker (SegmentedRaftLogWorker.java:execute(601)) - omNode-3@group-523986131536-SegmentedRaftLogWorker: Rolled log segment from /home/runner/work/ozone/ozone/hadoop-ozone/integration-test/target/test-dir/MiniOzoneClusterImpl-4e6105ad-12bc-4f18-9d37-351d73277e17/omNode-3/ratis/c9bc4cf4-3bc3-3c60-a66b-523986131536/current/log_inprogress_324 to /home/runner/work/ozone/ozone/hadoop-ozone/integration-test/target/test-dir/MiniOzoneClusterImpl-4e6105ad-12bc-4f18-9d37-351d73277e17/omNode-3/ratis/c9bc4cf4-3bc3-3c60-a66b-523986131536/current/log_324-335
2025-04-24 14:04:23,619 [omNode-3@group-523986131536-SegmentedRaftLogWorker] INFO  segmented.BufferedWriteChannel (BufferedWriteChannel.java:open(61)) - open log_inprogress_336 at position 0
2025-04-24 14:04:23,619 [omNode-2@group-523986131536-SegmentedRaftLogWorker] INFO  segmented.BufferedWriteChannel (BufferedWriteChannel.java:open(61)) - open log_inprogress_336 at position 0
2025-04-24 14:04:23,622 [IPC Server listener on 15014] INFO  ipc.Server (Server.java:run(1585)) - Stopping IPC Server listener on 15014
2025-04-24 14:04:23,622 [IPC Server Responder] INFO  ipc.Server (Server.java:run(1718)) - Stopping IPC Server Responder
2025-04-24 14:04:23,623 [main] INFO  ratis.OzoneManagerRatisServer (OzoneManagerRatisServer.java:stop(634)) - Stopping org.apache.hadoop.ozone.om.ratis.OzoneManagerRatisServer@1f97158e at port 15017
2025-04-24 14:04:23,623 [main] INFO  server.RaftServer (RaftServerProxy.java:lambda$close$9(417)) - omNode-3: close
2025-04-24 14:04:23,623 [main] INFO  server.GrpcService (GrpcService.java:closeImpl(343)) - omNode-3: shutdown server GrpcServerProtocolService now
2025-04-24 14:04:23,623 [omNode-3-impl-thread1] INFO  server.RaftServer$Division (RaftServerImpl.java:lambda$close$1(513)) - omNode-3@group-523986131536: shutdown
2025-04-24 14:04:23,623 [omNode-3-impl-thread1] INFO  util.JmxRegister (JmxRegister.java:unregister(74)) - Successfully un-registered JMX Bean with object name Ratis:service=RaftServer,group=group-523986131536,id=omNode-3
2025-04-24 14:04:23,623 [omNode-3-impl-thread1] INFO  impl.RoleInfo (RoleInfo.java:shutdownFollowerState(121)) - omNode-3: shutdown omNode-3@group-523986131536-FollowerState
2025-04-24 14:04:23,623 [omNode-3@group-523986131536-FollowerState] INFO  impl.FollowerState (FollowerState.java:runImpl(170)) - omNode-3@group-523986131536-FollowerState was interrupted
2025-04-24 14:04:23,623 [omNode-3-impl-thread1] INFO  impl.StateMachineUpdater (StateMachineUpdater.java:stopAndJoin(164)) - omNode-3@group-523986131536-StateMachineUpdater: set stopIndex = 335
2025-04-24 14:04:23,624 [Thread-5808] INFO  server.GrpcServerProtocolClient (GrpcServerProtocolClient.java:close(105)) - omNode-1 Close channels
2025-04-24 14:04:23,624 [Thread-5809] INFO  server.GrpcServerProtocolClient (GrpcServerProtocolClient.java:close(105)) - omNode-2 Close channels
2025-04-24 14:04:23,625 [grpc-default-executor-7] WARN  server.GrpcServerProtocolService (LogUtils.java:warn(121)) - omNode-3: APPEND_ENTRIES onError, lastRequest: null: org.apache.ratis.thirdparty.io.grpc.StatusRuntimeException: CANCELLED: client cancelled
2025-04-24 14:04:23,625 [grpc-default-executor-7] WARN  server.GrpcLogAppender (LogUtils.java:warn(121)) - omNode-1@group-523986131536->omNode-3-AppendLogResponseHandler: Failed appendEntries: org.apache.ratis.thirdparty.io.grpc.StatusRuntimeException: CANCELLED: RST_STREAM closed stream. HTTP/2 error code: CANCEL
2025-04-24 14:04:23,625 [grpc-default-executor-1] WARN  server.GrpcLogAppender (GrpcLogAppender.java:lambda$resetClient$1(221)) - omNode-1@group-523986131536->omNode-3-GrpcLogAppender: Follower failed (request=null, errorCount=1); keep nextIndex (337) unchanged and retry.
2025-04-24 14:04:23,625 [grpc-default-executor-3] WARN  server.GrpcServerProtocolService (LogUtils.java:warn(121)) - omNode-3: APPEND_ENTRIES onError, lastRequest: omNode-1->omNode-3#1-t16,previous=(t:15, i:335),leaderCommit=334,initializing? false,entries: size=1, first=(t:16, i:336), CONFIGURATIONENTRY(current:id:"omNode-3"address:"localhost:15017"startupRole:FOLLOWER, id:"omNode-1"address:"localhost:15009"startupRole:FOLLOWER, id:"omNode-2"address:"localhost:15013"startupRole:FOLLOWER, old:): org.apache.ratis.thirdparty.io.grpc.StatusRuntimeException: CANCELLED: client cancelled
2025-04-24 14:04:23,633 [omNode-2@group-523986131536-SegmentedRaftLogWorker] INFO  segmented.SegmentedRaftLogWorker (SegmentedRaftLogWorker.java:execute(644)) - omNode-2@group-523986131536-SegmentedRaftLogWorker: created new log segment /home/runner/work/ozone/ozone/hadoop-ozone/integration-test/target/test-dir/MiniOzoneClusterImpl-4e6105ad-12bc-4f18-9d37-351d73277e17/omNode-2/ratis/c9bc4cf4-3bc3-3c60-a66b-523986131536/current/log_inprogress_336
2025-04-24 14:04:23,633 [omNode-3@group-523986131536-SegmentedRaftLogWorker] INFO  segmented.SegmentedRaftLogWorker (SegmentedRaftLogWorker.java:execute(644)) - omNode-3@group-523986131536-SegmentedRaftLogWorker: created new log segment /home/runner/work/ozone/ozone/hadoop-ozone/integration-test/target/test-dir/MiniOzoneClusterImpl-4e6105ad-12bc-4f18-9d37-351d73277e17/omNode-3/ratis/c9bc4cf4-3bc3-3c60-a66b-523986131536/current/log_inprogress_336
2025-04-24 14:04:23,635 [grpc-default-executor-3] WARN  server.GrpcLogAppender (GrpcLogAppender.java:lambda$resetClient$1(221)) - omNode-1@group-523986131536->omNode-3-GrpcLogAppender: Follower failed (request=null, errorCount=3); keep nextIndex (338) unchanged and retry.
2025-04-24 14:04:23,635 [omNode-1@group-523986131536-StateMachineUpdater] INFO  ratis.OzoneManagerStateMachine (OzoneManagerStateMachine.java:notifyConfigurationChanged(231)) - notifyConfigurationChanged from Ratis: term=16, index=336, New Peer list: omNode-3(localhost:15017), omNode-1(localhost:15009), omNode-2(localhost:15013)
2025-04-24 14:04:23,635 [omNode-1@group-523986131536-StateMachineUpdater] INFO  server.RaftServer$Division (LeaderStateImpl.java:checkStartIndex(313)) - Leader omNode-1@group-523986131536-LeaderStateImpl is ready since appliedIndex == startIndex == 336
2025-04-24 14:04:23,636 [omNode-2@group-523986131536-StateMachineUpdater] INFO  ratis.OzoneManagerStateMachine (OzoneManagerStateMachine.java:notifyConfigurationChanged(231)) - notifyConfigurationChanged from Ratis: term=16, index=336, New Peer list: omNode-3(localhost:15017), omNode-1(localhost:15009), omNode-2(localhost:15013)
2025-04-24 14:04:23,647 [omNode-3@group-523986131536-StateMachineUpdater] INFO  ratis.OzoneManagerStateMachine (OzoneManagerStateMachine.java:takeSnapshotImpl(510)) - omNode-3: taking snapshot. applied = (t:15, i:335), skipped = 334, notified = (t:15, i:335), current snapshot index = (t:15, i:335), took 24 ms
2025-04-24 14:04:23,647 [omNode-3@group-523986131536-StateMachineUpdater] INFO  impl.StateMachineUpdater (StateMachineUpdater.java:takeSnapshot(303)) - omNode-3@group-523986131536-StateMachineUpdater: Took a snapshot at index 335
2025-04-24 14:04:23,647 [omNode-3@group-523986131536-StateMachineUpdater] INFO  impl.StateMachineUpdater (StateMachineUpdater.java:lambda$new$0(102)) - omNode-3@group-523986131536-StateMachineUpdater: snapshotIndex: updateIncreasingly 323 -> 335
2025-04-24 14:04:23,648 [omNode-3@group-523986131536-StateMachineUpdater] INFO  impl.StateMachineUpdater (StateMachineUpdater.java:stop(141)) - omNode-3@group-523986131536-StateMachineUpdater: closing OzoneManagerStateMachine, lastApplied=(t:15, i:335)
2025-04-24 14:04:23,648 [omNode-3@group-523986131536-StateMachineUpdater] INFO  ratis.OzoneManagerStateMachine (OzoneManagerStateMachine.java:close(550)) - Stopping OzoneManagerStateMachine:omNode-3:group-523986131536.
2025-04-24 14:04:23,648 [omNode-3@group-523986131536-StateMachineUpdater] INFO  ratis.OzoneManagerDoubleBuffer (OzoneManagerDoubleBuffer.java:stopDaemon(500)) - Stopping OMDoubleBuffer flush thread
2025-04-24 14:04:23,648 [omNode-3-OMDoubleBufferFlushThread] INFO  ratis.OzoneManagerDoubleBuffer (OzoneManagerDoubleBuffer.java:canFlush(559)) - OMDoubleBuffer flush thread omNode-3-OMDoubleBufferFlushThread is interrupted and will exit.
2025-04-24 14:04:23,648 [omNode-3@group-523986131536-cacheEviction-AwaitToRun] INFO  util.AwaitToRun (AwaitToRun.java:run(49)) - omNode-3@group-523986131536-cacheEviction-AwaitToRun-AwaitForSignal is interrupted
2025-04-24 14:04:24,635 [omNode-3-impl-thread1] INFO  segmented.SegmentedRaftLogWorker (SegmentedRaftLogWorker.java:close(252)) - omNode-3@group-523986131536-SegmentedRaftLogWorker close()
2025-04-24 14:04:26,624 [Thread-5808] WARN  grpc.GrpcUtil (GrpcUtil.java:shutdownManagedChannel(233)) - Timed out gracefully shutting down connection: ManagedChannelOrphanWrapper{delegate=ManagedChannelImpl{logId=1107, target=localhost:15009}}. 
2025-04-24 14:04:26,625 [grpc-default-executor-7] INFO  server.GrpcLogAppender (GrpcLogAppender.java:onError(537)) - omNode-3@group-523986131536->omNode-1-GrpcLogAppender is already stopped
2025-04-24 14:04:26,625 [grpc-default-executor-1] WARN  server.GrpcServerProtocolService (LogUtils.java:warn(121)) - omNode-1: APPEND_ENTRIES onError, lastRequest: null: org.apache.ratis.thirdparty.io.grpc.StatusRuntimeException: CANCELLED: client cancelled
2025-04-24 14:04:28,625 [timer5] WARN  server.GrpcLogAppender (LogUtils.java:warn(121)) - omNode-1@group-523986131536->omNode-3-AppendLogResponseHandler: Failed appendEntries (Repeated 16 times in the last 5.000s): org.apache.ratis.thirdparty.io.grpc.StatusRuntimeException: UNAVAILABLE: io exception
2025-04-24 14:04:28,625 [timer6] WARN  server.GrpcLogAppender (GrpcLogAppender.java:lambda$resetClient$1(221)) - omNode-1@group-523986131536->omNode-3-GrpcLogAppender: Follower failed (request=null, errorCount=2); keep nextIndex (337) unchanged and retry. (Repeated 2 times in the last 5.000s)
2025-04-24 14:04:28,635 [timer0] WARN  server.GrpcLogAppender (GrpcLogAppender.java:lambda$resetClient$1(221)) - omNode-1@group-523986131536->omNode-3-GrpcLogAppender: Follower failed (request=null, errorCount=16); keep nextIndex (338) unchanged and retry. (Repeated 14 times in the last 5.001s)
2025-04-24 14:04:29,062 [grpc-default-executor-1] WARN  server.GrpcLogAppender (LogUtils.java:warn(121)) - omNode-1@group-523986131536->omNode-3-AppendLogResponseHandler: Failed appendEntries: org.apache.ratis.thirdparty.io.grpc.StatusRuntimeException: UNAVAILABLE: io exception
2025-04-24 14:04:29,063 [grpc-default-executor-7] WARN  server.GrpcLogAppender (GrpcLogAppender.java:lambda$resetClient$1(221)) - omNode-1@group-523986131536->omNode-3-GrpcLogAppender: Follower failed (request=null, errorCount=17); keep nextIndex (338) unchanged and retry.
2025-04-24 14:04:29,626 [Thread-5808] WARN  grpc.GrpcUtil (GrpcUtil.java:shutdownManagedChannel(233)) - Timed out gracefully shutting down connection: ManagedChannelOrphanWrapper{delegate=ManagedChannelImpl{logId=1105, target=localhost:15009}}. 
2025-04-24 14:04:29,626 [grpc-default-executor-1] INFO  server.GrpcLogAppender (GrpcLogAppender.java:onError(537)) - omNode-3@group-523986131536->omNode-1-GrpcLogAppender is already stopped
2025-04-24 14:04:29,626 [main] INFO  server.GrpcService (GrpcService.java:closeImpl(352)) - omNode-3: shutdown server GrpcServerProtocolService successfully
2025-04-24 14:04:29,627 [grpc-default-executor-7] WARN  server.GrpcServerProtocolService (LogUtils.java:warn(121)) - omNode-1: APPEND_ENTRIES onError, lastRequest: omNode-3->omNode-1#1-t15,previous=(t:14, i:323),leaderCommit=323,initializing? false,entries: size=1, first=(t:15, i:324), CONFIGURATIONENTRY(current:id:"omNode-3"address:"localhost:15017"startupRole:FOLLOWER, id:"omNode-1"address:"localhost:15009"startupRole:FOLLOWER, id:"omNode-2"address:"localhost:15013"startupRole:FOLLOWER, old:): org.apache.ratis.thirdparty.io.grpc.StatusRuntimeException: CANCELLED: client cancelled
2025-04-24 14:04:29,627 [JvmPauseMonitor32] INFO  util.JvmPauseMonitor (JvmPauseMonitor.java:run(152)) - JvmPauseMonitor-omNode-3: Stopped
2025-04-24 14:04:29,627 [main] INFO  utils.BackgroundService (BackgroundService.java:shutdown(161)) - Shutting down service KeyDeletingService
2025-04-24 14:04:29,628 [main] INFO  utils.BackgroundService (BackgroundService.java:shutdown(161)) - Shutting down service DirectoryDeletingService
2025-04-24 14:04:29,628 [main] INFO  utils.BackgroundService (BackgroundService.java:shutdown(161)) - Shutting down service OpenKeyCleanupService
2025-04-24 14:04:29,629 [main] INFO  utils.BackgroundService (BackgroundService.java:shutdown(161)) - Shutting down service SstFilteringService
2025-04-24 14:04:29,629 [main] INFO  utils.BackgroundService (BackgroundService.java:shutdown(161)) - Shutting down service SnapshotDeletingService
2025-04-24 14:04:29,629 [main] INFO  utils.BackgroundService (BackgroundService.java:shutdown(161)) - Shutting down service MultipartUploadCleanupService
2025-04-24 14:04:29,630 [main] INFO  handler.ContextHandler (ContextHandler.java:doStop(1159)) - Stopped o.e.j.w.WebAppContext@5bd23c47{ozoneManager,/,null,STOPPED}{file:/home/runner/work/ozone/ozone/hadoop-ozone/integration-test/target/test-classes/webapps/ozoneManager}
2025-04-24 14:04:29,630 [main] INFO  server.AbstractConnector (AbstractConnector.java:doStop(383)) - Stopped ServerConnector@28c8e9b7{HTTP/1.1, (http/1.1)}{0.0.0.0:15015}
2025-04-24 14:04:29,630 [main] INFO  server.session (HouseKeeper.java:stopScavenging(149)) - node0 Stopped scavenging
2025-04-24 14:04:29,631 [main] INFO  handler.ContextHandler (ContextHandler.java:doStop(1159)) - Stopped o.e.j.s.ServletContextHandler@7ae35b3a{static,/static,file:///home/runner/work/ozone/ozone/hadoop-ozone/integration-test/target/test-classes/webapps/static,STOPPED}
2025-04-24 14:04:29,631 [main] INFO  handler.ContextHandler (ContextHandler.java:doStop(1159)) - Stopped o.e.j.s.ServletContextHandler@1b14c609{logs,/logs,file:///home/runner/work/ozone/ozone/hadoop-ozone/integration-test/target/log,STOPPED}
2025-04-24 14:04:29,631 [main] INFO  rocksdiff.RocksDBCheckpointDiffer (RocksDBCheckpointDiffer.java:close(304)) - Shutting down CompactionDagPruningService.
2025-04-24 14:04:29,633 [main] INFO  snapshot.SnapshotDiffManager (SnapshotDiffManager.java:closeExecutorService(1698)) - Shutting down executorService: 'SnapDiffExecutor'
2025-04-24 14:04:29,634 [main] INFO  utils.BackgroundService (BackgroundService.java:shutdown(161)) - Shutting down service SnapshotDiffCleanupService
2025-04-24 14:04:29,636 [main] INFO  retry.RetryInvocationHandler (RetryInvocationHandler.java:log(426)) - com.google.protobuf.ServiceException: java.io.EOFException: End of File Exception between local host is: "fv-az2210-761/10.1.0.107"; destination host is: "localhost":15014; : java.io.EOFException; For more details see:  http://wiki.apache.org/hadoop/EOFException, while invoking $Proxy68.submitRequest over nodeId=omNode-3,nodeAddress=127.0.0.1:15014. Trying to failover after sleeping for 2000ms. Current retry count: 0.
14:04:31.641 [IPC Server handler 2 on default port 15006] ERROR OMAudit - user=runner | ip=127.0.0.1 | op=READ_KEY {volume=volume97976, bucket=d4b37427-d260-4cd6-88b5-695e1e16864f, key=key61524, owner=null, dataSize=0, replicationConfig=null} | ret=FAILURE
org.apache.hadoop.ozone.om.exceptions.OMException: Key:key61524 not found
	at org.apache.hadoop.ozone.om.KeyManagerImpl.readKeyInfo(KeyManagerImpl.java:542) ~[ozone-manager-2.1.0-SNAPSHOT.jar:?]
	at org.apache.hadoop.ozone.om.KeyManagerImpl.lambda$13(KeyManagerImpl.java:2204) ~[ozone-manager-2.1.0-SNAPSHOT.jar:?]
	at org.apache.hadoop.ozone.util.MetricUtil.captureLatencyNs(MetricUtil.java:45) ~[hdds-common-2.1.0-SNAPSHOT.jar:?]
	at org.apache.hadoop.ozone.om.KeyManagerImpl.getKeyInfo(KeyManagerImpl.java:2202) ~[ozone-manager-2.1.0-SNAPSHOT.jar:?]
	at org.apache.hadoop.ozone.om.OmMetadataReader.getKeyInfo(OmMetadataReader.java:190) ~[ozone-manager-2.1.0-SNAPSHOT.jar:?]
	at org.apache.hadoop.ozone.om.OzoneManager.getKeyInfo(OzoneManager.java:3021) ~[ozone-manager-2.1.0-SNAPSHOT.jar:?]
	at org.apache.hadoop.ozone.protocolPB.OzoneManagerRequestHandler.getKeyInfo(OzoneManagerRequestHandler.java:654) ~[ozone-manager-2.1.0-SNAPSHOT.jar:?]
	at org.apache.hadoop.ozone.protocolPB.OzoneManagerRequestHandler.handleReadRequest(OzoneManagerRequestHandler.java:330) ~[ozone-manager-2.1.0-SNAPSHOT.jar:?]
	at org.apache.hadoop.ozone.protocolPB.OzoneManagerProtocolServerSideTranslatorPB.submitReadRequestToOM(OzoneManagerProtocolServerSideTranslatorPB.java:192) ~[ozone-manager-2.1.0-SNAPSHOT.jar:?]
	at org.apache.hadoop.ozone.protocolPB.OzoneManagerProtocolServerSideTranslatorPB.internalProcessRequest(OzoneManagerProtocolServerSideTranslatorPB.java:159) ~[ozone-manager-2.1.0-SNAPSHOT.jar:?]
	at org.apache.hadoop.ozone.protocolPB.OzoneManagerProtocolServerSideTranslatorPB.processRequest(OzoneManagerProtocolServerSideTranslatorPB.java:125) ~[ozone-manager-2.1.0-SNAPSHOT.jar:?]
	at org.apache.hadoop.hdds.server.OzoneProtocolMessageDispatcher.processRequest(OzoneProtocolMessageDispatcher.java:87) ~[hdds-server-framework-2.1.0-SNAPSHOT.jar:?]
	at org.apache.hadoop.ozone.protocolPB.OzoneManagerProtocolServerSideTranslatorPB.submitRequest(OzoneManagerProtocolServerSideTranslatorPB.java:116) ~[ozone-manager-2.1.0-SNAPSHOT.jar:?]
	at org.apache.hadoop.ozone.protocol.proto.OzoneManagerProtocolProtos$OzoneManagerService$2.callBlockingMethod(OzoneManagerProtocolProtos.java) ~[ozone-interface-client-2.1.0-SNAPSHOT.jar:?]
	at org.apache.hadoop.ipc.ProtobufRpcEngine$Server.processCall(ProtobufRpcEngine.java:484) ~[hadoop-common-3.4.1.jar:?]
	at org.apache.hadoop.ipc.ProtobufRpcEngine2$Server$ProtoBufRpcInvoker.call(ProtobufRpcEngine2.java:595) ~[hadoop-common-3.4.1.jar:?]
	at org.apache.hadoop.ipc.ProtobufRpcEngine2$Server$ProtoBufRpcInvoker.call(ProtobufRpcEngine2.java:573) ~[hadoop-common-3.4.1.jar:?]
	at org.apache.hadoop.ipc.RPC$Server.call(RPC.java:1227) ~[hadoop-common-3.4.1.jar:?]
	at org.apache.hadoop.ipc.Server$RpcCall.run(Server.java:1246) ~[hadoop-common-3.4.1.jar:?]
	at org.apache.hadoop.ipc.Server$RpcCall.run(Server.java:1169) ~[hadoop-common-3.4.1.jar:?]
	at java.base/java.security.AccessController.doPrivileged(AccessController.java:714) [?:?]
	at java.base/javax.security.auth.Subject.doAs(Subject.java:525) [?:?]
	at org.apache.hadoop.security.UserGroupInformation.doAs(UserGroupInformation.java:1953) [hadoop-common-3.4.1.jar:?]
	at org.apache.hadoop.ipc.Server$Handler.run(Server.java:3198) [hadoop-common-3.4.1.jar:?]
2025-04-24 14:04:31,656 [main] INFO  om.OzoneManager (OzoneManager.java:stop(2347)) - omNode-3[localhost:15014]: Stopping Ozone Manager
2025-04-24 14:04:31,656 [main] INFO  om.OzoneManager (OzoneManager.java:stop(2347)) - omNode-1[localhost:15006]: Stopping Ozone Manager
2025-04-24 14:04:31,656 [main] INFO  ipc.Server (Server.java:stop(3697)) - Stopping server on 15006
2025-04-24 14:04:31,658 [IPC Server listener on 15006] INFO  ipc.Server (Server.java:run(1585)) - Stopping IPC Server listener on 15006
2025-04-24 14:04:31,658 [IPC Server Responder] INFO  ipc.Server (Server.java:run(1718)) - Stopping IPC Server Responder
2025-04-24 14:04:31,658 [main] INFO  ratis.OzoneManagerRatisServer (OzoneManagerRatisServer.java:stop(634)) - Stopping org.apache.hadoop.ozone.om.ratis.OzoneManagerRatisServer@1c4f7000 at port 15009
2025-04-24 14:04:31,658 [main] INFO  server.RaftServer (RaftServerProxy.java:lambda$close$9(417)) - omNode-1: close
2025-04-24 14:04:31,658 [omNode-1-impl-thread1] INFO  server.RaftServer$Division (RaftServerImpl.java:lambda$close$1(513)) - omNode-1@group-523986131536: shutdown
2025-04-24 14:04:31,659 [omNode-1-impl-thread1] INFO  util.JmxRegister (JmxRegister.java:unregister(74)) - Successfully un-registered JMX Bean with object name Ratis:service=RaftServer,group=group-523986131536,id=omNode-1
2025-04-24 14:04:31,659 [omNode-1-impl-thread1] INFO  impl.RoleInfo (RoleInfo.java:shutdownLeaderState(103)) - omNode-1: shutdown omNode-1@group-523986131536-LeaderStateImpl
2025-04-24 14:04:31,659 [omNode-1@group-523986131536->omNode-3-GrpcLogAppender-LogAppenderDaemon] WARN  server.GrpcLogAppender (GrpcLogAppender.java:mayWait(293)) - omNode-1@group-523986131536->omNode-3-GrpcLogAppender: Wait interrupted by java.lang.InterruptedException
2025-04-24 14:04:31,659 [omNode-1@group-523986131536->omNode-2-GrpcLogAppender-LogAppenderDaemon] WARN  server.GrpcLogAppender (GrpcLogAppender.java:mayWait(293)) - omNode-1@group-523986131536->omNode-2-GrpcLogAppender: Wait interrupted by java.lang.InterruptedException
2025-04-24 14:04:31,659 [omNode-1-impl-thread1] INFO  impl.PendingRequests (PendingRequests.java:sendNotLeaderResponses(287)) - omNode-1@group-523986131536-PendingRequests: sendNotLeaderResponses
2025-04-24 14:04:31,659 [main] INFO  server.GrpcService (GrpcService.java:closeImpl(343)) - omNode-1: shutdown server GrpcServerProtocolService now
2025-04-24 14:04:31,660 [grpc-default-executor-1] INFO  server.GrpcServerProtocolService (GrpcServerProtocolService.java:onCompleted(157)) - omNode-2: Completed APPEND_ENTRIES, lastRequest: null
2025-04-24 14:04:31,660 [grpc-default-executor-7] INFO  server.GrpcServerProtocolService (GrpcServerProtocolService.java:onCompleted(157)) - omNode-2: Completed APPEND_ENTRIES, lastRequest: omNode-1->omNode-2#3-t16,previous=(t:16, i:336),leaderCommit=336,initializing? false,entries: size=1, first=(t:16, i:337), METADATAENTRY(c:336)
2025-04-24 14:04:31,660 [grpc-default-executor-7] INFO  server.GrpcServerProtocolService (GrpcServerProtocolService.java:lambda$onCompleted$5(159)) - omNode-2: Completed APPEND_ENTRIES, lastReply: null
2025-04-24 14:04:31,660 [grpc-default-executor-1] INFO  server.GrpcServerProtocolService (GrpcServerProtocolService.java:lambda$onCompleted$5(159)) - omNode-2: Completed APPEND_ENTRIES, lastReply: serverReply {
  requestorId: "omNode-1"
  replyId: "omNode-2"
  raftGroupId {
    id: "\311\274L\364;\303<`\246kR9\206\023\0256"
  }
  callId: 21
  success: true
}
term: 16
nextIndex: 338
followerCommit: 337
matchIndex: 18446744073709551615
isHearbeat: true

2025-04-24 14:04:31,660 [omNode-1-impl-thread1] INFO  impl.StateMachineUpdater (StateMachineUpdater.java:stopAndJoin(164)) - omNode-1@group-523986131536-StateMachineUpdater: set stopIndex = 337
2025-04-24 14:04:31,660 [grpc-default-executor-1] INFO  server.GrpcLogAppender (GrpcLogAppender.java:onCompleted(550)) - omNode-1@group-523986131536->omNode-2-AppendLogResponseHandler: follower responses appendEntries COMPLETED
2025-04-24 14:04:31,661 [Thread-5883] INFO  server.GrpcServerProtocolClient (GrpcServerProtocolClient.java:close(105)) - omNode-3 Close channels
2025-04-24 14:04:31,661 [grpc-default-executor-1] INFO  server.GrpcLogAppender (GrpcLogAppender.java:onCompleted(550)) - omNode-1@group-523986131536->omNode-2-AppendLogResponseHandler: follower responses appendEntries COMPLETED
2025-04-24 14:04:31,661 [Thread-5885] INFO  server.GrpcServerProtocolClient (GrpcServerProtocolClient.java:close(105)) - omNode-2 Close channels
2025-04-24 14:04:31,662 [main] INFO  server.GrpcService (GrpcService.java:closeImpl(352)) - omNode-1: shutdown server GrpcServerProtocolService successfully
2025-04-24 14:04:31,677 [omNode-1@group-523986131536-StateMachineUpdater] INFO  ratis.OzoneManagerStateMachine (OzoneManagerStateMachine.java:takeSnapshotImpl(510)) - omNode-1: taking snapshot. applied = (t:16, i:337), skipped = 334, notified = (t:16, i:337), current snapshot index = (t:16, i:337), took 17 ms
2025-04-24 14:04:31,677 [omNode-1@group-523986131536-StateMachineUpdater] INFO  impl.StateMachineUpdater (StateMachineUpdater.java:takeSnapshot(303)) - omNode-1@group-523986131536-StateMachineUpdater: Took a snapshot at index 337
2025-04-24 14:04:31,677 [omNode-1@group-523986131536-StateMachineUpdater] INFO  impl.StateMachineUpdater (StateMachineUpdater.java:lambda$new$0(102)) - omNode-1@group-523986131536-StateMachineUpdater: snapshotIndex: updateIncreasingly 311 -> 337
2025-04-24 14:04:31,677 [omNode-1@group-523986131536-StateMachineUpdater] INFO  impl.StateMachineUpdater (StateMachineUpdater.java:stop(141)) - omNode-1@group-523986131536-StateMachineUpdater: closing OzoneManagerStateMachine, lastApplied=(t:16, i:337)
2025-04-24 14:04:31,677 [omNode-1@group-523986131536-StateMachineUpdater] INFO  ratis.OzoneManagerStateMachine (OzoneManagerStateMachine.java:close(550)) - Stopping OzoneManagerStateMachine:omNode-1:group-523986131536.
2025-04-24 14:04:31,677 [omNode-1@group-523986131536-StateMachineUpdater] INFO  ratis.OzoneManagerDoubleBuffer (OzoneManagerDoubleBuffer.java:stopDaemon(500)) - Stopping OMDoubleBuffer flush thread
2025-04-24 14:04:31,677 [omNode-1-OMDoubleBufferFlushThread] INFO  ratis.OzoneManagerDoubleBuffer (OzoneManagerDoubleBuffer.java:canFlush(559)) - OMDoubleBuffer flush thread omNode-1-OMDoubleBufferFlushThread is interrupted and will exit.
2025-04-24 14:04:31,678 [omNode-1@group-523986131536-cacheEviction-AwaitToRun] INFO  util.AwaitToRun (AwaitToRun.java:run(49)) - omNode-1@group-523986131536-cacheEviction-AwaitToRun-AwaitForSignal is interrupted
2025-04-24 14:04:31,680 [Thread-5969] WARN  rocksdiff.RocksDBCheckpointDiffer (RocksDBCheckpointDiffer.java:lambda$onCompactionCompleted$0(492)) - Input file not found in inflightCompactionsMap : /home/runner/work/ozone/ozone/hadoop-ozone/integration-test/target/test-dir/MiniOzoneClusterImpl-4e6105ad-12bc-4f18-9d37-351d73277e17/omNode-1/om.db/000071.sst which should have been added on compactionBeginListener.
2025-04-24 14:04:31,680 [Thread-5969] WARN  rocksdiff.RocksDBCheckpointDiffer (RocksDBCheckpointDiffer.java:lambda$onCompactionCompleted$0(492)) - Input file not found in inflightCompactionsMap : /home/runner/work/ozone/ozone/hadoop-ozone/integration-test/target/test-dir/MiniOzoneClusterImpl-4e6105ad-12bc-4f18-9d37-351d73277e17/omNode-1/om.db/000058.sst which should have been added on compactionBeginListener.
2025-04-24 14:04:31,680 [Thread-5969] WARN  rocksdiff.RocksDBCheckpointDiffer (RocksDBCheckpointDiffer.java:lambda$onCompactionCompleted$0(492)) - Input file not found in inflightCompactionsMap : /home/runner/work/ozone/ozone/hadoop-ozone/integration-test/target/test-dir/MiniOzoneClusterImpl-4e6105ad-12bc-4f18-9d37-351d73277e17/omNode-1/om.db/000174.sst which should have been added on compactionBeginListener.
2025-04-24 14:04:31,680 [Thread-5969] WARN  rocksdiff.RocksDBCheckpointDiffer (RocksDBCheckpointDiffer.java:lambda$onCompactionCompleted$0(492)) - Input file not found in inflightCompactionsMap : /home/runner/work/ozone/ozone/hadoop-ozone/integration-test/target/test-dir/MiniOzoneClusterImpl-4e6105ad-12bc-4f18-9d37-351d73277e17/omNode-1/om.db/000091.sst which should have been added on compactionBeginListener.
2025-04-24 14:04:32,635 [omNode-1-impl-thread1] INFO  segmented.SegmentedRaftLogWorker (SegmentedRaftLogWorker.java:close(252)) - omNode-1@group-523986131536-SegmentedRaftLogWorker close()
2025-04-24 14:04:32,636 [JvmPauseMonitor33] INFO  util.JvmPauseMonitor (JvmPauseMonitor.java:run(152)) - JvmPauseMonitor-omNode-1: Stopped
2025-04-24 14:04:32,636 [main] INFO  utils.BackgroundService (BackgroundService.java:shutdown(161)) - Shutting down service KeyDeletingService
2025-04-24 14:04:32,636 [main] INFO  utils.BackgroundService (BackgroundService.java:shutdown(161)) - Shutting down service DirectoryDeletingService
2025-04-24 14:04:32,637 [main] INFO  utils.BackgroundService (BackgroundService.java:shutdown(161)) - Shutting down service OpenKeyCleanupService
2025-04-24 14:04:32,638 [main] INFO  utils.BackgroundService (BackgroundService.java:shutdown(161)) - Shutting down service SstFilteringService
2025-04-24 14:04:32,638 [main] INFO  utils.BackgroundService (BackgroundService.java:shutdown(161)) - Shutting down service SnapshotDeletingService
2025-04-24 14:04:32,638 [main] INFO  utils.BackgroundService (BackgroundService.java:shutdown(161)) - Shutting down service MultipartUploadCleanupService
2025-04-24 14:04:32,639 [main] INFO  handler.ContextHandler (ContextHandler.java:doStop(1159)) - Stopped o.e.j.w.WebAppContext@6dbef48{ozoneManager,/,null,STOPPED}{file:/home/runner/work/ozone/ozone/hadoop-ozone/integration-test/target/test-classes/webapps/ozoneManager}
2025-04-24 14:04:32,640 [main] INFO  server.AbstractConnector (AbstractConnector.java:doStop(383)) - Stopped ServerConnector@5c1d46e2{HTTP/1.1, (http/1.1)}{0.0.0.0:15007}
2025-04-24 14:04:32,640 [main] INFO  server.session (HouseKeeper.java:stopScavenging(149)) - node0 Stopped scavenging
2025-04-24 14:04:32,640 [main] INFO  handler.ContextHandler (ContextHandler.java:doStop(1159)) - Stopped o.e.j.s.ServletContextHandler@1a2c88f5{static,/static,file:///home/runner/work/ozone/ozone/hadoop-ozone/integration-test/target/test-classes/webapps/static,STOPPED}
2025-04-24 14:04:32,640 [main] INFO  handler.ContextHandler (ContextHandler.java:doStop(1159)) - Stopped o.e.j.s.ServletContextHandler@61efc89a{logs,/logs,file:///home/runner/work/ozone/ozone/hadoop-ozone/integration-test/target/log,STOPPED}
2025-04-24 14:04:32,641 [main] INFO  rocksdiff.RocksDBCheckpointDiffer (RocksDBCheckpointDiffer.java:close(304)) - Shutting down CompactionDagPruningService.
2025-04-24 14:04:32,642 [main] INFO  snapshot.SnapshotDiffManager (SnapshotDiffManager.java:closeExecutorService(1698)) - Shutting down executorService: 'SnapDiffExecutor'
2025-04-24 14:04:32,642 [main] INFO  utils.BackgroundService (BackgroundService.java:shutdown(161)) - Shutting down service SnapshotDiffCleanupService
2025-04-24 14:04:32,643 [main] INFO  om.OzoneManager (OzoneManager.java:stop(2347)) - omNode-2[localhost:15010]: Stopping Ozone Manager
2025-04-24 14:04:32,643 [main] INFO  ipc.Server (Server.java:stop(3697)) - Stopping server on 15010
2025-04-24 14:04:32,645 [IPC Server listener on 15010] INFO  ipc.Server (Server.java:run(1585)) - Stopping IPC Server listener on 15010
2025-04-24 14:04:32,645 [IPC Server Responder] INFO  ipc.Server (Server.java:run(1718)) - Stopping IPC Server Responder
2025-04-24 14:04:32,645 [main] INFO  ratis.OzoneManagerRatisServer (OzoneManagerRatisServer.java:stop(634)) - Stopping org.apache.hadoop.ozone.om.ratis.OzoneManagerRatisServer@51924d9f at port 15013
2025-04-24 14:04:32,645 [main] INFO  server.RaftServer (RaftServerProxy.java:lambda$close$9(417)) - omNode-2: close
2025-04-24 14:04:32,645 [main] INFO  server.GrpcService (GrpcService.java:closeImpl(343)) - omNode-2: shutdown server GrpcServerProtocolService now
2025-04-24 14:04:32,645 [omNode-2-impl-thread1] INFO  server.RaftServer$Division (RaftServerImpl.java:lambda$close$1(513)) - omNode-2@group-523986131536: shutdown
2025-04-24 14:04:32,646 [omNode-2-impl-thread1] INFO  util.JmxRegister (JmxRegister.java:unregister(74)) - Successfully un-registered JMX Bean with object name Ratis:service=RaftServer,group=group-523986131536,id=omNode-2
2025-04-24 14:04:32,646 [omNode-2-impl-thread1] INFO  impl.RoleInfo (RoleInfo.java:shutdownFollowerState(121)) - omNode-2: shutdown omNode-2@group-523986131536-FollowerState
2025-04-24 14:04:32,646 [omNode-2-impl-thread1] INFO  impl.StateMachineUpdater (StateMachineUpdater.java:stopAndJoin(164)) - omNode-2@group-523986131536-StateMachineUpdater: set stopIndex = 337
2025-04-24 14:04:32,646 [omNode-2@group-523986131536-FollowerState] INFO  impl.FollowerState (FollowerState.java:runImpl(170)) - omNode-2@group-523986131536-FollowerState was interrupted
2025-04-24 14:04:32,647 [main] INFO  server.GrpcService (GrpcService.java:closeImpl(352)) - omNode-2: shutdown server GrpcServerProtocolService successfully
2025-04-24 14:04:32,662 [omNode-2@group-523986131536-StateMachineUpdater] INFO  ratis.OzoneManagerStateMachine (OzoneManagerStateMachine.java:takeSnapshotImpl(510)) - omNode-2: taking snapshot. applied = (t:16, i:337), skipped = 334, notified = (t:16, i:337), current snapshot index = (t:16, i:337), took 17 ms
2025-04-24 14:04:32,662 [omNode-2@group-523986131536-StateMachineUpdater] INFO  impl.StateMachineUpdater (StateMachineUpdater.java:takeSnapshot(303)) - omNode-2@group-523986131536-StateMachineUpdater: Took a snapshot at index 337
2025-04-24 14:04:32,662 [omNode-2@group-523986131536-StateMachineUpdater] INFO  impl.StateMachineUpdater (StateMachineUpdater.java:lambda$new$0(102)) - omNode-2@group-523986131536-StateMachineUpdater: snapshotIndex: updateIncreasingly 322 -> 337
2025-04-24 14:04:32,662 [omNode-2@group-523986131536-StateMachineUpdater] INFO  impl.StateMachineUpdater (StateMachineUpdater.java:stop(141)) - omNode-2@group-523986131536-StateMachineUpdater: closing OzoneManagerStateMachine, lastApplied=(t:16, i:337)
2025-04-24 14:04:32,662 [omNode-2@group-523986131536-StateMachineUpdater] INFO  ratis.OzoneManagerStateMachine (OzoneManagerStateMachine.java:close(550)) - Stopping OzoneManagerStateMachine:omNode-2:group-523986131536.
2025-04-24 14:04:32,662 [omNode-2@group-523986131536-StateMachineUpdater] INFO  ratis.OzoneManagerDoubleBuffer (OzoneManagerDoubleBuffer.java:stopDaemon(500)) - Stopping OMDoubleBuffer flush thread
2025-04-24 14:04:32,663 [Thread-6064] WARN  rocksdiff.RocksDBCheckpointDiffer (RocksDBCheckpointDiffer.java:lambda$onCompactionCompleted$0(492)) - Input file not found in inflightCompactionsMap : /home/runner/work/ozone/ozone/hadoop-ozone/integration-test/target/test-dir/MiniOzoneClusterImpl-4e6105ad-12bc-4f18-9d37-351d73277e17/omNode-2/om.db/000058.sst which should have been added on compactionBeginListener.
2025-04-24 14:04:32,663 [Thread-6064] WARN  rocksdiff.RocksDBCheckpointDiffer (RocksDBCheckpointDiffer.java:lambda$onCompactionCompleted$0(492)) - Input file not found in inflightCompactionsMap : /home/runner/work/ozone/ozone/hadoop-ozone/integration-test/target/test-dir/MiniOzoneClusterImpl-4e6105ad-12bc-4f18-9d37-351d73277e17/omNode-2/om.db/000177.sst which should have been added on compactionBeginListener.
2025-04-24 14:04:32,663 [Thread-6064] WARN  rocksdiff.RocksDBCheckpointDiffer (RocksDBCheckpointDiffer.java:lambda$onCompactionCompleted$0(492)) - Input file not found in inflightCompactionsMap : /home/runner/work/ozone/ozone/hadoop-ozone/integration-test/target/test-dir/MiniOzoneClusterImpl-4e6105ad-12bc-4f18-9d37-351d73277e17/omNode-2/om.db/000164.sst which should have been added on compactionBeginListener.
2025-04-24 14:04:32,663 [Thread-6064] WARN  rocksdiff.RocksDBCheckpointDiffer (RocksDBCheckpointDiffer.java:lambda$onCompactionCompleted$0(492)) - Input file not found in inflightCompactionsMap : /home/runner/work/ozone/ozone/hadoop-ozone/integration-test/target/test-dir/MiniOzoneClusterImpl-4e6105ad-12bc-4f18-9d37-351d73277e17/omNode-2/om.db/000087.sst which should have been added on compactionBeginListener.
2025-04-24 14:04:32,663 [omNode-2-OMDoubleBufferFlushThread] INFO  ratis.OzoneManagerDoubleBuffer (OzoneManagerDoubleBuffer.java:canFlush(559)) - OMDoubleBuffer flush thread omNode-2-OMDoubleBufferFlushThread is interrupted and will exit.
2025-04-24 14:04:32,663 [omNode-2@group-523986131536-cacheEviction-AwaitToRun] INFO  util.AwaitToRun (AwaitToRun.java:run(49)) - omNode-2@group-523986131536-cacheEviction-AwaitToRun-AwaitForSignal is interrupted
2025-04-24 14:04:33,636 [omNode-2-impl-thread1] INFO  segmented.SegmentedRaftLogWorker (SegmentedRaftLogWorker.java:close(252)) - omNode-2@group-523986131536-SegmentedRaftLogWorker close()
2025-04-24 14:04:33,637 [JvmPauseMonitor34] INFO  util.JvmPauseMonitor (JvmPauseMonitor.java:run(152)) - JvmPauseMonitor-omNode-2: Stopped
2025-04-24 14:04:33,637 [main] INFO  utils.BackgroundService (BackgroundService.java:shutdown(161)) - Shutting down service KeyDeletingService
2025-04-24 14:04:33,637 [main] INFO  utils.BackgroundService (BackgroundService.java:shutdown(161)) - Shutting down service DirectoryDeletingService
2025-04-24 14:04:33,638 [main] INFO  utils.BackgroundService (BackgroundService.java:shutdown(161)) - Shutting down service OpenKeyCleanupService
2025-04-24 14:04:33,639 [main] INFO  utils.BackgroundService (BackgroundService.java:shutdown(161)) - Shutting down service SstFilteringService
2025-04-24 14:04:33,639 [main] INFO  utils.BackgroundService (BackgroundService.java:shutdown(161)) - Shutting down service SnapshotDeletingService
2025-04-24 14:04:33,639 [main] INFO  utils.BackgroundService (BackgroundService.java:shutdown(161)) - Shutting down service MultipartUploadCleanupService
2025-04-24 14:04:33,640 [main] INFO  handler.ContextHandler (ContextHandler.java:doStop(1159)) - Stopped o.e.j.w.WebAppContext@366233df{ozoneManager,/,null,STOPPED}{file:/home/runner/work/ozone/ozone/hadoop-ozone/integration-test/target/test-classes/webapps/ozoneManager}
2025-04-24 14:04:33,640 [main] INFO  server.AbstractConnector (AbstractConnector.java:doStop(383)) - Stopped ServerConnector@1502b280{HTTP/1.1, (http/1.1)}{0.0.0.0:15011}
2025-04-24 14:04:33,640 [main] INFO  server.session (HouseKeeper.java:stopScavenging(149)) - node0 Stopped scavenging
2025-04-24 14:04:33,640 [main] INFO  handler.ContextHandler (ContextHandler.java:doStop(1159)) - Stopped o.e.j.s.ServletContextHandler@24597813{static,/static,file:///home/runner/work/ozone/ozone/hadoop-ozone/integration-test/target/test-classes/webapps/static,STOPPED}
2025-04-24 14:04:33,641 [main] INFO  handler.ContextHandler (ContextHandler.java:doStop(1159)) - Stopped o.e.j.s.ServletContextHandler@1f458dd3{logs,/logs,file:///home/runner/work/ozone/ozone/hadoop-ozone/integration-test/target/log,STOPPED}
2025-04-24 14:04:33,641 [main] INFO  rocksdiff.RocksDBCheckpointDiffer (RocksDBCheckpointDiffer.java:close(304)) - Shutting down CompactionDagPruningService.
2025-04-24 14:04:33,643 [main] INFO  snapshot.SnapshotDiffManager (SnapshotDiffManager.java:closeExecutorService(1698)) - Shutting down executorService: 'SnapDiffExecutor'
2025-04-24 14:04:33,643 [main] INFO  utils.BackgroundService (BackgroundService.java:shutdown(161)) - Shutting down service SnapshotDiffCleanupService
2025-04-24 14:04:33,644 [main] INFO  om.OzoneManager (OzoneManager.java:restart(1878)) - OzoneManager RPC server is listening at localhost/127.0.0.1:15014
2025-04-24 14:04:33,644 [main] INFO  impl.MetricsSystemImpl (MetricsSystemImpl.java:init(158)) - OzoneManager metrics system started (again)
2025-04-24 14:04:33,655 [main] WARN  server.ServerUtils (ServerUtils.java:getDBPath(297)) - ozone.om.db.dirs is not configured. We recommend adding this setting. Falling back to ozone.metadata.dirs instead.
2025-04-24 14:04:33,707 [main] INFO  om.OzoneManager (OzoneManager.java:instantiateServices(933)) - S3 Multi-Tenancy is disabled
2025-04-24 14:04:33,708 [main] INFO  om.OmSnapshotManager (OmSnapshotManager.java:<init>(180)) - Ozone filesystem snapshot feature is enabled.
2025-04-24 14:04:33,708 [main] WARN  server.ServerUtils (ServerUtils.java:getDBPath(297)) - ozone.om.snapshot.diff.db.dir is not configured. We recommend adding this setting. Falling back to ozone.metadata.dirs instead.
2025-04-24 14:04:33,724 [main] WARN  server.ServerUtils (ServerUtils.java:getDefaultRatisDirectory(309)) - Storage directory for Ratis is not configured. It is a good idea to map this to an SSD disk. Falling back to ozone.metadata.dirs
2025-04-24 14:04:33,724 [main] INFO  server.RaftServerConfigKeys (ConfUtils.java:logGet(46)) - raft.server.log.appender.buffer.byte-limit = 4194304 (custom)
2025-04-24 14:04:33,725 [main] INFO  ratis.OzoneManagerRatisServer (OzoneManagerRatisServer.java:<init>(167)) - Instantiating OM Ratis server with groupID: om-service-test1 and peers: localhost:15017, localhost:15009, localhost:15013
2025-04-24 14:04:33,726 [main] INFO  ratis.OzoneManagerStateMachine (OzoneManagerStateMachine.java:loadSnapshotInfoFromDB(611)) - LastAppliedIndex is set from TransactionInfo from OM DB as (t:15, i:335)
2025-04-24 14:04:33,726 [main] INFO  server.RaftServer (ConfUtils.java:logGet(46)) - raft.rpc.type = GRPC (default)
2025-04-24 14:04:33,726 [main] INFO  grpc.GrpcConfigKeys (ConfUtils.java:logFallback(53)) - raft.grpc.admin.host = null (fallback to raft.grpc.server.host)
2025-04-24 14:04:33,726 [main] INFO  grpc.GrpcConfigKeys (ConfUtils.java:logFallback(53)) - raft.grpc.admin.port = 15017 (fallback to raft.grpc.server.port)
2025-04-24 14:04:33,726 [main] INFO  grpc.GrpcConfigKeys (ConfUtils.java:logFallback(53)) - raft.grpc.client.host = null (fallback to raft.grpc.server.host)
2025-04-24 14:04:33,726 [main] INFO  grpc.GrpcConfigKeys (ConfUtils.java:logFallback(53)) - raft.grpc.client.port = 15017 (fallback to raft.grpc.server.port)
2025-04-24 14:04:33,727 [main] INFO  grpc.GrpcConfigKeys (ConfUtils.java:logGet(46)) - raft.grpc.server.host = null (default)
2025-04-24 14:04:33,727 [main] INFO  grpc.GrpcConfigKeys (ConfUtils.java:logGet(46)) - raft.grpc.server.port = 15017 (custom)
2025-04-24 14:04:33,727 [main] INFO  server.GrpcService (ConfUtils.java:logGet(46)) - raft.grpc.message.size.max = 5242880 (custom)
2025-04-24 14:04:33,727 [main] INFO  server.GrpcService (ConfUtils.java:logGet(46)) - raft.grpc.flow.control.window = 1MB (=1048576) (default)
2025-04-24 14:04:33,727 [main] INFO  server.RaftServerConfigKeys (ConfUtils.java:logGet(46)) - raft.server.rpc.request.timeout = 3000ms (default)
2025-04-24 14:04:33,727 [main] INFO  grpc.GrpcConfigKeys (ConfUtils.java:logGet(46)) - raft.grpc.server.heartbeat.channel = true (default)
2025-04-24 14:04:33,727 [main] INFO  server.RaftServerConfigKeys (ConfUtils.java:logGet(46)) - raft.server.log.appender.buffer.byte-limit = 4194304 (custom)
2025-04-24 14:04:33,727 [main] INFO  grpc.GrpcConfigKeys (ConfUtils.java:logGet(46)) - raft.grpc.server.async.request.thread.pool.cached = true (default)
2025-04-24 14:04:33,727 [main] INFO  grpc.GrpcConfigKeys (ConfUtils.java:logGet(46)) - raft.grpc.server.async.request.thread.pool.size = 32 (default)
2025-04-24 14:04:33,728 [main] INFO  impl.DataStreamServerImpl (ConfUtils.java:logGet(46)) - raft.datastream.type = DISABLED (default)
2025-04-24 14:04:33,728 [main] INFO  server.RaftServerConfigKeys (ConfUtils.java:logGet(46)) - raft.server.sleep.deviation.threshold = 300ms (default)
2025-04-24 14:04:33,728 [main] INFO  server.RaftServerConfigKeys (ConfUtils.java:logGet(46)) - raft.server.close.threshold = 60s (default)
2025-04-24 14:04:33,729 [main] INFO  server.RaftServerConfigKeys (ConfUtils.java:logGet(46)) - raft.server.leaderelection.leader.step-down.wait-time = 10s (default)
2025-04-24 14:04:33,729 [main] INFO  server.RaftServerConfigKeys (ConfUtils.java:logGet(46)) - raft.server.storage.dir = [/home/runner/work/ozone/ozone/hadoop-ozone/integration-test/target/test-dir/MiniOzoneClusterImpl-4e6105ad-12bc-4f18-9d37-351d73277e17/omNode-3/ratis] (custom)
2025-04-24 14:04:33,729 [main] INFO  server.RaftServerConfigKeys (ConfUtils.java:logGet(46)) - raft.server.threadpool.proxy.cached = true (default)
2025-04-24 14:04:33,729 [main] INFO  server.RaftServerConfigKeys (ConfUtils.java:logGet(46)) - raft.server.threadpool.proxy.size = 0 (default)
2025-04-24 14:04:33,729 [omNode-3-impl-thread1] INFO  server.RaftServer (RaftServerProxy.java:initGroupDir(265)) - omNode-3: found a subdirectory /home/runner/work/ozone/ozone/hadoop-ozone/integration-test/target/test-dir/MiniOzoneClusterImpl-4e6105ad-12bc-4f18-9d37-351d73277e17/omNode-3/ratis/c9bc4cf4-3bc3-3c60-a66b-523986131536
2025-04-24 14:04:33,730 [main] INFO  server.RaftServer (RaftServerProxy.java:addNew(100)) - omNode-3: addNew group-523986131536:[omNode-3|localhost:15017, omNode-1|localhost:15009, omNode-2|localhost:15013] returns group-523986131536:java.util.concurrent.CompletableFuture@a0682a3[Not completed]
2025-04-24 14:04:33,730 [main] INFO  om.OzoneManager (OzoneManager.java:initializeRatisServer(2303)) - OzoneManager Ratis server initialized at port 15017
2025-04-24 14:04:33,730 [main] INFO  ratis.OzoneManagerRatisServer (OzoneManagerRatisServer.java:start(628)) - Starting OzoneManagerRatisServer omNode-3 at port 15017
2025-04-24 14:04:33,730 [omNode-3-groupManagement] INFO  server.RaftServer$Division (RaftServerImpl.java:<init>(255)) - omNode-3: new RaftServerImpl for group-523986131536:[omNode-3|localhost:15017, omNode-1|localhost:15009, omNode-2|localhost:15013] with OzoneManagerStateMachine:uninitialized
2025-04-24 14:04:33,730 [omNode-3-groupManagement] INFO  server.RaftServerConfigKeys (ConfUtils.java:logGet(46)) - raft.server.rpc.timeout.min = 1s (custom)
2025-04-24 14:04:33,730 [omNode-3-groupManagement] INFO  server.RaftServerConfigKeys (ConfUtils.java:logGet(46)) - raft.server.rpc.timeout.max = 1200ms (custom)
2025-04-24 14:04:33,730 [omNode-3-groupManagement] INFO  server.RaftServerConfigKeys (ConfUtils.java:logGet(46)) - raft.server.rpc.sleep.time = 25ms (default)
2025-04-24 14:04:33,730 [omNode-3-groupManagement] INFO  server.RaftServerConfigKeys (ConfUtils.java:logGet(46)) - raft.server.rpc.slowness.timeout = 2s (custom)
2025-04-24 14:04:33,730 [omNode-3-groupManagement] INFO  server.RaftServerConfigKeys (ConfUtils.java:logGet(46)) - raft.server.leaderelection.leader.step-down.wait-time = 10s (default)
2025-04-24 14:04:33,730 [omNode-3-groupManagement] INFO  server.RaftServerConfigKeys (ConfUtils.java:logGet(46)) - raft.server.leaderelection.member.majority-add = false (default)
2025-04-24 14:04:33,730 [omNode-3-groupManagement] INFO  server.RaftServerConfigKeys (ConfUtils.java:logGet(46)) - raft.server.sleep.deviation.threshold = 300ms (default)
2025-04-24 14:04:33,730 [omNode-3-groupManagement] INFO  server.RaftServer$Division (ServerState.java:<init>(114)) - omNode-3@group-523986131536: ConfigurationManager, init=conf: {index: -1, cur=peers:[omNode-3|localhost:15017, omNode-1|localhost:15009, omNode-2|localhost:15013]|listeners:[], old=null}, confs=<EMPTY_MAP>
2025-04-24 14:04:33,730 [omNode-3-groupManagement] INFO  server.RaftServerConfigKeys (ConfUtils.java:logGet(46)) - raft.server.notification.no-leader.timeout = 2s (custom)
2025-04-24 14:04:33,730 [omNode-3-groupManagement] INFO  server.RaftServerConfigKeys (ConfUtils.java:logGet(46)) - raft.server.read.timeout = 10s (default)
2025-04-24 14:04:33,730 [omNode-3-groupManagement] INFO  server.RaftServerConfigKeys (ConfUtils.java:logGet(46)) - raft.server.retrycache.expirytime = 30000ms (custom)
2025-04-24 14:04:33,731 [omNode-3-groupManagement] INFO  server.RaftServerConfigKeys (ConfUtils.java:logGet(46)) - raft.server.retrycache.statistics.expirytime = 100ms (default)
2025-04-24 14:04:33,731 [omNode-3-groupManagement] INFO  server.RaftServerConfigKeys (ConfUtils.java:logGet(46)) - raft.server.read.option = DEFAULT (default)
2025-04-24 14:04:33,731 [omNode-3-groupManagement] INFO  server.RaftServerConfigKeys (ConfUtils.java:logGet(46)) - raft.server.read.read-after-write-consistent.write-index-cache.expiry-time = 60s (default)
2025-04-24 14:04:33,732 [omNode-3-groupManagement] INFO  server.RaftServerConfigKeys (ConfUtils.java:logGet(46)) - raft.server.rpc.request.timeout = 3000ms (default)
2025-04-24 14:04:33,732 [omNode-3-groupManagement] INFO  server.RaftServerConfigKeys (ConfUtils.java:logGet(46)) - raft.server.log.appender.install.snapshot.enabled = false (custom)
2025-04-24 14:04:33,732 [omNode-3-groupManagement] INFO  server.RaftServerConfigKeys (ConfUtils.java:logGet(46)) - raft.server.threadpool.server.cached = true (default)
2025-04-24 14:04:33,732 [omNode-3-groupManagement] INFO  server.RaftServerConfigKeys (ConfUtils.java:logGet(46)) - raft.server.threadpool.server.size = 0 (default)
2025-04-24 14:04:33,733 [omNode-3-groupManagement] INFO  server.RaftServerConfigKeys (ConfUtils.java:logGet(46)) - raft.server.threadpool.client.cached = true (default)
2025-04-24 14:04:33,733 [omNode-3-groupManagement] INFO  server.RaftServerConfigKeys (ConfUtils.java:logGet(46)) - raft.server.threadpool.client.size = 0 (default)
2025-04-24 14:04:33,733 [omNode-3-impl-thread1] INFO  server.RaftServerConfigKeys (ConfUtils.java:logGet(46)) - raft.server.storage.free-space.min = 0MB (=0) (default)
2025-04-24 14:04:33,733 [omNode-3-impl-thread1] INFO  server.RaftServerConfigKeys (ConfUtils.java:logGet(46)) - raft.server.log.corruption.policy = EXCEPTION (default)
2025-04-24 14:04:33,733 [omNode-3-impl-thread1] INFO  server.RaftServerConfigKeys (ConfUtils.java:logGet(46)) - raft.server.storage.dir = [/home/runner/work/ozone/ozone/hadoop-ozone/integration-test/target/test-dir/MiniOzoneClusterImpl-4e6105ad-12bc-4f18-9d37-351d73277e17/omNode-3/ratis] (custom)
2025-04-24 14:04:33,734 [omNode-3-impl-thread1] INFO  storage.RaftStorageDirectory (RaftStorageDirectoryImpl.java:tryLock(229)) - Lock on /home/runner/work/ozone/ozone/hadoop-ozone/integration-test/target/test-dir/MiniOzoneClusterImpl-4e6105ad-12bc-4f18-9d37-351d73277e17/omNode-3/ratis/c9bc4cf4-3bc3-3c60-a66b-523986131536/in_use.lock acquired by nodename 129728@fv-az2210-761
2025-04-24 14:04:33,735 [omNode-3-impl-thread1] INFO  storage.RaftStorage (RaftStorageImpl.java:analyzeAndRecoverStorage(118)) - Read RaftStorageMetadata{term=16, votedFor=omNode-1} from /home/runner/work/ozone/ozone/hadoop-ozone/integration-test/target/test-dir/MiniOzoneClusterImpl-4e6105ad-12bc-4f18-9d37-351d73277e17/omNode-3/ratis/c9bc4cf4-3bc3-3c60-a66b-523986131536/current/raft-meta
2025-04-24 14:04:33,735 [omNode-3-impl-thread1] INFO  server.RaftServer$Division (ServerState.java:setRaftConf(386)) - omNode-3@group-523986131536: set configuration conf: {index: 324, cur=peers:[omNode-3|localhost:15017, omNode-1|localhost:15009, omNode-2|localhost:15013]|listeners:[], old=null}
2025-04-24 14:04:33,735 [omNode-3-impl-thread1] INFO  ratis.OzoneManagerStateMachine (OzoneManagerStateMachine.java:lambda$0(138)) - omNode-3: initialize group-523986131536 with (t:15, i:335)
2025-04-24 14:04:33,735 [omNode-3-impl-thread1] INFO  server.RaftServerConfigKeys (ConfUtils.java:logGet(46)) - raft.server.log.use.memory = false (default)
2025-04-24 14:04:33,735 [omNode-3-impl-thread1] INFO  server.RaftServerConfigKeys (ConfUtils.java:logGet(46)) - raft.server.log.purge.gap = 50 (custom)
2025-04-24 14:04:33,735 [omNode-3-impl-thread1] INFO  server.RaftServerConfigKeys (ConfUtils.java:logGet(46)) - raft.server.log.appender.buffer.byte-limit = 4194304 (custom)
2025-04-24 14:04:33,735 [omNode-3-impl-thread1] INFO  server.RaftServerConfigKeys (ConfUtils.java:logGet(46)) - raft.server.log.statemachine.data.read.timeout = 1000ms (default)
2025-04-24 14:04:33,735 [omNode-3-impl-thread1] INFO  server.RaftServerConfigKeys (ConfUtils.java:logGet(46)) - raft.server.log.purge.preservation.log.num = 0 (default)
2025-04-24 14:04:33,736 [omNode-3-impl-thread1] INFO  server.RaftServerConfigKeys (ConfUtils.java:logGet(46)) - raft.server.log.segment.size.max = 4194304 (custom)
2025-04-24 14:04:33,736 [omNode-3-impl-thread1] INFO  server.RaftServerConfigKeys (ConfUtils.java:logGet(46)) - raft.server.log.segment.cache.num.max = 2 (custom)
2025-04-24 14:04:33,736 [omNode-3-impl-thread1] INFO  server.RaftServerConfigKeys (ConfUtils.java:logGet(46)) - raft.server.log.segment.cache.size.max = 200MB (=209715200) (default)
2025-04-24 14:04:33,736 [omNode-3-impl-thread1] INFO  server.RaftServerConfigKeys (ConfUtils.java:logGet(46)) - raft.server.log.appender.buffer.byte-limit = 4194304 (custom)
2025-04-24 14:04:33,737 [omNode-3-impl-thread1] INFO  util.AwaitToRun (AwaitToRun.java:start(81)) - Thread[#6993,omNode-3@group-523986131536-cacheEviction-AwaitToRun,5,main] started
2025-04-24 14:04:33,737 [omNode-3-impl-thread1] INFO  segmented.SegmentedRaftLogWorker (SegmentedRaftLogWorker.java:<init>(188)) - new omNode-3@group-523986131536-SegmentedRaftLogWorker for RaftStorageImpl:Storage Directory /home/runner/work/ozone/ozone/hadoop-ozone/integration-test/target/test-dir/MiniOzoneClusterImpl-4e6105ad-12bc-4f18-9d37-351d73277e17/omNode-3/ratis/c9bc4cf4-3bc3-3c60-a66b-523986131536
2025-04-24 14:04:33,737 [omNode-3-impl-thread1] INFO  server.RaftServerConfigKeys (ConfUtils.java:logGet(46)) - raft.server.log.queue.byte-limit = 64MB (=67108864) (default)
2025-04-24 14:04:33,737 [omNode-3-impl-thread1] INFO  server.RaftServerConfigKeys (ConfUtils.java:logGet(46)) - raft.server.log.queue.element-limit = 4096 (default)
2025-04-24 14:04:33,737 [omNode-3-impl-thread1] INFO  server.RaftServerConfigKeys (ConfUtils.java:logGet(46)) - raft.server.log.segment.size.max = 4194304 (custom)
2025-04-24 14:04:33,737 [omNode-3-impl-thread1] INFO  server.RaftServerConfigKeys (ConfUtils.java:logGet(46)) - raft.server.log.preallocated.size = 4194304 (custom)
2025-04-24 14:04:33,737 [omNode-3-impl-thread1] INFO  server.RaftServerConfigKeys (ConfUtils.java:logGet(46)) - raft.server.log.force.sync.num = 128 (default)
2025-04-24 14:04:33,737 [omNode-3-impl-thread1] INFO  server.RaftServerConfigKeys (ConfUtils.java:logGet(46)) - raft.server.log.statemachine.data.sync = true (default)
2025-04-24 14:04:33,737 [omNode-3-impl-thread1] INFO  server.RaftServerConfigKeys (ConfUtils.java:logGet(46)) - raft.server.log.statemachine.data.sync.timeout = 10s (default)
2025-04-24 14:04:33,737 [omNode-3-impl-thread1] INFO  server.RaftServerConfigKeys (ConfUtils.java:logGet(46)) - raft.server.log.statemachine.data.sync.timeout.retry = -1 (default)
2025-04-24 14:04:33,737 [omNode-3-impl-thread1] INFO  server.RaftServerConfigKeys (ConfUtils.java:logGet(46)) - raft.server.log.write.buffer.size = 4194312 (custom)
2025-04-24 14:04:33,738 [omNode-3-impl-thread1] INFO  server.RaftServerConfigKeys (ConfUtils.java:logGet(46)) - raft.server.log.appender.buffer.byte-limit = 4194304 (custom)
2025-04-24 14:04:33,738 [omNode-3-impl-thread1] INFO  server.RaftServerConfigKeys (ConfUtils.java:logGet(46)) - raft.server.log.unsafe-flush.enabled = false (default)
2025-04-24 14:04:33,738 [omNode-3-impl-thread1] INFO  server.RaftServerConfigKeys (ConfUtils.java:logGet(46)) - raft.server.log.async-flush.enabled = false (default)
2025-04-24 14:04:33,738 [omNode-3-impl-thread1] INFO  server.RaftServerConfigKeys (ConfUtils.java:logGet(46)) - raft.server.log.statemachine.data.caching.enabled = false (default)
2025-04-24 14:04:33,738 [omNode-3-impl-thread1] INFO  server.RaftServer$Division (ServerState.java:setRaftConf(386)) - omNode-3@group-523986131536: set configuration conf: {index: 312, cur=peers:[omNode-3|localhost:15017, omNode-1|localhost:15009, omNode-2|localhost:15013]|listeners:[], old=null}
2025-04-24 14:04:33,738 [omNode-3-impl-thread1] INFO  segmented.LogSegment (LogSegment.java:loadSegment(171)) - Successfully read 12 entries from segment file /home/runner/work/ozone/ozone/hadoop-ozone/integration-test/target/test-dir/MiniOzoneClusterImpl-4e6105ad-12bc-4f18-9d37-351d73277e17/omNode-3/ratis/c9bc4cf4-3bc3-3c60-a66b-523986131536/current/log_312-323
2025-04-24 14:04:33,739 [omNode-3-impl-thread1] INFO  server.RaftServer$Division (ServerState.java:setRaftConf(386)) - omNode-3@group-523986131536: set configuration conf: {index: 324, cur=peers:[omNode-3|localhost:15017, omNode-1|localhost:15009, omNode-2|localhost:15013]|listeners:[], old=null}
2025-04-24 14:04:33,739 [omNode-3-impl-thread1] INFO  segmented.LogSegment (LogSegment.java:loadSegment(171)) - Successfully read 12 entries from segment file /home/runner/work/ozone/ozone/hadoop-ozone/integration-test/target/test-dir/MiniOzoneClusterImpl-4e6105ad-12bc-4f18-9d37-351d73277e17/omNode-3/ratis/c9bc4cf4-3bc3-3c60-a66b-523986131536/current/log_324-335
2025-04-24 14:04:33,739 [omNode-3-impl-thread1] INFO  server.RaftServer$Division (ServerState.java:setRaftConf(386)) - omNode-3@group-523986131536: set configuration conf: {index: 336, cur=peers:[omNode-3|localhost:15017, omNode-1|localhost:15009, omNode-2|localhost:15013]|listeners:[], old=null}
2025-04-24 14:04:33,739 [omNode-3-impl-thread1] INFO  segmented.LogSegment (LogSegment.java:loadSegment(171)) - Successfully read 1 entries from segment file /home/runner/work/ozone/ozone/hadoop-ozone/integration-test/target/test-dir/MiniOzoneClusterImpl-4e6105ad-12bc-4f18-9d37-351d73277e17/omNode-3/ratis/c9bc4cf4-3bc3-3c60-a66b-523986131536/current/log_inprogress_336
2025-04-24 14:04:33,739 [omNode-3-impl-thread1] INFO  segmented.SegmentedRaftLogWorker (SegmentedRaftLogWorker.java:lambda$new$0(139)) - omNode-3@group-523986131536-SegmentedRaftLogWorker: flushIndex: setUnconditionally 0 -> 336
2025-04-24 14:04:33,739 [omNode-3-impl-thread1] INFO  segmented.SegmentedRaftLogWorker (SegmentedRaftLogWorker.java:lambda$new$0(139)) - omNode-3@group-523986131536-SegmentedRaftLogWorker: safeCacheEvictIndex: setUnconditionally 0 -> 335
2025-04-24 14:04:33,739 [omNode-3-impl-thread1] INFO  segmented.BufferedWriteChannel (BufferedWriteChannel.java:open(61)) - open log_inprogress_336 (append) at position 113
2025-04-24 14:04:33,739 [omNode-3-impl-thread1] INFO  raftlog.RaftLog (RaftLogBase.java:lambda$new$0(54)) - omNode-3@group-523986131536-SegmentedRaftLog: purgeIndex: updateToMax old=-1, new=311, updated? true
2025-04-24 14:04:33,740 [omNode-3-impl-thread1] INFO  server.RaftServer$Division (RaftServerImpl.java:start(391)) - omNode-3@group-523986131536: start as a follower, conf=conf: {index: 336, cur=peers:[omNode-3|localhost:15017, omNode-1|localhost:15009, omNode-2|localhost:15013]|listeners:[], old=null}
2025-04-24 14:04:33,740 [omNode-3-impl-thread1] INFO  server.RaftServer$Division (RaftServerImpl.java:setRole(378)) - omNode-3@group-523986131536: changes role from      null to FOLLOWER at term 16 for startAsFollower
2025-04-24 14:04:33,740 [omNode-3-impl-thread1] INFO  impl.RoleInfo (RoleInfo.java:updateAndGet(148)) - omNode-3: start omNode-3@group-523986131536-FollowerState
2025-04-24 14:04:33,740 [omNode-3-impl-thread1] INFO  util.JmxRegister (JmxRegister.java:tryRegister(44)) - Successfully registered JMX Bean with object name Ratis:service=RaftServer,group=group-523986131536,id=omNode-3
2025-04-24 14:04:33,740 [omNode-3-impl-thread1] INFO  util.JmxRegister (JmxRegister.java:register(58)) - register mxBean class org.apache.ratis.server.impl.RaftServerJmxAdapter as Ratis:service=RaftServer,group=group-523986131536,id=omNode-3
2025-04-24 14:04:33,740 [omNode-3-impl-thread1] INFO  server.RaftServerConfigKeys (ConfUtils.java:logGet(46)) - raft.server.snapshot.trigger-when-stop.enabled = true (default)
2025-04-24 14:04:33,740 [omNode-3-impl-thread1] INFO  server.RaftServerConfigKeys (ConfUtils.java:logGet(46)) - raft.server.snapshot.trigger-when-remove.enabled = true (default)
2025-04-24 14:04:33,740 [omNode-3-impl-thread1] INFO  server.RaftServerConfigKeys (ConfUtils.java:logGet(46)) - raft.server.snapshot.auto.trigger.enabled = true (custom)
2025-04-24 14:04:33,740 [omNode-3-impl-thread1] INFO  server.RaftServerConfigKeys (ConfUtils.java:logGet(46)) - raft.server.snapshot.auto.trigger.threshold = 50 (custom)
2025-04-24 14:04:33,740 [omNode-3-impl-thread1] INFO  server.RaftServerConfigKeys (ConfUtils.java:logGet(46)) - raft.server.snapshot.retention.file.num = -1 (default)
2025-04-24 14:04:33,740 [omNode-3-impl-thread1] INFO  server.RaftServerConfigKeys (ConfUtils.java:logGet(46)) - raft.server.log.purge.upto.snapshot.index = true (custom)
2025-04-24 14:04:33,740 [omNode-3@group-523986131536-FollowerState] INFO  server.RaftServerConfigKeys (ConfUtils.java:logFallback(53)) - raft.server.rpc.first-election.timeout.min = 1s (fallback to raft.server.rpc.timeout.min)
2025-04-24 14:04:33,740 [omNode-3@group-523986131536-FollowerState] INFO  server.RaftServerConfigKeys (ConfUtils.java:logFallback(53)) - raft.server.rpc.first-election.timeout.max = 1200ms (fallback to raft.server.rpc.timeout.max)
2025-04-24 14:04:33,741 [omNode-3-impl-thread1] INFO  server.RaftServer$Division (RaftServerImpl.java:start(405)) - omNode-3@group-523986131536: Successfully started.
2025-04-24 14:04:33,741 [main] INFO  server.RaftServer (RaftServerProxy.java:startImpl(407)) - omNode-3: start RPC server
2025-04-24 14:04:33,741 [main] INFO  server.GrpcService (GrpcService.java:startImpl(334)) - omNode-3: GrpcService started, listening on 15017
2025-04-24 14:04:33,742 [main] INFO  om.OzoneManager (OzoneManager.java:getRpcServer(1360)) - Creating RPC Server
2025-04-24 14:04:33,742 [JvmPauseMonitor35] INFO  util.JvmPauseMonitor (JvmPauseMonitor.java:run(146)) - JvmPauseMonitor-omNode-3: Started
2025-04-24 14:04:34,062 [timer4] WARN  server.GrpcLogAppender (LogUtils.java:warn(121)) - omNode-1@group-523986131536->omNode-3-AppendLogResponseHandler: Failed appendEntries (Repeated 6 times in the last 5.000s): org.apache.ratis.thirdparty.io.grpc.StatusRuntimeException: UNAVAILABLE: io exception
2025-04-24 14:04:34,063 [timer5] WARN  server.GrpcLogAppender (GrpcLogAppender.java:lambda$resetClient$1(221)) - omNode-1@group-523986131536->omNode-3-GrpcLogAppender: Follower failed (request=null, errorCount=22); keep nextIndex (338) unchanged and retry. (Repeated 6 times in the last 5.001s)
2025-04-24 14:04:34,127 [main] INFO  reflections.Reflections (Reflections.java:scan(219)) - Reflections took 385 ms to scan 22 urls, producing 61 keys and 7423 values
2025-04-24 14:04:34,128 [main] INFO  ipc.CallQueueManager (CallQueueManager.java:<init>(93)) - Using callQueue: class java.util.concurrent.LinkedBlockingQueue, queueCapacity: 2000, scheduler: class org.apache.hadoop.ipc.DefaultRpcScheduler, ipcBackoff: false, ipcFailOver: false.
2025-04-24 14:04:34,129 [main] INFO  ipc.Server (Server.java:<init>(1438)) - Listener at localhost:15014
2025-04-24 14:04:34,129 [Socket Reader #1 for port 15014] INFO  ipc.Server (Server.java:run(1474)) - Starting Socket Reader #1 for port 15014
2025-04-24 14:04:34,129 [Socket Reader #2 for port 15014] INFO  ipc.Server (Server.java:run(1474)) - Starting Socket Reader #2 for port 15014
2025-04-24 14:04:34,129 [Socket Reader #3 for port 15014] INFO  ipc.Server (Server.java:run(1474)) - Starting Socket Reader #3 for port 15014
2025-04-24 14:04:34,129 [Socket Reader #4 for port 15014] INFO  ipc.Server (Server.java:run(1474)) - Starting Socket Reader #4 for port 15014
2025-04-24 14:04:34,130 [Socket Reader #5 for port 15014] INFO  ipc.Server (Server.java:run(1474)) - Starting Socket Reader #5 for port 15014
2025-04-24 14:04:34,130 [Socket Reader #6 for port 15014] INFO  ipc.Server (Server.java:run(1474)) - Starting Socket Reader #6 for port 15014
2025-04-24 14:04:34,130 [Socket Reader #7 for port 15014] INFO  ipc.Server (Server.java:run(1474)) - Starting Socket Reader #7 for port 15014
2025-04-24 14:04:34,130 [Socket Reader #8 for port 15014] INFO  ipc.Server (Server.java:run(1474)) - Starting Socket Reader #8 for port 15014
2025-04-24 14:04:34,130 [Socket Reader #9 for port 15014] INFO  ipc.Server (Server.java:run(1474)) - Starting Socket Reader #9 for port 15014
2025-04-24 14:04:34,130 [Socket Reader #10 for port 15014] INFO  ipc.Server (Server.java:run(1474)) - Starting Socket Reader #10 for port 15014
2025-04-24 14:04:34,132 [main] INFO  http.BaseHttpServer (BaseHttpServer.java:newHttpServer2BuilderForOzone(229)) - Starting Web-server for ozoneManager at: http://0.0.0.0:15015
2025-04-24 14:04:34,132 [main] INFO  http.BaseHttpServer (BaseHttpServer.java:<init>(107)) - Hadoop Security Enabled: false Ozone Security Enabled: false Ozone HTTP Security Enabled: false 
2025-04-24 14:04:34,133 [main] WARN  server.AuthenticationFilter (AuthenticationFilter.java:constructSecretProvider(240)) - Unable to initialize FileSignerSecretProvider, falling back to use random secrets. Reason: Could not read signature secret file: /home/runner/hadoop-http-auth-signature-secret
2025-04-24 14:04:34,134 [main] INFO  http.HttpServer2 (HttpServer2.java:addGlobalFilter(1041)) - Added global filter 'safety' (class=org.apache.hadoop.hdds.server.http.HttpServer2$QuotingInputFilter)
2025-04-24 14:04:34,135 [main] INFO  http.HttpServer2 (HttpServer2.java:addFilter(1017)) - Added filter static_user_filter (class=org.apache.hadoop.http.lib.StaticUserWebFilter$StaticUserFilter) to context ozoneManager
2025-04-24 14:04:34,135 [main] INFO  http.HttpServer2 (HttpServer2.java:addFilter(1025)) - Added filter static_user_filter (class=org.apache.hadoop.http.lib.StaticUserWebFilter$StaticUserFilter) to context static
2025-04-24 14:04:34,135 [main] INFO  http.HttpServer2 (HttpServer2.java:addFilter(1025)) - Added filter static_user_filter (class=org.apache.hadoop.http.lib.StaticUserWebFilter$StaticUserFilter) to context logs
2025-04-24 14:04:34,135 [main] INFO  http.BaseHttpServer (BaseHttpServer.java:<init>(195)) - HTTP server of ozoneManager uses base directory /home/runner/work/ozone/ozone/hadoop-ozone/integration-test/target/test-dir/MiniOzoneClusterImpl-4e6105ad-12bc-4f18-9d37-351d73277e17/omNode-3/webserver
2025-04-24 14:04:34,136 [main] INFO  http.HttpServer2 (HttpServer2.java:bindListener(1241)) - Jetty bound to port 15015
2025-04-24 14:04:34,136 [main] INFO  server.Server (Server.java:doStart(375)) - jetty-9.4.57.v20241219; built: 2025-01-08T21:24:30.412Z; git: df524e6b29271c2e09ba9aea83c18dc9db464a31; jvm 21.0.7+6-LTS
2025-04-24 14:04:34,137 [main] INFO  server.session (DefaultSessionIdManager.java:doStart(334)) - DefaultSessionIdManager workerName=node0
2025-04-24 14:04:34,137 [main] INFO  server.session (DefaultSessionIdManager.java:doStart(339)) - No SessionScavenger set, using defaults
2025-04-24 14:04:34,138 [main] INFO  server.session (HouseKeeper.java:startScavenging(132)) - node0 Scavenging every 660000ms
2025-04-24 14:04:34,138 [main] INFO  handler.ContextHandler (ContextHandler.java:doStart(921)) - Started o.e.j.s.ServletContextHandler@300fa344{logs,/logs,file:///home/runner/work/ozone/ozone/hadoop-ozone/integration-test/target/log,AVAILABLE}
2025-04-24 14:04:34,138 [main] INFO  handler.ContextHandler (ContextHandler.java:doStart(921)) - Started o.e.j.s.ServletContextHandler@66e94ee1{static,/static,file:///home/runner/work/ozone/ozone/hadoop-ozone/integration-test/target/test-classes/webapps/static,AVAILABLE}
2025-04-24 14:04:34,142 [main] INFO  handler.ContextHandler (ContextHandler.java:doStart(921)) - Started o.e.j.w.WebAppContext@1a736ebd{ozoneManager,/,file:///home/runner/work/ozone/ozone/hadoop-ozone/integration-test/target/test-classes/webapps/ozoneManager/,AVAILABLE}{file:/home/runner/work/ozone/ozone/hadoop-ozone/integration-test/target/test-classes/webapps/ozoneManager}
2025-04-24 14:04:34,143 [main] INFO  server.AbstractConnector (AbstractConnector.java:doStart(333)) - Started ServerConnector@337481ba{HTTP/1.1, (http/1.1)}{0.0.0.0:15015}
2025-04-24 14:04:34,143 [main] INFO  server.Server (Server.java:doStart(415)) - Started @155475ms
2025-04-24 14:04:34,143 [main] WARN  impl.MetricsSystemImpl (MetricsSystemImpl.java:register(279)) - Sink prometheus already exists!
2025-04-24 14:04:34,143 [main] INFO  http.BaseHttpServer (BaseHttpServer.java:updateConnectorAddress(360)) - HTTP server of ozoneManager listening at http://0.0.0.0:15015
2025-04-24 14:04:34,143 [IPC Server Responder] INFO  ipc.Server (Server.java:run(1713)) - IPC Server Responder: starting
2025-04-24 14:04:34,143 [IPC Server listener on 15014] INFO  ipc.Server (Server.java:run(1553)) - IPC Server listener on 15014: starting
2025-04-24 14:04:34,146 [main] INFO  om.OzoneManager (OzoneManager.java:startTrashEmptier(2257)) - Trash Interval set to 0. Files deleted won't move to trash
2025-04-24 14:04:34,146 [main] INFO  om.OzoneManager (OzoneManager.java:restart(1878)) - OzoneManager RPC server is listening at localhost/127.0.0.1:15006
2025-04-24 14:04:34,146 [main] INFO  impl.MetricsSystemImpl (MetricsSystemImpl.java:init(158)) - OzoneManager metrics system started (again)
2025-04-24 14:04:34,159 [main] WARN  server.ServerUtils (ServerUtils.java:getDBPath(297)) - ozone.om.db.dirs is not configured. We recommend adding this setting. Falling back to ozone.metadata.dirs instead.
2025-04-24 14:04:34,204 [main] INFO  om.OzoneManager (OzoneManager.java:instantiateServices(933)) - S3 Multi-Tenancy is disabled
2025-04-24 14:04:34,205 [main] INFO  om.OmSnapshotManager (OmSnapshotManager.java:<init>(180)) - Ozone filesystem snapshot feature is enabled.
2025-04-24 14:04:34,205 [main] WARN  server.ServerUtils (ServerUtils.java:getDBPath(297)) - ozone.om.snapshot.diff.db.dir is not configured. We recommend adding this setting. Falling back to ozone.metadata.dirs instead.
2025-04-24 14:04:34,221 [main] WARN  dropwizard3.Dm3MetricRegistriesImpl (Dm3MetricRegistriesImpl.java:addReporterRegistration(114)) - New reporters are added after registries were created. Some metrics will be missing from the reporter. Please add reporter before adding any new registry.
2025-04-24 14:04:34,221 [main] WARN  dropwizard3.Dm3MetricRegistriesImpl (Dm3MetricRegistriesImpl.java:addReporterRegistration(114)) - New reporters are added after registries were created. Some metrics will be missing from the reporter. Please add reporter before adding any new registry.
2025-04-24 14:04:34,221 [main] WARN  server.ServerUtils (ServerUtils.java:getDefaultRatisDirectory(309)) - Storage directory for Ratis is not configured. It is a good idea to map this to an SSD disk. Falling back to ozone.metadata.dirs
2025-04-24 14:04:34,222 [main] INFO  server.RaftServerConfigKeys (ConfUtils.java:logGet(46)) - raft.server.log.appender.buffer.byte-limit = 4194304 (custom)
2025-04-24 14:04:34,223 [main] INFO  ratis.OzoneManagerRatisServer (OzoneManagerRatisServer.java:<init>(167)) - Instantiating OM Ratis server with groupID: om-service-test1 and peers: localhost:15009, localhost:15017, localhost:15013
2025-04-24 14:04:34,223 [main] INFO  ratis.OzoneManagerStateMachine (OzoneManagerStateMachine.java:loadSnapshotInfoFromDB(611)) - LastAppliedIndex is set from TransactionInfo from OM DB as (t:16, i:337)
2025-04-24 14:04:34,224 [main] INFO  server.RaftServer (ConfUtils.java:logGet(46)) - raft.rpc.type = GRPC (default)
2025-04-24 14:04:34,224 [main] INFO  grpc.GrpcConfigKeys (ConfUtils.java:logFallback(53)) - raft.grpc.admin.host = null (fallback to raft.grpc.server.host)
2025-04-24 14:04:34,224 [main] INFO  grpc.GrpcConfigKeys (ConfUtils.java:logFallback(53)) - raft.grpc.admin.port = 15009 (fallback to raft.grpc.server.port)
2025-04-24 14:04:34,224 [main] INFO  grpc.GrpcConfigKeys (ConfUtils.java:logFallback(53)) - raft.grpc.client.host = null (fallback to raft.grpc.server.host)
2025-04-24 14:04:34,224 [main] INFO  grpc.GrpcConfigKeys (ConfUtils.java:logFallback(53)) - raft.grpc.client.port = 15009 (fallback to raft.grpc.server.port)
2025-04-24 14:04:34,224 [main] INFO  grpc.GrpcConfigKeys (ConfUtils.java:logGet(46)) - raft.grpc.server.host = null (default)
2025-04-24 14:04:34,224 [main] INFO  grpc.GrpcConfigKeys (ConfUtils.java:logGet(46)) - raft.grpc.server.port = 15009 (custom)
2025-04-24 14:04:34,224 [main] INFO  server.GrpcService (ConfUtils.java:logGet(46)) - raft.grpc.message.size.max = 5242880 (custom)
2025-04-24 14:04:34,224 [main] INFO  server.GrpcService (ConfUtils.java:logGet(46)) - raft.grpc.flow.control.window = 1MB (=1048576) (default)
2025-04-24 14:04:34,224 [main] INFO  server.RaftServerConfigKeys (ConfUtils.java:logGet(46)) - raft.server.rpc.request.timeout = 3000ms (default)
2025-04-24 14:04:34,225 [main] INFO  grpc.GrpcConfigKeys (ConfUtils.java:logGet(46)) - raft.grpc.server.heartbeat.channel = true (default)
2025-04-24 14:04:34,225 [main] INFO  server.RaftServerConfigKeys (ConfUtils.java:logGet(46)) - raft.server.log.appender.buffer.byte-limit = 4194304 (custom)
2025-04-24 14:04:34,225 [main] INFO  grpc.GrpcConfigKeys (ConfUtils.java:logGet(46)) - raft.grpc.server.async.request.thread.pool.cached = true (default)
2025-04-24 14:04:34,225 [main] INFO  grpc.GrpcConfigKeys (ConfUtils.java:logGet(46)) - raft.grpc.server.async.request.thread.pool.size = 32 (default)
2025-04-24 14:04:34,226 [main] INFO  impl.DataStreamServerImpl (ConfUtils.java:logGet(46)) - raft.datastream.type = DISABLED (default)
2025-04-24 14:04:34,226 [main] INFO  server.RaftServerConfigKeys (ConfUtils.java:logGet(46)) - raft.server.sleep.deviation.threshold = 300ms (default)
2025-04-24 14:04:34,226 [main] INFO  server.RaftServerConfigKeys (ConfUtils.java:logGet(46)) - raft.server.close.threshold = 60s (default)
2025-04-24 14:04:34,226 [main] INFO  server.RaftServerConfigKeys (ConfUtils.java:logGet(46)) - raft.server.leaderelection.leader.step-down.wait-time = 10s (default)
2025-04-24 14:04:34,226 [main] INFO  server.RaftServerConfigKeys (ConfUtils.java:logGet(46)) - raft.server.storage.dir = [/home/runner/work/ozone/ozone/hadoop-ozone/integration-test/target/test-dir/MiniOzoneClusterImpl-4e6105ad-12bc-4f18-9d37-351d73277e17/omNode-1/ratis] (custom)
2025-04-24 14:04:34,226 [main] INFO  server.RaftServerConfigKeys (ConfUtils.java:logGet(46)) - raft.server.threadpool.proxy.cached = true (default)
2025-04-24 14:04:34,226 [main] INFO  server.RaftServerConfigKeys (ConfUtils.java:logGet(46)) - raft.server.threadpool.proxy.size = 0 (default)
2025-04-24 14:04:34,227 [omNode-1-impl-thread1] INFO  server.RaftServer (RaftServerProxy.java:initGroupDir(265)) - omNode-1: found a subdirectory /home/runner/work/ozone/ozone/hadoop-ozone/integration-test/target/test-dir/MiniOzoneClusterImpl-4e6105ad-12bc-4f18-9d37-351d73277e17/omNode-1/ratis/c9bc4cf4-3bc3-3c60-a66b-523986131536
2025-04-24 14:04:34,227 [main] INFO  server.RaftServer (RaftServerProxy.java:addNew(100)) - omNode-1: addNew group-523986131536:[omNode-3|localhost:15017, omNode-1|localhost:15009, omNode-2|localhost:15013] returns group-523986131536:java.util.concurrent.CompletableFuture@2428662b[Not completed]
2025-04-24 14:04:34,227 [main] INFO  om.OzoneManager (OzoneManager.java:initializeRatisServer(2303)) - OzoneManager Ratis server initialized at port 15009
2025-04-24 14:04:34,227 [main] INFO  ratis.OzoneManagerRatisServer (OzoneManagerRatisServer.java:start(628)) - Starting OzoneManagerRatisServer omNode-1 at port 15009
2025-04-24 14:04:34,227 [omNode-1-groupManagement] INFO  server.RaftServer$Division (RaftServerImpl.java:<init>(255)) - omNode-1: new RaftServerImpl for group-523986131536:[omNode-3|localhost:15017, omNode-1|localhost:15009, omNode-2|localhost:15013] with OzoneManagerStateMachine:uninitialized
2025-04-24 14:04:34,228 [omNode-1-groupManagement] INFO  server.RaftServerConfigKeys (ConfUtils.java:logGet(46)) - raft.server.rpc.timeout.min = 1s (custom)
2025-04-24 14:04:34,228 [omNode-1-groupManagement] INFO  server.RaftServerConfigKeys (ConfUtils.java:logGet(46)) - raft.server.rpc.timeout.max = 1200ms (custom)
2025-04-24 14:04:34,228 [omNode-1-groupManagement] INFO  server.RaftServerConfigKeys (ConfUtils.java:logGet(46)) - raft.server.rpc.sleep.time = 25ms (default)
2025-04-24 14:04:34,228 [omNode-1-groupManagement] INFO  server.RaftServerConfigKeys (ConfUtils.java:logGet(46)) - raft.server.rpc.slowness.timeout = 2s (custom)
2025-04-24 14:04:34,228 [omNode-1-groupManagement] INFO  server.RaftServerConfigKeys (ConfUtils.java:logGet(46)) - raft.server.leaderelection.leader.step-down.wait-time = 10s (default)
2025-04-24 14:04:34,228 [omNode-1-groupManagement] INFO  server.RaftServerConfigKeys (ConfUtils.java:logGet(46)) - raft.server.leaderelection.member.majority-add = false (default)
2025-04-24 14:04:34,228 [omNode-1-groupManagement] INFO  server.RaftServerConfigKeys (ConfUtils.java:logGet(46)) - raft.server.sleep.deviation.threshold = 300ms (default)
2025-04-24 14:04:34,228 [omNode-1-groupManagement] INFO  server.RaftServer$Division (ServerState.java:<init>(114)) - omNode-1@group-523986131536: ConfigurationManager, init=conf: {index: -1, cur=peers:[omNode-3|localhost:15017, omNode-1|localhost:15009, omNode-2|localhost:15013]|listeners:[], old=null}, confs=<EMPTY_MAP>
2025-04-24 14:04:34,228 [omNode-1-groupManagement] INFO  server.RaftServerConfigKeys (ConfUtils.java:logGet(46)) - raft.server.notification.no-leader.timeout = 2s (custom)
2025-04-24 14:04:34,228 [omNode-1-groupManagement] INFO  server.RaftServerConfigKeys (ConfUtils.java:logGet(46)) - raft.server.read.timeout = 10s (default)
2025-04-24 14:04:34,228 [omNode-1-groupManagement] INFO  server.RaftServerConfigKeys (ConfUtils.java:logGet(46)) - raft.server.retrycache.expirytime = 30000ms (custom)
2025-04-24 14:04:34,228 [omNode-1-groupManagement] INFO  server.RaftServerConfigKeys (ConfUtils.java:logGet(46)) - raft.server.retrycache.statistics.expirytime = 100ms (default)
2025-04-24 14:04:34,228 [omNode-1-groupManagement] INFO  server.RaftServerConfigKeys (ConfUtils.java:logGet(46)) - raft.server.read.option = DEFAULT (default)
2025-04-24 14:04:34,228 [omNode-1-groupManagement] INFO  server.RaftServerConfigKeys (ConfUtils.java:logGet(46)) - raft.server.read.read-after-write-consistent.write-index-cache.expiry-time = 60s (default)
2025-04-24 14:04:34,230 [omNode-1-groupManagement] INFO  server.RaftServerConfigKeys (ConfUtils.java:logGet(46)) - raft.server.rpc.request.timeout = 3000ms (default)
2025-04-24 14:04:34,230 [omNode-1-groupManagement] INFO  server.RaftServerConfigKeys (ConfUtils.java:logGet(46)) - raft.server.log.appender.install.snapshot.enabled = false (custom)
2025-04-24 14:04:34,230 [omNode-1-groupManagement] INFO  server.RaftServerConfigKeys (ConfUtils.java:logGet(46)) - raft.server.threadpool.server.cached = true (default)
2025-04-24 14:04:34,230 [omNode-1-groupManagement] INFO  server.RaftServerConfigKeys (ConfUtils.java:logGet(46)) - raft.server.threadpool.server.size = 0 (default)
2025-04-24 14:04:34,231 [omNode-1-groupManagement] INFO  server.RaftServerConfigKeys (ConfUtils.java:logGet(46)) - raft.server.threadpool.client.cached = true (default)
2025-04-24 14:04:34,231 [omNode-1-groupManagement] INFO  server.RaftServerConfigKeys (ConfUtils.java:logGet(46)) - raft.server.threadpool.client.size = 0 (default)
2025-04-24 14:04:34,231 [omNode-1-impl-thread1] INFO  server.RaftServerConfigKeys (ConfUtils.java:logGet(46)) - raft.server.storage.free-space.min = 0MB (=0) (default)
2025-04-24 14:04:34,231 [omNode-1-impl-thread1] INFO  server.RaftServerConfigKeys (ConfUtils.java:logGet(46)) - raft.server.log.corruption.policy = EXCEPTION (default)
2025-04-24 14:04:34,231 [omNode-1-impl-thread1] INFO  server.RaftServerConfigKeys (ConfUtils.java:logGet(46)) - raft.server.storage.dir = [/home/runner/work/ozone/ozone/hadoop-ozone/integration-test/target/test-dir/MiniOzoneClusterImpl-4e6105ad-12bc-4f18-9d37-351d73277e17/omNode-1/ratis] (custom)
2025-04-24 14:04:34,232 [omNode-1-impl-thread1] INFO  storage.RaftStorageDirectory (RaftStorageDirectoryImpl.java:tryLock(229)) - Lock on /home/runner/work/ozone/ozone/hadoop-ozone/integration-test/target/test-dir/MiniOzoneClusterImpl-4e6105ad-12bc-4f18-9d37-351d73277e17/omNode-1/ratis/c9bc4cf4-3bc3-3c60-a66b-523986131536/in_use.lock acquired by nodename 129728@fv-az2210-761
2025-04-24 14:04:34,232 [omNode-1-impl-thread1] INFO  storage.RaftStorage (RaftStorageImpl.java:analyzeAndRecoverStorage(118)) - Read RaftStorageMetadata{term=16, votedFor=omNode-1} from /home/runner/work/ozone/ozone/hadoop-ozone/integration-test/target/test-dir/MiniOzoneClusterImpl-4e6105ad-12bc-4f18-9d37-351d73277e17/omNode-1/ratis/c9bc4cf4-3bc3-3c60-a66b-523986131536/current/raft-meta
2025-04-24 14:04:34,232 [omNode-1-impl-thread1] INFO  server.RaftServer$Division (ServerState.java:setRaftConf(386)) - omNode-1@group-523986131536: set configuration conf: {index: 336, cur=peers:[omNode-3|localhost:15017, omNode-1|localhost:15009, omNode-2|localhost:15013]|listeners:[], old=null}
2025-04-24 14:04:34,232 [omNode-1-impl-thread1] INFO  ratis.OzoneManagerStateMachine (OzoneManagerStateMachine.java:lambda$0(138)) - omNode-1: initialize group-523986131536 with (t:16, i:337)
2025-04-24 14:04:34,232 [omNode-1-impl-thread1] INFO  server.RaftServerConfigKeys (ConfUtils.java:logGet(46)) - raft.server.log.use.memory = false (default)
2025-04-24 14:04:34,233 [omNode-1-impl-thread1] INFO  server.RaftServerConfigKeys (ConfUtils.java:logGet(46)) - raft.server.log.purge.gap = 50 (custom)
2025-04-24 14:04:34,233 [omNode-1-impl-thread1] INFO  server.RaftServerConfigKeys (ConfUtils.java:logGet(46)) - raft.server.log.appender.buffer.byte-limit = 4194304 (custom)
2025-04-24 14:04:34,233 [omNode-1-impl-thread1] INFO  server.RaftServerConfigKeys (ConfUtils.java:logGet(46)) - raft.server.log.statemachine.data.read.timeout = 1000ms (default)
2025-04-24 14:04:34,233 [omNode-1-impl-thread1] INFO  server.RaftServerConfigKeys (ConfUtils.java:logGet(46)) - raft.server.log.purge.preservation.log.num = 0 (default)
2025-04-24 14:04:34,234 [omNode-1-impl-thread1] INFO  server.RaftServerConfigKeys (ConfUtils.java:logGet(46)) - raft.server.log.segment.size.max = 4194304 (custom)
2025-04-24 14:04:34,234 [omNode-1-impl-thread1] INFO  server.RaftServerConfigKeys (ConfUtils.java:logGet(46)) - raft.server.log.segment.cache.num.max = 2 (custom)
2025-04-24 14:04:34,234 [omNode-1-impl-thread1] INFO  server.RaftServerConfigKeys (ConfUtils.java:logGet(46)) - raft.server.log.segment.cache.size.max = 200MB (=209715200) (default)
2025-04-24 14:04:34,234 [omNode-1-impl-thread1] INFO  server.RaftServerConfigKeys (ConfUtils.java:logGet(46)) - raft.server.log.appender.buffer.byte-limit = 4194304 (custom)
2025-04-24 14:04:34,234 [omNode-1-impl-thread1] INFO  util.AwaitToRun (AwaitToRun.java:start(81)) - Thread[#7102,omNode-1@group-523986131536-cacheEviction-AwaitToRun,5,main] started
2025-04-24 14:04:34,234 [omNode-1-impl-thread1] INFO  segmented.SegmentedRaftLogWorker (SegmentedRaftLogWorker.java:<init>(188)) - new omNode-1@group-523986131536-SegmentedRaftLogWorker for RaftStorageImpl:Storage Directory /home/runner/work/ozone/ozone/hadoop-ozone/integration-test/target/test-dir/MiniOzoneClusterImpl-4e6105ad-12bc-4f18-9d37-351d73277e17/omNode-1/ratis/c9bc4cf4-3bc3-3c60-a66b-523986131536
2025-04-24 14:04:34,234 [omNode-1-impl-thread1] INFO  server.RaftServerConfigKeys (ConfUtils.java:logGet(46)) - raft.server.log.queue.byte-limit = 64MB (=67108864) (default)
2025-04-24 14:04:34,235 [omNode-1-impl-thread1] INFO  server.RaftServerConfigKeys (ConfUtils.java:logGet(46)) - raft.server.log.queue.element-limit = 4096 (default)
2025-04-24 14:04:34,235 [omNode-1-impl-thread1] INFO  server.RaftServerConfigKeys (ConfUtils.java:logGet(46)) - raft.server.log.segment.size.max = 4194304 (custom)
2025-04-24 14:04:34,235 [omNode-1-impl-thread1] INFO  server.RaftServerConfigKeys (ConfUtils.java:logGet(46)) - raft.server.log.preallocated.size = 4194304 (custom)
2025-04-24 14:04:34,235 [omNode-1-impl-thread1] INFO  server.RaftServerConfigKeys (ConfUtils.java:logGet(46)) - raft.server.log.force.sync.num = 128 (default)
2025-04-24 14:04:34,235 [omNode-1-impl-thread1] INFO  server.RaftServerConfigKeys (ConfUtils.java:logGet(46)) - raft.server.log.statemachine.data.sync = true (default)
2025-04-24 14:04:34,235 [omNode-1-impl-thread1] INFO  server.RaftServerConfigKeys (ConfUtils.java:logGet(46)) - raft.server.log.statemachine.data.sync.timeout = 10s (default)
2025-04-24 14:04:34,235 [omNode-1-impl-thread1] INFO  server.RaftServerConfigKeys (ConfUtils.java:logGet(46)) - raft.server.log.statemachine.data.sync.timeout.retry = -1 (default)
2025-04-24 14:04:34,235 [omNode-1-impl-thread1] INFO  server.RaftServerConfigKeys (ConfUtils.java:logGet(46)) - raft.server.log.write.buffer.size = 4194312 (custom)
2025-04-24 14:04:34,237 [omNode-1-impl-thread1] INFO  server.RaftServerConfigKeys (ConfUtils.java:logGet(46)) - raft.server.log.appender.buffer.byte-limit = 4194304 (custom)
2025-04-24 14:04:34,237 [omNode-1-impl-thread1] INFO  server.RaftServerConfigKeys (ConfUtils.java:logGet(46)) - raft.server.log.unsafe-flush.enabled = false (default)
2025-04-24 14:04:34,237 [omNode-1-impl-thread1] INFO  server.RaftServerConfigKeys (ConfUtils.java:logGet(46)) - raft.server.log.async-flush.enabled = false (default)
2025-04-24 14:04:34,237 [omNode-1-impl-thread1] INFO  server.RaftServerConfigKeys (ConfUtils.java:logGet(46)) - raft.server.log.statemachine.data.caching.enabled = false (default)
2025-04-24 14:04:34,237 [omNode-1-impl-thread1] INFO  server.RaftServer$Division (ServerState.java:setRaftConf(386)) - omNode-1@group-523986131536: set configuration conf: {index: 310, cur=peers:[omNode-3|localhost:15017, omNode-1|localhost:15009, omNode-2|localhost:15013]|listeners:[], old=null}
2025-04-24 14:04:34,238 [omNode-1-impl-thread1] INFO  segmented.LogSegment (LogSegment.java:loadSegment(171)) - Successfully read 2 entries from segment file /home/runner/work/ozone/ozone/hadoop-ozone/integration-test/target/test-dir/MiniOzoneClusterImpl-4e6105ad-12bc-4f18-9d37-351d73277e17/omNode-1/ratis/c9bc4cf4-3bc3-3c60-a66b-523986131536/current/log_310-311
2025-04-24 14:04:34,238 [omNode-1-impl-thread1] INFO  server.RaftServer$Division (ServerState.java:setRaftConf(386)) - omNode-1@group-523986131536: set configuration conf: {index: 312, cur=peers:[omNode-3|localhost:15017, omNode-1|localhost:15009, omNode-2|localhost:15013]|listeners:[], old=null}
2025-04-24 14:04:34,238 [omNode-1-impl-thread1] INFO  segmented.LogSegment (LogSegment.java:loadSegment(171)) - Successfully read 12 entries from segment file /home/runner/work/ozone/ozone/hadoop-ozone/integration-test/target/test-dir/MiniOzoneClusterImpl-4e6105ad-12bc-4f18-9d37-351d73277e17/omNode-1/ratis/c9bc4cf4-3bc3-3c60-a66b-523986131536/current/log_312-323
2025-04-24 14:04:34,238 [omNode-1-impl-thread1] INFO  server.RaftServer$Division (ServerState.java:setRaftConf(386)) - omNode-1@group-523986131536: set configuration conf: {index: 324, cur=peers:[omNode-3|localhost:15017, omNode-1|localhost:15009, omNode-2|localhost:15013]|listeners:[], old=null}
2025-04-24 14:04:34,238 [omNode-1-impl-thread1] INFO  segmented.LogSegment (LogSegment.java:loadSegment(171)) - Successfully read 12 entries from segment file /home/runner/work/ozone/ozone/hadoop-ozone/integration-test/target/test-dir/MiniOzoneClusterImpl-4e6105ad-12bc-4f18-9d37-351d73277e17/omNode-1/ratis/c9bc4cf4-3bc3-3c60-a66b-523986131536/current/log_324-335
2025-04-24 14:04:34,239 [omNode-1-impl-thread1] INFO  server.RaftServer$Division (ServerState.java:setRaftConf(386)) - omNode-1@group-523986131536: set configuration conf: {index: 336, cur=peers:[omNode-3|localhost:15017, omNode-1|localhost:15009, omNode-2|localhost:15013]|listeners:[], old=null}
2025-04-24 14:04:34,239 [omNode-1-impl-thread1] INFO  segmented.LogSegment (LogSegment.java:loadSegment(171)) - Successfully read 2 entries from segment file /home/runner/work/ozone/ozone/hadoop-ozone/integration-test/target/test-dir/MiniOzoneClusterImpl-4e6105ad-12bc-4f18-9d37-351d73277e17/omNode-1/ratis/c9bc4cf4-3bc3-3c60-a66b-523986131536/current/log_inprogress_336
2025-04-24 14:04:34,239 [omNode-1-impl-thread1] INFO  segmented.SegmentedRaftLogWorker (SegmentedRaftLogWorker.java:lambda$new$0(139)) - omNode-1@group-523986131536-SegmentedRaftLogWorker: flushIndex: setUnconditionally 0 -> 337
2025-04-24 14:04:34,239 [omNode-1-impl-thread1] INFO  segmented.SegmentedRaftLogWorker (SegmentedRaftLogWorker.java:lambda$new$0(139)) - omNode-1@group-523986131536-SegmentedRaftLogWorker: safeCacheEvictIndex: setUnconditionally 0 -> 335
2025-04-24 14:04:34,239 [omNode-1-impl-thread1] INFO  segmented.BufferedWriteChannel (BufferedWriteChannel.java:open(61)) - open log_inprogress_336 (append) at position 128
2025-04-24 14:04:34,239 [omNode-1-impl-thread1] INFO  raftlog.RaftLog (RaftLogBase.java:lambda$new$0(54)) - omNode-1@group-523986131536-SegmentedRaftLog: purgeIndex: updateToMax old=-1, new=309, updated? true
2025-04-24 14:04:34,239 [omNode-1-impl-thread1] INFO  server.RaftServer$Division (RaftServerImpl.java:start(391)) - omNode-1@group-523986131536: start as a follower, conf=conf: {index: 336, cur=peers:[omNode-3|localhost:15017, omNode-1|localhost:15009, omNode-2|localhost:15013]|listeners:[], old=null}
2025-04-24 14:04:34,239 [omNode-1-impl-thread1] INFO  server.RaftServer$Division (RaftServerImpl.java:setRole(378)) - omNode-1@group-523986131536: changes role from      null to FOLLOWER at term 16 for startAsFollower
2025-04-24 14:04:34,239 [omNode-1-impl-thread1] INFO  impl.RoleInfo (RoleInfo.java:updateAndGet(148)) - omNode-1: start omNode-1@group-523986131536-FollowerState
2025-04-24 14:04:34,240 [omNode-1@group-523986131536-FollowerState] INFO  server.RaftServerConfigKeys (ConfUtils.java:logFallback(53)) - raft.server.rpc.first-election.timeout.min = 1s (fallback to raft.server.rpc.timeout.min)
2025-04-24 14:04:34,240 [omNode-1-impl-thread1] INFO  util.JmxRegister (JmxRegister.java:tryRegister(44)) - Successfully registered JMX Bean with object name Ratis:service=RaftServer,group=group-523986131536,id=omNode-1
2025-04-24 14:04:34,240 [omNode-1-impl-thread1] INFO  util.JmxRegister (JmxRegister.java:register(58)) - register mxBean class org.apache.ratis.server.impl.RaftServerJmxAdapter as Ratis:service=RaftServer,group=group-523986131536,id=omNode-1
2025-04-24 14:04:34,240 [omNode-1-impl-thread1] INFO  server.RaftServerConfigKeys (ConfUtils.java:logGet(46)) - raft.server.snapshot.trigger-when-stop.enabled = true (default)
2025-04-24 14:04:34,240 [omNode-1-impl-thread1] INFO  server.RaftServerConfigKeys (ConfUtils.java:logGet(46)) - raft.server.snapshot.trigger-when-remove.enabled = true (default)
2025-04-24 14:04:34,240 [omNode-1-impl-thread1] INFO  server.RaftServerConfigKeys (ConfUtils.java:logGet(46)) - raft.server.snapshot.auto.trigger.enabled = true (custom)
2025-04-24 14:04:34,240 [omNode-1-impl-thread1] INFO  server.RaftServerConfigKeys (ConfUtils.java:logGet(46)) - raft.server.snapshot.auto.trigger.threshold = 50 (custom)
2025-04-24 14:04:34,240 [omNode-1-impl-thread1] INFO  server.RaftServerConfigKeys (ConfUtils.java:logGet(46)) - raft.server.snapshot.retention.file.num = -1 (default)
2025-04-24 14:04:34,240 [omNode-1-impl-thread1] INFO  server.RaftServerConfigKeys (ConfUtils.java:logGet(46)) - raft.server.log.purge.upto.snapshot.index = true (custom)
2025-04-24 14:04:34,241 [omNode-1@group-523986131536-FollowerState] INFO  server.RaftServerConfigKeys (ConfUtils.java:logFallback(53)) - raft.server.rpc.first-election.timeout.max = 1200ms (fallback to raft.server.rpc.timeout.max)
2025-04-24 14:04:34,241 [omNode-1-impl-thread1] INFO  server.RaftServer$Division (RaftServerImpl.java:start(405)) - omNode-1@group-523986131536: Successfully started.
2025-04-24 14:04:34,241 [main] INFO  server.RaftServer (RaftServerProxy.java:startImpl(407)) - omNode-1: start RPC server
2025-04-24 14:04:34,242 [main] INFO  server.GrpcService (GrpcService.java:startImpl(334)) - omNode-1: GrpcService started, listening on 15009
2025-04-24 14:04:34,242 [main] INFO  om.OzoneManager (OzoneManager.java:getRpcServer(1360)) - Creating RPC Server
2025-04-24 14:04:34,242 [JvmPauseMonitor36] INFO  util.JvmPauseMonitor (JvmPauseMonitor.java:run(146)) - JvmPauseMonitor-omNode-1: Started
2025-04-24 14:04:34,562 [main] INFO  reflections.Reflections (Reflections.java:scan(219)) - Reflections took 319 ms to scan 22 urls, producing 61 keys and 7423 values
2025-04-24 14:04:34,563 [main] INFO  ipc.CallQueueManager (CallQueueManager.java:<init>(93)) - Using callQueue: class java.util.concurrent.LinkedBlockingQueue, queueCapacity: 2000, scheduler: class org.apache.hadoop.ipc.DefaultRpcScheduler, ipcBackoff: false, ipcFailOver: false.
2025-04-24 14:04:34,563 [main] INFO  ipc.Server (Server.java:<init>(1438)) - Listener at localhost:15006
2025-04-24 14:04:34,564 [Socket Reader #1 for port 15006] INFO  ipc.Server (Server.java:run(1474)) - Starting Socket Reader #1 for port 15006
2025-04-24 14:04:34,564 [Socket Reader #2 for port 15006] INFO  ipc.Server (Server.java:run(1474)) - Starting Socket Reader #2 for port 15006
2025-04-24 14:04:34,564 [Socket Reader #3 for port 15006] INFO  ipc.Server (Server.java:run(1474)) - Starting Socket Reader #3 for port 15006
2025-04-24 14:04:34,564 [Socket Reader #4 for port 15006] INFO  ipc.Server (Server.java:run(1474)) - Starting Socket Reader #4 for port 15006
2025-04-24 14:04:34,564 [Socket Reader #5 for port 15006] INFO  ipc.Server (Server.java:run(1474)) - Starting Socket Reader #5 for port 15006
2025-04-24 14:04:34,564 [Socket Reader #6 for port 15006] INFO  ipc.Server (Server.java:run(1474)) - Starting Socket Reader #6 for port 15006
2025-04-24 14:04:34,565 [Socket Reader #7 for port 15006] INFO  ipc.Server (Server.java:run(1474)) - Starting Socket Reader #7 for port 15006
2025-04-24 14:04:34,565 [Socket Reader #8 for port 15006] INFO  ipc.Server (Server.java:run(1474)) - Starting Socket Reader #8 for port 15006
2025-04-24 14:04:34,565 [Socket Reader #9 for port 15006] INFO  ipc.Server (Server.java:run(1474)) - Starting Socket Reader #9 for port 15006
2025-04-24 14:04:34,565 [Socket Reader #10 for port 15006] INFO  ipc.Server (Server.java:run(1474)) - Starting Socket Reader #10 for port 15006
2025-04-24 14:04:34,567 [main] INFO  http.BaseHttpServer (BaseHttpServer.java:newHttpServer2BuilderForOzone(229)) - Starting Web-server for ozoneManager at: http://0.0.0.0:15007
2025-04-24 14:04:34,567 [main] INFO  http.BaseHttpServer (BaseHttpServer.java:<init>(107)) - Hadoop Security Enabled: false Ozone Security Enabled: false Ozone HTTP Security Enabled: false 
2025-04-24 14:04:34,568 [main] WARN  server.AuthenticationFilter (AuthenticationFilter.java:constructSecretProvider(240)) - Unable to initialize FileSignerSecretProvider, falling back to use random secrets. Reason: Could not read signature secret file: /home/runner/hadoop-http-auth-signature-secret
2025-04-24 14:04:34,569 [main] INFO  http.HttpServer2 (HttpServer2.java:addGlobalFilter(1041)) - Added global filter 'safety' (class=org.apache.hadoop.hdds.server.http.HttpServer2$QuotingInputFilter)
2025-04-24 14:04:34,570 [main] INFO  http.HttpServer2 (HttpServer2.java:addFilter(1017)) - Added filter static_user_filter (class=org.apache.hadoop.http.lib.StaticUserWebFilter$StaticUserFilter) to context ozoneManager
2025-04-24 14:04:34,570 [main] INFO  http.HttpServer2 (HttpServer2.java:addFilter(1025)) - Added filter static_user_filter (class=org.apache.hadoop.http.lib.StaticUserWebFilter$StaticUserFilter) to context static
2025-04-24 14:04:34,570 [main] INFO  http.HttpServer2 (HttpServer2.java:addFilter(1025)) - Added filter static_user_filter (class=org.apache.hadoop.http.lib.StaticUserWebFilter$StaticUserFilter) to context logs
2025-04-24 14:04:34,570 [main] INFO  http.BaseHttpServer (BaseHttpServer.java:<init>(195)) - HTTP server of ozoneManager uses base directory /home/runner/work/ozone/ozone/hadoop-ozone/integration-test/target/test-dir/MiniOzoneClusterImpl-4e6105ad-12bc-4f18-9d37-351d73277e17/omNode-1/webserver
2025-04-24 14:04:34,571 [main] INFO  http.HttpServer2 (HttpServer2.java:bindListener(1241)) - Jetty bound to port 15007
2025-04-24 14:04:34,571 [main] INFO  server.Server (Server.java:doStart(375)) - jetty-9.4.57.v20241219; built: 2025-01-08T21:24:30.412Z; git: df524e6b29271c2e09ba9aea83c18dc9db464a31; jvm 21.0.7+6-LTS
2025-04-24 14:04:34,572 [main] INFO  server.session (DefaultSessionIdManager.java:doStart(334)) - DefaultSessionIdManager workerName=node0
2025-04-24 14:04:34,572 [main] INFO  server.session (DefaultSessionIdManager.java:doStart(339)) - No SessionScavenger set, using defaults
2025-04-24 14:04:34,572 [main] INFO  server.session (HouseKeeper.java:startScavenging(132)) - node0 Scavenging every 660000ms
2025-04-24 14:04:34,573 [main] INFO  handler.ContextHandler (ContextHandler.java:doStart(921)) - Started o.e.j.s.ServletContextHandler@5201d14{logs,/logs,file:///home/runner/work/ozone/ozone/hadoop-ozone/integration-test/target/log,AVAILABLE}
2025-04-24 14:04:34,573 [main] INFO  handler.ContextHandler (ContextHandler.java:doStart(921)) - Started o.e.j.s.ServletContextHandler@34ba742b{static,/static,file:///home/runner/work/ozone/ozone/hadoop-ozone/integration-test/target/test-classes/webapps/static,AVAILABLE}
2025-04-24 14:04:34,576 [main] INFO  handler.ContextHandler (ContextHandler.java:doStart(921)) - Started o.e.j.w.WebAppContext@77d23928{ozoneManager,/,file:///home/runner/work/ozone/ozone/hadoop-ozone/integration-test/target/test-classes/webapps/ozoneManager/,AVAILABLE}{file:/home/runner/work/ozone/ozone/hadoop-ozone/integration-test/target/test-classes/webapps/ozoneManager}
2025-04-24 14:04:34,577 [main] INFO  server.AbstractConnector (AbstractConnector.java:doStart(333)) - Started ServerConnector@3965435e{HTTP/1.1, (http/1.1)}{0.0.0.0:15007}
2025-04-24 14:04:34,577 [main] INFO  server.Server (Server.java:doStart(415)) - Started @155909ms
2025-04-24 14:04:34,577 [main] WARN  impl.MetricsSystemImpl (MetricsSystemImpl.java:register(279)) - Sink prometheus already exists!
2025-04-24 14:04:34,577 [main] INFO  http.BaseHttpServer (BaseHttpServer.java:updateConnectorAddress(360)) - HTTP server of ozoneManager listening at http://0.0.0.0:15007
2025-04-24 14:04:34,577 [IPC Server Responder] INFO  ipc.Server (Server.java:run(1713)) - IPC Server Responder: starting
2025-04-24 14:04:34,578 [IPC Server listener on 15006] INFO  ipc.Server (Server.java:run(1553)) - IPC Server listener on 15006: starting
2025-04-24 14:04:34,580 [main] INFO  om.OzoneManager (OzoneManager.java:startTrashEmptier(2257)) - Trash Interval set to 0. Files deleted won't move to trash
2025-04-24 14:04:34,580 [main] INFO  om.OzoneManager (OzoneManager.java:restart(1878)) - OzoneManager RPC server is listening at localhost/127.0.0.1:15010
2025-04-24 14:04:34,580 [main] INFO  impl.MetricsSystemImpl (MetricsSystemImpl.java:init(158)) - OzoneManager metrics system started (again)
2025-04-24 14:04:34,591 [main] WARN  server.ServerUtils (ServerUtils.java:getDBPath(297)) - ozone.om.db.dirs is not configured. We recommend adding this setting. Falling back to ozone.metadata.dirs instead.
2025-04-24 14:04:34,630 [main] INFO  om.OzoneManager (OzoneManager.java:instantiateServices(933)) - S3 Multi-Tenancy is disabled
2025-04-24 14:04:34,630 [main] INFO  om.OmSnapshotManager (OmSnapshotManager.java:<init>(180)) - Ozone filesystem snapshot feature is enabled.
2025-04-24 14:04:34,630 [main] WARN  server.ServerUtils (ServerUtils.java:getDBPath(297)) - ozone.om.snapshot.diff.db.dir is not configured. We recommend adding this setting. Falling back to ozone.metadata.dirs instead.
2025-04-24 14:04:34,644 [main] WARN  dropwizard3.Dm3MetricRegistriesImpl (Dm3MetricRegistriesImpl.java:addReporterRegistration(114)) - New reporters are added after registries were created. Some metrics will be missing from the reporter. Please add reporter before adding any new registry.
2025-04-24 14:04:34,644 [main] WARN  dropwizard3.Dm3MetricRegistriesImpl (Dm3MetricRegistriesImpl.java:addReporterRegistration(114)) - New reporters are added after registries were created. Some metrics will be missing from the reporter. Please add reporter before adding any new registry.
2025-04-24 14:04:34,644 [main] WARN  server.ServerUtils (ServerUtils.java:getDefaultRatisDirectory(309)) - Storage directory for Ratis is not configured. It is a good idea to map this to an SSD disk. Falling back to ozone.metadata.dirs
2025-04-24 14:04:34,644 [main] INFO  server.RaftServerConfigKeys (ConfUtils.java:logGet(46)) - raft.server.log.appender.buffer.byte-limit = 4194304 (custom)
2025-04-24 14:04:34,645 [main] INFO  ratis.OzoneManagerRatisServer (OzoneManagerRatisServer.java:<init>(167)) - Instantiating OM Ratis server with groupID: om-service-test1 and peers: localhost:15013, localhost:15017, localhost:15009
2025-04-24 14:04:34,646 [main] INFO  ratis.OzoneManagerStateMachine (OzoneManagerStateMachine.java:loadSnapshotInfoFromDB(611)) - LastAppliedIndex is set from TransactionInfo from OM DB as (t:16, i:337)
2025-04-24 14:04:34,646 [main] INFO  server.RaftServer (ConfUtils.java:logGet(46)) - raft.rpc.type = GRPC (default)
2025-04-24 14:04:34,646 [main] INFO  grpc.GrpcConfigKeys (ConfUtils.java:logFallback(53)) - raft.grpc.admin.host = null (fallback to raft.grpc.server.host)
2025-04-24 14:04:34,646 [main] INFO  grpc.GrpcConfigKeys (ConfUtils.java:logFallback(53)) - raft.grpc.admin.port = 15013 (fallback to raft.grpc.server.port)
2025-04-24 14:04:34,646 [main] INFO  grpc.GrpcConfigKeys (ConfUtils.java:logFallback(53)) - raft.grpc.client.host = null (fallback to raft.grpc.server.host)
2025-04-24 14:04:34,647 [main] INFO  grpc.GrpcConfigKeys (ConfUtils.java:logFallback(53)) - raft.grpc.client.port = 15013 (fallback to raft.grpc.server.port)
2025-04-24 14:04:34,647 [main] INFO  grpc.GrpcConfigKeys (ConfUtils.java:logGet(46)) - raft.grpc.server.host = null (default)
2025-04-24 14:04:34,647 [main] INFO  grpc.GrpcConfigKeys (ConfUtils.java:logGet(46)) - raft.grpc.server.port = 15013 (custom)
2025-04-24 14:04:34,647 [main] INFO  server.GrpcService (ConfUtils.java:logGet(46)) - raft.grpc.message.size.max = 5242880 (custom)
2025-04-24 14:04:34,647 [main] INFO  server.GrpcService (ConfUtils.java:logGet(46)) - raft.grpc.flow.control.window = 1MB (=1048576) (default)
2025-04-24 14:04:34,647 [main] INFO  server.RaftServerConfigKeys (ConfUtils.java:logGet(46)) - raft.server.rpc.request.timeout = 3000ms (default)
2025-04-24 14:04:34,647 [main] INFO  grpc.GrpcConfigKeys (ConfUtils.java:logGet(46)) - raft.grpc.server.heartbeat.channel = true (default)
2025-04-24 14:04:34,647 [main] INFO  server.RaftServerConfigKeys (ConfUtils.java:logGet(46)) - raft.server.log.appender.buffer.byte-limit = 4194304 (custom)
2025-04-24 14:04:34,647 [main] INFO  grpc.GrpcConfigKeys (ConfUtils.java:logGet(46)) - raft.grpc.server.async.request.thread.pool.cached = true (default)
2025-04-24 14:04:34,647 [main] INFO  grpc.GrpcConfigKeys (ConfUtils.java:logGet(46)) - raft.grpc.server.async.request.thread.pool.size = 32 (default)
2025-04-24 14:04:34,648 [main] INFO  impl.DataStreamServerImpl (ConfUtils.java:logGet(46)) - raft.datastream.type = DISABLED (default)
2025-04-24 14:04:34,648 [main] INFO  server.RaftServerConfigKeys (ConfUtils.java:logGet(46)) - raft.server.sleep.deviation.threshold = 300ms (default)
2025-04-24 14:04:34,648 [main] INFO  server.RaftServerConfigKeys (ConfUtils.java:logGet(46)) - raft.server.close.threshold = 60s (default)
2025-04-24 14:04:34,648 [main] INFO  server.RaftServerConfigKeys (ConfUtils.java:logGet(46)) - raft.server.leaderelection.leader.step-down.wait-time = 10s (default)
2025-04-24 14:04:34,649 [main] INFO  server.RaftServerConfigKeys (ConfUtils.java:logGet(46)) - raft.server.storage.dir = [/home/runner/work/ozone/ozone/hadoop-ozone/integration-test/target/test-dir/MiniOzoneClusterImpl-4e6105ad-12bc-4f18-9d37-351d73277e17/omNode-2/ratis] (custom)
2025-04-24 14:04:34,649 [main] INFO  server.RaftServerConfigKeys (ConfUtils.java:logGet(46)) - raft.server.threadpool.proxy.cached = true (default)
2025-04-24 14:04:34,649 [main] INFO  server.RaftServerConfigKeys (ConfUtils.java:logGet(46)) - raft.server.threadpool.proxy.size = 0 (default)
2025-04-24 14:04:34,649 [omNode-2-impl-thread1] INFO  server.RaftServer (RaftServerProxy.java:initGroupDir(265)) - omNode-2: found a subdirectory /home/runner/work/ozone/ozone/hadoop-ozone/integration-test/target/test-dir/MiniOzoneClusterImpl-4e6105ad-12bc-4f18-9d37-351d73277e17/omNode-2/ratis/c9bc4cf4-3bc3-3c60-a66b-523986131536
2025-04-24 14:04:34,649 [main] INFO  server.RaftServer (RaftServerProxy.java:addNew(100)) - omNode-2: addNew group-523986131536:[omNode-3|localhost:15017, omNode-1|localhost:15009, omNode-2|localhost:15013] returns group-523986131536:java.util.concurrent.CompletableFuture@36f49faa[Not completed]
2025-04-24 14:04:34,650 [main] INFO  om.OzoneManager (OzoneManager.java:initializeRatisServer(2303)) - OzoneManager Ratis server initialized at port 15013
2025-04-24 14:04:34,650 [main] INFO  ratis.OzoneManagerRatisServer (OzoneManagerRatisServer.java:start(628)) - Starting OzoneManagerRatisServer omNode-2 at port 15013
2025-04-24 14:04:34,649 [omNode-2-groupManagement] INFO  server.RaftServer$Division (RaftServerImpl.java:<init>(255)) - omNode-2: new RaftServerImpl for group-523986131536:[omNode-3|localhost:15017, omNode-1|localhost:15009, omNode-2|localhost:15013] with OzoneManagerStateMachine:uninitialized
2025-04-24 14:04:34,650 [omNode-2-groupManagement] INFO  server.RaftServerConfigKeys (ConfUtils.java:logGet(46)) - raft.server.rpc.timeout.min = 1s (custom)
2025-04-24 14:04:34,650 [omNode-2-groupManagement] INFO  server.RaftServerConfigKeys (ConfUtils.java:logGet(46)) - raft.server.rpc.timeout.max = 1200ms (custom)
2025-04-24 14:04:34,650 [omNode-2-groupManagement] INFO  server.RaftServerConfigKeys (ConfUtils.java:logGet(46)) - raft.server.rpc.sleep.time = 25ms (default)
2025-04-24 14:04:34,650 [omNode-2-groupManagement] INFO  server.RaftServerConfigKeys (ConfUtils.java:logGet(46)) - raft.server.rpc.slowness.timeout = 2s (custom)
2025-04-24 14:04:34,650 [omNode-2-groupManagement] INFO  server.RaftServerConfigKeys (ConfUtils.java:logGet(46)) - raft.server.leaderelection.leader.step-down.wait-time = 10s (default)
2025-04-24 14:04:34,650 [omNode-2-groupManagement] INFO  server.RaftServerConfigKeys (ConfUtils.java:logGet(46)) - raft.server.leaderelection.member.majority-add = false (default)
2025-04-24 14:04:34,650 [omNode-2-groupManagement] INFO  server.RaftServerConfigKeys (ConfUtils.java:logGet(46)) - raft.server.sleep.deviation.threshold = 300ms (default)
2025-04-24 14:04:34,650 [omNode-2-groupManagement] INFO  server.RaftServer$Division (ServerState.java:<init>(114)) - omNode-2@group-523986131536: ConfigurationManager, init=conf: {index: -1, cur=peers:[omNode-3|localhost:15017, omNode-1|localhost:15009, omNode-2|localhost:15013]|listeners:[], old=null}, confs=<EMPTY_MAP>
2025-04-24 14:04:34,650 [omNode-2-groupManagement] INFO  server.RaftServerConfigKeys (ConfUtils.java:logGet(46)) - raft.server.notification.no-leader.timeout = 2s (custom)
2025-04-24 14:04:34,650 [omNode-2-groupManagement] INFO  server.RaftServerConfigKeys (ConfUtils.java:logGet(46)) - raft.server.read.timeout = 10s (default)
2025-04-24 14:04:34,650 [omNode-2-groupManagement] INFO  server.RaftServerConfigKeys (ConfUtils.java:logGet(46)) - raft.server.retrycache.expirytime = 30000ms (custom)
2025-04-24 14:04:34,650 [omNode-2-groupManagement] INFO  server.RaftServerConfigKeys (ConfUtils.java:logGet(46)) - raft.server.retrycache.statistics.expirytime = 100ms (default)
2025-04-24 14:04:34,650 [omNode-2-groupManagement] INFO  server.RaftServerConfigKeys (ConfUtils.java:logGet(46)) - raft.server.read.option = DEFAULT (default)
2025-04-24 14:04:34,650 [omNode-2-groupManagement] INFO  server.RaftServerConfigKeys (ConfUtils.java:logGet(46)) - raft.server.read.read-after-write-consistent.write-index-cache.expiry-time = 60s (default)
2025-04-24 14:04:34,653 [omNode-2-groupManagement] INFO  server.RaftServerConfigKeys (ConfUtils.java:logGet(46)) - raft.server.rpc.request.timeout = 3000ms (default)
2025-04-24 14:04:34,653 [omNode-2-groupManagement] INFO  server.RaftServerConfigKeys (ConfUtils.java:logGet(46)) - raft.server.log.appender.install.snapshot.enabled = false (custom)
2025-04-24 14:04:34,653 [omNode-2-groupManagement] INFO  server.RaftServerConfigKeys (ConfUtils.java:logGet(46)) - raft.server.threadpool.server.cached = true (default)
2025-04-24 14:04:34,653 [omNode-2-groupManagement] INFO  server.RaftServerConfigKeys (ConfUtils.java:logGet(46)) - raft.server.threadpool.server.size = 0 (default)
2025-04-24 14:04:34,653 [omNode-2-groupManagement] INFO  server.RaftServerConfigKeys (ConfUtils.java:logGet(46)) - raft.server.threadpool.client.cached = true (default)
2025-04-24 14:04:34,653 [omNode-2-groupManagement] INFO  server.RaftServerConfigKeys (ConfUtils.java:logGet(46)) - raft.server.threadpool.client.size = 0 (default)
2025-04-24 14:04:34,653 [omNode-2-impl-thread1] INFO  server.RaftServerConfigKeys (ConfUtils.java:logGet(46)) - raft.server.storage.free-space.min = 0MB (=0) (default)
2025-04-24 14:04:34,653 [omNode-2-impl-thread1] INFO  server.RaftServerConfigKeys (ConfUtils.java:logGet(46)) - raft.server.log.corruption.policy = EXCEPTION (default)
2025-04-24 14:04:34,653 [omNode-2-impl-thread1] INFO  server.RaftServerConfigKeys (ConfUtils.java:logGet(46)) - raft.server.storage.dir = [/home/runner/work/ozone/ozone/hadoop-ozone/integration-test/target/test-dir/MiniOzoneClusterImpl-4e6105ad-12bc-4f18-9d37-351d73277e17/omNode-2/ratis] (custom)
2025-04-24 14:04:34,654 [omNode-2-impl-thread1] INFO  storage.RaftStorageDirectory (RaftStorageDirectoryImpl.java:tryLock(229)) - Lock on /home/runner/work/ozone/ozone/hadoop-ozone/integration-test/target/test-dir/MiniOzoneClusterImpl-4e6105ad-12bc-4f18-9d37-351d73277e17/omNode-2/ratis/c9bc4cf4-3bc3-3c60-a66b-523986131536/in_use.lock acquired by nodename 129728@fv-az2210-761
2025-04-24 14:04:34,654 [omNode-2-impl-thread1] INFO  storage.RaftStorage (RaftStorageImpl.java:analyzeAndRecoverStorage(118)) - Read RaftStorageMetadata{term=16, votedFor=omNode-1} from /home/runner/work/ozone/ozone/hadoop-ozone/integration-test/target/test-dir/MiniOzoneClusterImpl-4e6105ad-12bc-4f18-9d37-351d73277e17/omNode-2/ratis/c9bc4cf4-3bc3-3c60-a66b-523986131536/current/raft-meta
2025-04-24 14:04:34,654 [omNode-2-impl-thread1] INFO  server.RaftServer$Division (ServerState.java:setRaftConf(386)) - omNode-2@group-523986131536: set configuration conf: {index: 336, cur=peers:[omNode-3|localhost:15017, omNode-1|localhost:15009, omNode-2|localhost:15013]|listeners:[], old=null}
2025-04-24 14:04:34,654 [omNode-2-impl-thread1] INFO  ratis.OzoneManagerStateMachine (OzoneManagerStateMachine.java:lambda$0(138)) - omNode-2: initialize group-523986131536 with (t:16, i:337)
2025-04-24 14:04:34,655 [omNode-2-impl-thread1] INFO  server.RaftServerConfigKeys (ConfUtils.java:logGet(46)) - raft.server.log.use.memory = false (default)
2025-04-24 14:04:34,655 [omNode-2-impl-thread1] INFO  server.RaftServerConfigKeys (ConfUtils.java:logGet(46)) - raft.server.log.purge.gap = 50 (custom)
2025-04-24 14:04:34,655 [omNode-2-impl-thread1] INFO  server.RaftServerConfigKeys (ConfUtils.java:logGet(46)) - raft.server.log.appender.buffer.byte-limit = 4194304 (custom)
2025-04-24 14:04:34,655 [omNode-2-impl-thread1] INFO  server.RaftServerConfigKeys (ConfUtils.java:logGet(46)) - raft.server.log.statemachine.data.read.timeout = 1000ms (default)
2025-04-24 14:04:34,655 [omNode-2-impl-thread1] INFO  server.RaftServerConfigKeys (ConfUtils.java:logGet(46)) - raft.server.log.purge.preservation.log.num = 0 (default)
2025-04-24 14:04:34,656 [omNode-2-impl-thread1] INFO  server.RaftServerConfigKeys (ConfUtils.java:logGet(46)) - raft.server.log.segment.size.max = 4194304 (custom)
2025-04-24 14:04:34,656 [omNode-2-impl-thread1] INFO  server.RaftServerConfigKeys (ConfUtils.java:logGet(46)) - raft.server.log.segment.cache.num.max = 2 (custom)
2025-04-24 14:04:34,656 [omNode-2-impl-thread1] INFO  server.RaftServerConfigKeys (ConfUtils.java:logGet(46)) - raft.server.log.segment.cache.size.max = 200MB (=209715200) (default)
2025-04-24 14:04:34,656 [omNode-2-impl-thread1] INFO  server.RaftServerConfigKeys (ConfUtils.java:logGet(46)) - raft.server.log.appender.buffer.byte-limit = 4194304 (custom)
2025-04-24 14:04:34,656 [omNode-2-impl-thread1] INFO  util.AwaitToRun (AwaitToRun.java:start(81)) - Thread[#7227,omNode-2@group-523986131536-cacheEviction-AwaitToRun,5,main] started
2025-04-24 14:04:34,656 [omNode-2-impl-thread1] INFO  segmented.SegmentedRaftLogWorker (SegmentedRaftLogWorker.java:<init>(188)) - new omNode-2@group-523986131536-SegmentedRaftLogWorker for RaftStorageImpl:Storage Directory /home/runner/work/ozone/ozone/hadoop-ozone/integration-test/target/test-dir/MiniOzoneClusterImpl-4e6105ad-12bc-4f18-9d37-351d73277e17/omNode-2/ratis/c9bc4cf4-3bc3-3c60-a66b-523986131536
2025-04-24 14:04:34,656 [omNode-2-impl-thread1] INFO  server.RaftServerConfigKeys (ConfUtils.java:logGet(46)) - raft.server.log.queue.byte-limit = 64MB (=67108864) (default)
2025-04-24 14:04:34,656 [omNode-2-impl-thread1] INFO  server.RaftServerConfigKeys (ConfUtils.java:logGet(46)) - raft.server.log.queue.element-limit = 4096 (default)
2025-04-24 14:04:34,656 [omNode-2-impl-thread1] INFO  server.RaftServerConfigKeys (ConfUtils.java:logGet(46)) - raft.server.log.segment.size.max = 4194304 (custom)
2025-04-24 14:04:34,656 [omNode-2-impl-thread1] INFO  server.RaftServerConfigKeys (ConfUtils.java:logGet(46)) - raft.server.log.preallocated.size = 4194304 (custom)
2025-04-24 14:04:34,656 [omNode-2-impl-thread1] INFO  server.RaftServerConfigKeys (ConfUtils.java:logGet(46)) - raft.server.log.force.sync.num = 128 (default)
2025-04-24 14:04:34,656 [omNode-2-impl-thread1] INFO  server.RaftServerConfigKeys (ConfUtils.java:logGet(46)) - raft.server.log.statemachine.data.sync = true (default)
2025-04-24 14:04:34,656 [omNode-2-impl-thread1] INFO  server.RaftServerConfigKeys (ConfUtils.java:logGet(46)) - raft.server.log.statemachine.data.sync.timeout = 10s (default)
2025-04-24 14:04:34,656 [omNode-2-impl-thread1] INFO  server.RaftServerConfigKeys (ConfUtils.java:logGet(46)) - raft.server.log.statemachine.data.sync.timeout.retry = -1 (default)
2025-04-24 14:04:34,657 [omNode-2-impl-thread1] INFO  server.RaftServerConfigKeys (ConfUtils.java:logGet(46)) - raft.server.log.write.buffer.size = 4194312 (custom)
2025-04-24 14:04:34,657 [omNode-2-impl-thread1] INFO  server.RaftServerConfigKeys (ConfUtils.java:logGet(46)) - raft.server.log.appender.buffer.byte-limit = 4194304 (custom)
2025-04-24 14:04:34,657 [omNode-2-impl-thread1] INFO  server.RaftServerConfigKeys (ConfUtils.java:logGet(46)) - raft.server.log.unsafe-flush.enabled = false (default)
2025-04-24 14:04:34,657 [omNode-2-impl-thread1] INFO  server.RaftServerConfigKeys (ConfUtils.java:logGet(46)) - raft.server.log.async-flush.enabled = false (default)
2025-04-24 14:04:34,657 [omNode-2-impl-thread1] INFO  server.RaftServerConfigKeys (ConfUtils.java:logGet(46)) - raft.server.log.statemachine.data.caching.enabled = false (default)
2025-04-24 14:04:34,658 [omNode-2-impl-thread1] INFO  server.RaftServer$Division (ServerState.java:setRaftConf(386)) - omNode-2@group-523986131536: set configuration conf: {index: 312, cur=peers:[omNode-3|localhost:15017, omNode-1|localhost:15009, omNode-2|localhost:15013]|listeners:[], old=null}
2025-04-24 14:04:34,658 [omNode-2-impl-thread1] INFO  segmented.LogSegment (LogSegment.java:loadSegment(171)) - Successfully read 12 entries from segment file /home/runner/work/ozone/ozone/hadoop-ozone/integration-test/target/test-dir/MiniOzoneClusterImpl-4e6105ad-12bc-4f18-9d37-351d73277e17/omNode-2/ratis/c9bc4cf4-3bc3-3c60-a66b-523986131536/current/log_312-323
2025-04-24 14:04:34,658 [omNode-2-impl-thread1] INFO  server.RaftServer$Division (ServerState.java:setRaftConf(386)) - omNode-2@group-523986131536: set configuration conf: {index: 324, cur=peers:[omNode-3|localhost:15017, omNode-1|localhost:15009, omNode-2|localhost:15013]|listeners:[], old=null}
2025-04-24 14:04:34,658 [omNode-2-impl-thread1] INFO  segmented.LogSegment (LogSegment.java:loadSegment(171)) - Successfully read 12 entries from segment file /home/runner/work/ozone/ozone/hadoop-ozone/integration-test/target/test-dir/MiniOzoneClusterImpl-4e6105ad-12bc-4f18-9d37-351d73277e17/omNode-2/ratis/c9bc4cf4-3bc3-3c60-a66b-523986131536/current/log_324-335
2025-04-24 14:04:34,658 [omNode-2-impl-thread1] INFO  server.RaftServer$Division (ServerState.java:setRaftConf(386)) - omNode-2@group-523986131536: set configuration conf: {index: 336, cur=peers:[omNode-3|localhost:15017, omNode-1|localhost:15009, omNode-2|localhost:15013]|listeners:[], old=null}
2025-04-24 14:04:34,658 [omNode-2-impl-thread1] INFO  segmented.LogSegment (LogSegment.java:loadSegment(171)) - Successfully read 2 entries from segment file /home/runner/work/ozone/ozone/hadoop-ozone/integration-test/target/test-dir/MiniOzoneClusterImpl-4e6105ad-12bc-4f18-9d37-351d73277e17/omNode-2/ratis/c9bc4cf4-3bc3-3c60-a66b-523986131536/current/log_inprogress_336
2025-04-24 14:04:34,658 [omNode-2-impl-thread1] INFO  segmented.SegmentedRaftLogWorker (SegmentedRaftLogWorker.java:lambda$new$0(139)) - omNode-2@group-523986131536-SegmentedRaftLogWorker: flushIndex: setUnconditionally 0 -> 337
2025-04-24 14:04:34,659 [omNode-2-impl-thread1] INFO  segmented.SegmentedRaftLogWorker (SegmentedRaftLogWorker.java:lambda$new$0(139)) - omNode-2@group-523986131536-SegmentedRaftLogWorker: safeCacheEvictIndex: setUnconditionally 0 -> 335
2025-04-24 14:04:34,659 [omNode-2-impl-thread1] INFO  segmented.BufferedWriteChannel (BufferedWriteChannel.java:open(61)) - open log_inprogress_336 (append) at position 128
2025-04-24 14:04:34,659 [omNode-2-impl-thread1] INFO  raftlog.RaftLog (RaftLogBase.java:lambda$new$0(54)) - omNode-2@group-523986131536-SegmentedRaftLog: purgeIndex: updateToMax old=-1, new=311, updated? true
2025-04-24 14:04:34,659 [omNode-2-impl-thread1] INFO  server.RaftServer$Division (RaftServerImpl.java:start(391)) - omNode-2@group-523986131536: start as a follower, conf=conf: {index: 336, cur=peers:[omNode-3|localhost:15017, omNode-1|localhost:15009, omNode-2|localhost:15013]|listeners:[], old=null}
2025-04-24 14:04:34,659 [omNode-2-impl-thread1] INFO  server.RaftServer$Division (RaftServerImpl.java:setRole(378)) - omNode-2@group-523986131536: changes role from      null to FOLLOWER at term 16 for startAsFollower
2025-04-24 14:04:34,659 [omNode-2-impl-thread1] INFO  impl.RoleInfo (RoleInfo.java:updateAndGet(148)) - omNode-2: start omNode-2@group-523986131536-FollowerState
2025-04-24 14:04:34,659 [omNode-2-impl-thread1] INFO  util.JmxRegister (JmxRegister.java:tryRegister(44)) - Successfully registered JMX Bean with object name Ratis:service=RaftServer,group=group-523986131536,id=omNode-2
2025-04-24 14:04:34,659 [omNode-2-impl-thread1] INFO  util.JmxRegister (JmxRegister.java:register(58)) - register mxBean class org.apache.ratis.server.impl.RaftServerJmxAdapter as Ratis:service=RaftServer,group=group-523986131536,id=omNode-2
2025-04-24 14:04:34,659 [omNode-2-impl-thread1] INFO  server.RaftServerConfigKeys (ConfUtils.java:logGet(46)) - raft.server.snapshot.trigger-when-stop.enabled = true (default)
2025-04-24 14:04:34,659 [omNode-2-impl-thread1] INFO  server.RaftServerConfigKeys (ConfUtils.java:logGet(46)) - raft.server.snapshot.trigger-when-remove.enabled = true (default)
2025-04-24 14:04:34,660 [omNode-2-impl-thread1] INFO  server.RaftServerConfigKeys (ConfUtils.java:logGet(46)) - raft.server.snapshot.auto.trigger.enabled = true (custom)
2025-04-24 14:04:34,660 [omNode-2-impl-thread1] INFO  server.RaftServerConfigKeys (ConfUtils.java:logGet(46)) - raft.server.snapshot.auto.trigger.threshold = 50 (custom)
2025-04-24 14:04:34,660 [omNode-2-impl-thread1] INFO  server.RaftServerConfigKeys (ConfUtils.java:logGet(46)) - raft.server.snapshot.retention.file.num = -1 (default)
2025-04-24 14:04:34,660 [omNode-2-impl-thread1] INFO  server.RaftServerConfigKeys (ConfUtils.java:logGet(46)) - raft.server.log.purge.upto.snapshot.index = true (custom)
2025-04-24 14:04:34,659 [omNode-2@group-523986131536-FollowerState] INFO  server.RaftServerConfigKeys (ConfUtils.java:logFallback(53)) - raft.server.rpc.first-election.timeout.min = 1s (fallback to raft.server.rpc.timeout.min)
2025-04-24 14:04:34,660 [omNode-2@group-523986131536-FollowerState] INFO  server.RaftServerConfigKeys (ConfUtils.java:logFallback(53)) - raft.server.rpc.first-election.timeout.max = 1200ms (fallback to raft.server.rpc.timeout.max)
2025-04-24 14:04:34,660 [omNode-2-impl-thread1] INFO  server.RaftServer$Division (RaftServerImpl.java:start(405)) - omNode-2@group-523986131536: Successfully started.
2025-04-24 14:04:34,660 [main] INFO  server.RaftServer (RaftServerProxy.java:startImpl(407)) - omNode-2: start RPC server
2025-04-24 14:04:34,661 [main] INFO  server.GrpcService (GrpcService.java:startImpl(334)) - omNode-2: GrpcService started, listening on 15013
2025-04-24 14:04:34,661 [main] INFO  om.OzoneManager (OzoneManager.java:getRpcServer(1360)) - Creating RPC Server
2025-04-24 14:04:34,661 [JvmPauseMonitor37] INFO  util.JvmPauseMonitor (JvmPauseMonitor.java:run(146)) - JvmPauseMonitor-omNode-2: Started
2025-04-24 14:04:34,905 [omNode-3@group-523986131536-FollowerState] INFO  impl.FollowerState (FollowerState.java:runImpl(161)) - omNode-3@group-523986131536-FollowerState: change to CANDIDATE, lastRpcElapsedTime:1164899770ns, electionTimeout:1164ms
2025-04-24 14:04:34,905 [omNode-3@group-523986131536-FollowerState] INFO  impl.RoleInfo (RoleInfo.java:shutdownFollowerState(121)) - omNode-3: shutdown omNode-3@group-523986131536-FollowerState
2025-04-24 14:04:34,905 [omNode-3@group-523986131536-FollowerState] INFO  server.RaftServer$Division (RaftServerImpl.java:setRole(378)) - omNode-3@group-523986131536: changes role from  FOLLOWER to CANDIDATE at term 16 for changeToCandidate
2025-04-24 14:04:34,905 [omNode-3@group-523986131536-FollowerState] INFO  server.RaftServerConfigKeys (ConfUtils.java:logGet(46)) - raft.server.leaderelection.pre-vote = true (default)
2025-04-24 14:04:34,905 [omNode-3@group-523986131536-FollowerState] INFO  impl.RoleInfo (RoleInfo.java:updateAndGet(148)) - omNode-3: start omNode-3@group-523986131536-LeaderElection33
2025-04-24 14:04:34,906 [omNode-3@group-523986131536-LeaderElection33] INFO  impl.LeaderElection (LeaderElection.java:askForVotes(332)) - omNode-3@group-523986131536-LeaderElection33 PRE_VOTE round 0: submit vote requests at term 16 for conf: {index: 336, cur=peers:[omNode-3|localhost:15017, omNode-1|localhost:15009, omNode-2|localhost:15013]|listeners:[], old=null}
2025-04-24 14:04:34,906 [omNode-3@group-523986131536-LeaderElection33-1] INFO  server.GrpcServerProtocolClient (GrpcServerProtocolClient.java:<init>(65)) - Build channel for omNode-1|localhost:15009
2025-04-24 14:04:34,907 [omNode-3@group-523986131536-LeaderElection33] INFO  server.RaftServerConfigKeys (ConfUtils.java:logFallback(53)) - raft.server.rpc.first-election.timeout.min = 1s (fallback to raft.server.rpc.timeout.min)
2025-04-24 14:04:34,907 [omNode-3@group-523986131536-LeaderElection33] INFO  server.RaftServerConfigKeys (ConfUtils.java:logFallback(53)) - raft.server.rpc.first-election.timeout.max = 1200ms (fallback to raft.server.rpc.timeout.max)
2025-04-24 14:04:34,907 [omNode-3@group-523986131536-LeaderElection33-2] INFO  server.GrpcServerProtocolClient (GrpcServerProtocolClient.java:<init>(65)) - Build channel for omNode-2|localhost:15013
2025-04-24 14:04:34,911 [grpc-default-executor-1] INFO  server.RaftServer$Division (RaftServerImpl.java:requestVote(1407)) - omNode-2@group-523986131536: receive requestVote(PRE_VOTE, omNode-3, group-523986131536, 16, (t:16, i:336))
2025-04-24 14:04:34,911 [grpc-default-executor-1] INFO  impl.VoteContext (VoteContext.java:log(49)) - omNode-2@group-523986131536-FOLLOWER: reject PRE_VOTE from omNode-3: our last entry (t:16, i:337) > candidate's last entry (t:16, i:336)
2025-04-24 14:04:34,911 [grpc-default-executor-1] INFO  server.RaftServer$Division (RaftServerImpl.java:requestVote(1441)) - omNode-2@group-523986131536 replies to PRE_VOTE vote request: omNode-3<-omNode-2#0:FAIL-t16. Peer's state: omNode-2@group-523986131536:t16, leader=null, voted=omNode-1, raftlog=Memoized:omNode-2@group-523986131536-SegmentedRaftLog:OPENED:c337:last(t:16, i:337), conf=conf: {index: 336, cur=peers:[omNode-3|localhost:15017, omNode-1|localhost:15009, omNode-2|localhost:15013]|listeners:[], old=null}
2025-04-24 14:04:34,911 [grpc-default-executor-1] INFO  server.RaftServer$Division (RaftServerImpl.java:requestVote(1407)) - omNode-1@group-523986131536: receive requestVote(PRE_VOTE, omNode-3, group-523986131536, 16, (t:16, i:336))
2025-04-24 14:04:34,911 [grpc-default-executor-1] INFO  impl.VoteContext (VoteContext.java:log(49)) - omNode-1@group-523986131536-FOLLOWER: reject PRE_VOTE from omNode-3: our last entry (t:16, i:337) > candidate's last entry (t:16, i:336)
2025-04-24 14:04:34,911 [grpc-default-executor-1] INFO  server.RaftServer$Division (RaftServerImpl.java:requestVote(1441)) - omNode-1@group-523986131536 replies to PRE_VOTE vote request: omNode-3<-omNode-1#0:FAIL-t16. Peer's state: omNode-1@group-523986131536:t16, leader=null, voted=omNode-1, raftlog=Memoized:omNode-1@group-523986131536-SegmentedRaftLog:OPENED:c337:last(t:16, i:337), conf=conf: {index: 336, cur=peers:[omNode-3|localhost:15017, omNode-1|localhost:15009, omNode-2|localhost:15013]|listeners:[], old=null}
2025-04-24 14:04:34,912 [omNode-3@group-523986131536-LeaderElection33] INFO  impl.LeaderElection (LeaderElection.java:logAndReturn(90)) - omNode-3@group-523986131536-LeaderElection33: PRE_VOTE REJECTED received 2 response(s) and 0 exception(s):
2025-04-24 14:04:34,912 [omNode-3@group-523986131536-LeaderElection33] INFO  impl.LeaderElection (LeaderElection.java:logAndReturn(94)) -   Response 0: omNode-3<-omNode-1#0:FAIL-t16
2025-04-24 14:04:34,912 [omNode-3@group-523986131536-LeaderElection33] INFO  impl.LeaderElection (LeaderElection.java:logAndReturn(94)) -   Response 1: omNode-3<-omNode-2#0:FAIL-t16
2025-04-24 14:04:34,913 [omNode-3@group-523986131536-LeaderElection33] INFO  impl.LeaderElection (LeaderElection.java:askForVotes(334)) - omNode-3@group-523986131536-LeaderElection33 PRE_VOTE round 0: result REJECTED
2025-04-24 14:04:34,913 [omNode-3@group-523986131536-LeaderElection33] INFO  server.RaftServer$Division (RaftServerImpl.java:setRole(378)) - omNode-3@group-523986131536: changes role from CANDIDATE to FOLLOWER at term 16 for REJECTED
2025-04-24 14:04:34,913 [omNode-3@group-523986131536-LeaderElection33] INFO  impl.RoleInfo (RoleInfo.java:shutdownLeaderElection(141)) - omNode-3: shutdown omNode-3@group-523986131536-LeaderElection33
2025-04-24 14:04:34,913 [omNode-3@group-523986131536-LeaderElection33] INFO  impl.RoleInfo (RoleInfo.java:updateAndGet(148)) - omNode-3: start omNode-3@group-523986131536-FollowerState
2025-04-24 14:04:34,914 [omNode-3@group-523986131536-LeaderElection33] INFO  server.RaftServer$Division (RaftServerImpl.java:setFirstElection(562)) - omNode-3@group-523986131536: set firstElectionSinceStartup to false for REJECTED
2025-04-24 14:04:35,062 [main] INFO  reflections.Reflections (Reflections.java:scan(219)) - Reflections took 400 ms to scan 22 urls, producing 61 keys and 7423 values
2025-04-24 14:04:35,063 [main] INFO  ipc.CallQueueManager (CallQueueManager.java:<init>(93)) - Using callQueue: class java.util.concurrent.LinkedBlockingQueue, queueCapacity: 2000, scheduler: class org.apache.hadoop.ipc.DefaultRpcScheduler, ipcBackoff: false, ipcFailOver: false.
2025-04-24 14:04:35,063 [main] INFO  ipc.Server (Server.java:<init>(1438)) - Listener at localhost:15010
2025-04-24 14:04:35,063 [Socket Reader #1 for port 15010] INFO  ipc.Server (Server.java:run(1474)) - Starting Socket Reader #1 for port 15010
2025-04-24 14:04:35,063 [Socket Reader #2 for port 15010] INFO  ipc.Server (Server.java:run(1474)) - Starting Socket Reader #2 for port 15010
2025-04-24 14:04:35,063 [Socket Reader #3 for port 15010] INFO  ipc.Server (Server.java:run(1474)) - Starting Socket Reader #3 for port 15010
2025-04-24 14:04:35,064 [Socket Reader #4 for port 15010] INFO  ipc.Server (Server.java:run(1474)) - Starting Socket Reader #4 for port 15010
2025-04-24 14:04:35,064 [Socket Reader #5 for port 15010] INFO  ipc.Server (Server.java:run(1474)) - Starting Socket Reader #5 for port 15010
2025-04-24 14:04:35,064 [Socket Reader #6 for port 15010] INFO  ipc.Server (Server.java:run(1474)) - Starting Socket Reader #6 for port 15010
2025-04-24 14:04:35,064 [Socket Reader #7 for port 15010] INFO  ipc.Server (Server.java:run(1474)) - Starting Socket Reader #7 for port 15010
2025-04-24 14:04:35,064 [Socket Reader #8 for port 15010] INFO  ipc.Server (Server.java:run(1474)) - Starting Socket Reader #8 for port 15010
2025-04-24 14:04:35,065 [Socket Reader #9 for port 15010] INFO  ipc.Server (Server.java:run(1474)) - Starting Socket Reader #9 for port 15010
2025-04-24 14:04:35,065 [Socket Reader #10 for port 15010] INFO  ipc.Server (Server.java:run(1474)) - Starting Socket Reader #10 for port 15010
2025-04-24 14:04:35,067 [main] INFO  http.BaseHttpServer (BaseHttpServer.java:newHttpServer2BuilderForOzone(229)) - Starting Web-server for ozoneManager at: http://0.0.0.0:15011
2025-04-24 14:04:35,067 [main] INFO  http.BaseHttpServer (BaseHttpServer.java:<init>(107)) - Hadoop Security Enabled: false Ozone Security Enabled: false Ozone HTTP Security Enabled: false 
2025-04-24 14:04:35,068 [main] WARN  server.AuthenticationFilter (AuthenticationFilter.java:constructSecretProvider(240)) - Unable to initialize FileSignerSecretProvider, falling back to use random secrets. Reason: Could not read signature secret file: /home/runner/hadoop-http-auth-signature-secret
2025-04-24 14:04:35,069 [main] INFO  http.HttpServer2 (HttpServer2.java:addGlobalFilter(1041)) - Added global filter 'safety' (class=org.apache.hadoop.hdds.server.http.HttpServer2$QuotingInputFilter)
2025-04-24 14:04:35,069 [main] INFO  http.HttpServer2 (HttpServer2.java:addFilter(1017)) - Added filter static_user_filter (class=org.apache.hadoop.http.lib.StaticUserWebFilter$StaticUserFilter) to context ozoneManager
2025-04-24 14:04:35,070 [main] INFO  http.HttpServer2 (HttpServer2.java:addFilter(1025)) - Added filter static_user_filter (class=org.apache.hadoop.http.lib.StaticUserWebFilter$StaticUserFilter) to context static
2025-04-24 14:04:35,070 [main] INFO  http.HttpServer2 (HttpServer2.java:addFilter(1025)) - Added filter static_user_filter (class=org.apache.hadoop.http.lib.StaticUserWebFilter$StaticUserFilter) to context logs
2025-04-24 14:04:35,070 [main] INFO  http.BaseHttpServer (BaseHttpServer.java:<init>(195)) - HTTP server of ozoneManager uses base directory /home/runner/work/ozone/ozone/hadoop-ozone/integration-test/target/test-dir/MiniOzoneClusterImpl-4e6105ad-12bc-4f18-9d37-351d73277e17/omNode-2/webserver
2025-04-24 14:04:35,070 [main] INFO  http.HttpServer2 (HttpServer2.java:bindListener(1241)) - Jetty bound to port 15011
2025-04-24 14:04:35,070 [main] INFO  server.Server (Server.java:doStart(375)) - jetty-9.4.57.v20241219; built: 2025-01-08T21:24:30.412Z; git: df524e6b29271c2e09ba9aea83c18dc9db464a31; jvm 21.0.7+6-LTS
2025-04-24 14:04:35,071 [main] INFO  server.session (DefaultSessionIdManager.java:doStart(334)) - DefaultSessionIdManager workerName=node0
2025-04-24 14:04:35,072 [main] INFO  server.session (DefaultSessionIdManager.java:doStart(339)) - No SessionScavenger set, using defaults
2025-04-24 14:04:35,072 [main] INFO  server.session (HouseKeeper.java:startScavenging(132)) - node0 Scavenging every 660000ms
2025-04-24 14:04:35,072 [main] INFO  handler.ContextHandler (ContextHandler.java:doStart(921)) - Started o.e.j.s.ServletContextHandler@6a4e1892{logs,/logs,file:///home/runner/work/ozone/ozone/hadoop-ozone/integration-test/target/log,AVAILABLE}
2025-04-24 14:04:35,072 [main] INFO  handler.ContextHandler (ContextHandler.java:doStart(921)) - Started o.e.j.s.ServletContextHandler@77de3e3d{static,/static,file:///home/runner/work/ozone/ozone/hadoop-ozone/integration-test/target/test-classes/webapps/static,AVAILABLE}
2025-04-24 14:04:35,076 [main] INFO  handler.ContextHandler (ContextHandler.java:doStart(921)) - Started o.e.j.w.WebAppContext@eac1805{ozoneManager,/,file:///home/runner/work/ozone/ozone/hadoop-ozone/integration-test/target/test-classes/webapps/ozoneManager/,AVAILABLE}{file:/home/runner/work/ozone/ozone/hadoop-ozone/integration-test/target/test-classes/webapps/ozoneManager}
2025-04-24 14:04:35,076 [main] INFO  server.AbstractConnector (AbstractConnector.java:doStart(333)) - Started ServerConnector@6eb1282e{HTTP/1.1, (http/1.1)}{0.0.0.0:15011}
2025-04-24 14:04:35,076 [main] INFO  server.Server (Server.java:doStart(415)) - Started @156408ms
2025-04-24 14:04:35,077 [main] WARN  impl.MetricsSystemImpl (MetricsSystemImpl.java:register(279)) - Sink prometheus already exists!
2025-04-24 14:04:35,077 [main] INFO  http.BaseHttpServer (BaseHttpServer.java:updateConnectorAddress(360)) - HTTP server of ozoneManager listening at http://0.0.0.0:15011
2025-04-24 14:04:35,077 [IPC Server Responder] INFO  ipc.Server (Server.java:run(1713)) - IPC Server Responder: starting
2025-04-24 14:04:35,077 [IPC Server listener on 15010] INFO  ipc.Server (Server.java:run(1553)) - IPC Server listener on 15010: starting
2025-04-24 14:04:35,079 [main] INFO  om.OzoneManager (OzoneManager.java:startTrashEmptier(2257)) - Trash Interval set to 0. Files deleted won't move to trash
]]></system-out>
  </testcase>
  <testcase name="testIncrementalWaitTimeWithSameNodeFailover" classname="org.apache.hadoop.ozone.om.TestOzoneManagerHAWithStoppedNodes" time="5.992">
    <error message="org.apache.ratis.util.ExitUtils$ExitException: OM Ratis Server has received unrecoverable error, to avoid further DB corruption, terminating OM. Error Response received is:cmdType: CreateKey&#10;traceID: &quot;&quot;&#10;success: false&#10;message: &quot;com.google.protobuf.InvalidProtocolBufferException: Message missing required fields: volumeName, bucketName, keyName, dataSize, type, creationTime, modificationTime\n\tat com.google.protobuf.UninitializedMessageException.asInvalidProtocolBufferException(UninitializedMessageException.java:81)\n\tat com.google.protobuf.AbstractParser.checkMessageInitialized(AbstractParser.java:71)\n\tat com.google.protobuf.AbstractParser.parseFrom(AbstractParser.java:217)\n\tat com.google.protobuf.AbstractParser.parseFrom(AbstractParser.java:223)\n\tat com.google.protobuf.AbstractParser.parseFrom(AbstractParser.java:49)\n\tat org.apache.hadoop.hdds.utils.db.Proto2Codec.fromCodecBuffer(Proto2Codec.java:84)\n\tat org.apache.hadoop.hdds.utils.db.Proto2Codec.fromCodecBuffer(Proto2Codec.java:34)\n\tat org.apache.hadoop.hdds.utils.db.DelegatedCodec.fromCodecBuffer(DelegatedCodec.java:83)\n\tat org.apache.hadoop.hdds.utils.db.TypedTable.getFromTable(TypedTable.java:371)\n\tat org.apache.hadoop.hdds.utils.db.TypedTable.getFromTableIfExist(TypedTable.java:393)\n\tat org.apache.hadoop.hdds.utils.db.TypedTable.getIfExist(TypedTable.java:310)\n\tat org.apache.hadoop.ozone.om.request.key.OMKeyCreateRequest.validateAndUpdateCache(OMKeyCreateRequest.java:228)\n\tat org.apache.hadoop.ozone.protocolPB.OzoneManagerRequestHandler.lambda$0(OzoneManagerRequestHandler.java:419)\n\tat org.apache.hadoop.ozone.util.MetricUtil.captureLatencyNs(MetricUtil.java:45)\n\tat org.apache.hadoop.ozone.protocolPB.OzoneManagerRequestHandler.handleWriteRequestImpl(OzoneManagerRequestHandler.java:417)\n\tat org.apache.hadoop.ozone.protocolPB.RequestHandler.handleWriteRequest(RequestHandler.java:62)\n\tat org.apache.hadoop.ozone.om.ratis.OzoneManagerStateMachine.runCommand(OzoneManagerStateMachine.java:563)\n\tat org.apache.hadoop.ozone.om.ratis.OzoneManagerStateMachine.lambda$2(OzoneManagerStateMachine.java:379)\n\tat java.base/java.util.concurrent.CompletableFuture$AsyncSupply.run(CompletableFuture.java:1768)\n\tat java.base/java.util.concurrent.ThreadPoolExecutor.runWorker(ThreadPoolExecutor.java:1144)\n\tat java.base/java.util.concurrent.ThreadPoolExecutor$Worker.run(ThreadPoolExecutor.java:642)\n\tat java.base/java.lang.Thread.run(Thread.java:1583)\n&quot;&#10;status: INTERNAL_ERROR&#10;omLockDetails {&#10;  isLockAcquired: false&#10;  waitLockNanos: 2916&#10;  readLockNanos: 0&#10;  writeLockNanos: 6019639&#10;}&#10;" type="INTERNAL_ERROR org.apache.hadoop.ozone.om.exceptions.OMException"><![CDATA[INTERNAL_ERROR org.apache.hadoop.ozone.om.exceptions.OMException: org.apache.ratis.util.ExitUtils$ExitException: OM Ratis Server has received unrecoverable error, to avoid further DB corruption, terminating OM. Error Response received is:cmdType: CreateKey
traceID: ""
success: false
message: "com.google.protobuf.InvalidProtocolBufferException: Message missing required fields: volumeName, bucketName, keyName, dataSize, type, creationTime, modificationTime\n\tat com.google.protobuf.UninitializedMessageException.asInvalidProtocolBufferException(UninitializedMessageException.java:81)\n\tat com.google.protobuf.AbstractParser.checkMessageInitialized(AbstractParser.java:71)\n\tat com.google.protobuf.AbstractParser.parseFrom(AbstractParser.java:217)\n\tat com.google.protobuf.AbstractParser.parseFrom(AbstractParser.java:223)\n\tat com.google.protobuf.AbstractParser.parseFrom(AbstractParser.java:49)\n\tat org.apache.hadoop.hdds.utils.db.Proto2Codec.fromCodecBuffer(Proto2Codec.java:84)\n\tat org.apache.hadoop.hdds.utils.db.Proto2Codec.fromCodecBuffer(Proto2Codec.java:34)\n\tat org.apache.hadoop.hdds.utils.db.DelegatedCodec.fromCodecBuffer(DelegatedCodec.java:83)\n\tat org.apache.hadoop.hdds.utils.db.TypedTable.getFromTable(TypedTable.java:371)\n\tat org.apache.hadoop.hdds.utils.db.TypedTable.getFromTableIfExist(TypedTable.java:393)\n\tat org.apache.hadoop.hdds.utils.db.TypedTable.getIfExist(TypedTable.java:310)\n\tat org.apache.hadoop.ozone.om.request.key.OMKeyCreateRequest.validateAndUpdateCache(OMKeyCreateRequest.java:228)\n\tat org.apache.hadoop.ozone.protocolPB.OzoneManagerRequestHandler.lambda$0(OzoneManagerRequestHandler.java:419)\n\tat org.apache.hadoop.ozone.util.MetricUtil.captureLatencyNs(MetricUtil.java:45)\n\tat org.apache.hadoop.ozone.protocolPB.OzoneManagerRequestHandler.handleWriteRequestImpl(OzoneManagerRequestHandler.java:417)\n\tat org.apache.hadoop.ozone.protocolPB.RequestHandler.handleWriteRequest(RequestHandler.java:62)\n\tat org.apache.hadoop.ozone.om.ratis.OzoneManagerStateMachine.runCommand(OzoneManagerStateMachine.java:563)\n\tat org.apache.hadoop.ozone.om.ratis.OzoneManagerStateMachine.lambda$2(OzoneManagerStateMachine.java:379)\n\tat java.base/java.util.concurrent.CompletableFuture$AsyncSupply.run(CompletableFuture.java:1768)\n\tat java.base/java.util.concurrent.ThreadPoolExecutor.runWorker(ThreadPoolExecutor.java:1144)\n\tat java.base/java.util.concurrent.ThreadPoolExecutor$Worker.run(ThreadPoolExecutor.java:642)\n\tat java.base/java.lang.Thread.run(Thread.java:1583)\n"
status: INTERNAL_ERROR
omLockDetails {
  isLockAcquired: false
  waitLockNanos: 2916
  readLockNanos: 0
  writeLockNanos: 6019639
}

	at org.apache.hadoop.ozone.om.protocolPB.OzoneManagerProtocolClientSideTranslatorPB.handleError(OzoneManagerProtocolClientSideTranslatorPB.java:762)
	at org.apache.hadoop.ozone.om.protocolPB.OzoneManagerProtocolClientSideTranslatorPB.handleSubmitRequestAndSCMSafeModeRetry(OzoneManagerProtocolClientSideTranslatorPB.java:2358)
	at org.apache.hadoop.ozone.om.protocolPB.OzoneManagerProtocolClientSideTranslatorPB.openKey(OzoneManagerProtocolClientSideTranslatorPB.java:753)
	at org.apache.hadoop.ozone.client.rpc.RpcClient.createKey(RpcClient.java:1388)
	at org.apache.hadoop.ozone.client.rpc.RpcClient.createKey(RpcClient.java:1358)
	at org.apache.hadoop.ozone.client.rpc.RpcClient.createKey(RpcClient.java:1348)
	at org.apache.hadoop.ozone.client.OzoneBucket.createKey(OzoneBucket.java:451)
	at org.apache.hadoop.ozone.om.TestOzoneManagerHA.createKeyTest(TestOzoneManagerHA.java:425)
	at org.apache.hadoop.ozone.om.TestOzoneManagerHAWithStoppedNodes.testIncrementalWaitTimeWithSameNodeFailover(TestOzoneManagerHAWithStoppedNodes.java:493)
	at java.base/java.lang.reflect.Method.invoke(Method.java:580)
	at java.base/java.util.ArrayList.forEach(ArrayList.java:1596)
	at java.base/java.util.ArrayList.forEach(ArrayList.java:1596)
]]></error>
    <system-out><![CDATA[2025-04-24 14:04:35,375 [omNode-1@group-523986131536-FollowerState] INFO  impl.FollowerState (FollowerState.java:runImpl(161)) - omNode-1@group-523986131536-FollowerState: change to CANDIDATE, lastRpcElapsedTime:1135574488ns, electionTimeout:1134ms
2025-04-24 14:04:35,375 [omNode-1@group-523986131536-FollowerState] INFO  impl.RoleInfo (RoleInfo.java:shutdownFollowerState(121)) - omNode-1: shutdown omNode-1@group-523986131536-FollowerState
2025-04-24 14:04:35,375 [omNode-1@group-523986131536-FollowerState] INFO  server.RaftServer$Division (RaftServerImpl.java:setRole(378)) - omNode-1@group-523986131536: changes role from  FOLLOWER to CANDIDATE at term 16 for changeToCandidate
2025-04-24 14:04:35,375 [omNode-1@group-523986131536-FollowerState] INFO  server.RaftServerConfigKeys (ConfUtils.java:logGet(46)) - raft.server.leaderelection.pre-vote = true (default)
2025-04-24 14:04:35,375 [omNode-1@group-523986131536-FollowerState] INFO  impl.RoleInfo (RoleInfo.java:updateAndGet(148)) - omNode-1: start omNode-1@group-523986131536-LeaderElection34
2025-04-24 14:04:35,376 [omNode-1@group-523986131536-LeaderElection34] INFO  impl.LeaderElection (LeaderElection.java:askForVotes(332)) - omNode-1@group-523986131536-LeaderElection34 PRE_VOTE round 0: submit vote requests at term 16 for conf: {index: 336, cur=peers:[omNode-3|localhost:15017, omNode-1|localhost:15009, omNode-2|localhost:15013]|listeners:[], old=null}
2025-04-24 14:04:35,376 [omNode-1@group-523986131536-LeaderElection34-1] INFO  server.GrpcServerProtocolClient (GrpcServerProtocolClient.java:<init>(65)) - Build channel for omNode-3|localhost:15017
2025-04-24 14:04:35,376 [omNode-1@group-523986131536-LeaderElection34-2] INFO  server.GrpcServerProtocolClient (GrpcServerProtocolClient.java:<init>(65)) - Build channel for omNode-2|localhost:15013
2025-04-24 14:04:35,376 [omNode-1@group-523986131536-LeaderElection34] INFO  server.RaftServerConfigKeys (ConfUtils.java:logFallback(53)) - raft.server.rpc.first-election.timeout.min = 1s (fallback to raft.server.rpc.timeout.min)
2025-04-24 14:04:35,376 [omNode-1@group-523986131536-LeaderElection34] INFO  server.RaftServerConfigKeys (ConfUtils.java:logFallback(53)) - raft.server.rpc.first-election.timeout.max = 1200ms (fallback to raft.server.rpc.timeout.max)
2025-04-24 14:04:35,379 [grpc-default-executor-1] INFO  server.RaftServer$Division (RaftServerImpl.java:requestVote(1407)) - omNode-2@group-523986131536: receive requestVote(PRE_VOTE, omNode-1, group-523986131536, 16, (t:16, i:337))
2025-04-24 14:04:35,380 [grpc-default-executor-1] INFO  impl.VoteContext (VoteContext.java:log(49)) - omNode-2@group-523986131536-FOLLOWER: accept PRE_VOTE from omNode-1: our priority 0 <= candidate's priority 0
2025-04-24 14:04:35,380 [grpc-default-executor-7] INFO  server.RaftServer$Division (RaftServerImpl.java:requestVote(1407)) - omNode-3@group-523986131536: receive requestVote(PRE_VOTE, omNode-1, group-523986131536, 16, (t:16, i:337))
2025-04-24 14:04:35,380 [grpc-default-executor-7] INFO  impl.VoteContext (VoteContext.java:log(49)) - omNode-3@group-523986131536-FOLLOWER: accept PRE_VOTE from omNode-1: our last entry (t:16, i:336) < candidate's last entry (t:16, i:337)
2025-04-24 14:04:35,380 [grpc-default-executor-7] INFO  server.RaftServer$Division (RaftServerImpl.java:requestVote(1441)) - omNode-3@group-523986131536 replies to PRE_VOTE vote request: omNode-1<-omNode-3#0:OK-t16. Peer's state: omNode-3@group-523986131536:t16, leader=null, voted=omNode-1, raftlog=Memoized:omNode-3@group-523986131536-SegmentedRaftLog:OPENED:c335:last(t:16, i:336), conf=conf: {index: 336, cur=peers:[omNode-3|localhost:15017, omNode-1|localhost:15009, omNode-2|localhost:15013]|listeners:[], old=null}
2025-04-24 14:04:35,380 [grpc-default-executor-1] INFO  server.RaftServer$Division (RaftServerImpl.java:requestVote(1441)) - omNode-2@group-523986131536 replies to PRE_VOTE vote request: omNode-1<-omNode-2#0:OK-t16. Peer's state: omNode-2@group-523986131536:t16, leader=null, voted=omNode-1, raftlog=Memoized:omNode-2@group-523986131536-SegmentedRaftLog:OPENED:c337:last(t:16, i:337), conf=conf: {index: 336, cur=peers:[omNode-3|localhost:15017, omNode-1|localhost:15009, omNode-2|localhost:15013]|listeners:[], old=null}
2025-04-24 14:04:35,381 [omNode-1@group-523986131536-LeaderElection34] INFO  impl.LeaderElection (LeaderElection.java:logAndReturn(90)) - omNode-1@group-523986131536-LeaderElection34: PRE_VOTE PASSED received 1 response(s) and 0 exception(s):
2025-04-24 14:04:35,381 [omNode-1@group-523986131536-LeaderElection34] INFO  impl.LeaderElection (LeaderElection.java:logAndReturn(94)) -   Response 0: omNode-1<-omNode-3#0:OK-t16
2025-04-24 14:04:35,381 [omNode-1@group-523986131536-LeaderElection34] INFO  impl.LeaderElection (LeaderElection.java:askForVotes(334)) - omNode-1@group-523986131536-LeaderElection34 PRE_VOTE round 0: result PASSED
2025-04-24 14:04:35,382 [omNode-1@group-523986131536-LeaderElection34] INFO  impl.LeaderElection (LeaderElection.java:askForVotes(332)) - omNode-1@group-523986131536-LeaderElection34 ELECTION round 0: submit vote requests at term 17 for conf: {index: 336, cur=peers:[omNode-3|localhost:15017, omNode-1|localhost:15009, omNode-2|localhost:15013]|listeners:[], old=null}
2025-04-24 14:04:35,383 [omNode-1@group-523986131536-LeaderElection34] INFO  server.RaftServerConfigKeys (ConfUtils.java:logFallback(53)) - raft.server.rpc.first-election.timeout.min = 1s (fallback to raft.server.rpc.timeout.min)
2025-04-24 14:04:35,383 [omNode-1@group-523986131536-LeaderElection34] INFO  server.RaftServerConfigKeys (ConfUtils.java:logFallback(53)) - raft.server.rpc.first-election.timeout.max = 1200ms (fallback to raft.server.rpc.timeout.max)
2025-04-24 14:04:35,383 [grpc-default-executor-1] INFO  server.RaftServer$Division (RaftServerImpl.java:requestVote(1407)) - omNode-3@group-523986131536: receive requestVote(ELECTION, omNode-1, group-523986131536, 17, (t:16, i:337))
2025-04-24 14:04:35,383 [grpc-default-executor-1] INFO  impl.VoteContext (VoteContext.java:log(49)) - omNode-3@group-523986131536-FOLLOWER: accept ELECTION from omNode-1: our last entry (t:16, i:336) < candidate's last entry (t:16, i:337)
2025-04-24 14:04:35,383 [grpc-default-executor-1] INFO  server.RaftServer$Division (RaftServerImpl.java:setRole(378)) - omNode-3@group-523986131536: changes role from  FOLLOWER to FOLLOWER at term 16 for candidate:omNode-1
2025-04-24 14:04:35,383 [grpc-default-executor-1] INFO  impl.RoleInfo (RoleInfo.java:shutdownFollowerState(121)) - omNode-3: shutdown omNode-3@group-523986131536-FollowerState
2025-04-24 14:04:35,383 [grpc-default-executor-7] INFO  server.RaftServer$Division (RaftServerImpl.java:requestVote(1407)) - omNode-2@group-523986131536: receive requestVote(ELECTION, omNode-1, group-523986131536, 17, (t:16, i:337))
2025-04-24 14:04:35,383 [grpc-default-executor-7] INFO  impl.VoteContext (VoteContext.java:log(49)) - omNode-2@group-523986131536-FOLLOWER: accept ELECTION from omNode-1: our priority 0 <= candidate's priority 0
2025-04-24 14:04:35,383 [grpc-default-executor-7] INFO  server.RaftServer$Division (RaftServerImpl.java:setRole(378)) - omNode-2@group-523986131536: changes role from  FOLLOWER to FOLLOWER at term 16 for candidate:omNode-1
2025-04-24 14:04:35,384 [grpc-default-executor-7] INFO  impl.RoleInfo (RoleInfo.java:shutdownFollowerState(121)) - omNode-2: shutdown omNode-2@group-523986131536-FollowerState
2025-04-24 14:04:35,384 [grpc-default-executor-7] INFO  impl.RoleInfo (RoleInfo.java:updateAndGet(148)) - omNode-2: start omNode-2@group-523986131536-FollowerState
2025-04-24 14:04:35,383 [grpc-default-executor-1] INFO  impl.RoleInfo (RoleInfo.java:updateAndGet(148)) - omNode-3: start omNode-3@group-523986131536-FollowerState
2025-04-24 14:04:35,384 [grpc-default-executor-7] INFO  server.RaftServer$Division (RaftServerImpl.java:setFirstElection(562)) - omNode-2@group-523986131536: set firstElectionSinceStartup to false for candidate:omNode-1
2025-04-24 14:04:35,384 [omNode-2@group-523986131536-FollowerState] INFO  impl.FollowerState (FollowerState.java:runImpl(170)) - omNode-2@group-523986131536-FollowerState was interrupted
2025-04-24 14:04:35,383 [omNode-3@group-523986131536-FollowerState] INFO  impl.FollowerState (FollowerState.java:runImpl(170)) - omNode-3@group-523986131536-FollowerState was interrupted
2025-04-24 14:04:35,385 [grpc-default-executor-7] INFO  server.RaftServer$Division (RaftServerImpl.java:requestVote(1441)) - omNode-2@group-523986131536 replies to ELECTION vote request: omNode-1<-omNode-2#0:OK-t17. Peer's state: omNode-2@group-523986131536:t17, leader=null, voted=omNode-1, raftlog=Memoized:omNode-2@group-523986131536-SegmentedRaftLog:OPENED:c337:last(t:16, i:337), conf=conf: {index: 336, cur=peers:[omNode-3|localhost:15017, omNode-1|localhost:15009, omNode-2|localhost:15013]|listeners:[], old=null}
2025-04-24 14:04:35,385 [grpc-default-executor-1] INFO  server.RaftServer$Division (RaftServerImpl.java:requestVote(1441)) - omNode-3@group-523986131536 replies to ELECTION vote request: omNode-1<-omNode-3#0:OK-t17. Peer's state: omNode-3@group-523986131536:t17, leader=null, voted=omNode-1, raftlog=Memoized:omNode-3@group-523986131536-SegmentedRaftLog:OPENED:c335:last(t:16, i:336), conf=conf: {index: 336, cur=peers:[omNode-3|localhost:15017, omNode-1|localhost:15009, omNode-2|localhost:15013]|listeners:[], old=null}
2025-04-24 14:04:35,386 [omNode-1@group-523986131536-LeaderElection34] INFO  impl.LeaderElection (LeaderElection.java:logAndReturn(90)) - omNode-1@group-523986131536-LeaderElection34: ELECTION PASSED received 1 response(s) and 0 exception(s):
2025-04-24 14:04:35,386 [omNode-1@group-523986131536-LeaderElection34] INFO  impl.LeaderElection (LeaderElection.java:logAndReturn(94)) -   Response 0: omNode-1<-omNode-2#0:OK-t17
2025-04-24 14:04:35,386 [omNode-1@group-523986131536-LeaderElection34] INFO  impl.LeaderElection (LeaderElection.java:askForVotes(334)) - omNode-1@group-523986131536-LeaderElection34 ELECTION round 0: result PASSED
2025-04-24 14:04:35,386 [omNode-1@group-523986131536-LeaderElection34] INFO  impl.RoleInfo (RoleInfo.java:shutdownLeaderElection(141)) - omNode-1: shutdown omNode-1@group-523986131536-LeaderElection34
2025-04-24 14:04:35,386 [omNode-1@group-523986131536-LeaderElection34] INFO  server.RaftServer$Division (RaftServerImpl.java:setRole(378)) - omNode-1@group-523986131536: changes role from CANDIDATE to LEADER at term 17 for changeToLeader
2025-04-24 14:04:35,386 [omNode-1@group-523986131536-LeaderElection34] INFO  server.RaftServerConfigKeys (ConfUtils.java:logGet(46)) - raft.server.staging.catchup.gap = 1000 (default)
2025-04-24 14:04:35,386 [omNode-1@group-523986131536-LeaderElection34] INFO  server.RaftServerConfigKeys (ConfUtils.java:logGet(46)) - raft.server.write.element-limit = 4096 (default)
2025-04-24 14:04:35,386 [omNode-1@group-523986131536-LeaderElection34] INFO  server.RaftServerConfigKeys (ConfUtils.java:logGet(46)) - raft.server.write.byte-limit = 64MB (=67108864) (default)
2025-04-24 14:04:35,387 [omNode-1@group-523986131536-LeaderElection34] INFO  server.RaftServerConfigKeys (ConfUtils.java:logGet(46)) - raft.server.watch.timeout = 10s (default)
2025-04-24 14:04:35,387 [omNode-1@group-523986131536-LeaderElection34] INFO  server.RaftServerConfigKeys (ConfUtils.java:logGet(46)) - raft.server.watch.timeout.denomination = 1s (default)
2025-04-24 14:04:35,387 [omNode-1@group-523986131536-LeaderElection34] INFO  server.RaftServerConfigKeys (ConfUtils.java:logGet(46)) - raft.server.watch.element-limit = 65536 (default)
2025-04-24 14:04:35,387 [omNode-1@group-523986131536-LeaderElection34] INFO  server.RaftServerConfigKeys (ConfUtils.java:logGet(46)) - raft.server.read.leader.lease.enabled = false (default)
2025-04-24 14:04:35,387 [omNode-1@group-523986131536-LeaderElection34] INFO  server.RaftServerConfigKeys (ConfUtils.java:logGet(46)) - raft.server.read.leader.lease.timeout.ratio = 0.9 (default)
2025-04-24 14:04:35,387 [omNode-1@group-523986131536-LeaderElection34] INFO  server.RaftServerConfigKeys (ConfUtils.java:logGet(46)) - raft.server.rpc.timeout.min = 1s (custom)
2025-04-24 14:04:35,387 [omNode-1@group-523986131536-LeaderElection34] INFO  server.RaftServerConfigKeys (ConfUtils.java:logGet(46)) - raft.server.log.log-metadata.enabled = true (default)
2025-04-24 14:04:35,387 [omNode-1@group-523986131536-LeaderElection34] INFO  server.RaftServerConfigKeys (ConfUtils.java:logGet(46)) - raft.server.write.element-limit = 4096 (default)
2025-04-24 14:04:35,387 [omNode-1@group-523986131536-LeaderElection34] INFO  server.RaftServerConfigKeys (ConfUtils.java:logGet(46)) - raft.server.write.follower.gap.ratio.max = -1.0 (default)
2025-04-24 14:04:35,388 [omNode-1@group-523986131536-LeaderElection34] INFO  server.RaftServerConfigKeys (ConfUtils.java:logGet(46)) - raft.server.log.appender.snapshot.chunk.size.max = 16MB (=16777216) (default)
2025-04-24 14:04:35,388 [omNode-1@group-523986131536-LeaderElection34] INFO  server.RaftServerConfigKeys (ConfUtils.java:logGet(46)) - raft.server.log.appender.buffer.byte-limit = 4194304 (custom)
2025-04-24 14:04:35,388 [omNode-1@group-523986131536-LeaderElection34] INFO  server.RaftServerConfigKeys (ConfUtils.java:logGet(46)) - raft.server.log.appender.buffer.element-limit = 1024 (custom)
2025-04-24 14:04:35,388 [omNode-1@group-523986131536-LeaderElection34] INFO  server.RaftServerConfigKeys (ConfUtils.java:logGet(46)) - raft.server.log.appender.wait-time.min = 0ms (custom)
2025-04-24 14:04:35,388 [omNode-1@group-523986131536-LeaderElection34] INFO  grpc.GrpcConfigKeys (ConfUtils.java:logGet(46)) - raft.grpc.server.leader.outstanding.appends.max = 8 (default)
2025-04-24 14:04:35,388 [omNode-1@group-523986131536-LeaderElection34] INFO  server.RaftServerConfigKeys (ConfUtils.java:logGet(46)) - raft.server.rpc.request.timeout = 3000ms (default)
2025-04-24 14:04:35,388 [omNode-1@group-523986131536-LeaderElection34] INFO  grpc.GrpcConfigKeys (ConfUtils.java:logGet(46)) - raft.grpc.server.install_snapshot.request.element-limit = 8 (default)
2025-04-24 14:04:35,388 [omNode-1@group-523986131536-LeaderElection34] INFO  grpc.GrpcConfigKeys (ConfUtils.java:logGet(46)) - raft.grpc.server.install_snapshot.request.timeout = 3000ms (default)
2025-04-24 14:04:35,388 [omNode-1@group-523986131536-LeaderElection34] INFO  grpc.GrpcConfigKeys (ConfUtils.java:logGet(46)) - raft.grpc.server.log-message.batch.duration = 5s (default)
2025-04-24 14:04:35,388 [omNode-1@group-523986131536-LeaderElection34] INFO  server.RaftServerConfigKeys (ConfUtils.java:logGet(46)) - raft.server.log.appender.install.snapshot.enabled = false (custom)
2025-04-24 14:04:35,388 [omNode-1@group-523986131536-LeaderElection34] INFO  grpc.GrpcConfigKeys (ConfUtils.java:logGet(46)) - raft.grpc.server.heartbeat.channel = true (default)
2025-04-24 14:04:35,389 [omNode-1@group-523986131536-LeaderElection34] INFO  server.RaftServerConfigKeys (ConfUtils.java:logGet(46)) - raft.server.log.appender.snapshot.chunk.size.max = 16MB (=16777216) (default)
2025-04-24 14:04:35,389 [omNode-1@group-523986131536-LeaderElection34] INFO  server.RaftServerConfigKeys (ConfUtils.java:logGet(46)) - raft.server.log.appender.buffer.byte-limit = 4194304 (custom)
2025-04-24 14:04:35,389 [omNode-1@group-523986131536-LeaderElection34] INFO  server.RaftServerConfigKeys (ConfUtils.java:logGet(46)) - raft.server.log.appender.buffer.element-limit = 1024 (custom)
2025-04-24 14:04:35,389 [omNode-1@group-523986131536-LeaderElection34] INFO  server.RaftServerConfigKeys (ConfUtils.java:logGet(46)) - raft.server.log.appender.wait-time.min = 0ms (custom)
2025-04-24 14:04:35,389 [omNode-1@group-523986131536-LeaderElection34] INFO  grpc.GrpcConfigKeys (ConfUtils.java:logGet(46)) - raft.grpc.server.leader.outstanding.appends.max = 8 (default)
2025-04-24 14:04:35,389 [omNode-1@group-523986131536-LeaderElection34] INFO  server.RaftServerConfigKeys (ConfUtils.java:logGet(46)) - raft.server.rpc.request.timeout = 3000ms (default)
2025-04-24 14:04:35,390 [omNode-1@group-523986131536-LeaderElection34] INFO  grpc.GrpcConfigKeys (ConfUtils.java:logGet(46)) - raft.grpc.server.install_snapshot.request.element-limit = 8 (default)
2025-04-24 14:04:35,390 [omNode-1@group-523986131536-LeaderElection34] INFO  grpc.GrpcConfigKeys (ConfUtils.java:logGet(46)) - raft.grpc.server.install_snapshot.request.timeout = 3000ms (default)
2025-04-24 14:04:35,390 [omNode-1@group-523986131536-LeaderElection34] INFO  grpc.GrpcConfigKeys (ConfUtils.java:logGet(46)) - raft.grpc.server.log-message.batch.duration = 5s (default)
2025-04-24 14:04:35,390 [omNode-1@group-523986131536-LeaderElection34] INFO  server.RaftServerConfigKeys (ConfUtils.java:logGet(46)) - raft.server.log.appender.install.snapshot.enabled = false (custom)
2025-04-24 14:04:35,390 [omNode-1@group-523986131536-LeaderElection34] INFO  grpc.GrpcConfigKeys (ConfUtils.java:logGet(46)) - raft.grpc.server.heartbeat.channel = true (default)
2025-04-24 14:04:35,390 [omNode-1@group-523986131536-LeaderElection34] INFO  impl.RoleInfo (RoleInfo.java:updateAndGet(148)) - omNode-1: start omNode-1@group-523986131536-LeaderStateImpl
2025-04-24 14:04:35,390 [omNode-1@group-523986131536-LeaderElection34] INFO  server.RaftServer$Division (RaftServerImpl.java:setFirstElection(562)) - omNode-1@group-523986131536: set firstElectionSinceStartup to false for becomeLeader
2025-04-24 14:04:35,390 [omNode-1@group-523986131536-LeaderElection34] INFO  ratis.OzoneManagerStateMachine (OzoneManagerStateMachine.java:notifyLeaderChanged(169)) - omNode-1@group-523986131536: leader changed to omNode-1
2025-04-24 14:04:35,390 [omNode-1@group-523986131536-LeaderElection34] INFO  server.RaftServer$Division (ServerState.java:setLeader(272)) - omNode-1@group-523986131536: change Leader from null to omNode-1 at term 17 for becomeLeader, leader elected after 1161ms
2025-04-24 14:04:35,390 [omNode-1@group-523986131536-LeaderElection34] INFO  segmented.SegmentedRaftLogWorker (SegmentedRaftLogWorker.java:rollLogSegment(443)) - omNode-1@group-523986131536-SegmentedRaftLogWorker: Rolling segment log-336_337 to index:337
2025-04-24 14:04:35,391 [omNode-1@group-523986131536-LeaderElection34] INFO  server.RaftServer$Division (ServerState.java:setRaftConf(386)) - omNode-1@group-523986131536: set configuration conf: {index: 338, cur=peers:[omNode-3|localhost:15017, omNode-1|localhost:15009, omNode-2|localhost:15013]|listeners:[], old=null}
2025-04-24 14:04:35,391 [omNode-1@group-523986131536-SegmentedRaftLogWorker] INFO  segmented.SegmentedRaftLogWorker (SegmentedRaftLogWorker.java:execute(601)) - omNode-1@group-523986131536-SegmentedRaftLogWorker: Rolled log segment from /home/runner/work/ozone/ozone/hadoop-ozone/integration-test/target/test-dir/MiniOzoneClusterImpl-4e6105ad-12bc-4f18-9d37-351d73277e17/omNode-1/ratis/c9bc4cf4-3bc3-3c60-a66b-523986131536/current/log_inprogress_336 to /home/runner/work/ozone/ozone/hadoop-ozone/integration-test/target/test-dir/MiniOzoneClusterImpl-4e6105ad-12bc-4f18-9d37-351d73277e17/omNode-1/ratis/c9bc4cf4-3bc3-3c60-a66b-523986131536/current/log_336-337
2025-04-24 14:04:35,391 [omNode-1@group-523986131536-SegmentedRaftLogWorker] INFO  segmented.BufferedWriteChannel (BufferedWriteChannel.java:open(61)) - open log_inprogress_338 at position 0
2025-04-24 14:04:35,396 [omNode-2-server-thread1] INFO  ratis.OzoneManagerStateMachine (OzoneManagerStateMachine.java:notifyLeaderChanged(169)) - omNode-2@group-523986131536: leader changed to omNode-1
2025-04-24 14:04:35,397 [omNode-2-server-thread1] INFO  server.RaftServer$Division (ServerState.java:setLeader(272)) - omNode-2@group-523986131536: change Leader from null to omNode-1 at term 17 for appendEntries, leader elected after 745ms
2025-04-24 14:04:35,398 [omNode-3-server-thread1] INFO  ratis.OzoneManagerStateMachine (OzoneManagerStateMachine.java:notifyLeaderChanged(169)) - omNode-3@group-523986131536: leader changed to omNode-1
2025-04-24 14:04:35,398 [omNode-3-server-thread1] INFO  server.RaftServer$Division (ServerState.java:setLeader(272)) - omNode-3@group-523986131536: change Leader from null to omNode-1 at term 17 for appendEntries, leader elected after 1667ms
2025-04-24 14:04:35,398 [omNode-3-server-thread1] INFO  server.RaftServer$Division (RaftServerImpl.java:checkInconsistentAppendEntries(1648)) - omNode-3@group-523986131536: Failed appendEntries as previous log entry ((t:16, i:337)) is not found
2025-04-24 14:04:35,398 [omNode-3-server-thread1] INFO  server.RaftServer$Division (RaftServerImpl.java:appendEntriesAsync(1580)) - omNode-3@group-523986131536: appendEntries* reply omNode-1<-omNode-3#0:FAIL-t17,INCONSISTENCY,nextIndex=337,followerCommit=335,matchIndex=-1
2025-04-24 14:04:35,398 [omNode-3-server-thread2] INFO  server.RaftServer$Division (RaftServerImpl.java:checkInconsistentAppendEntries(1648)) - omNode-3@group-523986131536: Failed appendEntries as previous log entry ((t:16, i:337)) is not found
2025-04-24 14:04:35,398 [omNode-3-server-thread2] INFO  server.RaftServer$Division (RaftServerImpl.java:appendEntriesAsync(1580)) - omNode-3@group-523986131536: appendEntries* reply omNode-1<-omNode-3#1:FAIL-t17,INCONSISTENCY,nextIndex=337,followerCommit=335,matchIndex=-1
2025-04-24 14:04:35,398 [grpc-default-executor-3] WARN  server.GrpcLogAppender (GrpcLogAppender.java:onNextImpl(519)) - omNode-1@group-523986131536->omNode-3-AppendLogResponseHandler: received INCONSISTENCY reply with nextIndex 337, errorCount=1, request=AppendEntriesRequest:cid=0,entriesCount=0
2025-04-24 14:04:35,398 [grpc-default-executor-3] INFO  leader.FollowerInfo (FollowerInfoImpl.java:info(70)) - omNode-1@group-523986131536->omNode-3: setNextIndex nextIndex: updateUnconditionally 339 -> 337
2025-04-24 14:04:35,399 [omNode-2-server-thread3] INFO  server.RaftServer$Division (ServerState.java:setRaftConf(386)) - omNode-2@group-523986131536: set configuration conf: {index: 338, cur=peers:[omNode-3|localhost:15017, omNode-1|localhost:15009, omNode-2|localhost:15013]|listeners:[], old=null}
2025-04-24 14:04:35,399 [omNode-2-server-thread3] INFO  segmented.SegmentedRaftLogWorker (SegmentedRaftLogWorker.java:rollLogSegment(443)) - omNode-2@group-523986131536-SegmentedRaftLogWorker: Rolling segment log-336_337 to index:337
2025-04-24 14:04:35,399 [grpc-default-executor-3] WARN  server.GrpcLogAppender (GrpcLogAppender.java:onNextImpl(519)) - omNode-1@group-523986131536->omNode-3-AppendLogResponseHandler: received INCONSISTENCY reply with nextIndex 337, errorCount=2, request=null
2025-04-24 14:04:35,399 [grpc-default-executor-3] INFO  leader.FollowerInfo (FollowerInfoImpl.java:info(70)) - omNode-1@group-523986131536->omNode-3: setNextIndex nextIndex: updateUnconditionally 339 -> 337
2025-04-24 14:04:35,399 [omNode-2@group-523986131536-SegmentedRaftLogWorker] INFO  segmented.SegmentedRaftLogWorker (SegmentedRaftLogWorker.java:execute(601)) - omNode-2@group-523986131536-SegmentedRaftLogWorker: Rolled log segment from /home/runner/work/ozone/ozone/hadoop-ozone/integration-test/target/test-dir/MiniOzoneClusterImpl-4e6105ad-12bc-4f18-9d37-351d73277e17/omNode-2/ratis/c9bc4cf4-3bc3-3c60-a66b-523986131536/current/log_inprogress_336 to /home/runner/work/ozone/ozone/hadoop-ozone/integration-test/target/test-dir/MiniOzoneClusterImpl-4e6105ad-12bc-4f18-9d37-351d73277e17/omNode-2/ratis/c9bc4cf4-3bc3-3c60-a66b-523986131536/current/log_336-337
2025-04-24 14:04:35,399 [omNode-3-server-thread2] INFO  server.RaftServer$Division (ServerState.java:setRaftConf(386)) - omNode-3@group-523986131536: set configuration conf: {index: 338, cur=peers:[omNode-3|localhost:15017, omNode-1|localhost:15009, omNode-2|localhost:15013]|listeners:[], old=null}
2025-04-24 14:04:35,400 [omNode-2@group-523986131536-SegmentedRaftLogWorker] INFO  segmented.BufferedWriteChannel (BufferedWriteChannel.java:open(61)) - open log_inprogress_338 at position 0
2025-04-24 14:04:35,400 [omNode-3-server-thread2] INFO  segmented.SegmentedRaftLogWorker (SegmentedRaftLogWorker.java:rollLogSegment(443)) - omNode-3@group-523986131536-SegmentedRaftLogWorker: Rolling segment log-336_337 to index:337
2025-04-24 14:04:35,402 [omNode-3-server-thread2] INFO  server.RaftServer$Division (ServerState.java:setRaftConf(386)) - omNode-3@group-523986131536: set configuration conf: {index: 338, cur=peers:[omNode-3|localhost:15017, omNode-1|localhost:15009, omNode-2|localhost:15013]|listeners:[], old=null}
2025-04-24 14:04:35,404 [omNode-3@group-523986131536-StateMachineUpdater] INFO  ratis.OzoneManagerStateMachine (OzoneManagerStateMachine.java:notifyConfigurationChanged(231)) - notifyConfigurationChanged from Ratis: term=16, index=336, New Peer list: omNode-3(localhost:15017), omNode-1(localhost:15009), omNode-2(localhost:15013)
2025-04-24 14:04:35,409 [omNode-1@group-523986131536-SegmentedRaftLogWorker] INFO  segmented.SegmentedRaftLogWorker (SegmentedRaftLogWorker.java:execute(644)) - omNode-1@group-523986131536-SegmentedRaftLogWorker: created new log segment /home/runner/work/ozone/ozone/hadoop-ozone/integration-test/target/test-dir/MiniOzoneClusterImpl-4e6105ad-12bc-4f18-9d37-351d73277e17/omNode-1/ratis/c9bc4cf4-3bc3-3c60-a66b-523986131536/current/log_inprogress_338
2025-04-24 14:04:35,414 [omNode-2@group-523986131536-SegmentedRaftLogWorker] INFO  segmented.SegmentedRaftLogWorker (SegmentedRaftLogWorker.java:execute(644)) - omNode-2@group-523986131536-SegmentedRaftLogWorker: created new log segment /home/runner/work/ozone/ozone/hadoop-ozone/integration-test/target/test-dir/MiniOzoneClusterImpl-4e6105ad-12bc-4f18-9d37-351d73277e17/omNode-2/ratis/c9bc4cf4-3bc3-3c60-a66b-523986131536/current/log_inprogress_338
2025-04-24 14:04:35,415 [omNode-3@group-523986131536-SegmentedRaftLogWorker] INFO  segmented.SegmentedRaftLogWorker (SegmentedRaftLogWorker.java:execute(601)) - omNode-3@group-523986131536-SegmentedRaftLogWorker: Rolled log segment from /home/runner/work/ozone/ozone/hadoop-ozone/integration-test/target/test-dir/MiniOzoneClusterImpl-4e6105ad-12bc-4f18-9d37-351d73277e17/omNode-3/ratis/c9bc4cf4-3bc3-3c60-a66b-523986131536/current/log_inprogress_336 to /home/runner/work/ozone/ozone/hadoop-ozone/integration-test/target/test-dir/MiniOzoneClusterImpl-4e6105ad-12bc-4f18-9d37-351d73277e17/omNode-3/ratis/c9bc4cf4-3bc3-3c60-a66b-523986131536/current/log_336-337
2025-04-24 14:04:35,415 [omNode-3@group-523986131536-SegmentedRaftLogWorker] INFO  segmented.BufferedWriteChannel (BufferedWriteChannel.java:open(61)) - open log_inprogress_338 at position 0
2025-04-24 14:04:35,417 [omNode-1@group-523986131536-StateMachineUpdater] INFO  ratis.OzoneManagerStateMachine (OzoneManagerStateMachine.java:notifyConfigurationChanged(231)) - notifyConfigurationChanged from Ratis: term=17, index=338, New Peer list: omNode-3(localhost:15017), omNode-1(localhost:15009), omNode-2(localhost:15013)
2025-04-24 14:04:35,417 [omNode-1@group-523986131536-StateMachineUpdater] INFO  server.RaftServer$Division (LeaderStateImpl.java:checkStartIndex(313)) - Leader omNode-1@group-523986131536-LeaderStateImpl is ready since appliedIndex == startIndex == 338
2025-04-24 14:04:35,418 [omNode-2@group-523986131536-StateMachineUpdater] INFO  ratis.OzoneManagerStateMachine (OzoneManagerStateMachine.java:notifyConfigurationChanged(231)) - notifyConfigurationChanged from Ratis: term=17, index=338, New Peer list: omNode-3(localhost:15017), omNode-1(localhost:15009), omNode-2(localhost:15013)
2025-04-24 14:04:35,424 [omNode-3@group-523986131536-SegmentedRaftLogWorker] INFO  segmented.SegmentedRaftLogWorker (SegmentedRaftLogWorker.java:execute(644)) - omNode-3@group-523986131536-SegmentedRaftLogWorker: created new log segment /home/runner/work/ozone/ozone/hadoop-ozone/integration-test/target/test-dir/MiniOzoneClusterImpl-4e6105ad-12bc-4f18-9d37-351d73277e17/omNode-3/ratis/c9bc4cf4-3bc3-3c60-a66b-523986131536/current/log_inprogress_338
2025-04-24 14:04:35,425 [omNode-3@group-523986131536-StateMachineUpdater] INFO  ratis.OzoneManagerStateMachine (OzoneManagerStateMachine.java:notifyConfigurationChanged(231)) - notifyConfigurationChanged from Ratis: term=17, index=338, New Peer list: omNode-3(localhost:15017), omNode-1(localhost:15009), omNode-2(localhost:15013)
2025-04-24 14:04:35,481 [main] INFO  om.OzoneManager (OzoneManager.java:stop(2347)) - omNode-1[localhost:15006]: Stopping Ozone Manager
2025-04-24 14:04:35,481 [main] INFO  ipc.Server (Server.java:stop(3697)) - Stopping server on 15006
2025-04-24 14:04:35,483 [IPC Server listener on 15006] INFO  ipc.Server (Server.java:run(1585)) - Stopping IPC Server listener on 15006
2025-04-24 14:04:35,483 [main] INFO  ratis.OzoneManagerRatisServer (OzoneManagerRatisServer.java:stop(634)) - Stopping org.apache.hadoop.ozone.om.ratis.OzoneManagerRatisServer@1db85826 at port 15009
2025-04-24 14:04:35,483 [main] INFO  server.RaftServer (RaftServerProxy.java:lambda$close$9(417)) - omNode-1: close
2025-04-24 14:04:35,483 [main] INFO  server.GrpcService (GrpcService.java:closeImpl(343)) - omNode-1: shutdown server GrpcServerProtocolService now
2025-04-24 14:04:35,483 [IPC Server Responder] INFO  ipc.Server (Server.java:run(1718)) - Stopping IPC Server Responder
2025-04-24 14:04:35,484 [omNode-1-impl-thread1] INFO  server.RaftServer$Division (RaftServerImpl.java:lambda$close$1(513)) - omNode-1@group-523986131536: shutdown
2025-04-24 14:04:35,484 [omNode-1-impl-thread1] INFO  util.JmxRegister (JmxRegister.java:unregister(74)) - Successfully un-registered JMX Bean with object name Ratis:service=RaftServer,group=group-523986131536,id=omNode-1
2025-04-24 14:04:35,484 [omNode-1-impl-thread1] INFO  impl.RoleInfo (RoleInfo.java:shutdownLeaderState(103)) - omNode-1: shutdown omNode-1@group-523986131536-LeaderStateImpl
2025-04-24 14:04:35,484 [omNode-1-impl-thread1] INFO  impl.PendingRequests (PendingRequests.java:sendNotLeaderResponses(287)) - omNode-1@group-523986131536-PendingRequests: sendNotLeaderResponses
2025-04-24 14:04:35,484 [Thread-6408] INFO  server.GrpcServerProtocolClient (GrpcServerProtocolClient.java:close(105)) - omNode-3 Close channels
2025-04-24 14:04:35,484 [omNode-1@group-523986131536->omNode-2-GrpcLogAppender-LogAppenderDaemon] WARN  server.GrpcLogAppender (GrpcLogAppender.java:mayWait(293)) - omNode-1@group-523986131536->omNode-2-GrpcLogAppender: Wait interrupted by java.lang.InterruptedException
2025-04-24 14:04:35,485 [grpc-default-executor-3] INFO  server.GrpcServerProtocolService (GrpcServerProtocolService.java:onCompleted(157)) - omNode-2: Completed APPEND_ENTRIES, lastRequest: omNode-1->omNode-2#2-t17,previous=(t:17, i:338),leaderCommit=338,initializing? false,entries: size=1, first=(t:17, i:339), METADATAENTRY(c:338)
2025-04-24 14:04:35,485 [grpc-default-executor-3] INFO  server.GrpcServerProtocolService (GrpcServerProtocolService.java:lambda$onCompleted$5(159)) - omNode-2: Completed APPEND_ENTRIES, lastReply: null
2025-04-24 14:04:35,485 [grpc-default-executor-1] INFO  server.GrpcServerProtocolService (GrpcServerProtocolService.java:onCompleted(157)) - omNode-2: Completed APPEND_ENTRIES, lastRequest: null
2025-04-24 14:04:35,485 [Thread-6410] INFO  server.GrpcServerProtocolClient (GrpcServerProtocolClient.java:close(105)) - omNode-2 Close channels
2025-04-24 14:04:35,485 [grpc-default-executor-1] INFO  server.GrpcServerProtocolService (GrpcServerProtocolService.java:lambda$onCompleted$5(159)) - omNode-2: Completed APPEND_ENTRIES, lastReply: serverReply {
  requestorId: "omNode-1"
  replyId: "omNode-2"
  raftGroupId {
    id: "\311\274L\364;\303<`\246kR9\206\023\0256"
  }
  success: true
}
term: 17
nextIndex: 338
followerCommit: 337
matchIndex: 18446744073709551615
isHearbeat: true

2025-04-24 14:04:35,485 [omNode-1@group-523986131536->omNode-3-GrpcLogAppender-LogAppenderDaemon] WARN  server.GrpcLogAppender (GrpcLogAppender.java:mayWait(293)) - omNode-1@group-523986131536->omNode-3-GrpcLogAppender: Wait interrupted by java.lang.InterruptedException
2025-04-24 14:04:35,486 [grpc-default-executor-6] INFO  server.GrpcServerProtocolService (GrpcServerProtocolService.java:onCompleted(157)) - omNode-3: Completed APPEND_ENTRIES, lastRequest: omNode-1->omNode-3#4-t17,previous=(t:17, i:338),leaderCommit=338,initializing? false,entries: size=1, first=(t:17, i:339), METADATAENTRY(c:338)
2025-04-24 14:04:35,486 [grpc-default-executor-6] INFO  server.GrpcServerProtocolService (GrpcServerProtocolService.java:lambda$onCompleted$5(159)) - omNode-3: Completed APPEND_ENTRIES, lastReply: null
2025-04-24 14:04:35,486 [grpc-default-executor-7] INFO  server.GrpcServerProtocolService (GrpcServerProtocolService.java:onCompleted(157)) - omNode-3: Completed APPEND_ENTRIES, lastRequest: null
2025-04-24 14:04:35,486 [grpc-default-executor-7] INFO  server.GrpcServerProtocolService (GrpcServerProtocolService.java:lambda$onCompleted$5(159)) - omNode-3: Completed APPEND_ENTRIES, lastReply: serverReply {
  requestorId: "omNode-1"
  replyId: "omNode-3"
  raftGroupId {
    id: "\311\274L\364;\303<`\246kR9\206\023\0256"
  }
}
term: 17
nextIndex: 337
result: INCONSISTENCY
followerCommit: 335
matchIndex: 18446744073709551615
isHearbeat: true

2025-04-24 14:04:35,487 [grpc-default-executor-6] INFO  server.GrpcLogAppender (GrpcLogAppender.java:onCompleted(550)) - omNode-1@group-523986131536->omNode-2-AppendLogResponseHandler: follower responses appendEntries COMPLETED
2025-04-24 14:04:35,487 [omNode-1-impl-thread1] INFO  impl.StateMachineUpdater (StateMachineUpdater.java:stopAndJoin(164)) - omNode-1@group-523986131536-StateMachineUpdater: set stopIndex = 339
2025-04-24 14:04:35,487 [grpc-default-executor-6] WARN  server.GrpcLogAppender (GrpcLogAppender.java:resetClient(230)) - omNode-1@group-523986131536->omNode-2-GrpcLogAppender: Failed to getClient for omNode-2
org.apache.ratis.protocol.exceptions.AlreadyClosedException: omNode-1 is already CLOSED
	at org.apache.ratis.util.PeerProxyMap$PeerAndProxy.getProxy(PeerProxyMap.java:67)
	at org.apache.ratis.util.PeerProxyMap.getProxy(PeerProxyMap.java:124)
	at org.apache.ratis.grpc.server.GrpcLogAppender.getClient(GrpcLogAppender.java:200)
	at org.apache.ratis.grpc.server.GrpcLogAppender.resetClient(GrpcLogAppender.java:205)
	at org.apache.ratis.grpc.server.GrpcLogAppender.access$800(GrpcLogAppender.java:64)
	at org.apache.ratis.grpc.server.GrpcLogAppender$AppendLogResponseHandler.onCompleted(GrpcLogAppender.java:551)
	at org.apache.ratis.thirdparty.io.grpc.stub.ClientCalls$StreamObserverToCallListenerAdapter.onClose(ClientCalls.java:479)
	at org.apache.ratis.thirdparty.io.grpc.internal.ClientCallImpl.closeObserver(ClientCallImpl.java:567)
	at org.apache.ratis.thirdparty.io.grpc.internal.ClientCallImpl.access$300(ClientCallImpl.java:71)
	at org.apache.ratis.thirdparty.io.grpc.internal.ClientCallImpl$ClientStreamListenerImpl$1StreamClosed.runInternal(ClientCallImpl.java:735)
	at org.apache.ratis.thirdparty.io.grpc.internal.ClientCallImpl$ClientStreamListenerImpl$1StreamClosed.runInContext(ClientCallImpl.java:716)
	at org.apache.ratis.thirdparty.io.grpc.internal.ContextRunnable.run(ContextRunnable.java:37)
	at org.apache.ratis.thirdparty.io.grpc.internal.SerializingExecutor.run(SerializingExecutor.java:133)
	at java.base/java.util.concurrent.ThreadPoolExecutor.runWorker(ThreadPoolExecutor.java:1144)
	at java.base/java.util.concurrent.ThreadPoolExecutor$Worker.run(ThreadPoolExecutor.java:642)
	at java.base/java.lang.Thread.run(Thread.java:1583)
2025-04-24 14:04:35,486 [grpc-default-executor-3] INFO  server.GrpcLogAppender (GrpcLogAppender.java:onCompleted(550)) - omNode-1@group-523986131536->omNode-2-AppendLogResponseHandler: follower responses appendEntries COMPLETED
2025-04-24 14:04:35,487 [main] INFO  server.GrpcService (GrpcService.java:closeImpl(352)) - omNode-1: shutdown server GrpcServerProtocolService successfully
2025-04-24 14:04:35,487 [grpc-default-executor-1] INFO  server.GrpcLogAppender (GrpcLogAppender.java:onCompleted(550)) - omNode-1@group-523986131536->omNode-3-AppendLogResponseHandler: follower responses appendEntries COMPLETED
2025-04-24 14:04:35,488 [grpc-default-executor-1] WARN  server.GrpcLogAppender (GrpcLogAppender.java:resetClient(230)) - omNode-1@group-523986131536->omNode-3-GrpcLogAppender: Failed to getClient for omNode-3
org.apache.ratis.protocol.exceptions.AlreadyClosedException: omNode-1 is already CLOSED
	at org.apache.ratis.util.PeerProxyMap$PeerAndProxy.getProxy(PeerProxyMap.java:67)
	at org.apache.ratis.util.PeerProxyMap.getProxy(PeerProxyMap.java:124)
	at org.apache.ratis.grpc.server.GrpcLogAppender.getClient(GrpcLogAppender.java:200)
	at org.apache.ratis.grpc.server.GrpcLogAppender.resetClient(GrpcLogAppender.java:205)
	at org.apache.ratis.grpc.server.GrpcLogAppender.access$800(GrpcLogAppender.java:64)
	at org.apache.ratis.grpc.server.GrpcLogAppender$AppendLogResponseHandler.onCompleted(GrpcLogAppender.java:551)
	at org.apache.ratis.thirdparty.io.grpc.stub.ClientCalls$StreamObserverToCallListenerAdapter.onClose(ClientCalls.java:479)
	at org.apache.ratis.thirdparty.io.grpc.internal.DelayedClientCall$DelayedListener$3.run(DelayedClientCall.java:489)
	at org.apache.ratis.thirdparty.io.grpc.internal.DelayedClientCall$DelayedListener.delayOrExecute(DelayedClientCall.java:453)
	at org.apache.ratis.thirdparty.io.grpc.internal.DelayedClientCall$DelayedListener.onClose(DelayedClientCall.java:486)
	at org.apache.ratis.thirdparty.io.grpc.internal.ClientCallImpl.closeObserver(ClientCallImpl.java:567)
	at org.apache.ratis.thirdparty.io.grpc.internal.ClientCallImpl.access$300(ClientCallImpl.java:71)
	at org.apache.ratis.thirdparty.io.grpc.internal.ClientCallImpl$ClientStreamListenerImpl$1StreamClosed.runInternal(ClientCallImpl.java:735)
	at org.apache.ratis.thirdparty.io.grpc.internal.ClientCallImpl$ClientStreamListenerImpl$1StreamClosed.runInContext(ClientCallImpl.java:716)
	at org.apache.ratis.thirdparty.io.grpc.internal.ContextRunnable.run(ContextRunnable.java:37)
	at org.apache.ratis.thirdparty.io.grpc.internal.SerializingExecutor.run(SerializingExecutor.java:133)
	at java.base/java.util.concurrent.ThreadPoolExecutor.runWorker(ThreadPoolExecutor.java:1144)
	at java.base/java.util.concurrent.ThreadPoolExecutor$Worker.run(ThreadPoolExecutor.java:642)
	at java.base/java.lang.Thread.run(Thread.java:1583)
2025-04-24 14:04:35,487 [grpc-default-executor-7] INFO  server.GrpcLogAppender (GrpcLogAppender.java:onCompleted(550)) - omNode-1@group-523986131536->omNode-3-AppendLogResponseHandler: follower responses appendEntries COMPLETED
2025-04-24 14:04:35,488 [grpc-default-executor-3] WARN  server.GrpcLogAppender (GrpcLogAppender.java:resetClient(230)) - omNode-1@group-523986131536->omNode-2-GrpcLogAppender: Failed to getClient for omNode-2
org.apache.ratis.protocol.exceptions.AlreadyClosedException: omNode-1 is already CLOSED
	at org.apache.ratis.util.PeerProxyMap$PeerAndProxy.getProxy(PeerProxyMap.java:67)
	at org.apache.ratis.util.PeerProxyMap.getProxy(PeerProxyMap.java:124)
	at org.apache.ratis.grpc.server.GrpcLogAppender.getClient(GrpcLogAppender.java:200)
	at org.apache.ratis.grpc.server.GrpcLogAppender.resetClient(GrpcLogAppender.java:205)
	at org.apache.ratis.grpc.server.GrpcLogAppender.access$800(GrpcLogAppender.java:64)
	at org.apache.ratis.grpc.server.GrpcLogAppender$AppendLogResponseHandler.onCompleted(GrpcLogAppender.java:551)
	at org.apache.ratis.thirdparty.io.grpc.stub.ClientCalls$StreamObserverToCallListenerAdapter.onClose(ClientCalls.java:479)
	at org.apache.ratis.thirdparty.io.grpc.internal.DelayedClientCall$DelayedListener$3.run(DelayedClientCall.java:489)
	at org.apache.ratis.thirdparty.io.grpc.internal.DelayedClientCall$DelayedListener.delayOrExecute(DelayedClientCall.java:453)
	at org.apache.ratis.thirdparty.io.grpc.internal.DelayedClientCall$DelayedListener.onClose(DelayedClientCall.java:486)
	at org.apache.ratis.thirdparty.io.grpc.internal.ClientCallImpl.closeObserver(ClientCallImpl.java:567)
	at org.apache.ratis.thirdparty.io.grpc.internal.ClientCallImpl.access$300(ClientCallImpl.java:71)
	at org.apache.ratis.thirdparty.io.grpc.internal.ClientCallImpl$ClientStreamListenerImpl$1StreamClosed.runInternal(ClientCallImpl.java:735)
	at org.apache.ratis.thirdparty.io.grpc.internal.ClientCallImpl$ClientStreamListenerImpl$1StreamClosed.runInContext(ClientCallImpl.java:716)
	at org.apache.ratis.thirdparty.io.grpc.internal.ContextRunnable.run(ContextRunnable.java:37)
	at org.apache.ratis.thirdparty.io.grpc.internal.SerializingExecutor.run(SerializingExecutor.java:133)
	at java.base/java.util.concurrent.ThreadPoolExecutor.runWorker(ThreadPoolExecutor.java:1144)
	at java.base/java.util.concurrent.ThreadPoolExecutor$Worker.run(ThreadPoolExecutor.java:642)
	at java.base/java.lang.Thread.run(Thread.java:1583)
2025-04-24 14:04:35,488 [grpc-default-executor-7] WARN  server.GrpcLogAppender (GrpcLogAppender.java:resetClient(230)) - omNode-1@group-523986131536->omNode-3-GrpcLogAppender: Failed to getClient for omNode-3
org.apache.ratis.protocol.exceptions.AlreadyClosedException: omNode-1 is already CLOSED
	at org.apache.ratis.util.PeerProxyMap$PeerAndProxy.getProxy(PeerProxyMap.java:67)
	at org.apache.ratis.util.PeerProxyMap.getProxy(PeerProxyMap.java:124)
	at org.apache.ratis.grpc.server.GrpcLogAppender.getClient(GrpcLogAppender.java:200)
	at org.apache.ratis.grpc.server.GrpcLogAppender.resetClient(GrpcLogAppender.java:205)
	at org.apache.ratis.grpc.server.GrpcLogAppender.access$800(GrpcLogAppender.java:64)
	at org.apache.ratis.grpc.server.GrpcLogAppender$AppendLogResponseHandler.onCompleted(GrpcLogAppender.java:551)
	at org.apache.ratis.thirdparty.io.grpc.stub.ClientCalls$StreamObserverToCallListenerAdapter.onClose(ClientCalls.java:479)
	at org.apache.ratis.thirdparty.io.grpc.internal.ClientCallImpl.closeObserver(ClientCallImpl.java:567)
	at org.apache.ratis.thirdparty.io.grpc.internal.ClientCallImpl.access$300(ClientCallImpl.java:71)
	at org.apache.ratis.thirdparty.io.grpc.internal.ClientCallImpl$ClientStreamListenerImpl$1StreamClosed.runInternal(ClientCallImpl.java:735)
	at org.apache.ratis.thirdparty.io.grpc.internal.ClientCallImpl$ClientStreamListenerImpl$1StreamClosed.runInContext(ClientCallImpl.java:716)
	at org.apache.ratis.thirdparty.io.grpc.internal.ContextRunnable.run(ContextRunnable.java:37)
	at org.apache.ratis.thirdparty.io.grpc.internal.SerializingExecutor.run(SerializingExecutor.java:133)
	at java.base/java.util.concurrent.ThreadPoolExecutor.runWorker(ThreadPoolExecutor.java:1144)
	at java.base/java.util.concurrent.ThreadPoolExecutor$Worker.run(ThreadPoolExecutor.java:642)
	at java.base/java.lang.Thread.run(Thread.java:1583)
2025-04-24 14:04:35,492 [omNode-1@group-523986131536-StateMachineUpdater] INFO  ratis.OzoneManagerStateMachine (OzoneManagerStateMachine.java:takeSnapshotImpl(510)) - omNode-1: taking snapshot. applied = (t:17, i:339), skipped = 337, notified = (t:17, i:339), current snapshot index = (t:17, i:339), took 5 ms
2025-04-24 14:04:35,492 [omNode-1@group-523986131536-StateMachineUpdater] INFO  impl.StateMachineUpdater (StateMachineUpdater.java:takeSnapshot(303)) - omNode-1@group-523986131536-StateMachineUpdater: Took a snapshot at index 339
2025-04-24 14:04:35,492 [omNode-1@group-523986131536-StateMachineUpdater] INFO  impl.StateMachineUpdater (StateMachineUpdater.java:lambda$new$0(102)) - omNode-1@group-523986131536-StateMachineUpdater: snapshotIndex: updateIncreasingly 337 -> 339
2025-04-24 14:04:35,492 [omNode-1@group-523986131536-StateMachineUpdater] INFO  impl.StateMachineUpdater (StateMachineUpdater.java:stop(141)) - omNode-1@group-523986131536-StateMachineUpdater: closing OzoneManagerStateMachine, lastApplied=(t:17, i:339)
2025-04-24 14:04:35,492 [omNode-1@group-523986131536-StateMachineUpdater] INFO  ratis.OzoneManagerStateMachine (OzoneManagerStateMachine.java:close(550)) - Stopping OzoneManagerStateMachine:omNode-1:group-523986131536.
2025-04-24 14:04:35,492 [omNode-1@group-523986131536-StateMachineUpdater] INFO  ratis.OzoneManagerDoubleBuffer (OzoneManagerDoubleBuffer.java:stopDaemon(500)) - Stopping OMDoubleBuffer flush thread
2025-04-24 14:04:35,492 [omNode-1-OMDoubleBufferFlushThread] INFO  ratis.OzoneManagerDoubleBuffer (OzoneManagerDoubleBuffer.java:canFlush(559)) - OMDoubleBuffer flush thread omNode-1-OMDoubleBufferFlushThread is interrupted and will exit.
2025-04-24 14:04:35,492 [omNode-1@group-523986131536-cacheEviction-AwaitToRun] INFO  util.AwaitToRun (AwaitToRun.java:run(49)) - omNode-1@group-523986131536-cacheEviction-AwaitToRun-AwaitForSignal is interrupted
2025-04-24 14:04:36,417 [omNode-1-impl-thread1] INFO  segmented.SegmentedRaftLogWorker (SegmentedRaftLogWorker.java:close(252)) - omNode-1@group-523986131536-SegmentedRaftLogWorker close()
2025-04-24 14:04:36,418 [JvmPauseMonitor36] INFO  util.JvmPauseMonitor (JvmPauseMonitor.java:run(152)) - JvmPauseMonitor-omNode-1: Stopped
2025-04-24 14:04:36,418 [main] INFO  utils.BackgroundService (BackgroundService.java:shutdown(161)) - Shutting down service KeyDeletingService
2025-04-24 14:04:36,418 [main] INFO  utils.BackgroundService (BackgroundService.java:shutdown(161)) - Shutting down service DirectoryDeletingService
2025-04-24 14:04:36,419 [main] INFO  utils.BackgroundService (BackgroundService.java:shutdown(161)) - Shutting down service OpenKeyCleanupService
2025-04-24 14:04:36,419 [main] INFO  utils.BackgroundService (BackgroundService.java:shutdown(161)) - Shutting down service SstFilteringService
2025-04-24 14:04:36,420 [main] INFO  utils.BackgroundService (BackgroundService.java:shutdown(161)) - Shutting down service SnapshotDeletingService
2025-04-24 14:04:36,420 [main] INFO  utils.BackgroundService (BackgroundService.java:shutdown(161)) - Shutting down service MultipartUploadCleanupService
2025-04-24 14:04:36,421 [main] INFO  handler.ContextHandler (ContextHandler.java:doStop(1159)) - Stopped o.e.j.w.WebAppContext@77d23928{ozoneManager,/,null,STOPPED}{file:/home/runner/work/ozone/ozone/hadoop-ozone/integration-test/target/test-classes/webapps/ozoneManager}
2025-04-24 14:04:36,421 [main] INFO  server.AbstractConnector (AbstractConnector.java:doStop(383)) - Stopped ServerConnector@3965435e{HTTP/1.1, (http/1.1)}{0.0.0.0:15007}
2025-04-24 14:04:36,421 [main] INFO  server.session (HouseKeeper.java:stopScavenging(149)) - node0 Stopped scavenging
2025-04-24 14:04:36,421 [main] INFO  handler.ContextHandler (ContextHandler.java:doStop(1159)) - Stopped o.e.j.s.ServletContextHandler@34ba742b{static,/static,file:///home/runner/work/ozone/ozone/hadoop-ozone/integration-test/target/test-classes/webapps/static,STOPPED}
2025-04-24 14:04:36,421 [main] INFO  handler.ContextHandler (ContextHandler.java:doStop(1159)) - Stopped o.e.j.s.ServletContextHandler@5201d14{logs,/logs,file:///home/runner/work/ozone/ozone/hadoop-ozone/integration-test/target/log,STOPPED}
2025-04-24 14:04:36,422 [main] INFO  rocksdiff.RocksDBCheckpointDiffer (RocksDBCheckpointDiffer.java:close(304)) - Shutting down CompactionDagPruningService.
2025-04-24 14:04:36,424 [main] INFO  snapshot.SnapshotDiffManager (SnapshotDiffManager.java:closeExecutorService(1698)) - Shutting down executorService: 'SnapDiffExecutor'
2025-04-24 14:04:36,424 [main] INFO  utils.BackgroundService (BackgroundService.java:shutdown(161)) - Shutting down service SnapshotDiffCleanupService
2025-04-24 14:04:37,502 [omNode-2@group-523986131536-FollowerState] INFO  impl.FollowerState (FollowerState.java:runImpl(161)) - omNode-2@group-523986131536-FollowerState: change to CANDIDATE, lastRpcElapsedTime:2085089228ns, electionTimeout:1026ms
2025-04-24 14:04:37,502 [omNode-2@group-523986131536-FollowerState] INFO  impl.RoleInfo (RoleInfo.java:shutdownFollowerState(121)) - omNode-2: shutdown omNode-2@group-523986131536-FollowerState
2025-04-24 14:04:37,503 [omNode-2@group-523986131536-FollowerState] INFO  server.RaftServer$Division (RaftServerImpl.java:setRole(378)) - omNode-2@group-523986131536: changes role from  FOLLOWER to CANDIDATE at term 17 for changeToCandidate
2025-04-24 14:04:37,503 [omNode-2@group-523986131536-FollowerState] INFO  server.RaftServerConfigKeys (ConfUtils.java:logGet(46)) - raft.server.leaderelection.pre-vote = true (default)
2025-04-24 14:04:37,503 [omNode-2@group-523986131536-FollowerState] INFO  impl.RoleInfo (RoleInfo.java:updateAndGet(148)) - omNode-2: start omNode-2@group-523986131536-LeaderElection35
2025-04-24 14:04:37,503 [omNode-2@group-523986131536-LeaderElection35] INFO  server.RaftServer$Division (ServerState.java:setLeader(272)) - omNode-2@group-523986131536: change Leader from omNode-1 to null at term 17 for PRE_VOTE
2025-04-24 14:04:37,503 [omNode-2@group-523986131536-LeaderElection35] INFO  impl.LeaderElection (LeaderElection.java:askForVotes(332)) - omNode-2@group-523986131536-LeaderElection35 PRE_VOTE round 0: submit vote requests at term 17 for conf: {index: 338, cur=peers:[omNode-3|localhost:15017, omNode-1|localhost:15009, omNode-2|localhost:15013]|listeners:[], old=null}
2025-04-24 14:04:37,504 [omNode-2@group-523986131536-LeaderElection35-1] INFO  server.GrpcServerProtocolClient (GrpcServerProtocolClient.java:<init>(65)) - Build channel for omNode-3|localhost:15017
2025-04-24 14:04:37,504 [omNode-2@group-523986131536-LeaderElection35-2] INFO  server.GrpcServerProtocolClient (GrpcServerProtocolClient.java:<init>(65)) - Build channel for omNode-1|localhost:15009
2025-04-24 14:04:37,506 [omNode-2@group-523986131536-LeaderElection35] INFO  impl.LeaderElection (LogUtils.java:infoOrTrace(136)) - omNode-2@group-523986131536-LeaderElection35 got exception when requesting votes: java.util.concurrent.ExecutionException: org.apache.ratis.thirdparty.io.grpc.StatusRuntimeException: UNAVAILABLE: io exception
2025-04-24 14:04:37,507 [grpc-default-executor-7] INFO  server.RaftServer$Division (RaftServerImpl.java:requestVote(1407)) - omNode-3@group-523986131536: receive requestVote(PRE_VOTE, omNode-2, group-523986131536, 17, (t:17, i:339))
2025-04-24 14:04:37,507 [grpc-default-executor-7] INFO  impl.VoteContext (VoteContext.java:log(49)) - omNode-3@group-523986131536-FOLLOWER: accept PRE_VOTE from omNode-2: our priority 0 <= candidate's priority 0
2025-04-24 14:04:37,507 [grpc-default-executor-7] INFO  server.RaftServer$Division (RaftServerImpl.java:requestVote(1441)) - omNode-3@group-523986131536 replies to PRE_VOTE vote request: omNode-2<-omNode-3#0:OK-t17. Peer's state: omNode-3@group-523986131536:t17, leader=omNode-1, voted=omNode-1, raftlog=Memoized:omNode-3@group-523986131536-SegmentedRaftLog:OPENED:c338:last(t:17, i:339), conf=conf: {index: 338, cur=peers:[omNode-3|localhost:15017, omNode-1|localhost:15009, omNode-2|localhost:15013]|listeners:[], old=null}
2025-04-24 14:04:37,508 [omNode-2@group-523986131536-LeaderElection35] INFO  impl.LeaderElection (LeaderElection.java:logAndReturn(90)) - omNode-2@group-523986131536-LeaderElection35: PRE_VOTE PASSED received 1 response(s) and 1 exception(s):
2025-04-24 14:04:37,508 [omNode-2@group-523986131536-LeaderElection35] INFO  impl.LeaderElection (LeaderElection.java:logAndReturn(94)) -   Response 0: omNode-2<-omNode-3#0:OK-t17
2025-04-24 14:04:37,508 [omNode-2@group-523986131536-LeaderElection35] INFO  impl.LeaderElection (LogUtils.java:infoOrTrace(136)) -   Exception 1: java.util.concurrent.ExecutionException: org.apache.ratis.thirdparty.io.grpc.StatusRuntimeException: UNAVAILABLE: io exception
2025-04-24 14:04:37,508 [omNode-2@group-523986131536-LeaderElection35] INFO  impl.LeaderElection (LeaderElection.java:askForVotes(334)) - omNode-2@group-523986131536-LeaderElection35 PRE_VOTE round 0: result PASSED
2025-04-24 14:04:37,510 [omNode-2@group-523986131536-LeaderElection35] INFO  impl.LeaderElection (LeaderElection.java:askForVotes(332)) - omNode-2@group-523986131536-LeaderElection35 ELECTION round 0: submit vote requests at term 18 for conf: {index: 338, cur=peers:[omNode-3|localhost:15017, omNode-1|localhost:15009, omNode-2|localhost:15013]|listeners:[], old=null}
2025-04-24 14:04:37,510 [omNode-2@group-523986131536-LeaderElection35] INFO  impl.LeaderElection (LogUtils.java:infoOrTrace(136)) - omNode-2@group-523986131536-LeaderElection35 got exception when requesting votes: java.util.concurrent.ExecutionException: org.apache.ratis.thirdparty.io.grpc.StatusRuntimeException: UNAVAILABLE: io exception
2025-04-24 14:04:37,511 [grpc-default-executor-7] INFO  server.RaftServer$Division (RaftServerImpl.java:requestVote(1407)) - omNode-3@group-523986131536: receive requestVote(ELECTION, omNode-2, group-523986131536, 18, (t:17, i:339))
2025-04-24 14:04:37,511 [grpc-default-executor-7] INFO  impl.VoteContext (VoteContext.java:log(49)) - omNode-3@group-523986131536-FOLLOWER: accept ELECTION from omNode-2: our priority 0 <= candidate's priority 0
2025-04-24 14:04:37,511 [grpc-default-executor-7] INFO  server.RaftServer$Division (RaftServerImpl.java:setRole(378)) - omNode-3@group-523986131536: changes role from  FOLLOWER to FOLLOWER at term 17 for candidate:omNode-2
2025-04-24 14:04:37,511 [grpc-default-executor-7] INFO  impl.RoleInfo (RoleInfo.java:shutdownFollowerState(121)) - omNode-3: shutdown omNode-3@group-523986131536-FollowerState
2025-04-24 14:04:37,511 [grpc-default-executor-7] INFO  server.RaftServer$Division (ServerState.java:setLeader(272)) - omNode-3@group-523986131536: change Leader from omNode-1 to null at term 18 for updateCurrentTerm
2025-04-24 14:04:37,511 [omNode-3@group-523986131536-FollowerState] INFO  impl.FollowerState (FollowerState.java:runImpl(170)) - omNode-3@group-523986131536-FollowerState was interrupted
2025-04-24 14:04:37,511 [grpc-default-executor-7] INFO  impl.RoleInfo (RoleInfo.java:updateAndGet(148)) - omNode-3: start omNode-3@group-523986131536-FollowerState
2025-04-24 14:04:37,512 [grpc-default-executor-7] INFO  server.RaftServer$Division (RaftServerImpl.java:requestVote(1441)) - omNode-3@group-523986131536 replies to ELECTION vote request: omNode-2<-omNode-3#0:OK-t18. Peer's state: omNode-3@group-523986131536:t18, leader=null, voted=omNode-2, raftlog=Memoized:omNode-3@group-523986131536-SegmentedRaftLog:OPENED:c338:last(t:17, i:339), conf=conf: {index: 338, cur=peers:[omNode-3|localhost:15017, omNode-1|localhost:15009, omNode-2|localhost:15013]|listeners:[], old=null}
2025-04-24 14:04:37,513 [omNode-2@group-523986131536-LeaderElection35] INFO  impl.LeaderElection (LeaderElection.java:logAndReturn(90)) - omNode-2@group-523986131536-LeaderElection35: ELECTION PASSED received 1 response(s) and 1 exception(s):
2025-04-24 14:04:37,513 [omNode-2@group-523986131536-LeaderElection35] INFO  impl.LeaderElection (LeaderElection.java:logAndReturn(94)) -   Response 0: omNode-2<-omNode-3#0:OK-t18
2025-04-24 14:04:37,513 [omNode-2@group-523986131536-LeaderElection35] INFO  impl.LeaderElection (LogUtils.java:infoOrTrace(136)) -   Exception 1: java.util.concurrent.ExecutionException: org.apache.ratis.thirdparty.io.grpc.StatusRuntimeException: UNAVAILABLE: io exception
2025-04-24 14:04:37,513 [omNode-2@group-523986131536-LeaderElection35] INFO  impl.LeaderElection (LeaderElection.java:askForVotes(334)) - omNode-2@group-523986131536-LeaderElection35 ELECTION round 0: result PASSED
2025-04-24 14:04:37,513 [omNode-2@group-523986131536-LeaderElection35] INFO  impl.RoleInfo (RoleInfo.java:shutdownLeaderElection(141)) - omNode-2: shutdown omNode-2@group-523986131536-LeaderElection35
2025-04-24 14:04:37,513 [omNode-2@group-523986131536-LeaderElection35] INFO  server.RaftServer$Division (RaftServerImpl.java:setRole(378)) - omNode-2@group-523986131536: changes role from CANDIDATE to LEADER at term 18 for changeToLeader
2025-04-24 14:04:37,513 [omNode-2@group-523986131536-LeaderElection35] INFO  server.RaftServerConfigKeys (ConfUtils.java:logGet(46)) - raft.server.staging.catchup.gap = 1000 (default)
2025-04-24 14:04:37,513 [omNode-2@group-523986131536-LeaderElection35] INFO  server.RaftServerConfigKeys (ConfUtils.java:logGet(46)) - raft.server.write.element-limit = 4096 (default)
2025-04-24 14:04:37,513 [omNode-2@group-523986131536-LeaderElection35] INFO  server.RaftServerConfigKeys (ConfUtils.java:logGet(46)) - raft.server.write.byte-limit = 64MB (=67108864) (default)
2025-04-24 14:04:37,513 [omNode-2@group-523986131536-LeaderElection35] INFO  server.RaftServerConfigKeys (ConfUtils.java:logGet(46)) - raft.server.watch.timeout = 10s (default)
2025-04-24 14:04:37,513 [omNode-2@group-523986131536-LeaderElection35] INFO  server.RaftServerConfigKeys (ConfUtils.java:logGet(46)) - raft.server.watch.timeout.denomination = 1s (default)
2025-04-24 14:04:37,513 [omNode-2@group-523986131536-LeaderElection35] INFO  server.RaftServerConfigKeys (ConfUtils.java:logGet(46)) - raft.server.watch.element-limit = 65536 (default)
2025-04-24 14:04:37,514 [omNode-2@group-523986131536-LeaderElection35] INFO  server.RaftServerConfigKeys (ConfUtils.java:logGet(46)) - raft.server.read.leader.lease.enabled = false (default)
2025-04-24 14:04:37,514 [omNode-2@group-523986131536-LeaderElection35] INFO  server.RaftServerConfigKeys (ConfUtils.java:logGet(46)) - raft.server.read.leader.lease.timeout.ratio = 0.9 (default)
2025-04-24 14:04:37,514 [omNode-2@group-523986131536-LeaderElection35] INFO  server.RaftServerConfigKeys (ConfUtils.java:logGet(46)) - raft.server.rpc.timeout.min = 1s (custom)
2025-04-24 14:04:37,514 [omNode-2@group-523986131536-LeaderElection35] INFO  server.RaftServerConfigKeys (ConfUtils.java:logGet(46)) - raft.server.log.log-metadata.enabled = true (default)
2025-04-24 14:04:37,514 [omNode-2@group-523986131536-LeaderElection35] INFO  server.RaftServerConfigKeys (ConfUtils.java:logGet(46)) - raft.server.write.element-limit = 4096 (default)
2025-04-24 14:04:37,514 [omNode-2@group-523986131536-LeaderElection35] INFO  server.RaftServerConfigKeys (ConfUtils.java:logGet(46)) - raft.server.write.follower.gap.ratio.max = -1.0 (default)
2025-04-24 14:04:37,514 [omNode-2@group-523986131536-LeaderElection35] INFO  server.RaftServerConfigKeys (ConfUtils.java:logGet(46)) - raft.server.log.appender.snapshot.chunk.size.max = 16MB (=16777216) (default)
2025-04-24 14:04:37,514 [omNode-2@group-523986131536-LeaderElection35] INFO  server.RaftServerConfigKeys (ConfUtils.java:logGet(46)) - raft.server.log.appender.buffer.byte-limit = 4194304 (custom)
2025-04-24 14:04:37,514 [omNode-2@group-523986131536-LeaderElection35] INFO  server.RaftServerConfigKeys (ConfUtils.java:logGet(46)) - raft.server.log.appender.buffer.element-limit = 1024 (custom)
2025-04-24 14:04:37,514 [omNode-2@group-523986131536-LeaderElection35] INFO  server.RaftServerConfigKeys (ConfUtils.java:logGet(46)) - raft.server.log.appender.wait-time.min = 0ms (custom)
2025-04-24 14:04:37,515 [omNode-2@group-523986131536-LeaderElection35] INFO  grpc.GrpcConfigKeys (ConfUtils.java:logGet(46)) - raft.grpc.server.leader.outstanding.appends.max = 8 (default)
2025-04-24 14:04:37,515 [omNode-2@group-523986131536-LeaderElection35] INFO  server.RaftServerConfigKeys (ConfUtils.java:logGet(46)) - raft.server.rpc.request.timeout = 3000ms (default)
2025-04-24 14:04:37,515 [omNode-2@group-523986131536-LeaderElection35] INFO  grpc.GrpcConfigKeys (ConfUtils.java:logGet(46)) - raft.grpc.server.install_snapshot.request.element-limit = 8 (default)
2025-04-24 14:04:37,515 [omNode-2@group-523986131536-LeaderElection35] INFO  grpc.GrpcConfigKeys (ConfUtils.java:logGet(46)) - raft.grpc.server.install_snapshot.request.timeout = 3000ms (default)
2025-04-24 14:04:37,515 [omNode-2@group-523986131536-LeaderElection35] INFO  grpc.GrpcConfigKeys (ConfUtils.java:logGet(46)) - raft.grpc.server.log-message.batch.duration = 5s (default)
2025-04-24 14:04:37,515 [omNode-2@group-523986131536-LeaderElection35] INFO  server.RaftServerConfigKeys (ConfUtils.java:logGet(46)) - raft.server.log.appender.install.snapshot.enabled = false (custom)
2025-04-24 14:04:37,515 [omNode-2@group-523986131536-LeaderElection35] INFO  grpc.GrpcConfigKeys (ConfUtils.java:logGet(46)) - raft.grpc.server.heartbeat.channel = true (default)
2025-04-24 14:04:37,515 [omNode-2@group-523986131536-LeaderElection35] INFO  server.RaftServerConfigKeys (ConfUtils.java:logGet(46)) - raft.server.log.appender.snapshot.chunk.size.max = 16MB (=16777216) (default)
2025-04-24 14:04:37,515 [omNode-2@group-523986131536-LeaderElection35] INFO  server.RaftServerConfigKeys (ConfUtils.java:logGet(46)) - raft.server.log.appender.buffer.byte-limit = 4194304 (custom)
2025-04-24 14:04:37,516 [omNode-2@group-523986131536-LeaderElection35] INFO  server.RaftServerConfigKeys (ConfUtils.java:logGet(46)) - raft.server.log.appender.buffer.element-limit = 1024 (custom)
2025-04-24 14:04:37,516 [omNode-2@group-523986131536-LeaderElection35] INFO  server.RaftServerConfigKeys (ConfUtils.java:logGet(46)) - raft.server.log.appender.wait-time.min = 0ms (custom)
2025-04-24 14:04:37,516 [omNode-2@group-523986131536-LeaderElection35] INFO  grpc.GrpcConfigKeys (ConfUtils.java:logGet(46)) - raft.grpc.server.leader.outstanding.appends.max = 8 (default)
2025-04-24 14:04:37,516 [omNode-2@group-523986131536-LeaderElection35] INFO  server.RaftServerConfigKeys (ConfUtils.java:logGet(46)) - raft.server.rpc.request.timeout = 3000ms (default)
2025-04-24 14:04:37,516 [omNode-2@group-523986131536-LeaderElection35] INFO  grpc.GrpcConfigKeys (ConfUtils.java:logGet(46)) - raft.grpc.server.install_snapshot.request.element-limit = 8 (default)
2025-04-24 14:04:37,516 [omNode-2@group-523986131536-LeaderElection35] INFO  grpc.GrpcConfigKeys (ConfUtils.java:logGet(46)) - raft.grpc.server.install_snapshot.request.timeout = 3000ms (default)
2025-04-24 14:04:37,516 [omNode-2@group-523986131536-LeaderElection35] INFO  grpc.GrpcConfigKeys (ConfUtils.java:logGet(46)) - raft.grpc.server.log-message.batch.duration = 5s (default)
2025-04-24 14:04:37,516 [omNode-2@group-523986131536-LeaderElection35] INFO  server.RaftServerConfigKeys (ConfUtils.java:logGet(46)) - raft.server.log.appender.install.snapshot.enabled = false (custom)
2025-04-24 14:04:37,516 [omNode-2@group-523986131536-LeaderElection35] INFO  grpc.GrpcConfigKeys (ConfUtils.java:logGet(46)) - raft.grpc.server.heartbeat.channel = true (default)
2025-04-24 14:04:37,516 [omNode-2@group-523986131536-LeaderElection35] INFO  impl.RoleInfo (RoleInfo.java:updateAndGet(148)) - omNode-2: start omNode-2@group-523986131536-LeaderStateImpl
2025-04-24 14:04:37,516 [omNode-2@group-523986131536-LeaderElection35] INFO  ratis.OzoneManagerStateMachine (OzoneManagerStateMachine.java:notifyLeaderChanged(169)) - omNode-2@group-523986131536: leader changed to omNode-2
2025-04-24 14:04:37,516 [omNode-2@group-523986131536-LeaderElection35] INFO  server.RaftServer$Division (ServerState.java:setLeader(272)) - omNode-2@group-523986131536: change Leader from null to omNode-2 at term 18 for becomeLeader, leader elected after 12ms
2025-04-24 14:04:37,516 [omNode-2@group-523986131536-LeaderElection35] INFO  segmented.SegmentedRaftLogWorker (SegmentedRaftLogWorker.java:rollLogSegment(443)) - omNode-2@group-523986131536-SegmentedRaftLogWorker: Rolling segment log-338_339 to index:339
2025-04-24 14:04:37,517 [omNode-2@group-523986131536-LeaderElection35] INFO  server.RaftServer$Division (ServerState.java:setRaftConf(386)) - omNode-2@group-523986131536: set configuration conf: {index: 340, cur=peers:[omNode-3|localhost:15017, omNode-1|localhost:15009, omNode-2|localhost:15013]|listeners:[], old=null}
2025-04-24 14:04:37,518 [omNode-2@group-523986131536-SegmentedRaftLogWorker] INFO  segmented.SegmentedRaftLogWorker (SegmentedRaftLogWorker.java:execute(601)) - omNode-2@group-523986131536-SegmentedRaftLogWorker: Rolled log segment from /home/runner/work/ozone/ozone/hadoop-ozone/integration-test/target/test-dir/MiniOzoneClusterImpl-4e6105ad-12bc-4f18-9d37-351d73277e17/omNode-2/ratis/c9bc4cf4-3bc3-3c60-a66b-523986131536/current/log_inprogress_338 to /home/runner/work/ozone/ozone/hadoop-ozone/integration-test/target/test-dir/MiniOzoneClusterImpl-4e6105ad-12bc-4f18-9d37-351d73277e17/omNode-2/ratis/c9bc4cf4-3bc3-3c60-a66b-523986131536/current/log_338-339
2025-04-24 14:04:37,518 [grpc-default-executor-3] WARN  server.GrpcLogAppender (LogUtils.java:warn(121)) - omNode-2@group-523986131536->omNode-1-AppendLogResponseHandler: Failed appendEntries: org.apache.ratis.thirdparty.io.grpc.StatusRuntimeException: UNAVAILABLE: io exception
2025-04-24 14:04:37,518 [omNode-2@group-523986131536-SegmentedRaftLogWorker] INFO  segmented.BufferedWriteChannel (BufferedWriteChannel.java:open(61)) - open log_inprogress_340 at position 0
2025-04-24 14:04:37,518 [grpc-default-executor-3] WARN  server.GrpcLogAppender (GrpcLogAppender.java:lambda$resetClient$1(221)) - omNode-2@group-523986131536->omNode-1-GrpcLogAppender: Follower failed (request=null, errorCount=1); keep nextIndex (340) unchanged and retry.
2025-04-24 14:04:37,520 [grpc-default-executor-2] WARN  server.GrpcLogAppender (GrpcLogAppender.java:lambda$resetClient$1(221)) - omNode-2@group-523986131536->omNode-1-GrpcLogAppender: Follower failed (request=null, errorCount=3); keep nextIndex (341) unchanged and retry.
2025-04-24 14:04:37,522 [omNode-3-server-thread1] INFO  ratis.OzoneManagerStateMachine (OzoneManagerStateMachine.java:notifyLeaderChanged(169)) - omNode-3@group-523986131536: leader changed to omNode-2
2025-04-24 14:04:37,522 [omNode-3-server-thread1] INFO  server.RaftServer$Division (ServerState.java:setLeader(272)) - omNode-3@group-523986131536: change Leader from null to omNode-2 at term 18 for appendEntries, leader elected after 10ms
2025-04-24 14:04:37,522 [omNode-3-server-thread1] INFO  server.RaftServer$Division (ServerState.java:setRaftConf(386)) - omNode-3@group-523986131536: set configuration conf: {index: 340, cur=peers:[omNode-3|localhost:15017, omNode-1|localhost:15009, omNode-2|localhost:15013]|listeners:[], old=null}
2025-04-24 14:04:37,522 [omNode-3-server-thread1] INFO  segmented.SegmentedRaftLogWorker (SegmentedRaftLogWorker.java:rollLogSegment(443)) - omNode-3@group-523986131536-SegmentedRaftLogWorker: Rolling segment log-338_339 to index:339
2025-04-24 14:04:37,524 [omNode-3@group-523986131536-SegmentedRaftLogWorker] INFO  segmented.SegmentedRaftLogWorker (SegmentedRaftLogWorker.java:execute(601)) - omNode-3@group-523986131536-SegmentedRaftLogWorker: Rolled log segment from /home/runner/work/ozone/ozone/hadoop-ozone/integration-test/target/test-dir/MiniOzoneClusterImpl-4e6105ad-12bc-4f18-9d37-351d73277e17/omNode-3/ratis/c9bc4cf4-3bc3-3c60-a66b-523986131536/current/log_inprogress_338 to /home/runner/work/ozone/ozone/hadoop-ozone/integration-test/target/test-dir/MiniOzoneClusterImpl-4e6105ad-12bc-4f18-9d37-351d73277e17/omNode-3/ratis/c9bc4cf4-3bc3-3c60-a66b-523986131536/current/log_338-339
2025-04-24 14:04:37,524 [omNode-3@group-523986131536-SegmentedRaftLogWorker] INFO  segmented.BufferedWriteChannel (BufferedWriteChannel.java:open(61)) - open log_inprogress_340 at position 0
2025-04-24 14:04:37,533 [omNode-2@group-523986131536-SegmentedRaftLogWorker] INFO  segmented.SegmentedRaftLogWorker (SegmentedRaftLogWorker.java:execute(644)) - omNode-2@group-523986131536-SegmentedRaftLogWorker: created new log segment /home/runner/work/ozone/ozone/hadoop-ozone/integration-test/target/test-dir/MiniOzoneClusterImpl-4e6105ad-12bc-4f18-9d37-351d73277e17/omNode-2/ratis/c9bc4cf4-3bc3-3c60-a66b-523986131536/current/log_inprogress_340
2025-04-24 14:04:37,533 [omNode-3@group-523986131536-SegmentedRaftLogWorker] INFO  segmented.SegmentedRaftLogWorker (SegmentedRaftLogWorker.java:execute(644)) - omNode-3@group-523986131536-SegmentedRaftLogWorker: created new log segment /home/runner/work/ozone/ozone/hadoop-ozone/integration-test/target/test-dir/MiniOzoneClusterImpl-4e6105ad-12bc-4f18-9d37-351d73277e17/omNode-3/ratis/c9bc4cf4-3bc3-3c60-a66b-523986131536/current/log_inprogress_340
2025-04-24 14:04:37,535 [grpc-default-executor-6] WARN  server.GrpcLogAppender (GrpcLogAppender.java:lambda$resetClient$1(221)) - omNode-2@group-523986131536->omNode-1-GrpcLogAppender: Follower failed (request=null, errorCount=5); keep nextIndex (342) unchanged and retry.
2025-04-24 14:04:37,536 [omNode-2@group-523986131536-StateMachineUpdater] INFO  ratis.OzoneManagerStateMachine (OzoneManagerStateMachine.java:notifyConfigurationChanged(231)) - notifyConfigurationChanged from Ratis: term=18, index=340, New Peer list: omNode-3(localhost:15017), omNode-1(localhost:15009), omNode-2(localhost:15013)
2025-04-24 14:04:37,536 [omNode-2@group-523986131536-StateMachineUpdater] INFO  server.RaftServer$Division (LeaderStateImpl.java:checkStartIndex(313)) - Leader omNode-2@group-523986131536-LeaderStateImpl is ready since appliedIndex == startIndex == 340
2025-04-24 14:04:37,536 [omNode-3@group-523986131536-StateMachineUpdater] INFO  ratis.OzoneManagerStateMachine (OzoneManagerStateMachine.java:notifyConfigurationChanged(231)) - notifyConfigurationChanged from Ratis: term=18, index=340, New Peer list: omNode-3(localhost:15017), omNode-1(localhost:15009), omNode-2(localhost:15013)
2025-04-24 14:04:37,625 [main] INFO  rpc.RpcClient (RpcClient.java:createVolume(462)) - Creating Volume: volume28315, with user10156 as owner and space quota set to -1 bytes, counts quota set to -1
2025-04-24 14:04:37,626 [main] INFO  retry.RetryInvocationHandler (RetryInvocationHandler.java:log(426)) - com.google.protobuf.ServiceException: java.io.EOFException: End of File Exception between local host is: "fv-az2210-761/10.1.0.107"; destination host is: "localhost":15006; : java.io.EOFException; For more details see:  http://wiki.apache.org/hadoop/EOFException, while invoking $Proxy68.submitRequest over nodeId=omNode-1,nodeAddress=127.0.0.1:15006. Trying to failover immediately. Current retry count: 0.
2025-04-24 14:04:37,630 [grpc-default-executor-2] WARN  server.GrpcLogAppender (GrpcLogAppender.java:lambda$resetClient$1(221)) - omNode-2@group-523986131536->omNode-1-GrpcLogAppender: Follower failed (request=null, errorCount=7); keep nextIndex (343) unchanged and retry.
2025-04-24 14:04:37,631 [grpc-default-executor-0] WARN  server.GrpcLogAppender (GrpcLogAppender.java:lambda$resetClient$1(221)) - omNode-2@group-523986131536->omNode-1-GrpcLogAppender: Follower failed (request=null, errorCount=9); keep nextIndex (344) unchanged and retry.
2025-04-24 14:04:37,641 [omNode-2-OMStateMachineApplyTransactionThread - 0] WARN  helpers.OzoneAclUtil (OzoneAclUtil.java:getDefaultAclList(77)) - Failed to get primary group from user user10156 (auth:SIMPLE)
2025-04-24 14:04:37,641 [omNode-3-OMStateMachineApplyTransactionThread - 0] WARN  helpers.OzoneAclUtil (OzoneAclUtil.java:getDefaultAclList(77)) - Failed to get primary group from user user10156 (auth:SIMPLE)
2025-04-24 14:04:37,641 [omNode-2-OMStateMachineApplyTransactionThread - 0] INFO  volume.OMVolumeCreateRequest (OMVolumeCreateRequest.java:validateAndUpdateCache(203)) - created volume:volume28315 for user:user10156
2025-04-24 14:04:37,641 [omNode-3-OMStateMachineApplyTransactionThread - 0] INFO  volume.OMVolumeCreateRequest (OMVolumeCreateRequest.java:validateAndUpdateCache(203)) - created volume:volume28315 for user:user10156
2025-04-24 14:04:37,644 [main] INFO  rpc.RpcClient (RpcClient.java:createBucket(687)) - Creating Bucket: volume28315/c7715173-1081-4dd7-954a-1ef86eb25aca, with server-side default bucket layout, runner as owner, Versioning false, Storage Type set to DISK and Encryption set to false, Replication Type set to server-side default replication type, Namespace Quota set to -1, Space Quota set to -1 
2025-04-24 14:04:37,645 [grpc-default-executor-0] WARN  server.GrpcLogAppender (GrpcLogAppender.java:lambda$resetClient$1(221)) - omNode-2@group-523986131536->omNode-1-GrpcLogAppender: Follower failed (request=null, errorCount=11); keep nextIndex (345) unchanged and retry.
2025-04-24 14:04:37,647 [omNode-2-OMStateMachineApplyTransactionThread - 0] INFO  bucket.OMBucketCreateRequest (OMBucketCreateRequest.java:validateAndUpdateCache(291)) - created bucket: c7715173-1081-4dd7-954a-1ef86eb25aca of layout OBJECT_STORE in volume: volume28315
2025-04-24 14:04:37,647 [grpc-default-executor-6] WARN  server.GrpcLogAppender (GrpcLogAppender.java:lambda$resetClient$1(221)) - omNode-2@group-523986131536->omNode-1-GrpcLogAppender: Follower failed (request=null, errorCount=13); keep nextIndex (346) unchanged and retry.
2025-04-24 14:04:37,648 [omNode-3-OMStateMachineApplyTransactionThread - 0] INFO  bucket.OMBucketCreateRequest (OMBucketCreateRequest.java:validateAndUpdateCache(291)) - created bucket: c7715173-1081-4dd7-954a-1ef86eb25aca of layout OBJECT_STORE in volume: volume28315
2025-04-24 14:04:37,654 [grpc-default-executor-6] WARN  server.GrpcLogAppender (GrpcLogAppender.java:lambda$resetClient$1(221)) - omNode-2@group-523986131536->omNode-1-GrpcLogAppender: Follower failed (request=null, errorCount=15); keep nextIndex (347) unchanged and retry.
2025-04-24 14:04:37,656 [grpc-default-executor-0] WARN  server.GrpcLogAppender (GrpcLogAppender.java:lambda$resetClient$1(221)) - omNode-2@group-523986131536->omNode-1-GrpcLogAppender: Follower failed (request=null, errorCount=17); keep nextIndex (348) unchanged and retry.
2025-04-24 14:04:37,661 [omNode-2-OMStateMachineApplyTransactionThread - 0] ERROR key.OMKeyCreateRequest (OMKeyCreateRequest.java:logResult(379)) - Key creation failed. Volume:volume28315, Bucket:c7715173-1081-4dd7-954a-1ef86eb25aca, Key:7f77e129-bca3-4916-aecb-6dc470979ffb. 
com.google.protobuf.InvalidProtocolBufferException: Message missing required fields: volumeName, bucketName, keyName, dataSize, type, creationTime, modificationTime
	at com.google.protobuf.UninitializedMessageException.asInvalidProtocolBufferException(UninitializedMessageException.java:81)
	at com.google.protobuf.AbstractParser.checkMessageInitialized(AbstractParser.java:71)
	at com.google.protobuf.AbstractParser.parseFrom(AbstractParser.java:217)
	at com.google.protobuf.AbstractParser.parseFrom(AbstractParser.java:223)
	at com.google.protobuf.AbstractParser.parseFrom(AbstractParser.java:49)
	at org.apache.hadoop.hdds.utils.db.Proto2Codec.fromCodecBuffer(Proto2Codec.java:84)
	at org.apache.hadoop.hdds.utils.db.Proto2Codec.fromCodecBuffer(Proto2Codec.java:34)
	at org.apache.hadoop.hdds.utils.db.DelegatedCodec.fromCodecBuffer(DelegatedCodec.java:83)
	at org.apache.hadoop.hdds.utils.db.TypedTable.getFromTable(TypedTable.java:371)
	at org.apache.hadoop.hdds.utils.db.TypedTable.getFromTableIfExist(TypedTable.java:393)
	at org.apache.hadoop.hdds.utils.db.TypedTable.getIfExist(TypedTable.java:310)
	at org.apache.hadoop.ozone.om.request.key.OMKeyCreateRequest.validateAndUpdateCache(OMKeyCreateRequest.java:228)
	at org.apache.hadoop.ozone.protocolPB.OzoneManagerRequestHandler.lambda$0(OzoneManagerRequestHandler.java:419)
	at org.apache.hadoop.ozone.util.MetricUtil.captureLatencyNs(MetricUtil.java:45)
	at org.apache.hadoop.ozone.protocolPB.OzoneManagerRequestHandler.handleWriteRequestImpl(OzoneManagerRequestHandler.java:417)
	at org.apache.hadoop.ozone.protocolPB.RequestHandler.handleWriteRequest(RequestHandler.java:62)
	at org.apache.hadoop.ozone.om.ratis.OzoneManagerStateMachine.runCommand(OzoneManagerStateMachine.java:563)
	at org.apache.hadoop.ozone.om.ratis.OzoneManagerStateMachine.lambda$2(OzoneManagerStateMachine.java:379)
	at java.base/java.util.concurrent.CompletableFuture$AsyncSupply.run(CompletableFuture.java:1768)
	at java.base/java.util.concurrent.ThreadPoolExecutor.runWorker(ThreadPoolExecutor.java:1144)
	at java.base/java.util.concurrent.ThreadPoolExecutor$Worker.run(ThreadPoolExecutor.java:642)
	at java.base/java.lang.Thread.run(Thread.java:1583)
14:04:37.662 [omNode-2-OMStateMachineApplyTransactionThread - 0] ERROR OMAudit - user=runner | ip=127.0.0.1 | op=ALLOCATE_KEY {volume=volume28315, bucket=c7715173-1081-4dd7-954a-1ef86eb25aca, key=7f77e129-bca3-4916-aecb-6dc470979ffb, dataSize=11, replicationType=RATIS, replicationFactor=ONE, Transaction=346} | ret=FAILURE
com.google.protobuf.InvalidProtocolBufferException: Message missing required fields: volumeName, bucketName, keyName, dataSize, type, creationTime, modificationTime
	at com.google.protobuf.UninitializedMessageException.asInvalidProtocolBufferException(UninitializedMessageException.java:81) ~[protobuf-java-2.5.0.jar:?]
	at com.google.protobuf.AbstractParser.checkMessageInitialized(AbstractParser.java:71) ~[protobuf-java-2.5.0.jar:?]
	at com.google.protobuf.AbstractParser.parseFrom(AbstractParser.java:217) ~[protobuf-java-2.5.0.jar:?]
	at com.google.protobuf.AbstractParser.parseFrom(AbstractParser.java:223) ~[protobuf-java-2.5.0.jar:?]
	at com.google.protobuf.AbstractParser.parseFrom(AbstractParser.java:49) ~[protobuf-java-2.5.0.jar:?]
	at org.apache.hadoop.hdds.utils.db.Proto2Codec.fromCodecBuffer(Proto2Codec.java:84) ~[hdds-common-2.1.0-SNAPSHOT.jar:?]
	at org.apache.hadoop.hdds.utils.db.Proto2Codec.fromCodecBuffer(Proto2Codec.java:34) ~[hdds-common-2.1.0-SNAPSHOT.jar:?]
	at org.apache.hadoop.hdds.utils.db.DelegatedCodec.fromCodecBuffer(DelegatedCodec.java:83) ~[hdds-common-2.1.0-SNAPSHOT.jar:?]
	at org.apache.hadoop.hdds.utils.db.TypedTable.getFromTable(TypedTable.java:371) ~[hdds-server-framework-2.1.0-SNAPSHOT.jar:?]
	at org.apache.hadoop.hdds.utils.db.TypedTable.getFromTableIfExist(TypedTable.java:393) ~[hdds-server-framework-2.1.0-SNAPSHOT.jar:?]
	at org.apache.hadoop.hdds.utils.db.TypedTable.getIfExist(TypedTable.java:310) ~[hdds-server-framework-2.1.0-SNAPSHOT.jar:?]
	at org.apache.hadoop.ozone.om.request.key.OMKeyCreateRequest.validateAndUpdateCache(OMKeyCreateRequest.java:228) ~[ozone-manager-2.1.0-SNAPSHOT.jar:?]
	at org.apache.hadoop.ozone.protocolPB.OzoneManagerRequestHandler.lambda$0(OzoneManagerRequestHandler.java:419) ~[ozone-manager-2.1.0-SNAPSHOT.jar:?]
	at org.apache.hadoop.ozone.util.MetricUtil.captureLatencyNs(MetricUtil.java:45) ~[hdds-common-2.1.0-SNAPSHOT.jar:?]
	at org.apache.hadoop.ozone.protocolPB.OzoneManagerRequestHandler.handleWriteRequestImpl(OzoneManagerRequestHandler.java:417) ~[ozone-manager-2.1.0-SNAPSHOT.jar:?]
	at org.apache.hadoop.ozone.protocolPB.RequestHandler.handleWriteRequest(RequestHandler.java:62) ~[ozone-manager-2.1.0-SNAPSHOT.jar:?]
	at org.apache.hadoop.ozone.om.ratis.OzoneManagerStateMachine.runCommand(OzoneManagerStateMachine.java:563) ~[ozone-manager-2.1.0-SNAPSHOT.jar:?]
	at org.apache.hadoop.ozone.om.ratis.OzoneManagerStateMachine.lambda$2(OzoneManagerStateMachine.java:379) ~[ozone-manager-2.1.0-SNAPSHOT.jar:?]
	at java.base/java.util.concurrent.CompletableFuture$AsyncSupply.run(CompletableFuture.java:1768) ~[?:?]
	at java.base/java.util.concurrent.ThreadPoolExecutor.runWorker(ThreadPoolExecutor.java:1144) ~[?:?]
	at java.base/java.util.concurrent.ThreadPoolExecutor$Worker.run(ThreadPoolExecutor.java:642) ~[?:?]
	at java.base/java.lang.Thread.run(Thread.java:1583) [?:?]
2025-04-24 14:04:37,720 [omNode-2-OMStateMachineApplyTransactionThread - 0] ERROR ratis.OzoneManagerStateMachine (ExitUtils.java:terminate(133)) - Terminating with exit status 1: OM Ratis Server has received unrecoverable error, to avoid further DB corruption, terminating OM. Error Response received is:cmdType: CreateKey
traceID: ""
success: false
message: "com.google.protobuf.InvalidProtocolBufferException: Message missing required fields: volumeName, bucketName, keyName, dataSize, type, creationTime, modificationTime\n\tat com.google.protobuf.UninitializedMessageException.asInvalidProtocolBufferException(UninitializedMessageException.java:81)\n\tat com.google.protobuf.AbstractParser.checkMessageInitialized(AbstractParser.java:71)\n\tat com.google.protobuf.AbstractParser.parseFrom(AbstractParser.java:217)\n\tat com.google.protobuf.AbstractParser.parseFrom(AbstractParser.java:223)\n\tat com.google.protobuf.AbstractParser.parseFrom(AbstractParser.java:49)\n\tat org.apache.hadoop.hdds.utils.db.Proto2Codec.fromCodecBuffer(Proto2Codec.java:84)\n\tat org.apache.hadoop.hdds.utils.db.Proto2Codec.fromCodecBuffer(Proto2Codec.java:34)\n\tat org.apache.hadoop.hdds.utils.db.DelegatedCodec.fromCodecBuffer(DelegatedCodec.java:83)\n\tat org.apache.hadoop.hdds.utils.db.TypedTable.getFromTable(TypedTable.java:371)\n\tat org.apache.hadoop.hdds.utils.db.TypedTable.getFromTableIfExist(TypedTable.java:393)\n\tat org.apache.hadoop.hdds.utils.db.TypedTable.getIfExist(TypedTable.java:310)\n\tat org.apache.hadoop.ozone.om.request.key.OMKeyCreateRequest.validateAndUpdateCache(OMKeyCreateRequest.java:228)\n\tat org.apache.hadoop.ozone.protocolPB.OzoneManagerRequestHandler.lambda$0(OzoneManagerRequestHandler.java:419)\n\tat org.apache.hadoop.ozone.util.MetricUtil.captureLatencyNs(MetricUtil.java:45)\n\tat org.apache.hadoop.ozone.protocolPB.OzoneManagerRequestHandler.handleWriteRequestImpl(OzoneManagerRequestHandler.java:417)\n\tat org.apache.hadoop.ozone.protocolPB.RequestHandler.handleWriteRequest(RequestHandler.java:62)\n\tat org.apache.hadoop.ozone.om.ratis.OzoneManagerStateMachine.runCommand(OzoneManagerStateMachine.java:563)\n\tat org.apache.hadoop.ozone.om.ratis.OzoneManagerStateMachine.lambda$2(OzoneManagerStateMachine.java:379)\n\tat java.base/java.util.concurrent.CompletableFuture$AsyncSupply.run(CompletableFuture.java:1768)\n\tat java.base/java.util.concurrent.ThreadPoolExecutor.runWorker(ThreadPoolExecutor.java:1144)\n\tat java.base/java.util.concurrent.ThreadPoolExecutor$Worker.run(ThreadPoolExecutor.java:642)\n\tat java.base/java.lang.Thread.run(Thread.java:1583)\n"
status: INTERNAL_ERROR
omLockDetails {
  isLockAcquired: false
  waitLockNanos: 2916
  readLockNanos: 0
  writeLockNanos: 6019639
}

INTERNAL_ERROR org.apache.hadoop.ozone.om.exceptions.OMException: com.google.protobuf.InvalidProtocolBufferException: Message missing required fields: volumeName, bucketName, keyName, dataSize, type, creationTime, modificationTime
	at com.google.protobuf.UninitializedMessageException.asInvalidProtocolBufferException(UninitializedMessageException.java:81)
	at com.google.protobuf.AbstractParser.checkMessageInitialized(AbstractParser.java:71)
	at com.google.protobuf.AbstractParser.parseFrom(AbstractParser.java:217)
	at com.google.protobuf.AbstractParser.parseFrom(AbstractParser.java:223)
	at com.google.protobuf.AbstractParser.parseFrom(AbstractParser.java:49)
	at org.apache.hadoop.hdds.utils.db.Proto2Codec.fromCodecBuffer(Proto2Codec.java:84)
	at org.apache.hadoop.hdds.utils.db.Proto2Codec.fromCodecBuffer(Proto2Codec.java:34)
	at org.apache.hadoop.hdds.utils.db.DelegatedCodec.fromCodecBuffer(DelegatedCodec.java:83)
	at org.apache.hadoop.hdds.utils.db.TypedTable.getFromTable(TypedTable.java:371)
	at org.apache.hadoop.hdds.utils.db.TypedTable.getFromTableIfExist(TypedTable.java:393)
	at org.apache.hadoop.hdds.utils.db.TypedTable.getIfExist(TypedTable.java:310)
	at org.apache.hadoop.ozone.om.request.key.OMKeyCreateRequest.validateAndUpdateCache(OMKeyCreateRequest.java:228)
	at org.apache.hadoop.ozone.protocolPB.OzoneManagerRequestHandler.lambda$0(OzoneManagerRequestHandler.java:419)
	at org.apache.hadoop.ozone.util.MetricUtil.captureLatencyNs(MetricUtil.java:45)
	at org.apache.hadoop.ozone.protocolPB.OzoneManagerRequestHandler.handleWriteRequestImpl(OzoneManagerRequestHandler.java:417)
	at org.apache.hadoop.ozone.protocolPB.RequestHandler.handleWriteRequest(RequestHandler.java:62)
	at org.apache.hadoop.ozone.om.ratis.OzoneManagerStateMachine.runCommand(OzoneManagerStateMachine.java:563)
	at org.apache.hadoop.ozone.om.ratis.OzoneManagerStateMachine.lambda$2(OzoneManagerStateMachine.java:379)
	at java.base/java.util.concurrent.CompletableFuture$AsyncSupply.run(CompletableFuture.java:1768)
	at java.base/java.util.concurrent.ThreadPoolExecutor.runWorker(ThreadPoolExecutor.java:1144)
	at java.base/java.util.concurrent.ThreadPoolExecutor$Worker.run(ThreadPoolExecutor.java:642)
	at java.base/java.lang.Thread.run(Thread.java:1583)

	at org.apache.hadoop.ozone.om.ratis.OzoneManagerStateMachine.terminate(OzoneManagerStateMachine.java:403)
	at org.apache.hadoop.ozone.om.ratis.OzoneManagerStateMachine.processResponse(OzoneManagerStateMachine.java:392)
	at java.base/java.util.concurrent.CompletableFuture$UniApply.tryFire(CompletableFuture.java:646)
	at java.base/java.util.concurrent.CompletableFuture.postComplete(CompletableFuture.java:510)
	at java.base/java.util.concurrent.CompletableFuture$AsyncSupply.run(CompletableFuture.java:1773)
	at java.base/java.util.concurrent.ThreadPoolExecutor.runWorker(ThreadPoolExecutor.java:1144)
	at java.base/java.util.concurrent.ThreadPoolExecutor$Worker.run(ThreadPoolExecutor.java:642)
	at java.base/java.lang.Thread.run(Thread.java:1583)
2025-04-24 14:04:37,721 [IPC Server handler 4 on default port 15010] ERROR ratis.OzoneManagerRatisServer (OzoneManagerRatisServer.java:exceptionToResponseStatus(591)) - Unknown error occurs
java.util.concurrent.CompletionException: org.apache.ratis.util.ExitUtils$ExitException: OM Ratis Server has received unrecoverable error, to avoid further DB corruption, terminating OM. Error Response received is:cmdType: CreateKey
traceID: ""
success: false
message: "com.google.protobuf.InvalidProtocolBufferException: Message missing required fields: volumeName, bucketName, keyName, dataSize, type, creationTime, modificationTime\n\tat com.google.protobuf.UninitializedMessageException.asInvalidProtocolBufferException(UninitializedMessageException.java:81)\n\tat com.google.protobuf.AbstractParser.checkMessageInitialized(AbstractParser.java:71)\n\tat com.google.protobuf.AbstractParser.parseFrom(AbstractParser.java:217)\n\tat com.google.protobuf.AbstractParser.parseFrom(AbstractParser.java:223)\n\tat com.google.protobuf.AbstractParser.parseFrom(AbstractParser.java:49)\n\tat org.apache.hadoop.hdds.utils.db.Proto2Codec.fromCodecBuffer(Proto2Codec.java:84)\n\tat org.apache.hadoop.hdds.utils.db.Proto2Codec.fromCodecBuffer(Proto2Codec.java:34)\n\tat org.apache.hadoop.hdds.utils.db.DelegatedCodec.fromCodecBuffer(DelegatedCodec.java:83)\n\tat org.apache.hadoop.hdds.utils.db.TypedTable.getFromTable(TypedTable.java:371)\n\tat org.apache.hadoop.hdds.utils.db.TypedTable.getFromTableIfExist(TypedTable.java:393)\n\tat org.apache.hadoop.hdds.utils.db.TypedTable.getIfExist(TypedTable.java:310)\n\tat org.apache.hadoop.ozone.om.request.key.OMKeyCreateRequest.validateAndUpdateCache(OMKeyCreateRequest.java:228)\n\tat org.apache.hadoop.ozone.protocolPB.OzoneManagerRequestHandler.lambda$0(OzoneManagerRequestHandler.java:419)\n\tat org.apache.hadoop.ozone.util.MetricUtil.captureLatencyNs(MetricUtil.java:45)\n\tat org.apache.hadoop.ozone.protocolPB.OzoneManagerRequestHandler.handleWriteRequestImpl(OzoneManagerRequestHandler.java:417)\n\tat org.apache.hadoop.ozone.protocolPB.RequestHandler.handleWriteRequest(RequestHandler.java:62)\n\tat org.apache.hadoop.ozone.om.ratis.OzoneManagerStateMachine.runCommand(OzoneManagerStateMachine.java:563)\n\tat org.apache.hadoop.ozone.om.ratis.OzoneManagerStateMachine.lambda$2(OzoneManagerStateMachine.java:379)\n\tat java.base/java.util.concurrent.CompletableFuture$AsyncSupply.run(CompletableFuture.java:1768)\n\tat java.base/java.util.concurrent.ThreadPoolExecutor.runWorker(ThreadPoolExecutor.java:1144)\n\tat java.base/java.util.concurrent.ThreadPoolExecutor$Worker.run(ThreadPoolExecutor.java:642)\n\tat java.base/java.lang.Thread.run(Thread.java:1583)\n"
status: INTERNAL_ERROR
omLockDetails {
  isLockAcquired: false
  waitLockNanos: 2916
  readLockNanos: 0
  writeLockNanos: 6019639
}

	at java.base/java.util.concurrent.CompletableFuture.encodeThrowable(CompletableFuture.java:315)
	at java.base/java.util.concurrent.CompletableFuture.completeThrowable(CompletableFuture.java:320)
	at java.base/java.util.concurrent.CompletableFuture$UniApply.tryFire(CompletableFuture.java:649)
	at java.base/java.util.concurrent.CompletableFuture.postComplete(CompletableFuture.java:510)
	at java.base/java.util.concurrent.CompletableFuture$AsyncSupply.run(CompletableFuture.java:1773)
	at java.base/java.util.concurrent.ThreadPoolExecutor.runWorker(ThreadPoolExecutor.java:1144)
	at java.base/java.util.concurrent.ThreadPoolExecutor$Worker.run(ThreadPoolExecutor.java:642)
	at java.base/java.lang.Thread.run(Thread.java:1583)
Caused by: org.apache.ratis.util.ExitUtils$ExitException: OM Ratis Server has received unrecoverable error, to avoid further DB corruption, terminating OM. Error Response received is:cmdType: CreateKey
traceID: ""
success: false
message: "com.google.protobuf.InvalidProtocolBufferException: Message missing required fields: volumeName, bucketName, keyName, dataSize, type, creationTime, modificationTime\n\tat com.google.protobuf.UninitializedMessageException.asInvalidProtocolBufferException(UninitializedMessageException.java:81)\n\tat com.google.protobuf.AbstractParser.checkMessageInitialized(AbstractParser.java:71)\n\tat com.google.protobuf.AbstractParser.parseFrom(AbstractParser.java:217)\n\tat com.google.protobuf.AbstractParser.parseFrom(AbstractParser.java:223)\n\tat com.google.protobuf.AbstractParser.parseFrom(AbstractParser.java:49)\n\tat org.apache.hadoop.hdds.utils.db.Proto2Codec.fromCodecBuffer(Proto2Codec.java:84)\n\tat org.apache.hadoop.hdds.utils.db.Proto2Codec.fromCodecBuffer(Proto2Codec.java:34)\n\tat org.apache.hadoop.hdds.utils.db.DelegatedCodec.fromCodecBuffer(DelegatedCodec.java:83)\n\tat org.apache.hadoop.hdds.utils.db.TypedTable.getFromTable(TypedTable.java:371)\n\tat org.apache.hadoop.hdds.utils.db.TypedTable.getFromTableIfExist(TypedTable.java:393)\n\tat org.apache.hadoop.hdds.utils.db.TypedTable.getIfExist(TypedTable.java:310)\n\tat org.apache.hadoop.ozone.om.request.key.OMKeyCreateRequest.validateAndUpdateCache(OMKeyCreateRequest.java:228)\n\tat org.apache.hadoop.ozone.protocolPB.OzoneManagerRequestHandler.lambda$0(OzoneManagerRequestHandler.java:419)\n\tat org.apache.hadoop.ozone.util.MetricUtil.captureLatencyNs(MetricUtil.java:45)\n\tat org.apache.hadoop.ozone.protocolPB.OzoneManagerRequestHandler.handleWriteRequestImpl(OzoneManagerRequestHandler.java:417)\n\tat org.apache.hadoop.ozone.protocolPB.RequestHandler.handleWriteRequest(RequestHandler.java:62)\n\tat org.apache.hadoop.ozone.om.ratis.OzoneManagerStateMachine.runCommand(OzoneManagerStateMachine.java:563)\n\tat org.apache.hadoop.ozone.om.ratis.OzoneManagerStateMachine.lambda$2(OzoneManagerStateMachine.java:379)\n\tat java.base/java.util.concurrent.CompletableFuture$AsyncSupply.run(CompletableFuture.java:1768)\n\tat java.base/java.util.concurrent.ThreadPoolExecutor.runWorker(ThreadPoolExecutor.java:1144)\n\tat java.base/java.util.concurrent.ThreadPoolExecutor$Worker.run(ThreadPoolExecutor.java:642)\n\tat java.base/java.lang.Thread.run(Thread.java:1583)\n"
status: INTERNAL_ERROR
omLockDetails {
  isLockAcquired: false
  waitLockNanos: 2916
  readLockNanos: 0
  writeLockNanos: 6019639
}

	at org.apache.ratis.util.ExitUtils.terminate(ExitUtils.java:141)
	at org.apache.ratis.util.ExitUtils.terminate(ExitUtils.java:151)
	at org.apache.hadoop.ozone.om.ratis.OzoneManagerStateMachine.terminate(OzoneManagerStateMachine.java:408)
	at org.apache.hadoop.ozone.om.ratis.OzoneManagerStateMachine.processResponse(OzoneManagerStateMachine.java:392)
	at java.base/java.util.concurrent.CompletableFuture$UniApply.tryFire(CompletableFuture.java:646)
	... 5 more
Caused by: INTERNAL_ERROR org.apache.hadoop.ozone.om.exceptions.OMException: com.google.protobuf.InvalidProtocolBufferException: Message missing required fields: volumeName, bucketName, keyName, dataSize, type, creationTime, modificationTime
	at com.google.protobuf.UninitializedMessageException.asInvalidProtocolBufferException(UninitializedMessageException.java:81)
	at com.google.protobuf.AbstractParser.checkMessageInitialized(AbstractParser.java:71)
	at com.google.protobuf.AbstractParser.parseFrom(AbstractParser.java:217)
	at com.google.protobuf.AbstractParser.parseFrom(AbstractParser.java:223)
	at com.google.protobuf.AbstractParser.parseFrom(AbstractParser.java:49)
	at org.apache.hadoop.hdds.utils.db.Proto2Codec.fromCodecBuffer(Proto2Codec.java:84)
	at org.apache.hadoop.hdds.utils.db.Proto2Codec.fromCodecBuffer(Proto2Codec.java:34)
	at org.apache.hadoop.hdds.utils.db.DelegatedCodec.fromCodecBuffer(DelegatedCodec.java:83)
	at org.apache.hadoop.hdds.utils.db.TypedTable.getFromTable(TypedTable.java:371)
	at org.apache.hadoop.hdds.utils.db.TypedTable.getFromTableIfExist(TypedTable.java:393)
	at org.apache.hadoop.hdds.utils.db.TypedTable.getIfExist(TypedTable.java:310)
	at org.apache.hadoop.ozone.om.request.key.OMKeyCreateRequest.validateAndUpdateCache(OMKeyCreateRequest.java:228)
	at org.apache.hadoop.ozone.protocolPB.OzoneManagerRequestHandler.lambda$0(OzoneManagerRequestHandler.java:419)
	at org.apache.hadoop.ozone.util.MetricUtil.captureLatencyNs(MetricUtil.java:45)
	at org.apache.hadoop.ozone.protocolPB.OzoneManagerRequestHandler.handleWriteRequestImpl(OzoneManagerRequestHandler.java:417)
	at org.apache.hadoop.ozone.protocolPB.RequestHandler.handleWriteRequest(RequestHandler.java:62)
	at org.apache.hadoop.ozone.om.ratis.OzoneManagerStateMachine.runCommand(OzoneManagerStateMachine.java:563)
	at org.apache.hadoop.ozone.om.ratis.OzoneManagerStateMachine.lambda$2(OzoneManagerStateMachine.java:379)
	at java.base/java.util.concurrent.CompletableFuture$AsyncSupply.run(CompletableFuture.java:1768)
	at java.base/java.util.concurrent.ThreadPoolExecutor.runWorker(ThreadPoolExecutor.java:1144)
	at java.base/java.util.concurrent.ThreadPoolExecutor$Worker.run(ThreadPoolExecutor.java:642)
	at java.base/java.lang.Thread.run(Thread.java:1583)

	at org.apache.hadoop.ozone.om.ratis.OzoneManagerStateMachine.terminate(OzoneManagerStateMachine.java:403)
	... 7 more
2025-04-24 14:04:37,724 [main] INFO  om.OzoneManager (OzoneManager.java:stop(2347)) - omNode-3[localhost:15014]: Stopping Ozone Manager
2025-04-24 14:04:37,725 [main] INFO  ipc.Server (Server.java:stop(3697)) - Stopping server on 15014
2025-04-24 14:04:37,726 [IPC Server listener on 15014] INFO  ipc.Server (Server.java:run(1585)) - Stopping IPC Server listener on 15014
2025-04-24 14:04:37,727 [main] INFO  ratis.OzoneManagerRatisServer (OzoneManagerRatisServer.java:stop(634)) - Stopping org.apache.hadoop.ozone.om.ratis.OzoneManagerRatisServer@417b88ae at port 15017
2025-04-24 14:04:37,727 [main] INFO  server.RaftServer (RaftServerProxy.java:lambda$close$9(417)) - omNode-3: close
2025-04-24 14:04:37,727 [main] INFO  server.GrpcService (GrpcService.java:closeImpl(343)) - omNode-3: shutdown server GrpcServerProtocolService now
2025-04-24 14:04:37,727 [omNode-3-impl-thread1] INFO  server.RaftServer$Division (RaftServerImpl.java:lambda$close$1(513)) - omNode-3@group-523986131536: shutdown
2025-04-24 14:04:37,727 [omNode-3-impl-thread1] INFO  util.JmxRegister (JmxRegister.java:unregister(74)) - Successfully un-registered JMX Bean with object name Ratis:service=RaftServer,group=group-523986131536,id=omNode-3
2025-04-24 14:04:37,727 [omNode-3-impl-thread1] INFO  impl.RoleInfo (RoleInfo.java:shutdownFollowerState(121)) - omNode-3: shutdown omNode-3@group-523986131536-FollowerState
2025-04-24 14:04:37,728 [IPC Server Responder] INFO  ipc.Server (Server.java:run(1718)) - Stopping IPC Server Responder
2025-04-24 14:04:37,728 [omNode-3@group-523986131536-FollowerState] INFO  impl.FollowerState (FollowerState.java:runImpl(170)) - omNode-3@group-523986131536-FollowerState was interrupted
2025-04-24 14:04:37,728 [omNode-3-impl-thread1] INFO  impl.StateMachineUpdater (StateMachineUpdater.java:stopAndJoin(164)) - omNode-3@group-523986131536-StateMachineUpdater: set stopIndex = 346
2025-04-24 14:04:37,729 [grpc-default-executor-6] WARN  server.GrpcServerProtocolService (LogUtils.java:warn(121)) - omNode-3: APPEND_ENTRIES onError, lastRequest: null: org.apache.ratis.thirdparty.io.grpc.StatusRuntimeException: CANCELLED: client cancelled
2025-04-24 14:04:37,729 [grpc-default-executor-0] WARN  server.GrpcServerProtocolService (LogUtils.java:warn(121)) - omNode-3: APPEND_ENTRIES onError, lastRequest: omNode-2->omNode-3#12-t18,previous=(t:18, i:346),leaderCommit=346,initializing? false,entries: size=1, first=(t:18, i:347), METADATAENTRY(c:346): org.apache.ratis.thirdparty.io.grpc.StatusRuntimeException: CANCELLED: client cancelled
2025-04-24 14:04:37,729 [grpc-default-executor-0] WARN  server.GrpcLogAppender (LogUtils.java:warn(121)) - omNode-2@group-523986131536->omNode-3-AppendLogResponseHandler: Failed appendEntries: org.apache.ratis.thirdparty.io.grpc.StatusRuntimeException: CANCELLED: RST_STREAM closed stream. HTTP/2 error code: CANCEL
2025-04-24 14:04:37,729 [Thread-6437] INFO  server.GrpcServerProtocolClient (GrpcServerProtocolClient.java:close(105)) - omNode-1 Close channels
2025-04-24 14:04:37,730 [Thread-6438] INFO  server.GrpcServerProtocolClient (GrpcServerProtocolClient.java:close(105)) - omNode-2 Close channels
2025-04-24 14:04:37,729 [grpc-default-executor-0] WARN  server.GrpcLogAppender (GrpcLogAppender.java:lambda$resetClient$1(221)) - omNode-2@group-523986131536->omNode-3-GrpcLogAppender: Follower failed (request=null, errorCount=1); keep nextIndex (348) unchanged and retry.
2025-04-24 14:04:37,730 [main] INFO  server.GrpcService (GrpcService.java:closeImpl(352)) - omNode-3: shutdown server GrpcServerProtocolService successfully
2025-04-24 14:04:37,746 [omNode-3@group-523986131536-StateMachineUpdater] INFO  ratis.OzoneManagerStateMachine (OzoneManagerStateMachine.java:takeSnapshotImpl(510)) - omNode-3: taking snapshot. applied = (t:18, i:346), skipped = 344, notified = (t:18, i:345), current snapshot index = (t:18, i:346), took 17 ms
2025-04-24 14:04:37,746 [omNode-3@group-523986131536-StateMachineUpdater] INFO  impl.StateMachineUpdater (StateMachineUpdater.java:takeSnapshot(303)) - omNode-3@group-523986131536-StateMachineUpdater: Took a snapshot at index 346
2025-04-24 14:04:37,746 [omNode-3@group-523986131536-StateMachineUpdater] INFO  impl.StateMachineUpdater (StateMachineUpdater.java:lambda$new$0(102)) - omNode-3@group-523986131536-StateMachineUpdater: snapshotIndex: updateIncreasingly 335 -> 346
2025-04-24 14:04:37,746 [omNode-3@group-523986131536-StateMachineUpdater] INFO  impl.StateMachineUpdater (StateMachineUpdater.java:stop(141)) - omNode-3@group-523986131536-StateMachineUpdater: closing OzoneManagerStateMachine, lastApplied=(t:18, i:346)
2025-04-24 14:04:37,746 [omNode-3@group-523986131536-StateMachineUpdater] INFO  ratis.OzoneManagerStateMachine (OzoneManagerStateMachine.java:close(550)) - Stopping OzoneManagerStateMachine:omNode-3:group-523986131536.
2025-04-24 14:04:37,746 [omNode-3@group-523986131536-StateMachineUpdater] INFO  ratis.OzoneManagerDoubleBuffer (OzoneManagerDoubleBuffer.java:stopDaemon(500)) - Stopping OMDoubleBuffer flush thread
2025-04-24 14:04:37,747 [omNode-3-OMDoubleBufferFlushThread] INFO  ratis.OzoneManagerDoubleBuffer (OzoneManagerDoubleBuffer.java:canFlush(559)) - OMDoubleBuffer flush thread omNode-3-OMDoubleBufferFlushThread is interrupted and will exit.
2025-04-24 14:04:37,747 [omNode-3@group-523986131536-cacheEviction-AwaitToRun] INFO  util.AwaitToRun (AwaitToRun.java:run(49)) - omNode-3@group-523986131536-cacheEviction-AwaitToRun-AwaitForSignal is interrupted
2025-04-24 14:04:38,657 [omNode-3-impl-thread1] INFO  segmented.SegmentedRaftLogWorker (SegmentedRaftLogWorker.java:close(252)) - omNode-3@group-523986131536-SegmentedRaftLogWorker close()
2025-04-24 14:04:38,657 [JvmPauseMonitor35] INFO  util.JvmPauseMonitor (JvmPauseMonitor.java:run(152)) - JvmPauseMonitor-omNode-3: Stopped
2025-04-24 14:04:38,657 [main] INFO  utils.BackgroundService (BackgroundService.java:shutdown(161)) - Shutting down service KeyDeletingService
2025-04-24 14:04:38,658 [main] INFO  utils.BackgroundService (BackgroundService.java:shutdown(161)) - Shutting down service DirectoryDeletingService
2025-04-24 14:04:38,659 [main] INFO  utils.BackgroundService (BackgroundService.java:shutdown(161)) - Shutting down service OpenKeyCleanupService
2025-04-24 14:04:38,659 [main] INFO  utils.BackgroundService (BackgroundService.java:shutdown(161)) - Shutting down service SstFilteringService
2025-04-24 14:04:38,659 [main] INFO  utils.BackgroundService (BackgroundService.java:shutdown(161)) - Shutting down service SnapshotDeletingService
2025-04-24 14:04:38,660 [main] INFO  utils.BackgroundService (BackgroundService.java:shutdown(161)) - Shutting down service MultipartUploadCleanupService
2025-04-24 14:04:38,660 [main] INFO  handler.ContextHandler (ContextHandler.java:doStop(1159)) - Stopped o.e.j.w.WebAppContext@1a736ebd{ozoneManager,/,null,STOPPED}{file:/home/runner/work/ozone/ozone/hadoop-ozone/integration-test/target/test-classes/webapps/ozoneManager}
2025-04-24 14:04:38,661 [main] INFO  server.AbstractConnector (AbstractConnector.java:doStop(383)) - Stopped ServerConnector@337481ba{HTTP/1.1, (http/1.1)}{0.0.0.0:15015}
2025-04-24 14:04:38,661 [main] INFO  server.session (HouseKeeper.java:stopScavenging(149)) - node0 Stopped scavenging
2025-04-24 14:04:38,661 [main] INFO  handler.ContextHandler (ContextHandler.java:doStop(1159)) - Stopped o.e.j.s.ServletContextHandler@66e94ee1{static,/static,file:///home/runner/work/ozone/ozone/hadoop-ozone/integration-test/target/test-classes/webapps/static,STOPPED}
2025-04-24 14:04:38,661 [main] INFO  handler.ContextHandler (ContextHandler.java:doStop(1159)) - Stopped o.e.j.s.ServletContextHandler@300fa344{logs,/logs,file:///home/runner/work/ozone/ozone/hadoop-ozone/integration-test/target/log,STOPPED}
2025-04-24 14:04:38,662 [main] INFO  rocksdiff.RocksDBCheckpointDiffer (RocksDBCheckpointDiffer.java:close(304)) - Shutting down CompactionDagPruningService.
2025-04-24 14:04:38,664 [main] INFO  snapshot.SnapshotDiffManager (SnapshotDiffManager.java:closeExecutorService(1698)) - Shutting down executorService: 'SnapDiffExecutor'
2025-04-24 14:04:38,665 [main] INFO  utils.BackgroundService (BackgroundService.java:shutdown(161)) - Shutting down service SnapshotDiffCleanupService
2025-04-24 14:04:38,665 [main] INFO  om.OzoneManager (OzoneManager.java:stop(2347)) - omNode-1[localhost:15006]: Stopping Ozone Manager
2025-04-24 14:04:38,666 [main] INFO  om.OzoneManager (OzoneManager.java:stop(2347)) - omNode-2[localhost:15010]: Stopping Ozone Manager
2025-04-24 14:04:38,666 [main] INFO  ipc.Server (Server.java:stop(3697)) - Stopping server on 15010
2025-04-24 14:04:38,667 [IPC Server listener on 15010] INFO  ipc.Server (Server.java:run(1585)) - Stopping IPC Server listener on 15010
2025-04-24 14:04:38,668 [main] INFO  ratis.OzoneManagerRatisServer (OzoneManagerRatisServer.java:stop(634)) - Stopping org.apache.hadoop.ozone.om.ratis.OzoneManagerRatisServer@62af0bf2 at port 15013
2025-04-24 14:04:38,667 [IPC Server Responder] INFO  ipc.Server (Server.java:run(1718)) - Stopping IPC Server Responder
2025-04-24 14:04:38,668 [main] INFO  server.RaftServer (RaftServerProxy.java:lambda$close$9(417)) - omNode-2: close
2025-04-24 14:04:38,668 [omNode-2-impl-thread1] INFO  server.RaftServer$Division (RaftServerImpl.java:lambda$close$1(513)) - omNode-2@group-523986131536: shutdown
2025-04-24 14:04:38,668 [omNode-2-impl-thread1] INFO  util.JmxRegister (JmxRegister.java:unregister(74)) - Successfully un-registered JMX Bean with object name Ratis:service=RaftServer,group=group-523986131536,id=omNode-2
2025-04-24 14:04:38,668 [omNode-2-impl-thread1] INFO  impl.RoleInfo (RoleInfo.java:shutdownLeaderState(103)) - omNode-2: shutdown omNode-2@group-523986131536-LeaderStateImpl
2025-04-24 14:04:38,668 [omNode-2@group-523986131536->omNode-3-GrpcLogAppender-LogAppenderDaemon] WARN  server.GrpcLogAppender (GrpcLogAppender.java:mayWait(293)) - omNode-2@group-523986131536->omNode-3-GrpcLogAppender: Wait interrupted by java.lang.InterruptedException
2025-04-24 14:04:38,668 [omNode-2@group-523986131536->omNode-1-GrpcLogAppender-LogAppenderDaemon] WARN  server.GrpcLogAppender (GrpcLogAppender.java:mayWait(293)) - omNode-2@group-523986131536->omNode-1-GrpcLogAppender: Wait interrupted by java.lang.InterruptedException
2025-04-24 14:04:38,668 [omNode-2-impl-thread1] INFO  impl.PendingRequests (PendingRequests.java:sendNotLeaderResponses(287)) - omNode-2@group-523986131536-PendingRequests: sendNotLeaderResponses
2025-04-24 14:04:38,669 [main] INFO  server.GrpcService (GrpcService.java:closeImpl(343)) - omNode-2: shutdown server GrpcServerProtocolService now
2025-04-24 14:04:38,669 [omNode-2-impl-thread1] INFO  impl.StateMachineUpdater (StateMachineUpdater.java:stopAndJoin(164)) - omNode-2@group-523986131536-StateMachineUpdater: set stopIndex = 347
2025-04-24 14:04:38,670 [Thread-6543] INFO  server.GrpcServerProtocolClient (GrpcServerProtocolClient.java:close(105)) - omNode-3 Close channels
2025-04-24 14:04:38,670 [Thread-6544] INFO  server.GrpcServerProtocolClient (GrpcServerProtocolClient.java:close(105)) - omNode-1 Close channels
2025-04-24 14:04:38,670 [main] INFO  server.GrpcService (GrpcService.java:closeImpl(352)) - omNode-2: shutdown server GrpcServerProtocolService successfully
2025-04-24 14:04:38,683 [omNode-2@group-523986131536-StateMachineUpdater] INFO  ratis.OzoneManagerStateMachine (OzoneManagerStateMachine.java:takeSnapshotImpl(510)) - omNode-2: taking snapshot. applied = (t:18, i:347), skipped = 346, notified = (t:18, i:347), current snapshot index = (t:18, i:347), took 14 ms
2025-04-24 14:04:38,683 [omNode-2@group-523986131536-StateMachineUpdater] INFO  impl.StateMachineUpdater (StateMachineUpdater.java:takeSnapshot(303)) - omNode-2@group-523986131536-StateMachineUpdater: Took a snapshot at index 347
2025-04-24 14:04:38,683 [omNode-2@group-523986131536-StateMachineUpdater] INFO  impl.StateMachineUpdater (StateMachineUpdater.java:lambda$new$0(102)) - omNode-2@group-523986131536-StateMachineUpdater: snapshotIndex: updateIncreasingly 337 -> 347
2025-04-24 14:04:38,683 [omNode-2@group-523986131536-StateMachineUpdater] INFO  impl.StateMachineUpdater (StateMachineUpdater.java:stop(141)) - omNode-2@group-523986131536-StateMachineUpdater: closing OzoneManagerStateMachine, lastApplied=(t:18, i:347)
2025-04-24 14:04:38,683 [omNode-2@group-523986131536-StateMachineUpdater] INFO  ratis.OzoneManagerStateMachine (OzoneManagerStateMachine.java:close(550)) - Stopping OzoneManagerStateMachine:omNode-2:group-523986131536.
2025-04-24 14:04:38,683 [omNode-2@group-523986131536-StateMachineUpdater] INFO  ratis.OzoneManagerDoubleBuffer (OzoneManagerDoubleBuffer.java:stopDaemon(500)) - Stopping OMDoubleBuffer flush thread
2025-04-24 14:04:38,684 [omNode-2-OMDoubleBufferFlushThread] INFO  ratis.OzoneManagerDoubleBuffer (OzoneManagerDoubleBuffer.java:canFlush(559)) - OMDoubleBuffer flush thread omNode-2-OMDoubleBufferFlushThread is interrupted and will exit.
2025-04-24 14:04:38,684 [omNode-2@group-523986131536-cacheEviction-AwaitToRun] INFO  util.AwaitToRun (AwaitToRun.java:run(49)) - omNode-2@group-523986131536-cacheEviction-AwaitToRun-AwaitForSignal is interrupted
2025-04-24 14:04:39,656 [omNode-2-impl-thread1] INFO  segmented.SegmentedRaftLogWorker (SegmentedRaftLogWorker.java:close(252)) - omNode-2@group-523986131536-SegmentedRaftLogWorker close()
2025-04-24 14:04:39,657 [JvmPauseMonitor37] INFO  util.JvmPauseMonitor (JvmPauseMonitor.java:run(152)) - JvmPauseMonitor-omNode-2: Stopped
2025-04-24 14:04:39,657 [main] INFO  utils.BackgroundService (BackgroundService.java:shutdown(161)) - Shutting down service KeyDeletingService
2025-04-24 14:04:39,658 [main] INFO  utils.BackgroundService (BackgroundService.java:shutdown(161)) - Shutting down service DirectoryDeletingService
2025-04-24 14:04:39,659 [main] INFO  utils.BackgroundService (BackgroundService.java:shutdown(161)) - Shutting down service OpenKeyCleanupService
2025-04-24 14:04:39,659 [main] INFO  utils.BackgroundService (BackgroundService.java:shutdown(161)) - Shutting down service SstFilteringService
2025-04-24 14:04:39,659 [main] INFO  utils.BackgroundService (BackgroundService.java:shutdown(161)) - Shutting down service SnapshotDeletingService
2025-04-24 14:04:39,660 [main] INFO  utils.BackgroundService (BackgroundService.java:shutdown(161)) - Shutting down service MultipartUploadCleanupService
2025-04-24 14:04:39,660 [main] INFO  handler.ContextHandler (ContextHandler.java:doStop(1159)) - Stopped o.e.j.w.WebAppContext@eac1805{ozoneManager,/,null,STOPPED}{file:/home/runner/work/ozone/ozone/hadoop-ozone/integration-test/target/test-classes/webapps/ozoneManager}
2025-04-24 14:04:39,661 [main] INFO  server.AbstractConnector (AbstractConnector.java:doStop(383)) - Stopped ServerConnector@6eb1282e{HTTP/1.1, (http/1.1)}{0.0.0.0:15011}
2025-04-24 14:04:39,661 [main] INFO  server.session (HouseKeeper.java:stopScavenging(149)) - node0 Stopped scavenging
2025-04-24 14:04:39,661 [main] INFO  handler.ContextHandler (ContextHandler.java:doStop(1159)) - Stopped o.e.j.s.ServletContextHandler@77de3e3d{static,/static,file:///home/runner/work/ozone/ozone/hadoop-ozone/integration-test/target/test-classes/webapps/static,STOPPED}
2025-04-24 14:04:39,661 [main] INFO  handler.ContextHandler (ContextHandler.java:doStop(1159)) - Stopped o.e.j.s.ServletContextHandler@6a4e1892{logs,/logs,file:///home/runner/work/ozone/ozone/hadoop-ozone/integration-test/target/log,STOPPED}
2025-04-24 14:04:39,662 [main] INFO  rocksdiff.RocksDBCheckpointDiffer (RocksDBCheckpointDiffer.java:close(304)) - Shutting down CompactionDagPruningService.
2025-04-24 14:04:39,663 [main] INFO  snapshot.SnapshotDiffManager (SnapshotDiffManager.java:closeExecutorService(1698)) - Shutting down executorService: 'SnapDiffExecutor'
2025-04-24 14:04:39,663 [main] INFO  utils.BackgroundService (BackgroundService.java:shutdown(161)) - Shutting down service SnapshotDiffCleanupService
2025-04-24 14:04:39,664 [main] INFO  om.OzoneManager (OzoneManager.java:restart(1878)) - OzoneManager RPC server is listening at localhost/127.0.0.1:15014
2025-04-24 14:04:39,664 [main] INFO  impl.MetricsSystemImpl (MetricsSystemImpl.java:init(158)) - OzoneManager metrics system started (again)
2025-04-24 14:04:39,675 [main] WARN  server.ServerUtils (ServerUtils.java:getDBPath(297)) - ozone.om.db.dirs is not configured. We recommend adding this setting. Falling back to ozone.metadata.dirs instead.
2025-04-24 14:04:39,716 [main] INFO  om.OzoneManager (OzoneManager.java:instantiateServices(933)) - S3 Multi-Tenancy is disabled
2025-04-24 14:04:39,717 [main] INFO  om.OmSnapshotManager (OmSnapshotManager.java:<init>(180)) - Ozone filesystem snapshot feature is enabled.
2025-04-24 14:04:39,717 [main] WARN  server.ServerUtils (ServerUtils.java:getDBPath(297)) - ozone.om.snapshot.diff.db.dir is not configured. We recommend adding this setting. Falling back to ozone.metadata.dirs instead.
2025-04-24 14:04:39,733 [main] WARN  server.ServerUtils (ServerUtils.java:getDefaultRatisDirectory(309)) - Storage directory for Ratis is not configured. It is a good idea to map this to an SSD disk. Falling back to ozone.metadata.dirs
2025-04-24 14:04:39,733 [main] INFO  server.RaftServerConfigKeys (ConfUtils.java:logGet(46)) - raft.server.log.appender.buffer.byte-limit = 4194304 (custom)
2025-04-24 14:04:39,734 [main] INFO  ratis.OzoneManagerRatisServer (OzoneManagerRatisServer.java:<init>(167)) - Instantiating OM Ratis server with groupID: om-service-test1 and peers: localhost:15017, localhost:15009, localhost:15013
2025-04-24 14:04:39,734 [main] INFO  ratis.OzoneManagerStateMachine (OzoneManagerStateMachine.java:loadSnapshotInfoFromDB(611)) - LastAppliedIndex is set from TransactionInfo from OM DB as (t:18, i:346)
2025-04-24 14:04:39,735 [main] INFO  server.RaftServer (ConfUtils.java:logGet(46)) - raft.rpc.type = GRPC (default)
2025-04-24 14:04:39,735 [main] INFO  grpc.GrpcConfigKeys (ConfUtils.java:logFallback(53)) - raft.grpc.admin.host = null (fallback to raft.grpc.server.host)
2025-04-24 14:04:39,735 [main] INFO  grpc.GrpcConfigKeys (ConfUtils.java:logFallback(53)) - raft.grpc.admin.port = 15017 (fallback to raft.grpc.server.port)
2025-04-24 14:04:39,735 [main] INFO  grpc.GrpcConfigKeys (ConfUtils.java:logFallback(53)) - raft.grpc.client.host = null (fallback to raft.grpc.server.host)
2025-04-24 14:04:39,735 [main] INFO  grpc.GrpcConfigKeys (ConfUtils.java:logFallback(53)) - raft.grpc.client.port = 15017 (fallback to raft.grpc.server.port)
2025-04-24 14:04:39,736 [main] INFO  grpc.GrpcConfigKeys (ConfUtils.java:logGet(46)) - raft.grpc.server.host = null (default)
2025-04-24 14:04:39,736 [main] INFO  grpc.GrpcConfigKeys (ConfUtils.java:logGet(46)) - raft.grpc.server.port = 15017 (custom)
2025-04-24 14:04:39,736 [main] INFO  server.GrpcService (ConfUtils.java:logGet(46)) - raft.grpc.message.size.max = 5242880 (custom)
2025-04-24 14:04:39,736 [main] INFO  server.GrpcService (ConfUtils.java:logGet(46)) - raft.grpc.flow.control.window = 1MB (=1048576) (default)
2025-04-24 14:04:39,736 [main] INFO  server.RaftServerConfigKeys (ConfUtils.java:logGet(46)) - raft.server.rpc.request.timeout = 3000ms (default)
2025-04-24 14:04:39,736 [main] INFO  grpc.GrpcConfigKeys (ConfUtils.java:logGet(46)) - raft.grpc.server.heartbeat.channel = true (default)
2025-04-24 14:04:39,736 [main] INFO  server.RaftServerConfigKeys (ConfUtils.java:logGet(46)) - raft.server.log.appender.buffer.byte-limit = 4194304 (custom)
2025-04-24 14:04:39,736 [main] INFO  grpc.GrpcConfigKeys (ConfUtils.java:logGet(46)) - raft.grpc.server.async.request.thread.pool.cached = true (default)
2025-04-24 14:04:39,736 [main] INFO  grpc.GrpcConfigKeys (ConfUtils.java:logGet(46)) - raft.grpc.server.async.request.thread.pool.size = 32 (default)
2025-04-24 14:04:39,737 [main] INFO  impl.DataStreamServerImpl (ConfUtils.java:logGet(46)) - raft.datastream.type = DISABLED (default)
2025-04-24 14:04:39,737 [main] INFO  server.RaftServerConfigKeys (ConfUtils.java:logGet(46)) - raft.server.sleep.deviation.threshold = 300ms (default)
2025-04-24 14:04:39,737 [main] INFO  server.RaftServerConfigKeys (ConfUtils.java:logGet(46)) - raft.server.close.threshold = 60s (default)
2025-04-24 14:04:39,737 [main] INFO  server.RaftServerConfigKeys (ConfUtils.java:logGet(46)) - raft.server.leaderelection.leader.step-down.wait-time = 10s (default)
2025-04-24 14:04:39,738 [main] INFO  server.RaftServerConfigKeys (ConfUtils.java:logGet(46)) - raft.server.storage.dir = [/home/runner/work/ozone/ozone/hadoop-ozone/integration-test/target/test-dir/MiniOzoneClusterImpl-4e6105ad-12bc-4f18-9d37-351d73277e17/omNode-3/ratis] (custom)
2025-04-24 14:04:39,738 [main] INFO  server.RaftServerConfigKeys (ConfUtils.java:logGet(46)) - raft.server.threadpool.proxy.cached = true (default)
2025-04-24 14:04:39,738 [main] INFO  server.RaftServerConfigKeys (ConfUtils.java:logGet(46)) - raft.server.threadpool.proxy.size = 0 (default)
2025-04-24 14:04:39,738 [omNode-3-impl-thread1] INFO  server.RaftServer (RaftServerProxy.java:initGroupDir(265)) - omNode-3: found a subdirectory /home/runner/work/ozone/ozone/hadoop-ozone/integration-test/target/test-dir/MiniOzoneClusterImpl-4e6105ad-12bc-4f18-9d37-351d73277e17/omNode-3/ratis/c9bc4cf4-3bc3-3c60-a66b-523986131536
2025-04-24 14:04:39,739 [main] INFO  server.RaftServer (RaftServerProxy.java:addNew(100)) - omNode-3: addNew group-523986131536:[omNode-3|localhost:15017, omNode-1|localhost:15009, omNode-2|localhost:15013] returns group-523986131536:java.util.concurrent.CompletableFuture@3a36b0e5[Not completed]
2025-04-24 14:04:39,739 [main] INFO  om.OzoneManager (OzoneManager.java:initializeRatisServer(2303)) - OzoneManager Ratis server initialized at port 15017
2025-04-24 14:04:39,739 [main] INFO  ratis.OzoneManagerRatisServer (OzoneManagerRatisServer.java:start(628)) - Starting OzoneManagerRatisServer omNode-3 at port 15017
2025-04-24 14:04:39,739 [omNode-3-groupManagement] INFO  server.RaftServer$Division (RaftServerImpl.java:<init>(255)) - omNode-3: new RaftServerImpl for group-523986131536:[omNode-3|localhost:15017, omNode-1|localhost:15009, omNode-2|localhost:15013] with OzoneManagerStateMachine:uninitialized
2025-04-24 14:04:39,739 [omNode-3-groupManagement] INFO  server.RaftServerConfigKeys (ConfUtils.java:logGet(46)) - raft.server.rpc.timeout.min = 1s (custom)
2025-04-24 14:04:39,739 [omNode-3-groupManagement] INFO  server.RaftServerConfigKeys (ConfUtils.java:logGet(46)) - raft.server.rpc.timeout.max = 1200ms (custom)
2025-04-24 14:04:39,739 [omNode-3-groupManagement] INFO  server.RaftServerConfigKeys (ConfUtils.java:logGet(46)) - raft.server.rpc.sleep.time = 25ms (default)
2025-04-24 14:04:39,739 [omNode-3-groupManagement] INFO  server.RaftServerConfigKeys (ConfUtils.java:logGet(46)) - raft.server.rpc.slowness.timeout = 2s (custom)
2025-04-24 14:04:39,739 [omNode-3-groupManagement] INFO  server.RaftServerConfigKeys (ConfUtils.java:logGet(46)) - raft.server.leaderelection.leader.step-down.wait-time = 10s (default)
2025-04-24 14:04:39,739 [omNode-3-groupManagement] INFO  server.RaftServerConfigKeys (ConfUtils.java:logGet(46)) - raft.server.leaderelection.member.majority-add = false (default)
2025-04-24 14:04:39,739 [omNode-3-groupManagement] INFO  server.RaftServerConfigKeys (ConfUtils.java:logGet(46)) - raft.server.sleep.deviation.threshold = 300ms (default)
2025-04-24 14:04:39,739 [omNode-3-groupManagement] INFO  server.RaftServer$Division (ServerState.java:<init>(114)) - omNode-3@group-523986131536: ConfigurationManager, init=conf: {index: -1, cur=peers:[omNode-3|localhost:15017, omNode-1|localhost:15009, omNode-2|localhost:15013]|listeners:[], old=null}, confs=<EMPTY_MAP>
2025-04-24 14:04:39,739 [omNode-3-groupManagement] INFO  server.RaftServerConfigKeys (ConfUtils.java:logGet(46)) - raft.server.notification.no-leader.timeout = 2s (custom)
2025-04-24 14:04:39,739 [omNode-3-groupManagement] INFO  server.RaftServerConfigKeys (ConfUtils.java:logGet(46)) - raft.server.read.timeout = 10s (default)
2025-04-24 14:04:39,740 [omNode-3-groupManagement] INFO  server.RaftServerConfigKeys (ConfUtils.java:logGet(46)) - raft.server.retrycache.expirytime = 30000ms (custom)
2025-04-24 14:04:39,740 [omNode-3-groupManagement] INFO  server.RaftServerConfigKeys (ConfUtils.java:logGet(46)) - raft.server.retrycache.statistics.expirytime = 100ms (default)
2025-04-24 14:04:39,740 [omNode-3-groupManagement] INFO  server.RaftServerConfigKeys (ConfUtils.java:logGet(46)) - raft.server.read.option = DEFAULT (default)
2025-04-24 14:04:39,740 [omNode-3-groupManagement] INFO  server.RaftServerConfigKeys (ConfUtils.java:logGet(46)) - raft.server.read.read-after-write-consistent.write-index-cache.expiry-time = 60s (default)
2025-04-24 14:04:39,741 [omNode-3-groupManagement] INFO  server.RaftServerConfigKeys (ConfUtils.java:logGet(46)) - raft.server.rpc.request.timeout = 3000ms (default)
2025-04-24 14:04:39,741 [omNode-3-groupManagement] INFO  server.RaftServerConfigKeys (ConfUtils.java:logGet(46)) - raft.server.log.appender.install.snapshot.enabled = false (custom)
2025-04-24 14:04:39,741 [omNode-3-groupManagement] INFO  server.RaftServerConfigKeys (ConfUtils.java:logGet(46)) - raft.server.threadpool.server.cached = true (default)
2025-04-24 14:04:39,741 [omNode-3-groupManagement] INFO  server.RaftServerConfigKeys (ConfUtils.java:logGet(46)) - raft.server.threadpool.server.size = 0 (default)
2025-04-24 14:04:39,741 [omNode-3-groupManagement] INFO  server.RaftServerConfigKeys (ConfUtils.java:logGet(46)) - raft.server.threadpool.client.cached = true (default)
2025-04-24 14:04:39,741 [omNode-3-groupManagement] INFO  server.RaftServerConfigKeys (ConfUtils.java:logGet(46)) - raft.server.threadpool.client.size = 0 (default)
2025-04-24 14:04:39,742 [omNode-3-impl-thread1] INFO  server.RaftServerConfigKeys (ConfUtils.java:logGet(46)) - raft.server.storage.free-space.min = 0MB (=0) (default)
2025-04-24 14:04:39,742 [omNode-3-impl-thread1] INFO  server.RaftServerConfigKeys (ConfUtils.java:logGet(46)) - raft.server.log.corruption.policy = EXCEPTION (default)
2025-04-24 14:04:39,742 [omNode-3-impl-thread1] INFO  server.RaftServerConfigKeys (ConfUtils.java:logGet(46)) - raft.server.storage.dir = [/home/runner/work/ozone/ozone/hadoop-ozone/integration-test/target/test-dir/MiniOzoneClusterImpl-4e6105ad-12bc-4f18-9d37-351d73277e17/omNode-3/ratis] (custom)
2025-04-24 14:04:39,743 [omNode-3-impl-thread1] INFO  storage.RaftStorageDirectory (RaftStorageDirectoryImpl.java:tryLock(229)) - Lock on /home/runner/work/ozone/ozone/hadoop-ozone/integration-test/target/test-dir/MiniOzoneClusterImpl-4e6105ad-12bc-4f18-9d37-351d73277e17/omNode-3/ratis/c9bc4cf4-3bc3-3c60-a66b-523986131536/in_use.lock acquired by nodename 129728@fv-az2210-761
2025-04-24 14:04:39,743 [omNode-3-impl-thread1] INFO  storage.RaftStorage (RaftStorageImpl.java:analyzeAndRecoverStorage(118)) - Read RaftStorageMetadata{term=18, votedFor=omNode-2} from /home/runner/work/ozone/ozone/hadoop-ozone/integration-test/target/test-dir/MiniOzoneClusterImpl-4e6105ad-12bc-4f18-9d37-351d73277e17/omNode-3/ratis/c9bc4cf4-3bc3-3c60-a66b-523986131536/current/raft-meta
2025-04-24 14:04:39,743 [omNode-3-impl-thread1] INFO  server.RaftServer$Division (ServerState.java:setRaftConf(386)) - omNode-3@group-523986131536: set configuration conf: {index: 340, cur=peers:[omNode-3|localhost:15017, omNode-1|localhost:15009, omNode-2|localhost:15013]|listeners:[], old=null}
2025-04-24 14:04:39,743 [omNode-3-impl-thread1] INFO  ratis.OzoneManagerStateMachine (OzoneManagerStateMachine.java:lambda$0(138)) - omNode-3: initialize group-523986131536 with (t:18, i:346)
2025-04-24 14:04:39,744 [omNode-3-impl-thread1] INFO  server.RaftServerConfigKeys (ConfUtils.java:logGet(46)) - raft.server.log.use.memory = false (default)
2025-04-24 14:04:39,744 [omNode-3-impl-thread1] INFO  server.RaftServerConfigKeys (ConfUtils.java:logGet(46)) - raft.server.log.purge.gap = 50 (custom)
2025-04-24 14:04:39,744 [omNode-3-impl-thread1] INFO  server.RaftServerConfigKeys (ConfUtils.java:logGet(46)) - raft.server.log.appender.buffer.byte-limit = 4194304 (custom)
2025-04-24 14:04:39,744 [omNode-3-impl-thread1] INFO  server.RaftServerConfigKeys (ConfUtils.java:logGet(46)) - raft.server.log.statemachine.data.read.timeout = 1000ms (default)
2025-04-24 14:04:39,744 [omNode-3-impl-thread1] INFO  server.RaftServerConfigKeys (ConfUtils.java:logGet(46)) - raft.server.log.purge.preservation.log.num = 0 (default)
2025-04-24 14:04:39,745 [omNode-3-impl-thread1] INFO  server.RaftServerConfigKeys (ConfUtils.java:logGet(46)) - raft.server.log.segment.size.max = 4194304 (custom)
2025-04-24 14:04:39,745 [omNode-3-impl-thread1] INFO  server.RaftServerConfigKeys (ConfUtils.java:logGet(46)) - raft.server.log.segment.cache.num.max = 2 (custom)
2025-04-24 14:04:39,745 [omNode-3-impl-thread1] INFO  server.RaftServerConfigKeys (ConfUtils.java:logGet(46)) - raft.server.log.segment.cache.size.max = 200MB (=209715200) (default)
2025-04-24 14:04:39,745 [omNode-3-impl-thread1] INFO  server.RaftServerConfigKeys (ConfUtils.java:logGet(46)) - raft.server.log.appender.buffer.byte-limit = 4194304 (custom)
2025-04-24 14:04:39,745 [omNode-3-impl-thread1] INFO  util.AwaitToRun (AwaitToRun.java:start(81)) - Thread[#7605,omNode-3@group-523986131536-cacheEviction-AwaitToRun,5,main] started
2025-04-24 14:04:39,745 [omNode-3-impl-thread1] INFO  segmented.SegmentedRaftLogWorker (SegmentedRaftLogWorker.java:<init>(188)) - new omNode-3@group-523986131536-SegmentedRaftLogWorker for RaftStorageImpl:Storage Directory /home/runner/work/ozone/ozone/hadoop-ozone/integration-test/target/test-dir/MiniOzoneClusterImpl-4e6105ad-12bc-4f18-9d37-351d73277e17/omNode-3/ratis/c9bc4cf4-3bc3-3c60-a66b-523986131536
2025-04-24 14:04:39,745 [omNode-3-impl-thread1] INFO  server.RaftServerConfigKeys (ConfUtils.java:logGet(46)) - raft.server.log.queue.byte-limit = 64MB (=67108864) (default)
2025-04-24 14:04:39,745 [omNode-3-impl-thread1] INFO  server.RaftServerConfigKeys (ConfUtils.java:logGet(46)) - raft.server.log.queue.element-limit = 4096 (default)
2025-04-24 14:04:39,745 [omNode-3-impl-thread1] INFO  server.RaftServerConfigKeys (ConfUtils.java:logGet(46)) - raft.server.log.segment.size.max = 4194304 (custom)
2025-04-24 14:04:39,746 [omNode-3-impl-thread1] INFO  server.RaftServerConfigKeys (ConfUtils.java:logGet(46)) - raft.server.log.preallocated.size = 4194304 (custom)
2025-04-24 14:04:39,746 [omNode-3-impl-thread1] INFO  server.RaftServerConfigKeys (ConfUtils.java:logGet(46)) - raft.server.log.force.sync.num = 128 (default)
2025-04-24 14:04:39,746 [omNode-3-impl-thread1] INFO  server.RaftServerConfigKeys (ConfUtils.java:logGet(46)) - raft.server.log.statemachine.data.sync = true (default)
2025-04-24 14:04:39,746 [omNode-3-impl-thread1] INFO  server.RaftServerConfigKeys (ConfUtils.java:logGet(46)) - raft.server.log.statemachine.data.sync.timeout = 10s (default)
2025-04-24 14:04:39,746 [omNode-3-impl-thread1] INFO  server.RaftServerConfigKeys (ConfUtils.java:logGet(46)) - raft.server.log.statemachine.data.sync.timeout.retry = -1 (default)
2025-04-24 14:04:39,746 [omNode-3-impl-thread1] INFO  server.RaftServerConfigKeys (ConfUtils.java:logGet(46)) - raft.server.log.write.buffer.size = 4194312 (custom)
2025-04-24 14:04:39,746 [omNode-3-impl-thread1] INFO  server.RaftServerConfigKeys (ConfUtils.java:logGet(46)) - raft.server.log.appender.buffer.byte-limit = 4194304 (custom)
2025-04-24 14:04:39,746 [omNode-3-impl-thread1] INFO  server.RaftServerConfigKeys (ConfUtils.java:logGet(46)) - raft.server.log.unsafe-flush.enabled = false (default)
2025-04-24 14:04:39,746 [omNode-3-impl-thread1] INFO  server.RaftServerConfigKeys (ConfUtils.java:logGet(46)) - raft.server.log.async-flush.enabled = false (default)
2025-04-24 14:04:39,746 [omNode-3-impl-thread1] INFO  server.RaftServerConfigKeys (ConfUtils.java:logGet(46)) - raft.server.log.statemachine.data.caching.enabled = false (default)
2025-04-24 14:04:39,747 [omNode-3-impl-thread1] INFO  server.RaftServer$Division (ServerState.java:setRaftConf(386)) - omNode-3@group-523986131536: set configuration conf: {index: 312, cur=peers:[omNode-3|localhost:15017, omNode-1|localhost:15009, omNode-2|localhost:15013]|listeners:[], old=null}
2025-04-24 14:04:39,747 [omNode-3-impl-thread1] INFO  segmented.LogSegment (LogSegment.java:loadSegment(171)) - Successfully read 12 entries from segment file /home/runner/work/ozone/ozone/hadoop-ozone/integration-test/target/test-dir/MiniOzoneClusterImpl-4e6105ad-12bc-4f18-9d37-351d73277e17/omNode-3/ratis/c9bc4cf4-3bc3-3c60-a66b-523986131536/current/log_312-323
2025-04-24 14:04:39,747 [omNode-3-impl-thread1] INFO  server.RaftServer$Division (ServerState.java:setRaftConf(386)) - omNode-3@group-523986131536: set configuration conf: {index: 324, cur=peers:[omNode-3|localhost:15017, omNode-1|localhost:15009, omNode-2|localhost:15013]|listeners:[], old=null}
2025-04-24 14:04:39,747 [omNode-3-impl-thread1] INFO  segmented.LogSegment (LogSegment.java:loadSegment(171)) - Successfully read 12 entries from segment file /home/runner/work/ozone/ozone/hadoop-ozone/integration-test/target/test-dir/MiniOzoneClusterImpl-4e6105ad-12bc-4f18-9d37-351d73277e17/omNode-3/ratis/c9bc4cf4-3bc3-3c60-a66b-523986131536/current/log_324-335
2025-04-24 14:04:39,748 [omNode-3-impl-thread1] INFO  server.RaftServer$Division (ServerState.java:setRaftConf(386)) - omNode-3@group-523986131536: set configuration conf: {index: 336, cur=peers:[omNode-3|localhost:15017, omNode-1|localhost:15009, omNode-2|localhost:15013]|listeners:[], old=null}
2025-04-24 14:04:39,748 [omNode-3-impl-thread1] INFO  segmented.LogSegment (LogSegment.java:loadSegment(171)) - Successfully read 2 entries from segment file /home/runner/work/ozone/ozone/hadoop-ozone/integration-test/target/test-dir/MiniOzoneClusterImpl-4e6105ad-12bc-4f18-9d37-351d73277e17/omNode-3/ratis/c9bc4cf4-3bc3-3c60-a66b-523986131536/current/log_336-337
2025-04-24 14:04:39,748 [omNode-3-impl-thread1] INFO  server.RaftServer$Division (ServerState.java:setRaftConf(386)) - omNode-3@group-523986131536: set configuration conf: {index: 338, cur=peers:[omNode-3|localhost:15017, omNode-1|localhost:15009, omNode-2|localhost:15013]|listeners:[], old=null}
2025-04-24 14:04:39,748 [omNode-3-impl-thread1] INFO  segmented.LogSegment (LogSegment.java:loadSegment(171)) - Successfully read 2 entries from segment file /home/runner/work/ozone/ozone/hadoop-ozone/integration-test/target/test-dir/MiniOzoneClusterImpl-4e6105ad-12bc-4f18-9d37-351d73277e17/omNode-3/ratis/c9bc4cf4-3bc3-3c60-a66b-523986131536/current/log_338-339
2025-04-24 14:04:39,748 [omNode-3-impl-thread1] INFO  server.RaftServer$Division (ServerState.java:setRaftConf(386)) - omNode-3@group-523986131536: set configuration conf: {index: 340, cur=peers:[omNode-3|localhost:15017, omNode-1|localhost:15009, omNode-2|localhost:15013]|listeners:[], old=null}
2025-04-24 14:04:39,748 [omNode-3-impl-thread1] INFO  segmented.LogSegment (LogSegment.java:loadSegment(171)) - Successfully read 8 entries from segment file /home/runner/work/ozone/ozone/hadoop-ozone/integration-test/target/test-dir/MiniOzoneClusterImpl-4e6105ad-12bc-4f18-9d37-351d73277e17/omNode-3/ratis/c9bc4cf4-3bc3-3c60-a66b-523986131536/current/log_inprogress_340
2025-04-24 14:04:39,748 [omNode-3-impl-thread1] INFO  segmented.SegmentedRaftLogWorker (SegmentedRaftLogWorker.java:lambda$new$0(139)) - omNode-3@group-523986131536-SegmentedRaftLogWorker: flushIndex: setUnconditionally 0 -> 347
2025-04-24 14:04:39,748 [omNode-3-impl-thread1] INFO  segmented.SegmentedRaftLogWorker (SegmentedRaftLogWorker.java:lambda$new$0(139)) - omNode-3@group-523986131536-SegmentedRaftLogWorker: safeCacheEvictIndex: setUnconditionally 0 -> 339
2025-04-24 14:04:39,749 [omNode-3-impl-thread1] INFO  segmented.BufferedWriteChannel (BufferedWriteChannel.java:open(61)) - open log_inprogress_340 (append) at position 1225
2025-04-24 14:04:39,749 [omNode-3-impl-thread1] INFO  raftlog.RaftLog (RaftLogBase.java:lambda$new$0(54)) - omNode-3@group-523986131536-SegmentedRaftLog: purgeIndex: updateToMax old=-1, new=311, updated? true
2025-04-24 14:04:39,749 [omNode-3-impl-thread1] INFO  server.RaftServer$Division (RaftServerImpl.java:start(391)) - omNode-3@group-523986131536: start as a follower, conf=conf: {index: 340, cur=peers:[omNode-3|localhost:15017, omNode-1|localhost:15009, omNode-2|localhost:15013]|listeners:[], old=null}
2025-04-24 14:04:39,749 [omNode-3-impl-thread1] INFO  server.RaftServer$Division (RaftServerImpl.java:setRole(378)) - omNode-3@group-523986131536: changes role from      null to FOLLOWER at term 18 for startAsFollower
2025-04-24 14:04:39,749 [omNode-3-impl-thread1] INFO  impl.RoleInfo (RoleInfo.java:updateAndGet(148)) - omNode-3: start omNode-3@group-523986131536-FollowerState
2025-04-24 14:04:39,749 [omNode-3-impl-thread1] INFO  util.JmxRegister (JmxRegister.java:tryRegister(44)) - Successfully registered JMX Bean with object name Ratis:service=RaftServer,group=group-523986131536,id=omNode-3
2025-04-24 14:04:39,749 [omNode-3-impl-thread1] INFO  util.JmxRegister (JmxRegister.java:register(58)) - register mxBean class org.apache.ratis.server.impl.RaftServerJmxAdapter as Ratis:service=RaftServer,group=group-523986131536,id=omNode-3
2025-04-24 14:04:39,749 [omNode-3-impl-thread1] INFO  server.RaftServerConfigKeys (ConfUtils.java:logGet(46)) - raft.server.snapshot.trigger-when-stop.enabled = true (default)
2025-04-24 14:04:39,749 [omNode-3-impl-thread1] INFO  server.RaftServerConfigKeys (ConfUtils.java:logGet(46)) - raft.server.snapshot.trigger-when-remove.enabled = true (default)
2025-04-24 14:04:39,749 [omNode-3-impl-thread1] INFO  server.RaftServerConfigKeys (ConfUtils.java:logGet(46)) - raft.server.snapshot.auto.trigger.enabled = true (custom)
2025-04-24 14:04:39,749 [omNode-3-impl-thread1] INFO  server.RaftServerConfigKeys (ConfUtils.java:logGet(46)) - raft.server.snapshot.auto.trigger.threshold = 50 (custom)
2025-04-24 14:04:39,749 [omNode-3-impl-thread1] INFO  server.RaftServerConfigKeys (ConfUtils.java:logGet(46)) - raft.server.snapshot.retention.file.num = -1 (default)
2025-04-24 14:04:39,750 [omNode-3-impl-thread1] INFO  server.RaftServerConfigKeys (ConfUtils.java:logGet(46)) - raft.server.log.purge.upto.snapshot.index = true (custom)
2025-04-24 14:04:39,750 [omNode-3@group-523986131536-FollowerState] INFO  server.RaftServerConfigKeys (ConfUtils.java:logFallback(53)) - raft.server.rpc.first-election.timeout.min = 1s (fallback to raft.server.rpc.timeout.min)
2025-04-24 14:04:39,750 [omNode-3@group-523986131536-FollowerState] INFO  server.RaftServerConfigKeys (ConfUtils.java:logFallback(53)) - raft.server.rpc.first-election.timeout.max = 1200ms (fallback to raft.server.rpc.timeout.max)
2025-04-24 14:04:39,750 [omNode-3-impl-thread1] INFO  server.RaftServer$Division (RaftServerImpl.java:start(405)) - omNode-3@group-523986131536: Successfully started.
2025-04-24 14:04:39,750 [main] INFO  server.RaftServer (RaftServerProxy.java:startImpl(407)) - omNode-3: start RPC server
2025-04-24 14:04:39,750 [main] INFO  server.GrpcService (GrpcService.java:startImpl(334)) - omNode-3: GrpcService started, listening on 15017
2025-04-24 14:04:39,751 [JvmPauseMonitor38] INFO  util.JvmPauseMonitor (JvmPauseMonitor.java:run(146)) - JvmPauseMonitor-omNode-3: Started
2025-04-24 14:04:39,751 [main] INFO  om.OzoneManager (OzoneManager.java:getRpcServer(1360)) - Creating RPC Server
2025-04-24 14:04:40,109 [main] INFO  reflections.Reflections (Reflections.java:scan(219)) - Reflections took 357 ms to scan 22 urls, producing 61 keys and 7423 values
2025-04-24 14:04:40,110 [main] INFO  ipc.CallQueueManager (CallQueueManager.java:<init>(93)) - Using callQueue: class java.util.concurrent.LinkedBlockingQueue, queueCapacity: 2000, scheduler: class org.apache.hadoop.ipc.DefaultRpcScheduler, ipcBackoff: false, ipcFailOver: false.
2025-04-24 14:04:40,110 [main] INFO  ipc.Server (Server.java:<init>(1438)) - Listener at localhost:15014
2025-04-24 14:04:40,111 [Socket Reader #1 for port 15014] INFO  ipc.Server (Server.java:run(1474)) - Starting Socket Reader #1 for port 15014
2025-04-24 14:04:40,111 [Socket Reader #2 for port 15014] INFO  ipc.Server (Server.java:run(1474)) - Starting Socket Reader #2 for port 15014
2025-04-24 14:04:40,111 [Socket Reader #3 for port 15014] INFO  ipc.Server (Server.java:run(1474)) - Starting Socket Reader #3 for port 15014
2025-04-24 14:04:40,111 [Socket Reader #4 for port 15014] INFO  ipc.Server (Server.java:run(1474)) - Starting Socket Reader #4 for port 15014
2025-04-24 14:04:40,111 [Socket Reader #5 for port 15014] INFO  ipc.Server (Server.java:run(1474)) - Starting Socket Reader #5 for port 15014
2025-04-24 14:04:40,112 [Socket Reader #6 for port 15014] INFO  ipc.Server (Server.java:run(1474)) - Starting Socket Reader #6 for port 15014
2025-04-24 14:04:40,112 [Socket Reader #7 for port 15014] INFO  ipc.Server (Server.java:run(1474)) - Starting Socket Reader #7 for port 15014
2025-04-24 14:04:40,112 [Socket Reader #8 for port 15014] INFO  ipc.Server (Server.java:run(1474)) - Starting Socket Reader #8 for port 15014
2025-04-24 14:04:40,112 [Socket Reader #9 for port 15014] INFO  ipc.Server (Server.java:run(1474)) - Starting Socket Reader #9 for port 15014
2025-04-24 14:04:40,112 [Socket Reader #10 for port 15014] INFO  ipc.Server (Server.java:run(1474)) - Starting Socket Reader #10 for port 15014
2025-04-24 14:04:40,114 [main] INFO  http.BaseHttpServer (BaseHttpServer.java:newHttpServer2BuilderForOzone(229)) - Starting Web-server for ozoneManager at: http://0.0.0.0:15015
2025-04-24 14:04:40,114 [main] INFO  http.BaseHttpServer (BaseHttpServer.java:<init>(107)) - Hadoop Security Enabled: false Ozone Security Enabled: false Ozone HTTP Security Enabled: false 
2025-04-24 14:04:40,115 [main] WARN  server.AuthenticationFilter (AuthenticationFilter.java:constructSecretProvider(240)) - Unable to initialize FileSignerSecretProvider, falling back to use random secrets. Reason: Could not read signature secret file: /home/runner/hadoop-http-auth-signature-secret
2025-04-24 14:04:40,117 [main] INFO  http.HttpServer2 (HttpServer2.java:addGlobalFilter(1041)) - Added global filter 'safety' (class=org.apache.hadoop.hdds.server.http.HttpServer2$QuotingInputFilter)
2025-04-24 14:04:40,117 [main] INFO  http.HttpServer2 (HttpServer2.java:addFilter(1017)) - Added filter static_user_filter (class=org.apache.hadoop.http.lib.StaticUserWebFilter$StaticUserFilter) to context ozoneManager
2025-04-24 14:04:40,117 [main] INFO  http.HttpServer2 (HttpServer2.java:addFilter(1025)) - Added filter static_user_filter (class=org.apache.hadoop.http.lib.StaticUserWebFilter$StaticUserFilter) to context logs
2025-04-24 14:04:40,117 [main] INFO  http.HttpServer2 (HttpServer2.java:addFilter(1025)) - Added filter static_user_filter (class=org.apache.hadoop.http.lib.StaticUserWebFilter$StaticUserFilter) to context static
2025-04-24 14:04:40,118 [main] INFO  http.BaseHttpServer (BaseHttpServer.java:<init>(195)) - HTTP server of ozoneManager uses base directory /home/runner/work/ozone/ozone/hadoop-ozone/integration-test/target/test-dir/MiniOzoneClusterImpl-4e6105ad-12bc-4f18-9d37-351d73277e17/omNode-3/webserver
2025-04-24 14:04:40,118 [main] INFO  http.HttpServer2 (HttpServer2.java:bindListener(1241)) - Jetty bound to port 15015
2025-04-24 14:04:40,118 [main] INFO  server.Server (Server.java:doStart(375)) - jetty-9.4.57.v20241219; built: 2025-01-08T21:24:30.412Z; git: df524e6b29271c2e09ba9aea83c18dc9db464a31; jvm 21.0.7+6-LTS
2025-04-24 14:04:40,119 [main] INFO  server.session (DefaultSessionIdManager.java:doStart(334)) - DefaultSessionIdManager workerName=node0
2025-04-24 14:04:40,119 [main] INFO  server.session (DefaultSessionIdManager.java:doStart(339)) - No SessionScavenger set, using defaults
2025-04-24 14:04:40,119 [main] INFO  server.session (HouseKeeper.java:startScavenging(132)) - node0 Scavenging every 600000ms
2025-04-24 14:04:40,120 [main] INFO  handler.ContextHandler (ContextHandler.java:doStart(921)) - Started o.e.j.s.ServletContextHandler@2b368f3d{logs,/logs,file:///home/runner/work/ozone/ozone/hadoop-ozone/integration-test/target/log,AVAILABLE}
2025-04-24 14:04:40,120 [main] INFO  handler.ContextHandler (ContextHandler.java:doStart(921)) - Started o.e.j.s.ServletContextHandler@194642eb{static,/static,file:///home/runner/work/ozone/ozone/hadoop-ozone/integration-test/target/test-classes/webapps/static,AVAILABLE}
2025-04-24 14:04:40,123 [main] INFO  handler.ContextHandler (ContextHandler.java:doStart(921)) - Started o.e.j.w.WebAppContext@664bb60f{ozoneManager,/,file:///home/runner/work/ozone/ozone/hadoop-ozone/integration-test/target/test-classes/webapps/ozoneManager/,AVAILABLE}{file:/home/runner/work/ozone/ozone/hadoop-ozone/integration-test/target/test-classes/webapps/ozoneManager}
2025-04-24 14:04:40,124 [main] INFO  server.AbstractConnector (AbstractConnector.java:doStart(333)) - Started ServerConnector@5bbbcc64{HTTP/1.1, (http/1.1)}{0.0.0.0:15015}
2025-04-24 14:04:40,124 [main] INFO  server.Server (Server.java:doStart(415)) - Started @161456ms
2025-04-24 14:04:40,124 [main] WARN  impl.MetricsSystemImpl (MetricsSystemImpl.java:register(279)) - Sink prometheus already exists!
2025-04-24 14:04:40,124 [main] INFO  http.BaseHttpServer (BaseHttpServer.java:updateConnectorAddress(360)) - HTTP server of ozoneManager listening at http://0.0.0.0:15015
2025-04-24 14:04:40,125 [IPC Server Responder] INFO  ipc.Server (Server.java:run(1713)) - IPC Server Responder: starting
2025-04-24 14:04:40,125 [IPC Server listener on 15014] INFO  ipc.Server (Server.java:run(1553)) - IPC Server listener on 15014: starting
2025-04-24 14:04:40,127 [main] INFO  om.OzoneManager (OzoneManager.java:startTrashEmptier(2257)) - Trash Interval set to 0. Files deleted won't move to trash
2025-04-24 14:04:40,127 [main] INFO  om.OzoneManager (OzoneManager.java:restart(1878)) - OzoneManager RPC server is listening at localhost/127.0.0.1:15006
2025-04-24 14:04:40,127 [main] INFO  impl.MetricsSystemImpl (MetricsSystemImpl.java:init(158)) - OzoneManager metrics system started (again)
2025-04-24 14:04:40,137 [main] WARN  server.ServerUtils (ServerUtils.java:getDBPath(297)) - ozone.om.db.dirs is not configured. We recommend adding this setting. Falling back to ozone.metadata.dirs instead.
2025-04-24 14:04:40,180 [main] INFO  om.OzoneManager (OzoneManager.java:instantiateServices(933)) - S3 Multi-Tenancy is disabled
2025-04-24 14:04:40,180 [main] INFO  om.OmSnapshotManager (OmSnapshotManager.java:<init>(180)) - Ozone filesystem snapshot feature is enabled.
2025-04-24 14:04:40,180 [main] WARN  server.ServerUtils (ServerUtils.java:getDBPath(297)) - ozone.om.snapshot.diff.db.dir is not configured. We recommend adding this setting. Falling back to ozone.metadata.dirs instead.
2025-04-24 14:04:40,194 [main] WARN  dropwizard3.Dm3MetricRegistriesImpl (Dm3MetricRegistriesImpl.java:addReporterRegistration(114)) - New reporters are added after registries were created. Some metrics will be missing from the reporter. Please add reporter before adding any new registry.
2025-04-24 14:04:40,194 [main] WARN  dropwizard3.Dm3MetricRegistriesImpl (Dm3MetricRegistriesImpl.java:addReporterRegistration(114)) - New reporters are added after registries were created. Some metrics will be missing from the reporter. Please add reporter before adding any new registry.
2025-04-24 14:04:40,194 [main] WARN  server.ServerUtils (ServerUtils.java:getDefaultRatisDirectory(309)) - Storage directory for Ratis is not configured. It is a good idea to map this to an SSD disk. Falling back to ozone.metadata.dirs
2025-04-24 14:04:40,195 [main] INFO  server.RaftServerConfigKeys (ConfUtils.java:logGet(46)) - raft.server.log.appender.buffer.byte-limit = 4194304 (custom)
2025-04-24 14:04:40,195 [main] INFO  ratis.OzoneManagerRatisServer (OzoneManagerRatisServer.java:<init>(167)) - Instantiating OM Ratis server with groupID: om-service-test1 and peers: localhost:15009, localhost:15017, localhost:15013
2025-04-24 14:04:40,196 [main] INFO  ratis.OzoneManagerStateMachine (OzoneManagerStateMachine.java:loadSnapshotInfoFromDB(611)) - LastAppliedIndex is set from TransactionInfo from OM DB as (t:17, i:339)
2025-04-24 14:04:40,196 [main] INFO  server.RaftServer (ConfUtils.java:logGet(46)) - raft.rpc.type = GRPC (default)
2025-04-24 14:04:40,197 [main] INFO  grpc.GrpcConfigKeys (ConfUtils.java:logFallback(53)) - raft.grpc.admin.host = null (fallback to raft.grpc.server.host)
2025-04-24 14:04:40,197 [main] INFO  grpc.GrpcConfigKeys (ConfUtils.java:logFallback(53)) - raft.grpc.admin.port = 15009 (fallback to raft.grpc.server.port)
2025-04-24 14:04:40,197 [main] INFO  grpc.GrpcConfigKeys (ConfUtils.java:logFallback(53)) - raft.grpc.client.host = null (fallback to raft.grpc.server.host)
2025-04-24 14:04:40,197 [main] INFO  grpc.GrpcConfigKeys (ConfUtils.java:logFallback(53)) - raft.grpc.client.port = 15009 (fallback to raft.grpc.server.port)
2025-04-24 14:04:40,197 [main] INFO  grpc.GrpcConfigKeys (ConfUtils.java:logGet(46)) - raft.grpc.server.host = null (default)
2025-04-24 14:04:40,197 [main] INFO  grpc.GrpcConfigKeys (ConfUtils.java:logGet(46)) - raft.grpc.server.port = 15009 (custom)
2025-04-24 14:04:40,197 [main] INFO  server.GrpcService (ConfUtils.java:logGet(46)) - raft.grpc.message.size.max = 5242880 (custom)
2025-04-24 14:04:40,197 [main] INFO  server.GrpcService (ConfUtils.java:logGet(46)) - raft.grpc.flow.control.window = 1MB (=1048576) (default)
2025-04-24 14:04:40,197 [main] INFO  server.RaftServerConfigKeys (ConfUtils.java:logGet(46)) - raft.server.rpc.request.timeout = 3000ms (default)
2025-04-24 14:04:40,197 [main] INFO  grpc.GrpcConfigKeys (ConfUtils.java:logGet(46)) - raft.grpc.server.heartbeat.channel = true (default)
2025-04-24 14:04:40,198 [main] INFO  server.RaftServerConfigKeys (ConfUtils.java:logGet(46)) - raft.server.log.appender.buffer.byte-limit = 4194304 (custom)
2025-04-24 14:04:40,198 [main] INFO  grpc.GrpcConfigKeys (ConfUtils.java:logGet(46)) - raft.grpc.server.async.request.thread.pool.cached = true (default)
2025-04-24 14:04:40,198 [main] INFO  grpc.GrpcConfigKeys (ConfUtils.java:logGet(46)) - raft.grpc.server.async.request.thread.pool.size = 32 (default)
2025-04-24 14:04:40,198 [main] INFO  impl.DataStreamServerImpl (ConfUtils.java:logGet(46)) - raft.datastream.type = DISABLED (default)
2025-04-24 14:04:40,199 [main] INFO  server.RaftServerConfigKeys (ConfUtils.java:logGet(46)) - raft.server.sleep.deviation.threshold = 300ms (default)
2025-04-24 14:04:40,199 [main] INFO  server.RaftServerConfigKeys (ConfUtils.java:logGet(46)) - raft.server.close.threshold = 60s (default)
2025-04-24 14:04:40,199 [main] INFO  server.RaftServerConfigKeys (ConfUtils.java:logGet(46)) - raft.server.leaderelection.leader.step-down.wait-time = 10s (default)
2025-04-24 14:04:40,199 [main] INFO  server.RaftServerConfigKeys (ConfUtils.java:logGet(46)) - raft.server.storage.dir = [/home/runner/work/ozone/ozone/hadoop-ozone/integration-test/target/test-dir/MiniOzoneClusterImpl-4e6105ad-12bc-4f18-9d37-351d73277e17/omNode-1/ratis] (custom)
2025-04-24 14:04:40,199 [main] INFO  server.RaftServerConfigKeys (ConfUtils.java:logGet(46)) - raft.server.threadpool.proxy.cached = true (default)
2025-04-24 14:04:40,199 [main] INFO  server.RaftServerConfigKeys (ConfUtils.java:logGet(46)) - raft.server.threadpool.proxy.size = 0 (default)
2025-04-24 14:04:40,199 [omNode-1-impl-thread1] INFO  server.RaftServer (RaftServerProxy.java:initGroupDir(265)) - omNode-1: found a subdirectory /home/runner/work/ozone/ozone/hadoop-ozone/integration-test/target/test-dir/MiniOzoneClusterImpl-4e6105ad-12bc-4f18-9d37-351d73277e17/omNode-1/ratis/c9bc4cf4-3bc3-3c60-a66b-523986131536
2025-04-24 14:04:40,200 [main] INFO  server.RaftServer (RaftServerProxy.java:addNew(100)) - omNode-1: addNew group-523986131536:[omNode-3|localhost:15017, omNode-1|localhost:15009, omNode-2|localhost:15013] returns group-523986131536:java.util.concurrent.CompletableFuture@7584e801[Not completed]
2025-04-24 14:04:40,200 [omNode-1-groupManagement] INFO  server.RaftServer$Division (RaftServerImpl.java:<init>(255)) - omNode-1: new RaftServerImpl for group-523986131536:[omNode-3|localhost:15017, omNode-1|localhost:15009, omNode-2|localhost:15013] with OzoneManagerStateMachine:uninitialized
2025-04-24 14:04:40,200 [main] INFO  om.OzoneManager (OzoneManager.java:initializeRatisServer(2303)) - OzoneManager Ratis server initialized at port 15009
2025-04-24 14:04:40,200 [main] INFO  ratis.OzoneManagerRatisServer (OzoneManagerRatisServer.java:start(628)) - Starting OzoneManagerRatisServer omNode-1 at port 15009
2025-04-24 14:04:40,200 [omNode-1-groupManagement] INFO  server.RaftServerConfigKeys (ConfUtils.java:logGet(46)) - raft.server.rpc.timeout.min = 1s (custom)
2025-04-24 14:04:40,200 [omNode-1-groupManagement] INFO  server.RaftServerConfigKeys (ConfUtils.java:logGet(46)) - raft.server.rpc.timeout.max = 1200ms (custom)
2025-04-24 14:04:40,200 [omNode-1-groupManagement] INFO  server.RaftServerConfigKeys (ConfUtils.java:logGet(46)) - raft.server.rpc.sleep.time = 25ms (default)
2025-04-24 14:04:40,200 [omNode-1-groupManagement] INFO  server.RaftServerConfigKeys (ConfUtils.java:logGet(46)) - raft.server.rpc.slowness.timeout = 2s (custom)
2025-04-24 14:04:40,200 [omNode-1-groupManagement] INFO  server.RaftServerConfigKeys (ConfUtils.java:logGet(46)) - raft.server.leaderelection.leader.step-down.wait-time = 10s (default)
2025-04-24 14:04:40,200 [omNode-1-groupManagement] INFO  server.RaftServerConfigKeys (ConfUtils.java:logGet(46)) - raft.server.leaderelection.member.majority-add = false (default)
2025-04-24 14:04:40,200 [omNode-1-groupManagement] INFO  server.RaftServerConfigKeys (ConfUtils.java:logGet(46)) - raft.server.sleep.deviation.threshold = 300ms (default)
2025-04-24 14:04:40,200 [omNode-1-groupManagement] INFO  server.RaftServer$Division (ServerState.java:<init>(114)) - omNode-1@group-523986131536: ConfigurationManager, init=conf: {index: -1, cur=peers:[omNode-3|localhost:15017, omNode-1|localhost:15009, omNode-2|localhost:15013]|listeners:[], old=null}, confs=<EMPTY_MAP>
2025-04-24 14:04:40,200 [omNode-1-groupManagement] INFO  server.RaftServerConfigKeys (ConfUtils.java:logGet(46)) - raft.server.notification.no-leader.timeout = 2s (custom)
2025-04-24 14:04:40,200 [omNode-1-groupManagement] INFO  server.RaftServerConfigKeys (ConfUtils.java:logGet(46)) - raft.server.read.timeout = 10s (default)
2025-04-24 14:04:40,200 [omNode-1-groupManagement] INFO  server.RaftServerConfigKeys (ConfUtils.java:logGet(46)) - raft.server.retrycache.expirytime = 30000ms (custom)
2025-04-24 14:04:40,201 [omNode-1-groupManagement] INFO  server.RaftServerConfigKeys (ConfUtils.java:logGet(46)) - raft.server.retrycache.statistics.expirytime = 100ms (default)
2025-04-24 14:04:40,201 [omNode-1-groupManagement] INFO  server.RaftServerConfigKeys (ConfUtils.java:logGet(46)) - raft.server.read.option = DEFAULT (default)
2025-04-24 14:04:40,201 [omNode-1-groupManagement] INFO  server.RaftServerConfigKeys (ConfUtils.java:logGet(46)) - raft.server.read.read-after-write-consistent.write-index-cache.expiry-time = 60s (default)
2025-04-24 14:04:40,202 [omNode-1-groupManagement] INFO  server.RaftServerConfigKeys (ConfUtils.java:logGet(46)) - raft.server.rpc.request.timeout = 3000ms (default)
2025-04-24 14:04:40,202 [omNode-1-groupManagement] INFO  server.RaftServerConfigKeys (ConfUtils.java:logGet(46)) - raft.server.log.appender.install.snapshot.enabled = false (custom)
2025-04-24 14:04:40,202 [omNode-1-groupManagement] INFO  server.RaftServerConfigKeys (ConfUtils.java:logGet(46)) - raft.server.threadpool.server.cached = true (default)
2025-04-24 14:04:40,202 [omNode-1-groupManagement] INFO  server.RaftServerConfigKeys (ConfUtils.java:logGet(46)) - raft.server.threadpool.server.size = 0 (default)
2025-04-24 14:04:40,202 [omNode-1-groupManagement] INFO  server.RaftServerConfigKeys (ConfUtils.java:logGet(46)) - raft.server.threadpool.client.cached = true (default)
2025-04-24 14:04:40,202 [omNode-1-groupManagement] INFO  server.RaftServerConfigKeys (ConfUtils.java:logGet(46)) - raft.server.threadpool.client.size = 0 (default)
2025-04-24 14:04:40,202 [omNode-1-impl-thread1] INFO  server.RaftServerConfigKeys (ConfUtils.java:logGet(46)) - raft.server.storage.free-space.min = 0MB (=0) (default)
2025-04-24 14:04:40,202 [omNode-1-impl-thread1] INFO  server.RaftServerConfigKeys (ConfUtils.java:logGet(46)) - raft.server.log.corruption.policy = EXCEPTION (default)
2025-04-24 14:04:40,202 [omNode-1-impl-thread1] INFO  server.RaftServerConfigKeys (ConfUtils.java:logGet(46)) - raft.server.storage.dir = [/home/runner/work/ozone/ozone/hadoop-ozone/integration-test/target/test-dir/MiniOzoneClusterImpl-4e6105ad-12bc-4f18-9d37-351d73277e17/omNode-1/ratis] (custom)
2025-04-24 14:04:40,203 [omNode-1-impl-thread1] INFO  storage.RaftStorageDirectory (RaftStorageDirectoryImpl.java:tryLock(229)) - Lock on /home/runner/work/ozone/ozone/hadoop-ozone/integration-test/target/test-dir/MiniOzoneClusterImpl-4e6105ad-12bc-4f18-9d37-351d73277e17/omNode-1/ratis/c9bc4cf4-3bc3-3c60-a66b-523986131536/in_use.lock acquired by nodename 129728@fv-az2210-761
2025-04-24 14:04:40,203 [omNode-1-impl-thread1] INFO  storage.RaftStorage (RaftStorageImpl.java:analyzeAndRecoverStorage(118)) - Read RaftStorageMetadata{term=17, votedFor=omNode-1} from /home/runner/work/ozone/ozone/hadoop-ozone/integration-test/target/test-dir/MiniOzoneClusterImpl-4e6105ad-12bc-4f18-9d37-351d73277e17/omNode-1/ratis/c9bc4cf4-3bc3-3c60-a66b-523986131536/current/raft-meta
2025-04-24 14:04:40,204 [omNode-1-impl-thread1] INFO  server.RaftServer$Division (ServerState.java:setRaftConf(386)) - omNode-1@group-523986131536: set configuration conf: {index: 338, cur=peers:[omNode-3|localhost:15017, omNode-1|localhost:15009, omNode-2|localhost:15013]|listeners:[], old=null}
2025-04-24 14:04:40,204 [omNode-1-impl-thread1] INFO  ratis.OzoneManagerStateMachine (OzoneManagerStateMachine.java:lambda$0(138)) - omNode-1: initialize group-523986131536 with (t:17, i:339)
2025-04-24 14:04:40,204 [omNode-1-impl-thread1] INFO  server.RaftServerConfigKeys (ConfUtils.java:logGet(46)) - raft.server.log.use.memory = false (default)
2025-04-24 14:04:40,204 [omNode-1-impl-thread1] INFO  server.RaftServerConfigKeys (ConfUtils.java:logGet(46)) - raft.server.log.purge.gap = 50 (custom)
2025-04-24 14:04:40,204 [omNode-1-impl-thread1] INFO  server.RaftServerConfigKeys (ConfUtils.java:logGet(46)) - raft.server.log.appender.buffer.byte-limit = 4194304 (custom)
2025-04-24 14:04:40,204 [omNode-1-impl-thread1] INFO  server.RaftServerConfigKeys (ConfUtils.java:logGet(46)) - raft.server.log.statemachine.data.read.timeout = 1000ms (default)
2025-04-24 14:04:40,204 [omNode-1-impl-thread1] INFO  server.RaftServerConfigKeys (ConfUtils.java:logGet(46)) - raft.server.log.purge.preservation.log.num = 0 (default)
2025-04-24 14:04:40,205 [omNode-1-impl-thread1] INFO  server.RaftServerConfigKeys (ConfUtils.java:logGet(46)) - raft.server.log.segment.size.max = 4194304 (custom)
2025-04-24 14:04:40,205 [omNode-1-impl-thread1] INFO  server.RaftServerConfigKeys (ConfUtils.java:logGet(46)) - raft.server.log.segment.cache.num.max = 2 (custom)
2025-04-24 14:04:40,205 [omNode-1-impl-thread1] INFO  server.RaftServerConfigKeys (ConfUtils.java:logGet(46)) - raft.server.log.segment.cache.size.max = 200MB (=209715200) (default)
2025-04-24 14:04:40,205 [omNode-1-impl-thread1] INFO  server.RaftServerConfigKeys (ConfUtils.java:logGet(46)) - raft.server.log.appender.buffer.byte-limit = 4194304 (custom)
2025-04-24 14:04:40,206 [omNode-1-impl-thread1] INFO  util.AwaitToRun (AwaitToRun.java:start(81)) - Thread[#7716,omNode-1@group-523986131536-cacheEviction-AwaitToRun,5,main] started
2025-04-24 14:04:40,206 [omNode-1-impl-thread1] INFO  segmented.SegmentedRaftLogWorker (SegmentedRaftLogWorker.java:<init>(188)) - new omNode-1@group-523986131536-SegmentedRaftLogWorker for RaftStorageImpl:Storage Directory /home/runner/work/ozone/ozone/hadoop-ozone/integration-test/target/test-dir/MiniOzoneClusterImpl-4e6105ad-12bc-4f18-9d37-351d73277e17/omNode-1/ratis/c9bc4cf4-3bc3-3c60-a66b-523986131536
2025-04-24 14:04:40,206 [omNode-1-impl-thread1] INFO  server.RaftServerConfigKeys (ConfUtils.java:logGet(46)) - raft.server.log.queue.byte-limit = 64MB (=67108864) (default)
2025-04-24 14:04:40,206 [omNode-1-impl-thread1] INFO  server.RaftServerConfigKeys (ConfUtils.java:logGet(46)) - raft.server.log.queue.element-limit = 4096 (default)
2025-04-24 14:04:40,206 [omNode-1-impl-thread1] INFO  server.RaftServerConfigKeys (ConfUtils.java:logGet(46)) - raft.server.log.segment.size.max = 4194304 (custom)
2025-04-24 14:04:40,206 [omNode-1-impl-thread1] INFO  server.RaftServerConfigKeys (ConfUtils.java:logGet(46)) - raft.server.log.preallocated.size = 4194304 (custom)
2025-04-24 14:04:40,206 [omNode-1-impl-thread1] INFO  server.RaftServerConfigKeys (ConfUtils.java:logGet(46)) - raft.server.log.force.sync.num = 128 (default)
2025-04-24 14:04:40,206 [omNode-1-impl-thread1] INFO  server.RaftServerConfigKeys (ConfUtils.java:logGet(46)) - raft.server.log.statemachine.data.sync = true (default)
2025-04-24 14:04:40,206 [omNode-1-impl-thread1] INFO  server.RaftServerConfigKeys (ConfUtils.java:logGet(46)) - raft.server.log.statemachine.data.sync.timeout = 10s (default)
2025-04-24 14:04:40,206 [omNode-1-impl-thread1] INFO  server.RaftServerConfigKeys (ConfUtils.java:logGet(46)) - raft.server.log.statemachine.data.sync.timeout.retry = -1 (default)
2025-04-24 14:04:40,206 [omNode-1-impl-thread1] INFO  server.RaftServerConfigKeys (ConfUtils.java:logGet(46)) - raft.server.log.write.buffer.size = 4194312 (custom)
2025-04-24 14:04:40,207 [omNode-1-impl-thread1] INFO  server.RaftServerConfigKeys (ConfUtils.java:logGet(46)) - raft.server.log.appender.buffer.byte-limit = 4194304 (custom)
2025-04-24 14:04:40,207 [omNode-1-impl-thread1] INFO  server.RaftServerConfigKeys (ConfUtils.java:logGet(46)) - raft.server.log.unsafe-flush.enabled = false (default)
2025-04-24 14:04:40,207 [omNode-1-impl-thread1] INFO  server.RaftServerConfigKeys (ConfUtils.java:logGet(46)) - raft.server.log.async-flush.enabled = false (default)
2025-04-24 14:04:40,207 [omNode-1-impl-thread1] INFO  server.RaftServerConfigKeys (ConfUtils.java:logGet(46)) - raft.server.log.statemachine.data.caching.enabled = false (default)
2025-04-24 14:04:40,207 [omNode-1-impl-thread1] INFO  server.RaftServer$Division (ServerState.java:setRaftConf(386)) - omNode-1@group-523986131536: set configuration conf: {index: 310, cur=peers:[omNode-3|localhost:15017, omNode-1|localhost:15009, omNode-2|localhost:15013]|listeners:[], old=null}
2025-04-24 14:04:40,207 [omNode-1-impl-thread1] INFO  segmented.LogSegment (LogSegment.java:loadSegment(171)) - Successfully read 2 entries from segment file /home/runner/work/ozone/ozone/hadoop-ozone/integration-test/target/test-dir/MiniOzoneClusterImpl-4e6105ad-12bc-4f18-9d37-351d73277e17/omNode-1/ratis/c9bc4cf4-3bc3-3c60-a66b-523986131536/current/log_310-311
2025-04-24 14:04:40,208 [omNode-1-impl-thread1] INFO  server.RaftServer$Division (ServerState.java:setRaftConf(386)) - omNode-1@group-523986131536: set configuration conf: {index: 312, cur=peers:[omNode-3|localhost:15017, omNode-1|localhost:15009, omNode-2|localhost:15013]|listeners:[], old=null}
2025-04-24 14:04:40,208 [omNode-1-impl-thread1] INFO  segmented.LogSegment (LogSegment.java:loadSegment(171)) - Successfully read 12 entries from segment file /home/runner/work/ozone/ozone/hadoop-ozone/integration-test/target/test-dir/MiniOzoneClusterImpl-4e6105ad-12bc-4f18-9d37-351d73277e17/omNode-1/ratis/c9bc4cf4-3bc3-3c60-a66b-523986131536/current/log_312-323
2025-04-24 14:04:40,208 [omNode-1-impl-thread1] INFO  server.RaftServer$Division (ServerState.java:setRaftConf(386)) - omNode-1@group-523986131536: set configuration conf: {index: 324, cur=peers:[omNode-3|localhost:15017, omNode-1|localhost:15009, omNode-2|localhost:15013]|listeners:[], old=null}
2025-04-24 14:04:40,208 [omNode-1-impl-thread1] INFO  segmented.LogSegment (LogSegment.java:loadSegment(171)) - Successfully read 12 entries from segment file /home/runner/work/ozone/ozone/hadoop-ozone/integration-test/target/test-dir/MiniOzoneClusterImpl-4e6105ad-12bc-4f18-9d37-351d73277e17/omNode-1/ratis/c9bc4cf4-3bc3-3c60-a66b-523986131536/current/log_324-335
2025-04-24 14:04:40,208 [omNode-1-impl-thread1] INFO  server.RaftServer$Division (ServerState.java:setRaftConf(386)) - omNode-1@group-523986131536: set configuration conf: {index: 336, cur=peers:[omNode-3|localhost:15017, omNode-1|localhost:15009, omNode-2|localhost:15013]|listeners:[], old=null}
2025-04-24 14:04:40,208 [omNode-1-impl-thread1] INFO  segmented.LogSegment (LogSegment.java:loadSegment(171)) - Successfully read 2 entries from segment file /home/runner/work/ozone/ozone/hadoop-ozone/integration-test/target/test-dir/MiniOzoneClusterImpl-4e6105ad-12bc-4f18-9d37-351d73277e17/omNode-1/ratis/c9bc4cf4-3bc3-3c60-a66b-523986131536/current/log_336-337
2025-04-24 14:04:40,209 [omNode-1-impl-thread1] INFO  server.RaftServer$Division (ServerState.java:setRaftConf(386)) - omNode-1@group-523986131536: set configuration conf: {index: 338, cur=peers:[omNode-3|localhost:15017, omNode-1|localhost:15009, omNode-2|localhost:15013]|listeners:[], old=null}
2025-04-24 14:04:40,209 [omNode-1-impl-thread1] INFO  segmented.LogSegment (LogSegment.java:loadSegment(171)) - Successfully read 2 entries from segment file /home/runner/work/ozone/ozone/hadoop-ozone/integration-test/target/test-dir/MiniOzoneClusterImpl-4e6105ad-12bc-4f18-9d37-351d73277e17/omNode-1/ratis/c9bc4cf4-3bc3-3c60-a66b-523986131536/current/log_inprogress_338
2025-04-24 14:04:40,209 [omNode-1-impl-thread1] INFO  segmented.SegmentedRaftLogWorker (SegmentedRaftLogWorker.java:lambda$new$0(139)) - omNode-1@group-523986131536-SegmentedRaftLogWorker: flushIndex: setUnconditionally 0 -> 339
2025-04-24 14:04:40,209 [omNode-1-impl-thread1] INFO  segmented.SegmentedRaftLogWorker (SegmentedRaftLogWorker.java:lambda$new$0(139)) - omNode-1@group-523986131536-SegmentedRaftLogWorker: safeCacheEvictIndex: setUnconditionally 0 -> 337
2025-04-24 14:04:40,209 [omNode-1-impl-thread1] INFO  segmented.BufferedWriteChannel (BufferedWriteChannel.java:open(61)) - open log_inprogress_338 (append) at position 128
2025-04-24 14:04:40,209 [omNode-1-impl-thread1] INFO  raftlog.RaftLog (RaftLogBase.java:lambda$new$0(54)) - omNode-1@group-523986131536-SegmentedRaftLog: purgeIndex: updateToMax old=-1, new=309, updated? true
2025-04-24 14:04:40,209 [omNode-1-impl-thread1] INFO  server.RaftServer$Division (RaftServerImpl.java:start(391)) - omNode-1@group-523986131536: start as a follower, conf=conf: {index: 338, cur=peers:[omNode-3|localhost:15017, omNode-1|localhost:15009, omNode-2|localhost:15013]|listeners:[], old=null}
2025-04-24 14:04:40,209 [omNode-1-impl-thread1] INFO  server.RaftServer$Division (RaftServerImpl.java:setRole(378)) - omNode-1@group-523986131536: changes role from      null to FOLLOWER at term 17 for startAsFollower
2025-04-24 14:04:40,209 [omNode-1-impl-thread1] INFO  impl.RoleInfo (RoleInfo.java:updateAndGet(148)) - omNode-1: start omNode-1@group-523986131536-FollowerState
2025-04-24 14:04:40,210 [omNode-1@group-523986131536-FollowerState] INFO  server.RaftServerConfigKeys (ConfUtils.java:logFallback(53)) - raft.server.rpc.first-election.timeout.min = 1s (fallback to raft.server.rpc.timeout.min)
2025-04-24 14:04:40,210 [omNode-1@group-523986131536-FollowerState] INFO  server.RaftServerConfigKeys (ConfUtils.java:logFallback(53)) - raft.server.rpc.first-election.timeout.max = 1200ms (fallback to raft.server.rpc.timeout.max)
2025-04-24 14:04:40,210 [omNode-1-impl-thread1] INFO  util.JmxRegister (JmxRegister.java:tryRegister(44)) - Successfully registered JMX Bean with object name Ratis:service=RaftServer,group=group-523986131536,id=omNode-1
2025-04-24 14:04:40,210 [omNode-1-impl-thread1] INFO  util.JmxRegister (JmxRegister.java:register(58)) - register mxBean class org.apache.ratis.server.impl.RaftServerJmxAdapter as Ratis:service=RaftServer,group=group-523986131536,id=omNode-1
2025-04-24 14:04:40,210 [omNode-1-impl-thread1] INFO  server.RaftServerConfigKeys (ConfUtils.java:logGet(46)) - raft.server.snapshot.trigger-when-stop.enabled = true (default)
2025-04-24 14:04:40,210 [omNode-1-impl-thread1] INFO  server.RaftServerConfigKeys (ConfUtils.java:logGet(46)) - raft.server.snapshot.trigger-when-remove.enabled = true (default)
2025-04-24 14:04:40,210 [omNode-1-impl-thread1] INFO  server.RaftServerConfigKeys (ConfUtils.java:logGet(46)) - raft.server.snapshot.auto.trigger.enabled = true (custom)
2025-04-24 14:04:40,210 [omNode-1-impl-thread1] INFO  server.RaftServerConfigKeys (ConfUtils.java:logGet(46)) - raft.server.snapshot.auto.trigger.threshold = 50 (custom)
2025-04-24 14:04:40,210 [omNode-1-impl-thread1] INFO  server.RaftServerConfigKeys (ConfUtils.java:logGet(46)) - raft.server.snapshot.retention.file.num = -1 (default)
2025-04-24 14:04:40,210 [omNode-1-impl-thread1] INFO  server.RaftServerConfigKeys (ConfUtils.java:logGet(46)) - raft.server.log.purge.upto.snapshot.index = true (custom)
2025-04-24 14:04:40,210 [omNode-1-impl-thread1] INFO  server.RaftServer$Division (RaftServerImpl.java:start(405)) - omNode-1@group-523986131536: Successfully started.
2025-04-24 14:04:40,211 [main] INFO  server.RaftServer (RaftServerProxy.java:startImpl(407)) - omNode-1: start RPC server
2025-04-24 14:04:40,211 [main] INFO  server.GrpcService (GrpcService.java:startImpl(334)) - omNode-1: GrpcService started, listening on 15009
2025-04-24 14:04:40,211 [main] INFO  om.OzoneManager (OzoneManager.java:getRpcServer(1360)) - Creating RPC Server
2025-04-24 14:04:40,211 [JvmPauseMonitor39] INFO  util.JvmPauseMonitor (JvmPauseMonitor.java:run(146)) - JvmPauseMonitor-omNode-1: Started
2025-04-24 14:04:40,561 [main] INFO  reflections.Reflections (Reflections.java:scan(219)) - Reflections took 349 ms to scan 22 urls, producing 61 keys and 7423 values
2025-04-24 14:04:40,562 [main] INFO  ipc.CallQueueManager (CallQueueManager.java:<init>(93)) - Using callQueue: class java.util.concurrent.LinkedBlockingQueue, queueCapacity: 2000, scheduler: class org.apache.hadoop.ipc.DefaultRpcScheduler, ipcBackoff: false, ipcFailOver: false.
2025-04-24 14:04:40,562 [main] INFO  ipc.Server (Server.java:<init>(1438)) - Listener at localhost:15006
2025-04-24 14:04:40,563 [Socket Reader #1 for port 15006] INFO  ipc.Server (Server.java:run(1474)) - Starting Socket Reader #1 for port 15006
2025-04-24 14:04:40,563 [Socket Reader #2 for port 15006] INFO  ipc.Server (Server.java:run(1474)) - Starting Socket Reader #2 for port 15006
2025-04-24 14:04:40,563 [Socket Reader #3 for port 15006] INFO  ipc.Server (Server.java:run(1474)) - Starting Socket Reader #3 for port 15006
2025-04-24 14:04:40,563 [Socket Reader #4 for port 15006] INFO  ipc.Server (Server.java:run(1474)) - Starting Socket Reader #4 for port 15006
2025-04-24 14:04:40,563 [Socket Reader #5 for port 15006] INFO  ipc.Server (Server.java:run(1474)) - Starting Socket Reader #5 for port 15006
2025-04-24 14:04:40,563 [Socket Reader #6 for port 15006] INFO  ipc.Server (Server.java:run(1474)) - Starting Socket Reader #6 for port 15006
2025-04-24 14:04:40,563 [Socket Reader #7 for port 15006] INFO  ipc.Server (Server.java:run(1474)) - Starting Socket Reader #7 for port 15006
2025-04-24 14:04:40,564 [Socket Reader #8 for port 15006] INFO  ipc.Server (Server.java:run(1474)) - Starting Socket Reader #8 for port 15006
2025-04-24 14:04:40,564 [Socket Reader #9 for port 15006] INFO  ipc.Server (Server.java:run(1474)) - Starting Socket Reader #9 for port 15006
2025-04-24 14:04:40,564 [Socket Reader #10 for port 15006] INFO  ipc.Server (Server.java:run(1474)) - Starting Socket Reader #10 for port 15006
2025-04-24 14:04:40,566 [main] INFO  http.BaseHttpServer (BaseHttpServer.java:newHttpServer2BuilderForOzone(229)) - Starting Web-server for ozoneManager at: http://0.0.0.0:15007
2025-04-24 14:04:40,566 [main] INFO  http.BaseHttpServer (BaseHttpServer.java:<init>(107)) - Hadoop Security Enabled: false Ozone Security Enabled: false Ozone HTTP Security Enabled: false 
2025-04-24 14:04:40,567 [main] WARN  server.AuthenticationFilter (AuthenticationFilter.java:constructSecretProvider(240)) - Unable to initialize FileSignerSecretProvider, falling back to use random secrets. Reason: Could not read signature secret file: /home/runner/hadoop-http-auth-signature-secret
2025-04-24 14:04:40,568 [main] INFO  http.HttpServer2 (HttpServer2.java:addGlobalFilter(1041)) - Added global filter 'safety' (class=org.apache.hadoop.hdds.server.http.HttpServer2$QuotingInputFilter)
2025-04-24 14:04:40,569 [main] INFO  http.HttpServer2 (HttpServer2.java:addFilter(1017)) - Added filter static_user_filter (class=org.apache.hadoop.http.lib.StaticUserWebFilter$StaticUserFilter) to context ozoneManager
2025-04-24 14:04:40,569 [main] INFO  http.HttpServer2 (HttpServer2.java:addFilter(1025)) - Added filter static_user_filter (class=org.apache.hadoop.http.lib.StaticUserWebFilter$StaticUserFilter) to context logs
2025-04-24 14:04:40,569 [main] INFO  http.HttpServer2 (HttpServer2.java:addFilter(1025)) - Added filter static_user_filter (class=org.apache.hadoop.http.lib.StaticUserWebFilter$StaticUserFilter) to context static
2025-04-24 14:04:40,569 [main] INFO  http.BaseHttpServer (BaseHttpServer.java:<init>(195)) - HTTP server of ozoneManager uses base directory /home/runner/work/ozone/ozone/hadoop-ozone/integration-test/target/test-dir/MiniOzoneClusterImpl-4e6105ad-12bc-4f18-9d37-351d73277e17/omNode-1/webserver
2025-04-24 14:04:40,569 [main] INFO  http.HttpServer2 (HttpServer2.java:bindListener(1241)) - Jetty bound to port 15007
2025-04-24 14:04:40,569 [main] INFO  server.Server (Server.java:doStart(375)) - jetty-9.4.57.v20241219; built: 2025-01-08T21:24:30.412Z; git: df524e6b29271c2e09ba9aea83c18dc9db464a31; jvm 21.0.7+6-LTS
2025-04-24 14:04:40,570 [main] INFO  server.session (DefaultSessionIdManager.java:doStart(334)) - DefaultSessionIdManager workerName=node0
2025-04-24 14:04:40,570 [main] INFO  server.session (DefaultSessionIdManager.java:doStart(339)) - No SessionScavenger set, using defaults
2025-04-24 14:04:40,570 [main] INFO  server.session (HouseKeeper.java:startScavenging(132)) - node0 Scavenging every 660000ms
2025-04-24 14:04:40,571 [main] INFO  handler.ContextHandler (ContextHandler.java:doStart(921)) - Started o.e.j.s.ServletContextHandler@1872a299{logs,/logs,file:///home/runner/work/ozone/ozone/hadoop-ozone/integration-test/target/log,AVAILABLE}
2025-04-24 14:04:40,571 [main] INFO  handler.ContextHandler (ContextHandler.java:doStart(921)) - Started o.e.j.s.ServletContextHandler@175b5905{static,/static,file:///home/runner/work/ozone/ozone/hadoop-ozone/integration-test/target/test-classes/webapps/static,AVAILABLE}
2025-04-24 14:04:40,574 [main] INFO  handler.ContextHandler (ContextHandler.java:doStart(921)) - Started o.e.j.w.WebAppContext@7aca44cb{ozoneManager,/,file:///home/runner/work/ozone/ozone/hadoop-ozone/integration-test/target/test-classes/webapps/ozoneManager/,AVAILABLE}{file:/home/runner/work/ozone/ozone/hadoop-ozone/integration-test/target/test-classes/webapps/ozoneManager}
2025-04-24 14:04:40,575 [main] INFO  server.AbstractConnector (AbstractConnector.java:doStart(333)) - Started ServerConnector@4ec1d679{HTTP/1.1, (http/1.1)}{0.0.0.0:15007}
2025-04-24 14:04:40,575 [main] INFO  server.Server (Server.java:doStart(415)) - Started @161907ms
2025-04-24 14:04:40,575 [main] WARN  impl.MetricsSystemImpl (MetricsSystemImpl.java:register(279)) - Sink prometheus already exists!
2025-04-24 14:04:40,575 [main] INFO  http.BaseHttpServer (BaseHttpServer.java:updateConnectorAddress(360)) - HTTP server of ozoneManager listening at http://0.0.0.0:15007
2025-04-24 14:04:40,576 [IPC Server Responder] INFO  ipc.Server (Server.java:run(1713)) - IPC Server Responder: starting
2025-04-24 14:04:40,576 [IPC Server listener on 15006] INFO  ipc.Server (Server.java:run(1553)) - IPC Server listener on 15006: starting
2025-04-24 14:04:40,577 [main] INFO  om.OzoneManager (OzoneManager.java:startTrashEmptier(2257)) - Trash Interval set to 0. Files deleted won't move to trash
2025-04-24 14:04:40,578 [main] INFO  om.OzoneManager (OzoneManager.java:restart(1878)) - OzoneManager RPC server is listening at localhost/127.0.0.1:15010
2025-04-24 14:04:40,578 [main] INFO  impl.MetricsSystemImpl (MetricsSystemImpl.java:init(158)) - OzoneManager metrics system started (again)
2025-04-24 14:04:40,589 [main] WARN  server.ServerUtils (ServerUtils.java:getDBPath(297)) - ozone.om.db.dirs is not configured. We recommend adding this setting. Falling back to ozone.metadata.dirs instead.
2025-04-24 14:04:40,629 [main] INFO  om.OzoneManager (OzoneManager.java:instantiateServices(933)) - S3 Multi-Tenancy is disabled
2025-04-24 14:04:40,630 [main] INFO  om.OmSnapshotManager (OmSnapshotManager.java:<init>(180)) - Ozone filesystem snapshot feature is enabled.
2025-04-24 14:04:40,630 [main] WARN  server.ServerUtils (ServerUtils.java:getDBPath(297)) - ozone.om.snapshot.diff.db.dir is not configured. We recommend adding this setting. Falling back to ozone.metadata.dirs instead.
2025-04-24 14:04:40,645 [main] WARN  dropwizard3.Dm3MetricRegistriesImpl (Dm3MetricRegistriesImpl.java:addReporterRegistration(114)) - New reporters are added after registries were created. Some metrics will be missing from the reporter. Please add reporter before adding any new registry.
2025-04-24 14:04:40,645 [main] WARN  dropwizard3.Dm3MetricRegistriesImpl (Dm3MetricRegistriesImpl.java:addReporterRegistration(114)) - New reporters are added after registries were created. Some metrics will be missing from the reporter. Please add reporter before adding any new registry.
2025-04-24 14:04:40,645 [main] WARN  server.ServerUtils (ServerUtils.java:getDefaultRatisDirectory(309)) - Storage directory for Ratis is not configured. It is a good idea to map this to an SSD disk. Falling back to ozone.metadata.dirs
2025-04-24 14:04:40,645 [main] INFO  server.RaftServerConfigKeys (ConfUtils.java:logGet(46)) - raft.server.log.appender.buffer.byte-limit = 4194304 (custom)
2025-04-24 14:04:40,646 [main] INFO  ratis.OzoneManagerRatisServer (OzoneManagerRatisServer.java:<init>(167)) - Instantiating OM Ratis server with groupID: om-service-test1 and peers: localhost:15013, localhost:15017, localhost:15009
2025-04-24 14:04:40,646 [main] INFO  ratis.OzoneManagerStateMachine (OzoneManagerStateMachine.java:loadSnapshotInfoFromDB(611)) - LastAppliedIndex is set from TransactionInfo from OM DB as (t:18, i:347)
2025-04-24 14:04:40,647 [main] INFO  server.RaftServer (ConfUtils.java:logGet(46)) - raft.rpc.type = GRPC (default)
2025-04-24 14:04:40,647 [main] INFO  grpc.GrpcConfigKeys (ConfUtils.java:logFallback(53)) - raft.grpc.admin.host = null (fallback to raft.grpc.server.host)
2025-04-24 14:04:40,647 [main] INFO  grpc.GrpcConfigKeys (ConfUtils.java:logFallback(53)) - raft.grpc.admin.port = 15013 (fallback to raft.grpc.server.port)
2025-04-24 14:04:40,647 [main] INFO  grpc.GrpcConfigKeys (ConfUtils.java:logFallback(53)) - raft.grpc.client.host = null (fallback to raft.grpc.server.host)
2025-04-24 14:04:40,647 [main] INFO  grpc.GrpcConfigKeys (ConfUtils.java:logFallback(53)) - raft.grpc.client.port = 15013 (fallback to raft.grpc.server.port)
2025-04-24 14:04:40,648 [main] INFO  grpc.GrpcConfigKeys (ConfUtils.java:logGet(46)) - raft.grpc.server.host = null (default)
2025-04-24 14:04:40,648 [main] INFO  grpc.GrpcConfigKeys (ConfUtils.java:logGet(46)) - raft.grpc.server.port = 15013 (custom)
2025-04-24 14:04:40,648 [main] INFO  server.GrpcService (ConfUtils.java:logGet(46)) - raft.grpc.message.size.max = 5242880 (custom)
2025-04-24 14:04:40,648 [main] INFO  server.GrpcService (ConfUtils.java:logGet(46)) - raft.grpc.flow.control.window = 1MB (=1048576) (default)
2025-04-24 14:04:40,648 [main] INFO  server.RaftServerConfigKeys (ConfUtils.java:logGet(46)) - raft.server.rpc.request.timeout = 3000ms (default)
2025-04-24 14:04:40,648 [main] INFO  grpc.GrpcConfigKeys (ConfUtils.java:logGet(46)) - raft.grpc.server.heartbeat.channel = true (default)
2025-04-24 14:04:40,648 [main] INFO  server.RaftServerConfigKeys (ConfUtils.java:logGet(46)) - raft.server.log.appender.buffer.byte-limit = 4194304 (custom)
2025-04-24 14:04:40,648 [main] INFO  grpc.GrpcConfigKeys (ConfUtils.java:logGet(46)) - raft.grpc.server.async.request.thread.pool.cached = true (default)
2025-04-24 14:04:40,648 [main] INFO  grpc.GrpcConfigKeys (ConfUtils.java:logGet(46)) - raft.grpc.server.async.request.thread.pool.size = 32 (default)
2025-04-24 14:04:40,649 [main] INFO  impl.DataStreamServerImpl (ConfUtils.java:logGet(46)) - raft.datastream.type = DISABLED (default)
2025-04-24 14:04:40,649 [main] INFO  server.RaftServerConfigKeys (ConfUtils.java:logGet(46)) - raft.server.sleep.deviation.threshold = 300ms (default)
2025-04-24 14:04:40,650 [main] INFO  server.RaftServerConfigKeys (ConfUtils.java:logGet(46)) - raft.server.close.threshold = 60s (default)
2025-04-24 14:04:40,650 [main] INFO  server.RaftServerConfigKeys (ConfUtils.java:logGet(46)) - raft.server.leaderelection.leader.step-down.wait-time = 10s (default)
2025-04-24 14:04:40,650 [main] INFO  server.RaftServerConfigKeys (ConfUtils.java:logGet(46)) - raft.server.storage.dir = [/home/runner/work/ozone/ozone/hadoop-ozone/integration-test/target/test-dir/MiniOzoneClusterImpl-4e6105ad-12bc-4f18-9d37-351d73277e17/omNode-2/ratis] (custom)
2025-04-24 14:04:40,650 [main] INFO  server.RaftServerConfigKeys (ConfUtils.java:logGet(46)) - raft.server.threadpool.proxy.cached = true (default)
2025-04-24 14:04:40,650 [main] INFO  server.RaftServerConfigKeys (ConfUtils.java:logGet(46)) - raft.server.threadpool.proxy.size = 0 (default)
2025-04-24 14:04:40,650 [omNode-2-impl-thread1] INFO  server.RaftServer (RaftServerProxy.java:initGroupDir(265)) - omNode-2: found a subdirectory /home/runner/work/ozone/ozone/hadoop-ozone/integration-test/target/test-dir/MiniOzoneClusterImpl-4e6105ad-12bc-4f18-9d37-351d73277e17/omNode-2/ratis/c9bc4cf4-3bc3-3c60-a66b-523986131536
2025-04-24 14:04:40,651 [main] INFO  server.RaftServer (RaftServerProxy.java:addNew(100)) - omNode-2: addNew group-523986131536:[omNode-3|localhost:15017, omNode-1|localhost:15009, omNode-2|localhost:15013] returns group-523986131536:java.util.concurrent.CompletableFuture@6d4a7976[Not completed]
2025-04-24 14:04:40,651 [omNode-2-groupManagement] INFO  server.RaftServer$Division (RaftServerImpl.java:<init>(255)) - omNode-2: new RaftServerImpl for group-523986131536:[omNode-3|localhost:15017, omNode-1|localhost:15009, omNode-2|localhost:15013] with OzoneManagerStateMachine:uninitialized
2025-04-24 14:04:40,651 [omNode-2-groupManagement] INFO  server.RaftServerConfigKeys (ConfUtils.java:logGet(46)) - raft.server.rpc.timeout.min = 1s (custom)
2025-04-24 14:04:40,651 [omNode-2-groupManagement] INFO  server.RaftServerConfigKeys (ConfUtils.java:logGet(46)) - raft.server.rpc.timeout.max = 1200ms (custom)
2025-04-24 14:04:40,651 [omNode-2-groupManagement] INFO  server.RaftServerConfigKeys (ConfUtils.java:logGet(46)) - raft.server.rpc.sleep.time = 25ms (default)
2025-04-24 14:04:40,651 [omNode-2-groupManagement] INFO  server.RaftServerConfigKeys (ConfUtils.java:logGet(46)) - raft.server.rpc.slowness.timeout = 2s (custom)
2025-04-24 14:04:40,651 [omNode-2-groupManagement] INFO  server.RaftServerConfigKeys (ConfUtils.java:logGet(46)) - raft.server.leaderelection.leader.step-down.wait-time = 10s (default)
2025-04-24 14:04:40,651 [omNode-2-groupManagement] INFO  server.RaftServerConfigKeys (ConfUtils.java:logGet(46)) - raft.server.leaderelection.member.majority-add = false (default)
2025-04-24 14:04:40,651 [omNode-2-groupManagement] INFO  server.RaftServerConfigKeys (ConfUtils.java:logGet(46)) - raft.server.sleep.deviation.threshold = 300ms (default)
2025-04-24 14:04:40,651 [omNode-2-groupManagement] INFO  server.RaftServer$Division (ServerState.java:<init>(114)) - omNode-2@group-523986131536: ConfigurationManager, init=conf: {index: -1, cur=peers:[omNode-3|localhost:15017, omNode-1|localhost:15009, omNode-2|localhost:15013]|listeners:[], old=null}, confs=<EMPTY_MAP>
2025-04-24 14:04:40,651 [main] INFO  om.OzoneManager (OzoneManager.java:initializeRatisServer(2303)) - OzoneManager Ratis server initialized at port 15013
2025-04-24 14:04:40,652 [main] INFO  ratis.OzoneManagerRatisServer (OzoneManagerRatisServer.java:start(628)) - Starting OzoneManagerRatisServer omNode-2 at port 15013
2025-04-24 14:04:40,652 [omNode-2-groupManagement] INFO  server.RaftServerConfigKeys (ConfUtils.java:logGet(46)) - raft.server.notification.no-leader.timeout = 2s (custom)
2025-04-24 14:04:40,652 [omNode-2-groupManagement] INFO  server.RaftServerConfigKeys (ConfUtils.java:logGet(46)) - raft.server.read.timeout = 10s (default)
2025-04-24 14:04:40,652 [omNode-2-groupManagement] INFO  server.RaftServerConfigKeys (ConfUtils.java:logGet(46)) - raft.server.retrycache.expirytime = 30000ms (custom)
2025-04-24 14:04:40,652 [omNode-2-groupManagement] INFO  server.RaftServerConfigKeys (ConfUtils.java:logGet(46)) - raft.server.retrycache.statistics.expirytime = 100ms (default)
2025-04-24 14:04:40,652 [omNode-2-groupManagement] INFO  server.RaftServerConfigKeys (ConfUtils.java:logGet(46)) - raft.server.read.option = DEFAULT (default)
2025-04-24 14:04:40,652 [omNode-2-groupManagement] INFO  server.RaftServerConfigKeys (ConfUtils.java:logGet(46)) - raft.server.read.read-after-write-consistent.write-index-cache.expiry-time = 60s (default)
2025-04-24 14:04:40,654 [omNode-2-groupManagement] INFO  server.RaftServerConfigKeys (ConfUtils.java:logGet(46)) - raft.server.rpc.request.timeout = 3000ms (default)
2025-04-24 14:04:40,654 [omNode-2-groupManagement] INFO  server.RaftServerConfigKeys (ConfUtils.java:logGet(46)) - raft.server.log.appender.install.snapshot.enabled = false (custom)
2025-04-24 14:04:40,654 [omNode-2-groupManagement] INFO  server.RaftServerConfigKeys (ConfUtils.java:logGet(46)) - raft.server.threadpool.server.cached = true (default)
2025-04-24 14:04:40,654 [omNode-2-groupManagement] INFO  server.RaftServerConfigKeys (ConfUtils.java:logGet(46)) - raft.server.threadpool.server.size = 0 (default)
2025-04-24 14:04:40,655 [omNode-2-groupManagement] INFO  server.RaftServerConfigKeys (ConfUtils.java:logGet(46)) - raft.server.threadpool.client.cached = true (default)
2025-04-24 14:04:40,655 [omNode-2-groupManagement] INFO  server.RaftServerConfigKeys (ConfUtils.java:logGet(46)) - raft.server.threadpool.client.size = 0 (default)
2025-04-24 14:04:40,655 [omNode-2-impl-thread1] INFO  server.RaftServerConfigKeys (ConfUtils.java:logGet(46)) - raft.server.storage.free-space.min = 0MB (=0) (default)
2025-04-24 14:04:40,655 [omNode-2-impl-thread1] INFO  server.RaftServerConfigKeys (ConfUtils.java:logGet(46)) - raft.server.log.corruption.policy = EXCEPTION (default)
2025-04-24 14:04:40,655 [omNode-2-impl-thread1] INFO  server.RaftServerConfigKeys (ConfUtils.java:logGet(46)) - raft.server.storage.dir = [/home/runner/work/ozone/ozone/hadoop-ozone/integration-test/target/test-dir/MiniOzoneClusterImpl-4e6105ad-12bc-4f18-9d37-351d73277e17/omNode-2/ratis] (custom)
2025-04-24 14:04:40,656 [omNode-2-impl-thread1] INFO  storage.RaftStorageDirectory (RaftStorageDirectoryImpl.java:tryLock(229)) - Lock on /home/runner/work/ozone/ozone/hadoop-ozone/integration-test/target/test-dir/MiniOzoneClusterImpl-4e6105ad-12bc-4f18-9d37-351d73277e17/omNode-2/ratis/c9bc4cf4-3bc3-3c60-a66b-523986131536/in_use.lock acquired by nodename 129728@fv-az2210-761
2025-04-24 14:04:40,656 [omNode-2-impl-thread1] INFO  storage.RaftStorage (RaftStorageImpl.java:analyzeAndRecoverStorage(118)) - Read RaftStorageMetadata{term=18, votedFor=omNode-2} from /home/runner/work/ozone/ozone/hadoop-ozone/integration-test/target/test-dir/MiniOzoneClusterImpl-4e6105ad-12bc-4f18-9d37-351d73277e17/omNode-2/ratis/c9bc4cf4-3bc3-3c60-a66b-523986131536/current/raft-meta
2025-04-24 14:04:40,657 [omNode-2-impl-thread1] INFO  server.RaftServer$Division (ServerState.java:setRaftConf(386)) - omNode-2@group-523986131536: set configuration conf: {index: 340, cur=peers:[omNode-3|localhost:15017, omNode-1|localhost:15009, omNode-2|localhost:15013]|listeners:[], old=null}
2025-04-24 14:04:40,657 [omNode-2-impl-thread1] INFO  ratis.OzoneManagerStateMachine (OzoneManagerStateMachine.java:lambda$0(138)) - omNode-2: initialize group-523986131536 with (t:18, i:347)
2025-04-24 14:04:40,657 [omNode-2-impl-thread1] INFO  server.RaftServerConfigKeys (ConfUtils.java:logGet(46)) - raft.server.log.use.memory = false (default)
2025-04-24 14:04:40,657 [omNode-2-impl-thread1] INFO  server.RaftServerConfigKeys (ConfUtils.java:logGet(46)) - raft.server.log.purge.gap = 50 (custom)
2025-04-24 14:04:40,657 [omNode-2-impl-thread1] INFO  server.RaftServerConfigKeys (ConfUtils.java:logGet(46)) - raft.server.log.appender.buffer.byte-limit = 4194304 (custom)
2025-04-24 14:04:40,657 [omNode-2-impl-thread1] INFO  server.RaftServerConfigKeys (ConfUtils.java:logGet(46)) - raft.server.log.statemachine.data.read.timeout = 1000ms (default)
2025-04-24 14:04:40,657 [omNode-2-impl-thread1] INFO  server.RaftServerConfigKeys (ConfUtils.java:logGet(46)) - raft.server.log.purge.preservation.log.num = 0 (default)
2025-04-24 14:04:40,658 [omNode-2-impl-thread1] INFO  server.RaftServerConfigKeys (ConfUtils.java:logGet(46)) - raft.server.log.segment.size.max = 4194304 (custom)
2025-04-24 14:04:40,659 [omNode-2-impl-thread1] INFO  server.RaftServerConfigKeys (ConfUtils.java:logGet(46)) - raft.server.log.segment.cache.num.max = 2 (custom)
2025-04-24 14:04:40,659 [omNode-2-impl-thread1] INFO  server.RaftServerConfigKeys (ConfUtils.java:logGet(46)) - raft.server.log.segment.cache.size.max = 200MB (=209715200) (default)
2025-04-24 14:04:40,659 [omNode-2-impl-thread1] INFO  server.RaftServerConfigKeys (ConfUtils.java:logGet(46)) - raft.server.log.appender.buffer.byte-limit = 4194304 (custom)
2025-04-24 14:04:40,659 [omNode-2-impl-thread1] INFO  util.AwaitToRun (AwaitToRun.java:start(81)) - Thread[#7833,omNode-2@group-523986131536-cacheEviction-AwaitToRun,5,main] started
2025-04-24 14:04:40,659 [omNode-2-impl-thread1] INFO  segmented.SegmentedRaftLogWorker (SegmentedRaftLogWorker.java:<init>(188)) - new omNode-2@group-523986131536-SegmentedRaftLogWorker for RaftStorageImpl:Storage Directory /home/runner/work/ozone/ozone/hadoop-ozone/integration-test/target/test-dir/MiniOzoneClusterImpl-4e6105ad-12bc-4f18-9d37-351d73277e17/omNode-2/ratis/c9bc4cf4-3bc3-3c60-a66b-523986131536
2025-04-24 14:04:40,659 [omNode-2-impl-thread1] INFO  server.RaftServerConfigKeys (ConfUtils.java:logGet(46)) - raft.server.log.queue.byte-limit = 64MB (=67108864) (default)
2025-04-24 14:04:40,659 [omNode-2-impl-thread1] INFO  server.RaftServerConfigKeys (ConfUtils.java:logGet(46)) - raft.server.log.queue.element-limit = 4096 (default)
2025-04-24 14:04:40,659 [omNode-2-impl-thread1] INFO  server.RaftServerConfigKeys (ConfUtils.java:logGet(46)) - raft.server.log.segment.size.max = 4194304 (custom)
2025-04-24 14:04:40,659 [omNode-2-impl-thread1] INFO  server.RaftServerConfigKeys (ConfUtils.java:logGet(46)) - raft.server.log.preallocated.size = 4194304 (custom)
2025-04-24 14:04:40,659 [omNode-2-impl-thread1] INFO  server.RaftServerConfigKeys (ConfUtils.java:logGet(46)) - raft.server.log.force.sync.num = 128 (default)
2025-04-24 14:04:40,659 [omNode-2-impl-thread1] INFO  server.RaftServerConfigKeys (ConfUtils.java:logGet(46)) - raft.server.log.statemachine.data.sync = true (default)
2025-04-24 14:04:40,659 [omNode-2-impl-thread1] INFO  server.RaftServerConfigKeys (ConfUtils.java:logGet(46)) - raft.server.log.statemachine.data.sync.timeout = 10s (default)
2025-04-24 14:04:40,659 [omNode-2-impl-thread1] INFO  server.RaftServerConfigKeys (ConfUtils.java:logGet(46)) - raft.server.log.statemachine.data.sync.timeout.retry = -1 (default)
2025-04-24 14:04:40,660 [omNode-2-impl-thread1] INFO  server.RaftServerConfigKeys (ConfUtils.java:logGet(46)) - raft.server.log.write.buffer.size = 4194312 (custom)
2025-04-24 14:04:40,660 [omNode-2-impl-thread1] INFO  server.RaftServerConfigKeys (ConfUtils.java:logGet(46)) - raft.server.log.appender.buffer.byte-limit = 4194304 (custom)
2025-04-24 14:04:40,660 [omNode-2-impl-thread1] INFO  server.RaftServerConfigKeys (ConfUtils.java:logGet(46)) - raft.server.log.unsafe-flush.enabled = false (default)
2025-04-24 14:04:40,660 [omNode-2-impl-thread1] INFO  server.RaftServerConfigKeys (ConfUtils.java:logGet(46)) - raft.server.log.async-flush.enabled = false (default)
2025-04-24 14:04:40,660 [omNode-2-impl-thread1] INFO  server.RaftServerConfigKeys (ConfUtils.java:logGet(46)) - raft.server.log.statemachine.data.caching.enabled = false (default)
2025-04-24 14:04:40,660 [omNode-2-impl-thread1] INFO  server.RaftServer$Division (ServerState.java:setRaftConf(386)) - omNode-2@group-523986131536: set configuration conf: {index: 312, cur=peers:[omNode-3|localhost:15017, omNode-1|localhost:15009, omNode-2|localhost:15013]|listeners:[], old=null}
2025-04-24 14:04:40,661 [omNode-2-impl-thread1] INFO  segmented.LogSegment (LogSegment.java:loadSegment(171)) - Successfully read 12 entries from segment file /home/runner/work/ozone/ozone/hadoop-ozone/integration-test/target/test-dir/MiniOzoneClusterImpl-4e6105ad-12bc-4f18-9d37-351d73277e17/omNode-2/ratis/c9bc4cf4-3bc3-3c60-a66b-523986131536/current/log_312-323
2025-04-24 14:04:40,661 [omNode-2-impl-thread1] INFO  server.RaftServer$Division (ServerState.java:setRaftConf(386)) - omNode-2@group-523986131536: set configuration conf: {index: 324, cur=peers:[omNode-3|localhost:15017, omNode-1|localhost:15009, omNode-2|localhost:15013]|listeners:[], old=null}
2025-04-24 14:04:40,661 [omNode-2-impl-thread1] INFO  segmented.LogSegment (LogSegment.java:loadSegment(171)) - Successfully read 12 entries from segment file /home/runner/work/ozone/ozone/hadoop-ozone/integration-test/target/test-dir/MiniOzoneClusterImpl-4e6105ad-12bc-4f18-9d37-351d73277e17/omNode-2/ratis/c9bc4cf4-3bc3-3c60-a66b-523986131536/current/log_324-335
2025-04-24 14:04:40,661 [omNode-2-impl-thread1] INFO  server.RaftServer$Division (ServerState.java:setRaftConf(386)) - omNode-2@group-523986131536: set configuration conf: {index: 336, cur=peers:[omNode-3|localhost:15017, omNode-1|localhost:15009, omNode-2|localhost:15013]|listeners:[], old=null}
2025-04-24 14:04:40,661 [omNode-2-impl-thread1] INFO  segmented.LogSegment (LogSegment.java:loadSegment(171)) - Successfully read 2 entries from segment file /home/runner/work/ozone/ozone/hadoop-ozone/integration-test/target/test-dir/MiniOzoneClusterImpl-4e6105ad-12bc-4f18-9d37-351d73277e17/omNode-2/ratis/c9bc4cf4-3bc3-3c60-a66b-523986131536/current/log_336-337
2025-04-24 14:04:40,661 [omNode-2-impl-thread1] INFO  server.RaftServer$Division (ServerState.java:setRaftConf(386)) - omNode-2@group-523986131536: set configuration conf: {index: 338, cur=peers:[omNode-3|localhost:15017, omNode-1|localhost:15009, omNode-2|localhost:15013]|listeners:[], old=null}
2025-04-24 14:04:40,662 [omNode-2-impl-thread1] INFO  segmented.LogSegment (LogSegment.java:loadSegment(171)) - Successfully read 2 entries from segment file /home/runner/work/ozone/ozone/hadoop-ozone/integration-test/target/test-dir/MiniOzoneClusterImpl-4e6105ad-12bc-4f18-9d37-351d73277e17/omNode-2/ratis/c9bc4cf4-3bc3-3c60-a66b-523986131536/current/log_338-339
2025-04-24 14:04:40,662 [omNode-2-impl-thread1] INFO  server.RaftServer$Division (ServerState.java:setRaftConf(386)) - omNode-2@group-523986131536: set configuration conf: {index: 340, cur=peers:[omNode-3|localhost:15017, omNode-1|localhost:15009, omNode-2|localhost:15013]|listeners:[], old=null}
2025-04-24 14:04:40,662 [omNode-2-impl-thread1] INFO  segmented.LogSegment (LogSegment.java:loadSegment(171)) - Successfully read 8 entries from segment file /home/runner/work/ozone/ozone/hadoop-ozone/integration-test/target/test-dir/MiniOzoneClusterImpl-4e6105ad-12bc-4f18-9d37-351d73277e17/omNode-2/ratis/c9bc4cf4-3bc3-3c60-a66b-523986131536/current/log_inprogress_340
2025-04-24 14:04:40,662 [omNode-2-impl-thread1] INFO  segmented.SegmentedRaftLogWorker (SegmentedRaftLogWorker.java:lambda$new$0(139)) - omNode-2@group-523986131536-SegmentedRaftLogWorker: flushIndex: setUnconditionally 0 -> 347
2025-04-24 14:04:40,662 [omNode-2-impl-thread1] INFO  segmented.SegmentedRaftLogWorker (SegmentedRaftLogWorker.java:lambda$new$0(139)) - omNode-2@group-523986131536-SegmentedRaftLogWorker: safeCacheEvictIndex: setUnconditionally 0 -> 339
2025-04-24 14:04:40,662 [omNode-2-impl-thread1] INFO  segmented.BufferedWriteChannel (BufferedWriteChannel.java:open(61)) - open log_inprogress_340 (append) at position 1225
2025-04-24 14:04:40,662 [omNode-2-impl-thread1] INFO  raftlog.RaftLog (RaftLogBase.java:lambda$new$0(54)) - omNode-2@group-523986131536-SegmentedRaftLog: purgeIndex: updateToMax old=-1, new=311, updated? true
2025-04-24 14:04:40,662 [omNode-2-impl-thread1] INFO  server.RaftServer$Division (RaftServerImpl.java:start(391)) - omNode-2@group-523986131536: start as a follower, conf=conf: {index: 340, cur=peers:[omNode-3|localhost:15017, omNode-1|localhost:15009, omNode-2|localhost:15013]|listeners:[], old=null}
2025-04-24 14:04:40,663 [omNode-2-impl-thread1] INFO  server.RaftServer$Division (RaftServerImpl.java:setRole(378)) - omNode-2@group-523986131536: changes role from      null to FOLLOWER at term 18 for startAsFollower
2025-04-24 14:04:40,663 [omNode-2-impl-thread1] INFO  impl.RoleInfo (RoleInfo.java:updateAndGet(148)) - omNode-2: start omNode-2@group-523986131536-FollowerState
2025-04-24 14:04:40,663 [omNode-2-impl-thread1] INFO  util.JmxRegister (JmxRegister.java:tryRegister(44)) - Successfully registered JMX Bean with object name Ratis:service=RaftServer,group=group-523986131536,id=omNode-2
2025-04-24 14:04:40,663 [omNode-2-impl-thread1] INFO  util.JmxRegister (JmxRegister.java:register(58)) - register mxBean class org.apache.ratis.server.impl.RaftServerJmxAdapter as Ratis:service=RaftServer,group=group-523986131536,id=omNode-2
2025-04-24 14:04:40,663 [omNode-2-impl-thread1] INFO  server.RaftServerConfigKeys (ConfUtils.java:logGet(46)) - raft.server.snapshot.trigger-when-stop.enabled = true (default)
2025-04-24 14:04:40,663 [omNode-2-impl-thread1] INFO  server.RaftServerConfigKeys (ConfUtils.java:logGet(46)) - raft.server.snapshot.trigger-when-remove.enabled = true (default)
2025-04-24 14:04:40,663 [omNode-2-impl-thread1] INFO  server.RaftServerConfigKeys (ConfUtils.java:logGet(46)) - raft.server.snapshot.auto.trigger.enabled = true (custom)
2025-04-24 14:04:40,663 [omNode-2-impl-thread1] INFO  server.RaftServerConfigKeys (ConfUtils.java:logGet(46)) - raft.server.snapshot.auto.trigger.threshold = 50 (custom)
2025-04-24 14:04:40,663 [omNode-2-impl-thread1] INFO  server.RaftServerConfigKeys (ConfUtils.java:logGet(46)) - raft.server.snapshot.retention.file.num = -1 (default)
2025-04-24 14:04:40,663 [omNode-2-impl-thread1] INFO  server.RaftServerConfigKeys (ConfUtils.java:logGet(46)) - raft.server.log.purge.upto.snapshot.index = true (custom)
2025-04-24 14:04:40,664 [omNode-2@group-523986131536-FollowerState] INFO  server.RaftServerConfigKeys (ConfUtils.java:logFallback(53)) - raft.server.rpc.first-election.timeout.min = 1s (fallback to raft.server.rpc.timeout.min)
2025-04-24 14:04:40,664 [omNode-2@group-523986131536-FollowerState] INFO  server.RaftServerConfigKeys (ConfUtils.java:logFallback(53)) - raft.server.rpc.first-election.timeout.max = 1200ms (fallback to raft.server.rpc.timeout.max)
2025-04-24 14:04:40,664 [omNode-2-impl-thread1] INFO  server.RaftServer$Division (RaftServerImpl.java:start(405)) - omNode-2@group-523986131536: Successfully started.
2025-04-24 14:04:40,664 [main] INFO  server.RaftServer (RaftServerProxy.java:startImpl(407)) - omNode-2: start RPC server
2025-04-24 14:04:40,665 [main] INFO  server.GrpcService (GrpcService.java:startImpl(334)) - omNode-2: GrpcService started, listening on 15013
2025-04-24 14:04:40,665 [main] INFO  om.OzoneManager (OzoneManager.java:getRpcServer(1360)) - Creating RPC Server
2025-04-24 14:04:40,665 [JvmPauseMonitor40] INFO  util.JvmPauseMonitor (JvmPauseMonitor.java:run(146)) - JvmPauseMonitor-omNode-2: Started
2025-04-24 14:04:40,801 [omNode-3@group-523986131536-FollowerState] INFO  impl.FollowerState (FollowerState.java:runImpl(161)) - omNode-3@group-523986131536-FollowerState: change to CANDIDATE, lastRpcElapsedTime:1052317915ns, electionTimeout:1051ms
2025-04-24 14:04:40,801 [omNode-3@group-523986131536-FollowerState] INFO  impl.RoleInfo (RoleInfo.java:shutdownFollowerState(121)) - omNode-3: shutdown omNode-3@group-523986131536-FollowerState
2025-04-24 14:04:40,801 [omNode-3@group-523986131536-FollowerState] INFO  server.RaftServer$Division (RaftServerImpl.java:setRole(378)) - omNode-3@group-523986131536: changes role from  FOLLOWER to CANDIDATE at term 18 for changeToCandidate
2025-04-24 14:04:40,802 [omNode-3@group-523986131536-FollowerState] INFO  server.RaftServerConfigKeys (ConfUtils.java:logGet(46)) - raft.server.leaderelection.pre-vote = true (default)
2025-04-24 14:04:40,802 [omNode-3@group-523986131536-FollowerState] INFO  impl.RoleInfo (RoleInfo.java:updateAndGet(148)) - omNode-3: start omNode-3@group-523986131536-LeaderElection36
2025-04-24 14:04:40,804 [omNode-3@group-523986131536-LeaderElection36] INFO  impl.LeaderElection (LeaderElection.java:askForVotes(332)) - omNode-3@group-523986131536-LeaderElection36 PRE_VOTE round 0: submit vote requests at term 18 for conf: {index: 340, cur=peers:[omNode-3|localhost:15017, omNode-1|localhost:15009, omNode-2|localhost:15013]|listeners:[], old=null}
2025-04-24 14:04:40,807 [omNode-3@group-523986131536-LeaderElection36-1] INFO  server.GrpcServerProtocolClient (GrpcServerProtocolClient.java:<init>(65)) - Build channel for omNode-1|localhost:15009
2025-04-24 14:04:40,807 [omNode-3@group-523986131536-LeaderElection36] INFO  server.RaftServerConfigKeys (ConfUtils.java:logFallback(53)) - raft.server.rpc.first-election.timeout.min = 1s (fallback to raft.server.rpc.timeout.min)
2025-04-24 14:04:40,807 [omNode-3@group-523986131536-LeaderElection36] INFO  server.RaftServerConfigKeys (ConfUtils.java:logFallback(53)) - raft.server.rpc.first-election.timeout.max = 1200ms (fallback to raft.server.rpc.timeout.max)
2025-04-24 14:04:40,808 [omNode-3@group-523986131536-LeaderElection36-2] INFO  server.GrpcServerProtocolClient (GrpcServerProtocolClient.java:<init>(65)) - Build channel for omNode-2|localhost:15013
2025-04-24 14:04:40,812 [grpc-default-executor-6] INFO  server.RaftServer$Division (RaftServerImpl.java:requestVote(1407)) - omNode-1@group-523986131536: receive requestVote(PRE_VOTE, omNode-3, group-523986131536, 18, (t:18, i:347))
2025-04-24 14:04:40,812 [grpc-default-executor-6] INFO  impl.VoteContext (VoteContext.java:log(49)) - omNode-1@group-523986131536-FOLLOWER: accept PRE_VOTE from omNode-3: our last entry (t:17, i:339) < candidate's last entry (t:18, i:347)
2025-04-24 14:04:40,812 [grpc-default-executor-6] INFO  server.RaftServer$Division (RaftServerImpl.java:requestVote(1441)) - omNode-1@group-523986131536 replies to PRE_VOTE vote request: omNode-3<-omNode-1#0:OK-t17. Peer's state: omNode-1@group-523986131536:t17, leader=null, voted=omNode-1, raftlog=Memoized:omNode-1@group-523986131536-SegmentedRaftLog:OPENED:c339:last(t:17, i:339), conf=conf: {index: 338, cur=peers:[omNode-3|localhost:15017, omNode-1|localhost:15009, omNode-2|localhost:15013]|listeners:[], old=null}
2025-04-24 14:04:40,814 [omNode-3@group-523986131536-LeaderElection36] INFO  impl.LeaderElection (LeaderElection.java:logAndReturn(90)) - omNode-3@group-523986131536-LeaderElection36: PRE_VOTE PASSED received 1 response(s) and 0 exception(s):
2025-04-24 14:04:40,816 [omNode-3@group-523986131536-LeaderElection36] INFO  impl.LeaderElection (LeaderElection.java:logAndReturn(94)) -   Response 0: omNode-3<-omNode-1#0:OK-t17
2025-04-24 14:04:40,816 [omNode-3@group-523986131536-LeaderElection36] INFO  impl.LeaderElection (LeaderElection.java:askForVotes(334)) - omNode-3@group-523986131536-LeaderElection36 PRE_VOTE round 0: result PASSED
2025-04-24 14:04:40,816 [grpc-default-executor-6] INFO  server.RaftServer$Division (RaftServerImpl.java:requestVote(1407)) - omNode-2@group-523986131536: receive requestVote(PRE_VOTE, omNode-3, group-523986131536, 18, (t:18, i:347))
2025-04-24 14:04:40,816 [grpc-default-executor-6] INFO  impl.VoteContext (VoteContext.java:log(49)) - omNode-2@group-523986131536-FOLLOWER: accept PRE_VOTE from omNode-3: our priority 0 <= candidate's priority 0
2025-04-24 14:04:40,816 [grpc-default-executor-6] INFO  server.RaftServer$Division (RaftServerImpl.java:requestVote(1441)) - omNode-2@group-523986131536 replies to PRE_VOTE vote request: omNode-3<-omNode-2#0:OK-t18. Peer's state: omNode-2@group-523986131536:t18, leader=null, voted=omNode-2, raftlog=Memoized:omNode-2@group-523986131536-SegmentedRaftLog:OPENED:c347:last(t:18, i:347), conf=conf: {index: 340, cur=peers:[omNode-3|localhost:15017, omNode-1|localhost:15009, omNode-2|localhost:15013]|listeners:[], old=null}
2025-04-24 14:04:40,818 [omNode-3@group-523986131536-LeaderElection36] INFO  impl.LeaderElection (LeaderElection.java:askForVotes(332)) - omNode-3@group-523986131536-LeaderElection36 ELECTION round 0: submit vote requests at term 19 for conf: {index: 340, cur=peers:[omNode-3|localhost:15017, omNode-1|localhost:15009, omNode-2|localhost:15013]|listeners:[], old=null}
2025-04-24 14:04:40,818 [omNode-3@group-523986131536-LeaderElection36] INFO  server.RaftServerConfigKeys (ConfUtils.java:logFallback(53)) - raft.server.rpc.first-election.timeout.min = 1s (fallback to raft.server.rpc.timeout.min)
2025-04-24 14:04:40,819 [omNode-3@group-523986131536-LeaderElection36] INFO  server.RaftServerConfigKeys (ConfUtils.java:logFallback(53)) - raft.server.rpc.first-election.timeout.max = 1200ms (fallback to raft.server.rpc.timeout.max)
2025-04-24 14:04:40,820 [grpc-default-executor-6] INFO  server.RaftServer$Division (RaftServerImpl.java:requestVote(1407)) - omNode-1@group-523986131536: receive requestVote(ELECTION, omNode-3, group-523986131536, 19, (t:18, i:347))
2025-04-24 14:04:40,820 [grpc-default-executor-3] INFO  server.RaftServer$Division (RaftServerImpl.java:requestVote(1407)) - omNode-2@group-523986131536: receive requestVote(ELECTION, omNode-3, group-523986131536, 19, (t:18, i:347))
2025-04-24 14:04:40,820 [grpc-default-executor-3] INFO  impl.VoteContext (VoteContext.java:log(49)) - omNode-2@group-523986131536-FOLLOWER: accept ELECTION from omNode-3: our priority 0 <= candidate's priority 0
2025-04-24 14:04:40,820 [grpc-default-executor-3] INFO  server.RaftServer$Division (RaftServerImpl.java:setRole(378)) - omNode-2@group-523986131536: changes role from  FOLLOWER to FOLLOWER at term 18 for candidate:omNode-3
2025-04-24 14:04:40,820 [grpc-default-executor-3] INFO  impl.RoleInfo (RoleInfo.java:shutdownFollowerState(121)) - omNode-2: shutdown omNode-2@group-523986131536-FollowerState
2025-04-24 14:04:40,821 [grpc-default-executor-3] INFO  impl.RoleInfo (RoleInfo.java:updateAndGet(148)) - omNode-2: start omNode-2@group-523986131536-FollowerState
2025-04-24 14:04:40,821 [omNode-2@group-523986131536-FollowerState] INFO  impl.FollowerState (FollowerState.java:runImpl(170)) - omNode-2@group-523986131536-FollowerState was interrupted
2025-04-24 14:04:40,821 [grpc-default-executor-6] INFO  impl.VoteContext (VoteContext.java:log(49)) - omNode-1@group-523986131536-FOLLOWER: accept ELECTION from omNode-3: our last entry (t:17, i:339) < candidate's last entry (t:18, i:347)
2025-04-24 14:04:40,821 [grpc-default-executor-3] INFO  server.RaftServer$Division (RaftServerImpl.java:setFirstElection(562)) - omNode-2@group-523986131536: set firstElectionSinceStartup to false for candidate:omNode-3
2025-04-24 14:04:40,821 [omNode-2@group-523986131536-FollowerState] INFO  server.RaftServerConfigKeys (ConfUtils.java:logFallback(53)) - raft.server.rpc.first-election.timeout.min = 1s (fallback to raft.server.rpc.timeout.min)
2025-04-24 14:04:40,822 [omNode-2@group-523986131536-FollowerState] INFO  server.RaftServerConfigKeys (ConfUtils.java:logFallback(53)) - raft.server.rpc.first-election.timeout.max = 1200ms (fallback to raft.server.rpc.timeout.max)
2025-04-24 14:04:40,822 [grpc-default-executor-6] INFO  server.RaftServer$Division (RaftServerImpl.java:setRole(378)) - omNode-1@group-523986131536: changes role from  FOLLOWER to FOLLOWER at term 17 for candidate:omNode-3
2025-04-24 14:04:40,823 [grpc-default-executor-6] INFO  impl.RoleInfo (RoleInfo.java:shutdownFollowerState(121)) - omNode-1: shutdown omNode-1@group-523986131536-FollowerState
2025-04-24 14:04:40,823 [grpc-default-executor-6] INFO  impl.RoleInfo (RoleInfo.java:updateAndGet(148)) - omNode-1: start omNode-1@group-523986131536-FollowerState
2025-04-24 14:04:40,823 [omNode-1@group-523986131536-FollowerState] INFO  impl.FollowerState (FollowerState.java:runImpl(170)) - omNode-1@group-523986131536-FollowerState was interrupted
2025-04-24 14:04:40,823 [grpc-default-executor-6] INFO  server.RaftServer$Division (RaftServerImpl.java:setFirstElection(562)) - omNode-1@group-523986131536: set firstElectionSinceStartup to false for candidate:omNode-3
2025-04-24 14:04:40,823 [grpc-default-executor-3] INFO  server.RaftServer$Division (RaftServerImpl.java:requestVote(1441)) - omNode-2@group-523986131536 replies to ELECTION vote request: omNode-3<-omNode-2#0:OK-t19. Peer's state: omNode-2@group-523986131536:t19, leader=null, voted=omNode-3, raftlog=Memoized:omNode-2@group-523986131536-SegmentedRaftLog:OPENED:c347:last(t:18, i:347), conf=conf: {index: 340, cur=peers:[omNode-3|localhost:15017, omNode-1|localhost:15009, omNode-2|localhost:15013]|listeners:[], old=null}
2025-04-24 14:04:40,825 [grpc-default-executor-6] INFO  server.RaftServer$Division (RaftServerImpl.java:requestVote(1441)) - omNode-1@group-523986131536 replies to ELECTION vote request: omNode-3<-omNode-1#0:OK-t19. Peer's state: omNode-1@group-523986131536:t19, leader=null, voted=omNode-3, raftlog=Memoized:omNode-1@group-523986131536-SegmentedRaftLog:OPENED:c339:last(t:17, i:339), conf=conf: {index: 338, cur=peers:[omNode-3|localhost:15017, omNode-1|localhost:15009, omNode-2|localhost:15013]|listeners:[], old=null}
2025-04-24 14:04:40,827 [omNode-3@group-523986131536-LeaderElection36] INFO  impl.LeaderElection (LeaderElection.java:logAndReturn(90)) - omNode-3@group-523986131536-LeaderElection36: ELECTION PASSED received 1 response(s) and 0 exception(s):
2025-04-24 14:04:40,827 [omNode-3@group-523986131536-LeaderElection36] INFO  impl.LeaderElection (LeaderElection.java:logAndReturn(94)) -   Response 0: omNode-3<-omNode-1#0:OK-t19
2025-04-24 14:04:40,827 [omNode-3@group-523986131536-LeaderElection36] INFO  impl.LeaderElection (LeaderElection.java:askForVotes(334)) - omNode-3@group-523986131536-LeaderElection36 ELECTION round 0: result PASSED
2025-04-24 14:04:40,827 [omNode-3@group-523986131536-LeaderElection36] INFO  impl.RoleInfo (RoleInfo.java:shutdownLeaderElection(141)) - omNode-3: shutdown omNode-3@group-523986131536-LeaderElection36
2025-04-24 14:04:40,827 [omNode-3@group-523986131536-LeaderElection36] INFO  server.RaftServer$Division (RaftServerImpl.java:setRole(378)) - omNode-3@group-523986131536: changes role from CANDIDATE to LEADER at term 19 for changeToLeader
2025-04-24 14:04:40,827 [omNode-3@group-523986131536-LeaderElection36] INFO  server.RaftServerConfigKeys (ConfUtils.java:logGet(46)) - raft.server.staging.catchup.gap = 1000 (default)
2025-04-24 14:04:40,827 [omNode-3@group-523986131536-LeaderElection36] INFO  server.RaftServerConfigKeys (ConfUtils.java:logGet(46)) - raft.server.write.element-limit = 4096 (default)
2025-04-24 14:04:40,828 [omNode-3@group-523986131536-LeaderElection36] INFO  server.RaftServerConfigKeys (ConfUtils.java:logGet(46)) - raft.server.write.byte-limit = 64MB (=67108864) (default)
2025-04-24 14:04:40,828 [omNode-3@group-523986131536-LeaderElection36] INFO  server.RaftServerConfigKeys (ConfUtils.java:logGet(46)) - raft.server.watch.timeout = 10s (default)
2025-04-24 14:04:40,828 [omNode-3@group-523986131536-LeaderElection36] INFO  server.RaftServerConfigKeys (ConfUtils.java:logGet(46)) - raft.server.watch.timeout.denomination = 1s (default)
2025-04-24 14:04:40,828 [omNode-3@group-523986131536-LeaderElection36] INFO  server.RaftServerConfigKeys (ConfUtils.java:logGet(46)) - raft.server.watch.element-limit = 65536 (default)
2025-04-24 14:04:40,828 [omNode-3@group-523986131536-LeaderElection36] INFO  server.RaftServerConfigKeys (ConfUtils.java:logGet(46)) - raft.server.read.leader.lease.enabled = false (default)
2025-04-24 14:04:40,828 [omNode-3@group-523986131536-LeaderElection36] INFO  server.RaftServerConfigKeys (ConfUtils.java:logGet(46)) - raft.server.read.leader.lease.timeout.ratio = 0.9 (default)
2025-04-24 14:04:40,829 [omNode-3@group-523986131536-LeaderElection36] INFO  server.RaftServerConfigKeys (ConfUtils.java:logGet(46)) - raft.server.rpc.timeout.min = 1s (custom)
2025-04-24 14:04:40,829 [omNode-3@group-523986131536-LeaderElection36] INFO  server.RaftServerConfigKeys (ConfUtils.java:logGet(46)) - raft.server.log.log-metadata.enabled = true (default)
2025-04-24 14:04:40,830 [omNode-3@group-523986131536-LeaderElection36] INFO  server.RaftServerConfigKeys (ConfUtils.java:logGet(46)) - raft.server.write.element-limit = 4096 (default)
2025-04-24 14:04:40,830 [omNode-3@group-523986131536-LeaderElection36] INFO  server.RaftServerConfigKeys (ConfUtils.java:logGet(46)) - raft.server.write.follower.gap.ratio.max = -1.0 (default)
2025-04-24 14:04:40,830 [omNode-3@group-523986131536-LeaderElection36] INFO  server.RaftServerConfigKeys (ConfUtils.java:logGet(46)) - raft.server.log.appender.snapshot.chunk.size.max = 16MB (=16777216) (default)
2025-04-24 14:04:40,830 [omNode-3@group-523986131536-LeaderElection36] INFO  server.RaftServerConfigKeys (ConfUtils.java:logGet(46)) - raft.server.log.appender.buffer.byte-limit = 4194304 (custom)
2025-04-24 14:04:40,830 [omNode-3@group-523986131536-LeaderElection36] INFO  server.RaftServerConfigKeys (ConfUtils.java:logGet(46)) - raft.server.log.appender.buffer.element-limit = 1024 (custom)
2025-04-24 14:04:40,831 [omNode-3@group-523986131536-LeaderElection36] INFO  server.RaftServerConfigKeys (ConfUtils.java:logGet(46)) - raft.server.log.appender.wait-time.min = 0ms (custom)
2025-04-24 14:04:40,831 [omNode-3@group-523986131536-LeaderElection36] INFO  grpc.GrpcConfigKeys (ConfUtils.java:logGet(46)) - raft.grpc.server.leader.outstanding.appends.max = 8 (default)
2025-04-24 14:04:40,831 [omNode-3@group-523986131536-LeaderElection36] INFO  server.RaftServerConfigKeys (ConfUtils.java:logGet(46)) - raft.server.rpc.request.timeout = 3000ms (default)
2025-04-24 14:04:40,832 [omNode-3@group-523986131536-LeaderElection36] INFO  grpc.GrpcConfigKeys (ConfUtils.java:logGet(46)) - raft.grpc.server.install_snapshot.request.element-limit = 8 (default)
2025-04-24 14:04:40,832 [omNode-3@group-523986131536-LeaderElection36] INFO  grpc.GrpcConfigKeys (ConfUtils.java:logGet(46)) - raft.grpc.server.install_snapshot.request.timeout = 3000ms (default)
2025-04-24 14:04:40,832 [omNode-3@group-523986131536-LeaderElection36] INFO  grpc.GrpcConfigKeys (ConfUtils.java:logGet(46)) - raft.grpc.server.log-message.batch.duration = 5s (default)
2025-04-24 14:04:40,832 [omNode-3@group-523986131536-LeaderElection36] INFO  server.RaftServerConfigKeys (ConfUtils.java:logGet(46)) - raft.server.log.appender.install.snapshot.enabled = false (custom)
2025-04-24 14:04:40,832 [omNode-3@group-523986131536-LeaderElection36] INFO  grpc.GrpcConfigKeys (ConfUtils.java:logGet(46)) - raft.grpc.server.heartbeat.channel = true (default)
2025-04-24 14:04:40,834 [omNode-3@group-523986131536-LeaderElection36] INFO  server.RaftServerConfigKeys (ConfUtils.java:logGet(46)) - raft.server.log.appender.snapshot.chunk.size.max = 16MB (=16777216) (default)
2025-04-24 14:04:40,834 [omNode-3@group-523986131536-LeaderElection36] INFO  server.RaftServerConfigKeys (ConfUtils.java:logGet(46)) - raft.server.log.appender.buffer.byte-limit = 4194304 (custom)
2025-04-24 14:04:40,834 [omNode-3@group-523986131536-LeaderElection36] INFO  server.RaftServerConfigKeys (ConfUtils.java:logGet(46)) - raft.server.log.appender.buffer.element-limit = 1024 (custom)
2025-04-24 14:04:40,834 [omNode-3@group-523986131536-LeaderElection36] INFO  server.RaftServerConfigKeys (ConfUtils.java:logGet(46)) - raft.server.log.appender.wait-time.min = 0ms (custom)
2025-04-24 14:04:40,834 [omNode-3@group-523986131536-LeaderElection36] INFO  grpc.GrpcConfigKeys (ConfUtils.java:logGet(46)) - raft.grpc.server.leader.outstanding.appends.max = 8 (default)
2025-04-24 14:04:40,834 [omNode-3@group-523986131536-LeaderElection36] INFO  server.RaftServerConfigKeys (ConfUtils.java:logGet(46)) - raft.server.rpc.request.timeout = 3000ms (default)
2025-04-24 14:04:40,834 [omNode-3@group-523986131536-LeaderElection36] INFO  grpc.GrpcConfigKeys (ConfUtils.java:logGet(46)) - raft.grpc.server.install_snapshot.request.element-limit = 8 (default)
2025-04-24 14:04:40,834 [omNode-3@group-523986131536-LeaderElection36] INFO  grpc.GrpcConfigKeys (ConfUtils.java:logGet(46)) - raft.grpc.server.install_snapshot.request.timeout = 3000ms (default)
2025-04-24 14:04:40,834 [omNode-3@group-523986131536-LeaderElection36] INFO  grpc.GrpcConfigKeys (ConfUtils.java:logGet(46)) - raft.grpc.server.log-message.batch.duration = 5s (default)
2025-04-24 14:04:40,834 [omNode-3@group-523986131536-LeaderElection36] INFO  server.RaftServerConfigKeys (ConfUtils.java:logGet(46)) - raft.server.log.appender.install.snapshot.enabled = false (custom)
2025-04-24 14:04:40,834 [omNode-3@group-523986131536-LeaderElection36] INFO  grpc.GrpcConfigKeys (ConfUtils.java:logGet(46)) - raft.grpc.server.heartbeat.channel = true (default)
2025-04-24 14:04:40,835 [omNode-3@group-523986131536-LeaderElection36] INFO  impl.RoleInfo (RoleInfo.java:updateAndGet(148)) - omNode-3: start omNode-3@group-523986131536-LeaderStateImpl
2025-04-24 14:04:40,835 [omNode-3@group-523986131536-LeaderElection36] INFO  server.RaftServer$Division (RaftServerImpl.java:setFirstElection(562)) - omNode-3@group-523986131536: set firstElectionSinceStartup to false for becomeLeader
2025-04-24 14:04:40,835 [omNode-3@group-523986131536-LeaderElection36] INFO  ratis.OzoneManagerStateMachine (OzoneManagerStateMachine.java:notifyLeaderChanged(169)) - omNode-3@group-523986131536: leader changed to omNode-3
2025-04-24 14:04:40,835 [omNode-3@group-523986131536-LeaderElection36] INFO  server.RaftServer$Division (ServerState.java:setLeader(272)) - omNode-3@group-523986131536: change Leader from null to omNode-3 at term 19 for becomeLeader, leader elected after 1095ms
2025-04-24 14:04:40,835 [omNode-3@group-523986131536-LeaderElection36] INFO  segmented.SegmentedRaftLogWorker (SegmentedRaftLogWorker.java:rollLogSegment(443)) - omNode-3@group-523986131536-SegmentedRaftLogWorker: Rolling segment log-340_347 to index:347
2025-04-24 14:04:40,837 [omNode-3@group-523986131536-SegmentedRaftLogWorker] INFO  segmented.SegmentedRaftLogWorker (SegmentedRaftLogWorker.java:execute(601)) - omNode-3@group-523986131536-SegmentedRaftLogWorker: Rolled log segment from /home/runner/work/ozone/ozone/hadoop-ozone/integration-test/target/test-dir/MiniOzoneClusterImpl-4e6105ad-12bc-4f18-9d37-351d73277e17/omNode-3/ratis/c9bc4cf4-3bc3-3c60-a66b-523986131536/current/log_inprogress_340 to /home/runner/work/ozone/ozone/hadoop-ozone/integration-test/target/test-dir/MiniOzoneClusterImpl-4e6105ad-12bc-4f18-9d37-351d73277e17/omNode-3/ratis/c9bc4cf4-3bc3-3c60-a66b-523986131536/current/log_340-347
2025-04-24 14:04:40,837 [omNode-3@group-523986131536-LeaderElection36] INFO  server.RaftServer$Division (ServerState.java:setRaftConf(386)) - omNode-3@group-523986131536: set configuration conf: {index: 348, cur=peers:[omNode-3|localhost:15017, omNode-1|localhost:15009, omNode-2|localhost:15013]|listeners:[], old=null}
2025-04-24 14:04:40,838 [omNode-3@group-523986131536-SegmentedRaftLogWorker] INFO  segmented.BufferedWriteChannel (BufferedWriteChannel.java:open(61)) - open log_inprogress_348 at position 0
2025-04-24 14:04:40,846 [omNode-2-server-thread1] INFO  ratis.OzoneManagerStateMachine (OzoneManagerStateMachine.java:notifyLeaderChanged(169)) - omNode-2@group-523986131536: leader changed to omNode-3
2025-04-24 14:04:40,846 [omNode-2-server-thread1] INFO  server.RaftServer$Division (ServerState.java:setLeader(272)) - omNode-2@group-523986131536: change Leader from null to omNode-3 at term 19 for appendEntries, leader elected after 194ms
2025-04-24 14:04:40,847 [omNode-1-server-thread1] INFO  ratis.OzoneManagerStateMachine (OzoneManagerStateMachine.java:notifyLeaderChanged(169)) - omNode-1@group-523986131536: leader changed to omNode-3
2025-04-24 14:04:40,847 [omNode-1-server-thread1] INFO  server.RaftServer$Division (ServerState.java:setLeader(272)) - omNode-1@group-523986131536: change Leader from null to omNode-3 at term 19 for appendEntries, leader elected after 646ms
2025-04-24 14:04:40,847 [omNode-1-server-thread1] INFO  server.RaftServer$Division (RaftServerImpl.java:checkInconsistentAppendEntries(1648)) - omNode-1@group-523986131536: Failed appendEntries as previous log entry ((t:18, i:347)) is not found
2025-04-24 14:04:40,847 [omNode-1-server-thread1] INFO  server.RaftServer$Division (RaftServerImpl.java:appendEntriesAsync(1580)) - omNode-1@group-523986131536: appendEntries* reply omNode-3<-omNode-1#0:FAIL-t19,INCONSISTENCY,nextIndex=340,followerCommit=339,matchIndex=-1
2025-04-24 14:04:40,847 [grpc-default-executor-1] WARN  server.GrpcLogAppender (GrpcLogAppender.java:onNextImpl(519)) - omNode-3@group-523986131536->omNode-1-AppendLogResponseHandler: received INCONSISTENCY reply with nextIndex 340, errorCount=1, request=AppendEntriesRequest:cid=0,entriesCount=0
2025-04-24 14:04:40,847 [grpc-default-executor-1] INFO  leader.FollowerInfo (FollowerInfoImpl.java:info(70)) - omNode-3@group-523986131536->omNode-1: setNextIndex nextIndex: updateUnconditionally 349 -> 340
2025-04-24 14:04:40,847 [omNode-1-server-thread1] INFO  server.RaftServer$Division (RaftServerImpl.java:checkInconsistentAppendEntries(1648)) - omNode-1@group-523986131536: Failed appendEntries as previous log entry ((t:18, i:347)) is not found
2025-04-24 14:04:40,848 [omNode-1-server-thread1] INFO  server.RaftServer$Division (RaftServerImpl.java:appendEntriesAsync(1580)) - omNode-1@group-523986131536: appendEntries* reply omNode-3<-omNode-1#1:FAIL-t19,INCONSISTENCY,nextIndex=340,followerCommit=339,matchIndex=-1
2025-04-24 14:04:40,848 [omNode-2-server-thread2] INFO  server.RaftServer$Division (ServerState.java:setRaftConf(386)) - omNode-2@group-523986131536: set configuration conf: {index: 348, cur=peers:[omNode-3|localhost:15017, omNode-1|localhost:15009, omNode-2|localhost:15013]|listeners:[], old=null}
2025-04-24 14:04:40,848 [omNode-2-server-thread2] INFO  segmented.SegmentedRaftLogWorker (SegmentedRaftLogWorker.java:rollLogSegment(443)) - omNode-2@group-523986131536-SegmentedRaftLogWorker: Rolling segment log-340_347 to index:347
2025-04-24 14:04:40,849 [grpc-default-executor-0] WARN  server.GrpcLogAppender (GrpcLogAppender.java:onNextImpl(519)) - omNode-3@group-523986131536->omNode-1-AppendLogResponseHandler: received INCONSISTENCY reply with nextIndex 340, errorCount=2, request=null
2025-04-24 14:04:40,849 [grpc-default-executor-0] INFO  leader.FollowerInfo (FollowerInfoImpl.java:info(70)) - omNode-3@group-523986131536->omNode-1: setNextIndex nextIndex: updateUnconditionally 349 -> 340
2025-04-24 14:04:40,849 [omNode-1-server-thread1] INFO  server.RaftServer$Division (ServerState.java:setRaftConf(386)) - omNode-1@group-523986131536: set configuration conf: {index: 340, cur=peers:[omNode-3|localhost:15017, omNode-1|localhost:15009, omNode-2|localhost:15013]|listeners:[], old=null}
2025-04-24 14:04:40,849 [omNode-1-server-thread1] INFO  server.RaftServer$Division (ServerState.java:setRaftConf(386)) - omNode-1@group-523986131536: set configuration conf: {index: 348, cur=peers:[omNode-3|localhost:15017, omNode-1|localhost:15009, omNode-2|localhost:15013]|listeners:[], old=null}
2025-04-24 14:04:40,850 [omNode-1-server-thread1] INFO  segmented.SegmentedRaftLogWorker (SegmentedRaftLogWorker.java:rollLogSegment(443)) - omNode-1@group-523986131536-SegmentedRaftLogWorker: Rolling segment log-338_339 to index:339
2025-04-24 14:04:40,850 [omNode-1-server-thread1] INFO  segmented.SegmentedRaftLogWorker (SegmentedRaftLogWorker.java:rollLogSegment(443)) - omNode-1@group-523986131536-SegmentedRaftLogWorker: Rolling segment log-340_347 to index:347
2025-04-24 14:04:40,849 [omNode-2@group-523986131536-SegmentedRaftLogWorker] INFO  segmented.SegmentedRaftLogWorker (SegmentedRaftLogWorker.java:execute(601)) - omNode-2@group-523986131536-SegmentedRaftLogWorker: Rolled log segment from /home/runner/work/ozone/ozone/hadoop-ozone/integration-test/target/test-dir/MiniOzoneClusterImpl-4e6105ad-12bc-4f18-9d37-351d73277e17/omNode-2/ratis/c9bc4cf4-3bc3-3c60-a66b-523986131536/current/log_inprogress_340 to /home/runner/work/ozone/ozone/hadoop-ozone/integration-test/target/test-dir/MiniOzoneClusterImpl-4e6105ad-12bc-4f18-9d37-351d73277e17/omNode-2/ratis/c9bc4cf4-3bc3-3c60-a66b-523986131536/current/log_340-347
2025-04-24 14:04:40,851 [omNode-1-server-thread1] INFO  server.RaftServer$Division (ServerState.java:setRaftConf(386)) - omNode-1@group-523986131536: set configuration conf: {index: 340, cur=peers:[omNode-3|localhost:15017, omNode-1|localhost:15009, omNode-2|localhost:15013]|listeners:[], old=null}
2025-04-24 14:04:40,851 [omNode-1-server-thread1] INFO  server.RaftServer$Division (ServerState.java:setRaftConf(386)) - omNode-1@group-523986131536: set configuration conf: {index: 348, cur=peers:[omNode-3|localhost:15017, omNode-1|localhost:15009, omNode-2|localhost:15013]|listeners:[], old=null}
2025-04-24 14:04:40,852 [omNode-1@group-523986131536-SegmentedRaftLogWorker] INFO  segmented.SegmentedRaftLogWorker (SegmentedRaftLogWorker.java:execute(601)) - omNode-1@group-523986131536-SegmentedRaftLogWorker: Rolled log segment from /home/runner/work/ozone/ozone/hadoop-ozone/integration-test/target/test-dir/MiniOzoneClusterImpl-4e6105ad-12bc-4f18-9d37-351d73277e17/omNode-1/ratis/c9bc4cf4-3bc3-3c60-a66b-523986131536/current/log_inprogress_338 to /home/runner/work/ozone/ozone/hadoop-ozone/integration-test/target/test-dir/MiniOzoneClusterImpl-4e6105ad-12bc-4f18-9d37-351d73277e17/omNode-1/ratis/c9bc4cf4-3bc3-3c60-a66b-523986131536/current/log_338-339
2025-04-24 14:04:40,851 [omNode-2@group-523986131536-SegmentedRaftLogWorker] INFO  segmented.BufferedWriteChannel (BufferedWriteChannel.java:open(61)) - open log_inprogress_348 at position 0
2025-04-24 14:04:40,852 [omNode-1@group-523986131536-SegmentedRaftLogWorker] INFO  segmented.BufferedWriteChannel (BufferedWriteChannel.java:open(61)) - open log_inprogress_340 at position 0
2025-04-24 14:04:40,855 [omNode-3@group-523986131536-SegmentedRaftLogWorker] INFO  segmented.SegmentedRaftLogWorker (SegmentedRaftLogWorker.java:execute(644)) - omNode-3@group-523986131536-SegmentedRaftLogWorker: created new log segment /home/runner/work/ozone/ozone/hadoop-ozone/integration-test/target/test-dir/MiniOzoneClusterImpl-4e6105ad-12bc-4f18-9d37-351d73277e17/omNode-3/ratis/c9bc4cf4-3bc3-3c60-a66b-523986131536/current/log_inprogress_348
2025-04-24 14:04:40,866 [omNode-2@group-523986131536-SegmentedRaftLogWorker] INFO  segmented.SegmentedRaftLogWorker (SegmentedRaftLogWorker.java:execute(644)) - omNode-2@group-523986131536-SegmentedRaftLogWorker: created new log segment /home/runner/work/ozone/ozone/hadoop-ozone/integration-test/target/test-dir/MiniOzoneClusterImpl-4e6105ad-12bc-4f18-9d37-351d73277e17/omNode-2/ratis/c9bc4cf4-3bc3-3c60-a66b-523986131536/current/log_inprogress_348
2025-04-24 14:04:40,866 [omNode-1@group-523986131536-SegmentedRaftLogWorker] INFO  segmented.SegmentedRaftLogWorker (SegmentedRaftLogWorker.java:execute(644)) - omNode-1@group-523986131536-SegmentedRaftLogWorker: created new log segment /home/runner/work/ozone/ozone/hadoop-ozone/integration-test/target/test-dir/MiniOzoneClusterImpl-4e6105ad-12bc-4f18-9d37-351d73277e17/omNode-1/ratis/c9bc4cf4-3bc3-3c60-a66b-523986131536/current/log_inprogress_340
2025-04-24 14:04:40,869 [omNode-1@group-523986131536-SegmentedRaftLogWorker] INFO  segmented.SegmentedRaftLogWorker (SegmentedRaftLogWorker.java:execute(601)) - omNode-1@group-523986131536-SegmentedRaftLogWorker: Rolled log segment from /home/runner/work/ozone/ozone/hadoop-ozone/integration-test/target/test-dir/MiniOzoneClusterImpl-4e6105ad-12bc-4f18-9d37-351d73277e17/omNode-1/ratis/c9bc4cf4-3bc3-3c60-a66b-523986131536/current/log_inprogress_340 to /home/runner/work/ozone/ozone/hadoop-ozone/integration-test/target/test-dir/MiniOzoneClusterImpl-4e6105ad-12bc-4f18-9d37-351d73277e17/omNode-1/ratis/c9bc4cf4-3bc3-3c60-a66b-523986131536/current/log_340-347
2025-04-24 14:04:40,869 [omNode-1@group-523986131536-SegmentedRaftLogWorker] INFO  segmented.BufferedWriteChannel (BufferedWriteChannel.java:open(61)) - open log_inprogress_348 at position 0
2025-04-24 14:04:40,871 [omNode-3@group-523986131536-StateMachineUpdater] INFO  ratis.OzoneManagerStateMachine (OzoneManagerStateMachine.java:notifyConfigurationChanged(231)) - notifyConfigurationChanged from Ratis: term=19, index=348, New Peer list: omNode-3(localhost:15017), omNode-1(localhost:15009), omNode-2(localhost:15013)
2025-04-24 14:04:40,872 [omNode-3@group-523986131536-StateMachineUpdater] INFO  server.RaftServer$Division (LeaderStateImpl.java:checkStartIndex(313)) - Leader omNode-3@group-523986131536-LeaderStateImpl is ready since appliedIndex == startIndex == 348
2025-04-24 14:04:40,871 [omNode-2@group-523986131536-StateMachineUpdater] INFO  ratis.OzoneManagerStateMachine (OzoneManagerStateMachine.java:notifyConfigurationChanged(231)) - notifyConfigurationChanged from Ratis: term=19, index=348, New Peer list: omNode-3(localhost:15017), omNode-1(localhost:15009), omNode-2(localhost:15013)
2025-04-24 14:04:40,881 [omNode-1@group-523986131536-SegmentedRaftLogWorker] INFO  segmented.SegmentedRaftLogWorker (SegmentedRaftLogWorker.java:execute(644)) - omNode-1@group-523986131536-SegmentedRaftLogWorker: created new log segment /home/runner/work/ozone/ozone/hadoop-ozone/integration-test/target/test-dir/MiniOzoneClusterImpl-4e6105ad-12bc-4f18-9d37-351d73277e17/omNode-1/ratis/c9bc4cf4-3bc3-3c60-a66b-523986131536/current/log_inprogress_348
2025-04-24 14:04:40,882 [omNode-1@group-523986131536-StateMachineUpdater] INFO  ratis.OzoneManagerStateMachine (OzoneManagerStateMachine.java:notifyConfigurationChanged(231)) - notifyConfigurationChanged from Ratis: term=18, index=340, New Peer list: omNode-3(localhost:15017), omNode-1(localhost:15009), omNode-2(localhost:15013)
2025-04-24 14:04:40,884 [omNode-1-OMStateMachineApplyTransactionThread - 0] WARN  helpers.OzoneAclUtil (OzoneAclUtil.java:getDefaultAclList(77)) - Failed to get primary group from user user10156 (auth:SIMPLE)
2025-04-24 14:04:40,884 [omNode-1-OMStateMachineApplyTransactionThread - 0] INFO  volume.OMVolumeCreateRequest (OMVolumeCreateRequest.java:validateAndUpdateCache(203)) - created volume:volume28315 for user:user10156
2025-04-24 14:04:40,885 [omNode-1-OMStateMachineApplyTransactionThread - 0] INFO  bucket.OMBucketCreateRequest (OMBucketCreateRequest.java:validateAndUpdateCache(291)) - created bucket: c7715173-1081-4dd7-954a-1ef86eb25aca of layout OBJECT_STORE in volume: volume28315
2025-04-24 14:04:40,886 [omNode-1@group-523986131536-StateMachineUpdater] INFO  ratis.OzoneManagerStateMachine (OzoneManagerStateMachine.java:notifyConfigurationChanged(231)) - notifyConfigurationChanged from Ratis: term=19, index=348, New Peer list: omNode-3(localhost:15017), omNode-1(localhost:15009), omNode-2(localhost:15013)
2025-04-24 14:04:40,886 [omNode-1-OMStateMachineApplyTransactionThread - 0] ERROR key.OMKeyCreateRequest (OMKeyCreateRequest.java:logResult(379)) - Key creation failed. Volume:volume28315, Bucket:c7715173-1081-4dd7-954a-1ef86eb25aca, Key:7f77e129-bca3-4916-aecb-6dc470979ffb. 
com.google.protobuf.InvalidProtocolBufferException: Message missing required fields: volumeName, bucketName, keyName, dataSize, type, creationTime, modificationTime
	at com.google.protobuf.UninitializedMessageException.asInvalidProtocolBufferException(UninitializedMessageException.java:81)
	at com.google.protobuf.AbstractParser.checkMessageInitialized(AbstractParser.java:71)
	at com.google.protobuf.AbstractParser.parseFrom(AbstractParser.java:217)
	at com.google.protobuf.AbstractParser.parseFrom(AbstractParser.java:223)
	at com.google.protobuf.AbstractParser.parseFrom(AbstractParser.java:49)
	at org.apache.hadoop.hdds.utils.db.Proto2Codec.fromCodecBuffer(Proto2Codec.java:84)
	at org.apache.hadoop.hdds.utils.db.Proto2Codec.fromCodecBuffer(Proto2Codec.java:34)
	at org.apache.hadoop.hdds.utils.db.DelegatedCodec.fromCodecBuffer(DelegatedCodec.java:83)
	at org.apache.hadoop.hdds.utils.db.TypedTable.getFromTable(TypedTable.java:371)
	at org.apache.hadoop.hdds.utils.db.TypedTable.getFromTableIfExist(TypedTable.java:393)
	at org.apache.hadoop.hdds.utils.db.TypedTable.getIfExist(TypedTable.java:310)
	at org.apache.hadoop.ozone.om.request.key.OMKeyCreateRequest.validateAndUpdateCache(OMKeyCreateRequest.java:228)
	at org.apache.hadoop.ozone.protocolPB.OzoneManagerRequestHandler.lambda$0(OzoneManagerRequestHandler.java:419)
	at org.apache.hadoop.ozone.util.MetricUtil.captureLatencyNs(MetricUtil.java:45)
	at org.apache.hadoop.ozone.protocolPB.OzoneManagerRequestHandler.handleWriteRequestImpl(OzoneManagerRequestHandler.java:417)
	at org.apache.hadoop.ozone.protocolPB.RequestHandler.handleWriteRequest(RequestHandler.java:62)
	at org.apache.hadoop.ozone.om.ratis.OzoneManagerStateMachine.runCommand(OzoneManagerStateMachine.java:563)
	at org.apache.hadoop.ozone.om.ratis.OzoneManagerStateMachine.lambda$2(OzoneManagerStateMachine.java:379)
	at java.base/java.util.concurrent.CompletableFuture$AsyncSupply.run(CompletableFuture.java:1768)
	at java.base/java.util.concurrent.ThreadPoolExecutor.runWorker(ThreadPoolExecutor.java:1144)
	at java.base/java.util.concurrent.ThreadPoolExecutor$Worker.run(ThreadPoolExecutor.java:642)
	at java.base/java.lang.Thread.run(Thread.java:1583)
14:04:40.886 [omNode-1-OMStateMachineApplyTransactionThread - 0] ERROR OMAudit - user=runner | ip=127.0.0.1 | op=ALLOCATE_KEY {volume=volume28315, bucket=c7715173-1081-4dd7-954a-1ef86eb25aca, key=7f77e129-bca3-4916-aecb-6dc470979ffb, dataSize=11, replicationType=RATIS, replicationFactor=ONE, Transaction=346} | ret=FAILURE
com.google.protobuf.InvalidProtocolBufferException: Message missing required fields: volumeName, bucketName, keyName, dataSize, type, creationTime, modificationTime
	at com.google.protobuf.UninitializedMessageException.asInvalidProtocolBufferException(UninitializedMessageException.java:81) ~[protobuf-java-2.5.0.jar:?]
	at com.google.protobuf.AbstractParser.checkMessageInitialized(AbstractParser.java:71) ~[protobuf-java-2.5.0.jar:?]
	at com.google.protobuf.AbstractParser.parseFrom(AbstractParser.java:217) ~[protobuf-java-2.5.0.jar:?]
	at com.google.protobuf.AbstractParser.parseFrom(AbstractParser.java:223) ~[protobuf-java-2.5.0.jar:?]
	at com.google.protobuf.AbstractParser.parseFrom(AbstractParser.java:49) ~[protobuf-java-2.5.0.jar:?]
	at org.apache.hadoop.hdds.utils.db.Proto2Codec.fromCodecBuffer(Proto2Codec.java:84) ~[hdds-common-2.1.0-SNAPSHOT.jar:?]
	at org.apache.hadoop.hdds.utils.db.Proto2Codec.fromCodecBuffer(Proto2Codec.java:34) ~[hdds-common-2.1.0-SNAPSHOT.jar:?]
	at org.apache.hadoop.hdds.utils.db.DelegatedCodec.fromCodecBuffer(DelegatedCodec.java:83) ~[hdds-common-2.1.0-SNAPSHOT.jar:?]
	at org.apache.hadoop.hdds.utils.db.TypedTable.getFromTable(TypedTable.java:371) ~[hdds-server-framework-2.1.0-SNAPSHOT.jar:?]
	at org.apache.hadoop.hdds.utils.db.TypedTable.getFromTableIfExist(TypedTable.java:393) ~[hdds-server-framework-2.1.0-SNAPSHOT.jar:?]
	at org.apache.hadoop.hdds.utils.db.TypedTable.getIfExist(TypedTable.java:310) ~[hdds-server-framework-2.1.0-SNAPSHOT.jar:?]
	at org.apache.hadoop.ozone.om.request.key.OMKeyCreateRequest.validateAndUpdateCache(OMKeyCreateRequest.java:228) ~[ozone-manager-2.1.0-SNAPSHOT.jar:?]
	at org.apache.hadoop.ozone.protocolPB.OzoneManagerRequestHandler.lambda$0(OzoneManagerRequestHandler.java:419) ~[ozone-manager-2.1.0-SNAPSHOT.jar:?]
	at org.apache.hadoop.ozone.util.MetricUtil.captureLatencyNs(MetricUtil.java:45) ~[hdds-common-2.1.0-SNAPSHOT.jar:?]
	at org.apache.hadoop.ozone.protocolPB.OzoneManagerRequestHandler.handleWriteRequestImpl(OzoneManagerRequestHandler.java:417) ~[ozone-manager-2.1.0-SNAPSHOT.jar:?]
	at org.apache.hadoop.ozone.protocolPB.RequestHandler.handleWriteRequest(RequestHandler.java:62) ~[ozone-manager-2.1.0-SNAPSHOT.jar:?]
	at org.apache.hadoop.ozone.om.ratis.OzoneManagerStateMachine.runCommand(OzoneManagerStateMachine.java:563) ~[ozone-manager-2.1.0-SNAPSHOT.jar:?]
	at org.apache.hadoop.ozone.om.ratis.OzoneManagerStateMachine.lambda$2(OzoneManagerStateMachine.java:379) ~[ozone-manager-2.1.0-SNAPSHOT.jar:?]
	at java.base/java.util.concurrent.CompletableFuture$AsyncSupply.run(CompletableFuture.java:1768) ~[?:?]
	at java.base/java.util.concurrent.ThreadPoolExecutor.runWorker(ThreadPoolExecutor.java:1144) ~[?:?]
	at java.base/java.util.concurrent.ThreadPoolExecutor$Worker.run(ThreadPoolExecutor.java:642) ~[?:?]
	at java.base/java.lang.Thread.run(Thread.java:1583) [?:?]
2025-04-24 14:04:40,887 [omNode-1-OMStateMachineApplyTransactionThread - 0] ERROR ratis.OzoneManagerStateMachine (ExitUtils.java:terminate(133)) - Terminating with exit status 1: OM Ratis Server has received unrecoverable error, to avoid further DB corruption, terminating OM. Error Response received is:cmdType: CreateKey
traceID: ""
success: false
message: "com.google.protobuf.InvalidProtocolBufferException: Message missing required fields: volumeName, bucketName, keyName, dataSize, type, creationTime, modificationTime\n\tat com.google.protobuf.UninitializedMessageException.asInvalidProtocolBufferException(UninitializedMessageException.java:81)\n\tat com.google.protobuf.AbstractParser.checkMessageInitialized(AbstractParser.java:71)\n\tat com.google.protobuf.AbstractParser.parseFrom(AbstractParser.java:217)\n\tat com.google.protobuf.AbstractParser.parseFrom(AbstractParser.java:223)\n\tat com.google.protobuf.AbstractParser.parseFrom(AbstractParser.java:49)\n\tat org.apache.hadoop.hdds.utils.db.Proto2Codec.fromCodecBuffer(Proto2Codec.java:84)\n\tat org.apache.hadoop.hdds.utils.db.Proto2Codec.fromCodecBuffer(Proto2Codec.java:34)\n\tat org.apache.hadoop.hdds.utils.db.DelegatedCodec.fromCodecBuffer(DelegatedCodec.java:83)\n\tat org.apache.hadoop.hdds.utils.db.TypedTable.getFromTable(TypedTable.java:371)\n\tat org.apache.hadoop.hdds.utils.db.TypedTable.getFromTableIfExist(TypedTable.java:393)\n\tat org.apache.hadoop.hdds.utils.db.TypedTable.getIfExist(TypedTable.java:310)\n\tat org.apache.hadoop.ozone.om.request.key.OMKeyCreateRequest.validateAndUpdateCache(OMKeyCreateRequest.java:228)\n\tat org.apache.hadoop.ozone.protocolPB.OzoneManagerRequestHandler.lambda$0(OzoneManagerRequestHandler.java:419)\n\tat org.apache.hadoop.ozone.util.MetricUtil.captureLatencyNs(MetricUtil.java:45)\n\tat org.apache.hadoop.ozone.protocolPB.OzoneManagerRequestHandler.handleWriteRequestImpl(OzoneManagerRequestHandler.java:417)\n\tat org.apache.hadoop.ozone.protocolPB.RequestHandler.handleWriteRequest(RequestHandler.java:62)\n\tat org.apache.hadoop.ozone.om.ratis.OzoneManagerStateMachine.runCommand(OzoneManagerStateMachine.java:563)\n\tat org.apache.hadoop.ozone.om.ratis.OzoneManagerStateMachine.lambda$2(OzoneManagerStateMachine.java:379)\n\tat java.base/java.util.concurrent.CompletableFuture$AsyncSupply.run(CompletableFuture.java:1768)\n\tat java.base/java.util.concurrent.ThreadPoolExecutor.runWorker(ThreadPoolExecutor.java:1144)\n\tat java.base/java.util.concurrent.ThreadPoolExecutor$Worker.run(ThreadPoolExecutor.java:642)\n\tat java.base/java.lang.Thread.run(Thread.java:1583)\n"
status: INTERNAL_ERROR
omLockDetails {
  isLockAcquired: false
  waitLockNanos: 1573
  readLockNanos: 0
  writeLockNanos: 434383
}

INTERNAL_ERROR org.apache.hadoop.ozone.om.exceptions.OMException: com.google.protobuf.InvalidProtocolBufferException: Message missing required fields: volumeName, bucketName, keyName, dataSize, type, creationTime, modificationTime
	at com.google.protobuf.UninitializedMessageException.asInvalidProtocolBufferException(UninitializedMessageException.java:81)
	at com.google.protobuf.AbstractParser.checkMessageInitialized(AbstractParser.java:71)
	at com.google.protobuf.AbstractParser.parseFrom(AbstractParser.java:217)
	at com.google.protobuf.AbstractParser.parseFrom(AbstractParser.java:223)
	at com.google.protobuf.AbstractParser.parseFrom(AbstractParser.java:49)
	at org.apache.hadoop.hdds.utils.db.Proto2Codec.fromCodecBuffer(Proto2Codec.java:84)
	at org.apache.hadoop.hdds.utils.db.Proto2Codec.fromCodecBuffer(Proto2Codec.java:34)
	at org.apache.hadoop.hdds.utils.db.DelegatedCodec.fromCodecBuffer(DelegatedCodec.java:83)
	at org.apache.hadoop.hdds.utils.db.TypedTable.getFromTable(TypedTable.java:371)
	at org.apache.hadoop.hdds.utils.db.TypedTable.getFromTableIfExist(TypedTable.java:393)
	at org.apache.hadoop.hdds.utils.db.TypedTable.getIfExist(TypedTable.java:310)
	at org.apache.hadoop.ozone.om.request.key.OMKeyCreateRequest.validateAndUpdateCache(OMKeyCreateRequest.java:228)
	at org.apache.hadoop.ozone.protocolPB.OzoneManagerRequestHandler.lambda$0(OzoneManagerRequestHandler.java:419)
	at org.apache.hadoop.ozone.util.MetricUtil.captureLatencyNs(MetricUtil.java:45)
	at org.apache.hadoop.ozone.protocolPB.OzoneManagerRequestHandler.handleWriteRequestImpl(OzoneManagerRequestHandler.java:417)
	at org.apache.hadoop.ozone.protocolPB.RequestHandler.handleWriteRequest(RequestHandler.java:62)
	at org.apache.hadoop.ozone.om.ratis.OzoneManagerStateMachine.runCommand(OzoneManagerStateMachine.java:563)
	at org.apache.hadoop.ozone.om.ratis.OzoneManagerStateMachine.lambda$2(OzoneManagerStateMachine.java:379)
	at java.base/java.util.concurrent.CompletableFuture$AsyncSupply.run(CompletableFuture.java:1768)
	at java.base/java.util.concurrent.ThreadPoolExecutor.runWorker(ThreadPoolExecutor.java:1144)
	at java.base/java.util.concurrent.ThreadPoolExecutor$Worker.run(ThreadPoolExecutor.java:642)
	at java.base/java.lang.Thread.run(Thread.java:1583)

	at org.apache.hadoop.ozone.om.ratis.OzoneManagerStateMachine.terminate(OzoneManagerStateMachine.java:403)
	at org.apache.hadoop.ozone.om.ratis.OzoneManagerStateMachine.processResponse(OzoneManagerStateMachine.java:392)
	at java.base/java.util.concurrent.CompletableFuture$UniApply.tryFire(CompletableFuture.java:646)
	at java.base/java.util.concurrent.CompletableFuture.postComplete(CompletableFuture.java:510)
	at java.base/java.util.concurrent.CompletableFuture$AsyncSupply.run(CompletableFuture.java:1773)
	at java.base/java.util.concurrent.ThreadPoolExecutor.runWorker(ThreadPoolExecutor.java:1144)
	at java.base/java.util.concurrent.ThreadPoolExecutor$Worker.run(ThreadPoolExecutor.java:642)
	at java.base/java.lang.Thread.run(Thread.java:1583)
2025-04-24 14:04:41,054 [main] INFO  reflections.Reflections (Reflections.java:scan(219)) - Reflections took 388 ms to scan 22 urls, producing 61 keys and 7423 values
2025-04-24 14:04:41,055 [main] INFO  ipc.CallQueueManager (CallQueueManager.java:<init>(93)) - Using callQueue: class java.util.concurrent.LinkedBlockingQueue, queueCapacity: 2000, scheduler: class org.apache.hadoop.ipc.DefaultRpcScheduler, ipcBackoff: false, ipcFailOver: false.
2025-04-24 14:04:41,055 [main] INFO  ipc.Server (Server.java:<init>(1438)) - Listener at localhost:15010
2025-04-24 14:04:41,055 [Socket Reader #1 for port 15010] INFO  ipc.Server (Server.java:run(1474)) - Starting Socket Reader #1 for port 15010
2025-04-24 14:04:41,055 [Socket Reader #2 for port 15010] INFO  ipc.Server (Server.java:run(1474)) - Starting Socket Reader #2 for port 15010
2025-04-24 14:04:41,056 [Socket Reader #3 for port 15010] INFO  ipc.Server (Server.java:run(1474)) - Starting Socket Reader #3 for port 15010
2025-04-24 14:04:41,056 [Socket Reader #4 for port 15010] INFO  ipc.Server (Server.java:run(1474)) - Starting Socket Reader #4 for port 15010
2025-04-24 14:04:41,056 [Socket Reader #5 for port 15010] INFO  ipc.Server (Server.java:run(1474)) - Starting Socket Reader #5 for port 15010
2025-04-24 14:04:41,056 [Socket Reader #6 for port 15010] INFO  ipc.Server (Server.java:run(1474)) - Starting Socket Reader #6 for port 15010
2025-04-24 14:04:41,056 [Socket Reader #7 for port 15010] INFO  ipc.Server (Server.java:run(1474)) - Starting Socket Reader #7 for port 15010
2025-04-24 14:04:41,056 [Socket Reader #8 for port 15010] INFO  ipc.Server (Server.java:run(1474)) - Starting Socket Reader #8 for port 15010
2025-04-24 14:04:41,056 [Socket Reader #9 for port 15010] INFO  ipc.Server (Server.java:run(1474)) - Starting Socket Reader #9 for port 15010
2025-04-24 14:04:41,057 [Socket Reader #10 for port 15010] INFO  ipc.Server (Server.java:run(1474)) - Starting Socket Reader #10 for port 15010
2025-04-24 14:04:41,058 [main] INFO  http.BaseHttpServer (BaseHttpServer.java:newHttpServer2BuilderForOzone(229)) - Starting Web-server for ozoneManager at: http://0.0.0.0:15011
2025-04-24 14:04:41,058 [main] INFO  http.BaseHttpServer (BaseHttpServer.java:<init>(107)) - Hadoop Security Enabled: false Ozone Security Enabled: false Ozone HTTP Security Enabled: false 
2025-04-24 14:04:41,059 [main] WARN  server.AuthenticationFilter (AuthenticationFilter.java:constructSecretProvider(240)) - Unable to initialize FileSignerSecretProvider, falling back to use random secrets. Reason: Could not read signature secret file: /home/runner/hadoop-http-auth-signature-secret
2025-04-24 14:04:41,061 [main] INFO  http.HttpServer2 (HttpServer2.java:addGlobalFilter(1041)) - Added global filter 'safety' (class=org.apache.hadoop.hdds.server.http.HttpServer2$QuotingInputFilter)
2025-04-24 14:04:41,061 [main] INFO  http.HttpServer2 (HttpServer2.java:addFilter(1017)) - Added filter static_user_filter (class=org.apache.hadoop.http.lib.StaticUserWebFilter$StaticUserFilter) to context ozoneManager
2025-04-24 14:04:41,061 [main] INFO  http.HttpServer2 (HttpServer2.java:addFilter(1025)) - Added filter static_user_filter (class=org.apache.hadoop.http.lib.StaticUserWebFilter$StaticUserFilter) to context logs
2025-04-24 14:04:41,061 [main] INFO  http.HttpServer2 (HttpServer2.java:addFilter(1025)) - Added filter static_user_filter (class=org.apache.hadoop.http.lib.StaticUserWebFilter$StaticUserFilter) to context static
2025-04-24 14:04:41,062 [main] INFO  http.BaseHttpServer (BaseHttpServer.java:<init>(195)) - HTTP server of ozoneManager uses base directory /home/runner/work/ozone/ozone/hadoop-ozone/integration-test/target/test-dir/MiniOzoneClusterImpl-4e6105ad-12bc-4f18-9d37-351d73277e17/omNode-2/webserver
2025-04-24 14:04:41,062 [main] INFO  http.HttpServer2 (HttpServer2.java:bindListener(1241)) - Jetty bound to port 15011
2025-04-24 14:04:41,062 [main] INFO  server.Server (Server.java:doStart(375)) - jetty-9.4.57.v20241219; built: 2025-01-08T21:24:30.412Z; git: df524e6b29271c2e09ba9aea83c18dc9db464a31; jvm 21.0.7+6-LTS
2025-04-24 14:04:41,063 [main] INFO  server.session (DefaultSessionIdManager.java:doStart(334)) - DefaultSessionIdManager workerName=node0
2025-04-24 14:04:41,063 [main] INFO  server.session (DefaultSessionIdManager.java:doStart(339)) - No SessionScavenger set, using defaults
2025-04-24 14:04:41,063 [main] INFO  server.session (HouseKeeper.java:startScavenging(132)) - node0 Scavenging every 600000ms
2025-04-24 14:04:41,064 [main] INFO  handler.ContextHandler (ContextHandler.java:doStart(921)) - Started o.e.j.s.ServletContextHandler@53b94b92{logs,/logs,file:///home/runner/work/ozone/ozone/hadoop-ozone/integration-test/target/log,AVAILABLE}
2025-04-24 14:04:41,064 [main] INFO  handler.ContextHandler (ContextHandler.java:doStart(921)) - Started o.e.j.s.ServletContextHandler@24c7853a{static,/static,file:///home/runner/work/ozone/ozone/hadoop-ozone/integration-test/target/test-classes/webapps/static,AVAILABLE}
2025-04-24 14:04:41,067 [main] INFO  handler.ContextHandler (ContextHandler.java:doStart(921)) - Started o.e.j.w.WebAppContext@3a217c21{ozoneManager,/,file:///home/runner/work/ozone/ozone/hadoop-ozone/integration-test/target/test-classes/webapps/ozoneManager/,AVAILABLE}{file:/home/runner/work/ozone/ozone/hadoop-ozone/integration-test/target/test-classes/webapps/ozoneManager}
2025-04-24 14:04:41,067 [main] INFO  server.AbstractConnector (AbstractConnector.java:doStart(333)) - Started ServerConnector@12169787{HTTP/1.1, (http/1.1)}{0.0.0.0:15011}
2025-04-24 14:04:41,068 [main] INFO  server.Server (Server.java:doStart(415)) - Started @162400ms
2025-04-24 14:04:41,068 [main] WARN  impl.MetricsSystemImpl (MetricsSystemImpl.java:register(279)) - Sink prometheus already exists!
2025-04-24 14:04:41,068 [main] INFO  http.BaseHttpServer (BaseHttpServer.java:updateConnectorAddress(360)) - HTTP server of ozoneManager listening at http://0.0.0.0:15011
2025-04-24 14:04:41,068 [IPC Server Responder] INFO  ipc.Server (Server.java:run(1713)) - IPC Server Responder: starting
2025-04-24 14:04:41,068 [IPC Server listener on 15010] INFO  ipc.Server (Server.java:run(1553)) - IPC Server listener on 15010: starting
2025-04-24 14:04:41,070 [main] INFO  om.OzoneManager (OzoneManager.java:startTrashEmptier(2257)) - Trash Interval set to 0. Files deleted won't move to trash
]]></system-out>
  </testcase>
  <testcase name="testOMRestart" classname="org.apache.hadoop.ozone.om.TestOzoneManagerHAWithStoppedNodes" time="33.909">
    <system-out><![CDATA[2025-04-24 14:04:41,089 [main] INFO  ozone.MiniOzoneClusterImpl (MiniOzoneClusterImpl.java:shutdown(393)) - Shutting down the Mini Ozone Cluster
2025-04-24 14:04:41,090 [main] INFO  db.CodecTestUtil (CodecTestUtil.java:gc(49)) - gc 0
2025-04-24 14:04:41,295 [main] INFO  ozone.MiniOzoneHAClusterImpl (MiniOzoneHAClusterImpl.java:stop(289)) - Stopping the OzoneManager omNode-3
2025-04-24 14:04:41,296 [main] INFO  om.OzoneManager (OzoneManager.java:stop(2347)) - omNode-3[localhost:15014]: Stopping Ozone Manager
2025-04-24 14:04:41,296 [main] INFO  ipc.Server (Server.java:stop(3697)) - Stopping server on 15014
2025-04-24 14:04:41,300 [IPC Server listener on 15014] INFO  ipc.Server (Server.java:run(1585)) - Stopping IPC Server listener on 15014
2025-04-24 14:04:41,301 [main] INFO  ratis.OzoneManagerRatisServer (OzoneManagerRatisServer.java:stop(634)) - Stopping org.apache.hadoop.ozone.om.ratis.OzoneManagerRatisServer@6e99ac50 at port 15017
2025-04-24 14:04:41,301 [main] INFO  server.RaftServer (RaftServerProxy.java:lambda$close$9(417)) - omNode-3: close
2025-04-24 14:04:41,301 [main] INFO  server.GrpcService (GrpcService.java:closeImpl(343)) - omNode-3: shutdown server GrpcServerProtocolService now
2025-04-24 14:04:41,301 [omNode-3-impl-thread1] INFO  server.RaftServer$Division (RaftServerImpl.java:lambda$close$1(513)) - omNode-3@group-523986131536: shutdown
2025-04-24 14:04:41,301 [omNode-3-impl-thread1] INFO  util.JmxRegister (JmxRegister.java:unregister(74)) - Successfully un-registered JMX Bean with object name Ratis:service=RaftServer,group=group-523986131536,id=omNode-3
2025-04-24 14:04:41,301 [omNode-3-impl-thread1] INFO  impl.RoleInfo (RoleInfo.java:shutdownLeaderState(103)) - omNode-3: shutdown omNode-3@group-523986131536-LeaderStateImpl
2025-04-24 14:04:41,302 [IPC Server Responder] INFO  ipc.Server (Server.java:run(1718)) - Stopping IPC Server Responder
2025-04-24 14:04:41,302 [omNode-3@group-523986131536->omNode-2-GrpcLogAppender-LogAppenderDaemon] WARN  server.GrpcLogAppender (GrpcLogAppender.java:mayWait(293)) - omNode-3@group-523986131536->omNode-2-GrpcLogAppender: Wait interrupted by java.lang.InterruptedException
2025-04-24 14:04:41,302 [omNode-3@group-523986131536->omNode-1-GrpcLogAppender-LogAppenderDaemon] WARN  server.GrpcLogAppender (GrpcLogAppender.java:mayWait(293)) - omNode-3@group-523986131536->omNode-1-GrpcLogAppender: Wait interrupted by java.lang.InterruptedException
2025-04-24 14:04:41,303 [grpc-default-executor-2] INFO  server.GrpcServerProtocolService (GrpcServerProtocolService.java:onCompleted(157)) - omNode-2: Completed APPEND_ENTRIES, lastRequest: omNode-3->omNode-2#2-t19,previous=(t:19, i:348),leaderCommit=348,initializing? false,entries: size=1, first=(t:19, i:349), METADATAENTRY(c:348)
2025-04-24 14:04:41,303 [grpc-default-executor-2] INFO  server.GrpcServerProtocolService (GrpcServerProtocolService.java:lambda$onCompleted$5(159)) - omNode-2: Completed APPEND_ENTRIES, lastReply: null
2025-04-24 14:04:41,304 [grpc-default-executor-6] INFO  server.GrpcServerProtocolService (GrpcServerProtocolService.java:onCompleted(157)) - omNode-2: Completed APPEND_ENTRIES, lastRequest: null
2025-04-24 14:04:41,304 [grpc-default-executor-0] INFO  server.GrpcServerProtocolService (GrpcServerProtocolService.java:onCompleted(157)) - omNode-1: Completed APPEND_ENTRIES, lastRequest: omNode-3->omNode-1#5-t19,previous=(t:19, i:348),leaderCommit=348,initializing? false,entries: size=1, first=(t:19, i:349), METADATAENTRY(c:348)
2025-04-24 14:04:41,304 [grpc-default-executor-0] INFO  server.GrpcServerProtocolService (GrpcServerProtocolService.java:lambda$onCompleted$5(159)) - omNode-1: Completed APPEND_ENTRIES, lastReply: null
2025-04-24 14:04:41,304 [grpc-default-executor-0] INFO  server.GrpcServerProtocolService (GrpcServerProtocolService.java:onCompleted(157)) - omNode-1: Completed APPEND_ENTRIES, lastRequest: null
2025-04-24 14:04:41,304 [grpc-default-executor-6] INFO  server.GrpcServerProtocolService (GrpcServerProtocolService.java:lambda$onCompleted$5(159)) - omNode-2: Completed APPEND_ENTRIES, lastReply: serverReply {
  requestorId: "omNode-3"
  replyId: "omNode-2"
  raftGroupId {
    id: "\311\274L\364;\303<`\246kR9\206\023\0256"
  }
  success: true
}
term: 19
nextIndex: 349
followerCommit: 347
matchIndex: 18446744073709551615
isHearbeat: true

2025-04-24 14:04:41,304 [grpc-default-executor-0] INFO  server.GrpcServerProtocolService (GrpcServerProtocolService.java:lambda$onCompleted$5(159)) - omNode-1: Completed APPEND_ENTRIES, lastReply: serverReply {
  requestorId: "omNode-3"
  replyId: "omNode-1"
  raftGroupId {
    id: "\311\274L\364;\303<`\246kR9\206\023\0256"
  }
}
term: 19
nextIndex: 340
result: INCONSISTENCY
followerCommit: 339
matchIndex: 18446744073709551615
isHearbeat: true

2025-04-24 14:04:41,302 [omNode-3-impl-thread1] INFO  impl.PendingRequests (PendingRequests.java:sendNotLeaderResponses(287)) - omNode-3@group-523986131536-PendingRequests: sendNotLeaderResponses
2025-04-24 14:04:41,307 [omNode-3-impl-thread1] INFO  impl.StateMachineUpdater (StateMachineUpdater.java:stopAndJoin(164)) - omNode-3@group-523986131536-StateMachineUpdater: set stopIndex = 349
2025-04-24 14:04:41,308 [grpc-default-executor-2] INFO  server.GrpcLogAppender (GrpcLogAppender.java:onCompleted(550)) - omNode-3@group-523986131536->omNode-2-AppendLogResponseHandler: follower responses appendEntries COMPLETED
2025-04-24 14:04:41,308 [grpc-default-executor-0] INFO  server.GrpcLogAppender (GrpcLogAppender.java:onCompleted(550)) - omNode-3@group-523986131536->omNode-1-AppendLogResponseHandler: follower responses appendEntries COMPLETED
2025-04-24 14:04:41,308 [grpc-default-executor-0] INFO  server.GrpcLogAppender (GrpcLogAppender.java:onCompleted(550)) - omNode-3@group-523986131536->omNode-1-AppendLogResponseHandler: follower responses appendEntries COMPLETED
2025-04-24 14:04:41,309 [grpc-default-executor-3] INFO  server.GrpcLogAppender (GrpcLogAppender.java:onCompleted(550)) - omNode-3@group-523986131536->omNode-2-AppendLogResponseHandler: follower responses appendEntries COMPLETED
2025-04-24 14:04:41,312 [Thread-6961] INFO  server.GrpcServerProtocolClient (GrpcServerProtocolClient.java:close(105)) - omNode-1 Close channels
2025-04-24 14:04:41,315 [Thread-6962] INFO  server.GrpcServerProtocolClient (GrpcServerProtocolClient.java:close(105)) - omNode-2 Close channels
2025-04-24 14:04:41,317 [main] INFO  server.GrpcService (GrpcService.java:closeImpl(352)) - omNode-3: shutdown server GrpcServerProtocolService successfully
2025-04-24 14:04:41,319 [omNode-3@group-523986131536-StateMachineUpdater] INFO  ratis.OzoneManagerStateMachine (OzoneManagerStateMachine.java:takeSnapshotImpl(510)) - omNode-3: taking snapshot. applied = (t:19, i:349), skipped = 346, notified = (t:19, i:349), current snapshot index = (t:19, i:349), took 13 ms
2025-04-24 14:04:41,320 [omNode-3@group-523986131536-StateMachineUpdater] INFO  impl.StateMachineUpdater (StateMachineUpdater.java:takeSnapshot(303)) - omNode-3@group-523986131536-StateMachineUpdater: Took a snapshot at index 349
2025-04-24 14:04:41,320 [omNode-3@group-523986131536-StateMachineUpdater] INFO  impl.StateMachineUpdater (StateMachineUpdater.java:lambda$new$0(102)) - omNode-3@group-523986131536-StateMachineUpdater: snapshotIndex: updateIncreasingly 346 -> 349
2025-04-24 14:04:41,320 [omNode-3@group-523986131536-StateMachineUpdater] INFO  impl.StateMachineUpdater (StateMachineUpdater.java:stop(141)) - omNode-3@group-523986131536-StateMachineUpdater: closing OzoneManagerStateMachine, lastApplied=(t:19, i:349)
2025-04-24 14:04:41,320 [omNode-3@group-523986131536-StateMachineUpdater] INFO  ratis.OzoneManagerStateMachine (OzoneManagerStateMachine.java:close(550)) - Stopping OzoneManagerStateMachine:omNode-3:group-523986131536.
2025-04-24 14:04:41,320 [omNode-3@group-523986131536-StateMachineUpdater] INFO  ratis.OzoneManagerDoubleBuffer (OzoneManagerDoubleBuffer.java:stopDaemon(500)) - Stopping OMDoubleBuffer flush thread
2025-04-24 14:04:41,320 [omNode-3-OMDoubleBufferFlushThread] INFO  ratis.OzoneManagerDoubleBuffer (OzoneManagerDoubleBuffer.java:canFlush(559)) - OMDoubleBuffer flush thread omNode-3-OMDoubleBufferFlushThread is interrupted and will exit.
2025-04-24 14:04:41,320 [omNode-3@group-523986131536-cacheEviction-AwaitToRun] INFO  util.AwaitToRun (AwaitToRun.java:run(49)) - omNode-3@group-523986131536-cacheEviction-AwaitToRun-AwaitForSignal is interrupted
2025-04-24 14:04:41,869 [omNode-3-impl-thread1] INFO  segmented.SegmentedRaftLogWorker (SegmentedRaftLogWorker.java:close(252)) - omNode-3@group-523986131536-SegmentedRaftLogWorker close()
2025-04-24 14:04:41,869 [JvmPauseMonitor38] INFO  util.JvmPauseMonitor (JvmPauseMonitor.java:run(152)) - JvmPauseMonitor-omNode-3: Stopped
2025-04-24 14:04:41,870 [main] INFO  utils.BackgroundService (BackgroundService.java:shutdown(161)) - Shutting down service KeyDeletingService
2025-04-24 14:04:41,870 [main] INFO  utils.BackgroundService (BackgroundService.java:shutdown(161)) - Shutting down service DirectoryDeletingService
2025-04-24 14:04:41,872 [main] INFO  utils.BackgroundService (BackgroundService.java:shutdown(161)) - Shutting down service OpenKeyCleanupService
2025-04-24 14:04:41,872 [main] INFO  utils.BackgroundService (BackgroundService.java:shutdown(161)) - Shutting down service SstFilteringService
2025-04-24 14:04:41,872 [main] INFO  utils.BackgroundService (BackgroundService.java:shutdown(161)) - Shutting down service SnapshotDeletingService
2025-04-24 14:04:41,873 [main] INFO  utils.BackgroundService (BackgroundService.java:shutdown(161)) - Shutting down service MultipartUploadCleanupService
2025-04-24 14:04:41,874 [main] INFO  handler.ContextHandler (ContextHandler.java:doStop(1159)) - Stopped o.e.j.w.WebAppContext@664bb60f{ozoneManager,/,null,STOPPED}{file:/home/runner/work/ozone/ozone/hadoop-ozone/integration-test/target/test-classes/webapps/ozoneManager}
2025-04-24 14:04:41,875 [main] INFO  server.AbstractConnector (AbstractConnector.java:doStop(383)) - Stopped ServerConnector@5bbbcc64{HTTP/1.1, (http/1.1)}{0.0.0.0:15015}
2025-04-24 14:04:41,875 [main] INFO  server.session (HouseKeeper.java:stopScavenging(149)) - node0 Stopped scavenging
2025-04-24 14:04:41,875 [main] INFO  handler.ContextHandler (ContextHandler.java:doStop(1159)) - Stopped o.e.j.s.ServletContextHandler@194642eb{static,/static,file:///home/runner/work/ozone/ozone/hadoop-ozone/integration-test/target/test-classes/webapps/static,STOPPED}
2025-04-24 14:04:41,876 [main] INFO  handler.ContextHandler (ContextHandler.java:doStop(1159)) - Stopped o.e.j.s.ServletContextHandler@2b368f3d{logs,/logs,file:///home/runner/work/ozone/ozone/hadoop-ozone/integration-test/target/log,STOPPED}
2025-04-24 14:04:41,877 [main] INFO  rocksdiff.RocksDBCheckpointDiffer (RocksDBCheckpointDiffer.java:close(304)) - Shutting down CompactionDagPruningService.
2025-04-24 14:04:41,880 [main] INFO  snapshot.SnapshotDiffManager (SnapshotDiffManager.java:closeExecutorService(1698)) - Shutting down executorService: 'SnapDiffExecutor'
2025-04-24 14:04:41,880 [main] INFO  utils.BackgroundService (BackgroundService.java:shutdown(161)) - Shutting down service SnapshotDiffCleanupService
2025-04-24 14:04:41,881 [main] INFO  ozone.MiniOzoneHAClusterImpl (MiniOzoneHAClusterImpl.java:stop(289)) - Stopping the OzoneManager omNode-1
2025-04-24 14:04:41,881 [main] INFO  om.OzoneManager (OzoneManager.java:stop(2347)) - omNode-1[localhost:15006]: Stopping Ozone Manager
2025-04-24 14:04:41,881 [main] INFO  ipc.Server (Server.java:stop(3697)) - Stopping server on 15006
2025-04-24 14:04:41,882 [IPC Server listener on 15006] INFO  ipc.Server (Server.java:run(1585)) - Stopping IPC Server listener on 15006
2025-04-24 14:04:41,883 [main] INFO  ratis.OzoneManagerRatisServer (OzoneManagerRatisServer.java:stop(634)) - Stopping org.apache.hadoop.ozone.om.ratis.OzoneManagerRatisServer@60535ec2 at port 15009
2025-04-24 14:04:41,882 [IPC Server Responder] INFO  ipc.Server (Server.java:run(1718)) - Stopping IPC Server Responder
2025-04-24 14:04:41,883 [main] INFO  server.RaftServer (RaftServerProxy.java:lambda$close$9(417)) - omNode-1: close
2025-04-24 14:04:41,883 [main] INFO  server.GrpcService (GrpcService.java:closeImpl(343)) - omNode-1: shutdown server GrpcServerProtocolService now
2025-04-24 14:04:41,883 [omNode-1-impl-thread1] INFO  server.RaftServer$Division (RaftServerImpl.java:lambda$close$1(513)) - omNode-1@group-523986131536: shutdown
2025-04-24 14:04:41,883 [omNode-1-impl-thread1] INFO  util.JmxRegister (JmxRegister.java:unregister(74)) - Successfully un-registered JMX Bean with object name Ratis:service=RaftServer,group=group-523986131536,id=omNode-1
2025-04-24 14:04:41,883 [omNode-1-impl-thread1] INFO  impl.RoleInfo (RoleInfo.java:shutdownFollowerState(121)) - omNode-1: shutdown omNode-1@group-523986131536-FollowerState
2025-04-24 14:04:41,883 [omNode-1-impl-thread1] INFO  impl.StateMachineUpdater (StateMachineUpdater.java:stopAndJoin(164)) - omNode-1@group-523986131536-StateMachineUpdater: set stopIndex = 348
2025-04-24 14:04:41,883 [omNode-1@group-523986131536-FollowerState] INFO  impl.FollowerState (FollowerState.java:runImpl(170)) - omNode-1@group-523986131536-FollowerState was interrupted
2025-04-24 14:04:41,885 [main] INFO  server.GrpcService (GrpcService.java:closeImpl(352)) - omNode-1: shutdown server GrpcServerProtocolService successfully
2025-04-24 14:04:41,896 [omNode-1@group-523986131536-StateMachineUpdater] INFO  ratis.OzoneManagerStateMachine (OzoneManagerStateMachine.java:takeSnapshotImpl(510)) - omNode-1: taking snapshot. applied = (t:19, i:348), skipped = 346, notified = (t:19, i:348), current snapshot index = (t:19, i:348), took 13 ms
2025-04-24 14:04:41,896 [omNode-1@group-523986131536-StateMachineUpdater] INFO  impl.StateMachineUpdater (StateMachineUpdater.java:takeSnapshot(303)) - omNode-1@group-523986131536-StateMachineUpdater: Took a snapshot at index 348
2025-04-24 14:04:41,897 [omNode-1@group-523986131536-StateMachineUpdater] INFO  impl.StateMachineUpdater (StateMachineUpdater.java:lambda$new$0(102)) - omNode-1@group-523986131536-StateMachineUpdater: snapshotIndex: updateIncreasingly 339 -> 348
2025-04-24 14:04:41,897 [omNode-1@group-523986131536-StateMachineUpdater] INFO  impl.StateMachineUpdater (StateMachineUpdater.java:stop(141)) - omNode-1@group-523986131536-StateMachineUpdater: closing OzoneManagerStateMachine, lastApplied=(t:19, i:348)
2025-04-24 14:04:41,897 [omNode-1@group-523986131536-StateMachineUpdater] INFO  ratis.OzoneManagerStateMachine (OzoneManagerStateMachine.java:close(550)) - Stopping OzoneManagerStateMachine:omNode-1:group-523986131536.
2025-04-24 14:04:41,897 [omNode-1@group-523986131536-StateMachineUpdater] INFO  ratis.OzoneManagerDoubleBuffer (OzoneManagerDoubleBuffer.java:stopDaemon(500)) - Stopping OMDoubleBuffer flush thread
2025-04-24 14:04:41,897 [omNode-1-OMDoubleBufferFlushThread] INFO  ratis.OzoneManagerDoubleBuffer (OzoneManagerDoubleBuffer.java:canFlush(559)) - OMDoubleBuffer flush thread omNode-1-OMDoubleBufferFlushThread is interrupted and will exit.
2025-04-24 14:04:41,897 [omNode-1@group-523986131536-cacheEviction-AwaitToRun] INFO  util.AwaitToRun (AwaitToRun.java:run(49)) - omNode-1@group-523986131536-cacheEviction-AwaitToRun-AwaitForSignal is interrupted
2025-04-24 14:04:42,518 [timer4] WARN  server.GrpcLogAppender (LogUtils.java:warn(121)) - omNode-2@group-523986131536->omNode-1-AppendLogResponseHandler: Failed appendEntries (Repeated 20 times in the last 5.000s): org.apache.ratis.thirdparty.io.grpc.StatusRuntimeException: UNAVAILABLE: io exception
2025-04-24 14:04:42,518 [timer5] WARN  server.GrpcLogAppender (GrpcLogAppender.java:lambda$resetClient$1(221)) - omNode-2@group-523986131536->omNode-1-GrpcLogAppender: Follower failed (request=null, errorCount=2); keep nextIndex (340) unchanged and retry. (Repeated 2 times in the last 5.000s)
2025-04-24 14:04:42,520 [timer7] WARN  server.GrpcLogAppender (GrpcLogAppender.java:lambda$resetClient$1(221)) - omNode-2@group-523986131536->omNode-1-GrpcLogAppender: Follower failed (request=null, errorCount=4); keep nextIndex (341) unchanged and retry. (Repeated 2 times in the last 5.000s)
2025-04-24 14:04:42,535 [timer3] WARN  server.GrpcLogAppender (GrpcLogAppender.java:lambda$resetClient$1(221)) - omNode-2@group-523986131536->omNode-1-GrpcLogAppender: Follower failed (request=null, errorCount=6); keep nextIndex (342) unchanged and retry. (Repeated 2 times in the last 5.000s)
2025-04-24 14:04:42,631 [timer7] WARN  server.GrpcLogAppender (GrpcLogAppender.java:lambda$resetClient$1(221)) - omNode-2@group-523986131536->omNode-1-GrpcLogAppender: Follower failed (request=null, errorCount=8); keep nextIndex (343) unchanged and retry. (Repeated 2 times in the last 5.000s)
2025-04-24 14:04:42,631 [timer1] WARN  server.GrpcLogAppender (GrpcLogAppender.java:lambda$resetClient$1(221)) - omNode-2@group-523986131536->omNode-1-GrpcLogAppender: Follower failed (request=null, errorCount=10); keep nextIndex (344) unchanged and retry. (Repeated 2 times in the last 5.000s)
2025-04-24 14:04:42,646 [timer4] WARN  server.GrpcLogAppender (GrpcLogAppender.java:lambda$resetClient$1(221)) - omNode-2@group-523986131536->omNode-1-GrpcLogAppender: Follower failed (request=null, errorCount=12); keep nextIndex (345) unchanged and retry. (Repeated 2 times in the last 5.001s)
2025-04-24 14:04:42,647 [timer7] WARN  server.GrpcLogAppender (GrpcLogAppender.java:lambda$resetClient$1(221)) - omNode-2@group-523986131536->omNode-1-GrpcLogAppender: Follower failed (request=null, errorCount=14); keep nextIndex (346) unchanged and retry. (Repeated 2 times in the last 5.000s)
2025-04-24 14:04:42,654 [timer2] WARN  server.GrpcLogAppender (GrpcLogAppender.java:lambda$resetClient$1(221)) - omNode-2@group-523986131536->omNode-1-GrpcLogAppender: Follower failed (request=null, errorCount=16); keep nextIndex (347) unchanged and retry. (Repeated 2 times in the last 5.000s)
2025-04-24 14:04:42,656 [timer5] WARN  server.GrpcLogAppender (GrpcLogAppender.java:lambda$resetClient$1(221)) - omNode-2@group-523986131536->omNode-1-GrpcLogAppender: Follower failed (request=null, errorCount=20); keep nextIndex (348) unchanged and retry. (Repeated 4 times in the last 5.000s)
2025-04-24 14:04:42,729 [timer7] WARN  server.GrpcLogAppender (LogUtils.java:warn(121)) - omNode-2@group-523986131536->omNode-3-AppendLogResponseHandler: Failed appendEntries (Repeated 8 times in the last 5.000s): org.apache.ratis.thirdparty.io.grpc.StatusRuntimeException: UNAVAILABLE: io exception
2025-04-24 14:04:42,730 [timer0] WARN  server.GrpcLogAppender (GrpcLogAppender.java:lambda$resetClient$1(221)) - omNode-2@group-523986131536->omNode-3-GrpcLogAppender: Follower failed (request=null, errorCount=8); keep nextIndex (348) unchanged and retry. (Repeated 8 times in the last 5.000s)
2025-04-24 14:04:42,882 [omNode-1-impl-thread1] INFO  segmented.SegmentedRaftLogWorker (SegmentedRaftLogWorker.java:close(252)) - omNode-1@group-523986131536-SegmentedRaftLogWorker close()
2025-04-24 14:04:42,883 [JvmPauseMonitor39] INFO  util.JvmPauseMonitor (JvmPauseMonitor.java:run(152)) - JvmPauseMonitor-omNode-1: Stopped
2025-04-24 14:04:42,883 [main] INFO  utils.BackgroundService (BackgroundService.java:shutdown(161)) - Shutting down service KeyDeletingService
2025-04-24 14:04:42,883 [main] INFO  utils.BackgroundService (BackgroundService.java:shutdown(161)) - Shutting down service DirectoryDeletingService
2025-04-24 14:04:42,884 [main] INFO  utils.BackgroundService (BackgroundService.java:shutdown(161)) - Shutting down service OpenKeyCleanupService
2025-04-24 14:04:42,885 [main] INFO  utils.BackgroundService (BackgroundService.java:shutdown(161)) - Shutting down service SstFilteringService
2025-04-24 14:04:42,885 [main] INFO  utils.BackgroundService (BackgroundService.java:shutdown(161)) - Shutting down service SnapshotDeletingService
2025-04-24 14:04:42,885 [main] INFO  utils.BackgroundService (BackgroundService.java:shutdown(161)) - Shutting down service MultipartUploadCleanupService
2025-04-24 14:04:42,886 [main] INFO  handler.ContextHandler (ContextHandler.java:doStop(1159)) - Stopped o.e.j.w.WebAppContext@7aca44cb{ozoneManager,/,null,STOPPED}{file:/home/runner/work/ozone/ozone/hadoop-ozone/integration-test/target/test-classes/webapps/ozoneManager}
2025-04-24 14:04:42,886 [main] INFO  server.AbstractConnector (AbstractConnector.java:doStop(383)) - Stopped ServerConnector@4ec1d679{HTTP/1.1, (http/1.1)}{0.0.0.0:15007}
2025-04-24 14:04:42,887 [main] INFO  server.session (HouseKeeper.java:stopScavenging(149)) - node0 Stopped scavenging
2025-04-24 14:04:42,887 [main] INFO  handler.ContextHandler (ContextHandler.java:doStop(1159)) - Stopped o.e.j.s.ServletContextHandler@175b5905{static,/static,file:///home/runner/work/ozone/ozone/hadoop-ozone/integration-test/target/test-classes/webapps/static,STOPPED}
2025-04-24 14:04:42,887 [main] INFO  handler.ContextHandler (ContextHandler.java:doStop(1159)) - Stopped o.e.j.s.ServletContextHandler@1872a299{logs,/logs,file:///home/runner/work/ozone/ozone/hadoop-ozone/integration-test/target/log,STOPPED}
2025-04-24 14:04:42,888 [main] INFO  rocksdiff.RocksDBCheckpointDiffer (RocksDBCheckpointDiffer.java:close(304)) - Shutting down CompactionDagPruningService.
2025-04-24 14:04:42,890 [main] INFO  snapshot.SnapshotDiffManager (SnapshotDiffManager.java:closeExecutorService(1698)) - Shutting down executorService: 'SnapDiffExecutor'
2025-04-24 14:04:42,890 [main] INFO  utils.BackgroundService (BackgroundService.java:shutdown(161)) - Shutting down service SnapshotDiffCleanupService
2025-04-24 14:04:42,891 [main] INFO  ozone.MiniOzoneHAClusterImpl (MiniOzoneHAClusterImpl.java:stop(289)) - Stopping the OzoneManager omNode-2
2025-04-24 14:04:42,891 [main] INFO  om.OzoneManager (OzoneManager.java:stop(2347)) - omNode-2[localhost:15010]: Stopping Ozone Manager
2025-04-24 14:04:42,891 [main] INFO  ipc.Server (Server.java:stop(3697)) - Stopping server on 15010
2025-04-24 14:04:42,893 [IPC Server listener on 15010] INFO  ipc.Server (Server.java:run(1585)) - Stopping IPC Server listener on 15010
2025-04-24 14:04:42,893 [main] INFO  ratis.OzoneManagerRatisServer (OzoneManagerRatisServer.java:stop(634)) - Stopping org.apache.hadoop.ozone.om.ratis.OzoneManagerRatisServer@4d111f04 at port 15013
2025-04-24 14:04:42,893 [main] INFO  server.RaftServer (RaftServerProxy.java:lambda$close$9(417)) - omNode-2: close
2025-04-24 14:04:42,893 [IPC Server Responder] INFO  ipc.Server (Server.java:run(1718)) - Stopping IPC Server Responder
2025-04-24 14:04:42,893 [main] INFO  server.GrpcService (GrpcService.java:closeImpl(343)) - omNode-2: shutdown server GrpcServerProtocolService now
2025-04-24 14:04:42,893 [omNode-2-impl-thread1] INFO  server.RaftServer$Division (RaftServerImpl.java:lambda$close$1(513)) - omNode-2@group-523986131536: shutdown
2025-04-24 14:04:42,893 [omNode-2-impl-thread1] INFO  util.JmxRegister (JmxRegister.java:unregister(74)) - Successfully un-registered JMX Bean with object name Ratis:service=RaftServer,group=group-523986131536,id=omNode-2
2025-04-24 14:04:42,894 [omNode-2-impl-thread1] INFO  impl.RoleInfo (RoleInfo.java:shutdownFollowerState(121)) - omNode-2: shutdown omNode-2@group-523986131536-FollowerState
2025-04-24 14:04:42,894 [omNode-2-impl-thread1] INFO  impl.StateMachineUpdater (StateMachineUpdater.java:stopAndJoin(164)) - omNode-2@group-523986131536-StateMachineUpdater: set stopIndex = 348
2025-04-24 14:04:42,894 [omNode-2@group-523986131536-FollowerState] INFO  impl.FollowerState (FollowerState.java:runImpl(170)) - omNode-2@group-523986131536-FollowerState was interrupted
2025-04-24 14:04:42,895 [main] INFO  server.GrpcService (GrpcService.java:closeImpl(352)) - omNode-2: shutdown server GrpcServerProtocolService successfully
2025-04-24 14:04:42,900 [omNode-2@group-523986131536-StateMachineUpdater] INFO  ratis.OzoneManagerStateMachine (OzoneManagerStateMachine.java:takeSnapshotImpl(510)) - omNode-2: taking snapshot. applied = (t:19, i:348), skipped = 347, notified = (t:19, i:348), current snapshot index = (t:19, i:348), took 6 ms
2025-04-24 14:04:42,900 [omNode-2@group-523986131536-StateMachineUpdater] INFO  impl.StateMachineUpdater (StateMachineUpdater.java:takeSnapshot(303)) - omNode-2@group-523986131536-StateMachineUpdater: Took a snapshot at index 348
2025-04-24 14:04:42,900 [omNode-2@group-523986131536-StateMachineUpdater] INFO  impl.StateMachineUpdater (StateMachineUpdater.java:lambda$new$0(102)) - omNode-2@group-523986131536-StateMachineUpdater: snapshotIndex: updateIncreasingly 347 -> 348
2025-04-24 14:04:42,900 [omNode-2@group-523986131536-StateMachineUpdater] INFO  impl.StateMachineUpdater (StateMachineUpdater.java:stop(141)) - omNode-2@group-523986131536-StateMachineUpdater: closing OzoneManagerStateMachine, lastApplied=(t:19, i:348)
2025-04-24 14:04:42,900 [omNode-2@group-523986131536-StateMachineUpdater] INFO  ratis.OzoneManagerStateMachine (OzoneManagerStateMachine.java:close(550)) - Stopping OzoneManagerStateMachine:omNode-2:group-523986131536.
2025-04-24 14:04:42,900 [omNode-2@group-523986131536-StateMachineUpdater] INFO  ratis.OzoneManagerDoubleBuffer (OzoneManagerDoubleBuffer.java:stopDaemon(500)) - Stopping OMDoubleBuffer flush thread
2025-04-24 14:04:42,900 [omNode-2-OMDoubleBufferFlushThread] INFO  ratis.OzoneManagerDoubleBuffer (OzoneManagerDoubleBuffer.java:canFlush(559)) - OMDoubleBuffer flush thread omNode-2-OMDoubleBufferFlushThread is interrupted and will exit.
2025-04-24 14:04:42,901 [omNode-2@group-523986131536-cacheEviction-AwaitToRun] INFO  util.AwaitToRun (AwaitToRun.java:run(49)) - omNode-2@group-523986131536-cacheEviction-AwaitToRun-AwaitForSignal is interrupted
2025-04-24 14:04:43,871 [omNode-2-impl-thread1] INFO  segmented.SegmentedRaftLogWorker (SegmentedRaftLogWorker.java:close(252)) - omNode-2@group-523986131536-SegmentedRaftLogWorker close()
2025-04-24 14:04:43,872 [JvmPauseMonitor40] INFO  util.JvmPauseMonitor (JvmPauseMonitor.java:run(152)) - JvmPauseMonitor-omNode-2: Stopped
2025-04-24 14:04:43,872 [main] INFO  utils.BackgroundService (BackgroundService.java:shutdown(161)) - Shutting down service KeyDeletingService
2025-04-24 14:04:43,872 [main] INFO  utils.BackgroundService (BackgroundService.java:shutdown(161)) - Shutting down service DirectoryDeletingService
2025-04-24 14:04:43,873 [main] INFO  utils.BackgroundService (BackgroundService.java:shutdown(161)) - Shutting down service OpenKeyCleanupService
2025-04-24 14:04:43,873 [main] INFO  utils.BackgroundService (BackgroundService.java:shutdown(161)) - Shutting down service SstFilteringService
2025-04-24 14:04:43,874 [main] INFO  utils.BackgroundService (BackgroundService.java:shutdown(161)) - Shutting down service SnapshotDeletingService
2025-04-24 14:04:43,874 [main] INFO  utils.BackgroundService (BackgroundService.java:shutdown(161)) - Shutting down service MultipartUploadCleanupService
2025-04-24 14:04:43,875 [main] INFO  handler.ContextHandler (ContextHandler.java:doStop(1159)) - Stopped o.e.j.w.WebAppContext@3a217c21{ozoneManager,/,null,STOPPED}{file:/home/runner/work/ozone/ozone/hadoop-ozone/integration-test/target/test-classes/webapps/ozoneManager}
2025-04-24 14:04:43,875 [main] INFO  server.AbstractConnector (AbstractConnector.java:doStop(383)) - Stopped ServerConnector@12169787{HTTP/1.1, (http/1.1)}{0.0.0.0:15011}
2025-04-24 14:04:43,875 [main] INFO  server.session (HouseKeeper.java:stopScavenging(149)) - node0 Stopped scavenging
2025-04-24 14:04:43,876 [main] INFO  handler.ContextHandler (ContextHandler.java:doStop(1159)) - Stopped o.e.j.s.ServletContextHandler@24c7853a{static,/static,file:///home/runner/work/ozone/ozone/hadoop-ozone/integration-test/target/test-classes/webapps/static,STOPPED}
2025-04-24 14:04:43,876 [main] INFO  handler.ContextHandler (ContextHandler.java:doStop(1159)) - Stopped o.e.j.s.ServletContextHandler@53b94b92{logs,/logs,file:///home/runner/work/ozone/ozone/hadoop-ozone/integration-test/target/log,STOPPED}
2025-04-24 14:04:43,877 [main] INFO  rocksdiff.RocksDBCheckpointDiffer (RocksDBCheckpointDiffer.java:close(304)) - Shutting down CompactionDagPruningService.
2025-04-24 14:04:43,878 [main] INFO  snapshot.SnapshotDiffManager (SnapshotDiffManager.java:closeExecutorService(1698)) - Shutting down executorService: 'SnapDiffExecutor'
2025-04-24 14:04:43,879 [main] INFO  utils.BackgroundService (BackgroundService.java:shutdown(161)) - Shutting down service SnapshotDiffCleanupService
2025-04-24 14:04:43,879 [main] INFO  ozone.MiniOzoneHAClusterImpl (MiniOzoneHAClusterImpl.java:stop(296)) - Stopping the StorageContainerManager c9ecfe4d-0892-4246-87fb-41e44738771b
2025-04-24 14:04:43,879 [main] INFO  server.StorageContainerManager (StorageContainerManager.java:stop(1608)) - Container Balancer is not running.
2025-04-24 14:04:43,880 [main] INFO  server.StorageContainerManager (StorageContainerManager.java:stopReplicationManager(1742)) - Stopping Replication Manager Service.
2025-04-24 14:04:43,880 [main] INFO  replication.ReplicationManager (ReplicationManager.java:stop(318)) - Stopping Replication Monitor Thread.
2025-04-24 14:04:43,880 [main] INFO  server.StorageContainerManager (StorageContainerManager.java:stop(1617)) - Stopping the Datanode Admin Monitor.
2025-04-24 14:04:43,880 [ReplicationMonitor] INFO  replication.ReplicationManager (ReplicationManager.java:run(937)) - Replication Monitor Thread is stopped
2025-04-24 14:04:43,880 [OverReplicatedProcessor] WARN  replication.UnhealthyReplicationProcessor (UnhealthyReplicationProcessor.java:run(178)) - OverReplicatedProcessor interrupted. Exiting...
2025-04-24 14:04:43,880 [main] INFO  server.StorageContainerManager (StorageContainerManager.java:stop(1624)) - Stopping datanode service RPC server
2025-04-24 14:04:43,880 [main] INFO  server.SCMDatanodeProtocolServer (SCMDatanodeProtocolServer.java:stop(448)) - Stopping the RPC server for DataNodes
2025-04-24 14:04:43,880 [main] INFO  ipc.Server (Server.java:stop(3697)) - Stopping server on 15002
2025-04-24 14:04:43,880 [UnderReplicatedProcessor] WARN  replication.UnhealthyReplicationProcessor (UnhealthyReplicationProcessor.java:run(178)) - UnderReplicatedProcessor interrupted. Exiting...
2025-04-24 14:04:43,884 [IPC Server Responder] INFO  ipc.Server (Server.java:run(1718)) - Stopping IPC Server Responder
2025-04-24 14:04:43,884 [IPC Server listener on 15002] INFO  ipc.Server (Server.java:run(1585)) - Stopping IPC Server listener on 15002
2025-04-24 14:04:43,898 [SCMHeartbeatProcessor-0] WARN  node.NodeStateManager (NodeStateManager.java:scheduleNextHealthCheck(918)) - Current Thread is interrupted, shutting down HB processing thread for Node Manager.
2025-04-24 14:04:43,898 [main] INFO  server.StorageContainerManager (StorageContainerManager.java:stop(1632)) - Stopping block service RPC server
2025-04-24 14:04:43,899 [main] INFO  server.SCMBlockProtocolServer (SCMBlockProtocolServer.java:stop(175)) - Stopping the RPC server for Block Protocol
2025-04-24 14:04:43,899 [main] INFO  ipc.Server (Server.java:stop(3697)) - Stopping server on 15001
2025-04-24 14:04:43,901 [IPC Server listener on 15001] INFO  ipc.Server (Server.java:run(1585)) - Stopping IPC Server listener on 15001
2025-04-24 14:04:43,901 [main] INFO  server.StorageContainerManager (StorageContainerManager.java:stop(1639)) - Stopping the StorageContainerLocationProtocol RPC server
2025-04-24 14:04:43,902 [main] INFO  server.SCMClientProtocolServer (SCMClientProtocolServer.java:stop(216)) - Stopping the RPC server for Client Protocol
2025-04-24 14:04:43,902 [main] INFO  ipc.Server (Server.java:stop(3697)) - Stopping server on 15000
2025-04-24 14:04:43,901 [IPC Server Responder] INFO  ipc.Server (Server.java:run(1718)) - Stopping IPC Server Responder
2025-04-24 14:04:43,906 [IPC Server Responder] INFO  ipc.Server (Server.java:run(1718)) - Stopping IPC Server Responder
2025-04-24 14:04:43,906 [main] INFO  server.StorageContainerManager (StorageContainerManager.java:stop(1646)) - Stopping Storage Container Manager HTTP server.
2025-04-24 14:04:43,907 [main] INFO  handler.ContextHandler (ContextHandler.java:doStop(1159)) - Stopped o.e.j.w.WebAppContext@53fb3e1b{scm,/,null,STOPPED}{file:/home/runner/work/ozone/ozone/hadoop-ozone/integration-test/target/test-classes/webapps/scm}
2025-04-24 14:04:43,907 [IPC Server listener on 15000] INFO  ipc.Server (Server.java:run(1585)) - Stopping IPC Server listener on 15000
2025-04-24 14:04:43,908 [main] INFO  server.AbstractConnector (AbstractConnector.java:doStop(383)) - Stopped ServerConnector@5de14222{HTTP/1.1, (http/1.1)}{0.0.0.0:15003}
2025-04-24 14:04:43,908 [main] INFO  server.session (HouseKeeper.java:stopScavenging(149)) - node0 Stopped scavenging
2025-04-24 14:04:43,909 [main] INFO  handler.ContextHandler (ContextHandler.java:doStop(1159)) - Stopped o.e.j.s.ServletContextHandler@6e70861{static,/static,file:///home/runner/work/ozone/ozone/hadoop-ozone/integration-test/target/test-classes/webapps/static,STOPPED}
2025-04-24 14:04:43,909 [main] INFO  handler.ContextHandler (ContextHandler.java:doStop(1159)) - Stopped o.e.j.s.ServletContextHandler@1df8e685{logs,/logs,file:///home/runner/work/ozone/ozone/hadoop-ozone/integration-test/target/log,STOPPED}
2025-04-24 14:04:43,910 [main] INFO  server.StorageContainerManager (StorageContainerManager.java:stop(1654)) - Stopping SCM LayoutVersionManager Service.
2025-04-24 14:04:43,910 [main] INFO  server.StorageContainerManager (StorageContainerManager.java:stop(1666)) - Stopping Block Manager Service.
2025-04-24 14:04:43,910 [main] INFO  utils.BackgroundService (BackgroundService.java:shutdown(161)) - Shutting down service SCMBlockDeletingService
2025-04-24 14:04:43,911 [main] INFO  utils.BackgroundService (BackgroundService.java:shutdown(161)) - Shutting down service SCMBlockDeletingService
2025-04-24 14:04:43,911 [main] INFO  server.StorageContainerManager (StorageContainerManager.java:stop(1691)) - Stopping SCM Event Queue.
2025-04-24 14:04:43,912 [main] INFO  server.StorageContainerManager (StorageContainerManager.java:stop(1698)) - Stopping SCM HA services.
2025-04-24 14:04:43,913 [main] INFO  ha.SCMRatisServerImpl (SCMRatisServerImpl.java:stop(266)) - stopping ratis server 0.0.0.0:15004
2025-04-24 14:04:43,913 [main] INFO  server.RaftServer (RaftServerProxy.java:lambda$close$9(417)) - c9ecfe4d-0892-4246-87fb-41e44738771b: close
2025-04-24 14:04:43,919 [main] INFO  server.GrpcService (GrpcService.java:closeImpl(343)) - c9ecfe4d-0892-4246-87fb-41e44738771b: shutdown server GrpcServerProtocolService now
2025-04-24 14:04:43,919 [c9ecfe4d-0892-4246-87fb-41e44738771b-impl-thread2] INFO  server.RaftServer$Division (RaftServerImpl.java:lambda$close$1(513)) - c9ecfe4d-0892-4246-87fb-41e44738771b@group-351D73277E17: shutdown
2025-04-24 14:04:43,919 [c9ecfe4d-0892-4246-87fb-41e44738771b-impl-thread2] INFO  util.JmxRegister (JmxRegister.java:unregister(74)) - Successfully un-registered JMX Bean with object name Ratis:service=RaftServer,group=group-351D73277E17,id=c9ecfe4d-0892-4246-87fb-41e44738771b
2025-04-24 14:04:43,919 [c9ecfe4d-0892-4246-87fb-41e44738771b-impl-thread2] INFO  impl.RoleInfo (RoleInfo.java:shutdownLeaderState(103)) - c9ecfe4d-0892-4246-87fb-41e44738771b: shutdown c9ecfe4d-0892-4246-87fb-41e44738771b@group-351D73277E17-LeaderStateImpl
2025-04-24 14:04:43,919 [c9ecfe4d-0892-4246-87fb-41e44738771b-impl-thread2] INFO  impl.PendingRequests (PendingRequests.java:sendNotLeaderResponses(287)) - c9ecfe4d-0892-4246-87fb-41e44738771b@group-351D73277E17-PendingRequests: sendNotLeaderResponses
2025-04-24 14:04:43,919 [c9ecfe4d-0892-4246-87fb-41e44738771b-impl-thread2] INFO  ha.SCMStateMachine (SCMStateMachine.java:notifyNotLeader(211)) - current leader SCM steps down.
2025-04-24 14:04:43,919 [c9ecfe4d-0892-4246-87fb-41e44738771b-impl-thread2] INFO  ha.SCMContext (SCMContext.java:updateLeaderAndTerm(95)) - update <isLeader,term> from <true,2> to <false,0>
2025-04-24 14:04:43,919 [c9ecfe4d-0892-4246-87fb-41e44738771b-impl-thread2] INFO  ha.SCMContext (SCMContext.java:updateLeaderAndTerm(101)) - update <isLeaderReady> from <true> to <false>
2025-04-24 14:04:43,919 [c9ecfe4d-0892-4246-87fb-41e44738771b-impl-thread2] INFO  BackgroundPipelineScrubber (BackgroundSCMService.java:notifyStatusChanged(84)) - Service BackgroundPipelineScrubber transitions to PAUSING.
2025-04-24 14:04:43,919 [c9ecfe4d-0892-4246-87fb-41e44738771b-impl-thread2] INFO  ExpiredContainerReplicaOpScrubber (BackgroundSCMService.java:notifyStatusChanged(84)) - Service ExpiredContainerReplicaOpScrubber transitions to PAUSING.
2025-04-24 14:04:43,919 [c9ecfe4d-0892-4246-87fb-41e44738771b-impl-thread2] INFO  SCMHATransactionMonitor (BackgroundSCMService.java:notifyStatusChanged(84)) - Service SCMHATransactionMonitor transitions to PAUSING.
2025-04-24 14:04:43,920 [c9ecfe4d-0892-4246-87fb-41e44738771b-impl-thread2] INFO  impl.StateMachineUpdater (StateMachineUpdater.java:stopAndJoin(164)) - c9ecfe4d-0892-4246-87fb-41e44738771b@group-351D73277E17-StateMachineUpdater: set stopIndex = 46
2025-04-24 14:04:43,921 [c9ecfe4d-0892-4246-87fb-41e44738771b@group-351D73277E17-StateMachineUpdater] INFO  ha.SCMStateMachine (SCMStateMachine.java:takeSnapshot(330)) - Current Snapshot Index 46, takeSnapshot took 1 ms
2025-04-24 14:04:43,921 [c9ecfe4d-0892-4246-87fb-41e44738771b@group-351D73277E17-StateMachineUpdater] INFO  impl.StateMachineUpdater (StateMachineUpdater.java:takeSnapshot(303)) - c9ecfe4d-0892-4246-87fb-41e44738771b@group-351D73277E17-StateMachineUpdater: Took a snapshot at index 46
2025-04-24 14:04:43,921 [c9ecfe4d-0892-4246-87fb-41e44738771b@group-351D73277E17-StateMachineUpdater] INFO  impl.StateMachineUpdater (StateMachineUpdater.java:lambda$new$0(102)) - c9ecfe4d-0892-4246-87fb-41e44738771b@group-351D73277E17-StateMachineUpdater: snapshotIndex: updateIncreasingly -1 -> 46
2025-04-24 14:04:43,921 [c9ecfe4d-0892-4246-87fb-41e44738771b@group-351D73277E17-StateMachineUpdater] INFO  impl.StateMachineUpdater (StateMachineUpdater.java:stop(141)) - c9ecfe4d-0892-4246-87fb-41e44738771b@group-351D73277E17-StateMachineUpdater: closing SCMStateMachine, lastApplied=(t:2, i:46)
2025-04-24 14:04:43,921 [c9ecfe4d-0892-4246-87fb-41e44738771b@group-351D73277E17-cacheEviction-AwaitToRun] INFO  util.AwaitToRun (AwaitToRun.java:run(49)) - c9ecfe4d-0892-4246-87fb-41e44738771b@group-351D73277E17-cacheEviction-AwaitToRun-AwaitForSignal is interrupted
2025-04-24 14:04:43,925 [main] INFO  server.GrpcService (GrpcService.java:closeImpl(352)) - c9ecfe4d-0892-4246-87fb-41e44738771b: shutdown server GrpcServerProtocolService successfully
2025-04-24 14:04:44,047 [c9ecfe4d-0892-4246-87fb-41e44738771b-impl-thread2] INFO  segmented.SegmentedRaftLogWorker (SegmentedRaftLogWorker.java:close(252)) - c9ecfe4d-0892-4246-87fb-41e44738771b@group-351D73277E17-SegmentedRaftLogWorker close()
2025-04-24 14:04:44,048 [JvmPauseMonitor1] INFO  util.JvmPauseMonitor (JvmPauseMonitor.java:run(152)) - JvmPauseMonitor-c9ecfe4d-0892-4246-87fb-41e44738771b: Stopped
2025-04-24 14:04:44,048 [main] INFO  SCMHATransactionMonitor (BackgroundSCMService.java:stop(127)) - Stopping SCMHATransactionMonitor Service.
2025-04-24 14:04:44,048 [SCMHATransactionMonitor] WARN  SCMHATransactionMonitor (BackgroundSCMService.java:run(111)) - SCMHATransactionMonitor is interrupted, exit
2025-04-24 14:04:44,048 [main] INFO  pipeline.BackgroundPipelineCreator (BackgroundPipelineCreator.java:stop(155)) - Stopping RatisPipelineUtilsThread.
2025-04-24 14:04:44,048 [RatisPipelineUtilsThread-0] WARN  pipeline.BackgroundPipelineCreator (BackgroundPipelineCreator.java:run(186)) - RatisPipelineUtilsThread is interrupted.
2025-04-24 14:04:44,049 [BackgroundPipelineScrubber] WARN  BackgroundPipelineScrubber (BackgroundSCMService.java:run(111)) - BackgroundPipelineScrubber is interrupted, exit
2025-04-24 14:04:44,049 [main] INFO  BackgroundPipelineScrubber (BackgroundSCMService.java:stop(127)) - Stopping BackgroundPipelineScrubber Service.
2025-04-24 14:04:44,051 [main] INFO  impl.MetricsSystemImpl (MetricsSystemImpl.java:stop(210)) - Stopping OzoneManager metrics system...
2025-04-24 14:04:44,053 [prometheus] INFO  impl.MetricsSinkAdapter (MetricsSinkAdapter.java:publishMetricsFromQueue(141)) - prometheus thread interrupted.
2025-04-24 14:04:44,053 [main] INFO  impl.MetricsSystemImpl (MetricsSystemImpl.java:stop(216)) - OzoneManager metrics system stopped.
2025-04-24 14:04:44,054 [main] WARN  pipeline.BackgroundPipelineCreator (BackgroundPipelineCreator.java:stop(151)) - RatisPipelineUtilsThread is not running, just ignore.
2025-04-24 14:04:44,054 [main] INFO  BackgroundPipelineScrubber (BackgroundSCMService.java:stop(122)) - BackgroundPipelineScrubber Service is not running, skip stop.
2025-04-24 14:04:44,054 [main] INFO  ExpiredContainerReplicaOpScrubber (BackgroundSCMService.java:stop(127)) - Stopping ExpiredContainerReplicaOpScrubber Service.
2025-04-24 14:04:44,055 [main] INFO  utils.BackgroundService (BackgroundService.java:shutdown(161)) - Shutting down service SCMBlockDeletingService
2025-04-24 14:04:44,055 [main] INFO  replication.ReplicationManager (ReplicationManager.java:stop(325)) - Replication Monitor Thread is not running.
2025-04-24 14:04:44,055 [main] WARN  balancer.ContainerBalancer (ContainerBalancer.java:stop(349)) - Cannot stop Container Balancer because it's not running or stopping
2025-04-24 14:04:44,055 [main] INFO  SCMHATransactionMonitor (BackgroundSCMService.java:stop(122)) - SCMHATransactionMonitor Service is not running, skip stop.
2025-04-24 14:04:44,055 [LeaseManager#LeaseMonitor] WARN  lease.LeaseManager (LeaseManager.java:run(285)) - Lease manager is interrupted. Shutting down...
java.lang.InterruptedException
	at java.base/java.util.concurrent.locks.AbstractQueuedSynchronizer.tryAcquireSharedNanos(AbstractQueuedSynchronizer.java:1133)
	at java.base/java.util.concurrent.Semaphore.tryAcquire(Semaphore.java:415)
	at org.apache.hadoop.ozone.lease.LeaseManager$LeaseMonitor.run(LeaseManager.java:283)
	at java.base/java.lang.Thread.run(Thread.java:1583)
2025-04-24 14:04:44,055 [main] INFO  server.StorageContainerManager (StorageContainerManager.java:stop(1733)) - Stopping SCM MetadataStore.
2025-04-24 14:04:44,055 [ExpiredContainerReplicaOpScrubber] WARN  ExpiredContainerReplicaOpScrubber (BackgroundSCMService.java:run(111)) - ExpiredContainerReplicaOpScrubber is interrupted, exit
2025-04-24 14:04:44,057 [main] INFO  ozone.MiniOzoneClusterImpl (MiniOzoneClusterImpl.java:stop(409)) - Stopping the Mini Ozone Cluster
2025-04-24 14:04:44,057 [main] INFO  ozone.MiniOzoneClusterImpl (MiniOzoneClusterImpl.java:stopDatanodes(475)) - Stopping the HddsDatanodes
2025-04-24 14:04:44,059 [main] INFO  ozoneimpl.OzoneContainer (OzoneContainer.java:stop(536)) - Attempting to stop container services.
2025-04-24 14:04:44,060 [ContainerMetadataScanner] WARN  ozoneimpl.AbstractBackgroundContainerScanner (AbstractBackgroundContainerScanner.java:handleRemainingSleep(136)) - Background container scan was interrupted.
2025-04-24 14:04:44,060 [ContainerMetadataScanner] INFO  ozoneimpl.AbstractBackgroundContainerScanner (AbstractBackgroundContainerScanner.java:run(63)) - org.apache.hadoop.ozone.container.ozoneimpl.BackgroundContainerMetadataScanner@3419fc83 exiting.
2025-04-24 14:04:44,060 [main] INFO  ozoneimpl.BackgroundContainerDataScanner (BackgroundContainerDataScanner.java:shutdown(141)) - ContainerDataScanner(/home/runner/work/ozone/ozone/hadoop-ozone/integration-test/target/test-dir/MiniOzoneClusterImpl-4e6105ad-12bc-4f18-9d37-351d73277e17/ozone-meta/datanode-2/data-0/hdds) is shutting down. 
2025-04-24 14:04:44,061 [ForkJoinPool.commonPool-worker-2] INFO  ozoneimpl.OzoneContainer (OzoneContainer.java:stop(536)) - Attempting to stop container services.
2025-04-24 14:04:44,061 [ContainerMetadataScanner] WARN  ozoneimpl.AbstractBackgroundContainerScanner (AbstractBackgroundContainerScanner.java:handleRemainingSleep(136)) - Background container scan was interrupted.
2025-04-24 14:04:44,061 [ContainerMetadataScanner] INFO  ozoneimpl.AbstractBackgroundContainerScanner (AbstractBackgroundContainerScanner.java:run(63)) - org.apache.hadoop.ozone.container.ozoneimpl.BackgroundContainerMetadataScanner@79f2c025 exiting.
2025-04-24 14:04:44,061 [ContainerDataScanner(/home/runner/work/ozone/ozone/hadoop-ozone/integration-test/target/test-dir/MiniOzoneClusterImpl-4e6105ad-12bc-4f18-9d37-351d73277e17/ozone-meta/datanode-2/data-0/hdds)] WARN  ozoneimpl.AbstractBackgroundContainerScanner (AbstractBackgroundContainerScanner.java:handleRemainingSleep(136)) - Background container scan was interrupted.
2025-04-24 14:04:44,061 [ForkJoinPool.commonPool-worker-2] INFO  ozoneimpl.BackgroundContainerDataScanner (BackgroundContainerDataScanner.java:shutdown(141)) - ContainerDataScanner(/home/runner/work/ozone/ozone/hadoop-ozone/integration-test/target/test-dir/MiniOzoneClusterImpl-4e6105ad-12bc-4f18-9d37-351d73277e17/ozone-meta/datanode-1/data-0/hdds) is shutting down. 
2025-04-24 14:04:44,061 [ContainerDataScanner(/home/runner/work/ozone/ozone/hadoop-ozone/integration-test/target/test-dir/MiniOzoneClusterImpl-4e6105ad-12bc-4f18-9d37-351d73277e17/ozone-meta/datanode-1/data-0/hdds)] WARN  ozoneimpl.AbstractBackgroundContainerScanner (AbstractBackgroundContainerScanner.java:handleRemainingSleep(136)) - Background container scan was interrupted.
2025-04-24 14:04:44,062 [ContainerDataScanner(/home/runner/work/ozone/ozone/hadoop-ozone/integration-test/target/test-dir/MiniOzoneClusterImpl-4e6105ad-12bc-4f18-9d37-351d73277e17/ozone-meta/datanode-1/data-0/hdds)] INFO  ozoneimpl.AbstractBackgroundContainerScanner (AbstractBackgroundContainerScanner.java:run(63)) - ContainerDataScanner(/home/runner/work/ozone/ozone/hadoop-ozone/integration-test/target/test-dir/MiniOzoneClusterImpl-4e6105ad-12bc-4f18-9d37-351d73277e17/ozone-meta/datanode-1/data-0/hdds, DS-8249b117-65ea-4100-9f7f-30ffb2e908ce) exiting.
2025-04-24 14:04:44,062 [ForkJoinPool.commonPool-worker-2] INFO  ozoneimpl.OnDemandContainerDataScanner (OnDemandContainerDataScanner.java:shutdownScanner(208)) - On-demand container scanner is shutting down.
2025-04-24 14:04:44,061 [ContainerDataScanner(/home/runner/work/ozone/ozone/hadoop-ozone/integration-test/target/test-dir/MiniOzoneClusterImpl-4e6105ad-12bc-4f18-9d37-351d73277e17/ozone-meta/datanode-2/data-0/hdds)] INFO  ozoneimpl.AbstractBackgroundContainerScanner (AbstractBackgroundContainerScanner.java:run(63)) - ContainerDataScanner(/home/runner/work/ozone/ozone/hadoop-ozone/integration-test/target/test-dir/MiniOzoneClusterImpl-4e6105ad-12bc-4f18-9d37-351d73277e17/ozone-meta/datanode-2/data-0/hdds, DS-78f022d2-bc1b-4781-8de6-a335cbe07cd6) exiting.
2025-04-24 14:04:44,062 [ForkJoinPool.commonPool-worker-2] INFO  ratis.XceiverServerRatis (XceiverServerRatis.java:stop(594)) - Closing XceiverServerRatis(b80db16c-5673-450c-b3ca-7f89ec301096)
2025-04-24 14:04:44,062 [ForkJoinPool.commonPool-worker-1] INFO  ozoneimpl.OzoneContainer (OzoneContainer.java:stop(536)) - Attempting to stop container services.
2025-04-24 14:04:44,062 [main] INFO  ratis.XceiverServerRatis (XceiverServerRatis.java:stop(594)) - Closing XceiverServerRatis(aed9408d-e3c0-4aa9-9c6a-b698c50b685f)
2025-04-24 14:04:44,062 [main] INFO  server.RaftServer (RaftServerProxy.java:lambda$close$9(417)) - aed9408d-e3c0-4aa9-9c6a-b698c50b685f: close
2025-04-24 14:04:44,063 [aed9408d-e3c0-4aa9-9c6a-b698c50b685f-impl-thread2] INFO  server.RaftServer$Division (RaftServerImpl.java:lambda$close$1(513)) - aed9408d-e3c0-4aa9-9c6a-b698c50b685f@group-5E7736B872A8: shutdown
2025-04-24 14:04:44,063 [aed9408d-e3c0-4aa9-9c6a-b698c50b685f-impl-thread2] INFO  util.JmxRegister (JmxRegister.java:unregister(74)) - Successfully un-registered JMX Bean with object name Ratis:service=RaftServer,group=group-5E7736B872A8,id=aed9408d-e3c0-4aa9-9c6a-b698c50b685f
2025-04-24 14:04:44,063 [aed9408d-e3c0-4aa9-9c6a-b698c50b685f-impl-thread2] INFO  impl.RoleInfo (RoleInfo.java:shutdownFollowerState(121)) - aed9408d-e3c0-4aa9-9c6a-b698c50b685f: shutdown aed9408d-e3c0-4aa9-9c6a-b698c50b685f@group-5E7736B872A8-FollowerState
2025-04-24 14:04:44,063 [aed9408d-e3c0-4aa9-9c6a-b698c50b685f-impl-thread2] INFO  impl.StateMachineUpdater (StateMachineUpdater.java:stopAndJoin(164)) - aed9408d-e3c0-4aa9-9c6a-b698c50b685f@group-5E7736B872A8-StateMachineUpdater: set stopIndex = 0
2025-04-24 14:04:44,064 [aed9408d-e3c0-4aa9-9c6a-b698c50b685f-impl-thread3] INFO  server.RaftServer$Division (RaftServerImpl.java:lambda$close$1(513)) - aed9408d-e3c0-4aa9-9c6a-b698c50b685f@group-B7738D5DBFED: shutdown
2025-04-24 14:04:44,064 [aed9408d-e3c0-4aa9-9c6a-b698c50b685f-impl-thread3] INFO  util.JmxRegister (JmxRegister.java:unregister(74)) - Successfully un-registered JMX Bean with object name Ratis:service=RaftServer,group=group-B7738D5DBFED,id=aed9408d-e3c0-4aa9-9c6a-b698c50b685f
2025-04-24 14:04:44,064 [aed9408d-e3c0-4aa9-9c6a-b698c50b685f-impl-thread3] INFO  impl.RoleInfo (RoleInfo.java:shutdownLeaderState(103)) - aed9408d-e3c0-4aa9-9c6a-b698c50b685f: shutdown aed9408d-e3c0-4aa9-9c6a-b698c50b685f@group-B7738D5DBFED-LeaderStateImpl
2025-04-24 14:04:44,064 [aed9408d-e3c0-4aa9-9c6a-b698c50b685f-impl-thread3] INFO  impl.PendingRequests (PendingRequests.java:sendNotLeaderResponses(287)) - aed9408d-e3c0-4aa9-9c6a-b698c50b685f@group-B7738D5DBFED-PendingRequests: sendNotLeaderResponses
2025-04-24 14:04:44,064 [aed9408d-e3c0-4aa9-9c6a-b698c50b685f@group-5E7736B872A8-FollowerState] INFO  impl.FollowerState (FollowerState.java:runImpl(170)) - aed9408d-e3c0-4aa9-9c6a-b698c50b685f@group-5E7736B872A8-FollowerState was interrupted
2025-04-24 14:04:44,064 [aed9408d-e3c0-4aa9-9c6a-b698c50b685f@group-5E7736B872A8-StateMachineUpdater] INFO  ratis.ContainerStateMachine (ContainerStateMachine.java:takeSnapshot(426)) - group-5E7736B872A8: Taking a snapshot at:(t:1, i:0) file /home/runner/work/ozone/ozone/hadoop-ozone/integration-test/target/test-dir/MiniOzoneClusterImpl-4e6105ad-12bc-4f18-9d37-351d73277e17/ozone-meta/datanode-2/ratis/5a76b5c3-b2e7-444b-9d4d-5e7736b872a8/sm/snapshot.1_0
2025-04-24 14:04:44,064 [aed9408d-e3c0-4aa9-9c6a-b698c50b685f-impl-thread4] INFO  server.RaftServer$Division (RaftServerImpl.java:lambda$close$1(513)) - aed9408d-e3c0-4aa9-9c6a-b698c50b685f@group-94051EF173A1: shutdown
2025-04-24 14:04:44,064 [aed9408d-e3c0-4aa9-9c6a-b698c50b685f-impl-thread4] INFO  util.JmxRegister (JmxRegister.java:unregister(74)) - Successfully un-registered JMX Bean with object name Ratis:service=RaftServer,group=group-94051EF173A1,id=aed9408d-e3c0-4aa9-9c6a-b698c50b685f
2025-04-24 14:04:44,065 [aed9408d-e3c0-4aa9-9c6a-b698c50b685f-impl-thread4] INFO  impl.RoleInfo (RoleInfo.java:shutdownLeaderState(103)) - aed9408d-e3c0-4aa9-9c6a-b698c50b685f: shutdown aed9408d-e3c0-4aa9-9c6a-b698c50b685f@group-94051EF173A1-LeaderStateImpl
2025-04-24 14:04:44,065 [aed9408d-e3c0-4aa9-9c6a-b698c50b685f-impl-thread4] INFO  impl.PendingRequests (PendingRequests.java:sendNotLeaderResponses(287)) - aed9408d-e3c0-4aa9-9c6a-b698c50b685f@group-94051EF173A1-PendingRequests: sendNotLeaderResponses
2025-04-24 14:04:44,062 [ForkJoinPool.commonPool-worker-2] INFO  server.RaftServer (RaftServerProxy.java:lambda$close$9(417)) - b80db16c-5673-450c-b3ca-7f89ec301096: close
2025-04-24 14:04:44,065 [aed9408d-e3c0-4aa9-9c6a-b698c50b685f@group-94051EF173A1->b80db16c-5673-450c-b3ca-7f89ec301096-GrpcLogAppender-LogAppenderDaemon] WARN  server.GrpcLogAppender (GrpcLogAppender.java:mayWait(293)) - aed9408d-e3c0-4aa9-9c6a-b698c50b685f@group-94051EF173A1->b80db16c-5673-450c-b3ca-7f89ec301096-GrpcLogAppender: Wait interrupted by java.lang.InterruptedException
2025-04-24 14:04:44,066 [aed9408d-e3c0-4aa9-9c6a-b698c50b685f-impl-thread3] INFO  impl.StateMachineUpdater (StateMachineUpdater.java:stopAndJoin(164)) - aed9408d-e3c0-4aa9-9c6a-b698c50b685f@group-B7738D5DBFED-StateMachineUpdater: set stopIndex = 9
2025-04-24 14:04:44,066 [b80db16c-5673-450c-b3ca-7f89ec301096-impl-thread2] INFO  server.RaftServer$Division (RaftServerImpl.java:lambda$close$1(513)) - b80db16c-5673-450c-b3ca-7f89ec301096@group-5E7736B872A8: shutdown
2025-04-24 14:04:44,066 [b80db16c-5673-450c-b3ca-7f89ec301096-impl-thread2] INFO  util.JmxRegister (JmxRegister.java:unregister(74)) - Successfully un-registered JMX Bean with object name Ratis:service=RaftServer,group=group-5E7736B872A8,id=b80db16c-5673-450c-b3ca-7f89ec301096
2025-04-24 14:04:44,066 [b80db16c-5673-450c-b3ca-7f89ec301096-impl-thread2] INFO  impl.RoleInfo (RoleInfo.java:shutdownLeaderState(103)) - b80db16c-5673-450c-b3ca-7f89ec301096: shutdown b80db16c-5673-450c-b3ca-7f89ec301096@group-5E7736B872A8-LeaderStateImpl
2025-04-24 14:04:44,066 [b80db16c-5673-450c-b3ca-7f89ec301096-impl-thread2] INFO  impl.PendingRequests (PendingRequests.java:sendNotLeaderResponses(287)) - b80db16c-5673-450c-b3ca-7f89ec301096@group-5E7736B872A8-PendingRequests: sendNotLeaderResponses
2025-04-24 14:04:44,066 [b80db16c-5673-450c-b3ca-7f89ec301096@group-5E7736B872A8->aed9408d-e3c0-4aa9-9c6a-b698c50b685f-GrpcLogAppender-LogAppenderDaemon] WARN  server.GrpcLogAppender (GrpcLogAppender.java:mayWait(293)) - b80db16c-5673-450c-b3ca-7f89ec301096@group-5E7736B872A8->aed9408d-e3c0-4aa9-9c6a-b698c50b685f-GrpcLogAppender: Wait interrupted by java.lang.InterruptedException
2025-04-24 14:04:44,066 [aed9408d-e3c0-4aa9-9c6a-b698c50b685f@group-94051EF173A1->72381052-d1f9-4ca6-906c-6db4c7ca7d69-GrpcLogAppender-LogAppenderDaemon] WARN  server.GrpcLogAppender (GrpcLogAppender.java:mayWait(293)) - aed9408d-e3c0-4aa9-9c6a-b698c50b685f@group-94051EF173A1->72381052-d1f9-4ca6-906c-6db4c7ca7d69-GrpcLogAppender: Wait interrupted by java.lang.InterruptedException
2025-04-24 14:04:44,064 [main] INFO  server.GrpcService (GrpcService.java:closeImpl(343)) - aed9408d-e3c0-4aa9-9c6a-b698c50b685f: shutdown server org.apache.ratis.grpc.server.GrpcClientProtocolService now
2025-04-24 14:04:44,067 [aed9408d-e3c0-4aa9-9c6a-b698c50b685f@group-B7738D5DBFED-StateMachineUpdater] INFO  ratis.ContainerStateMachine (ContainerStateMachine.java:takeSnapshot(426)) - group-B7738D5DBFED: Taking a snapshot at:(t:1, i:9) file /home/runner/work/ozone/ozone/hadoop-ozone/integration-test/target/test-dir/MiniOzoneClusterImpl-4e6105ad-12bc-4f18-9d37-351d73277e17/ozone-meta/datanode-2/ratis/2d9d04ba-cee8-4066-b58c-b7738d5dbfed/sm/snapshot.1_9
2025-04-24 14:04:44,067 [b80db16c-5673-450c-b3ca-7f89ec301096-impl-thread3] INFO  server.RaftServer$Division (RaftServerImpl.java:lambda$close$1(513)) - b80db16c-5673-450c-b3ca-7f89ec301096@group-51F4859D1AA5: shutdown
2025-04-24 14:04:44,067 [b80db16c-5673-450c-b3ca-7f89ec301096-impl-thread3] INFO  util.JmxRegister (JmxRegister.java:unregister(74)) - Successfully un-registered JMX Bean with object name Ratis:service=RaftServer,group=group-51F4859D1AA5,id=b80db16c-5673-450c-b3ca-7f89ec301096
2025-04-24 14:04:44,067 [b80db16c-5673-450c-b3ca-7f89ec301096-impl-thread3] INFO  impl.RoleInfo (RoleInfo.java:shutdownLeaderState(103)) - b80db16c-5673-450c-b3ca-7f89ec301096: shutdown b80db16c-5673-450c-b3ca-7f89ec301096@group-51F4859D1AA5-LeaderStateImpl
2025-04-24 14:04:44,067 [b80db16c-5673-450c-b3ca-7f89ec301096-impl-thread3] INFO  impl.PendingRequests (PendingRequests.java:sendNotLeaderResponses(287)) - b80db16c-5673-450c-b3ca-7f89ec301096@group-51F4859D1AA5-PendingRequests: sendNotLeaderResponses
2025-04-24 14:04:44,062 [ContainerMetadataScanner] WARN  ozoneimpl.AbstractBackgroundContainerScanner (AbstractBackgroundContainerScanner.java:handleRemainingSleep(136)) - Background container scan was interrupted.
2025-04-24 14:04:44,067 [b80db16c-5673-450c-b3ca-7f89ec301096@group-5E7736B872A8->72381052-d1f9-4ca6-906c-6db4c7ca7d69-GrpcLogAppender-LogAppenderDaemon] WARN  server.GrpcLogAppender (GrpcLogAppender.java:mayWait(293)) - b80db16c-5673-450c-b3ca-7f89ec301096@group-5E7736B872A8->72381052-d1f9-4ca6-906c-6db4c7ca7d69-GrpcLogAppender: Wait interrupted by java.lang.InterruptedException
2025-04-24 14:04:44,067 [grpc-default-executor-0] INFO  server.GrpcServerProtocolService (GrpcServerProtocolService.java:onCompleted(157)) - aed9408d-e3c0-4aa9-9c6a-b698c50b685f: Completed APPEND_ENTRIES, lastRequest: b80db16c-5673-450c-b3ca-7f89ec301096->aed9408d-e3c0-4aa9-9c6a-b698c50b685f#1-t1,previous=(t:0, i:0),leaderCommit=-1,initializing? false,entries: size=1, first=(t:1, i:0), CONFIGURATIONENTRY(current:id:"b80db16c-5673-450c-b3ca-7f89ec301096"address:"127.0.0.1:15023"priority:1dataStreamAddress:"127.0.0.1:15024"clientAddress:"127.0.0.1:15021"adminAddress:"127.0.0.1:15022"startupRole:FOLLOWER, id:"72381052-d1f9-4ca6-906c-6db4c7ca7d69"address:"127.0.0.1:15039"dataStreamAddress:"127.0.0.1:15040"clientAddress:"127.0.0.1:15037"adminAddress:"127.0.0.1:15038"startupRole:FOLLOWER, id:"aed9408d-e3c0-4aa9-9c6a-b698c50b685f"address:"127.0.0.1:15031"dataStreamAddress:"127.0.0.1:15032"clientAddress:"127.0.0.1:15029"adminAddress:"127.0.0.1:15030"startupRole:FOLLOWER, old:)
2025-04-24 14:04:44,067 [grpc-default-executor-0] INFO  server.GrpcServerProtocolService (GrpcServerProtocolService.java:lambda$onCompleted$5(159)) - aed9408d-e3c0-4aa9-9c6a-b698c50b685f: Completed APPEND_ENTRIES, lastReply: null
2025-04-24 14:04:44,068 [grpc-default-executor-3] INFO  server.GrpcServerProtocolService (GrpcServerProtocolService.java:onCompleted(157)) - b80db16c-5673-450c-b3ca-7f89ec301096: Completed APPEND_ENTRIES, lastRequest: null
2025-04-24 14:04:44,068 [grpc-default-executor-6] INFO  server.GrpcServerProtocolService (GrpcServerProtocolService.java:onCompleted(157)) - b80db16c-5673-450c-b3ca-7f89ec301096: Completed APPEND_ENTRIES, lastRequest: aed9408d-e3c0-4aa9-9c6a-b698c50b685f->b80db16c-5673-450c-b3ca-7f89ec301096#1-t1,previous=(t:0, i:0),leaderCommit=-1,initializing? false,entries: size=1, first=(t:1, i:0), CONFIGURATIONENTRY(current:id:"b80db16c-5673-450c-b3ca-7f89ec301096"address:"127.0.0.1:15023"dataStreamAddress:"127.0.0.1:15024"clientAddress:"127.0.0.1:15021"adminAddress:"127.0.0.1:15022"startupRole:FOLLOWER, id:"72381052-d1f9-4ca6-906c-6db4c7ca7d69"address:"127.0.0.1:15039"dataStreamAddress:"127.0.0.1:15040"clientAddress:"127.0.0.1:15037"adminAddress:"127.0.0.1:15038"startupRole:FOLLOWER, id:"aed9408d-e3c0-4aa9-9c6a-b698c50b685f"address:"127.0.0.1:15031"priority:1dataStreamAddress:"127.0.0.1:15032"clientAddress:"127.0.0.1:15029"adminAddress:"127.0.0.1:15030"startupRole:FOLLOWER, old:)
2025-04-24 14:04:44,069 [grpc-default-executor-6] INFO  server.GrpcServerProtocolService (GrpcServerProtocolService.java:lambda$onCompleted$5(159)) - b80db16c-5673-450c-b3ca-7f89ec301096: Completed APPEND_ENTRIES, lastReply: null
2025-04-24 14:04:44,068 [grpc-default-executor-2] INFO  server.GrpcServerProtocolService (GrpcServerProtocolService.java:onCompleted(157)) - aed9408d-e3c0-4aa9-9c6a-b698c50b685f: Completed APPEND_ENTRIES, lastRequest: null
2025-04-24 14:04:44,069 [grpc-default-executor-3] INFO  server.GrpcServerProtocolService (GrpcServerProtocolService.java:lambda$onCompleted$5(159)) - b80db16c-5673-450c-b3ca-7f89ec301096: Completed APPEND_ENTRIES, lastReply: serverReply {
  requestorId: "aed9408d-e3c0-4aa9-9c6a-b698c50b685f"
  replyId: "b80db16c-5673-450c-b3ca-7f89ec301096"
  raftGroupId {
    id: "\221\3619eV\377OD\222\235\224\005\036\361s\241"
  }
  callId: 61
  success: true
}
term: 1
nextIndex: 1
matchIndex: 18446744073709551615
isHearbeat: true

2025-04-24 14:04:44,069 [grpc-default-executor-2] INFO  server.GrpcServerProtocolService (GrpcServerProtocolService.java:lambda$onCompleted$5(159)) - aed9408d-e3c0-4aa9-9c6a-b698c50b685f: Completed APPEND_ENTRIES, lastReply: serverReply {
  requestorId: "b80db16c-5673-450c-b3ca-7f89ec301096"
  replyId: "aed9408d-e3c0-4aa9-9c6a-b698c50b685f"
  raftGroupId {
    id: "Zv\265\303\262\347DK\235M^w6\270r\250"
  }
  callId: 62
  success: true
}
term: 1
nextIndex: 1
matchIndex: 18446744073709551615
isHearbeat: true

2025-04-24 14:04:44,069 [aed9408d-e3c0-4aa9-9c6a-b698c50b685f@group-94051EF173A1-StateMachineUpdater] INFO  ratis.ContainerStateMachine (ContainerStateMachine.java:takeSnapshot(426)) - group-94051EF173A1: Taking a snapshot at:(t:1, i:0) file /home/runner/work/ozone/ozone/hadoop-ozone/integration-test/target/test-dir/MiniOzoneClusterImpl-4e6105ad-12bc-4f18-9d37-351d73277e17/ozone-meta/datanode-2/ratis/91f13965-56ff-4f44-929d-94051ef173a1/sm/snapshot.1_0
2025-04-24 14:04:44,069 [ContainerMetadataScanner] INFO  ozoneimpl.AbstractBackgroundContainerScanner (AbstractBackgroundContainerScanner.java:run(63)) - org.apache.hadoop.ozone.container.ozoneimpl.BackgroundContainerMetadataScanner@747be0f3 exiting.
2025-04-24 14:04:44,070 [aed9408d-e3c0-4aa9-9c6a-b698c50b685f-impl-thread4] INFO  impl.StateMachineUpdater (StateMachineUpdater.java:stopAndJoin(164)) - aed9408d-e3c0-4aa9-9c6a-b698c50b685f@group-94051EF173A1-StateMachineUpdater: set stopIndex = 0
2025-04-24 14:04:44,070 [b80db16c-5673-450c-b3ca-7f89ec301096-impl-thread2] INFO  impl.StateMachineUpdater (StateMachineUpdater.java:stopAndJoin(164)) - b80db16c-5673-450c-b3ca-7f89ec301096@group-5E7736B872A8-StateMachineUpdater: set stopIndex = 0
2025-04-24 14:04:44,070 [grpc-default-executor-7] INFO  server.GrpcServerProtocolService (GrpcServerProtocolService.java:onCompleted(157)) - 72381052-d1f9-4ca6-906c-6db4c7ca7d69: Completed APPEND_ENTRIES, lastRequest: null
2025-04-24 14:04:44,070 [ForkJoinPool.commonPool-worker-1] INFO  ozoneimpl.BackgroundContainerDataScanner (BackgroundContainerDataScanner.java:shutdown(141)) - ContainerDataScanner(/home/runner/work/ozone/ozone/hadoop-ozone/integration-test/target/test-dir/MiniOzoneClusterImpl-4e6105ad-12bc-4f18-9d37-351d73277e17/ozone-meta/datanode-3/data-0/hdds) is shutting down. 
2025-04-24 14:04:44,070 [grpc-default-executor-1] INFO  server.GrpcServerProtocolService (GrpcServerProtocolService.java:onCompleted(157)) - 72381052-d1f9-4ca6-906c-6db4c7ca7d69: Completed APPEND_ENTRIES, lastRequest: aed9408d-e3c0-4aa9-9c6a-b698c50b685f->72381052-d1f9-4ca6-906c-6db4c7ca7d69#1-t1,previous=(t:0, i:0),leaderCommit=-1,initializing? false,entries: size=1, first=(t:1, i:0), CONFIGURATIONENTRY(current:id:"b80db16c-5673-450c-b3ca-7f89ec301096"address:"127.0.0.1:15023"dataStreamAddress:"127.0.0.1:15024"clientAddress:"127.0.0.1:15021"adminAddress:"127.0.0.1:15022"startupRole:FOLLOWER, id:"72381052-d1f9-4ca6-906c-6db4c7ca7d69"address:"127.0.0.1:15039"dataStreamAddress:"127.0.0.1:15040"clientAddress:"127.0.0.1:15037"adminAddress:"127.0.0.1:15038"startupRole:FOLLOWER, id:"aed9408d-e3c0-4aa9-9c6a-b698c50b685f"address:"127.0.0.1:15031"priority:1dataStreamAddress:"127.0.0.1:15032"clientAddress:"127.0.0.1:15029"adminAddress:"127.0.0.1:15030"startupRole:FOLLOWER, old:)
2025-04-24 14:04:44,070 [ContainerDataScanner(/home/runner/work/ozone/ozone/hadoop-ozone/integration-test/target/test-dir/MiniOzoneClusterImpl-4e6105ad-12bc-4f18-9d37-351d73277e17/ozone-meta/datanode-3/data-0/hdds)] WARN  ozoneimpl.AbstractBackgroundContainerScanner (AbstractBackgroundContainerScanner.java:handleRemainingSleep(136)) - Background container scan was interrupted.
2025-04-24 14:04:44,070 [b80db16c-5673-450c-b3ca-7f89ec301096-impl-thread4] INFO  server.RaftServer$Division (RaftServerImpl.java:lambda$close$1(513)) - b80db16c-5673-450c-b3ca-7f89ec301096@group-94051EF173A1: shutdown
2025-04-24 14:04:44,070 [ForkJoinPool.commonPool-worker-2] INFO  server.GrpcService (GrpcService.java:closeImpl(343)) - b80db16c-5673-450c-b3ca-7f89ec301096: shutdown server org.apache.ratis.grpc.server.GrpcClientProtocolService now
2025-04-24 14:04:44,070 [ContainerDataScanner(/home/runner/work/ozone/ozone/hadoop-ozone/integration-test/target/test-dir/MiniOzoneClusterImpl-4e6105ad-12bc-4f18-9d37-351d73277e17/ozone-meta/datanode-3/data-0/hdds)] INFO  ozoneimpl.AbstractBackgroundContainerScanner (AbstractBackgroundContainerScanner.java:run(63)) - ContainerDataScanner(/home/runner/work/ozone/ozone/hadoop-ozone/integration-test/target/test-dir/MiniOzoneClusterImpl-4e6105ad-12bc-4f18-9d37-351d73277e17/ozone-meta/datanode-3/data-0/hdds, DS-07e79f63-641f-4267-ab8f-903d4aade763) exiting.
2025-04-24 14:04:44,070 [grpc-default-executor-1] INFO  server.GrpcServerProtocolService (GrpcServerProtocolService.java:lambda$onCompleted$5(159)) - 72381052-d1f9-4ca6-906c-6db4c7ca7d69: Completed APPEND_ENTRIES, lastReply: null
2025-04-24 14:04:44,070 [b80db16c-5673-450c-b3ca-7f89ec301096@group-5E7736B872A8-StateMachineUpdater] INFO  ratis.ContainerStateMachine (ContainerStateMachine.java:takeSnapshot(426)) - group-5E7736B872A8: Taking a snapshot at:(t:1, i:0) file /home/runner/work/ozone/ozone/hadoop-ozone/integration-test/target/test-dir/MiniOzoneClusterImpl-4e6105ad-12bc-4f18-9d37-351d73277e17/ozone-meta/datanode-1/ratis/5a76b5c3-b2e7-444b-9d4d-5e7736b872a8/sm/snapshot.1_0
2025-04-24 14:04:44,070 [grpc-default-executor-4] INFO  server.GrpcServerProtocolService (GrpcServerProtocolService.java:onCompleted(157)) - 72381052-d1f9-4ca6-906c-6db4c7ca7d69: Completed APPEND_ENTRIES, lastRequest: null
2025-04-24 14:04:44,071 [grpc-default-executor-4] INFO  server.GrpcServerProtocolService (GrpcServerProtocolService.java:lambda$onCompleted$5(159)) - 72381052-d1f9-4ca6-906c-6db4c7ca7d69: Completed APPEND_ENTRIES, lastReply: serverReply {
  requestorId: "aed9408d-e3c0-4aa9-9c6a-b698c50b685f"
  replyId: "72381052-d1f9-4ca6-906c-6db4c7ca7d69"
  raftGroupId {
    id: "\221\3619eV\377OD\222\235\224\005\036\361s\241"
  }
  callId: 62
  success: true
}
term: 1
nextIndex: 1
matchIndex: 18446744073709551615
isHearbeat: true

2025-04-24 14:04:44,070 [grpc-default-executor-7] INFO  server.GrpcServerProtocolService (GrpcServerProtocolService.java:lambda$onCompleted$5(159)) - 72381052-d1f9-4ca6-906c-6db4c7ca7d69: Completed APPEND_ENTRIES, lastReply: serverReply {
  requestorId: "b80db16c-5673-450c-b3ca-7f89ec301096"
  replyId: "72381052-d1f9-4ca6-906c-6db4c7ca7d69"
  raftGroupId {
    id: "Zv\265\303\262\347DK\235M^w6\270r\250"
  }
  callId: 62
  success: true
}
term: 1
nextIndex: 1
matchIndex: 18446744073709551615
isHearbeat: true

2025-04-24 14:04:44,072 [ForkJoinPool.commonPool-worker-1] INFO  ratis.XceiverServerRatis (XceiverServerRatis.java:stop(594)) - Closing XceiverServerRatis(72381052-d1f9-4ca6-906c-6db4c7ca7d69)
2025-04-24 14:04:44,072 [ForkJoinPool.commonPool-worker-1] INFO  server.RaftServer (RaftServerProxy.java:lambda$close$9(417)) - 72381052-d1f9-4ca6-906c-6db4c7ca7d69: close
2025-04-24 14:04:44,072 [grpc-default-executor-8] INFO  server.GrpcServerProtocolService (GrpcServerProtocolService.java:onCompleted(157)) - 72381052-d1f9-4ca6-906c-6db4c7ca7d69: Completed APPEND_ENTRIES, lastRequest: b80db16c-5673-450c-b3ca-7f89ec301096->72381052-d1f9-4ca6-906c-6db4c7ca7d69#1-t1,previous=(t:0, i:0),leaderCommit=-1,initializing? false,entries: size=1, first=(t:1, i:0), CONFIGURATIONENTRY(current:id:"b80db16c-5673-450c-b3ca-7f89ec301096"address:"127.0.0.1:15023"priority:1dataStreamAddress:"127.0.0.1:15024"clientAddress:"127.0.0.1:15021"adminAddress:"127.0.0.1:15022"startupRole:FOLLOWER, id:"72381052-d1f9-4ca6-906c-6db4c7ca7d69"address:"127.0.0.1:15039"dataStreamAddress:"127.0.0.1:15040"clientAddress:"127.0.0.1:15037"adminAddress:"127.0.0.1:15038"startupRole:FOLLOWER, id:"aed9408d-e3c0-4aa9-9c6a-b698c50b685f"address:"127.0.0.1:15031"dataStreamAddress:"127.0.0.1:15032"clientAddress:"127.0.0.1:15029"adminAddress:"127.0.0.1:15030"startupRole:FOLLOWER, old:)
2025-04-24 14:04:44,072 [grpc-default-executor-8] INFO  server.GrpcServerProtocolService (GrpcServerProtocolService.java:lambda$onCompleted$5(159)) - 72381052-d1f9-4ca6-906c-6db4c7ca7d69: Completed APPEND_ENTRIES, lastReply: null
2025-04-24 14:04:44,073 [b80db16c-5673-450c-b3ca-7f89ec301096-impl-thread4] INFO  util.JmxRegister (JmxRegister.java:unregister(74)) - Successfully un-registered JMX Bean with object name Ratis:service=RaftServer,group=group-94051EF173A1,id=b80db16c-5673-450c-b3ca-7f89ec301096
2025-04-24 14:04:44,073 [b80db16c-5673-450c-b3ca-7f89ec301096-impl-thread4] INFO  impl.RoleInfo (RoleInfo.java:shutdownFollowerState(121)) - b80db16c-5673-450c-b3ca-7f89ec301096: shutdown b80db16c-5673-450c-b3ca-7f89ec301096@group-94051EF173A1-FollowerState
2025-04-24 14:04:44,073 [b80db16c-5673-450c-b3ca-7f89ec301096-impl-thread4] INFO  impl.StateMachineUpdater (StateMachineUpdater.java:stopAndJoin(164)) - b80db16c-5673-450c-b3ca-7f89ec301096@group-94051EF173A1-StateMachineUpdater: set stopIndex = 0
2025-04-24 14:04:44,073 [Thread-7093] INFO  server.GrpcServerProtocolClient (GrpcServerProtocolClient.java:close(105)) - b80db16c-5673-450c-b3ca-7f89ec301096 Close channels
2025-04-24 14:04:44,075 [grpc-default-executor-7] INFO  server.GrpcLogAppender (GrpcLogAppender.java:onCompleted(550)) - aed9408d-e3c0-4aa9-9c6a-b698c50b685f@group-94051EF173A1->72381052-d1f9-4ca6-906c-6db4c7ca7d69-AppendLogResponseHandler: follower responses appendEntries COMPLETED
2025-04-24 14:04:44,075 [grpc-default-executor-2] INFO  server.GrpcLogAppender (GrpcLogAppender.java:onCompleted(550)) - b80db16c-5673-450c-b3ca-7f89ec301096@group-5E7736B872A8->aed9408d-e3c0-4aa9-9c6a-b698c50b685f-AppendLogResponseHandler: follower responses appendEntries COMPLETED
2025-04-24 14:04:44,074 [Thread-7099] INFO  server.GrpcServerProtocolClient (GrpcServerProtocolClient.java:close(105)) - 72381052-d1f9-4ca6-906c-6db4c7ca7d69 Close channels
2025-04-24 14:04:44,073 [72381052-d1f9-4ca6-906c-6db4c7ca7d69-impl-thread2] INFO  server.RaftServer$Division (RaftServerImpl.java:lambda$close$1(513)) - 72381052-d1f9-4ca6-906c-6db4c7ca7d69@group-3FFD5E9A8160: shutdown
2025-04-24 14:04:44,076 [72381052-d1f9-4ca6-906c-6db4c7ca7d69-impl-thread2] INFO  util.JmxRegister (JmxRegister.java:unregister(74)) - Successfully un-registered JMX Bean with object name Ratis:service=RaftServer,group=group-3FFD5E9A8160,id=72381052-d1f9-4ca6-906c-6db4c7ca7d69
2025-04-24 14:04:44,076 [72381052-d1f9-4ca6-906c-6db4c7ca7d69-impl-thread2] INFO  impl.RoleInfo (RoleInfo.java:shutdownLeaderState(103)) - 72381052-d1f9-4ca6-906c-6db4c7ca7d69: shutdown 72381052-d1f9-4ca6-906c-6db4c7ca7d69@group-3FFD5E9A8160-LeaderStateImpl
2025-04-24 14:04:44,076 [72381052-d1f9-4ca6-906c-6db4c7ca7d69-impl-thread2] INFO  impl.PendingRequests (PendingRequests.java:sendNotLeaderResponses(287)) - 72381052-d1f9-4ca6-906c-6db4c7ca7d69@group-3FFD5E9A8160-PendingRequests: sendNotLeaderResponses
2025-04-24 14:04:44,073 [b80db16c-5673-450c-b3ca-7f89ec301096@group-51F4859D1AA5-StateMachineUpdater] INFO  ratis.ContainerStateMachine (ContainerStateMachine.java:takeSnapshot(426)) - group-51F4859D1AA5: Taking a snapshot at:(t:1, i:13) file /home/runner/work/ozone/ozone/hadoop-ozone/integration-test/target/test-dir/MiniOzoneClusterImpl-4e6105ad-12bc-4f18-9d37-351d73277e17/ozone-meta/datanode-1/ratis/ce161e94-c1d5-4d9f-9e61-51f4859d1aa5/sm/snapshot.1_13
2025-04-24 14:04:44,077 [grpc-default-executor-2] INFO  server.GrpcLogAppender (GrpcLogAppender.java:onCompleted(550)) - b80db16c-5673-450c-b3ca-7f89ec301096@group-5E7736B872A8->72381052-d1f9-4ca6-906c-6db4c7ca7d69-AppendLogResponseHandler: follower responses appendEntries COMPLETED
2025-04-24 14:04:44,077 [grpc-default-executor-2] WARN  server.GrpcLogAppender (GrpcLogAppender.java:resetClient(230)) - b80db16c-5673-450c-b3ca-7f89ec301096@group-5E7736B872A8->72381052-d1f9-4ca6-906c-6db4c7ca7d69-GrpcLogAppender: Failed to getClient for 72381052-d1f9-4ca6-906c-6db4c7ca7d69
org.apache.ratis.protocol.exceptions.AlreadyClosedException: b80db16c-5673-450c-b3ca-7f89ec301096 is already CLOSED
	at org.apache.ratis.util.PeerProxyMap$PeerAndProxy.getProxy(PeerProxyMap.java:67)
	at org.apache.ratis.util.PeerProxyMap.getProxy(PeerProxyMap.java:124)
	at org.apache.ratis.grpc.server.GrpcLogAppender.getClient(GrpcLogAppender.java:200)
	at org.apache.ratis.grpc.server.GrpcLogAppender.resetClient(GrpcLogAppender.java:205)
	at org.apache.ratis.grpc.server.GrpcLogAppender.access$800(GrpcLogAppender.java:64)
	at org.apache.ratis.grpc.server.GrpcLogAppender$AppendLogResponseHandler.onCompleted(GrpcLogAppender.java:551)
	at org.apache.ratis.thirdparty.io.grpc.stub.ClientCalls$StreamObserverToCallListenerAdapter.onClose(ClientCalls.java:479)
	at org.apache.ratis.thirdparty.io.grpc.internal.DelayedClientCall$DelayedListener$3.run(DelayedClientCall.java:489)
	at org.apache.ratis.thirdparty.io.grpc.internal.DelayedClientCall$DelayedListener.delayOrExecute(DelayedClientCall.java:453)
	at org.apache.ratis.thirdparty.io.grpc.internal.DelayedClientCall$DelayedListener.onClose(DelayedClientCall.java:486)
	at org.apache.ratis.thirdparty.io.grpc.internal.ClientCallImpl.closeObserver(ClientCallImpl.java:567)
	at org.apache.ratis.thirdparty.io.grpc.internal.ClientCallImpl.access$300(ClientCallImpl.java:71)
	at org.apache.ratis.thirdparty.io.grpc.internal.ClientCallImpl$ClientStreamListenerImpl$1StreamClosed.runInternal(ClientCallImpl.java:735)
	at org.apache.ratis.thirdparty.io.grpc.internal.ClientCallImpl$ClientStreamListenerImpl$1StreamClosed.runInContext(ClientCallImpl.java:716)
	at org.apache.ratis.thirdparty.io.grpc.internal.ContextRunnable.run(ContextRunnable.java:37)
	at org.apache.ratis.thirdparty.io.grpc.internal.SerializingExecutor.run(SerializingExecutor.java:133)
	at java.base/java.util.concurrent.ThreadPoolExecutor.runWorker(ThreadPoolExecutor.java:1144)
	at java.base/java.util.concurrent.ThreadPoolExecutor$Worker.run(ThreadPoolExecutor.java:642)
	at java.base/java.lang.Thread.run(Thread.java:1583)
2025-04-24 14:04:44,073 [b80db16c-5673-450c-b3ca-7f89ec301096@group-94051EF173A1-FollowerState] INFO  impl.FollowerState (FollowerState.java:runImpl(170)) - b80db16c-5673-450c-b3ca-7f89ec301096@group-94051EF173A1-FollowerState was interrupted
2025-04-24 14:04:44,078 [72381052-d1f9-4ca6-906c-6db4c7ca7d69-impl-thread3] INFO  server.RaftServer$Division (RaftServerImpl.java:lambda$close$1(513)) - 72381052-d1f9-4ca6-906c-6db4c7ca7d69@group-5E7736B872A8: shutdown
2025-04-24 14:04:44,078 [72381052-d1f9-4ca6-906c-6db4c7ca7d69-impl-thread3] INFO  util.JmxRegister (JmxRegister.java:unregister(74)) - Successfully un-registered JMX Bean with object name Ratis:service=RaftServer,group=group-5E7736B872A8,id=72381052-d1f9-4ca6-906c-6db4c7ca7d69
2025-04-24 14:04:44,078 [72381052-d1f9-4ca6-906c-6db4c7ca7d69-impl-thread3] INFO  impl.RoleInfo (RoleInfo.java:shutdownFollowerState(121)) - 72381052-d1f9-4ca6-906c-6db4c7ca7d69: shutdown 72381052-d1f9-4ca6-906c-6db4c7ca7d69@group-5E7736B872A8-FollowerState
2025-04-24 14:04:44,073 [b80db16c-5673-450c-b3ca-7f89ec301096-impl-thread3] INFO  impl.StateMachineUpdater (StateMachineUpdater.java:stopAndJoin(164)) - b80db16c-5673-450c-b3ca-7f89ec301096@group-51F4859D1AA5-StateMachineUpdater: set stopIndex = 13
2025-04-24 14:04:44,078 [ForkJoinPool.commonPool-worker-1] INFO  server.GrpcService (GrpcService.java:closeImpl(343)) - 72381052-d1f9-4ca6-906c-6db4c7ca7d69: shutdown server org.apache.ratis.grpc.server.GrpcClientProtocolService now
2025-04-24 14:04:44,073 [b80db16c-5673-450c-b3ca-7f89ec301096@group-94051EF173A1-StateMachineUpdater] INFO  ratis.ContainerStateMachine (ContainerStateMachine.java:takeSnapshot(426)) - group-94051EF173A1: Taking a snapshot at:(t:1, i:0) file /home/runner/work/ozone/ozone/hadoop-ozone/integration-test/target/test-dir/MiniOzoneClusterImpl-4e6105ad-12bc-4f18-9d37-351d73277e17/ozone-meta/datanode-1/ratis/91f13965-56ff-4f44-929d-94051ef173a1/sm/snapshot.1_0
2025-04-24 14:04:44,073 [Thread-7096] INFO  server.GrpcServerProtocolClient (GrpcServerProtocolClient.java:close(105)) - 72381052-d1f9-4ca6-906c-6db4c7ca7d69 Close channels
2025-04-24 14:04:44,078 [72381052-d1f9-4ca6-906c-6db4c7ca7d69@group-3FFD5E9A8160-StateMachineUpdater] INFO  ratis.ContainerStateMachine (ContainerStateMachine.java:takeSnapshot(426)) - group-3FFD5E9A8160: Taking a snapshot at:(t:1, i:12) file /home/runner/work/ozone/ozone/hadoop-ozone/integration-test/target/test-dir/MiniOzoneClusterImpl-4e6105ad-12bc-4f18-9d37-351d73277e17/ozone-meta/datanode-3/ratis/6efddaeb-100b-42b4-a40f-3ffd5e9a8160/sm/snapshot.1_12
2025-04-24 14:04:44,079 [72381052-d1f9-4ca6-906c-6db4c7ca7d69@group-5E7736B872A8-StateMachineUpdater] INFO  ratis.ContainerStateMachine (ContainerStateMachine.java:takeSnapshot(426)) - group-5E7736B872A8: Taking a snapshot at:(t:1, i:0) file /home/runner/work/ozone/ozone/hadoop-ozone/integration-test/target/test-dir/MiniOzoneClusterImpl-4e6105ad-12bc-4f18-9d37-351d73277e17/ozone-meta/datanode-3/ratis/5a76b5c3-b2e7-444b-9d4d-5e7736b872a8/sm/snapshot.1_0
2025-04-24 14:04:44,078 [72381052-d1f9-4ca6-906c-6db4c7ca7d69-impl-thread4] INFO  server.RaftServer$Division (RaftServerImpl.java:lambda$close$1(513)) - 72381052-d1f9-4ca6-906c-6db4c7ca7d69@group-94051EF173A1: shutdown
2025-04-24 14:04:44,080 [72381052-d1f9-4ca6-906c-6db4c7ca7d69-impl-thread4] INFO  util.JmxRegister (JmxRegister.java:unregister(74)) - Successfully un-registered JMX Bean with object name Ratis:service=RaftServer,group=group-94051EF173A1,id=72381052-d1f9-4ca6-906c-6db4c7ca7d69
2025-04-24 14:04:44,080 [72381052-d1f9-4ca6-906c-6db4c7ca7d69-impl-thread4] INFO  impl.RoleInfo (RoleInfo.java:shutdownFollowerState(121)) - 72381052-d1f9-4ca6-906c-6db4c7ca7d69: shutdown 72381052-d1f9-4ca6-906c-6db4c7ca7d69@group-94051EF173A1-FollowerState
2025-04-24 14:04:44,080 [72381052-d1f9-4ca6-906c-6db4c7ca7d69-impl-thread4] INFO  impl.StateMachineUpdater (StateMachineUpdater.java:stopAndJoin(164)) - 72381052-d1f9-4ca6-906c-6db4c7ca7d69@group-94051EF173A1-StateMachineUpdater: set stopIndex = 0
2025-04-24 14:04:44,081 [grpc-default-executor-2] INFO  server.GrpcLogAppender (GrpcLogAppender.java:onCompleted(550)) - aed9408d-e3c0-4aa9-9c6a-b698c50b685f@group-94051EF173A1->b80db16c-5673-450c-b3ca-7f89ec301096-AppendLogResponseHandler: follower responses appendEntries COMPLETED
2025-04-24 14:04:44,081 [grpc-default-executor-2] WARN  server.GrpcLogAppender (GrpcLogAppender.java:resetClient(230)) - aed9408d-e3c0-4aa9-9c6a-b698c50b685f@group-94051EF173A1->b80db16c-5673-450c-b3ca-7f89ec301096-GrpcLogAppender: Failed to getClient for b80db16c-5673-450c-b3ca-7f89ec301096
org.apache.ratis.protocol.exceptions.AlreadyClosedException: aed9408d-e3c0-4aa9-9c6a-b698c50b685f is already CLOSED
	at org.apache.ratis.util.PeerProxyMap$PeerAndProxy.getProxy(PeerProxyMap.java:67)
	at org.apache.ratis.util.PeerProxyMap.getProxy(PeerProxyMap.java:124)
	at org.apache.ratis.grpc.server.GrpcLogAppender.getClient(GrpcLogAppender.java:200)
	at org.apache.ratis.grpc.server.GrpcLogAppender.resetClient(GrpcLogAppender.java:205)
	at org.apache.ratis.grpc.server.GrpcLogAppender.access$800(GrpcLogAppender.java:64)
	at org.apache.ratis.grpc.server.GrpcLogAppender$AppendLogResponseHandler.onCompleted(GrpcLogAppender.java:551)
	at org.apache.ratis.thirdparty.io.grpc.stub.ClientCalls$StreamObserverToCallListenerAdapter.onClose(ClientCalls.java:479)
	at org.apache.ratis.thirdparty.io.grpc.internal.ClientCallImpl.closeObserver(ClientCallImpl.java:567)
	at org.apache.ratis.thirdparty.io.grpc.internal.ClientCallImpl.access$300(ClientCallImpl.java:71)
	at org.apache.ratis.thirdparty.io.grpc.internal.ClientCallImpl$ClientStreamListenerImpl$1StreamClosed.runInternal(ClientCallImpl.java:735)
	at org.apache.ratis.thirdparty.io.grpc.internal.ClientCallImpl$ClientStreamListenerImpl$1StreamClosed.runInContext(ClientCallImpl.java:716)
	at org.apache.ratis.thirdparty.io.grpc.internal.ContextRunnable.run(ContextRunnable.java:37)
	at org.apache.ratis.thirdparty.io.grpc.internal.SerializingExecutor.run(SerializingExecutor.java:133)
	at java.base/java.util.concurrent.ThreadPoolExecutor.runWorker(ThreadPoolExecutor.java:1144)
	at java.base/java.util.concurrent.ThreadPoolExecutor$Worker.run(ThreadPoolExecutor.java:642)
	at java.base/java.lang.Thread.run(Thread.java:1583)
2025-04-24 14:04:44,081 [72381052-d1f9-4ca6-906c-6db4c7ca7d69@group-94051EF173A1-StateMachineUpdater] INFO  ratis.ContainerStateMachine (ContainerStateMachine.java:takeSnapshot(426)) - group-94051EF173A1: Taking a snapshot at:(t:1, i:0) file /home/runner/work/ozone/ozone/hadoop-ozone/integration-test/target/test-dir/MiniOzoneClusterImpl-4e6105ad-12bc-4f18-9d37-351d73277e17/ozone-meta/datanode-3/ratis/91f13965-56ff-4f44-929d-94051ef173a1/sm/snapshot.1_0
2025-04-24 14:04:44,081 [grpc-default-executor-4] INFO  server.GrpcLogAppender (GrpcLogAppender.java:onCompleted(550)) - aed9408d-e3c0-4aa9-9c6a-b698c50b685f@group-94051EF173A1->b80db16c-5673-450c-b3ca-7f89ec301096-AppendLogResponseHandler: follower responses appendEntries COMPLETED
2025-04-24 14:04:44,081 [grpc-default-executor-4] WARN  server.GrpcLogAppender (GrpcLogAppender.java:resetClient(230)) - aed9408d-e3c0-4aa9-9c6a-b698c50b685f@group-94051EF173A1->b80db16c-5673-450c-b3ca-7f89ec301096-GrpcLogAppender: Failed to getClient for b80db16c-5673-450c-b3ca-7f89ec301096
org.apache.ratis.protocol.exceptions.AlreadyClosedException: aed9408d-e3c0-4aa9-9c6a-b698c50b685f is already CLOSED
	at org.apache.ratis.util.PeerProxyMap$PeerAndProxy.getProxy(PeerProxyMap.java:67)
	at org.apache.ratis.util.PeerProxyMap.getProxy(PeerProxyMap.java:124)
	at org.apache.ratis.grpc.server.GrpcLogAppender.getClient(GrpcLogAppender.java:200)
	at org.apache.ratis.grpc.server.GrpcLogAppender.resetClient(GrpcLogAppender.java:205)
	at org.apache.ratis.grpc.server.GrpcLogAppender.access$800(GrpcLogAppender.java:64)
	at org.apache.ratis.grpc.server.GrpcLogAppender$AppendLogResponseHandler.onCompleted(GrpcLogAppender.java:551)
	at org.apache.ratis.thirdparty.io.grpc.stub.ClientCalls$StreamObserverToCallListenerAdapter.onClose(ClientCalls.java:479)
	at org.apache.ratis.thirdparty.io.grpc.internal.DelayedClientCall$DelayedListener$3.run(DelayedClientCall.java:489)
	at org.apache.ratis.thirdparty.io.grpc.internal.DelayedClientCall$DelayedListener.delayOrExecute(DelayedClientCall.java:453)
	at org.apache.ratis.thirdparty.io.grpc.internal.DelayedClientCall$DelayedListener.onClose(DelayedClientCall.java:486)
	at org.apache.ratis.thirdparty.io.grpc.internal.ClientCallImpl.closeObserver(ClientCallImpl.java:567)
	at org.apache.ratis.thirdparty.io.grpc.internal.ClientCallImpl.access$300(ClientCallImpl.java:71)
	at org.apache.ratis.thirdparty.io.grpc.internal.ClientCallImpl$ClientStreamListenerImpl$1StreamClosed.runInternal(ClientCallImpl.java:735)
	at org.apache.ratis.thirdparty.io.grpc.internal.ClientCallImpl$ClientStreamListenerImpl$1StreamClosed.runInContext(ClientCallImpl.java:716)
	at org.apache.ratis.thirdparty.io.grpc.internal.ContextRunnable.run(ContextRunnable.java:37)
	at org.apache.ratis.thirdparty.io.grpc.internal.SerializingExecutor.run(SerializingExecutor.java:133)
	at java.base/java.util.concurrent.ThreadPoolExecutor.runWorker(ThreadPoolExecutor.java:1144)
	at java.base/java.util.concurrent.ThreadPoolExecutor$Worker.run(ThreadPoolExecutor.java:642)
	at java.base/java.lang.Thread.run(Thread.java:1583)
2025-04-24 14:04:44,082 [Thread-7102] INFO  server.GrpcServerProtocolClient (GrpcServerProtocolClient.java:close(105)) - b80db16c-5673-450c-b3ca-7f89ec301096 Close channels
2025-04-24 14:04:44,082 [72381052-d1f9-4ca6-906c-6db4c7ca7d69@group-94051EF173A1-FollowerState] INFO  impl.FollowerState (FollowerState.java:runImpl(170)) - 72381052-d1f9-4ca6-906c-6db4c7ca7d69@group-94051EF173A1-FollowerState was interrupted
2025-04-24 14:04:44,078 [72381052-d1f9-4ca6-906c-6db4c7ca7d69-impl-thread3] INFO  impl.StateMachineUpdater (StateMachineUpdater.java:stopAndJoin(164)) - 72381052-d1f9-4ca6-906c-6db4c7ca7d69@group-5E7736B872A8-StateMachineUpdater: set stopIndex = 0
2025-04-24 14:04:44,077 [Thread-7100] INFO  server.GrpcServerProtocolClient (GrpcServerProtocolClient.java:close(105)) - aed9408d-e3c0-4aa9-9c6a-b698c50b685f Close channels
2025-04-24 14:04:44,076 [grpc-default-executor-1] INFO  server.GrpcLogAppender (GrpcLogAppender.java:onCompleted(550)) - b80db16c-5673-450c-b3ca-7f89ec301096@group-5E7736B872A8->72381052-d1f9-4ca6-906c-6db4c7ca7d69-AppendLogResponseHandler: follower responses appendEntries COMPLETED
2025-04-24 14:04:44,082 [grpc-default-executor-1] WARN  server.GrpcLogAppender (GrpcLogAppender.java:resetClient(230)) - b80db16c-5673-450c-b3ca-7f89ec301096@group-5E7736B872A8->72381052-d1f9-4ca6-906c-6db4c7ca7d69-GrpcLogAppender: Failed to getClient for 72381052-d1f9-4ca6-906c-6db4c7ca7d69
org.apache.ratis.protocol.exceptions.AlreadyClosedException: b80db16c-5673-450c-b3ca-7f89ec301096 is already CLOSED
	at org.apache.ratis.util.PeerProxyMap$PeerAndProxy.getProxy(PeerProxyMap.java:67)
	at org.apache.ratis.util.PeerProxyMap.getProxy(PeerProxyMap.java:124)
	at org.apache.ratis.grpc.server.GrpcLogAppender.getClient(GrpcLogAppender.java:200)
	at org.apache.ratis.grpc.server.GrpcLogAppender.resetClient(GrpcLogAppender.java:205)
	at org.apache.ratis.grpc.server.GrpcLogAppender.access$800(GrpcLogAppender.java:64)
	at org.apache.ratis.grpc.server.GrpcLogAppender$AppendLogResponseHandler.onCompleted(GrpcLogAppender.java:551)
	at org.apache.ratis.thirdparty.io.grpc.stub.ClientCalls$StreamObserverToCallListenerAdapter.onClose(ClientCalls.java:479)
	at org.apache.ratis.thirdparty.io.grpc.internal.ClientCallImpl.closeObserver(ClientCallImpl.java:567)
	at org.apache.ratis.thirdparty.io.grpc.internal.ClientCallImpl.access$300(ClientCallImpl.java:71)
	at org.apache.ratis.thirdparty.io.grpc.internal.ClientCallImpl$ClientStreamListenerImpl$1StreamClosed.runInternal(ClientCallImpl.java:735)
	at org.apache.ratis.thirdparty.io.grpc.internal.ClientCallImpl$ClientStreamListenerImpl$1StreamClosed.runInContext(ClientCallImpl.java:716)
	at org.apache.ratis.thirdparty.io.grpc.internal.ContextRunnable.run(ContextRunnable.java:37)
	at org.apache.ratis.thirdparty.io.grpc.internal.SerializingExecutor.run(SerializingExecutor.java:133)
	at java.base/java.util.concurrent.ThreadPoolExecutor.runWorker(ThreadPoolExecutor.java:1144)
	at java.base/java.util.concurrent.ThreadPoolExecutor$Worker.run(ThreadPoolExecutor.java:642)
	at java.base/java.lang.Thread.run(Thread.java:1583)
2025-04-24 14:04:44,076 [grpc-default-executor-6] INFO  server.GrpcLogAppender (GrpcLogAppender.java:onCompleted(550)) - b80db16c-5673-450c-b3ca-7f89ec301096@group-5E7736B872A8->aed9408d-e3c0-4aa9-9c6a-b698c50b685f-AppendLogResponseHandler: follower responses appendEntries COMPLETED
2025-04-24 14:04:44,083 [grpc-default-executor-6] WARN  server.GrpcLogAppender (GrpcLogAppender.java:resetClient(230)) - b80db16c-5673-450c-b3ca-7f89ec301096@group-5E7736B872A8->aed9408d-e3c0-4aa9-9c6a-b698c50b685f-GrpcLogAppender: Failed to getClient for aed9408d-e3c0-4aa9-9c6a-b698c50b685f
org.apache.ratis.protocol.exceptions.AlreadyClosedException: b80db16c-5673-450c-b3ca-7f89ec301096 is already CLOSED
	at org.apache.ratis.util.PeerProxyMap$PeerAndProxy.getProxy(PeerProxyMap.java:67)
	at org.apache.ratis.util.PeerProxyMap.getProxy(PeerProxyMap.java:124)
	at org.apache.ratis.grpc.server.GrpcLogAppender.getClient(GrpcLogAppender.java:200)
	at org.apache.ratis.grpc.server.GrpcLogAppender.resetClient(GrpcLogAppender.java:205)
	at org.apache.ratis.grpc.server.GrpcLogAppender.access$800(GrpcLogAppender.java:64)
	at org.apache.ratis.grpc.server.GrpcLogAppender$AppendLogResponseHandler.onCompleted(GrpcLogAppender.java:551)
	at org.apache.ratis.thirdparty.io.grpc.stub.ClientCalls$StreamObserverToCallListenerAdapter.onClose(ClientCalls.java:479)
	at org.apache.ratis.thirdparty.io.grpc.internal.DelayedClientCall$DelayedListener$3.run(DelayedClientCall.java:489)
	at org.apache.ratis.thirdparty.io.grpc.internal.DelayedClientCall$DelayedListener.delayOrExecute(DelayedClientCall.java:453)
	at org.apache.ratis.thirdparty.io.grpc.internal.DelayedClientCall$DelayedListener.onClose(DelayedClientCall.java:486)
	at org.apache.ratis.thirdparty.io.grpc.internal.ClientCallImpl.closeObserver(ClientCallImpl.java:567)
	at org.apache.ratis.thirdparty.io.grpc.internal.ClientCallImpl.access$300(ClientCallImpl.java:71)
	at org.apache.ratis.thirdparty.io.grpc.internal.ClientCallImpl$ClientStreamListenerImpl$1StreamClosed.runInternal(ClientCallImpl.java:735)
	at org.apache.ratis.thirdparty.io.grpc.internal.ClientCallImpl$ClientStreamListenerImpl$1StreamClosed.runInContext(ClientCallImpl.java:716)
	at org.apache.ratis.thirdparty.io.grpc.internal.ContextRunnable.run(ContextRunnable.java:37)
	at org.apache.ratis.thirdparty.io.grpc.internal.SerializingExecutor.run(SerializingExecutor.java:133)
	at java.base/java.util.concurrent.ThreadPoolExecutor.runWorker(ThreadPoolExecutor.java:1144)
	at java.base/java.util.concurrent.ThreadPoolExecutor$Worker.run(ThreadPoolExecutor.java:642)
	at java.base/java.lang.Thread.run(Thread.java:1583)
2025-04-24 14:04:44,076 [grpc-default-executor-3] INFO  server.GrpcLogAppender (GrpcLogAppender.java:onCompleted(550)) - aed9408d-e3c0-4aa9-9c6a-b698c50b685f@group-94051EF173A1->72381052-d1f9-4ca6-906c-6db4c7ca7d69-AppendLogResponseHandler: follower responses appendEntries COMPLETED
2025-04-24 14:04:44,083 [grpc-default-executor-3] WARN  server.GrpcLogAppender (GrpcLogAppender.java:resetClient(230)) - aed9408d-e3c0-4aa9-9c6a-b698c50b685f@group-94051EF173A1->72381052-d1f9-4ca6-906c-6db4c7ca7d69-GrpcLogAppender: Failed to getClient for 72381052-d1f9-4ca6-906c-6db4c7ca7d69
org.apache.ratis.protocol.exceptions.AlreadyClosedException: aed9408d-e3c0-4aa9-9c6a-b698c50b685f is already CLOSED
	at org.apache.ratis.util.PeerProxyMap$PeerAndProxy.getProxy(PeerProxyMap.java:67)
	at org.apache.ratis.util.PeerProxyMap.getProxy(PeerProxyMap.java:124)
	at org.apache.ratis.grpc.server.GrpcLogAppender.getClient(GrpcLogAppender.java:200)
	at org.apache.ratis.grpc.server.GrpcLogAppender.resetClient(GrpcLogAppender.java:205)
	at org.apache.ratis.grpc.server.GrpcLogAppender.access$800(GrpcLogAppender.java:64)
	at org.apache.ratis.grpc.server.GrpcLogAppender$AppendLogResponseHandler.onCompleted(GrpcLogAppender.java:551)
	at org.apache.ratis.thirdparty.io.grpc.stub.ClientCalls$StreamObserverToCallListenerAdapter.onClose(ClientCalls.java:479)
	at org.apache.ratis.thirdparty.io.grpc.internal.DelayedClientCall$DelayedListener$3.run(DelayedClientCall.java:489)
	at org.apache.ratis.thirdparty.io.grpc.internal.DelayedClientCall$DelayedListener.delayOrExecute(DelayedClientCall.java:453)
	at org.apache.ratis.thirdparty.io.grpc.internal.DelayedClientCall$DelayedListener.onClose(DelayedClientCall.java:486)
	at org.apache.ratis.thirdparty.io.grpc.internal.ClientCallImpl.closeObserver(ClientCallImpl.java:567)
	at org.apache.ratis.thirdparty.io.grpc.internal.ClientCallImpl.access$300(ClientCallImpl.java:71)
	at org.apache.ratis.thirdparty.io.grpc.internal.ClientCallImpl$ClientStreamListenerImpl$1StreamClosed.runInternal(ClientCallImpl.java:735)
	at org.apache.ratis.thirdparty.io.grpc.internal.ClientCallImpl$ClientStreamListenerImpl$1StreamClosed.runInContext(ClientCallImpl.java:716)
	at org.apache.ratis.thirdparty.io.grpc.internal.ContextRunnable.run(ContextRunnable.java:37)
	at org.apache.ratis.thirdparty.io.grpc.internal.SerializingExecutor.run(SerializingExecutor.java:133)
	at java.base/java.util.concurrent.ThreadPoolExecutor.runWorker(ThreadPoolExecutor.java:1144)
	at java.base/java.util.concurrent.ThreadPoolExecutor$Worker.run(ThreadPoolExecutor.java:642)
	at java.base/java.lang.Thread.run(Thread.java:1583)
2025-04-24 14:04:44,076 [grpc-default-executor-7] WARN  server.GrpcLogAppender (GrpcLogAppender.java:resetClient(230)) - aed9408d-e3c0-4aa9-9c6a-b698c50b685f@group-94051EF173A1->72381052-d1f9-4ca6-906c-6db4c7ca7d69-GrpcLogAppender: Failed to getClient for 72381052-d1f9-4ca6-906c-6db4c7ca7d69
org.apache.ratis.protocol.exceptions.AlreadyClosedException: aed9408d-e3c0-4aa9-9c6a-b698c50b685f is already CLOSED
	at org.apache.ratis.util.PeerProxyMap$PeerAndProxy.getProxy(PeerProxyMap.java:67)
	at org.apache.ratis.util.PeerProxyMap.getProxy(PeerProxyMap.java:124)
	at org.apache.ratis.grpc.server.GrpcLogAppender.getClient(GrpcLogAppender.java:200)
	at org.apache.ratis.grpc.server.GrpcLogAppender.resetClient(GrpcLogAppender.java:205)
	at org.apache.ratis.grpc.server.GrpcLogAppender.access$800(GrpcLogAppender.java:64)
	at org.apache.ratis.grpc.server.GrpcLogAppender$AppendLogResponseHandler.onCompleted(GrpcLogAppender.java:551)
	at org.apache.ratis.thirdparty.io.grpc.stub.ClientCalls$StreamObserverToCallListenerAdapter.onClose(ClientCalls.java:479)
	at org.apache.ratis.thirdparty.io.grpc.internal.ClientCallImpl.closeObserver(ClientCallImpl.java:567)
	at org.apache.ratis.thirdparty.io.grpc.internal.ClientCallImpl.access$300(ClientCallImpl.java:71)
	at org.apache.ratis.thirdparty.io.grpc.internal.ClientCallImpl$ClientStreamListenerImpl$1StreamClosed.runInternal(ClientCallImpl.java:735)
	at org.apache.ratis.thirdparty.io.grpc.internal.ClientCallImpl$ClientStreamListenerImpl$1StreamClosed.runInContext(ClientCallImpl.java:716)
	at org.apache.ratis.thirdparty.io.grpc.internal.ContextRunnable.run(ContextRunnable.java:37)
	at org.apache.ratis.thirdparty.io.grpc.internal.SerializingExecutor.run(SerializingExecutor.java:133)
	at java.base/java.util.concurrent.ThreadPoolExecutor.runWorker(ThreadPoolExecutor.java:1144)
	at java.base/java.util.concurrent.ThreadPoolExecutor$Worker.run(ThreadPoolExecutor.java:642)
	at java.base/java.lang.Thread.run(Thread.java:1583)
2025-04-24 14:04:44,082 [main] INFO  server.GrpcService (GrpcService.java:closeImpl(352)) - aed9408d-e3c0-4aa9-9c6a-b698c50b685f: shutdown server org.apache.ratis.grpc.server.GrpcClientProtocolService successfully
2025-04-24 14:04:44,084 [main] INFO  server.GrpcService (GrpcService.java:closeImpl(343)) - aed9408d-e3c0-4aa9-9c6a-b698c50b685f: shutdown server GrpcServerProtocolService now
2025-04-24 14:04:44,080 [72381052-d1f9-4ca6-906c-6db4c7ca7d69-impl-thread2] INFO  impl.StateMachineUpdater (StateMachineUpdater.java:stopAndJoin(164)) - 72381052-d1f9-4ca6-906c-6db4c7ca7d69@group-3FFD5E9A8160-StateMachineUpdater: set stopIndex = 12
2025-04-24 14:04:44,080 [72381052-d1f9-4ca6-906c-6db4c7ca7d69@group-5E7736B872A8-FollowerState] INFO  impl.FollowerState (FollowerState.java:runImpl(170)) - 72381052-d1f9-4ca6-906c-6db4c7ca7d69@group-5E7736B872A8-FollowerState was interrupted
2025-04-24 14:04:44,084 [ForkJoinPool.commonPool-worker-2] INFO  server.GrpcService (GrpcService.java:closeImpl(352)) - b80db16c-5673-450c-b3ca-7f89ec301096: shutdown server org.apache.ratis.grpc.server.GrpcClientProtocolService successfully
2025-04-24 14:04:44,085 [ForkJoinPool.commonPool-worker-2] INFO  server.GrpcService (GrpcService.java:closeImpl(343)) - b80db16c-5673-450c-b3ca-7f89ec301096: shutdown server GrpcServerProtocolService now
2025-04-24 14:04:44,084 [Thread-7104] INFO  server.GrpcServerProtocolClient (GrpcServerProtocolClient.java:close(105)) - aed9408d-e3c0-4aa9-9c6a-b698c50b685f Close channels
2025-04-24 14:04:44,085 [ForkJoinPool.commonPool-worker-2] INFO  server.GrpcService (GrpcService.java:closeImpl(352)) - b80db16c-5673-450c-b3ca-7f89ec301096: shutdown server GrpcServerProtocolService successfully
2025-04-24 14:04:44,085 [ForkJoinPool.commonPool-worker-2] INFO  server.GrpcService (GrpcService.java:closeImpl(343)) - b80db16c-5673-450c-b3ca-7f89ec301096: shutdown server org.apache.ratis.grpc.server.GrpcAdminProtocolService now
2025-04-24 14:04:44,085 [main] INFO  server.GrpcService (GrpcService.java:closeImpl(352)) - aed9408d-e3c0-4aa9-9c6a-b698c50b685f: shutdown server GrpcServerProtocolService successfully
2025-04-24 14:04:44,085 [main] INFO  server.GrpcService (GrpcService.java:closeImpl(343)) - aed9408d-e3c0-4aa9-9c6a-b698c50b685f: shutdown server org.apache.ratis.grpc.server.GrpcAdminProtocolService now
2025-04-24 14:04:44,085 [ForkJoinPool.commonPool-worker-2] INFO  server.GrpcService (GrpcService.java:closeImpl(352)) - b80db16c-5673-450c-b3ca-7f89ec301096: shutdown server org.apache.ratis.grpc.server.GrpcAdminProtocolService successfully
2025-04-24 14:04:44,085 [ForkJoinPool.commonPool-worker-1] INFO  server.GrpcService (GrpcService.java:closeImpl(352)) - 72381052-d1f9-4ca6-906c-6db4c7ca7d69: shutdown server org.apache.ratis.grpc.server.GrpcClientProtocolService successfully
2025-04-24 14:04:44,085 [ForkJoinPool.commonPool-worker-1] INFO  server.GrpcService (GrpcService.java:closeImpl(343)) - 72381052-d1f9-4ca6-906c-6db4c7ca7d69: shutdown server GrpcServerProtocolService now
2025-04-24 14:04:44,085 [main] INFO  server.GrpcService (GrpcService.java:closeImpl(352)) - aed9408d-e3c0-4aa9-9c6a-b698c50b685f: shutdown server org.apache.ratis.grpc.server.GrpcAdminProtocolService successfully
2025-04-24 14:04:44,086 [ForkJoinPool.commonPool-worker-1] INFO  server.GrpcService (GrpcService.java:closeImpl(352)) - 72381052-d1f9-4ca6-906c-6db4c7ca7d69: shutdown server GrpcServerProtocolService successfully
2025-04-24 14:04:44,086 [ForkJoinPool.commonPool-worker-1] INFO  server.GrpcService (GrpcService.java:closeImpl(343)) - 72381052-d1f9-4ca6-906c-6db4c7ca7d69: shutdown server org.apache.ratis.grpc.server.GrpcAdminProtocolService now
2025-04-24 14:04:44,086 [ForkJoinPool.commonPool-worker-1] INFO  server.GrpcService (GrpcService.java:closeImpl(352)) - 72381052-d1f9-4ca6-906c-6db4c7ca7d69: shutdown server org.apache.ratis.grpc.server.GrpcAdminProtocolService successfully
2025-04-24 14:04:44,095 [aed9408d-e3c0-4aa9-9c6a-b698c50b685f@group-5E7736B872A8-StateMachineUpdater] INFO  ratis.ContainerStateMachine (ContainerStateMachine.java:takeSnapshot(435)) - group-5E7736B872A8: Finished taking a snapshot at:(t:1, i:0) file:/home/runner/work/ozone/ozone/hadoop-ozone/integration-test/target/test-dir/MiniOzoneClusterImpl-4e6105ad-12bc-4f18-9d37-351d73277e17/ozone-meta/datanode-2/ratis/5a76b5c3-b2e7-444b-9d4d-5e7736b872a8/sm/snapshot.1_0 took: 30 ms
2025-04-24 14:04:44,095 [72381052-d1f9-4ca6-906c-6db4c7ca7d69@group-94051EF173A1-StateMachineUpdater] INFO  ratis.ContainerStateMachine (ContainerStateMachine.java:takeSnapshot(435)) - group-94051EF173A1: Finished taking a snapshot at:(t:1, i:0) file:/home/runner/work/ozone/ozone/hadoop-ozone/integration-test/target/test-dir/MiniOzoneClusterImpl-4e6105ad-12bc-4f18-9d37-351d73277e17/ozone-meta/datanode-3/ratis/91f13965-56ff-4f44-929d-94051ef173a1/sm/snapshot.1_0 took: 14 ms
2025-04-24 14:04:44,095 [b80db16c-5673-450c-b3ca-7f89ec301096@group-5E7736B872A8-StateMachineUpdater] INFO  ratis.ContainerStateMachine (ContainerStateMachine.java:takeSnapshot(435)) - group-5E7736B872A8: Finished taking a snapshot at:(t:1, i:0) file:/home/runner/work/ozone/ozone/hadoop-ozone/integration-test/target/test-dir/MiniOzoneClusterImpl-4e6105ad-12bc-4f18-9d37-351d73277e17/ozone-meta/datanode-1/ratis/5a76b5c3-b2e7-444b-9d4d-5e7736b872a8/sm/snapshot.1_0 took: 24 ms
2025-04-24 14:04:44,096 [72381052-d1f9-4ca6-906c-6db4c7ca7d69@group-94051EF173A1-StateMachineUpdater] INFO  impl.StateMachineUpdater (StateMachineUpdater.java:takeSnapshot(303)) - 72381052-d1f9-4ca6-906c-6db4c7ca7d69@group-94051EF173A1-StateMachineUpdater: Took a snapshot at index 0
2025-04-24 14:04:44,095 [72381052-d1f9-4ca6-906c-6db4c7ca7d69@group-5E7736B872A8-StateMachineUpdater] INFO  ratis.ContainerStateMachine (ContainerStateMachine.java:takeSnapshot(435)) - group-5E7736B872A8: Finished taking a snapshot at:(t:1, i:0) file:/home/runner/work/ozone/ozone/hadoop-ozone/integration-test/target/test-dir/MiniOzoneClusterImpl-4e6105ad-12bc-4f18-9d37-351d73277e17/ozone-meta/datanode-3/ratis/5a76b5c3-b2e7-444b-9d4d-5e7736b872a8/sm/snapshot.1_0 took: 15 ms
2025-04-24 14:04:44,096 [72381052-d1f9-4ca6-906c-6db4c7ca7d69@group-5E7736B872A8-StateMachineUpdater] INFO  impl.StateMachineUpdater (StateMachineUpdater.java:takeSnapshot(303)) - 72381052-d1f9-4ca6-906c-6db4c7ca7d69@group-5E7736B872A8-StateMachineUpdater: Took a snapshot at index 0
2025-04-24 14:04:44,096 [72381052-d1f9-4ca6-906c-6db4c7ca7d69@group-5E7736B872A8-StateMachineUpdater] INFO  impl.StateMachineUpdater (StateMachineUpdater.java:lambda$new$0(102)) - 72381052-d1f9-4ca6-906c-6db4c7ca7d69@group-5E7736B872A8-StateMachineUpdater: snapshotIndex: updateIncreasingly -1 -> 0
2025-04-24 14:04:44,096 [b80db16c-5673-450c-b3ca-7f89ec301096@group-51F4859D1AA5-StateMachineUpdater] INFO  ratis.ContainerStateMachine (ContainerStateMachine.java:takeSnapshot(435)) - group-51F4859D1AA5: Finished taking a snapshot at:(t:1, i:13) file:/home/runner/work/ozone/ozone/hadoop-ozone/integration-test/target/test-dir/MiniOzoneClusterImpl-4e6105ad-12bc-4f18-9d37-351d73277e17/ozone-meta/datanode-1/ratis/ce161e94-c1d5-4d9f-9e61-51f4859d1aa5/sm/snapshot.1_13 took: 23 ms
2025-04-24 14:04:44,095 [aed9408d-e3c0-4aa9-9c6a-b698c50b685f@group-94051EF173A1-StateMachineUpdater] INFO  ratis.ContainerStateMachine (ContainerStateMachine.java:takeSnapshot(435)) - group-94051EF173A1: Finished taking a snapshot at:(t:1, i:0) file:/home/runner/work/ozone/ozone/hadoop-ozone/integration-test/target/test-dir/MiniOzoneClusterImpl-4e6105ad-12bc-4f18-9d37-351d73277e17/ozone-meta/datanode-2/ratis/91f13965-56ff-4f44-929d-94051ef173a1/sm/snapshot.1_0 took: 25 ms
2025-04-24 14:04:44,095 [b80db16c-5673-450c-b3ca-7f89ec301096@group-94051EF173A1-StateMachineUpdater] INFO  ratis.ContainerStateMachine (ContainerStateMachine.java:takeSnapshot(435)) - group-94051EF173A1: Finished taking a snapshot at:(t:1, i:0) file:/home/runner/work/ozone/ozone/hadoop-ozone/integration-test/target/test-dir/MiniOzoneClusterImpl-4e6105ad-12bc-4f18-9d37-351d73277e17/ozone-meta/datanode-1/ratis/91f13965-56ff-4f44-929d-94051ef173a1/sm/snapshot.1_0 took: 22 ms
2025-04-24 14:04:44,097 [aed9408d-e3c0-4aa9-9c6a-b698c50b685f@group-94051EF173A1-StateMachineUpdater] INFO  impl.StateMachineUpdater (StateMachineUpdater.java:takeSnapshot(303)) - aed9408d-e3c0-4aa9-9c6a-b698c50b685f@group-94051EF173A1-StateMachineUpdater: Took a snapshot at index 0
2025-04-24 14:04:44,097 [aed9408d-e3c0-4aa9-9c6a-b698c50b685f@group-94051EF173A1-StateMachineUpdater] INFO  impl.StateMachineUpdater (StateMachineUpdater.java:lambda$new$0(102)) - aed9408d-e3c0-4aa9-9c6a-b698c50b685f@group-94051EF173A1-StateMachineUpdater: snapshotIndex: updateIncreasingly -1 -> 0
2025-04-24 14:04:44,097 [b80db16c-5673-450c-b3ca-7f89ec301096@group-94051EF173A1-StateMachineUpdater] INFO  impl.StateMachineUpdater (StateMachineUpdater.java:takeSnapshot(303)) - b80db16c-5673-450c-b3ca-7f89ec301096@group-94051EF173A1-StateMachineUpdater: Took a snapshot at index 0
2025-04-24 14:04:44,097 [b80db16c-5673-450c-b3ca-7f89ec301096@group-94051EF173A1-StateMachineUpdater] INFO  impl.StateMachineUpdater (StateMachineUpdater.java:lambda$new$0(102)) - b80db16c-5673-450c-b3ca-7f89ec301096@group-94051EF173A1-StateMachineUpdater: snapshotIndex: updateIncreasingly -1 -> 0
2025-04-24 14:04:44,097 [b80db16c-5673-450c-b3ca-7f89ec301096@group-51F4859D1AA5-StateMachineUpdater] INFO  impl.StateMachineUpdater (StateMachineUpdater.java:takeSnapshot(303)) - b80db16c-5673-450c-b3ca-7f89ec301096@group-51F4859D1AA5-StateMachineUpdater: Took a snapshot at index 13
2025-04-24 14:04:44,097 [b80db16c-5673-450c-b3ca-7f89ec301096@group-51F4859D1AA5-StateMachineUpdater] INFO  impl.StateMachineUpdater (StateMachineUpdater.java:lambda$new$0(102)) - b80db16c-5673-450c-b3ca-7f89ec301096@group-51F4859D1AA5-StateMachineUpdater: snapshotIndex: updateIncreasingly -1 -> 13
2025-04-24 14:04:44,097 [b80db16c-5673-450c-b3ca-7f89ec301096@group-51F4859D1AA5-StateMachineUpdater] INFO  impl.StateMachineUpdater (StateMachineUpdater.java:stop(141)) - b80db16c-5673-450c-b3ca-7f89ec301096@group-51F4859D1AA5-StateMachineUpdater: closing ContainerStateMachine, lastApplied=(t:1, i:13)
2025-04-24 14:04:44,097 [aed9408d-e3c0-4aa9-9c6a-b698c50b685f@group-B7738D5DBFED-StateMachineUpdater] INFO  ratis.ContainerStateMachine (ContainerStateMachine.java:takeSnapshot(435)) - group-B7738D5DBFED: Finished taking a snapshot at:(t:1, i:9) file:/home/runner/work/ozone/ozone/hadoop-ozone/integration-test/target/test-dir/MiniOzoneClusterImpl-4e6105ad-12bc-4f18-9d37-351d73277e17/ozone-meta/datanode-2/ratis/2d9d04ba-cee8-4066-b58c-b7738d5dbfed/sm/snapshot.1_9 took: 30 ms
2025-04-24 14:04:44,097 [aed9408d-e3c0-4aa9-9c6a-b698c50b685f@group-B7738D5DBFED-StateMachineUpdater] INFO  impl.StateMachineUpdater (StateMachineUpdater.java:takeSnapshot(303)) - aed9408d-e3c0-4aa9-9c6a-b698c50b685f@group-B7738D5DBFED-StateMachineUpdater: Took a snapshot at index 9
2025-04-24 14:04:44,097 [aed9408d-e3c0-4aa9-9c6a-b698c50b685f@group-B7738D5DBFED-StateMachineUpdater] INFO  impl.StateMachineUpdater (StateMachineUpdater.java:lambda$new$0(102)) - aed9408d-e3c0-4aa9-9c6a-b698c50b685f@group-B7738D5DBFED-StateMachineUpdater: snapshotIndex: updateIncreasingly -1 -> 9
2025-04-24 14:04:44,096 [aed9408d-e3c0-4aa9-9c6a-b698c50b685f@group-5E7736B872A8-StateMachineUpdater] INFO  impl.StateMachineUpdater (StateMachineUpdater.java:takeSnapshot(303)) - aed9408d-e3c0-4aa9-9c6a-b698c50b685f@group-5E7736B872A8-StateMachineUpdater: Took a snapshot at index 0
2025-04-24 14:04:44,096 [72381052-d1f9-4ca6-906c-6db4c7ca7d69@group-3FFD5E9A8160-StateMachineUpdater] INFO  ratis.ContainerStateMachine (ContainerStateMachine.java:takeSnapshot(435)) - group-3FFD5E9A8160: Finished taking a snapshot at:(t:1, i:12) file:/home/runner/work/ozone/ozone/hadoop-ozone/integration-test/target/test-dir/MiniOzoneClusterImpl-4e6105ad-12bc-4f18-9d37-351d73277e17/ozone-meta/datanode-3/ratis/6efddaeb-100b-42b4-a40f-3ffd5e9a8160/sm/snapshot.1_12 took: 18 ms
2025-04-24 14:04:44,098 [72381052-d1f9-4ca6-906c-6db4c7ca7d69@group-3FFD5E9A8160-StateMachineUpdater] INFO  impl.StateMachineUpdater (StateMachineUpdater.java:takeSnapshot(303)) - 72381052-d1f9-4ca6-906c-6db4c7ca7d69@group-3FFD5E9A8160-StateMachineUpdater: Took a snapshot at index 12
2025-04-24 14:04:44,098 [72381052-d1f9-4ca6-906c-6db4c7ca7d69@group-3FFD5E9A8160-StateMachineUpdater] INFO  impl.StateMachineUpdater (StateMachineUpdater.java:lambda$new$0(102)) - 72381052-d1f9-4ca6-906c-6db4c7ca7d69@group-3FFD5E9A8160-StateMachineUpdater: snapshotIndex: updateIncreasingly -1 -> 12
2025-04-24 14:04:44,098 [72381052-d1f9-4ca6-906c-6db4c7ca7d69@group-3FFD5E9A8160-StateMachineUpdater] INFO  impl.StateMachineUpdater (StateMachineUpdater.java:stop(141)) - 72381052-d1f9-4ca6-906c-6db4c7ca7d69@group-3FFD5E9A8160-StateMachineUpdater: closing ContainerStateMachine, lastApplied=(t:1, i:12)
2025-04-24 14:04:44,098 [b80db16c-5673-450c-b3ca-7f89ec301096@group-51F4859D1AA5-cacheEviction-AwaitToRun] INFO  util.AwaitToRun (AwaitToRun.java:run(49)) - b80db16c-5673-450c-b3ca-7f89ec301096@group-51F4859D1AA5-cacheEviction-AwaitToRun-AwaitForSignal is interrupted
2025-04-24 14:04:44,096 [72381052-d1f9-4ca6-906c-6db4c7ca7d69@group-5E7736B872A8-StateMachineUpdater] INFO  impl.StateMachineUpdater (StateMachineUpdater.java:stop(141)) - 72381052-d1f9-4ca6-906c-6db4c7ca7d69@group-5E7736B872A8-StateMachineUpdater: closing ContainerStateMachine, lastApplied=(t:1, i:0)
2025-04-24 14:04:44,096 [72381052-d1f9-4ca6-906c-6db4c7ca7d69@group-94051EF173A1-StateMachineUpdater] INFO  impl.StateMachineUpdater (StateMachineUpdater.java:lambda$new$0(102)) - 72381052-d1f9-4ca6-906c-6db4c7ca7d69@group-94051EF173A1-StateMachineUpdater: snapshotIndex: updateIncreasingly -1 -> 0
2025-04-24 14:04:44,098 [72381052-d1f9-4ca6-906c-6db4c7ca7d69@group-94051EF173A1-StateMachineUpdater] INFO  impl.StateMachineUpdater (StateMachineUpdater.java:stop(141)) - 72381052-d1f9-4ca6-906c-6db4c7ca7d69@group-94051EF173A1-StateMachineUpdater: closing ContainerStateMachine, lastApplied=(t:1, i:0)
2025-04-24 14:04:44,096 [b80db16c-5673-450c-b3ca-7f89ec301096@group-5E7736B872A8-StateMachineUpdater] INFO  impl.StateMachineUpdater (StateMachineUpdater.java:takeSnapshot(303)) - b80db16c-5673-450c-b3ca-7f89ec301096@group-5E7736B872A8-StateMachineUpdater: Took a snapshot at index 0
2025-04-24 14:04:44,098 [b80db16c-5673-450c-b3ca-7f89ec301096@group-5E7736B872A8-StateMachineUpdater] INFO  impl.StateMachineUpdater (StateMachineUpdater.java:lambda$new$0(102)) - b80db16c-5673-450c-b3ca-7f89ec301096@group-5E7736B872A8-StateMachineUpdater: snapshotIndex: updateIncreasingly -1 -> 0
2025-04-24 14:04:44,098 [72381052-d1f9-4ca6-906c-6db4c7ca7d69@group-94051EF173A1-cacheEviction-AwaitToRun] INFO  util.AwaitToRun (AwaitToRun.java:run(49)) - 72381052-d1f9-4ca6-906c-6db4c7ca7d69@group-94051EF173A1-cacheEviction-AwaitToRun-AwaitForSignal is interrupted
2025-04-24 14:04:44,098 [aed9408d-e3c0-4aa9-9c6a-b698c50b685f@group-5E7736B872A8-StateMachineUpdater] INFO  impl.StateMachineUpdater (StateMachineUpdater.java:lambda$new$0(102)) - aed9408d-e3c0-4aa9-9c6a-b698c50b685f@group-5E7736B872A8-StateMachineUpdater: snapshotIndex: updateIncreasingly -1 -> 0
2025-04-24 14:04:44,099 [aed9408d-e3c0-4aa9-9c6a-b698c50b685f@group-5E7736B872A8-StateMachineUpdater] INFO  impl.StateMachineUpdater (StateMachineUpdater.java:stop(141)) - aed9408d-e3c0-4aa9-9c6a-b698c50b685f@group-5E7736B872A8-StateMachineUpdater: closing ContainerStateMachine, lastApplied=(t:1, i:0)
2025-04-24 14:04:44,099 [72381052-d1f9-4ca6-906c-6db4c7ca7d69@group-5E7736B872A8-cacheEviction-AwaitToRun] INFO  util.AwaitToRun (AwaitToRun.java:run(49)) - 72381052-d1f9-4ca6-906c-6db4c7ca7d69@group-5E7736B872A8-cacheEviction-AwaitToRun-AwaitForSignal is interrupted
2025-04-24 14:04:44,098 [aed9408d-e3c0-4aa9-9c6a-b698c50b685f@group-B7738D5DBFED-StateMachineUpdater] INFO  impl.StateMachineUpdater (StateMachineUpdater.java:stop(141)) - aed9408d-e3c0-4aa9-9c6a-b698c50b685f@group-B7738D5DBFED-StateMachineUpdater: closing ContainerStateMachine, lastApplied=(t:1, i:9)
2025-04-24 14:04:44,097 [b80db16c-5673-450c-b3ca-7f89ec301096@group-94051EF173A1-StateMachineUpdater] INFO  impl.StateMachineUpdater (StateMachineUpdater.java:stop(141)) - b80db16c-5673-450c-b3ca-7f89ec301096@group-94051EF173A1-StateMachineUpdater: closing ContainerStateMachine, lastApplied=(t:1, i:0)
2025-04-24 14:04:44,097 [aed9408d-e3c0-4aa9-9c6a-b698c50b685f@group-94051EF173A1-StateMachineUpdater] INFO  impl.StateMachineUpdater (StateMachineUpdater.java:stop(141)) - aed9408d-e3c0-4aa9-9c6a-b698c50b685f@group-94051EF173A1-StateMachineUpdater: closing ContainerStateMachine, lastApplied=(t:1, i:0)
2025-04-24 14:04:44,099 [72381052-d1f9-4ca6-906c-6db4c7ca7d69@group-3FFD5E9A8160-cacheEviction-AwaitToRun] INFO  util.AwaitToRun (AwaitToRun.java:run(49)) - 72381052-d1f9-4ca6-906c-6db4c7ca7d69@group-3FFD5E9A8160-cacheEviction-AwaitToRun-AwaitForSignal is interrupted
2025-04-24 14:04:44,098 [b80db16c-5673-450c-b3ca-7f89ec301096@group-5E7736B872A8-StateMachineUpdater] INFO  impl.StateMachineUpdater (StateMachineUpdater.java:stop(141)) - b80db16c-5673-450c-b3ca-7f89ec301096@group-5E7736B872A8-StateMachineUpdater: closing ContainerStateMachine, lastApplied=(t:1, i:0)
2025-04-24 14:04:44,100 [b80db16c-5673-450c-b3ca-7f89ec301096@group-5E7736B872A8-cacheEviction-AwaitToRun] INFO  util.AwaitToRun (AwaitToRun.java:run(49)) - b80db16c-5673-450c-b3ca-7f89ec301096@group-5E7736B872A8-cacheEviction-AwaitToRun-AwaitForSignal is interrupted
2025-04-24 14:04:44,101 [aed9408d-e3c0-4aa9-9c6a-b698c50b685f@group-5E7736B872A8-cacheEviction-AwaitToRun] INFO  util.AwaitToRun (AwaitToRun.java:run(49)) - aed9408d-e3c0-4aa9-9c6a-b698c50b685f@group-5E7736B872A8-cacheEviction-AwaitToRun-AwaitForSignal is interrupted
2025-04-24 14:04:44,101 [aed9408d-e3c0-4aa9-9c6a-b698c50b685f@group-B7738D5DBFED-cacheEviction-AwaitToRun] INFO  util.AwaitToRun (AwaitToRun.java:run(49)) - aed9408d-e3c0-4aa9-9c6a-b698c50b685f@group-B7738D5DBFED-cacheEviction-AwaitToRun-AwaitForSignal is interrupted
2025-04-24 14:04:44,101 [aed9408d-e3c0-4aa9-9c6a-b698c50b685f@group-94051EF173A1-cacheEviction-AwaitToRun] INFO  util.AwaitToRun (AwaitToRun.java:run(49)) - aed9408d-e3c0-4aa9-9c6a-b698c50b685f@group-94051EF173A1-cacheEviction-AwaitToRun-AwaitForSignal is interrupted
2025-04-24 14:04:44,101 [b80db16c-5673-450c-b3ca-7f89ec301096@group-94051EF173A1-cacheEviction-AwaitToRun] INFO  util.AwaitToRun (AwaitToRun.java:run(49)) - b80db16c-5673-450c-b3ca-7f89ec301096@group-94051EF173A1-cacheEviction-AwaitToRun-AwaitForSignal is interrupted
2025-04-24 14:04:44,108 [b80db16c-5673-450c-b3ca-7f89ec301096-NettyServerStreamRpc-bossGroup--thread1] INFO  logging.LoggingHandler (AbstractInternalLogger.java:log(148)) - [id: 0x510d19d0, L:/0.0.0.0:15024] CLOSE
2025-04-24 14:04:44,108 [b80db16c-5673-450c-b3ca-7f89ec301096-NettyServerStreamRpc-bossGroup--thread1] INFO  logging.LoggingHandler (AbstractInternalLogger.java:log(148)) - [id: 0x510d19d0, L:/0.0.0.0:15024] INACTIVE
2025-04-24 14:04:44,108 [b80db16c-5673-450c-b3ca-7f89ec301096-NettyServerStreamRpc-bossGroup--thread1] INFO  logging.LoggingHandler (AbstractInternalLogger.java:log(148)) - [id: 0x510d19d0, L:/0.0.0.0:15024] UNREGISTERED
2025-04-24 14:04:44,108 [aed9408d-e3c0-4aa9-9c6a-b698c50b685f-NettyServerStreamRpc-bossGroup--thread1] INFO  logging.LoggingHandler (AbstractInternalLogger.java:log(148)) - [id: 0xe2366661, L:/0.0.0.0:15032] CLOSE
2025-04-24 14:04:44,108 [aed9408d-e3c0-4aa9-9c6a-b698c50b685f-NettyServerStreamRpc-bossGroup--thread1] INFO  logging.LoggingHandler (AbstractInternalLogger.java:log(148)) - [id: 0xe2366661, L:/0.0.0.0:15032] INACTIVE
2025-04-24 14:04:44,108 [aed9408d-e3c0-4aa9-9c6a-b698c50b685f-NettyServerStreamRpc-bossGroup--thread1] INFO  logging.LoggingHandler (AbstractInternalLogger.java:log(148)) - [id: 0xe2366661, L:/0.0.0.0:15032] UNREGISTERED
2025-04-24 14:04:44,109 [72381052-d1f9-4ca6-906c-6db4c7ca7d69-NettyServerStreamRpc-bossGroup--thread1] INFO  logging.LoggingHandler (AbstractInternalLogger.java:log(148)) - [id: 0xae4ed480, L:/0.0.0.0:15040] CLOSE
2025-04-24 14:04:44,109 [72381052-d1f9-4ca6-906c-6db4c7ca7d69-NettyServerStreamRpc-bossGroup--thread1] INFO  logging.LoggingHandler (AbstractInternalLogger.java:log(148)) - [id: 0xae4ed480, L:/0.0.0.0:15040] INACTIVE
2025-04-24 14:04:44,109 [72381052-d1f9-4ca6-906c-6db4c7ca7d69-NettyServerStreamRpc-bossGroup--thread1] INFO  logging.LoggingHandler (AbstractInternalLogger.java:log(148)) - [id: 0xae4ed480, L:/0.0.0.0:15040] UNREGISTERED
2025-04-24 14:04:44,567 [b80db16c-5673-450c-b3ca-7f89ec301096-impl-thread3] INFO  segmented.SegmentedRaftLogWorker (SegmentedRaftLogWorker.java:close(252)) - b80db16c-5673-450c-b3ca-7f89ec301096@group-51F4859D1AA5-SegmentedRaftLogWorker close()
2025-04-24 14:04:44,568 [b80db16c-5673-450c-b3ca-7f89ec301096-impl-thread3] INFO  ratis.ContainerStateMachine (ContainerStateMachine.java:notifyServerShutdown(1037)) - group-51F4859D1AA5 is closed by HddsDatanodeService
2025-04-24 14:04:44,638 [aed9408d-e3c0-4aa9-9c6a-b698c50b685f-impl-thread4] INFO  segmented.SegmentedRaftLogWorker (SegmentedRaftLogWorker.java:close(252)) - aed9408d-e3c0-4aa9-9c6a-b698c50b685f@group-94051EF173A1-SegmentedRaftLogWorker close()
2025-04-24 14:04:44,638 [aed9408d-e3c0-4aa9-9c6a-b698c50b685f-impl-thread4] INFO  ratis.ContainerStateMachine (ContainerStateMachine.java:notifyServerShutdown(1037)) - group-94051EF173A1 is closed by HddsDatanodeService
2025-04-24 14:04:44,662 [72381052-d1f9-4ca6-906c-6db4c7ca7d69-impl-thread4] INFO  segmented.SegmentedRaftLogWorker (SegmentedRaftLogWorker.java:close(252)) - 72381052-d1f9-4ca6-906c-6db4c7ca7d69@group-94051EF173A1-SegmentedRaftLogWorker close()
2025-04-24 14:04:44,662 [72381052-d1f9-4ca6-906c-6db4c7ca7d69-impl-thread4] INFO  ratis.ContainerStateMachine (ContainerStateMachine.java:notifyServerShutdown(1037)) - group-94051EF173A1 is closed by HddsDatanodeService
2025-04-24 14:04:44,664 [b80db16c-5673-450c-b3ca-7f89ec301096-impl-thread4] INFO  segmented.SegmentedRaftLogWorker (SegmentedRaftLogWorker.java:close(252)) - b80db16c-5673-450c-b3ca-7f89ec301096@group-94051EF173A1-SegmentedRaftLogWorker close()
2025-04-24 14:04:44,664 [b80db16c-5673-450c-b3ca-7f89ec301096-impl-thread4] INFO  ratis.ContainerStateMachine (ContainerStateMachine.java:notifyServerShutdown(1037)) - group-94051EF173A1 is closed by HddsDatanodeService
2025-04-24 14:04:44,676 [b80db16c-5673-450c-b3ca-7f89ec301096-impl-thread2] INFO  segmented.SegmentedRaftLogWorker (SegmentedRaftLogWorker.java:close(252)) - b80db16c-5673-450c-b3ca-7f89ec301096@group-5E7736B872A8-SegmentedRaftLogWorker close()
2025-04-24 14:04:44,676 [b80db16c-5673-450c-b3ca-7f89ec301096-impl-thread2] INFO  ratis.ContainerStateMachine (ContainerStateMachine.java:notifyServerShutdown(1037)) - group-5E7736B872A8 is closed by HddsDatanodeService
2025-04-24 14:04:44,676 [JvmPauseMonitor5] INFO  util.JvmPauseMonitor (JvmPauseMonitor.java:run(152)) - JvmPauseMonitor-b80db16c-5673-450c-b3ca-7f89ec301096: Stopped
2025-04-24 14:04:44,710 [72381052-d1f9-4ca6-906c-6db4c7ca7d69-impl-thread3] INFO  segmented.SegmentedRaftLogWorker (SegmentedRaftLogWorker.java:close(252)) - 72381052-d1f9-4ca6-906c-6db4c7ca7d69@group-5E7736B872A8-SegmentedRaftLogWorker close()
2025-04-24 14:04:44,710 [72381052-d1f9-4ca6-906c-6db4c7ca7d69-impl-thread3] INFO  ratis.ContainerStateMachine (ContainerStateMachine.java:notifyServerShutdown(1037)) - group-5E7736B872A8 is closed by HddsDatanodeService
2025-04-24 14:04:44,710 [aed9408d-e3c0-4aa9-9c6a-b698c50b685f-impl-thread2] INFO  segmented.SegmentedRaftLogWorker (SegmentedRaftLogWorker.java:close(252)) - aed9408d-e3c0-4aa9-9c6a-b698c50b685f@group-5E7736B872A8-SegmentedRaftLogWorker close()
2025-04-24 14:04:44,710 [aed9408d-e3c0-4aa9-9c6a-b698c50b685f-impl-thread2] INFO  ratis.ContainerStateMachine (ContainerStateMachine.java:notifyServerShutdown(1037)) - group-5E7736B872A8 is closed by HddsDatanodeService
2025-04-24 14:04:45,037 [aed9408d-e3c0-4aa9-9c6a-b698c50b685f-impl-thread3] INFO  segmented.SegmentedRaftLogWorker (SegmentedRaftLogWorker.java:close(252)) - aed9408d-e3c0-4aa9-9c6a-b698c50b685f@group-B7738D5DBFED-SegmentedRaftLogWorker close()
2025-04-24 14:04:45,038 [aed9408d-e3c0-4aa9-9c6a-b698c50b685f-impl-thread3] INFO  ratis.ContainerStateMachine (ContainerStateMachine.java:notifyServerShutdown(1037)) - group-B7738D5DBFED is closed by HddsDatanodeService
2025-04-24 14:04:45,038 [JvmPauseMonitor6] INFO  util.JvmPauseMonitor (JvmPauseMonitor.java:run(152)) - JvmPauseMonitor-aed9408d-e3c0-4aa9-9c6a-b698c50b685f: Stopped
2025-04-24 14:04:45,047 [72381052-d1f9-4ca6-906c-6db4c7ca7d69-impl-thread2] INFO  segmented.SegmentedRaftLogWorker (SegmentedRaftLogWorker.java:close(252)) - 72381052-d1f9-4ca6-906c-6db4c7ca7d69@group-3FFD5E9A8160-SegmentedRaftLogWorker close()
2025-04-24 14:04:45,047 [72381052-d1f9-4ca6-906c-6db4c7ca7d69-impl-thread2] INFO  ratis.ContainerStateMachine (ContainerStateMachine.java:notifyServerShutdown(1037)) - group-3FFD5E9A8160 is closed by HddsDatanodeService
2025-04-24 14:04:45,047 [JvmPauseMonitor7] INFO  util.JvmPauseMonitor (JvmPauseMonitor.java:run(152)) - JvmPauseMonitor-72381052-d1f9-4ca6-906c-6db4c7ca7d69: Stopped
2025-04-24 14:04:46,687 [ForkJoinPool.commonPool-worker-2] INFO  utils.DatanodeStoreCache (DatanodeStoreCache.java:shutdownCache(115)) - Skip clearing cache in mini cluster mode. Entries left: [/home/runner/work/ozone/ozone/hadoop-ozone/integration-test/target/test-dir/MiniOzoneClusterImpl-4e6105ad-12bc-4f18-9d37-351d73277e17/ozone-meta/datanode-1/data-0/hdds/4e6105ad-12bc-4f18-9d37-351d73277e17/DS-8249b117-65ea-4100-9f7f-30ffb2e908ce/container.db, /home/runner/work/ozone/ozone/hadoop-ozone/integration-test/target/test-dir/MiniOzoneClusterImpl-4e6105ad-12bc-4f18-9d37-351d73277e17/ozone-meta/datanode-2/data-0/hdds/4e6105ad-12bc-4f18-9d37-351d73277e17/DS-78f022d2-bc1b-4781-8de6-a335cbe07cd6/container.db, /home/runner/work/ozone/ozone/hadoop-ozone/integration-test/target/test-dir/MiniOzoneClusterImpl-4e6105ad-12bc-4f18-9d37-351d73277e17/ozone-meta/datanode-3/data-0/hdds/4e6105ad-12bc-4f18-9d37-351d73277e17/DS-07e79f63-641f-4267-ab8f-903d4aade763/container.db]
2025-04-24 14:04:46,689 [ForkJoinPool.commonPool-worker-2] INFO  utils.DatanodeStoreCache (DatanodeStoreCache.java:removeDB(109)) - Removed db /home/runner/work/ozone/ozone/hadoop-ozone/integration-test/target/test-dir/MiniOzoneClusterImpl-4e6105ad-12bc-4f18-9d37-351d73277e17/ozone-meta/datanode-1/data-0/hdds/4e6105ad-12bc-4f18-9d37-351d73277e17/DS-8249b117-65ea-4100-9f7f-30ffb2e908ce/container.db from cache
2025-04-24 14:04:46,689 [ForkJoinPool.commonPool-worker-2] INFO  volume.HddsVolume (HddsVolume.java:closeDbStore(543)) - SchemaV3 db is stopped at /home/runner/work/ozone/ozone/hadoop-ozone/integration-test/target/test-dir/MiniOzoneClusterImpl-4e6105ad-12bc-4f18-9d37-351d73277e17/ozone-meta/datanode-1/data-0/hdds/4e6105ad-12bc-4f18-9d37-351d73277e17/DS-8249b117-65ea-4100-9f7f-30ffb2e908ce/container.db for volume DS-8249b117-65ea-4100-9f7f-30ffb2e908ce
2025-04-24 14:04:46,689 [ForkJoinPool.commonPool-worker-2] INFO  utils.BackgroundService (BackgroundService.java:shutdown(161)) - Shutting down service BlockDeletingService
2025-04-24 14:04:46,690 [ForkJoinPool.commonPool-worker-2] INFO  utils.BackgroundService (BackgroundService.java:shutdown(161)) - Shutting down service StaleRecoveringContainerScrubbingService
2025-04-24 14:04:46,691 [ForkJoinPool.commonPool-worker-2] INFO  statemachine.DatanodeStateMachine (DatanodeStateMachine.java:stopDaemon(629)) - Ozone container server stopped.
2025-04-24 14:04:46,704 [ForkJoinPool.commonPool-worker-2] INFO  handler.ContextHandler (ContextHandler.java:doStop(1159)) - Stopped o.e.j.w.WebAppContext@17d636a2{hddsDatanode,/,null,STOPPED}{jar:file:/home/runner/work/ozone/ozone/hadoop-hdds/container-service/target/hdds-container-service-2.1.0-SNAPSHOT.jar!/webapps/hddsDatanode}
2025-04-24 14:04:46,705 [ForkJoinPool.commonPool-worker-2] INFO  server.AbstractConnector (AbstractConnector.java:doStop(383)) - Stopped ServerConnector@2305053{HTTP/1.1, (http/1.1)}{0.0.0.0:15018}
2025-04-24 14:04:46,705 [ForkJoinPool.commonPool-worker-2] INFO  server.session (HouseKeeper.java:stopScavenging(149)) - node0 Stopped scavenging
2025-04-24 14:04:46,705 [ForkJoinPool.commonPool-worker-2] INFO  handler.ContextHandler (ContextHandler.java:doStop(1159)) - Stopped o.e.j.s.ServletContextHandler@224d7549{static,/static,jar:file:/home/runner/work/ozone/ozone/hadoop-hdds/container-service/target/hdds-container-service-2.1.0-SNAPSHOT.jar!/webapps/static,STOPPED}
2025-04-24 14:04:46,705 [ForkJoinPool.commonPool-worker-2] INFO  handler.ContextHandler (ContextHandler.java:doStop(1159)) - Stopped o.e.j.s.ServletContextHandler@67d8431d{logs,/logs,file:///home/runner/work/ozone/ozone/hadoop-ozone/integration-test/target/log,STOPPED}
2025-04-24 14:04:46,707 [ForkJoinPool.commonPool-worker-2] INFO  ozone.HddsDatanodeClientProtocolServer (HddsDatanodeClientProtocolServer.java:stop(82)) - Stopping the RPC server for Client Protocol
2025-04-24 14:04:46,707 [ForkJoinPool.commonPool-worker-2] INFO  ipc.Server (Server.java:stop(3697)) - Stopping server on 15019
2025-04-24 14:04:46,709 [IPC Server listener on 15019] INFO  ipc.Server (Server.java:run(1585)) - Stopping IPC Server listener on 15019
2025-04-24 14:04:46,709 [IPC Server Responder] INFO  ipc.Server (Server.java:run(1718)) - Stopping IPC Server Responder
2025-04-24 14:04:47,042 [main] INFO  utils.DatanodeStoreCache (DatanodeStoreCache.java:shutdownCache(115)) - Skip clearing cache in mini cluster mode. Entries left: [/home/runner/work/ozone/ozone/hadoop-ozone/integration-test/target/test-dir/MiniOzoneClusterImpl-4e6105ad-12bc-4f18-9d37-351d73277e17/ozone-meta/datanode-2/data-0/hdds/4e6105ad-12bc-4f18-9d37-351d73277e17/DS-78f022d2-bc1b-4781-8de6-a335cbe07cd6/container.db, /home/runner/work/ozone/ozone/hadoop-ozone/integration-test/target/test-dir/MiniOzoneClusterImpl-4e6105ad-12bc-4f18-9d37-351d73277e17/ozone-meta/datanode-3/data-0/hdds/4e6105ad-12bc-4f18-9d37-351d73277e17/DS-07e79f63-641f-4267-ab8f-903d4aade763/container.db]
2025-04-24 14:04:47,043 [main] INFO  utils.DatanodeStoreCache (DatanodeStoreCache.java:removeDB(109)) - Removed db /home/runner/work/ozone/ozone/hadoop-ozone/integration-test/target/test-dir/MiniOzoneClusterImpl-4e6105ad-12bc-4f18-9d37-351d73277e17/ozone-meta/datanode-2/data-0/hdds/4e6105ad-12bc-4f18-9d37-351d73277e17/DS-78f022d2-bc1b-4781-8de6-a335cbe07cd6/container.db from cache
2025-04-24 14:04:47,043 [main] INFO  volume.HddsVolume (HddsVolume.java:closeDbStore(543)) - SchemaV3 db is stopped at /home/runner/work/ozone/ozone/hadoop-ozone/integration-test/target/test-dir/MiniOzoneClusterImpl-4e6105ad-12bc-4f18-9d37-351d73277e17/ozone-meta/datanode-2/data-0/hdds/4e6105ad-12bc-4f18-9d37-351d73277e17/DS-78f022d2-bc1b-4781-8de6-a335cbe07cd6/container.db for volume DS-78f022d2-bc1b-4781-8de6-a335cbe07cd6
2025-04-24 14:04:47,044 [main] INFO  utils.BackgroundService (BackgroundService.java:shutdown(161)) - Shutting down service BlockDeletingService
2025-04-24 14:04:47,044 [main] INFO  utils.BackgroundService (BackgroundService.java:shutdown(161)) - Shutting down service StaleRecoveringContainerScrubbingService
2025-04-24 14:04:47,045 [main] INFO  statemachine.DatanodeStateMachine (DatanodeStateMachine.java:stopDaemon(629)) - Ozone container server stopped.
2025-04-24 14:04:47,051 [ForkJoinPool.commonPool-worker-1] INFO  utils.DatanodeStoreCache (DatanodeStoreCache.java:shutdownCache(115)) - Skip clearing cache in mini cluster mode. Entries left: [/home/runner/work/ozone/ozone/hadoop-ozone/integration-test/target/test-dir/MiniOzoneClusterImpl-4e6105ad-12bc-4f18-9d37-351d73277e17/ozone-meta/datanode-3/data-0/hdds/4e6105ad-12bc-4f18-9d37-351d73277e17/DS-07e79f63-641f-4267-ab8f-903d4aade763/container.db]
2025-04-24 14:04:47,052 [ForkJoinPool.commonPool-worker-1] INFO  utils.DatanodeStoreCache (DatanodeStoreCache.java:removeDB(109)) - Removed db /home/runner/work/ozone/ozone/hadoop-ozone/integration-test/target/test-dir/MiniOzoneClusterImpl-4e6105ad-12bc-4f18-9d37-351d73277e17/ozone-meta/datanode-3/data-0/hdds/4e6105ad-12bc-4f18-9d37-351d73277e17/DS-07e79f63-641f-4267-ab8f-903d4aade763/container.db from cache
2025-04-24 14:04:47,052 [ForkJoinPool.commonPool-worker-1] INFO  volume.HddsVolume (HddsVolume.java:closeDbStore(543)) - SchemaV3 db is stopped at /home/runner/work/ozone/ozone/hadoop-ozone/integration-test/target/test-dir/MiniOzoneClusterImpl-4e6105ad-12bc-4f18-9d37-351d73277e17/ozone-meta/datanode-3/data-0/hdds/4e6105ad-12bc-4f18-9d37-351d73277e17/DS-07e79f63-641f-4267-ab8f-903d4aade763/container.db for volume DS-07e79f63-641f-4267-ab8f-903d4aade763
2025-04-24 14:04:47,052 [ForkJoinPool.commonPool-worker-1] INFO  utils.BackgroundService (BackgroundService.java:shutdown(161)) - Shutting down service BlockDeletingService
2025-04-24 14:04:47,053 [ForkJoinPool.commonPool-worker-1] INFO  utils.BackgroundService (BackgroundService.java:shutdown(161)) - Shutting down service StaleRecoveringContainerScrubbingService
2025-04-24 14:04:47,054 [ForkJoinPool.commonPool-worker-1] INFO  statemachine.DatanodeStateMachine (DatanodeStateMachine.java:stopDaemon(629)) - Ozone container server stopped.
2025-04-24 14:04:47,059 [main] INFO  handler.ContextHandler (ContextHandler.java:doStop(1159)) - Stopped o.e.j.w.WebAppContext@18f7f928{hddsDatanode,/,null,STOPPED}{jar:file:/home/runner/work/ozone/ozone/hadoop-hdds/container-service/target/hdds-container-service-2.1.0-SNAPSHOT.jar!/webapps/hddsDatanode}
2025-04-24 14:04:47,060 [main] INFO  server.AbstractConnector (AbstractConnector.java:doStop(383)) - Stopped ServerConnector@48e4d5cf{HTTP/1.1, (http/1.1)}{0.0.0.0:15026}
2025-04-24 14:04:47,060 [main] INFO  server.session (HouseKeeper.java:stopScavenging(149)) - node0 Stopped scavenging
2025-04-24 14:04:47,060 [main] INFO  handler.ContextHandler (ContextHandler.java:doStop(1159)) - Stopped o.e.j.s.ServletContextHandler@39df2130{static,/static,jar:file:/home/runner/work/ozone/ozone/hadoop-hdds/container-service/target/hdds-container-service-2.1.0-SNAPSHOT.jar!/webapps/static,STOPPED}
2025-04-24 14:04:47,060 [main] INFO  handler.ContextHandler (ContextHandler.java:doStop(1159)) - Stopped o.e.j.s.ServletContextHandler@506ec7ea{logs,/logs,file:///home/runner/work/ozone/ozone/hadoop-ozone/integration-test/target/log,STOPPED}
2025-04-24 14:04:47,063 [main] INFO  ozone.HddsDatanodeClientProtocolServer (HddsDatanodeClientProtocolServer.java:stop(82)) - Stopping the RPC server for Client Protocol
2025-04-24 14:04:47,063 [main] INFO  ipc.Server (Server.java:stop(3697)) - Stopping server on 15027
2025-04-24 14:04:47,065 [IPC Server listener on 15027] INFO  ipc.Server (Server.java:run(1585)) - Stopping IPC Server listener on 15027
2025-04-24 14:04:47,065 [IPC Server Responder] INFO  ipc.Server (Server.java:run(1718)) - Stopping IPC Server Responder
2025-04-24 14:04:47,073 [ForkJoinPool.commonPool-worker-1] INFO  handler.ContextHandler (ContextHandler.java:doStop(1159)) - Stopped o.e.j.w.WebAppContext@7a35e3a{hddsDatanode,/,null,STOPPED}{jar:file:/home/runner/work/ozone/ozone/hadoop-hdds/container-service/target/hdds-container-service-2.1.0-SNAPSHOT.jar!/webapps/hddsDatanode}
2025-04-24 14:04:47,073 [ForkJoinPool.commonPool-worker-1] INFO  server.AbstractConnector (AbstractConnector.java:doStop(383)) - Stopped ServerConnector@5d1100c1{HTTP/1.1, (http/1.1)}{0.0.0.0:15034}
2025-04-24 14:04:47,073 [ForkJoinPool.commonPool-worker-1] INFO  server.session (HouseKeeper.java:stopScavenging(149)) - node0 Stopped scavenging
2025-04-24 14:04:47,074 [ForkJoinPool.commonPool-worker-1] INFO  handler.ContextHandler (ContextHandler.java:doStop(1159)) - Stopped o.e.j.s.ServletContextHandler@40f5b4ad{static,/static,jar:file:/home/runner/work/ozone/ozone/hadoop-hdds/container-service/target/hdds-container-service-2.1.0-SNAPSHOT.jar!/webapps/static,STOPPED}
2025-04-24 14:04:47,074 [ForkJoinPool.commonPool-worker-1] INFO  handler.ContextHandler (ContextHandler.java:doStop(1159)) - Stopped o.e.j.s.ServletContextHandler@6852cf21{logs,/logs,file:///home/runner/work/ozone/ozone/hadoop-ozone/integration-test/target/log,STOPPED}
2025-04-24 14:04:47,074 [ForkJoinPool.commonPool-worker-1] INFO  ozone.HddsDatanodeClientProtocolServer (HddsDatanodeClientProtocolServer.java:stop(82)) - Stopping the RPC server for Client Protocol
2025-04-24 14:04:47,074 [ForkJoinPool.commonPool-worker-1] INFO  ipc.Server (Server.java:stop(3697)) - Stopping server on 15035
2025-04-24 14:04:47,076 [IPC Server listener on 15035] INFO  ipc.Server (Server.java:run(1585)) - Stopping IPC Server listener on 15035
2025-04-24 14:04:47,076 [IPC Server Responder] INFO  ipc.Server (Server.java:run(1718)) - Stopping IPC Server Responder
2025-04-24 14:04:47,095 [main] WARN  server.ServerUtils (ServerUtils.java:getScmDbDir(141)) - ozone.scm.db.dirs is not configured. We recommend adding this setting. Falling back to ozone.metadata.dirs instead.
2025-04-24 14:04:47,100 [main] INFO  ha.SCMHANodeDetails (SCMHANodeDetails.java:loadSCMHAConfig(162)) - ServiceID for StorageContainerManager is null
2025-04-24 14:04:47,100 [main] INFO  ha.SCMHANodeDetails (SCMHANodeDetails.java:loadSCMHAConfig(166)) - ozone.scm.default.service.id is not defined, falling back to ozone.scm.service.ids to find serviceID for StorageContainerManager if it is HA enabled cluster
2025-04-24 14:04:47,101 [main] INFO  server.RaftServerConfigKeys (ConfUtils.java:logGet(46)) - raft.server.log.appender.buffer.byte-limit = 4194304 (custom)
2025-04-24 14:04:47,102 [main] INFO  server.RaftServer (ConfUtils.java:logGet(46)) - raft.rpc.type = GRPC (default)
2025-04-24 14:04:47,102 [main] INFO  grpc.GrpcConfigKeys (ConfUtils.java:logFallback(53)) - raft.grpc.admin.host = null (fallback to raft.grpc.server.host)
2025-04-24 14:04:47,102 [main] INFO  grpc.GrpcConfigKeys (ConfUtils.java:logFallback(53)) - raft.grpc.admin.port = 15046 (fallback to raft.grpc.server.port)
2025-04-24 14:04:47,103 [main] INFO  grpc.GrpcConfigKeys (ConfUtils.java:logFallback(53)) - raft.grpc.client.host = null (fallback to raft.grpc.server.host)
2025-04-24 14:04:47,103 [main] INFO  grpc.GrpcConfigKeys (ConfUtils.java:logFallback(53)) - raft.grpc.client.port = 15046 (fallback to raft.grpc.server.port)
2025-04-24 14:04:47,103 [main] INFO  grpc.GrpcConfigKeys (ConfUtils.java:logGet(46)) - raft.grpc.server.host = null (default)
2025-04-24 14:04:47,103 [main] INFO  grpc.GrpcConfigKeys (ConfUtils.java:logGet(46)) - raft.grpc.server.port = 15046 (custom)
2025-04-24 14:04:47,103 [main] INFO  server.GrpcService (ConfUtils.java:logGet(46)) - raft.grpc.message.size.max = 5242880 (custom)
2025-04-24 14:04:47,103 [main] INFO  server.GrpcService (ConfUtils.java:logGet(46)) - raft.grpc.flow.control.window = 1MB (=1048576) (default)
2025-04-24 14:04:47,103 [main] INFO  server.RaftServerConfigKeys (ConfUtils.java:logGet(46)) - raft.server.rpc.request.timeout = 30000ms (custom)
2025-04-24 14:04:47,103 [main] INFO  grpc.GrpcConfigKeys (ConfUtils.java:logGet(46)) - raft.grpc.server.heartbeat.channel = true (default)
2025-04-24 14:04:47,103 [main] INFO  server.RaftServerConfigKeys (ConfUtils.java:logGet(46)) - raft.server.log.appender.buffer.byte-limit = 4194304 (custom)
2025-04-24 14:04:47,103 [main] INFO  grpc.GrpcConfigKeys (ConfUtils.java:logGet(46)) - raft.grpc.server.async.request.thread.pool.cached = true (default)
2025-04-24 14:04:47,103 [main] INFO  grpc.GrpcConfigKeys (ConfUtils.java:logGet(46)) - raft.grpc.server.async.request.thread.pool.size = 32 (default)
2025-04-24 14:04:47,105 [main] INFO  impl.DataStreamServerImpl (ConfUtils.java:logGet(46)) - raft.datastream.type = DISABLED (default)
2025-04-24 14:04:47,105 [main] INFO  server.RaftServerConfigKeys (ConfUtils.java:logGet(46)) - raft.server.sleep.deviation.threshold = 300ms (default)
2025-04-24 14:04:47,105 [main] INFO  server.RaftServerConfigKeys (ConfUtils.java:logGet(46)) - raft.server.close.threshold = 60s (default)
2025-04-24 14:04:47,105 [main] INFO  server.RaftServerConfigKeys (ConfUtils.java:logGet(46)) - raft.server.leaderelection.leader.step-down.wait-time = 10s (default)
2025-04-24 14:04:47,105 [main] INFO  server.RaftServerConfigKeys (ConfUtils.java:logGet(46)) - raft.server.storage.dir = [/home/runner/work/ozone/ozone/hadoop-ozone/integration-test/target/test-dir/MiniOzoneClusterImpl-9c5b6909-9e9c-47e3-ad7a-324826695869/ozone-meta/scm-ha] (custom)
2025-04-24 14:04:47,105 [main] INFO  server.RaftServerConfigKeys (ConfUtils.java:logGet(46)) - raft.server.threadpool.proxy.cached = true (default)
2025-04-24 14:04:47,105 [main] INFO  server.RaftServerConfigKeys (ConfUtils.java:logGet(46)) - raft.server.threadpool.proxy.size = 0 (default)
2025-04-24 14:04:47,106 [main] INFO  server.RaftServer (RaftServerProxy.java:addNew(100)) - 9dabf2e3-6a21-4be5-aa84-80424b1630ab: addNew group-324826695869:[9dabf2e3-6a21-4be5-aa84-80424b1630ab|fv-az2210-761:15046] returns group-324826695869:java.util.concurrent.CompletableFuture@617c29c9[Not completed]
2025-04-24 14:04:47,106 [9dabf2e3-6a21-4be5-aa84-80424b1630ab-groupManagement] INFO  server.RaftServer$Division (RaftServerImpl.java:<init>(255)) - 9dabf2e3-6a21-4be5-aa84-80424b1630ab: new RaftServerImpl for group-324826695869:[9dabf2e3-6a21-4be5-aa84-80424b1630ab|fv-az2210-761:15046] with SCMStateMachine:uninitialized
2025-04-24 14:04:47,106 [9dabf2e3-6a21-4be5-aa84-80424b1630ab-groupManagement] INFO  server.RaftServerConfigKeys (ConfUtils.java:logGet(46)) - raft.server.rpc.timeout.min = 5000ms (custom)
2025-04-24 14:04:47,106 [9dabf2e3-6a21-4be5-aa84-80424b1630ab-groupManagement] INFO  server.RaftServerConfigKeys (ConfUtils.java:logGet(46)) - raft.server.rpc.timeout.max = 5200ms (custom)
2025-04-24 14:04:47,106 [9dabf2e3-6a21-4be5-aa84-80424b1630ab-groupManagement] INFO  server.RaftServerConfigKeys (ConfUtils.java:logGet(46)) - raft.server.rpc.sleep.time = 25ms (default)
2025-04-24 14:04:47,106 [9dabf2e3-6a21-4be5-aa84-80424b1630ab-groupManagement] INFO  server.RaftServerConfigKeys (ConfUtils.java:logGet(46)) - raft.server.rpc.slowness.timeout = 120000ms (custom)
2025-04-24 14:04:47,106 [9dabf2e3-6a21-4be5-aa84-80424b1630ab-groupManagement] INFO  server.RaftServerConfigKeys (ConfUtils.java:logGet(46)) - raft.server.leaderelection.leader.step-down.wait-time = 10s (default)
2025-04-24 14:04:47,106 [9dabf2e3-6a21-4be5-aa84-80424b1630ab-groupManagement] INFO  server.RaftServerConfigKeys (ConfUtils.java:logGet(46)) - raft.server.leaderelection.member.majority-add = false (default)
2025-04-24 14:04:47,106 [9dabf2e3-6a21-4be5-aa84-80424b1630ab-groupManagement] INFO  server.RaftServerConfigKeys (ConfUtils.java:logGet(46)) - raft.server.sleep.deviation.threshold = 300ms (default)
2025-04-24 14:04:47,106 [9dabf2e3-6a21-4be5-aa84-80424b1630ab-groupManagement] INFO  server.RaftServer$Division (ServerState.java:<init>(114)) - 9dabf2e3-6a21-4be5-aa84-80424b1630ab@group-324826695869: ConfigurationManager, init=conf: {index: -1, cur=peers:[9dabf2e3-6a21-4be5-aa84-80424b1630ab|fv-az2210-761:15046]|listeners:[], old=null}, confs=<EMPTY_MAP>
2025-04-24 14:04:47,106 [9dabf2e3-6a21-4be5-aa84-80424b1630ab-groupManagement] INFO  server.RaftServerConfigKeys (ConfUtils.java:logGet(46)) - raft.server.notification.no-leader.timeout = 60s (default)
2025-04-24 14:04:47,107 [9dabf2e3-6a21-4be5-aa84-80424b1630ab-groupManagement] INFO  server.RaftServerConfigKeys (ConfUtils.java:logGet(46)) - raft.server.read.timeout = 10s (default)
2025-04-24 14:04:47,107 [9dabf2e3-6a21-4be5-aa84-80424b1630ab-groupManagement] INFO  server.RaftServerConfigKeys (ConfUtils.java:logGet(46)) - raft.server.retrycache.expirytime = 60000ms (default)
2025-04-24 14:04:47,107 [9dabf2e3-6a21-4be5-aa84-80424b1630ab-groupManagement] INFO  server.RaftServerConfigKeys (ConfUtils.java:logGet(46)) - raft.server.retrycache.statistics.expirytime = 100ms (default)
2025-04-24 14:04:47,107 [9dabf2e3-6a21-4be5-aa84-80424b1630ab-groupManagement] INFO  server.RaftServerConfigKeys (ConfUtils.java:logGet(46)) - raft.server.read.option = DEFAULT (default)
2025-04-24 14:04:47,107 [9dabf2e3-6a21-4be5-aa84-80424b1630ab-groupManagement] INFO  server.RaftServerConfigKeys (ConfUtils.java:logGet(46)) - raft.server.read.read-after-write-consistent.write-index-cache.expiry-time = 60s (default)
2025-04-24 14:04:47,107 [9dabf2e3-6a21-4be5-aa84-80424b1630ab-groupManagement] INFO  server.RaftServerConfigKeys (ConfUtils.java:logGet(46)) - raft.server.rpc.request.timeout = 30000ms (custom)
2025-04-24 14:04:47,107 [9dabf2e3-6a21-4be5-aa84-80424b1630ab-groupManagement] INFO  server.RaftServerConfigKeys (ConfUtils.java:logGet(46)) - raft.server.log.appender.install.snapshot.enabled = false (custom)
2025-04-24 14:04:47,107 [9dabf2e3-6a21-4be5-aa84-80424b1630ab-groupManagement] INFO  server.RaftServerConfigKeys (ConfUtils.java:logGet(46)) - raft.server.threadpool.server.cached = true (default)
2025-04-24 14:04:47,107 [9dabf2e3-6a21-4be5-aa84-80424b1630ab-groupManagement] INFO  server.RaftServerConfigKeys (ConfUtils.java:logGet(46)) - raft.server.threadpool.server.size = 0 (default)
2025-04-24 14:04:47,107 [9dabf2e3-6a21-4be5-aa84-80424b1630ab-groupManagement] INFO  server.RaftServerConfigKeys (ConfUtils.java:logGet(46)) - raft.server.threadpool.client.cached = true (default)
2025-04-24 14:04:47,108 [9dabf2e3-6a21-4be5-aa84-80424b1630ab-groupManagement] INFO  server.RaftServerConfigKeys (ConfUtils.java:logGet(46)) - raft.server.threadpool.client.size = 0 (default)
2025-04-24 14:04:47,108 [9dabf2e3-6a21-4be5-aa84-80424b1630ab-impl-thread1] INFO  server.RaftServerConfigKeys (ConfUtils.java:logGet(46)) - raft.server.storage.free-space.min = 0MB (=0) (default)
2025-04-24 14:04:47,108 [9dabf2e3-6a21-4be5-aa84-80424b1630ab-impl-thread1] INFO  server.RaftServerConfigKeys (ConfUtils.java:logGet(46)) - raft.server.log.corruption.policy = EXCEPTION (default)
2025-04-24 14:04:47,108 [9dabf2e3-6a21-4be5-aa84-80424b1630ab-impl-thread1] INFO  server.RaftServerConfigKeys (ConfUtils.java:logGet(46)) - raft.server.storage.dir = [/home/runner/work/ozone/ozone/hadoop-ozone/integration-test/target/test-dir/MiniOzoneClusterImpl-9c5b6909-9e9c-47e3-ad7a-324826695869/ozone-meta/scm-ha] (custom)
2025-04-24 14:04:47,108 [9dabf2e3-6a21-4be5-aa84-80424b1630ab-impl-thread1] INFO  storage.RaftStorageDirectory (RaftStorageDirectoryImpl.java:analyzeStorage(138)) - The storage directory /home/runner/work/ozone/ozone/hadoop-ozone/integration-test/target/test-dir/MiniOzoneClusterImpl-9c5b6909-9e9c-47e3-ad7a-324826695869/ozone-meta/scm-ha/9c5b6909-9e9c-47e3-ad7a-324826695869 does not exist. Creating ...
2025-04-24 14:04:47,109 [9dabf2e3-6a21-4be5-aa84-80424b1630ab-impl-thread1] INFO  storage.RaftStorageDirectory (RaftStorageDirectoryImpl.java:tryLock(229)) - Lock on /home/runner/work/ozone/ozone/hadoop-ozone/integration-test/target/test-dir/MiniOzoneClusterImpl-9c5b6909-9e9c-47e3-ad7a-324826695869/ozone-meta/scm-ha/9c5b6909-9e9c-47e3-ad7a-324826695869/in_use.lock acquired by nodename 129728@fv-az2210-761
2025-04-24 14:04:47,111 [9dabf2e3-6a21-4be5-aa84-80424b1630ab-impl-thread1] INFO  storage.RaftStorage (RaftStorageImpl.java:format(98)) - Storage directory /home/runner/work/ozone/ozone/hadoop-ozone/integration-test/target/test-dir/MiniOzoneClusterImpl-9c5b6909-9e9c-47e3-ad7a-324826695869/ozone-meta/scm-ha/9c5b6909-9e9c-47e3-ad7a-324826695869 has been successfully formatted.
2025-04-24 14:04:47,111 [9dabf2e3-6a21-4be5-aa84-80424b1630ab-impl-thread1] INFO  ha.SCMStateMachine (SCMStateMachine.java:lambda$initialize$0(135)) - 9dabf2e3-6a21-4be5-aa84-80424b1630ab: initialize group-324826695869
2025-04-24 14:04:47,111 [9dabf2e3-6a21-4be5-aa84-80424b1630ab-impl-thread1] INFO  server.RaftServerConfigKeys (ConfUtils.java:logGet(46)) - raft.server.log.use.memory = false (default)
2025-04-24 14:04:47,111 [9dabf2e3-6a21-4be5-aa84-80424b1630ab-impl-thread1] INFO  server.RaftServerConfigKeys (ConfUtils.java:logGet(46)) - raft.server.log.purge.gap = 1000000 (custom)
2025-04-24 14:04:47,111 [9dabf2e3-6a21-4be5-aa84-80424b1630ab-impl-thread1] INFO  server.RaftServerConfigKeys (ConfUtils.java:logGet(46)) - raft.server.log.appender.buffer.byte-limit = 4194304 (custom)
2025-04-24 14:04:47,111 [9dabf2e3-6a21-4be5-aa84-80424b1630ab-impl-thread1] INFO  server.RaftServerConfigKeys (ConfUtils.java:logGet(46)) - raft.server.log.statemachine.data.read.timeout = 1000ms (default)
2025-04-24 14:04:47,111 [9dabf2e3-6a21-4be5-aa84-80424b1630ab-impl-thread1] INFO  server.RaftServerConfigKeys (ConfUtils.java:logGet(46)) - raft.server.log.purge.preservation.log.num = 0 (default)
2025-04-24 14:04:47,111 [9dabf2e3-6a21-4be5-aa84-80424b1630ab-impl-thread1] INFO  server.RaftServerConfigKeys (ConfUtils.java:logGet(46)) - raft.server.log.segment.size.max = 4194304 (custom)
2025-04-24 14:04:47,111 [9dabf2e3-6a21-4be5-aa84-80424b1630ab-impl-thread1] INFO  server.RaftServerConfigKeys (ConfUtils.java:logGet(46)) - raft.server.log.segment.cache.num.max = 2 (custom)
2025-04-24 14:04:47,112 [9dabf2e3-6a21-4be5-aa84-80424b1630ab-impl-thread1] INFO  server.RaftServerConfigKeys (ConfUtils.java:logGet(46)) - raft.server.log.segment.cache.size.max = 200MB (=209715200) (default)
2025-04-24 14:04:47,112 [9dabf2e3-6a21-4be5-aa84-80424b1630ab-impl-thread1] INFO  server.RaftServerConfigKeys (ConfUtils.java:logGet(46)) - raft.server.log.appender.buffer.byte-limit = 4194304 (custom)
2025-04-24 14:04:47,112 [9dabf2e3-6a21-4be5-aa84-80424b1630ab-impl-thread1] INFO  util.AwaitToRun (AwaitToRun.java:start(81)) - Thread[#8160,9dabf2e3-6a21-4be5-aa84-80424b1630ab@group-324826695869-cacheEviction-AwaitToRun,5,main] started
2025-04-24 14:04:47,112 [9dabf2e3-6a21-4be5-aa84-80424b1630ab-impl-thread1] INFO  segmented.SegmentedRaftLogWorker (SegmentedRaftLogWorker.java:<init>(188)) - new 9dabf2e3-6a21-4be5-aa84-80424b1630ab@group-324826695869-SegmentedRaftLogWorker for RaftStorageImpl:Storage Directory /home/runner/work/ozone/ozone/hadoop-ozone/integration-test/target/test-dir/MiniOzoneClusterImpl-9c5b6909-9e9c-47e3-ad7a-324826695869/ozone-meta/scm-ha/9c5b6909-9e9c-47e3-ad7a-324826695869
2025-04-24 14:04:47,112 [9dabf2e3-6a21-4be5-aa84-80424b1630ab-impl-thread1] INFO  server.RaftServerConfigKeys (ConfUtils.java:logGet(46)) - raft.server.log.queue.byte-limit = 64MB (=67108864) (default)
2025-04-24 14:04:47,112 [9dabf2e3-6a21-4be5-aa84-80424b1630ab-impl-thread1] INFO  server.RaftServerConfigKeys (ConfUtils.java:logGet(46)) - raft.server.log.queue.element-limit = 4096 (default)
2025-04-24 14:04:47,112 [9dabf2e3-6a21-4be5-aa84-80424b1630ab-impl-thread1] INFO  server.RaftServerConfigKeys (ConfUtils.java:logGet(46)) - raft.server.log.segment.size.max = 4194304 (custom)
2025-04-24 14:04:47,112 [9dabf2e3-6a21-4be5-aa84-80424b1630ab-impl-thread1] INFO  server.RaftServerConfigKeys (ConfUtils.java:logGet(46)) - raft.server.log.preallocated.size = 4194304 (custom)
2025-04-24 14:04:47,112 [9dabf2e3-6a21-4be5-aa84-80424b1630ab-impl-thread1] INFO  server.RaftServerConfigKeys (ConfUtils.java:logGet(46)) - raft.server.log.force.sync.num = 128 (default)
2025-04-24 14:04:47,112 [9dabf2e3-6a21-4be5-aa84-80424b1630ab-impl-thread1] INFO  server.RaftServerConfigKeys (ConfUtils.java:logGet(46)) - raft.server.log.statemachine.data.sync = true (default)
2025-04-24 14:04:47,112 [9dabf2e3-6a21-4be5-aa84-80424b1630ab-impl-thread1] INFO  server.RaftServerConfigKeys (ConfUtils.java:logGet(46)) - raft.server.log.statemachine.data.sync.timeout = 10s (default)
2025-04-24 14:04:47,112 [9dabf2e3-6a21-4be5-aa84-80424b1630ab-impl-thread1] INFO  server.RaftServerConfigKeys (ConfUtils.java:logGet(46)) - raft.server.log.statemachine.data.sync.timeout.retry = -1 (default)
2025-04-24 14:04:47,112 [9dabf2e3-6a21-4be5-aa84-80424b1630ab-impl-thread1] INFO  server.RaftServerConfigKeys (ConfUtils.java:logGet(46)) - raft.server.log.write.buffer.size = 4194312 (custom)
2025-04-24 14:04:47,113 [9dabf2e3-6a21-4be5-aa84-80424b1630ab-impl-thread1] INFO  server.RaftServerConfigKeys (ConfUtils.java:logGet(46)) - raft.server.log.appender.buffer.byte-limit = 4194304 (custom)
2025-04-24 14:04:47,113 [9dabf2e3-6a21-4be5-aa84-80424b1630ab-impl-thread1] INFO  server.RaftServerConfigKeys (ConfUtils.java:logGet(46)) - raft.server.log.unsafe-flush.enabled = false (default)
2025-04-24 14:04:47,113 [9dabf2e3-6a21-4be5-aa84-80424b1630ab-impl-thread1] INFO  server.RaftServerConfigKeys (ConfUtils.java:logGet(46)) - raft.server.log.async-flush.enabled = false (default)
2025-04-24 14:04:47,113 [9dabf2e3-6a21-4be5-aa84-80424b1630ab-impl-thread1] INFO  server.RaftServerConfigKeys (ConfUtils.java:logGet(46)) - raft.server.log.statemachine.data.caching.enabled = false (default)
2025-04-24 14:04:47,113 [9dabf2e3-6a21-4be5-aa84-80424b1630ab-impl-thread1] INFO  segmented.SegmentedRaftLogWorker (SegmentedRaftLogWorker.java:lambda$new$0(139)) - 9dabf2e3-6a21-4be5-aa84-80424b1630ab@group-324826695869-SegmentedRaftLogWorker: flushIndex: setUnconditionally 0 -> -1
2025-04-24 14:04:47,113 [9dabf2e3-6a21-4be5-aa84-80424b1630ab-impl-thread1] INFO  segmented.SegmentedRaftLogWorker (SegmentedRaftLogWorker.java:lambda$new$0(139)) - 9dabf2e3-6a21-4be5-aa84-80424b1630ab@group-324826695869-SegmentedRaftLogWorker: safeCacheEvictIndex: setUnconditionally 0 -> -1
2025-04-24 14:04:47,113 [9dabf2e3-6a21-4be5-aa84-80424b1630ab-impl-thread1] INFO  server.RaftServer$Division (RaftServerImpl.java:start(391)) - 9dabf2e3-6a21-4be5-aa84-80424b1630ab@group-324826695869: start as a follower, conf=conf: {index: -1, cur=peers:[9dabf2e3-6a21-4be5-aa84-80424b1630ab|fv-az2210-761:15046]|listeners:[], old=null}
2025-04-24 14:04:47,113 [9dabf2e3-6a21-4be5-aa84-80424b1630ab-impl-thread1] INFO  server.RaftServer$Division (RaftServerImpl.java:setRole(378)) - 9dabf2e3-6a21-4be5-aa84-80424b1630ab@group-324826695869: changes role from      null to FOLLOWER at term 0 for startAsFollower
2025-04-24 14:04:47,113 [9dabf2e3-6a21-4be5-aa84-80424b1630ab-impl-thread1] INFO  impl.RoleInfo (RoleInfo.java:updateAndGet(148)) - 9dabf2e3-6a21-4be5-aa84-80424b1630ab: start 9dabf2e3-6a21-4be5-aa84-80424b1630ab@group-324826695869-FollowerState
2025-04-24 14:04:47,114 [9dabf2e3-6a21-4be5-aa84-80424b1630ab@group-324826695869-FollowerState] INFO  server.RaftServerConfigKeys (ConfUtils.java:logGet(46)) - raft.server.rpc.first-election.timeout.min = 1000ms (custom)
2025-04-24 14:04:47,114 [9dabf2e3-6a21-4be5-aa84-80424b1630ab@group-324826695869-FollowerState] INFO  server.RaftServerConfigKeys (ConfUtils.java:logGet(46)) - raft.server.rpc.first-election.timeout.max = 1200ms (custom)
2025-04-24 14:04:47,114 [9dabf2e3-6a21-4be5-aa84-80424b1630ab-impl-thread1] INFO  util.JmxRegister (JmxRegister.java:tryRegister(44)) - Successfully registered JMX Bean with object name Ratis:service=RaftServer,group=group-324826695869,id=9dabf2e3-6a21-4be5-aa84-80424b1630ab
2025-04-24 14:04:47,114 [9dabf2e3-6a21-4be5-aa84-80424b1630ab-impl-thread1] INFO  util.JmxRegister (JmxRegister.java:register(58)) - register mxBean class org.apache.ratis.server.impl.RaftServerJmxAdapter as Ratis:service=RaftServer,group=group-324826695869,id=9dabf2e3-6a21-4be5-aa84-80424b1630ab
2025-04-24 14:04:47,114 [9dabf2e3-6a21-4be5-aa84-80424b1630ab-impl-thread1] INFO  server.RaftServerConfigKeys (ConfUtils.java:logGet(46)) - raft.server.snapshot.trigger-when-stop.enabled = true (default)
2025-04-24 14:04:47,114 [9dabf2e3-6a21-4be5-aa84-80424b1630ab-impl-thread1] INFO  server.RaftServerConfigKeys (ConfUtils.java:logGet(46)) - raft.server.snapshot.trigger-when-remove.enabled = true (default)
2025-04-24 14:04:47,114 [9dabf2e3-6a21-4be5-aa84-80424b1630ab-impl-thread1] INFO  server.RaftServerConfigKeys (ConfUtils.java:logGet(46)) - raft.server.snapshot.auto.trigger.enabled = true (custom)
2025-04-24 14:04:47,114 [9dabf2e3-6a21-4be5-aa84-80424b1630ab-impl-thread1] INFO  server.RaftServerConfigKeys (ConfUtils.java:logGet(46)) - raft.server.snapshot.auto.trigger.threshold = 1000 (custom)
2025-04-24 14:04:47,114 [9dabf2e3-6a21-4be5-aa84-80424b1630ab-impl-thread1] INFO  server.RaftServerConfigKeys (ConfUtils.java:logGet(46)) - raft.server.snapshot.retention.file.num = -1 (default)
2025-04-24 14:04:47,114 [9dabf2e3-6a21-4be5-aa84-80424b1630ab-impl-thread1] INFO  server.RaftServerConfigKeys (ConfUtils.java:logGet(46)) - raft.server.log.purge.upto.snapshot.index = false (default)
2025-04-24 14:04:47,115 [9dabf2e3-6a21-4be5-aa84-80424b1630ab-impl-thread1] INFO  server.RaftServer$Division (RaftServerImpl.java:start(405)) - 9dabf2e3-6a21-4be5-aa84-80424b1630ab@group-324826695869: Successfully started.
2025-04-24 14:04:47,115 [main] INFO  server.RaftServer (RaftServerProxy.java:startImpl(407)) - 9dabf2e3-6a21-4be5-aa84-80424b1630ab: start RPC server
2025-04-24 14:04:47,117 [main] INFO  server.GrpcService (GrpcService.java:startImpl(334)) - 9dabf2e3-6a21-4be5-aa84-80424b1630ab: GrpcService started, listening on 15046
2025-04-24 14:04:47,117 [JvmPauseMonitor41] INFO  util.JvmPauseMonitor (JvmPauseMonitor.java:run(146)) - JvmPauseMonitor-9dabf2e3-6a21-4be5-aa84-80424b1630ab: Started
2025-04-24 14:04:48,215 [9dabf2e3-6a21-4be5-aa84-80424b1630ab@group-324826695869-FollowerState] INFO  impl.FollowerState (FollowerState.java:runImpl(161)) - 9dabf2e3-6a21-4be5-aa84-80424b1630ab@group-324826695869-FollowerState: change to CANDIDATE, lastRpcElapsedTime:1101578426ns, electionTimeout:1101ms
2025-04-24 14:04:48,215 [9dabf2e3-6a21-4be5-aa84-80424b1630ab@group-324826695869-FollowerState] INFO  impl.RoleInfo (RoleInfo.java:shutdownFollowerState(121)) - 9dabf2e3-6a21-4be5-aa84-80424b1630ab: shutdown 9dabf2e3-6a21-4be5-aa84-80424b1630ab@group-324826695869-FollowerState
2025-04-24 14:04:48,215 [9dabf2e3-6a21-4be5-aa84-80424b1630ab@group-324826695869-FollowerState] INFO  server.RaftServer$Division (RaftServerImpl.java:setRole(378)) - 9dabf2e3-6a21-4be5-aa84-80424b1630ab@group-324826695869: changes role from  FOLLOWER to CANDIDATE at term 0 for changeToCandidate
2025-04-24 14:04:48,215 [9dabf2e3-6a21-4be5-aa84-80424b1630ab@group-324826695869-FollowerState] INFO  server.RaftServerConfigKeys (ConfUtils.java:logGet(46)) - raft.server.leaderelection.pre-vote = true (default)
2025-04-24 14:04:48,215 [9dabf2e3-6a21-4be5-aa84-80424b1630ab@group-324826695869-FollowerState] INFO  impl.RoleInfo (RoleInfo.java:updateAndGet(148)) - 9dabf2e3-6a21-4be5-aa84-80424b1630ab: start 9dabf2e3-6a21-4be5-aa84-80424b1630ab@group-324826695869-LeaderElection37
2025-04-24 14:04:48,216 [9dabf2e3-6a21-4be5-aa84-80424b1630ab@group-324826695869-LeaderElection37] INFO  impl.LeaderElection (LeaderElection.java:askForVotes(332)) - 9dabf2e3-6a21-4be5-aa84-80424b1630ab@group-324826695869-LeaderElection37 PRE_VOTE round 0: submit vote requests at term 0 for conf: {index: -1, cur=peers:[9dabf2e3-6a21-4be5-aa84-80424b1630ab|fv-az2210-761:15046]|listeners:[], old=null}
2025-04-24 14:04:48,216 [9dabf2e3-6a21-4be5-aa84-80424b1630ab@group-324826695869-LeaderElection37] INFO  impl.LeaderElection (LeaderElection.java:askForVotes(334)) - 9dabf2e3-6a21-4be5-aa84-80424b1630ab@group-324826695869-LeaderElection37 PRE_VOTE round 0: result PASSED (term=0)
2025-04-24 14:04:48,217 [9dabf2e3-6a21-4be5-aa84-80424b1630ab@group-324826695869-LeaderElection37] INFO  impl.LeaderElection (LeaderElection.java:askForVotes(332)) - 9dabf2e3-6a21-4be5-aa84-80424b1630ab@group-324826695869-LeaderElection37 ELECTION round 0: submit vote requests at term 1 for conf: {index: -1, cur=peers:[9dabf2e3-6a21-4be5-aa84-80424b1630ab|fv-az2210-761:15046]|listeners:[], old=null}
2025-04-24 14:04:48,217 [9dabf2e3-6a21-4be5-aa84-80424b1630ab@group-324826695869-LeaderElection37] INFO  impl.LeaderElection (LeaderElection.java:askForVotes(334)) - 9dabf2e3-6a21-4be5-aa84-80424b1630ab@group-324826695869-LeaderElection37 ELECTION round 0: result PASSED (term=1)
2025-04-24 14:04:48,217 [9dabf2e3-6a21-4be5-aa84-80424b1630ab@group-324826695869-LeaderElection37] INFO  impl.RoleInfo (RoleInfo.java:shutdownLeaderElection(141)) - 9dabf2e3-6a21-4be5-aa84-80424b1630ab: shutdown 9dabf2e3-6a21-4be5-aa84-80424b1630ab@group-324826695869-LeaderElection37
2025-04-24 14:04:48,217 [9dabf2e3-6a21-4be5-aa84-80424b1630ab@group-324826695869-LeaderElection37] INFO  server.RaftServer$Division (RaftServerImpl.java:setRole(378)) - 9dabf2e3-6a21-4be5-aa84-80424b1630ab@group-324826695869: changes role from CANDIDATE to LEADER at term 1 for changeToLeader
2025-04-24 14:04:48,217 [9dabf2e3-6a21-4be5-aa84-80424b1630ab@group-324826695869-LeaderElection37] INFO  server.RaftServerConfigKeys (ConfUtils.java:logGet(46)) - raft.server.staging.catchup.gap = 1000 (default)
2025-04-24 14:04:48,217 [9dabf2e3-6a21-4be5-aa84-80424b1630ab@group-324826695869-LeaderElection37] INFO  server.RaftServerConfigKeys (ConfUtils.java:logGet(46)) - raft.server.write.element-limit = 4096 (default)
2025-04-24 14:04:48,217 [9dabf2e3-6a21-4be5-aa84-80424b1630ab@group-324826695869-LeaderElection37] INFO  server.RaftServerConfigKeys (ConfUtils.java:logGet(46)) - raft.server.write.byte-limit = 64MB (=67108864) (default)
2025-04-24 14:04:48,217 [9dabf2e3-6a21-4be5-aa84-80424b1630ab@group-324826695869-LeaderElection37] INFO  server.RaftServerConfigKeys (ConfUtils.java:logGet(46)) - raft.server.watch.timeout = 10s (default)
2025-04-24 14:04:48,217 [9dabf2e3-6a21-4be5-aa84-80424b1630ab@group-324826695869-LeaderElection37] INFO  server.RaftServerConfigKeys (ConfUtils.java:logGet(46)) - raft.server.watch.timeout.denomination = 1s (default)
2025-04-24 14:04:48,218 [9dabf2e3-6a21-4be5-aa84-80424b1630ab@group-324826695869-LeaderElection37] INFO  server.RaftServerConfigKeys (ConfUtils.java:logGet(46)) - raft.server.watch.element-limit = 65536 (default)
2025-04-24 14:04:48,218 [9dabf2e3-6a21-4be5-aa84-80424b1630ab@group-324826695869-LeaderElection37] INFO  server.RaftServerConfigKeys (ConfUtils.java:logGet(46)) - raft.server.read.leader.lease.enabled = false (default)
2025-04-24 14:04:48,218 [9dabf2e3-6a21-4be5-aa84-80424b1630ab@group-324826695869-LeaderElection37] INFO  server.RaftServerConfigKeys (ConfUtils.java:logGet(46)) - raft.server.read.leader.lease.timeout.ratio = 0.9 (default)
2025-04-24 14:04:48,218 [9dabf2e3-6a21-4be5-aa84-80424b1630ab@group-324826695869-LeaderElection37] INFO  server.RaftServerConfigKeys (ConfUtils.java:logGet(46)) - raft.server.rpc.timeout.min = 5000ms (custom)
2025-04-24 14:04:48,218 [9dabf2e3-6a21-4be5-aa84-80424b1630ab@group-324826695869-LeaderElection37] INFO  server.RaftServerConfigKeys (ConfUtils.java:logGet(46)) - raft.server.log.log-metadata.enabled = true (default)
2025-04-24 14:04:48,218 [9dabf2e3-6a21-4be5-aa84-80424b1630ab@group-324826695869-LeaderElection37] INFO  server.RaftServerConfigKeys (ConfUtils.java:logGet(46)) - raft.server.write.element-limit = 4096 (default)
2025-04-24 14:04:48,218 [9dabf2e3-6a21-4be5-aa84-80424b1630ab@group-324826695869-LeaderElection37] INFO  server.RaftServerConfigKeys (ConfUtils.java:logGet(46)) - raft.server.write.follower.gap.ratio.max = -1.0 (default)
2025-04-24 14:04:48,218 [9dabf2e3-6a21-4be5-aa84-80424b1630ab@group-324826695869-LeaderElection37] INFO  impl.RoleInfo (RoleInfo.java:updateAndGet(148)) - 9dabf2e3-6a21-4be5-aa84-80424b1630ab: start 9dabf2e3-6a21-4be5-aa84-80424b1630ab@group-324826695869-LeaderStateImpl
2025-04-24 14:04:48,218 [9dabf2e3-6a21-4be5-aa84-80424b1630ab@group-324826695869-LeaderElection37] INFO  server.RaftServer$Division (RaftServerImpl.java:setFirstElection(562)) - 9dabf2e3-6a21-4be5-aa84-80424b1630ab@group-324826695869: set firstElectionSinceStartup to false for becomeLeader
2025-04-24 14:04:48,218 [9dabf2e3-6a21-4be5-aa84-80424b1630ab@group-324826695869-LeaderElection37] INFO  server.RaftServer$Division (ServerState.java:setLeader(272)) - 9dabf2e3-6a21-4be5-aa84-80424b1630ab@group-324826695869: change Leader from null to 9dabf2e3-6a21-4be5-aa84-80424b1630ab at term 1 for becomeLeader, leader elected after 1111ms
2025-04-24 14:04:48,218 [9dabf2e3-6a21-4be5-aa84-80424b1630ab@group-324826695869-LeaderElection37] INFO  segmented.SegmentedRaftLogWorker (SegmentedRaftLogWorker.java:startLogSegment(438)) - 9dabf2e3-6a21-4be5-aa84-80424b1630ab@group-324826695869-SegmentedRaftLogWorker: Starting segment from index:0
2025-04-24 14:04:48,219 [9dabf2e3-6a21-4be5-aa84-80424b1630ab@group-324826695869-LeaderElection37] INFO  server.RaftServer$Division (ServerState.java:setRaftConf(386)) - 9dabf2e3-6a21-4be5-aa84-80424b1630ab@group-324826695869: set configuration conf: {index: 0, cur=peers:[9dabf2e3-6a21-4be5-aa84-80424b1630ab|fv-az2210-761:15046]|listeners:[], old=null}
2025-04-24 14:04:48,219 [9dabf2e3-6a21-4be5-aa84-80424b1630ab@group-324826695869-SegmentedRaftLogWorker] INFO  segmented.BufferedWriteChannel (BufferedWriteChannel.java:open(61)) - open log_inprogress_0 at position 0
2025-04-24 14:04:48,227 [9dabf2e3-6a21-4be5-aa84-80424b1630ab@group-324826695869-SegmentedRaftLogWorker] INFO  segmented.SegmentedRaftLogWorker (SegmentedRaftLogWorker.java:execute(644)) - 9dabf2e3-6a21-4be5-aa84-80424b1630ab@group-324826695869-SegmentedRaftLogWorker: created new log segment /home/runner/work/ozone/ozone/hadoop-ozone/integration-test/target/test-dir/MiniOzoneClusterImpl-9c5b6909-9e9c-47e3-ad7a-324826695869/ozone-meta/scm-ha/9c5b6909-9e9c-47e3-ad7a-324826695869/current/log_inprogress_0
2025-04-24 14:04:48,228 [9dabf2e3-6a21-4be5-aa84-80424b1630ab@group-324826695869-StateMachineUpdater] INFO  server.RaftServer$Division (LeaderStateImpl.java:checkStartIndex(313)) - Leader 9dabf2e3-6a21-4be5-aa84-80424b1630ab@group-324826695869-LeaderStateImpl is ready since appliedIndex == startIndex == 0
2025-04-24 14:04:49,117 [main] INFO  server.RaftServer (RaftServerProxy.java:lambda$close$9(417)) - 9dabf2e3-6a21-4be5-aa84-80424b1630ab: close
2025-04-24 14:04:49,118 [main] INFO  server.GrpcService (GrpcService.java:closeImpl(343)) - 9dabf2e3-6a21-4be5-aa84-80424b1630ab: shutdown server GrpcServerProtocolService now
2025-04-24 14:04:49,118 [9dabf2e3-6a21-4be5-aa84-80424b1630ab-impl-thread1] INFO  server.RaftServer$Division (RaftServerImpl.java:lambda$close$1(513)) - 9dabf2e3-6a21-4be5-aa84-80424b1630ab@group-324826695869: shutdown
2025-04-24 14:04:49,118 [9dabf2e3-6a21-4be5-aa84-80424b1630ab-impl-thread1] INFO  util.JmxRegister (JmxRegister.java:unregister(74)) - Successfully un-registered JMX Bean with object name Ratis:service=RaftServer,group=group-324826695869,id=9dabf2e3-6a21-4be5-aa84-80424b1630ab
2025-04-24 14:04:49,118 [9dabf2e3-6a21-4be5-aa84-80424b1630ab-impl-thread1] INFO  impl.RoleInfo (RoleInfo.java:shutdownLeaderState(103)) - 9dabf2e3-6a21-4be5-aa84-80424b1630ab: shutdown 9dabf2e3-6a21-4be5-aa84-80424b1630ab@group-324826695869-LeaderStateImpl
2025-04-24 14:04:49,118 [9dabf2e3-6a21-4be5-aa84-80424b1630ab-impl-thread1] INFO  impl.PendingRequests (PendingRequests.java:sendNotLeaderResponses(287)) - 9dabf2e3-6a21-4be5-aa84-80424b1630ab@group-324826695869-PendingRequests: sendNotLeaderResponses
2025-04-24 14:04:49,118 [9dabf2e3-6a21-4be5-aa84-80424b1630ab-impl-thread1] INFO  impl.StateMachineUpdater (StateMachineUpdater.java:stopAndJoin(164)) - 9dabf2e3-6a21-4be5-aa84-80424b1630ab@group-324826695869-StateMachineUpdater: set stopIndex = 0
2025-04-24 14:04:49,118 [9dabf2e3-6a21-4be5-aa84-80424b1630ab@group-324826695869-StateMachineUpdater] INFO  impl.StateMachineUpdater (StateMachineUpdater.java:takeSnapshot(303)) - 9dabf2e3-6a21-4be5-aa84-80424b1630ab@group-324826695869-StateMachineUpdater: Took a snapshot at index 0
2025-04-24 14:04:49,118 [9dabf2e3-6a21-4be5-aa84-80424b1630ab@group-324826695869-StateMachineUpdater] INFO  impl.StateMachineUpdater (StateMachineUpdater.java:lambda$new$0(102)) - 9dabf2e3-6a21-4be5-aa84-80424b1630ab@group-324826695869-StateMachineUpdater: snapshotIndex: updateIncreasingly -1 -> 0
2025-04-24 14:04:49,119 [9dabf2e3-6a21-4be5-aa84-80424b1630ab@group-324826695869-StateMachineUpdater] INFO  impl.StateMachineUpdater (StateMachineUpdater.java:stop(141)) - 9dabf2e3-6a21-4be5-aa84-80424b1630ab@group-324826695869-StateMachineUpdater: closing SCMStateMachine, lastApplied=(t:1, i:0)
2025-04-24 14:04:49,119 [main] INFO  server.GrpcService (GrpcService.java:closeImpl(352)) - 9dabf2e3-6a21-4be5-aa84-80424b1630ab: shutdown server GrpcServerProtocolService successfully
2025-04-24 14:04:49,119 [9dabf2e3-6a21-4be5-aa84-80424b1630ab@group-324826695869-cacheEviction-AwaitToRun] INFO  util.AwaitToRun (AwaitToRun.java:run(49)) - 9dabf2e3-6a21-4be5-aa84-80424b1630ab@group-324826695869-cacheEviction-AwaitToRun-AwaitForSignal is interrupted
2025-04-24 14:04:49,229 [9dabf2e3-6a21-4be5-aa84-80424b1630ab-impl-thread1] INFO  segmented.SegmentedRaftLogWorker (SegmentedRaftLogWorker.java:close(252)) - 9dabf2e3-6a21-4be5-aa84-80424b1630ab@group-324826695869-SegmentedRaftLogWorker close()
2025-04-24 14:04:49,229 [JvmPauseMonitor41] INFO  util.JvmPauseMonitor (JvmPauseMonitor.java:run(152)) - JvmPauseMonitor-9dabf2e3-6a21-4be5-aa84-80424b1630ab: Stopped
2025-04-24 14:04:49,229 [main] WARN  server.ServerUtils (ServerUtils.java:getScmDbDir(141)) - ozone.scm.db.dirs is not configured. We recommend adding this setting. Falling back to ozone.metadata.dirs instead.
2025-04-24 14:04:49,230 [main] INFO  ha.SCMHANodeDetails (SCMHANodeDetails.java:loadSCMHAConfig(162)) - ServiceID for StorageContainerManager is null
2025-04-24 14:04:49,230 [main] INFO  ha.SCMHANodeDetails (SCMHANodeDetails.java:loadSCMHAConfig(166)) - ozone.scm.default.service.id is not defined, falling back to ozone.scm.service.ids to find serviceID for StorageContainerManager if it is HA enabled cluster
2025-04-24 14:04:49,230 [main] WARN  utils.HAUtils (HAUtils.java:getMetaDir(337)) - ozone.scm.db.dirs is not configured. We recommend adding this setting. Falling back to ozone.metadata.dirs instead.
2025-04-24 14:04:49,231 [main] WARN  db.DBStoreBuilder (DBStoreBuilder.java:getDBDirPath(167)) - ozone.scm.db.dirs is not configured. We recommend adding this setting. Falling back to ozone.metadata.dirs instead.
2025-04-24 14:04:49,279 [main] INFO  net.NodeSchemaLoader (NodeSchemaLoader.java:loadSchemaFromFile(127)) - Loading schema from [jar:file:/home/runner/work/ozone/ozone/hadoop-hdds/common/target/hdds-common-2.1.0-SNAPSHOT.jar!/network-topology-default.xml]
2025-04-24 14:04:49,279 [main] INFO  net.NodeSchemaLoader (NodeSchemaLoader.java:loadSchema(174)) - Loading network topology layer schema file
2025-04-24 14:04:49,295 [main] INFO  ha.SCMRatisServerImpl (SCMRatisServerImpl.java:<init>(100)) - starting Raft server for scm:9dabf2e3-6a21-4be5-aa84-80424b1630ab
2025-04-24 14:04:49,295 [main] INFO  server.RaftServerConfigKeys (ConfUtils.java:logGet(46)) - raft.server.log.appender.buffer.byte-limit = 4194304 (custom)
2025-04-24 14:04:49,296 [main] INFO  server.RaftServer (ConfUtils.java:logGet(46)) - raft.rpc.type = GRPC (default)
2025-04-24 14:04:49,296 [main] INFO  grpc.GrpcConfigKeys (ConfUtils.java:logFallback(53)) - raft.grpc.admin.host = null (fallback to raft.grpc.server.host)
2025-04-24 14:04:49,296 [main] INFO  grpc.GrpcConfigKeys (ConfUtils.java:logFallback(53)) - raft.grpc.admin.port = 15046 (fallback to raft.grpc.server.port)
2025-04-24 14:04:49,297 [main] INFO  grpc.GrpcConfigKeys (ConfUtils.java:logFallback(53)) - raft.grpc.client.host = null (fallback to raft.grpc.server.host)
2025-04-24 14:04:49,297 [main] INFO  grpc.GrpcConfigKeys (ConfUtils.java:logFallback(53)) - raft.grpc.client.port = 15046 (fallback to raft.grpc.server.port)
2025-04-24 14:04:49,297 [main] INFO  grpc.GrpcConfigKeys (ConfUtils.java:logGet(46)) - raft.grpc.server.host = null (default)
2025-04-24 14:04:49,297 [main] INFO  grpc.GrpcConfigKeys (ConfUtils.java:logGet(46)) - raft.grpc.server.port = 15046 (custom)
2025-04-24 14:04:49,297 [main] INFO  server.GrpcService (ConfUtils.java:logGet(46)) - raft.grpc.message.size.max = 5242880 (custom)
2025-04-24 14:04:49,297 [main] INFO  server.GrpcService (ConfUtils.java:logGet(46)) - raft.grpc.flow.control.window = 1MB (=1048576) (default)
2025-04-24 14:04:49,297 [main] INFO  server.RaftServerConfigKeys (ConfUtils.java:logGet(46)) - raft.server.rpc.request.timeout = 30000ms (custom)
2025-04-24 14:04:49,297 [main] INFO  grpc.GrpcConfigKeys (ConfUtils.java:logGet(46)) - raft.grpc.server.heartbeat.channel = true (default)
2025-04-24 14:04:49,297 [main] INFO  server.RaftServerConfigKeys (ConfUtils.java:logGet(46)) - raft.server.log.appender.buffer.byte-limit = 4194304 (custom)
2025-04-24 14:04:49,297 [main] INFO  grpc.GrpcConfigKeys (ConfUtils.java:logGet(46)) - raft.grpc.server.async.request.thread.pool.cached = true (default)
2025-04-24 14:04:49,297 [main] INFO  grpc.GrpcConfigKeys (ConfUtils.java:logGet(46)) - raft.grpc.server.async.request.thread.pool.size = 32 (default)
2025-04-24 14:04:49,298 [main] INFO  impl.DataStreamServerImpl (ConfUtils.java:logGet(46)) - raft.datastream.type = DISABLED (default)
2025-04-24 14:04:49,298 [main] INFO  server.RaftServerConfigKeys (ConfUtils.java:logGet(46)) - raft.server.sleep.deviation.threshold = 300ms (default)
2025-04-24 14:04:49,298 [main] INFO  server.RaftServerConfigKeys (ConfUtils.java:logGet(46)) - raft.server.close.threshold = 60s (default)
2025-04-24 14:04:49,298 [main] INFO  server.RaftServerConfigKeys (ConfUtils.java:logGet(46)) - raft.server.leaderelection.leader.step-down.wait-time = 10s (default)
2025-04-24 14:04:49,299 [main] INFO  server.RaftServerConfigKeys (ConfUtils.java:logGet(46)) - raft.server.storage.dir = [/home/runner/work/ozone/ozone/hadoop-ozone/integration-test/target/test-dir/MiniOzoneClusterImpl-9c5b6909-9e9c-47e3-ad7a-324826695869/ozone-meta/scm-ha] (custom)
2025-04-24 14:04:49,299 [main] INFO  server.RaftServerConfigKeys (ConfUtils.java:logGet(46)) - raft.server.threadpool.proxy.cached = true (default)
2025-04-24 14:04:49,299 [main] INFO  server.RaftServerConfigKeys (ConfUtils.java:logGet(46)) - raft.server.threadpool.proxy.size = 0 (default)
2025-04-24 14:04:49,299 [9dabf2e3-6a21-4be5-aa84-80424b1630ab-impl-thread1] INFO  server.RaftServer (RaftServerProxy.java:initGroupDir(265)) - 9dabf2e3-6a21-4be5-aa84-80424b1630ab: found a subdirectory /home/runner/work/ozone/ozone/hadoop-ozone/integration-test/target/test-dir/MiniOzoneClusterImpl-9c5b6909-9e9c-47e3-ad7a-324826695869/ozone-meta/scm-ha/9c5b6909-9e9c-47e3-ad7a-324826695869
2025-04-24 14:04:49,300 [main] INFO  server.RaftServer (RaftServerProxy.java:addNew(100)) - 9dabf2e3-6a21-4be5-aa84-80424b1630ab: addNew group-324826695869:[] returns group-324826695869:java.util.concurrent.CompletableFuture@26e0a55b[Not completed]
2025-04-24 14:04:49,300 [9dabf2e3-6a21-4be5-aa84-80424b1630ab-groupManagement] INFO  server.RaftServer$Division (RaftServerImpl.java:<init>(255)) - 9dabf2e3-6a21-4be5-aa84-80424b1630ab: new RaftServerImpl for group-324826695869:[] with SCMStateMachine:uninitialized
2025-04-24 14:04:49,300 [9dabf2e3-6a21-4be5-aa84-80424b1630ab-groupManagement] INFO  server.RaftServerConfigKeys (ConfUtils.java:logGet(46)) - raft.server.rpc.timeout.min = 5000ms (custom)
2025-04-24 14:04:49,300 [9dabf2e3-6a21-4be5-aa84-80424b1630ab-groupManagement] INFO  server.RaftServerConfigKeys (ConfUtils.java:logGet(46)) - raft.server.rpc.timeout.max = 5200ms (custom)
2025-04-24 14:04:49,300 [9dabf2e3-6a21-4be5-aa84-80424b1630ab-groupManagement] INFO  server.RaftServerConfigKeys (ConfUtils.java:logGet(46)) - raft.server.rpc.sleep.time = 25ms (default)
2025-04-24 14:04:49,300 [9dabf2e3-6a21-4be5-aa84-80424b1630ab-groupManagement] INFO  server.RaftServerConfigKeys (ConfUtils.java:logGet(46)) - raft.server.rpc.slowness.timeout = 120000ms (custom)
2025-04-24 14:04:49,300 [9dabf2e3-6a21-4be5-aa84-80424b1630ab-groupManagement] INFO  server.RaftServerConfigKeys (ConfUtils.java:logGet(46)) - raft.server.leaderelection.leader.step-down.wait-time = 10s (default)
2025-04-24 14:04:49,300 [9dabf2e3-6a21-4be5-aa84-80424b1630ab-groupManagement] INFO  server.RaftServerConfigKeys (ConfUtils.java:logGet(46)) - raft.server.leaderelection.member.majority-add = false (default)
2025-04-24 14:04:49,300 [9dabf2e3-6a21-4be5-aa84-80424b1630ab-groupManagement] INFO  server.RaftServerConfigKeys (ConfUtils.java:logGet(46)) - raft.server.sleep.deviation.threshold = 300ms (default)
2025-04-24 14:04:49,300 [9dabf2e3-6a21-4be5-aa84-80424b1630ab-groupManagement] INFO  server.RaftServer$Division (ServerState.java:<init>(114)) - 9dabf2e3-6a21-4be5-aa84-80424b1630ab@group-324826695869: ConfigurationManager, init=conf: {index: -1, cur=peers:[]|listeners:[], old=null}, confs=<EMPTY_MAP>
2025-04-24 14:04:49,300 [9dabf2e3-6a21-4be5-aa84-80424b1630ab-groupManagement] INFO  server.RaftServerConfigKeys (ConfUtils.java:logGet(46)) - raft.server.notification.no-leader.timeout = 60s (default)
2025-04-24 14:04:49,300 [9dabf2e3-6a21-4be5-aa84-80424b1630ab-groupManagement] INFO  server.RaftServerConfigKeys (ConfUtils.java:logGet(46)) - raft.server.read.timeout = 10s (default)
2025-04-24 14:04:49,300 [9dabf2e3-6a21-4be5-aa84-80424b1630ab-groupManagement] INFO  server.RaftServerConfigKeys (ConfUtils.java:logGet(46)) - raft.server.retrycache.expirytime = 60000ms (default)
2025-04-24 14:04:49,300 [9dabf2e3-6a21-4be5-aa84-80424b1630ab-groupManagement] INFO  server.RaftServerConfigKeys (ConfUtils.java:logGet(46)) - raft.server.retrycache.statistics.expirytime = 100ms (default)
2025-04-24 14:04:49,300 [9dabf2e3-6a21-4be5-aa84-80424b1630ab-groupManagement] INFO  server.RaftServerConfigKeys (ConfUtils.java:logGet(46)) - raft.server.read.option = DEFAULT (default)
2025-04-24 14:04:49,300 [9dabf2e3-6a21-4be5-aa84-80424b1630ab-groupManagement] INFO  server.RaftServerConfigKeys (ConfUtils.java:logGet(46)) - raft.server.read.read-after-write-consistent.write-index-cache.expiry-time = 60s (default)
2025-04-24 14:04:49,301 [9dabf2e3-6a21-4be5-aa84-80424b1630ab-groupManagement] INFO  server.RaftServerConfigKeys (ConfUtils.java:logGet(46)) - raft.server.rpc.request.timeout = 30000ms (custom)
2025-04-24 14:04:49,301 [9dabf2e3-6a21-4be5-aa84-80424b1630ab-groupManagement] INFO  server.RaftServerConfigKeys (ConfUtils.java:logGet(46)) - raft.server.log.appender.install.snapshot.enabled = false (custom)
2025-04-24 14:04:49,301 [9dabf2e3-6a21-4be5-aa84-80424b1630ab-groupManagement] INFO  server.RaftServerConfigKeys (ConfUtils.java:logGet(46)) - raft.server.threadpool.server.cached = true (default)
2025-04-24 14:04:49,301 [9dabf2e3-6a21-4be5-aa84-80424b1630ab-groupManagement] INFO  server.RaftServerConfigKeys (ConfUtils.java:logGet(46)) - raft.server.threadpool.server.size = 0 (default)
2025-04-24 14:04:49,301 [9dabf2e3-6a21-4be5-aa84-80424b1630ab-groupManagement] INFO  server.RaftServerConfigKeys (ConfUtils.java:logGet(46)) - raft.server.threadpool.client.cached = true (default)
2025-04-24 14:04:49,301 [9dabf2e3-6a21-4be5-aa84-80424b1630ab-groupManagement] INFO  server.RaftServerConfigKeys (ConfUtils.java:logGet(46)) - raft.server.threadpool.client.size = 0 (default)
2025-04-24 14:04:49,302 [main] INFO  ha.SCMSnapshotProvider (SCMSnapshotProvider.java:<init>(62)) - Initializing SCM Snapshot Provider
2025-04-24 14:04:49,302 [main] WARN  server.ServerUtils (ServerUtils.java:getDefaultRatisDirectory(309)) - Storage directory for Ratis is not configured. It is a good idea to map this to an SSD disk. Falling back to ozone.metadata.dirs
2025-04-24 14:04:49,302 [main] WARN  ha.SCMHAUtils (SCMHAUtils.java:getSCMRatisSnapshotDirectory(120)) - SCM snapshot dir is not configured. Falling back to ozone.metadata.dirs config
2025-04-24 14:04:49,303 [main] INFO  upgrade.AbstractLayoutVersionManager (AbstractLayoutVersionManager.java:init(80)) - Initializing Layout version manager with metadata layout = HBASE_SUPPORT (version = 8), software layout = HBASE_SUPPORT (version = 8)
2025-04-24 14:04:49,304 [main] INFO  ha.SequenceIdGenerator (SequenceIdGenerator.java:upgradeToSequenceId(362)) - upgrade localId to 115816896921600000
2025-04-24 14:04:49,305 [main] INFO  ha.SequenceIdGenerator (SequenceIdGenerator.java:upgradeToSequenceId(372)) - upgrade delTxnId to 0
2025-04-24 14:04:49,306 [main] INFO  ha.SequenceIdGenerator (SequenceIdGenerator.java:upgradeToSequenceId(389)) - upgrade containerId to 0
2025-04-24 14:04:49,306 [main] INFO  ha.SequenceIdGenerator (SequenceIdGenerator.java:upgradeToCertificateSequenceId(426)) - upgrade CertificateId to 2
2025-04-24 14:04:49,307 [main] INFO  ha.SequenceIdGenerator (SequenceIdGenerator.java:<init>(239)) - Init the HA SequenceIdGenerator.
2025-04-24 14:04:49,307 [main] WARN  server.ServerUtils (ServerUtils.java:sanitizeUserArgs(77)) - ozone.scm.stale.node.interval value = 300000 is larger than max = 100000 based on the key value of ozone.scm.heartbeat.thread.interval, reset to the max value 100000.
2025-04-24 14:04:49,307 [main] WARN  server.ServerUtils (ServerUtils.java:sanitizeUserArgs(77)) - ozone.scm.stale.node.interval value = 300000 is larger than max = 100000 based on the key value of ozone.scm.heartbeat.thread.interval, reset to the max value 100000.
2025-04-24 14:04:49,307 [main] INFO  node.SCMNodeManager (SCMNodeManager.java:<init>(181)) - Entering startup safe mode.
2025-04-24 14:04:49,308 [main] INFO  algorithms.ContainerPlacementPolicyFactory (ContainerPlacementPolicyFactory.java:getPolicyInternal(85)) - Create container placement policy of type org.apache.hadoop.hdds.scm.container.placement.algorithms.SCMContainerPlacementRackAware
2025-04-24 14:04:49,308 [main] INFO  algorithms.ContainerPlacementPolicyFactory (ContainerPlacementPolicyFactory.java:getPolicyInternal(85)) - Create container placement policy of type org.apache.hadoop.hdds.scm.container.placement.algorithms.SCMContainerPlacementRackScatter
2025-04-24 14:04:49,308 [main] INFO  pipeline.PipelineStateManagerImpl (PipelineStateManagerImpl.java:initialize(75)) - No pipeline exists in current db
2025-04-24 14:04:49,308 [main] INFO  algorithms.LeaderChoosePolicyFactory (LeaderChoosePolicyFactory.java:getPolicy(56)) - Create leader choose policy of type org.apache.hadoop.hdds.scm.pipeline.leader.choose.algorithms.MinLeaderCountChoosePolicy
2025-04-24 14:04:49,308 [main] INFO  algorithms.ContainerPlacementPolicyFactory (ContainerPlacementPolicyFactory.java:getPolicyInternal(85)) - Create container placement policy of type org.apache.hadoop.hdds.scm.container.placement.algorithms.SCMContainerPlacementRackScatter
2025-04-24 14:04:49,309 [main] INFO  ha.SCMServiceManager (SCMServiceManager.java:register(42)) - Registering service BackgroundPipelineCreator.
2025-04-24 14:04:49,309 [main] INFO  pipeline.BackgroundPipelineCreator (BackgroundPipelineCreator.java:start(127)) - Starting RatisPipelineUtilsThread.
2025-04-24 14:04:49,309 [main] INFO  BackgroundPipelineScrubber (BackgroundSCMService.java:start(64)) - Starting BackgroundPipelineScrubber Service.
2025-04-24 14:04:49,310 [main] INFO  ha.SCMServiceManager (SCMServiceManager.java:register(42)) - Registering service BackgroundPipelineScrubber.
2025-04-24 14:04:49,310 [main] INFO  ExpiredContainerReplicaOpScrubber (BackgroundSCMService.java:start(64)) - Starting ExpiredContainerReplicaOpScrubber Service.
2025-04-24 14:04:49,310 [main] INFO  ha.SCMServiceManager (SCMServiceManager.java:register(42)) - Registering service ExpiredContainerReplicaOpScrubber.
2025-04-24 14:04:49,311 [main] INFO  algorithms.PipelineChoosePolicyFactory (PipelineChoosePolicyFactory.java:createPipelineChoosePolicyFromClass(78)) - Create pipeline choose policy of type org.apache.hadoop.hdds.scm.pipeline.choose.algorithms.RandomPipelineChoosePolicy
2025-04-24 14:04:49,311 [main] INFO  algorithms.PipelineChoosePolicyFactory (PipelineChoosePolicyFactory.java:createPipelineChoosePolicyFromClass(78)) - Create pipeline choose policy of type org.apache.hadoop.hdds.scm.pipeline.choose.algorithms.RandomPipelineChoosePolicy
2025-04-24 14:04:49,312 [main] INFO  ha.SCMServiceManager (SCMServiceManager.java:register(42)) - Registering service SCMBlockDeletingService.
2025-04-24 14:04:49,313 [main] INFO  replication.ReplicationManager (ReplicationManager.java:start(287)) - Starting Replication Monitor Thread.
2025-04-24 14:04:49,313 [main] INFO  ha.SCMServiceManager (SCMServiceManager.java:register(42)) - Registering service ReplicationManager.
2025-04-24 14:04:49,314 [main] INFO  safemode.RatisContainerSafeModeRule (RatisContainerSafeModeRule.java:initializeRule(161)) - Refreshed Containers with one replica threshold count 0.
2025-04-24 14:04:49,314 [main] INFO  safemode.ECContainerSafeModeRule (ECContainerSafeModeRule.java:initializeRule(205)) - Refreshed Containers with ec n replica threshold count 0.
2025-04-24 14:04:49,314 [main] INFO  safemode.HealthyPipelineSafeModeRule (HealthyPipelineSafeModeRule.java:initializeRule(178)) - Total pipeline count is 0, healthy pipeline threshold count is 1
2025-04-24 14:04:49,315 [main] INFO  safemode.OneReplicaPipelineSafeModeRule (OneReplicaPipelineSafeModeRule.java:initializeRule(191)) - Total pipeline count is 0, pipeline's with at least one datanode reported threshold count is 0
2025-04-24 14:04:49,315 [main] INFO  server.StorageContainerManager (StorageContainerManager.java:<init>(430)) - SCM start with adminUsers: [*, runner]
2025-04-24 14:04:49,315 [main] INFO  ipc.CallQueueManager (CallQueueManager.java:<init>(93)) - Using callQueue: class java.util.concurrent.LinkedBlockingQueue, queueCapacity: 10000, scheduler: class org.apache.hadoop.ipc.DefaultRpcScheduler, ipcBackoff: false, ipcFailOver: false.
2025-04-24 14:04:49,316 [main] INFO  ipc.Server (Server.java:<init>(1438)) - Listener at 0.0.0.0:15044
2025-04-24 14:04:49,316 [Socket Reader #1 for port 15044] INFO  ipc.Server (Server.java:run(1474)) - Starting Socket Reader #1 for port 15044
2025-04-24 14:04:49,317 [Socket Reader #2 for port 15044] INFO  ipc.Server (Server.java:run(1474)) - Starting Socket Reader #2 for port 15044
2025-04-24 14:04:49,317 [Socket Reader #3 for port 15044] INFO  ipc.Server (Server.java:run(1474)) - Starting Socket Reader #3 for port 15044
2025-04-24 14:04:49,317 [Socket Reader #4 for port 15044] INFO  ipc.Server (Server.java:run(1474)) - Starting Socket Reader #4 for port 15044
2025-04-24 14:04:49,317 [Socket Reader #5 for port 15044] INFO  ipc.Server (Server.java:run(1474)) - Starting Socket Reader #5 for port 15044
2025-04-24 14:04:49,317 [Socket Reader #6 for port 15044] INFO  ipc.Server (Server.java:run(1474)) - Starting Socket Reader #6 for port 15044
2025-04-24 14:04:49,318 [Socket Reader #7 for port 15044] INFO  ipc.Server (Server.java:run(1474)) - Starting Socket Reader #7 for port 15044
2025-04-24 14:04:49,318 [Socket Reader #8 for port 15044] INFO  ipc.Server (Server.java:run(1474)) - Starting Socket Reader #8 for port 15044
2025-04-24 14:04:49,318 [Socket Reader #9 for port 15044] INFO  ipc.Server (Server.java:run(1474)) - Starting Socket Reader #9 for port 15044
2025-04-24 14:04:49,318 [Socket Reader #10 for port 15044] INFO  ipc.Server (Server.java:run(1474)) - Starting Socket Reader #10 for port 15044
2025-04-24 14:04:49,319 [main] INFO  ipc.CallQueueManager (CallQueueManager.java:<init>(93)) - Using callQueue: class java.util.concurrent.LinkedBlockingQueue, queueCapacity: 10000, scheduler: class org.apache.hadoop.ipc.DefaultRpcScheduler, ipcBackoff: false, ipcFailOver: false.
2025-04-24 14:04:49,319 [main] INFO  ipc.Server (Server.java:<init>(1438)) - Listener at 0.0.0.0:15043
2025-04-24 14:04:49,319 [Socket Reader #1 for port 15043] INFO  ipc.Server (Server.java:run(1474)) - Starting Socket Reader #1 for port 15043
2025-04-24 14:04:49,320 [Socket Reader #2 for port 15043] INFO  ipc.Server (Server.java:run(1474)) - Starting Socket Reader #2 for port 15043
2025-04-24 14:04:49,320 [Socket Reader #3 for port 15043] INFO  ipc.Server (Server.java:run(1474)) - Starting Socket Reader #3 for port 15043
2025-04-24 14:04:49,320 [Socket Reader #4 for port 15043] INFO  ipc.Server (Server.java:run(1474)) - Starting Socket Reader #4 for port 15043
2025-04-24 14:04:49,320 [Socket Reader #5 for port 15043] INFO  ipc.Server (Server.java:run(1474)) - Starting Socket Reader #5 for port 15043
2025-04-24 14:04:49,320 [Socket Reader #6 for port 15043] INFO  ipc.Server (Server.java:run(1474)) - Starting Socket Reader #6 for port 15043
2025-04-24 14:04:49,320 [Socket Reader #7 for port 15043] INFO  ipc.Server (Server.java:run(1474)) - Starting Socket Reader #7 for port 15043
2025-04-24 14:04:49,321 [Socket Reader #8 for port 15043] INFO  ipc.Server (Server.java:run(1474)) - Starting Socket Reader #8 for port 15043
2025-04-24 14:04:49,321 [Socket Reader #9 for port 15043] INFO  ipc.Server (Server.java:run(1474)) - Starting Socket Reader #9 for port 15043
2025-04-24 14:04:49,321 [Socket Reader #10 for port 15043] INFO  ipc.Server (Server.java:run(1474)) - Starting Socket Reader #10 for port 15043
2025-04-24 14:04:49,322 [main] INFO  ipc.CallQueueManager (CallQueueManager.java:<init>(93)) - Using callQueue: class java.util.concurrent.LinkedBlockingQueue, queueCapacity: 10000, scheduler: class org.apache.hadoop.ipc.DefaultRpcScheduler, ipcBackoff: false, ipcFailOver: false.
2025-04-24 14:04:49,322 [main] INFO  ipc.Server (Server.java:<init>(1438)) - Listener at 0.0.0.0:15042
2025-04-24 14:04:49,322 [Socket Reader #1 for port 15042] INFO  ipc.Server (Server.java:run(1474)) - Starting Socket Reader #1 for port 15042
2025-04-24 14:04:49,322 [Socket Reader #3 for port 15042] INFO  ipc.Server (Server.java:run(1474)) - Starting Socket Reader #3 for port 15042
2025-04-24 14:04:49,322 [Socket Reader #4 for port 15042] INFO  ipc.Server (Server.java:run(1474)) - Starting Socket Reader #4 for port 15042
2025-04-24 14:04:49,323 [Socket Reader #5 for port 15042] INFO  ipc.Server (Server.java:run(1474)) - Starting Socket Reader #5 for port 15042
2025-04-24 14:04:49,323 [Socket Reader #2 for port 15042] INFO  ipc.Server (Server.java:run(1474)) - Starting Socket Reader #2 for port 15042
2025-04-24 14:04:49,323 [Socket Reader #6 for port 15042] INFO  ipc.Server (Server.java:run(1474)) - Starting Socket Reader #6 for port 15042
2025-04-24 14:04:49,323 [Socket Reader #7 for port 15042] INFO  ipc.Server (Server.java:run(1474)) - Starting Socket Reader #7 for port 15042
2025-04-24 14:04:49,323 [Socket Reader #8 for port 15042] INFO  ipc.Server (Server.java:run(1474)) - Starting Socket Reader #8 for port 15042
2025-04-24 14:04:49,323 [Socket Reader #9 for port 15042] INFO  ipc.Server (Server.java:run(1474)) - Starting Socket Reader #9 for port 15042
2025-04-24 14:04:49,323 [Socket Reader #10 for port 15042] INFO  ipc.Server (Server.java:run(1474)) - Starting Socket Reader #10 for port 15042
2025-04-24 14:04:49,327 [main] INFO  ha.SCMServiceManager (SCMServiceManager.java:register(42)) - Registering service ContainerBalancer.
2025-04-24 14:04:49,327 [main] INFO  ha.SCMContext (SCMContext.java:updateSafeModeStatus(224)) - Update SafeModeStatus from SafeModeStatus{safeModeStatus=true, preCheckPassed=false} to SafeModeStatus{safeModeStatus=true, preCheckPassed=false}.
2025-04-24 14:04:49,327 [main] INFO  server.StorageContainerManager (StorageContainerManager.java:start(1506)) - StorageContainerLocationProtocol RPC server is listening at /0.0.0.0:15042
2025-04-24 14:04:49,327 [main] INFO  ha.SCMRatisServerImpl (SCMRatisServerImpl.java:start(203)) - starting ratis server 0.0.0.0:15046
2025-04-24 14:04:49,328 [9dabf2e3-6a21-4be5-aa84-80424b1630ab-impl-thread1] INFO  server.RaftServerConfigKeys (ConfUtils.java:logGet(46)) - raft.server.storage.free-space.min = 0MB (=0) (default)
2025-04-24 14:04:49,328 [9dabf2e3-6a21-4be5-aa84-80424b1630ab-impl-thread1] INFO  server.RaftServerConfigKeys (ConfUtils.java:logGet(46)) - raft.server.log.corruption.policy = EXCEPTION (default)
2025-04-24 14:04:49,328 [9dabf2e3-6a21-4be5-aa84-80424b1630ab-impl-thread1] INFO  server.RaftServerConfigKeys (ConfUtils.java:logGet(46)) - raft.server.storage.dir = [/home/runner/work/ozone/ozone/hadoop-ozone/integration-test/target/test-dir/MiniOzoneClusterImpl-9c5b6909-9e9c-47e3-ad7a-324826695869/ozone-meta/scm-ha] (custom)
2025-04-24 14:04:49,328 [9dabf2e3-6a21-4be5-aa84-80424b1630ab-impl-thread1] INFO  storage.RaftStorageDirectory (RaftStorageDirectoryImpl.java:tryLock(229)) - Lock on /home/runner/work/ozone/ozone/hadoop-ozone/integration-test/target/test-dir/MiniOzoneClusterImpl-9c5b6909-9e9c-47e3-ad7a-324826695869/ozone-meta/scm-ha/9c5b6909-9e9c-47e3-ad7a-324826695869/in_use.lock acquired by nodename 129728@fv-az2210-761
2025-04-24 14:04:49,329 [9dabf2e3-6a21-4be5-aa84-80424b1630ab-impl-thread1] INFO  storage.RaftStorage (RaftStorageImpl.java:analyzeAndRecoverStorage(118)) - Read RaftStorageMetadata{term=1, votedFor=9dabf2e3-6a21-4be5-aa84-80424b1630ab} from /home/runner/work/ozone/ozone/hadoop-ozone/integration-test/target/test-dir/MiniOzoneClusterImpl-9c5b6909-9e9c-47e3-ad7a-324826695869/ozone-meta/scm-ha/9c5b6909-9e9c-47e3-ad7a-324826695869/current/raft-meta
2025-04-24 14:04:49,329 [9dabf2e3-6a21-4be5-aa84-80424b1630ab-impl-thread1] INFO  server.RaftServer$Division (ServerState.java:setRaftConf(386)) - 9dabf2e3-6a21-4be5-aa84-80424b1630ab@group-324826695869: set configuration conf: {index: 0, cur=peers:[9dabf2e3-6a21-4be5-aa84-80424b1630ab|fv-az2210-761:15046]|listeners:[], old=null}
2025-04-24 14:04:49,329 [9dabf2e3-6a21-4be5-aa84-80424b1630ab-impl-thread1] INFO  ha.SCMStateMachine (SCMStateMachine.java:lambda$initialize$0(135)) - 9dabf2e3-6a21-4be5-aa84-80424b1630ab: initialize group-324826695869
2025-04-24 14:04:49,329 [9dabf2e3-6a21-4be5-aa84-80424b1630ab-impl-thread1] INFO  server.RaftServerConfigKeys (ConfUtils.java:logGet(46)) - raft.server.log.use.memory = false (default)
2025-04-24 14:04:49,329 [9dabf2e3-6a21-4be5-aa84-80424b1630ab-impl-thread1] INFO  server.RaftServerConfigKeys (ConfUtils.java:logGet(46)) - raft.server.log.purge.gap = 1000000 (custom)
2025-04-24 14:04:49,330 [9dabf2e3-6a21-4be5-aa84-80424b1630ab-impl-thread1] INFO  server.RaftServerConfigKeys (ConfUtils.java:logGet(46)) - raft.server.log.appender.buffer.byte-limit = 4194304 (custom)
2025-04-24 14:04:49,330 [9dabf2e3-6a21-4be5-aa84-80424b1630ab-impl-thread1] INFO  server.RaftServerConfigKeys (ConfUtils.java:logGet(46)) - raft.server.log.statemachine.data.read.timeout = 1000ms (default)
2025-04-24 14:04:49,330 [9dabf2e3-6a21-4be5-aa84-80424b1630ab-impl-thread1] INFO  server.RaftServerConfigKeys (ConfUtils.java:logGet(46)) - raft.server.log.purge.preservation.log.num = 0 (default)
2025-04-24 14:04:49,330 [9dabf2e3-6a21-4be5-aa84-80424b1630ab-impl-thread1] INFO  server.RaftServerConfigKeys (ConfUtils.java:logGet(46)) - raft.server.log.segment.size.max = 4194304 (custom)
2025-04-24 14:04:49,330 [9dabf2e3-6a21-4be5-aa84-80424b1630ab-impl-thread1] INFO  server.RaftServerConfigKeys (ConfUtils.java:logGet(46)) - raft.server.log.segment.cache.num.max = 2 (custom)
2025-04-24 14:04:49,330 [9dabf2e3-6a21-4be5-aa84-80424b1630ab-impl-thread1] INFO  server.RaftServerConfigKeys (ConfUtils.java:logGet(46)) - raft.server.log.segment.cache.size.max = 200MB (=209715200) (default)
2025-04-24 14:04:49,330 [9dabf2e3-6a21-4be5-aa84-80424b1630ab-impl-thread1] INFO  server.RaftServerConfigKeys (ConfUtils.java:logGet(46)) - raft.server.log.appender.buffer.byte-limit = 4194304 (custom)
2025-04-24 14:04:49,331 [9dabf2e3-6a21-4be5-aa84-80424b1630ab-impl-thread1] INFO  util.AwaitToRun (AwaitToRun.java:start(81)) - Thread[#8232,9dabf2e3-6a21-4be5-aa84-80424b1630ab@group-324826695869-cacheEviction-AwaitToRun,5,main] started
2025-04-24 14:04:49,331 [9dabf2e3-6a21-4be5-aa84-80424b1630ab-impl-thread1] INFO  segmented.SegmentedRaftLogWorker (SegmentedRaftLogWorker.java:<init>(188)) - new 9dabf2e3-6a21-4be5-aa84-80424b1630ab@group-324826695869-SegmentedRaftLogWorker for RaftStorageImpl:Storage Directory /home/runner/work/ozone/ozone/hadoop-ozone/integration-test/target/test-dir/MiniOzoneClusterImpl-9c5b6909-9e9c-47e3-ad7a-324826695869/ozone-meta/scm-ha/9c5b6909-9e9c-47e3-ad7a-324826695869
2025-04-24 14:04:49,331 [9dabf2e3-6a21-4be5-aa84-80424b1630ab-impl-thread1] INFO  server.RaftServerConfigKeys (ConfUtils.java:logGet(46)) - raft.server.log.queue.byte-limit = 64MB (=67108864) (default)
2025-04-24 14:04:49,331 [9dabf2e3-6a21-4be5-aa84-80424b1630ab-impl-thread1] INFO  server.RaftServerConfigKeys (ConfUtils.java:logGet(46)) - raft.server.log.queue.element-limit = 4096 (default)
2025-04-24 14:04:49,331 [9dabf2e3-6a21-4be5-aa84-80424b1630ab-impl-thread1] INFO  server.RaftServerConfigKeys (ConfUtils.java:logGet(46)) - raft.server.log.segment.size.max = 4194304 (custom)
2025-04-24 14:04:49,331 [9dabf2e3-6a21-4be5-aa84-80424b1630ab-impl-thread1] INFO  server.RaftServerConfigKeys (ConfUtils.java:logGet(46)) - raft.server.log.preallocated.size = 4194304 (custom)
2025-04-24 14:04:49,331 [9dabf2e3-6a21-4be5-aa84-80424b1630ab-impl-thread1] INFO  server.RaftServerConfigKeys (ConfUtils.java:logGet(46)) - raft.server.log.force.sync.num = 128 (default)
2025-04-24 14:04:49,331 [9dabf2e3-6a21-4be5-aa84-80424b1630ab-impl-thread1] INFO  server.RaftServerConfigKeys (ConfUtils.java:logGet(46)) - raft.server.log.statemachine.data.sync = true (default)
2025-04-24 14:04:49,331 [9dabf2e3-6a21-4be5-aa84-80424b1630ab-impl-thread1] INFO  server.RaftServerConfigKeys (ConfUtils.java:logGet(46)) - raft.server.log.statemachine.data.sync.timeout = 10s (default)
2025-04-24 14:04:49,331 [9dabf2e3-6a21-4be5-aa84-80424b1630ab-impl-thread1] INFO  server.RaftServerConfigKeys (ConfUtils.java:logGet(46)) - raft.server.log.statemachine.data.sync.timeout.retry = -1 (default)
2025-04-24 14:04:49,331 [9dabf2e3-6a21-4be5-aa84-80424b1630ab-impl-thread1] INFO  server.RaftServerConfigKeys (ConfUtils.java:logGet(46)) - raft.server.log.write.buffer.size = 4194312 (custom)
2025-04-24 14:04:49,331 [9dabf2e3-6a21-4be5-aa84-80424b1630ab-impl-thread1] INFO  server.RaftServerConfigKeys (ConfUtils.java:logGet(46)) - raft.server.log.appender.buffer.byte-limit = 4194304 (custom)
2025-04-24 14:04:49,331 [9dabf2e3-6a21-4be5-aa84-80424b1630ab-impl-thread1] INFO  server.RaftServerConfigKeys (ConfUtils.java:logGet(46)) - raft.server.log.unsafe-flush.enabled = false (default)
2025-04-24 14:04:49,332 [9dabf2e3-6a21-4be5-aa84-80424b1630ab-impl-thread1] INFO  server.RaftServerConfigKeys (ConfUtils.java:logGet(46)) - raft.server.log.async-flush.enabled = false (default)
2025-04-24 14:04:49,332 [9dabf2e3-6a21-4be5-aa84-80424b1630ab-impl-thread1] INFO  server.RaftServerConfigKeys (ConfUtils.java:logGet(46)) - raft.server.log.statemachine.data.caching.enabled = false (default)
2025-04-24 14:04:49,332 [9dabf2e3-6a21-4be5-aa84-80424b1630ab-impl-thread1] INFO  server.RaftServer$Division (ServerState.java:setRaftConf(386)) - 9dabf2e3-6a21-4be5-aa84-80424b1630ab@group-324826695869: set configuration conf: {index: 0, cur=peers:[9dabf2e3-6a21-4be5-aa84-80424b1630ab|fv-az2210-761:15046]|listeners:[], old=null}
2025-04-24 14:04:49,332 [9dabf2e3-6a21-4be5-aa84-80424b1630ab-impl-thread1] INFO  segmented.LogSegment (LogSegment.java:loadSegment(171)) - Successfully read 1 entries from segment file /home/runner/work/ozone/ozone/hadoop-ozone/integration-test/target/test-dir/MiniOzoneClusterImpl-9c5b6909-9e9c-47e3-ad7a-324826695869/ozone-meta/scm-ha/9c5b6909-9e9c-47e3-ad7a-324826695869/current/log_inprogress_0
2025-04-24 14:04:49,332 [9dabf2e3-6a21-4be5-aa84-80424b1630ab-impl-thread1] INFO  segmented.SegmentedRaftLogWorker (SegmentedRaftLogWorker.java:lambda$new$0(139)) - 9dabf2e3-6a21-4be5-aa84-80424b1630ab@group-324826695869-SegmentedRaftLogWorker: safeCacheEvictIndex: setUnconditionally 0 -> -1
2025-04-24 14:04:49,332 [9dabf2e3-6a21-4be5-aa84-80424b1630ab-impl-thread1] INFO  segmented.BufferedWriteChannel (BufferedWriteChannel.java:open(61)) - open log_inprogress_0 (append) at position 80
2025-04-24 14:04:49,338 [9dabf2e3-6a21-4be5-aa84-80424b1630ab-impl-thread1] INFO  server.RaftServer$Division (RaftServerImpl.java:start(391)) - 9dabf2e3-6a21-4be5-aa84-80424b1630ab@group-324826695869: start as a follower, conf=conf: {index: 0, cur=peers:[9dabf2e3-6a21-4be5-aa84-80424b1630ab|fv-az2210-761:15046]|listeners:[], old=null}
2025-04-24 14:04:49,338 [9dabf2e3-6a21-4be5-aa84-80424b1630ab-impl-thread1] INFO  server.RaftServer$Division (RaftServerImpl.java:setRole(378)) - 9dabf2e3-6a21-4be5-aa84-80424b1630ab@group-324826695869: changes role from      null to FOLLOWER at term 1 for startAsFollower
2025-04-24 14:04:49,338 [9dabf2e3-6a21-4be5-aa84-80424b1630ab-impl-thread1] INFO  impl.RoleInfo (RoleInfo.java:updateAndGet(148)) - 9dabf2e3-6a21-4be5-aa84-80424b1630ab: start 9dabf2e3-6a21-4be5-aa84-80424b1630ab@group-324826695869-FollowerState
2025-04-24 14:04:49,338 [9dabf2e3-6a21-4be5-aa84-80424b1630ab-impl-thread1] INFO  util.JmxRegister (JmxRegister.java:tryRegister(44)) - Successfully registered JMX Bean with object name Ratis:service=RaftServer,group=group-324826695869,id=9dabf2e3-6a21-4be5-aa84-80424b1630ab
2025-04-24 14:04:49,339 [9dabf2e3-6a21-4be5-aa84-80424b1630ab-impl-thread1] INFO  util.JmxRegister (JmxRegister.java:register(58)) - register mxBean class org.apache.ratis.server.impl.RaftServerJmxAdapter as Ratis:service=RaftServer,group=group-324826695869,id=9dabf2e3-6a21-4be5-aa84-80424b1630ab
2025-04-24 14:04:49,339 [9dabf2e3-6a21-4be5-aa84-80424b1630ab-impl-thread1] INFO  server.RaftServerConfigKeys (ConfUtils.java:logGet(46)) - raft.server.snapshot.trigger-when-stop.enabled = true (default)
2025-04-24 14:04:49,339 [9dabf2e3-6a21-4be5-aa84-80424b1630ab-impl-thread1] INFO  server.RaftServerConfigKeys (ConfUtils.java:logGet(46)) - raft.server.snapshot.trigger-when-remove.enabled = true (default)
2025-04-24 14:04:49,339 [9dabf2e3-6a21-4be5-aa84-80424b1630ab-impl-thread1] INFO  server.RaftServerConfigKeys (ConfUtils.java:logGet(46)) - raft.server.snapshot.auto.trigger.enabled = true (custom)
2025-04-24 14:04:49,339 [9dabf2e3-6a21-4be5-aa84-80424b1630ab-impl-thread1] INFO  server.RaftServerConfigKeys (ConfUtils.java:logGet(46)) - raft.server.snapshot.auto.trigger.threshold = 1000 (custom)
2025-04-24 14:04:49,339 [9dabf2e3-6a21-4be5-aa84-80424b1630ab-impl-thread1] INFO  server.RaftServerConfigKeys (ConfUtils.java:logGet(46)) - raft.server.snapshot.retention.file.num = -1 (default)
2025-04-24 14:04:49,339 [9dabf2e3-6a21-4be5-aa84-80424b1630ab-impl-thread1] INFO  server.RaftServerConfigKeys (ConfUtils.java:logGet(46)) - raft.server.log.purge.upto.snapshot.index = false (default)
2025-04-24 14:04:49,339 [9dabf2e3-6a21-4be5-aa84-80424b1630ab@group-324826695869-FollowerState] INFO  server.RaftServerConfigKeys (ConfUtils.java:logGet(46)) - raft.server.rpc.first-election.timeout.min = 1000ms (custom)
2025-04-24 14:04:49,339 [9dabf2e3-6a21-4be5-aa84-80424b1630ab@group-324826695869-FollowerState] INFO  server.RaftServerConfigKeys (ConfUtils.java:logGet(46)) - raft.server.rpc.first-election.timeout.max = 1200ms (custom)
2025-04-24 14:04:49,339 [9dabf2e3-6a21-4be5-aa84-80424b1630ab-impl-thread1] INFO  server.RaftServer$Division (RaftServerImpl.java:start(405)) - 9dabf2e3-6a21-4be5-aa84-80424b1630ab@group-324826695869: Successfully started.
2025-04-24 14:04:49,339 [main] INFO  server.RaftServer (RaftServerProxy.java:startImpl(407)) - 9dabf2e3-6a21-4be5-aa84-80424b1630ab: start RPC server
2025-04-24 14:04:49,342 [main] INFO  server.GrpcService (GrpcService.java:startImpl(334)) - 9dabf2e3-6a21-4be5-aa84-80424b1630ab: GrpcService started, listening on 15046
2025-04-24 14:04:49,343 [main] INFO  ha.SCMHAManagerImpl (SCMHAManagerImpl.java:start(131)) -  scm role is FOLLOWER peers [9dabf2e3-6a21-4be5-aa84-80424b1630ab|fv-az2210-761:15046]
2025-04-24 14:04:49,343 [main] INFO  ha.InterSCMGrpcService (InterSCMGrpcProtocolService.java:start(98)) - Starting SCM Grpc Service at port 15047
2025-04-24 14:04:49,343 [main] INFO  SCMHATransactionMonitor (BackgroundSCMService.java:start(64)) - Starting SCMHATransactionMonitor Service.
2025-04-24 14:04:49,344 [JvmPauseMonitor42] INFO  util.JvmPauseMonitor (JvmPauseMonitor.java:run(146)) - JvmPauseMonitor-9dabf2e3-6a21-4be5-aa84-80424b1630ab: Started
2025-04-24 14:04:49,344 [main] INFO  ha.SCMServiceManager (SCMServiceManager.java:register(42)) - Registering service SCMHATransactionMonitor.
2025-04-24 14:04:49,344 [main] INFO  SCMHATransactionMonitor (BackgroundSCMService.java:start(61)) - SCMHATransactionMonitor Service is already running, skip start.
2025-04-24 14:04:49,346 [main] WARN  impl.MetricsConfig (MetricsConfig.java:loadFirst(138)) - Cannot locate configuration: tried hadoop-metrics2-storagecontainermanager.properties,hadoop-metrics2.properties
2025-04-24 14:04:49,347 [main] INFO  impl.MetricsSystemImpl (MetricsSystemImpl.java:startTimer(378)) - Scheduled Metric snapshot period at 10 second(s).
2025-04-24 14:04:49,347 [main] INFO  impl.MetricsSystemImpl (MetricsSystemImpl.java:start(191)) - StorageContainerManager metrics system started
2025-04-24 14:04:49,359 [main] INFO  impl.MetricsSinkAdapter (MetricsSinkAdapter.java:start(204)) - Sink prometheus started
2025-04-24 14:04:49,359 [main] INFO  impl.MetricsSystemImpl (MetricsSystemImpl.java:registerSink(305)) - Registered sink prometheus
2025-04-24 14:04:49,388 [main] INFO  server.SCMClientProtocolServer (SCMClientProtocolServer.java:start(207)) - RPC server for Client  is listening at /0.0.0.0:15042
2025-04-24 14:04:49,388 [IPC Server Responder] INFO  ipc.Server (Server.java:run(1713)) - IPC Server Responder: starting
2025-04-24 14:04:49,388 [IPC Server listener on 15042] INFO  ipc.Server (Server.java:run(1553)) - IPC Server listener on 15042: starting
2025-04-24 14:04:49,399 [main] INFO  server.StorageContainerManager (StorageContainerManager.java:start(1519)) - ScmBlockLocationProtocol RPC server is listening at /0.0.0.0:15043
2025-04-24 14:04:49,399 [main] INFO  server.SCMBlockProtocolServer (SCMBlockProtocolServer.java:start(166)) - RPC server for Block Protocol is listening at /0.0.0.0:15043
2025-04-24 14:04:49,399 [IPC Server Responder] INFO  ipc.Server (Server.java:run(1713)) - IPC Server Responder: starting
2025-04-24 14:04:49,399 [IPC Server listener on 15043] INFO  ipc.Server (Server.java:run(1553)) - IPC Server listener on 15043: starting
2025-04-24 14:04:49,412 [main] INFO  http.BaseHttpServer (BaseHttpServer.java:newHttpServer2BuilderForOzone(229)) - Starting Web-server for scm at: http://0.0.0.0:15045
2025-04-24 14:04:49,412 [main] INFO  http.BaseHttpServer (BaseHttpServer.java:<init>(107)) - Hadoop Security Enabled: false Ozone Security Enabled: false Ozone HTTP Security Enabled: false 
2025-04-24 14:04:49,413 [main] WARN  server.AuthenticationFilter (AuthenticationFilter.java:constructSecretProvider(240)) - Unable to initialize FileSignerSecretProvider, falling back to use random secrets. Reason: Could not read signature secret file: /home/runner/hadoop-http-auth-signature-secret
2025-04-24 14:04:49,415 [main] INFO  http.HttpServer2 (HttpServer2.java:addGlobalFilter(1041)) - Added global filter 'safety' (class=org.apache.hadoop.hdds.server.http.HttpServer2$QuotingInputFilter)
2025-04-24 14:04:49,416 [main] INFO  http.HttpServer2 (HttpServer2.java:addFilter(1017)) - Added filter static_user_filter (class=org.apache.hadoop.http.lib.StaticUserWebFilter$StaticUserFilter) to context scm
2025-04-24 14:04:49,416 [main] INFO  http.HttpServer2 (HttpServer2.java:addFilter(1025)) - Added filter static_user_filter (class=org.apache.hadoop.http.lib.StaticUserWebFilter$StaticUserFilter) to context logs
2025-04-24 14:04:49,416 [main] INFO  http.HttpServer2 (HttpServer2.java:addFilter(1025)) - Added filter static_user_filter (class=org.apache.hadoop.http.lib.StaticUserWebFilter$StaticUserFilter) to context static
2025-04-24 14:04:49,417 [main] INFO  http.BaseHttpServer (BaseHttpServer.java:<init>(195)) - HTTP server of scm uses base directory /home/runner/work/ozone/ozone/hadoop-ozone/integration-test/target/test-dir/MiniOzoneClusterImpl-9c5b6909-9e9c-47e3-ad7a-324826695869/ozone-meta/webserver
2025-04-24 14:04:49,417 [main] INFO  http.HttpServer2 (HttpServer2.java:bindListener(1241)) - Jetty bound to port 15045
2025-04-24 14:04:49,417 [main] INFO  server.Server (Server.java:doStart(375)) - jetty-9.4.57.v20241219; built: 2025-01-08T21:24:30.412Z; git: df524e6b29271c2e09ba9aea83c18dc9db464a31; jvm 21.0.7+6-LTS
2025-04-24 14:04:49,418 [main] INFO  server.session (DefaultSessionIdManager.java:doStart(334)) - DefaultSessionIdManager workerName=node0
2025-04-24 14:04:49,419 [main] INFO  server.session (DefaultSessionIdManager.java:doStart(339)) - No SessionScavenger set, using defaults
2025-04-24 14:04:49,419 [main] INFO  server.session (HouseKeeper.java:startScavenging(132)) - node0 Scavenging every 600000ms
2025-04-24 14:04:49,419 [main] INFO  handler.ContextHandler (ContextHandler.java:doStart(921)) - Started o.e.j.s.ServletContextHandler@63740864{logs,/logs,file:///home/runner/work/ozone/ozone/hadoop-ozone/integration-test/target/log,AVAILABLE}
2025-04-24 14:04:49,420 [main] INFO  handler.ContextHandler (ContextHandler.java:doStart(921)) - Started o.e.j.s.ServletContextHandler@7798d07e{static,/static,file:///home/runner/work/ozone/ozone/hadoop-ozone/integration-test/target/test-classes/webapps/static,AVAILABLE}
2025-04-24 14:04:49,424 [main] INFO  handler.ContextHandler (ContextHandler.java:doStart(921)) - Started o.e.j.w.WebAppContext@2bcda5b3{scm,/,file:///home/runner/work/ozone/ozone/hadoop-ozone/integration-test/target/test-classes/webapps/scm/,AVAILABLE}{file:/home/runner/work/ozone/ozone/hadoop-ozone/integration-test/target/test-classes/webapps/scm}
2025-04-24 14:04:49,425 [main] INFO  server.AbstractConnector (AbstractConnector.java:doStart(333)) - Started ServerConnector@2423b174{HTTP/1.1, (http/1.1)}{0.0.0.0:15045}
2025-04-24 14:04:49,425 [main] INFO  server.Server (Server.java:doStart(415)) - Started @170757ms
2025-04-24 14:04:49,425 [main] WARN  impl.MetricsSystemImpl (MetricsSystemImpl.java:register(279)) - Sink prometheus already exists!
2025-04-24 14:04:49,426 [main] INFO  http.BaseHttpServer (BaseHttpServer.java:updateConnectorAddress(360)) - HTTP server of scm listening at http://0.0.0.0:15045
2025-04-24 14:04:49,427 [main] INFO  ha.OMHANodeDetails (OMHANodeDetails.java:loadOMHAConfig(120)) - ServiceID for OzoneManager is om-service-test1
2025-04-24 14:04:49,428 [main] INFO  ha.OMHANodeDetails (OMHANodeDetails.java:loadOMHAConfig(200)) - Found matching OM address with OMServiceId: om-service-test1, OMNodeId: omNode-1, RPC Address: localhost:15048 and Ratis port: 15051
2025-04-24 14:04:49,428 [main] INFO  ha.OMHANodeDetails (ConfUtils.java:setNodeSpecificConfigs(98)) - Setting configuration key ozone.om.http-address with value of key ozone.om.http-address.om-service-test1.omNode-1: 127.0.0.1:15049
2025-04-24 14:04:49,428 [main] INFO  ha.OMHANodeDetails (ConfUtils.java:setNodeSpecificConfigs(98)) - Setting configuration key ozone.om.https-address with value of key ozone.om.https-address.om-service-test1.omNode-1: 127.0.0.1:15050
2025-04-24 14:04:49,428 [main] INFO  ha.OMHANodeDetails (ConfUtils.java:setNodeSpecificConfigs(98)) - Setting configuration key ozone.om.address with value of key ozone.om.address.om-service-test1.omNode-1: 127.0.0.1:15048
2025-04-24 14:04:49,429 [main] WARN  server.ServerUtils (ServerUtils.java:getDBPath(297)) - ozone.om.db.dirs is not configured. We recommend adding this setting. Falling back to ozone.metadata.dirs instead.
2025-04-24 14:04:49,430 [main] INFO  proxy.SCMBlockLocationFailoverProxyProvider (SCMFailoverProxyProviderBase.java:<init>(120)) - Created fail-over proxy for protocol ScmBlockLocationProtocolPB with 1 nodes: [nodeId=scmNodeId,nodeAddress=/0.0.0.0:15043]
2025-04-24 14:04:50,391 [9dabf2e3-6a21-4be5-aa84-80424b1630ab@group-324826695869-FollowerState] INFO  impl.FollowerState (FollowerState.java:runImpl(161)) - 9dabf2e3-6a21-4be5-aa84-80424b1630ab@group-324826695869-FollowerState: change to CANDIDATE, lastRpcElapsedTime:1052951389ns, electionTimeout:1052ms
2025-04-24 14:04:50,391 [9dabf2e3-6a21-4be5-aa84-80424b1630ab@group-324826695869-FollowerState] INFO  impl.RoleInfo (RoleInfo.java:shutdownFollowerState(121)) - 9dabf2e3-6a21-4be5-aa84-80424b1630ab: shutdown 9dabf2e3-6a21-4be5-aa84-80424b1630ab@group-324826695869-FollowerState
2025-04-24 14:04:50,391 [9dabf2e3-6a21-4be5-aa84-80424b1630ab@group-324826695869-FollowerState] INFO  server.RaftServer$Division (RaftServerImpl.java:setRole(378)) - 9dabf2e3-6a21-4be5-aa84-80424b1630ab@group-324826695869: changes role from  FOLLOWER to CANDIDATE at term 1 for changeToCandidate
2025-04-24 14:04:50,392 [9dabf2e3-6a21-4be5-aa84-80424b1630ab@group-324826695869-FollowerState] INFO  server.RaftServerConfigKeys (ConfUtils.java:logGet(46)) - raft.server.leaderelection.pre-vote = true (default)
2025-04-24 14:04:50,392 [9dabf2e3-6a21-4be5-aa84-80424b1630ab@group-324826695869-FollowerState] INFO  impl.RoleInfo (RoleInfo.java:updateAndGet(148)) - 9dabf2e3-6a21-4be5-aa84-80424b1630ab: start 9dabf2e3-6a21-4be5-aa84-80424b1630ab@group-324826695869-LeaderElection38
2025-04-24 14:04:50,392 [9dabf2e3-6a21-4be5-aa84-80424b1630ab@group-324826695869-LeaderElection38] INFO  impl.LeaderElection (LeaderElection.java:askForVotes(332)) - 9dabf2e3-6a21-4be5-aa84-80424b1630ab@group-324826695869-LeaderElection38 PRE_VOTE round 0: submit vote requests at term 1 for conf: {index: 0, cur=peers:[9dabf2e3-6a21-4be5-aa84-80424b1630ab|fv-az2210-761:15046]|listeners:[], old=null}
2025-04-24 14:04:50,392 [9dabf2e3-6a21-4be5-aa84-80424b1630ab@group-324826695869-LeaderElection38] INFO  impl.LeaderElection (LeaderElection.java:askForVotes(334)) - 9dabf2e3-6a21-4be5-aa84-80424b1630ab@group-324826695869-LeaderElection38 PRE_VOTE round 0: result PASSED (term=1)
2025-04-24 14:04:50,394 [9dabf2e3-6a21-4be5-aa84-80424b1630ab@group-324826695869-LeaderElection38] INFO  impl.LeaderElection (LeaderElection.java:askForVotes(332)) - 9dabf2e3-6a21-4be5-aa84-80424b1630ab@group-324826695869-LeaderElection38 ELECTION round 0: submit vote requests at term 2 for conf: {index: 0, cur=peers:[9dabf2e3-6a21-4be5-aa84-80424b1630ab|fv-az2210-761:15046]|listeners:[], old=null}
2025-04-24 14:04:50,394 [9dabf2e3-6a21-4be5-aa84-80424b1630ab@group-324826695869-LeaderElection38] INFO  impl.LeaderElection (LeaderElection.java:askForVotes(334)) - 9dabf2e3-6a21-4be5-aa84-80424b1630ab@group-324826695869-LeaderElection38 ELECTION round 0: result PASSED (term=2)
2025-04-24 14:04:50,394 [9dabf2e3-6a21-4be5-aa84-80424b1630ab@group-324826695869-LeaderElection38] INFO  impl.RoleInfo (RoleInfo.java:shutdownLeaderElection(141)) - 9dabf2e3-6a21-4be5-aa84-80424b1630ab: shutdown 9dabf2e3-6a21-4be5-aa84-80424b1630ab@group-324826695869-LeaderElection38
2025-04-24 14:04:50,394 [9dabf2e3-6a21-4be5-aa84-80424b1630ab@group-324826695869-LeaderElection38] INFO  server.RaftServer$Division (RaftServerImpl.java:setRole(378)) - 9dabf2e3-6a21-4be5-aa84-80424b1630ab@group-324826695869: changes role from CANDIDATE to LEADER at term 2 for changeToLeader
2025-04-24 14:04:50,394 [9dabf2e3-6a21-4be5-aa84-80424b1630ab@group-324826695869-LeaderElection38] INFO  server.RaftServerConfigKeys (ConfUtils.java:logGet(46)) - raft.server.staging.catchup.gap = 1000 (default)
2025-04-24 14:04:50,394 [9dabf2e3-6a21-4be5-aa84-80424b1630ab@group-324826695869-LeaderElection38] INFO  server.RaftServerConfigKeys (ConfUtils.java:logGet(46)) - raft.server.write.element-limit = 4096 (default)
2025-04-24 14:04:50,394 [9dabf2e3-6a21-4be5-aa84-80424b1630ab@group-324826695869-LeaderElection38] INFO  server.RaftServerConfigKeys (ConfUtils.java:logGet(46)) - raft.server.write.byte-limit = 64MB (=67108864) (default)
2025-04-24 14:04:50,394 [9dabf2e3-6a21-4be5-aa84-80424b1630ab@group-324826695869-LeaderElection38] INFO  server.RaftServerConfigKeys (ConfUtils.java:logGet(46)) - raft.server.watch.timeout = 10s (default)
2025-04-24 14:04:50,395 [9dabf2e3-6a21-4be5-aa84-80424b1630ab@group-324826695869-LeaderElection38] INFO  server.RaftServerConfigKeys (ConfUtils.java:logGet(46)) - raft.server.watch.timeout.denomination = 1s (default)
2025-04-24 14:04:50,395 [9dabf2e3-6a21-4be5-aa84-80424b1630ab@group-324826695869-LeaderElection38] INFO  server.RaftServerConfigKeys (ConfUtils.java:logGet(46)) - raft.server.watch.element-limit = 65536 (default)
2025-04-24 14:04:50,395 [9dabf2e3-6a21-4be5-aa84-80424b1630ab@group-324826695869-LeaderElection38] INFO  server.RaftServerConfigKeys (ConfUtils.java:logGet(46)) - raft.server.read.leader.lease.enabled = false (default)
2025-04-24 14:04:50,395 [9dabf2e3-6a21-4be5-aa84-80424b1630ab@group-324826695869-LeaderElection38] INFO  server.RaftServerConfigKeys (ConfUtils.java:logGet(46)) - raft.server.read.leader.lease.timeout.ratio = 0.9 (default)
2025-04-24 14:04:50,395 [9dabf2e3-6a21-4be5-aa84-80424b1630ab@group-324826695869-LeaderElection38] INFO  server.RaftServerConfigKeys (ConfUtils.java:logGet(46)) - raft.server.rpc.timeout.min = 5000ms (custom)
2025-04-24 14:04:50,395 [9dabf2e3-6a21-4be5-aa84-80424b1630ab@group-324826695869-LeaderElection38] INFO  server.RaftServerConfigKeys (ConfUtils.java:logGet(46)) - raft.server.log.log-metadata.enabled = true (default)
2025-04-24 14:04:50,395 [9dabf2e3-6a21-4be5-aa84-80424b1630ab@group-324826695869-LeaderElection38] INFO  server.RaftServerConfigKeys (ConfUtils.java:logGet(46)) - raft.server.write.element-limit = 4096 (default)
2025-04-24 14:04:50,395 [9dabf2e3-6a21-4be5-aa84-80424b1630ab@group-324826695869-LeaderElection38] INFO  server.RaftServerConfigKeys (ConfUtils.java:logGet(46)) - raft.server.write.follower.gap.ratio.max = -1.0 (default)
2025-04-24 14:04:50,395 [9dabf2e3-6a21-4be5-aa84-80424b1630ab@group-324826695869-LeaderElection38] INFO  impl.RoleInfo (RoleInfo.java:updateAndGet(148)) - 9dabf2e3-6a21-4be5-aa84-80424b1630ab: start 9dabf2e3-6a21-4be5-aa84-80424b1630ab@group-324826695869-LeaderStateImpl
2025-04-24 14:04:50,395 [9dabf2e3-6a21-4be5-aa84-80424b1630ab@group-324826695869-LeaderElection38] INFO  server.RaftServer$Division (RaftServerImpl.java:setFirstElection(562)) - 9dabf2e3-6a21-4be5-aa84-80424b1630ab@group-324826695869: set firstElectionSinceStartup to false for becomeLeader
2025-04-24 14:04:50,395 [9dabf2e3-6a21-4be5-aa84-80424b1630ab@group-324826695869-LeaderElection38] INFO  ha.SCMStateMachine (SCMStateMachine.java:notifyLeaderChanged(291)) - current SCM becomes leader of term 2.
2025-04-24 14:04:50,395 [9dabf2e3-6a21-4be5-aa84-80424b1630ab@group-324826695869-LeaderElection38] INFO  ha.SCMContext (SCMContext.java:updateLeaderAndTerm(95)) - update <isLeader,term> from <false,0> to <true,2>
2025-04-24 14:04:50,396 [9dabf2e3-6a21-4be5-aa84-80424b1630ab@group-324826695869-LeaderElection38] INFO  server.RaftServer$Division (ServerState.java:setLeader(272)) - 9dabf2e3-6a21-4be5-aa84-80424b1630ab@group-324826695869: change Leader from null to 9dabf2e3-6a21-4be5-aa84-80424b1630ab at term 2 for becomeLeader, leader elected after 1095ms
2025-04-24 14:04:50,396 [9dabf2e3-6a21-4be5-aa84-80424b1630ab@group-324826695869-LeaderElection38] INFO  segmented.SegmentedRaftLogWorker (SegmentedRaftLogWorker.java:rollLogSegment(443)) - 9dabf2e3-6a21-4be5-aa84-80424b1630ab@group-324826695869-SegmentedRaftLogWorker: Rolling segment log-0_0 to index:0
2025-04-24 14:04:50,396 [9dabf2e3-6a21-4be5-aa84-80424b1630ab@group-324826695869-LeaderElection38] INFO  server.RaftServer$Division (ServerState.java:setRaftConf(386)) - 9dabf2e3-6a21-4be5-aa84-80424b1630ab@group-324826695869: set configuration conf: {index: 1, cur=peers:[9dabf2e3-6a21-4be5-aa84-80424b1630ab|fv-az2210-761:15046]|listeners:[], old=null}
2025-04-24 14:04:50,397 [9dabf2e3-6a21-4be5-aa84-80424b1630ab@group-324826695869-SegmentedRaftLogWorker] INFO  segmented.SegmentedRaftLogWorker (SegmentedRaftLogWorker.java:execute(601)) - 9dabf2e3-6a21-4be5-aa84-80424b1630ab@group-324826695869-SegmentedRaftLogWorker: Rolled log segment from /home/runner/work/ozone/ozone/hadoop-ozone/integration-test/target/test-dir/MiniOzoneClusterImpl-9c5b6909-9e9c-47e3-ad7a-324826695869/ozone-meta/scm-ha/9c5b6909-9e9c-47e3-ad7a-324826695869/current/log_inprogress_0 to /home/runner/work/ozone/ozone/hadoop-ozone/integration-test/target/test-dir/MiniOzoneClusterImpl-9c5b6909-9e9c-47e3-ad7a-324826695869/ozone-meta/scm-ha/9c5b6909-9e9c-47e3-ad7a-324826695869/current/log_0-0
2025-04-24 14:04:50,397 [9dabf2e3-6a21-4be5-aa84-80424b1630ab@group-324826695869-SegmentedRaftLogWorker] INFO  segmented.BufferedWriteChannel (BufferedWriteChannel.java:open(61)) - open log_inprogress_1 at position 0
2025-04-24 14:04:50,407 [9dabf2e3-6a21-4be5-aa84-80424b1630ab@group-324826695869-SegmentedRaftLogWorker] INFO  segmented.SegmentedRaftLogWorker (SegmentedRaftLogWorker.java:execute(644)) - 9dabf2e3-6a21-4be5-aa84-80424b1630ab@group-324826695869-SegmentedRaftLogWorker: created new log segment /home/runner/work/ozone/ozone/hadoop-ozone/integration-test/target/test-dir/MiniOzoneClusterImpl-9c5b6909-9e9c-47e3-ad7a-324826695869/ozone-meta/scm-ha/9c5b6909-9e9c-47e3-ad7a-324826695869/current/log_inprogress_1
2025-04-24 14:04:50,409 [9dabf2e3-6a21-4be5-aa84-80424b1630ab@group-324826695869-StateMachineUpdater] INFO  server.RaftServer$Division (LeaderStateImpl.java:checkStartIndex(313)) - Leader 9dabf2e3-6a21-4be5-aa84-80424b1630ab@group-324826695869-LeaderStateImpl is ready since appliedIndex == startIndex == 1
2025-04-24 14:04:50,409 [9dabf2e3-6a21-4be5-aa84-80424b1630ab@group-324826695869-StateMachineUpdater] INFO  ha.SCMContext (SCMContext.java:setLeaderReady(122)) - update <isLeaderReady> from <false> to <true>
2025-04-24 14:04:50,409 [9dabf2e3-6a21-4be5-aa84-80424b1630ab@group-324826695869-StateMachineUpdater] INFO  pipeline.BackgroundPipelineCreator (BackgroundPipelineCreator.java:notifyStatusChanged(269)) - Service BackgroundPipelineCreator transitions to RUNNING.
2025-04-24 14:04:50,410 [9dabf2e3-6a21-4be5-aa84-80424b1630ab@group-324826695869-StateMachineUpdater] INFO  safemode.RatisContainerSafeModeRule (RatisContainerSafeModeRule.java:initializeRule(161)) - Refreshed Containers with one replica threshold count 0.
2025-04-24 14:04:50,410 [9dabf2e3-6a21-4be5-aa84-80424b1630ab@group-324826695869-StateMachineUpdater] INFO  safemode.HealthyPipelineSafeModeRule (HealthyPipelineSafeModeRule.java:initializeRule(174)) - Refreshed total pipeline count is 0, healthy pipeline threshold count is 1
2025-04-24 14:04:50,410 [9dabf2e3-6a21-4be5-aa84-80424b1630ab@group-324826695869-StateMachineUpdater] INFO  safemode.ECContainerSafeModeRule (ECContainerSafeModeRule.java:initializeRule(205)) - Refreshed Containers with ec n replica threshold count 0.
2025-04-24 14:04:50,410 [9dabf2e3-6a21-4be5-aa84-80424b1630ab@group-324826695869-StateMachineUpdater] INFO  safemode.OneReplicaPipelineSafeModeRule (OneReplicaPipelineSafeModeRule.java:initializeRule(187)) - Refreshed Total pipeline count is 0, pipeline's with at least one datanode reported threshold count is 0
2025-04-24 14:04:50,410 [9dabf2e3-6a21-4be5-aa84-80424b1630ab@group-324826695869-StateMachineUpdater] INFO  server.SCMDatanodeProtocolServer (SCMDatanodeProtocolServer.java:start(193)) - ScmDatanodeProtocol RPC server for DataNodes is listening at /0.0.0.0:15044
2025-04-24 14:04:50,411 [IPC Server Responder] INFO  ipc.Server (Server.java:run(1713)) - IPC Server Responder: starting
2025-04-24 14:04:50,411 [IPC Server listener on 15044] INFO  ipc.Server (Server.java:run(1553)) - IPC Server listener on 15044: starting
OM initialization succeeded.Current cluster id for sd=/home/runner/work/ozone/ozone/hadoop-ozone/integration-test/target/test-dir/MiniOzoneClusterImpl-9c5b6909-9e9c-47e3-ad7a-324826695869/omNode-1/om;cid=9c5b6909-9e9c-47e3-ad7a-324826695869;layoutVersion=8
2025-04-24 14:04:51,437 [main] INFO  ha.OMHANodeDetails (OMHANodeDetails.java:loadOMHAConfig(120)) - ServiceID for OzoneManager is om-service-test1
2025-04-24 14:04:51,438 [main] INFO  ha.OMHANodeDetails (OMHANodeDetails.java:loadOMHAConfig(200)) - Found matching OM address with OMServiceId: om-service-test1, OMNodeId: omNode-1, RPC Address: localhost:15048 and Ratis port: 15051
2025-04-24 14:04:51,438 [main] INFO  ha.OMHANodeDetails (ConfUtils.java:setNodeSpecificConfigs(98)) - Setting configuration key ozone.om.http-address with value of key ozone.om.http-address.om-service-test1.omNode-1: 127.0.0.1:15049
2025-04-24 14:04:51,438 [main] INFO  ha.OMHANodeDetails (ConfUtils.java:setNodeSpecificConfigs(98)) - Setting configuration key ozone.om.https-address with value of key ozone.om.https-address.om-service-test1.omNode-1: 127.0.0.1:15050
2025-04-24 14:04:51,438 [main] INFO  ha.OMHANodeDetails (ConfUtils.java:setNodeSpecificConfigs(98)) - Setting configuration key ozone.om.address with value of key ozone.om.address.om-service-test1.omNode-1: 127.0.0.1:15048
2025-04-24 14:04:51,438 [main] WARN  server.ServerUtils (ServerUtils.java:getDBPath(297)) - ozone.om.db.dirs is not configured. We recommend adding this setting. Falling back to ozone.metadata.dirs instead.
2025-04-24 14:04:51,439 [main] INFO  upgrade.AbstractLayoutVersionManager (AbstractLayoutVersionManager.java:init(80)) - Initializing Layout version manager with metadata layout = DELEGATION_TOKEN_SYMMETRIC_SIGN (version = 8), software layout = DELEGATION_TOKEN_SYMMETRIC_SIGN (version = 8)
2025-04-24 14:04:51,499 [main] INFO  reflections.Reflections (Reflections.java:scan(219)) - Reflections took 59 ms to scan 2 urls, producing 203 keys and 603 values
2025-04-24 14:04:51,500 [main] INFO  upgrade.OMLayoutVersionManager (OMLayoutVersionManager.java:lambda$0(110)) - Skipping Upgrade Action QuotaRepairUpgradeAction since it has been finalized.
2025-04-24 14:04:51,500 [main] INFO  upgrade.OMLayoutVersionManager (OMLayoutVersionManager.java:lambda$0(110)) - Skipping Upgrade Action MockOmUpgradeAction since it has been finalized.
2025-04-24 14:04:51,500 [main] WARN  server.ServerUtils (ServerUtils.java:getDBPath(297)) - ozone.om.db.dirs is not configured. We recommend adding this setting. Falling back to ozone.metadata.dirs instead.
2025-04-24 14:04:51,500 [main] INFO  om.OzoneManager (OzoneManager.java:setReplicationFromConfig(4612)) - Set default replication in OM: RATIS/3 -> RATIS/THREE
2025-04-24 14:04:51,501 [main] INFO  proxy.SCMContainerLocationFailoverProxyProvider (SCMFailoverProxyProviderBase.java:<init>(120)) - Created fail-over proxy for protocol StorageContainerLocationProtocolPB with 1 nodes: [nodeId=scmNodeId,nodeAddress=/0.0.0.0:15042]
2025-04-24 14:04:51,501 [main] INFO  proxy.SCMBlockLocationFailoverProxyProvider (SCMFailoverProxyProviderBase.java:<init>(120)) - Created fail-over proxy for protocol ScmBlockLocationProtocolPB with 1 nodes: [nodeId=scmNodeId,nodeAddress=/0.0.0.0:15043]
2025-04-24 14:04:51,503 [main] INFO  proxy.SCMBlockLocationFailoverProxyProvider (SCMFailoverProxyProviderBase.java:<init>(120)) - Created fail-over proxy for protocol ScmBlockLocationProtocolPB with 1 nodes: [nodeId=scmNodeId,nodeAddress=/0.0.0.0:15043]
2025-04-24 14:04:51,507 [main] INFO  om.OzoneManager (OzoneManager.java:<init>(689)) - OM start with adminUsers: [*, runner]
2025-04-24 14:04:51,507 [main] WARN  server.ServerUtils (ServerUtils.java:getDBPath(297)) - ozone.om.db.dirs is not configured. We recommend adding this setting. Falling back to ozone.metadata.dirs instead.
2025-04-24 14:04:51,663 [main] INFO  om.OzoneManager (OzoneManager.java:instantiateServices(933)) - S3 Multi-Tenancy is disabled
2025-04-24 14:04:51,663 [main] INFO  om.OmSnapshotManager (OmSnapshotManager.java:<init>(180)) - Ozone filesystem snapshot feature is enabled.
2025-04-24 14:04:51,663 [main] WARN  server.ServerUtils (ServerUtils.java:getDBPath(297)) - ozone.om.snapshot.diff.db.dir is not configured. We recommend adding this setting. Falling back to ozone.metadata.dirs instead.
2025-04-24 14:04:51,689 [main] INFO  om.OzoneManager (OzoneManager.java:addS3GVolumeToDB(4670)) - Created Volume s3v With Owner runner required for S3Gateway operations.
2025-04-24 14:04:51,689 [main] WARN  server.ServerUtils (ServerUtils.java:getDefaultRatisDirectory(309)) - Storage directory for Ratis is not configured. It is a good idea to map this to an SSD disk. Falling back to ozone.metadata.dirs
2025-04-24 14:04:51,689 [main] WARN  utils.OzoneManagerRatisUtils (OzoneManagerRatisUtils.java:getOMRatisSnapshotDirectory(488)) - ozone.om.ratis.snapshot.dir is not configured. Falling back to ozone.metadata.dirs config
2025-04-24 14:04:51,690 [main] INFO  utils.RDBSnapshotProvider (RDBSnapshotProvider.java:init(85)) - Cleaning up the candidate dir: /home/runner/work/ozone/ozone/hadoop-ozone/integration-test/target/test-dir/MiniOzoneClusterImpl-9c5b6909-9e9c-47e3-ad7a-324826695869/omNode-1/snapshot/om.db.candidate
2025-04-24 14:04:51,690 [main] INFO  ratis_snapshot.OmRatisSnapshotProvider (OmRatisSnapshotProvider.java:<init>(98)) - Initializing OM Snapshot Provider
2025-04-24 14:04:51,691 [main] WARN  dropwizard3.Dm3MetricRegistriesImpl (Dm3MetricRegistriesImpl.java:addReporterRegistration(114)) - New reporters are added after registries were created. Some metrics will be missing from the reporter. Please add reporter before adding any new registry.
2025-04-24 14:04:51,691 [main] WARN  dropwizard3.Dm3MetricRegistriesImpl (Dm3MetricRegistriesImpl.java:addReporterRegistration(114)) - New reporters are added after registries were created. Some metrics will be missing from the reporter. Please add reporter before adding any new registry.
2025-04-24 14:04:51,691 [main] WARN  server.ServerUtils (ServerUtils.java:getDefaultRatisDirectory(309)) - Storage directory for Ratis is not configured. It is a good idea to map this to an SSD disk. Falling back to ozone.metadata.dirs
2025-04-24 14:04:51,692 [main] INFO  server.RaftServerConfigKeys (ConfUtils.java:logGet(46)) - raft.server.log.appender.buffer.byte-limit = 4194304 (custom)
2025-04-24 14:04:51,692 [main] INFO  ratis.OzoneManagerRatisServer (OzoneManagerRatisServer.java:<init>(167)) - Instantiating OM Ratis server with groupID: om-service-test1 and peers: localhost:15051, localhost:15059, localhost:15055
2025-04-24 14:04:51,693 [main] INFO  ratis.OzoneManagerStateMachine (OzoneManagerStateMachine.java:loadSnapshotInfoFromDB(613)) - TransactionInfo not found in OM DB.
2025-04-24 14:04:51,693 [main] INFO  server.RaftServer (ConfUtils.java:logGet(46)) - raft.rpc.type = GRPC (default)
2025-04-24 14:04:51,693 [main] INFO  grpc.GrpcConfigKeys (ConfUtils.java:logFallback(53)) - raft.grpc.admin.host = null (fallback to raft.grpc.server.host)
2025-04-24 14:04:51,694 [main] INFO  grpc.GrpcConfigKeys (ConfUtils.java:logFallback(53)) - raft.grpc.admin.port = 15051 (fallback to raft.grpc.server.port)
2025-04-24 14:04:51,694 [main] INFO  grpc.GrpcConfigKeys (ConfUtils.java:logFallback(53)) - raft.grpc.client.host = null (fallback to raft.grpc.server.host)
2025-04-24 14:04:51,694 [main] INFO  grpc.GrpcConfigKeys (ConfUtils.java:logFallback(53)) - raft.grpc.client.port = 15051 (fallback to raft.grpc.server.port)
2025-04-24 14:04:51,694 [main] INFO  grpc.GrpcConfigKeys (ConfUtils.java:logGet(46)) - raft.grpc.server.host = null (default)
2025-04-24 14:04:51,694 [main] INFO  grpc.GrpcConfigKeys (ConfUtils.java:logGet(46)) - raft.grpc.server.port = 15051 (custom)
2025-04-24 14:04:51,694 [main] INFO  server.GrpcService (ConfUtils.java:logGet(46)) - raft.grpc.message.size.max = 5242880 (custom)
2025-04-24 14:04:51,694 [main] INFO  server.GrpcService (ConfUtils.java:logGet(46)) - raft.grpc.flow.control.window = 1MB (=1048576) (default)
2025-04-24 14:04:51,694 [main] INFO  server.RaftServerConfigKeys (ConfUtils.java:logGet(46)) - raft.server.rpc.request.timeout = 3000ms (default)
2025-04-24 14:04:51,694 [main] INFO  grpc.GrpcConfigKeys (ConfUtils.java:logGet(46)) - raft.grpc.server.heartbeat.channel = true (default)
2025-04-24 14:04:51,695 [main] INFO  server.RaftServerConfigKeys (ConfUtils.java:logGet(46)) - raft.server.log.appender.buffer.byte-limit = 4194304 (custom)
2025-04-24 14:04:51,695 [main] INFO  grpc.GrpcConfigKeys (ConfUtils.java:logGet(46)) - raft.grpc.server.async.request.thread.pool.cached = true (default)
2025-04-24 14:04:51,695 [main] INFO  grpc.GrpcConfigKeys (ConfUtils.java:logGet(46)) - raft.grpc.server.async.request.thread.pool.size = 32 (default)
2025-04-24 14:04:51,695 [main] INFO  impl.DataStreamServerImpl (ConfUtils.java:logGet(46)) - raft.datastream.type = DISABLED (default)
2025-04-24 14:04:51,696 [main] INFO  server.RaftServerConfigKeys (ConfUtils.java:logGet(46)) - raft.server.sleep.deviation.threshold = 300ms (default)
2025-04-24 14:04:51,696 [main] INFO  server.RaftServerConfigKeys (ConfUtils.java:logGet(46)) - raft.server.close.threshold = 60s (default)
2025-04-24 14:04:51,696 [main] INFO  server.RaftServerConfigKeys (ConfUtils.java:logGet(46)) - raft.server.leaderelection.leader.step-down.wait-time = 10s (default)
2025-04-24 14:04:51,696 [main] INFO  server.RaftServerConfigKeys (ConfUtils.java:logGet(46)) - raft.server.storage.dir = [/home/runner/work/ozone/ozone/hadoop-ozone/integration-test/target/test-dir/MiniOzoneClusterImpl-9c5b6909-9e9c-47e3-ad7a-324826695869/omNode-1/ratis] (custom)
2025-04-24 14:04:51,696 [main] INFO  server.RaftServerConfigKeys (ConfUtils.java:logGet(46)) - raft.server.threadpool.proxy.cached = true (default)
2025-04-24 14:04:51,696 [main] INFO  server.RaftServerConfigKeys (ConfUtils.java:logGet(46)) - raft.server.threadpool.proxy.size = 0 (default)
2025-04-24 14:04:51,697 [main] INFO  server.RaftServer (RaftServerProxy.java:addNew(100)) - omNode-1: addNew group-523986131536:[omNode-3|localhost:15059, omNode-1|localhost:15051, omNode-2|localhost:15055] returns group-523986131536:java.util.concurrent.CompletableFuture@26d839f5[Not completed]
2025-04-24 14:04:51,697 [main] INFO  om.OzoneManager (OzoneManager.java:initializeRatisServer(2303)) - OzoneManager Ratis server initialized at port 15051
2025-04-24 14:04:51,697 [main] INFO  om.OzoneManager (OzoneManager.java:getRpcServer(1360)) - Creating RPC Server
2025-04-24 14:04:51,699 [omNode-1-groupManagement] INFO  server.RaftServer$Division (RaftServerImpl.java:<init>(255)) - omNode-1: new RaftServerImpl for group-523986131536:[omNode-3|localhost:15059, omNode-1|localhost:15051, omNode-2|localhost:15055] with OzoneManagerStateMachine:uninitialized
2025-04-24 14:04:51,699 [omNode-1-groupManagement] INFO  server.RaftServerConfigKeys (ConfUtils.java:logGet(46)) - raft.server.rpc.timeout.min = 1s (custom)
2025-04-24 14:04:51,699 [omNode-1-groupManagement] INFO  server.RaftServerConfigKeys (ConfUtils.java:logGet(46)) - raft.server.rpc.timeout.max = 1200ms (custom)
2025-04-24 14:04:51,699 [omNode-1-groupManagement] INFO  server.RaftServerConfigKeys (ConfUtils.java:logGet(46)) - raft.server.rpc.sleep.time = 25ms (default)
2025-04-24 14:04:51,699 [omNode-1-groupManagement] INFO  server.RaftServerConfigKeys (ConfUtils.java:logGet(46)) - raft.server.rpc.slowness.timeout = 2s (custom)
2025-04-24 14:04:51,699 [omNode-1-groupManagement] INFO  server.RaftServerConfigKeys (ConfUtils.java:logGet(46)) - raft.server.leaderelection.leader.step-down.wait-time = 10s (default)
2025-04-24 14:04:51,699 [omNode-1-groupManagement] INFO  server.RaftServerConfigKeys (ConfUtils.java:logGet(46)) - raft.server.leaderelection.member.majority-add = false (default)
2025-04-24 14:04:51,699 [omNode-1-groupManagement] INFO  server.RaftServerConfigKeys (ConfUtils.java:logGet(46)) - raft.server.sleep.deviation.threshold = 300ms (default)
2025-04-24 14:04:51,699 [omNode-1-groupManagement] INFO  server.RaftServer$Division (ServerState.java:<init>(114)) - omNode-1@group-523986131536: ConfigurationManager, init=conf: {index: -1, cur=peers:[omNode-3|localhost:15059, omNode-1|localhost:15051, omNode-2|localhost:15055]|listeners:[], old=null}, confs=<EMPTY_MAP>
2025-04-24 14:04:51,700 [omNode-1-groupManagement] INFO  server.RaftServerConfigKeys (ConfUtils.java:logGet(46)) - raft.server.notification.no-leader.timeout = 2s (custom)
2025-04-24 14:04:51,700 [omNode-1-groupManagement] INFO  server.RaftServerConfigKeys (ConfUtils.java:logGet(46)) - raft.server.read.timeout = 10s (default)
2025-04-24 14:04:51,700 [omNode-1-groupManagement] INFO  server.RaftServerConfigKeys (ConfUtils.java:logGet(46)) - raft.server.retrycache.expirytime = 30000ms (custom)
2025-04-24 14:04:51,700 [omNode-1-groupManagement] INFO  server.RaftServerConfigKeys (ConfUtils.java:logGet(46)) - raft.server.retrycache.statistics.expirytime = 100ms (default)
2025-04-24 14:04:51,700 [omNode-1-groupManagement] INFO  server.RaftServerConfigKeys (ConfUtils.java:logGet(46)) - raft.server.read.option = DEFAULT (default)
2025-04-24 14:04:51,700 [omNode-1-groupManagement] INFO  server.RaftServerConfigKeys (ConfUtils.java:logGet(46)) - raft.server.read.read-after-write-consistent.write-index-cache.expiry-time = 60s (default)
2025-04-24 14:04:51,701 [omNode-1-groupManagement] INFO  server.RaftServerConfigKeys (ConfUtils.java:logGet(46)) - raft.server.rpc.request.timeout = 3000ms (default)
2025-04-24 14:04:51,701 [omNode-1-groupManagement] INFO  server.RaftServerConfigKeys (ConfUtils.java:logGet(46)) - raft.server.log.appender.install.snapshot.enabled = false (custom)
2025-04-24 14:04:51,701 [omNode-1-groupManagement] INFO  server.RaftServerConfigKeys (ConfUtils.java:logGet(46)) - raft.server.threadpool.server.cached = true (default)
2025-04-24 14:04:51,701 [omNode-1-groupManagement] INFO  server.RaftServerConfigKeys (ConfUtils.java:logGet(46)) - raft.server.threadpool.server.size = 0 (default)
2025-04-24 14:04:51,701 [omNode-1-groupManagement] INFO  server.RaftServerConfigKeys (ConfUtils.java:logGet(46)) - raft.server.threadpool.client.cached = true (default)
2025-04-24 14:04:51,701 [omNode-1-groupManagement] INFO  server.RaftServerConfigKeys (ConfUtils.java:logGet(46)) - raft.server.threadpool.client.size = 0 (default)
2025-04-24 14:04:52,096 [main] INFO  reflections.Reflections (Reflections.java:scan(219)) - Reflections took 398 ms to scan 22 urls, producing 61 keys and 7423 values
2025-04-24 14:04:52,098 [main] INFO  ipc.CallQueueManager (CallQueueManager.java:<init>(93)) - Using callQueue: class java.util.concurrent.LinkedBlockingQueue, queueCapacity: 2000, scheduler: class org.apache.hadoop.ipc.DefaultRpcScheduler, ipcBackoff: false, ipcFailOver: false.
2025-04-24 14:04:52,099 [main] INFO  ipc.Server (Server.java:<init>(1438)) - Listener at 127.0.0.1:15048
2025-04-24 14:04:52,099 [Socket Reader #1 for port 15048] INFO  ipc.Server (Server.java:run(1474)) - Starting Socket Reader #1 for port 15048
2025-04-24 14:04:52,099 [Socket Reader #2 for port 15048] INFO  ipc.Server (Server.java:run(1474)) - Starting Socket Reader #2 for port 15048
2025-04-24 14:04:52,099 [Socket Reader #3 for port 15048] INFO  ipc.Server (Server.java:run(1474)) - Starting Socket Reader #3 for port 15048
2025-04-24 14:04:52,099 [Socket Reader #4 for port 15048] INFO  ipc.Server (Server.java:run(1474)) - Starting Socket Reader #4 for port 15048
2025-04-24 14:04:52,100 [Socket Reader #5 for port 15048] INFO  ipc.Server (Server.java:run(1474)) - Starting Socket Reader #5 for port 15048
2025-04-24 14:04:52,100 [Socket Reader #6 for port 15048] INFO  ipc.Server (Server.java:run(1474)) - Starting Socket Reader #6 for port 15048
2025-04-24 14:04:52,100 [Socket Reader #7 for port 15048] INFO  ipc.Server (Server.java:run(1474)) - Starting Socket Reader #7 for port 15048
2025-04-24 14:04:52,100 [Socket Reader #8 for port 15048] INFO  ipc.Server (Server.java:run(1474)) - Starting Socket Reader #8 for port 15048
2025-04-24 14:04:52,100 [Socket Reader #9 for port 15048] INFO  ipc.Server (Server.java:run(1474)) - Starting Socket Reader #9 for port 15048
2025-04-24 14:04:52,100 [Socket Reader #10 for port 15048] INFO  ipc.Server (Server.java:run(1474)) - Starting Socket Reader #10 for port 15048
2025-04-24 14:04:52,118 [main] INFO  impl.MetricsSystemImpl (MetricsSystemImpl.java:init(158)) - OzoneManager metrics system started (again)
2025-04-24 14:04:52,127 [main] INFO  om.OzoneManager (OzoneManager.java:start(1787)) - OzoneManager RPC server is listening at localhost/127.0.0.1:15048
2025-04-24 14:04:52,128 [main] INFO  ratis.OzoneManagerRatisServer (OzoneManagerRatisServer.java:start(628)) - Starting OzoneManagerRatisServer omNode-1 at port 15051
2025-04-24 14:04:52,128 [omNode-1-impl-thread1] INFO  server.RaftServerConfigKeys (ConfUtils.java:logGet(46)) - raft.server.storage.free-space.min = 0MB (=0) (default)
2025-04-24 14:04:52,128 [omNode-1-impl-thread1] INFO  server.RaftServerConfigKeys (ConfUtils.java:logGet(46)) - raft.server.log.corruption.policy = EXCEPTION (default)
2025-04-24 14:04:52,128 [omNode-1-impl-thread1] INFO  server.RaftServerConfigKeys (ConfUtils.java:logGet(46)) - raft.server.storage.dir = [/home/runner/work/ozone/ozone/hadoop-ozone/integration-test/target/test-dir/MiniOzoneClusterImpl-9c5b6909-9e9c-47e3-ad7a-324826695869/omNode-1/ratis] (custom)
2025-04-24 14:04:52,129 [omNode-1-impl-thread1] INFO  storage.RaftStorageDirectory (RaftStorageDirectoryImpl.java:analyzeStorage(138)) - The storage directory /home/runner/work/ozone/ozone/hadoop-ozone/integration-test/target/test-dir/MiniOzoneClusterImpl-9c5b6909-9e9c-47e3-ad7a-324826695869/omNode-1/ratis/c9bc4cf4-3bc3-3c60-a66b-523986131536 does not exist. Creating ...
2025-04-24 14:04:52,130 [omNode-1-impl-thread1] INFO  storage.RaftStorageDirectory (RaftStorageDirectoryImpl.java:tryLock(229)) - Lock on /home/runner/work/ozone/ozone/hadoop-ozone/integration-test/target/test-dir/MiniOzoneClusterImpl-9c5b6909-9e9c-47e3-ad7a-324826695869/omNode-1/ratis/c9bc4cf4-3bc3-3c60-a66b-523986131536/in_use.lock acquired by nodename 129728@fv-az2210-761
2025-04-24 14:04:52,131 [omNode-1-impl-thread1] INFO  storage.RaftStorage (RaftStorageImpl.java:format(98)) - Storage directory /home/runner/work/ozone/ozone/hadoop-ozone/integration-test/target/test-dir/MiniOzoneClusterImpl-9c5b6909-9e9c-47e3-ad7a-324826695869/omNode-1/ratis/c9bc4cf4-3bc3-3c60-a66b-523986131536 has been successfully formatted.
2025-04-24 14:04:52,131 [omNode-1-impl-thread1] INFO  ratis.OzoneManagerStateMachine (OzoneManagerStateMachine.java:lambda$0(138)) - omNode-1: initialize group-523986131536 with (t:0, i:~)
2025-04-24 14:04:52,131 [omNode-1-impl-thread1] INFO  server.RaftServerConfigKeys (ConfUtils.java:logGet(46)) - raft.server.log.use.memory = false (default)
2025-04-24 14:04:52,132 [omNode-1-impl-thread1] INFO  server.RaftServerConfigKeys (ConfUtils.java:logGet(46)) - raft.server.log.purge.gap = 50 (custom)
2025-04-24 14:04:52,132 [omNode-1-impl-thread1] INFO  server.RaftServerConfigKeys (ConfUtils.java:logGet(46)) - raft.server.log.appender.buffer.byte-limit = 4194304 (custom)
2025-04-24 14:04:52,132 [omNode-1-impl-thread1] INFO  server.RaftServerConfigKeys (ConfUtils.java:logGet(46)) - raft.server.log.statemachine.data.read.timeout = 1000ms (default)
2025-04-24 14:04:52,132 [omNode-1-impl-thread1] INFO  server.RaftServerConfigKeys (ConfUtils.java:logGet(46)) - raft.server.log.purge.preservation.log.num = 0 (default)
2025-04-24 14:04:52,133 [omNode-1-impl-thread1] INFO  server.RaftServerConfigKeys (ConfUtils.java:logGet(46)) - raft.server.log.segment.size.max = 4194304 (custom)
2025-04-24 14:04:52,133 [omNode-1-impl-thread1] INFO  server.RaftServerConfigKeys (ConfUtils.java:logGet(46)) - raft.server.log.segment.cache.num.max = 2 (custom)
2025-04-24 14:04:52,133 [omNode-1-impl-thread1] INFO  server.RaftServerConfigKeys (ConfUtils.java:logGet(46)) - raft.server.log.segment.cache.size.max = 200MB (=209715200) (default)
2025-04-24 14:04:52,133 [omNode-1-impl-thread1] INFO  server.RaftServerConfigKeys (ConfUtils.java:logGet(46)) - raft.server.log.appender.buffer.byte-limit = 4194304 (custom)
2025-04-24 14:04:52,133 [omNode-1-impl-thread1] INFO  util.AwaitToRun (AwaitToRun.java:start(81)) - Thread[#8582,omNode-1@group-523986131536-cacheEviction-AwaitToRun,5,main] started
2025-04-24 14:04:52,133 [omNode-1-impl-thread1] INFO  segmented.SegmentedRaftLogWorker (SegmentedRaftLogWorker.java:<init>(188)) - new omNode-1@group-523986131536-SegmentedRaftLogWorker for RaftStorageImpl:Storage Directory /home/runner/work/ozone/ozone/hadoop-ozone/integration-test/target/test-dir/MiniOzoneClusterImpl-9c5b6909-9e9c-47e3-ad7a-324826695869/omNode-1/ratis/c9bc4cf4-3bc3-3c60-a66b-523986131536
2025-04-24 14:04:52,133 [omNode-1-impl-thread1] INFO  server.RaftServerConfigKeys (ConfUtils.java:logGet(46)) - raft.server.log.queue.byte-limit = 64MB (=67108864) (default)
2025-04-24 14:04:52,133 [omNode-1-impl-thread1] INFO  server.RaftServerConfigKeys (ConfUtils.java:logGet(46)) - raft.server.log.queue.element-limit = 4096 (default)
2025-04-24 14:04:52,133 [omNode-1-impl-thread1] INFO  server.RaftServerConfigKeys (ConfUtils.java:logGet(46)) - raft.server.log.segment.size.max = 4194304 (custom)
2025-04-24 14:04:52,133 [omNode-1-impl-thread1] INFO  server.RaftServerConfigKeys (ConfUtils.java:logGet(46)) - raft.server.log.preallocated.size = 4194304 (custom)
2025-04-24 14:04:52,133 [omNode-1-impl-thread1] INFO  server.RaftServerConfigKeys (ConfUtils.java:logGet(46)) - raft.server.log.force.sync.num = 128 (default)
2025-04-24 14:04:52,133 [omNode-1-impl-thread1] INFO  server.RaftServerConfigKeys (ConfUtils.java:logGet(46)) - raft.server.log.statemachine.data.sync = true (default)
2025-04-24 14:04:52,133 [omNode-1-impl-thread1] INFO  server.RaftServerConfigKeys (ConfUtils.java:logGet(46)) - raft.server.log.statemachine.data.sync.timeout = 10s (default)
2025-04-24 14:04:52,133 [omNode-1-impl-thread1] INFO  server.RaftServerConfigKeys (ConfUtils.java:logGet(46)) - raft.server.log.statemachine.data.sync.timeout.retry = -1 (default)
2025-04-24 14:04:52,134 [omNode-1-impl-thread1] INFO  server.RaftServerConfigKeys (ConfUtils.java:logGet(46)) - raft.server.log.write.buffer.size = 4194312 (custom)
2025-04-24 14:04:52,134 [omNode-1-impl-thread1] INFO  server.RaftServerConfigKeys (ConfUtils.java:logGet(46)) - raft.server.log.appender.buffer.byte-limit = 4194304 (custom)
2025-04-24 14:04:52,134 [omNode-1-impl-thread1] INFO  server.RaftServerConfigKeys (ConfUtils.java:logGet(46)) - raft.server.log.unsafe-flush.enabled = false (default)
2025-04-24 14:04:52,134 [omNode-1-impl-thread1] INFO  server.RaftServerConfigKeys (ConfUtils.java:logGet(46)) - raft.server.log.async-flush.enabled = false (default)
2025-04-24 14:04:52,134 [omNode-1-impl-thread1] INFO  server.RaftServerConfigKeys (ConfUtils.java:logGet(46)) - raft.server.log.statemachine.data.caching.enabled = false (default)
2025-04-24 14:04:52,134 [omNode-1-impl-thread1] INFO  segmented.SegmentedRaftLogWorker (SegmentedRaftLogWorker.java:lambda$new$0(139)) - omNode-1@group-523986131536-SegmentedRaftLogWorker: flushIndex: setUnconditionally 0 -> -1
2025-04-24 14:04:52,134 [omNode-1-impl-thread1] INFO  segmented.SegmentedRaftLogWorker (SegmentedRaftLogWorker.java:lambda$new$0(139)) - omNode-1@group-523986131536-SegmentedRaftLogWorker: safeCacheEvictIndex: setUnconditionally 0 -> -1
2025-04-24 14:04:52,135 [omNode-1-impl-thread1] INFO  server.RaftServer$Division (RaftServerImpl.java:start(391)) - omNode-1@group-523986131536: start as a follower, conf=conf: {index: -1, cur=peers:[omNode-3|localhost:15059, omNode-1|localhost:15051, omNode-2|localhost:15055]|listeners:[], old=null}
2025-04-24 14:04:52,135 [omNode-1-impl-thread1] INFO  server.RaftServer$Division (RaftServerImpl.java:setRole(378)) - omNode-1@group-523986131536: changes role from      null to FOLLOWER at term 0 for startAsFollower
2025-04-24 14:04:52,135 [omNode-1-impl-thread1] INFO  impl.RoleInfo (RoleInfo.java:updateAndGet(148)) - omNode-1: start omNode-1@group-523986131536-FollowerState
2025-04-24 14:04:52,135 [omNode-1-impl-thread1] INFO  util.JmxRegister (JmxRegister.java:tryRegister(44)) - Successfully registered JMX Bean with object name Ratis:service=RaftServer,group=group-523986131536,id=omNode-1
2025-04-24 14:04:52,135 [omNode-1-impl-thread1] INFO  util.JmxRegister (JmxRegister.java:register(58)) - register mxBean class org.apache.ratis.server.impl.RaftServerJmxAdapter as Ratis:service=RaftServer,group=group-523986131536,id=omNode-1
2025-04-24 14:04:52,135 [omNode-1-impl-thread1] INFO  server.RaftServerConfigKeys (ConfUtils.java:logGet(46)) - raft.server.snapshot.trigger-when-stop.enabled = true (default)
2025-04-24 14:04:52,135 [omNode-1-impl-thread1] INFO  server.RaftServerConfigKeys (ConfUtils.java:logGet(46)) - raft.server.snapshot.trigger-when-remove.enabled = true (default)
2025-04-24 14:04:52,135 [omNode-1@group-523986131536-FollowerState] INFO  server.RaftServerConfigKeys (ConfUtils.java:logFallback(53)) - raft.server.rpc.first-election.timeout.min = 1s (fallback to raft.server.rpc.timeout.min)
2025-04-24 14:04:52,135 [omNode-1-impl-thread1] INFO  server.RaftServerConfigKeys (ConfUtils.java:logGet(46)) - raft.server.snapshot.auto.trigger.enabled = true (custom)
2025-04-24 14:04:52,135 [omNode-1-impl-thread1] INFO  server.RaftServerConfigKeys (ConfUtils.java:logGet(46)) - raft.server.snapshot.auto.trigger.threshold = 50 (custom)
2025-04-24 14:04:52,135 [omNode-1-impl-thread1] INFO  server.RaftServerConfigKeys (ConfUtils.java:logGet(46)) - raft.server.snapshot.retention.file.num = -1 (default)
2025-04-24 14:04:52,136 [omNode-1-impl-thread1] INFO  server.RaftServerConfigKeys (ConfUtils.java:logGet(46)) - raft.server.log.purge.upto.snapshot.index = true (custom)
2025-04-24 14:04:52,135 [omNode-1@group-523986131536-FollowerState] INFO  server.RaftServerConfigKeys (ConfUtils.java:logFallback(53)) - raft.server.rpc.first-election.timeout.max = 1200ms (fallback to raft.server.rpc.timeout.max)
2025-04-24 14:04:52,136 [omNode-1-impl-thread1] INFO  server.RaftServer$Division (RaftServerImpl.java:start(405)) - omNode-1@group-523986131536: Successfully started.
2025-04-24 14:04:52,136 [main] INFO  server.RaftServer (RaftServerProxy.java:startImpl(407)) - omNode-1: start RPC server
2025-04-24 14:04:52,137 [main] INFO  server.GrpcService (GrpcService.java:startImpl(334)) - omNode-1: GrpcService started, listening on 15051
2025-04-24 14:04:52,137 [JvmPauseMonitor43] INFO  util.JvmPauseMonitor (JvmPauseMonitor.java:run(146)) - JvmPauseMonitor-omNode-1: Started
2025-04-24 14:04:52,138 [main] INFO  om.OzoneManager (OzoneManager.java:start(1802)) - Version File has different layout version (8) than OM DB (null). That is expected if this OM has never been finalized to a newer layout version.
2025-04-24 14:04:52,142 [main] INFO  client.ScmTopologyClient (ScmTopologyClient.java:start(70)) - Initial network topology fetched from SCM: /.
2025-04-24 14:04:52,142 [main] INFO  net.NodeSchemaLoader (NodeSchemaLoader.java:loadSchemaFromFile(127)) - Loading schema from [jar:file:/home/runner/work/ozone/ozone/hadoop-hdds/common/target/hdds-common-2.1.0-SNAPSHOT.jar!/network-topology-default.xml]
2025-04-24 14:04:52,142 [main] INFO  net.NodeSchemaLoader (NodeSchemaLoader.java:loadSchema(174)) - Loading network topology layer schema file
2025-04-24 14:04:52,148 [main] INFO  http.BaseHttpServer (BaseHttpServer.java:newHttpServer2BuilderForOzone(229)) - Starting Web-server for ozoneManager at: http://0.0.0.0:15049
2025-04-24 14:04:52,148 [main] INFO  http.BaseHttpServer (BaseHttpServer.java:<init>(107)) - Hadoop Security Enabled: false Ozone Security Enabled: false Ozone HTTP Security Enabled: false 
2025-04-24 14:04:52,149 [main] WARN  server.AuthenticationFilter (AuthenticationFilter.java:constructSecretProvider(240)) - Unable to initialize FileSignerSecretProvider, falling back to use random secrets. Reason: Could not read signature secret file: /home/runner/hadoop-http-auth-signature-secret
2025-04-24 14:04:52,151 [main] INFO  http.HttpServer2 (HttpServer2.java:addGlobalFilter(1041)) - Added global filter 'safety' (class=org.apache.hadoop.hdds.server.http.HttpServer2$QuotingInputFilter)
2025-04-24 14:04:52,152 [main] INFO  http.HttpServer2 (HttpServer2.java:addFilter(1017)) - Added filter static_user_filter (class=org.apache.hadoop.http.lib.StaticUserWebFilter$StaticUserFilter) to context ozoneManager
2025-04-24 14:04:52,152 [main] INFO  http.HttpServer2 (HttpServer2.java:addFilter(1025)) - Added filter static_user_filter (class=org.apache.hadoop.http.lib.StaticUserWebFilter$StaticUserFilter) to context static
2025-04-24 14:04:52,152 [main] INFO  http.HttpServer2 (HttpServer2.java:addFilter(1025)) - Added filter static_user_filter (class=org.apache.hadoop.http.lib.StaticUserWebFilter$StaticUserFilter) to context logs
2025-04-24 14:04:52,152 [main] INFO  http.BaseHttpServer (BaseHttpServer.java:<init>(195)) - HTTP server of ozoneManager uses base directory /home/runner/work/ozone/ozone/hadoop-ozone/integration-test/target/test-dir/MiniOzoneClusterImpl-9c5b6909-9e9c-47e3-ad7a-324826695869/omNode-1/webserver
2025-04-24 14:04:52,152 [main] INFO  http.HttpServer2 (HttpServer2.java:bindListener(1241)) - Jetty bound to port 15049
2025-04-24 14:04:52,152 [main] INFO  server.Server (Server.java:doStart(375)) - jetty-9.4.57.v20241219; built: 2025-01-08T21:24:30.412Z; git: df524e6b29271c2e09ba9aea83c18dc9db464a31; jvm 21.0.7+6-LTS
2025-04-24 14:04:52,154 [main] INFO  server.session (DefaultSessionIdManager.java:doStart(334)) - DefaultSessionIdManager workerName=node0
2025-04-24 14:04:52,154 [main] INFO  server.session (DefaultSessionIdManager.java:doStart(339)) - No SessionScavenger set, using defaults
2025-04-24 14:04:52,154 [main] INFO  server.session (HouseKeeper.java:startScavenging(132)) - node0 Scavenging every 660000ms
2025-04-24 14:04:52,154 [main] INFO  handler.ContextHandler (ContextHandler.java:doStart(921)) - Started o.e.j.s.ServletContextHandler@54e32fa9{logs,/logs,file:///home/runner/work/ozone/ozone/hadoop-ozone/integration-test/target/log,AVAILABLE}
2025-04-24 14:04:52,155 [main] INFO  handler.ContextHandler (ContextHandler.java:doStart(921)) - Started o.e.j.s.ServletContextHandler@4a6a01a8{static,/static,file:///home/runner/work/ozone/ozone/hadoop-ozone/integration-test/target/test-classes/webapps/static,AVAILABLE}
2025-04-24 14:04:52,158 [main] INFO  handler.ContextHandler (ContextHandler.java:doStart(921)) - Started o.e.j.w.WebAppContext@589fba0{ozoneManager,/,file:///home/runner/work/ozone/ozone/hadoop-ozone/integration-test/target/test-classes/webapps/ozoneManager/,AVAILABLE}{file:/home/runner/work/ozone/ozone/hadoop-ozone/integration-test/target/test-classes/webapps/ozoneManager}
2025-04-24 14:04:52,159 [main] INFO  server.AbstractConnector (AbstractConnector.java:doStart(333)) - Started ServerConnector@4b3737f{HTTP/1.1, (http/1.1)}{0.0.0.0:15049}
2025-04-24 14:04:52,159 [main] INFO  server.Server (Server.java:doStart(415)) - Started @173491ms
2025-04-24 14:04:52,159 [main] WARN  impl.MetricsSystemImpl (MetricsSystemImpl.java:register(279)) - Sink prometheus already exists!
2025-04-24 14:04:52,159 [main] INFO  http.BaseHttpServer (BaseHttpServer.java:updateConnectorAddress(360)) - HTTP server of ozoneManager listening at http://0.0.0.0:15049
2025-04-24 14:04:52,160 [IPC Server Responder] INFO  ipc.Server (Server.java:run(1713)) - IPC Server Responder: starting
2025-04-24 14:04:52,160 [IPC Server listener on 15048] INFO  ipc.Server (Server.java:run(1553)) - IPC Server listener on 15048: starting
2025-04-24 14:04:52,162 [main] INFO  om.OzoneManager (OzoneManager.java:startTrashEmptier(2257)) - Trash Interval set to 0. Files deleted won't move to trash
2025-04-24 14:04:52,163 [main] INFO  ozone.MiniOzoneHAClusterImpl (MiniOzoneHAClusterImpl.java:createOMService(516)) - Started OzoneManager omNode-1 RPC server at localhost/127.0.0.1:15048
2025-04-24 14:04:52,163 [main] INFO  ha.OMHANodeDetails (OMHANodeDetails.java:loadOMHAConfig(120)) - ServiceID for OzoneManager is om-service-test1
2025-04-24 14:04:52,164 [main] INFO  ha.OMHANodeDetails (OMHANodeDetails.java:loadOMHAConfig(200)) - Found matching OM address with OMServiceId: om-service-test1, OMNodeId: omNode-2, RPC Address: localhost:15052 and Ratis port: 15055
2025-04-24 14:04:52,164 [main] INFO  ha.OMHANodeDetails (ConfUtils.java:setNodeSpecificConfigs(98)) - Setting configuration key ozone.om.http-address with value of key ozone.om.http-address.om-service-test1.omNode-2: 127.0.0.1:15053
2025-04-24 14:04:52,164 [main] INFO  ha.OMHANodeDetails (ConfUtils.java:setNodeSpecificConfigs(98)) - Setting configuration key ozone.om.https-address with value of key ozone.om.https-address.om-service-test1.omNode-2: 127.0.0.1:15054
2025-04-24 14:04:52,164 [main] INFO  ha.OMHANodeDetails (ConfUtils.java:setNodeSpecificConfigs(98)) - Setting configuration key ozone.om.address with value of key ozone.om.address.om-service-test1.omNode-2: 127.0.0.1:15052
2025-04-24 14:04:52,164 [main] WARN  server.ServerUtils (ServerUtils.java:getDBPath(297)) - ozone.om.db.dirs is not configured. We recommend adding this setting. Falling back to ozone.metadata.dirs instead.
2025-04-24 14:04:52,165 [main] INFO  proxy.SCMBlockLocationFailoverProxyProvider (SCMFailoverProxyProviderBase.java:<init>(120)) - Created fail-over proxy for protocol ScmBlockLocationProtocolPB with 1 nodes: [nodeId=scmNodeId,nodeAddress=/0.0.0.0:15043]
OM initialization succeeded.Current cluster id for sd=/home/runner/work/ozone/ozone/hadoop-ozone/integration-test/target/test-dir/MiniOzoneClusterImpl-9c5b6909-9e9c-47e3-ad7a-324826695869/omNode-2/om;cid=9c5b6909-9e9c-47e3-ad7a-324826695869;layoutVersion=8
2025-04-24 14:04:52,169 [main] INFO  ha.OMHANodeDetails (OMHANodeDetails.java:loadOMHAConfig(120)) - ServiceID for OzoneManager is om-service-test1
2025-04-24 14:04:52,170 [main] INFO  ha.OMHANodeDetails (OMHANodeDetails.java:loadOMHAConfig(200)) - Found matching OM address with OMServiceId: om-service-test1, OMNodeId: omNode-2, RPC Address: localhost:15052 and Ratis port: 15055
2025-04-24 14:04:52,170 [main] INFO  ha.OMHANodeDetails (ConfUtils.java:setNodeSpecificConfigs(98)) - Setting configuration key ozone.om.http-address with value of key ozone.om.http-address.om-service-test1.omNode-2: 127.0.0.1:15053
2025-04-24 14:04:52,170 [main] INFO  ha.OMHANodeDetails (ConfUtils.java:setNodeSpecificConfigs(98)) - Setting configuration key ozone.om.https-address with value of key ozone.om.https-address.om-service-test1.omNode-2: 127.0.0.1:15054
2025-04-24 14:04:52,170 [main] INFO  ha.OMHANodeDetails (ConfUtils.java:setNodeSpecificConfigs(98)) - Setting configuration key ozone.om.address with value of key ozone.om.address.om-service-test1.omNode-2: 127.0.0.1:15052
2025-04-24 14:04:52,170 [main] WARN  server.ServerUtils (ServerUtils.java:getDBPath(297)) - ozone.om.db.dirs is not configured. We recommend adding this setting. Falling back to ozone.metadata.dirs instead.
2025-04-24 14:04:52,172 [main] INFO  upgrade.AbstractLayoutVersionManager (AbstractLayoutVersionManager.java:init(80)) - Initializing Layout version manager with metadata layout = DELEGATION_TOKEN_SYMMETRIC_SIGN (version = 8), software layout = DELEGATION_TOKEN_SYMMETRIC_SIGN (version = 8)
2025-04-24 14:04:52,235 [main] INFO  reflections.Reflections (Reflections.java:scan(219)) - Reflections took 63 ms to scan 2 urls, producing 203 keys and 603 values
2025-04-24 14:04:52,235 [main] INFO  upgrade.OMLayoutVersionManager (OMLayoutVersionManager.java:lambda$0(110)) - Skipping Upgrade Action QuotaRepairUpgradeAction since it has been finalized.
2025-04-24 14:04:52,235 [main] INFO  upgrade.OMLayoutVersionManager (OMLayoutVersionManager.java:lambda$0(110)) - Skipping Upgrade Action MockOmUpgradeAction since it has been finalized.
2025-04-24 14:04:52,236 [main] WARN  server.ServerUtils (ServerUtils.java:getDBPath(297)) - ozone.om.db.dirs is not configured. We recommend adding this setting. Falling back to ozone.metadata.dirs instead.
2025-04-24 14:04:52,236 [main] INFO  om.OzoneManager (OzoneManager.java:setReplicationFromConfig(4612)) - Set default replication in OM: RATIS/3 -> RATIS/THREE
2025-04-24 14:04:52,236 [main] INFO  proxy.SCMContainerLocationFailoverProxyProvider (SCMFailoverProxyProviderBase.java:<init>(120)) - Created fail-over proxy for protocol StorageContainerLocationProtocolPB with 1 nodes: [nodeId=scmNodeId,nodeAddress=/0.0.0.0:15042]
2025-04-24 14:04:52,237 [main] INFO  proxy.SCMBlockLocationFailoverProxyProvider (SCMFailoverProxyProviderBase.java:<init>(120)) - Created fail-over proxy for protocol ScmBlockLocationProtocolPB with 1 nodes: [nodeId=scmNodeId,nodeAddress=/0.0.0.0:15043]
2025-04-24 14:04:52,238 [main] INFO  proxy.SCMBlockLocationFailoverProxyProvider (SCMFailoverProxyProviderBase.java:<init>(120)) - Created fail-over proxy for protocol ScmBlockLocationProtocolPB with 1 nodes: [nodeId=scmNodeId,nodeAddress=/0.0.0.0:15043]
2025-04-24 14:04:52,242 [main] INFO  om.OzoneManager (OzoneManager.java:<init>(689)) - OM start with adminUsers: [*, runner]
2025-04-24 14:04:52,243 [main] WARN  server.ServerUtils (ServerUtils.java:getDBPath(297)) - ozone.om.db.dirs is not configured. We recommend adding this setting. Falling back to ozone.metadata.dirs instead.
2025-04-24 14:04:52,395 [main] INFO  om.OzoneManager (OzoneManager.java:instantiateServices(933)) - S3 Multi-Tenancy is disabled
2025-04-24 14:04:52,396 [main] INFO  om.OmSnapshotManager (OmSnapshotManager.java:<init>(180)) - Ozone filesystem snapshot feature is enabled.
2025-04-24 14:04:52,396 [main] WARN  server.ServerUtils (ServerUtils.java:getDBPath(297)) - ozone.om.snapshot.diff.db.dir is not configured. We recommend adding this setting. Falling back to ozone.metadata.dirs instead.
2025-04-24 14:04:52,413 [main] INFO  om.OzoneManager (OzoneManager.java:addS3GVolumeToDB(4670)) - Created Volume s3v With Owner runner required for S3Gateway operations.
2025-04-24 14:04:52,413 [main] WARN  server.ServerUtils (ServerUtils.java:getDefaultRatisDirectory(309)) - Storage directory for Ratis is not configured. It is a good idea to map this to an SSD disk. Falling back to ozone.metadata.dirs
2025-04-24 14:04:52,413 [main] WARN  utils.OzoneManagerRatisUtils (OzoneManagerRatisUtils.java:getOMRatisSnapshotDirectory(488)) - ozone.om.ratis.snapshot.dir is not configured. Falling back to ozone.metadata.dirs config
2025-04-24 14:04:52,414 [main] INFO  utils.RDBSnapshotProvider (RDBSnapshotProvider.java:init(85)) - Cleaning up the candidate dir: /home/runner/work/ozone/ozone/hadoop-ozone/integration-test/target/test-dir/MiniOzoneClusterImpl-9c5b6909-9e9c-47e3-ad7a-324826695869/omNode-2/snapshot/om.db.candidate
2025-04-24 14:04:52,414 [main] INFO  ratis_snapshot.OmRatisSnapshotProvider (OmRatisSnapshotProvider.java:<init>(98)) - Initializing OM Snapshot Provider
2025-04-24 14:04:52,415 [main] WARN  dropwizard3.Dm3MetricRegistriesImpl (Dm3MetricRegistriesImpl.java:addReporterRegistration(114)) - New reporters are added after registries were created. Some metrics will be missing from the reporter. Please add reporter before adding any new registry.
2025-04-24 14:04:52,415 [main] WARN  dropwizard3.Dm3MetricRegistriesImpl (Dm3MetricRegistriesImpl.java:addReporterRegistration(114)) - New reporters are added after registries were created. Some metrics will be missing from the reporter. Please add reporter before adding any new registry.
2025-04-24 14:04:52,415 [main] WARN  server.ServerUtils (ServerUtils.java:getDefaultRatisDirectory(309)) - Storage directory for Ratis is not configured. It is a good idea to map this to an SSD disk. Falling back to ozone.metadata.dirs
2025-04-24 14:04:52,415 [main] INFO  server.RaftServerConfigKeys (ConfUtils.java:logGet(46)) - raft.server.log.appender.buffer.byte-limit = 4194304 (custom)
2025-04-24 14:04:52,416 [main] INFO  ratis.OzoneManagerRatisServer (OzoneManagerRatisServer.java:<init>(167)) - Instantiating OM Ratis server with groupID: om-service-test1 and peers: localhost:15055, localhost:15059, localhost:15051
2025-04-24 14:04:52,417 [main] INFO  ratis.OzoneManagerStateMachine (OzoneManagerStateMachine.java:loadSnapshotInfoFromDB(613)) - TransactionInfo not found in OM DB.
2025-04-24 14:04:52,417 [main] INFO  server.RaftServer (ConfUtils.java:logGet(46)) - raft.rpc.type = GRPC (default)
2025-04-24 14:04:52,417 [main] INFO  grpc.GrpcConfigKeys (ConfUtils.java:logFallback(53)) - raft.grpc.admin.host = null (fallback to raft.grpc.server.host)
2025-04-24 14:04:52,417 [main] INFO  grpc.GrpcConfigKeys (ConfUtils.java:logFallback(53)) - raft.grpc.admin.port = 15055 (fallback to raft.grpc.server.port)
2025-04-24 14:04:52,418 [main] INFO  grpc.GrpcConfigKeys (ConfUtils.java:logFallback(53)) - raft.grpc.client.host = null (fallback to raft.grpc.server.host)
2025-04-24 14:04:52,418 [main] INFO  grpc.GrpcConfigKeys (ConfUtils.java:logFallback(53)) - raft.grpc.client.port = 15055 (fallback to raft.grpc.server.port)
2025-04-24 14:04:52,418 [main] INFO  grpc.GrpcConfigKeys (ConfUtils.java:logGet(46)) - raft.grpc.server.host = null (default)
2025-04-24 14:04:52,418 [main] INFO  grpc.GrpcConfigKeys (ConfUtils.java:logGet(46)) - raft.grpc.server.port = 15055 (custom)
2025-04-24 14:04:52,418 [main] INFO  server.GrpcService (ConfUtils.java:logGet(46)) - raft.grpc.message.size.max = 5242880 (custom)
2025-04-24 14:04:52,418 [main] INFO  server.GrpcService (ConfUtils.java:logGet(46)) - raft.grpc.flow.control.window = 1MB (=1048576) (default)
2025-04-24 14:04:52,418 [main] INFO  server.RaftServerConfigKeys (ConfUtils.java:logGet(46)) - raft.server.rpc.request.timeout = 3000ms (default)
2025-04-24 14:04:52,418 [main] INFO  grpc.GrpcConfigKeys (ConfUtils.java:logGet(46)) - raft.grpc.server.heartbeat.channel = true (default)
2025-04-24 14:04:52,418 [main] INFO  server.RaftServerConfigKeys (ConfUtils.java:logGet(46)) - raft.server.log.appender.buffer.byte-limit = 4194304 (custom)
2025-04-24 14:04:52,418 [main] INFO  grpc.GrpcConfigKeys (ConfUtils.java:logGet(46)) - raft.grpc.server.async.request.thread.pool.cached = true (default)
2025-04-24 14:04:52,418 [main] INFO  grpc.GrpcConfigKeys (ConfUtils.java:logGet(46)) - raft.grpc.server.async.request.thread.pool.size = 32 (default)
2025-04-24 14:04:52,419 [main] INFO  impl.DataStreamServerImpl (ConfUtils.java:logGet(46)) - raft.datastream.type = DISABLED (default)
2025-04-24 14:04:52,419 [main] INFO  server.RaftServerConfigKeys (ConfUtils.java:logGet(46)) - raft.server.sleep.deviation.threshold = 300ms (default)
2025-04-24 14:04:52,419 [main] INFO  server.RaftServerConfigKeys (ConfUtils.java:logGet(46)) - raft.server.close.threshold = 60s (default)
2025-04-24 14:04:52,419 [main] INFO  server.RaftServerConfigKeys (ConfUtils.java:logGet(46)) - raft.server.leaderelection.leader.step-down.wait-time = 10s (default)
2025-04-24 14:04:52,420 [main] INFO  server.RaftServerConfigKeys (ConfUtils.java:logGet(46)) - raft.server.storage.dir = [/home/runner/work/ozone/ozone/hadoop-ozone/integration-test/target/test-dir/MiniOzoneClusterImpl-9c5b6909-9e9c-47e3-ad7a-324826695869/omNode-2/ratis] (custom)
2025-04-24 14:04:52,420 [main] INFO  server.RaftServerConfigKeys (ConfUtils.java:logGet(46)) - raft.server.threadpool.proxy.cached = true (default)
2025-04-24 14:04:52,420 [main] INFO  server.RaftServerConfigKeys (ConfUtils.java:logGet(46)) - raft.server.threadpool.proxy.size = 0 (default)
2025-04-24 14:04:52,420 [main] INFO  server.RaftServer (RaftServerProxy.java:addNew(100)) - omNode-2: addNew group-523986131536:[omNode-3|localhost:15059, omNode-1|localhost:15051, omNode-2|localhost:15055] returns group-523986131536:java.util.concurrent.CompletableFuture@31632df2[Not completed]
2025-04-24 14:04:52,421 [main] INFO  om.OzoneManager (OzoneManager.java:initializeRatisServer(2303)) - OzoneManager Ratis server initialized at port 15055
2025-04-24 14:04:52,421 [omNode-2-groupManagement] INFO  server.RaftServer$Division (RaftServerImpl.java:<init>(255)) - omNode-2: new RaftServerImpl for group-523986131536:[omNode-3|localhost:15059, omNode-1|localhost:15051, omNode-2|localhost:15055] with OzoneManagerStateMachine:uninitialized
2025-04-24 14:04:52,421 [main] INFO  om.OzoneManager (OzoneManager.java:getRpcServer(1360)) - Creating RPC Server
2025-04-24 14:04:52,421 [omNode-2-groupManagement] INFO  server.RaftServerConfigKeys (ConfUtils.java:logGet(46)) - raft.server.rpc.timeout.min = 1s (custom)
2025-04-24 14:04:52,421 [omNode-2-groupManagement] INFO  server.RaftServerConfigKeys (ConfUtils.java:logGet(46)) - raft.server.rpc.timeout.max = 1200ms (custom)
2025-04-24 14:04:52,421 [omNode-2-groupManagement] INFO  server.RaftServerConfigKeys (ConfUtils.java:logGet(46)) - raft.server.rpc.sleep.time = 25ms (default)
2025-04-24 14:04:52,421 [omNode-2-groupManagement] INFO  server.RaftServerConfigKeys (ConfUtils.java:logGet(46)) - raft.server.rpc.slowness.timeout = 2s (custom)
2025-04-24 14:04:52,421 [omNode-2-groupManagement] INFO  server.RaftServerConfigKeys (ConfUtils.java:logGet(46)) - raft.server.leaderelection.leader.step-down.wait-time = 10s (default)
2025-04-24 14:04:52,421 [omNode-2-groupManagement] INFO  server.RaftServerConfigKeys (ConfUtils.java:logGet(46)) - raft.server.leaderelection.member.majority-add = false (default)
2025-04-24 14:04:52,421 [omNode-2-groupManagement] INFO  server.RaftServerConfigKeys (ConfUtils.java:logGet(46)) - raft.server.sleep.deviation.threshold = 300ms (default)
2025-04-24 14:04:52,421 [omNode-2-groupManagement] INFO  server.RaftServer$Division (ServerState.java:<init>(114)) - omNode-2@group-523986131536: ConfigurationManager, init=conf: {index: -1, cur=peers:[omNode-3|localhost:15059, omNode-1|localhost:15051, omNode-2|localhost:15055]|listeners:[], old=null}, confs=<EMPTY_MAP>
2025-04-24 14:04:52,421 [omNode-2-groupManagement] INFO  server.RaftServerConfigKeys (ConfUtils.java:logGet(46)) - raft.server.notification.no-leader.timeout = 2s (custom)
2025-04-24 14:04:52,421 [omNode-2-groupManagement] INFO  server.RaftServerConfigKeys (ConfUtils.java:logGet(46)) - raft.server.read.timeout = 10s (default)
2025-04-24 14:04:52,421 [omNode-2-groupManagement] INFO  server.RaftServerConfigKeys (ConfUtils.java:logGet(46)) - raft.server.retrycache.expirytime = 30000ms (custom)
2025-04-24 14:04:52,421 [omNode-2-groupManagement] INFO  server.RaftServerConfigKeys (ConfUtils.java:logGet(46)) - raft.server.retrycache.statistics.expirytime = 100ms (default)
2025-04-24 14:04:52,422 [omNode-2-groupManagement] INFO  server.RaftServerConfigKeys (ConfUtils.java:logGet(46)) - raft.server.read.option = DEFAULT (default)
2025-04-24 14:04:52,422 [omNode-2-groupManagement] INFO  server.RaftServerConfigKeys (ConfUtils.java:logGet(46)) - raft.server.read.read-after-write-consistent.write-index-cache.expiry-time = 60s (default)
2025-04-24 14:04:52,424 [omNode-2-groupManagement] INFO  server.RaftServerConfigKeys (ConfUtils.java:logGet(46)) - raft.server.rpc.request.timeout = 3000ms (default)
2025-04-24 14:04:52,424 [omNode-2-groupManagement] INFO  server.RaftServerConfigKeys (ConfUtils.java:logGet(46)) - raft.server.log.appender.install.snapshot.enabled = false (custom)
2025-04-24 14:04:52,424 [omNode-2-groupManagement] INFO  server.RaftServerConfigKeys (ConfUtils.java:logGet(46)) - raft.server.threadpool.server.cached = true (default)
2025-04-24 14:04:52,424 [omNode-2-groupManagement] INFO  server.RaftServerConfigKeys (ConfUtils.java:logGet(46)) - raft.server.threadpool.server.size = 0 (default)
2025-04-24 14:04:52,424 [omNode-2-groupManagement] INFO  server.RaftServerConfigKeys (ConfUtils.java:logGet(46)) - raft.server.threadpool.client.cached = true (default)
2025-04-24 14:04:52,424 [omNode-2-groupManagement] INFO  server.RaftServerConfigKeys (ConfUtils.java:logGet(46)) - raft.server.threadpool.client.size = 0 (default)
2025-04-24 14:04:52,787 [main] INFO  reflections.Reflections (Reflections.java:scan(219)) - Reflections took 366 ms to scan 22 urls, producing 61 keys and 7423 values
2025-04-24 14:04:52,788 [main] INFO  ipc.CallQueueManager (CallQueueManager.java:<init>(93)) - Using callQueue: class java.util.concurrent.LinkedBlockingQueue, queueCapacity: 2000, scheduler: class org.apache.hadoop.ipc.DefaultRpcScheduler, ipcBackoff: false, ipcFailOver: false.
2025-04-24 14:04:52,789 [main] INFO  ipc.Server (Server.java:<init>(1438)) - Listener at 127.0.0.1:15052
2025-04-24 14:04:52,789 [Socket Reader #1 for port 15052] INFO  ipc.Server (Server.java:run(1474)) - Starting Socket Reader #1 for port 15052
2025-04-24 14:04:52,789 [Socket Reader #2 for port 15052] INFO  ipc.Server (Server.java:run(1474)) - Starting Socket Reader #2 for port 15052
2025-04-24 14:04:52,789 [Socket Reader #3 for port 15052] INFO  ipc.Server (Server.java:run(1474)) - Starting Socket Reader #3 for port 15052
2025-04-24 14:04:52,790 [Socket Reader #4 for port 15052] INFO  ipc.Server (Server.java:run(1474)) - Starting Socket Reader #4 for port 15052
2025-04-24 14:04:52,790 [Socket Reader #5 for port 15052] INFO  ipc.Server (Server.java:run(1474)) - Starting Socket Reader #5 for port 15052
2025-04-24 14:04:52,790 [Socket Reader #6 for port 15052] INFO  ipc.Server (Server.java:run(1474)) - Starting Socket Reader #6 for port 15052
2025-04-24 14:04:52,790 [Socket Reader #7 for port 15052] INFO  ipc.Server (Server.java:run(1474)) - Starting Socket Reader #7 for port 15052
2025-04-24 14:04:52,790 [Socket Reader #8 for port 15052] INFO  ipc.Server (Server.java:run(1474)) - Starting Socket Reader #8 for port 15052
2025-04-24 14:04:52,790 [Socket Reader #9 for port 15052] INFO  ipc.Server (Server.java:run(1474)) - Starting Socket Reader #9 for port 15052
2025-04-24 14:04:52,790 [Socket Reader #10 for port 15052] INFO  ipc.Server (Server.java:run(1474)) - Starting Socket Reader #10 for port 15052
2025-04-24 14:04:52,807 [main] INFO  impl.MetricsSystemImpl (MetricsSystemImpl.java:init(158)) - OzoneManager metrics system started (again)
2025-04-24 14:04:52,817 [main] INFO  om.OzoneManager (OzoneManager.java:start(1787)) - OzoneManager RPC server is listening at localhost/127.0.0.1:15052
2025-04-24 14:04:52,818 [main] INFO  ratis.OzoneManagerRatisServer (OzoneManagerRatisServer.java:start(628)) - Starting OzoneManagerRatisServer omNode-2 at port 15055
2025-04-24 14:04:52,818 [omNode-2-impl-thread1] INFO  server.RaftServerConfigKeys (ConfUtils.java:logGet(46)) - raft.server.storage.free-space.min = 0MB (=0) (default)
2025-04-24 14:04:52,818 [omNode-2-impl-thread1] INFO  server.RaftServerConfigKeys (ConfUtils.java:logGet(46)) - raft.server.log.corruption.policy = EXCEPTION (default)
2025-04-24 14:04:52,818 [omNode-2-impl-thread1] INFO  server.RaftServerConfigKeys (ConfUtils.java:logGet(46)) - raft.server.storage.dir = [/home/runner/work/ozone/ozone/hadoop-ozone/integration-test/target/test-dir/MiniOzoneClusterImpl-9c5b6909-9e9c-47e3-ad7a-324826695869/omNode-2/ratis] (custom)
2025-04-24 14:04:52,818 [omNode-2-impl-thread1] INFO  storage.RaftStorageDirectory (RaftStorageDirectoryImpl.java:analyzeStorage(138)) - The storage directory /home/runner/work/ozone/ozone/hadoop-ozone/integration-test/target/test-dir/MiniOzoneClusterImpl-9c5b6909-9e9c-47e3-ad7a-324826695869/omNode-2/ratis/c9bc4cf4-3bc3-3c60-a66b-523986131536 does not exist. Creating ...
2025-04-24 14:04:52,819 [omNode-2-impl-thread1] INFO  storage.RaftStorageDirectory (RaftStorageDirectoryImpl.java:tryLock(229)) - Lock on /home/runner/work/ozone/ozone/hadoop-ozone/integration-test/target/test-dir/MiniOzoneClusterImpl-9c5b6909-9e9c-47e3-ad7a-324826695869/omNode-2/ratis/c9bc4cf4-3bc3-3c60-a66b-523986131536/in_use.lock acquired by nodename 129728@fv-az2210-761
2025-04-24 14:04:52,820 [omNode-2-impl-thread1] INFO  storage.RaftStorage (RaftStorageImpl.java:format(98)) - Storage directory /home/runner/work/ozone/ozone/hadoop-ozone/integration-test/target/test-dir/MiniOzoneClusterImpl-9c5b6909-9e9c-47e3-ad7a-324826695869/omNode-2/ratis/c9bc4cf4-3bc3-3c60-a66b-523986131536 has been successfully formatted.
2025-04-24 14:04:52,820 [omNode-2-impl-thread1] INFO  ratis.OzoneManagerStateMachine (OzoneManagerStateMachine.java:lambda$0(138)) - omNode-2: initialize group-523986131536 with (t:0, i:~)
2025-04-24 14:04:52,820 [omNode-2-impl-thread1] INFO  server.RaftServerConfigKeys (ConfUtils.java:logGet(46)) - raft.server.log.use.memory = false (default)
2025-04-24 14:04:52,820 [omNode-2-impl-thread1] INFO  server.RaftServerConfigKeys (ConfUtils.java:logGet(46)) - raft.server.log.purge.gap = 50 (custom)
2025-04-24 14:04:52,820 [omNode-2-impl-thread1] INFO  server.RaftServerConfigKeys (ConfUtils.java:logGet(46)) - raft.server.log.appender.buffer.byte-limit = 4194304 (custom)
2025-04-24 14:04:52,821 [omNode-2-impl-thread1] INFO  server.RaftServerConfigKeys (ConfUtils.java:logGet(46)) - raft.server.log.statemachine.data.read.timeout = 1000ms (default)
2025-04-24 14:04:52,821 [omNode-2-impl-thread1] INFO  server.RaftServerConfigKeys (ConfUtils.java:logGet(46)) - raft.server.log.purge.preservation.log.num = 0 (default)
2025-04-24 14:04:52,821 [omNode-2-impl-thread1] INFO  server.RaftServerConfigKeys (ConfUtils.java:logGet(46)) - raft.server.log.segment.size.max = 4194304 (custom)
2025-04-24 14:04:52,822 [omNode-2-impl-thread1] INFO  server.RaftServerConfigKeys (ConfUtils.java:logGet(46)) - raft.server.log.segment.cache.num.max = 2 (custom)
2025-04-24 14:04:52,822 [omNode-2-impl-thread1] INFO  server.RaftServerConfigKeys (ConfUtils.java:logGet(46)) - raft.server.log.segment.cache.size.max = 200MB (=209715200) (default)
2025-04-24 14:04:52,822 [omNode-2-impl-thread1] INFO  server.RaftServerConfigKeys (ConfUtils.java:logGet(46)) - raft.server.log.appender.buffer.byte-limit = 4194304 (custom)
2025-04-24 14:04:52,822 [omNode-2-impl-thread1] INFO  util.AwaitToRun (AwaitToRun.java:start(81)) - Thread[#8663,omNode-2@group-523986131536-cacheEviction-AwaitToRun,5,main] started
2025-04-24 14:04:52,822 [omNode-2-impl-thread1] INFO  segmented.SegmentedRaftLogWorker (SegmentedRaftLogWorker.java:<init>(188)) - new omNode-2@group-523986131536-SegmentedRaftLogWorker for RaftStorageImpl:Storage Directory /home/runner/work/ozone/ozone/hadoop-ozone/integration-test/target/test-dir/MiniOzoneClusterImpl-9c5b6909-9e9c-47e3-ad7a-324826695869/omNode-2/ratis/c9bc4cf4-3bc3-3c60-a66b-523986131536
2025-04-24 14:04:52,822 [omNode-2-impl-thread1] INFO  server.RaftServerConfigKeys (ConfUtils.java:logGet(46)) - raft.server.log.queue.byte-limit = 64MB (=67108864) (default)
2025-04-24 14:04:52,822 [omNode-2-impl-thread1] INFO  server.RaftServerConfigKeys (ConfUtils.java:logGet(46)) - raft.server.log.queue.element-limit = 4096 (default)
2025-04-24 14:04:52,822 [omNode-2-impl-thread1] INFO  server.RaftServerConfigKeys (ConfUtils.java:logGet(46)) - raft.server.log.segment.size.max = 4194304 (custom)
2025-04-24 14:04:52,822 [omNode-2-impl-thread1] INFO  server.RaftServerConfigKeys (ConfUtils.java:logGet(46)) - raft.server.log.preallocated.size = 4194304 (custom)
2025-04-24 14:04:52,822 [omNode-2-impl-thread1] INFO  server.RaftServerConfigKeys (ConfUtils.java:logGet(46)) - raft.server.log.force.sync.num = 128 (default)
2025-04-24 14:04:52,822 [omNode-2-impl-thread1] INFO  server.RaftServerConfigKeys (ConfUtils.java:logGet(46)) - raft.server.log.statemachine.data.sync = true (default)
2025-04-24 14:04:52,822 [omNode-2-impl-thread1] INFO  server.RaftServerConfigKeys (ConfUtils.java:logGet(46)) - raft.server.log.statemachine.data.sync.timeout = 10s (default)
2025-04-24 14:04:52,822 [omNode-2-impl-thread1] INFO  server.RaftServerConfigKeys (ConfUtils.java:logGet(46)) - raft.server.log.statemachine.data.sync.timeout.retry = -1 (default)
2025-04-24 14:04:52,823 [omNode-2-impl-thread1] INFO  server.RaftServerConfigKeys (ConfUtils.java:logGet(46)) - raft.server.log.write.buffer.size = 4194312 (custom)
2025-04-24 14:04:52,823 [omNode-2-impl-thread1] INFO  server.RaftServerConfigKeys (ConfUtils.java:logGet(46)) - raft.server.log.appender.buffer.byte-limit = 4194304 (custom)
2025-04-24 14:04:52,823 [omNode-2-impl-thread1] INFO  server.RaftServerConfigKeys (ConfUtils.java:logGet(46)) - raft.server.log.unsafe-flush.enabled = false (default)
2025-04-24 14:04:52,823 [omNode-2-impl-thread1] INFO  server.RaftServerConfigKeys (ConfUtils.java:logGet(46)) - raft.server.log.async-flush.enabled = false (default)
2025-04-24 14:04:52,823 [omNode-2-impl-thread1] INFO  server.RaftServerConfigKeys (ConfUtils.java:logGet(46)) - raft.server.log.statemachine.data.caching.enabled = false (default)
2025-04-24 14:04:52,823 [omNode-2-impl-thread1] INFO  segmented.SegmentedRaftLogWorker (SegmentedRaftLogWorker.java:lambda$new$0(139)) - omNode-2@group-523986131536-SegmentedRaftLogWorker: flushIndex: setUnconditionally 0 -> -1
2025-04-24 14:04:52,823 [omNode-2-impl-thread1] INFO  segmented.SegmentedRaftLogWorker (SegmentedRaftLogWorker.java:lambda$new$0(139)) - omNode-2@group-523986131536-SegmentedRaftLogWorker: safeCacheEvictIndex: setUnconditionally 0 -> -1
2025-04-24 14:04:52,823 [omNode-2-impl-thread1] INFO  server.RaftServer$Division (RaftServerImpl.java:start(391)) - omNode-2@group-523986131536: start as a follower, conf=conf: {index: -1, cur=peers:[omNode-3|localhost:15059, omNode-1|localhost:15051, omNode-2|localhost:15055]|listeners:[], old=null}
2025-04-24 14:04:52,824 [omNode-2-impl-thread1] INFO  server.RaftServer$Division (RaftServerImpl.java:setRole(378)) - omNode-2@group-523986131536: changes role from      null to FOLLOWER at term 0 for startAsFollower
2025-04-24 14:04:52,824 [omNode-2-impl-thread1] INFO  impl.RoleInfo (RoleInfo.java:updateAndGet(148)) - omNode-2: start omNode-2@group-523986131536-FollowerState
2025-04-24 14:04:52,824 [omNode-2-impl-thread1] INFO  util.JmxRegister (JmxRegister.java:tryRegister(44)) - Successfully registered JMX Bean with object name Ratis:service=RaftServer,group=group-523986131536,id=omNode-2
2025-04-24 14:04:52,824 [omNode-2-impl-thread1] INFO  util.JmxRegister (JmxRegister.java:register(58)) - register mxBean class org.apache.ratis.server.impl.RaftServerJmxAdapter as Ratis:service=RaftServer,group=group-523986131536,id=omNode-2
2025-04-24 14:04:52,824 [omNode-2-impl-thread1] INFO  server.RaftServerConfigKeys (ConfUtils.java:logGet(46)) - raft.server.snapshot.trigger-when-stop.enabled = true (default)
2025-04-24 14:04:52,824 [omNode-2-impl-thread1] INFO  server.RaftServerConfigKeys (ConfUtils.java:logGet(46)) - raft.server.snapshot.trigger-when-remove.enabled = true (default)
2025-04-24 14:04:52,824 [omNode-2-impl-thread1] INFO  server.RaftServerConfigKeys (ConfUtils.java:logGet(46)) - raft.server.snapshot.auto.trigger.enabled = true (custom)
2025-04-24 14:04:52,824 [omNode-2@group-523986131536-FollowerState] INFO  server.RaftServerConfigKeys (ConfUtils.java:logFallback(53)) - raft.server.rpc.first-election.timeout.min = 1s (fallback to raft.server.rpc.timeout.min)
2025-04-24 14:04:52,824 [omNode-2@group-523986131536-FollowerState] INFO  server.RaftServerConfigKeys (ConfUtils.java:logFallback(53)) - raft.server.rpc.first-election.timeout.max = 1200ms (fallback to raft.server.rpc.timeout.max)
2025-04-24 14:04:52,824 [omNode-2-impl-thread1] INFO  server.RaftServerConfigKeys (ConfUtils.java:logGet(46)) - raft.server.snapshot.auto.trigger.threshold = 50 (custom)
2025-04-24 14:04:52,824 [omNode-2-impl-thread1] INFO  server.RaftServerConfigKeys (ConfUtils.java:logGet(46)) - raft.server.snapshot.retention.file.num = -1 (default)
2025-04-24 14:04:52,824 [omNode-2-impl-thread1] INFO  server.RaftServerConfigKeys (ConfUtils.java:logGet(46)) - raft.server.log.purge.upto.snapshot.index = true (custom)
2025-04-24 14:04:52,825 [omNode-2-impl-thread1] INFO  server.RaftServer$Division (RaftServerImpl.java:start(405)) - omNode-2@group-523986131536: Successfully started.
2025-04-24 14:04:52,825 [main] INFO  server.RaftServer (RaftServerProxy.java:startImpl(407)) - omNode-2: start RPC server
2025-04-24 14:04:52,825 [main] INFO  server.GrpcService (GrpcService.java:startImpl(334)) - omNode-2: GrpcService started, listening on 15055
2025-04-24 14:04:52,825 [JvmPauseMonitor44] INFO  util.JvmPauseMonitor (JvmPauseMonitor.java:run(146)) - JvmPauseMonitor-omNode-2: Started
2025-04-24 14:04:52,826 [main] INFO  om.OzoneManager (OzoneManager.java:start(1802)) - Version File has different layout version (8) than OM DB (null). That is expected if this OM has never been finalized to a newer layout version.
2025-04-24 14:04:52,828 [main] INFO  client.ScmTopologyClient (ScmTopologyClient.java:start(70)) - Initial network topology fetched from SCM: /.
2025-04-24 14:04:52,828 [main] INFO  net.NodeSchemaLoader (NodeSchemaLoader.java:loadSchemaFromFile(127)) - Loading schema from [jar:file:/home/runner/work/ozone/ozone/hadoop-hdds/common/target/hdds-common-2.1.0-SNAPSHOT.jar!/network-topology-default.xml]
2025-04-24 14:04:52,828 [main] INFO  net.NodeSchemaLoader (NodeSchemaLoader.java:loadSchema(174)) - Loading network topology layer schema file
2025-04-24 14:04:52,833 [main] INFO  http.BaseHttpServer (BaseHttpServer.java:newHttpServer2BuilderForOzone(229)) - Starting Web-server for ozoneManager at: http://0.0.0.0:15053
2025-04-24 14:04:52,833 [main] INFO  http.BaseHttpServer (BaseHttpServer.java:<init>(107)) - Hadoop Security Enabled: false Ozone Security Enabled: false Ozone HTTP Security Enabled: false 
2025-04-24 14:04:52,834 [main] WARN  server.AuthenticationFilter (AuthenticationFilter.java:constructSecretProvider(240)) - Unable to initialize FileSignerSecretProvider, falling back to use random secrets. Reason: Could not read signature secret file: /home/runner/hadoop-http-auth-signature-secret
2025-04-24 14:04:52,836 [main] INFO  http.HttpServer2 (HttpServer2.java:addGlobalFilter(1041)) - Added global filter 'safety' (class=org.apache.hadoop.hdds.server.http.HttpServer2$QuotingInputFilter)
2025-04-24 14:04:52,836 [main] INFO  http.HttpServer2 (HttpServer2.java:addFilter(1017)) - Added filter static_user_filter (class=org.apache.hadoop.http.lib.StaticUserWebFilter$StaticUserFilter) to context ozoneManager
2025-04-24 14:04:52,836 [main] INFO  http.HttpServer2 (HttpServer2.java:addFilter(1025)) - Added filter static_user_filter (class=org.apache.hadoop.http.lib.StaticUserWebFilter$StaticUserFilter) to context logs
2025-04-24 14:04:52,836 [main] INFO  http.HttpServer2 (HttpServer2.java:addFilter(1025)) - Added filter static_user_filter (class=org.apache.hadoop.http.lib.StaticUserWebFilter$StaticUserFilter) to context static
2025-04-24 14:04:52,837 [main] INFO  http.BaseHttpServer (BaseHttpServer.java:<init>(195)) - HTTP server of ozoneManager uses base directory /home/runner/work/ozone/ozone/hadoop-ozone/integration-test/target/test-dir/MiniOzoneClusterImpl-9c5b6909-9e9c-47e3-ad7a-324826695869/omNode-2/webserver
2025-04-24 14:04:52,837 [main] INFO  http.HttpServer2 (HttpServer2.java:bindListener(1241)) - Jetty bound to port 15053
2025-04-24 14:04:52,837 [main] INFO  server.Server (Server.java:doStart(375)) - jetty-9.4.57.v20241219; built: 2025-01-08T21:24:30.412Z; git: df524e6b29271c2e09ba9aea83c18dc9db464a31; jvm 21.0.7+6-LTS
2025-04-24 14:04:52,839 [main] INFO  server.session (DefaultSessionIdManager.java:doStart(334)) - DefaultSessionIdManager workerName=node0
2025-04-24 14:04:52,839 [main] INFO  server.session (DefaultSessionIdManager.java:doStart(339)) - No SessionScavenger set, using defaults
2025-04-24 14:04:52,839 [main] INFO  server.session (HouseKeeper.java:startScavenging(132)) - node0 Scavenging every 600000ms
2025-04-24 14:04:52,840 [main] INFO  handler.ContextHandler (ContextHandler.java:doStart(921)) - Started o.e.j.s.ServletContextHandler@4f0816b0{logs,/logs,file:///home/runner/work/ozone/ozone/hadoop-ozone/integration-test/target/log,AVAILABLE}
2025-04-24 14:04:52,840 [main] INFO  handler.ContextHandler (ContextHandler.java:doStart(921)) - Started o.e.j.s.ServletContextHandler@202328df{static,/static,file:///home/runner/work/ozone/ozone/hadoop-ozone/integration-test/target/test-classes/webapps/static,AVAILABLE}
2025-04-24 14:04:52,845 [main] INFO  handler.ContextHandler (ContextHandler.java:doStart(921)) - Started o.e.j.w.WebAppContext@360d363{ozoneManager,/,file:///home/runner/work/ozone/ozone/hadoop-ozone/integration-test/target/test-classes/webapps/ozoneManager/,AVAILABLE}{file:/home/runner/work/ozone/ozone/hadoop-ozone/integration-test/target/test-classes/webapps/ozoneManager}
2025-04-24 14:04:52,846 [main] INFO  server.AbstractConnector (AbstractConnector.java:doStart(333)) - Started ServerConnector@6962da36{HTTP/1.1, (http/1.1)}{0.0.0.0:15053}
2025-04-24 14:04:52,846 [main] INFO  server.Server (Server.java:doStart(415)) - Started @174178ms
2025-04-24 14:04:52,846 [main] WARN  impl.MetricsSystemImpl (MetricsSystemImpl.java:register(279)) - Sink prometheus already exists!
2025-04-24 14:04:52,846 [main] INFO  http.BaseHttpServer (BaseHttpServer.java:updateConnectorAddress(360)) - HTTP server of ozoneManager listening at http://0.0.0.0:15053
2025-04-24 14:04:52,847 [IPC Server Responder] INFO  ipc.Server (Server.java:run(1713)) - IPC Server Responder: starting
2025-04-24 14:04:52,847 [IPC Server listener on 15052] INFO  ipc.Server (Server.java:run(1553)) - IPC Server listener on 15052: starting
2025-04-24 14:04:52,850 [main] INFO  om.OzoneManager (OzoneManager.java:startTrashEmptier(2257)) - Trash Interval set to 0. Files deleted won't move to trash
2025-04-24 14:04:52,850 [main] INFO  ozone.MiniOzoneHAClusterImpl (MiniOzoneHAClusterImpl.java:createOMService(516)) - Started OzoneManager omNode-2 RPC server at localhost/127.0.0.1:15052
2025-04-24 14:04:52,851 [main] INFO  ha.OMHANodeDetails (OMHANodeDetails.java:loadOMHAConfig(120)) - ServiceID for OzoneManager is om-service-test1
2025-04-24 14:04:52,851 [main] INFO  ha.OMHANodeDetails (OMHANodeDetails.java:loadOMHAConfig(200)) - Found matching OM address with OMServiceId: om-service-test1, OMNodeId: omNode-3, RPC Address: localhost:15056 and Ratis port: 15059
2025-04-24 14:04:52,851 [main] INFO  ha.OMHANodeDetails (ConfUtils.java:setNodeSpecificConfigs(98)) - Setting configuration key ozone.om.http-address with value of key ozone.om.http-address.om-service-test1.omNode-3: 127.0.0.1:15057
2025-04-24 14:04:52,851 [main] INFO  ha.OMHANodeDetails (ConfUtils.java:setNodeSpecificConfigs(98)) - Setting configuration key ozone.om.https-address with value of key ozone.om.https-address.om-service-test1.omNode-3: 127.0.0.1:15058
2025-04-24 14:04:52,851 [main] INFO  ha.OMHANodeDetails (ConfUtils.java:setNodeSpecificConfigs(98)) - Setting configuration key ozone.om.address with value of key ozone.om.address.om-service-test1.omNode-3: 127.0.0.1:15056
2025-04-24 14:04:52,851 [main] WARN  server.ServerUtils (ServerUtils.java:getDBPath(297)) - ozone.om.db.dirs is not configured. We recommend adding this setting. Falling back to ozone.metadata.dirs instead.
2025-04-24 14:04:52,853 [main] INFO  proxy.SCMBlockLocationFailoverProxyProvider (SCMFailoverProxyProviderBase.java:<init>(120)) - Created fail-over proxy for protocol ScmBlockLocationProtocolPB with 1 nodes: [nodeId=scmNodeId,nodeAddress=/0.0.0.0:15043]
OM initialization succeeded.Current cluster id for sd=/home/runner/work/ozone/ozone/hadoop-ozone/integration-test/target/test-dir/MiniOzoneClusterImpl-9c5b6909-9e9c-47e3-ad7a-324826695869/omNode-3/om;cid=9c5b6909-9e9c-47e3-ad7a-324826695869;layoutVersion=8
2025-04-24 14:04:52,857 [main] INFO  ha.OMHANodeDetails (OMHANodeDetails.java:loadOMHAConfig(120)) - ServiceID for OzoneManager is om-service-test1
2025-04-24 14:04:52,858 [main] INFO  ha.OMHANodeDetails (OMHANodeDetails.java:loadOMHAConfig(200)) - Found matching OM address with OMServiceId: om-service-test1, OMNodeId: omNode-3, RPC Address: localhost:15056 and Ratis port: 15059
2025-04-24 14:04:52,858 [main] INFO  ha.OMHANodeDetails (ConfUtils.java:setNodeSpecificConfigs(98)) - Setting configuration key ozone.om.http-address with value of key ozone.om.http-address.om-service-test1.omNode-3: 127.0.0.1:15057
2025-04-24 14:04:52,858 [main] INFO  ha.OMHANodeDetails (ConfUtils.java:setNodeSpecificConfigs(98)) - Setting configuration key ozone.om.https-address with value of key ozone.om.https-address.om-service-test1.omNode-3: 127.0.0.1:15058
2025-04-24 14:04:52,858 [main] INFO  ha.OMHANodeDetails (ConfUtils.java:setNodeSpecificConfigs(98)) - Setting configuration key ozone.om.address with value of key ozone.om.address.om-service-test1.omNode-3: 127.0.0.1:15056
2025-04-24 14:04:52,858 [main] WARN  server.ServerUtils (ServerUtils.java:getDBPath(297)) - ozone.om.db.dirs is not configured. We recommend adding this setting. Falling back to ozone.metadata.dirs instead.
2025-04-24 14:04:52,859 [main] INFO  upgrade.AbstractLayoutVersionManager (AbstractLayoutVersionManager.java:init(80)) - Initializing Layout version manager with metadata layout = DELEGATION_TOKEN_SYMMETRIC_SIGN (version = 8), software layout = DELEGATION_TOKEN_SYMMETRIC_SIGN (version = 8)
2025-04-24 14:04:52,918 [main] INFO  reflections.Reflections (Reflections.java:scan(219)) - Reflections took 58 ms to scan 2 urls, producing 203 keys and 603 values
2025-04-24 14:04:52,918 [main] INFO  upgrade.OMLayoutVersionManager (OMLayoutVersionManager.java:lambda$0(110)) - Skipping Upgrade Action QuotaRepairUpgradeAction since it has been finalized.
2025-04-24 14:04:52,918 [main] INFO  upgrade.OMLayoutVersionManager (OMLayoutVersionManager.java:lambda$0(110)) - Skipping Upgrade Action MockOmUpgradeAction since it has been finalized.
2025-04-24 14:04:52,918 [main] WARN  server.ServerUtils (ServerUtils.java:getDBPath(297)) - ozone.om.db.dirs is not configured. We recommend adding this setting. Falling back to ozone.metadata.dirs instead.
2025-04-24 14:04:52,919 [main] INFO  om.OzoneManager (OzoneManager.java:setReplicationFromConfig(4612)) - Set default replication in OM: RATIS/3 -> RATIS/THREE
2025-04-24 14:04:52,919 [main] INFO  proxy.SCMContainerLocationFailoverProxyProvider (SCMFailoverProxyProviderBase.java:<init>(120)) - Created fail-over proxy for protocol StorageContainerLocationProtocolPB with 1 nodes: [nodeId=scmNodeId,nodeAddress=/0.0.0.0:15042]
2025-04-24 14:04:52,920 [main] INFO  proxy.SCMBlockLocationFailoverProxyProvider (SCMFailoverProxyProviderBase.java:<init>(120)) - Created fail-over proxy for protocol ScmBlockLocationProtocolPB with 1 nodes: [nodeId=scmNodeId,nodeAddress=/0.0.0.0:15043]
2025-04-24 14:04:52,921 [main] INFO  proxy.SCMBlockLocationFailoverProxyProvider (SCMFailoverProxyProviderBase.java:<init>(120)) - Created fail-over proxy for protocol ScmBlockLocationProtocolPB with 1 nodes: [nodeId=scmNodeId,nodeAddress=/0.0.0.0:15043]
2025-04-24 14:04:52,924 [main] INFO  om.OzoneManager (OzoneManager.java:<init>(689)) - OM start with adminUsers: [*, runner]
2025-04-24 14:04:52,924 [main] WARN  server.ServerUtils (ServerUtils.java:getDBPath(297)) - ozone.om.db.dirs is not configured. We recommend adding this setting. Falling back to ozone.metadata.dirs instead.
2025-04-24 14:04:53,053 [main] INFO  om.OzoneManager (OzoneManager.java:instantiateServices(933)) - S3 Multi-Tenancy is disabled
2025-04-24 14:04:53,054 [main] INFO  om.OmSnapshotManager (OmSnapshotManager.java:<init>(180)) - Ozone filesystem snapshot feature is enabled.
2025-04-24 14:04:53,054 [main] WARN  server.ServerUtils (ServerUtils.java:getDBPath(297)) - ozone.om.snapshot.diff.db.dir is not configured. We recommend adding this setting. Falling back to ozone.metadata.dirs instead.
2025-04-24 14:04:53,071 [main] INFO  om.OzoneManager (OzoneManager.java:addS3GVolumeToDB(4670)) - Created Volume s3v With Owner runner required for S3Gateway operations.
2025-04-24 14:04:53,071 [main] WARN  server.ServerUtils (ServerUtils.java:getDefaultRatisDirectory(309)) - Storage directory for Ratis is not configured. It is a good idea to map this to an SSD disk. Falling back to ozone.metadata.dirs
2025-04-24 14:04:53,071 [main] WARN  utils.OzoneManagerRatisUtils (OzoneManagerRatisUtils.java:getOMRatisSnapshotDirectory(488)) - ozone.om.ratis.snapshot.dir is not configured. Falling back to ozone.metadata.dirs config
2025-04-24 14:04:53,071 [main] INFO  utils.RDBSnapshotProvider (RDBSnapshotProvider.java:init(85)) - Cleaning up the candidate dir: /home/runner/work/ozone/ozone/hadoop-ozone/integration-test/target/test-dir/MiniOzoneClusterImpl-9c5b6909-9e9c-47e3-ad7a-324826695869/omNode-3/snapshot/om.db.candidate
2025-04-24 14:04:53,071 [main] INFO  ratis_snapshot.OmRatisSnapshotProvider (OmRatisSnapshotProvider.java:<init>(98)) - Initializing OM Snapshot Provider
2025-04-24 14:04:53,072 [main] WARN  dropwizard3.Dm3MetricRegistriesImpl (Dm3MetricRegistriesImpl.java:addReporterRegistration(114)) - New reporters are added after registries were created. Some metrics will be missing from the reporter. Please add reporter before adding any new registry.
2025-04-24 14:04:53,072 [main] WARN  dropwizard3.Dm3MetricRegistriesImpl (Dm3MetricRegistriesImpl.java:addReporterRegistration(114)) - New reporters are added after registries were created. Some metrics will be missing from the reporter. Please add reporter before adding any new registry.
2025-04-24 14:04:53,073 [main] WARN  server.ServerUtils (ServerUtils.java:getDefaultRatisDirectory(309)) - Storage directory for Ratis is not configured. It is a good idea to map this to an SSD disk. Falling back to ozone.metadata.dirs
2025-04-24 14:04:53,073 [main] INFO  server.RaftServerConfigKeys (ConfUtils.java:logGet(46)) - raft.server.log.appender.buffer.byte-limit = 4194304 (custom)
2025-04-24 14:04:53,073 [main] INFO  ratis.OzoneManagerRatisServer (OzoneManagerRatisServer.java:<init>(167)) - Instantiating OM Ratis server with groupID: om-service-test1 and peers: localhost:15059, localhost:15051, localhost:15055
2025-04-24 14:04:53,074 [main] INFO  ratis.OzoneManagerStateMachine (OzoneManagerStateMachine.java:loadSnapshotInfoFromDB(613)) - TransactionInfo not found in OM DB.
2025-04-24 14:04:53,074 [main] INFO  server.RaftServer (ConfUtils.java:logGet(46)) - raft.rpc.type = GRPC (default)
2025-04-24 14:04:53,074 [main] INFO  grpc.GrpcConfigKeys (ConfUtils.java:logFallback(53)) - raft.grpc.admin.host = null (fallback to raft.grpc.server.host)
2025-04-24 14:04:53,074 [main] INFO  grpc.GrpcConfigKeys (ConfUtils.java:logFallback(53)) - raft.grpc.admin.port = 15059 (fallback to raft.grpc.server.port)
2025-04-24 14:04:53,074 [main] INFO  grpc.GrpcConfigKeys (ConfUtils.java:logFallback(53)) - raft.grpc.client.host = null (fallback to raft.grpc.server.host)
2025-04-24 14:04:53,075 [main] INFO  grpc.GrpcConfigKeys (ConfUtils.java:logFallback(53)) - raft.grpc.client.port = 15059 (fallback to raft.grpc.server.port)
2025-04-24 14:04:53,075 [main] INFO  grpc.GrpcConfigKeys (ConfUtils.java:logGet(46)) - raft.grpc.server.host = null (default)
2025-04-24 14:04:53,075 [main] INFO  grpc.GrpcConfigKeys (ConfUtils.java:logGet(46)) - raft.grpc.server.port = 15059 (custom)
2025-04-24 14:04:53,075 [main] INFO  server.GrpcService (ConfUtils.java:logGet(46)) - raft.grpc.message.size.max = 5242880 (custom)
2025-04-24 14:04:53,075 [main] INFO  server.GrpcService (ConfUtils.java:logGet(46)) - raft.grpc.flow.control.window = 1MB (=1048576) (default)
2025-04-24 14:04:53,075 [main] INFO  server.RaftServerConfigKeys (ConfUtils.java:logGet(46)) - raft.server.rpc.request.timeout = 3000ms (default)
2025-04-24 14:04:53,075 [main] INFO  grpc.GrpcConfigKeys (ConfUtils.java:logGet(46)) - raft.grpc.server.heartbeat.channel = true (default)
2025-04-24 14:04:53,075 [main] INFO  server.RaftServerConfigKeys (ConfUtils.java:logGet(46)) - raft.server.log.appender.buffer.byte-limit = 4194304 (custom)
2025-04-24 14:04:53,075 [main] INFO  grpc.GrpcConfigKeys (ConfUtils.java:logGet(46)) - raft.grpc.server.async.request.thread.pool.cached = true (default)
2025-04-24 14:04:53,075 [main] INFO  grpc.GrpcConfigKeys (ConfUtils.java:logGet(46)) - raft.grpc.server.async.request.thread.pool.size = 32 (default)
2025-04-24 14:04:53,076 [main] INFO  impl.DataStreamServerImpl (ConfUtils.java:logGet(46)) - raft.datastream.type = DISABLED (default)
2025-04-24 14:04:53,076 [main] INFO  server.RaftServerConfigKeys (ConfUtils.java:logGet(46)) - raft.server.sleep.deviation.threshold = 300ms (default)
2025-04-24 14:04:53,076 [main] INFO  server.RaftServerConfigKeys (ConfUtils.java:logGet(46)) - raft.server.close.threshold = 60s (default)
2025-04-24 14:04:53,076 [main] INFO  server.RaftServerConfigKeys (ConfUtils.java:logGet(46)) - raft.server.leaderelection.leader.step-down.wait-time = 10s (default)
2025-04-24 14:04:53,076 [main] INFO  server.RaftServerConfigKeys (ConfUtils.java:logGet(46)) - raft.server.storage.dir = [/home/runner/work/ozone/ozone/hadoop-ozone/integration-test/target/test-dir/MiniOzoneClusterImpl-9c5b6909-9e9c-47e3-ad7a-324826695869/omNode-3/ratis] (custom)
2025-04-24 14:04:53,076 [main] INFO  server.RaftServerConfigKeys (ConfUtils.java:logGet(46)) - raft.server.threadpool.proxy.cached = true (default)
2025-04-24 14:04:53,077 [main] INFO  server.RaftServerConfigKeys (ConfUtils.java:logGet(46)) - raft.server.threadpool.proxy.size = 0 (default)
2025-04-24 14:04:53,077 [main] INFO  server.RaftServer (RaftServerProxy.java:addNew(100)) - omNode-3: addNew group-523986131536:[omNode-3|localhost:15059, omNode-1|localhost:15051, omNode-2|localhost:15055] returns group-523986131536:java.util.concurrent.CompletableFuture@5960c576[Not completed]
2025-04-24 14:04:53,077 [main] INFO  om.OzoneManager (OzoneManager.java:initializeRatisServer(2303)) - OzoneManager Ratis server initialized at port 15059
2025-04-24 14:04:53,077 [omNode-3-groupManagement] INFO  server.RaftServer$Division (RaftServerImpl.java:<init>(255)) - omNode-3: new RaftServerImpl for group-523986131536:[omNode-3|localhost:15059, omNode-1|localhost:15051, omNode-2|localhost:15055] with OzoneManagerStateMachine:uninitialized
2025-04-24 14:04:53,077 [main] INFO  om.OzoneManager (OzoneManager.java:getRpcServer(1360)) - Creating RPC Server
2025-04-24 14:04:53,077 [omNode-3-groupManagement] INFO  server.RaftServerConfigKeys (ConfUtils.java:logGet(46)) - raft.server.rpc.timeout.min = 1s (custom)
2025-04-24 14:04:53,078 [omNode-3-groupManagement] INFO  server.RaftServerConfigKeys (ConfUtils.java:logGet(46)) - raft.server.rpc.timeout.max = 1200ms (custom)
2025-04-24 14:04:53,078 [omNode-3-groupManagement] INFO  server.RaftServerConfigKeys (ConfUtils.java:logGet(46)) - raft.server.rpc.sleep.time = 25ms (default)
2025-04-24 14:04:53,078 [omNode-3-groupManagement] INFO  server.RaftServerConfigKeys (ConfUtils.java:logGet(46)) - raft.server.rpc.slowness.timeout = 2s (custom)
2025-04-24 14:04:53,078 [omNode-3-groupManagement] INFO  server.RaftServerConfigKeys (ConfUtils.java:logGet(46)) - raft.server.leaderelection.leader.step-down.wait-time = 10s (default)
2025-04-24 14:04:53,078 [omNode-3-groupManagement] INFO  server.RaftServerConfigKeys (ConfUtils.java:logGet(46)) - raft.server.leaderelection.member.majority-add = false (default)
2025-04-24 14:04:53,078 [omNode-3-groupManagement] INFO  server.RaftServerConfigKeys (ConfUtils.java:logGet(46)) - raft.server.sleep.deviation.threshold = 300ms (default)
2025-04-24 14:04:53,078 [omNode-3-groupManagement] INFO  server.RaftServer$Division (ServerState.java:<init>(114)) - omNode-3@group-523986131536: ConfigurationManager, init=conf: {index: -1, cur=peers:[omNode-3|localhost:15059, omNode-1|localhost:15051, omNode-2|localhost:15055]|listeners:[], old=null}, confs=<EMPTY_MAP>
2025-04-24 14:04:53,078 [omNode-3-groupManagement] INFO  server.RaftServerConfigKeys (ConfUtils.java:logGet(46)) - raft.server.notification.no-leader.timeout = 2s (custom)
2025-04-24 14:04:53,078 [omNode-3-groupManagement] INFO  server.RaftServerConfigKeys (ConfUtils.java:logGet(46)) - raft.server.read.timeout = 10s (default)
2025-04-24 14:04:53,078 [omNode-3-groupManagement] INFO  server.RaftServerConfigKeys (ConfUtils.java:logGet(46)) - raft.server.retrycache.expirytime = 30000ms (custom)
2025-04-24 14:04:53,078 [omNode-3-groupManagement] INFO  server.RaftServerConfigKeys (ConfUtils.java:logGet(46)) - raft.server.retrycache.statistics.expirytime = 100ms (default)
2025-04-24 14:04:53,078 [omNode-3-groupManagement] INFO  server.RaftServerConfigKeys (ConfUtils.java:logGet(46)) - raft.server.read.option = DEFAULT (default)
2025-04-24 14:04:53,078 [omNode-3-groupManagement] INFO  server.RaftServerConfigKeys (ConfUtils.java:logGet(46)) - raft.server.read.read-after-write-consistent.write-index-cache.expiry-time = 60s (default)
2025-04-24 14:04:53,080 [omNode-3-groupManagement] INFO  server.RaftServerConfigKeys (ConfUtils.java:logGet(46)) - raft.server.rpc.request.timeout = 3000ms (default)
2025-04-24 14:04:53,080 [omNode-3-groupManagement] INFO  server.RaftServerConfigKeys (ConfUtils.java:logGet(46)) - raft.server.log.appender.install.snapshot.enabled = false (custom)
2025-04-24 14:04:53,080 [omNode-3-groupManagement] INFO  server.RaftServerConfigKeys (ConfUtils.java:logGet(46)) - raft.server.threadpool.server.cached = true (default)
2025-04-24 14:04:53,080 [omNode-3-groupManagement] INFO  server.RaftServerConfigKeys (ConfUtils.java:logGet(46)) - raft.server.threadpool.server.size = 0 (default)
2025-04-24 14:04:53,080 [omNode-3-groupManagement] INFO  server.RaftServerConfigKeys (ConfUtils.java:logGet(46)) - raft.server.threadpool.client.cached = true (default)
2025-04-24 14:04:53,080 [omNode-3-groupManagement] INFO  server.RaftServerConfigKeys (ConfUtils.java:logGet(46)) - raft.server.threadpool.client.size = 0 (default)
2025-04-24 14:04:53,274 [omNode-1@group-523986131536-FollowerState] INFO  impl.FollowerState (FollowerState.java:runImpl(161)) - omNode-1@group-523986131536-FollowerState: change to CANDIDATE, lastRpcElapsedTime:1139056012ns, electionTimeout:1138ms
2025-04-24 14:04:53,274 [omNode-1@group-523986131536-FollowerState] INFO  impl.RoleInfo (RoleInfo.java:shutdownFollowerState(121)) - omNode-1: shutdown omNode-1@group-523986131536-FollowerState
2025-04-24 14:04:53,274 [omNode-1@group-523986131536-FollowerState] INFO  server.RaftServer$Division (RaftServerImpl.java:setRole(378)) - omNode-1@group-523986131536: changes role from  FOLLOWER to CANDIDATE at term 0 for changeToCandidate
2025-04-24 14:04:53,274 [omNode-1@group-523986131536-FollowerState] INFO  server.RaftServerConfigKeys (ConfUtils.java:logGet(46)) - raft.server.leaderelection.pre-vote = true (default)
2025-04-24 14:04:53,274 [omNode-1@group-523986131536-FollowerState] INFO  impl.RoleInfo (RoleInfo.java:updateAndGet(148)) - omNode-1: start omNode-1@group-523986131536-LeaderElection39
2025-04-24 14:04:53,275 [omNode-1@group-523986131536-LeaderElection39] INFO  impl.LeaderElection (LeaderElection.java:askForVotes(332)) - omNode-1@group-523986131536-LeaderElection39 PRE_VOTE round 0: submit vote requests at term 0 for conf: {index: -1, cur=peers:[omNode-3|localhost:15059, omNode-1|localhost:15051, omNode-2|localhost:15055]|listeners:[], old=null}
2025-04-24 14:04:53,275 [omNode-1@group-523986131536-LeaderElection39-1] INFO  server.GrpcServerProtocolClient (GrpcServerProtocolClient.java:<init>(65)) - Build channel for omNode-3|localhost:15059
2025-04-24 14:04:53,276 [omNode-1@group-523986131536-LeaderElection39-2] INFO  server.GrpcServerProtocolClient (GrpcServerProtocolClient.java:<init>(65)) - Build channel for omNode-2|localhost:15055
2025-04-24 14:04:53,275 [omNode-1@group-523986131536-LeaderElection39] INFO  server.RaftServerConfigKeys (ConfUtils.java:logFallback(53)) - raft.server.rpc.first-election.timeout.min = 1s (fallback to raft.server.rpc.timeout.min)
2025-04-24 14:04:53,276 [omNode-1@group-523986131536-LeaderElection39] INFO  server.RaftServerConfigKeys (ConfUtils.java:logFallback(53)) - raft.server.rpc.first-election.timeout.max = 1200ms (fallback to raft.server.rpc.timeout.max)
2025-04-24 14:04:53,280 [omNode-1@group-523986131536-LeaderElection39] INFO  impl.LeaderElection (LogUtils.java:infoOrTrace(136)) - omNode-1@group-523986131536-LeaderElection39 got exception when requesting votes: java.util.concurrent.ExecutionException: org.apache.ratis.thirdparty.io.grpc.StatusRuntimeException: UNAVAILABLE: io exception
2025-04-24 14:04:53,283 [grpc-default-executor-0] INFO  server.RaftServer$Division (RaftServerImpl.java:requestVote(1407)) - omNode-2@group-523986131536: receive requestVote(PRE_VOTE, omNode-1, group-523986131536, 0, (t:0, i:~))
2025-04-24 14:04:53,283 [grpc-default-executor-0] INFO  impl.VoteContext (VoteContext.java:log(49)) - omNode-2@group-523986131536-FOLLOWER: accept PRE_VOTE from omNode-1: our priority 0 <= candidate's priority 0
2025-04-24 14:04:53,283 [grpc-default-executor-0] INFO  server.RaftServer$Division (RaftServerImpl.java:requestVote(1441)) - omNode-2@group-523986131536 replies to PRE_VOTE vote request: omNode-1<-omNode-2#0:OK-t0. Peer's state: omNode-2@group-523986131536:t0, leader=null, voted=, raftlog=Memoized:omNode-2@group-523986131536-SegmentedRaftLog:OPENED:c-1:lastnull, conf=conf: {index: -1, cur=peers:[omNode-3|localhost:15059, omNode-1|localhost:15051, omNode-2|localhost:15055]|listeners:[], old=null}
2025-04-24 14:04:53,284 [omNode-1@group-523986131536-LeaderElection39] INFO  impl.LeaderElection (LeaderElection.java:logAndReturn(90)) - omNode-1@group-523986131536-LeaderElection39: PRE_VOTE PASSED received 1 response(s) and 1 exception(s):
2025-04-24 14:04:53,284 [omNode-1@group-523986131536-LeaderElection39] INFO  impl.LeaderElection (LeaderElection.java:logAndReturn(94)) -   Response 0: omNode-1<-omNode-2#0:OK-t0
2025-04-24 14:04:53,284 [omNode-1@group-523986131536-LeaderElection39] INFO  impl.LeaderElection (LogUtils.java:infoOrTrace(136)) -   Exception 1: java.util.concurrent.ExecutionException: org.apache.ratis.thirdparty.io.grpc.StatusRuntimeException: UNAVAILABLE: io exception
2025-04-24 14:04:53,284 [omNode-1@group-523986131536-LeaderElection39] INFO  impl.LeaderElection (LeaderElection.java:askForVotes(334)) - omNode-1@group-523986131536-LeaderElection39 PRE_VOTE round 0: result PASSED
2025-04-24 14:04:53,286 [omNode-1@group-523986131536-LeaderElection39] INFO  impl.LeaderElection (LeaderElection.java:askForVotes(332)) - omNode-1@group-523986131536-LeaderElection39 ELECTION round 0: submit vote requests at term 1 for conf: {index: -1, cur=peers:[omNode-3|localhost:15059, omNode-1|localhost:15051, omNode-2|localhost:15055]|listeners:[], old=null}
2025-04-24 14:04:53,286 [omNode-1@group-523986131536-LeaderElection39] INFO  server.RaftServerConfigKeys (ConfUtils.java:logFallback(53)) - raft.server.rpc.first-election.timeout.min = 1s (fallback to raft.server.rpc.timeout.min)
2025-04-24 14:04:53,286 [omNode-1@group-523986131536-LeaderElection39] INFO  server.RaftServerConfigKeys (ConfUtils.java:logFallback(53)) - raft.server.rpc.first-election.timeout.max = 1200ms (fallback to raft.server.rpc.timeout.max)
2025-04-24 14:04:53,287 [omNode-1@group-523986131536-LeaderElection39] INFO  impl.LeaderElection (LogUtils.java:infoOrTrace(136)) - omNode-1@group-523986131536-LeaderElection39 got exception when requesting votes: java.util.concurrent.ExecutionException: org.apache.ratis.thirdparty.io.grpc.StatusRuntimeException: UNAVAILABLE: io exception
2025-04-24 14:04:53,287 [grpc-default-executor-0] INFO  server.RaftServer$Division (RaftServerImpl.java:requestVote(1407)) - omNode-2@group-523986131536: receive requestVote(ELECTION, omNode-1, group-523986131536, 1, (t:0, i:~))
2025-04-24 14:04:53,287 [grpc-default-executor-0] INFO  impl.VoteContext (VoteContext.java:log(49)) - omNode-2@group-523986131536-FOLLOWER: accept ELECTION from omNode-1: our priority 0 <= candidate's priority 0
2025-04-24 14:04:53,287 [grpc-default-executor-0] INFO  server.RaftServer$Division (RaftServerImpl.java:setRole(378)) - omNode-2@group-523986131536: changes role from  FOLLOWER to FOLLOWER at term 0 for candidate:omNode-1
2025-04-24 14:04:53,287 [grpc-default-executor-0] INFO  impl.RoleInfo (RoleInfo.java:shutdownFollowerState(121)) - omNode-2: shutdown omNode-2@group-523986131536-FollowerState
2025-04-24 14:04:53,288 [grpc-default-executor-0] INFO  impl.RoleInfo (RoleInfo.java:updateAndGet(148)) - omNode-2: start omNode-2@group-523986131536-FollowerState
2025-04-24 14:04:53,288 [omNode-2@group-523986131536-FollowerState] INFO  impl.FollowerState (FollowerState.java:runImpl(170)) - omNode-2@group-523986131536-FollowerState was interrupted
2025-04-24 14:04:53,288 [grpc-default-executor-0] INFO  server.RaftServer$Division (RaftServerImpl.java:setFirstElection(562)) - omNode-2@group-523986131536: set firstElectionSinceStartup to false for candidate:omNode-1
2025-04-24 14:04:53,289 [grpc-default-executor-0] INFO  server.RaftServer$Division (RaftServerImpl.java:requestVote(1441)) - omNode-2@group-523986131536 replies to ELECTION vote request: omNode-1<-omNode-2#0:OK-t1. Peer's state: omNode-2@group-523986131536:t1, leader=null, voted=omNode-1, raftlog=Memoized:omNode-2@group-523986131536-SegmentedRaftLog:OPENED:c-1:lastnull, conf=conf: {index: -1, cur=peers:[omNode-3|localhost:15059, omNode-1|localhost:15051, omNode-2|localhost:15055]|listeners:[], old=null}
2025-04-24 14:04:53,289 [omNode-1@group-523986131536-LeaderElection39] INFO  impl.LeaderElection (LeaderElection.java:logAndReturn(90)) - omNode-1@group-523986131536-LeaderElection39: ELECTION PASSED received 1 response(s) and 1 exception(s):
2025-04-24 14:04:53,290 [omNode-1@group-523986131536-LeaderElection39] INFO  impl.LeaderElection (LeaderElection.java:logAndReturn(94)) -   Response 0: omNode-1<-omNode-2#0:OK-t1
2025-04-24 14:04:53,290 [omNode-1@group-523986131536-LeaderElection39] INFO  impl.LeaderElection (LogUtils.java:infoOrTrace(136)) -   Exception 1: java.util.concurrent.ExecutionException: org.apache.ratis.thirdparty.io.grpc.StatusRuntimeException: UNAVAILABLE: io exception
2025-04-24 14:04:53,290 [omNode-1@group-523986131536-LeaderElection39] INFO  impl.LeaderElection (LeaderElection.java:askForVotes(334)) - omNode-1@group-523986131536-LeaderElection39 ELECTION round 0: result PASSED
2025-04-24 14:04:53,290 [omNode-1@group-523986131536-LeaderElection39] INFO  impl.RoleInfo (RoleInfo.java:shutdownLeaderElection(141)) - omNode-1: shutdown omNode-1@group-523986131536-LeaderElection39
2025-04-24 14:04:53,290 [omNode-1@group-523986131536-LeaderElection39] INFO  server.RaftServer$Division (RaftServerImpl.java:setRole(378)) - omNode-1@group-523986131536: changes role from CANDIDATE to LEADER at term 1 for changeToLeader
2025-04-24 14:04:53,290 [omNode-1@group-523986131536-LeaderElection39] INFO  server.RaftServerConfigKeys (ConfUtils.java:logGet(46)) - raft.server.staging.catchup.gap = 1000 (default)
2025-04-24 14:04:53,290 [omNode-1@group-523986131536-LeaderElection39] INFO  server.RaftServerConfigKeys (ConfUtils.java:logGet(46)) - raft.server.write.element-limit = 4096 (default)
2025-04-24 14:04:53,290 [omNode-1@group-523986131536-LeaderElection39] INFO  server.RaftServerConfigKeys (ConfUtils.java:logGet(46)) - raft.server.write.byte-limit = 64MB (=67108864) (default)
2025-04-24 14:04:53,290 [omNode-1@group-523986131536-LeaderElection39] INFO  server.RaftServerConfigKeys (ConfUtils.java:logGet(46)) - raft.server.watch.timeout = 10s (default)
2025-04-24 14:04:53,290 [omNode-1@group-523986131536-LeaderElection39] INFO  server.RaftServerConfigKeys (ConfUtils.java:logGet(46)) - raft.server.watch.timeout.denomination = 1s (default)
2025-04-24 14:04:53,290 [omNode-1@group-523986131536-LeaderElection39] INFO  server.RaftServerConfigKeys (ConfUtils.java:logGet(46)) - raft.server.watch.element-limit = 65536 (default)
2025-04-24 14:04:53,291 [omNode-1@group-523986131536-LeaderElection39] INFO  server.RaftServerConfigKeys (ConfUtils.java:logGet(46)) - raft.server.read.leader.lease.enabled = false (default)
2025-04-24 14:04:53,291 [omNode-1@group-523986131536-LeaderElection39] INFO  server.RaftServerConfigKeys (ConfUtils.java:logGet(46)) - raft.server.read.leader.lease.timeout.ratio = 0.9 (default)
2025-04-24 14:04:53,291 [omNode-1@group-523986131536-LeaderElection39] INFO  server.RaftServerConfigKeys (ConfUtils.java:logGet(46)) - raft.server.rpc.timeout.min = 1s (custom)
2025-04-24 14:04:53,291 [omNode-1@group-523986131536-LeaderElection39] INFO  server.RaftServerConfigKeys (ConfUtils.java:logGet(46)) - raft.server.log.log-metadata.enabled = true (default)
2025-04-24 14:04:53,291 [omNode-1@group-523986131536-LeaderElection39] INFO  server.RaftServerConfigKeys (ConfUtils.java:logGet(46)) - raft.server.write.element-limit = 4096 (default)
2025-04-24 14:04:53,291 [omNode-1@group-523986131536-LeaderElection39] INFO  server.RaftServerConfigKeys (ConfUtils.java:logGet(46)) - raft.server.write.follower.gap.ratio.max = -1.0 (default)
2025-04-24 14:04:53,291 [omNode-1@group-523986131536-LeaderElection39] INFO  server.RaftServerConfigKeys (ConfUtils.java:logGet(46)) - raft.server.log.appender.snapshot.chunk.size.max = 16MB (=16777216) (default)
2025-04-24 14:04:53,291 [omNode-1@group-523986131536-LeaderElection39] INFO  server.RaftServerConfigKeys (ConfUtils.java:logGet(46)) - raft.server.log.appender.buffer.byte-limit = 4194304 (custom)
2025-04-24 14:04:53,291 [omNode-1@group-523986131536-LeaderElection39] INFO  server.RaftServerConfigKeys (ConfUtils.java:logGet(46)) - raft.server.log.appender.buffer.element-limit = 1024 (custom)
2025-04-24 14:04:53,291 [omNode-1@group-523986131536-LeaderElection39] INFO  server.RaftServerConfigKeys (ConfUtils.java:logGet(46)) - raft.server.log.appender.wait-time.min = 0ms (custom)
2025-04-24 14:04:53,291 [omNode-1@group-523986131536-LeaderElection39] INFO  grpc.GrpcConfigKeys (ConfUtils.java:logGet(46)) - raft.grpc.server.leader.outstanding.appends.max = 8 (default)
2025-04-24 14:04:53,292 [omNode-1@group-523986131536-LeaderElection39] INFO  server.RaftServerConfigKeys (ConfUtils.java:logGet(46)) - raft.server.rpc.request.timeout = 3000ms (default)
2025-04-24 14:04:53,292 [omNode-1@group-523986131536-LeaderElection39] INFO  grpc.GrpcConfigKeys (ConfUtils.java:logGet(46)) - raft.grpc.server.install_snapshot.request.element-limit = 8 (default)
2025-04-24 14:04:53,292 [omNode-1@group-523986131536-LeaderElection39] INFO  grpc.GrpcConfigKeys (ConfUtils.java:logGet(46)) - raft.grpc.server.install_snapshot.request.timeout = 3000ms (default)
2025-04-24 14:04:53,292 [omNode-1@group-523986131536-LeaderElection39] INFO  grpc.GrpcConfigKeys (ConfUtils.java:logGet(46)) - raft.grpc.server.log-message.batch.duration = 5s (default)
2025-04-24 14:04:53,292 [omNode-1@group-523986131536-LeaderElection39] INFO  server.RaftServerConfigKeys (ConfUtils.java:logGet(46)) - raft.server.log.appender.install.snapshot.enabled = false (custom)
2025-04-24 14:04:53,292 [omNode-1@group-523986131536-LeaderElection39] INFO  grpc.GrpcConfigKeys (ConfUtils.java:logGet(46)) - raft.grpc.server.heartbeat.channel = true (default)
2025-04-24 14:04:53,292 [omNode-1@group-523986131536-LeaderElection39] INFO  server.RaftServerConfigKeys (ConfUtils.java:logGet(46)) - raft.server.log.appender.snapshot.chunk.size.max = 16MB (=16777216) (default)
2025-04-24 14:04:53,292 [omNode-1@group-523986131536-LeaderElection39] INFO  server.RaftServerConfigKeys (ConfUtils.java:logGet(46)) - raft.server.log.appender.buffer.byte-limit = 4194304 (custom)
2025-04-24 14:04:53,292 [omNode-1@group-523986131536-LeaderElection39] INFO  server.RaftServerConfigKeys (ConfUtils.java:logGet(46)) - raft.server.log.appender.buffer.element-limit = 1024 (custom)
2025-04-24 14:04:53,292 [omNode-1@group-523986131536-LeaderElection39] INFO  server.RaftServerConfigKeys (ConfUtils.java:logGet(46)) - raft.server.log.appender.wait-time.min = 0ms (custom)
2025-04-24 14:04:53,292 [omNode-1@group-523986131536-LeaderElection39] INFO  grpc.GrpcConfigKeys (ConfUtils.java:logGet(46)) - raft.grpc.server.leader.outstanding.appends.max = 8 (default)
2025-04-24 14:04:53,292 [omNode-1@group-523986131536-LeaderElection39] INFO  server.RaftServerConfigKeys (ConfUtils.java:logGet(46)) - raft.server.rpc.request.timeout = 3000ms (default)
2025-04-24 14:04:53,292 [omNode-1@group-523986131536-LeaderElection39] INFO  grpc.GrpcConfigKeys (ConfUtils.java:logGet(46)) - raft.grpc.server.install_snapshot.request.element-limit = 8 (default)
2025-04-24 14:04:53,292 [omNode-1@group-523986131536-LeaderElection39] INFO  grpc.GrpcConfigKeys (ConfUtils.java:logGet(46)) - raft.grpc.server.install_snapshot.request.timeout = 3000ms (default)
2025-04-24 14:04:53,293 [omNode-1@group-523986131536-LeaderElection39] INFO  grpc.GrpcConfigKeys (ConfUtils.java:logGet(46)) - raft.grpc.server.log-message.batch.duration = 5s (default)
2025-04-24 14:04:53,293 [omNode-1@group-523986131536-LeaderElection39] INFO  server.RaftServerConfigKeys (ConfUtils.java:logGet(46)) - raft.server.log.appender.install.snapshot.enabled = false (custom)
2025-04-24 14:04:53,293 [omNode-1@group-523986131536-LeaderElection39] INFO  grpc.GrpcConfigKeys (ConfUtils.java:logGet(46)) - raft.grpc.server.heartbeat.channel = true (default)
2025-04-24 14:04:53,293 [omNode-1@group-523986131536-LeaderElection39] INFO  impl.RoleInfo (RoleInfo.java:updateAndGet(148)) - omNode-1: start omNode-1@group-523986131536-LeaderStateImpl
2025-04-24 14:04:53,293 [omNode-1@group-523986131536-LeaderElection39] INFO  server.RaftServer$Division (RaftServerImpl.java:setFirstElection(562)) - omNode-1@group-523986131536: set firstElectionSinceStartup to false for becomeLeader
2025-04-24 14:04:53,293 [omNode-1@group-523986131536-LeaderElection39] INFO  ratis.OzoneManagerStateMachine (OzoneManagerStateMachine.java:notifyLeaderChanged(169)) - omNode-1@group-523986131536: leader changed to omNode-1
2025-04-24 14:04:53,293 [omNode-1@group-523986131536-LeaderElection39] INFO  server.RaftServer$Division (ServerState.java:setLeader(272)) - omNode-1@group-523986131536: change Leader from null to omNode-1 at term 1 for becomeLeader, leader elected after 1593ms
2025-04-24 14:04:53,293 [omNode-1@group-523986131536-LeaderElection39] INFO  segmented.SegmentedRaftLogWorker (SegmentedRaftLogWorker.java:startLogSegment(438)) - omNode-1@group-523986131536-SegmentedRaftLogWorker: Starting segment from index:0
2025-04-24 14:04:53,294 [omNode-1@group-523986131536-SegmentedRaftLogWorker] INFO  segmented.BufferedWriteChannel (BufferedWriteChannel.java:open(61)) - open log_inprogress_0 at position 0
2025-04-24 14:04:53,294 [omNode-1@group-523986131536-LeaderElection39] INFO  server.RaftServer$Division (ServerState.java:setRaftConf(386)) - omNode-1@group-523986131536: set configuration conf: {index: 0, cur=peers:[omNode-3|localhost:15059, omNode-1|localhost:15051, omNode-2|localhost:15055]|listeners:[], old=null}
2025-04-24 14:04:53,297 [grpc-default-executor-0] WARN  server.GrpcLogAppender (LogUtils.java:warn(121)) - omNode-1@group-523986131536->omNode-3-AppendLogResponseHandler: Failed appendEntries: org.apache.ratis.thirdparty.io.grpc.StatusRuntimeException: UNAVAILABLE: io exception
2025-04-24 14:04:53,297 [grpc-default-executor-0] WARN  server.GrpcLogAppender (GrpcLogAppender.java:lambda$resetClient$1(221)) - omNode-1@group-523986131536->omNode-3-GrpcLogAppender: Follower failed (request=null, errorCount=1); keep nextIndex (0) unchanged and retry.
2025-04-24 14:04:53,299 [grpc-default-executor-2] WARN  server.GrpcLogAppender (GrpcLogAppender.java:lambda$resetClient$1(221)) - omNode-1@group-523986131536->omNode-3-GrpcLogAppender: Follower failed (request=null, errorCount=2); keep nextIndex (1) unchanged and retry.
2025-04-24 14:04:53,303 [omNode-1@group-523986131536-SegmentedRaftLogWorker] INFO  segmented.SegmentedRaftLogWorker (SegmentedRaftLogWorker.java:execute(644)) - omNode-1@group-523986131536-SegmentedRaftLogWorker: created new log segment /home/runner/work/ozone/ozone/hadoop-ozone/integration-test/target/test-dir/MiniOzoneClusterImpl-9c5b6909-9e9c-47e3-ad7a-324826695869/omNode-1/ratis/c9bc4cf4-3bc3-3c60-a66b-523986131536/current/log_inprogress_0
2025-04-24 14:04:53,304 [omNode-2-server-thread1] INFO  ratis.OzoneManagerStateMachine (OzoneManagerStateMachine.java:notifyLeaderChanged(169)) - omNode-2@group-523986131536: leader changed to omNode-1
2025-04-24 14:04:53,304 [omNode-2-server-thread1] INFO  server.RaftServer$Division (ServerState.java:setLeader(272)) - omNode-2@group-523986131536: change Leader from null to omNode-1 at term 1 for appendEntries, leader elected after 882ms
2025-04-24 14:04:53,305 [omNode-2-server-thread2] INFO  server.RaftServer$Division (ServerState.java:setRaftConf(386)) - omNode-2@group-523986131536: set configuration conf: {index: 0, cur=peers:[omNode-3|localhost:15059, omNode-1|localhost:15051, omNode-2|localhost:15055]|listeners:[], old=null}
2025-04-24 14:04:53,305 [omNode-2-server-thread2] INFO  segmented.SegmentedRaftLogWorker (SegmentedRaftLogWorker.java:startLogSegment(438)) - omNode-2@group-523986131536-SegmentedRaftLogWorker: Starting segment from index:0
2025-04-24 14:04:53,306 [omNode-2@group-523986131536-SegmentedRaftLogWorker] INFO  segmented.BufferedWriteChannel (BufferedWriteChannel.java:open(61)) - open log_inprogress_0 at position 0
2025-04-24 14:04:53,315 [omNode-2@group-523986131536-SegmentedRaftLogWorker] INFO  segmented.SegmentedRaftLogWorker (SegmentedRaftLogWorker.java:execute(644)) - omNode-2@group-523986131536-SegmentedRaftLogWorker: created new log segment /home/runner/work/ozone/ozone/hadoop-ozone/integration-test/target/test-dir/MiniOzoneClusterImpl-9c5b6909-9e9c-47e3-ad7a-324826695869/omNode-2/ratis/c9bc4cf4-3bc3-3c60-a66b-523986131536/current/log_inprogress_0
2025-04-24 14:04:53,317 [omNode-1@group-523986131536-StateMachineUpdater] INFO  ratis.OzoneManagerStateMachine (OzoneManagerStateMachine.java:notifyConfigurationChanged(231)) - notifyConfigurationChanged from Ratis: term=1, index=0, New Peer list: omNode-3(localhost:15059), omNode-1(localhost:15051), omNode-2(localhost:15055)
2025-04-24 14:04:53,317 [omNode-1@group-523986131536-StateMachineUpdater] INFO  server.RaftServer$Division (LeaderStateImpl.java:checkStartIndex(313)) - Leader omNode-1@group-523986131536-LeaderStateImpl is ready since appliedIndex == startIndex == 0
2025-04-24 14:04:53,452 [main] INFO  reflections.Reflections (Reflections.java:scan(219)) - Reflections took 374 ms to scan 22 urls, producing 61 keys and 7423 values
2025-04-24 14:04:53,453 [main] INFO  ipc.CallQueueManager (CallQueueManager.java:<init>(93)) - Using callQueue: class java.util.concurrent.LinkedBlockingQueue, queueCapacity: 2000, scheduler: class org.apache.hadoop.ipc.DefaultRpcScheduler, ipcBackoff: false, ipcFailOver: false.
2025-04-24 14:04:53,453 [main] INFO  ipc.Server (Server.java:<init>(1438)) - Listener at 127.0.0.1:15056
2025-04-24 14:04:53,454 [Socket Reader #1 for port 15056] INFO  ipc.Server (Server.java:run(1474)) - Starting Socket Reader #1 for port 15056
2025-04-24 14:04:53,454 [Socket Reader #2 for port 15056] INFO  ipc.Server (Server.java:run(1474)) - Starting Socket Reader #2 for port 15056
2025-04-24 14:04:53,454 [Socket Reader #3 for port 15056] INFO  ipc.Server (Server.java:run(1474)) - Starting Socket Reader #3 for port 15056
2025-04-24 14:04:53,454 [Socket Reader #4 for port 15056] INFO  ipc.Server (Server.java:run(1474)) - Starting Socket Reader #4 for port 15056
2025-04-24 14:04:53,454 [Socket Reader #5 for port 15056] INFO  ipc.Server (Server.java:run(1474)) - Starting Socket Reader #5 for port 15056
2025-04-24 14:04:53,454 [Socket Reader #6 for port 15056] INFO  ipc.Server (Server.java:run(1474)) - Starting Socket Reader #6 for port 15056
2025-04-24 14:04:53,455 [Socket Reader #7 for port 15056] INFO  ipc.Server (Server.java:run(1474)) - Starting Socket Reader #7 for port 15056
2025-04-24 14:04:53,455 [Socket Reader #8 for port 15056] INFO  ipc.Server (Server.java:run(1474)) - Starting Socket Reader #8 for port 15056
2025-04-24 14:04:53,455 [Socket Reader #9 for port 15056] INFO  ipc.Server (Server.java:run(1474)) - Starting Socket Reader #9 for port 15056
2025-04-24 14:04:53,455 [Socket Reader #10 for port 15056] INFO  ipc.Server (Server.java:run(1474)) - Starting Socket Reader #10 for port 15056
2025-04-24 14:04:53,472 [main] INFO  impl.MetricsSystemImpl (MetricsSystemImpl.java:init(158)) - OzoneManager metrics system started (again)
2025-04-24 14:04:53,481 [main] INFO  om.OzoneManager (OzoneManager.java:start(1787)) - OzoneManager RPC server is listening at localhost/127.0.0.1:15056
2025-04-24 14:04:53,482 [main] INFO  ratis.OzoneManagerRatisServer (OzoneManagerRatisServer.java:start(628)) - Starting OzoneManagerRatisServer omNode-3 at port 15059
2025-04-24 14:04:53,482 [omNode-3-impl-thread1] INFO  server.RaftServerConfigKeys (ConfUtils.java:logGet(46)) - raft.server.storage.free-space.min = 0MB (=0) (default)
2025-04-24 14:04:53,482 [omNode-3-impl-thread1] INFO  server.RaftServerConfigKeys (ConfUtils.java:logGet(46)) - raft.server.log.corruption.policy = EXCEPTION (default)
2025-04-24 14:04:53,482 [omNode-3-impl-thread1] INFO  server.RaftServerConfigKeys (ConfUtils.java:logGet(46)) - raft.server.storage.dir = [/home/runner/work/ozone/ozone/hadoop-ozone/integration-test/target/test-dir/MiniOzoneClusterImpl-9c5b6909-9e9c-47e3-ad7a-324826695869/omNode-3/ratis] (custom)
2025-04-24 14:04:53,482 [omNode-3-impl-thread1] INFO  storage.RaftStorageDirectory (RaftStorageDirectoryImpl.java:analyzeStorage(138)) - The storage directory /home/runner/work/ozone/ozone/hadoop-ozone/integration-test/target/test-dir/MiniOzoneClusterImpl-9c5b6909-9e9c-47e3-ad7a-324826695869/omNode-3/ratis/c9bc4cf4-3bc3-3c60-a66b-523986131536 does not exist. Creating ...
2025-04-24 14:04:53,483 [omNode-3-impl-thread1] INFO  storage.RaftStorageDirectory (RaftStorageDirectoryImpl.java:tryLock(229)) - Lock on /home/runner/work/ozone/ozone/hadoop-ozone/integration-test/target/test-dir/MiniOzoneClusterImpl-9c5b6909-9e9c-47e3-ad7a-324826695869/omNode-3/ratis/c9bc4cf4-3bc3-3c60-a66b-523986131536/in_use.lock acquired by nodename 129728@fv-az2210-761
2025-04-24 14:04:53,484 [omNode-3-impl-thread1] INFO  storage.RaftStorage (RaftStorageImpl.java:format(98)) - Storage directory /home/runner/work/ozone/ozone/hadoop-ozone/integration-test/target/test-dir/MiniOzoneClusterImpl-9c5b6909-9e9c-47e3-ad7a-324826695869/omNode-3/ratis/c9bc4cf4-3bc3-3c60-a66b-523986131536 has been successfully formatted.
2025-04-24 14:04:53,485 [omNode-3-impl-thread1] INFO  ratis.OzoneManagerStateMachine (OzoneManagerStateMachine.java:lambda$0(138)) - omNode-3: initialize group-523986131536 with (t:0, i:~)
2025-04-24 14:04:53,485 [omNode-3-impl-thread1] INFO  server.RaftServerConfigKeys (ConfUtils.java:logGet(46)) - raft.server.log.use.memory = false (default)
2025-04-24 14:04:53,485 [omNode-3-impl-thread1] INFO  server.RaftServerConfigKeys (ConfUtils.java:logGet(46)) - raft.server.log.purge.gap = 50 (custom)
2025-04-24 14:04:53,485 [omNode-3-impl-thread1] INFO  server.RaftServerConfigKeys (ConfUtils.java:logGet(46)) - raft.server.log.appender.buffer.byte-limit = 4194304 (custom)
2025-04-24 14:04:53,485 [omNode-3-impl-thread1] INFO  server.RaftServerConfigKeys (ConfUtils.java:logGet(46)) - raft.server.log.statemachine.data.read.timeout = 1000ms (default)
2025-04-24 14:04:53,485 [omNode-3-impl-thread1] INFO  server.RaftServerConfigKeys (ConfUtils.java:logGet(46)) - raft.server.log.purge.preservation.log.num = 0 (default)
2025-04-24 14:04:53,486 [omNode-3-impl-thread1] INFO  server.RaftServerConfigKeys (ConfUtils.java:logGet(46)) - raft.server.log.segment.size.max = 4194304 (custom)
2025-04-24 14:04:53,486 [omNode-3-impl-thread1] INFO  server.RaftServerConfigKeys (ConfUtils.java:logGet(46)) - raft.server.log.segment.cache.num.max = 2 (custom)
2025-04-24 14:04:53,486 [omNode-3-impl-thread1] INFO  server.RaftServerConfigKeys (ConfUtils.java:logGet(46)) - raft.server.log.segment.cache.size.max = 200MB (=209715200) (default)
2025-04-24 14:04:53,486 [omNode-3-impl-thread1] INFO  server.RaftServerConfigKeys (ConfUtils.java:logGet(46)) - raft.server.log.appender.buffer.byte-limit = 4194304 (custom)
2025-04-24 14:04:53,487 [omNode-3-impl-thread1] INFO  util.AwaitToRun (AwaitToRun.java:start(81)) - Thread[#8766,omNode-3@group-523986131536-cacheEviction-AwaitToRun,5,main] started
2025-04-24 14:04:53,487 [omNode-3-impl-thread1] INFO  segmented.SegmentedRaftLogWorker (SegmentedRaftLogWorker.java:<init>(188)) - new omNode-3@group-523986131536-SegmentedRaftLogWorker for RaftStorageImpl:Storage Directory /home/runner/work/ozone/ozone/hadoop-ozone/integration-test/target/test-dir/MiniOzoneClusterImpl-9c5b6909-9e9c-47e3-ad7a-324826695869/omNode-3/ratis/c9bc4cf4-3bc3-3c60-a66b-523986131536
2025-04-24 14:04:53,487 [omNode-3-impl-thread1] INFO  server.RaftServerConfigKeys (ConfUtils.java:logGet(46)) - raft.server.log.queue.byte-limit = 64MB (=67108864) (default)
2025-04-24 14:04:53,487 [omNode-3-impl-thread1] INFO  server.RaftServerConfigKeys (ConfUtils.java:logGet(46)) - raft.server.log.queue.element-limit = 4096 (default)
2025-04-24 14:04:53,487 [omNode-3-impl-thread1] INFO  server.RaftServerConfigKeys (ConfUtils.java:logGet(46)) - raft.server.log.segment.size.max = 4194304 (custom)
2025-04-24 14:04:53,487 [omNode-3-impl-thread1] INFO  server.RaftServerConfigKeys (ConfUtils.java:logGet(46)) - raft.server.log.preallocated.size = 4194304 (custom)
2025-04-24 14:04:53,487 [omNode-3-impl-thread1] INFO  server.RaftServerConfigKeys (ConfUtils.java:logGet(46)) - raft.server.log.force.sync.num = 128 (default)
2025-04-24 14:04:53,487 [omNode-3-impl-thread1] INFO  server.RaftServerConfigKeys (ConfUtils.java:logGet(46)) - raft.server.log.statemachine.data.sync = true (default)
2025-04-24 14:04:53,487 [omNode-3-impl-thread1] INFO  server.RaftServerConfigKeys (ConfUtils.java:logGet(46)) - raft.server.log.statemachine.data.sync.timeout = 10s (default)
2025-04-24 14:04:53,487 [omNode-3-impl-thread1] INFO  server.RaftServerConfigKeys (ConfUtils.java:logGet(46)) - raft.server.log.statemachine.data.sync.timeout.retry = -1 (default)
2025-04-24 14:04:53,487 [omNode-3-impl-thread1] INFO  server.RaftServerConfigKeys (ConfUtils.java:logGet(46)) - raft.server.log.write.buffer.size = 4194312 (custom)
2025-04-24 14:04:53,489 [omNode-3-impl-thread1] INFO  server.RaftServerConfigKeys (ConfUtils.java:logGet(46)) - raft.server.log.appender.buffer.byte-limit = 4194304 (custom)
2025-04-24 14:04:53,489 [omNode-3-impl-thread1] INFO  server.RaftServerConfigKeys (ConfUtils.java:logGet(46)) - raft.server.log.unsafe-flush.enabled = false (default)
2025-04-24 14:04:53,489 [omNode-3-impl-thread1] INFO  server.RaftServerConfigKeys (ConfUtils.java:logGet(46)) - raft.server.log.async-flush.enabled = false (default)
2025-04-24 14:04:53,489 [omNode-3-impl-thread1] INFO  server.RaftServerConfigKeys (ConfUtils.java:logGet(46)) - raft.server.log.statemachine.data.caching.enabled = false (default)
2025-04-24 14:04:53,489 [omNode-3-impl-thread1] INFO  segmented.SegmentedRaftLogWorker (SegmentedRaftLogWorker.java:lambda$new$0(139)) - omNode-3@group-523986131536-SegmentedRaftLogWorker: flushIndex: setUnconditionally 0 -> -1
2025-04-24 14:04:53,489 [omNode-3-impl-thread1] INFO  segmented.SegmentedRaftLogWorker (SegmentedRaftLogWorker.java:lambda$new$0(139)) - omNode-3@group-523986131536-SegmentedRaftLogWorker: safeCacheEvictIndex: setUnconditionally 0 -> -1
2025-04-24 14:04:53,489 [omNode-3-impl-thread1] INFO  server.RaftServer$Division (RaftServerImpl.java:start(391)) - omNode-3@group-523986131536: start as a follower, conf=conf: {index: -1, cur=peers:[omNode-3|localhost:15059, omNode-1|localhost:15051, omNode-2|localhost:15055]|listeners:[], old=null}
2025-04-24 14:04:53,489 [omNode-3-impl-thread1] INFO  server.RaftServer$Division (RaftServerImpl.java:setRole(378)) - omNode-3@group-523986131536: changes role from      null to FOLLOWER at term 0 for startAsFollower
2025-04-24 14:04:53,489 [omNode-3-impl-thread1] INFO  impl.RoleInfo (RoleInfo.java:updateAndGet(148)) - omNode-3: start omNode-3@group-523986131536-FollowerState
2025-04-24 14:04:53,490 [omNode-3-impl-thread1] INFO  util.JmxRegister (JmxRegister.java:tryRegister(44)) - Successfully registered JMX Bean with object name Ratis:service=RaftServer,group=group-523986131536,id=omNode-3
2025-04-24 14:04:53,490 [omNode-3-impl-thread1] INFO  util.JmxRegister (JmxRegister.java:register(58)) - register mxBean class org.apache.ratis.server.impl.RaftServerJmxAdapter as Ratis:service=RaftServer,group=group-523986131536,id=omNode-3
2025-04-24 14:04:53,490 [omNode-3-impl-thread1] INFO  server.RaftServerConfigKeys (ConfUtils.java:logGet(46)) - raft.server.snapshot.trigger-when-stop.enabled = true (default)
2025-04-24 14:04:53,490 [omNode-3-impl-thread1] INFO  server.RaftServerConfigKeys (ConfUtils.java:logGet(46)) - raft.server.snapshot.trigger-when-remove.enabled = true (default)
2025-04-24 14:04:53,490 [omNode-3-impl-thread1] INFO  server.RaftServerConfigKeys (ConfUtils.java:logGet(46)) - raft.server.snapshot.auto.trigger.enabled = true (custom)
2025-04-24 14:04:53,490 [omNode-3-impl-thread1] INFO  server.RaftServerConfigKeys (ConfUtils.java:logGet(46)) - raft.server.snapshot.auto.trigger.threshold = 50 (custom)
2025-04-24 14:04:53,490 [omNode-3-impl-thread1] INFO  server.RaftServerConfigKeys (ConfUtils.java:logGet(46)) - raft.server.snapshot.retention.file.num = -1 (default)
2025-04-24 14:04:53,490 [omNode-3-impl-thread1] INFO  server.RaftServerConfigKeys (ConfUtils.java:logGet(46)) - raft.server.log.purge.upto.snapshot.index = true (custom)
2025-04-24 14:04:53,490 [omNode-3@group-523986131536-FollowerState] INFO  server.RaftServerConfigKeys (ConfUtils.java:logFallback(53)) - raft.server.rpc.first-election.timeout.min = 1s (fallback to raft.server.rpc.timeout.min)
2025-04-24 14:04:53,490 [omNode-3@group-523986131536-FollowerState] INFO  server.RaftServerConfigKeys (ConfUtils.java:logFallback(53)) - raft.server.rpc.first-election.timeout.max = 1200ms (fallback to raft.server.rpc.timeout.max)
2025-04-24 14:04:53,490 [omNode-3-impl-thread1] INFO  server.RaftServer$Division (RaftServerImpl.java:start(405)) - omNode-3@group-523986131536: Successfully started.
2025-04-24 14:04:53,490 [main] INFO  server.RaftServer (RaftServerProxy.java:startImpl(407)) - omNode-3: start RPC server
2025-04-24 14:04:53,491 [main] INFO  server.GrpcService (GrpcService.java:startImpl(334)) - omNode-3: GrpcService started, listening on 15059
2025-04-24 14:04:53,491 [JvmPauseMonitor45] INFO  util.JvmPauseMonitor (JvmPauseMonitor.java:run(146)) - JvmPauseMonitor-omNode-3: Started
2025-04-24 14:04:53,491 [main] INFO  om.OzoneManager (OzoneManager.java:start(1802)) - Version File has different layout version (8) than OM DB (null). That is expected if this OM has never been finalized to a newer layout version.
2025-04-24 14:04:53,494 [main] INFO  client.ScmTopologyClient (ScmTopologyClient.java:start(70)) - Initial network topology fetched from SCM: /.
2025-04-24 14:04:53,494 [main] INFO  net.NodeSchemaLoader (NodeSchemaLoader.java:loadSchemaFromFile(127)) - Loading schema from [jar:file:/home/runner/work/ozone/ozone/hadoop-hdds/common/target/hdds-common-2.1.0-SNAPSHOT.jar!/network-topology-default.xml]
2025-04-24 14:04:53,494 [main] INFO  net.NodeSchemaLoader (NodeSchemaLoader.java:loadSchema(174)) - Loading network topology layer schema file
2025-04-24 14:04:53,498 [main] INFO  http.BaseHttpServer (BaseHttpServer.java:newHttpServer2BuilderForOzone(229)) - Starting Web-server for ozoneManager at: http://0.0.0.0:15057
2025-04-24 14:04:53,498 [main] INFO  http.BaseHttpServer (BaseHttpServer.java:<init>(107)) - Hadoop Security Enabled: false Ozone Security Enabled: false Ozone HTTP Security Enabled: false 
2025-04-24 14:04:53,499 [main] WARN  server.AuthenticationFilter (AuthenticationFilter.java:constructSecretProvider(240)) - Unable to initialize FileSignerSecretProvider, falling back to use random secrets. Reason: Could not read signature secret file: /home/runner/hadoop-http-auth-signature-secret
2025-04-24 14:04:53,501 [main] INFO  http.HttpServer2 (HttpServer2.java:addGlobalFilter(1041)) - Added global filter 'safety' (class=org.apache.hadoop.hdds.server.http.HttpServer2$QuotingInputFilter)
2025-04-24 14:04:53,501 [main] INFO  http.HttpServer2 (HttpServer2.java:addFilter(1017)) - Added filter static_user_filter (class=org.apache.hadoop.http.lib.StaticUserWebFilter$StaticUserFilter) to context ozoneManager
2025-04-24 14:04:53,501 [main] INFO  http.HttpServer2 (HttpServer2.java:addFilter(1025)) - Added filter static_user_filter (class=org.apache.hadoop.http.lib.StaticUserWebFilter$StaticUserFilter) to context static
2025-04-24 14:04:53,501 [main] INFO  http.HttpServer2 (HttpServer2.java:addFilter(1025)) - Added filter static_user_filter (class=org.apache.hadoop.http.lib.StaticUserWebFilter$StaticUserFilter) to context logs
2025-04-24 14:04:53,502 [main] INFO  http.BaseHttpServer (BaseHttpServer.java:<init>(195)) - HTTP server of ozoneManager uses base directory /home/runner/work/ozone/ozone/hadoop-ozone/integration-test/target/test-dir/MiniOzoneClusterImpl-9c5b6909-9e9c-47e3-ad7a-324826695869/omNode-3/webserver
2025-04-24 14:04:53,502 [main] INFO  http.HttpServer2 (HttpServer2.java:bindListener(1241)) - Jetty bound to port 15057
2025-04-24 14:04:53,502 [main] INFO  server.Server (Server.java:doStart(375)) - jetty-9.4.57.v20241219; built: 2025-01-08T21:24:30.412Z; git: df524e6b29271c2e09ba9aea83c18dc9db464a31; jvm 21.0.7+6-LTS
2025-04-24 14:04:53,503 [main] INFO  server.session (DefaultSessionIdManager.java:doStart(334)) - DefaultSessionIdManager workerName=node0
2025-04-24 14:04:53,503 [main] INFO  server.session (DefaultSessionIdManager.java:doStart(339)) - No SessionScavenger set, using defaults
2025-04-24 14:04:53,503 [main] INFO  server.session (HouseKeeper.java:startScavenging(132)) - node0 Scavenging every 600000ms
2025-04-24 14:04:53,504 [main] INFO  handler.ContextHandler (ContextHandler.java:doStart(921)) - Started o.e.j.s.ServletContextHandler@6f1fabd3{logs,/logs,file:///home/runner/work/ozone/ozone/hadoop-ozone/integration-test/target/log,AVAILABLE}
2025-04-24 14:04:53,504 [main] INFO  handler.ContextHandler (ContextHandler.java:doStart(921)) - Started o.e.j.s.ServletContextHandler@680f8c7b{static,/static,file:///home/runner/work/ozone/ozone/hadoop-ozone/integration-test/target/test-classes/webapps/static,AVAILABLE}
2025-04-24 14:04:53,508 [main] INFO  handler.ContextHandler (ContextHandler.java:doStart(921)) - Started o.e.j.w.WebAppContext@7eee44d7{ozoneManager,/,file:///home/runner/work/ozone/ozone/hadoop-ozone/integration-test/target/test-classes/webapps/ozoneManager/,AVAILABLE}{file:/home/runner/work/ozone/ozone/hadoop-ozone/integration-test/target/test-classes/webapps/ozoneManager}
2025-04-24 14:04:53,508 [main] INFO  server.AbstractConnector (AbstractConnector.java:doStart(333)) - Started ServerConnector@368adafe{HTTP/1.1, (http/1.1)}{0.0.0.0:15057}
2025-04-24 14:04:53,508 [main] INFO  server.Server (Server.java:doStart(415)) - Started @174840ms
2025-04-24 14:04:53,508 [main] WARN  impl.MetricsSystemImpl (MetricsSystemImpl.java:register(279)) - Sink prometheus already exists!
2025-04-24 14:04:53,509 [main] INFO  http.BaseHttpServer (BaseHttpServer.java:updateConnectorAddress(360)) - HTTP server of ozoneManager listening at http://0.0.0.0:15057
2025-04-24 14:04:53,509 [IPC Server Responder] INFO  ipc.Server (Server.java:run(1713)) - IPC Server Responder: starting
2025-04-24 14:04:53,509 [IPC Server listener on 15056] INFO  ipc.Server (Server.java:run(1553)) - IPC Server listener on 15056: starting
2025-04-24 14:04:53,511 [main] INFO  om.OzoneManager (OzoneManager.java:startTrashEmptier(2257)) - Trash Interval set to 0. Files deleted won't move to trash
2025-04-24 14:04:53,512 [main] INFO  ozone.MiniOzoneHAClusterImpl (MiniOzoneHAClusterImpl.java:createOMService(516)) - Started OzoneManager omNode-3 RPC server at localhost/127.0.0.1:15056
2025-04-24 14:04:53,522 [main] WARN  dropwizard3.Dm3MetricRegistriesImpl (Dm3MetricRegistriesImpl.java:addReporterRegistration(114)) - New reporters are added after registries were created. Some metrics will be missing from the reporter. Please add reporter before adding any new registry.
2025-04-24 14:04:53,522 [main] WARN  dropwizard3.Dm3MetricRegistriesImpl (Dm3MetricRegistriesImpl.java:addReporterRegistration(114)) - New reporters are added after registries were created. Some metrics will be missing from the reporter. Please add reporter before adding any new registry.
2025-04-24 14:04:53,522 [main] INFO  impl.MetricsSystemImpl (MetricsSystemImpl.java:init(158)) - HddsDatanode metrics system started (again)
2025-04-24 14:04:53,532 [main] INFO  protocol.DatanodeDetails (DatanodeDetails.java:validateDatanodeIpAddress(199)) - Updating IP address of datanode 45889312-f9ba-413f-bd11-bf2ed7b16685(fv-az2210-761/null) to 10.1.0.107
2025-04-24 14:04:53,532 [main] INFO  ozone.HddsDatanodeService (HddsDatanodeService.java:start(234)) - HddsDatanodeService 45889312-f9ba-413f-bd11-bf2ed7b16685(fv-az2210-761/10.1.0.107)
2025-04-24 14:04:53,534 [main] INFO  upgrade.AbstractLayoutVersionManager (AbstractLayoutVersionManager.java:init(80)) - Initializing Layout version manager with metadata layout = HBASE_SUPPORT (version = 8), software layout = HBASE_SUPPORT (version = 8)
2025-04-24 14:04:53,534 [main] INFO  statemachine.DatanodeStateMachine (DatanodeStateMachine.java:getEndPointTaskThreadPoolSize(297)) - Datanode State Machine Task Thread Pool size 2
2025-04-24 14:04:53,537 [main] INFO  volume.HddsVolume (HddsVolume.java:<init>(158)) - HddsVolume: { id=DS-423167e9-7102-4010-8bca-eee3433bfbd5 dir=/home/runner/work/ozone/ozone/hadoop-ozone/integration-test/target/test-dir/MiniOzoneClusterImpl-9c5b6909-9e9c-47e3-ad7a-324826695869/ozone-meta/datanode-1/data-0/hdds type=DISK capacity=9222449699674390527 used=0 available=9222449699674390527 minFree=5368709120 committed=0 }
2025-04-24 14:04:53,537 [main] INFO  volume.MutableVolumeSet (MutableVolumeSet.java:initializeVolumeSet(166)) - Added Volume : /home/runner/work/ozone/ozone/hadoop-ozone/integration-test/target/test-dir/MiniOzoneClusterImpl-9c5b6909-9e9c-47e3-ad7a-324826695869/ozone-meta/datanode-1/data-0/hdds to VolumeSet
2025-04-24 14:04:53,538 [main] INFO  volume.MutableVolumeSet (MutableVolumeSet.java:initializeVolumeSet(166)) - Added Volume : /home/runner/work/ozone/ozone/hadoop-ozone/integration-test/target/test-dir/MiniOzoneClusterImpl-9c5b6909-9e9c-47e3-ad7a-324826695869/ozone-meta/datanode-1/ratis to VolumeSet
2025-04-24 14:04:53,538 [main] INFO  ozoneimpl.OzoneContainer (HddsVolumeUtil.java:loadAllHddsVolumeDbStore(102)) - Load 1 volumes DbStore cost: 0ms
2025-04-24 14:04:53,539 [main] WARN  db.DBStoreBuilder (DBStoreBuilder.java:getDBDirPath(167)) - ozone.scm.datanode.id.dir is not configured. We recommend adding this setting. Falling back to ozone.metadata.dirs instead.
2025-04-24 14:04:53,539 [main] WARN  db.DBStoreBuilder (DBStoreBuilder.java:getDBDirPath(167)) - ozone.scm.datanode.id.dir is not configured. We recommend adding this setting. Falling back to ozone.metadata.dirs instead.
2025-04-24 14:04:53,550 [main] INFO  impl.FilePerChunkStrategy (FilePerChunkStrategy.java:<init>(79)) - ozone.chunk.read.mapped.buffer.max.count is load with 0
2025-04-24 14:04:53,550 [main] INFO  impl.FilePerBlockStrategy (FilePerBlockStrategy.java:<init>(87)) - ozone.chunk.read.mapped.buffer.max.count is load with 0
2025-04-24 14:04:53,551 [main] INFO  server.RaftServerConfigKeys (ConfUtils.java:logGet(46)) - raft.server.log.appender.buffer.byte-limit = 33554432 (custom)
2025-04-24 14:04:53,552 [main] INFO  server.RaftServer (ConfUtils.java:logGet(46)) - raft.rpc.type = GRPC (default)
2025-04-24 14:04:53,552 [main] INFO  grpc.GrpcConfigKeys (ConfUtils.java:logFallback(53)) - raft.grpc.admin.host = null (fallback to raft.grpc.server.host)
2025-04-24 14:04:53,553 [main] INFO  grpc.GrpcConfigKeys (ConfUtils.java:logGet(46)) - raft.grpc.admin.port = 15064 (custom)
2025-04-24 14:04:53,553 [main] INFO  grpc.GrpcConfigKeys (ConfUtils.java:logFallback(53)) - raft.grpc.client.host = null (fallback to raft.grpc.server.host)
2025-04-24 14:04:53,553 [main] INFO  grpc.GrpcConfigKeys (ConfUtils.java:logGet(46)) - raft.grpc.client.port = 15063 (custom)
2025-04-24 14:04:53,553 [main] INFO  grpc.GrpcConfigKeys (ConfUtils.java:logGet(46)) - raft.grpc.server.host = null (default)
2025-04-24 14:04:53,553 [main] INFO  grpc.GrpcConfigKeys (ConfUtils.java:logGet(46)) - raft.grpc.server.port = 15065 (custom)
2025-04-24 14:04:53,553 [main] INFO  server.GrpcService (ConfUtils.java:logGet(46)) - raft.grpc.message.size.max = 34603008 (custom)
2025-04-24 14:04:53,553 [main] INFO  server.GrpcService (ConfUtils.java:logGet(46)) - raft.grpc.flow.control.window = 5MB (=5242880) (custom)
2025-04-24 14:04:53,553 [main] INFO  server.RaftServerConfigKeys (ConfUtils.java:logGet(46)) - raft.server.rpc.request.timeout = 60s (custom)
2025-04-24 14:04:53,553 [main] INFO  grpc.GrpcConfigKeys (ConfUtils.java:logGet(46)) - raft.grpc.server.heartbeat.channel = true (default)
2025-04-24 14:04:53,553 [main] INFO  server.RaftServerConfigKeys (ConfUtils.java:logGet(46)) - raft.server.log.appender.buffer.byte-limit = 33554432 (custom)
2025-04-24 14:04:53,554 [main] INFO  grpc.GrpcConfigKeys (ConfUtils.java:logGet(46)) - raft.grpc.server.async.request.thread.pool.cached = true (default)
2025-04-24 14:04:53,554 [main] INFO  grpc.GrpcConfigKeys (ConfUtils.java:logGet(46)) - raft.grpc.server.async.request.thread.pool.size = 32 (default)
2025-04-24 14:04:53,555 [main] INFO  impl.DataStreamServerImpl (ConfUtils.java:logGet(46)) - raft.datastream.type = NETTY (custom)
2025-04-24 14:04:53,555 [main] INFO  server.RaftServerConfigKeys (ConfUtils.java:logGet(46)) - raft.server.data-stream.async.request.thread.pool.cached = false (default)
2025-04-24 14:04:53,555 [main] INFO  server.RaftServerConfigKeys (ConfUtils.java:logGet(46)) - raft.server.data-stream.async.request.thread.pool.size = 20 (custom)
2025-04-24 14:04:53,555 [main] INFO  server.RaftServerConfigKeys (ConfUtils.java:logGet(46)) - raft.server.data-stream.async.write.thread.pool.size = 16 (default)
2025-04-24 14:04:53,555 [main] INFO  netty.NettyConfigKeys$DataStream (ConfUtils.java:logGet(46)) - raft.netty.dataStream.server.channel.inactive.grace-period = 10min (default)
2025-04-24 14:04:53,555 [main] INFO  server.RaftServerConfigKeys (ConfUtils.java:logGet(46)) - raft.server.data-stream.client.pool.size = 10 (default)
2025-04-24 14:04:53,555 [main] INFO  netty.NettyConfigKeys$DataStream (ConfUtils.java:logGet(46)) - raft.netty.dataStream.server.use-epoll = true (default)
2025-04-24 14:04:53,556 [main] INFO  netty.NettyConfigKeys$DataStream (ConfUtils.java:logGet(46)) - raft.netty.dataStream.server.boss-group.size = 0 (default)
2025-04-24 14:04:53,556 [main] INFO  netty.NettyUtils (NettyUtils.java:newEventLoopGroup(74)) - Create EpollEventLoopGroup for 45889312-f9ba-413f-bd11-bf2ed7b16685-NettyServerStreamRpc-bossGroup; Thread size is 0.
2025-04-24 14:04:53,556 [main] INFO  netty.NettyConfigKeys$DataStream (ConfUtils.java:logGet(46)) - raft.netty.dataStream.server.worker-group.size = 0 (default)
2025-04-24 14:04:53,556 [main] INFO  netty.NettyUtils (NettyUtils.java:newEventLoopGroup(74)) - Create EpollEventLoopGroup for 45889312-f9ba-413f-bd11-bf2ed7b16685-NettyServerStreamRpc-workerGroup; Thread size is 0.
2025-04-24 14:04:53,556 [main] INFO  netty.NettyConfigKeys$DataStream (ConfUtils.java:logGet(46)) - raft.netty.dataStream.server.tls.conf = null (default)
2025-04-24 14:04:53,556 [main] INFO  netty.NettyConfigKeys$DataStream (ConfUtils.java:logGet(46)) - raft.netty.dataStream.host = null (default)
2025-04-24 14:04:53,556 [main] INFO  netty.NettyConfigKeys$DataStream (ConfUtils.java:logGet(46)) - raft.netty.dataStream.port = 15066 (custom)
2025-04-24 14:04:53,557 [main] INFO  server.RaftServerConfigKeys (ConfUtils.java:logGet(46)) - raft.server.sleep.deviation.threshold = 300ms (default)
2025-04-24 14:04:53,557 [main] INFO  server.RaftServerConfigKeys (ConfUtils.java:logGet(46)) - raft.server.close.threshold = 60s (default)
2025-04-24 14:04:53,557 [main] INFO  server.RaftServerConfigKeys (ConfUtils.java:logGet(46)) - raft.server.leaderelection.leader.step-down.wait-time = 10s (default)
2025-04-24 14:04:53,557 [45889312-f9ba-413f-bd11-bf2ed7b16685-NettyServerStreamRpc-bossGroup--thread1] INFO  logging.LoggingHandler (AbstractInternalLogger.java:log(148)) - [id: 0x32ce20f4] REGISTERED
2025-04-24 14:04:53,557 [main] INFO  server.RaftServerConfigKeys (ConfUtils.java:logGet(46)) - raft.server.storage.dir = [/home/runner/work/ozone/ozone/hadoop-ozone/integration-test/target/test-dir/MiniOzoneClusterImpl-9c5b6909-9e9c-47e3-ad7a-324826695869/ozone-meta/datanode-1/ratis] (custom)
2025-04-24 14:04:53,557 [main] INFO  server.RaftServerConfigKeys (ConfUtils.java:logGet(46)) - raft.server.threadpool.proxy.cached = true (default)
2025-04-24 14:04:53,557 [main] INFO  server.RaftServerConfigKeys (ConfUtils.java:logGet(46)) - raft.server.threadpool.proxy.size = 0 (default)
2025-04-24 14:04:53,557 [45889312-f9ba-413f-bd11-bf2ed7b16685-NettyServerStreamRpc-bossGroup--thread1] INFO  logging.LoggingHandler (AbstractInternalLogger.java:log(148)) - [id: 0x32ce20f4] BIND: 0.0.0.0/0.0.0.0:15066
2025-04-24 14:04:53,558 [45889312-f9ba-413f-bd11-bf2ed7b16685-NettyServerStreamRpc-bossGroup--thread1] INFO  logging.LoggingHandler (AbstractInternalLogger.java:log(148)) - [id: 0x32ce20f4, L:/0.0.0.0:15066] ACTIVE
2025-04-24 14:04:53,558 [45889312-f9ba-413f-bd11-bf2ed7b16685-impl-thread1] INFO  server.RaftServer (RaftServerProxy.java:initGroupDir(265)) - 45889312-f9ba-413f-bd11-bf2ed7b16685: found a subdirectory /home/runner/work/ozone/ozone/hadoop-ozone/integration-test/target/test-dir/MiniOzoneClusterImpl-9c5b6909-9e9c-47e3-ad7a-324826695869/ozone-meta/datanode-1/ratis/tmp
2025-04-24 14:04:53,558 [45889312-f9ba-413f-bd11-bf2ed7b16685-impl-thread1] INFO  server.RaftServer (RaftServerProxy.java:initGroupDir(270)) - 45889312-f9ba-413f-bd11-bf2ed7b16685: The directory /home/runner/work/ozone/ozone/hadoop-ozone/integration-test/target/test-dir/MiniOzoneClusterImpl-9c5b6909-9e9c-47e3-ad7a-324826695869/ozone-meta/datanode-1/ratis/tmp is not a group directory; ignoring it. 
2025-04-24 14:04:53,558 [main] INFO  replication.ReplicationServer (ReplicationServer.java:<init>(84)) - Initializing replication server with thread count = 10 queue length = 4096
2025-04-24 14:04:53,559 [main] INFO  server.XceiverServerGrpc (XceiverServerGrpc.java:<init>(131)) - GrpcServer channel type EpollServerSocketChannel
2025-04-24 14:04:53,560 [main] INFO  replication.ReplicationSupervisor (ReplicationSupervisor.java:build(169)) - Initializing replication supervisor with thread count = 10
2025-04-24 14:04:53,560 [main] INFO  replication.ReplicationSupervisor (ReplicationSupervisor.java:nodeStateUpdated(358)) - Node state updated to IN_SERVICE, scaling executor pool size to 10
2025-04-24 14:04:53,562 [main] INFO  http.BaseHttpServer (BaseHttpServer.java:newHttpServer2BuilderForOzone(229)) - Starting Web-server for hddsDatanode at: http://0.0.0.0:15060
2025-04-24 14:04:53,562 [main] INFO  http.BaseHttpServer (BaseHttpServer.java:<init>(107)) - Hadoop Security Enabled: false Ozone Security Enabled: false Ozone HTTP Security Enabled: false 
2025-04-24 14:04:53,563 [main] WARN  server.AuthenticationFilter (AuthenticationFilter.java:constructSecretProvider(240)) - Unable to initialize FileSignerSecretProvider, falling back to use random secrets. Reason: Could not read signature secret file: /home/runner/hadoop-http-auth-signature-secret
2025-04-24 14:04:53,564 [main] INFO  http.HttpServer2 (HttpServer2.java:addGlobalFilter(1041)) - Added global filter 'safety' (class=org.apache.hadoop.hdds.server.http.HttpServer2$QuotingInputFilter)
2025-04-24 14:04:53,565 [main] INFO  http.HttpServer2 (HttpServer2.java:addFilter(1017)) - Added filter static_user_filter (class=org.apache.hadoop.http.lib.StaticUserWebFilter$StaticUserFilter) to context hddsDatanode
2025-04-24 14:04:53,565 [main] INFO  http.HttpServer2 (HttpServer2.java:addFilter(1025)) - Added filter static_user_filter (class=org.apache.hadoop.http.lib.StaticUserWebFilter$StaticUserFilter) to context logs
2025-04-24 14:04:53,565 [main] INFO  http.HttpServer2 (HttpServer2.java:addFilter(1025)) - Added filter static_user_filter (class=org.apache.hadoop.http.lib.StaticUserWebFilter$StaticUserFilter) to context static
2025-04-24 14:04:53,565 [main] INFO  http.BaseHttpServer (BaseHttpServer.java:<init>(195)) - HTTP server of hddsDatanode uses base directory /home/runner/work/ozone/ozone/hadoop-ozone/integration-test/target/test-dir/MiniOzoneClusterImpl-9c5b6909-9e9c-47e3-ad7a-324826695869/ozone-meta/datanode-1/meta/webserver
2025-04-24 14:04:53,566 [main] INFO  http.HttpServer2 (HttpServer2.java:bindListener(1241)) - Jetty bound to port 15060
2025-04-24 14:04:53,566 [main] INFO  server.Server (Server.java:doStart(375)) - jetty-9.4.57.v20241219; built: 2025-01-08T21:24:30.412Z; git: df524e6b29271c2e09ba9aea83c18dc9db464a31; jvm 21.0.7+6-LTS
2025-04-24 14:04:53,567 [main] INFO  server.session (DefaultSessionIdManager.java:doStart(334)) - DefaultSessionIdManager workerName=node0
2025-04-24 14:04:53,567 [main] INFO  server.session (DefaultSessionIdManager.java:doStart(339)) - No SessionScavenger set, using defaults
2025-04-24 14:04:53,567 [main] INFO  server.session (HouseKeeper.java:startScavenging(132)) - node0 Scavenging every 600000ms
2025-04-24 14:04:53,567 [main] INFO  handler.ContextHandler (ContextHandler.java:doStart(921)) - Started o.e.j.s.ServletContextHandler@4059e98c{logs,/logs,file:///home/runner/work/ozone/ozone/hadoop-ozone/integration-test/target/log,AVAILABLE}
2025-04-24 14:04:53,568 [main] INFO  handler.ContextHandler (ContextHandler.java:doStart(921)) - Started o.e.j.s.ServletContextHandler@341f0f01{static,/static,jar:file:/home/runner/work/ozone/ozone/hadoop-hdds/container-service/target/hdds-container-service-2.1.0-SNAPSHOT.jar!/webapps/static,AVAILABLE}
2025-04-24 14:04:53,702 [main] INFO  handler.ContextHandler (ContextHandler.java:doStart(921)) - Started o.e.j.w.WebAppContext@4d32ede{hddsDatanode,/,file:///home/runner/work/ozone/ozone/hadoop-ozone/integration-test/target/test-dir/MiniOzoneClusterImpl-9c5b6909-9e9c-47e3-ad7a-324826695869/ozone-meta/datanode-1/meta/webserver/jetty-0_0_0_0-15060-hdds-container-service-2_1_0-SNAPSHOT_jar-_-any-14113617971168404001/webapp/,AVAILABLE}{jar:file:/home/runner/work/ozone/ozone/hadoop-hdds/container-service/target/hdds-container-service-2.1.0-SNAPSHOT.jar!/webapps/hddsDatanode}
2025-04-24 14:04:53,703 [main] INFO  server.AbstractConnector (AbstractConnector.java:doStart(333)) - Started ServerConnector@f9789a1{HTTP/1.1, (http/1.1)}{0.0.0.0:15060}
2025-04-24 14:04:53,703 [main] INFO  server.Server (Server.java:doStart(415)) - Started @175035ms
2025-04-24 14:04:53,703 [main] WARN  impl.MetricsSystemImpl (MetricsSystemImpl.java:register(279)) - Sink prometheus already exists!
2025-04-24 14:04:53,703 [main] INFO  http.BaseHttpServer (BaseHttpServer.java:updateConnectorAddress(360)) - HTTP server of hddsDatanode listening at http://0.0.0.0:15060
2025-04-24 14:04:53,703 [main] INFO  ipc.CallQueueManager (CallQueueManager.java:<init>(93)) - Using callQueue: class java.util.concurrent.LinkedBlockingQueue, queueCapacity: 1000, scheduler: class org.apache.hadoop.ipc.DefaultRpcScheduler, ipcBackoff: false, ipcFailOver: false.
2025-04-24 14:04:53,704 [main] INFO  ipc.Server (Server.java:<init>(1438)) - Listener at 0.0.0.0:15061
2025-04-24 14:04:53,704 [Socket Reader #1 for port 15061] INFO  ipc.Server (Server.java:run(1474)) - Starting Socket Reader #1 for port 15061
2025-04-24 14:04:53,704 [Socket Reader #2 for port 15061] INFO  ipc.Server (Server.java:run(1474)) - Starting Socket Reader #2 for port 15061
2025-04-24 14:04:53,704 [Socket Reader #3 for port 15061] INFO  ipc.Server (Server.java:run(1474)) - Starting Socket Reader #3 for port 15061
2025-04-24 14:04:53,705 [Socket Reader #4 for port 15061] INFO  ipc.Server (Server.java:run(1474)) - Starting Socket Reader #4 for port 15061
2025-04-24 14:04:53,705 [Socket Reader #5 for port 15061] INFO  ipc.Server (Server.java:run(1474)) - Starting Socket Reader #5 for port 15061
2025-04-24 14:04:53,705 [Socket Reader #7 for port 15061] INFO  ipc.Server (Server.java:run(1474)) - Starting Socket Reader #7 for port 15061
2025-04-24 14:04:53,705 [Socket Reader #8 for port 15061] INFO  ipc.Server (Server.java:run(1474)) - Starting Socket Reader #8 for port 15061
2025-04-24 14:04:53,705 [Socket Reader #9 for port 15061] INFO  ipc.Server (Server.java:run(1474)) - Starting Socket Reader #9 for port 15061
2025-04-24 14:04:53,706 [Socket Reader #10 for port 15061] INFO  ipc.Server (Server.java:run(1474)) - Starting Socket Reader #10 for port 15061
2025-04-24 14:04:53,706 [Socket Reader #6 for port 15061] INFO  ipc.Server (Server.java:run(1474)) - Starting Socket Reader #6 for port 15061
2025-04-24 14:04:53,707 [main] INFO  ozone.HddsDatanodeService (HddsDatanodeService.java:start(325)) - Datanode start with admins: [*, runner]
2025-04-24 14:04:53,707 [main] INFO  ozone.HddsDatanodeClientProtocolServer (HddsDatanodeClientProtocolServer.java:start(76)) - RPC server for Client /0.0.0.0:15061
2025-04-24 14:04:53,708 [IPC Server Responder] INFO  ipc.Server (Server.java:run(1713)) - IPC Server Responder: starting
2025-04-24 14:04:53,708 [IPC Server listener on 15061] INFO  ipc.Server (Server.java:run(1553)) - IPC Server listener on 15061: starting
2025-04-24 14:04:53,709 [main] WARN  dropwizard3.Dm3MetricRegistriesImpl (Dm3MetricRegistriesImpl.java:addReporterRegistration(114)) - New reporters are added after registries were created. Some metrics will be missing from the reporter. Please add reporter before adding any new registry.
2025-04-24 14:04:53,709 [main] WARN  dropwizard3.Dm3MetricRegistriesImpl (Dm3MetricRegistriesImpl.java:addReporterRegistration(114)) - New reporters are added after registries were created. Some metrics will be missing from the reporter. Please add reporter before adding any new registry.
2025-04-24 14:04:53,710 [main] INFO  impl.MetricsSystemImpl (MetricsSystemImpl.java:init(158)) - HddsDatanode metrics system started (again)
2025-04-24 14:04:53,710 [45889312-f9ba-413f-bd11-bf2ed7b16685-DatanodeStateMachineDaemonThread] INFO  statemachine.DatanodeStateMachine (DatanodeStateMachine.java:startStateMachineThread(340)) - Ozone container server started.
2025-04-24 14:04:53,715 [45889312-f9ba-413f-bd11-bf2ed7b16685-DatanodeStateMachineTaskThread-0] INFO  datanode.InitDatanodeState (InitDatanodeState.java:persistContainerDatanodeDetails(139)) - DatanodeDetails is persisted to /home/runner/work/ozone/ozone/hadoop-ozone/integration-test/target/test-dir/MiniOzoneClusterImpl-9c5b6909-9e9c-47e3-ad7a-324826695869/ozone-meta/datanode-1/meta/datanode.id
2025-04-24 14:04:53,721 [main] INFO  protocol.DatanodeDetails (DatanodeDetails.java:validateDatanodeIpAddress(199)) - Updating IP address of datanode 834ba878-0480-4e5d-9f84-edbf9d71c88d(fv-az2210-761/null) to 10.1.0.107
2025-04-24 14:04:53,721 [main] INFO  ozone.HddsDatanodeService (HddsDatanodeService.java:start(234)) - HddsDatanodeService 834ba878-0480-4e5d-9f84-edbf9d71c88d(fv-az2210-761/10.1.0.107)
2025-04-24 14:04:53,722 [main] INFO  upgrade.AbstractLayoutVersionManager (AbstractLayoutVersionManager.java:init(80)) - Initializing Layout version manager with metadata layout = HBASE_SUPPORT (version = 8), software layout = HBASE_SUPPORT (version = 8)
2025-04-24 14:04:53,723 [main] INFO  statemachine.DatanodeStateMachine (DatanodeStateMachine.java:getEndPointTaskThreadPoolSize(297)) - Datanode State Machine Task Thread Pool size 2
2025-04-24 14:04:53,724 [main] INFO  volume.HddsVolume (HddsVolume.java:<init>(158)) - HddsVolume: { id=DS-46c9a4b8-e4b5-4910-9d8e-e7944b6a6644 dir=/home/runner/work/ozone/ozone/hadoop-ozone/integration-test/target/test-dir/MiniOzoneClusterImpl-9c5b6909-9e9c-47e3-ad7a-324826695869/ozone-meta/datanode-2/data-0/hdds type=DISK capacity=9222449699674390527 used=0 available=9222449699674390527 minFree=5368709120 committed=0 }
2025-04-24 14:04:53,724 [main] INFO  volume.MutableVolumeSet (MutableVolumeSet.java:initializeVolumeSet(166)) - Added Volume : /home/runner/work/ozone/ozone/hadoop-ozone/integration-test/target/test-dir/MiniOzoneClusterImpl-9c5b6909-9e9c-47e3-ad7a-324826695869/ozone-meta/datanode-2/data-0/hdds to VolumeSet
2025-04-24 14:04:53,725 [main] INFO  volume.MutableVolumeSet (MutableVolumeSet.java:initializeVolumeSet(166)) - Added Volume : /home/runner/work/ozone/ozone/hadoop-ozone/integration-test/target/test-dir/MiniOzoneClusterImpl-9c5b6909-9e9c-47e3-ad7a-324826695869/ozone-meta/datanode-2/ratis to VolumeSet
2025-04-24 14:04:53,726 [main] INFO  ozoneimpl.OzoneContainer (HddsVolumeUtil.java:loadAllHddsVolumeDbStore(102)) - Load 1 volumes DbStore cost: 0ms
2025-04-24 14:04:53,726 [main] WARN  db.DBStoreBuilder (DBStoreBuilder.java:getDBDirPath(167)) - ozone.scm.datanode.id.dir is not configured. We recommend adding this setting. Falling back to ozone.metadata.dirs instead.
2025-04-24 14:04:53,727 [main] WARN  db.DBStoreBuilder (DBStoreBuilder.java:getDBDirPath(167)) - ozone.scm.datanode.id.dir is not configured. We recommend adding this setting. Falling back to ozone.metadata.dirs instead.
2025-04-24 14:04:53,737 [main] INFO  impl.FilePerChunkStrategy (FilePerChunkStrategy.java:<init>(79)) - ozone.chunk.read.mapped.buffer.max.count is load with 0
2025-04-24 14:04:53,737 [main] INFO  impl.FilePerBlockStrategy (FilePerBlockStrategy.java:<init>(87)) - ozone.chunk.read.mapped.buffer.max.count is load with 0
2025-04-24 14:04:53,738 [main] INFO  server.RaftServerConfigKeys (ConfUtils.java:logGet(46)) - raft.server.log.appender.buffer.byte-limit = 33554432 (custom)
2025-04-24 14:04:53,739 [main] INFO  server.RaftServer (ConfUtils.java:logGet(46)) - raft.rpc.type = GRPC (default)
2025-04-24 14:04:53,739 [main] INFO  grpc.GrpcConfigKeys (ConfUtils.java:logFallback(53)) - raft.grpc.admin.host = null (fallback to raft.grpc.server.host)
2025-04-24 14:04:53,739 [main] INFO  grpc.GrpcConfigKeys (ConfUtils.java:logGet(46)) - raft.grpc.admin.port = 15072 (custom)
2025-04-24 14:04:53,739 [main] INFO  grpc.GrpcConfigKeys (ConfUtils.java:logFallback(53)) - raft.grpc.client.host = null (fallback to raft.grpc.server.host)
2025-04-24 14:04:53,740 [main] INFO  grpc.GrpcConfigKeys (ConfUtils.java:logGet(46)) - raft.grpc.client.port = 15071 (custom)
2025-04-24 14:04:53,740 [main] INFO  grpc.GrpcConfigKeys (ConfUtils.java:logGet(46)) - raft.grpc.server.host = null (default)
2025-04-24 14:04:53,740 [main] INFO  grpc.GrpcConfigKeys (ConfUtils.java:logGet(46)) - raft.grpc.server.port = 15073 (custom)
2025-04-24 14:04:53,740 [main] INFO  server.GrpcService (ConfUtils.java:logGet(46)) - raft.grpc.message.size.max = 34603008 (custom)
2025-04-24 14:04:53,740 [main] INFO  server.GrpcService (ConfUtils.java:logGet(46)) - raft.grpc.flow.control.window = 5MB (=5242880) (custom)
2025-04-24 14:04:53,740 [main] INFO  server.RaftServerConfigKeys (ConfUtils.java:logGet(46)) - raft.server.rpc.request.timeout = 60s (custom)
2025-04-24 14:04:53,740 [main] INFO  grpc.GrpcConfigKeys (ConfUtils.java:logGet(46)) - raft.grpc.server.heartbeat.channel = true (default)
2025-04-24 14:04:53,740 [main] INFO  server.RaftServerConfigKeys (ConfUtils.java:logGet(46)) - raft.server.log.appender.buffer.byte-limit = 33554432 (custom)
2025-04-24 14:04:53,740 [main] INFO  grpc.GrpcConfigKeys (ConfUtils.java:logGet(46)) - raft.grpc.server.async.request.thread.pool.cached = true (default)
2025-04-24 14:04:53,740 [main] INFO  grpc.GrpcConfigKeys (ConfUtils.java:logGet(46)) - raft.grpc.server.async.request.thread.pool.size = 32 (default)
2025-04-24 14:04:53,742 [main] INFO  impl.DataStreamServerImpl (ConfUtils.java:logGet(46)) - raft.datastream.type = NETTY (custom)
2025-04-24 14:04:53,742 [main] INFO  server.RaftServerConfigKeys (ConfUtils.java:logGet(46)) - raft.server.data-stream.async.request.thread.pool.cached = false (default)
2025-04-24 14:04:53,742 [main] INFO  server.RaftServerConfigKeys (ConfUtils.java:logGet(46)) - raft.server.data-stream.async.request.thread.pool.size = 20 (custom)
2025-04-24 14:04:53,742 [main] INFO  server.RaftServerConfigKeys (ConfUtils.java:logGet(46)) - raft.server.data-stream.async.write.thread.pool.size = 16 (default)
2025-04-24 14:04:53,742 [main] INFO  netty.NettyConfigKeys$DataStream (ConfUtils.java:logGet(46)) - raft.netty.dataStream.server.channel.inactive.grace-period = 10min (default)
2025-04-24 14:04:53,742 [main] INFO  server.RaftServerConfigKeys (ConfUtils.java:logGet(46)) - raft.server.data-stream.client.pool.size = 10 (default)
2025-04-24 14:04:53,742 [main] INFO  netty.NettyConfigKeys$DataStream (ConfUtils.java:logGet(46)) - raft.netty.dataStream.server.use-epoll = true (default)
2025-04-24 14:04:53,742 [main] INFO  netty.NettyConfigKeys$DataStream (ConfUtils.java:logGet(46)) - raft.netty.dataStream.server.boss-group.size = 0 (default)
2025-04-24 14:04:53,742 [main] INFO  netty.NettyUtils (NettyUtils.java:newEventLoopGroup(74)) - Create EpollEventLoopGroup for 834ba878-0480-4e5d-9f84-edbf9d71c88d-NettyServerStreamRpc-bossGroup; Thread size is 0.
2025-04-24 14:04:53,743 [main] INFO  netty.NettyConfigKeys$DataStream (ConfUtils.java:logGet(46)) - raft.netty.dataStream.server.worker-group.size = 0 (default)
2025-04-24 14:04:53,743 [main] INFO  netty.NettyUtils (NettyUtils.java:newEventLoopGroup(74)) - Create EpollEventLoopGroup for 834ba878-0480-4e5d-9f84-edbf9d71c88d-NettyServerStreamRpc-workerGroup; Thread size is 0.
2025-04-24 14:04:53,743 [main] INFO  netty.NettyConfigKeys$DataStream (ConfUtils.java:logGet(46)) - raft.netty.dataStream.server.tls.conf = null (default)
2025-04-24 14:04:53,743 [main] INFO  netty.NettyConfigKeys$DataStream (ConfUtils.java:logGet(46)) - raft.netty.dataStream.host = null (default)
2025-04-24 14:04:53,743 [main] INFO  netty.NettyConfigKeys$DataStream (ConfUtils.java:logGet(46)) - raft.netty.dataStream.port = 15074 (custom)
2025-04-24 14:04:53,744 [main] INFO  server.RaftServerConfigKeys (ConfUtils.java:logGet(46)) - raft.server.sleep.deviation.threshold = 300ms (default)
2025-04-24 14:04:53,744 [main] INFO  server.RaftServerConfigKeys (ConfUtils.java:logGet(46)) - raft.server.close.threshold = 60s (default)
2025-04-24 14:04:53,744 [main] INFO  server.RaftServerConfigKeys (ConfUtils.java:logGet(46)) - raft.server.leaderelection.leader.step-down.wait-time = 10s (default)
2025-04-24 14:04:53,744 [main] INFO  server.RaftServerConfigKeys (ConfUtils.java:logGet(46)) - raft.server.storage.dir = [/home/runner/work/ozone/ozone/hadoop-ozone/integration-test/target/test-dir/MiniOzoneClusterImpl-9c5b6909-9e9c-47e3-ad7a-324826695869/ozone-meta/datanode-2/ratis] (custom)
2025-04-24 14:04:53,744 [main] INFO  server.RaftServerConfigKeys (ConfUtils.java:logGet(46)) - raft.server.threadpool.proxy.cached = true (default)
2025-04-24 14:04:53,744 [main] INFO  server.RaftServerConfigKeys (ConfUtils.java:logGet(46)) - raft.server.threadpool.proxy.size = 0 (default)
2025-04-24 14:04:53,744 [834ba878-0480-4e5d-9f84-edbf9d71c88d-NettyServerStreamRpc-bossGroup--thread1] INFO  logging.LoggingHandler (AbstractInternalLogger.java:log(148)) - [id: 0x500c8696] REGISTERED
2025-04-24 14:04:53,745 [834ba878-0480-4e5d-9f84-edbf9d71c88d-NettyServerStreamRpc-bossGroup--thread1] INFO  logging.LoggingHandler (AbstractInternalLogger.java:log(148)) - [id: 0x500c8696] BIND: 0.0.0.0/0.0.0.0:15074
2025-04-24 14:04:53,745 [834ba878-0480-4e5d-9f84-edbf9d71c88d-NettyServerStreamRpc-bossGroup--thread1] INFO  logging.LoggingHandler (AbstractInternalLogger.java:log(148)) - [id: 0x500c8696, L:/0.0.0.0:15074] ACTIVE
2025-04-24 14:04:53,745 [834ba878-0480-4e5d-9f84-edbf9d71c88d-impl-thread1] INFO  server.RaftServer (RaftServerProxy.java:initGroupDir(265)) - 834ba878-0480-4e5d-9f84-edbf9d71c88d: found a subdirectory /home/runner/work/ozone/ozone/hadoop-ozone/integration-test/target/test-dir/MiniOzoneClusterImpl-9c5b6909-9e9c-47e3-ad7a-324826695869/ozone-meta/datanode-2/ratis/tmp
2025-04-24 14:04:53,745 [834ba878-0480-4e5d-9f84-edbf9d71c88d-impl-thread1] INFO  server.RaftServer (RaftServerProxy.java:initGroupDir(270)) - 834ba878-0480-4e5d-9f84-edbf9d71c88d: The directory /home/runner/work/ozone/ozone/hadoop-ozone/integration-test/target/test-dir/MiniOzoneClusterImpl-9c5b6909-9e9c-47e3-ad7a-324826695869/ozone-meta/datanode-2/ratis/tmp is not a group directory; ignoring it. 
2025-04-24 14:04:53,745 [main] INFO  replication.ReplicationServer (ReplicationServer.java:<init>(84)) - Initializing replication server with thread count = 10 queue length = 4096
2025-04-24 14:04:53,746 [main] INFO  server.XceiverServerGrpc (XceiverServerGrpc.java:<init>(131)) - GrpcServer channel type EpollServerSocketChannel
2025-04-24 14:04:53,747 [main] INFO  replication.ReplicationSupervisor (ReplicationSupervisor.java:build(169)) - Initializing replication supervisor with thread count = 10
2025-04-24 14:04:53,747 [main] INFO  replication.ReplicationSupervisor (ReplicationSupervisor.java:nodeStateUpdated(358)) - Node state updated to IN_SERVICE, scaling executor pool size to 10
2025-04-24 14:04:53,748 [main] INFO  http.BaseHttpServer (BaseHttpServer.java:newHttpServer2BuilderForOzone(229)) - Starting Web-server for hddsDatanode at: http://0.0.0.0:15068
2025-04-24 14:04:53,749 [main] INFO  http.BaseHttpServer (BaseHttpServer.java:<init>(107)) - Hadoop Security Enabled: false Ozone Security Enabled: false Ozone HTTP Security Enabled: false 
2025-04-24 14:04:53,749 [main] WARN  server.AuthenticationFilter (AuthenticationFilter.java:constructSecretProvider(240)) - Unable to initialize FileSignerSecretProvider, falling back to use random secrets. Reason: Could not read signature secret file: /home/runner/hadoop-http-auth-signature-secret
2025-04-24 14:04:53,751 [main] INFO  http.HttpServer2 (HttpServer2.java:addGlobalFilter(1041)) - Added global filter 'safety' (class=org.apache.hadoop.hdds.server.http.HttpServer2$QuotingInputFilter)
2025-04-24 14:04:53,751 [main] INFO  http.HttpServer2 (HttpServer2.java:addFilter(1017)) - Added filter static_user_filter (class=org.apache.hadoop.http.lib.StaticUserWebFilter$StaticUserFilter) to context hddsDatanode
2025-04-24 14:04:53,751 [main] INFO  http.HttpServer2 (HttpServer2.java:addFilter(1025)) - Added filter static_user_filter (class=org.apache.hadoop.http.lib.StaticUserWebFilter$StaticUserFilter) to context logs
2025-04-24 14:04:53,751 [main] INFO  http.HttpServer2 (HttpServer2.java:addFilter(1025)) - Added filter static_user_filter (class=org.apache.hadoop.http.lib.StaticUserWebFilter$StaticUserFilter) to context static
2025-04-24 14:04:53,752 [main] INFO  http.BaseHttpServer (BaseHttpServer.java:<init>(195)) - HTTP server of hddsDatanode uses base directory /home/runner/work/ozone/ozone/hadoop-ozone/integration-test/target/test-dir/MiniOzoneClusterImpl-9c5b6909-9e9c-47e3-ad7a-324826695869/ozone-meta/datanode-2/meta/webserver
2025-04-24 14:04:53,752 [main] INFO  http.HttpServer2 (HttpServer2.java:bindListener(1241)) - Jetty bound to port 15068
2025-04-24 14:04:53,752 [main] INFO  server.Server (Server.java:doStart(375)) - jetty-9.4.57.v20241219; built: 2025-01-08T21:24:30.412Z; git: df524e6b29271c2e09ba9aea83c18dc9db464a31; jvm 21.0.7+6-LTS
2025-04-24 14:04:53,753 [main] INFO  server.session (DefaultSessionIdManager.java:doStart(334)) - DefaultSessionIdManager workerName=node0
2025-04-24 14:04:53,753 [main] INFO  server.session (DefaultSessionIdManager.java:doStart(339)) - No SessionScavenger set, using defaults
2025-04-24 14:04:53,753 [main] INFO  server.session (HouseKeeper.java:startScavenging(132)) - node0 Scavenging every 600000ms
2025-04-24 14:04:53,754 [main] INFO  handler.ContextHandler (ContextHandler.java:doStart(921)) - Started o.e.j.s.ServletContextHandler@7bef1e38{logs,/logs,file:///home/runner/work/ozone/ozone/hadoop-ozone/integration-test/target/log,AVAILABLE}
2025-04-24 14:04:53,754 [main] INFO  handler.ContextHandler (ContextHandler.java:doStart(921)) - Started o.e.j.s.ServletContextHandler@41bc70d0{static,/static,jar:file:/home/runner/work/ozone/ozone/hadoop-hdds/container-service/target/hdds-container-service-2.1.0-SNAPSHOT.jar!/webapps/static,AVAILABLE}
2025-04-24 14:04:53,822 [omNode-3-server-thread1] INFO  server.RaftServer$Division (RaftServerImpl.java:setFirstElection(562)) - omNode-3@group-523986131536: set firstElectionSinceStartup to false for appendEntries
2025-04-24 14:04:53,822 [omNode-2@group-523986131536-StateMachineUpdater] INFO  ratis.OzoneManagerStateMachine (OzoneManagerStateMachine.java:notifyConfigurationChanged(231)) - notifyConfigurationChanged from Ratis: term=1, index=0, New Peer list: omNode-3(localhost:15059), omNode-1(localhost:15051), omNode-2(localhost:15055)
2025-04-24 14:04:53,822 [omNode-3-server-thread1] INFO  ratis.OzoneManagerStateMachine (OzoneManagerStateMachine.java:notifyLeaderChanged(169)) - omNode-3@group-523986131536: leader changed to omNode-1
2025-04-24 14:04:53,822 [omNode-3-server-thread1] INFO  server.RaftServer$Division (ServerState.java:setLeader(272)) - omNode-3@group-523986131536: change Leader from null to omNode-1 at term 1 for appendEntries, leader elected after 743ms
2025-04-24 14:04:53,822 [omNode-3-server-thread1] INFO  server.RaftServer$Division (RaftServerImpl.java:checkInconsistentAppendEntries(1648)) - omNode-3@group-523986131536: Failed appendEntries as previous log entry ((t:1, i:0)) is not found
2025-04-24 14:04:53,822 [omNode-3-server-thread1] INFO  server.RaftServer$Division (RaftServerImpl.java:appendEntriesAsync(1580)) - omNode-3@group-523986131536: appendEntries* reply omNode-1<-omNode-3#965:FAIL-t0,INCONSISTENCY,nextIndex=0,followerCommit=-1,matchIndex=-1
2025-04-24 14:04:53,823 [grpc-default-executor-0] WARN  server.GrpcLogAppender (GrpcLogAppender.java:onNextImpl(519)) - omNode-1@group-523986131536->omNode-3-AppendLogResponseHandler: received INCONSISTENCY reply with nextIndex 0, errorCount=7, request=AppendEntriesRequest:cid=965,entriesCount=0
2025-04-24 14:04:53,823 [grpc-default-executor-0] INFO  leader.FollowerInfo (FollowerInfoImpl.java:info(70)) - omNode-1@group-523986131536->omNode-3: setNextIndex nextIndex: updateUnconditionally 1 -> 0
2025-04-24 14:04:53,823 [omNode-3-server-thread1] INFO  server.RaftServer$Division (ServerState.java:setRaftConf(386)) - omNode-3@group-523986131536: set configuration conf: {index: 0, cur=peers:[omNode-3|localhost:15059, omNode-1|localhost:15051, omNode-2|localhost:15055]|listeners:[], old=null}
2025-04-24 14:04:53,823 [omNode-3-server-thread1] INFO  segmented.SegmentedRaftLogWorker (SegmentedRaftLogWorker.java:startLogSegment(438)) - omNode-3@group-523986131536-SegmentedRaftLogWorker: Starting segment from index:0
2025-04-24 14:04:53,824 [omNode-3@group-523986131536-SegmentedRaftLogWorker] INFO  segmented.BufferedWriteChannel (BufferedWriteChannel.java:open(61)) - open log_inprogress_0 at position 0
2025-04-24 14:04:53,833 [omNode-3@group-523986131536-SegmentedRaftLogWorker] INFO  segmented.SegmentedRaftLogWorker (SegmentedRaftLogWorker.java:execute(644)) - omNode-3@group-523986131536-SegmentedRaftLogWorker: created new log segment /home/runner/work/ozone/ozone/hadoop-ozone/integration-test/target/test-dir/MiniOzoneClusterImpl-9c5b6909-9e9c-47e3-ad7a-324826695869/omNode-3/ratis/c9bc4cf4-3bc3-3c60-a66b-523986131536/current/log_inprogress_0
2025-04-24 14:04:53,834 [omNode-3@group-523986131536-StateMachineUpdater] INFO  ratis.OzoneManagerStateMachine (OzoneManagerStateMachine.java:notifyConfigurationChanged(231)) - notifyConfigurationChanged from Ratis: term=1, index=0, New Peer list: omNode-3(localhost:15059), omNode-1(localhost:15051), omNode-2(localhost:15055)
2025-04-24 14:04:53,890 [main] INFO  handler.ContextHandler (ContextHandler.java:doStart(921)) - Started o.e.j.w.WebAppContext@35557776{hddsDatanode,/,file:///home/runner/work/ozone/ozone/hadoop-ozone/integration-test/target/test-dir/MiniOzoneClusterImpl-9c5b6909-9e9c-47e3-ad7a-324826695869/ozone-meta/datanode-2/meta/webserver/jetty-0_0_0_0-15068-hdds-container-service-2_1_0-SNAPSHOT_jar-_-any-2392596595125601345/webapp/,AVAILABLE}{jar:file:/home/runner/work/ozone/ozone/hadoop-hdds/container-service/target/hdds-container-service-2.1.0-SNAPSHOT.jar!/webapps/hddsDatanode}
2025-04-24 14:04:53,890 [main] INFO  server.AbstractConnector (AbstractConnector.java:doStart(333)) - Started ServerConnector@4781114b{HTTP/1.1, (http/1.1)}{0.0.0.0:15068}
2025-04-24 14:04:53,890 [main] INFO  server.Server (Server.java:doStart(415)) - Started @175222ms
2025-04-24 14:04:53,891 [main] WARN  impl.MetricsSystemImpl (MetricsSystemImpl.java:register(279)) - Sink prometheus already exists!
2025-04-24 14:04:53,891 [main] INFO  http.BaseHttpServer (BaseHttpServer.java:updateConnectorAddress(360)) - HTTP server of hddsDatanode listening at http://0.0.0.0:15068
2025-04-24 14:04:53,891 [main] INFO  ipc.CallQueueManager (CallQueueManager.java:<init>(93)) - Using callQueue: class java.util.concurrent.LinkedBlockingQueue, queueCapacity: 1000, scheduler: class org.apache.hadoop.ipc.DefaultRpcScheduler, ipcBackoff: false, ipcFailOver: false.
2025-04-24 14:04:53,892 [main] INFO  ipc.Server (Server.java:<init>(1438)) - Listener at 0.0.0.0:15069
2025-04-24 14:04:53,892 [Socket Reader #1 for port 15069] INFO  ipc.Server (Server.java:run(1474)) - Starting Socket Reader #1 for port 15069
2025-04-24 14:04:53,892 [Socket Reader #2 for port 15069] INFO  ipc.Server (Server.java:run(1474)) - Starting Socket Reader #2 for port 15069
2025-04-24 14:04:53,892 [Socket Reader #3 for port 15069] INFO  ipc.Server (Server.java:run(1474)) - Starting Socket Reader #3 for port 15069
2025-04-24 14:04:53,892 [Socket Reader #4 for port 15069] INFO  ipc.Server (Server.java:run(1474)) - Starting Socket Reader #4 for port 15069
2025-04-24 14:04:53,892 [Socket Reader #5 for port 15069] INFO  ipc.Server (Server.java:run(1474)) - Starting Socket Reader #5 for port 15069
2025-04-24 14:04:53,893 [Socket Reader #6 for port 15069] INFO  ipc.Server (Server.java:run(1474)) - Starting Socket Reader #6 for port 15069
2025-04-24 14:04:53,893 [Socket Reader #7 for port 15069] INFO  ipc.Server (Server.java:run(1474)) - Starting Socket Reader #7 for port 15069
2025-04-24 14:04:53,893 [Socket Reader #8 for port 15069] INFO  ipc.Server (Server.java:run(1474)) - Starting Socket Reader #8 for port 15069
2025-04-24 14:04:53,893 [Socket Reader #9 for port 15069] INFO  ipc.Server (Server.java:run(1474)) - Starting Socket Reader #9 for port 15069
2025-04-24 14:04:53,893 [Socket Reader #10 for port 15069] INFO  ipc.Server (Server.java:run(1474)) - Starting Socket Reader #10 for port 15069
2025-04-24 14:04:53,894 [main] INFO  ozone.HddsDatanodeService (HddsDatanodeService.java:start(325)) - Datanode start with admins: [*, runner]
2025-04-24 14:04:53,894 [main] INFO  ozone.HddsDatanodeClientProtocolServer (HddsDatanodeClientProtocolServer.java:start(76)) - RPC server for Client /0.0.0.0:15069
2025-04-24 14:04:53,895 [IPC Server Responder] INFO  ipc.Server (Server.java:run(1713)) - IPC Server Responder: starting
2025-04-24 14:04:53,895 [IPC Server listener on 15069] INFO  ipc.Server (Server.java:run(1553)) - IPC Server listener on 15069: starting
2025-04-24 14:04:53,896 [main] WARN  dropwizard3.Dm3MetricRegistriesImpl (Dm3MetricRegistriesImpl.java:addReporterRegistration(114)) - New reporters are added after registries were created. Some metrics will be missing from the reporter. Please add reporter before adding any new registry.
2025-04-24 14:04:53,896 [main] WARN  dropwizard3.Dm3MetricRegistriesImpl (Dm3MetricRegistriesImpl.java:addReporterRegistration(114)) - New reporters are added after registries were created. Some metrics will be missing from the reporter. Please add reporter before adding any new registry.
2025-04-24 14:04:53,896 [main] INFO  impl.MetricsSystemImpl (MetricsSystemImpl.java:init(158)) - HddsDatanode metrics system started (again)
2025-04-24 14:04:53,898 [834ba878-0480-4e5d-9f84-edbf9d71c88d-DatanodeStateMachineDaemonThread] INFO  statemachine.DatanodeStateMachine (DatanodeStateMachine.java:startStateMachineThread(340)) - Ozone container server started.
2025-04-24 14:04:53,901 [834ba878-0480-4e5d-9f84-edbf9d71c88d-DatanodeStateMachineTaskThread-0] INFO  datanode.InitDatanodeState (InitDatanodeState.java:persistContainerDatanodeDetails(139)) - DatanodeDetails is persisted to /home/runner/work/ozone/ozone/hadoop-ozone/integration-test/target/test-dir/MiniOzoneClusterImpl-9c5b6909-9e9c-47e3-ad7a-324826695869/ozone-meta/datanode-2/meta/datanode.id
2025-04-24 14:04:53,907 [main] INFO  protocol.DatanodeDetails (DatanodeDetails.java:validateDatanodeIpAddress(199)) - Updating IP address of datanode 9b45c406-4ccb-4f79-99e0-7a7cfdf05c76(fv-az2210-761/null) to 10.1.0.107
2025-04-24 14:04:53,907 [main] INFO  ozone.HddsDatanodeService (HddsDatanodeService.java:start(234)) - HddsDatanodeService 9b45c406-4ccb-4f79-99e0-7a7cfdf05c76(fv-az2210-761/10.1.0.107)
2025-04-24 14:04:53,909 [main] INFO  upgrade.AbstractLayoutVersionManager (AbstractLayoutVersionManager.java:init(80)) - Initializing Layout version manager with metadata layout = HBASE_SUPPORT (version = 8), software layout = HBASE_SUPPORT (version = 8)
2025-04-24 14:04:53,909 [main] INFO  statemachine.DatanodeStateMachine (DatanodeStateMachine.java:getEndPointTaskThreadPoolSize(297)) - Datanode State Machine Task Thread Pool size 2
2025-04-24 14:04:53,911 [main] INFO  volume.HddsVolume (HddsVolume.java:<init>(158)) - HddsVolume: { id=DS-6632ed4d-3f7e-4df5-adaf-5dd51aea8410 dir=/home/runner/work/ozone/ozone/hadoop-ozone/integration-test/target/test-dir/MiniOzoneClusterImpl-9c5b6909-9e9c-47e3-ad7a-324826695869/ozone-meta/datanode-3/data-0/hdds type=DISK capacity=9222449699674390527 used=0 available=9222449699674390527 minFree=5368709120 committed=0 }
2025-04-24 14:04:53,911 [main] INFO  volume.MutableVolumeSet (MutableVolumeSet.java:initializeVolumeSet(166)) - Added Volume : /home/runner/work/ozone/ozone/hadoop-ozone/integration-test/target/test-dir/MiniOzoneClusterImpl-9c5b6909-9e9c-47e3-ad7a-324826695869/ozone-meta/datanode-3/data-0/hdds to VolumeSet
2025-04-24 14:04:53,911 [main] INFO  volume.MutableVolumeSet (MutableVolumeSet.java:initializeVolumeSet(166)) - Added Volume : /home/runner/work/ozone/ozone/hadoop-ozone/integration-test/target/test-dir/MiniOzoneClusterImpl-9c5b6909-9e9c-47e3-ad7a-324826695869/ozone-meta/datanode-3/ratis to VolumeSet
2025-04-24 14:04:53,912 [main] INFO  ozoneimpl.OzoneContainer (HddsVolumeUtil.java:loadAllHddsVolumeDbStore(102)) - Load 1 volumes DbStore cost: 1ms
2025-04-24 14:04:53,912 [main] WARN  db.DBStoreBuilder (DBStoreBuilder.java:getDBDirPath(167)) - ozone.scm.datanode.id.dir is not configured. We recommend adding this setting. Falling back to ozone.metadata.dirs instead.
2025-04-24 14:04:53,913 [main] WARN  db.DBStoreBuilder (DBStoreBuilder.java:getDBDirPath(167)) - ozone.scm.datanode.id.dir is not configured. We recommend adding this setting. Falling back to ozone.metadata.dirs instead.
2025-04-24 14:04:53,925 [main] INFO  impl.FilePerChunkStrategy (FilePerChunkStrategy.java:<init>(79)) - ozone.chunk.read.mapped.buffer.max.count is load with 0
2025-04-24 14:04:53,925 [main] INFO  impl.FilePerBlockStrategy (FilePerBlockStrategy.java:<init>(87)) - ozone.chunk.read.mapped.buffer.max.count is load with 0
2025-04-24 14:04:53,926 [main] INFO  server.RaftServerConfigKeys (ConfUtils.java:logGet(46)) - raft.server.log.appender.buffer.byte-limit = 33554432 (custom)
2025-04-24 14:04:53,927 [main] INFO  server.RaftServer (ConfUtils.java:logGet(46)) - raft.rpc.type = GRPC (default)
2025-04-24 14:04:53,927 [main] INFO  grpc.GrpcConfigKeys (ConfUtils.java:logFallback(53)) - raft.grpc.admin.host = null (fallback to raft.grpc.server.host)
2025-04-24 14:04:53,927 [main] INFO  grpc.GrpcConfigKeys (ConfUtils.java:logGet(46)) - raft.grpc.admin.port = 15080 (custom)
2025-04-24 14:04:53,927 [main] INFO  grpc.GrpcConfigKeys (ConfUtils.java:logFallback(53)) - raft.grpc.client.host = null (fallback to raft.grpc.server.host)
2025-04-24 14:04:53,927 [main] INFO  grpc.GrpcConfigKeys (ConfUtils.java:logGet(46)) - raft.grpc.client.port = 15079 (custom)
2025-04-24 14:04:53,928 [main] INFO  grpc.GrpcConfigKeys (ConfUtils.java:logGet(46)) - raft.grpc.server.host = null (default)
2025-04-24 14:04:53,928 [main] INFO  grpc.GrpcConfigKeys (ConfUtils.java:logGet(46)) - raft.grpc.server.port = 15081 (custom)
2025-04-24 14:04:53,928 [main] INFO  server.GrpcService (ConfUtils.java:logGet(46)) - raft.grpc.message.size.max = 34603008 (custom)
2025-04-24 14:04:53,928 [main] INFO  server.GrpcService (ConfUtils.java:logGet(46)) - raft.grpc.flow.control.window = 5MB (=5242880) (custom)
2025-04-24 14:04:53,928 [main] INFO  server.RaftServerConfigKeys (ConfUtils.java:logGet(46)) - raft.server.rpc.request.timeout = 60s (custom)
2025-04-24 14:04:53,928 [main] INFO  grpc.GrpcConfigKeys (ConfUtils.java:logGet(46)) - raft.grpc.server.heartbeat.channel = true (default)
2025-04-24 14:04:53,928 [main] INFO  server.RaftServerConfigKeys (ConfUtils.java:logGet(46)) - raft.server.log.appender.buffer.byte-limit = 33554432 (custom)
2025-04-24 14:04:53,928 [main] INFO  grpc.GrpcConfigKeys (ConfUtils.java:logGet(46)) - raft.grpc.server.async.request.thread.pool.cached = true (default)
2025-04-24 14:04:53,928 [main] INFO  grpc.GrpcConfigKeys (ConfUtils.java:logGet(46)) - raft.grpc.server.async.request.thread.pool.size = 32 (default)
2025-04-24 14:04:53,930 [main] INFO  impl.DataStreamServerImpl (ConfUtils.java:logGet(46)) - raft.datastream.type = NETTY (custom)
2025-04-24 14:04:53,930 [main] INFO  server.RaftServerConfigKeys (ConfUtils.java:logGet(46)) - raft.server.data-stream.async.request.thread.pool.cached = false (default)
2025-04-24 14:04:53,930 [main] INFO  server.RaftServerConfigKeys (ConfUtils.java:logGet(46)) - raft.server.data-stream.async.request.thread.pool.size = 20 (custom)
2025-04-24 14:04:53,930 [main] INFO  server.RaftServerConfigKeys (ConfUtils.java:logGet(46)) - raft.server.data-stream.async.write.thread.pool.size = 16 (default)
2025-04-24 14:04:53,930 [main] INFO  netty.NettyConfigKeys$DataStream (ConfUtils.java:logGet(46)) - raft.netty.dataStream.server.channel.inactive.grace-period = 10min (default)
2025-04-24 14:04:53,930 [main] INFO  server.RaftServerConfigKeys (ConfUtils.java:logGet(46)) - raft.server.data-stream.client.pool.size = 10 (default)
2025-04-24 14:04:53,930 [main] INFO  netty.NettyConfigKeys$DataStream (ConfUtils.java:logGet(46)) - raft.netty.dataStream.server.use-epoll = true (default)
2025-04-24 14:04:53,930 [main] INFO  netty.NettyConfigKeys$DataStream (ConfUtils.java:logGet(46)) - raft.netty.dataStream.server.boss-group.size = 0 (default)
2025-04-24 14:04:53,931 [main] INFO  netty.NettyUtils (NettyUtils.java:newEventLoopGroup(74)) - Create EpollEventLoopGroup for 9b45c406-4ccb-4f79-99e0-7a7cfdf05c76-NettyServerStreamRpc-bossGroup; Thread size is 0.
2025-04-24 14:04:53,931 [main] INFO  netty.NettyConfigKeys$DataStream (ConfUtils.java:logGet(46)) - raft.netty.dataStream.server.worker-group.size = 0 (default)
2025-04-24 14:04:53,931 [main] INFO  netty.NettyUtils (NettyUtils.java:newEventLoopGroup(74)) - Create EpollEventLoopGroup for 9b45c406-4ccb-4f79-99e0-7a7cfdf05c76-NettyServerStreamRpc-workerGroup; Thread size is 0.
2025-04-24 14:04:53,931 [main] INFO  netty.NettyConfigKeys$DataStream (ConfUtils.java:logGet(46)) - raft.netty.dataStream.server.tls.conf = null (default)
2025-04-24 14:04:53,931 [main] INFO  netty.NettyConfigKeys$DataStream (ConfUtils.java:logGet(46)) - raft.netty.dataStream.host = null (default)
2025-04-24 14:04:53,931 [main] INFO  netty.NettyConfigKeys$DataStream (ConfUtils.java:logGet(46)) - raft.netty.dataStream.port = 15082 (custom)
2025-04-24 14:04:53,932 [main] INFO  server.RaftServerConfigKeys (ConfUtils.java:logGet(46)) - raft.server.sleep.deviation.threshold = 300ms (default)
2025-04-24 14:04:53,932 [main] INFO  server.RaftServerConfigKeys (ConfUtils.java:logGet(46)) - raft.server.close.threshold = 60s (default)
2025-04-24 14:04:53,932 [main] INFO  server.RaftServerConfigKeys (ConfUtils.java:logGet(46)) - raft.server.leaderelection.leader.step-down.wait-time = 10s (default)
2025-04-24 14:04:53,932 [main] INFO  server.RaftServerConfigKeys (ConfUtils.java:logGet(46)) - raft.server.storage.dir = [/home/runner/work/ozone/ozone/hadoop-ozone/integration-test/target/test-dir/MiniOzoneClusterImpl-9c5b6909-9e9c-47e3-ad7a-324826695869/ozone-meta/datanode-3/ratis] (custom)
2025-04-24 14:04:53,932 [main] INFO  server.RaftServerConfigKeys (ConfUtils.java:logGet(46)) - raft.server.threadpool.proxy.cached = true (default)
2025-04-24 14:04:53,932 [main] INFO  server.RaftServerConfigKeys (ConfUtils.java:logGet(46)) - raft.server.threadpool.proxy.size = 0 (default)
2025-04-24 14:04:53,932 [9b45c406-4ccb-4f79-99e0-7a7cfdf05c76-NettyServerStreamRpc-bossGroup--thread1] INFO  logging.LoggingHandler (AbstractInternalLogger.java:log(148)) - [id: 0xd912621b] REGISTERED
2025-04-24 14:04:53,933 [9b45c406-4ccb-4f79-99e0-7a7cfdf05c76-NettyServerStreamRpc-bossGroup--thread1] INFO  logging.LoggingHandler (AbstractInternalLogger.java:log(148)) - [id: 0xd912621b] BIND: 0.0.0.0/0.0.0.0:15082
2025-04-24 14:04:53,933 [9b45c406-4ccb-4f79-99e0-7a7cfdf05c76-NettyServerStreamRpc-bossGroup--thread1] INFO  logging.LoggingHandler (AbstractInternalLogger.java:log(148)) - [id: 0xd912621b, L:/0.0.0.0:15082] ACTIVE
2025-04-24 14:04:53,933 [9b45c406-4ccb-4f79-99e0-7a7cfdf05c76-impl-thread1] INFO  server.RaftServer (RaftServerProxy.java:initGroupDir(265)) - 9b45c406-4ccb-4f79-99e0-7a7cfdf05c76: found a subdirectory /home/runner/work/ozone/ozone/hadoop-ozone/integration-test/target/test-dir/MiniOzoneClusterImpl-9c5b6909-9e9c-47e3-ad7a-324826695869/ozone-meta/datanode-3/ratis/tmp
2025-04-24 14:04:53,933 [9b45c406-4ccb-4f79-99e0-7a7cfdf05c76-impl-thread1] INFO  server.RaftServer (RaftServerProxy.java:initGroupDir(270)) - 9b45c406-4ccb-4f79-99e0-7a7cfdf05c76: The directory /home/runner/work/ozone/ozone/hadoop-ozone/integration-test/target/test-dir/MiniOzoneClusterImpl-9c5b6909-9e9c-47e3-ad7a-324826695869/ozone-meta/datanode-3/ratis/tmp is not a group directory; ignoring it. 
2025-04-24 14:04:53,933 [main] INFO  replication.ReplicationServer (ReplicationServer.java:<init>(84)) - Initializing replication server with thread count = 10 queue length = 4096
2025-04-24 14:04:53,934 [main] INFO  server.XceiverServerGrpc (XceiverServerGrpc.java:<init>(131)) - GrpcServer channel type EpollServerSocketChannel
2025-04-24 14:04:53,935 [main] INFO  replication.ReplicationSupervisor (ReplicationSupervisor.java:build(169)) - Initializing replication supervisor with thread count = 10
2025-04-24 14:04:53,935 [main] INFO  replication.ReplicationSupervisor (ReplicationSupervisor.java:nodeStateUpdated(358)) - Node state updated to IN_SERVICE, scaling executor pool size to 10
2025-04-24 14:04:53,936 [main] INFO  http.BaseHttpServer (BaseHttpServer.java:newHttpServer2BuilderForOzone(229)) - Starting Web-server for hddsDatanode at: http://0.0.0.0:15076
2025-04-24 14:04:53,937 [main] INFO  http.BaseHttpServer (BaseHttpServer.java:<init>(107)) - Hadoop Security Enabled: false Ozone Security Enabled: false Ozone HTTP Security Enabled: false 
2025-04-24 14:04:53,937 [main] WARN  server.AuthenticationFilter (AuthenticationFilter.java:constructSecretProvider(240)) - Unable to initialize FileSignerSecretProvider, falling back to use random secrets. Reason: Could not read signature secret file: /home/runner/hadoop-http-auth-signature-secret
2025-04-24 14:04:53,939 [main] INFO  http.HttpServer2 (HttpServer2.java:addGlobalFilter(1041)) - Added global filter 'safety' (class=org.apache.hadoop.hdds.server.http.HttpServer2$QuotingInputFilter)
2025-04-24 14:04:53,940 [main] INFO  http.HttpServer2 (HttpServer2.java:addFilter(1017)) - Added filter static_user_filter (class=org.apache.hadoop.http.lib.StaticUserWebFilter$StaticUserFilter) to context hddsDatanode
2025-04-24 14:04:53,940 [main] INFO  http.HttpServer2 (HttpServer2.java:addFilter(1025)) - Added filter static_user_filter (class=org.apache.hadoop.http.lib.StaticUserWebFilter$StaticUserFilter) to context logs
2025-04-24 14:04:53,940 [main] INFO  http.HttpServer2 (HttpServer2.java:addFilter(1025)) - Added filter static_user_filter (class=org.apache.hadoop.http.lib.StaticUserWebFilter$StaticUserFilter) to context static
2025-04-24 14:04:53,940 [main] INFO  http.BaseHttpServer (BaseHttpServer.java:<init>(195)) - HTTP server of hddsDatanode uses base directory /home/runner/work/ozone/ozone/hadoop-ozone/integration-test/target/test-dir/MiniOzoneClusterImpl-9c5b6909-9e9c-47e3-ad7a-324826695869/ozone-meta/datanode-3/meta/webserver
2025-04-24 14:04:53,940 [main] INFO  http.HttpServer2 (HttpServer2.java:bindListener(1241)) - Jetty bound to port 15076
2025-04-24 14:04:53,941 [main] INFO  server.Server (Server.java:doStart(375)) - jetty-9.4.57.v20241219; built: 2025-01-08T21:24:30.412Z; git: df524e6b29271c2e09ba9aea83c18dc9db464a31; jvm 21.0.7+6-LTS
2025-04-24 14:04:53,942 [main] INFO  server.session (DefaultSessionIdManager.java:doStart(334)) - DefaultSessionIdManager workerName=node0
2025-04-24 14:04:53,942 [main] INFO  server.session (DefaultSessionIdManager.java:doStart(339)) - No SessionScavenger set, using defaults
2025-04-24 14:04:53,942 [main] INFO  server.session (HouseKeeper.java:startScavenging(132)) - node0 Scavenging every 660000ms
2025-04-24 14:04:53,943 [main] INFO  handler.ContextHandler (ContextHandler.java:doStart(921)) - Started o.e.j.s.ServletContextHandler@d438fcf{logs,/logs,file:///home/runner/work/ozone/ozone/hadoop-ozone/integration-test/target/log,AVAILABLE}
2025-04-24 14:04:53,943 [main] INFO  handler.ContextHandler (ContextHandler.java:doStart(921)) - Started o.e.j.s.ServletContextHandler@5842f15f{static,/static,jar:file:/home/runner/work/ozone/ozone/hadoop-hdds/container-service/target/hdds-container-service-2.1.0-SNAPSHOT.jar!/webapps/static,AVAILABLE}
2025-04-24 14:04:54,084 [main] INFO  handler.ContextHandler (ContextHandler.java:doStart(921)) - Started o.e.j.w.WebAppContext@56e54f1f{hddsDatanode,/,file:///home/runner/work/ozone/ozone/hadoop-ozone/integration-test/target/test-dir/MiniOzoneClusterImpl-9c5b6909-9e9c-47e3-ad7a-324826695869/ozone-meta/datanode-3/meta/webserver/jetty-0_0_0_0-15076-hdds-container-service-2_1_0-SNAPSHOT_jar-_-any-168895728996993460/webapp/,AVAILABLE}{jar:file:/home/runner/work/ozone/ozone/hadoop-hdds/container-service/target/hdds-container-service-2.1.0-SNAPSHOT.jar!/webapps/hddsDatanode}
2025-04-24 14:04:54,085 [main] INFO  server.AbstractConnector (AbstractConnector.java:doStart(333)) - Started ServerConnector@6532e727{HTTP/1.1, (http/1.1)}{0.0.0.0:15076}
2025-04-24 14:04:54,085 [main] INFO  server.Server (Server.java:doStart(415)) - Started @175417ms
2025-04-24 14:04:54,085 [main] WARN  impl.MetricsSystemImpl (MetricsSystemImpl.java:register(279)) - Sink prometheus already exists!
2025-04-24 14:04:54,086 [main] INFO  http.BaseHttpServer (BaseHttpServer.java:updateConnectorAddress(360)) - HTTP server of hddsDatanode listening at http://0.0.0.0:15076
2025-04-24 14:04:54,086 [main] INFO  ipc.CallQueueManager (CallQueueManager.java:<init>(93)) - Using callQueue: class java.util.concurrent.LinkedBlockingQueue, queueCapacity: 1000, scheduler: class org.apache.hadoop.ipc.DefaultRpcScheduler, ipcBackoff: false, ipcFailOver: false.
2025-04-24 14:04:54,086 [main] INFO  ipc.Server (Server.java:<init>(1438)) - Listener at 0.0.0.0:15077
2025-04-24 14:04:54,087 [Socket Reader #1 for port 15077] INFO  ipc.Server (Server.java:run(1474)) - Starting Socket Reader #1 for port 15077
2025-04-24 14:04:54,087 [Socket Reader #2 for port 15077] INFO  ipc.Server (Server.java:run(1474)) - Starting Socket Reader #2 for port 15077
2025-04-24 14:04:54,087 [Socket Reader #3 for port 15077] INFO  ipc.Server (Server.java:run(1474)) - Starting Socket Reader #3 for port 15077
2025-04-24 14:04:54,087 [Socket Reader #4 for port 15077] INFO  ipc.Server (Server.java:run(1474)) - Starting Socket Reader #4 for port 15077
2025-04-24 14:04:54,087 [Socket Reader #5 for port 15077] INFO  ipc.Server (Server.java:run(1474)) - Starting Socket Reader #5 for port 15077
2025-04-24 14:04:54,087 [Socket Reader #6 for port 15077] INFO  ipc.Server (Server.java:run(1474)) - Starting Socket Reader #6 for port 15077
2025-04-24 14:04:54,088 [Socket Reader #7 for port 15077] INFO  ipc.Server (Server.java:run(1474)) - Starting Socket Reader #7 for port 15077
2025-04-24 14:04:54,088 [Socket Reader #8 for port 15077] INFO  ipc.Server (Server.java:run(1474)) - Starting Socket Reader #8 for port 15077
2025-04-24 14:04:54,088 [Socket Reader #9 for port 15077] INFO  ipc.Server (Server.java:run(1474)) - Starting Socket Reader #9 for port 15077
2025-04-24 14:04:54,088 [Socket Reader #10 for port 15077] INFO  ipc.Server (Server.java:run(1474)) - Starting Socket Reader #10 for port 15077
2025-04-24 14:04:54,090 [main] INFO  ozone.HddsDatanodeService (HddsDatanodeService.java:start(325)) - Datanode start with admins: [*, runner]
2025-04-24 14:04:54,090 [main] INFO  ozone.HddsDatanodeClientProtocolServer (HddsDatanodeClientProtocolServer.java:start(76)) - RPC server for Client /0.0.0.0:15077
2025-04-24 14:04:54,090 [IPC Server Responder] INFO  ipc.Server (Server.java:run(1713)) - IPC Server Responder: starting
2025-04-24 14:04:54,090 [IPC Server listener on 15077] INFO  ipc.Server (Server.java:run(1553)) - IPC Server listener on 15077: starting
2025-04-24 14:04:54,092 [main] INFO  ozone.MiniOzoneClusterImpl (MiniOzoneClusterImpl.java:lambda$waitForClusterToBeReady$0(190)) - Waiting for nodes to be ready. Got 0 of 3 DN Heartbeats.
2025-04-24 14:04:54,093 [main] INFO  ozone.MiniOzoneClusterImpl (MiniOzoneClusterImpl.java:lambda$waitForClusterToBeReady$0(193)) - Waiting for cluster to exit safe mode
2025-04-24 14:04:54,093 [9b45c406-4ccb-4f79-99e0-7a7cfdf05c76-DatanodeStateMachineDaemonThread] INFO  statemachine.DatanodeStateMachine (DatanodeStateMachine.java:startStateMachineThread(340)) - Ozone container server started.
2025-04-24 14:04:54,093 [main] INFO  ozone.MiniOzoneClusterImpl (MiniOzoneClusterImpl.java:lambda$waitForClusterToBeReady$0(195)) - SCM became leader
2025-04-24 14:04:54,096 [9b45c406-4ccb-4f79-99e0-7a7cfdf05c76-DatanodeStateMachineTaskThread-0] INFO  datanode.InitDatanodeState (InitDatanodeState.java:persistContainerDatanodeDetails(139)) - DatanodeDetails is persisted to /home/runner/work/ozone/ozone/hadoop-ozone/integration-test/target/test-dir/MiniOzoneClusterImpl-9c5b6909-9e9c-47e3-ad7a-324826695869/ozone-meta/datanode-3/meta/datanode.id
2025-04-24 14:04:54,237 [45889312-f9ba-413f-bd11-bf2ed7b16685-EndpointStateMachineTaskThread-/0.0.0.0:15044-0 ] INFO  utils.DatanodeStoreCache (DatanodeStoreCache.java:addDB(71)) - Added db /home/runner/work/ozone/ozone/hadoop-ozone/integration-test/target/test-dir/MiniOzoneClusterImpl-9c5b6909-9e9c-47e3-ad7a-324826695869/ozone-meta/datanode-1/data-0/hdds/9c5b6909-9e9c-47e3-ad7a-324826695869/DS-070d19f7-34d6-4047-9a01-3840a79baa8a/container.db to cache
2025-04-24 14:04:54,237 [45889312-f9ba-413f-bd11-bf2ed7b16685-EndpointStateMachineTaskThread-/0.0.0.0:15044-0 ] INFO  volume.HddsVolume (HddsVolume.java:createDbStore(510)) - SchemaV3 db is created and loaded at /home/runner/work/ozone/ozone/hadoop-ozone/integration-test/target/test-dir/MiniOzoneClusterImpl-9c5b6909-9e9c-47e3-ad7a-324826695869/ozone-meta/datanode-1/data-0/hdds/9c5b6909-9e9c-47e3-ad7a-324826695869/DS-070d19f7-34d6-4047-9a01-3840a79baa8a/container.db for volume DS-070d19f7-34d6-4047-9a01-3840a79baa8a
2025-04-24 14:04:54,239 [45889312-f9ba-413f-bd11-bf2ed7b16685-ContainerReader-0] INFO  ozoneimpl.ContainerReader (ContainerReader.java:readVolume(144)) - Start to verify containers on volume /home/runner/work/ozone/ozone/hadoop-ozone/integration-test/target/test-dir/MiniOzoneClusterImpl-9c5b6909-9e9c-47e3-ad7a-324826695869/ozone-meta/datanode-1/data-0/hdds
2025-04-24 14:04:54,239 [45889312-f9ba-413f-bd11-bf2ed7b16685-ContainerReader-0] INFO  ozoneimpl.ContainerReader (ContainerReader.java:readVolume(174)) - Finish verifying containers on volume /home/runner/work/ozone/ozone/hadoop-ozone/integration-test/target/test-dir/MiniOzoneClusterImpl-9c5b6909-9e9c-47e3-ad7a-324826695869/ozone-meta/datanode-1/data-0/hdds
2025-04-24 14:04:54,239 [45889312-f9ba-413f-bd11-bf2ed7b16685-EndpointStateMachineTaskThread-/0.0.0.0:15044-0 ] INFO  ozoneimpl.OzoneContainer (OzoneContainer.java:buildContainerSet(364)) - Build ContainerSet costs 0s
2025-04-24 14:04:54,239 [45889312-f9ba-413f-bd11-bf2ed7b16685-EndpointStateMachineTaskThread-/0.0.0.0:15044-0 ] INFO  volume.ThrottledAsyncChecker (ThrottledAsyncChecker.java:schedule(138)) - Scheduling a check for /home/runner/work/ozone/ozone/hadoop-ozone/integration-test/target/test-dir/MiniOzoneClusterImpl-9c5b6909-9e9c-47e3-ad7a-324826695869/ozone-meta/datanode-1/data-0/hdds
2025-04-24 14:04:54,240 [45889312-f9ba-413f-bd11-bf2ed7b16685-EndpointStateMachineTaskThread-/0.0.0.0:15044-0 ] INFO  volume.StorageVolumeChecker (StorageVolumeChecker.java:checkAllVolumes(215)) - Scheduled health check for volume /home/runner/work/ozone/ozone/hadoop-ozone/integration-test/target/test-dir/MiniOzoneClusterImpl-9c5b6909-9e9c-47e3-ad7a-324826695869/ozone-meta/datanode-1/data-0/hdds
2025-04-24 14:04:54,242 [45889312-f9ba-413f-bd11-bf2ed7b16685-EndpointStateMachineTaskThread-/0.0.0.0:15044-0 ] INFO  volume.ThrottledAsyncChecker (ThrottledAsyncChecker.java:schedule(138)) - Scheduling a check for /home/runner/work/ozone/ozone/hadoop-ozone/integration-test/target/test-dir/MiniOzoneClusterImpl-9c5b6909-9e9c-47e3-ad7a-324826695869/ozone-meta/datanode-1/ratis
2025-04-24 14:04:54,242 [45889312-f9ba-413f-bd11-bf2ed7b16685-EndpointStateMachineTaskThread-/0.0.0.0:15044-0 ] INFO  volume.StorageVolumeChecker (StorageVolumeChecker.java:checkAllVolumes(215)) - Scheduled health check for volume /home/runner/work/ozone/ozone/hadoop-ozone/integration-test/target/test-dir/MiniOzoneClusterImpl-9c5b6909-9e9c-47e3-ad7a-324826695869/ozone-meta/datanode-1/ratis
2025-04-24 14:04:54,244 [45889312-f9ba-413f-bd11-bf2ed7b16685-EndpointStateMachineTaskThread-/0.0.0.0:15044-0 ] INFO  ozoneimpl.OzoneContainer (OzoneContainer.java:start(512)) - Attempting to start container services.
2025-04-24 14:04:54,244 [ContainerMetadataScanner] INFO  ozoneimpl.AbstractBackgroundContainerScanner (AbstractBackgroundContainerScanner.java:runIteration(89)) - Completed an iteration in 0 minutes. Number of iterations (since the data-node restart) : 1, Number of containers scanned in this iteration : 0, Number of unhealthy containers found in this iteration : 0
2025-04-24 14:04:54,245 [ContainerDataScanner(/home/runner/work/ozone/ozone/hadoop-ozone/integration-test/target/test-dir/MiniOzoneClusterImpl-9c5b6909-9e9c-47e3-ad7a-324826695869/ozone-meta/datanode-1/data-0/hdds)] INFO  ozoneimpl.AbstractBackgroundContainerScanner (AbstractBackgroundContainerScanner.java:runIteration(89)) - Completed an iteration in 0 minutes. Number of iterations (since the data-node restart) : 1, Number of containers scanned in this iteration : 0, Number of unhealthy containers found in this iteration : 0
2025-04-24 14:04:54,245 [45889312-f9ba-413f-bd11-bf2ed7b16685-EndpointStateMachineTaskThread-/0.0.0.0:15044-0 ] INFO  replication.ReplicationServer (ReplicationServer.java:start(137)) - ReplicationServer is started using port 15067
2025-04-24 14:04:54,245 [45889312-f9ba-413f-bd11-bf2ed7b16685-EndpointStateMachineTaskThread-/0.0.0.0:15044-0 ] INFO  ratis.XceiverServerRatis (XceiverServerRatis.java:start(559)) - Starting XceiverServerRatis(45889312-f9ba-413f-bd11-bf2ed7b16685)
2025-04-24 14:04:54,246 [45889312-f9ba-413f-bd11-bf2ed7b16685-EndpointStateMachineTaskThread-/0.0.0.0:15044-0 ] INFO  server.RaftServer (RaftServerProxy.java:startImpl(407)) - 45889312-f9ba-413f-bd11-bf2ed7b16685: start RPC server
2025-04-24 14:04:54,246 [45889312-f9ba-413f-bd11-bf2ed7b16685-EndpointStateMachineTaskThread-/0.0.0.0:15044-0 ] INFO  server.GrpcService (GrpcService.java:startImpl(334)) - 45889312-f9ba-413f-bd11-bf2ed7b16685: GrpcService started, listening on 15063
2025-04-24 14:04:54,246 [45889312-f9ba-413f-bd11-bf2ed7b16685-EndpointStateMachineTaskThread-/0.0.0.0:15044-0 ] INFO  server.GrpcService (GrpcService.java:startImpl(334)) - 45889312-f9ba-413f-bd11-bf2ed7b16685: GrpcService started, listening on 15065
2025-04-24 14:04:54,246 [45889312-f9ba-413f-bd11-bf2ed7b16685-EndpointStateMachineTaskThread-/0.0.0.0:15044-0 ] INFO  server.GrpcService (GrpcService.java:startImpl(334)) - 45889312-f9ba-413f-bd11-bf2ed7b16685: GrpcService started, listening on 15064
2025-04-24 14:04:54,247 [45889312-f9ba-413f-bd11-bf2ed7b16685-EndpointStateMachineTaskThread-/0.0.0.0:15044-0 ] INFO  ratis.XceiverServerRatis (XceiverServerRatis.java:getRealPort(586)) - XceiverServerRatis(45889312-f9ba-413f-bd11-bf2ed7b16685) is started using port RATIS=15063
2025-04-24 14:04:54,247 [JvmPauseMonitor46] INFO  util.JvmPauseMonitor (JvmPauseMonitor.java:run(146)) - JvmPauseMonitor-45889312-f9ba-413f-bd11-bf2ed7b16685: Started
2025-04-24 14:04:54,247 [45889312-f9ba-413f-bd11-bf2ed7b16685-EndpointStateMachineTaskThread-/0.0.0.0:15044-0 ] INFO  ratis.XceiverServerRatis (XceiverServerRatis.java:getRealPort(586)) - XceiverServerRatis(45889312-f9ba-413f-bd11-bf2ed7b16685) is started using port RATIS_ADMIN=15064
2025-04-24 14:04:54,247 [45889312-f9ba-413f-bd11-bf2ed7b16685-EndpointStateMachineTaskThread-/0.0.0.0:15044-0 ] INFO  ratis.XceiverServerRatis (XceiverServerRatis.java:getRealPort(586)) - XceiverServerRatis(45889312-f9ba-413f-bd11-bf2ed7b16685) is started using port RATIS_SERVER=15065
2025-04-24 14:04:54,247 [45889312-f9ba-413f-bd11-bf2ed7b16685-EndpointStateMachineTaskThread-/0.0.0.0:15044-0 ] INFO  ratis.XceiverServerRatis (XceiverServerRatis.java:getRealPort(586)) - XceiverServerRatis(45889312-f9ba-413f-bd11-bf2ed7b16685) is started using port RATIS_DATASTREAM=15066
2025-04-24 14:04:54,248 [45889312-f9ba-413f-bd11-bf2ed7b16685-BlockDeletingService#0] INFO  interfaces.ContainerDeletionChoosingPolicyTemplate (ContainerDeletionChoosingPolicyTemplate.java:chooseContainerForBlockDeletion(83)) - Chosen 0/5000 blocks from 0 candidate containers.
2025-04-24 14:04:54,431 [834ba878-0480-4e5d-9f84-edbf9d71c88d-EndpointStateMachineTaskThread-/0.0.0.0:15044-0 ] INFO  utils.DatanodeStoreCache (DatanodeStoreCache.java:addDB(71)) - Added db /home/runner/work/ozone/ozone/hadoop-ozone/integration-test/target/test-dir/MiniOzoneClusterImpl-9c5b6909-9e9c-47e3-ad7a-324826695869/ozone-meta/datanode-2/data-0/hdds/9c5b6909-9e9c-47e3-ad7a-324826695869/DS-c74aed1d-5a04-4046-90cb-a03b3ddae0cc/container.db to cache
2025-04-24 14:04:54,431 [834ba878-0480-4e5d-9f84-edbf9d71c88d-EndpointStateMachineTaskThread-/0.0.0.0:15044-0 ] INFO  volume.HddsVolume (HddsVolume.java:createDbStore(510)) - SchemaV3 db is created and loaded at /home/runner/work/ozone/ozone/hadoop-ozone/integration-test/target/test-dir/MiniOzoneClusterImpl-9c5b6909-9e9c-47e3-ad7a-324826695869/ozone-meta/datanode-2/data-0/hdds/9c5b6909-9e9c-47e3-ad7a-324826695869/DS-c74aed1d-5a04-4046-90cb-a03b3ddae0cc/container.db for volume DS-c74aed1d-5a04-4046-90cb-a03b3ddae0cc
2025-04-24 14:04:54,433 [834ba878-0480-4e5d-9f84-edbf9d71c88d-ContainerReader-0] INFO  ozoneimpl.ContainerReader (ContainerReader.java:readVolume(144)) - Start to verify containers on volume /home/runner/work/ozone/ozone/hadoop-ozone/integration-test/target/test-dir/MiniOzoneClusterImpl-9c5b6909-9e9c-47e3-ad7a-324826695869/ozone-meta/datanode-2/data-0/hdds
2025-04-24 14:04:54,433 [834ba878-0480-4e5d-9f84-edbf9d71c88d-ContainerReader-0] INFO  ozoneimpl.ContainerReader (ContainerReader.java:readVolume(174)) - Finish verifying containers on volume /home/runner/work/ozone/ozone/hadoop-ozone/integration-test/target/test-dir/MiniOzoneClusterImpl-9c5b6909-9e9c-47e3-ad7a-324826695869/ozone-meta/datanode-2/data-0/hdds
2025-04-24 14:04:54,433 [834ba878-0480-4e5d-9f84-edbf9d71c88d-EndpointStateMachineTaskThread-/0.0.0.0:15044-0 ] INFO  ozoneimpl.OzoneContainer (OzoneContainer.java:buildContainerSet(364)) - Build ContainerSet costs 0s
2025-04-24 14:04:54,434 [834ba878-0480-4e5d-9f84-edbf9d71c88d-EndpointStateMachineTaskThread-/0.0.0.0:15044-0 ] INFO  volume.ThrottledAsyncChecker (ThrottledAsyncChecker.java:schedule(138)) - Scheduling a check for /home/runner/work/ozone/ozone/hadoop-ozone/integration-test/target/test-dir/MiniOzoneClusterImpl-9c5b6909-9e9c-47e3-ad7a-324826695869/ozone-meta/datanode-2/data-0/hdds
2025-04-24 14:04:54,434 [834ba878-0480-4e5d-9f84-edbf9d71c88d-EndpointStateMachineTaskThread-/0.0.0.0:15044-0 ] INFO  volume.StorageVolumeChecker (StorageVolumeChecker.java:checkAllVolumes(215)) - Scheduled health check for volume /home/runner/work/ozone/ozone/hadoop-ozone/integration-test/target/test-dir/MiniOzoneClusterImpl-9c5b6909-9e9c-47e3-ad7a-324826695869/ozone-meta/datanode-2/data-0/hdds
2025-04-24 14:04:54,437 [834ba878-0480-4e5d-9f84-edbf9d71c88d-EndpointStateMachineTaskThread-/0.0.0.0:15044-0 ] INFO  volume.ThrottledAsyncChecker (ThrottledAsyncChecker.java:schedule(138)) - Scheduling a check for /home/runner/work/ozone/ozone/hadoop-ozone/integration-test/target/test-dir/MiniOzoneClusterImpl-9c5b6909-9e9c-47e3-ad7a-324826695869/ozone-meta/datanode-2/ratis
2025-04-24 14:04:54,437 [834ba878-0480-4e5d-9f84-edbf9d71c88d-EndpointStateMachineTaskThread-/0.0.0.0:15044-0 ] INFO  volume.StorageVolumeChecker (StorageVolumeChecker.java:checkAllVolumes(215)) - Scheduled health check for volume /home/runner/work/ozone/ozone/hadoop-ozone/integration-test/target/test-dir/MiniOzoneClusterImpl-9c5b6909-9e9c-47e3-ad7a-324826695869/ozone-meta/datanode-2/ratis
2025-04-24 14:04:54,438 [834ba878-0480-4e5d-9f84-edbf9d71c88d-EndpointStateMachineTaskThread-/0.0.0.0:15044-0 ] INFO  ozoneimpl.OzoneContainer (OzoneContainer.java:start(512)) - Attempting to start container services.
2025-04-24 14:04:54,438 [834ba878-0480-4e5d-9f84-edbf9d71c88d-EndpointStateMachineTaskThread-/0.0.0.0:15044-0 ] WARN  ozoneimpl.OnDemandContainerDataScanner (OnDemandContainerDataScanner.java:init(74)) - Trying to initialize on demand scanner a second time on a datanode.
2025-04-24 14:04:54,438 [ContainerMetadataScanner] INFO  ozoneimpl.AbstractBackgroundContainerScanner (AbstractBackgroundContainerScanner.java:runIteration(89)) - Completed an iteration in 0 minutes. Number of iterations (since the data-node restart) : 1, Number of containers scanned in this iteration : 0, Number of unhealthy containers found in this iteration : 0
2025-04-24 14:04:54,439 [ContainerDataScanner(/home/runner/work/ozone/ozone/hadoop-ozone/integration-test/target/test-dir/MiniOzoneClusterImpl-9c5b6909-9e9c-47e3-ad7a-324826695869/ozone-meta/datanode-2/data-0/hdds)] INFO  ozoneimpl.AbstractBackgroundContainerScanner (AbstractBackgroundContainerScanner.java:runIteration(89)) - Completed an iteration in 0 minutes. Number of iterations (since the data-node restart) : 1, Number of containers scanned in this iteration : 0, Number of unhealthy containers found in this iteration : 0
2025-04-24 14:04:54,439 [834ba878-0480-4e5d-9f84-edbf9d71c88d-EndpointStateMachineTaskThread-/0.0.0.0:15044-0 ] INFO  replication.ReplicationServer (ReplicationServer.java:start(137)) - ReplicationServer is started using port 15075
2025-04-24 14:04:54,439 [834ba878-0480-4e5d-9f84-edbf9d71c88d-EndpointStateMachineTaskThread-/0.0.0.0:15044-0 ] INFO  ratis.XceiverServerRatis (XceiverServerRatis.java:start(559)) - Starting XceiverServerRatis(834ba878-0480-4e5d-9f84-edbf9d71c88d)
2025-04-24 14:04:54,440 [834ba878-0480-4e5d-9f84-edbf9d71c88d-EndpointStateMachineTaskThread-/0.0.0.0:15044-0 ] INFO  server.RaftServer (RaftServerProxy.java:startImpl(407)) - 834ba878-0480-4e5d-9f84-edbf9d71c88d: start RPC server
2025-04-24 14:04:54,440 [834ba878-0480-4e5d-9f84-edbf9d71c88d-EndpointStateMachineTaskThread-/0.0.0.0:15044-0 ] INFO  server.GrpcService (GrpcService.java:startImpl(334)) - 834ba878-0480-4e5d-9f84-edbf9d71c88d: GrpcService started, listening on 15071
2025-04-24 14:04:54,440 [834ba878-0480-4e5d-9f84-edbf9d71c88d-EndpointStateMachineTaskThread-/0.0.0.0:15044-0 ] INFO  server.GrpcService (GrpcService.java:startImpl(334)) - 834ba878-0480-4e5d-9f84-edbf9d71c88d: GrpcService started, listening on 15073
2025-04-24 14:04:54,440 [834ba878-0480-4e5d-9f84-edbf9d71c88d-EndpointStateMachineTaskThread-/0.0.0.0:15044-0 ] INFO  server.GrpcService (GrpcService.java:startImpl(334)) - 834ba878-0480-4e5d-9f84-edbf9d71c88d: GrpcService started, listening on 15072
2025-04-24 14:04:54,441 [834ba878-0480-4e5d-9f84-edbf9d71c88d-EndpointStateMachineTaskThread-/0.0.0.0:15044-0 ] INFO  ratis.XceiverServerRatis (XceiverServerRatis.java:getRealPort(586)) - XceiverServerRatis(834ba878-0480-4e5d-9f84-edbf9d71c88d) is started using port RATIS=15071
2025-04-24 14:04:54,441 [834ba878-0480-4e5d-9f84-edbf9d71c88d-EndpointStateMachineTaskThread-/0.0.0.0:15044-0 ] INFO  ratis.XceiverServerRatis (XceiverServerRatis.java:getRealPort(586)) - XceiverServerRatis(834ba878-0480-4e5d-9f84-edbf9d71c88d) is started using port RATIS_ADMIN=15072
2025-04-24 14:04:54,441 [834ba878-0480-4e5d-9f84-edbf9d71c88d-EndpointStateMachineTaskThread-/0.0.0.0:15044-0 ] INFO  ratis.XceiverServerRatis (XceiverServerRatis.java:getRealPort(586)) - XceiverServerRatis(834ba878-0480-4e5d-9f84-edbf9d71c88d) is started using port RATIS_SERVER=15073
2025-04-24 14:04:54,441 [834ba878-0480-4e5d-9f84-edbf9d71c88d-EndpointStateMachineTaskThread-/0.0.0.0:15044-0 ] INFO  ratis.XceiverServerRatis (XceiverServerRatis.java:getRealPort(586)) - XceiverServerRatis(834ba878-0480-4e5d-9f84-edbf9d71c88d) is started using port RATIS_DATASTREAM=15074
2025-04-24 14:04:54,441 [JvmPauseMonitor47] INFO  util.JvmPauseMonitor (JvmPauseMonitor.java:run(146)) - JvmPauseMonitor-834ba878-0480-4e5d-9f84-edbf9d71c88d: Started
2025-04-24 14:04:54,441 [834ba878-0480-4e5d-9f84-edbf9d71c88d-BlockDeletingService#0] INFO  interfaces.ContainerDeletionChoosingPolicyTemplate (ContainerDeletionChoosingPolicyTemplate.java:chooseContainerForBlockDeletion(83)) - Chosen 0/5000 blocks from 0 candidate containers.
2025-04-24 14:04:54,626 [9b45c406-4ccb-4f79-99e0-7a7cfdf05c76-EndpointStateMachineTaskThread-/0.0.0.0:15044-0 ] INFO  utils.DatanodeStoreCache (DatanodeStoreCache.java:addDB(71)) - Added db /home/runner/work/ozone/ozone/hadoop-ozone/integration-test/target/test-dir/MiniOzoneClusterImpl-9c5b6909-9e9c-47e3-ad7a-324826695869/ozone-meta/datanode-3/data-0/hdds/9c5b6909-9e9c-47e3-ad7a-324826695869/DS-b4813c0c-5fd2-45d7-91c9-0178b1584ab1/container.db to cache
2025-04-24 14:04:54,626 [9b45c406-4ccb-4f79-99e0-7a7cfdf05c76-EndpointStateMachineTaskThread-/0.0.0.0:15044-0 ] INFO  volume.HddsVolume (HddsVolume.java:createDbStore(510)) - SchemaV3 db is created and loaded at /home/runner/work/ozone/ozone/hadoop-ozone/integration-test/target/test-dir/MiniOzoneClusterImpl-9c5b6909-9e9c-47e3-ad7a-324826695869/ozone-meta/datanode-3/data-0/hdds/9c5b6909-9e9c-47e3-ad7a-324826695869/DS-b4813c0c-5fd2-45d7-91c9-0178b1584ab1/container.db for volume DS-b4813c0c-5fd2-45d7-91c9-0178b1584ab1
2025-04-24 14:04:54,628 [9b45c406-4ccb-4f79-99e0-7a7cfdf05c76-ContainerReader-0] INFO  ozoneimpl.ContainerReader (ContainerReader.java:readVolume(144)) - Start to verify containers on volume /home/runner/work/ozone/ozone/hadoop-ozone/integration-test/target/test-dir/MiniOzoneClusterImpl-9c5b6909-9e9c-47e3-ad7a-324826695869/ozone-meta/datanode-3/data-0/hdds
2025-04-24 14:04:54,628 [9b45c406-4ccb-4f79-99e0-7a7cfdf05c76-ContainerReader-0] INFO  ozoneimpl.ContainerReader (ContainerReader.java:readVolume(174)) - Finish verifying containers on volume /home/runner/work/ozone/ozone/hadoop-ozone/integration-test/target/test-dir/MiniOzoneClusterImpl-9c5b6909-9e9c-47e3-ad7a-324826695869/ozone-meta/datanode-3/data-0/hdds
2025-04-24 14:04:54,628 [9b45c406-4ccb-4f79-99e0-7a7cfdf05c76-EndpointStateMachineTaskThread-/0.0.0.0:15044-0 ] INFO  ozoneimpl.OzoneContainer (OzoneContainer.java:buildContainerSet(364)) - Build ContainerSet costs 0s
2025-04-24 14:04:54,628 [9b45c406-4ccb-4f79-99e0-7a7cfdf05c76-EndpointStateMachineTaskThread-/0.0.0.0:15044-0 ] INFO  volume.ThrottledAsyncChecker (ThrottledAsyncChecker.java:schedule(138)) - Scheduling a check for /home/runner/work/ozone/ozone/hadoop-ozone/integration-test/target/test-dir/MiniOzoneClusterImpl-9c5b6909-9e9c-47e3-ad7a-324826695869/ozone-meta/datanode-3/data-0/hdds
2025-04-24 14:04:54,628 [9b45c406-4ccb-4f79-99e0-7a7cfdf05c76-EndpointStateMachineTaskThread-/0.0.0.0:15044-0 ] INFO  volume.StorageVolumeChecker (StorageVolumeChecker.java:checkAllVolumes(215)) - Scheduled health check for volume /home/runner/work/ozone/ozone/hadoop-ozone/integration-test/target/test-dir/MiniOzoneClusterImpl-9c5b6909-9e9c-47e3-ad7a-324826695869/ozone-meta/datanode-3/data-0/hdds
2025-04-24 14:04:54,631 [9b45c406-4ccb-4f79-99e0-7a7cfdf05c76-EndpointStateMachineTaskThread-/0.0.0.0:15044-0 ] INFO  volume.ThrottledAsyncChecker (ThrottledAsyncChecker.java:schedule(138)) - Scheduling a check for /home/runner/work/ozone/ozone/hadoop-ozone/integration-test/target/test-dir/MiniOzoneClusterImpl-9c5b6909-9e9c-47e3-ad7a-324826695869/ozone-meta/datanode-3/ratis
2025-04-24 14:04:54,631 [9b45c406-4ccb-4f79-99e0-7a7cfdf05c76-EndpointStateMachineTaskThread-/0.0.0.0:15044-0 ] INFO  volume.StorageVolumeChecker (StorageVolumeChecker.java:checkAllVolumes(215)) - Scheduled health check for volume /home/runner/work/ozone/ozone/hadoop-ozone/integration-test/target/test-dir/MiniOzoneClusterImpl-9c5b6909-9e9c-47e3-ad7a-324826695869/ozone-meta/datanode-3/ratis
2025-04-24 14:04:54,632 [9b45c406-4ccb-4f79-99e0-7a7cfdf05c76-EndpointStateMachineTaskThread-/0.0.0.0:15044-0 ] INFO  ozoneimpl.OzoneContainer (OzoneContainer.java:start(512)) - Attempting to start container services.
2025-04-24 14:04:54,632 [9b45c406-4ccb-4f79-99e0-7a7cfdf05c76-EndpointStateMachineTaskThread-/0.0.0.0:15044-0 ] WARN  ozoneimpl.OnDemandContainerDataScanner (OnDemandContainerDataScanner.java:init(74)) - Trying to initialize on demand scanner a second time on a datanode.
2025-04-24 14:04:54,632 [ContainerMetadataScanner] INFO  ozoneimpl.AbstractBackgroundContainerScanner (AbstractBackgroundContainerScanner.java:runIteration(89)) - Completed an iteration in 0 minutes. Number of iterations (since the data-node restart) : 1, Number of containers scanned in this iteration : 0, Number of unhealthy containers found in this iteration : 0
2025-04-24 14:04:54,633 [ContainerDataScanner(/home/runner/work/ozone/ozone/hadoop-ozone/integration-test/target/test-dir/MiniOzoneClusterImpl-9c5b6909-9e9c-47e3-ad7a-324826695869/ozone-meta/datanode-3/data-0/hdds)] INFO  ozoneimpl.AbstractBackgroundContainerScanner (AbstractBackgroundContainerScanner.java:runIteration(89)) - Completed an iteration in 0 minutes. Number of iterations (since the data-node restart) : 1, Number of containers scanned in this iteration : 0, Number of unhealthy containers found in this iteration : 0
2025-04-24 14:04:54,633 [9b45c406-4ccb-4f79-99e0-7a7cfdf05c76-EndpointStateMachineTaskThread-/0.0.0.0:15044-0 ] INFO  replication.ReplicationServer (ReplicationServer.java:start(137)) - ReplicationServer is started using port 15083
2025-04-24 14:04:54,633 [9b45c406-4ccb-4f79-99e0-7a7cfdf05c76-EndpointStateMachineTaskThread-/0.0.0.0:15044-0 ] INFO  ratis.XceiverServerRatis (XceiverServerRatis.java:start(559)) - Starting XceiverServerRatis(9b45c406-4ccb-4f79-99e0-7a7cfdf05c76)
2025-04-24 14:04:54,634 [9b45c406-4ccb-4f79-99e0-7a7cfdf05c76-EndpointStateMachineTaskThread-/0.0.0.0:15044-0 ] INFO  server.RaftServer (RaftServerProxy.java:startImpl(407)) - 9b45c406-4ccb-4f79-99e0-7a7cfdf05c76: start RPC server
2025-04-24 14:04:54,634 [9b45c406-4ccb-4f79-99e0-7a7cfdf05c76-EndpointStateMachineTaskThread-/0.0.0.0:15044-0 ] INFO  server.GrpcService (GrpcService.java:startImpl(334)) - 9b45c406-4ccb-4f79-99e0-7a7cfdf05c76: GrpcService started, listening on 15079
2025-04-24 14:04:54,634 [9b45c406-4ccb-4f79-99e0-7a7cfdf05c76-EndpointStateMachineTaskThread-/0.0.0.0:15044-0 ] INFO  server.GrpcService (GrpcService.java:startImpl(334)) - 9b45c406-4ccb-4f79-99e0-7a7cfdf05c76: GrpcService started, listening on 15081
2025-04-24 14:04:54,634 [9b45c406-4ccb-4f79-99e0-7a7cfdf05c76-EndpointStateMachineTaskThread-/0.0.0.0:15044-0 ] INFO  server.GrpcService (GrpcService.java:startImpl(334)) - 9b45c406-4ccb-4f79-99e0-7a7cfdf05c76: GrpcService started, listening on 15080
2025-04-24 14:04:54,634 [9b45c406-4ccb-4f79-99e0-7a7cfdf05c76-EndpointStateMachineTaskThread-/0.0.0.0:15044-0 ] INFO  ratis.XceiverServerRatis (XceiverServerRatis.java:getRealPort(586)) - XceiverServerRatis(9b45c406-4ccb-4f79-99e0-7a7cfdf05c76) is started using port RATIS=15079
2025-04-24 14:04:54,634 [JvmPauseMonitor48] INFO  util.JvmPauseMonitor (JvmPauseMonitor.java:run(146)) - JvmPauseMonitor-9b45c406-4ccb-4f79-99e0-7a7cfdf05c76: Started
2025-04-24 14:04:54,634 [9b45c406-4ccb-4f79-99e0-7a7cfdf05c76-EndpointStateMachineTaskThread-/0.0.0.0:15044-0 ] INFO  ratis.XceiverServerRatis (XceiverServerRatis.java:getRealPort(586)) - XceiverServerRatis(9b45c406-4ccb-4f79-99e0-7a7cfdf05c76) is started using port RATIS_ADMIN=15080
2025-04-24 14:04:54,635 [9b45c406-4ccb-4f79-99e0-7a7cfdf05c76-EndpointStateMachineTaskThread-/0.0.0.0:15044-0 ] INFO  ratis.XceiverServerRatis (XceiverServerRatis.java:getRealPort(586)) - XceiverServerRatis(9b45c406-4ccb-4f79-99e0-7a7cfdf05c76) is started using port RATIS_SERVER=15081
2025-04-24 14:04:54,635 [9b45c406-4ccb-4f79-99e0-7a7cfdf05c76-EndpointStateMachineTaskThread-/0.0.0.0:15044-0 ] INFO  ratis.XceiverServerRatis (XceiverServerRatis.java:getRealPort(586)) - XceiverServerRatis(9b45c406-4ccb-4f79-99e0-7a7cfdf05c76) is started using port RATIS_DATASTREAM=15082
2025-04-24 14:04:54,635 [9b45c406-4ccb-4f79-99e0-7a7cfdf05c76-BlockDeletingService#0] INFO  interfaces.ContainerDeletionChoosingPolicyTemplate (ContainerDeletionChoosingPolicyTemplate.java:chooseContainerForBlockDeletion(83)) - Chosen 0/5000 blocks from 0 candidate containers.
2025-04-24 14:04:54,713 [IPC Server handler 1 on default port 15044] INFO  net.NetworkTopologyImpl (NetworkTopologyImpl.java:add(133)) - Added a new node: /default-rack/45889312-f9ba-413f-bd11-bf2ed7b16685
2025-04-24 14:04:54,713 [IPC Server handler 1 on default port 15044] INFO  node.SCMNodeManager (SCMNodeManager.java:register(425)) - Registered datanode: 45889312-f9ba-413f-bd11-bf2ed7b16685{ip: 127.0.0.1, host: localhost, ports: [HTTP=15060, CLIENT_RPC=15061, REPLICATION=15067, RATIS=15063, RATIS_ADMIN=15064, RATIS_SERVER=15065, RATIS_DATASTREAM=15066, STANDALONE=15062], networkLocation: /default-rack, certSerialId: null, persistedOpState: null, persistedOpStateExpiryEpochSec: 0}
2025-04-24 14:04:54,713 [EventQueue-NewNodeForNewNodeHandler] INFO  pipeline.BackgroundPipelineCreator (BackgroundPipelineCreator.java:notifyEventTriggered(291)) - trigger a one-shot run on RatisPipelineUtilsThread.
2025-04-24 14:04:54,714 [RatisPipelineUtilsThread-0] INFO  pipeline.RatisPipelineProvider (RatisPipelineProvider.java:lambda$create$0(208)) - Sending CreatePipelineCommand for pipeline:PipelineID=2f01c2c0-db07-453a-ae2b-e3ce334c69d1 to datanode:45889312-f9ba-413f-bd11-bf2ed7b16685(localhost/127.0.0.1)
2025-04-24 14:04:54,714 [EventQueue-NodeRegistrationContainerReportForDataNodeSafeModeRule] INFO  safemode.SCMSafeModeManager (DataNodeSafeModeRule.java:process(79)) - SCM in safe mode. 1 DataNodes registered, 3 required.
2025-04-24 14:04:54,714 [EventQueue-ContainerRegistrationReportForECContainerSafeModeRule] INFO  safemode.SCMSafeModeManager (SCMSafeModeManager.java:validateSafeModeExitRules(186)) - ECContainerSafeModeRule rule is successfully validated
2025-04-24 14:04:54,715 [EventQueue-PipelineReportForOneReplicaPipelineSafeModeRule] INFO  safemode.SCMSafeModeManager (SCMSafeModeManager.java:validateSafeModeExitRules(186)) - AtleastOneDatanodeReportedRule rule is successfully validated
2025-04-24 14:04:54,715 [EventQueue-ContainerRegistrationReportForRatisContainerSafeModeRule] INFO  safemode.SCMSafeModeManager (SCMSafeModeManager.java:validateSafeModeExitRules(186)) - RatisContainerSafeModeRule rule is successfully validated
2025-04-24 14:04:54,717 [9dabf2e3-6a21-4be5-aa84-80424b1630ab@group-324826695869-StateMachineUpdater] INFO  safemode.HealthyPipelineSafeModeRule (HealthyPipelineSafeModeRule.java:initializeRule(174)) - Refreshed total pipeline count is 0, healthy pipeline threshold count is 1
2025-04-24 14:04:54,718 [RatisPipelineUtilsThread-0] INFO  pipeline.BackgroundPipelineCreator (BackgroundPipelineCreator.java:createPipelines(247)) - Created new pipeline Pipeline{ Id: 2f01c2c0-db07-453a-ae2b-e3ce334c69d1, Nodes: [ {45889312-f9ba-413f-bd11-bf2ed7b16685(localhost/127.0.0.1), ReplicaIndex: 0},], ReplicationConfig: RATIS/ONE, State:ALLOCATED, leaderId:, CreationTimestamp2025-04-24T14:04:54.714428198Z[Etc/UTC]}
2025-04-24 14:04:54,899 [IPC Server handler 2 on default port 15044] INFO  net.NetworkTopologyImpl (NetworkTopologyImpl.java:add(133)) - Added a new node: /default-rack/834ba878-0480-4e5d-9f84-edbf9d71c88d
2025-04-24 14:04:54,899 [IPC Server handler 2 on default port 15044] INFO  node.SCMNodeManager (SCMNodeManager.java:register(425)) - Registered datanode: 834ba878-0480-4e5d-9f84-edbf9d71c88d{ip: 127.0.0.1, host: localhost, ports: [HTTP=15068, CLIENT_RPC=15069, REPLICATION=15075, RATIS=15071, RATIS_ADMIN=15072, RATIS_SERVER=15073, RATIS_DATASTREAM=15074, STANDALONE=15070], networkLocation: /default-rack, certSerialId: null, persistedOpState: null, persistedOpStateExpiryEpochSec: 0}
2025-04-24 14:04:54,899 [EventQueue-NewNodeForNewNodeHandler] INFO  pipeline.BackgroundPipelineCreator (BackgroundPipelineCreator.java:notifyEventTriggered(291)) - trigger a one-shot run on RatisPipelineUtilsThread.
2025-04-24 14:04:54,899 [EventQueue-NodeRegistrationContainerReportForDataNodeSafeModeRule] INFO  safemode.SCMSafeModeManager (DataNodeSafeModeRule.java:process(79)) - SCM in safe mode. 2 DataNodes registered, 3 required.
2025-04-24 14:04:54,900 [RatisPipelineUtilsThread-0] INFO  pipeline.RatisPipelineProvider (RatisPipelineProvider.java:lambda$create$0(208)) - Sending CreatePipelineCommand for pipeline:PipelineID=c73b632a-d474-44c0-8f21-5a41028f1178 to datanode:834ba878-0480-4e5d-9f84-edbf9d71c88d(localhost/127.0.0.1)
2025-04-24 14:04:54,901 [9dabf2e3-6a21-4be5-aa84-80424b1630ab@group-324826695869-StateMachineUpdater] INFO  safemode.HealthyPipelineSafeModeRule (HealthyPipelineSafeModeRule.java:initializeRule(174)) - Refreshed total pipeline count is 0, healthy pipeline threshold count is 1
2025-04-24 14:04:54,902 [RatisPipelineUtilsThread-0] INFO  pipeline.BackgroundPipelineCreator (BackgroundPipelineCreator.java:createPipelines(247)) - Created new pipeline Pipeline{ Id: c73b632a-d474-44c0-8f21-5a41028f1178, Nodes: [ {834ba878-0480-4e5d-9f84-edbf9d71c88d(localhost/127.0.0.1), ReplicaIndex: 0},], ReplicationConfig: RATIS/ONE, State:ALLOCATED, leaderId:, CreationTimestamp2025-04-24T14:04:54.900198618Z[Etc/UTC]}
2025-04-24 14:04:55,093 [main] INFO  ozone.MiniOzoneClusterImpl (MiniOzoneClusterImpl.java:lambda$waitForClusterToBeReady$0(190)) - Waiting for nodes to be ready. Got 2 of 3 DN Heartbeats.
2025-04-24 14:04:55,093 [main] INFO  ozone.MiniOzoneClusterImpl (MiniOzoneClusterImpl.java:lambda$waitForClusterToBeReady$0(193)) - Waiting for cluster to exit safe mode
2025-04-24 14:04:55,093 [main] INFO  ozone.MiniOzoneClusterImpl (MiniOzoneClusterImpl.java:lambda$waitForClusterToBeReady$0(195)) - SCM became leader
2025-04-24 14:04:55,094 [IPC Server handler 3 on default port 15044] INFO  net.NetworkTopologyImpl (NetworkTopologyImpl.java:add(133)) - Added a new node: /default-rack/9b45c406-4ccb-4f79-99e0-7a7cfdf05c76
2025-04-24 14:04:55,094 [IPC Server handler 3 on default port 15044] INFO  node.SCMNodeManager (SCMNodeManager.java:register(425)) - Registered datanode: 9b45c406-4ccb-4f79-99e0-7a7cfdf05c76{ip: 127.0.0.1, host: localhost, ports: [HTTP=15076, CLIENT_RPC=15077, REPLICATION=15083, RATIS=15079, RATIS_ADMIN=15080, RATIS_SERVER=15081, RATIS_DATASTREAM=15082, STANDALONE=15078], networkLocation: /default-rack, certSerialId: null, persistedOpState: null, persistedOpStateExpiryEpochSec: 0}
2025-04-24 14:04:55,094 [EventQueue-NewNodeForNewNodeHandler] INFO  pipeline.BackgroundPipelineCreator (BackgroundPipelineCreator.java:notifyEventTriggered(291)) - trigger a one-shot run on RatisPipelineUtilsThread.
2025-04-24 14:04:55,094 [EventQueue-NodeRegistrationContainerReportForDataNodeSafeModeRule] INFO  safemode.SCMSafeModeManager (DataNodeSafeModeRule.java:process(79)) - SCM in safe mode. 3 DataNodes registered, 3 required.
2025-04-24 14:04:55,094 [EventQueue-NodeRegistrationContainerReportForDataNodeSafeModeRule] INFO  safemode.SCMSafeModeManager (SCMSafeModeManager.java:validateSafeModeExitRules(186)) - DataNodeSafeModeRule rule is successfully validated
2025-04-24 14:04:55,094 [EventQueue-NodeRegistrationContainerReportForDataNodeSafeModeRule] INFO  safemode.SCMSafeModeManager (SCMSafeModeManager.java:completePreCheck(215)) - All SCM safe mode pre check rules have passed
2025-04-24 14:04:55,094 [EventQueue-NodeRegistrationContainerReportForDataNodeSafeModeRule] INFO  ha.SCMContext (SCMContext.java:updateSafeModeStatus(224)) - Update SafeModeStatus from SafeModeStatus{safeModeStatus=true, preCheckPassed=false} to SafeModeStatus{safeModeStatus=true, preCheckPassed=true}.
2025-04-24 14:04:55,094 [EventQueue-NodeRegistrationContainerReportForDataNodeSafeModeRule] INFO  pipeline.BackgroundPipelineCreator (BackgroundPipelineCreator.java:notifyEventTriggered(291)) - trigger a one-shot run on RatisPipelineUtilsThread.
2025-04-24 14:04:55,094 [RatisPipelineUtilsThread-0] INFO  pipeline.RatisPipelineProvider (RatisPipelineProvider.java:lambda$create$0(208)) - Sending CreatePipelineCommand for pipeline:PipelineID=328273ee-022d-49c3-8449-d862d6ef7e65 to datanode:9b45c406-4ccb-4f79-99e0-7a7cfdf05c76(localhost/127.0.0.1)
2025-04-24 14:04:55,096 [9dabf2e3-6a21-4be5-aa84-80424b1630ab@group-324826695869-StateMachineUpdater] INFO  safemode.HealthyPipelineSafeModeRule (HealthyPipelineSafeModeRule.java:initializeRule(174)) - Refreshed total pipeline count is 0, healthy pipeline threshold count is 1
2025-04-24 14:04:55,096 [RatisPipelineUtilsThread-0] INFO  pipeline.BackgroundPipelineCreator (BackgroundPipelineCreator.java:createPipelines(247)) - Created new pipeline Pipeline{ Id: 328273ee-022d-49c3-8449-d862d6ef7e65, Nodes: [ {9b45c406-4ccb-4f79-99e0-7a7cfdf05c76(localhost/127.0.0.1), ReplicaIndex: 0},], ReplicationConfig: RATIS/ONE, State:ALLOCATED, leaderId:, CreationTimestamp2025-04-24T14:04:55.094858319Z[Etc/UTC]}
2025-04-24 14:04:55,097 [RatisPipelineUtilsThread-0] INFO  pipeline.RatisPipelineProvider (RatisPipelineProvider.java:lambda$create$0(208)) - Sending CreatePipelineCommand for pipeline:PipelineID=c8cc83a0-a376-467e-b267-b5351f1bdae1 to datanode:834ba878-0480-4e5d-9f84-edbf9d71c88d(localhost/127.0.0.1)
2025-04-24 14:04:55,097 [RatisPipelineUtilsThread-0] INFO  pipeline.RatisPipelineProvider (RatisPipelineProvider.java:lambda$create$0(208)) - Sending CreatePipelineCommand for pipeline:PipelineID=c8cc83a0-a376-467e-b267-b5351f1bdae1 to datanode:45889312-f9ba-413f-bd11-bf2ed7b16685(localhost/127.0.0.1)
2025-04-24 14:04:55,097 [RatisPipelineUtilsThread-0] INFO  pipeline.RatisPipelineProvider (RatisPipelineProvider.java:lambda$create$0(208)) - Sending CreatePipelineCommand for pipeline:PipelineID=c8cc83a0-a376-467e-b267-b5351f1bdae1 to datanode:9b45c406-4ccb-4f79-99e0-7a7cfdf05c76(localhost/127.0.0.1)
2025-04-24 14:04:55,098 [9dabf2e3-6a21-4be5-aa84-80424b1630ab@group-324826695869-StateMachineUpdater] INFO  safemode.HealthyPipelineSafeModeRule (HealthyPipelineSafeModeRule.java:initializeRule(174)) - Refreshed total pipeline count is 0, healthy pipeline threshold count is 1
2025-04-24 14:04:55,098 [RatisPipelineUtilsThread-0] INFO  pipeline.BackgroundPipelineCreator (BackgroundPipelineCreator.java:createPipelines(247)) - Created new pipeline Pipeline{ Id: c8cc83a0-a376-467e-b267-b5351f1bdae1, Nodes: [ {834ba878-0480-4e5d-9f84-edbf9d71c88d(localhost/127.0.0.1), ReplicaIndex: 0}, {45889312-f9ba-413f-bd11-bf2ed7b16685(localhost/127.0.0.1), ReplicaIndex: 0}, {9b45c406-4ccb-4f79-99e0-7a7cfdf05c76(localhost/127.0.0.1), ReplicaIndex: 0},], ReplicationConfig: RATIS/THREE, State:ALLOCATED, leaderId:, CreationTimestamp2025-04-24T14:04:55.097094041Z[Etc/UTC]}
2025-04-24 14:04:55,099 [RatisPipelineUtilsThread-0] INFO  pipeline.RatisPipelineProvider (RatisPipelineProvider.java:lambda$create$0(208)) - Sending CreatePipelineCommand for pipeline:PipelineID=5b542817-2a6a-4b86-ae8b-c42ceaa32394 to datanode:834ba878-0480-4e5d-9f84-edbf9d71c88d(localhost/127.0.0.1)
2025-04-24 14:04:55,099 [RatisPipelineUtilsThread-0] INFO  pipeline.RatisPipelineProvider (RatisPipelineProvider.java:lambda$create$0(208)) - Sending CreatePipelineCommand for pipeline:PipelineID=5b542817-2a6a-4b86-ae8b-c42ceaa32394 to datanode:45889312-f9ba-413f-bd11-bf2ed7b16685(localhost/127.0.0.1)
2025-04-24 14:04:55,099 [RatisPipelineUtilsThread-0] INFO  pipeline.RatisPipelineProvider (RatisPipelineProvider.java:lambda$create$0(208)) - Sending CreatePipelineCommand for pipeline:PipelineID=5b542817-2a6a-4b86-ae8b-c42ceaa32394 to datanode:9b45c406-4ccb-4f79-99e0-7a7cfdf05c76(localhost/127.0.0.1)
2025-04-24 14:04:55,100 [9dabf2e3-6a21-4be5-aa84-80424b1630ab@group-324826695869-StateMachineUpdater] INFO  safemode.HealthyPipelineSafeModeRule (HealthyPipelineSafeModeRule.java:initializeRule(174)) - Refreshed total pipeline count is 0, healthy pipeline threshold count is 1
2025-04-24 14:04:55,100 [RatisPipelineUtilsThread-0] INFO  pipeline.PipelineManagerImpl (PipelineManagerImpl.java:recordMetricsForPipeline(921)) - Pipeline: PipelineID=5b542817-2a6a-4b86-ae8b-c42ceaa32394 contains same datanodes as previous pipelines: PipelineID=c8cc83a0-a376-467e-b267-b5351f1bdae1 nodeIds: 834ba878-0480-4e5d-9f84-edbf9d71c88d, 45889312-f9ba-413f-bd11-bf2ed7b16685, 9b45c406-4ccb-4f79-99e0-7a7cfdf05c76
2025-04-24 14:04:55,101 [RatisPipelineUtilsThread-0] INFO  pipeline.BackgroundPipelineCreator (BackgroundPipelineCreator.java:createPipelines(247)) - Created new pipeline Pipeline{ Id: 5b542817-2a6a-4b86-ae8b-c42ceaa32394, Nodes: [ {834ba878-0480-4e5d-9f84-edbf9d71c88d(localhost/127.0.0.1), ReplicaIndex: 0}, {45889312-f9ba-413f-bd11-bf2ed7b16685(localhost/127.0.0.1), ReplicaIndex: 0}, {9b45c406-4ccb-4f79-99e0-7a7cfdf05c76(localhost/127.0.0.1), ReplicaIndex: 0},], ReplicationConfig: RATIS/THREE, State:ALLOCATED, leaderId:, CreationTimestamp2025-04-24T14:04:55.099592084Z[Etc/UTC]}
2025-04-24 14:04:56,094 [main] INFO  ozone.MiniOzoneClusterImpl (MiniOzoneClusterImpl.java:lambda$waitForClusterToBeReady$0(190)) - Nodes are ready. Got 3 of 3 DN Heartbeats.
2025-04-24 14:04:56,094 [main] INFO  ozone.MiniOzoneClusterImpl (MiniOzoneClusterImpl.java:lambda$waitForClusterToBeReady$0(193)) - Waiting for cluster to exit safe mode
2025-04-24 14:04:56,094 [main] INFO  ozone.MiniOzoneClusterImpl (MiniOzoneClusterImpl.java:lambda$waitForClusterToBeReady$0(195)) - SCM became leader
2025-04-24 14:04:57,094 [main] INFO  ozone.MiniOzoneClusterImpl (MiniOzoneClusterImpl.java:lambda$waitForClusterToBeReady$0(190)) - Nodes are ready. Got 3 of 3 DN Heartbeats.
2025-04-24 14:04:57,094 [main] INFO  ozone.MiniOzoneClusterImpl (MiniOzoneClusterImpl.java:lambda$waitForClusterToBeReady$0(193)) - Waiting for cluster to exit safe mode
2025-04-24 14:04:57,094 [main] INFO  ozone.MiniOzoneClusterImpl (MiniOzoneClusterImpl.java:lambda$waitForClusterToBeReady$0(195)) - SCM became leader
2025-04-24 14:04:57,212 [45889312-f9ba-413f-bd11-bf2ed7b16685-PipelineCommandHandlerThread-0] INFO  server.RaftServer (RaftServerProxy.java:addNew(100)) - 45889312-f9ba-413f-bd11-bf2ed7b16685: addNew group-E3CE334C69D1:[45889312-f9ba-413f-bd11-bf2ed7b16685|127.0.0.1:15065] returns group-E3CE334C69D1:java.util.concurrent.CompletableFuture@1ad3546d[Not completed]
2025-04-24 14:04:57,213 [45889312-f9ba-413f-bd11-bf2ed7b16685-groupManagement] INFO  server.RaftServer$Division (RaftServerImpl.java:<init>(255)) - 45889312-f9ba-413f-bd11-bf2ed7b16685: new RaftServerImpl for group-E3CE334C69D1:[45889312-f9ba-413f-bd11-bf2ed7b16685|127.0.0.1:15065] with ContainerStateMachine:uninitialized
2025-04-24 14:04:57,214 [45889312-f9ba-413f-bd11-bf2ed7b16685-groupManagement] INFO  server.RaftServerConfigKeys (ConfUtils.java:logGet(46)) - raft.server.rpc.timeout.min = 5s (custom)
2025-04-24 14:04:57,214 [45889312-f9ba-413f-bd11-bf2ed7b16685-groupManagement] INFO  server.RaftServerConfigKeys (ConfUtils.java:logGet(46)) - raft.server.rpc.timeout.max = 5200ms (custom)
2025-04-24 14:04:57,214 [45889312-f9ba-413f-bd11-bf2ed7b16685-groupManagement] INFO  server.RaftServerConfigKeys (ConfUtils.java:logGet(46)) - raft.server.rpc.sleep.time = 25ms (default)
2025-04-24 14:04:57,214 [45889312-f9ba-413f-bd11-bf2ed7b16685-groupManagement] INFO  server.RaftServerConfigKeys (ConfUtils.java:logGet(46)) - raft.server.rpc.slowness.timeout = 300s (custom)
2025-04-24 14:04:57,214 [45889312-f9ba-413f-bd11-bf2ed7b16685-groupManagement] INFO  server.RaftServerConfigKeys (ConfUtils.java:logGet(46)) - raft.server.leaderelection.leader.step-down.wait-time = 10s (default)
2025-04-24 14:04:57,214 [45889312-f9ba-413f-bd11-bf2ed7b16685-groupManagement] INFO  server.RaftServerConfigKeys (ConfUtils.java:logGet(46)) - raft.server.leaderelection.member.majority-add = false (default)
2025-04-24 14:04:57,214 [45889312-f9ba-413f-bd11-bf2ed7b16685-groupManagement] INFO  server.RaftServerConfigKeys (ConfUtils.java:logGet(46)) - raft.server.sleep.deviation.threshold = 300ms (default)
2025-04-24 14:04:57,214 [45889312-f9ba-413f-bd11-bf2ed7b16685-groupManagement] INFO  server.RaftServer$Division (ServerState.java:<init>(114)) - 45889312-f9ba-413f-bd11-bf2ed7b16685@group-E3CE334C69D1: ConfigurationManager, init=conf: {index: -1, cur=peers:[45889312-f9ba-413f-bd11-bf2ed7b16685|127.0.0.1:15065]|listeners:[], old=null}, confs=<EMPTY_MAP>
2025-04-24 14:04:57,214 [45889312-f9ba-413f-bd11-bf2ed7b16685-groupManagement] INFO  server.RaftServerConfigKeys (ConfUtils.java:logGet(46)) - raft.server.notification.no-leader.timeout = 300s (custom)
2025-04-24 14:04:57,214 [45889312-f9ba-413f-bd11-bf2ed7b16685-groupManagement] INFO  server.RaftServerConfigKeys (ConfUtils.java:logGet(46)) - raft.server.read.timeout = 10s (default)
2025-04-24 14:04:57,214 [45889312-f9ba-413f-bd11-bf2ed7b16685-groupManagement] INFO  server.RaftServerConfigKeys (ConfUtils.java:logGet(46)) - raft.server.retrycache.expirytime = 600000ms (custom)
2025-04-24 14:04:57,214 [45889312-f9ba-413f-bd11-bf2ed7b16685-groupManagement] INFO  server.RaftServerConfigKeys (ConfUtils.java:logGet(46)) - raft.server.retrycache.statistics.expirytime = 100ms (default)
2025-04-24 14:04:57,214 [45889312-f9ba-413f-bd11-bf2ed7b16685-groupManagement] INFO  server.RaftServerConfigKeys (ConfUtils.java:logGet(46)) - raft.server.read.option = DEFAULT (default)
2025-04-24 14:04:57,214 [45889312-f9ba-413f-bd11-bf2ed7b16685-groupManagement] INFO  server.RaftServerConfigKeys (ConfUtils.java:logGet(46)) - raft.server.read.read-after-write-consistent.write-index-cache.expiry-time = 60s (default)
2025-04-24 14:04:57,217 [45889312-f9ba-413f-bd11-bf2ed7b16685-groupManagement] INFO  server.RaftServerConfigKeys (ConfUtils.java:logGet(46)) - raft.server.rpc.request.timeout = 60s (custom)
2025-04-24 14:04:57,217 [45889312-f9ba-413f-bd11-bf2ed7b16685-groupManagement] INFO  server.RaftServerConfigKeys (ConfUtils.java:logGet(46)) - raft.server.log.appender.install.snapshot.enabled = false (custom)
2025-04-24 14:04:57,217 [45889312-f9ba-413f-bd11-bf2ed7b16685-groupManagement] INFO  server.RaftServerConfigKeys (ConfUtils.java:logGet(46)) - raft.server.threadpool.server.cached = true (default)
2025-04-24 14:04:57,217 [45889312-f9ba-413f-bd11-bf2ed7b16685-groupManagement] INFO  server.RaftServerConfigKeys (ConfUtils.java:logGet(46)) - raft.server.threadpool.server.size = 0 (default)
2025-04-24 14:04:57,217 [45889312-f9ba-413f-bd11-bf2ed7b16685-groupManagement] INFO  server.RaftServerConfigKeys (ConfUtils.java:logGet(46)) - raft.server.threadpool.client.cached = true (default)
2025-04-24 14:04:57,217 [45889312-f9ba-413f-bd11-bf2ed7b16685-groupManagement] INFO  server.RaftServerConfigKeys (ConfUtils.java:logGet(46)) - raft.server.threadpool.client.size = 0 (default)
2025-04-24 14:04:57,217 [45889312-f9ba-413f-bd11-bf2ed7b16685-groupManagement] INFO  server.RaftServerConfigKeys (ConfUtils.java:logGet(46)) - raft.server.storage.free-space.min = 0MB (=0) (default)
2025-04-24 14:04:57,217 [45889312-f9ba-413f-bd11-bf2ed7b16685-groupManagement] INFO  server.RaftServerConfigKeys (ConfUtils.java:logGet(46)) - raft.server.log.corruption.policy = EXCEPTION (default)
2025-04-24 14:04:57,217 [45889312-f9ba-413f-bd11-bf2ed7b16685-groupManagement] INFO  server.RaftServerConfigKeys (ConfUtils.java:logGet(46)) - raft.server.storage.dir = [/home/runner/work/ozone/ozone/hadoop-ozone/integration-test/target/test-dir/MiniOzoneClusterImpl-9c5b6909-9e9c-47e3-ad7a-324826695869/ozone-meta/datanode-1/ratis] (custom)
2025-04-24 14:04:57,217 [45889312-f9ba-413f-bd11-bf2ed7b16685-groupManagement] INFO  storage.RaftStorageDirectory (RaftStorageDirectoryImpl.java:analyzeStorage(138)) - The storage directory /home/runner/work/ozone/ozone/hadoop-ozone/integration-test/target/test-dir/MiniOzoneClusterImpl-9c5b6909-9e9c-47e3-ad7a-324826695869/ozone-meta/datanode-1/ratis/2f01c2c0-db07-453a-ae2b-e3ce334c69d1 does not exist. Creating ...
2025-04-24 14:04:57,218 [45889312-f9ba-413f-bd11-bf2ed7b16685-groupManagement] INFO  storage.RaftStorageDirectory (RaftStorageDirectoryImpl.java:tryLock(229)) - Lock on /home/runner/work/ozone/ozone/hadoop-ozone/integration-test/target/test-dir/MiniOzoneClusterImpl-9c5b6909-9e9c-47e3-ad7a-324826695869/ozone-meta/datanode-1/ratis/2f01c2c0-db07-453a-ae2b-e3ce334c69d1/in_use.lock acquired by nodename 129728@fv-az2210-761
2025-04-24 14:04:57,219 [45889312-f9ba-413f-bd11-bf2ed7b16685-groupManagement] INFO  storage.RaftStorage (RaftStorageImpl.java:format(98)) - Storage directory /home/runner/work/ozone/ozone/hadoop-ozone/integration-test/target/test-dir/MiniOzoneClusterImpl-9c5b6909-9e9c-47e3-ad7a-324826695869/ozone-meta/datanode-1/ratis/2f01c2c0-db07-453a-ae2b-e3ce334c69d1 has been successfully formatted.
2025-04-24 14:04:57,220 [45889312-f9ba-413f-bd11-bf2ed7b16685-groupManagement] INFO  ratis.ContainerStateMachine (ContainerStateMachine.java:initialize(339)) - 45889312-f9ba-413f-bd11-bf2ed7b16685: initialize group-E3CE334C69D1
2025-04-24 14:04:57,220 [45889312-f9ba-413f-bd11-bf2ed7b16685-groupManagement] INFO  ratis.ContainerStateMachine (ContainerStateMachine.java:loadSnapshot(347)) - group-E3CE334C69D1: The snapshot info is null. Setting the last applied index to:(t:0, i:~)
2025-04-24 14:04:57,220 [45889312-f9ba-413f-bd11-bf2ed7b16685-groupManagement] INFO  server.RaftServerConfigKeys (ConfUtils.java:logGet(46)) - raft.server.log.use.memory = false (default)
2025-04-24 14:04:57,220 [45889312-f9ba-413f-bd11-bf2ed7b16685-groupManagement] INFO  server.RaftServerConfigKeys (ConfUtils.java:logGet(46)) - raft.server.log.purge.gap = 1000000 (custom)
2025-04-24 14:04:57,220 [45889312-f9ba-413f-bd11-bf2ed7b16685-groupManagement] INFO  server.RaftServerConfigKeys (ConfUtils.java:logGet(46)) - raft.server.log.appender.buffer.byte-limit = 33554432 (custom)
2025-04-24 14:04:57,220 [45889312-f9ba-413f-bd11-bf2ed7b16685-groupManagement] INFO  server.RaftServerConfigKeys (ConfUtils.java:logGet(46)) - raft.server.log.statemachine.data.read.timeout = 1000ms (default)
2025-04-24 14:04:57,220 [45889312-f9ba-413f-bd11-bf2ed7b16685-groupManagement] INFO  server.RaftServerConfigKeys (ConfUtils.java:logGet(46)) - raft.server.log.purge.preservation.log.num = 0 (default)
2025-04-24 14:04:57,221 [45889312-f9ba-413f-bd11-bf2ed7b16685-groupManagement] INFO  server.RaftServerConfigKeys (ConfUtils.java:logGet(46)) - raft.server.log.segment.size.max = 67108864 (custom)
2025-04-24 14:04:57,221 [45889312-f9ba-413f-bd11-bf2ed7b16685-groupManagement] INFO  server.RaftServerConfigKeys (ConfUtils.java:logGet(46)) - raft.server.log.segment.cache.num.max = 2 (custom)
2025-04-24 14:04:57,221 [45889312-f9ba-413f-bd11-bf2ed7b16685-groupManagement] INFO  server.RaftServerConfigKeys (ConfUtils.java:logGet(46)) - raft.server.log.segment.cache.size.max = 200MB (=209715200) (default)
2025-04-24 14:04:57,222 [45889312-f9ba-413f-bd11-bf2ed7b16685-groupManagement] INFO  server.RaftServerConfigKeys (ConfUtils.java:logGet(46)) - raft.server.log.appender.buffer.byte-limit = 33554432 (custom)
2025-04-24 14:04:57,222 [45889312-f9ba-413f-bd11-bf2ed7b16685-groupManagement] INFO  util.AwaitToRun (AwaitToRun.java:start(81)) - Thread[#9027,45889312-f9ba-413f-bd11-bf2ed7b16685@group-E3CE334C69D1-cacheEviction-AwaitToRun,5,main] started
2025-04-24 14:04:57,222 [45889312-f9ba-413f-bd11-bf2ed7b16685-groupManagement] INFO  segmented.SegmentedRaftLogWorker (SegmentedRaftLogWorker.java:<init>(188)) - new 45889312-f9ba-413f-bd11-bf2ed7b16685@group-E3CE334C69D1-SegmentedRaftLogWorker for RaftStorageImpl:Storage Directory /home/runner/work/ozone/ozone/hadoop-ozone/integration-test/target/test-dir/MiniOzoneClusterImpl-9c5b6909-9e9c-47e3-ad7a-324826695869/ozone-meta/datanode-1/ratis/2f01c2c0-db07-453a-ae2b-e3ce334c69d1
2025-04-24 14:04:57,222 [45889312-f9ba-413f-bd11-bf2ed7b16685-groupManagement] INFO  server.RaftServerConfigKeys (ConfUtils.java:logGet(46)) - raft.server.log.queue.byte-limit = 4294967296 (custom)
2025-04-24 14:04:57,222 [45889312-f9ba-413f-bd11-bf2ed7b16685-groupManagement] INFO  server.RaftServerConfigKeys (ConfUtils.java:logGet(46)) - raft.server.log.queue.element-limit = 1024 (custom)
2025-04-24 14:04:57,222 [45889312-f9ba-413f-bd11-bf2ed7b16685-groupManagement] INFO  server.RaftServerConfigKeys (ConfUtils.java:logGet(46)) - raft.server.log.segment.size.max = 67108864 (custom)
2025-04-24 14:04:57,222 [45889312-f9ba-413f-bd11-bf2ed7b16685-groupManagement] INFO  server.RaftServerConfigKeys (ConfUtils.java:logGet(46)) - raft.server.log.preallocated.size = 4194304 (custom)
2025-04-24 14:04:57,222 [45889312-f9ba-413f-bd11-bf2ed7b16685-groupManagement] INFO  server.RaftServerConfigKeys (ConfUtils.java:logGet(46)) - raft.server.log.force.sync.num = 128 (default)
2025-04-24 14:04:57,222 [45889312-f9ba-413f-bd11-bf2ed7b16685-groupManagement] INFO  server.RaftServerConfigKeys (ConfUtils.java:logGet(46)) - raft.server.log.statemachine.data.sync = true (default)
2025-04-24 14:04:57,222 [45889312-f9ba-413f-bd11-bf2ed7b16685-groupManagement] INFO  server.RaftServerConfigKeys (ConfUtils.java:logGet(46)) - raft.server.log.statemachine.data.sync.timeout = 10s (default)
2025-04-24 14:04:57,222 [45889312-f9ba-413f-bd11-bf2ed7b16685-groupManagement] INFO  server.RaftServerConfigKeys (ConfUtils.java:logGet(46)) - raft.server.log.statemachine.data.sync.timeout.retry = 30 (custom)
2025-04-24 14:04:57,223 [45889312-f9ba-413f-bd11-bf2ed7b16685-groupManagement] INFO  server.RaftServerConfigKeys (ConfUtils.java:logGet(46)) - raft.server.log.write.buffer.size = 33554440 (custom)
2025-04-24 14:04:57,223 [9dabf2e3-6a21-4be5-aa84-80424b1630ab@group-324826695869-StateMachineUpdater] INFO  safemode.HealthyPipelineSafeModeRule (HealthyPipelineSafeModeRule.java:initializeRule(174)) - Refreshed total pipeline count is 0, healthy pipeline threshold count is 1
2025-04-24 14:04:57,223 [EventQueue-PipelineReportForPipelineReportHandler] INFO  pipeline.PipelineReportHandler (PipelineReportHandler.java:processPipelineReport(134)) - Opened pipeline PipelineID=2f01c2c0-db07-453a-ae2b-e3ce334c69d1
2025-04-24 14:04:57,224 [EventQueue-OpenPipelineForHealthyPipelineSafeModeRule] INFO  safemode.SCMSafeModeManager (HealthyPipelineSafeModeRule.java:process(141)) - SCM in safe mode. Healthy pipelines reported count is 0, required healthy pipeline reported count is 1
2025-04-24 14:04:57,229 [45889312-f9ba-413f-bd11-bf2ed7b16685-groupManagement] INFO  server.RaftServerConfigKeys (ConfUtils.java:logGet(46)) - raft.server.log.appender.buffer.byte-limit = 33554432 (custom)
2025-04-24 14:04:57,229 [45889312-f9ba-413f-bd11-bf2ed7b16685-groupManagement] INFO  server.RaftServerConfigKeys (ConfUtils.java:logGet(46)) - raft.server.log.unsafe-flush.enabled = false (default)
2025-04-24 14:04:57,229 [45889312-f9ba-413f-bd11-bf2ed7b16685-groupManagement] INFO  server.RaftServerConfigKeys (ConfUtils.java:logGet(46)) - raft.server.log.async-flush.enabled = false (default)
2025-04-24 14:04:57,229 [45889312-f9ba-413f-bd11-bf2ed7b16685-groupManagement] INFO  server.RaftServerConfigKeys (ConfUtils.java:logGet(46)) - raft.server.log.statemachine.data.caching.enabled = true (custom)
2025-04-24 14:04:57,229 [45889312-f9ba-413f-bd11-bf2ed7b16685-groupManagement] INFO  segmented.SegmentedRaftLogWorker (SegmentedRaftLogWorker.java:lambda$new$0(139)) - 45889312-f9ba-413f-bd11-bf2ed7b16685@group-E3CE334C69D1-SegmentedRaftLogWorker: flushIndex: setUnconditionally 0 -> -1
2025-04-24 14:04:57,229 [45889312-f9ba-413f-bd11-bf2ed7b16685-groupManagement] INFO  segmented.SegmentedRaftLogWorker (SegmentedRaftLogWorker.java:lambda$new$0(139)) - 45889312-f9ba-413f-bd11-bf2ed7b16685@group-E3CE334C69D1-SegmentedRaftLogWorker: safeCacheEvictIndex: setUnconditionally 0 -> -1
2025-04-24 14:04:57,230 [45889312-f9ba-413f-bd11-bf2ed7b16685-groupManagement] INFO  server.RaftServer$Division (RaftServerImpl.java:start(391)) - 45889312-f9ba-413f-bd11-bf2ed7b16685@group-E3CE334C69D1: start as a follower, conf=conf: {index: -1, cur=peers:[45889312-f9ba-413f-bd11-bf2ed7b16685|127.0.0.1:15065]|listeners:[], old=null}
2025-04-24 14:04:57,230 [45889312-f9ba-413f-bd11-bf2ed7b16685-groupManagement] INFO  server.RaftServer$Division (RaftServerImpl.java:setRole(378)) - 45889312-f9ba-413f-bd11-bf2ed7b16685@group-E3CE334C69D1: changes role from      null to FOLLOWER at term 0 for startAsFollower
2025-04-24 14:04:57,230 [45889312-f9ba-413f-bd11-bf2ed7b16685-groupManagement] INFO  impl.RoleInfo (RoleInfo.java:updateAndGet(148)) - 45889312-f9ba-413f-bd11-bf2ed7b16685: start 45889312-f9ba-413f-bd11-bf2ed7b16685@group-E3CE334C69D1-FollowerState
2025-04-24 14:04:57,230 [45889312-f9ba-413f-bd11-bf2ed7b16685-groupManagement] INFO  util.JmxRegister (JmxRegister.java:tryRegister(44)) - Successfully registered JMX Bean with object name Ratis:service=RaftServer,group=group-E3CE334C69D1,id=45889312-f9ba-413f-bd11-bf2ed7b16685
2025-04-24 14:04:57,230 [45889312-f9ba-413f-bd11-bf2ed7b16685-groupManagement] INFO  util.JmxRegister (JmxRegister.java:register(58)) - register mxBean class org.apache.ratis.server.impl.RaftServerJmxAdapter as Ratis:service=RaftServer,group=group-E3CE334C69D1,id=45889312-f9ba-413f-bd11-bf2ed7b16685
2025-04-24 14:04:57,230 [45889312-f9ba-413f-bd11-bf2ed7b16685-groupManagement] INFO  server.RaftServerConfigKeys (ConfUtils.java:logGet(46)) - raft.server.snapshot.trigger-when-stop.enabled = true (default)
2025-04-24 14:04:57,230 [45889312-f9ba-413f-bd11-bf2ed7b16685-groupManagement] INFO  server.RaftServerConfigKeys (ConfUtils.java:logGet(46)) - raft.server.snapshot.trigger-when-remove.enabled = true (default)
2025-04-24 14:04:57,230 [45889312-f9ba-413f-bd11-bf2ed7b16685-groupManagement] INFO  server.RaftServerConfigKeys (ConfUtils.java:logGet(46)) - raft.server.snapshot.auto.trigger.enabled = true (custom)
2025-04-24 14:04:57,230 [45889312-f9ba-413f-bd11-bf2ed7b16685-groupManagement] INFO  server.RaftServerConfigKeys (ConfUtils.java:logGet(46)) - raft.server.snapshot.auto.trigger.threshold = 100000 (custom)
2025-04-24 14:04:57,230 [45889312-f9ba-413f-bd11-bf2ed7b16685-groupManagement] INFO  server.RaftServerConfigKeys (ConfUtils.java:logGet(46)) - raft.server.snapshot.retention.file.num = 5 (custom)
2025-04-24 14:04:57,230 [45889312-f9ba-413f-bd11-bf2ed7b16685-groupManagement] INFO  server.RaftServerConfigKeys (ConfUtils.java:logGet(46)) - raft.server.log.purge.upto.snapshot.index = false (default)
2025-04-24 14:04:57,230 [45889312-f9ba-413f-bd11-bf2ed7b16685@group-E3CE334C69D1-FollowerState] INFO  server.RaftServerConfigKeys (ConfUtils.java:logGet(46)) - raft.server.rpc.first-election.timeout.min = 1000ms (custom)
2025-04-24 14:04:57,231 [45889312-f9ba-413f-bd11-bf2ed7b16685@group-E3CE334C69D1-FollowerState] INFO  server.RaftServerConfigKeys (ConfUtils.java:logGet(46)) - raft.server.rpc.first-election.timeout.max = 1200ms (custom)
2025-04-24 14:04:57,231 [45889312-f9ba-413f-bd11-bf2ed7b16685-groupManagement] INFO  server.RaftServer$Division (RaftServerImpl.java:start(405)) - 45889312-f9ba-413f-bd11-bf2ed7b16685@group-E3CE334C69D1: Successfully started.
2025-04-24 14:04:57,231 [45889312-f9ba-413f-bd11-bf2ed7b16685-PipelineCommandHandlerThread-0] INFO  ratis.XceiverServerRatis (XceiverServerRatis.java:addGroup(842)) - Created group PipelineID=2f01c2c0-db07-453a-ae2b-e3ce334c69d1
2025-04-24 14:04:57,231 [45889312-f9ba-413f-bd11-bf2ed7b16685-PipelineCommandHandlerThread-0] INFO  commandhandler.CreatePipelineCommandHandler (CreatePipelineCommandHandler.java:lambda$handle$2(128)) - Created Pipeline RATIS ONE PipelineID=2f01c2c0-db07-453a-ae2b-e3ce334c69d1.
2025-04-24 14:04:57,231 [45889312-f9ba-413f-bd11-bf2ed7b16685-PipelineCommandHandlerThread-0] INFO  server.RaftServer (RaftServerProxy.java:addNew(100)) - 45889312-f9ba-413f-bd11-bf2ed7b16685: addNew group-B5351F1BDAE1:[45889312-f9ba-413f-bd11-bf2ed7b16685|127.0.0.1:15065, 834ba878-0480-4e5d-9f84-edbf9d71c88d|127.0.0.1:15073, 9b45c406-4ccb-4f79-99e0-7a7cfdf05c76|127.0.0.1:15081] returns group-B5351F1BDAE1:java.util.concurrent.CompletableFuture@2b60816[Not completed]
2025-04-24 14:04:57,233 [45889312-f9ba-413f-bd11-bf2ed7b16685-groupManagement] INFO  server.RaftServer$Division (RaftServerImpl.java:<init>(255)) - 45889312-f9ba-413f-bd11-bf2ed7b16685: new RaftServerImpl for group-B5351F1BDAE1:[45889312-f9ba-413f-bd11-bf2ed7b16685|127.0.0.1:15065, 834ba878-0480-4e5d-9f84-edbf9d71c88d|127.0.0.1:15073, 9b45c406-4ccb-4f79-99e0-7a7cfdf05c76|127.0.0.1:15081] with ContainerStateMachine:uninitialized
2025-04-24 14:04:57,233 [45889312-f9ba-413f-bd11-bf2ed7b16685-groupManagement] INFO  server.RaftServerConfigKeys (ConfUtils.java:logGet(46)) - raft.server.rpc.timeout.min = 5s (custom)
2025-04-24 14:04:57,233 [45889312-f9ba-413f-bd11-bf2ed7b16685-groupManagement] INFO  server.RaftServerConfigKeys (ConfUtils.java:logGet(46)) - raft.server.rpc.timeout.max = 5200ms (custom)
2025-04-24 14:04:57,233 [45889312-f9ba-413f-bd11-bf2ed7b16685-groupManagement] INFO  server.RaftServerConfigKeys (ConfUtils.java:logGet(46)) - raft.server.rpc.sleep.time = 25ms (default)
2025-04-24 14:04:57,233 [45889312-f9ba-413f-bd11-bf2ed7b16685-groupManagement] INFO  server.RaftServerConfigKeys (ConfUtils.java:logGet(46)) - raft.server.rpc.slowness.timeout = 300s (custom)
2025-04-24 14:04:57,233 [45889312-f9ba-413f-bd11-bf2ed7b16685-groupManagement] INFO  server.RaftServerConfigKeys (ConfUtils.java:logGet(46)) - raft.server.leaderelection.leader.step-down.wait-time = 10s (default)
2025-04-24 14:04:57,233 [45889312-f9ba-413f-bd11-bf2ed7b16685-groupManagement] INFO  server.RaftServerConfigKeys (ConfUtils.java:logGet(46)) - raft.server.leaderelection.member.majority-add = false (default)
2025-04-24 14:04:57,233 [45889312-f9ba-413f-bd11-bf2ed7b16685-groupManagement] INFO  server.RaftServerConfigKeys (ConfUtils.java:logGet(46)) - raft.server.sleep.deviation.threshold = 300ms (default)
2025-04-24 14:04:57,233 [45889312-f9ba-413f-bd11-bf2ed7b16685-groupManagement] INFO  server.RaftServer$Division (ServerState.java:<init>(114)) - 45889312-f9ba-413f-bd11-bf2ed7b16685@group-B5351F1BDAE1: ConfigurationManager, init=conf: {index: -1, cur=peers:[45889312-f9ba-413f-bd11-bf2ed7b16685|127.0.0.1:15065, 834ba878-0480-4e5d-9f84-edbf9d71c88d|127.0.0.1:15073, 9b45c406-4ccb-4f79-99e0-7a7cfdf05c76|127.0.0.1:15081]|listeners:[], old=null}, confs=<EMPTY_MAP>
2025-04-24 14:04:57,233 [45889312-f9ba-413f-bd11-bf2ed7b16685-groupManagement] INFO  server.RaftServerConfigKeys (ConfUtils.java:logGet(46)) - raft.server.notification.no-leader.timeout = 300s (custom)
2025-04-24 14:04:57,233 [45889312-f9ba-413f-bd11-bf2ed7b16685-groupManagement] INFO  server.RaftServerConfigKeys (ConfUtils.java:logGet(46)) - raft.server.read.timeout = 10s (default)
2025-04-24 14:04:57,233 [45889312-f9ba-413f-bd11-bf2ed7b16685-groupManagement] INFO  server.RaftServerConfigKeys (ConfUtils.java:logGet(46)) - raft.server.retrycache.expirytime = 600000ms (custom)
2025-04-24 14:04:57,233 [45889312-f9ba-413f-bd11-bf2ed7b16685-groupManagement] INFO  server.RaftServerConfigKeys (ConfUtils.java:logGet(46)) - raft.server.retrycache.statistics.expirytime = 100ms (default)
2025-04-24 14:04:57,233 [45889312-f9ba-413f-bd11-bf2ed7b16685-groupManagement] INFO  server.RaftServerConfigKeys (ConfUtils.java:logGet(46)) - raft.server.read.option = DEFAULT (default)
2025-04-24 14:04:57,233 [45889312-f9ba-413f-bd11-bf2ed7b16685-groupManagement] INFO  server.RaftServerConfigKeys (ConfUtils.java:logGet(46)) - raft.server.read.read-after-write-consistent.write-index-cache.expiry-time = 60s (default)
2025-04-24 14:04:57,236 [45889312-f9ba-413f-bd11-bf2ed7b16685-groupManagement] INFO  server.RaftServerConfigKeys (ConfUtils.java:logGet(46)) - raft.server.rpc.request.timeout = 60s (custom)
2025-04-24 14:04:57,236 [45889312-f9ba-413f-bd11-bf2ed7b16685-groupManagement] INFO  server.RaftServerConfigKeys (ConfUtils.java:logGet(46)) - raft.server.log.appender.install.snapshot.enabled = false (custom)
2025-04-24 14:04:57,236 [45889312-f9ba-413f-bd11-bf2ed7b16685-groupManagement] INFO  server.RaftServerConfigKeys (ConfUtils.java:logGet(46)) - raft.server.threadpool.server.cached = true (default)
2025-04-24 14:04:57,236 [45889312-f9ba-413f-bd11-bf2ed7b16685-groupManagement] INFO  server.RaftServerConfigKeys (ConfUtils.java:logGet(46)) - raft.server.threadpool.server.size = 0 (default)
2025-04-24 14:04:57,236 [45889312-f9ba-413f-bd11-bf2ed7b16685-groupManagement] INFO  server.RaftServerConfigKeys (ConfUtils.java:logGet(46)) - raft.server.threadpool.client.cached = true (default)
2025-04-24 14:04:57,236 [45889312-f9ba-413f-bd11-bf2ed7b16685-groupManagement] INFO  server.RaftServerConfigKeys (ConfUtils.java:logGet(46)) - raft.server.threadpool.client.size = 0 (default)
2025-04-24 14:04:57,236 [45889312-f9ba-413f-bd11-bf2ed7b16685-groupManagement] INFO  server.RaftServerConfigKeys (ConfUtils.java:logGet(46)) - raft.server.storage.free-space.min = 0MB (=0) (default)
2025-04-24 14:04:57,236 [45889312-f9ba-413f-bd11-bf2ed7b16685-groupManagement] INFO  server.RaftServerConfigKeys (ConfUtils.java:logGet(46)) - raft.server.log.corruption.policy = EXCEPTION (default)
2025-04-24 14:04:57,236 [45889312-f9ba-413f-bd11-bf2ed7b16685-groupManagement] INFO  server.RaftServerConfigKeys (ConfUtils.java:logGet(46)) - raft.server.storage.dir = [/home/runner/work/ozone/ozone/hadoop-ozone/integration-test/target/test-dir/MiniOzoneClusterImpl-9c5b6909-9e9c-47e3-ad7a-324826695869/ozone-meta/datanode-1/ratis] (custom)
2025-04-24 14:04:57,236 [45889312-f9ba-413f-bd11-bf2ed7b16685-groupManagement] INFO  storage.RaftStorageDirectory (RaftStorageDirectoryImpl.java:analyzeStorage(138)) - The storage directory /home/runner/work/ozone/ozone/hadoop-ozone/integration-test/target/test-dir/MiniOzoneClusterImpl-9c5b6909-9e9c-47e3-ad7a-324826695869/ozone-meta/datanode-1/ratis/c8cc83a0-a376-467e-b267-b5351f1bdae1 does not exist. Creating ...
2025-04-24 14:04:57,237 [45889312-f9ba-413f-bd11-bf2ed7b16685-groupManagement] INFO  storage.RaftStorageDirectory (RaftStorageDirectoryImpl.java:tryLock(229)) - Lock on /home/runner/work/ozone/ozone/hadoop-ozone/integration-test/target/test-dir/MiniOzoneClusterImpl-9c5b6909-9e9c-47e3-ad7a-324826695869/ozone-meta/datanode-1/ratis/c8cc83a0-a376-467e-b267-b5351f1bdae1/in_use.lock acquired by nodename 129728@fv-az2210-761
2025-04-24 14:04:57,239 [45889312-f9ba-413f-bd11-bf2ed7b16685-groupManagement] INFO  storage.RaftStorage (RaftStorageImpl.java:format(98)) - Storage directory /home/runner/work/ozone/ozone/hadoop-ozone/integration-test/target/test-dir/MiniOzoneClusterImpl-9c5b6909-9e9c-47e3-ad7a-324826695869/ozone-meta/datanode-1/ratis/c8cc83a0-a376-467e-b267-b5351f1bdae1 has been successfully formatted.
2025-04-24 14:04:57,240 [45889312-f9ba-413f-bd11-bf2ed7b16685-groupManagement] INFO  ratis.ContainerStateMachine (ContainerStateMachine.java:initialize(339)) - 45889312-f9ba-413f-bd11-bf2ed7b16685: initialize group-B5351F1BDAE1
2025-04-24 14:04:57,240 [45889312-f9ba-413f-bd11-bf2ed7b16685-groupManagement] INFO  ratis.ContainerStateMachine (ContainerStateMachine.java:loadSnapshot(347)) - group-B5351F1BDAE1: The snapshot info is null. Setting the last applied index to:(t:0, i:~)
2025-04-24 14:04:57,240 [45889312-f9ba-413f-bd11-bf2ed7b16685-groupManagement] INFO  server.RaftServerConfigKeys (ConfUtils.java:logGet(46)) - raft.server.log.use.memory = false (default)
2025-04-24 14:04:57,240 [45889312-f9ba-413f-bd11-bf2ed7b16685-groupManagement] INFO  server.RaftServerConfigKeys (ConfUtils.java:logGet(46)) - raft.server.log.purge.gap = 1000000 (custom)
2025-04-24 14:04:57,240 [45889312-f9ba-413f-bd11-bf2ed7b16685-groupManagement] INFO  server.RaftServerConfigKeys (ConfUtils.java:logGet(46)) - raft.server.log.appender.buffer.byte-limit = 33554432 (custom)
2025-04-24 14:04:57,240 [45889312-f9ba-413f-bd11-bf2ed7b16685-groupManagement] INFO  server.RaftServerConfigKeys (ConfUtils.java:logGet(46)) - raft.server.log.statemachine.data.read.timeout = 1000ms (default)
2025-04-24 14:04:57,240 [45889312-f9ba-413f-bd11-bf2ed7b16685-groupManagement] INFO  server.RaftServerConfigKeys (ConfUtils.java:logGet(46)) - raft.server.log.purge.preservation.log.num = 0 (default)
2025-04-24 14:04:57,241 [EventQueue-OpenPipelineForHealthyPipelineSafeModeRule] INFO  safemode.SCMSafeModeManager (HealthyPipelineSafeModeRule.java:process(141)) - SCM in safe mode. Healthy pipelines reported count is 0, required healthy pipeline reported count is 1
2025-04-24 14:04:57,241 [45889312-f9ba-413f-bd11-bf2ed7b16685-groupManagement] INFO  server.RaftServerConfigKeys (ConfUtils.java:logGet(46)) - raft.server.log.segment.size.max = 67108864 (custom)
2025-04-24 14:04:57,242 [45889312-f9ba-413f-bd11-bf2ed7b16685-groupManagement] INFO  server.RaftServerConfigKeys (ConfUtils.java:logGet(46)) - raft.server.log.segment.cache.num.max = 2 (custom)
2025-04-24 14:04:57,242 [45889312-f9ba-413f-bd11-bf2ed7b16685-groupManagement] INFO  server.RaftServerConfigKeys (ConfUtils.java:logGet(46)) - raft.server.log.segment.cache.size.max = 200MB (=209715200) (default)
2025-04-24 14:04:57,242 [45889312-f9ba-413f-bd11-bf2ed7b16685-groupManagement] INFO  server.RaftServerConfigKeys (ConfUtils.java:logGet(46)) - raft.server.log.appender.buffer.byte-limit = 33554432 (custom)
2025-04-24 14:04:57,242 [45889312-f9ba-413f-bd11-bf2ed7b16685-groupManagement] INFO  util.AwaitToRun (AwaitToRun.java:start(81)) - Thread[#9032,45889312-f9ba-413f-bd11-bf2ed7b16685@group-B5351F1BDAE1-cacheEviction-AwaitToRun,5,main] started
2025-04-24 14:04:57,242 [45889312-f9ba-413f-bd11-bf2ed7b16685-groupManagement] INFO  segmented.SegmentedRaftLogWorker (SegmentedRaftLogWorker.java:<init>(188)) - new 45889312-f9ba-413f-bd11-bf2ed7b16685@group-B5351F1BDAE1-SegmentedRaftLogWorker for RaftStorageImpl:Storage Directory /home/runner/work/ozone/ozone/hadoop-ozone/integration-test/target/test-dir/MiniOzoneClusterImpl-9c5b6909-9e9c-47e3-ad7a-324826695869/ozone-meta/datanode-1/ratis/c8cc83a0-a376-467e-b267-b5351f1bdae1
2025-04-24 14:04:57,242 [45889312-f9ba-413f-bd11-bf2ed7b16685-groupManagement] INFO  server.RaftServerConfigKeys (ConfUtils.java:logGet(46)) - raft.server.log.queue.byte-limit = 4294967296 (custom)
2025-04-24 14:04:57,242 [45889312-f9ba-413f-bd11-bf2ed7b16685-groupManagement] INFO  server.RaftServerConfigKeys (ConfUtils.java:logGet(46)) - raft.server.log.queue.element-limit = 1024 (custom)
2025-04-24 14:04:57,242 [45889312-f9ba-413f-bd11-bf2ed7b16685-groupManagement] INFO  server.RaftServerConfigKeys (ConfUtils.java:logGet(46)) - raft.server.log.segment.size.max = 67108864 (custom)
2025-04-24 14:04:57,242 [45889312-f9ba-413f-bd11-bf2ed7b16685-groupManagement] INFO  server.RaftServerConfigKeys (ConfUtils.java:logGet(46)) - raft.server.log.preallocated.size = 4194304 (custom)
2025-04-24 14:04:57,242 [45889312-f9ba-413f-bd11-bf2ed7b16685-groupManagement] INFO  server.RaftServerConfigKeys (ConfUtils.java:logGet(46)) - raft.server.log.force.sync.num = 128 (default)
2025-04-24 14:04:57,242 [45889312-f9ba-413f-bd11-bf2ed7b16685-groupManagement] INFO  server.RaftServerConfigKeys (ConfUtils.java:logGet(46)) - raft.server.log.statemachine.data.sync = true (default)
2025-04-24 14:04:57,242 [45889312-f9ba-413f-bd11-bf2ed7b16685-groupManagement] INFO  server.RaftServerConfigKeys (ConfUtils.java:logGet(46)) - raft.server.log.statemachine.data.sync.timeout = 10s (default)
2025-04-24 14:04:57,242 [45889312-f9ba-413f-bd11-bf2ed7b16685-groupManagement] INFO  server.RaftServerConfigKeys (ConfUtils.java:logGet(46)) - raft.server.log.statemachine.data.sync.timeout.retry = 30 (custom)
2025-04-24 14:04:57,242 [45889312-f9ba-413f-bd11-bf2ed7b16685-groupManagement] INFO  server.RaftServerConfigKeys (ConfUtils.java:logGet(46)) - raft.server.log.write.buffer.size = 33554440 (custom)
2025-04-24 14:04:57,249 [45889312-f9ba-413f-bd11-bf2ed7b16685-groupManagement] INFO  server.RaftServerConfigKeys (ConfUtils.java:logGet(46)) - raft.server.log.appender.buffer.byte-limit = 33554432 (custom)
2025-04-24 14:04:57,249 [45889312-f9ba-413f-bd11-bf2ed7b16685-groupManagement] INFO  server.RaftServerConfigKeys (ConfUtils.java:logGet(46)) - raft.server.log.unsafe-flush.enabled = false (default)
2025-04-24 14:04:57,249 [45889312-f9ba-413f-bd11-bf2ed7b16685-groupManagement] INFO  server.RaftServerConfigKeys (ConfUtils.java:logGet(46)) - raft.server.log.async-flush.enabled = false (default)
2025-04-24 14:04:57,249 [45889312-f9ba-413f-bd11-bf2ed7b16685-groupManagement] INFO  server.RaftServerConfigKeys (ConfUtils.java:logGet(46)) - raft.server.log.statemachine.data.caching.enabled = true (custom)
2025-04-24 14:04:57,249 [45889312-f9ba-413f-bd11-bf2ed7b16685-groupManagement] INFO  segmented.SegmentedRaftLogWorker (SegmentedRaftLogWorker.java:lambda$new$0(139)) - 45889312-f9ba-413f-bd11-bf2ed7b16685@group-B5351F1BDAE1-SegmentedRaftLogWorker: flushIndex: setUnconditionally 0 -> -1
2025-04-24 14:04:57,249 [45889312-f9ba-413f-bd11-bf2ed7b16685-groupManagement] INFO  segmented.SegmentedRaftLogWorker (SegmentedRaftLogWorker.java:lambda$new$0(139)) - 45889312-f9ba-413f-bd11-bf2ed7b16685@group-B5351F1BDAE1-SegmentedRaftLogWorker: safeCacheEvictIndex: setUnconditionally 0 -> -1
2025-04-24 14:04:57,250 [45889312-f9ba-413f-bd11-bf2ed7b16685-groupManagement] INFO  server.RaftServer$Division (RaftServerImpl.java:start(391)) - 45889312-f9ba-413f-bd11-bf2ed7b16685@group-B5351F1BDAE1: start as a follower, conf=conf: {index: -1, cur=peers:[45889312-f9ba-413f-bd11-bf2ed7b16685|127.0.0.1:15065, 834ba878-0480-4e5d-9f84-edbf9d71c88d|127.0.0.1:15073, 9b45c406-4ccb-4f79-99e0-7a7cfdf05c76|127.0.0.1:15081]|listeners:[], old=null}
2025-04-24 14:04:57,250 [45889312-f9ba-413f-bd11-bf2ed7b16685-groupManagement] INFO  server.RaftServer$Division (RaftServerImpl.java:setRole(378)) - 45889312-f9ba-413f-bd11-bf2ed7b16685@group-B5351F1BDAE1: changes role from      null to FOLLOWER at term 0 for startAsFollower
2025-04-24 14:04:57,250 [45889312-f9ba-413f-bd11-bf2ed7b16685-groupManagement] INFO  impl.RoleInfo (RoleInfo.java:updateAndGet(148)) - 45889312-f9ba-413f-bd11-bf2ed7b16685: start 45889312-f9ba-413f-bd11-bf2ed7b16685@group-B5351F1BDAE1-FollowerState
2025-04-24 14:04:57,250 [45889312-f9ba-413f-bd11-bf2ed7b16685-groupManagement] INFO  util.JmxRegister (JmxRegister.java:tryRegister(44)) - Successfully registered JMX Bean with object name Ratis:service=RaftServer,group=group-B5351F1BDAE1,id=45889312-f9ba-413f-bd11-bf2ed7b16685
2025-04-24 14:04:57,250 [45889312-f9ba-413f-bd11-bf2ed7b16685-groupManagement] INFO  util.JmxRegister (JmxRegister.java:register(58)) - register mxBean class org.apache.ratis.server.impl.RaftServerJmxAdapter as Ratis:service=RaftServer,group=group-B5351F1BDAE1,id=45889312-f9ba-413f-bd11-bf2ed7b16685
2025-04-24 14:04:57,250 [45889312-f9ba-413f-bd11-bf2ed7b16685@group-B5351F1BDAE1-FollowerState] INFO  server.RaftServerConfigKeys (ConfUtils.java:logGet(46)) - raft.server.rpc.first-election.timeout.min = 1000ms (custom)
2025-04-24 14:04:57,250 [45889312-f9ba-413f-bd11-bf2ed7b16685-groupManagement] INFO  server.RaftServerConfigKeys (ConfUtils.java:logGet(46)) - raft.server.snapshot.trigger-when-stop.enabled = true (default)
2025-04-24 14:04:57,250 [45889312-f9ba-413f-bd11-bf2ed7b16685-groupManagement] INFO  server.RaftServerConfigKeys (ConfUtils.java:logGet(46)) - raft.server.snapshot.trigger-when-remove.enabled = true (default)
2025-04-24 14:04:57,250 [45889312-f9ba-413f-bd11-bf2ed7b16685-groupManagement] INFO  server.RaftServerConfigKeys (ConfUtils.java:logGet(46)) - raft.server.snapshot.auto.trigger.enabled = true (custom)
2025-04-24 14:04:57,250 [45889312-f9ba-413f-bd11-bf2ed7b16685@group-B5351F1BDAE1-FollowerState] INFO  server.RaftServerConfigKeys (ConfUtils.java:logGet(46)) - raft.server.rpc.first-election.timeout.max = 1200ms (custom)
2025-04-24 14:04:57,250 [45889312-f9ba-413f-bd11-bf2ed7b16685-groupManagement] INFO  server.RaftServerConfigKeys (ConfUtils.java:logGet(46)) - raft.server.snapshot.auto.trigger.threshold = 100000 (custom)
2025-04-24 14:04:57,250 [45889312-f9ba-413f-bd11-bf2ed7b16685-groupManagement] INFO  server.RaftServerConfigKeys (ConfUtils.java:logGet(46)) - raft.server.snapshot.retention.file.num = 5 (custom)
2025-04-24 14:04:57,250 [45889312-f9ba-413f-bd11-bf2ed7b16685-groupManagement] INFO  server.RaftServerConfigKeys (ConfUtils.java:logGet(46)) - raft.server.log.purge.upto.snapshot.index = false (default)
2025-04-24 14:04:57,251 [45889312-f9ba-413f-bd11-bf2ed7b16685-groupManagement] INFO  server.RaftServer$Division (RaftServerImpl.java:start(405)) - 45889312-f9ba-413f-bd11-bf2ed7b16685@group-B5351F1BDAE1: Successfully started.
2025-04-24 14:04:57,251 [45889312-f9ba-413f-bd11-bf2ed7b16685-PipelineCommandHandlerThread-0] INFO  ratis.XceiverServerRatis (XceiverServerRatis.java:addGroup(842)) - Created group PipelineID=c8cc83a0-a376-467e-b267-b5351f1bdae1
2025-04-24 14:04:57,255 [grpc-default-executor-0] INFO  server.RaftServer (RaftServerProxy.java:addNew(100)) - 834ba878-0480-4e5d-9f84-edbf9d71c88d: addNew group-B5351F1BDAE1:[45889312-f9ba-413f-bd11-bf2ed7b16685|127.0.0.1:15065, 834ba878-0480-4e5d-9f84-edbf9d71c88d|127.0.0.1:15073, 9b45c406-4ccb-4f79-99e0-7a7cfdf05c76|127.0.0.1:15081] returns group-B5351F1BDAE1:java.util.concurrent.CompletableFuture@6a9ea04f[Not completed]
2025-04-24 14:04:57,256 [834ba878-0480-4e5d-9f84-edbf9d71c88d-groupManagement] INFO  server.RaftServer$Division (RaftServerImpl.java:<init>(255)) - 834ba878-0480-4e5d-9f84-edbf9d71c88d: new RaftServerImpl for group-B5351F1BDAE1:[45889312-f9ba-413f-bd11-bf2ed7b16685|127.0.0.1:15065, 834ba878-0480-4e5d-9f84-edbf9d71c88d|127.0.0.1:15073, 9b45c406-4ccb-4f79-99e0-7a7cfdf05c76|127.0.0.1:15081] with ContainerStateMachine:uninitialized
2025-04-24 14:04:57,256 [834ba878-0480-4e5d-9f84-edbf9d71c88d-groupManagement] INFO  server.RaftServerConfigKeys (ConfUtils.java:logGet(46)) - raft.server.rpc.timeout.min = 5s (custom)
2025-04-24 14:04:57,256 [834ba878-0480-4e5d-9f84-edbf9d71c88d-groupManagement] INFO  server.RaftServerConfigKeys (ConfUtils.java:logGet(46)) - raft.server.rpc.timeout.max = 5200ms (custom)
2025-04-24 14:04:57,256 [834ba878-0480-4e5d-9f84-edbf9d71c88d-groupManagement] INFO  server.RaftServerConfigKeys (ConfUtils.java:logGet(46)) - raft.server.rpc.sleep.time = 25ms (default)
2025-04-24 14:04:57,256 [834ba878-0480-4e5d-9f84-edbf9d71c88d-groupManagement] INFO  server.RaftServerConfigKeys (ConfUtils.java:logGet(46)) - raft.server.rpc.slowness.timeout = 300s (custom)
2025-04-24 14:04:57,256 [834ba878-0480-4e5d-9f84-edbf9d71c88d-groupManagement] INFO  server.RaftServerConfigKeys (ConfUtils.java:logGet(46)) - raft.server.leaderelection.leader.step-down.wait-time = 10s (default)
2025-04-24 14:04:57,256 [834ba878-0480-4e5d-9f84-edbf9d71c88d-groupManagement] INFO  server.RaftServerConfigKeys (ConfUtils.java:logGet(46)) - raft.server.leaderelection.member.majority-add = false (default)
2025-04-24 14:04:57,256 [834ba878-0480-4e5d-9f84-edbf9d71c88d-groupManagement] INFO  server.RaftServerConfigKeys (ConfUtils.java:logGet(46)) - raft.server.sleep.deviation.threshold = 300ms (default)
2025-04-24 14:04:57,256 [834ba878-0480-4e5d-9f84-edbf9d71c88d-groupManagement] INFO  server.RaftServer$Division (ServerState.java:<init>(114)) - 834ba878-0480-4e5d-9f84-edbf9d71c88d@group-B5351F1BDAE1: ConfigurationManager, init=conf: {index: -1, cur=peers:[45889312-f9ba-413f-bd11-bf2ed7b16685|127.0.0.1:15065, 834ba878-0480-4e5d-9f84-edbf9d71c88d|127.0.0.1:15073, 9b45c406-4ccb-4f79-99e0-7a7cfdf05c76|127.0.0.1:15081]|listeners:[], old=null}, confs=<EMPTY_MAP>
2025-04-24 14:04:57,256 [834ba878-0480-4e5d-9f84-edbf9d71c88d-groupManagement] INFO  server.RaftServerConfigKeys (ConfUtils.java:logGet(46)) - raft.server.notification.no-leader.timeout = 300s (custom)
2025-04-24 14:04:57,256 [834ba878-0480-4e5d-9f84-edbf9d71c88d-groupManagement] INFO  server.RaftServerConfigKeys (ConfUtils.java:logGet(46)) - raft.server.read.timeout = 10s (default)
2025-04-24 14:04:57,257 [834ba878-0480-4e5d-9f84-edbf9d71c88d-groupManagement] INFO  server.RaftServerConfigKeys (ConfUtils.java:logGet(46)) - raft.server.retrycache.expirytime = 600000ms (custom)
2025-04-24 14:04:57,257 [834ba878-0480-4e5d-9f84-edbf9d71c88d-groupManagement] INFO  server.RaftServerConfigKeys (ConfUtils.java:logGet(46)) - raft.server.retrycache.statistics.expirytime = 100ms (default)
2025-04-24 14:04:57,257 [834ba878-0480-4e5d-9f84-edbf9d71c88d-groupManagement] INFO  server.RaftServerConfigKeys (ConfUtils.java:logGet(46)) - raft.server.read.option = DEFAULT (default)
2025-04-24 14:04:57,257 [834ba878-0480-4e5d-9f84-edbf9d71c88d-groupManagement] INFO  server.RaftServerConfigKeys (ConfUtils.java:logGet(46)) - raft.server.read.read-after-write-consistent.write-index-cache.expiry-time = 60s (default)
2025-04-24 14:04:57,259 [834ba878-0480-4e5d-9f84-edbf9d71c88d-groupManagement] INFO  server.RaftServerConfigKeys (ConfUtils.java:logGet(46)) - raft.server.rpc.request.timeout = 60s (custom)
2025-04-24 14:04:57,259 [834ba878-0480-4e5d-9f84-edbf9d71c88d-groupManagement] INFO  server.RaftServerConfigKeys (ConfUtils.java:logGet(46)) - raft.server.log.appender.install.snapshot.enabled = false (custom)
2025-04-24 14:04:57,259 [834ba878-0480-4e5d-9f84-edbf9d71c88d-groupManagement] INFO  server.RaftServerConfigKeys (ConfUtils.java:logGet(46)) - raft.server.threadpool.server.cached = true (default)
2025-04-24 14:04:57,259 [834ba878-0480-4e5d-9f84-edbf9d71c88d-groupManagement] INFO  server.RaftServerConfigKeys (ConfUtils.java:logGet(46)) - raft.server.threadpool.server.size = 0 (default)
2025-04-24 14:04:57,259 [834ba878-0480-4e5d-9f84-edbf9d71c88d-groupManagement] INFO  server.RaftServerConfigKeys (ConfUtils.java:logGet(46)) - raft.server.threadpool.client.cached = true (default)
2025-04-24 14:04:57,259 [834ba878-0480-4e5d-9f84-edbf9d71c88d-groupManagement] INFO  server.RaftServerConfigKeys (ConfUtils.java:logGet(46)) - raft.server.threadpool.client.size = 0 (default)
2025-04-24 14:04:57,259 [834ba878-0480-4e5d-9f84-edbf9d71c88d-groupManagement] INFO  server.RaftServerConfigKeys (ConfUtils.java:logGet(46)) - raft.server.storage.free-space.min = 0MB (=0) (default)
2025-04-24 14:04:57,259 [834ba878-0480-4e5d-9f84-edbf9d71c88d-groupManagement] INFO  server.RaftServerConfigKeys (ConfUtils.java:logGet(46)) - raft.server.log.corruption.policy = EXCEPTION (default)
2025-04-24 14:04:57,259 [834ba878-0480-4e5d-9f84-edbf9d71c88d-groupManagement] INFO  server.RaftServerConfigKeys (ConfUtils.java:logGet(46)) - raft.server.storage.dir = [/home/runner/work/ozone/ozone/hadoop-ozone/integration-test/target/test-dir/MiniOzoneClusterImpl-9c5b6909-9e9c-47e3-ad7a-324826695869/ozone-meta/datanode-2/ratis] (custom)
2025-04-24 14:04:57,259 [834ba878-0480-4e5d-9f84-edbf9d71c88d-groupManagement] INFO  storage.RaftStorageDirectory (RaftStorageDirectoryImpl.java:analyzeStorage(138)) - The storage directory /home/runner/work/ozone/ozone/hadoop-ozone/integration-test/target/test-dir/MiniOzoneClusterImpl-9c5b6909-9e9c-47e3-ad7a-324826695869/ozone-meta/datanode-2/ratis/c8cc83a0-a376-467e-b267-b5351f1bdae1 does not exist. Creating ...
2025-04-24 14:04:57,260 [834ba878-0480-4e5d-9f84-edbf9d71c88d-groupManagement] INFO  storage.RaftStorageDirectory (RaftStorageDirectoryImpl.java:tryLock(229)) - Lock on /home/runner/work/ozone/ozone/hadoop-ozone/integration-test/target/test-dir/MiniOzoneClusterImpl-9c5b6909-9e9c-47e3-ad7a-324826695869/ozone-meta/datanode-2/ratis/c8cc83a0-a376-467e-b267-b5351f1bdae1/in_use.lock acquired by nodename 129728@fv-az2210-761
2025-04-24 14:04:57,261 [834ba878-0480-4e5d-9f84-edbf9d71c88d-groupManagement] INFO  storage.RaftStorage (RaftStorageImpl.java:format(98)) - Storage directory /home/runner/work/ozone/ozone/hadoop-ozone/integration-test/target/test-dir/MiniOzoneClusterImpl-9c5b6909-9e9c-47e3-ad7a-324826695869/ozone-meta/datanode-2/ratis/c8cc83a0-a376-467e-b267-b5351f1bdae1 has been successfully formatted.
2025-04-24 14:04:57,261 [834ba878-0480-4e5d-9f84-edbf9d71c88d-groupManagement] INFO  ratis.ContainerStateMachine (ContainerStateMachine.java:initialize(339)) - 834ba878-0480-4e5d-9f84-edbf9d71c88d: initialize group-B5351F1BDAE1
2025-04-24 14:04:57,262 [834ba878-0480-4e5d-9f84-edbf9d71c88d-groupManagement] INFO  ratis.ContainerStateMachine (ContainerStateMachine.java:loadSnapshot(347)) - group-B5351F1BDAE1: The snapshot info is null. Setting the last applied index to:(t:0, i:~)
2025-04-24 14:04:57,262 [834ba878-0480-4e5d-9f84-edbf9d71c88d-groupManagement] INFO  server.RaftServerConfigKeys (ConfUtils.java:logGet(46)) - raft.server.log.use.memory = false (default)
2025-04-24 14:04:57,262 [834ba878-0480-4e5d-9f84-edbf9d71c88d-groupManagement] INFO  server.RaftServerConfigKeys (ConfUtils.java:logGet(46)) - raft.server.log.purge.gap = 1000000 (custom)
2025-04-24 14:04:57,262 [834ba878-0480-4e5d-9f84-edbf9d71c88d-groupManagement] INFO  server.RaftServerConfigKeys (ConfUtils.java:logGet(46)) - raft.server.log.appender.buffer.byte-limit = 33554432 (custom)
2025-04-24 14:04:57,262 [834ba878-0480-4e5d-9f84-edbf9d71c88d-groupManagement] INFO  server.RaftServerConfigKeys (ConfUtils.java:logGet(46)) - raft.server.log.statemachine.data.read.timeout = 1000ms (default)
2025-04-24 14:04:57,262 [834ba878-0480-4e5d-9f84-edbf9d71c88d-groupManagement] INFO  server.RaftServerConfigKeys (ConfUtils.java:logGet(46)) - raft.server.log.purge.preservation.log.num = 0 (default)
2025-04-24 14:04:57,263 [834ba878-0480-4e5d-9f84-edbf9d71c88d-groupManagement] INFO  server.RaftServerConfigKeys (ConfUtils.java:logGet(46)) - raft.server.log.segment.size.max = 67108864 (custom)
2025-04-24 14:04:57,263 [834ba878-0480-4e5d-9f84-edbf9d71c88d-groupManagement] INFO  server.RaftServerConfigKeys (ConfUtils.java:logGet(46)) - raft.server.log.segment.cache.num.max = 2 (custom)
2025-04-24 14:04:57,263 [834ba878-0480-4e5d-9f84-edbf9d71c88d-groupManagement] INFO  server.RaftServerConfigKeys (ConfUtils.java:logGet(46)) - raft.server.log.segment.cache.size.max = 200MB (=209715200) (default)
2025-04-24 14:04:57,263 [834ba878-0480-4e5d-9f84-edbf9d71c88d-groupManagement] INFO  server.RaftServerConfigKeys (ConfUtils.java:logGet(46)) - raft.server.log.appender.buffer.byte-limit = 33554432 (custom)
2025-04-24 14:04:57,264 [834ba878-0480-4e5d-9f84-edbf9d71c88d-groupManagement] INFO  util.AwaitToRun (AwaitToRun.java:start(81)) - Thread[#9037,834ba878-0480-4e5d-9f84-edbf9d71c88d@group-B5351F1BDAE1-cacheEviction-AwaitToRun,5,main] started
2025-04-24 14:04:57,264 [834ba878-0480-4e5d-9f84-edbf9d71c88d-groupManagement] INFO  segmented.SegmentedRaftLogWorker (SegmentedRaftLogWorker.java:<init>(188)) - new 834ba878-0480-4e5d-9f84-edbf9d71c88d@group-B5351F1BDAE1-SegmentedRaftLogWorker for RaftStorageImpl:Storage Directory /home/runner/work/ozone/ozone/hadoop-ozone/integration-test/target/test-dir/MiniOzoneClusterImpl-9c5b6909-9e9c-47e3-ad7a-324826695869/ozone-meta/datanode-2/ratis/c8cc83a0-a376-467e-b267-b5351f1bdae1
2025-04-24 14:04:57,264 [834ba878-0480-4e5d-9f84-edbf9d71c88d-groupManagement] INFO  server.RaftServerConfigKeys (ConfUtils.java:logGet(46)) - raft.server.log.queue.byte-limit = 4294967296 (custom)
2025-04-24 14:04:57,264 [834ba878-0480-4e5d-9f84-edbf9d71c88d-groupManagement] INFO  server.RaftServerConfigKeys (ConfUtils.java:logGet(46)) - raft.server.log.queue.element-limit = 1024 (custom)
2025-04-24 14:04:57,264 [834ba878-0480-4e5d-9f84-edbf9d71c88d-groupManagement] INFO  server.RaftServerConfigKeys (ConfUtils.java:logGet(46)) - raft.server.log.segment.size.max = 67108864 (custom)
2025-04-24 14:04:57,264 [834ba878-0480-4e5d-9f84-edbf9d71c88d-groupManagement] INFO  server.RaftServerConfigKeys (ConfUtils.java:logGet(46)) - raft.server.log.preallocated.size = 4194304 (custom)
2025-04-24 14:04:57,264 [834ba878-0480-4e5d-9f84-edbf9d71c88d-groupManagement] INFO  server.RaftServerConfigKeys (ConfUtils.java:logGet(46)) - raft.server.log.force.sync.num = 128 (default)
2025-04-24 14:04:57,264 [834ba878-0480-4e5d-9f84-edbf9d71c88d-groupManagement] INFO  server.RaftServerConfigKeys (ConfUtils.java:logGet(46)) - raft.server.log.statemachine.data.sync = true (default)
2025-04-24 14:04:57,264 [834ba878-0480-4e5d-9f84-edbf9d71c88d-groupManagement] INFO  server.RaftServerConfigKeys (ConfUtils.java:logGet(46)) - raft.server.log.statemachine.data.sync.timeout = 10s (default)
2025-04-24 14:04:57,264 [834ba878-0480-4e5d-9f84-edbf9d71c88d-groupManagement] INFO  server.RaftServerConfigKeys (ConfUtils.java:logGet(46)) - raft.server.log.statemachine.data.sync.timeout.retry = 30 (custom)
2025-04-24 14:04:57,264 [834ba878-0480-4e5d-9f84-edbf9d71c88d-groupManagement] INFO  server.RaftServerConfigKeys (ConfUtils.java:logGet(46)) - raft.server.log.write.buffer.size = 33554440 (custom)
2025-04-24 14:04:57,270 [834ba878-0480-4e5d-9f84-edbf9d71c88d-groupManagement] INFO  server.RaftServerConfigKeys (ConfUtils.java:logGet(46)) - raft.server.log.appender.buffer.byte-limit = 33554432 (custom)
2025-04-24 14:04:57,270 [834ba878-0480-4e5d-9f84-edbf9d71c88d-groupManagement] INFO  server.RaftServerConfigKeys (ConfUtils.java:logGet(46)) - raft.server.log.unsafe-flush.enabled = false (default)
2025-04-24 14:04:57,270 [834ba878-0480-4e5d-9f84-edbf9d71c88d-groupManagement] INFO  server.RaftServerConfigKeys (ConfUtils.java:logGet(46)) - raft.server.log.async-flush.enabled = false (default)
2025-04-24 14:04:57,270 [834ba878-0480-4e5d-9f84-edbf9d71c88d-groupManagement] INFO  server.RaftServerConfigKeys (ConfUtils.java:logGet(46)) - raft.server.log.statemachine.data.caching.enabled = true (custom)
2025-04-24 14:04:57,270 [834ba878-0480-4e5d-9f84-edbf9d71c88d-groupManagement] INFO  segmented.SegmentedRaftLogWorker (SegmentedRaftLogWorker.java:lambda$new$0(139)) - 834ba878-0480-4e5d-9f84-edbf9d71c88d@group-B5351F1BDAE1-SegmentedRaftLogWorker: flushIndex: setUnconditionally 0 -> -1
2025-04-24 14:04:57,270 [834ba878-0480-4e5d-9f84-edbf9d71c88d-groupManagement] INFO  segmented.SegmentedRaftLogWorker (SegmentedRaftLogWorker.java:lambda$new$0(139)) - 834ba878-0480-4e5d-9f84-edbf9d71c88d@group-B5351F1BDAE1-SegmentedRaftLogWorker: safeCacheEvictIndex: setUnconditionally 0 -> -1
2025-04-24 14:04:57,271 [834ba878-0480-4e5d-9f84-edbf9d71c88d-groupManagement] INFO  server.RaftServer$Division (RaftServerImpl.java:start(391)) - 834ba878-0480-4e5d-9f84-edbf9d71c88d@group-B5351F1BDAE1: start as a follower, conf=conf: {index: -1, cur=peers:[45889312-f9ba-413f-bd11-bf2ed7b16685|127.0.0.1:15065, 834ba878-0480-4e5d-9f84-edbf9d71c88d|127.0.0.1:15073, 9b45c406-4ccb-4f79-99e0-7a7cfdf05c76|127.0.0.1:15081]|listeners:[], old=null}
2025-04-24 14:04:57,271 [834ba878-0480-4e5d-9f84-edbf9d71c88d-groupManagement] INFO  server.RaftServer$Division (RaftServerImpl.java:setRole(378)) - 834ba878-0480-4e5d-9f84-edbf9d71c88d@group-B5351F1BDAE1: changes role from      null to FOLLOWER at term 0 for startAsFollower
2025-04-24 14:04:57,271 [834ba878-0480-4e5d-9f84-edbf9d71c88d-groupManagement] INFO  impl.RoleInfo (RoleInfo.java:updateAndGet(148)) - 834ba878-0480-4e5d-9f84-edbf9d71c88d: start 834ba878-0480-4e5d-9f84-edbf9d71c88d@group-B5351F1BDAE1-FollowerState
2025-04-24 14:04:57,271 [834ba878-0480-4e5d-9f84-edbf9d71c88d-groupManagement] INFO  util.JmxRegister (JmxRegister.java:tryRegister(44)) - Successfully registered JMX Bean with object name Ratis:service=RaftServer,group=group-B5351F1BDAE1,id=834ba878-0480-4e5d-9f84-edbf9d71c88d
2025-04-24 14:04:57,271 [834ba878-0480-4e5d-9f84-edbf9d71c88d-groupManagement] INFO  util.JmxRegister (JmxRegister.java:register(58)) - register mxBean class org.apache.ratis.server.impl.RaftServerJmxAdapter as Ratis:service=RaftServer,group=group-B5351F1BDAE1,id=834ba878-0480-4e5d-9f84-edbf9d71c88d
2025-04-24 14:04:57,271 [834ba878-0480-4e5d-9f84-edbf9d71c88d-groupManagement] INFO  server.RaftServerConfigKeys (ConfUtils.java:logGet(46)) - raft.server.snapshot.trigger-when-stop.enabled = true (default)
2025-04-24 14:04:57,271 [834ba878-0480-4e5d-9f84-edbf9d71c88d-groupManagement] INFO  server.RaftServerConfigKeys (ConfUtils.java:logGet(46)) - raft.server.snapshot.trigger-when-remove.enabled = true (default)
2025-04-24 14:04:57,271 [834ba878-0480-4e5d-9f84-edbf9d71c88d-groupManagement] INFO  server.RaftServerConfigKeys (ConfUtils.java:logGet(46)) - raft.server.snapshot.auto.trigger.enabled = true (custom)
2025-04-24 14:04:57,272 [834ba878-0480-4e5d-9f84-edbf9d71c88d-groupManagement] INFO  server.RaftServerConfigKeys (ConfUtils.java:logGet(46)) - raft.server.snapshot.auto.trigger.threshold = 100000 (custom)
2025-04-24 14:04:57,272 [834ba878-0480-4e5d-9f84-edbf9d71c88d-groupManagement] INFO  server.RaftServerConfigKeys (ConfUtils.java:logGet(46)) - raft.server.snapshot.retention.file.num = 5 (custom)
2025-04-24 14:04:57,272 [834ba878-0480-4e5d-9f84-edbf9d71c88d-groupManagement] INFO  server.RaftServerConfigKeys (ConfUtils.java:logGet(46)) - raft.server.log.purge.upto.snapshot.index = false (default)
2025-04-24 14:04:57,271 [834ba878-0480-4e5d-9f84-edbf9d71c88d@group-B5351F1BDAE1-FollowerState] INFO  server.RaftServerConfigKeys (ConfUtils.java:logGet(46)) - raft.server.rpc.first-election.timeout.min = 1000ms (custom)
2025-04-24 14:04:57,272 [834ba878-0480-4e5d-9f84-edbf9d71c88d@group-B5351F1BDAE1-FollowerState] INFO  server.RaftServerConfigKeys (ConfUtils.java:logGet(46)) - raft.server.rpc.first-election.timeout.max = 1200ms (custom)
2025-04-24 14:04:57,272 [834ba878-0480-4e5d-9f84-edbf9d71c88d-groupManagement] INFO  server.RaftServer$Division (RaftServerImpl.java:start(405)) - 834ba878-0480-4e5d-9f84-edbf9d71c88d@group-B5351F1BDAE1: Successfully started.
2025-04-24 14:04:57,280 [grpc-default-executor-0] INFO  server.RaftServer (RaftServerProxy.java:addNew(100)) - 9b45c406-4ccb-4f79-99e0-7a7cfdf05c76: addNew group-B5351F1BDAE1:[45889312-f9ba-413f-bd11-bf2ed7b16685|127.0.0.1:15065, 834ba878-0480-4e5d-9f84-edbf9d71c88d|127.0.0.1:15073, 9b45c406-4ccb-4f79-99e0-7a7cfdf05c76|127.0.0.1:15081] returns group-B5351F1BDAE1:java.util.concurrent.CompletableFuture@61fcd306[Not completed]
2025-04-24 14:04:57,281 [9b45c406-4ccb-4f79-99e0-7a7cfdf05c76-groupManagement] INFO  server.RaftServer$Division (RaftServerImpl.java:<init>(255)) - 9b45c406-4ccb-4f79-99e0-7a7cfdf05c76: new RaftServerImpl for group-B5351F1BDAE1:[45889312-f9ba-413f-bd11-bf2ed7b16685|127.0.0.1:15065, 834ba878-0480-4e5d-9f84-edbf9d71c88d|127.0.0.1:15073, 9b45c406-4ccb-4f79-99e0-7a7cfdf05c76|127.0.0.1:15081] with ContainerStateMachine:uninitialized
2025-04-24 14:04:57,281 [9b45c406-4ccb-4f79-99e0-7a7cfdf05c76-groupManagement] INFO  server.RaftServerConfigKeys (ConfUtils.java:logGet(46)) - raft.server.rpc.timeout.min = 5s (custom)
2025-04-24 14:04:57,281 [9b45c406-4ccb-4f79-99e0-7a7cfdf05c76-groupManagement] INFO  server.RaftServerConfigKeys (ConfUtils.java:logGet(46)) - raft.server.rpc.timeout.max = 5200ms (custom)
2025-04-24 14:04:57,281 [9b45c406-4ccb-4f79-99e0-7a7cfdf05c76-groupManagement] INFO  server.RaftServerConfigKeys (ConfUtils.java:logGet(46)) - raft.server.rpc.sleep.time = 25ms (default)
2025-04-24 14:04:57,281 [9b45c406-4ccb-4f79-99e0-7a7cfdf05c76-groupManagement] INFO  server.RaftServerConfigKeys (ConfUtils.java:logGet(46)) - raft.server.rpc.slowness.timeout = 300s (custom)
2025-04-24 14:04:57,281 [9b45c406-4ccb-4f79-99e0-7a7cfdf05c76-groupManagement] INFO  server.RaftServerConfigKeys (ConfUtils.java:logGet(46)) - raft.server.leaderelection.leader.step-down.wait-time = 10s (default)
2025-04-24 14:04:57,281 [9b45c406-4ccb-4f79-99e0-7a7cfdf05c76-groupManagement] INFO  server.RaftServerConfigKeys (ConfUtils.java:logGet(46)) - raft.server.leaderelection.member.majority-add = false (default)
2025-04-24 14:04:57,281 [9b45c406-4ccb-4f79-99e0-7a7cfdf05c76-groupManagement] INFO  server.RaftServerConfigKeys (ConfUtils.java:logGet(46)) - raft.server.sleep.deviation.threshold = 300ms (default)
2025-04-24 14:04:57,281 [9b45c406-4ccb-4f79-99e0-7a7cfdf05c76-groupManagement] INFO  server.RaftServer$Division (ServerState.java:<init>(114)) - 9b45c406-4ccb-4f79-99e0-7a7cfdf05c76@group-B5351F1BDAE1: ConfigurationManager, init=conf: {index: -1, cur=peers:[45889312-f9ba-413f-bd11-bf2ed7b16685|127.0.0.1:15065, 834ba878-0480-4e5d-9f84-edbf9d71c88d|127.0.0.1:15073, 9b45c406-4ccb-4f79-99e0-7a7cfdf05c76|127.0.0.1:15081]|listeners:[], old=null}, confs=<EMPTY_MAP>
2025-04-24 14:04:57,281 [9b45c406-4ccb-4f79-99e0-7a7cfdf05c76-groupManagement] INFO  server.RaftServerConfigKeys (ConfUtils.java:logGet(46)) - raft.server.notification.no-leader.timeout = 300s (custom)
2025-04-24 14:04:57,281 [9b45c406-4ccb-4f79-99e0-7a7cfdf05c76-groupManagement] INFO  server.RaftServerConfigKeys (ConfUtils.java:logGet(46)) - raft.server.read.timeout = 10s (default)
2025-04-24 14:04:57,281 [9b45c406-4ccb-4f79-99e0-7a7cfdf05c76-groupManagement] INFO  server.RaftServerConfigKeys (ConfUtils.java:logGet(46)) - raft.server.retrycache.expirytime = 600000ms (custom)
2025-04-24 14:04:57,281 [9b45c406-4ccb-4f79-99e0-7a7cfdf05c76-groupManagement] INFO  server.RaftServerConfigKeys (ConfUtils.java:logGet(46)) - raft.server.retrycache.statistics.expirytime = 100ms (default)
2025-04-24 14:04:57,281 [9b45c406-4ccb-4f79-99e0-7a7cfdf05c76-groupManagement] INFO  server.RaftServerConfigKeys (ConfUtils.java:logGet(46)) - raft.server.read.option = DEFAULT (default)
2025-04-24 14:04:57,281 [9b45c406-4ccb-4f79-99e0-7a7cfdf05c76-groupManagement] INFO  server.RaftServerConfigKeys (ConfUtils.java:logGet(46)) - raft.server.read.read-after-write-consistent.write-index-cache.expiry-time = 60s (default)
2025-04-24 14:04:57,284 [9b45c406-4ccb-4f79-99e0-7a7cfdf05c76-groupManagement] INFO  server.RaftServerConfigKeys (ConfUtils.java:logGet(46)) - raft.server.rpc.request.timeout = 60s (custom)
2025-04-24 14:04:57,284 [9b45c406-4ccb-4f79-99e0-7a7cfdf05c76-groupManagement] INFO  server.RaftServerConfigKeys (ConfUtils.java:logGet(46)) - raft.server.log.appender.install.snapshot.enabled = false (custom)
2025-04-24 14:04:57,284 [9b45c406-4ccb-4f79-99e0-7a7cfdf05c76-groupManagement] INFO  server.RaftServerConfigKeys (ConfUtils.java:logGet(46)) - raft.server.threadpool.server.cached = true (default)
2025-04-24 14:04:57,284 [9b45c406-4ccb-4f79-99e0-7a7cfdf05c76-groupManagement] INFO  server.RaftServerConfigKeys (ConfUtils.java:logGet(46)) - raft.server.threadpool.server.size = 0 (default)
2025-04-24 14:04:57,284 [9b45c406-4ccb-4f79-99e0-7a7cfdf05c76-groupManagement] INFO  server.RaftServerConfigKeys (ConfUtils.java:logGet(46)) - raft.server.threadpool.client.cached = true (default)
2025-04-24 14:04:57,284 [9b45c406-4ccb-4f79-99e0-7a7cfdf05c76-groupManagement] INFO  server.RaftServerConfigKeys (ConfUtils.java:logGet(46)) - raft.server.threadpool.client.size = 0 (default)
2025-04-24 14:04:57,284 [9b45c406-4ccb-4f79-99e0-7a7cfdf05c76-groupManagement] INFO  server.RaftServerConfigKeys (ConfUtils.java:logGet(46)) - raft.server.storage.free-space.min = 0MB (=0) (default)
2025-04-24 14:04:57,284 [9b45c406-4ccb-4f79-99e0-7a7cfdf05c76-groupManagement] INFO  server.RaftServerConfigKeys (ConfUtils.java:logGet(46)) - raft.server.log.corruption.policy = EXCEPTION (default)
2025-04-24 14:04:57,284 [9b45c406-4ccb-4f79-99e0-7a7cfdf05c76-groupManagement] INFO  server.RaftServerConfigKeys (ConfUtils.java:logGet(46)) - raft.server.storage.dir = [/home/runner/work/ozone/ozone/hadoop-ozone/integration-test/target/test-dir/MiniOzoneClusterImpl-9c5b6909-9e9c-47e3-ad7a-324826695869/ozone-meta/datanode-3/ratis] (custom)
2025-04-24 14:04:57,284 [9b45c406-4ccb-4f79-99e0-7a7cfdf05c76-groupManagement] INFO  storage.RaftStorageDirectory (RaftStorageDirectoryImpl.java:analyzeStorage(138)) - The storage directory /home/runner/work/ozone/ozone/hadoop-ozone/integration-test/target/test-dir/MiniOzoneClusterImpl-9c5b6909-9e9c-47e3-ad7a-324826695869/ozone-meta/datanode-3/ratis/c8cc83a0-a376-467e-b267-b5351f1bdae1 does not exist. Creating ...
2025-04-24 14:04:57,285 [9b45c406-4ccb-4f79-99e0-7a7cfdf05c76-groupManagement] INFO  storage.RaftStorageDirectory (RaftStorageDirectoryImpl.java:tryLock(229)) - Lock on /home/runner/work/ozone/ozone/hadoop-ozone/integration-test/target/test-dir/MiniOzoneClusterImpl-9c5b6909-9e9c-47e3-ad7a-324826695869/ozone-meta/datanode-3/ratis/c8cc83a0-a376-467e-b267-b5351f1bdae1/in_use.lock acquired by nodename 129728@fv-az2210-761
2025-04-24 14:04:57,286 [9b45c406-4ccb-4f79-99e0-7a7cfdf05c76-groupManagement] INFO  storage.RaftStorage (RaftStorageImpl.java:format(98)) - Storage directory /home/runner/work/ozone/ozone/hadoop-ozone/integration-test/target/test-dir/MiniOzoneClusterImpl-9c5b6909-9e9c-47e3-ad7a-324826695869/ozone-meta/datanode-3/ratis/c8cc83a0-a376-467e-b267-b5351f1bdae1 has been successfully formatted.
2025-04-24 14:04:57,286 [9b45c406-4ccb-4f79-99e0-7a7cfdf05c76-groupManagement] INFO  ratis.ContainerStateMachine (ContainerStateMachine.java:initialize(339)) - 9b45c406-4ccb-4f79-99e0-7a7cfdf05c76: initialize group-B5351F1BDAE1
2025-04-24 14:04:57,286 [9b45c406-4ccb-4f79-99e0-7a7cfdf05c76-groupManagement] INFO  ratis.ContainerStateMachine (ContainerStateMachine.java:loadSnapshot(347)) - group-B5351F1BDAE1: The snapshot info is null. Setting the last applied index to:(t:0, i:~)
2025-04-24 14:04:57,286 [9b45c406-4ccb-4f79-99e0-7a7cfdf05c76-groupManagement] INFO  server.RaftServerConfigKeys (ConfUtils.java:logGet(46)) - raft.server.log.use.memory = false (default)
2025-04-24 14:04:57,286 [9b45c406-4ccb-4f79-99e0-7a7cfdf05c76-groupManagement] INFO  server.RaftServerConfigKeys (ConfUtils.java:logGet(46)) - raft.server.log.purge.gap = 1000000 (custom)
2025-04-24 14:04:57,287 [9b45c406-4ccb-4f79-99e0-7a7cfdf05c76-groupManagement] INFO  server.RaftServerConfigKeys (ConfUtils.java:logGet(46)) - raft.server.log.appender.buffer.byte-limit = 33554432 (custom)
2025-04-24 14:04:57,287 [9b45c406-4ccb-4f79-99e0-7a7cfdf05c76-groupManagement] INFO  server.RaftServerConfigKeys (ConfUtils.java:logGet(46)) - raft.server.log.statemachine.data.read.timeout = 1000ms (default)
2025-04-24 14:04:57,287 [9b45c406-4ccb-4f79-99e0-7a7cfdf05c76-groupManagement] INFO  server.RaftServerConfigKeys (ConfUtils.java:logGet(46)) - raft.server.log.purge.preservation.log.num = 0 (default)
2025-04-24 14:04:57,288 [9b45c406-4ccb-4f79-99e0-7a7cfdf05c76-groupManagement] INFO  server.RaftServerConfigKeys (ConfUtils.java:logGet(46)) - raft.server.log.segment.size.max = 67108864 (custom)
2025-04-24 14:04:57,288 [9b45c406-4ccb-4f79-99e0-7a7cfdf05c76-groupManagement] INFO  server.RaftServerConfigKeys (ConfUtils.java:logGet(46)) - raft.server.log.segment.cache.num.max = 2 (custom)
2025-04-24 14:04:57,288 [9b45c406-4ccb-4f79-99e0-7a7cfdf05c76-groupManagement] INFO  server.RaftServerConfigKeys (ConfUtils.java:logGet(46)) - raft.server.log.segment.cache.size.max = 200MB (=209715200) (default)
2025-04-24 14:04:57,288 [9b45c406-4ccb-4f79-99e0-7a7cfdf05c76-groupManagement] INFO  server.RaftServerConfigKeys (ConfUtils.java:logGet(46)) - raft.server.log.appender.buffer.byte-limit = 33554432 (custom)
2025-04-24 14:04:57,289 [9b45c406-4ccb-4f79-99e0-7a7cfdf05c76-groupManagement] INFO  util.AwaitToRun (AwaitToRun.java:start(81)) - Thread[#9045,9b45c406-4ccb-4f79-99e0-7a7cfdf05c76@group-B5351F1BDAE1-cacheEviction-AwaitToRun,5,main] started
2025-04-24 14:04:57,289 [9b45c406-4ccb-4f79-99e0-7a7cfdf05c76-groupManagement] INFO  segmented.SegmentedRaftLogWorker (SegmentedRaftLogWorker.java:<init>(188)) - new 9b45c406-4ccb-4f79-99e0-7a7cfdf05c76@group-B5351F1BDAE1-SegmentedRaftLogWorker for RaftStorageImpl:Storage Directory /home/runner/work/ozone/ozone/hadoop-ozone/integration-test/target/test-dir/MiniOzoneClusterImpl-9c5b6909-9e9c-47e3-ad7a-324826695869/ozone-meta/datanode-3/ratis/c8cc83a0-a376-467e-b267-b5351f1bdae1
2025-04-24 14:04:57,289 [9b45c406-4ccb-4f79-99e0-7a7cfdf05c76-groupManagement] INFO  server.RaftServerConfigKeys (ConfUtils.java:logGet(46)) - raft.server.log.queue.byte-limit = 4294967296 (custom)
2025-04-24 14:04:57,289 [9b45c406-4ccb-4f79-99e0-7a7cfdf05c76-groupManagement] INFO  server.RaftServerConfigKeys (ConfUtils.java:logGet(46)) - raft.server.log.queue.element-limit = 1024 (custom)
2025-04-24 14:04:57,289 [9b45c406-4ccb-4f79-99e0-7a7cfdf05c76-groupManagement] INFO  server.RaftServerConfigKeys (ConfUtils.java:logGet(46)) - raft.server.log.segment.size.max = 67108864 (custom)
2025-04-24 14:04:57,289 [9b45c406-4ccb-4f79-99e0-7a7cfdf05c76-groupManagement] INFO  server.RaftServerConfigKeys (ConfUtils.java:logGet(46)) - raft.server.log.preallocated.size = 4194304 (custom)
2025-04-24 14:04:57,289 [9b45c406-4ccb-4f79-99e0-7a7cfdf05c76-groupManagement] INFO  server.RaftServerConfigKeys (ConfUtils.java:logGet(46)) - raft.server.log.force.sync.num = 128 (default)
2025-04-24 14:04:57,289 [9b45c406-4ccb-4f79-99e0-7a7cfdf05c76-groupManagement] INFO  server.RaftServerConfigKeys (ConfUtils.java:logGet(46)) - raft.server.log.statemachine.data.sync = true (default)
2025-04-24 14:04:57,289 [9b45c406-4ccb-4f79-99e0-7a7cfdf05c76-groupManagement] INFO  server.RaftServerConfigKeys (ConfUtils.java:logGet(46)) - raft.server.log.statemachine.data.sync.timeout = 10s (default)
2025-04-24 14:04:57,289 [9b45c406-4ccb-4f79-99e0-7a7cfdf05c76-groupManagement] INFO  server.RaftServerConfigKeys (ConfUtils.java:logGet(46)) - raft.server.log.statemachine.data.sync.timeout.retry = 30 (custom)
2025-04-24 14:04:57,289 [9b45c406-4ccb-4f79-99e0-7a7cfdf05c76-groupManagement] INFO  server.RaftServerConfigKeys (ConfUtils.java:logGet(46)) - raft.server.log.write.buffer.size = 33554440 (custom)
2025-04-24 14:04:57,295 [9b45c406-4ccb-4f79-99e0-7a7cfdf05c76-groupManagement] INFO  server.RaftServerConfigKeys (ConfUtils.java:logGet(46)) - raft.server.log.appender.buffer.byte-limit = 33554432 (custom)
2025-04-24 14:04:57,295 [9b45c406-4ccb-4f79-99e0-7a7cfdf05c76-groupManagement] INFO  server.RaftServerConfigKeys (ConfUtils.java:logGet(46)) - raft.server.log.unsafe-flush.enabled = false (default)
2025-04-24 14:04:57,295 [9b45c406-4ccb-4f79-99e0-7a7cfdf05c76-groupManagement] INFO  server.RaftServerConfigKeys (ConfUtils.java:logGet(46)) - raft.server.log.async-flush.enabled = false (default)
2025-04-24 14:04:57,295 [9b45c406-4ccb-4f79-99e0-7a7cfdf05c76-groupManagement] INFO  server.RaftServerConfigKeys (ConfUtils.java:logGet(46)) - raft.server.log.statemachine.data.caching.enabled = true (custom)
2025-04-24 14:04:57,295 [9b45c406-4ccb-4f79-99e0-7a7cfdf05c76-groupManagement] INFO  segmented.SegmentedRaftLogWorker (SegmentedRaftLogWorker.java:lambda$new$0(139)) - 9b45c406-4ccb-4f79-99e0-7a7cfdf05c76@group-B5351F1BDAE1-SegmentedRaftLogWorker: flushIndex: setUnconditionally 0 -> -1
2025-04-24 14:04:57,295 [9b45c406-4ccb-4f79-99e0-7a7cfdf05c76-groupManagement] INFO  segmented.SegmentedRaftLogWorker (SegmentedRaftLogWorker.java:lambda$new$0(139)) - 9b45c406-4ccb-4f79-99e0-7a7cfdf05c76@group-B5351F1BDAE1-SegmentedRaftLogWorker: safeCacheEvictIndex: setUnconditionally 0 -> -1
2025-04-24 14:04:57,295 [9b45c406-4ccb-4f79-99e0-7a7cfdf05c76-groupManagement] INFO  server.RaftServer$Division (RaftServerImpl.java:start(391)) - 9b45c406-4ccb-4f79-99e0-7a7cfdf05c76@group-B5351F1BDAE1: start as a follower, conf=conf: {index: -1, cur=peers:[45889312-f9ba-413f-bd11-bf2ed7b16685|127.0.0.1:15065, 834ba878-0480-4e5d-9f84-edbf9d71c88d|127.0.0.1:15073, 9b45c406-4ccb-4f79-99e0-7a7cfdf05c76|127.0.0.1:15081]|listeners:[], old=null}
2025-04-24 14:04:57,296 [9b45c406-4ccb-4f79-99e0-7a7cfdf05c76-groupManagement] INFO  server.RaftServer$Division (RaftServerImpl.java:setRole(378)) - 9b45c406-4ccb-4f79-99e0-7a7cfdf05c76@group-B5351F1BDAE1: changes role from      null to FOLLOWER at term 0 for startAsFollower
2025-04-24 14:04:57,296 [9b45c406-4ccb-4f79-99e0-7a7cfdf05c76-groupManagement] INFO  impl.RoleInfo (RoleInfo.java:updateAndGet(148)) - 9b45c406-4ccb-4f79-99e0-7a7cfdf05c76: start 9b45c406-4ccb-4f79-99e0-7a7cfdf05c76@group-B5351F1BDAE1-FollowerState
2025-04-24 14:04:57,296 [9b45c406-4ccb-4f79-99e0-7a7cfdf05c76-groupManagement] INFO  util.JmxRegister (JmxRegister.java:tryRegister(44)) - Successfully registered JMX Bean with object name Ratis:service=RaftServer,group=group-B5351F1BDAE1,id=9b45c406-4ccb-4f79-99e0-7a7cfdf05c76
2025-04-24 14:04:57,296 [9b45c406-4ccb-4f79-99e0-7a7cfdf05c76-groupManagement] INFO  util.JmxRegister (JmxRegister.java:register(58)) - register mxBean class org.apache.ratis.server.impl.RaftServerJmxAdapter as Ratis:service=RaftServer,group=group-B5351F1BDAE1,id=9b45c406-4ccb-4f79-99e0-7a7cfdf05c76
2025-04-24 14:04:57,296 [9b45c406-4ccb-4f79-99e0-7a7cfdf05c76@group-B5351F1BDAE1-FollowerState] INFO  server.RaftServerConfigKeys (ConfUtils.java:logGet(46)) - raft.server.rpc.first-election.timeout.min = 1000ms (custom)
2025-04-24 14:04:57,296 [9b45c406-4ccb-4f79-99e0-7a7cfdf05c76@group-B5351F1BDAE1-FollowerState] INFO  server.RaftServerConfigKeys (ConfUtils.java:logGet(46)) - raft.server.rpc.first-election.timeout.max = 1200ms (custom)
2025-04-24 14:04:57,296 [9b45c406-4ccb-4f79-99e0-7a7cfdf05c76-groupManagement] INFO  server.RaftServerConfigKeys (ConfUtils.java:logGet(46)) - raft.server.snapshot.trigger-when-stop.enabled = true (default)
2025-04-24 14:04:57,296 [9b45c406-4ccb-4f79-99e0-7a7cfdf05c76-groupManagement] INFO  server.RaftServerConfigKeys (ConfUtils.java:logGet(46)) - raft.server.snapshot.trigger-when-remove.enabled = true (default)
2025-04-24 14:04:57,296 [9b45c406-4ccb-4f79-99e0-7a7cfdf05c76-groupManagement] INFO  server.RaftServerConfigKeys (ConfUtils.java:logGet(46)) - raft.server.snapshot.auto.trigger.enabled = true (custom)
2025-04-24 14:04:57,296 [9b45c406-4ccb-4f79-99e0-7a7cfdf05c76-groupManagement] INFO  server.RaftServerConfigKeys (ConfUtils.java:logGet(46)) - raft.server.snapshot.auto.trigger.threshold = 100000 (custom)
2025-04-24 14:04:57,296 [9b45c406-4ccb-4f79-99e0-7a7cfdf05c76-groupManagement] INFO  server.RaftServerConfigKeys (ConfUtils.java:logGet(46)) - raft.server.snapshot.retention.file.num = 5 (custom)
2025-04-24 14:04:57,296 [9b45c406-4ccb-4f79-99e0-7a7cfdf05c76-groupManagement] INFO  server.RaftServerConfigKeys (ConfUtils.java:logGet(46)) - raft.server.log.purge.upto.snapshot.index = false (default)
2025-04-24 14:04:57,297 [9b45c406-4ccb-4f79-99e0-7a7cfdf05c76-groupManagement] INFO  server.RaftServer$Division (RaftServerImpl.java:start(405)) - 9b45c406-4ccb-4f79-99e0-7a7cfdf05c76@group-B5351F1BDAE1: Successfully started.
2025-04-24 14:04:57,299 [45889312-f9ba-413f-bd11-bf2ed7b16685-PipelineCommandHandlerThread-0] INFO  commandhandler.CreatePipelineCommandHandler (CreatePipelineCommandHandler.java:lambda$handle$2(128)) - Created Pipeline RATIS THREE PipelineID=c8cc83a0-a376-467e-b267-b5351f1bdae1.
2025-04-24 14:04:57,300 [45889312-f9ba-413f-bd11-bf2ed7b16685-PipelineCommandHandlerThread-0] INFO  server.RaftServer (RaftServerProxy.java:addNew(100)) - 45889312-f9ba-413f-bd11-bf2ed7b16685: addNew group-C42CEAA32394:[45889312-f9ba-413f-bd11-bf2ed7b16685|127.0.0.1:15065, 834ba878-0480-4e5d-9f84-edbf9d71c88d|127.0.0.1:15073, 9b45c406-4ccb-4f79-99e0-7a7cfdf05c76|127.0.0.1:15081] returns group-C42CEAA32394:java.util.concurrent.CompletableFuture@2562e326[Not completed]
2025-04-24 14:04:57,301 [45889312-f9ba-413f-bd11-bf2ed7b16685-groupManagement] INFO  server.RaftServer$Division (RaftServerImpl.java:<init>(255)) - 45889312-f9ba-413f-bd11-bf2ed7b16685: new RaftServerImpl for group-C42CEAA32394:[45889312-f9ba-413f-bd11-bf2ed7b16685|127.0.0.1:15065, 834ba878-0480-4e5d-9f84-edbf9d71c88d|127.0.0.1:15073, 9b45c406-4ccb-4f79-99e0-7a7cfdf05c76|127.0.0.1:15081] with ContainerStateMachine:uninitialized
2025-04-24 14:04:57,301 [45889312-f9ba-413f-bd11-bf2ed7b16685-groupManagement] INFO  server.RaftServerConfigKeys (ConfUtils.java:logGet(46)) - raft.server.rpc.timeout.min = 5s (custom)
2025-04-24 14:04:57,301 [45889312-f9ba-413f-bd11-bf2ed7b16685-groupManagement] INFO  server.RaftServerConfigKeys (ConfUtils.java:logGet(46)) - raft.server.rpc.timeout.max = 5200ms (custom)
2025-04-24 14:04:57,301 [45889312-f9ba-413f-bd11-bf2ed7b16685-groupManagement] INFO  server.RaftServerConfigKeys (ConfUtils.java:logGet(46)) - raft.server.rpc.sleep.time = 25ms (default)
2025-04-24 14:04:57,301 [45889312-f9ba-413f-bd11-bf2ed7b16685-groupManagement] INFO  server.RaftServerConfigKeys (ConfUtils.java:logGet(46)) - raft.server.rpc.slowness.timeout = 300s (custom)
2025-04-24 14:04:57,301 [45889312-f9ba-413f-bd11-bf2ed7b16685-groupManagement] INFO  server.RaftServerConfigKeys (ConfUtils.java:logGet(46)) - raft.server.leaderelection.leader.step-down.wait-time = 10s (default)
2025-04-24 14:04:57,301 [45889312-f9ba-413f-bd11-bf2ed7b16685-groupManagement] INFO  server.RaftServerConfigKeys (ConfUtils.java:logGet(46)) - raft.server.leaderelection.member.majority-add = false (default)
2025-04-24 14:04:57,301 [45889312-f9ba-413f-bd11-bf2ed7b16685-groupManagement] INFO  server.RaftServerConfigKeys (ConfUtils.java:logGet(46)) - raft.server.sleep.deviation.threshold = 300ms (default)
2025-04-24 14:04:57,301 [45889312-f9ba-413f-bd11-bf2ed7b16685-groupManagement] INFO  server.RaftServer$Division (ServerState.java:<init>(114)) - 45889312-f9ba-413f-bd11-bf2ed7b16685@group-C42CEAA32394: ConfigurationManager, init=conf: {index: -1, cur=peers:[45889312-f9ba-413f-bd11-bf2ed7b16685|127.0.0.1:15065, 834ba878-0480-4e5d-9f84-edbf9d71c88d|127.0.0.1:15073, 9b45c406-4ccb-4f79-99e0-7a7cfdf05c76|127.0.0.1:15081]|listeners:[], old=null}, confs=<EMPTY_MAP>
2025-04-24 14:04:57,301 [45889312-f9ba-413f-bd11-bf2ed7b16685-groupManagement] INFO  server.RaftServerConfigKeys (ConfUtils.java:logGet(46)) - raft.server.notification.no-leader.timeout = 300s (custom)
2025-04-24 14:04:57,301 [45889312-f9ba-413f-bd11-bf2ed7b16685-groupManagement] INFO  server.RaftServerConfigKeys (ConfUtils.java:logGet(46)) - raft.server.read.timeout = 10s (default)
2025-04-24 14:04:57,301 [45889312-f9ba-413f-bd11-bf2ed7b16685-groupManagement] INFO  server.RaftServerConfigKeys (ConfUtils.java:logGet(46)) - raft.server.retrycache.expirytime = 600000ms (custom)
2025-04-24 14:04:57,301 [45889312-f9ba-413f-bd11-bf2ed7b16685-groupManagement] INFO  server.RaftServerConfigKeys (ConfUtils.java:logGet(46)) - raft.server.retrycache.statistics.expirytime = 100ms (default)
2025-04-24 14:04:57,301 [45889312-f9ba-413f-bd11-bf2ed7b16685-groupManagement] INFO  server.RaftServerConfigKeys (ConfUtils.java:logGet(46)) - raft.server.read.option = DEFAULT (default)
2025-04-24 14:04:57,301 [45889312-f9ba-413f-bd11-bf2ed7b16685-groupManagement] INFO  server.RaftServerConfigKeys (ConfUtils.java:logGet(46)) - raft.server.read.read-after-write-consistent.write-index-cache.expiry-time = 60s (default)
2025-04-24 14:04:57,304 [45889312-f9ba-413f-bd11-bf2ed7b16685-groupManagement] INFO  server.RaftServerConfigKeys (ConfUtils.java:logGet(46)) - raft.server.rpc.request.timeout = 60s (custom)
2025-04-24 14:04:57,304 [45889312-f9ba-413f-bd11-bf2ed7b16685-groupManagement] INFO  server.RaftServerConfigKeys (ConfUtils.java:logGet(46)) - raft.server.log.appender.install.snapshot.enabled = false (custom)
2025-04-24 14:04:57,304 [45889312-f9ba-413f-bd11-bf2ed7b16685-groupManagement] INFO  server.RaftServerConfigKeys (ConfUtils.java:logGet(46)) - raft.server.threadpool.server.cached = true (default)
2025-04-24 14:04:57,304 [45889312-f9ba-413f-bd11-bf2ed7b16685-groupManagement] INFO  server.RaftServerConfigKeys (ConfUtils.java:logGet(46)) - raft.server.threadpool.server.size = 0 (default)
2025-04-24 14:04:57,304 [45889312-f9ba-413f-bd11-bf2ed7b16685-groupManagement] INFO  server.RaftServerConfigKeys (ConfUtils.java:logGet(46)) - raft.server.threadpool.client.cached = true (default)
2025-04-24 14:04:57,304 [45889312-f9ba-413f-bd11-bf2ed7b16685-groupManagement] INFO  server.RaftServerConfigKeys (ConfUtils.java:logGet(46)) - raft.server.threadpool.client.size = 0 (default)
2025-04-24 14:04:57,304 [45889312-f9ba-413f-bd11-bf2ed7b16685-groupManagement] INFO  server.RaftServerConfigKeys (ConfUtils.java:logGet(46)) - raft.server.storage.free-space.min = 0MB (=0) (default)
2025-04-24 14:04:57,304 [45889312-f9ba-413f-bd11-bf2ed7b16685-groupManagement] INFO  server.RaftServerConfigKeys (ConfUtils.java:logGet(46)) - raft.server.log.corruption.policy = EXCEPTION (default)
2025-04-24 14:04:57,304 [45889312-f9ba-413f-bd11-bf2ed7b16685-groupManagement] INFO  server.RaftServerConfigKeys (ConfUtils.java:logGet(46)) - raft.server.storage.dir = [/home/runner/work/ozone/ozone/hadoop-ozone/integration-test/target/test-dir/MiniOzoneClusterImpl-9c5b6909-9e9c-47e3-ad7a-324826695869/ozone-meta/datanode-1/ratis] (custom)
2025-04-24 14:04:57,304 [45889312-f9ba-413f-bd11-bf2ed7b16685-groupManagement] INFO  storage.RaftStorageDirectory (RaftStorageDirectoryImpl.java:analyzeStorage(138)) - The storage directory /home/runner/work/ozone/ozone/hadoop-ozone/integration-test/target/test-dir/MiniOzoneClusterImpl-9c5b6909-9e9c-47e3-ad7a-324826695869/ozone-meta/datanode-1/ratis/5b542817-2a6a-4b86-ae8b-c42ceaa32394 does not exist. Creating ...
2025-04-24 14:04:57,305 [45889312-f9ba-413f-bd11-bf2ed7b16685-groupManagement] INFO  storage.RaftStorageDirectory (RaftStorageDirectoryImpl.java:tryLock(229)) - Lock on /home/runner/work/ozone/ozone/hadoop-ozone/integration-test/target/test-dir/MiniOzoneClusterImpl-9c5b6909-9e9c-47e3-ad7a-324826695869/ozone-meta/datanode-1/ratis/5b542817-2a6a-4b86-ae8b-c42ceaa32394/in_use.lock acquired by nodename 129728@fv-az2210-761
2025-04-24 14:04:57,306 [45889312-f9ba-413f-bd11-bf2ed7b16685-groupManagement] INFO  storage.RaftStorage (RaftStorageImpl.java:format(98)) - Storage directory /home/runner/work/ozone/ozone/hadoop-ozone/integration-test/target/test-dir/MiniOzoneClusterImpl-9c5b6909-9e9c-47e3-ad7a-324826695869/ozone-meta/datanode-1/ratis/5b542817-2a6a-4b86-ae8b-c42ceaa32394 has been successfully formatted.
2025-04-24 14:04:57,307 [45889312-f9ba-413f-bd11-bf2ed7b16685-groupManagement] INFO  ratis.ContainerStateMachine (ContainerStateMachine.java:initialize(339)) - 45889312-f9ba-413f-bd11-bf2ed7b16685: initialize group-C42CEAA32394
2025-04-24 14:04:57,307 [45889312-f9ba-413f-bd11-bf2ed7b16685-groupManagement] INFO  ratis.ContainerStateMachine (ContainerStateMachine.java:loadSnapshot(347)) - group-C42CEAA32394: The snapshot info is null. Setting the last applied index to:(t:0, i:~)
2025-04-24 14:04:57,307 [45889312-f9ba-413f-bd11-bf2ed7b16685-groupManagement] INFO  server.RaftServerConfigKeys (ConfUtils.java:logGet(46)) - raft.server.log.use.memory = false (default)
2025-04-24 14:04:57,307 [45889312-f9ba-413f-bd11-bf2ed7b16685-groupManagement] INFO  server.RaftServerConfigKeys (ConfUtils.java:logGet(46)) - raft.server.log.purge.gap = 1000000 (custom)
2025-04-24 14:04:57,307 [45889312-f9ba-413f-bd11-bf2ed7b16685-groupManagement] INFO  server.RaftServerConfigKeys (ConfUtils.java:logGet(46)) - raft.server.log.appender.buffer.byte-limit = 33554432 (custom)
2025-04-24 14:04:57,307 [45889312-f9ba-413f-bd11-bf2ed7b16685-groupManagement] INFO  server.RaftServerConfigKeys (ConfUtils.java:logGet(46)) - raft.server.log.statemachine.data.read.timeout = 1000ms (default)
2025-04-24 14:04:57,307 [45889312-f9ba-413f-bd11-bf2ed7b16685-groupManagement] INFO  server.RaftServerConfigKeys (ConfUtils.java:logGet(46)) - raft.server.log.purge.preservation.log.num = 0 (default)
2025-04-24 14:04:57,308 [EventQueue-OpenPipelineForHealthyPipelineSafeModeRule] INFO  safemode.SCMSafeModeManager (HealthyPipelineSafeModeRule.java:process(141)) - SCM in safe mode. Healthy pipelines reported count is 0, required healthy pipeline reported count is 1
2025-04-24 14:04:57,308 [45889312-f9ba-413f-bd11-bf2ed7b16685-groupManagement] INFO  server.RaftServerConfigKeys (ConfUtils.java:logGet(46)) - raft.server.log.segment.size.max = 67108864 (custom)
2025-04-24 14:04:57,308 [45889312-f9ba-413f-bd11-bf2ed7b16685-groupManagement] INFO  server.RaftServerConfigKeys (ConfUtils.java:logGet(46)) - raft.server.log.segment.cache.num.max = 2 (custom)
2025-04-24 14:04:57,308 [45889312-f9ba-413f-bd11-bf2ed7b16685-groupManagement] INFO  server.RaftServerConfigKeys (ConfUtils.java:logGet(46)) - raft.server.log.segment.cache.size.max = 200MB (=209715200) (default)
2025-04-24 14:04:57,308 [45889312-f9ba-413f-bd11-bf2ed7b16685-groupManagement] INFO  server.RaftServerConfigKeys (ConfUtils.java:logGet(46)) - raft.server.log.appender.buffer.byte-limit = 33554432 (custom)
2025-04-24 14:04:57,308 [45889312-f9ba-413f-bd11-bf2ed7b16685-groupManagement] INFO  util.AwaitToRun (AwaitToRun.java:start(81)) - Thread[#9052,45889312-f9ba-413f-bd11-bf2ed7b16685@group-C42CEAA32394-cacheEviction-AwaitToRun,5,main] started
2025-04-24 14:04:57,309 [45889312-f9ba-413f-bd11-bf2ed7b16685-groupManagement] INFO  segmented.SegmentedRaftLogWorker (SegmentedRaftLogWorker.java:<init>(188)) - new 45889312-f9ba-413f-bd11-bf2ed7b16685@group-C42CEAA32394-SegmentedRaftLogWorker for RaftStorageImpl:Storage Directory /home/runner/work/ozone/ozone/hadoop-ozone/integration-test/target/test-dir/MiniOzoneClusterImpl-9c5b6909-9e9c-47e3-ad7a-324826695869/ozone-meta/datanode-1/ratis/5b542817-2a6a-4b86-ae8b-c42ceaa32394
2025-04-24 14:04:57,309 [45889312-f9ba-413f-bd11-bf2ed7b16685-groupManagement] INFO  server.RaftServerConfigKeys (ConfUtils.java:logGet(46)) - raft.server.log.queue.byte-limit = 4294967296 (custom)
2025-04-24 14:04:57,309 [45889312-f9ba-413f-bd11-bf2ed7b16685-groupManagement] INFO  server.RaftServerConfigKeys (ConfUtils.java:logGet(46)) - raft.server.log.queue.element-limit = 1024 (custom)
2025-04-24 14:04:57,309 [45889312-f9ba-413f-bd11-bf2ed7b16685-groupManagement] INFO  server.RaftServerConfigKeys (ConfUtils.java:logGet(46)) - raft.server.log.segment.size.max = 67108864 (custom)
2025-04-24 14:04:57,309 [45889312-f9ba-413f-bd11-bf2ed7b16685-groupManagement] INFO  server.RaftServerConfigKeys (ConfUtils.java:logGet(46)) - raft.server.log.preallocated.size = 4194304 (custom)
2025-04-24 14:04:57,309 [45889312-f9ba-413f-bd11-bf2ed7b16685-groupManagement] INFO  server.RaftServerConfigKeys (ConfUtils.java:logGet(46)) - raft.server.log.force.sync.num = 128 (default)
2025-04-24 14:04:57,309 [45889312-f9ba-413f-bd11-bf2ed7b16685-groupManagement] INFO  server.RaftServerConfigKeys (ConfUtils.java:logGet(46)) - raft.server.log.statemachine.data.sync = true (default)
2025-04-24 14:04:57,309 [45889312-f9ba-413f-bd11-bf2ed7b16685-groupManagement] INFO  server.RaftServerConfigKeys (ConfUtils.java:logGet(46)) - raft.server.log.statemachine.data.sync.timeout = 10s (default)
2025-04-24 14:04:57,309 [45889312-f9ba-413f-bd11-bf2ed7b16685-groupManagement] INFO  server.RaftServerConfigKeys (ConfUtils.java:logGet(46)) - raft.server.log.statemachine.data.sync.timeout.retry = 30 (custom)
2025-04-24 14:04:57,309 [45889312-f9ba-413f-bd11-bf2ed7b16685-groupManagement] INFO  server.RaftServerConfigKeys (ConfUtils.java:logGet(46)) - raft.server.log.write.buffer.size = 33554440 (custom)
2025-04-24 14:04:57,314 [45889312-f9ba-413f-bd11-bf2ed7b16685-groupManagement] INFO  server.RaftServerConfigKeys (ConfUtils.java:logGet(46)) - raft.server.log.appender.buffer.byte-limit = 33554432 (custom)
2025-04-24 14:04:57,314 [45889312-f9ba-413f-bd11-bf2ed7b16685-groupManagement] INFO  server.RaftServerConfigKeys (ConfUtils.java:logGet(46)) - raft.server.log.unsafe-flush.enabled = false (default)
2025-04-24 14:04:57,314 [45889312-f9ba-413f-bd11-bf2ed7b16685-groupManagement] INFO  server.RaftServerConfigKeys (ConfUtils.java:logGet(46)) - raft.server.log.async-flush.enabled = false (default)
2025-04-24 14:04:57,314 [45889312-f9ba-413f-bd11-bf2ed7b16685-groupManagement] INFO  server.RaftServerConfigKeys (ConfUtils.java:logGet(46)) - raft.server.log.statemachine.data.caching.enabled = true (custom)
2025-04-24 14:04:57,314 [45889312-f9ba-413f-bd11-bf2ed7b16685-groupManagement] INFO  segmented.SegmentedRaftLogWorker (SegmentedRaftLogWorker.java:lambda$new$0(139)) - 45889312-f9ba-413f-bd11-bf2ed7b16685@group-C42CEAA32394-SegmentedRaftLogWorker: flushIndex: setUnconditionally 0 -> -1
2025-04-24 14:04:57,314 [45889312-f9ba-413f-bd11-bf2ed7b16685-groupManagement] INFO  segmented.SegmentedRaftLogWorker (SegmentedRaftLogWorker.java:lambda$new$0(139)) - 45889312-f9ba-413f-bd11-bf2ed7b16685@group-C42CEAA32394-SegmentedRaftLogWorker: safeCacheEvictIndex: setUnconditionally 0 -> -1
2025-04-24 14:04:57,315 [45889312-f9ba-413f-bd11-bf2ed7b16685-groupManagement] INFO  server.RaftServer$Division (RaftServerImpl.java:start(391)) - 45889312-f9ba-413f-bd11-bf2ed7b16685@group-C42CEAA32394: start as a follower, conf=conf: {index: -1, cur=peers:[45889312-f9ba-413f-bd11-bf2ed7b16685|127.0.0.1:15065, 834ba878-0480-4e5d-9f84-edbf9d71c88d|127.0.0.1:15073, 9b45c406-4ccb-4f79-99e0-7a7cfdf05c76|127.0.0.1:15081]|listeners:[], old=null}
2025-04-24 14:04:57,315 [45889312-f9ba-413f-bd11-bf2ed7b16685-groupManagement] INFO  server.RaftServer$Division (RaftServerImpl.java:setRole(378)) - 45889312-f9ba-413f-bd11-bf2ed7b16685@group-C42CEAA32394: changes role from      null to FOLLOWER at term 0 for startAsFollower
2025-04-24 14:04:57,315 [45889312-f9ba-413f-bd11-bf2ed7b16685-groupManagement] INFO  impl.RoleInfo (RoleInfo.java:updateAndGet(148)) - 45889312-f9ba-413f-bd11-bf2ed7b16685: start 45889312-f9ba-413f-bd11-bf2ed7b16685@group-C42CEAA32394-FollowerState
2025-04-24 14:04:57,315 [45889312-f9ba-413f-bd11-bf2ed7b16685-groupManagement] INFO  util.JmxRegister (JmxRegister.java:tryRegister(44)) - Successfully registered JMX Bean with object name Ratis:service=RaftServer,group=group-C42CEAA32394,id=45889312-f9ba-413f-bd11-bf2ed7b16685
2025-04-24 14:04:57,315 [45889312-f9ba-413f-bd11-bf2ed7b16685-groupManagement] INFO  util.JmxRegister (JmxRegister.java:register(58)) - register mxBean class org.apache.ratis.server.impl.RaftServerJmxAdapter as Ratis:service=RaftServer,group=group-C42CEAA32394,id=45889312-f9ba-413f-bd11-bf2ed7b16685
2025-04-24 14:04:57,315 [45889312-f9ba-413f-bd11-bf2ed7b16685-groupManagement] INFO  server.RaftServerConfigKeys (ConfUtils.java:logGet(46)) - raft.server.snapshot.trigger-when-stop.enabled = true (default)
2025-04-24 14:04:57,315 [45889312-f9ba-413f-bd11-bf2ed7b16685-groupManagement] INFO  server.RaftServerConfigKeys (ConfUtils.java:logGet(46)) - raft.server.snapshot.trigger-when-remove.enabled = true (default)
2025-04-24 14:04:57,315 [45889312-f9ba-413f-bd11-bf2ed7b16685-groupManagement] INFO  server.RaftServerConfigKeys (ConfUtils.java:logGet(46)) - raft.server.snapshot.auto.trigger.enabled = true (custom)
2025-04-24 14:04:57,315 [45889312-f9ba-413f-bd11-bf2ed7b16685-groupManagement] INFO  server.RaftServerConfigKeys (ConfUtils.java:logGet(46)) - raft.server.snapshot.auto.trigger.threshold = 100000 (custom)
2025-04-24 14:04:57,315 [45889312-f9ba-413f-bd11-bf2ed7b16685-groupManagement] INFO  server.RaftServerConfigKeys (ConfUtils.java:logGet(46)) - raft.server.snapshot.retention.file.num = 5 (custom)
2025-04-24 14:04:57,315 [45889312-f9ba-413f-bd11-bf2ed7b16685-groupManagement] INFO  server.RaftServerConfigKeys (ConfUtils.java:logGet(46)) - raft.server.log.purge.upto.snapshot.index = false (default)
2025-04-24 14:04:57,316 [45889312-f9ba-413f-bd11-bf2ed7b16685@group-C42CEAA32394-FollowerState] INFO  server.RaftServerConfigKeys (ConfUtils.java:logGet(46)) - raft.server.rpc.first-election.timeout.min = 1000ms (custom)
2025-04-24 14:04:57,316 [45889312-f9ba-413f-bd11-bf2ed7b16685@group-C42CEAA32394-FollowerState] INFO  server.RaftServerConfigKeys (ConfUtils.java:logGet(46)) - raft.server.rpc.first-election.timeout.max = 1200ms (custom)
2025-04-24 14:04:57,316 [45889312-f9ba-413f-bd11-bf2ed7b16685-groupManagement] INFO  server.RaftServer$Division (RaftServerImpl.java:start(405)) - 45889312-f9ba-413f-bd11-bf2ed7b16685@group-C42CEAA32394: Successfully started.
2025-04-24 14:04:57,316 [45889312-f9ba-413f-bd11-bf2ed7b16685-PipelineCommandHandlerThread-0] INFO  ratis.XceiverServerRatis (XceiverServerRatis.java:addGroup(842)) - Created group PipelineID=5b542817-2a6a-4b86-ae8b-c42ceaa32394
2025-04-24 14:04:57,321 [grpc-default-executor-0] INFO  server.RaftServer (RaftServerProxy.java:addNew(100)) - 834ba878-0480-4e5d-9f84-edbf9d71c88d: addNew group-C42CEAA32394:[45889312-f9ba-413f-bd11-bf2ed7b16685|127.0.0.1:15065, 834ba878-0480-4e5d-9f84-edbf9d71c88d|127.0.0.1:15073, 9b45c406-4ccb-4f79-99e0-7a7cfdf05c76|127.0.0.1:15081] returns group-C42CEAA32394:java.util.concurrent.CompletableFuture@2a7208c9[Not completed]
2025-04-24 14:04:57,322 [834ba878-0480-4e5d-9f84-edbf9d71c88d-groupManagement] INFO  server.RaftServer$Division (RaftServerImpl.java:<init>(255)) - 834ba878-0480-4e5d-9f84-edbf9d71c88d: new RaftServerImpl for group-C42CEAA32394:[45889312-f9ba-413f-bd11-bf2ed7b16685|127.0.0.1:15065, 834ba878-0480-4e5d-9f84-edbf9d71c88d|127.0.0.1:15073, 9b45c406-4ccb-4f79-99e0-7a7cfdf05c76|127.0.0.1:15081] with ContainerStateMachine:uninitialized
2025-04-24 14:04:57,322 [834ba878-0480-4e5d-9f84-edbf9d71c88d-groupManagement] INFO  server.RaftServerConfigKeys (ConfUtils.java:logGet(46)) - raft.server.rpc.timeout.min = 5s (custom)
2025-04-24 14:04:57,322 [834ba878-0480-4e5d-9f84-edbf9d71c88d-groupManagement] INFO  server.RaftServerConfigKeys (ConfUtils.java:logGet(46)) - raft.server.rpc.timeout.max = 5200ms (custom)
2025-04-24 14:04:57,322 [834ba878-0480-4e5d-9f84-edbf9d71c88d-groupManagement] INFO  server.RaftServerConfigKeys (ConfUtils.java:logGet(46)) - raft.server.rpc.sleep.time = 25ms (default)
2025-04-24 14:04:57,322 [834ba878-0480-4e5d-9f84-edbf9d71c88d-groupManagement] INFO  server.RaftServerConfigKeys (ConfUtils.java:logGet(46)) - raft.server.rpc.slowness.timeout = 300s (custom)
2025-04-24 14:04:57,322 [834ba878-0480-4e5d-9f84-edbf9d71c88d-groupManagement] INFO  server.RaftServerConfigKeys (ConfUtils.java:logGet(46)) - raft.server.leaderelection.leader.step-down.wait-time = 10s (default)
2025-04-24 14:04:57,322 [834ba878-0480-4e5d-9f84-edbf9d71c88d-groupManagement] INFO  server.RaftServerConfigKeys (ConfUtils.java:logGet(46)) - raft.server.leaderelection.member.majority-add = false (default)
2025-04-24 14:04:57,322 [834ba878-0480-4e5d-9f84-edbf9d71c88d-groupManagement] INFO  server.RaftServerConfigKeys (ConfUtils.java:logGet(46)) - raft.server.sleep.deviation.threshold = 300ms (default)
2025-04-24 14:04:57,322 [834ba878-0480-4e5d-9f84-edbf9d71c88d-groupManagement] INFO  server.RaftServer$Division (ServerState.java:<init>(114)) - 834ba878-0480-4e5d-9f84-edbf9d71c88d@group-C42CEAA32394: ConfigurationManager, init=conf: {index: -1, cur=peers:[45889312-f9ba-413f-bd11-bf2ed7b16685|127.0.0.1:15065, 834ba878-0480-4e5d-9f84-edbf9d71c88d|127.0.0.1:15073, 9b45c406-4ccb-4f79-99e0-7a7cfdf05c76|127.0.0.1:15081]|listeners:[], old=null}, confs=<EMPTY_MAP>
2025-04-24 14:04:57,322 [834ba878-0480-4e5d-9f84-edbf9d71c88d-groupManagement] INFO  server.RaftServerConfigKeys (ConfUtils.java:logGet(46)) - raft.server.notification.no-leader.timeout = 300s (custom)
2025-04-24 14:04:57,322 [834ba878-0480-4e5d-9f84-edbf9d71c88d-groupManagement] INFO  server.RaftServerConfigKeys (ConfUtils.java:logGet(46)) - raft.server.read.timeout = 10s (default)
2025-04-24 14:04:57,322 [834ba878-0480-4e5d-9f84-edbf9d71c88d-groupManagement] INFO  server.RaftServerConfigKeys (ConfUtils.java:logGet(46)) - raft.server.retrycache.expirytime = 600000ms (custom)
2025-04-24 14:04:57,322 [834ba878-0480-4e5d-9f84-edbf9d71c88d-groupManagement] INFO  server.RaftServerConfigKeys (ConfUtils.java:logGet(46)) - raft.server.retrycache.statistics.expirytime = 100ms (default)
2025-04-24 14:04:57,322 [834ba878-0480-4e5d-9f84-edbf9d71c88d-groupManagement] INFO  server.RaftServerConfigKeys (ConfUtils.java:logGet(46)) - raft.server.read.option = DEFAULT (default)
2025-04-24 14:04:57,322 [834ba878-0480-4e5d-9f84-edbf9d71c88d-groupManagement] INFO  server.RaftServerConfigKeys (ConfUtils.java:logGet(46)) - raft.server.read.read-after-write-consistent.write-index-cache.expiry-time = 60s (default)
2025-04-24 14:04:57,324 [834ba878-0480-4e5d-9f84-edbf9d71c88d-groupManagement] INFO  server.RaftServerConfigKeys (ConfUtils.java:logGet(46)) - raft.server.rpc.request.timeout = 60s (custom)
2025-04-24 14:04:57,324 [834ba878-0480-4e5d-9f84-edbf9d71c88d-groupManagement] INFO  server.RaftServerConfigKeys (ConfUtils.java:logGet(46)) - raft.server.log.appender.install.snapshot.enabled = false (custom)
2025-04-24 14:04:57,324 [834ba878-0480-4e5d-9f84-edbf9d71c88d-groupManagement] INFO  server.RaftServerConfigKeys (ConfUtils.java:logGet(46)) - raft.server.threadpool.server.cached = true (default)
2025-04-24 14:04:57,324 [834ba878-0480-4e5d-9f84-edbf9d71c88d-groupManagement] INFO  server.RaftServerConfigKeys (ConfUtils.java:logGet(46)) - raft.server.threadpool.server.size = 0 (default)
2025-04-24 14:04:57,324 [834ba878-0480-4e5d-9f84-edbf9d71c88d-groupManagement] INFO  server.RaftServerConfigKeys (ConfUtils.java:logGet(46)) - raft.server.threadpool.client.cached = true (default)
2025-04-24 14:04:57,324 [834ba878-0480-4e5d-9f84-edbf9d71c88d-groupManagement] INFO  server.RaftServerConfigKeys (ConfUtils.java:logGet(46)) - raft.server.threadpool.client.size = 0 (default)
2025-04-24 14:04:57,325 [834ba878-0480-4e5d-9f84-edbf9d71c88d-groupManagement] INFO  server.RaftServerConfigKeys (ConfUtils.java:logGet(46)) - raft.server.storage.free-space.min = 0MB (=0) (default)
2025-04-24 14:04:57,325 [834ba878-0480-4e5d-9f84-edbf9d71c88d-groupManagement] INFO  server.RaftServerConfigKeys (ConfUtils.java:logGet(46)) - raft.server.log.corruption.policy = EXCEPTION (default)
2025-04-24 14:04:57,325 [834ba878-0480-4e5d-9f84-edbf9d71c88d-groupManagement] INFO  server.RaftServerConfigKeys (ConfUtils.java:logGet(46)) - raft.server.storage.dir = [/home/runner/work/ozone/ozone/hadoop-ozone/integration-test/target/test-dir/MiniOzoneClusterImpl-9c5b6909-9e9c-47e3-ad7a-324826695869/ozone-meta/datanode-2/ratis] (custom)
2025-04-24 14:04:57,325 [834ba878-0480-4e5d-9f84-edbf9d71c88d-groupManagement] INFO  storage.RaftStorageDirectory (RaftStorageDirectoryImpl.java:analyzeStorage(138)) - The storage directory /home/runner/work/ozone/ozone/hadoop-ozone/integration-test/target/test-dir/MiniOzoneClusterImpl-9c5b6909-9e9c-47e3-ad7a-324826695869/ozone-meta/datanode-2/ratis/5b542817-2a6a-4b86-ae8b-c42ceaa32394 does not exist. Creating ...
2025-04-24 14:04:57,326 [834ba878-0480-4e5d-9f84-edbf9d71c88d-groupManagement] INFO  storage.RaftStorageDirectory (RaftStorageDirectoryImpl.java:tryLock(229)) - Lock on /home/runner/work/ozone/ozone/hadoop-ozone/integration-test/target/test-dir/MiniOzoneClusterImpl-9c5b6909-9e9c-47e3-ad7a-324826695869/ozone-meta/datanode-2/ratis/5b542817-2a6a-4b86-ae8b-c42ceaa32394/in_use.lock acquired by nodename 129728@fv-az2210-761
2025-04-24 14:04:57,327 [834ba878-0480-4e5d-9f84-edbf9d71c88d-groupManagement] INFO  storage.RaftStorage (RaftStorageImpl.java:format(98)) - Storage directory /home/runner/work/ozone/ozone/hadoop-ozone/integration-test/target/test-dir/MiniOzoneClusterImpl-9c5b6909-9e9c-47e3-ad7a-324826695869/ozone-meta/datanode-2/ratis/5b542817-2a6a-4b86-ae8b-c42ceaa32394 has been successfully formatted.
2025-04-24 14:04:57,327 [834ba878-0480-4e5d-9f84-edbf9d71c88d-groupManagement] INFO  ratis.ContainerStateMachine (ContainerStateMachine.java:initialize(339)) - 834ba878-0480-4e5d-9f84-edbf9d71c88d: initialize group-C42CEAA32394
2025-04-24 14:04:57,327 [834ba878-0480-4e5d-9f84-edbf9d71c88d-groupManagement] INFO  ratis.ContainerStateMachine (ContainerStateMachine.java:loadSnapshot(347)) - group-C42CEAA32394: The snapshot info is null. Setting the last applied index to:(t:0, i:~)
2025-04-24 14:04:57,327 [834ba878-0480-4e5d-9f84-edbf9d71c88d-groupManagement] INFO  server.RaftServerConfigKeys (ConfUtils.java:logGet(46)) - raft.server.log.use.memory = false (default)
2025-04-24 14:04:57,327 [834ba878-0480-4e5d-9f84-edbf9d71c88d-groupManagement] INFO  server.RaftServerConfigKeys (ConfUtils.java:logGet(46)) - raft.server.log.purge.gap = 1000000 (custom)
2025-04-24 14:04:57,328 [834ba878-0480-4e5d-9f84-edbf9d71c88d-groupManagement] INFO  server.RaftServerConfigKeys (ConfUtils.java:logGet(46)) - raft.server.log.appender.buffer.byte-limit = 33554432 (custom)
2025-04-24 14:04:57,328 [834ba878-0480-4e5d-9f84-edbf9d71c88d-groupManagement] INFO  server.RaftServerConfigKeys (ConfUtils.java:logGet(46)) - raft.server.log.statemachine.data.read.timeout = 1000ms (default)
2025-04-24 14:04:57,328 [834ba878-0480-4e5d-9f84-edbf9d71c88d-groupManagement] INFO  server.RaftServerConfigKeys (ConfUtils.java:logGet(46)) - raft.server.log.purge.preservation.log.num = 0 (default)
2025-04-24 14:04:57,329 [834ba878-0480-4e5d-9f84-edbf9d71c88d-groupManagement] INFO  server.RaftServerConfigKeys (ConfUtils.java:logGet(46)) - raft.server.log.segment.size.max = 67108864 (custom)
2025-04-24 14:04:57,329 [834ba878-0480-4e5d-9f84-edbf9d71c88d-groupManagement] INFO  server.RaftServerConfigKeys (ConfUtils.java:logGet(46)) - raft.server.log.segment.cache.num.max = 2 (custom)
2025-04-24 14:04:57,329 [834ba878-0480-4e5d-9f84-edbf9d71c88d-groupManagement] INFO  server.RaftServerConfigKeys (ConfUtils.java:logGet(46)) - raft.server.log.segment.cache.size.max = 200MB (=209715200) (default)
2025-04-24 14:04:57,329 [834ba878-0480-4e5d-9f84-edbf9d71c88d-groupManagement] INFO  server.RaftServerConfigKeys (ConfUtils.java:logGet(46)) - raft.server.log.appender.buffer.byte-limit = 33554432 (custom)
2025-04-24 14:04:57,330 [834ba878-0480-4e5d-9f84-edbf9d71c88d-groupManagement] INFO  util.AwaitToRun (AwaitToRun.java:start(81)) - Thread[#9056,834ba878-0480-4e5d-9f84-edbf9d71c88d@group-C42CEAA32394-cacheEviction-AwaitToRun,5,main] started
2025-04-24 14:04:57,330 [834ba878-0480-4e5d-9f84-edbf9d71c88d-groupManagement] INFO  segmented.SegmentedRaftLogWorker (SegmentedRaftLogWorker.java:<init>(188)) - new 834ba878-0480-4e5d-9f84-edbf9d71c88d@group-C42CEAA32394-SegmentedRaftLogWorker for RaftStorageImpl:Storage Directory /home/runner/work/ozone/ozone/hadoop-ozone/integration-test/target/test-dir/MiniOzoneClusterImpl-9c5b6909-9e9c-47e3-ad7a-324826695869/ozone-meta/datanode-2/ratis/5b542817-2a6a-4b86-ae8b-c42ceaa32394
2025-04-24 14:04:57,330 [834ba878-0480-4e5d-9f84-edbf9d71c88d-groupManagement] INFO  server.RaftServerConfigKeys (ConfUtils.java:logGet(46)) - raft.server.log.queue.byte-limit = 4294967296 (custom)
2025-04-24 14:04:57,330 [834ba878-0480-4e5d-9f84-edbf9d71c88d-groupManagement] INFO  server.RaftServerConfigKeys (ConfUtils.java:logGet(46)) - raft.server.log.queue.element-limit = 1024 (custom)
2025-04-24 14:04:57,330 [834ba878-0480-4e5d-9f84-edbf9d71c88d-groupManagement] INFO  server.RaftServerConfigKeys (ConfUtils.java:logGet(46)) - raft.server.log.segment.size.max = 67108864 (custom)
2025-04-24 14:04:57,330 [834ba878-0480-4e5d-9f84-edbf9d71c88d-groupManagement] INFO  server.RaftServerConfigKeys (ConfUtils.java:logGet(46)) - raft.server.log.preallocated.size = 4194304 (custom)
2025-04-24 14:04:57,330 [834ba878-0480-4e5d-9f84-edbf9d71c88d-groupManagement] INFO  server.RaftServerConfigKeys (ConfUtils.java:logGet(46)) - raft.server.log.force.sync.num = 128 (default)
2025-04-24 14:04:57,330 [834ba878-0480-4e5d-9f84-edbf9d71c88d-groupManagement] INFO  server.RaftServerConfigKeys (ConfUtils.java:logGet(46)) - raft.server.log.statemachine.data.sync = true (default)
2025-04-24 14:04:57,330 [834ba878-0480-4e5d-9f84-edbf9d71c88d-groupManagement] INFO  server.RaftServerConfigKeys (ConfUtils.java:logGet(46)) - raft.server.log.statemachine.data.sync.timeout = 10s (default)
2025-04-24 14:04:57,330 [834ba878-0480-4e5d-9f84-edbf9d71c88d-groupManagement] INFO  server.RaftServerConfigKeys (ConfUtils.java:logGet(46)) - raft.server.log.statemachine.data.sync.timeout.retry = 30 (custom)
2025-04-24 14:04:57,330 [834ba878-0480-4e5d-9f84-edbf9d71c88d-groupManagement] INFO  server.RaftServerConfigKeys (ConfUtils.java:logGet(46)) - raft.server.log.write.buffer.size = 33554440 (custom)
2025-04-24 14:04:57,336 [834ba878-0480-4e5d-9f84-edbf9d71c88d-groupManagement] INFO  server.RaftServerConfigKeys (ConfUtils.java:logGet(46)) - raft.server.log.appender.buffer.byte-limit = 33554432 (custom)
2025-04-24 14:04:57,336 [834ba878-0480-4e5d-9f84-edbf9d71c88d-groupManagement] INFO  server.RaftServerConfigKeys (ConfUtils.java:logGet(46)) - raft.server.log.unsafe-flush.enabled = false (default)
2025-04-24 14:04:57,336 [834ba878-0480-4e5d-9f84-edbf9d71c88d-groupManagement] INFO  server.RaftServerConfigKeys (ConfUtils.java:logGet(46)) - raft.server.log.async-flush.enabled = false (default)
2025-04-24 14:04:57,336 [834ba878-0480-4e5d-9f84-edbf9d71c88d-groupManagement] INFO  server.RaftServerConfigKeys (ConfUtils.java:logGet(46)) - raft.server.log.statemachine.data.caching.enabled = true (custom)
2025-04-24 14:04:57,336 [834ba878-0480-4e5d-9f84-edbf9d71c88d-groupManagement] INFO  segmented.SegmentedRaftLogWorker (SegmentedRaftLogWorker.java:lambda$new$0(139)) - 834ba878-0480-4e5d-9f84-edbf9d71c88d@group-C42CEAA32394-SegmentedRaftLogWorker: flushIndex: setUnconditionally 0 -> -1
2025-04-24 14:04:57,336 [834ba878-0480-4e5d-9f84-edbf9d71c88d-groupManagement] INFO  segmented.SegmentedRaftLogWorker (SegmentedRaftLogWorker.java:lambda$new$0(139)) - 834ba878-0480-4e5d-9f84-edbf9d71c88d@group-C42CEAA32394-SegmentedRaftLogWorker: safeCacheEvictIndex: setUnconditionally 0 -> -1
2025-04-24 14:04:57,337 [834ba878-0480-4e5d-9f84-edbf9d71c88d-groupManagement] INFO  server.RaftServer$Division (RaftServerImpl.java:start(391)) - 834ba878-0480-4e5d-9f84-edbf9d71c88d@group-C42CEAA32394: start as a follower, conf=conf: {index: -1, cur=peers:[45889312-f9ba-413f-bd11-bf2ed7b16685|127.0.0.1:15065, 834ba878-0480-4e5d-9f84-edbf9d71c88d|127.0.0.1:15073, 9b45c406-4ccb-4f79-99e0-7a7cfdf05c76|127.0.0.1:15081]|listeners:[], old=null}
2025-04-24 14:04:57,337 [834ba878-0480-4e5d-9f84-edbf9d71c88d-groupManagement] INFO  server.RaftServer$Division (RaftServerImpl.java:setRole(378)) - 834ba878-0480-4e5d-9f84-edbf9d71c88d@group-C42CEAA32394: changes role from      null to FOLLOWER at term 0 for startAsFollower
2025-04-24 14:04:57,337 [834ba878-0480-4e5d-9f84-edbf9d71c88d-groupManagement] INFO  impl.RoleInfo (RoleInfo.java:updateAndGet(148)) - 834ba878-0480-4e5d-9f84-edbf9d71c88d: start 834ba878-0480-4e5d-9f84-edbf9d71c88d@group-C42CEAA32394-FollowerState
2025-04-24 14:04:57,338 [834ba878-0480-4e5d-9f84-edbf9d71c88d-groupManagement] INFO  util.JmxRegister (JmxRegister.java:tryRegister(44)) - Successfully registered JMX Bean with object name Ratis:service=RaftServer,group=group-C42CEAA32394,id=834ba878-0480-4e5d-9f84-edbf9d71c88d
2025-04-24 14:04:57,338 [834ba878-0480-4e5d-9f84-edbf9d71c88d-groupManagement] INFO  util.JmxRegister (JmxRegister.java:register(58)) - register mxBean class org.apache.ratis.server.impl.RaftServerJmxAdapter as Ratis:service=RaftServer,group=group-C42CEAA32394,id=834ba878-0480-4e5d-9f84-edbf9d71c88d
2025-04-24 14:04:57,338 [834ba878-0480-4e5d-9f84-edbf9d71c88d@group-C42CEAA32394-FollowerState] INFO  server.RaftServerConfigKeys (ConfUtils.java:logGet(46)) - raft.server.rpc.first-election.timeout.min = 1000ms (custom)
2025-04-24 14:04:57,338 [834ba878-0480-4e5d-9f84-edbf9d71c88d@group-C42CEAA32394-FollowerState] INFO  server.RaftServerConfigKeys (ConfUtils.java:logGet(46)) - raft.server.rpc.first-election.timeout.max = 1200ms (custom)
2025-04-24 14:04:57,338 [834ba878-0480-4e5d-9f84-edbf9d71c88d-groupManagement] INFO  server.RaftServerConfigKeys (ConfUtils.java:logGet(46)) - raft.server.snapshot.trigger-when-stop.enabled = true (default)
2025-04-24 14:04:57,339 [834ba878-0480-4e5d-9f84-edbf9d71c88d-groupManagement] INFO  server.RaftServerConfigKeys (ConfUtils.java:logGet(46)) - raft.server.snapshot.trigger-when-remove.enabled = true (default)
2025-04-24 14:04:57,339 [834ba878-0480-4e5d-9f84-edbf9d71c88d-groupManagement] INFO  server.RaftServerConfigKeys (ConfUtils.java:logGet(46)) - raft.server.snapshot.auto.trigger.enabled = true (custom)
2025-04-24 14:04:57,339 [834ba878-0480-4e5d-9f84-edbf9d71c88d-groupManagement] INFO  server.RaftServerConfigKeys (ConfUtils.java:logGet(46)) - raft.server.snapshot.auto.trigger.threshold = 100000 (custom)
2025-04-24 14:04:57,339 [834ba878-0480-4e5d-9f84-edbf9d71c88d-groupManagement] INFO  server.RaftServerConfigKeys (ConfUtils.java:logGet(46)) - raft.server.snapshot.retention.file.num = 5 (custom)
2025-04-24 14:04:57,339 [834ba878-0480-4e5d-9f84-edbf9d71c88d-groupManagement] INFO  server.RaftServerConfigKeys (ConfUtils.java:logGet(46)) - raft.server.log.purge.upto.snapshot.index = false (default)
2025-04-24 14:04:57,341 [834ba878-0480-4e5d-9f84-edbf9d71c88d-groupManagement] INFO  server.RaftServer$Division (RaftServerImpl.java:start(405)) - 834ba878-0480-4e5d-9f84-edbf9d71c88d@group-C42CEAA32394: Successfully started.
2025-04-24 14:04:57,348 [grpc-default-executor-4] INFO  server.RaftServer (RaftServerProxy.java:addNew(100)) - 9b45c406-4ccb-4f79-99e0-7a7cfdf05c76: addNew group-C42CEAA32394:[45889312-f9ba-413f-bd11-bf2ed7b16685|127.0.0.1:15065, 834ba878-0480-4e5d-9f84-edbf9d71c88d|127.0.0.1:15073, 9b45c406-4ccb-4f79-99e0-7a7cfdf05c76|127.0.0.1:15081] returns group-C42CEAA32394:java.util.concurrent.CompletableFuture@766626a8[Not completed]
2025-04-24 14:04:57,350 [9b45c406-4ccb-4f79-99e0-7a7cfdf05c76-groupManagement] INFO  server.RaftServer$Division (RaftServerImpl.java:<init>(255)) - 9b45c406-4ccb-4f79-99e0-7a7cfdf05c76: new RaftServerImpl for group-C42CEAA32394:[45889312-f9ba-413f-bd11-bf2ed7b16685|127.0.0.1:15065, 834ba878-0480-4e5d-9f84-edbf9d71c88d|127.0.0.1:15073, 9b45c406-4ccb-4f79-99e0-7a7cfdf05c76|127.0.0.1:15081] with ContainerStateMachine:uninitialized
2025-04-24 14:04:57,350 [9b45c406-4ccb-4f79-99e0-7a7cfdf05c76-groupManagement] INFO  server.RaftServerConfigKeys (ConfUtils.java:logGet(46)) - raft.server.rpc.timeout.min = 5s (custom)
2025-04-24 14:04:57,350 [9b45c406-4ccb-4f79-99e0-7a7cfdf05c76-groupManagement] INFO  server.RaftServerConfigKeys (ConfUtils.java:logGet(46)) - raft.server.rpc.timeout.max = 5200ms (custom)
2025-04-24 14:04:57,350 [9b45c406-4ccb-4f79-99e0-7a7cfdf05c76-groupManagement] INFO  server.RaftServerConfigKeys (ConfUtils.java:logGet(46)) - raft.server.rpc.sleep.time = 25ms (default)
2025-04-24 14:04:57,350 [9b45c406-4ccb-4f79-99e0-7a7cfdf05c76-groupManagement] INFO  server.RaftServerConfigKeys (ConfUtils.java:logGet(46)) - raft.server.rpc.slowness.timeout = 300s (custom)
2025-04-24 14:04:57,350 [9b45c406-4ccb-4f79-99e0-7a7cfdf05c76-groupManagement] INFO  server.RaftServerConfigKeys (ConfUtils.java:logGet(46)) - raft.server.leaderelection.leader.step-down.wait-time = 10s (default)
2025-04-24 14:04:57,350 [9b45c406-4ccb-4f79-99e0-7a7cfdf05c76-groupManagement] INFO  server.RaftServerConfigKeys (ConfUtils.java:logGet(46)) - raft.server.leaderelection.member.majority-add = false (default)
2025-04-24 14:04:57,350 [9b45c406-4ccb-4f79-99e0-7a7cfdf05c76-groupManagement] INFO  server.RaftServerConfigKeys (ConfUtils.java:logGet(46)) - raft.server.sleep.deviation.threshold = 300ms (default)
2025-04-24 14:04:57,350 [9b45c406-4ccb-4f79-99e0-7a7cfdf05c76-groupManagement] INFO  server.RaftServer$Division (ServerState.java:<init>(114)) - 9b45c406-4ccb-4f79-99e0-7a7cfdf05c76@group-C42CEAA32394: ConfigurationManager, init=conf: {index: -1, cur=peers:[45889312-f9ba-413f-bd11-bf2ed7b16685|127.0.0.1:15065, 834ba878-0480-4e5d-9f84-edbf9d71c88d|127.0.0.1:15073, 9b45c406-4ccb-4f79-99e0-7a7cfdf05c76|127.0.0.1:15081]|listeners:[], old=null}, confs=<EMPTY_MAP>
2025-04-24 14:04:57,350 [9b45c406-4ccb-4f79-99e0-7a7cfdf05c76-groupManagement] INFO  server.RaftServerConfigKeys (ConfUtils.java:logGet(46)) - raft.server.notification.no-leader.timeout = 300s (custom)
2025-04-24 14:04:57,350 [9b45c406-4ccb-4f79-99e0-7a7cfdf05c76-groupManagement] INFO  server.RaftServerConfigKeys (ConfUtils.java:logGet(46)) - raft.server.read.timeout = 10s (default)
2025-04-24 14:04:57,351 [9b45c406-4ccb-4f79-99e0-7a7cfdf05c76-groupManagement] INFO  server.RaftServerConfigKeys (ConfUtils.java:logGet(46)) - raft.server.retrycache.expirytime = 600000ms (custom)
2025-04-24 14:04:57,351 [9b45c406-4ccb-4f79-99e0-7a7cfdf05c76-groupManagement] INFO  server.RaftServerConfigKeys (ConfUtils.java:logGet(46)) - raft.server.retrycache.statistics.expirytime = 100ms (default)
2025-04-24 14:04:57,351 [9b45c406-4ccb-4f79-99e0-7a7cfdf05c76-groupManagement] INFO  server.RaftServerConfigKeys (ConfUtils.java:logGet(46)) - raft.server.read.option = DEFAULT (default)
2025-04-24 14:04:57,351 [9b45c406-4ccb-4f79-99e0-7a7cfdf05c76-groupManagement] INFO  server.RaftServerConfigKeys (ConfUtils.java:logGet(46)) - raft.server.read.read-after-write-consistent.write-index-cache.expiry-time = 60s (default)
2025-04-24 14:04:57,354 [9b45c406-4ccb-4f79-99e0-7a7cfdf05c76-groupManagement] INFO  server.RaftServerConfigKeys (ConfUtils.java:logGet(46)) - raft.server.rpc.request.timeout = 60s (custom)
2025-04-24 14:04:57,354 [9b45c406-4ccb-4f79-99e0-7a7cfdf05c76-groupManagement] INFO  server.RaftServerConfigKeys (ConfUtils.java:logGet(46)) - raft.server.log.appender.install.snapshot.enabled = false (custom)
2025-04-24 14:04:57,354 [9b45c406-4ccb-4f79-99e0-7a7cfdf05c76-groupManagement] INFO  server.RaftServerConfigKeys (ConfUtils.java:logGet(46)) - raft.server.threadpool.server.cached = true (default)
2025-04-24 14:04:57,354 [9b45c406-4ccb-4f79-99e0-7a7cfdf05c76-groupManagement] INFO  server.RaftServerConfigKeys (ConfUtils.java:logGet(46)) - raft.server.threadpool.server.size = 0 (default)
2025-04-24 14:04:57,354 [9b45c406-4ccb-4f79-99e0-7a7cfdf05c76-groupManagement] INFO  server.RaftServerConfigKeys (ConfUtils.java:logGet(46)) - raft.server.threadpool.client.cached = true (default)
2025-04-24 14:04:57,354 [9b45c406-4ccb-4f79-99e0-7a7cfdf05c76-groupManagement] INFO  server.RaftServerConfigKeys (ConfUtils.java:logGet(46)) - raft.server.threadpool.client.size = 0 (default)
2025-04-24 14:04:57,355 [9b45c406-4ccb-4f79-99e0-7a7cfdf05c76-groupManagement] INFO  server.RaftServerConfigKeys (ConfUtils.java:logGet(46)) - raft.server.storage.free-space.min = 0MB (=0) (default)
2025-04-24 14:04:57,355 [9b45c406-4ccb-4f79-99e0-7a7cfdf05c76-groupManagement] INFO  server.RaftServerConfigKeys (ConfUtils.java:logGet(46)) - raft.server.log.corruption.policy = EXCEPTION (default)
2025-04-24 14:04:57,355 [9b45c406-4ccb-4f79-99e0-7a7cfdf05c76-groupManagement] INFO  server.RaftServerConfigKeys (ConfUtils.java:logGet(46)) - raft.server.storage.dir = [/home/runner/work/ozone/ozone/hadoop-ozone/integration-test/target/test-dir/MiniOzoneClusterImpl-9c5b6909-9e9c-47e3-ad7a-324826695869/ozone-meta/datanode-3/ratis] (custom)
2025-04-24 14:04:57,355 [9b45c406-4ccb-4f79-99e0-7a7cfdf05c76-groupManagement] INFO  storage.RaftStorageDirectory (RaftStorageDirectoryImpl.java:analyzeStorage(138)) - The storage directory /home/runner/work/ozone/ozone/hadoop-ozone/integration-test/target/test-dir/MiniOzoneClusterImpl-9c5b6909-9e9c-47e3-ad7a-324826695869/ozone-meta/datanode-3/ratis/5b542817-2a6a-4b86-ae8b-c42ceaa32394 does not exist. Creating ...
2025-04-24 14:04:57,356 [9b45c406-4ccb-4f79-99e0-7a7cfdf05c76-groupManagement] INFO  storage.RaftStorageDirectory (RaftStorageDirectoryImpl.java:tryLock(229)) - Lock on /home/runner/work/ozone/ozone/hadoop-ozone/integration-test/target/test-dir/MiniOzoneClusterImpl-9c5b6909-9e9c-47e3-ad7a-324826695869/ozone-meta/datanode-3/ratis/5b542817-2a6a-4b86-ae8b-c42ceaa32394/in_use.lock acquired by nodename 129728@fv-az2210-761
2025-04-24 14:04:57,357 [9b45c406-4ccb-4f79-99e0-7a7cfdf05c76-groupManagement] INFO  storage.RaftStorage (RaftStorageImpl.java:format(98)) - Storage directory /home/runner/work/ozone/ozone/hadoop-ozone/integration-test/target/test-dir/MiniOzoneClusterImpl-9c5b6909-9e9c-47e3-ad7a-324826695869/ozone-meta/datanode-3/ratis/5b542817-2a6a-4b86-ae8b-c42ceaa32394 has been successfully formatted.
2025-04-24 14:04:57,357 [9b45c406-4ccb-4f79-99e0-7a7cfdf05c76-groupManagement] INFO  ratis.ContainerStateMachine (ContainerStateMachine.java:initialize(339)) - 9b45c406-4ccb-4f79-99e0-7a7cfdf05c76: initialize group-C42CEAA32394
2025-04-24 14:04:57,357 [9b45c406-4ccb-4f79-99e0-7a7cfdf05c76-groupManagement] INFO  ratis.ContainerStateMachine (ContainerStateMachine.java:loadSnapshot(347)) - group-C42CEAA32394: The snapshot info is null. Setting the last applied index to:(t:0, i:~)
2025-04-24 14:04:57,357 [9b45c406-4ccb-4f79-99e0-7a7cfdf05c76-groupManagement] INFO  server.RaftServerConfigKeys (ConfUtils.java:logGet(46)) - raft.server.log.use.memory = false (default)
2025-04-24 14:04:57,358 [9b45c406-4ccb-4f79-99e0-7a7cfdf05c76-groupManagement] INFO  server.RaftServerConfigKeys (ConfUtils.java:logGet(46)) - raft.server.log.purge.gap = 1000000 (custom)
2025-04-24 14:04:57,358 [9b45c406-4ccb-4f79-99e0-7a7cfdf05c76-groupManagement] INFO  server.RaftServerConfigKeys (ConfUtils.java:logGet(46)) - raft.server.log.appender.buffer.byte-limit = 33554432 (custom)
2025-04-24 14:04:57,358 [9b45c406-4ccb-4f79-99e0-7a7cfdf05c76-groupManagement] INFO  server.RaftServerConfigKeys (ConfUtils.java:logGet(46)) - raft.server.log.statemachine.data.read.timeout = 1000ms (default)
2025-04-24 14:04:57,358 [9b45c406-4ccb-4f79-99e0-7a7cfdf05c76-groupManagement] INFO  server.RaftServerConfigKeys (ConfUtils.java:logGet(46)) - raft.server.log.purge.preservation.log.num = 0 (default)
2025-04-24 14:04:57,359 [9b45c406-4ccb-4f79-99e0-7a7cfdf05c76-groupManagement] INFO  server.RaftServerConfigKeys (ConfUtils.java:logGet(46)) - raft.server.log.segment.size.max = 67108864 (custom)
2025-04-24 14:04:57,359 [9b45c406-4ccb-4f79-99e0-7a7cfdf05c76-groupManagement] INFO  server.RaftServerConfigKeys (ConfUtils.java:logGet(46)) - raft.server.log.segment.cache.num.max = 2 (custom)
2025-04-24 14:04:57,359 [9b45c406-4ccb-4f79-99e0-7a7cfdf05c76-groupManagement] INFO  server.RaftServerConfigKeys (ConfUtils.java:logGet(46)) - raft.server.log.segment.cache.size.max = 200MB (=209715200) (default)
2025-04-24 14:04:57,359 [9b45c406-4ccb-4f79-99e0-7a7cfdf05c76-groupManagement] INFO  server.RaftServerConfigKeys (ConfUtils.java:logGet(46)) - raft.server.log.appender.buffer.byte-limit = 33554432 (custom)
2025-04-24 14:04:57,359 [9b45c406-4ccb-4f79-99e0-7a7cfdf05c76-groupManagement] INFO  util.AwaitToRun (AwaitToRun.java:start(81)) - Thread[#9063,9b45c406-4ccb-4f79-99e0-7a7cfdf05c76@group-C42CEAA32394-cacheEviction-AwaitToRun,5,main] started
2025-04-24 14:04:57,359 [9b45c406-4ccb-4f79-99e0-7a7cfdf05c76-groupManagement] INFO  segmented.SegmentedRaftLogWorker (SegmentedRaftLogWorker.java:<init>(188)) - new 9b45c406-4ccb-4f79-99e0-7a7cfdf05c76@group-C42CEAA32394-SegmentedRaftLogWorker for RaftStorageImpl:Storage Directory /home/runner/work/ozone/ozone/hadoop-ozone/integration-test/target/test-dir/MiniOzoneClusterImpl-9c5b6909-9e9c-47e3-ad7a-324826695869/ozone-meta/datanode-3/ratis/5b542817-2a6a-4b86-ae8b-c42ceaa32394
2025-04-24 14:04:57,359 [9b45c406-4ccb-4f79-99e0-7a7cfdf05c76-groupManagement] INFO  server.RaftServerConfigKeys (ConfUtils.java:logGet(46)) - raft.server.log.queue.byte-limit = 4294967296 (custom)
2025-04-24 14:04:57,359 [9b45c406-4ccb-4f79-99e0-7a7cfdf05c76-groupManagement] INFO  server.RaftServerConfigKeys (ConfUtils.java:logGet(46)) - raft.server.log.queue.element-limit = 1024 (custom)
2025-04-24 14:04:57,359 [9b45c406-4ccb-4f79-99e0-7a7cfdf05c76-groupManagement] INFO  server.RaftServerConfigKeys (ConfUtils.java:logGet(46)) - raft.server.log.segment.size.max = 67108864 (custom)
2025-04-24 14:04:57,359 [9b45c406-4ccb-4f79-99e0-7a7cfdf05c76-groupManagement] INFO  server.RaftServerConfigKeys (ConfUtils.java:logGet(46)) - raft.server.log.preallocated.size = 4194304 (custom)
2025-04-24 14:04:57,359 [9b45c406-4ccb-4f79-99e0-7a7cfdf05c76-groupManagement] INFO  server.RaftServerConfigKeys (ConfUtils.java:logGet(46)) - raft.server.log.force.sync.num = 128 (default)
2025-04-24 14:04:57,359 [9b45c406-4ccb-4f79-99e0-7a7cfdf05c76-groupManagement] INFO  server.RaftServerConfigKeys (ConfUtils.java:logGet(46)) - raft.server.log.statemachine.data.sync = true (default)
2025-04-24 14:04:57,359 [9b45c406-4ccb-4f79-99e0-7a7cfdf05c76-groupManagement] INFO  server.RaftServerConfigKeys (ConfUtils.java:logGet(46)) - raft.server.log.statemachine.data.sync.timeout = 10s (default)
2025-04-24 14:04:57,359 [9b45c406-4ccb-4f79-99e0-7a7cfdf05c76-groupManagement] INFO  server.RaftServerConfigKeys (ConfUtils.java:logGet(46)) - raft.server.log.statemachine.data.sync.timeout.retry = 30 (custom)
2025-04-24 14:04:57,360 [9b45c406-4ccb-4f79-99e0-7a7cfdf05c76-groupManagement] INFO  server.RaftServerConfigKeys (ConfUtils.java:logGet(46)) - raft.server.log.write.buffer.size = 33554440 (custom)
2025-04-24 14:04:57,365 [9b45c406-4ccb-4f79-99e0-7a7cfdf05c76-groupManagement] INFO  server.RaftServerConfigKeys (ConfUtils.java:logGet(46)) - raft.server.log.appender.buffer.byte-limit = 33554432 (custom)
2025-04-24 14:04:57,366 [9b45c406-4ccb-4f79-99e0-7a7cfdf05c76-groupManagement] INFO  server.RaftServerConfigKeys (ConfUtils.java:logGet(46)) - raft.server.log.unsafe-flush.enabled = false (default)
2025-04-24 14:04:57,366 [9b45c406-4ccb-4f79-99e0-7a7cfdf05c76-groupManagement] INFO  server.RaftServerConfigKeys (ConfUtils.java:logGet(46)) - raft.server.log.async-flush.enabled = false (default)
2025-04-24 14:04:57,366 [9b45c406-4ccb-4f79-99e0-7a7cfdf05c76-groupManagement] INFO  server.RaftServerConfigKeys (ConfUtils.java:logGet(46)) - raft.server.log.statemachine.data.caching.enabled = true (custom)
2025-04-24 14:04:57,366 [9b45c406-4ccb-4f79-99e0-7a7cfdf05c76-groupManagement] INFO  segmented.SegmentedRaftLogWorker (SegmentedRaftLogWorker.java:lambda$new$0(139)) - 9b45c406-4ccb-4f79-99e0-7a7cfdf05c76@group-C42CEAA32394-SegmentedRaftLogWorker: flushIndex: setUnconditionally 0 -> -1
2025-04-24 14:04:57,366 [9b45c406-4ccb-4f79-99e0-7a7cfdf05c76-groupManagement] INFO  segmented.SegmentedRaftLogWorker (SegmentedRaftLogWorker.java:lambda$new$0(139)) - 9b45c406-4ccb-4f79-99e0-7a7cfdf05c76@group-C42CEAA32394-SegmentedRaftLogWorker: safeCacheEvictIndex: setUnconditionally 0 -> -1
2025-04-24 14:04:57,366 [9b45c406-4ccb-4f79-99e0-7a7cfdf05c76-groupManagement] INFO  server.RaftServer$Division (RaftServerImpl.java:start(391)) - 9b45c406-4ccb-4f79-99e0-7a7cfdf05c76@group-C42CEAA32394: start as a follower, conf=conf: {index: -1, cur=peers:[45889312-f9ba-413f-bd11-bf2ed7b16685|127.0.0.1:15065, 834ba878-0480-4e5d-9f84-edbf9d71c88d|127.0.0.1:15073, 9b45c406-4ccb-4f79-99e0-7a7cfdf05c76|127.0.0.1:15081]|listeners:[], old=null}
2025-04-24 14:04:57,366 [9b45c406-4ccb-4f79-99e0-7a7cfdf05c76-groupManagement] INFO  server.RaftServer$Division (RaftServerImpl.java:setRole(378)) - 9b45c406-4ccb-4f79-99e0-7a7cfdf05c76@group-C42CEAA32394: changes role from      null to FOLLOWER at term 0 for startAsFollower
2025-04-24 14:04:57,366 [9b45c406-4ccb-4f79-99e0-7a7cfdf05c76-groupManagement] INFO  impl.RoleInfo (RoleInfo.java:updateAndGet(148)) - 9b45c406-4ccb-4f79-99e0-7a7cfdf05c76: start 9b45c406-4ccb-4f79-99e0-7a7cfdf05c76@group-C42CEAA32394-FollowerState
2025-04-24 14:04:57,367 [9b45c406-4ccb-4f79-99e0-7a7cfdf05c76-groupManagement] INFO  util.JmxRegister (JmxRegister.java:tryRegister(44)) - Successfully registered JMX Bean with object name Ratis:service=RaftServer,group=group-C42CEAA32394,id=9b45c406-4ccb-4f79-99e0-7a7cfdf05c76
2025-04-24 14:04:57,367 [9b45c406-4ccb-4f79-99e0-7a7cfdf05c76-groupManagement] INFO  util.JmxRegister (JmxRegister.java:register(58)) - register mxBean class org.apache.ratis.server.impl.RaftServerJmxAdapter as Ratis:service=RaftServer,group=group-C42CEAA32394,id=9b45c406-4ccb-4f79-99e0-7a7cfdf05c76
2025-04-24 14:04:57,367 [9b45c406-4ccb-4f79-99e0-7a7cfdf05c76-groupManagement] INFO  server.RaftServerConfigKeys (ConfUtils.java:logGet(46)) - raft.server.snapshot.trigger-when-stop.enabled = true (default)
2025-04-24 14:04:57,367 [9b45c406-4ccb-4f79-99e0-7a7cfdf05c76-groupManagement] INFO  server.RaftServerConfigKeys (ConfUtils.java:logGet(46)) - raft.server.snapshot.trigger-when-remove.enabled = true (default)
2025-04-24 14:04:57,367 [9b45c406-4ccb-4f79-99e0-7a7cfdf05c76-groupManagement] INFO  server.RaftServerConfigKeys (ConfUtils.java:logGet(46)) - raft.server.snapshot.auto.trigger.enabled = true (custom)
2025-04-24 14:04:57,367 [9b45c406-4ccb-4f79-99e0-7a7cfdf05c76-groupManagement] INFO  server.RaftServerConfigKeys (ConfUtils.java:logGet(46)) - raft.server.snapshot.auto.trigger.threshold = 100000 (custom)
2025-04-24 14:04:57,367 [9b45c406-4ccb-4f79-99e0-7a7cfdf05c76-groupManagement] INFO  server.RaftServerConfigKeys (ConfUtils.java:logGet(46)) - raft.server.snapshot.retention.file.num = 5 (custom)
2025-04-24 14:04:57,367 [9b45c406-4ccb-4f79-99e0-7a7cfdf05c76-groupManagement] INFO  server.RaftServerConfigKeys (ConfUtils.java:logGet(46)) - raft.server.log.purge.upto.snapshot.index = false (default)
2025-04-24 14:04:57,367 [9b45c406-4ccb-4f79-99e0-7a7cfdf05c76@group-C42CEAA32394-FollowerState] INFO  server.RaftServerConfigKeys (ConfUtils.java:logGet(46)) - raft.server.rpc.first-election.timeout.min = 1000ms (custom)
2025-04-24 14:04:57,367 [9b45c406-4ccb-4f79-99e0-7a7cfdf05c76@group-C42CEAA32394-FollowerState] INFO  server.RaftServerConfigKeys (ConfUtils.java:logGet(46)) - raft.server.rpc.first-election.timeout.max = 1200ms (custom)
2025-04-24 14:04:57,367 [9b45c406-4ccb-4f79-99e0-7a7cfdf05c76-groupManagement] INFO  server.RaftServer$Division (RaftServerImpl.java:start(405)) - 9b45c406-4ccb-4f79-99e0-7a7cfdf05c76@group-C42CEAA32394: Successfully started.
2025-04-24 14:04:57,370 [45889312-f9ba-413f-bd11-bf2ed7b16685-PipelineCommandHandlerThread-0] INFO  commandhandler.CreatePipelineCommandHandler (CreatePipelineCommandHandler.java:lambda$handle$2(128)) - Created Pipeline RATIS THREE PipelineID=5b542817-2a6a-4b86-ae8b-c42ceaa32394.
2025-04-24 14:04:57,398 [834ba878-0480-4e5d-9f84-edbf9d71c88d-PipelineCommandHandlerThread-0] INFO  server.RaftServer (RaftServerProxy.java:addNew(100)) - 834ba878-0480-4e5d-9f84-edbf9d71c88d: addNew group-5A41028F1178:[834ba878-0480-4e5d-9f84-edbf9d71c88d|127.0.0.1:15073] returns group-5A41028F1178:java.util.concurrent.CompletableFuture@4c020f86[Not completed]
2025-04-24 14:04:57,400 [834ba878-0480-4e5d-9f84-edbf9d71c88d-groupManagement] INFO  server.RaftServer$Division (RaftServerImpl.java:<init>(255)) - 834ba878-0480-4e5d-9f84-edbf9d71c88d: new RaftServerImpl for group-5A41028F1178:[834ba878-0480-4e5d-9f84-edbf9d71c88d|127.0.0.1:15073] with ContainerStateMachine:uninitialized
2025-04-24 14:04:57,400 [834ba878-0480-4e5d-9f84-edbf9d71c88d-groupManagement] INFO  server.RaftServerConfigKeys (ConfUtils.java:logGet(46)) - raft.server.rpc.timeout.min = 5s (custom)
2025-04-24 14:04:57,400 [834ba878-0480-4e5d-9f84-edbf9d71c88d-groupManagement] INFO  server.RaftServerConfigKeys (ConfUtils.java:logGet(46)) - raft.server.rpc.timeout.max = 5200ms (custom)
2025-04-24 14:04:57,400 [834ba878-0480-4e5d-9f84-edbf9d71c88d-groupManagement] INFO  server.RaftServerConfigKeys (ConfUtils.java:logGet(46)) - raft.server.rpc.sleep.time = 25ms (default)
2025-04-24 14:04:57,400 [834ba878-0480-4e5d-9f84-edbf9d71c88d-groupManagement] INFO  server.RaftServerConfigKeys (ConfUtils.java:logGet(46)) - raft.server.rpc.slowness.timeout = 300s (custom)
2025-04-24 14:04:57,400 [834ba878-0480-4e5d-9f84-edbf9d71c88d-groupManagement] INFO  server.RaftServerConfigKeys (ConfUtils.java:logGet(46)) - raft.server.leaderelection.leader.step-down.wait-time = 10s (default)
2025-04-24 14:04:57,400 [834ba878-0480-4e5d-9f84-edbf9d71c88d-groupManagement] INFO  server.RaftServerConfigKeys (ConfUtils.java:logGet(46)) - raft.server.leaderelection.member.majority-add = false (default)
2025-04-24 14:04:57,400 [834ba878-0480-4e5d-9f84-edbf9d71c88d-groupManagement] INFO  server.RaftServerConfigKeys (ConfUtils.java:logGet(46)) - raft.server.sleep.deviation.threshold = 300ms (default)
2025-04-24 14:04:57,400 [834ba878-0480-4e5d-9f84-edbf9d71c88d-groupManagement] INFO  server.RaftServer$Division (ServerState.java:<init>(114)) - 834ba878-0480-4e5d-9f84-edbf9d71c88d@group-5A41028F1178: ConfigurationManager, init=conf: {index: -1, cur=peers:[834ba878-0480-4e5d-9f84-edbf9d71c88d|127.0.0.1:15073]|listeners:[], old=null}, confs=<EMPTY_MAP>
2025-04-24 14:04:57,400 [834ba878-0480-4e5d-9f84-edbf9d71c88d-groupManagement] INFO  server.RaftServerConfigKeys (ConfUtils.java:logGet(46)) - raft.server.notification.no-leader.timeout = 300s (custom)
2025-04-24 14:04:57,400 [834ba878-0480-4e5d-9f84-edbf9d71c88d-groupManagement] INFO  server.RaftServerConfigKeys (ConfUtils.java:logGet(46)) - raft.server.read.timeout = 10s (default)
2025-04-24 14:04:57,400 [834ba878-0480-4e5d-9f84-edbf9d71c88d-groupManagement] INFO  server.RaftServerConfigKeys (ConfUtils.java:logGet(46)) - raft.server.retrycache.expirytime = 600000ms (custom)
2025-04-24 14:04:57,400 [834ba878-0480-4e5d-9f84-edbf9d71c88d-groupManagement] INFO  server.RaftServerConfigKeys (ConfUtils.java:logGet(46)) - raft.server.retrycache.statistics.expirytime = 100ms (default)
2025-04-24 14:04:57,400 [834ba878-0480-4e5d-9f84-edbf9d71c88d-groupManagement] INFO  server.RaftServerConfigKeys (ConfUtils.java:logGet(46)) - raft.server.read.option = DEFAULT (default)
2025-04-24 14:04:57,400 [834ba878-0480-4e5d-9f84-edbf9d71c88d-groupManagement] INFO  server.RaftServerConfigKeys (ConfUtils.java:logGet(46)) - raft.server.read.read-after-write-consistent.write-index-cache.expiry-time = 60s (default)
2025-04-24 14:04:57,402 [834ba878-0480-4e5d-9f84-edbf9d71c88d-groupManagement] INFO  server.RaftServerConfigKeys (ConfUtils.java:logGet(46)) - raft.server.rpc.request.timeout = 60s (custom)
2025-04-24 14:04:57,402 [834ba878-0480-4e5d-9f84-edbf9d71c88d-groupManagement] INFO  server.RaftServerConfigKeys (ConfUtils.java:logGet(46)) - raft.server.log.appender.install.snapshot.enabled = false (custom)
2025-04-24 14:04:57,402 [834ba878-0480-4e5d-9f84-edbf9d71c88d-groupManagement] INFO  server.RaftServerConfigKeys (ConfUtils.java:logGet(46)) - raft.server.threadpool.server.cached = true (default)
2025-04-24 14:04:57,402 [834ba878-0480-4e5d-9f84-edbf9d71c88d-groupManagement] INFO  server.RaftServerConfigKeys (ConfUtils.java:logGet(46)) - raft.server.threadpool.server.size = 0 (default)
2025-04-24 14:04:57,402 [834ba878-0480-4e5d-9f84-edbf9d71c88d-groupManagement] INFO  server.RaftServerConfigKeys (ConfUtils.java:logGet(46)) - raft.server.threadpool.client.cached = true (default)
2025-04-24 14:04:57,403 [834ba878-0480-4e5d-9f84-edbf9d71c88d-groupManagement] INFO  server.RaftServerConfigKeys (ConfUtils.java:logGet(46)) - raft.server.threadpool.client.size = 0 (default)
2025-04-24 14:04:57,403 [834ba878-0480-4e5d-9f84-edbf9d71c88d-groupManagement] INFO  server.RaftServerConfigKeys (ConfUtils.java:logGet(46)) - raft.server.storage.free-space.min = 0MB (=0) (default)
2025-04-24 14:04:57,403 [834ba878-0480-4e5d-9f84-edbf9d71c88d-groupManagement] INFO  server.RaftServerConfigKeys (ConfUtils.java:logGet(46)) - raft.server.log.corruption.policy = EXCEPTION (default)
2025-04-24 14:04:57,403 [834ba878-0480-4e5d-9f84-edbf9d71c88d-groupManagement] INFO  server.RaftServerConfigKeys (ConfUtils.java:logGet(46)) - raft.server.storage.dir = [/home/runner/work/ozone/ozone/hadoop-ozone/integration-test/target/test-dir/MiniOzoneClusterImpl-9c5b6909-9e9c-47e3-ad7a-324826695869/ozone-meta/datanode-2/ratis] (custom)
2025-04-24 14:04:57,403 [834ba878-0480-4e5d-9f84-edbf9d71c88d-groupManagement] INFO  storage.RaftStorageDirectory (RaftStorageDirectoryImpl.java:analyzeStorage(138)) - The storage directory /home/runner/work/ozone/ozone/hadoop-ozone/integration-test/target/test-dir/MiniOzoneClusterImpl-9c5b6909-9e9c-47e3-ad7a-324826695869/ozone-meta/datanode-2/ratis/c73b632a-d474-44c0-8f21-5a41028f1178 does not exist. Creating ...
2025-04-24 14:04:57,404 [834ba878-0480-4e5d-9f84-edbf9d71c88d-groupManagement] INFO  storage.RaftStorageDirectory (RaftStorageDirectoryImpl.java:tryLock(229)) - Lock on /home/runner/work/ozone/ozone/hadoop-ozone/integration-test/target/test-dir/MiniOzoneClusterImpl-9c5b6909-9e9c-47e3-ad7a-324826695869/ozone-meta/datanode-2/ratis/c73b632a-d474-44c0-8f21-5a41028f1178/in_use.lock acquired by nodename 129728@fv-az2210-761
2025-04-24 14:04:57,405 [834ba878-0480-4e5d-9f84-edbf9d71c88d-groupManagement] INFO  storage.RaftStorage (RaftStorageImpl.java:format(98)) - Storage directory /home/runner/work/ozone/ozone/hadoop-ozone/integration-test/target/test-dir/MiniOzoneClusterImpl-9c5b6909-9e9c-47e3-ad7a-324826695869/ozone-meta/datanode-2/ratis/c73b632a-d474-44c0-8f21-5a41028f1178 has been successfully formatted.
2025-04-24 14:04:57,405 [834ba878-0480-4e5d-9f84-edbf9d71c88d-groupManagement] INFO  ratis.ContainerStateMachine (ContainerStateMachine.java:initialize(339)) - 834ba878-0480-4e5d-9f84-edbf9d71c88d: initialize group-5A41028F1178
2025-04-24 14:04:57,405 [834ba878-0480-4e5d-9f84-edbf9d71c88d-groupManagement] INFO  ratis.ContainerStateMachine (ContainerStateMachine.java:loadSnapshot(347)) - group-5A41028F1178: The snapshot info is null. Setting the last applied index to:(t:0, i:~)
2025-04-24 14:04:57,405 [834ba878-0480-4e5d-9f84-edbf9d71c88d-groupManagement] INFO  server.RaftServerConfigKeys (ConfUtils.java:logGet(46)) - raft.server.log.use.memory = false (default)
2025-04-24 14:04:57,405 [834ba878-0480-4e5d-9f84-edbf9d71c88d-groupManagement] INFO  server.RaftServerConfigKeys (ConfUtils.java:logGet(46)) - raft.server.log.purge.gap = 1000000 (custom)
2025-04-24 14:04:57,405 [834ba878-0480-4e5d-9f84-edbf9d71c88d-groupManagement] INFO  server.RaftServerConfigKeys (ConfUtils.java:logGet(46)) - raft.server.log.appender.buffer.byte-limit = 33554432 (custom)
2025-04-24 14:04:57,405 [834ba878-0480-4e5d-9f84-edbf9d71c88d-groupManagement] INFO  server.RaftServerConfigKeys (ConfUtils.java:logGet(46)) - raft.server.log.statemachine.data.read.timeout = 1000ms (default)
2025-04-24 14:04:57,405 [834ba878-0480-4e5d-9f84-edbf9d71c88d-groupManagement] INFO  server.RaftServerConfigKeys (ConfUtils.java:logGet(46)) - raft.server.log.purge.preservation.log.num = 0 (default)
2025-04-24 14:04:57,406 [834ba878-0480-4e5d-9f84-edbf9d71c88d-groupManagement] INFO  server.RaftServerConfigKeys (ConfUtils.java:logGet(46)) - raft.server.log.segment.size.max = 67108864 (custom)
2025-04-24 14:04:57,406 [834ba878-0480-4e5d-9f84-edbf9d71c88d-groupManagement] INFO  server.RaftServerConfigKeys (ConfUtils.java:logGet(46)) - raft.server.log.segment.cache.num.max = 2 (custom)
2025-04-24 14:04:57,407 [834ba878-0480-4e5d-9f84-edbf9d71c88d-groupManagement] INFO  server.RaftServerConfigKeys (ConfUtils.java:logGet(46)) - raft.server.log.segment.cache.size.max = 200MB (=209715200) (default)
2025-04-24 14:04:57,407 [834ba878-0480-4e5d-9f84-edbf9d71c88d-groupManagement] INFO  server.RaftServerConfigKeys (ConfUtils.java:logGet(46)) - raft.server.log.appender.buffer.byte-limit = 33554432 (custom)
2025-04-24 14:04:57,407 [834ba878-0480-4e5d-9f84-edbf9d71c88d-groupManagement] INFO  util.AwaitToRun (AwaitToRun.java:start(81)) - Thread[#9071,834ba878-0480-4e5d-9f84-edbf9d71c88d@group-5A41028F1178-cacheEviction-AwaitToRun,5,main] started
2025-04-24 14:04:57,408 [834ba878-0480-4e5d-9f84-edbf9d71c88d-groupManagement] INFO  segmented.SegmentedRaftLogWorker (SegmentedRaftLogWorker.java:<init>(188)) - new 834ba878-0480-4e5d-9f84-edbf9d71c88d@group-5A41028F1178-SegmentedRaftLogWorker for RaftStorageImpl:Storage Directory /home/runner/work/ozone/ozone/hadoop-ozone/integration-test/target/test-dir/MiniOzoneClusterImpl-9c5b6909-9e9c-47e3-ad7a-324826695869/ozone-meta/datanode-2/ratis/c73b632a-d474-44c0-8f21-5a41028f1178
2025-04-24 14:04:57,408 [834ba878-0480-4e5d-9f84-edbf9d71c88d-groupManagement] INFO  server.RaftServerConfigKeys (ConfUtils.java:logGet(46)) - raft.server.log.queue.byte-limit = 4294967296 (custom)
2025-04-24 14:04:57,408 [834ba878-0480-4e5d-9f84-edbf9d71c88d-groupManagement] INFO  server.RaftServerConfigKeys (ConfUtils.java:logGet(46)) - raft.server.log.queue.element-limit = 1024 (custom)
2025-04-24 14:04:57,408 [834ba878-0480-4e5d-9f84-edbf9d71c88d-groupManagement] INFO  server.RaftServerConfigKeys (ConfUtils.java:logGet(46)) - raft.server.log.segment.size.max = 67108864 (custom)
2025-04-24 14:04:57,408 [834ba878-0480-4e5d-9f84-edbf9d71c88d-groupManagement] INFO  server.RaftServerConfigKeys (ConfUtils.java:logGet(46)) - raft.server.log.preallocated.size = 4194304 (custom)
2025-04-24 14:04:57,408 [834ba878-0480-4e5d-9f84-edbf9d71c88d-groupManagement] INFO  server.RaftServerConfigKeys (ConfUtils.java:logGet(46)) - raft.server.log.force.sync.num = 128 (default)
2025-04-24 14:04:57,408 [834ba878-0480-4e5d-9f84-edbf9d71c88d-groupManagement] INFO  server.RaftServerConfigKeys (ConfUtils.java:logGet(46)) - raft.server.log.statemachine.data.sync = true (default)
2025-04-24 14:04:57,408 [834ba878-0480-4e5d-9f84-edbf9d71c88d-groupManagement] INFO  server.RaftServerConfigKeys (ConfUtils.java:logGet(46)) - raft.server.log.statemachine.data.sync.timeout = 10s (default)
2025-04-24 14:04:57,408 [834ba878-0480-4e5d-9f84-edbf9d71c88d-groupManagement] INFO  server.RaftServerConfigKeys (ConfUtils.java:logGet(46)) - raft.server.log.statemachine.data.sync.timeout.retry = 30 (custom)
2025-04-24 14:04:57,408 [9dabf2e3-6a21-4be5-aa84-80424b1630ab@group-324826695869-StateMachineUpdater] INFO  safemode.HealthyPipelineSafeModeRule (HealthyPipelineSafeModeRule.java:initializeRule(174)) - Refreshed total pipeline count is 0, healthy pipeline threshold count is 1
2025-04-24 14:04:57,409 [EventQueue-PipelineReportForPipelineReportHandler] INFO  pipeline.PipelineReportHandler (PipelineReportHandler.java:processPipelineReport(134)) - Opened pipeline PipelineID=c73b632a-d474-44c0-8f21-5a41028f1178
2025-04-24 14:04:57,409 [EventQueue-OpenPipelineForHealthyPipelineSafeModeRule] INFO  safemode.SCMSafeModeManager (HealthyPipelineSafeModeRule.java:process(141)) - SCM in safe mode. Healthy pipelines reported count is 0, required healthy pipeline reported count is 1
2025-04-24 14:04:57,409 [834ba878-0480-4e5d-9f84-edbf9d71c88d-groupManagement] INFO  server.RaftServerConfigKeys (ConfUtils.java:logGet(46)) - raft.server.log.write.buffer.size = 33554440 (custom)
2025-04-24 14:04:57,415 [834ba878-0480-4e5d-9f84-edbf9d71c88d-groupManagement] INFO  server.RaftServerConfigKeys (ConfUtils.java:logGet(46)) - raft.server.log.appender.buffer.byte-limit = 33554432 (custom)
2025-04-24 14:04:57,416 [834ba878-0480-4e5d-9f84-edbf9d71c88d-groupManagement] INFO  server.RaftServerConfigKeys (ConfUtils.java:logGet(46)) - raft.server.log.unsafe-flush.enabled = false (default)
2025-04-24 14:04:57,416 [834ba878-0480-4e5d-9f84-edbf9d71c88d-groupManagement] INFO  server.RaftServerConfigKeys (ConfUtils.java:logGet(46)) - raft.server.log.async-flush.enabled = false (default)
2025-04-24 14:04:57,416 [834ba878-0480-4e5d-9f84-edbf9d71c88d-groupManagement] INFO  server.RaftServerConfigKeys (ConfUtils.java:logGet(46)) - raft.server.log.statemachine.data.caching.enabled = true (custom)
2025-04-24 14:04:57,416 [834ba878-0480-4e5d-9f84-edbf9d71c88d-groupManagement] INFO  segmented.SegmentedRaftLogWorker (SegmentedRaftLogWorker.java:lambda$new$0(139)) - 834ba878-0480-4e5d-9f84-edbf9d71c88d@group-5A41028F1178-SegmentedRaftLogWorker: flushIndex: setUnconditionally 0 -> -1
2025-04-24 14:04:57,416 [834ba878-0480-4e5d-9f84-edbf9d71c88d-groupManagement] INFO  segmented.SegmentedRaftLogWorker (SegmentedRaftLogWorker.java:lambda$new$0(139)) - 834ba878-0480-4e5d-9f84-edbf9d71c88d@group-5A41028F1178-SegmentedRaftLogWorker: safeCacheEvictIndex: setUnconditionally 0 -> -1
2025-04-24 14:04:57,417 [834ba878-0480-4e5d-9f84-edbf9d71c88d-groupManagement] INFO  server.RaftServer$Division (RaftServerImpl.java:start(391)) - 834ba878-0480-4e5d-9f84-edbf9d71c88d@group-5A41028F1178: start as a follower, conf=conf: {index: -1, cur=peers:[834ba878-0480-4e5d-9f84-edbf9d71c88d|127.0.0.1:15073]|listeners:[], old=null}
2025-04-24 14:04:57,417 [834ba878-0480-4e5d-9f84-edbf9d71c88d-groupManagement] INFO  server.RaftServer$Division (RaftServerImpl.java:setRole(378)) - 834ba878-0480-4e5d-9f84-edbf9d71c88d@group-5A41028F1178: changes role from      null to FOLLOWER at term 0 for startAsFollower
2025-04-24 14:04:57,417 [834ba878-0480-4e5d-9f84-edbf9d71c88d-groupManagement] INFO  impl.RoleInfo (RoleInfo.java:updateAndGet(148)) - 834ba878-0480-4e5d-9f84-edbf9d71c88d: start 834ba878-0480-4e5d-9f84-edbf9d71c88d@group-5A41028F1178-FollowerState
2025-04-24 14:04:57,417 [834ba878-0480-4e5d-9f84-edbf9d71c88d@group-5A41028F1178-FollowerState] INFO  server.RaftServerConfigKeys (ConfUtils.java:logGet(46)) - raft.server.rpc.first-election.timeout.min = 1000ms (custom)
2025-04-24 14:04:57,417 [834ba878-0480-4e5d-9f84-edbf9d71c88d@group-5A41028F1178-FollowerState] INFO  server.RaftServerConfigKeys (ConfUtils.java:logGet(46)) - raft.server.rpc.first-election.timeout.max = 1200ms (custom)
2025-04-24 14:04:57,417 [834ba878-0480-4e5d-9f84-edbf9d71c88d-groupManagement] INFO  util.JmxRegister (JmxRegister.java:tryRegister(44)) - Successfully registered JMX Bean with object name Ratis:service=RaftServer,group=group-5A41028F1178,id=834ba878-0480-4e5d-9f84-edbf9d71c88d
2025-04-24 14:04:57,417 [834ba878-0480-4e5d-9f84-edbf9d71c88d-groupManagement] INFO  util.JmxRegister (JmxRegister.java:register(58)) - register mxBean class org.apache.ratis.server.impl.RaftServerJmxAdapter as Ratis:service=RaftServer,group=group-5A41028F1178,id=834ba878-0480-4e5d-9f84-edbf9d71c88d
2025-04-24 14:04:57,418 [834ba878-0480-4e5d-9f84-edbf9d71c88d-groupManagement] INFO  server.RaftServerConfigKeys (ConfUtils.java:logGet(46)) - raft.server.snapshot.trigger-when-stop.enabled = true (default)
2025-04-24 14:04:57,418 [834ba878-0480-4e5d-9f84-edbf9d71c88d-groupManagement] INFO  server.RaftServerConfigKeys (ConfUtils.java:logGet(46)) - raft.server.snapshot.trigger-when-remove.enabled = true (default)
2025-04-24 14:04:57,418 [834ba878-0480-4e5d-9f84-edbf9d71c88d-groupManagement] INFO  server.RaftServerConfigKeys (ConfUtils.java:logGet(46)) - raft.server.snapshot.auto.trigger.enabled = true (custom)
2025-04-24 14:04:57,418 [834ba878-0480-4e5d-9f84-edbf9d71c88d-groupManagement] INFO  server.RaftServerConfigKeys (ConfUtils.java:logGet(46)) - raft.server.snapshot.auto.trigger.threshold = 100000 (custom)
2025-04-24 14:04:57,418 [834ba878-0480-4e5d-9f84-edbf9d71c88d-groupManagement] INFO  server.RaftServerConfigKeys (ConfUtils.java:logGet(46)) - raft.server.snapshot.retention.file.num = 5 (custom)
2025-04-24 14:04:57,418 [834ba878-0480-4e5d-9f84-edbf9d71c88d-groupManagement] INFO  server.RaftServerConfigKeys (ConfUtils.java:logGet(46)) - raft.server.log.purge.upto.snapshot.index = false (default)
2025-04-24 14:04:57,418 [834ba878-0480-4e5d-9f84-edbf9d71c88d-groupManagement] INFO  server.RaftServer$Division (RaftServerImpl.java:start(405)) - 834ba878-0480-4e5d-9f84-edbf9d71c88d@group-5A41028F1178: Successfully started.
2025-04-24 14:04:57,419 [834ba878-0480-4e5d-9f84-edbf9d71c88d-PipelineCommandHandlerThread-0] INFO  ratis.XceiverServerRatis (XceiverServerRatis.java:addGroup(842)) - Created group PipelineID=c73b632a-d474-44c0-8f21-5a41028f1178
2025-04-24 14:04:57,419 [834ba878-0480-4e5d-9f84-edbf9d71c88d-PipelineCommandHandlerThread-0] INFO  commandhandler.CreatePipelineCommandHandler (CreatePipelineCommandHandler.java:lambda$handle$2(128)) - Created Pipeline RATIS ONE PipelineID=c73b632a-d474-44c0-8f21-5a41028f1178.
2025-04-24 14:04:57,594 [9b45c406-4ccb-4f79-99e0-7a7cfdf05c76-PipelineCommandHandlerThread-0] INFO  server.RaftServer (RaftServerProxy.java:addNew(100)) - 9b45c406-4ccb-4f79-99e0-7a7cfdf05c76: addNew group-D862D6EF7E65:[9b45c406-4ccb-4f79-99e0-7a7cfdf05c76|127.0.0.1:15081] returns group-D862D6EF7E65:java.util.concurrent.CompletableFuture@5a511e70[Not completed]
2025-04-24 14:04:57,595 [9b45c406-4ccb-4f79-99e0-7a7cfdf05c76-groupManagement] INFO  server.RaftServer$Division (RaftServerImpl.java:<init>(255)) - 9b45c406-4ccb-4f79-99e0-7a7cfdf05c76: new RaftServerImpl for group-D862D6EF7E65:[9b45c406-4ccb-4f79-99e0-7a7cfdf05c76|127.0.0.1:15081] with ContainerStateMachine:uninitialized
2025-04-24 14:04:57,595 [9b45c406-4ccb-4f79-99e0-7a7cfdf05c76-groupManagement] INFO  server.RaftServerConfigKeys (ConfUtils.java:logGet(46)) - raft.server.rpc.timeout.min = 5s (custom)
2025-04-24 14:04:57,595 [9b45c406-4ccb-4f79-99e0-7a7cfdf05c76-groupManagement] INFO  server.RaftServerConfigKeys (ConfUtils.java:logGet(46)) - raft.server.rpc.timeout.max = 5200ms (custom)
2025-04-24 14:04:57,595 [9b45c406-4ccb-4f79-99e0-7a7cfdf05c76-groupManagement] INFO  server.RaftServerConfigKeys (ConfUtils.java:logGet(46)) - raft.server.rpc.sleep.time = 25ms (default)
2025-04-24 14:04:57,595 [9b45c406-4ccb-4f79-99e0-7a7cfdf05c76-groupManagement] INFO  server.RaftServerConfigKeys (ConfUtils.java:logGet(46)) - raft.server.rpc.slowness.timeout = 300s (custom)
2025-04-24 14:04:57,595 [9b45c406-4ccb-4f79-99e0-7a7cfdf05c76-groupManagement] INFO  server.RaftServerConfigKeys (ConfUtils.java:logGet(46)) - raft.server.leaderelection.leader.step-down.wait-time = 10s (default)
2025-04-24 14:04:57,595 [9b45c406-4ccb-4f79-99e0-7a7cfdf05c76-groupManagement] INFO  server.RaftServerConfigKeys (ConfUtils.java:logGet(46)) - raft.server.leaderelection.member.majority-add = false (default)
2025-04-24 14:04:57,595 [9b45c406-4ccb-4f79-99e0-7a7cfdf05c76-groupManagement] INFO  server.RaftServerConfigKeys (ConfUtils.java:logGet(46)) - raft.server.sleep.deviation.threshold = 300ms (default)
2025-04-24 14:04:57,595 [9b45c406-4ccb-4f79-99e0-7a7cfdf05c76-groupManagement] INFO  server.RaftServer$Division (ServerState.java:<init>(114)) - 9b45c406-4ccb-4f79-99e0-7a7cfdf05c76@group-D862D6EF7E65: ConfigurationManager, init=conf: {index: -1, cur=peers:[9b45c406-4ccb-4f79-99e0-7a7cfdf05c76|127.0.0.1:15081]|listeners:[], old=null}, confs=<EMPTY_MAP>
2025-04-24 14:04:57,595 [9b45c406-4ccb-4f79-99e0-7a7cfdf05c76-groupManagement] INFO  server.RaftServerConfigKeys (ConfUtils.java:logGet(46)) - raft.server.notification.no-leader.timeout = 300s (custom)
2025-04-24 14:04:57,595 [9b45c406-4ccb-4f79-99e0-7a7cfdf05c76-groupManagement] INFO  server.RaftServerConfigKeys (ConfUtils.java:logGet(46)) - raft.server.read.timeout = 10s (default)
2025-04-24 14:04:57,595 [9b45c406-4ccb-4f79-99e0-7a7cfdf05c76-groupManagement] INFO  server.RaftServerConfigKeys (ConfUtils.java:logGet(46)) - raft.server.retrycache.expirytime = 600000ms (custom)
2025-04-24 14:04:57,595 [9b45c406-4ccb-4f79-99e0-7a7cfdf05c76-groupManagement] INFO  server.RaftServerConfigKeys (ConfUtils.java:logGet(46)) - raft.server.retrycache.statistics.expirytime = 100ms (default)
2025-04-24 14:04:57,595 [9b45c406-4ccb-4f79-99e0-7a7cfdf05c76-groupManagement] INFO  server.RaftServerConfigKeys (ConfUtils.java:logGet(46)) - raft.server.read.option = DEFAULT (default)
2025-04-24 14:04:57,595 [9b45c406-4ccb-4f79-99e0-7a7cfdf05c76-groupManagement] INFO  server.RaftServerConfigKeys (ConfUtils.java:logGet(46)) - raft.server.read.read-after-write-consistent.write-index-cache.expiry-time = 60s (default)
2025-04-24 14:04:57,597 [9b45c406-4ccb-4f79-99e0-7a7cfdf05c76-groupManagement] INFO  server.RaftServerConfigKeys (ConfUtils.java:logGet(46)) - raft.server.rpc.request.timeout = 60s (custom)
2025-04-24 14:04:57,597 [9b45c406-4ccb-4f79-99e0-7a7cfdf05c76-groupManagement] INFO  server.RaftServerConfigKeys (ConfUtils.java:logGet(46)) - raft.server.log.appender.install.snapshot.enabled = false (custom)
2025-04-24 14:04:57,597 [9b45c406-4ccb-4f79-99e0-7a7cfdf05c76-groupManagement] INFO  server.RaftServerConfigKeys (ConfUtils.java:logGet(46)) - raft.server.threadpool.server.cached = true (default)
2025-04-24 14:04:57,597 [9b45c406-4ccb-4f79-99e0-7a7cfdf05c76-groupManagement] INFO  server.RaftServerConfigKeys (ConfUtils.java:logGet(46)) - raft.server.threadpool.server.size = 0 (default)
2025-04-24 14:04:57,597 [9b45c406-4ccb-4f79-99e0-7a7cfdf05c76-groupManagement] INFO  server.RaftServerConfigKeys (ConfUtils.java:logGet(46)) - raft.server.threadpool.client.cached = true (default)
2025-04-24 14:04:57,597 [9b45c406-4ccb-4f79-99e0-7a7cfdf05c76-groupManagement] INFO  server.RaftServerConfigKeys (ConfUtils.java:logGet(46)) - raft.server.threadpool.client.size = 0 (default)
2025-04-24 14:04:57,597 [9b45c406-4ccb-4f79-99e0-7a7cfdf05c76-groupManagement] INFO  server.RaftServerConfigKeys (ConfUtils.java:logGet(46)) - raft.server.storage.free-space.min = 0MB (=0) (default)
2025-04-24 14:04:57,597 [9b45c406-4ccb-4f79-99e0-7a7cfdf05c76-groupManagement] INFO  server.RaftServerConfigKeys (ConfUtils.java:logGet(46)) - raft.server.log.corruption.policy = EXCEPTION (default)
2025-04-24 14:04:57,598 [9b45c406-4ccb-4f79-99e0-7a7cfdf05c76-groupManagement] INFO  server.RaftServerConfigKeys (ConfUtils.java:logGet(46)) - raft.server.storage.dir = [/home/runner/work/ozone/ozone/hadoop-ozone/integration-test/target/test-dir/MiniOzoneClusterImpl-9c5b6909-9e9c-47e3-ad7a-324826695869/ozone-meta/datanode-3/ratis] (custom)
2025-04-24 14:04:57,598 [9b45c406-4ccb-4f79-99e0-7a7cfdf05c76-groupManagement] INFO  storage.RaftStorageDirectory (RaftStorageDirectoryImpl.java:analyzeStorage(138)) - The storage directory /home/runner/work/ozone/ozone/hadoop-ozone/integration-test/target/test-dir/MiniOzoneClusterImpl-9c5b6909-9e9c-47e3-ad7a-324826695869/ozone-meta/datanode-3/ratis/328273ee-022d-49c3-8449-d862d6ef7e65 does not exist. Creating ...
2025-04-24 14:04:57,599 [9b45c406-4ccb-4f79-99e0-7a7cfdf05c76-groupManagement] INFO  storage.RaftStorageDirectory (RaftStorageDirectoryImpl.java:tryLock(229)) - Lock on /home/runner/work/ozone/ozone/hadoop-ozone/integration-test/target/test-dir/MiniOzoneClusterImpl-9c5b6909-9e9c-47e3-ad7a-324826695869/ozone-meta/datanode-3/ratis/328273ee-022d-49c3-8449-d862d6ef7e65/in_use.lock acquired by nodename 129728@fv-az2210-761
2025-04-24 14:04:57,599 [9b45c406-4ccb-4f79-99e0-7a7cfdf05c76-groupManagement] INFO  storage.RaftStorage (RaftStorageImpl.java:format(98)) - Storage directory /home/runner/work/ozone/ozone/hadoop-ozone/integration-test/target/test-dir/MiniOzoneClusterImpl-9c5b6909-9e9c-47e3-ad7a-324826695869/ozone-meta/datanode-3/ratis/328273ee-022d-49c3-8449-d862d6ef7e65 has been successfully formatted.
2025-04-24 14:04:57,600 [9b45c406-4ccb-4f79-99e0-7a7cfdf05c76-groupManagement] INFO  ratis.ContainerStateMachine (ContainerStateMachine.java:initialize(339)) - 9b45c406-4ccb-4f79-99e0-7a7cfdf05c76: initialize group-D862D6EF7E65
2025-04-24 14:04:57,600 [9b45c406-4ccb-4f79-99e0-7a7cfdf05c76-groupManagement] INFO  ratis.ContainerStateMachine (ContainerStateMachine.java:loadSnapshot(347)) - group-D862D6EF7E65: The snapshot info is null. Setting the last applied index to:(t:0, i:~)
2025-04-24 14:04:57,600 [9b45c406-4ccb-4f79-99e0-7a7cfdf05c76-groupManagement] INFO  server.RaftServerConfigKeys (ConfUtils.java:logGet(46)) - raft.server.log.use.memory = false (default)
2025-04-24 14:04:57,600 [9b45c406-4ccb-4f79-99e0-7a7cfdf05c76-groupManagement] INFO  server.RaftServerConfigKeys (ConfUtils.java:logGet(46)) - raft.server.log.purge.gap = 1000000 (custom)
2025-04-24 14:04:57,600 [9b45c406-4ccb-4f79-99e0-7a7cfdf05c76-groupManagement] INFO  server.RaftServerConfigKeys (ConfUtils.java:logGet(46)) - raft.server.log.appender.buffer.byte-limit = 33554432 (custom)
2025-04-24 14:04:57,600 [9b45c406-4ccb-4f79-99e0-7a7cfdf05c76-groupManagement] INFO  server.RaftServerConfigKeys (ConfUtils.java:logGet(46)) - raft.server.log.statemachine.data.read.timeout = 1000ms (default)
2025-04-24 14:04:57,600 [9b45c406-4ccb-4f79-99e0-7a7cfdf05c76-groupManagement] INFO  server.RaftServerConfigKeys (ConfUtils.java:logGet(46)) - raft.server.log.purge.preservation.log.num = 0 (default)
2025-04-24 14:04:57,601 [9b45c406-4ccb-4f79-99e0-7a7cfdf05c76-groupManagement] INFO  server.RaftServerConfigKeys (ConfUtils.java:logGet(46)) - raft.server.log.segment.size.max = 67108864 (custom)
2025-04-24 14:04:57,601 [9b45c406-4ccb-4f79-99e0-7a7cfdf05c76-groupManagement] INFO  server.RaftServerConfigKeys (ConfUtils.java:logGet(46)) - raft.server.log.segment.cache.num.max = 2 (custom)
2025-04-24 14:04:57,601 [9b45c406-4ccb-4f79-99e0-7a7cfdf05c76-groupManagement] INFO  server.RaftServerConfigKeys (ConfUtils.java:logGet(46)) - raft.server.log.segment.cache.size.max = 200MB (=209715200) (default)
2025-04-24 14:04:57,601 [9b45c406-4ccb-4f79-99e0-7a7cfdf05c76-groupManagement] INFO  server.RaftServerConfigKeys (ConfUtils.java:logGet(46)) - raft.server.log.appender.buffer.byte-limit = 33554432 (custom)
2025-04-24 14:04:57,601 [9b45c406-4ccb-4f79-99e0-7a7cfdf05c76-groupManagement] INFO  util.AwaitToRun (AwaitToRun.java:start(81)) - Thread[#9076,9b45c406-4ccb-4f79-99e0-7a7cfdf05c76@group-D862D6EF7E65-cacheEviction-AwaitToRun,5,main] started
2025-04-24 14:04:57,602 [9b45c406-4ccb-4f79-99e0-7a7cfdf05c76-groupManagement] INFO  segmented.SegmentedRaftLogWorker (SegmentedRaftLogWorker.java:<init>(188)) - new 9b45c406-4ccb-4f79-99e0-7a7cfdf05c76@group-D862D6EF7E65-SegmentedRaftLogWorker for RaftStorageImpl:Storage Directory /home/runner/work/ozone/ozone/hadoop-ozone/integration-test/target/test-dir/MiniOzoneClusterImpl-9c5b6909-9e9c-47e3-ad7a-324826695869/ozone-meta/datanode-3/ratis/328273ee-022d-49c3-8449-d862d6ef7e65
2025-04-24 14:04:57,602 [9b45c406-4ccb-4f79-99e0-7a7cfdf05c76-groupManagement] INFO  server.RaftServerConfigKeys (ConfUtils.java:logGet(46)) - raft.server.log.queue.byte-limit = 4294967296 (custom)
2025-04-24 14:04:57,602 [9b45c406-4ccb-4f79-99e0-7a7cfdf05c76-groupManagement] INFO  server.RaftServerConfigKeys (ConfUtils.java:logGet(46)) - raft.server.log.queue.element-limit = 1024 (custom)
2025-04-24 14:04:57,602 [9b45c406-4ccb-4f79-99e0-7a7cfdf05c76-groupManagement] INFO  server.RaftServerConfigKeys (ConfUtils.java:logGet(46)) - raft.server.log.segment.size.max = 67108864 (custom)
2025-04-24 14:04:57,602 [9b45c406-4ccb-4f79-99e0-7a7cfdf05c76-groupManagement] INFO  server.RaftServerConfigKeys (ConfUtils.java:logGet(46)) - raft.server.log.preallocated.size = 4194304 (custom)
2025-04-24 14:04:57,602 [9b45c406-4ccb-4f79-99e0-7a7cfdf05c76-groupManagement] INFO  server.RaftServerConfigKeys (ConfUtils.java:logGet(46)) - raft.server.log.force.sync.num = 128 (default)
2025-04-24 14:04:57,602 [9b45c406-4ccb-4f79-99e0-7a7cfdf05c76-groupManagement] INFO  server.RaftServerConfigKeys (ConfUtils.java:logGet(46)) - raft.server.log.statemachine.data.sync = true (default)
2025-04-24 14:04:57,602 [9b45c406-4ccb-4f79-99e0-7a7cfdf05c76-groupManagement] INFO  server.RaftServerConfigKeys (ConfUtils.java:logGet(46)) - raft.server.log.statemachine.data.sync.timeout = 10s (default)
2025-04-24 14:04:57,602 [9b45c406-4ccb-4f79-99e0-7a7cfdf05c76-groupManagement] INFO  server.RaftServerConfigKeys (ConfUtils.java:logGet(46)) - raft.server.log.statemachine.data.sync.timeout.retry = 30 (custom)
2025-04-24 14:04:57,602 [9b45c406-4ccb-4f79-99e0-7a7cfdf05c76-groupManagement] INFO  server.RaftServerConfigKeys (ConfUtils.java:logGet(46)) - raft.server.log.write.buffer.size = 33554440 (custom)
2025-04-24 14:04:57,603 [9dabf2e3-6a21-4be5-aa84-80424b1630ab@group-324826695869-StateMachineUpdater] INFO  safemode.HealthyPipelineSafeModeRule (HealthyPipelineSafeModeRule.java:initializeRule(174)) - Refreshed total pipeline count is 0, healthy pipeline threshold count is 1
2025-04-24 14:04:57,603 [EventQueue-PipelineReportForPipelineReportHandler] INFO  pipeline.PipelineReportHandler (PipelineReportHandler.java:processPipelineReport(134)) - Opened pipeline PipelineID=328273ee-022d-49c3-8449-d862d6ef7e65
2025-04-24 14:04:57,603 [EventQueue-OpenPipelineForHealthyPipelineSafeModeRule] INFO  safemode.SCMSafeModeManager (HealthyPipelineSafeModeRule.java:process(141)) - SCM in safe mode. Healthy pipelines reported count is 0, required healthy pipeline reported count is 1
2025-04-24 14:04:57,607 [9b45c406-4ccb-4f79-99e0-7a7cfdf05c76-groupManagement] INFO  server.RaftServerConfigKeys (ConfUtils.java:logGet(46)) - raft.server.log.appender.buffer.byte-limit = 33554432 (custom)
2025-04-24 14:04:57,607 [9b45c406-4ccb-4f79-99e0-7a7cfdf05c76-groupManagement] INFO  server.RaftServerConfigKeys (ConfUtils.java:logGet(46)) - raft.server.log.unsafe-flush.enabled = false (default)
2025-04-24 14:04:57,607 [9b45c406-4ccb-4f79-99e0-7a7cfdf05c76-groupManagement] INFO  server.RaftServerConfigKeys (ConfUtils.java:logGet(46)) - raft.server.log.async-flush.enabled = false (default)
2025-04-24 14:04:57,607 [9b45c406-4ccb-4f79-99e0-7a7cfdf05c76-groupManagement] INFO  server.RaftServerConfigKeys (ConfUtils.java:logGet(46)) - raft.server.log.statemachine.data.caching.enabled = true (custom)
2025-04-24 14:04:57,607 [9b45c406-4ccb-4f79-99e0-7a7cfdf05c76-groupManagement] INFO  segmented.SegmentedRaftLogWorker (SegmentedRaftLogWorker.java:lambda$new$0(139)) - 9b45c406-4ccb-4f79-99e0-7a7cfdf05c76@group-D862D6EF7E65-SegmentedRaftLogWorker: flushIndex: setUnconditionally 0 -> -1
2025-04-24 14:04:57,607 [9b45c406-4ccb-4f79-99e0-7a7cfdf05c76-groupManagement] INFO  segmented.SegmentedRaftLogWorker (SegmentedRaftLogWorker.java:lambda$new$0(139)) - 9b45c406-4ccb-4f79-99e0-7a7cfdf05c76@group-D862D6EF7E65-SegmentedRaftLogWorker: safeCacheEvictIndex: setUnconditionally 0 -> -1
2025-04-24 14:04:57,608 [9b45c406-4ccb-4f79-99e0-7a7cfdf05c76-groupManagement] INFO  server.RaftServer$Division (RaftServerImpl.java:start(391)) - 9b45c406-4ccb-4f79-99e0-7a7cfdf05c76@group-D862D6EF7E65: start as a follower, conf=conf: {index: -1, cur=peers:[9b45c406-4ccb-4f79-99e0-7a7cfdf05c76|127.0.0.1:15081]|listeners:[], old=null}
2025-04-24 14:04:57,608 [9b45c406-4ccb-4f79-99e0-7a7cfdf05c76-groupManagement] INFO  server.RaftServer$Division (RaftServerImpl.java:setRole(378)) - 9b45c406-4ccb-4f79-99e0-7a7cfdf05c76@group-D862D6EF7E65: changes role from      null to FOLLOWER at term 0 for startAsFollower
2025-04-24 14:04:57,608 [9b45c406-4ccb-4f79-99e0-7a7cfdf05c76-groupManagement] INFO  impl.RoleInfo (RoleInfo.java:updateAndGet(148)) - 9b45c406-4ccb-4f79-99e0-7a7cfdf05c76: start 9b45c406-4ccb-4f79-99e0-7a7cfdf05c76@group-D862D6EF7E65-FollowerState
2025-04-24 14:04:57,608 [9b45c406-4ccb-4f79-99e0-7a7cfdf05c76@group-D862D6EF7E65-FollowerState] INFO  server.RaftServerConfigKeys (ConfUtils.java:logGet(46)) - raft.server.rpc.first-election.timeout.min = 1000ms (custom)
2025-04-24 14:04:57,608 [9b45c406-4ccb-4f79-99e0-7a7cfdf05c76-groupManagement] INFO  util.JmxRegister (JmxRegister.java:tryRegister(44)) - Successfully registered JMX Bean with object name Ratis:service=RaftServer,group=group-D862D6EF7E65,id=9b45c406-4ccb-4f79-99e0-7a7cfdf05c76
2025-04-24 14:04:57,608 [9b45c406-4ccb-4f79-99e0-7a7cfdf05c76-groupManagement] INFO  util.JmxRegister (JmxRegister.java:register(58)) - register mxBean class org.apache.ratis.server.impl.RaftServerJmxAdapter as Ratis:service=RaftServer,group=group-D862D6EF7E65,id=9b45c406-4ccb-4f79-99e0-7a7cfdf05c76
2025-04-24 14:04:57,608 [9b45c406-4ccb-4f79-99e0-7a7cfdf05c76-groupManagement] INFO  server.RaftServerConfigKeys (ConfUtils.java:logGet(46)) - raft.server.snapshot.trigger-when-stop.enabled = true (default)
2025-04-24 14:04:57,608 [9b45c406-4ccb-4f79-99e0-7a7cfdf05c76-groupManagement] INFO  server.RaftServerConfigKeys (ConfUtils.java:logGet(46)) - raft.server.snapshot.trigger-when-remove.enabled = true (default)
2025-04-24 14:04:57,608 [9b45c406-4ccb-4f79-99e0-7a7cfdf05c76-groupManagement] INFO  server.RaftServerConfigKeys (ConfUtils.java:logGet(46)) - raft.server.snapshot.auto.trigger.enabled = true (custom)
2025-04-24 14:04:57,608 [9b45c406-4ccb-4f79-99e0-7a7cfdf05c76-groupManagement] INFO  server.RaftServerConfigKeys (ConfUtils.java:logGet(46)) - raft.server.snapshot.auto.trigger.threshold = 100000 (custom)
2025-04-24 14:04:57,608 [9b45c406-4ccb-4f79-99e0-7a7cfdf05c76-groupManagement] INFO  server.RaftServerConfigKeys (ConfUtils.java:logGet(46)) - raft.server.snapshot.retention.file.num = 5 (custom)
2025-04-24 14:04:57,608 [9b45c406-4ccb-4f79-99e0-7a7cfdf05c76-groupManagement] INFO  server.RaftServerConfigKeys (ConfUtils.java:logGet(46)) - raft.server.log.purge.upto.snapshot.index = false (default)
2025-04-24 14:04:57,608 [9b45c406-4ccb-4f79-99e0-7a7cfdf05c76@group-D862D6EF7E65-FollowerState] INFO  server.RaftServerConfigKeys (ConfUtils.java:logGet(46)) - raft.server.rpc.first-election.timeout.max = 1200ms (custom)
2025-04-24 14:04:57,609 [9b45c406-4ccb-4f79-99e0-7a7cfdf05c76-groupManagement] INFO  server.RaftServer$Division (RaftServerImpl.java:start(405)) - 9b45c406-4ccb-4f79-99e0-7a7cfdf05c76@group-D862D6EF7E65: Successfully started.
2025-04-24 14:04:57,609 [9b45c406-4ccb-4f79-99e0-7a7cfdf05c76-PipelineCommandHandlerThread-0] INFO  ratis.XceiverServerRatis (XceiverServerRatis.java:addGroup(842)) - Created group PipelineID=328273ee-022d-49c3-8449-d862d6ef7e65
2025-04-24 14:04:57,609 [9b45c406-4ccb-4f79-99e0-7a7cfdf05c76-PipelineCommandHandlerThread-0] INFO  commandhandler.CreatePipelineCommandHandler (CreatePipelineCommandHandler.java:lambda$handle$2(128)) - Created Pipeline RATIS ONE PipelineID=328273ee-022d-49c3-8449-d862d6ef7e65.
2025-04-24 14:04:58,094 [main] INFO  ozone.MiniOzoneClusterImpl (MiniOzoneClusterImpl.java:lambda$waitForClusterToBeReady$0(190)) - Nodes are ready. Got 3 of 3 DN Heartbeats.
2025-04-24 14:04:58,095 [main] INFO  ozone.MiniOzoneClusterImpl (MiniOzoneClusterImpl.java:lambda$waitForClusterToBeReady$0(193)) - Waiting for cluster to exit safe mode
2025-04-24 14:04:58,095 [main] INFO  ozone.MiniOzoneClusterImpl (MiniOzoneClusterImpl.java:lambda$waitForClusterToBeReady$0(195)) - SCM became leader
2025-04-24 14:04:58,291 [45889312-f9ba-413f-bd11-bf2ed7b16685@group-E3CE334C69D1-FollowerState] INFO  impl.FollowerState (FollowerState.java:runImpl(161)) - 45889312-f9ba-413f-bd11-bf2ed7b16685@group-E3CE334C69D1-FollowerState: change to CANDIDATE, lastRpcElapsedTime:1061037265ns, electionTimeout:1060ms
2025-04-24 14:04:58,291 [45889312-f9ba-413f-bd11-bf2ed7b16685@group-E3CE334C69D1-FollowerState] INFO  impl.RoleInfo (RoleInfo.java:shutdownFollowerState(121)) - 45889312-f9ba-413f-bd11-bf2ed7b16685: shutdown 45889312-f9ba-413f-bd11-bf2ed7b16685@group-E3CE334C69D1-FollowerState
2025-04-24 14:04:58,291 [45889312-f9ba-413f-bd11-bf2ed7b16685@group-E3CE334C69D1-FollowerState] INFO  server.RaftServer$Division (RaftServerImpl.java:setRole(378)) - 45889312-f9ba-413f-bd11-bf2ed7b16685@group-E3CE334C69D1: changes role from  FOLLOWER to CANDIDATE at term 0 for changeToCandidate
2025-04-24 14:04:58,291 [45889312-f9ba-413f-bd11-bf2ed7b16685@group-E3CE334C69D1-FollowerState] INFO  server.RaftServerConfigKeys (ConfUtils.java:logGet(46)) - raft.server.leaderelection.pre-vote = true (default)
2025-04-24 14:04:58,291 [45889312-f9ba-413f-bd11-bf2ed7b16685@group-E3CE334C69D1-FollowerState] INFO  impl.RoleInfo (RoleInfo.java:updateAndGet(148)) - 45889312-f9ba-413f-bd11-bf2ed7b16685: start 45889312-f9ba-413f-bd11-bf2ed7b16685@group-E3CE334C69D1-LeaderElection40
2025-04-24 14:04:58,291 [45889312-f9ba-413f-bd11-bf2ed7b16685@group-E3CE334C69D1-LeaderElection40] INFO  impl.LeaderElection (LeaderElection.java:askForVotes(332)) - 45889312-f9ba-413f-bd11-bf2ed7b16685@group-E3CE334C69D1-LeaderElection40 PRE_VOTE round 0: submit vote requests at term 0 for conf: {index: -1, cur=peers:[45889312-f9ba-413f-bd11-bf2ed7b16685|127.0.0.1:15065]|listeners:[], old=null}
2025-04-24 14:04:58,292 [45889312-f9ba-413f-bd11-bf2ed7b16685@group-E3CE334C69D1-LeaderElection40] INFO  impl.LeaderElection (LeaderElection.java:askForVotes(334)) - 45889312-f9ba-413f-bd11-bf2ed7b16685@group-E3CE334C69D1-LeaderElection40 PRE_VOTE round 0: result PASSED (term=0)
2025-04-24 14:04:58,293 [45889312-f9ba-413f-bd11-bf2ed7b16685@group-E3CE334C69D1-LeaderElection40] INFO  impl.LeaderElection (LeaderElection.java:askForVotes(332)) - 45889312-f9ba-413f-bd11-bf2ed7b16685@group-E3CE334C69D1-LeaderElection40 ELECTION round 0: submit vote requests at term 1 for conf: {index: -1, cur=peers:[45889312-f9ba-413f-bd11-bf2ed7b16685|127.0.0.1:15065]|listeners:[], old=null}
2025-04-24 14:04:58,293 [45889312-f9ba-413f-bd11-bf2ed7b16685@group-E3CE334C69D1-LeaderElection40] INFO  impl.LeaderElection (LeaderElection.java:askForVotes(334)) - 45889312-f9ba-413f-bd11-bf2ed7b16685@group-E3CE334C69D1-LeaderElection40 ELECTION round 0: result PASSED (term=1)
2025-04-24 14:04:58,293 [45889312-f9ba-413f-bd11-bf2ed7b16685@group-E3CE334C69D1-LeaderElection40] INFO  impl.RoleInfo (RoleInfo.java:shutdownLeaderElection(141)) - 45889312-f9ba-413f-bd11-bf2ed7b16685: shutdown 45889312-f9ba-413f-bd11-bf2ed7b16685@group-E3CE334C69D1-LeaderElection40
2025-04-24 14:04:58,293 [45889312-f9ba-413f-bd11-bf2ed7b16685@group-E3CE334C69D1-LeaderElection40] INFO  server.RaftServer$Division (RaftServerImpl.java:setRole(378)) - 45889312-f9ba-413f-bd11-bf2ed7b16685@group-E3CE334C69D1: changes role from CANDIDATE to LEADER at term 1 for changeToLeader
2025-04-24 14:04:58,293 [45889312-f9ba-413f-bd11-bf2ed7b16685@group-E3CE334C69D1-LeaderElection40] INFO  server.RaftServerConfigKeys (ConfUtils.java:logGet(46)) - raft.server.staging.catchup.gap = 1000 (default)
2025-04-24 14:04:58,293 [45889312-f9ba-413f-bd11-bf2ed7b16685@group-E3CE334C69D1-LeaderElection40] INFO  server.RaftServerConfigKeys (ConfUtils.java:logGet(46)) - raft.server.write.element-limit = 1024 (custom)
2025-04-24 14:04:58,293 [45889312-f9ba-413f-bd11-bf2ed7b16685@group-E3CE334C69D1-LeaderElection40] INFO  server.RaftServerConfigKeys (ConfUtils.java:logGet(46)) - raft.server.write.byte-limit = 1024 M (=1073741824) (custom)
2025-04-24 14:04:58,293 [45889312-f9ba-413f-bd11-bf2ed7b16685@group-E3CE334C69D1-LeaderElection40] INFO  server.RaftServerConfigKeys (ConfUtils.java:logGet(46)) - raft.server.watch.timeout = 30s (custom)
2025-04-24 14:04:58,293 [45889312-f9ba-413f-bd11-bf2ed7b16685@group-E3CE334C69D1-LeaderElection40] INFO  server.RaftServerConfigKeys (ConfUtils.java:logGet(46)) - raft.server.watch.timeout.denomination = 1s (default)
2025-04-24 14:04:58,293 [45889312-f9ba-413f-bd11-bf2ed7b16685@group-E3CE334C69D1-LeaderElection40] INFO  server.RaftServerConfigKeys (ConfUtils.java:logGet(46)) - raft.server.watch.element-limit = 65536 (default)
2025-04-24 14:04:58,293 [45889312-f9ba-413f-bd11-bf2ed7b16685@group-E3CE334C69D1-LeaderElection40] INFO  server.RaftServerConfigKeys (ConfUtils.java:logGet(46)) - raft.server.read.leader.lease.enabled = false (default)
2025-04-24 14:04:58,293 [45889312-f9ba-413f-bd11-bf2ed7b16685@group-E3CE334C69D1-LeaderElection40] INFO  server.RaftServerConfigKeys (ConfUtils.java:logGet(46)) - raft.server.read.leader.lease.timeout.ratio = 0.9 (default)
2025-04-24 14:04:58,293 [45889312-f9ba-413f-bd11-bf2ed7b16685@group-E3CE334C69D1-LeaderElection40] INFO  server.RaftServerConfigKeys (ConfUtils.java:logGet(46)) - raft.server.rpc.timeout.min = 5s (custom)
2025-04-24 14:04:58,293 [45889312-f9ba-413f-bd11-bf2ed7b16685@group-E3CE334C69D1-LeaderElection40] INFO  server.RaftServerConfigKeys (ConfUtils.java:logGet(46)) - raft.server.log.log-metadata.enabled = true (default)
2025-04-24 14:04:58,293 [45889312-f9ba-413f-bd11-bf2ed7b16685@group-E3CE334C69D1-LeaderElection40] INFO  server.RaftServerConfigKeys (ConfUtils.java:logGet(46)) - raft.server.write.element-limit = 1024 (custom)
2025-04-24 14:04:58,293 [45889312-f9ba-413f-bd11-bf2ed7b16685@group-E3CE334C69D1-LeaderElection40] INFO  server.RaftServerConfigKeys (ConfUtils.java:logGet(46)) - raft.server.write.follower.gap.ratio.max = -1.0 (default)
2025-04-24 14:04:58,293 [45889312-f9ba-413f-bd11-bf2ed7b16685@group-E3CE334C69D1-LeaderElection40] INFO  impl.RoleInfo (RoleInfo.java:updateAndGet(148)) - 45889312-f9ba-413f-bd11-bf2ed7b16685: start 45889312-f9ba-413f-bd11-bf2ed7b16685@group-E3CE334C69D1-LeaderStateImpl
2025-04-24 14:04:58,293 [45889312-f9ba-413f-bd11-bf2ed7b16685@group-E3CE334C69D1-LeaderElection40] INFO  server.RaftServer$Division (RaftServerImpl.java:setFirstElection(562)) - 45889312-f9ba-413f-bd11-bf2ed7b16685@group-E3CE334C69D1: set firstElectionSinceStartup to false for becomeLeader
2025-04-24 14:04:58,294 [45889312-f9ba-413f-bd11-bf2ed7b16685@group-E3CE334C69D1-LeaderElection40] INFO  ratis.XceiverServerRatis (XceiverServerRatis.java:handleLeaderChangedNotification(942)) - Leader change notification received for group: group-E3CE334C69D1 with new leaderId: 45889312-f9ba-413f-bd11-bf2ed7b16685
2025-04-24 14:04:58,294 [45889312-f9ba-413f-bd11-bf2ed7b16685@group-E3CE334C69D1-LeaderElection40] INFO  server.RaftServer$Division (ServerState.java:setLeader(272)) - 45889312-f9ba-413f-bd11-bf2ed7b16685@group-E3CE334C69D1: change Leader from null to 45889312-f9ba-413f-bd11-bf2ed7b16685 at term 1 for becomeLeader, leader elected after 1079ms
2025-04-24 14:04:58,294 [45889312-f9ba-413f-bd11-bf2ed7b16685@group-E3CE334C69D1-LeaderElection40] INFO  segmented.SegmentedRaftLogWorker (SegmentedRaftLogWorker.java:startLogSegment(438)) - 45889312-f9ba-413f-bd11-bf2ed7b16685@group-E3CE334C69D1-SegmentedRaftLogWorker: Starting segment from index:0
2025-04-24 14:04:58,294 [45889312-f9ba-413f-bd11-bf2ed7b16685@group-E3CE334C69D1-LeaderElection40] INFO  server.RaftServer$Division (ServerState.java:setRaftConf(386)) - 45889312-f9ba-413f-bd11-bf2ed7b16685@group-E3CE334C69D1: set configuration conf: {index: 0, cur=peers:[45889312-f9ba-413f-bd11-bf2ed7b16685|127.0.0.1:15065]|listeners:[], old=null}
2025-04-24 14:04:58,295 [45889312-f9ba-413f-bd11-bf2ed7b16685@group-E3CE334C69D1-SegmentedRaftLogWorker] INFO  segmented.BufferedWriteChannel (BufferedWriteChannel.java:open(61)) - open log_inprogress_0 at position 0
2025-04-24 14:04:58,296 [EventQueue-OpenPipelineForHealthyPipelineSafeModeRule] INFO  safemode.SCMSafeModeManager (HealthyPipelineSafeModeRule.java:process(141)) - SCM in safe mode. Healthy pipelines reported count is 0, required healthy pipeline reported count is 1
2025-04-24 14:04:58,297 [timer4] WARN  server.GrpcLogAppender (LogUtils.java:warn(121)) - omNode-1@group-523986131536->omNode-3-AppendLogResponseHandler: Failed appendEntries (Repeated 6 times in the last 5.001s): org.apache.ratis.thirdparty.io.grpc.StatusRuntimeException: UNAVAILABLE: io exception
2025-04-24 14:04:58,299 [timer7] WARN  server.GrpcLogAppender (GrpcLogAppender.java:lambda$resetClient$1(221)) - omNode-1@group-523986131536->omNode-3-GrpcLogAppender: Follower failed (request=null, errorCount=6); keep nextIndex (1) unchanged and retry. (Repeated 5 times in the last 5.000s)
2025-04-24 14:04:58,304 [45889312-f9ba-413f-bd11-bf2ed7b16685@group-E3CE334C69D1-SegmentedRaftLogWorker] INFO  segmented.SegmentedRaftLogWorker (SegmentedRaftLogWorker.java:execute(644)) - 45889312-f9ba-413f-bd11-bf2ed7b16685@group-E3CE334C69D1-SegmentedRaftLogWorker: created new log segment /home/runner/work/ozone/ozone/hadoop-ozone/integration-test/target/test-dir/MiniOzoneClusterImpl-9c5b6909-9e9c-47e3-ad7a-324826695869/ozone-meta/datanode-1/ratis/2f01c2c0-db07-453a-ae2b-e3ce334c69d1/current/log_inprogress_0
2025-04-24 14:04:58,306 [45889312-f9ba-413f-bd11-bf2ed7b16685@group-E3CE334C69D1-StateMachineUpdater] INFO  server.RaftServer$Division (LeaderStateImpl.java:checkStartIndex(313)) - Leader 45889312-f9ba-413f-bd11-bf2ed7b16685@group-E3CE334C69D1-LeaderStateImpl is ready since appliedIndex == startIndex == 0
2025-04-24 14:04:58,328 [45889312-f9ba-413f-bd11-bf2ed7b16685@group-C42CEAA32394-FollowerState] INFO  impl.FollowerState (FollowerState.java:runImpl(161)) - 45889312-f9ba-413f-bd11-bf2ed7b16685@group-C42CEAA32394-FollowerState: change to CANDIDATE, lastRpcElapsedTime:1012984279ns, electionTimeout:1012ms
2025-04-24 14:04:58,328 [45889312-f9ba-413f-bd11-bf2ed7b16685@group-C42CEAA32394-FollowerState] INFO  impl.RoleInfo (RoleInfo.java:shutdownFollowerState(121)) - 45889312-f9ba-413f-bd11-bf2ed7b16685: shutdown 45889312-f9ba-413f-bd11-bf2ed7b16685@group-C42CEAA32394-FollowerState
2025-04-24 14:04:58,328 [45889312-f9ba-413f-bd11-bf2ed7b16685@group-C42CEAA32394-FollowerState] INFO  server.RaftServer$Division (RaftServerImpl.java:setRole(378)) - 45889312-f9ba-413f-bd11-bf2ed7b16685@group-C42CEAA32394: changes role from  FOLLOWER to CANDIDATE at term 0 for changeToCandidate
2025-04-24 14:04:58,328 [45889312-f9ba-413f-bd11-bf2ed7b16685@group-C42CEAA32394-FollowerState] INFO  server.RaftServerConfigKeys (ConfUtils.java:logGet(46)) - raft.server.leaderelection.pre-vote = true (default)
2025-04-24 14:04:58,328 [45889312-f9ba-413f-bd11-bf2ed7b16685@group-C42CEAA32394-FollowerState] INFO  impl.RoleInfo (RoleInfo.java:updateAndGet(148)) - 45889312-f9ba-413f-bd11-bf2ed7b16685: start 45889312-f9ba-413f-bd11-bf2ed7b16685@group-C42CEAA32394-LeaderElection41
2025-04-24 14:04:58,328 [45889312-f9ba-413f-bd11-bf2ed7b16685@group-C42CEAA32394-LeaderElection41] INFO  impl.LeaderElection (LeaderElection.java:askForVotes(332)) - 45889312-f9ba-413f-bd11-bf2ed7b16685@group-C42CEAA32394-LeaderElection41 PRE_VOTE round 0: submit vote requests at term 0 for conf: {index: -1, cur=peers:[45889312-f9ba-413f-bd11-bf2ed7b16685|127.0.0.1:15065, 834ba878-0480-4e5d-9f84-edbf9d71c88d|127.0.0.1:15073, 9b45c406-4ccb-4f79-99e0-7a7cfdf05c76|127.0.0.1:15081]|listeners:[], old=null}
2025-04-24 14:04:58,329 [45889312-f9ba-413f-bd11-bf2ed7b16685@group-C42CEAA32394-LeaderElection41-1] INFO  server.GrpcServerProtocolClient (GrpcServerProtocolClient.java:<init>(65)) - Build channel for 834ba878-0480-4e5d-9f84-edbf9d71c88d|127.0.0.1:15073
2025-04-24 14:04:58,329 [45889312-f9ba-413f-bd11-bf2ed7b16685@group-C42CEAA32394-LeaderElection41-2] INFO  server.GrpcServerProtocolClient (GrpcServerProtocolClient.java:<init>(65)) - Build channel for 9b45c406-4ccb-4f79-99e0-7a7cfdf05c76|127.0.0.1:15081
2025-04-24 14:04:58,329 [45889312-f9ba-413f-bd11-bf2ed7b16685@group-C42CEAA32394-LeaderElection41] INFO  server.RaftServerConfigKeys (ConfUtils.java:logGet(46)) - raft.server.rpc.first-election.timeout.min = 1000ms (custom)
2025-04-24 14:04:58,329 [45889312-f9ba-413f-bd11-bf2ed7b16685@group-C42CEAA32394-LeaderElection41] INFO  server.RaftServerConfigKeys (ConfUtils.java:logGet(46)) - raft.server.rpc.first-election.timeout.max = 1200ms (custom)
2025-04-24 14:04:58,333 [grpc-default-executor-4] INFO  server.RaftServer$Division (RaftServerImpl.java:requestVote(1407)) - 9b45c406-4ccb-4f79-99e0-7a7cfdf05c76@group-C42CEAA32394: receive requestVote(PRE_VOTE, 45889312-f9ba-413f-bd11-bf2ed7b16685, group-C42CEAA32394, 0, (t:0, i:0))
2025-04-24 14:04:58,333 [grpc-default-executor-4] INFO  impl.VoteContext (VoteContext.java:log(49)) - 9b45c406-4ccb-4f79-99e0-7a7cfdf05c76@group-C42CEAA32394-FOLLOWER: accept PRE_VOTE from 45889312-f9ba-413f-bd11-bf2ed7b16685: our priority 0 <= candidate's priority 0
2025-04-24 14:04:58,333 [grpc-default-executor-4] INFO  server.RaftServer$Division (RaftServerImpl.java:requestVote(1441)) - 9b45c406-4ccb-4f79-99e0-7a7cfdf05c76@group-C42CEAA32394 replies to PRE_VOTE vote request: 45889312-f9ba-413f-bd11-bf2ed7b16685<-9b45c406-4ccb-4f79-99e0-7a7cfdf05c76#0:OK-t0. Peer's state: 9b45c406-4ccb-4f79-99e0-7a7cfdf05c76@group-C42CEAA32394:t0, leader=null, voted=, raftlog=Memoized:9b45c406-4ccb-4f79-99e0-7a7cfdf05c76@group-C42CEAA32394-SegmentedRaftLog:OPENED:c-1:lastnull, conf=conf: {index: -1, cur=peers:[45889312-f9ba-413f-bd11-bf2ed7b16685|127.0.0.1:15065, 834ba878-0480-4e5d-9f84-edbf9d71c88d|127.0.0.1:15073, 9b45c406-4ccb-4f79-99e0-7a7cfdf05c76|127.0.0.1:15081]|listeners:[], old=null}
2025-04-24 14:04:58,333 [grpc-default-executor-0] INFO  server.RaftServer$Division (RaftServerImpl.java:requestVote(1407)) - 834ba878-0480-4e5d-9f84-edbf9d71c88d@group-C42CEAA32394: receive requestVote(PRE_VOTE, 45889312-f9ba-413f-bd11-bf2ed7b16685, group-C42CEAA32394, 0, (t:0, i:0))
2025-04-24 14:04:58,333 [grpc-default-executor-0] INFO  impl.VoteContext (VoteContext.java:log(49)) - 834ba878-0480-4e5d-9f84-edbf9d71c88d@group-C42CEAA32394-FOLLOWER: reject PRE_VOTE from 45889312-f9ba-413f-bd11-bf2ed7b16685: our priority 1 > candidate's priority 0
2025-04-24 14:04:58,334 [grpc-default-executor-0] INFO  server.RaftServer$Division (RaftServerImpl.java:requestVote(1441)) - 834ba878-0480-4e5d-9f84-edbf9d71c88d@group-C42CEAA32394 replies to PRE_VOTE vote request: 45889312-f9ba-413f-bd11-bf2ed7b16685<-834ba878-0480-4e5d-9f84-edbf9d71c88d#0:FAIL-t0. Peer's state: 834ba878-0480-4e5d-9f84-edbf9d71c88d@group-C42CEAA32394:t0, leader=null, voted=, raftlog=Memoized:834ba878-0480-4e5d-9f84-edbf9d71c88d@group-C42CEAA32394-SegmentedRaftLog:OPENED:c-1:lastnull, conf=conf: {index: -1, cur=peers:[45889312-f9ba-413f-bd11-bf2ed7b16685|127.0.0.1:15065, 834ba878-0480-4e5d-9f84-edbf9d71c88d|127.0.0.1:15073, 9b45c406-4ccb-4f79-99e0-7a7cfdf05c76|127.0.0.1:15081]|listeners:[], old=null}
2025-04-24 14:04:58,335 [45889312-f9ba-413f-bd11-bf2ed7b16685@group-C42CEAA32394-LeaderElection41] INFO  impl.LeaderElection (LeaderElection.java:logAndReturn(90)) - 45889312-f9ba-413f-bd11-bf2ed7b16685@group-C42CEAA32394-LeaderElection41: PRE_VOTE REJECTED received 2 response(s) and 0 exception(s):
2025-04-24 14:04:58,335 [45889312-f9ba-413f-bd11-bf2ed7b16685@group-C42CEAA32394-LeaderElection41] INFO  impl.LeaderElection (LeaderElection.java:logAndReturn(94)) -   Response 0: 45889312-f9ba-413f-bd11-bf2ed7b16685<-834ba878-0480-4e5d-9f84-edbf9d71c88d#0:FAIL-t0
2025-04-24 14:04:58,335 [45889312-f9ba-413f-bd11-bf2ed7b16685@group-C42CEAA32394-LeaderElection41] INFO  impl.LeaderElection (LeaderElection.java:logAndReturn(94)) -   Response 1: 45889312-f9ba-413f-bd11-bf2ed7b16685<-9b45c406-4ccb-4f79-99e0-7a7cfdf05c76#0:OK-t0
2025-04-24 14:04:58,335 [45889312-f9ba-413f-bd11-bf2ed7b16685@group-C42CEAA32394-LeaderElection41] INFO  impl.LeaderElection (LeaderElection.java:askForVotes(334)) - 45889312-f9ba-413f-bd11-bf2ed7b16685@group-C42CEAA32394-LeaderElection41 PRE_VOTE round 0: result REJECTED
2025-04-24 14:04:58,335 [45889312-f9ba-413f-bd11-bf2ed7b16685@group-C42CEAA32394-LeaderElection41] INFO  server.RaftServer$Division (RaftServerImpl.java:setRole(378)) - 45889312-f9ba-413f-bd11-bf2ed7b16685@group-C42CEAA32394: changes role from CANDIDATE to FOLLOWER at term 0 for REJECTED
2025-04-24 14:04:58,335 [45889312-f9ba-413f-bd11-bf2ed7b16685@group-C42CEAA32394-LeaderElection41] INFO  impl.RoleInfo (RoleInfo.java:shutdownLeaderElection(141)) - 45889312-f9ba-413f-bd11-bf2ed7b16685: shutdown 45889312-f9ba-413f-bd11-bf2ed7b16685@group-C42CEAA32394-LeaderElection41
2025-04-24 14:04:58,335 [45889312-f9ba-413f-bd11-bf2ed7b16685@group-C42CEAA32394-LeaderElection41] INFO  impl.RoleInfo (RoleInfo.java:updateAndGet(148)) - 45889312-f9ba-413f-bd11-bf2ed7b16685: start 45889312-f9ba-413f-bd11-bf2ed7b16685@group-C42CEAA32394-FollowerState
2025-04-24 14:04:58,336 [45889312-f9ba-413f-bd11-bf2ed7b16685@group-C42CEAA32394-FollowerState] INFO  server.RaftServerConfigKeys (ConfUtils.java:logGet(46)) - raft.server.rpc.first-election.timeout.min = 1000ms (custom)
2025-04-24 14:04:58,336 [45889312-f9ba-413f-bd11-bf2ed7b16685@group-C42CEAA32394-FollowerState] INFO  server.RaftServerConfigKeys (ConfUtils.java:logGet(46)) - raft.server.rpc.first-election.timeout.max = 1200ms (custom)
2025-04-24 14:04:58,336 [45889312-f9ba-413f-bd11-bf2ed7b16685@group-C42CEAA32394-LeaderElection41] INFO  server.RaftServer$Division (RaftServerImpl.java:setFirstElection(562)) - 45889312-f9ba-413f-bd11-bf2ed7b16685@group-C42CEAA32394: set firstElectionSinceStartup to false for REJECTED
2025-04-24 14:04:58,355 [834ba878-0480-4e5d-9f84-edbf9d71c88d@group-C42CEAA32394-FollowerState] INFO  impl.FollowerState (FollowerState.java:runImpl(161)) - 834ba878-0480-4e5d-9f84-edbf9d71c88d@group-C42CEAA32394-FollowerState: change to CANDIDATE, lastRpcElapsedTime:1017169810ns, electionTimeout:1016ms
2025-04-24 14:04:58,355 [834ba878-0480-4e5d-9f84-edbf9d71c88d@group-C42CEAA32394-FollowerState] INFO  impl.RoleInfo (RoleInfo.java:shutdownFollowerState(121)) - 834ba878-0480-4e5d-9f84-edbf9d71c88d: shutdown 834ba878-0480-4e5d-9f84-edbf9d71c88d@group-C42CEAA32394-FollowerState
2025-04-24 14:04:58,355 [834ba878-0480-4e5d-9f84-edbf9d71c88d@group-C42CEAA32394-FollowerState] INFO  server.RaftServer$Division (RaftServerImpl.java:setRole(378)) - 834ba878-0480-4e5d-9f84-edbf9d71c88d@group-C42CEAA32394: changes role from  FOLLOWER to CANDIDATE at term 0 for changeToCandidate
2025-04-24 14:04:58,355 [834ba878-0480-4e5d-9f84-edbf9d71c88d@group-C42CEAA32394-FollowerState] INFO  server.RaftServerConfigKeys (ConfUtils.java:logGet(46)) - raft.server.leaderelection.pre-vote = true (default)
2025-04-24 14:04:58,355 [834ba878-0480-4e5d-9f84-edbf9d71c88d@group-C42CEAA32394-FollowerState] INFO  impl.RoleInfo (RoleInfo.java:updateAndGet(148)) - 834ba878-0480-4e5d-9f84-edbf9d71c88d: start 834ba878-0480-4e5d-9f84-edbf9d71c88d@group-C42CEAA32394-LeaderElection42
2025-04-24 14:04:58,355 [834ba878-0480-4e5d-9f84-edbf9d71c88d@group-C42CEAA32394-LeaderElection42] INFO  impl.LeaderElection (LeaderElection.java:askForVotes(332)) - 834ba878-0480-4e5d-9f84-edbf9d71c88d@group-C42CEAA32394-LeaderElection42 PRE_VOTE round 0: submit vote requests at term 0 for conf: {index: -1, cur=peers:[45889312-f9ba-413f-bd11-bf2ed7b16685|127.0.0.1:15065, 834ba878-0480-4e5d-9f84-edbf9d71c88d|127.0.0.1:15073, 9b45c406-4ccb-4f79-99e0-7a7cfdf05c76|127.0.0.1:15081]|listeners:[], old=null}
2025-04-24 14:04:58,355 [834ba878-0480-4e5d-9f84-edbf9d71c88d@group-C42CEAA32394-LeaderElection42-1] INFO  server.GrpcServerProtocolClient (GrpcServerProtocolClient.java:<init>(65)) - Build channel for 45889312-f9ba-413f-bd11-bf2ed7b16685|127.0.0.1:15065
2025-04-24 14:04:58,356 [834ba878-0480-4e5d-9f84-edbf9d71c88d@group-C42CEAA32394-LeaderElection42-2] INFO  server.GrpcServerProtocolClient (GrpcServerProtocolClient.java:<init>(65)) - Build channel for 9b45c406-4ccb-4f79-99e0-7a7cfdf05c76|127.0.0.1:15081
2025-04-24 14:04:58,356 [834ba878-0480-4e5d-9f84-edbf9d71c88d@group-C42CEAA32394-LeaderElection42] INFO  server.RaftServerConfigKeys (ConfUtils.java:logGet(46)) - raft.server.rpc.first-election.timeout.min = 1000ms (custom)
2025-04-24 14:04:58,356 [834ba878-0480-4e5d-9f84-edbf9d71c88d@group-C42CEAA32394-LeaderElection42] INFO  server.RaftServerConfigKeys (ConfUtils.java:logGet(46)) - raft.server.rpc.first-election.timeout.max = 1200ms (custom)
2025-04-24 14:04:58,359 [grpc-default-executor-4] INFO  server.RaftServer$Division (RaftServerImpl.java:requestVote(1407)) - 9b45c406-4ccb-4f79-99e0-7a7cfdf05c76@group-C42CEAA32394: receive requestVote(PRE_VOTE, 834ba878-0480-4e5d-9f84-edbf9d71c88d, group-C42CEAA32394, 0, (t:0, i:0))
2025-04-24 14:04:58,359 [grpc-default-executor-4] INFO  impl.VoteContext (VoteContext.java:log(49)) - 9b45c406-4ccb-4f79-99e0-7a7cfdf05c76@group-C42CEAA32394-FOLLOWER: accept PRE_VOTE from 834ba878-0480-4e5d-9f84-edbf9d71c88d: our priority 0 <= candidate's priority 1
2025-04-24 14:04:58,359 [grpc-default-executor-4] INFO  server.RaftServer$Division (RaftServerImpl.java:requestVote(1441)) - 9b45c406-4ccb-4f79-99e0-7a7cfdf05c76@group-C42CEAA32394 replies to PRE_VOTE vote request: 834ba878-0480-4e5d-9f84-edbf9d71c88d<-9b45c406-4ccb-4f79-99e0-7a7cfdf05c76#0:OK-t0. Peer's state: 9b45c406-4ccb-4f79-99e0-7a7cfdf05c76@group-C42CEAA32394:t0, leader=null, voted=, raftlog=Memoized:9b45c406-4ccb-4f79-99e0-7a7cfdf05c76@group-C42CEAA32394-SegmentedRaftLog:OPENED:c-1:lastnull, conf=conf: {index: -1, cur=peers:[45889312-f9ba-413f-bd11-bf2ed7b16685|127.0.0.1:15065, 834ba878-0480-4e5d-9f84-edbf9d71c88d|127.0.0.1:15073, 9b45c406-4ccb-4f79-99e0-7a7cfdf05c76|127.0.0.1:15081]|listeners:[], old=null}
2025-04-24 14:04:58,359 [grpc-default-executor-0] INFO  server.RaftServer$Division (RaftServerImpl.java:requestVote(1407)) - 45889312-f9ba-413f-bd11-bf2ed7b16685@group-C42CEAA32394: receive requestVote(PRE_VOTE, 834ba878-0480-4e5d-9f84-edbf9d71c88d, group-C42CEAA32394, 0, (t:0, i:0))
2025-04-24 14:04:58,359 [grpc-default-executor-0] INFO  impl.VoteContext (VoteContext.java:log(49)) - 45889312-f9ba-413f-bd11-bf2ed7b16685@group-C42CEAA32394-FOLLOWER: accept PRE_VOTE from 834ba878-0480-4e5d-9f84-edbf9d71c88d: our priority 0 <= candidate's priority 1
2025-04-24 14:04:58,359 [grpc-default-executor-0] INFO  server.RaftServer$Division (RaftServerImpl.java:requestVote(1441)) - 45889312-f9ba-413f-bd11-bf2ed7b16685@group-C42CEAA32394 replies to PRE_VOTE vote request: 834ba878-0480-4e5d-9f84-edbf9d71c88d<-45889312-f9ba-413f-bd11-bf2ed7b16685#0:OK-t0. Peer's state: 45889312-f9ba-413f-bd11-bf2ed7b16685@group-C42CEAA32394:t0, leader=null, voted=, raftlog=Memoized:45889312-f9ba-413f-bd11-bf2ed7b16685@group-C42CEAA32394-SegmentedRaftLog:OPENED:c-1:lastnull, conf=conf: {index: -1, cur=peers:[45889312-f9ba-413f-bd11-bf2ed7b16685|127.0.0.1:15065, 834ba878-0480-4e5d-9f84-edbf9d71c88d|127.0.0.1:15073, 9b45c406-4ccb-4f79-99e0-7a7cfdf05c76|127.0.0.1:15081]|listeners:[], old=null}
2025-04-24 14:04:58,360 [834ba878-0480-4e5d-9f84-edbf9d71c88d@group-C42CEAA32394-LeaderElection42] INFO  impl.LeaderElection (LeaderElection.java:logAndReturn(90)) - 834ba878-0480-4e5d-9f84-edbf9d71c88d@group-C42CEAA32394-LeaderElection42: PRE_VOTE PASSED received 1 response(s) and 0 exception(s):
2025-04-24 14:04:58,360 [834ba878-0480-4e5d-9f84-edbf9d71c88d@group-C42CEAA32394-LeaderElection42] INFO  impl.LeaderElection (LeaderElection.java:logAndReturn(94)) -   Response 0: 834ba878-0480-4e5d-9f84-edbf9d71c88d<-9b45c406-4ccb-4f79-99e0-7a7cfdf05c76#0:OK-t0
2025-04-24 14:04:58,360 [834ba878-0480-4e5d-9f84-edbf9d71c88d@group-C42CEAA32394-LeaderElection42] INFO  impl.LeaderElection (LeaderElection.java:askForVotes(334)) - 834ba878-0480-4e5d-9f84-edbf9d71c88d@group-C42CEAA32394-LeaderElection42 PRE_VOTE round 0: result PASSED
2025-04-24 14:04:58,361 [834ba878-0480-4e5d-9f84-edbf9d71c88d@group-C42CEAA32394-LeaderElection42] INFO  impl.LeaderElection (LeaderElection.java:askForVotes(332)) - 834ba878-0480-4e5d-9f84-edbf9d71c88d@group-C42CEAA32394-LeaderElection42 ELECTION round 0: submit vote requests at term 1 for conf: {index: -1, cur=peers:[45889312-f9ba-413f-bd11-bf2ed7b16685|127.0.0.1:15065, 834ba878-0480-4e5d-9f84-edbf9d71c88d|127.0.0.1:15073, 9b45c406-4ccb-4f79-99e0-7a7cfdf05c76|127.0.0.1:15081]|listeners:[], old=null}
2025-04-24 14:04:58,362 [834ba878-0480-4e5d-9f84-edbf9d71c88d@group-C42CEAA32394-LeaderElection42] INFO  server.RaftServerConfigKeys (ConfUtils.java:logGet(46)) - raft.server.rpc.first-election.timeout.min = 1000ms (custom)
2025-04-24 14:04:58,362 [834ba878-0480-4e5d-9f84-edbf9d71c88d@group-C42CEAA32394-LeaderElection42] INFO  server.RaftServerConfigKeys (ConfUtils.java:logGet(46)) - raft.server.rpc.first-election.timeout.max = 1200ms (custom)
2025-04-24 14:04:58,362 [grpc-default-executor-4] INFO  server.RaftServer$Division (RaftServerImpl.java:requestVote(1407)) - 45889312-f9ba-413f-bd11-bf2ed7b16685@group-C42CEAA32394: receive requestVote(ELECTION, 834ba878-0480-4e5d-9f84-edbf9d71c88d, group-C42CEAA32394, 1, (t:0, i:0))
2025-04-24 14:04:58,362 [grpc-default-executor-0] INFO  server.RaftServer$Division (RaftServerImpl.java:requestVote(1407)) - 9b45c406-4ccb-4f79-99e0-7a7cfdf05c76@group-C42CEAA32394: receive requestVote(ELECTION, 834ba878-0480-4e5d-9f84-edbf9d71c88d, group-C42CEAA32394, 1, (t:0, i:0))
2025-04-24 14:04:58,363 [grpc-default-executor-4] INFO  impl.VoteContext (VoteContext.java:log(49)) - 45889312-f9ba-413f-bd11-bf2ed7b16685@group-C42CEAA32394-FOLLOWER: accept ELECTION from 834ba878-0480-4e5d-9f84-edbf9d71c88d: our priority 0 <= candidate's priority 1
2025-04-24 14:04:58,363 [grpc-default-executor-0] INFO  impl.VoteContext (VoteContext.java:log(49)) - 9b45c406-4ccb-4f79-99e0-7a7cfdf05c76@group-C42CEAA32394-FOLLOWER: accept ELECTION from 834ba878-0480-4e5d-9f84-edbf9d71c88d: our priority 0 <= candidate's priority 1
2025-04-24 14:04:58,363 [grpc-default-executor-0] INFO  server.RaftServer$Division (RaftServerImpl.java:setRole(378)) - 9b45c406-4ccb-4f79-99e0-7a7cfdf05c76@group-C42CEAA32394: changes role from  FOLLOWER to FOLLOWER at term 0 for candidate:834ba878-0480-4e5d-9f84-edbf9d71c88d
2025-04-24 14:04:58,363 [grpc-default-executor-0] INFO  impl.RoleInfo (RoleInfo.java:shutdownFollowerState(121)) - 9b45c406-4ccb-4f79-99e0-7a7cfdf05c76: shutdown 9b45c406-4ccb-4f79-99e0-7a7cfdf05c76@group-C42CEAA32394-FollowerState
2025-04-24 14:04:58,363 [grpc-default-executor-0] INFO  impl.RoleInfo (RoleInfo.java:updateAndGet(148)) - 9b45c406-4ccb-4f79-99e0-7a7cfdf05c76: start 9b45c406-4ccb-4f79-99e0-7a7cfdf05c76@group-C42CEAA32394-FollowerState
2025-04-24 14:04:58,363 [grpc-default-executor-4] INFO  server.RaftServer$Division (RaftServerImpl.java:setRole(378)) - 45889312-f9ba-413f-bd11-bf2ed7b16685@group-C42CEAA32394: changes role from  FOLLOWER to FOLLOWER at term 0 for candidate:834ba878-0480-4e5d-9f84-edbf9d71c88d
2025-04-24 14:04:58,363 [grpc-default-executor-4] INFO  impl.RoleInfo (RoleInfo.java:shutdownFollowerState(121)) - 45889312-f9ba-413f-bd11-bf2ed7b16685: shutdown 45889312-f9ba-413f-bd11-bf2ed7b16685@group-C42CEAA32394-FollowerState
2025-04-24 14:04:58,363 [grpc-default-executor-4] INFO  impl.RoleInfo (RoleInfo.java:updateAndGet(148)) - 45889312-f9ba-413f-bd11-bf2ed7b16685: start 45889312-f9ba-413f-bd11-bf2ed7b16685@group-C42CEAA32394-FollowerState
2025-04-24 14:04:58,363 [9b45c406-4ccb-4f79-99e0-7a7cfdf05c76@group-C42CEAA32394-FollowerState] INFO  server.RaftServerConfigKeys (ConfUtils.java:logGet(46)) - raft.server.rpc.first-election.timeout.min = 1000ms (custom)
2025-04-24 14:04:58,363 [45889312-f9ba-413f-bd11-bf2ed7b16685@group-C42CEAA32394-FollowerState] INFO  impl.FollowerState (FollowerState.java:runImpl(170)) - 45889312-f9ba-413f-bd11-bf2ed7b16685@group-C42CEAA32394-FollowerState was interrupted
2025-04-24 14:04:58,363 [grpc-default-executor-0] INFO  server.RaftServer$Division (RaftServerImpl.java:setFirstElection(562)) - 9b45c406-4ccb-4f79-99e0-7a7cfdf05c76@group-C42CEAA32394: set firstElectionSinceStartup to false for candidate:834ba878-0480-4e5d-9f84-edbf9d71c88d
2025-04-24 14:04:58,363 [9b45c406-4ccb-4f79-99e0-7a7cfdf05c76@group-C42CEAA32394-FollowerState] INFO  server.RaftServerConfigKeys (ConfUtils.java:logGet(46)) - raft.server.rpc.first-election.timeout.max = 1200ms (custom)
2025-04-24 14:04:58,364 [9b45c406-4ccb-4f79-99e0-7a7cfdf05c76@group-C42CEAA32394-FollowerState] INFO  impl.FollowerState (FollowerState.java:runImpl(170)) - 9b45c406-4ccb-4f79-99e0-7a7cfdf05c76@group-C42CEAA32394-FollowerState was interrupted
2025-04-24 14:04:58,364 [grpc-default-executor-4] INFO  server.RaftServer$Division (RaftServerImpl.java:requestVote(1441)) - 45889312-f9ba-413f-bd11-bf2ed7b16685@group-C42CEAA32394 replies to ELECTION vote request: 834ba878-0480-4e5d-9f84-edbf9d71c88d<-45889312-f9ba-413f-bd11-bf2ed7b16685#0:OK-t1. Peer's state: 45889312-f9ba-413f-bd11-bf2ed7b16685@group-C42CEAA32394:t1, leader=null, voted=834ba878-0480-4e5d-9f84-edbf9d71c88d, raftlog=Memoized:45889312-f9ba-413f-bd11-bf2ed7b16685@group-C42CEAA32394-SegmentedRaftLog:OPENED:c-1:lastnull, conf=conf: {index: -1, cur=peers:[45889312-f9ba-413f-bd11-bf2ed7b16685|127.0.0.1:15065, 834ba878-0480-4e5d-9f84-edbf9d71c88d|127.0.0.1:15073, 9b45c406-4ccb-4f79-99e0-7a7cfdf05c76|127.0.0.1:15081]|listeners:[], old=null}
2025-04-24 14:04:58,364 [grpc-default-executor-0] INFO  server.RaftServer$Division (RaftServerImpl.java:requestVote(1441)) - 9b45c406-4ccb-4f79-99e0-7a7cfdf05c76@group-C42CEAA32394 replies to ELECTION vote request: 834ba878-0480-4e5d-9f84-edbf9d71c88d<-9b45c406-4ccb-4f79-99e0-7a7cfdf05c76#0:OK-t1. Peer's state: 9b45c406-4ccb-4f79-99e0-7a7cfdf05c76@group-C42CEAA32394:t1, leader=null, voted=834ba878-0480-4e5d-9f84-edbf9d71c88d, raftlog=Memoized:9b45c406-4ccb-4f79-99e0-7a7cfdf05c76@group-C42CEAA32394-SegmentedRaftLog:OPENED:c-1:lastnull, conf=conf: {index: -1, cur=peers:[45889312-f9ba-413f-bd11-bf2ed7b16685|127.0.0.1:15065, 834ba878-0480-4e5d-9f84-edbf9d71c88d|127.0.0.1:15073, 9b45c406-4ccb-4f79-99e0-7a7cfdf05c76|127.0.0.1:15081]|listeners:[], old=null}
2025-04-24 14:04:58,365 [834ba878-0480-4e5d-9f84-edbf9d71c88d@group-C42CEAA32394-LeaderElection42] INFO  impl.LeaderElection (LeaderElection.java:logAndReturn(90)) - 834ba878-0480-4e5d-9f84-edbf9d71c88d@group-C42CEAA32394-LeaderElection42: ELECTION PASSED received 1 response(s) and 0 exception(s):
2025-04-24 14:04:58,365 [834ba878-0480-4e5d-9f84-edbf9d71c88d@group-C42CEAA32394-LeaderElection42] INFO  impl.LeaderElection (LeaderElection.java:logAndReturn(94)) -   Response 0: 834ba878-0480-4e5d-9f84-edbf9d71c88d<-45889312-f9ba-413f-bd11-bf2ed7b16685#0:OK-t1
2025-04-24 14:04:58,365 [834ba878-0480-4e5d-9f84-edbf9d71c88d@group-C42CEAA32394-LeaderElection42] INFO  impl.LeaderElection (LeaderElection.java:askForVotes(334)) - 834ba878-0480-4e5d-9f84-edbf9d71c88d@group-C42CEAA32394-LeaderElection42 ELECTION round 0: result PASSED
2025-04-24 14:04:58,365 [834ba878-0480-4e5d-9f84-edbf9d71c88d@group-C42CEAA32394-LeaderElection42] INFO  impl.RoleInfo (RoleInfo.java:shutdownLeaderElection(141)) - 834ba878-0480-4e5d-9f84-edbf9d71c88d: shutdown 834ba878-0480-4e5d-9f84-edbf9d71c88d@group-C42CEAA32394-LeaderElection42
2025-04-24 14:04:58,365 [834ba878-0480-4e5d-9f84-edbf9d71c88d@group-C42CEAA32394-LeaderElection42] INFO  server.RaftServer$Division (RaftServerImpl.java:setRole(378)) - 834ba878-0480-4e5d-9f84-edbf9d71c88d@group-C42CEAA32394: changes role from CANDIDATE to LEADER at term 1 for changeToLeader
2025-04-24 14:04:58,365 [834ba878-0480-4e5d-9f84-edbf9d71c88d@group-C42CEAA32394-LeaderElection42] INFO  server.RaftServerConfigKeys (ConfUtils.java:logGet(46)) - raft.server.staging.catchup.gap = 1000 (default)
2025-04-24 14:04:58,365 [834ba878-0480-4e5d-9f84-edbf9d71c88d@group-C42CEAA32394-LeaderElection42] INFO  server.RaftServerConfigKeys (ConfUtils.java:logGet(46)) - raft.server.write.element-limit = 1024 (custom)
2025-04-24 14:04:58,365 [834ba878-0480-4e5d-9f84-edbf9d71c88d@group-C42CEAA32394-LeaderElection42] INFO  server.RaftServerConfigKeys (ConfUtils.java:logGet(46)) - raft.server.write.byte-limit = 1024 M (=1073741824) (custom)
2025-04-24 14:04:58,365 [834ba878-0480-4e5d-9f84-edbf9d71c88d@group-C42CEAA32394-LeaderElection42] INFO  server.RaftServerConfigKeys (ConfUtils.java:logGet(46)) - raft.server.watch.timeout = 30s (custom)
2025-04-24 14:04:58,365 [834ba878-0480-4e5d-9f84-edbf9d71c88d@group-C42CEAA32394-LeaderElection42] INFO  server.RaftServerConfigKeys (ConfUtils.java:logGet(46)) - raft.server.watch.timeout.denomination = 1s (default)
2025-04-24 14:04:58,365 [834ba878-0480-4e5d-9f84-edbf9d71c88d@group-C42CEAA32394-LeaderElection42] INFO  server.RaftServerConfigKeys (ConfUtils.java:logGet(46)) - raft.server.watch.element-limit = 65536 (default)
2025-04-24 14:04:58,366 [834ba878-0480-4e5d-9f84-edbf9d71c88d@group-C42CEAA32394-LeaderElection42] INFO  server.RaftServerConfigKeys (ConfUtils.java:logGet(46)) - raft.server.read.leader.lease.enabled = false (default)
2025-04-24 14:04:58,366 [834ba878-0480-4e5d-9f84-edbf9d71c88d@group-C42CEAA32394-LeaderElection42] INFO  server.RaftServerConfigKeys (ConfUtils.java:logGet(46)) - raft.server.read.leader.lease.timeout.ratio = 0.9 (default)
2025-04-24 14:04:58,366 [834ba878-0480-4e5d-9f84-edbf9d71c88d@group-C42CEAA32394-LeaderElection42] INFO  server.RaftServerConfigKeys (ConfUtils.java:logGet(46)) - raft.server.rpc.timeout.min = 5s (custom)
2025-04-24 14:04:58,366 [834ba878-0480-4e5d-9f84-edbf9d71c88d@group-C42CEAA32394-LeaderElection42] INFO  server.RaftServerConfigKeys (ConfUtils.java:logGet(46)) - raft.server.log.log-metadata.enabled = true (default)
2025-04-24 14:04:58,366 [834ba878-0480-4e5d-9f84-edbf9d71c88d@group-C42CEAA32394-LeaderElection42] INFO  server.RaftServerConfigKeys (ConfUtils.java:logGet(46)) - raft.server.write.element-limit = 1024 (custom)
2025-04-24 14:04:58,366 [834ba878-0480-4e5d-9f84-edbf9d71c88d@group-C42CEAA32394-LeaderElection42] INFO  server.RaftServerConfigKeys (ConfUtils.java:logGet(46)) - raft.server.write.follower.gap.ratio.max = -1.0 (default)
2025-04-24 14:04:58,366 [834ba878-0480-4e5d-9f84-edbf9d71c88d@group-C42CEAA32394-LeaderElection42] INFO  server.RaftServerConfigKeys (ConfUtils.java:logGet(46)) - raft.server.log.appender.snapshot.chunk.size.max = 16MB (=16777216) (default)
2025-04-24 14:04:58,366 [834ba878-0480-4e5d-9f84-edbf9d71c88d@group-C42CEAA32394-LeaderElection42] INFO  server.RaftServerConfigKeys (ConfUtils.java:logGet(46)) - raft.server.log.appender.buffer.byte-limit = 33554432 (custom)
2025-04-24 14:04:58,366 [834ba878-0480-4e5d-9f84-edbf9d71c88d@group-C42CEAA32394-LeaderElection42] INFO  server.RaftServerConfigKeys (ConfUtils.java:logGet(46)) - raft.server.log.appender.buffer.element-limit = 1024 (custom)
2025-04-24 14:04:58,366 [834ba878-0480-4e5d-9f84-edbf9d71c88d@group-C42CEAA32394-LeaderElection42] INFO  server.RaftServerConfigKeys (ConfUtils.java:logGet(46)) - raft.server.log.appender.wait-time.min = 0μs (custom)
2025-04-24 14:04:58,367 [834ba878-0480-4e5d-9f84-edbf9d71c88d@group-C42CEAA32394-LeaderElection42] INFO  grpc.GrpcConfigKeys (ConfUtils.java:logGet(46)) - raft.grpc.server.leader.outstanding.appends.max = 8 (default)
2025-04-24 14:04:58,367 [834ba878-0480-4e5d-9f84-edbf9d71c88d@group-C42CEAA32394-LeaderElection42] INFO  server.RaftServerConfigKeys (ConfUtils.java:logGet(46)) - raft.server.rpc.request.timeout = 60s (custom)
2025-04-24 14:04:58,367 [834ba878-0480-4e5d-9f84-edbf9d71c88d@group-C42CEAA32394-LeaderElection42] INFO  grpc.GrpcConfigKeys (ConfUtils.java:logGet(46)) - raft.grpc.server.install_snapshot.request.element-limit = 8 (default)
2025-04-24 14:04:58,367 [834ba878-0480-4e5d-9f84-edbf9d71c88d@group-C42CEAA32394-LeaderElection42] INFO  grpc.GrpcConfigKeys (ConfUtils.java:logGet(46)) - raft.grpc.server.install_snapshot.request.timeout = 3000ms (default)
2025-04-24 14:04:58,367 [834ba878-0480-4e5d-9f84-edbf9d71c88d@group-C42CEAA32394-LeaderElection42] INFO  grpc.GrpcConfigKeys (ConfUtils.java:logGet(46)) - raft.grpc.server.log-message.batch.duration = 5s (default)
2025-04-24 14:04:58,367 [834ba878-0480-4e5d-9f84-edbf9d71c88d@group-C42CEAA32394-LeaderElection42] INFO  server.RaftServerConfigKeys (ConfUtils.java:logGet(46)) - raft.server.log.appender.install.snapshot.enabled = false (custom)
2025-04-24 14:04:58,367 [834ba878-0480-4e5d-9f84-edbf9d71c88d@group-C42CEAA32394-LeaderElection42] INFO  grpc.GrpcConfigKeys (ConfUtils.java:logGet(46)) - raft.grpc.server.heartbeat.channel = true (default)
2025-04-24 14:04:58,367 [834ba878-0480-4e5d-9f84-edbf9d71c88d@group-C42CEAA32394-LeaderElection42] INFO  server.RaftServerConfigKeys (ConfUtils.java:logGet(46)) - raft.server.log.appender.snapshot.chunk.size.max = 16MB (=16777216) (default)
2025-04-24 14:04:58,367 [834ba878-0480-4e5d-9f84-edbf9d71c88d@group-C42CEAA32394-LeaderElection42] INFO  server.RaftServerConfigKeys (ConfUtils.java:logGet(46)) - raft.server.log.appender.buffer.byte-limit = 33554432 (custom)
2025-04-24 14:04:58,367 [834ba878-0480-4e5d-9f84-edbf9d71c88d@group-C42CEAA32394-LeaderElection42] INFO  server.RaftServerConfigKeys (ConfUtils.java:logGet(46)) - raft.server.log.appender.buffer.element-limit = 1024 (custom)
2025-04-24 14:04:58,367 [834ba878-0480-4e5d-9f84-edbf9d71c88d@group-C42CEAA32394-LeaderElection42] INFO  server.RaftServerConfigKeys (ConfUtils.java:logGet(46)) - raft.server.log.appender.wait-time.min = 0μs (custom)
2025-04-24 14:04:58,368 [834ba878-0480-4e5d-9f84-edbf9d71c88d@group-C42CEAA32394-LeaderElection42] INFO  grpc.GrpcConfigKeys (ConfUtils.java:logGet(46)) - raft.grpc.server.leader.outstanding.appends.max = 8 (default)
2025-04-24 14:04:58,368 [834ba878-0480-4e5d-9f84-edbf9d71c88d@group-C42CEAA32394-LeaderElection42] INFO  server.RaftServerConfigKeys (ConfUtils.java:logGet(46)) - raft.server.rpc.request.timeout = 60s (custom)
2025-04-24 14:04:58,368 [834ba878-0480-4e5d-9f84-edbf9d71c88d@group-C42CEAA32394-LeaderElection42] INFO  grpc.GrpcConfigKeys (ConfUtils.java:logGet(46)) - raft.grpc.server.install_snapshot.request.element-limit = 8 (default)
2025-04-24 14:04:58,368 [834ba878-0480-4e5d-9f84-edbf9d71c88d@group-C42CEAA32394-LeaderElection42] INFO  grpc.GrpcConfigKeys (ConfUtils.java:logGet(46)) - raft.grpc.server.install_snapshot.request.timeout = 3000ms (default)
2025-04-24 14:04:58,368 [834ba878-0480-4e5d-9f84-edbf9d71c88d@group-C42CEAA32394-LeaderElection42] INFO  grpc.GrpcConfigKeys (ConfUtils.java:logGet(46)) - raft.grpc.server.log-message.batch.duration = 5s (default)
2025-04-24 14:04:58,368 [834ba878-0480-4e5d-9f84-edbf9d71c88d@group-C42CEAA32394-LeaderElection42] INFO  server.RaftServerConfigKeys (ConfUtils.java:logGet(46)) - raft.server.log.appender.install.snapshot.enabled = false (custom)
2025-04-24 14:04:58,368 [834ba878-0480-4e5d-9f84-edbf9d71c88d@group-C42CEAA32394-LeaderElection42] INFO  grpc.GrpcConfigKeys (ConfUtils.java:logGet(46)) - raft.grpc.server.heartbeat.channel = true (default)
2025-04-24 14:04:58,368 [834ba878-0480-4e5d-9f84-edbf9d71c88d@group-C42CEAA32394-LeaderElection42] INFO  impl.RoleInfo (RoleInfo.java:updateAndGet(148)) - 834ba878-0480-4e5d-9f84-edbf9d71c88d: start 834ba878-0480-4e5d-9f84-edbf9d71c88d@group-C42CEAA32394-LeaderStateImpl
2025-04-24 14:04:58,368 [834ba878-0480-4e5d-9f84-edbf9d71c88d@group-C42CEAA32394-LeaderElection42] INFO  server.RaftServer$Division (RaftServerImpl.java:setFirstElection(562)) - 834ba878-0480-4e5d-9f84-edbf9d71c88d@group-C42CEAA32394: set firstElectionSinceStartup to false for becomeLeader
2025-04-24 14:04:58,368 [834ba878-0480-4e5d-9f84-edbf9d71c88d@group-C42CEAA32394-LeaderElection42] INFO  ratis.XceiverServerRatis (XceiverServerRatis.java:handleLeaderChangedNotification(942)) - Leader change notification received for group: group-C42CEAA32394 with new leaderId: 834ba878-0480-4e5d-9f84-edbf9d71c88d
2025-04-24 14:04:58,368 [834ba878-0480-4e5d-9f84-edbf9d71c88d@group-C42CEAA32394-LeaderElection42] INFO  server.RaftServer$Division (ServerState.java:setLeader(272)) - 834ba878-0480-4e5d-9f84-edbf9d71c88d@group-C42CEAA32394: change Leader from null to 834ba878-0480-4e5d-9f84-edbf9d71c88d at term 1 for becomeLeader, leader elected after 1045ms
2025-04-24 14:04:58,368 [834ba878-0480-4e5d-9f84-edbf9d71c88d@group-C42CEAA32394-LeaderElection42] INFO  segmented.SegmentedRaftLogWorker (SegmentedRaftLogWorker.java:startLogSegment(438)) - 834ba878-0480-4e5d-9f84-edbf9d71c88d@group-C42CEAA32394-SegmentedRaftLogWorker: Starting segment from index:0
2025-04-24 14:04:58,368 [834ba878-0480-4e5d-9f84-edbf9d71c88d@group-C42CEAA32394-LeaderElection42] INFO  server.RaftServer$Division (ServerState.java:setRaftConf(386)) - 834ba878-0480-4e5d-9f84-edbf9d71c88d@group-C42CEAA32394: set configuration conf: {index: 0, cur=peers:[45889312-f9ba-413f-bd11-bf2ed7b16685|127.0.0.1:15065, 834ba878-0480-4e5d-9f84-edbf9d71c88d|127.0.0.1:15073, 9b45c406-4ccb-4f79-99e0-7a7cfdf05c76|127.0.0.1:15081]|listeners:[], old=null}
2025-04-24 14:04:58,368 [834ba878-0480-4e5d-9f84-edbf9d71c88d@group-C42CEAA32394-SegmentedRaftLogWorker] INFO  segmented.BufferedWriteChannel (BufferedWriteChannel.java:open(61)) - open log_inprogress_0 at position 0
2025-04-24 14:04:58,371 [EventQueue-OpenPipelineForHealthyPipelineSafeModeRule] INFO  safemode.SCMSafeModeManager (HealthyPipelineSafeModeRule.java:process(141)) - SCM in safe mode. Healthy pipelines reported count is 0, required healthy pipeline reported count is 1
2025-04-24 14:04:58,374 [45889312-f9ba-413f-bd11-bf2ed7b16685-server-thread1] INFO  ratis.XceiverServerRatis (XceiverServerRatis.java:handleLeaderChangedNotification(942)) - Leader change notification received for group: group-C42CEAA32394 with new leaderId: 834ba878-0480-4e5d-9f84-edbf9d71c88d
2025-04-24 14:04:58,374 [45889312-f9ba-413f-bd11-bf2ed7b16685-server-thread1] INFO  server.RaftServer$Division (ServerState.java:setLeader(272)) - 45889312-f9ba-413f-bd11-bf2ed7b16685@group-C42CEAA32394: change Leader from null to 834ba878-0480-4e5d-9f84-edbf9d71c88d at term 1 for appendEntries, leader elected after 1073ms
2025-04-24 14:04:58,376 [9b45c406-4ccb-4f79-99e0-7a7cfdf05c76-server-thread1] INFO  ratis.XceiverServerRatis (XceiverServerRatis.java:handleLeaderChangedNotification(942)) - Leader change notification received for group: group-C42CEAA32394 with new leaderId: 834ba878-0480-4e5d-9f84-edbf9d71c88d
2025-04-24 14:04:58,376 [9b45c406-4ccb-4f79-99e0-7a7cfdf05c76-server-thread1] INFO  server.RaftServer$Division (ServerState.java:setLeader(272)) - 9b45c406-4ccb-4f79-99e0-7a7cfdf05c76@group-C42CEAA32394: change Leader from null to 834ba878-0480-4e5d-9f84-edbf9d71c88d at term 1 for appendEntries, leader elected after 1025ms
2025-04-24 14:04:58,376 [45889312-f9ba-413f-bd11-bf2ed7b16685-server-thread3] INFO  server.RaftServer$Division (ServerState.java:setRaftConf(386)) - 45889312-f9ba-413f-bd11-bf2ed7b16685@group-C42CEAA32394: set configuration conf: {index: 0, cur=peers:[45889312-f9ba-413f-bd11-bf2ed7b16685|127.0.0.1:15065, 834ba878-0480-4e5d-9f84-edbf9d71c88d|127.0.0.1:15073, 9b45c406-4ccb-4f79-99e0-7a7cfdf05c76|127.0.0.1:15081]|listeners:[], old=null}
2025-04-24 14:04:58,376 [45889312-f9ba-413f-bd11-bf2ed7b16685-server-thread3] INFO  segmented.SegmentedRaftLogWorker (SegmentedRaftLogWorker.java:startLogSegment(438)) - 45889312-f9ba-413f-bd11-bf2ed7b16685@group-C42CEAA32394-SegmentedRaftLogWorker: Starting segment from index:0
2025-04-24 14:04:58,376 [9b45c406-4ccb-4f79-99e0-7a7cfdf05c76-server-thread2] INFO  server.RaftServer$Division (ServerState.java:setRaftConf(386)) - 9b45c406-4ccb-4f79-99e0-7a7cfdf05c76@group-C42CEAA32394: set configuration conf: {index: 0, cur=peers:[45889312-f9ba-413f-bd11-bf2ed7b16685|127.0.0.1:15065, 834ba878-0480-4e5d-9f84-edbf9d71c88d|127.0.0.1:15073, 9b45c406-4ccb-4f79-99e0-7a7cfdf05c76|127.0.0.1:15081]|listeners:[], old=null}
2025-04-24 14:04:58,376 [9b45c406-4ccb-4f79-99e0-7a7cfdf05c76-server-thread2] INFO  segmented.SegmentedRaftLogWorker (SegmentedRaftLogWorker.java:startLogSegment(438)) - 9b45c406-4ccb-4f79-99e0-7a7cfdf05c76@group-C42CEAA32394-SegmentedRaftLogWorker: Starting segment from index:0
2025-04-24 14:04:58,377 [9dabf2e3-6a21-4be5-aa84-80424b1630ab@group-324826695869-StateMachineUpdater] INFO  safemode.HealthyPipelineSafeModeRule (HealthyPipelineSafeModeRule.java:initializeRule(174)) - Refreshed total pipeline count is 1, healthy pipeline threshold count is 1
2025-04-24 14:04:58,377 [EventQueue-PipelineReportForPipelineReportHandler] INFO  pipeline.PipelineReportHandler (PipelineReportHandler.java:processPipelineReport(134)) - Opened pipeline PipelineID=5b542817-2a6a-4b86-ae8b-c42ceaa32394
2025-04-24 14:04:58,377 [EventQueue-OpenPipelineForHealthyPipelineSafeModeRule] INFO  safemode.SCMSafeModeManager (HealthyPipelineSafeModeRule.java:process(141)) - SCM in safe mode. Healthy pipelines reported count is 1, required healthy pipeline reported count is 1
2025-04-24 14:04:58,377 [EventQueue-OpenPipelineForHealthyPipelineSafeModeRule] INFO  safemode.SCMSafeModeManager (SCMSafeModeManager.java:validateSafeModeExitRules(186)) - HealthyPipelineSafeModeRule rule is successfully validated
2025-04-24 14:04:58,377 [EventQueue-OpenPipelineForHealthyPipelineSafeModeRule] INFO  safemode.SCMSafeModeManager (SCMSafeModeManager.java:validateSafeModeExitRules(201)) - ScmSafeModeManager, all rules are successfully validated
2025-04-24 14:04:58,377 [EventQueue-OpenPipelineForHealthyPipelineSafeModeRule] INFO  safemode.SCMSafeModeManager (SCMSafeModeManager.java:exitSafeMode(231)) - SCM exiting safe mode.
2025-04-24 14:04:58,377 [EventQueue-OpenPipelineForHealthyPipelineSafeModeRule] INFO  ha.SCMContext (SCMContext.java:updateSafeModeStatus(224)) - Update SafeModeStatus from SafeModeStatus{safeModeStatus=true, preCheckPassed=true} to SafeModeStatus{safeModeStatus=false, preCheckPassed=true}.
2025-04-24 14:04:58,377 [EventQueue-OpenPipelineForHealthyPipelineSafeModeRule] INFO  BackgroundPipelineScrubber (BackgroundSCMService.java:notifyStatusChanged(78)) - Service BackgroundPipelineScrubber transitions to RUNNING.
2025-04-24 14:04:58,378 [EventQueue-OpenPipelineForHealthyPipelineSafeModeRule] INFO  ExpiredContainerReplicaOpScrubber (BackgroundSCMService.java:notifyStatusChanged(78)) - Service ExpiredContainerReplicaOpScrubber transitions to RUNNING.
2025-04-24 14:04:58,377 [9b45c406-4ccb-4f79-99e0-7a7cfdf05c76@group-C42CEAA32394-SegmentedRaftLogWorker] INFO  segmented.BufferedWriteChannel (BufferedWriteChannel.java:open(61)) - open log_inprogress_0 at position 0
2025-04-24 14:04:58,378 [EventQueue-OpenPipelineForHealthyPipelineSafeModeRule] INFO  block.SCMBlockDeletingService (SCMBlockDeletingService.java:notifyStatusChanged(250)) - notifyStatusChanged:RUNNING
2025-04-24 14:04:58,377 [45889312-f9ba-413f-bd11-bf2ed7b16685@group-C42CEAA32394-SegmentedRaftLogWorker] INFO  segmented.BufferedWriteChannel (BufferedWriteChannel.java:open(61)) - open log_inprogress_0 at position 0
2025-04-24 14:04:58,378 [EventQueue-OpenPipelineForHealthyPipelineSafeModeRule] INFO  replication.ReplicationManager (ReplicationManager.java:notifyStatusChanged(1386)) - Service ReplicationManager transitions to RUNNING.
2025-04-24 14:04:58,378 [EventQueue-OpenPipelineForHealthyPipelineSafeModeRule] WARN  balancer.ContainerBalancer (ContainerBalancer.java:shouldRun(134)) - Could not find persisted configuration for ContainerBalancer when checking if ContainerBalancer should run. ContainerBalancer should not run now.
2025-04-24 14:04:58,378 [EventQueue-OpenPipelineForHealthyPipelineSafeModeRule] INFO  SCMHATransactionMonitor (BackgroundSCMService.java:notifyStatusChanged(78)) - Service SCMHATransactionMonitor transitions to RUNNING.
2025-04-24 14:04:58,380 [834ba878-0480-4e5d-9f84-edbf9d71c88d@group-C42CEAA32394-SegmentedRaftLogWorker] INFO  segmented.SegmentedRaftLogWorker (SegmentedRaftLogWorker.java:execute(644)) - 834ba878-0480-4e5d-9f84-edbf9d71c88d@group-C42CEAA32394-SegmentedRaftLogWorker: created new log segment /home/runner/work/ozone/ozone/hadoop-ozone/integration-test/target/test-dir/MiniOzoneClusterImpl-9c5b6909-9e9c-47e3-ad7a-324826695869/ozone-meta/datanode-2/ratis/5b542817-2a6a-4b86-ae8b-c42ceaa32394/current/log_inprogress_0
2025-04-24 14:04:58,385 [45889312-f9ba-413f-bd11-bf2ed7b16685@group-B5351F1BDAE1-FollowerState] INFO  impl.FollowerState (FollowerState.java:runImpl(161)) - 45889312-f9ba-413f-bd11-bf2ed7b16685@group-B5351F1BDAE1-FollowerState: change to CANDIDATE, lastRpcElapsedTime:1135660090ns, electionTimeout:1135ms
2025-04-24 14:04:58,385 [45889312-f9ba-413f-bd11-bf2ed7b16685@group-B5351F1BDAE1-FollowerState] INFO  impl.RoleInfo (RoleInfo.java:shutdownFollowerState(121)) - 45889312-f9ba-413f-bd11-bf2ed7b16685: shutdown 45889312-f9ba-413f-bd11-bf2ed7b16685@group-B5351F1BDAE1-FollowerState
2025-04-24 14:04:58,385 [45889312-f9ba-413f-bd11-bf2ed7b16685@group-B5351F1BDAE1-FollowerState] INFO  server.RaftServer$Division (RaftServerImpl.java:setRole(378)) - 45889312-f9ba-413f-bd11-bf2ed7b16685@group-B5351F1BDAE1: changes role from  FOLLOWER to CANDIDATE at term 0 for changeToCandidate
2025-04-24 14:04:58,386 [45889312-f9ba-413f-bd11-bf2ed7b16685@group-B5351F1BDAE1-FollowerState] INFO  server.RaftServerConfigKeys (ConfUtils.java:logGet(46)) - raft.server.leaderelection.pre-vote = true (default)
2025-04-24 14:04:58,386 [45889312-f9ba-413f-bd11-bf2ed7b16685@group-B5351F1BDAE1-FollowerState] INFO  impl.RoleInfo (RoleInfo.java:updateAndGet(148)) - 45889312-f9ba-413f-bd11-bf2ed7b16685: start 45889312-f9ba-413f-bd11-bf2ed7b16685@group-B5351F1BDAE1-LeaderElection43
2025-04-24 14:04:58,386 [45889312-f9ba-413f-bd11-bf2ed7b16685@group-B5351F1BDAE1-LeaderElection43] INFO  impl.LeaderElection (LeaderElection.java:askForVotes(332)) - 45889312-f9ba-413f-bd11-bf2ed7b16685@group-B5351F1BDAE1-LeaderElection43 PRE_VOTE round 0: submit vote requests at term 0 for conf: {index: -1, cur=peers:[45889312-f9ba-413f-bd11-bf2ed7b16685|127.0.0.1:15065, 834ba878-0480-4e5d-9f84-edbf9d71c88d|127.0.0.1:15073, 9b45c406-4ccb-4f79-99e0-7a7cfdf05c76|127.0.0.1:15081]|listeners:[], old=null}
2025-04-24 14:04:58,387 [45889312-f9ba-413f-bd11-bf2ed7b16685@group-B5351F1BDAE1-LeaderElection43] INFO  server.RaftServerConfigKeys (ConfUtils.java:logGet(46)) - raft.server.rpc.first-election.timeout.min = 1000ms (custom)
2025-04-24 14:04:58,387 [45889312-f9ba-413f-bd11-bf2ed7b16685@group-B5351F1BDAE1-LeaderElection43] INFO  server.RaftServerConfigKeys (ConfUtils.java:logGet(46)) - raft.server.rpc.first-election.timeout.max = 1200ms (custom)
2025-04-24 14:04:58,388 [grpc-default-executor-1] INFO  server.RaftServer$Division (RaftServerImpl.java:requestVote(1407)) - 9b45c406-4ccb-4f79-99e0-7a7cfdf05c76@group-B5351F1BDAE1: receive requestVote(PRE_VOTE, 45889312-f9ba-413f-bd11-bf2ed7b16685, group-B5351F1BDAE1, 0, (t:0, i:0))
2025-04-24 14:04:58,388 [grpc-default-executor-1] INFO  impl.VoteContext (VoteContext.java:log(49)) - 9b45c406-4ccb-4f79-99e0-7a7cfdf05c76@group-B5351F1BDAE1-FOLLOWER: accept PRE_VOTE from 45889312-f9ba-413f-bd11-bf2ed7b16685: our priority 0 <= candidate's priority 1
2025-04-24 14:04:58,389 [grpc-default-executor-1] INFO  server.RaftServer$Division (RaftServerImpl.java:requestVote(1441)) - 9b45c406-4ccb-4f79-99e0-7a7cfdf05c76@group-B5351F1BDAE1 replies to PRE_VOTE vote request: 45889312-f9ba-413f-bd11-bf2ed7b16685<-9b45c406-4ccb-4f79-99e0-7a7cfdf05c76#0:OK-t0. Peer's state: 9b45c406-4ccb-4f79-99e0-7a7cfdf05c76@group-B5351F1BDAE1:t0, leader=null, voted=, raftlog=Memoized:9b45c406-4ccb-4f79-99e0-7a7cfdf05c76@group-B5351F1BDAE1-SegmentedRaftLog:OPENED:c-1:lastnull, conf=conf: {index: -1, cur=peers:[45889312-f9ba-413f-bd11-bf2ed7b16685|127.0.0.1:15065, 834ba878-0480-4e5d-9f84-edbf9d71c88d|127.0.0.1:15073, 9b45c406-4ccb-4f79-99e0-7a7cfdf05c76|127.0.0.1:15081]|listeners:[], old=null}
2025-04-24 14:04:58,389 [grpc-default-executor-3] INFO  server.RaftServer$Division (RaftServerImpl.java:requestVote(1407)) - 834ba878-0480-4e5d-9f84-edbf9d71c88d@group-B5351F1BDAE1: receive requestVote(PRE_VOTE, 45889312-f9ba-413f-bd11-bf2ed7b16685, group-B5351F1BDAE1, 0, (t:0, i:0))
2025-04-24 14:04:58,389 [grpc-default-executor-3] INFO  impl.VoteContext (VoteContext.java:log(49)) - 834ba878-0480-4e5d-9f84-edbf9d71c88d@group-B5351F1BDAE1-FOLLOWER: accept PRE_VOTE from 45889312-f9ba-413f-bd11-bf2ed7b16685: our priority 0 <= candidate's priority 1
2025-04-24 14:04:58,389 [grpc-default-executor-3] INFO  server.RaftServer$Division (RaftServerImpl.java:requestVote(1441)) - 834ba878-0480-4e5d-9f84-edbf9d71c88d@group-B5351F1BDAE1 replies to PRE_VOTE vote request: 45889312-f9ba-413f-bd11-bf2ed7b16685<-834ba878-0480-4e5d-9f84-edbf9d71c88d#0:OK-t0. Peer's state: 834ba878-0480-4e5d-9f84-edbf9d71c88d@group-B5351F1BDAE1:t0, leader=null, voted=, raftlog=Memoized:834ba878-0480-4e5d-9f84-edbf9d71c88d@group-B5351F1BDAE1-SegmentedRaftLog:OPENED:c-1:lastnull, conf=conf: {index: -1, cur=peers:[45889312-f9ba-413f-bd11-bf2ed7b16685|127.0.0.1:15065, 834ba878-0480-4e5d-9f84-edbf9d71c88d|127.0.0.1:15073, 9b45c406-4ccb-4f79-99e0-7a7cfdf05c76|127.0.0.1:15081]|listeners:[], old=null}
2025-04-24 14:04:58,390 [45889312-f9ba-413f-bd11-bf2ed7b16685@group-B5351F1BDAE1-LeaderElection43] INFO  impl.LeaderElection (LeaderElection.java:logAndReturn(90)) - 45889312-f9ba-413f-bd11-bf2ed7b16685@group-B5351F1BDAE1-LeaderElection43: PRE_VOTE PASSED received 1 response(s) and 0 exception(s):
2025-04-24 14:04:58,390 [45889312-f9ba-413f-bd11-bf2ed7b16685@group-B5351F1BDAE1-LeaderElection43] INFO  impl.LeaderElection (LeaderElection.java:logAndReturn(94)) -   Response 0: 45889312-f9ba-413f-bd11-bf2ed7b16685<-9b45c406-4ccb-4f79-99e0-7a7cfdf05c76#0:OK-t0
2025-04-24 14:04:58,390 [45889312-f9ba-413f-bd11-bf2ed7b16685@group-B5351F1BDAE1-LeaderElection43] INFO  impl.LeaderElection (LeaderElection.java:askForVotes(334)) - 45889312-f9ba-413f-bd11-bf2ed7b16685@group-B5351F1BDAE1-LeaderElection43 PRE_VOTE round 0: result PASSED
2025-04-24 14:04:58,392 [45889312-f9ba-413f-bd11-bf2ed7b16685@group-C42CEAA32394-SegmentedRaftLogWorker] INFO  segmented.SegmentedRaftLogWorker (SegmentedRaftLogWorker.java:execute(644)) - 45889312-f9ba-413f-bd11-bf2ed7b16685@group-C42CEAA32394-SegmentedRaftLogWorker: created new log segment /home/runner/work/ozone/ozone/hadoop-ozone/integration-test/target/test-dir/MiniOzoneClusterImpl-9c5b6909-9e9c-47e3-ad7a-324826695869/ozone-meta/datanode-1/ratis/5b542817-2a6a-4b86-ae8b-c42ceaa32394/current/log_inprogress_0
2025-04-24 14:04:58,392 [9b45c406-4ccb-4f79-99e0-7a7cfdf05c76@group-C42CEAA32394-SegmentedRaftLogWorker] INFO  segmented.SegmentedRaftLogWorker (SegmentedRaftLogWorker.java:execute(644)) - 9b45c406-4ccb-4f79-99e0-7a7cfdf05c76@group-C42CEAA32394-SegmentedRaftLogWorker: created new log segment /home/runner/work/ozone/ozone/hadoop-ozone/integration-test/target/test-dir/MiniOzoneClusterImpl-9c5b6909-9e9c-47e3-ad7a-324826695869/ozone-meta/datanode-3/ratis/5b542817-2a6a-4b86-ae8b-c42ceaa32394/current/log_inprogress_0
2025-04-24 14:04:58,393 [45889312-f9ba-413f-bd11-bf2ed7b16685@group-B5351F1BDAE1-LeaderElection43] INFO  impl.LeaderElection (LeaderElection.java:askForVotes(332)) - 45889312-f9ba-413f-bd11-bf2ed7b16685@group-B5351F1BDAE1-LeaderElection43 ELECTION round 0: submit vote requests at term 1 for conf: {index: -1, cur=peers:[45889312-f9ba-413f-bd11-bf2ed7b16685|127.0.0.1:15065, 834ba878-0480-4e5d-9f84-edbf9d71c88d|127.0.0.1:15073, 9b45c406-4ccb-4f79-99e0-7a7cfdf05c76|127.0.0.1:15081]|listeners:[], old=null}
2025-04-24 14:04:58,394 [45889312-f9ba-413f-bd11-bf2ed7b16685@group-B5351F1BDAE1-LeaderElection43] INFO  server.RaftServerConfigKeys (ConfUtils.java:logGet(46)) - raft.server.rpc.first-election.timeout.min = 1000ms (custom)
2025-04-24 14:04:58,395 [45889312-f9ba-413f-bd11-bf2ed7b16685@group-B5351F1BDAE1-LeaderElection43] INFO  server.RaftServerConfigKeys (ConfUtils.java:logGet(46)) - raft.server.rpc.first-election.timeout.max = 1200ms (custom)
2025-04-24 14:04:58,396 [grpc-default-executor-3] INFO  server.RaftServer$Division (RaftServerImpl.java:requestVote(1407)) - 9b45c406-4ccb-4f79-99e0-7a7cfdf05c76@group-B5351F1BDAE1: receive requestVote(ELECTION, 45889312-f9ba-413f-bd11-bf2ed7b16685, group-B5351F1BDAE1, 1, (t:0, i:0))
2025-04-24 14:04:58,396 [834ba878-0480-4e5d-9f84-edbf9d71c88d@group-C42CEAA32394-StateMachineUpdater] INFO  server.RaftServer$Division (LeaderStateImpl.java:checkStartIndex(313)) - Leader 834ba878-0480-4e5d-9f84-edbf9d71c88d@group-C42CEAA32394-LeaderStateImpl is ready since appliedIndex == startIndex == 0
2025-04-24 14:04:58,396 [grpc-default-executor-1] INFO  server.RaftServer$Division (RaftServerImpl.java:requestVote(1407)) - 834ba878-0480-4e5d-9f84-edbf9d71c88d@group-B5351F1BDAE1: receive requestVote(ELECTION, 45889312-f9ba-413f-bd11-bf2ed7b16685, group-B5351F1BDAE1, 1, (t:0, i:0))
2025-04-24 14:04:58,396 [grpc-default-executor-1] INFO  impl.VoteContext (VoteContext.java:log(49)) - 834ba878-0480-4e5d-9f84-edbf9d71c88d@group-B5351F1BDAE1-FOLLOWER: accept ELECTION from 45889312-f9ba-413f-bd11-bf2ed7b16685: our priority 0 <= candidate's priority 1
2025-04-24 14:04:58,396 [grpc-default-executor-1] INFO  server.RaftServer$Division (RaftServerImpl.java:setRole(378)) - 834ba878-0480-4e5d-9f84-edbf9d71c88d@group-B5351F1BDAE1: changes role from  FOLLOWER to FOLLOWER at term 0 for candidate:45889312-f9ba-413f-bd11-bf2ed7b16685
2025-04-24 14:04:58,396 [grpc-default-executor-1] INFO  impl.RoleInfo (RoleInfo.java:shutdownFollowerState(121)) - 834ba878-0480-4e5d-9f84-edbf9d71c88d: shutdown 834ba878-0480-4e5d-9f84-edbf9d71c88d@group-B5351F1BDAE1-FollowerState
2025-04-24 14:04:58,396 [grpc-default-executor-1] INFO  impl.RoleInfo (RoleInfo.java:updateAndGet(148)) - 834ba878-0480-4e5d-9f84-edbf9d71c88d: start 834ba878-0480-4e5d-9f84-edbf9d71c88d@group-B5351F1BDAE1-FollowerState
2025-04-24 14:04:58,396 [grpc-default-executor-3] INFO  impl.VoteContext (VoteContext.java:log(49)) - 9b45c406-4ccb-4f79-99e0-7a7cfdf05c76@group-B5351F1BDAE1-FOLLOWER: accept ELECTION from 45889312-f9ba-413f-bd11-bf2ed7b16685: our priority 0 <= candidate's priority 1
2025-04-24 14:04:58,396 [834ba878-0480-4e5d-9f84-edbf9d71c88d@group-B5351F1BDAE1-FollowerState] INFO  impl.FollowerState (FollowerState.java:runImpl(170)) - 834ba878-0480-4e5d-9f84-edbf9d71c88d@group-B5351F1BDAE1-FollowerState was interrupted
2025-04-24 14:04:58,397 [grpc-default-executor-3] INFO  server.RaftServer$Division (RaftServerImpl.java:setRole(378)) - 9b45c406-4ccb-4f79-99e0-7a7cfdf05c76@group-B5351F1BDAE1: changes role from  FOLLOWER to FOLLOWER at term 0 for candidate:45889312-f9ba-413f-bd11-bf2ed7b16685
2025-04-24 14:04:58,397 [grpc-default-executor-3] INFO  impl.RoleInfo (RoleInfo.java:shutdownFollowerState(121)) - 9b45c406-4ccb-4f79-99e0-7a7cfdf05c76: shutdown 9b45c406-4ccb-4f79-99e0-7a7cfdf05c76@group-B5351F1BDAE1-FollowerState
2025-04-24 14:04:58,397 [grpc-default-executor-3] INFO  impl.RoleInfo (RoleInfo.java:updateAndGet(148)) - 9b45c406-4ccb-4f79-99e0-7a7cfdf05c76: start 9b45c406-4ccb-4f79-99e0-7a7cfdf05c76@group-B5351F1BDAE1-FollowerState
2025-04-24 14:04:58,397 [9b45c406-4ccb-4f79-99e0-7a7cfdf05c76@group-B5351F1BDAE1-FollowerState] INFO  impl.FollowerState (FollowerState.java:runImpl(170)) - 9b45c406-4ccb-4f79-99e0-7a7cfdf05c76@group-B5351F1BDAE1-FollowerState was interrupted
2025-04-24 14:04:58,397 [grpc-default-executor-1] INFO  server.RaftServer$Division (RaftServerImpl.java:setFirstElection(562)) - 834ba878-0480-4e5d-9f84-edbf9d71c88d@group-B5351F1BDAE1: set firstElectionSinceStartup to false for candidate:45889312-f9ba-413f-bd11-bf2ed7b16685
2025-04-24 14:04:58,398 [grpc-default-executor-3] INFO  server.RaftServer$Division (RaftServerImpl.java:setFirstElection(562)) - 9b45c406-4ccb-4f79-99e0-7a7cfdf05c76@group-B5351F1BDAE1: set firstElectionSinceStartup to false for candidate:45889312-f9ba-413f-bd11-bf2ed7b16685
2025-04-24 14:04:58,399 [grpc-default-executor-1] INFO  server.RaftServer$Division (RaftServerImpl.java:requestVote(1441)) - 834ba878-0480-4e5d-9f84-edbf9d71c88d@group-B5351F1BDAE1 replies to ELECTION vote request: 45889312-f9ba-413f-bd11-bf2ed7b16685<-834ba878-0480-4e5d-9f84-edbf9d71c88d#0:OK-t1. Peer's state: 834ba878-0480-4e5d-9f84-edbf9d71c88d@group-B5351F1BDAE1:t1, leader=null, voted=45889312-f9ba-413f-bd11-bf2ed7b16685, raftlog=Memoized:834ba878-0480-4e5d-9f84-edbf9d71c88d@group-B5351F1BDAE1-SegmentedRaftLog:OPENED:c-1:lastnull, conf=conf: {index: -1, cur=peers:[45889312-f9ba-413f-bd11-bf2ed7b16685|127.0.0.1:15065, 834ba878-0480-4e5d-9f84-edbf9d71c88d|127.0.0.1:15073, 9b45c406-4ccb-4f79-99e0-7a7cfdf05c76|127.0.0.1:15081]|listeners:[], old=null}
2025-04-24 14:04:58,399 [grpc-default-executor-3] INFO  server.RaftServer$Division (RaftServerImpl.java:requestVote(1441)) - 9b45c406-4ccb-4f79-99e0-7a7cfdf05c76@group-B5351F1BDAE1 replies to ELECTION vote request: 45889312-f9ba-413f-bd11-bf2ed7b16685<-9b45c406-4ccb-4f79-99e0-7a7cfdf05c76#0:OK-t1. Peer's state: 9b45c406-4ccb-4f79-99e0-7a7cfdf05c76@group-B5351F1BDAE1:t1, leader=null, voted=45889312-f9ba-413f-bd11-bf2ed7b16685, raftlog=Memoized:9b45c406-4ccb-4f79-99e0-7a7cfdf05c76@group-B5351F1BDAE1-SegmentedRaftLog:OPENED:c-1:lastnull, conf=conf: {index: -1, cur=peers:[45889312-f9ba-413f-bd11-bf2ed7b16685|127.0.0.1:15065, 834ba878-0480-4e5d-9f84-edbf9d71c88d|127.0.0.1:15073, 9b45c406-4ccb-4f79-99e0-7a7cfdf05c76|127.0.0.1:15081]|listeners:[], old=null}
2025-04-24 14:04:58,400 [45889312-f9ba-413f-bd11-bf2ed7b16685@group-B5351F1BDAE1-LeaderElection43] INFO  impl.LeaderElection (LeaderElection.java:logAndReturn(90)) - 45889312-f9ba-413f-bd11-bf2ed7b16685@group-B5351F1BDAE1-LeaderElection43: ELECTION PASSED received 1 response(s) and 0 exception(s):
2025-04-24 14:04:58,400 [45889312-f9ba-413f-bd11-bf2ed7b16685@group-B5351F1BDAE1-LeaderElection43] INFO  impl.LeaderElection (LeaderElection.java:logAndReturn(94)) -   Response 0: 45889312-f9ba-413f-bd11-bf2ed7b16685<-834ba878-0480-4e5d-9f84-edbf9d71c88d#0:OK-t1
2025-04-24 14:04:58,400 [45889312-f9ba-413f-bd11-bf2ed7b16685@group-B5351F1BDAE1-LeaderElection43] INFO  impl.LeaderElection (LeaderElection.java:askForVotes(334)) - 45889312-f9ba-413f-bd11-bf2ed7b16685@group-B5351F1BDAE1-LeaderElection43 ELECTION round 0: result PASSED
2025-04-24 14:04:58,400 [45889312-f9ba-413f-bd11-bf2ed7b16685@group-B5351F1BDAE1-LeaderElection43] INFO  impl.RoleInfo (RoleInfo.java:shutdownLeaderElection(141)) - 45889312-f9ba-413f-bd11-bf2ed7b16685: shutdown 45889312-f9ba-413f-bd11-bf2ed7b16685@group-B5351F1BDAE1-LeaderElection43
2025-04-24 14:04:58,400 [45889312-f9ba-413f-bd11-bf2ed7b16685@group-B5351F1BDAE1-LeaderElection43] INFO  server.RaftServer$Division (RaftServerImpl.java:setRole(378)) - 45889312-f9ba-413f-bd11-bf2ed7b16685@group-B5351F1BDAE1: changes role from CANDIDATE to LEADER at term 1 for changeToLeader
2025-04-24 14:04:58,400 [45889312-f9ba-413f-bd11-bf2ed7b16685@group-B5351F1BDAE1-LeaderElection43] INFO  server.RaftServerConfigKeys (ConfUtils.java:logGet(46)) - raft.server.staging.catchup.gap = 1000 (default)
2025-04-24 14:04:58,401 [45889312-f9ba-413f-bd11-bf2ed7b16685@group-B5351F1BDAE1-LeaderElection43] INFO  server.RaftServerConfigKeys (ConfUtils.java:logGet(46)) - raft.server.write.element-limit = 1024 (custom)
2025-04-24 14:04:58,401 [45889312-f9ba-413f-bd11-bf2ed7b16685@group-B5351F1BDAE1-LeaderElection43] INFO  server.RaftServerConfigKeys (ConfUtils.java:logGet(46)) - raft.server.write.byte-limit = 1024 M (=1073741824) (custom)
2025-04-24 14:04:58,401 [45889312-f9ba-413f-bd11-bf2ed7b16685@group-B5351F1BDAE1-LeaderElection43] INFO  server.RaftServerConfigKeys (ConfUtils.java:logGet(46)) - raft.server.watch.timeout = 30s (custom)
2025-04-24 14:04:58,401 [45889312-f9ba-413f-bd11-bf2ed7b16685@group-B5351F1BDAE1-LeaderElection43] INFO  server.RaftServerConfigKeys (ConfUtils.java:logGet(46)) - raft.server.watch.timeout.denomination = 1s (default)
2025-04-24 14:04:58,401 [45889312-f9ba-413f-bd11-bf2ed7b16685@group-B5351F1BDAE1-LeaderElection43] INFO  server.RaftServerConfigKeys (ConfUtils.java:logGet(46)) - raft.server.watch.element-limit = 65536 (default)
2025-04-24 14:04:58,401 [45889312-f9ba-413f-bd11-bf2ed7b16685@group-B5351F1BDAE1-LeaderElection43] INFO  server.RaftServerConfigKeys (ConfUtils.java:logGet(46)) - raft.server.read.leader.lease.enabled = false (default)
2025-04-24 14:04:58,401 [45889312-f9ba-413f-bd11-bf2ed7b16685@group-B5351F1BDAE1-LeaderElection43] INFO  server.RaftServerConfigKeys (ConfUtils.java:logGet(46)) - raft.server.read.leader.lease.timeout.ratio = 0.9 (default)
2025-04-24 14:04:58,402 [45889312-f9ba-413f-bd11-bf2ed7b16685@group-B5351F1BDAE1-LeaderElection43] INFO  server.RaftServerConfigKeys (ConfUtils.java:logGet(46)) - raft.server.rpc.timeout.min = 5s (custom)
2025-04-24 14:04:58,402 [45889312-f9ba-413f-bd11-bf2ed7b16685@group-B5351F1BDAE1-LeaderElection43] INFO  server.RaftServerConfigKeys (ConfUtils.java:logGet(46)) - raft.server.log.log-metadata.enabled = true (default)
2025-04-24 14:04:58,402 [45889312-f9ba-413f-bd11-bf2ed7b16685@group-B5351F1BDAE1-LeaderElection43] INFO  server.RaftServerConfigKeys (ConfUtils.java:logGet(46)) - raft.server.write.element-limit = 1024 (custom)
2025-04-24 14:04:58,402 [45889312-f9ba-413f-bd11-bf2ed7b16685@group-B5351F1BDAE1-LeaderElection43] INFO  server.RaftServerConfigKeys (ConfUtils.java:logGet(46)) - raft.server.write.follower.gap.ratio.max = -1.0 (default)
2025-04-24 14:04:58,402 [45889312-f9ba-413f-bd11-bf2ed7b16685@group-B5351F1BDAE1-LeaderElection43] INFO  server.RaftServerConfigKeys (ConfUtils.java:logGet(46)) - raft.server.log.appender.snapshot.chunk.size.max = 16MB (=16777216) (default)
2025-04-24 14:04:58,402 [45889312-f9ba-413f-bd11-bf2ed7b16685@group-B5351F1BDAE1-LeaderElection43] INFO  server.RaftServerConfigKeys (ConfUtils.java:logGet(46)) - raft.server.log.appender.buffer.byte-limit = 33554432 (custom)
2025-04-24 14:04:58,402 [45889312-f9ba-413f-bd11-bf2ed7b16685@group-B5351F1BDAE1-LeaderElection43] INFO  server.RaftServerConfigKeys (ConfUtils.java:logGet(46)) - raft.server.log.appender.buffer.element-limit = 1024 (custom)
2025-04-24 14:04:58,402 [45889312-f9ba-413f-bd11-bf2ed7b16685@group-B5351F1BDAE1-LeaderElection43] INFO  server.RaftServerConfigKeys (ConfUtils.java:logGet(46)) - raft.server.log.appender.wait-time.min = 0μs (custom)
2025-04-24 14:04:58,402 [45889312-f9ba-413f-bd11-bf2ed7b16685@group-B5351F1BDAE1-LeaderElection43] INFO  grpc.GrpcConfigKeys (ConfUtils.java:logGet(46)) - raft.grpc.server.leader.outstanding.appends.max = 8 (default)
2025-04-24 14:04:58,402 [45889312-f9ba-413f-bd11-bf2ed7b16685@group-B5351F1BDAE1-LeaderElection43] INFO  server.RaftServerConfigKeys (ConfUtils.java:logGet(46)) - raft.server.rpc.request.timeout = 60s (custom)
2025-04-24 14:04:58,402 [45889312-f9ba-413f-bd11-bf2ed7b16685@group-B5351F1BDAE1-LeaderElection43] INFO  grpc.GrpcConfigKeys (ConfUtils.java:logGet(46)) - raft.grpc.server.install_snapshot.request.element-limit = 8 (default)
2025-04-24 14:04:58,402 [45889312-f9ba-413f-bd11-bf2ed7b16685@group-B5351F1BDAE1-LeaderElection43] INFO  grpc.GrpcConfigKeys (ConfUtils.java:logGet(46)) - raft.grpc.server.install_snapshot.request.timeout = 3000ms (default)
2025-04-24 14:04:58,402 [45889312-f9ba-413f-bd11-bf2ed7b16685@group-B5351F1BDAE1-LeaderElection43] INFO  grpc.GrpcConfigKeys (ConfUtils.java:logGet(46)) - raft.grpc.server.log-message.batch.duration = 5s (default)
2025-04-24 14:04:58,402 [45889312-f9ba-413f-bd11-bf2ed7b16685@group-B5351F1BDAE1-LeaderElection43] INFO  server.RaftServerConfigKeys (ConfUtils.java:logGet(46)) - raft.server.log.appender.install.snapshot.enabled = false (custom)
2025-04-24 14:04:58,403 [45889312-f9ba-413f-bd11-bf2ed7b16685@group-B5351F1BDAE1-LeaderElection43] INFO  grpc.GrpcConfigKeys (ConfUtils.java:logGet(46)) - raft.grpc.server.heartbeat.channel = true (default)
2025-04-24 14:04:58,403 [45889312-f9ba-413f-bd11-bf2ed7b16685@group-B5351F1BDAE1-LeaderElection43] INFO  server.RaftServerConfigKeys (ConfUtils.java:logGet(46)) - raft.server.log.appender.snapshot.chunk.size.max = 16MB (=16777216) (default)
2025-04-24 14:04:58,403 [45889312-f9ba-413f-bd11-bf2ed7b16685@group-B5351F1BDAE1-LeaderElection43] INFO  server.RaftServerConfigKeys (ConfUtils.java:logGet(46)) - raft.server.log.appender.buffer.byte-limit = 33554432 (custom)
2025-04-24 14:04:58,403 [45889312-f9ba-413f-bd11-bf2ed7b16685@group-B5351F1BDAE1-LeaderElection43] INFO  server.RaftServerConfigKeys (ConfUtils.java:logGet(46)) - raft.server.log.appender.buffer.element-limit = 1024 (custom)
2025-04-24 14:04:58,403 [45889312-f9ba-413f-bd11-bf2ed7b16685@group-B5351F1BDAE1-LeaderElection43] INFO  server.RaftServerConfigKeys (ConfUtils.java:logGet(46)) - raft.server.log.appender.wait-time.min = 0μs (custom)
2025-04-24 14:04:58,403 [45889312-f9ba-413f-bd11-bf2ed7b16685@group-B5351F1BDAE1-LeaderElection43] INFO  grpc.GrpcConfigKeys (ConfUtils.java:logGet(46)) - raft.grpc.server.leader.outstanding.appends.max = 8 (default)
2025-04-24 14:04:58,403 [45889312-f9ba-413f-bd11-bf2ed7b16685@group-B5351F1BDAE1-LeaderElection43] INFO  server.RaftServerConfigKeys (ConfUtils.java:logGet(46)) - raft.server.rpc.request.timeout = 60s (custom)
2025-04-24 14:04:58,404 [45889312-f9ba-413f-bd11-bf2ed7b16685@group-B5351F1BDAE1-LeaderElection43] INFO  grpc.GrpcConfigKeys (ConfUtils.java:logGet(46)) - raft.grpc.server.install_snapshot.request.element-limit = 8 (default)
2025-04-24 14:04:58,404 [45889312-f9ba-413f-bd11-bf2ed7b16685@group-B5351F1BDAE1-LeaderElection43] INFO  grpc.GrpcConfigKeys (ConfUtils.java:logGet(46)) - raft.grpc.server.install_snapshot.request.timeout = 3000ms (default)
2025-04-24 14:04:58,404 [45889312-f9ba-413f-bd11-bf2ed7b16685@group-B5351F1BDAE1-LeaderElection43] INFO  grpc.GrpcConfigKeys (ConfUtils.java:logGet(46)) - raft.grpc.server.log-message.batch.duration = 5s (default)
2025-04-24 14:04:58,404 [45889312-f9ba-413f-bd11-bf2ed7b16685@group-B5351F1BDAE1-LeaderElection43] INFO  server.RaftServerConfigKeys (ConfUtils.java:logGet(46)) - raft.server.log.appender.install.snapshot.enabled = false (custom)
2025-04-24 14:04:58,404 [45889312-f9ba-413f-bd11-bf2ed7b16685@group-B5351F1BDAE1-LeaderElection43] INFO  grpc.GrpcConfigKeys (ConfUtils.java:logGet(46)) - raft.grpc.server.heartbeat.channel = true (default)
2025-04-24 14:04:58,404 [45889312-f9ba-413f-bd11-bf2ed7b16685@group-B5351F1BDAE1-LeaderElection43] INFO  impl.RoleInfo (RoleInfo.java:updateAndGet(148)) - 45889312-f9ba-413f-bd11-bf2ed7b16685: start 45889312-f9ba-413f-bd11-bf2ed7b16685@group-B5351F1BDAE1-LeaderStateImpl
2025-04-24 14:04:58,404 [45889312-f9ba-413f-bd11-bf2ed7b16685@group-B5351F1BDAE1-LeaderElection43] INFO  server.RaftServer$Division (RaftServerImpl.java:setFirstElection(562)) - 45889312-f9ba-413f-bd11-bf2ed7b16685@group-B5351F1BDAE1: set firstElectionSinceStartup to false for becomeLeader
2025-04-24 14:04:58,404 [45889312-f9ba-413f-bd11-bf2ed7b16685@group-B5351F1BDAE1-LeaderElection43] INFO  ratis.XceiverServerRatis (XceiverServerRatis.java:handleLeaderChangedNotification(942)) - Leader change notification received for group: group-B5351F1BDAE1 with new leaderId: 45889312-f9ba-413f-bd11-bf2ed7b16685
2025-04-24 14:04:58,404 [45889312-f9ba-413f-bd11-bf2ed7b16685@group-B5351F1BDAE1-LeaderElection43] INFO  server.RaftServer$Division (ServerState.java:setLeader(272)) - 45889312-f9ba-413f-bd11-bf2ed7b16685@group-B5351F1BDAE1: change Leader from null to 45889312-f9ba-413f-bd11-bf2ed7b16685 at term 1 for becomeLeader, leader elected after 1170ms
2025-04-24 14:04:58,404 [45889312-f9ba-413f-bd11-bf2ed7b16685@group-B5351F1BDAE1-LeaderElection43] INFO  segmented.SegmentedRaftLogWorker (SegmentedRaftLogWorker.java:startLogSegment(438)) - 45889312-f9ba-413f-bd11-bf2ed7b16685@group-B5351F1BDAE1-SegmentedRaftLogWorker: Starting segment from index:0
2025-04-24 14:04:58,404 [45889312-f9ba-413f-bd11-bf2ed7b16685@group-B5351F1BDAE1-LeaderElection43] INFO  server.RaftServer$Division (ServerState.java:setRaftConf(386)) - 45889312-f9ba-413f-bd11-bf2ed7b16685@group-B5351F1BDAE1: set configuration conf: {index: 0, cur=peers:[45889312-f9ba-413f-bd11-bf2ed7b16685|127.0.0.1:15065, 834ba878-0480-4e5d-9f84-edbf9d71c88d|127.0.0.1:15073, 9b45c406-4ccb-4f79-99e0-7a7cfdf05c76|127.0.0.1:15081]|listeners:[], old=null}
2025-04-24 14:04:58,405 [45889312-f9ba-413f-bd11-bf2ed7b16685@group-B5351F1BDAE1-SegmentedRaftLogWorker] INFO  segmented.BufferedWriteChannel (BufferedWriteChannel.java:open(61)) - open log_inprogress_0 at position 0
2025-04-24 14:04:58,408 [EventQueue-PipelineReportForPipelineReportHandler] INFO  pipeline.PipelineReportHandler (PipelineReportHandler.java:processPipelineReport(134)) - Opened pipeline PipelineID=c8cc83a0-a376-467e-b267-b5351f1bdae1
2025-04-24 14:04:58,412 [9b45c406-4ccb-4f79-99e0-7a7cfdf05c76-server-thread1] INFO  ratis.XceiverServerRatis (XceiverServerRatis.java:handleLeaderChangedNotification(942)) - Leader change notification received for group: group-B5351F1BDAE1 with new leaderId: 45889312-f9ba-413f-bd11-bf2ed7b16685
2025-04-24 14:04:58,412 [834ba878-0480-4e5d-9f84-edbf9d71c88d-server-thread1] INFO  ratis.XceiverServerRatis (XceiverServerRatis.java:handleLeaderChangedNotification(942)) - Leader change notification received for group: group-B5351F1BDAE1 with new leaderId: 45889312-f9ba-413f-bd11-bf2ed7b16685
2025-04-24 14:04:58,412 [834ba878-0480-4e5d-9f84-edbf9d71c88d-server-thread1] INFO  server.RaftServer$Division (ServerState.java:setLeader(272)) - 834ba878-0480-4e5d-9f84-edbf9d71c88d@group-B5351F1BDAE1: change Leader from null to 45889312-f9ba-413f-bd11-bf2ed7b16685 at term 1 for appendEntries, leader elected after 1155ms
2025-04-24 14:04:58,412 [9b45c406-4ccb-4f79-99e0-7a7cfdf05c76-server-thread1] INFO  server.RaftServer$Division (ServerState.java:setLeader(272)) - 9b45c406-4ccb-4f79-99e0-7a7cfdf05c76@group-B5351F1BDAE1: change Leader from null to 45889312-f9ba-413f-bd11-bf2ed7b16685 at term 1 for appendEntries, leader elected after 1130ms
2025-04-24 14:04:58,414 [9b45c406-4ccb-4f79-99e0-7a7cfdf05c76-server-thread2] INFO  server.RaftServer$Division (ServerState.java:setRaftConf(386)) - 9b45c406-4ccb-4f79-99e0-7a7cfdf05c76@group-B5351F1BDAE1: set configuration conf: {index: 0, cur=peers:[45889312-f9ba-413f-bd11-bf2ed7b16685|127.0.0.1:15065, 834ba878-0480-4e5d-9f84-edbf9d71c88d|127.0.0.1:15073, 9b45c406-4ccb-4f79-99e0-7a7cfdf05c76|127.0.0.1:15081]|listeners:[], old=null}
2025-04-24 14:04:58,414 [9b45c406-4ccb-4f79-99e0-7a7cfdf05c76-server-thread2] INFO  segmented.SegmentedRaftLogWorker (SegmentedRaftLogWorker.java:startLogSegment(438)) - 9b45c406-4ccb-4f79-99e0-7a7cfdf05c76@group-B5351F1BDAE1-SegmentedRaftLogWorker: Starting segment from index:0
2025-04-24 14:04:58,414 [834ba878-0480-4e5d-9f84-edbf9d71c88d-server-thread2] INFO  server.RaftServer$Division (ServerState.java:setRaftConf(386)) - 834ba878-0480-4e5d-9f84-edbf9d71c88d@group-B5351F1BDAE1: set configuration conf: {index: 0, cur=peers:[45889312-f9ba-413f-bd11-bf2ed7b16685|127.0.0.1:15065, 834ba878-0480-4e5d-9f84-edbf9d71c88d|127.0.0.1:15073, 9b45c406-4ccb-4f79-99e0-7a7cfdf05c76|127.0.0.1:15081]|listeners:[], old=null}
2025-04-24 14:04:58,414 [834ba878-0480-4e5d-9f84-edbf9d71c88d-server-thread2] INFO  segmented.SegmentedRaftLogWorker (SegmentedRaftLogWorker.java:startLogSegment(438)) - 834ba878-0480-4e5d-9f84-edbf9d71c88d@group-B5351F1BDAE1-SegmentedRaftLogWorker: Starting segment from index:0
2025-04-24 14:04:58,414 [834ba878-0480-4e5d-9f84-edbf9d71c88d@group-B5351F1BDAE1-SegmentedRaftLogWorker] INFO  segmented.BufferedWriteChannel (BufferedWriteChannel.java:open(61)) - open log_inprogress_0 at position 0
2025-04-24 14:04:58,414 [9b45c406-4ccb-4f79-99e0-7a7cfdf05c76@group-B5351F1BDAE1-SegmentedRaftLogWorker] INFO  segmented.BufferedWriteChannel (BufferedWriteChannel.java:open(61)) - open log_inprogress_0 at position 0
2025-04-24 14:04:58,417 [45889312-f9ba-413f-bd11-bf2ed7b16685@group-B5351F1BDAE1-SegmentedRaftLogWorker] INFO  segmented.SegmentedRaftLogWorker (SegmentedRaftLogWorker.java:execute(644)) - 45889312-f9ba-413f-bd11-bf2ed7b16685@group-B5351F1BDAE1-SegmentedRaftLogWorker: created new log segment /home/runner/work/ozone/ozone/hadoop-ozone/integration-test/target/test-dir/MiniOzoneClusterImpl-9c5b6909-9e9c-47e3-ad7a-324826695869/ozone-meta/datanode-1/ratis/c8cc83a0-a376-467e-b267-b5351f1bdae1/current/log_inprogress_0
2025-04-24 14:04:58,427 [834ba878-0480-4e5d-9f84-edbf9d71c88d@group-B5351F1BDAE1-SegmentedRaftLogWorker] INFO  segmented.SegmentedRaftLogWorker (SegmentedRaftLogWorker.java:execute(644)) - 834ba878-0480-4e5d-9f84-edbf9d71c88d@group-B5351F1BDAE1-SegmentedRaftLogWorker: created new log segment /home/runner/work/ozone/ozone/hadoop-ozone/integration-test/target/test-dir/MiniOzoneClusterImpl-9c5b6909-9e9c-47e3-ad7a-324826695869/ozone-meta/datanode-2/ratis/c8cc83a0-a376-467e-b267-b5351f1bdae1/current/log_inprogress_0
2025-04-24 14:04:58,428 [9b45c406-4ccb-4f79-99e0-7a7cfdf05c76@group-B5351F1BDAE1-SegmentedRaftLogWorker] INFO  segmented.SegmentedRaftLogWorker (SegmentedRaftLogWorker.java:execute(644)) - 9b45c406-4ccb-4f79-99e0-7a7cfdf05c76@group-B5351F1BDAE1-SegmentedRaftLogWorker: created new log segment /home/runner/work/ozone/ozone/hadoop-ozone/integration-test/target/test-dir/MiniOzoneClusterImpl-9c5b6909-9e9c-47e3-ad7a-324826695869/ozone-meta/datanode-3/ratis/c8cc83a0-a376-467e-b267-b5351f1bdae1/current/log_inprogress_0
2025-04-24 14:04:58,429 [45889312-f9ba-413f-bd11-bf2ed7b16685@group-B5351F1BDAE1-StateMachineUpdater] INFO  server.RaftServer$Division (LeaderStateImpl.java:checkStartIndex(313)) - Leader 45889312-f9ba-413f-bd11-bf2ed7b16685@group-B5351F1BDAE1-LeaderStateImpl is ready since appliedIndex == startIndex == 0
2025-04-24 14:04:58,436 [834ba878-0480-4e5d-9f84-edbf9d71c88d@group-5A41028F1178-FollowerState] INFO  impl.FollowerState (FollowerState.java:runImpl(161)) - 834ba878-0480-4e5d-9f84-edbf9d71c88d@group-5A41028F1178-FollowerState: change to CANDIDATE, lastRpcElapsedTime:1019546142ns, electionTimeout:1019ms
2025-04-24 14:04:58,436 [834ba878-0480-4e5d-9f84-edbf9d71c88d@group-5A41028F1178-FollowerState] INFO  impl.RoleInfo (RoleInfo.java:shutdownFollowerState(121)) - 834ba878-0480-4e5d-9f84-edbf9d71c88d: shutdown 834ba878-0480-4e5d-9f84-edbf9d71c88d@group-5A41028F1178-FollowerState
2025-04-24 14:04:58,437 [834ba878-0480-4e5d-9f84-edbf9d71c88d@group-5A41028F1178-FollowerState] INFO  server.RaftServer$Division (RaftServerImpl.java:setRole(378)) - 834ba878-0480-4e5d-9f84-edbf9d71c88d@group-5A41028F1178: changes role from  FOLLOWER to CANDIDATE at term 0 for changeToCandidate
2025-04-24 14:04:58,437 [834ba878-0480-4e5d-9f84-edbf9d71c88d@group-5A41028F1178-FollowerState] INFO  server.RaftServerConfigKeys (ConfUtils.java:logGet(46)) - raft.server.leaderelection.pre-vote = true (default)
2025-04-24 14:04:58,437 [834ba878-0480-4e5d-9f84-edbf9d71c88d@group-5A41028F1178-FollowerState] INFO  impl.RoleInfo (RoleInfo.java:updateAndGet(148)) - 834ba878-0480-4e5d-9f84-edbf9d71c88d: start 834ba878-0480-4e5d-9f84-edbf9d71c88d@group-5A41028F1178-LeaderElection44
2025-04-24 14:04:58,437 [834ba878-0480-4e5d-9f84-edbf9d71c88d@group-5A41028F1178-LeaderElection44] INFO  impl.LeaderElection (LeaderElection.java:askForVotes(332)) - 834ba878-0480-4e5d-9f84-edbf9d71c88d@group-5A41028F1178-LeaderElection44 PRE_VOTE round 0: submit vote requests at term 0 for conf: {index: -1, cur=peers:[834ba878-0480-4e5d-9f84-edbf9d71c88d|127.0.0.1:15073]|listeners:[], old=null}
2025-04-24 14:04:58,437 [834ba878-0480-4e5d-9f84-edbf9d71c88d@group-5A41028F1178-LeaderElection44] INFO  impl.LeaderElection (LeaderElection.java:askForVotes(334)) - 834ba878-0480-4e5d-9f84-edbf9d71c88d@group-5A41028F1178-LeaderElection44 PRE_VOTE round 0: result PASSED (term=0)
2025-04-24 14:04:58,438 [834ba878-0480-4e5d-9f84-edbf9d71c88d@group-5A41028F1178-LeaderElection44] INFO  impl.LeaderElection (LeaderElection.java:askForVotes(332)) - 834ba878-0480-4e5d-9f84-edbf9d71c88d@group-5A41028F1178-LeaderElection44 ELECTION round 0: submit vote requests at term 1 for conf: {index: -1, cur=peers:[834ba878-0480-4e5d-9f84-edbf9d71c88d|127.0.0.1:15073]|listeners:[], old=null}
2025-04-24 14:04:58,438 [834ba878-0480-4e5d-9f84-edbf9d71c88d@group-5A41028F1178-LeaderElection44] INFO  impl.LeaderElection (LeaderElection.java:askForVotes(334)) - 834ba878-0480-4e5d-9f84-edbf9d71c88d@group-5A41028F1178-LeaderElection44 ELECTION round 0: result PASSED (term=1)
2025-04-24 14:04:58,438 [834ba878-0480-4e5d-9f84-edbf9d71c88d@group-5A41028F1178-LeaderElection44] INFO  impl.RoleInfo (RoleInfo.java:shutdownLeaderElection(141)) - 834ba878-0480-4e5d-9f84-edbf9d71c88d: shutdown 834ba878-0480-4e5d-9f84-edbf9d71c88d@group-5A41028F1178-LeaderElection44
2025-04-24 14:04:58,438 [834ba878-0480-4e5d-9f84-edbf9d71c88d@group-5A41028F1178-LeaderElection44] INFO  server.RaftServer$Division (RaftServerImpl.java:setRole(378)) - 834ba878-0480-4e5d-9f84-edbf9d71c88d@group-5A41028F1178: changes role from CANDIDATE to LEADER at term 1 for changeToLeader
2025-04-24 14:04:58,438 [834ba878-0480-4e5d-9f84-edbf9d71c88d@group-5A41028F1178-LeaderElection44] INFO  server.RaftServerConfigKeys (ConfUtils.java:logGet(46)) - raft.server.staging.catchup.gap = 1000 (default)
2025-04-24 14:04:58,438 [834ba878-0480-4e5d-9f84-edbf9d71c88d@group-5A41028F1178-LeaderElection44] INFO  server.RaftServerConfigKeys (ConfUtils.java:logGet(46)) - raft.server.write.element-limit = 1024 (custom)
2025-04-24 14:04:58,438 [834ba878-0480-4e5d-9f84-edbf9d71c88d@group-5A41028F1178-LeaderElection44] INFO  server.RaftServerConfigKeys (ConfUtils.java:logGet(46)) - raft.server.write.byte-limit = 1024 M (=1073741824) (custom)
2025-04-24 14:04:58,439 [834ba878-0480-4e5d-9f84-edbf9d71c88d@group-5A41028F1178-LeaderElection44] INFO  server.RaftServerConfigKeys (ConfUtils.java:logGet(46)) - raft.server.watch.timeout = 30s (custom)
2025-04-24 14:04:58,439 [834ba878-0480-4e5d-9f84-edbf9d71c88d@group-5A41028F1178-LeaderElection44] INFO  server.RaftServerConfigKeys (ConfUtils.java:logGet(46)) - raft.server.watch.timeout.denomination = 1s (default)
2025-04-24 14:04:58,439 [834ba878-0480-4e5d-9f84-edbf9d71c88d@group-5A41028F1178-LeaderElection44] INFO  server.RaftServerConfigKeys (ConfUtils.java:logGet(46)) - raft.server.watch.element-limit = 65536 (default)
2025-04-24 14:04:58,439 [834ba878-0480-4e5d-9f84-edbf9d71c88d@group-5A41028F1178-LeaderElection44] INFO  server.RaftServerConfigKeys (ConfUtils.java:logGet(46)) - raft.server.read.leader.lease.enabled = false (default)
2025-04-24 14:04:58,439 [834ba878-0480-4e5d-9f84-edbf9d71c88d@group-5A41028F1178-LeaderElection44] INFO  server.RaftServerConfigKeys (ConfUtils.java:logGet(46)) - raft.server.read.leader.lease.timeout.ratio = 0.9 (default)
2025-04-24 14:04:58,439 [834ba878-0480-4e5d-9f84-edbf9d71c88d@group-5A41028F1178-LeaderElection44] INFO  server.RaftServerConfigKeys (ConfUtils.java:logGet(46)) - raft.server.rpc.timeout.min = 5s (custom)
2025-04-24 14:04:58,439 [834ba878-0480-4e5d-9f84-edbf9d71c88d@group-5A41028F1178-LeaderElection44] INFO  server.RaftServerConfigKeys (ConfUtils.java:logGet(46)) - raft.server.log.log-metadata.enabled = true (default)
2025-04-24 14:04:58,439 [834ba878-0480-4e5d-9f84-edbf9d71c88d@group-5A41028F1178-LeaderElection44] INFO  server.RaftServerConfigKeys (ConfUtils.java:logGet(46)) - raft.server.write.element-limit = 1024 (custom)
2025-04-24 14:04:58,439 [834ba878-0480-4e5d-9f84-edbf9d71c88d@group-5A41028F1178-LeaderElection44] INFO  server.RaftServerConfigKeys (ConfUtils.java:logGet(46)) - raft.server.write.follower.gap.ratio.max = -1.0 (default)
2025-04-24 14:04:58,439 [834ba878-0480-4e5d-9f84-edbf9d71c88d@group-5A41028F1178-LeaderElection44] INFO  impl.RoleInfo (RoleInfo.java:updateAndGet(148)) - 834ba878-0480-4e5d-9f84-edbf9d71c88d: start 834ba878-0480-4e5d-9f84-edbf9d71c88d@group-5A41028F1178-LeaderStateImpl
2025-04-24 14:04:58,439 [834ba878-0480-4e5d-9f84-edbf9d71c88d@group-5A41028F1178-LeaderElection44] INFO  server.RaftServer$Division (RaftServerImpl.java:setFirstElection(562)) - 834ba878-0480-4e5d-9f84-edbf9d71c88d@group-5A41028F1178: set firstElectionSinceStartup to false for becomeLeader
2025-04-24 14:04:58,439 [834ba878-0480-4e5d-9f84-edbf9d71c88d@group-5A41028F1178-LeaderElection44] INFO  ratis.XceiverServerRatis (XceiverServerRatis.java:handleLeaderChangedNotification(942)) - Leader change notification received for group: group-5A41028F1178 with new leaderId: 834ba878-0480-4e5d-9f84-edbf9d71c88d
2025-04-24 14:04:58,439 [834ba878-0480-4e5d-9f84-edbf9d71c88d@group-5A41028F1178-LeaderElection44] INFO  server.RaftServer$Division (ServerState.java:setLeader(272)) - 834ba878-0480-4e5d-9f84-edbf9d71c88d@group-5A41028F1178: change Leader from null to 834ba878-0480-4e5d-9f84-edbf9d71c88d at term 1 for becomeLeader, leader elected after 1039ms
2025-04-24 14:04:58,439 [834ba878-0480-4e5d-9f84-edbf9d71c88d@group-5A41028F1178-LeaderElection44] INFO  segmented.SegmentedRaftLogWorker (SegmentedRaftLogWorker.java:startLogSegment(438)) - 834ba878-0480-4e5d-9f84-edbf9d71c88d@group-5A41028F1178-SegmentedRaftLogWorker: Starting segment from index:0
2025-04-24 14:04:58,440 [834ba878-0480-4e5d-9f84-edbf9d71c88d@group-5A41028F1178-LeaderElection44] INFO  server.RaftServer$Division (ServerState.java:setRaftConf(386)) - 834ba878-0480-4e5d-9f84-edbf9d71c88d@group-5A41028F1178: set configuration conf: {index: 0, cur=peers:[834ba878-0480-4e5d-9f84-edbf9d71c88d|127.0.0.1:15073]|listeners:[], old=null}
2025-04-24 14:04:58,441 [834ba878-0480-4e5d-9f84-edbf9d71c88d@group-5A41028F1178-SegmentedRaftLogWorker] INFO  segmented.BufferedWriteChannel (BufferedWriteChannel.java:open(61)) - open log_inprogress_0 at position 0
2025-04-24 14:04:58,449 [834ba878-0480-4e5d-9f84-edbf9d71c88d@group-5A41028F1178-SegmentedRaftLogWorker] INFO  segmented.SegmentedRaftLogWorker (SegmentedRaftLogWorker.java:execute(644)) - 834ba878-0480-4e5d-9f84-edbf9d71c88d@group-5A41028F1178-SegmentedRaftLogWorker: created new log segment /home/runner/work/ozone/ozone/hadoop-ozone/integration-test/target/test-dir/MiniOzoneClusterImpl-9c5b6909-9e9c-47e3-ad7a-324826695869/ozone-meta/datanode-2/ratis/c73b632a-d474-44c0-8f21-5a41028f1178/current/log_inprogress_0
2025-04-24 14:04:58,450 [834ba878-0480-4e5d-9f84-edbf9d71c88d@group-5A41028F1178-StateMachineUpdater] INFO  server.RaftServer$Division (LeaderStateImpl.java:checkStartIndex(313)) - Leader 834ba878-0480-4e5d-9f84-edbf9d71c88d@group-5A41028F1178-LeaderStateImpl is ready since appliedIndex == startIndex == 0
2025-04-24 14:04:58,731 [9b45c406-4ccb-4f79-99e0-7a7cfdf05c76@group-D862D6EF7E65-FollowerState] INFO  impl.FollowerState (FollowerState.java:runImpl(161)) - 9b45c406-4ccb-4f79-99e0-7a7cfdf05c76@group-D862D6EF7E65-FollowerState: change to CANDIDATE, lastRpcElapsedTime:1122830852ns, electionTimeout:1122ms
2025-04-24 14:04:58,731 [9b45c406-4ccb-4f79-99e0-7a7cfdf05c76@group-D862D6EF7E65-FollowerState] INFO  impl.RoleInfo (RoleInfo.java:shutdownFollowerState(121)) - 9b45c406-4ccb-4f79-99e0-7a7cfdf05c76: shutdown 9b45c406-4ccb-4f79-99e0-7a7cfdf05c76@group-D862D6EF7E65-FollowerState
2025-04-24 14:04:58,731 [9b45c406-4ccb-4f79-99e0-7a7cfdf05c76@group-D862D6EF7E65-FollowerState] INFO  server.RaftServer$Division (RaftServerImpl.java:setRole(378)) - 9b45c406-4ccb-4f79-99e0-7a7cfdf05c76@group-D862D6EF7E65: changes role from  FOLLOWER to CANDIDATE at term 0 for changeToCandidate
2025-04-24 14:04:58,731 [9b45c406-4ccb-4f79-99e0-7a7cfdf05c76@group-D862D6EF7E65-FollowerState] INFO  server.RaftServerConfigKeys (ConfUtils.java:logGet(46)) - raft.server.leaderelection.pre-vote = true (default)
2025-04-24 14:04:58,731 [9b45c406-4ccb-4f79-99e0-7a7cfdf05c76@group-D862D6EF7E65-FollowerState] INFO  impl.RoleInfo (RoleInfo.java:updateAndGet(148)) - 9b45c406-4ccb-4f79-99e0-7a7cfdf05c76: start 9b45c406-4ccb-4f79-99e0-7a7cfdf05c76@group-D862D6EF7E65-LeaderElection45
2025-04-24 14:04:58,731 [9b45c406-4ccb-4f79-99e0-7a7cfdf05c76@group-D862D6EF7E65-LeaderElection45] INFO  impl.LeaderElection (LeaderElection.java:askForVotes(332)) - 9b45c406-4ccb-4f79-99e0-7a7cfdf05c76@group-D862D6EF7E65-LeaderElection45 PRE_VOTE round 0: submit vote requests at term 0 for conf: {index: -1, cur=peers:[9b45c406-4ccb-4f79-99e0-7a7cfdf05c76|127.0.0.1:15081]|listeners:[], old=null}
2025-04-24 14:04:58,732 [9b45c406-4ccb-4f79-99e0-7a7cfdf05c76@group-D862D6EF7E65-LeaderElection45] INFO  impl.LeaderElection (LeaderElection.java:askForVotes(334)) - 9b45c406-4ccb-4f79-99e0-7a7cfdf05c76@group-D862D6EF7E65-LeaderElection45 PRE_VOTE round 0: result PASSED (term=0)
2025-04-24 14:04:58,733 [9b45c406-4ccb-4f79-99e0-7a7cfdf05c76@group-D862D6EF7E65-LeaderElection45] INFO  impl.LeaderElection (LeaderElection.java:askForVotes(332)) - 9b45c406-4ccb-4f79-99e0-7a7cfdf05c76@group-D862D6EF7E65-LeaderElection45 ELECTION round 0: submit vote requests at term 1 for conf: {index: -1, cur=peers:[9b45c406-4ccb-4f79-99e0-7a7cfdf05c76|127.0.0.1:15081]|listeners:[], old=null}
2025-04-24 14:04:58,733 [9b45c406-4ccb-4f79-99e0-7a7cfdf05c76@group-D862D6EF7E65-LeaderElection45] INFO  impl.LeaderElection (LeaderElection.java:askForVotes(334)) - 9b45c406-4ccb-4f79-99e0-7a7cfdf05c76@group-D862D6EF7E65-LeaderElection45 ELECTION round 0: result PASSED (term=1)
2025-04-24 14:04:58,733 [9b45c406-4ccb-4f79-99e0-7a7cfdf05c76@group-D862D6EF7E65-LeaderElection45] INFO  impl.RoleInfo (RoleInfo.java:shutdownLeaderElection(141)) - 9b45c406-4ccb-4f79-99e0-7a7cfdf05c76: shutdown 9b45c406-4ccb-4f79-99e0-7a7cfdf05c76@group-D862D6EF7E65-LeaderElection45
2025-04-24 14:04:58,733 [9b45c406-4ccb-4f79-99e0-7a7cfdf05c76@group-D862D6EF7E65-LeaderElection45] INFO  server.RaftServer$Division (RaftServerImpl.java:setRole(378)) - 9b45c406-4ccb-4f79-99e0-7a7cfdf05c76@group-D862D6EF7E65: changes role from CANDIDATE to LEADER at term 1 for changeToLeader
2025-04-24 14:04:58,733 [9b45c406-4ccb-4f79-99e0-7a7cfdf05c76@group-D862D6EF7E65-LeaderElection45] INFO  server.RaftServerConfigKeys (ConfUtils.java:logGet(46)) - raft.server.staging.catchup.gap = 1000 (default)
2025-04-24 14:04:58,733 [9b45c406-4ccb-4f79-99e0-7a7cfdf05c76@group-D862D6EF7E65-LeaderElection45] INFO  server.RaftServerConfigKeys (ConfUtils.java:logGet(46)) - raft.server.write.element-limit = 1024 (custom)
2025-04-24 14:04:58,733 [9b45c406-4ccb-4f79-99e0-7a7cfdf05c76@group-D862D6EF7E65-LeaderElection45] INFO  server.RaftServerConfigKeys (ConfUtils.java:logGet(46)) - raft.server.write.byte-limit = 1024 M (=1073741824) (custom)
2025-04-24 14:04:58,733 [9b45c406-4ccb-4f79-99e0-7a7cfdf05c76@group-D862D6EF7E65-LeaderElection45] INFO  server.RaftServerConfigKeys (ConfUtils.java:logGet(46)) - raft.server.watch.timeout = 30s (custom)
2025-04-24 14:04:58,733 [9b45c406-4ccb-4f79-99e0-7a7cfdf05c76@group-D862D6EF7E65-LeaderElection45] INFO  server.RaftServerConfigKeys (ConfUtils.java:logGet(46)) - raft.server.watch.timeout.denomination = 1s (default)
2025-04-24 14:04:58,733 [9b45c406-4ccb-4f79-99e0-7a7cfdf05c76@group-D862D6EF7E65-LeaderElection45] INFO  server.RaftServerConfigKeys (ConfUtils.java:logGet(46)) - raft.server.watch.element-limit = 65536 (default)
2025-04-24 14:04:58,734 [9b45c406-4ccb-4f79-99e0-7a7cfdf05c76@group-D862D6EF7E65-LeaderElection45] INFO  server.RaftServerConfigKeys (ConfUtils.java:logGet(46)) - raft.server.read.leader.lease.enabled = false (default)
2025-04-24 14:04:58,734 [9b45c406-4ccb-4f79-99e0-7a7cfdf05c76@group-D862D6EF7E65-LeaderElection45] INFO  server.RaftServerConfigKeys (ConfUtils.java:logGet(46)) - raft.server.read.leader.lease.timeout.ratio = 0.9 (default)
2025-04-24 14:04:58,734 [9b45c406-4ccb-4f79-99e0-7a7cfdf05c76@group-D862D6EF7E65-LeaderElection45] INFO  server.RaftServerConfigKeys (ConfUtils.java:logGet(46)) - raft.server.rpc.timeout.min = 5s (custom)
2025-04-24 14:04:58,734 [9b45c406-4ccb-4f79-99e0-7a7cfdf05c76@group-D862D6EF7E65-LeaderElection45] INFO  server.RaftServerConfigKeys (ConfUtils.java:logGet(46)) - raft.server.log.log-metadata.enabled = true (default)
2025-04-24 14:04:58,734 [9b45c406-4ccb-4f79-99e0-7a7cfdf05c76@group-D862D6EF7E65-LeaderElection45] INFO  server.RaftServerConfigKeys (ConfUtils.java:logGet(46)) - raft.server.write.element-limit = 1024 (custom)
2025-04-24 14:04:58,734 [9b45c406-4ccb-4f79-99e0-7a7cfdf05c76@group-D862D6EF7E65-LeaderElection45] INFO  server.RaftServerConfigKeys (ConfUtils.java:logGet(46)) - raft.server.write.follower.gap.ratio.max = -1.0 (default)
2025-04-24 14:04:58,734 [9b45c406-4ccb-4f79-99e0-7a7cfdf05c76@group-D862D6EF7E65-LeaderElection45] INFO  impl.RoleInfo (RoleInfo.java:updateAndGet(148)) - 9b45c406-4ccb-4f79-99e0-7a7cfdf05c76: start 9b45c406-4ccb-4f79-99e0-7a7cfdf05c76@group-D862D6EF7E65-LeaderStateImpl
2025-04-24 14:04:58,734 [9b45c406-4ccb-4f79-99e0-7a7cfdf05c76@group-D862D6EF7E65-LeaderElection45] INFO  server.RaftServer$Division (RaftServerImpl.java:setFirstElection(562)) - 9b45c406-4ccb-4f79-99e0-7a7cfdf05c76@group-D862D6EF7E65: set firstElectionSinceStartup to false for becomeLeader
2025-04-24 14:04:58,734 [9b45c406-4ccb-4f79-99e0-7a7cfdf05c76@group-D862D6EF7E65-LeaderElection45] INFO  ratis.XceiverServerRatis (XceiverServerRatis.java:handleLeaderChangedNotification(942)) - Leader change notification received for group: group-D862D6EF7E65 with new leaderId: 9b45c406-4ccb-4f79-99e0-7a7cfdf05c76
2025-04-24 14:04:58,734 [9b45c406-4ccb-4f79-99e0-7a7cfdf05c76@group-D862D6EF7E65-LeaderElection45] INFO  server.RaftServer$Division (ServerState.java:setLeader(272)) - 9b45c406-4ccb-4f79-99e0-7a7cfdf05c76@group-D862D6EF7E65: change Leader from null to 9b45c406-4ccb-4f79-99e0-7a7cfdf05c76 at term 1 for becomeLeader, leader elected after 1138ms
2025-04-24 14:04:58,734 [9b45c406-4ccb-4f79-99e0-7a7cfdf05c76@group-D862D6EF7E65-LeaderElection45] INFO  segmented.SegmentedRaftLogWorker (SegmentedRaftLogWorker.java:startLogSegment(438)) - 9b45c406-4ccb-4f79-99e0-7a7cfdf05c76@group-D862D6EF7E65-SegmentedRaftLogWorker: Starting segment from index:0
2025-04-24 14:04:58,734 [9b45c406-4ccb-4f79-99e0-7a7cfdf05c76@group-D862D6EF7E65-LeaderElection45] INFO  server.RaftServer$Division (ServerState.java:setRaftConf(386)) - 9b45c406-4ccb-4f79-99e0-7a7cfdf05c76@group-D862D6EF7E65: set configuration conf: {index: 0, cur=peers:[9b45c406-4ccb-4f79-99e0-7a7cfdf05c76|127.0.0.1:15081]|listeners:[], old=null}
2025-04-24 14:04:58,734 [9b45c406-4ccb-4f79-99e0-7a7cfdf05c76@group-D862D6EF7E65-SegmentedRaftLogWorker] INFO  segmented.BufferedWriteChannel (BufferedWriteChannel.java:open(61)) - open log_inprogress_0 at position 0
2025-04-24 14:04:58,743 [9b45c406-4ccb-4f79-99e0-7a7cfdf05c76@group-D862D6EF7E65-SegmentedRaftLogWorker] INFO  segmented.SegmentedRaftLogWorker (SegmentedRaftLogWorker.java:execute(644)) - 9b45c406-4ccb-4f79-99e0-7a7cfdf05c76@group-D862D6EF7E65-SegmentedRaftLogWorker: created new log segment /home/runner/work/ozone/ozone/hadoop-ozone/integration-test/target/test-dir/MiniOzoneClusterImpl-9c5b6909-9e9c-47e3-ad7a-324826695869/ozone-meta/datanode-3/ratis/328273ee-022d-49c3-8449-d862d6ef7e65/current/log_inprogress_0
2025-04-24 14:04:58,744 [9b45c406-4ccb-4f79-99e0-7a7cfdf05c76@group-D862D6EF7E65-StateMachineUpdater] INFO  server.RaftServer$Division (LeaderStateImpl.java:checkStartIndex(313)) - Leader 9b45c406-4ccb-4f79-99e0-7a7cfdf05c76@group-D862D6EF7E65-LeaderStateImpl is ready since appliedIndex == startIndex == 0
2025-04-24 14:04:59,095 [main] INFO  ozone.MiniOzoneClusterImpl (MiniOzoneClusterImpl.java:lambda$waitForClusterToBeReady$0(190)) - Nodes are ready. Got 3 of 3 DN Heartbeats.
2025-04-24 14:04:59,095 [main] INFO  ozone.MiniOzoneClusterImpl (MiniOzoneClusterImpl.java:lambda$waitForClusterToBeReady$0(193)) - Cluster exits safe mode
2025-04-24 14:04:59,095 [main] INFO  ozone.MiniOzoneClusterImpl (MiniOzoneClusterImpl.java:lambda$waitForClusterToBeReady$0(195)) - SCM became leader
2025-04-24 14:04:59,101 [main] INFO  rpc.RpcClient (RpcClient.java:createVolume(462)) - Creating Volume: volume61946, with user21419 as owner and space quota set to -1 bytes, counts quota set to -1
2025-04-24 14:04:59,115 [omNode-2-OMStateMachineApplyTransactionThread - 0] WARN  helpers.OzoneAclUtil (OzoneAclUtil.java:getDefaultAclList(77)) - Failed to get primary group from user user21419 (auth:SIMPLE)
2025-04-24 14:04:59,116 [omNode-3-OMStateMachineApplyTransactionThread - 0] WARN  helpers.OzoneAclUtil (OzoneAclUtil.java:getDefaultAclList(77)) - Failed to get primary group from user user21419 (auth:SIMPLE)
2025-04-24 14:04:59,116 [omNode-2-OMStateMachineApplyTransactionThread - 0] INFO  volume.OMVolumeCreateRequest (OMVolumeCreateRequest.java:validateAndUpdateCache(203)) - created volume:volume61946 for user:user21419
2025-04-24 14:04:59,115 [omNode-1-OMStateMachineApplyTransactionThread - 0] WARN  helpers.OzoneAclUtil (OzoneAclUtil.java:getDefaultAclList(77)) - Failed to get primary group from user user21419 (auth:SIMPLE)
2025-04-24 14:04:59,116 [omNode-1-OMStateMachineApplyTransactionThread - 0] INFO  volume.OMVolumeCreateRequest (OMVolumeCreateRequest.java:validateAndUpdateCache(203)) - created volume:volume61946 for user:user21419
2025-04-24 14:04:59,116 [omNode-3-OMStateMachineApplyTransactionThread - 0] INFO  volume.OMVolumeCreateRequest (OMVolumeCreateRequest.java:validateAndUpdateCache(203)) - created volume:volume61946 for user:user21419
2025-04-24 14:04:59,119 [main] INFO  rpc.RpcClient (RpcClient.java:createBucket(687)) - Creating Bucket: volume61946/bucket42572, with server-side default bucket layout, runner as owner, Versioning false, Storage Type set to DISK and Encryption set to false, Replication Type set to server-side default replication type, Namespace Quota set to -1, Space Quota set to -1 
2025-04-24 14:04:59,122 [omNode-1-OMStateMachineApplyTransactionThread - 0] INFO  bucket.OMBucketCreateRequest (OMBucketCreateRequest.java:validateAndUpdateCache(291)) - created bucket: bucket42572 of layout OBJECT_STORE in volume: volume61946
2025-04-24 14:04:59,123 [omNode-3-OMStateMachineApplyTransactionThread - 0] INFO  bucket.OMBucketCreateRequest (OMBucketCreateRequest.java:validateAndUpdateCache(291)) - created bucket: bucket42572 of layout OBJECT_STORE in volume: volume61946
2025-04-24 14:04:59,124 [omNode-2-OMStateMachineApplyTransactionThread - 0] INFO  bucket.OMBucketCreateRequest (OMBucketCreateRequest.java:validateAndUpdateCache(291)) - created bucket: bucket42572 of layout OBJECT_STORE in volume: volume61946
2025-04-24 14:04:59,128 [IPC Server handler 6 on default port 15043] INFO  ha.SequenceIdGenerator (SequenceIdGenerator.java:getNextId(143)) - Allocate a batch for containerId, change lastId from 0 to 1000.
2025-04-24 14:04:59,129 [9dabf2e3-6a21-4be5-aa84-80424b1630ab@group-324826695869-StateMachineUpdater] WARN  ha.SequenceIdGenerator (SequenceIdGenerator.java:allocateBatch(256)) - Failed to allocate a batch for localId, expected lastId is 0, actual lastId is 115816896921600000.
2025-04-24 14:04:59,130 [IPC Server handler 6 on default port 15043] INFO  ha.SequenceIdGenerator (SequenceIdGenerator.java:getNextId(143)) - Allocate a batch for localId, change lastId from 115816896921600000 to 115816896921601000.
2025-04-24 14:04:59,379 [main] INFO  om.OzoneManager (OzoneManager.java:stop(2347)) - omNode-3[localhost:15056]: Stopping Ozone Manager
2025-04-24 14:04:59,379 [main] INFO  ipc.Server (Server.java:stop(3697)) - Stopping server on 15056
2025-04-24 14:04:59,389 [IPC Server listener on 15056] INFO  ipc.Server (Server.java:run(1585)) - Stopping IPC Server listener on 15056
2025-04-24 14:04:59,389 [IPC Server Responder] INFO  ipc.Server (Server.java:run(1718)) - Stopping IPC Server Responder
2025-04-24 14:04:59,389 [main] INFO  ratis.OzoneManagerRatisServer (OzoneManagerRatisServer.java:stop(634)) - Stopping org.apache.hadoop.ozone.om.ratis.OzoneManagerRatisServer@74e6e770 at port 15059
2025-04-24 14:04:59,389 [main] INFO  server.RaftServer (RaftServerProxy.java:lambda$close$9(417)) - omNode-3: close
2025-04-24 14:04:59,389 [main] INFO  server.GrpcService (GrpcService.java:closeImpl(343)) - omNode-3: shutdown server GrpcServerProtocolService now
2025-04-24 14:04:59,389 [omNode-3-impl-thread1] INFO  server.RaftServer$Division (RaftServerImpl.java:lambda$close$1(513)) - omNode-3@group-523986131536: shutdown
2025-04-24 14:04:59,390 [omNode-3-impl-thread1] INFO  util.JmxRegister (JmxRegister.java:unregister(74)) - Successfully un-registered JMX Bean with object name Ratis:service=RaftServer,group=group-523986131536,id=omNode-3
2025-04-24 14:04:59,390 [omNode-3-impl-thread1] INFO  impl.RoleInfo (RoleInfo.java:shutdownFollowerState(121)) - omNode-3: shutdown omNode-3@group-523986131536-FollowerState
2025-04-24 14:04:59,390 [omNode-3-impl-thread1] INFO  impl.StateMachineUpdater (StateMachineUpdater.java:stopAndJoin(164)) - omNode-3@group-523986131536-StateMachineUpdater: set stopIndex = 43
2025-04-24 14:04:59,391 [grpc-default-executor-0] WARN  server.GrpcServerProtocolService (LogUtils.java:warn(121)) - omNode-3: APPEND_ENTRIES onError, lastRequest: null: org.apache.ratis.thirdparty.io.grpc.StatusRuntimeException: CANCELLED: client cancelled
2025-04-24 14:04:59,391 [grpc-default-executor-4] WARN  server.GrpcLogAppender (LogUtils.java:warn(121)) - omNode-1@group-523986131536->omNode-3-AppendLogResponseHandler: Failed appendEntries: org.apache.ratis.thirdparty.io.grpc.StatusRuntimeException: CANCELLED: RST_STREAM closed stream. HTTP/2 error code: CANCEL
2025-04-24 14:04:59,391 [grpc-default-executor-3] WARN  server.GrpcServerProtocolService (LogUtils.java:warn(121)) - omNode-3: APPEND_ENTRIES onError, lastRequest: omNode-1->omNode-3#1074-t1,previous=(t:1, i:43),leaderCommit=43,initializing? false,entries: size=1, first=(t:1, i:44), METADATAENTRY(c:43): org.apache.ratis.thirdparty.io.grpc.StatusRuntimeException: CANCELLED: client cancelled
2025-04-24 14:04:59,391 [grpc-default-executor-4] WARN  server.GrpcLogAppender (GrpcLogAppender.java:lambda$resetClient$1(221)) - omNode-1@group-523986131536->omNode-3-GrpcLogAppender: Follower failed (request=null, errorCount=1); keep nextIndex (45) unchanged and retry.
2025-04-24 14:04:59,392 [omNode-3@group-523986131536-FollowerState] INFO  impl.FollowerState (FollowerState.java:runImpl(170)) - omNode-3@group-523986131536-FollowerState was interrupted
2025-04-24 14:04:59,392 [main] INFO  server.GrpcService (GrpcService.java:closeImpl(352)) - omNode-3: shutdown server GrpcServerProtocolService successfully
2025-04-24 14:04:59,417 [omNode-3@group-523986131536-StateMachineUpdater] INFO  ratis.OzoneManagerStateMachine (OzoneManagerStateMachine.java:takeSnapshotImpl(510)) - omNode-3: taking snapshot. applied = (t:1, i:43), skipped = 41, notified = (t:1, i:42), current snapshot index = (t:1, i:43), took 28 ms
2025-04-24 14:04:59,417 [omNode-3@group-523986131536-StateMachineUpdater] INFO  impl.StateMachineUpdater (StateMachineUpdater.java:takeSnapshot(303)) - omNode-3@group-523986131536-StateMachineUpdater: Took a snapshot at index 43
2025-04-24 14:04:59,417 [omNode-3@group-523986131536-StateMachineUpdater] INFO  impl.StateMachineUpdater (StateMachineUpdater.java:lambda$new$0(102)) - omNode-3@group-523986131536-StateMachineUpdater: snapshotIndex: updateIncreasingly -1 -> 43
2025-04-24 14:04:59,417 [omNode-3@group-523986131536-StateMachineUpdater] INFO  impl.StateMachineUpdater (StateMachineUpdater.java:stop(141)) - omNode-3@group-523986131536-StateMachineUpdater: closing OzoneManagerStateMachine, lastApplied=(t:1, i:43)
2025-04-24 14:04:59,417 [omNode-3@group-523986131536-StateMachineUpdater] INFO  ratis.OzoneManagerStateMachine (OzoneManagerStateMachine.java:close(550)) - Stopping OzoneManagerStateMachine:omNode-3:group-523986131536.
2025-04-24 14:04:59,417 [omNode-3@group-523986131536-StateMachineUpdater] INFO  ratis.OzoneManagerDoubleBuffer (OzoneManagerDoubleBuffer.java:stopDaemon(500)) - Stopping OMDoubleBuffer flush thread
2025-04-24 14:04:59,418 [omNode-3-OMDoubleBufferFlushThread] INFO  ratis.OzoneManagerDoubleBuffer (OzoneManagerDoubleBuffer.java:canFlush(559)) - OMDoubleBuffer flush thread omNode-3-OMDoubleBufferFlushThread is interrupted and will exit.
2025-04-24 14:04:59,419 [omNode-3@group-523986131536-cacheEviction-AwaitToRun] INFO  util.AwaitToRun (AwaitToRun.java:run(49)) - omNode-3@group-523986131536-cacheEviction-AwaitToRun-AwaitForSignal is interrupted
2025-04-24 14:05:00,381 [omNode-3-impl-thread1] INFO  segmented.SegmentedRaftLogWorker (SegmentedRaftLogWorker.java:close(252)) - omNode-3@group-523986131536-SegmentedRaftLogWorker close()
2025-04-24 14:05:00,382 [JvmPauseMonitor45] INFO  util.JvmPauseMonitor (JvmPauseMonitor.java:run(152)) - JvmPauseMonitor-omNode-3: Stopped
2025-04-24 14:05:00,382 [main] INFO  utils.BackgroundService (BackgroundService.java:shutdown(161)) - Shutting down service KeyDeletingService
2025-04-24 14:05:00,382 [main] INFO  utils.BackgroundService (BackgroundService.java:shutdown(161)) - Shutting down service DirectoryDeletingService
2025-04-24 14:05:00,383 [main] INFO  utils.BackgroundService (BackgroundService.java:shutdown(161)) - Shutting down service OpenKeyCleanupService
2025-04-24 14:05:00,383 [main] INFO  utils.BackgroundService (BackgroundService.java:shutdown(161)) - Shutting down service SstFilteringService
2025-04-24 14:05:00,383 [main] INFO  utils.BackgroundService (BackgroundService.java:shutdown(161)) - Shutting down service SnapshotDeletingService
2025-04-24 14:05:00,384 [main] INFO  utils.BackgroundService (BackgroundService.java:shutdown(161)) - Shutting down service MultipartUploadCleanupService
2025-04-24 14:05:00,385 [main] INFO  handler.ContextHandler (ContextHandler.java:doStop(1159)) - Stopped o.e.j.w.WebAppContext@7eee44d7{ozoneManager,/,null,STOPPED}{file:/home/runner/work/ozone/ozone/hadoop-ozone/integration-test/target/test-classes/webapps/ozoneManager}
2025-04-24 14:05:00,385 [main] INFO  server.AbstractConnector (AbstractConnector.java:doStop(383)) - Stopped ServerConnector@368adafe{HTTP/1.1, (http/1.1)}{0.0.0.0:15057}
2025-04-24 14:05:00,385 [main] INFO  server.session (HouseKeeper.java:stopScavenging(149)) - node0 Stopped scavenging
2025-04-24 14:05:00,385 [main] INFO  handler.ContextHandler (ContextHandler.java:doStop(1159)) - Stopped o.e.j.s.ServletContextHandler@680f8c7b{static,/static,file:///home/runner/work/ozone/ozone/hadoop-ozone/integration-test/target/test-classes/webapps/static,STOPPED}
2025-04-24 14:05:00,386 [main] INFO  handler.ContextHandler (ContextHandler.java:doStop(1159)) - Stopped o.e.j.s.ServletContextHandler@6f1fabd3{logs,/logs,file:///home/runner/work/ozone/ozone/hadoop-ozone/integration-test/target/log,STOPPED}
2025-04-24 14:05:00,386 [main] INFO  rocksdiff.RocksDBCheckpointDiffer (RocksDBCheckpointDiffer.java:close(304)) - Shutting down CompactionDagPruningService.
2025-04-24 14:05:00,388 [main] INFO  snapshot.SnapshotDiffManager (SnapshotDiffManager.java:closeExecutorService(1698)) - Shutting down executorService: 'SnapDiffExecutor'
2025-04-24 14:05:00,388 [main] INFO  utils.BackgroundService (BackgroundService.java:shutdown(161)) - Shutting down service SnapshotDiffCleanupService
2025-04-24 14:05:00,393 [grpc-default-executor-1] WARN  server.GrpcLogAppender (GrpcLogAppender.java:lambda$resetClient$1(221)) - omNode-1@group-523986131536->omNode-3-GrpcLogAppender: Follower failed (request=null, errorCount=9); keep nextIndex (46) unchanged and retry.
2025-04-24 14:05:00,395 [grpc-default-executor-1] WARN  server.GrpcLogAppender (GrpcLogAppender.java:lambda$resetClient$1(221)) - omNode-1@group-523986131536->omNode-3-GrpcLogAppender: Follower failed (request=null, errorCount=11); keep nextIndex (47) unchanged and retry.
2025-04-24 14:05:00,404 [grpc-default-executor-3] WARN  server.GrpcLogAppender (GrpcLogAppender.java:lambda$resetClient$1(221)) - omNode-1@group-523986131536->omNode-3-GrpcLogAppender: Follower failed (request=null, errorCount=13); keep nextIndex (48) unchanged and retry.
2025-04-24 14:05:00,405 [grpc-default-executor-4] WARN  server.GrpcLogAppender (GrpcLogAppender.java:lambda$resetClient$1(221)) - omNode-1@group-523986131536->omNode-3-GrpcLogAppender: Follower failed (request=null, errorCount=15); keep nextIndex (49) unchanged and retry.
2025-04-24 14:05:00,410 [grpc-default-executor-1] WARN  server.GrpcLogAppender (GrpcLogAppender.java:lambda$resetClient$1(221)) - omNode-1@group-523986131536->omNode-3-GrpcLogAppender: Follower failed (request=null, errorCount=17); keep nextIndex (50) unchanged and retry.
2025-04-24 14:05:00,412 [grpc-default-executor-4] WARN  server.GrpcLogAppender (GrpcLogAppender.java:lambda$resetClient$1(221)) - omNode-1@group-523986131536->omNode-3-GrpcLogAppender: Follower failed (request=null, errorCount=19); keep nextIndex (51) unchanged and retry.
2025-04-24 14:05:00,420 [grpc-default-executor-1] WARN  server.GrpcLogAppender (GrpcLogAppender.java:lambda$resetClient$1(221)) - omNode-1@group-523986131536->omNode-3-GrpcLogAppender: Follower failed (request=null, errorCount=21); keep nextIndex (52) unchanged and retry.
2025-04-24 14:05:00,421 [grpc-default-executor-3] WARN  server.GrpcLogAppender (GrpcLogAppender.java:lambda$resetClient$1(221)) - omNode-1@group-523986131536->omNode-3-GrpcLogAppender: Follower failed (request=null, errorCount=23); keep nextIndex (53) unchanged and retry.
2025-04-24 14:05:00,428 [grpc-default-executor-1] WARN  server.GrpcLogAppender (GrpcLogAppender.java:lambda$resetClient$1(221)) - omNode-1@group-523986131536->omNode-3-GrpcLogAppender: Follower failed (request=null, errorCount=25); keep nextIndex (54) unchanged and retry.
2025-04-24 14:05:00,430 [grpc-default-executor-3] WARN  server.GrpcLogAppender (GrpcLogAppender.java:lambda$resetClient$1(221)) - omNode-1@group-523986131536->omNode-3-GrpcLogAppender: Follower failed (request=null, errorCount=27); keep nextIndex (55) unchanged and retry.
2025-04-24 14:05:00,443 [omNode-2@group-523986131536-StateMachineUpdater] INFO  ratis.OzoneManagerStateMachine (OzoneManagerStateMachine.java:takeSnapshotImpl(510)) - omNode-2: taking snapshot. applied = (t:1, i:50), skipped = 49, notified = (t:1, i:50), current snapshot index = (t:1, i:50), took 22 ms
2025-04-24 14:05:00,443 [omNode-2@group-523986131536-StateMachineUpdater] INFO  impl.StateMachineUpdater (StateMachineUpdater.java:takeSnapshot(303)) - omNode-2@group-523986131536-StateMachineUpdater: Took a snapshot at index 50
2025-04-24 14:05:00,443 [omNode-2@group-523986131536-StateMachineUpdater] INFO  impl.StateMachineUpdater (StateMachineUpdater.java:lambda$new$0(102)) - omNode-2@group-523986131536-StateMachineUpdater: snapshotIndex: updateIncreasingly -1 -> 50
2025-04-24 14:05:00,443 [omNode-2@group-523986131536-StateMachineUpdater] INFO  raftlog.RaftLog (RaftLogBase.java:purge(325)) - omNode-2@group-523986131536-SegmentedRaftLog: purge 50
2025-04-24 14:05:00,443 [omNode-2@group-523986131536-StateMachineUpdater] INFO  raftlog.RaftLog (RaftLogBase.java:lambda$new$0(54)) - omNode-2@group-523986131536-SegmentedRaftLog: snapshotIndex: updateIncreasingly -1 -> 50
2025-04-24 14:05:00,443 [omNode-2@group-523986131536-StateMachineUpdater] INFO  raftlog.RaftLog (RaftLogBase.java:lambda$new$0(54)) - omNode-2@group-523986131536-SegmentedRaftLog: purgeIndex: updateToMax old=-1, new=50, updated? true
2025-04-24 14:05:00,445 [omNode-1@group-523986131536-StateMachineUpdater] INFO  ratis.OzoneManagerStateMachine (OzoneManagerStateMachine.java:takeSnapshotImpl(510)) - omNode-1: taking snapshot. applied = (t:1, i:50), skipped = 49, notified = (t:1, i:50), current snapshot index = (t:1, i:50), took 22 ms
2025-04-24 14:05:00,445 [omNode-1@group-523986131536-StateMachineUpdater] INFO  impl.StateMachineUpdater (StateMachineUpdater.java:takeSnapshot(303)) - omNode-1@group-523986131536-StateMachineUpdater: Took a snapshot at index 50
2025-04-24 14:05:00,445 [omNode-1@group-523986131536-StateMachineUpdater] INFO  impl.StateMachineUpdater (StateMachineUpdater.java:lambda$new$0(102)) - omNode-1@group-523986131536-StateMachineUpdater: snapshotIndex: updateIncreasingly -1 -> 50
2025-04-24 14:05:00,445 [omNode-1@group-523986131536-StateMachineUpdater] INFO  raftlog.RaftLog (RaftLogBase.java:purge(325)) - omNode-1@group-523986131536-SegmentedRaftLog: purge 50
2025-04-24 14:05:00,445 [omNode-1@group-523986131536-StateMachineUpdater] INFO  raftlog.RaftLog (RaftLogBase.java:lambda$new$0(54)) - omNode-1@group-523986131536-SegmentedRaftLog: snapshotIndex: updateIncreasingly -1 -> 50
2025-04-24 14:05:00,445 [omNode-1@group-523986131536-StateMachineUpdater] INFO  raftlog.RaftLog (RaftLogBase.java:lambda$new$0(54)) - omNode-1@group-523986131536-SegmentedRaftLog: purgeIndex: updateToMax old=-1, new=50, updated? true
2025-04-24 14:05:00,453 [grpc-default-executor-1] WARN  server.GrpcLogAppender (GrpcLogAppender.java:lambda$resetClient$1(221)) - omNode-1@group-523986131536->omNode-3-GrpcLogAppender: Follower failed (request=null, errorCount=29); keep nextIndex (56) unchanged and retry.
2025-04-24 14:05:00,455 [grpc-default-executor-3] WARN  server.GrpcLogAppender (GrpcLogAppender.java:lambda$resetClient$1(221)) - omNode-1@group-523986131536->omNode-3-GrpcLogAppender: Follower failed (request=null, errorCount=31); keep nextIndex (57) unchanged and retry.
2025-04-24 14:05:00,459 [grpc-default-executor-1] WARN  server.GrpcLogAppender (GrpcLogAppender.java:lambda$resetClient$1(221)) - omNode-1@group-523986131536->omNode-3-GrpcLogAppender: Follower failed (request=null, errorCount=33); keep nextIndex (58) unchanged and retry.
2025-04-24 14:05:00,462 [grpc-default-executor-3] WARN  server.GrpcLogAppender (GrpcLogAppender.java:lambda$resetClient$1(221)) - omNode-1@group-523986131536->omNode-3-GrpcLogAppender: Follower failed (request=null, errorCount=35); keep nextIndex (59) unchanged and retry.
2025-04-24 14:05:00,469 [grpc-default-executor-4] WARN  server.GrpcLogAppender (GrpcLogAppender.java:lambda$resetClient$1(221)) - omNode-1@group-523986131536->omNode-3-GrpcLogAppender: Follower failed (request=null, errorCount=37); keep nextIndex (60) unchanged and retry.
2025-04-24 14:05:00,470 [grpc-default-executor-3] WARN  server.GrpcLogAppender (GrpcLogAppender.java:lambda$resetClient$1(221)) - omNode-1@group-523986131536->omNode-3-GrpcLogAppender: Follower failed (request=null, errorCount=39); keep nextIndex (61) unchanged and retry.
2025-04-24 14:05:00,475 [grpc-default-executor-4] WARN  server.GrpcLogAppender (GrpcLogAppender.java:lambda$resetClient$1(221)) - omNode-1@group-523986131536->omNode-3-GrpcLogAppender: Follower failed (request=null, errorCount=41); keep nextIndex (62) unchanged and retry.
2025-04-24 14:05:00,477 [grpc-default-executor-3] WARN  server.GrpcLogAppender (GrpcLogAppender.java:lambda$resetClient$1(221)) - omNode-1@group-523986131536->omNode-3-GrpcLogAppender: Follower failed (request=null, errorCount=43); keep nextIndex (63) unchanged and retry.
2025-04-24 14:05:00,485 [grpc-default-executor-1] WARN  server.GrpcLogAppender (GrpcLogAppender.java:lambda$resetClient$1(221)) - omNode-1@group-523986131536->omNode-3-GrpcLogAppender: Follower failed (request=null, errorCount=45); keep nextIndex (64) unchanged and retry.
2025-04-24 14:05:00,487 [grpc-default-executor-4] WARN  server.GrpcLogAppender (GrpcLogAppender.java:lambda$resetClient$1(221)) - omNode-1@group-523986131536->omNode-3-GrpcLogAppender: Follower failed (request=null, errorCount=47); keep nextIndex (65) unchanged and retry.
2025-04-24 14:05:00,493 [grpc-default-executor-4] WARN  server.GrpcLogAppender (GrpcLogAppender.java:lambda$resetClient$1(221)) - omNode-1@group-523986131536->omNode-3-GrpcLogAppender: Follower failed (request=null, errorCount=49); keep nextIndex (66) unchanged and retry.
2025-04-24 14:05:00,494 [grpc-default-executor-1] WARN  server.GrpcLogAppender (GrpcLogAppender.java:lambda$resetClient$1(221)) - omNode-1@group-523986131536->omNode-3-GrpcLogAppender: Follower failed (request=null, errorCount=51); keep nextIndex (67) unchanged and retry.
2025-04-24 14:05:00,507 [grpc-default-executor-3] WARN  server.GrpcLogAppender (GrpcLogAppender.java:lambda$resetClient$1(221)) - omNode-1@group-523986131536->omNode-3-GrpcLogAppender: Follower failed (request=null, errorCount=53); keep nextIndex (68) unchanged and retry.
2025-04-24 14:05:00,509 [grpc-default-executor-4] WARN  server.GrpcLogAppender (GrpcLogAppender.java:lambda$resetClient$1(221)) - omNode-1@group-523986131536->omNode-3-GrpcLogAppender: Follower failed (request=null, errorCount=55); keep nextIndex (69) unchanged and retry.
2025-04-24 14:05:00,513 [grpc-default-executor-1] WARN  server.GrpcLogAppender (GrpcLogAppender.java:lambda$resetClient$1(221)) - omNode-1@group-523986131536->omNode-3-GrpcLogAppender: Follower failed (request=null, errorCount=57); keep nextIndex (70) unchanged and retry.
2025-04-24 14:05:00,515 [grpc-default-executor-4] WARN  server.GrpcLogAppender (GrpcLogAppender.java:lambda$resetClient$1(221)) - omNode-1@group-523986131536->omNode-3-GrpcLogAppender: Follower failed (request=null, errorCount=59); keep nextIndex (71) unchanged and retry.
2025-04-24 14:05:00,524 [grpc-default-executor-1] WARN  server.GrpcLogAppender (GrpcLogAppender.java:lambda$resetClient$1(221)) - omNode-1@group-523986131536->omNode-3-GrpcLogAppender: Follower failed (request=null, errorCount=61); keep nextIndex (72) unchanged and retry.
2025-04-24 14:05:00,526 [grpc-default-executor-3] WARN  server.GrpcLogAppender (GrpcLogAppender.java:lambda$resetClient$1(221)) - omNode-1@group-523986131536->omNode-3-GrpcLogAppender: Follower failed (request=null, errorCount=63); keep nextIndex (73) unchanged and retry.
2025-04-24 14:05:00,530 [grpc-default-executor-1] WARN  server.GrpcLogAppender (GrpcLogAppender.java:lambda$resetClient$1(221)) - omNode-1@group-523986131536->omNode-3-GrpcLogAppender: Follower failed (request=null, errorCount=65); keep nextIndex (74) unchanged and retry.
2025-04-24 14:05:00,531 [grpc-default-executor-3] WARN  server.GrpcLogAppender (GrpcLogAppender.java:lambda$resetClient$1(221)) - omNode-1@group-523986131536->omNode-3-GrpcLogAppender: Follower failed (request=null, errorCount=67); keep nextIndex (75) unchanged and retry.
2025-04-24 14:05:00,541 [grpc-default-executor-4] WARN  server.GrpcLogAppender (GrpcLogAppender.java:lambda$resetClient$1(221)) - omNode-1@group-523986131536->omNode-3-GrpcLogAppender: Follower failed (request=null, errorCount=69); keep nextIndex (76) unchanged and retry.
2025-04-24 14:05:00,542 [grpc-default-executor-3] WARN  server.GrpcLogAppender (GrpcLogAppender.java:lambda$resetClient$1(221)) - omNode-1@group-523986131536->omNode-3-GrpcLogAppender: Follower failed (request=null, errorCount=71); keep nextIndex (77) unchanged and retry.
2025-04-24 14:05:00,548 [grpc-default-executor-4] WARN  server.GrpcLogAppender (GrpcLogAppender.java:lambda$resetClient$1(221)) - omNode-1@group-523986131536->omNode-3-GrpcLogAppender: Follower failed (request=null, errorCount=73); keep nextIndex (78) unchanged and retry.
2025-04-24 14:05:00,550 [grpc-default-executor-4] WARN  server.GrpcLogAppender (GrpcLogAppender.java:lambda$resetClient$1(221)) - omNode-1@group-523986131536->omNode-3-GrpcLogAppender: Follower failed (request=null, errorCount=75); keep nextIndex (79) unchanged and retry.
2025-04-24 14:05:00,559 [grpc-default-executor-1] WARN  server.GrpcLogAppender (GrpcLogAppender.java:lambda$resetClient$1(221)) - omNode-1@group-523986131536->omNode-3-GrpcLogAppender: Follower failed (request=null, errorCount=77); keep nextIndex (80) unchanged and retry.
2025-04-24 14:05:00,560 [grpc-default-executor-3] WARN  server.GrpcLogAppender (GrpcLogAppender.java:lambda$resetClient$1(221)) - omNode-1@group-523986131536->omNode-3-GrpcLogAppender: Follower failed (request=null, errorCount=79); keep nextIndex (81) unchanged and retry.
2025-04-24 14:05:00,566 [grpc-default-executor-3] WARN  server.GrpcLogAppender (GrpcLogAppender.java:lambda$resetClient$1(221)) - omNode-1@group-523986131536->omNode-3-GrpcLogAppender: Follower failed (request=null, errorCount=81); keep nextIndex (82) unchanged and retry.
2025-04-24 14:05:00,568 [grpc-default-executor-3] WARN  server.GrpcLogAppender (GrpcLogAppender.java:lambda$resetClient$1(221)) - omNode-1@group-523986131536->omNode-3-GrpcLogAppender: Follower failed (request=null, errorCount=83); keep nextIndex (83) unchanged and retry.
2025-04-24 14:05:00,575 [grpc-default-executor-1] WARN  server.GrpcLogAppender (GrpcLogAppender.java:lambda$resetClient$1(221)) - omNode-1@group-523986131536->omNode-3-GrpcLogAppender: Follower failed (request=null, errorCount=85); keep nextIndex (84) unchanged and retry.
2025-04-24 14:05:00,577 [grpc-default-executor-3] WARN  server.GrpcLogAppender (GrpcLogAppender.java:lambda$resetClient$1(221)) - omNode-1@group-523986131536->omNode-3-GrpcLogAppender: Follower failed (request=null, errorCount=87); keep nextIndex (85) unchanged and retry.
2025-04-24 14:05:00,582 [grpc-default-executor-1] WARN  server.GrpcLogAppender (GrpcLogAppender.java:lambda$resetClient$1(221)) - omNode-1@group-523986131536->omNode-3-GrpcLogAppender: Follower failed (request=null, errorCount=89); keep nextIndex (86) unchanged and retry.
2025-04-24 14:05:00,583 [grpc-default-executor-3] WARN  server.GrpcLogAppender (GrpcLogAppender.java:lambda$resetClient$1(221)) - omNode-1@group-523986131536->omNode-3-GrpcLogAppender: Follower failed (request=null, errorCount=91); keep nextIndex (87) unchanged and retry.
2025-04-24 14:05:00,591 [grpc-default-executor-4] WARN  server.GrpcLogAppender (GrpcLogAppender.java:lambda$resetClient$1(221)) - omNode-1@group-523986131536->omNode-3-GrpcLogAppender: Follower failed (request=null, errorCount=93); keep nextIndex (88) unchanged and retry.
2025-04-24 14:05:00,593 [grpc-default-executor-3] WARN  server.GrpcLogAppender (GrpcLogAppender.java:lambda$resetClient$1(221)) - omNode-1@group-523986131536->omNode-3-GrpcLogAppender: Follower failed (request=null, errorCount=95); keep nextIndex (89) unchanged and retry.
2025-04-24 14:05:00,596 [grpc-default-executor-4] WARN  server.GrpcLogAppender (GrpcLogAppender.java:lambda$resetClient$1(221)) - omNode-1@group-523986131536->omNode-3-GrpcLogAppender: Follower failed (request=null, errorCount=97); keep nextIndex (90) unchanged and retry.
2025-04-24 14:05:00,598 [grpc-default-executor-3] WARN  server.GrpcLogAppender (GrpcLogAppender.java:lambda$resetClient$1(221)) - omNode-1@group-523986131536->omNode-3-GrpcLogAppender: Follower failed (request=null, errorCount=99); keep nextIndex (91) unchanged and retry.
2025-04-24 14:05:00,606 [grpc-default-executor-1] WARN  server.GrpcLogAppender (GrpcLogAppender.java:lambda$resetClient$1(221)) - omNode-1@group-523986131536->omNode-3-GrpcLogAppender: Follower failed (request=null, errorCount=101); keep nextIndex (92) unchanged and retry.
2025-04-24 14:05:00,608 [grpc-default-executor-1] WARN  server.GrpcLogAppender (GrpcLogAppender.java:lambda$resetClient$1(221)) - omNode-1@group-523986131536->omNode-3-GrpcLogAppender: Follower failed (request=null, errorCount=103); keep nextIndex (93) unchanged and retry.
2025-04-24 14:05:00,612 [grpc-default-executor-3] WARN  server.GrpcLogAppender (GrpcLogAppender.java:lambda$resetClient$1(221)) - omNode-1@group-523986131536->omNode-3-GrpcLogAppender: Follower failed (request=null, errorCount=105); keep nextIndex (94) unchanged and retry.
2025-04-24 14:05:00,614 [grpc-default-executor-4] WARN  server.GrpcLogAppender (GrpcLogAppender.java:lambda$resetClient$1(221)) - omNode-1@group-523986131536->omNode-3-GrpcLogAppender: Follower failed (request=null, errorCount=107); keep nextIndex (95) unchanged and retry.
2025-04-24 14:05:00,622 [grpc-default-executor-1] WARN  server.GrpcLogAppender (GrpcLogAppender.java:lambda$resetClient$1(221)) - omNode-1@group-523986131536->omNode-3-GrpcLogAppender: Follower failed (request=null, errorCount=109); keep nextIndex (96) unchanged and retry.
2025-04-24 14:05:00,623 [grpc-default-executor-4] WARN  server.GrpcLogAppender (GrpcLogAppender.java:lambda$resetClient$1(221)) - omNode-1@group-523986131536->omNode-3-GrpcLogAppender: Follower failed (request=null, errorCount=111); keep nextIndex (97) unchanged and retry.
2025-04-24 14:05:00,628 [grpc-default-executor-1] WARN  server.GrpcLogAppender (GrpcLogAppender.java:lambda$resetClient$1(221)) - omNode-1@group-523986131536->omNode-3-GrpcLogAppender: Follower failed (request=null, errorCount=113); keep nextIndex (98) unchanged and retry.
2025-04-24 14:05:00,630 [grpc-default-executor-4] WARN  server.GrpcLogAppender (GrpcLogAppender.java:lambda$resetClient$1(221)) - omNode-1@group-523986131536->omNode-3-GrpcLogAppender: Follower failed (request=null, errorCount=115); keep nextIndex (99) unchanged and retry.
2025-04-24 14:05:00,637 [grpc-default-executor-1] WARN  server.GrpcLogAppender (GrpcLogAppender.java:lambda$resetClient$1(221)) - omNode-1@group-523986131536->omNode-3-GrpcLogAppender: Follower failed (request=null, errorCount=117); keep nextIndex (100) unchanged and retry.
2025-04-24 14:05:00,639 [grpc-default-executor-4] WARN  server.GrpcLogAppender (GrpcLogAppender.java:lambda$resetClient$1(221)) - omNode-1@group-523986131536->omNode-3-GrpcLogAppender: Follower failed (request=null, errorCount=119); keep nextIndex (101) unchanged and retry.
2025-04-24 14:05:00,644 [grpc-default-executor-3] WARN  server.GrpcLogAppender (GrpcLogAppender.java:lambda$resetClient$1(221)) - omNode-1@group-523986131536->omNode-3-GrpcLogAppender: Follower failed (request=null, errorCount=123); keep nextIndex (103) unchanged and retry.
2025-04-24 14:05:00,652 [omNode-1@group-523986131536-StateMachineUpdater] INFO  ratis.OzoneManagerStateMachine (OzoneManagerStateMachine.java:takeSnapshotImpl(510)) - omNode-1: taking snapshot. applied = (t:1, i:100), skipped = 99, notified = (t:1, i:100), current snapshot index = (t:1, i:100), took 13 ms
2025-04-24 14:05:00,652 [omNode-1@group-523986131536-StateMachineUpdater] INFO  impl.StateMachineUpdater (StateMachineUpdater.java:takeSnapshot(303)) - omNode-1@group-523986131536-StateMachineUpdater: Took a snapshot at index 100
2025-04-24 14:05:00,652 [omNode-1@group-523986131536-StateMachineUpdater] INFO  impl.StateMachineUpdater (StateMachineUpdater.java:lambda$new$0(102)) - omNode-1@group-523986131536-StateMachineUpdater: snapshotIndex: updateIncreasingly 50 -> 100
2025-04-24 14:05:00,652 [omNode-1@group-523986131536-StateMachineUpdater] INFO  raftlog.RaftLog (RaftLogBase.java:purge(325)) - omNode-1@group-523986131536-SegmentedRaftLog: purge 100
2025-04-24 14:05:00,652 [omNode-1@group-523986131536-StateMachineUpdater] INFO  raftlog.RaftLog (RaftLogBase.java:lambda$new$0(54)) - omNode-1@group-523986131536-SegmentedRaftLog: snapshotIndex: updateIncreasingly 50 -> 100
2025-04-24 14:05:00,652 [omNode-1@group-523986131536-StateMachineUpdater] INFO  raftlog.RaftLog (RaftLogBase.java:lambda$new$0(54)) - omNode-1@group-523986131536-SegmentedRaftLog: purgeIndex: updateToMax old=50, new=100, updated? true
2025-04-24 14:05:00,655 [omNode-2@group-523986131536-StateMachineUpdater] INFO  ratis.OzoneManagerStateMachine (OzoneManagerStateMachine.java:takeSnapshotImpl(510)) - omNode-2: taking snapshot. applied = (t:1, i:100), skipped = 99, notified = (t:1, i:100), current snapshot index = (t:1, i:100), took 12 ms
2025-04-24 14:05:00,655 [omNode-2@group-523986131536-StateMachineUpdater] INFO  impl.StateMachineUpdater (StateMachineUpdater.java:takeSnapshot(303)) - omNode-2@group-523986131536-StateMachineUpdater: Took a snapshot at index 100
2025-04-24 14:05:00,655 [omNode-2@group-523986131536-StateMachineUpdater] INFO  impl.StateMachineUpdater (StateMachineUpdater.java:lambda$new$0(102)) - omNode-2@group-523986131536-StateMachineUpdater: snapshotIndex: updateIncreasingly 50 -> 100
2025-04-24 14:05:00,655 [omNode-2@group-523986131536-StateMachineUpdater] INFO  raftlog.RaftLog (RaftLogBase.java:purge(325)) - omNode-2@group-523986131536-SegmentedRaftLog: purge 100
2025-04-24 14:05:00,656 [omNode-2@group-523986131536-StateMachineUpdater] INFO  raftlog.RaftLog (RaftLogBase.java:lambda$new$0(54)) - omNode-2@group-523986131536-SegmentedRaftLog: snapshotIndex: updateIncreasingly 50 -> 100
2025-04-24 14:05:00,656 [omNode-2@group-523986131536-StateMachineUpdater] INFO  raftlog.RaftLog (RaftLogBase.java:lambda$new$0(54)) - omNode-2@group-523986131536-SegmentedRaftLog: purgeIndex: updateToMax old=50, new=100, updated? true
2025-04-24 14:05:00,662 [grpc-default-executor-1] WARN  server.GrpcLogAppender (GrpcLogAppender.java:lambda$resetClient$1(221)) - omNode-1@group-523986131536->omNode-3-GrpcLogAppender: Follower failed (request=null, errorCount=125); keep nextIndex (104) unchanged and retry.
2025-04-24 14:05:00,664 [grpc-default-executor-4] WARN  server.GrpcLogAppender (GrpcLogAppender.java:lambda$resetClient$1(221)) - omNode-1@group-523986131536->omNode-3-GrpcLogAppender: Follower failed (request=null, errorCount=127); keep nextIndex (105) unchanged and retry.
2025-04-24 14:05:00,667 [grpc-default-executor-1] WARN  server.GrpcLogAppender (GrpcLogAppender.java:lambda$resetClient$1(221)) - omNode-1@group-523986131536->omNode-3-GrpcLogAppender: Follower failed (request=null, errorCount=129); keep nextIndex (106) unchanged and retry.
2025-04-24 14:05:00,670 [grpc-default-executor-4] WARN  server.GrpcLogAppender (GrpcLogAppender.java:lambda$resetClient$1(221)) - omNode-1@group-523986131536->omNode-3-GrpcLogAppender: Follower failed (request=null, errorCount=131); keep nextIndex (107) unchanged and retry.
2025-04-24 14:05:00,677 [grpc-default-executor-1] WARN  server.GrpcLogAppender (GrpcLogAppender.java:lambda$resetClient$1(221)) - omNode-1@group-523986131536->omNode-3-GrpcLogAppender: Follower failed (request=null, errorCount=133); keep nextIndex (108) unchanged and retry.
2025-04-24 14:05:00,678 [grpc-default-executor-4] WARN  server.GrpcLogAppender (GrpcLogAppender.java:lambda$resetClient$1(221)) - omNode-1@group-523986131536->omNode-3-GrpcLogAppender: Follower failed (request=null, errorCount=135); keep nextIndex (109) unchanged and retry.
2025-04-24 14:05:00,684 [grpc-default-executor-1] WARN  server.GrpcLogAppender (GrpcLogAppender.java:lambda$resetClient$1(221)) - omNode-1@group-523986131536->omNode-3-GrpcLogAppender: Follower failed (request=null, errorCount=137); keep nextIndex (110) unchanged and retry.
2025-04-24 14:05:00,685 [grpc-default-executor-4] WARN  server.GrpcLogAppender (GrpcLogAppender.java:lambda$resetClient$1(221)) - omNode-1@group-523986131536->omNode-3-GrpcLogAppender: Follower failed (request=null, errorCount=139); keep nextIndex (111) unchanged and retry.
2025-04-24 14:05:00,693 [grpc-default-executor-1] WARN  server.GrpcLogAppender (GrpcLogAppender.java:lambda$resetClient$1(221)) - omNode-1@group-523986131536->omNode-3-GrpcLogAppender: Follower failed (request=null, errorCount=141); keep nextIndex (112) unchanged and retry.
2025-04-24 14:05:00,695 [grpc-default-executor-4] WARN  server.GrpcLogAppender (GrpcLogAppender.java:lambda$resetClient$1(221)) - omNode-1@group-523986131536->omNode-3-GrpcLogAppender: Follower failed (request=null, errorCount=143); keep nextIndex (113) unchanged and retry.
2025-04-24 14:05:00,698 [grpc-default-executor-4] WARN  server.GrpcLogAppender (GrpcLogAppender.java:lambda$resetClient$1(221)) - omNode-1@group-523986131536->omNode-3-GrpcLogAppender: Follower failed (request=null, errorCount=145); keep nextIndex (114) unchanged and retry.
2025-04-24 14:05:00,700 [grpc-default-executor-1] WARN  server.GrpcLogAppender (GrpcLogAppender.java:lambda$resetClient$1(221)) - omNode-1@group-523986131536->omNode-3-GrpcLogAppender: Follower failed (request=null, errorCount=147); keep nextIndex (115) unchanged and retry.
2025-04-24 14:05:00,708 [grpc-default-executor-4] WARN  server.GrpcLogAppender (GrpcLogAppender.java:lambda$resetClient$1(221)) - omNode-1@group-523986131536->omNode-3-GrpcLogAppender: Follower failed (request=null, errorCount=149); keep nextIndex (116) unchanged and retry.
2025-04-24 14:05:00,709 [grpc-default-executor-1] WARN  server.GrpcLogAppender (GrpcLogAppender.java:lambda$resetClient$1(221)) - omNode-1@group-523986131536->omNode-3-GrpcLogAppender: Follower failed (request=null, errorCount=151); keep nextIndex (117) unchanged and retry.
2025-04-24 14:05:00,714 [grpc-default-executor-4] WARN  server.GrpcLogAppender (GrpcLogAppender.java:lambda$resetClient$1(221)) - omNode-1@group-523986131536->omNode-3-GrpcLogAppender: Follower failed (request=null, errorCount=153); keep nextIndex (118) unchanged and retry.
2025-04-24 14:05:00,716 [grpc-default-executor-1] WARN  server.GrpcLogAppender (GrpcLogAppender.java:lambda$resetClient$1(221)) - omNode-1@group-523986131536->omNode-3-GrpcLogAppender: Follower failed (request=null, errorCount=155); keep nextIndex (119) unchanged and retry.
2025-04-24 14:05:00,723 [grpc-default-executor-1] WARN  server.GrpcLogAppender (GrpcLogAppender.java:lambda$resetClient$1(221)) - omNode-1@group-523986131536->omNode-3-GrpcLogAppender: Follower failed (request=null, errorCount=157); keep nextIndex (120) unchanged and retry.
2025-04-24 14:05:00,725 [grpc-default-executor-3] WARN  server.GrpcLogAppender (GrpcLogAppender.java:lambda$resetClient$1(221)) - omNode-1@group-523986131536->omNode-3-GrpcLogAppender: Follower failed (request=null, errorCount=159); keep nextIndex (121) unchanged and retry.
2025-04-24 14:05:00,729 [grpc-default-executor-3] WARN  server.GrpcLogAppender (GrpcLogAppender.java:lambda$resetClient$1(221)) - omNode-1@group-523986131536->omNode-3-GrpcLogAppender: Follower failed (request=null, errorCount=161); keep nextIndex (122) unchanged and retry.
2025-04-24 14:05:00,731 [grpc-default-executor-1] WARN  server.GrpcLogAppender (GrpcLogAppender.java:lambda$resetClient$1(221)) - omNode-1@group-523986131536->omNode-3-GrpcLogAppender: Follower failed (request=null, errorCount=163); keep nextIndex (123) unchanged and retry.
2025-04-24 14:05:00,738 [grpc-default-executor-4] WARN  server.GrpcLogAppender (GrpcLogAppender.java:lambda$resetClient$1(221)) - omNode-1@group-523986131536->omNode-3-GrpcLogAppender: Follower failed (request=null, errorCount=165); keep nextIndex (124) unchanged and retry.
2025-04-24 14:05:00,740 [grpc-default-executor-1] WARN  server.GrpcLogAppender (GrpcLogAppender.java:lambda$resetClient$1(221)) - omNode-1@group-523986131536->omNode-3-GrpcLogAppender: Follower failed (request=null, errorCount=167); keep nextIndex (125) unchanged and retry.
2025-04-24 14:05:00,745 [grpc-default-executor-4] WARN  server.GrpcLogAppender (GrpcLogAppender.java:lambda$resetClient$1(221)) - omNode-1@group-523986131536->omNode-3-GrpcLogAppender: Follower failed (request=null, errorCount=169); keep nextIndex (126) unchanged and retry.
2025-04-24 14:05:00,747 [grpc-default-executor-3] WARN  server.GrpcLogAppender (GrpcLogAppender.java:lambda$resetClient$1(221)) - omNode-1@group-523986131536->omNode-3-GrpcLogAppender: Follower failed (request=null, errorCount=171); keep nextIndex (127) unchanged and retry.
2025-04-24 14:05:00,755 [grpc-default-executor-1] WARN  server.GrpcLogAppender (GrpcLogAppender.java:lambda$resetClient$1(221)) - omNode-1@group-523986131536->omNode-3-GrpcLogAppender: Follower failed (request=null, errorCount=173); keep nextIndex (128) unchanged and retry.
2025-04-24 14:05:00,757 [grpc-default-executor-4] WARN  server.GrpcLogAppender (GrpcLogAppender.java:lambda$resetClient$1(221)) - omNode-1@group-523986131536->omNode-3-GrpcLogAppender: Follower failed (request=null, errorCount=175); keep nextIndex (129) unchanged and retry.
2025-04-24 14:05:00,761 [grpc-default-executor-1] WARN  server.GrpcLogAppender (GrpcLogAppender.java:lambda$resetClient$1(221)) - omNode-1@group-523986131536->omNode-3-GrpcLogAppender: Follower failed (request=null, errorCount=177); keep nextIndex (130) unchanged and retry.
2025-04-24 14:05:00,762 [grpc-default-executor-4] WARN  server.GrpcLogAppender (GrpcLogAppender.java:lambda$resetClient$1(221)) - omNode-1@group-523986131536->omNode-3-GrpcLogAppender: Follower failed (request=null, errorCount=179); keep nextIndex (131) unchanged and retry.
2025-04-24 14:05:00,771 [grpc-default-executor-4] WARN  server.GrpcLogAppender (GrpcLogAppender.java:lambda$resetClient$1(221)) - omNode-1@group-523986131536->omNode-3-GrpcLogAppender: Follower failed (request=null, errorCount=181); keep nextIndex (132) unchanged and retry.
2025-04-24 14:05:00,772 [grpc-default-executor-3] WARN  server.GrpcLogAppender (GrpcLogAppender.java:lambda$resetClient$1(221)) - omNode-1@group-523986131536->omNode-3-GrpcLogAppender: Follower failed (request=null, errorCount=183); keep nextIndex (133) unchanged and retry.
2025-04-24 14:05:00,777 [grpc-default-executor-4] WARN  server.GrpcLogAppender (GrpcLogAppender.java:lambda$resetClient$1(221)) - omNode-1@group-523986131536->omNode-3-GrpcLogAppender: Follower failed (request=null, errorCount=185); keep nextIndex (134) unchanged and retry.
2025-04-24 14:05:00,778 [grpc-default-executor-1] WARN  server.GrpcLogAppender (GrpcLogAppender.java:lambda$resetClient$1(221)) - omNode-1@group-523986131536->omNode-3-GrpcLogAppender: Follower failed (request=null, errorCount=187); keep nextIndex (135) unchanged and retry.
2025-04-24 14:05:00,787 [grpc-default-executor-4] WARN  server.GrpcLogAppender (GrpcLogAppender.java:lambda$resetClient$1(221)) - omNode-1@group-523986131536->omNode-3-GrpcLogAppender: Follower failed (request=null, errorCount=189); keep nextIndex (136) unchanged and retry.
2025-04-24 14:05:00,789 [grpc-default-executor-3] WARN  server.GrpcLogAppender (GrpcLogAppender.java:lambda$resetClient$1(221)) - omNode-1@group-523986131536->omNode-3-GrpcLogAppender: Follower failed (request=null, errorCount=191); keep nextIndex (137) unchanged and retry.
2025-04-24 14:05:00,793 [grpc-default-executor-4] WARN  server.GrpcLogAppender (GrpcLogAppender.java:lambda$resetClient$1(221)) - omNode-1@group-523986131536->omNode-3-GrpcLogAppender: Follower failed (request=null, errorCount=193); keep nextIndex (138) unchanged and retry.
2025-04-24 14:05:00,795 [grpc-default-executor-3] WARN  server.GrpcLogAppender (GrpcLogAppender.java:lambda$resetClient$1(221)) - omNode-1@group-523986131536->omNode-3-GrpcLogAppender: Follower failed (request=null, errorCount=195); keep nextIndex (139) unchanged and retry.
2025-04-24 14:05:00,804 [grpc-default-executor-4] WARN  server.GrpcLogAppender (GrpcLogAppender.java:lambda$resetClient$1(221)) - omNode-1@group-523986131536->omNode-3-GrpcLogAppender: Follower failed (request=null, errorCount=197); keep nextIndex (140) unchanged and retry.
2025-04-24 14:05:00,806 [grpc-default-executor-3] WARN  server.GrpcLogAppender (GrpcLogAppender.java:lambda$resetClient$1(221)) - omNode-1@group-523986131536->omNode-3-GrpcLogAppender: Follower failed (request=null, errorCount=199); keep nextIndex (141) unchanged and retry.
2025-04-24 14:05:00,809 [grpc-default-executor-4] WARN  server.GrpcLogAppender (GrpcLogAppender.java:lambda$resetClient$1(221)) - omNode-1@group-523986131536->omNode-3-GrpcLogAppender: Follower failed (request=null, errorCount=201); keep nextIndex (142) unchanged and retry.
2025-04-24 14:05:00,810 [grpc-default-executor-1] WARN  server.GrpcLogAppender (GrpcLogAppender.java:lambda$resetClient$1(221)) - omNode-1@group-523986131536->omNode-3-GrpcLogAppender: Follower failed (request=null, errorCount=203); keep nextIndex (143) unchanged and retry.
2025-04-24 14:05:00,819 [grpc-default-executor-1] WARN  server.GrpcLogAppender (GrpcLogAppender.java:lambda$resetClient$1(221)) - omNode-1@group-523986131536->omNode-3-GrpcLogAppender: Follower failed (request=null, errorCount=205); keep nextIndex (144) unchanged and retry.
2025-04-24 14:05:00,820 [grpc-default-executor-4] WARN  server.GrpcLogAppender (GrpcLogAppender.java:lambda$resetClient$1(221)) - omNode-1@group-523986131536->omNode-3-GrpcLogAppender: Follower failed (request=null, errorCount=207); keep nextIndex (145) unchanged and retry.
2025-04-24 14:05:00,825 [grpc-default-executor-3] WARN  server.GrpcLogAppender (GrpcLogAppender.java:lambda$resetClient$1(221)) - omNode-1@group-523986131536->omNode-3-GrpcLogAppender: Follower failed (request=null, errorCount=209); keep nextIndex (146) unchanged and retry.
2025-04-24 14:05:00,826 [grpc-default-executor-4] WARN  server.GrpcLogAppender (GrpcLogAppender.java:lambda$resetClient$1(221)) - omNode-1@group-523986131536->omNode-3-GrpcLogAppender: Follower failed (request=null, errorCount=211); keep nextIndex (147) unchanged and retry.
2025-04-24 14:05:00,834 [grpc-default-executor-3] WARN  server.GrpcLogAppender (GrpcLogAppender.java:lambda$resetClient$1(221)) - omNode-1@group-523986131536->omNode-3-GrpcLogAppender: Follower failed (request=null, errorCount=213); keep nextIndex (148) unchanged and retry.
2025-04-24 14:05:00,836 [grpc-default-executor-1] WARN  server.GrpcLogAppender (GrpcLogAppender.java:lambda$resetClient$1(221)) - omNode-1@group-523986131536->omNode-3-GrpcLogAppender: Follower failed (request=null, errorCount=215); keep nextIndex (149) unchanged and retry.
2025-04-24 14:05:00,841 [grpc-default-executor-4] WARN  server.GrpcLogAppender (GrpcLogAppender.java:lambda$resetClient$1(221)) - omNode-1@group-523986131536->omNode-3-GrpcLogAppender: Follower failed (request=null, errorCount=217); keep nextIndex (150) unchanged and retry.
2025-04-24 14:05:00,843 [grpc-default-executor-3] WARN  server.GrpcLogAppender (GrpcLogAppender.java:lambda$resetClient$1(221)) - omNode-1@group-523986131536->omNode-3-GrpcLogAppender: Follower failed (request=null, errorCount=219); keep nextIndex (151) unchanged and retry.
2025-04-24 14:05:00,855 [grpc-default-executor-3] WARN  server.GrpcLogAppender (GrpcLogAppender.java:lambda$resetClient$1(221)) - omNode-1@group-523986131536->omNode-3-GrpcLogAppender: Follower failed (request=null, errorCount=221); keep nextIndex (152) unchanged and retry.
2025-04-24 14:05:00,859 [grpc-default-executor-3] WARN  server.GrpcLogAppender (GrpcLogAppender.java:lambda$resetClient$1(221)) - omNode-1@group-523986131536->omNode-3-GrpcLogAppender: Follower failed (request=null, errorCount=223); keep nextIndex (153) unchanged and retry.
2025-04-24 14:05:00,864 [omNode-1@group-523986131536-StateMachineUpdater] INFO  ratis.OzoneManagerStateMachine (OzoneManagerStateMachine.java:takeSnapshotImpl(510)) - omNode-1: taking snapshot. applied = (t:1, i:150), skipped = 149, notified = (t:1, i:150), current snapshot index = (t:1, i:150), took 19 ms
2025-04-24 14:05:00,864 [omNode-1@group-523986131536-StateMachineUpdater] INFO  impl.StateMachineUpdater (StateMachineUpdater.java:takeSnapshot(303)) - omNode-1@group-523986131536-StateMachineUpdater: Took a snapshot at index 150
2025-04-24 14:05:00,864 [omNode-1@group-523986131536-StateMachineUpdater] INFO  impl.StateMachineUpdater (StateMachineUpdater.java:lambda$new$0(102)) - omNode-1@group-523986131536-StateMachineUpdater: snapshotIndex: updateIncreasingly 100 -> 150
2025-04-24 14:05:00,864 [omNode-1@group-523986131536-StateMachineUpdater] INFO  raftlog.RaftLog (RaftLogBase.java:purge(325)) - omNode-1@group-523986131536-SegmentedRaftLog: purge 150
2025-04-24 14:05:00,864 [omNode-1@group-523986131536-StateMachineUpdater] INFO  raftlog.RaftLog (RaftLogBase.java:lambda$new$0(54)) - omNode-1@group-523986131536-SegmentedRaftLog: snapshotIndex: updateIncreasingly 100 -> 150
2025-04-24 14:05:00,864 [omNode-1@group-523986131536-StateMachineUpdater] INFO  raftlog.RaftLog (RaftLogBase.java:lambda$new$0(54)) - omNode-1@group-523986131536-SegmentedRaftLog: purgeIndex: updateToMax old=100, new=150, updated? true
2025-04-24 14:05:00,869 [grpc-default-executor-4] WARN  server.GrpcLogAppender (GrpcLogAppender.java:lambda$resetClient$1(221)) - omNode-1@group-523986131536->omNode-3-GrpcLogAppender: Follower failed (request=null, errorCount=225); keep nextIndex (154) unchanged and retry.
2025-04-24 14:05:00,871 [omNode-2@group-523986131536-StateMachineUpdater] INFO  ratis.OzoneManagerStateMachine (OzoneManagerStateMachine.java:takeSnapshotImpl(510)) - omNode-2: taking snapshot. applied = (t:1, i:150), skipped = 149, notified = (t:1, i:150), current snapshot index = (t:1, i:150), took 14 ms
2025-04-24 14:05:00,871 [omNode-2@group-523986131536-StateMachineUpdater] INFO  impl.StateMachineUpdater (StateMachineUpdater.java:takeSnapshot(303)) - omNode-2@group-523986131536-StateMachineUpdater: Took a snapshot at index 150
2025-04-24 14:05:00,871 [omNode-2@group-523986131536-StateMachineUpdater] INFO  impl.StateMachineUpdater (StateMachineUpdater.java:lambda$new$0(102)) - omNode-2@group-523986131536-StateMachineUpdater: snapshotIndex: updateIncreasingly 100 -> 150
2025-04-24 14:05:00,871 [grpc-default-executor-3] WARN  server.GrpcLogAppender (GrpcLogAppender.java:lambda$resetClient$1(221)) - omNode-1@group-523986131536->omNode-3-GrpcLogAppender: Follower failed (request=null, errorCount=227); keep nextIndex (155) unchanged and retry.
2025-04-24 14:05:00,871 [omNode-2@group-523986131536-StateMachineUpdater] INFO  raftlog.RaftLog (RaftLogBase.java:purge(325)) - omNode-2@group-523986131536-SegmentedRaftLog: purge 150
2025-04-24 14:05:00,872 [omNode-2@group-523986131536-StateMachineUpdater] INFO  raftlog.RaftLog (RaftLogBase.java:lambda$new$0(54)) - omNode-2@group-523986131536-SegmentedRaftLog: snapshotIndex: updateIncreasingly 100 -> 150
2025-04-24 14:05:00,872 [omNode-2@group-523986131536-StateMachineUpdater] INFO  raftlog.RaftLog (RaftLogBase.java:lambda$new$0(54)) - omNode-2@group-523986131536-SegmentedRaftLog: purgeIndex: updateToMax old=100, new=150, updated? true
2025-04-24 14:05:00,881 [grpc-default-executor-4] WARN  server.GrpcLogAppender (GrpcLogAppender.java:lambda$resetClient$1(221)) - omNode-1@group-523986131536->omNode-3-GrpcLogAppender: Follower failed (request=null, errorCount=229); keep nextIndex (156) unchanged and retry.
2025-04-24 14:05:00,883 [grpc-default-executor-4] WARN  server.GrpcLogAppender (GrpcLogAppender.java:lambda$resetClient$1(221)) - omNode-1@group-523986131536->omNode-3-GrpcLogAppender: Follower failed (request=null, errorCount=231); keep nextIndex (157) unchanged and retry.
2025-04-24 14:05:00,888 [grpc-default-executor-1] WARN  server.GrpcLogAppender (GrpcLogAppender.java:lambda$resetClient$1(221)) - omNode-1@group-523986131536->omNode-3-GrpcLogAppender: Follower failed (request=null, errorCount=233); keep nextIndex (158) unchanged and retry.
2025-04-24 14:05:00,891 [grpc-default-executor-3] WARN  server.GrpcLogAppender (GrpcLogAppender.java:lambda$resetClient$1(221)) - omNode-1@group-523986131536->omNode-3-GrpcLogAppender: Follower failed (request=null, errorCount=235); keep nextIndex (159) unchanged and retry.
2025-04-24 14:05:00,902 [grpc-default-executor-6] WARN  server.GrpcLogAppender (GrpcLogAppender.java:lambda$resetClient$1(221)) - omNode-1@group-523986131536->omNode-3-GrpcLogAppender: Follower failed (request=null, errorCount=239); keep nextIndex (160) unchanged and retry.
2025-04-24 14:05:00,905 [grpc-default-executor-1] WARN  server.GrpcLogAppender (GrpcLogAppender.java:lambda$resetClient$1(221)) - omNode-1@group-523986131536->omNode-3-GrpcLogAppender: Follower failed (request=null, errorCount=241); keep nextIndex (161) unchanged and retry.
2025-04-24 14:05:00,908 [grpc-default-executor-3] WARN  server.GrpcLogAppender (GrpcLogAppender.java:lambda$resetClient$1(221)) - omNode-1@group-523986131536->omNode-3-GrpcLogAppender: Follower failed (request=null, errorCount=243); keep nextIndex (162) unchanged and retry.
2025-04-24 14:05:00,910 [grpc-default-executor-6] WARN  server.GrpcLogAppender (GrpcLogAppender.java:lambda$resetClient$1(221)) - omNode-1@group-523986131536->omNode-3-GrpcLogAppender: Follower failed (request=null, errorCount=245); keep nextIndex (163) unchanged and retry.
2025-04-24 14:05:00,918 [grpc-default-executor-6] WARN  server.GrpcLogAppender (GrpcLogAppender.java:lambda$resetClient$1(221)) - omNode-1@group-523986131536->omNode-3-GrpcLogAppender: Follower failed (request=null, errorCount=247); keep nextIndex (164) unchanged and retry.
2025-04-24 14:05:00,920 [grpc-default-executor-6] WARN  server.GrpcLogAppender (GrpcLogAppender.java:lambda$resetClient$1(221)) - omNode-1@group-523986131536->omNode-3-GrpcLogAppender: Follower failed (request=null, errorCount=249); keep nextIndex (165) unchanged and retry.
2025-04-24 14:05:00,926 [grpc-default-executor-3] WARN  server.GrpcLogAppender (GrpcLogAppender.java:lambda$resetClient$1(221)) - omNode-1@group-523986131536->omNode-3-GrpcLogAppender: Follower failed (request=null, errorCount=251); keep nextIndex (166) unchanged and retry.
2025-04-24 14:05:00,927 [grpc-default-executor-6] WARN  server.GrpcLogAppender (GrpcLogAppender.java:lambda$resetClient$1(221)) - omNode-1@group-523986131536->omNode-3-GrpcLogAppender: Follower failed (request=null, errorCount=253); keep nextIndex (167) unchanged and retry.
2025-04-24 14:05:00,940 [grpc-default-executor-3] WARN  server.GrpcLogAppender (GrpcLogAppender.java:lambda$resetClient$1(221)) - omNode-1@group-523986131536->omNode-3-GrpcLogAppender: Follower failed (request=null, errorCount=255); keep nextIndex (168) unchanged and retry.
2025-04-24 14:05:00,942 [grpc-default-executor-6] WARN  server.GrpcLogAppender (GrpcLogAppender.java:lambda$resetClient$1(221)) - omNode-1@group-523986131536->omNode-3-GrpcLogAppender: Follower failed (request=null, errorCount=257); keep nextIndex (169) unchanged and retry.
2025-04-24 14:05:00,945 [grpc-default-executor-3] WARN  server.GrpcLogAppender (GrpcLogAppender.java:lambda$resetClient$1(221)) - omNode-1@group-523986131536->omNode-3-GrpcLogAppender: Follower failed (request=null, errorCount=259); keep nextIndex (170) unchanged and retry.
2025-04-24 14:05:00,947 [grpc-default-executor-6] WARN  server.GrpcLogAppender (GrpcLogAppender.java:lambda$resetClient$1(221)) - omNode-1@group-523986131536->omNode-3-GrpcLogAppender: Follower failed (request=null, errorCount=261); keep nextIndex (171) unchanged and retry.
2025-04-24 14:05:00,956 [grpc-default-executor-3] WARN  server.GrpcLogAppender (GrpcLogAppender.java:lambda$resetClient$1(221)) - omNode-1@group-523986131536->omNode-3-GrpcLogAppender: Follower failed (request=null, errorCount=263); keep nextIndex (172) unchanged and retry.
2025-04-24 14:05:00,957 [grpc-default-executor-6] WARN  server.GrpcLogAppender (GrpcLogAppender.java:lambda$resetClient$1(221)) - omNode-1@group-523986131536->omNode-3-GrpcLogAppender: Follower failed (request=null, errorCount=265); keep nextIndex (173) unchanged and retry.
2025-04-24 14:05:00,962 [grpc-default-executor-6] WARN  server.GrpcLogAppender (GrpcLogAppender.java:lambda$resetClient$1(221)) - omNode-1@group-523986131536->omNode-3-GrpcLogAppender: Follower failed (request=null, errorCount=267); keep nextIndex (174) unchanged and retry.
2025-04-24 14:05:00,965 [grpc-default-executor-6] WARN  server.GrpcLogAppender (GrpcLogAppender.java:lambda$resetClient$1(221)) - omNode-1@group-523986131536->omNode-3-GrpcLogAppender: Follower failed (request=null, errorCount=269); keep nextIndex (175) unchanged and retry.
2025-04-24 14:05:00,972 [grpc-default-executor-6] WARN  server.GrpcLogAppender (GrpcLogAppender.java:lambda$resetClient$1(221)) - omNode-1@group-523986131536->omNode-3-GrpcLogAppender: Follower failed (request=null, errorCount=271); keep nextIndex (176) unchanged and retry.
2025-04-24 14:05:00,973 [grpc-default-executor-6] WARN  server.GrpcLogAppender (GrpcLogAppender.java:lambda$resetClient$1(221)) - omNode-1@group-523986131536->omNode-3-GrpcLogAppender: Follower failed (request=null, errorCount=273); keep nextIndex (177) unchanged and retry.
2025-04-24 14:05:00,978 [grpc-default-executor-1] WARN  server.GrpcLogAppender (GrpcLogAppender.java:lambda$resetClient$1(221)) - omNode-1@group-523986131536->omNode-3-GrpcLogAppender: Follower failed (request=null, errorCount=275); keep nextIndex (178) unchanged and retry.
2025-04-24 14:05:00,979 [grpc-default-executor-6] WARN  server.GrpcLogAppender (GrpcLogAppender.java:lambda$resetClient$1(221)) - omNode-1@group-523986131536->omNode-3-GrpcLogAppender: Follower failed (request=null, errorCount=277); keep nextIndex (179) unchanged and retry.
2025-04-24 14:05:00,988 [grpc-default-executor-1] WARN  server.GrpcLogAppender (GrpcLogAppender.java:lambda$resetClient$1(221)) - omNode-1@group-523986131536->omNode-3-GrpcLogAppender: Follower failed (request=null, errorCount=279); keep nextIndex (180) unchanged and retry.
2025-04-24 14:05:00,989 [grpc-default-executor-3] WARN  server.GrpcLogAppender (GrpcLogAppender.java:lambda$resetClient$1(221)) - omNode-1@group-523986131536->omNode-3-GrpcLogAppender: Follower failed (request=null, errorCount=281); keep nextIndex (181) unchanged and retry.
2025-04-24 14:05:00,993 [grpc-default-executor-3] WARN  server.GrpcLogAppender (GrpcLogAppender.java:lambda$resetClient$1(221)) - omNode-1@group-523986131536->omNode-3-GrpcLogAppender: Follower failed (request=null, errorCount=283); keep nextIndex (182) unchanged and retry.
2025-04-24 14:05:00,995 [grpc-default-executor-1] WARN  server.GrpcLogAppender (GrpcLogAppender.java:lambda$resetClient$1(221)) - omNode-1@group-523986131536->omNode-3-GrpcLogAppender: Follower failed (request=null, errorCount=285); keep nextIndex (183) unchanged and retry.
2025-04-24 14:05:01,001 [grpc-default-executor-1] WARN  server.GrpcLogAppender (GrpcLogAppender.java:lambda$resetClient$1(221)) - omNode-1@group-523986131536->omNode-3-GrpcLogAppender: Follower failed (request=null, errorCount=287); keep nextIndex (184) unchanged and retry.
2025-04-24 14:05:01,002 [grpc-default-executor-6] WARN  server.GrpcLogAppender (GrpcLogAppender.java:lambda$resetClient$1(221)) - omNode-1@group-523986131536->omNode-3-GrpcLogAppender: Follower failed (request=null, errorCount=289); keep nextIndex (185) unchanged and retry.
2025-04-24 14:05:01,008 [grpc-default-executor-1] WARN  server.GrpcLogAppender (GrpcLogAppender.java:lambda$resetClient$1(221)) - omNode-1@group-523986131536->omNode-3-GrpcLogAppender: Follower failed (request=null, errorCount=291); keep nextIndex (186) unchanged and retry.
2025-04-24 14:05:01,009 [grpc-default-executor-3] WARN  server.GrpcLogAppender (GrpcLogAppender.java:lambda$resetClient$1(221)) - omNode-1@group-523986131536->omNode-3-GrpcLogAppender: Follower failed (request=null, errorCount=293); keep nextIndex (187) unchanged and retry.
2025-04-24 14:05:01,020 [grpc-default-executor-3] WARN  server.GrpcLogAppender (GrpcLogAppender.java:lambda$resetClient$1(221)) - omNode-1@group-523986131536->omNode-3-GrpcLogAppender: Follower failed (request=null, errorCount=295); keep nextIndex (188) unchanged and retry.
2025-04-24 14:05:01,021 [grpc-default-executor-6] WARN  server.GrpcLogAppender (GrpcLogAppender.java:lambda$resetClient$1(221)) - omNode-1@group-523986131536->omNode-3-GrpcLogAppender: Follower failed (request=null, errorCount=297); keep nextIndex (189) unchanged and retry.
2025-04-24 14:05:01,026 [grpc-default-executor-1] WARN  server.GrpcLogAppender (GrpcLogAppender.java:lambda$resetClient$1(221)) - omNode-1@group-523986131536->omNode-3-GrpcLogAppender: Follower failed (request=null, errorCount=299); keep nextIndex (190) unchanged and retry.
2025-04-24 14:05:01,028 [grpc-default-executor-6] WARN  server.GrpcLogAppender (GrpcLogAppender.java:lambda$resetClient$1(221)) - omNode-1@group-523986131536->omNode-3-GrpcLogAppender: Follower failed (request=null, errorCount=301); keep nextIndex (191) unchanged and retry.
2025-04-24 14:05:01,036 [grpc-default-executor-3] WARN  server.GrpcLogAppender (GrpcLogAppender.java:lambda$resetClient$1(221)) - omNode-1@group-523986131536->omNode-3-GrpcLogAppender: Follower failed (request=null, errorCount=303); keep nextIndex (192) unchanged and retry.
2025-04-24 14:05:01,039 [grpc-default-executor-1] WARN  server.GrpcLogAppender (GrpcLogAppender.java:lambda$resetClient$1(221)) - omNode-1@group-523986131536->omNode-3-GrpcLogAppender: Follower failed (request=null, errorCount=305); keep nextIndex (193) unchanged and retry.
2025-04-24 14:05:01,043 [grpc-default-executor-6] WARN  server.GrpcLogAppender (GrpcLogAppender.java:lambda$resetClient$1(221)) - omNode-1@group-523986131536->omNode-3-GrpcLogAppender: Follower failed (request=null, errorCount=307); keep nextIndex (194) unchanged and retry.
2025-04-24 14:05:01,044 [grpc-default-executor-3] WARN  server.GrpcLogAppender (GrpcLogAppender.java:lambda$resetClient$1(221)) - omNode-1@group-523986131536->omNode-3-GrpcLogAppender: Follower failed (request=null, errorCount=309); keep nextIndex (195) unchanged and retry.
2025-04-24 14:05:01,053 [grpc-default-executor-3] WARN  server.GrpcLogAppender (GrpcLogAppender.java:lambda$resetClient$1(221)) - omNode-1@group-523986131536->omNode-3-GrpcLogAppender: Follower failed (request=null, errorCount=311); keep nextIndex (196) unchanged and retry.
2025-04-24 14:05:01,055 [grpc-default-executor-6] WARN  server.GrpcLogAppender (GrpcLogAppender.java:lambda$resetClient$1(221)) - omNode-1@group-523986131536->omNode-3-GrpcLogAppender: Follower failed (request=null, errorCount=313); keep nextIndex (197) unchanged and retry.
2025-04-24 14:05:01,059 [grpc-default-executor-1] WARN  server.GrpcLogAppender (GrpcLogAppender.java:lambda$resetClient$1(221)) - omNode-1@group-523986131536->omNode-3-GrpcLogAppender: Follower failed (request=null, errorCount=315); keep nextIndex (198) unchanged and retry.
2025-04-24 14:05:01,123 [grpc-default-executor-3] WARN  server.GrpcLogAppender (GrpcLogAppender.java:lambda$resetClient$1(221)) - omNode-1@group-523986131536->omNode-3-GrpcLogAppender: Follower failed (request=null, errorCount=317); keep nextIndex (199) unchanged and retry.
2025-04-24 14:05:01,130 [grpc-default-executor-1] WARN  server.GrpcLogAppender (GrpcLogAppender.java:lambda$resetClient$1(221)) - omNode-1@group-523986131536->omNode-3-GrpcLogAppender: Follower failed (request=null, errorCount=319); keep nextIndex (200) unchanged and retry.
2025-04-24 14:05:01,132 [grpc-default-executor-3] WARN  server.GrpcLogAppender (GrpcLogAppender.java:lambda$resetClient$1(221)) - omNode-1@group-523986131536->omNode-3-GrpcLogAppender: Follower failed (request=null, errorCount=321); keep nextIndex (201) unchanged and retry.
2025-04-24 14:05:01,136 [grpc-default-executor-1] WARN  server.GrpcLogAppender (GrpcLogAppender.java:lambda$resetClient$1(221)) - omNode-1@group-523986131536->omNode-3-GrpcLogAppender: Follower failed (request=null, errorCount=323); keep nextIndex (202) unchanged and retry.
2025-04-24 14:05:01,138 [grpc-default-executor-6] WARN  server.GrpcLogAppender (GrpcLogAppender.java:lambda$resetClient$1(221)) - omNode-1@group-523986131536->omNode-3-GrpcLogAppender: Follower failed (request=null, errorCount=325); keep nextIndex (203) unchanged and retry.
2025-04-24 14:05:01,150 [omNode-1@group-523986131536-StateMachineUpdater] INFO  ratis.OzoneManagerStateMachine (OzoneManagerStateMachine.java:takeSnapshotImpl(510)) - omNode-1: taking snapshot. applied = (t:1, i:200), skipped = 199, notified = (t:1, i:200), current snapshot index = (t:1, i:200), took 17 ms
2025-04-24 14:05:01,151 [omNode-1@group-523986131536-StateMachineUpdater] INFO  impl.StateMachineUpdater (StateMachineUpdater.java:takeSnapshot(303)) - omNode-1@group-523986131536-StateMachineUpdater: Took a snapshot at index 200
2025-04-24 14:05:01,151 [omNode-1@group-523986131536-StateMachineUpdater] INFO  impl.StateMachineUpdater (StateMachineUpdater.java:lambda$new$0(102)) - omNode-1@group-523986131536-StateMachineUpdater: snapshotIndex: updateIncreasingly 150 -> 200
2025-04-24 14:05:01,151 [omNode-1@group-523986131536-StateMachineUpdater] INFO  raftlog.RaftLog (RaftLogBase.java:purge(325)) - omNode-1@group-523986131536-SegmentedRaftLog: purge 200
2025-04-24 14:05:01,151 [omNode-1@group-523986131536-StateMachineUpdater] INFO  raftlog.RaftLog (RaftLogBase.java:lambda$new$0(54)) - omNode-1@group-523986131536-SegmentedRaftLog: snapshotIndex: updateIncreasingly 150 -> 200
2025-04-24 14:05:01,152 [omNode-1@group-523986131536-StateMachineUpdater] INFO  raftlog.RaftLog (RaftLogBase.java:lambda$new$0(54)) - omNode-1@group-523986131536-SegmentedRaftLog: purgeIndex: updateToMax old=150, new=200, updated? true
2025-04-24 14:05:01,154 [omNode-2@group-523986131536-StateMachineUpdater] INFO  ratis.OzoneManagerStateMachine (OzoneManagerStateMachine.java:takeSnapshotImpl(510)) - omNode-2: taking snapshot. applied = (t:1, i:200), skipped = 199, notified = (t:1, i:200), current snapshot index = (t:1, i:200), took 16 ms
2025-04-24 14:05:01,154 [omNode-2@group-523986131536-StateMachineUpdater] INFO  impl.StateMachineUpdater (StateMachineUpdater.java:takeSnapshot(303)) - omNode-2@group-523986131536-StateMachineUpdater: Took a snapshot at index 200
2025-04-24 14:05:01,154 [omNode-2@group-523986131536-StateMachineUpdater] INFO  impl.StateMachineUpdater (StateMachineUpdater.java:lambda$new$0(102)) - omNode-2@group-523986131536-StateMachineUpdater: snapshotIndex: updateIncreasingly 150 -> 200
2025-04-24 14:05:01,155 [omNode-2@group-523986131536-StateMachineUpdater] INFO  raftlog.RaftLog (RaftLogBase.java:purge(325)) - omNode-2@group-523986131536-SegmentedRaftLog: purge 200
2025-04-24 14:05:01,155 [omNode-2@group-523986131536-StateMachineUpdater] INFO  raftlog.RaftLog (RaftLogBase.java:lambda$new$0(54)) - omNode-2@group-523986131536-SegmentedRaftLog: snapshotIndex: updateIncreasingly 150 -> 200
2025-04-24 14:05:01,155 [omNode-2@group-523986131536-StateMachineUpdater] INFO  raftlog.RaftLog (RaftLogBase.java:lambda$new$0(54)) - omNode-2@group-523986131536-SegmentedRaftLog: purgeIndex: updateToMax old=150, new=200, updated? true
2025-04-24 14:05:01,156 [Thread-8522] WARN  rocksdiff.RocksDBCheckpointDiffer (RocksDBCheckpointDiffer.java:lambda$onCompactionCompleted$0(492)) - Input file not found in inflightCompactionsMap : /home/runner/work/ozone/ozone/hadoop-ozone/integration-test/target/test-dir/MiniOzoneClusterImpl-9c5b6909-9e9c-47e3-ad7a-324826695869/omNode-1/om.db/000074.sst which should have been added on compactionBeginListener.
2025-04-24 14:05:01,156 [Thread-8522] WARN  rocksdiff.RocksDBCheckpointDiffer (RocksDBCheckpointDiffer.java:lambda$onCompactionCompleted$0(492)) - Input file not found in inflightCompactionsMap : /home/runner/work/ozone/ozone/hadoop-ozone/integration-test/target/test-dir/MiniOzoneClusterImpl-9c5b6909-9e9c-47e3-ad7a-324826695869/omNode-1/om.db/000069.sst which should have been added on compactionBeginListener.
2025-04-24 14:05:01,156 [Thread-8522] WARN  rocksdiff.RocksDBCheckpointDiffer (RocksDBCheckpointDiffer.java:lambda$onCompactionCompleted$0(492)) - Input file not found in inflightCompactionsMap : /home/runner/work/ozone/ozone/hadoop-ozone/integration-test/target/test-dir/MiniOzoneClusterImpl-9c5b6909-9e9c-47e3-ad7a-324826695869/omNode-1/om.db/000058.sst which should have been added on compactionBeginListener.
2025-04-24 14:05:01,156 [Thread-8522] WARN  rocksdiff.RocksDBCheckpointDiffer (RocksDBCheckpointDiffer.java:lambda$onCompactionCompleted$0(492)) - Input file not found in inflightCompactionsMap : /home/runner/work/ozone/ozone/hadoop-ozone/integration-test/target/test-dir/MiniOzoneClusterImpl-9c5b6909-9e9c-47e3-ad7a-324826695869/omNode-1/om.db/000064.sst which should have been added on compactionBeginListener.
2025-04-24 14:05:01,159 [Thread-8536] WARN  rocksdiff.RocksDBCheckpointDiffer (RocksDBCheckpointDiffer.java:lambda$onCompactionCompleted$0(492)) - Input file not found in inflightCompactionsMap : /home/runner/work/ozone/ozone/hadoop-ozone/integration-test/target/test-dir/MiniOzoneClusterImpl-9c5b6909-9e9c-47e3-ad7a-324826695869/omNode-2/om.db/000063.sst which should have been added on compactionBeginListener.
2025-04-24 14:05:01,159 [Thread-8536] WARN  rocksdiff.RocksDBCheckpointDiffer (RocksDBCheckpointDiffer.java:lambda$onCompactionCompleted$0(492)) - Input file not found in inflightCompactionsMap : /home/runner/work/ozone/ozone/hadoop-ozone/integration-test/target/test-dir/MiniOzoneClusterImpl-9c5b6909-9e9c-47e3-ad7a-324826695869/omNode-2/om.db/000068.sst which should have been added on compactionBeginListener.
2025-04-24 14:05:01,159 [Thread-8536] WARN  rocksdiff.RocksDBCheckpointDiffer (RocksDBCheckpointDiffer.java:lambda$onCompactionCompleted$0(492)) - Input file not found in inflightCompactionsMap : /home/runner/work/ozone/ozone/hadoop-ozone/integration-test/target/test-dir/MiniOzoneClusterImpl-9c5b6909-9e9c-47e3-ad7a-324826695869/omNode-2/om.db/000057.sst which should have been added on compactionBeginListener.
2025-04-24 14:05:01,159 [Thread-8536] WARN  rocksdiff.RocksDBCheckpointDiffer (RocksDBCheckpointDiffer.java:lambda$onCompactionCompleted$0(492)) - Input file not found in inflightCompactionsMap : /home/runner/work/ozone/ozone/hadoop-ozone/integration-test/target/test-dir/MiniOzoneClusterImpl-9c5b6909-9e9c-47e3-ad7a-324826695869/omNode-2/om.db/000073.sst which should have been added on compactionBeginListener.
2025-04-24 14:05:01,164 [grpc-default-executor-6] WARN  server.GrpcLogAppender (GrpcLogAppender.java:lambda$resetClient$1(221)) - omNode-1@group-523986131536->omNode-3-GrpcLogAppender: Follower failed (request=null, errorCount=329); keep nextIndex (205) unchanged and retry.
2025-04-24 14:05:01,168 [grpc-default-executor-1] WARN  server.GrpcLogAppender (GrpcLogAppender.java:lambda$resetClient$1(221)) - omNode-1@group-523986131536->omNode-3-GrpcLogAppender: Follower failed (request=null, errorCount=331); keep nextIndex (206) unchanged and retry.
2025-04-24 14:05:01,170 [grpc-default-executor-6] WARN  server.GrpcLogAppender (GrpcLogAppender.java:lambda$resetClient$1(221)) - omNode-1@group-523986131536->omNode-3-GrpcLogAppender: Follower failed (request=null, errorCount=333); keep nextIndex (207) unchanged and retry.
2025-04-24 14:05:01,176 [grpc-default-executor-3] WARN  server.GrpcLogAppender (GrpcLogAppender.java:lambda$resetClient$1(221)) - omNode-1@group-523986131536->omNode-3-GrpcLogAppender: Follower failed (request=null, errorCount=335); keep nextIndex (208) unchanged and retry.
2025-04-24 14:05:01,177 [grpc-default-executor-6] WARN  server.GrpcLogAppender (GrpcLogAppender.java:lambda$resetClient$1(221)) - omNode-1@group-523986131536->omNode-3-GrpcLogAppender: Follower failed (request=null, errorCount=337); keep nextIndex (209) unchanged and retry.
2025-04-24 14:05:01,181 [grpc-default-executor-6] WARN  server.GrpcLogAppender (GrpcLogAppender.java:lambda$resetClient$1(221)) - omNode-1@group-523986131536->omNode-3-GrpcLogAppender: Follower failed (request=null, errorCount=339); keep nextIndex (210) unchanged and retry.
2025-04-24 14:05:01,182 [grpc-default-executor-3] WARN  server.GrpcLogAppender (GrpcLogAppender.java:lambda$resetClient$1(221)) - omNode-1@group-523986131536->omNode-3-GrpcLogAppender: Follower failed (request=null, errorCount=341); keep nextIndex (211) unchanged and retry.
2025-04-24 14:05:01,191 [grpc-default-executor-3] WARN  server.GrpcLogAppender (GrpcLogAppender.java:lambda$resetClient$1(221)) - omNode-1@group-523986131536->omNode-3-GrpcLogAppender: Follower failed (request=null, errorCount=343); keep nextIndex (212) unchanged and retry.
2025-04-24 14:05:01,193 [grpc-default-executor-3] WARN  server.GrpcLogAppender (GrpcLogAppender.java:lambda$resetClient$1(221)) - omNode-1@group-523986131536->omNode-3-GrpcLogAppender: Follower failed (request=null, errorCount=345); keep nextIndex (213) unchanged and retry.
2025-04-24 14:05:01,197 [grpc-default-executor-1] WARN  server.GrpcLogAppender (GrpcLogAppender.java:lambda$resetClient$1(221)) - omNode-1@group-523986131536->omNode-3-GrpcLogAppender: Follower failed (request=null, errorCount=347); keep nextIndex (214) unchanged and retry.
2025-04-24 14:05:01,198 [grpc-default-executor-3] WARN  server.GrpcLogAppender (GrpcLogAppender.java:lambda$resetClient$1(221)) - omNode-1@group-523986131536->omNode-3-GrpcLogAppender: Follower failed (request=null, errorCount=349); keep nextIndex (215) unchanged and retry.
2025-04-24 14:05:01,205 [grpc-default-executor-3] WARN  server.GrpcLogAppender (GrpcLogAppender.java:lambda$resetClient$1(221)) - omNode-1@group-523986131536->omNode-3-GrpcLogAppender: Follower failed (request=null, errorCount=351); keep nextIndex (216) unchanged and retry.
2025-04-24 14:05:01,206 [grpc-default-executor-3] WARN  server.GrpcLogAppender (GrpcLogAppender.java:lambda$resetClient$1(221)) - omNode-1@group-523986131536->omNode-3-GrpcLogAppender: Follower failed (request=null, errorCount=353); keep nextIndex (217) unchanged and retry.
2025-04-24 14:05:01,211 [grpc-default-executor-6] WARN  server.GrpcLogAppender (GrpcLogAppender.java:lambda$resetClient$1(221)) - omNode-1@group-523986131536->omNode-3-GrpcLogAppender: Follower failed (request=null, errorCount=355); keep nextIndex (218) unchanged and retry.
2025-04-24 14:05:01,212 [grpc-default-executor-3] WARN  server.GrpcLogAppender (GrpcLogAppender.java:lambda$resetClient$1(221)) - omNode-1@group-523986131536->omNode-3-GrpcLogAppender: Follower failed (request=null, errorCount=357); keep nextIndex (219) unchanged and retry.
2025-04-24 14:05:01,219 [grpc-default-executor-1] WARN  server.GrpcLogAppender (GrpcLogAppender.java:lambda$resetClient$1(221)) - omNode-1@group-523986131536->omNode-3-GrpcLogAppender: Follower failed (request=null, errorCount=359); keep nextIndex (220) unchanged and retry.
2025-04-24 14:05:01,221 [grpc-default-executor-6] WARN  server.GrpcLogAppender (GrpcLogAppender.java:lambda$resetClient$1(221)) - omNode-1@group-523986131536->omNode-3-GrpcLogAppender: Follower failed (request=null, errorCount=361); keep nextIndex (221) unchanged and retry.
2025-04-24 14:05:01,226 [grpc-default-executor-6] WARN  server.GrpcLogAppender (GrpcLogAppender.java:lambda$resetClient$1(221)) - omNode-1@group-523986131536->omNode-3-GrpcLogAppender: Follower failed (request=null, errorCount=363); keep nextIndex (222) unchanged and retry.
2025-04-24 14:05:01,227 [grpc-default-executor-6] WARN  server.GrpcLogAppender (GrpcLogAppender.java:lambda$resetClient$1(221)) - omNode-1@group-523986131536->omNode-3-GrpcLogAppender: Follower failed (request=null, errorCount=365); keep nextIndex (223) unchanged and retry.
2025-04-24 14:05:01,235 [grpc-default-executor-3] WARN  server.GrpcLogAppender (GrpcLogAppender.java:lambda$resetClient$1(221)) - omNode-1@group-523986131536->omNode-3-GrpcLogAppender: Follower failed (request=null, errorCount=367); keep nextIndex (224) unchanged and retry.
2025-04-24 14:05:01,237 [grpc-default-executor-3] WARN  server.GrpcLogAppender (GrpcLogAppender.java:lambda$resetClient$1(221)) - omNode-1@group-523986131536->omNode-3-GrpcLogAppender: Follower failed (request=null, errorCount=369); keep nextIndex (225) unchanged and retry.
2025-04-24 14:05:01,242 [grpc-default-executor-6] WARN  server.GrpcLogAppender (GrpcLogAppender.java:lambda$resetClient$1(221)) - omNode-1@group-523986131536->omNode-3-GrpcLogAppender: Follower failed (request=null, errorCount=371); keep nextIndex (226) unchanged and retry.
2025-04-24 14:05:01,244 [grpc-default-executor-1] WARN  server.GrpcLogAppender (GrpcLogAppender.java:lambda$resetClient$1(221)) - omNode-1@group-523986131536->omNode-3-GrpcLogAppender: Follower failed (request=null, errorCount=373); keep nextIndex (227) unchanged and retry.
2025-04-24 14:05:01,254 [grpc-default-executor-3] WARN  server.GrpcLogAppender (GrpcLogAppender.java:lambda$resetClient$1(221)) - omNode-1@group-523986131536->omNode-3-GrpcLogAppender: Follower failed (request=null, errorCount=375); keep nextIndex (228) unchanged and retry.
2025-04-24 14:05:01,255 [grpc-default-executor-6] WARN  server.GrpcLogAppender (GrpcLogAppender.java:lambda$resetClient$1(221)) - omNode-1@group-523986131536->omNode-3-GrpcLogAppender: Follower failed (request=null, errorCount=377); keep nextIndex (229) unchanged and retry.
2025-04-24 14:05:01,261 [grpc-default-executor-6] WARN  server.GrpcLogAppender (GrpcLogAppender.java:lambda$resetClient$1(221)) - omNode-1@group-523986131536->omNode-3-GrpcLogAppender: Follower failed (request=null, errorCount=379); keep nextIndex (230) unchanged and retry.
2025-04-24 14:05:01,263 [grpc-default-executor-1] WARN  server.GrpcLogAppender (GrpcLogAppender.java:lambda$resetClient$1(221)) - omNode-1@group-523986131536->omNode-3-GrpcLogAppender: Follower failed (request=null, errorCount=381); keep nextIndex (231) unchanged and retry.
2025-04-24 14:05:01,271 [grpc-default-executor-6] WARN  server.GrpcLogAppender (GrpcLogAppender.java:lambda$resetClient$1(221)) - omNode-1@group-523986131536->omNode-3-GrpcLogAppender: Follower failed (request=null, errorCount=383); keep nextIndex (232) unchanged and retry.
2025-04-24 14:05:01,272 [grpc-default-executor-3] WARN  server.GrpcLogAppender (GrpcLogAppender.java:lambda$resetClient$1(221)) - omNode-1@group-523986131536->omNode-3-GrpcLogAppender: Follower failed (request=null, errorCount=385); keep nextIndex (233) unchanged and retry.
2025-04-24 14:05:01,277 [grpc-default-executor-3] WARN  server.GrpcLogAppender (GrpcLogAppender.java:lambda$resetClient$1(221)) - omNode-1@group-523986131536->omNode-3-GrpcLogAppender: Follower failed (request=null, errorCount=387); keep nextIndex (234) unchanged and retry.
2025-04-24 14:05:01,278 [grpc-default-executor-6] WARN  server.GrpcLogAppender (GrpcLogAppender.java:lambda$resetClient$1(221)) - omNode-1@group-523986131536->omNode-3-GrpcLogAppender: Follower failed (request=null, errorCount=389); keep nextIndex (235) unchanged and retry.
2025-04-24 14:05:01,286 [grpc-default-executor-1] WARN  server.GrpcLogAppender (GrpcLogAppender.java:lambda$resetClient$1(221)) - omNode-1@group-523986131536->omNode-3-GrpcLogAppender: Follower failed (request=null, errorCount=391); keep nextIndex (236) unchanged and retry.
2025-04-24 14:05:01,290 [grpc-default-executor-6] WARN  server.GrpcLogAppender (GrpcLogAppender.java:lambda$resetClient$1(221)) - omNode-1@group-523986131536->omNode-3-GrpcLogAppender: Follower failed (request=null, errorCount=393); keep nextIndex (237) unchanged and retry.
2025-04-24 14:05:01,295 [grpc-default-executor-6] WARN  server.GrpcLogAppender (GrpcLogAppender.java:lambda$resetClient$1(221)) - omNode-1@group-523986131536->omNode-3-GrpcLogAppender: Follower failed (request=null, errorCount=395); keep nextIndex (238) unchanged and retry.
2025-04-24 14:05:01,296 [grpc-default-executor-3] WARN  server.GrpcLogAppender (GrpcLogAppender.java:lambda$resetClient$1(221)) - omNode-1@group-523986131536->omNode-3-GrpcLogAppender: Follower failed (request=null, errorCount=397); keep nextIndex (239) unchanged and retry.
2025-04-24 14:05:01,306 [grpc-default-executor-3] WARN  server.GrpcLogAppender (GrpcLogAppender.java:lambda$resetClient$1(221)) - omNode-1@group-523986131536->omNode-3-GrpcLogAppender: Follower failed (request=null, errorCount=399); keep nextIndex (240) unchanged and retry.
2025-04-24 14:05:01,308 [grpc-default-executor-6] WARN  server.GrpcLogAppender (GrpcLogAppender.java:lambda$resetClient$1(221)) - omNode-1@group-523986131536->omNode-3-GrpcLogAppender: Follower failed (request=null, errorCount=401); keep nextIndex (241) unchanged and retry.
2025-04-24 14:05:01,314 [grpc-default-executor-3] WARN  server.GrpcLogAppender (GrpcLogAppender.java:lambda$resetClient$1(221)) - omNode-1@group-523986131536->omNode-3-GrpcLogAppender: Follower failed (request=null, errorCount=403); keep nextIndex (242) unchanged and retry.
2025-04-24 14:05:01,315 [grpc-default-executor-3] WARN  server.GrpcLogAppender (GrpcLogAppender.java:lambda$resetClient$1(221)) - omNode-1@group-523986131536->omNode-3-GrpcLogAppender: Follower failed (request=null, errorCount=405); keep nextIndex (243) unchanged and retry.
2025-04-24 14:05:01,325 [grpc-default-executor-6] WARN  server.GrpcLogAppender (GrpcLogAppender.java:lambda$resetClient$1(221)) - omNode-1@group-523986131536->omNode-3-GrpcLogAppender: Follower failed (request=null, errorCount=407); keep nextIndex (244) unchanged and retry.
2025-04-24 14:05:01,327 [grpc-default-executor-3] WARN  server.GrpcLogAppender (GrpcLogAppender.java:lambda$resetClient$1(221)) - omNode-1@group-523986131536->omNode-3-GrpcLogAppender: Follower failed (request=null, errorCount=409); keep nextIndex (245) unchanged and retry.
2025-04-24 14:05:01,333 [grpc-default-executor-3] WARN  server.GrpcLogAppender (GrpcLogAppender.java:lambda$resetClient$1(221)) - omNode-1@group-523986131536->omNode-3-GrpcLogAppender: Follower failed (request=null, errorCount=411); keep nextIndex (246) unchanged and retry.
2025-04-24 14:05:01,338 [grpc-default-executor-1] WARN  server.GrpcLogAppender (GrpcLogAppender.java:lambda$resetClient$1(221)) - omNode-1@group-523986131536->omNode-3-GrpcLogAppender: Follower failed (request=null, errorCount=413); keep nextIndex (247) unchanged and retry.
2025-04-24 14:05:01,355 [grpc-default-executor-1] WARN  server.GrpcLogAppender (GrpcLogAppender.java:lambda$resetClient$1(221)) - omNode-1@group-523986131536->omNode-3-GrpcLogAppender: Follower failed (request=null, errorCount=415); keep nextIndex (248) unchanged and retry.
2025-04-24 14:05:01,357 [grpc-default-executor-6] WARN  server.GrpcLogAppender (GrpcLogAppender.java:lambda$resetClient$1(221)) - omNode-1@group-523986131536->omNode-3-GrpcLogAppender: Follower failed (request=null, errorCount=417); keep nextIndex (249) unchanged and retry.
2025-04-24 14:05:01,364 [grpc-default-executor-6] WARN  server.GrpcLogAppender (GrpcLogAppender.java:lambda$resetClient$1(221)) - omNode-1@group-523986131536->omNode-3-GrpcLogAppender: Follower failed (request=null, errorCount=419); keep nextIndex (250) unchanged and retry.
2025-04-24 14:05:01,365 [grpc-default-executor-3] WARN  server.GrpcLogAppender (GrpcLogAppender.java:lambda$resetClient$1(221)) - omNode-1@group-523986131536->omNode-3-GrpcLogAppender: Follower failed (request=null, errorCount=421); keep nextIndex (251) unchanged and retry.
2025-04-24 14:05:01,377 [grpc-default-executor-6] WARN  server.GrpcLogAppender (GrpcLogAppender.java:lambda$resetClient$1(221)) - omNode-1@group-523986131536->omNode-3-GrpcLogAppender: Follower failed (request=null, errorCount=423); keep nextIndex (252) unchanged and retry.
2025-04-24 14:05:01,378 [grpc-default-executor-6] WARN  server.GrpcLogAppender (GrpcLogAppender.java:lambda$resetClient$1(221)) - omNode-1@group-523986131536->omNode-3-GrpcLogAppender: Follower failed (request=null, errorCount=425); keep nextIndex (253) unchanged and retry.
2025-04-24 14:05:01,384 [omNode-1@group-523986131536-StateMachineUpdater] INFO  ratis.OzoneManagerStateMachine (OzoneManagerStateMachine.java:takeSnapshotImpl(510)) - omNode-1: taking snapshot. applied = (t:1, i:250), skipped = 249, notified = (t:1, i:250), current snapshot index = (t:1, i:250), took 17 ms
2025-04-24 14:05:01,384 [omNode-1@group-523986131536-StateMachineUpdater] INFO  impl.StateMachineUpdater (StateMachineUpdater.java:takeSnapshot(303)) - omNode-1@group-523986131536-StateMachineUpdater: Took a snapshot at index 250
2025-04-24 14:05:01,384 [omNode-1@group-523986131536-StateMachineUpdater] INFO  impl.StateMachineUpdater (StateMachineUpdater.java:lambda$new$0(102)) - omNode-1@group-523986131536-StateMachineUpdater: snapshotIndex: updateIncreasingly 200 -> 250
2025-04-24 14:05:01,384 [omNode-1@group-523986131536-StateMachineUpdater] INFO  raftlog.RaftLog (RaftLogBase.java:purge(325)) - omNode-1@group-523986131536-SegmentedRaftLog: purge 250
2025-04-24 14:05:01,384 [omNode-1@group-523986131536-StateMachineUpdater] INFO  raftlog.RaftLog (RaftLogBase.java:lambda$new$0(54)) - omNode-1@group-523986131536-SegmentedRaftLog: snapshotIndex: updateIncreasingly 200 -> 250
2025-04-24 14:05:01,384 [omNode-1@group-523986131536-StateMachineUpdater] INFO  raftlog.RaftLog (RaftLogBase.java:lambda$new$0(54)) - omNode-1@group-523986131536-SegmentedRaftLog: purgeIndex: updateToMax old=200, new=250, updated? true
2025-04-24 14:05:01,392 [grpc-default-executor-1] WARN  server.GrpcLogAppender (GrpcLogAppender.java:lambda$resetClient$1(221)) - omNode-1@group-523986131536->omNode-3-GrpcLogAppender: Follower failed (request=null, errorCount=427); keep nextIndex (254) unchanged and retry.
2025-04-24 14:05:01,396 [grpc-default-executor-1] WARN  server.GrpcLogAppender (GrpcLogAppender.java:lambda$resetClient$1(221)) - omNode-1@group-523986131536->omNode-3-GrpcLogAppender: Follower failed (request=null, errorCount=429); keep nextIndex (255) unchanged and retry.
2025-04-24 14:05:01,398 [omNode-2@group-523986131536-StateMachineUpdater] INFO  ratis.OzoneManagerStateMachine (OzoneManagerStateMachine.java:takeSnapshotImpl(510)) - omNode-2: taking snapshot. applied = (t:1, i:250), skipped = 249, notified = (t:1, i:250), current snapshot index = (t:1, i:250), took 20 ms
2025-04-24 14:05:01,398 [omNode-2@group-523986131536-StateMachineUpdater] INFO  impl.StateMachineUpdater (StateMachineUpdater.java:takeSnapshot(303)) - omNode-2@group-523986131536-StateMachineUpdater: Took a snapshot at index 250
2025-04-24 14:05:01,398 [omNode-2@group-523986131536-StateMachineUpdater] INFO  impl.StateMachineUpdater (StateMachineUpdater.java:lambda$new$0(102)) - omNode-2@group-523986131536-StateMachineUpdater: snapshotIndex: updateIncreasingly 200 -> 250
2025-04-24 14:05:01,398 [omNode-2@group-523986131536-StateMachineUpdater] INFO  raftlog.RaftLog (RaftLogBase.java:purge(325)) - omNode-2@group-523986131536-SegmentedRaftLog: purge 250
2025-04-24 14:05:01,398 [omNode-2@group-523986131536-StateMachineUpdater] INFO  raftlog.RaftLog (RaftLogBase.java:lambda$new$0(54)) - omNode-2@group-523986131536-SegmentedRaftLog: snapshotIndex: updateIncreasingly 200 -> 250
2025-04-24 14:05:01,398 [omNode-2@group-523986131536-StateMachineUpdater] INFO  raftlog.RaftLog (RaftLogBase.java:lambda$new$0(54)) - omNode-2@group-523986131536-SegmentedRaftLog: purgeIndex: updateToMax old=200, new=250, updated? true
2025-04-24 14:05:01,410 [grpc-default-executor-1] WARN  server.GrpcLogAppender (GrpcLogAppender.java:lambda$resetClient$1(221)) - omNode-1@group-523986131536->omNode-3-GrpcLogAppender: Follower failed (request=null, errorCount=431); keep nextIndex (256) unchanged and retry.
2025-04-24 14:05:01,412 [grpc-default-executor-6] WARN  server.GrpcLogAppender (GrpcLogAppender.java:lambda$resetClient$1(221)) - omNode-1@group-523986131536->omNode-3-GrpcLogAppender: Follower failed (request=null, errorCount=433); keep nextIndex (257) unchanged and retry.
2025-04-24 14:05:01,418 [grpc-default-executor-1] WARN  server.GrpcLogAppender (GrpcLogAppender.java:lambda$resetClient$1(221)) - omNode-1@group-523986131536->omNode-3-GrpcLogAppender: Follower failed (request=null, errorCount=437); keep nextIndex (258) unchanged and retry.
2025-04-24 14:05:01,421 [grpc-default-executor-1] WARN  server.GrpcLogAppender (GrpcLogAppender.java:lambda$resetClient$1(221)) - omNode-1@group-523986131536->omNode-3-GrpcLogAppender: Follower failed (request=null, errorCount=439); keep nextIndex (259) unchanged and retry.
2025-04-24 14:05:01,430 [grpc-default-executor-6] WARN  server.GrpcLogAppender (GrpcLogAppender.java:lambda$resetClient$1(221)) - omNode-1@group-523986131536->omNode-3-GrpcLogAppender: Follower failed (request=null, errorCount=441); keep nextIndex (260) unchanged and retry.
2025-04-24 14:05:01,432 [grpc-default-executor-3] WARN  server.GrpcLogAppender (GrpcLogAppender.java:lambda$resetClient$1(221)) - omNode-1@group-523986131536->omNode-3-GrpcLogAppender: Follower failed (request=null, errorCount=443); keep nextIndex (261) unchanged and retry.
2025-04-24 14:05:01,438 [grpc-default-executor-3] WARN  server.GrpcLogAppender (GrpcLogAppender.java:lambda$resetClient$1(221)) - omNode-1@group-523986131536->omNode-3-GrpcLogAppender: Follower failed (request=null, errorCount=445); keep nextIndex (262) unchanged and retry.
2025-04-24 14:05:01,439 [grpc-default-executor-1] WARN  server.GrpcLogAppender (GrpcLogAppender.java:lambda$resetClient$1(221)) - omNode-1@group-523986131536->omNode-3-GrpcLogAppender: Follower failed (request=null, errorCount=447); keep nextIndex (263) unchanged and retry.
2025-04-24 14:05:01,450 [grpc-default-executor-3] WARN  server.GrpcLogAppender (GrpcLogAppender.java:lambda$resetClient$1(221)) - omNode-1@group-523986131536->omNode-3-GrpcLogAppender: Follower failed (request=null, errorCount=449); keep nextIndex (264) unchanged and retry.
2025-04-24 14:05:01,452 [grpc-default-executor-1] WARN  server.GrpcLogAppender (GrpcLogAppender.java:lambda$resetClient$1(221)) - omNode-1@group-523986131536->omNode-3-GrpcLogAppender: Follower failed (request=null, errorCount=451); keep nextIndex (265) unchanged and retry.
2025-04-24 14:05:01,459 [grpc-default-executor-1] WARN  server.GrpcLogAppender (GrpcLogAppender.java:lambda$resetClient$1(221)) - omNode-1@group-523986131536->omNode-3-GrpcLogAppender: Follower failed (request=null, errorCount=453); keep nextIndex (266) unchanged and retry.
2025-04-24 14:05:01,461 [grpc-default-executor-3] WARN  server.GrpcLogAppender (GrpcLogAppender.java:lambda$resetClient$1(221)) - omNode-1@group-523986131536->omNode-3-GrpcLogAppender: Follower failed (request=null, errorCount=455); keep nextIndex (267) unchanged and retry.
2025-04-24 14:05:01,472 [grpc-default-executor-6] WARN  server.GrpcLogAppender (GrpcLogAppender.java:lambda$resetClient$1(221)) - omNode-1@group-523986131536->omNode-3-GrpcLogAppender: Follower failed (request=null, errorCount=457); keep nextIndex (268) unchanged and retry.
2025-04-24 14:05:01,476 [grpc-default-executor-3] WARN  server.GrpcLogAppender (GrpcLogAppender.java:lambda$resetClient$1(221)) - omNode-1@group-523986131536->omNode-3-GrpcLogAppender: Follower failed (request=null, errorCount=459); keep nextIndex (269) unchanged and retry.
2025-04-24 14:05:01,479 [grpc-default-executor-6] WARN  server.GrpcLogAppender (GrpcLogAppender.java:lambda$resetClient$1(221)) - omNode-1@group-523986131536->omNode-3-GrpcLogAppender: Follower failed (request=null, errorCount=461); keep nextIndex (270) unchanged and retry.
2025-04-24 14:05:01,482 [grpc-default-executor-3] WARN  server.GrpcLogAppender (GrpcLogAppender.java:lambda$resetClient$1(221)) - omNode-1@group-523986131536->omNode-3-GrpcLogAppender: Follower failed (request=null, errorCount=463); keep nextIndex (271) unchanged and retry.
2025-04-24 14:05:01,492 [grpc-default-executor-3] WARN  server.GrpcLogAppender (GrpcLogAppender.java:lambda$resetClient$1(221)) - omNode-1@group-523986131536->omNode-3-GrpcLogAppender: Follower failed (request=null, errorCount=465); keep nextIndex (272) unchanged and retry.
2025-04-24 14:05:01,493 [grpc-default-executor-6] WARN  server.GrpcLogAppender (GrpcLogAppender.java:lambda$resetClient$1(221)) - omNode-1@group-523986131536->omNode-3-GrpcLogAppender: Follower failed (request=null, errorCount=467); keep nextIndex (273) unchanged and retry.
2025-04-24 14:05:01,499 [grpc-default-executor-3] WARN  server.GrpcLogAppender (GrpcLogAppender.java:lambda$resetClient$1(221)) - omNode-1@group-523986131536->omNode-3-GrpcLogAppender: Follower failed (request=null, errorCount=469); keep nextIndex (274) unchanged and retry.
2025-04-24 14:05:01,502 [grpc-default-executor-6] WARN  server.GrpcLogAppender (GrpcLogAppender.java:lambda$resetClient$1(221)) - omNode-1@group-523986131536->omNode-3-GrpcLogAppender: Follower failed (request=null, errorCount=471); keep nextIndex (275) unchanged and retry.
2025-04-24 14:05:01,513 [grpc-default-executor-6] WARN  server.GrpcLogAppender (GrpcLogAppender.java:lambda$resetClient$1(221)) - omNode-1@group-523986131536->omNode-3-GrpcLogAppender: Follower failed (request=null, errorCount=473); keep nextIndex (276) unchanged and retry.
2025-04-24 14:05:01,517 [grpc-default-executor-1] WARN  server.GrpcLogAppender (GrpcLogAppender.java:lambda$resetClient$1(221)) - omNode-1@group-523986131536->omNode-3-GrpcLogAppender: Follower failed (request=null, errorCount=475); keep nextIndex (277) unchanged and retry.
2025-04-24 14:05:01,521 [grpc-default-executor-6] WARN  server.GrpcLogAppender (GrpcLogAppender.java:lambda$resetClient$1(221)) - omNode-1@group-523986131536->omNode-3-GrpcLogAppender: Follower failed (request=null, errorCount=477); keep nextIndex (278) unchanged and retry.
2025-04-24 14:05:01,523 [grpc-default-executor-1] WARN  server.GrpcLogAppender (GrpcLogAppender.java:lambda$resetClient$1(221)) - omNode-1@group-523986131536->omNode-3-GrpcLogAppender: Follower failed (request=null, errorCount=479); keep nextIndex (279) unchanged and retry.
2025-04-24 14:05:01,533 [grpc-default-executor-6] WARN  server.GrpcLogAppender (GrpcLogAppender.java:lambda$resetClient$1(221)) - omNode-1@group-523986131536->omNode-3-GrpcLogAppender: Follower failed (request=null, errorCount=481); keep nextIndex (280) unchanged and retry.
2025-04-24 14:05:01,535 [grpc-default-executor-3] WARN  server.GrpcLogAppender (GrpcLogAppender.java:lambda$resetClient$1(221)) - omNode-1@group-523986131536->omNode-3-GrpcLogAppender: Follower failed (request=null, errorCount=483); keep nextIndex (281) unchanged and retry.
2025-04-24 14:05:01,540 [grpc-default-executor-1] WARN  server.GrpcLogAppender (GrpcLogAppender.java:lambda$resetClient$1(221)) - omNode-1@group-523986131536->omNode-3-GrpcLogAppender: Follower failed (request=null, errorCount=485); keep nextIndex (282) unchanged and retry.
2025-04-24 14:05:01,544 [grpc-default-executor-6] WARN  server.GrpcLogAppender (GrpcLogAppender.java:lambda$resetClient$1(221)) - omNode-1@group-523986131536->omNode-3-GrpcLogAppender: Follower failed (request=null, errorCount=487); keep nextIndex (283) unchanged and retry.
2025-04-24 14:05:01,553 [grpc-default-executor-1] WARN  server.GrpcLogAppender (GrpcLogAppender.java:lambda$resetClient$1(221)) - omNode-1@group-523986131536->omNode-3-GrpcLogAppender: Follower failed (request=null, errorCount=489); keep nextIndex (284) unchanged and retry.
2025-04-24 14:05:01,556 [grpc-default-executor-3] WARN  server.GrpcLogAppender (GrpcLogAppender.java:lambda$resetClient$1(221)) - omNode-1@group-523986131536->omNode-3-GrpcLogAppender: Follower failed (request=null, errorCount=491); keep nextIndex (285) unchanged and retry.
2025-04-24 14:05:01,563 [grpc-default-executor-6] WARN  server.GrpcLogAppender (GrpcLogAppender.java:lambda$resetClient$1(221)) - omNode-1@group-523986131536->omNode-3-GrpcLogAppender: Follower failed (request=null, errorCount=493); keep nextIndex (286) unchanged and retry.
2025-04-24 14:05:01,564 [grpc-default-executor-3] WARN  server.GrpcLogAppender (GrpcLogAppender.java:lambda$resetClient$1(221)) - omNode-1@group-523986131536->omNode-3-GrpcLogAppender: Follower failed (request=null, errorCount=495); keep nextIndex (287) unchanged and retry.
2025-04-24 14:05:01,575 [grpc-default-executor-6] WARN  server.GrpcLogAppender (GrpcLogAppender.java:lambda$resetClient$1(221)) - omNode-1@group-523986131536->omNode-3-GrpcLogAppender: Follower failed (request=null, errorCount=497); keep nextIndex (288) unchanged and retry.
2025-04-24 14:05:01,576 [grpc-default-executor-1] WARN  server.GrpcLogAppender (GrpcLogAppender.java:lambda$resetClient$1(221)) - omNode-1@group-523986131536->omNode-3-GrpcLogAppender: Follower failed (request=null, errorCount=499); keep nextIndex (289) unchanged and retry.
2025-04-24 14:05:01,582 [grpc-default-executor-6] WARN  server.GrpcLogAppender (GrpcLogAppender.java:lambda$resetClient$1(221)) - omNode-1@group-523986131536->omNode-3-GrpcLogAppender: Follower failed (request=null, errorCount=501); keep nextIndex (290) unchanged and retry.
2025-04-24 14:05:01,584 [grpc-default-executor-3] WARN  server.GrpcLogAppender (GrpcLogAppender.java:lambda$resetClient$1(221)) - omNode-1@group-523986131536->omNode-3-GrpcLogAppender: Follower failed (request=null, errorCount=503); keep nextIndex (291) unchanged and retry.
2025-04-24 14:05:01,594 [grpc-default-executor-6] WARN  server.GrpcLogAppender (GrpcLogAppender.java:lambda$resetClient$1(221)) - omNode-1@group-523986131536->omNode-3-GrpcLogAppender: Follower failed (request=null, errorCount=505); keep nextIndex (292) unchanged and retry.
2025-04-24 14:05:01,596 [grpc-default-executor-3] WARN  server.GrpcLogAppender (GrpcLogAppender.java:lambda$resetClient$1(221)) - omNode-1@group-523986131536->omNode-3-GrpcLogAppender: Follower failed (request=null, errorCount=507); keep nextIndex (293) unchanged and retry.
2025-04-24 14:05:01,603 [grpc-default-executor-3] WARN  server.GrpcLogAppender (GrpcLogAppender.java:lambda$resetClient$1(221)) - omNode-1@group-523986131536->omNode-3-GrpcLogAppender: Follower failed (request=null, errorCount=509); keep nextIndex (294) unchanged and retry.
2025-04-24 14:05:01,605 [grpc-default-executor-1] WARN  server.GrpcLogAppender (GrpcLogAppender.java:lambda$resetClient$1(221)) - omNode-1@group-523986131536->omNode-3-GrpcLogAppender: Follower failed (request=null, errorCount=511); keep nextIndex (295) unchanged and retry.
2025-04-24 14:05:01,616 [grpc-default-executor-3] WARN  server.GrpcLogAppender (GrpcLogAppender.java:lambda$resetClient$1(221)) - omNode-1@group-523986131536->omNode-3-GrpcLogAppender: Follower failed (request=null, errorCount=513); keep nextIndex (296) unchanged and retry.
2025-04-24 14:05:01,617 [grpc-default-executor-1] WARN  server.GrpcLogAppender (GrpcLogAppender.java:lambda$resetClient$1(221)) - omNode-1@group-523986131536->omNode-3-GrpcLogAppender: Follower failed (request=null, errorCount=515); keep nextIndex (297) unchanged and retry.
2025-04-24 14:05:01,624 [grpc-default-executor-6] WARN  server.GrpcLogAppender (GrpcLogAppender.java:lambda$resetClient$1(221)) - omNode-1@group-523986131536->omNode-3-GrpcLogAppender: Follower failed (request=null, errorCount=517); keep nextIndex (298) unchanged and retry.
2025-04-24 14:05:01,626 [grpc-default-executor-3] WARN  server.GrpcLogAppender (GrpcLogAppender.java:lambda$resetClient$1(221)) - omNode-1@group-523986131536->omNode-3-GrpcLogAppender: Follower failed (request=null, errorCount=519); keep nextIndex (299) unchanged and retry.
2025-04-24 14:05:01,638 [grpc-default-executor-3] WARN  server.GrpcLogAppender (GrpcLogAppender.java:lambda$resetClient$1(221)) - omNode-1@group-523986131536->omNode-3-GrpcLogAppender: Follower failed (request=null, errorCount=521); keep nextIndex (300) unchanged and retry.
2025-04-24 14:05:01,640 [grpc-default-executor-6] WARN  server.GrpcLogAppender (GrpcLogAppender.java:lambda$resetClient$1(221)) - omNode-1@group-523986131536->omNode-3-GrpcLogAppender: Follower failed (request=null, errorCount=523); keep nextIndex (301) unchanged and retry.
2025-04-24 14:05:01,646 [grpc-default-executor-3] WARN  server.GrpcLogAppender (GrpcLogAppender.java:lambda$resetClient$1(221)) - omNode-1@group-523986131536->omNode-3-GrpcLogAppender: Follower failed (request=null, errorCount=525); keep nextIndex (302) unchanged and retry.
2025-04-24 14:05:01,648 [grpc-default-executor-6] WARN  server.GrpcLogAppender (GrpcLogAppender.java:lambda$resetClient$1(221)) - omNode-1@group-523986131536->omNode-3-GrpcLogAppender: Follower failed (request=null, errorCount=527); keep nextIndex (303) unchanged and retry.
2025-04-24 14:05:01,660 [grpc-default-executor-1] WARN  server.GrpcLogAppender (GrpcLogAppender.java:lambda$resetClient$1(221)) - omNode-1@group-523986131536->omNode-3-GrpcLogAppender: Follower failed (request=null, errorCount=529); keep nextIndex (304) unchanged and retry.
2025-04-24 14:05:01,662 [grpc-default-executor-3] WARN  server.GrpcLogAppender (GrpcLogAppender.java:lambda$resetClient$1(221)) - omNode-1@group-523986131536->omNode-3-GrpcLogAppender: Follower failed (request=null, errorCount=531); keep nextIndex (305) unchanged and retry.
2025-04-24 14:05:01,665 [omNode-2@group-523986131536-StateMachineUpdater] INFO  ratis.OzoneManagerStateMachine (OzoneManagerStateMachine.java:takeSnapshotImpl(510)) - omNode-2: taking snapshot. applied = (t:1, i:300), skipped = 299, notified = (t:1, i:300), current snapshot index = (t:1, i:300), took 19 ms
2025-04-24 14:05:01,665 [omNode-2@group-523986131536-StateMachineUpdater] INFO  impl.StateMachineUpdater (StateMachineUpdater.java:takeSnapshot(303)) - omNode-2@group-523986131536-StateMachineUpdater: Took a snapshot at index 300
2025-04-24 14:05:01,665 [omNode-2@group-523986131536-StateMachineUpdater] INFO  impl.StateMachineUpdater (StateMachineUpdater.java:lambda$new$0(102)) - omNode-2@group-523986131536-StateMachineUpdater: snapshotIndex: updateIncreasingly 250 -> 300
2025-04-24 14:05:01,665 [omNode-2@group-523986131536-StateMachineUpdater] INFO  raftlog.RaftLog (RaftLogBase.java:purge(325)) - omNode-2@group-523986131536-SegmentedRaftLog: purge 300
2025-04-24 14:05:01,665 [omNode-2@group-523986131536-StateMachineUpdater] INFO  raftlog.RaftLog (RaftLogBase.java:lambda$new$0(54)) - omNode-2@group-523986131536-SegmentedRaftLog: snapshotIndex: updateIncreasingly 250 -> 300
2025-04-24 14:05:01,665 [omNode-2@group-523986131536-StateMachineUpdater] INFO  raftlog.RaftLog (RaftLogBase.java:lambda$new$0(54)) - omNode-2@group-523986131536-SegmentedRaftLog: purgeIndex: updateToMax old=250, new=300, updated? true
2025-04-24 14:05:01,668 [omNode-1@group-523986131536-StateMachineUpdater] INFO  ratis.OzoneManagerStateMachine (OzoneManagerStateMachine.java:takeSnapshotImpl(510)) - omNode-1: taking snapshot. applied = (t:1, i:301), skipped = 299, notified = (t:1, i:300), current snapshot index = (t:1, i:301), took 18 ms
2025-04-24 14:05:01,668 [omNode-1@group-523986131536-StateMachineUpdater] INFO  impl.StateMachineUpdater (StateMachineUpdater.java:takeSnapshot(303)) - omNode-1@group-523986131536-StateMachineUpdater: Took a snapshot at index 301
2025-04-24 14:05:01,668 [omNode-1@group-523986131536-StateMachineUpdater] INFO  impl.StateMachineUpdater (StateMachineUpdater.java:lambda$new$0(102)) - omNode-1@group-523986131536-StateMachineUpdater: snapshotIndex: updateIncreasingly 250 -> 301
2025-04-24 14:05:01,668 [omNode-1@group-523986131536-StateMachineUpdater] INFO  raftlog.RaftLog (RaftLogBase.java:purge(325)) - omNode-1@group-523986131536-SegmentedRaftLog: purge 301
2025-04-24 14:05:01,668 [omNode-1@group-523986131536-StateMachineUpdater] INFO  raftlog.RaftLog (RaftLogBase.java:lambda$new$0(54)) - omNode-1@group-523986131536-SegmentedRaftLog: snapshotIndex: updateIncreasingly 250 -> 301
2025-04-24 14:05:01,668 [omNode-1@group-523986131536-StateMachineUpdater] INFO  raftlog.RaftLog (RaftLogBase.java:lambda$new$0(54)) - omNode-1@group-523986131536-SegmentedRaftLog: purgeIndex: updateToMax old=250, new=301, updated? true
2025-04-24 14:05:01,675 [grpc-default-executor-6] WARN  server.GrpcLogAppender (GrpcLogAppender.java:lambda$resetClient$1(221)) - omNode-1@group-523986131536->omNode-3-GrpcLogAppender: Follower failed (request=null, errorCount=535); keep nextIndex (307) unchanged and retry.
2025-04-24 14:05:01,683 [grpc-default-executor-1] WARN  server.GrpcLogAppender (GrpcLogAppender.java:lambda$resetClient$1(221)) - omNode-1@group-523986131536->omNode-3-GrpcLogAppender: Follower failed (request=null, errorCount=537); keep nextIndex (308) unchanged and retry.
2025-04-24 14:05:01,684 [grpc-default-executor-6] WARN  server.GrpcLogAppender (GrpcLogAppender.java:lambda$resetClient$1(221)) - omNode-1@group-523986131536->omNode-3-GrpcLogAppender: Follower failed (request=null, errorCount=539); keep nextIndex (309) unchanged and retry.
2025-04-24 14:05:01,690 [grpc-default-executor-1] WARN  server.GrpcLogAppender (GrpcLogAppender.java:lambda$resetClient$1(221)) - omNode-1@group-523986131536->omNode-3-GrpcLogAppender: Follower failed (request=null, errorCount=541); keep nextIndex (310) unchanged and retry.
2025-04-24 14:05:01,691 [grpc-default-executor-1] WARN  server.GrpcLogAppender (GrpcLogAppender.java:lambda$resetClient$1(221)) - omNode-1@group-523986131536->omNode-3-GrpcLogAppender: Follower failed (request=null, errorCount=543); keep nextIndex (311) unchanged and retry.
2025-04-24 14:05:01,700 [grpc-default-executor-1] WARN  server.GrpcLogAppender (GrpcLogAppender.java:lambda$resetClient$1(221)) - omNode-1@group-523986131536->omNode-3-GrpcLogAppender: Follower failed (request=null, errorCount=545); keep nextIndex (312) unchanged and retry.
2025-04-24 14:05:01,702 [grpc-default-executor-6] WARN  server.GrpcLogAppender (GrpcLogAppender.java:lambda$resetClient$1(221)) - omNode-1@group-523986131536->omNode-3-GrpcLogAppender: Follower failed (request=null, errorCount=547); keep nextIndex (313) unchanged and retry.
2025-04-24 14:05:01,707 [grpc-default-executor-3] WARN  server.GrpcLogAppender (GrpcLogAppender.java:lambda$resetClient$1(221)) - omNode-1@group-523986131536->omNode-3-GrpcLogAppender: Follower failed (request=null, errorCount=549); keep nextIndex (314) unchanged and retry.
2025-04-24 14:05:01,709 [grpc-default-executor-1] WARN  server.GrpcLogAppender (GrpcLogAppender.java:lambda$resetClient$1(221)) - omNode-1@group-523986131536->omNode-3-GrpcLogAppender: Follower failed (request=null, errorCount=551); keep nextIndex (315) unchanged and retry.
2025-04-24 14:05:01,716 [grpc-default-executor-1] WARN  server.GrpcLogAppender (GrpcLogAppender.java:lambda$resetClient$1(221)) - omNode-1@group-523986131536->omNode-3-GrpcLogAppender: Follower failed (request=null, errorCount=553); keep nextIndex (316) unchanged and retry.
2025-04-24 14:05:01,717 [grpc-default-executor-1] WARN  server.GrpcLogAppender (GrpcLogAppender.java:lambda$resetClient$1(221)) - omNode-1@group-523986131536->omNode-3-GrpcLogAppender: Follower failed (request=null, errorCount=555); keep nextIndex (317) unchanged and retry.
2025-04-24 14:05:01,721 [grpc-default-executor-6] WARN  server.GrpcLogAppender (GrpcLogAppender.java:lambda$resetClient$1(221)) - omNode-1@group-523986131536->omNode-3-GrpcLogAppender: Follower failed (request=null, errorCount=557); keep nextIndex (318) unchanged and retry.
2025-04-24 14:05:01,724 [grpc-default-executor-3] WARN  server.GrpcLogAppender (GrpcLogAppender.java:lambda$resetClient$1(221)) - omNode-1@group-523986131536->omNode-3-GrpcLogAppender: Follower failed (request=null, errorCount=559); keep nextIndex (319) unchanged and retry.
2025-04-24 14:05:01,730 [grpc-default-executor-6] WARN  server.GrpcLogAppender (GrpcLogAppender.java:lambda$resetClient$1(221)) - omNode-1@group-523986131536->omNode-3-GrpcLogAppender: Follower failed (request=null, errorCount=561); keep nextIndex (320) unchanged and retry.
2025-04-24 14:05:01,732 [grpc-default-executor-1] WARN  server.GrpcLogAppender (GrpcLogAppender.java:lambda$resetClient$1(221)) - omNode-1@group-523986131536->omNode-3-GrpcLogAppender: Follower failed (request=null, errorCount=563); keep nextIndex (321) unchanged and retry.
2025-04-24 14:05:01,738 [grpc-default-executor-1] WARN  server.GrpcLogAppender (GrpcLogAppender.java:lambda$resetClient$1(221)) - omNode-1@group-523986131536->omNode-3-GrpcLogAppender: Follower failed (request=null, errorCount=565); keep nextIndex (322) unchanged and retry.
2025-04-24 14:05:01,739 [grpc-default-executor-6] WARN  server.GrpcLogAppender (GrpcLogAppender.java:lambda$resetClient$1(221)) - omNode-1@group-523986131536->omNode-3-GrpcLogAppender: Follower failed (request=null, errorCount=567); keep nextIndex (323) unchanged and retry.
2025-04-24 14:05:01,747 [grpc-default-executor-3] WARN  server.GrpcLogAppender (GrpcLogAppender.java:lambda$resetClient$1(221)) - omNode-1@group-523986131536->omNode-3-GrpcLogAppender: Follower failed (request=null, errorCount=569); keep nextIndex (324) unchanged and retry.
2025-04-24 14:05:01,748 [grpc-default-executor-6] WARN  server.GrpcLogAppender (GrpcLogAppender.java:lambda$resetClient$1(221)) - omNode-1@group-523986131536->omNode-3-GrpcLogAppender: Follower failed (request=null, errorCount=571); keep nextIndex (325) unchanged and retry.
2025-04-24 14:05:01,756 [grpc-default-executor-3] WARN  server.GrpcLogAppender (GrpcLogAppender.java:lambda$resetClient$1(221)) - omNode-1@group-523986131536->omNode-3-GrpcLogAppender: Follower failed (request=null, errorCount=573); keep nextIndex (326) unchanged and retry.
2025-04-24 14:05:01,757 [grpc-default-executor-3] WARN  server.GrpcLogAppender (GrpcLogAppender.java:lambda$resetClient$1(221)) - omNode-1@group-523986131536->omNode-3-GrpcLogAppender: Follower failed (request=null, errorCount=575); keep nextIndex (327) unchanged and retry.
2025-04-24 14:05:01,765 [grpc-default-executor-3] WARN  server.GrpcLogAppender (GrpcLogAppender.java:lambda$resetClient$1(221)) - omNode-1@group-523986131536->omNode-3-GrpcLogAppender: Follower failed (request=null, errorCount=577); keep nextIndex (328) unchanged and retry.
2025-04-24 14:05:01,766 [grpc-default-executor-6] WARN  server.GrpcLogAppender (GrpcLogAppender.java:lambda$resetClient$1(221)) - omNode-1@group-523986131536->omNode-3-GrpcLogAppender: Follower failed (request=null, errorCount=579); keep nextIndex (329) unchanged and retry.
2025-04-24 14:05:01,771 [grpc-default-executor-6] WARN  server.GrpcLogAppender (GrpcLogAppender.java:lambda$resetClient$1(221)) - omNode-1@group-523986131536->omNode-3-GrpcLogAppender: Follower failed (request=null, errorCount=581); keep nextIndex (330) unchanged and retry.
2025-04-24 14:05:01,774 [grpc-default-executor-1] WARN  server.GrpcLogAppender (GrpcLogAppender.java:lambda$resetClient$1(221)) - omNode-1@group-523986131536->omNode-3-GrpcLogAppender: Follower failed (request=null, errorCount=583); keep nextIndex (331) unchanged and retry.
2025-04-24 14:05:01,791 [grpc-default-executor-3] WARN  server.GrpcLogAppender (GrpcLogAppender.java:lambda$resetClient$1(221)) - omNode-1@group-523986131536->omNode-3-GrpcLogAppender: Follower failed (request=null, errorCount=585); keep nextIndex (332) unchanged and retry.
2025-04-24 14:05:01,793 [grpc-default-executor-1] WARN  server.GrpcLogAppender (GrpcLogAppender.java:lambda$resetClient$1(221)) - omNode-1@group-523986131536->omNode-3-GrpcLogAppender: Follower failed (request=null, errorCount=587); keep nextIndex (333) unchanged and retry.
2025-04-24 14:05:01,800 [grpc-default-executor-3] WARN  server.GrpcLogAppender (GrpcLogAppender.java:lambda$resetClient$1(221)) - omNode-1@group-523986131536->omNode-3-GrpcLogAppender: Follower failed (request=null, errorCount=589); keep nextIndex (334) unchanged and retry.
2025-04-24 14:05:01,801 [grpc-default-executor-1] WARN  server.GrpcLogAppender (GrpcLogAppender.java:lambda$resetClient$1(221)) - omNode-1@group-523986131536->omNode-3-GrpcLogAppender: Follower failed (request=null, errorCount=591); keep nextIndex (335) unchanged and retry.
2025-04-24 14:05:01,813 [grpc-default-executor-3] WARN  server.GrpcLogAppender (GrpcLogAppender.java:lambda$resetClient$1(221)) - omNode-1@group-523986131536->omNode-3-GrpcLogAppender: Follower failed (request=null, errorCount=593); keep nextIndex (336) unchanged and retry.
2025-04-24 14:05:01,814 [grpc-default-executor-1] WARN  server.GrpcLogAppender (GrpcLogAppender.java:lambda$resetClient$1(221)) - omNode-1@group-523986131536->omNode-3-GrpcLogAppender: Follower failed (request=null, errorCount=595); keep nextIndex (337) unchanged and retry.
2025-04-24 14:05:01,821 [grpc-default-executor-6] WARN  server.GrpcLogAppender (GrpcLogAppender.java:lambda$resetClient$1(221)) - omNode-1@group-523986131536->omNode-3-GrpcLogAppender: Follower failed (request=null, errorCount=597); keep nextIndex (338) unchanged and retry.
2025-04-24 14:05:01,825 [grpc-default-executor-6] WARN  server.GrpcLogAppender (GrpcLogAppender.java:lambda$resetClient$1(221)) - omNode-1@group-523986131536->omNode-3-GrpcLogAppender: Follower failed (request=null, errorCount=599); keep nextIndex (339) unchanged and retry.
2025-04-24 14:05:01,833 [grpc-default-executor-6] WARN  server.GrpcLogAppender (GrpcLogAppender.java:lambda$resetClient$1(221)) - omNode-1@group-523986131536->omNode-3-GrpcLogAppender: Follower failed (request=null, errorCount=601); keep nextIndex (340) unchanged and retry.
2025-04-24 14:05:01,835 [grpc-default-executor-1] WARN  server.GrpcLogAppender (GrpcLogAppender.java:lambda$resetClient$1(221)) - omNode-1@group-523986131536->omNode-3-GrpcLogAppender: Follower failed (request=null, errorCount=603); keep nextIndex (341) unchanged and retry.
2025-04-24 14:05:01,840 [grpc-default-executor-3] WARN  server.GrpcLogAppender (GrpcLogAppender.java:lambda$resetClient$1(221)) - omNode-1@group-523986131536->omNode-3-GrpcLogAppender: Follower failed (request=null, errorCount=605); keep nextIndex (342) unchanged and retry.
2025-04-24 14:05:01,842 [grpc-default-executor-1] WARN  server.GrpcLogAppender (GrpcLogAppender.java:lambda$resetClient$1(221)) - omNode-1@group-523986131536->omNode-3-GrpcLogAppender: Follower failed (request=null, errorCount=607); keep nextIndex (343) unchanged and retry.
2025-04-24 14:05:01,853 [grpc-default-executor-3] WARN  server.GrpcLogAppender (GrpcLogAppender.java:lambda$resetClient$1(221)) - omNode-1@group-523986131536->omNode-3-GrpcLogAppender: Follower failed (request=null, errorCount=609); keep nextIndex (344) unchanged and retry.
2025-04-24 14:05:01,855 [grpc-default-executor-1] WARN  server.GrpcLogAppender (GrpcLogAppender.java:lambda$resetClient$1(221)) - omNode-1@group-523986131536->omNode-3-GrpcLogAppender: Follower failed (request=null, errorCount=611); keep nextIndex (345) unchanged and retry.
2025-04-24 14:05:01,861 [grpc-default-executor-6] WARN  server.GrpcLogAppender (GrpcLogAppender.java:lambda$resetClient$1(221)) - omNode-1@group-523986131536->omNode-3-GrpcLogAppender: Follower failed (request=null, errorCount=613); keep nextIndex (346) unchanged and retry.
2025-04-24 14:05:01,862 [grpc-default-executor-1] WARN  server.GrpcLogAppender (GrpcLogAppender.java:lambda$resetClient$1(221)) - omNode-1@group-523986131536->omNode-3-GrpcLogAppender: Follower failed (request=null, errorCount=615); keep nextIndex (347) unchanged and retry.
2025-04-24 14:05:01,872 [grpc-default-executor-6] WARN  server.GrpcLogAppender (GrpcLogAppender.java:lambda$resetClient$1(221)) - omNode-1@group-523986131536->omNode-3-GrpcLogAppender: Follower failed (request=null, errorCount=617); keep nextIndex (348) unchanged and retry.
2025-04-24 14:05:01,874 [grpc-default-executor-1] WARN  server.GrpcLogAppender (GrpcLogAppender.java:lambda$resetClient$1(221)) - omNode-1@group-523986131536->omNode-3-GrpcLogAppender: Follower failed (request=null, errorCount=619); keep nextIndex (349) unchanged and retry.
2025-04-24 14:05:01,880 [grpc-default-executor-6] WARN  server.GrpcLogAppender (GrpcLogAppender.java:lambda$resetClient$1(221)) - omNode-1@group-523986131536->omNode-3-GrpcLogAppender: Follower failed (request=null, errorCount=621); keep nextIndex (350) unchanged and retry.
2025-04-24 14:05:01,882 [grpc-default-executor-3] WARN  server.GrpcLogAppender (GrpcLogAppender.java:lambda$resetClient$1(221)) - omNode-1@group-523986131536->omNode-3-GrpcLogAppender: Follower failed (request=null, errorCount=623); keep nextIndex (351) unchanged and retry.
2025-04-24 14:05:01,891 [grpc-default-executor-3] WARN  server.GrpcLogAppender (GrpcLogAppender.java:lambda$resetClient$1(221)) - omNode-1@group-523986131536->omNode-3-GrpcLogAppender: Follower failed (request=null, errorCount=625); keep nextIndex (352) unchanged and retry.
2025-04-24 14:05:01,894 [grpc-default-executor-1] WARN  server.GrpcLogAppender (GrpcLogAppender.java:lambda$resetClient$1(221)) - omNode-1@group-523986131536->omNode-3-GrpcLogAppender: Follower failed (request=null, errorCount=627); keep nextIndex (353) unchanged and retry.
2025-04-24 14:05:01,900 [grpc-default-executor-3] WARN  server.GrpcLogAppender (GrpcLogAppender.java:lambda$resetClient$1(221)) - omNode-1@group-523986131536->omNode-3-GrpcLogAppender: Follower failed (request=null, errorCount=629); keep nextIndex (354) unchanged and retry.
2025-04-24 14:05:01,902 [grpc-default-executor-6] WARN  server.GrpcLogAppender (GrpcLogAppender.java:lambda$resetClient$1(221)) - omNode-1@group-523986131536->omNode-3-GrpcLogAppender: Follower failed (request=null, errorCount=631); keep nextIndex (355) unchanged and retry.
2025-04-24 14:05:01,914 [omNode-2@group-523986131536-StateMachineUpdater] INFO  ratis.OzoneManagerStateMachine (OzoneManagerStateMachine.java:takeSnapshotImpl(510)) - omNode-2: taking snapshot. applied = (t:1, i:350), skipped = 349, notified = (t:1, i:350), current snapshot index = (t:1, i:350), took 22 ms
2025-04-24 14:05:01,914 [omNode-2@group-523986131536-StateMachineUpdater] INFO  impl.StateMachineUpdater (StateMachineUpdater.java:takeSnapshot(303)) - omNode-2@group-523986131536-StateMachineUpdater: Took a snapshot at index 350
2025-04-24 14:05:01,914 [omNode-2@group-523986131536-StateMachineUpdater] INFO  impl.StateMachineUpdater (StateMachineUpdater.java:lambda$new$0(102)) - omNode-2@group-523986131536-StateMachineUpdater: snapshotIndex: updateIncreasingly 300 -> 350
2025-04-24 14:05:01,914 [omNode-2@group-523986131536-StateMachineUpdater] INFO  raftlog.RaftLog (RaftLogBase.java:purge(325)) - omNode-2@group-523986131536-SegmentedRaftLog: purge 350
2025-04-24 14:05:01,914 [grpc-default-executor-1] WARN  server.GrpcLogAppender (GrpcLogAppender.java:lambda$resetClient$1(221)) - omNode-1@group-523986131536->omNode-3-GrpcLogAppender: Follower failed (request=null, errorCount=633); keep nextIndex (356) unchanged and retry.
2025-04-24 14:05:01,915 [omNode-2@group-523986131536-StateMachineUpdater] INFO  raftlog.RaftLog (RaftLogBase.java:lambda$new$0(54)) - omNode-2@group-523986131536-SegmentedRaftLog: snapshotIndex: updateIncreasingly 300 -> 350
2025-04-24 14:05:01,915 [omNode-2@group-523986131536-StateMachineUpdater] INFO  raftlog.RaftLog (RaftLogBase.java:lambda$new$0(54)) - omNode-2@group-523986131536-SegmentedRaftLog: purgeIndex: updateToMax old=300, new=350, updated? true
2025-04-24 14:05:01,917 [grpc-default-executor-1] WARN  server.GrpcLogAppender (GrpcLogAppender.java:lambda$resetClient$1(221)) - omNode-1@group-523986131536->omNode-3-GrpcLogAppender: Follower failed (request=null, errorCount=635); keep nextIndex (357) unchanged and retry.
2025-04-24 14:05:01,936 [omNode-1@group-523986131536-StateMachineUpdater] INFO  ratis.OzoneManagerStateMachine (OzoneManagerStateMachine.java:takeSnapshotImpl(510)) - omNode-1: taking snapshot. applied = (t:1, i:352), skipped = 351, notified = (t:1, i:352), current snapshot index = (t:1, i:352), took 34 ms
2025-04-24 14:05:01,936 [omNode-1@group-523986131536-StateMachineUpdater] INFO  impl.StateMachineUpdater (StateMachineUpdater.java:takeSnapshot(303)) - omNode-1@group-523986131536-StateMachineUpdater: Took a snapshot at index 352
2025-04-24 14:05:01,936 [omNode-1@group-523986131536-StateMachineUpdater] INFO  impl.StateMachineUpdater (StateMachineUpdater.java:lambda$new$0(102)) - omNode-1@group-523986131536-StateMachineUpdater: snapshotIndex: updateIncreasingly 301 -> 352
2025-04-24 14:05:01,936 [omNode-1@group-523986131536-StateMachineUpdater] INFO  raftlog.RaftLog (RaftLogBase.java:purge(325)) - omNode-1@group-523986131536-SegmentedRaftLog: purge 352
2025-04-24 14:05:01,936 [omNode-1@group-523986131536-StateMachineUpdater] INFO  raftlog.RaftLog (RaftLogBase.java:lambda$new$0(54)) - omNode-1@group-523986131536-SegmentedRaftLog: snapshotIndex: updateIncreasingly 301 -> 352
2025-04-24 14:05:01,936 [omNode-1@group-523986131536-StateMachineUpdater] INFO  raftlog.RaftLog (RaftLogBase.java:lambda$new$0(54)) - omNode-1@group-523986131536-SegmentedRaftLog: purgeIndex: updateToMax old=301, new=352, updated? true
2025-04-24 14:05:01,944 [grpc-default-executor-1] WARN  server.GrpcLogAppender (GrpcLogAppender.java:lambda$resetClient$1(221)) - omNode-1@group-523986131536->omNode-3-GrpcLogAppender: Follower failed (request=null, errorCount=639); keep nextIndex (358) unchanged and retry.
2025-04-24 14:05:01,946 [grpc-default-executor-3] WARN  server.GrpcLogAppender (GrpcLogAppender.java:lambda$resetClient$1(221)) - omNode-1@group-523986131536->omNode-3-GrpcLogAppender: Follower failed (request=null, errorCount=641); keep nextIndex (359) unchanged and retry.
2025-04-24 14:05:01,952 [grpc-default-executor-1] WARN  server.GrpcLogAppender (GrpcLogAppender.java:lambda$resetClient$1(221)) - omNode-1@group-523986131536->omNode-3-GrpcLogAppender: Follower failed (request=null, errorCount=643); keep nextIndex (360) unchanged and retry.
2025-04-24 14:05:01,954 [grpc-default-executor-3] WARN  server.GrpcLogAppender (GrpcLogAppender.java:lambda$resetClient$1(221)) - omNode-1@group-523986131536->omNode-3-GrpcLogAppender: Follower failed (request=null, errorCount=645); keep nextIndex (361) unchanged and retry.
2025-04-24 14:05:01,962 [grpc-default-executor-6] WARN  server.GrpcLogAppender (GrpcLogAppender.java:lambda$resetClient$1(221)) - omNode-1@group-523986131536->omNode-3-GrpcLogAppender: Follower failed (request=null, errorCount=647); keep nextIndex (362) unchanged and retry.
2025-04-24 14:05:01,965 [grpc-default-executor-3] WARN  server.GrpcLogAppender (GrpcLogAppender.java:lambda$resetClient$1(221)) - omNode-1@group-523986131536->omNode-3-GrpcLogAppender: Follower failed (request=null, errorCount=649); keep nextIndex (363) unchanged and retry.
2025-04-24 14:05:01,972 [grpc-default-executor-6] WARN  server.GrpcLogAppender (GrpcLogAppender.java:lambda$resetClient$1(221)) - omNode-1@group-523986131536->omNode-3-GrpcLogAppender: Follower failed (request=null, errorCount=651); keep nextIndex (364) unchanged and retry.
2025-04-24 14:05:01,974 [grpc-default-executor-3] WARN  server.GrpcLogAppender (GrpcLogAppender.java:lambda$resetClient$1(221)) - omNode-1@group-523986131536->omNode-3-GrpcLogAppender: Follower failed (request=null, errorCount=653); keep nextIndex (365) unchanged and retry.
2025-04-24 14:05:01,980 [grpc-default-executor-1] WARN  server.GrpcLogAppender (GrpcLogAppender.java:lambda$resetClient$1(221)) - omNode-1@group-523986131536->omNode-3-GrpcLogAppender: Follower failed (request=null, errorCount=655); keep nextIndex (366) unchanged and retry.
2025-04-24 14:05:01,982 [grpc-default-executor-3] WARN  server.GrpcLogAppender (GrpcLogAppender.java:lambda$resetClient$1(221)) - omNode-1@group-523986131536->omNode-3-GrpcLogAppender: Follower failed (request=null, errorCount=657); keep nextIndex (367) unchanged and retry.
2025-04-24 14:05:01,991 [grpc-default-executor-3] WARN  server.GrpcLogAppender (GrpcLogAppender.java:lambda$resetClient$1(221)) - omNode-1@group-523986131536->omNode-3-GrpcLogAppender: Follower failed (request=null, errorCount=659); keep nextIndex (368) unchanged and retry.
2025-04-24 14:05:01,992 [grpc-default-executor-6] WARN  server.GrpcLogAppender (GrpcLogAppender.java:lambda$resetClient$1(221)) - omNode-1@group-523986131536->omNode-3-GrpcLogAppender: Follower failed (request=null, errorCount=661); keep nextIndex (369) unchanged and retry.
2025-04-24 14:05:01,998 [grpc-default-executor-3] WARN  server.GrpcLogAppender (GrpcLogAppender.java:lambda$resetClient$1(221)) - omNode-1@group-523986131536->omNode-3-GrpcLogAppender: Follower failed (request=null, errorCount=663); keep nextIndex (370) unchanged and retry.
2025-04-24 14:05:02,002 [grpc-default-executor-1] WARN  server.GrpcLogAppender (GrpcLogAppender.java:lambda$resetClient$1(221)) - omNode-1@group-523986131536->omNode-3-GrpcLogAppender: Follower failed (request=null, errorCount=665); keep nextIndex (371) unchanged and retry.
2025-04-24 14:05:02,010 [grpc-default-executor-1] WARN  server.GrpcLogAppender (GrpcLogAppender.java:lambda$resetClient$1(221)) - omNode-1@group-523986131536->omNode-3-GrpcLogAppender: Follower failed (request=null, errorCount=667); keep nextIndex (372) unchanged and retry.
2025-04-24 14:05:02,011 [grpc-default-executor-6] WARN  server.GrpcLogAppender (GrpcLogAppender.java:lambda$resetClient$1(221)) - omNode-1@group-523986131536->omNode-3-GrpcLogAppender: Follower failed (request=null, errorCount=669); keep nextIndex (373) unchanged and retry.
2025-04-24 14:05:02,017 [grpc-default-executor-3] WARN  server.GrpcLogAppender (GrpcLogAppender.java:lambda$resetClient$1(221)) - omNode-1@group-523986131536->omNode-3-GrpcLogAppender: Follower failed (request=null, errorCount=671); keep nextIndex (374) unchanged and retry.
2025-04-24 14:05:02,020 [grpc-default-executor-1] WARN  server.GrpcLogAppender (GrpcLogAppender.java:lambda$resetClient$1(221)) - omNode-1@group-523986131536->omNode-3-GrpcLogAppender: Follower failed (request=null, errorCount=673); keep nextIndex (375) unchanged and retry.
2025-04-24 14:05:02,030 [grpc-default-executor-1] WARN  server.GrpcLogAppender (GrpcLogAppender.java:lambda$resetClient$1(221)) - omNode-1@group-523986131536->omNode-3-GrpcLogAppender: Follower failed (request=null, errorCount=675); keep nextIndex (376) unchanged and retry.
2025-04-24 14:05:02,032 [grpc-default-executor-3] WARN  server.GrpcLogAppender (GrpcLogAppender.java:lambda$resetClient$1(221)) - omNode-1@group-523986131536->omNode-3-GrpcLogAppender: Follower failed (request=null, errorCount=677); keep nextIndex (377) unchanged and retry.
2025-04-24 14:05:02,038 [grpc-default-executor-6] WARN  server.GrpcLogAppender (GrpcLogAppender.java:lambda$resetClient$1(221)) - omNode-1@group-523986131536->omNode-3-GrpcLogAppender: Follower failed (request=null, errorCount=679); keep nextIndex (378) unchanged and retry.
2025-04-24 14:05:02,040 [grpc-default-executor-3] WARN  server.GrpcLogAppender (GrpcLogAppender.java:lambda$resetClient$1(221)) - omNode-1@group-523986131536->omNode-3-GrpcLogAppender: Follower failed (request=null, errorCount=681); keep nextIndex (379) unchanged and retry.
2025-04-24 14:05:02,048 [grpc-default-executor-1] WARN  server.GrpcLogAppender (GrpcLogAppender.java:lambda$resetClient$1(221)) - omNode-1@group-523986131536->omNode-3-GrpcLogAppender: Follower failed (request=null, errorCount=683); keep nextIndex (380) unchanged and retry.
2025-04-24 14:05:02,050 [grpc-default-executor-3] WARN  server.GrpcLogAppender (GrpcLogAppender.java:lambda$resetClient$1(221)) - omNode-1@group-523986131536->omNode-3-GrpcLogAppender: Follower failed (request=null, errorCount=685); keep nextIndex (381) unchanged and retry.
2025-04-24 14:05:02,057 [grpc-default-executor-1] WARN  server.GrpcLogAppender (GrpcLogAppender.java:lambda$resetClient$1(221)) - omNode-1@group-523986131536->omNode-3-GrpcLogAppender: Follower failed (request=null, errorCount=687); keep nextIndex (382) unchanged and retry.
2025-04-24 14:05:02,059 [grpc-default-executor-1] WARN  server.GrpcLogAppender (GrpcLogAppender.java:lambda$resetClient$1(221)) - omNode-1@group-523986131536->omNode-3-GrpcLogAppender: Follower failed (request=null, errorCount=689); keep nextIndex (383) unchanged and retry.
2025-04-24 14:05:02,067 [grpc-default-executor-6] WARN  server.GrpcLogAppender (GrpcLogAppender.java:lambda$resetClient$1(221)) - omNode-1@group-523986131536->omNode-3-GrpcLogAppender: Follower failed (request=null, errorCount=691); keep nextIndex (384) unchanged and retry.
2025-04-24 14:05:02,070 [grpc-default-executor-1] WARN  server.GrpcLogAppender (GrpcLogAppender.java:lambda$resetClient$1(221)) - omNode-1@group-523986131536->omNode-3-GrpcLogAppender: Follower failed (request=null, errorCount=693); keep nextIndex (385) unchanged and retry.
2025-04-24 14:05:02,075 [grpc-default-executor-1] WARN  server.GrpcLogAppender (GrpcLogAppender.java:lambda$resetClient$1(221)) - omNode-1@group-523986131536->omNode-3-GrpcLogAppender: Follower failed (request=null, errorCount=695); keep nextIndex (386) unchanged and retry.
2025-04-24 14:05:02,077 [grpc-default-executor-3] WARN  server.GrpcLogAppender (GrpcLogAppender.java:lambda$resetClient$1(221)) - omNode-1@group-523986131536->omNode-3-GrpcLogAppender: Follower failed (request=null, errorCount=697); keep nextIndex (387) unchanged and retry.
2025-04-24 14:05:02,086 [grpc-default-executor-6] WARN  server.GrpcLogAppender (GrpcLogAppender.java:lambda$resetClient$1(221)) - omNode-1@group-523986131536->omNode-3-GrpcLogAppender: Follower failed (request=null, errorCount=699); keep nextIndex (388) unchanged and retry.
2025-04-24 14:05:02,089 [grpc-default-executor-3] WARN  server.GrpcLogAppender (GrpcLogAppender.java:lambda$resetClient$1(221)) - omNode-1@group-523986131536->omNode-3-GrpcLogAppender: Follower failed (request=null, errorCount=701); keep nextIndex (389) unchanged and retry.
2025-04-24 14:05:02,097 [grpc-default-executor-1] WARN  server.GrpcLogAppender (GrpcLogAppender.java:lambda$resetClient$1(221)) - omNode-1@group-523986131536->omNode-3-GrpcLogAppender: Follower failed (request=null, errorCount=703); keep nextIndex (390) unchanged and retry.
2025-04-24 14:05:02,099 [grpc-default-executor-6] WARN  server.GrpcLogAppender (GrpcLogAppender.java:lambda$resetClient$1(221)) - omNode-1@group-523986131536->omNode-3-GrpcLogAppender: Follower failed (request=null, errorCount=705); keep nextIndex (391) unchanged and retry.
2025-04-24 14:05:02,108 [grpc-default-executor-6] WARN  server.GrpcLogAppender (GrpcLogAppender.java:lambda$resetClient$1(221)) - omNode-1@group-523986131536->omNode-3-GrpcLogAppender: Follower failed (request=null, errorCount=707); keep nextIndex (392) unchanged and retry.
2025-04-24 14:05:02,111 [grpc-default-executor-1] WARN  server.GrpcLogAppender (GrpcLogAppender.java:lambda$resetClient$1(221)) - omNode-1@group-523986131536->omNode-3-GrpcLogAppender: Follower failed (request=null, errorCount=709); keep nextIndex (393) unchanged and retry.
2025-04-24 14:05:02,117 [grpc-default-executor-6] WARN  server.GrpcLogAppender (GrpcLogAppender.java:lambda$resetClient$1(221)) - omNode-1@group-523986131536->omNode-3-GrpcLogAppender: Follower failed (request=null, errorCount=711); keep nextIndex (394) unchanged and retry.
2025-04-24 14:05:02,120 [grpc-default-executor-3] WARN  server.GrpcLogAppender (GrpcLogAppender.java:lambda$resetClient$1(221)) - omNode-1@group-523986131536->omNode-3-GrpcLogAppender: Follower failed (request=null, errorCount=713); keep nextIndex (395) unchanged and retry.
2025-04-24 14:05:02,129 [grpc-default-executor-6] WARN  server.GrpcLogAppender (GrpcLogAppender.java:lambda$resetClient$1(221)) - omNode-1@group-523986131536->omNode-3-GrpcLogAppender: Follower failed (request=null, errorCount=715); keep nextIndex (396) unchanged and retry.
2025-04-24 14:05:02,130 [grpc-default-executor-3] WARN  server.GrpcLogAppender (GrpcLogAppender.java:lambda$resetClient$1(221)) - omNode-1@group-523986131536->omNode-3-GrpcLogAppender: Follower failed (request=null, errorCount=717); keep nextIndex (397) unchanged and retry.
2025-04-24 14:05:02,134 [grpc-default-executor-6] WARN  server.GrpcLogAppender (GrpcLogAppender.java:lambda$resetClient$1(221)) - omNode-1@group-523986131536->omNode-3-GrpcLogAppender: Follower failed (request=null, errorCount=719); keep nextIndex (398) unchanged and retry.
2025-04-24 14:05:02,136 [grpc-default-executor-6] WARN  server.GrpcLogAppender (GrpcLogAppender.java:lambda$resetClient$1(221)) - omNode-1@group-523986131536->omNode-3-GrpcLogAppender: Follower failed (request=null, errorCount=721); keep nextIndex (399) unchanged and retry.
2025-04-24 14:05:02,143 [grpc-default-executor-3] WARN  server.GrpcLogAppender (GrpcLogAppender.java:lambda$resetClient$1(221)) - omNode-1@group-523986131536->omNode-3-GrpcLogAppender: Follower failed (request=null, errorCount=723); keep nextIndex (400) unchanged and retry.
2025-04-24 14:05:02,145 [grpc-default-executor-1] WARN  server.GrpcLogAppender (GrpcLogAppender.java:lambda$resetClient$1(221)) - omNode-1@group-523986131536->omNode-3-GrpcLogAppender: Follower failed (request=null, errorCount=725); keep nextIndex (401) unchanged and retry.
2025-04-24 14:05:02,149 [grpc-default-executor-6] WARN  server.GrpcLogAppender (GrpcLogAppender.java:lambda$resetClient$1(221)) - omNode-1@group-523986131536->omNode-3-GrpcLogAppender: Follower failed (request=null, errorCount=727); keep nextIndex (402) unchanged and retry.
2025-04-24 14:05:02,152 [grpc-default-executor-1] WARN  server.GrpcLogAppender (GrpcLogAppender.java:lambda$resetClient$1(221)) - omNode-1@group-523986131536->omNode-3-GrpcLogAppender: Follower failed (request=null, errorCount=729); keep nextIndex (403) unchanged and retry.
2025-04-24 14:05:02,160 [grpc-default-executor-6] WARN  server.GrpcLogAppender (GrpcLogAppender.java:lambda$resetClient$1(221)) - omNode-1@group-523986131536->omNode-3-GrpcLogAppender: Follower failed (request=null, errorCount=731); keep nextIndex (404) unchanged and retry.
2025-04-24 14:05:02,162 [grpc-default-executor-4] WARN  server.GrpcLogAppender (GrpcLogAppender.java:lambda$resetClient$1(221)) - omNode-1@group-523986131536->omNode-3-GrpcLogAppender: Follower failed (request=null, errorCount=733); keep nextIndex (405) unchanged and retry.
2025-04-24 14:05:02,168 [grpc-default-executor-6] WARN  server.GrpcLogAppender (GrpcLogAppender.java:lambda$resetClient$1(221)) - omNode-1@group-523986131536->omNode-3-GrpcLogAppender: Follower failed (request=null, errorCount=735); keep nextIndex (406) unchanged and retry.
2025-04-24 14:05:02,169 [grpc-default-executor-4] WARN  server.GrpcLogAppender (GrpcLogAppender.java:lambda$resetClient$1(221)) - omNode-1@group-523986131536->omNode-3-GrpcLogAppender: Follower failed (request=null, errorCount=737); keep nextIndex (407) unchanged and retry.
2025-04-24 14:05:02,171 [omNode-2@group-523986131536-StateMachineUpdater] INFO  ratis.OzoneManagerStateMachine (OzoneManagerStateMachine.java:takeSnapshotImpl(510)) - omNode-2: taking snapshot. applied = (t:1, i:400), skipped = 399, notified = (t:1, i:400), current snapshot index = (t:1, i:400), took 20 ms
2025-04-24 14:05:02,171 [omNode-2@group-523986131536-StateMachineUpdater] INFO  impl.StateMachineUpdater (StateMachineUpdater.java:takeSnapshot(303)) - omNode-2@group-523986131536-StateMachineUpdater: Took a snapshot at index 400
2025-04-24 14:05:02,171 [omNode-2@group-523986131536-StateMachineUpdater] INFO  impl.StateMachineUpdater (StateMachineUpdater.java:lambda$new$0(102)) - omNode-2@group-523986131536-StateMachineUpdater: snapshotIndex: updateIncreasingly 350 -> 400
2025-04-24 14:05:02,171 [omNode-2@group-523986131536-StateMachineUpdater] INFO  raftlog.RaftLog (RaftLogBase.java:purge(325)) - omNode-2@group-523986131536-SegmentedRaftLog: purge 400
2025-04-24 14:05:02,171 [omNode-2@group-523986131536-StateMachineUpdater] INFO  raftlog.RaftLog (RaftLogBase.java:lambda$new$0(54)) - omNode-2@group-523986131536-SegmentedRaftLog: snapshotIndex: updateIncreasingly 350 -> 400
2025-04-24 14:05:02,171 [omNode-2@group-523986131536-StateMachineUpdater] INFO  raftlog.RaftLog (RaftLogBase.java:lambda$new$0(54)) - omNode-2@group-523986131536-SegmentedRaftLog: purgeIndex: updateToMax old=350, new=400, updated? true
2025-04-24 14:05:02,183 [Thread-9055] WARN  rocksdiff.RocksDBCheckpointDiffer (RocksDBCheckpointDiffer.java:lambda$onCompactionCompleted$0(492)) - Input file not found in inflightCompactionsMap : /home/runner/work/ozone/ozone/hadoop-ozone/integration-test/target/test-dir/MiniOzoneClusterImpl-9c5b6909-9e9c-47e3-ad7a-324826695869/omNode-2/om.db/000074.sst which should have been added on compactionBeginListener.
2025-04-24 14:05:02,183 [Thread-9055] WARN  rocksdiff.RocksDBCheckpointDiffer (RocksDBCheckpointDiffer.java:lambda$onCompactionCompleted$0(492)) - Input file not found in inflightCompactionsMap : /home/runner/work/ozone/ozone/hadoop-ozone/integration-test/target/test-dir/MiniOzoneClusterImpl-9c5b6909-9e9c-47e3-ad7a-324826695869/omNode-2/om.db/000095.sst which should have been added on compactionBeginListener.
2025-04-24 14:05:02,183 [Thread-9055] WARN  rocksdiff.RocksDBCheckpointDiffer (RocksDBCheckpointDiffer.java:lambda$onCompactionCompleted$0(492)) - Input file not found in inflightCompactionsMap : /home/runner/work/ozone/ozone/hadoop-ozone/integration-test/target/test-dir/MiniOzoneClusterImpl-9c5b6909-9e9c-47e3-ad7a-324826695869/omNode-2/om.db/000084.sst which should have been added on compactionBeginListener.
2025-04-24 14:05:02,183 [Thread-9055] WARN  rocksdiff.RocksDBCheckpointDiffer (RocksDBCheckpointDiffer.java:lambda$onCompactionCompleted$0(492)) - Input file not found in inflightCompactionsMap : /home/runner/work/ozone/ozone/hadoop-ozone/integration-test/target/test-dir/MiniOzoneClusterImpl-9c5b6909-9e9c-47e3-ad7a-324826695869/omNode-2/om.db/000089.sst which should have been added on compactionBeginListener.
2025-04-24 14:05:02,183 [Thread-9055] WARN  rocksdiff.RocksDBCheckpointDiffer (RocksDBCheckpointDiffer.java:lambda$onCompactionCompleted$0(492)) - Input file not found in inflightCompactionsMap : /home/runner/work/ozone/ozone/hadoop-ozone/integration-test/target/test-dir/MiniOzoneClusterImpl-9c5b6909-9e9c-47e3-ad7a-324826695869/omNode-2/om.db/000079.sst which should have been added on compactionBeginListener.
2025-04-24 14:05:02,183 [omNode-1@group-523986131536-StateMachineUpdater] INFO  ratis.OzoneManagerStateMachine (OzoneManagerStateMachine.java:takeSnapshotImpl(510)) - omNode-1: taking snapshot. applied = (t:1, i:402), skipped = 401, notified = (t:1, i:402), current snapshot index = (t:1, i:402), took 22 ms
2025-04-24 14:05:02,183 [omNode-1@group-523986131536-StateMachineUpdater] INFO  impl.StateMachineUpdater (StateMachineUpdater.java:takeSnapshot(303)) - omNode-1@group-523986131536-StateMachineUpdater: Took a snapshot at index 402
2025-04-24 14:05:02,183 [omNode-1@group-523986131536-StateMachineUpdater] INFO  impl.StateMachineUpdater (StateMachineUpdater.java:lambda$new$0(102)) - omNode-1@group-523986131536-StateMachineUpdater: snapshotIndex: updateIncreasingly 352 -> 402
2025-04-24 14:05:02,183 [omNode-1@group-523986131536-StateMachineUpdater] INFO  raftlog.RaftLog (RaftLogBase.java:purge(325)) - omNode-1@group-523986131536-SegmentedRaftLog: purge 402
2025-04-24 14:05:02,183 [omNode-1@group-523986131536-StateMachineUpdater] INFO  raftlog.RaftLog (RaftLogBase.java:lambda$new$0(54)) - omNode-1@group-523986131536-SegmentedRaftLog: snapshotIndex: updateIncreasingly 352 -> 402
2025-04-24 14:05:02,183 [omNode-1@group-523986131536-StateMachineUpdater] INFO  raftlog.RaftLog (RaftLogBase.java:lambda$new$0(54)) - omNode-1@group-523986131536-SegmentedRaftLog: purgeIndex: updateToMax old=352, new=402, updated? true
2025-04-24 14:05:02,190 [Thread-9099] WARN  rocksdiff.RocksDBCheckpointDiffer (RocksDBCheckpointDiffer.java:lambda$onCompactionCompleted$0(492)) - Input file not found in inflightCompactionsMap : /home/runner/work/ozone/ozone/hadoop-ozone/integration-test/target/test-dir/MiniOzoneClusterImpl-9c5b6909-9e9c-47e3-ad7a-324826695869/omNode-1/om.db/000080.sst which should have been added on compactionBeginListener.
2025-04-24 14:05:02,190 [Thread-9099] WARN  rocksdiff.RocksDBCheckpointDiffer (RocksDBCheckpointDiffer.java:lambda$onCompactionCompleted$0(492)) - Input file not found in inflightCompactionsMap : /home/runner/work/ozone/ozone/hadoop-ozone/integration-test/target/test-dir/MiniOzoneClusterImpl-9c5b6909-9e9c-47e3-ad7a-324826695869/omNode-1/om.db/000099.sst which should have been added on compactionBeginListener.
2025-04-24 14:05:02,190 [Thread-9099] WARN  rocksdiff.RocksDBCheckpointDiffer (RocksDBCheckpointDiffer.java:lambda$onCompactionCompleted$0(492)) - Input file not found in inflightCompactionsMap : /home/runner/work/ozone/ozone/hadoop-ozone/integration-test/target/test-dir/MiniOzoneClusterImpl-9c5b6909-9e9c-47e3-ad7a-324826695869/omNode-1/om.db/000085.sst which should have been added on compactionBeginListener.
2025-04-24 14:05:02,190 [Thread-9099] WARN  rocksdiff.RocksDBCheckpointDiffer (RocksDBCheckpointDiffer.java:lambda$onCompactionCompleted$0(492)) - Input file not found in inflightCompactionsMap : /home/runner/work/ozone/ozone/hadoop-ozone/integration-test/target/test-dir/MiniOzoneClusterImpl-9c5b6909-9e9c-47e3-ad7a-324826695869/omNode-1/om.db/000091.sst which should have been added on compactionBeginListener.
2025-04-24 14:05:02,190 [Thread-9099] WARN  rocksdiff.RocksDBCheckpointDiffer (RocksDBCheckpointDiffer.java:lambda$onCompactionCompleted$0(492)) - Input file not found in inflightCompactionsMap : /home/runner/work/ozone/ozone/hadoop-ozone/integration-test/target/test-dir/MiniOzoneClusterImpl-9c5b6909-9e9c-47e3-ad7a-324826695869/omNode-1/om.db/000075.sst which should have been added on compactionBeginListener.
2025-04-24 14:05:02,193 [grpc-default-executor-6] WARN  server.GrpcLogAppender (GrpcLogAppender.java:lambda$resetClient$1(221)) - omNode-1@group-523986131536->omNode-3-GrpcLogAppender: Follower failed (request=null, errorCount=739); keep nextIndex (408) unchanged and retry.
2025-04-24 14:05:02,200 [grpc-default-executor-6] WARN  server.GrpcLogAppender (GrpcLogAppender.java:lambda$resetClient$1(221)) - omNode-1@group-523986131536->omNode-3-GrpcLogAppender: Follower failed (request=null, errorCount=743); keep nextIndex (410) unchanged and retry.
2025-04-24 14:05:02,203 [grpc-default-executor-4] WARN  server.GrpcLogAppender (GrpcLogAppender.java:lambda$resetClient$1(221)) - omNode-1@group-523986131536->omNode-3-GrpcLogAppender: Follower failed (request=null, errorCount=745); keep nextIndex (411) unchanged and retry.
2025-04-24 14:05:02,209 [grpc-default-executor-6] WARN  server.GrpcLogAppender (GrpcLogAppender.java:lambda$resetClient$1(221)) - omNode-1@group-523986131536->omNode-3-GrpcLogAppender: Follower failed (request=null, errorCount=747); keep nextIndex (412) unchanged and retry.
2025-04-24 14:05:02,211 [grpc-default-executor-4] WARN  server.GrpcLogAppender (GrpcLogAppender.java:lambda$resetClient$1(221)) - omNode-1@group-523986131536->omNode-3-GrpcLogAppender: Follower failed (request=null, errorCount=749); keep nextIndex (413) unchanged and retry.
2025-04-24 14:05:02,215 [grpc-default-executor-6] WARN  server.GrpcLogAppender (GrpcLogAppender.java:lambda$resetClient$1(221)) - omNode-1@group-523986131536->omNode-3-GrpcLogAppender: Follower failed (request=null, errorCount=751); keep nextIndex (414) unchanged and retry.
2025-04-24 14:05:02,217 [grpc-default-executor-1] WARN  server.GrpcLogAppender (GrpcLogAppender.java:lambda$resetClient$1(221)) - omNode-1@group-523986131536->omNode-3-GrpcLogAppender: Follower failed (request=null, errorCount=753); keep nextIndex (415) unchanged and retry.
2025-04-24 14:05:02,226 [grpc-default-executor-6] WARN  server.GrpcLogAppender (GrpcLogAppender.java:lambda$resetClient$1(221)) - omNode-1@group-523986131536->omNode-3-GrpcLogAppender: Follower failed (request=null, errorCount=755); keep nextIndex (416) unchanged and retry.
2025-04-24 14:05:02,227 [grpc-default-executor-4] WARN  server.GrpcLogAppender (GrpcLogAppender.java:lambda$resetClient$1(221)) - omNode-1@group-523986131536->omNode-3-GrpcLogAppender: Follower failed (request=null, errorCount=757); keep nextIndex (417) unchanged and retry.
2025-04-24 14:05:02,232 [grpc-default-executor-1] WARN  server.GrpcLogAppender (GrpcLogAppender.java:lambda$resetClient$1(221)) - omNode-1@group-523986131536->omNode-3-GrpcLogAppender: Follower failed (request=null, errorCount=759); keep nextIndex (418) unchanged and retry.
2025-04-24 14:05:02,233 [grpc-default-executor-4] WARN  server.GrpcLogAppender (GrpcLogAppender.java:lambda$resetClient$1(221)) - omNode-1@group-523986131536->omNode-3-GrpcLogAppender: Follower failed (request=null, errorCount=761); keep nextIndex (419) unchanged and retry.
2025-04-24 14:05:02,245 [grpc-default-executor-1] WARN  server.GrpcLogAppender (GrpcLogAppender.java:lambda$resetClient$1(221)) - omNode-1@group-523986131536->omNode-3-GrpcLogAppender: Follower failed (request=null, errorCount=763); keep nextIndex (420) unchanged and retry.
2025-04-24 14:05:02,247 [grpc-default-executor-6] WARN  server.GrpcLogAppender (GrpcLogAppender.java:lambda$resetClient$1(221)) - omNode-1@group-523986131536->omNode-3-GrpcLogAppender: Follower failed (request=null, errorCount=765); keep nextIndex (421) unchanged and retry.
2025-04-24 14:05:02,253 [grpc-default-executor-4] WARN  server.GrpcLogAppender (GrpcLogAppender.java:lambda$resetClient$1(221)) - omNode-1@group-523986131536->omNode-3-GrpcLogAppender: Follower failed (request=null, errorCount=767); keep nextIndex (422) unchanged and retry.
2025-04-24 14:05:02,255 [grpc-default-executor-6] WARN  server.GrpcLogAppender (GrpcLogAppender.java:lambda$resetClient$1(221)) - omNode-1@group-523986131536->omNode-3-GrpcLogAppender: Follower failed (request=null, errorCount=769); keep nextIndex (423) unchanged and retry.
2025-04-24 14:05:02,267 [grpc-default-executor-1] WARN  server.GrpcLogAppender (GrpcLogAppender.java:lambda$resetClient$1(221)) - omNode-1@group-523986131536->omNode-3-GrpcLogAppender: Follower failed (request=null, errorCount=771); keep nextIndex (424) unchanged and retry.
2025-04-24 14:05:02,269 [grpc-default-executor-6] WARN  server.GrpcLogAppender (GrpcLogAppender.java:lambda$resetClient$1(221)) - omNode-1@group-523986131536->omNode-3-GrpcLogAppender: Follower failed (request=null, errorCount=773); keep nextIndex (425) unchanged and retry.
2025-04-24 14:05:02,273 [grpc-default-executor-1] WARN  server.GrpcLogAppender (GrpcLogAppender.java:lambda$resetClient$1(221)) - omNode-1@group-523986131536->omNode-3-GrpcLogAppender: Follower failed (request=null, errorCount=775); keep nextIndex (426) unchanged and retry.
2025-04-24 14:05:02,276 [grpc-default-executor-1] WARN  server.GrpcLogAppender (GrpcLogAppender.java:lambda$resetClient$1(221)) - omNode-1@group-523986131536->omNode-3-GrpcLogAppender: Follower failed (request=null, errorCount=777); keep nextIndex (427) unchanged and retry.
2025-04-24 14:05:02,283 [grpc-default-executor-1] WARN  server.GrpcLogAppender (GrpcLogAppender.java:lambda$resetClient$1(221)) - omNode-1@group-523986131536->omNode-3-GrpcLogAppender: Follower failed (request=null, errorCount=779); keep nextIndex (428) unchanged and retry.
2025-04-24 14:05:02,285 [grpc-default-executor-1] WARN  server.GrpcLogAppender (GrpcLogAppender.java:lambda$resetClient$1(221)) - omNode-1@group-523986131536->omNode-3-GrpcLogAppender: Follower failed (request=null, errorCount=781); keep nextIndex (429) unchanged and retry.
2025-04-24 14:05:02,291 [grpc-default-executor-1] WARN  server.GrpcLogAppender (GrpcLogAppender.java:lambda$resetClient$1(221)) - omNode-1@group-523986131536->omNode-3-GrpcLogAppender: Follower failed (request=null, errorCount=783); keep nextIndex (430) unchanged and retry.
2025-04-24 14:05:02,293 [grpc-default-executor-6] WARN  server.GrpcLogAppender (GrpcLogAppender.java:lambda$resetClient$1(221)) - omNode-1@group-523986131536->omNode-3-GrpcLogAppender: Follower failed (request=null, errorCount=785); keep nextIndex (431) unchanged and retry.
2025-04-24 14:05:02,301 [grpc-default-executor-4] WARN  server.GrpcLogAppender (GrpcLogAppender.java:lambda$resetClient$1(221)) - omNode-1@group-523986131536->omNode-3-GrpcLogAppender: Follower failed (request=null, errorCount=787); keep nextIndex (432) unchanged and retry.
2025-04-24 14:05:02,303 [grpc-default-executor-6] WARN  server.GrpcLogAppender (GrpcLogAppender.java:lambda$resetClient$1(221)) - omNode-1@group-523986131536->omNode-3-GrpcLogAppender: Follower failed (request=null, errorCount=789); keep nextIndex (433) unchanged and retry.
2025-04-24 14:05:02,307 [grpc-default-executor-4] WARN  server.GrpcLogAppender (GrpcLogAppender.java:lambda$resetClient$1(221)) - omNode-1@group-523986131536->omNode-3-GrpcLogAppender: Follower failed (request=null, errorCount=791); keep nextIndex (434) unchanged and retry.
2025-04-24 14:05:02,309 [grpc-default-executor-6] WARN  server.GrpcLogAppender (GrpcLogAppender.java:lambda$resetClient$1(221)) - omNode-1@group-523986131536->omNode-3-GrpcLogAppender: Follower failed (request=null, errorCount=793); keep nextIndex (435) unchanged and retry.
2025-04-24 14:05:02,316 [grpc-default-executor-4] WARN  server.GrpcLogAppender (GrpcLogAppender.java:lambda$resetClient$1(221)) - omNode-1@group-523986131536->omNode-3-GrpcLogAppender: Follower failed (request=null, errorCount=795); keep nextIndex (436) unchanged and retry.
2025-04-24 14:05:02,317 [grpc-default-executor-6] WARN  server.GrpcLogAppender (GrpcLogAppender.java:lambda$resetClient$1(221)) - omNode-1@group-523986131536->omNode-3-GrpcLogAppender: Follower failed (request=null, errorCount=797); keep nextIndex (437) unchanged and retry.
2025-04-24 14:05:02,324 [grpc-default-executor-4] WARN  server.GrpcLogAppender (GrpcLogAppender.java:lambda$resetClient$1(221)) - omNode-1@group-523986131536->omNode-3-GrpcLogAppender: Follower failed (request=null, errorCount=799); keep nextIndex (438) unchanged and retry.
2025-04-24 14:05:02,326 [grpc-default-executor-6] WARN  server.GrpcLogAppender (GrpcLogAppender.java:lambda$resetClient$1(221)) - omNode-1@group-523986131536->omNode-3-GrpcLogAppender: Follower failed (request=null, errorCount=801); keep nextIndex (439) unchanged and retry.
2025-04-24 14:05:02,348 [grpc-default-executor-4] WARN  server.GrpcLogAppender (GrpcLogAppender.java:lambda$resetClient$1(221)) - omNode-1@group-523986131536->omNode-3-GrpcLogAppender: Follower failed (request=null, errorCount=803); keep nextIndex (440) unchanged and retry.
2025-04-24 14:05:02,352 [grpc-default-executor-6] WARN  server.GrpcLogAppender (GrpcLogAppender.java:lambda$resetClient$1(221)) - omNode-1@group-523986131536->omNode-3-GrpcLogAppender: Follower failed (request=null, errorCount=805); keep nextIndex (441) unchanged and retry.
2025-04-24 14:05:02,357 [grpc-default-executor-1] WARN  server.GrpcLogAppender (GrpcLogAppender.java:lambda$resetClient$1(221)) - omNode-1@group-523986131536->omNode-3-GrpcLogAppender: Follower failed (request=null, errorCount=807); keep nextIndex (442) unchanged and retry.
2025-04-24 14:05:02,358 [grpc-default-executor-1] WARN  server.GrpcLogAppender (GrpcLogAppender.java:lambda$resetClient$1(221)) - omNode-1@group-523986131536->omNode-3-GrpcLogAppender: Follower failed (request=null, errorCount=809); keep nextIndex (443) unchanged and retry.
2025-04-24 14:05:02,368 [grpc-default-executor-4] WARN  server.GrpcLogAppender (GrpcLogAppender.java:lambda$resetClient$1(221)) - omNode-1@group-523986131536->omNode-3-GrpcLogAppender: Follower failed (request=null, errorCount=811); keep nextIndex (444) unchanged and retry.
2025-04-24 14:05:02,369 [grpc-default-executor-6] WARN  server.GrpcLogAppender (GrpcLogAppender.java:lambda$resetClient$1(221)) - omNode-1@group-523986131536->omNode-3-GrpcLogAppender: Follower failed (request=null, errorCount=813); keep nextIndex (445) unchanged and retry.
2025-04-24 14:05:02,375 [grpc-default-executor-4] WARN  server.GrpcLogAppender (GrpcLogAppender.java:lambda$resetClient$1(221)) - omNode-1@group-523986131536->omNode-3-GrpcLogAppender: Follower failed (request=null, errorCount=815); keep nextIndex (446) unchanged and retry.
2025-04-24 14:05:02,377 [grpc-default-executor-1] WARN  server.GrpcLogAppender (GrpcLogAppender.java:lambda$resetClient$1(221)) - omNode-1@group-523986131536->omNode-3-GrpcLogAppender: Follower failed (request=null, errorCount=817); keep nextIndex (447) unchanged and retry.
2025-04-24 14:05:02,386 [grpc-default-executor-6] WARN  server.GrpcLogAppender (GrpcLogAppender.java:lambda$resetClient$1(221)) - omNode-1@group-523986131536->omNode-3-GrpcLogAppender: Follower failed (request=null, errorCount=819); keep nextIndex (448) unchanged and retry.
2025-04-24 14:05:02,387 [grpc-default-executor-1] WARN  server.GrpcLogAppender (GrpcLogAppender.java:lambda$resetClient$1(221)) - omNode-1@group-523986131536->omNode-3-GrpcLogAppender: Follower failed (request=null, errorCount=821); keep nextIndex (449) unchanged and retry.
2025-04-24 14:05:02,392 [grpc-default-executor-4] WARN  server.GrpcLogAppender (GrpcLogAppender.java:lambda$resetClient$1(221)) - omNode-1@group-523986131536->omNode-3-GrpcLogAppender: Follower failed (request=null, errorCount=823); keep nextIndex (450) unchanged and retry.
2025-04-24 14:05:02,393 [grpc-default-executor-4] WARN  server.GrpcLogAppender (GrpcLogAppender.java:lambda$resetClient$1(221)) - omNode-1@group-523986131536->omNode-3-GrpcLogAppender: Follower failed (request=null, errorCount=825); keep nextIndex (451) unchanged and retry.
2025-04-24 14:05:02,405 [grpc-default-executor-1] WARN  server.GrpcLogAppender (GrpcLogAppender.java:lambda$resetClient$1(221)) - omNode-1@group-523986131536->omNode-3-GrpcLogAppender: Follower failed (request=null, errorCount=827); keep nextIndex (452) unchanged and retry.
2025-04-24 14:05:02,408 [grpc-default-executor-6] WARN  server.GrpcLogAppender (GrpcLogAppender.java:lambda$resetClient$1(221)) - omNode-1@group-523986131536->omNode-3-GrpcLogAppender: Follower failed (request=null, errorCount=829); keep nextIndex (453) unchanged and retry.
2025-04-24 14:05:02,414 [grpc-default-executor-1] WARN  server.GrpcLogAppender (GrpcLogAppender.java:lambda$resetClient$1(221)) - omNode-1@group-523986131536->omNode-3-GrpcLogAppender: Follower failed (request=null, errorCount=831); keep nextIndex (454) unchanged and retry.
2025-04-24 14:05:02,418 [grpc-default-executor-4] WARN  server.GrpcLogAppender (GrpcLogAppender.java:lambda$resetClient$1(221)) - omNode-1@group-523986131536->omNode-3-GrpcLogAppender: Follower failed (request=null, errorCount=833); keep nextIndex (455) unchanged and retry.
2025-04-24 14:05:02,440 [omNode-2@group-523986131536-StateMachineUpdater] INFO  ratis.OzoneManagerStateMachine (OzoneManagerStateMachine.java:takeSnapshotImpl(510)) - omNode-2: taking snapshot. applied = (t:1, i:450), skipped = 449, notified = (t:1, i:450), current snapshot index = (t:1, i:450), took 34 ms
2025-04-24 14:05:02,441 [omNode-2@group-523986131536-StateMachineUpdater] INFO  impl.StateMachineUpdater (StateMachineUpdater.java:takeSnapshot(303)) - omNode-2@group-523986131536-StateMachineUpdater: Took a snapshot at index 450
2025-04-24 14:05:02,441 [omNode-1@group-523986131536-StateMachineUpdater] INFO  ratis.OzoneManagerStateMachine (OzoneManagerStateMachine.java:takeSnapshotImpl(510)) - omNode-1: taking snapshot. applied = (t:1, i:452), skipped = 451, notified = (t:1, i:452), current snapshot index = (t:1, i:452), took 31 ms
2025-04-24 14:05:02,441 [omNode-1@group-523986131536-StateMachineUpdater] INFO  impl.StateMachineUpdater (StateMachineUpdater.java:takeSnapshot(303)) - omNode-1@group-523986131536-StateMachineUpdater: Took a snapshot at index 452
2025-04-24 14:05:02,441 [omNode-1@group-523986131536-StateMachineUpdater] INFO  impl.StateMachineUpdater (StateMachineUpdater.java:lambda$new$0(102)) - omNode-1@group-523986131536-StateMachineUpdater: snapshotIndex: updateIncreasingly 402 -> 452
2025-04-24 14:05:02,442 [omNode-1@group-523986131536-StateMachineUpdater] INFO  raftlog.RaftLog (RaftLogBase.java:purge(325)) - omNode-1@group-523986131536-SegmentedRaftLog: purge 452
2025-04-24 14:05:02,442 [omNode-1@group-523986131536-StateMachineUpdater] INFO  raftlog.RaftLog (RaftLogBase.java:lambda$new$0(54)) - omNode-1@group-523986131536-SegmentedRaftLog: snapshotIndex: updateIncreasingly 402 -> 452
2025-04-24 14:05:02,442 [omNode-1@group-523986131536-StateMachineUpdater] INFO  raftlog.RaftLog (RaftLogBase.java:lambda$new$0(54)) - omNode-1@group-523986131536-SegmentedRaftLog: purgeIndex: updateToMax old=402, new=452, updated? true
2025-04-24 14:05:02,442 [omNode-2@group-523986131536-StateMachineUpdater] INFO  impl.StateMachineUpdater (StateMachineUpdater.java:lambda$new$0(102)) - omNode-2@group-523986131536-StateMachineUpdater: snapshotIndex: updateIncreasingly 400 -> 450
2025-04-24 14:05:02,442 [omNode-2@group-523986131536-StateMachineUpdater] INFO  raftlog.RaftLog (RaftLogBase.java:purge(325)) - omNode-2@group-523986131536-SegmentedRaftLog: purge 450
2025-04-24 14:05:02,442 [omNode-2@group-523986131536-StateMachineUpdater] INFO  raftlog.RaftLog (RaftLogBase.java:lambda$new$0(54)) - omNode-2@group-523986131536-SegmentedRaftLog: snapshotIndex: updateIncreasingly 400 -> 450
2025-04-24 14:05:02,442 [omNode-2@group-523986131536-StateMachineUpdater] INFO  raftlog.RaftLog (RaftLogBase.java:lambda$new$0(54)) - omNode-2@group-523986131536-SegmentedRaftLog: purgeIndex: updateToMax old=400, new=450, updated? true
2025-04-24 14:05:02,456 [grpc-default-executor-6] WARN  server.GrpcLogAppender (GrpcLogAppender.java:lambda$resetClient$1(221)) - omNode-1@group-523986131536->omNode-3-GrpcLogAppender: Follower failed (request=null, errorCount=837); keep nextIndex (456) unchanged and retry.
2025-04-24 14:05:02,457 [grpc-default-executor-4] WARN  server.GrpcLogAppender (GrpcLogAppender.java:lambda$resetClient$1(221)) - omNode-1@group-523986131536->omNode-3-GrpcLogAppender: Follower failed (request=null, errorCount=839); keep nextIndex (457) unchanged and retry.
2025-04-24 14:05:02,466 [grpc-default-executor-6] WARN  server.GrpcLogAppender (GrpcLogAppender.java:lambda$resetClient$1(221)) - omNode-1@group-523986131536->omNode-3-GrpcLogAppender: Follower failed (request=null, errorCount=841); keep nextIndex (458) unchanged and retry.
2025-04-24 14:05:02,468 [grpc-default-executor-6] WARN  server.GrpcLogAppender (GrpcLogAppender.java:lambda$resetClient$1(221)) - omNode-1@group-523986131536->omNode-3-GrpcLogAppender: Follower failed (request=null, errorCount=843); keep nextIndex (459) unchanged and retry.
2025-04-24 14:05:02,482 [grpc-default-executor-6] WARN  server.GrpcLogAppender (GrpcLogAppender.java:lambda$resetClient$1(221)) - omNode-1@group-523986131536->omNode-3-GrpcLogAppender: Follower failed (request=null, errorCount=845); keep nextIndex (460) unchanged and retry.
2025-04-24 14:05:02,488 [grpc-default-executor-6] WARN  server.GrpcLogAppender (GrpcLogAppender.java:lambda$resetClient$1(221)) - omNode-1@group-523986131536->omNode-3-GrpcLogAppender: Follower failed (request=null, errorCount=847); keep nextIndex (461) unchanged and retry.
2025-04-24 14:05:02,490 [grpc-default-executor-1] WARN  server.GrpcLogAppender (GrpcLogAppender.java:lambda$resetClient$1(221)) - omNode-1@group-523986131536->omNode-3-GrpcLogAppender: Follower failed (request=null, errorCount=849); keep nextIndex (462) unchanged and retry.
2025-04-24 14:05:02,494 [grpc-default-executor-6] WARN  server.GrpcLogAppender (GrpcLogAppender.java:lambda$resetClient$1(221)) - omNode-1@group-523986131536->omNode-3-GrpcLogAppender: Follower failed (request=null, errorCount=851); keep nextIndex (463) unchanged and retry.
2025-04-24 14:05:02,507 [grpc-default-executor-1] WARN  server.GrpcLogAppender (GrpcLogAppender.java:lambda$resetClient$1(221)) - omNode-1@group-523986131536->omNode-3-GrpcLogAppender: Follower failed (request=null, errorCount=853); keep nextIndex (464) unchanged and retry.
2025-04-24 14:05:02,509 [grpc-default-executor-1] WARN  server.GrpcLogAppender (GrpcLogAppender.java:lambda$resetClient$1(221)) - omNode-1@group-523986131536->omNode-3-GrpcLogAppender: Follower failed (request=null, errorCount=855); keep nextIndex (465) unchanged and retry.
2025-04-24 14:05:02,516 [grpc-default-executor-6] WARN  server.GrpcLogAppender (GrpcLogAppender.java:lambda$resetClient$1(221)) - omNode-1@group-523986131536->omNode-3-GrpcLogAppender: Follower failed (request=null, errorCount=857); keep nextIndex (466) unchanged and retry.
2025-04-24 14:05:02,519 [grpc-default-executor-1] WARN  server.GrpcLogAppender (GrpcLogAppender.java:lambda$resetClient$1(221)) - omNode-1@group-523986131536->omNode-3-GrpcLogAppender: Follower failed (request=null, errorCount=859); keep nextIndex (467) unchanged and retry.
2025-04-24 14:05:02,529 [grpc-default-executor-6] WARN  server.GrpcLogAppender (GrpcLogAppender.java:lambda$resetClient$1(221)) - omNode-1@group-523986131536->omNode-3-GrpcLogAppender: Follower failed (request=null, errorCount=861); keep nextIndex (468) unchanged and retry.
2025-04-24 14:05:02,531 [grpc-default-executor-1] WARN  server.GrpcLogAppender (GrpcLogAppender.java:lambda$resetClient$1(221)) - omNode-1@group-523986131536->omNode-3-GrpcLogAppender: Follower failed (request=null, errorCount=863); keep nextIndex (469) unchanged and retry.
2025-04-24 14:05:02,537 [grpc-default-executor-1] WARN  server.GrpcLogAppender (GrpcLogAppender.java:lambda$resetClient$1(221)) - omNode-1@group-523986131536->omNode-3-GrpcLogAppender: Follower failed (request=null, errorCount=865); keep nextIndex (470) unchanged and retry.
2025-04-24 14:05:02,540 [grpc-default-executor-1] WARN  server.GrpcLogAppender (GrpcLogAppender.java:lambda$resetClient$1(221)) - omNode-1@group-523986131536->omNode-3-GrpcLogAppender: Follower failed (request=null, errorCount=867); keep nextIndex (471) unchanged and retry.
2025-04-24 14:05:02,549 [grpc-default-executor-4] WARN  server.GrpcLogAppender (GrpcLogAppender.java:lambda$resetClient$1(221)) - omNode-1@group-523986131536->omNode-3-GrpcLogAppender: Follower failed (request=null, errorCount=869); keep nextIndex (472) unchanged and retry.
2025-04-24 14:05:02,551 [grpc-default-executor-1] WARN  server.GrpcLogAppender (GrpcLogAppender.java:lambda$resetClient$1(221)) - omNode-1@group-523986131536->omNode-3-GrpcLogAppender: Follower failed (request=null, errorCount=871); keep nextIndex (473) unchanged and retry.
2025-04-24 14:05:02,558 [grpc-default-executor-4] WARN  server.GrpcLogAppender (GrpcLogAppender.java:lambda$resetClient$1(221)) - omNode-1@group-523986131536->omNode-3-GrpcLogAppender: Follower failed (request=null, errorCount=873); keep nextIndex (474) unchanged and retry.
2025-04-24 14:05:02,560 [grpc-default-executor-3] WARN  server.GrpcLogAppender (GrpcLogAppender.java:lambda$resetClient$1(221)) - omNode-1@group-523986131536->omNode-3-GrpcLogAppender: Follower failed (request=null, errorCount=875); keep nextIndex (475) unchanged and retry.
2025-04-24 14:05:02,569 [grpc-default-executor-6] WARN  server.GrpcLogAppender (GrpcLogAppender.java:lambda$resetClient$1(221)) - omNode-1@group-523986131536->omNode-3-GrpcLogAppender: Follower failed (request=null, errorCount=877); keep nextIndex (476) unchanged and retry.
2025-04-24 14:05:02,571 [grpc-default-executor-3] WARN  server.GrpcLogAppender (GrpcLogAppender.java:lambda$resetClient$1(221)) - omNode-1@group-523986131536->omNode-3-GrpcLogAppender: Follower failed (request=null, errorCount=879); keep nextIndex (477) unchanged and retry.
2025-04-24 14:05:02,576 [grpc-default-executor-6] WARN  server.GrpcLogAppender (GrpcLogAppender.java:lambda$resetClient$1(221)) - omNode-1@group-523986131536->omNode-3-GrpcLogAppender: Follower failed (request=null, errorCount=881); keep nextIndex (478) unchanged and retry.
2025-04-24 14:05:02,579 [grpc-default-executor-6] WARN  server.GrpcLogAppender (GrpcLogAppender.java:lambda$resetClient$1(221)) - omNode-1@group-523986131536->omNode-3-GrpcLogAppender: Follower failed (request=null, errorCount=883); keep nextIndex (479) unchanged and retry.
2025-04-24 14:05:02,588 [grpc-default-executor-6] WARN  server.GrpcLogAppender (GrpcLogAppender.java:lambda$resetClient$1(221)) - omNode-1@group-523986131536->omNode-3-GrpcLogAppender: Follower failed (request=null, errorCount=885); keep nextIndex (480) unchanged and retry.
2025-04-24 14:05:02,590 [grpc-default-executor-6] WARN  server.GrpcLogAppender (GrpcLogAppender.java:lambda$resetClient$1(221)) - omNode-1@group-523986131536->omNode-3-GrpcLogAppender: Follower failed (request=null, errorCount=887); keep nextIndex (481) unchanged and retry.
2025-04-24 14:05:02,596 [grpc-default-executor-3] WARN  server.GrpcLogAppender (GrpcLogAppender.java:lambda$resetClient$1(221)) - omNode-1@group-523986131536->omNode-3-GrpcLogAppender: Follower failed (request=null, errorCount=889); keep nextIndex (482) unchanged and retry.
2025-04-24 14:05:02,598 [grpc-default-executor-6] WARN  server.GrpcLogAppender (GrpcLogAppender.java:lambda$resetClient$1(221)) - omNode-1@group-523986131536->omNode-3-GrpcLogAppender: Follower failed (request=null, errorCount=891); keep nextIndex (483) unchanged and retry.
2025-04-24 14:05:02,606 [grpc-default-executor-1] WARN  server.GrpcLogAppender (GrpcLogAppender.java:lambda$resetClient$1(221)) - omNode-1@group-523986131536->omNode-3-GrpcLogAppender: Follower failed (request=null, errorCount=893); keep nextIndex (484) unchanged and retry.
2025-04-24 14:05:02,609 [grpc-default-executor-6] WARN  server.GrpcLogAppender (GrpcLogAppender.java:lambda$resetClient$1(221)) - omNode-1@group-523986131536->omNode-3-GrpcLogAppender: Follower failed (request=null, errorCount=895); keep nextIndex (485) unchanged and retry.
2025-04-24 14:05:02,613 [grpc-default-executor-3] WARN  server.GrpcLogAppender (GrpcLogAppender.java:lambda$resetClient$1(221)) - omNode-1@group-523986131536->omNode-3-GrpcLogAppender: Follower failed (request=null, errorCount=897); keep nextIndex (486) unchanged and retry.
2025-04-24 14:05:02,614 [grpc-default-executor-3] WARN  server.GrpcLogAppender (GrpcLogAppender.java:lambda$resetClient$1(221)) - omNode-1@group-523986131536->omNode-3-GrpcLogAppender: Follower failed (request=null, errorCount=899); keep nextIndex (487) unchanged and retry.
2025-04-24 14:05:02,623 [grpc-default-executor-6] WARN  server.GrpcLogAppender (GrpcLogAppender.java:lambda$resetClient$1(221)) - omNode-1@group-523986131536->omNode-3-GrpcLogAppender: Follower failed (request=null, errorCount=901); keep nextIndex (488) unchanged and retry.
2025-04-24 14:05:02,624 [grpc-default-executor-3] WARN  server.GrpcLogAppender (GrpcLogAppender.java:lambda$resetClient$1(221)) - omNode-1@group-523986131536->omNode-3-GrpcLogAppender: Follower failed (request=null, errorCount=903); keep nextIndex (489) unchanged and retry.
2025-04-24 14:05:02,633 [grpc-default-executor-3] WARN  server.GrpcLogAppender (GrpcLogAppender.java:lambda$resetClient$1(221)) - omNode-1@group-523986131536->omNode-3-GrpcLogAppender: Follower failed (request=null, errorCount=905); keep nextIndex (490) unchanged and retry.
2025-04-24 14:05:02,635 [grpc-default-executor-1] WARN  server.GrpcLogAppender (GrpcLogAppender.java:lambda$resetClient$1(221)) - omNode-1@group-523986131536->omNode-3-GrpcLogAppender: Follower failed (request=null, errorCount=907); keep nextIndex (491) unchanged and retry.
2025-04-24 14:05:02,643 [grpc-default-executor-6] WARN  server.GrpcLogAppender (GrpcLogAppender.java:lambda$resetClient$1(221)) - omNode-1@group-523986131536->omNode-3-GrpcLogAppender: Follower failed (request=null, errorCount=909); keep nextIndex (492) unchanged and retry.
2025-04-24 14:05:02,645 [grpc-default-executor-3] WARN  server.GrpcLogAppender (GrpcLogAppender.java:lambda$resetClient$1(221)) - omNode-1@group-523986131536->omNode-3-GrpcLogAppender: Follower failed (request=null, errorCount=911); keep nextIndex (493) unchanged and retry.
2025-04-24 14:05:02,650 [grpc-default-executor-6] WARN  server.GrpcLogAppender (GrpcLogAppender.java:lambda$resetClient$1(221)) - omNode-1@group-523986131536->omNode-3-GrpcLogAppender: Follower failed (request=null, errorCount=913); keep nextIndex (494) unchanged and retry.
2025-04-24 14:05:02,652 [grpc-default-executor-3] WARN  server.GrpcLogAppender (GrpcLogAppender.java:lambda$resetClient$1(221)) - omNode-1@group-523986131536->omNode-3-GrpcLogAppender: Follower failed (request=null, errorCount=915); keep nextIndex (495) unchanged and retry.
2025-04-24 14:05:02,662 [grpc-default-executor-6] WARN  server.GrpcLogAppender (GrpcLogAppender.java:lambda$resetClient$1(221)) - omNode-1@group-523986131536->omNode-3-GrpcLogAppender: Follower failed (request=null, errorCount=917); keep nextIndex (496) unchanged and retry.
2025-04-24 14:05:02,664 [grpc-default-executor-3] WARN  server.GrpcLogAppender (GrpcLogAppender.java:lambda$resetClient$1(221)) - omNode-1@group-523986131536->omNode-3-GrpcLogAppender: Follower failed (request=null, errorCount=919); keep nextIndex (497) unchanged and retry.
2025-04-24 14:05:02,669 [grpc-default-executor-6] WARN  server.GrpcLogAppender (GrpcLogAppender.java:lambda$resetClient$1(221)) - omNode-1@group-523986131536->omNode-3-GrpcLogAppender: Follower failed (request=null, errorCount=921); keep nextIndex (498) unchanged and retry.
2025-04-24 14:05:02,671 [grpc-default-executor-6] WARN  server.GrpcLogAppender (GrpcLogAppender.java:lambda$resetClient$1(221)) - omNode-1@group-523986131536->omNode-3-GrpcLogAppender: Follower failed (request=null, errorCount=923); keep nextIndex (499) unchanged and retry.
2025-04-24 14:05:02,678 [grpc-default-executor-1] WARN  server.GrpcLogAppender (GrpcLogAppender.java:lambda$resetClient$1(221)) - omNode-1@group-523986131536->omNode-3-GrpcLogAppender: Follower failed (request=null, errorCount=925); keep nextIndex (500) unchanged and retry.
2025-04-24 14:05:02,680 [grpc-default-executor-3] WARN  server.GrpcLogAppender (GrpcLogAppender.java:lambda$resetClient$1(221)) - omNode-1@group-523986131536->omNode-3-GrpcLogAppender: Follower failed (request=null, errorCount=927); keep nextIndex (501) unchanged and retry.
2025-04-24 14:05:02,683 [grpc-default-executor-6] WARN  server.GrpcLogAppender (GrpcLogAppender.java:lambda$resetClient$1(221)) - omNode-1@group-523986131536->omNode-3-GrpcLogAppender: Follower failed (request=null, errorCount=929); keep nextIndex (502) unchanged and retry.
2025-04-24 14:05:02,684 [grpc-default-executor-1] WARN  server.GrpcLogAppender (GrpcLogAppender.java:lambda$resetClient$1(221)) - omNode-1@group-523986131536->omNode-3-GrpcLogAppender: Follower failed (request=null, errorCount=931); keep nextIndex (503) unchanged and retry.
2025-04-24 14:05:02,691 [grpc-default-executor-3] WARN  server.GrpcLogAppender (GrpcLogAppender.java:lambda$resetClient$1(221)) - omNode-1@group-523986131536->omNode-3-GrpcLogAppender: Follower failed (request=null, errorCount=933); keep nextIndex (504) unchanged and retry.
2025-04-24 14:05:02,693 [grpc-default-executor-6] WARN  server.GrpcLogAppender (GrpcLogAppender.java:lambda$resetClient$1(221)) - omNode-1@group-523986131536->omNode-3-GrpcLogAppender: Follower failed (request=null, errorCount=935); keep nextIndex (505) unchanged and retry.
2025-04-24 14:05:02,699 [omNode-1@group-523986131536-StateMachineUpdater] INFO  ratis.OzoneManagerStateMachine (OzoneManagerStateMachine.java:takeSnapshotImpl(510)) - omNode-1: taking snapshot. applied = (t:1, i:502), skipped = 501, notified = (t:1, i:502), current snapshot index = (t:1, i:502), took 14 ms
2025-04-24 14:05:02,700 [omNode-1@group-523986131536-StateMachineUpdater] INFO  impl.StateMachineUpdater (StateMachineUpdater.java:takeSnapshot(303)) - omNode-1@group-523986131536-StateMachineUpdater: Took a snapshot at index 502
2025-04-24 14:05:02,700 [omNode-2@group-523986131536-StateMachineUpdater] INFO  ratis.OzoneManagerStateMachine (OzoneManagerStateMachine.java:takeSnapshotImpl(510)) - omNode-2: taking snapshot. applied = (t:1, i:500), skipped = 499, notified = (t:1, i:500), current snapshot index = (t:1, i:500), took 16 ms
2025-04-24 14:05:02,700 [omNode-1@group-523986131536-StateMachineUpdater] INFO  impl.StateMachineUpdater (StateMachineUpdater.java:lambda$new$0(102)) - omNode-1@group-523986131536-StateMachineUpdater: snapshotIndex: updateIncreasingly 452 -> 502
2025-04-24 14:05:02,700 [omNode-2@group-523986131536-StateMachineUpdater] INFO  impl.StateMachineUpdater (StateMachineUpdater.java:takeSnapshot(303)) - omNode-2@group-523986131536-StateMachineUpdater: Took a snapshot at index 500
2025-04-24 14:05:02,700 [omNode-1@group-523986131536-StateMachineUpdater] INFO  raftlog.RaftLog (RaftLogBase.java:purge(325)) - omNode-1@group-523986131536-SegmentedRaftLog: purge 502
2025-04-24 14:05:02,700 [omNode-2@group-523986131536-StateMachineUpdater] INFO  impl.StateMachineUpdater (StateMachineUpdater.java:lambda$new$0(102)) - omNode-2@group-523986131536-StateMachineUpdater: snapshotIndex: updateIncreasingly 450 -> 500
2025-04-24 14:05:02,700 [omNode-2@group-523986131536-StateMachineUpdater] INFO  raftlog.RaftLog (RaftLogBase.java:purge(325)) - omNode-2@group-523986131536-SegmentedRaftLog: purge 500
2025-04-24 14:05:02,700 [omNode-1@group-523986131536-StateMachineUpdater] INFO  raftlog.RaftLog (RaftLogBase.java:lambda$new$0(54)) - omNode-1@group-523986131536-SegmentedRaftLog: snapshotIndex: updateIncreasingly 452 -> 502
2025-04-24 14:05:02,700 [omNode-2@group-523986131536-StateMachineUpdater] INFO  raftlog.RaftLog (RaftLogBase.java:lambda$new$0(54)) - omNode-2@group-523986131536-SegmentedRaftLog: snapshotIndex: updateIncreasingly 450 -> 500
2025-04-24 14:05:02,700 [omNode-1@group-523986131536-StateMachineUpdater] INFO  raftlog.RaftLog (RaftLogBase.java:lambda$new$0(54)) - omNode-1@group-523986131536-SegmentedRaftLog: purgeIndex: updateToMax old=452, new=502, updated? true
2025-04-24 14:05:02,700 [omNode-2@group-523986131536-StateMachineUpdater] INFO  raftlog.RaftLog (RaftLogBase.java:lambda$new$0(54)) - omNode-2@group-523986131536-SegmentedRaftLog: purgeIndex: updateToMax old=450, new=500, updated? true
2025-04-24 14:05:02,704 [grpc-default-executor-1] WARN  server.GrpcLogAppender (GrpcLogAppender.java:lambda$resetClient$1(221)) - omNode-1@group-523986131536->omNode-3-GrpcLogAppender: Follower failed (request=null, errorCount=937); keep nextIndex (506) unchanged and retry.
2025-04-24 14:05:02,713 [grpc-default-executor-6] WARN  server.GrpcLogAppender (GrpcLogAppender.java:lambda$resetClient$1(221)) - omNode-1@group-523986131536->omNode-3-GrpcLogAppender: Follower failed (request=null, errorCount=941); keep nextIndex (508) unchanged and retry.
2025-04-24 14:05:02,716 [grpc-default-executor-3] WARN  server.GrpcLogAppender (GrpcLogAppender.java:lambda$resetClient$1(221)) - omNode-1@group-523986131536->omNode-3-GrpcLogAppender: Follower failed (request=null, errorCount=943); keep nextIndex (509) unchanged and retry.
2025-04-24 14:05:02,722 [grpc-default-executor-1] WARN  server.GrpcLogAppender (GrpcLogAppender.java:lambda$resetClient$1(221)) - omNode-1@group-523986131536->omNode-3-GrpcLogAppender: Follower failed (request=null, errorCount=945); keep nextIndex (510) unchanged and retry.
2025-04-24 14:05:02,724 [grpc-default-executor-1] WARN  server.GrpcLogAppender (GrpcLogAppender.java:lambda$resetClient$1(221)) - omNode-1@group-523986131536->omNode-3-GrpcLogAppender: Follower failed (request=null, errorCount=947); keep nextIndex (511) unchanged and retry.
2025-04-24 14:05:02,734 [grpc-default-executor-6] WARN  server.GrpcLogAppender (GrpcLogAppender.java:lambda$resetClient$1(221)) - omNode-1@group-523986131536->omNode-3-GrpcLogAppender: Follower failed (request=null, errorCount=949); keep nextIndex (512) unchanged and retry.
2025-04-24 14:05:02,758 [grpc-default-executor-1] WARN  server.GrpcLogAppender (GrpcLogAppender.java:lambda$resetClient$1(221)) - omNode-1@group-523986131536->omNode-3-GrpcLogAppender: Follower failed (request=null, errorCount=951); keep nextIndex (513) unchanged and retry.
2025-04-24 14:05:02,763 [grpc-default-executor-6] WARN  server.GrpcLogAppender (GrpcLogAppender.java:lambda$resetClient$1(221)) - omNode-1@group-523986131536->omNode-3-GrpcLogAppender: Follower failed (request=null, errorCount=953); keep nextIndex (514) unchanged and retry.
2025-04-24 14:05:02,766 [grpc-default-executor-1] WARN  server.GrpcLogAppender (GrpcLogAppender.java:lambda$resetClient$1(221)) - omNode-1@group-523986131536->omNode-3-GrpcLogAppender: Follower failed (request=null, errorCount=955); keep nextIndex (515) unchanged and retry.
2025-04-24 14:05:02,774 [grpc-default-executor-6] WARN  server.GrpcLogAppender (GrpcLogAppender.java:lambda$resetClient$1(221)) - omNode-1@group-523986131536->omNode-3-GrpcLogAppender: Follower failed (request=null, errorCount=957); keep nextIndex (516) unchanged and retry.
2025-04-24 14:05:02,776 [grpc-default-executor-1] WARN  server.GrpcLogAppender (GrpcLogAppender.java:lambda$resetClient$1(221)) - omNode-1@group-523986131536->omNode-3-GrpcLogAppender: Follower failed (request=null, errorCount=959); keep nextIndex (517) unchanged and retry.
2025-04-24 14:05:02,779 [grpc-default-executor-6] WARN  server.GrpcLogAppender (GrpcLogAppender.java:lambda$resetClient$1(221)) - omNode-1@group-523986131536->omNode-3-GrpcLogAppender: Follower failed (request=null, errorCount=961); keep nextIndex (518) unchanged and retry.
2025-04-24 14:05:02,781 [grpc-default-executor-3] WARN  server.GrpcLogAppender (GrpcLogAppender.java:lambda$resetClient$1(221)) - omNode-1@group-523986131536->omNode-3-GrpcLogAppender: Follower failed (request=null, errorCount=963); keep nextIndex (519) unchanged and retry.
2025-04-24 14:05:02,789 [grpc-default-executor-6] WARN  server.GrpcLogAppender (GrpcLogAppender.java:lambda$resetClient$1(221)) - omNode-1@group-523986131536->omNode-3-GrpcLogAppender: Follower failed (request=null, errorCount=965); keep nextIndex (520) unchanged and retry.
2025-04-24 14:05:02,791 [grpc-default-executor-6] WARN  server.GrpcLogAppender (GrpcLogAppender.java:lambda$resetClient$1(221)) - omNode-1@group-523986131536->omNode-3-GrpcLogAppender: Follower failed (request=null, errorCount=967); keep nextIndex (521) unchanged and retry.
2025-04-24 14:05:02,795 [grpc-default-executor-6] WARN  server.GrpcLogAppender (GrpcLogAppender.java:lambda$resetClient$1(221)) - omNode-1@group-523986131536->omNode-3-GrpcLogAppender: Follower failed (request=null, errorCount=969); keep nextIndex (522) unchanged and retry.
2025-04-24 14:05:02,797 [grpc-default-executor-1] WARN  server.GrpcLogAppender (GrpcLogAppender.java:lambda$resetClient$1(221)) - omNode-1@group-523986131536->omNode-3-GrpcLogAppender: Follower failed (request=null, errorCount=971); keep nextIndex (523) unchanged and retry.
2025-04-24 14:05:02,803 [grpc-default-executor-6] WARN  server.GrpcLogAppender (GrpcLogAppender.java:lambda$resetClient$1(221)) - omNode-1@group-523986131536->omNode-3-GrpcLogAppender: Follower failed (request=null, errorCount=973); keep nextIndex (524) unchanged and retry.
2025-04-24 14:05:02,806 [grpc-default-executor-6] WARN  server.GrpcLogAppender (GrpcLogAppender.java:lambda$resetClient$1(221)) - omNode-1@group-523986131536->omNode-3-GrpcLogAppender: Follower failed (request=null, errorCount=975); keep nextIndex (525) unchanged and retry.
2025-04-24 14:05:02,810 [grpc-default-executor-6] WARN  server.GrpcLogAppender (GrpcLogAppender.java:lambda$resetClient$1(221)) - omNode-1@group-523986131536->omNode-3-GrpcLogAppender: Follower failed (request=null, errorCount=977); keep nextIndex (526) unchanged and retry.
2025-04-24 14:05:02,811 [grpc-default-executor-3] WARN  server.GrpcLogAppender (GrpcLogAppender.java:lambda$resetClient$1(221)) - omNode-1@group-523986131536->omNode-3-GrpcLogAppender: Follower failed (request=null, errorCount=979); keep nextIndex (527) unchanged and retry.
2025-04-24 14:05:02,821 [grpc-default-executor-6] WARN  server.GrpcLogAppender (GrpcLogAppender.java:lambda$resetClient$1(221)) - omNode-1@group-523986131536->omNode-3-GrpcLogAppender: Follower failed (request=null, errorCount=981); keep nextIndex (528) unchanged and retry.
2025-04-24 14:05:02,824 [grpc-default-executor-3] WARN  server.GrpcLogAppender (GrpcLogAppender.java:lambda$resetClient$1(221)) - omNode-1@group-523986131536->omNode-3-GrpcLogAppender: Follower failed (request=null, errorCount=983); keep nextIndex (529) unchanged and retry.
2025-04-24 14:05:02,829 [grpc-default-executor-6] WARN  server.GrpcLogAppender (GrpcLogAppender.java:lambda$resetClient$1(221)) - omNode-1@group-523986131536->omNode-3-GrpcLogAppender: Follower failed (request=null, errorCount=985); keep nextIndex (530) unchanged and retry.
2025-04-24 14:05:02,831 [grpc-default-executor-3] WARN  server.GrpcLogAppender (GrpcLogAppender.java:lambda$resetClient$1(221)) - omNode-1@group-523986131536->omNode-3-GrpcLogAppender: Follower failed (request=null, errorCount=987); keep nextIndex (531) unchanged and retry.
2025-04-24 14:05:02,841 [grpc-default-executor-3] WARN  server.GrpcLogAppender (GrpcLogAppender.java:lambda$resetClient$1(221)) - omNode-1@group-523986131536->omNode-3-GrpcLogAppender: Follower failed (request=null, errorCount=989); keep nextIndex (532) unchanged and retry.
2025-04-24 14:05:02,843 [grpc-default-executor-1] WARN  server.GrpcLogAppender (GrpcLogAppender.java:lambda$resetClient$1(221)) - omNode-1@group-523986131536->omNode-3-GrpcLogAppender: Follower failed (request=null, errorCount=991); keep nextIndex (533) unchanged and retry.
2025-04-24 14:05:02,846 [grpc-default-executor-3] WARN  server.GrpcLogAppender (GrpcLogAppender.java:lambda$resetClient$1(221)) - omNode-1@group-523986131536->omNode-3-GrpcLogAppender: Follower failed (request=null, errorCount=993); keep nextIndex (534) unchanged and retry.
2025-04-24 14:05:02,848 [grpc-default-executor-6] WARN  server.GrpcLogAppender (GrpcLogAppender.java:lambda$resetClient$1(221)) - omNode-1@group-523986131536->omNode-3-GrpcLogAppender: Follower failed (request=null, errorCount=995); keep nextIndex (535) unchanged and retry.
2025-04-24 14:05:02,855 [grpc-default-executor-1] WARN  server.GrpcLogAppender (GrpcLogAppender.java:lambda$resetClient$1(221)) - omNode-1@group-523986131536->omNode-3-GrpcLogAppender: Follower failed (request=null, errorCount=997); keep nextIndex (536) unchanged and retry.
2025-04-24 14:05:02,857 [grpc-default-executor-1] WARN  server.GrpcLogAppender (GrpcLogAppender.java:lambda$resetClient$1(221)) - omNode-1@group-523986131536->omNode-3-GrpcLogAppender: Follower failed (request=null, errorCount=999); keep nextIndex (537) unchanged and retry.
2025-04-24 14:05:02,861 [grpc-default-executor-1] WARN  server.GrpcLogAppender (GrpcLogAppender.java:lambda$resetClient$1(221)) - omNode-1@group-523986131536->omNode-3-GrpcLogAppender: Follower failed (request=null, errorCount=1001); keep nextIndex (538) unchanged and retry.
2025-04-24 14:05:02,862 [grpc-default-executor-3] WARN  server.GrpcLogAppender (GrpcLogAppender.java:lambda$resetClient$1(221)) - omNode-1@group-523986131536->omNode-3-GrpcLogAppender: Follower failed (request=null, errorCount=1003); keep nextIndex (539) unchanged and retry.
2025-04-24 14:05:02,871 [grpc-default-executor-3] WARN  server.GrpcLogAppender (GrpcLogAppender.java:lambda$resetClient$1(221)) - omNode-1@group-523986131536->omNode-3-GrpcLogAppender: Follower failed (request=null, errorCount=1005); keep nextIndex (540) unchanged and retry.
2025-04-24 14:05:02,872 [grpc-default-executor-1] WARN  server.GrpcLogAppender (GrpcLogAppender.java:lambda$resetClient$1(221)) - omNode-1@group-523986131536->omNode-3-GrpcLogAppender: Follower failed (request=null, errorCount=1007); keep nextIndex (541) unchanged and retry.
2025-04-24 14:05:02,880 [grpc-default-executor-3] WARN  server.GrpcLogAppender (GrpcLogAppender.java:lambda$resetClient$1(221)) - omNode-1@group-523986131536->omNode-3-GrpcLogAppender: Follower failed (request=null, errorCount=1009); keep nextIndex (542) unchanged and retry.
2025-04-24 14:05:02,883 [grpc-default-executor-1] WARN  server.GrpcLogAppender (GrpcLogAppender.java:lambda$resetClient$1(221)) - omNode-1@group-523986131536->omNode-3-GrpcLogAppender: Follower failed (request=null, errorCount=1011); keep nextIndex (543) unchanged and retry.
2025-04-24 14:05:02,890 [grpc-default-executor-1] WARN  server.GrpcLogAppender (GrpcLogAppender.java:lambda$resetClient$1(221)) - omNode-1@group-523986131536->omNode-3-GrpcLogAppender: Follower failed (request=null, errorCount=1013); keep nextIndex (544) unchanged and retry.
2025-04-24 14:05:02,891 [grpc-default-executor-1] WARN  server.GrpcLogAppender (GrpcLogAppender.java:lambda$resetClient$1(221)) - omNode-1@group-523986131536->omNode-3-GrpcLogAppender: Follower failed (request=null, errorCount=1015); keep nextIndex (545) unchanged and retry.
2025-04-24 14:05:02,896 [main] INFO  om.OzoneManager (OzoneManager.java:restart(1878)) - OzoneManager RPC server is listening at localhost/127.0.0.1:15056
2025-04-24 14:05:02,896 [main] INFO  impl.MetricsSystemImpl (MetricsSystemImpl.java:init(158)) - OzoneManager metrics system started (again)
2025-04-24 14:05:02,907 [main] WARN  server.ServerUtils (ServerUtils.java:getDBPath(297)) - ozone.om.db.dirs is not configured. We recommend adding this setting. Falling back to ozone.metadata.dirs instead.
2025-04-24 14:05:02,951 [main] INFO  om.OzoneManager (OzoneManager.java:instantiateServices(933)) - S3 Multi-Tenancy is disabled
2025-04-24 14:05:02,951 [main] INFO  om.OmSnapshotManager (OmSnapshotManager.java:<init>(180)) - Ozone filesystem snapshot feature is enabled.
2025-04-24 14:05:02,952 [main] WARN  server.ServerUtils (ServerUtils.java:getDBPath(297)) - ozone.om.snapshot.diff.db.dir is not configured. We recommend adding this setting. Falling back to ozone.metadata.dirs instead.
2025-04-24 14:05:02,966 [main] WARN  server.ServerUtils (ServerUtils.java:getDefaultRatisDirectory(309)) - Storage directory for Ratis is not configured. It is a good idea to map this to an SSD disk. Falling back to ozone.metadata.dirs
2025-04-24 14:05:02,967 [main] INFO  server.RaftServerConfigKeys (ConfUtils.java:logGet(46)) - raft.server.log.appender.buffer.byte-limit = 4194304 (custom)
2025-04-24 14:05:02,967 [main] INFO  ratis.OzoneManagerRatisServer (OzoneManagerRatisServer.java:<init>(167)) - Instantiating OM Ratis server with groupID: om-service-test1 and peers: localhost:15059, localhost:15051, localhost:15055
2025-04-24 14:05:02,968 [main] INFO  ratis.OzoneManagerStateMachine (OzoneManagerStateMachine.java:loadSnapshotInfoFromDB(611)) - LastAppliedIndex is set from TransactionInfo from OM DB as (t:1, i:43)
2025-04-24 14:05:02,968 [main] INFO  server.RaftServer (ConfUtils.java:logGet(46)) - raft.rpc.type = GRPC (default)
2025-04-24 14:05:02,968 [main] INFO  grpc.GrpcConfigKeys (ConfUtils.java:logFallback(53)) - raft.grpc.admin.host = null (fallback to raft.grpc.server.host)
2025-04-24 14:05:02,968 [main] INFO  grpc.GrpcConfigKeys (ConfUtils.java:logFallback(53)) - raft.grpc.admin.port = 15059 (fallback to raft.grpc.server.port)
2025-04-24 14:05:02,969 [main] INFO  grpc.GrpcConfigKeys (ConfUtils.java:logFallback(53)) - raft.grpc.client.host = null (fallback to raft.grpc.server.host)
2025-04-24 14:05:02,969 [main] INFO  grpc.GrpcConfigKeys (ConfUtils.java:logFallback(53)) - raft.grpc.client.port = 15059 (fallback to raft.grpc.server.port)
2025-04-24 14:05:02,969 [main] INFO  grpc.GrpcConfigKeys (ConfUtils.java:logGet(46)) - raft.grpc.server.host = null (default)
2025-04-24 14:05:02,969 [main] INFO  grpc.GrpcConfigKeys (ConfUtils.java:logGet(46)) - raft.grpc.server.port = 15059 (custom)
2025-04-24 14:05:02,969 [main] INFO  server.GrpcService (ConfUtils.java:logGet(46)) - raft.grpc.message.size.max = 5242880 (custom)
2025-04-24 14:05:02,969 [main] INFO  server.GrpcService (ConfUtils.java:logGet(46)) - raft.grpc.flow.control.window = 1MB (=1048576) (default)
2025-04-24 14:05:02,969 [main] INFO  server.RaftServerConfigKeys (ConfUtils.java:logGet(46)) - raft.server.rpc.request.timeout = 3000ms (default)
2025-04-24 14:05:02,969 [main] INFO  grpc.GrpcConfigKeys (ConfUtils.java:logGet(46)) - raft.grpc.server.heartbeat.channel = true (default)
2025-04-24 14:05:02,969 [main] INFO  server.RaftServerConfigKeys (ConfUtils.java:logGet(46)) - raft.server.log.appender.buffer.byte-limit = 4194304 (custom)
2025-04-24 14:05:02,969 [main] INFO  grpc.GrpcConfigKeys (ConfUtils.java:logGet(46)) - raft.grpc.server.async.request.thread.pool.cached = true (default)
2025-04-24 14:05:02,969 [main] INFO  grpc.GrpcConfigKeys (ConfUtils.java:logGet(46)) - raft.grpc.server.async.request.thread.pool.size = 32 (default)
2025-04-24 14:05:02,970 [main] INFO  impl.DataStreamServerImpl (ConfUtils.java:logGet(46)) - raft.datastream.type = DISABLED (default)
2025-04-24 14:05:02,970 [main] INFO  server.RaftServerConfigKeys (ConfUtils.java:logGet(46)) - raft.server.sleep.deviation.threshold = 300ms (default)
2025-04-24 14:05:02,970 [main] INFO  server.RaftServerConfigKeys (ConfUtils.java:logGet(46)) - raft.server.close.threshold = 60s (default)
2025-04-24 14:05:02,970 [main] INFO  server.RaftServerConfigKeys (ConfUtils.java:logGet(46)) - raft.server.leaderelection.leader.step-down.wait-time = 10s (default)
2025-04-24 14:05:02,970 [main] INFO  server.RaftServerConfigKeys (ConfUtils.java:logGet(46)) - raft.server.storage.dir = [/home/runner/work/ozone/ozone/hadoop-ozone/integration-test/target/test-dir/MiniOzoneClusterImpl-9c5b6909-9e9c-47e3-ad7a-324826695869/omNode-3/ratis] (custom)
2025-04-24 14:05:02,970 [main] INFO  server.RaftServerConfigKeys (ConfUtils.java:logGet(46)) - raft.server.threadpool.proxy.cached = true (default)
2025-04-24 14:05:02,970 [main] INFO  server.RaftServerConfigKeys (ConfUtils.java:logGet(46)) - raft.server.threadpool.proxy.size = 0 (default)
2025-04-24 14:05:02,971 [omNode-3-impl-thread1] INFO  server.RaftServer (RaftServerProxy.java:initGroupDir(265)) - omNode-3: found a subdirectory /home/runner/work/ozone/ozone/hadoop-ozone/integration-test/target/test-dir/MiniOzoneClusterImpl-9c5b6909-9e9c-47e3-ad7a-324826695869/omNode-3/ratis/c9bc4cf4-3bc3-3c60-a66b-523986131536
2025-04-24 14:05:02,971 [main] INFO  server.RaftServer (RaftServerProxy.java:addNew(100)) - omNode-3: addNew group-523986131536:[omNode-3|localhost:15059, omNode-1|localhost:15051, omNode-2|localhost:15055] returns group-523986131536:java.util.concurrent.CompletableFuture@275324d7[Not completed]
2025-04-24 14:05:02,971 [omNode-3-groupManagement] INFO  server.RaftServer$Division (RaftServerImpl.java:<init>(255)) - omNode-3: new RaftServerImpl for group-523986131536:[omNode-3|localhost:15059, omNode-1|localhost:15051, omNode-2|localhost:15055] with OzoneManagerStateMachine:uninitialized
2025-04-24 14:05:02,971 [main] INFO  om.OzoneManager (OzoneManager.java:initializeRatisServer(2303)) - OzoneManager Ratis server initialized at port 15059
2025-04-24 14:05:02,971 [main] INFO  ratis.OzoneManagerRatisServer (OzoneManagerRatisServer.java:start(628)) - Starting OzoneManagerRatisServer omNode-3 at port 15059
2025-04-24 14:05:02,971 [omNode-3-groupManagement] INFO  server.RaftServerConfigKeys (ConfUtils.java:logGet(46)) - raft.server.rpc.timeout.min = 1s (custom)
2025-04-24 14:05:02,971 [omNode-3-groupManagement] INFO  server.RaftServerConfigKeys (ConfUtils.java:logGet(46)) - raft.server.rpc.timeout.max = 1200ms (custom)
2025-04-24 14:05:02,971 [omNode-3-groupManagement] INFO  server.RaftServerConfigKeys (ConfUtils.java:logGet(46)) - raft.server.rpc.sleep.time = 25ms (default)
2025-04-24 14:05:02,971 [omNode-3-groupManagement] INFO  server.RaftServerConfigKeys (ConfUtils.java:logGet(46)) - raft.server.rpc.slowness.timeout = 2s (custom)
2025-04-24 14:05:02,971 [omNode-3-groupManagement] INFO  server.RaftServerConfigKeys (ConfUtils.java:logGet(46)) - raft.server.leaderelection.leader.step-down.wait-time = 10s (default)
2025-04-24 14:05:02,971 [omNode-3-groupManagement] INFO  server.RaftServerConfigKeys (ConfUtils.java:logGet(46)) - raft.server.leaderelection.member.majority-add = false (default)
2025-04-24 14:05:02,971 [omNode-3-groupManagement] INFO  server.RaftServerConfigKeys (ConfUtils.java:logGet(46)) - raft.server.sleep.deviation.threshold = 300ms (default)
2025-04-24 14:05:02,971 [omNode-3-groupManagement] INFO  server.RaftServer$Division (ServerState.java:<init>(114)) - omNode-3@group-523986131536: ConfigurationManager, init=conf: {index: -1, cur=peers:[omNode-3|localhost:15059, omNode-1|localhost:15051, omNode-2|localhost:15055]|listeners:[], old=null}, confs=<EMPTY_MAP>
2025-04-24 14:05:02,971 [omNode-3-groupManagement] INFO  server.RaftServerConfigKeys (ConfUtils.java:logGet(46)) - raft.server.notification.no-leader.timeout = 2s (custom)
2025-04-24 14:05:02,971 [omNode-3-groupManagement] INFO  server.RaftServerConfigKeys (ConfUtils.java:logGet(46)) - raft.server.read.timeout = 10s (default)
2025-04-24 14:05:02,971 [omNode-3-groupManagement] INFO  server.RaftServerConfigKeys (ConfUtils.java:logGet(46)) - raft.server.retrycache.expirytime = 30000ms (custom)
2025-04-24 14:05:02,971 [omNode-3-groupManagement] INFO  server.RaftServerConfigKeys (ConfUtils.java:logGet(46)) - raft.server.retrycache.statistics.expirytime = 100ms (default)
2025-04-24 14:05:02,971 [omNode-3-groupManagement] INFO  server.RaftServerConfigKeys (ConfUtils.java:logGet(46)) - raft.server.read.option = DEFAULT (default)
2025-04-24 14:05:02,972 [omNode-3-groupManagement] INFO  server.RaftServerConfigKeys (ConfUtils.java:logGet(46)) - raft.server.read.read-after-write-consistent.write-index-cache.expiry-time = 60s (default)
2025-04-24 14:05:02,973 [omNode-3-groupManagement] INFO  server.RaftServerConfigKeys (ConfUtils.java:logGet(46)) - raft.server.rpc.request.timeout = 3000ms (default)
2025-04-24 14:05:02,973 [omNode-3-groupManagement] INFO  server.RaftServerConfigKeys (ConfUtils.java:logGet(46)) - raft.server.log.appender.install.snapshot.enabled = false (custom)
2025-04-24 14:05:02,973 [omNode-3-groupManagement] INFO  server.RaftServerConfigKeys (ConfUtils.java:logGet(46)) - raft.server.threadpool.server.cached = true (default)
2025-04-24 14:05:02,973 [omNode-3-groupManagement] INFO  server.RaftServerConfigKeys (ConfUtils.java:logGet(46)) - raft.server.threadpool.server.size = 0 (default)
2025-04-24 14:05:02,973 [omNode-3-groupManagement] INFO  server.RaftServerConfigKeys (ConfUtils.java:logGet(46)) - raft.server.threadpool.client.cached = true (default)
2025-04-24 14:05:02,973 [omNode-3-groupManagement] INFO  server.RaftServerConfigKeys (ConfUtils.java:logGet(46)) - raft.server.threadpool.client.size = 0 (default)
2025-04-24 14:05:02,973 [omNode-3-impl-thread1] INFO  server.RaftServerConfigKeys (ConfUtils.java:logGet(46)) - raft.server.storage.free-space.min = 0MB (=0) (default)
2025-04-24 14:05:02,973 [omNode-3-impl-thread1] INFO  server.RaftServerConfigKeys (ConfUtils.java:logGet(46)) - raft.server.log.corruption.policy = EXCEPTION (default)
2025-04-24 14:05:02,973 [omNode-3-impl-thread1] INFO  server.RaftServerConfigKeys (ConfUtils.java:logGet(46)) - raft.server.storage.dir = [/home/runner/work/ozone/ozone/hadoop-ozone/integration-test/target/test-dir/MiniOzoneClusterImpl-9c5b6909-9e9c-47e3-ad7a-324826695869/omNode-3/ratis] (custom)
2025-04-24 14:05:02,974 [omNode-3-impl-thread1] INFO  storage.RaftStorageDirectory (RaftStorageDirectoryImpl.java:tryLock(229)) - Lock on /home/runner/work/ozone/ozone/hadoop-ozone/integration-test/target/test-dir/MiniOzoneClusterImpl-9c5b6909-9e9c-47e3-ad7a-324826695869/omNode-3/ratis/c9bc4cf4-3bc3-3c60-a66b-523986131536/in_use.lock acquired by nodename 129728@fv-az2210-761
2025-04-24 14:05:02,974 [omNode-3-impl-thread1] INFO  storage.RaftStorage (RaftStorageImpl.java:analyzeAndRecoverStorage(118)) - Read RaftStorageMetadata{term=1, votedFor=} from /home/runner/work/ozone/ozone/hadoop-ozone/integration-test/target/test-dir/MiniOzoneClusterImpl-9c5b6909-9e9c-47e3-ad7a-324826695869/omNode-3/ratis/c9bc4cf4-3bc3-3c60-a66b-523986131536/current/raft-meta
2025-04-24 14:05:02,975 [omNode-3-impl-thread1] INFO  server.RaftServer$Division (ServerState.java:setRaftConf(386)) - omNode-3@group-523986131536: set configuration conf: {index: 0, cur=peers:[omNode-3|localhost:15059, omNode-1|localhost:15051, omNode-2|localhost:15055]|listeners:[], old=null}
2025-04-24 14:05:02,975 [omNode-3-impl-thread1] INFO  ratis.OzoneManagerStateMachine (OzoneManagerStateMachine.java:lambda$0(138)) - omNode-3: initialize group-523986131536 with (t:1, i:43)
2025-04-24 14:05:02,975 [omNode-3-impl-thread1] INFO  server.RaftServerConfigKeys (ConfUtils.java:logGet(46)) - raft.server.log.use.memory = false (default)
2025-04-24 14:05:02,975 [omNode-3-impl-thread1] INFO  server.RaftServerConfigKeys (ConfUtils.java:logGet(46)) - raft.server.log.purge.gap = 50 (custom)
2025-04-24 14:05:02,975 [omNode-3-impl-thread1] INFO  server.RaftServerConfigKeys (ConfUtils.java:logGet(46)) - raft.server.log.appender.buffer.byte-limit = 4194304 (custom)
2025-04-24 14:05:02,975 [omNode-3-impl-thread1] INFO  server.RaftServerConfigKeys (ConfUtils.java:logGet(46)) - raft.server.log.statemachine.data.read.timeout = 1000ms (default)
2025-04-24 14:05:02,975 [omNode-3-impl-thread1] INFO  server.RaftServerConfigKeys (ConfUtils.java:logGet(46)) - raft.server.log.purge.preservation.log.num = 0 (default)
2025-04-24 14:05:02,975 [omNode-3-impl-thread1] INFO  server.RaftServerConfigKeys (ConfUtils.java:logGet(46)) - raft.server.log.segment.size.max = 4194304 (custom)
2025-04-24 14:05:02,976 [omNode-3-impl-thread1] INFO  server.RaftServerConfigKeys (ConfUtils.java:logGet(46)) - raft.server.log.segment.cache.num.max = 2 (custom)
2025-04-24 14:05:02,976 [omNode-3-impl-thread1] INFO  server.RaftServerConfigKeys (ConfUtils.java:logGet(46)) - raft.server.log.segment.cache.size.max = 200MB (=209715200) (default)
2025-04-24 14:05:02,976 [omNode-3-impl-thread1] INFO  server.RaftServerConfigKeys (ConfUtils.java:logGet(46)) - raft.server.log.appender.buffer.byte-limit = 4194304 (custom)
2025-04-24 14:05:02,976 [omNode-3-impl-thread1] INFO  util.AwaitToRun (AwaitToRun.java:start(81)) - Thread[#10556,omNode-3@group-523986131536-cacheEviction-AwaitToRun,5,main] started
2025-04-24 14:05:02,976 [omNode-3-impl-thread1] INFO  segmented.SegmentedRaftLogWorker (SegmentedRaftLogWorker.java:<init>(188)) - new omNode-3@group-523986131536-SegmentedRaftLogWorker for RaftStorageImpl:Storage Directory /home/runner/work/ozone/ozone/hadoop-ozone/integration-test/target/test-dir/MiniOzoneClusterImpl-9c5b6909-9e9c-47e3-ad7a-324826695869/omNode-3/ratis/c9bc4cf4-3bc3-3c60-a66b-523986131536
2025-04-24 14:05:02,976 [omNode-3-impl-thread1] INFO  server.RaftServerConfigKeys (ConfUtils.java:logGet(46)) - raft.server.log.queue.byte-limit = 64MB (=67108864) (default)
2025-04-24 14:05:02,976 [omNode-3-impl-thread1] INFO  server.RaftServerConfigKeys (ConfUtils.java:logGet(46)) - raft.server.log.queue.element-limit = 4096 (default)
2025-04-24 14:05:02,976 [omNode-3-impl-thread1] INFO  server.RaftServerConfigKeys (ConfUtils.java:logGet(46)) - raft.server.log.segment.size.max = 4194304 (custom)
2025-04-24 14:05:02,976 [omNode-3-impl-thread1] INFO  server.RaftServerConfigKeys (ConfUtils.java:logGet(46)) - raft.server.log.preallocated.size = 4194304 (custom)
2025-04-24 14:05:02,976 [omNode-3-impl-thread1] INFO  server.RaftServerConfigKeys (ConfUtils.java:logGet(46)) - raft.server.log.force.sync.num = 128 (default)
2025-04-24 14:05:02,976 [omNode-3-impl-thread1] INFO  server.RaftServerConfigKeys (ConfUtils.java:logGet(46)) - raft.server.log.statemachine.data.sync = true (default)
2025-04-24 14:05:02,976 [omNode-3-impl-thread1] INFO  server.RaftServerConfigKeys (ConfUtils.java:logGet(46)) - raft.server.log.statemachine.data.sync.timeout = 10s (default)
2025-04-24 14:05:02,976 [omNode-3-impl-thread1] INFO  server.RaftServerConfigKeys (ConfUtils.java:logGet(46)) - raft.server.log.statemachine.data.sync.timeout.retry = -1 (default)
2025-04-24 14:05:02,976 [omNode-3-impl-thread1] INFO  server.RaftServerConfigKeys (ConfUtils.java:logGet(46)) - raft.server.log.write.buffer.size = 4194312 (custom)
2025-04-24 14:05:02,978 [omNode-3-impl-thread1] INFO  server.RaftServerConfigKeys (ConfUtils.java:logGet(46)) - raft.server.log.appender.buffer.byte-limit = 4194304 (custom)
2025-04-24 14:05:02,978 [omNode-3-impl-thread1] INFO  server.RaftServerConfigKeys (ConfUtils.java:logGet(46)) - raft.server.log.unsafe-flush.enabled = false (default)
2025-04-24 14:05:02,978 [omNode-3-impl-thread1] INFO  server.RaftServerConfigKeys (ConfUtils.java:logGet(46)) - raft.server.log.async-flush.enabled = false (default)
2025-04-24 14:05:02,978 [omNode-3-impl-thread1] INFO  server.RaftServerConfigKeys (ConfUtils.java:logGet(46)) - raft.server.log.statemachine.data.caching.enabled = false (default)
2025-04-24 14:05:02,978 [omNode-3-impl-thread1] INFO  server.RaftServer$Division (ServerState.java:setRaftConf(386)) - omNode-3@group-523986131536: set configuration conf: {index: 0, cur=peers:[omNode-3|localhost:15059, omNode-1|localhost:15051, omNode-2|localhost:15055]|listeners:[], old=null}
2025-04-24 14:05:02,978 [omNode-3-impl-thread1] INFO  segmented.LogSegment (LogSegment.java:loadSegment(171)) - Successfully read 45 entries from segment file /home/runner/work/ozone/ozone/hadoop-ozone/integration-test/target/test-dir/MiniOzoneClusterImpl-9c5b6909-9e9c-47e3-ad7a-324826695869/omNode-3/ratis/c9bc4cf4-3bc3-3c60-a66b-523986131536/current/log_inprogress_0
2025-04-24 14:05:02,978 [omNode-3-impl-thread1] INFO  segmented.SegmentedRaftLogWorker (SegmentedRaftLogWorker.java:lambda$new$0(139)) - omNode-3@group-523986131536-SegmentedRaftLogWorker: flushIndex: setUnconditionally 0 -> 44
2025-04-24 14:05:02,979 [omNode-3-impl-thread1] INFO  segmented.SegmentedRaftLogWorker (SegmentedRaftLogWorker.java:lambda$new$0(139)) - omNode-3@group-523986131536-SegmentedRaftLogWorker: safeCacheEvictIndex: setUnconditionally 0 -> -1
2025-04-24 14:05:02,979 [omNode-3-impl-thread1] INFO  segmented.BufferedWriteChannel (BufferedWriteChannel.java:open(61)) - open log_inprogress_0 (append) at position 12784
2025-04-24 14:05:02,979 [omNode-3-impl-thread1] INFO  server.RaftServer$Division (RaftServerImpl.java:start(391)) - omNode-3@group-523986131536: start as a follower, conf=conf: {index: 0, cur=peers:[omNode-3|localhost:15059, omNode-1|localhost:15051, omNode-2|localhost:15055]|listeners:[], old=null}
2025-04-24 14:05:02,979 [omNode-3-impl-thread1] INFO  server.RaftServer$Division (RaftServerImpl.java:setRole(378)) - omNode-3@group-523986131536: changes role from      null to FOLLOWER at term 1 for startAsFollower
2025-04-24 14:05:02,979 [omNode-3-impl-thread1] INFO  impl.RoleInfo (RoleInfo.java:updateAndGet(148)) - omNode-3: start omNode-3@group-523986131536-FollowerState
2025-04-24 14:05:02,979 [omNode-3@group-523986131536-FollowerState] INFO  server.RaftServerConfigKeys (ConfUtils.java:logFallback(53)) - raft.server.rpc.first-election.timeout.min = 1s (fallback to raft.server.rpc.timeout.min)
2025-04-24 14:05:02,979 [omNode-3@group-523986131536-FollowerState] INFO  server.RaftServerConfigKeys (ConfUtils.java:logFallback(53)) - raft.server.rpc.first-election.timeout.max = 1200ms (fallback to raft.server.rpc.timeout.max)
2025-04-24 14:05:02,979 [omNode-3-impl-thread1] INFO  util.JmxRegister (JmxRegister.java:tryRegister(44)) - Successfully registered JMX Bean with object name Ratis:service=RaftServer,group=group-523986131536,id=omNode-3
2025-04-24 14:05:02,979 [omNode-3-impl-thread1] INFO  util.JmxRegister (JmxRegister.java:register(58)) - register mxBean class org.apache.ratis.server.impl.RaftServerJmxAdapter as Ratis:service=RaftServer,group=group-523986131536,id=omNode-3
2025-04-24 14:05:02,979 [omNode-3-impl-thread1] INFO  server.RaftServerConfigKeys (ConfUtils.java:logGet(46)) - raft.server.snapshot.trigger-when-stop.enabled = true (default)
2025-04-24 14:05:02,980 [omNode-3-impl-thread1] INFO  server.RaftServerConfigKeys (ConfUtils.java:logGet(46)) - raft.server.snapshot.trigger-when-remove.enabled = true (default)
2025-04-24 14:05:02,980 [omNode-3-impl-thread1] INFO  server.RaftServerConfigKeys (ConfUtils.java:logGet(46)) - raft.server.snapshot.auto.trigger.enabled = true (custom)
2025-04-24 14:05:02,980 [omNode-3-impl-thread1] INFO  server.RaftServerConfigKeys (ConfUtils.java:logGet(46)) - raft.server.snapshot.auto.trigger.threshold = 50 (custom)
2025-04-24 14:05:02,980 [omNode-3-impl-thread1] INFO  server.RaftServerConfigKeys (ConfUtils.java:logGet(46)) - raft.server.snapshot.retention.file.num = -1 (default)
2025-04-24 14:05:02,980 [omNode-3-impl-thread1] INFO  server.RaftServerConfigKeys (ConfUtils.java:logGet(46)) - raft.server.log.purge.upto.snapshot.index = true (custom)
2025-04-24 14:05:02,980 [omNode-3-impl-thread1] INFO  server.RaftServer$Division (RaftServerImpl.java:start(405)) - omNode-3@group-523986131536: Successfully started.
2025-04-24 14:05:02,980 [main] INFO  server.RaftServer (RaftServerProxy.java:startImpl(407)) - omNode-3: start RPC server
2025-04-24 14:05:02,981 [main] INFO  server.GrpcService (GrpcService.java:startImpl(334)) - omNode-3: GrpcService started, listening on 15059
2025-04-24 14:05:02,981 [main] INFO  om.OzoneManager (OzoneManager.java:getRpcServer(1360)) - Creating RPC Server
2025-04-24 14:05:02,981 [JvmPauseMonitor49] INFO  util.JvmPauseMonitor (JvmPauseMonitor.java:run(146)) - JvmPauseMonitor-omNode-3: Started
2025-04-24 14:05:03,313 [main] INFO  reflections.Reflections (Reflections.java:scan(219)) - Reflections took 332 ms to scan 22 urls, producing 61 keys and 7423 values
2025-04-24 14:05:03,314 [main] INFO  ipc.CallQueueManager (CallQueueManager.java:<init>(93)) - Using callQueue: class java.util.concurrent.LinkedBlockingQueue, queueCapacity: 2000, scheduler: class org.apache.hadoop.ipc.DefaultRpcScheduler, ipcBackoff: false, ipcFailOver: false.
2025-04-24 14:05:03,314 [main] INFO  ipc.Server (Server.java:<init>(1438)) - Listener at localhost:15056
2025-04-24 14:05:03,315 [Socket Reader #1 for port 15056] INFO  ipc.Server (Server.java:run(1474)) - Starting Socket Reader #1 for port 15056
2025-04-24 14:05:03,315 [Socket Reader #2 for port 15056] INFO  ipc.Server (Server.java:run(1474)) - Starting Socket Reader #2 for port 15056
2025-04-24 14:05:03,315 [Socket Reader #3 for port 15056] INFO  ipc.Server (Server.java:run(1474)) - Starting Socket Reader #3 for port 15056
2025-04-24 14:05:03,315 [Socket Reader #4 for port 15056] INFO  ipc.Server (Server.java:run(1474)) - Starting Socket Reader #4 for port 15056
2025-04-24 14:05:03,315 [Socket Reader #5 for port 15056] INFO  ipc.Server (Server.java:run(1474)) - Starting Socket Reader #5 for port 15056
2025-04-24 14:05:03,316 [Socket Reader #6 for port 15056] INFO  ipc.Server (Server.java:run(1474)) - Starting Socket Reader #6 for port 15056
2025-04-24 14:05:03,316 [Socket Reader #7 for port 15056] INFO  ipc.Server (Server.java:run(1474)) - Starting Socket Reader #7 for port 15056
2025-04-24 14:05:03,316 [Socket Reader #8 for port 15056] INFO  ipc.Server (Server.java:run(1474)) - Starting Socket Reader #8 for port 15056
2025-04-24 14:05:03,316 [Socket Reader #9 for port 15056] INFO  ipc.Server (Server.java:run(1474)) - Starting Socket Reader #9 for port 15056
2025-04-24 14:05:03,316 [Socket Reader #10 for port 15056] INFO  ipc.Server (Server.java:run(1474)) - Starting Socket Reader #10 for port 15056
2025-04-24 14:05:03,318 [main] INFO  http.BaseHttpServer (BaseHttpServer.java:newHttpServer2BuilderForOzone(229)) - Starting Web-server for ozoneManager at: http://0.0.0.0:15057
2025-04-24 14:05:03,318 [main] INFO  http.BaseHttpServer (BaseHttpServer.java:<init>(107)) - Hadoop Security Enabled: false Ozone Security Enabled: false Ozone HTTP Security Enabled: false 
2025-04-24 14:05:03,319 [main] WARN  server.AuthenticationFilter (AuthenticationFilter.java:constructSecretProvider(240)) - Unable to initialize FileSignerSecretProvider, falling back to use random secrets. Reason: Could not read signature secret file: /home/runner/hadoop-http-auth-signature-secret
2025-04-24 14:05:03,321 [main] INFO  http.HttpServer2 (HttpServer2.java:addGlobalFilter(1041)) - Added global filter 'safety' (class=org.apache.hadoop.hdds.server.http.HttpServer2$QuotingInputFilter)
2025-04-24 14:05:03,322 [main] INFO  http.HttpServer2 (HttpServer2.java:addFilter(1017)) - Added filter static_user_filter (class=org.apache.hadoop.http.lib.StaticUserWebFilter$StaticUserFilter) to context ozoneManager
2025-04-24 14:05:03,322 [main] INFO  http.HttpServer2 (HttpServer2.java:addFilter(1025)) - Added filter static_user_filter (class=org.apache.hadoop.http.lib.StaticUserWebFilter$StaticUserFilter) to context static
2025-04-24 14:05:03,322 [main] INFO  http.HttpServer2 (HttpServer2.java:addFilter(1025)) - Added filter static_user_filter (class=org.apache.hadoop.http.lib.StaticUserWebFilter$StaticUserFilter) to context logs
2025-04-24 14:05:03,322 [main] INFO  http.BaseHttpServer (BaseHttpServer.java:<init>(195)) - HTTP server of ozoneManager uses base directory /home/runner/work/ozone/ozone/hadoop-ozone/integration-test/target/test-dir/MiniOzoneClusterImpl-9c5b6909-9e9c-47e3-ad7a-324826695869/omNode-3/webserver
2025-04-24 14:05:03,322 [main] INFO  http.HttpServer2 (HttpServer2.java:bindListener(1241)) - Jetty bound to port 15057
2025-04-24 14:05:03,323 [main] INFO  server.Server (Server.java:doStart(375)) - jetty-9.4.57.v20241219; built: 2025-01-08T21:24:30.412Z; git: df524e6b29271c2e09ba9aea83c18dc9db464a31; jvm 21.0.7+6-LTS
2025-04-24 14:05:03,324 [main] INFO  server.session (DefaultSessionIdManager.java:doStart(334)) - DefaultSessionIdManager workerName=node0
2025-04-24 14:05:03,324 [main] INFO  server.session (DefaultSessionIdManager.java:doStart(339)) - No SessionScavenger set, using defaults
2025-04-24 14:05:03,324 [main] INFO  server.session (HouseKeeper.java:startScavenging(132)) - node0 Scavenging every 660000ms
2025-04-24 14:05:03,325 [main] INFO  handler.ContextHandler (ContextHandler.java:doStart(921)) - Started o.e.j.s.ServletContextHandler@773fa7b6{logs,/logs,file:///home/runner/work/ozone/ozone/hadoop-ozone/integration-test/target/log,AVAILABLE}
2025-04-24 14:05:03,325 [main] INFO  handler.ContextHandler (ContextHandler.java:doStart(921)) - Started o.e.j.s.ServletContextHandler@5f985b20{static,/static,file:///home/runner/work/ozone/ozone/hadoop-ozone/integration-test/target/test-classes/webapps/static,AVAILABLE}
2025-04-24 14:05:03,330 [main] INFO  handler.ContextHandler (ContextHandler.java:doStart(921)) - Started o.e.j.w.WebAppContext@293f760b{ozoneManager,/,file:///home/runner/work/ozone/ozone/hadoop-ozone/integration-test/target/test-classes/webapps/ozoneManager/,AVAILABLE}{file:/home/runner/work/ozone/ozone/hadoop-ozone/integration-test/target/test-classes/webapps/ozoneManager}
2025-04-24 14:05:03,330 [main] INFO  server.AbstractConnector (AbstractConnector.java:doStart(333)) - Started ServerConnector@9e9ffc8{HTTP/1.1, (http/1.1)}{0.0.0.0:15057}
2025-04-24 14:05:03,330 [main] INFO  server.Server (Server.java:doStart(415)) - Started @184662ms
2025-04-24 14:05:03,330 [main] WARN  impl.MetricsSystemImpl (MetricsSystemImpl.java:register(279)) - Sink prometheus already exists!
2025-04-24 14:05:03,331 [main] INFO  http.BaseHttpServer (BaseHttpServer.java:updateConnectorAddress(360)) - HTTP server of ozoneManager listening at http://0.0.0.0:15057
2025-04-24 14:05:03,331 [IPC Server Responder] INFO  ipc.Server (Server.java:run(1713)) - IPC Server Responder: starting
2025-04-24 14:05:03,331 [IPC Server listener on 15056] INFO  ipc.Server (Server.java:run(1553)) - IPC Server listener on 15056: starting
2025-04-24 14:05:03,333 [main] INFO  om.OzoneManager (OzoneManager.java:startTrashEmptier(2257)) - Trash Interval set to 0. Files deleted won't move to trash
2025-04-24 14:05:04,076 [omNode-3@group-523986131536-FollowerState] INFO  impl.FollowerState (FollowerState.java:runImpl(161)) - omNode-3@group-523986131536-FollowerState: change to CANDIDATE, lastRpcElapsedTime:1097535798ns, electionTimeout:1097ms
2025-04-24 14:05:04,077 [omNode-3@group-523986131536-FollowerState] INFO  impl.RoleInfo (RoleInfo.java:shutdownFollowerState(121)) - omNode-3: shutdown omNode-3@group-523986131536-FollowerState
2025-04-24 14:05:04,077 [omNode-3@group-523986131536-FollowerState] INFO  server.RaftServer$Division (RaftServerImpl.java:setRole(378)) - omNode-3@group-523986131536: changes role from  FOLLOWER to CANDIDATE at term 1 for changeToCandidate
2025-04-24 14:05:04,077 [omNode-3@group-523986131536-FollowerState] INFO  server.RaftServerConfigKeys (ConfUtils.java:logGet(46)) - raft.server.leaderelection.pre-vote = true (default)
2025-04-24 14:05:04,077 [omNode-3@group-523986131536-FollowerState] INFO  impl.RoleInfo (RoleInfo.java:updateAndGet(148)) - omNode-3: start omNode-3@group-523986131536-LeaderElection46
2025-04-24 14:05:04,077 [omNode-3@group-523986131536-LeaderElection46] INFO  impl.LeaderElection (LeaderElection.java:askForVotes(332)) - omNode-3@group-523986131536-LeaderElection46 PRE_VOTE round 0: submit vote requests at term 1 for conf: {index: 0, cur=peers:[omNode-3|localhost:15059, omNode-1|localhost:15051, omNode-2|localhost:15055]|listeners:[], old=null}
2025-04-24 14:05:04,078 [omNode-3@group-523986131536-LeaderElection46-1] INFO  server.GrpcServerProtocolClient (GrpcServerProtocolClient.java:<init>(65)) - Build channel for omNode-1|localhost:15051
2025-04-24 14:05:04,078 [omNode-3@group-523986131536-LeaderElection46-2] INFO  server.GrpcServerProtocolClient (GrpcServerProtocolClient.java:<init>(65)) - Build channel for omNode-2|localhost:15055
2025-04-24 14:05:04,078 [omNode-3@group-523986131536-LeaderElection46] INFO  server.RaftServerConfigKeys (ConfUtils.java:logFallback(53)) - raft.server.rpc.first-election.timeout.min = 1s (fallback to raft.server.rpc.timeout.min)
2025-04-24 14:05:04,078 [omNode-3@group-523986131536-LeaderElection46] INFO  server.RaftServerConfigKeys (ConfUtils.java:logFallback(53)) - raft.server.rpc.first-election.timeout.max = 1200ms (fallback to raft.server.rpc.timeout.max)
2025-04-24 14:05:04,081 [grpc-default-executor-1] INFO  server.RaftServer$Division (RaftServerImpl.java:requestVote(1407)) - omNode-2@group-523986131536: receive requestVote(PRE_VOTE, omNode-3, group-523986131536, 1, (t:1, i:44))
2025-04-24 14:05:04,082 [grpc-default-executor-1] INFO  impl.VoteContext (VoteContext.java:log(49)) - omNode-2@group-523986131536-FOLLOWER: reject PRE_VOTE from omNode-3: this server is a follower and still has a valid leader omNode-1 different than the candidate omNode-3
2025-04-24 14:05:04,082 [grpc-default-executor-3] INFO  server.RaftServer$Division (RaftServerImpl.java:requestVote(1407)) - omNode-1@group-523986131536: receive requestVote(PRE_VOTE, omNode-3, group-523986131536, 1, (t:1, i:44))
2025-04-24 14:05:04,082 [grpc-default-executor-1] INFO  server.RaftServer$Division (RaftServerImpl.java:requestVote(1441)) - omNode-2@group-523986131536 replies to PRE_VOTE vote request: omNode-3<-omNode-2#0:FAIL-t1. Peer's state: omNode-2@group-523986131536:t1, leader=omNode-1, voted=omNode-1, raftlog=Memoized:omNode-2@group-523986131536-SegmentedRaftLog:OPENED:c544:last(t:1, i:544), conf=conf: {index: 0, cur=peers:[omNode-3|localhost:15059, omNode-1|localhost:15051, omNode-2|localhost:15055]|listeners:[], old=null}
2025-04-24 14:05:04,082 [grpc-default-executor-3] INFO  impl.VoteContext (VoteContext.java:log(49)) - omNode-1@group-523986131536-LEADER: reject PRE_VOTE from omNode-3: this server is the leader and still has leadership
2025-04-24 14:05:04,082 [grpc-default-executor-3] INFO  server.RaftServer$Division (RaftServerImpl.java:requestVote(1441)) - omNode-1@group-523986131536 replies to PRE_VOTE vote request: omNode-3<-omNode-1#0:FAIL-t1. Peer's state: omNode-1@group-523986131536:t1, leader=omNode-1, voted=omNode-1, raftlog=Memoized:omNode-1@group-523986131536-SegmentedRaftLog:OPENED:c544:last(t:1, i:544), conf=conf: {index: 0, cur=peers:[omNode-3|localhost:15059, omNode-1|localhost:15051, omNode-2|localhost:15055]|listeners:[], old=null}
2025-04-24 14:05:04,083 [omNode-3@group-523986131536-LeaderElection46] INFO  impl.LeaderElection (LeaderElection.java:logAndReturn(90)) - omNode-3@group-523986131536-LeaderElection46: PRE_VOTE REJECTED received 2 response(s) and 0 exception(s):
2025-04-24 14:05:04,083 [omNode-3@group-523986131536-LeaderElection46] INFO  impl.LeaderElection (LeaderElection.java:logAndReturn(94)) -   Response 0: omNode-3<-omNode-1#0:FAIL-t1
2025-04-24 14:05:04,083 [omNode-3@group-523986131536-LeaderElection46] INFO  impl.LeaderElection (LeaderElection.java:logAndReturn(94)) -   Response 1: omNode-3<-omNode-2#0:FAIL-t1
2025-04-24 14:05:04,083 [omNode-3@group-523986131536-LeaderElection46] INFO  impl.LeaderElection (LeaderElection.java:askForVotes(334)) - omNode-3@group-523986131536-LeaderElection46 PRE_VOTE round 0: result REJECTED
2025-04-24 14:05:04,083 [omNode-3@group-523986131536-LeaderElection46] INFO  server.RaftServer$Division (RaftServerImpl.java:setRole(378)) - omNode-3@group-523986131536: changes role from CANDIDATE to FOLLOWER at term 1 for REJECTED
2025-04-24 14:05:04,083 [omNode-3@group-523986131536-LeaderElection46] INFO  impl.RoleInfo (RoleInfo.java:shutdownLeaderElection(141)) - omNode-3: shutdown omNode-3@group-523986131536-LeaderElection46
2025-04-24 14:05:04,083 [omNode-3@group-523986131536-LeaderElection46] INFO  impl.RoleInfo (RoleInfo.java:updateAndGet(148)) - omNode-3: start omNode-3@group-523986131536-FollowerState
2025-04-24 14:05:04,083 [omNode-3@group-523986131536-FollowerState] INFO  server.RaftServerConfigKeys (ConfUtils.java:logFallback(53)) - raft.server.rpc.first-election.timeout.min = 1s (fallback to raft.server.rpc.timeout.min)
2025-04-24 14:05:04,083 [omNode-3@group-523986131536-FollowerState] INFO  server.RaftServerConfigKeys (ConfUtils.java:logFallback(53)) - raft.server.rpc.first-election.timeout.max = 1200ms (fallback to raft.server.rpc.timeout.max)
2025-04-24 14:05:04,083 [omNode-3@group-523986131536-LeaderElection46] INFO  server.RaftServer$Division (RaftServerImpl.java:setFirstElection(562)) - omNode-3@group-523986131536: set firstElectionSinceStartup to false for REJECTED
2025-04-24 14:05:04,391 [timer5] WARN  server.GrpcLogAppender (LogUtils.java:warn(121)) - omNode-1@group-523986131536->omNode-3-AppendLogResponseHandler: Failed appendEntries (Repeated 1018 times in the last 5.000s): org.apache.ratis.thirdparty.io.grpc.StatusRuntimeException: UNAVAILABLE: io exception
2025-04-24 14:05:04,392 [timer6] WARN  server.GrpcLogAppender (GrpcLogAppender.java:lambda$resetClient$1(221)) - omNode-1@group-523986131536->omNode-3-GrpcLogAppender: Follower failed (request=null, errorCount=8); keep nextIndex (45) unchanged and retry. (Repeated 8 times in the last 5.001s)
2025-04-24 14:05:05,260 [omNode-3@group-523986131536-FollowerState] INFO  impl.FollowerState (FollowerState.java:runImpl(161)) - omNode-3@group-523986131536-FollowerState: change to CANDIDATE, lastRpcElapsedTime:1176484848ns, electionTimeout:1176ms
2025-04-24 14:05:05,260 [omNode-3@group-523986131536-FollowerState] INFO  impl.RoleInfo (RoleInfo.java:shutdownFollowerState(121)) - omNode-3: shutdown omNode-3@group-523986131536-FollowerState
2025-04-24 14:05:05,260 [omNode-3@group-523986131536-FollowerState] INFO  server.RaftServer$Division (RaftServerImpl.java:setRole(378)) - omNode-3@group-523986131536: changes role from  FOLLOWER to CANDIDATE at term 1 for changeToCandidate
2025-04-24 14:05:05,260 [omNode-3@group-523986131536-FollowerState] INFO  server.RaftServerConfigKeys (ConfUtils.java:logGet(46)) - raft.server.leaderelection.pre-vote = true (default)
2025-04-24 14:05:05,260 [omNode-3@group-523986131536-FollowerState] INFO  impl.RoleInfo (RoleInfo.java:updateAndGet(148)) - omNode-3: start omNode-3@group-523986131536-LeaderElection47
2025-04-24 14:05:05,260 [omNode-3@group-523986131536-LeaderElection47] INFO  impl.LeaderElection (LeaderElection.java:askForVotes(332)) - omNode-3@group-523986131536-LeaderElection47 PRE_VOTE round 0: submit vote requests at term 1 for conf: {index: 0, cur=peers:[omNode-3|localhost:15059, omNode-1|localhost:15051, omNode-2|localhost:15055]|listeners:[], old=null}
2025-04-24 14:05:05,262 [grpc-default-executor-1] INFO  server.RaftServer$Division (RaftServerImpl.java:requestVote(1407)) - omNode-2@group-523986131536: receive requestVote(PRE_VOTE, omNode-3, group-523986131536, 1, (t:1, i:44))
2025-04-24 14:05:05,262 [grpc-default-executor-3] INFO  server.RaftServer$Division (RaftServerImpl.java:requestVote(1407)) - omNode-1@group-523986131536: receive requestVote(PRE_VOTE, omNode-3, group-523986131536, 1, (t:1, i:44))
2025-04-24 14:05:05,262 [grpc-default-executor-1] INFO  impl.VoteContext (VoteContext.java:log(49)) - omNode-2@group-523986131536-FOLLOWER: reject PRE_VOTE from omNode-3: this server is a follower and still has a valid leader omNode-1 different than the candidate omNode-3
2025-04-24 14:05:05,262 [grpc-default-executor-3] INFO  impl.VoteContext (VoteContext.java:log(49)) - omNode-1@group-523986131536-LEADER: reject PRE_VOTE from omNode-3: this server is the leader and still has leadership
2025-04-24 14:05:05,262 [grpc-default-executor-3] INFO  server.RaftServer$Division (RaftServerImpl.java:requestVote(1441)) - omNode-1@group-523986131536 replies to PRE_VOTE vote request: omNode-3<-omNode-1#0:FAIL-t1. Peer's state: omNode-1@group-523986131536:t1, leader=omNode-1, voted=omNode-1, raftlog=Memoized:omNode-1@group-523986131536-SegmentedRaftLog:OPENED:c544:last(t:1, i:544), conf=conf: {index: 0, cur=peers:[omNode-3|localhost:15059, omNode-1|localhost:15051, omNode-2|localhost:15055]|listeners:[], old=null}
2025-04-24 14:05:05,262 [grpc-default-executor-1] INFO  server.RaftServer$Division (RaftServerImpl.java:requestVote(1441)) - omNode-2@group-523986131536 replies to PRE_VOTE vote request: omNode-3<-omNode-2#0:FAIL-t1. Peer's state: omNode-2@group-523986131536:t1, leader=omNode-1, voted=omNode-1, raftlog=Memoized:omNode-2@group-523986131536-SegmentedRaftLog:OPENED:c544:last(t:1, i:544), conf=conf: {index: 0, cur=peers:[omNode-3|localhost:15059, omNode-1|localhost:15051, omNode-2|localhost:15055]|listeners:[], old=null}
2025-04-24 14:05:05,263 [omNode-3@group-523986131536-LeaderElection47] INFO  impl.LeaderElection (LeaderElection.java:logAndReturn(90)) - omNode-3@group-523986131536-LeaderElection47: PRE_VOTE REJECTED received 2 response(s) and 0 exception(s):
2025-04-24 14:05:05,263 [omNode-3@group-523986131536-LeaderElection47] INFO  impl.LeaderElection (LeaderElection.java:logAndReturn(94)) -   Response 0: omNode-3<-omNode-1#0:FAIL-t1
2025-04-24 14:05:05,263 [omNode-3@group-523986131536-LeaderElection47] INFO  impl.LeaderElection (LeaderElection.java:logAndReturn(94)) -   Response 1: omNode-3<-omNode-2#0:FAIL-t1
2025-04-24 14:05:05,263 [omNode-3@group-523986131536-LeaderElection47] INFO  impl.LeaderElection (LeaderElection.java:askForVotes(334)) - omNode-3@group-523986131536-LeaderElection47 PRE_VOTE round 0: result REJECTED
2025-04-24 14:05:05,263 [omNode-3@group-523986131536-LeaderElection47] INFO  server.RaftServer$Division (RaftServerImpl.java:setRole(378)) - omNode-3@group-523986131536: changes role from CANDIDATE to FOLLOWER at term 1 for REJECTED
2025-04-24 14:05:05,263 [omNode-3@group-523986131536-LeaderElection47] INFO  impl.RoleInfo (RoleInfo.java:shutdownLeaderElection(141)) - omNode-3: shutdown omNode-3@group-523986131536-LeaderElection47
2025-04-24 14:05:05,263 [omNode-3@group-523986131536-LeaderElection47] INFO  impl.RoleInfo (RoleInfo.java:updateAndGet(148)) - omNode-3: start omNode-3@group-523986131536-FollowerState
2025-04-24 14:05:05,394 [timer1] WARN  server.GrpcLogAppender (GrpcLogAppender.java:lambda$resetClient$1(221)) - omNode-1@group-523986131536->omNode-3-GrpcLogAppender: Follower failed (request=null, errorCount=10); keep nextIndex (46) unchanged and retry. (Repeated 2 times in the last 5.001s)
2025-04-24 14:05:05,395 [timer4] WARN  server.GrpcLogAppender (GrpcLogAppender.java:lambda$resetClient$1(221)) - omNode-1@group-523986131536->omNode-3-GrpcLogAppender: Follower failed (request=null, errorCount=12); keep nextIndex (47) unchanged and retry. (Repeated 2 times in the last 5.000s)
2025-04-24 14:05:05,404 [timer1] WARN  server.GrpcLogAppender (GrpcLogAppender.java:lambda$resetClient$1(221)) - omNode-1@group-523986131536->omNode-3-GrpcLogAppender: Follower failed (request=null, errorCount=14); keep nextIndex (48) unchanged and retry. (Repeated 2 times in the last 5.000s)
2025-04-24 14:05:05,405 [timer4] WARN  server.GrpcLogAppender (GrpcLogAppender.java:lambda$resetClient$1(221)) - omNode-1@group-523986131536->omNode-3-GrpcLogAppender: Follower failed (request=null, errorCount=16); keep nextIndex (49) unchanged and retry. (Repeated 2 times in the last 5.000s)
2025-04-24 14:05:05,411 [timer6] WARN  server.GrpcLogAppender (GrpcLogAppender.java:lambda$resetClient$1(221)) - omNode-1@group-523986131536->omNode-3-GrpcLogAppender: Follower failed (request=null, errorCount=18); keep nextIndex (50) unchanged and retry. (Repeated 2 times in the last 5.000s)
2025-04-24 14:05:05,412 [timer1] WARN  server.GrpcLogAppender (GrpcLogAppender.java:lambda$resetClient$1(221)) - omNode-1@group-523986131536->omNode-3-GrpcLogAppender: Follower failed (request=null, errorCount=20); keep nextIndex (51) unchanged and retry. (Repeated 2 times in the last 4.999s)
2025-04-24 14:05:05,420 [timer6] WARN  server.GrpcLogAppender (GrpcLogAppender.java:lambda$resetClient$1(221)) - omNode-1@group-523986131536->omNode-3-GrpcLogAppender: Follower failed (request=null, errorCount=22); keep nextIndex (52) unchanged and retry. (Repeated 2 times in the last 5.000s)
2025-04-24 14:05:05,421 [timer1] WARN  server.GrpcLogAppender (GrpcLogAppender.java:lambda$resetClient$1(221)) - omNode-1@group-523986131536->omNode-3-GrpcLogAppender: Follower failed (request=null, errorCount=24); keep nextIndex (53) unchanged and retry. (Repeated 2 times in the last 5.000s)
2025-04-24 14:05:05,428 [timer4] WARN  server.GrpcLogAppender (GrpcLogAppender.java:lambda$resetClient$1(221)) - omNode-1@group-523986131536->omNode-3-GrpcLogAppender: Follower failed (request=null, errorCount=26); keep nextIndex (54) unchanged and retry. (Repeated 2 times in the last 5.000s)
2025-04-24 14:05:05,430 [timer7] WARN  server.GrpcLogAppender (GrpcLogAppender.java:lambda$resetClient$1(221)) - omNode-1@group-523986131536->omNode-3-GrpcLogAppender: Follower failed (request=null, errorCount=28); keep nextIndex (55) unchanged and retry. (Repeated 2 times in the last 5.000s)
2025-04-24 14:05:05,453 [timer4] WARN  server.GrpcLogAppender (GrpcLogAppender.java:lambda$resetClient$1(221)) - omNode-1@group-523986131536->omNode-3-GrpcLogAppender: Follower failed (request=null, errorCount=30); keep nextIndex (56) unchanged and retry. (Repeated 2 times in the last 5.000s)
2025-04-24 14:05:05,455 [timer7] WARN  server.GrpcLogAppender (GrpcLogAppender.java:lambda$resetClient$1(221)) - omNode-1@group-523986131536->omNode-3-GrpcLogAppender: Follower failed (request=null, errorCount=32); keep nextIndex (57) unchanged and retry. (Repeated 2 times in the last 5.000s)
2025-04-24 14:05:05,459 [timer2] WARN  server.GrpcLogAppender (GrpcLogAppender.java:lambda$resetClient$1(221)) - omNode-1@group-523986131536->omNode-3-GrpcLogAppender: Follower failed (request=null, errorCount=34); keep nextIndex (58) unchanged and retry. (Repeated 2 times in the last 5.000s)
2025-04-24 14:05:05,462 [timer5] WARN  server.GrpcLogAppender (GrpcLogAppender.java:lambda$resetClient$1(221)) - omNode-1@group-523986131536->omNode-3-GrpcLogAppender: Follower failed (request=null, errorCount=36); keep nextIndex (59) unchanged and retry. (Repeated 2 times in the last 5.000s)
2025-04-24 14:05:05,469 [timer2] WARN  server.GrpcLogAppender (GrpcLogAppender.java:lambda$resetClient$1(221)) - omNode-1@group-523986131536->omNode-3-GrpcLogAppender: Follower failed (request=null, errorCount=38); keep nextIndex (60) unchanged and retry. (Repeated 2 times in the last 5.000s)
2025-04-24 14:05:05,470 [timer5] WARN  server.GrpcLogAppender (GrpcLogAppender.java:lambda$resetClient$1(221)) - omNode-1@group-523986131536->omNode-3-GrpcLogAppender: Follower failed (request=null, errorCount=40); keep nextIndex (61) unchanged and retry. (Repeated 2 times in the last 5.000s)
2025-04-24 14:05:05,476 [timer0] WARN  server.GrpcLogAppender (GrpcLogAppender.java:lambda$resetClient$1(221)) - omNode-1@group-523986131536->omNode-3-GrpcLogAppender: Follower failed (request=null, errorCount=42); keep nextIndex (62) unchanged and retry. (Repeated 2 times in the last 5.001s)
2025-04-24 14:05:05,478 [timer3] WARN  server.GrpcLogAppender (GrpcLogAppender.java:lambda$resetClient$1(221)) - omNode-1@group-523986131536->omNode-3-GrpcLogAppender: Follower failed (request=null, errorCount=44); keep nextIndex (63) unchanged and retry. (Repeated 2 times in the last 5.000s)
2025-04-24 14:05:05,485 [timer0] WARN  server.GrpcLogAppender (GrpcLogAppender.java:lambda$resetClient$1(221)) - omNode-1@group-523986131536->omNode-3-GrpcLogAppender: Follower failed (request=null, errorCount=46); keep nextIndex (64) unchanged and retry. (Repeated 2 times in the last 5.000s)
2025-04-24 14:05:05,487 [timer3] WARN  server.GrpcLogAppender (GrpcLogAppender.java:lambda$resetClient$1(221)) - omNode-1@group-523986131536->omNode-3-GrpcLogAppender: Follower failed (request=null, errorCount=48); keep nextIndex (65) unchanged and retry. (Repeated 2 times in the last 5.000s)
2025-04-24 14:05:05,493 [timer6] WARN  server.GrpcLogAppender (GrpcLogAppender.java:lambda$resetClient$1(221)) - omNode-1@group-523986131536->omNode-3-GrpcLogAppender: Follower failed (request=null, errorCount=50); keep nextIndex (66) unchanged and retry. (Repeated 2 times in the last 5.000s)
2025-04-24 14:05:05,495 [timer1] WARN  server.GrpcLogAppender (GrpcLogAppender.java:lambda$resetClient$1(221)) - omNode-1@group-523986131536->omNode-3-GrpcLogAppender: Follower failed (request=null, errorCount=52); keep nextIndex (67) unchanged and retry. (Repeated 2 times in the last 5.001s)
2025-04-24 14:05:05,507 [timer6] WARN  server.GrpcLogAppender (GrpcLogAppender.java:lambda$resetClient$1(221)) - omNode-1@group-523986131536->omNode-3-GrpcLogAppender: Follower failed (request=null, errorCount=54); keep nextIndex (68) unchanged and retry. (Repeated 2 times in the last 5.001s)
2025-04-24 14:05:05,509 [timer1] WARN  server.GrpcLogAppender (GrpcLogAppender.java:lambda$resetClient$1(221)) - omNode-1@group-523986131536->omNode-3-GrpcLogAppender: Follower failed (request=null, errorCount=56); keep nextIndex (69) unchanged and retry. (Repeated 2 times in the last 5.000s)
2025-04-24 14:05:05,513 [timer4] WARN  server.GrpcLogAppender (GrpcLogAppender.java:lambda$resetClient$1(221)) - omNode-1@group-523986131536->omNode-3-GrpcLogAppender: Follower failed (request=null, errorCount=58); keep nextIndex (70) unchanged and retry. (Repeated 2 times in the last 5.000s)
2025-04-24 14:05:05,516 [timer6] WARN  server.GrpcLogAppender (GrpcLogAppender.java:lambda$resetClient$1(221)) - omNode-1@group-523986131536->omNode-3-GrpcLogAppender: Follower failed (request=null, errorCount=60); keep nextIndex (71) unchanged and retry. (Repeated 2 times in the last 5.000s)
2025-04-24 14:05:05,524 [timer4] WARN  server.GrpcLogAppender (GrpcLogAppender.java:lambda$resetClient$1(221)) - omNode-1@group-523986131536->omNode-3-GrpcLogAppender: Follower failed (request=null, errorCount=62); keep nextIndex (72) unchanged and retry. (Repeated 2 times in the last 4.999s)
2025-04-24 14:05:05,526 [timer7] WARN  server.GrpcLogAppender (GrpcLogAppender.java:lambda$resetClient$1(221)) - omNode-1@group-523986131536->omNode-3-GrpcLogAppender: Follower failed (request=null, errorCount=64); keep nextIndex (73) unchanged and retry. (Repeated 2 times in the last 5.001s)
2025-04-24 14:05:05,530 [timer2] WARN  server.GrpcLogAppender (GrpcLogAppender.java:lambda$resetClient$1(221)) - omNode-1@group-523986131536->omNode-3-GrpcLogAppender: Follower failed (request=null, errorCount=66); keep nextIndex (74) unchanged and retry. (Repeated 2 times in the last 5.000s)
2025-04-24 14:05:05,531 [timer4] WARN  server.GrpcLogAppender (GrpcLogAppender.java:lambda$resetClient$1(221)) - omNode-1@group-523986131536->omNode-3-GrpcLogAppender: Follower failed (request=null, errorCount=68); keep nextIndex (75) unchanged and retry. (Repeated 2 times in the last 4.999s)
2025-04-24 14:05:05,541 [timer2] WARN  server.GrpcLogAppender (GrpcLogAppender.java:lambda$resetClient$1(221)) - omNode-1@group-523986131536->omNode-3-GrpcLogAppender: Follower failed (request=null, errorCount=70); keep nextIndex (76) unchanged and retry. (Repeated 2 times in the last 5.000s)
2025-04-24 14:05:05,543 [timer5] WARN  server.GrpcLogAppender (GrpcLogAppender.java:lambda$resetClient$1(221)) - omNode-1@group-523986131536->omNode-3-GrpcLogAppender: Follower failed (request=null, errorCount=72); keep nextIndex (77) unchanged and retry. (Repeated 2 times in the last 5.001s)
2025-04-24 14:05:05,549 [timer0] WARN  server.GrpcLogAppender (GrpcLogAppender.java:lambda$resetClient$1(221)) - omNode-1@group-523986131536->omNode-3-GrpcLogAppender: Follower failed (request=null, errorCount=74); keep nextIndex (78) unchanged and retry. (Repeated 2 times in the last 5.001s)
2025-04-24 14:05:05,551 [timer3] WARN  server.GrpcLogAppender (GrpcLogAppender.java:lambda$resetClient$1(221)) - omNode-1@group-523986131536->omNode-3-GrpcLogAppender: Follower failed (request=null, errorCount=76); keep nextIndex (79) unchanged and retry. (Repeated 2 times in the last 5.001s)
2025-04-24 14:05:05,560 [timer7] WARN  server.GrpcLogAppender (GrpcLogAppender.java:lambda$resetClient$1(221)) - omNode-1@group-523986131536->omNode-3-GrpcLogAppender: Follower failed (request=null, errorCount=78); keep nextIndex (80) unchanged and retry. (Repeated 2 times in the last 5.001s)
2025-04-24 14:05:05,560 [timer2] WARN  server.GrpcLogAppender (GrpcLogAppender.java:lambda$resetClient$1(221)) - omNode-1@group-523986131536->omNode-3-GrpcLogAppender: Follower failed (request=null, errorCount=80); keep nextIndex (81) unchanged and retry. (Repeated 2 times in the last 5.000s)
2025-04-24 14:05:05,566 [timer6] WARN  server.GrpcLogAppender (GrpcLogAppender.java:lambda$resetClient$1(221)) - omNode-1@group-523986131536->omNode-3-GrpcLogAppender: Follower failed (request=null, errorCount=82); keep nextIndex (82) unchanged and retry. (Repeated 2 times in the last 5.000s)
2025-04-24 14:05:05,569 [timer1] WARN  server.GrpcLogAppender (GrpcLogAppender.java:lambda$resetClient$1(221)) - omNode-1@group-523986131536->omNode-3-GrpcLogAppender: Follower failed (request=null, errorCount=84); keep nextIndex (83) unchanged and retry. (Repeated 2 times in the last 5.001s)
2025-04-24 14:05:05,576 [timer6] WARN  server.GrpcLogAppender (GrpcLogAppender.java:lambda$resetClient$1(221)) - omNode-1@group-523986131536->omNode-3-GrpcLogAppender: Follower failed (request=null, errorCount=86); keep nextIndex (84) unchanged and retry. (Repeated 2 times in the last 5.001s)
2025-04-24 14:05:05,577 [timer1] WARN  server.GrpcLogAppender (GrpcLogAppender.java:lambda$resetClient$1(221)) - omNode-1@group-523986131536->omNode-3-GrpcLogAppender: Follower failed (request=null, errorCount=88); keep nextIndex (85) unchanged and retry. (Repeated 2 times in the last 5.000s)
2025-04-24 14:05:05,582 [timer4] WARN  server.GrpcLogAppender (GrpcLogAppender.java:lambda$resetClient$1(221)) - omNode-1@group-523986131536->omNode-3-GrpcLogAppender: Follower failed (request=null, errorCount=90); keep nextIndex (86) unchanged and retry. (Repeated 2 times in the last 5.001s)
2025-04-24 14:05:05,583 [timer7] WARN  server.GrpcLogAppender (GrpcLogAppender.java:lambda$resetClient$1(221)) - omNode-1@group-523986131536->omNode-3-GrpcLogAppender: Follower failed (request=null, errorCount=92); keep nextIndex (87) unchanged and retry. (Repeated 2 times in the last 5.000s)
2025-04-24 14:05:05,591 [timer4] WARN  server.GrpcLogAppender (GrpcLogAppender.java:lambda$resetClient$1(221)) - omNode-1@group-523986131536->omNode-3-GrpcLogAppender: Follower failed (request=null, errorCount=94); keep nextIndex (88) unchanged and retry. (Repeated 2 times in the last 5.001s)
2025-04-24 14:05:05,593 [timer7] WARN  server.GrpcLogAppender (GrpcLogAppender.java:lambda$resetClient$1(221)) - omNode-1@group-523986131536->omNode-3-GrpcLogAppender: Follower failed (request=null, errorCount=96); keep nextIndex (89) unchanged and retry. (Repeated 2 times in the last 5.000s)
2025-04-24 14:05:05,596 [timer2] WARN  server.GrpcLogAppender (GrpcLogAppender.java:lambda$resetClient$1(221)) - omNode-1@group-523986131536->omNode-3-GrpcLogAppender: Follower failed (request=null, errorCount=98); keep nextIndex (90) unchanged and retry. (Repeated 2 times in the last 5.000s)
2025-04-24 14:05:05,598 [timer5] WARN  server.GrpcLogAppender (GrpcLogAppender.java:lambda$resetClient$1(221)) - omNode-1@group-523986131536->omNode-3-GrpcLogAppender: Follower failed (request=null, errorCount=100); keep nextIndex (91) unchanged and retry. (Repeated 2 times in the last 4.999s)
2025-04-24 14:05:05,607 [timer2] WARN  server.GrpcLogAppender (GrpcLogAppender.java:lambda$resetClient$1(221)) - omNode-1@group-523986131536->omNode-3-GrpcLogAppender: Follower failed (request=null, errorCount=102); keep nextIndex (92) unchanged and retry. (Repeated 2 times in the last 5.001s)
2025-04-24 14:05:05,608 [timer5] WARN  server.GrpcLogAppender (GrpcLogAppender.java:lambda$resetClient$1(221)) - omNode-1@group-523986131536->omNode-3-GrpcLogAppender: Follower failed (request=null, errorCount=104); keep nextIndex (93) unchanged and retry. (Repeated 2 times in the last 5.000s)
2025-04-24 14:05:05,612 [timer0] WARN  server.GrpcLogAppender (GrpcLogAppender.java:lambda$resetClient$1(221)) - omNode-1@group-523986131536->omNode-3-GrpcLogAppender: Follower failed (request=null, errorCount=106); keep nextIndex (94) unchanged and retry. (Repeated 2 times in the last 5.000s)
2025-04-24 14:05:05,614 [timer3] WARN  server.GrpcLogAppender (GrpcLogAppender.java:lambda$resetClient$1(221)) - omNode-1@group-523986131536->omNode-3-GrpcLogAppender: Follower failed (request=null, errorCount=108); keep nextIndex (95) unchanged and retry. (Repeated 2 times in the last 5.001s)
2025-04-24 14:05:05,622 [timer0] WARN  server.GrpcLogAppender (GrpcLogAppender.java:lambda$resetClient$1(221)) - omNode-1@group-523986131536->omNode-3-GrpcLogAppender: Follower failed (request=null, errorCount=110); keep nextIndex (96) unchanged and retry. (Repeated 2 times in the last 5.000s)
2025-04-24 14:05:05,623 [timer3] WARN  server.GrpcLogAppender (GrpcLogAppender.java:lambda$resetClient$1(221)) - omNode-1@group-523986131536->omNode-3-GrpcLogAppender: Follower failed (request=null, errorCount=112); keep nextIndex (97) unchanged and retry. (Repeated 2 times in the last 4.999s)
2025-04-24 14:05:05,628 [timer6] WARN  server.GrpcLogAppender (GrpcLogAppender.java:lambda$resetClient$1(221)) - omNode-1@group-523986131536->omNode-3-GrpcLogAppender: Follower failed (request=null, errorCount=114); keep nextIndex (98) unchanged and retry. (Repeated 2 times in the last 5.000s)
2025-04-24 14:05:05,630 [timer1] WARN  server.GrpcLogAppender (GrpcLogAppender.java:lambda$resetClient$1(221)) - omNode-1@group-523986131536->omNode-3-GrpcLogAppender: Follower failed (request=null, errorCount=116); keep nextIndex (99) unchanged and retry. (Repeated 2 times in the last 5.000s)
2025-04-24 14:05:05,637 [timer6] WARN  server.GrpcLogAppender (GrpcLogAppender.java:lambda$resetClient$1(221)) - omNode-1@group-523986131536->omNode-3-GrpcLogAppender: Follower failed (request=null, errorCount=118); keep nextIndex (100) unchanged and retry. (Repeated 2 times in the last 5.000s)
2025-04-24 14:05:05,639 [timer1] WARN  server.GrpcLogAppender (GrpcLogAppender.java:lambda$resetClient$1(221)) - omNode-1@group-523986131536->omNode-3-GrpcLogAppender: Follower failed (request=null, errorCount=122); keep nextIndex (101) unchanged and retry. (Repeated 4 times in the last 5.000s)
2025-04-24 14:05:05,644 [timer6] WARN  server.GrpcLogAppender (GrpcLogAppender.java:lambda$resetClient$1(221)) - omNode-1@group-523986131536->omNode-3-GrpcLogAppender: Follower failed (request=null, errorCount=124); keep nextIndex (103) unchanged and retry. (Repeated 2 times in the last 5.000s)
2025-04-24 14:05:05,662 [timer3] WARN  server.GrpcLogAppender (GrpcLogAppender.java:lambda$resetClient$1(221)) - omNode-1@group-523986131536->omNode-3-GrpcLogAppender: Follower failed (request=null, errorCount=126); keep nextIndex (104) unchanged and retry. (Repeated 2 times in the last 5.000s)
2025-04-24 14:05:05,664 [timer6] WARN  server.GrpcLogAppender (GrpcLogAppender.java:lambda$resetClient$1(221)) - omNode-1@group-523986131536->omNode-3-GrpcLogAppender: Follower failed (request=null, errorCount=128); keep nextIndex (105) unchanged and retry. (Repeated 2 times in the last 5.000s)
2025-04-24 14:05:05,668 [timer0] WARN  server.GrpcLogAppender (GrpcLogAppender.java:lambda$resetClient$1(221)) - omNode-1@group-523986131536->omNode-3-GrpcLogAppender: Follower failed (request=null, errorCount=130); keep nextIndex (106) unchanged and retry. (Repeated 2 times in the last 5.001s)
2025-04-24 14:05:05,670 [timer3] WARN  server.GrpcLogAppender (GrpcLogAppender.java:lambda$resetClient$1(221)) - omNode-1@group-523986131536->omNode-3-GrpcLogAppender: Follower failed (request=null, errorCount=132); keep nextIndex (107) unchanged and retry. (Repeated 2 times in the last 5.000s)
2025-04-24 14:05:05,677 [timer0] WARN  server.GrpcLogAppender (GrpcLogAppender.java:lambda$resetClient$1(221)) - omNode-1@group-523986131536->omNode-3-GrpcLogAppender: Follower failed (request=null, errorCount=134); keep nextIndex (108) unchanged and retry. (Repeated 2 times in the last 5.001s)
2025-04-24 14:05:05,678 [timer3] WARN  server.GrpcLogAppender (GrpcLogAppender.java:lambda$resetClient$1(221)) - omNode-1@group-523986131536->omNode-3-GrpcLogAppender: Follower failed (request=null, errorCount=136); keep nextIndex (109) unchanged and retry. (Repeated 2 times in the last 5.000s)
2025-04-24 14:05:05,684 [timer6] WARN  server.GrpcLogAppender (GrpcLogAppender.java:lambda$resetClient$1(221)) - omNode-1@group-523986131536->omNode-3-GrpcLogAppender: Follower failed (request=null, errorCount=138); keep nextIndex (110) unchanged and retry. (Repeated 2 times in the last 5.000s)
2025-04-24 14:05:05,685 [timer0] WARN  server.GrpcLogAppender (GrpcLogAppender.java:lambda$resetClient$1(221)) - omNode-1@group-523986131536->omNode-3-GrpcLogAppender: Follower failed (request=null, errorCount=140); keep nextIndex (111) unchanged and retry. (Repeated 2 times in the last 4.999s)
2025-04-24 14:05:05,693 [timer5] WARN  server.GrpcLogAppender (GrpcLogAppender.java:lambda$resetClient$1(221)) - omNode-1@group-523986131536->omNode-3-GrpcLogAppender: Follower failed (request=null, errorCount=142); keep nextIndex (112) unchanged and retry. (Repeated 2 times in the last 5.001s)
2025-04-24 14:05:05,695 [timer0] WARN  server.GrpcLogAppender (GrpcLogAppender.java:lambda$resetClient$1(221)) - omNode-1@group-523986131536->omNode-3-GrpcLogAppender: Follower failed (request=null, errorCount=144); keep nextIndex (113) unchanged and retry. (Repeated 2 times in the last 5.000s)
2025-04-24 14:05:05,698 [timer3] WARN  server.GrpcLogAppender (GrpcLogAppender.java:lambda$resetClient$1(221)) - omNode-1@group-523986131536->omNode-3-GrpcLogAppender: Follower failed (request=null, errorCount=146); keep nextIndex (114) unchanged and retry. (Repeated 2 times in the last 4.999s)
2025-04-24 14:05:05,700 [timer6] WARN  server.GrpcLogAppender (GrpcLogAppender.java:lambda$resetClient$1(221)) - omNode-1@group-523986131536->omNode-3-GrpcLogAppender: Follower failed (request=null, errorCount=148); keep nextIndex (115) unchanged and retry. (Repeated 2 times in the last 5.000s)
2025-04-24 14:05:05,708 [timer3] WARN  server.GrpcLogAppender (GrpcLogAppender.java:lambda$resetClient$1(221)) - omNode-1@group-523986131536->omNode-3-GrpcLogAppender: Follower failed (request=null, errorCount=150); keep nextIndex (116) unchanged and retry. (Repeated 2 times in the last 5.000s)
2025-04-24 14:05:05,709 [timer6] WARN  server.GrpcLogAppender (GrpcLogAppender.java:lambda$resetClient$1(221)) - omNode-1@group-523986131536->omNode-3-GrpcLogAppender: Follower failed (request=null, errorCount=152); keep nextIndex (117) unchanged and retry. (Repeated 2 times in the last 5.000s)
2025-04-24 14:05:05,714 [timer1] WARN  server.GrpcLogAppender (GrpcLogAppender.java:lambda$resetClient$1(221)) - omNode-1@group-523986131536->omNode-3-GrpcLogAppender: Follower failed (request=null, errorCount=154); keep nextIndex (118) unchanged and retry. (Repeated 2 times in the last 5.001s)
2025-04-24 14:05:05,717 [timer5] WARN  server.GrpcLogAppender (GrpcLogAppender.java:lambda$resetClient$1(221)) - omNode-1@group-523986131536->omNode-3-GrpcLogAppender: Follower failed (request=null, errorCount=156); keep nextIndex (119) unchanged and retry. (Repeated 2 times in the last 5.001s)
2025-04-24 14:05:05,723 [timer1] WARN  server.GrpcLogAppender (GrpcLogAppender.java:lambda$resetClient$1(221)) - omNode-1@group-523986131536->omNode-3-GrpcLogAppender: Follower failed (request=null, errorCount=158); keep nextIndex (120) unchanged and retry. (Repeated 2 times in the last 4.999s)
2025-04-24 14:05:05,725 [timer3] WARN  server.GrpcLogAppender (GrpcLogAppender.java:lambda$resetClient$1(221)) - omNode-1@group-523986131536->omNode-3-GrpcLogAppender: Follower failed (request=null, errorCount=160); keep nextIndex (121) unchanged and retry. (Repeated 2 times in the last 5.000s)
2025-04-24 14:05:05,729 [timer5] WARN  server.GrpcLogAppender (GrpcLogAppender.java:lambda$resetClient$1(221)) - omNode-1@group-523986131536->omNode-3-GrpcLogAppender: Follower failed (request=null, errorCount=162); keep nextIndex (122) unchanged and retry. (Repeated 2 times in the last 5.000s)
2025-04-24 14:05:05,731 [timer0] WARN  server.GrpcLogAppender (GrpcLogAppender.java:lambda$resetClient$1(221)) - omNode-1@group-523986131536->omNode-3-GrpcLogAppender: Follower failed (request=null, errorCount=164); keep nextIndex (123) unchanged and retry. (Repeated 2 times in the last 5.000s)
2025-04-24 14:05:05,738 [timer5] WARN  server.GrpcLogAppender (GrpcLogAppender.java:lambda$resetClient$1(221)) - omNode-1@group-523986131536->omNode-3-GrpcLogAppender: Follower failed (request=null, errorCount=166); keep nextIndex (124) unchanged and retry. (Repeated 2 times in the last 5.000s)
2025-04-24 14:05:05,740 [timer0] WARN  server.GrpcLogAppender (GrpcLogAppender.java:lambda$resetClient$1(221)) - omNode-1@group-523986131536->omNode-3-GrpcLogAppender: Follower failed (request=null, errorCount=168); keep nextIndex (125) unchanged and retry. (Repeated 2 times in the last 5.000s)
2025-04-24 14:05:05,745 [timer3] WARN  server.GrpcLogAppender (GrpcLogAppender.java:lambda$resetClient$1(221)) - omNode-1@group-523986131536->omNode-3-GrpcLogAppender: Follower failed (request=null, errorCount=170); keep nextIndex (126) unchanged and retry. (Repeated 2 times in the last 5.000s)
2025-04-24 14:05:05,747 [timer5] WARN  server.GrpcLogAppender (GrpcLogAppender.java:lambda$resetClient$1(221)) - omNode-1@group-523986131536->omNode-3-GrpcLogAppender: Follower failed (request=null, errorCount=172); keep nextIndex (127) unchanged and retry. (Repeated 2 times in the last 5.000s)
2025-04-24 14:05:05,755 [timer1] WARN  server.GrpcLogAppender (GrpcLogAppender.java:lambda$resetClient$1(221)) - omNode-1@group-523986131536->omNode-3-GrpcLogAppender: Follower failed (request=null, errorCount=174); keep nextIndex (128) unchanged and retry. (Repeated 2 times in the last 5.000s)
2025-04-24 14:05:05,757 [timer4] WARN  server.GrpcLogAppender (GrpcLogAppender.java:lambda$resetClient$1(221)) - omNode-1@group-523986131536->omNode-3-GrpcLogAppender: Follower failed (request=null, errorCount=176); keep nextIndex (129) unchanged and retry. (Repeated 2 times in the last 5.000s)
2025-04-24 14:05:05,761 [timer7] WARN  server.GrpcLogAppender (GrpcLogAppender.java:lambda$resetClient$1(221)) - omNode-1@group-523986131536->omNode-3-GrpcLogAppender: Follower failed (request=null, errorCount=178); keep nextIndex (130) unchanged and retry. (Repeated 2 times in the last 5.001s)
2025-04-24 14:05:05,763 [timer2] WARN  server.GrpcLogAppender (GrpcLogAppender.java:lambda$resetClient$1(221)) - omNode-1@group-523986131536->omNode-3-GrpcLogAppender: Follower failed (request=null, errorCount=180); keep nextIndex (131) unchanged and retry. (Repeated 2 times in the last 5.000s)
2025-04-24 14:05:05,772 [timer7] WARN  server.GrpcLogAppender (GrpcLogAppender.java:lambda$resetClient$1(221)) - omNode-1@group-523986131536->omNode-3-GrpcLogAppender: Follower failed (request=null, errorCount=182); keep nextIndex (132) unchanged and retry. (Repeated 2 times in the last 5.001s)
2025-04-24 14:05:05,772 [timer2] WARN  server.GrpcLogAppender (GrpcLogAppender.java:lambda$resetClient$1(221)) - omNode-1@group-523986131536->omNode-3-GrpcLogAppender: Follower failed (request=null, errorCount=184); keep nextIndex (133) unchanged and retry. (Repeated 2 times in the last 5.000s)
2025-04-24 14:05:05,777 [timer4] WARN  server.GrpcLogAppender (GrpcLogAppender.java:lambda$resetClient$1(221)) - omNode-1@group-523986131536->omNode-3-GrpcLogAppender: Follower failed (request=null, errorCount=186); keep nextIndex (134) unchanged and retry. (Repeated 2 times in the last 5.000s)
2025-04-24 14:05:05,778 [timer7] WARN  server.GrpcLogAppender (GrpcLogAppender.java:lambda$resetClient$1(221)) - omNode-1@group-523986131536->omNode-3-GrpcLogAppender: Follower failed (request=null, errorCount=188); keep nextIndex (135) unchanged and retry. (Repeated 2 times in the last 5.000s)
2025-04-24 14:05:05,788 [timer4] WARN  server.GrpcLogAppender (GrpcLogAppender.java:lambda$resetClient$1(221)) - omNode-1@group-523986131536->omNode-3-GrpcLogAppender: Follower failed (request=null, errorCount=190); keep nextIndex (136) unchanged and retry. (Repeated 2 times in the last 5.001s)
2025-04-24 14:05:05,789 [timer7] WARN  server.GrpcLogAppender (GrpcLogAppender.java:lambda$resetClient$1(221)) - omNode-1@group-523986131536->omNode-3-GrpcLogAppender: Follower failed (request=null, errorCount=192); keep nextIndex (137) unchanged and retry. (Repeated 2 times in the last 5.000s)
2025-04-24 14:05:05,793 [timer2] WARN  server.GrpcLogAppender (GrpcLogAppender.java:lambda$resetClient$1(221)) - omNode-1@group-523986131536->omNode-3-GrpcLogAppender: Follower failed (request=null, errorCount=194); keep nextIndex (138) unchanged and retry. (Repeated 2 times in the last 5.000s)
2025-04-24 14:05:05,796 [timer5] WARN  server.GrpcLogAppender (GrpcLogAppender.java:lambda$resetClient$1(221)) - omNode-1@group-523986131536->omNode-3-GrpcLogAppender: Follower failed (request=null, errorCount=196); keep nextIndex (139) unchanged and retry. (Repeated 2 times in the last 5.001s)
2025-04-24 14:05:05,804 [timer2] WARN  server.GrpcLogAppender (GrpcLogAppender.java:lambda$resetClient$1(221)) - omNode-1@group-523986131536->omNode-3-GrpcLogAppender: Follower failed (request=null, errorCount=198); keep nextIndex (140) unchanged and retry. (Repeated 2 times in the last 5.001s)
2025-04-24 14:05:05,806 [timer5] WARN  server.GrpcLogAppender (GrpcLogAppender.java:lambda$resetClient$1(221)) - omNode-1@group-523986131536->omNode-3-GrpcLogAppender: Follower failed (request=null, errorCount=200); keep nextIndex (141) unchanged and retry. (Repeated 2 times in the last 4.999s)
2025-04-24 14:05:05,809 [timer0] WARN  server.GrpcLogAppender (GrpcLogAppender.java:lambda$resetClient$1(221)) - omNode-1@group-523986131536->omNode-3-GrpcLogAppender: Follower failed (request=null, errorCount=202); keep nextIndex (142) unchanged and retry. (Repeated 2 times in the last 5.000s)
2025-04-24 14:05:05,812 [timer3] WARN  server.GrpcLogAppender (GrpcLogAppender.java:lambda$resetClient$1(221)) - omNode-1@group-523986131536->omNode-3-GrpcLogAppender: Follower failed (request=null, errorCount=204); keep nextIndex (143) unchanged and retry. (Repeated 2 times in the last 5.001s)
2025-04-24 14:05:05,820 [timer0] WARN  server.GrpcLogAppender (GrpcLogAppender.java:lambda$resetClient$1(221)) - omNode-1@group-523986131536->omNode-3-GrpcLogAppender: Follower failed (request=null, errorCount=206); keep nextIndex (144) unchanged and retry. (Repeated 2 times in the last 5.001s)
2025-04-24 14:05:05,820 [timer3] WARN  server.GrpcLogAppender (GrpcLogAppender.java:lambda$resetClient$1(221)) - omNode-1@group-523986131536->omNode-3-GrpcLogAppender: Follower failed (request=null, errorCount=208); keep nextIndex (145) unchanged and retry. (Repeated 2 times in the last 4.999s)
2025-04-24 14:05:05,825 [timer6] WARN  server.GrpcLogAppender (GrpcLogAppender.java:lambda$resetClient$1(221)) - omNode-1@group-523986131536->omNode-3-GrpcLogAppender: Follower failed (request=null, errorCount=210); keep nextIndex (146) unchanged and retry. (Repeated 2 times in the last 5.000s)
2025-04-24 14:05:05,827 [timer0] WARN  server.GrpcLogAppender (GrpcLogAppender.java:lambda$resetClient$1(221)) - omNode-1@group-523986131536->omNode-3-GrpcLogAppender: Follower failed (request=null, errorCount=212); keep nextIndex (147) unchanged and retry. (Repeated 2 times in the last 5.000s)
2025-04-24 14:05:05,834 [timer5] WARN  server.GrpcLogAppender (GrpcLogAppender.java:lambda$resetClient$1(221)) - omNode-1@group-523986131536->omNode-3-GrpcLogAppender: Follower failed (request=null, errorCount=214); keep nextIndex (148) unchanged and retry. (Repeated 2 times in the last 5.000s)
2025-04-24 14:05:05,836 [timer0] WARN  server.GrpcLogAppender (GrpcLogAppender.java:lambda$resetClient$1(221)) - omNode-1@group-523986131536->omNode-3-GrpcLogAppender: Follower failed (request=null, errorCount=216); keep nextIndex (149) unchanged and retry. (Repeated 2 times in the last 5.000s)
2025-04-24 14:05:05,842 [timer2] WARN  server.GrpcLogAppender (GrpcLogAppender.java:lambda$resetClient$1(221)) - omNode-1@group-523986131536->omNode-3-GrpcLogAppender: Follower failed (request=null, errorCount=218); keep nextIndex (150) unchanged and retry. (Repeated 2 times in the last 5.000s)
2025-04-24 14:05:05,843 [timer5] WARN  server.GrpcLogAppender (GrpcLogAppender.java:lambda$resetClient$1(221)) - omNode-1@group-523986131536->omNode-3-GrpcLogAppender: Follower failed (request=null, errorCount=220); keep nextIndex (151) unchanged and retry. (Repeated 2 times in the last 5.000s)
2025-04-24 14:05:05,855 [timer0] WARN  server.GrpcLogAppender (GrpcLogAppender.java:lambda$resetClient$1(221)) - omNode-1@group-523986131536->omNode-3-GrpcLogAppender: Follower failed (request=null, errorCount=222); keep nextIndex (152) unchanged and retry. (Repeated 2 times in the last 5.000s)
2025-04-24 14:05:05,859 [timer4] WARN  server.GrpcLogAppender (GrpcLogAppender.java:lambda$resetClient$1(221)) - omNode-1@group-523986131536->omNode-3-GrpcLogAppender: Follower failed (request=null, errorCount=224); keep nextIndex (153) unchanged and retry. (Repeated 2 times in the last 5.000s)
2025-04-24 14:05:05,870 [timer7] WARN  server.GrpcLogAppender (GrpcLogAppender.java:lambda$resetClient$1(221)) - omNode-1@group-523986131536->omNode-3-GrpcLogAppender: Follower failed (request=null, errorCount=226); keep nextIndex (154) unchanged and retry. (Repeated 2 times in the last 5.001s)
2025-04-24 14:05:05,871 [timer2] WARN  server.GrpcLogAppender (GrpcLogAppender.java:lambda$resetClient$1(221)) - omNode-1@group-523986131536->omNode-3-GrpcLogAppender: Follower failed (request=null, errorCount=228); keep nextIndex (155) unchanged and retry. (Repeated 2 times in the last 4.999s)
2025-04-24 14:05:05,881 [timer7] WARN  server.GrpcLogAppender (GrpcLogAppender.java:lambda$resetClient$1(221)) - omNode-1@group-523986131536->omNode-3-GrpcLogAppender: Follower failed (request=null, errorCount=230); keep nextIndex (156) unchanged and retry. (Repeated 2 times in the last 5.000s)
2025-04-24 14:05:05,883 [timer2] WARN  server.GrpcLogAppender (GrpcLogAppender.java:lambda$resetClient$1(221)) - omNode-1@group-523986131536->omNode-3-GrpcLogAppender: Follower failed (request=null, errorCount=232); keep nextIndex (157) unchanged and retry. (Repeated 2 times in the last 5.000s)
2025-04-24 14:05:05,888 [timer5] WARN  server.GrpcLogAppender (GrpcLogAppender.java:lambda$resetClient$1(221)) - omNode-1@group-523986131536->omNode-3-GrpcLogAppender: Follower failed (request=null, errorCount=234); keep nextIndex (158) unchanged and retry. (Repeated 2 times in the last 5.000s)
2025-04-24 14:05:05,891 [timer7] WARN  server.GrpcLogAppender (GrpcLogAppender.java:lambda$resetClient$1(221)) - omNode-1@group-523986131536->omNode-3-GrpcLogAppender: Follower failed (request=null, errorCount=238); keep nextIndex (159) unchanged and retry. (Repeated 4 times in the last 5.000s)
2025-04-24 14:05:05,903 [timer0] WARN  server.GrpcLogAppender (GrpcLogAppender.java:lambda$resetClient$1(221)) - omNode-1@group-523986131536->omNode-3-GrpcLogAppender: Follower failed (request=null, errorCount=240); keep nextIndex (160) unchanged and retry. (Repeated 2 times in the last 5.000s)
2025-04-24 14:05:05,905 [timer3] WARN  server.GrpcLogAppender (GrpcLogAppender.java:lambda$resetClient$1(221)) - omNode-1@group-523986131536->omNode-3-GrpcLogAppender: Follower failed (request=null, errorCount=242); keep nextIndex (161) unchanged and retry. (Repeated 2 times in the last 5.001s)
2025-04-24 14:05:05,908 [timer6] WARN  server.GrpcLogAppender (GrpcLogAppender.java:lambda$resetClient$1(221)) - omNode-1@group-523986131536->omNode-3-GrpcLogAppender: Follower failed (request=null, errorCount=244); keep nextIndex (162) unchanged and retry. (Repeated 2 times in the last 5.000s)
2025-04-24 14:05:05,910 [timer1] WARN  server.GrpcLogAppender (GrpcLogAppender.java:lambda$resetClient$1(221)) - omNode-1@group-523986131536->omNode-3-GrpcLogAppender: Follower failed (request=null, errorCount=246); keep nextIndex (163) unchanged and retry. (Repeated 2 times in the last 4.999s)
2025-04-24 14:05:05,919 [timer6] WARN  server.GrpcLogAppender (GrpcLogAppender.java:lambda$resetClient$1(221)) - omNode-1@group-523986131536->omNode-3-GrpcLogAppender: Follower failed (request=null, errorCount=248); keep nextIndex (164) unchanged and retry. (Repeated 2 times in the last 5.001s)
2025-04-24 14:05:05,920 [timer1] WARN  server.GrpcLogAppender (GrpcLogAppender.java:lambda$resetClient$1(221)) - omNode-1@group-523986131536->omNode-3-GrpcLogAppender: Follower failed (request=null, errorCount=250); keep nextIndex (165) unchanged and retry. (Repeated 2 times in the last 5.000s)
2025-04-24 14:05:05,926 [timer4] WARN  server.GrpcLogAppender (GrpcLogAppender.java:lambda$resetClient$1(221)) - omNode-1@group-523986131536->omNode-3-GrpcLogAppender: Follower failed (request=null, errorCount=252); keep nextIndex (166) unchanged and retry. (Repeated 2 times in the last 5.000s)
2025-04-24 14:05:05,928 [timer7] WARN  server.GrpcLogAppender (GrpcLogAppender.java:lambda$resetClient$1(221)) - omNode-1@group-523986131536->omNode-3-GrpcLogAppender: Follower failed (request=null, errorCount=254); keep nextIndex (167) unchanged and retry. (Repeated 2 times in the last 5.001s)
2025-04-24 14:05:05,940 [timer6] WARN  server.GrpcLogAppender (GrpcLogAppender.java:lambda$resetClient$1(221)) - omNode-1@group-523986131536->omNode-3-GrpcLogAppender: Follower failed (request=null, errorCount=256); keep nextIndex (168) unchanged and retry. (Repeated 2 times in the last 5.000s)
2025-04-24 14:05:05,942 [timer1] WARN  server.GrpcLogAppender (GrpcLogAppender.java:lambda$resetClient$1(221)) - omNode-1@group-523986131536->omNode-3-GrpcLogAppender: Follower failed (request=null, errorCount=258); keep nextIndex (169) unchanged and retry. (Repeated 2 times in the last 5.000s)
2025-04-24 14:05:05,946 [timer4] WARN  server.GrpcLogAppender (GrpcLogAppender.java:lambda$resetClient$1(221)) - omNode-1@group-523986131536->omNode-3-GrpcLogAppender: Follower failed (request=null, errorCount=260); keep nextIndex (170) unchanged and retry. (Repeated 2 times in the last 5.001s)
2025-04-24 14:05:05,947 [timer7] WARN  server.GrpcLogAppender (GrpcLogAppender.java:lambda$resetClient$1(221)) - omNode-1@group-523986131536->omNode-3-GrpcLogAppender: Follower failed (request=null, errorCount=262); keep nextIndex (171) unchanged and retry. (Repeated 2 times in the last 5.000s)
2025-04-24 14:05:05,956 [timer4] WARN  server.GrpcLogAppender (GrpcLogAppender.java:lambda$resetClient$1(221)) - omNode-1@group-523986131536->omNode-3-GrpcLogAppender: Follower failed (request=null, errorCount=264); keep nextIndex (172) unchanged and retry. (Repeated 2 times in the last 5.000s)
2025-04-24 14:05:05,958 [timer7] WARN  server.GrpcLogAppender (GrpcLogAppender.java:lambda$resetClient$1(221)) - omNode-1@group-523986131536->omNode-3-GrpcLogAppender: Follower failed (request=null, errorCount=266); keep nextIndex (173) unchanged and retry. (Repeated 2 times in the last 5.001s)
2025-04-24 14:05:05,963 [timer1] WARN  server.GrpcLogAppender (GrpcLogAppender.java:lambda$resetClient$1(221)) - omNode-1@group-523986131536->omNode-3-GrpcLogAppender: Follower failed (request=null, errorCount=268); keep nextIndex (174) unchanged and retry. (Repeated 2 times in the last 5.001s)
2025-04-24 14:05:05,965 [timer4] WARN  server.GrpcLogAppender (GrpcLogAppender.java:lambda$resetClient$1(221)) - omNode-1@group-523986131536->omNode-3-GrpcLogAppender: Follower failed (request=null, errorCount=270); keep nextIndex (175) unchanged and retry. (Repeated 2 times in the last 5.001s)
2025-04-24 14:05:05,972 [timer1] WARN  server.GrpcLogAppender (GrpcLogAppender.java:lambda$resetClient$1(221)) - omNode-1@group-523986131536->omNode-3-GrpcLogAppender: Follower failed (request=null, errorCount=272); keep nextIndex (176) unchanged and retry. (Repeated 2 times in the last 5.000s)
2025-04-24 14:05:05,974 [timer4] WARN  server.GrpcLogAppender (GrpcLogAppender.java:lambda$resetClient$1(221)) - omNode-1@group-523986131536->omNode-3-GrpcLogAppender: Follower failed (request=null, errorCount=274); keep nextIndex (177) unchanged and retry. (Repeated 2 times in the last 5.000s)
2025-04-24 14:05:05,978 [timer7] WARN  server.GrpcLogAppender (GrpcLogAppender.java:lambda$resetClient$1(221)) - omNode-1@group-523986131536->omNode-3-GrpcLogAppender: Follower failed (request=null, errorCount=276); keep nextIndex (178) unchanged and retry. (Repeated 2 times in the last 5.001s)
2025-04-24 14:05:05,979 [timer2] WARN  server.GrpcLogAppender (GrpcLogAppender.java:lambda$resetClient$1(221)) - omNode-1@group-523986131536->omNode-3-GrpcLogAppender: Follower failed (request=null, errorCount=278); keep nextIndex (179) unchanged and retry. (Repeated 2 times in the last 5.000s)
2025-04-24 14:05:05,988 [timer7] WARN  server.GrpcLogAppender (GrpcLogAppender.java:lambda$resetClient$1(221)) - omNode-1@group-523986131536->omNode-3-GrpcLogAppender: Follower failed (request=null, errorCount=280); keep nextIndex (180) unchanged and retry. (Repeated 2 times in the last 5.001s)
2025-04-24 14:05:05,989 [timer2] WARN  server.GrpcLogAppender (GrpcLogAppender.java:lambda$resetClient$1(221)) - omNode-1@group-523986131536->omNode-3-GrpcLogAppender: Follower failed (request=null, errorCount=282); keep nextIndex (181) unchanged and retry. (Repeated 2 times in the last 5.001s)
2025-04-24 14:05:05,993 [timer5] WARN  server.GrpcLogAppender (GrpcLogAppender.java:lambda$resetClient$1(221)) - omNode-1@group-523986131536->omNode-3-GrpcLogAppender: Follower failed (request=null, errorCount=284); keep nextIndex (182) unchanged and retry. (Repeated 2 times in the last 5.001s)
2025-04-24 14:05:05,995 [timer0] WARN  server.GrpcLogAppender (GrpcLogAppender.java:lambda$resetClient$1(221)) - omNode-1@group-523986131536->omNode-3-GrpcLogAppender: Follower failed (request=null, errorCount=286); keep nextIndex (183) unchanged and retry. (Repeated 2 times in the last 4.999s)
2025-04-24 14:05:06,001 [timer5] WARN  server.GrpcLogAppender (GrpcLogAppender.java:lambda$resetClient$1(221)) - omNode-1@group-523986131536->omNode-3-GrpcLogAppender: Follower failed (request=null, errorCount=288); keep nextIndex (184) unchanged and retry. (Repeated 2 times in the last 4.999s)
2025-04-24 14:05:06,003 [timer0] WARN  server.GrpcLogAppender (GrpcLogAppender.java:lambda$resetClient$1(221)) - omNode-1@group-523986131536->omNode-3-GrpcLogAppender: Follower failed (request=null, errorCount=290); keep nextIndex (185) unchanged and retry. (Repeated 2 times in the last 5.000s)
2025-04-24 14:05:06,008 [timer3] WARN  server.GrpcLogAppender (GrpcLogAppender.java:lambda$resetClient$1(221)) - omNode-1@group-523986131536->omNode-3-GrpcLogAppender: Follower failed (request=null, errorCount=292); keep nextIndex (186) unchanged and retry. (Repeated 2 times in the last 5.001s)
2025-04-24 14:05:06,010 [timer6] WARN  server.GrpcLogAppender (GrpcLogAppender.java:lambda$resetClient$1(221)) - omNode-1@group-523986131536->omNode-3-GrpcLogAppender: Follower failed (request=null, errorCount=294); keep nextIndex (187) unchanged and retry. (Repeated 2 times in the last 5.001s)
2025-04-24 14:05:06,020 [timer3] WARN  server.GrpcLogAppender (GrpcLogAppender.java:lambda$resetClient$1(221)) - omNode-1@group-523986131536->omNode-3-GrpcLogAppender: Follower failed (request=null, errorCount=296); keep nextIndex (188) unchanged and retry. (Repeated 2 times in the last 5.000s)
2025-04-24 14:05:06,022 [timer5] WARN  server.GrpcLogAppender (GrpcLogAppender.java:lambda$resetClient$1(221)) - omNode-1@group-523986131536->omNode-3-GrpcLogAppender: Follower failed (request=null, errorCount=298); keep nextIndex (189) unchanged and retry. (Repeated 2 times in the last 5.001s)
2025-04-24 14:05:06,026 [timer0] WARN  server.GrpcLogAppender (GrpcLogAppender.java:lambda$resetClient$1(221)) - omNode-1@group-523986131536->omNode-3-GrpcLogAppender: Follower failed (request=null, errorCount=300); keep nextIndex (190) unchanged and retry. (Repeated 2 times in the last 5.000s)
2025-04-24 14:05:06,028 [timer3] WARN  server.GrpcLogAppender (GrpcLogAppender.java:lambda$resetClient$1(221)) - omNode-1@group-523986131536->omNode-3-GrpcLogAppender: Follower failed (request=null, errorCount=302); keep nextIndex (191) unchanged and retry. (Repeated 2 times in the last 5.000s)
2025-04-24 14:05:06,036 [timer0] WARN  server.GrpcLogAppender (GrpcLogAppender.java:lambda$resetClient$1(221)) - omNode-1@group-523986131536->omNode-3-GrpcLogAppender: Follower failed (request=null, errorCount=304); keep nextIndex (192) unchanged and retry. (Repeated 2 times in the last 5.000s)
2025-04-24 14:05:06,039 [timer3] WARN  server.GrpcLogAppender (GrpcLogAppender.java:lambda$resetClient$1(221)) - omNode-1@group-523986131536->omNode-3-GrpcLogAppender: Follower failed (request=null, errorCount=306); keep nextIndex (193) unchanged and retry. (Repeated 2 times in the last 5.000s)
2025-04-24 14:05:06,043 [timer6] WARN  server.GrpcLogAppender (GrpcLogAppender.java:lambda$resetClient$1(221)) - omNode-1@group-523986131536->omNode-3-GrpcLogAppender: Follower failed (request=null, errorCount=308); keep nextIndex (194) unchanged and retry. (Repeated 2 times in the last 5.000s)
2025-04-24 14:05:06,044 [timer0] WARN  server.GrpcLogAppender (GrpcLogAppender.java:lambda$resetClient$1(221)) - omNode-1@group-523986131536->omNode-3-GrpcLogAppender: Follower failed (request=null, errorCount=310); keep nextIndex (195) unchanged and retry. (Repeated 2 times in the last 5.000s)
2025-04-24 14:05:06,053 [timer6] WARN  server.GrpcLogAppender (GrpcLogAppender.java:lambda$resetClient$1(221)) - omNode-1@group-523986131536->omNode-3-GrpcLogAppender: Follower failed (request=null, errorCount=312); keep nextIndex (196) unchanged and retry. (Repeated 2 times in the last 5.000s)
2025-04-24 14:05:06,055 [timer1] WARN  server.GrpcLogAppender (GrpcLogAppender.java:lambda$resetClient$1(221)) - omNode-1@group-523986131536->omNode-3-GrpcLogAppender: Follower failed (request=null, errorCount=314); keep nextIndex (197) unchanged and retry. (Repeated 2 times in the last 5.000s)
2025-04-24 14:05:06,059 [timer4] WARN  server.GrpcLogAppender (GrpcLogAppender.java:lambda$resetClient$1(221)) - omNode-1@group-523986131536->omNode-3-GrpcLogAppender: Follower failed (request=null, errorCount=316); keep nextIndex (198) unchanged and retry. (Repeated 2 times in the last 5.000s)
2025-04-24 14:05:06,123 [timer7] WARN  server.GrpcLogAppender (GrpcLogAppender.java:lambda$resetClient$1(221)) - omNode-1@group-523986131536->omNode-3-GrpcLogAppender: Follower failed (request=null, errorCount=318); keep nextIndex (199) unchanged and retry. (Repeated 2 times in the last 5.000s)
2025-04-24 14:05:06,130 [timer4] WARN  server.GrpcLogAppender (GrpcLogAppender.java:lambda$resetClient$1(221)) - omNode-1@group-523986131536->omNode-3-GrpcLogAppender: Follower failed (request=null, errorCount=320); keep nextIndex (200) unchanged and retry. (Repeated 2 times in the last 5.000s)
2025-04-24 14:05:06,132 [timer7] WARN  server.GrpcLogAppender (GrpcLogAppender.java:lambda$resetClient$1(221)) - omNode-1@group-523986131536->omNode-3-GrpcLogAppender: Follower failed (request=null, errorCount=322); keep nextIndex (201) unchanged and retry. (Repeated 2 times in the last 5.000s)
2025-04-24 14:05:06,138 [timer2] WARN  server.GrpcLogAppender (GrpcLogAppender.java:lambda$resetClient$1(221)) - omNode-1@group-523986131536->omNode-3-GrpcLogAppender: Follower failed (request=null, errorCount=324); keep nextIndex (202) unchanged and retry. (Repeated 2 times in the last 5.001s)
2025-04-24 14:05:06,138 [timer5] WARN  server.GrpcLogAppender (GrpcLogAppender.java:lambda$resetClient$1(221)) - omNode-1@group-523986131536->omNode-3-GrpcLogAppender: Follower failed (request=null, errorCount=328); keep nextIndex (203) unchanged and retry. (Repeated 4 times in the last 5.000s)
2025-04-24 14:05:06,165 [timer5] WARN  server.GrpcLogAppender (GrpcLogAppender.java:lambda$resetClient$1(221)) - omNode-1@group-523986131536->omNode-3-GrpcLogAppender: Follower failed (request=null, errorCount=330); keep nextIndex (205) unchanged and retry. (Repeated 2 times in the last 5.001s)
2025-04-24 14:05:06,168 [timer7] WARN  server.GrpcLogAppender (GrpcLogAppender.java:lambda$resetClient$1(221)) - omNode-1@group-523986131536->omNode-3-GrpcLogAppender: Follower failed (request=null, errorCount=332); keep nextIndex (206) unchanged and retry. (Repeated 2 times in the last 5.000s)
2025-04-24 14:05:06,170 [timer2] WARN  server.GrpcLogAppender (GrpcLogAppender.java:lambda$resetClient$1(221)) - omNode-1@group-523986131536->omNode-3-GrpcLogAppender: Follower failed (request=null, errorCount=334); keep nextIndex (207) unchanged and retry. (Repeated 2 times in the last 5.000s)
2025-04-24 14:05:06,176 [timer7] WARN  server.GrpcLogAppender (GrpcLogAppender.java:lambda$resetClient$1(221)) - omNode-1@group-523986131536->omNode-3-GrpcLogAppender: Follower failed (request=null, errorCount=336); keep nextIndex (208) unchanged and retry. (Repeated 2 times in the last 5.000s)
2025-04-24 14:05:06,178 [timer2] WARN  server.GrpcLogAppender (GrpcLogAppender.java:lambda$resetClient$1(221)) - omNode-1@group-523986131536->omNode-3-GrpcLogAppender: Follower failed (request=null, errorCount=338); keep nextIndex (209) unchanged and retry. (Repeated 2 times in the last 5.000s)
2025-04-24 14:05:06,181 [timer4] WARN  server.GrpcLogAppender (GrpcLogAppender.java:lambda$resetClient$1(221)) - omNode-1@group-523986131536->omNode-3-GrpcLogAppender: Follower failed (request=null, errorCount=340); keep nextIndex (210) unchanged and retry. (Repeated 2 times in the last 5.000s)
2025-04-24 14:05:06,182 [timer7] WARN  server.GrpcLogAppender (GrpcLogAppender.java:lambda$resetClient$1(221)) - omNode-1@group-523986131536->omNode-3-GrpcLogAppender: Follower failed (request=null, errorCount=342); keep nextIndex (211) unchanged and retry. (Repeated 2 times in the last 5.000s)
2025-04-24 14:05:06,192 [timer4] WARN  server.GrpcLogAppender (GrpcLogAppender.java:lambda$resetClient$1(221)) - omNode-1@group-523986131536->omNode-3-GrpcLogAppender: Follower failed (request=null, errorCount=344); keep nextIndex (212) unchanged and retry. (Repeated 2 times in the last 5.001s)
2025-04-24 14:05:06,194 [timer7] WARN  server.GrpcLogAppender (GrpcLogAppender.java:lambda$resetClient$1(221)) - omNode-1@group-523986131536->omNode-3-GrpcLogAppender: Follower failed (request=null, errorCount=346); keep nextIndex (213) unchanged and retry. (Repeated 2 times in the last 5.001s)
2025-04-24 14:05:06,197 [timer2] WARN  server.GrpcLogAppender (GrpcLogAppender.java:lambda$resetClient$1(221)) - omNode-1@group-523986131536->omNode-3-GrpcLogAppender: Follower failed (request=null, errorCount=348); keep nextIndex (214) unchanged and retry. (Repeated 2 times in the last 5.000s)
2025-04-24 14:05:06,199 [timer5] WARN  server.GrpcLogAppender (GrpcLogAppender.java:lambda$resetClient$1(221)) - omNode-1@group-523986131536->omNode-3-GrpcLogAppender: Follower failed (request=null, errorCount=350); keep nextIndex (215) unchanged and retry. (Repeated 2 times in the last 5.001s)
2025-04-24 14:05:06,205 [timer2] WARN  server.GrpcLogAppender (GrpcLogAppender.java:lambda$resetClient$1(221)) - omNode-1@group-523986131536->omNode-3-GrpcLogAppender: Follower failed (request=null, errorCount=352); keep nextIndex (216) unchanged and retry. (Repeated 2 times in the last 5.000s)
2025-04-24 14:05:06,206 [timer5] WARN  server.GrpcLogAppender (GrpcLogAppender.java:lambda$resetClient$1(221)) - omNode-1@group-523986131536->omNode-3-GrpcLogAppender: Follower failed (request=null, errorCount=354); keep nextIndex (217) unchanged and retry. (Repeated 2 times in the last 5.000s)
2025-04-24 14:05:06,211 [timer0] WARN  server.GrpcLogAppender (GrpcLogAppender.java:lambda$resetClient$1(221)) - omNode-1@group-523986131536->omNode-3-GrpcLogAppender: Follower failed (request=null, errorCount=356); keep nextIndex (218) unchanged and retry. (Repeated 2 times in the last 5.001s)
2025-04-24 14:05:06,212 [timer3] WARN  server.GrpcLogAppender (GrpcLogAppender.java:lambda$resetClient$1(221)) - omNode-1@group-523986131536->omNode-3-GrpcLogAppender: Follower failed (request=null, errorCount=358); keep nextIndex (219) unchanged and retry. (Repeated 2 times in the last 5.000s)
2025-04-24 14:05:06,221 [timer0] WARN  server.GrpcLogAppender (GrpcLogAppender.java:lambda$resetClient$1(221)) - omNode-1@group-523986131536->omNode-3-GrpcLogAppender: Follower failed (request=null, errorCount=360); keep nextIndex (220) unchanged and retry. (Repeated 2 times in the last 5.001s)
2025-04-24 14:05:06,221 [timer2] WARN  server.GrpcLogAppender (GrpcLogAppender.java:lambda$resetClient$1(221)) - omNode-1@group-523986131536->omNode-3-GrpcLogAppender: Follower failed (request=null, errorCount=362); keep nextIndex (221) unchanged and retry. (Repeated 2 times in the last 5.000s)
2025-04-24 14:05:06,227 [timer0] WARN  server.GrpcLogAppender (GrpcLogAppender.java:lambda$resetClient$1(221)) - omNode-1@group-523986131536->omNode-3-GrpcLogAppender: Follower failed (request=null, errorCount=366); keep nextIndex (223) unchanged and retry. (Repeated 2 times in the last 4.999s)
2025-04-24 14:05:06,227 [timer7] WARN  server.GrpcLogAppender (GrpcLogAppender.java:lambda$resetClient$1(221)) - omNode-1@group-523986131536->omNode-3-GrpcLogAppender: Follower failed (request=null, errorCount=364); keep nextIndex (222) unchanged and retry. (Repeated 2 times in the last 5.001s)
2025-04-24 14:05:06,236 [timer6] WARN  server.GrpcLogAppender (GrpcLogAppender.java:lambda$resetClient$1(221)) - omNode-1@group-523986131536->omNode-3-GrpcLogAppender: Follower failed (request=null, errorCount=368); keep nextIndex (224) unchanged and retry. (Repeated 2 times in the last 5.001s)
2025-04-24 14:05:06,237 [timer1] WARN  server.GrpcLogAppender (GrpcLogAppender.java:lambda$resetClient$1(221)) - omNode-1@group-523986131536->omNode-3-GrpcLogAppender: Follower failed (request=null, errorCount=370); keep nextIndex (225) unchanged and retry. (Repeated 2 times in the last 5.000s)
2025-04-24 14:05:06,242 [timer4] WARN  server.GrpcLogAppender (GrpcLogAppender.java:lambda$resetClient$1(221)) - omNode-1@group-523986131536->omNode-3-GrpcLogAppender: Follower failed (request=null, errorCount=372); keep nextIndex (226) unchanged and retry. (Repeated 2 times in the last 5.001s)
2025-04-24 14:05:06,245 [timer7] WARN  server.GrpcLogAppender (GrpcLogAppender.java:lambda$resetClient$1(221)) - omNode-1@group-523986131536->omNode-3-GrpcLogAppender: Follower failed (request=null, errorCount=374); keep nextIndex (227) unchanged and retry. (Repeated 2 times in the last 5.000s)
2025-04-24 14:05:06,254 [timer4] WARN  server.GrpcLogAppender (GrpcLogAppender.java:lambda$resetClient$1(221)) - omNode-1@group-523986131536->omNode-3-GrpcLogAppender: Follower failed (request=null, errorCount=376); keep nextIndex (228) unchanged and retry. (Repeated 2 times in the last 5.001s)
2025-04-24 14:05:06,255 [timer7] WARN  server.GrpcLogAppender (GrpcLogAppender.java:lambda$resetClient$1(221)) - omNode-1@group-523986131536->omNode-3-GrpcLogAppender: Follower failed (request=null, errorCount=378); keep nextIndex (229) unchanged and retry. (Repeated 2 times in the last 5.000s)
2025-04-24 14:05:06,261 [timer2] WARN  server.GrpcLogAppender (GrpcLogAppender.java:lambda$resetClient$1(221)) - omNode-1@group-523986131536->omNode-3-GrpcLogAppender: Follower failed (request=null, errorCount=380); keep nextIndex (230) unchanged and retry. (Repeated 2 times in the last 5.000s)
2025-04-24 14:05:06,264 [timer5] WARN  server.GrpcLogAppender (GrpcLogAppender.java:lambda$resetClient$1(221)) - omNode-1@group-523986131536->omNode-3-GrpcLogAppender: Follower failed (request=null, errorCount=382); keep nextIndex (231) unchanged and retry. (Repeated 2 times in the last 5.001s)
2025-04-24 14:05:06,271 [omNode-3@group-523986131536-FollowerState] INFO  impl.FollowerState (FollowerState.java:runImpl(161)) - omNode-3@group-523986131536-FollowerState: change to CANDIDATE, lastRpcElapsedTime:1008382974ns, electionTimeout:1008ms
2025-04-24 14:05:06,271 [omNode-3@group-523986131536-FollowerState] INFO  impl.RoleInfo (RoleInfo.java:shutdownFollowerState(121)) - omNode-3: shutdown omNode-3@group-523986131536-FollowerState
2025-04-24 14:05:06,271 [omNode-3@group-523986131536-FollowerState] INFO  server.RaftServer$Division (RaftServerImpl.java:setRole(378)) - omNode-3@group-523986131536: changes role from  FOLLOWER to CANDIDATE at term 1 for changeToCandidate
2025-04-24 14:05:06,272 [omNode-3@group-523986131536-FollowerState] INFO  server.RaftServerConfigKeys (ConfUtils.java:logGet(46)) - raft.server.leaderelection.pre-vote = true (default)
2025-04-24 14:05:06,272 [omNode-3@group-523986131536-FollowerState] INFO  impl.RoleInfo (RoleInfo.java:updateAndGet(148)) - omNode-3: start omNode-3@group-523986131536-LeaderElection48
2025-04-24 14:05:06,272 [timer2] WARN  server.GrpcLogAppender (GrpcLogAppender.java:lambda$resetClient$1(221)) - omNode-1@group-523986131536->omNode-3-GrpcLogAppender: Follower failed (request=null, errorCount=384); keep nextIndex (232) unchanged and retry. (Repeated 2 times in the last 5.001s)
2025-04-24 14:05:06,272 [timer5] WARN  server.GrpcLogAppender (GrpcLogAppender.java:lambda$resetClient$1(221)) - omNode-1@group-523986131536->omNode-3-GrpcLogAppender: Follower failed (request=null, errorCount=386); keep nextIndex (233) unchanged and retry. (Repeated 2 times in the last 5.000s)
2025-04-24 14:05:06,272 [omNode-3@group-523986131536-LeaderElection48] INFO  impl.LeaderElection (LeaderElection.java:askForVotes(332)) - omNode-3@group-523986131536-LeaderElection48 PRE_VOTE round 0: submit vote requests at term 1 for conf: {index: 0, cur=peers:[omNode-3|localhost:15059, omNode-1|localhost:15051, omNode-2|localhost:15055]|listeners:[], old=null}
2025-04-24 14:05:06,274 [grpc-default-executor-3] INFO  server.RaftServer$Division (RaftServerImpl.java:requestVote(1407)) - omNode-1@group-523986131536: receive requestVote(PRE_VOTE, omNode-3, group-523986131536, 1, (t:1, i:44))
2025-04-24 14:05:06,274 [grpc-default-executor-3] INFO  impl.VoteContext (VoteContext.java:log(49)) - omNode-1@group-523986131536-LEADER: reject PRE_VOTE from omNode-3: this server is the leader and still has leadership
2025-04-24 14:05:06,274 [grpc-default-executor-3] INFO  server.RaftServer$Division (RaftServerImpl.java:requestVote(1441)) - omNode-1@group-523986131536 replies to PRE_VOTE vote request: omNode-3<-omNode-1#0:FAIL-t1. Peer's state: omNode-1@group-523986131536:t1, leader=omNode-1, voted=omNode-1, raftlog=Memoized:omNode-1@group-523986131536-SegmentedRaftLog:OPENED:c544:last(t:1, i:544), conf=conf: {index: 0, cur=peers:[omNode-3|localhost:15059, omNode-1|localhost:15051, omNode-2|localhost:15055]|listeners:[], old=null}
2025-04-24 14:05:06,275 [grpc-default-executor-3] INFO  server.RaftServer$Division (RaftServerImpl.java:requestVote(1407)) - omNode-2@group-523986131536: receive requestVote(PRE_VOTE, omNode-3, group-523986131536, 1, (t:1, i:44))
2025-04-24 14:05:06,275 [grpc-default-executor-3] INFO  impl.VoteContext (VoteContext.java:log(49)) - omNode-2@group-523986131536-FOLLOWER: reject PRE_VOTE from omNode-3: this server is a follower and still has a valid leader omNode-1 different than the candidate omNode-3
2025-04-24 14:05:06,275 [grpc-default-executor-3] INFO  server.RaftServer$Division (RaftServerImpl.java:requestVote(1441)) - omNode-2@group-523986131536 replies to PRE_VOTE vote request: omNode-3<-omNode-2#0:FAIL-t1. Peer's state: omNode-2@group-523986131536:t1, leader=omNode-1, voted=omNode-1, raftlog=Memoized:omNode-2@group-523986131536-SegmentedRaftLog:OPENED:c544:last(t:1, i:544), conf=conf: {index: 0, cur=peers:[omNode-3|localhost:15059, omNode-1|localhost:15051, omNode-2|localhost:15055]|listeners:[], old=null}
2025-04-24 14:05:06,275 [omNode-3@group-523986131536-LeaderElection48] INFO  impl.LeaderElection (LeaderElection.java:logAndReturn(90)) - omNode-3@group-523986131536-LeaderElection48: PRE_VOTE REJECTED received 2 response(s) and 0 exception(s):
2025-04-24 14:05:06,275 [omNode-3@group-523986131536-LeaderElection48] INFO  impl.LeaderElection (LeaderElection.java:logAndReturn(94)) -   Response 0: omNode-3<-omNode-1#0:FAIL-t1
2025-04-24 14:05:06,275 [omNode-3@group-523986131536-LeaderElection48] INFO  impl.LeaderElection (LeaderElection.java:logAndReturn(94)) -   Response 1: omNode-3<-omNode-2#0:FAIL-t1
2025-04-24 14:05:06,276 [omNode-3@group-523986131536-LeaderElection48] INFO  impl.LeaderElection (LeaderElection.java:askForVotes(334)) - omNode-3@group-523986131536-LeaderElection48 PRE_VOTE round 0: result REJECTED
2025-04-24 14:05:06,276 [omNode-3@group-523986131536-LeaderElection48] INFO  server.RaftServer$Division (RaftServerImpl.java:setRole(378)) - omNode-3@group-523986131536: changes role from CANDIDATE to FOLLOWER at term 1 for REJECTED
2025-04-24 14:05:06,276 [omNode-3@group-523986131536-LeaderElection48] INFO  impl.RoleInfo (RoleInfo.java:shutdownLeaderElection(141)) - omNode-3: shutdown omNode-3@group-523986131536-LeaderElection48
2025-04-24 14:05:06,276 [omNode-3@group-523986131536-LeaderElection48] INFO  impl.RoleInfo (RoleInfo.java:updateAndGet(148)) - omNode-3: start omNode-3@group-523986131536-FollowerState
2025-04-24 14:05:06,277 [timer0] WARN  server.GrpcLogAppender (GrpcLogAppender.java:lambda$resetClient$1(221)) - omNode-1@group-523986131536->omNode-3-GrpcLogAppender: Follower failed (request=null, errorCount=388); keep nextIndex (234) unchanged and retry. (Repeated 2 times in the last 5.000s)
2025-04-24 14:05:06,278 [timer3] WARN  server.GrpcLogAppender (GrpcLogAppender.java:lambda$resetClient$1(221)) - omNode-1@group-523986131536->omNode-3-GrpcLogAppender: Follower failed (request=null, errorCount=390); keep nextIndex (235) unchanged and retry. (Repeated 2 times in the last 5.000s)
2025-04-24 14:05:06,286 [timer0] WARN  server.GrpcLogAppender (GrpcLogAppender.java:lambda$resetClient$1(221)) - omNode-1@group-523986131536->omNode-3-GrpcLogAppender: Follower failed (request=null, errorCount=392); keep nextIndex (236) unchanged and retry. (Repeated 2 times in the last 5.000s)
2025-04-24 14:05:06,290 [timer3] WARN  server.GrpcLogAppender (GrpcLogAppender.java:lambda$resetClient$1(221)) - omNode-1@group-523986131536->omNode-3-GrpcLogAppender: Follower failed (request=null, errorCount=394); keep nextIndex (237) unchanged and retry. (Repeated 2 times in the last 5.001s)
2025-04-24 14:05:06,295 [timer5] WARN  server.GrpcLogAppender (GrpcLogAppender.java:lambda$resetClient$1(221)) - omNode-1@group-523986131536->omNode-3-GrpcLogAppender: Follower failed (request=null, errorCount=396); keep nextIndex (238) unchanged and retry. (Repeated 2 times in the last 5.000s)
2025-04-24 14:05:06,297 [timer1] WARN  server.GrpcLogAppender (GrpcLogAppender.java:lambda$resetClient$1(221)) - omNode-1@group-523986131536->omNode-3-GrpcLogAppender: Follower failed (request=null, errorCount=398); keep nextIndex (239) unchanged and retry. (Repeated 2 times in the last 5.000s)
2025-04-24 14:05:06,306 [timer5] WARN  server.GrpcLogAppender (GrpcLogAppender.java:lambda$resetClient$1(221)) - omNode-1@group-523986131536->omNode-3-GrpcLogAppender: Follower failed (request=null, errorCount=400); keep nextIndex (240) unchanged and retry. (Repeated 2 times in the last 5.000s)
2025-04-24 14:05:06,308 [timer1] WARN  server.GrpcLogAppender (GrpcLogAppender.java:lambda$resetClient$1(221)) - omNode-1@group-523986131536->omNode-3-GrpcLogAppender: Follower failed (request=null, errorCount=402); keep nextIndex (241) unchanged and retry. (Repeated 2 times in the last 5.000s)
2025-04-24 14:05:06,314 [timer4] WARN  server.GrpcLogAppender (GrpcLogAppender.java:lambda$resetClient$1(221)) - omNode-1@group-523986131536->omNode-3-GrpcLogAppender: Follower failed (request=null, errorCount=404); keep nextIndex (242) unchanged and retry. (Repeated 2 times in the last 5.000s)
2025-04-24 14:05:06,315 [timer7] WARN  server.GrpcLogAppender (GrpcLogAppender.java:lambda$resetClient$1(221)) - omNode-1@group-523986131536->omNode-3-GrpcLogAppender: Follower failed (request=null, errorCount=406); keep nextIndex (243) unchanged and retry. (Repeated 2 times in the last 5.000s)
2025-04-24 14:05:06,326 [timer3] WARN  server.GrpcLogAppender (GrpcLogAppender.java:lambda$resetClient$1(221)) - omNode-1@group-523986131536->omNode-3-GrpcLogAppender: Follower failed (request=null, errorCount=408); keep nextIndex (244) unchanged and retry. (Repeated 2 times in the last 5.001s)
2025-04-24 14:05:06,327 [timer6] WARN  server.GrpcLogAppender (GrpcLogAppender.java:lambda$resetClient$1(221)) - omNode-1@group-523986131536->omNode-3-GrpcLogAppender: Follower failed (request=null, errorCount=410); keep nextIndex (245) unchanged and retry. (Repeated 2 times in the last 5.000s)
2025-04-24 14:05:06,333 [timer0] WARN  server.GrpcLogAppender (GrpcLogAppender.java:lambda$resetClient$1(221)) - omNode-1@group-523986131536->omNode-3-GrpcLogAppender: Follower failed (request=null, errorCount=412); keep nextIndex (246) unchanged and retry. (Repeated 2 times in the last 5.001s)
2025-04-24 14:05:06,339 [timer4] WARN  server.GrpcLogAppender (GrpcLogAppender.java:lambda$resetClient$1(221)) - omNode-1@group-523986131536->omNode-3-GrpcLogAppender: Follower failed (request=null, errorCount=414); keep nextIndex (247) unchanged and retry. (Repeated 2 times in the last 5.000s)
2025-04-24 14:05:06,356 [timer6] WARN  server.GrpcLogAppender (GrpcLogAppender.java:lambda$resetClient$1(221)) - omNode-1@group-523986131536->omNode-3-GrpcLogAppender: Follower failed (request=null, errorCount=416); keep nextIndex (248) unchanged and retry. (Repeated 2 times in the last 5.000s)
2025-04-24 14:05:06,357 [timer1] WARN  server.GrpcLogAppender (GrpcLogAppender.java:lambda$resetClient$1(221)) - omNode-1@group-523986131536->omNode-3-GrpcLogAppender: Follower failed (request=null, errorCount=418); keep nextIndex (249) unchanged and retry. (Repeated 2 times in the last 5.000s)
2025-04-24 14:05:06,365 [timer7] WARN  server.GrpcLogAppender (GrpcLogAppender.java:lambda$resetClient$1(221)) - omNode-1@group-523986131536->omNode-3-GrpcLogAppender: Follower failed (request=null, errorCount=420); keep nextIndex (250) unchanged and retry. (Repeated 2 times in the last 5.001s)
2025-04-24 14:05:06,366 [timer0] WARN  server.GrpcLogAppender (GrpcLogAppender.java:lambda$resetClient$1(221)) - omNode-1@group-523986131536->omNode-3-GrpcLogAppender: Follower failed (request=null, errorCount=422); keep nextIndex (251) unchanged and retry. (Repeated 2 times in the last 5.000s)
2025-04-24 14:05:06,377 [timer4] WARN  server.GrpcLogAppender (GrpcLogAppender.java:lambda$resetClient$1(221)) - omNode-1@group-523986131536->omNode-3-GrpcLogAppender: Follower failed (request=null, errorCount=424); keep nextIndex (252) unchanged and retry. (Repeated 2 times in the last 5.000s)
2025-04-24 14:05:06,378 [timer7] WARN  server.GrpcLogAppender (GrpcLogAppender.java:lambda$resetClient$1(221)) - omNode-1@group-523986131536->omNode-3-GrpcLogAppender: Follower failed (request=null, errorCount=426); keep nextIndex (253) unchanged and retry. (Repeated 2 times in the last 5.000s)
2025-04-24 14:05:06,393 [timer3] WARN  server.GrpcLogAppender (GrpcLogAppender.java:lambda$resetClient$1(221)) - omNode-1@group-523986131536->omNode-3-GrpcLogAppender: Follower failed (request=null, errorCount=428); keep nextIndex (254) unchanged and retry. (Repeated 2 times in the last 5.000s)
2025-04-24 14:05:06,396 [timer6] WARN  server.GrpcLogAppender (GrpcLogAppender.java:lambda$resetClient$1(221)) - omNode-1@group-523986131536->omNode-3-GrpcLogAppender: Follower failed (request=null, errorCount=430); keep nextIndex (255) unchanged and retry. (Repeated 2 times in the last 5.000s)
2025-04-24 14:05:06,410 [timer2] WARN  server.GrpcLogAppender (GrpcLogAppender.java:lambda$resetClient$1(221)) - omNode-1@group-523986131536->omNode-3-GrpcLogAppender: Follower failed (request=null, errorCount=432); keep nextIndex (256) unchanged and retry. (Repeated 2 times in the last 4.999s)
2025-04-24 14:05:06,412 [timer5] WARN  server.GrpcLogAppender (GrpcLogAppender.java:lambda$resetClient$1(221)) - omNode-1@group-523986131536->omNode-3-GrpcLogAppender: Follower failed (request=null, errorCount=436); keep nextIndex (257) unchanged and retry. (Repeated 4 times in the last 5.000s)
2025-04-24 14:05:06,419 [timer0] WARN  server.GrpcLogAppender (GrpcLogAppender.java:lambda$resetClient$1(221)) - omNode-1@group-523986131536->omNode-3-GrpcLogAppender: Follower failed (request=null, errorCount=438); keep nextIndex (258) unchanged and retry. (Repeated 2 times in the last 5.000s)
2025-04-24 14:05:06,421 [timer3] WARN  server.GrpcLogAppender (GrpcLogAppender.java:lambda$resetClient$1(221)) - omNode-1@group-523986131536->omNode-3-GrpcLogAppender: Follower failed (request=null, errorCount=440); keep nextIndex (259) unchanged and retry. (Repeated 2 times in the last 5.000s)
2025-04-24 14:05:06,430 [timer0] WARN  server.GrpcLogAppender (GrpcLogAppender.java:lambda$resetClient$1(221)) - omNode-1@group-523986131536->omNode-3-GrpcLogAppender: Follower failed (request=null, errorCount=442); keep nextIndex (260) unchanged and retry. (Repeated 2 times in the last 5.000s)
2025-04-24 14:05:06,432 [timer3] WARN  server.GrpcLogAppender (GrpcLogAppender.java:lambda$resetClient$1(221)) - omNode-1@group-523986131536->omNode-3-GrpcLogAppender: Follower failed (request=null, errorCount=444); keep nextIndex (261) unchanged and retry. (Repeated 2 times in the last 5.000s)
2025-04-24 14:05:06,438 [timer6] WARN  server.GrpcLogAppender (GrpcLogAppender.java:lambda$resetClient$1(221)) - omNode-1@group-523986131536->omNode-3-GrpcLogAppender: Follower failed (request=null, errorCount=446); keep nextIndex (262) unchanged and retry. (Repeated 2 times in the last 5.000s)
2025-04-24 14:05:06,439 [timer1] WARN  server.GrpcLogAppender (GrpcLogAppender.java:lambda$resetClient$1(221)) - omNode-1@group-523986131536->omNode-3-GrpcLogAppender: Follower failed (request=null, errorCount=448); keep nextIndex (263) unchanged and retry. (Repeated 2 times in the last 5.000s)
2025-04-24 14:05:06,450 [timer6] WARN  server.GrpcLogAppender (GrpcLogAppender.java:lambda$resetClient$1(221)) - omNode-1@group-523986131536->omNode-3-GrpcLogAppender: Follower failed (request=null, errorCount=450); keep nextIndex (264) unchanged and retry. (Repeated 2 times in the last 5.000s)
2025-04-24 14:05:06,452 [timer0] WARN  server.GrpcLogAppender (GrpcLogAppender.java:lambda$resetClient$1(221)) - omNode-1@group-523986131536->omNode-3-GrpcLogAppender: Follower failed (request=null, errorCount=452); keep nextIndex (265) unchanged and retry. (Repeated 2 times in the last 5.000s)
2025-04-24 14:05:06,459 [timer3] WARN  server.GrpcLogAppender (GrpcLogAppender.java:lambda$resetClient$1(221)) - omNode-1@group-523986131536->omNode-3-GrpcLogAppender: Follower failed (request=null, errorCount=454); keep nextIndex (266) unchanged and retry. (Repeated 2 times in the last 5.000s)
2025-04-24 14:05:06,461 [timer6] WARN  server.GrpcLogAppender (GrpcLogAppender.java:lambda$resetClient$1(221)) - omNode-1@group-523986131536->omNode-3-GrpcLogAppender: Follower failed (request=null, errorCount=456); keep nextIndex (267) unchanged and retry. (Repeated 2 times in the last 5.000s)
2025-04-24 14:05:06,472 [timer3] WARN  server.GrpcLogAppender (GrpcLogAppender.java:lambda$resetClient$1(221)) - omNode-1@group-523986131536->omNode-3-GrpcLogAppender: Follower failed (request=null, errorCount=458); keep nextIndex (268) unchanged and retry. (Repeated 2 times in the last 5.001s)
2025-04-24 14:05:06,476 [timer6] WARN  server.GrpcLogAppender (GrpcLogAppender.java:lambda$resetClient$1(221)) - omNode-1@group-523986131536->omNode-3-GrpcLogAppender: Follower failed (request=null, errorCount=460); keep nextIndex (269) unchanged and retry. (Repeated 2 times in the last 5.000s)
2025-04-24 14:05:06,480 [timer1] WARN  server.GrpcLogAppender (GrpcLogAppender.java:lambda$resetClient$1(221)) - omNode-1@group-523986131536->omNode-3-GrpcLogAppender: Follower failed (request=null, errorCount=462); keep nextIndex (270) unchanged and retry. (Repeated 2 times in the last 5.001s)
2025-04-24 14:05:06,482 [timer4] WARN  server.GrpcLogAppender (GrpcLogAppender.java:lambda$resetClient$1(221)) - omNode-1@group-523986131536->omNode-3-GrpcLogAppender: Follower failed (request=null, errorCount=464); keep nextIndex (271) unchanged and retry. (Repeated 2 times in the last 5.001s)
2025-04-24 14:05:06,492 [timer1] WARN  server.GrpcLogAppender (GrpcLogAppender.java:lambda$resetClient$1(221)) - omNode-1@group-523986131536->omNode-3-GrpcLogAppender: Follower failed (request=null, errorCount=466); keep nextIndex (272) unchanged and retry. (Repeated 2 times in the last 5.001s)
2025-04-24 14:05:06,493 [timer3] WARN  server.GrpcLogAppender (GrpcLogAppender.java:lambda$resetClient$1(221)) - omNode-1@group-523986131536->omNode-3-GrpcLogAppender: Follower failed (request=null, errorCount=468); keep nextIndex (273) unchanged and retry. (Repeated 2 times in the last 5.000s)
2025-04-24 14:05:06,499 [timer7] WARN  server.GrpcLogAppender (GrpcLogAppender.java:lambda$resetClient$1(221)) - omNode-1@group-523986131536->omNode-3-GrpcLogAppender: Follower failed (request=null, errorCount=470); keep nextIndex (274) unchanged and retry. (Repeated 2 times in the last 4.999s)
2025-04-24 14:05:06,502 [timer2] WARN  server.GrpcLogAppender (GrpcLogAppender.java:lambda$resetClient$1(221)) - omNode-1@group-523986131536->omNode-3-GrpcLogAppender: Follower failed (request=null, errorCount=472); keep nextIndex (275) unchanged and retry. (Repeated 2 times in the last 5.000s)
2025-04-24 14:05:06,514 [timer7] WARN  server.GrpcLogAppender (GrpcLogAppender.java:lambda$resetClient$1(221)) - omNode-1@group-523986131536->omNode-3-GrpcLogAppender: Follower failed (request=null, errorCount=474); keep nextIndex (276) unchanged and retry. (Repeated 2 times in the last 5.000s)
2025-04-24 14:05:06,518 [timer2] WARN  server.GrpcLogAppender (GrpcLogAppender.java:lambda$resetClient$1(221)) - omNode-1@group-523986131536->omNode-3-GrpcLogAppender: Follower failed (request=null, errorCount=476); keep nextIndex (277) unchanged and retry. (Repeated 2 times in the last 5.001s)
2025-04-24 14:05:06,521 [timer5] WARN  server.GrpcLogAppender (GrpcLogAppender.java:lambda$resetClient$1(221)) - omNode-1@group-523986131536->omNode-3-GrpcLogAppender: Follower failed (request=null, errorCount=478); keep nextIndex (278) unchanged and retry. (Repeated 2 times in the last 5.001s)
2025-04-24 14:05:06,523 [timer7] WARN  server.GrpcLogAppender (GrpcLogAppender.java:lambda$resetClient$1(221)) - omNode-1@group-523986131536->omNode-3-GrpcLogAppender: Follower failed (request=null, errorCount=480); keep nextIndex (279) unchanged and retry. (Repeated 2 times in the last 5.000s)
2025-04-24 14:05:06,533 [timer5] WARN  server.GrpcLogAppender (GrpcLogAppender.java:lambda$resetClient$1(221)) - omNode-1@group-523986131536->omNode-3-GrpcLogAppender: Follower failed (request=null, errorCount=482); keep nextIndex (280) unchanged and retry. (Repeated 2 times in the last 5.000s)
2025-04-24 14:05:06,536 [timer0] WARN  server.GrpcLogAppender (GrpcLogAppender.java:lambda$resetClient$1(221)) - omNode-1@group-523986131536->omNode-3-GrpcLogAppender: Follower failed (request=null, errorCount=484); keep nextIndex (281) unchanged and retry. (Repeated 2 times in the last 5.001s)
2025-04-24 14:05:06,540 [timer2] WARN  server.GrpcLogAppender (GrpcLogAppender.java:lambda$resetClient$1(221)) - omNode-1@group-523986131536->omNode-3-GrpcLogAppender: Follower failed (request=null, errorCount=486); keep nextIndex (282) unchanged and retry. (Repeated 2 times in the last 5.000s)
2025-04-24 14:05:06,544 [timer5] WARN  server.GrpcLogAppender (GrpcLogAppender.java:lambda$resetClient$1(221)) - omNode-1@group-523986131536->omNode-3-GrpcLogAppender: Follower failed (request=null, errorCount=488); keep nextIndex (283) unchanged and retry. (Repeated 2 times in the last 5.000s)
2025-04-24 14:05:06,554 [timer1] WARN  server.GrpcLogAppender (GrpcLogAppender.java:lambda$resetClient$1(221)) - omNode-1@group-523986131536->omNode-3-GrpcLogAppender: Follower failed (request=null, errorCount=490); keep nextIndex (284) unchanged and retry. (Repeated 2 times in the last 5.001s)
2025-04-24 14:05:06,557 [timer5] WARN  server.GrpcLogAppender (GrpcLogAppender.java:lambda$resetClient$1(221)) - omNode-1@group-523986131536->omNode-3-GrpcLogAppender: Follower failed (request=null, errorCount=492); keep nextIndex (285) unchanged and retry. (Repeated 2 times in the last 5.001s)
2025-04-24 14:05:06,563 [timer1] WARN  server.GrpcLogAppender (GrpcLogAppender.java:lambda$resetClient$1(221)) - omNode-1@group-523986131536->omNode-3-GrpcLogAppender: Follower failed (request=null, errorCount=494); keep nextIndex (286) unchanged and retry. (Repeated 2 times in the last 5.000s)
2025-04-24 14:05:06,565 [timer3] WARN  server.GrpcLogAppender (GrpcLogAppender.java:lambda$resetClient$1(221)) - omNode-1@group-523986131536->omNode-3-GrpcLogAppender: Follower failed (request=null, errorCount=496); keep nextIndex (287) unchanged and retry. (Repeated 2 times in the last 5.000s)
2025-04-24 14:05:06,575 [timer0] WARN  server.GrpcLogAppender (GrpcLogAppender.java:lambda$resetClient$1(221)) - omNode-1@group-523986131536->omNode-3-GrpcLogAppender: Follower failed (request=null, errorCount=498); keep nextIndex (288) unchanged and retry. (Repeated 2 times in the last 5.001s)
2025-04-24 14:05:06,577 [timer3] WARN  server.GrpcLogAppender (GrpcLogAppender.java:lambda$resetClient$1(221)) - omNode-1@group-523986131536->omNode-3-GrpcLogAppender: Follower failed (request=null, errorCount=500); keep nextIndex (289) unchanged and retry. (Repeated 2 times in the last 5.000s)
2025-04-24 14:05:06,584 [timer6] WARN  server.GrpcLogAppender (GrpcLogAppender.java:lambda$resetClient$1(221)) - omNode-1@group-523986131536->omNode-3-GrpcLogAppender: Follower failed (request=null, errorCount=502); keep nextIndex (290) unchanged and retry. (Repeated 2 times in the last 5.002s)
2025-04-24 14:05:06,584 [timer0] WARN  server.GrpcLogAppender (GrpcLogAppender.java:lambda$resetClient$1(221)) - omNode-1@group-523986131536->omNode-3-GrpcLogAppender: Follower failed (request=null, errorCount=504); keep nextIndex (291) unchanged and retry. (Repeated 2 times in the last 5.000s)
2025-04-24 14:05:06,595 [timer5] WARN  server.GrpcLogAppender (GrpcLogAppender.java:lambda$resetClient$1(221)) - omNode-1@group-523986131536->omNode-3-GrpcLogAppender: Follower failed (request=null, errorCount=506); keep nextIndex (292) unchanged and retry. (Repeated 2 times in the last 5.001s)
2025-04-24 14:05:06,597 [timer0] WARN  server.GrpcLogAppender (GrpcLogAppender.java:lambda$resetClient$1(221)) - omNode-1@group-523986131536->omNode-3-GrpcLogAppender: Follower failed (request=null, errorCount=508); keep nextIndex (293) unchanged and retry. (Repeated 2 times in the last 5.001s)
2025-04-24 14:05:06,603 [timer3] WARN  server.GrpcLogAppender (GrpcLogAppender.java:lambda$resetClient$1(221)) - omNode-1@group-523986131536->omNode-3-GrpcLogAppender: Follower failed (request=null, errorCount=510); keep nextIndex (294) unchanged and retry. (Repeated 2 times in the last 5.000s)
2025-04-24 14:05:06,606 [timer6] WARN  server.GrpcLogAppender (GrpcLogAppender.java:lambda$resetClient$1(221)) - omNode-1@group-523986131536->omNode-3-GrpcLogAppender: Follower failed (request=null, errorCount=512); keep nextIndex (295) unchanged and retry. (Repeated 2 times in the last 5.001s)
2025-04-24 14:05:06,617 [timer3] WARN  server.GrpcLogAppender (GrpcLogAppender.java:lambda$resetClient$1(221)) - omNode-1@group-523986131536->omNode-3-GrpcLogAppender: Follower failed (request=null, errorCount=514); keep nextIndex (296) unchanged and retry. (Repeated 2 times in the last 5.001s)
2025-04-24 14:05:06,617 [timer5] WARN  server.GrpcLogAppender (GrpcLogAppender.java:lambda$resetClient$1(221)) - omNode-1@group-523986131536->omNode-3-GrpcLogAppender: Follower failed (request=null, errorCount=516); keep nextIndex (297) unchanged and retry. (Repeated 2 times in the last 5.000s)
2025-04-24 14:05:06,624 [timer1] WARN  server.GrpcLogAppender (GrpcLogAppender.java:lambda$resetClient$1(221)) - omNode-1@group-523986131536->omNode-3-GrpcLogAppender: Follower failed (request=null, errorCount=518); keep nextIndex (298) unchanged and retry. (Repeated 2 times in the last 5.000s)
2025-04-24 14:05:06,627 [timer4] WARN  server.GrpcLogAppender (GrpcLogAppender.java:lambda$resetClient$1(221)) - omNode-1@group-523986131536->omNode-3-GrpcLogAppender: Follower failed (request=null, errorCount=520); keep nextIndex (299) unchanged and retry. (Repeated 2 times in the last 5.001s)
2025-04-24 14:05:06,639 [timer1] WARN  server.GrpcLogAppender (GrpcLogAppender.java:lambda$resetClient$1(221)) - omNode-1@group-523986131536->omNode-3-GrpcLogAppender: Follower failed (request=null, errorCount=522); keep nextIndex (300) unchanged and retry. (Repeated 2 times in the last 5.001s)
2025-04-24 14:05:06,640 [timer4] WARN  server.GrpcLogAppender (GrpcLogAppender.java:lambda$resetClient$1(221)) - omNode-1@group-523986131536->omNode-3-GrpcLogAppender: Follower failed (request=null, errorCount=524); keep nextIndex (301) unchanged and retry. (Repeated 2 times in the last 5.001s)
2025-04-24 14:05:06,646 [timer7] WARN  server.GrpcLogAppender (GrpcLogAppender.java:lambda$resetClient$1(221)) - omNode-1@group-523986131536->omNode-3-GrpcLogAppender: Follower failed (request=null, errorCount=526); keep nextIndex (302) unchanged and retry. (Repeated 2 times in the last 5.000s)
2025-04-24 14:05:06,648 [timer2] WARN  server.GrpcLogAppender (GrpcLogAppender.java:lambda$resetClient$1(221)) - omNode-1@group-523986131536->omNode-3-GrpcLogAppender: Follower failed (request=null, errorCount=528); keep nextIndex (303) unchanged and retry. (Repeated 2 times in the last 5.000s)
2025-04-24 14:05:06,660 [timer7] WARN  server.GrpcLogAppender (GrpcLogAppender.java:lambda$resetClient$1(221)) - omNode-1@group-523986131536->omNode-3-GrpcLogAppender: Follower failed (request=null, errorCount=530); keep nextIndex (304) unchanged and retry. (Repeated 2 times in the last 5.000s)
2025-04-24 14:05:06,663 [timer2] WARN  server.GrpcLogAppender (GrpcLogAppender.java:lambda$resetClient$1(221)) - omNode-1@group-523986131536->omNode-3-GrpcLogAppender: Follower failed (request=null, errorCount=534); keep nextIndex (305) unchanged and retry. (Repeated 4 times in the last 5.001s)
2025-04-24 14:05:06,675 [timer7] WARN  server.GrpcLogAppender (GrpcLogAppender.java:lambda$resetClient$1(221)) - omNode-1@group-523986131536->omNode-3-GrpcLogAppender: Follower failed (request=null, errorCount=536); keep nextIndex (307) unchanged and retry. (Repeated 2 times in the last 5.001s)
2025-04-24 14:05:06,683 [timer5] WARN  server.GrpcLogAppender (GrpcLogAppender.java:lambda$resetClient$1(221)) - omNode-1@group-523986131536->omNode-3-GrpcLogAppender: Follower failed (request=null, errorCount=538); keep nextIndex (308) unchanged and retry. (Repeated 2 times in the last 5.000s)
2025-04-24 14:05:06,686 [timer0] WARN  server.GrpcLogAppender (GrpcLogAppender.java:lambda$resetClient$1(221)) - omNode-1@group-523986131536->omNode-3-GrpcLogAppender: Follower failed (request=null, errorCount=540); keep nextIndex (309) unchanged and retry. (Repeated 2 times in the last 5.001s)
2025-04-24 14:05:06,690 [timer2] WARN  server.GrpcLogAppender (GrpcLogAppender.java:lambda$resetClient$1(221)) - omNode-1@group-523986131536->omNode-3-GrpcLogAppender: Follower failed (request=null, errorCount=542); keep nextIndex (310) unchanged and retry. (Repeated 2 times in the last 4.999s)
2025-04-24 14:05:06,691 [timer5] WARN  server.GrpcLogAppender (GrpcLogAppender.java:lambda$resetClient$1(221)) - omNode-1@group-523986131536->omNode-3-GrpcLogAppender: Follower failed (request=null, errorCount=544); keep nextIndex (311) unchanged and retry. (Repeated 2 times in the last 5.000s)
2025-04-24 14:05:06,701 [timer2] WARN  server.GrpcLogAppender (GrpcLogAppender.java:lambda$resetClient$1(221)) - omNode-1@group-523986131536->omNode-3-GrpcLogAppender: Follower failed (request=null, errorCount=546); keep nextIndex (312) unchanged and retry. (Repeated 2 times in the last 5.000s)
2025-04-24 14:05:06,703 [timer3] WARN  server.GrpcLogAppender (GrpcLogAppender.java:lambda$resetClient$1(221)) - omNode-1@group-523986131536->omNode-3-GrpcLogAppender: Follower failed (request=null, errorCount=548); keep nextIndex (313) unchanged and retry. (Repeated 2 times in the last 5.001s)
2025-04-24 14:05:06,707 [timer6] WARN  server.GrpcLogAppender (GrpcLogAppender.java:lambda$resetClient$1(221)) - omNode-1@group-523986131536->omNode-3-GrpcLogAppender: Follower failed (request=null, errorCount=550); keep nextIndex (314) unchanged and retry. (Repeated 2 times in the last 4.999s)
2025-04-24 14:05:06,709 [timer1] WARN  server.GrpcLogAppender (GrpcLogAppender.java:lambda$resetClient$1(221)) - omNode-1@group-523986131536->omNode-3-GrpcLogAppender: Follower failed (request=null, errorCount=552); keep nextIndex (315) unchanged and retry. (Repeated 2 times in the last 5.000s)
2025-04-24 14:05:06,717 [timer5] WARN  server.GrpcLogAppender (GrpcLogAppender.java:lambda$resetClient$1(221)) - omNode-1@group-523986131536->omNode-3-GrpcLogAppender: Follower failed (request=null, errorCount=554); keep nextIndex (316) unchanged and retry. (Repeated 2 times in the last 5.001s)
2025-04-24 14:05:06,718 [timer0] WARN  server.GrpcLogAppender (GrpcLogAppender.java:lambda$resetClient$1(221)) - omNode-1@group-523986131536->omNode-3-GrpcLogAppender: Follower failed (request=null, errorCount=556); keep nextIndex (317) unchanged and retry. (Repeated 2 times in the last 5.000s)
2025-04-24 14:05:06,721 [timer3] WARN  server.GrpcLogAppender (GrpcLogAppender.java:lambda$resetClient$1(221)) - omNode-1@group-523986131536->omNode-3-GrpcLogAppender: Follower failed (request=null, errorCount=558); keep nextIndex (318) unchanged and retry. (Repeated 2 times in the last 5.000s)
2025-04-24 14:05:06,724 [timer6] WARN  server.GrpcLogAppender (GrpcLogAppender.java:lambda$resetClient$1(221)) - omNode-1@group-523986131536->omNode-3-GrpcLogAppender: Follower failed (request=null, errorCount=560); keep nextIndex (319) unchanged and retry. (Repeated 2 times in the last 5.000s)
2025-04-24 14:05:06,730 [timer3] WARN  server.GrpcLogAppender (GrpcLogAppender.java:lambda$resetClient$1(221)) - omNode-1@group-523986131536->omNode-3-GrpcLogAppender: Follower failed (request=null, errorCount=562); keep nextIndex (320) unchanged and retry. (Repeated 2 times in the last 5.000s)
2025-04-24 14:05:06,732 [timer6] WARN  server.GrpcLogAppender (GrpcLogAppender.java:lambda$resetClient$1(221)) - omNode-1@group-523986131536->omNode-3-GrpcLogAppender: Follower failed (request=null, errorCount=564); keep nextIndex (321) unchanged and retry. (Repeated 2 times in the last 5.000s)
2025-04-24 14:05:06,738 [timer1] WARN  server.GrpcLogAppender (GrpcLogAppender.java:lambda$resetClient$1(221)) - omNode-1@group-523986131536->omNode-3-GrpcLogAppender: Follower failed (request=null, errorCount=566); keep nextIndex (322) unchanged and retry. (Repeated 2 times in the last 5.000s)
2025-04-24 14:05:06,740 [timer4] WARN  server.GrpcLogAppender (GrpcLogAppender.java:lambda$resetClient$1(221)) - omNode-1@group-523986131536->omNode-3-GrpcLogAppender: Follower failed (request=null, errorCount=568); keep nextIndex (323) unchanged and retry. (Repeated 2 times in the last 5.000s)
2025-04-24 14:05:06,747 [timer0] WARN  server.GrpcLogAppender (GrpcLogAppender.java:lambda$resetClient$1(221)) - omNode-1@group-523986131536->omNode-3-GrpcLogAppender: Follower failed (request=null, errorCount=570); keep nextIndex (324) unchanged and retry. (Repeated 2 times in the last 5.000s)
2025-04-24 14:05:06,750 [timer3] WARN  server.GrpcLogAppender (GrpcLogAppender.java:lambda$resetClient$1(221)) - omNode-1@group-523986131536->omNode-3-GrpcLogAppender: Follower failed (request=null, errorCount=572); keep nextIndex (325) unchanged and retry. (Repeated 2 times in the last 5.001s)
2025-04-24 14:05:06,756 [timer6] WARN  server.GrpcLogAppender (GrpcLogAppender.java:lambda$resetClient$1(221)) - omNode-1@group-523986131536->omNode-3-GrpcLogAppender: Follower failed (request=null, errorCount=574); keep nextIndex (326) unchanged and retry. (Repeated 2 times in the last 5.001s)
2025-04-24 14:05:06,757 [timer1] WARN  server.GrpcLogAppender (GrpcLogAppender.java:lambda$resetClient$1(221)) - omNode-1@group-523986131536->omNode-3-GrpcLogAppender: Follower failed (request=null, errorCount=576); keep nextIndex (327) unchanged and retry. (Repeated 2 times in the last 5.000s)
2025-04-24 14:05:06,765 [timer6] WARN  server.GrpcLogAppender (GrpcLogAppender.java:lambda$resetClient$1(221)) - omNode-1@group-523986131536->omNode-3-GrpcLogAppender: Follower failed (request=null, errorCount=578); keep nextIndex (328) unchanged and retry. (Repeated 2 times in the last 5.001s)
2025-04-24 14:05:06,766 [timer0] WARN  server.GrpcLogAppender (GrpcLogAppender.java:lambda$resetClient$1(221)) - omNode-1@group-523986131536->omNode-3-GrpcLogAppender: Follower failed (request=null, errorCount=580); keep nextIndex (329) unchanged and retry. (Repeated 2 times in the last 5.000s)
2025-04-24 14:05:06,771 [timer2] WARN  server.GrpcLogAppender (GrpcLogAppender.java:lambda$resetClient$1(221)) - omNode-1@group-523986131536->omNode-3-GrpcLogAppender: Follower failed (request=null, errorCount=582); keep nextIndex (330) unchanged and retry. (Repeated 2 times in the last 5.000s)
2025-04-24 14:05:06,775 [timer5] WARN  server.GrpcLogAppender (GrpcLogAppender.java:lambda$resetClient$1(221)) - omNode-1@group-523986131536->omNode-3-GrpcLogAppender: Follower failed (request=null, errorCount=584); keep nextIndex (331) unchanged and retry. (Repeated 2 times in the last 5.000s)
2025-04-24 14:05:06,792 [timer3] WARN  server.GrpcLogAppender (GrpcLogAppender.java:lambda$resetClient$1(221)) - omNode-1@group-523986131536->omNode-3-GrpcLogAppender: Follower failed (request=null, errorCount=586); keep nextIndex (332) unchanged and retry. (Repeated 2 times in the last 5.000s)
2025-04-24 14:05:06,793 [timer4] WARN  server.GrpcLogAppender (GrpcLogAppender.java:lambda$resetClient$1(221)) - omNode-1@group-523986131536->omNode-3-GrpcLogAppender: Follower failed (request=null, errorCount=588); keep nextIndex (333) unchanged and retry. (Repeated 2 times in the last 5.000s)
2025-04-24 14:05:06,801 [timer0] WARN  server.GrpcLogAppender (GrpcLogAppender.java:lambda$resetClient$1(221)) - omNode-1@group-523986131536->omNode-3-GrpcLogAppender: Follower failed (request=null, errorCount=590); keep nextIndex (334) unchanged and retry. (Repeated 2 times in the last 5.001s)
2025-04-24 14:05:06,802 [timer3] WARN  server.GrpcLogAppender (GrpcLogAppender.java:lambda$resetClient$1(221)) - omNode-1@group-523986131536->omNode-3-GrpcLogAppender: Follower failed (request=null, errorCount=592); keep nextIndex (335) unchanged and retry. (Repeated 2 times in the last 5.001s)
2025-04-24 14:05:06,813 [timer0] WARN  server.GrpcLogAppender (GrpcLogAppender.java:lambda$resetClient$1(221)) - omNode-1@group-523986131536->omNode-3-GrpcLogAppender: Follower failed (request=null, errorCount=594); keep nextIndex (336) unchanged and retry. (Repeated 2 times in the last 5.001s)
2025-04-24 14:05:06,814 [timer3] WARN  server.GrpcLogAppender (GrpcLogAppender.java:lambda$resetClient$1(221)) - omNode-1@group-523986131536->omNode-3-GrpcLogAppender: Follower failed (request=null, errorCount=596); keep nextIndex (337) unchanged and retry. (Repeated 2 times in the last 5.000s)
2025-04-24 14:05:06,822 [timer6] WARN  server.GrpcLogAppender (GrpcLogAppender.java:lambda$resetClient$1(221)) - omNode-1@group-523986131536->omNode-3-GrpcLogAppender: Follower failed (request=null, errorCount=598); keep nextIndex (338) unchanged and retry. (Repeated 2 times in the last 5.001s)
2025-04-24 14:05:06,826 [timer1] WARN  server.GrpcLogAppender (GrpcLogAppender.java:lambda$resetClient$1(221)) - omNode-1@group-523986131536->omNode-3-GrpcLogAppender: Follower failed (request=null, errorCount=600); keep nextIndex (339) unchanged and retry. (Repeated 2 times in the last 5.001s)
2025-04-24 14:05:06,833 [timer5] WARN  server.GrpcLogAppender (GrpcLogAppender.java:lambda$resetClient$1(221)) - omNode-1@group-523986131536->omNode-3-GrpcLogAppender: Follower failed (request=null, errorCount=602); keep nextIndex (340) unchanged and retry. (Repeated 2 times in the last 5.000s)
2025-04-24 14:05:06,835 [timer0] WARN  server.GrpcLogAppender (GrpcLogAppender.java:lambda$resetClient$1(221)) - omNode-1@group-523986131536->omNode-3-GrpcLogAppender: Follower failed (request=null, errorCount=604); keep nextIndex (341) unchanged and retry. (Repeated 2 times in the last 5.000s)
2025-04-24 14:05:06,841 [timer3] WARN  server.GrpcLogAppender (GrpcLogAppender.java:lambda$resetClient$1(221)) - omNode-1@group-523986131536->omNode-3-GrpcLogAppender: Follower failed (request=null, errorCount=606); keep nextIndex (342) unchanged and retry. (Repeated 2 times in the last 5.001s)
2025-04-24 14:05:06,844 [timer6] WARN  server.GrpcLogAppender (GrpcLogAppender.java:lambda$resetClient$1(221)) - omNode-1@group-523986131536->omNode-3-GrpcLogAppender: Follower failed (request=null, errorCount=608); keep nextIndex (343) unchanged and retry. (Repeated 2 times in the last 5.001s)
2025-04-24 14:05:06,854 [timer2] WARN  server.GrpcLogAppender (GrpcLogAppender.java:lambda$resetClient$1(221)) - omNode-1@group-523986131536->omNode-3-GrpcLogAppender: Follower failed (request=null, errorCount=610); keep nextIndex (344) unchanged and retry. (Repeated 2 times in the last 5.001s)
2025-04-24 14:05:06,855 [timer5] WARN  server.GrpcLogAppender (GrpcLogAppender.java:lambda$resetClient$1(221)) - omNode-1@group-523986131536->omNode-3-GrpcLogAppender: Follower failed (request=null, errorCount=612); keep nextIndex (345) unchanged and retry. (Repeated 2 times in the last 5.000s)
2025-04-24 14:05:06,862 [timer0] WARN  server.GrpcLogAppender (GrpcLogAppender.java:lambda$resetClient$1(221)) - omNode-1@group-523986131536->omNode-3-GrpcLogAppender: Follower failed (request=null, errorCount=614); keep nextIndex (346) unchanged and retry. (Repeated 2 times in the last 5.001s)
2025-04-24 14:05:06,862 [timer3] WARN  server.GrpcLogAppender (GrpcLogAppender.java:lambda$resetClient$1(221)) - omNode-1@group-523986131536->omNode-3-GrpcLogAppender: Follower failed (request=null, errorCount=616); keep nextIndex (347) unchanged and retry. (Repeated 2 times in the last 5.000s)
2025-04-24 14:05:06,873 [timer0] WARN  server.GrpcLogAppender (GrpcLogAppender.java:lambda$resetClient$1(221)) - omNode-1@group-523986131536->omNode-3-GrpcLogAppender: Follower failed (request=null, errorCount=618); keep nextIndex (348) unchanged and retry. (Repeated 2 times in the last 5.001s)
2025-04-24 14:05:06,874 [timer2] WARN  server.GrpcLogAppender (GrpcLogAppender.java:lambda$resetClient$1(221)) - omNode-1@group-523986131536->omNode-3-GrpcLogAppender: Follower failed (request=null, errorCount=620); keep nextIndex (349) unchanged and retry. (Repeated 2 times in the last 5.001s)
2025-04-24 14:05:06,880 [timer6] WARN  server.GrpcLogAppender (GrpcLogAppender.java:lambda$resetClient$1(221)) - omNode-1@group-523986131536->omNode-3-GrpcLogAppender: Follower failed (request=null, errorCount=622); keep nextIndex (350) unchanged and retry. (Repeated 2 times in the last 5.000s)
2025-04-24 14:05:06,883 [timer1] WARN  server.GrpcLogAppender (GrpcLogAppender.java:lambda$resetClient$1(221)) - omNode-1@group-523986131536->omNode-3-GrpcLogAppender: Follower failed (request=null, errorCount=624); keep nextIndex (351) unchanged and retry. (Repeated 2 times in the last 5.000s)
2025-04-24 14:05:06,891 [timer5] WARN  server.GrpcLogAppender (GrpcLogAppender.java:lambda$resetClient$1(221)) - omNode-1@group-523986131536->omNode-3-GrpcLogAppender: Follower failed (request=null, errorCount=626); keep nextIndex (352) unchanged and retry. (Repeated 2 times in the last 5.000s)
2025-04-24 14:05:06,894 [timer1] WARN  server.GrpcLogAppender (GrpcLogAppender.java:lambda$resetClient$1(221)) - omNode-1@group-523986131536->omNode-3-GrpcLogAppender: Follower failed (request=null, errorCount=628); keep nextIndex (353) unchanged and retry. (Repeated 2 times in the last 5.000s)
2025-04-24 14:05:06,900 [timer4] WARN  server.GrpcLogAppender (GrpcLogAppender.java:lambda$resetClient$1(221)) - omNode-1@group-523986131536->omNode-3-GrpcLogAppender: Follower failed (request=null, errorCount=630); keep nextIndex (354) unchanged and retry. (Repeated 2 times in the last 5.000s)
2025-04-24 14:05:06,903 [timer7] WARN  server.GrpcLogAppender (GrpcLogAppender.java:lambda$resetClient$1(221)) - omNode-1@group-523986131536->omNode-3-GrpcLogAppender: Follower failed (request=null, errorCount=632); keep nextIndex (355) unchanged and retry. (Repeated 2 times in the last 5.000s)
2025-04-24 14:05:06,915 [timer5] WARN  server.GrpcLogAppender (GrpcLogAppender.java:lambda$resetClient$1(221)) - omNode-1@group-523986131536->omNode-3-GrpcLogAppender: Follower failed (request=null, errorCount=634); keep nextIndex (356) unchanged and retry. (Repeated 2 times in the last 5.001s)
2025-04-24 14:05:06,917 [timer7] WARN  server.GrpcLogAppender (GrpcLogAppender.java:lambda$resetClient$1(221)) - omNode-1@group-523986131536->omNode-3-GrpcLogAppender: Follower failed (request=null, errorCount=638); keep nextIndex (357) unchanged and retry. (Repeated 4 times in the last 5.000s)
2025-04-24 14:05:06,944 [timer4] WARN  server.GrpcLogAppender (GrpcLogAppender.java:lambda$resetClient$1(221)) - omNode-1@group-523986131536->omNode-3-GrpcLogAppender: Follower failed (request=null, errorCount=640); keep nextIndex (358) unchanged and retry. (Repeated 2 times in the last 5.000s)
2025-04-24 14:05:06,947 [timer0] WARN  server.GrpcLogAppender (GrpcLogAppender.java:lambda$resetClient$1(221)) - omNode-1@group-523986131536->omNode-3-GrpcLogAppender: Follower failed (request=null, errorCount=642); keep nextIndex (359) unchanged and retry. (Repeated 2 times in the last 5.000s)
2025-04-24 14:05:06,952 [timer3] WARN  server.GrpcLogAppender (GrpcLogAppender.java:lambda$resetClient$1(221)) - omNode-1@group-523986131536->omNode-3-GrpcLogAppender: Follower failed (request=null, errorCount=644); keep nextIndex (360) unchanged and retry. (Repeated 2 times in the last 5.000s)
2025-04-24 14:05:06,955 [timer5] WARN  server.GrpcLogAppender (GrpcLogAppender.java:lambda$resetClient$1(221)) - omNode-1@group-523986131536->omNode-3-GrpcLogAppender: Follower failed (request=null, errorCount=646); keep nextIndex (361) unchanged and retry. (Repeated 2 times in the last 5.000s)
2025-04-24 14:05:06,962 [timer0] WARN  server.GrpcLogAppender (GrpcLogAppender.java:lambda$resetClient$1(221)) - omNode-1@group-523986131536->omNode-3-GrpcLogAppender: Follower failed (request=null, errorCount=648); keep nextIndex (362) unchanged and retry. (Repeated 2 times in the last 5.000s)
2025-04-24 14:05:06,965 [timer3] WARN  server.GrpcLogAppender (GrpcLogAppender.java:lambda$resetClient$1(221)) - omNode-1@group-523986131536->omNode-3-GrpcLogAppender: Follower failed (request=null, errorCount=650); keep nextIndex (363) unchanged and retry. (Repeated 2 times in the last 5.000s)
2025-04-24 14:05:06,972 [timer7] WARN  server.GrpcLogAppender (GrpcLogAppender.java:lambda$resetClient$1(221)) - omNode-1@group-523986131536->omNode-3-GrpcLogAppender: Follower failed (request=null, errorCount=652); keep nextIndex (364) unchanged and retry. (Repeated 2 times in the last 5.000s)
2025-04-24 14:05:06,974 [timer2] WARN  server.GrpcLogAppender (GrpcLogAppender.java:lambda$resetClient$1(221)) - omNode-1@group-523986131536->omNode-3-GrpcLogAppender: Follower failed (request=null, errorCount=654); keep nextIndex (365) unchanged and retry. (Repeated 2 times in the last 5.000s)
2025-04-24 14:05:06,980 [timer4] WARN  server.GrpcLogAppender (GrpcLogAppender.java:lambda$resetClient$1(221)) - omNode-1@group-523986131536->omNode-3-GrpcLogAppender: Follower failed (request=null, errorCount=656); keep nextIndex (366) unchanged and retry. (Repeated 2 times in the last 5.000s)
2025-04-24 14:05:06,982 [timer7] WARN  server.GrpcLogAppender (GrpcLogAppender.java:lambda$resetClient$1(221)) - omNode-1@group-523986131536->omNode-3-GrpcLogAppender: Follower failed (request=null, errorCount=658); keep nextIndex (367) unchanged and retry. (Repeated 2 times in the last 5.000s)
2025-04-24 14:05:06,992 [timer4] WARN  server.GrpcLogAppender (GrpcLogAppender.java:lambda$resetClient$1(221)) - omNode-1@group-523986131536->omNode-3-GrpcLogAppender: Follower failed (request=null, errorCount=660); keep nextIndex (368) unchanged and retry. (Repeated 2 times in the last 5.001s)
2025-04-24 14:05:06,992 [timer7] WARN  server.GrpcLogAppender (GrpcLogAppender.java:lambda$resetClient$1(221)) - omNode-1@group-523986131536->omNode-3-GrpcLogAppender: Follower failed (request=null, errorCount=662); keep nextIndex (369) unchanged and retry. (Repeated 2 times in the last 5.000s)
2025-04-24 14:05:06,998 [timer1] WARN  server.GrpcLogAppender (GrpcLogAppender.java:lambda$resetClient$1(221)) - omNode-1@group-523986131536->omNode-3-GrpcLogAppender: Follower failed (request=null, errorCount=664); keep nextIndex (370) unchanged and retry. (Repeated 2 times in the last 5.000s)
2025-04-24 14:05:07,002 [timer4] WARN  server.GrpcLogAppender (GrpcLogAppender.java:lambda$resetClient$1(221)) - omNode-1@group-523986131536->omNode-3-GrpcLogAppender: Follower failed (request=null, errorCount=666); keep nextIndex (371) unchanged and retry. (Repeated 2 times in the last 5.000s)
2025-04-24 14:05:07,010 [timer1] WARN  server.GrpcLogAppender (GrpcLogAppender.java:lambda$resetClient$1(221)) - omNode-1@group-523986131536->omNode-3-GrpcLogAppender: Follower failed (request=null, errorCount=668); keep nextIndex (372) unchanged and retry. (Repeated 2 times in the last 5.000s)
2025-04-24 14:05:07,011 [timer4] WARN  server.GrpcLogAppender (GrpcLogAppender.java:lambda$resetClient$1(221)) - omNode-1@group-523986131536->omNode-3-GrpcLogAppender: Follower failed (request=null, errorCount=670); keep nextIndex (373) unchanged and retry. (Repeated 2 times in the last 5.000s)
2025-04-24 14:05:07,017 [timer7] WARN  server.GrpcLogAppender (GrpcLogAppender.java:lambda$resetClient$1(221)) - omNode-1@group-523986131536->omNode-3-GrpcLogAppender: Follower failed (request=null, errorCount=672); keep nextIndex (374) unchanged and retry. (Repeated 2 times in the last 5.000s)
2025-04-24 14:05:07,020 [timer1] WARN  server.GrpcLogAppender (GrpcLogAppender.java:lambda$resetClient$1(221)) - omNode-1@group-523986131536->omNode-3-GrpcLogAppender: Follower failed (request=null, errorCount=674); keep nextIndex (375) unchanged and retry. (Repeated 2 times in the last 5.000s)
2025-04-24 14:05:07,030 [timer5] WARN  server.GrpcLogAppender (GrpcLogAppender.java:lambda$resetClient$1(221)) - omNode-1@group-523986131536->omNode-3-GrpcLogAppender: Follower failed (request=null, errorCount=676); keep nextIndex (376) unchanged and retry. (Repeated 2 times in the last 5.000s)
2025-04-24 14:05:07,032 [timer1] WARN  server.GrpcLogAppender (GrpcLogAppender.java:lambda$resetClient$1(221)) - omNode-1@group-523986131536->omNode-3-GrpcLogAppender: Follower failed (request=null, errorCount=678); keep nextIndex (377) unchanged and retry. (Repeated 2 times in the last 5.001s)
2025-04-24 14:05:07,038 [timer4] WARN  server.GrpcLogAppender (GrpcLogAppender.java:lambda$resetClient$1(221)) - omNode-1@group-523986131536->omNode-3-GrpcLogAppender: Follower failed (request=null, errorCount=680); keep nextIndex (378) unchanged and retry. (Repeated 2 times in the last 5.000s)
2025-04-24 14:05:07,041 [timer6] WARN  server.GrpcLogAppender (GrpcLogAppender.java:lambda$resetClient$1(221)) - omNode-1@group-523986131536->omNode-3-GrpcLogAppender: Follower failed (request=null, errorCount=682); keep nextIndex (379) unchanged and retry. (Repeated 2 times in the last 5.000s)
2025-04-24 14:05:07,049 [timer2] WARN  server.GrpcLogAppender (GrpcLogAppender.java:lambda$resetClient$1(221)) - omNode-1@group-523986131536->omNode-3-GrpcLogAppender: Follower failed (request=null, errorCount=684); keep nextIndex (380) unchanged and retry. (Repeated 2 times in the last 5.000s)
2025-04-24 14:05:07,051 [timer6] WARN  server.GrpcLogAppender (GrpcLogAppender.java:lambda$resetClient$1(221)) - omNode-1@group-523986131536->omNode-3-GrpcLogAppender: Follower failed (request=null, errorCount=686); keep nextIndex (381) unchanged and retry. (Repeated 2 times in the last 5.001s)
2025-04-24 14:05:07,057 [timer1] WARN  server.GrpcLogAppender (GrpcLogAppender.java:lambda$resetClient$1(221)) - omNode-1@group-523986131536->omNode-3-GrpcLogAppender: Follower failed (request=null, errorCount=688); keep nextIndex (382) unchanged and retry. (Repeated 2 times in the last 5.001s)
2025-04-24 14:05:07,059 [timer4] WARN  server.GrpcLogAppender (GrpcLogAppender.java:lambda$resetClient$1(221)) - omNode-1@group-523986131536->omNode-3-GrpcLogAppender: Follower failed (request=null, errorCount=690); keep nextIndex (383) unchanged and retry. (Repeated 2 times in the last 5.000s)
2025-04-24 14:05:07,067 [timer1] WARN  server.GrpcLogAppender (GrpcLogAppender.java:lambda$resetClient$1(221)) - omNode-1@group-523986131536->omNode-3-GrpcLogAppender: Follower failed (request=null, errorCount=692); keep nextIndex (384) unchanged and retry. (Repeated 2 times in the last 4.999s)
2025-04-24 14:05:07,071 [timer5] WARN  server.GrpcLogAppender (GrpcLogAppender.java:lambda$resetClient$1(221)) - omNode-1@group-523986131536->omNode-3-GrpcLogAppender: Follower failed (request=null, errorCount=694); keep nextIndex (385) unchanged and retry. (Repeated 2 times in the last 5.001s)
2025-04-24 14:05:07,076 [timer7] WARN  server.GrpcLogAppender (GrpcLogAppender.java:lambda$resetClient$1(221)) - omNode-1@group-523986131536->omNode-3-GrpcLogAppender: Follower failed (request=null, errorCount=696); keep nextIndex (386) unchanged and retry. (Repeated 2 times in the last 5.001s)
2025-04-24 14:05:07,077 [timer0] WARN  server.GrpcLogAppender (GrpcLogAppender.java:lambda$resetClient$1(221)) - omNode-1@group-523986131536->omNode-3-GrpcLogAppender: Follower failed (request=null, errorCount=698); keep nextIndex (387) unchanged and retry. (Repeated 2 times in the last 5.000s)
2025-04-24 14:05:07,087 [timer5] WARN  server.GrpcLogAppender (GrpcLogAppender.java:lambda$resetClient$1(221)) - omNode-1@group-523986131536->omNode-3-GrpcLogAppender: Follower failed (request=null, errorCount=700); keep nextIndex (388) unchanged and retry. (Repeated 2 times in the last 5.000s)
2025-04-24 14:05:07,089 [timer1] WARN  server.GrpcLogAppender (GrpcLogAppender.java:lambda$resetClient$1(221)) - omNode-1@group-523986131536->omNode-3-GrpcLogAppender: Follower failed (request=null, errorCount=702); keep nextIndex (389) unchanged and retry. (Repeated 2 times in the last 5.000s)
2025-04-24 14:05:07,097 [timer3] WARN  server.GrpcLogAppender (GrpcLogAppender.java:lambda$resetClient$1(221)) - omNode-1@group-523986131536->omNode-3-GrpcLogAppender: Follower failed (request=null, errorCount=704); keep nextIndex (390) unchanged and retry. (Repeated 2 times in the last 5.000s)
2025-04-24 14:05:07,099 [timer7] WARN  server.GrpcLogAppender (GrpcLogAppender.java:lambda$resetClient$1(221)) - omNode-1@group-523986131536->omNode-3-GrpcLogAppender: Follower failed (request=null, errorCount=706); keep nextIndex (391) unchanged and retry. (Repeated 2 times in the last 5.001s)
2025-04-24 14:05:07,109 [timer7] WARN  server.GrpcLogAppender (GrpcLogAppender.java:lambda$resetClient$1(221)) - omNode-1@group-523986131536->omNode-3-GrpcLogAppender: Follower failed (request=null, errorCount=708); keep nextIndex (392) unchanged and retry. (Repeated 2 times in the last 5.000s)
2025-04-24 14:05:07,111 [timer3] WARN  server.GrpcLogAppender (GrpcLogAppender.java:lambda$resetClient$1(221)) - omNode-1@group-523986131536->omNode-3-GrpcLogAppender: Follower failed (request=null, errorCount=710); keep nextIndex (393) unchanged and retry. (Repeated 2 times in the last 5.000s)
2025-04-24 14:05:07,117 [timer6] WARN  server.GrpcLogAppender (GrpcLogAppender.java:lambda$resetClient$1(221)) - omNode-1@group-523986131536->omNode-3-GrpcLogAppender: Follower failed (request=null, errorCount=712); keep nextIndex (394) unchanged and retry. (Repeated 2 times in the last 5.000s)
2025-04-24 14:05:07,120 [timer0] WARN  server.GrpcLogAppender (GrpcLogAppender.java:lambda$resetClient$1(221)) - omNode-1@group-523986131536->omNode-3-GrpcLogAppender: Follower failed (request=null, errorCount=714); keep nextIndex (395) unchanged and retry. (Repeated 2 times in the last 5.000s)
2025-04-24 14:05:07,129 [timer2] WARN  server.GrpcLogAppender (GrpcLogAppender.java:lambda$resetClient$1(221)) - omNode-1@group-523986131536->omNode-3-GrpcLogAppender: Follower failed (request=null, errorCount=716); keep nextIndex (396) unchanged and retry. (Repeated 2 times in the last 5.000s)
2025-04-24 14:05:07,131 [timer5] WARN  server.GrpcLogAppender (GrpcLogAppender.java:lambda$resetClient$1(221)) - omNode-1@group-523986131536->omNode-3-GrpcLogAppender: Follower failed (request=null, errorCount=718); keep nextIndex (397) unchanged and retry. (Repeated 2 times in the last 5.001s)
2025-04-24 14:05:07,134 [timer6] WARN  server.GrpcLogAppender (GrpcLogAppender.java:lambda$resetClient$1(221)) - omNode-1@group-523986131536->omNode-3-GrpcLogAppender: Follower failed (request=null, errorCount=720); keep nextIndex (398) unchanged and retry. (Repeated 2 times in the last 5.000s)
2025-04-24 14:05:07,136 [timer7] WARN  server.GrpcLogAppender (GrpcLogAppender.java:lambda$resetClient$1(221)) - omNode-1@group-523986131536->omNode-3-GrpcLogAppender: Follower failed (request=null, errorCount=722); keep nextIndex (399) unchanged and retry. (Repeated 2 times in the last 5.000s)
2025-04-24 14:05:07,143 [timer4] WARN  server.GrpcLogAppender (GrpcLogAppender.java:lambda$resetClient$1(221)) - omNode-1@group-523986131536->omNode-3-GrpcLogAppender: Follower failed (request=null, errorCount=724); keep nextIndex (400) unchanged and retry. (Repeated 2 times in the last 5.000s)
2025-04-24 14:05:07,145 [timer7] WARN  server.GrpcLogAppender (GrpcLogAppender.java:lambda$resetClient$1(221)) - omNode-1@group-523986131536->omNode-3-GrpcLogAppender: Follower failed (request=null, errorCount=726); keep nextIndex (401) unchanged and retry. (Repeated 2 times in the last 5.000s)
2025-04-24 14:05:07,150 [timer2] WARN  server.GrpcLogAppender (GrpcLogAppender.java:lambda$resetClient$1(221)) - omNode-1@group-523986131536->omNode-3-GrpcLogAppender: Follower failed (request=null, errorCount=728); keep nextIndex (402) unchanged and retry. (Repeated 2 times in the last 5.000s)
2025-04-24 14:05:07,152 [timer5] WARN  server.GrpcLogAppender (GrpcLogAppender.java:lambda$resetClient$1(221)) - omNode-1@group-523986131536->omNode-3-GrpcLogAppender: Follower failed (request=null, errorCount=730); keep nextIndex (403) unchanged and retry. (Repeated 2 times in the last 5.000s)
2025-04-24 14:05:07,160 [timer6] WARN  server.GrpcLogAppender (GrpcLogAppender.java:lambda$resetClient$1(221)) - omNode-1@group-523986131536->omNode-3-GrpcLogAppender: Follower failed (request=null, errorCount=732); keep nextIndex (404) unchanged and retry. (Repeated 2 times in the last 5.001s)
2025-04-24 14:05:07,162 [timer1] WARN  server.GrpcLogAppender (GrpcLogAppender.java:lambda$resetClient$1(221)) - omNode-1@group-523986131536->omNode-3-GrpcLogAppender: Follower failed (request=null, errorCount=734); keep nextIndex (405) unchanged and retry. (Repeated 2 times in the last 5.000s)
2025-04-24 14:05:07,168 [timer0] WARN  server.GrpcLogAppender (GrpcLogAppender.java:lambda$resetClient$1(221)) - omNode-1@group-523986131536->omNode-3-GrpcLogAppender: Follower failed (request=null, errorCount=736); keep nextIndex (406) unchanged and retry. (Repeated 2 times in the last 5.001s)
2025-04-24 14:05:07,169 [timer3] WARN  server.GrpcLogAppender (GrpcLogAppender.java:lambda$resetClient$1(221)) - omNode-1@group-523986131536->omNode-3-GrpcLogAppender: Follower failed (request=null, errorCount=738); keep nextIndex (407) unchanged and retry. (Repeated 2 times in the last 5.000s)
2025-04-24 14:05:07,193 [timer4] WARN  server.GrpcLogAppender (GrpcLogAppender.java:lambda$resetClient$1(221)) - omNode-1@group-523986131536->omNode-3-GrpcLogAppender: Follower failed (request=null, errorCount=742); keep nextIndex (408) unchanged and retry. (Repeated 4 times in the last 5.001s)
2025-04-24 14:05:07,201 [timer0] WARN  server.GrpcLogAppender (GrpcLogAppender.java:lambda$resetClient$1(221)) - omNode-1@group-523986131536->omNode-3-GrpcLogAppender: Follower failed (request=null, errorCount=744); keep nextIndex (410) unchanged and retry. (Repeated 2 times in the last 5.001s)
2025-04-24 14:05:07,203 [timer0] WARN  server.GrpcLogAppender (GrpcLogAppender.java:lambda$resetClient$1(221)) - omNode-1@group-523986131536->omNode-3-GrpcLogAppender: Follower failed (request=null, errorCount=746); keep nextIndex (411) unchanged and retry. (Repeated 2 times in the last 5.000s)
2025-04-24 14:05:07,210 [timer5] WARN  server.GrpcLogAppender (GrpcLogAppender.java:lambda$resetClient$1(221)) - omNode-1@group-523986131536->omNode-3-GrpcLogAppender: Follower failed (request=null, errorCount=748); keep nextIndex (412) unchanged and retry. (Repeated 2 times in the last 5.001s)
2025-04-24 14:05:07,211 [timer0] WARN  server.GrpcLogAppender (GrpcLogAppender.java:lambda$resetClient$1(221)) - omNode-1@group-523986131536->omNode-3-GrpcLogAppender: Follower failed (request=null, errorCount=750); keep nextIndex (413) unchanged and retry. (Repeated 2 times in the last 5.000s)
2025-04-24 14:05:07,215 [timer2] WARN  server.GrpcLogAppender (GrpcLogAppender.java:lambda$resetClient$1(221)) - omNode-1@group-523986131536->omNode-3-GrpcLogAppender: Follower failed (request=null, errorCount=752); keep nextIndex (414) unchanged and retry. (Repeated 2 times in the last 5.000s)
2025-04-24 14:05:07,217 [timer3] WARN  server.GrpcLogAppender (GrpcLogAppender.java:lambda$resetClient$1(221)) - omNode-1@group-523986131536->omNode-3-GrpcLogAppender: Follower failed (request=null, errorCount=754); keep nextIndex (415) unchanged and retry. (Repeated 2 times in the last 5.000s)
2025-04-24 14:05:07,226 [timer3] WARN  server.GrpcLogAppender (GrpcLogAppender.java:lambda$resetClient$1(221)) - omNode-1@group-523986131536->omNode-3-GrpcLogAppender: Follower failed (request=null, errorCount=756); keep nextIndex (416) unchanged and retry. (Repeated 2 times in the last 5.001s)
2025-04-24 14:05:07,227 [timer5] WARN  server.GrpcLogAppender (GrpcLogAppender.java:lambda$resetClient$1(221)) - omNode-1@group-523986131536->omNode-3-GrpcLogAppender: Follower failed (request=null, errorCount=758); keep nextIndex (417) unchanged and retry. (Repeated 2 times in the last 5.000s)
2025-04-24 14:05:07,232 [timer0] WARN  server.GrpcLogAppender (GrpcLogAppender.java:lambda$resetClient$1(221)) - omNode-1@group-523986131536->omNode-3-GrpcLogAppender: Follower failed (request=null, errorCount=760); keep nextIndex (418) unchanged and retry. (Repeated 2 times in the last 5.000s)
2025-04-24 14:05:07,233 [timer3] WARN  server.GrpcLogAppender (GrpcLogAppender.java:lambda$resetClient$1(221)) - omNode-1@group-523986131536->omNode-3-GrpcLogAppender: Follower failed (request=null, errorCount=762); keep nextIndex (419) unchanged and retry. (Repeated 2 times in the last 5.000s)
2025-04-24 14:05:07,246 [timer6] WARN  server.GrpcLogAppender (GrpcLogAppender.java:lambda$resetClient$1(221)) - omNode-1@group-523986131536->omNode-3-GrpcLogAppender: Follower failed (request=null, errorCount=764); keep nextIndex (420) unchanged and retry. (Repeated 2 times in the last 5.001s)
2025-04-24 14:05:07,247 [timer7] WARN  server.GrpcLogAppender (GrpcLogAppender.java:lambda$resetClient$1(221)) - omNode-1@group-523986131536->omNode-3-GrpcLogAppender: Follower failed (request=null, errorCount=766); keep nextIndex (421) unchanged and retry. (Repeated 2 times in the last 5.000s)
2025-04-24 14:05:07,253 [timer0] WARN  server.GrpcLogAppender (GrpcLogAppender.java:lambda$resetClient$1(221)) - omNode-1@group-523986131536->omNode-3-GrpcLogAppender: Follower failed (request=null, errorCount=768); keep nextIndex (422) unchanged and retry. (Repeated 2 times in the last 5.000s)
2025-04-24 14:05:07,255 [timer0] WARN  server.GrpcLogAppender (GrpcLogAppender.java:lambda$resetClient$1(221)) - omNode-1@group-523986131536->omNode-3-GrpcLogAppender: Follower failed (request=null, errorCount=770); keep nextIndex (423) unchanged and retry. (Repeated 2 times in the last 5.000s)
2025-04-24 14:05:07,267 [timer1] WARN  server.GrpcLogAppender (GrpcLogAppender.java:lambda$resetClient$1(221)) - omNode-1@group-523986131536->omNode-3-GrpcLogAppender: Follower failed (request=null, errorCount=772); keep nextIndex (424) unchanged and retry. (Repeated 2 times in the last 5.000s)
2025-04-24 14:05:07,270 [timer4] WARN  server.GrpcLogAppender (GrpcLogAppender.java:lambda$resetClient$1(221)) - omNode-1@group-523986131536->omNode-3-GrpcLogAppender: Follower failed (request=null, errorCount=774); keep nextIndex (425) unchanged and retry. (Repeated 2 times in the last 5.000s)
2025-04-24 14:05:07,274 [timer3] WARN  server.GrpcLogAppender (GrpcLogAppender.java:lambda$resetClient$1(221)) - omNode-1@group-523986131536->omNode-3-GrpcLogAppender: Follower failed (request=null, errorCount=776); keep nextIndex (426) unchanged and retry. (Repeated 2 times in the last 5.000s)
2025-04-24 14:05:07,276 [timer6] WARN  server.GrpcLogAppender (GrpcLogAppender.java:lambda$resetClient$1(221)) - omNode-1@group-523986131536->omNode-3-GrpcLogAppender: Follower failed (request=null, errorCount=778); keep nextIndex (427) unchanged and retry. (Repeated 2 times in the last 5.000s)
2025-04-24 14:05:07,284 [timer6] WARN  server.GrpcLogAppender (GrpcLogAppender.java:lambda$resetClient$1(221)) - omNode-1@group-523986131536->omNode-3-GrpcLogAppender: Follower failed (request=null, errorCount=780); keep nextIndex (428) unchanged and retry. (Repeated 2 times in the last 5.000s)
2025-04-24 14:05:07,285 [timer2] WARN  server.GrpcLogAppender (GrpcLogAppender.java:lambda$resetClient$1(221)) - omNode-1@group-523986131536->omNode-3-GrpcLogAppender: Follower failed (request=null, errorCount=782); keep nextIndex (429) unchanged and retry. (Repeated 2 times in the last 5.000s)
2025-04-24 14:05:07,291 [timer0] WARN  server.GrpcLogAppender (GrpcLogAppender.java:lambda$resetClient$1(221)) - omNode-1@group-523986131536->omNode-3-GrpcLogAppender: Follower failed (request=null, errorCount=784); keep nextIndex (430) unchanged and retry. (Repeated 2 times in the last 5.000s)
2025-04-24 14:05:07,293 [timer3] WARN  server.GrpcLogAppender (GrpcLogAppender.java:lambda$resetClient$1(221)) - omNode-1@group-523986131536->omNode-3-GrpcLogAppender: Follower failed (request=null, errorCount=786); keep nextIndex (431) unchanged and retry. (Repeated 2 times in the last 5.000s)
2025-04-24 14:05:07,302 [timer0] WARN  server.GrpcLogAppender (GrpcLogAppender.java:lambda$resetClient$1(221)) - omNode-1@group-523986131536->omNode-3-GrpcLogAppender: Follower failed (request=null, errorCount=788); keep nextIndex (432) unchanged and retry. (Repeated 2 times in the last 5.001s)
2025-04-24 14:05:07,303 [timer3] WARN  server.GrpcLogAppender (GrpcLogAppender.java:lambda$resetClient$1(221)) - omNode-1@group-523986131536->omNode-3-GrpcLogAppender: Follower failed (request=null, errorCount=790); keep nextIndex (433) unchanged and retry. (Repeated 2 times in the last 5.000s)
2025-04-24 14:05:07,307 [timer5] WARN  server.GrpcLogAppender (GrpcLogAppender.java:lambda$resetClient$1(221)) - omNode-1@group-523986131536->omNode-3-GrpcLogAppender: Follower failed (request=null, errorCount=792); keep nextIndex (434) unchanged and retry. (Repeated 2 times in the last 4.999s)
2025-04-24 14:05:07,309 [timer1] WARN  server.GrpcLogAppender (GrpcLogAppender.java:lambda$resetClient$1(221)) - omNode-1@group-523986131536->omNode-3-GrpcLogAppender: Follower failed (request=null, errorCount=794); keep nextIndex (435) unchanged and retry. (Repeated 2 times in the last 5.000s)
2025-04-24 14:05:07,316 [timer2] WARN  server.GrpcLogAppender (GrpcLogAppender.java:lambda$resetClient$1(221)) - omNode-1@group-523986131536->omNode-3-GrpcLogAppender: Follower failed (request=null, errorCount=796); keep nextIndex (436) unchanged and retry. (Repeated 2 times in the last 5.000s)
2025-04-24 14:05:07,318 [timer4] WARN  server.GrpcLogAppender (GrpcLogAppender.java:lambda$resetClient$1(221)) - omNode-1@group-523986131536->omNode-3-GrpcLogAppender: Follower failed (request=null, errorCount=798); keep nextIndex (437) unchanged and retry. (Repeated 2 times in the last 5.000s)
2025-04-24 14:05:07,324 [timer3] WARN  server.GrpcLogAppender (GrpcLogAppender.java:lambda$resetClient$1(221)) - omNode-1@group-523986131536->omNode-3-GrpcLogAppender: Follower failed (request=null, errorCount=800); keep nextIndex (438) unchanged and retry. (Repeated 2 times in the last 5.000s)
2025-04-24 14:05:07,326 [timer6] WARN  server.GrpcLogAppender (GrpcLogAppender.java:lambda$resetClient$1(221)) - omNode-1@group-523986131536->omNode-3-GrpcLogAppender: Follower failed (request=null, errorCount=802); keep nextIndex (439) unchanged and retry. (Repeated 2 times in the last 5.000s)
2025-04-24 14:05:07,348 [timer4] WARN  server.GrpcLogAppender (GrpcLogAppender.java:lambda$resetClient$1(221)) - omNode-1@group-523986131536->omNode-3-GrpcLogAppender: Follower failed (request=null, errorCount=804); keep nextIndex (440) unchanged and retry. (Repeated 2 times in the last 5.000s)
2025-04-24 14:05:07,352 [timer6] WARN  server.GrpcLogAppender (GrpcLogAppender.java:lambda$resetClient$1(221)) - omNode-1@group-523986131536->omNode-3-GrpcLogAppender: Follower failed (request=null, errorCount=806); keep nextIndex (441) unchanged and retry. (Repeated 2 times in the last 5.000s)
2025-04-24 14:05:07,357 [timer5] WARN  server.GrpcLogAppender (GrpcLogAppender.java:lambda$resetClient$1(221)) - omNode-1@group-523986131536->omNode-3-GrpcLogAppender: Follower failed (request=null, errorCount=808); keep nextIndex (442) unchanged and retry. (Repeated 2 times in the last 5.000s)
2025-04-24 14:05:07,358 [timer0] WARN  server.GrpcLogAppender (GrpcLogAppender.java:lambda$resetClient$1(221)) - omNode-1@group-523986131536->omNode-3-GrpcLogAppender: Follower failed (request=null, errorCount=810); keep nextIndex (443) unchanged and retry. (Repeated 2 times in the last 5.000s)
2025-04-24 14:05:07,368 [timer1] WARN  server.GrpcLogAppender (GrpcLogAppender.java:lambda$resetClient$1(221)) - omNode-1@group-523986131536->omNode-3-GrpcLogAppender: Follower failed (request=null, errorCount=812); keep nextIndex (444) unchanged and retry. (Repeated 2 times in the last 5.000s)
2025-04-24 14:05:07,370 [timer4] WARN  server.GrpcLogAppender (GrpcLogAppender.java:lambda$resetClient$1(221)) - omNode-1@group-523986131536->omNode-3-GrpcLogAppender: Follower failed (request=null, errorCount=814); keep nextIndex (445) unchanged and retry. (Repeated 2 times in the last 5.001s)
2025-04-24 14:05:07,375 [timer7] WARN  server.GrpcLogAppender (GrpcLogAppender.java:lambda$resetClient$1(221)) - omNode-1@group-523986131536->omNode-3-GrpcLogAppender: Follower failed (request=null, errorCount=816); keep nextIndex (446) unchanged and retry. (Repeated 2 times in the last 5.000s)
2025-04-24 14:05:07,378 [timer1] WARN  server.GrpcLogAppender (GrpcLogAppender.java:lambda$resetClient$1(221)) - omNode-1@group-523986131536->omNode-3-GrpcLogAppender: Follower failed (request=null, errorCount=818); keep nextIndex (447) unchanged and retry. (Repeated 2 times in the last 5.001s)
2025-04-24 14:05:07,386 [timer3] WARN  server.GrpcLogAppender (GrpcLogAppender.java:lambda$resetClient$1(221)) - omNode-1@group-523986131536->omNode-3-GrpcLogAppender: Follower failed (request=null, errorCount=820); keep nextIndex (448) unchanged and retry. (Repeated 2 times in the last 5.000s)
2025-04-24 14:05:07,387 [timer6] WARN  server.GrpcLogAppender (GrpcLogAppender.java:lambda$resetClient$1(221)) - omNode-1@group-523986131536->omNode-3-GrpcLogAppender: Follower failed (request=null, errorCount=822); keep nextIndex (449) unchanged and retry. (Repeated 2 times in the last 5.000s)
2025-04-24 14:05:07,392 [timer1] WARN  server.GrpcLogAppender (GrpcLogAppender.java:lambda$resetClient$1(221)) - omNode-1@group-523986131536->omNode-3-GrpcLogAppender: Follower failed (request=null, errorCount=824); keep nextIndex (450) unchanged and retry. (Repeated 2 times in the last 4.999s)
2025-04-24 14:05:07,393 [timer3] WARN  server.GrpcLogAppender (GrpcLogAppender.java:lambda$resetClient$1(221)) - omNode-1@group-523986131536->omNode-3-GrpcLogAppender: Follower failed (request=null, errorCount=826); keep nextIndex (451) unchanged and retry. (Repeated 2 times in the last 5.000s)
2025-04-24 14:05:07,405 [timer1] WARN  server.GrpcLogAppender (GrpcLogAppender.java:lambda$resetClient$1(221)) - omNode-1@group-523986131536->omNode-3-GrpcLogAppender: Follower failed (request=null, errorCount=828); keep nextIndex (452) unchanged and retry. (Repeated 2 times in the last 5.000s)
2025-04-24 14:05:07,408 [timer4] WARN  server.GrpcLogAppender (GrpcLogAppender.java:lambda$resetClient$1(221)) - omNode-1@group-523986131536->omNode-3-GrpcLogAppender: Follower failed (request=null, errorCount=830); keep nextIndex (453) unchanged and retry. (Repeated 2 times in the last 5.000s)
2025-04-24 14:05:07,414 [timer7] WARN  server.GrpcLogAppender (GrpcLogAppender.java:lambda$resetClient$1(221)) - omNode-1@group-523986131536->omNode-3-GrpcLogAppender: Follower failed (request=null, errorCount=832); keep nextIndex (454) unchanged and retry. (Repeated 2 times in the last 5.000s)
2025-04-24 14:05:07,419 [timer2] WARN  server.GrpcLogAppender (GrpcLogAppender.java:lambda$resetClient$1(221)) - omNode-1@group-523986131536->omNode-3-GrpcLogAppender: Follower failed (request=null, errorCount=836); keep nextIndex (455) unchanged and retry. (Repeated 4 times in the last 5.001s)
2025-04-24 14:05:07,456 [timer1] WARN  server.GrpcLogAppender (GrpcLogAppender.java:lambda$resetClient$1(221)) - omNode-1@group-523986131536->omNode-3-GrpcLogAppender: Follower failed (request=null, errorCount=838); keep nextIndex (456) unchanged and retry. (Repeated 2 times in the last 5.000s)
2025-04-24 14:05:07,458 [timer3] WARN  server.GrpcLogAppender (GrpcLogAppender.java:lambda$resetClient$1(221)) - omNode-1@group-523986131536->omNode-3-GrpcLogAppender: Follower failed (request=null, errorCount=840); keep nextIndex (457) unchanged and retry. (Repeated 2 times in the last 5.001s)
2025-04-24 14:05:07,461 [omNode-3@group-523986131536-FollowerState] INFO  impl.FollowerState (FollowerState.java:runImpl(161)) - omNode-3@group-523986131536-FollowerState: change to CANDIDATE, lastRpcElapsedTime:1185333615ns, electionTimeout:1185ms
2025-04-24 14:05:07,461 [omNode-3@group-523986131536-FollowerState] INFO  impl.RoleInfo (RoleInfo.java:shutdownFollowerState(121)) - omNode-3: shutdown omNode-3@group-523986131536-FollowerState
2025-04-24 14:05:07,461 [omNode-3@group-523986131536-FollowerState] INFO  server.RaftServer$Division (RaftServerImpl.java:setRole(378)) - omNode-3@group-523986131536: changes role from  FOLLOWER to CANDIDATE at term 1 for changeToCandidate
2025-04-24 14:05:07,461 [omNode-3@group-523986131536-FollowerState] INFO  server.RaftServerConfigKeys (ConfUtils.java:logGet(46)) - raft.server.leaderelection.pre-vote = true (default)
2025-04-24 14:05:07,461 [omNode-3@group-523986131536-FollowerState] INFO  impl.RoleInfo (RoleInfo.java:updateAndGet(148)) - omNode-3: start omNode-3@group-523986131536-LeaderElection49
2025-04-24 14:05:07,462 [omNode-3@group-523986131536-LeaderElection49] INFO  impl.LeaderElection (LeaderElection.java:askForVotes(332)) - omNode-3@group-523986131536-LeaderElection49 PRE_VOTE round 0: submit vote requests at term 1 for conf: {index: 0, cur=peers:[omNode-3|localhost:15059, omNode-1|localhost:15051, omNode-2|localhost:15055]|listeners:[], old=null}
2025-04-24 14:05:07,463 [grpc-default-executor-1] INFO  server.RaftServer$Division (RaftServerImpl.java:requestVote(1407)) - omNode-1@group-523986131536: receive requestVote(PRE_VOTE, omNode-3, group-523986131536, 1, (t:1, i:44))
2025-04-24 14:05:07,463 [grpc-default-executor-3] INFO  server.RaftServer$Division (RaftServerImpl.java:requestVote(1407)) - omNode-2@group-523986131536: receive requestVote(PRE_VOTE, omNode-3, group-523986131536, 1, (t:1, i:44))
2025-04-24 14:05:07,463 [grpc-default-executor-1] INFO  impl.VoteContext (VoteContext.java:log(49)) - omNode-1@group-523986131536-LEADER: reject PRE_VOTE from omNode-3: this server is the leader and still has leadership
2025-04-24 14:05:07,463 [grpc-default-executor-3] INFO  impl.VoteContext (VoteContext.java:log(49)) - omNode-2@group-523986131536-FOLLOWER: reject PRE_VOTE from omNode-3: this server is a follower and still has a valid leader omNode-1 different than the candidate omNode-3
2025-04-24 14:05:07,463 [grpc-default-executor-1] INFO  server.RaftServer$Division (RaftServerImpl.java:requestVote(1441)) - omNode-1@group-523986131536 replies to PRE_VOTE vote request: omNode-3<-omNode-1#0:FAIL-t1. Peer's state: omNode-1@group-523986131536:t1, leader=omNode-1, voted=omNode-1, raftlog=Memoized:omNode-1@group-523986131536-SegmentedRaftLog:OPENED:c544:last(t:1, i:544), conf=conf: {index: 0, cur=peers:[omNode-3|localhost:15059, omNode-1|localhost:15051, omNode-2|localhost:15055]|listeners:[], old=null}
2025-04-24 14:05:07,463 [grpc-default-executor-3] INFO  server.RaftServer$Division (RaftServerImpl.java:requestVote(1441)) - omNode-2@group-523986131536 replies to PRE_VOTE vote request: omNode-3<-omNode-2#0:FAIL-t1. Peer's state: omNode-2@group-523986131536:t1, leader=omNode-1, voted=omNode-1, raftlog=Memoized:omNode-2@group-523986131536-SegmentedRaftLog:OPENED:c544:last(t:1, i:544), conf=conf: {index: 0, cur=peers:[omNode-3|localhost:15059, omNode-1|localhost:15051, omNode-2|localhost:15055]|listeners:[], old=null}
2025-04-24 14:05:07,463 [omNode-3@group-523986131536-LeaderElection49] INFO  impl.LeaderElection (LeaderElection.java:logAndReturn(90)) - omNode-3@group-523986131536-LeaderElection49: PRE_VOTE REJECTED received 2 response(s) and 0 exception(s):
2025-04-24 14:05:07,463 [omNode-3@group-523986131536-LeaderElection49] INFO  impl.LeaderElection (LeaderElection.java:logAndReturn(94)) -   Response 0: omNode-3<-omNode-1#0:FAIL-t1
2025-04-24 14:05:07,464 [omNode-3@group-523986131536-LeaderElection49] INFO  impl.LeaderElection (LeaderElection.java:logAndReturn(94)) -   Response 1: omNode-3<-omNode-2#0:FAIL-t1
2025-04-24 14:05:07,464 [omNode-3@group-523986131536-LeaderElection49] INFO  impl.LeaderElection (LeaderElection.java:askForVotes(334)) - omNode-3@group-523986131536-LeaderElection49 PRE_VOTE round 0: result REJECTED
2025-04-24 14:05:07,464 [omNode-3@group-523986131536-LeaderElection49] INFO  server.RaftServer$Division (RaftServerImpl.java:setRole(378)) - omNode-3@group-523986131536: changes role from CANDIDATE to FOLLOWER at term 1 for REJECTED
2025-04-24 14:05:07,464 [omNode-3@group-523986131536-LeaderElection49] INFO  impl.RoleInfo (RoleInfo.java:shutdownLeaderElection(141)) - omNode-3: shutdown omNode-3@group-523986131536-LeaderElection49
2025-04-24 14:05:07,464 [omNode-3@group-523986131536-LeaderElection49] INFO  impl.RoleInfo (RoleInfo.java:updateAndGet(148)) - omNode-3: start omNode-3@group-523986131536-FollowerState
2025-04-24 14:05:07,466 [timer6] WARN  server.GrpcLogAppender (GrpcLogAppender.java:lambda$resetClient$1(221)) - omNode-1@group-523986131536->omNode-3-GrpcLogAppender: Follower failed (request=null, errorCount=842); keep nextIndex (458) unchanged and retry. (Repeated 2 times in the last 5.001s)
2025-04-24 14:05:07,470 [timer1] WARN  server.GrpcLogAppender (GrpcLogAppender.java:lambda$resetClient$1(221)) - omNode-1@group-523986131536->omNode-3-GrpcLogAppender: Follower failed (request=null, errorCount=844); keep nextIndex (459) unchanged and retry. (Repeated 2 times in the last 5.002s)
2025-04-24 14:05:07,483 [timer6] WARN  server.GrpcLogAppender (GrpcLogAppender.java:lambda$resetClient$1(221)) - omNode-1@group-523986131536->omNode-3-GrpcLogAppender: Follower failed (request=null, errorCount=846); keep nextIndex (460) unchanged and retry. (Repeated 2 times in the last 5.000s)
2025-04-24 14:05:07,488 [timer1] WARN  server.GrpcLogAppender (GrpcLogAppender.java:lambda$resetClient$1(221)) - omNode-1@group-523986131536->omNode-3-GrpcLogAppender: Follower failed (request=null, errorCount=848); keep nextIndex (461) unchanged and retry. (Repeated 2 times in the last 5.000s)
2025-04-24 14:05:07,491 [timer3] WARN  server.GrpcLogAppender (GrpcLogAppender.java:lambda$resetClient$1(221)) - omNode-1@group-523986131536->omNode-3-GrpcLogAppender: Follower failed (request=null, errorCount=850); keep nextIndex (462) unchanged and retry. (Repeated 2 times in the last 5.000s)
2025-04-24 14:05:07,494 [timer7] WARN  server.GrpcLogAppender (GrpcLogAppender.java:lambda$resetClient$1(221)) - omNode-1@group-523986131536->omNode-3-GrpcLogAppender: Follower failed (request=null, errorCount=852); keep nextIndex (463) unchanged and retry. (Repeated 2 times in the last 5.001s)
2025-04-24 14:05:07,507 [timer5] WARN  server.GrpcLogAppender (GrpcLogAppender.java:lambda$resetClient$1(221)) - omNode-1@group-523986131536->omNode-3-GrpcLogAppender: Follower failed (request=null, errorCount=854); keep nextIndex (464) unchanged and retry. (Repeated 2 times in the last 5.000s)
2025-04-24 14:05:07,510 [timer7] WARN  server.GrpcLogAppender (GrpcLogAppender.java:lambda$resetClient$1(221)) - omNode-1@group-523986131536->omNode-3-GrpcLogAppender: Follower failed (request=null, errorCount=856); keep nextIndex (465) unchanged and retry. (Repeated 2 times in the last 5.000s)
2025-04-24 14:05:07,516 [timer1] WARN  server.GrpcLogAppender (GrpcLogAppender.java:lambda$resetClient$1(221)) - omNode-1@group-523986131536->omNode-3-GrpcLogAppender: Follower failed (request=null, errorCount=858); keep nextIndex (466) unchanged and retry. (Repeated 2 times in the last 5.000s)
2025-04-24 14:05:07,519 [timer5] WARN  server.GrpcLogAppender (GrpcLogAppender.java:lambda$resetClient$1(221)) - omNode-1@group-523986131536->omNode-3-GrpcLogAppender: Follower failed (request=null, errorCount=860); keep nextIndex (467) unchanged and retry. (Repeated 2 times in the last 5.000s)
2025-04-24 14:05:07,530 [timer3] WARN  server.GrpcLogAppender (GrpcLogAppender.java:lambda$resetClient$1(221)) - omNode-1@group-523986131536->omNode-3-GrpcLogAppender: Follower failed (request=null, errorCount=862); keep nextIndex (468) unchanged and retry. (Repeated 2 times in the last 5.000s)
2025-04-24 14:05:07,531 [timer5] WARN  server.GrpcLogAppender (GrpcLogAppender.java:lambda$resetClient$1(221)) - omNode-1@group-523986131536->omNode-3-GrpcLogAppender: Follower failed (request=null, errorCount=864); keep nextIndex (469) unchanged and retry. (Repeated 2 times in the last 5.000s)
2025-04-24 14:05:07,537 [timer0] WARN  server.GrpcLogAppender (GrpcLogAppender.java:lambda$resetClient$1(221)) - omNode-1@group-523986131536->omNode-3-GrpcLogAppender: Follower failed (request=null, errorCount=866); keep nextIndex (470) unchanged and retry. (Repeated 2 times in the last 5.000s)
2025-04-24 14:05:07,540 [timer3] WARN  server.GrpcLogAppender (GrpcLogAppender.java:lambda$resetClient$1(221)) - omNode-1@group-523986131536->omNode-3-GrpcLogAppender: Follower failed (request=null, errorCount=868); keep nextIndex (471) unchanged and retry. (Repeated 2 times in the last 5.000s)
2025-04-24 14:05:07,549 [timer0] WARN  server.GrpcLogAppender (GrpcLogAppender.java:lambda$resetClient$1(221)) - omNode-1@group-523986131536->omNode-3-GrpcLogAppender: Follower failed (request=null, errorCount=870); keep nextIndex (472) unchanged and retry. (Repeated 2 times in the last 5.000s)
2025-04-24 14:05:07,552 [timer3] WARN  server.GrpcLogAppender (GrpcLogAppender.java:lambda$resetClient$1(221)) - omNode-1@group-523986131536->omNode-3-GrpcLogAppender: Follower failed (request=null, errorCount=872); keep nextIndex (473) unchanged and retry. (Repeated 2 times in the last 5.001s)
2025-04-24 14:05:07,558 [timer7] WARN  server.GrpcLogAppender (GrpcLogAppender.java:lambda$resetClient$1(221)) - omNode-1@group-523986131536->omNode-3-GrpcLogAppender: Follower failed (request=null, errorCount=874); keep nextIndex (474) unchanged and retry. (Repeated 2 times in the last 4.999s)
2025-04-24 14:05:07,560 [timer1] WARN  server.GrpcLogAppender (GrpcLogAppender.java:lambda$resetClient$1(221)) - omNode-1@group-523986131536->omNode-3-GrpcLogAppender: Follower failed (request=null, errorCount=876); keep nextIndex (475) unchanged and retry. (Repeated 2 times in the last 4.999s)
2025-04-24 14:05:07,569 [timer6] WARN  server.GrpcLogAppender (GrpcLogAppender.java:lambda$resetClient$1(221)) - omNode-1@group-523986131536->omNode-3-GrpcLogAppender: Follower failed (request=null, errorCount=878); keep nextIndex (476) unchanged and retry. (Repeated 2 times in the last 5.000s)
2025-04-24 14:05:07,571 [timer1] WARN  server.GrpcLogAppender (GrpcLogAppender.java:lambda$resetClient$1(221)) - omNode-1@group-523986131536->omNode-3-GrpcLogAppender: Follower failed (request=null, errorCount=880); keep nextIndex (477) unchanged and retry. (Repeated 2 times in the last 5.000s)
2025-04-24 14:05:07,577 [timer4] WARN  server.GrpcLogAppender (GrpcLogAppender.java:lambda$resetClient$1(221)) - omNode-1@group-523986131536->omNode-3-GrpcLogAppender: Follower failed (request=null, errorCount=882); keep nextIndex (478) unchanged and retry. (Repeated 2 times in the last 5.001s)
2025-04-24 14:05:07,580 [timer7] WARN  server.GrpcLogAppender (GrpcLogAppender.java:lambda$resetClient$1(221)) - omNode-1@group-523986131536->omNode-3-GrpcLogAppender: Follower failed (request=null, errorCount=884); keep nextIndex (479) unchanged and retry. (Repeated 2 times in the last 5.001s)
2025-04-24 14:05:07,589 [timer4] WARN  server.GrpcLogAppender (GrpcLogAppender.java:lambda$resetClient$1(221)) - omNode-1@group-523986131536->omNode-3-GrpcLogAppender: Follower failed (request=null, errorCount=886); keep nextIndex (480) unchanged and retry. (Repeated 2 times in the last 5.000s)
2025-04-24 14:05:07,590 [timer7] WARN  server.GrpcLogAppender (GrpcLogAppender.java:lambda$resetClient$1(221)) - omNode-1@group-523986131536->omNode-3-GrpcLogAppender: Follower failed (request=null, errorCount=888); keep nextIndex (481) unchanged and retry. (Repeated 2 times in the last 5.000s)
2025-04-24 14:05:07,596 [timer2] WARN  server.GrpcLogAppender (GrpcLogAppender.java:lambda$resetClient$1(221)) - omNode-1@group-523986131536->omNode-3-GrpcLogAppender: Follower failed (request=null, errorCount=890); keep nextIndex (482) unchanged and retry. (Repeated 2 times in the last 5.000s)
2025-04-24 14:05:07,598 [timer4] WARN  server.GrpcLogAppender (GrpcLogAppender.java:lambda$resetClient$1(221)) - omNode-1@group-523986131536->omNode-3-GrpcLogAppender: Follower failed (request=null, errorCount=892); keep nextIndex (483) unchanged and retry. (Repeated 2 times in the last 5.000s)
2025-04-24 14:05:07,606 [timer1] WARN  server.GrpcLogAppender (GrpcLogAppender.java:lambda$resetClient$1(221)) - omNode-1@group-523986131536->omNode-3-GrpcLogAppender: Follower failed (request=null, errorCount=894); keep nextIndex (484) unchanged and retry. (Repeated 2 times in the last 5.000s)
2025-04-24 14:05:07,609 [timer4] WARN  server.GrpcLogAppender (GrpcLogAppender.java:lambda$resetClient$1(221)) - omNode-1@group-523986131536->omNode-3-GrpcLogAppender: Follower failed (request=null, errorCount=896); keep nextIndex (485) unchanged and retry. (Repeated 2 times in the last 5.000s)
2025-04-24 14:05:07,613 [timer7] WARN  server.GrpcLogAppender (GrpcLogAppender.java:lambda$resetClient$1(221)) - omNode-1@group-523986131536->omNode-3-GrpcLogAppender: Follower failed (request=null, errorCount=898); keep nextIndex (486) unchanged and retry. (Repeated 2 times in the last 5.000s)
2025-04-24 14:05:07,615 [timer2] WARN  server.GrpcLogAppender (GrpcLogAppender.java:lambda$resetClient$1(221)) - omNode-1@group-523986131536->omNode-3-GrpcLogAppender: Follower failed (request=null, errorCount=900); keep nextIndex (487) unchanged and retry. (Repeated 2 times in the last 5.000s)
2025-04-24 14:05:07,623 [timer7] WARN  server.GrpcLogAppender (GrpcLogAppender.java:lambda$resetClient$1(221)) - omNode-1@group-523986131536->omNode-3-GrpcLogAppender: Follower failed (request=null, errorCount=902); keep nextIndex (488) unchanged and retry. (Repeated 2 times in the last 5.001s)
2025-04-24 14:05:07,625 [timer2] WARN  server.GrpcLogAppender (GrpcLogAppender.java:lambda$resetClient$1(221)) - omNode-1@group-523986131536->omNode-3-GrpcLogAppender: Follower failed (request=null, errorCount=904); keep nextIndex (489) unchanged and retry. (Repeated 2 times in the last 5.000s)
2025-04-24 14:05:07,633 [timer5] WARN  server.GrpcLogAppender (GrpcLogAppender.java:lambda$resetClient$1(221)) - omNode-1@group-523986131536->omNode-3-GrpcLogAppender: Follower failed (request=null, errorCount=906); keep nextIndex (490) unchanged and retry. (Repeated 2 times in the last 5.001s)
2025-04-24 14:05:07,635 [timer0] WARN  server.GrpcLogAppender (GrpcLogAppender.java:lambda$resetClient$1(221)) - omNode-1@group-523986131536->omNode-3-GrpcLogAppender: Follower failed (request=null, errorCount=908); keep nextIndex (491) unchanged and retry. (Repeated 2 times in the last 5.000s)
2025-04-24 14:05:07,644 [timer5] WARN  server.GrpcLogAppender (GrpcLogAppender.java:lambda$resetClient$1(221)) - omNode-1@group-523986131536->omNode-3-GrpcLogAppender: Follower failed (request=null, errorCount=910); keep nextIndex (492) unchanged and retry. (Repeated 2 times in the last 5.000s)
2025-04-24 14:05:07,645 [timer0] WARN  server.GrpcLogAppender (GrpcLogAppender.java:lambda$resetClient$1(221)) - omNode-1@group-523986131536->omNode-3-GrpcLogAppender: Follower failed (request=null, errorCount=912); keep nextIndex (493) unchanged and retry. (Repeated 2 times in the last 5.001s)
2025-04-24 14:05:07,650 [timer2] WARN  server.GrpcLogAppender (GrpcLogAppender.java:lambda$resetClient$1(221)) - omNode-1@group-523986131536->omNode-3-GrpcLogAppender: Follower failed (request=null, errorCount=914); keep nextIndex (494) unchanged and retry. (Repeated 2 times in the last 5.000s)
2025-04-24 14:05:07,652 [timer6] WARN  server.GrpcLogAppender (GrpcLogAppender.java:lambda$resetClient$1(221)) - omNode-1@group-523986131536->omNode-3-GrpcLogAppender: Follower failed (request=null, errorCount=916); keep nextIndex (495) unchanged and retry. (Repeated 2 times in the last 5.000s)
2025-04-24 14:05:07,662 [timer3] WARN  server.GrpcLogAppender (GrpcLogAppender.java:lambda$resetClient$1(221)) - omNode-1@group-523986131536->omNode-3-GrpcLogAppender: Follower failed (request=null, errorCount=918); keep nextIndex (496) unchanged and retry. (Repeated 2 times in the last 5.000s)
2025-04-24 14:05:07,664 [timer6] WARN  server.GrpcLogAppender (GrpcLogAppender.java:lambda$resetClient$1(221)) - omNode-1@group-523986131536->omNode-3-GrpcLogAppender: Follower failed (request=null, errorCount=920); keep nextIndex (497) unchanged and retry. (Repeated 2 times in the last 5.000s)
2025-04-24 14:05:07,669 [timer1] WARN  server.GrpcLogAppender (GrpcLogAppender.java:lambda$resetClient$1(221)) - omNode-1@group-523986131536->omNode-3-GrpcLogAppender: Follower failed (request=null, errorCount=922); keep nextIndex (498) unchanged and retry. (Repeated 2 times in the last 5.000s)
2025-04-24 14:05:07,671 [timer4] WARN  server.GrpcLogAppender (GrpcLogAppender.java:lambda$resetClient$1(221)) - omNode-1@group-523986131536->omNode-3-GrpcLogAppender: Follower failed (request=null, errorCount=924); keep nextIndex (499) unchanged and retry. (Repeated 2 times in the last 5.000s)
2025-04-24 14:05:07,678 [timer1] WARN  server.GrpcLogAppender (GrpcLogAppender.java:lambda$resetClient$1(221)) - omNode-1@group-523986131536->omNode-3-GrpcLogAppender: Follower failed (request=null, errorCount=926); keep nextIndex (500) unchanged and retry. (Repeated 2 times in the last 5.000s)
2025-04-24 14:05:07,680 [timer4] WARN  server.GrpcLogAppender (GrpcLogAppender.java:lambda$resetClient$1(221)) - omNode-1@group-523986131536->omNode-3-GrpcLogAppender: Follower failed (request=null, errorCount=928); keep nextIndex (501) unchanged and retry. (Repeated 2 times in the last 5.001s)
2025-04-24 14:05:07,683 [timer7] WARN  server.GrpcLogAppender (GrpcLogAppender.java:lambda$resetClient$1(221)) - omNode-1@group-523986131536->omNode-3-GrpcLogAppender: Follower failed (request=null, errorCount=930); keep nextIndex (502) unchanged and retry. (Repeated 2 times in the last 5.001s)
2025-04-24 14:05:07,684 [timer2] WARN  server.GrpcLogAppender (GrpcLogAppender.java:lambda$resetClient$1(221)) - omNode-1@group-523986131536->omNode-3-GrpcLogAppender: Follower failed (request=null, errorCount=932); keep nextIndex (503) unchanged and retry. (Repeated 2 times in the last 5.000s)
2025-04-24 14:05:07,692 [timer7] WARN  server.GrpcLogAppender (GrpcLogAppender.java:lambda$resetClient$1(221)) - omNode-1@group-523986131536->omNode-3-GrpcLogAppender: Follower failed (request=null, errorCount=934); keep nextIndex (504) unchanged and retry. (Repeated 2 times in the last 5.000s)
2025-04-24 14:05:07,693 [timer2] WARN  server.GrpcLogAppender (GrpcLogAppender.java:lambda$resetClient$1(221)) - omNode-1@group-523986131536->omNode-3-GrpcLogAppender: Follower failed (request=null, errorCount=936); keep nextIndex (505) unchanged and retry. (Repeated 2 times in the last 5.001s)
2025-04-24 14:05:07,704 [timer4] WARN  server.GrpcLogAppender (GrpcLogAppender.java:lambda$resetClient$1(221)) - omNode-1@group-523986131536->omNode-3-GrpcLogAppender: Follower failed (request=null, errorCount=940); keep nextIndex (506) unchanged and retry. (Repeated 4 times in the last 5.000s)
2025-04-24 14:05:07,713 [timer3] WARN  server.GrpcLogAppender (GrpcLogAppender.java:lambda$resetClient$1(221)) - omNode-1@group-523986131536->omNode-3-GrpcLogAppender: Follower failed (request=null, errorCount=942); keep nextIndex (508) unchanged and retry. (Repeated 2 times in the last 5.000s)
2025-04-24 14:05:07,717 [timer6] WARN  server.GrpcLogAppender (GrpcLogAppender.java:lambda$resetClient$1(221)) - omNode-1@group-523986131536->omNode-3-GrpcLogAppender: Follower failed (request=null, errorCount=944); keep nextIndex (509) unchanged and retry. (Repeated 2 times in the last 5.001s)
2025-04-24 14:05:07,723 [timer1] WARN  server.GrpcLogAppender (GrpcLogAppender.java:lambda$resetClient$1(221)) - omNode-1@group-523986131536->omNode-3-GrpcLogAppender: Follower failed (request=null, errorCount=946); keep nextIndex (510) unchanged and retry. (Repeated 2 times in the last 5.001s)
2025-04-24 14:05:07,724 [timer4] WARN  server.GrpcLogAppender (GrpcLogAppender.java:lambda$resetClient$1(221)) - omNode-1@group-523986131536->omNode-3-GrpcLogAppender: Follower failed (request=null, errorCount=948); keep nextIndex (511) unchanged and retry. (Repeated 2 times in the last 5.001s)
2025-04-24 14:05:07,734 [timer0] WARN  server.GrpcLogAppender (GrpcLogAppender.java:lambda$resetClient$1(221)) - omNode-1@group-523986131536->omNode-3-GrpcLogAppender: Follower failed (request=null, errorCount=950); keep nextIndex (512) unchanged and retry. (Repeated 2 times in the last 5.001s)
2025-04-24 14:05:07,759 [timer4] WARN  server.GrpcLogAppender (GrpcLogAppender.java:lambda$resetClient$1(221)) - omNode-1@group-523986131536->omNode-3-GrpcLogAppender: Follower failed (request=null, errorCount=952); keep nextIndex (513) unchanged and retry. (Repeated 2 times in the last 5.001s)
2025-04-24 14:05:07,764 [timer7] WARN  server.GrpcLogAppender (GrpcLogAppender.java:lambda$resetClient$1(221)) - omNode-1@group-523986131536->omNode-3-GrpcLogAppender: Follower failed (request=null, errorCount=954); keep nextIndex (514) unchanged and retry. (Repeated 2 times in the last 5.000s)
2025-04-24 14:05:07,767 [timer3] WARN  server.GrpcLogAppender (GrpcLogAppender.java:lambda$resetClient$1(221)) - omNode-1@group-523986131536->omNode-3-GrpcLogAppender: Follower failed (request=null, errorCount=956); keep nextIndex (515) unchanged and retry. (Repeated 2 times in the last 5.001s)
2025-04-24 14:05:07,774 [timer7] WARN  server.GrpcLogAppender (GrpcLogAppender.java:lambda$resetClient$1(221)) - omNode-1@group-523986131536->omNode-3-GrpcLogAppender: Follower failed (request=null, errorCount=958); keep nextIndex (516) unchanged and retry. (Repeated 2 times in the last 5.000s)
2025-04-24 14:05:07,776 [timer2] WARN  server.GrpcLogAppender (GrpcLogAppender.java:lambda$resetClient$1(221)) - omNode-1@group-523986131536->omNode-3-GrpcLogAppender: Follower failed (request=null, errorCount=960); keep nextIndex (517) unchanged and retry. (Repeated 2 times in the last 5.001s)
2025-04-24 14:05:07,779 [timer5] WARN  server.GrpcLogAppender (GrpcLogAppender.java:lambda$resetClient$1(221)) - omNode-1@group-523986131536->omNode-3-GrpcLogAppender: Follower failed (request=null, errorCount=962); keep nextIndex (518) unchanged and retry. (Repeated 2 times in the last 5.000s)
2025-04-24 14:05:07,782 [timer0] WARN  server.GrpcLogAppender (GrpcLogAppender.java:lambda$resetClient$1(221)) - omNode-1@group-523986131536->omNode-3-GrpcLogAppender: Follower failed (request=null, errorCount=964); keep nextIndex (519) unchanged and retry. (Repeated 2 times in the last 5.001s)
2025-04-24 14:05:07,790 [timer5] WARN  server.GrpcLogAppender (GrpcLogAppender.java:lambda$resetClient$1(221)) - omNode-1@group-523986131536->omNode-3-GrpcLogAppender: Follower failed (request=null, errorCount=966); keep nextIndex (520) unchanged and retry. (Repeated 2 times in the last 5.001s)
2025-04-24 14:05:07,791 [timer0] WARN  server.GrpcLogAppender (GrpcLogAppender.java:lambda$resetClient$1(221)) - omNode-1@group-523986131536->omNode-3-GrpcLogAppender: Follower failed (request=null, errorCount=968); keep nextIndex (521) unchanged and retry. (Repeated 2 times in the last 5.000s)
2025-04-24 14:05:07,796 [timer3] WARN  server.GrpcLogAppender (GrpcLogAppender.java:lambda$resetClient$1(221)) - omNode-1@group-523986131536->omNode-3-GrpcLogAppender: Follower failed (request=null, errorCount=970); keep nextIndex (522) unchanged and retry. (Repeated 2 times in the last 5.001s)
2025-04-24 14:05:07,797 [timer6] WARN  server.GrpcLogAppender (GrpcLogAppender.java:lambda$resetClient$1(221)) - omNode-1@group-523986131536->omNode-3-GrpcLogAppender: Follower failed (request=null, errorCount=972); keep nextIndex (523) unchanged and retry. (Repeated 2 times in the last 5.000s)
2025-04-24 14:05:07,803 [timer3] WARN  server.GrpcLogAppender (GrpcLogAppender.java:lambda$resetClient$1(221)) - omNode-1@group-523986131536->omNode-3-GrpcLogAppender: Follower failed (request=null, errorCount=974); keep nextIndex (524) unchanged and retry. (Repeated 2 times in the last 5.000s)
2025-04-24 14:05:07,806 [timer6] WARN  server.GrpcLogAppender (GrpcLogAppender.java:lambda$resetClient$1(221)) - omNode-1@group-523986131536->omNode-3-GrpcLogAppender: Follower failed (request=null, errorCount=976); keep nextIndex (525) unchanged and retry. (Repeated 2 times in the last 5.001s)
2025-04-24 14:05:07,811 [timer1] WARN  server.GrpcLogAppender (GrpcLogAppender.java:lambda$resetClient$1(221)) - omNode-1@group-523986131536->omNode-3-GrpcLogAppender: Follower failed (request=null, errorCount=978); keep nextIndex (526) unchanged and retry. (Repeated 2 times in the last 5.001s)
2025-04-24 14:05:07,811 [timer3] WARN  server.GrpcLogAppender (GrpcLogAppender.java:lambda$resetClient$1(221)) - omNode-1@group-523986131536->omNode-3-GrpcLogAppender: Follower failed (request=null, errorCount=980); keep nextIndex (527) unchanged and retry. (Repeated 2 times in the last 5.000s)
2025-04-24 14:05:07,821 [timer0] WARN  server.GrpcLogAppender (GrpcLogAppender.java:lambda$resetClient$1(221)) - omNode-1@group-523986131536->omNode-3-GrpcLogAppender: Follower failed (request=null, errorCount=982); keep nextIndex (528) unchanged and retry. (Repeated 2 times in the last 4.999s)
2025-04-24 14:05:07,824 [timer4] WARN  server.GrpcLogAppender (GrpcLogAppender.java:lambda$resetClient$1(221)) - omNode-1@group-523986131536->omNode-3-GrpcLogAppender: Follower failed (request=null, errorCount=984); keep nextIndex (529) unchanged and retry. (Repeated 2 times in the last 5.000s)
2025-04-24 14:05:07,830 [timer7] WARN  server.GrpcLogAppender (GrpcLogAppender.java:lambda$resetClient$1(221)) - omNode-1@group-523986131536->omNode-3-GrpcLogAppender: Follower failed (request=null, errorCount=986); keep nextIndex (530) unchanged and retry. (Repeated 2 times in the last 5.000s)
2025-04-24 14:05:07,832 [timer2] WARN  server.GrpcLogAppender (GrpcLogAppender.java:lambda$resetClient$1(221)) - omNode-1@group-523986131536->omNode-3-GrpcLogAppender: Follower failed (request=null, errorCount=988); keep nextIndex (531) unchanged and retry. (Repeated 2 times in the last 5.000s)
2025-04-24 14:05:07,841 [timer7] WARN  server.GrpcLogAppender (GrpcLogAppender.java:lambda$resetClient$1(221)) - omNode-1@group-523986131536->omNode-3-GrpcLogAppender: Follower failed (request=null, errorCount=990); keep nextIndex (532) unchanged and retry. (Repeated 2 times in the last 5.000s)
2025-04-24 14:05:07,843 [timer2] WARN  server.GrpcLogAppender (GrpcLogAppender.java:lambda$resetClient$1(221)) - omNode-1@group-523986131536->omNode-3-GrpcLogAppender: Follower failed (request=null, errorCount=992); keep nextIndex (533) unchanged and retry. (Repeated 2 times in the last 5.000s)
2025-04-24 14:05:07,846 [timer5] WARN  server.GrpcLogAppender (GrpcLogAppender.java:lambda$resetClient$1(221)) - omNode-1@group-523986131536->omNode-3-GrpcLogAppender: Follower failed (request=null, errorCount=994); keep nextIndex (534) unchanged and retry. (Repeated 2 times in the last 5.000s)
2025-04-24 14:05:07,848 [timer0] WARN  server.GrpcLogAppender (GrpcLogAppender.java:lambda$resetClient$1(221)) - omNode-1@group-523986131536->omNode-3-GrpcLogAppender: Follower failed (request=null, errorCount=996); keep nextIndex (535) unchanged and retry. (Repeated 2 times in the last 5.000s)
2025-04-24 14:05:07,855 [timer5] WARN  server.GrpcLogAppender (GrpcLogAppender.java:lambda$resetClient$1(221)) - omNode-1@group-523986131536->omNode-3-GrpcLogAppender: Follower failed (request=null, errorCount=998); keep nextIndex (536) unchanged and retry. (Repeated 2 times in the last 5.000s)
2025-04-24 14:05:07,858 [timer0] WARN  server.GrpcLogAppender (GrpcLogAppender.java:lambda$resetClient$1(221)) - omNode-1@group-523986131536->omNode-3-GrpcLogAppender: Follower failed (request=null, errorCount=1000); keep nextIndex (537) unchanged and retry. (Repeated 2 times in the last 5.001s)
2025-04-24 14:05:07,861 [timer3] WARN  server.GrpcLogAppender (GrpcLogAppender.java:lambda$resetClient$1(221)) - omNode-1@group-523986131536->omNode-3-GrpcLogAppender: Follower failed (request=null, errorCount=1002); keep nextIndex (538) unchanged and retry. (Repeated 2 times in the last 5.000s)
2025-04-24 14:05:07,862 [timer6] WARN  server.GrpcLogAppender (GrpcLogAppender.java:lambda$resetClient$1(221)) - omNode-1@group-523986131536->omNode-3-GrpcLogAppender: Follower failed (request=null, errorCount=1004); keep nextIndex (539) unchanged and retry. (Repeated 2 times in the last 5.000s)
2025-04-24 14:05:07,872 [timer4] WARN  server.GrpcLogAppender (GrpcLogAppender.java:lambda$resetClient$1(221)) - omNode-1@group-523986131536->omNode-3-GrpcLogAppender: Follower failed (request=null, errorCount=1006); keep nextIndex (540) unchanged and retry. (Repeated 2 times in the last 5.001s)
2025-04-24 14:05:07,873 [timer5] WARN  server.GrpcLogAppender (GrpcLogAppender.java:lambda$resetClient$1(221)) - omNode-1@group-523986131536->omNode-3-GrpcLogAppender: Follower failed (request=null, errorCount=1008); keep nextIndex (541) unchanged and retry. (Repeated 2 times in the last 5.001s)
2025-04-24 14:05:07,880 [timer1] WARN  server.GrpcLogAppender (GrpcLogAppender.java:lambda$resetClient$1(221)) - omNode-1@group-523986131536->omNode-3-GrpcLogAppender: Follower failed (request=null, errorCount=1010); keep nextIndex (542) unchanged and retry. (Repeated 2 times in the last 5.000s)
2025-04-24 14:05:07,883 [timer4] WARN  server.GrpcLogAppender (GrpcLogAppender.java:lambda$resetClient$1(221)) - omNode-1@group-523986131536->omNode-3-GrpcLogAppender: Follower failed (request=null, errorCount=1012); keep nextIndex (543) unchanged and retry. (Repeated 2 times in the last 5.000s)
2025-04-24 14:05:07,890 [timer7] WARN  server.GrpcLogAppender (GrpcLogAppender.java:lambda$resetClient$1(221)) - omNode-1@group-523986131536->omNode-3-GrpcLogAppender: Follower failed (request=null, errorCount=1014); keep nextIndex (544) unchanged and retry. (Repeated 2 times in the last 5.000s)
2025-04-24 14:05:07,891 [timer2] WARN  server.GrpcLogAppender (GrpcLogAppender.java:lambda$resetClient$1(221)) - omNode-1@group-523986131536->omNode-3-GrpcLogAppender: Follower failed (request=null, errorCount=1018); keep nextIndex (545) unchanged and retry. (Repeated 4 times in the last 4.999s)
2025-04-24 14:05:08,633 [omNode-3@group-523986131536-FollowerState] INFO  impl.FollowerState (FollowerState.java:runImpl(161)) - omNode-3@group-523986131536-FollowerState: change to CANDIDATE, lastRpcElapsedTime:1169310398ns, electionTimeout:1169ms
2025-04-24 14:05:08,633 [omNode-3@group-523986131536-FollowerState] INFO  impl.RoleInfo (RoleInfo.java:shutdownFollowerState(121)) - omNode-3: shutdown omNode-3@group-523986131536-FollowerState
2025-04-24 14:05:08,633 [omNode-3@group-523986131536-FollowerState] INFO  server.RaftServer$Division (RaftServerImpl.java:setRole(378)) - omNode-3@group-523986131536: changes role from  FOLLOWER to CANDIDATE at term 1 for changeToCandidate
2025-04-24 14:05:08,633 [omNode-3@group-523986131536-FollowerState] INFO  server.RaftServerConfigKeys (ConfUtils.java:logGet(46)) - raft.server.leaderelection.pre-vote = true (default)
2025-04-24 14:05:08,633 [omNode-3@group-523986131536-FollowerState] INFO  impl.RoleInfo (RoleInfo.java:updateAndGet(148)) - omNode-3: start omNode-3@group-523986131536-LeaderElection50
2025-04-24 14:05:08,634 [omNode-3@group-523986131536-LeaderElection50] INFO  impl.LeaderElection (LeaderElection.java:askForVotes(332)) - omNode-3@group-523986131536-LeaderElection50 PRE_VOTE round 0: submit vote requests at term 1 for conf: {index: 0, cur=peers:[omNode-3|localhost:15059, omNode-1|localhost:15051, omNode-2|localhost:15055]|listeners:[], old=null}
2025-04-24 14:05:08,635 [grpc-default-executor-1] INFO  server.RaftServer$Division (RaftServerImpl.java:requestVote(1407)) - omNode-2@group-523986131536: receive requestVote(PRE_VOTE, omNode-3, group-523986131536, 1, (t:1, i:44))
2025-04-24 14:05:08,635 [grpc-default-executor-6] INFO  server.RaftServer$Division (RaftServerImpl.java:requestVote(1407)) - omNode-1@group-523986131536: receive requestVote(PRE_VOTE, omNode-3, group-523986131536, 1, (t:1, i:44))
2025-04-24 14:05:08,635 [grpc-default-executor-1] INFO  impl.VoteContext (VoteContext.java:log(49)) - omNode-2@group-523986131536-FOLLOWER: reject PRE_VOTE from omNode-3: this server is a follower and still has a valid leader omNode-1 different than the candidate omNode-3
2025-04-24 14:05:08,635 [grpc-default-executor-6] INFO  impl.VoteContext (VoteContext.java:log(49)) - omNode-1@group-523986131536-LEADER: reject PRE_VOTE from omNode-3: this server is the leader and still has leadership
2025-04-24 14:05:08,635 [grpc-default-executor-6] INFO  server.RaftServer$Division (RaftServerImpl.java:requestVote(1441)) - omNode-1@group-523986131536 replies to PRE_VOTE vote request: omNode-3<-omNode-1#0:FAIL-t1. Peer's state: omNode-1@group-523986131536:t1, leader=omNode-1, voted=omNode-1, raftlog=Memoized:omNode-1@group-523986131536-SegmentedRaftLog:OPENED:c544:last(t:1, i:544), conf=conf: {index: 0, cur=peers:[omNode-3|localhost:15059, omNode-1|localhost:15051, omNode-2|localhost:15055]|listeners:[], old=null}
2025-04-24 14:05:08,635 [grpc-default-executor-1] INFO  server.RaftServer$Division (RaftServerImpl.java:requestVote(1441)) - omNode-2@group-523986131536 replies to PRE_VOTE vote request: omNode-3<-omNode-2#0:FAIL-t1. Peer's state: omNode-2@group-523986131536:t1, leader=omNode-1, voted=omNode-1, raftlog=Memoized:omNode-2@group-523986131536-SegmentedRaftLog:OPENED:c544:last(t:1, i:544), conf=conf: {index: 0, cur=peers:[omNode-3|localhost:15059, omNode-1|localhost:15051, omNode-2|localhost:15055]|listeners:[], old=null}
2025-04-24 14:05:08,636 [omNode-3@group-523986131536-LeaderElection50] INFO  impl.LeaderElection (LeaderElection.java:logAndReturn(90)) - omNode-3@group-523986131536-LeaderElection50: PRE_VOTE REJECTED received 2 response(s) and 0 exception(s):
2025-04-24 14:05:08,636 [omNode-3@group-523986131536-LeaderElection50] INFO  impl.LeaderElection (LeaderElection.java:logAndReturn(94)) -   Response 0: omNode-3<-omNode-1#0:FAIL-t1
2025-04-24 14:05:08,636 [omNode-3@group-523986131536-LeaderElection50] INFO  impl.LeaderElection (LeaderElection.java:logAndReturn(94)) -   Response 1: omNode-3<-omNode-2#0:FAIL-t1
2025-04-24 14:05:08,636 [omNode-3@group-523986131536-LeaderElection50] INFO  impl.LeaderElection (LeaderElection.java:askForVotes(334)) - omNode-3@group-523986131536-LeaderElection50 PRE_VOTE round 0: result REJECTED
2025-04-24 14:05:08,636 [omNode-3@group-523986131536-LeaderElection50] INFO  server.RaftServer$Division (RaftServerImpl.java:setRole(378)) - omNode-3@group-523986131536: changes role from CANDIDATE to FOLLOWER at term 1 for REJECTED
2025-04-24 14:05:08,636 [omNode-3@group-523986131536-LeaderElection50] INFO  impl.RoleInfo (RoleInfo.java:shutdownLeaderElection(141)) - omNode-3: shutdown omNode-3@group-523986131536-LeaderElection50
2025-04-24 14:05:08,636 [omNode-3@group-523986131536-LeaderElection50] INFO  impl.RoleInfo (RoleInfo.java:updateAndGet(148)) - omNode-3: start omNode-3@group-523986131536-FollowerState
2025-04-24 14:05:09,758 [omNode-3@group-523986131536-FollowerState] INFO  impl.FollowerState (FollowerState.java:runImpl(161)) - omNode-3@group-523986131536-FollowerState: change to CANDIDATE, lastRpcElapsedTime:1121391030ns, electionTimeout:1121ms
2025-04-24 14:05:09,758 [omNode-3@group-523986131536-FollowerState] INFO  impl.RoleInfo (RoleInfo.java:shutdownFollowerState(121)) - omNode-3: shutdown omNode-3@group-523986131536-FollowerState
2025-04-24 14:05:09,758 [omNode-3@group-523986131536-FollowerState] INFO  server.RaftServer$Division (RaftServerImpl.java:setRole(378)) - omNode-3@group-523986131536: changes role from  FOLLOWER to CANDIDATE at term 1 for changeToCandidate
2025-04-24 14:05:09,758 [omNode-3@group-523986131536-FollowerState] INFO  server.RaftServerConfigKeys (ConfUtils.java:logGet(46)) - raft.server.leaderelection.pre-vote = true (default)
2025-04-24 14:05:09,758 [omNode-3@group-523986131536-FollowerState] INFO  impl.RoleInfo (RoleInfo.java:updateAndGet(148)) - omNode-3: start omNode-3@group-523986131536-LeaderElection51
2025-04-24 14:05:09,758 [omNode-3@group-523986131536-LeaderElection51] INFO  impl.LeaderElection (LeaderElection.java:askForVotes(332)) - omNode-3@group-523986131536-LeaderElection51 PRE_VOTE round 0: submit vote requests at term 1 for conf: {index: 0, cur=peers:[omNode-3|localhost:15059, omNode-1|localhost:15051, omNode-2|localhost:15055]|listeners:[], old=null}
2025-04-24 14:05:09,759 [grpc-default-executor-6] INFO  server.RaftServer$Division (RaftServerImpl.java:requestVote(1407)) - omNode-2@group-523986131536: receive requestVote(PRE_VOTE, omNode-3, group-523986131536, 1, (t:1, i:44))
2025-04-24 14:05:09,759 [grpc-default-executor-1] INFO  server.RaftServer$Division (RaftServerImpl.java:requestVote(1407)) - omNode-1@group-523986131536: receive requestVote(PRE_VOTE, omNode-3, group-523986131536, 1, (t:1, i:44))
2025-04-24 14:05:09,760 [grpc-default-executor-6] INFO  impl.VoteContext (VoteContext.java:log(49)) - omNode-2@group-523986131536-FOLLOWER: reject PRE_VOTE from omNode-3: this server is a follower and still has a valid leader omNode-1 different than the candidate omNode-3
2025-04-24 14:05:09,760 [grpc-default-executor-1] INFO  impl.VoteContext (VoteContext.java:log(49)) - omNode-1@group-523986131536-LEADER: reject PRE_VOTE from omNode-3: this server is the leader and still has leadership
2025-04-24 14:05:09,760 [grpc-default-executor-6] INFO  server.RaftServer$Division (RaftServerImpl.java:requestVote(1441)) - omNode-2@group-523986131536 replies to PRE_VOTE vote request: omNode-3<-omNode-2#0:FAIL-t1. Peer's state: omNode-2@group-523986131536:t1, leader=omNode-1, voted=omNode-1, raftlog=Memoized:omNode-2@group-523986131536-SegmentedRaftLog:OPENED:c544:last(t:1, i:544), conf=conf: {index: 0, cur=peers:[omNode-3|localhost:15059, omNode-1|localhost:15051, omNode-2|localhost:15055]|listeners:[], old=null}
2025-04-24 14:05:09,760 [grpc-default-executor-1] INFO  server.RaftServer$Division (RaftServerImpl.java:requestVote(1441)) - omNode-1@group-523986131536 replies to PRE_VOTE vote request: omNode-3<-omNode-1#0:FAIL-t1. Peer's state: omNode-1@group-523986131536:t1, leader=omNode-1, voted=omNode-1, raftlog=Memoized:omNode-1@group-523986131536-SegmentedRaftLog:OPENED:c544:last(t:1, i:544), conf=conf: {index: 0, cur=peers:[omNode-3|localhost:15059, omNode-1|localhost:15051, omNode-2|localhost:15055]|listeners:[], old=null}
2025-04-24 14:05:09,760 [omNode-3@group-523986131536-LeaderElection51] INFO  impl.LeaderElection (LeaderElection.java:logAndReturn(90)) - omNode-3@group-523986131536-LeaderElection51: PRE_VOTE REJECTED received 2 response(s) and 0 exception(s):
2025-04-24 14:05:09,760 [omNode-3@group-523986131536-LeaderElection51] INFO  impl.LeaderElection (LeaderElection.java:logAndReturn(94)) -   Response 0: omNode-3<-omNode-1#0:FAIL-t1
2025-04-24 14:05:09,760 [omNode-3@group-523986131536-LeaderElection51] INFO  impl.LeaderElection (LeaderElection.java:logAndReturn(94)) -   Response 1: omNode-3<-omNode-2#0:FAIL-t1
2025-04-24 14:05:09,760 [omNode-3@group-523986131536-LeaderElection51] INFO  impl.LeaderElection (LeaderElection.java:askForVotes(334)) - omNode-3@group-523986131536-LeaderElection51 PRE_VOTE round 0: result REJECTED
2025-04-24 14:05:09,761 [omNode-3@group-523986131536-LeaderElection51] INFO  server.RaftServer$Division (RaftServerImpl.java:setRole(378)) - omNode-3@group-523986131536: changes role from CANDIDATE to FOLLOWER at term 1 for REJECTED
2025-04-24 14:05:09,761 [omNode-3@group-523986131536-LeaderElection51] INFO  impl.RoleInfo (RoleInfo.java:shutdownLeaderElection(141)) - omNode-3: shutdown omNode-3@group-523986131536-LeaderElection51
2025-04-24 14:05:09,761 [omNode-3@group-523986131536-LeaderElection51] INFO  impl.RoleInfo (RoleInfo.java:updateAndGet(148)) - omNode-3: start omNode-3@group-523986131536-FollowerState
2025-04-24 14:05:10,116 [omNode-3-server-thread1] INFO  ratis.OzoneManagerStateMachine (OzoneManagerStateMachine.java:notifyLeaderChanged(169)) - omNode-3@group-523986131536: leader changed to omNode-1
2025-04-24 14:05:10,116 [omNode-3-server-thread1] INFO  server.RaftServer$Division (ServerState.java:setLeader(272)) - omNode-3@group-523986131536: change Leader from null to omNode-1 at term 1 for appendEntries, leader elected after 7144ms
2025-04-24 14:05:10,117 [omNode-3-server-thread1] INFO  server.RaftServer$Division (RaftServerImpl.java:checkInconsistentAppendEntries(1648)) - omNode-3@group-523986131536: Failed appendEntries as previous log entry ((t:1, i:544)) is not found
2025-04-24 14:05:10,117 [omNode-3-server-thread1] INFO  server.RaftServer$Division (RaftServerImpl.java:appendEntriesAsync(1580)) - omNode-3@group-523986131536: appendEntries* reply omNode-1<-omNode-3#2924:FAIL-t1,INCONSISTENCY,nextIndex=45,followerCommit=43,matchIndex=-1
2025-04-24 14:05:10,117 [grpc-default-executor-1] WARN  server.GrpcLogAppender (GrpcLogAppender.java:onNextImpl(519)) - omNode-1@group-523986131536->omNode-3-AppendLogResponseHandler: received INCONSISTENCY reply with nextIndex 45, errorCount=1019, request=AppendEntriesRequest:cid=2924,entriesCount=0
2025-04-24 14:05:10,117 [grpc-default-executor-1] INFO  leader.FollowerInfo (FollowerInfoImpl.java:info(70)) - omNode-1@group-523986131536->omNode-3: setNextIndex nextIndex: updateUnconditionally 545 -> 45
2025-04-24 14:05:10,261 [omNode-3@group-523986131536-StateMachineUpdater] INFO  ratis.OzoneManagerStateMachine (OzoneManagerStateMachine.java:takeSnapshotImpl(510)) - omNode-3: taking snapshot. applied = (t:1, i:544), skipped = 543, notified = (t:1, i:544), current snapshot index = (t:1, i:544), took 11 ms
2025-04-24 14:05:10,261 [omNode-3@group-523986131536-StateMachineUpdater] INFO  impl.StateMachineUpdater (StateMachineUpdater.java:takeSnapshot(303)) - omNode-3@group-523986131536-StateMachineUpdater: Took a snapshot at index 544
2025-04-24 14:05:10,261 [omNode-3@group-523986131536-StateMachineUpdater] INFO  impl.StateMachineUpdater (StateMachineUpdater.java:lambda$new$0(102)) - omNode-3@group-523986131536-StateMachineUpdater: snapshotIndex: updateIncreasingly 43 -> 544
2025-04-24 14:05:10,261 [omNode-3@group-523986131536-StateMachineUpdater] INFO  raftlog.RaftLog (RaftLogBase.java:purge(325)) - omNode-3@group-523986131536-SegmentedRaftLog: purge 544
2025-04-24 14:05:10,261 [omNode-3@group-523986131536-StateMachineUpdater] INFO  raftlog.RaftLog (RaftLogBase.java:lambda$new$0(54)) - omNode-3@group-523986131536-SegmentedRaftLog: snapshotIndex: updateIncreasingly 43 -> 544
2025-04-24 14:05:10,261 [omNode-3@group-523986131536-StateMachineUpdater] INFO  raftlog.RaftLog (RaftLogBase.java:lambda$new$0(54)) - omNode-3@group-523986131536-SegmentedRaftLog: purgeIndex: updateToMax old=-1, new=544, updated? true
2025-04-24 14:05:10,402 [omNode-2@group-523986131536-StateMachineUpdater] INFO  ratis.OzoneManagerStateMachine (OzoneManagerStateMachine.java:takeSnapshotImpl(510)) - omNode-2: taking snapshot. applied = (t:1, i:550), skipped = 549, notified = (t:1, i:550), current snapshot index = (t:1, i:550), took 28 ms
2025-04-24 14:05:10,402 [omNode-2@group-523986131536-StateMachineUpdater] INFO  impl.StateMachineUpdater (StateMachineUpdater.java:takeSnapshot(303)) - omNode-2@group-523986131536-StateMachineUpdater: Took a snapshot at index 550
2025-04-24 14:05:10,402 [omNode-2@group-523986131536-StateMachineUpdater] INFO  impl.StateMachineUpdater (StateMachineUpdater.java:lambda$new$0(102)) - omNode-2@group-523986131536-StateMachineUpdater: snapshotIndex: updateIncreasingly 500 -> 550
2025-04-24 14:05:10,402 [omNode-2@group-523986131536-StateMachineUpdater] INFO  raftlog.RaftLog (RaftLogBase.java:purge(325)) - omNode-2@group-523986131536-SegmentedRaftLog: purge 550
2025-04-24 14:05:10,402 [omNode-2@group-523986131536-StateMachineUpdater] INFO  raftlog.RaftLog (RaftLogBase.java:lambda$new$0(54)) - omNode-2@group-523986131536-SegmentedRaftLog: snapshotIndex: updateIncreasingly 500 -> 550
2025-04-24 14:05:10,402 [omNode-2@group-523986131536-StateMachineUpdater] INFO  raftlog.RaftLog (RaftLogBase.java:lambda$new$0(54)) - omNode-2@group-523986131536-SegmentedRaftLog: purgeIndex: updateToMax old=500, new=550, updated? true
2025-04-24 14:05:10,406 [omNode-1@group-523986131536-StateMachineUpdater] INFO  ratis.OzoneManagerStateMachine (OzoneManagerStateMachine.java:takeSnapshotImpl(510)) - omNode-1: taking snapshot. applied = (t:1, i:552), skipped = 551, notified = (t:1, i:552), current snapshot index = (t:1, i:552), took 23 ms
2025-04-24 14:05:10,406 [omNode-1@group-523986131536-StateMachineUpdater] INFO  impl.StateMachineUpdater (StateMachineUpdater.java:takeSnapshot(303)) - omNode-1@group-523986131536-StateMachineUpdater: Took a snapshot at index 552
2025-04-24 14:05:10,406 [omNode-1@group-523986131536-StateMachineUpdater] INFO  impl.StateMachineUpdater (StateMachineUpdater.java:lambda$new$0(102)) - omNode-1@group-523986131536-StateMachineUpdater: snapshotIndex: updateIncreasingly 502 -> 552
2025-04-24 14:05:10,406 [omNode-1@group-523986131536-StateMachineUpdater] INFO  raftlog.RaftLog (RaftLogBase.java:purge(325)) - omNode-1@group-523986131536-SegmentedRaftLog: purge 552
2025-04-24 14:05:10,406 [omNode-1@group-523986131536-StateMachineUpdater] INFO  raftlog.RaftLog (RaftLogBase.java:lambda$new$0(54)) - omNode-1@group-523986131536-SegmentedRaftLog: snapshotIndex: updateIncreasingly 502 -> 552
2025-04-24 14:05:10,406 [omNode-1@group-523986131536-StateMachineUpdater] INFO  raftlog.RaftLog (RaftLogBase.java:lambda$new$0(54)) - omNode-1@group-523986131536-SegmentedRaftLog: purgeIndex: updateToMax old=502, new=552, updated? true
2025-04-24 14:05:10,522 [main] INFO  om.OzoneManager (OzoneManager.java:stop(2347)) - omNode-3[localhost:15056]: Stopping Ozone Manager
2025-04-24 14:05:10,522 [main] INFO  ipc.Server (Server.java:stop(3697)) - Stopping server on 15056
2025-04-24 14:05:10,525 [IPC Server listener on 15056] INFO  ipc.Server (Server.java:run(1585)) - Stopping IPC Server listener on 15056
2025-04-24 14:05:10,526 [main] INFO  ratis.OzoneManagerRatisServer (OzoneManagerRatisServer.java:stop(634)) - Stopping org.apache.hadoop.ozone.om.ratis.OzoneManagerRatisServer@488e789d at port 15059
2025-04-24 14:05:10,526 [main] INFO  server.RaftServer (RaftServerProxy.java:lambda$close$9(417)) - omNode-3: close
2025-04-24 14:05:10,525 [IPC Server Responder] INFO  ipc.Server (Server.java:run(1718)) - Stopping IPC Server Responder
2025-04-24 14:05:10,526 [omNode-3-impl-thread1] INFO  server.RaftServer$Division (RaftServerImpl.java:lambda$close$1(513)) - omNode-3@group-523986131536: shutdown
2025-04-24 14:05:10,526 [omNode-3-impl-thread1] INFO  util.JmxRegister (JmxRegister.java:unregister(74)) - Successfully un-registered JMX Bean with object name Ratis:service=RaftServer,group=group-523986131536,id=omNode-3
2025-04-24 14:05:10,526 [omNode-3-impl-thread1] INFO  impl.RoleInfo (RoleInfo.java:shutdownFollowerState(121)) - omNode-3: shutdown omNode-3@group-523986131536-FollowerState
2025-04-24 14:05:10,526 [omNode-3@group-523986131536-FollowerState] INFO  impl.FollowerState (FollowerState.java:runImpl(170)) - omNode-3@group-523986131536-FollowerState was interrupted
2025-04-24 14:05:10,526 [main] INFO  server.GrpcService (GrpcService.java:closeImpl(343)) - omNode-3: shutdown server GrpcServerProtocolService now
2025-04-24 14:05:10,527 [omNode-3-impl-thread1] INFO  impl.StateMachineUpdater (StateMachineUpdater.java:stopAndJoin(164)) - omNode-3@group-523986131536-StateMachineUpdater: set stopIndex = 583
2025-04-24 14:05:10,529 [grpc-default-executor-0] WARN  server.GrpcLogAppender (LogUtils.java:warn(121)) - omNode-1@group-523986131536->omNode-3-AppendLogResponseHandler: Failed appendEntries: org.apache.ratis.thirdparty.io.grpc.StatusRuntimeException: CANCELLED: RST_STREAM closed stream. HTTP/2 error code: CANCEL
2025-04-24 14:05:10,529 [grpc-default-executor-1] WARN  server.GrpcServerProtocolService (LogUtils.java:warn(121)) - omNode-3: APPEND_ENTRIES onError, lastRequest: omNode-1->omNode-3#3019-t1,previous=(t:1, i:583),leaderCommit=583,initializing? false,entries: size=1, first=(t:1, i:584), METADATAENTRY(c:583): org.apache.ratis.thirdparty.io.grpc.StatusRuntimeException: CANCELLED: client cancelled
2025-04-24 14:05:10,529 [grpc-default-executor-0] WARN  server.GrpcLogAppender (GrpcLogAppender.java:lambda$resetClient$1(221)) - omNode-1@group-523986131536->omNode-3-GrpcLogAppender: Follower failed (request=null, errorCount=1); keep nextIndex (585) unchanged and retry.
2025-04-24 14:05:10,529 [grpc-default-executor-4] WARN  server.GrpcServerProtocolService (LogUtils.java:warn(121)) - omNode-3: APPEND_ENTRIES onError, lastRequest: null: org.apache.ratis.thirdparty.io.grpc.StatusRuntimeException: CANCELLED: client cancelled
2025-04-24 14:05:10,530 [Thread-9543] INFO  server.GrpcServerProtocolClient (GrpcServerProtocolClient.java:close(105)) - omNode-1 Close channels
2025-04-24 14:05:10,531 [Thread-9545] INFO  server.GrpcServerProtocolClient (GrpcServerProtocolClient.java:close(105)) - omNode-2 Close channels
2025-04-24 14:05:10,532 [main] INFO  server.GrpcService (GrpcService.java:closeImpl(352)) - omNode-3: shutdown server GrpcServerProtocolService successfully
2025-04-24 14:05:10,542 [omNode-3@group-523986131536-StateMachineUpdater] INFO  ratis.OzoneManagerStateMachine (OzoneManagerStateMachine.java:takeSnapshotImpl(510)) - omNode-3: taking snapshot. applied = (t:1, i:583), skipped = 581, notified = (t:1, i:582), current snapshot index = (t:1, i:583), took 15 ms
2025-04-24 14:05:10,542 [omNode-3@group-523986131536-StateMachineUpdater] INFO  impl.StateMachineUpdater (StateMachineUpdater.java:takeSnapshot(303)) - omNode-3@group-523986131536-StateMachineUpdater: Took a snapshot at index 583
2025-04-24 14:05:10,542 [omNode-3@group-523986131536-StateMachineUpdater] INFO  impl.StateMachineUpdater (StateMachineUpdater.java:lambda$new$0(102)) - omNode-3@group-523986131536-StateMachineUpdater: snapshotIndex: updateIncreasingly 544 -> 583
2025-04-24 14:05:10,542 [omNode-3@group-523986131536-StateMachineUpdater] INFO  impl.StateMachineUpdater (StateMachineUpdater.java:stop(141)) - omNode-3@group-523986131536-StateMachineUpdater: closing OzoneManagerStateMachine, lastApplied=(t:1, i:583)
2025-04-24 14:05:10,542 [omNode-3@group-523986131536-StateMachineUpdater] INFO  ratis.OzoneManagerStateMachine (OzoneManagerStateMachine.java:close(550)) - Stopping OzoneManagerStateMachine:omNode-3:group-523986131536.
2025-04-24 14:05:10,542 [omNode-3@group-523986131536-StateMachineUpdater] INFO  ratis.OzoneManagerDoubleBuffer (OzoneManagerDoubleBuffer.java:stopDaemon(500)) - Stopping OMDoubleBuffer flush thread
2025-04-24 14:05:10,542 [omNode-3-OMDoubleBufferFlushThread] INFO  ratis.OzoneManagerDoubleBuffer (OzoneManagerDoubleBuffer.java:canFlush(559)) - OMDoubleBuffer flush thread omNode-3-OMDoubleBufferFlushThread is interrupted and will exit.
2025-04-24 14:05:10,543 [omNode-3@group-523986131536-cacheEviction-AwaitToRun] INFO  util.AwaitToRun (AwaitToRun.java:run(49)) - omNode-3@group-523986131536-cacheEviction-AwaitToRun-AwaitForSignal is interrupted
2025-04-24 14:05:11,519 [omNode-3-impl-thread1] INFO  segmented.SegmentedRaftLogWorker (SegmentedRaftLogWorker.java:close(252)) - omNode-3@group-523986131536-SegmentedRaftLogWorker close()
2025-04-24 14:05:11,520 [JvmPauseMonitor49] INFO  util.JvmPauseMonitor (JvmPauseMonitor.java:run(152)) - JvmPauseMonitor-omNode-3: Stopped
2025-04-24 14:05:11,520 [main] INFO  utils.BackgroundService (BackgroundService.java:shutdown(161)) - Shutting down service KeyDeletingService
2025-04-24 14:05:11,520 [main] INFO  utils.BackgroundService (BackgroundService.java:shutdown(161)) - Shutting down service DirectoryDeletingService
2025-04-24 14:05:11,521 [main] INFO  utils.BackgroundService (BackgroundService.java:shutdown(161)) - Shutting down service OpenKeyCleanupService
2025-04-24 14:05:11,522 [main] INFO  utils.BackgroundService (BackgroundService.java:shutdown(161)) - Shutting down service SstFilteringService
2025-04-24 14:05:11,522 [main] INFO  utils.BackgroundService (BackgroundService.java:shutdown(161)) - Shutting down service SnapshotDeletingService
2025-04-24 14:05:11,523 [main] INFO  utils.BackgroundService (BackgroundService.java:shutdown(161)) - Shutting down service MultipartUploadCleanupService
2025-04-24 14:05:11,523 [main] INFO  handler.ContextHandler (ContextHandler.java:doStop(1159)) - Stopped o.e.j.w.WebAppContext@293f760b{ozoneManager,/,null,STOPPED}{file:/home/runner/work/ozone/ozone/hadoop-ozone/integration-test/target/test-classes/webapps/ozoneManager}
2025-04-24 14:05:11,524 [main] INFO  server.AbstractConnector (AbstractConnector.java:doStop(383)) - Stopped ServerConnector@9e9ffc8{HTTP/1.1, (http/1.1)}{0.0.0.0:15057}
2025-04-24 14:05:11,524 [main] INFO  server.session (HouseKeeper.java:stopScavenging(149)) - node0 Stopped scavenging
2025-04-24 14:05:11,524 [main] INFO  handler.ContextHandler (ContextHandler.java:doStop(1159)) - Stopped o.e.j.s.ServletContextHandler@5f985b20{static,/static,file:///home/runner/work/ozone/ozone/hadoop-ozone/integration-test/target/test-classes/webapps/static,STOPPED}
2025-04-24 14:05:11,524 [main] INFO  handler.ContextHandler (ContextHandler.java:doStop(1159)) - Stopped o.e.j.s.ServletContextHandler@773fa7b6{logs,/logs,file:///home/runner/work/ozone/ozone/hadoop-ozone/integration-test/target/log,STOPPED}
2025-04-24 14:05:11,525 [main] INFO  rocksdiff.RocksDBCheckpointDiffer (RocksDBCheckpointDiffer.java:close(304)) - Shutting down CompactionDagPruningService.
2025-04-24 14:05:11,527 [main] INFO  snapshot.SnapshotDiffManager (SnapshotDiffManager.java:closeExecutorService(1698)) - Shutting down executorService: 'SnapDiffExecutor'
2025-04-24 14:05:11,527 [main] INFO  utils.BackgroundService (BackgroundService.java:shutdown(161)) - Shutting down service SnapshotDiffCleanupService
2025-04-24 14:05:11,527 [main] INFO  om.OzoneManager (OzoneManager.java:stop(2347)) - omNode-1[localhost:15048]: Stopping Ozone Manager
2025-04-24 14:05:11,528 [main] INFO  ipc.Server (Server.java:stop(3697)) - Stopping server on 15048
2025-04-24 14:05:11,530 [IPC Server listener on 15048] INFO  ipc.Server (Server.java:run(1585)) - Stopping IPC Server listener on 15048
2025-04-24 14:05:11,530 [IPC Server Responder] INFO  ipc.Server (Server.java:run(1718)) - Stopping IPC Server Responder
2025-04-24 14:05:11,530 [main] INFO  ratis.OzoneManagerRatisServer (OzoneManagerRatisServer.java:stop(634)) - Stopping org.apache.hadoop.ozone.om.ratis.OzoneManagerRatisServer@6ee62972 at port 15051
2025-04-24 14:05:11,530 [main] INFO  server.RaftServer (RaftServerProxy.java:lambda$close$9(417)) - omNode-1: close
2025-04-24 14:05:11,530 [main] INFO  server.GrpcService (GrpcService.java:closeImpl(343)) - omNode-1: shutdown server GrpcServerProtocolService now
2025-04-24 14:05:11,530 [omNode-1-impl-thread1] INFO  server.RaftServer$Division (RaftServerImpl.java:lambda$close$1(513)) - omNode-1@group-523986131536: shutdown
2025-04-24 14:05:11,530 [omNode-1-impl-thread1] INFO  util.JmxRegister (JmxRegister.java:unregister(74)) - Successfully un-registered JMX Bean with object name Ratis:service=RaftServer,group=group-523986131536,id=omNode-1
2025-04-24 14:05:11,530 [omNode-1-impl-thread1] INFO  impl.RoleInfo (RoleInfo.java:shutdownLeaderState(103)) - omNode-1: shutdown omNode-1@group-523986131536-LeaderStateImpl
2025-04-24 14:05:11,530 [omNode-1-impl-thread1] INFO  impl.PendingRequests (PendingRequests.java:sendNotLeaderResponses(287)) - omNode-1@group-523986131536-PendingRequests: sendNotLeaderResponses
2025-04-24 14:05:11,530 [omNode-1@group-523986131536->omNode-2-GrpcLogAppender-LogAppenderDaemon] WARN  server.GrpcLogAppender (GrpcLogAppender.java:mayWait(293)) - omNode-1@group-523986131536->omNode-2-GrpcLogAppender: Wait interrupted by java.lang.InterruptedException
2025-04-24 14:05:11,531 [omNode-1@group-523986131536->omNode-3-GrpcLogAppender-LogAppenderDaemon] WARN  server.GrpcLogAppender (GrpcLogAppender.java:mayWait(293)) - omNode-1@group-523986131536->omNode-3-GrpcLogAppender: Wait interrupted by java.lang.InterruptedException
2025-04-24 14:05:11,531 [omNode-1-impl-thread1] INFO  impl.StateMachineUpdater (StateMachineUpdater.java:stopAndJoin(164)) - omNode-1@group-523986131536-StateMachineUpdater: set stopIndex = 584
2025-04-24 14:05:11,531 [grpc-default-executor-0] INFO  server.GrpcServerProtocolService (GrpcServerProtocolService.java:onCompleted(157)) - omNode-2: Completed APPEND_ENTRIES, lastRequest: omNode-1->omNode-2#1076-t1,previous=(t:1, i:583),leaderCommit=583,initializing? false,entries: size=1, first=(t:1, i:584), METADATAENTRY(c:583)
2025-04-24 14:05:11,531 [grpc-default-executor-3] INFO  server.GrpcServerProtocolService (GrpcServerProtocolService.java:onCompleted(157)) - omNode-2: Completed APPEND_ENTRIES, lastRequest: null
2025-04-24 14:05:11,531 [grpc-default-executor-0] INFO  server.GrpcServerProtocolService (GrpcServerProtocolService.java:lambda$onCompleted$5(159)) - omNode-2: Completed APPEND_ENTRIES, lastReply: null
2025-04-24 14:05:11,531 [grpc-default-executor-3] INFO  server.GrpcServerProtocolService (GrpcServerProtocolService.java:lambda$onCompleted$5(159)) - omNode-2: Completed APPEND_ENTRIES, lastReply: serverReply {
  requestorId: "omNode-1"
  replyId: "omNode-2"
  raftGroupId {
    id: "\311\274L\364;\303<`\246kR9\206\023\0256"
  }
  callId: 1083
  success: true
}
term: 1
nextIndex: 585
followerCommit: 584
matchIndex: 18446744073709551615
isHearbeat: true

2025-04-24 14:05:11,532 [grpc-default-executor-4] INFO  server.GrpcLogAppender (GrpcLogAppender.java:onCompleted(550)) - omNode-1@group-523986131536->omNode-2-AppendLogResponseHandler: follower responses appendEntries COMPLETED
2025-04-24 14:05:11,532 [grpc-default-executor-0] INFO  server.GrpcLogAppender (GrpcLogAppender.java:onCompleted(550)) - omNode-1@group-523986131536->omNode-2-AppendLogResponseHandler: follower responses appendEntries COMPLETED
2025-04-24 14:05:11,532 [Thread-9593] INFO  server.GrpcServerProtocolClient (GrpcServerProtocolClient.java:close(105)) - omNode-3 Close channels
2025-04-24 14:05:11,533 [Thread-9595] INFO  server.GrpcServerProtocolClient (GrpcServerProtocolClient.java:close(105)) - omNode-2 Close channels
2025-04-24 14:05:11,534 [main] INFO  server.GrpcService (GrpcService.java:closeImpl(352)) - omNode-1: shutdown server GrpcServerProtocolService successfully
2025-04-24 14:05:11,545 [omNode-1@group-523986131536-StateMachineUpdater] INFO  ratis.OzoneManagerStateMachine (OzoneManagerStateMachine.java:takeSnapshotImpl(510)) - omNode-1: taking snapshot. applied = (t:1, i:584), skipped = 583, notified = (t:1, i:584), current snapshot index = (t:1, i:584), took 15 ms
2025-04-24 14:05:11,545 [omNode-1@group-523986131536-StateMachineUpdater] INFO  impl.StateMachineUpdater (StateMachineUpdater.java:takeSnapshot(303)) - omNode-1@group-523986131536-StateMachineUpdater: Took a snapshot at index 584
2025-04-24 14:05:11,545 [omNode-1@group-523986131536-StateMachineUpdater] INFO  impl.StateMachineUpdater (StateMachineUpdater.java:lambda$new$0(102)) - omNode-1@group-523986131536-StateMachineUpdater: snapshotIndex: updateIncreasingly 552 -> 584
2025-04-24 14:05:11,545 [omNode-1@group-523986131536-StateMachineUpdater] INFO  impl.StateMachineUpdater (StateMachineUpdater.java:stop(141)) - omNode-1@group-523986131536-StateMachineUpdater: closing OzoneManagerStateMachine, lastApplied=(t:1, i:584)
2025-04-24 14:05:11,545 [omNode-1@group-523986131536-StateMachineUpdater] INFO  ratis.OzoneManagerStateMachine (OzoneManagerStateMachine.java:close(550)) - Stopping OzoneManagerStateMachine:omNode-1:group-523986131536.
2025-04-24 14:05:11,545 [omNode-1@group-523986131536-StateMachineUpdater] INFO  ratis.OzoneManagerDoubleBuffer (OzoneManagerDoubleBuffer.java:stopDaemon(500)) - Stopping OMDoubleBuffer flush thread
2025-04-24 14:05:11,545 [omNode-1-OMDoubleBufferFlushThread] INFO  ratis.OzoneManagerDoubleBuffer (OzoneManagerDoubleBuffer.java:canFlush(559)) - OMDoubleBuffer flush thread omNode-1-OMDoubleBufferFlushThread is interrupted and will exit.
2025-04-24 14:05:11,546 [omNode-1@group-523986131536-cacheEviction-AwaitToRun] INFO  util.AwaitToRun (AwaitToRun.java:run(49)) - omNode-1@group-523986131536-cacheEviction-AwaitToRun-AwaitForSignal is interrupted
2025-04-24 14:05:11,550 [Thread-9711] WARN  rocksdiff.RocksDBCheckpointDiffer (RocksDBCheckpointDiffer.java:lambda$onCompactionCompleted$0(492)) - Input file not found in inflightCompactionsMap : /home/runner/work/ozone/ozone/hadoop-ozone/integration-test/target/test-dir/MiniOzoneClusterImpl-9c5b6909-9e9c-47e3-ad7a-324826695869/omNode-1/om.db/000115.sst which should have been added on compactionBeginListener.
2025-04-24 14:05:11,550 [Thread-9711] WARN  rocksdiff.RocksDBCheckpointDiffer (RocksDBCheckpointDiffer.java:lambda$onCompactionCompleted$0(492)) - Input file not found in inflightCompactionsMap : /home/runner/work/ozone/ozone/hadoop-ozone/integration-test/target/test-dir/MiniOzoneClusterImpl-9c5b6909-9e9c-47e3-ad7a-324826695869/omNode-1/om.db/000122.sst which should have been added on compactionBeginListener.
2025-04-24 14:05:11,550 [Thread-9711] WARN  rocksdiff.RocksDBCheckpointDiffer (RocksDBCheckpointDiffer.java:lambda$onCompactionCompleted$0(492)) - Input file not found in inflightCompactionsMap : /home/runner/work/ozone/ozone/hadoop-ozone/integration-test/target/test-dir/MiniOzoneClusterImpl-9c5b6909-9e9c-47e3-ad7a-324826695869/omNode-1/om.db/000110.sst which should have been added on compactionBeginListener.
2025-04-24 14:05:11,550 [Thread-9711] WARN  rocksdiff.RocksDBCheckpointDiffer (RocksDBCheckpointDiffer.java:lambda$onCompactionCompleted$0(492)) - Input file not found in inflightCompactionsMap : /home/runner/work/ozone/ozone/hadoop-ozone/integration-test/target/test-dir/MiniOzoneClusterImpl-9c5b6909-9e9c-47e3-ad7a-324826695869/omNode-1/om.db/000100.sst which should have been added on compactionBeginListener.
2025-04-24 14:05:11,550 [Thread-9711] WARN  rocksdiff.RocksDBCheckpointDiffer (RocksDBCheckpointDiffer.java:lambda$onCompactionCompleted$0(492)) - Input file not found in inflightCompactionsMap : /home/runner/work/ozone/ozone/hadoop-ozone/integration-test/target/test-dir/MiniOzoneClusterImpl-9c5b6909-9e9c-47e3-ad7a-324826695869/omNode-1/om.db/000105.sst which should have been added on compactionBeginListener.
2025-04-24 14:05:12,519 [omNode-1-impl-thread1] INFO  segmented.SegmentedRaftLogWorker (SegmentedRaftLogWorker.java:close(252)) - omNode-1@group-523986131536-SegmentedRaftLogWorker close()
2025-04-24 14:05:12,519 [JvmPauseMonitor43] INFO  util.JvmPauseMonitor (JvmPauseMonitor.java:run(152)) - JvmPauseMonitor-omNode-1: Stopped
2025-04-24 14:05:12,519 [main] INFO  utils.BackgroundService (BackgroundService.java:shutdown(161)) - Shutting down service KeyDeletingService
2025-04-24 14:05:12,520 [main] INFO  utils.BackgroundService (BackgroundService.java:shutdown(161)) - Shutting down service DirectoryDeletingService
2025-04-24 14:05:12,521 [main] INFO  utils.BackgroundService (BackgroundService.java:shutdown(161)) - Shutting down service OpenKeyCleanupService
2025-04-24 14:05:12,521 [main] INFO  utils.BackgroundService (BackgroundService.java:shutdown(161)) - Shutting down service SstFilteringService
2025-04-24 14:05:12,521 [main] INFO  utils.BackgroundService (BackgroundService.java:shutdown(161)) - Shutting down service SnapshotDeletingService
2025-04-24 14:05:12,522 [main] INFO  utils.BackgroundService (BackgroundService.java:shutdown(161)) - Shutting down service MultipartUploadCleanupService
2025-04-24 14:05:12,522 [main] INFO  handler.ContextHandler (ContextHandler.java:doStop(1159)) - Stopped o.e.j.w.WebAppContext@589fba0{ozoneManager,/,null,STOPPED}{file:/home/runner/work/ozone/ozone/hadoop-ozone/integration-test/target/test-classes/webapps/ozoneManager}
2025-04-24 14:05:12,523 [main] INFO  server.AbstractConnector (AbstractConnector.java:doStop(383)) - Stopped ServerConnector@4b3737f{HTTP/1.1, (http/1.1)}{0.0.0.0:15049}
2025-04-24 14:05:12,523 [main] INFO  server.session (HouseKeeper.java:stopScavenging(149)) - node0 Stopped scavenging
2025-04-24 14:05:12,523 [main] INFO  handler.ContextHandler (ContextHandler.java:doStop(1159)) - Stopped o.e.j.s.ServletContextHandler@4a6a01a8{static,/static,file:///home/runner/work/ozone/ozone/hadoop-ozone/integration-test/target/test-classes/webapps/static,STOPPED}
2025-04-24 14:05:12,523 [main] INFO  handler.ContextHandler (ContextHandler.java:doStop(1159)) - Stopped o.e.j.s.ServletContextHandler@54e32fa9{logs,/logs,file:///home/runner/work/ozone/ozone/hadoop-ozone/integration-test/target/log,STOPPED}
2025-04-24 14:05:12,524 [main] INFO  rocksdiff.RocksDBCheckpointDiffer (RocksDBCheckpointDiffer.java:close(304)) - Shutting down CompactionDagPruningService.
2025-04-24 14:05:12,526 [main] INFO  snapshot.SnapshotDiffManager (SnapshotDiffManager.java:closeExecutorService(1698)) - Shutting down executorService: 'SnapDiffExecutor'
2025-04-24 14:05:12,526 [main] INFO  utils.BackgroundService (BackgroundService.java:shutdown(161)) - Shutting down service SnapshotDiffCleanupService
2025-04-24 14:05:12,527 [main] INFO  om.OzoneManager (OzoneManager.java:stop(2347)) - omNode-2[localhost:15052]: Stopping Ozone Manager
2025-04-24 14:05:12,527 [main] INFO  ipc.Server (Server.java:stop(3697)) - Stopping server on 15052
2025-04-24 14:05:12,529 [IPC Server listener on 15052] INFO  ipc.Server (Server.java:run(1585)) - Stopping IPC Server listener on 15052
2025-04-24 14:05:12,529 [IPC Server Responder] INFO  ipc.Server (Server.java:run(1718)) - Stopping IPC Server Responder
2025-04-24 14:05:12,529 [main] INFO  ratis.OzoneManagerRatisServer (OzoneManagerRatisServer.java:stop(634)) - Stopping org.apache.hadoop.ozone.om.ratis.OzoneManagerRatisServer@66e94d7 at port 15055
2025-04-24 14:05:12,529 [main] INFO  server.RaftServer (RaftServerProxy.java:lambda$close$9(417)) - omNode-2: close
2025-04-24 14:05:12,529 [main] INFO  server.GrpcService (GrpcService.java:closeImpl(343)) - omNode-2: shutdown server GrpcServerProtocolService now
2025-04-24 14:05:12,529 [omNode-2-impl-thread1] INFO  server.RaftServer$Division (RaftServerImpl.java:lambda$close$1(513)) - omNode-2@group-523986131536: shutdown
2025-04-24 14:05:12,530 [omNode-2-impl-thread1] INFO  util.JmxRegister (JmxRegister.java:unregister(74)) - Successfully un-registered JMX Bean with object name Ratis:service=RaftServer,group=group-523986131536,id=omNode-2
2025-04-24 14:05:12,530 [omNode-2-impl-thread1] INFO  impl.RoleInfo (RoleInfo.java:shutdownFollowerState(121)) - omNode-2: shutdown omNode-2@group-523986131536-FollowerState
2025-04-24 14:05:12,530 [omNode-2-impl-thread1] INFO  impl.StateMachineUpdater (StateMachineUpdater.java:stopAndJoin(164)) - omNode-2@group-523986131536-StateMachineUpdater: set stopIndex = 584
2025-04-24 14:05:12,530 [omNode-2@group-523986131536-FollowerState] INFO  impl.FollowerState (FollowerState.java:runImpl(170)) - omNode-2@group-523986131536-FollowerState was interrupted
2025-04-24 14:05:12,531 [main] INFO  server.GrpcService (GrpcService.java:closeImpl(352)) - omNode-2: shutdown server GrpcServerProtocolService successfully
2025-04-24 14:05:12,544 [omNode-2@group-523986131536-StateMachineUpdater] INFO  ratis.OzoneManagerStateMachine (OzoneManagerStateMachine.java:takeSnapshotImpl(510)) - omNode-2: taking snapshot. applied = (t:1, i:584), skipped = 583, notified = (t:1, i:584), current snapshot index = (t:1, i:584), took 14 ms
2025-04-24 14:05:12,544 [omNode-2@group-523986131536-StateMachineUpdater] INFO  impl.StateMachineUpdater (StateMachineUpdater.java:takeSnapshot(303)) - omNode-2@group-523986131536-StateMachineUpdater: Took a snapshot at index 584
2025-04-24 14:05:12,544 [omNode-2@group-523986131536-StateMachineUpdater] INFO  impl.StateMachineUpdater (StateMachineUpdater.java:lambda$new$0(102)) - omNode-2@group-523986131536-StateMachineUpdater: snapshotIndex: updateIncreasingly 550 -> 584
2025-04-24 14:05:12,544 [omNode-2@group-523986131536-StateMachineUpdater] INFO  impl.StateMachineUpdater (StateMachineUpdater.java:stop(141)) - omNode-2@group-523986131536-StateMachineUpdater: closing OzoneManagerStateMachine, lastApplied=(t:1, i:584)
2025-04-24 14:05:12,544 [omNode-2@group-523986131536-StateMachineUpdater] INFO  ratis.OzoneManagerStateMachine (OzoneManagerStateMachine.java:close(550)) - Stopping OzoneManagerStateMachine:omNode-2:group-523986131536.
2025-04-24 14:05:12,544 [omNode-2@group-523986131536-StateMachineUpdater] INFO  ratis.OzoneManagerDoubleBuffer (OzoneManagerDoubleBuffer.java:stopDaemon(500)) - Stopping OMDoubleBuffer flush thread
2025-04-24 14:05:12,544 [omNode-2-OMDoubleBufferFlushThread] INFO  ratis.OzoneManagerDoubleBuffer (OzoneManagerDoubleBuffer.java:canFlush(559)) - OMDoubleBuffer flush thread omNode-2-OMDoubleBufferFlushThread is interrupted and will exit.
2025-04-24 14:05:12,545 [omNode-2@group-523986131536-cacheEviction-AwaitToRun] INFO  util.AwaitToRun (AwaitToRun.java:run(49)) - omNode-2@group-523986131536-cacheEviction-AwaitToRun-AwaitForSignal is interrupted
2025-04-24 14:05:12,549 [Thread-9840] WARN  rocksdiff.RocksDBCheckpointDiffer (RocksDBCheckpointDiffer.java:lambda$onCompactionCompleted$0(492)) - Input file not found in inflightCompactionsMap : /home/runner/work/ozone/ozone/hadoop-ozone/integration-test/target/test-dir/MiniOzoneClusterImpl-9c5b6909-9e9c-47e3-ad7a-324826695869/omNode-2/om.db/000112.sst which should have been added on compactionBeginListener.
2025-04-24 14:05:12,550 [Thread-9840] WARN  rocksdiff.RocksDBCheckpointDiffer (RocksDBCheckpointDiffer.java:lambda$onCompactionCompleted$0(492)) - Input file not found in inflightCompactionsMap : /home/runner/work/ozone/ozone/hadoop-ozone/integration-test/target/test-dir/MiniOzoneClusterImpl-9c5b6909-9e9c-47e3-ad7a-324826695869/omNode-2/om.db/000097.sst which should have been added on compactionBeginListener.
2025-04-24 14:05:12,550 [Thread-9840] WARN  rocksdiff.RocksDBCheckpointDiffer (RocksDBCheckpointDiffer.java:lambda$onCompactionCompleted$0(492)) - Input file not found in inflightCompactionsMap : /home/runner/work/ozone/ozone/hadoop-ozone/integration-test/target/test-dir/MiniOzoneClusterImpl-9c5b6909-9e9c-47e3-ad7a-324826695869/omNode-2/om.db/000107.sst which should have been added on compactionBeginListener.
2025-04-24 14:05:12,550 [Thread-9840] WARN  rocksdiff.RocksDBCheckpointDiffer (RocksDBCheckpointDiffer.java:lambda$onCompactionCompleted$0(492)) - Input file not found in inflightCompactionsMap : /home/runner/work/ozone/ozone/hadoop-ozone/integration-test/target/test-dir/MiniOzoneClusterImpl-9c5b6909-9e9c-47e3-ad7a-324826695869/omNode-2/om.db/000102.sst which should have been added on compactionBeginListener.
2025-04-24 14:05:12,550 [Thread-9840] WARN  rocksdiff.RocksDBCheckpointDiffer (RocksDBCheckpointDiffer.java:lambda$onCompactionCompleted$0(492)) - Input file not found in inflightCompactionsMap : /home/runner/work/ozone/ozone/hadoop-ozone/integration-test/target/test-dir/MiniOzoneClusterImpl-9c5b6909-9e9c-47e3-ad7a-324826695869/omNode-2/om.db/000119.sst which should have been added on compactionBeginListener.
2025-04-24 14:05:13,520 [omNode-2-impl-thread1] INFO  segmented.SegmentedRaftLogWorker (SegmentedRaftLogWorker.java:close(252)) - omNode-2@group-523986131536-SegmentedRaftLogWorker close()
2025-04-24 14:05:13,520 [JvmPauseMonitor44] INFO  util.JvmPauseMonitor (JvmPauseMonitor.java:run(152)) - JvmPauseMonitor-omNode-2: Stopped
2025-04-24 14:05:13,521 [main] INFO  utils.BackgroundService (BackgroundService.java:shutdown(161)) - Shutting down service KeyDeletingService
2025-04-24 14:05:13,521 [main] INFO  utils.BackgroundService (BackgroundService.java:shutdown(161)) - Shutting down service DirectoryDeletingService
2025-04-24 14:05:13,522 [main] INFO  utils.BackgroundService (BackgroundService.java:shutdown(161)) - Shutting down service OpenKeyCleanupService
2025-04-24 14:05:13,523 [main] INFO  utils.BackgroundService (BackgroundService.java:shutdown(161)) - Shutting down service SstFilteringService
2025-04-24 14:05:13,523 [main] INFO  utils.BackgroundService (BackgroundService.java:shutdown(161)) - Shutting down service SnapshotDeletingService
2025-04-24 14:05:13,524 [main] INFO  utils.BackgroundService (BackgroundService.java:shutdown(161)) - Shutting down service MultipartUploadCleanupService
2025-04-24 14:05:13,524 [main] INFO  handler.ContextHandler (ContextHandler.java:doStop(1159)) - Stopped o.e.j.w.WebAppContext@360d363{ozoneManager,/,null,STOPPED}{file:/home/runner/work/ozone/ozone/hadoop-ozone/integration-test/target/test-classes/webapps/ozoneManager}
2025-04-24 14:05:13,525 [main] INFO  server.AbstractConnector (AbstractConnector.java:doStop(383)) - Stopped ServerConnector@6962da36{HTTP/1.1, (http/1.1)}{0.0.0.0:15053}
2025-04-24 14:05:13,525 [main] INFO  server.session (HouseKeeper.java:stopScavenging(149)) - node0 Stopped scavenging
2025-04-24 14:05:13,525 [main] INFO  handler.ContextHandler (ContextHandler.java:doStop(1159)) - Stopped o.e.j.s.ServletContextHandler@202328df{static,/static,file:///home/runner/work/ozone/ozone/hadoop-ozone/integration-test/target/test-classes/webapps/static,STOPPED}
2025-04-24 14:05:13,526 [main] INFO  handler.ContextHandler (ContextHandler.java:doStop(1159)) - Stopped o.e.j.s.ServletContextHandler@4f0816b0{logs,/logs,file:///home/runner/work/ozone/ozone/hadoop-ozone/integration-test/target/log,STOPPED}
2025-04-24 14:05:13,526 [main] INFO  rocksdiff.RocksDBCheckpointDiffer (RocksDBCheckpointDiffer.java:close(304)) - Shutting down CompactionDagPruningService.
2025-04-24 14:05:13,529 [main] INFO  snapshot.SnapshotDiffManager (SnapshotDiffManager.java:closeExecutorService(1698)) - Shutting down executorService: 'SnapDiffExecutor'
2025-04-24 14:05:13,529 [main] INFO  utils.BackgroundService (BackgroundService.java:shutdown(161)) - Shutting down service SnapshotDiffCleanupService
2025-04-24 14:05:13,530 [main] INFO  om.OzoneManager (OzoneManager.java:restart(1878)) - OzoneManager RPC server is listening at localhost/127.0.0.1:15056
2025-04-24 14:05:13,530 [main] INFO  impl.MetricsSystemImpl (MetricsSystemImpl.java:init(158)) - OzoneManager metrics system started (again)
2025-04-24 14:05:13,544 [main] WARN  server.ServerUtils (ServerUtils.java:getDBPath(297)) - ozone.om.db.dirs is not configured. We recommend adding this setting. Falling back to ozone.metadata.dirs instead.
2025-04-24 14:05:13,595 [main] INFO  om.OzoneManager (OzoneManager.java:instantiateServices(933)) - S3 Multi-Tenancy is disabled
2025-04-24 14:05:13,595 [main] INFO  om.OmSnapshotManager (OmSnapshotManager.java:<init>(180)) - Ozone filesystem snapshot feature is enabled.
2025-04-24 14:05:13,595 [main] WARN  server.ServerUtils (ServerUtils.java:getDBPath(297)) - ozone.om.snapshot.diff.db.dir is not configured. We recommend adding this setting. Falling back to ozone.metadata.dirs instead.
2025-04-24 14:05:13,610 [main] WARN  server.ServerUtils (ServerUtils.java:getDefaultRatisDirectory(309)) - Storage directory for Ratis is not configured. It is a good idea to map this to an SSD disk. Falling back to ozone.metadata.dirs
2025-04-24 14:05:13,611 [main] INFO  server.RaftServerConfigKeys (ConfUtils.java:logGet(46)) - raft.server.log.appender.buffer.byte-limit = 4194304 (custom)
2025-04-24 14:05:13,611 [main] INFO  ratis.OzoneManagerRatisServer (OzoneManagerRatisServer.java:<init>(167)) - Instantiating OM Ratis server with groupID: om-service-test1 and peers: localhost:15059, localhost:15051, localhost:15055
2025-04-24 14:05:13,612 [main] INFO  ratis.OzoneManagerStateMachine (OzoneManagerStateMachine.java:loadSnapshotInfoFromDB(611)) - LastAppliedIndex is set from TransactionInfo from OM DB as (t:1, i:583)
2025-04-24 14:05:13,612 [main] INFO  server.RaftServer (ConfUtils.java:logGet(46)) - raft.rpc.type = GRPC (default)
2025-04-24 14:05:13,612 [main] INFO  grpc.GrpcConfigKeys (ConfUtils.java:logFallback(53)) - raft.grpc.admin.host = null (fallback to raft.grpc.server.host)
2025-04-24 14:05:13,612 [main] INFO  grpc.GrpcConfigKeys (ConfUtils.java:logFallback(53)) - raft.grpc.admin.port = 15059 (fallback to raft.grpc.server.port)
2025-04-24 14:05:13,612 [main] INFO  grpc.GrpcConfigKeys (ConfUtils.java:logFallback(53)) - raft.grpc.client.host = null (fallback to raft.grpc.server.host)
2025-04-24 14:05:13,612 [main] INFO  grpc.GrpcConfigKeys (ConfUtils.java:logFallback(53)) - raft.grpc.client.port = 15059 (fallback to raft.grpc.server.port)
2025-04-24 14:05:13,612 [main] INFO  grpc.GrpcConfigKeys (ConfUtils.java:logGet(46)) - raft.grpc.server.host = null (default)
2025-04-24 14:05:13,613 [main] INFO  grpc.GrpcConfigKeys (ConfUtils.java:logGet(46)) - raft.grpc.server.port = 15059 (custom)
2025-04-24 14:05:13,613 [main] INFO  server.GrpcService (ConfUtils.java:logGet(46)) - raft.grpc.message.size.max = 5242880 (custom)
2025-04-24 14:05:13,613 [main] INFO  server.GrpcService (ConfUtils.java:logGet(46)) - raft.grpc.flow.control.window = 1MB (=1048576) (default)
2025-04-24 14:05:13,613 [main] INFO  server.RaftServerConfigKeys (ConfUtils.java:logGet(46)) - raft.server.rpc.request.timeout = 3000ms (default)
2025-04-24 14:05:13,613 [main] INFO  grpc.GrpcConfigKeys (ConfUtils.java:logGet(46)) - raft.grpc.server.heartbeat.channel = true (default)
2025-04-24 14:05:13,613 [main] INFO  server.RaftServerConfigKeys (ConfUtils.java:logGet(46)) - raft.server.log.appender.buffer.byte-limit = 4194304 (custom)
2025-04-24 14:05:13,613 [main] INFO  grpc.GrpcConfigKeys (ConfUtils.java:logGet(46)) - raft.grpc.server.async.request.thread.pool.cached = true (default)
2025-04-24 14:05:13,613 [main] INFO  grpc.GrpcConfigKeys (ConfUtils.java:logGet(46)) - raft.grpc.server.async.request.thread.pool.size = 32 (default)
2025-04-24 14:05:13,614 [main] INFO  impl.DataStreamServerImpl (ConfUtils.java:logGet(46)) - raft.datastream.type = DISABLED (default)
2025-04-24 14:05:13,614 [main] INFO  server.RaftServerConfigKeys (ConfUtils.java:logGet(46)) - raft.server.sleep.deviation.threshold = 300ms (default)
2025-04-24 14:05:13,614 [main] INFO  server.RaftServerConfigKeys (ConfUtils.java:logGet(46)) - raft.server.close.threshold = 60s (default)
2025-04-24 14:05:13,614 [main] INFO  server.RaftServerConfigKeys (ConfUtils.java:logGet(46)) - raft.server.leaderelection.leader.step-down.wait-time = 10s (default)
2025-04-24 14:05:13,614 [main] INFO  server.RaftServerConfigKeys (ConfUtils.java:logGet(46)) - raft.server.storage.dir = [/home/runner/work/ozone/ozone/hadoop-ozone/integration-test/target/test-dir/MiniOzoneClusterImpl-9c5b6909-9e9c-47e3-ad7a-324826695869/omNode-3/ratis] (custom)
2025-04-24 14:05:13,614 [main] INFO  server.RaftServerConfigKeys (ConfUtils.java:logGet(46)) - raft.server.threadpool.proxy.cached = true (default)
2025-04-24 14:05:13,614 [main] INFO  server.RaftServerConfigKeys (ConfUtils.java:logGet(46)) - raft.server.threadpool.proxy.size = 0 (default)
2025-04-24 14:05:13,615 [omNode-3-impl-thread1] INFO  server.RaftServer (RaftServerProxy.java:initGroupDir(265)) - omNode-3: found a subdirectory /home/runner/work/ozone/ozone/hadoop-ozone/integration-test/target/test-dir/MiniOzoneClusterImpl-9c5b6909-9e9c-47e3-ad7a-324826695869/omNode-3/ratis/c9bc4cf4-3bc3-3c60-a66b-523986131536
2025-04-24 14:05:13,615 [main] INFO  server.RaftServer (RaftServerProxy.java:addNew(100)) - omNode-3: addNew group-523986131536:[omNode-3|localhost:15059, omNode-1|localhost:15051, omNode-2|localhost:15055] returns group-523986131536:java.util.concurrent.CompletableFuture@56056190[Not completed]
2025-04-24 14:05:13,615 [main] INFO  om.OzoneManager (OzoneManager.java:initializeRatisServer(2303)) - OzoneManager Ratis server initialized at port 15059
2025-04-24 14:05:13,615 [main] INFO  ratis.OzoneManagerRatisServer (OzoneManagerRatisServer.java:start(628)) - Starting OzoneManagerRatisServer omNode-3 at port 15059
2025-04-24 14:05:13,615 [omNode-3-groupManagement] INFO  server.RaftServer$Division (RaftServerImpl.java:<init>(255)) - omNode-3: new RaftServerImpl for group-523986131536:[omNode-3|localhost:15059, omNode-1|localhost:15051, omNode-2|localhost:15055] with OzoneManagerStateMachine:uninitialized
2025-04-24 14:05:13,615 [omNode-3-groupManagement] INFO  server.RaftServerConfigKeys (ConfUtils.java:logGet(46)) - raft.server.rpc.timeout.min = 1s (custom)
2025-04-24 14:05:13,615 [omNode-3-groupManagement] INFO  server.RaftServerConfigKeys (ConfUtils.java:logGet(46)) - raft.server.rpc.timeout.max = 1200ms (custom)
2025-04-24 14:05:13,615 [omNode-3-groupManagement] INFO  server.RaftServerConfigKeys (ConfUtils.java:logGet(46)) - raft.server.rpc.sleep.time = 25ms (default)
2025-04-24 14:05:13,615 [omNode-3-groupManagement] INFO  server.RaftServerConfigKeys (ConfUtils.java:logGet(46)) - raft.server.rpc.slowness.timeout = 2s (custom)
2025-04-24 14:05:13,615 [omNode-3-groupManagement] INFO  server.RaftServerConfigKeys (ConfUtils.java:logGet(46)) - raft.server.leaderelection.leader.step-down.wait-time = 10s (default)
2025-04-24 14:05:13,615 [omNode-3-groupManagement] INFO  server.RaftServerConfigKeys (ConfUtils.java:logGet(46)) - raft.server.leaderelection.member.majority-add = false (default)
2025-04-24 14:05:13,615 [omNode-3-groupManagement] INFO  server.RaftServerConfigKeys (ConfUtils.java:logGet(46)) - raft.server.sleep.deviation.threshold = 300ms (default)
2025-04-24 14:05:13,615 [omNode-3-groupManagement] INFO  server.RaftServer$Division (ServerState.java:<init>(114)) - omNode-3@group-523986131536: ConfigurationManager, init=conf: {index: -1, cur=peers:[omNode-3|localhost:15059, omNode-1|localhost:15051, omNode-2|localhost:15055]|listeners:[], old=null}, confs=<EMPTY_MAP>
2025-04-24 14:05:13,616 [omNode-3-groupManagement] INFO  server.RaftServerConfigKeys (ConfUtils.java:logGet(46)) - raft.server.notification.no-leader.timeout = 2s (custom)
2025-04-24 14:05:13,616 [omNode-3-groupManagement] INFO  server.RaftServerConfigKeys (ConfUtils.java:logGet(46)) - raft.server.read.timeout = 10s (default)
2025-04-24 14:05:13,616 [omNode-3-groupManagement] INFO  server.RaftServerConfigKeys (ConfUtils.java:logGet(46)) - raft.server.retrycache.expirytime = 30000ms (custom)
2025-04-24 14:05:13,616 [omNode-3-groupManagement] INFO  server.RaftServerConfigKeys (ConfUtils.java:logGet(46)) - raft.server.retrycache.statistics.expirytime = 100ms (default)
2025-04-24 14:05:13,616 [omNode-3-groupManagement] INFO  server.RaftServerConfigKeys (ConfUtils.java:logGet(46)) - raft.server.read.option = DEFAULT (default)
2025-04-24 14:05:13,616 [omNode-3-groupManagement] INFO  server.RaftServerConfigKeys (ConfUtils.java:logGet(46)) - raft.server.read.read-after-write-consistent.write-index-cache.expiry-time = 60s (default)
2025-04-24 14:05:13,641 [omNode-3-groupManagement] INFO  server.RaftServerConfigKeys (ConfUtils.java:logGet(46)) - raft.server.rpc.request.timeout = 3000ms (default)
2025-04-24 14:05:13,641 [omNode-3-groupManagement] INFO  server.RaftServerConfigKeys (ConfUtils.java:logGet(46)) - raft.server.log.appender.install.snapshot.enabled = false (custom)
2025-04-24 14:05:13,641 [omNode-3-groupManagement] INFO  server.RaftServerConfigKeys (ConfUtils.java:logGet(46)) - raft.server.threadpool.server.cached = true (default)
2025-04-24 14:05:13,641 [omNode-3-groupManagement] INFO  server.RaftServerConfigKeys (ConfUtils.java:logGet(46)) - raft.server.threadpool.server.size = 0 (default)
2025-04-24 14:05:13,641 [omNode-3-groupManagement] INFO  server.RaftServerConfigKeys (ConfUtils.java:logGet(46)) - raft.server.threadpool.client.cached = true (default)
2025-04-24 14:05:13,641 [omNode-3-groupManagement] INFO  server.RaftServerConfigKeys (ConfUtils.java:logGet(46)) - raft.server.threadpool.client.size = 0 (default)
2025-04-24 14:05:13,641 [omNode-3-impl-thread1] INFO  server.RaftServerConfigKeys (ConfUtils.java:logGet(46)) - raft.server.storage.free-space.min = 0MB (=0) (default)
2025-04-24 14:05:13,641 [omNode-3-impl-thread1] INFO  server.RaftServerConfigKeys (ConfUtils.java:logGet(46)) - raft.server.log.corruption.policy = EXCEPTION (default)
2025-04-24 14:05:13,641 [omNode-3-impl-thread1] INFO  server.RaftServerConfigKeys (ConfUtils.java:logGet(46)) - raft.server.storage.dir = [/home/runner/work/ozone/ozone/hadoop-ozone/integration-test/target/test-dir/MiniOzoneClusterImpl-9c5b6909-9e9c-47e3-ad7a-324826695869/omNode-3/ratis] (custom)
2025-04-24 14:05:13,642 [omNode-3-impl-thread1] INFO  storage.RaftStorageDirectory (RaftStorageDirectoryImpl.java:tryLock(229)) - Lock on /home/runner/work/ozone/ozone/hadoop-ozone/integration-test/target/test-dir/MiniOzoneClusterImpl-9c5b6909-9e9c-47e3-ad7a-324826695869/omNode-3/ratis/c9bc4cf4-3bc3-3c60-a66b-523986131536/in_use.lock acquired by nodename 129728@fv-az2210-761
2025-04-24 14:05:13,643 [omNode-3-impl-thread1] INFO  storage.RaftStorage (RaftStorageImpl.java:analyzeAndRecoverStorage(118)) - Read RaftStorageMetadata{term=1, votedFor=} from /home/runner/work/ozone/ozone/hadoop-ozone/integration-test/target/test-dir/MiniOzoneClusterImpl-9c5b6909-9e9c-47e3-ad7a-324826695869/omNode-3/ratis/c9bc4cf4-3bc3-3c60-a66b-523986131536/current/raft-meta
2025-04-24 14:05:13,643 [omNode-3-impl-thread1] INFO  server.RaftServer$Division (ServerState.java:setRaftConf(386)) - omNode-3@group-523986131536: set configuration conf: {index: 0, cur=peers:[omNode-3|localhost:15059, omNode-1|localhost:15051, omNode-2|localhost:15055]|listeners:[], old=null}
2025-04-24 14:05:13,643 [omNode-3-impl-thread1] INFO  ratis.OzoneManagerStateMachine (OzoneManagerStateMachine.java:lambda$0(138)) - omNode-3: initialize group-523986131536 with (t:1, i:583)
2025-04-24 14:05:13,643 [omNode-3-impl-thread1] INFO  server.RaftServerConfigKeys (ConfUtils.java:logGet(46)) - raft.server.log.use.memory = false (default)
2025-04-24 14:05:13,643 [omNode-3-impl-thread1] INFO  server.RaftServerConfigKeys (ConfUtils.java:logGet(46)) - raft.server.log.purge.gap = 50 (custom)
2025-04-24 14:05:13,643 [omNode-3-impl-thread1] INFO  server.RaftServerConfigKeys (ConfUtils.java:logGet(46)) - raft.server.log.appender.buffer.byte-limit = 4194304 (custom)
2025-04-24 14:05:13,643 [omNode-3-impl-thread1] INFO  server.RaftServerConfigKeys (ConfUtils.java:logGet(46)) - raft.server.log.statemachine.data.read.timeout = 1000ms (default)
2025-04-24 14:05:13,643 [omNode-3-impl-thread1] INFO  server.RaftServerConfigKeys (ConfUtils.java:logGet(46)) - raft.server.log.purge.preservation.log.num = 0 (default)
2025-04-24 14:05:13,644 [omNode-3-impl-thread1] INFO  server.RaftServerConfigKeys (ConfUtils.java:logGet(46)) - raft.server.log.segment.size.max = 4194304 (custom)
2025-04-24 14:05:13,644 [omNode-3-impl-thread1] INFO  server.RaftServerConfigKeys (ConfUtils.java:logGet(46)) - raft.server.log.segment.cache.num.max = 2 (custom)
2025-04-24 14:05:13,644 [omNode-3-impl-thread1] INFO  server.RaftServerConfigKeys (ConfUtils.java:logGet(46)) - raft.server.log.segment.cache.size.max = 200MB (=209715200) (default)
2025-04-24 14:05:13,644 [omNode-3-impl-thread1] INFO  server.RaftServerConfigKeys (ConfUtils.java:logGet(46)) - raft.server.log.appender.buffer.byte-limit = 4194304 (custom)
2025-04-24 14:05:13,644 [omNode-3-impl-thread1] INFO  util.AwaitToRun (AwaitToRun.java:start(81)) - Thread[#11140,omNode-3@group-523986131536-cacheEviction-AwaitToRun,5,main] started
2025-04-24 14:05:13,644 [omNode-3-impl-thread1] INFO  segmented.SegmentedRaftLogWorker (SegmentedRaftLogWorker.java:<init>(188)) - new omNode-3@group-523986131536-SegmentedRaftLogWorker for RaftStorageImpl:Storage Directory /home/runner/work/ozone/ozone/hadoop-ozone/integration-test/target/test-dir/MiniOzoneClusterImpl-9c5b6909-9e9c-47e3-ad7a-324826695869/omNode-3/ratis/c9bc4cf4-3bc3-3c60-a66b-523986131536
2025-04-24 14:05:13,644 [omNode-3-impl-thread1] INFO  server.RaftServerConfigKeys (ConfUtils.java:logGet(46)) - raft.server.log.queue.byte-limit = 64MB (=67108864) (default)
2025-04-24 14:05:13,644 [omNode-3-impl-thread1] INFO  server.RaftServerConfigKeys (ConfUtils.java:logGet(46)) - raft.server.log.queue.element-limit = 4096 (default)
2025-04-24 14:05:13,645 [omNode-3-impl-thread1] INFO  server.RaftServerConfigKeys (ConfUtils.java:logGet(46)) - raft.server.log.segment.size.max = 4194304 (custom)
2025-04-24 14:05:13,645 [omNode-3-impl-thread1] INFO  server.RaftServerConfigKeys (ConfUtils.java:logGet(46)) - raft.server.log.preallocated.size = 4194304 (custom)
2025-04-24 14:05:13,645 [omNode-3-impl-thread1] INFO  server.RaftServerConfigKeys (ConfUtils.java:logGet(46)) - raft.server.log.force.sync.num = 128 (default)
2025-04-24 14:05:13,645 [omNode-3-impl-thread1] INFO  server.RaftServerConfigKeys (ConfUtils.java:logGet(46)) - raft.server.log.statemachine.data.sync = true (default)
2025-04-24 14:05:13,645 [omNode-3-impl-thread1] INFO  server.RaftServerConfigKeys (ConfUtils.java:logGet(46)) - raft.server.log.statemachine.data.sync.timeout = 10s (default)
2025-04-24 14:05:13,645 [omNode-3-impl-thread1] INFO  server.RaftServerConfigKeys (ConfUtils.java:logGet(46)) - raft.server.log.statemachine.data.sync.timeout.retry = -1 (default)
2025-04-24 14:05:13,645 [omNode-3-impl-thread1] INFO  server.RaftServerConfigKeys (ConfUtils.java:logGet(46)) - raft.server.log.write.buffer.size = 4194312 (custom)
2025-04-24 14:05:13,645 [omNode-3-impl-thread1] INFO  server.RaftServerConfigKeys (ConfUtils.java:logGet(46)) - raft.server.log.appender.buffer.byte-limit = 4194304 (custom)
2025-04-24 14:05:13,645 [omNode-3-impl-thread1] INFO  server.RaftServerConfigKeys (ConfUtils.java:logGet(46)) - raft.server.log.unsafe-flush.enabled = false (default)
2025-04-24 14:05:13,645 [omNode-3-impl-thread1] INFO  server.RaftServerConfigKeys (ConfUtils.java:logGet(46)) - raft.server.log.async-flush.enabled = false (default)
2025-04-24 14:05:13,645 [omNode-3-impl-thread1] INFO  server.RaftServerConfigKeys (ConfUtils.java:logGet(46)) - raft.server.log.statemachine.data.caching.enabled = false (default)
2025-04-24 14:05:13,646 [omNode-3-impl-thread1] INFO  server.RaftServer$Division (ServerState.java:setRaftConf(386)) - omNode-3@group-523986131536: set configuration conf: {index: 0, cur=peers:[omNode-3|localhost:15059, omNode-1|localhost:15051, omNode-2|localhost:15055]|listeners:[], old=null}
2025-04-24 14:05:13,649 [omNode-3-impl-thread1] INFO  segmented.LogSegment (LogSegment.java:loadSegment(171)) - Successfully read 585 entries from segment file /home/runner/work/ozone/ozone/hadoop-ozone/integration-test/target/test-dir/MiniOzoneClusterImpl-9c5b6909-9e9c-47e3-ad7a-324826695869/omNode-3/ratis/c9bc4cf4-3bc3-3c60-a66b-523986131536/current/log_inprogress_0
2025-04-24 14:05:13,649 [omNode-3-impl-thread1] INFO  segmented.SegmentedRaftLogWorker (SegmentedRaftLogWorker.java:lambda$new$0(139)) - omNode-3@group-523986131536-SegmentedRaftLogWorker: flushIndex: setUnconditionally 0 -> 584
2025-04-24 14:05:13,649 [omNode-3-impl-thread1] INFO  segmented.SegmentedRaftLogWorker (SegmentedRaftLogWorker.java:lambda$new$0(139)) - omNode-3@group-523986131536-SegmentedRaftLogWorker: safeCacheEvictIndex: setUnconditionally 0 -> -1
2025-04-24 14:05:13,649 [omNode-3-impl-thread1] INFO  segmented.BufferedWriteChannel (BufferedWriteChannel.java:open(61)) - open log_inprogress_0 (append) at position 179585
2025-04-24 14:05:13,650 [omNode-3-impl-thread1] INFO  server.RaftServer$Division (RaftServerImpl.java:start(391)) - omNode-3@group-523986131536: start as a follower, conf=conf: {index: 0, cur=peers:[omNode-3|localhost:15059, omNode-1|localhost:15051, omNode-2|localhost:15055]|listeners:[], old=null}
2025-04-24 14:05:13,650 [omNode-3-impl-thread1] INFO  server.RaftServer$Division (RaftServerImpl.java:setRole(378)) - omNode-3@group-523986131536: changes role from      null to FOLLOWER at term 1 for startAsFollower
2025-04-24 14:05:13,650 [omNode-3-impl-thread1] INFO  impl.RoleInfo (RoleInfo.java:updateAndGet(148)) - omNode-3: start omNode-3@group-523986131536-FollowerState
2025-04-24 14:05:13,650 [omNode-3-impl-thread1] INFO  util.JmxRegister (JmxRegister.java:tryRegister(44)) - Successfully registered JMX Bean with object name Ratis:service=RaftServer,group=group-523986131536,id=omNode-3
2025-04-24 14:05:13,650 [omNode-3@group-523986131536-FollowerState] INFO  server.RaftServerConfigKeys (ConfUtils.java:logFallback(53)) - raft.server.rpc.first-election.timeout.min = 1s (fallback to raft.server.rpc.timeout.min)
2025-04-24 14:05:13,650 [omNode-3-impl-thread1] INFO  util.JmxRegister (JmxRegister.java:register(58)) - register mxBean class org.apache.ratis.server.impl.RaftServerJmxAdapter as Ratis:service=RaftServer,group=group-523986131536,id=omNode-3
2025-04-24 14:05:13,650 [omNode-3@group-523986131536-FollowerState] INFO  server.RaftServerConfigKeys (ConfUtils.java:logFallback(53)) - raft.server.rpc.first-election.timeout.max = 1200ms (fallback to raft.server.rpc.timeout.max)
2025-04-24 14:05:13,650 [omNode-3-impl-thread1] INFO  server.RaftServerConfigKeys (ConfUtils.java:logGet(46)) - raft.server.snapshot.trigger-when-stop.enabled = true (default)
2025-04-24 14:05:13,651 [omNode-3-impl-thread1] INFO  server.RaftServerConfigKeys (ConfUtils.java:logGet(46)) - raft.server.snapshot.trigger-when-remove.enabled = true (default)
2025-04-24 14:05:13,651 [omNode-3-impl-thread1] INFO  server.RaftServerConfigKeys (ConfUtils.java:logGet(46)) - raft.server.snapshot.auto.trigger.enabled = true (custom)
2025-04-24 14:05:13,651 [omNode-3-impl-thread1] INFO  server.RaftServerConfigKeys (ConfUtils.java:logGet(46)) - raft.server.snapshot.auto.trigger.threshold = 50 (custom)
2025-04-24 14:05:13,651 [omNode-3-impl-thread1] INFO  server.RaftServerConfigKeys (ConfUtils.java:logGet(46)) - raft.server.snapshot.retention.file.num = -1 (default)
2025-04-24 14:05:13,651 [omNode-3-impl-thread1] INFO  server.RaftServerConfigKeys (ConfUtils.java:logGet(46)) - raft.server.log.purge.upto.snapshot.index = true (custom)
2025-04-24 14:05:13,651 [omNode-3-impl-thread1] INFO  server.RaftServer$Division (RaftServerImpl.java:start(405)) - omNode-3@group-523986131536: Successfully started.
2025-04-24 14:05:13,651 [main] INFO  server.RaftServer (RaftServerProxy.java:startImpl(407)) - omNode-3: start RPC server
2025-04-24 14:05:13,652 [main] INFO  server.GrpcService (GrpcService.java:startImpl(334)) - omNode-3: GrpcService started, listening on 15059
2025-04-24 14:05:13,652 [main] INFO  om.OzoneManager (OzoneManager.java:getRpcServer(1360)) - Creating RPC Server
2025-04-24 14:05:13,655 [JvmPauseMonitor50] INFO  util.JvmPauseMonitor (JvmPauseMonitor.java:run(146)) - JvmPauseMonitor-omNode-3: Started
2025-04-24 14:05:13,997 [main] INFO  reflections.Reflections (Reflections.java:scan(219)) - Reflections took 344 ms to scan 22 urls, producing 61 keys and 7423 values
2025-04-24 14:05:13,998 [main] INFO  ipc.CallQueueManager (CallQueueManager.java:<init>(93)) - Using callQueue: class java.util.concurrent.LinkedBlockingQueue, queueCapacity: 2000, scheduler: class org.apache.hadoop.ipc.DefaultRpcScheduler, ipcBackoff: false, ipcFailOver: false.
2025-04-24 14:05:13,999 [main] INFO  ipc.Server (Server.java:<init>(1438)) - Listener at localhost:15056
2025-04-24 14:05:13,999 [Socket Reader #1 for port 15056] INFO  ipc.Server (Server.java:run(1474)) - Starting Socket Reader #1 for port 15056
2025-04-24 14:05:13,999 [Socket Reader #2 for port 15056] INFO  ipc.Server (Server.java:run(1474)) - Starting Socket Reader #2 for port 15056
2025-04-24 14:05:13,999 [Socket Reader #3 for port 15056] INFO  ipc.Server (Server.java:run(1474)) - Starting Socket Reader #3 for port 15056
2025-04-24 14:05:13,999 [Socket Reader #4 for port 15056] INFO  ipc.Server (Server.java:run(1474)) - Starting Socket Reader #4 for port 15056
2025-04-24 14:05:14,000 [Socket Reader #5 for port 15056] INFO  ipc.Server (Server.java:run(1474)) - Starting Socket Reader #5 for port 15056
2025-04-24 14:05:14,000 [Socket Reader #6 for port 15056] INFO  ipc.Server (Server.java:run(1474)) - Starting Socket Reader #6 for port 15056
2025-04-24 14:05:14,000 [Socket Reader #7 for port 15056] INFO  ipc.Server (Server.java:run(1474)) - Starting Socket Reader #7 for port 15056
2025-04-24 14:05:14,000 [Socket Reader #8 for port 15056] INFO  ipc.Server (Server.java:run(1474)) - Starting Socket Reader #8 for port 15056
2025-04-24 14:05:14,000 [Socket Reader #9 for port 15056] INFO  ipc.Server (Server.java:run(1474)) - Starting Socket Reader #9 for port 15056
2025-04-24 14:05:14,000 [Socket Reader #10 for port 15056] INFO  ipc.Server (Server.java:run(1474)) - Starting Socket Reader #10 for port 15056
2025-04-24 14:05:14,002 [main] INFO  http.BaseHttpServer (BaseHttpServer.java:newHttpServer2BuilderForOzone(229)) - Starting Web-server for ozoneManager at: http://0.0.0.0:15057
2025-04-24 14:05:14,002 [main] INFO  http.BaseHttpServer (BaseHttpServer.java:<init>(107)) - Hadoop Security Enabled: false Ozone Security Enabled: false Ozone HTTP Security Enabled: false 
2025-04-24 14:05:14,003 [main] WARN  server.AuthenticationFilter (AuthenticationFilter.java:constructSecretProvider(240)) - Unable to initialize FileSignerSecretProvider, falling back to use random secrets. Reason: Could not read signature secret file: /home/runner/hadoop-http-auth-signature-secret
2025-04-24 14:05:14,005 [main] INFO  http.HttpServer2 (HttpServer2.java:addGlobalFilter(1041)) - Added global filter 'safety' (class=org.apache.hadoop.hdds.server.http.HttpServer2$QuotingInputFilter)
2025-04-24 14:05:14,006 [main] INFO  http.HttpServer2 (HttpServer2.java:addFilter(1017)) - Added filter static_user_filter (class=org.apache.hadoop.http.lib.StaticUserWebFilter$StaticUserFilter) to context ozoneManager
2025-04-24 14:05:14,006 [main] INFO  http.HttpServer2 (HttpServer2.java:addFilter(1025)) - Added filter static_user_filter (class=org.apache.hadoop.http.lib.StaticUserWebFilter$StaticUserFilter) to context static
2025-04-24 14:05:14,006 [main] INFO  http.HttpServer2 (HttpServer2.java:addFilter(1025)) - Added filter static_user_filter (class=org.apache.hadoop.http.lib.StaticUserWebFilter$StaticUserFilter) to context logs
2025-04-24 14:05:14,006 [main] INFO  http.BaseHttpServer (BaseHttpServer.java:<init>(195)) - HTTP server of ozoneManager uses base directory /home/runner/work/ozone/ozone/hadoop-ozone/integration-test/target/test-dir/MiniOzoneClusterImpl-9c5b6909-9e9c-47e3-ad7a-324826695869/omNode-3/webserver
2025-04-24 14:05:14,006 [main] INFO  http.HttpServer2 (HttpServer2.java:bindListener(1241)) - Jetty bound to port 15057
2025-04-24 14:05:14,006 [main] INFO  server.Server (Server.java:doStart(375)) - jetty-9.4.57.v20241219; built: 2025-01-08T21:24:30.412Z; git: df524e6b29271c2e09ba9aea83c18dc9db464a31; jvm 21.0.7+6-LTS
2025-04-24 14:05:14,008 [main] INFO  server.session (DefaultSessionIdManager.java:doStart(334)) - DefaultSessionIdManager workerName=node0
2025-04-24 14:05:14,008 [main] INFO  server.session (DefaultSessionIdManager.java:doStart(339)) - No SessionScavenger set, using defaults
2025-04-24 14:05:14,008 [main] INFO  server.session (HouseKeeper.java:startScavenging(132)) - node0 Scavenging every 660000ms
2025-04-24 14:05:14,008 [main] INFO  handler.ContextHandler (ContextHandler.java:doStart(921)) - Started o.e.j.s.ServletContextHandler@daa19d0{logs,/logs,file:///home/runner/work/ozone/ozone/hadoop-ozone/integration-test/target/log,AVAILABLE}
2025-04-24 14:05:14,009 [main] INFO  handler.ContextHandler (ContextHandler.java:doStart(921)) - Started o.e.j.s.ServletContextHandler@54dacf5c{static,/static,file:///home/runner/work/ozone/ozone/hadoop-ozone/integration-test/target/test-classes/webapps/static,AVAILABLE}
2025-04-24 14:05:14,012 [main] INFO  handler.ContextHandler (ContextHandler.java:doStart(921)) - Started o.e.j.w.WebAppContext@741432d0{ozoneManager,/,file:///home/runner/work/ozone/ozone/hadoop-ozone/integration-test/target/test-classes/webapps/ozoneManager/,AVAILABLE}{file:/home/runner/work/ozone/ozone/hadoop-ozone/integration-test/target/test-classes/webapps/ozoneManager}
2025-04-24 14:05:14,013 [main] INFO  server.AbstractConnector (AbstractConnector.java:doStart(333)) - Started ServerConnector@7abf0b80{HTTP/1.1, (http/1.1)}{0.0.0.0:15057}
2025-04-24 14:05:14,013 [main] INFO  server.Server (Server.java:doStart(415)) - Started @195345ms
2025-04-24 14:05:14,013 [main] WARN  impl.MetricsSystemImpl (MetricsSystemImpl.java:register(279)) - Sink prometheus already exists!
2025-04-24 14:05:14,013 [main] INFO  http.BaseHttpServer (BaseHttpServer.java:updateConnectorAddress(360)) - HTTP server of ozoneManager listening at http://0.0.0.0:15057
2025-04-24 14:05:14,014 [IPC Server Responder] INFO  ipc.Server (Server.java:run(1713)) - IPC Server Responder: starting
2025-04-24 14:05:14,014 [IPC Server listener on 15056] INFO  ipc.Server (Server.java:run(1553)) - IPC Server listener on 15056: starting
2025-04-24 14:05:14,017 [main] INFO  om.OzoneManager (OzoneManager.java:startTrashEmptier(2257)) - Trash Interval set to 0. Files deleted won't move to trash
2025-04-24 14:05:14,017 [main] INFO  om.OzoneManager (OzoneManager.java:restart(1878)) - OzoneManager RPC server is listening at localhost/127.0.0.1:15048
2025-04-24 14:05:14,017 [main] INFO  impl.MetricsSystemImpl (MetricsSystemImpl.java:init(158)) - OzoneManager metrics system started (again)
2025-04-24 14:05:14,031 [main] WARN  server.ServerUtils (ServerUtils.java:getDBPath(297)) - ozone.om.db.dirs is not configured. We recommend adding this setting. Falling back to ozone.metadata.dirs instead.
2025-04-24 14:05:14,074 [main] INFO  om.OzoneManager (OzoneManager.java:instantiateServices(933)) - S3 Multi-Tenancy is disabled
2025-04-24 14:05:14,075 [main] INFO  om.OmSnapshotManager (OmSnapshotManager.java:<init>(180)) - Ozone filesystem snapshot feature is enabled.
2025-04-24 14:05:14,075 [main] WARN  server.ServerUtils (ServerUtils.java:getDBPath(297)) - ozone.om.snapshot.diff.db.dir is not configured. We recommend adding this setting. Falling back to ozone.metadata.dirs instead.
2025-04-24 14:05:14,090 [main] WARN  dropwizard3.Dm3MetricRegistriesImpl (Dm3MetricRegistriesImpl.java:addReporterRegistration(114)) - New reporters are added after registries were created. Some metrics will be missing from the reporter. Please add reporter before adding any new registry.
2025-04-24 14:05:14,090 [main] WARN  dropwizard3.Dm3MetricRegistriesImpl (Dm3MetricRegistriesImpl.java:addReporterRegistration(114)) - New reporters are added after registries were created. Some metrics will be missing from the reporter. Please add reporter before adding any new registry.
2025-04-24 14:05:14,090 [main] WARN  server.ServerUtils (ServerUtils.java:getDefaultRatisDirectory(309)) - Storage directory for Ratis is not configured. It is a good idea to map this to an SSD disk. Falling back to ozone.metadata.dirs
2025-04-24 14:05:14,091 [main] INFO  server.RaftServerConfigKeys (ConfUtils.java:logGet(46)) - raft.server.log.appender.buffer.byte-limit = 4194304 (custom)
2025-04-24 14:05:14,091 [main] INFO  ratis.OzoneManagerRatisServer (OzoneManagerRatisServer.java:<init>(167)) - Instantiating OM Ratis server with groupID: om-service-test1 and peers: localhost:15051, localhost:15059, localhost:15055
2025-04-24 14:05:14,092 [main] INFO  ratis.OzoneManagerStateMachine (OzoneManagerStateMachine.java:loadSnapshotInfoFromDB(611)) - LastAppliedIndex is set from TransactionInfo from OM DB as (t:1, i:584)
2025-04-24 14:05:14,092 [main] INFO  server.RaftServer (ConfUtils.java:logGet(46)) - raft.rpc.type = GRPC (default)
2025-04-24 14:05:14,092 [main] INFO  grpc.GrpcConfigKeys (ConfUtils.java:logFallback(53)) - raft.grpc.admin.host = null (fallback to raft.grpc.server.host)
2025-04-24 14:05:14,092 [main] INFO  grpc.GrpcConfigKeys (ConfUtils.java:logFallback(53)) - raft.grpc.admin.port = 15051 (fallback to raft.grpc.server.port)
2025-04-24 14:05:14,092 [main] INFO  grpc.GrpcConfigKeys (ConfUtils.java:logFallback(53)) - raft.grpc.client.host = null (fallback to raft.grpc.server.host)
2025-04-24 14:05:14,093 [main] INFO  grpc.GrpcConfigKeys (ConfUtils.java:logFallback(53)) - raft.grpc.client.port = 15051 (fallback to raft.grpc.server.port)
2025-04-24 14:05:14,093 [main] INFO  grpc.GrpcConfigKeys (ConfUtils.java:logGet(46)) - raft.grpc.server.host = null (default)
2025-04-24 14:05:14,093 [main] INFO  grpc.GrpcConfigKeys (ConfUtils.java:logGet(46)) - raft.grpc.server.port = 15051 (custom)
2025-04-24 14:05:14,093 [main] INFO  server.GrpcService (ConfUtils.java:logGet(46)) - raft.grpc.message.size.max = 5242880 (custom)
2025-04-24 14:05:14,093 [main] INFO  server.GrpcService (ConfUtils.java:logGet(46)) - raft.grpc.flow.control.window = 1MB (=1048576) (default)
2025-04-24 14:05:14,093 [main] INFO  server.RaftServerConfigKeys (ConfUtils.java:logGet(46)) - raft.server.rpc.request.timeout = 3000ms (default)
2025-04-24 14:05:14,093 [main] INFO  grpc.GrpcConfigKeys (ConfUtils.java:logGet(46)) - raft.grpc.server.heartbeat.channel = true (default)
2025-04-24 14:05:14,093 [main] INFO  server.RaftServerConfigKeys (ConfUtils.java:logGet(46)) - raft.server.log.appender.buffer.byte-limit = 4194304 (custom)
2025-04-24 14:05:14,093 [main] INFO  grpc.GrpcConfigKeys (ConfUtils.java:logGet(46)) - raft.grpc.server.async.request.thread.pool.cached = true (default)
2025-04-24 14:05:14,093 [main] INFO  grpc.GrpcConfigKeys (ConfUtils.java:logGet(46)) - raft.grpc.server.async.request.thread.pool.size = 32 (default)
2025-04-24 14:05:14,094 [main] INFO  impl.DataStreamServerImpl (ConfUtils.java:logGet(46)) - raft.datastream.type = DISABLED (default)
2025-04-24 14:05:14,094 [main] INFO  server.RaftServerConfigKeys (ConfUtils.java:logGet(46)) - raft.server.sleep.deviation.threshold = 300ms (default)
2025-04-24 14:05:14,094 [main] INFO  server.RaftServerConfigKeys (ConfUtils.java:logGet(46)) - raft.server.close.threshold = 60s (default)
2025-04-24 14:05:14,095 [main] INFO  server.RaftServerConfigKeys (ConfUtils.java:logGet(46)) - raft.server.leaderelection.leader.step-down.wait-time = 10s (default)
2025-04-24 14:05:14,095 [main] INFO  server.RaftServerConfigKeys (ConfUtils.java:logGet(46)) - raft.server.storage.dir = [/home/runner/work/ozone/ozone/hadoop-ozone/integration-test/target/test-dir/MiniOzoneClusterImpl-9c5b6909-9e9c-47e3-ad7a-324826695869/omNode-1/ratis] (custom)
2025-04-24 14:05:14,095 [main] INFO  server.RaftServerConfigKeys (ConfUtils.java:logGet(46)) - raft.server.threadpool.proxy.cached = true (default)
2025-04-24 14:05:14,095 [main] INFO  server.RaftServerConfigKeys (ConfUtils.java:logGet(46)) - raft.server.threadpool.proxy.size = 0 (default)
2025-04-24 14:05:14,095 [omNode-1-impl-thread1] INFO  server.RaftServer (RaftServerProxy.java:initGroupDir(265)) - omNode-1: found a subdirectory /home/runner/work/ozone/ozone/hadoop-ozone/integration-test/target/test-dir/MiniOzoneClusterImpl-9c5b6909-9e9c-47e3-ad7a-324826695869/omNode-1/ratis/c9bc4cf4-3bc3-3c60-a66b-523986131536
2025-04-24 14:05:14,096 [main] INFO  server.RaftServer (RaftServerProxy.java:addNew(100)) - omNode-1: addNew group-523986131536:[omNode-3|localhost:15059, omNode-1|localhost:15051, omNode-2|localhost:15055] returns group-523986131536:java.util.concurrent.CompletableFuture@37143dfa[Not completed]
2025-04-24 14:05:14,096 [main] INFO  om.OzoneManager (OzoneManager.java:initializeRatisServer(2303)) - OzoneManager Ratis server initialized at port 15051
2025-04-24 14:05:14,096 [main] INFO  ratis.OzoneManagerRatisServer (OzoneManagerRatisServer.java:start(628)) - Starting OzoneManagerRatisServer omNode-1 at port 15051
2025-04-24 14:05:14,096 [omNode-1-groupManagement] INFO  server.RaftServer$Division (RaftServerImpl.java:<init>(255)) - omNode-1: new RaftServerImpl for group-523986131536:[omNode-3|localhost:15059, omNode-1|localhost:15051, omNode-2|localhost:15055] with OzoneManagerStateMachine:uninitialized
2025-04-24 14:05:14,096 [omNode-1-groupManagement] INFO  server.RaftServerConfigKeys (ConfUtils.java:logGet(46)) - raft.server.rpc.timeout.min = 1s (custom)
2025-04-24 14:05:14,096 [omNode-1-groupManagement] INFO  server.RaftServerConfigKeys (ConfUtils.java:logGet(46)) - raft.server.rpc.timeout.max = 1200ms (custom)
2025-04-24 14:05:14,096 [omNode-1-groupManagement] INFO  server.RaftServerConfigKeys (ConfUtils.java:logGet(46)) - raft.server.rpc.sleep.time = 25ms (default)
2025-04-24 14:05:14,096 [omNode-1-groupManagement] INFO  server.RaftServerConfigKeys (ConfUtils.java:logGet(46)) - raft.server.rpc.slowness.timeout = 2s (custom)
2025-04-24 14:05:14,096 [omNode-1-groupManagement] INFO  server.RaftServerConfigKeys (ConfUtils.java:logGet(46)) - raft.server.leaderelection.leader.step-down.wait-time = 10s (default)
2025-04-24 14:05:14,096 [omNode-1-groupManagement] INFO  server.RaftServerConfigKeys (ConfUtils.java:logGet(46)) - raft.server.leaderelection.member.majority-add = false (default)
2025-04-24 14:05:14,096 [omNode-1-groupManagement] INFO  server.RaftServerConfigKeys (ConfUtils.java:logGet(46)) - raft.server.sleep.deviation.threshold = 300ms (default)
2025-04-24 14:05:14,096 [omNode-1-groupManagement] INFO  server.RaftServer$Division (ServerState.java:<init>(114)) - omNode-1@group-523986131536: ConfigurationManager, init=conf: {index: -1, cur=peers:[omNode-3|localhost:15059, omNode-1|localhost:15051, omNode-2|localhost:15055]|listeners:[], old=null}, confs=<EMPTY_MAP>
2025-04-24 14:05:14,096 [omNode-1-groupManagement] INFO  server.RaftServerConfigKeys (ConfUtils.java:logGet(46)) - raft.server.notification.no-leader.timeout = 2s (custom)
2025-04-24 14:05:14,096 [omNode-1-groupManagement] INFO  server.RaftServerConfigKeys (ConfUtils.java:logGet(46)) - raft.server.read.timeout = 10s (default)
2025-04-24 14:05:14,096 [omNode-1-groupManagement] INFO  server.RaftServerConfigKeys (ConfUtils.java:logGet(46)) - raft.server.retrycache.expirytime = 30000ms (custom)
2025-04-24 14:05:14,096 [omNode-1-groupManagement] INFO  server.RaftServerConfigKeys (ConfUtils.java:logGet(46)) - raft.server.retrycache.statistics.expirytime = 100ms (default)
2025-04-24 14:05:14,097 [omNode-1-groupManagement] INFO  server.RaftServerConfigKeys (ConfUtils.java:logGet(46)) - raft.server.read.option = DEFAULT (default)
2025-04-24 14:05:14,097 [omNode-1-groupManagement] INFO  server.RaftServerConfigKeys (ConfUtils.java:logGet(46)) - raft.server.read.read-after-write-consistent.write-index-cache.expiry-time = 60s (default)
2025-04-24 14:05:14,098 [omNode-1-groupManagement] INFO  server.RaftServerConfigKeys (ConfUtils.java:logGet(46)) - raft.server.rpc.request.timeout = 3000ms (default)
2025-04-24 14:05:14,099 [omNode-1-groupManagement] INFO  server.RaftServerConfigKeys (ConfUtils.java:logGet(46)) - raft.server.log.appender.install.snapshot.enabled = false (custom)
2025-04-24 14:05:14,099 [omNode-1-groupManagement] INFO  server.RaftServerConfigKeys (ConfUtils.java:logGet(46)) - raft.server.threadpool.server.cached = true (default)
2025-04-24 14:05:14,099 [omNode-1-groupManagement] INFO  server.RaftServerConfigKeys (ConfUtils.java:logGet(46)) - raft.server.threadpool.server.size = 0 (default)
2025-04-24 14:05:14,099 [omNode-1-groupManagement] INFO  server.RaftServerConfigKeys (ConfUtils.java:logGet(46)) - raft.server.threadpool.client.cached = true (default)
2025-04-24 14:05:14,099 [omNode-1-groupManagement] INFO  server.RaftServerConfigKeys (ConfUtils.java:logGet(46)) - raft.server.threadpool.client.size = 0 (default)
2025-04-24 14:05:14,099 [omNode-1-impl-thread1] INFO  server.RaftServerConfigKeys (ConfUtils.java:logGet(46)) - raft.server.storage.free-space.min = 0MB (=0) (default)
2025-04-24 14:05:14,099 [omNode-1-impl-thread1] INFO  server.RaftServerConfigKeys (ConfUtils.java:logGet(46)) - raft.server.log.corruption.policy = EXCEPTION (default)
2025-04-24 14:05:14,099 [omNode-1-impl-thread1] INFO  server.RaftServerConfigKeys (ConfUtils.java:logGet(46)) - raft.server.storage.dir = [/home/runner/work/ozone/ozone/hadoop-ozone/integration-test/target/test-dir/MiniOzoneClusterImpl-9c5b6909-9e9c-47e3-ad7a-324826695869/omNode-1/ratis] (custom)
2025-04-24 14:05:14,100 [omNode-1-impl-thread1] INFO  storage.RaftStorageDirectory (RaftStorageDirectoryImpl.java:tryLock(229)) - Lock on /home/runner/work/ozone/ozone/hadoop-ozone/integration-test/target/test-dir/MiniOzoneClusterImpl-9c5b6909-9e9c-47e3-ad7a-324826695869/omNode-1/ratis/c9bc4cf4-3bc3-3c60-a66b-523986131536/in_use.lock acquired by nodename 129728@fv-az2210-761
2025-04-24 14:05:14,100 [omNode-1-impl-thread1] INFO  storage.RaftStorage (RaftStorageImpl.java:analyzeAndRecoverStorage(118)) - Read RaftStorageMetadata{term=1, votedFor=omNode-1} from /home/runner/work/ozone/ozone/hadoop-ozone/integration-test/target/test-dir/MiniOzoneClusterImpl-9c5b6909-9e9c-47e3-ad7a-324826695869/omNode-1/ratis/c9bc4cf4-3bc3-3c60-a66b-523986131536/current/raft-meta
2025-04-24 14:05:14,101 [omNode-1-impl-thread1] INFO  server.RaftServer$Division (ServerState.java:setRaftConf(386)) - omNode-1@group-523986131536: set configuration conf: {index: 0, cur=peers:[omNode-3|localhost:15059, omNode-1|localhost:15051, omNode-2|localhost:15055]|listeners:[], old=null}
2025-04-24 14:05:14,101 [omNode-1-impl-thread1] INFO  ratis.OzoneManagerStateMachine (OzoneManagerStateMachine.java:lambda$0(138)) - omNode-1: initialize group-523986131536 with (t:1, i:584)
2025-04-24 14:05:14,101 [omNode-1-impl-thread1] INFO  server.RaftServerConfigKeys (ConfUtils.java:logGet(46)) - raft.server.log.use.memory = false (default)
2025-04-24 14:05:14,101 [omNode-1-impl-thread1] INFO  server.RaftServerConfigKeys (ConfUtils.java:logGet(46)) - raft.server.log.purge.gap = 50 (custom)
2025-04-24 14:05:14,101 [omNode-1-impl-thread1] INFO  server.RaftServerConfigKeys (ConfUtils.java:logGet(46)) - raft.server.log.appender.buffer.byte-limit = 4194304 (custom)
2025-04-24 14:05:14,101 [omNode-1-impl-thread1] INFO  server.RaftServerConfigKeys (ConfUtils.java:logGet(46)) - raft.server.log.statemachine.data.read.timeout = 1000ms (default)
2025-04-24 14:05:14,101 [omNode-1-impl-thread1] INFO  server.RaftServerConfigKeys (ConfUtils.java:logGet(46)) - raft.server.log.purge.preservation.log.num = 0 (default)
2025-04-24 14:05:14,102 [omNode-1-impl-thread1] INFO  server.RaftServerConfigKeys (ConfUtils.java:logGet(46)) - raft.server.log.segment.size.max = 4194304 (custom)
2025-04-24 14:05:14,102 [omNode-1-impl-thread1] INFO  server.RaftServerConfigKeys (ConfUtils.java:logGet(46)) - raft.server.log.segment.cache.num.max = 2 (custom)
2025-04-24 14:05:14,102 [omNode-1-impl-thread1] INFO  server.RaftServerConfigKeys (ConfUtils.java:logGet(46)) - raft.server.log.segment.cache.size.max = 200MB (=209715200) (default)
2025-04-24 14:05:14,102 [omNode-1-impl-thread1] INFO  server.RaftServerConfigKeys (ConfUtils.java:logGet(46)) - raft.server.log.appender.buffer.byte-limit = 4194304 (custom)
2025-04-24 14:05:14,103 [omNode-1-impl-thread1] INFO  util.AwaitToRun (AwaitToRun.java:start(81)) - Thread[#11223,omNode-1@group-523986131536-cacheEviction-AwaitToRun,5,main] started
2025-04-24 14:05:14,103 [omNode-1-impl-thread1] INFO  segmented.SegmentedRaftLogWorker (SegmentedRaftLogWorker.java:<init>(188)) - new omNode-1@group-523986131536-SegmentedRaftLogWorker for RaftStorageImpl:Storage Directory /home/runner/work/ozone/ozone/hadoop-ozone/integration-test/target/test-dir/MiniOzoneClusterImpl-9c5b6909-9e9c-47e3-ad7a-324826695869/omNode-1/ratis/c9bc4cf4-3bc3-3c60-a66b-523986131536
2025-04-24 14:05:14,103 [omNode-1-impl-thread1] INFO  server.RaftServerConfigKeys (ConfUtils.java:logGet(46)) - raft.server.log.queue.byte-limit = 64MB (=67108864) (default)
2025-04-24 14:05:14,103 [omNode-1-impl-thread1] INFO  server.RaftServerConfigKeys (ConfUtils.java:logGet(46)) - raft.server.log.queue.element-limit = 4096 (default)
2025-04-24 14:05:14,103 [omNode-1-impl-thread1] INFO  server.RaftServerConfigKeys (ConfUtils.java:logGet(46)) - raft.server.log.segment.size.max = 4194304 (custom)
2025-04-24 14:05:14,103 [omNode-1-impl-thread1] INFO  server.RaftServerConfigKeys (ConfUtils.java:logGet(46)) - raft.server.log.preallocated.size = 4194304 (custom)
2025-04-24 14:05:14,103 [omNode-1-impl-thread1] INFO  server.RaftServerConfigKeys (ConfUtils.java:logGet(46)) - raft.server.log.force.sync.num = 128 (default)
2025-04-24 14:05:14,103 [omNode-1-impl-thread1] INFO  server.RaftServerConfigKeys (ConfUtils.java:logGet(46)) - raft.server.log.statemachine.data.sync = true (default)
2025-04-24 14:05:14,103 [omNode-1-impl-thread1] INFO  server.RaftServerConfigKeys (ConfUtils.java:logGet(46)) - raft.server.log.statemachine.data.sync.timeout = 10s (default)
2025-04-24 14:05:14,103 [omNode-1-impl-thread1] INFO  server.RaftServerConfigKeys (ConfUtils.java:logGet(46)) - raft.server.log.statemachine.data.sync.timeout.retry = -1 (default)
2025-04-24 14:05:14,104 [omNode-1-impl-thread1] INFO  server.RaftServerConfigKeys (ConfUtils.java:logGet(46)) - raft.server.log.write.buffer.size = 4194312 (custom)
2025-04-24 14:05:14,104 [omNode-1-impl-thread1] INFO  server.RaftServerConfigKeys (ConfUtils.java:logGet(46)) - raft.server.log.appender.buffer.byte-limit = 4194304 (custom)
2025-04-24 14:05:14,104 [omNode-1-impl-thread1] INFO  server.RaftServerConfigKeys (ConfUtils.java:logGet(46)) - raft.server.log.unsafe-flush.enabled = false (default)
2025-04-24 14:05:14,104 [omNode-1-impl-thread1] INFO  server.RaftServerConfigKeys (ConfUtils.java:logGet(46)) - raft.server.log.async-flush.enabled = false (default)
2025-04-24 14:05:14,104 [omNode-1-impl-thread1] INFO  server.RaftServerConfigKeys (ConfUtils.java:logGet(46)) - raft.server.log.statemachine.data.caching.enabled = false (default)
2025-04-24 14:05:14,105 [omNode-1-impl-thread1] INFO  server.RaftServer$Division (ServerState.java:setRaftConf(386)) - omNode-1@group-523986131536: set configuration conf: {index: 0, cur=peers:[omNode-3|localhost:15059, omNode-1|localhost:15051, omNode-2|localhost:15055]|listeners:[], old=null}
2025-04-24 14:05:14,108 [omNode-1-impl-thread1] INFO  segmented.LogSegment (LogSegment.java:loadSegment(171)) - Successfully read 585 entries from segment file /home/runner/work/ozone/ozone/hadoop-ozone/integration-test/target/test-dir/MiniOzoneClusterImpl-9c5b6909-9e9c-47e3-ad7a-324826695869/omNode-1/ratis/c9bc4cf4-3bc3-3c60-a66b-523986131536/current/log_inprogress_0
2025-04-24 14:05:14,108 [omNode-1-impl-thread1] INFO  segmented.SegmentedRaftLogWorker (SegmentedRaftLogWorker.java:lambda$new$0(139)) - omNode-1@group-523986131536-SegmentedRaftLogWorker: flushIndex: setUnconditionally 0 -> 584
2025-04-24 14:05:14,108 [omNode-1-impl-thread1] INFO  segmented.SegmentedRaftLogWorker (SegmentedRaftLogWorker.java:lambda$new$0(139)) - omNode-1@group-523986131536-SegmentedRaftLogWorker: safeCacheEvictIndex: setUnconditionally 0 -> -1
2025-04-24 14:05:14,108 [omNode-1-impl-thread1] INFO  segmented.BufferedWriteChannel (BufferedWriteChannel.java:open(61)) - open log_inprogress_0 (append) at position 179585
2025-04-24 14:05:14,108 [omNode-1-impl-thread1] INFO  server.RaftServer$Division (RaftServerImpl.java:start(391)) - omNode-1@group-523986131536: start as a follower, conf=conf: {index: 0, cur=peers:[omNode-3|localhost:15059, omNode-1|localhost:15051, omNode-2|localhost:15055]|listeners:[], old=null}
2025-04-24 14:05:14,108 [omNode-1-impl-thread1] INFO  server.RaftServer$Division (RaftServerImpl.java:setRole(378)) - omNode-1@group-523986131536: changes role from      null to FOLLOWER at term 1 for startAsFollower
2025-04-24 14:05:14,108 [omNode-1-impl-thread1] INFO  impl.RoleInfo (RoleInfo.java:updateAndGet(148)) - omNode-1: start omNode-1@group-523986131536-FollowerState
2025-04-24 14:05:14,109 [omNode-1@group-523986131536-FollowerState] INFO  server.RaftServerConfigKeys (ConfUtils.java:logFallback(53)) - raft.server.rpc.first-election.timeout.min = 1s (fallback to raft.server.rpc.timeout.min)
2025-04-24 14:05:14,109 [omNode-1@group-523986131536-FollowerState] INFO  server.RaftServerConfigKeys (ConfUtils.java:logFallback(53)) - raft.server.rpc.first-election.timeout.max = 1200ms (fallback to raft.server.rpc.timeout.max)
2025-04-24 14:05:14,109 [omNode-1-impl-thread1] INFO  util.JmxRegister (JmxRegister.java:tryRegister(44)) - Successfully registered JMX Bean with object name Ratis:service=RaftServer,group=group-523986131536,id=omNode-1
2025-04-24 14:05:14,109 [omNode-1-impl-thread1] INFO  util.JmxRegister (JmxRegister.java:register(58)) - register mxBean class org.apache.ratis.server.impl.RaftServerJmxAdapter as Ratis:service=RaftServer,group=group-523986131536,id=omNode-1
2025-04-24 14:05:14,109 [omNode-1-impl-thread1] INFO  server.RaftServerConfigKeys (ConfUtils.java:logGet(46)) - raft.server.snapshot.trigger-when-stop.enabled = true (default)
2025-04-24 14:05:14,109 [omNode-1-impl-thread1] INFO  server.RaftServerConfigKeys (ConfUtils.java:logGet(46)) - raft.server.snapshot.trigger-when-remove.enabled = true (default)
2025-04-24 14:05:14,109 [omNode-1-impl-thread1] INFO  server.RaftServerConfigKeys (ConfUtils.java:logGet(46)) - raft.server.snapshot.auto.trigger.enabled = true (custom)
2025-04-24 14:05:14,109 [omNode-1-impl-thread1] INFO  server.RaftServerConfigKeys (ConfUtils.java:logGet(46)) - raft.server.snapshot.auto.trigger.threshold = 50 (custom)
2025-04-24 14:05:14,109 [omNode-1-impl-thread1] INFO  server.RaftServerConfigKeys (ConfUtils.java:logGet(46)) - raft.server.snapshot.retention.file.num = -1 (default)
2025-04-24 14:05:14,109 [omNode-1-impl-thread1] INFO  server.RaftServerConfigKeys (ConfUtils.java:logGet(46)) - raft.server.log.purge.upto.snapshot.index = true (custom)
2025-04-24 14:05:14,110 [omNode-1-impl-thread1] INFO  server.RaftServer$Division (RaftServerImpl.java:start(405)) - omNode-1@group-523986131536: Successfully started.
2025-04-24 14:05:14,110 [main] INFO  server.RaftServer (RaftServerProxy.java:startImpl(407)) - omNode-1: start RPC server
2025-04-24 14:05:14,110 [main] INFO  server.GrpcService (GrpcService.java:startImpl(334)) - omNode-1: GrpcService started, listening on 15051
2025-04-24 14:05:14,111 [main] INFO  om.OzoneManager (OzoneManager.java:getRpcServer(1360)) - Creating RPC Server
2025-04-24 14:05:14,111 [JvmPauseMonitor51] INFO  util.JvmPauseMonitor (JvmPauseMonitor.java:run(146)) - JvmPauseMonitor-omNode-1: Started
2025-04-24 14:05:14,444 [main] INFO  reflections.Reflections (Reflections.java:scan(219)) - Reflections took 332 ms to scan 22 urls, producing 61 keys and 7423 values
2025-04-24 14:05:14,445 [main] INFO  ipc.CallQueueManager (CallQueueManager.java:<init>(93)) - Using callQueue: class java.util.concurrent.LinkedBlockingQueue, queueCapacity: 2000, scheduler: class org.apache.hadoop.ipc.DefaultRpcScheduler, ipcBackoff: false, ipcFailOver: false.
2025-04-24 14:05:14,446 [main] INFO  ipc.Server (Server.java:<init>(1438)) - Listener at localhost:15048
2025-04-24 14:05:14,446 [Socket Reader #1 for port 15048] INFO  ipc.Server (Server.java:run(1474)) - Starting Socket Reader #1 for port 15048
2025-04-24 14:05:14,446 [Socket Reader #2 for port 15048] INFO  ipc.Server (Server.java:run(1474)) - Starting Socket Reader #2 for port 15048
2025-04-24 14:05:14,446 [Socket Reader #3 for port 15048] INFO  ipc.Server (Server.java:run(1474)) - Starting Socket Reader #3 for port 15048
2025-04-24 14:05:14,447 [Socket Reader #4 for port 15048] INFO  ipc.Server (Server.java:run(1474)) - Starting Socket Reader #4 for port 15048
2025-04-24 14:05:14,447 [Socket Reader #5 for port 15048] INFO  ipc.Server (Server.java:run(1474)) - Starting Socket Reader #5 for port 15048
2025-04-24 14:05:14,447 [Socket Reader #6 for port 15048] INFO  ipc.Server (Server.java:run(1474)) - Starting Socket Reader #6 for port 15048
2025-04-24 14:05:14,447 [Socket Reader #7 for port 15048] INFO  ipc.Server (Server.java:run(1474)) - Starting Socket Reader #7 for port 15048
2025-04-24 14:05:14,447 [Socket Reader #8 for port 15048] INFO  ipc.Server (Server.java:run(1474)) - Starting Socket Reader #8 for port 15048
2025-04-24 14:05:14,447 [Socket Reader #9 for port 15048] INFO  ipc.Server (Server.java:run(1474)) - Starting Socket Reader #9 for port 15048
2025-04-24 14:05:14,447 [Socket Reader #10 for port 15048] INFO  ipc.Server (Server.java:run(1474)) - Starting Socket Reader #10 for port 15048
2025-04-24 14:05:14,449 [main] INFO  http.BaseHttpServer (BaseHttpServer.java:newHttpServer2BuilderForOzone(229)) - Starting Web-server for ozoneManager at: http://0.0.0.0:15049
2025-04-24 14:05:14,449 [main] INFO  http.BaseHttpServer (BaseHttpServer.java:<init>(107)) - Hadoop Security Enabled: false Ozone Security Enabled: false Ozone HTTP Security Enabled: false 
2025-04-24 14:05:14,450 [main] WARN  server.AuthenticationFilter (AuthenticationFilter.java:constructSecretProvider(240)) - Unable to initialize FileSignerSecretProvider, falling back to use random secrets. Reason: Could not read signature secret file: /home/runner/hadoop-http-auth-signature-secret
2025-04-24 14:05:14,452 [main] INFO  http.HttpServer2 (HttpServer2.java:addGlobalFilter(1041)) - Added global filter 'safety' (class=org.apache.hadoop.hdds.server.http.HttpServer2$QuotingInputFilter)
2025-04-24 14:05:14,452 [main] INFO  http.HttpServer2 (HttpServer2.java:addFilter(1017)) - Added filter static_user_filter (class=org.apache.hadoop.http.lib.StaticUserWebFilter$StaticUserFilter) to context ozoneManager
2025-04-24 14:05:14,452 [main] INFO  http.HttpServer2 (HttpServer2.java:addFilter(1025)) - Added filter static_user_filter (class=org.apache.hadoop.http.lib.StaticUserWebFilter$StaticUserFilter) to context logs
2025-04-24 14:05:14,452 [main] INFO  http.HttpServer2 (HttpServer2.java:addFilter(1025)) - Added filter static_user_filter (class=org.apache.hadoop.http.lib.StaticUserWebFilter$StaticUserFilter) to context static
2025-04-24 14:05:14,453 [main] INFO  http.BaseHttpServer (BaseHttpServer.java:<init>(195)) - HTTP server of ozoneManager uses base directory /home/runner/work/ozone/ozone/hadoop-ozone/integration-test/target/test-dir/MiniOzoneClusterImpl-9c5b6909-9e9c-47e3-ad7a-324826695869/omNode-1/webserver
2025-04-24 14:05:14,453 [main] INFO  http.HttpServer2 (HttpServer2.java:bindListener(1241)) - Jetty bound to port 15049
2025-04-24 14:05:14,453 [main] INFO  server.Server (Server.java:doStart(375)) - jetty-9.4.57.v20241219; built: 2025-01-08T21:24:30.412Z; git: df524e6b29271c2e09ba9aea83c18dc9db464a31; jvm 21.0.7+6-LTS
2025-04-24 14:05:14,454 [main] INFO  server.session (DefaultSessionIdManager.java:doStart(334)) - DefaultSessionIdManager workerName=node0
2025-04-24 14:05:14,455 [main] INFO  server.session (DefaultSessionIdManager.java:doStart(339)) - No SessionScavenger set, using defaults
2025-04-24 14:05:14,455 [main] INFO  server.session (HouseKeeper.java:startScavenging(132)) - node0 Scavenging every 600000ms
2025-04-24 14:05:14,455 [main] INFO  handler.ContextHandler (ContextHandler.java:doStart(921)) - Started o.e.j.s.ServletContextHandler@2760ae18{logs,/logs,file:///home/runner/work/ozone/ozone/hadoop-ozone/integration-test/target/log,AVAILABLE}
2025-04-24 14:05:14,456 [main] INFO  handler.ContextHandler (ContextHandler.java:doStart(921)) - Started o.e.j.s.ServletContextHandler@702761ca{static,/static,file:///home/runner/work/ozone/ozone/hadoop-ozone/integration-test/target/test-classes/webapps/static,AVAILABLE}
2025-04-24 14:05:14,460 [main] INFO  handler.ContextHandler (ContextHandler.java:doStart(921)) - Started o.e.j.w.WebAppContext@268c650d{ozoneManager,/,file:///home/runner/work/ozone/ozone/hadoop-ozone/integration-test/target/test-classes/webapps/ozoneManager/,AVAILABLE}{file:/home/runner/work/ozone/ozone/hadoop-ozone/integration-test/target/test-classes/webapps/ozoneManager}
2025-04-24 14:05:14,461 [main] INFO  server.AbstractConnector (AbstractConnector.java:doStart(333)) - Started ServerConnector@120db0d1{HTTP/1.1, (http/1.1)}{0.0.0.0:15049}
2025-04-24 14:05:14,461 [main] INFO  server.Server (Server.java:doStart(415)) - Started @195793ms
2025-04-24 14:05:14,461 [main] WARN  impl.MetricsSystemImpl (MetricsSystemImpl.java:register(279)) - Sink prometheus already exists!
2025-04-24 14:05:14,461 [main] INFO  http.BaseHttpServer (BaseHttpServer.java:updateConnectorAddress(360)) - HTTP server of ozoneManager listening at http://0.0.0.0:15049
2025-04-24 14:05:14,462 [IPC Server Responder] INFO  ipc.Server (Server.java:run(1713)) - IPC Server Responder: starting
2025-04-24 14:05:14,462 [IPC Server listener on 15048] INFO  ipc.Server (Server.java:run(1553)) - IPC Server listener on 15048: starting
2025-04-24 14:05:14,464 [main] INFO  om.OzoneManager (OzoneManager.java:startTrashEmptier(2257)) - Trash Interval set to 0. Files deleted won't move to trash
2025-04-24 14:05:14,465 [main] INFO  om.OzoneManager (OzoneManager.java:restart(1878)) - OzoneManager RPC server is listening at localhost/127.0.0.1:15052
2025-04-24 14:05:14,465 [main] INFO  impl.MetricsSystemImpl (MetricsSystemImpl.java:init(158)) - OzoneManager metrics system started (again)
2025-04-24 14:05:14,476 [main] WARN  server.ServerUtils (ServerUtils.java:getDBPath(297)) - ozone.om.db.dirs is not configured. We recommend adding this setting. Falling back to ozone.metadata.dirs instead.
2025-04-24 14:05:14,515 [main] INFO  om.OzoneManager (OzoneManager.java:instantiateServices(933)) - S3 Multi-Tenancy is disabled
2025-04-24 14:05:14,515 [main] INFO  om.OmSnapshotManager (OmSnapshotManager.java:<init>(180)) - Ozone filesystem snapshot feature is enabled.
2025-04-24 14:05:14,516 [main] WARN  server.ServerUtils (ServerUtils.java:getDBPath(297)) - ozone.om.snapshot.diff.db.dir is not configured. We recommend adding this setting. Falling back to ozone.metadata.dirs instead.
2025-04-24 14:05:14,528 [main] WARN  dropwizard3.Dm3MetricRegistriesImpl (Dm3MetricRegistriesImpl.java:addReporterRegistration(114)) - New reporters are added after registries were created. Some metrics will be missing from the reporter. Please add reporter before adding any new registry.
2025-04-24 14:05:14,528 [main] WARN  dropwizard3.Dm3MetricRegistriesImpl (Dm3MetricRegistriesImpl.java:addReporterRegistration(114)) - New reporters are added after registries were created. Some metrics will be missing from the reporter. Please add reporter before adding any new registry.
2025-04-24 14:05:14,528 [main] WARN  server.ServerUtils (ServerUtils.java:getDefaultRatisDirectory(309)) - Storage directory for Ratis is not configured. It is a good idea to map this to an SSD disk. Falling back to ozone.metadata.dirs
2025-04-24 14:05:14,529 [main] INFO  server.RaftServerConfigKeys (ConfUtils.java:logGet(46)) - raft.server.log.appender.buffer.byte-limit = 4194304 (custom)
2025-04-24 14:05:14,529 [main] INFO  ratis.OzoneManagerRatisServer (OzoneManagerRatisServer.java:<init>(167)) - Instantiating OM Ratis server with groupID: om-service-test1 and peers: localhost:15055, localhost:15059, localhost:15051
2025-04-24 14:05:14,530 [main] INFO  ratis.OzoneManagerStateMachine (OzoneManagerStateMachine.java:loadSnapshotInfoFromDB(611)) - LastAppliedIndex is set from TransactionInfo from OM DB as (t:1, i:584)
2025-04-24 14:05:14,530 [main] INFO  server.RaftServer (ConfUtils.java:logGet(46)) - raft.rpc.type = GRPC (default)
2025-04-24 14:05:14,530 [main] INFO  grpc.GrpcConfigKeys (ConfUtils.java:logFallback(53)) - raft.grpc.admin.host = null (fallback to raft.grpc.server.host)
2025-04-24 14:05:14,530 [main] INFO  grpc.GrpcConfigKeys (ConfUtils.java:logFallback(53)) - raft.grpc.admin.port = 15055 (fallback to raft.grpc.server.port)
2025-04-24 14:05:14,530 [main] INFO  grpc.GrpcConfigKeys (ConfUtils.java:logFallback(53)) - raft.grpc.client.host = null (fallback to raft.grpc.server.host)
2025-04-24 14:05:14,530 [main] INFO  grpc.GrpcConfigKeys (ConfUtils.java:logFallback(53)) - raft.grpc.client.port = 15055 (fallback to raft.grpc.server.port)
2025-04-24 14:05:14,531 [main] INFO  grpc.GrpcConfigKeys (ConfUtils.java:logGet(46)) - raft.grpc.server.host = null (default)
2025-04-24 14:05:14,531 [main] INFO  grpc.GrpcConfigKeys (ConfUtils.java:logGet(46)) - raft.grpc.server.port = 15055 (custom)
2025-04-24 14:05:14,531 [main] INFO  server.GrpcService (ConfUtils.java:logGet(46)) - raft.grpc.message.size.max = 5242880 (custom)
2025-04-24 14:05:14,531 [main] INFO  server.GrpcService (ConfUtils.java:logGet(46)) - raft.grpc.flow.control.window = 1MB (=1048576) (default)
2025-04-24 14:05:14,531 [main] INFO  server.RaftServerConfigKeys (ConfUtils.java:logGet(46)) - raft.server.rpc.request.timeout = 3000ms (default)
2025-04-24 14:05:14,531 [main] INFO  grpc.GrpcConfigKeys (ConfUtils.java:logGet(46)) - raft.grpc.server.heartbeat.channel = true (default)
2025-04-24 14:05:14,531 [main] INFO  server.RaftServerConfigKeys (ConfUtils.java:logGet(46)) - raft.server.log.appender.buffer.byte-limit = 4194304 (custom)
2025-04-24 14:05:14,531 [main] INFO  grpc.GrpcConfigKeys (ConfUtils.java:logGet(46)) - raft.grpc.server.async.request.thread.pool.cached = true (default)
2025-04-24 14:05:14,531 [main] INFO  grpc.GrpcConfigKeys (ConfUtils.java:logGet(46)) - raft.grpc.server.async.request.thread.pool.size = 32 (default)
2025-04-24 14:05:14,532 [main] INFO  impl.DataStreamServerImpl (ConfUtils.java:logGet(46)) - raft.datastream.type = DISABLED (default)
2025-04-24 14:05:14,532 [main] INFO  server.RaftServerConfigKeys (ConfUtils.java:logGet(46)) - raft.server.sleep.deviation.threshold = 300ms (default)
2025-04-24 14:05:14,532 [main] INFO  server.RaftServerConfigKeys (ConfUtils.java:logGet(46)) - raft.server.close.threshold = 60s (default)
2025-04-24 14:05:14,532 [main] INFO  server.RaftServerConfigKeys (ConfUtils.java:logGet(46)) - raft.server.leaderelection.leader.step-down.wait-time = 10s (default)
2025-04-24 14:05:14,533 [main] INFO  server.RaftServerConfigKeys (ConfUtils.java:logGet(46)) - raft.server.storage.dir = [/home/runner/work/ozone/ozone/hadoop-ozone/integration-test/target/test-dir/MiniOzoneClusterImpl-9c5b6909-9e9c-47e3-ad7a-324826695869/omNode-2/ratis] (custom)
2025-04-24 14:05:14,533 [main] INFO  server.RaftServerConfigKeys (ConfUtils.java:logGet(46)) - raft.server.threadpool.proxy.cached = true (default)
2025-04-24 14:05:14,533 [main] INFO  server.RaftServerConfigKeys (ConfUtils.java:logGet(46)) - raft.server.threadpool.proxy.size = 0 (default)
2025-04-24 14:05:14,533 [omNode-2-impl-thread1] INFO  server.RaftServer (RaftServerProxy.java:initGroupDir(265)) - omNode-2: found a subdirectory /home/runner/work/ozone/ozone/hadoop-ozone/integration-test/target/test-dir/MiniOzoneClusterImpl-9c5b6909-9e9c-47e3-ad7a-324826695869/omNode-2/ratis/c9bc4cf4-3bc3-3c60-a66b-523986131536
2025-04-24 14:05:14,533 [main] INFO  server.RaftServer (RaftServerProxy.java:addNew(100)) - omNode-2: addNew group-523986131536:[omNode-3|localhost:15059, omNode-1|localhost:15051, omNode-2|localhost:15055] returns group-523986131536:java.util.concurrent.CompletableFuture@1d98882e[Not completed]
2025-04-24 14:05:14,533 [omNode-2-groupManagement] INFO  server.RaftServer$Division (RaftServerImpl.java:<init>(255)) - omNode-2: new RaftServerImpl for group-523986131536:[omNode-3|localhost:15059, omNode-1|localhost:15051, omNode-2|localhost:15055] with OzoneManagerStateMachine:uninitialized
2025-04-24 14:05:14,533 [main] INFO  om.OzoneManager (OzoneManager.java:initializeRatisServer(2303)) - OzoneManager Ratis server initialized at port 15055
2025-04-24 14:05:14,534 [main] INFO  ratis.OzoneManagerRatisServer (OzoneManagerRatisServer.java:start(628)) - Starting OzoneManagerRatisServer omNode-2 at port 15055
2025-04-24 14:05:14,534 [omNode-2-groupManagement] INFO  server.RaftServerConfigKeys (ConfUtils.java:logGet(46)) - raft.server.rpc.timeout.min = 1s (custom)
2025-04-24 14:05:14,534 [omNode-2-groupManagement] INFO  server.RaftServerConfigKeys (ConfUtils.java:logGet(46)) - raft.server.rpc.timeout.max = 1200ms (custom)
2025-04-24 14:05:14,534 [omNode-2-groupManagement] INFO  server.RaftServerConfigKeys (ConfUtils.java:logGet(46)) - raft.server.rpc.sleep.time = 25ms (default)
2025-04-24 14:05:14,534 [omNode-2-groupManagement] INFO  server.RaftServerConfigKeys (ConfUtils.java:logGet(46)) - raft.server.rpc.slowness.timeout = 2s (custom)
2025-04-24 14:05:14,534 [omNode-2-groupManagement] INFO  server.RaftServerConfigKeys (ConfUtils.java:logGet(46)) - raft.server.leaderelection.leader.step-down.wait-time = 10s (default)
2025-04-24 14:05:14,534 [omNode-2-groupManagement] INFO  server.RaftServerConfigKeys (ConfUtils.java:logGet(46)) - raft.server.leaderelection.member.majority-add = false (default)
2025-04-24 14:05:14,534 [omNode-2-groupManagement] INFO  server.RaftServerConfigKeys (ConfUtils.java:logGet(46)) - raft.server.sleep.deviation.threshold = 300ms (default)
2025-04-24 14:05:14,534 [omNode-2-groupManagement] INFO  server.RaftServer$Division (ServerState.java:<init>(114)) - omNode-2@group-523986131536: ConfigurationManager, init=conf: {index: -1, cur=peers:[omNode-3|localhost:15059, omNode-1|localhost:15051, omNode-2|localhost:15055]|listeners:[], old=null}, confs=<EMPTY_MAP>
2025-04-24 14:05:14,534 [omNode-2-groupManagement] INFO  server.RaftServerConfigKeys (ConfUtils.java:logGet(46)) - raft.server.notification.no-leader.timeout = 2s (custom)
2025-04-24 14:05:14,534 [omNode-2-groupManagement] INFO  server.RaftServerConfigKeys (ConfUtils.java:logGet(46)) - raft.server.read.timeout = 10s (default)
2025-04-24 14:05:14,534 [omNode-2-groupManagement] INFO  server.RaftServerConfigKeys (ConfUtils.java:logGet(46)) - raft.server.retrycache.expirytime = 30000ms (custom)
2025-04-24 14:05:14,534 [omNode-2-groupManagement] INFO  server.RaftServerConfigKeys (ConfUtils.java:logGet(46)) - raft.server.retrycache.statistics.expirytime = 100ms (default)
2025-04-24 14:05:14,534 [omNode-2-groupManagement] INFO  server.RaftServerConfigKeys (ConfUtils.java:logGet(46)) - raft.server.read.option = DEFAULT (default)
2025-04-24 14:05:14,534 [omNode-2-groupManagement] INFO  server.RaftServerConfigKeys (ConfUtils.java:logGet(46)) - raft.server.read.read-after-write-consistent.write-index-cache.expiry-time = 60s (default)
2025-04-24 14:05:14,536 [omNode-2-groupManagement] INFO  server.RaftServerConfigKeys (ConfUtils.java:logGet(46)) - raft.server.rpc.request.timeout = 3000ms (default)
2025-04-24 14:05:14,536 [omNode-2-groupManagement] INFO  server.RaftServerConfigKeys (ConfUtils.java:logGet(46)) - raft.server.log.appender.install.snapshot.enabled = false (custom)
2025-04-24 14:05:14,536 [omNode-2-groupManagement] INFO  server.RaftServerConfigKeys (ConfUtils.java:logGet(46)) - raft.server.threadpool.server.cached = true (default)
2025-04-24 14:05:14,536 [omNode-2-groupManagement] INFO  server.RaftServerConfigKeys (ConfUtils.java:logGet(46)) - raft.server.threadpool.server.size = 0 (default)
2025-04-24 14:05:14,536 [omNode-2-groupManagement] INFO  server.RaftServerConfigKeys (ConfUtils.java:logGet(46)) - raft.server.threadpool.client.cached = true (default)
2025-04-24 14:05:14,536 [omNode-2-groupManagement] INFO  server.RaftServerConfigKeys (ConfUtils.java:logGet(46)) - raft.server.threadpool.client.size = 0 (default)
2025-04-24 14:05:14,536 [omNode-2-impl-thread1] INFO  server.RaftServerConfigKeys (ConfUtils.java:logGet(46)) - raft.server.storage.free-space.min = 0MB (=0) (default)
2025-04-24 14:05:14,536 [omNode-2-impl-thread1] INFO  server.RaftServerConfigKeys (ConfUtils.java:logGet(46)) - raft.server.log.corruption.policy = EXCEPTION (default)
2025-04-24 14:05:14,536 [omNode-2-impl-thread1] INFO  server.RaftServerConfigKeys (ConfUtils.java:logGet(46)) - raft.server.storage.dir = [/home/runner/work/ozone/ozone/hadoop-ozone/integration-test/target/test-dir/MiniOzoneClusterImpl-9c5b6909-9e9c-47e3-ad7a-324826695869/omNode-2/ratis] (custom)
2025-04-24 14:05:14,537 [omNode-2-impl-thread1] INFO  storage.RaftStorageDirectory (RaftStorageDirectoryImpl.java:tryLock(229)) - Lock on /home/runner/work/ozone/ozone/hadoop-ozone/integration-test/target/test-dir/MiniOzoneClusterImpl-9c5b6909-9e9c-47e3-ad7a-324826695869/omNode-2/ratis/c9bc4cf4-3bc3-3c60-a66b-523986131536/in_use.lock acquired by nodename 129728@fv-az2210-761
2025-04-24 14:05:14,537 [omNode-2-impl-thread1] INFO  storage.RaftStorage (RaftStorageImpl.java:analyzeAndRecoverStorage(118)) - Read RaftStorageMetadata{term=1, votedFor=omNode-1} from /home/runner/work/ozone/ozone/hadoop-ozone/integration-test/target/test-dir/MiniOzoneClusterImpl-9c5b6909-9e9c-47e3-ad7a-324826695869/omNode-2/ratis/c9bc4cf4-3bc3-3c60-a66b-523986131536/current/raft-meta
2025-04-24 14:05:14,538 [omNode-2-impl-thread1] INFO  server.RaftServer$Division (ServerState.java:setRaftConf(386)) - omNode-2@group-523986131536: set configuration conf: {index: 0, cur=peers:[omNode-3|localhost:15059, omNode-1|localhost:15051, omNode-2|localhost:15055]|listeners:[], old=null}
2025-04-24 14:05:14,538 [omNode-2-impl-thread1] INFO  ratis.OzoneManagerStateMachine (OzoneManagerStateMachine.java:lambda$0(138)) - omNode-2: initialize group-523986131536 with (t:1, i:584)
2025-04-24 14:05:14,538 [omNode-2-impl-thread1] INFO  server.RaftServerConfigKeys (ConfUtils.java:logGet(46)) - raft.server.log.use.memory = false (default)
2025-04-24 14:05:14,538 [omNode-2-impl-thread1] INFO  server.RaftServerConfigKeys (ConfUtils.java:logGet(46)) - raft.server.log.purge.gap = 50 (custom)
2025-04-24 14:05:14,538 [omNode-2-impl-thread1] INFO  server.RaftServerConfigKeys (ConfUtils.java:logGet(46)) - raft.server.log.appender.buffer.byte-limit = 4194304 (custom)
2025-04-24 14:05:14,538 [omNode-2-impl-thread1] INFO  server.RaftServerConfigKeys (ConfUtils.java:logGet(46)) - raft.server.log.statemachine.data.read.timeout = 1000ms (default)
2025-04-24 14:05:14,538 [omNode-2-impl-thread1] INFO  server.RaftServerConfigKeys (ConfUtils.java:logGet(46)) - raft.server.log.purge.preservation.log.num = 0 (default)
2025-04-24 14:05:14,539 [omNode-2-impl-thread1] INFO  server.RaftServerConfigKeys (ConfUtils.java:logGet(46)) - raft.server.log.segment.size.max = 4194304 (custom)
2025-04-24 14:05:14,539 [omNode-2-impl-thread1] INFO  server.RaftServerConfigKeys (ConfUtils.java:logGet(46)) - raft.server.log.segment.cache.num.max = 2 (custom)
2025-04-24 14:05:14,539 [omNode-2-impl-thread1] INFO  server.RaftServerConfigKeys (ConfUtils.java:logGet(46)) - raft.server.log.segment.cache.size.max = 200MB (=209715200) (default)
2025-04-24 14:05:14,539 [omNode-2-impl-thread1] INFO  server.RaftServerConfigKeys (ConfUtils.java:logGet(46)) - raft.server.log.appender.buffer.byte-limit = 4194304 (custom)
2025-04-24 14:05:14,539 [omNode-2-impl-thread1] INFO  util.AwaitToRun (AwaitToRun.java:start(81)) - Thread[#11306,omNode-2@group-523986131536-cacheEviction-AwaitToRun,5,main] started
2025-04-24 14:05:14,539 [omNode-2-impl-thread1] INFO  segmented.SegmentedRaftLogWorker (SegmentedRaftLogWorker.java:<init>(188)) - new omNode-2@group-523986131536-SegmentedRaftLogWorker for RaftStorageImpl:Storage Directory /home/runner/work/ozone/ozone/hadoop-ozone/integration-test/target/test-dir/MiniOzoneClusterImpl-9c5b6909-9e9c-47e3-ad7a-324826695869/omNode-2/ratis/c9bc4cf4-3bc3-3c60-a66b-523986131536
2025-04-24 14:05:14,539 [omNode-2-impl-thread1] INFO  server.RaftServerConfigKeys (ConfUtils.java:logGet(46)) - raft.server.log.queue.byte-limit = 64MB (=67108864) (default)
2025-04-24 14:05:14,539 [omNode-2-impl-thread1] INFO  server.RaftServerConfigKeys (ConfUtils.java:logGet(46)) - raft.server.log.queue.element-limit = 4096 (default)
2025-04-24 14:05:14,539 [omNode-2-impl-thread1] INFO  server.RaftServerConfigKeys (ConfUtils.java:logGet(46)) - raft.server.log.segment.size.max = 4194304 (custom)
2025-04-24 14:05:14,539 [omNode-2-impl-thread1] INFO  server.RaftServerConfigKeys (ConfUtils.java:logGet(46)) - raft.server.log.preallocated.size = 4194304 (custom)
2025-04-24 14:05:14,539 [omNode-2-impl-thread1] INFO  server.RaftServerConfigKeys (ConfUtils.java:logGet(46)) - raft.server.log.force.sync.num = 128 (default)
2025-04-24 14:05:14,539 [omNode-2-impl-thread1] INFO  server.RaftServerConfigKeys (ConfUtils.java:logGet(46)) - raft.server.log.statemachine.data.sync = true (default)
2025-04-24 14:05:14,539 [omNode-2-impl-thread1] INFO  server.RaftServerConfigKeys (ConfUtils.java:logGet(46)) - raft.server.log.statemachine.data.sync.timeout = 10s (default)
2025-04-24 14:05:14,540 [omNode-2-impl-thread1] INFO  server.RaftServerConfigKeys (ConfUtils.java:logGet(46)) - raft.server.log.statemachine.data.sync.timeout.retry = -1 (default)
2025-04-24 14:05:14,540 [omNode-2-impl-thread1] INFO  server.RaftServerConfigKeys (ConfUtils.java:logGet(46)) - raft.server.log.write.buffer.size = 4194312 (custom)
2025-04-24 14:05:14,541 [omNode-2-impl-thread1] INFO  server.RaftServerConfigKeys (ConfUtils.java:logGet(46)) - raft.server.log.appender.buffer.byte-limit = 4194304 (custom)
2025-04-24 14:05:14,541 [omNode-2-impl-thread1] INFO  server.RaftServerConfigKeys (ConfUtils.java:logGet(46)) - raft.server.log.unsafe-flush.enabled = false (default)
2025-04-24 14:05:14,541 [omNode-2-impl-thread1] INFO  server.RaftServerConfigKeys (ConfUtils.java:logGet(46)) - raft.server.log.async-flush.enabled = false (default)
2025-04-24 14:05:14,541 [omNode-2-impl-thread1] INFO  server.RaftServerConfigKeys (ConfUtils.java:logGet(46)) - raft.server.log.statemachine.data.caching.enabled = false (default)
2025-04-24 14:05:14,542 [omNode-2-impl-thread1] INFO  server.RaftServer$Division (ServerState.java:setRaftConf(386)) - omNode-2@group-523986131536: set configuration conf: {index: 0, cur=peers:[omNode-3|localhost:15059, omNode-1|localhost:15051, omNode-2|localhost:15055]|listeners:[], old=null}
2025-04-24 14:05:14,544 [omNode-2-impl-thread1] INFO  segmented.LogSegment (LogSegment.java:loadSegment(171)) - Successfully read 585 entries from segment file /home/runner/work/ozone/ozone/hadoop-ozone/integration-test/target/test-dir/MiniOzoneClusterImpl-9c5b6909-9e9c-47e3-ad7a-324826695869/omNode-2/ratis/c9bc4cf4-3bc3-3c60-a66b-523986131536/current/log_inprogress_0
2025-04-24 14:05:14,544 [omNode-2-impl-thread1] INFO  segmented.SegmentedRaftLogWorker (SegmentedRaftLogWorker.java:lambda$new$0(139)) - omNode-2@group-523986131536-SegmentedRaftLogWorker: flushIndex: setUnconditionally 0 -> 584
2025-04-24 14:05:14,544 [omNode-2-impl-thread1] INFO  segmented.SegmentedRaftLogWorker (SegmentedRaftLogWorker.java:lambda$new$0(139)) - omNode-2@group-523986131536-SegmentedRaftLogWorker: safeCacheEvictIndex: setUnconditionally 0 -> -1
2025-04-24 14:05:14,544 [omNode-2-impl-thread1] INFO  segmented.BufferedWriteChannel (BufferedWriteChannel.java:open(61)) - open log_inprogress_0 (append) at position 179585
2025-04-24 14:05:14,544 [omNode-2-impl-thread1] INFO  server.RaftServer$Division (RaftServerImpl.java:start(391)) - omNode-2@group-523986131536: start as a follower, conf=conf: {index: 0, cur=peers:[omNode-3|localhost:15059, omNode-1|localhost:15051, omNode-2|localhost:15055]|listeners:[], old=null}
2025-04-24 14:05:14,544 [omNode-2-impl-thread1] INFO  server.RaftServer$Division (RaftServerImpl.java:setRole(378)) - omNode-2@group-523986131536: changes role from      null to FOLLOWER at term 1 for startAsFollower
2025-04-24 14:05:14,544 [omNode-2-impl-thread1] INFO  impl.RoleInfo (RoleInfo.java:updateAndGet(148)) - omNode-2: start omNode-2@group-523986131536-FollowerState
2025-04-24 14:05:14,544 [omNode-2-impl-thread1] INFO  util.JmxRegister (JmxRegister.java:tryRegister(44)) - Successfully registered JMX Bean with object name Ratis:service=RaftServer,group=group-523986131536,id=omNode-2
2025-04-24 14:05:14,544 [omNode-2-impl-thread1] INFO  util.JmxRegister (JmxRegister.java:register(58)) - register mxBean class org.apache.ratis.server.impl.RaftServerJmxAdapter as Ratis:service=RaftServer,group=group-523986131536,id=omNode-2
2025-04-24 14:05:14,544 [omNode-2-impl-thread1] INFO  server.RaftServerConfigKeys (ConfUtils.java:logGet(46)) - raft.server.snapshot.trigger-when-stop.enabled = true (default)
2025-04-24 14:05:14,545 [omNode-2-impl-thread1] INFO  server.RaftServerConfigKeys (ConfUtils.java:logGet(46)) - raft.server.snapshot.trigger-when-remove.enabled = true (default)
2025-04-24 14:05:14,545 [omNode-2-impl-thread1] INFO  server.RaftServerConfigKeys (ConfUtils.java:logGet(46)) - raft.server.snapshot.auto.trigger.enabled = true (custom)
2025-04-24 14:05:14,545 [omNode-2-impl-thread1] INFO  server.RaftServerConfigKeys (ConfUtils.java:logGet(46)) - raft.server.snapshot.auto.trigger.threshold = 50 (custom)
2025-04-24 14:05:14,545 [omNode-2-impl-thread1] INFO  server.RaftServerConfigKeys (ConfUtils.java:logGet(46)) - raft.server.snapshot.retention.file.num = -1 (default)
2025-04-24 14:05:14,545 [omNode-2-impl-thread1] INFO  server.RaftServerConfigKeys (ConfUtils.java:logGet(46)) - raft.server.log.purge.upto.snapshot.index = true (custom)
2025-04-24 14:05:14,545 [omNode-2@group-523986131536-FollowerState] INFO  server.RaftServerConfigKeys (ConfUtils.java:logFallback(53)) - raft.server.rpc.first-election.timeout.min = 1s (fallback to raft.server.rpc.timeout.min)
2025-04-24 14:05:14,545 [omNode-2@group-523986131536-FollowerState] INFO  server.RaftServerConfigKeys (ConfUtils.java:logFallback(53)) - raft.server.rpc.first-election.timeout.max = 1200ms (fallback to raft.server.rpc.timeout.max)
2025-04-24 14:05:14,545 [omNode-2-impl-thread1] INFO  server.RaftServer$Division (RaftServerImpl.java:start(405)) - omNode-2@group-523986131536: Successfully started.
2025-04-24 14:05:14,545 [main] INFO  server.RaftServer (RaftServerProxy.java:startImpl(407)) - omNode-2: start RPC server
2025-04-24 14:05:14,546 [main] INFO  server.GrpcService (GrpcService.java:startImpl(334)) - omNode-2: GrpcService started, listening on 15055
2025-04-24 14:05:14,546 [main] INFO  om.OzoneManager (OzoneManager.java:getRpcServer(1360)) - Creating RPC Server
2025-04-24 14:05:14,546 [JvmPauseMonitor52] INFO  util.JvmPauseMonitor (JvmPauseMonitor.java:run(146)) - JvmPauseMonitor-omNode-2: Started
2025-04-24 14:05:14,737 [omNode-3@group-523986131536-FollowerState] INFO  impl.FollowerState (FollowerState.java:runImpl(161)) - omNode-3@group-523986131536-FollowerState: change to CANDIDATE, lastRpcElapsedTime:1086766342ns, electionTimeout:1086ms
2025-04-24 14:05:14,737 [omNode-3@group-523986131536-FollowerState] INFO  impl.RoleInfo (RoleInfo.java:shutdownFollowerState(121)) - omNode-3: shutdown omNode-3@group-523986131536-FollowerState
2025-04-24 14:05:14,737 [omNode-3@group-523986131536-FollowerState] INFO  server.RaftServer$Division (RaftServerImpl.java:setRole(378)) - omNode-3@group-523986131536: changes role from  FOLLOWER to CANDIDATE at term 1 for changeToCandidate
2025-04-24 14:05:14,737 [omNode-3@group-523986131536-FollowerState] INFO  server.RaftServerConfigKeys (ConfUtils.java:logGet(46)) - raft.server.leaderelection.pre-vote = true (default)
2025-04-24 14:05:14,737 [omNode-3@group-523986131536-FollowerState] INFO  impl.RoleInfo (RoleInfo.java:updateAndGet(148)) - omNode-3: start omNode-3@group-523986131536-LeaderElection52
2025-04-24 14:05:14,737 [omNode-3@group-523986131536-LeaderElection52] INFO  impl.LeaderElection (LeaderElection.java:askForVotes(332)) - omNode-3@group-523986131536-LeaderElection52 PRE_VOTE round 0: submit vote requests at term 1 for conf: {index: 0, cur=peers:[omNode-3|localhost:15059, omNode-1|localhost:15051, omNode-2|localhost:15055]|listeners:[], old=null}
2025-04-24 14:05:14,738 [omNode-3@group-523986131536-LeaderElection52-1] INFO  server.GrpcServerProtocolClient (GrpcServerProtocolClient.java:<init>(65)) - Build channel for omNode-1|localhost:15051
2025-04-24 14:05:14,738 [omNode-3@group-523986131536-LeaderElection52-2] INFO  server.GrpcServerProtocolClient (GrpcServerProtocolClient.java:<init>(65)) - Build channel for omNode-2|localhost:15055
2025-04-24 14:05:14,738 [omNode-3@group-523986131536-LeaderElection52] INFO  server.RaftServerConfigKeys (ConfUtils.java:logFallback(53)) - raft.server.rpc.first-election.timeout.min = 1s (fallback to raft.server.rpc.timeout.min)
2025-04-24 14:05:14,738 [omNode-3@group-523986131536-LeaderElection52] INFO  server.RaftServerConfigKeys (ConfUtils.java:logFallback(53)) - raft.server.rpc.first-election.timeout.max = 1200ms (fallback to raft.server.rpc.timeout.max)
2025-04-24 14:05:14,742 [grpc-default-executor-4] INFO  server.RaftServer$Division (RaftServerImpl.java:requestVote(1407)) - omNode-1@group-523986131536: receive requestVote(PRE_VOTE, omNode-3, group-523986131536, 1, (t:1, i:584))
2025-04-24 14:05:14,743 [grpc-default-executor-4] INFO  impl.VoteContext (VoteContext.java:log(49)) - omNode-1@group-523986131536-FOLLOWER: accept PRE_VOTE from omNode-3: our priority 0 <= candidate's priority 0
2025-04-24 14:05:14,742 [grpc-default-executor-0] INFO  server.RaftServer$Division (RaftServerImpl.java:requestVote(1407)) - omNode-2@group-523986131536: receive requestVote(PRE_VOTE, omNode-3, group-523986131536, 1, (t:1, i:584))
2025-04-24 14:05:14,744 [grpc-default-executor-0] INFO  impl.VoteContext (VoteContext.java:log(49)) - omNode-2@group-523986131536-FOLLOWER: accept PRE_VOTE from omNode-3: our priority 0 <= candidate's priority 0
2025-04-24 14:05:14,744 [grpc-default-executor-0] INFO  server.RaftServer$Division (RaftServerImpl.java:requestVote(1441)) - omNode-2@group-523986131536 replies to PRE_VOTE vote request: omNode-3<-omNode-2#0:OK-t1. Peer's state: omNode-2@group-523986131536:t1, leader=null, voted=omNode-1, raftlog=Memoized:omNode-2@group-523986131536-SegmentedRaftLog:OPENED:c584:last(t:1, i:584), conf=conf: {index: 0, cur=peers:[omNode-3|localhost:15059, omNode-1|localhost:15051, omNode-2|localhost:15055]|listeners:[], old=null}
2025-04-24 14:05:14,744 [grpc-default-executor-4] INFO  server.RaftServer$Division (RaftServerImpl.java:requestVote(1441)) - omNode-1@group-523986131536 replies to PRE_VOTE vote request: omNode-3<-omNode-1#0:OK-t1. Peer's state: omNode-1@group-523986131536:t1, leader=null, voted=omNode-1, raftlog=Memoized:omNode-1@group-523986131536-SegmentedRaftLog:OPENED:c584:last(t:1, i:584), conf=conf: {index: 0, cur=peers:[omNode-3|localhost:15059, omNode-1|localhost:15051, omNode-2|localhost:15055]|listeners:[], old=null}
2025-04-24 14:05:14,745 [omNode-3@group-523986131536-LeaderElection52] INFO  impl.LeaderElection (LeaderElection.java:logAndReturn(90)) - omNode-3@group-523986131536-LeaderElection52: PRE_VOTE PASSED received 1 response(s) and 0 exception(s):
2025-04-24 14:05:14,745 [omNode-3@group-523986131536-LeaderElection52] INFO  impl.LeaderElection (LeaderElection.java:logAndReturn(94)) -   Response 0: omNode-3<-omNode-1#0:OK-t1
2025-04-24 14:05:14,745 [omNode-3@group-523986131536-LeaderElection52] INFO  impl.LeaderElection (LeaderElection.java:askForVotes(334)) - omNode-3@group-523986131536-LeaderElection52 PRE_VOTE round 0: result PASSED
2025-04-24 14:05:14,747 [omNode-3@group-523986131536-LeaderElection52] INFO  impl.LeaderElection (LeaderElection.java:askForVotes(332)) - omNode-3@group-523986131536-LeaderElection52 ELECTION round 0: submit vote requests at term 2 for conf: {index: 0, cur=peers:[omNode-3|localhost:15059, omNode-1|localhost:15051, omNode-2|localhost:15055]|listeners:[], old=null}
2025-04-24 14:05:14,748 [omNode-3@group-523986131536-LeaderElection52] INFO  server.RaftServerConfigKeys (ConfUtils.java:logFallback(53)) - raft.server.rpc.first-election.timeout.min = 1s (fallback to raft.server.rpc.timeout.min)
2025-04-24 14:05:14,748 [omNode-3@group-523986131536-LeaderElection52] INFO  server.RaftServerConfigKeys (ConfUtils.java:logFallback(53)) - raft.server.rpc.first-election.timeout.max = 1200ms (fallback to raft.server.rpc.timeout.max)
2025-04-24 14:05:14,749 [grpc-default-executor-0] INFO  server.RaftServer$Division (RaftServerImpl.java:requestVote(1407)) - omNode-1@group-523986131536: receive requestVote(ELECTION, omNode-3, group-523986131536, 2, (t:1, i:584))
2025-04-24 14:05:14,749 [grpc-default-executor-0] INFO  impl.VoteContext (VoteContext.java:log(49)) - omNode-1@group-523986131536-FOLLOWER: accept ELECTION from omNode-3: our priority 0 <= candidate's priority 0
2025-04-24 14:05:14,749 [grpc-default-executor-0] INFO  server.RaftServer$Division (RaftServerImpl.java:setRole(378)) - omNode-1@group-523986131536: changes role from  FOLLOWER to FOLLOWER at term 1 for candidate:omNode-3
2025-04-24 14:05:14,749 [grpc-default-executor-0] INFO  impl.RoleInfo (RoleInfo.java:shutdownFollowerState(121)) - omNode-1: shutdown omNode-1@group-523986131536-FollowerState
2025-04-24 14:05:14,750 [grpc-default-executor-0] INFO  impl.RoleInfo (RoleInfo.java:updateAndGet(148)) - omNode-1: start omNode-1@group-523986131536-FollowerState
2025-04-24 14:05:14,750 [grpc-default-executor-0] INFO  server.RaftServer$Division (RaftServerImpl.java:setFirstElection(562)) - omNode-1@group-523986131536: set firstElectionSinceStartup to false for candidate:omNode-3
2025-04-24 14:05:14,750 [grpc-default-executor-4] INFO  server.RaftServer$Division (RaftServerImpl.java:requestVote(1407)) - omNode-2@group-523986131536: receive requestVote(ELECTION, omNode-3, group-523986131536, 2, (t:1, i:584))
2025-04-24 14:05:14,750 [grpc-default-executor-4] INFO  impl.VoteContext (VoteContext.java:log(49)) - omNode-2@group-523986131536-FOLLOWER: accept ELECTION from omNode-3: our priority 0 <= candidate's priority 0
2025-04-24 14:05:14,750 [grpc-default-executor-4] INFO  server.RaftServer$Division (RaftServerImpl.java:setRole(378)) - omNode-2@group-523986131536: changes role from  FOLLOWER to FOLLOWER at term 1 for candidate:omNode-3
2025-04-24 14:05:14,750 [grpc-default-executor-4] INFO  impl.RoleInfo (RoleInfo.java:shutdownFollowerState(121)) - omNode-2: shutdown omNode-2@group-523986131536-FollowerState
2025-04-24 14:05:14,750 [grpc-default-executor-4] INFO  impl.RoleInfo (RoleInfo.java:updateAndGet(148)) - omNode-2: start omNode-2@group-523986131536-FollowerState
2025-04-24 14:05:14,751 [omNode-2@group-523986131536-FollowerState] INFO  server.RaftServerConfigKeys (ConfUtils.java:logFallback(53)) - raft.server.rpc.first-election.timeout.min = 1s (fallback to raft.server.rpc.timeout.min)
2025-04-24 14:05:14,751 [omNode-2@group-523986131536-FollowerState] INFO  server.RaftServerConfigKeys (ConfUtils.java:logFallback(53)) - raft.server.rpc.first-election.timeout.max = 1200ms (fallback to raft.server.rpc.timeout.max)
2025-04-24 14:05:14,751 [grpc-default-executor-4] INFO  server.RaftServer$Division (RaftServerImpl.java:setFirstElection(562)) - omNode-2@group-523986131536: set firstElectionSinceStartup to false for candidate:omNode-3
2025-04-24 14:05:14,750 [omNode-1@group-523986131536-FollowerState] INFO  impl.FollowerState (FollowerState.java:runImpl(170)) - omNode-1@group-523986131536-FollowerState was interrupted
2025-04-24 14:05:14,751 [omNode-2@group-523986131536-FollowerState] INFO  impl.FollowerState (FollowerState.java:runImpl(170)) - omNode-2@group-523986131536-FollowerState was interrupted
2025-04-24 14:05:14,752 [grpc-default-executor-0] INFO  server.RaftServer$Division (RaftServerImpl.java:requestVote(1441)) - omNode-1@group-523986131536 replies to ELECTION vote request: omNode-3<-omNode-1#0:OK-t2. Peer's state: omNode-1@group-523986131536:t2, leader=null, voted=omNode-3, raftlog=Memoized:omNode-1@group-523986131536-SegmentedRaftLog:OPENED:c584:last(t:1, i:584), conf=conf: {index: 0, cur=peers:[omNode-3|localhost:15059, omNode-1|localhost:15051, omNode-2|localhost:15055]|listeners:[], old=null}
2025-04-24 14:05:14,752 [grpc-default-executor-4] INFO  server.RaftServer$Division (RaftServerImpl.java:requestVote(1441)) - omNode-2@group-523986131536 replies to ELECTION vote request: omNode-3<-omNode-2#0:OK-t2. Peer's state: omNode-2@group-523986131536:t2, leader=null, voted=omNode-3, raftlog=Memoized:omNode-2@group-523986131536-SegmentedRaftLog:OPENED:c584:last(t:1, i:584), conf=conf: {index: 0, cur=peers:[omNode-3|localhost:15059, omNode-1|localhost:15051, omNode-2|localhost:15055]|listeners:[], old=null}
2025-04-24 14:05:14,753 [omNode-3@group-523986131536-LeaderElection52] INFO  impl.LeaderElection (LeaderElection.java:logAndReturn(90)) - omNode-3@group-523986131536-LeaderElection52: ELECTION PASSED received 1 response(s) and 0 exception(s):
2025-04-24 14:05:14,753 [omNode-3@group-523986131536-LeaderElection52] INFO  impl.LeaderElection (LeaderElection.java:logAndReturn(94)) -   Response 0: omNode-3<-omNode-1#0:OK-t2
2025-04-24 14:05:14,753 [omNode-3@group-523986131536-LeaderElection52] INFO  impl.LeaderElection (LeaderElection.java:askForVotes(334)) - omNode-3@group-523986131536-LeaderElection52 ELECTION round 0: result PASSED
2025-04-24 14:05:14,753 [omNode-3@group-523986131536-LeaderElection52] INFO  impl.RoleInfo (RoleInfo.java:shutdownLeaderElection(141)) - omNode-3: shutdown omNode-3@group-523986131536-LeaderElection52
2025-04-24 14:05:14,753 [omNode-3@group-523986131536-LeaderElection52] INFO  server.RaftServer$Division (RaftServerImpl.java:setRole(378)) - omNode-3@group-523986131536: changes role from CANDIDATE to LEADER at term 2 for changeToLeader
2025-04-24 14:05:14,753 [omNode-3@group-523986131536-LeaderElection52] INFO  server.RaftServerConfigKeys (ConfUtils.java:logGet(46)) - raft.server.staging.catchup.gap = 1000 (default)
2025-04-24 14:05:14,753 [omNode-3@group-523986131536-LeaderElection52] INFO  server.RaftServerConfigKeys (ConfUtils.java:logGet(46)) - raft.server.write.element-limit = 4096 (default)
2025-04-24 14:05:14,753 [omNode-3@group-523986131536-LeaderElection52] INFO  server.RaftServerConfigKeys (ConfUtils.java:logGet(46)) - raft.server.write.byte-limit = 64MB (=67108864) (default)
2025-04-24 14:05:14,753 [omNode-3@group-523986131536-LeaderElection52] INFO  server.RaftServerConfigKeys (ConfUtils.java:logGet(46)) - raft.server.watch.timeout = 10s (default)
2025-04-24 14:05:14,754 [omNode-3@group-523986131536-LeaderElection52] INFO  server.RaftServerConfigKeys (ConfUtils.java:logGet(46)) - raft.server.watch.timeout.denomination = 1s (default)
2025-04-24 14:05:14,754 [omNode-3@group-523986131536-LeaderElection52] INFO  server.RaftServerConfigKeys (ConfUtils.java:logGet(46)) - raft.server.watch.element-limit = 65536 (default)
2025-04-24 14:05:14,754 [omNode-3@group-523986131536-LeaderElection52] INFO  server.RaftServerConfigKeys (ConfUtils.java:logGet(46)) - raft.server.read.leader.lease.enabled = false (default)
2025-04-24 14:05:14,754 [omNode-3@group-523986131536-LeaderElection52] INFO  server.RaftServerConfigKeys (ConfUtils.java:logGet(46)) - raft.server.read.leader.lease.timeout.ratio = 0.9 (default)
2025-04-24 14:05:14,754 [omNode-3@group-523986131536-LeaderElection52] INFO  server.RaftServerConfigKeys (ConfUtils.java:logGet(46)) - raft.server.rpc.timeout.min = 1s (custom)
2025-04-24 14:05:14,754 [omNode-3@group-523986131536-LeaderElection52] INFO  server.RaftServerConfigKeys (ConfUtils.java:logGet(46)) - raft.server.log.log-metadata.enabled = true (default)
2025-04-24 14:05:14,754 [omNode-3@group-523986131536-LeaderElection52] INFO  server.RaftServerConfigKeys (ConfUtils.java:logGet(46)) - raft.server.write.element-limit = 4096 (default)
2025-04-24 14:05:14,754 [omNode-3@group-523986131536-LeaderElection52] INFO  server.RaftServerConfigKeys (ConfUtils.java:logGet(46)) - raft.server.write.follower.gap.ratio.max = -1.0 (default)
2025-04-24 14:05:14,754 [omNode-3@group-523986131536-LeaderElection52] INFO  server.RaftServerConfigKeys (ConfUtils.java:logGet(46)) - raft.server.log.appender.snapshot.chunk.size.max = 16MB (=16777216) (default)
2025-04-24 14:05:14,754 [omNode-3@group-523986131536-LeaderElection52] INFO  server.RaftServerConfigKeys (ConfUtils.java:logGet(46)) - raft.server.log.appender.buffer.byte-limit = 4194304 (custom)
2025-04-24 14:05:14,754 [omNode-3@group-523986131536-LeaderElection52] INFO  server.RaftServerConfigKeys (ConfUtils.java:logGet(46)) - raft.server.log.appender.buffer.element-limit = 1024 (custom)
2025-04-24 14:05:14,755 [omNode-3@group-523986131536-LeaderElection52] INFO  server.RaftServerConfigKeys (ConfUtils.java:logGet(46)) - raft.server.log.appender.wait-time.min = 0ms (custom)
2025-04-24 14:05:14,755 [omNode-3@group-523986131536-LeaderElection52] INFO  grpc.GrpcConfigKeys (ConfUtils.java:logGet(46)) - raft.grpc.server.leader.outstanding.appends.max = 8 (default)
2025-04-24 14:05:14,755 [omNode-3@group-523986131536-LeaderElection52] INFO  server.RaftServerConfigKeys (ConfUtils.java:logGet(46)) - raft.server.rpc.request.timeout = 3000ms (default)
2025-04-24 14:05:14,755 [omNode-3@group-523986131536-LeaderElection52] INFO  grpc.GrpcConfigKeys (ConfUtils.java:logGet(46)) - raft.grpc.server.install_snapshot.request.element-limit = 8 (default)
2025-04-24 14:05:14,755 [omNode-3@group-523986131536-LeaderElection52] INFO  grpc.GrpcConfigKeys (ConfUtils.java:logGet(46)) - raft.grpc.server.install_snapshot.request.timeout = 3000ms (default)
2025-04-24 14:05:14,755 [omNode-3@group-523986131536-LeaderElection52] INFO  grpc.GrpcConfigKeys (ConfUtils.java:logGet(46)) - raft.grpc.server.log-message.batch.duration = 5s (default)
2025-04-24 14:05:14,755 [omNode-3@group-523986131536-LeaderElection52] INFO  server.RaftServerConfigKeys (ConfUtils.java:logGet(46)) - raft.server.log.appender.install.snapshot.enabled = false (custom)
2025-04-24 14:05:14,755 [omNode-3@group-523986131536-LeaderElection52] INFO  grpc.GrpcConfigKeys (ConfUtils.java:logGet(46)) - raft.grpc.server.heartbeat.channel = true (default)
2025-04-24 14:05:14,755 [omNode-3@group-523986131536-LeaderElection52] INFO  server.RaftServerConfigKeys (ConfUtils.java:logGet(46)) - raft.server.log.appender.snapshot.chunk.size.max = 16MB (=16777216) (default)
2025-04-24 14:05:14,756 [omNode-3@group-523986131536-LeaderElection52] INFO  server.RaftServerConfigKeys (ConfUtils.java:logGet(46)) - raft.server.log.appender.buffer.byte-limit = 4194304 (custom)
2025-04-24 14:05:14,756 [omNode-3@group-523986131536-LeaderElection52] INFO  server.RaftServerConfigKeys (ConfUtils.java:logGet(46)) - raft.server.log.appender.buffer.element-limit = 1024 (custom)
2025-04-24 14:05:14,756 [omNode-3@group-523986131536-LeaderElection52] INFO  server.RaftServerConfigKeys (ConfUtils.java:logGet(46)) - raft.server.log.appender.wait-time.min = 0ms (custom)
2025-04-24 14:05:14,756 [omNode-3@group-523986131536-LeaderElection52] INFO  grpc.GrpcConfigKeys (ConfUtils.java:logGet(46)) - raft.grpc.server.leader.outstanding.appends.max = 8 (default)
2025-04-24 14:05:14,756 [omNode-3@group-523986131536-LeaderElection52] INFO  server.RaftServerConfigKeys (ConfUtils.java:logGet(46)) - raft.server.rpc.request.timeout = 3000ms (default)
2025-04-24 14:05:14,756 [omNode-3@group-523986131536-LeaderElection52] INFO  grpc.GrpcConfigKeys (ConfUtils.java:logGet(46)) - raft.grpc.server.install_snapshot.request.element-limit = 8 (default)
2025-04-24 14:05:14,756 [omNode-3@group-523986131536-LeaderElection52] INFO  grpc.GrpcConfigKeys (ConfUtils.java:logGet(46)) - raft.grpc.server.install_snapshot.request.timeout = 3000ms (default)
2025-04-24 14:05:14,756 [omNode-3@group-523986131536-LeaderElection52] INFO  grpc.GrpcConfigKeys (ConfUtils.java:logGet(46)) - raft.grpc.server.log-message.batch.duration = 5s (default)
2025-04-24 14:05:14,756 [omNode-3@group-523986131536-LeaderElection52] INFO  server.RaftServerConfigKeys (ConfUtils.java:logGet(46)) - raft.server.log.appender.install.snapshot.enabled = false (custom)
2025-04-24 14:05:14,756 [omNode-3@group-523986131536-LeaderElection52] INFO  grpc.GrpcConfigKeys (ConfUtils.java:logGet(46)) - raft.grpc.server.heartbeat.channel = true (default)
2025-04-24 14:05:14,756 [omNode-3@group-523986131536-LeaderElection52] INFO  impl.RoleInfo (RoleInfo.java:updateAndGet(148)) - omNode-3: start omNode-3@group-523986131536-LeaderStateImpl
2025-04-24 14:05:14,756 [omNode-3@group-523986131536-LeaderElection52] INFO  server.RaftServer$Division (RaftServerImpl.java:setFirstElection(562)) - omNode-3@group-523986131536: set firstElectionSinceStartup to false for becomeLeader
2025-04-24 14:05:14,756 [omNode-3@group-523986131536-LeaderElection52] INFO  ratis.OzoneManagerStateMachine (OzoneManagerStateMachine.java:notifyLeaderChanged(169)) - omNode-3@group-523986131536: leader changed to omNode-3
2025-04-24 14:05:14,756 [omNode-3@group-523986131536-LeaderElection52] INFO  server.RaftServer$Division (ServerState.java:setLeader(272)) - omNode-3@group-523986131536: change Leader from null to omNode-3 at term 2 for becomeLeader, leader elected after 1140ms
2025-04-24 14:05:14,757 [omNode-3@group-523986131536-LeaderElection52] INFO  segmented.SegmentedRaftLogWorker (SegmentedRaftLogWorker.java:rollLogSegment(443)) - omNode-3@group-523986131536-SegmentedRaftLogWorker: Rolling segment log-0_584 to index:584
2025-04-24 14:05:14,757 [omNode-3@group-523986131536-LeaderElection52] INFO  server.RaftServer$Division (ServerState.java:setRaftConf(386)) - omNode-3@group-523986131536: set configuration conf: {index: 585, cur=peers:[omNode-3|localhost:15059, omNode-1|localhost:15051, omNode-2|localhost:15055]|listeners:[], old=null}
2025-04-24 14:05:14,757 [omNode-3@group-523986131536-SegmentedRaftLogWorker] INFO  segmented.SegmentedRaftLogWorker (SegmentedRaftLogWorker.java:execute(601)) - omNode-3@group-523986131536-SegmentedRaftLogWorker: Rolled log segment from /home/runner/work/ozone/ozone/hadoop-ozone/integration-test/target/test-dir/MiniOzoneClusterImpl-9c5b6909-9e9c-47e3-ad7a-324826695869/omNode-3/ratis/c9bc4cf4-3bc3-3c60-a66b-523986131536/current/log_inprogress_0 to /home/runner/work/ozone/ozone/hadoop-ozone/integration-test/target/test-dir/MiniOzoneClusterImpl-9c5b6909-9e9c-47e3-ad7a-324826695869/omNode-3/ratis/c9bc4cf4-3bc3-3c60-a66b-523986131536/current/log_0-584
2025-04-24 14:05:14,757 [omNode-3@group-523986131536-SegmentedRaftLogWorker] INFO  segmented.BufferedWriteChannel (BufferedWriteChannel.java:open(61)) - open log_inprogress_585 at position 0
2025-04-24 14:05:14,764 [omNode-1-server-thread1] INFO  ratis.OzoneManagerStateMachine (OzoneManagerStateMachine.java:notifyLeaderChanged(169)) - omNode-1@group-523986131536: leader changed to omNode-3
2025-04-24 14:05:14,765 [omNode-1-server-thread1] INFO  server.RaftServer$Division (ServerState.java:setLeader(272)) - omNode-1@group-523986131536: change Leader from null to omNode-3 at term 2 for appendEntries, leader elected after 666ms
2025-04-24 14:05:14,765 [omNode-2-server-thread1] INFO  ratis.OzoneManagerStateMachine (OzoneManagerStateMachine.java:notifyLeaderChanged(169)) - omNode-2@group-523986131536: leader changed to omNode-3
2025-04-24 14:05:14,765 [omNode-2-server-thread1] INFO  server.RaftServer$Division (ServerState.java:setLeader(272)) - omNode-2@group-523986131536: change Leader from null to omNode-3 at term 2 for appendEntries, leader elected after 231ms
2025-04-24 14:05:14,765 [omNode-1-server-thread2] INFO  server.RaftServer$Division (ServerState.java:setRaftConf(386)) - omNode-1@group-523986131536: set configuration conf: {index: 585, cur=peers:[omNode-3|localhost:15059, omNode-1|localhost:15051, omNode-2|localhost:15055]|listeners:[], old=null}
2025-04-24 14:05:14,766 [omNode-1-server-thread2] INFO  segmented.SegmentedRaftLogWorker (SegmentedRaftLogWorker.java:rollLogSegment(443)) - omNode-1@group-523986131536-SegmentedRaftLogWorker: Rolling segment log-0_584 to index:584
2025-04-24 14:05:14,767 [omNode-1@group-523986131536-SegmentedRaftLogWorker] INFO  segmented.SegmentedRaftLogWorker (SegmentedRaftLogWorker.java:execute(601)) - omNode-1@group-523986131536-SegmentedRaftLogWorker: Rolled log segment from /home/runner/work/ozone/ozone/hadoop-ozone/integration-test/target/test-dir/MiniOzoneClusterImpl-9c5b6909-9e9c-47e3-ad7a-324826695869/omNode-1/ratis/c9bc4cf4-3bc3-3c60-a66b-523986131536/current/log_inprogress_0 to /home/runner/work/ozone/ozone/hadoop-ozone/integration-test/target/test-dir/MiniOzoneClusterImpl-9c5b6909-9e9c-47e3-ad7a-324826695869/omNode-1/ratis/c9bc4cf4-3bc3-3c60-a66b-523986131536/current/log_0-584
2025-04-24 14:05:14,767 [omNode-1@group-523986131536-SegmentedRaftLogWorker] INFO  segmented.BufferedWriteChannel (BufferedWriteChannel.java:open(61)) - open log_inprogress_585 at position 0
2025-04-24 14:05:14,767 [omNode-2-server-thread2] INFO  server.RaftServer$Division (ServerState.java:setRaftConf(386)) - omNode-2@group-523986131536: set configuration conf: {index: 585, cur=peers:[omNode-3|localhost:15059, omNode-1|localhost:15051, omNode-2|localhost:15055]|listeners:[], old=null}
2025-04-24 14:05:14,768 [omNode-2-server-thread2] INFO  segmented.SegmentedRaftLogWorker (SegmentedRaftLogWorker.java:rollLogSegment(443)) - omNode-2@group-523986131536-SegmentedRaftLogWorker: Rolling segment log-0_584 to index:584
2025-04-24 14:05:14,769 [omNode-2@group-523986131536-SegmentedRaftLogWorker] INFO  segmented.SegmentedRaftLogWorker (SegmentedRaftLogWorker.java:execute(601)) - omNode-2@group-523986131536-SegmentedRaftLogWorker: Rolled log segment from /home/runner/work/ozone/ozone/hadoop-ozone/integration-test/target/test-dir/MiniOzoneClusterImpl-9c5b6909-9e9c-47e3-ad7a-324826695869/omNode-2/ratis/c9bc4cf4-3bc3-3c60-a66b-523986131536/current/log_inprogress_0 to /home/runner/work/ozone/ozone/hadoop-ozone/integration-test/target/test-dir/MiniOzoneClusterImpl-9c5b6909-9e9c-47e3-ad7a-324826695869/omNode-2/ratis/c9bc4cf4-3bc3-3c60-a66b-523986131536/current/log_0-584
2025-04-24 14:05:14,769 [omNode-2@group-523986131536-SegmentedRaftLogWorker] INFO  segmented.BufferedWriteChannel (BufferedWriteChannel.java:open(61)) - open log_inprogress_585 at position 0
2025-04-24 14:05:14,771 [omNode-3@group-523986131536-SegmentedRaftLogWorker] INFO  segmented.SegmentedRaftLogWorker (SegmentedRaftLogWorker.java:execute(644)) - omNode-3@group-523986131536-SegmentedRaftLogWorker: created new log segment /home/runner/work/ozone/ozone/hadoop-ozone/integration-test/target/test-dir/MiniOzoneClusterImpl-9c5b6909-9e9c-47e3-ad7a-324826695869/omNode-3/ratis/c9bc4cf4-3bc3-3c60-a66b-523986131536/current/log_inprogress_585
2025-04-24 14:05:14,785 [omNode-1@group-523986131536-SegmentedRaftLogWorker] INFO  segmented.SegmentedRaftLogWorker (SegmentedRaftLogWorker.java:execute(644)) - omNode-1@group-523986131536-SegmentedRaftLogWorker: created new log segment /home/runner/work/ozone/ozone/hadoop-ozone/integration-test/target/test-dir/MiniOzoneClusterImpl-9c5b6909-9e9c-47e3-ad7a-324826695869/omNode-1/ratis/c9bc4cf4-3bc3-3c60-a66b-523986131536/current/log_inprogress_585
2025-04-24 14:05:14,786 [omNode-2@group-523986131536-SegmentedRaftLogWorker] INFO  segmented.SegmentedRaftLogWorker (SegmentedRaftLogWorker.java:execute(644)) - omNode-2@group-523986131536-SegmentedRaftLogWorker: created new log segment /home/runner/work/ozone/ozone/hadoop-ozone/integration-test/target/test-dir/MiniOzoneClusterImpl-9c5b6909-9e9c-47e3-ad7a-324826695869/omNode-2/ratis/c9bc4cf4-3bc3-3c60-a66b-523986131536/current/log_inprogress_585
2025-04-24 14:05:14,787 [omNode-3@group-523986131536-StateMachineUpdater] INFO  ratis.OzoneManagerStateMachine (OzoneManagerStateMachine.java:notifyConfigurationChanged(231)) - notifyConfigurationChanged from Ratis: term=2, index=585, New Peer list: omNode-3(localhost:15059), omNode-1(localhost:15051), omNode-2(localhost:15055)
2025-04-24 14:05:14,787 [omNode-3@group-523986131536-StateMachineUpdater] INFO  server.RaftServer$Division (LeaderStateImpl.java:checkStartIndex(313)) - Leader omNode-3@group-523986131536-LeaderStateImpl is ready since appliedIndex == startIndex == 585
2025-04-24 14:05:14,788 [omNode-1@group-523986131536-StateMachineUpdater] INFO  ratis.OzoneManagerStateMachine (OzoneManagerStateMachine.java:notifyConfigurationChanged(231)) - notifyConfigurationChanged from Ratis: term=2, index=585, New Peer list: omNode-3(localhost:15059), omNode-1(localhost:15051), omNode-2(localhost:15055)
2025-04-24 14:05:14,789 [omNode-2@group-523986131536-StateMachineUpdater] INFO  ratis.OzoneManagerStateMachine (OzoneManagerStateMachine.java:notifyConfigurationChanged(231)) - notifyConfigurationChanged from Ratis: term=2, index=585, New Peer list: omNode-3(localhost:15059), omNode-1(localhost:15051), omNode-2(localhost:15055)
2025-04-24 14:05:14,948 [main] INFO  reflections.Reflections (Reflections.java:scan(219)) - Reflections took 402 ms to scan 22 urls, producing 61 keys and 7423 values
2025-04-24 14:05:14,949 [main] INFO  ipc.CallQueueManager (CallQueueManager.java:<init>(93)) - Using callQueue: class java.util.concurrent.LinkedBlockingQueue, queueCapacity: 2000, scheduler: class org.apache.hadoop.ipc.DefaultRpcScheduler, ipcBackoff: false, ipcFailOver: false.
2025-04-24 14:05:14,950 [main] INFO  ipc.Server (Server.java:<init>(1438)) - Listener at localhost:15052
2025-04-24 14:05:14,950 [Socket Reader #1 for port 15052] INFO  ipc.Server (Server.java:run(1474)) - Starting Socket Reader #1 for port 15052
2025-04-24 14:05:14,950 [Socket Reader #2 for port 15052] INFO  ipc.Server (Server.java:run(1474)) - Starting Socket Reader #2 for port 15052
2025-04-24 14:05:14,950 [Socket Reader #3 for port 15052] INFO  ipc.Server (Server.java:run(1474)) - Starting Socket Reader #3 for port 15052
2025-04-24 14:05:14,950 [Socket Reader #4 for port 15052] INFO  ipc.Server (Server.java:run(1474)) - Starting Socket Reader #4 for port 15052
2025-04-24 14:05:14,951 [Socket Reader #5 for port 15052] INFO  ipc.Server (Server.java:run(1474)) - Starting Socket Reader #5 for port 15052
2025-04-24 14:05:14,951 [Socket Reader #6 for port 15052] INFO  ipc.Server (Server.java:run(1474)) - Starting Socket Reader #6 for port 15052
2025-04-24 14:05:14,951 [Socket Reader #7 for port 15052] INFO  ipc.Server (Server.java:run(1474)) - Starting Socket Reader #7 for port 15052
2025-04-24 14:05:14,951 [Socket Reader #8 for port 15052] INFO  ipc.Server (Server.java:run(1474)) - Starting Socket Reader #8 for port 15052
2025-04-24 14:05:14,951 [Socket Reader #9 for port 15052] INFO  ipc.Server (Server.java:run(1474)) - Starting Socket Reader #9 for port 15052
2025-04-24 14:05:14,952 [Socket Reader #10 for port 15052] INFO  ipc.Server (Server.java:run(1474)) - Starting Socket Reader #10 for port 15052
2025-04-24 14:05:14,954 [main] INFO  http.BaseHttpServer (BaseHttpServer.java:newHttpServer2BuilderForOzone(229)) - Starting Web-server for ozoneManager at: http://0.0.0.0:15053
2025-04-24 14:05:14,954 [main] INFO  http.BaseHttpServer (BaseHttpServer.java:<init>(107)) - Hadoop Security Enabled: false Ozone Security Enabled: false Ozone HTTP Security Enabled: false 
2025-04-24 14:05:14,955 [main] WARN  server.AuthenticationFilter (AuthenticationFilter.java:constructSecretProvider(240)) - Unable to initialize FileSignerSecretProvider, falling back to use random secrets. Reason: Could not read signature secret file: /home/runner/hadoop-http-auth-signature-secret
2025-04-24 14:05:14,957 [main] INFO  http.HttpServer2 (HttpServer2.java:addGlobalFilter(1041)) - Added global filter 'safety' (class=org.apache.hadoop.hdds.server.http.HttpServer2$QuotingInputFilter)
2025-04-24 14:05:14,958 [main] INFO  http.HttpServer2 (HttpServer2.java:addFilter(1017)) - Added filter static_user_filter (class=org.apache.hadoop.http.lib.StaticUserWebFilter$StaticUserFilter) to context ozoneManager
2025-04-24 14:05:14,958 [main] INFO  http.HttpServer2 (HttpServer2.java:addFilter(1025)) - Added filter static_user_filter (class=org.apache.hadoop.http.lib.StaticUserWebFilter$StaticUserFilter) to context logs
2025-04-24 14:05:14,958 [main] INFO  http.HttpServer2 (HttpServer2.java:addFilter(1025)) - Added filter static_user_filter (class=org.apache.hadoop.http.lib.StaticUserWebFilter$StaticUserFilter) to context static
2025-04-24 14:05:14,958 [main] INFO  http.BaseHttpServer (BaseHttpServer.java:<init>(195)) - HTTP server of ozoneManager uses base directory /home/runner/work/ozone/ozone/hadoop-ozone/integration-test/target/test-dir/MiniOzoneClusterImpl-9c5b6909-9e9c-47e3-ad7a-324826695869/omNode-2/webserver
2025-04-24 14:05:14,958 [main] INFO  http.HttpServer2 (HttpServer2.java:bindListener(1241)) - Jetty bound to port 15053
2025-04-24 14:05:14,958 [main] INFO  server.Server (Server.java:doStart(375)) - jetty-9.4.57.v20241219; built: 2025-01-08T21:24:30.412Z; git: df524e6b29271c2e09ba9aea83c18dc9db464a31; jvm 21.0.7+6-LTS
2025-04-24 14:05:14,960 [main] INFO  server.session (DefaultSessionIdManager.java:doStart(334)) - DefaultSessionIdManager workerName=node0
2025-04-24 14:05:14,960 [main] INFO  server.session (DefaultSessionIdManager.java:doStart(339)) - No SessionScavenger set, using defaults
2025-04-24 14:05:14,960 [main] INFO  server.session (HouseKeeper.java:startScavenging(132)) - node0 Scavenging every 660000ms
2025-04-24 14:05:14,960 [main] INFO  handler.ContextHandler (ContextHandler.java:doStart(921)) - Started o.e.j.s.ServletContextHandler@2f95c54d{logs,/logs,file:///home/runner/work/ozone/ozone/hadoop-ozone/integration-test/target/log,AVAILABLE}
2025-04-24 14:05:14,961 [main] INFO  handler.ContextHandler (ContextHandler.java:doStart(921)) - Started o.e.j.s.ServletContextHandler@643d4290{static,/static,file:///home/runner/work/ozone/ozone/hadoop-ozone/integration-test/target/test-classes/webapps/static,AVAILABLE}
2025-04-24 14:05:14,965 [main] INFO  handler.ContextHandler (ContextHandler.java:doStart(921)) - Started o.e.j.w.WebAppContext@725abaa2{ozoneManager,/,file:///home/runner/work/ozone/ozone/hadoop-ozone/integration-test/target/test-classes/webapps/ozoneManager/,AVAILABLE}{file:/home/runner/work/ozone/ozone/hadoop-ozone/integration-test/target/test-classes/webapps/ozoneManager}
2025-04-24 14:05:14,966 [main] INFO  server.AbstractConnector (AbstractConnector.java:doStart(333)) - Started ServerConnector@f122490{HTTP/1.1, (http/1.1)}{0.0.0.0:15053}
2025-04-24 14:05:14,966 [main] INFO  server.Server (Server.java:doStart(415)) - Started @196298ms
2025-04-24 14:05:14,966 [main] WARN  impl.MetricsSystemImpl (MetricsSystemImpl.java:register(279)) - Sink prometheus already exists!
2025-04-24 14:05:14,966 [main] INFO  http.BaseHttpServer (BaseHttpServer.java:updateConnectorAddress(360)) - HTTP server of ozoneManager listening at http://0.0.0.0:15053
2025-04-24 14:05:14,967 [IPC Server Responder] INFO  ipc.Server (Server.java:run(1713)) - IPC Server Responder: starting
2025-04-24 14:05:14,967 [IPC Server listener on 15052] INFO  ipc.Server (Server.java:run(1553)) - IPC Server listener on 15052: starting
2025-04-24 14:05:14,969 [main] INFO  om.OzoneManager (OzoneManager.java:startTrashEmptier(2257)) - Trash Interval set to 0. Files deleted won't move to trash
]]></system-out>
  </testcase>
</testsuite>