<?xml version="1.0" encoding="UTF-8"?>
<testsuite xmlns:xsi="http://www.w3.org/2001/XMLSchema-instance" xsi:noNamespaceSchemaLocation="https://maven.apache.org/surefire/maven-surefire-plugin/xsd/surefire-test-report.xsd" name="org.apache.hadoop.hdds.scm.pipeline.TestPipelineClose" time="140.608" tests="4" errors="0" skipped="0" failures="1">
  <properties>
    <property name="awt.toolkit" value="sun.awt.X11.XToolkit"/>
    <property name="file.encoding.pkg" value="sun.io"/>
    <property name="java.specification.version" value="1.8"/>
    <property name="sun.cpu.isalist" value=""/>
    <property name="sun.jnu.encoding" value="UTF-8"/>
    <property name="java.class.path" value="/home/runner/work/ozone/ozone/hadoop-ozone/integration-test/target/test-classes:/home/runner/work/ozone/ozone/hadoop-ozone/integration-test/target/classes:/home/runner/.m2/repository/org/apache/ozone/ozone-common/1.2.0-SNAPSHOT/ozone-common-1.2.0-SNAPSHOT.jar:/home/runner/.m2/repository/org/apache/commons/commons-compress/1.20/commons-compress-1.20.jar:/home/runner/.m2/repository/org/apache/ozone/hdds-common/1.2.0-SNAPSHOT/hdds-common-1.2.0-SNAPSHOT.jar:/home/runner/.m2/repository/org/apache/ozone/hdds-client/1.2.0-SNAPSHOT/hdds-client-1.2.0-SNAPSHOT.jar:/home/runner/.m2/repository/org/apache/ozone/ozone-interface-client/1.2.0-SNAPSHOT/ozone-interface-client-1.2.0-SNAPSHOT.jar:/home/runner/.m2/repository/org/apache/ozone/hdds-server-framework/1.2.0-SNAPSHOT/hdds-server-framework-1.2.0-SNAPSHOT.jar:/home/runner/.m2/repository/org/apache/ozone/hdds-interface-server/1.2.0-SNAPSHOT/hdds-interface-server-1.2.0-SNAPSHOT.jar:/home/runner/.m2/repository/org/eclipse/jetty/jetty-servlet/9.4.43.v20210629/jetty-servlet-9.4.43.v20210629.jar:/home/runner/.m2/repository/org/eclipse/jetty/jetty-security/9.4.43.v20210629/jetty-security-9.4.43.v20210629.jar:/home/runner/.m2/repository/org/rocksdb/rocksdbjni/6.20.3/rocksdbjni-6.20.3.jar:/home/runner/.m2/repository/io/prometheus/simpleclient_dropwizard/0.7.0/simpleclient_dropwizard-0.7.0.jar:/home/runner/.m2/repository/io/prometheus/simpleclient/0.7.0/simpleclient-0.7.0.jar:/home/runner/.m2/repository/io/prometheus/simpleclient_common/0.7.0/simpleclient_common-0.7.0.jar:/home/runner/.m2/repository/com/fasterxml/jackson/datatype/jackson-datatype-jsr310/2.12.1/jackson-datatype-jsr310-2.12.1.jar:/home/runner/.m2/repository/org/apache/ozone/hdds-test-utils/1.2.0-SNAPSHOT/hdds-test-utils-1.2.0-SNAPSHOT.jar:/home/runner/.m2/repository/com/google/guava/guava/30.1.1-jre/guava-30.1.1-jre.jar:/home/runner/.m2/repository/com/google/guava/failureaccess/1.0.1/failureaccess-1.0.1.jar:/home/runner/.m2/repository/com/google/guava/listenablefuture/9999.0-empty-to-avoid-conflict-with-guava/listenablefuture-9999.0-empty-to-avoid-conflict-with-guava.jar:/home/runner/.m2/repository/com/google/code/findbugs/jsr305/3.0.0/jsr305-3.0.0.jar:/home/runner/.m2/repository/org/checkerframework/checker-qual/3.8.0/checker-qual-3.8.0.jar:/home/runner/.m2/repository/com/google/errorprone/error_prone_annotations/2.2.0/error_prone_annotations-2.2.0.jar:/home/runner/.m2/repository/com/google/j2objc/j2objc-annotations/1.3/j2objc-annotations-1.3.jar:/home/runner/.m2/repository/commons-io/commons-io/2.8.0/commons-io-2.8.0.jar:/home/runner/.m2/repository/commons-logging/commons-logging/1.2/commons-logging-1.2.jar:/home/runner/.m2/repository/log4j/log4j/1.2.17/log4j-1.2.17.jar:/home/runner/.m2/repository/org/slf4j/slf4j-api/1.7.30/slf4j-api-1.7.30.jar:/home/runner/.m2/repository/org/apache/ozone/hdds-server-scm/1.2.0-SNAPSHOT/hdds-server-scm-1.2.0-SNAPSHOT.jar:/home/runner/.m2/repository/org/apache/ozone/hdds-container-service/1.2.0-SNAPSHOT/hdds-container-service-1.2.0-SNAPSHOT.jar:/home/runner/.m2/repository/org/apache/ozone/hdds-hadoop-dependency-server/1.2.0-SNAPSHOT/hdds-hadoop-dependency-server-1.2.0-SNAPSHOT.jar:/home/runner/.m2/repository/org/apache/hadoop/hadoop-hdfs/3.3.1/hadoop-hdfs-3.3.1.jar:/home/runner/.m2/repository/io/dropwizard/metrics/metrics-core/3.2.4/metrics-core-3.2.4.jar:/home/runner/.m2/repository/org/apache/hadoop/hadoop-hdfs-client/3.3.1/hadoop-hdfs-client-3.3.1.jar:/home/runner/.m2/repository/org/bouncycastle/bcprov-jdk15on/1.67/bcprov-jdk15on-1.67.jar:/home/runner/.m2/repository/com/google/protobuf/protobuf-java/2.5.0/protobuf-java-2.5.0.jar:/home/runner/.m2/repository/org/apache/ozone/ozone-manager/1.2.0-SNAPSHOT/ozone-manager-1.2.0-SNAPSHOT.jar:/home/runner/.m2/repository/org/aspectj/aspectjrt/1.8.9/aspectjrt-1.8.9.jar:/home/runner/.m2/repository/org/aspectj/aspectjweaver/1.8.9/aspectjweaver-1.8.9.jar:/home/runner/.m2/repository/org/apache/ozone/hdds-interface-client/1.2.0-SNAPSHOT/hdds-interface-client-1.2.0-SNAPSHOT.jar:/home/runner/.m2/repository/org/apache/hadoop/thirdparty/hadoop-shaded-protobuf_3_7/1.1.1/hadoop-shaded-protobuf_3_7-1.1.1.jar:/home/runner/.m2/repository/org/apache/ratis/ratis-thirdparty-misc/0.7.0/ratis-thirdparty-misc-0.7.0.jar:/home/runner/.m2/repository/org/apache/ozone/ozone-interface-storage/1.2.0-SNAPSHOT/ozone-interface-storage-1.2.0-SNAPSHOT.jar:/home/runner/.m2/repository/org/reflections/reflections/0.9.11/reflections-0.9.11.jar:/home/runner/.m2/repository/org/apache/hadoop/hadoop-minikdc/3.3.1/hadoop-minikdc-3.3.1.jar:/home/runner/.m2/repository/org/apache/kerby/kerb-simplekdc/1.0.1/kerb-simplekdc-1.0.1.jar:/home/runner/.m2/repository/org/apache/kerby/kerb-client/1.0.1/kerb-client-1.0.1.jar:/home/runner/.m2/repository/org/apache/kerby/kerby-config/1.0.1/kerby-config-1.0.1.jar:/home/runner/.m2/repository/org/apache/kerby/kerb-common/1.0.1/kerb-common-1.0.1.jar:/home/runner/.m2/repository/org/apache/kerby/kerb-crypto/1.0.1/kerb-crypto-1.0.1.jar:/home/runner/.m2/repository/org/apache/kerby/kerb-util/1.0.1/kerb-util-1.0.1.jar:/home/runner/.m2/repository/org/apache/kerby/token-provider/1.0.1/token-provider-1.0.1.jar:/home/runner/.m2/repository/org/apache/kerby/kerb-admin/1.0.1/kerb-admin-1.0.1.jar:/home/runner/.m2/repository/org/apache/kerby/kerb-server/1.0.1/kerb-server-1.0.1.jar:/home/runner/.m2/repository/org/apache/kerby/kerb-identity/1.0.1/kerb-identity-1.0.1.jar:/home/runner/.m2/repository/org/apache/kerby/kerby-xdr/1.0.1/kerby-xdr-1.0.1.jar:/home/runner/.m2/repository/org/slf4j/slf4j-log4j12/1.7.30/slf4j-log4j12-1.7.30.jar:/home/runner/.m2/repository/org/apache/ozone/ozone-s3gateway/1.2.0-SNAPSHOT/ozone-s3gateway-1.2.0-SNAPSHOT.jar:/home/runner/.m2/repository/org/javassist/javassist/3.21.0-GA/javassist-3.21.0-GA.jar:/home/runner/.m2/repository/org/jboss/weld/servlet/weld-servlet/2.4.7.Final/weld-servlet-2.4.7.Final.jar:/home/runner/.m2/repository/org/glassfish/jersey/containers/jersey-container-servlet-core/2.33/jersey-container-servlet-core-2.33.jar:/home/runner/.m2/repository/org/glassfish/hk2/external/jakarta.inject/2.6.1/jakarta.inject-2.6.1.jar:/home/runner/.m2/repository/org/glassfish/jersey/core/jersey-common/2.33/jersey-common-2.33.jar:/home/runner/.m2/repository/jakarta/ws/rs/jakarta.ws.rs-api/2.1.6/jakarta.ws.rs-api-2.1.6.jar:/home/runner/.m2/repository/org/glassfish/jersey/ext/cdi/jersey-cdi1x/2.33/jersey-cdi1x-2.33.jar:/home/runner/.m2/repository/org/glassfish/jersey/inject/jersey-hk2/2.33/jersey-hk2-2.33.jar:/home/runner/.m2/repository/org/glassfish/hk2/hk2-locator/2.6.1/hk2-locator-2.6.1.jar:/home/runner/.m2/repository/org/glassfish/jersey/media/jersey-media-jaxb/2.33/jersey-media-jaxb-2.33.jar:/home/runner/.m2/repository/org/glassfish/hk2/osgi-resource-locator/1.0.3/osgi-resource-locator-1.0.3.jar:/home/runner/.m2/repository/org/glassfish/hk2/hk2-api/2.5.0/hk2-api-2.5.0.jar:/home/runner/.m2/repository/org/glassfish/hk2/hk2-utils/2.5.0/hk2-utils-2.5.0.jar:/home/runner/.m2/repository/org/glassfish/hk2/external/aopalliance-repackaged/2.5.0/aopalliance-repackaged-2.5.0.jar:/home/runner/.m2/repository/com/fasterxml/jackson/dataformat/jackson-dataformat-xml/2.12.1/jackson-dataformat-xml-2.12.1.jar:/home/runner/.m2/repository/com/fasterxml/jackson/core/jackson-core/2.12.1/jackson-core-2.12.1.jar:/home/runner/.m2/repository/com/fasterxml/jackson/module/jackson-module-jaxb-annotations/2.12.1/jackson-module-jaxb-annotations-2.12.1.jar:/home/runner/.m2/repository/jakarta/xml/bind/jakarta.xml.bind-api/2.3.2/jakarta.xml.bind-api-2.3.2.jar:/home/runner/.m2/repository/org/codehaus/woodstox/stax2-api/3.1.4/stax2-api-3.1.4.jar:/home/runner/.m2/repository/com/fasterxml/woodstox/woodstox-core/5.0.3/woodstox-core-5.0.3.jar:/home/runner/.m2/repository/javax/enterprise/cdi-api/1.2/cdi-api-1.2.jar:/home/runner/.m2/repository/javax/el/javax.el-api/3.0.0/javax.el-api-3.0.0.jar:/home/runner/.m2/repository/javax/interceptor/javax.interceptor-api/1.2/javax.interceptor-api-1.2.jar:/home/runner/.m2/repository/javax/inject/javax.inject/1/javax.inject-1.jar:/home/runner/.m2/repository/javax/xml/bind/jaxb-api/2.3.0/jaxb-api-2.3.0.jar:/home/runner/.m2/repository/org/glassfish/jaxb/jaxb-runtime/2.3.0.1/jaxb-runtime-2.3.0.1.jar:/home/runner/.m2/repository/org/glassfish/jaxb/jaxb-core/2.3.0.1/jaxb-core-2.3.0.1.jar:/home/runner/.m2/repository/org/glassfish/jaxb/txw2/2.3.0.1/txw2-2.3.0.1.jar:/home/runner/.m2/repository/com/sun/istack/istack-commons-runtime/3.0.5/istack-commons-runtime-3.0.5.jar:/home/runner/.m2/repository/org/jvnet/staxex/stax-ex/1.7.8/stax-ex-1.7.8.jar:/home/runner/.m2/repository/com/sun/xml/fastinfoset/FastInfoset/1.2.13/FastInfoset-1.2.13.jar:/home/runner/.m2/repository/javax/activation/activation/1.1.1/activation-1.1.1.jar:/home/runner/.m2/repository/org/apache/ozone/ozone-csi/1.2.0-SNAPSHOT/ozone-csi-1.2.0-SNAPSHOT.jar:/home/runner/.m2/repository/com/google/protobuf/protobuf-java-util/3.12.0/protobuf-java-util-3.12.0.jar:/home/runner/.m2/repository/com/google/code/gson/gson/2.2.4/gson-2.2.4.jar:/home/runner/.m2/repository/org/apache/ozone/hdds-config/1.2.0-SNAPSHOT/hdds-config-1.2.0-SNAPSHOT.jar:/home/runner/.m2/repository/io/grpc/grpc-netty/1.33.0/grpc-netty-1.33.0.jar:/home/runner/.m2/repository/io/grpc/grpc-core/1.33.0/grpc-core-1.33.0.jar:/home/runner/.m2/repository/com/google/android/annotations/4.1.1.4/annotations-4.1.1.4.jar:/home/runner/.m2/repository/io/netty/netty-codec-http2/4.1.63.Final/netty-codec-http2-4.1.63.Final.jar:/home/runner/.m2/repository/io/netty/netty-codec-http/4.1.63.Final/netty-codec-http-4.1.63.Final.jar:/home/runner/.m2/repository/io/netty/netty-handler-proxy/4.1.63.Final/netty-handler-proxy-4.1.63.Final.jar:/home/runner/.m2/repository/io/netty/netty-codec-socks/4.1.63.Final/netty-codec-socks-4.1.63.Final.jar:/home/runner/.m2/repository/io/perfmark/perfmark-api/0.19.0/perfmark-api-0.19.0.jar:/home/runner/.m2/repository/org/codehaus/mojo/animal-sniffer-annotations/1.18/animal-sniffer-annotations-1.18.jar:/home/runner/.m2/repository/io/netty/netty-transport-native-epoll/4.1.63.Final/netty-transport-native-epoll-4.1.63.Final.jar:/home/runner/.m2/repository/io/netty/netty-common/4.1.63.Final/netty-common-4.1.63.Final.jar:/home/runner/.m2/repository/io/netty/netty-buffer/4.1.63.Final/netty-buffer-4.1.63.Final.jar:/home/runner/.m2/repository/io/netty/netty-transport-native-unix-common/4.1.63.Final/netty-transport-native-unix-common-4.1.63.Final.jar:/home/runner/.m2/repository/io/grpc/grpc-protobuf/1.33.0/grpc-protobuf-1.33.0.jar:/home/runner/.m2/repository/io/grpc/grpc-api/1.33.0/grpc-api-1.33.0.jar:/home/runner/.m2/repository/io/grpc/grpc-context/1.33.0/grpc-context-1.33.0.jar:/home/runner/.m2/repository/com/google/api/grpc/proto-google-common-protos/1.17.0/proto-google-common-protos-1.17.0.jar:/home/runner/.m2/repository/io/grpc/grpc-protobuf-lite/1.33.0/grpc-protobuf-lite-1.33.0.jar:/home/runner/.m2/repository/io/grpc/grpc-stub/1.33.0/grpc-stub-1.33.0.jar:/home/runner/.m2/repository/org/apache/ozone/ozone-recon/1.2.0-SNAPSHOT/ozone-recon-1.2.0-SNAPSHOT.jar:/home/runner/.m2/repository/org/apache/ozone/ozone-reconcodegen/1.2.0-SNAPSHOT/ozone-reconcodegen-1.2.0-SNAPSHOT.jar:/home/runner/.m2/repository/com/google/inject/extensions/guice-multibindings/4.0/guice-multibindings-4.0.jar:/home/runner/.m2/repository/com/google/inject/guice/4.0/guice-4.0.jar:/home/runner/.m2/repository/aopalliance/aopalliance/1.0/aopalliance-1.0.jar:/home/runner/.m2/repository/com/google/inject/extensions/guice-assistedinject/4.0/guice-assistedinject-4.0.jar:/home/runner/.m2/repository/com/google/inject/extensions/guice-servlet/4.0/guice-servlet-4.0.jar:/home/runner/.m2/repository/org/glassfish/jersey/containers/jersey-container-servlet/2.33/jersey-container-servlet-2.33.jar:/home/runner/.m2/repository/org/glassfish/hk2/guice-bridge/2.5.0/guice-bridge-2.5.0.jar:/home/runner/.m2/repository/org/glassfish/jersey/core/jersey-server/2.33/jersey-server-2.33.jar:/home/runner/.m2/repository/org/glassfish/jersey/core/jersey-client/2.33/jersey-client-2.33.jar:/home/runner/.m2/repository/jakarta/annotation/jakarta.annotation-api/1.3.5/jakarta.annotation-api-1.3.5.jar:/home/runner/.m2/repository/jakarta/validation/jakarta.validation-api/2.0.2/jakarta.validation-api-2.0.2.jar:/home/runner/.m2/repository/org/glassfish/jersey/media/jersey-media-json-jackson/2.33/jersey-media-json-jackson-2.33.jar:/home/runner/.m2/repository/org/glassfish/jersey/ext/jersey-entity-filtering/2.33/jersey-entity-filtering-2.33.jar:/home/runner/.m2/repository/org/jooq/jooq/3.11.10/jooq-3.11.10.jar:/home/runner/.m2/repository/org/jooq/jooq-meta/3.11.10/jooq-meta-3.11.10.jar:/home/runner/.m2/repository/org/jooq/jooq-codegen/3.11.10/jooq-codegen-3.11.10.jar:/home/runner/.m2/repository/com/jolbox/bonecp/0.8.0.RELEASE/bonecp-0.8.0.RELEASE.jar:/home/runner/.m2/repository/org/apache/derby/derby/10.14.2.0/derby-10.14.2.0.jar:/home/runner/.m2/repository/org/xerial/sqlite-jdbc/3.25.2/sqlite-jdbc-3.25.2.jar:/home/runner/.m2/repository/org/springframework/spring-jdbc/5.2.11.RELEASE/spring-jdbc-5.2.11.RELEASE.jar:/home/runner/.m2/repository/org/springframework/spring-beans/5.2.11.RELEASE/spring-beans-5.2.11.RELEASE.jar:/home/runner/.m2/repository/org/springframework/spring-core/5.2.11.RELEASE/spring-core-5.2.11.RELEASE.jar:/home/runner/.m2/repository/org/springframework/spring-jcl/5.2.11.RELEASE/spring-jcl-5.2.11.RELEASE.jar:/home/runner/.m2/repository/org/springframework/spring-tx/5.2.11.RELEASE/spring-tx-5.2.11.RELEASE.jar:/home/runner/.m2/repository/org/apache/ozone/ozone-client/1.2.0-SNAPSHOT/ozone-client-1.2.0-SNAPSHOT.jar:/home/runner/.m2/repository/org/apache/ozone/ozone-filesystem/1.2.0-SNAPSHOT/ozone-filesystem-1.2.0-SNAPSHOT.jar:/home/runner/.m2/repository/org/apache/ozone/ozone-filesystem-common/1.2.0-SNAPSHOT/ozone-filesystem-common-1.2.0-SNAPSHOT.jar:/home/runner/.m2/repository/org/apache/ozone/ozone-tools/1.2.0-SNAPSHOT/ozone-tools-1.2.0-SNAPSHOT.jar:/home/runner/.m2/repository/org/apache/ratis/ratis-tools/2.1.0-03f3b68-SNAPSHOT/ratis-tools-2.1.0-03f3b68-SNAPSHOT.jar:/home/runner/.m2/repository/org/apache/ratis/ratis-proto/2.1.0-03f3b68-SNAPSHOT/ratis-proto-2.1.0-03f3b68-SNAPSHOT.jar:/home/runner/.m2/repository/org/apache/ratis/ratis-common/2.1.0-03f3b68-SNAPSHOT/ratis-common-2.1.0-03f3b68-SNAPSHOT.jar:/home/runner/.m2/repository/com/amazonaws/aws-java-sdk-core/1.11.901/aws-java-sdk-core-1.11.901.jar:/home/runner/.m2/repository/org/apache/httpcomponents/httpclient/4.5.13/httpclient-4.5.13.jar:/home/runner/.m2/repository/org/apache/httpcomponents/httpcore/4.4.13/httpcore-4.4.13.jar:/home/runner/.m2/repository/software/amazon/ion/ion-java/1.0.2/ion-java-1.0.2.jar:/home/runner/.m2/repository/com/fasterxml/jackson/dataformat/jackson-dataformat-cbor/2.12.1/jackson-dataformat-cbor-2.12.1.jar:/home/runner/.m2/repository/joda-time/joda-time/2.8.1/joda-time-2.8.1.jar:/home/runner/.m2/repository/com/amazonaws/aws-java-sdk-s3/1.11.901/aws-java-sdk-s3-1.11.901.jar:/home/runner/.m2/repository/com/amazonaws/aws-java-sdk-kms/1.11.901/aws-java-sdk-kms-1.11.901.jar:/home/runner/.m2/repository/com/amazonaws/jmespath-java/1.11.901/jmespath-java-1.11.901.jar:/home/runner/.m2/repository/org/kohsuke/metainf-services/metainf-services/1.8/metainf-services-1.8.jar:/home/runner/.m2/repository/org/apache/ozone/hdds-tools/1.2.0-SNAPSHOT/hdds-tools-1.2.0-SNAPSHOT.jar:/home/runner/.m2/repository/commons-cli/commons-cli/1.2/commons-cli-1.2.jar:/home/runner/.m2/repository/org/apache/commons/commons-lang3/3.7/commons-lang3-3.7.jar:/home/runner/.m2/repository/org/apache/ozone/ozone-manager/1.2.0-SNAPSHOT/ozone-manager-1.2.0-SNAPSHOT-tests.jar:/home/runner/.m2/repository/org/apache/ozone/hdds-common/1.2.0-SNAPSHOT/hdds-common-1.2.0-SNAPSHOT-tests.jar:/home/runner/.m2/repository/org/apache/ozone/hdds-hadoop-dependency-client/1.2.0-SNAPSHOT/hdds-hadoop-dependency-client-1.2.0-SNAPSHOT.jar:/home/runner/.m2/repository/info/picocli/picocli/4.4.0/picocli-4.4.0.jar:/home/runner/.m2/repository/com/fasterxml/jackson/core/jackson-annotations/2.12.1/jackson-annotations-2.12.1.jar:/home/runner/.m2/repository/javax/annotation/javax.annotation-api/1.2/javax.annotation-api-1.2.jar:/home/runner/.m2/repository/org/apache/ratis/ratis-server/2.1.0-03f3b68-SNAPSHOT/ratis-server-2.1.0-03f3b68-SNAPSHOT.jar:/home/runner/.m2/repository/org/apache/ratis/ratis-client/2.1.0-03f3b68-SNAPSHOT/ratis-client-2.1.0-03f3b68-SNAPSHOT.jar:/home/runner/.m2/repository/org/apache/ratis/ratis-server-api/2.1.0-03f3b68-SNAPSHOT/ratis-server-api-2.1.0-03f3b68-SNAPSHOT.jar:/home/runner/.m2/repository/org/apache/ratis/ratis-metrics/2.1.0-03f3b68-SNAPSHOT/ratis-metrics-2.1.0-03f3b68-SNAPSHOT.jar:/home/runner/.m2/repository/org/apache/ratis/ratis-netty/2.1.0-03f3b68-SNAPSHOT/ratis-netty-2.1.0-03f3b68-SNAPSHOT.jar:/home/runner/.m2/repository/org/apache/ratis/ratis-grpc/2.1.0-03f3b68-SNAPSHOT/ratis-grpc-2.1.0-03f3b68-SNAPSHOT.jar:/home/runner/.m2/repository/org/apache/logging/log4j/log4j-api/2.13.3/log4j-api-2.13.3.jar:/home/runner/.m2/repository/org/apache/logging/log4j/log4j-core/2.13.3/log4j-core-2.13.3.jar:/home/runner/.m2/repository/com/lmax/disruptor/3.4.2/disruptor-3.4.2.jar:/home/runner/.m2/repository/org/apache/commons/commons-pool2/2.6.0/commons-pool2-2.6.0.jar:/home/runner/.m2/repository/org/bouncycastle/bcpkix-jdk15on/1.67/bcpkix-jdk15on-1.67.jar:/home/runner/.m2/repository/commons-validator/commons-validator/1.6/commons-validator-1.6.jar:/home/runner/.m2/repository/commons-beanutils/commons-beanutils/1.9.4/commons-beanutils-1.9.4.jar:/home/runner/.m2/repository/commons-digester/commons-digester/1.8.1/commons-digester-1.8.1.jar:/home/runner/.m2/repository/commons-collections/commons-collections/3.2.2/commons-collections-3.2.2.jar:/home/runner/.m2/repository/io/jaegertracing/jaeger-client/1.6.0/jaeger-client-1.6.0.jar:/home/runner/.m2/repository/io/jaegertracing/jaeger-thrift/1.6.0/jaeger-thrift-1.6.0.jar:/home/runner/.m2/repository/org/apache/thrift/libthrift/0.14.1/libthrift-0.14.1.jar:/home/runner/.m2/repository/com/squareup/okhttp3/okhttp/4.9.0/okhttp-4.9.0.jar:/home/runner/.m2/repository/com/squareup/okio/okio/2.8.0/okio-2.8.0.jar:/home/runner/.m2/repository/io/jaegertracing/jaeger-core/1.6.0/jaeger-core-1.6.0.jar:/home/runner/.m2/repository/io/jaegertracing/jaeger-tracerresolver/1.6.0/jaeger-tracerresolver-1.6.0.jar:/home/runner/.m2/repository/io/opentracing/contrib/opentracing-tracerresolver/0.1.8/opentracing-tracerresolver-0.1.8.jar:/home/runner/.m2/repository/org/jetbrains/kotlin/kotlin-stdlib/1.4.31/kotlin-stdlib-1.4.31.jar:/home/runner/.m2/repository/org/jetbrains/kotlin/kotlin-stdlib-common/1.4.31/kotlin-stdlib-common-1.4.31.jar:/home/runner/.m2/repository/org/jetbrains/annotations/13.0/annotations-13.0.jar:/home/runner/.m2/repository/io/opentracing/opentracing-util/0.33.0/opentracing-util-0.33.0.jar:/home/runner/.m2/repository/io/opentracing/opentracing-api/0.33.0/opentracing-api-0.33.0.jar:/home/runner/.m2/repository/io/opentracing/opentracing-noop/0.33.0/opentracing-noop-0.33.0.jar:/home/runner/.m2/repository/org/yaml/snakeyaml/1.26/snakeyaml-1.26.jar:/home/runner/.m2/repository/org/apache/ozone/hdds-interface-admin/1.2.0-SNAPSHOT/hdds-interface-admin-1.2.0-SNAPSHOT.jar:/home/runner/.m2/repository/junit/junit/4.13.1/junit-4.13.1.jar:/home/runner/.m2/repository/org/hamcrest/hamcrest-core/1.3/hamcrest-core-1.3.jar:/home/runner/.m2/repository/org/junit/jupiter/junit-jupiter-api/5.7.0/junit-jupiter-api-5.7.0.jar:/home/runner/.m2/repository/org/apiguardian/apiguardian-api/1.1.0/apiguardian-api-1.1.0.jar:/home/runner/.m2/repository/org/opentest4j/opentest4j/1.2.0/opentest4j-1.2.0.jar:/home/runner/.m2/repository/org/junit/platform/junit-platform-commons/1.7.0/junit-platform-commons-1.7.0.jar:/home/runner/.m2/repository/org/junit/jupiter/junit-jupiter-engine/5.7.0/junit-jupiter-engine-5.7.0.jar:/home/runner/.m2/repository/org/junit/platform/junit-platform-engine/1.7.0/junit-platform-engine-1.7.0.jar:/home/runner/.m2/repository/org/junit/vintage/junit-vintage-engine/5.7.0/junit-vintage-engine-5.7.0.jar:/home/runner/.m2/repository/org/junit/platform/junit-platform-launcher/1.7.0/junit-platform-launcher-1.7.0.jar:/home/runner/.m2/repository/org/openjdk/jmh/jmh-core/1.19/jmh-core-1.19.jar:/home/runner/.m2/repository/net/sf/jopt-simple/jopt-simple/4.6/jopt-simple-4.6.jar:/home/runner/.m2/repository/org/apache/commons/commons-math3/3.1.1/commons-math3-3.1.1.jar:/home/runner/.m2/repository/org/openjdk/jmh/jmh-generator-annprocess/1.19/jmh-generator-annprocess-1.19.jar:/home/runner/.m2/repository/org/mockito/mockito-core/2.28.2/mockito-core-2.28.2.jar:/home/runner/.m2/repository/net/bytebuddy/byte-buddy/1.9.10/byte-buddy-1.9.10.jar:/home/runner/.m2/repository/net/bytebuddy/byte-buddy-agent/1.9.10/byte-buddy-agent-1.9.10.jar:/home/runner/.m2/repository/org/objenesis/objenesis/1.0/objenesis-1.0.jar:/home/runner/.m2/repository/org/apache/hadoop/hadoop-kms/3.3.1/hadoop-kms-3.3.1.jar:/home/runner/.m2/repository/org/apache/hadoop/hadoop-auth/3.3.1/hadoop-auth-3.3.1.jar:/home/runner/.m2/repository/com/nimbusds/nimbus-jose-jwt/7.9/nimbus-jose-jwt-7.9.jar:/home/runner/.m2/repository/com/github/stephenc/jcip/jcip-annotations/1.0-1/jcip-annotations-1.0-1.jar:/home/runner/.m2/repository/net/minidev/json-smart/2.3/json-smart-2.3.jar:/home/runner/.m2/repository/net/minidev/accessors-smart/1.2/accessors-smart-1.2.jar:/home/runner/.m2/repository/org/ow2/asm/asm/5.0.4/asm-5.0.4.jar:/home/runner/.m2/repository/org/apache/zookeeper/zookeeper/3.5.6/zookeeper-3.5.6.jar:/home/runner/.m2/repository/org/apache/zookeeper/zookeeper-jute/3.5.6/zookeeper-jute-3.5.6.jar:/home/runner/.m2/repository/org/apache/yetus/audience-annotations/0.5.0/audience-annotations-0.5.0.jar:/home/runner/.m2/repository/org/apache/curator/curator-framework/4.2.0/curator-framework-4.2.0.jar:/home/runner/.m2/repository/org/apache/hadoop/thirdparty/hadoop-shaded-guava/1.1.1/hadoop-shaded-guava-1.1.1.jar:/home/runner/.m2/repository/com/sun/jersey/jersey-core/1.19/jersey-core-1.19.jar:/home/runner/.m2/repository/javax/ws/rs/jsr311-api/1.1.1/jsr311-api-1.1.1.jar:/home/runner/.m2/repository/com/sun/jersey/jersey-server/1.19/jersey-server-1.19.jar:/home/runner/.m2/repository/javax/servlet/javax.servlet-api/3.1.0/javax.servlet-api-3.1.0.jar:/home/runner/.m2/repository/org/eclipse/jetty/jetty-server/9.4.43.v20210629/jetty-server-9.4.43.v20210629.jar:/home/runner/.m2/repository/org/eclipse/jetty/jetty-http/9.4.43.v20210629/jetty-http-9.4.43.v20210629.jar:/home/runner/.m2/repository/org/eclipse/jetty/jetty-io/9.4.43.v20210629/jetty-io-9.4.43.v20210629.jar:/home/runner/.m2/repository/org/eclipse/jetty/jetty-webapp/9.4.43.v20210629/jetty-webapp-9.4.43.v20210629.jar:/home/runner/.m2/repository/org/eclipse/jetty/jetty-xml/9.4.43.v20210629/jetty-xml-9.4.43.v20210629.jar:/home/runner/.m2/repository/org/apache/hadoop/hadoop-common/3.3.1/hadoop-common-3.3.1.jar:/home/runner/.m2/repository/commons-net/commons-net/3.6/commons-net-3.6.jar:/home/runner/.m2/repository/jakarta/activation/jakarta.activation-api/1.2.1/jakarta.activation-api-1.2.1.jar:/home/runner/.m2/repository/com/sun/jersey/jersey-servlet/1.19/jersey-servlet-1.19.jar:/home/runner/.m2/repository/com/sun/jersey/jersey-json/1.19/jersey-json-1.19.jar:/home/runner/.m2/repository/org/codehaus/jettison/jettison/1.1/jettison-1.1.jar:/home/runner/.m2/repository/com/sun/xml/bind/jaxb-impl/2.2.3-1/jaxb-impl-2.2.3-1.jar:/home/runner/.m2/repository/org/codehaus/jackson/jackson-jaxrs/1.9.2/jackson-jaxrs-1.9.2.jar:/home/runner/.m2/repository/org/codehaus/jackson/jackson-xc/1.9.2/jackson-xc-1.9.2.jar:/home/runner/.m2/repository/org/apache/commons/commons-configuration2/2.1.1/commons-configuration2-2.1.1.jar:/home/runner/.m2/repository/org/apache/commons/commons-text/1.4/commons-text-1.4.jar:/home/runner/.m2/repository/com/google/re2j/re2j/1.1/re2j-1.1.jar:/home/runner/.m2/repository/com/jcraft/jsch/0.1.54/jsch-0.1.54.jar:/home/runner/.m2/repository/org/apache/curator/curator-client/4.2.0/curator-client-4.2.0.jar:/home/runner/.m2/repository/org/apache/curator/curator-recipes/4.2.0/curator-recipes-4.2.0.jar:/home/runner/.m2/repository/org/apache/kerby/kerb-core/1.0.1/kerb-core-1.0.1.jar:/home/runner/.m2/repository/org/apache/kerby/kerby-pkix/1.0.1/kerby-pkix-1.0.1.jar:/home/runner/.m2/repository/org/apache/kerby/kerby-asn1/1.0.1/kerby-asn1-1.0.1.jar:/home/runner/.m2/repository/org/apache/kerby/kerby-util/1.0.1/kerby-util-1.0.1.jar:/home/runner/.m2/repository/dnsjava/dnsjava/2.1.7/dnsjava-2.1.7.jar:/home/runner/.m2/repository/org/xerial/snappy/snappy-java/1.1.8.2/snappy-java-1.1.8.2.jar:/home/runner/.m2/repository/org/slf4j/jul-to-slf4j/1.7.30/jul-to-slf4j-1.7.30.jar:/home/runner/.m2/repository/org/eclipse/jetty/jetty-util/9.4.43.v20210629/jetty-util-9.4.43.v20210629.jar:/home/runner/.m2/repository/com/fasterxml/jackson/core/jackson-databind/2.12.1/jackson-databind-2.12.1.jar:/home/runner/.m2/repository/org/apache/hadoop/hadoop-kms/3.3.1/hadoop-kms-3.3.1-tests.jar:/home/runner/.m2/repository/org/apache/ozone/hdds-server-scm/1.2.0-SNAPSHOT/hdds-server-scm-1.2.0-SNAPSHOT-tests.jar:/home/runner/.m2/repository/org/apache/ozone/hdds-container-service/1.2.0-SNAPSHOT/hdds-container-service-1.2.0-SNAPSHOT-tests.jar:/home/runner/.m2/repository/commons-codec/commons-codec/1.11/commons-codec-1.11.jar:/home/runner/.m2/repository/io/netty/netty-transport/4.1.63.Final/netty-transport-4.1.63.Final.jar:/home/runner/.m2/repository/io/netty/netty-resolver/4.1.63.Final/netty-resolver-4.1.63.Final.jar:/home/runner/.m2/repository/io/netty/netty-codec/4.1.63.Final/netty-codec-4.1.63.Final.jar:/home/runner/.m2/repository/io/netty/netty-handler/4.1.63.Final/netty-handler-4.1.63.Final.jar:/home/runner/.m2/repository/org/apache/ozone/hdds-hadoop-dependency-test/1.2.0-SNAPSHOT/hdds-hadoop-dependency-test-1.2.0-SNAPSHOT.jar:/home/runner/.m2/repository/org/apache/hadoop/hadoop-common/3.3.1/hadoop-common-3.3.1-tests.jar:/home/runner/.m2/repository/org/assertj/assertj-core/3.12.2/assertj-core-3.12.2.jar:/home/runner/.m2/repository/org/apache/hadoop/hadoop-hdfs/3.3.1/hadoop-hdfs-3.3.1-tests.jar:/home/runner/.m2/repository/org/eclipse/jetty/jetty-util-ajax/9.4.43.v20210629/jetty-util-ajax-9.4.43.v20210629.jar:/home/runner/.m2/repository/commons-daemon/commons-daemon/1.0.13/commons-daemon-1.0.13.jar:/home/runner/.m2/repository/io/netty/netty/3.10.6.Final/netty-3.10.6.Final.jar:/home/runner/.m2/repository/io/netty/netty-all/4.1.63.Final/netty-all-4.1.63.Final.jar:/home/runner/.m2/repository/org/apache/htrace/htrace-core4/4.1.0-incubating/htrace-core4-4.1.0-incubating.jar:/home/runner/.m2/repository/org/fusesource/leveldbjni/leveldbjni-all/1.8/leveldbjni-all-1.8.jar:/home/runner/.m2/repository/org/apache/hadoop/hadoop-distcp/3.3.1/hadoop-distcp-3.3.1.jar:/home/runner/.m2/repository/org/apache/hadoop/hadoop-mapreduce-client-jobclient/3.3.1/hadoop-mapreduce-client-jobclient-3.3.1.jar:/home/runner/.m2/repository/org/apache/hadoop/hadoop-mapreduce-client-common/3.3.1/hadoop-mapreduce-client-common-3.3.1.jar:/home/runner/.m2/repository/org/apache/hadoop/hadoop-yarn-common/3.3.1/hadoop-yarn-common-3.3.1.jar:/home/runner/.m2/repository/org/apache/hadoop/hadoop-yarn-api/3.3.1/hadoop-yarn-api-3.3.1.jar:/home/runner/.m2/repository/com/sun/jersey/jersey-client/1.19/jersey-client-1.19.jar:/home/runner/.m2/repository/com/sun/jersey/contribs/jersey-guice/1.19/jersey-guice-1.19.jar:/home/runner/.m2/repository/com/fasterxml/jackson/jaxrs/jackson-jaxrs-json-provider/2.12.1/jackson-jaxrs-json-provider-2.12.1.jar:/home/runner/.m2/repository/com/fasterxml/jackson/jaxrs/jackson-jaxrs-base/2.12.1/jackson-jaxrs-base-2.12.1.jar:/home/runner/.m2/repository/org/apache/hadoop/hadoop-yarn-client/3.3.1/hadoop-yarn-client-3.3.1.jar:/home/runner/.m2/repository/org/eclipse/jetty/websocket/websocket-client/9.4.40.v20210413/websocket-client-9.4.40.v20210413.jar:/home/runner/.m2/repository/org/eclipse/jetty/jetty-client/9.4.40.v20210413/jetty-client-9.4.40.v20210413.jar:/home/runner/.m2/repository/org/eclipse/jetty/websocket/websocket-common/9.4.40.v20210413/websocket-common-9.4.40.v20210413.jar:/home/runner/.m2/repository/org/eclipse/jetty/websocket/websocket-api/9.4.40.v20210413/websocket-api-9.4.40.v20210413.jar:/home/runner/.m2/repository/org/jline/jline/3.9.0/jline-3.9.0.jar:/home/runner/.m2/repository/org/apache/hadoop/hadoop-mapreduce-client-core/3.3.1/hadoop-mapreduce-client-core-3.3.1.jar:/home/runner/.m2/repository/org/apache/avro/avro/1.7.7/avro-1.7.7.jar:/home/runner/.m2/repository/org/codehaus/jackson/jackson-core-asl/1.9.13/jackson-core-asl-1.9.13.jar:/home/runner/.m2/repository/org/codehaus/jackson/jackson-mapper-asl/1.9.13/jackson-mapper-asl-1.9.13.jar:/home/runner/.m2/repository/com/thoughtworks/paranamer/paranamer/2.3/paranamer-2.3.jar:/home/runner/.m2/repository/org/apache/hadoop/hadoop-annotations/3.3.1/hadoop-annotations-3.3.1.jar:/usr/lib/jvm/adoptopenjdk-8-hotspot-amd64/jre/../lib/tools.jar:/home/runner/.m2/repository/org/apache/hadoop/hadoop-distcp/3.3.1/hadoop-distcp-3.3.1-tests.jar:"/>
    <property name="java.vm.vendor" value="AdoptOpenJDK"/>
    <property name="sun.arch.data.model" value="64"/>
    <property name="test.build.dir" value="/home/runner/work/ozone/ozone/hadoop-ozone/integration-test/target/test-dir"/>
    <property name="test.cache.data" value=""/>
    <property name="java.vendor.url" value="https://adoptopenjdk.net/"/>
    <property name="user.timezone" value=""/>
    <property name="java.vm.specification.version" value="1.8"/>
    <property name="os.name" value="Linux"/>
    <property name="test.build.data" value="/home/runner/work/ozone/ozone/hadoop-ozone/integration-test/target/test-dir"/>
    <property name="sun.java.launcher" value="SUN_STANDARD"/>
    <property name="sun.boot.library.path" value="/usr/lib/jvm/adoptopenjdk-8-hotspot-amd64/jre/lib/amd64"/>
    <property name="sun.java.command" value="/home/runner/work/ozone/ozone/hadoop-ozone/integration-test/target/surefire/surefirebooter6888927806372807186.jar /home/runner/work/ozone/ozone/hadoop-ozone/integration-test/target/surefire 2021-08-17T01-12-26_824-jvmRun1 surefire7615034326472621600tmp surefire_146755494800650475298tmp"/>
    <property name="surefire.test.class.path" value="/home/runner/work/ozone/ozone/hadoop-ozone/integration-test/target/test-classes:/home/runner/work/ozone/ozone/hadoop-ozone/integration-test/target/classes:/home/runner/.m2/repository/org/apache/ozone/ozone-common/1.2.0-SNAPSHOT/ozone-common-1.2.0-SNAPSHOT.jar:/home/runner/.m2/repository/org/apache/commons/commons-compress/1.20/commons-compress-1.20.jar:/home/runner/.m2/repository/org/apache/ozone/hdds-common/1.2.0-SNAPSHOT/hdds-common-1.2.0-SNAPSHOT.jar:/home/runner/.m2/repository/org/apache/ozone/hdds-client/1.2.0-SNAPSHOT/hdds-client-1.2.0-SNAPSHOT.jar:/home/runner/.m2/repository/org/apache/ozone/ozone-interface-client/1.2.0-SNAPSHOT/ozone-interface-client-1.2.0-SNAPSHOT.jar:/home/runner/.m2/repository/org/apache/ozone/hdds-server-framework/1.2.0-SNAPSHOT/hdds-server-framework-1.2.0-SNAPSHOT.jar:/home/runner/.m2/repository/org/apache/ozone/hdds-interface-server/1.2.0-SNAPSHOT/hdds-interface-server-1.2.0-SNAPSHOT.jar:/home/runner/.m2/repository/org/eclipse/jetty/jetty-servlet/9.4.43.v20210629/jetty-servlet-9.4.43.v20210629.jar:/home/runner/.m2/repository/org/eclipse/jetty/jetty-security/9.4.43.v20210629/jetty-security-9.4.43.v20210629.jar:/home/runner/.m2/repository/org/rocksdb/rocksdbjni/6.20.3/rocksdbjni-6.20.3.jar:/home/runner/.m2/repository/io/prometheus/simpleclient_dropwizard/0.7.0/simpleclient_dropwizard-0.7.0.jar:/home/runner/.m2/repository/io/prometheus/simpleclient/0.7.0/simpleclient-0.7.0.jar:/home/runner/.m2/repository/io/prometheus/simpleclient_common/0.7.0/simpleclient_common-0.7.0.jar:/home/runner/.m2/repository/com/fasterxml/jackson/datatype/jackson-datatype-jsr310/2.12.1/jackson-datatype-jsr310-2.12.1.jar:/home/runner/.m2/repository/org/apache/ozone/hdds-test-utils/1.2.0-SNAPSHOT/hdds-test-utils-1.2.0-SNAPSHOT.jar:/home/runner/.m2/repository/com/google/guava/guava/30.1.1-jre/guava-30.1.1-jre.jar:/home/runner/.m2/repository/com/google/guava/failureaccess/1.0.1/failureaccess-1.0.1.jar:/home/runner/.m2/repository/com/google/guava/listenablefuture/9999.0-empty-to-avoid-conflict-with-guava/listenablefuture-9999.0-empty-to-avoid-conflict-with-guava.jar:/home/runner/.m2/repository/com/google/code/findbugs/jsr305/3.0.0/jsr305-3.0.0.jar:/home/runner/.m2/repository/org/checkerframework/checker-qual/3.8.0/checker-qual-3.8.0.jar:/home/runner/.m2/repository/com/google/errorprone/error_prone_annotations/2.2.0/error_prone_annotations-2.2.0.jar:/home/runner/.m2/repository/com/google/j2objc/j2objc-annotations/1.3/j2objc-annotations-1.3.jar:/home/runner/.m2/repository/commons-io/commons-io/2.8.0/commons-io-2.8.0.jar:/home/runner/.m2/repository/commons-logging/commons-logging/1.2/commons-logging-1.2.jar:/home/runner/.m2/repository/log4j/log4j/1.2.17/log4j-1.2.17.jar:/home/runner/.m2/repository/org/slf4j/slf4j-api/1.7.30/slf4j-api-1.7.30.jar:/home/runner/.m2/repository/org/apache/ozone/hdds-server-scm/1.2.0-SNAPSHOT/hdds-server-scm-1.2.0-SNAPSHOT.jar:/home/runner/.m2/repository/org/apache/ozone/hdds-container-service/1.2.0-SNAPSHOT/hdds-container-service-1.2.0-SNAPSHOT.jar:/home/runner/.m2/repository/org/apache/ozone/hdds-hadoop-dependency-server/1.2.0-SNAPSHOT/hdds-hadoop-dependency-server-1.2.0-SNAPSHOT.jar:/home/runner/.m2/repository/org/apache/hadoop/hadoop-hdfs/3.3.1/hadoop-hdfs-3.3.1.jar:/home/runner/.m2/repository/io/dropwizard/metrics/metrics-core/3.2.4/metrics-core-3.2.4.jar:/home/runner/.m2/repository/org/apache/hadoop/hadoop-hdfs-client/3.3.1/hadoop-hdfs-client-3.3.1.jar:/home/runner/.m2/repository/org/bouncycastle/bcprov-jdk15on/1.67/bcprov-jdk15on-1.67.jar:/home/runner/.m2/repository/com/google/protobuf/protobuf-java/2.5.0/protobuf-java-2.5.0.jar:/home/runner/.m2/repository/org/apache/ozone/ozone-manager/1.2.0-SNAPSHOT/ozone-manager-1.2.0-SNAPSHOT.jar:/home/runner/.m2/repository/org/aspectj/aspectjrt/1.8.9/aspectjrt-1.8.9.jar:/home/runner/.m2/repository/org/aspectj/aspectjweaver/1.8.9/aspectjweaver-1.8.9.jar:/home/runner/.m2/repository/org/apache/ozone/hdds-interface-client/1.2.0-SNAPSHOT/hdds-interface-client-1.2.0-SNAPSHOT.jar:/home/runner/.m2/repository/org/apache/hadoop/thirdparty/hadoop-shaded-protobuf_3_7/1.1.1/hadoop-shaded-protobuf_3_7-1.1.1.jar:/home/runner/.m2/repository/org/apache/ratis/ratis-thirdparty-misc/0.7.0/ratis-thirdparty-misc-0.7.0.jar:/home/runner/.m2/repository/org/apache/ozone/ozone-interface-storage/1.2.0-SNAPSHOT/ozone-interface-storage-1.2.0-SNAPSHOT.jar:/home/runner/.m2/repository/org/reflections/reflections/0.9.11/reflections-0.9.11.jar:/home/runner/.m2/repository/org/apache/hadoop/hadoop-minikdc/3.3.1/hadoop-minikdc-3.3.1.jar:/home/runner/.m2/repository/org/apache/kerby/kerb-simplekdc/1.0.1/kerb-simplekdc-1.0.1.jar:/home/runner/.m2/repository/org/apache/kerby/kerb-client/1.0.1/kerb-client-1.0.1.jar:/home/runner/.m2/repository/org/apache/kerby/kerby-config/1.0.1/kerby-config-1.0.1.jar:/home/runner/.m2/repository/org/apache/kerby/kerb-common/1.0.1/kerb-common-1.0.1.jar:/home/runner/.m2/repository/org/apache/kerby/kerb-crypto/1.0.1/kerb-crypto-1.0.1.jar:/home/runner/.m2/repository/org/apache/kerby/kerb-util/1.0.1/kerb-util-1.0.1.jar:/home/runner/.m2/repository/org/apache/kerby/token-provider/1.0.1/token-provider-1.0.1.jar:/home/runner/.m2/repository/org/apache/kerby/kerb-admin/1.0.1/kerb-admin-1.0.1.jar:/home/runner/.m2/repository/org/apache/kerby/kerb-server/1.0.1/kerb-server-1.0.1.jar:/home/runner/.m2/repository/org/apache/kerby/kerb-identity/1.0.1/kerb-identity-1.0.1.jar:/home/runner/.m2/repository/org/apache/kerby/kerby-xdr/1.0.1/kerby-xdr-1.0.1.jar:/home/runner/.m2/repository/org/slf4j/slf4j-log4j12/1.7.30/slf4j-log4j12-1.7.30.jar:/home/runner/.m2/repository/org/apache/ozone/ozone-s3gateway/1.2.0-SNAPSHOT/ozone-s3gateway-1.2.0-SNAPSHOT.jar:/home/runner/.m2/repository/org/javassist/javassist/3.21.0-GA/javassist-3.21.0-GA.jar:/home/runner/.m2/repository/org/jboss/weld/servlet/weld-servlet/2.4.7.Final/weld-servlet-2.4.7.Final.jar:/home/runner/.m2/repository/org/glassfish/jersey/containers/jersey-container-servlet-core/2.33/jersey-container-servlet-core-2.33.jar:/home/runner/.m2/repository/org/glassfish/hk2/external/jakarta.inject/2.6.1/jakarta.inject-2.6.1.jar:/home/runner/.m2/repository/org/glassfish/jersey/core/jersey-common/2.33/jersey-common-2.33.jar:/home/runner/.m2/repository/jakarta/ws/rs/jakarta.ws.rs-api/2.1.6/jakarta.ws.rs-api-2.1.6.jar:/home/runner/.m2/repository/org/glassfish/jersey/ext/cdi/jersey-cdi1x/2.33/jersey-cdi1x-2.33.jar:/home/runner/.m2/repository/org/glassfish/jersey/inject/jersey-hk2/2.33/jersey-hk2-2.33.jar:/home/runner/.m2/repository/org/glassfish/hk2/hk2-locator/2.6.1/hk2-locator-2.6.1.jar:/home/runner/.m2/repository/org/glassfish/jersey/media/jersey-media-jaxb/2.33/jersey-media-jaxb-2.33.jar:/home/runner/.m2/repository/org/glassfish/hk2/osgi-resource-locator/1.0.3/osgi-resource-locator-1.0.3.jar:/home/runner/.m2/repository/org/glassfish/hk2/hk2-api/2.5.0/hk2-api-2.5.0.jar:/home/runner/.m2/repository/org/glassfish/hk2/hk2-utils/2.5.0/hk2-utils-2.5.0.jar:/home/runner/.m2/repository/org/glassfish/hk2/external/aopalliance-repackaged/2.5.0/aopalliance-repackaged-2.5.0.jar:/home/runner/.m2/repository/com/fasterxml/jackson/dataformat/jackson-dataformat-xml/2.12.1/jackson-dataformat-xml-2.12.1.jar:/home/runner/.m2/repository/com/fasterxml/jackson/core/jackson-core/2.12.1/jackson-core-2.12.1.jar:/home/runner/.m2/repository/com/fasterxml/jackson/module/jackson-module-jaxb-annotations/2.12.1/jackson-module-jaxb-annotations-2.12.1.jar:/home/runner/.m2/repository/jakarta/xml/bind/jakarta.xml.bind-api/2.3.2/jakarta.xml.bind-api-2.3.2.jar:/home/runner/.m2/repository/org/codehaus/woodstox/stax2-api/3.1.4/stax2-api-3.1.4.jar:/home/runner/.m2/repository/com/fasterxml/woodstox/woodstox-core/5.0.3/woodstox-core-5.0.3.jar:/home/runner/.m2/repository/javax/enterprise/cdi-api/1.2/cdi-api-1.2.jar:/home/runner/.m2/repository/javax/el/javax.el-api/3.0.0/javax.el-api-3.0.0.jar:/home/runner/.m2/repository/javax/interceptor/javax.interceptor-api/1.2/javax.interceptor-api-1.2.jar:/home/runner/.m2/repository/javax/inject/javax.inject/1/javax.inject-1.jar:/home/runner/.m2/repository/javax/xml/bind/jaxb-api/2.3.0/jaxb-api-2.3.0.jar:/home/runner/.m2/repository/org/glassfish/jaxb/jaxb-runtime/2.3.0.1/jaxb-runtime-2.3.0.1.jar:/home/runner/.m2/repository/org/glassfish/jaxb/jaxb-core/2.3.0.1/jaxb-core-2.3.0.1.jar:/home/runner/.m2/repository/org/glassfish/jaxb/txw2/2.3.0.1/txw2-2.3.0.1.jar:/home/runner/.m2/repository/com/sun/istack/istack-commons-runtime/3.0.5/istack-commons-runtime-3.0.5.jar:/home/runner/.m2/repository/org/jvnet/staxex/stax-ex/1.7.8/stax-ex-1.7.8.jar:/home/runner/.m2/repository/com/sun/xml/fastinfoset/FastInfoset/1.2.13/FastInfoset-1.2.13.jar:/home/runner/.m2/repository/javax/activation/activation/1.1.1/activation-1.1.1.jar:/home/runner/.m2/repository/org/apache/ozone/ozone-csi/1.2.0-SNAPSHOT/ozone-csi-1.2.0-SNAPSHOT.jar:/home/runner/.m2/repository/com/google/protobuf/protobuf-java-util/3.12.0/protobuf-java-util-3.12.0.jar:/home/runner/.m2/repository/com/google/code/gson/gson/2.2.4/gson-2.2.4.jar:/home/runner/.m2/repository/org/apache/ozone/hdds-config/1.2.0-SNAPSHOT/hdds-config-1.2.0-SNAPSHOT.jar:/home/runner/.m2/repository/io/grpc/grpc-netty/1.33.0/grpc-netty-1.33.0.jar:/home/runner/.m2/repository/io/grpc/grpc-core/1.33.0/grpc-core-1.33.0.jar:/home/runner/.m2/repository/com/google/android/annotations/4.1.1.4/annotations-4.1.1.4.jar:/home/runner/.m2/repository/io/netty/netty-codec-http2/4.1.63.Final/netty-codec-http2-4.1.63.Final.jar:/home/runner/.m2/repository/io/netty/netty-codec-http/4.1.63.Final/netty-codec-http-4.1.63.Final.jar:/home/runner/.m2/repository/io/netty/netty-handler-proxy/4.1.63.Final/netty-handler-proxy-4.1.63.Final.jar:/home/runner/.m2/repository/io/netty/netty-codec-socks/4.1.63.Final/netty-codec-socks-4.1.63.Final.jar:/home/runner/.m2/repository/io/perfmark/perfmark-api/0.19.0/perfmark-api-0.19.0.jar:/home/runner/.m2/repository/org/codehaus/mojo/animal-sniffer-annotations/1.18/animal-sniffer-annotations-1.18.jar:/home/runner/.m2/repository/io/netty/netty-transport-native-epoll/4.1.63.Final/netty-transport-native-epoll-4.1.63.Final.jar:/home/runner/.m2/repository/io/netty/netty-common/4.1.63.Final/netty-common-4.1.63.Final.jar:/home/runner/.m2/repository/io/netty/netty-buffer/4.1.63.Final/netty-buffer-4.1.63.Final.jar:/home/runner/.m2/repository/io/netty/netty-transport-native-unix-common/4.1.63.Final/netty-transport-native-unix-common-4.1.63.Final.jar:/home/runner/.m2/repository/io/grpc/grpc-protobuf/1.33.0/grpc-protobuf-1.33.0.jar:/home/runner/.m2/repository/io/grpc/grpc-api/1.33.0/grpc-api-1.33.0.jar:/home/runner/.m2/repository/io/grpc/grpc-context/1.33.0/grpc-context-1.33.0.jar:/home/runner/.m2/repository/com/google/api/grpc/proto-google-common-protos/1.17.0/proto-google-common-protos-1.17.0.jar:/home/runner/.m2/repository/io/grpc/grpc-protobuf-lite/1.33.0/grpc-protobuf-lite-1.33.0.jar:/home/runner/.m2/repository/io/grpc/grpc-stub/1.33.0/grpc-stub-1.33.0.jar:/home/runner/.m2/repository/org/apache/ozone/ozone-recon/1.2.0-SNAPSHOT/ozone-recon-1.2.0-SNAPSHOT.jar:/home/runner/.m2/repository/org/apache/ozone/ozone-reconcodegen/1.2.0-SNAPSHOT/ozone-reconcodegen-1.2.0-SNAPSHOT.jar:/home/runner/.m2/repository/com/google/inject/extensions/guice-multibindings/4.0/guice-multibindings-4.0.jar:/home/runner/.m2/repository/com/google/inject/guice/4.0/guice-4.0.jar:/home/runner/.m2/repository/aopalliance/aopalliance/1.0/aopalliance-1.0.jar:/home/runner/.m2/repository/com/google/inject/extensions/guice-assistedinject/4.0/guice-assistedinject-4.0.jar:/home/runner/.m2/repository/com/google/inject/extensions/guice-servlet/4.0/guice-servlet-4.0.jar:/home/runner/.m2/repository/org/glassfish/jersey/containers/jersey-container-servlet/2.33/jersey-container-servlet-2.33.jar:/home/runner/.m2/repository/org/glassfish/hk2/guice-bridge/2.5.0/guice-bridge-2.5.0.jar:/home/runner/.m2/repository/org/glassfish/jersey/core/jersey-server/2.33/jersey-server-2.33.jar:/home/runner/.m2/repository/org/glassfish/jersey/core/jersey-client/2.33/jersey-client-2.33.jar:/home/runner/.m2/repository/jakarta/annotation/jakarta.annotation-api/1.3.5/jakarta.annotation-api-1.3.5.jar:/home/runner/.m2/repository/jakarta/validation/jakarta.validation-api/2.0.2/jakarta.validation-api-2.0.2.jar:/home/runner/.m2/repository/org/glassfish/jersey/media/jersey-media-json-jackson/2.33/jersey-media-json-jackson-2.33.jar:/home/runner/.m2/repository/org/glassfish/jersey/ext/jersey-entity-filtering/2.33/jersey-entity-filtering-2.33.jar:/home/runner/.m2/repository/org/jooq/jooq/3.11.10/jooq-3.11.10.jar:/home/runner/.m2/repository/org/jooq/jooq-meta/3.11.10/jooq-meta-3.11.10.jar:/home/runner/.m2/repository/org/jooq/jooq-codegen/3.11.10/jooq-codegen-3.11.10.jar:/home/runner/.m2/repository/com/jolbox/bonecp/0.8.0.RELEASE/bonecp-0.8.0.RELEASE.jar:/home/runner/.m2/repository/org/apache/derby/derby/10.14.2.0/derby-10.14.2.0.jar:/home/runner/.m2/repository/org/xerial/sqlite-jdbc/3.25.2/sqlite-jdbc-3.25.2.jar:/home/runner/.m2/repository/org/springframework/spring-jdbc/5.2.11.RELEASE/spring-jdbc-5.2.11.RELEASE.jar:/home/runner/.m2/repository/org/springframework/spring-beans/5.2.11.RELEASE/spring-beans-5.2.11.RELEASE.jar:/home/runner/.m2/repository/org/springframework/spring-core/5.2.11.RELEASE/spring-core-5.2.11.RELEASE.jar:/home/runner/.m2/repository/org/springframework/spring-jcl/5.2.11.RELEASE/spring-jcl-5.2.11.RELEASE.jar:/home/runner/.m2/repository/org/springframework/spring-tx/5.2.11.RELEASE/spring-tx-5.2.11.RELEASE.jar:/home/runner/.m2/repository/org/apache/ozone/ozone-client/1.2.0-SNAPSHOT/ozone-client-1.2.0-SNAPSHOT.jar:/home/runner/.m2/repository/org/apache/ozone/ozone-filesystem/1.2.0-SNAPSHOT/ozone-filesystem-1.2.0-SNAPSHOT.jar:/home/runner/.m2/repository/org/apache/ozone/ozone-filesystem-common/1.2.0-SNAPSHOT/ozone-filesystem-common-1.2.0-SNAPSHOT.jar:/home/runner/.m2/repository/org/apache/ozone/ozone-tools/1.2.0-SNAPSHOT/ozone-tools-1.2.0-SNAPSHOT.jar:/home/runner/.m2/repository/org/apache/ratis/ratis-tools/2.1.0-03f3b68-SNAPSHOT/ratis-tools-2.1.0-03f3b68-SNAPSHOT.jar:/home/runner/.m2/repository/org/apache/ratis/ratis-proto/2.1.0-03f3b68-SNAPSHOT/ratis-proto-2.1.0-03f3b68-SNAPSHOT.jar:/home/runner/.m2/repository/org/apache/ratis/ratis-common/2.1.0-03f3b68-SNAPSHOT/ratis-common-2.1.0-03f3b68-SNAPSHOT.jar:/home/runner/.m2/repository/com/amazonaws/aws-java-sdk-core/1.11.901/aws-java-sdk-core-1.11.901.jar:/home/runner/.m2/repository/org/apache/httpcomponents/httpclient/4.5.13/httpclient-4.5.13.jar:/home/runner/.m2/repository/org/apache/httpcomponents/httpcore/4.4.13/httpcore-4.4.13.jar:/home/runner/.m2/repository/software/amazon/ion/ion-java/1.0.2/ion-java-1.0.2.jar:/home/runner/.m2/repository/com/fasterxml/jackson/dataformat/jackson-dataformat-cbor/2.12.1/jackson-dataformat-cbor-2.12.1.jar:/home/runner/.m2/repository/joda-time/joda-time/2.8.1/joda-time-2.8.1.jar:/home/runner/.m2/repository/com/amazonaws/aws-java-sdk-s3/1.11.901/aws-java-sdk-s3-1.11.901.jar:/home/runner/.m2/repository/com/amazonaws/aws-java-sdk-kms/1.11.901/aws-java-sdk-kms-1.11.901.jar:/home/runner/.m2/repository/com/amazonaws/jmespath-java/1.11.901/jmespath-java-1.11.901.jar:/home/runner/.m2/repository/org/kohsuke/metainf-services/metainf-services/1.8/metainf-services-1.8.jar:/home/runner/.m2/repository/org/apache/ozone/hdds-tools/1.2.0-SNAPSHOT/hdds-tools-1.2.0-SNAPSHOT.jar:/home/runner/.m2/repository/commons-cli/commons-cli/1.2/commons-cli-1.2.jar:/home/runner/.m2/repository/org/apache/commons/commons-lang3/3.7/commons-lang3-3.7.jar:/home/runner/.m2/repository/org/apache/ozone/ozone-manager/1.2.0-SNAPSHOT/ozone-manager-1.2.0-SNAPSHOT-tests.jar:/home/runner/.m2/repository/org/apache/ozone/hdds-common/1.2.0-SNAPSHOT/hdds-common-1.2.0-SNAPSHOT-tests.jar:/home/runner/.m2/repository/org/apache/ozone/hdds-hadoop-dependency-client/1.2.0-SNAPSHOT/hdds-hadoop-dependency-client-1.2.0-SNAPSHOT.jar:/home/runner/.m2/repository/info/picocli/picocli/4.4.0/picocli-4.4.0.jar:/home/runner/.m2/repository/com/fasterxml/jackson/core/jackson-annotations/2.12.1/jackson-annotations-2.12.1.jar:/home/runner/.m2/repository/javax/annotation/javax.annotation-api/1.2/javax.annotation-api-1.2.jar:/home/runner/.m2/repository/org/apache/ratis/ratis-server/2.1.0-03f3b68-SNAPSHOT/ratis-server-2.1.0-03f3b68-SNAPSHOT.jar:/home/runner/.m2/repository/org/apache/ratis/ratis-client/2.1.0-03f3b68-SNAPSHOT/ratis-client-2.1.0-03f3b68-SNAPSHOT.jar:/home/runner/.m2/repository/org/apache/ratis/ratis-server-api/2.1.0-03f3b68-SNAPSHOT/ratis-server-api-2.1.0-03f3b68-SNAPSHOT.jar:/home/runner/.m2/repository/org/apache/ratis/ratis-metrics/2.1.0-03f3b68-SNAPSHOT/ratis-metrics-2.1.0-03f3b68-SNAPSHOT.jar:/home/runner/.m2/repository/org/apache/ratis/ratis-netty/2.1.0-03f3b68-SNAPSHOT/ratis-netty-2.1.0-03f3b68-SNAPSHOT.jar:/home/runner/.m2/repository/org/apache/ratis/ratis-grpc/2.1.0-03f3b68-SNAPSHOT/ratis-grpc-2.1.0-03f3b68-SNAPSHOT.jar:/home/runner/.m2/repository/org/apache/logging/log4j/log4j-api/2.13.3/log4j-api-2.13.3.jar:/home/runner/.m2/repository/org/apache/logging/log4j/log4j-core/2.13.3/log4j-core-2.13.3.jar:/home/runner/.m2/repository/com/lmax/disruptor/3.4.2/disruptor-3.4.2.jar:/home/runner/.m2/repository/org/apache/commons/commons-pool2/2.6.0/commons-pool2-2.6.0.jar:/home/runner/.m2/repository/org/bouncycastle/bcpkix-jdk15on/1.67/bcpkix-jdk15on-1.67.jar:/home/runner/.m2/repository/commons-validator/commons-validator/1.6/commons-validator-1.6.jar:/home/runner/.m2/repository/commons-beanutils/commons-beanutils/1.9.4/commons-beanutils-1.9.4.jar:/home/runner/.m2/repository/commons-digester/commons-digester/1.8.1/commons-digester-1.8.1.jar:/home/runner/.m2/repository/commons-collections/commons-collections/3.2.2/commons-collections-3.2.2.jar:/home/runner/.m2/repository/io/jaegertracing/jaeger-client/1.6.0/jaeger-client-1.6.0.jar:/home/runner/.m2/repository/io/jaegertracing/jaeger-thrift/1.6.0/jaeger-thrift-1.6.0.jar:/home/runner/.m2/repository/org/apache/thrift/libthrift/0.14.1/libthrift-0.14.1.jar:/home/runner/.m2/repository/com/squareup/okhttp3/okhttp/4.9.0/okhttp-4.9.0.jar:/home/runner/.m2/repository/com/squareup/okio/okio/2.8.0/okio-2.8.0.jar:/home/runner/.m2/repository/io/jaegertracing/jaeger-core/1.6.0/jaeger-core-1.6.0.jar:/home/runner/.m2/repository/io/jaegertracing/jaeger-tracerresolver/1.6.0/jaeger-tracerresolver-1.6.0.jar:/home/runner/.m2/repository/io/opentracing/contrib/opentracing-tracerresolver/0.1.8/opentracing-tracerresolver-0.1.8.jar:/home/runner/.m2/repository/org/jetbrains/kotlin/kotlin-stdlib/1.4.31/kotlin-stdlib-1.4.31.jar:/home/runner/.m2/repository/org/jetbrains/kotlin/kotlin-stdlib-common/1.4.31/kotlin-stdlib-common-1.4.31.jar:/home/runner/.m2/repository/org/jetbrains/annotations/13.0/annotations-13.0.jar:/home/runner/.m2/repository/io/opentracing/opentracing-util/0.33.0/opentracing-util-0.33.0.jar:/home/runner/.m2/repository/io/opentracing/opentracing-api/0.33.0/opentracing-api-0.33.0.jar:/home/runner/.m2/repository/io/opentracing/opentracing-noop/0.33.0/opentracing-noop-0.33.0.jar:/home/runner/.m2/repository/org/yaml/snakeyaml/1.26/snakeyaml-1.26.jar:/home/runner/.m2/repository/org/apache/ozone/hdds-interface-admin/1.2.0-SNAPSHOT/hdds-interface-admin-1.2.0-SNAPSHOT.jar:/home/runner/.m2/repository/junit/junit/4.13.1/junit-4.13.1.jar:/home/runner/.m2/repository/org/hamcrest/hamcrest-core/1.3/hamcrest-core-1.3.jar:/home/runner/.m2/repository/org/junit/jupiter/junit-jupiter-api/5.7.0/junit-jupiter-api-5.7.0.jar:/home/runner/.m2/repository/org/apiguardian/apiguardian-api/1.1.0/apiguardian-api-1.1.0.jar:/home/runner/.m2/repository/org/opentest4j/opentest4j/1.2.0/opentest4j-1.2.0.jar:/home/runner/.m2/repository/org/junit/platform/junit-platform-commons/1.7.0/junit-platform-commons-1.7.0.jar:/home/runner/.m2/repository/org/junit/jupiter/junit-jupiter-engine/5.7.0/junit-jupiter-engine-5.7.0.jar:/home/runner/.m2/repository/org/junit/platform/junit-platform-engine/1.7.0/junit-platform-engine-1.7.0.jar:/home/runner/.m2/repository/org/junit/vintage/junit-vintage-engine/5.7.0/junit-vintage-engine-5.7.0.jar:/home/runner/.m2/repository/org/junit/platform/junit-platform-launcher/1.7.0/junit-platform-launcher-1.7.0.jar:/home/runner/.m2/repository/org/openjdk/jmh/jmh-core/1.19/jmh-core-1.19.jar:/home/runner/.m2/repository/net/sf/jopt-simple/jopt-simple/4.6/jopt-simple-4.6.jar:/home/runner/.m2/repository/org/apache/commons/commons-math3/3.1.1/commons-math3-3.1.1.jar:/home/runner/.m2/repository/org/openjdk/jmh/jmh-generator-annprocess/1.19/jmh-generator-annprocess-1.19.jar:/home/runner/.m2/repository/org/mockito/mockito-core/2.28.2/mockito-core-2.28.2.jar:/home/runner/.m2/repository/net/bytebuddy/byte-buddy/1.9.10/byte-buddy-1.9.10.jar:/home/runner/.m2/repository/net/bytebuddy/byte-buddy-agent/1.9.10/byte-buddy-agent-1.9.10.jar:/home/runner/.m2/repository/org/objenesis/objenesis/1.0/objenesis-1.0.jar:/home/runner/.m2/repository/org/apache/hadoop/hadoop-kms/3.3.1/hadoop-kms-3.3.1.jar:/home/runner/.m2/repository/org/apache/hadoop/hadoop-auth/3.3.1/hadoop-auth-3.3.1.jar:/home/runner/.m2/repository/com/nimbusds/nimbus-jose-jwt/7.9/nimbus-jose-jwt-7.9.jar:/home/runner/.m2/repository/com/github/stephenc/jcip/jcip-annotations/1.0-1/jcip-annotations-1.0-1.jar:/home/runner/.m2/repository/net/minidev/json-smart/2.3/json-smart-2.3.jar:/home/runner/.m2/repository/net/minidev/accessors-smart/1.2/accessors-smart-1.2.jar:/home/runner/.m2/repository/org/ow2/asm/asm/5.0.4/asm-5.0.4.jar:/home/runner/.m2/repository/org/apache/zookeeper/zookeeper/3.5.6/zookeeper-3.5.6.jar:/home/runner/.m2/repository/org/apache/zookeeper/zookeeper-jute/3.5.6/zookeeper-jute-3.5.6.jar:/home/runner/.m2/repository/org/apache/yetus/audience-annotations/0.5.0/audience-annotations-0.5.0.jar:/home/runner/.m2/repository/org/apache/curator/curator-framework/4.2.0/curator-framework-4.2.0.jar:/home/runner/.m2/repository/org/apache/hadoop/thirdparty/hadoop-shaded-guava/1.1.1/hadoop-shaded-guava-1.1.1.jar:/home/runner/.m2/repository/com/sun/jersey/jersey-core/1.19/jersey-core-1.19.jar:/home/runner/.m2/repository/javax/ws/rs/jsr311-api/1.1.1/jsr311-api-1.1.1.jar:/home/runner/.m2/repository/com/sun/jersey/jersey-server/1.19/jersey-server-1.19.jar:/home/runner/.m2/repository/javax/servlet/javax.servlet-api/3.1.0/javax.servlet-api-3.1.0.jar:/home/runner/.m2/repository/org/eclipse/jetty/jetty-server/9.4.43.v20210629/jetty-server-9.4.43.v20210629.jar:/home/runner/.m2/repository/org/eclipse/jetty/jetty-http/9.4.43.v20210629/jetty-http-9.4.43.v20210629.jar:/home/runner/.m2/repository/org/eclipse/jetty/jetty-io/9.4.43.v20210629/jetty-io-9.4.43.v20210629.jar:/home/runner/.m2/repository/org/eclipse/jetty/jetty-webapp/9.4.43.v20210629/jetty-webapp-9.4.43.v20210629.jar:/home/runner/.m2/repository/org/eclipse/jetty/jetty-xml/9.4.43.v20210629/jetty-xml-9.4.43.v20210629.jar:/home/runner/.m2/repository/org/apache/hadoop/hadoop-common/3.3.1/hadoop-common-3.3.1.jar:/home/runner/.m2/repository/commons-net/commons-net/3.6/commons-net-3.6.jar:/home/runner/.m2/repository/jakarta/activation/jakarta.activation-api/1.2.1/jakarta.activation-api-1.2.1.jar:/home/runner/.m2/repository/com/sun/jersey/jersey-servlet/1.19/jersey-servlet-1.19.jar:/home/runner/.m2/repository/com/sun/jersey/jersey-json/1.19/jersey-json-1.19.jar:/home/runner/.m2/repository/org/codehaus/jettison/jettison/1.1/jettison-1.1.jar:/home/runner/.m2/repository/com/sun/xml/bind/jaxb-impl/2.2.3-1/jaxb-impl-2.2.3-1.jar:/home/runner/.m2/repository/org/codehaus/jackson/jackson-jaxrs/1.9.2/jackson-jaxrs-1.9.2.jar:/home/runner/.m2/repository/org/codehaus/jackson/jackson-xc/1.9.2/jackson-xc-1.9.2.jar:/home/runner/.m2/repository/org/apache/commons/commons-configuration2/2.1.1/commons-configuration2-2.1.1.jar:/home/runner/.m2/repository/org/apache/commons/commons-text/1.4/commons-text-1.4.jar:/home/runner/.m2/repository/com/google/re2j/re2j/1.1/re2j-1.1.jar:/home/runner/.m2/repository/com/jcraft/jsch/0.1.54/jsch-0.1.54.jar:/home/runner/.m2/repository/org/apache/curator/curator-client/4.2.0/curator-client-4.2.0.jar:/home/runner/.m2/repository/org/apache/curator/curator-recipes/4.2.0/curator-recipes-4.2.0.jar:/home/runner/.m2/repository/org/apache/kerby/kerb-core/1.0.1/kerb-core-1.0.1.jar:/home/runner/.m2/repository/org/apache/kerby/kerby-pkix/1.0.1/kerby-pkix-1.0.1.jar:/home/runner/.m2/repository/org/apache/kerby/kerby-asn1/1.0.1/kerby-asn1-1.0.1.jar:/home/runner/.m2/repository/org/apache/kerby/kerby-util/1.0.1/kerby-util-1.0.1.jar:/home/runner/.m2/repository/dnsjava/dnsjava/2.1.7/dnsjava-2.1.7.jar:/home/runner/.m2/repository/org/xerial/snappy/snappy-java/1.1.8.2/snappy-java-1.1.8.2.jar:/home/runner/.m2/repository/org/slf4j/jul-to-slf4j/1.7.30/jul-to-slf4j-1.7.30.jar:/home/runner/.m2/repository/org/eclipse/jetty/jetty-util/9.4.43.v20210629/jetty-util-9.4.43.v20210629.jar:/home/runner/.m2/repository/com/fasterxml/jackson/core/jackson-databind/2.12.1/jackson-databind-2.12.1.jar:/home/runner/.m2/repository/org/apache/hadoop/hadoop-kms/3.3.1/hadoop-kms-3.3.1-tests.jar:/home/runner/.m2/repository/org/apache/ozone/hdds-server-scm/1.2.0-SNAPSHOT/hdds-server-scm-1.2.0-SNAPSHOT-tests.jar:/home/runner/.m2/repository/org/apache/ozone/hdds-container-service/1.2.0-SNAPSHOT/hdds-container-service-1.2.0-SNAPSHOT-tests.jar:/home/runner/.m2/repository/commons-codec/commons-codec/1.11/commons-codec-1.11.jar:/home/runner/.m2/repository/io/netty/netty-transport/4.1.63.Final/netty-transport-4.1.63.Final.jar:/home/runner/.m2/repository/io/netty/netty-resolver/4.1.63.Final/netty-resolver-4.1.63.Final.jar:/home/runner/.m2/repository/io/netty/netty-codec/4.1.63.Final/netty-codec-4.1.63.Final.jar:/home/runner/.m2/repository/io/netty/netty-handler/4.1.63.Final/netty-handler-4.1.63.Final.jar:/home/runner/.m2/repository/org/apache/ozone/hdds-hadoop-dependency-test/1.2.0-SNAPSHOT/hdds-hadoop-dependency-test-1.2.0-SNAPSHOT.jar:/home/runner/.m2/repository/org/apache/hadoop/hadoop-common/3.3.1/hadoop-common-3.3.1-tests.jar:/home/runner/.m2/repository/org/assertj/assertj-core/3.12.2/assertj-core-3.12.2.jar:/home/runner/.m2/repository/org/apache/hadoop/hadoop-hdfs/3.3.1/hadoop-hdfs-3.3.1-tests.jar:/home/runner/.m2/repository/org/eclipse/jetty/jetty-util-ajax/9.4.43.v20210629/jetty-util-ajax-9.4.43.v20210629.jar:/home/runner/.m2/repository/commons-daemon/commons-daemon/1.0.13/commons-daemon-1.0.13.jar:/home/runner/.m2/repository/io/netty/netty/3.10.6.Final/netty-3.10.6.Final.jar:/home/runner/.m2/repository/io/netty/netty-all/4.1.63.Final/netty-all-4.1.63.Final.jar:/home/runner/.m2/repository/org/apache/htrace/htrace-core4/4.1.0-incubating/htrace-core4-4.1.0-incubating.jar:/home/runner/.m2/repository/org/fusesource/leveldbjni/leveldbjni-all/1.8/leveldbjni-all-1.8.jar:/home/runner/.m2/repository/org/apache/hadoop/hadoop-distcp/3.3.1/hadoop-distcp-3.3.1.jar:/home/runner/.m2/repository/org/apache/hadoop/hadoop-mapreduce-client-jobclient/3.3.1/hadoop-mapreduce-client-jobclient-3.3.1.jar:/home/runner/.m2/repository/org/apache/hadoop/hadoop-mapreduce-client-common/3.3.1/hadoop-mapreduce-client-common-3.3.1.jar:/home/runner/.m2/repository/org/apache/hadoop/hadoop-yarn-common/3.3.1/hadoop-yarn-common-3.3.1.jar:/home/runner/.m2/repository/org/apache/hadoop/hadoop-yarn-api/3.3.1/hadoop-yarn-api-3.3.1.jar:/home/runner/.m2/repository/com/sun/jersey/jersey-client/1.19/jersey-client-1.19.jar:/home/runner/.m2/repository/com/sun/jersey/contribs/jersey-guice/1.19/jersey-guice-1.19.jar:/home/runner/.m2/repository/com/fasterxml/jackson/jaxrs/jackson-jaxrs-json-provider/2.12.1/jackson-jaxrs-json-provider-2.12.1.jar:/home/runner/.m2/repository/com/fasterxml/jackson/jaxrs/jackson-jaxrs-base/2.12.1/jackson-jaxrs-base-2.12.1.jar:/home/runner/.m2/repository/org/apache/hadoop/hadoop-yarn-client/3.3.1/hadoop-yarn-client-3.3.1.jar:/home/runner/.m2/repository/org/eclipse/jetty/websocket/websocket-client/9.4.40.v20210413/websocket-client-9.4.40.v20210413.jar:/home/runner/.m2/repository/org/eclipse/jetty/jetty-client/9.4.40.v20210413/jetty-client-9.4.40.v20210413.jar:/home/runner/.m2/repository/org/eclipse/jetty/websocket/websocket-common/9.4.40.v20210413/websocket-common-9.4.40.v20210413.jar:/home/runner/.m2/repository/org/eclipse/jetty/websocket/websocket-api/9.4.40.v20210413/websocket-api-9.4.40.v20210413.jar:/home/runner/.m2/repository/org/jline/jline/3.9.0/jline-3.9.0.jar:/home/runner/.m2/repository/org/apache/hadoop/hadoop-mapreduce-client-core/3.3.1/hadoop-mapreduce-client-core-3.3.1.jar:/home/runner/.m2/repository/org/apache/avro/avro/1.7.7/avro-1.7.7.jar:/home/runner/.m2/repository/org/codehaus/jackson/jackson-core-asl/1.9.13/jackson-core-asl-1.9.13.jar:/home/runner/.m2/repository/org/codehaus/jackson/jackson-mapper-asl/1.9.13/jackson-mapper-asl-1.9.13.jar:/home/runner/.m2/repository/com/thoughtworks/paranamer/paranamer/2.3/paranamer-2.3.jar:/home/runner/.m2/repository/org/apache/hadoop/hadoop-annotations/3.3.1/hadoop-annotations-3.3.1.jar:/usr/lib/jvm/adoptopenjdk-8-hotspot-amd64/jre/../lib/tools.jar:/home/runner/.m2/repository/org/apache/hadoop/hadoop-distcp/3.3.1/hadoop-distcp-3.3.1-tests.jar:"/>
    <property name="sun.cpu.endian" value="little"/>
    <property name="user.home" value="/home/runner"/>
    <property name="user.language" value="en"/>
    <property name="java.specification.vendor" value="Oracle Corporation"/>
    <property name="java.home" value="/usr/lib/jvm/adoptopenjdk-8-hotspot-amd64/jre"/>
    <property name="java.security.krb5.conf" value="/home/runner/work/ozone/ozone/hadoop-ozone/integration-test/target/test-classes/krb5.conf"/>
    <property name="basedir" value="/home/runner/work/ozone/ozone/hadoop-ozone/integration-test"/>
    <property name="file.separator" value="/"/>
    <property name="line.separator" value="&#10;"/>
    <property name="java.vm.specification.vendor" value="Oracle Corporation"/>
    <property name="java.specification.name" value="Java Platform API Specification"/>
    <property name="java.awt.graphicsenv" value="sun.awt.X11GraphicsEnvironment"/>
    <property name="skip.installnpx" value="true"/>
    <property name="surefire.real.class.path" value="/home/runner/work/ozone/ozone/hadoop-ozone/integration-test/target/surefire/surefirebooter6888927806372807186.jar:/home/runner/.m2/repository/org/jacoco/org.jacoco.agent/0.8.5/org.jacoco.agent-0.8.5-runtime.jar"/>
    <property name="hadoop.log.dir" value="/home/runner/work/ozone/ozone/hadoop-ozone/integration-test/target/log"/>
    <property name="sun.boot.class.path" value="/usr/lib/jvm/adoptopenjdk-8-hotspot-amd64/jre/lib/resources.jar:/usr/lib/jvm/adoptopenjdk-8-hotspot-amd64/jre/lib/rt.jar:/usr/lib/jvm/adoptopenjdk-8-hotspot-amd64/jre/lib/sunrsasign.jar:/usr/lib/jvm/adoptopenjdk-8-hotspot-amd64/jre/lib/jsse.jar:/usr/lib/jvm/adoptopenjdk-8-hotspot-amd64/jre/lib/jce.jar:/usr/lib/jvm/adoptopenjdk-8-hotspot-amd64/jre/lib/charsets.jar:/usr/lib/jvm/adoptopenjdk-8-hotspot-amd64/jre/lib/jfr.jar:/usr/lib/jvm/adoptopenjdk-8-hotspot-amd64/jre/classes"/>
    <property name="sun.management.compiler" value="HotSpot 64-Bit Tiered Compilers"/>
    <property name="skip.npx" value="true"/>
    <property name="java.runtime.version" value="1.8.0_292-b10"/>
    <property name="java.net.preferIPv4Stack" value="true"/>
    <property name="user.name" value="runner"/>
    <property name="path.separator" value=":"/>
    <property name="java.security.egd" value="file:///dev/urandom"/>
    <property name="os.version" value="5.4.0-1055-azure"/>
    <property name="java.endorsed.dirs" value="/usr/lib/jvm/adoptopenjdk-8-hotspot-amd64/jre/lib/endorsed"/>
    <property name="java.runtime.name" value="OpenJDK Runtime Environment"/>
    <property name="file.encoding" value="UTF-8"/>
    <property name="java.vm.name" value="OpenJDK 64-Bit Server VM"/>
    <property name="test.build.webapps" value=""/>
    <property name="localRepository" value="/home/runner/.m2/repository"/>
    <property name="java.vendor.url.bug" value="https://github.com/AdoptOpenJDK/openjdk-support/issues"/>
    <property name="java.io.tmpdir" value="/tmp"/>
    <property name="require.test.libhadoop" value=""/>
    <property name="java.version" value="1.8.0_292"/>
    <property name="user.dir" value="/home/runner/work/ozone/ozone/hadoop-ozone/integration-test"/>
    <property name="os.arch" value="amd64"/>
    <property name="java.vm.specification.name" value="Java Virtual Machine Specification"/>
    <property name="test.build.classes" value="/home/runner/work/ozone/ozone/hadoop-ozone/integration-test/target/test-classes"/>
    <property name="java.awt.printerjob" value="sun.print.PSPrinterJob"/>
    <property name="sun.os.patch.level" value="unknown"/>
    <property name="hadoop.tmp.dir" value="/home/runner/work/ozone/ozone/hadoop-ozone/integration-test/target/tmp"/>
    <property name="java.library.path" value="/usr/java/packages/lib/amd64:/usr/lib64:/lib64:/lib:/usr/lib"/>
    <property name="java.vm.info" value="mixed mode"/>
    <property name="java.vendor" value="AdoptOpenJDK"/>
    <property name="java.vm.version" value="25.292-b10"/>
    <property name="java.ext.dirs" value="/usr/lib/jvm/adoptopenjdk-8-hotspot-amd64/jre/lib/ext:/usr/java/packages/lib/ext"/>
    <property name="sun.io.unicode.encoding" value="UnicodeLittle"/>
    <property name="java.class.version" value="52.0"/>
  </properties>
  <testcase name="testPipelineCloseWithPipelineAction" classname="org.apache.hadoop.hdds.scm.pipeline.TestPipelineClose" time="44.706"/>
  <testcase name="testPipelineCloseWithOpenContainer" classname="org.apache.hadoop.hdds.scm.pipeline.TestPipelineClose" time="30.641"/>
  <testcase name="testPipelineCloseWithClosedContainer" classname="org.apache.hadoop.hdds.scm.pipeline.TestPipelineClose" time="31.7"/>
  <testcase name="testPipelineCloseWithLogFailure" classname="org.apache.hadoop.hdds.scm.pipeline.TestPipelineClose" time="33.522">
    <failure message="&#10;Wanted but not invoked:&#10;pipelineActionHandler.onMessage(&#10;    &lt;Capturing argument&gt;,&#10;    &lt;any org.apache.hadoop.hdds.server.events.EventPublisher&gt;&#10;);&#10;-&gt; at org.apache.hadoop.hdds.scm.pipeline.PipelineActionHandler.onMessage(PipelineActionHandler.java:64)&#10;Actually, there were zero interactions with this mock.&#10;" type="Wanted but not invoked"><![CDATA[Wanted but not invoked:
pipelineActionHandler.onMessage(
    <Capturing argument>,
    <any org.apache.hadoop.hdds.server.events.EventPublisher>
);
-> at org.apache.hadoop.hdds.scm.pipeline.PipelineActionHandler.onMessage(PipelineActionHandler.java:64)
Actually, there were zero interactions with this mock.

	at org.apache.hadoop.hdds.scm.pipeline.PipelineActionHandler.onMessage(PipelineActionHandler.java:64)
	at org.apache.hadoop.hdds.scm.pipeline.TestPipelineClose.testPipelineCloseWithLogFailure(TestPipelineClose.java:246)
	at sun.reflect.NativeMethodAccessorImpl.invoke0(Native Method)
	at sun.reflect.NativeMethodAccessorImpl.invoke(NativeMethodAccessorImpl.java:62)
	at sun.reflect.DelegatingMethodAccessorImpl.invoke(DelegatingMethodAccessorImpl.java:43)
	at java.lang.reflect.Method.invoke(Method.java:498)
	at org.junit.runners.model.FrameworkMethod$1.runReflectiveCall(FrameworkMethod.java:59)
	at org.junit.internal.runners.model.ReflectiveCallable.run(ReflectiveCallable.java:12)
	at org.junit.runners.model.FrameworkMethod.invokeExplosively(FrameworkMethod.java:56)
	at org.junit.internal.runners.statements.InvokeMethod.evaluate(InvokeMethod.java:17)
	at org.junit.internal.runners.statements.RunBefores.evaluate(RunBefores.java:26)
	at org.junit.internal.runners.statements.RunAfters.evaluate(RunAfters.java:27)
	at org.junit.internal.runners.statements.FailOnTimeout$CallableStatement.call(FailOnTimeout.java:288)
	at org.junit.internal.runners.statements.FailOnTimeout$CallableStatement.call(FailOnTimeout.java:282)
	at java.util.concurrent.FutureTask.run(FutureTask.java:266)
	at java.lang.Thread.run(Thread.java:748)
]]></failure>
    <system-out><![CDATA[2021-08-17 01:35:10,531 [Time-limited test] WARN  server.ServerUtils (ServerUtils.java:getScmDbDir(148)) - ozone.scm.db.dirs is not configured. We recommend adding this setting. Falling back to ozone.metadata.dirs instead.
2021-08-17 01:35:10,538 [Time-limited test] INFO  ha.SCMHANodeDetails (SCMHANodeDetails.java:loadSCMHAConfig(157)) - ServiceID for StorageContainerManager is null
2021-08-17 01:35:10,538 [Time-limited test] INFO  ha.SCMHANodeDetails (SCMHANodeDetails.java:loadSCMHAConfig(162)) - ozone.scm.default.service.id is not defined, falling back to ozone.scm.service.ids to find serviceID for StorageContainerManager if it is HA enabled cluster
2021-08-17 01:35:10,539 [Time-limited test] WARN  server.ServerUtils (ServerUtils.java:getScmDbDir(148)) - ozone.scm.db.dirs is not configured. We recommend adding this setting. Falling back to ozone.metadata.dirs instead.
2021-08-17 01:35:10,539 [Time-limited test] INFO  upgrade.AbstractLayoutVersionManager (AbstractLayoutVersionManager.java:init(70)) - Initializing Layout version manager with metadata layout = SCM_HA (version = 2), software layout = SCM_HA (version = 2)
2021-08-17 01:35:10,634 [Time-limited test] INFO  reflections.Reflections (Reflections.java:scan(232)) - Reflections took 94 ms to scan 7 urls, producing 120 keys and 275 values 
2021-08-17 01:35:10,636 [Time-limited test] WARN  utils.HAUtils (HAUtils.java:getMetaDir(342)) - ozone.scm.db.dirs is not configured. We recommend adding this setting. Falling back to ozone.metadata.dirs instead.
2021-08-17 01:35:10,651 [Time-limited test] WARN  db.DBStoreBuilder (DBStoreBuilder.java:applyDBDefinition(145)) - ozone.scm.db.dirs is not configured. We recommend adding this setting. Falling back to ozone.metadata.dirs instead.
2021-08-17 01:35:10,882 [Time-limited test] INFO  net.NodeSchemaLoader (NodeSchemaLoader.java:loadSchemaFromFile(129)) - Loading schema from [jar:file:/home/runner/.m2/repository/org/apache/ozone/hdds-common/1.2.0-SNAPSHOT/hdds-common-1.2.0-SNAPSHOT.jar!/network-topology-default.xml]
2021-08-17 01:35:10,883 [Time-limited test] INFO  net.NodeSchemaLoader (NodeSchemaLoader.java:loadSchema(176)) - Loading network topology layer schema file
2021-08-17 01:35:10,885 [Time-limited test] INFO  ha.SequenceIdGenerator (SequenceIdGenerator.java:upgradeToSequenceId(327)) - upgrade localId to 107544261427200000
2021-08-17 01:35:10,885 [Time-limited test] INFO  ha.SequenceIdGenerator (SequenceIdGenerator.java:upgradeToSequenceId(337)) - upgrade delTxnId to 0
2021-08-17 01:35:10,885 [Time-limited test] INFO  ha.SequenceIdGenerator (SequenceIdGenerator.java:upgradeToSequenceId(351)) - upgrade containerId to 0
2021-08-17 01:35:10,885 [Time-limited test] INFO  ha.SequenceIdGenerator (SequenceIdGenerator.java:<init>(217)) - Init the HA SequenceIdGenerator.
2021-08-17 01:35:10,885 [Time-limited test] WARN  server.ServerUtils (ServerUtils.java:sanitizeUserArgs(73)) - ozone.scm.stale.node.interval value = 300000 is larger than max = 100000 based on the key value of ozone.scm.heartbeat.thread.interval, reset to the max value 100000.
2021-08-17 01:35:10,885 [Time-limited test] WARN  server.ServerUtils (ServerUtils.java:sanitizeUserArgs(73)) - ozone.scm.stale.node.interval value = 300000 is larger than max = 100000 based on the key value of ozone.scm.heartbeat.thread.interval, reset to the max value 100000.
2021-08-17 01:35:10,910 [Time-limited test] INFO  node.SCMNodeManager (SCMNodeManager.java:<init>(145)) - Entering startup safe mode.
2021-08-17 01:35:10,911 [Time-limited test] INFO  algorithms.ContainerPlacementPolicyFactory (ContainerPlacementPolicyFactory.java:getPolicy(60)) - Create container placement policy of type org.apache.hadoop.hdds.scm.container.placement.algorithms.SCMContainerPlacementRandom
2021-08-17 01:35:10,911 [Time-limited test] INFO  pipeline.PipelineStateManager (PipelineStateManagerV2Impl.java:initialize(78)) - No pipeline exists in current db
2021-08-17 01:35:10,911 [Time-limited test] INFO  algorithms.LeaderChoosePolicyFactory (LeaderChoosePolicyFactory.java:getPolicy(57)) - Create leader choose policy of type org.apache.hadoop.hdds.scm.pipeline.leader.choose.algorithms.MinLeaderCountChoosePolicy
2021-08-17 01:35:10,911 [Time-limited test] INFO  ha.SCMServiceManager (SCMServiceManager.java:register(43)) - Registering service BackgroundPipelineCreator.
2021-08-17 01:35:10,911 [Time-limited test] INFO  pipeline.BackgroundPipelineCreator (BackgroundPipelineCreatorV2.java:start(130)) - Starting RatisPipelineUtilsThread.
2021-08-17 01:35:10,913 [Time-limited test] INFO  algorithms.PipelineChoosePolicyFactory (PipelineChoosePolicyFactory.java:createPipelineChoosePolicyFromClass(73)) - Create pipeline choose policy of type org.apache.hadoop.hdds.scm.pipeline.choose.algorithms.RandomPipelineChoosePolicy
2021-08-17 01:35:10,913 [Time-limited test] INFO  ha.SCMServiceManager (SCMServiceManager.java:register(43)) - Registering service SCMBlockDeletingService.
2021-08-17 01:35:10,913 [Time-limited test] INFO  ha.SCMServiceManager (SCMServiceManager.java:register(43)) - Registering service ReplicationManager.
2021-08-17 01:35:10,913 [Time-limited test] INFO  container.ReplicationManager (ReplicationManager.java:start(307)) - Starting Replication Monitor Thread.
2021-08-17 01:35:10,914 [Time-limited test] INFO  safemode.ContainerSafeModeRule (ContainerSafeModeRule.java:<init>(89)) - containers with one replica threshold count 0
2021-08-17 01:35:10,914 [Time-limited test] INFO  safemode.HealthyPipelineSafeModeRule (HealthyPipelineSafeModeRule.java:initializeRule(156)) - Total pipeline count is 0, healthy pipeline threshold count is 1
2021-08-17 01:35:10,914 [Time-limited test] INFO  safemode.OneReplicaPipelineSafeModeRule (OneReplicaPipelineSafeModeRule.java:initializeRule(180)) - Total pipeline count is 0, pipeline's with at least one datanode reported threshold count is 0
2021-08-17 01:35:10,915 [Time-limited test] INFO  ipc.CallQueueManager (CallQueueManager.java:<init>(90)) - Using callQueue: class java.util.concurrent.LinkedBlockingQueue, queueCapacity: 2000, scheduler: class org.apache.hadoop.ipc.DefaultRpcScheduler, ipcBackoff: false.
2021-08-17 01:35:10,915 [Socket Reader #1 for port 0] INFO  ipc.Server (Server.java:run(1265)) - Starting Socket Reader #1 for port 0
2021-08-17 01:35:10,916 [Listener at 0.0.0.0/43247] INFO  ipc.CallQueueManager (CallQueueManager.java:<init>(90)) - Using callQueue: class java.util.concurrent.LinkedBlockingQueue, queueCapacity: 2000, scheduler: class org.apache.hadoop.ipc.DefaultRpcScheduler, ipcBackoff: false.
2021-08-17 01:35:10,916 [Socket Reader #1 for port 0] INFO  ipc.Server (Server.java:run(1265)) - Starting Socket Reader #1 for port 0
2021-08-17 01:35:10,917 [Listener at 0.0.0.0/41921] INFO  ipc.CallQueueManager (CallQueueManager.java:<init>(90)) - Using callQueue: class java.util.concurrent.LinkedBlockingQueue, queueCapacity: 2000, scheduler: class org.apache.hadoop.ipc.DefaultRpcScheduler, ipcBackoff: false.
2021-08-17 01:35:10,918 [Socket Reader #1 for port 0] INFO  ipc.Server (Server.java:run(1265)) - Starting Socket Reader #1 for port 0
2021-08-17 01:35:10,922 [ReplicationMonitor] INFO  container.ReplicationManager (ReplicationManager.java:processAll(359)) - Replication Monitor Thread took 0 milliseconds for processing 0 containers.
2021-08-17 01:35:10,957 [Listener at 0.0.0.0/39149] INFO  algorithms.ContainerPlacementPolicyFactory (ContainerPlacementPolicyFactory.java:getPolicy(60)) - Create container placement policy of type org.apache.hadoop.hdds.scm.container.placement.algorithms.SCMContainerPlacementRandom
2021-08-17 01:35:10,974 [Listener at 0.0.0.0/39149] INFO  server.StorageContainerManager (StorageContainerManager.java:<init>(383)) - 
Container Balancer status:
Key                            Value
Running                        false
Container Balancer Configuration values:
Key                                                Value
Threshold                                          0.1
Max Datanodes to Involve per Iteration(ratio)      0.5
Max Size to Move per Iteration                     10737418240B

2021-08-17 01:35:10,980 [Listener at 0.0.0.0/39149] WARN  events.EventQueue (EventQueue.java:fireEvent(194)) - No event handler registered for event TypedEvent{payloadType=SafeModeStatus, name='Safe mode status'}
2021-08-17 01:35:10,980 [Listener at 0.0.0.0/39149] INFO  ha.SCMContext (SCMContext.java:updateSafeModeStatus(205)) - Update SafeModeStatus from SafeModeStatus{safeModeStatus=true, preCheckPassed=false} to SafeModeStatus{safeModeStatus=true, preCheckPassed=false}.
2021-08-17 01:35:10,981 [Listener at 0.0.0.0/39149] INFO  server.StorageContainerManager (StorageContainerManager.java:start(1251)) - StorageContainerLocationProtocol RPC server is listening at /0.0.0.0:39149
2021-08-17 01:35:10,982 [Listener at 0.0.0.0/39149] WARN  impl.MetricsConfig (MetricsConfig.java:loadFirst(136)) - Cannot locate configuration: tried hadoop-metrics2-storagecontainermanager.properties,hadoop-metrics2.properties
2021-08-17 01:35:10,982 [Listener at 0.0.0.0/39149] INFO  impl.MetricsSystemImpl (MetricsSystemImpl.java:startTimer(378)) - Scheduled Metric snapshot period at 10 second(s).
2021-08-17 01:35:10,982 [Listener at 0.0.0.0/39149] INFO  impl.MetricsSystemImpl (MetricsSystemImpl.java:start(191)) - StorageContainerManager metrics system started
2021-08-17 01:35:11,065 [Listener at 0.0.0.0/39149] INFO  impl.MetricsSinkAdapter (MetricsSinkAdapter.java:start(204)) - Sink prometheus started
2021-08-17 01:35:11,065 [Listener at 0.0.0.0/39149] INFO  impl.MetricsSystemImpl (MetricsSystemImpl.java:registerSink(305)) - Registered sink prometheus
2021-08-17 01:35:11,145 [Listener at 0.0.0.0/39149] INFO  server.SCMClientProtocolServer (SCMClientProtocolServer.java:start(164)) - RPC server for Client  is listening at /0.0.0.0:39149
2021-08-17 01:35:11,148 [IPC Server Responder] INFO  ipc.Server (Server.java:run(1507)) - IPC Server Responder: starting
2021-08-17 01:35:11,214 [Listener at 0.0.0.0/39149] INFO  server.StorageContainerManager (StorageContainerManager.java:start(1266)) - ScmBlockLocationProtocol RPC server is listening at /0.0.0.0:41921
2021-08-17 01:35:11,214 [Listener at 0.0.0.0/39149] INFO  server.SCMBlockProtocolServer (SCMBlockProtocolServer.java:start(151)) - RPC server for Block Protocol is listening at /0.0.0.0:41921
2021-08-17 01:35:11,218 [IPC Server listener on 0] INFO  ipc.Server (Server.java:run(1344)) - IPC Server listener on 0: starting
2021-08-17 01:35:11,219 [IPC Server Responder] INFO  ipc.Server (Server.java:run(1507)) - IPC Server Responder: starting
2021-08-17 01:35:11,219 [IPC Server listener on 0] INFO  ipc.Server (Server.java:run(1344)) - IPC Server listener on 0: starting
2021-08-17 01:35:11,220 [Listener at 0.0.0.0/39149] INFO  server.StorageContainerManager (StorageContainerManager.java:start(1272)) - ScmDatanodeProtocl RPC server is listening at /0.0.0.0:43247
2021-08-17 01:35:11,220 [Listener at 0.0.0.0/39149] INFO  server.SCMDatanodeProtocolServer (SCMDatanodeProtocolServer.java:start(181)) - RPC server for DataNodes is listening at /0.0.0.0:43247
2021-08-17 01:35:11,220 [IPC Server Responder] INFO  ipc.Server (Server.java:run(1507)) - IPC Server Responder: starting
2021-08-17 01:35:11,220 [IPC Server listener on 0] INFO  ipc.Server (Server.java:run(1344)) - IPC Server listener on 0: starting
2021-08-17 01:35:11,235 [Listener at 0.0.0.0/39149] INFO  http.BaseHttpServer (BaseHttpServer.java:newHttpServer2BuilderForOzone(209)) - Starting Web-server for scm at: http://0.0.0.0:0
2021-08-17 01:35:11,235 [Listener at 0.0.0.0/39149] INFO  http.BaseHttpServer (BaseHttpServer.java:<init>(107)) - Hadoop Security Enabled: false Ozone Security Enabled: false Ozone HTTP Security Enabled: false 
2021-08-17 01:35:11,236 [Listener at 0.0.0.0/39149] INFO  server.AuthenticationFilter (AuthenticationFilter.java:constructSecretProvider(240)) - Unable to initialize FileSignerSecretProvider, falling back to use random secrets.
2021-08-17 01:35:11,236 [org.apache.hadoop.util.JvmPauseMonitor$Monitor@2158d0a5] INFO  util.JvmPauseMonitor (JvmPauseMonitor.java:run(188)) - Starting JVM pause monitor
2021-08-17 01:35:11,236 [Listener at 0.0.0.0/39149] WARN  http.HttpRequestLog (HttpRequestLog.java:getRequestLog(103)) - Jetty request log can only be enabled using Log4j
2021-08-17 01:35:11,237 [Listener at 0.0.0.0/39149] INFO  http.HttpServer2 (HttpServer2.java:addGlobalFilter(1020)) - Added global filter 'safety' (class=org.apache.hadoop.hdds.server.http.HttpServer2$QuotingInputFilter)
2021-08-17 01:35:11,239 [Listener at 0.0.0.0/39149] INFO  http.HttpServer2 (HttpServer2.java:addFilter(996)) - Added filter static_user_filter (class=org.apache.hadoop.http.lib.StaticUserWebFilter$StaticUserFilter) to context scm
2021-08-17 01:35:11,240 [Listener at 0.0.0.0/39149] INFO  http.HttpServer2 (HttpServer2.java:addFilter(1004)) - Added filter static_user_filter (class=org.apache.hadoop.http.lib.StaticUserWebFilter$StaticUserFilter) to context static
2021-08-17 01:35:11,240 [Listener at 0.0.0.0/39149] INFO  http.HttpServer2 (HttpServer2.java:addFilter(1004)) - Added filter static_user_filter (class=org.apache.hadoop.http.lib.StaticUserWebFilter$StaticUserFilter) to context logs
2021-08-17 01:35:11,249 [Listener at 0.0.0.0/39149] INFO  http.HttpServer2 (HttpServer2.java:bindListener(1239)) - Jetty bound to port 45177
2021-08-17 01:35:11,249 [Listener at 0.0.0.0/39149] INFO  server.Server (Server.java:doStart(375)) - jetty-9.4.43.v20210629; built: 2021-06-30T11:07:22.254Z; git: 526006ecfa3af7f1a27ef3a288e2bef7ea9dd7e8; jvm 1.8.0_292-b10
2021-08-17 01:35:11,316 [Listener at 0.0.0.0/39149] INFO  server.session (DefaultSessionIdManager.java:doStart(334)) - DefaultSessionIdManager workerName=node0
2021-08-17 01:35:11,316 [Listener at 0.0.0.0/39149] INFO  server.session (DefaultSessionIdManager.java:doStart(339)) - No SessionScavenger set, using defaults
2021-08-17 01:35:11,317 [Listener at 0.0.0.0/39149] INFO  server.session (HouseKeeper.java:startScavenging(132)) - node0 Scavenging every 660000ms
2021-08-17 01:35:11,317 [Listener at 0.0.0.0/39149] INFO  handler.ContextHandler (ContextHandler.java:doStart(915)) - Started o.e.j.s.ServletContextHandler@3588ffb5{logs,/logs,file:///home/runner/work/ozone/ozone/hadoop-ozone/integration-test/target/log,AVAILABLE}
2021-08-17 01:35:11,318 [Listener at 0.0.0.0/39149] INFO  handler.ContextHandler (ContextHandler.java:doStart(915)) - Started o.e.j.s.ServletContextHandler@35d90e8{static,/static,file:///home/runner/work/ozone/ozone/hadoop-ozone/integration-test/target/test-classes/webapps/static,AVAILABLE}
2021-08-17 01:35:11,321 [Listener at 0.0.0.0/39149] INFO  handler.ContextHandler (ContextHandler.java:doStart(915)) - Started o.e.j.w.WebAppContext@717de748{scm,/,file:///home/runner/work/ozone/ozone/hadoop-ozone/integration-test/target/test-classes/webapps/scm/,AVAILABLE}{file:/home/runner/work/ozone/ozone/hadoop-ozone/integration-test/target/test-classes/webapps/scm}
2021-08-17 01:35:11,340 [Listener at 0.0.0.0/39149] INFO  server.AbstractConnector (AbstractConnector.java:doStart(331)) - Started ServerConnector@7d0d9d99{HTTP/1.1, (http/1.1)}{0.0.0.0:45177}
2021-08-17 01:35:11,340 [Listener at 0.0.0.0/39149] INFO  server.Server (Server.java:doStart(415)) - Started @108808ms
2021-08-17 01:35:11,340 [Listener at 0.0.0.0/39149] WARN  impl.MetricsSystemImpl (MetricsSystemImpl.java:register(279)) - Sink prometheus already exists!
2021-08-17 01:35:11,341 [Listener at 0.0.0.0/39149] INFO  http.BaseHttpServer (BaseHttpServer.java:updateConnectorAddress(329)) - HTTP server of scm listening at http://0.0.0.0:45177
2021-08-17 01:35:11,341 [Listener at 0.0.0.0/39149] WARN  server.ServerUtils (ServerUtils.java:getDBPath(225)) - ozone.om.db.dirs is not configured. We recommend adding this setting. Falling back to ozone.metadata.dirs instead.
2021-08-17 01:35:11,345 [Listener at 0.0.0.0/39149] INFO  ha.OMHANodeDetails (OMHANodeDetails.java:loadOMHAConfig(112)) - ozone.om.internal.service.id is not defined, falling back to ozone.om.service.ids to find serviceID for OzoneManager if it is HA enabled cluster
2021-08-17 01:35:11,345 [Listener at 0.0.0.0/39149] INFO  ha.OMHANodeDetails (OMHANodeDetails.java:loadOMHAConfig(219)) - Configuration does not have ozone.om.address set. Falling back to the default OM address /127.0.0.1:0
2021-08-17 01:35:11,345 [Listener at 0.0.0.0/39149] INFO  ha.OMHANodeDetails (OMHANodeDetails.java:getOMNodeDetails(247)) - OM Service ID is not set. Setting it to the default ID: omServiceIdDefault
2021-08-17 01:35:11,345 [Listener at 0.0.0.0/39149] INFO  ha.OMHANodeDetails (OMHANodeDetails.java:getOMNodeDetails(254)) - OM Node ID is not set. Setting it to the default ID: om1
2021-08-17 01:35:11,345 [Listener at 0.0.0.0/39149] WARN  server.ServerUtils (ServerUtils.java:getDBPath(225)) - ozone.om.db.dirs is not configured. We recommend adding this setting. Falling back to ozone.metadata.dirs instead.
2021-08-17 01:35:11,345 [Listener at 0.0.0.0/39149] INFO  upgrade.AbstractLayoutVersionManager (AbstractLayoutVersionManager.java:init(70)) - Initializing Layout version manager with metadata layout = INITIAL_VERSION (version = 0), software layout = INITIAL_VERSION (version = 0)
2021-08-17 01:35:11,461 [Listener at 0.0.0.0/39149] INFO  reflections.Reflections (Reflections.java:scan(232)) - Reflections took 115 ms to scan 2 urls, producing 131 keys and 342 values [using 2 cores]
2021-08-17 01:35:11,461 [Listener at 0.0.0.0/39149] INFO  upgrade.OMLayoutVersionManager (OMLayoutVersionManager.java:lambda$0(116)) - Skipping Upgrade Action MockOmUpgradeAction since it has been finalized.
2021-08-17 01:35:11,461 [Listener at 0.0.0.0/39149] WARN  server.ServerUtils (ServerUtils.java:getDBPath(225)) - ozone.om.db.dirs is not configured. We recommend adding this setting. Falling back to ozone.metadata.dirs instead.
2021-08-17 01:35:11,500 [Listener at 0.0.0.0/39149] WARN  server.ServerUtils (ServerUtils.java:getDBPath(225)) - ozone.om.db.dirs is not configured. We recommend adding this setting. Falling back to ozone.metadata.dirs instead.
2021-08-17 01:35:11,500 [Listener at 0.0.0.0/39149] INFO  codec.OmKeyInfoCodec (OmKeyInfoCodec.java:<init>(51)) - OmKeyInfoCodec ignorePipeline = true
2021-08-17 01:35:11,500 [Listener at 0.0.0.0/39149] INFO  codec.RepeatedOmKeyInfoCodec (RepeatedOmKeyInfoCodec.java:<init>(42)) - RepeatedOmKeyInfoCodec ignorePipeline = true
2021-08-17 01:35:11,755 [Listener at 0.0.0.0/39149] INFO  om.OzoneManager (OzoneManager.java:addS3GVolumeToDB(4115)) - Created Volume s3v With Owner runner required for S3Gateway operations.
2021-08-17 01:35:11,755 [Listener at 0.0.0.0/39149] WARN  server.ServerUtils (ServerUtils.java:getDefaultRatisDirectory(237)) - Storage directory for Ratis is not configured. It is a good idea to map this to an SSD disk. Falling back to ozone.metadata.dirs
2021-08-17 01:35:11,756 [Listener at 0.0.0.0/39149] WARN  utils.OzoneManagerRatisUtils (OzoneManagerRatisUtils.java:getOMRatisSnapshotDirectory(391)) - ozone.om.ratis.snapshot.dir is not configured. Falling back to ozone.metadata.dirs config
2021-08-17 01:35:11,756 [Listener at 0.0.0.0/39149] WARN  server.ServerUtils (ServerUtils.java:getDefaultRatisDirectory(237)) - Storage directory for Ratis is not configured. It is a good idea to map this to an SSD disk. Falling back to ozone.metadata.dirs
2021-08-17 01:35:11,757 [Listener at 0.0.0.0/39149] INFO  ratis.OzoneManagerRatisServer (OzoneManagerRatisServer.java:<init>(158)) - Instantiating OM Ratis server with groupID: omServiceIdDefault and peers: localhost:9872
2021-08-17 01:35:11,757 [Listener at 0.0.0.0/39149] INFO  ratis.OzoneManagerStateMachine (OzoneManagerStateMachine.java:loadSnapshotInfoFromDB(605)) - LastAppliedIndex is set from TransactionInfo from OM DB as (t:0, i:~)
2021-08-17 01:35:11,760 [Listener at 0.0.0.0/39149] INFO  server.RaftServer (ConfUtils.java:logGet(44)) - raft.rpc.type = GRPC (default)
2021-08-17 01:35:11,760 [Listener at 0.0.0.0/39149] INFO  grpc.GrpcFactory (GrpcFactory.java:checkPooledByteBufAllocatorUseCacheForAllThreads(48)) - PERFORMANCE WARNING: useCacheForAllThreads is true that may cause Netty to create a lot garbage objects and, as a result, trigger GC.
	It is recommended to disable useCacheForAllThreads by setting -Dorg.apache.ratis.thirdparty.io.netty.allocator.useCacheForAllThreads=false in command line.
2021-08-17 01:35:11,760 [Listener at 0.0.0.0/39149] INFO  grpc.GrpcConfigKeys (ConfUtils.java:logGet(44)) - raft.grpc.admin.port = -1 (default)
2021-08-17 01:35:11,760 [Listener at 0.0.0.0/39149] INFO  grpc.GrpcConfigKeys (ConfUtils.java:logGet(44)) - raft.grpc.server.port = 9872 (custom)
2021-08-17 01:35:11,760 [Listener at 0.0.0.0/39149] INFO  grpc.GrpcConfigKeys (ConfUtils.java:logGet(44)) - raft.grpc.client.port = -1 (default)
2021-08-17 01:35:11,760 [Listener at 0.0.0.0/39149] INFO  grpc.GrpcConfigKeys (ConfUtils.java:logGet(44)) - raft.grpc.server.port = 9872 (custom)
2021-08-17 01:35:11,760 [Listener at 0.0.0.0/39149] INFO  grpc.GrpcConfigKeys (ConfUtils.java:logGet(44)) - raft.grpc.server.port = 9872 (custom)
2021-08-17 01:35:11,760 [Listener at 0.0.0.0/39149] INFO  server.GrpcService (ConfUtils.java:logGet(44)) - raft.grpc.message.size.max = 33554432 (custom)
2021-08-17 01:35:11,760 [Listener at 0.0.0.0/39149] INFO  server.RaftServerConfigKeys (ConfUtils.java:logGet(44)) - raft.server.log.appender.buffer.byte-limit = 33554432 (custom)
2021-08-17 01:35:11,760 [Listener at 0.0.0.0/39149] INFO  server.GrpcService (ConfUtils.java:logGet(44)) - raft.grpc.flow.control.window = 1MB (=1048576) (default)
2021-08-17 01:35:11,760 [Listener at 0.0.0.0/39149] INFO  server.RaftServerConfigKeys (ConfUtils.java:logGet(44)) - raft.server.rpc.request.timeout = 3000ms (default)
2021-08-17 01:35:11,762 [Listener at 0.0.0.0/39149] INFO  impl.DataStreamServerImpl (ConfUtils.java:logGet(44)) - raft.datastream.type = DISABLED (default)
2021-08-17 01:35:11,762 [Listener at 0.0.0.0/39149] INFO  server.RaftServerConfigKeys (ConfUtils.java:logGet(44)) - raft.server.rpc.slowness.timeout = 120s (custom)
2021-08-17 01:35:11,762 [Listener at 0.0.0.0/39149] INFO  server.RaftServerConfigKeys (ConfUtils.java:logGet(44)) - raft.server.leaderelection.leader.step-down.wait-time = 10s (default)
2021-08-17 01:35:11,762 [Listener at 0.0.0.0/39149] INFO  server.RaftServerConfigKeys (ConfUtils.java:logGet(44)) - raft.server.storage.dir = [/home/runner/work/ozone/ozone/hadoop-ozone/integration-test/target/test-dir/MiniOzoneClusterImpl-792c0480-480e-4b9f-8df8-75fa91581c67/ozone-meta/ratis] (custom)
2021-08-17 01:35:11,785 [Listener at 0.0.0.0/39149] INFO  server.RaftServer (RaftServerProxy.java:addNew(95)) - om1: addNew group-C5BA1605619E:[om1|rpc:localhost:9872|priority:0] returns group-C5BA1605619E:java.util.concurrent.CompletableFuture@7e2afb5c[Not completed]
2021-08-17 01:35:11,785 [Listener at 0.0.0.0/39149] INFO  om.OzoneManager (OzoneManager.java:initializeRatisServer(1573)) - OzoneManager Ratis server initialized at port 9872
2021-08-17 01:35:11,787 [Listener at 0.0.0.0/39149] INFO  ipc.CallQueueManager (CallQueueManager.java:<init>(90)) - Using callQueue: class java.util.concurrent.LinkedBlockingQueue, queueCapacity: 2000, scheduler: class org.apache.hadoop.ipc.DefaultRpcScheduler, ipcBackoff: false.
2021-08-17 01:35:11,794 [pool-359-thread-1] INFO  server.RaftServer$Division (RaftServerImpl.java:<init>(181)) - om1: new RaftServerImpl for group-C5BA1605619E:[om1|rpc:localhost:9872|priority:0] with OzoneManagerStateMachine:uninitialized
2021-08-17 01:35:11,798 [pool-359-thread-1] INFO  server.RaftServerConfigKeys (ConfUtils.java:logGet(44)) - raft.server.rpc.timeout.min = 1s (custom)
2021-08-17 01:35:11,798 [pool-359-thread-1] INFO  server.RaftServerConfigKeys (ConfUtils.java:logGet(44)) - raft.server.rpc.timeout.max = 1200ms (custom)
2021-08-17 01:35:11,799 [pool-359-thread-1] INFO  server.RaftServerConfigKeys (ConfUtils.java:logGet(44)) - raft.server.rpc.sleep.time = 25ms (default)
2021-08-17 01:35:11,799 [pool-359-thread-1] INFO  server.RaftServerConfigKeys (ConfUtils.java:logGet(44)) - raft.server.rpc.slowness.timeout = 120s (custom)
2021-08-17 01:35:11,799 [pool-359-thread-1] INFO  server.RaftServerConfigKeys (ConfUtils.java:logGet(44)) - raft.server.leaderelection.leader.step-down.wait-time = 10s (default)
2021-08-17 01:35:11,799 [pool-359-thread-1] INFO  server.RaftServerConfigKeys (ConfUtils.java:logGet(44)) - raft.server.sleep.deviation.threshold = 300ms (default)
2021-08-17 01:35:11,799 [pool-359-thread-1] INFO  server.RaftServerConfigKeys (ConfUtils.java:logGet(44)) - raft.server.log.appender.install.snapshot.enabled = false (custom)
2021-08-17 01:35:11,799 [pool-359-thread-1] INFO  server.RaftServer$Division (ServerState.java:<init>(105)) - om1@group-C5BA1605619E: ConfigurationManager, init=-1: [om1|rpc:localhost:9872|priority:0], old=null, confs=<EMPTY_MAP>
2021-08-17 01:35:11,799 [pool-359-thread-1] INFO  server.RaftServerConfigKeys (ConfUtils.java:logGet(44)) - raft.server.storage.dir = [/home/runner/work/ozone/ozone/hadoop-ozone/integration-test/target/test-dir/MiniOzoneClusterImpl-792c0480-480e-4b9f-8df8-75fa91581c67/ozone-meta/ratis] (custom)
2021-08-17 01:35:11,799 [pool-359-thread-1] INFO  server.RaftServerConfigKeys (ConfUtils.java:logGet(44)) - raft.server.log.corruption.policy = EXCEPTION (default)
2021-08-17 01:35:11,799 [pool-359-thread-1] INFO  server.RaftServerConfigKeys (ConfUtils.java:logGet(44)) - raft.server.storage.free-space.min = 0MB (=0) (default)
2021-08-17 01:35:11,799 [pool-359-thread-1] INFO  storage.RaftStorageDirectory (RaftStorageDirectoryImpl.java:analyzeStorage(135)) - The storage directory /home/runner/work/ozone/ozone/hadoop-ozone/integration-test/target/test-dir/MiniOzoneClusterImpl-792c0480-480e-4b9f-8df8-75fa91581c67/ozone-meta/ratis/bf265839-605b-3f16-9796-c5ba1605619e does not exist. Creating ...
2021-08-17 01:35:11,811 [pool-359-thread-1] INFO  storage.RaftStorageDirectory (RaftStorageDirectoryImpl.java:tryLock(230)) - Lock on /home/runner/work/ozone/ozone/hadoop-ozone/integration-test/target/test-dir/MiniOzoneClusterImpl-792c0480-480e-4b9f-8df8-75fa91581c67/ozone-meta/ratis/bf265839-605b-3f16-9796-c5ba1605619e/in_use.lock acquired by nodename 21368@fv-az195-965
2021-08-17 01:35:11,820 [Socket Reader #1 for port 0] INFO  ipc.Server (Server.java:run(1265)) - Starting Socket Reader #1 for port 0
2021-08-17 01:35:11,854 [Listener at 127.0.0.1/39113] INFO  om.OzoneManager (OzoneManager.java:initFSOLayout(4321)) - Configured ozone.om.metadata.layout=SIMPLE and disabled optimized OM FS operations
2021-08-17 01:35:11,854 [pool-359-thread-1] INFO  storage.RaftStorage (RaftStorageImpl.java:format(89)) - Storage directory /home/runner/work/ozone/ozone/hadoop-ozone/integration-test/target/test-dir/MiniOzoneClusterImpl-792c0480-480e-4b9f-8df8-75fa91581c67/ozone-meta/ratis/bf265839-605b-3f16-9796-c5ba1605619e has been successfully formatted.
2021-08-17 01:35:11,854 [pool-359-thread-1] INFO  server.RaftServerConfigKeys (ConfUtils.java:logGet(44)) - raft.server.notification.no-leader.timeout = 120s (custom)
2021-08-17 01:35:11,854 [pool-359-thread-1] INFO  server.RaftServerConfigKeys (ConfUtils.java:logGet(44)) - raft.server.log.use.memory = false (default)
2021-08-17 01:35:11,854 [pool-359-thread-1] INFO  server.RaftServerConfigKeys (ConfUtils.java:logGet(44)) - raft.server.log.purge.gap = 1000000 (custom)
2021-08-17 01:35:11,854 [pool-359-thread-1] INFO  server.RaftServerConfigKeys (ConfUtils.java:logGet(44)) - raft.server.log.appender.buffer.byte-limit = 33554432 (custom)
2021-08-17 01:35:11,855 [pool-359-thread-1] INFO  server.RaftServerConfigKeys (ConfUtils.java:logGet(44)) - raft.server.log.segment.size.max = 4194304 (custom)
2021-08-17 01:35:11,855 [pool-359-thread-1] INFO  server.RaftServerConfigKeys (ConfUtils.java:logGet(44)) - raft.server.log.segment.cache.num.max = 2 (custom)
2021-08-17 01:35:11,855 [pool-359-thread-1] INFO  server.RaftServerConfigKeys (ConfUtils.java:logGet(44)) - raft.server.log.segment.cache.size.max = 200MB (=209715200) (default)
2021-08-17 01:35:11,855 [pool-359-thread-1] INFO  segmented.SegmentedRaftLogWorker (SegmentedRaftLogWorker.java:<init>(182)) - new om1@group-C5BA1605619E-SegmentedRaftLogWorker for RaftStorageImpl:Storage Directory /home/runner/work/ozone/ozone/hadoop-ozone/integration-test/target/test-dir/MiniOzoneClusterImpl-792c0480-480e-4b9f-8df8-75fa91581c67/ozone-meta/ratis/bf265839-605b-3f16-9796-c5ba1605619e
2021-08-17 01:35:11,855 [pool-359-thread-1] INFO  server.RaftServerConfigKeys (ConfUtils.java:logGet(44)) - raft.server.log.queue.byte-limit = 64MB (=67108864) (default)
2021-08-17 01:35:11,855 [pool-359-thread-1] INFO  server.RaftServerConfigKeys (ConfUtils.java:logGet(44)) - raft.server.log.queue.element-limit = 4096 (default)
2021-08-17 01:35:11,855 [pool-359-thread-1] INFO  server.RaftServerConfigKeys (ConfUtils.java:logGet(44)) - raft.server.log.segment.size.max = 4194304 (custom)
2021-08-17 01:35:11,855 [pool-359-thread-1] INFO  server.RaftServerConfigKeys (ConfUtils.java:logGet(44)) - raft.server.log.preallocated.size = 4194304 (custom)
2021-08-17 01:35:11,855 [pool-359-thread-1] INFO  server.RaftServerConfigKeys (ConfUtils.java:logGet(44)) - raft.server.log.force.sync.num = 128 (default)
2021-08-17 01:35:11,855 [pool-359-thread-1] INFO  server.RaftServerConfigKeys (ConfUtils.java:logGet(44)) - raft.server.log.statemachine.data.sync = true (default)
2021-08-17 01:35:11,855 [pool-359-thread-1] INFO  server.RaftServerConfigKeys (ConfUtils.java:logGet(44)) - raft.server.log.statemachine.data.sync.timeout = 10s (default)
2021-08-17 01:35:11,855 [pool-359-thread-1] INFO  server.RaftServerConfigKeys (ConfUtils.java:logGet(44)) - raft.server.log.statemachine.data.sync.timeout.retry = -1 (default)
2021-08-17 01:35:11,856 [pool-359-thread-1] INFO  server.RaftServerConfigKeys (ConfUtils.java:logGet(44)) - raft.server.log.write.buffer.size = 64KB (=65536) (default)
2021-08-17 01:35:11,856 [pool-359-thread-1] INFO  server.RaftServerConfigKeys (ConfUtils.java:logGet(44)) - raft.server.log.statemachine.data.caching.enabled = false (default)
2021-08-17 01:35:11,856 [pool-359-thread-1] INFO  segmented.SegmentedRaftLogWorker (SegmentedRaftLogWorker.java:lambda$new$0(133)) - om1@group-C5BA1605619E-SegmentedRaftLogWorker: flushIndex: setUnconditionally 0 -> -1
2021-08-17 01:35:11,856 [pool-359-thread-1] INFO  segmented.SegmentedRaftLogWorker (SegmentedRaftLogWorker.java:lambda$new$0(133)) - om1@group-C5BA1605619E-SegmentedRaftLogWorker: safeCacheEvictIndex: setUnconditionally 0 -> -1
2021-08-17 01:35:11,857 [pool-359-thread-1] INFO  server.RaftServerConfigKeys (ConfUtils.java:logGet(44)) - raft.server.snapshot.auto.trigger.enabled = true (custom)
2021-08-17 01:35:11,857 [pool-359-thread-1] INFO  server.RaftServerConfigKeys (ConfUtils.java:logGet(44)) - raft.server.snapshot.auto.trigger.threshold = 400000 (default)
2021-08-17 01:35:11,857 [pool-359-thread-1] INFO  server.RaftServerConfigKeys (ConfUtils.java:logGet(44)) - raft.server.snapshot.retention.file.num = -1 (default)
2021-08-17 01:35:11,857 [pool-359-thread-1] INFO  server.RaftServerConfigKeys (ConfUtils.java:logGet(44)) - raft.server.log.purge.upto.snapshot.index = true (custom)
2021-08-17 01:35:11,857 [pool-359-thread-1] INFO  server.RaftServerConfigKeys (ConfUtils.java:logGet(44)) - raft.server.retrycache.expirytime = 300s (custom)
2021-08-17 01:35:11,857 [pool-359-thread-1] INFO  server.RaftServerConfigKeys (ConfUtils.java:logGet(44)) - raft.server.retrycache.statistics.expirytime = 100μs (default)
2021-08-17 01:35:11,858 [Listener at 127.0.0.1/39113] INFO  impl.MetricsSystemImpl (MetricsSystemImpl.java:init(158)) - OzoneManager metrics system started (again)
2021-08-17 01:35:11,902 [Listener at 127.0.0.1/39113] INFO  om.OzoneManager (OzoneManager.java:start(1270)) - OzoneManager RPC server is listening at localhost/127.0.0.1:39113
2021-08-17 01:35:11,902 [Listener at 127.0.0.1/39113] INFO  ratis.OzoneManagerRatisServer (OzoneManagerRatisServer.java:start(516)) - Starting OzoneManagerRatisServer om1 at port 9872
2021-08-17 01:35:11,902 [Listener at 127.0.0.1/39113] INFO  server.RaftServer$Division (RaftServerImpl.java:start(296)) - om1@group-C5BA1605619E: start as a follower, conf=-1: [om1|rpc:localhost:9872|priority:0], old=null
2021-08-17 01:35:11,902 [Listener at 127.0.0.1/39113] INFO  server.RaftServer$Division (RaftServerImpl.java:setRole(285)) - om1@group-C5BA1605619E: changes role from      null to FOLLOWER at term 0 for startAsFollower
2021-08-17 01:35:11,902 [Listener at 127.0.0.1/39113] INFO  impl.RoleInfo (RoleInfo.java:updateAndGet(130)) - om1: start om1@group-C5BA1605619E-FollowerState
2021-08-17 01:35:11,914 [Listener at 127.0.0.1/39113] INFO  util.JmxRegister (JmxRegister.java:tryRegister(44)) - Successfully registered JMX Bean with object name Ratis:service=RaftServer,group=group-C5BA1605619E,id=om1
2021-08-17 01:35:11,915 [Listener at 127.0.0.1/39113] INFO  server.RaftServer (RaftServerProxy.java:lambda$start$5(374)) - om1: start RPC server
2021-08-17 01:35:11,928 [Listener at 127.0.0.1/39113] INFO  server.GrpcService (GrpcService.java:startImpl(253)) - om1: GrpcService started, listening on 9872
2021-08-17 01:35:11,928 [Listener at 127.0.0.1/39113] INFO  om.OzoneManager (OzoneManager.java:start(1288)) - Version File has different layout version (0) than OM DB (null). That is expected if this OM has never been finalized to a newer layout version.
2021-08-17 01:35:11,929 [org.apache.ratis.util.JvmPauseMonitor$$Lambda$531/132072452@62831545] INFO  util.JvmPauseMonitor (JvmPauseMonitor.java:run(103)) - JvmPauseMonitor-om1: Started
2021-08-17 01:35:11,932 [Listener at 127.0.0.1/39113] INFO  http.BaseHttpServer (BaseHttpServer.java:newHttpServer2BuilderForOzone(209)) - Starting Web-server for ozoneManager at: http://0.0.0.0:0
2021-08-17 01:35:11,932 [Listener at 127.0.0.1/39113] INFO  http.BaseHttpServer (BaseHttpServer.java:<init>(107)) - Hadoop Security Enabled: false Ozone Security Enabled: false Ozone HTTP Security Enabled: false 
2021-08-17 01:35:11,932 [Listener at 127.0.0.1/39113] INFO  server.AuthenticationFilter (AuthenticationFilter.java:constructSecretProvider(240)) - Unable to initialize FileSignerSecretProvider, falling back to use random secrets.
2021-08-17 01:35:11,933 [Listener at 127.0.0.1/39113] WARN  http.HttpRequestLog (HttpRequestLog.java:getRequestLog(103)) - Jetty request log can only be enabled using Log4j
2021-08-17 01:35:11,935 [Listener at 127.0.0.1/39113] INFO  http.HttpServer2 (HttpServer2.java:addGlobalFilter(1020)) - Added global filter 'safety' (class=org.apache.hadoop.hdds.server.http.HttpServer2$QuotingInputFilter)
2021-08-17 01:35:11,935 [Listener at 127.0.0.1/39113] INFO  http.HttpServer2 (HttpServer2.java:addFilter(996)) - Added filter static_user_filter (class=org.apache.hadoop.http.lib.StaticUserWebFilter$StaticUserFilter) to context ozoneManager
2021-08-17 01:35:11,935 [Listener at 127.0.0.1/39113] INFO  http.HttpServer2 (HttpServer2.java:addFilter(1004)) - Added filter static_user_filter (class=org.apache.hadoop.http.lib.StaticUserWebFilter$StaticUserFilter) to context logs
2021-08-17 01:35:11,935 [Listener at 127.0.0.1/39113] INFO  http.HttpServer2 (HttpServer2.java:addFilter(1004)) - Added filter static_user_filter (class=org.apache.hadoop.http.lib.StaticUserWebFilter$StaticUserFilter) to context static
2021-08-17 01:35:11,936 [Listener at 127.0.0.1/39113] INFO  http.HttpServer2 (HttpServer2.java:bindListener(1239)) - Jetty bound to port 42045
2021-08-17 01:35:11,936 [Listener at 127.0.0.1/39113] INFO  server.Server (Server.java:doStart(375)) - jetty-9.4.43.v20210629; built: 2021-06-30T11:07:22.254Z; git: 526006ecfa3af7f1a27ef3a288e2bef7ea9dd7e8; jvm 1.8.0_292-b10
2021-08-17 01:35:12,006 [Listener at 127.0.0.1/39113] INFO  server.session (DefaultSessionIdManager.java:doStart(334)) - DefaultSessionIdManager workerName=node0
2021-08-17 01:35:12,006 [Listener at 127.0.0.1/39113] INFO  server.session (DefaultSessionIdManager.java:doStart(339)) - No SessionScavenger set, using defaults
2021-08-17 01:35:12,006 [Listener at 127.0.0.1/39113] INFO  server.session (HouseKeeper.java:startScavenging(132)) - node0 Scavenging every 660000ms
2021-08-17 01:35:12,017 [Listener at 127.0.0.1/39113] INFO  handler.ContextHandler (ContextHandler.java:doStart(915)) - Started o.e.j.s.ServletContextHandler@7e779dc6{logs,/logs,file:///home/runner/work/ozone/ozone/hadoop-ozone/integration-test/target/log,AVAILABLE}
2021-08-17 01:35:12,017 [Listener at 127.0.0.1/39113] INFO  handler.ContextHandler (ContextHandler.java:doStart(915)) - Started o.e.j.s.ServletContextHandler@1cb0eee6{static,/static,file:///home/runner/work/ozone/ozone/hadoop-ozone/integration-test/target/test-classes/webapps/static,AVAILABLE}
2021-08-17 01:35:12,019 [Listener at 127.0.0.1/39113] INFO  handler.ContextHandler (ContextHandler.java:doStart(915)) - Started o.e.j.w.WebAppContext@8028f2b{ozoneManager,/,file:///home/runner/work/ozone/ozone/hadoop-ozone/integration-test/target/test-classes/webapps/ozoneManager/,AVAILABLE}{file:/home/runner/work/ozone/ozone/hadoop-ozone/integration-test/target/test-classes/webapps/ozoneManager}
2021-08-17 01:35:12,020 [Listener at 127.0.0.1/39113] INFO  server.AbstractConnector (AbstractConnector.java:doStart(331)) - Started ServerConnector@2420a36e{HTTP/1.1, (http/1.1)}{0.0.0.0:42045}
2021-08-17 01:35:12,020 [Listener at 127.0.0.1/39113] INFO  server.Server (Server.java:doStart(415)) - Started @109487ms
2021-08-17 01:35:12,020 [Listener at 127.0.0.1/39113] WARN  impl.MetricsSystemImpl (MetricsSystemImpl.java:register(279)) - Sink prometheus already exists!
2021-08-17 01:35:12,047 [Listener at 127.0.0.1/39113] INFO  http.BaseHttpServer (BaseHttpServer.java:updateConnectorAddress(329)) - HTTP server of ozoneManager listening at http://0.0.0.0:42045
2021-08-17 01:35:12,049 [IPC Server Responder] INFO  ipc.Server (Server.java:run(1507)) - IPC Server Responder: starting
2021-08-17 01:35:12,054 [IPC Server listener on 0] INFO  ipc.Server (Server.java:run(1344)) - IPC Server listener on 0: starting
2021-08-17 01:35:12,055 [Listener at 127.0.0.1/39113] INFO  om.OzoneManager (OzoneManager.java:startTrashEmptier(1531)) - Trash Interval set to 0. Files deleted will not move to trash
2021-08-17 01:35:12,086 [org.apache.hadoop.util.JvmPauseMonitor$Monitor@74f0f68] INFO  util.JvmPauseMonitor (JvmPauseMonitor.java:run(188)) - Starting JVM pause monitor
2021-08-17 01:35:12,094 [Listener at 127.0.0.1/39113] WARN  impl.MetricRegistriesImpl (MetricRegistriesImpl.java:addReporterRegistration(111)) - New reporters are added after registries were created. Some metrics will be missing from the reporter. Please add reporter before adding any new registry.
2021-08-17 01:35:12,094 [Listener at 127.0.0.1/39113] WARN  impl.MetricRegistriesImpl (MetricRegistriesImpl.java:addReporterRegistration(111)) - New reporters are added after registries were created. Some metrics will be missing from the reporter. Please add reporter before adding any new registry.
2021-08-17 01:35:12,094 [Listener at 127.0.0.1/39113] INFO  impl.MetricsSystemImpl (MetricsSystemImpl.java:init(158)) - HddsDatanode metrics system started (again)
2021-08-17 01:35:12,114 [Listener at 127.0.0.1/39113] INFO  ozone.HddsDatanodeService (HddsDatanodeService.java:start(234)) - HddsDatanodeService host:fv-az195-965.u3nnjwd0vyge1bu22idnsdeq2e.cx.internal.cloudapp.net ip:10.1.0.32
2021-08-17 01:35:12,193 [Listener at 127.0.0.1/39113] INFO  upgrade.AbstractLayoutVersionManager (AbstractLayoutVersionManager.java:init(70)) - Initializing Layout version manager with metadata layout = SCM_HA (version = 2), software layout = SCM_HA (version = 2)
2021-08-17 01:35:12,295 [Listener at 127.0.0.1/39113] INFO  reflections.Reflections (Reflections.java:scan(232)) - Reflections took 101 ms to scan 7 urls, producing 120 keys and 275 values 
2021-08-17 01:35:12,297 [Listener at 127.0.0.1/39113] INFO  volume.HddsVolume (HddsVolume.java:<init>(120)) - Creating HddsVolume: /home/runner/work/ozone/ozone/hadoop-ozone/integration-test/target/test-dir/MiniOzoneClusterImpl-792c0480-480e-4b9f-8df8-75fa91581c67/datanode-0/data-0/containers/hdds of storage type : DISK capacity : 9223372036854775807
2021-08-17 01:35:12,297 [Listener at 127.0.0.1/39113] INFO  volume.MutableVolumeSet (MutableVolumeSet.java:initializeVolumeSet(181)) - Added Volume : /home/runner/work/ozone/ozone/hadoop-ozone/integration-test/target/test-dir/MiniOzoneClusterImpl-792c0480-480e-4b9f-8df8-75fa91581c67/datanode-0/data-0/containers/hdds to VolumeSet
2021-08-17 01:35:12,297 [Listener at 127.0.0.1/39113] INFO  volume.ThrottledAsyncChecker (ThrottledAsyncChecker.java:schedule(141)) - Scheduling a check for /home/runner/work/ozone/ozone/hadoop-ozone/integration-test/target/test-dir/MiniOzoneClusterImpl-792c0480-480e-4b9f-8df8-75fa91581c67/datanode-0/data-0/containers/hdds
2021-08-17 01:35:12,298 [Listener at 127.0.0.1/39113] INFO  volume.StorageVolumeChecker (StorageVolumeChecker.java:checkAllVolumes(202)) - Scheduled health check for volume /home/runner/work/ozone/ozone/hadoop-ozone/integration-test/target/test-dir/MiniOzoneClusterImpl-792c0480-480e-4b9f-8df8-75fa91581c67/datanode-0/data-0/containers/hdds
2021-08-17 01:35:12,333 [Listener at 127.0.0.1/39113] INFO  volume.MutableVolumeSet (MutableVolumeSet.java:initializeVolumeSet(181)) - Added Volume : /home/runner/work/ozone/ozone/hadoop-ozone/integration-test/target/test-dir/MiniOzoneClusterImpl-792c0480-480e-4b9f-8df8-75fa91581c67/datanode-0/data/ratis to VolumeSet
2021-08-17 01:35:12,333 [Listener at 127.0.0.1/39113] INFO  volume.ThrottledAsyncChecker (ThrottledAsyncChecker.java:schedule(141)) - Scheduling a check for /home/runner/work/ozone/ozone/hadoop-ozone/integration-test/target/test-dir/MiniOzoneClusterImpl-792c0480-480e-4b9f-8df8-75fa91581c67/datanode-0/data/ratis
2021-08-17 01:35:12,342 [Listener at 127.0.0.1/39113] INFO  volume.StorageVolumeChecker (StorageVolumeChecker.java:checkAllVolumes(202)) - Scheduled health check for volume /home/runner/work/ozone/ozone/hadoop-ozone/integration-test/target/test-dir/MiniOzoneClusterImpl-792c0480-480e-4b9f-8df8-75fa91581c67/datanode-0/data/ratis
2021-08-17 01:35:12,389 [Listener at 127.0.0.1/39113] INFO  ozoneimpl.ContainerReader (ContainerReader.java:<init>(98)) - Running in upgrade mode:true
2021-08-17 01:35:12,389 [Thread-880] INFO  ozoneimpl.ContainerReader (ContainerReader.java:readVolume(142)) - Start to verify containers on volume /home/runner/work/ozone/ozone/hadoop-ozone/integration-test/target/test-dir/MiniOzoneClusterImpl-792c0480-480e-4b9f-8df8-75fa91581c67/datanode-0/data-0/containers/hdds
2021-08-17 01:35:12,389 [Thread-880] INFO  ozoneimpl.ContainerReader (ContainerReader.java:readVolume(174)) - Finish verifying containers on volume /home/runner/work/ozone/ozone/hadoop-ozone/integration-test/target/test-dir/MiniOzoneClusterImpl-792c0480-480e-4b9f-8df8-75fa91581c67/datanode-0/data-0/containers/hdds
2021-08-17 01:35:12,389 [Listener at 127.0.0.1/39113] INFO  ozoneimpl.OzoneContainer (OzoneContainer.java:buildContainerSet(237)) - Build ContainerSet costs 0s
2021-08-17 01:35:12,391 [Listener at 127.0.0.1/39113] INFO  server.RaftServer (ConfUtils.java:logGet(44)) - raft.rpc.type = GRPC (default)
2021-08-17 01:35:12,391 [Listener at 127.0.0.1/39113] INFO  grpc.GrpcFactory (GrpcFactory.java:checkPooledByteBufAllocatorUseCacheForAllThreads(48)) - PERFORMANCE WARNING: useCacheForAllThreads is true that may cause Netty to create a lot garbage objects and, as a result, trigger GC.
	It is recommended to disable useCacheForAllThreads by setting -Dorg.apache.ratis.thirdparty.io.netty.allocator.useCacheForAllThreads=false in command line.
2021-08-17 01:35:12,391 [Listener at 127.0.0.1/39113] INFO  grpc.GrpcConfigKeys (ConfUtils.java:logGet(44)) - raft.grpc.admin.port = 0 (custom)
2021-08-17 01:35:12,391 [Listener at 127.0.0.1/39113] INFO  grpc.GrpcConfigKeys (ConfUtils.java:logGet(44)) - raft.grpc.client.port = 0 (custom)
2021-08-17 01:35:12,391 [Listener at 127.0.0.1/39113] INFO  grpc.GrpcConfigKeys (ConfUtils.java:logGet(44)) - raft.grpc.server.port = 0 (default)
2021-08-17 01:35:12,391 [Listener at 127.0.0.1/39113] INFO  server.GrpcService (ConfUtils.java:logGet(44)) - raft.grpc.message.size.max = 32MB (=33554432) (custom)
2021-08-17 01:35:12,391 [Listener at 127.0.0.1/39113] INFO  server.RaftServerConfigKeys (ConfUtils.java:logGet(44)) - raft.server.log.appender.buffer.byte-limit = 33554432 (custom)
2021-08-17 01:35:12,392 [Listener at 127.0.0.1/39113] INFO  server.GrpcService (ConfUtils.java:logGet(44)) - raft.grpc.flow.control.window = 5MB (=5242880) (custom)
2021-08-17 01:35:12,392 [Listener at 127.0.0.1/39113] INFO  server.RaftServerConfigKeys (ConfUtils.java:logGet(44)) - raft.server.rpc.request.timeout = 60s (custom)
2021-08-17 01:35:12,392 [Listener at 127.0.0.1/39113] INFO  impl.DataStreamServerImpl (ConfUtils.java:logGet(44)) - raft.datastream.type = DISABLED (default)
2021-08-17 01:35:12,393 [Listener at 127.0.0.1/39113] INFO  server.RaftServerConfigKeys (ConfUtils.java:logGet(44)) - raft.server.rpc.slowness.timeout = 300s (custom)
2021-08-17 01:35:12,393 [Listener at 127.0.0.1/39113] INFO  server.RaftServerConfigKeys (ConfUtils.java:logGet(44)) - raft.server.leaderelection.leader.step-down.wait-time = 10s (default)
2021-08-17 01:35:12,393 [Listener at 127.0.0.1/39113] INFO  server.RaftServerConfigKeys (ConfUtils.java:logGet(44)) - raft.server.storage.dir = [/home/runner/work/ozone/ozone/hadoop-ozone/integration-test/target/test-dir/MiniOzoneClusterImpl-792c0480-480e-4b9f-8df8-75fa91581c67/datanode-0/data/ratis] (custom)
2021-08-17 01:35:12,399 [Listener at 127.0.0.1/39113] INFO  http.BaseHttpServer (BaseHttpServer.java:newHttpServer2BuilderForOzone(209)) - Starting Web-server for hddsDatanode at: http://0.0.0.0:0
2021-08-17 01:35:12,399 [Listener at 127.0.0.1/39113] INFO  http.BaseHttpServer (BaseHttpServer.java:<init>(107)) - Hadoop Security Enabled: false Ozone Security Enabled: false Ozone HTTP Security Enabled: false 
2021-08-17 01:35:12,400 [Listener at 127.0.0.1/39113] INFO  server.AuthenticationFilter (AuthenticationFilter.java:constructSecretProvider(240)) - Unable to initialize FileSignerSecretProvider, falling back to use random secrets.
2021-08-17 01:35:12,426 [Listener at 127.0.0.1/39113] WARN  http.HttpRequestLog (HttpRequestLog.java:getRequestLog(103)) - Jetty request log can only be enabled using Log4j
2021-08-17 01:35:12,427 [Listener at 127.0.0.1/39113] INFO  http.HttpServer2 (HttpServer2.java:addGlobalFilter(1020)) - Added global filter 'safety' (class=org.apache.hadoop.hdds.server.http.HttpServer2$QuotingInputFilter)
2021-08-17 01:35:12,427 [Listener at 127.0.0.1/39113] INFO  http.HttpServer2 (HttpServer2.java:addFilter(996)) - Added filter static_user_filter (class=org.apache.hadoop.http.lib.StaticUserWebFilter$StaticUserFilter) to context hddsDatanode
2021-08-17 01:35:12,427 [Listener at 127.0.0.1/39113] INFO  http.HttpServer2 (HttpServer2.java:addFilter(1004)) - Added filter static_user_filter (class=org.apache.hadoop.http.lib.StaticUserWebFilter$StaticUserFilter) to context logs
2021-08-17 01:35:12,427 [Listener at 127.0.0.1/39113] INFO  http.HttpServer2 (HttpServer2.java:addFilter(1004)) - Added filter static_user_filter (class=org.apache.hadoop.http.lib.StaticUserWebFilter$StaticUserFilter) to context static
2021-08-17 01:35:12,427 [Listener at 127.0.0.1/39113] INFO  http.HttpServer2 (HttpServer2.java:bindListener(1239)) - Jetty bound to port 44089
2021-08-17 01:35:12,427 [Listener at 127.0.0.1/39113] INFO  server.Server (Server.java:doStart(375)) - jetty-9.4.43.v20210629; built: 2021-06-30T11:07:22.254Z; git: 526006ecfa3af7f1a27ef3a288e2bef7ea9dd7e8; jvm 1.8.0_292-b10
2021-08-17 01:35:12,431 [Listener at 127.0.0.1/39113] INFO  server.session (DefaultSessionIdManager.java:doStart(334)) - DefaultSessionIdManager workerName=node0
2021-08-17 01:35:12,431 [Listener at 127.0.0.1/39113] INFO  server.session (DefaultSessionIdManager.java:doStart(339)) - No SessionScavenger set, using defaults
2021-08-17 01:35:12,431 [Listener at 127.0.0.1/39113] INFO  server.session (HouseKeeper.java:startScavenging(132)) - node0 Scavenging every 600000ms
2021-08-17 01:35:12,432 [Listener at 127.0.0.1/39113] INFO  handler.ContextHandler (ContextHandler.java:doStart(915)) - Started o.e.j.s.ServletContextHandler@2f7435b4{logs,/logs,file:///home/runner/work/ozone/ozone/hadoop-ozone/integration-test/target/log,AVAILABLE}
2021-08-17 01:35:12,432 [Listener at 127.0.0.1/39113] INFO  handler.ContextHandler (ContextHandler.java:doStart(915)) - Started o.e.j.s.ServletContextHandler@3bf28de9{static,/static,jar:file:/home/runner/.m2/repository/org/apache/ozone/hdds-container-service/1.2.0-SNAPSHOT/hdds-container-service-1.2.0-SNAPSHOT.jar!/webapps/static,AVAILABLE}
2021-08-17 01:35:12,518 [Listener at 127.0.0.1/39113] INFO  handler.ContextHandler (ContextHandler.java:doStart(915)) - Started o.e.j.w.WebAppContext@361f32f7{hddsDatanode,/,file:///tmp/jetty-0_0_0_0-44089-hdds-container-service-1_2_0-SNAPSHOT_jar-_-any-619609665931707997/webapp/,AVAILABLE}{jar:file:/home/runner/.m2/repository/org/apache/ozone/hdds-container-service/1.2.0-SNAPSHOT/hdds-container-service-1.2.0-SNAPSHOT.jar!/webapps/hddsDatanode}
2021-08-17 01:35:12,531 [Listener at 127.0.0.1/39113] INFO  server.AbstractConnector (AbstractConnector.java:doStart(331)) - Started ServerConnector@627b827e{HTTP/1.1, (http/1.1)}{0.0.0.0:44089}
2021-08-17 01:35:12,531 [Listener at 127.0.0.1/39113] INFO  server.Server (Server.java:doStart(415)) - Started @109998ms
2021-08-17 01:35:12,531 [Listener at 127.0.0.1/39113] WARN  impl.MetricsSystemImpl (MetricsSystemImpl.java:register(279)) - Sink prometheus already exists!
2021-08-17 01:35:12,531 [Listener at 127.0.0.1/39113] INFO  http.BaseHttpServer (BaseHttpServer.java:updateConnectorAddress(329)) - HTTP server of hddsDatanode listening at http://0.0.0.0:44089
2021-08-17 01:35:12,537 [Listener at 127.0.0.1/39113] WARN  impl.MetricRegistriesImpl (MetricRegistriesImpl.java:addReporterRegistration(111)) - New reporters are added after registries were created. Some metrics will be missing from the reporter. Please add reporter before adding any new registry.
2021-08-17 01:35:12,537 [Listener at 127.0.0.1/39113] WARN  impl.MetricRegistriesImpl (MetricRegistriesImpl.java:addReporterRegistration(111)) - New reporters are added after registries were created. Some metrics will be missing from the reporter. Please add reporter before adding any new registry.
2021-08-17 01:35:12,537 [Listener at 127.0.0.1/39113] INFO  impl.MetricsSystemImpl (MetricsSystemImpl.java:init(158)) - HddsDatanode metrics system started (again)
2021-08-17 01:35:12,601 [Listener at 127.0.0.1/39113] INFO  ozone.HddsDatanodeService (HddsDatanodeService.java:start(234)) - HddsDatanodeService host:fv-az195-965.u3nnjwd0vyge1bu22idnsdeq2e.cx.internal.cloudapp.net ip:10.1.0.32
2021-08-17 01:35:12,610 [org.apache.hadoop.util.JvmPauseMonitor$Monitor@1be58ba] INFO  util.JvmPauseMonitor (JvmPauseMonitor.java:run(188)) - Starting JVM pause monitor
2021-08-17 01:35:12,617 [Datanode State Machine Task Thread - 0] INFO  datanode.InitDatanodeState (InitDatanodeState.java:persistContainerDatanodeDetails(145)) - DatanodeDetails is persisted to /home/runner/work/ozone/ozone/hadoop-ozone/integration-test/target/test-dir/MiniOzoneClusterImpl-792c0480-480e-4b9f-8df8-75fa91581c67/datanode-0/meta/datanode.id
2021-08-17 01:35:12,671 [Listener at 127.0.0.1/39113] INFO  upgrade.AbstractLayoutVersionManager (AbstractLayoutVersionManager.java:init(70)) - Initializing Layout version manager with metadata layout = SCM_HA (version = 2), software layout = SCM_HA (version = 2)
2021-08-17 01:35:12,789 [Listener at 127.0.0.1/39113] INFO  reflections.Reflections (Reflections.java:scan(232)) - Reflections took 117 ms to scan 7 urls, producing 120 keys and 275 values 
2021-08-17 01:35:12,792 [Listener at 127.0.0.1/39113] INFO  volume.HddsVolume (HddsVolume.java:<init>(120)) - Creating HddsVolume: /home/runner/work/ozone/ozone/hadoop-ozone/integration-test/target/test-dir/MiniOzoneClusterImpl-792c0480-480e-4b9f-8df8-75fa91581c67/datanode-1/data-0/containers/hdds of storage type : DISK capacity : 9223372036854775807
2021-08-17 01:35:12,792 [Listener at 127.0.0.1/39113] INFO  volume.MutableVolumeSet (MutableVolumeSet.java:initializeVolumeSet(181)) - Added Volume : /home/runner/work/ozone/ozone/hadoop-ozone/integration-test/target/test-dir/MiniOzoneClusterImpl-792c0480-480e-4b9f-8df8-75fa91581c67/datanode-1/data-0/containers/hdds to VolumeSet
2021-08-17 01:35:12,792 [Listener at 127.0.0.1/39113] INFO  volume.ThrottledAsyncChecker (ThrottledAsyncChecker.java:schedule(141)) - Scheduling a check for /home/runner/work/ozone/ozone/hadoop-ozone/integration-test/target/test-dir/MiniOzoneClusterImpl-792c0480-480e-4b9f-8df8-75fa91581c67/datanode-1/data-0/containers/hdds
2021-08-17 01:35:12,792 [Listener at 127.0.0.1/39113] INFO  volume.StorageVolumeChecker (StorageVolumeChecker.java:checkAllVolumes(202)) - Scheduled health check for volume /home/runner/work/ozone/ozone/hadoop-ozone/integration-test/target/test-dir/MiniOzoneClusterImpl-792c0480-480e-4b9f-8df8-75fa91581c67/datanode-1/data-0/containers/hdds
2021-08-17 01:35:12,804 [Listener at 127.0.0.1/39113] INFO  volume.MutableVolumeSet (MutableVolumeSet.java:initializeVolumeSet(181)) - Added Volume : /home/runner/work/ozone/ozone/hadoop-ozone/integration-test/target/test-dir/MiniOzoneClusterImpl-792c0480-480e-4b9f-8df8-75fa91581c67/datanode-1/data/ratis to VolumeSet
2021-08-17 01:35:12,805 [Listener at 127.0.0.1/39113] INFO  volume.ThrottledAsyncChecker (ThrottledAsyncChecker.java:schedule(141)) - Scheduling a check for /home/runner/work/ozone/ozone/hadoop-ozone/integration-test/target/test-dir/MiniOzoneClusterImpl-792c0480-480e-4b9f-8df8-75fa91581c67/datanode-1/data/ratis
2021-08-17 01:35:12,805 [Listener at 127.0.0.1/39113] INFO  volume.StorageVolumeChecker (StorageVolumeChecker.java:checkAllVolumes(202)) - Scheduled health check for volume /home/runner/work/ozone/ozone/hadoop-ozone/integration-test/target/test-dir/MiniOzoneClusterImpl-792c0480-480e-4b9f-8df8-75fa91581c67/datanode-1/data/ratis
2021-08-17 01:35:12,829 [Listener at 127.0.0.1/39113] INFO  ozoneimpl.ContainerReader (ContainerReader.java:<init>(98)) - Running in upgrade mode:true
2021-08-17 01:35:12,849 [Thread-892] INFO  ozoneimpl.ContainerReader (ContainerReader.java:readVolume(142)) - Start to verify containers on volume /home/runner/work/ozone/ozone/hadoop-ozone/integration-test/target/test-dir/MiniOzoneClusterImpl-792c0480-480e-4b9f-8df8-75fa91581c67/datanode-1/data-0/containers/hdds
2021-08-17 01:35:12,849 [Thread-892] INFO  ozoneimpl.ContainerReader (ContainerReader.java:readVolume(174)) - Finish verifying containers on volume /home/runner/work/ozone/ozone/hadoop-ozone/integration-test/target/test-dir/MiniOzoneClusterImpl-792c0480-480e-4b9f-8df8-75fa91581c67/datanode-1/data-0/containers/hdds
2021-08-17 01:35:12,849 [Listener at 127.0.0.1/39113] INFO  ozoneimpl.OzoneContainer (OzoneContainer.java:buildContainerSet(237)) - Build ContainerSet costs 0s
2021-08-17 01:35:12,851 [Listener at 127.0.0.1/39113] INFO  server.RaftServer (ConfUtils.java:logGet(44)) - raft.rpc.type = GRPC (default)
2021-08-17 01:35:12,851 [Listener at 127.0.0.1/39113] INFO  grpc.GrpcFactory (GrpcFactory.java:checkPooledByteBufAllocatorUseCacheForAllThreads(48)) - PERFORMANCE WARNING: useCacheForAllThreads is true that may cause Netty to create a lot garbage objects and, as a result, trigger GC.
	It is recommended to disable useCacheForAllThreads by setting -Dorg.apache.ratis.thirdparty.io.netty.allocator.useCacheForAllThreads=false in command line.
2021-08-17 01:35:12,851 [Listener at 127.0.0.1/39113] INFO  grpc.GrpcConfigKeys (ConfUtils.java:logGet(44)) - raft.grpc.admin.port = 0 (custom)
2021-08-17 01:35:12,851 [Listener at 127.0.0.1/39113] INFO  grpc.GrpcConfigKeys (ConfUtils.java:logGet(44)) - raft.grpc.client.port = 0 (custom)
2021-08-17 01:35:12,851 [Listener at 127.0.0.1/39113] INFO  grpc.GrpcConfigKeys (ConfUtils.java:logGet(44)) - raft.grpc.server.port = 0 (default)
2021-08-17 01:35:12,851 [Listener at 127.0.0.1/39113] INFO  server.GrpcService (ConfUtils.java:logGet(44)) - raft.grpc.message.size.max = 32MB (=33554432) (custom)
2021-08-17 01:35:12,851 [Listener at 127.0.0.1/39113] INFO  server.RaftServerConfigKeys (ConfUtils.java:logGet(44)) - raft.server.log.appender.buffer.byte-limit = 33554432 (custom)
2021-08-17 01:35:12,851 [Listener at 127.0.0.1/39113] INFO  server.GrpcService (ConfUtils.java:logGet(44)) - raft.grpc.flow.control.window = 5MB (=5242880) (custom)
2021-08-17 01:35:12,851 [Listener at 127.0.0.1/39113] INFO  server.RaftServerConfigKeys (ConfUtils.java:logGet(44)) - raft.server.rpc.request.timeout = 60s (custom)
2021-08-17 01:35:12,852 [Listener at 127.0.0.1/39113] INFO  impl.DataStreamServerImpl (ConfUtils.java:logGet(44)) - raft.datastream.type = DISABLED (default)
2021-08-17 01:35:12,852 [Listener at 127.0.0.1/39113] INFO  server.RaftServerConfigKeys (ConfUtils.java:logGet(44)) - raft.server.rpc.slowness.timeout = 300s (custom)
2021-08-17 01:35:12,852 [Listener at 127.0.0.1/39113] INFO  server.RaftServerConfigKeys (ConfUtils.java:logGet(44)) - raft.server.leaderelection.leader.step-down.wait-time = 10s (default)
2021-08-17 01:35:12,852 [Listener at 127.0.0.1/39113] INFO  server.RaftServerConfigKeys (ConfUtils.java:logGet(44)) - raft.server.storage.dir = [/home/runner/work/ozone/ozone/hadoop-ozone/integration-test/target/test-dir/MiniOzoneClusterImpl-792c0480-480e-4b9f-8df8-75fa91581c67/datanode-1/data/ratis] (custom)
2021-08-17 01:35:12,857 [Listener at 127.0.0.1/39113] INFO  http.BaseHttpServer (BaseHttpServer.java:newHttpServer2BuilderForOzone(209)) - Starting Web-server for hddsDatanode at: http://0.0.0.0:0
2021-08-17 01:35:12,857 [Listener at 127.0.0.1/39113] INFO  http.BaseHttpServer (BaseHttpServer.java:<init>(107)) - Hadoop Security Enabled: false Ozone Security Enabled: false Ozone HTTP Security Enabled: false 
2021-08-17 01:35:12,858 [Listener at 127.0.0.1/39113] INFO  server.AuthenticationFilter (AuthenticationFilter.java:constructSecretProvider(240)) - Unable to initialize FileSignerSecretProvider, falling back to use random secrets.
2021-08-17 01:35:12,862 [Listener at 127.0.0.1/39113] WARN  http.HttpRequestLog (HttpRequestLog.java:getRequestLog(103)) - Jetty request log can only be enabled using Log4j
2021-08-17 01:35:12,863 [Listener at 127.0.0.1/39113] INFO  http.HttpServer2 (HttpServer2.java:addGlobalFilter(1020)) - Added global filter 'safety' (class=org.apache.hadoop.hdds.server.http.HttpServer2$QuotingInputFilter)
2021-08-17 01:35:12,863 [Listener at 127.0.0.1/39113] INFO  http.HttpServer2 (HttpServer2.java:addFilter(996)) - Added filter static_user_filter (class=org.apache.hadoop.http.lib.StaticUserWebFilter$StaticUserFilter) to context hddsDatanode
2021-08-17 01:35:12,863 [Listener at 127.0.0.1/39113] INFO  http.HttpServer2 (HttpServer2.java:addFilter(1004)) - Added filter static_user_filter (class=org.apache.hadoop.http.lib.StaticUserWebFilter$StaticUserFilter) to context logs
2021-08-17 01:35:12,863 [Listener at 127.0.0.1/39113] INFO  http.HttpServer2 (HttpServer2.java:addFilter(1004)) - Added filter static_user_filter (class=org.apache.hadoop.http.lib.StaticUserWebFilter$StaticUserFilter) to context static
2021-08-17 01:35:12,863 [Listener at 127.0.0.1/39113] INFO  http.HttpServer2 (HttpServer2.java:bindListener(1239)) - Jetty bound to port 38519
2021-08-17 01:35:12,863 [Listener at 127.0.0.1/39113] INFO  server.Server (Server.java:doStart(375)) - jetty-9.4.43.v20210629; built: 2021-06-30T11:07:22.254Z; git: 526006ecfa3af7f1a27ef3a288e2bef7ea9dd7e8; jvm 1.8.0_292-b10
2021-08-17 01:35:12,866 [Listener at 127.0.0.1/39113] INFO  server.session (DefaultSessionIdManager.java:doStart(334)) - DefaultSessionIdManager workerName=node0
2021-08-17 01:35:12,866 [Listener at 127.0.0.1/39113] INFO  server.session (DefaultSessionIdManager.java:doStart(339)) - No SessionScavenger set, using defaults
2021-08-17 01:35:12,866 [Listener at 127.0.0.1/39113] INFO  server.session (HouseKeeper.java:startScavenging(132)) - node0 Scavenging every 660000ms
2021-08-17 01:35:12,886 [Listener at 127.0.0.1/39113] INFO  handler.ContextHandler (ContextHandler.java:doStart(915)) - Started o.e.j.s.ServletContextHandler@56e07222{logs,/logs,file:///home/runner/work/ozone/ozone/hadoop-ozone/integration-test/target/log,AVAILABLE}
2021-08-17 01:35:12,890 [Listener at 127.0.0.1/39113] INFO  handler.ContextHandler (ContextHandler.java:doStart(915)) - Started o.e.j.s.ServletContextHandler@38f5bf3b{static,/static,jar:file:/home/runner/.m2/repository/org/apache/ozone/hdds-container-service/1.2.0-SNAPSHOT/hdds-container-service-1.2.0-SNAPSHOT.jar!/webapps/static,AVAILABLE}
2021-08-17 01:35:12,974 [om1@group-C5BA1605619E-FollowerState] INFO  impl.FollowerState (FollowerState.java:run(134)) - om1@group-C5BA1605619E-FollowerState: change to CANDIDATE, lastRpcElapsedTime:1071599041ns, electionTimeout:1057ms
2021-08-17 01:35:12,974 [om1@group-C5BA1605619E-FollowerState] INFO  impl.RoleInfo (RoleInfo.java:shutdownFollowerState(108)) - om1: shutdown om1@group-C5BA1605619E-FollowerState
2021-08-17 01:35:12,974 [om1@group-C5BA1605619E-FollowerState] INFO  server.RaftServer$Division (RaftServerImpl.java:setRole(285)) - om1@group-C5BA1605619E: changes role from  FOLLOWER to CANDIDATE at term 0 for changeToCandidate
2021-08-17 01:35:12,974 [om1@group-C5BA1605619E-FollowerState] INFO  server.RaftServerConfigKeys (ConfUtils.java:logGet(44)) - raft.server.leaderelection.pre-vote = false (custom)
2021-08-17 01:35:12,974 [om1@group-C5BA1605619E-FollowerState] INFO  impl.RoleInfo (RoleInfo.java:updateAndGet(130)) - om1: start om1@group-C5BA1605619E-LeaderElection26
2021-08-17 01:35:12,975 [Listener at 127.0.0.1/39113] INFO  handler.ContextHandler (ContextHandler.java:doStart(915)) - Started o.e.j.w.WebAppContext@709d876c{hddsDatanode,/,file:///tmp/jetty-0_0_0_0-38519-hdds-container-service-1_2_0-SNAPSHOT_jar-_-any-9181675299448285830/webapp/,AVAILABLE}{jar:file:/home/runner/.m2/repository/org/apache/ozone/hdds-container-service/1.2.0-SNAPSHOT/hdds-container-service-1.2.0-SNAPSHOT.jar!/webapps/hddsDatanode}
2021-08-17 01:35:13,023 [Listener at 127.0.0.1/39113] INFO  server.AbstractConnector (AbstractConnector.java:doStart(331)) - Started ServerConnector@7ad6f398{HTTP/1.1, (http/1.1)}{0.0.0.0:38519}
2021-08-17 01:35:13,023 [Listener at 127.0.0.1/39113] INFO  server.Server (Server.java:doStart(415)) - Started @110490ms
2021-08-17 01:35:13,023 [Listener at 127.0.0.1/39113] WARN  impl.MetricsSystemImpl (MetricsSystemImpl.java:register(279)) - Sink prometheus already exists!
2021-08-17 01:35:13,024 [Listener at 127.0.0.1/39113] INFO  http.BaseHttpServer (BaseHttpServer.java:updateConnectorAddress(329)) - HTTP server of hddsDatanode listening at http://0.0.0.0:38519
2021-08-17 01:35:13,024 [Listener at 127.0.0.1/39113] WARN  impl.MetricRegistriesImpl (MetricRegistriesImpl.java:addReporterRegistration(111)) - New reporters are added after registries were created. Some metrics will be missing from the reporter. Please add reporter before adding any new registry.
2021-08-17 01:35:13,024 [Listener at 127.0.0.1/39113] WARN  impl.MetricRegistriesImpl (MetricRegistriesImpl.java:addReporterRegistration(111)) - New reporters are added after registries were created. Some metrics will be missing from the reporter. Please add reporter before adding any new registry.
2021-08-17 01:35:13,024 [Listener at 127.0.0.1/39113] INFO  impl.MetricsSystemImpl (MetricsSystemImpl.java:init(158)) - HddsDatanode metrics system started (again)
2021-08-17 01:35:13,028 [om1@group-C5BA1605619E-LeaderElection26] INFO  impl.LeaderElection (LeaderElection.java:askForVotes(306)) - om1@group-C5BA1605619E-LeaderElection26 ELECTION round 0: submit vote requests at term 1 for -1: [om1|rpc:localhost:9872|priority:0], old=null
2021-08-17 01:35:13,028 [om1@group-C5BA1605619E-LeaderElection26] INFO  impl.LeaderElection (LeaderElection.java:askForVotes(308)) - om1@group-C5BA1605619E-LeaderElection26 ELECTION round 0: result PASSED (term=1)
2021-08-17 01:35:13,028 [om1@group-C5BA1605619E-LeaderElection26] INFO  impl.RoleInfo (RoleInfo.java:shutdownLeaderElection(121)) - om1: shutdown om1@group-C5BA1605619E-LeaderElection26
2021-08-17 01:35:13,028 [om1@group-C5BA1605619E-LeaderElection26] INFO  server.RaftServer$Division (RaftServerImpl.java:setRole(285)) - om1@group-C5BA1605619E: changes role from CANDIDATE to LEADER at term 1 for changeToLeader
2021-08-17 01:35:13,028 [om1@group-C5BA1605619E-LeaderElection26] INFO  server.RaftServer$Division (ServerState.java:setLeader(285)) - om1@group-C5BA1605619E: change Leader from null to om1 at term 1 for becomeLeader, leader elected after 1173ms
2021-08-17 01:35:13,028 [om1@group-C5BA1605619E-LeaderElection26] INFO  server.RaftServerConfigKeys (ConfUtils.java:logGet(44)) - raft.server.staging.catchup.gap = 1000 (default)
2021-08-17 01:35:13,028 [om1@group-C5BA1605619E-LeaderElection26] INFO  server.RaftServerConfigKeys (ConfUtils.java:logGet(44)) - raft.server.write.element-limit = 4096 (default)
2021-08-17 01:35:13,028 [om1@group-C5BA1605619E-LeaderElection26] INFO  server.RaftServerConfigKeys (ConfUtils.java:logGet(44)) - raft.server.write.byte-limit = 64MB (=67108864) (default)
2021-08-17 01:35:13,028 [om1@group-C5BA1605619E-LeaderElection26] INFO  server.RaftServerConfigKeys (ConfUtils.java:logGet(44)) - raft.server.watch.timeout = 10s (default)
2021-08-17 01:35:13,028 [om1@group-C5BA1605619E-LeaderElection26] INFO  server.RaftServerConfigKeys (ConfUtils.java:logGet(44)) - raft.server.watch.timeout.denomination = 1s (default)
2021-08-17 01:35:13,028 [om1@group-C5BA1605619E-LeaderElection26] INFO  server.RaftServerConfigKeys (ConfUtils.java:logGet(44)) - raft.server.watch.element-limit = 65536 (default)
2021-08-17 01:35:13,028 [om1@group-C5BA1605619E-LeaderElection26] INFO  impl.RoleInfo (RoleInfo.java:updateAndGet(130)) - om1: start om1@group-C5BA1605619E-LeaderStateImpl
2021-08-17 01:35:13,028 [om1@group-C5BA1605619E-LeaderElection26] INFO  segmented.SegmentedRaftLogWorker (SegmentedRaftLogWorker.java:startLogSegment(394)) - om1@group-C5BA1605619E-SegmentedRaftLogWorker: Starting segment from index:0
2021-08-17 01:35:13,035 [om1@group-C5BA1605619E-SegmentedRaftLogWorker] INFO  segmented.SegmentedRaftLogWorker (SegmentedRaftLogWorker.java:execute(601)) - om1@group-C5BA1605619E-SegmentedRaftLogWorker: created new log segment /home/runner/work/ozone/ozone/hadoop-ozone/integration-test/target/test-dir/MiniOzoneClusterImpl-792c0480-480e-4b9f-8df8-75fa91581c67/ozone-meta/ratis/bf265839-605b-3f16-9796-c5ba1605619e/current/log_inprogress_0
2021-08-17 01:35:13,058 [om1@group-C5BA1605619E-LeaderElection26] INFO  server.RaftServer$Division (ServerState.java:setRaftConf(387)) - om1@group-C5BA1605619E: set configuration 0: [om1|rpc:localhost:9872|admin:|client:|dataStream:|priority:0], old=null
2021-08-17 01:35:13,095 [org.apache.hadoop.util.JvmPauseMonitor$Monitor@837898c] INFO  util.JvmPauseMonitor (JvmPauseMonitor.java:run(188)) - Starting JVM pause monitor
2021-08-17 01:35:13,096 [om1@group-C5BA1605619E-StateMachineUpdater] INFO  ratis.OzoneManagerStateMachine (OzoneManagerStateMachine.java:notifyConfigurationChanged(188)) - Received Configuration change notification from Ratis. New Peer list:
[id: "om1"
address: "localhost:9872"
]
2021-08-17 01:35:13,106 [Listener at 127.0.0.1/39113] INFO  ozone.HddsDatanodeService (HddsDatanodeService.java:start(234)) - HddsDatanodeService host:fv-az195-965.u3nnjwd0vyge1bu22idnsdeq2e.cx.internal.cloudapp.net ip:10.1.0.32
2021-08-17 01:35:13,172 [Listener at 127.0.0.1/39113] INFO  upgrade.AbstractLayoutVersionManager (AbstractLayoutVersionManager.java:init(70)) - Initializing Layout version manager with metadata layout = SCM_HA (version = 2), software layout = SCM_HA (version = 2)
2021-08-17 01:35:13,175 [Datanode State Machine Task Thread - 0] INFO  datanode.InitDatanodeState (InitDatanodeState.java:persistContainerDatanodeDetails(145)) - DatanodeDetails is persisted to /home/runner/work/ozone/ozone/hadoop-ozone/integration-test/target/test-dir/MiniOzoneClusterImpl-792c0480-480e-4b9f-8df8-75fa91581c67/datanode-1/meta/datanode.id
2021-08-17 01:35:13,248 [Listener at 127.0.0.1/39113] INFO  reflections.Reflections (Reflections.java:scan(232)) - Reflections took 76 ms to scan 7 urls, producing 120 keys and 275 values 
2021-08-17 01:35:13,251 [Listener at 127.0.0.1/39113] INFO  volume.HddsVolume (HddsVolume.java:<init>(120)) - Creating HddsVolume: /home/runner/work/ozone/ozone/hadoop-ozone/integration-test/target/test-dir/MiniOzoneClusterImpl-792c0480-480e-4b9f-8df8-75fa91581c67/datanode-2/data-0/containers/hdds of storage type : DISK capacity : 9223372036854775807
2021-08-17 01:35:13,251 [Listener at 127.0.0.1/39113] INFO  volume.MutableVolumeSet (MutableVolumeSet.java:initializeVolumeSet(181)) - Added Volume : /home/runner/work/ozone/ozone/hadoop-ozone/integration-test/target/test-dir/MiniOzoneClusterImpl-792c0480-480e-4b9f-8df8-75fa91581c67/datanode-2/data-0/containers/hdds to VolumeSet
2021-08-17 01:35:13,251 [Listener at 127.0.0.1/39113] INFO  volume.ThrottledAsyncChecker (ThrottledAsyncChecker.java:schedule(141)) - Scheduling a check for /home/runner/work/ozone/ozone/hadoop-ozone/integration-test/target/test-dir/MiniOzoneClusterImpl-792c0480-480e-4b9f-8df8-75fa91581c67/datanode-2/data-0/containers/hdds
2021-08-17 01:35:13,254 [Listener at 127.0.0.1/39113] INFO  volume.StorageVolumeChecker (StorageVolumeChecker.java:checkAllVolumes(202)) - Scheduled health check for volume /home/runner/work/ozone/ozone/hadoop-ozone/integration-test/target/test-dir/MiniOzoneClusterImpl-792c0480-480e-4b9f-8df8-75fa91581c67/datanode-2/data-0/containers/hdds
2021-08-17 01:35:13,266 [Listener at 127.0.0.1/39113] INFO  volume.MutableVolumeSet (MutableVolumeSet.java:initializeVolumeSet(181)) - Added Volume : /home/runner/work/ozone/ozone/hadoop-ozone/integration-test/target/test-dir/MiniOzoneClusterImpl-792c0480-480e-4b9f-8df8-75fa91581c67/datanode-2/data/ratis to VolumeSet
2021-08-17 01:35:13,268 [Listener at 127.0.0.1/39113] INFO  volume.ThrottledAsyncChecker (ThrottledAsyncChecker.java:schedule(141)) - Scheduling a check for /home/runner/work/ozone/ozone/hadoop-ozone/integration-test/target/test-dir/MiniOzoneClusterImpl-792c0480-480e-4b9f-8df8-75fa91581c67/datanode-2/data/ratis
2021-08-17 01:35:13,268 [Listener at 127.0.0.1/39113] INFO  volume.StorageVolumeChecker (StorageVolumeChecker.java:checkAllVolumes(202)) - Scheduled health check for volume /home/runner/work/ozone/ozone/hadoop-ozone/integration-test/target/test-dir/MiniOzoneClusterImpl-792c0480-480e-4b9f-8df8-75fa91581c67/datanode-2/data/ratis
2021-08-17 01:35:13,292 [Listener at 127.0.0.1/39113] INFO  ozoneimpl.ContainerReader (ContainerReader.java:<init>(98)) - Running in upgrade mode:true
2021-08-17 01:35:13,292 [Thread-906] INFO  ozoneimpl.ContainerReader (ContainerReader.java:readVolume(142)) - Start to verify containers on volume /home/runner/work/ozone/ozone/hadoop-ozone/integration-test/target/test-dir/MiniOzoneClusterImpl-792c0480-480e-4b9f-8df8-75fa91581c67/datanode-2/data-0/containers/hdds
2021-08-17 01:35:13,292 [Thread-906] INFO  ozoneimpl.ContainerReader (ContainerReader.java:readVolume(174)) - Finish verifying containers on volume /home/runner/work/ozone/ozone/hadoop-ozone/integration-test/target/test-dir/MiniOzoneClusterImpl-792c0480-480e-4b9f-8df8-75fa91581c67/datanode-2/data-0/containers/hdds
2021-08-17 01:35:13,292 [Listener at 127.0.0.1/39113] INFO  ozoneimpl.OzoneContainer (OzoneContainer.java:buildContainerSet(237)) - Build ContainerSet costs 0s
2021-08-17 01:35:13,294 [Listener at 127.0.0.1/39113] INFO  server.RaftServer (ConfUtils.java:logGet(44)) - raft.rpc.type = GRPC (default)
2021-08-17 01:35:13,294 [Listener at 127.0.0.1/39113] INFO  grpc.GrpcFactory (GrpcFactory.java:checkPooledByteBufAllocatorUseCacheForAllThreads(48)) - PERFORMANCE WARNING: useCacheForAllThreads is true that may cause Netty to create a lot garbage objects and, as a result, trigger GC.
	It is recommended to disable useCacheForAllThreads by setting -Dorg.apache.ratis.thirdparty.io.netty.allocator.useCacheForAllThreads=false in command line.
2021-08-17 01:35:13,294 [Listener at 127.0.0.1/39113] INFO  grpc.GrpcConfigKeys (ConfUtils.java:logGet(44)) - raft.grpc.admin.port = 0 (custom)
2021-08-17 01:35:13,294 [Listener at 127.0.0.1/39113] INFO  grpc.GrpcConfigKeys (ConfUtils.java:logGet(44)) - raft.grpc.client.port = 0 (custom)
2021-08-17 01:35:13,294 [Listener at 127.0.0.1/39113] INFO  grpc.GrpcConfigKeys (ConfUtils.java:logGet(44)) - raft.grpc.server.port = 0 (default)
2021-08-17 01:35:13,294 [Listener at 127.0.0.1/39113] INFO  server.GrpcService (ConfUtils.java:logGet(44)) - raft.grpc.message.size.max = 32MB (=33554432) (custom)
2021-08-17 01:35:13,294 [Listener at 127.0.0.1/39113] INFO  server.RaftServerConfigKeys (ConfUtils.java:logGet(44)) - raft.server.log.appender.buffer.byte-limit = 33554432 (custom)
2021-08-17 01:35:13,294 [Listener at 127.0.0.1/39113] INFO  server.GrpcService (ConfUtils.java:logGet(44)) - raft.grpc.flow.control.window = 5MB (=5242880) (custom)
2021-08-17 01:35:13,294 [Listener at 127.0.0.1/39113] INFO  server.RaftServerConfigKeys (ConfUtils.java:logGet(44)) - raft.server.rpc.request.timeout = 60s (custom)
2021-08-17 01:35:13,295 [Listener at 127.0.0.1/39113] INFO  impl.DataStreamServerImpl (ConfUtils.java:logGet(44)) - raft.datastream.type = DISABLED (default)
2021-08-17 01:35:13,296 [Listener at 127.0.0.1/39113] INFO  server.RaftServerConfigKeys (ConfUtils.java:logGet(44)) - raft.server.rpc.slowness.timeout = 300s (custom)
2021-08-17 01:35:13,296 [Listener at 127.0.0.1/39113] INFO  server.RaftServerConfigKeys (ConfUtils.java:logGet(44)) - raft.server.leaderelection.leader.step-down.wait-time = 10s (default)
2021-08-17 01:35:13,296 [Listener at 127.0.0.1/39113] INFO  server.RaftServerConfigKeys (ConfUtils.java:logGet(44)) - raft.server.storage.dir = [/home/runner/work/ozone/ozone/hadoop-ozone/integration-test/target/test-dir/MiniOzoneClusterImpl-792c0480-480e-4b9f-8df8-75fa91581c67/datanode-2/data/ratis] (custom)
2021-08-17 01:35:13,314 [Listener at 127.0.0.1/39113] INFO  http.BaseHttpServer (BaseHttpServer.java:newHttpServer2BuilderForOzone(209)) - Starting Web-server for hddsDatanode at: http://0.0.0.0:0
2021-08-17 01:35:13,315 [Listener at 127.0.0.1/39113] INFO  http.BaseHttpServer (BaseHttpServer.java:<init>(107)) - Hadoop Security Enabled: false Ozone Security Enabled: false Ozone HTTP Security Enabled: false 
2021-08-17 01:35:13,315 [Listener at 127.0.0.1/39113] INFO  server.AuthenticationFilter (AuthenticationFilter.java:constructSecretProvider(240)) - Unable to initialize FileSignerSecretProvider, falling back to use random secrets.
2021-08-17 01:35:13,316 [Listener at 127.0.0.1/39113] WARN  http.HttpRequestLog (HttpRequestLog.java:getRequestLog(103)) - Jetty request log can only be enabled using Log4j
2021-08-17 01:35:13,316 [Listener at 127.0.0.1/39113] INFO  http.HttpServer2 (HttpServer2.java:addGlobalFilter(1020)) - Added global filter 'safety' (class=org.apache.hadoop.hdds.server.http.HttpServer2$QuotingInputFilter)
2021-08-17 01:35:13,316 [Listener at 127.0.0.1/39113] INFO  http.HttpServer2 (HttpServer2.java:addFilter(996)) - Added filter static_user_filter (class=org.apache.hadoop.http.lib.StaticUserWebFilter$StaticUserFilter) to context hddsDatanode
2021-08-17 01:35:13,317 [Listener at 127.0.0.1/39113] INFO  http.HttpServer2 (HttpServer2.java:addFilter(1004)) - Added filter static_user_filter (class=org.apache.hadoop.http.lib.StaticUserWebFilter$StaticUserFilter) to context static
2021-08-17 01:35:13,317 [Listener at 127.0.0.1/39113] INFO  http.HttpServer2 (HttpServer2.java:addFilter(1004)) - Added filter static_user_filter (class=org.apache.hadoop.http.lib.StaticUserWebFilter$StaticUserFilter) to context logs
2021-08-17 01:35:13,317 [Listener at 127.0.0.1/39113] INFO  http.HttpServer2 (HttpServer2.java:bindListener(1239)) - Jetty bound to port 38181
2021-08-17 01:35:13,317 [Listener at 127.0.0.1/39113] INFO  server.Server (Server.java:doStart(375)) - jetty-9.4.43.v20210629; built: 2021-06-30T11:07:22.254Z; git: 526006ecfa3af7f1a27ef3a288e2bef7ea9dd7e8; jvm 1.8.0_292-b10
2021-08-17 01:35:13,320 [Listener at 127.0.0.1/39113] INFO  server.session (DefaultSessionIdManager.java:doStart(334)) - DefaultSessionIdManager workerName=node0
2021-08-17 01:35:13,320 [Listener at 127.0.0.1/39113] INFO  server.session (DefaultSessionIdManager.java:doStart(339)) - No SessionScavenger set, using defaults
2021-08-17 01:35:13,320 [Listener at 127.0.0.1/39113] INFO  server.session (HouseKeeper.java:startScavenging(132)) - node0 Scavenging every 660000ms
2021-08-17 01:35:13,320 [Listener at 127.0.0.1/39113] INFO  handler.ContextHandler (ContextHandler.java:doStart(915)) - Started o.e.j.s.ServletContextHandler@5281838c{logs,/logs,file:///home/runner/work/ozone/ozone/hadoop-ozone/integration-test/target/log,AVAILABLE}
2021-08-17 01:35:13,321 [Listener at 127.0.0.1/39113] INFO  handler.ContextHandler (ContextHandler.java:doStart(915)) - Started o.e.j.s.ServletContextHandler@17cac1bb{static,/static,jar:file:/home/runner/.m2/repository/org/apache/ozone/hdds-container-service/1.2.0-SNAPSHOT/hdds-container-service-1.2.0-SNAPSHOT.jar!/webapps/static,AVAILABLE}
2021-08-17 01:35:13,395 [Listener at 127.0.0.1/39113] INFO  handler.ContextHandler (ContextHandler.java:doStart(915)) - Started o.e.j.w.WebAppContext@317a9c75{hddsDatanode,/,file:///tmp/jetty-0_0_0_0-38181-hdds-container-service-1_2_0-SNAPSHOT_jar-_-any-1195534033994921062/webapp/,AVAILABLE}{jar:file:/home/runner/.m2/repository/org/apache/ozone/hdds-container-service/1.2.0-SNAPSHOT/hdds-container-service-1.2.0-SNAPSHOT.jar!/webapps/hddsDatanode}
2021-08-17 01:35:13,418 [Listener at 127.0.0.1/39113] INFO  server.AbstractConnector (AbstractConnector.java:doStart(331)) - Started ServerConnector@6b74b8b6{HTTP/1.1, (http/1.1)}{0.0.0.0:38181}
2021-08-17 01:35:13,419 [Listener at 127.0.0.1/39113] INFO  server.Server (Server.java:doStart(415)) - Started @110886ms
2021-08-17 01:35:13,419 [Listener at 127.0.0.1/39113] WARN  impl.MetricsSystemImpl (MetricsSystemImpl.java:register(279)) - Sink prometheus already exists!
2021-08-17 01:35:13,442 [Listener at 127.0.0.1/39113] INFO  http.BaseHttpServer (BaseHttpServer.java:updateConnectorAddress(329)) - HTTP server of hddsDatanode listening at http://0.0.0.0:38181
2021-08-17 01:35:13,463 [Listener at 127.0.0.1/39113] INFO  ozone.MiniOzoneClusterImpl (MiniOzoneClusterImpl.java:lambda$waitForClusterToBeReady$0(235)) - Waiting for nodes to be ready. Got 0 of 3 DN Heartbeats.
2021-08-17 01:35:13,463 [Listener at 127.0.0.1/39113] INFO  ozone.MiniOzoneClusterImpl (MiniOzoneClusterImpl.java:lambda$waitForClusterToBeReady$0(238)) - Waiting for cluster to exit safe mode
2021-08-17 01:35:13,463 [Listener at 127.0.0.1/39113] INFO  ozone.MiniOzoneClusterImpl (MiniOzoneClusterImpl.java:lambda$waitForClusterToBeReady$0(240)) - SCM became leader
2021-08-17 01:35:13,542 [org.apache.hadoop.util.JvmPauseMonitor$Monitor@7a51bbd2] INFO  util.JvmPauseMonitor (JvmPauseMonitor.java:run(188)) - Starting JVM pause monitor
2021-08-17 01:35:13,571 [Datanode State Machine Task Thread - 0] INFO  datanode.InitDatanodeState (InitDatanodeState.java:persistContainerDatanodeDetails(145)) - DatanodeDetails is persisted to /home/runner/work/ozone/ozone/hadoop-ozone/integration-test/target/test-dir/MiniOzoneClusterImpl-792c0480-480e-4b9f-8df8-75fa91581c67/datanode-2/meta/datanode.id
2021-08-17 01:35:14,464 [Listener at 127.0.0.1/39113] INFO  ozone.MiniOzoneClusterImpl (MiniOzoneClusterImpl.java:lambda$waitForClusterToBeReady$0(235)) - Waiting for nodes to be ready. Got 0 of 3 DN Heartbeats.
2021-08-17 01:35:14,464 [Listener at 127.0.0.1/39113] INFO  ozone.MiniOzoneClusterImpl (MiniOzoneClusterImpl.java:lambda$waitForClusterToBeReady$0(238)) - Waiting for cluster to exit safe mode
2021-08-17 01:35:14,464 [Listener at 127.0.0.1/39113] INFO  ozone.MiniOzoneClusterImpl (MiniOzoneClusterImpl.java:lambda$waitForClusterToBeReady$0(240)) - SCM became leader
2021-08-17 01:35:14,627 [EndpointStateMachine task thread for /0.0.0.0:43247 - 0 ] INFO  ozoneimpl.OzoneContainer (OzoneContainer.java:start(305)) - Attempting to start container services.
2021-08-17 01:35:14,627 [EndpointStateMachine task thread for /0.0.0.0:43247 - 0 ] INFO  ozoneimpl.OzoneContainer (OzoneContainer.java:startContainerScrub(250)) - Background container scanner has been disabled.
2021-08-17 01:35:14,628 [EndpointStateMachine task thread for /0.0.0.0:43247 - 0 ] INFO  replication.ReplicationServer (ReplicationServer.java:start(106)) - ReplicationServer is started using port 44741
2021-08-17 01:35:14,634 [EndpointStateMachine task thread for /0.0.0.0:43247 - 0 ] INFO  ratis.XceiverServerRatis (XceiverServerRatis.java:start(482)) - Starting XceiverServerRatis f27f887f-aeec-4d5d-9de4-8fc3f29213c4
2021-08-17 01:35:14,634 [EndpointStateMachine task thread for /0.0.0.0:43247 - 0 ] INFO  server.RaftServer (RaftServerProxy.java:lambda$start$5(374)) - f27f887f-aeec-4d5d-9de4-8fc3f29213c4: start RPC server
2021-08-17 01:35:14,638 [EndpointStateMachine task thread for /0.0.0.0:43247 - 0 ] INFO  server.GrpcService (GrpcService.java:startImpl(253)) - f27f887f-aeec-4d5d-9de4-8fc3f29213c4: GrpcService started, listening on 38841
2021-08-17 01:35:14,642 [EndpointStateMachine task thread for /0.0.0.0:43247 - 0 ] INFO  ratis.XceiverServerRatis (XceiverServerRatis.java:getRealPort(503)) - XceiverServerRatis f27f887f-aeec-4d5d-9de4-8fc3f29213c4 is started using port 38841 for RATIS
2021-08-17 01:35:14,642 [EndpointStateMachine task thread for /0.0.0.0:43247 - 0 ] INFO  ratis.XceiverServerRatis (XceiverServerRatis.java:getRealPort(503)) - XceiverServerRatis f27f887f-aeec-4d5d-9de4-8fc3f29213c4 is started using port 38841 for RATIS_ADMIN
2021-08-17 01:35:14,642 [EndpointStateMachine task thread for /0.0.0.0:43247 - 0 ] INFO  ratis.XceiverServerRatis (XceiverServerRatis.java:getRealPort(503)) - XceiverServerRatis f27f887f-aeec-4d5d-9de4-8fc3f29213c4 is started using port 38841 for RATIS_SERVER
2021-08-17 01:35:14,642 [EndpointStateMachine task thread for /0.0.0.0:43247 - 0 ] INFO  server.XceiverServerGrpc (XceiverServerGrpc.java:start(135)) - XceiverServerGrpc f27f887f-aeec-4d5d-9de4-8fc3f29213c4 is started using port 38327
2021-08-17 01:35:14,654 [org.apache.ratis.util.JvmPauseMonitor$$Lambda$531/132072452@746b7af5] INFO  util.JvmPauseMonitor (JvmPauseMonitor.java:run(103)) - JvmPauseMonitor-f27f887f-aeec-4d5d-9de4-8fc3f29213c4: Started
2021-08-17 01:35:15,123 [EndpointStateMachine task thread for /0.0.0.0:43247 - 0 ] INFO  ozoneimpl.OzoneContainer (OzoneContainer.java:start(305)) - Attempting to start container services.
2021-08-17 01:35:15,123 [EndpointStateMachine task thread for /0.0.0.0:43247 - 0 ] INFO  ozoneimpl.OzoneContainer (OzoneContainer.java:startContainerScrub(250)) - Background container scanner has been disabled.
2021-08-17 01:35:15,124 [EndpointStateMachine task thread for /0.0.0.0:43247 - 0 ] INFO  replication.ReplicationServer (ReplicationServer.java:start(106)) - ReplicationServer is started using port 39145
2021-08-17 01:35:15,130 [EndpointStateMachine task thread for /0.0.0.0:43247 - 0 ] INFO  ratis.XceiverServerRatis (XceiverServerRatis.java:start(482)) - Starting XceiverServerRatis 45d7e1dd-e053-4260-9313-3ad3abbf49bc
2021-08-17 01:35:15,149 [EndpointStateMachine task thread for /0.0.0.0:43247 - 0 ] INFO  server.RaftServer (RaftServerProxy.java:lambda$start$5(374)) - 45d7e1dd-e053-4260-9313-3ad3abbf49bc: start RPC server
2021-08-17 01:35:15,150 [EndpointStateMachine task thread for /0.0.0.0:43247 - 0 ] INFO  server.GrpcService (GrpcService.java:startImpl(253)) - 45d7e1dd-e053-4260-9313-3ad3abbf49bc: GrpcService started, listening on 44533
2021-08-17 01:35:15,158 [EndpointStateMachine task thread for /0.0.0.0:43247 - 0 ] INFO  ratis.XceiverServerRatis (XceiverServerRatis.java:getRealPort(503)) - XceiverServerRatis 45d7e1dd-e053-4260-9313-3ad3abbf49bc is started using port 44533 for RATIS
2021-08-17 01:35:15,158 [EndpointStateMachine task thread for /0.0.0.0:43247 - 0 ] INFO  ratis.XceiverServerRatis (XceiverServerRatis.java:getRealPort(503)) - XceiverServerRatis 45d7e1dd-e053-4260-9313-3ad3abbf49bc is started using port 44533 for RATIS_ADMIN
2021-08-17 01:35:15,158 [EndpointStateMachine task thread for /0.0.0.0:43247 - 0 ] INFO  ratis.XceiverServerRatis (XceiverServerRatis.java:getRealPort(503)) - XceiverServerRatis 45d7e1dd-e053-4260-9313-3ad3abbf49bc is started using port 44533 for RATIS_SERVER
2021-08-17 01:35:15,163 [EndpointStateMachine task thread for /0.0.0.0:43247 - 0 ] INFO  server.XceiverServerGrpc (XceiverServerGrpc.java:start(135)) - XceiverServerGrpc 45d7e1dd-e053-4260-9313-3ad3abbf49bc is started using port 42493
2021-08-17 01:35:15,178 [org.apache.ratis.util.JvmPauseMonitor$$Lambda$531/132072452@47d7e2c8] INFO  util.JvmPauseMonitor (JvmPauseMonitor.java:run(103)) - JvmPauseMonitor-45d7e1dd-e053-4260-9313-3ad3abbf49bc: Started
2021-08-17 01:35:15,466 [Listener at 127.0.0.1/39113] INFO  ozone.MiniOzoneClusterImpl (MiniOzoneClusterImpl.java:lambda$waitForClusterToBeReady$0(235)) - Waiting for nodes to be ready. Got 0 of 3 DN Heartbeats.
2021-08-17 01:35:15,466 [Listener at 127.0.0.1/39113] INFO  ozone.MiniOzoneClusterImpl (MiniOzoneClusterImpl.java:lambda$waitForClusterToBeReady$0(238)) - Waiting for cluster to exit safe mode
2021-08-17 01:35:15,466 [Listener at 127.0.0.1/39113] INFO  ozone.MiniOzoneClusterImpl (MiniOzoneClusterImpl.java:lambda$waitForClusterToBeReady$0(240)) - SCM became leader
2021-08-17 01:35:15,565 [EndpointStateMachine task thread for /0.0.0.0:43247 - 0 ] INFO  ozoneimpl.OzoneContainer (OzoneContainer.java:start(305)) - Attempting to start container services.
2021-08-17 01:35:15,566 [EndpointStateMachine task thread for /0.0.0.0:43247 - 0 ] INFO  ozoneimpl.OzoneContainer (OzoneContainer.java:startContainerScrub(250)) - Background container scanner has been disabled.
2021-08-17 01:35:15,571 [EndpointStateMachine task thread for /0.0.0.0:43247 - 0 ] INFO  replication.ReplicationServer (ReplicationServer.java:start(106)) - ReplicationServer is started using port 39567
2021-08-17 01:35:15,572 [EndpointStateMachine task thread for /0.0.0.0:43247 - 0 ] INFO  ratis.XceiverServerRatis (XceiverServerRatis.java:start(482)) - Starting XceiverServerRatis a55de8bf-208c-4c68-aafe-7443929fbf97
2021-08-17 01:35:15,572 [EndpointStateMachine task thread for /0.0.0.0:43247 - 0 ] INFO  server.RaftServer (RaftServerProxy.java:lambda$start$5(374)) - a55de8bf-208c-4c68-aafe-7443929fbf97: start RPC server
2021-08-17 01:35:15,581 [EndpointStateMachine task thread for /0.0.0.0:43247 - 0 ] INFO  server.GrpcService (GrpcService.java:startImpl(253)) - a55de8bf-208c-4c68-aafe-7443929fbf97: GrpcService started, listening on 45995
2021-08-17 01:35:15,597 [EndpointStateMachine task thread for /0.0.0.0:43247 - 0 ] INFO  ratis.XceiverServerRatis (XceiverServerRatis.java:getRealPort(503)) - XceiverServerRatis a55de8bf-208c-4c68-aafe-7443929fbf97 is started using port 45995 for RATIS
2021-08-17 01:35:15,597 [EndpointStateMachine task thread for /0.0.0.0:43247 - 0 ] INFO  ratis.XceiverServerRatis (XceiverServerRatis.java:getRealPort(503)) - XceiverServerRatis a55de8bf-208c-4c68-aafe-7443929fbf97 is started using port 45995 for RATIS_ADMIN
2021-08-17 01:35:15,597 [EndpointStateMachine task thread for /0.0.0.0:43247 - 0 ] INFO  ratis.XceiverServerRatis (XceiverServerRatis.java:getRealPort(503)) - XceiverServerRatis a55de8bf-208c-4c68-aafe-7443929fbf97 is started using port 45995 for RATIS_SERVER
2021-08-17 01:35:15,597 [EndpointStateMachine task thread for /0.0.0.0:43247 - 0 ] INFO  server.XceiverServerGrpc (XceiverServerGrpc.java:start(135)) - XceiverServerGrpc a55de8bf-208c-4c68-aafe-7443929fbf97 is started using port 39467
2021-08-17 01:35:15,620 [org.apache.ratis.util.JvmPauseMonitor$$Lambda$531/132072452@46e9096f] INFO  util.JvmPauseMonitor (JvmPauseMonitor.java:run(103)) - JvmPauseMonitor-a55de8bf-208c-4c68-aafe-7443929fbf97: Started
2021-08-17 01:35:16,466 [Listener at 127.0.0.1/39113] INFO  ozone.MiniOzoneClusterImpl (MiniOzoneClusterImpl.java:lambda$waitForClusterToBeReady$0(235)) - Waiting for nodes to be ready. Got 0 of 3 DN Heartbeats.
2021-08-17 01:35:16,466 [Listener at 127.0.0.1/39113] INFO  ozone.MiniOzoneClusterImpl (MiniOzoneClusterImpl.java:lambda$waitForClusterToBeReady$0(238)) - Waiting for cluster to exit safe mode
2021-08-17 01:35:16,466 [Listener at 127.0.0.1/39113] INFO  ozone.MiniOzoneClusterImpl (MiniOzoneClusterImpl.java:lambda$waitForClusterToBeReady$0(240)) - SCM became leader
2021-08-17 01:35:16,603 [IPC Server handler 3 on default port 43247] INFO  net.NetworkTopologyImpl (NetworkTopologyImpl.java:add(112)) - Added a new node: /default-rack/f27f887f-aeec-4d5d-9de4-8fc3f29213c4
2021-08-17 01:35:16,603 [IPC Server handler 3 on default port 43247] INFO  node.SCMNodeManager (SCMNodeManager.java:register(390)) - Registered Data node : f27f887f-aeec-4d5d-9de4-8fc3f29213c4{ip: 10.1.0.32, host: fv-az195-965.u3nnjwd0vyge1bu22idnsdeq2e.cx.internal.cloudapp.net, ports: [REPLICATION=44741, RATIS=38841, RATIS_ADMIN=38841, RATIS_SERVER=38841, STANDALONE=38327], networkLocation: /default-rack, certSerialId: null, persistedOpState: null, persistedOpStateExpiryEpochSec: 0}
2021-08-17 01:35:16,604 [EventQueue-NodeRegistrationContainerReportForDataNodeSafeModeRule] INFO  safemode.SCMSafeModeManager (DataNodeSafeModeRule.java:process(71)) - SCM in safe mode. 1 DataNodes registered, 3 required.
2021-08-17 01:35:16,604 [EventQueue-NodeRegistrationContainerReportForContainerSafeModeRule] INFO  safemode.SCMSafeModeManager (SCMSafeModeManager.java:validateSafeModeExitRules(204)) - ContainerSafeModeRule rule is successfully validated
2021-08-17 01:35:16,611 [EventQueue-NewNodeForNewNodeHandler] INFO  pipeline.BackgroundPipelineCreator (BackgroundPipelineCreatorV2.java:notifyEventTriggered(285)) - trigger a one-shot run on RatisPipelineUtilsThread.
2021-08-17 01:35:16,611 [RatisPipelineUtilsThread - 0] INFO  pipeline.RatisPipelineProvider (RatisPipelineProvider.java:lambda$create$0(183)) - Sending CreatePipelineCommand for pipeline:PipelineID=b3e9a9db-659a-44e9-92b3-e651c6740852 to datanode:f27f887f-aeec-4d5d-9de4-8fc3f29213c4
2021-08-17 01:35:16,611 [EventQueue-PipelineReportForOneReplicaPipelineSafeModeRule] INFO  safemode.SCMSafeModeManager (SCMSafeModeManager.java:validateSafeModeExitRules(204)) - AtleastOneDatanodeReportedRule rule is successfully validated
2021-08-17 01:35:16,615 [RatisPipelineUtilsThread - 0] INFO  pipeline.PipelineStateManager (PipelineStateManagerV2Impl.java:addPipeline(101)) - Created pipeline Pipeline[ Id: b3e9a9db-659a-44e9-92b3-e651c6740852, Nodes: f27f887f-aeec-4d5d-9de4-8fc3f29213c4{ip: 10.1.0.32, host: fv-az195-965.u3nnjwd0vyge1bu22idnsdeq2e.cx.internal.cloudapp.net, ports: [REPLICATION=44741, RATIS=38841, RATIS_ADMIN=38841, RATIS_SERVER=38841, STANDALONE=38327], networkLocation: /default-rack, certSerialId: null, persistedOpState: IN_SERVICE, persistedOpStateExpiryEpochSec: 0}, ReplicationConfig: RATIS/ONE, State:ALLOCATED, leaderId:, CreationTimestamp2021-08-17T01:35:16.611Z[Etc/UTC]].
2021-08-17 01:35:17,096 [IPC Server handler 4 on default port 43247] INFO  net.NetworkTopologyImpl (NetworkTopologyImpl.java:add(112)) - Added a new node: /default-rack/45d7e1dd-e053-4260-9313-3ad3abbf49bc
2021-08-17 01:35:17,096 [IPC Server handler 4 on default port 43247] INFO  node.SCMNodeManager (SCMNodeManager.java:register(390)) - Registered Data node : 45d7e1dd-e053-4260-9313-3ad3abbf49bc{ip: 10.1.0.32, host: fv-az195-965.u3nnjwd0vyge1bu22idnsdeq2e.cx.internal.cloudapp.net, ports: [REPLICATION=39145, RATIS=44533, RATIS_ADMIN=44533, RATIS_SERVER=44533, STANDALONE=42493], networkLocation: /default-rack, certSerialId: null, persistedOpState: null, persistedOpStateExpiryEpochSec: 0}
2021-08-17 01:35:17,098 [EventQueue-NewNodeForNewNodeHandler] INFO  pipeline.BackgroundPipelineCreator (BackgroundPipelineCreatorV2.java:notifyEventTriggered(285)) - trigger a one-shot run on RatisPipelineUtilsThread.
2021-08-17 01:35:17,105 [RatisPipelineUtilsThread - 0] INFO  pipeline.RatisPipelineProvider (RatisPipelineProvider.java:lambda$create$0(183)) - Sending CreatePipelineCommand for pipeline:PipelineID=83e8a4a5-f51d-46cc-95f4-4a5094f1e3da to datanode:45d7e1dd-e053-4260-9313-3ad3abbf49bc
2021-08-17 01:35:17,106 [RatisPipelineUtilsThread - 0] INFO  pipeline.PipelineStateManager (PipelineStateManagerV2Impl.java:addPipeline(101)) - Created pipeline Pipeline[ Id: 83e8a4a5-f51d-46cc-95f4-4a5094f1e3da, Nodes: 45d7e1dd-e053-4260-9313-3ad3abbf49bc{ip: 10.1.0.32, host: fv-az195-965.u3nnjwd0vyge1bu22idnsdeq2e.cx.internal.cloudapp.net, ports: [REPLICATION=39145, RATIS=44533, RATIS_ADMIN=44533, RATIS_SERVER=44533, STANDALONE=42493], networkLocation: /default-rack, certSerialId: null, persistedOpState: IN_SERVICE, persistedOpStateExpiryEpochSec: 0}, ReplicationConfig: RATIS/ONE, State:ALLOCATED, leaderId:, CreationTimestamp2021-08-17T01:35:17.105Z[Etc/UTC]].
2021-08-17 01:35:17,116 [EventQueue-NodeRegistrationContainerReportForDataNodeSafeModeRule] INFO  safemode.SCMSafeModeManager (DataNodeSafeModeRule.java:process(71)) - SCM in safe mode. 2 DataNodes registered, 3 required.
2021-08-17 01:35:17,467 [Listener at 127.0.0.1/39113] INFO  ozone.MiniOzoneClusterImpl (MiniOzoneClusterImpl.java:lambda$waitForClusterToBeReady$0(235)) - Waiting for nodes to be ready. Got 2 of 3 DN Heartbeats.
2021-08-17 01:35:17,467 [Listener at 127.0.0.1/39113] INFO  ozone.MiniOzoneClusterImpl (MiniOzoneClusterImpl.java:lambda$waitForClusterToBeReady$0(238)) - Waiting for cluster to exit safe mode
2021-08-17 01:35:17,468 [Listener at 127.0.0.1/39113] INFO  ozone.MiniOzoneClusterImpl (MiniOzoneClusterImpl.java:lambda$waitForClusterToBeReady$0(240)) - SCM became leader
2021-08-17 01:35:17,544 [IPC Server handler 2 on default port 43247] INFO  net.NetworkTopologyImpl (NetworkTopologyImpl.java:add(112)) - Added a new node: /default-rack/a55de8bf-208c-4c68-aafe-7443929fbf97
2021-08-17 01:35:17,544 [IPC Server handler 2 on default port 43247] INFO  node.SCMNodeManager (SCMNodeManager.java:register(390)) - Registered Data node : a55de8bf-208c-4c68-aafe-7443929fbf97{ip: 10.1.0.32, host: fv-az195-965.u3nnjwd0vyge1bu22idnsdeq2e.cx.internal.cloudapp.net, ports: [REPLICATION=39567, RATIS=45995, RATIS_ADMIN=45995, RATIS_SERVER=45995, STANDALONE=39467], networkLocation: /default-rack, certSerialId: null, persistedOpState: null, persistedOpStateExpiryEpochSec: 0}
2021-08-17 01:35:17,544 [EventQueue-NewNodeForNewNodeHandler] INFO  pipeline.BackgroundPipelineCreator (BackgroundPipelineCreatorV2.java:notifyEventTriggered(285)) - trigger a one-shot run on RatisPipelineUtilsThread.
2021-08-17 01:35:17,554 [EventQueue-NodeRegistrationContainerReportForDataNodeSafeModeRule] INFO  safemode.SCMSafeModeManager (DataNodeSafeModeRule.java:process(71)) - SCM in safe mode. 3 DataNodes registered, 3 required.
2021-08-17 01:35:17,554 [EventQueue-NodeRegistrationContainerReportForDataNodeSafeModeRule] INFO  safemode.SCMSafeModeManager (SCMSafeModeManager.java:validateSafeModeExitRules(204)) - DataNodeSafeModeRule rule is successfully validated
2021-08-17 01:35:17,554 [EventQueue-NodeRegistrationContainerReportForDataNodeSafeModeRule] INFO  safemode.SCMSafeModeManager (SCMSafeModeManager.java:completePreCheck(233)) - All SCM safe mode pre check rules have passed
2021-08-17 01:35:17,554 [EventQueue-NodeRegistrationContainerReportForDataNodeSafeModeRule] WARN  events.EventQueue (EventQueue.java:fireEvent(194)) - No event handler registered for event TypedEvent{payloadType=SafeModeStatus, name='Safe mode status'}
2021-08-17 01:35:17,554 [EventQueue-NodeRegistrationContainerReportForDataNodeSafeModeRule] INFO  ha.SCMContext (SCMContext.java:updateSafeModeStatus(205)) - Update SafeModeStatus from SafeModeStatus{safeModeStatus=true, preCheckPassed=false} to SafeModeStatus{safeModeStatus=true, preCheckPassed=true}.
2021-08-17 01:35:17,554 [EventQueue-NodeRegistrationContainerReportForDataNodeSafeModeRule] INFO  pipeline.BackgroundPipelineCreator (BackgroundPipelineCreatorV2.java:notifyEventTriggered(285)) - trigger a one-shot run on RatisPipelineUtilsThread.
2021-08-17 01:35:17,554 [RatisPipelineUtilsThread - 0] INFO  pipeline.RatisPipelineProvider (RatisPipelineProvider.java:lambda$create$0(183)) - Sending CreatePipelineCommand for pipeline:PipelineID=6d50281d-9043-45b3-b579-a501b9769178 to datanode:a55de8bf-208c-4c68-aafe-7443929fbf97
2021-08-17 01:35:17,555 [RatisPipelineUtilsThread - 0] INFO  pipeline.PipelineStateManager (PipelineStateManagerV2Impl.java:addPipeline(101)) - Created pipeline Pipeline[ Id: 6d50281d-9043-45b3-b579-a501b9769178, Nodes: a55de8bf-208c-4c68-aafe-7443929fbf97{ip: 10.1.0.32, host: fv-az195-965.u3nnjwd0vyge1bu22idnsdeq2e.cx.internal.cloudapp.net, ports: [REPLICATION=39567, RATIS=45995, RATIS_ADMIN=45995, RATIS_SERVER=45995, STANDALONE=39467], networkLocation: /default-rack, certSerialId: null, persistedOpState: IN_SERVICE, persistedOpStateExpiryEpochSec: 0}, ReplicationConfig: RATIS/ONE, State:ALLOCATED, leaderId:, CreationTimestamp2021-08-17T01:35:17.554Z[Etc/UTC]].
2021-08-17 01:35:17,555 [RatisPipelineUtilsThread - 0] INFO  pipeline.RatisPipelineProvider (RatisPipelineProvider.java:lambda$create$0(183)) - Sending CreatePipelineCommand for pipeline:PipelineID=cb3b522b-73b4-45bb-8027-50ccf1fd7dad to datanode:45d7e1dd-e053-4260-9313-3ad3abbf49bc
2021-08-17 01:35:17,555 [RatisPipelineUtilsThread - 0] INFO  pipeline.RatisPipelineProvider (RatisPipelineProvider.java:lambda$create$0(183)) - Sending CreatePipelineCommand for pipeline:PipelineID=cb3b522b-73b4-45bb-8027-50ccf1fd7dad to datanode:a55de8bf-208c-4c68-aafe-7443929fbf97
2021-08-17 01:35:17,555 [RatisPipelineUtilsThread - 0] INFO  pipeline.RatisPipelineProvider (RatisPipelineProvider.java:lambda$create$0(183)) - Sending CreatePipelineCommand for pipeline:PipelineID=cb3b522b-73b4-45bb-8027-50ccf1fd7dad to datanode:f27f887f-aeec-4d5d-9de4-8fc3f29213c4
2021-08-17 01:35:17,556 [RatisPipelineUtilsThread - 0] INFO  pipeline.PipelineStateManager (PipelineStateManagerV2Impl.java:addPipeline(101)) - Created pipeline Pipeline[ Id: cb3b522b-73b4-45bb-8027-50ccf1fd7dad, Nodes: 45d7e1dd-e053-4260-9313-3ad3abbf49bc{ip: 10.1.0.32, host: fv-az195-965.u3nnjwd0vyge1bu22idnsdeq2e.cx.internal.cloudapp.net, ports: [REPLICATION=39145, RATIS=44533, RATIS_ADMIN=44533, RATIS_SERVER=44533, STANDALONE=42493], networkLocation: /default-rack, certSerialId: null, persistedOpState: IN_SERVICE, persistedOpStateExpiryEpochSec: 0}a55de8bf-208c-4c68-aafe-7443929fbf97{ip: 10.1.0.32, host: fv-az195-965.u3nnjwd0vyge1bu22idnsdeq2e.cx.internal.cloudapp.net, ports: [REPLICATION=39567, RATIS=45995, RATIS_ADMIN=45995, RATIS_SERVER=45995, STANDALONE=39467], networkLocation: /default-rack, certSerialId: null, persistedOpState: IN_SERVICE, persistedOpStateExpiryEpochSec: 0}f27f887f-aeec-4d5d-9de4-8fc3f29213c4{ip: 10.1.0.32, host: fv-az195-965.u3nnjwd0vyge1bu22idnsdeq2e.cx.internal.cloudapp.net, ports: [REPLICATION=44741, RATIS=38841, RATIS_ADMIN=38841, RATIS_SERVER=38841, STANDALONE=38327], networkLocation: /default-rack, certSerialId: null, persistedOpState: IN_SERVICE, persistedOpStateExpiryEpochSec: 0}, ReplicationConfig: RATIS/THREE, State:ALLOCATED, leaderId:, CreationTimestamp2021-08-17T01:35:17.555Z[Etc/UTC]].
2021-08-17 01:35:17,557 [RatisPipelineUtilsThread - 0] INFO  pipeline.RatisPipelineProvider (RatisPipelineProvider.java:lambda$create$0(183)) - Sending CreatePipelineCommand for pipeline:PipelineID=6666189b-4409-47af-9fe1-29fe27788325 to datanode:a55de8bf-208c-4c68-aafe-7443929fbf97
2021-08-17 01:35:17,557 [RatisPipelineUtilsThread - 0] INFO  pipeline.RatisPipelineProvider (RatisPipelineProvider.java:lambda$create$0(183)) - Sending CreatePipelineCommand for pipeline:PipelineID=6666189b-4409-47af-9fe1-29fe27788325 to datanode:f27f887f-aeec-4d5d-9de4-8fc3f29213c4
2021-08-17 01:35:17,557 [RatisPipelineUtilsThread - 0] INFO  pipeline.RatisPipelineProvider (RatisPipelineProvider.java:lambda$create$0(183)) - Sending CreatePipelineCommand for pipeline:PipelineID=6666189b-4409-47af-9fe1-29fe27788325 to datanode:45d7e1dd-e053-4260-9313-3ad3abbf49bc
2021-08-17 01:35:17,557 [RatisPipelineUtilsThread - 0] INFO  pipeline.PipelineStateManager (PipelineStateManagerV2Impl.java:addPipeline(101)) - Created pipeline Pipeline[ Id: 6666189b-4409-47af-9fe1-29fe27788325, Nodes: a55de8bf-208c-4c68-aafe-7443929fbf97{ip: 10.1.0.32, host: fv-az195-965.u3nnjwd0vyge1bu22idnsdeq2e.cx.internal.cloudapp.net, ports: [REPLICATION=39567, RATIS=45995, RATIS_ADMIN=45995, RATIS_SERVER=45995, STANDALONE=39467], networkLocation: /default-rack, certSerialId: null, persistedOpState: IN_SERVICE, persistedOpStateExpiryEpochSec: 0}f27f887f-aeec-4d5d-9de4-8fc3f29213c4{ip: 10.1.0.32, host: fv-az195-965.u3nnjwd0vyge1bu22idnsdeq2e.cx.internal.cloudapp.net, ports: [REPLICATION=44741, RATIS=38841, RATIS_ADMIN=38841, RATIS_SERVER=38841, STANDALONE=38327], networkLocation: /default-rack, certSerialId: null, persistedOpState: IN_SERVICE, persistedOpStateExpiryEpochSec: 0}45d7e1dd-e053-4260-9313-3ad3abbf49bc{ip: 10.1.0.32, host: fv-az195-965.u3nnjwd0vyge1bu22idnsdeq2e.cx.internal.cloudapp.net, ports: [REPLICATION=39145, RATIS=44533, RATIS_ADMIN=44533, RATIS_SERVER=44533, STANDALONE=42493], networkLocation: /default-rack, certSerialId: null, persistedOpState: IN_SERVICE, persistedOpStateExpiryEpochSec: 0}, ReplicationConfig: RATIS/THREE, State:ALLOCATED, leaderId:, CreationTimestamp2021-08-17T01:35:17.557Z[Etc/UTC]].
2021-08-17 01:35:17,557 [RatisPipelineUtilsThread - 0] INFO  pipeline.PipelineManagerImpl (PipelineManagerImpl.java:recordMetricsForPipeline(614)) - Pipeline: PipelineID=6666189b-4409-47af-9fe1-29fe27788325 contains same datanodes as previous pipelines: PipelineID=cb3b522b-73b4-45bb-8027-50ccf1fd7dad nodeIds: a55de8bf-208c-4c68-aafe-7443929fbf97, f27f887f-aeec-4d5d-9de4-8fc3f29213c4, 45d7e1dd-e053-4260-9313-3ad3abbf49bc
2021-08-17 01:35:18,468 [Listener at 127.0.0.1/39113] INFO  ozone.MiniOzoneClusterImpl (MiniOzoneClusterImpl.java:lambda$waitForClusterToBeReady$0(235)) - Nodes are ready. Got 3 of 3 DN Heartbeats.
2021-08-17 01:35:18,473 [Listener at 127.0.0.1/39113] INFO  ozone.MiniOzoneClusterImpl (MiniOzoneClusterImpl.java:lambda$waitForClusterToBeReady$0(238)) - Waiting for cluster to exit safe mode
2021-08-17 01:35:18,473 [Listener at 127.0.0.1/39113] INFO  ozone.MiniOzoneClusterImpl (MiniOzoneClusterImpl.java:lambda$waitForClusterToBeReady$0(240)) - SCM became leader
2021-08-17 01:35:19,475 [Listener at 127.0.0.1/39113] INFO  ozone.MiniOzoneClusterImpl (MiniOzoneClusterImpl.java:lambda$waitForClusterToBeReady$0(235)) - Nodes are ready. Got 3 of 3 DN Heartbeats.
2021-08-17 01:35:19,475 [Listener at 127.0.0.1/39113] INFO  ozone.MiniOzoneClusterImpl (MiniOzoneClusterImpl.java:lambda$waitForClusterToBeReady$0(238)) - Waiting for cluster to exit safe mode
2021-08-17 01:35:19,475 [Listener at 127.0.0.1/39113] INFO  ozone.MiniOzoneClusterImpl (MiniOzoneClusterImpl.java:lambda$waitForClusterToBeReady$0(240)) - SCM became leader
2021-08-17 01:35:19,603 [Command processor thread] INFO  server.RaftServer (RaftServerProxy.java:addNew(95)) - f27f887f-aeec-4d5d-9de4-8fc3f29213c4: addNew group-E651C6740852:[f27f887f-aeec-4d5d-9de4-8fc3f29213c4|rpc:10.1.0.32:38841|priority:1] returns group-E651C6740852:java.util.concurrent.CompletableFuture@a0db772[Not completed]
2021-08-17 01:35:19,636 [pool-373-thread-1] INFO  server.RaftServer$Division (RaftServerImpl.java:<init>(181)) - f27f887f-aeec-4d5d-9de4-8fc3f29213c4: new RaftServerImpl for group-E651C6740852:[f27f887f-aeec-4d5d-9de4-8fc3f29213c4|rpc:10.1.0.32:38841|priority:1] with ContainerStateMachine:uninitialized
2021-08-17 01:35:19,636 [pool-373-thread-1] INFO  server.RaftServerConfigKeys (ConfUtils.java:logGet(44)) - raft.server.rpc.timeout.min = 5s (custom)
2021-08-17 01:35:19,636 [pool-373-thread-1] INFO  server.RaftServerConfigKeys (ConfUtils.java:logGet(44)) - raft.server.rpc.timeout.max = 5200ms (custom)
2021-08-17 01:35:19,636 [pool-373-thread-1] INFO  server.RaftServerConfigKeys (ConfUtils.java:logGet(44)) - raft.server.rpc.sleep.time = 25ms (default)
2021-08-17 01:35:19,636 [pool-373-thread-1] INFO  server.RaftServerConfigKeys (ConfUtils.java:logGet(44)) - raft.server.rpc.slowness.timeout = 300s (custom)
2021-08-17 01:35:19,636 [pool-373-thread-1] INFO  server.RaftServerConfigKeys (ConfUtils.java:logGet(44)) - raft.server.leaderelection.leader.step-down.wait-time = 10s (default)
2021-08-17 01:35:19,638 [pool-373-thread-1] INFO  server.RaftServerConfigKeys (ConfUtils.java:logGet(44)) - raft.server.sleep.deviation.threshold = 300ms (default)
2021-08-17 01:35:19,638 [pool-373-thread-1] INFO  server.RaftServerConfigKeys (ConfUtils.java:logGet(44)) - raft.server.log.appender.install.snapshot.enabled = false (custom)
2021-08-17 01:35:19,638 [pool-373-thread-1] INFO  server.RaftServer$Division (ServerState.java:<init>(105)) - f27f887f-aeec-4d5d-9de4-8fc3f29213c4@group-E651C6740852: ConfigurationManager, init=-1: [f27f887f-aeec-4d5d-9de4-8fc3f29213c4|rpc:10.1.0.32:38841|priority:1], old=null, confs=<EMPTY_MAP>
2021-08-17 01:35:19,638 [pool-373-thread-1] INFO  server.RaftServerConfigKeys (ConfUtils.java:logGet(44)) - raft.server.storage.dir = [/home/runner/work/ozone/ozone/hadoop-ozone/integration-test/target/test-dir/MiniOzoneClusterImpl-792c0480-480e-4b9f-8df8-75fa91581c67/datanode-0/data/ratis] (custom)
2021-08-17 01:35:19,639 [pool-373-thread-1] INFO  server.RaftServerConfigKeys (ConfUtils.java:logGet(44)) - raft.server.log.corruption.policy = EXCEPTION (default)
2021-08-17 01:35:19,640 [pool-373-thread-1] INFO  server.RaftServerConfigKeys (ConfUtils.java:logGet(44)) - raft.server.storage.free-space.min = 0MB (=0) (default)
2021-08-17 01:35:19,640 [pool-373-thread-1] INFO  storage.RaftStorageDirectory (RaftStorageDirectoryImpl.java:analyzeStorage(135)) - The storage directory /home/runner/work/ozone/ozone/hadoop-ozone/integration-test/target/test-dir/MiniOzoneClusterImpl-792c0480-480e-4b9f-8df8-75fa91581c67/datanode-0/data/ratis/b3e9a9db-659a-44e9-92b3-e651c6740852 does not exist. Creating ...
2021-08-17 01:35:19,648 [pool-373-thread-1] INFO  storage.RaftStorageDirectory (RaftStorageDirectoryImpl.java:tryLock(230)) - Lock on /home/runner/work/ozone/ozone/hadoop-ozone/integration-test/target/test-dir/MiniOzoneClusterImpl-792c0480-480e-4b9f-8df8-75fa91581c67/datanode-0/data/ratis/b3e9a9db-659a-44e9-92b3-e651c6740852/in_use.lock acquired by nodename 21368@fv-az195-965
2021-08-17 01:35:19,650 [pool-373-thread-1] INFO  storage.RaftStorage (RaftStorageImpl.java:format(89)) - Storage directory /home/runner/work/ozone/ozone/hadoop-ozone/integration-test/target/test-dir/MiniOzoneClusterImpl-792c0480-480e-4b9f-8df8-75fa91581c67/datanode-0/data/ratis/b3e9a9db-659a-44e9-92b3-e651c6740852 has been successfully formatted.
2021-08-17 01:35:19,674 [pool-373-thread-1] INFO  ratis.ContainerStateMachine (ContainerStateMachine.java:loadSnapshot(225)) - group-E651C6740852: The snapshot info is null. Setting the last applied indexto:(t:0, i:~)
2021-08-17 01:35:19,674 [pool-373-thread-1] INFO  server.RaftServerConfigKeys (ConfUtils.java:logGet(44)) - raft.server.notification.no-leader.timeout = 300s (custom)
2021-08-17 01:35:19,674 [pool-373-thread-1] INFO  server.RaftServerConfigKeys (ConfUtils.java:logGet(44)) - raft.server.log.use.memory = false (default)
2021-08-17 01:35:19,674 [pool-373-thread-1] INFO  server.RaftServerConfigKeys (ConfUtils.java:logGet(44)) - raft.server.log.purge.gap = 1000000 (custom)
2021-08-17 01:35:19,674 [pool-373-thread-1] INFO  server.RaftServerConfigKeys (ConfUtils.java:logGet(44)) - raft.server.log.appender.buffer.byte-limit = 33554432 (custom)
2021-08-17 01:35:19,674 [pool-373-thread-1] INFO  server.RaftServerConfigKeys (ConfUtils.java:logGet(44)) - raft.server.log.segment.size.max = 1048576 (custom)
2021-08-17 01:35:19,675 [pool-373-thread-1] INFO  server.RaftServerConfigKeys (ConfUtils.java:logGet(44)) - raft.server.log.segment.cache.num.max = 2 (custom)
2021-08-17 01:35:19,675 [pool-373-thread-1] INFO  server.RaftServerConfigKeys (ConfUtils.java:logGet(44)) - raft.server.log.segment.cache.size.max = 200MB (=209715200) (default)
2021-08-17 01:35:19,675 [pool-373-thread-1] INFO  segmented.SegmentedRaftLogWorker (SegmentedRaftLogWorker.java:<init>(182)) - new f27f887f-aeec-4d5d-9de4-8fc3f29213c4@group-E651C6740852-SegmentedRaftLogWorker for RaftStorageImpl:Storage Directory /home/runner/work/ozone/ozone/hadoop-ozone/integration-test/target/test-dir/MiniOzoneClusterImpl-792c0480-480e-4b9f-8df8-75fa91581c67/datanode-0/data/ratis/b3e9a9db-659a-44e9-92b3-e651c6740852
2021-08-17 01:35:19,675 [pool-373-thread-1] INFO  server.RaftServerConfigKeys (ConfUtils.java:logGet(44)) - raft.server.log.queue.byte-limit = 2147483647 (custom)
2021-08-17 01:35:19,675 [pool-373-thread-1] INFO  server.RaftServerConfigKeys (ConfUtils.java:logGet(44)) - raft.server.log.queue.element-limit = 1024 (custom)
2021-08-17 01:35:19,675 [pool-373-thread-1] INFO  server.RaftServerConfigKeys (ConfUtils.java:logGet(44)) - raft.server.log.segment.size.max = 1048576 (custom)
2021-08-17 01:35:19,675 [pool-373-thread-1] INFO  server.RaftServerConfigKeys (ConfUtils.java:logGet(44)) - raft.server.log.preallocated.size = 16384 (custom)
2021-08-17 01:35:19,675 [pool-373-thread-1] INFO  server.RaftServerConfigKeys (ConfUtils.java:logGet(44)) - raft.server.log.force.sync.num = 128 (default)
2021-08-17 01:35:19,675 [pool-373-thread-1] INFO  server.RaftServerConfigKeys (ConfUtils.java:logGet(44)) - raft.server.log.statemachine.data.sync = true (default)
2021-08-17 01:35:19,675 [pool-373-thread-1] INFO  server.RaftServerConfigKeys (ConfUtils.java:logGet(44)) - raft.server.log.statemachine.data.sync.timeout = 10s (default)
2021-08-17 01:35:19,675 [pool-373-thread-1] INFO  server.RaftServerConfigKeys (ConfUtils.java:logGet(44)) - raft.server.log.statemachine.data.sync.timeout.retry = -1 (default)
2021-08-17 01:35:19,676 [pool-373-thread-1] INFO  server.RaftServerConfigKeys (ConfUtils.java:logGet(44)) - raft.server.log.write.buffer.size = 1048576 (custom)
2021-08-17 01:35:19,676 [pool-373-thread-1] INFO  server.RaftServerConfigKeys (ConfUtils.java:logGet(44)) - raft.server.log.statemachine.data.caching.enabled = true (custom)
2021-08-17 01:35:19,677 [pool-373-thread-1] INFO  segmented.SegmentedRaftLogWorker (SegmentedRaftLogWorker.java:lambda$new$0(133)) - f27f887f-aeec-4d5d-9de4-8fc3f29213c4@group-E651C6740852-SegmentedRaftLogWorker: flushIndex: setUnconditionally 0 -> -1
2021-08-17 01:35:19,677 [pool-373-thread-1] INFO  segmented.SegmentedRaftLogWorker (SegmentedRaftLogWorker.java:lambda$new$0(133)) - f27f887f-aeec-4d5d-9de4-8fc3f29213c4@group-E651C6740852-SegmentedRaftLogWorker: safeCacheEvictIndex: setUnconditionally 0 -> -1
2021-08-17 01:35:19,677 [Datanode State Machine Thread - 0] WARN  statemachine.StateContext (StateContext.java:execute(621)) - No available thread in pool for past 1 seconds.
2021-08-17 01:35:19,680 [pool-373-thread-1] INFO  server.RaftServerConfigKeys (ConfUtils.java:logGet(44)) - raft.server.snapshot.auto.trigger.enabled = true (custom)
2021-08-17 01:35:19,680 [pool-373-thread-1] INFO  server.RaftServerConfigKeys (ConfUtils.java:logGet(44)) - raft.server.snapshot.auto.trigger.threshold = 10000 (custom)
2021-08-17 01:35:19,680 [pool-373-thread-1] INFO  server.RaftServerConfigKeys (ConfUtils.java:logGet(44)) - raft.server.snapshot.retention.file.num = 5 (custom)
2021-08-17 01:35:19,680 [pool-373-thread-1] INFO  server.RaftServerConfigKeys (ConfUtils.java:logGet(44)) - raft.server.log.purge.upto.snapshot.index = false (default)
2021-08-17 01:35:19,680 [pool-373-thread-1] INFO  server.RaftServerConfigKeys (ConfUtils.java:logGet(44)) - raft.server.retrycache.expirytime = 600000ms (custom)
2021-08-17 01:35:19,680 [pool-373-thread-1] INFO  server.RaftServerConfigKeys (ConfUtils.java:logGet(44)) - raft.server.retrycache.statistics.expirytime = 100μs (default)
2021-08-17 01:35:19,681 [EventQueue-PipelineReportForPipelineReportHandler] INFO  pipeline.PipelineManagerImpl (PipelineManagerImpl.java:openPipeline(283)) - Pipeline Pipeline[ Id: b3e9a9db-659a-44e9-92b3-e651c6740852, Nodes: f27f887f-aeec-4d5d-9de4-8fc3f29213c4{ip: 10.1.0.32, host: fv-az195-965.u3nnjwd0vyge1bu22idnsdeq2e.cx.internal.cloudapp.net, ports: [REPLICATION=44741, RATIS=38841, RATIS_ADMIN=38841, RATIS_SERVER=38841, STANDALONE=38327], networkLocation: /default-rack, certSerialId: null, persistedOpState: IN_SERVICE, persistedOpStateExpiryEpochSec: 0}, ReplicationConfig: RATIS/ONE, State:ALLOCATED, leaderId:f27f887f-aeec-4d5d-9de4-8fc3f29213c4, CreationTimestamp2021-08-17T01:35:16.611Z[Etc/UTC]] moved to OPEN state
2021-08-17 01:35:19,702 [pool-373-thread-1] INFO  server.RaftServer$Division (RaftServerImpl.java:start(296)) - f27f887f-aeec-4d5d-9de4-8fc3f29213c4@group-E651C6740852: start as a follower, conf=-1: [f27f887f-aeec-4d5d-9de4-8fc3f29213c4|rpc:10.1.0.32:38841|priority:1], old=null
2021-08-17 01:35:19,702 [pool-373-thread-1] INFO  server.RaftServer$Division (RaftServerImpl.java:setRole(285)) - f27f887f-aeec-4d5d-9de4-8fc3f29213c4@group-E651C6740852: changes role from      null to FOLLOWER at term 0 for startAsFollower
2021-08-17 01:35:19,702 [pool-373-thread-1] INFO  impl.RoleInfo (RoleInfo.java:updateAndGet(130)) - f27f887f-aeec-4d5d-9de4-8fc3f29213c4: start f27f887f-aeec-4d5d-9de4-8fc3f29213c4@group-E651C6740852-FollowerState
2021-08-17 01:35:19,710 [pool-373-thread-1] INFO  util.JmxRegister (JmxRegister.java:tryRegister(44)) - Successfully registered JMX Bean with object name Ratis:service=RaftServer,group=group-E651C6740852,id=f27f887f-aeec-4d5d-9de4-8fc3f29213c4
2021-08-17 01:35:19,711 [Command processor thread] INFO  ratis.XceiverServerRatis (XceiverServerRatis.java:addGroup(763)) - Created group PipelineID=b3e9a9db-659a-44e9-92b3-e651c6740852
2021-08-17 01:35:19,750 [Command processor thread] INFO  commandhandler.CreatePipelineCommandHandler (CreatePipelineCommandHandler.java:handle(106)) - Created Pipeline RATIS ONE PipelineID=b3e9a9db-659a-44e9-92b3-e651c6740852.
2021-08-17 01:35:19,750 [Command processor thread] INFO  server.RaftServer (RaftServerProxy.java:addNew(95)) - f27f887f-aeec-4d5d-9de4-8fc3f29213c4: addNew group-50CCF1FD7DAD:[45d7e1dd-e053-4260-9313-3ad3abbf49bc|rpc:10.1.0.32:44533|priority:0, a55de8bf-208c-4c68-aafe-7443929fbf97|rpc:10.1.0.32:45995|priority:0, f27f887f-aeec-4d5d-9de4-8fc3f29213c4|rpc:10.1.0.32:38841|priority:1] returns group-50CCF1FD7DAD:java.util.concurrent.CompletableFuture@e3222eb[Not completed]
2021-08-17 01:35:19,751 [pool-373-thread-1] INFO  server.RaftServer$Division (RaftServerImpl.java:<init>(181)) - f27f887f-aeec-4d5d-9de4-8fc3f29213c4: new RaftServerImpl for group-50CCF1FD7DAD:[45d7e1dd-e053-4260-9313-3ad3abbf49bc|rpc:10.1.0.32:44533|priority:0, a55de8bf-208c-4c68-aafe-7443929fbf97|rpc:10.1.0.32:45995|priority:0, f27f887f-aeec-4d5d-9de4-8fc3f29213c4|rpc:10.1.0.32:38841|priority:1] with ContainerStateMachine:uninitialized
2021-08-17 01:35:19,751 [pool-373-thread-1] INFO  server.RaftServerConfigKeys (ConfUtils.java:logGet(44)) - raft.server.rpc.timeout.min = 5s (custom)
2021-08-17 01:35:19,751 [pool-373-thread-1] INFO  server.RaftServerConfigKeys (ConfUtils.java:logGet(44)) - raft.server.rpc.timeout.max = 5200ms (custom)
2021-08-17 01:35:19,751 [pool-373-thread-1] INFO  server.RaftServerConfigKeys (ConfUtils.java:logGet(44)) - raft.server.rpc.sleep.time = 25ms (default)
2021-08-17 01:35:19,751 [pool-373-thread-1] INFO  server.RaftServerConfigKeys (ConfUtils.java:logGet(44)) - raft.server.rpc.slowness.timeout = 300s (custom)
2021-08-17 01:35:19,751 [pool-373-thread-1] INFO  server.RaftServerConfigKeys (ConfUtils.java:logGet(44)) - raft.server.leaderelection.leader.step-down.wait-time = 10s (default)
2021-08-17 01:35:19,751 [pool-373-thread-1] INFO  server.RaftServerConfigKeys (ConfUtils.java:logGet(44)) - raft.server.sleep.deviation.threshold = 300ms (default)
2021-08-17 01:35:19,751 [pool-373-thread-1] INFO  server.RaftServerConfigKeys (ConfUtils.java:logGet(44)) - raft.server.log.appender.install.snapshot.enabled = false (custom)
2021-08-17 01:35:19,751 [pool-373-thread-1] INFO  server.RaftServer$Division (ServerState.java:<init>(105)) - f27f887f-aeec-4d5d-9de4-8fc3f29213c4@group-50CCF1FD7DAD: ConfigurationManager, init=-1: [45d7e1dd-e053-4260-9313-3ad3abbf49bc|rpc:10.1.0.32:44533|priority:0, a55de8bf-208c-4c68-aafe-7443929fbf97|rpc:10.1.0.32:45995|priority:0, f27f887f-aeec-4d5d-9de4-8fc3f29213c4|rpc:10.1.0.32:38841|priority:1], old=null, confs=<EMPTY_MAP>
2021-08-17 01:35:19,751 [pool-373-thread-1] INFO  server.RaftServerConfigKeys (ConfUtils.java:logGet(44)) - raft.server.storage.dir = [/home/runner/work/ozone/ozone/hadoop-ozone/integration-test/target/test-dir/MiniOzoneClusterImpl-792c0480-480e-4b9f-8df8-75fa91581c67/datanode-0/data/ratis] (custom)
2021-08-17 01:35:19,751 [pool-373-thread-1] INFO  server.RaftServerConfigKeys (ConfUtils.java:logGet(44)) - raft.server.log.corruption.policy = EXCEPTION (default)
2021-08-17 01:35:19,752 [pool-373-thread-1] INFO  server.RaftServerConfigKeys (ConfUtils.java:logGet(44)) - raft.server.storage.free-space.min = 0MB (=0) (default)
2021-08-17 01:35:19,752 [pool-373-thread-1] INFO  storage.RaftStorageDirectory (RaftStorageDirectoryImpl.java:analyzeStorage(135)) - The storage directory /home/runner/work/ozone/ozone/hadoop-ozone/integration-test/target/test-dir/MiniOzoneClusterImpl-792c0480-480e-4b9f-8df8-75fa91581c67/datanode-0/data/ratis/cb3b522b-73b4-45bb-8027-50ccf1fd7dad does not exist. Creating ...
2021-08-17 01:35:19,750 [EventQueue-OpenPipelineForHealthyPipelineSafeModeRule] INFO  safemode.SCMSafeModeManager (HealthyPipelineSafeModeRule.java:process(124)) - SCM in safe mode. Healthy pipelines reported count is 0, required healthy pipeline reported count is 1
2021-08-17 01:35:19,753 [pool-373-thread-1] INFO  storage.RaftStorageDirectory (RaftStorageDirectoryImpl.java:tryLock(230)) - Lock on /home/runner/work/ozone/ozone/hadoop-ozone/integration-test/target/test-dir/MiniOzoneClusterImpl-792c0480-480e-4b9f-8df8-75fa91581c67/datanode-0/data/ratis/cb3b522b-73b4-45bb-8027-50ccf1fd7dad/in_use.lock acquired by nodename 21368@fv-az195-965
2021-08-17 01:35:19,759 [pool-373-thread-1] INFO  storage.RaftStorage (RaftStorageImpl.java:format(89)) - Storage directory /home/runner/work/ozone/ozone/hadoop-ozone/integration-test/target/test-dir/MiniOzoneClusterImpl-792c0480-480e-4b9f-8df8-75fa91581c67/datanode-0/data/ratis/cb3b522b-73b4-45bb-8027-50ccf1fd7dad has been successfully formatted.
2021-08-17 01:35:19,759 [pool-373-thread-1] INFO  ratis.ContainerStateMachine (ContainerStateMachine.java:loadSnapshot(225)) - group-50CCF1FD7DAD: The snapshot info is null. Setting the last applied indexto:(t:0, i:~)
2021-08-17 01:35:19,759 [Datanode State Machine Thread - 0] WARN  statemachine.StateContext (StateContext.java:execute(621)) - No available thread in pool for past 1 seconds.
2021-08-17 01:35:19,759 [pool-373-thread-1] INFO  server.RaftServerConfigKeys (ConfUtils.java:logGet(44)) - raft.server.notification.no-leader.timeout = 300s (custom)
2021-08-17 01:35:19,759 [pool-373-thread-1] INFO  server.RaftServerConfigKeys (ConfUtils.java:logGet(44)) - raft.server.log.use.memory = false (default)
2021-08-17 01:35:19,759 [pool-373-thread-1] INFO  server.RaftServerConfigKeys (ConfUtils.java:logGet(44)) - raft.server.log.purge.gap = 1000000 (custom)
2021-08-17 01:35:19,760 [EventQueue-OpenPipelineForHealthyPipelineSafeModeRule] INFO  safemode.SCMSafeModeManager (HealthyPipelineSafeModeRule.java:process(124)) - SCM in safe mode. Healthy pipelines reported count is 0, required healthy pipeline reported count is 1
2021-08-17 01:35:19,761 [pool-373-thread-1] INFO  server.RaftServerConfigKeys (ConfUtils.java:logGet(44)) - raft.server.log.appender.buffer.byte-limit = 33554432 (custom)
2021-08-17 01:35:19,761 [pool-373-thread-1] INFO  server.RaftServerConfigKeys (ConfUtils.java:logGet(44)) - raft.server.log.segment.size.max = 1048576 (custom)
2021-08-17 01:35:19,761 [pool-373-thread-1] INFO  server.RaftServerConfigKeys (ConfUtils.java:logGet(44)) - raft.server.log.segment.cache.num.max = 2 (custom)
2021-08-17 01:35:19,761 [pool-373-thread-1] INFO  server.RaftServerConfigKeys (ConfUtils.java:logGet(44)) - raft.server.log.segment.cache.size.max = 200MB (=209715200) (default)
2021-08-17 01:35:19,761 [pool-373-thread-1] INFO  segmented.SegmentedRaftLogWorker (SegmentedRaftLogWorker.java:<init>(182)) - new f27f887f-aeec-4d5d-9de4-8fc3f29213c4@group-50CCF1FD7DAD-SegmentedRaftLogWorker for RaftStorageImpl:Storage Directory /home/runner/work/ozone/ozone/hadoop-ozone/integration-test/target/test-dir/MiniOzoneClusterImpl-792c0480-480e-4b9f-8df8-75fa91581c67/datanode-0/data/ratis/cb3b522b-73b4-45bb-8027-50ccf1fd7dad
2021-08-17 01:35:19,761 [pool-373-thread-1] INFO  server.RaftServerConfigKeys (ConfUtils.java:logGet(44)) - raft.server.log.queue.byte-limit = 2147483647 (custom)
2021-08-17 01:35:19,761 [pool-373-thread-1] INFO  server.RaftServerConfigKeys (ConfUtils.java:logGet(44)) - raft.server.log.queue.element-limit = 1024 (custom)
2021-08-17 01:35:19,761 [pool-373-thread-1] INFO  server.RaftServerConfigKeys (ConfUtils.java:logGet(44)) - raft.server.log.segment.size.max = 1048576 (custom)
2021-08-17 01:35:19,761 [pool-373-thread-1] INFO  server.RaftServerConfigKeys (ConfUtils.java:logGet(44)) - raft.server.log.preallocated.size = 16384 (custom)
2021-08-17 01:35:19,761 [pool-373-thread-1] INFO  server.RaftServerConfigKeys (ConfUtils.java:logGet(44)) - raft.server.log.force.sync.num = 128 (default)
2021-08-17 01:35:19,761 [pool-373-thread-1] INFO  server.RaftServerConfigKeys (ConfUtils.java:logGet(44)) - raft.server.log.statemachine.data.sync = true (default)
2021-08-17 01:35:19,762 [pool-373-thread-1] INFO  server.RaftServerConfigKeys (ConfUtils.java:logGet(44)) - raft.server.log.statemachine.data.sync.timeout = 10s (default)
2021-08-17 01:35:19,762 [pool-373-thread-1] INFO  server.RaftServerConfigKeys (ConfUtils.java:logGet(44)) - raft.server.log.statemachine.data.sync.timeout.retry = -1 (default)
2021-08-17 01:35:19,762 [pool-373-thread-1] INFO  server.RaftServerConfigKeys (ConfUtils.java:logGet(44)) - raft.server.log.write.buffer.size = 1048576 (custom)
2021-08-17 01:35:19,763 [pool-373-thread-1] INFO  server.RaftServerConfigKeys (ConfUtils.java:logGet(44)) - raft.server.log.statemachine.data.caching.enabled = true (custom)
2021-08-17 01:35:19,763 [pool-373-thread-1] INFO  segmented.SegmentedRaftLogWorker (SegmentedRaftLogWorker.java:lambda$new$0(133)) - f27f887f-aeec-4d5d-9de4-8fc3f29213c4@group-50CCF1FD7DAD-SegmentedRaftLogWorker: flushIndex: setUnconditionally 0 -> -1
2021-08-17 01:35:19,763 [pool-373-thread-1] INFO  segmented.SegmentedRaftLogWorker (SegmentedRaftLogWorker.java:lambda$new$0(133)) - f27f887f-aeec-4d5d-9de4-8fc3f29213c4@group-50CCF1FD7DAD-SegmentedRaftLogWorker: safeCacheEvictIndex: setUnconditionally 0 -> -1
2021-08-17 01:35:19,791 [pool-373-thread-1] INFO  server.RaftServerConfigKeys (ConfUtils.java:logGet(44)) - raft.server.snapshot.auto.trigger.enabled = true (custom)
2021-08-17 01:35:19,791 [pool-373-thread-1] INFO  server.RaftServerConfigKeys (ConfUtils.java:logGet(44)) - raft.server.snapshot.auto.trigger.threshold = 10000 (custom)
2021-08-17 01:35:19,791 [pool-373-thread-1] INFO  server.RaftServerConfigKeys (ConfUtils.java:logGet(44)) - raft.server.snapshot.retention.file.num = 5 (custom)
2021-08-17 01:35:19,791 [pool-373-thread-1] INFO  server.RaftServerConfigKeys (ConfUtils.java:logGet(44)) - raft.server.log.purge.upto.snapshot.index = false (default)
2021-08-17 01:35:19,791 [pool-373-thread-1] INFO  server.RaftServerConfigKeys (ConfUtils.java:logGet(44)) - raft.server.retrycache.expirytime = 600000ms (custom)
2021-08-17 01:35:19,791 [pool-373-thread-1] INFO  server.RaftServerConfigKeys (ConfUtils.java:logGet(44)) - raft.server.retrycache.statistics.expirytime = 100μs (default)
2021-08-17 01:35:19,792 [pool-373-thread-1] INFO  server.RaftServer$Division (RaftServerImpl.java:start(296)) - f27f887f-aeec-4d5d-9de4-8fc3f29213c4@group-50CCF1FD7DAD: start as a follower, conf=-1: [45d7e1dd-e053-4260-9313-3ad3abbf49bc|rpc:10.1.0.32:44533|priority:0, a55de8bf-208c-4c68-aafe-7443929fbf97|rpc:10.1.0.32:45995|priority:0, f27f887f-aeec-4d5d-9de4-8fc3f29213c4|rpc:10.1.0.32:38841|priority:1], old=null
2021-08-17 01:35:19,792 [pool-373-thread-1] INFO  server.RaftServer$Division (RaftServerImpl.java:setRole(285)) - f27f887f-aeec-4d5d-9de4-8fc3f29213c4@group-50CCF1FD7DAD: changes role from      null to FOLLOWER at term 0 for startAsFollower
2021-08-17 01:35:19,792 [pool-373-thread-1] INFO  impl.RoleInfo (RoleInfo.java:updateAndGet(130)) - f27f887f-aeec-4d5d-9de4-8fc3f29213c4: start f27f887f-aeec-4d5d-9de4-8fc3f29213c4@group-50CCF1FD7DAD-FollowerState
2021-08-17 01:35:19,795 [pool-373-thread-1] INFO  util.JmxRegister (JmxRegister.java:tryRegister(44)) - Successfully registered JMX Bean with object name Ratis:service=RaftServer,group=group-50CCF1FD7DAD,id=f27f887f-aeec-4d5d-9de4-8fc3f29213c4
2021-08-17 01:35:19,796 [Command processor thread] INFO  ratis.XceiverServerRatis (XceiverServerRatis.java:addGroup(763)) - Created group PipelineID=cb3b522b-73b4-45bb-8027-50ccf1fd7dad
2021-08-17 01:35:19,883 [grpc-default-executor-0] INFO  server.RaftServer (RaftServerProxy.java:addNew(95)) - 45d7e1dd-e053-4260-9313-3ad3abbf49bc: addNew group-50CCF1FD7DAD:[45d7e1dd-e053-4260-9313-3ad3abbf49bc|rpc:10.1.0.32:44533|dataStream:|priority:0, a55de8bf-208c-4c68-aafe-7443929fbf97|rpc:10.1.0.32:45995|dataStream:|priority:0, f27f887f-aeec-4d5d-9de4-8fc3f29213c4|rpc:10.1.0.32:38841|dataStream:|priority:1] returns group-50CCF1FD7DAD:java.util.concurrent.CompletableFuture@9e4e559[Not completed]
2021-08-17 01:35:19,896 [pool-392-thread-1] INFO  server.RaftServer$Division (RaftServerImpl.java:<init>(181)) - 45d7e1dd-e053-4260-9313-3ad3abbf49bc: new RaftServerImpl for group-50CCF1FD7DAD:[45d7e1dd-e053-4260-9313-3ad3abbf49bc|rpc:10.1.0.32:44533|dataStream:|priority:0, a55de8bf-208c-4c68-aafe-7443929fbf97|rpc:10.1.0.32:45995|dataStream:|priority:0, f27f887f-aeec-4d5d-9de4-8fc3f29213c4|rpc:10.1.0.32:38841|dataStream:|priority:1] with ContainerStateMachine:uninitialized
2021-08-17 01:35:19,896 [pool-392-thread-1] INFO  server.RaftServerConfigKeys (ConfUtils.java:logGet(44)) - raft.server.rpc.timeout.min = 5s (custom)
2021-08-17 01:35:19,896 [pool-392-thread-1] INFO  server.RaftServerConfigKeys (ConfUtils.java:logGet(44)) - raft.server.rpc.timeout.max = 5200ms (custom)
2021-08-17 01:35:19,896 [pool-392-thread-1] INFO  server.RaftServerConfigKeys (ConfUtils.java:logGet(44)) - raft.server.rpc.sleep.time = 25ms (default)
2021-08-17 01:35:19,896 [pool-392-thread-1] INFO  server.RaftServerConfigKeys (ConfUtils.java:logGet(44)) - raft.server.rpc.slowness.timeout = 300s (custom)
2021-08-17 01:35:19,896 [pool-392-thread-1] INFO  server.RaftServerConfigKeys (ConfUtils.java:logGet(44)) - raft.server.leaderelection.leader.step-down.wait-time = 10s (default)
2021-08-17 01:35:19,896 [pool-392-thread-1] INFO  server.RaftServerConfigKeys (ConfUtils.java:logGet(44)) - raft.server.sleep.deviation.threshold = 300ms (default)
2021-08-17 01:35:19,896 [pool-392-thread-1] INFO  server.RaftServerConfigKeys (ConfUtils.java:logGet(44)) - raft.server.log.appender.install.snapshot.enabled = false (custom)
2021-08-17 01:35:19,896 [pool-392-thread-1] INFO  server.RaftServer$Division (ServerState.java:<init>(105)) - 45d7e1dd-e053-4260-9313-3ad3abbf49bc@group-50CCF1FD7DAD: ConfigurationManager, init=-1: [45d7e1dd-e053-4260-9313-3ad3abbf49bc|rpc:10.1.0.32:44533|dataStream:|priority:0, a55de8bf-208c-4c68-aafe-7443929fbf97|rpc:10.1.0.32:45995|dataStream:|priority:0, f27f887f-aeec-4d5d-9de4-8fc3f29213c4|rpc:10.1.0.32:38841|dataStream:|priority:1], old=null, confs=<EMPTY_MAP>
2021-08-17 01:35:19,896 [pool-392-thread-1] INFO  server.RaftServerConfigKeys (ConfUtils.java:logGet(44)) - raft.server.storage.dir = [/home/runner/work/ozone/ozone/hadoop-ozone/integration-test/target/test-dir/MiniOzoneClusterImpl-792c0480-480e-4b9f-8df8-75fa91581c67/datanode-1/data/ratis] (custom)
2021-08-17 01:35:19,896 [pool-392-thread-1] INFO  server.RaftServerConfigKeys (ConfUtils.java:logGet(44)) - raft.server.log.corruption.policy = EXCEPTION (default)
2021-08-17 01:35:19,896 [pool-392-thread-1] INFO  server.RaftServerConfigKeys (ConfUtils.java:logGet(44)) - raft.server.storage.free-space.min = 0MB (=0) (default)
2021-08-17 01:35:19,897 [pool-392-thread-1] INFO  storage.RaftStorageDirectory (RaftStorageDirectoryImpl.java:analyzeStorage(135)) - The storage directory /home/runner/work/ozone/ozone/hadoop-ozone/integration-test/target/test-dir/MiniOzoneClusterImpl-792c0480-480e-4b9f-8df8-75fa91581c67/datanode-1/data/ratis/cb3b522b-73b4-45bb-8027-50ccf1fd7dad does not exist. Creating ...
2021-08-17 01:35:19,899 [pool-392-thread-1] INFO  storage.RaftStorageDirectory (RaftStorageDirectoryImpl.java:tryLock(230)) - Lock on /home/runner/work/ozone/ozone/hadoop-ozone/integration-test/target/test-dir/MiniOzoneClusterImpl-792c0480-480e-4b9f-8df8-75fa91581c67/datanode-1/data/ratis/cb3b522b-73b4-45bb-8027-50ccf1fd7dad/in_use.lock acquired by nodename 21368@fv-az195-965
2021-08-17 01:35:19,910 [pool-392-thread-1] INFO  storage.RaftStorage (RaftStorageImpl.java:format(89)) - Storage directory /home/runner/work/ozone/ozone/hadoop-ozone/integration-test/target/test-dir/MiniOzoneClusterImpl-792c0480-480e-4b9f-8df8-75fa91581c67/datanode-1/data/ratis/cb3b522b-73b4-45bb-8027-50ccf1fd7dad has been successfully formatted.
2021-08-17 01:35:19,911 [pool-392-thread-1] INFO  ratis.ContainerStateMachine (ContainerStateMachine.java:loadSnapshot(225)) - group-50CCF1FD7DAD: The snapshot info is null. Setting the last applied indexto:(t:0, i:~)
2021-08-17 01:35:19,911 [Datanode State Machine Thread - 0] WARN  statemachine.StateContext (StateContext.java:execute(621)) - No available thread in pool for past 1 seconds.
2021-08-17 01:35:19,911 [pool-392-thread-1] INFO  server.RaftServerConfigKeys (ConfUtils.java:logGet(44)) - raft.server.notification.no-leader.timeout = 300s (custom)
2021-08-17 01:35:19,911 [pool-392-thread-1] INFO  server.RaftServerConfigKeys (ConfUtils.java:logGet(44)) - raft.server.log.use.memory = false (default)
2021-08-17 01:35:19,911 [pool-392-thread-1] INFO  server.RaftServerConfigKeys (ConfUtils.java:logGet(44)) - raft.server.log.purge.gap = 1000000 (custom)
2021-08-17 01:35:19,911 [pool-392-thread-1] INFO  server.RaftServerConfigKeys (ConfUtils.java:logGet(44)) - raft.server.log.appender.buffer.byte-limit = 33554432 (custom)
2021-08-17 01:35:19,912 [pool-392-thread-1] INFO  server.RaftServerConfigKeys (ConfUtils.java:logGet(44)) - raft.server.log.segment.size.max = 1048576 (custom)
2021-08-17 01:35:19,912 [pool-392-thread-1] INFO  server.RaftServerConfigKeys (ConfUtils.java:logGet(44)) - raft.server.log.segment.cache.num.max = 2 (custom)
2021-08-17 01:35:19,912 [pool-392-thread-1] INFO  server.RaftServerConfigKeys (ConfUtils.java:logGet(44)) - raft.server.log.segment.cache.size.max = 200MB (=209715200) (default)
2021-08-17 01:35:19,912 [pool-392-thread-1] INFO  segmented.SegmentedRaftLogWorker (SegmentedRaftLogWorker.java:<init>(182)) - new 45d7e1dd-e053-4260-9313-3ad3abbf49bc@group-50CCF1FD7DAD-SegmentedRaftLogWorker for RaftStorageImpl:Storage Directory /home/runner/work/ozone/ozone/hadoop-ozone/integration-test/target/test-dir/MiniOzoneClusterImpl-792c0480-480e-4b9f-8df8-75fa91581c67/datanode-1/data/ratis/cb3b522b-73b4-45bb-8027-50ccf1fd7dad
2021-08-17 01:35:19,912 [pool-392-thread-1] INFO  server.RaftServerConfigKeys (ConfUtils.java:logGet(44)) - raft.server.log.queue.byte-limit = 2147483647 (custom)
2021-08-17 01:35:19,912 [pool-392-thread-1] INFO  server.RaftServerConfigKeys (ConfUtils.java:logGet(44)) - raft.server.log.queue.element-limit = 1024 (custom)
2021-08-17 01:35:19,912 [pool-392-thread-1] INFO  server.RaftServerConfigKeys (ConfUtils.java:logGet(44)) - raft.server.log.segment.size.max = 1048576 (custom)
2021-08-17 01:35:19,913 [pool-392-thread-1] INFO  server.RaftServerConfigKeys (ConfUtils.java:logGet(44)) - raft.server.log.preallocated.size = 16384 (custom)
2021-08-17 01:35:19,913 [pool-392-thread-1] INFO  server.RaftServerConfigKeys (ConfUtils.java:logGet(44)) - raft.server.log.force.sync.num = 128 (default)
2021-08-17 01:35:19,913 [pool-392-thread-1] INFO  server.RaftServerConfigKeys (ConfUtils.java:logGet(44)) - raft.server.log.statemachine.data.sync = true (default)
2021-08-17 01:35:19,913 [pool-392-thread-1] INFO  server.RaftServerConfigKeys (ConfUtils.java:logGet(44)) - raft.server.log.statemachine.data.sync.timeout = 10s (default)
2021-08-17 01:35:19,913 [pool-392-thread-1] INFO  server.RaftServerConfigKeys (ConfUtils.java:logGet(44)) - raft.server.log.statemachine.data.sync.timeout.retry = -1 (default)
2021-08-17 01:35:19,913 [pool-392-thread-1] INFO  server.RaftServerConfigKeys (ConfUtils.java:logGet(44)) - raft.server.log.write.buffer.size = 1048576 (custom)
2021-08-17 01:35:19,917 [pool-392-thread-1] INFO  server.RaftServerConfigKeys (ConfUtils.java:logGet(44)) - raft.server.log.statemachine.data.caching.enabled = true (custom)
2021-08-17 01:35:19,917 [pool-392-thread-1] INFO  segmented.SegmentedRaftLogWorker (SegmentedRaftLogWorker.java:lambda$new$0(133)) - 45d7e1dd-e053-4260-9313-3ad3abbf49bc@group-50CCF1FD7DAD-SegmentedRaftLogWorker: flushIndex: setUnconditionally 0 -> -1
2021-08-17 01:35:19,917 [pool-392-thread-1] INFO  segmented.SegmentedRaftLogWorker (SegmentedRaftLogWorker.java:lambda$new$0(133)) - 45d7e1dd-e053-4260-9313-3ad3abbf49bc@group-50CCF1FD7DAD-SegmentedRaftLogWorker: safeCacheEvictIndex: setUnconditionally 0 -> -1
2021-08-17 01:35:19,917 [pool-392-thread-1] INFO  server.RaftServerConfigKeys (ConfUtils.java:logGet(44)) - raft.server.snapshot.auto.trigger.enabled = true (custom)
2021-08-17 01:35:19,917 [pool-392-thread-1] INFO  server.RaftServerConfigKeys (ConfUtils.java:logGet(44)) - raft.server.snapshot.auto.trigger.threshold = 10000 (custom)
2021-08-17 01:35:19,917 [pool-392-thread-1] INFO  server.RaftServerConfigKeys (ConfUtils.java:logGet(44)) - raft.server.snapshot.retention.file.num = 5 (custom)
2021-08-17 01:35:19,917 [pool-392-thread-1] INFO  server.RaftServerConfigKeys (ConfUtils.java:logGet(44)) - raft.server.log.purge.upto.snapshot.index = false (default)
2021-08-17 01:35:19,917 [pool-392-thread-1] INFO  server.RaftServerConfigKeys (ConfUtils.java:logGet(44)) - raft.server.retrycache.expirytime = 600000ms (custom)
2021-08-17 01:35:19,917 [pool-392-thread-1] INFO  server.RaftServerConfigKeys (ConfUtils.java:logGet(44)) - raft.server.retrycache.statistics.expirytime = 100μs (default)
2021-08-17 01:35:19,918 [pool-392-thread-1] INFO  server.RaftServer$Division (RaftServerImpl.java:start(296)) - 45d7e1dd-e053-4260-9313-3ad3abbf49bc@group-50CCF1FD7DAD: start as a follower, conf=-1: [45d7e1dd-e053-4260-9313-3ad3abbf49bc|rpc:10.1.0.32:44533|dataStream:|priority:0, a55de8bf-208c-4c68-aafe-7443929fbf97|rpc:10.1.0.32:45995|dataStream:|priority:0, f27f887f-aeec-4d5d-9de4-8fc3f29213c4|rpc:10.1.0.32:38841|dataStream:|priority:1], old=null
2021-08-17 01:35:19,918 [pool-392-thread-1] INFO  server.RaftServer$Division (RaftServerImpl.java:setRole(285)) - 45d7e1dd-e053-4260-9313-3ad3abbf49bc@group-50CCF1FD7DAD: changes role from      null to FOLLOWER at term 0 for startAsFollower
2021-08-17 01:35:19,918 [pool-392-thread-1] INFO  impl.RoleInfo (RoleInfo.java:updateAndGet(130)) - 45d7e1dd-e053-4260-9313-3ad3abbf49bc: start 45d7e1dd-e053-4260-9313-3ad3abbf49bc@group-50CCF1FD7DAD-FollowerState
2021-08-17 01:35:19,925 [pool-392-thread-1] INFO  util.JmxRegister (JmxRegister.java:tryRegister(44)) - Successfully registered JMX Bean with object name Ratis:service=RaftServer,group=group-50CCF1FD7DAD,id=45d7e1dd-e053-4260-9313-3ad3abbf49bc
2021-08-17 01:35:20,000 [grpc-default-executor-0] INFO  server.RaftServer (RaftServerProxy.java:addNew(95)) - a55de8bf-208c-4c68-aafe-7443929fbf97: addNew group-50CCF1FD7DAD:[45d7e1dd-e053-4260-9313-3ad3abbf49bc|rpc:10.1.0.32:44533|dataStream:|priority:0, a55de8bf-208c-4c68-aafe-7443929fbf97|rpc:10.1.0.32:45995|dataStream:|priority:0, f27f887f-aeec-4d5d-9de4-8fc3f29213c4|rpc:10.1.0.32:38841|dataStream:|priority:1] returns group-50CCF1FD7DAD:java.util.concurrent.CompletableFuture@36ee881a[Not completed]
2021-08-17 01:35:20,015 [pool-411-thread-1] INFO  server.RaftServer$Division (RaftServerImpl.java:<init>(181)) - a55de8bf-208c-4c68-aafe-7443929fbf97: new RaftServerImpl for group-50CCF1FD7DAD:[45d7e1dd-e053-4260-9313-3ad3abbf49bc|rpc:10.1.0.32:44533|dataStream:|priority:0, a55de8bf-208c-4c68-aafe-7443929fbf97|rpc:10.1.0.32:45995|dataStream:|priority:0, f27f887f-aeec-4d5d-9de4-8fc3f29213c4|rpc:10.1.0.32:38841|dataStream:|priority:1] with ContainerStateMachine:uninitialized
2021-08-17 01:35:20,051 [pool-411-thread-1] INFO  server.RaftServerConfigKeys (ConfUtils.java:logGet(44)) - raft.server.rpc.timeout.min = 5s (custom)
2021-08-17 01:35:20,051 [pool-411-thread-1] INFO  server.RaftServerConfigKeys (ConfUtils.java:logGet(44)) - raft.server.rpc.timeout.max = 5200ms (custom)
2021-08-17 01:35:20,052 [pool-411-thread-1] INFO  server.RaftServerConfigKeys (ConfUtils.java:logGet(44)) - raft.server.rpc.sleep.time = 25ms (default)
2021-08-17 01:35:20,052 [pool-411-thread-1] INFO  server.RaftServerConfigKeys (ConfUtils.java:logGet(44)) - raft.server.rpc.slowness.timeout = 300s (custom)
2021-08-17 01:35:20,052 [pool-411-thread-1] INFO  server.RaftServerConfigKeys (ConfUtils.java:logGet(44)) - raft.server.leaderelection.leader.step-down.wait-time = 10s (default)
2021-08-17 01:35:20,052 [pool-411-thread-1] INFO  server.RaftServerConfigKeys (ConfUtils.java:logGet(44)) - raft.server.sleep.deviation.threshold = 300ms (default)
2021-08-17 01:35:20,052 [pool-411-thread-1] INFO  server.RaftServerConfigKeys (ConfUtils.java:logGet(44)) - raft.server.log.appender.install.snapshot.enabled = false (custom)
2021-08-17 01:35:20,052 [pool-411-thread-1] INFO  server.RaftServer$Division (ServerState.java:<init>(105)) - a55de8bf-208c-4c68-aafe-7443929fbf97@group-50CCF1FD7DAD: ConfigurationManager, init=-1: [45d7e1dd-e053-4260-9313-3ad3abbf49bc|rpc:10.1.0.32:44533|dataStream:|priority:0, a55de8bf-208c-4c68-aafe-7443929fbf97|rpc:10.1.0.32:45995|dataStream:|priority:0, f27f887f-aeec-4d5d-9de4-8fc3f29213c4|rpc:10.1.0.32:38841|dataStream:|priority:1], old=null, confs=<EMPTY_MAP>
2021-08-17 01:35:20,052 [pool-411-thread-1] INFO  server.RaftServerConfigKeys (ConfUtils.java:logGet(44)) - raft.server.storage.dir = [/home/runner/work/ozone/ozone/hadoop-ozone/integration-test/target/test-dir/MiniOzoneClusterImpl-792c0480-480e-4b9f-8df8-75fa91581c67/datanode-2/data/ratis] (custom)
2021-08-17 01:35:20,052 [pool-411-thread-1] INFO  server.RaftServerConfigKeys (ConfUtils.java:logGet(44)) - raft.server.log.corruption.policy = EXCEPTION (default)
2021-08-17 01:35:20,052 [pool-411-thread-1] INFO  server.RaftServerConfigKeys (ConfUtils.java:logGet(44)) - raft.server.storage.free-space.min = 0MB (=0) (default)
2021-08-17 01:35:20,052 [pool-411-thread-1] INFO  storage.RaftStorageDirectory (RaftStorageDirectoryImpl.java:analyzeStorage(135)) - The storage directory /home/runner/work/ozone/ozone/hadoop-ozone/integration-test/target/test-dir/MiniOzoneClusterImpl-792c0480-480e-4b9f-8df8-75fa91581c67/datanode-2/data/ratis/cb3b522b-73b4-45bb-8027-50ccf1fd7dad does not exist. Creating ...
2021-08-17 01:35:20,054 [pool-411-thread-1] INFO  storage.RaftStorageDirectory (RaftStorageDirectoryImpl.java:tryLock(230)) - Lock on /home/runner/work/ozone/ozone/hadoop-ozone/integration-test/target/test-dir/MiniOzoneClusterImpl-792c0480-480e-4b9f-8df8-75fa91581c67/datanode-2/data/ratis/cb3b522b-73b4-45bb-8027-50ccf1fd7dad/in_use.lock acquired by nodename 21368@fv-az195-965
2021-08-17 01:35:20,056 [pool-411-thread-1] INFO  storage.RaftStorage (RaftStorageImpl.java:format(89)) - Storage directory /home/runner/work/ozone/ozone/hadoop-ozone/integration-test/target/test-dir/MiniOzoneClusterImpl-792c0480-480e-4b9f-8df8-75fa91581c67/datanode-2/data/ratis/cb3b522b-73b4-45bb-8027-50ccf1fd7dad has been successfully formatted.
2021-08-17 01:35:20,057 [pool-411-thread-1] INFO  ratis.ContainerStateMachine (ContainerStateMachine.java:loadSnapshot(225)) - group-50CCF1FD7DAD: The snapshot info is null. Setting the last applied indexto:(t:0, i:~)
2021-08-17 01:35:20,057 [Datanode State Machine Thread - 0] WARN  statemachine.StateContext (StateContext.java:execute(621)) - No available thread in pool for past 1 seconds.
2021-08-17 01:35:20,057 [pool-411-thread-1] INFO  server.RaftServerConfigKeys (ConfUtils.java:logGet(44)) - raft.server.notification.no-leader.timeout = 300s (custom)
2021-08-17 01:35:20,057 [pool-411-thread-1] INFO  server.RaftServerConfigKeys (ConfUtils.java:logGet(44)) - raft.server.log.use.memory = false (default)
2021-08-17 01:35:20,057 [pool-411-thread-1] INFO  server.RaftServerConfigKeys (ConfUtils.java:logGet(44)) - raft.server.log.purge.gap = 1000000 (custom)
2021-08-17 01:35:20,057 [pool-411-thread-1] INFO  server.RaftServerConfigKeys (ConfUtils.java:logGet(44)) - raft.server.log.appender.buffer.byte-limit = 33554432 (custom)
2021-08-17 01:35:20,057 [pool-411-thread-1] INFO  server.RaftServerConfigKeys (ConfUtils.java:logGet(44)) - raft.server.log.segment.size.max = 1048576 (custom)
2021-08-17 01:35:20,059 [pool-411-thread-1] INFO  server.RaftServerConfigKeys (ConfUtils.java:logGet(44)) - raft.server.log.segment.cache.num.max = 2 (custom)
2021-08-17 01:35:20,059 [pool-411-thread-1] INFO  server.RaftServerConfigKeys (ConfUtils.java:logGet(44)) - raft.server.log.segment.cache.size.max = 200MB (=209715200) (default)
2021-08-17 01:35:20,059 [pool-411-thread-1] INFO  segmented.SegmentedRaftLogWorker (SegmentedRaftLogWorker.java:<init>(182)) - new a55de8bf-208c-4c68-aafe-7443929fbf97@group-50CCF1FD7DAD-SegmentedRaftLogWorker for RaftStorageImpl:Storage Directory /home/runner/work/ozone/ozone/hadoop-ozone/integration-test/target/test-dir/MiniOzoneClusterImpl-792c0480-480e-4b9f-8df8-75fa91581c67/datanode-2/data/ratis/cb3b522b-73b4-45bb-8027-50ccf1fd7dad
2021-08-17 01:35:20,059 [pool-411-thread-1] INFO  server.RaftServerConfigKeys (ConfUtils.java:logGet(44)) - raft.server.log.queue.byte-limit = 2147483647 (custom)
2021-08-17 01:35:20,059 [pool-411-thread-1] INFO  server.RaftServerConfigKeys (ConfUtils.java:logGet(44)) - raft.server.log.queue.element-limit = 1024 (custom)
2021-08-17 01:35:20,059 [pool-411-thread-1] INFO  server.RaftServerConfigKeys (ConfUtils.java:logGet(44)) - raft.server.log.segment.size.max = 1048576 (custom)
2021-08-17 01:35:20,059 [pool-411-thread-1] INFO  server.RaftServerConfigKeys (ConfUtils.java:logGet(44)) - raft.server.log.preallocated.size = 16384 (custom)
2021-08-17 01:35:20,059 [pool-411-thread-1] INFO  server.RaftServerConfigKeys (ConfUtils.java:logGet(44)) - raft.server.log.force.sync.num = 128 (default)
2021-08-17 01:35:20,059 [pool-411-thread-1] INFO  server.RaftServerConfigKeys (ConfUtils.java:logGet(44)) - raft.server.log.statemachine.data.sync = true (default)
2021-08-17 01:35:20,059 [pool-411-thread-1] INFO  server.RaftServerConfigKeys (ConfUtils.java:logGet(44)) - raft.server.log.statemachine.data.sync.timeout = 10s (default)
2021-08-17 01:35:20,059 [pool-411-thread-1] INFO  server.RaftServerConfigKeys (ConfUtils.java:logGet(44)) - raft.server.log.statemachine.data.sync.timeout.retry = -1 (default)
2021-08-17 01:35:20,060 [pool-411-thread-1] INFO  server.RaftServerConfigKeys (ConfUtils.java:logGet(44)) - raft.server.log.write.buffer.size = 1048576 (custom)
2021-08-17 01:35:20,061 [pool-411-thread-1] INFO  server.RaftServerConfigKeys (ConfUtils.java:logGet(44)) - raft.server.log.statemachine.data.caching.enabled = true (custom)
2021-08-17 01:35:20,061 [pool-411-thread-1] INFO  segmented.SegmentedRaftLogWorker (SegmentedRaftLogWorker.java:lambda$new$0(133)) - a55de8bf-208c-4c68-aafe-7443929fbf97@group-50CCF1FD7DAD-SegmentedRaftLogWorker: flushIndex: setUnconditionally 0 -> -1
2021-08-17 01:35:20,061 [pool-411-thread-1] INFO  segmented.SegmentedRaftLogWorker (SegmentedRaftLogWorker.java:lambda$new$0(133)) - a55de8bf-208c-4c68-aafe-7443929fbf97@group-50CCF1FD7DAD-SegmentedRaftLogWorker: safeCacheEvictIndex: setUnconditionally 0 -> -1
2021-08-17 01:35:20,071 [pool-411-thread-1] INFO  server.RaftServerConfigKeys (ConfUtils.java:logGet(44)) - raft.server.snapshot.auto.trigger.enabled = true (custom)
2021-08-17 01:35:20,071 [pool-411-thread-1] INFO  server.RaftServerConfigKeys (ConfUtils.java:logGet(44)) - raft.server.snapshot.auto.trigger.threshold = 10000 (custom)
2021-08-17 01:35:20,071 [pool-411-thread-1] INFO  server.RaftServerConfigKeys (ConfUtils.java:logGet(44)) - raft.server.snapshot.retention.file.num = 5 (custom)
2021-08-17 01:35:20,071 [pool-411-thread-1] INFO  server.RaftServerConfigKeys (ConfUtils.java:logGet(44)) - raft.server.log.purge.upto.snapshot.index = false (default)
2021-08-17 01:35:20,071 [pool-411-thread-1] INFO  server.RaftServerConfigKeys (ConfUtils.java:logGet(44)) - raft.server.retrycache.expirytime = 600000ms (custom)
2021-08-17 01:35:20,071 [pool-411-thread-1] INFO  server.RaftServerConfigKeys (ConfUtils.java:logGet(44)) - raft.server.retrycache.statistics.expirytime = 100μs (default)
2021-08-17 01:35:20,074 [pool-411-thread-1] INFO  server.RaftServer$Division (RaftServerImpl.java:start(296)) - a55de8bf-208c-4c68-aafe-7443929fbf97@group-50CCF1FD7DAD: start as a follower, conf=-1: [45d7e1dd-e053-4260-9313-3ad3abbf49bc|rpc:10.1.0.32:44533|dataStream:|priority:0, a55de8bf-208c-4c68-aafe-7443929fbf97|rpc:10.1.0.32:45995|dataStream:|priority:0, f27f887f-aeec-4d5d-9de4-8fc3f29213c4|rpc:10.1.0.32:38841|dataStream:|priority:1], old=null
2021-08-17 01:35:20,075 [pool-411-thread-1] INFO  server.RaftServer$Division (RaftServerImpl.java:setRole(285)) - a55de8bf-208c-4c68-aafe-7443929fbf97@group-50CCF1FD7DAD: changes role from      null to FOLLOWER at term 0 for startAsFollower
2021-08-17 01:35:20,075 [pool-411-thread-1] INFO  impl.RoleInfo (RoleInfo.java:updateAndGet(130)) - a55de8bf-208c-4c68-aafe-7443929fbf97: start a55de8bf-208c-4c68-aafe-7443929fbf97@group-50CCF1FD7DAD-FollowerState
2021-08-17 01:35:20,076 [pool-411-thread-1] INFO  util.JmxRegister (JmxRegister.java:tryRegister(44)) - Successfully registered JMX Bean with object name Ratis:service=RaftServer,group=group-50CCF1FD7DAD,id=a55de8bf-208c-4c68-aafe-7443929fbf97
2021-08-17 01:35:20,094 [Command processor thread] INFO  server.RaftServer (RaftServerProxy.java:addNew(95)) - 45d7e1dd-e053-4260-9313-3ad3abbf49bc: addNew group-4A5094F1E3DA:[45d7e1dd-e053-4260-9313-3ad3abbf49bc|rpc:10.1.0.32:44533|priority:1] returns group-4A5094F1E3DA:java.util.concurrent.CompletableFuture@262c4ce7[Not completed]
2021-08-17 01:35:20,095 [pool-392-thread-1] INFO  server.RaftServer$Division (RaftServerImpl.java:<init>(181)) - 45d7e1dd-e053-4260-9313-3ad3abbf49bc: new RaftServerImpl for group-4A5094F1E3DA:[45d7e1dd-e053-4260-9313-3ad3abbf49bc|rpc:10.1.0.32:44533|priority:1] with ContainerStateMachine:uninitialized
2021-08-17 01:35:20,095 [pool-392-thread-1] INFO  server.RaftServerConfigKeys (ConfUtils.java:logGet(44)) - raft.server.rpc.timeout.min = 5s (custom)
2021-08-17 01:35:20,095 [pool-392-thread-1] INFO  server.RaftServerConfigKeys (ConfUtils.java:logGet(44)) - raft.server.rpc.timeout.max = 5200ms (custom)
2021-08-17 01:35:20,095 [pool-392-thread-1] INFO  server.RaftServerConfigKeys (ConfUtils.java:logGet(44)) - raft.server.rpc.sleep.time = 25ms (default)
2021-08-17 01:35:20,111 [pool-392-thread-1] INFO  server.RaftServerConfigKeys (ConfUtils.java:logGet(44)) - raft.server.rpc.slowness.timeout = 300s (custom)
2021-08-17 01:35:20,111 [pool-392-thread-1] INFO  server.RaftServerConfigKeys (ConfUtils.java:logGet(44)) - raft.server.leaderelection.leader.step-down.wait-time = 10s (default)
2021-08-17 01:35:20,111 [pool-392-thread-1] INFO  server.RaftServerConfigKeys (ConfUtils.java:logGet(44)) - raft.server.sleep.deviation.threshold = 300ms (default)
2021-08-17 01:35:20,111 [pool-392-thread-1] INFO  server.RaftServerConfigKeys (ConfUtils.java:logGet(44)) - raft.server.log.appender.install.snapshot.enabled = false (custom)
2021-08-17 01:35:20,111 [pool-392-thread-1] INFO  server.RaftServer$Division (ServerState.java:<init>(105)) - 45d7e1dd-e053-4260-9313-3ad3abbf49bc@group-4A5094F1E3DA: ConfigurationManager, init=-1: [45d7e1dd-e053-4260-9313-3ad3abbf49bc|rpc:10.1.0.32:44533|priority:1], old=null, confs=<EMPTY_MAP>
2021-08-17 01:35:20,112 [pool-392-thread-1] INFO  server.RaftServerConfigKeys (ConfUtils.java:logGet(44)) - raft.server.storage.dir = [/home/runner/work/ozone/ozone/hadoop-ozone/integration-test/target/test-dir/MiniOzoneClusterImpl-792c0480-480e-4b9f-8df8-75fa91581c67/datanode-1/data/ratis] (custom)
2021-08-17 01:35:20,112 [pool-392-thread-1] INFO  server.RaftServerConfigKeys (ConfUtils.java:logGet(44)) - raft.server.log.corruption.policy = EXCEPTION (default)
2021-08-17 01:35:20,112 [pool-392-thread-1] INFO  server.RaftServerConfigKeys (ConfUtils.java:logGet(44)) - raft.server.storage.free-space.min = 0MB (=0) (default)
2021-08-17 01:35:20,112 [pool-392-thread-1] INFO  storage.RaftStorageDirectory (RaftStorageDirectoryImpl.java:analyzeStorage(135)) - The storage directory /home/runner/work/ozone/ozone/hadoop-ozone/integration-test/target/test-dir/MiniOzoneClusterImpl-792c0480-480e-4b9f-8df8-75fa91581c67/datanode-1/data/ratis/83e8a4a5-f51d-46cc-95f4-4a5094f1e3da does not exist. Creating ...
2021-08-17 01:35:20,113 [Command processor thread] INFO  commandhandler.CreatePipelineCommandHandler (CreatePipelineCommandHandler.java:handle(106)) - Created Pipeline RATIS THREE PipelineID=cb3b522b-73b4-45bb-8027-50ccf1fd7dad.
2021-08-17 01:35:20,114 [Command processor thread] INFO  server.RaftServer (RaftServerProxy.java:addNew(95)) - f27f887f-aeec-4d5d-9de4-8fc3f29213c4: addNew group-29FE27788325:[45d7e1dd-e053-4260-9313-3ad3abbf49bc|rpc:10.1.0.32:44533|priority:0, a55de8bf-208c-4c68-aafe-7443929fbf97|rpc:10.1.0.32:45995|priority:1, f27f887f-aeec-4d5d-9de4-8fc3f29213c4|rpc:10.1.0.32:38841|priority:0] returns group-29FE27788325:java.util.concurrent.CompletableFuture@3fc588c3[Not completed]
2021-08-17 01:35:20,114 [pool-373-thread-1] INFO  server.RaftServer$Division (RaftServerImpl.java:<init>(181)) - f27f887f-aeec-4d5d-9de4-8fc3f29213c4: new RaftServerImpl for group-29FE27788325:[45d7e1dd-e053-4260-9313-3ad3abbf49bc|rpc:10.1.0.32:44533|priority:0, a55de8bf-208c-4c68-aafe-7443929fbf97|rpc:10.1.0.32:45995|priority:1, f27f887f-aeec-4d5d-9de4-8fc3f29213c4|rpc:10.1.0.32:38841|priority:0] with ContainerStateMachine:uninitialized
2021-08-17 01:35:20,114 [pool-373-thread-1] INFO  server.RaftServerConfigKeys (ConfUtils.java:logGet(44)) - raft.server.rpc.timeout.min = 5s (custom)
2021-08-17 01:35:20,114 [pool-373-thread-1] INFO  server.RaftServerConfigKeys (ConfUtils.java:logGet(44)) - raft.server.rpc.timeout.max = 5200ms (custom)
2021-08-17 01:35:20,114 [pool-373-thread-1] INFO  server.RaftServerConfigKeys (ConfUtils.java:logGet(44)) - raft.server.rpc.sleep.time = 25ms (default)
2021-08-17 01:35:20,114 [pool-373-thread-1] INFO  server.RaftServerConfigKeys (ConfUtils.java:logGet(44)) - raft.server.rpc.slowness.timeout = 300s (custom)
2021-08-17 01:35:20,115 [pool-373-thread-1] INFO  server.RaftServerConfigKeys (ConfUtils.java:logGet(44)) - raft.server.leaderelection.leader.step-down.wait-time = 10s (default)
2021-08-17 01:35:20,115 [pool-373-thread-1] INFO  server.RaftServerConfigKeys (ConfUtils.java:logGet(44)) - raft.server.sleep.deviation.threshold = 300ms (default)
2021-08-17 01:35:20,115 [pool-373-thread-1] INFO  server.RaftServerConfigKeys (ConfUtils.java:logGet(44)) - raft.server.log.appender.install.snapshot.enabled = false (custom)
2021-08-17 01:35:20,115 [pool-373-thread-1] INFO  server.RaftServer$Division (ServerState.java:<init>(105)) - f27f887f-aeec-4d5d-9de4-8fc3f29213c4@group-29FE27788325: ConfigurationManager, init=-1: [45d7e1dd-e053-4260-9313-3ad3abbf49bc|rpc:10.1.0.32:44533|priority:0, a55de8bf-208c-4c68-aafe-7443929fbf97|rpc:10.1.0.32:45995|priority:1, f27f887f-aeec-4d5d-9de4-8fc3f29213c4|rpc:10.1.0.32:38841|priority:0], old=null, confs=<EMPTY_MAP>
2021-08-17 01:35:20,115 [pool-373-thread-1] INFO  server.RaftServerConfigKeys (ConfUtils.java:logGet(44)) - raft.server.storage.dir = [/home/runner/work/ozone/ozone/hadoop-ozone/integration-test/target/test-dir/MiniOzoneClusterImpl-792c0480-480e-4b9f-8df8-75fa91581c67/datanode-0/data/ratis] (custom)
2021-08-17 01:35:20,115 [pool-373-thread-1] INFO  server.RaftServerConfigKeys (ConfUtils.java:logGet(44)) - raft.server.log.corruption.policy = EXCEPTION (default)
2021-08-17 01:35:20,115 [pool-373-thread-1] INFO  server.RaftServerConfigKeys (ConfUtils.java:logGet(44)) - raft.server.storage.free-space.min = 0MB (=0) (default)
2021-08-17 01:35:20,115 [pool-373-thread-1] INFO  storage.RaftStorageDirectory (RaftStorageDirectoryImpl.java:analyzeStorage(135)) - The storage directory /home/runner/work/ozone/ozone/hadoop-ozone/integration-test/target/test-dir/MiniOzoneClusterImpl-792c0480-480e-4b9f-8df8-75fa91581c67/datanode-0/data/ratis/6666189b-4409-47af-9fe1-29fe27788325 does not exist. Creating ...
2021-08-17 01:35:20,117 [pool-373-thread-1] INFO  storage.RaftStorageDirectory (RaftStorageDirectoryImpl.java:tryLock(230)) - Lock on /home/runner/work/ozone/ozone/hadoop-ozone/integration-test/target/test-dir/MiniOzoneClusterImpl-792c0480-480e-4b9f-8df8-75fa91581c67/datanode-0/data/ratis/6666189b-4409-47af-9fe1-29fe27788325/in_use.lock acquired by nodename 21368@fv-az195-965
2021-08-17 01:35:20,126 [pool-392-thread-1] INFO  storage.RaftStorageDirectory (RaftStorageDirectoryImpl.java:tryLock(230)) - Lock on /home/runner/work/ozone/ozone/hadoop-ozone/integration-test/target/test-dir/MiniOzoneClusterImpl-792c0480-480e-4b9f-8df8-75fa91581c67/datanode-1/data/ratis/83e8a4a5-f51d-46cc-95f4-4a5094f1e3da/in_use.lock acquired by nodename 21368@fv-az195-965
2021-08-17 01:35:20,127 [pool-392-thread-1] INFO  storage.RaftStorage (RaftStorageImpl.java:format(89)) - Storage directory /home/runner/work/ozone/ozone/hadoop-ozone/integration-test/target/test-dir/MiniOzoneClusterImpl-792c0480-480e-4b9f-8df8-75fa91581c67/datanode-1/data/ratis/83e8a4a5-f51d-46cc-95f4-4a5094f1e3da has been successfully formatted.
2021-08-17 01:35:20,128 [pool-392-thread-1] INFO  ratis.ContainerStateMachine (ContainerStateMachine.java:loadSnapshot(225)) - group-4A5094F1E3DA: The snapshot info is null. Setting the last applied indexto:(t:0, i:~)
2021-08-17 01:35:20,128 [pool-392-thread-1] INFO  server.RaftServerConfigKeys (ConfUtils.java:logGet(44)) - raft.server.notification.no-leader.timeout = 300s (custom)
2021-08-17 01:35:20,128 [pool-392-thread-1] INFO  server.RaftServerConfigKeys (ConfUtils.java:logGet(44)) - raft.server.log.use.memory = false (default)
2021-08-17 01:35:20,128 [pool-392-thread-1] INFO  server.RaftServerConfigKeys (ConfUtils.java:logGet(44)) - raft.server.log.purge.gap = 1000000 (custom)
2021-08-17 01:35:20,128 [pool-392-thread-1] INFO  server.RaftServerConfigKeys (ConfUtils.java:logGet(44)) - raft.server.log.appender.buffer.byte-limit = 33554432 (custom)
2021-08-17 01:35:20,128 [pool-392-thread-1] INFO  server.RaftServerConfigKeys (ConfUtils.java:logGet(44)) - raft.server.log.segment.size.max = 1048576 (custom)
2021-08-17 01:35:20,128 [pool-392-thread-1] INFO  server.RaftServerConfigKeys (ConfUtils.java:logGet(44)) - raft.server.log.segment.cache.num.max = 2 (custom)
2021-08-17 01:35:20,128 [pool-392-thread-1] INFO  server.RaftServerConfigKeys (ConfUtils.java:logGet(44)) - raft.server.log.segment.cache.size.max = 200MB (=209715200) (default)
2021-08-17 01:35:20,128 [pool-392-thread-1] INFO  segmented.SegmentedRaftLogWorker (SegmentedRaftLogWorker.java:<init>(182)) - new 45d7e1dd-e053-4260-9313-3ad3abbf49bc@group-4A5094F1E3DA-SegmentedRaftLogWorker for RaftStorageImpl:Storage Directory /home/runner/work/ozone/ozone/hadoop-ozone/integration-test/target/test-dir/MiniOzoneClusterImpl-792c0480-480e-4b9f-8df8-75fa91581c67/datanode-1/data/ratis/83e8a4a5-f51d-46cc-95f4-4a5094f1e3da
2021-08-17 01:35:20,128 [pool-392-thread-1] INFO  server.RaftServerConfigKeys (ConfUtils.java:logGet(44)) - raft.server.log.queue.byte-limit = 2147483647 (custom)
2021-08-17 01:35:20,129 [pool-392-thread-1] INFO  server.RaftServerConfigKeys (ConfUtils.java:logGet(44)) - raft.server.log.queue.element-limit = 1024 (custom)
2021-08-17 01:35:20,129 [pool-392-thread-1] INFO  server.RaftServerConfigKeys (ConfUtils.java:logGet(44)) - raft.server.log.segment.size.max = 1048576 (custom)
2021-08-17 01:35:20,129 [pool-392-thread-1] INFO  server.RaftServerConfigKeys (ConfUtils.java:logGet(44)) - raft.server.log.preallocated.size = 16384 (custom)
2021-08-17 01:35:20,129 [pool-392-thread-1] INFO  server.RaftServerConfigKeys (ConfUtils.java:logGet(44)) - raft.server.log.force.sync.num = 128 (default)
2021-08-17 01:35:20,129 [pool-392-thread-1] INFO  server.RaftServerConfigKeys (ConfUtils.java:logGet(44)) - raft.server.log.statemachine.data.sync = true (default)
2021-08-17 01:35:20,129 [pool-392-thread-1] INFO  server.RaftServerConfigKeys (ConfUtils.java:logGet(44)) - raft.server.log.statemachine.data.sync.timeout = 10s (default)
2021-08-17 01:35:20,129 [pool-392-thread-1] INFO  server.RaftServerConfigKeys (ConfUtils.java:logGet(44)) - raft.server.log.statemachine.data.sync.timeout.retry = -1 (default)
2021-08-17 01:35:20,129 [pool-392-thread-1] INFO  server.RaftServerConfigKeys (ConfUtils.java:logGet(44)) - raft.server.log.write.buffer.size = 1048576 (custom)
2021-08-17 01:35:20,130 [pool-392-thread-1] INFO  server.RaftServerConfigKeys (ConfUtils.java:logGet(44)) - raft.server.log.statemachine.data.caching.enabled = true (custom)
2021-08-17 01:35:20,130 [pool-392-thread-1] INFO  segmented.SegmentedRaftLogWorker (SegmentedRaftLogWorker.java:lambda$new$0(133)) - 45d7e1dd-e053-4260-9313-3ad3abbf49bc@group-4A5094F1E3DA-SegmentedRaftLogWorker: flushIndex: setUnconditionally 0 -> -1
2021-08-17 01:35:20,130 [pool-392-thread-1] INFO  segmented.SegmentedRaftLogWorker (SegmentedRaftLogWorker.java:lambda$new$0(133)) - 45d7e1dd-e053-4260-9313-3ad3abbf49bc@group-4A5094F1E3DA-SegmentedRaftLogWorker: safeCacheEvictIndex: setUnconditionally 0 -> -1
2021-08-17 01:35:20,130 [pool-373-thread-1] INFO  storage.RaftStorage (RaftStorageImpl.java:format(89)) - Storage directory /home/runner/work/ozone/ozone/hadoop-ozone/integration-test/target/test-dir/MiniOzoneClusterImpl-792c0480-480e-4b9f-8df8-75fa91581c67/datanode-0/data/ratis/6666189b-4409-47af-9fe1-29fe27788325 has been successfully formatted.
2021-08-17 01:35:20,152 [pool-392-thread-1] INFO  server.RaftServerConfigKeys (ConfUtils.java:logGet(44)) - raft.server.snapshot.auto.trigger.enabled = true (custom)
2021-08-17 01:35:20,152 [pool-392-thread-1] INFO  server.RaftServerConfigKeys (ConfUtils.java:logGet(44)) - raft.server.snapshot.auto.trigger.threshold = 10000 (custom)
2021-08-17 01:35:20,152 [pool-392-thread-1] INFO  server.RaftServerConfigKeys (ConfUtils.java:logGet(44)) - raft.server.snapshot.retention.file.num = 5 (custom)
2021-08-17 01:35:20,152 [pool-392-thread-1] INFO  server.RaftServerConfigKeys (ConfUtils.java:logGet(44)) - raft.server.log.purge.upto.snapshot.index = false (default)
2021-08-17 01:35:20,152 [pool-392-thread-1] INFO  server.RaftServerConfigKeys (ConfUtils.java:logGet(44)) - raft.server.retrycache.expirytime = 600000ms (custom)
2021-08-17 01:35:20,152 [pool-392-thread-1] INFO  server.RaftServerConfigKeys (ConfUtils.java:logGet(44)) - raft.server.retrycache.statistics.expirytime = 100μs (default)
2021-08-17 01:35:20,153 [pool-392-thread-1] INFO  server.RaftServer$Division (RaftServerImpl.java:start(296)) - 45d7e1dd-e053-4260-9313-3ad3abbf49bc@group-4A5094F1E3DA: start as a follower, conf=-1: [45d7e1dd-e053-4260-9313-3ad3abbf49bc|rpc:10.1.0.32:44533|priority:1], old=null
2021-08-17 01:35:20,153 [pool-392-thread-1] INFO  server.RaftServer$Division (RaftServerImpl.java:setRole(285)) - 45d7e1dd-e053-4260-9313-3ad3abbf49bc@group-4A5094F1E3DA: changes role from      null to FOLLOWER at term 0 for startAsFollower
2021-08-17 01:35:20,153 [pool-392-thread-1] INFO  impl.RoleInfo (RoleInfo.java:updateAndGet(130)) - 45d7e1dd-e053-4260-9313-3ad3abbf49bc: start 45d7e1dd-e053-4260-9313-3ad3abbf49bc@group-4A5094F1E3DA-FollowerState
2021-08-17 01:35:20,171 [pool-392-thread-1] INFO  util.JmxRegister (JmxRegister.java:tryRegister(44)) - Successfully registered JMX Bean with object name Ratis:service=RaftServer,group=group-4A5094F1E3DA,id=45d7e1dd-e053-4260-9313-3ad3abbf49bc
2021-08-17 01:35:20,177 [pool-373-thread-1] INFO  ratis.ContainerStateMachine (ContainerStateMachine.java:loadSnapshot(225)) - group-29FE27788325: The snapshot info is null. Setting the last applied indexto:(t:0, i:~)
2021-08-17 01:35:20,177 [pool-373-thread-1] INFO  server.RaftServerConfigKeys (ConfUtils.java:logGet(44)) - raft.server.notification.no-leader.timeout = 300s (custom)
2021-08-17 01:35:20,177 [pool-373-thread-1] INFO  server.RaftServerConfigKeys (ConfUtils.java:logGet(44)) - raft.server.log.use.memory = false (default)
2021-08-17 01:35:20,177 [pool-373-thread-1] INFO  server.RaftServerConfigKeys (ConfUtils.java:logGet(44)) - raft.server.log.purge.gap = 1000000 (custom)
2021-08-17 01:35:20,177 [pool-373-thread-1] INFO  server.RaftServerConfigKeys (ConfUtils.java:logGet(44)) - raft.server.log.appender.buffer.byte-limit = 33554432 (custom)
2021-08-17 01:35:20,177 [pool-373-thread-1] INFO  server.RaftServerConfigKeys (ConfUtils.java:logGet(44)) - raft.server.log.segment.size.max = 1048576 (custom)
2021-08-17 01:35:20,178 [pool-373-thread-1] INFO  server.RaftServerConfigKeys (ConfUtils.java:logGet(44)) - raft.server.log.segment.cache.num.max = 2 (custom)
2021-08-17 01:35:20,178 [pool-373-thread-1] INFO  server.RaftServerConfigKeys (ConfUtils.java:logGet(44)) - raft.server.log.segment.cache.size.max = 200MB (=209715200) (default)
2021-08-17 01:35:20,178 [pool-373-thread-1] INFO  segmented.SegmentedRaftLogWorker (SegmentedRaftLogWorker.java:<init>(182)) - new f27f887f-aeec-4d5d-9de4-8fc3f29213c4@group-29FE27788325-SegmentedRaftLogWorker for RaftStorageImpl:Storage Directory /home/runner/work/ozone/ozone/hadoop-ozone/integration-test/target/test-dir/MiniOzoneClusterImpl-792c0480-480e-4b9f-8df8-75fa91581c67/datanode-0/data/ratis/6666189b-4409-47af-9fe1-29fe27788325
2021-08-17 01:35:20,178 [pool-373-thread-1] INFO  server.RaftServerConfigKeys (ConfUtils.java:logGet(44)) - raft.server.log.queue.byte-limit = 2147483647 (custom)
2021-08-17 01:35:20,178 [pool-373-thread-1] INFO  server.RaftServerConfigKeys (ConfUtils.java:logGet(44)) - raft.server.log.queue.element-limit = 1024 (custom)
2021-08-17 01:35:20,178 [pool-373-thread-1] INFO  server.RaftServerConfigKeys (ConfUtils.java:logGet(44)) - raft.server.log.segment.size.max = 1048576 (custom)
2021-08-17 01:35:20,178 [pool-373-thread-1] INFO  server.RaftServerConfigKeys (ConfUtils.java:logGet(44)) - raft.server.log.preallocated.size = 16384 (custom)
2021-08-17 01:35:20,178 [pool-373-thread-1] INFO  server.RaftServerConfigKeys (ConfUtils.java:logGet(44)) - raft.server.log.force.sync.num = 128 (default)
2021-08-17 01:35:20,178 [pool-373-thread-1] INFO  server.RaftServerConfigKeys (ConfUtils.java:logGet(44)) - raft.server.log.statemachine.data.sync = true (default)
2021-08-17 01:35:20,178 [pool-373-thread-1] INFO  server.RaftServerConfigKeys (ConfUtils.java:logGet(44)) - raft.server.log.statemachine.data.sync.timeout = 10s (default)
2021-08-17 01:35:20,178 [pool-373-thread-1] INFO  server.RaftServerConfigKeys (ConfUtils.java:logGet(44)) - raft.server.log.statemachine.data.sync.timeout.retry = -1 (default)
2021-08-17 01:35:20,178 [Command processor thread] INFO  ratis.XceiverServerRatis (XceiverServerRatis.java:addGroup(763)) - Created group PipelineID=83e8a4a5-f51d-46cc-95f4-4a5094f1e3da
2021-08-17 01:35:20,178 [Command processor thread] INFO  commandhandler.CreatePipelineCommandHandler (CreatePipelineCommandHandler.java:handle(106)) - Created Pipeline RATIS ONE PipelineID=83e8a4a5-f51d-46cc-95f4-4a5094f1e3da.
2021-08-17 01:35:20,178 [Command processor thread] INFO  server.RaftServer (RaftServerProxy.java:addNew(95)) - 45d7e1dd-e053-4260-9313-3ad3abbf49bc: addNew group-29FE27788325:[45d7e1dd-e053-4260-9313-3ad3abbf49bc|rpc:10.1.0.32:44533|priority:0, a55de8bf-208c-4c68-aafe-7443929fbf97|rpc:10.1.0.32:45995|priority:1, f27f887f-aeec-4d5d-9de4-8fc3f29213c4|rpc:10.1.0.32:38841|priority:0] returns group-29FE27788325:java.util.concurrent.CompletableFuture@28ebb652[Not completed]
2021-08-17 01:35:20,178 [Datanode State Machine Thread - 0] WARN  statemachine.StateContext (StateContext.java:execute(621)) - No available thread in pool for past 1 seconds.
2021-08-17 01:35:20,179 [EventQueue-PipelineReportForPipelineReportHandler] INFO  pipeline.PipelineManagerImpl (PipelineManagerImpl.java:openPipeline(283)) - Pipeline Pipeline[ Id: 83e8a4a5-f51d-46cc-95f4-4a5094f1e3da, Nodes: 45d7e1dd-e053-4260-9313-3ad3abbf49bc{ip: 10.1.0.32, host: fv-az195-965.u3nnjwd0vyge1bu22idnsdeq2e.cx.internal.cloudapp.net, ports: [REPLICATION=39145, RATIS=44533, RATIS_ADMIN=44533, RATIS_SERVER=44533, STANDALONE=42493], networkLocation: /default-rack, certSerialId: null, persistedOpState: IN_SERVICE, persistedOpStateExpiryEpochSec: 0}, ReplicationConfig: RATIS/ONE, State:ALLOCATED, leaderId:45d7e1dd-e053-4260-9313-3ad3abbf49bc, CreationTimestamp2021-08-17T01:35:17.105Z[Etc/UTC]] moved to OPEN state
2021-08-17 01:35:20,180 [EventQueue-OpenPipelineForHealthyPipelineSafeModeRule] INFO  safemode.SCMSafeModeManager (HealthyPipelineSafeModeRule.java:process(124)) - SCM in safe mode. Healthy pipelines reported count is 0, required healthy pipeline reported count is 1
2021-08-17 01:35:20,181 [pool-392-thread-1] INFO  server.RaftServer$Division (RaftServerImpl.java:<init>(181)) - 45d7e1dd-e053-4260-9313-3ad3abbf49bc: new RaftServerImpl for group-29FE27788325:[45d7e1dd-e053-4260-9313-3ad3abbf49bc|rpc:10.1.0.32:44533|priority:0, a55de8bf-208c-4c68-aafe-7443929fbf97|rpc:10.1.0.32:45995|priority:1, f27f887f-aeec-4d5d-9de4-8fc3f29213c4|rpc:10.1.0.32:38841|priority:0] with ContainerStateMachine:uninitialized
2021-08-17 01:35:20,182 [pool-392-thread-1] INFO  server.RaftServerConfigKeys (ConfUtils.java:logGet(44)) - raft.server.rpc.timeout.min = 5s (custom)
2021-08-17 01:35:20,182 [pool-392-thread-1] INFO  server.RaftServerConfigKeys (ConfUtils.java:logGet(44)) - raft.server.rpc.timeout.max = 5200ms (custom)
2021-08-17 01:35:20,182 [pool-392-thread-1] INFO  server.RaftServerConfigKeys (ConfUtils.java:logGet(44)) - raft.server.rpc.sleep.time = 25ms (default)
2021-08-17 01:35:20,182 [pool-392-thread-1] INFO  server.RaftServerConfigKeys (ConfUtils.java:logGet(44)) - raft.server.rpc.slowness.timeout = 300s (custom)
2021-08-17 01:35:20,182 [pool-392-thread-1] INFO  server.RaftServerConfigKeys (ConfUtils.java:logGet(44)) - raft.server.leaderelection.leader.step-down.wait-time = 10s (default)
2021-08-17 01:35:20,182 [pool-392-thread-1] INFO  server.RaftServerConfigKeys (ConfUtils.java:logGet(44)) - raft.server.sleep.deviation.threshold = 300ms (default)
2021-08-17 01:35:20,193 [pool-373-thread-1] INFO  server.RaftServerConfigKeys (ConfUtils.java:logGet(44)) - raft.server.log.write.buffer.size = 1048576 (custom)
2021-08-17 01:35:20,193 [pool-373-thread-1] INFO  server.RaftServerConfigKeys (ConfUtils.java:logGet(44)) - raft.server.log.statemachine.data.caching.enabled = true (custom)
2021-08-17 01:35:20,194 [pool-373-thread-1] INFO  segmented.SegmentedRaftLogWorker (SegmentedRaftLogWorker.java:lambda$new$0(133)) - f27f887f-aeec-4d5d-9de4-8fc3f29213c4@group-29FE27788325-SegmentedRaftLogWorker: flushIndex: setUnconditionally 0 -> -1
2021-08-17 01:35:20,194 [pool-373-thread-1] INFO  segmented.SegmentedRaftLogWorker (SegmentedRaftLogWorker.java:lambda$new$0(133)) - f27f887f-aeec-4d5d-9de4-8fc3f29213c4@group-29FE27788325-SegmentedRaftLogWorker: safeCacheEvictIndex: setUnconditionally 0 -> -1
2021-08-17 01:35:20,194 [pool-392-thread-1] INFO  server.RaftServerConfigKeys (ConfUtils.java:logGet(44)) - raft.server.log.appender.install.snapshot.enabled = false (custom)
2021-08-17 01:35:20,194 [pool-392-thread-1] INFO  server.RaftServer$Division (ServerState.java:<init>(105)) - 45d7e1dd-e053-4260-9313-3ad3abbf49bc@group-29FE27788325: ConfigurationManager, init=-1: [45d7e1dd-e053-4260-9313-3ad3abbf49bc|rpc:10.1.0.32:44533|priority:0, a55de8bf-208c-4c68-aafe-7443929fbf97|rpc:10.1.0.32:45995|priority:1, f27f887f-aeec-4d5d-9de4-8fc3f29213c4|rpc:10.1.0.32:38841|priority:0], old=null, confs=<EMPTY_MAP>
2021-08-17 01:35:20,194 [pool-392-thread-1] INFO  server.RaftServerConfigKeys (ConfUtils.java:logGet(44)) - raft.server.storage.dir = [/home/runner/work/ozone/ozone/hadoop-ozone/integration-test/target/test-dir/MiniOzoneClusterImpl-792c0480-480e-4b9f-8df8-75fa91581c67/datanode-1/data/ratis] (custom)
2021-08-17 01:35:20,195 [pool-392-thread-1] INFO  server.RaftServerConfigKeys (ConfUtils.java:logGet(44)) - raft.server.log.corruption.policy = EXCEPTION (default)
2021-08-17 01:35:20,195 [pool-392-thread-1] INFO  server.RaftServerConfigKeys (ConfUtils.java:logGet(44)) - raft.server.storage.free-space.min = 0MB (=0) (default)
2021-08-17 01:35:20,195 [pool-392-thread-1] INFO  storage.RaftStorageDirectory (RaftStorageDirectoryImpl.java:analyzeStorage(135)) - The storage directory /home/runner/work/ozone/ozone/hadoop-ozone/integration-test/target/test-dir/MiniOzoneClusterImpl-792c0480-480e-4b9f-8df8-75fa91581c67/datanode-1/data/ratis/6666189b-4409-47af-9fe1-29fe27788325 does not exist. Creating ...
2021-08-17 01:35:20,198 [pool-392-thread-1] INFO  storage.RaftStorageDirectory (RaftStorageDirectoryImpl.java:tryLock(230)) - Lock on /home/runner/work/ozone/ozone/hadoop-ozone/integration-test/target/test-dir/MiniOzoneClusterImpl-792c0480-480e-4b9f-8df8-75fa91581c67/datanode-1/data/ratis/6666189b-4409-47af-9fe1-29fe27788325/in_use.lock acquired by nodename 21368@fv-az195-965
2021-08-17 01:35:20,199 [pool-373-thread-1] INFO  server.RaftServerConfigKeys (ConfUtils.java:logGet(44)) - raft.server.snapshot.auto.trigger.enabled = true (custom)
2021-08-17 01:35:20,199 [pool-373-thread-1] INFO  server.RaftServerConfigKeys (ConfUtils.java:logGet(44)) - raft.server.snapshot.auto.trigger.threshold = 10000 (custom)
2021-08-17 01:35:20,200 [pool-373-thread-1] INFO  server.RaftServerConfigKeys (ConfUtils.java:logGet(44)) - raft.server.snapshot.retention.file.num = 5 (custom)
2021-08-17 01:35:20,200 [pool-373-thread-1] INFO  server.RaftServerConfigKeys (ConfUtils.java:logGet(44)) - raft.server.log.purge.upto.snapshot.index = false (default)
2021-08-17 01:35:20,200 [pool-373-thread-1] INFO  server.RaftServerConfigKeys (ConfUtils.java:logGet(44)) - raft.server.retrycache.expirytime = 600000ms (custom)
2021-08-17 01:35:20,200 [pool-373-thread-1] INFO  server.RaftServerConfigKeys (ConfUtils.java:logGet(44)) - raft.server.retrycache.statistics.expirytime = 100μs (default)
2021-08-17 01:35:20,201 [pool-373-thread-1] INFO  server.RaftServer$Division (RaftServerImpl.java:start(296)) - f27f887f-aeec-4d5d-9de4-8fc3f29213c4@group-29FE27788325: start as a follower, conf=-1: [45d7e1dd-e053-4260-9313-3ad3abbf49bc|rpc:10.1.0.32:44533|priority:0, a55de8bf-208c-4c68-aafe-7443929fbf97|rpc:10.1.0.32:45995|priority:1, f27f887f-aeec-4d5d-9de4-8fc3f29213c4|rpc:10.1.0.32:38841|priority:0], old=null
2021-08-17 01:35:20,201 [pool-373-thread-1] INFO  server.RaftServer$Division (RaftServerImpl.java:setRole(285)) - f27f887f-aeec-4d5d-9de4-8fc3f29213c4@group-29FE27788325: changes role from      null to FOLLOWER at term 0 for startAsFollower
2021-08-17 01:35:20,201 [pool-373-thread-1] INFO  impl.RoleInfo (RoleInfo.java:updateAndGet(130)) - f27f887f-aeec-4d5d-9de4-8fc3f29213c4: start f27f887f-aeec-4d5d-9de4-8fc3f29213c4@group-29FE27788325-FollowerState
2021-08-17 01:35:20,201 [EventQueue-OpenPipelineForHealthyPipelineSafeModeRule] INFO  safemode.SCMSafeModeManager (HealthyPipelineSafeModeRule.java:process(124)) - SCM in safe mode. Healthy pipelines reported count is 0, required healthy pipeline reported count is 1
2021-08-17 01:35:20,201 [pool-392-thread-1] INFO  storage.RaftStorage (RaftStorageImpl.java:format(89)) - Storage directory /home/runner/work/ozone/ozone/hadoop-ozone/integration-test/target/test-dir/MiniOzoneClusterImpl-792c0480-480e-4b9f-8df8-75fa91581c67/datanode-1/data/ratis/6666189b-4409-47af-9fe1-29fe27788325 has been successfully formatted.
2021-08-17 01:35:20,201 [pool-373-thread-1] INFO  util.JmxRegister (JmxRegister.java:tryRegister(44)) - Successfully registered JMX Bean with object name Ratis:service=RaftServer,group=group-29FE27788325,id=f27f887f-aeec-4d5d-9de4-8fc3f29213c4
2021-08-17 01:35:20,202 [Command processor thread] INFO  ratis.XceiverServerRatis (XceiverServerRatis.java:addGroup(763)) - Created group PipelineID=6666189b-4409-47af-9fe1-29fe27788325
2021-08-17 01:35:20,220 [grpc-default-executor-0] INFO  server.RaftServer (RaftServerProxy.java:addNew(95)) - a55de8bf-208c-4c68-aafe-7443929fbf97: addNew group-29FE27788325:[45d7e1dd-e053-4260-9313-3ad3abbf49bc|rpc:10.1.0.32:44533|dataStream:|priority:0, a55de8bf-208c-4c68-aafe-7443929fbf97|rpc:10.1.0.32:45995|dataStream:|priority:1, f27f887f-aeec-4d5d-9de4-8fc3f29213c4|rpc:10.1.0.32:38841|dataStream:|priority:0] returns group-29FE27788325:java.util.concurrent.CompletableFuture@291de665[Not completed]
2021-08-17 01:35:20,221 [pool-411-thread-1] INFO  server.RaftServer$Division (RaftServerImpl.java:<init>(181)) - a55de8bf-208c-4c68-aafe-7443929fbf97: new RaftServerImpl for group-29FE27788325:[45d7e1dd-e053-4260-9313-3ad3abbf49bc|rpc:10.1.0.32:44533|dataStream:|priority:0, a55de8bf-208c-4c68-aafe-7443929fbf97|rpc:10.1.0.32:45995|dataStream:|priority:1, f27f887f-aeec-4d5d-9de4-8fc3f29213c4|rpc:10.1.0.32:38841|dataStream:|priority:0] with ContainerStateMachine:uninitialized
2021-08-17 01:35:20,221 [pool-411-thread-1] INFO  server.RaftServerConfigKeys (ConfUtils.java:logGet(44)) - raft.server.rpc.timeout.min = 5s (custom)
2021-08-17 01:35:20,221 [pool-411-thread-1] INFO  server.RaftServerConfigKeys (ConfUtils.java:logGet(44)) - raft.server.rpc.timeout.max = 5200ms (custom)
2021-08-17 01:35:20,221 [pool-411-thread-1] INFO  server.RaftServerConfigKeys (ConfUtils.java:logGet(44)) - raft.server.rpc.sleep.time = 25ms (default)
2021-08-17 01:35:20,221 [pool-411-thread-1] INFO  server.RaftServerConfigKeys (ConfUtils.java:logGet(44)) - raft.server.rpc.slowness.timeout = 300s (custom)
2021-08-17 01:35:20,221 [pool-411-thread-1] INFO  server.RaftServerConfigKeys (ConfUtils.java:logGet(44)) - raft.server.leaderelection.leader.step-down.wait-time = 10s (default)
2021-08-17 01:35:20,221 [pool-411-thread-1] INFO  server.RaftServerConfigKeys (ConfUtils.java:logGet(44)) - raft.server.sleep.deviation.threshold = 300ms (default)
2021-08-17 01:35:20,221 [pool-411-thread-1] INFO  server.RaftServerConfigKeys (ConfUtils.java:logGet(44)) - raft.server.log.appender.install.snapshot.enabled = false (custom)
2021-08-17 01:35:20,221 [pool-411-thread-1] INFO  server.RaftServer$Division (ServerState.java:<init>(105)) - a55de8bf-208c-4c68-aafe-7443929fbf97@group-29FE27788325: ConfigurationManager, init=-1: [45d7e1dd-e053-4260-9313-3ad3abbf49bc|rpc:10.1.0.32:44533|dataStream:|priority:0, a55de8bf-208c-4c68-aafe-7443929fbf97|rpc:10.1.0.32:45995|dataStream:|priority:1, f27f887f-aeec-4d5d-9de4-8fc3f29213c4|rpc:10.1.0.32:38841|dataStream:|priority:0], old=null, confs=<EMPTY_MAP>
2021-08-17 01:35:20,221 [pool-411-thread-1] INFO  server.RaftServerConfigKeys (ConfUtils.java:logGet(44)) - raft.server.storage.dir = [/home/runner/work/ozone/ozone/hadoop-ozone/integration-test/target/test-dir/MiniOzoneClusterImpl-792c0480-480e-4b9f-8df8-75fa91581c67/datanode-2/data/ratis] (custom)
2021-08-17 01:35:20,221 [pool-411-thread-1] INFO  server.RaftServerConfigKeys (ConfUtils.java:logGet(44)) - raft.server.log.corruption.policy = EXCEPTION (default)
2021-08-17 01:35:20,221 [pool-411-thread-1] INFO  server.RaftServerConfigKeys (ConfUtils.java:logGet(44)) - raft.server.storage.free-space.min = 0MB (=0) (default)
2021-08-17 01:35:20,221 [pool-411-thread-1] INFO  storage.RaftStorageDirectory (RaftStorageDirectoryImpl.java:analyzeStorage(135)) - The storage directory /home/runner/work/ozone/ozone/hadoop-ozone/integration-test/target/test-dir/MiniOzoneClusterImpl-792c0480-480e-4b9f-8df8-75fa91581c67/datanode-2/data/ratis/6666189b-4409-47af-9fe1-29fe27788325 does not exist. Creating ...
2021-08-17 01:35:20,223 [pool-411-thread-1] INFO  storage.RaftStorageDirectory (RaftStorageDirectoryImpl.java:tryLock(230)) - Lock on /home/runner/work/ozone/ozone/hadoop-ozone/integration-test/target/test-dir/MiniOzoneClusterImpl-792c0480-480e-4b9f-8df8-75fa91581c67/datanode-2/data/ratis/6666189b-4409-47af-9fe1-29fe27788325/in_use.lock acquired by nodename 21368@fv-az195-965
2021-08-17 01:35:20,224 [pool-392-thread-1] INFO  ratis.ContainerStateMachine (ContainerStateMachine.java:loadSnapshot(225)) - group-29FE27788325: The snapshot info is null. Setting the last applied indexto:(t:0, i:~)
2021-08-17 01:35:20,224 [Datanode State Machine Thread - 0] WARN  statemachine.StateContext (StateContext.java:execute(621)) - No available thread in pool for past 1 seconds.
2021-08-17 01:35:20,224 [pool-392-thread-1] INFO  server.RaftServerConfigKeys (ConfUtils.java:logGet(44)) - raft.server.notification.no-leader.timeout = 300s (custom)
2021-08-17 01:35:20,224 [pool-392-thread-1] INFO  server.RaftServerConfigKeys (ConfUtils.java:logGet(44)) - raft.server.log.use.memory = false (default)
2021-08-17 01:35:20,224 [pool-392-thread-1] INFO  server.RaftServerConfigKeys (ConfUtils.java:logGet(44)) - raft.server.log.purge.gap = 1000000 (custom)
2021-08-17 01:35:20,224 [pool-392-thread-1] INFO  server.RaftServerConfigKeys (ConfUtils.java:logGet(44)) - raft.server.log.appender.buffer.byte-limit = 33554432 (custom)
2021-08-17 01:35:20,224 [pool-392-thread-1] INFO  server.RaftServerConfigKeys (ConfUtils.java:logGet(44)) - raft.server.log.segment.size.max = 1048576 (custom)
2021-08-17 01:35:20,224 [pool-392-thread-1] INFO  server.RaftServerConfigKeys (ConfUtils.java:logGet(44)) - raft.server.log.segment.cache.num.max = 2 (custom)
2021-08-17 01:35:20,224 [pool-392-thread-1] INFO  server.RaftServerConfigKeys (ConfUtils.java:logGet(44)) - raft.server.log.segment.cache.size.max = 200MB (=209715200) (default)
2021-08-17 01:35:20,224 [pool-392-thread-1] INFO  segmented.SegmentedRaftLogWorker (SegmentedRaftLogWorker.java:<init>(182)) - new 45d7e1dd-e053-4260-9313-3ad3abbf49bc@group-29FE27788325-SegmentedRaftLogWorker for RaftStorageImpl:Storage Directory /home/runner/work/ozone/ozone/hadoop-ozone/integration-test/target/test-dir/MiniOzoneClusterImpl-792c0480-480e-4b9f-8df8-75fa91581c67/datanode-1/data/ratis/6666189b-4409-47af-9fe1-29fe27788325
2021-08-17 01:35:20,224 [pool-392-thread-1] INFO  server.RaftServerConfigKeys (ConfUtils.java:logGet(44)) - raft.server.log.queue.byte-limit = 2147483647 (custom)
2021-08-17 01:35:20,224 [pool-392-thread-1] INFO  server.RaftServerConfigKeys (ConfUtils.java:logGet(44)) - raft.server.log.queue.element-limit = 1024 (custom)
2021-08-17 01:35:20,225 [pool-392-thread-1] INFO  server.RaftServerConfigKeys (ConfUtils.java:logGet(44)) - raft.server.log.segment.size.max = 1048576 (custom)
2021-08-17 01:35:20,225 [pool-392-thread-1] INFO  server.RaftServerConfigKeys (ConfUtils.java:logGet(44)) - raft.server.log.preallocated.size = 16384 (custom)
2021-08-17 01:35:20,225 [pool-392-thread-1] INFO  server.RaftServerConfigKeys (ConfUtils.java:logGet(44)) - raft.server.log.force.sync.num = 128 (default)
2021-08-17 01:35:20,225 [pool-392-thread-1] INFO  server.RaftServerConfigKeys (ConfUtils.java:logGet(44)) - raft.server.log.statemachine.data.sync = true (default)
2021-08-17 01:35:20,225 [pool-392-thread-1] INFO  server.RaftServerConfigKeys (ConfUtils.java:logGet(44)) - raft.server.log.statemachine.data.sync.timeout = 10s (default)
2021-08-17 01:35:20,225 [pool-392-thread-1] INFO  server.RaftServerConfigKeys (ConfUtils.java:logGet(44)) - raft.server.log.statemachine.data.sync.timeout.retry = -1 (default)
2021-08-17 01:35:20,225 [pool-392-thread-1] INFO  server.RaftServerConfigKeys (ConfUtils.java:logGet(44)) - raft.server.log.write.buffer.size = 1048576 (custom)
2021-08-17 01:35:20,226 [EventQueue-OpenPipelineForHealthyPipelineSafeModeRule] INFO  safemode.SCMSafeModeManager (HealthyPipelineSafeModeRule.java:process(124)) - SCM in safe mode. Healthy pipelines reported count is 0, required healthy pipeline reported count is 1
2021-08-17 01:35:20,227 [pool-392-thread-1] INFO  server.RaftServerConfigKeys (ConfUtils.java:logGet(44)) - raft.server.log.statemachine.data.caching.enabled = true (custom)
2021-08-17 01:35:20,227 [pool-392-thread-1] INFO  segmented.SegmentedRaftLogWorker (SegmentedRaftLogWorker.java:lambda$new$0(133)) - 45d7e1dd-e053-4260-9313-3ad3abbf49bc@group-29FE27788325-SegmentedRaftLogWorker: flushIndex: setUnconditionally 0 -> -1
2021-08-17 01:35:20,227 [pool-392-thread-1] INFO  segmented.SegmentedRaftLogWorker (SegmentedRaftLogWorker.java:lambda$new$0(133)) - 45d7e1dd-e053-4260-9313-3ad3abbf49bc@group-29FE27788325-SegmentedRaftLogWorker: safeCacheEvictIndex: setUnconditionally 0 -> -1
2021-08-17 01:35:20,227 [pool-392-thread-1] INFO  server.RaftServerConfigKeys (ConfUtils.java:logGet(44)) - raft.server.snapshot.auto.trigger.enabled = true (custom)
2021-08-17 01:35:20,227 [pool-392-thread-1] INFO  server.RaftServerConfigKeys (ConfUtils.java:logGet(44)) - raft.server.snapshot.auto.trigger.threshold = 10000 (custom)
2021-08-17 01:35:20,227 [pool-392-thread-1] INFO  server.RaftServerConfigKeys (ConfUtils.java:logGet(44)) - raft.server.snapshot.retention.file.num = 5 (custom)
2021-08-17 01:35:20,227 [pool-392-thread-1] INFO  server.RaftServerConfigKeys (ConfUtils.java:logGet(44)) - raft.server.log.purge.upto.snapshot.index = false (default)
2021-08-17 01:35:20,227 [pool-392-thread-1] INFO  server.RaftServerConfigKeys (ConfUtils.java:logGet(44)) - raft.server.retrycache.expirytime = 600000ms (custom)
2021-08-17 01:35:20,227 [pool-392-thread-1] INFO  server.RaftServerConfigKeys (ConfUtils.java:logGet(44)) - raft.server.retrycache.statistics.expirytime = 100μs (default)
2021-08-17 01:35:20,228 [pool-392-thread-1] INFO  server.RaftServer$Division (RaftServerImpl.java:start(296)) - 45d7e1dd-e053-4260-9313-3ad3abbf49bc@group-29FE27788325: start as a follower, conf=-1: [45d7e1dd-e053-4260-9313-3ad3abbf49bc|rpc:10.1.0.32:44533|priority:0, a55de8bf-208c-4c68-aafe-7443929fbf97|rpc:10.1.0.32:45995|priority:1, f27f887f-aeec-4d5d-9de4-8fc3f29213c4|rpc:10.1.0.32:38841|priority:0], old=null
2021-08-17 01:35:20,228 [pool-392-thread-1] INFO  server.RaftServer$Division (RaftServerImpl.java:setRole(285)) - 45d7e1dd-e053-4260-9313-3ad3abbf49bc@group-29FE27788325: changes role from      null to FOLLOWER at term 0 for startAsFollower
2021-08-17 01:35:20,228 [pool-392-thread-1] INFO  impl.RoleInfo (RoleInfo.java:updateAndGet(130)) - 45d7e1dd-e053-4260-9313-3ad3abbf49bc: start 45d7e1dd-e053-4260-9313-3ad3abbf49bc@group-29FE27788325-FollowerState
2021-08-17 01:35:20,231 [pool-411-thread-1] INFO  storage.RaftStorage (RaftStorageImpl.java:format(89)) - Storage directory /home/runner/work/ozone/ozone/hadoop-ozone/integration-test/target/test-dir/MiniOzoneClusterImpl-792c0480-480e-4b9f-8df8-75fa91581c67/datanode-2/data/ratis/6666189b-4409-47af-9fe1-29fe27788325 has been successfully formatted.
2021-08-17 01:35:20,234 [pool-392-thread-1] INFO  util.JmxRegister (JmxRegister.java:tryRegister(44)) - Successfully registered JMX Bean with object name Ratis:service=RaftServer,group=group-29FE27788325,id=45d7e1dd-e053-4260-9313-3ad3abbf49bc
2021-08-17 01:35:20,235 [pool-411-thread-1] INFO  ratis.ContainerStateMachine (ContainerStateMachine.java:loadSnapshot(225)) - group-29FE27788325: The snapshot info is null. Setting the last applied indexto:(t:0, i:~)
2021-08-17 01:35:20,235 [pool-411-thread-1] INFO  server.RaftServerConfigKeys (ConfUtils.java:logGet(44)) - raft.server.notification.no-leader.timeout = 300s (custom)
2021-08-17 01:35:20,235 [pool-411-thread-1] INFO  server.RaftServerConfigKeys (ConfUtils.java:logGet(44)) - raft.server.log.use.memory = false (default)
2021-08-17 01:35:20,235 [pool-411-thread-1] INFO  server.RaftServerConfigKeys (ConfUtils.java:logGet(44)) - raft.server.log.purge.gap = 1000000 (custom)
2021-08-17 01:35:20,235 [pool-411-thread-1] INFO  server.RaftServerConfigKeys (ConfUtils.java:logGet(44)) - raft.server.log.appender.buffer.byte-limit = 33554432 (custom)
2021-08-17 01:35:20,235 [pool-411-thread-1] INFO  server.RaftServerConfigKeys (ConfUtils.java:logGet(44)) - raft.server.log.segment.size.max = 1048576 (custom)
2021-08-17 01:35:20,235 [pool-411-thread-1] INFO  server.RaftServerConfigKeys (ConfUtils.java:logGet(44)) - raft.server.log.segment.cache.num.max = 2 (custom)
2021-08-17 01:35:20,235 [pool-411-thread-1] INFO  server.RaftServerConfigKeys (ConfUtils.java:logGet(44)) - raft.server.log.segment.cache.size.max = 200MB (=209715200) (default)
2021-08-17 01:35:20,236 [pool-411-thread-1] INFO  segmented.SegmentedRaftLogWorker (SegmentedRaftLogWorker.java:<init>(182)) - new a55de8bf-208c-4c68-aafe-7443929fbf97@group-29FE27788325-SegmentedRaftLogWorker for RaftStorageImpl:Storage Directory /home/runner/work/ozone/ozone/hadoop-ozone/integration-test/target/test-dir/MiniOzoneClusterImpl-792c0480-480e-4b9f-8df8-75fa91581c67/datanode-2/data/ratis/6666189b-4409-47af-9fe1-29fe27788325
2021-08-17 01:35:20,236 [pool-411-thread-1] INFO  server.RaftServerConfigKeys (ConfUtils.java:logGet(44)) - raft.server.log.queue.byte-limit = 2147483647 (custom)
2021-08-17 01:35:20,236 [pool-411-thread-1] INFO  server.RaftServerConfigKeys (ConfUtils.java:logGet(44)) - raft.server.log.queue.element-limit = 1024 (custom)
2021-08-17 01:35:20,236 [pool-411-thread-1] INFO  server.RaftServerConfigKeys (ConfUtils.java:logGet(44)) - raft.server.log.segment.size.max = 1048576 (custom)
2021-08-17 01:35:20,236 [pool-411-thread-1] INFO  server.RaftServerConfigKeys (ConfUtils.java:logGet(44)) - raft.server.log.preallocated.size = 16384 (custom)
2021-08-17 01:35:20,236 [pool-411-thread-1] INFO  server.RaftServerConfigKeys (ConfUtils.java:logGet(44)) - raft.server.log.force.sync.num = 128 (default)
2021-08-17 01:35:20,236 [pool-411-thread-1] INFO  server.RaftServerConfigKeys (ConfUtils.java:logGet(44)) - raft.server.log.statemachine.data.sync = true (default)
2021-08-17 01:35:20,236 [pool-411-thread-1] INFO  server.RaftServerConfigKeys (ConfUtils.java:logGet(44)) - raft.server.log.statemachine.data.sync.timeout = 10s (default)
2021-08-17 01:35:20,236 [pool-411-thread-1] INFO  server.RaftServerConfigKeys (ConfUtils.java:logGet(44)) - raft.server.log.statemachine.data.sync.timeout.retry = -1 (default)
2021-08-17 01:35:20,236 [pool-411-thread-1] INFO  server.RaftServerConfigKeys (ConfUtils.java:logGet(44)) - raft.server.log.write.buffer.size = 1048576 (custom)
2021-08-17 01:35:20,237 [pool-411-thread-1] INFO  server.RaftServerConfigKeys (ConfUtils.java:logGet(44)) - raft.server.log.statemachine.data.caching.enabled = true (custom)
2021-08-17 01:35:20,237 [pool-411-thread-1] INFO  segmented.SegmentedRaftLogWorker (SegmentedRaftLogWorker.java:lambda$new$0(133)) - a55de8bf-208c-4c68-aafe-7443929fbf97@group-29FE27788325-SegmentedRaftLogWorker: flushIndex: setUnconditionally 0 -> -1
2021-08-17 01:35:20,237 [pool-411-thread-1] INFO  segmented.SegmentedRaftLogWorker (SegmentedRaftLogWorker.java:lambda$new$0(133)) - a55de8bf-208c-4c68-aafe-7443929fbf97@group-29FE27788325-SegmentedRaftLogWorker: safeCacheEvictIndex: setUnconditionally 0 -> -1
2021-08-17 01:35:20,237 [Command processor thread] INFO  ratis.XceiverServerRatis (XceiverServerRatis.java:addGroup(763)) - Created group PipelineID=6666189b-4409-47af-9fe1-29fe27788325
2021-08-17 01:35:20,240 [Datanode State Machine Thread - 0] WARN  statemachine.StateContext (StateContext.java:execute(621)) - No available thread in pool for past 1 seconds.
2021-08-17 01:35:20,269 [pool-411-thread-1] INFO  server.RaftServerConfigKeys (ConfUtils.java:logGet(44)) - raft.server.snapshot.auto.trigger.enabled = true (custom)
2021-08-17 01:35:20,269 [pool-411-thread-1] INFO  server.RaftServerConfigKeys (ConfUtils.java:logGet(44)) - raft.server.snapshot.auto.trigger.threshold = 10000 (custom)
2021-08-17 01:35:20,269 [pool-411-thread-1] INFO  server.RaftServerConfigKeys (ConfUtils.java:logGet(44)) - raft.server.snapshot.retention.file.num = 5 (custom)
2021-08-17 01:35:20,269 [pool-411-thread-1] INFO  server.RaftServerConfigKeys (ConfUtils.java:logGet(44)) - raft.server.log.purge.upto.snapshot.index = false (default)
2021-08-17 01:35:20,269 [pool-411-thread-1] INFO  server.RaftServerConfigKeys (ConfUtils.java:logGet(44)) - raft.server.retrycache.expirytime = 600000ms (custom)
2021-08-17 01:35:20,270 [pool-411-thread-1] INFO  server.RaftServerConfigKeys (ConfUtils.java:logGet(44)) - raft.server.retrycache.statistics.expirytime = 100μs (default)
2021-08-17 01:35:20,290 [pool-411-thread-1] INFO  server.RaftServer$Division (RaftServerImpl.java:start(296)) - a55de8bf-208c-4c68-aafe-7443929fbf97@group-29FE27788325: start as a follower, conf=-1: [45d7e1dd-e053-4260-9313-3ad3abbf49bc|rpc:10.1.0.32:44533|dataStream:|priority:0, a55de8bf-208c-4c68-aafe-7443929fbf97|rpc:10.1.0.32:45995|dataStream:|priority:1, f27f887f-aeec-4d5d-9de4-8fc3f29213c4|rpc:10.1.0.32:38841|dataStream:|priority:0], old=null
2021-08-17 01:35:20,290 [pool-411-thread-1] INFO  server.RaftServer$Division (RaftServerImpl.java:setRole(285)) - a55de8bf-208c-4c68-aafe-7443929fbf97@group-29FE27788325: changes role from      null to FOLLOWER at term 0 for startAsFollower
2021-08-17 01:35:20,291 [pool-411-thread-1] INFO  impl.RoleInfo (RoleInfo.java:updateAndGet(130)) - a55de8bf-208c-4c68-aafe-7443929fbf97: start a55de8bf-208c-4c68-aafe-7443929fbf97@group-29FE27788325-FollowerState
2021-08-17 01:35:20,291 [pool-411-thread-1] INFO  util.JmxRegister (JmxRegister.java:tryRegister(44)) - Successfully registered JMX Bean with object name Ratis:service=RaftServer,group=group-29FE27788325,id=a55de8bf-208c-4c68-aafe-7443929fbf97
2021-08-17 01:35:20,477 [Listener at 127.0.0.1/39113] INFO  ozone.MiniOzoneClusterImpl (MiniOzoneClusterImpl.java:lambda$waitForClusterToBeReady$0(235)) - Nodes are ready. Got 3 of 3 DN Heartbeats.
2021-08-17 01:35:20,477 [Listener at 127.0.0.1/39113] INFO  ozone.MiniOzoneClusterImpl (MiniOzoneClusterImpl.java:lambda$waitForClusterToBeReady$0(238)) - Waiting for cluster to exit safe mode
2021-08-17 01:35:20,477 [Listener at 127.0.0.1/39113] INFO  ozone.MiniOzoneClusterImpl (MiniOzoneClusterImpl.java:lambda$waitForClusterToBeReady$0(240)) - SCM became leader
2021-08-17 01:35:20,540 [Command processor thread] INFO  commandhandler.CreatePipelineCommandHandler (CreatePipelineCommandHandler.java:handle(106)) - Created Pipeline RATIS THREE PipelineID=6666189b-4409-47af-9fe1-29fe27788325.
2021-08-17 01:35:20,542 [Command processor thread] INFO  server.RaftServer (RaftServerProxy.java:addNew(95)) - a55de8bf-208c-4c68-aafe-7443929fbf97: addNew group-A501B9769178:[a55de8bf-208c-4c68-aafe-7443929fbf97|rpc:10.1.0.32:45995|priority:1] returns group-A501B9769178:java.util.concurrent.CompletableFuture@f0f1e06[Not completed]
2021-08-17 01:35:20,549 [Command processor thread] INFO  commandhandler.CreatePipelineCommandHandler (CreatePipelineCommandHandler.java:handle(106)) - Created Pipeline RATIS THREE PipelineID=6666189b-4409-47af-9fe1-29fe27788325.
2021-08-17 01:35:20,564 [pool-411-thread-1] INFO  server.RaftServer$Division (RaftServerImpl.java:<init>(181)) - a55de8bf-208c-4c68-aafe-7443929fbf97: new RaftServerImpl for group-A501B9769178:[a55de8bf-208c-4c68-aafe-7443929fbf97|rpc:10.1.0.32:45995|priority:1] with ContainerStateMachine:uninitialized
2021-08-17 01:35:20,564 [pool-411-thread-1] INFO  server.RaftServerConfigKeys (ConfUtils.java:logGet(44)) - raft.server.rpc.timeout.min = 5s (custom)
2021-08-17 01:35:20,564 [pool-411-thread-1] INFO  server.RaftServerConfigKeys (ConfUtils.java:logGet(44)) - raft.server.rpc.timeout.max = 5200ms (custom)
2021-08-17 01:35:20,564 [pool-411-thread-1] INFO  server.RaftServerConfigKeys (ConfUtils.java:logGet(44)) - raft.server.rpc.sleep.time = 25ms (default)
2021-08-17 01:35:20,564 [pool-411-thread-1] INFO  server.RaftServerConfigKeys (ConfUtils.java:logGet(44)) - raft.server.rpc.slowness.timeout = 300s (custom)
2021-08-17 01:35:20,564 [pool-411-thread-1] INFO  server.RaftServerConfigKeys (ConfUtils.java:logGet(44)) - raft.server.leaderelection.leader.step-down.wait-time = 10s (default)
2021-08-17 01:35:20,564 [pool-411-thread-1] INFO  server.RaftServerConfigKeys (ConfUtils.java:logGet(44)) - raft.server.sleep.deviation.threshold = 300ms (default)
2021-08-17 01:35:20,564 [pool-411-thread-1] INFO  server.RaftServerConfigKeys (ConfUtils.java:logGet(44)) - raft.server.log.appender.install.snapshot.enabled = false (custom)
2021-08-17 01:35:20,564 [pool-411-thread-1] INFO  server.RaftServer$Division (ServerState.java:<init>(105)) - a55de8bf-208c-4c68-aafe-7443929fbf97@group-A501B9769178: ConfigurationManager, init=-1: [a55de8bf-208c-4c68-aafe-7443929fbf97|rpc:10.1.0.32:45995|priority:1], old=null, confs=<EMPTY_MAP>
2021-08-17 01:35:20,564 [pool-411-thread-1] INFO  server.RaftServerConfigKeys (ConfUtils.java:logGet(44)) - raft.server.storage.dir = [/home/runner/work/ozone/ozone/hadoop-ozone/integration-test/target/test-dir/MiniOzoneClusterImpl-792c0480-480e-4b9f-8df8-75fa91581c67/datanode-2/data/ratis] (custom)
2021-08-17 01:35:20,564 [pool-411-thread-1] INFO  server.RaftServerConfigKeys (ConfUtils.java:logGet(44)) - raft.server.log.corruption.policy = EXCEPTION (default)
2021-08-17 01:35:20,564 [pool-411-thread-1] INFO  server.RaftServerConfigKeys (ConfUtils.java:logGet(44)) - raft.server.storage.free-space.min = 0MB (=0) (default)
2021-08-17 01:35:20,564 [pool-411-thread-1] INFO  storage.RaftStorageDirectory (RaftStorageDirectoryImpl.java:analyzeStorage(135)) - The storage directory /home/runner/work/ozone/ozone/hadoop-ozone/integration-test/target/test-dir/MiniOzoneClusterImpl-792c0480-480e-4b9f-8df8-75fa91581c67/datanode-2/data/ratis/6d50281d-9043-45b3-b579-a501b9769178 does not exist. Creating ...
2021-08-17 01:35:20,566 [pool-411-thread-1] INFO  storage.RaftStorageDirectory (RaftStorageDirectoryImpl.java:tryLock(230)) - Lock on /home/runner/work/ozone/ozone/hadoop-ozone/integration-test/target/test-dir/MiniOzoneClusterImpl-792c0480-480e-4b9f-8df8-75fa91581c67/datanode-2/data/ratis/6d50281d-9043-45b3-b579-a501b9769178/in_use.lock acquired by nodename 21368@fv-az195-965
2021-08-17 01:35:20,567 [pool-411-thread-1] INFO  storage.RaftStorage (RaftStorageImpl.java:format(89)) - Storage directory /home/runner/work/ozone/ozone/hadoop-ozone/integration-test/target/test-dir/MiniOzoneClusterImpl-792c0480-480e-4b9f-8df8-75fa91581c67/datanode-2/data/ratis/6d50281d-9043-45b3-b579-a501b9769178 has been successfully formatted.
2021-08-17 01:35:20,567 [pool-411-thread-1] INFO  ratis.ContainerStateMachine (ContainerStateMachine.java:loadSnapshot(225)) - group-A501B9769178: The snapshot info is null. Setting the last applied indexto:(t:0, i:~)
2021-08-17 01:35:20,567 [pool-411-thread-1] INFO  server.RaftServerConfigKeys (ConfUtils.java:logGet(44)) - raft.server.notification.no-leader.timeout = 300s (custom)
2021-08-17 01:35:20,567 [pool-411-thread-1] INFO  server.RaftServerConfigKeys (ConfUtils.java:logGet(44)) - raft.server.log.use.memory = false (default)
2021-08-17 01:35:20,567 [pool-411-thread-1] INFO  server.RaftServerConfigKeys (ConfUtils.java:logGet(44)) - raft.server.log.purge.gap = 1000000 (custom)
2021-08-17 01:35:20,567 [pool-411-thread-1] INFO  server.RaftServerConfigKeys (ConfUtils.java:logGet(44)) - raft.server.log.appender.buffer.byte-limit = 33554432 (custom)
2021-08-17 01:35:20,567 [pool-411-thread-1] INFO  server.RaftServerConfigKeys (ConfUtils.java:logGet(44)) - raft.server.log.segment.size.max = 1048576 (custom)
2021-08-17 01:35:20,568 [pool-411-thread-1] INFO  server.RaftServerConfigKeys (ConfUtils.java:logGet(44)) - raft.server.log.segment.cache.num.max = 2 (custom)
2021-08-17 01:35:20,568 [pool-411-thread-1] INFO  server.RaftServerConfigKeys (ConfUtils.java:logGet(44)) - raft.server.log.segment.cache.size.max = 200MB (=209715200) (default)
2021-08-17 01:35:20,568 [pool-411-thread-1] INFO  segmented.SegmentedRaftLogWorker (SegmentedRaftLogWorker.java:<init>(182)) - new a55de8bf-208c-4c68-aafe-7443929fbf97@group-A501B9769178-SegmentedRaftLogWorker for RaftStorageImpl:Storage Directory /home/runner/work/ozone/ozone/hadoop-ozone/integration-test/target/test-dir/MiniOzoneClusterImpl-792c0480-480e-4b9f-8df8-75fa91581c67/datanode-2/data/ratis/6d50281d-9043-45b3-b579-a501b9769178
2021-08-17 01:35:20,568 [pool-411-thread-1] INFO  server.RaftServerConfigKeys (ConfUtils.java:logGet(44)) - raft.server.log.queue.byte-limit = 2147483647 (custom)
2021-08-17 01:35:20,568 [pool-411-thread-1] INFO  server.RaftServerConfigKeys (ConfUtils.java:logGet(44)) - raft.server.log.queue.element-limit = 1024 (custom)
2021-08-17 01:35:20,568 [pool-411-thread-1] INFO  server.RaftServerConfigKeys (ConfUtils.java:logGet(44)) - raft.server.log.segment.size.max = 1048576 (custom)
2021-08-17 01:35:20,568 [pool-411-thread-1] INFO  server.RaftServerConfigKeys (ConfUtils.java:logGet(44)) - raft.server.log.preallocated.size = 16384 (custom)
2021-08-17 01:35:20,568 [pool-411-thread-1] INFO  server.RaftServerConfigKeys (ConfUtils.java:logGet(44)) - raft.server.log.force.sync.num = 128 (default)
2021-08-17 01:35:20,568 [pool-411-thread-1] INFO  server.RaftServerConfigKeys (ConfUtils.java:logGet(44)) - raft.server.log.statemachine.data.sync = true (default)
2021-08-17 01:35:20,568 [pool-411-thread-1] INFO  server.RaftServerConfigKeys (ConfUtils.java:logGet(44)) - raft.server.log.statemachine.data.sync.timeout = 10s (default)
2021-08-17 01:35:20,568 [pool-411-thread-1] INFO  server.RaftServerConfigKeys (ConfUtils.java:logGet(44)) - raft.server.log.statemachine.data.sync.timeout.retry = -1 (default)
2021-08-17 01:35:20,568 [pool-411-thread-1] INFO  server.RaftServerConfigKeys (ConfUtils.java:logGet(44)) - raft.server.log.write.buffer.size = 1048576 (custom)
2021-08-17 01:35:20,569 [pool-411-thread-1] INFO  server.RaftServerConfigKeys (ConfUtils.java:logGet(44)) - raft.server.log.statemachine.data.caching.enabled = true (custom)
2021-08-17 01:35:20,569 [pool-411-thread-1] INFO  segmented.SegmentedRaftLogWorker (SegmentedRaftLogWorker.java:lambda$new$0(133)) - a55de8bf-208c-4c68-aafe-7443929fbf97@group-A501B9769178-SegmentedRaftLogWorker: flushIndex: setUnconditionally 0 -> -1
2021-08-17 01:35:20,569 [pool-411-thread-1] INFO  segmented.SegmentedRaftLogWorker (SegmentedRaftLogWorker.java:lambda$new$0(133)) - a55de8bf-208c-4c68-aafe-7443929fbf97@group-A501B9769178-SegmentedRaftLogWorker: safeCacheEvictIndex: setUnconditionally 0 -> -1
2021-08-17 01:35:20,569 [Datanode State Machine Thread - 0] WARN  statemachine.StateContext (StateContext.java:execute(621)) - No available thread in pool for past 1 seconds.
2021-08-17 01:35:20,571 [EventQueue-PipelineReportForPipelineReportHandler] INFO  pipeline.PipelineManagerImpl (PipelineManagerImpl.java:openPipeline(283)) - Pipeline Pipeline[ Id: 6d50281d-9043-45b3-b579-a501b9769178, Nodes: a55de8bf-208c-4c68-aafe-7443929fbf97{ip: 10.1.0.32, host: fv-az195-965.u3nnjwd0vyge1bu22idnsdeq2e.cx.internal.cloudapp.net, ports: [REPLICATION=39567, RATIS=45995, RATIS_ADMIN=45995, RATIS_SERVER=45995, STANDALONE=39467], networkLocation: /default-rack, certSerialId: null, persistedOpState: IN_SERVICE, persistedOpStateExpiryEpochSec: 0}, ReplicationConfig: RATIS/ONE, State:ALLOCATED, leaderId:a55de8bf-208c-4c68-aafe-7443929fbf97, CreationTimestamp2021-08-17T01:35:17.554Z[Etc/UTC]] moved to OPEN state
2021-08-17 01:35:20,571 [EventQueue-OpenPipelineForHealthyPipelineSafeModeRule] INFO  safemode.SCMSafeModeManager (HealthyPipelineSafeModeRule.java:process(124)) - SCM in safe mode. Healthy pipelines reported count is 0, required healthy pipeline reported count is 1
2021-08-17 01:35:20,576 [pool-411-thread-1] INFO  server.RaftServerConfigKeys (ConfUtils.java:logGet(44)) - raft.server.snapshot.auto.trigger.enabled = true (custom)
2021-08-17 01:35:20,594 [pool-411-thread-1] INFO  server.RaftServerConfigKeys (ConfUtils.java:logGet(44)) - raft.server.snapshot.auto.trigger.threshold = 10000 (custom)
2021-08-17 01:35:20,594 [pool-411-thread-1] INFO  server.RaftServerConfigKeys (ConfUtils.java:logGet(44)) - raft.server.snapshot.retention.file.num = 5 (custom)
2021-08-17 01:35:20,594 [pool-411-thread-1] INFO  server.RaftServerConfigKeys (ConfUtils.java:logGet(44)) - raft.server.log.purge.upto.snapshot.index = false (default)
2021-08-17 01:35:20,594 [pool-411-thread-1] INFO  server.RaftServerConfigKeys (ConfUtils.java:logGet(44)) - raft.server.retrycache.expirytime = 600000ms (custom)
2021-08-17 01:35:20,594 [pool-411-thread-1] INFO  server.RaftServerConfigKeys (ConfUtils.java:logGet(44)) - raft.server.retrycache.statistics.expirytime = 100μs (default)
2021-08-17 01:35:20,595 [pool-411-thread-1] INFO  server.RaftServer$Division (RaftServerImpl.java:start(296)) - a55de8bf-208c-4c68-aafe-7443929fbf97@group-A501B9769178: start as a follower, conf=-1: [a55de8bf-208c-4c68-aafe-7443929fbf97|rpc:10.1.0.32:45995|priority:1], old=null
2021-08-17 01:35:20,595 [pool-411-thread-1] INFO  server.RaftServer$Division (RaftServerImpl.java:setRole(285)) - a55de8bf-208c-4c68-aafe-7443929fbf97@group-A501B9769178: changes role from      null to FOLLOWER at term 0 for startAsFollower
2021-08-17 01:35:20,595 [pool-411-thread-1] INFO  impl.RoleInfo (RoleInfo.java:updateAndGet(130)) - a55de8bf-208c-4c68-aafe-7443929fbf97: start a55de8bf-208c-4c68-aafe-7443929fbf97@group-A501B9769178-FollowerState
2021-08-17 01:35:20,607 [pool-411-thread-1] INFO  util.JmxRegister (JmxRegister.java:tryRegister(44)) - Successfully registered JMX Bean with object name Ratis:service=RaftServer,group=group-A501B9769178,id=a55de8bf-208c-4c68-aafe-7443929fbf97
2021-08-17 01:35:20,608 [Command processor thread] INFO  ratis.XceiverServerRatis (XceiverServerRatis.java:addGroup(763)) - Created group PipelineID=6d50281d-9043-45b3-b579-a501b9769178
2021-08-17 01:35:20,608 [Command processor thread] INFO  commandhandler.CreatePipelineCommandHandler (CreatePipelineCommandHandler.java:handle(106)) - Created Pipeline RATIS ONE PipelineID=6d50281d-9043-45b3-b579-a501b9769178.
2021-08-17 01:35:21,477 [Listener at 127.0.0.1/39113] INFO  ozone.MiniOzoneClusterImpl (MiniOzoneClusterImpl.java:lambda$waitForClusterToBeReady$0(235)) - Nodes are ready. Got 3 of 3 DN Heartbeats.
2021-08-17 01:35:21,477 [Listener at 127.0.0.1/39113] INFO  ozone.MiniOzoneClusterImpl (MiniOzoneClusterImpl.java:lambda$waitForClusterToBeReady$0(238)) - Waiting for cluster to exit safe mode
2021-08-17 01:35:21,477 [Listener at 127.0.0.1/39113] INFO  ozone.MiniOzoneClusterImpl (MiniOzoneClusterImpl.java:lambda$waitForClusterToBeReady$0(240)) - SCM became leader
2021-08-17 01:35:22,477 [Listener at 127.0.0.1/39113] INFO  ozone.MiniOzoneClusterImpl (MiniOzoneClusterImpl.java:lambda$waitForClusterToBeReady$0(235)) - Nodes are ready. Got 3 of 3 DN Heartbeats.
2021-08-17 01:35:22,477 [Listener at 127.0.0.1/39113] INFO  ozone.MiniOzoneClusterImpl (MiniOzoneClusterImpl.java:lambda$waitForClusterToBeReady$0(238)) - Waiting for cluster to exit safe mode
2021-08-17 01:35:22,477 [Listener at 127.0.0.1/39113] INFO  ozone.MiniOzoneClusterImpl (MiniOzoneClusterImpl.java:lambda$waitForClusterToBeReady$0(240)) - SCM became leader
2021-08-17 01:35:23,478 [Listener at 127.0.0.1/39113] INFO  ozone.MiniOzoneClusterImpl (MiniOzoneClusterImpl.java:lambda$waitForClusterToBeReady$0(235)) - Nodes are ready. Got 3 of 3 DN Heartbeats.
2021-08-17 01:35:23,478 [Listener at 127.0.0.1/39113] INFO  ozone.MiniOzoneClusterImpl (MiniOzoneClusterImpl.java:lambda$waitForClusterToBeReady$0(238)) - Waiting for cluster to exit safe mode
2021-08-17 01:35:23,478 [Listener at 127.0.0.1/39113] INFO  ozone.MiniOzoneClusterImpl (MiniOzoneClusterImpl.java:lambda$waitForClusterToBeReady$0(240)) - SCM became leader
2021-08-17 01:35:24,478 [Listener at 127.0.0.1/39113] INFO  ozone.MiniOzoneClusterImpl (MiniOzoneClusterImpl.java:lambda$waitForClusterToBeReady$0(235)) - Nodes are ready. Got 3 of 3 DN Heartbeats.
2021-08-17 01:35:24,478 [Listener at 127.0.0.1/39113] INFO  ozone.MiniOzoneClusterImpl (MiniOzoneClusterImpl.java:lambda$waitForClusterToBeReady$0(238)) - Waiting for cluster to exit safe mode
2021-08-17 01:35:24,478 [Listener at 127.0.0.1/39113] INFO  ozone.MiniOzoneClusterImpl (MiniOzoneClusterImpl.java:lambda$waitForClusterToBeReady$0(240)) - SCM became leader
2021-08-17 01:35:24,828 [f27f887f-aeec-4d5d-9de4-8fc3f29213c4@group-E651C6740852-FollowerState] INFO  impl.FollowerState (FollowerState.java:run(134)) - f27f887f-aeec-4d5d-9de4-8fc3f29213c4@group-E651C6740852-FollowerState: change to CANDIDATE, lastRpcElapsedTime:5125444771ns, electionTimeout:5117ms
2021-08-17 01:35:24,828 [f27f887f-aeec-4d5d-9de4-8fc3f29213c4@group-E651C6740852-FollowerState] INFO  impl.RoleInfo (RoleInfo.java:shutdownFollowerState(108)) - f27f887f-aeec-4d5d-9de4-8fc3f29213c4: shutdown f27f887f-aeec-4d5d-9de4-8fc3f29213c4@group-E651C6740852-FollowerState
2021-08-17 01:35:24,828 [f27f887f-aeec-4d5d-9de4-8fc3f29213c4@group-E651C6740852-FollowerState] INFO  server.RaftServer$Division (RaftServerImpl.java:setRole(285)) - f27f887f-aeec-4d5d-9de4-8fc3f29213c4@group-E651C6740852: changes role from  FOLLOWER to CANDIDATE at term 0 for changeToCandidate
2021-08-17 01:35:24,828 [f27f887f-aeec-4d5d-9de4-8fc3f29213c4@group-E651C6740852-FollowerState] INFO  server.RaftServerConfigKeys (ConfUtils.java:logGet(44)) - raft.server.leaderelection.pre-vote = false (custom)
2021-08-17 01:35:24,829 [f27f887f-aeec-4d5d-9de4-8fc3f29213c4@group-E651C6740852-FollowerState] INFO  impl.RoleInfo (RoleInfo.java:updateAndGet(130)) - f27f887f-aeec-4d5d-9de4-8fc3f29213c4: start f27f887f-aeec-4d5d-9de4-8fc3f29213c4@group-E651C6740852-LeaderElection27
2021-08-17 01:35:24,867 [f27f887f-aeec-4d5d-9de4-8fc3f29213c4@group-E651C6740852-LeaderElection27] INFO  impl.LeaderElection (LeaderElection.java:askForVotes(306)) - f27f887f-aeec-4d5d-9de4-8fc3f29213c4@group-E651C6740852-LeaderElection27 ELECTION round 0: submit vote requests at term 1 for -1: [f27f887f-aeec-4d5d-9de4-8fc3f29213c4|rpc:10.1.0.32:38841|priority:1], old=null
2021-08-17 01:35:24,867 [f27f887f-aeec-4d5d-9de4-8fc3f29213c4@group-E651C6740852-LeaderElection27] INFO  impl.LeaderElection (LeaderElection.java:askForVotes(308)) - f27f887f-aeec-4d5d-9de4-8fc3f29213c4@group-E651C6740852-LeaderElection27 ELECTION round 0: result PASSED (term=1)
2021-08-17 01:35:24,867 [f27f887f-aeec-4d5d-9de4-8fc3f29213c4@group-E651C6740852-LeaderElection27] INFO  impl.RoleInfo (RoleInfo.java:shutdownLeaderElection(121)) - f27f887f-aeec-4d5d-9de4-8fc3f29213c4: shutdown f27f887f-aeec-4d5d-9de4-8fc3f29213c4@group-E651C6740852-LeaderElection27
2021-08-17 01:35:24,867 [f27f887f-aeec-4d5d-9de4-8fc3f29213c4@group-E651C6740852-LeaderElection27] INFO  server.RaftServer$Division (RaftServerImpl.java:setRole(285)) - f27f887f-aeec-4d5d-9de4-8fc3f29213c4@group-E651C6740852: changes role from CANDIDATE to LEADER at term 1 for changeToLeader
2021-08-17 01:35:24,867 [f27f887f-aeec-4d5d-9de4-8fc3f29213c4@group-E651C6740852-LeaderElection27] INFO  ratis.XceiverServerRatis (XceiverServerRatis.java:handleLeaderChangedNotification(861)) - Leader change notification received for group: group-E651C6740852 with new leaderId: f27f887f-aeec-4d5d-9de4-8fc3f29213c4
2021-08-17 01:35:24,867 [Datanode State Machine Thread - 0] WARN  statemachine.StateContext (StateContext.java:execute(621)) - No available thread in pool for past 1 seconds.
2021-08-17 01:35:24,868 [f27f887f-aeec-4d5d-9de4-8fc3f29213c4@group-E651C6740852-LeaderElection27] INFO  server.RaftServer$Division (ServerState.java:setLeader(285)) - f27f887f-aeec-4d5d-9de4-8fc3f29213c4@group-E651C6740852: change Leader from null to f27f887f-aeec-4d5d-9de4-8fc3f29213c4 at term 1 for becomeLeader, leader elected after 5192ms
2021-08-17 01:35:24,868 [f27f887f-aeec-4d5d-9de4-8fc3f29213c4@group-E651C6740852-LeaderElection27] INFO  server.RaftServerConfigKeys (ConfUtils.java:logGet(44)) - raft.server.staging.catchup.gap = 1000 (default)
2021-08-17 01:35:24,868 [EventQueue-OpenPipelineForHealthyPipelineSafeModeRule] INFO  safemode.SCMSafeModeManager (HealthyPipelineSafeModeRule.java:process(124)) - SCM in safe mode. Healthy pipelines reported count is 0, required healthy pipeline reported count is 1
2021-08-17 01:35:24,890 [f27f887f-aeec-4d5d-9de4-8fc3f29213c4@group-E651C6740852-LeaderElection27] INFO  server.RaftServerConfigKeys (ConfUtils.java:logGet(44)) - raft.server.write.element-limit = 1024 (custom)
2021-08-17 01:35:24,890 [f27f887f-aeec-4d5d-9de4-8fc3f29213c4@group-E651C6740852-LeaderElection27] INFO  server.RaftServerConfigKeys (ConfUtils.java:logGet(44)) - raft.server.write.byte-limit = 1024 M (=1073741824) (custom)
2021-08-17 01:35:24,890 [f27f887f-aeec-4d5d-9de4-8fc3f29213c4@group-E651C6740852-LeaderElection27] INFO  server.RaftServerConfigKeys (ConfUtils.java:logGet(44)) - raft.server.watch.timeout = 180s (custom)
2021-08-17 01:35:24,890 [f27f887f-aeec-4d5d-9de4-8fc3f29213c4@group-E651C6740852-LeaderElection27] INFO  server.RaftServerConfigKeys (ConfUtils.java:logGet(44)) - raft.server.watch.timeout.denomination = 1s (default)
2021-08-17 01:35:24,890 [f27f887f-aeec-4d5d-9de4-8fc3f29213c4@group-E651C6740852-LeaderElection27] INFO  server.RaftServerConfigKeys (ConfUtils.java:logGet(44)) - raft.server.watch.element-limit = 65536 (default)
2021-08-17 01:35:24,891 [f27f887f-aeec-4d5d-9de4-8fc3f29213c4@group-E651C6740852-LeaderElection27] INFO  impl.RoleInfo (RoleInfo.java:updateAndGet(130)) - f27f887f-aeec-4d5d-9de4-8fc3f29213c4: start f27f887f-aeec-4d5d-9de4-8fc3f29213c4@group-E651C6740852-LeaderStateImpl
2021-08-17 01:35:24,891 [f27f887f-aeec-4d5d-9de4-8fc3f29213c4@group-E651C6740852-LeaderElection27] INFO  segmented.SegmentedRaftLogWorker (SegmentedRaftLogWorker.java:startLogSegment(394)) - f27f887f-aeec-4d5d-9de4-8fc3f29213c4@group-E651C6740852-SegmentedRaftLogWorker: Starting segment from index:0
2021-08-17 01:35:24,892 [f27f887f-aeec-4d5d-9de4-8fc3f29213c4@group-E651C6740852-SegmentedRaftLogWorker] INFO  segmented.SegmentedRaftLogWorker (SegmentedRaftLogWorker.java:execute(601)) - f27f887f-aeec-4d5d-9de4-8fc3f29213c4@group-E651C6740852-SegmentedRaftLogWorker: created new log segment /home/runner/work/ozone/ozone/hadoop-ozone/integration-test/target/test-dir/MiniOzoneClusterImpl-792c0480-480e-4b9f-8df8-75fa91581c67/datanode-0/data/ratis/b3e9a9db-659a-44e9-92b3-e651c6740852/current/log_inprogress_0
2021-08-17 01:35:24,902 [f27f887f-aeec-4d5d-9de4-8fc3f29213c4@group-E651C6740852-LeaderElection27] INFO  server.RaftServer$Division (ServerState.java:setRaftConf(387)) - f27f887f-aeec-4d5d-9de4-8fc3f29213c4@group-E651C6740852: set configuration 0: [f27f887f-aeec-4d5d-9de4-8fc3f29213c4|rpc:10.1.0.32:38841|dataStream:|priority:1], old=null
2021-08-17 01:35:24,910 [f27f887f-aeec-4d5d-9de4-8fc3f29213c4@group-50CCF1FD7DAD-FollowerState] INFO  impl.FollowerState (FollowerState.java:run(134)) - f27f887f-aeec-4d5d-9de4-8fc3f29213c4@group-50CCF1FD7DAD-FollowerState: change to CANDIDATE, lastRpcElapsedTime:5118174145ns, electionTimeout:5114ms
2021-08-17 01:35:24,910 [f27f887f-aeec-4d5d-9de4-8fc3f29213c4@group-50CCF1FD7DAD-FollowerState] INFO  impl.RoleInfo (RoleInfo.java:shutdownFollowerState(108)) - f27f887f-aeec-4d5d-9de4-8fc3f29213c4: shutdown f27f887f-aeec-4d5d-9de4-8fc3f29213c4@group-50CCF1FD7DAD-FollowerState
2021-08-17 01:35:24,910 [f27f887f-aeec-4d5d-9de4-8fc3f29213c4@group-50CCF1FD7DAD-FollowerState] INFO  server.RaftServer$Division (RaftServerImpl.java:setRole(285)) - f27f887f-aeec-4d5d-9de4-8fc3f29213c4@group-50CCF1FD7DAD: changes role from  FOLLOWER to CANDIDATE at term 0 for changeToCandidate
2021-08-17 01:35:24,910 [f27f887f-aeec-4d5d-9de4-8fc3f29213c4@group-50CCF1FD7DAD-FollowerState] INFO  server.RaftServerConfigKeys (ConfUtils.java:logGet(44)) - raft.server.leaderelection.pre-vote = false (custom)
2021-08-17 01:35:24,910 [f27f887f-aeec-4d5d-9de4-8fc3f29213c4@group-50CCF1FD7DAD-FollowerState] INFO  impl.RoleInfo (RoleInfo.java:updateAndGet(130)) - f27f887f-aeec-4d5d-9de4-8fc3f29213c4: start f27f887f-aeec-4d5d-9de4-8fc3f29213c4@group-50CCF1FD7DAD-LeaderElection28
2021-08-17 01:35:24,957 [f27f887f-aeec-4d5d-9de4-8fc3f29213c4@group-50CCF1FD7DAD-LeaderElection28] INFO  impl.LeaderElection (LeaderElection.java:askForVotes(306)) - f27f887f-aeec-4d5d-9de4-8fc3f29213c4@group-50CCF1FD7DAD-LeaderElection28 ELECTION round 0: submit vote requests at term 1 for -1: [45d7e1dd-e053-4260-9313-3ad3abbf49bc|rpc:10.1.0.32:44533|priority:0, a55de8bf-208c-4c68-aafe-7443929fbf97|rpc:10.1.0.32:45995|priority:0, f27f887f-aeec-4d5d-9de4-8fc3f29213c4|rpc:10.1.0.32:38841|priority:1], old=null
2021-08-17 01:35:24,967 [grpc-default-executor-0] INFO  server.RaftServer$Division (RaftServerImpl.java:requestVote(1043)) - 45d7e1dd-e053-4260-9313-3ad3abbf49bc@group-50CCF1FD7DAD: receive requestVote(ELECTION, f27f887f-aeec-4d5d-9de4-8fc3f29213c4, group-50CCF1FD7DAD, 1, (t:0, i:0))
2021-08-17 01:35:24,967 [grpc-default-executor-0] INFO  impl.VoteContext (VoteContext.java:log(48)) - 45d7e1dd-e053-4260-9313-3ad3abbf49bc@group-50CCF1FD7DAD-FOLLOWER: accept ELECTION from f27f887f-aeec-4d5d-9de4-8fc3f29213c4: our priority 0 <= candidate's priority 1
2021-08-17 01:35:24,967 [grpc-default-executor-0] INFO  server.RaftServer$Division (RaftServerImpl.java:setRole(285)) - 45d7e1dd-e053-4260-9313-3ad3abbf49bc@group-50CCF1FD7DAD: changes role from  FOLLOWER to FOLLOWER at term 1 for candidate:f27f887f-aeec-4d5d-9de4-8fc3f29213c4
2021-08-17 01:35:24,967 [grpc-default-executor-0] INFO  impl.RoleInfo (RoleInfo.java:shutdownFollowerState(108)) - 45d7e1dd-e053-4260-9313-3ad3abbf49bc: shutdown 45d7e1dd-e053-4260-9313-3ad3abbf49bc@group-50CCF1FD7DAD-FollowerState
2021-08-17 01:35:24,967 [grpc-default-executor-0] INFO  impl.RoleInfo (RoleInfo.java:updateAndGet(130)) - 45d7e1dd-e053-4260-9313-3ad3abbf49bc: start 45d7e1dd-e053-4260-9313-3ad3abbf49bc@group-50CCF1FD7DAD-FollowerState
2021-08-17 01:35:24,967 [45d7e1dd-e053-4260-9313-3ad3abbf49bc@group-50CCF1FD7DAD-FollowerState] INFO  impl.FollowerState (FollowerState.java:run(143)) - 45d7e1dd-e053-4260-9313-3ad3abbf49bc@group-50CCF1FD7DAD-FollowerState was interrupted: {}
java.lang.InterruptedException: sleep interrupted
	at java.lang.Thread.sleep(Native Method)
	at java.lang.Thread.sleep(Thread.java:340)
	at java.util.concurrent.TimeUnit.sleep(TimeUnit.java:386)
	at org.apache.ratis.util.TimeDuration.sleep(TimeDuration.java:324)
	at org.apache.ratis.util.TimeDuration.sleep(TimeDuration.java:309)
	at org.apache.ratis.server.impl.FollowerState.run(FollowerState.java:118)
2021-08-17 01:35:24,971 [grpc-default-executor-0] INFO  server.RaftServer$Division (RaftServerImpl.java:requestVote(1075)) - 45d7e1dd-e053-4260-9313-3ad3abbf49bc@group-50CCF1FD7DAD replies to ELECTION vote request: f27f887f-aeec-4d5d-9de4-8fc3f29213c4<-45d7e1dd-e053-4260-9313-3ad3abbf49bc#0:OK-t1. Peer's state: 45d7e1dd-e053-4260-9313-3ad3abbf49bc@group-50CCF1FD7DAD:t1, leader=null, voted=f27f887f-aeec-4d5d-9de4-8fc3f29213c4, raftlog=45d7e1dd-e053-4260-9313-3ad3abbf49bc@group-50CCF1FD7DAD-SegmentedRaftLog:OPENED:c-1,f-1,i0, conf=-1: [45d7e1dd-e053-4260-9313-3ad3abbf49bc|rpc:10.1.0.32:44533|dataStream:|priority:0, a55de8bf-208c-4c68-aafe-7443929fbf97|rpc:10.1.0.32:45995|dataStream:|priority:0, f27f887f-aeec-4d5d-9de4-8fc3f29213c4|rpc:10.1.0.32:38841|dataStream:|priority:1], old=null
2021-08-17 01:35:24,978 [f27f887f-aeec-4d5d-9de4-8fc3f29213c4@group-50CCF1FD7DAD-LeaderElection28] INFO  impl.LeaderElection (LeaderElection.java:logAndReturn(89)) - f27f887f-aeec-4d5d-9de4-8fc3f29213c4@group-50CCF1FD7DAD-LeaderElection28: ELECTION PASSED received 1 response(s) and 0 exception(s):
2021-08-17 01:35:24,978 [f27f887f-aeec-4d5d-9de4-8fc3f29213c4@group-50CCF1FD7DAD-LeaderElection28] INFO  impl.LeaderElection (LeaderElection.java:logAndReturn(93)) -   Response 0: f27f887f-aeec-4d5d-9de4-8fc3f29213c4<-45d7e1dd-e053-4260-9313-3ad3abbf49bc#0:OK-t1
2021-08-17 01:35:24,978 [f27f887f-aeec-4d5d-9de4-8fc3f29213c4@group-50CCF1FD7DAD-LeaderElection28] INFO  impl.LeaderElection (LeaderElection.java:askForVotes(308)) - f27f887f-aeec-4d5d-9de4-8fc3f29213c4@group-50CCF1FD7DAD-LeaderElection28 ELECTION round 0: result PASSED
2021-08-17 01:35:24,978 [f27f887f-aeec-4d5d-9de4-8fc3f29213c4@group-50CCF1FD7DAD-LeaderElection28] INFO  impl.RoleInfo (RoleInfo.java:shutdownLeaderElection(121)) - f27f887f-aeec-4d5d-9de4-8fc3f29213c4: shutdown f27f887f-aeec-4d5d-9de4-8fc3f29213c4@group-50CCF1FD7DAD-LeaderElection28
2021-08-17 01:35:24,978 [f27f887f-aeec-4d5d-9de4-8fc3f29213c4@group-50CCF1FD7DAD-LeaderElection28] INFO  server.RaftServer$Division (RaftServerImpl.java:setRole(285)) - f27f887f-aeec-4d5d-9de4-8fc3f29213c4@group-50CCF1FD7DAD: changes role from CANDIDATE to LEADER at term 1 for changeToLeader
2021-08-17 01:35:24,978 [f27f887f-aeec-4d5d-9de4-8fc3f29213c4@group-50CCF1FD7DAD-LeaderElection28] INFO  ratis.XceiverServerRatis (XceiverServerRatis.java:handleLeaderChangedNotification(861)) - Leader change notification received for group: group-50CCF1FD7DAD with new leaderId: f27f887f-aeec-4d5d-9de4-8fc3f29213c4
2021-08-17 01:35:24,978 [f27f887f-aeec-4d5d-9de4-8fc3f29213c4@group-50CCF1FD7DAD-LeaderElection28] INFO  server.RaftServer$Division (ServerState.java:setLeader(285)) - f27f887f-aeec-4d5d-9de4-8fc3f29213c4@group-50CCF1FD7DAD: change Leader from null to f27f887f-aeec-4d5d-9de4-8fc3f29213c4 at term 1 for becomeLeader, leader elected after 5219ms
2021-08-17 01:35:24,978 [f27f887f-aeec-4d5d-9de4-8fc3f29213c4@group-50CCF1FD7DAD-LeaderElection28] INFO  server.RaftServerConfigKeys (ConfUtils.java:logGet(44)) - raft.server.staging.catchup.gap = 1000 (default)
2021-08-17 01:35:24,979 [f27f887f-aeec-4d5d-9de4-8fc3f29213c4@group-50CCF1FD7DAD-LeaderElection28] INFO  server.RaftServerConfigKeys (ConfUtils.java:logGet(44)) - raft.server.write.element-limit = 1024 (custom)
2021-08-17 01:35:24,979 [f27f887f-aeec-4d5d-9de4-8fc3f29213c4@group-50CCF1FD7DAD-LeaderElection28] INFO  server.RaftServerConfigKeys (ConfUtils.java:logGet(44)) - raft.server.write.byte-limit = 1024 M (=1073741824) (custom)
2021-08-17 01:35:24,979 [f27f887f-aeec-4d5d-9de4-8fc3f29213c4@group-50CCF1FD7DAD-LeaderElection28] INFO  server.RaftServerConfigKeys (ConfUtils.java:logGet(44)) - raft.server.watch.timeout = 180s (custom)
2021-08-17 01:35:24,979 [f27f887f-aeec-4d5d-9de4-8fc3f29213c4@group-50CCF1FD7DAD-LeaderElection28] INFO  server.RaftServerConfigKeys (ConfUtils.java:logGet(44)) - raft.server.watch.timeout.denomination = 1s (default)
2021-08-17 01:35:24,979 [f27f887f-aeec-4d5d-9de4-8fc3f29213c4@group-50CCF1FD7DAD-LeaderElection28] INFO  server.RaftServerConfigKeys (ConfUtils.java:logGet(44)) - raft.server.watch.element-limit = 65536 (default)
2021-08-17 01:35:24,979 [f27f887f-aeec-4d5d-9de4-8fc3f29213c4@group-50CCF1FD7DAD-LeaderElection28] INFO  server.RaftServerConfigKeys (ConfUtils.java:logGet(44)) - raft.server.log.appender.snapshot.chunk.size.max = 16MB (=16777216) (default)
2021-08-17 01:35:24,979 [f27f887f-aeec-4d5d-9de4-8fc3f29213c4@group-50CCF1FD7DAD-LeaderElection28] INFO  server.RaftServerConfigKeys (ConfUtils.java:logGet(44)) - raft.server.log.appender.buffer.byte-limit = 33554432 (custom)
2021-08-17 01:35:24,979 [f27f887f-aeec-4d5d-9de4-8fc3f29213c4@group-50CCF1FD7DAD-LeaderElection28] INFO  server.RaftServerConfigKeys (ConfUtils.java:logGet(44)) - raft.server.log.appender.buffer.element-limit = 1 (custom)
2021-08-17 01:35:24,979 [f27f887f-aeec-4d5d-9de4-8fc3f29213c4@group-50CCF1FD7DAD-LeaderElection28] INFO  grpc.GrpcConfigKeys (ConfUtils.java:logGet(44)) - raft.grpc.server.leader.outstanding.appends.max = 128 (default)
2021-08-17 01:35:24,979 [f27f887f-aeec-4d5d-9de4-8fc3f29213c4@group-50CCF1FD7DAD-LeaderElection28] INFO  server.RaftServerConfigKeys (ConfUtils.java:logGet(44)) - raft.server.rpc.request.timeout = 60s (custom)
2021-08-17 01:35:24,979 [f27f887f-aeec-4d5d-9de4-8fc3f29213c4@group-50CCF1FD7DAD-LeaderElection28] INFO  server.RaftServerConfigKeys (ConfUtils.java:logGet(44)) - raft.server.log.appender.install.snapshot.enabled = false (custom)
2021-08-17 01:35:24,980 [f27f887f-aeec-4d5d-9de4-8fc3f29213c4@group-50CCF1FD7DAD-LeaderElection28] INFO  server.RaftServerConfigKeys (ConfUtils.java:logGet(44)) - raft.server.log.appender.snapshot.chunk.size.max = 16MB (=16777216) (default)
2021-08-17 01:35:24,980 [f27f887f-aeec-4d5d-9de4-8fc3f29213c4@group-50CCF1FD7DAD-LeaderElection28] INFO  server.RaftServerConfigKeys (ConfUtils.java:logGet(44)) - raft.server.log.appender.buffer.byte-limit = 33554432 (custom)
2021-08-17 01:35:24,980 [f27f887f-aeec-4d5d-9de4-8fc3f29213c4@group-50CCF1FD7DAD-LeaderElection28] INFO  server.RaftServerConfigKeys (ConfUtils.java:logGet(44)) - raft.server.log.appender.buffer.element-limit = 1 (custom)
2021-08-17 01:35:24,980 [f27f887f-aeec-4d5d-9de4-8fc3f29213c4@group-50CCF1FD7DAD-LeaderElection28] INFO  grpc.GrpcConfigKeys (ConfUtils.java:logGet(44)) - raft.grpc.server.leader.outstanding.appends.max = 128 (default)
2021-08-17 01:35:24,980 [f27f887f-aeec-4d5d-9de4-8fc3f29213c4@group-50CCF1FD7DAD-LeaderElection28] INFO  server.RaftServerConfigKeys (ConfUtils.java:logGet(44)) - raft.server.rpc.request.timeout = 60s (custom)
2021-08-17 01:35:24,980 [f27f887f-aeec-4d5d-9de4-8fc3f29213c4@group-50CCF1FD7DAD-LeaderElection28] INFO  server.RaftServerConfigKeys (ConfUtils.java:logGet(44)) - raft.server.log.appender.install.snapshot.enabled = false (custom)
2021-08-17 01:35:24,981 [f27f887f-aeec-4d5d-9de4-8fc3f29213c4@group-50CCF1FD7DAD-LeaderElection28] INFO  impl.RoleInfo (RoleInfo.java:updateAndGet(130)) - f27f887f-aeec-4d5d-9de4-8fc3f29213c4: start f27f887f-aeec-4d5d-9de4-8fc3f29213c4@group-50CCF1FD7DAD-LeaderStateImpl
2021-08-17 01:35:24,981 [f27f887f-aeec-4d5d-9de4-8fc3f29213c4@group-50CCF1FD7DAD-LeaderElection28] INFO  segmented.SegmentedRaftLogWorker (SegmentedRaftLogWorker.java:startLogSegment(394)) - f27f887f-aeec-4d5d-9de4-8fc3f29213c4@group-50CCF1FD7DAD-SegmentedRaftLogWorker: Starting segment from index:0
2021-08-17 01:35:24,981 [Datanode State Machine Thread - 0] WARN  statemachine.StateContext (StateContext.java:execute(621)) - No available thread in pool for past 1 seconds.
2021-08-17 01:35:24,987 [f27f887f-aeec-4d5d-9de4-8fc3f29213c4@group-50CCF1FD7DAD-SegmentedRaftLogWorker] INFO  segmented.SegmentedRaftLogWorker (SegmentedRaftLogWorker.java:execute(601)) - f27f887f-aeec-4d5d-9de4-8fc3f29213c4@group-50CCF1FD7DAD-SegmentedRaftLogWorker: created new log segment /home/runner/work/ozone/ozone/hadoop-ozone/integration-test/target/test-dir/MiniOzoneClusterImpl-792c0480-480e-4b9f-8df8-75fa91581c67/datanode-0/data/ratis/cb3b522b-73b4-45bb-8027-50ccf1fd7dad/current/log_inprogress_0
2021-08-17 01:35:24,982 [EventQueue-PipelineReportForPipelineReportHandler] INFO  pipeline.PipelineManagerImpl (PipelineManagerImpl.java:openPipeline(283)) - Pipeline Pipeline[ Id: cb3b522b-73b4-45bb-8027-50ccf1fd7dad, Nodes: 45d7e1dd-e053-4260-9313-3ad3abbf49bc{ip: 10.1.0.32, host: fv-az195-965.u3nnjwd0vyge1bu22idnsdeq2e.cx.internal.cloudapp.net, ports: [REPLICATION=39145, RATIS=44533, RATIS_ADMIN=44533, RATIS_SERVER=44533, STANDALONE=42493], networkLocation: /default-rack, certSerialId: null, persistedOpState: IN_SERVICE, persistedOpStateExpiryEpochSec: 0}a55de8bf-208c-4c68-aafe-7443929fbf97{ip: 10.1.0.32, host: fv-az195-965.u3nnjwd0vyge1bu22idnsdeq2e.cx.internal.cloudapp.net, ports: [REPLICATION=39567, RATIS=45995, RATIS_ADMIN=45995, RATIS_SERVER=45995, STANDALONE=39467], networkLocation: /default-rack, certSerialId: null, persistedOpState: IN_SERVICE, persistedOpStateExpiryEpochSec: 0}f27f887f-aeec-4d5d-9de4-8fc3f29213c4{ip: 10.1.0.32, host: fv-az195-965.u3nnjwd0vyge1bu22idnsdeq2e.cx.internal.cloudapp.net, ports: [REPLICATION=44741, RATIS=38841, RATIS_ADMIN=38841, RATIS_SERVER=38841, STANDALONE=38327], networkLocation: /default-rack, certSerialId: null, persistedOpState: IN_SERVICE, persistedOpStateExpiryEpochSec: 0}, ReplicationConfig: RATIS/THREE, State:ALLOCATED, leaderId:f27f887f-aeec-4d5d-9de4-8fc3f29213c4, CreationTimestamp2021-08-17T01:35:17.555Z[Etc/UTC]] moved to OPEN state
2021-08-17 01:35:25,028 [EventQueue-OpenPipelineForHealthyPipelineSafeModeRule] INFO  safemode.SCMSafeModeManager (HealthyPipelineSafeModeRule.java:process(124)) - SCM in safe mode. Healthy pipelines reported count is 1, required healthy pipeline reported count is 1
2021-08-17 01:35:25,028 [EventQueue-OpenPipelineForHealthyPipelineSafeModeRule] INFO  safemode.SCMSafeModeManager (SCMSafeModeManager.java:validateSafeModeExitRules(204)) - HealthyPipelineSafeModeRule rule is successfully validated
2021-08-17 01:35:25,028 [EventQueue-OpenPipelineForHealthyPipelineSafeModeRule] INFO  safemode.SCMSafeModeManager (SCMSafeModeManager.java:validateSafeModeExitRules(219)) - ScmSafeModeManager, all rules are successfully validated
2021-08-17 01:35:25,028 [EventQueue-OpenPipelineForHealthyPipelineSafeModeRule] INFO  safemode.SCMSafeModeManager (SCMSafeModeManager.java:exitSafeMode(248)) - SCM exiting safe mode.
2021-08-17 01:35:25,028 [EventQueue-OpenPipelineForHealthyPipelineSafeModeRule] WARN  events.EventQueue (EventQueue.java:fireEvent(194)) - No event handler registered for event TypedEvent{payloadType=SafeModeStatus, name='Safe mode status'}
2021-08-17 01:35:25,028 [EventQueue-OpenPipelineForHealthyPipelineSafeModeRule] INFO  ha.SCMContext (SCMContext.java:updateSafeModeStatus(205)) - Update SafeModeStatus from SafeModeStatus{safeModeStatus=true, preCheckPassed=true} to SafeModeStatus{safeModeStatus=false, preCheckPassed=true}.
2021-08-17 01:35:25,028 [EventQueue-OpenPipelineForHealthyPipelineSafeModeRule] INFO  pipeline.BackgroundPipelineCreator (BackgroundPipelineCreatorV2.java:notifyStatusChanged(264)) - Service BackgroundPipelineCreator transitions to RUNNING.
2021-08-17 01:35:25,028 [EventQueue-OpenPipelineForHealthyPipelineSafeModeRule] INFO  container.ReplicationManager (ReplicationManager.java:notifyStatusChanged(1722)) - Service ReplicationManager transitions to RUNNING.
2021-08-17 01:35:25,029 [f27f887f-aeec-4d5d-9de4-8fc3f29213c4@group-50CCF1FD7DAD-LeaderElection28] INFO  server.RaftServer$Division (ServerState.java:setRaftConf(387)) - f27f887f-aeec-4d5d-9de4-8fc3f29213c4@group-50CCF1FD7DAD: set configuration 0: [45d7e1dd-e053-4260-9313-3ad3abbf49bc|rpc:10.1.0.32:44533|dataStream:|priority:0, a55de8bf-208c-4c68-aafe-7443929fbf97|rpc:10.1.0.32:45995|dataStream:|priority:0, f27f887f-aeec-4d5d-9de4-8fc3f29213c4|rpc:10.1.0.32:38841|dataStream:|priority:1], old=null
2021-08-17 01:35:25,068 [grpc-default-executor-1] INFO  ratis.XceiverServerRatis (XceiverServerRatis.java:handleLeaderChangedNotification(861)) - Leader change notification received for group: group-50CCF1FD7DAD with new leaderId: f27f887f-aeec-4d5d-9de4-8fc3f29213c4
2021-08-17 01:35:25,068 [grpc-default-executor-1] INFO  server.RaftServer$Division (ServerState.java:setLeader(285)) - 45d7e1dd-e053-4260-9313-3ad3abbf49bc@group-50CCF1FD7DAD: change Leader from null to f27f887f-aeec-4d5d-9de4-8fc3f29213c4 at term 1 for appendEntries, leader elected after 5156ms
2021-08-17 01:35:25,085 [grpc-default-executor-1] INFO  server.RaftServer$Division (RaftServerImpl.java:requestVote(1043)) - a55de8bf-208c-4c68-aafe-7443929fbf97@group-50CCF1FD7DAD: receive requestVote(ELECTION, f27f887f-aeec-4d5d-9de4-8fc3f29213c4, group-50CCF1FD7DAD, 1, (t:0, i:0))
2021-08-17 01:35:25,086 [grpc-default-executor-1] INFO  impl.VoteContext (VoteContext.java:log(48)) - a55de8bf-208c-4c68-aafe-7443929fbf97@group-50CCF1FD7DAD-FOLLOWER: accept ELECTION from f27f887f-aeec-4d5d-9de4-8fc3f29213c4: our priority 0 <= candidate's priority 1
2021-08-17 01:35:25,086 [grpc-default-executor-1] INFO  server.RaftServer$Division (RaftServerImpl.java:setRole(285)) - a55de8bf-208c-4c68-aafe-7443929fbf97@group-50CCF1FD7DAD: changes role from  FOLLOWER to FOLLOWER at term 1 for candidate:f27f887f-aeec-4d5d-9de4-8fc3f29213c4
2021-08-17 01:35:25,086 [grpc-default-executor-1] INFO  impl.RoleInfo (RoleInfo.java:shutdownFollowerState(108)) - a55de8bf-208c-4c68-aafe-7443929fbf97: shutdown a55de8bf-208c-4c68-aafe-7443929fbf97@group-50CCF1FD7DAD-FollowerState
2021-08-17 01:35:25,086 [grpc-default-executor-1] INFO  impl.RoleInfo (RoleInfo.java:updateAndGet(130)) - a55de8bf-208c-4c68-aafe-7443929fbf97: start a55de8bf-208c-4c68-aafe-7443929fbf97@group-50CCF1FD7DAD-FollowerState
2021-08-17 01:35:25,086 [a55de8bf-208c-4c68-aafe-7443929fbf97@group-50CCF1FD7DAD-FollowerState] INFO  impl.FollowerState (FollowerState.java:run(143)) - a55de8bf-208c-4c68-aafe-7443929fbf97@group-50CCF1FD7DAD-FollowerState was interrupted: {}
java.lang.InterruptedException: sleep interrupted
	at java.lang.Thread.sleep(Native Method)
	at java.lang.Thread.sleep(Thread.java:340)
	at java.util.concurrent.TimeUnit.sleep(TimeUnit.java:386)
	at org.apache.ratis.util.TimeDuration.sleep(TimeDuration.java:324)
	at org.apache.ratis.util.TimeDuration.sleep(TimeDuration.java:309)
	at org.apache.ratis.server.impl.FollowerState.run(FollowerState.java:118)
2021-08-17 01:35:25,133 [grpc-default-executor-1] INFO  server.RaftServer$Division (RaftServerImpl.java:requestVote(1075)) - a55de8bf-208c-4c68-aafe-7443929fbf97@group-50CCF1FD7DAD replies to ELECTION vote request: f27f887f-aeec-4d5d-9de4-8fc3f29213c4<-a55de8bf-208c-4c68-aafe-7443929fbf97#0:OK-t1. Peer's state: a55de8bf-208c-4c68-aafe-7443929fbf97@group-50CCF1FD7DAD:t1, leader=null, voted=f27f887f-aeec-4d5d-9de4-8fc3f29213c4, raftlog=a55de8bf-208c-4c68-aafe-7443929fbf97@group-50CCF1FD7DAD-SegmentedRaftLog:OPENED:c-1,f-1,i0, conf=-1: [45d7e1dd-e053-4260-9313-3ad3abbf49bc|rpc:10.1.0.32:44533|dataStream:|priority:0, a55de8bf-208c-4c68-aafe-7443929fbf97|rpc:10.1.0.32:45995|dataStream:|priority:0, f27f887f-aeec-4d5d-9de4-8fc3f29213c4|rpc:10.1.0.32:38841|dataStream:|priority:1], old=null
2021-08-17 01:35:25,134 [grpc-default-executor-0] INFO  ratis.XceiverServerRatis (XceiverServerRatis.java:handleLeaderChangedNotification(861)) - Leader change notification received for group: group-50CCF1FD7DAD with new leaderId: f27f887f-aeec-4d5d-9de4-8fc3f29213c4
2021-08-17 01:35:25,134 [grpc-default-executor-0] INFO  server.RaftServer$Division (ServerState.java:setLeader(285)) - a55de8bf-208c-4c68-aafe-7443929fbf97@group-50CCF1FD7DAD: change Leader from null to f27f887f-aeec-4d5d-9de4-8fc3f29213c4 at term 1 for appendEntries, leader elected after 5077ms
2021-08-17 01:35:25,146 [grpc-default-executor-2] INFO  server.RaftServer$Division (ServerState.java:setRaftConf(387)) - 45d7e1dd-e053-4260-9313-3ad3abbf49bc@group-50CCF1FD7DAD: set configuration 0: [45d7e1dd-e053-4260-9313-3ad3abbf49bc|rpc:10.1.0.32:44533|dataStream:|priority:0, a55de8bf-208c-4c68-aafe-7443929fbf97|rpc:10.1.0.32:45995|dataStream:|priority:0, f27f887f-aeec-4d5d-9de4-8fc3f29213c4|rpc:10.1.0.32:38841|dataStream:|priority:1], old=null
2021-08-17 01:35:25,158 [grpc-default-executor-2] INFO  segmented.SegmentedRaftLogWorker (SegmentedRaftLogWorker.java:startLogSegment(394)) - 45d7e1dd-e053-4260-9313-3ad3abbf49bc@group-50CCF1FD7DAD-SegmentedRaftLogWorker: Starting segment from index:0
2021-08-17 01:35:25,159 [45d7e1dd-e053-4260-9313-3ad3abbf49bc@group-50CCF1FD7DAD-SegmentedRaftLogWorker] INFO  segmented.SegmentedRaftLogWorker (SegmentedRaftLogWorker.java:execute(601)) - 45d7e1dd-e053-4260-9313-3ad3abbf49bc@group-50CCF1FD7DAD-SegmentedRaftLogWorker: created new log segment /home/runner/work/ozone/ozone/hadoop-ozone/integration-test/target/test-dir/MiniOzoneClusterImpl-792c0480-480e-4b9f-8df8-75fa91581c67/datanode-1/data/ratis/cb3b522b-73b4-45bb-8027-50ccf1fd7dad/current/log_inprogress_0
2021-08-17 01:35:25,186 [grpc-default-executor-2] INFO  server.RaftServer$Division (ServerState.java:setRaftConf(387)) - a55de8bf-208c-4c68-aafe-7443929fbf97@group-50CCF1FD7DAD: set configuration 0: [45d7e1dd-e053-4260-9313-3ad3abbf49bc|rpc:10.1.0.32:44533|dataStream:|priority:0, a55de8bf-208c-4c68-aafe-7443929fbf97|rpc:10.1.0.32:45995|dataStream:|priority:0, f27f887f-aeec-4d5d-9de4-8fc3f29213c4|rpc:10.1.0.32:38841|dataStream:|priority:1], old=null
2021-08-17 01:35:25,186 [grpc-default-executor-2] INFO  segmented.SegmentedRaftLogWorker (SegmentedRaftLogWorker.java:startLogSegment(394)) - a55de8bf-208c-4c68-aafe-7443929fbf97@group-50CCF1FD7DAD-SegmentedRaftLogWorker: Starting segment from index:0
2021-08-17 01:35:25,189 [a55de8bf-208c-4c68-aafe-7443929fbf97@group-50CCF1FD7DAD-SegmentedRaftLogWorker] INFO  segmented.SegmentedRaftLogWorker (SegmentedRaftLogWorker.java:execute(601)) - a55de8bf-208c-4c68-aafe-7443929fbf97@group-50CCF1FD7DAD-SegmentedRaftLogWorker: created new log segment /home/runner/work/ozone/ozone/hadoop-ozone/integration-test/target/test-dir/MiniOzoneClusterImpl-792c0480-480e-4b9f-8df8-75fa91581c67/datanode-2/data/ratis/cb3b522b-73b4-45bb-8027-50ccf1fd7dad/current/log_inprogress_0
2021-08-17 01:35:25,205 [f27f887f-aeec-4d5d-9de4-8fc3f29213c4@group-29FE27788325-FollowerState] INFO  impl.FollowerState (FollowerState.java:run(134)) - f27f887f-aeec-4d5d-9de4-8fc3f29213c4@group-29FE27788325-FollowerState: change to CANDIDATE, lastRpcElapsedTime:5004229539ns, electionTimeout:5003ms
2021-08-17 01:35:25,205 [f27f887f-aeec-4d5d-9de4-8fc3f29213c4@group-29FE27788325-FollowerState] INFO  impl.RoleInfo (RoleInfo.java:shutdownFollowerState(108)) - f27f887f-aeec-4d5d-9de4-8fc3f29213c4: shutdown f27f887f-aeec-4d5d-9de4-8fc3f29213c4@group-29FE27788325-FollowerState
2021-08-17 01:35:25,205 [f27f887f-aeec-4d5d-9de4-8fc3f29213c4@group-29FE27788325-FollowerState] INFO  server.RaftServer$Division (RaftServerImpl.java:setRole(285)) - f27f887f-aeec-4d5d-9de4-8fc3f29213c4@group-29FE27788325: changes role from  FOLLOWER to CANDIDATE at term 0 for changeToCandidate
2021-08-17 01:35:25,205 [f27f887f-aeec-4d5d-9de4-8fc3f29213c4@group-29FE27788325-FollowerState] INFO  server.RaftServerConfigKeys (ConfUtils.java:logGet(44)) - raft.server.leaderelection.pre-vote = false (custom)
2021-08-17 01:35:25,205 [f27f887f-aeec-4d5d-9de4-8fc3f29213c4@group-29FE27788325-FollowerState] INFO  impl.RoleInfo (RoleInfo.java:updateAndGet(130)) - f27f887f-aeec-4d5d-9de4-8fc3f29213c4: start f27f887f-aeec-4d5d-9de4-8fc3f29213c4@group-29FE27788325-LeaderElection29
2021-08-17 01:35:25,238 [f27f887f-aeec-4d5d-9de4-8fc3f29213c4@group-29FE27788325-LeaderElection29] INFO  impl.LeaderElection (LeaderElection.java:askForVotes(306)) - f27f887f-aeec-4d5d-9de4-8fc3f29213c4@group-29FE27788325-LeaderElection29 ELECTION round 0: submit vote requests at term 1 for -1: [45d7e1dd-e053-4260-9313-3ad3abbf49bc|rpc:10.1.0.32:44533|priority:0, a55de8bf-208c-4c68-aafe-7443929fbf97|rpc:10.1.0.32:45995|priority:1, f27f887f-aeec-4d5d-9de4-8fc3f29213c4|rpc:10.1.0.32:38841|priority:0], old=null
2021-08-17 01:35:25,264 [grpc-default-executor-2] INFO  server.RaftServer$Division (RaftServerImpl.java:requestVote(1043)) - 45d7e1dd-e053-4260-9313-3ad3abbf49bc@group-29FE27788325: receive requestVote(ELECTION, f27f887f-aeec-4d5d-9de4-8fc3f29213c4, group-29FE27788325, 1, (t:0, i:0))
2021-08-17 01:35:25,264 [grpc-default-executor-2] INFO  impl.VoteContext (VoteContext.java:log(48)) - 45d7e1dd-e053-4260-9313-3ad3abbf49bc@group-29FE27788325-FOLLOWER: accept ELECTION from f27f887f-aeec-4d5d-9de4-8fc3f29213c4: our priority 0 <= candidate's priority 0
2021-08-17 01:35:25,264 [grpc-default-executor-2] INFO  server.RaftServer$Division (RaftServerImpl.java:setRole(285)) - 45d7e1dd-e053-4260-9313-3ad3abbf49bc@group-29FE27788325: changes role from  FOLLOWER to FOLLOWER at term 1 for candidate:f27f887f-aeec-4d5d-9de4-8fc3f29213c4
2021-08-17 01:35:25,264 [grpc-default-executor-2] INFO  impl.RoleInfo (RoleInfo.java:shutdownFollowerState(108)) - 45d7e1dd-e053-4260-9313-3ad3abbf49bc: shutdown 45d7e1dd-e053-4260-9313-3ad3abbf49bc@group-29FE27788325-FollowerState
2021-08-17 01:35:25,264 [grpc-default-executor-2] INFO  impl.RoleInfo (RoleInfo.java:updateAndGet(130)) - 45d7e1dd-e053-4260-9313-3ad3abbf49bc: start 45d7e1dd-e053-4260-9313-3ad3abbf49bc@group-29FE27788325-FollowerState
2021-08-17 01:35:25,264 [45d7e1dd-e053-4260-9313-3ad3abbf49bc@group-29FE27788325-FollowerState] INFO  impl.FollowerState (FollowerState.java:run(143)) - 45d7e1dd-e053-4260-9313-3ad3abbf49bc@group-29FE27788325-FollowerState was interrupted: {}
java.lang.InterruptedException: sleep interrupted
	at java.lang.Thread.sleep(Native Method)
	at java.lang.Thread.sleep(Thread.java:340)
	at java.util.concurrent.TimeUnit.sleep(TimeUnit.java:386)
	at org.apache.ratis.util.TimeDuration.sleep(TimeDuration.java:324)
	at org.apache.ratis.util.TimeDuration.sleep(TimeDuration.java:309)
	at org.apache.ratis.server.impl.FollowerState.run(FollowerState.java:118)
2021-08-17 01:35:25,264 [grpc-default-executor-0] INFO  server.RaftServer$Division (RaftServerImpl.java:requestVote(1043)) - a55de8bf-208c-4c68-aafe-7443929fbf97@group-29FE27788325: receive requestVote(ELECTION, f27f887f-aeec-4d5d-9de4-8fc3f29213c4, group-29FE27788325, 1, (t:0, i:0))
2021-08-17 01:35:25,264 [grpc-default-executor-0] INFO  impl.VoteContext (VoteContext.java:log(48)) - a55de8bf-208c-4c68-aafe-7443929fbf97@group-29FE27788325-FOLLOWER: reject ELECTION from f27f887f-aeec-4d5d-9de4-8fc3f29213c4: our priority 1 > candidate's priority 0
2021-08-17 01:35:25,264 [grpc-default-executor-0] INFO  server.RaftServer$Division (RaftServerImpl.java:setRole(285)) - a55de8bf-208c-4c68-aafe-7443929fbf97@group-29FE27788325: changes role from  FOLLOWER to FOLLOWER at term 1 for candidate:f27f887f-aeec-4d5d-9de4-8fc3f29213c4
2021-08-17 01:35:25,264 [grpc-default-executor-0] INFO  impl.RoleInfo (RoleInfo.java:shutdownFollowerState(108)) - a55de8bf-208c-4c68-aafe-7443929fbf97: shutdown a55de8bf-208c-4c68-aafe-7443929fbf97@group-29FE27788325-FollowerState
2021-08-17 01:35:25,266 [grpc-default-executor-2] INFO  server.RaftServer$Division (RaftServerImpl.java:requestVote(1075)) - 45d7e1dd-e053-4260-9313-3ad3abbf49bc@group-29FE27788325 replies to ELECTION vote request: f27f887f-aeec-4d5d-9de4-8fc3f29213c4<-45d7e1dd-e053-4260-9313-3ad3abbf49bc#0:OK-t1. Peer's state: 45d7e1dd-e053-4260-9313-3ad3abbf49bc@group-29FE27788325:t1, leader=null, voted=f27f887f-aeec-4d5d-9de4-8fc3f29213c4, raftlog=45d7e1dd-e053-4260-9313-3ad3abbf49bc@group-29FE27788325-SegmentedRaftLog:OPENED:c-1,f-1,i0, conf=-1: [45d7e1dd-e053-4260-9313-3ad3abbf49bc|rpc:10.1.0.32:44533|priority:0, a55de8bf-208c-4c68-aafe-7443929fbf97|rpc:10.1.0.32:45995|priority:1, f27f887f-aeec-4d5d-9de4-8fc3f29213c4|rpc:10.1.0.32:38841|priority:0], old=null
2021-08-17 01:35:25,280 [grpc-default-executor-0] INFO  impl.RoleInfo (RoleInfo.java:updateAndGet(130)) - a55de8bf-208c-4c68-aafe-7443929fbf97: start a55de8bf-208c-4c68-aafe-7443929fbf97@group-29FE27788325-FollowerState
2021-08-17 01:35:25,281 [a55de8bf-208c-4c68-aafe-7443929fbf97@group-29FE27788325-FollowerState] INFO  impl.FollowerState (FollowerState.java:run(143)) - a55de8bf-208c-4c68-aafe-7443929fbf97@group-29FE27788325-FollowerState was interrupted: {}
java.lang.InterruptedException: sleep interrupted
	at java.lang.Thread.sleep(Native Method)
	at java.lang.Thread.sleep(Thread.java:340)
	at java.util.concurrent.TimeUnit.sleep(TimeUnit.java:386)
	at org.apache.ratis.util.TimeDuration.sleep(TimeDuration.java:324)
	at org.apache.ratis.util.TimeDuration.sleep(TimeDuration.java:309)
	at org.apache.ratis.server.impl.FollowerState.run(FollowerState.java:118)
2021-08-17 01:35:25,282 [grpc-default-executor-0] INFO  server.RaftServer$Division (RaftServerImpl.java:requestVote(1075)) - a55de8bf-208c-4c68-aafe-7443929fbf97@group-29FE27788325 replies to ELECTION vote request: f27f887f-aeec-4d5d-9de4-8fc3f29213c4<-a55de8bf-208c-4c68-aafe-7443929fbf97#0:FAIL-t1. Peer's state: a55de8bf-208c-4c68-aafe-7443929fbf97@group-29FE27788325:t1, leader=null, voted=null, raftlog=a55de8bf-208c-4c68-aafe-7443929fbf97@group-29FE27788325-SegmentedRaftLog:OPENED:c-1,f-1,i0, conf=-1: [45d7e1dd-e053-4260-9313-3ad3abbf49bc|rpc:10.1.0.32:44533|dataStream:|priority:0, a55de8bf-208c-4c68-aafe-7443929fbf97|rpc:10.1.0.32:45995|dataStream:|priority:1, f27f887f-aeec-4d5d-9de4-8fc3f29213c4|rpc:10.1.0.32:38841|dataStream:|priority:0], old=null
2021-08-17 01:35:25,299 [f27f887f-aeec-4d5d-9de4-8fc3f29213c4@group-29FE27788325-LeaderElection29] INFO  impl.LeaderElection (LeaderElection.java:logAndReturn(89)) - f27f887f-aeec-4d5d-9de4-8fc3f29213c4@group-29FE27788325-LeaderElection29: ELECTION REJECTED received 2 response(s) and 0 exception(s):
2021-08-17 01:35:25,299 [f27f887f-aeec-4d5d-9de4-8fc3f29213c4@group-29FE27788325-LeaderElection29] INFO  impl.LeaderElection (LeaderElection.java:logAndReturn(93)) -   Response 0: f27f887f-aeec-4d5d-9de4-8fc3f29213c4<-45d7e1dd-e053-4260-9313-3ad3abbf49bc#0:OK-t1
2021-08-17 01:35:25,299 [f27f887f-aeec-4d5d-9de4-8fc3f29213c4@group-29FE27788325-LeaderElection29] INFO  impl.LeaderElection (LeaderElection.java:logAndReturn(93)) -   Response 1: f27f887f-aeec-4d5d-9de4-8fc3f29213c4<-a55de8bf-208c-4c68-aafe-7443929fbf97#0:FAIL-t1
2021-08-17 01:35:25,299 [f27f887f-aeec-4d5d-9de4-8fc3f29213c4@group-29FE27788325-LeaderElection29] INFO  impl.LeaderElection (LeaderElection.java:askForVotes(308)) - f27f887f-aeec-4d5d-9de4-8fc3f29213c4@group-29FE27788325-LeaderElection29 ELECTION round 0: result REJECTED
2021-08-17 01:35:25,299 [f27f887f-aeec-4d5d-9de4-8fc3f29213c4@group-29FE27788325-LeaderElection29] INFO  server.RaftServer$Division (RaftServerImpl.java:setRole(285)) - f27f887f-aeec-4d5d-9de4-8fc3f29213c4@group-29FE27788325: changes role from CANDIDATE to FOLLOWER at term 1 for REJECTED
2021-08-17 01:35:25,299 [f27f887f-aeec-4d5d-9de4-8fc3f29213c4@group-29FE27788325-LeaderElection29] INFO  impl.RoleInfo (RoleInfo.java:shutdownLeaderElection(121)) - f27f887f-aeec-4d5d-9de4-8fc3f29213c4: shutdown f27f887f-aeec-4d5d-9de4-8fc3f29213c4@group-29FE27788325-LeaderElection29
2021-08-17 01:35:25,299 [f27f887f-aeec-4d5d-9de4-8fc3f29213c4@group-29FE27788325-LeaderElection29] INFO  impl.RoleInfo (RoleInfo.java:updateAndGet(130)) - f27f887f-aeec-4d5d-9de4-8fc3f29213c4: start f27f887f-aeec-4d5d-9de4-8fc3f29213c4@group-29FE27788325-FollowerState
2021-08-17 01:35:25,337 [45d7e1dd-e053-4260-9313-3ad3abbf49bc@group-4A5094F1E3DA-FollowerState] INFO  impl.FollowerState (FollowerState.java:run(134)) - 45d7e1dd-e053-4260-9313-3ad3abbf49bc@group-4A5094F1E3DA-FollowerState: change to CANDIDATE, lastRpcElapsedTime:5184214432ns, electionTimeout:5166ms
2021-08-17 01:35:25,338 [45d7e1dd-e053-4260-9313-3ad3abbf49bc@group-4A5094F1E3DA-FollowerState] INFO  impl.RoleInfo (RoleInfo.java:shutdownFollowerState(108)) - 45d7e1dd-e053-4260-9313-3ad3abbf49bc: shutdown 45d7e1dd-e053-4260-9313-3ad3abbf49bc@group-4A5094F1E3DA-FollowerState
2021-08-17 01:35:25,338 [45d7e1dd-e053-4260-9313-3ad3abbf49bc@group-4A5094F1E3DA-FollowerState] INFO  server.RaftServer$Division (RaftServerImpl.java:setRole(285)) - 45d7e1dd-e053-4260-9313-3ad3abbf49bc@group-4A5094F1E3DA: changes role from  FOLLOWER to CANDIDATE at term 0 for changeToCandidate
2021-08-17 01:35:25,338 [45d7e1dd-e053-4260-9313-3ad3abbf49bc@group-4A5094F1E3DA-FollowerState] INFO  server.RaftServerConfigKeys (ConfUtils.java:logGet(44)) - raft.server.leaderelection.pre-vote = false (custom)
2021-08-17 01:35:25,338 [45d7e1dd-e053-4260-9313-3ad3abbf49bc@group-4A5094F1E3DA-FollowerState] INFO  impl.RoleInfo (RoleInfo.java:updateAndGet(130)) - 45d7e1dd-e053-4260-9313-3ad3abbf49bc: start 45d7e1dd-e053-4260-9313-3ad3abbf49bc@group-4A5094F1E3DA-LeaderElection30
2021-08-17 01:35:25,371 [45d7e1dd-e053-4260-9313-3ad3abbf49bc@group-4A5094F1E3DA-LeaderElection30] INFO  impl.LeaderElection (LeaderElection.java:askForVotes(306)) - 45d7e1dd-e053-4260-9313-3ad3abbf49bc@group-4A5094F1E3DA-LeaderElection30 ELECTION round 0: submit vote requests at term 1 for -1: [45d7e1dd-e053-4260-9313-3ad3abbf49bc|rpc:10.1.0.32:44533|priority:1], old=null
2021-08-17 01:35:25,371 [45d7e1dd-e053-4260-9313-3ad3abbf49bc@group-4A5094F1E3DA-LeaderElection30] INFO  impl.LeaderElection (LeaderElection.java:askForVotes(308)) - 45d7e1dd-e053-4260-9313-3ad3abbf49bc@group-4A5094F1E3DA-LeaderElection30 ELECTION round 0: result PASSED (term=1)
2021-08-17 01:35:25,371 [45d7e1dd-e053-4260-9313-3ad3abbf49bc@group-4A5094F1E3DA-LeaderElection30] INFO  impl.RoleInfo (RoleInfo.java:shutdownLeaderElection(121)) - 45d7e1dd-e053-4260-9313-3ad3abbf49bc: shutdown 45d7e1dd-e053-4260-9313-3ad3abbf49bc@group-4A5094F1E3DA-LeaderElection30
2021-08-17 01:35:25,371 [45d7e1dd-e053-4260-9313-3ad3abbf49bc@group-4A5094F1E3DA-LeaderElection30] INFO  server.RaftServer$Division (RaftServerImpl.java:setRole(285)) - 45d7e1dd-e053-4260-9313-3ad3abbf49bc@group-4A5094F1E3DA: changes role from CANDIDATE to LEADER at term 1 for changeToLeader
2021-08-17 01:35:25,371 [45d7e1dd-e053-4260-9313-3ad3abbf49bc@group-4A5094F1E3DA-LeaderElection30] INFO  ratis.XceiverServerRatis (XceiverServerRatis.java:handleLeaderChangedNotification(861)) - Leader change notification received for group: group-4A5094F1E3DA with new leaderId: 45d7e1dd-e053-4260-9313-3ad3abbf49bc
2021-08-17 01:35:25,371 [45d7e1dd-e053-4260-9313-3ad3abbf49bc@group-4A5094F1E3DA-LeaderElection30] INFO  server.RaftServer$Division (ServerState.java:setLeader(285)) - 45d7e1dd-e053-4260-9313-3ad3abbf49bc@group-4A5094F1E3DA: change Leader from null to 45d7e1dd-e053-4260-9313-3ad3abbf49bc at term 1 for becomeLeader, leader elected after 5242ms
2021-08-17 01:35:25,371 [45d7e1dd-e053-4260-9313-3ad3abbf49bc@group-4A5094F1E3DA-LeaderElection30] INFO  server.RaftServerConfigKeys (ConfUtils.java:logGet(44)) - raft.server.staging.catchup.gap = 1000 (default)
2021-08-17 01:35:25,371 [Datanode State Machine Thread - 0] WARN  statemachine.StateContext (StateContext.java:execute(621)) - No available thread in pool for past 1 seconds.
2021-08-17 01:35:25,371 [45d7e1dd-e053-4260-9313-3ad3abbf49bc@group-4A5094F1E3DA-LeaderElection30] INFO  server.RaftServerConfigKeys (ConfUtils.java:logGet(44)) - raft.server.write.element-limit = 1024 (custom)
2021-08-17 01:35:25,371 [45d7e1dd-e053-4260-9313-3ad3abbf49bc@group-4A5094F1E3DA-LeaderElection30] INFO  server.RaftServerConfigKeys (ConfUtils.java:logGet(44)) - raft.server.write.byte-limit = 1024 M (=1073741824) (custom)
2021-08-17 01:35:25,371 [45d7e1dd-e053-4260-9313-3ad3abbf49bc@group-4A5094F1E3DA-LeaderElection30] INFO  server.RaftServerConfigKeys (ConfUtils.java:logGet(44)) - raft.server.watch.timeout = 180s (custom)
2021-08-17 01:35:25,371 [45d7e1dd-e053-4260-9313-3ad3abbf49bc@group-4A5094F1E3DA-LeaderElection30] INFO  server.RaftServerConfigKeys (ConfUtils.java:logGet(44)) - raft.server.watch.timeout.denomination = 1s (default)
2021-08-17 01:35:25,371 [45d7e1dd-e053-4260-9313-3ad3abbf49bc@group-4A5094F1E3DA-LeaderElection30] INFO  server.RaftServerConfigKeys (ConfUtils.java:logGet(44)) - raft.server.watch.element-limit = 65536 (default)
2021-08-17 01:35:25,372 [45d7e1dd-e053-4260-9313-3ad3abbf49bc@group-4A5094F1E3DA-LeaderElection30] INFO  impl.RoleInfo (RoleInfo.java:updateAndGet(130)) - 45d7e1dd-e053-4260-9313-3ad3abbf49bc: start 45d7e1dd-e053-4260-9313-3ad3abbf49bc@group-4A5094F1E3DA-LeaderStateImpl
2021-08-17 01:35:25,372 [45d7e1dd-e053-4260-9313-3ad3abbf49bc@group-4A5094F1E3DA-LeaderElection30] INFO  segmented.SegmentedRaftLogWorker (SegmentedRaftLogWorker.java:startLogSegment(394)) - 45d7e1dd-e053-4260-9313-3ad3abbf49bc@group-4A5094F1E3DA-SegmentedRaftLogWorker: Starting segment from index:0
2021-08-17 01:35:25,375 [45d7e1dd-e053-4260-9313-3ad3abbf49bc@group-4A5094F1E3DA-SegmentedRaftLogWorker] INFO  segmented.SegmentedRaftLogWorker (SegmentedRaftLogWorker.java:execute(601)) - 45d7e1dd-e053-4260-9313-3ad3abbf49bc@group-4A5094F1E3DA-SegmentedRaftLogWorker: created new log segment /home/runner/work/ozone/ozone/hadoop-ozone/integration-test/target/test-dir/MiniOzoneClusterImpl-792c0480-480e-4b9f-8df8-75fa91581c67/datanode-1/data/ratis/83e8a4a5-f51d-46cc-95f4-4a5094f1e3da/current/log_inprogress_0
2021-08-17 01:35:25,382 [45d7e1dd-e053-4260-9313-3ad3abbf49bc@group-4A5094F1E3DA-LeaderElection30] INFO  server.RaftServer$Division (ServerState.java:setRaftConf(387)) - 45d7e1dd-e053-4260-9313-3ad3abbf49bc@group-4A5094F1E3DA: set configuration 0: [45d7e1dd-e053-4260-9313-3ad3abbf49bc|rpc:10.1.0.32:44533|dataStream:|priority:1], old=null
2021-08-17 01:35:25,480 [Listener at 127.0.0.1/39113] INFO  ozone.MiniOzoneClusterImpl (MiniOzoneClusterImpl.java:lambda$waitForClusterToBeReady$0(235)) - Nodes are ready. Got 3 of 3 DN Heartbeats.
2021-08-17 01:35:25,481 [Listener at 127.0.0.1/39113] INFO  ozone.MiniOzoneClusterImpl (MiniOzoneClusterImpl.java:lambda$waitForClusterToBeReady$0(238)) - Cluster exits safe mode
2021-08-17 01:35:25,481 [Listener at 127.0.0.1/39113] INFO  ozone.MiniOzoneClusterImpl (MiniOzoneClusterImpl.java:lambda$waitForClusterToBeReady$0(240)) - SCM became leader
2021-08-17 01:35:25,481 [Listener at 127.0.0.1/39113] INFO  ha.SequenceIdGenerator (SequenceIdGenerator.java:getNextId(127)) - Allocate a batch for containerId, change lastId from 0 to 1000.
2021-08-17 01:35:25,609 [a55de8bf-208c-4c68-aafe-7443929fbf97@group-A501B9769178-FollowerState] INFO  impl.FollowerState (FollowerState.java:run(134)) - a55de8bf-208c-4c68-aafe-7443929fbf97@group-A501B9769178-FollowerState: change to CANDIDATE, lastRpcElapsedTime:5014290094ns, electionTimeout:5002ms
2021-08-17 01:35:25,610 [a55de8bf-208c-4c68-aafe-7443929fbf97@group-A501B9769178-FollowerState] INFO  impl.RoleInfo (RoleInfo.java:shutdownFollowerState(108)) - a55de8bf-208c-4c68-aafe-7443929fbf97: shutdown a55de8bf-208c-4c68-aafe-7443929fbf97@group-A501B9769178-FollowerState
2021-08-17 01:35:25,610 [a55de8bf-208c-4c68-aafe-7443929fbf97@group-A501B9769178-FollowerState] INFO  server.RaftServer$Division (RaftServerImpl.java:setRole(285)) - a55de8bf-208c-4c68-aafe-7443929fbf97@group-A501B9769178: changes role from  FOLLOWER to CANDIDATE at term 0 for changeToCandidate
2021-08-17 01:35:25,610 [a55de8bf-208c-4c68-aafe-7443929fbf97@group-A501B9769178-FollowerState] INFO  server.RaftServerConfigKeys (ConfUtils.java:logGet(44)) - raft.server.leaderelection.pre-vote = false (custom)
2021-08-17 01:35:25,610 [a55de8bf-208c-4c68-aafe-7443929fbf97@group-A501B9769178-FollowerState] INFO  impl.RoleInfo (RoleInfo.java:updateAndGet(130)) - a55de8bf-208c-4c68-aafe-7443929fbf97: start a55de8bf-208c-4c68-aafe-7443929fbf97@group-A501B9769178-LeaderElection31
2021-08-17 01:35:25,642 [a55de8bf-208c-4c68-aafe-7443929fbf97@group-A501B9769178-LeaderElection31] INFO  impl.LeaderElection (LeaderElection.java:askForVotes(306)) - a55de8bf-208c-4c68-aafe-7443929fbf97@group-A501B9769178-LeaderElection31 ELECTION round 0: submit vote requests at term 1 for -1: [a55de8bf-208c-4c68-aafe-7443929fbf97|rpc:10.1.0.32:45995|priority:1], old=null
2021-08-17 01:35:25,642 [a55de8bf-208c-4c68-aafe-7443929fbf97@group-A501B9769178-LeaderElection31] INFO  impl.LeaderElection (LeaderElection.java:askForVotes(308)) - a55de8bf-208c-4c68-aafe-7443929fbf97@group-A501B9769178-LeaderElection31 ELECTION round 0: result PASSED (term=1)
2021-08-17 01:35:25,642 [a55de8bf-208c-4c68-aafe-7443929fbf97@group-A501B9769178-LeaderElection31] INFO  impl.RoleInfo (RoleInfo.java:shutdownLeaderElection(121)) - a55de8bf-208c-4c68-aafe-7443929fbf97: shutdown a55de8bf-208c-4c68-aafe-7443929fbf97@group-A501B9769178-LeaderElection31
2021-08-17 01:35:25,642 [a55de8bf-208c-4c68-aafe-7443929fbf97@group-A501B9769178-LeaderElection31] INFO  server.RaftServer$Division (RaftServerImpl.java:setRole(285)) - a55de8bf-208c-4c68-aafe-7443929fbf97@group-A501B9769178: changes role from CANDIDATE to LEADER at term 1 for changeToLeader
2021-08-17 01:35:25,642 [a55de8bf-208c-4c68-aafe-7443929fbf97@group-A501B9769178-LeaderElection31] INFO  ratis.XceiverServerRatis (XceiverServerRatis.java:handleLeaderChangedNotification(861)) - Leader change notification received for group: group-A501B9769178 with new leaderId: a55de8bf-208c-4c68-aafe-7443929fbf97
2021-08-17 01:35:25,643 [Datanode State Machine Thread - 0] WARN  statemachine.StateContext (StateContext.java:execute(621)) - No available thread in pool for past 1 seconds.
2021-08-17 01:35:25,643 [a55de8bf-208c-4c68-aafe-7443929fbf97@group-A501B9769178-LeaderElection31] INFO  server.RaftServer$Division (ServerState.java:setLeader(285)) - a55de8bf-208c-4c68-aafe-7443929fbf97@group-A501B9769178: change Leader from null to a55de8bf-208c-4c68-aafe-7443929fbf97 at term 1 for becomeLeader, leader elected after 5075ms
2021-08-17 01:35:25,643 [a55de8bf-208c-4c68-aafe-7443929fbf97@group-A501B9769178-LeaderElection31] INFO  server.RaftServerConfigKeys (ConfUtils.java:logGet(44)) - raft.server.staging.catchup.gap = 1000 (default)
2021-08-17 01:35:25,643 [a55de8bf-208c-4c68-aafe-7443929fbf97@group-A501B9769178-LeaderElection31] INFO  server.RaftServerConfigKeys (ConfUtils.java:logGet(44)) - raft.server.write.element-limit = 1024 (custom)
2021-08-17 01:35:25,643 [a55de8bf-208c-4c68-aafe-7443929fbf97@group-A501B9769178-LeaderElection31] INFO  server.RaftServerConfigKeys (ConfUtils.java:logGet(44)) - raft.server.write.byte-limit = 1024 M (=1073741824) (custom)
2021-08-17 01:35:25,643 [a55de8bf-208c-4c68-aafe-7443929fbf97@group-A501B9769178-LeaderElection31] INFO  server.RaftServerConfigKeys (ConfUtils.java:logGet(44)) - raft.server.watch.timeout = 180s (custom)
2021-08-17 01:35:25,643 [a55de8bf-208c-4c68-aafe-7443929fbf97@group-A501B9769178-LeaderElection31] INFO  server.RaftServerConfigKeys (ConfUtils.java:logGet(44)) - raft.server.watch.timeout.denomination = 1s (default)
2021-08-17 01:35:25,643 [a55de8bf-208c-4c68-aafe-7443929fbf97@group-A501B9769178-LeaderElection31] INFO  server.RaftServerConfigKeys (ConfUtils.java:logGet(44)) - raft.server.watch.element-limit = 65536 (default)
2021-08-17 01:35:25,644 [a55de8bf-208c-4c68-aafe-7443929fbf97@group-A501B9769178-LeaderElection31] INFO  impl.RoleInfo (RoleInfo.java:updateAndGet(130)) - a55de8bf-208c-4c68-aafe-7443929fbf97: start a55de8bf-208c-4c68-aafe-7443929fbf97@group-A501B9769178-LeaderStateImpl
2021-08-17 01:35:25,644 [a55de8bf-208c-4c68-aafe-7443929fbf97@group-A501B9769178-LeaderElection31] INFO  segmented.SegmentedRaftLogWorker (SegmentedRaftLogWorker.java:startLogSegment(394)) - a55de8bf-208c-4c68-aafe-7443929fbf97@group-A501B9769178-SegmentedRaftLogWorker: Starting segment from index:0
2021-08-17 01:35:25,647 [a55de8bf-208c-4c68-aafe-7443929fbf97@group-A501B9769178-SegmentedRaftLogWorker] INFO  segmented.SegmentedRaftLogWorker (SegmentedRaftLogWorker.java:execute(601)) - a55de8bf-208c-4c68-aafe-7443929fbf97@group-A501B9769178-SegmentedRaftLogWorker: created new log segment /home/runner/work/ozone/ozone/hadoop-ozone/integration-test/target/test-dir/MiniOzoneClusterImpl-792c0480-480e-4b9f-8df8-75fa91581c67/datanode-2/data/ratis/6d50281d-9043-45b3-b579-a501b9769178/current/log_inprogress_0
2021-08-17 01:35:25,654 [a55de8bf-208c-4c68-aafe-7443929fbf97@group-A501B9769178-LeaderElection31] INFO  server.RaftServer$Division (ServerState.java:setRaftConf(387)) - a55de8bf-208c-4c68-aafe-7443929fbf97@group-A501B9769178: set configuration 0: [a55de8bf-208c-4c68-aafe-7443929fbf97|rpc:10.1.0.32:45995|dataStream:|priority:1], old=null
2021-08-17 01:35:27,029 [Listener at 127.0.0.1/39113] ERROR ratis.XceiverServerRatis (XceiverServerRatis.java:triggerPipelineClose(676)) - pipeline Action CLOSE on pipeline PipelineID=cb3b522b-73b4-45bb-8027-50ccf1fd7dad.Reason : Unspecified failure reported in Ratis log
2021-08-17 01:35:27,029 [Datanode State Machine Thread - 0] WARN  statemachine.StateContext (StateContext.java:execute(621)) - No available thread in pool for past 1 seconds.
2021-08-17 01:35:27,054 [EventQueue-PipelineActionsForPipelineActionHandler] INFO  pipeline.PipelineActionHandler (PipelineActionHandler.java:processPipelineAction(82)) - Received pipeline action CLOSE for PipelineID=cb3b522b-73b4-45bb-8027-50ccf1fd7dad from datanode 45d7e1dd-e053-4260-9313-3ad3abbf49bc. Reason : Unspecified failure reported in Ratis log
2021-08-17 01:35:27,083 [EventQueue-PipelineActionsForPipelineActionHandler] INFO  pipeline.PipelineManagerImpl (PipelineManagerImpl.java:closePipeline(343)) - Pipeline Pipeline[ Id: cb3b522b-73b4-45bb-8027-50ccf1fd7dad, Nodes: 45d7e1dd-e053-4260-9313-3ad3abbf49bc{ip: 10.1.0.32, host: fv-az195-965.u3nnjwd0vyge1bu22idnsdeq2e.cx.internal.cloudapp.net, ports: [REPLICATION=39145, RATIS=44533, RATIS_ADMIN=44533, RATIS_SERVER=44533, STANDALONE=42493], networkLocation: /default-rack, certSerialId: null, persistedOpState: IN_SERVICE, persistedOpStateExpiryEpochSec: 0}a55de8bf-208c-4c68-aafe-7443929fbf97{ip: 10.1.0.32, host: fv-az195-965.u3nnjwd0vyge1bu22idnsdeq2e.cx.internal.cloudapp.net, ports: [REPLICATION=39567, RATIS=45995, RATIS_ADMIN=45995, RATIS_SERVER=45995, STANDALONE=39467], networkLocation: /default-rack, certSerialId: null, persistedOpState: IN_SERVICE, persistedOpStateExpiryEpochSec: 0}f27f887f-aeec-4d5d-9de4-8fc3f29213c4{ip: 10.1.0.32, host: fv-az195-965.u3nnjwd0vyge1bu22idnsdeq2e.cx.internal.cloudapp.net, ports: [REPLICATION=44741, RATIS=38841, RATIS_ADMIN=38841, RATIS_SERVER=38841, STANDALONE=38327], networkLocation: /default-rack, certSerialId: null, persistedOpState: IN_SERVICE, persistedOpStateExpiryEpochSec: 0}, ReplicationConfig: RATIS/THREE, State:OPEN, leaderId:f27f887f-aeec-4d5d-9de4-8fc3f29213c4, CreationTimestamp2021-08-17T01:35:17.555Z[Etc/UTC]] moved to CLOSED state
2021-08-17 01:35:27,127 [EventQueue-PipelineActionsForPipelineActionHandler] INFO  pipeline.RatisPipelineProvider (RatisPipelineProvider.java:lambda$close$1(222)) - Send pipeline:PipelineID=cb3b522b-73b4-45bb-8027-50ccf1fd7dad close command to datanode 45d7e1dd-e053-4260-9313-3ad3abbf49bc
2021-08-17 01:35:27,127 [EventQueue-PipelineActionsForPipelineActionHandler] INFO  pipeline.RatisPipelineProvider (RatisPipelineProvider.java:lambda$close$1(222)) - Send pipeline:PipelineID=cb3b522b-73b4-45bb-8027-50ccf1fd7dad close command to datanode a55de8bf-208c-4c68-aafe-7443929fbf97
2021-08-17 01:35:27,127 [EventQueue-PipelineActionsForPipelineActionHandler] INFO  pipeline.RatisPipelineProvider (RatisPipelineProvider.java:lambda$close$1(222)) - Send pipeline:PipelineID=cb3b522b-73b4-45bb-8027-50ccf1fd7dad close command to datanode f27f887f-aeec-4d5d-9de4-8fc3f29213c4
2021-08-17 01:35:27,137 [EventQueue-PipelineActionsForPipelineActionHandler] INFO  pipeline.PipelineStateManager (PipelineStateManagerV2Impl.java:removePipeline(211)) - Pipeline Pipeline[ Id: cb3b522b-73b4-45bb-8027-50ccf1fd7dad, Nodes: 45d7e1dd-e053-4260-9313-3ad3abbf49bc{ip: 10.1.0.32, host: fv-az195-965.u3nnjwd0vyge1bu22idnsdeq2e.cx.internal.cloudapp.net, ports: [REPLICATION=39145, RATIS=44533, RATIS_ADMIN=44533, RATIS_SERVER=44533, STANDALONE=42493], networkLocation: /default-rack, certSerialId: null, persistedOpState: IN_SERVICE, persistedOpStateExpiryEpochSec: 0}a55de8bf-208c-4c68-aafe-7443929fbf97{ip: 10.1.0.32, host: fv-az195-965.u3nnjwd0vyge1bu22idnsdeq2e.cx.internal.cloudapp.net, ports: [REPLICATION=39567, RATIS=45995, RATIS_ADMIN=45995, RATIS_SERVER=45995, STANDALONE=39467], networkLocation: /default-rack, certSerialId: null, persistedOpState: IN_SERVICE, persistedOpStateExpiryEpochSec: 0}f27f887f-aeec-4d5d-9de4-8fc3f29213c4{ip: 10.1.0.32, host: fv-az195-965.u3nnjwd0vyge1bu22idnsdeq2e.cx.internal.cloudapp.net, ports: [REPLICATION=44741, RATIS=38841, RATIS_ADMIN=38841, RATIS_SERVER=38841, STANDALONE=38327], networkLocation: /default-rack, certSerialId: null, persistedOpState: IN_SERVICE, persistedOpStateExpiryEpochSec: 0}, ReplicationConfig: RATIS/THREE, State:CLOSED, leaderId:f27f887f-aeec-4d5d-9de4-8fc3f29213c4, CreationTimestamp2021-08-17T01:35:17.555Z[Etc/UTC]] removed.
2021-08-17 01:35:27,156 [EventQueue-CloseContainerForCloseContainerEventHandler] INFO  container.CloseContainerEventHandler (CloseContainerEventHandler.java:onMessage(69)) - Close container Event triggered for container : #1
2021-08-17 01:35:27,191 [EventQueue-CloseContainerForCloseContainerEventHandler] INFO  pipeline.PipelineStateManager (PipelineStateManagerV2Impl.java:removeContainerFromPipeline(237)) - Pipeline PipelineID=cb3b522b-73b4-45bb-8027-50ccf1fd7dad is not found in the pipeline2ContainerMap. Pipeline may have been closed already.
2021-08-17 01:35:27,191 [EventQueue-CloseContainerForCloseContainerEventHandler] INFO  container.CloseContainerEventHandler (CloseContainerEventHandler.java:onMessage(69)) - Close container Event triggered for container : #2
2021-08-17 01:35:27,191 [EventQueue-CloseContainerForCloseContainerEventHandler] INFO  pipeline.PipelineStateManager (PipelineStateManagerV2Impl.java:removeContainerFromPipeline(237)) - Pipeline PipelineID=cb3b522b-73b4-45bb-8027-50ccf1fd7dad is not found in the pipeline2ContainerMap. Pipeline may have been closed already.
2021-08-17 01:35:27,382 [Listener at 127.0.0.1/39113] INFO  ozone.MiniOzoneClusterImpl (MiniOzoneClusterImpl.java:shutdown(453)) - Shutting down the Mini Ozone Cluster
2021-08-17 01:35:27,410 [Listener at 127.0.0.1/39113] INFO  ozone.MiniOzoneClusterImpl (MiniOzoneClusterImpl.java:stop(468)) - Stopping the Mini Ozone Cluster
2021-08-17 01:35:27,410 [Listener at 127.0.0.1/39113] INFO  ozone.MiniOzoneClusterImpl (MiniOzoneClusterImpl.java:stopOM(550)) - Stopping the OzoneManager
2021-08-17 01:35:27,410 [Listener at 127.0.0.1/39113] INFO  om.OzoneManager (OzoneManager.java:stop(1632)) - Stopping Ozone Manager
2021-08-17 01:35:27,411 [Listener at 127.0.0.1/39113] INFO  ipc.Server (Server.java:stop(3414)) - Stopping server on 39113
2021-08-17 01:35:27,422 [IPC Server Responder] INFO  ipc.Server (Server.java:run(1512)) - Stopping IPC Server Responder
2021-08-17 01:35:27,422 [Listener at 127.0.0.1/39113] INFO  server.RaftServer (RaftServerProxy.java:lambda$close$6(391)) - om1: close
2021-08-17 01:35:27,423 [Listener at 127.0.0.1/39113] INFO  server.RaftServer$Division (RaftServerImpl.java:lambda$close$4(407)) - om1@group-C5BA1605619E: shutdown
2021-08-17 01:35:27,423 [Listener at 127.0.0.1/39113] INFO  util.JmxRegister (JmxRegister.java:unregister(73)) - Successfully un-registered JMX Bean with object name Ratis:service=RaftServer,group=group-C5BA1605619E,id=om1
2021-08-17 01:35:27,423 [Listener at 127.0.0.1/39113] INFO  impl.RoleInfo (RoleInfo.java:shutdownLeaderState(91)) - om1: shutdown om1@group-C5BA1605619E-LeaderStateImpl
2021-08-17 01:35:27,423 [Listener at 127.0.0.1/39113] INFO  impl.PendingRequests (PendingRequests.java:sendNotLeaderResponses(282)) - om1@group-C5BA1605619E-PendingRequests: sendNotLeaderResponses
2021-08-17 01:35:27,426 [om1@group-C5BA1605619E-StateMachineUpdater] INFO  ratis.OzoneManagerStateMachine (OzoneManagerStateMachine.java:takeSnapshot(417)) - Current Snapshot Index (t:1, i:0)
2021-08-17 01:35:27,426 [om1@group-C5BA1605619E-StateMachineUpdater] INFO  impl.StateMachineUpdater (StateMachineUpdater.java:takeSnapshot(281)) - om1@group-C5BA1605619E-StateMachineUpdater: Took a snapshot at index 0
2021-08-17 01:35:27,426 [om1@group-C5BA1605619E-StateMachineUpdater] INFO  impl.StateMachineUpdater (StateMachineUpdater.java:lambda$new$0(89)) - om1@group-C5BA1605619E-StateMachineUpdater: snapshotIndex: updateIncreasingly -1 -> 0
2021-08-17 01:35:27,426 [om1@group-C5BA1605619E-StateMachineUpdater] INFO  ratis.OzoneManagerStateMachine (OzoneManagerStateMachine.java:close(471)) - StateMachine has shutdown. Shutdown OzoneManager if not already shutdown.
2021-08-17 01:35:27,429 [Listener at 127.0.0.1/39113] INFO  impl.StateMachineUpdater (StateMachineUpdater.java:stopAndJoin(149)) - om1@group-C5BA1605619E-StateMachineUpdater: set stopIndex = 0
2021-08-17 01:35:27,429 [Listener at 127.0.0.1/39113] INFO  server.RaftServer$Division (ServerState.java:close(419)) - om1@group-C5BA1605619E: closes. applyIndex: 0
2021-08-17 01:35:27,435 [IPC Server listener on 0] INFO  ipc.Server (Server.java:run(1376)) - Stopping IPC Server listener on 0
2021-08-17 01:35:27,454 [om1@group-C5BA1605619E-SegmentedRaftLogWorker] INFO  segmented.SegmentedRaftLogWorker (SegmentedRaftLogWorker.java:run(327)) - om1@group-C5BA1605619E-SegmentedRaftLogWorker was interrupted, exiting. There are 0 tasks remaining in the queue.
2021-08-17 01:35:27,491 [Listener at 127.0.0.1/39113] INFO  segmented.SegmentedRaftLogWorker (SegmentedRaftLogWorker.java:close(237)) - om1@group-C5BA1605619E-SegmentedRaftLogWorker close()
2021-08-17 01:35:27,553 [Listener at 127.0.0.1/39113] INFO  server.GrpcService (GrpcService.java:closeImpl(262)) - om1: shutdown server with port 9872 now
2021-08-17 01:35:27,555 [Listener at 127.0.0.1/39113] INFO  server.GrpcService (GrpcService.java:closeImpl(271)) - om1: shutdown server with port 9872 successfully
2021-08-17 01:35:27,555 [org.apache.ratis.util.JvmPauseMonitor$$Lambda$531/132072452@62831545] INFO  util.JvmPauseMonitor (JvmPauseMonitor.java:run(109)) - JvmPauseMonitor-om1: Stopped
2021-08-17 01:35:27,555 [Listener at 127.0.0.1/39113] INFO  ratis.OzoneManagerDoubleBuffer (OzoneManagerDoubleBuffer.java:stop(437)) - Stopping OMDoubleBuffer flush thread
2021-08-17 01:35:27,555 [OMDoubleBufferFlushThread] INFO  ratis.OzoneManagerDoubleBuffer (OzoneManagerDoubleBuffer.java:flushTransactions(356)) - OMDoubleBuffer flush thread OMDoubleBufferFlushThread is interrupted and will exit. OMDoubleBufferFlushThread
2021-08-17 01:35:27,555 [Listener at 127.0.0.1/39113] INFO  utils.BackgroundService (BackgroundService.java:shutdown(132)) - Shutting down service KeyDeletingService
2021-08-17 01:35:27,557 [Listener at 127.0.0.1/39113] INFO  handler.ContextHandler (ContextHandler.java:doStop(1153)) - Stopped o.e.j.w.WebAppContext@8028f2b{ozoneManager,/,null,STOPPED}{file:/home/runner/work/ozone/ozone/hadoop-ozone/integration-test/target/test-classes/webapps/ozoneManager}
2021-08-17 01:35:27,563 [Listener at 127.0.0.1/39113] INFO  server.AbstractConnector (AbstractConnector.java:doStop(381)) - Stopped ServerConnector@2420a36e{HTTP/1.1, (http/1.1)}{0.0.0.0:0}
2021-08-17 01:35:27,563 [Listener at 127.0.0.1/39113] INFO  server.session (HouseKeeper.java:stopScavenging(149)) - node0 Stopped scavenging
2021-08-17 01:35:27,563 [Listener at 127.0.0.1/39113] INFO  handler.ContextHandler (ContextHandler.java:doStop(1153)) - Stopped o.e.j.s.ServletContextHandler@1cb0eee6{static,/static,file:///home/runner/work/ozone/ozone/hadoop-ozone/integration-test/target/test-classes/webapps/static,STOPPED}
2021-08-17 01:35:27,563 [Listener at 127.0.0.1/39113] INFO  handler.ContextHandler (ContextHandler.java:doStop(1153)) - Stopped o.e.j.s.ServletContextHandler@7e779dc6{logs,/logs,file:///home/runner/work/ozone/ozone/hadoop-ozone/integration-test/target/log,STOPPED}
2021-08-17 01:35:27,591 [Listener at 127.0.0.1/39113] INFO  ozone.MiniOzoneClusterImpl (MiniOzoneClusterImpl.java:stopDatanodes(527)) - Stopping the HddsDatanodes
2021-08-17 01:35:27,981 [Datanode State Machine Thread - 0] INFO  statemachine.DatanodeStateMachine (DatanodeStateMachine.java:lambda$startDaemon$0(457)) - Ozone container server started.
2021-08-17 01:35:28,029 [Datanode State Machine Thread - 0] INFO  statemachine.DatanodeStateMachine (DatanodeStateMachine.java:lambda$startDaemon$0(457)) - Ozone container server started.
2021-08-17 01:35:29,643 [Command processor thread] INFO  server.RaftServer (RaftServerProxy.java:remove(106)) - a55de8bf-208c-4c68-aafe-7443929fbf97: remove  FOLLOWER a55de8bf-208c-4c68-aafe-7443929fbf97@group-50CCF1FD7DAD:t1, leader=f27f887f-aeec-4d5d-9de4-8fc3f29213c4, voted=f27f887f-aeec-4d5d-9de4-8fc3f29213c4, raftlog=a55de8bf-208c-4c68-aafe-7443929fbf97@group-50CCF1FD7DAD-SegmentedRaftLog:OPENED:c0,f0,i0, conf=0: [45d7e1dd-e053-4260-9313-3ad3abbf49bc|rpc:10.1.0.32:44533|dataStream:|priority:0, a55de8bf-208c-4c68-aafe-7443929fbf97|rpc:10.1.0.32:45995|dataStream:|priority:0, f27f887f-aeec-4d5d-9de4-8fc3f29213c4|rpc:10.1.0.32:38841|dataStream:|priority:1], old=null RUNNING
2021-08-17 01:35:29,643 [Command processor thread] INFO  server.RaftServer$Division (RaftServerImpl.java:lambda$close$4(407)) - a55de8bf-208c-4c68-aafe-7443929fbf97@group-50CCF1FD7DAD: shutdown
2021-08-17 01:35:29,643 [Command processor thread] INFO  util.JmxRegister (JmxRegister.java:unregister(73)) - Successfully un-registered JMX Bean with object name Ratis:service=RaftServer,group=group-50CCF1FD7DAD,id=a55de8bf-208c-4c68-aafe-7443929fbf97
2021-08-17 01:35:29,643 [Command processor thread] INFO  impl.RoleInfo (RoleInfo.java:shutdownFollowerState(108)) - a55de8bf-208c-4c68-aafe-7443929fbf97: shutdown a55de8bf-208c-4c68-aafe-7443929fbf97@group-50CCF1FD7DAD-FollowerState
2021-08-17 01:35:29,643 [Command processor thread] INFO  impl.StateMachineUpdater (StateMachineUpdater.java:stopAndJoin(149)) - a55de8bf-208c-4c68-aafe-7443929fbf97@group-50CCF1FD7DAD-StateMachineUpdater: set stopIndex = 0
2021-08-17 01:35:29,644 [a55de8bf-208c-4c68-aafe-7443929fbf97@group-50CCF1FD7DAD-FollowerState] INFO  impl.FollowerState (FollowerState.java:run(143)) - a55de8bf-208c-4c68-aafe-7443929fbf97@group-50CCF1FD7DAD-FollowerState was interrupted: {}
java.lang.InterruptedException: sleep interrupted
	at java.lang.Thread.sleep(Native Method)
	at java.lang.Thread.sleep(Thread.java:340)
	at java.util.concurrent.TimeUnit.sleep(TimeUnit.java:386)
	at org.apache.ratis.util.TimeDuration.sleep(TimeDuration.java:324)
	at org.apache.ratis.util.TimeDuration.sleep(TimeDuration.java:309)
	at org.apache.ratis.server.impl.FollowerState.run(FollowerState.java:118)
2021-08-17 01:35:29,661 [a55de8bf-208c-4c68-aafe-7443929fbf97@group-50CCF1FD7DAD-StateMachineUpdater] INFO  ratis.ContainerStateMachine (ContainerStateMachine.java:takeSnapshot(293)) - group-50CCF1FD7DAD: Taking a snapshot at:(t:1, i:0) file /home/runner/work/ozone/ozone/hadoop-ozone/integration-test/target/test-dir/MiniOzoneClusterImpl-792c0480-480e-4b9f-8df8-75fa91581c67/datanode-2/data/ratis/cb3b522b-73b4-45bb-8027-50ccf1fd7dad/sm/snapshot.1_0
2021-08-17 01:35:29,663 [a55de8bf-208c-4c68-aafe-7443929fbf97@group-50CCF1FD7DAD-StateMachineUpdater] INFO  ratis.ContainerStateMachine (ContainerStateMachine.java:takeSnapshot(304)) - group-50CCF1FD7DAD: Finished taking a snapshot at:(t:1, i:0) file:/home/runner/work/ozone/ozone/hadoop-ozone/integration-test/target/test-dir/MiniOzoneClusterImpl-792c0480-480e-4b9f-8df8-75fa91581c67/datanode-2/data/ratis/cb3b522b-73b4-45bb-8027-50ccf1fd7dad/sm/snapshot.1_0 took: 1 ms
2021-08-17 01:35:29,663 [a55de8bf-208c-4c68-aafe-7443929fbf97@group-50CCF1FD7DAD-StateMachineUpdater] INFO  impl.StateMachineUpdater (StateMachineUpdater.java:takeSnapshot(281)) - a55de8bf-208c-4c68-aafe-7443929fbf97@group-50CCF1FD7DAD-StateMachineUpdater: Took a snapshot at index 0
2021-08-17 01:35:29,663 [a55de8bf-208c-4c68-aafe-7443929fbf97@group-50CCF1FD7DAD-StateMachineUpdater] INFO  impl.StateMachineUpdater (StateMachineUpdater.java:lambda$new$0(89)) - a55de8bf-208c-4c68-aafe-7443929fbf97@group-50CCF1FD7DAD-StateMachineUpdater: snapshotIndex: updateIncreasingly -1 -> 0
2021-08-17 01:35:29,664 [Command processor thread] INFO  server.RaftServer$Division (ServerState.java:close(419)) - a55de8bf-208c-4c68-aafe-7443929fbf97@group-50CCF1FD7DAD: closes. applyIndex: 0
2021-08-17 01:35:29,664 [a55de8bf-208c-4c68-aafe-7443929fbf97@group-50CCF1FD7DAD-SegmentedRaftLogWorker] INFO  segmented.SegmentedRaftLogWorker (SegmentedRaftLogWorker.java:run(327)) - a55de8bf-208c-4c68-aafe-7443929fbf97@group-50CCF1FD7DAD-SegmentedRaftLogWorker was interrupted, exiting. There are 0 tasks remaining in the queue.
2021-08-17 01:35:29,664 [Command processor thread] INFO  segmented.SegmentedRaftLogWorker (SegmentedRaftLogWorker.java:close(237)) - a55de8bf-208c-4c68-aafe-7443929fbf97@group-50CCF1FD7DAD-SegmentedRaftLogWorker close()
2021-08-17 01:35:29,666 [Command processor thread] INFO  server.RaftServer$Division (RaftServerImpl.java:groupRemove(377)) - a55de8bf-208c-4c68-aafe-7443929fbf97@group-50CCF1FD7DAD: Succeed to remove RaftStorageDirectory Storage Directory /home/runner/work/ozone/ozone/hadoop-ozone/integration-test/target/test-dir/MiniOzoneClusterImpl-792c0480-480e-4b9f-8df8-75fa91581c67/datanode-2/data/ratis/cb3b522b-73b4-45bb-8027-50ccf1fd7dad
2021-08-17 01:35:29,666 [Command processor thread] INFO  commandhandler.ClosePipelineCommandHandler (ClosePipelineCommandHandler.java:handle(75)) - Close Pipeline PipelineID=cb3b522b-73b4-45bb-8027-50ccf1fd7dad command on datanode a55de8bf-208c-4c68-aafe-7443929fbf97.
2021-08-17 01:35:30,347 [f27f887f-aeec-4d5d-9de4-8fc3f29213c4@group-29FE27788325-FollowerState] INFO  impl.FollowerState (FollowerState.java:run(134)) - f27f887f-aeec-4d5d-9de4-8fc3f29213c4@group-29FE27788325-FollowerState: change to CANDIDATE, lastRpcElapsedTime:5047905529ns, electionTimeout:5047ms
2021-08-17 01:35:30,347 [f27f887f-aeec-4d5d-9de4-8fc3f29213c4@group-29FE27788325-FollowerState] INFO  impl.RoleInfo (RoleInfo.java:shutdownFollowerState(108)) - f27f887f-aeec-4d5d-9de4-8fc3f29213c4: shutdown f27f887f-aeec-4d5d-9de4-8fc3f29213c4@group-29FE27788325-FollowerState
2021-08-17 01:35:30,348 [f27f887f-aeec-4d5d-9de4-8fc3f29213c4@group-29FE27788325-FollowerState] INFO  server.RaftServer$Division (RaftServerImpl.java:setRole(285)) - f27f887f-aeec-4d5d-9de4-8fc3f29213c4@group-29FE27788325: changes role from  FOLLOWER to CANDIDATE at term 1 for changeToCandidate
2021-08-17 01:35:30,348 [f27f887f-aeec-4d5d-9de4-8fc3f29213c4@group-29FE27788325-FollowerState] INFO  server.RaftServerConfigKeys (ConfUtils.java:logGet(44)) - raft.server.leaderelection.pre-vote = false (custom)
2021-08-17 01:35:30,348 [f27f887f-aeec-4d5d-9de4-8fc3f29213c4@group-29FE27788325-FollowerState] INFO  impl.RoleInfo (RoleInfo.java:updateAndGet(130)) - f27f887f-aeec-4d5d-9de4-8fc3f29213c4: start f27f887f-aeec-4d5d-9de4-8fc3f29213c4@group-29FE27788325-LeaderElection32
2021-08-17 01:35:30,389 [f27f887f-aeec-4d5d-9de4-8fc3f29213c4@group-29FE27788325-LeaderElection32] INFO  impl.LeaderElection (LeaderElection.java:askForVotes(306)) - f27f887f-aeec-4d5d-9de4-8fc3f29213c4@group-29FE27788325-LeaderElection32 ELECTION round 0: submit vote requests at term 2 for -1: [45d7e1dd-e053-4260-9313-3ad3abbf49bc|rpc:10.1.0.32:44533|priority:0, a55de8bf-208c-4c68-aafe-7443929fbf97|rpc:10.1.0.32:45995|priority:1, f27f887f-aeec-4d5d-9de4-8fc3f29213c4|rpc:10.1.0.32:38841|priority:0], old=null
2021-08-17 01:35:30,418 [grpc-default-executor-0] INFO  server.RaftServer$Division (RaftServerImpl.java:requestVote(1043)) - a55de8bf-208c-4c68-aafe-7443929fbf97@group-29FE27788325: receive requestVote(ELECTION, f27f887f-aeec-4d5d-9de4-8fc3f29213c4, group-29FE27788325, 2, (t:0, i:0))
2021-08-17 01:35:30,418 [grpc-default-executor-0] INFO  impl.VoteContext (VoteContext.java:log(48)) - a55de8bf-208c-4c68-aafe-7443929fbf97@group-29FE27788325-FOLLOWER: reject ELECTION from f27f887f-aeec-4d5d-9de4-8fc3f29213c4: our priority 1 > candidate's priority 0
2021-08-17 01:35:30,418 [grpc-default-executor-0] INFO  server.RaftServer$Division (RaftServerImpl.java:setRole(285)) - a55de8bf-208c-4c68-aafe-7443929fbf97@group-29FE27788325: changes role from  FOLLOWER to FOLLOWER at term 2 for candidate:f27f887f-aeec-4d5d-9de4-8fc3f29213c4
2021-08-17 01:35:30,418 [grpc-default-executor-0] INFO  impl.RoleInfo (RoleInfo.java:shutdownFollowerState(108)) - a55de8bf-208c-4c68-aafe-7443929fbf97: shutdown a55de8bf-208c-4c68-aafe-7443929fbf97@group-29FE27788325-FollowerState
2021-08-17 01:35:30,418 [grpc-default-executor-0] INFO  impl.RoleInfo (RoleInfo.java:updateAndGet(130)) - a55de8bf-208c-4c68-aafe-7443929fbf97: start a55de8bf-208c-4c68-aafe-7443929fbf97@group-29FE27788325-FollowerState
2021-08-17 01:35:30,422 [a55de8bf-208c-4c68-aafe-7443929fbf97@group-29FE27788325-FollowerState] INFO  impl.FollowerState (FollowerState.java:run(143)) - a55de8bf-208c-4c68-aafe-7443929fbf97@group-29FE27788325-FollowerState was interrupted: {}
java.lang.InterruptedException: sleep interrupted
	at java.lang.Thread.sleep(Native Method)
	at java.lang.Thread.sleep(Thread.java:340)
	at java.util.concurrent.TimeUnit.sleep(TimeUnit.java:386)
	at org.apache.ratis.util.TimeDuration.sleep(TimeDuration.java:324)
	at org.apache.ratis.util.TimeDuration.sleep(TimeDuration.java:309)
	at org.apache.ratis.server.impl.FollowerState.run(FollowerState.java:118)
2021-08-17 01:35:30,435 [grpc-default-executor-0] INFO  server.RaftServer$Division (RaftServerImpl.java:requestVote(1075)) - a55de8bf-208c-4c68-aafe-7443929fbf97@group-29FE27788325 replies to ELECTION vote request: f27f887f-aeec-4d5d-9de4-8fc3f29213c4<-a55de8bf-208c-4c68-aafe-7443929fbf97#0:FAIL-t2. Peer's state: a55de8bf-208c-4c68-aafe-7443929fbf97@group-29FE27788325:t2, leader=null, voted=null, raftlog=a55de8bf-208c-4c68-aafe-7443929fbf97@group-29FE27788325-SegmentedRaftLog:OPENED:c-1,f-1,i0, conf=-1: [45d7e1dd-e053-4260-9313-3ad3abbf49bc|rpc:10.1.0.32:44533|dataStream:|priority:0, a55de8bf-208c-4c68-aafe-7443929fbf97|rpc:10.1.0.32:45995|dataStream:|priority:1, f27f887f-aeec-4d5d-9de4-8fc3f29213c4|rpc:10.1.0.32:38841|dataStream:|priority:0], old=null
2021-08-17 01:35:30,436 [f27f887f-aeec-4d5d-9de4-8fc3f29213c4@group-29FE27788325-LeaderElection32] INFO  impl.LeaderElection (LeaderElection.java:logAndReturn(89)) - f27f887f-aeec-4d5d-9de4-8fc3f29213c4@group-29FE27788325-LeaderElection32: ELECTION REJECTED received 1 response(s) and 0 exception(s):
2021-08-17 01:35:30,437 [f27f887f-aeec-4d5d-9de4-8fc3f29213c4@group-29FE27788325-LeaderElection32] INFO  impl.LeaderElection (LeaderElection.java:logAndReturn(93)) -   Response 0: f27f887f-aeec-4d5d-9de4-8fc3f29213c4<-a55de8bf-208c-4c68-aafe-7443929fbf97#0:FAIL-t2
2021-08-17 01:35:30,437 [f27f887f-aeec-4d5d-9de4-8fc3f29213c4@group-29FE27788325-LeaderElection32] INFO  impl.LeaderElection (LeaderElection.java:askForVotes(308)) - f27f887f-aeec-4d5d-9de4-8fc3f29213c4@group-29FE27788325-LeaderElection32 ELECTION round 0: result REJECTED
2021-08-17 01:35:30,437 [f27f887f-aeec-4d5d-9de4-8fc3f29213c4@group-29FE27788325-LeaderElection32] INFO  server.RaftServer$Division (RaftServerImpl.java:setRole(285)) - f27f887f-aeec-4d5d-9de4-8fc3f29213c4@group-29FE27788325: changes role from CANDIDATE to FOLLOWER at term 2 for REJECTED
2021-08-17 01:35:30,437 [f27f887f-aeec-4d5d-9de4-8fc3f29213c4@group-29FE27788325-LeaderElection32] INFO  impl.RoleInfo (RoleInfo.java:shutdownLeaderElection(121)) - f27f887f-aeec-4d5d-9de4-8fc3f29213c4: shutdown f27f887f-aeec-4d5d-9de4-8fc3f29213c4@group-29FE27788325-LeaderElection32
2021-08-17 01:35:30,437 [f27f887f-aeec-4d5d-9de4-8fc3f29213c4@group-29FE27788325-LeaderElection32] INFO  impl.RoleInfo (RoleInfo.java:updateAndGet(130)) - f27f887f-aeec-4d5d-9de4-8fc3f29213c4: start f27f887f-aeec-4d5d-9de4-8fc3f29213c4@group-29FE27788325-FollowerState
2021-08-17 01:35:30,453 [45d7e1dd-e053-4260-9313-3ad3abbf49bc@group-29FE27788325-FollowerState] INFO  impl.FollowerState (FollowerState.java:run(134)) - 45d7e1dd-e053-4260-9313-3ad3abbf49bc@group-29FE27788325-FollowerState: change to CANDIDATE, lastRpcElapsedTime:5187277266ns, electionTimeout:5158ms
2021-08-17 01:35:30,454 [45d7e1dd-e053-4260-9313-3ad3abbf49bc@group-29FE27788325-FollowerState] INFO  impl.RoleInfo (RoleInfo.java:shutdownFollowerState(108)) - 45d7e1dd-e053-4260-9313-3ad3abbf49bc: shutdown 45d7e1dd-e053-4260-9313-3ad3abbf49bc@group-29FE27788325-FollowerState
2021-08-17 01:35:30,454 [45d7e1dd-e053-4260-9313-3ad3abbf49bc@group-29FE27788325-FollowerState] INFO  server.RaftServer$Division (RaftServerImpl.java:setRole(285)) - 45d7e1dd-e053-4260-9313-3ad3abbf49bc@group-29FE27788325: changes role from  FOLLOWER to CANDIDATE at term 1 for changeToCandidate
2021-08-17 01:35:30,454 [45d7e1dd-e053-4260-9313-3ad3abbf49bc@group-29FE27788325-FollowerState] INFO  server.RaftServerConfigKeys (ConfUtils.java:logGet(44)) - raft.server.leaderelection.pre-vote = false (custom)
2021-08-17 01:35:30,455 [45d7e1dd-e053-4260-9313-3ad3abbf49bc@group-29FE27788325-FollowerState] INFO  impl.RoleInfo (RoleInfo.java:updateAndGet(130)) - 45d7e1dd-e053-4260-9313-3ad3abbf49bc: start 45d7e1dd-e053-4260-9313-3ad3abbf49bc@group-29FE27788325-LeaderElection33
2021-08-17 01:35:30,482 [grpc-default-executor-0] INFO  server.RaftServer$Division (RaftServerImpl.java:requestVote(1043)) - 45d7e1dd-e053-4260-9313-3ad3abbf49bc@group-29FE27788325: receive requestVote(ELECTION, f27f887f-aeec-4d5d-9de4-8fc3f29213c4, group-29FE27788325, 2, (t:0, i:0))
2021-08-17 01:35:30,482 [grpc-default-executor-0] INFO  impl.VoteContext (VoteContext.java:log(48)) - 45d7e1dd-e053-4260-9313-3ad3abbf49bc@group-29FE27788325-CANDIDATE: accept ELECTION from f27f887f-aeec-4d5d-9de4-8fc3f29213c4: our priority 0 <= candidate's priority 0
2021-08-17 01:35:30,483 [grpc-default-executor-0] INFO  server.RaftServer$Division (RaftServerImpl.java:setRole(285)) - 45d7e1dd-e053-4260-9313-3ad3abbf49bc@group-29FE27788325: changes role from CANDIDATE to FOLLOWER at term 2 for candidate:f27f887f-aeec-4d5d-9de4-8fc3f29213c4
2021-08-17 01:35:30,483 [grpc-default-executor-0] INFO  impl.RoleInfo (RoleInfo.java:shutdownLeaderElection(121)) - 45d7e1dd-e053-4260-9313-3ad3abbf49bc: shutdown 45d7e1dd-e053-4260-9313-3ad3abbf49bc@group-29FE27788325-LeaderElection33
2021-08-17 01:35:30,483 [grpc-default-executor-0] INFO  impl.RoleInfo (RoleInfo.java:updateAndGet(130)) - 45d7e1dd-e053-4260-9313-3ad3abbf49bc: start 45d7e1dd-e053-4260-9313-3ad3abbf49bc@group-29FE27788325-FollowerState
2021-08-17 01:35:30,487 [45d7e1dd-e053-4260-9313-3ad3abbf49bc@group-29FE27788325-LeaderElection33] INFO  impl.LeaderElection (LeaderElection.java:run(230)) - 45d7e1dd-e053-4260-9313-3ad3abbf49bc@group-29FE27788325-LeaderElection33: skip running since this is already CLOSING
2021-08-17 01:35:30,488 [grpc-default-executor-0] INFO  server.RaftServer$Division (RaftServerImpl.java:requestVote(1075)) - 45d7e1dd-e053-4260-9313-3ad3abbf49bc@group-29FE27788325 replies to ELECTION vote request: f27f887f-aeec-4d5d-9de4-8fc3f29213c4<-45d7e1dd-e053-4260-9313-3ad3abbf49bc#0:OK-t2. Peer's state: 45d7e1dd-e053-4260-9313-3ad3abbf49bc@group-29FE27788325:t2, leader=null, voted=f27f887f-aeec-4d5d-9de4-8fc3f29213c4, raftlog=45d7e1dd-e053-4260-9313-3ad3abbf49bc@group-29FE27788325-SegmentedRaftLog:OPENED:c-1,f-1,i0, conf=-1: [45d7e1dd-e053-4260-9313-3ad3abbf49bc|rpc:10.1.0.32:44533|priority:0, a55de8bf-208c-4c68-aafe-7443929fbf97|rpc:10.1.0.32:45995|priority:1, f27f887f-aeec-4d5d-9de4-8fc3f29213c4|rpc:10.1.0.32:38841|priority:0], old=null
2021-08-17 01:35:32,595 [Listener at 127.0.0.1/39113] INFO  ozoneimpl.OzoneContainer (OzoneContainer.java:stop(326)) - Attempting to stop container services.
2021-08-17 01:35:32,597 [Listener at 127.0.0.1/39113] INFO  server.RaftServer (RaftServerProxy.java:lambda$close$6(391)) - 45d7e1dd-e053-4260-9313-3ad3abbf49bc: close
2021-08-17 01:35:32,598 [Listener at 127.0.0.1/39113] INFO  server.RaftServer$Division (RaftServerImpl.java:lambda$close$4(407)) - 45d7e1dd-e053-4260-9313-3ad3abbf49bc@group-4A5094F1E3DA: shutdown
2021-08-17 01:35:32,598 [Listener at 127.0.0.1/39113] INFO  util.JmxRegister (JmxRegister.java:unregister(73)) - Successfully un-registered JMX Bean with object name Ratis:service=RaftServer,group=group-4A5094F1E3DA,id=45d7e1dd-e053-4260-9313-3ad3abbf49bc
2021-08-17 01:35:32,598 [Listener at 127.0.0.1/39113] INFO  impl.RoleInfo (RoleInfo.java:shutdownLeaderState(91)) - 45d7e1dd-e053-4260-9313-3ad3abbf49bc: shutdown 45d7e1dd-e053-4260-9313-3ad3abbf49bc@group-4A5094F1E3DA-LeaderStateImpl
2021-08-17 01:35:32,598 [Listener at 127.0.0.1/39113] INFO  impl.PendingRequests (PendingRequests.java:sendNotLeaderResponses(282)) - 45d7e1dd-e053-4260-9313-3ad3abbf49bc@group-4A5094F1E3DA-PendingRequests: sendNotLeaderResponses
2021-08-17 01:35:32,600 [45d7e1dd-e053-4260-9313-3ad3abbf49bc@group-4A5094F1E3DA-StateMachineUpdater] INFO  ratis.ContainerStateMachine (ContainerStateMachine.java:takeSnapshot(293)) - group-4A5094F1E3DA: Taking a snapshot at:(t:1, i:0) file /home/runner/work/ozone/ozone/hadoop-ozone/integration-test/target/test-dir/MiniOzoneClusterImpl-792c0480-480e-4b9f-8df8-75fa91581c67/datanode-1/data/ratis/83e8a4a5-f51d-46cc-95f4-4a5094f1e3da/sm/snapshot.1_0
2021-08-17 01:35:32,600 [Listener at 127.0.0.1/39113] INFO  impl.StateMachineUpdater (StateMachineUpdater.java:stopAndJoin(149)) - 45d7e1dd-e053-4260-9313-3ad3abbf49bc@group-4A5094F1E3DA-StateMachineUpdater: set stopIndex = 0
2021-08-17 01:35:32,615 [45d7e1dd-e053-4260-9313-3ad3abbf49bc@group-4A5094F1E3DA-StateMachineUpdater] INFO  ratis.ContainerStateMachine (ContainerStateMachine.java:takeSnapshot(304)) - group-4A5094F1E3DA: Finished taking a snapshot at:(t:1, i:0) file:/home/runner/work/ozone/ozone/hadoop-ozone/integration-test/target/test-dir/MiniOzoneClusterImpl-792c0480-480e-4b9f-8df8-75fa91581c67/datanode-1/data/ratis/83e8a4a5-f51d-46cc-95f4-4a5094f1e3da/sm/snapshot.1_0 took: 16 ms
2021-08-17 01:35:32,615 [45d7e1dd-e053-4260-9313-3ad3abbf49bc@group-4A5094F1E3DA-StateMachineUpdater] INFO  impl.StateMachineUpdater (StateMachineUpdater.java:takeSnapshot(281)) - 45d7e1dd-e053-4260-9313-3ad3abbf49bc@group-4A5094F1E3DA-StateMachineUpdater: Took a snapshot at index 0
2021-08-17 01:35:32,615 [45d7e1dd-e053-4260-9313-3ad3abbf49bc@group-4A5094F1E3DA-StateMachineUpdater] INFO  impl.StateMachineUpdater (StateMachineUpdater.java:lambda$new$0(89)) - 45d7e1dd-e053-4260-9313-3ad3abbf49bc@group-4A5094F1E3DA-StateMachineUpdater: snapshotIndex: updateIncreasingly -1 -> 0
2021-08-17 01:35:32,616 [Listener at 127.0.0.1/39113] INFO  server.RaftServer$Division (ServerState.java:close(419)) - 45d7e1dd-e053-4260-9313-3ad3abbf49bc@group-4A5094F1E3DA: closes. applyIndex: 0
2021-08-17 01:35:32,616 [45d7e1dd-e053-4260-9313-3ad3abbf49bc@group-4A5094F1E3DA-SegmentedRaftLogWorker] INFO  segmented.SegmentedRaftLogWorker (SegmentedRaftLogWorker.java:run(327)) - 45d7e1dd-e053-4260-9313-3ad3abbf49bc@group-4A5094F1E3DA-SegmentedRaftLogWorker was interrupted, exiting. There are 0 tasks remaining in the queue.
2021-08-17 01:35:32,618 [Listener at 127.0.0.1/39113] INFO  segmented.SegmentedRaftLogWorker (SegmentedRaftLogWorker.java:close(237)) - 45d7e1dd-e053-4260-9313-3ad3abbf49bc@group-4A5094F1E3DA-SegmentedRaftLogWorker close()
2021-08-17 01:35:32,619 [Listener at 127.0.0.1/39113] INFO  server.RaftServer$Division (RaftServerImpl.java:lambda$close$4(407)) - 45d7e1dd-e053-4260-9313-3ad3abbf49bc@group-50CCF1FD7DAD: shutdown
2021-08-17 01:35:32,620 [Listener at 127.0.0.1/39113] INFO  util.JmxRegister (JmxRegister.java:unregister(73)) - Successfully un-registered JMX Bean with object name Ratis:service=RaftServer,group=group-50CCF1FD7DAD,id=45d7e1dd-e053-4260-9313-3ad3abbf49bc
2021-08-17 01:35:32,620 [Listener at 127.0.0.1/39113] INFO  impl.RoleInfo (RoleInfo.java:shutdownFollowerState(108)) - 45d7e1dd-e053-4260-9313-3ad3abbf49bc: shutdown 45d7e1dd-e053-4260-9313-3ad3abbf49bc@group-50CCF1FD7DAD-FollowerState
2021-08-17 01:35:32,620 [Listener at 127.0.0.1/39113] INFO  impl.StateMachineUpdater (StateMachineUpdater.java:stopAndJoin(149)) - 45d7e1dd-e053-4260-9313-3ad3abbf49bc@group-50CCF1FD7DAD-StateMachineUpdater: set stopIndex = 0
2021-08-17 01:35:32,620 [45d7e1dd-e053-4260-9313-3ad3abbf49bc@group-50CCF1FD7DAD-FollowerState] INFO  impl.FollowerState (FollowerState.java:run(143)) - 45d7e1dd-e053-4260-9313-3ad3abbf49bc@group-50CCF1FD7DAD-FollowerState was interrupted: {}
java.lang.InterruptedException: sleep interrupted
	at java.lang.Thread.sleep(Native Method)
	at java.lang.Thread.sleep(Thread.java:340)
	at java.util.concurrent.TimeUnit.sleep(TimeUnit.java:386)
	at org.apache.ratis.util.TimeDuration.sleep(TimeDuration.java:324)
	at org.apache.ratis.util.TimeDuration.sleep(TimeDuration.java:309)
	at org.apache.ratis.server.impl.FollowerState.run(FollowerState.java:118)
2021-08-17 01:35:32,620 [ForkJoinPool.commonPool-worker-1] INFO  ozoneimpl.OzoneContainer (OzoneContainer.java:stop(326)) - Attempting to stop container services.
2021-08-17 01:35:32,621 [45d7e1dd-e053-4260-9313-3ad3abbf49bc@group-50CCF1FD7DAD-StateMachineUpdater] INFO  ratis.ContainerStateMachine (ContainerStateMachine.java:takeSnapshot(293)) - group-50CCF1FD7DAD: Taking a snapshot at:(t:1, i:0) file /home/runner/work/ozone/ozone/hadoop-ozone/integration-test/target/test-dir/MiniOzoneClusterImpl-792c0480-480e-4b9f-8df8-75fa91581c67/datanode-1/data/ratis/cb3b522b-73b4-45bb-8027-50ccf1fd7dad/sm/snapshot.1_0
2021-08-17 01:35:32,622 [45d7e1dd-e053-4260-9313-3ad3abbf49bc@group-50CCF1FD7DAD-StateMachineUpdater] INFO  ratis.ContainerStateMachine (ContainerStateMachine.java:takeSnapshot(304)) - group-50CCF1FD7DAD: Finished taking a snapshot at:(t:1, i:0) file:/home/runner/work/ozone/ozone/hadoop-ozone/integration-test/target/test-dir/MiniOzoneClusterImpl-792c0480-480e-4b9f-8df8-75fa91581c67/datanode-1/data/ratis/cb3b522b-73b4-45bb-8027-50ccf1fd7dad/sm/snapshot.1_0 took: 1 ms
2021-08-17 01:35:32,622 [45d7e1dd-e053-4260-9313-3ad3abbf49bc@group-50CCF1FD7DAD-StateMachineUpdater] INFO  impl.StateMachineUpdater (StateMachineUpdater.java:takeSnapshot(281)) - 45d7e1dd-e053-4260-9313-3ad3abbf49bc@group-50CCF1FD7DAD-StateMachineUpdater: Took a snapshot at index 0
2021-08-17 01:35:32,622 [45d7e1dd-e053-4260-9313-3ad3abbf49bc@group-50CCF1FD7DAD-StateMachineUpdater] INFO  impl.StateMachineUpdater (StateMachineUpdater.java:lambda$new$0(89)) - 45d7e1dd-e053-4260-9313-3ad3abbf49bc@group-50CCF1FD7DAD-StateMachineUpdater: snapshotIndex: updateIncreasingly -1 -> 0
2021-08-17 01:35:32,622 [Listener at 127.0.0.1/39113] INFO  server.RaftServer$Division (ServerState.java:close(419)) - 45d7e1dd-e053-4260-9313-3ad3abbf49bc@group-50CCF1FD7DAD: closes. applyIndex: 0
2021-08-17 01:35:32,623 [45d7e1dd-e053-4260-9313-3ad3abbf49bc@group-50CCF1FD7DAD-SegmentedRaftLogWorker] INFO  segmented.SegmentedRaftLogWorker (SegmentedRaftLogWorker.java:run(327)) - 45d7e1dd-e053-4260-9313-3ad3abbf49bc@group-50CCF1FD7DAD-SegmentedRaftLogWorker was interrupted, exiting. There are 0 tasks remaining in the queue.
2021-08-17 01:35:32,623 [Listener at 127.0.0.1/39113] INFO  segmented.SegmentedRaftLogWorker (SegmentedRaftLogWorker.java:close(237)) - 45d7e1dd-e053-4260-9313-3ad3abbf49bc@group-50CCF1FD7DAD-SegmentedRaftLogWorker close()
2021-08-17 01:35:32,624 [Listener at 127.0.0.1/39113] INFO  server.RaftServer$Division (RaftServerImpl.java:lambda$close$4(407)) - 45d7e1dd-e053-4260-9313-3ad3abbf49bc@group-29FE27788325: shutdown
2021-08-17 01:35:32,624 [Listener at 127.0.0.1/39113] INFO  util.JmxRegister (JmxRegister.java:unregister(73)) - Successfully un-registered JMX Bean with object name Ratis:service=RaftServer,group=group-29FE27788325,id=45d7e1dd-e053-4260-9313-3ad3abbf49bc
2021-08-17 01:35:32,624 [Listener at 127.0.0.1/39113] INFO  impl.RoleInfo (RoleInfo.java:shutdownFollowerState(108)) - 45d7e1dd-e053-4260-9313-3ad3abbf49bc: shutdown 45d7e1dd-e053-4260-9313-3ad3abbf49bc@group-29FE27788325-FollowerState
2021-08-17 01:35:32,625 [45d7e1dd-e053-4260-9313-3ad3abbf49bc@group-29FE27788325-FollowerState] INFO  impl.FollowerState (FollowerState.java:run(143)) - 45d7e1dd-e053-4260-9313-3ad3abbf49bc@group-29FE27788325-FollowerState was interrupted: {}
java.lang.InterruptedException: sleep interrupted
	at java.lang.Thread.sleep(Native Method)
	at java.lang.Thread.sleep(Thread.java:340)
	at java.util.concurrent.TimeUnit.sleep(TimeUnit.java:386)
	at org.apache.ratis.util.TimeDuration.sleep(TimeDuration.java:324)
	at org.apache.ratis.util.TimeDuration.sleep(TimeDuration.java:309)
	at org.apache.ratis.server.impl.FollowerState.run(FollowerState.java:118)
2021-08-17 01:35:32,635 [ForkJoinPool.commonPool-worker-1] INFO  server.RaftServer (RaftServerProxy.java:lambda$close$6(391)) - f27f887f-aeec-4d5d-9de4-8fc3f29213c4: close
2021-08-17 01:35:32,636 [ForkJoinPool.commonPool-worker-1] INFO  server.RaftServer$Division (RaftServerImpl.java:lambda$close$4(407)) - f27f887f-aeec-4d5d-9de4-8fc3f29213c4@group-50CCF1FD7DAD: shutdown
2021-08-17 01:35:32,636 [ForkJoinPool.commonPool-worker-1] INFO  util.JmxRegister (JmxRegister.java:unregister(73)) - Successfully un-registered JMX Bean with object name Ratis:service=RaftServer,group=group-50CCF1FD7DAD,id=f27f887f-aeec-4d5d-9de4-8fc3f29213c4
2021-08-17 01:35:32,636 [ForkJoinPool.commonPool-worker-1] INFO  impl.RoleInfo (RoleInfo.java:shutdownLeaderState(91)) - f27f887f-aeec-4d5d-9de4-8fc3f29213c4: shutdown f27f887f-aeec-4d5d-9de4-8fc3f29213c4@group-50CCF1FD7DAD-LeaderStateImpl
2021-08-17 01:35:32,636 [ForkJoinPool.commonPool-worker-1] INFO  impl.PendingRequests (PendingRequests.java:sendNotLeaderResponses(282)) - f27f887f-aeec-4d5d-9de4-8fc3f29213c4@group-50CCF1FD7DAD-PendingRequests: sendNotLeaderResponses
2021-08-17 01:35:32,637 [ForkJoinPool.commonPool-worker-1] INFO  impl.StateMachineUpdater (StateMachineUpdater.java:stopAndJoin(149)) - f27f887f-aeec-4d5d-9de4-8fc3f29213c4@group-50CCF1FD7DAD-StateMachineUpdater: set stopIndex = 0
2021-08-17 01:35:32,637 [f27f887f-aeec-4d5d-9de4-8fc3f29213c4@group-50CCF1FD7DAD->a55de8bf-208c-4c68-aafe-7443929fbf97-GrpcLogAppender-LogAppenderDaemon] WARN  server.GrpcLogAppender (GrpcLogAppender.java:mayWait(175)) - f27f887f-aeec-4d5d-9de4-8fc3f29213c4@group-50CCF1FD7DAD->a55de8bf-208c-4c68-aafe-7443929fbf97-GrpcLogAppender: Wait interrupted by java.lang.InterruptedException
2021-08-17 01:35:32,638 [f27f887f-aeec-4d5d-9de4-8fc3f29213c4@group-50CCF1FD7DAD-StateMachineUpdater] INFO  ratis.ContainerStateMachine (ContainerStateMachine.java:takeSnapshot(293)) - group-50CCF1FD7DAD: Taking a snapshot at:(t:1, i:0) file /home/runner/work/ozone/ozone/hadoop-ozone/integration-test/target/test-dir/MiniOzoneClusterImpl-792c0480-480e-4b9f-8df8-75fa91581c67/datanode-0/data/ratis/cb3b522b-73b4-45bb-8027-50ccf1fd7dad/sm/snapshot.1_0
2021-08-17 01:35:32,639 [grpc-default-executor-0] INFO  server.GrpcServerProtocolService (GrpcServerProtocolService.java:onCompleted(140)) - a55de8bf-208c-4c68-aafe-7443929fbf97: Completed APPEND_ENTRIES, lastRequest: f27f887f-aeec-4d5d-9de4-8fc3f29213c4->a55de8bf-208c-4c68-aafe-7443929fbf97#1-t1,previous=(t:0, i:0),leaderCommit=0,initializing? true,entries: size=1, first=(t:1, i:0), CONFIGURATIONENTRY
2021-08-17 01:35:32,640 [grpc-default-executor-2] INFO  server.GrpcLogAppender (GrpcLogAppender.java:onCompleted(344)) - f27f887f-aeec-4d5d-9de4-8fc3f29213c4@group-50CCF1FD7DAD->a55de8bf-208c-4c68-aafe-7443929fbf97-AppendLogResponseHandler: follower responses appendEntries COMPLETED
2021-08-17 01:35:32,640 [f27f887f-aeec-4d5d-9de4-8fc3f29213c4@group-50CCF1FD7DAD-StateMachineUpdater] INFO  ratis.ContainerStateMachine (ContainerStateMachine.java:takeSnapshot(304)) - group-50CCF1FD7DAD: Finished taking a snapshot at:(t:1, i:0) file:/home/runner/work/ozone/ozone/hadoop-ozone/integration-test/target/test-dir/MiniOzoneClusterImpl-792c0480-480e-4b9f-8df8-75fa91581c67/datanode-0/data/ratis/cb3b522b-73b4-45bb-8027-50ccf1fd7dad/sm/snapshot.1_0 took: 2 ms
2021-08-17 01:35:32,640 [f27f887f-aeec-4d5d-9de4-8fc3f29213c4@group-50CCF1FD7DAD->45d7e1dd-e053-4260-9313-3ad3abbf49bc-GrpcLogAppender-LogAppenderDaemon] WARN  server.GrpcLogAppender (GrpcLogAppender.java:mayWait(175)) - f27f887f-aeec-4d5d-9de4-8fc3f29213c4@group-50CCF1FD7DAD->45d7e1dd-e053-4260-9313-3ad3abbf49bc-GrpcLogAppender: Wait interrupted by java.lang.InterruptedException
2021-08-17 01:35:32,640 [f27f887f-aeec-4d5d-9de4-8fc3f29213c4@group-50CCF1FD7DAD-StateMachineUpdater] INFO  impl.StateMachineUpdater (StateMachineUpdater.java:takeSnapshot(281)) - f27f887f-aeec-4d5d-9de4-8fc3f29213c4@group-50CCF1FD7DAD-StateMachineUpdater: Took a snapshot at index 0
2021-08-17 01:35:32,640 [f27f887f-aeec-4d5d-9de4-8fc3f29213c4@group-50CCF1FD7DAD-StateMachineUpdater] INFO  impl.StateMachineUpdater (StateMachineUpdater.java:lambda$new$0(89)) - f27f887f-aeec-4d5d-9de4-8fc3f29213c4@group-50CCF1FD7DAD-StateMachineUpdater: snapshotIndex: updateIncreasingly -1 -> 0
2021-08-17 01:35:32,640 [grpc-default-executor-2] INFO  leader.FollowerInfo (FollowerInfoImpl.java:lambda$new$0(46)) - f27f887f-aeec-4d5d-9de4-8fc3f29213c4@group-50CCF1FD7DAD->a55de8bf-208c-4c68-aafe-7443929fbf97: nextIndex: updateUnconditionally 1 -> 0
2021-08-17 01:35:32,662 [grpc-default-executor-0] INFO  server.GrpcServerProtocolService (GrpcServerProtocolService.java:onCompleted(140)) - 45d7e1dd-e053-4260-9313-3ad3abbf49bc: Completed APPEND_ENTRIES, lastRequest: f27f887f-aeec-4d5d-9de4-8fc3f29213c4->45d7e1dd-e053-4260-9313-3ad3abbf49bc#1-t1,previous=(t:0, i:0),leaderCommit=0,initializing? true,entries: size=1, first=(t:1, i:0), CONFIGURATIONENTRY
2021-08-17 01:35:32,663 [grpc-default-executor-2] INFO  server.GrpcLogAppender (GrpcLogAppender.java:onCompleted(344)) - f27f887f-aeec-4d5d-9de4-8fc3f29213c4@group-50CCF1FD7DAD->45d7e1dd-e053-4260-9313-3ad3abbf49bc-AppendLogResponseHandler: follower responses appendEntries COMPLETED
2021-08-17 01:35:32,664 [grpc-default-executor-2] INFO  leader.FollowerInfo (FollowerInfoImpl.java:lambda$new$0(46)) - f27f887f-aeec-4d5d-9de4-8fc3f29213c4@group-50CCF1FD7DAD->45d7e1dd-e053-4260-9313-3ad3abbf49bc: nextIndex: updateUnconditionally 1 -> 0
2021-08-17 01:35:32,669 [ForkJoinPool.commonPool-worker-1] INFO  server.RaftServer$Division (ServerState.java:close(419)) - f27f887f-aeec-4d5d-9de4-8fc3f29213c4@group-50CCF1FD7DAD: closes. applyIndex: 0
2021-08-17 01:35:32,669 [f27f887f-aeec-4d5d-9de4-8fc3f29213c4@group-50CCF1FD7DAD-SegmentedRaftLogWorker] INFO  segmented.SegmentedRaftLogWorker (SegmentedRaftLogWorker.java:run(327)) - f27f887f-aeec-4d5d-9de4-8fc3f29213c4@group-50CCF1FD7DAD-SegmentedRaftLogWorker was interrupted, exiting. There are 0 tasks remaining in the queue.
2021-08-17 01:35:32,669 [Listener at 127.0.0.1/39113] INFO  impl.StateMachineUpdater (StateMachineUpdater.java:stopAndJoin(149)) - 45d7e1dd-e053-4260-9313-3ad3abbf49bc@group-29FE27788325-StateMachineUpdater: set stopIndex = -1
2021-08-17 01:35:32,670 [Listener at 127.0.0.1/39113] INFO  server.RaftServer$Division (ServerState.java:close(419)) - 45d7e1dd-e053-4260-9313-3ad3abbf49bc@group-29FE27788325: closes. applyIndex: -1
2021-08-17 01:35:32,670 [45d7e1dd-e053-4260-9313-3ad3abbf49bc@group-29FE27788325-SegmentedRaftLogWorker] INFO  segmented.SegmentedRaftLogWorker (SegmentedRaftLogWorker.java:run(327)) - 45d7e1dd-e053-4260-9313-3ad3abbf49bc@group-29FE27788325-SegmentedRaftLogWorker was interrupted, exiting. There are 0 tasks remaining in the queue.
2021-08-17 01:35:32,670 [Listener at 127.0.0.1/39113] INFO  segmented.SegmentedRaftLogWorker (SegmentedRaftLogWorker.java:close(237)) - 45d7e1dd-e053-4260-9313-3ad3abbf49bc@group-29FE27788325-SegmentedRaftLogWorker close()
2021-08-17 01:35:32,674 [ForkJoinPool.commonPool-worker-1] INFO  segmented.SegmentedRaftLogWorker (SegmentedRaftLogWorker.java:close(237)) - f27f887f-aeec-4d5d-9de4-8fc3f29213c4@group-50CCF1FD7DAD-SegmentedRaftLogWorker close()
2021-08-17 01:35:32,675 [Listener at 127.0.0.1/39113] INFO  server.GrpcService (GrpcService.java:closeImpl(262)) - 45d7e1dd-e053-4260-9313-3ad3abbf49bc: shutdown server with port 44533 now
2021-08-17 01:35:32,675 [ForkJoinPool.commonPool-worker-1] INFO  server.RaftServer$Division (RaftServerImpl.java:lambda$close$4(407)) - f27f887f-aeec-4d5d-9de4-8fc3f29213c4@group-E651C6740852: shutdown
2021-08-17 01:35:32,675 [ForkJoinPool.commonPool-worker-1] INFO  util.JmxRegister (JmxRegister.java:unregister(73)) - Successfully un-registered JMX Bean with object name Ratis:service=RaftServer,group=group-E651C6740852,id=f27f887f-aeec-4d5d-9de4-8fc3f29213c4
2021-08-17 01:35:32,676 [ForkJoinPool.commonPool-worker-1] INFO  impl.RoleInfo (RoleInfo.java:shutdownLeaderState(91)) - f27f887f-aeec-4d5d-9de4-8fc3f29213c4: shutdown f27f887f-aeec-4d5d-9de4-8fc3f29213c4@group-E651C6740852-LeaderStateImpl
2021-08-17 01:35:32,676 [ForkJoinPool.commonPool-worker-1] INFO  impl.PendingRequests (PendingRequests.java:sendNotLeaderResponses(282)) - f27f887f-aeec-4d5d-9de4-8fc3f29213c4@group-E651C6740852-PendingRequests: sendNotLeaderResponses
2021-08-17 01:35:32,677 [f27f887f-aeec-4d5d-9de4-8fc3f29213c4@group-E651C6740852-StateMachineUpdater] INFO  ratis.ContainerStateMachine (ContainerStateMachine.java:takeSnapshot(293)) - group-E651C6740852: Taking a snapshot at:(t:1, i:0) file /home/runner/work/ozone/ozone/hadoop-ozone/integration-test/target/test-dir/MiniOzoneClusterImpl-792c0480-480e-4b9f-8df8-75fa91581c67/datanode-0/data/ratis/b3e9a9db-659a-44e9-92b3-e651c6740852/sm/snapshot.1_0
2021-08-17 01:35:32,677 [ForkJoinPool.commonPool-worker-1] INFO  impl.StateMachineUpdater (StateMachineUpdater.java:stopAndJoin(149)) - f27f887f-aeec-4d5d-9de4-8fc3f29213c4@group-E651C6740852-StateMachineUpdater: set stopIndex = 0
2021-08-17 01:35:32,678 [f27f887f-aeec-4d5d-9de4-8fc3f29213c4@group-E651C6740852-StateMachineUpdater] INFO  ratis.ContainerStateMachine (ContainerStateMachine.java:takeSnapshot(304)) - group-E651C6740852: Finished taking a snapshot at:(t:1, i:0) file:/home/runner/work/ozone/ozone/hadoop-ozone/integration-test/target/test-dir/MiniOzoneClusterImpl-792c0480-480e-4b9f-8df8-75fa91581c67/datanode-0/data/ratis/b3e9a9db-659a-44e9-92b3-e651c6740852/sm/snapshot.1_0 took: 1 ms
2021-08-17 01:35:32,678 [f27f887f-aeec-4d5d-9de4-8fc3f29213c4@group-E651C6740852-StateMachineUpdater] INFO  impl.StateMachineUpdater (StateMachineUpdater.java:takeSnapshot(281)) - f27f887f-aeec-4d5d-9de4-8fc3f29213c4@group-E651C6740852-StateMachineUpdater: Took a snapshot at index 0
2021-08-17 01:35:32,678 [f27f887f-aeec-4d5d-9de4-8fc3f29213c4@group-E651C6740852-StateMachineUpdater] INFO  impl.StateMachineUpdater (StateMachineUpdater.java:lambda$new$0(89)) - f27f887f-aeec-4d5d-9de4-8fc3f29213c4@group-E651C6740852-StateMachineUpdater: snapshotIndex: updateIncreasingly -1 -> 0
2021-08-17 01:35:32,678 [ForkJoinPool.commonPool-worker-1] INFO  server.RaftServer$Division (ServerState.java:close(419)) - f27f887f-aeec-4d5d-9de4-8fc3f29213c4@group-E651C6740852: closes. applyIndex: 0
2021-08-17 01:35:32,679 [f27f887f-aeec-4d5d-9de4-8fc3f29213c4@group-E651C6740852-SegmentedRaftLogWorker] INFO  segmented.SegmentedRaftLogWorker (SegmentedRaftLogWorker.java:run(327)) - f27f887f-aeec-4d5d-9de4-8fc3f29213c4@group-E651C6740852-SegmentedRaftLogWorker was interrupted, exiting. There are 0 tasks remaining in the queue.
2021-08-17 01:35:32,679 [ForkJoinPool.commonPool-worker-1] INFO  segmented.SegmentedRaftLogWorker (SegmentedRaftLogWorker.java:close(237)) - f27f887f-aeec-4d5d-9de4-8fc3f29213c4@group-E651C6740852-SegmentedRaftLogWorker close()
2021-08-17 01:35:32,680 [Listener at 127.0.0.1/39113] INFO  server.GrpcService (GrpcService.java:closeImpl(271)) - 45d7e1dd-e053-4260-9313-3ad3abbf49bc: shutdown server with port 44533 successfully
2021-08-17 01:35:32,681 [org.apache.ratis.util.JvmPauseMonitor$$Lambda$531/132072452@47d7e2c8] INFO  util.JvmPauseMonitor (JvmPauseMonitor.java:run(109)) - JvmPauseMonitor-45d7e1dd-e053-4260-9313-3ad3abbf49bc: Stopped
2021-08-17 01:35:32,682 [ForkJoinPool.commonPool-worker-1] INFO  server.RaftServer$Division (RaftServerImpl.java:lambda$close$4(407)) - f27f887f-aeec-4d5d-9de4-8fc3f29213c4@group-29FE27788325: shutdown
2021-08-17 01:35:32,682 [ForkJoinPool.commonPool-worker-1] INFO  util.JmxRegister (JmxRegister.java:unregister(73)) - Successfully un-registered JMX Bean with object name Ratis:service=RaftServer,group=group-29FE27788325,id=f27f887f-aeec-4d5d-9de4-8fc3f29213c4
2021-08-17 01:35:32,682 [ForkJoinPool.commonPool-worker-1] INFO  impl.RoleInfo (RoleInfo.java:shutdownFollowerState(108)) - f27f887f-aeec-4d5d-9de4-8fc3f29213c4: shutdown f27f887f-aeec-4d5d-9de4-8fc3f29213c4@group-29FE27788325-FollowerState
2021-08-17 01:35:32,682 [f27f887f-aeec-4d5d-9de4-8fc3f29213c4@group-29FE27788325-FollowerState] INFO  impl.FollowerState (FollowerState.java:run(143)) - f27f887f-aeec-4d5d-9de4-8fc3f29213c4@group-29FE27788325-FollowerState was interrupted: {}
java.lang.InterruptedException: sleep interrupted
	at java.lang.Thread.sleep(Native Method)
	at java.lang.Thread.sleep(Thread.java:340)
	at java.util.concurrent.TimeUnit.sleep(TimeUnit.java:386)
	at org.apache.ratis.util.TimeDuration.sleep(TimeDuration.java:324)
	at org.apache.ratis.util.TimeDuration.sleep(TimeDuration.java:309)
	at org.apache.ratis.server.impl.FollowerState.run(FollowerState.java:118)
2021-08-17 01:35:32,682 [ForkJoinPool.commonPool-worker-1] INFO  impl.StateMachineUpdater (StateMachineUpdater.java:stopAndJoin(149)) - f27f887f-aeec-4d5d-9de4-8fc3f29213c4@group-29FE27788325-StateMachineUpdater: set stopIndex = -1
2021-08-17 01:35:32,683 [Listener at 127.0.0.1/39113] INFO  utils.BackgroundService (BackgroundService.java:shutdown(132)) - Shutting down service BlockDeletingService
2021-08-17 01:35:32,691 [ForkJoinPool.commonPool-worker-1] INFO  server.RaftServer$Division (ServerState.java:close(419)) - f27f887f-aeec-4d5d-9de4-8fc3f29213c4@group-29FE27788325: closes. applyIndex: -1
2021-08-17 01:35:32,691 [f27f887f-aeec-4d5d-9de4-8fc3f29213c4@group-29FE27788325-SegmentedRaftLogWorker] INFO  segmented.SegmentedRaftLogWorker (SegmentedRaftLogWorker.java:run(327)) - f27f887f-aeec-4d5d-9de4-8fc3f29213c4@group-29FE27788325-SegmentedRaftLogWorker was interrupted, exiting. There are 0 tasks remaining in the queue.
2021-08-17 01:35:32,691 [ForkJoinPool.commonPool-worker-1] INFO  segmented.SegmentedRaftLogWorker (SegmentedRaftLogWorker.java:close(237)) - f27f887f-aeec-4d5d-9de4-8fc3f29213c4@group-29FE27788325-SegmentedRaftLogWorker close()
2021-08-17 01:35:32,692 [ForkJoinPool.commonPool-worker-1] INFO  server.GrpcService (GrpcService.java:closeImpl(262)) - f27f887f-aeec-4d5d-9de4-8fc3f29213c4: shutdown server with port 38841 now
2021-08-17 01:35:32,722 [ForkJoinPool.commonPool-worker-1] INFO  server.GrpcService (GrpcService.java:closeImpl(271)) - f27f887f-aeec-4d5d-9de4-8fc3f29213c4: shutdown server with port 38841 successfully
2021-08-17 01:35:32,723 [org.apache.ratis.util.JvmPauseMonitor$$Lambda$531/132072452@746b7af5] INFO  util.JvmPauseMonitor (JvmPauseMonitor.java:run(109)) - JvmPauseMonitor-f27f887f-aeec-4d5d-9de4-8fc3f29213c4: Stopped
2021-08-17 01:35:32,724 [ForkJoinPool.commonPool-worker-1] INFO  utils.BackgroundService (BackgroundService.java:shutdown(132)) - Shutting down service BlockDeletingService
2021-08-17 01:35:35,543 [a55de8bf-208c-4c68-aafe-7443929fbf97@group-29FE27788325-FollowerState] INFO  impl.FollowerState (FollowerState.java:run(134)) - a55de8bf-208c-4c68-aafe-7443929fbf97@group-29FE27788325-FollowerState: change to CANDIDATE, lastRpcElapsedTime:5124779528ns, electionTimeout:5109ms
2021-08-17 01:35:35,544 [a55de8bf-208c-4c68-aafe-7443929fbf97@group-29FE27788325-FollowerState] INFO  impl.RoleInfo (RoleInfo.java:shutdownFollowerState(108)) - a55de8bf-208c-4c68-aafe-7443929fbf97: shutdown a55de8bf-208c-4c68-aafe-7443929fbf97@group-29FE27788325-FollowerState
2021-08-17 01:35:35,544 [a55de8bf-208c-4c68-aafe-7443929fbf97@group-29FE27788325-FollowerState] INFO  server.RaftServer$Division (RaftServerImpl.java:setRole(285)) - a55de8bf-208c-4c68-aafe-7443929fbf97@group-29FE27788325: changes role from  FOLLOWER to CANDIDATE at term 2 for changeToCandidate
2021-08-17 01:35:35,544 [a55de8bf-208c-4c68-aafe-7443929fbf97@group-29FE27788325-FollowerState] INFO  server.RaftServerConfigKeys (ConfUtils.java:logGet(44)) - raft.server.leaderelection.pre-vote = false (custom)
2021-08-17 01:35:35,544 [a55de8bf-208c-4c68-aafe-7443929fbf97@group-29FE27788325-FollowerState] INFO  impl.RoleInfo (RoleInfo.java:updateAndGet(130)) - a55de8bf-208c-4c68-aafe-7443929fbf97: start a55de8bf-208c-4c68-aafe-7443929fbf97@group-29FE27788325-LeaderElection34
2021-08-17 01:35:35,570 [a55de8bf-208c-4c68-aafe-7443929fbf97@group-29FE27788325-LeaderElection34] INFO  impl.LeaderElection (LeaderElection.java:askForVotes(306)) - a55de8bf-208c-4c68-aafe-7443929fbf97@group-29FE27788325-LeaderElection34 ELECTION round 0: submit vote requests at term 3 for -1: [45d7e1dd-e053-4260-9313-3ad3abbf49bc|rpc:10.1.0.32:44533|dataStream:|priority:0, a55de8bf-208c-4c68-aafe-7443929fbf97|rpc:10.1.0.32:45995|dataStream:|priority:1, f27f887f-aeec-4d5d-9de4-8fc3f29213c4|rpc:10.1.0.32:38841|dataStream:|priority:0], old=null
2021-08-17 01:35:35,615 [a55de8bf-208c-4c68-aafe-7443929fbf97@group-29FE27788325-LeaderElection34] INFO  impl.LeaderElection (LogUtils.java:infoOrTrace(137)) - a55de8bf-208c-4c68-aafe-7443929fbf97@group-29FE27788325-LeaderElection34 got exception when requesting votes: java.util.concurrent.ExecutionException: org.apache.ratis.thirdparty.io.grpc.StatusRuntimeException: UNAVAILABLE: io exception
2021-08-17 01:35:35,626 [a55de8bf-208c-4c68-aafe-7443929fbf97@group-29FE27788325-LeaderElection34] INFO  impl.LeaderElection (LogUtils.java:infoOrTrace(137)) - a55de8bf-208c-4c68-aafe-7443929fbf97@group-29FE27788325-LeaderElection34 got exception when requesting votes: java.util.concurrent.ExecutionException: org.apache.ratis.thirdparty.io.grpc.StatusRuntimeException: UNAVAILABLE: io exception
2021-08-17 01:35:35,626 [a55de8bf-208c-4c68-aafe-7443929fbf97@group-29FE27788325-LeaderElection34] INFO  impl.LeaderElection (LeaderElection.java:logAndReturn(89)) - a55de8bf-208c-4c68-aafe-7443929fbf97@group-29FE27788325-LeaderElection34: ELECTION REJECTED received 0 response(s) and 2 exception(s):
2021-08-17 01:35:35,626 [a55de8bf-208c-4c68-aafe-7443929fbf97@group-29FE27788325-LeaderElection34] INFO  impl.LeaderElection (LogUtils.java:infoOrTrace(137)) -   Exception 0: java.util.concurrent.ExecutionException: org.apache.ratis.thirdparty.io.grpc.StatusRuntimeException: UNAVAILABLE: io exception
2021-08-17 01:35:35,626 [a55de8bf-208c-4c68-aafe-7443929fbf97@group-29FE27788325-LeaderElection34] INFO  impl.LeaderElection (LogUtils.java:infoOrTrace(137)) -   Exception 1: java.util.concurrent.ExecutionException: org.apache.ratis.thirdparty.io.grpc.StatusRuntimeException: UNAVAILABLE: io exception
2021-08-17 01:35:35,627 [a55de8bf-208c-4c68-aafe-7443929fbf97@group-29FE27788325-LeaderElection34] INFO  impl.LeaderElection (LeaderElection.java:askForVotes(308)) - a55de8bf-208c-4c68-aafe-7443929fbf97@group-29FE27788325-LeaderElection34 ELECTION round 0: result REJECTED
2021-08-17 01:35:35,627 [a55de8bf-208c-4c68-aafe-7443929fbf97@group-29FE27788325-LeaderElection34] INFO  server.RaftServer$Division (RaftServerImpl.java:setRole(285)) - a55de8bf-208c-4c68-aafe-7443929fbf97@group-29FE27788325: changes role from CANDIDATE to FOLLOWER at term 3 for REJECTED
2021-08-17 01:35:35,627 [a55de8bf-208c-4c68-aafe-7443929fbf97@group-29FE27788325-LeaderElection34] INFO  impl.RoleInfo (RoleInfo.java:shutdownLeaderElection(121)) - a55de8bf-208c-4c68-aafe-7443929fbf97: shutdown a55de8bf-208c-4c68-aafe-7443929fbf97@group-29FE27788325-LeaderElection34
2021-08-17 01:35:35,627 [a55de8bf-208c-4c68-aafe-7443929fbf97@group-29FE27788325-LeaderElection34] INFO  impl.RoleInfo (RoleInfo.java:updateAndGet(130)) - a55de8bf-208c-4c68-aafe-7443929fbf97: start a55de8bf-208c-4c68-aafe-7443929fbf97@group-29FE27788325-FollowerState
2021-08-17 01:35:35,692 [Listener at 127.0.0.1/39113] INFO  statemachine.DatanodeStateMachine (DatanodeStateMachine.java:stopDaemon(515)) - Ozone container server stopped.
2021-08-17 01:35:35,694 [Listener at 127.0.0.1/39113] INFO  handler.ContextHandler (ContextHandler.java:doStop(1153)) - Stopped o.e.j.w.WebAppContext@709d876c{hddsDatanode,/,null,STOPPED}{jar:file:/home/runner/.m2/repository/org/apache/ozone/hdds-container-service/1.2.0-SNAPSHOT/hdds-container-service-1.2.0-SNAPSHOT.jar!/webapps/hddsDatanode}
2021-08-17 01:35:35,696 [Listener at 127.0.0.1/39113] INFO  server.AbstractConnector (AbstractConnector.java:doStop(381)) - Stopped ServerConnector@7ad6f398{HTTP/1.1, (http/1.1)}{0.0.0.0:0}
2021-08-17 01:35:35,696 [Listener at 127.0.0.1/39113] INFO  server.session (HouseKeeper.java:stopScavenging(149)) - node0 Stopped scavenging
2021-08-17 01:35:35,697 [Listener at 127.0.0.1/39113] INFO  handler.ContextHandler (ContextHandler.java:doStop(1153)) - Stopped o.e.j.s.ServletContextHandler@38f5bf3b{static,/static,jar:file:/home/runner/.m2/repository/org/apache/ozone/hdds-container-service/1.2.0-SNAPSHOT/hdds-container-service-1.2.0-SNAPSHOT.jar!/webapps/static,STOPPED}
2021-08-17 01:35:35,697 [Listener at 127.0.0.1/39113] INFO  handler.ContextHandler (ContextHandler.java:doStop(1153)) - Stopped o.e.j.s.ServletContextHandler@56e07222{logs,/logs,file:///home/runner/work/ozone/ozone/hadoop-ozone/integration-test/target/log,STOPPED}
2021-08-17 01:35:35,737 [ForkJoinPool.commonPool-worker-1] INFO  statemachine.DatanodeStateMachine (DatanodeStateMachine.java:stopDaemon(515)) - Ozone container server stopped.
2021-08-17 01:35:35,740 [ForkJoinPool.commonPool-worker-1] INFO  handler.ContextHandler (ContextHandler.java:doStop(1153)) - Stopped o.e.j.w.WebAppContext@361f32f7{hddsDatanode,/,null,STOPPED}{jar:file:/home/runner/.m2/repository/org/apache/ozone/hdds-container-service/1.2.0-SNAPSHOT/hdds-container-service-1.2.0-SNAPSHOT.jar!/webapps/hddsDatanode}
2021-08-17 01:35:35,758 [ForkJoinPool.commonPool-worker-1] INFO  server.AbstractConnector (AbstractConnector.java:doStop(381)) - Stopped ServerConnector@627b827e{HTTP/1.1, (http/1.1)}{0.0.0.0:0}
2021-08-17 01:35:35,758 [ForkJoinPool.commonPool-worker-1] INFO  server.session (HouseKeeper.java:stopScavenging(149)) - node0 Stopped scavenging
2021-08-17 01:35:35,759 [ForkJoinPool.commonPool-worker-1] INFO  handler.ContextHandler (ContextHandler.java:doStop(1153)) - Stopped o.e.j.s.ServletContextHandler@3bf28de9{static,/static,jar:file:/home/runner/.m2/repository/org/apache/ozone/hdds-container-service/1.2.0-SNAPSHOT/hdds-container-service-1.2.0-SNAPSHOT.jar!/webapps/static,STOPPED}
2021-08-17 01:35:35,772 [ForkJoinPool.commonPool-worker-1] INFO  handler.ContextHandler (ContextHandler.java:doStop(1153)) - Stopped o.e.j.s.ServletContextHandler@2f7435b4{logs,/logs,file:///home/runner/work/ozone/ozone/hadoop-ozone/integration-test/target/log,STOPPED}
2021-08-17 01:35:36,654 [Datanode State Machine Thread - 0] INFO  statemachine.DatanodeStateMachine (DatanodeStateMachine.java:lambda$startDaemon$0(457)) - Ozone container server started.
2021-08-17 01:35:40,702 [Listener at 127.0.0.1/39113] INFO  ozoneimpl.OzoneContainer (OzoneContainer.java:stop(326)) - Attempting to stop container services.
2021-08-17 01:35:40,706 [Listener at 127.0.0.1/39113] INFO  server.RaftServer (RaftServerProxy.java:lambda$close$6(391)) - a55de8bf-208c-4c68-aafe-7443929fbf97: close
2021-08-17 01:35:40,707 [Listener at 127.0.0.1/39113] INFO  server.RaftServer$Division (RaftServerImpl.java:lambda$close$4(407)) - a55de8bf-208c-4c68-aafe-7443929fbf97@group-29FE27788325: shutdown
2021-08-17 01:35:40,707 [Listener at 127.0.0.1/39113] INFO  util.JmxRegister (JmxRegister.java:unregister(73)) - Successfully un-registered JMX Bean with object name Ratis:service=RaftServer,group=group-29FE27788325,id=a55de8bf-208c-4c68-aafe-7443929fbf97
2021-08-17 01:35:40,707 [Listener at 127.0.0.1/39113] INFO  impl.RoleInfo (RoleInfo.java:shutdownFollowerState(108)) - a55de8bf-208c-4c68-aafe-7443929fbf97: shutdown a55de8bf-208c-4c68-aafe-7443929fbf97@group-29FE27788325-FollowerState
2021-08-17 01:35:40,707 [Listener at 127.0.0.1/39113] INFO  impl.StateMachineUpdater (StateMachineUpdater.java:stopAndJoin(149)) - a55de8bf-208c-4c68-aafe-7443929fbf97@group-29FE27788325-StateMachineUpdater: set stopIndex = -1
2021-08-17 01:35:40,707 [a55de8bf-208c-4c68-aafe-7443929fbf97@group-29FE27788325-FollowerState] INFO  impl.FollowerState (FollowerState.java:run(143)) - a55de8bf-208c-4c68-aafe-7443929fbf97@group-29FE27788325-FollowerState was interrupted: {}
java.lang.InterruptedException: sleep interrupted
	at java.lang.Thread.sleep(Native Method)
	at java.lang.Thread.sleep(Thread.java:340)
	at java.util.concurrent.TimeUnit.sleep(TimeUnit.java:386)
	at org.apache.ratis.util.TimeDuration.sleep(TimeDuration.java:324)
	at org.apache.ratis.util.TimeDuration.sleep(TimeDuration.java:309)
	at org.apache.ratis.server.impl.FollowerState.run(FollowerState.java:118)
2021-08-17 01:35:40,721 [Listener at 127.0.0.1/39113] INFO  server.RaftServer$Division (ServerState.java:close(419)) - a55de8bf-208c-4c68-aafe-7443929fbf97@group-29FE27788325: closes. applyIndex: -1
2021-08-17 01:35:40,721 [a55de8bf-208c-4c68-aafe-7443929fbf97@group-29FE27788325-SegmentedRaftLogWorker] INFO  segmented.SegmentedRaftLogWorker (SegmentedRaftLogWorker.java:run(327)) - a55de8bf-208c-4c68-aafe-7443929fbf97@group-29FE27788325-SegmentedRaftLogWorker was interrupted, exiting. There are 0 tasks remaining in the queue.
2021-08-17 01:35:40,721 [Listener at 127.0.0.1/39113] INFO  segmented.SegmentedRaftLogWorker (SegmentedRaftLogWorker.java:close(237)) - a55de8bf-208c-4c68-aafe-7443929fbf97@group-29FE27788325-SegmentedRaftLogWorker close()
2021-08-17 01:35:40,722 [Listener at 127.0.0.1/39113] INFO  server.RaftServer$Division (RaftServerImpl.java:lambda$close$4(407)) - a55de8bf-208c-4c68-aafe-7443929fbf97@group-A501B9769178: shutdown
2021-08-17 01:35:40,723 [Listener at 127.0.0.1/39113] INFO  util.JmxRegister (JmxRegister.java:unregister(73)) - Successfully un-registered JMX Bean with object name Ratis:service=RaftServer,group=group-A501B9769178,id=a55de8bf-208c-4c68-aafe-7443929fbf97
2021-08-17 01:35:40,723 [Listener at 127.0.0.1/39113] INFO  impl.RoleInfo (RoleInfo.java:shutdownLeaderState(91)) - a55de8bf-208c-4c68-aafe-7443929fbf97: shutdown a55de8bf-208c-4c68-aafe-7443929fbf97@group-A501B9769178-LeaderStateImpl
2021-08-17 01:35:40,723 [Listener at 127.0.0.1/39113] INFO  impl.PendingRequests (PendingRequests.java:sendNotLeaderResponses(282)) - a55de8bf-208c-4c68-aafe-7443929fbf97@group-A501B9769178-PendingRequests: sendNotLeaderResponses
2021-08-17 01:35:40,727 [a55de8bf-208c-4c68-aafe-7443929fbf97@group-A501B9769178-StateMachineUpdater] INFO  ratis.ContainerStateMachine (ContainerStateMachine.java:takeSnapshot(293)) - group-A501B9769178: Taking a snapshot at:(t:1, i:0) file /home/runner/work/ozone/ozone/hadoop-ozone/integration-test/target/test-dir/MiniOzoneClusterImpl-792c0480-480e-4b9f-8df8-75fa91581c67/datanode-2/data/ratis/6d50281d-9043-45b3-b579-a501b9769178/sm/snapshot.1_0
2021-08-17 01:35:40,734 [Listener at 127.0.0.1/39113] INFO  impl.StateMachineUpdater (StateMachineUpdater.java:stopAndJoin(149)) - a55de8bf-208c-4c68-aafe-7443929fbf97@group-A501B9769178-StateMachineUpdater: set stopIndex = 0
2021-08-17 01:35:40,734 [a55de8bf-208c-4c68-aafe-7443929fbf97@group-A501B9769178-StateMachineUpdater] INFO  ratis.ContainerStateMachine (ContainerStateMachine.java:takeSnapshot(304)) - group-A501B9769178: Finished taking a snapshot at:(t:1, i:0) file:/home/runner/work/ozone/ozone/hadoop-ozone/integration-test/target/test-dir/MiniOzoneClusterImpl-792c0480-480e-4b9f-8df8-75fa91581c67/datanode-2/data/ratis/6d50281d-9043-45b3-b579-a501b9769178/sm/snapshot.1_0 took: 7 ms
2021-08-17 01:35:40,734 [a55de8bf-208c-4c68-aafe-7443929fbf97@group-A501B9769178-StateMachineUpdater] INFO  impl.StateMachineUpdater (StateMachineUpdater.java:takeSnapshot(281)) - a55de8bf-208c-4c68-aafe-7443929fbf97@group-A501B9769178-StateMachineUpdater: Took a snapshot at index 0
2021-08-17 01:35:40,734 [a55de8bf-208c-4c68-aafe-7443929fbf97@group-A501B9769178-StateMachineUpdater] INFO  impl.StateMachineUpdater (StateMachineUpdater.java:lambda$new$0(89)) - a55de8bf-208c-4c68-aafe-7443929fbf97@group-A501B9769178-StateMachineUpdater: snapshotIndex: updateIncreasingly -1 -> 0
2021-08-17 01:35:40,735 [Listener at 127.0.0.1/39113] INFO  server.RaftServer$Division (ServerState.java:close(419)) - a55de8bf-208c-4c68-aafe-7443929fbf97@group-A501B9769178: closes. applyIndex: 0
2021-08-17 01:35:40,735 [a55de8bf-208c-4c68-aafe-7443929fbf97@group-A501B9769178-SegmentedRaftLogWorker] INFO  segmented.SegmentedRaftLogWorker (SegmentedRaftLogWorker.java:run(327)) - a55de8bf-208c-4c68-aafe-7443929fbf97@group-A501B9769178-SegmentedRaftLogWorker was interrupted, exiting. There are 0 tasks remaining in the queue.
2021-08-17 01:35:40,736 [Listener at 127.0.0.1/39113] INFO  segmented.SegmentedRaftLogWorker (SegmentedRaftLogWorker.java:close(237)) - a55de8bf-208c-4c68-aafe-7443929fbf97@group-A501B9769178-SegmentedRaftLogWorker close()
2021-08-17 01:35:40,766 [Listener at 127.0.0.1/39113] INFO  server.GrpcService (GrpcService.java:closeImpl(262)) - a55de8bf-208c-4c68-aafe-7443929fbf97: shutdown server with port 45995 now
2021-08-17 01:35:40,795 [Listener at 127.0.0.1/39113] INFO  server.GrpcService (GrpcService.java:closeImpl(271)) - a55de8bf-208c-4c68-aafe-7443929fbf97: shutdown server with port 45995 successfully
2021-08-17 01:35:40,810 [org.apache.ratis.util.JvmPauseMonitor$$Lambda$531/132072452@46e9096f] INFO  util.JvmPauseMonitor (JvmPauseMonitor.java:run(109)) - JvmPauseMonitor-a55de8bf-208c-4c68-aafe-7443929fbf97: Stopped
2021-08-17 01:35:40,817 [Listener at 127.0.0.1/39113] INFO  utils.BackgroundService (BackgroundService.java:shutdown(132)) - Shutting down service BlockDeletingService
2021-08-17 01:35:43,835 [Listener at 127.0.0.1/39113] INFO  statemachine.DatanodeStateMachine (DatanodeStateMachine.java:stopDaemon(515)) - Ozone container server stopped.
2021-08-17 01:35:43,836 [Listener at 127.0.0.1/39113] INFO  handler.ContextHandler (ContextHandler.java:doStop(1153)) - Stopped o.e.j.w.WebAppContext@317a9c75{hddsDatanode,/,null,STOPPED}{jar:file:/home/runner/.m2/repository/org/apache/ozone/hdds-container-service/1.2.0-SNAPSHOT/hdds-container-service-1.2.0-SNAPSHOT.jar!/webapps/hddsDatanode}
2021-08-17 01:35:43,838 [Listener at 127.0.0.1/39113] INFO  server.AbstractConnector (AbstractConnector.java:doStop(381)) - Stopped ServerConnector@6b74b8b6{HTTP/1.1, (http/1.1)}{0.0.0.0:0}
2021-08-17 01:35:43,838 [Listener at 127.0.0.1/39113] INFO  server.session (HouseKeeper.java:stopScavenging(149)) - node0 Stopped scavenging
2021-08-17 01:35:43,838 [Listener at 127.0.0.1/39113] INFO  handler.ContextHandler (ContextHandler.java:doStop(1153)) - Stopped o.e.j.s.ServletContextHandler@17cac1bb{static,/static,jar:file:/home/runner/.m2/repository/org/apache/ozone/hdds-container-service/1.2.0-SNAPSHOT/hdds-container-service-1.2.0-SNAPSHOT.jar!/webapps/static,STOPPED}
2021-08-17 01:35:43,839 [Listener at 127.0.0.1/39113] INFO  handler.ContextHandler (ContextHandler.java:doStop(1153)) - Stopped o.e.j.s.ServletContextHandler@5281838c{logs,/logs,file:///home/runner/work/ozone/ozone/hadoop-ozone/integration-test/target/log,STOPPED}
2021-08-17 01:35:43,842 [Listener at 127.0.0.1/39113] INFO  ozone.MiniOzoneClusterImpl (MiniOzoneClusterImpl.java:stopSCM(542)) - Stopping the StorageContainerManager
2021-08-17 01:35:43,842 [Listener at 127.0.0.1/39113] INFO  server.StorageContainerManager (StorageContainerManager.java:stop(1343)) - Stopping Container Balancer service.
2021-08-17 01:35:43,842 [Listener at 127.0.0.1/39113] INFO  balancer.ContainerBalancer (ContainerBalancer.java:stop(720)) - Container Balancer is not running.
2021-08-17 01:35:43,842 [Listener at 127.0.0.1/39113] INFO  server.StorageContainerManager (StorageContainerManager.java:stop(1350)) - Stopping Replication Manager Service.
2021-08-17 01:35:43,842 [Listener at 127.0.0.1/39113] INFO  container.ReplicationManager (ReplicationManager.java:stop(338)) - Stopping Replication Monitor Thread.
2021-08-17 01:35:43,842 [Listener at 127.0.0.1/39113] INFO  server.StorageContainerManager (StorageContainerManager.java:stop(1357)) - Stopping the Datanode Admin Monitor.
2021-08-17 01:35:43,842 [Listener at 127.0.0.1/39113] INFO  server.StorageContainerManager (StorageContainerManager.java:stop(1364)) - Stopping Lease Manager of the command watchers
2021-08-17 01:35:43,843 [Listener at 127.0.0.1/39113] INFO  server.StorageContainerManager (StorageContainerManager.java:stop(1371)) - Stopping datanode service RPC server
2021-08-17 01:35:43,843 [Listener at 127.0.0.1/39113] INFO  server.SCMDatanodeProtocolServer (SCMDatanodeProtocolServer.java:stop(389)) - Stopping the RPC server for DataNodes
2021-08-17 01:35:43,843 [Listener at 127.0.0.1/39113] INFO  ipc.Server (Server.java:stop(3414)) - Stopping server on 43247
2021-08-17 01:35:43,844 [IPC Server listener on 0] INFO  ipc.Server (Server.java:run(1376)) - Stopping IPC Server listener on 0
2021-08-17 01:35:43,859 [IPC Server Responder] INFO  ipc.Server (Server.java:run(1512)) - Stopping IPC Server Responder
2021-08-17 01:35:43,903 [SCM Heartbeat Processing Thread - 0] WARN  node.NodeStateManager (NodeStateManager.java:scheduleNextHealthCheck(799)) - Current Thread is interrupted, shutting down HB processing thread for Node Manager.
2021-08-17 01:35:43,903 [Listener at 127.0.0.1/39113] INFO  server.StorageContainerManager (StorageContainerManager.java:stop(1379)) - Stopping block service RPC server
2021-08-17 01:35:43,903 [Listener at 127.0.0.1/39113] INFO  server.SCMBlockProtocolServer (SCMBlockProtocolServer.java:stop(160)) - Stopping the RPC server for Block Protocol
2021-08-17 01:35:43,903 [Listener at 127.0.0.1/39113] INFO  ipc.Server (Server.java:stop(3414)) - Stopping server on 41921
2021-08-17 01:35:43,910 [IPC Server listener on 0] INFO  ipc.Server (Server.java:run(1376)) - Stopping IPC Server listener on 0
2021-08-17 01:35:43,910 [Listener at 127.0.0.1/39113] INFO  server.StorageContainerManager (StorageContainerManager.java:stop(1386)) - Stopping the StorageContainerLocationProtocol RPC server
2021-08-17 01:35:43,910 [Listener at 127.0.0.1/39113] INFO  server.SCMClientProtocolServer (SCMClientProtocolServer.java:stop(173)) - Stopping the RPC server for Client Protocol
2021-08-17 01:35:43,910 [Listener at 127.0.0.1/39113] INFO  ipc.Server (Server.java:stop(3414)) - Stopping server on 39149
2021-08-17 01:35:43,910 [IPC Server Responder] INFO  ipc.Server (Server.java:run(1512)) - Stopping IPC Server Responder
2021-08-17 01:35:43,915 [Listener at 127.0.0.1/39113] INFO  server.StorageContainerManager (StorageContainerManager.java:stop(1393)) - Stopping Storage Container Manager HTTP server.
2021-08-17 01:35:43,916 [Listener at 127.0.0.1/39113] INFO  handler.ContextHandler (ContextHandler.java:doStop(1153)) - Stopped o.e.j.w.WebAppContext@717de748{scm,/,null,STOPPED}{file:/home/runner/work/ozone/ozone/hadoop-ozone/integration-test/target/test-classes/webapps/scm}
2021-08-17 01:35:43,916 [IPC Server listener on 0] INFO  ipc.Server (Server.java:run(1376)) - Stopping IPC Server listener on 0
2021-08-17 01:35:43,916 [IPC Server Responder] INFO  ipc.Server (Server.java:run(1512)) - Stopping IPC Server Responder
2021-08-17 01:35:43,930 [Listener at 127.0.0.1/39113] INFO  server.AbstractConnector (AbstractConnector.java:doStop(381)) - Stopped ServerConnector@7d0d9d99{HTTP/1.1, (http/1.1)}{0.0.0.0:0}
2021-08-17 01:35:43,930 [Listener at 127.0.0.1/39113] INFO  server.session (HouseKeeper.java:stopScavenging(149)) - node0 Stopped scavenging
2021-08-17 01:35:43,930 [Listener at 127.0.0.1/39113] INFO  handler.ContextHandler (ContextHandler.java:doStop(1153)) - Stopped o.e.j.s.ServletContextHandler@35d90e8{static,/static,file:///home/runner/work/ozone/ozone/hadoop-ozone/integration-test/target/test-classes/webapps/static,STOPPED}
2021-08-17 01:35:43,930 [Listener at 127.0.0.1/39113] INFO  handler.ContextHandler (ContextHandler.java:doStop(1153)) - Stopped o.e.j.s.ServletContextHandler@3588ffb5{logs,/logs,file:///home/runner/work/ozone/ozone/hadoop-ozone/integration-test/target/log,STOPPED}
2021-08-17 01:35:43,936 [Listener at 127.0.0.1/39113] INFO  server.StorageContainerManager (StorageContainerManager.java:stop(1404)) - Stopping Block Manager Service.
2021-08-17 01:35:43,936 [Listener at 127.0.0.1/39113] INFO  utils.BackgroundService (BackgroundService.java:shutdown(132)) - Shutting down service SCMBlockDeletingService
2021-08-17 01:35:43,942 [Listener at 127.0.0.1/39113] INFO  utils.BackgroundService (BackgroundService.java:shutdown(132)) - Shutting down service SCMBlockDeletingService
2021-08-17 01:35:43,942 [Listener at 127.0.0.1/39113] INFO  server.StorageContainerManager (StorageContainerManager.java:stop(1431)) - Stopping SCM Event Queue.
2021-08-17 01:35:43,950 [Listener at 127.0.0.1/39113] INFO  server.StorageContainerManager (StorageContainerManager.java:stop(1442)) - Stopping SCM HA services.
2021-08-17 01:35:43,950 [Listener at 127.0.0.1/39113] INFO  pipeline.BackgroundPipelineCreator (BackgroundPipelineCreatorV2.java:stop(158)) - Stopping RatisPipelineUtilsThread.
2021-08-17 01:35:43,957 [Listener at 127.0.0.1/39113] INFO  server.StorageContainerManager (StorageContainerManager.java:stop(1452)) - Stopping SCM MetadataStore.
2021-08-17 01:35:43,958 [Listener at 127.0.0.1/39113] INFO  impl.MetricsSystemImpl (MetricsSystemImpl.java:stop(210)) - Stopping HddsDatanode metrics system...
2021-08-17 01:35:43,979 [prometheus] INFO  impl.MetricsSinkAdapter (MetricsSinkAdapter.java:publishMetricsFromQueue(141)) - prometheus thread interrupted.
2021-08-17 01:35:43,980 [Listener at 127.0.0.1/39113] INFO  impl.MetricsSystemImpl (MetricsSystemImpl.java:stop(216)) - HddsDatanode metrics system stopped.
]]></system-out>
  </testcase>
</testsuite>